<?xml version="1.0" encoding="UTF-8"?>
<testsuites name="stm" time="753" tests="8" failures="0" errors="0">
   <testsuite name="stm" tests="8" failures="0" errors="0" time="753" timestamp="2019-10-03 08:04:24" hostname="Administrator - 172.30.0.53" id="Test Suites/mobileWeb/stm">
      <properties>
         <property name="deviceName" value=""/>
         <property name="devicePlatform" value=""/>
         <property name="logFolder" value="D:\\Test\\AgileTest\\Reports\\mobileWeb\\stm\\20191003_080058"/>
         <property name="logFiles" value="D:\\Test\\AgileTest\\Reports\\mobileWeb\\stm\\20191003_080058\\execution0.log"/>
         <property name="attachments" value="D:\\Test\\AgileTest\\Reports\\mobileWeb\\stm\\20191003_080058\\../Screenshots/iPhone 6/stm/Slaico/20191003_080427/0.png, D:\\Test\\AgileTest\\Reports\\mobileWeb\\stm\\20191003_080058\\../Screenshots/iPhone 6/stm/Slaico/20191003_080427/1.png, D:\\Test\\AgileTest\\Reports\\mobileWeb\\stm\\20191003_080058\\../Screenshots/iPhone 6/stm/Slaico/20191003_080427/2.png, D:\\Test\\AgileTest\\Reports\\mobileWeb\\stm\\20191003_080058\\../Screenshots/iPhone 6/stm/Slaico/20191003_080427/3.png, D:\\Test\\AgileTest\\Reports\\mobileWeb\\stm\\20191003_080058\\../Screenshots/iPhone 6/stm/Slaico/20191003_080427/4.png, D:\\Test\\AgileTest\\Reports\\mobileWeb\\stm\\20191003_080058\\../Screenshots/iPhone 6/stm/Slaico/20191003_080427/5.png, D:\\Test\\AgileTest\\Reports\\mobileWeb\\stm\\20191003_080058\\../Screenshots/iPhone 6/stm/Slaico/20191003_080427/6.png, D:\\Test\\AgileTest\\Reports\\mobileWeb\\stm\\20191003_080058\\1570104340858.png, D:\\Test\\AgileTest\\Reports\\mobileWeb\\stm\\20191003_080058\\../Screenshots/iPhone 6/stm/Slaico/20191003_080427/7.png, D:\\Test\\AgileTest\\Reports\\mobileWeb\\stm\\20191003_080058\\../Screenshots/iPhone 6/stm/Slaico/20191003_080427/8.png, D:\\Test\\AgileTest\\Reports\\mobileWeb\\stm\\20191003_080058\\../Screenshots/iPhone 6/stm/Slaico/20191003_080427/9.png, D:\\Test\\AgileTest\\Reports\\mobileWeb\\stm\\20191003_080058\\../Screenshots/iPhone 6/stm/Slaico/20191003_080427/10.png, D:\\Test\\AgileTest\\Reports\\mobileWeb\\stm\\20191003_080058\\../Screenshots/iPhone 6/stm/AdvantHealth/20191003_080639/0.png, D:\\Test\\AgileTest\\Reports\\mobileWeb\\stm\\20191003_080058\\../Screenshots/iPhone 6/stm/AdvantHealth/20191003_080639/1.png, D:\\Test\\AgileTest\\Reports\\mobileWeb\\stm\\20191003_080058\\../Screenshots/iPhone 6/stm/AdvantHealth/20191003_080639/2.png, D:\\Test\\AgileTest\\Reports\\mobileWeb\\stm\\20191003_080058\\../Screenshots/iPhone 6/stm/AdvantHealth/20191003_080639/3.png, D:\\Test\\AgileTest\\Reports\\mobileWeb\\stm\\20191003_080058\\../Screenshots/iPhone 6/stm/AdvantHealth/20191003_080639/4.png, D:\\Test\\AgileTest\\Reports\\mobileWeb\\stm\\20191003_080058\\../Screenshots/iPhone 6/stm/AdvantHealth/20191003_080639/5.png, D:\\Test\\AgileTest\\Reports\\mobileWeb\\stm\\20191003_080058\\../Screenshots/iPhone 6/stm/AdvantHealth/20191003_080639/6.png, D:\\Test\\AgileTest\\Reports\\mobileWeb\\stm\\20191003_080058\\../Screenshots/iPhone 6/stm/AdvantHealth/20191003_080639/7.png, D:\\Test\\AgileTest\\Reports\\mobileWeb\\stm\\20191003_080058\\../Screenshots/iPhone 6/stm/AdvantHealth/20191003_080639/8.png, D:\\Test\\AgileTest\\Reports\\mobileWeb\\stm\\20191003_080058\\../Screenshots/iPhone 6/stm/AdvantHealth/20191003_080639/9.png, D:\\Test\\AgileTest\\Reports\\mobileWeb\\stm\\20191003_080058\\../Screenshots/iPhone 6/stm/AdvantHealth/20191003_080639/10.png, D:\\Test\\AgileTest\\Reports\\mobileWeb\\stm\\20191003_080058\\../Screenshots/iPhone 6/stm/AdvantHealth/20191003_080639/11.png, D:\\Test\\AgileTest\\Reports\\mobileWeb\\stm\\20191003_080058\\../Screenshots/iPhone 6/stm/Companion/20191003_080826/0.png, D:\\Test\\AgileTest\\Reports\\mobileWeb\\stm\\20191003_080058\\../Screenshots/iPhone 6/stm/Companion/20191003_080826/1.png, D:\\Test\\AgileTest\\Reports\\mobileWeb\\stm\\20191003_080058\\../Screenshots/iPhone 6/stm/Companion/20191003_080826/2.png, D:\\Test\\AgileTest\\Reports\\mobileWeb\\stm\\20191003_080058\\../Screenshots/iPhone 6/stm/Companion/20191003_080826/3.png, D:\\Test\\AgileTest\\Reports\\mobileWeb\\stm\\20191003_080058\\../Screenshots/iPhone 6/stm/Companion/20191003_080826/4.png, D:\\Test\\AgileTest\\Reports\\mobileWeb\\stm\\20191003_080058\\../Screenshots/iPhone 6/stm/Companion/20191003_080826/5.png, D:\\Test\\AgileTest\\Reports\\mobileWeb\\stm\\20191003_080058\\../Screenshots/iPhone 6/stm/Companion/20191003_080826/6.png, D:\\Test\\AgileTest\\Reports\\mobileWeb\\stm\\20191003_080058\\1570104552172.png, D:\\Test\\AgileTest\\Reports\\mobileWeb\\stm\\20191003_080058\\../Screenshots/iPhone 6/stm/Companion/20191003_080826/7.png, D:\\Test\\AgileTest\\Reports\\mobileWeb\\stm\\20191003_080058\\../Screenshots/iPhone 6/stm/Companion/20191003_080826/8.png, D:\\Test\\AgileTest\\Reports\\mobileWeb\\stm\\20191003_080058\\../Screenshots/iPhone 6/stm/Companion/20191003_080826/9.png, D:\\Test\\AgileTest\\Reports\\mobileWeb\\stm\\20191003_080058\\../Screenshots/iPhone 6/stm/Companion/20191003_080826/10.png, D:\\Test\\AgileTest\\Reports\\mobileWeb\\stm\\20191003_080058\\../Screenshots/iPhone 6/stm/Everest/20191003_081008/0.png, D:\\Test\\AgileTest\\Reports\\mobileWeb\\stm\\20191003_080058\\../Screenshots/iPhone 6/stm/Everest/20191003_081008/1.png, D:\\Test\\AgileTest\\Reports\\mobileWeb\\stm\\20191003_080058\\../Screenshots/iPhone 6/stm/Everest/20191003_081008/2.png, D:\\Test\\AgileTest\\Reports\\mobileWeb\\stm\\20191003_080058\\../Screenshots/iPhone 6/stm/Everest/20191003_081008/3.png, D:\\Test\\AgileTest\\Reports\\mobileWeb\\stm\\20191003_080058\\../Screenshots/iPhone 6/stm/Everest/20191003_081008/4.png, D:\\Test\\AgileTest\\Reports\\mobileWeb\\stm\\20191003_080058\\../Screenshots/iPhone 6/stm/Everest/20191003_081008/5.png, D:\\Test\\AgileTest\\Reports\\mobileWeb\\stm\\20191003_080058\\../Screenshots/iPhone 6/stm/Everest/20191003_081008/6.png, D:\\Test\\AgileTest\\Reports\\mobileWeb\\stm\\20191003_080058\\1570104645085.png, D:\\Test\\AgileTest\\Reports\\mobileWeb\\stm\\20191003_080058\\../Screenshots/iPhone 6/stm/Everest/20191003_081008/7.png, D:\\Test\\AgileTest\\Reports\\mobileWeb\\stm\\20191003_080058\\../Screenshots/iPhone 6/stm/Everest/20191003_081008/8.png, D:\\Test\\AgileTest\\Reports\\mobileWeb\\stm\\20191003_080058\\../Screenshots/iPhone 6/stm/Everest/20191003_081008/9.png, D:\\Test\\AgileTest\\Reports\\mobileWeb\\stm\\20191003_080058\\../Screenshots/iPhone 6/stm/Everest/20191003_081008/10.png, D:\\Test\\AgileTest\\Reports\\mobileWeb\\stm\\20191003_080058\\../Screenshots/iPhone 6/stm/Everest Prime/20191003_081131/0.png, D:\\Test\\AgileTest\\Reports\\mobileWeb\\stm\\20191003_080058\\../Screenshots/iPhone 6/stm/Everest Prime/20191003_081131/1.png, D:\\Test\\AgileTest\\Reports\\mobileWeb\\stm\\20191003_080058\\../Screenshots/iPhone 6/stm/Everest Prime/20191003_081131/2.png, D:\\Test\\AgileTest\\Reports\\mobileWeb\\stm\\20191003_080058\\../Screenshots/iPhone 6/stm/Everest Prime/20191003_081131/3.png, D:\\Test\\AgileTest\\Reports\\mobileWeb\\stm\\20191003_080058\\../Screenshots/iPhone 6/stm/Everest Prime/20191003_081131/4.png, D:\\Test\\AgileTest\\Reports\\mobileWeb\\stm\\20191003_080058\\../Screenshots/iPhone 6/stm/Everest Prime/20191003_081131/5.png, D:\\Test\\AgileTest\\Reports\\mobileWeb\\stm\\20191003_080058\\../Screenshots/iPhone 6/stm/Everest Prime/20191003_081131/6.png, D:\\Test\\AgileTest\\Reports\\mobileWeb\\stm\\20191003_080058\\1570104727386.png, D:\\Test\\AgileTest\\Reports\\mobileWeb\\stm\\20191003_080058\\../Screenshots/iPhone 6/stm/Everest Prime/20191003_081131/7.png, D:\\Test\\AgileTest\\Reports\\mobileWeb\\stm\\20191003_080058\\../Screenshots/iPhone 6/stm/Everest Prime/20191003_081131/8.png, D:\\Test\\AgileTest\\Reports\\mobileWeb\\stm\\20191003_080058\\../Screenshots/iPhone 6/stm/Everest Prime/20191003_081131/9.png, D:\\Test\\AgileTest\\Reports\\mobileWeb\\stm\\20191003_080058\\../Screenshots/iPhone 6/stm/Everest Prime/20191003_081131/10.png, D:\\Test\\AgileTest\\Reports\\mobileWeb\\stm\\20191003_080058\\../Screenshots/iPhone 6/stm/LifeShield/20191003_081253/0.png, D:\\Test\\AgileTest\\Reports\\mobileWeb\\stm\\20191003_080058\\../Screenshots/iPhone 6/stm/LifeShield/20191003_081253/1.png, D:\\Test\\AgileTest\\Reports\\mobileWeb\\stm\\20191003_080058\\../Screenshots/iPhone 6/stm/LifeShield/20191003_081253/2.png, D:\\Test\\AgileTest\\Reports\\mobileWeb\\stm\\20191003_080058\\../Screenshots/iPhone 6/stm/LifeShield/20191003_081253/3.png, D:\\Test\\AgileTest\\Reports\\mobileWeb\\stm\\20191003_080058\\../Screenshots/iPhone 6/stm/LifeShield/20191003_081253/4.png, D:\\Test\\AgileTest\\Reports\\mobileWeb\\stm\\20191003_080058\\../Screenshots/iPhone 6/stm/LifeShield/20191003_081253/5.png, D:\\Test\\AgileTest\\Reports\\mobileWeb\\stm\\20191003_080058\\../Screenshots/iPhone 6/stm/LifeShield/20191003_081253/6.png, D:\\Test\\AgileTest\\Reports\\mobileWeb\\stm\\20191003_080058\\1570104807853.png, D:\\Test\\AgileTest\\Reports\\mobileWeb\\stm\\20191003_080058\\../Screenshots/iPhone 6/stm/LifeShield/20191003_081253/7.png, D:\\Test\\AgileTest\\Reports\\mobileWeb\\stm\\20191003_080058\\../Screenshots/iPhone 6/stm/LifeShield/20191003_081253/8.png, D:\\Test\\AgileTest\\Reports\\mobileWeb\\stm\\20191003_080058\\../Screenshots/iPhone 6/stm/LifeShield/20191003_081253/9.png, D:\\Test\\AgileTest\\Reports\\mobileWeb\\stm\\20191003_080058\\../Screenshots/iPhone 6/stm/LifeShield/20191003_081253/10.png, D:\\Test\\AgileTest\\Reports\\mobileWeb\\stm\\20191003_080058\\../Screenshots/iPhone 6/stm/National General/20191003_081414/0.png, D:\\Test\\AgileTest\\Reports\\mobileWeb\\stm\\20191003_080058\\../Screenshots/iPhone 6/stm/National General/20191003_081414/1.png, D:\\Test\\AgileTest\\Reports\\mobileWeb\\stm\\20191003_080058\\../Screenshots/iPhone 6/stm/National General/20191003_081414/2.png, D:\\Test\\AgileTest\\Reports\\mobileWeb\\stm\\20191003_080058\\../Screenshots/iPhone 6/stm/National General/20191003_081414/3.png, D:\\Test\\AgileTest\\Reports\\mobileWeb\\stm\\20191003_080058\\../Screenshots/iPhone 6/stm/National General/20191003_081414/4.png, D:\\Test\\AgileTest\\Reports\\mobileWeb\\stm\\20191003_080058\\../Screenshots/iPhone 6/stm/National General/20191003_081414/5.png, D:\\Test\\AgileTest\\Reports\\mobileWeb\\stm\\20191003_080058\\../Screenshots/iPhone 6/stm/National General/20191003_081414/6.png, D:\\Test\\AgileTest\\Reports\\mobileWeb\\stm\\20191003_080058\\../Screenshots/iPhone 6/stm/National General/20191003_081414/7.png, D:\\Test\\AgileTest\\Reports\\mobileWeb\\stm\\20191003_080058\\../Screenshots/iPhone 6/stm/National General/20191003_081414/8.png, D:\\Test\\AgileTest\\Reports\\mobileWeb\\stm\\20191003_080058\\../Screenshots/iPhone 6/stm/National General/20191003_081414/9.png, D:\\Test\\AgileTest\\Reports\\mobileWeb\\stm\\20191003_080058\\../Screenshots/iPhone 6/stm/National General/20191003_081414/10.png, D:\\Test\\AgileTest\\Reports\\mobileWeb\\stm\\20191003_080058\\../Screenshots/iPhone 6/stm/National General/20191003_081414/11.png, D:\\Test\\AgileTest\\Reports\\mobileWeb\\stm\\20191003_080058\\../Screenshots/iPhone 6/stm/Aspen/20191003_081539/0.png, D:\\Test\\AgileTest\\Reports\\mobileWeb\\stm\\20191003_080058\\../Screenshots/iPhone 6/stm/Aspen/20191003_081539/1.png, D:\\Test\\AgileTest\\Reports\\mobileWeb\\stm\\20191003_080058\\../Screenshots/iPhone 6/stm/Aspen/20191003_081539/2.png, D:\\Test\\AgileTest\\Reports\\mobileWeb\\stm\\20191003_080058\\../Screenshots/iPhone 6/stm/Aspen/20191003_081539/3.png, D:\\Test\\AgileTest\\Reports\\mobileWeb\\stm\\20191003_080058\\../Screenshots/iPhone 6/stm/Aspen/20191003_081539/4.png, D:\\Test\\AgileTest\\Reports\\mobileWeb\\stm\\20191003_080058\\../Screenshots/iPhone 6/stm/Aspen/20191003_081539/5.png, D:\\Test\\AgileTest\\Reports\\mobileWeb\\stm\\20191003_080058\\../Screenshots/iPhone 6/stm/Aspen/20191003_081539/6.png, D:\\Test\\AgileTest\\Reports\\mobileWeb\\stm\\20191003_080058\\1570104971623.png, D:\\Test\\AgileTest\\Reports\\mobileWeb\\stm\\20191003_080058\\../Screenshots/iPhone 6/stm/Aspen/20191003_081539/7.png, D:\\Test\\AgileTest\\Reports\\mobileWeb\\stm\\20191003_080058\\../Screenshots/iPhone 6/stm/Aspen/20191003_081539/8.png, D:\\Test\\AgileTest\\Reports\\mobileWeb\\stm\\20191003_080058\\../Screenshots/iPhone 6/stm/Aspen/20191003_081539/9.png, D:\\Test\\AgileTest\\Reports\\mobileWeb\\stm\\20191003_080058\\../Screenshots/iPhone 6/stm/Aspen/20191003_081539/10.png"/>
         <property name="hostName" value="Administrator - 172.30.0.53"/>
         <property name="os" value="Windows Server 2012 R2 64bit"/>
         <property name="katalonVersion" value="5.10.1.1"/>
         <property name="browser" value="Safari 11"/>
         <property name="hostAddress" value="172.30.0.53"/>
         <property name="sessionId" value="362a9490a39f4707d0f1529c5e5e4464"/>
         <property name="seleniumVersion" value="3.7.1"/>
         <property name="proxyInformation" value="ProxyInformation{proxyOption=NO_PROXY, proxyServerType=HTTP, password=, proxyServerAddress=, proxyServerPort=0}"/>
         <property name="platform" value="Windows Server 2012 R2"/>
      </properties>
      <testcase name="Test Cases/mobileWeb/stm/Slaico" classname="Test Cases/mobileWeb/stm/Slaico" status="PASSED">
         <system-out><![CDATA[2019-10-03 08:04:25 - [TEST_CASE][PASSED] - Test Cases/mobileWeb/stm/Slaico: Test Cases/mobileWeb/stm/Slaico

2019-10-03 08:04:26 - [TEST_STEP][PASSED] - callTestCase(findTestCase("mobileWeb/_include/get_screenPath"), ["productLine":"stm", "carrierName":"Slaico"], CONTINUE_ON_FAILURE): Call Test Case 'Test Cases/mobileWeb/_include/get_screenPath' successfully

2019-10-03 08:04:26 - [TEST_CASE][PASSED] - Test Cases/mobileWeb/_include/get_screenPath: Test Cases/mobileWeb/_include/get_screenPath

2019-10-03 08:04:26 - [TEST_STEP][PASSED] - m = getExecutionProperties(): null

2019-10-03 08:04:26 - [TEST_STEP][PASSED] - deviceName = get("mobileEmulation").get("deviceName"): null

2019-10-03 08:04:26 - [TEST_STEP][PASSED] - println(deviceName): null

2019-10-03 08:04:27 - [TEST_STEP][PASSED] - now = new java.util.Date(): null

2019-10-03 08:04:27 - [TEST_STEP][PASSED] - mydate = now.format("yyyyMMdd_HHmmss"): null

2019-10-03 08:04:27 - [TEST_STEP][PASSED] - screenPath = "../Screenshots/": null

2019-10-03 08:04:27 - [TEST_STEP][PASSED] - screenPath = screenPath + deviceName + "/" + productLine + "/" + carrierName + "/" + mydate + "/": null

2019-10-03 08:04:27 - [TEST_STEP][PASSED] - println(screenPath): null

2019-10-03 08:04:27 - [MESSAGE][PASSED] - Call Test Case 'Test Cases/mobileWeb/_include/get_screenPath' successfully

2019-10-03 08:04:27 - [TEST_STEP][PASSED] - i = 0: null

2019-10-03 08:04:27 - [TEST_STEP][PASSED] - callTestCase(findTestCase("mobileWeb/_include/openWebSite"), [:], STOP_ON_FAILURE): Call Test Case 'Test Cases/mobileWeb/_include/openWebSite' successfully

2019-10-03 08:04:27 - [TEST_CASE][PASSED] - Test Cases/mobileWeb/_include/openWebSite: Test Cases/mobileWeb/_include/openWebSite

2019-10-03 08:04:27 - [TEST_STEP][PASSED] - openBrowser(env): Browser is opened with url: 'https://praetemptatus.agilehealthinsurance.com'

2019-10-03 08:04:27 - [MESSAGE][INFO] - Starting 'Chrome' driver

2019-10-03 08:04:27 - [MESSAGE][INFO] - User set preference: ['mobileEmulation', '{deviceName=iPhone 6}']

2019-10-03 08:04:27 - [MESSAGE][INFO] - User set preference: ['args', '[--incognito, --aggressive-cache-discard, --window-size=375,677, --no-sandbox]']

2019-10-03 08:04:27 - [MESSAGE][INFO] - Action delay is set to 0 seconds

2019-10-03 08:04:35 - [MESSAGE][PASSED] - Browser is opened with url: 'https://praetemptatus.agilehealthinsurance.com'

2019-10-03 08:04:37 - [TEST_STEP][PASSED] - waitForPageLoad(20): Wait for page load successfully

2019-10-03 08:04:38 - [MESSAGE][PASSED] - Wait for page load successfully

2019-10-03 08:04:38 - [TEST_STEP][PASSED] - Thread.sleep(2000): null

2019-10-03 08:04:41 - [TEST_STEP][PASSED] - callTestCase(findTestCase("mobileWeb/_include/get_screenshot"), [:], STOP_ON_FAILURE): Call Test Case 'Test Cases/mobileWeb/_include/get_screenshot' successfully

2019-10-03 08:04:42 - [TEST_CASE][PASSED] - Test Cases/mobileWeb/_include/get_screenshot: Test Cases/mobileWeb/_include/get_screenshot

2019-10-03 08:04:47 - [TEST_STEP][PASSED] - takeScreenshot(screenPath + i + ".png"): Taking screenshot successfully

2019-10-03 08:04:49 - [MESSAGE][PASSED] - Taking screenshot successfully
[[ATTACHMENT|D:\\Test\\AgileTest\\Reports\\mobileWeb\\stm\\20191003_080058\\../Screenshots/iPhone 6/stm/Slaico/20191003_080427/0.png]]

2019-10-03 08:04:49 - [TEST_STEP][PASSED] - (internal.GlobalVariable.i++): null

2019-10-03 08:04:49 - [MESSAGE][PASSED] - Call Test Case 'Test Cases/mobileWeb/_include/get_screenshot' successfully

2019-10-03 08:04:49 - [MESSAGE][PASSED] - Call Test Case 'Test Cases/mobileWeb/_include/openWebSite' successfully

2019-10-03 08:04:49 - [TEST_STEP][PASSED] - callTestCase(findTestCase("mobileWeb/_include/census_stm"), ["zipcode":"60602"], STOP_ON_FAILURE): Call Test Case 'Test Cases/mobileWeb/_include/census_stm' successfully

2019-10-03 08:04:49 - [TEST_CASE][PASSED] - Test Cases/mobileWeb/_include/census_stm: Test Cases/mobileWeb/_include/census_stm

2019-10-03 08:04:51 - [TEST_STEP][PASSED] - waitForElementClickable(findTestObject("mobileSanity/STM/Home Page/a_Quote  Save Today"), 10): Object 'Object Repository/mobileSanity/STM/Home Page/a_Quote  Save Today' is clickable

2019-10-03 08:04:51 - [MESSAGE][PASSED] - Object 'Object Repository/mobileSanity/STM/Home Page/a_Quote  Save Today' is clickable

2019-10-03 08:04:51 - [TEST_STEP][PASSED] - click(findTestObject("mobileSanity/STM/Home Page/a_Quote  Save Today")): Object: 'Object Repository/mobileSanity/STM/Home Page/a_Quote  Save Today' is clicked on

2019-10-03 08:04:52 - [MESSAGE][PASSED] - Object: 'Object Repository/mobileSanity/STM/Home Page/a_Quote  Save Today' is clicked on

2019-10-03 08:04:52 - [TEST_STEP][PASSED] - waitForPageLoad(10): Wait for page load successfully

2019-10-03 08:04:52 - [MESSAGE][PASSED] - Wait for page load successfully

2019-10-03 08:04:52 - [TEST_STEP][PASSED] - callTestCase(findTestCase("mobileWeb/_include/get_screenshot"), [:], STOP_ON_FAILURE): Call Test Case 'Test Cases/mobileWeb/_include/get_screenshot' successfully

2019-10-03 08:04:53 - [TEST_CASE][PASSED] - Test Cases/mobileWeb/_include/get_screenshot: Test Cases/mobileWeb/_include/get_screenshot

2019-10-03 08:04:54 - [TEST_STEP][PASSED] - takeScreenshot(screenPath + i + ".png"): Taking screenshot successfully

2019-10-03 08:04:54 - [MESSAGE][PASSED] - Taking screenshot successfully
[[ATTACHMENT|D:\\Test\\AgileTest\\Reports\\mobileWeb\\stm\\20191003_080058\\../Screenshots/iPhone 6/stm/Slaico/20191003_080427/1.png]]

2019-10-03 08:04:54 - [TEST_STEP][PASSED] - (internal.GlobalVariable.i++): null

2019-10-03 08:04:54 - [MESSAGE][PASSED] - Call Test Case 'Test Cases/mobileWeb/_include/get_screenshot' successfully

2019-10-03 08:04:54 - [TEST_STEP][PASSED] - setText(findTestObject("mobileSanity/STM/STM Census Page/input_Location_zip-input"), zipcode): Text '60602' is set on object 'Object Repository/mobileSanity/STM/STM Census Page/input_Location_zip-input'

2019-10-03 08:04:55 - [MESSAGE][PASSED] - Text '60602' is set on object 'Object Repository/mobileSanity/STM/STM Census Page/input_Location_zip-input'

2019-10-03 08:04:55 - [TEST_STEP][PASSED] - Thread.sleep(500): null

2019-10-03 08:04:55 - [TEST_STEP][PASSED] - setText(findTestObject("mobileSanity/STM/STM Census Page/input_Date of Birth_dob-0"), "03031987"): Text '03031987' is set on object 'Object Repository/mobileSanity/STM/STM Census Page/input_Date of Birth_dob-0'

2019-10-03 08:04:55 - [MESSAGE][PASSED] - Text '03031987' is set on object 'Object Repository/mobileSanity/STM/STM Census Page/input_Date of Birth_dob-0'

2019-10-03 08:04:55 - [TEST_STEP][PASSED] - click(findTestObject("mobileSanity/STM/STM Census Page/label_Male")): Object: 'Object Repository/mobileSanity/STM/STM Census Page/label_Male' is clicked on

2019-10-03 08:04:55 - [MESSAGE][PASSED] - Object: 'Object Repository/mobileSanity/STM/STM Census Page/label_Male' is clicked on

2019-10-03 08:04:55 - [TEST_STEP][PASSED] - click(findTestObject("mobileSanity/STM/STM Census Page/label_Compare Plans")): Object: 'Object Repository/mobileSanity/STM/STM Census Page/label_Compare Plans' is clicked on

2019-10-03 08:04:57 - [MESSAGE][PASSED] - Object: 'Object Repository/mobileSanity/STM/STM Census Page/label_Compare Plans' is clicked on

2019-10-03 08:04:57 - [TEST_STEP][PASSED] - waitForElementVisible(findTestObject("mobileSanity/STM/STM Quote Page/button_sort"), 20): Object 'Object Repository/mobileSanity/STM/STM Quote Page/button_sort' is visible

2019-10-03 08:04:58 - [MESSAGE][PASSED] - Object 'Object Repository/mobileSanity/STM/STM Quote Page/button_sort' is visible

2019-10-03 08:04:58 - [TEST_STEP][PASSED] - Thread.sleep(3000): null

2019-10-03 08:05:01 - [TEST_STEP][PASSED] - callTestCase(findTestCase("mobileWeb/_include/get_screenshot"), [:], STOP_ON_FAILURE): Call Test Case 'Test Cases/mobileWeb/_include/get_screenshot' successfully

2019-10-03 08:05:01 - [TEST_CASE][PASSED] - Test Cases/mobileWeb/_include/get_screenshot: Test Cases/mobileWeb/_include/get_screenshot

2019-10-03 08:05:01 - [TEST_STEP][PASSED] - takeScreenshot(screenPath + i + ".png"): Taking screenshot successfully

2019-10-03 08:05:02 - [MESSAGE][PASSED] - Taking screenshot successfully
[[ATTACHMENT|D:\\Test\\AgileTest\\Reports\\mobileWeb\\stm\\20191003_080058\\../Screenshots/iPhone 6/stm/Slaico/20191003_080427/2.png]]

2019-10-03 08:05:02 - [TEST_STEP][PASSED] - (internal.GlobalVariable.i++): null

2019-10-03 08:05:02 - [MESSAGE][PASSED] - Call Test Case 'Test Cases/mobileWeb/_include/get_screenshot' successfully

2019-10-03 08:05:02 - [TEST_STEP][PASSED] - Thread.sleep(1000): null

2019-10-03 08:05:03 - [MESSAGE][PASSED] - Call Test Case 'Test Cases/mobileWeb/_include/census_stm' successfully

2019-10-03 08:05:03 - [TEST_STEP][PASSED] - callTestCase(findTestCase("mobileWeb/_include/filter_stm"), ["carrier":"slaico"], STOP_ON_FAILURE): Call Test Case 'Test Cases/mobileWeb/_include/filter_stm' successfully

2019-10-03 08:05:03 - [TEST_CASE][PASSED] - Test Cases/mobileWeb/_include/filter_stm: Test Cases/mobileWeb/_include/filter_stm

2019-10-03 08:05:05 - [TEST_STEP][PASSED] - driver = getWebDriver(): null

2019-10-03 08:05:05 - [TEST_STEP][PASSED] - selenium = new com.thoughtworks.selenium.webdriven.WebDriverBackedSelenium(driver, internal.GlobalVariable.ENV): null

2019-10-03 08:05:07 - [TEST_STEP][PASSED] - Thread.sleep(1000): null

2019-10-03 08:05:08 - [TEST_STEP][PASSED] - click(findTestObject("mobileSanity/STM/STM Quote Page/button_filters")): Object: 'Object Repository/mobileSanity/STM/STM Quote Page/button_filters' is clicked on

2019-10-03 08:05:09 - [MESSAGE][PASSED] - Object: 'Object Repository/mobileSanity/STM/STM Quote Page/button_filters' is clicked on

2019-10-03 08:05:09 - [TEST_STEP][PASSED] - Thread.sleep(1000): null

2019-10-03 08:05:10 - [TEST_STEP][PASSED] - click(findTestObject("mobileSanity/STM/STM Quote Page/i_Insurance company")): Object: 'Object Repository/mobileSanity/STM/STM Quote Page/i_Insurance company' is clicked on

2019-10-03 08:05:10 - [MESSAGE][PASSED] - Object: 'Object Repository/mobileSanity/STM/STM Quote Page/i_Insurance company' is clicked on

2019-10-03 08:05:11 - [TEST_STEP][PASSED] - Thread.sleep(1000): null

2019-10-03 08:05:12 - [TEST_STEP][PASSED] - filter_carrier = "//input[@name='filter[carrier]' and @value='" + carrier + "']/following::label": null

2019-10-03 08:05:12 - [TEST_STEP][PASSED] - println(filter_carrier): null

2019-10-03 08:05:12 - [TEST_STEP][PASSED] - test.MobileKeywords.clickJS_ByXpath(filter_carrier): test.MobileKeywords.clickJS_ByXpath is PASSED

2019-10-03 08:05:12 - [MESSAGE][PASSED] - Execute JavaScript 'arguments[0].click()' successfully

2019-10-03 08:05:12 - [MESSAGE][PASSED] - test.MobileKeywords.clickJS_ByXpath is PASSED

2019-10-03 08:05:12 - [TEST_STEP][PASSED] - Thread.sleep(1000): null

2019-10-03 08:05:13 - [TEST_STEP][PASSED] - scrollToElement(findTestObject("mobileSanity/STM/STM Quote Page/a_Show Plans"), 1000): Scroll to object 'Object Repository/mobileSanity/STM/STM Quote Page/a_Show Plans' successfully

2019-10-03 08:05:13 - [MESSAGE][PASSED] - Scroll to object 'Object Repository/mobileSanity/STM/STM Quote Page/a_Show Plans' successfully

2019-10-03 08:05:13 - [TEST_STEP][PASSED] - click(findTestObject("mobileSanity/STM/STM Quote Page/a_Show Plans")): Object: 'Object Repository/mobileSanity/STM/STM Quote Page/a_Show Plans' is clicked on

2019-10-03 08:05:14 - [MESSAGE][PASSED] - Object: 'Object Repository/mobileSanity/STM/STM Quote Page/a_Show Plans' is clicked on

2019-10-03 08:05:14 - [TEST_STEP][PASSED] - waitForJQueryLoad(20, STOP_ON_FAILURE): jQuery is ready.

2019-10-03 08:05:14 - [MESSAGE][PASSED] - jQuery is ready.

2019-10-03 08:05:14 - [TEST_STEP][PASSED] - Thread.sleep(2000): null

2019-10-03 08:05:16 - [TEST_STEP][PASSED] - callTestCase(findTestCase("mobileWeb/_include/get_screenshot"), [:], STOP_ON_FAILURE): Call Test Case 'Test Cases/mobileWeb/_include/get_screenshot' successfully

2019-10-03 08:05:16 - [TEST_CASE][PASSED] - Test Cases/mobileWeb/_include/get_screenshot: Test Cases/mobileWeb/_include/get_screenshot

2019-10-03 08:05:16 - [TEST_STEP][PASSED] - takeScreenshot(screenPath + i + ".png"): Taking screenshot successfully

2019-10-03 08:05:17 - [MESSAGE][PASSED] - Taking screenshot successfully
[[ATTACHMENT|D:\\Test\\AgileTest\\Reports\\mobileWeb\\stm\\20191003_080058\\../Screenshots/iPhone 6/stm/Slaico/20191003_080427/3.png]]

2019-10-03 08:05:17 - [TEST_STEP][PASSED] - (internal.GlobalVariable.i++): null

2019-10-03 08:05:17 - [MESSAGE][PASSED] - Call Test Case 'Test Cases/mobileWeb/_include/get_screenshot' successfully

2019-10-03 08:05:17 - [MESSAGE][PASSED] - Call Test Case 'Test Cases/mobileWeb/_include/filter_stm' successfully

2019-10-03 08:05:17 - [TEST_STEP][PASSED] - callTestCase(findTestCase("mobileWeb/_include/goToDetail_stm"), ["carrier":"slaico"], STOP_ON_FAILURE): Call Test Case 'Test Cases/mobileWeb/_include/goToDetail_stm' successfully

2019-10-03 08:05:17 - [TEST_CASE][PASSED] - Test Cases/mobileWeb/_include/goToDetail_stm: Test Cases/mobileWeb/_include/goToDetail_stm

2019-10-03 08:05:19 - [TEST_STEP][PASSED] - driver = getWebDriver(): null

2019-10-03 08:05:19 - [TEST_STEP][PASSED] - selenium = new com.thoughtworks.selenium.webdriven.WebDriverBackedSelenium(driver, internal.GlobalVariable.ENV): null

2019-10-03 08:05:20 - [TEST_STEP][PASSED] - a_plan_name = "xpath=//a[contains(@href,'/term-health-insurance/plan/" + carrier + "')]": null

2019-10-03 08:05:20 - [TEST_STEP][PASSED] - println(a_plan_name): null

2019-10-03 08:05:20 - [TEST_STEP][PASSED] - selenium.click(a_plan_name): null

2019-10-03 08:05:22 - [TEST_STEP][PASSED] - waitForPageLoad(20): Wait for page load successfully

2019-10-03 08:05:22 - [MESSAGE][PASSED] - Wait for page load successfully

2019-10-03 08:05:22 - [TEST_STEP][PASSED] - Thread.sleep(2000): null

2019-10-03 08:05:24 - [TEST_STEP][PASSED] - callTestCase(findTestCase("mobileWeb/_include/get_screenshot"), [:], STOP_ON_FAILURE): Call Test Case 'Test Cases/mobileWeb/_include/get_screenshot' successfully

2019-10-03 08:05:24 - [TEST_CASE][PASSED] - Test Cases/mobileWeb/_include/get_screenshot: Test Cases/mobileWeb/_include/get_screenshot

2019-10-03 08:05:24 - [TEST_STEP][PASSED] - takeScreenshot(screenPath + i + ".png"): Taking screenshot successfully

2019-10-03 08:05:24 - [MESSAGE][PASSED] - Taking screenshot successfully
[[ATTACHMENT|D:\\Test\\AgileTest\\Reports\\mobileWeb\\stm\\20191003_080058\\../Screenshots/iPhone 6/stm/Slaico/20191003_080427/4.png]]

2019-10-03 08:05:24 - [TEST_STEP][PASSED] - (internal.GlobalVariable.i++): null

2019-10-03 08:05:24 - [MESSAGE][PASSED] - Call Test Case 'Test Cases/mobileWeb/_include/get_screenshot' successfully

2019-10-03 08:05:24 - [MESSAGE][PASSED] - Call Test Case 'Test Cases/mobileWeb/_include/goToDetail_stm' successfully

2019-10-03 08:05:24 - [TEST_STEP][PASSED] - callTestCase(findTestCase("mobileWeb/_include/apply_stm"), [:], STOP_ON_FAILURE): Call Test Case 'Test Cases/mobileWeb/_include/apply_stm' successfully

2019-10-03 08:05:25 - [TEST_CASE][PASSED] - Test Cases/mobileWeb/_include/apply_stm: Test Cases/mobileWeb/_include/apply_stm

2019-10-03 08:05:26 - [TEST_STEP][PASSED] - waitForElementVisible(findTestObject("mobileSanity/STM/STM PlanDetail Page/a_Apply for This Plan"), 5): Object 'Object Repository/mobileSanity/STM/STM PlanDetail Page/a_Apply for This Plan' is visible

2019-10-03 08:05:26 - [MESSAGE][PASSED] - Object 'Object Repository/mobileSanity/STM/STM PlanDetail Page/a_Apply for This Plan' is visible

2019-10-03 08:05:26 - [TEST_STEP][PASSED] - click(findTestObject("mobileSanity/STM/STM PlanDetail Page/a_Apply for This Plan")): Object: 'Object Repository/mobileSanity/STM/STM PlanDetail Page/a_Apply for This Plan' is clicked on

2019-10-03 08:05:29 - [MESSAGE][PASSED] - Object: 'Object Repository/mobileSanity/STM/STM PlanDetail Page/a_Apply for This Plan' is clicked on

2019-10-03 08:05:29 - [TEST_STEP][PASSED] - waitForPageLoad(10): Wait for page load successfully

2019-10-03 08:05:30 - [MESSAGE][PASSED] - Wait for page load successfully

2019-10-03 08:05:30 - [TEST_STEP][PASSED] - Thread.sleep(2000): null

2019-10-03 08:05:32 - [TEST_STEP][PASSED] - callTestCase(findTestCase("mobileWeb/_include/get_screenshot"), [:], STOP_ON_FAILURE): Call Test Case 'Test Cases/mobileWeb/_include/get_screenshot' successfully

2019-10-03 08:05:32 - [TEST_CASE][PASSED] - Test Cases/mobileWeb/_include/get_screenshot: Test Cases/mobileWeb/_include/get_screenshot

2019-10-03 08:05:32 - [TEST_STEP][PASSED] - takeScreenshot(screenPath + i + ".png"): Taking screenshot successfully

2019-10-03 08:05:32 - [MESSAGE][PASSED] - Taking screenshot successfully
[[ATTACHMENT|D:\\Test\\AgileTest\\Reports\\mobileWeb\\stm\\20191003_080058\\../Screenshots/iPhone 6/stm/Slaico/20191003_080427/5.png]]

2019-10-03 08:05:32 - [TEST_STEP][PASSED] - (internal.GlobalVariable.i++): null

2019-10-03 08:05:32 - [MESSAGE][PASSED] - Call Test Case 'Test Cases/mobileWeb/_include/get_screenshot' successfully

2019-10-03 08:05:32 - [TEST_STEP][PASSED] - waitForElementVisible(findTestObject("mobileSanity/STM/STM Apply Page/a_Start Secure Application"), 5): Object 'Object Repository/mobileSanity/STM/STM Apply Page/a_Start Secure Application' is visible

2019-10-03 08:05:32 - [MESSAGE][PASSED] - Object 'Object Repository/mobileSanity/STM/STM Apply Page/a_Start Secure Application' is visible

2019-10-03 08:05:32 - [TEST_STEP][PASSED] - click(findTestObject("mobileSanity/STM/STM Apply Page/a_Start Secure Application")): Object: 'Object Repository/mobileSanity/STM/STM Apply Page/a_Start Secure Application' is clicked on

2019-10-03 08:05:33 - [MESSAGE][PASSED] - Object: 'Object Repository/mobileSanity/STM/STM Apply Page/a_Start Secure Application' is clicked on

2019-10-03 08:05:33 - [TEST_STEP][PASSED] - waitForPageLoad(20): Wait for page load successfully

2019-10-03 08:05:34 - [MESSAGE][PASSED] - Wait for page load successfully

2019-10-03 08:05:34 - [TEST_STEP][PASSED] - Thread.sleep(2000): null

2019-10-03 08:05:36 - [TEST_STEP][PASSED] - callTestCase(findTestCase("mobileWeb/_include/get_screenshot"), [:], STOP_ON_FAILURE): Call Test Case 'Test Cases/mobileWeb/_include/get_screenshot' successfully

2019-10-03 08:05:36 - [TEST_CASE][PASSED] - Test Cases/mobileWeb/_include/get_screenshot: Test Cases/mobileWeb/_include/get_screenshot

2019-10-03 08:05:36 - [TEST_STEP][PASSED] - takeScreenshot(screenPath + i + ".png"): Taking screenshot successfully

2019-10-03 08:05:36 - [MESSAGE][PASSED] - Taking screenshot successfully
[[ATTACHMENT|D:\\Test\\AgileTest\\Reports\\mobileWeb\\stm\\20191003_080058\\../Screenshots/iPhone 6/stm/Slaico/20191003_080427/6.png]]

2019-10-03 08:05:36 - [TEST_STEP][PASSED] - (internal.GlobalVariable.i++): null

2019-10-03 08:05:36 - [MESSAGE][PASSED] - Call Test Case 'Test Cases/mobileWeb/_include/get_screenshot' successfully

2019-10-03 08:05:36 - [MESSAGE][PASSED] - Call Test Case 'Test Cases/mobileWeb/_include/apply_stm' successfully

2019-10-03 08:05:36 - [TEST_STEP][PASSED] - callTestCase(findTestCase("mobileWeb/_include/goToEnd_stm_autofill"), [:], STOP_ON_FAILURE): Call Test Case 'Test Cases/mobileWeb/_include/goToEnd_stm_autofill' successfully

2019-10-03 08:05:36 - [TEST_CASE][PASSED] - Test Cases/mobileWeb/_include/goToEnd_stm_autofill: Test Cases/mobileWeb/_include/goToEnd_stm_autofill

2019-10-03 08:05:38 - [TEST_STEP][PASSED] - callTestCase(findTestCase("mobileWeb/_include/name"), [:], CONTINUE_ON_FAILURE): Call Test Case 'Test Cases/mobileWeb/_include/name' successfully

2019-10-03 08:05:38 - [TEST_CASE][PASSED] - Test Cases/mobileWeb/_include/name: Test Cases/mobileWeb/_include/name

2019-10-03 08:05:39 - [TEST_STEP][PASSED] - driver = getWebDriver(): null

2019-10-03 08:05:39 - [TEST_STEP][PASSED] - selenium = new com.thoughtworks.selenium.webdriven.WebDriverBackedSelenium(driver, internal.GlobalVariable.ENV): null

2019-10-03 08:05:39 - [TEST_STEP][PASSED] - FirstName = "Test-123": null

2019-10-03 08:05:39 - [TEST_STEP][PASSED] - LastName = selenium.getEval("{var x="ABCDEFGHIJKLMNOPQRSTUVWXYZabcdefghijklmnopqrstuvwxyz"; var tmp="ZZ11-"; for (i=0;i<8;i++) tmp+=x.charAt(Math.ceil(51*Math.random()));tmp;}"): null

2019-10-03 08:05:40 - [TEST_STEP][PASSED] - Address = selenium.getEval("{var x="ABCDEFGHIJKLMNOPQRSTUVWXYZabcdefghijklmnopqrstuvwxyz"; var tmp=""; for (i=0;i<8;i++) tmp+=x.charAt(Math.ceil(51*Math.random()));tmp;}"): null

2019-10-03 08:05:40 - [TEST_STEP][PASSED] - City = selenium.getEval("{var x="ABCDEFGHIJKLMNOPQRSTUVWXYZabcdefghijklmnopqrstuvwxyz"; var tmp=""; for (i=0;i<8;i++) tmp+=x.charAt(Math.ceil(51*Math.random()));tmp;}"): null

2019-10-03 08:05:40 - [TEST_STEP][PASSED] - tel1 = selenium.getEval("{var x="123456789"; var tmp=""; for (i=0;i<3;i++) tmp+=x.charAt(Math.ceil(8*Math.random()));tmp;}"): null

2019-10-03 08:05:40 - [TEST_STEP][PASSED] - tel2 = selenium.getEval("{var x="123456789"; var tmp=""; for (i=0;i<3;i++) tmp+=x.charAt(Math.ceil(8*Math.random()));tmp;}"): null

2019-10-03 08:05:40 - [TEST_STEP][PASSED] - tel3 = selenium.getEval("{var x="123456789"; var tmp=""; for (i=0;i<4;i++) tmp+=x.charAt(Math.ceil(8*Math.random()));tmp;}"): null

2019-10-03 08:05:40 - [TEST_STEP][PASSED] - Tel = selenium.getExpression(tel1 + "-" + tel2 + "-" + tel3): null

2019-10-03 08:05:40 - [TEST_STEP][PASSED] - AutoEmail = selenium.getEval("{var x="ABCDEFGHIJKLMNOPQRSTUVWXYZabcdefghijklmnopqrstuvwxyz"; var tmp="test."; for (i=0;i<8;i++) tmp+=x.charAt(Math.ceil(51*Math.random()));tmp+="@suryani.cn";}"): null

2019-10-03 08:05:40 - [TEST_STEP][PASSED] - FirstName = FirstName: null

2019-10-03 08:05:40 - [TEST_STEP][PASSED] - LastName = LastName: null

2019-10-03 08:05:40 - [TEST_STEP][PASSED] - Address = Address: null

2019-10-03 08:05:40 - [TEST_STEP][PASSED] - City = City: null

2019-10-03 08:05:40 - [TEST_STEP][PASSED] - Tel = Tel: null

2019-10-03 08:05:40 - [TEST_STEP][PASSED] - AutoEmail = AutoEmail: null

2019-10-03 08:05:40 - [TEST_STEP][PASSED] - println(FirstName): null

2019-10-03 08:05:40 - [TEST_STEP][PASSED] - println(LastName): null

2019-10-03 08:05:40 - [TEST_STEP][PASSED] - println(Address): null

2019-10-03 08:05:40 - [TEST_STEP][PASSED] - println(City): null

2019-10-03 08:05:40 - [TEST_STEP][PASSED] - println(Tel): null

2019-10-03 08:05:40 - [TEST_STEP][PASSED] - println(AutoEmail): null

2019-10-03 08:05:40 - [MESSAGE][PASSED] - Call Test Case 'Test Cases/mobileWeb/_include/name' successfully

2019-10-03 08:05:40 - [TEST_STEP][FAILED] - try: Unable to verify text 'Month Duration Acknowledgement' is present  (Root cause: com.kms.katalon.core.exception.StepFailedException: Text 'Month Duration Acknowledgement' is not present on page )

2019-10-03 08:05:40 - [TEST_STEP][FAILED] - if (verifyTextPresent("Month Duration Acknowledgement", false)): Unable to verify text 'Month Duration Acknowledgement' is present  (Root cause: com.kms.katalon.core.exception.StepFailedException: Text 'Month Duration Acknowledgement' is not present on page )

2019-10-03 08:05:40 - [MESSAGE][FAILED] - Text 'Month Duration Acknowledgement' is not present on page 

2019-10-03 08:05:41 - [MESSAGE][FAILED] - Unable to verify text 'Month Duration Acknowledgement' is present  (Root cause: com.kms.katalon.core.exception.StepFailedException: Text 'Month Duration Acknowledgement' is not present on page )
[[ATTACHMENT|D:\\Test\\AgileTest\\Reports\\mobileWeb\\stm\\20191003_080058\\1570104340858.png]]

2019-10-03 08:05:41 - [TEST_STEP][PASSED] - catch (Exception e): null

2019-10-03 08:05:41 - [TEST_STEP][PASSED] - println("no consecutive"): null

2019-10-03 08:05:41 - [TEST_STEP][PASSED] - waitForPageLoad(10): Wait for page load successfully

2019-10-03 08:05:41 - [MESSAGE][PASSED] - Wait for page load successfully

2019-10-03 08:05:41 - [TEST_STEP][PASSED] - Thread.sleep(3000): null

2019-10-03 08:05:44 - [TEST_STEP][PASSED] - waitForElementVisible(findTestObject("mobileSanity/STM/Page_App Page 1/a_Autofill App Info"), 20): Object 'Object Repository/mobileSanity/STM/Page_App Page 1/a_Autofill App Info' is visible

2019-10-03 08:05:44 - [MESSAGE][PASSED] - Object 'Object Repository/mobileSanity/STM/Page_App Page 1/a_Autofill App Info' is visible

2019-10-03 08:05:44 - [TEST_STEP][PASSED] - click(findTestObject("mobileSanity/STM/Page_App Page 1/a_Autofill App Info")): Object: 'Object Repository/mobileSanity/STM/Page_App Page 1/a_Autofill App Info' is clicked on

2019-10-03 08:05:44 - [MESSAGE][PASSED] - Object: 'Object Repository/mobileSanity/STM/Page_App Page 1/a_Autofill App Info' is clicked on

2019-10-03 08:05:44 - [TEST_STEP][PASSED] - Thread.sleep(1000): null

2019-10-03 08:05:45 - [TEST_STEP][PASSED] - click(findTestObject("mobileSanity/STM/Page_App Page 1/a_Autofill App Info")): Object: 'Object Repository/mobileSanity/STM/Page_App Page 1/a_Autofill App Info' is clicked on

2019-10-03 08:05:45 - [MESSAGE][PASSED] - Object: 'Object Repository/mobileSanity/STM/Page_App Page 1/a_Autofill App Info' is clicked on

2019-10-03 08:05:45 - [TEST_STEP][PASSED] - Thread.sleep(1000): null

2019-10-03 08:05:46 - [TEST_STEP][PASSED] - waitForElementVisible(findTestObject("mobileSanity/STM/Page_App Page 1/a_Continue"), 20): Object 'Object Repository/mobileSanity/STM/Page_App Page 1/a_Continue' is visible

2019-10-03 08:05:46 - [MESSAGE][PASSED] - Object 'Object Repository/mobileSanity/STM/Page_App Page 1/a_Continue' is visible

2019-10-03 08:05:46 - [TEST_STEP][PASSED] - click(findTestObject("mobileSanity/STM/Page_App Page 1/a_Continue")): Object: 'Object Repository/mobileSanity/STM/Page_App Page 1/a_Continue' is clicked on

2019-10-03 08:05:47 - [MESSAGE][PASSED] - Object: 'Object Repository/mobileSanity/STM/Page_App Page 1/a_Continue' is clicked on

2019-10-03 08:05:47 - [TEST_STEP][PASSED] - waitForPageLoad(20): Wait for page load successfully

2019-10-03 08:05:47 - [MESSAGE][PASSED] - Wait for page load successfully

2019-10-03 08:05:47 - [TEST_STEP][PASSED] - Thread.sleep(2000): null

2019-10-03 08:05:49 - [TEST_STEP][PASSED] - callTestCase(findTestCase("mobileWeb/_include/get_screenshot"), [:], STOP_ON_FAILURE): Call Test Case 'Test Cases/mobileWeb/_include/get_screenshot' successfully

2019-10-03 08:05:49 - [TEST_CASE][PASSED] - Test Cases/mobileWeb/_include/get_screenshot: Test Cases/mobileWeb/_include/get_screenshot

2019-10-03 08:05:49 - [TEST_STEP][PASSED] - takeScreenshot(screenPath + i + ".png"): Taking screenshot successfully

2019-10-03 08:05:50 - [MESSAGE][PASSED] - Taking screenshot successfully
[[ATTACHMENT|D:\\Test\\AgileTest\\Reports\\mobileWeb\\stm\\20191003_080058\\../Screenshots/iPhone 6/stm/Slaico/20191003_080427/7.png]]

2019-10-03 08:05:50 - [TEST_STEP][PASSED] - (internal.GlobalVariable.i++): null

2019-10-03 08:05:50 - [MESSAGE][PASSED] - Call Test Case 'Test Cases/mobileWeb/_include/get_screenshot' successfully

2019-10-03 08:05:50 - [TEST_STEP][PASSED] - click(findTestObject("mobileSanity/STM/Page_App Page 2/a_Continue to Step 3 - Payment")): Object: 'Object Repository/mobileSanity/STM/Page_App Page 2/a_Continue to Step 3 - Payment' is clicked on

2019-10-03 08:05:51 - [MESSAGE][PASSED] - Object: 'Object Repository/mobileSanity/STM/Page_App Page 2/a_Continue to Step 3 - Payment' is clicked on

2019-10-03 08:05:51 - [TEST_STEP][PASSED] - waitForPageLoad(20): Wait for page load successfully

2019-10-03 08:05:51 - [MESSAGE][PASSED] - Wait for page load successfully

2019-10-03 08:05:51 - [TEST_STEP][PASSED] - waitForElementVisible(findTestObject("mobileSanity/STM/Page_App Page 3/input__credit-card-cvv"), 20): Object 'Object Repository/mobileSanity/STM/Page_App Page 3/input__credit-card-cvv' is visible

2019-10-03 08:05:51 - [MESSAGE][PASSED] - Object 'Object Repository/mobileSanity/STM/Page_App Page 3/input__credit-card-cvv' is visible

2019-10-03 08:05:51 - [TEST_STEP][PASSED] - Thread.sleep(2000): null

2019-10-03 08:05:53 - [TEST_STEP][PASSED] - callTestCase(findTestCase("mobileWeb/_include/get_screenshot"), [:], STOP_ON_FAILURE): Call Test Case 'Test Cases/mobileWeb/_include/get_screenshot' successfully

2019-10-03 08:05:53 - [TEST_CASE][PASSED] - Test Cases/mobileWeb/_include/get_screenshot: Test Cases/mobileWeb/_include/get_screenshot

2019-10-03 08:05:53 - [TEST_STEP][PASSED] - takeScreenshot(screenPath + i + ".png"): Taking screenshot successfully

2019-10-03 08:05:53 - [MESSAGE][PASSED] - Taking screenshot successfully
[[ATTACHMENT|D:\\Test\\AgileTest\\Reports\\mobileWeb\\stm\\20191003_080058\\../Screenshots/iPhone 6/stm/Slaico/20191003_080427/8.png]]

2019-10-03 08:05:53 - [TEST_STEP][PASSED] - (internal.GlobalVariable.i++): null

2019-10-03 08:05:53 - [MESSAGE][PASSED] - Call Test Case 'Test Cases/mobileWeb/_include/get_screenshot' successfully

2019-10-03 08:05:53 - [TEST_STEP][PASSED] - clearText(findTestObject("mobileSanity/STM/Page_App Page 3/input__credit-card-cvv")): Text of object 'Object Repository/mobileSanity/STM/Page_App Page 3/input__credit-card-cvv' is cleared

2019-10-03 08:05:54 - [MESSAGE][PASSED] - Text of object 'Object Repository/mobileSanity/STM/Page_App Page 3/input__credit-card-cvv' is cleared

2019-10-03 08:05:54 - [TEST_STEP][PASSED] - setText(findTestObject("mobileSanity/STM/Page_App Page 3/input__credit-card-cvv"), "123"): Text '123' is set on object 'Object Repository/mobileSanity/STM/Page_App Page 3/input__credit-card-cvv'

2019-10-03 08:05:54 - [MESSAGE][PASSED] - Text '123' is set on object 'Object Repository/mobileSanity/STM/Page_App Page 3/input__credit-card-cvv'

2019-10-03 08:05:54 - [TEST_STEP][PASSED] - click(findTestObject("mobileSanity/STM/Page_App Page 3/label_I Accept Authorization f")): Object: 'Object Repository/mobileSanity/STM/Page_App Page 3/label_I Accept Authorization f' is clicked on

2019-10-03 08:05:55 - [MESSAGE][PASSED] - Object: 'Object Repository/mobileSanity/STM/Page_App Page 3/label_I Accept Authorization f' is clicked on

2019-10-03 08:05:55 - [TEST_STEP][PASSED] - click(findTestObject("mobileSanity/STM/Page_App Page 3/a_Continue to Step 4 - Review")): Object: 'Object Repository/mobileSanity/STM/Page_App Page 3/a_Continue to Step 4 - Review' is clicked on

2019-10-03 08:05:55 - [MESSAGE][PASSED] - Object: 'Object Repository/mobileSanity/STM/Page_App Page 3/a_Continue to Step 4 - Review' is clicked on

2019-10-03 08:05:55 - [TEST_STEP][PASSED] - waitForPageLoad(10): Wait for page load successfully

2019-10-03 08:05:55 - [MESSAGE][PASSED] - Wait for page load successfully

2019-10-03 08:05:55 - [TEST_STEP][PASSED] - waitForElementClickable(findTestObject("mobileSanity/STM/Page_App Page 4/label"), 10): Object 'Object Repository/mobileSanity/STM/Page_App Page 4/label' is clickable

2019-10-03 08:05:56 - [MESSAGE][PASSED] - Object 'Object Repository/mobileSanity/STM/Page_App Page 4/label' is clickable

2019-10-03 08:05:56 - [TEST_STEP][PASSED] - Thread.sleep(2000): null

2019-10-03 08:05:58 - [TEST_STEP][PASSED] - callTestCase(findTestCase("mobileWeb/_include/get_screenshot"), [:], STOP_ON_FAILURE): Call Test Case 'Test Cases/mobileWeb/_include/get_screenshot' successfully

2019-10-03 08:05:58 - [TEST_CASE][PASSED] - Test Cases/mobileWeb/_include/get_screenshot: Test Cases/mobileWeb/_include/get_screenshot

2019-10-03 08:05:58 - [TEST_STEP][PASSED] - takeScreenshot(screenPath + i + ".png"): Taking screenshot successfully

2019-10-03 08:05:59 - [MESSAGE][PASSED] - Taking screenshot successfully
[[ATTACHMENT|D:\\Test\\AgileTest\\Reports\\mobileWeb\\stm\\20191003_080058\\../Screenshots/iPhone 6/stm/Slaico/20191003_080427/9.png]]

2019-10-03 08:05:59 - [TEST_STEP][PASSED] - (internal.GlobalVariable.i++): null

2019-10-03 08:05:59 - [MESSAGE][PASSED] - Call Test Case 'Test Cases/mobileWeb/_include/get_screenshot' successfully

2019-10-03 08:05:59 - [TEST_STEP][PASSED] - click(findTestObject("mobileSanity/STM/Page_App Page 4/label")): Object: 'Object Repository/mobileSanity/STM/Page_App Page 4/label' is clicked on

2019-10-03 08:05:59 - [MESSAGE][PASSED] - Object: 'Object Repository/mobileSanity/STM/Page_App Page 4/label' is clicked on

2019-10-03 08:05:59 - [TEST_STEP][PASSED] - click(findTestObject("mobileSanity/STM/Page_App Page 4/div_CLICK TO SIGN")): Object: 'Object Repository/mobileSanity/STM/Page_App Page 4/div_CLICK TO SIGN' is clicked on

2019-10-03 08:05:59 - [MESSAGE][PASSED] - Object: 'Object Repository/mobileSanity/STM/Page_App Page 4/div_CLICK TO SIGN' is clicked on

2019-10-03 08:05:59 - [TEST_STEP][PASSED] - click(findTestObject("mobileSanity/STM/Page_App Page 4/a_Submit Your Application")): Object: 'Object Repository/mobileSanity/STM/Page_App Page 4/a_Submit Your Application' is clicked on

2019-10-03 08:06:00 - [MESSAGE][PASSED] - Object: 'Object Repository/mobileSanity/STM/Page_App Page 4/a_Submit Your Application' is clicked on

2019-10-03 08:06:00 - [TEST_STEP][PASSED] - Thread.sleep(30000): null

2019-10-03 08:06:36 - [TEST_STEP][PASSED] - waitForElementPresent(findTestObject("mobileSanity/STM/Page_App Page 6/app-page-wrapper"), 20): Object 'Object Repository/mobileSanity/STM/Page_App Page 6/app-page-wrapper' is present

2019-10-03 08:06:38 - [MESSAGE][PASSED] - Object 'Object Repository/mobileSanity/STM/Page_App Page 6/app-page-wrapper' is present

2019-10-03 08:06:38 - [TEST_STEP][PASSED] - callTestCase(findTestCase("mobileWeb/_include/get_screenshot"), [:], STOP_ON_FAILURE): Call Test Case 'Test Cases/mobileWeb/_include/get_screenshot' successfully

2019-10-03 08:06:38 - [TEST_CASE][PASSED] - Test Cases/mobileWeb/_include/get_screenshot: Test Cases/mobileWeb/_include/get_screenshot

2019-10-03 08:06:38 - [TEST_STEP][PASSED] - takeScreenshot(screenPath + i + ".png"): Taking screenshot successfully

2019-10-03 08:06:39 - [MESSAGE][PASSED] - Taking screenshot successfully
[[ATTACHMENT|D:\\Test\\AgileTest\\Reports\\mobileWeb\\stm\\20191003_080058\\../Screenshots/iPhone 6/stm/Slaico/20191003_080427/10.png]]

2019-10-03 08:06:39 - [TEST_STEP][PASSED] - (internal.GlobalVariable.i++): null

2019-10-03 08:06:39 - [MESSAGE][PASSED] - Call Test Case 'Test Cases/mobileWeb/_include/get_screenshot' successfully

2019-10-03 08:06:39 - [MESSAGE][PASSED] - Call Test Case 'Test Cases/mobileWeb/_include/goToEnd_stm_autofill' successfully]]></system-out>
         <system-err><![CDATA[]]></system-err>
      </testcase>
      <testcase name="Test Cases/mobileWeb/stm/AdvantHealth" classname="Test Cases/mobileWeb/stm/AdvantHealth" status="PASSED">
         <system-out><![CDATA[2019-10-03 08:06:39 - [TEST_CASE][PASSED] - Test Cases/mobileWeb/stm/AdvantHealth: Test Cases/mobileWeb/stm/AdvantHealth

2019-10-03 08:06:39 - [TEST_STEP][PASSED] - callTestCase(findTestCase("mobileWeb/_include/get_screenPath"), ["productLine":"stm", "carrierName":"AdvantHealth"], CONTINUE_ON_FAILURE): Call Test Case 'Test Cases/mobileWeb/_include/get_screenPath' successfully

2019-10-03 08:06:39 - [TEST_CASE][PASSED] - Test Cases/mobileWeb/_include/get_screenPath: Test Cases/mobileWeb/_include/get_screenPath

2019-10-03 08:06:39 - [TEST_STEP][PASSED] - m = getExecutionProperties(): null

2019-10-03 08:06:39 - [TEST_STEP][PASSED] - deviceName = get("mobileEmulation").get("deviceName"): null

2019-10-03 08:06:39 - [TEST_STEP][PASSED] - println(deviceName): null

2019-10-03 08:06:39 - [TEST_STEP][PASSED] - now = new java.util.Date(): null

2019-10-03 08:06:39 - [TEST_STEP][PASSED] - mydate = now.format("yyyyMMdd_HHmmss"): null

2019-10-03 08:06:39 - [TEST_STEP][PASSED] - screenPath = "../Screenshots/": null

2019-10-03 08:06:39 - [TEST_STEP][PASSED] - screenPath = screenPath + deviceName + "/" + productLine + "/" + carrierName + "/" + mydate + "/": null

2019-10-03 08:06:39 - [TEST_STEP][PASSED] - println(screenPath): null

2019-10-03 08:06:39 - [MESSAGE][PASSED] - Call Test Case 'Test Cases/mobileWeb/_include/get_screenPath' successfully

2019-10-03 08:06:39 - [TEST_STEP][PASSED] - i = 0: null

2019-10-03 08:06:39 - [TEST_STEP][PASSED] - callTestCase(findTestCase("mobileWeb/_include/openWebSite"), [:], CONTINUE_ON_FAILURE): Call Test Case 'Test Cases/mobileWeb/_include/openWebSite' successfully

2019-10-03 08:06:39 - [TEST_CASE][PASSED] - Test Cases/mobileWeb/_include/openWebSite: Test Cases/mobileWeb/_include/openWebSite

2019-10-03 08:06:39 - [TEST_STEP][PASSED] - openBrowser(env): Browser is opened with url: 'https://praetemptatus.agilehealthinsurance.com'

2019-10-03 08:06:39 - [MESSAGE][WARNING] - A browser is already opened. Closing browser and opening a new one

2019-10-03 08:06:40 - [MESSAGE][INFO] - Starting 'Chrome' driver

2019-10-03 08:06:40 - [MESSAGE][INFO] - User set preference: ['mobileEmulation', '{deviceName=iPhone 6}']

2019-10-03 08:06:40 - [MESSAGE][INFO] - User set preference: ['args', '[--incognito, --aggressive-cache-discard, --window-size=375,677, --no-sandbox]']

2019-10-03 08:06:45 - [MESSAGE][PASSED] - Browser is opened with url: 'https://praetemptatus.agilehealthinsurance.com'

2019-10-03 08:06:45 - [TEST_STEP][PASSED] - waitForPageLoad(20): Wait for page load successfully

2019-10-03 08:06:45 - [MESSAGE][PASSED] - Wait for page load successfully

2019-10-03 08:06:45 - [TEST_STEP][PASSED] - Thread.sleep(2000): null

2019-10-03 08:06:47 - [TEST_STEP][PASSED] - callTestCase(findTestCase("mobileWeb/_include/get_screenshot"), [:], STOP_ON_FAILURE): Call Test Case 'Test Cases/mobileWeb/_include/get_screenshot' successfully

2019-10-03 08:06:47 - [TEST_CASE][PASSED] - Test Cases/mobileWeb/_include/get_screenshot: Test Cases/mobileWeb/_include/get_screenshot

2019-10-03 08:06:47 - [TEST_STEP][PASSED] - takeScreenshot(screenPath + i + ".png"): Taking screenshot successfully

2019-10-03 08:06:49 - [MESSAGE][PASSED] - Taking screenshot successfully
[[ATTACHMENT|D:\\Test\\AgileTest\\Reports\\mobileWeb\\stm\\20191003_080058\\../Screenshots/iPhone 6/stm/AdvantHealth/20191003_080639/0.png]]

2019-10-03 08:06:49 - [TEST_STEP][PASSED] - (internal.GlobalVariable.i++): null

2019-10-03 08:06:49 - [MESSAGE][PASSED] - Call Test Case 'Test Cases/mobileWeb/_include/get_screenshot' successfully

2019-10-03 08:06:49 - [MESSAGE][PASSED] - Call Test Case 'Test Cases/mobileWeb/_include/openWebSite' successfully

2019-10-03 08:06:49 - [TEST_STEP][PASSED] - callTestCase(findTestCase("mobileWeb/_include/census_stm"), ["zipcode":"35215"], STOP_ON_FAILURE): Call Test Case 'Test Cases/mobileWeb/_include/census_stm' successfully

2019-10-03 08:06:49 - [TEST_CASE][PASSED] - Test Cases/mobileWeb/_include/census_stm: Test Cases/mobileWeb/_include/census_stm

2019-10-03 08:06:49 - [TEST_STEP][PASSED] - waitForElementClickable(findTestObject("mobileSanity/STM/Home Page/a_Quote  Save Today"), 10): Object 'Object Repository/mobileSanity/STM/Home Page/a_Quote  Save Today' is clickable

2019-10-03 08:06:51 - [MESSAGE][PASSED] - Object 'Object Repository/mobileSanity/STM/Home Page/a_Quote  Save Today' is clickable

2019-10-03 08:06:51 - [TEST_STEP][PASSED] - click(findTestObject("mobileSanity/STM/Home Page/a_Quote  Save Today")): Object: 'Object Repository/mobileSanity/STM/Home Page/a_Quote  Save Today' is clicked on

2019-10-03 08:06:52 - [MESSAGE][PASSED] - Object: 'Object Repository/mobileSanity/STM/Home Page/a_Quote  Save Today' is clicked on

2019-10-03 08:06:52 - [TEST_STEP][PASSED] - waitForPageLoad(10): Wait for page load successfully

2019-10-03 08:06:52 - [MESSAGE][PASSED] - Wait for page load successfully

2019-10-03 08:06:52 - [TEST_STEP][PASSED] - callTestCase(findTestCase("mobileWeb/_include/get_screenshot"), [:], STOP_ON_FAILURE): Call Test Case 'Test Cases/mobileWeb/_include/get_screenshot' successfully

2019-10-03 08:06:52 - [TEST_CASE][PASSED] - Test Cases/mobileWeb/_include/get_screenshot: Test Cases/mobileWeb/_include/get_screenshot

2019-10-03 08:06:52 - [TEST_STEP][PASSED] - takeScreenshot(screenPath + i + ".png"): Taking screenshot successfully

2019-10-03 08:06:54 - [MESSAGE][PASSED] - Taking screenshot successfully
[[ATTACHMENT|D:\\Test\\AgileTest\\Reports\\mobileWeb\\stm\\20191003_080058\\../Screenshots/iPhone 6/stm/AdvantHealth/20191003_080639/1.png]]

2019-10-03 08:06:54 - [TEST_STEP][PASSED] - (internal.GlobalVariable.i++): null

2019-10-03 08:06:54 - [MESSAGE][PASSED] - Call Test Case 'Test Cases/mobileWeb/_include/get_screenshot' successfully

2019-10-03 08:06:54 - [TEST_STEP][PASSED] - setText(findTestObject("mobileSanity/STM/STM Census Page/input_Location_zip-input"), zipcode): Text '35215' is set on object 'Object Repository/mobileSanity/STM/STM Census Page/input_Location_zip-input'

2019-10-03 08:06:55 - [MESSAGE][PASSED] - Text '35215' is set on object 'Object Repository/mobileSanity/STM/STM Census Page/input_Location_zip-input'

2019-10-03 08:06:55 - [TEST_STEP][PASSED] - Thread.sleep(500): null

2019-10-03 08:06:56 - [TEST_STEP][PASSED] - setText(findTestObject("mobileSanity/STM/STM Census Page/input_Date of Birth_dob-0"), "03031987"): Text '03031987' is set on object 'Object Repository/mobileSanity/STM/STM Census Page/input_Date of Birth_dob-0'

2019-10-03 08:06:57 - [MESSAGE][PASSED] - Text '03031987' is set on object 'Object Repository/mobileSanity/STM/STM Census Page/input_Date of Birth_dob-0'

2019-10-03 08:06:57 - [TEST_STEP][PASSED] - click(findTestObject("mobileSanity/STM/STM Census Page/label_Male")): Object: 'Object Repository/mobileSanity/STM/STM Census Page/label_Male' is clicked on

2019-10-03 08:06:57 - [MESSAGE][PASSED] - Object: 'Object Repository/mobileSanity/STM/STM Census Page/label_Male' is clicked on

2019-10-03 08:06:57 - [TEST_STEP][PASSED] - click(findTestObject("mobileSanity/STM/STM Census Page/label_Compare Plans")): Object: 'Object Repository/mobileSanity/STM/STM Census Page/label_Compare Plans' is clicked on

2019-10-03 08:06:59 - [MESSAGE][PASSED] - Object: 'Object Repository/mobileSanity/STM/STM Census Page/label_Compare Plans' is clicked on

2019-10-03 08:07:00 - [TEST_STEP][PASSED] - waitForElementVisible(findTestObject("mobileSanity/STM/STM Quote Page/button_sort"), 20): Object 'Object Repository/mobileSanity/STM/STM Quote Page/button_sort' is visible

2019-10-03 08:07:00 - [MESSAGE][PASSED] - Object 'Object Repository/mobileSanity/STM/STM Quote Page/button_sort' is visible

2019-10-03 08:07:00 - [TEST_STEP][PASSED] - Thread.sleep(3000): null

2019-10-03 08:07:03 - [TEST_STEP][PASSED] - callTestCase(findTestCase("mobileWeb/_include/get_screenshot"), [:], STOP_ON_FAILURE): Call Test Case 'Test Cases/mobileWeb/_include/get_screenshot' successfully

2019-10-03 08:07:03 - [TEST_CASE][PASSED] - Test Cases/mobileWeb/_include/get_screenshot: Test Cases/mobileWeb/_include/get_screenshot

2019-10-03 08:07:03 - [TEST_STEP][PASSED] - takeScreenshot(screenPath + i + ".png"): Taking screenshot successfully

2019-10-03 08:07:04 - [MESSAGE][PASSED] - Taking screenshot successfully
[[ATTACHMENT|D:\\Test\\AgileTest\\Reports\\mobileWeb\\stm\\20191003_080058\\../Screenshots/iPhone 6/stm/AdvantHealth/20191003_080639/2.png]]

2019-10-03 08:07:04 - [TEST_STEP][PASSED] - (internal.GlobalVariable.i++): null

2019-10-03 08:07:04 - [MESSAGE][PASSED] - Call Test Case 'Test Cases/mobileWeb/_include/get_screenshot' successfully

2019-10-03 08:07:04 - [TEST_STEP][PASSED] - Thread.sleep(1000): null

2019-10-03 08:07:05 - [MESSAGE][PASSED] - Call Test Case 'Test Cases/mobileWeb/_include/census_stm' successfully

2019-10-03 08:07:05 - [TEST_STEP][PASSED] - callTestCase(findTestCase("mobileWeb/_include/filter_stm"), ["carrier":"advanthealth"], STOP_ON_FAILURE): Call Test Case 'Test Cases/mobileWeb/_include/filter_stm' successfully

2019-10-03 08:07:05 - [TEST_CASE][PASSED] - Test Cases/mobileWeb/_include/filter_stm: Test Cases/mobileWeb/_include/filter_stm

2019-10-03 08:07:05 - [TEST_STEP][PASSED] - driver = getWebDriver(): null

2019-10-03 08:07:05 - [TEST_STEP][PASSED] - selenium = new com.thoughtworks.selenium.webdriven.WebDriverBackedSelenium(driver, internal.GlobalVariable.ENV): null

2019-10-03 08:07:05 - [TEST_STEP][PASSED] - Thread.sleep(1000): null

2019-10-03 08:07:06 - [TEST_STEP][PASSED] - click(findTestObject("mobileSanity/STM/STM Quote Page/button_filters")): Object: 'Object Repository/mobileSanity/STM/STM Quote Page/button_filters' is clicked on

2019-10-03 08:07:07 - [MESSAGE][PASSED] - Object: 'Object Repository/mobileSanity/STM/STM Quote Page/button_filters' is clicked on

2019-10-03 08:07:07 - [TEST_STEP][PASSED] - Thread.sleep(1000): null

2019-10-03 08:07:08 - [TEST_STEP][PASSED] - click(findTestObject("mobileSanity/STM/STM Quote Page/i_Insurance company")): Object: 'Object Repository/mobileSanity/STM/STM Quote Page/i_Insurance company' is clicked on

2019-10-03 08:07:08 - [MESSAGE][PASSED] - Object: 'Object Repository/mobileSanity/STM/STM Quote Page/i_Insurance company' is clicked on

2019-10-03 08:07:08 - [TEST_STEP][PASSED] - Thread.sleep(1000): null

2019-10-03 08:07:09 - [TEST_STEP][PASSED] - filter_carrier = "//input[@name='filter[carrier]' and @value='" + carrier + "']/following::label": null

2019-10-03 08:07:09 - [TEST_STEP][PASSED] - println(filter_carrier): null

2019-10-03 08:07:09 - [TEST_STEP][PASSED] - test.MobileKeywords.clickJS_ByXpath(filter_carrier): test.MobileKeywords.clickJS_ByXpath is PASSED

2019-10-03 08:07:09 - [MESSAGE][PASSED] - Execute JavaScript 'arguments[0].click()' successfully

2019-10-03 08:07:09 - [MESSAGE][PASSED] - test.MobileKeywords.clickJS_ByXpath is PASSED

2019-10-03 08:07:09 - [TEST_STEP][PASSED] - Thread.sleep(1000): null

2019-10-03 08:07:10 - [TEST_STEP][PASSED] - scrollToElement(findTestObject("mobileSanity/STM/STM Quote Page/a_Show Plans"), 1000): Scroll to object 'Object Repository/mobileSanity/STM/STM Quote Page/a_Show Plans' successfully

2019-10-03 08:07:10 - [MESSAGE][PASSED] - Scroll to object 'Object Repository/mobileSanity/STM/STM Quote Page/a_Show Plans' successfully

2019-10-03 08:07:10 - [TEST_STEP][PASSED] - click(findTestObject("mobileSanity/STM/STM Quote Page/a_Show Plans")): Object: 'Object Repository/mobileSanity/STM/STM Quote Page/a_Show Plans' is clicked on

2019-10-03 08:07:11 - [MESSAGE][PASSED] - Object: 'Object Repository/mobileSanity/STM/STM Quote Page/a_Show Plans' is clicked on

2019-10-03 08:07:11 - [TEST_STEP][PASSED] - waitForJQueryLoad(20, STOP_ON_FAILURE): jQuery is ready.

2019-10-03 08:07:11 - [MESSAGE][PASSED] - jQuery is ready.

2019-10-03 08:07:11 - [TEST_STEP][PASSED] - Thread.sleep(2000): null

2019-10-03 08:07:13 - [TEST_STEP][PASSED] - callTestCase(findTestCase("mobileWeb/_include/get_screenshot"), [:], STOP_ON_FAILURE): Call Test Case 'Test Cases/mobileWeb/_include/get_screenshot' successfully

2019-10-03 08:07:13 - [TEST_CASE][PASSED] - Test Cases/mobileWeb/_include/get_screenshot: Test Cases/mobileWeb/_include/get_screenshot

2019-10-03 08:07:13 - [TEST_STEP][PASSED] - takeScreenshot(screenPath + i + ".png"): Taking screenshot successfully

2019-10-03 08:07:14 - [MESSAGE][PASSED] - Taking screenshot successfully
[[ATTACHMENT|D:\\Test\\AgileTest\\Reports\\mobileWeb\\stm\\20191003_080058\\../Screenshots/iPhone 6/stm/AdvantHealth/20191003_080639/3.png]]

2019-10-03 08:07:14 - [TEST_STEP][PASSED] - (internal.GlobalVariable.i++): null

2019-10-03 08:07:14 - [MESSAGE][PASSED] - Call Test Case 'Test Cases/mobileWeb/_include/get_screenshot' successfully

2019-10-03 08:07:14 - [MESSAGE][PASSED] - Call Test Case 'Test Cases/mobileWeb/_include/filter_stm' successfully

2019-10-03 08:07:14 - [TEST_STEP][PASSED] - callTestCase(findTestCase("mobileWeb/_include/goToDetail_stm"), ["carrier":"advanthealth"], STOP_ON_FAILURE): Call Test Case 'Test Cases/mobileWeb/_include/goToDetail_stm' successfully

2019-10-03 08:07:14 - [TEST_CASE][PASSED] - Test Cases/mobileWeb/_include/goToDetail_stm: Test Cases/mobileWeb/_include/goToDetail_stm

2019-10-03 08:07:14 - [TEST_STEP][PASSED] - driver = getWebDriver(): null

2019-10-03 08:07:14 - [TEST_STEP][PASSED] - selenium = new com.thoughtworks.selenium.webdriven.WebDriverBackedSelenium(driver, internal.GlobalVariable.ENV): null

2019-10-03 08:07:14 - [TEST_STEP][PASSED] - a_plan_name = "xpath=//a[contains(@href,'/term-health-insurance/plan/" + carrier + "')]": null

2019-10-03 08:07:14 - [TEST_STEP][PASSED] - println(a_plan_name): null

2019-10-03 08:07:14 - [TEST_STEP][PASSED] - selenium.click(a_plan_name): null

2019-10-03 08:07:17 - [TEST_STEP][PASSED] - waitForPageLoad(20): Wait for page load successfully

2019-10-03 08:07:17 - [MESSAGE][PASSED] - Wait for page load successfully

2019-10-03 08:07:17 - [TEST_STEP][PASSED] - Thread.sleep(2000): null

2019-10-03 08:07:19 - [TEST_STEP][PASSED] - callTestCase(findTestCase("mobileWeb/_include/get_screenshot"), [:], STOP_ON_FAILURE): Call Test Case 'Test Cases/mobileWeb/_include/get_screenshot' successfully

2019-10-03 08:07:19 - [TEST_CASE][PASSED] - Test Cases/mobileWeb/_include/get_screenshot: Test Cases/mobileWeb/_include/get_screenshot

2019-10-03 08:07:19 - [TEST_STEP][PASSED] - takeScreenshot(screenPath + i + ".png"): Taking screenshot successfully

2019-10-03 08:07:19 - [MESSAGE][PASSED] - Taking screenshot successfully
[[ATTACHMENT|D:\\Test\\AgileTest\\Reports\\mobileWeb\\stm\\20191003_080058\\../Screenshots/iPhone 6/stm/AdvantHealth/20191003_080639/4.png]]

2019-10-03 08:07:19 - [TEST_STEP][PASSED] - (internal.GlobalVariable.i++): null

2019-10-03 08:07:19 - [MESSAGE][PASSED] - Call Test Case 'Test Cases/mobileWeb/_include/get_screenshot' successfully

2019-10-03 08:07:19 - [MESSAGE][PASSED] - Call Test Case 'Test Cases/mobileWeb/_include/goToDetail_stm' successfully

2019-10-03 08:07:19 - [TEST_STEP][PASSED] - callTestCase(findTestCase("mobileWeb/_include/apply_stm"), [:], STOP_ON_FAILURE): Call Test Case 'Test Cases/mobileWeb/_include/apply_stm' successfully

2019-10-03 08:07:19 - [TEST_CASE][PASSED] - Test Cases/mobileWeb/_include/apply_stm: Test Cases/mobileWeb/_include/apply_stm

2019-10-03 08:07:19 - [TEST_STEP][PASSED] - waitForElementVisible(findTestObject("mobileSanity/STM/STM PlanDetail Page/a_Apply for This Plan"), 5): Object 'Object Repository/mobileSanity/STM/STM PlanDetail Page/a_Apply for This Plan' is visible

2019-10-03 08:07:20 - [MESSAGE][PASSED] - Object 'Object Repository/mobileSanity/STM/STM PlanDetail Page/a_Apply for This Plan' is visible

2019-10-03 08:07:20 - [TEST_STEP][PASSED] - click(findTestObject("mobileSanity/STM/STM PlanDetail Page/a_Apply for This Plan")): Object: 'Object Repository/mobileSanity/STM/STM PlanDetail Page/a_Apply for This Plan' is clicked on

2019-10-03 08:07:21 - [MESSAGE][PASSED] - Object: 'Object Repository/mobileSanity/STM/STM PlanDetail Page/a_Apply for This Plan' is clicked on

2019-10-03 08:07:21 - [TEST_STEP][PASSED] - waitForPageLoad(10): Wait for page load successfully

2019-10-03 08:07:21 - [MESSAGE][PASSED] - Wait for page load successfully

2019-10-03 08:07:21 - [TEST_STEP][PASSED] - Thread.sleep(2000): null

2019-10-03 08:07:23 - [TEST_STEP][PASSED] - callTestCase(findTestCase("mobileWeb/_include/get_screenshot"), [:], STOP_ON_FAILURE): Call Test Case 'Test Cases/mobileWeb/_include/get_screenshot' successfully

2019-10-03 08:07:23 - [TEST_CASE][PASSED] - Test Cases/mobileWeb/_include/get_screenshot: Test Cases/mobileWeb/_include/get_screenshot

2019-10-03 08:07:23 - [TEST_STEP][PASSED] - takeScreenshot(screenPath + i + ".png"): Taking screenshot successfully

2019-10-03 08:07:24 - [MESSAGE][PASSED] - Taking screenshot successfully
[[ATTACHMENT|D:\\Test\\AgileTest\\Reports\\mobileWeb\\stm\\20191003_080058\\../Screenshots/iPhone 6/stm/AdvantHealth/20191003_080639/5.png]]

2019-10-03 08:07:24 - [TEST_STEP][PASSED] - (internal.GlobalVariable.i++): null

2019-10-03 08:07:24 - [MESSAGE][PASSED] - Call Test Case 'Test Cases/mobileWeb/_include/get_screenshot' successfully

2019-10-03 08:07:24 - [TEST_STEP][PASSED] - waitForElementVisible(findTestObject("mobileSanity/STM/STM Apply Page/a_Start Secure Application"), 5): Object 'Object Repository/mobileSanity/STM/STM Apply Page/a_Start Secure Application' is visible

2019-10-03 08:07:24 - [MESSAGE][PASSED] - Object 'Object Repository/mobileSanity/STM/STM Apply Page/a_Start Secure Application' is visible

2019-10-03 08:07:24 - [TEST_STEP][PASSED] - click(findTestObject("mobileSanity/STM/STM Apply Page/a_Start Secure Application")): Object: 'Object Repository/mobileSanity/STM/STM Apply Page/a_Start Secure Application' is clicked on

2019-10-03 08:07:26 - [MESSAGE][PASSED] - Object: 'Object Repository/mobileSanity/STM/STM Apply Page/a_Start Secure Application' is clicked on

2019-10-03 08:07:26 - [TEST_STEP][PASSED] - waitForPageLoad(20): Wait for page load successfully

2019-10-03 08:07:26 - [MESSAGE][PASSED] - Wait for page load successfully

2019-10-03 08:07:26 - [TEST_STEP][PASSED] - Thread.sleep(2000): null

2019-10-03 08:07:28 - [TEST_STEP][PASSED] - callTestCase(findTestCase("mobileWeb/_include/get_screenshot"), [:], STOP_ON_FAILURE): Call Test Case 'Test Cases/mobileWeb/_include/get_screenshot' successfully

2019-10-03 08:07:28 - [TEST_CASE][PASSED] - Test Cases/mobileWeb/_include/get_screenshot: Test Cases/mobileWeb/_include/get_screenshot

2019-10-03 08:07:28 - [TEST_STEP][PASSED] - takeScreenshot(screenPath + i + ".png"): Taking screenshot successfully

2019-10-03 08:07:28 - [MESSAGE][PASSED] - Taking screenshot successfully
[[ATTACHMENT|D:\\Test\\AgileTest\\Reports\\mobileWeb\\stm\\20191003_080058\\../Screenshots/iPhone 6/stm/AdvantHealth/20191003_080639/6.png]]

2019-10-03 08:07:28 - [TEST_STEP][PASSED] - (internal.GlobalVariable.i++): null

2019-10-03 08:07:28 - [MESSAGE][PASSED] - Call Test Case 'Test Cases/mobileWeb/_include/get_screenshot' successfully

2019-10-03 08:07:28 - [MESSAGE][PASSED] - Call Test Case 'Test Cases/mobileWeb/_include/apply_stm' successfully

2019-10-03 08:07:28 - [TEST_STEP][PASSED] - callTestCase(findTestCase("mobileWeb/_include/goToEnd_stm_autofill"), [:], STOP_ON_FAILURE): Call Test Case 'Test Cases/mobileWeb/_include/goToEnd_stm_autofill' successfully

2019-10-03 08:07:29 - [TEST_CASE][PASSED] - Test Cases/mobileWeb/_include/goToEnd_stm_autofill: Test Cases/mobileWeb/_include/goToEnd_stm_autofill

2019-10-03 08:07:29 - [TEST_STEP][PASSED] - callTestCase(findTestCase("mobileWeb/_include/name"), [:], CONTINUE_ON_FAILURE): Call Test Case 'Test Cases/mobileWeb/_include/name' successfully

2019-10-03 08:07:29 - [TEST_CASE][PASSED] - Test Cases/mobileWeb/_include/name: Test Cases/mobileWeb/_include/name

2019-10-03 08:07:29 - [TEST_STEP][PASSED] - driver = getWebDriver(): null

2019-10-03 08:07:29 - [TEST_STEP][PASSED] - selenium = new com.thoughtworks.selenium.webdriven.WebDriverBackedSelenium(driver, internal.GlobalVariable.ENV): null

2019-10-03 08:07:29 - [TEST_STEP][PASSED] - FirstName = "Test-123": null

2019-10-03 08:07:29 - [TEST_STEP][PASSED] - LastName = selenium.getEval("{var x="ABCDEFGHIJKLMNOPQRSTUVWXYZabcdefghijklmnopqrstuvwxyz"; var tmp="ZZ11-"; for (i=0;i<8;i++) tmp+=x.charAt(Math.ceil(51*Math.random()));tmp;}"): null

2019-10-03 08:07:29 - [TEST_STEP][PASSED] - Address = selenium.getEval("{var x="ABCDEFGHIJKLMNOPQRSTUVWXYZabcdefghijklmnopqrstuvwxyz"; var tmp=""; for (i=0;i<8;i++) tmp+=x.charAt(Math.ceil(51*Math.random()));tmp;}"): null

2019-10-03 08:07:29 - [TEST_STEP][PASSED] - City = selenium.getEval("{var x="ABCDEFGHIJKLMNOPQRSTUVWXYZabcdefghijklmnopqrstuvwxyz"; var tmp=""; for (i=0;i<8;i++) tmp+=x.charAt(Math.ceil(51*Math.random()));tmp;}"): null

2019-10-03 08:07:29 - [TEST_STEP][PASSED] - tel1 = selenium.getEval("{var x="123456789"; var tmp=""; for (i=0;i<3;i++) tmp+=x.charAt(Math.ceil(8*Math.random()));tmp;}"): null

2019-10-03 08:07:29 - [TEST_STEP][PASSED] - tel2 = selenium.getEval("{var x="123456789"; var tmp=""; for (i=0;i<3;i++) tmp+=x.charAt(Math.ceil(8*Math.random()));tmp;}"): null

2019-10-03 08:07:29 - [TEST_STEP][PASSED] - tel3 = selenium.getEval("{var x="123456789"; var tmp=""; for (i=0;i<4;i++) tmp+=x.charAt(Math.ceil(8*Math.random()));tmp;}"): null

2019-10-03 08:07:29 - [TEST_STEP][PASSED] - Tel = selenium.getExpression(tel1 + "-" + tel2 + "-" + tel3): null

2019-10-03 08:07:29 - [TEST_STEP][PASSED] - AutoEmail = selenium.getEval("{var x="ABCDEFGHIJKLMNOPQRSTUVWXYZabcdefghijklmnopqrstuvwxyz"; var tmp="test."; for (i=0;i<8;i++) tmp+=x.charAt(Math.ceil(51*Math.random()));tmp+="@suryani.cn";}"): null

2019-10-03 08:07:29 - [TEST_STEP][PASSED] - FirstName = FirstName: null

2019-10-03 08:07:29 - [TEST_STEP][PASSED] - LastName = LastName: null

2019-10-03 08:07:29 - [TEST_STEP][PASSED] - Address = Address: null

2019-10-03 08:07:29 - [TEST_STEP][PASSED] - City = City: null

2019-10-03 08:07:29 - [TEST_STEP][PASSED] - Tel = Tel: null

2019-10-03 08:07:29 - [TEST_STEP][PASSED] - AutoEmail = AutoEmail: null

2019-10-03 08:07:29 - [TEST_STEP][PASSED] - println(FirstName): null

2019-10-03 08:07:29 - [TEST_STEP][PASSED] - println(LastName): null

2019-10-03 08:07:29 - [TEST_STEP][PASSED] - println(Address): null

2019-10-03 08:07:29 - [TEST_STEP][PASSED] - println(City): null

2019-10-03 08:07:29 - [TEST_STEP][PASSED] - println(Tel): null

2019-10-03 08:07:29 - [TEST_STEP][PASSED] - println(AutoEmail): null

2019-10-03 08:07:29 - [MESSAGE][PASSED] - Call Test Case 'Test Cases/mobileWeb/_include/name' successfully

2019-10-03 08:07:29 - [TEST_STEP][PASSED] - try: Call Test Case 'Test Cases/mobileWeb/_include/get_screenshot' successfully

2019-10-03 08:07:29 - [TEST_STEP][PASSED] - if (verifyTextPresent("Month Duration Acknowledgement", false)): Call Test Case 'Test Cases/mobileWeb/_include/get_screenshot' successfully

2019-10-03 08:07:29 - [MESSAGE][PASSED] - Text 'Month Duration Acknowledgement' is present on page 

2019-10-03 08:07:29 - [TEST_STEP][PASSED] - click(findTestObject("mobileSanity/STM/Page_App Page 1/label_By checking this box I u")): Object: 'Object Repository/mobileSanity/STM/Page_App Page 1/label_By checking this box I u' is clicked on

2019-10-03 08:07:29 - [MESSAGE][PASSED] - Object: 'Object Repository/mobileSanity/STM/Page_App Page 1/label_By checking this box I u' is clicked on

2019-10-03 08:07:29 - [TEST_STEP][PASSED] - click(findTestObject("mobileSanity/STM/Page_App Page 1/button_Continue to Application")): Object: 'Object Repository/mobileSanity/STM/Page_App Page 1/button_Continue to Application' is clicked on

2019-10-03 08:07:31 - [MESSAGE][PASSED] - Object: 'Object Repository/mobileSanity/STM/Page_App Page 1/button_Continue to Application' is clicked on

2019-10-03 08:07:31 - [TEST_STEP][PASSED] - waitForPageLoad(20): Wait for page load successfully

2019-10-03 08:07:32 - [MESSAGE][PASSED] - Wait for page load successfully

2019-10-03 08:07:32 - [TEST_STEP][PASSED] - Thread.sleep(5000): null

2019-10-03 08:07:37 - [TEST_STEP][PASSED] - callTestCase(findTestCase("mobileWeb/_include/get_screenshot"), [:], STOP_ON_FAILURE): Call Test Case 'Test Cases/mobileWeb/_include/get_screenshot' successfully

2019-10-03 08:07:38 - [TEST_CASE][PASSED] - Test Cases/mobileWeb/_include/get_screenshot: Test Cases/mobileWeb/_include/get_screenshot

2019-10-03 08:07:38 - [TEST_STEP][PASSED] - takeScreenshot(screenPath + i + ".png"): Taking screenshot successfully

2019-10-03 08:07:38 - [MESSAGE][PASSED] - Taking screenshot successfully
[[ATTACHMENT|D:\\Test\\AgileTest\\Reports\\mobileWeb\\stm\\20191003_080058\\../Screenshots/iPhone 6/stm/AdvantHealth/20191003_080639/7.png]]

2019-10-03 08:07:38 - [TEST_STEP][PASSED] - (internal.GlobalVariable.i++): null

2019-10-03 08:07:38 - [MESSAGE][PASSED] - Call Test Case 'Test Cases/mobileWeb/_include/get_screenshot' successfully

2019-10-03 08:07:38 - [TEST_STEP][PASSED] - waitForPageLoad(10): Wait for page load successfully

2019-10-03 08:07:38 - [MESSAGE][PASSED] - Wait for page load successfully

2019-10-03 08:07:38 - [TEST_STEP][PASSED] - Thread.sleep(3000): null

2019-10-03 08:07:41 - [TEST_STEP][PASSED] - waitForElementVisible(findTestObject("mobileSanity/STM/Page_App Page 1/a_Autofill App Info"), 20): Object 'Object Repository/mobileSanity/STM/Page_App Page 1/a_Autofill App Info' is visible

2019-10-03 08:07:41 - [MESSAGE][PASSED] - Object 'Object Repository/mobileSanity/STM/Page_App Page 1/a_Autofill App Info' is visible

2019-10-03 08:07:41 - [TEST_STEP][PASSED] - click(findTestObject("mobileSanity/STM/Page_App Page 1/a_Autofill App Info")): Object: 'Object Repository/mobileSanity/STM/Page_App Page 1/a_Autofill App Info' is clicked on

2019-10-03 08:07:41 - [MESSAGE][PASSED] - Object: 'Object Repository/mobileSanity/STM/Page_App Page 1/a_Autofill App Info' is clicked on

2019-10-03 08:07:41 - [TEST_STEP][PASSED] - Thread.sleep(1000): null

2019-10-03 08:07:42 - [TEST_STEP][PASSED] - click(findTestObject("mobileSanity/STM/Page_App Page 1/a_Autofill App Info")): Object: 'Object Repository/mobileSanity/STM/Page_App Page 1/a_Autofill App Info' is clicked on

2019-10-03 08:07:42 - [MESSAGE][PASSED] - Object: 'Object Repository/mobileSanity/STM/Page_App Page 1/a_Autofill App Info' is clicked on

2019-10-03 08:07:42 - [TEST_STEP][PASSED] - Thread.sleep(1000): null

2019-10-03 08:07:43 - [TEST_STEP][PASSED] - waitForElementVisible(findTestObject("mobileSanity/STM/Page_App Page 1/a_Continue"), 20): Object 'Object Repository/mobileSanity/STM/Page_App Page 1/a_Continue' is visible

2019-10-03 08:07:43 - [MESSAGE][PASSED] - Object 'Object Repository/mobileSanity/STM/Page_App Page 1/a_Continue' is visible

2019-10-03 08:07:43 - [TEST_STEP][PASSED] - click(findTestObject("mobileSanity/STM/Page_App Page 1/a_Continue")): Object: 'Object Repository/mobileSanity/STM/Page_App Page 1/a_Continue' is clicked on

2019-10-03 08:07:44 - [MESSAGE][PASSED] - Object: 'Object Repository/mobileSanity/STM/Page_App Page 1/a_Continue' is clicked on

2019-10-03 08:07:44 - [TEST_STEP][PASSED] - waitForPageLoad(20): Wait for page load successfully

2019-10-03 08:07:44 - [MESSAGE][PASSED] - Wait for page load successfully

2019-10-03 08:07:44 - [TEST_STEP][PASSED] - Thread.sleep(2000): null

2019-10-03 08:07:46 - [TEST_STEP][PASSED] - callTestCase(findTestCase("mobileWeb/_include/get_screenshot"), [:], STOP_ON_FAILURE): Call Test Case 'Test Cases/mobileWeb/_include/get_screenshot' successfully

2019-10-03 08:07:46 - [TEST_CASE][PASSED] - Test Cases/mobileWeb/_include/get_screenshot: Test Cases/mobileWeb/_include/get_screenshot

2019-10-03 08:07:46 - [TEST_STEP][PASSED] - takeScreenshot(screenPath + i + ".png"): Taking screenshot successfully

2019-10-03 08:07:46 - [MESSAGE][PASSED] - Taking screenshot successfully
[[ATTACHMENT|D:\\Test\\AgileTest\\Reports\\mobileWeb\\stm\\20191003_080058\\../Screenshots/iPhone 6/stm/AdvantHealth/20191003_080639/8.png]]

2019-10-03 08:07:46 - [TEST_STEP][PASSED] - (internal.GlobalVariable.i++): null

2019-10-03 08:07:46 - [MESSAGE][PASSED] - Call Test Case 'Test Cases/mobileWeb/_include/get_screenshot' successfully

2019-10-03 08:07:46 - [TEST_STEP][PASSED] - click(findTestObject("mobileSanity/STM/Page_App Page 2/a_Continue to Step 3 - Payment")): Object: 'Object Repository/mobileSanity/STM/Page_App Page 2/a_Continue to Step 3 - Payment' is clicked on

2019-10-03 08:07:46 - [MESSAGE][PASSED] - Object: 'Object Repository/mobileSanity/STM/Page_App Page 2/a_Continue to Step 3 - Payment' is clicked on

2019-10-03 08:07:46 - [TEST_STEP][PASSED] - waitForPageLoad(20): Wait for page load successfully

2019-10-03 08:07:46 - [MESSAGE][PASSED] - Wait for page load successfully

2019-10-03 08:07:46 - [TEST_STEP][PASSED] - waitForElementVisible(findTestObject("mobileSanity/STM/Page_App Page 3/input__credit-card-cvv"), 20): Object 'Object Repository/mobileSanity/STM/Page_App Page 3/input__credit-card-cvv' is visible

2019-10-03 08:07:47 - [MESSAGE][PASSED] - Object 'Object Repository/mobileSanity/STM/Page_App Page 3/input__credit-card-cvv' is visible

2019-10-03 08:07:47 - [TEST_STEP][PASSED] - Thread.sleep(2000): null

2019-10-03 08:07:49 - [TEST_STEP][PASSED] - callTestCase(findTestCase("mobileWeb/_include/get_screenshot"), [:], STOP_ON_FAILURE): Call Test Case 'Test Cases/mobileWeb/_include/get_screenshot' successfully

2019-10-03 08:07:49 - [TEST_CASE][PASSED] - Test Cases/mobileWeb/_include/get_screenshot: Test Cases/mobileWeb/_include/get_screenshot

2019-10-03 08:07:49 - [TEST_STEP][PASSED] - takeScreenshot(screenPath + i + ".png"): Taking screenshot successfully

2019-10-03 08:07:49 - [MESSAGE][PASSED] - Taking screenshot successfully
[[ATTACHMENT|D:\\Test\\AgileTest\\Reports\\mobileWeb\\stm\\20191003_080058\\../Screenshots/iPhone 6/stm/AdvantHealth/20191003_080639/9.png]]

2019-10-03 08:07:49 - [TEST_STEP][PASSED] - (internal.GlobalVariable.i++): null

2019-10-03 08:07:49 - [MESSAGE][PASSED] - Call Test Case 'Test Cases/mobileWeb/_include/get_screenshot' successfully

2019-10-03 08:07:49 - [TEST_STEP][PASSED] - clearText(findTestObject("mobileSanity/STM/Page_App Page 3/input__credit-card-cvv")): Text of object 'Object Repository/mobileSanity/STM/Page_App Page 3/input__credit-card-cvv' is cleared

2019-10-03 08:07:49 - [MESSAGE][PASSED] - Text of object 'Object Repository/mobileSanity/STM/Page_App Page 3/input__credit-card-cvv' is cleared

2019-10-03 08:07:49 - [TEST_STEP][PASSED] - setText(findTestObject("mobileSanity/STM/Page_App Page 3/input__credit-card-cvv"), "123"): Text '123' is set on object 'Object Repository/mobileSanity/STM/Page_App Page 3/input__credit-card-cvv'

2019-10-03 08:07:50 - [MESSAGE][PASSED] - Text '123' is set on object 'Object Repository/mobileSanity/STM/Page_App Page 3/input__credit-card-cvv'

2019-10-03 08:07:50 - [TEST_STEP][PASSED] - click(findTestObject("mobileSanity/STM/Page_App Page 3/label_I Accept Authorization f")): Object: 'Object Repository/mobileSanity/STM/Page_App Page 3/label_I Accept Authorization f' is clicked on

2019-10-03 08:07:50 - [MESSAGE][PASSED] - Object: 'Object Repository/mobileSanity/STM/Page_App Page 3/label_I Accept Authorization f' is clicked on

2019-10-03 08:07:50 - [TEST_STEP][PASSED] - click(findTestObject("mobileSanity/STM/Page_App Page 3/a_Continue to Step 4 - Review")): Object: 'Object Repository/mobileSanity/STM/Page_App Page 3/a_Continue to Step 4 - Review' is clicked on

2019-10-03 08:07:50 - [MESSAGE][PASSED] - Object: 'Object Repository/mobileSanity/STM/Page_App Page 3/a_Continue to Step 4 - Review' is clicked on

2019-10-03 08:07:50 - [TEST_STEP][PASSED] - waitForPageLoad(10): Wait for page load successfully

2019-10-03 08:07:50 - [MESSAGE][PASSED] - Wait for page load successfully

2019-10-03 08:07:50 - [TEST_STEP][PASSED] - waitForElementClickable(findTestObject("mobileSanity/STM/Page_App Page 4/label"), 10): Object 'Object Repository/mobileSanity/STM/Page_App Page 4/label' is clickable

2019-10-03 08:07:50 - [MESSAGE][PASSED] - Object 'Object Repository/mobileSanity/STM/Page_App Page 4/label' is clickable

2019-10-03 08:07:50 - [TEST_STEP][PASSED] - Thread.sleep(2000): null

2019-10-03 08:07:52 - [TEST_STEP][PASSED] - callTestCase(findTestCase("mobileWeb/_include/get_screenshot"), [:], STOP_ON_FAILURE): Call Test Case 'Test Cases/mobileWeb/_include/get_screenshot' successfully

2019-10-03 08:07:52 - [TEST_CASE][PASSED] - Test Cases/mobileWeb/_include/get_screenshot: Test Cases/mobileWeb/_include/get_screenshot

2019-10-03 08:07:52 - [TEST_STEP][PASSED] - takeScreenshot(screenPath + i + ".png"): Taking screenshot successfully

2019-10-03 08:07:53 - [MESSAGE][PASSED] - Taking screenshot successfully
[[ATTACHMENT|D:\\Test\\AgileTest\\Reports\\mobileWeb\\stm\\20191003_080058\\../Screenshots/iPhone 6/stm/AdvantHealth/20191003_080639/10.png]]

2019-10-03 08:07:53 - [TEST_STEP][PASSED] - (internal.GlobalVariable.i++): null

2019-10-03 08:07:53 - [MESSAGE][PASSED] - Call Test Case 'Test Cases/mobileWeb/_include/get_screenshot' successfully

2019-10-03 08:07:53 - [TEST_STEP][PASSED] - click(findTestObject("mobileSanity/STM/Page_App Page 4/label")): Object: 'Object Repository/mobileSanity/STM/Page_App Page 4/label' is clicked on

2019-10-03 08:07:53 - [MESSAGE][PASSED] - Object: 'Object Repository/mobileSanity/STM/Page_App Page 4/label' is clicked on

2019-10-03 08:07:53 - [TEST_STEP][PASSED] - click(findTestObject("mobileSanity/STM/Page_App Page 4/div_CLICK TO SIGN")): Object: 'Object Repository/mobileSanity/STM/Page_App Page 4/div_CLICK TO SIGN' is clicked on

2019-10-03 08:07:53 - [MESSAGE][PASSED] - Object: 'Object Repository/mobileSanity/STM/Page_App Page 4/div_CLICK TO SIGN' is clicked on

2019-10-03 08:07:53 - [TEST_STEP][PASSED] - click(findTestObject("mobileSanity/STM/Page_App Page 4/a_Submit Your Application")): Object: 'Object Repository/mobileSanity/STM/Page_App Page 4/a_Submit Your Application' is clicked on

2019-10-03 08:07:53 - [MESSAGE][PASSED] - Object: 'Object Repository/mobileSanity/STM/Page_App Page 4/a_Submit Your Application' is clicked on

2019-10-03 08:07:53 - [TEST_STEP][PASSED] - Thread.sleep(30000): null

2019-10-03 08:08:23 - [TEST_STEP][PASSED] - waitForElementPresent(findTestObject("mobileSanity/STM/Page_App Page 6/app-page-wrapper"), 20): Object 'Object Repository/mobileSanity/STM/Page_App Page 6/app-page-wrapper' is present

2019-10-03 08:08:24 - [MESSAGE][PASSED] - Object 'Object Repository/mobileSanity/STM/Page_App Page 6/app-page-wrapper' is present

2019-10-03 08:08:24 - [TEST_STEP][PASSED] - callTestCase(findTestCase("mobileWeb/_include/get_screenshot"), [:], STOP_ON_FAILURE): Call Test Case 'Test Cases/mobileWeb/_include/get_screenshot' successfully

2019-10-03 08:08:24 - [TEST_CASE][PASSED] - Test Cases/mobileWeb/_include/get_screenshot: Test Cases/mobileWeb/_include/get_screenshot

2019-10-03 08:08:24 - [TEST_STEP][PASSED] - takeScreenshot(screenPath + i + ".png"): Taking screenshot successfully

2019-10-03 08:08:24 - [MESSAGE][PASSED] - Taking screenshot successfully
[[ATTACHMENT|D:\\Test\\AgileTest\\Reports\\mobileWeb\\stm\\20191003_080058\\../Screenshots/iPhone 6/stm/AdvantHealth/20191003_080639/11.png]]

2019-10-03 08:08:24 - [TEST_STEP][PASSED] - (internal.GlobalVariable.i++): null

2019-10-03 08:08:24 - [MESSAGE][PASSED] - Call Test Case 'Test Cases/mobileWeb/_include/get_screenshot' successfully

2019-10-03 08:08:24 - [MESSAGE][PASSED] - Call Test Case 'Test Cases/mobileWeb/_include/goToEnd_stm_autofill' successfully]]></system-out>
         <system-err><![CDATA[]]></system-err>
      </testcase>
      <testcase name="Test Cases/mobileWeb/stm/Companion" classname="Test Cases/mobileWeb/stm/Companion" status="PASSED">
         <system-out><![CDATA[2019-10-03 08:08:24 - [TEST_CASE][PASSED] - Test Cases/mobileWeb/stm/Companion: Test Cases/mobileWeb/stm/Companion

2019-10-03 08:08:26 - [TEST_STEP][PASSED] - callTestCase(findTestCase("mobileWeb/_include/get_screenPath"), ["productLine":"stm", "carrierName":"Companion"], CONTINUE_ON_FAILURE): Call Test Case 'Test Cases/mobileWeb/_include/get_screenPath' successfully

2019-10-03 08:08:26 - [TEST_CASE][PASSED] - Test Cases/mobileWeb/_include/get_screenPath: Test Cases/mobileWeb/_include/get_screenPath

2019-10-03 08:08:26 - [TEST_STEP][PASSED] - m = getExecutionProperties(): null

2019-10-03 08:08:26 - [TEST_STEP][PASSED] - deviceName = get("mobileEmulation").get("deviceName"): null

2019-10-03 08:08:26 - [TEST_STEP][PASSED] - println(deviceName): null

2019-10-03 08:08:26 - [TEST_STEP][PASSED] - now = new java.util.Date(): null

2019-10-03 08:08:26 - [TEST_STEP][PASSED] - mydate = now.format("yyyyMMdd_HHmmss"): null

2019-10-03 08:08:26 - [TEST_STEP][PASSED] - screenPath = "../Screenshots/": null

2019-10-03 08:08:26 - [TEST_STEP][PASSED] - screenPath = screenPath + deviceName + "/" + productLine + "/" + carrierName + "/" + mydate + "/": null

2019-10-03 08:08:26 - [TEST_STEP][PASSED] - println(screenPath): null

2019-10-03 08:08:26 - [MESSAGE][PASSED] - Call Test Case 'Test Cases/mobileWeb/_include/get_screenPath' successfully

2019-10-03 08:08:26 - [TEST_STEP][PASSED] - i = 0: null

2019-10-03 08:08:26 - [TEST_STEP][PASSED] - callTestCase(findTestCase("mobileWeb/_include/openWebSite"), [:], CONTINUE_ON_FAILURE): Call Test Case 'Test Cases/mobileWeb/_include/openWebSite' successfully

2019-10-03 08:08:26 - [TEST_CASE][PASSED] - Test Cases/mobileWeb/_include/openWebSite: Test Cases/mobileWeb/_include/openWebSite

2019-10-03 08:08:26 - [TEST_STEP][PASSED] - openBrowser(env): Browser is opened with url: 'https://praetemptatus.agilehealthinsurance.com'

2019-10-03 08:08:26 - [MESSAGE][WARNING] - A browser is already opened. Closing browser and opening a new one

2019-10-03 08:08:27 - [MESSAGE][INFO] - Starting 'Chrome' driver

2019-10-03 08:08:27 - [MESSAGE][INFO] - User set preference: ['mobileEmulation', '{deviceName=iPhone 6}']

2019-10-03 08:08:27 - [MESSAGE][INFO] - User set preference: ['args', '[--incognito, --aggressive-cache-discard, --window-size=375,677, --no-sandbox]']

2019-10-03 08:08:30 - [MESSAGE][PASSED] - Browser is opened with url: 'https://praetemptatus.agilehealthinsurance.com'

2019-10-03 08:08:30 - [TEST_STEP][PASSED] - waitForPageLoad(20): Wait for page load successfully

2019-10-03 08:08:30 - [MESSAGE][PASSED] - Wait for page load successfully

2019-10-03 08:08:30 - [TEST_STEP][PASSED] - Thread.sleep(2000): null

2019-10-03 08:08:32 - [TEST_STEP][PASSED] - callTestCase(findTestCase("mobileWeb/_include/get_screenshot"), [:], STOP_ON_FAILURE): Call Test Case 'Test Cases/mobileWeb/_include/get_screenshot' successfully

2019-10-03 08:08:33 - [TEST_CASE][PASSED] - Test Cases/mobileWeb/_include/get_screenshot: Test Cases/mobileWeb/_include/get_screenshot

2019-10-03 08:08:33 - [TEST_STEP][PASSED] - takeScreenshot(screenPath + i + ".png"): Taking screenshot successfully

2019-10-03 08:08:34 - [MESSAGE][PASSED] - Taking screenshot successfully
[[ATTACHMENT|D:\\Test\\AgileTest\\Reports\\mobileWeb\\stm\\20191003_080058\\../Screenshots/iPhone 6/stm/Companion/20191003_080826/0.png]]

2019-10-03 08:08:34 - [TEST_STEP][PASSED] - (internal.GlobalVariable.i++): null

2019-10-03 08:08:35 - [MESSAGE][PASSED] - Call Test Case 'Test Cases/mobileWeb/_include/get_screenshot' successfully

2019-10-03 08:08:35 - [MESSAGE][PASSED] - Call Test Case 'Test Cases/mobileWeb/_include/openWebSite' successfully

2019-10-03 08:08:35 - [TEST_STEP][PASSED] - callTestCase(findTestCase("mobileWeb/_include/census_stm"), [:], CONTINUE_ON_FAILURE): Call Test Case 'Test Cases/mobileWeb/_include/census_stm' successfully

2019-10-03 08:08:35 - [TEST_CASE][PASSED] - Test Cases/mobileWeb/_include/census_stm: Test Cases/mobileWeb/_include/census_stm

2019-10-03 08:08:36 - [TEST_STEP][PASSED] - waitForElementClickable(findTestObject("mobileSanity/STM/Home Page/a_Quote  Save Today"), 10): Object 'Object Repository/mobileSanity/STM/Home Page/a_Quote  Save Today' is clickable

2019-10-03 08:08:36 - [MESSAGE][PASSED] - Object 'Object Repository/mobileSanity/STM/Home Page/a_Quote  Save Today' is clickable

2019-10-03 08:08:36 - [TEST_STEP][PASSED] - click(findTestObject("mobileSanity/STM/Home Page/a_Quote  Save Today")): Object: 'Object Repository/mobileSanity/STM/Home Page/a_Quote  Save Today' is clicked on

2019-10-03 08:08:37 - [MESSAGE][PASSED] - Object: 'Object Repository/mobileSanity/STM/Home Page/a_Quote  Save Today' is clicked on

2019-10-03 08:08:37 - [TEST_STEP][PASSED] - waitForPageLoad(10): Wait for page load successfully

2019-10-03 08:08:37 - [MESSAGE][PASSED] - Wait for page load successfully

2019-10-03 08:08:37 - [TEST_STEP][PASSED] - callTestCase(findTestCase("mobileWeb/_include/get_screenshot"), [:], STOP_ON_FAILURE): Call Test Case 'Test Cases/mobileWeb/_include/get_screenshot' successfully

2019-10-03 08:08:37 - [TEST_CASE][PASSED] - Test Cases/mobileWeb/_include/get_screenshot: Test Cases/mobileWeb/_include/get_screenshot

2019-10-03 08:08:37 - [TEST_STEP][PASSED] - takeScreenshot(screenPath + i + ".png"): Taking screenshot successfully

2019-10-03 08:08:39 - [MESSAGE][PASSED] - Taking screenshot successfully
[[ATTACHMENT|D:\\Test\\AgileTest\\Reports\\mobileWeb\\stm\\20191003_080058\\../Screenshots/iPhone 6/stm/Companion/20191003_080826/1.png]]

2019-10-03 08:08:39 - [TEST_STEP][PASSED] - (internal.GlobalVariable.i++): null

2019-10-03 08:08:39 - [MESSAGE][PASSED] - Call Test Case 'Test Cases/mobileWeb/_include/get_screenshot' successfully

2019-10-03 08:08:39 - [TEST_STEP][PASSED] - setText(findTestObject("mobileSanity/STM/STM Census Page/input_Location_zip-input"), zipcode): Text '35215' is set on object 'Object Repository/mobileSanity/STM/STM Census Page/input_Location_zip-input'

2019-10-03 08:08:40 - [MESSAGE][PASSED] - Text '35215' is set on object 'Object Repository/mobileSanity/STM/STM Census Page/input_Location_zip-input'

2019-10-03 08:08:40 - [TEST_STEP][PASSED] - Thread.sleep(500): null

2019-10-03 08:08:41 - [TEST_STEP][PASSED] - setText(findTestObject("mobileSanity/STM/STM Census Page/input_Date of Birth_dob-0"), "03031987"): Text '03031987' is set on object 'Object Repository/mobileSanity/STM/STM Census Page/input_Date of Birth_dob-0'

2019-10-03 08:08:42 - [MESSAGE][PASSED] - Text '03031987' is set on object 'Object Repository/mobileSanity/STM/STM Census Page/input_Date of Birth_dob-0'

2019-10-03 08:08:42 - [TEST_STEP][PASSED] - click(findTestObject("mobileSanity/STM/STM Census Page/label_Male")): Object: 'Object Repository/mobileSanity/STM/STM Census Page/label_Male' is clicked on

2019-10-03 08:08:43 - [MESSAGE][PASSED] - Object: 'Object Repository/mobileSanity/STM/STM Census Page/label_Male' is clicked on

2019-10-03 08:08:43 - [TEST_STEP][PASSED] - click(findTestObject("mobileSanity/STM/STM Census Page/label_Compare Plans")): Object: 'Object Repository/mobileSanity/STM/STM Census Page/label_Compare Plans' is clicked on

2019-10-03 08:08:46 - [MESSAGE][PASSED] - Object: 'Object Repository/mobileSanity/STM/STM Census Page/label_Compare Plans' is clicked on

2019-10-03 08:08:46 - [TEST_STEP][PASSED] - waitForElementVisible(findTestObject("mobileSanity/STM/STM Quote Page/button_sort"), 20): Object 'Object Repository/mobileSanity/STM/STM Quote Page/button_sort' is visible

2019-10-03 08:08:47 - [MESSAGE][PASSED] - Object 'Object Repository/mobileSanity/STM/STM Quote Page/button_sort' is visible

2019-10-03 08:08:47 - [TEST_STEP][PASSED] - Thread.sleep(3000): null

2019-10-03 08:08:50 - [TEST_STEP][PASSED] - callTestCase(findTestCase("mobileWeb/_include/get_screenshot"), [:], STOP_ON_FAILURE): Call Test Case 'Test Cases/mobileWeb/_include/get_screenshot' successfully

2019-10-03 08:08:50 - [TEST_CASE][PASSED] - Test Cases/mobileWeb/_include/get_screenshot: Test Cases/mobileWeb/_include/get_screenshot

2019-10-03 08:08:50 - [TEST_STEP][PASSED] - takeScreenshot(screenPath + i + ".png"): Taking screenshot successfully

2019-10-03 08:08:50 - [MESSAGE][PASSED] - Taking screenshot successfully
[[ATTACHMENT|D:\\Test\\AgileTest\\Reports\\mobileWeb\\stm\\20191003_080058\\../Screenshots/iPhone 6/stm/Companion/20191003_080826/2.png]]

2019-10-03 08:08:50 - [TEST_STEP][PASSED] - (internal.GlobalVariable.i++): null

2019-10-03 08:08:50 - [MESSAGE][PASSED] - Call Test Case 'Test Cases/mobileWeb/_include/get_screenshot' successfully

2019-10-03 08:08:50 - [TEST_STEP][PASSED] - Thread.sleep(1000): null

2019-10-03 08:08:51 - [MESSAGE][PASSED] - Call Test Case 'Test Cases/mobileWeb/_include/census_stm' successfully

2019-10-03 08:08:51 - [TEST_STEP][PASSED] - callTestCase(findTestCase("mobileWeb/_include/filter_stm"), ["carrier":"pivotcompanion"], STOP_ON_FAILURE): Call Test Case 'Test Cases/mobileWeb/_include/filter_stm' successfully

2019-10-03 08:08:52 - [TEST_CASE][PASSED] - Test Cases/mobileWeb/_include/filter_stm: Test Cases/mobileWeb/_include/filter_stm

2019-10-03 08:08:52 - [TEST_STEP][PASSED] - driver = getWebDriver(): null

2019-10-03 08:08:52 - [TEST_STEP][PASSED] - selenium = new com.thoughtworks.selenium.webdriven.WebDriverBackedSelenium(driver, internal.GlobalVariable.ENV): null

2019-10-03 08:08:52 - [TEST_STEP][PASSED] - Thread.sleep(1000): null

2019-10-03 08:08:53 - [TEST_STEP][PASSED] - click(findTestObject("mobileSanity/STM/STM Quote Page/button_filters")): Object: 'Object Repository/mobileSanity/STM/STM Quote Page/button_filters' is clicked on

2019-10-03 08:08:53 - [MESSAGE][PASSED] - Object: 'Object Repository/mobileSanity/STM/STM Quote Page/button_filters' is clicked on

2019-10-03 08:08:53 - [TEST_STEP][PASSED] - Thread.sleep(1000): null

2019-10-03 08:08:54 - [TEST_STEP][PASSED] - click(findTestObject("mobileSanity/STM/STM Quote Page/i_Insurance company")): Object: 'Object Repository/mobileSanity/STM/STM Quote Page/i_Insurance company' is clicked on

2019-10-03 08:08:54 - [MESSAGE][PASSED] - Object: 'Object Repository/mobileSanity/STM/STM Quote Page/i_Insurance company' is clicked on

2019-10-03 08:08:54 - [TEST_STEP][PASSED] - Thread.sleep(1000): null

2019-10-03 08:08:55 - [TEST_STEP][PASSED] - filter_carrier = "//input[@name='filter[carrier]' and @value='" + carrier + "']/following::label": null

2019-10-03 08:08:55 - [TEST_STEP][PASSED] - println(filter_carrier): null

2019-10-03 08:08:55 - [TEST_STEP][PASSED] - test.MobileKeywords.clickJS_ByXpath(filter_carrier): test.MobileKeywords.clickJS_ByXpath is PASSED

2019-10-03 08:08:55 - [MESSAGE][PASSED] - Execute JavaScript 'arguments[0].click()' successfully

2019-10-03 08:08:55 - [MESSAGE][PASSED] - test.MobileKeywords.clickJS_ByXpath is PASSED

2019-10-03 08:08:55 - [TEST_STEP][PASSED] - Thread.sleep(1000): null

2019-10-03 08:08:56 - [TEST_STEP][PASSED] - scrollToElement(findTestObject("mobileSanity/STM/STM Quote Page/a_Show Plans"), 1000): Scroll to object 'Object Repository/mobileSanity/STM/STM Quote Page/a_Show Plans' successfully

2019-10-03 08:08:56 - [MESSAGE][PASSED] - Scroll to object 'Object Repository/mobileSanity/STM/STM Quote Page/a_Show Plans' successfully

2019-10-03 08:08:56 - [TEST_STEP][PASSED] - click(findTestObject("mobileSanity/STM/STM Quote Page/a_Show Plans")): Object: 'Object Repository/mobileSanity/STM/STM Quote Page/a_Show Plans' is clicked on

2019-10-03 08:08:56 - [MESSAGE][PASSED] - Object: 'Object Repository/mobileSanity/STM/STM Quote Page/a_Show Plans' is clicked on

2019-10-03 08:08:56 - [TEST_STEP][PASSED] - waitForJQueryLoad(20, STOP_ON_FAILURE): jQuery is ready.

2019-10-03 08:08:56 - [MESSAGE][PASSED] - jQuery is ready.

2019-10-03 08:08:56 - [TEST_STEP][PASSED] - Thread.sleep(2000): null

2019-10-03 08:08:58 - [TEST_STEP][PASSED] - callTestCase(findTestCase("mobileWeb/_include/get_screenshot"), [:], STOP_ON_FAILURE): Call Test Case 'Test Cases/mobileWeb/_include/get_screenshot' successfully

2019-10-03 08:08:58 - [TEST_CASE][PASSED] - Test Cases/mobileWeb/_include/get_screenshot: Test Cases/mobileWeb/_include/get_screenshot

2019-10-03 08:08:58 - [TEST_STEP][PASSED] - takeScreenshot(screenPath + i + ".png"): Taking screenshot successfully

2019-10-03 08:08:59 - [MESSAGE][PASSED] - Taking screenshot successfully
[[ATTACHMENT|D:\\Test\\AgileTest\\Reports\\mobileWeb\\stm\\20191003_080058\\../Screenshots/iPhone 6/stm/Companion/20191003_080826/3.png]]

2019-10-03 08:08:59 - [TEST_STEP][PASSED] - (internal.GlobalVariable.i++): null

2019-10-03 08:08:59 - [MESSAGE][PASSED] - Call Test Case 'Test Cases/mobileWeb/_include/get_screenshot' successfully

2019-10-03 08:08:59 - [MESSAGE][PASSED] - Call Test Case 'Test Cases/mobileWeb/_include/filter_stm' successfully

2019-10-03 08:08:59 - [TEST_STEP][PASSED] - callTestCase(findTestCase("mobileWeb/_include/goToDetail_stm"), ["carrier":"pivot-health-choice"], STOP_ON_FAILURE): Call Test Case 'Test Cases/mobileWeb/_include/goToDetail_stm' successfully

2019-10-03 08:08:59 - [TEST_CASE][PASSED] - Test Cases/mobileWeb/_include/goToDetail_stm: Test Cases/mobileWeb/_include/goToDetail_stm

2019-10-03 08:08:59 - [TEST_STEP][PASSED] - driver = getWebDriver(): null

2019-10-03 08:08:59 - [TEST_STEP][PASSED] - selenium = new com.thoughtworks.selenium.webdriven.WebDriverBackedSelenium(driver, internal.GlobalVariable.ENV): null

2019-10-03 08:08:59 - [TEST_STEP][PASSED] - a_plan_name = "xpath=//a[contains(@href,'/term-health-insurance/plan/" + carrier + "')]": null

2019-10-03 08:08:59 - [TEST_STEP][PASSED] - println(a_plan_name): null

2019-10-03 08:08:59 - [TEST_STEP][PASSED] - selenium.click(a_plan_name): null

2019-10-03 08:09:01 - [TEST_STEP][PASSED] - waitForPageLoad(20): Wait for page load successfully

2019-10-03 08:09:01 - [MESSAGE][PASSED] - Wait for page load successfully

2019-10-03 08:09:01 - [TEST_STEP][PASSED] - Thread.sleep(2000): null

2019-10-03 08:09:03 - [TEST_STEP][PASSED] - callTestCase(findTestCase("mobileWeb/_include/get_screenshot"), [:], STOP_ON_FAILURE): Call Test Case 'Test Cases/mobileWeb/_include/get_screenshot' successfully

2019-10-03 08:09:03 - [TEST_CASE][PASSED] - Test Cases/mobileWeb/_include/get_screenshot: Test Cases/mobileWeb/_include/get_screenshot

2019-10-03 08:09:03 - [TEST_STEP][PASSED] - takeScreenshot(screenPath + i + ".png"): Taking screenshot successfully

2019-10-03 08:09:03 - [MESSAGE][PASSED] - Taking screenshot successfully
[[ATTACHMENT|D:\\Test\\AgileTest\\Reports\\mobileWeb\\stm\\20191003_080058\\../Screenshots/iPhone 6/stm/Companion/20191003_080826/4.png]]

2019-10-03 08:09:03 - [TEST_STEP][PASSED] - (internal.GlobalVariable.i++): null

2019-10-03 08:09:03 - [MESSAGE][PASSED] - Call Test Case 'Test Cases/mobileWeb/_include/get_screenshot' successfully

2019-10-03 08:09:03 - [MESSAGE][PASSED] - Call Test Case 'Test Cases/mobileWeb/_include/goToDetail_stm' successfully

2019-10-03 08:09:03 - [TEST_STEP][PASSED] - callTestCase(findTestCase("mobileWeb/_include/apply_stm"), [:], STOP_ON_FAILURE): Call Test Case 'Test Cases/mobileWeb/_include/apply_stm' successfully

2019-10-03 08:09:03 - [TEST_CASE][PASSED] - Test Cases/mobileWeb/_include/apply_stm: Test Cases/mobileWeb/_include/apply_stm

2019-10-03 08:09:03 - [TEST_STEP][PASSED] - waitForElementVisible(findTestObject("mobileSanity/STM/STM PlanDetail Page/a_Apply for This Plan"), 5): Object 'Object Repository/mobileSanity/STM/STM PlanDetail Page/a_Apply for This Plan' is visible

2019-10-03 08:09:03 - [MESSAGE][PASSED] - Object 'Object Repository/mobileSanity/STM/STM PlanDetail Page/a_Apply for This Plan' is visible

2019-10-03 08:09:03 - [TEST_STEP][PASSED] - click(findTestObject("mobileSanity/STM/STM PlanDetail Page/a_Apply for This Plan")): Object: 'Object Repository/mobileSanity/STM/STM PlanDetail Page/a_Apply for This Plan' is clicked on

2019-10-03 08:09:04 - [MESSAGE][PASSED] - Object: 'Object Repository/mobileSanity/STM/STM PlanDetail Page/a_Apply for This Plan' is clicked on

2019-10-03 08:09:04 - [TEST_STEP][PASSED] - waitForPageLoad(10): Wait for page load successfully

2019-10-03 08:09:04 - [MESSAGE][PASSED] - Wait for page load successfully

2019-10-03 08:09:04 - [TEST_STEP][PASSED] - Thread.sleep(2000): null

2019-10-03 08:09:06 - [TEST_STEP][PASSED] - callTestCase(findTestCase("mobileWeb/_include/get_screenshot"), [:], STOP_ON_FAILURE): Call Test Case 'Test Cases/mobileWeb/_include/get_screenshot' successfully

2019-10-03 08:09:07 - [TEST_CASE][PASSED] - Test Cases/mobileWeb/_include/get_screenshot: Test Cases/mobileWeb/_include/get_screenshot

2019-10-03 08:09:07 - [TEST_STEP][PASSED] - takeScreenshot(screenPath + i + ".png"): Taking screenshot successfully

2019-10-03 08:09:07 - [MESSAGE][PASSED] - Taking screenshot successfully
[[ATTACHMENT|D:\\Test\\AgileTest\\Reports\\mobileWeb\\stm\\20191003_080058\\../Screenshots/iPhone 6/stm/Companion/20191003_080826/5.png]]

2019-10-03 08:09:07 - [TEST_STEP][PASSED] - (internal.GlobalVariable.i++): null

2019-10-03 08:09:07 - [MESSAGE][PASSED] - Call Test Case 'Test Cases/mobileWeb/_include/get_screenshot' successfully

2019-10-03 08:09:07 - [TEST_STEP][PASSED] - waitForElementVisible(findTestObject("mobileSanity/STM/STM Apply Page/a_Start Secure Application"), 5): Object 'Object Repository/mobileSanity/STM/STM Apply Page/a_Start Secure Application' is visible

2019-10-03 08:09:07 - [MESSAGE][PASSED] - Object 'Object Repository/mobileSanity/STM/STM Apply Page/a_Start Secure Application' is visible

2019-10-03 08:09:07 - [TEST_STEP][PASSED] - click(findTestObject("mobileSanity/STM/STM Apply Page/a_Start Secure Application")): Object: 'Object Repository/mobileSanity/STM/STM Apply Page/a_Start Secure Application' is clicked on

2019-10-03 08:09:08 - [MESSAGE][PASSED] - Object: 'Object Repository/mobileSanity/STM/STM Apply Page/a_Start Secure Application' is clicked on

2019-10-03 08:09:08 - [TEST_STEP][PASSED] - waitForPageLoad(20): Wait for page load successfully

2019-10-03 08:09:09 - [MESSAGE][PASSED] - Wait for page load successfully

2019-10-03 08:09:09 - [TEST_STEP][PASSED] - Thread.sleep(2000): null

2019-10-03 08:09:11 - [TEST_STEP][PASSED] - callTestCase(findTestCase("mobileWeb/_include/get_screenshot"), [:], STOP_ON_FAILURE): Call Test Case 'Test Cases/mobileWeb/_include/get_screenshot' successfully

2019-10-03 08:09:11 - [TEST_CASE][PASSED] - Test Cases/mobileWeb/_include/get_screenshot: Test Cases/mobileWeb/_include/get_screenshot

2019-10-03 08:09:11 - [TEST_STEP][PASSED] - takeScreenshot(screenPath + i + ".png"): Taking screenshot successfully

2019-10-03 08:09:11 - [MESSAGE][PASSED] - Taking screenshot successfully
[[ATTACHMENT|D:\\Test\\AgileTest\\Reports\\mobileWeb\\stm\\20191003_080058\\../Screenshots/iPhone 6/stm/Companion/20191003_080826/6.png]]

2019-10-03 08:09:11 - [TEST_STEP][PASSED] - (internal.GlobalVariable.i++): null

2019-10-03 08:09:11 - [MESSAGE][PASSED] - Call Test Case 'Test Cases/mobileWeb/_include/get_screenshot' successfully

2019-10-03 08:09:11 - [MESSAGE][PASSED] - Call Test Case 'Test Cases/mobileWeb/_include/apply_stm' successfully

2019-10-03 08:09:11 - [TEST_STEP][PASSED] - callTestCase(findTestCase("mobileWeb/_include/goToEnd_stm_autofill"), [:], STOP_ON_FAILURE): Call Test Case 'Test Cases/mobileWeb/_include/goToEnd_stm_autofill' successfully

2019-10-03 08:09:11 - [TEST_CASE][PASSED] - Test Cases/mobileWeb/_include/goToEnd_stm_autofill: Test Cases/mobileWeb/_include/goToEnd_stm_autofill

2019-10-03 08:09:11 - [TEST_STEP][PASSED] - callTestCase(findTestCase("mobileWeb/_include/name"), [:], CONTINUE_ON_FAILURE): Call Test Case 'Test Cases/mobileWeb/_include/name' successfully

2019-10-03 08:09:11 - [TEST_CASE][PASSED] - Test Cases/mobileWeb/_include/name: Test Cases/mobileWeb/_include/name

2019-10-03 08:09:11 - [TEST_STEP][PASSED] - driver = getWebDriver(): null

2019-10-03 08:09:11 - [TEST_STEP][PASSED] - selenium = new com.thoughtworks.selenium.webdriven.WebDriverBackedSelenium(driver, internal.GlobalVariable.ENV): null

2019-10-03 08:09:11 - [TEST_STEP][PASSED] - FirstName = "Test-123": null

2019-10-03 08:09:11 - [TEST_STEP][PASSED] - LastName = selenium.getEval("{var x="ABCDEFGHIJKLMNOPQRSTUVWXYZabcdefghijklmnopqrstuvwxyz"; var tmp="ZZ11-"; for (i=0;i<8;i++) tmp+=x.charAt(Math.ceil(51*Math.random()));tmp;}"): null

2019-10-03 08:09:11 - [TEST_STEP][PASSED] - Address = selenium.getEval("{var x="ABCDEFGHIJKLMNOPQRSTUVWXYZabcdefghijklmnopqrstuvwxyz"; var tmp=""; for (i=0;i<8;i++) tmp+=x.charAt(Math.ceil(51*Math.random()));tmp;}"): null

2019-10-03 08:09:11 - [TEST_STEP][PASSED] - City = selenium.getEval("{var x="ABCDEFGHIJKLMNOPQRSTUVWXYZabcdefghijklmnopqrstuvwxyz"; var tmp=""; for (i=0;i<8;i++) tmp+=x.charAt(Math.ceil(51*Math.random()));tmp;}"): null

2019-10-03 08:09:11 - [TEST_STEP][PASSED] - tel1 = selenium.getEval("{var x="123456789"; var tmp=""; for (i=0;i<3;i++) tmp+=x.charAt(Math.ceil(8*Math.random()));tmp;}"): null

2019-10-03 08:09:11 - [TEST_STEP][PASSED] - tel2 = selenium.getEval("{var x="123456789"; var tmp=""; for (i=0;i<3;i++) tmp+=x.charAt(Math.ceil(8*Math.random()));tmp;}"): null

2019-10-03 08:09:11 - [TEST_STEP][PASSED] - tel3 = selenium.getEval("{var x="123456789"; var tmp=""; for (i=0;i<4;i++) tmp+=x.charAt(Math.ceil(8*Math.random()));tmp;}"): null

2019-10-03 08:09:11 - [TEST_STEP][PASSED] - Tel = selenium.getExpression(tel1 + "-" + tel2 + "-" + tel3): null

2019-10-03 08:09:11 - [TEST_STEP][PASSED] - AutoEmail = selenium.getEval("{var x="ABCDEFGHIJKLMNOPQRSTUVWXYZabcdefghijklmnopqrstuvwxyz"; var tmp="test."; for (i=0;i<8;i++) tmp+=x.charAt(Math.ceil(51*Math.random()));tmp+="@suryani.cn";}"): null

2019-10-03 08:09:11 - [TEST_STEP][PASSED] - FirstName = FirstName: null

2019-10-03 08:09:11 - [TEST_STEP][PASSED] - LastName = LastName: null

2019-10-03 08:09:11 - [TEST_STEP][PASSED] - Address = Address: null

2019-10-03 08:09:11 - [TEST_STEP][PASSED] - City = City: null

2019-10-03 08:09:11 - [TEST_STEP][PASSED] - Tel = Tel: null

2019-10-03 08:09:11 - [TEST_STEP][PASSED] - AutoEmail = AutoEmail: null

2019-10-03 08:09:11 - [TEST_STEP][PASSED] - println(FirstName): null

2019-10-03 08:09:11 - [TEST_STEP][PASSED] - println(LastName): null

2019-10-03 08:09:11 - [TEST_STEP][PASSED] - println(Address): null

2019-10-03 08:09:11 - [TEST_STEP][PASSED] - println(City): null

2019-10-03 08:09:11 - [TEST_STEP][PASSED] - println(Tel): null

2019-10-03 08:09:11 - [TEST_STEP][PASSED] - println(AutoEmail): null

2019-10-03 08:09:11 - [MESSAGE][PASSED] - Call Test Case 'Test Cases/mobileWeb/_include/name' successfully

2019-10-03 08:09:11 - [TEST_STEP][FAILED] - try: Unable to verify text 'Month Duration Acknowledgement' is present  (Root cause: com.kms.katalon.core.exception.StepFailedException: Text 'Month Duration Acknowledgement' is not present on page )

2019-10-03 08:09:11 - [TEST_STEP][FAILED] - if (verifyTextPresent("Month Duration Acknowledgement", false)): Unable to verify text 'Month Duration Acknowledgement' is present  (Root cause: com.kms.katalon.core.exception.StepFailedException: Text 'Month Duration Acknowledgement' is not present on page )

2019-10-03 08:09:12 - [MESSAGE][FAILED] - Text 'Month Duration Acknowledgement' is not present on page 

2019-10-03 08:09:12 - [MESSAGE][FAILED] - Unable to verify text 'Month Duration Acknowledgement' is present  (Root cause: com.kms.katalon.core.exception.StepFailedException: Text 'Month Duration Acknowledgement' is not present on page )
[[ATTACHMENT|D:\\Test\\AgileTest\\Reports\\mobileWeb\\stm\\20191003_080058\\1570104552172.png]]

2019-10-03 08:09:12 - [TEST_STEP][PASSED] - catch (Exception e): null

2019-10-03 08:09:12 - [TEST_STEP][PASSED] - println("no consecutive"): null

2019-10-03 08:09:12 - [TEST_STEP][PASSED] - waitForPageLoad(10): Wait for page load successfully

2019-10-03 08:09:12 - [MESSAGE][PASSED] - Wait for page load successfully

2019-10-03 08:09:12 - [TEST_STEP][PASSED] - Thread.sleep(3000): null

2019-10-03 08:09:15 - [TEST_STEP][PASSED] - waitForElementVisible(findTestObject("mobileSanity/STM/Page_App Page 1/a_Autofill App Info"), 20): Object 'Object Repository/mobileSanity/STM/Page_App Page 1/a_Autofill App Info' is visible

2019-10-03 08:09:15 - [MESSAGE][PASSED] - Object 'Object Repository/mobileSanity/STM/Page_App Page 1/a_Autofill App Info' is visible

2019-10-03 08:09:15 - [TEST_STEP][PASSED] - click(findTestObject("mobileSanity/STM/Page_App Page 1/a_Autofill App Info")): Object: 'Object Repository/mobileSanity/STM/Page_App Page 1/a_Autofill App Info' is clicked on

2019-10-03 08:09:15 - [MESSAGE][PASSED] - Object: 'Object Repository/mobileSanity/STM/Page_App Page 1/a_Autofill App Info' is clicked on

2019-10-03 08:09:15 - [TEST_STEP][PASSED] - Thread.sleep(1000): null

2019-10-03 08:09:16 - [TEST_STEP][PASSED] - click(findTestObject("mobileSanity/STM/Page_App Page 1/a_Autofill App Info")): Object: 'Object Repository/mobileSanity/STM/Page_App Page 1/a_Autofill App Info' is clicked on

2019-10-03 08:09:16 - [MESSAGE][PASSED] - Object: 'Object Repository/mobileSanity/STM/Page_App Page 1/a_Autofill App Info' is clicked on

2019-10-03 08:09:16 - [TEST_STEP][PASSED] - Thread.sleep(1000): null

2019-10-03 08:09:17 - [TEST_STEP][PASSED] - waitForElementVisible(findTestObject("mobileSanity/STM/Page_App Page 1/a_Continue"), 20): Object 'Object Repository/mobileSanity/STM/Page_App Page 1/a_Continue' is visible

2019-10-03 08:09:17 - [MESSAGE][PASSED] - Object 'Object Repository/mobileSanity/STM/Page_App Page 1/a_Continue' is visible

2019-10-03 08:09:17 - [TEST_STEP][PASSED] - click(findTestObject("mobileSanity/STM/Page_App Page 1/a_Continue")): Object: 'Object Repository/mobileSanity/STM/Page_App Page 1/a_Continue' is clicked on

2019-10-03 08:09:17 - [MESSAGE][PASSED] - Object: 'Object Repository/mobileSanity/STM/Page_App Page 1/a_Continue' is clicked on

2019-10-03 08:09:17 - [TEST_STEP][PASSED] - waitForPageLoad(20): Wait for page load successfully

2019-10-03 08:09:17 - [MESSAGE][PASSED] - Wait for page load successfully

2019-10-03 08:09:17 - [TEST_STEP][PASSED] - Thread.sleep(2000): null

2019-10-03 08:09:19 - [TEST_STEP][PASSED] - callTestCase(findTestCase("mobileWeb/_include/get_screenshot"), [:], STOP_ON_FAILURE): Call Test Case 'Test Cases/mobileWeb/_include/get_screenshot' successfully

2019-10-03 08:09:19 - [TEST_CASE][PASSED] - Test Cases/mobileWeb/_include/get_screenshot: Test Cases/mobileWeb/_include/get_screenshot

2019-10-03 08:09:19 - [TEST_STEP][PASSED] - takeScreenshot(screenPath + i + ".png"): Taking screenshot successfully

2019-10-03 08:09:20 - [MESSAGE][PASSED] - Taking screenshot successfully
[[ATTACHMENT|D:\\Test\\AgileTest\\Reports\\mobileWeb\\stm\\20191003_080058\\../Screenshots/iPhone 6/stm/Companion/20191003_080826/7.png]]

2019-10-03 08:09:20 - [TEST_STEP][PASSED] - (internal.GlobalVariable.i++): null

2019-10-03 08:09:20 - [MESSAGE][PASSED] - Call Test Case 'Test Cases/mobileWeb/_include/get_screenshot' successfully

2019-10-03 08:09:20 - [TEST_STEP][PASSED] - click(findTestObject("mobileSanity/STM/Page_App Page 2/a_Continue to Step 3 - Payment")): Object: 'Object Repository/mobileSanity/STM/Page_App Page 2/a_Continue to Step 3 - Payment' is clicked on

2019-10-03 08:09:20 - [MESSAGE][PASSED] - Object: 'Object Repository/mobileSanity/STM/Page_App Page 2/a_Continue to Step 3 - Payment' is clicked on

2019-10-03 08:09:20 - [TEST_STEP][PASSED] - waitForPageLoad(20): Wait for page load successfully

2019-10-03 08:09:20 - [MESSAGE][PASSED] - Wait for page load successfully

2019-10-03 08:09:20 - [TEST_STEP][PASSED] - waitForElementVisible(findTestObject("mobileSanity/STM/Page_App Page 3/input__credit-card-cvv"), 20): Object 'Object Repository/mobileSanity/STM/Page_App Page 3/input__credit-card-cvv' is visible

2019-10-03 08:09:21 - [MESSAGE][PASSED] - Object 'Object Repository/mobileSanity/STM/Page_App Page 3/input__credit-card-cvv' is visible

2019-10-03 08:09:21 - [TEST_STEP][PASSED] - Thread.sleep(2000): null

2019-10-03 08:09:23 - [TEST_STEP][PASSED] - callTestCase(findTestCase("mobileWeb/_include/get_screenshot"), [:], STOP_ON_FAILURE): Call Test Case 'Test Cases/mobileWeb/_include/get_screenshot' successfully

2019-10-03 08:09:23 - [TEST_CASE][PASSED] - Test Cases/mobileWeb/_include/get_screenshot: Test Cases/mobileWeb/_include/get_screenshot

2019-10-03 08:09:23 - [TEST_STEP][PASSED] - takeScreenshot(screenPath + i + ".png"): Taking screenshot successfully

2019-10-03 08:09:23 - [MESSAGE][PASSED] - Taking screenshot successfully
[[ATTACHMENT|D:\\Test\\AgileTest\\Reports\\mobileWeb\\stm\\20191003_080058\\../Screenshots/iPhone 6/stm/Companion/20191003_080826/8.png]]

2019-10-03 08:09:23 - [TEST_STEP][PASSED] - (internal.GlobalVariable.i++): null

2019-10-03 08:09:23 - [MESSAGE][PASSED] - Call Test Case 'Test Cases/mobileWeb/_include/get_screenshot' successfully

2019-10-03 08:09:23 - [TEST_STEP][PASSED] - clearText(findTestObject("mobileSanity/STM/Page_App Page 3/input__credit-card-cvv")): Text of object 'Object Repository/mobileSanity/STM/Page_App Page 3/input__credit-card-cvv' is cleared

2019-10-03 08:09:23 - [MESSAGE][PASSED] - Text of object 'Object Repository/mobileSanity/STM/Page_App Page 3/input__credit-card-cvv' is cleared

2019-10-03 08:09:23 - [TEST_STEP][PASSED] - setText(findTestObject("mobileSanity/STM/Page_App Page 3/input__credit-card-cvv"), "123"): Text '123' is set on object 'Object Repository/mobileSanity/STM/Page_App Page 3/input__credit-card-cvv'

2019-10-03 08:09:23 - [MESSAGE][PASSED] - Text '123' is set on object 'Object Repository/mobileSanity/STM/Page_App Page 3/input__credit-card-cvv'

2019-10-03 08:09:23 - [TEST_STEP][PASSED] - click(findTestObject("mobileSanity/STM/Page_App Page 3/label_I Accept Authorization f")): Object: 'Object Repository/mobileSanity/STM/Page_App Page 3/label_I Accept Authorization f' is clicked on

2019-10-03 08:09:23 - [MESSAGE][PASSED] - Object: 'Object Repository/mobileSanity/STM/Page_App Page 3/label_I Accept Authorization f' is clicked on

2019-10-03 08:09:23 - [TEST_STEP][PASSED] - click(findTestObject("mobileSanity/STM/Page_App Page 3/a_Continue to Step 4 - Review")): Object: 'Object Repository/mobileSanity/STM/Page_App Page 3/a_Continue to Step 4 - Review' is clicked on

2019-10-03 08:09:24 - [MESSAGE][PASSED] - Object: 'Object Repository/mobileSanity/STM/Page_App Page 3/a_Continue to Step 4 - Review' is clicked on

2019-10-03 08:09:24 - [TEST_STEP][PASSED] - waitForPageLoad(10): Wait for page load successfully

2019-10-03 08:09:24 - [MESSAGE][PASSED] - Wait for page load successfully

2019-10-03 08:09:24 - [TEST_STEP][PASSED] - waitForElementClickable(findTestObject("mobileSanity/STM/Page_App Page 4/label"), 10): Web element with id: 'Object Repository/mobileSanity/STM/Page_App Page 4/label' located by 'By.xpath: //input[@id = 'consent-checkbox-0']' not found

2019-10-03 08:09:34 - [MESSAGE][INFO] - Unable to find the element located by 'By.xpath: //input[@id = 'consent-checkbox-0']'. Please recheck the objects properties to make sure the desired element is located. 

2019-10-03 08:09:34 - [MESSAGE][WARNING] - Web element with id: 'Object Repository/mobileSanity/STM/Page_App Page 4/label' located by 'By.xpath: //input[@id = 'consent-checkbox-0']' not found

2019-10-03 08:09:34 - [TEST_STEP][PASSED] - Thread.sleep(2000): null

2019-10-03 08:09:36 - [TEST_STEP][PASSED] - callTestCase(findTestCase("mobileWeb/_include/get_screenshot"), [:], STOP_ON_FAILURE): Call Test Case 'Test Cases/mobileWeb/_include/get_screenshot' successfully

2019-10-03 08:09:36 - [TEST_CASE][PASSED] - Test Cases/mobileWeb/_include/get_screenshot: Test Cases/mobileWeb/_include/get_screenshot

2019-10-03 08:09:36 - [TEST_STEP][PASSED] - takeScreenshot(screenPath + i + ".png"): Taking screenshot successfully

2019-10-03 08:09:37 - [MESSAGE][PASSED] - Taking screenshot successfully
[[ATTACHMENT|D:\\Test\\AgileTest\\Reports\\mobileWeb\\stm\\20191003_080058\\../Screenshots/iPhone 6/stm/Companion/20191003_080826/9.png]]

2019-10-03 08:09:37 - [TEST_STEP][PASSED] - (internal.GlobalVariable.i++): null

2019-10-03 08:09:37 - [MESSAGE][PASSED] - Call Test Case 'Test Cases/mobileWeb/_include/get_screenshot' successfully

2019-10-03 08:09:37 - [TEST_STEP][PASSED] - click(findTestObject("mobileSanity/STM/Page_App Page 4/label")): Object: 'Object Repository/mobileSanity/STM/Page_App Page 4/label' is clicked on

2019-10-03 08:09:37 - [MESSAGE][PASSED] - Object: 'Object Repository/mobileSanity/STM/Page_App Page 4/label' is clicked on

2019-10-03 08:09:37 - [TEST_STEP][PASSED] - click(findTestObject("mobileSanity/STM/Page_App Page 4/div_CLICK TO SIGN")): Object: 'Object Repository/mobileSanity/STM/Page_App Page 4/div_CLICK TO SIGN' is clicked on

2019-10-03 08:09:37 - [MESSAGE][PASSED] - Object: 'Object Repository/mobileSanity/STM/Page_App Page 4/div_CLICK TO SIGN' is clicked on

2019-10-03 08:09:37 - [TEST_STEP][PASSED] - click(findTestObject("mobileSanity/STM/Page_App Page 4/a_Submit Your Application")): Object: 'Object Repository/mobileSanity/STM/Page_App Page 4/a_Submit Your Application' is clicked on

2019-10-03 08:09:37 - [MESSAGE][PASSED] - Object: 'Object Repository/mobileSanity/STM/Page_App Page 4/a_Submit Your Application' is clicked on

2019-10-03 08:09:37 - [TEST_STEP][PASSED] - Thread.sleep(30000): null

2019-10-03 08:10:07 - [TEST_STEP][PASSED] - waitForElementPresent(findTestObject("mobileSanity/STM/Page_App Page 6/app-page-wrapper"), 20): Object 'Object Repository/mobileSanity/STM/Page_App Page 6/app-page-wrapper' is present

2019-10-03 08:10:07 - [MESSAGE][PASSED] - Object 'Object Repository/mobileSanity/STM/Page_App Page 6/app-page-wrapper' is present

2019-10-03 08:10:07 - [TEST_STEP][PASSED] - callTestCase(findTestCase("mobileWeb/_include/get_screenshot"), [:], STOP_ON_FAILURE): Call Test Case 'Test Cases/mobileWeb/_include/get_screenshot' successfully

2019-10-03 08:10:07 - [TEST_CASE][PASSED] - Test Cases/mobileWeb/_include/get_screenshot: Test Cases/mobileWeb/_include/get_screenshot

2019-10-03 08:10:07 - [TEST_STEP][PASSED] - takeScreenshot(screenPath + i + ".png"): Taking screenshot successfully

2019-10-03 08:10:08 - [MESSAGE][PASSED] - Taking screenshot successfully
[[ATTACHMENT|D:\\Test\\AgileTest\\Reports\\mobileWeb\\stm\\20191003_080058\\../Screenshots/iPhone 6/stm/Companion/20191003_080826/10.png]]

2019-10-03 08:10:08 - [TEST_STEP][PASSED] - (internal.GlobalVariable.i++): null

2019-10-03 08:10:08 - [MESSAGE][PASSED] - Call Test Case 'Test Cases/mobileWeb/_include/get_screenshot' successfully

2019-10-03 08:10:08 - [MESSAGE][PASSED] - Call Test Case 'Test Cases/mobileWeb/_include/goToEnd_stm_autofill' successfully]]></system-out>
         <system-err><![CDATA[]]></system-err>
      </testcase>
      <testcase name="Test Cases/mobileWeb/stm/Everest" classname="Test Cases/mobileWeb/stm/Everest" status="PASSED">
         <system-out><![CDATA[2019-10-03 08:10:08 - [TEST_CASE][PASSED] - Test Cases/mobileWeb/stm/Everest: Test Cases/mobileWeb/stm/Everest

2019-10-03 08:10:08 - [TEST_STEP][PASSED] - callTestCase(findTestCase("mobileWeb/_include/get_screenPath"), ["productLine":"stm", "carrierName":"Everest"], CONTINUE_ON_FAILURE): Call Test Case 'Test Cases/mobileWeb/_include/get_screenPath' successfully

2019-10-03 08:10:08 - [TEST_CASE][PASSED] - Test Cases/mobileWeb/_include/get_screenPath: Test Cases/mobileWeb/_include/get_screenPath

2019-10-03 08:10:08 - [TEST_STEP][PASSED] - m = getExecutionProperties(): null

2019-10-03 08:10:08 - [TEST_STEP][PASSED] - deviceName = get("mobileEmulation").get("deviceName"): null

2019-10-03 08:10:08 - [TEST_STEP][PASSED] - println(deviceName): null

2019-10-03 08:10:08 - [TEST_STEP][PASSED] - now = new java.util.Date(): null

2019-10-03 08:10:08 - [TEST_STEP][PASSED] - mydate = now.format("yyyyMMdd_HHmmss"): null

2019-10-03 08:10:08 - [TEST_STEP][PASSED] - screenPath = "../Screenshots/": null

2019-10-03 08:10:08 - [TEST_STEP][PASSED] - screenPath = screenPath + deviceName + "/" + productLine + "/" + carrierName + "/" + mydate + "/": null

2019-10-03 08:10:08 - [TEST_STEP][PASSED] - println(screenPath): null

2019-10-03 08:10:08 - [MESSAGE][PASSED] - Call Test Case 'Test Cases/mobileWeb/_include/get_screenPath' successfully

2019-10-03 08:10:08 - [TEST_STEP][PASSED] - i = 0: null

2019-10-03 08:10:08 - [TEST_STEP][PASSED] - callTestCase(findTestCase("mobileWeb/_include/openWebSite"), [:], STOP_ON_FAILURE): Call Test Case 'Test Cases/mobileWeb/_include/openWebSite' successfully

2019-10-03 08:10:08 - [TEST_CASE][PASSED] - Test Cases/mobileWeb/_include/openWebSite: Test Cases/mobileWeb/_include/openWebSite

2019-10-03 08:10:08 - [TEST_STEP][PASSED] - openBrowser(env): Browser is opened with url: 'https://praetemptatus.agilehealthinsurance.com'

2019-10-03 08:10:08 - [MESSAGE][WARNING] - A browser is already opened. Closing browser and opening a new one

2019-10-03 08:10:09 - [MESSAGE][INFO] - Starting 'Chrome' driver

2019-10-03 08:10:09 - [MESSAGE][INFO] - User set preference: ['mobileEmulation', '{deviceName=iPhone 6}']

2019-10-03 08:10:09 - [MESSAGE][INFO] - User set preference: ['args', '[--incognito, --aggressive-cache-discard, --window-size=375,677, --no-sandbox]']

2019-10-03 08:10:12 - [MESSAGE][PASSED] - Browser is opened with url: 'https://praetemptatus.agilehealthinsurance.com'

2019-10-03 08:10:12 - [TEST_STEP][PASSED] - waitForPageLoad(20): Wait for page load successfully

2019-10-03 08:10:12 - [MESSAGE][PASSED] - Wait for page load successfully

2019-10-03 08:10:12 - [TEST_STEP][PASSED] - Thread.sleep(2000): null

2019-10-03 08:10:14 - [TEST_STEP][PASSED] - callTestCase(findTestCase("mobileWeb/_include/get_screenshot"), [:], STOP_ON_FAILURE): Call Test Case 'Test Cases/mobileWeb/_include/get_screenshot' successfully

2019-10-03 08:10:14 - [TEST_CASE][PASSED] - Test Cases/mobileWeb/_include/get_screenshot: Test Cases/mobileWeb/_include/get_screenshot

2019-10-03 08:10:14 - [TEST_STEP][PASSED] - takeScreenshot(screenPath + i + ".png"): Taking screenshot successfully

2019-10-03 08:10:15 - [MESSAGE][PASSED] - Taking screenshot successfully
[[ATTACHMENT|D:\\Test\\AgileTest\\Reports\\mobileWeb\\stm\\20191003_080058\\../Screenshots/iPhone 6/stm/Everest/20191003_081008/0.png]]

2019-10-03 08:10:15 - [TEST_STEP][PASSED] - (internal.GlobalVariable.i++): null

2019-10-03 08:10:15 - [MESSAGE][PASSED] - Call Test Case 'Test Cases/mobileWeb/_include/get_screenshot' successfully

2019-10-03 08:10:15 - [MESSAGE][PASSED] - Call Test Case 'Test Cases/mobileWeb/_include/openWebSite' successfully

2019-10-03 08:10:15 - [TEST_STEP][PASSED] - callTestCase(findTestCase("mobileWeb/_include/census_stm"), ["zipcode":"83709"], STOP_ON_FAILURE): Call Test Case 'Test Cases/mobileWeb/_include/census_stm' successfully

2019-10-03 08:10:15 - [TEST_CASE][PASSED] - Test Cases/mobileWeb/_include/census_stm: Test Cases/mobileWeb/_include/census_stm

2019-10-03 08:10:15 - [TEST_STEP][PASSED] - waitForElementClickable(findTestObject("mobileSanity/STM/Home Page/a_Quote  Save Today"), 10): Object 'Object Repository/mobileSanity/STM/Home Page/a_Quote  Save Today' is clickable

2019-10-03 08:10:15 - [MESSAGE][PASSED] - Object 'Object Repository/mobileSanity/STM/Home Page/a_Quote  Save Today' is clickable

2019-10-03 08:10:15 - [TEST_STEP][PASSED] - click(findTestObject("mobileSanity/STM/Home Page/a_Quote  Save Today")): Object: 'Object Repository/mobileSanity/STM/Home Page/a_Quote  Save Today' is clicked on

2019-10-03 08:10:15 - [MESSAGE][PASSED] - Object: 'Object Repository/mobileSanity/STM/Home Page/a_Quote  Save Today' is clicked on

2019-10-03 08:10:15 - [TEST_STEP][PASSED] - waitForPageLoad(10): Wait for page load successfully

2019-10-03 08:10:15 - [MESSAGE][PASSED] - Wait for page load successfully

2019-10-03 08:10:15 - [TEST_STEP][PASSED] - callTestCase(findTestCase("mobileWeb/_include/get_screenshot"), [:], STOP_ON_FAILURE): Call Test Case 'Test Cases/mobileWeb/_include/get_screenshot' successfully

2019-10-03 08:10:16 - [TEST_CASE][PASSED] - Test Cases/mobileWeb/_include/get_screenshot: Test Cases/mobileWeb/_include/get_screenshot

2019-10-03 08:10:16 - [TEST_STEP][PASSED] - takeScreenshot(screenPath + i + ".png"): Taking screenshot successfully

2019-10-03 08:10:16 - [MESSAGE][PASSED] - Taking screenshot successfully
[[ATTACHMENT|D:\\Test\\AgileTest\\Reports\\mobileWeb\\stm\\20191003_080058\\../Screenshots/iPhone 6/stm/Everest/20191003_081008/1.png]]

2019-10-03 08:10:16 - [TEST_STEP][PASSED] - (internal.GlobalVariable.i++): null

2019-10-03 08:10:16 - [MESSAGE][PASSED] - Call Test Case 'Test Cases/mobileWeb/_include/get_screenshot' successfully

2019-10-03 08:10:16 - [TEST_STEP][PASSED] - setText(findTestObject("mobileSanity/STM/STM Census Page/input_Location_zip-input"), zipcode): Text '83709' is set on object 'Object Repository/mobileSanity/STM/STM Census Page/input_Location_zip-input'

2019-10-03 08:10:16 - [MESSAGE][PASSED] - Text '83709' is set on object 'Object Repository/mobileSanity/STM/STM Census Page/input_Location_zip-input'

2019-10-03 08:10:16 - [TEST_STEP][PASSED] - Thread.sleep(500): null

2019-10-03 08:10:17 - [TEST_STEP][PASSED] - setText(findTestObject("mobileSanity/STM/STM Census Page/input_Date of Birth_dob-0"), "03031987"): Text '03031987' is set on object 'Object Repository/mobileSanity/STM/STM Census Page/input_Date of Birth_dob-0'

2019-10-03 08:10:17 - [MESSAGE][PASSED] - Text '03031987' is set on object 'Object Repository/mobileSanity/STM/STM Census Page/input_Date of Birth_dob-0'

2019-10-03 08:10:17 - [TEST_STEP][PASSED] - click(findTestObject("mobileSanity/STM/STM Census Page/label_Male")): Object: 'Object Repository/mobileSanity/STM/STM Census Page/label_Male' is clicked on

2019-10-03 08:10:17 - [MESSAGE][PASSED] - Object: 'Object Repository/mobileSanity/STM/STM Census Page/label_Male' is clicked on

2019-10-03 08:10:17 - [TEST_STEP][PASSED] - click(findTestObject("mobileSanity/STM/STM Census Page/label_Compare Plans")): Object: 'Object Repository/mobileSanity/STM/STM Census Page/label_Compare Plans' is clicked on

2019-10-03 08:10:18 - [MESSAGE][PASSED] - Object: 'Object Repository/mobileSanity/STM/STM Census Page/label_Compare Plans' is clicked on

2019-10-03 08:10:18 - [TEST_STEP][PASSED] - waitForElementVisible(findTestObject("mobileSanity/STM/STM Quote Page/button_sort"), 20): Object 'Object Repository/mobileSanity/STM/STM Quote Page/button_sort' is visible

2019-10-03 08:10:19 - [MESSAGE][PASSED] - Object 'Object Repository/mobileSanity/STM/STM Quote Page/button_sort' is visible

2019-10-03 08:10:19 - [TEST_STEP][PASSED] - Thread.sleep(3000): null

2019-10-03 08:10:22 - [TEST_STEP][PASSED] - callTestCase(findTestCase("mobileWeb/_include/get_screenshot"), [:], STOP_ON_FAILURE): Call Test Case 'Test Cases/mobileWeb/_include/get_screenshot' successfully

2019-10-03 08:10:22 - [TEST_CASE][PASSED] - Test Cases/mobileWeb/_include/get_screenshot: Test Cases/mobileWeb/_include/get_screenshot

2019-10-03 08:10:22 - [TEST_STEP][PASSED] - takeScreenshot(screenPath + i + ".png"): Taking screenshot successfully

2019-10-03 08:10:24 - [MESSAGE][PASSED] - Taking screenshot successfully
[[ATTACHMENT|D:\\Test\\AgileTest\\Reports\\mobileWeb\\stm\\20191003_080058\\../Screenshots/iPhone 6/stm/Everest/20191003_081008/2.png]]

2019-10-03 08:10:24 - [TEST_STEP][PASSED] - (internal.GlobalVariable.i++): null

2019-10-03 08:10:24 - [MESSAGE][PASSED] - Call Test Case 'Test Cases/mobileWeb/_include/get_screenshot' successfully

2019-10-03 08:10:24 - [TEST_STEP][PASSED] - Thread.sleep(1000): null

2019-10-03 08:10:25 - [MESSAGE][PASSED] - Call Test Case 'Test Cases/mobileWeb/_include/census_stm' successfully

2019-10-03 08:10:25 - [TEST_STEP][PASSED] - callTestCase(findTestCase("mobileWeb/_include/filter_stm"), ["carrier":"everest-one"], STOP_ON_FAILURE): Call Test Case 'Test Cases/mobileWeb/_include/filter_stm' successfully

2019-10-03 08:10:25 - [TEST_CASE][PASSED] - Test Cases/mobileWeb/_include/filter_stm: Test Cases/mobileWeb/_include/filter_stm

2019-10-03 08:10:25 - [TEST_STEP][PASSED] - driver = getWebDriver(): null

2019-10-03 08:10:25 - [TEST_STEP][PASSED] - selenium = new com.thoughtworks.selenium.webdriven.WebDriverBackedSelenium(driver, internal.GlobalVariable.ENV): null

2019-10-03 08:10:26 - [TEST_STEP][PASSED] - Thread.sleep(1000): null

2019-10-03 08:10:27 - [TEST_STEP][PASSED] - click(findTestObject("mobileSanity/STM/STM Quote Page/button_filters")): Object: 'Object Repository/mobileSanity/STM/STM Quote Page/button_filters' is clicked on

2019-10-03 08:10:27 - [MESSAGE][PASSED] - Object: 'Object Repository/mobileSanity/STM/STM Quote Page/button_filters' is clicked on

2019-10-03 08:10:27 - [TEST_STEP][PASSED] - Thread.sleep(1000): null

2019-10-03 08:10:28 - [TEST_STEP][PASSED] - click(findTestObject("mobileSanity/STM/STM Quote Page/i_Insurance company")): Object: 'Object Repository/mobileSanity/STM/STM Quote Page/i_Insurance company' is clicked on

2019-10-03 08:10:28 - [MESSAGE][PASSED] - Object: 'Object Repository/mobileSanity/STM/STM Quote Page/i_Insurance company' is clicked on

2019-10-03 08:10:28 - [TEST_STEP][PASSED] - Thread.sleep(1000): null

2019-10-03 08:10:29 - [TEST_STEP][PASSED] - filter_carrier = "//input[@name='filter[carrier]' and @value='" + carrier + "']/following::label": null

2019-10-03 08:10:29 - [TEST_STEP][PASSED] - println(filter_carrier): null

2019-10-03 08:10:29 - [TEST_STEP][PASSED] - test.MobileKeywords.clickJS_ByXpath(filter_carrier): test.MobileKeywords.clickJS_ByXpath is PASSED

2019-10-03 08:10:29 - [MESSAGE][PASSED] - Execute JavaScript 'arguments[0].click()' successfully

2019-10-03 08:10:29 - [MESSAGE][PASSED] - test.MobileKeywords.clickJS_ByXpath is PASSED

2019-10-03 08:10:29 - [TEST_STEP][PASSED] - Thread.sleep(1000): null

2019-10-03 08:10:30 - [TEST_STEP][PASSED] - scrollToElement(findTestObject("mobileSanity/STM/STM Quote Page/a_Show Plans"), 1000): Scroll to object 'Object Repository/mobileSanity/STM/STM Quote Page/a_Show Plans' successfully

2019-10-03 08:10:30 - [MESSAGE][PASSED] - Scroll to object 'Object Repository/mobileSanity/STM/STM Quote Page/a_Show Plans' successfully

2019-10-03 08:10:30 - [TEST_STEP][PASSED] - click(findTestObject("mobileSanity/STM/STM Quote Page/a_Show Plans")): Object: 'Object Repository/mobileSanity/STM/STM Quote Page/a_Show Plans' is clicked on

2019-10-03 08:10:31 - [MESSAGE][PASSED] - Object: 'Object Repository/mobileSanity/STM/STM Quote Page/a_Show Plans' is clicked on

2019-10-03 08:10:31 - [TEST_STEP][PASSED] - waitForJQueryLoad(20, STOP_ON_FAILURE): jQuery is ready.

2019-10-03 08:10:31 - [MESSAGE][PASSED] - jQuery is ready.

2019-10-03 08:10:31 - [TEST_STEP][PASSED] - Thread.sleep(2000): null

2019-10-03 08:10:33 - [TEST_STEP][PASSED] - callTestCase(findTestCase("mobileWeb/_include/get_screenshot"), [:], STOP_ON_FAILURE): Call Test Case 'Test Cases/mobileWeb/_include/get_screenshot' successfully

2019-10-03 08:10:33 - [TEST_CASE][PASSED] - Test Cases/mobileWeb/_include/get_screenshot: Test Cases/mobileWeb/_include/get_screenshot

2019-10-03 08:10:33 - [TEST_STEP][PASSED] - takeScreenshot(screenPath + i + ".png"): Taking screenshot successfully

2019-10-03 08:10:33 - [MESSAGE][PASSED] - Taking screenshot successfully
[[ATTACHMENT|D:\\Test\\AgileTest\\Reports\\mobileWeb\\stm\\20191003_080058\\../Screenshots/iPhone 6/stm/Everest/20191003_081008/3.png]]

2019-10-03 08:10:33 - [TEST_STEP][PASSED] - (internal.GlobalVariable.i++): null

2019-10-03 08:10:33 - [MESSAGE][PASSED] - Call Test Case 'Test Cases/mobileWeb/_include/get_screenshot' successfully

2019-10-03 08:10:33 - [MESSAGE][PASSED] - Call Test Case 'Test Cases/mobileWeb/_include/filter_stm' successfully

2019-10-03 08:10:33 - [TEST_STEP][PASSED] - callTestCase(findTestCase("mobileWeb/_include/goToDetail_stm"), ["carrier":"everest-one"], STOP_ON_FAILURE): Call Test Case 'Test Cases/mobileWeb/_include/goToDetail_stm' successfully

2019-10-03 08:10:33 - [TEST_CASE][PASSED] - Test Cases/mobileWeb/_include/goToDetail_stm: Test Cases/mobileWeb/_include/goToDetail_stm

2019-10-03 08:10:33 - [TEST_STEP][PASSED] - driver = getWebDriver(): null

2019-10-03 08:10:33 - [TEST_STEP][PASSED] - selenium = new com.thoughtworks.selenium.webdriven.WebDriverBackedSelenium(driver, internal.GlobalVariable.ENV): null

2019-10-03 08:10:33 - [TEST_STEP][PASSED] - a_plan_name = "xpath=//a[contains(@href,'/term-health-insurance/plan/" + carrier + "')]": null

2019-10-03 08:10:33 - [TEST_STEP][PASSED] - println(a_plan_name): null

2019-10-03 08:10:33 - [TEST_STEP][PASSED] - selenium.click(a_plan_name): null

2019-10-03 08:10:34 - [TEST_STEP][PASSED] - waitForPageLoad(20): Wait for page load successfully

2019-10-03 08:10:34 - [MESSAGE][PASSED] - Wait for page load successfully

2019-10-03 08:10:34 - [TEST_STEP][PASSED] - Thread.sleep(2000): null

2019-10-03 08:10:36 - [TEST_STEP][PASSED] - callTestCase(findTestCase("mobileWeb/_include/get_screenshot"), [:], STOP_ON_FAILURE): Call Test Case 'Test Cases/mobileWeb/_include/get_screenshot' successfully

2019-10-03 08:10:36 - [TEST_CASE][PASSED] - Test Cases/mobileWeb/_include/get_screenshot: Test Cases/mobileWeb/_include/get_screenshot

2019-10-03 08:10:36 - [TEST_STEP][PASSED] - takeScreenshot(screenPath + i + ".png"): Taking screenshot successfully

2019-10-03 08:10:37 - [MESSAGE][PASSED] - Taking screenshot successfully
[[ATTACHMENT|D:\\Test\\AgileTest\\Reports\\mobileWeb\\stm\\20191003_080058\\../Screenshots/iPhone 6/stm/Everest/20191003_081008/4.png]]

2019-10-03 08:10:37 - [TEST_STEP][PASSED] - (internal.GlobalVariable.i++): null

2019-10-03 08:10:37 - [MESSAGE][PASSED] - Call Test Case 'Test Cases/mobileWeb/_include/get_screenshot' successfully

2019-10-03 08:10:37 - [MESSAGE][PASSED] - Call Test Case 'Test Cases/mobileWeb/_include/goToDetail_stm' successfully

2019-10-03 08:10:37 - [TEST_STEP][PASSED] - callTestCase(findTestCase("mobileWeb/_include/apply_stm"), [:], STOP_ON_FAILURE): Call Test Case 'Test Cases/mobileWeb/_include/apply_stm' successfully

2019-10-03 08:10:37 - [TEST_CASE][PASSED] - Test Cases/mobileWeb/_include/apply_stm: Test Cases/mobileWeb/_include/apply_stm

2019-10-03 08:10:37 - [TEST_STEP][PASSED] - waitForElementVisible(findTestObject("mobileSanity/STM/STM PlanDetail Page/a_Apply for This Plan"), 5): Object 'Object Repository/mobileSanity/STM/STM PlanDetail Page/a_Apply for This Plan' is visible

2019-10-03 08:10:37 - [MESSAGE][PASSED] - Object 'Object Repository/mobileSanity/STM/STM PlanDetail Page/a_Apply for This Plan' is visible

2019-10-03 08:10:37 - [TEST_STEP][PASSED] - click(findTestObject("mobileSanity/STM/STM PlanDetail Page/a_Apply for This Plan")): Object: 'Object Repository/mobileSanity/STM/STM PlanDetail Page/a_Apply for This Plan' is clicked on

2019-10-03 08:10:38 - [MESSAGE][PASSED] - Object: 'Object Repository/mobileSanity/STM/STM PlanDetail Page/a_Apply for This Plan' is clicked on

2019-10-03 08:10:38 - [TEST_STEP][PASSED] - waitForPageLoad(10): Wait for page load successfully

2019-10-03 08:10:38 - [MESSAGE][PASSED] - Wait for page load successfully

2019-10-03 08:10:38 - [TEST_STEP][PASSED] - Thread.sleep(2000): null

2019-10-03 08:10:40 - [TEST_STEP][PASSED] - callTestCase(findTestCase("mobileWeb/_include/get_screenshot"), [:], STOP_ON_FAILURE): Call Test Case 'Test Cases/mobileWeb/_include/get_screenshot' successfully

2019-10-03 08:10:40 - [TEST_CASE][PASSED] - Test Cases/mobileWeb/_include/get_screenshot: Test Cases/mobileWeb/_include/get_screenshot

2019-10-03 08:10:40 - [TEST_STEP][PASSED] - takeScreenshot(screenPath + i + ".png"): Taking screenshot successfully

2019-10-03 08:10:40 - [MESSAGE][PASSED] - Taking screenshot successfully
[[ATTACHMENT|D:\\Test\\AgileTest\\Reports\\mobileWeb\\stm\\20191003_080058\\../Screenshots/iPhone 6/stm/Everest/20191003_081008/5.png]]

2019-10-03 08:10:40 - [TEST_STEP][PASSED] - (internal.GlobalVariable.i++): null

2019-10-03 08:10:40 - [MESSAGE][PASSED] - Call Test Case 'Test Cases/mobileWeb/_include/get_screenshot' successfully

2019-10-03 08:10:40 - [TEST_STEP][PASSED] - waitForElementVisible(findTestObject("mobileSanity/STM/STM Apply Page/a_Start Secure Application"), 5): Object 'Object Repository/mobileSanity/STM/STM Apply Page/a_Start Secure Application' is visible

2019-10-03 08:10:40 - [MESSAGE][PASSED] - Object 'Object Repository/mobileSanity/STM/STM Apply Page/a_Start Secure Application' is visible

2019-10-03 08:10:40 - [TEST_STEP][PASSED] - click(findTestObject("mobileSanity/STM/STM Apply Page/a_Start Secure Application")): Object: 'Object Repository/mobileSanity/STM/STM Apply Page/a_Start Secure Application' is clicked on

2019-10-03 08:10:41 - [MESSAGE][PASSED] - Object: 'Object Repository/mobileSanity/STM/STM Apply Page/a_Start Secure Application' is clicked on

2019-10-03 08:10:41 - [TEST_STEP][PASSED] - waitForPageLoad(20): Wait for page load successfully

2019-10-03 08:10:42 - [MESSAGE][PASSED] - Wait for page load successfully

2019-10-03 08:10:42 - [TEST_STEP][PASSED] - Thread.sleep(2000): null

2019-10-03 08:10:44 - [TEST_STEP][PASSED] - callTestCase(findTestCase("mobileWeb/_include/get_screenshot"), [:], STOP_ON_FAILURE): Call Test Case 'Test Cases/mobileWeb/_include/get_screenshot' successfully

2019-10-03 08:10:44 - [TEST_CASE][PASSED] - Test Cases/mobileWeb/_include/get_screenshot: Test Cases/mobileWeb/_include/get_screenshot

2019-10-03 08:10:44 - [TEST_STEP][PASSED] - takeScreenshot(screenPath + i + ".png"): Taking screenshot successfully

2019-10-03 08:10:44 - [MESSAGE][PASSED] - Taking screenshot successfully
[[ATTACHMENT|D:\\Test\\AgileTest\\Reports\\mobileWeb\\stm\\20191003_080058\\../Screenshots/iPhone 6/stm/Everest/20191003_081008/6.png]]

2019-10-03 08:10:44 - [TEST_STEP][PASSED] - (internal.GlobalVariable.i++): null

2019-10-03 08:10:44 - [MESSAGE][PASSED] - Call Test Case 'Test Cases/mobileWeb/_include/get_screenshot' successfully

2019-10-03 08:10:44 - [MESSAGE][PASSED] - Call Test Case 'Test Cases/mobileWeb/_include/apply_stm' successfully

2019-10-03 08:10:44 - [TEST_STEP][PASSED] - callTestCase(findTestCase("mobileWeb/_include/goToEnd_stm_autofill"), [:], STOP_ON_FAILURE): Call Test Case 'Test Cases/mobileWeb/_include/goToEnd_stm_autofill' successfully

2019-10-03 08:10:44 - [TEST_CASE][PASSED] - Test Cases/mobileWeb/_include/goToEnd_stm_autofill: Test Cases/mobileWeb/_include/goToEnd_stm_autofill

2019-10-03 08:10:44 - [TEST_STEP][PASSED] - callTestCase(findTestCase("mobileWeb/_include/name"), [:], CONTINUE_ON_FAILURE): Call Test Case 'Test Cases/mobileWeb/_include/name' successfully

2019-10-03 08:10:44 - [TEST_CASE][PASSED] - Test Cases/mobileWeb/_include/name: Test Cases/mobileWeb/_include/name

2019-10-03 08:10:44 - [TEST_STEP][PASSED] - driver = getWebDriver(): null

2019-10-03 08:10:44 - [TEST_STEP][PASSED] - selenium = new com.thoughtworks.selenium.webdriven.WebDriverBackedSelenium(driver, internal.GlobalVariable.ENV): null

2019-10-03 08:10:44 - [TEST_STEP][PASSED] - FirstName = "Test-123": null

2019-10-03 08:10:44 - [TEST_STEP][PASSED] - LastName = selenium.getEval("{var x="ABCDEFGHIJKLMNOPQRSTUVWXYZabcdefghijklmnopqrstuvwxyz"; var tmp="ZZ11-"; for (i=0;i<8;i++) tmp+=x.charAt(Math.ceil(51*Math.random()));tmp;}"): null

2019-10-03 08:10:44 - [TEST_STEP][PASSED] - Address = selenium.getEval("{var x="ABCDEFGHIJKLMNOPQRSTUVWXYZabcdefghijklmnopqrstuvwxyz"; var tmp=""; for (i=0;i<8;i++) tmp+=x.charAt(Math.ceil(51*Math.random()));tmp;}"): null

2019-10-03 08:10:44 - [TEST_STEP][PASSED] - City = selenium.getEval("{var x="ABCDEFGHIJKLMNOPQRSTUVWXYZabcdefghijklmnopqrstuvwxyz"; var tmp=""; for (i=0;i<8;i++) tmp+=x.charAt(Math.ceil(51*Math.random()));tmp;}"): null

2019-10-03 08:10:44 - [TEST_STEP][PASSED] - tel1 = selenium.getEval("{var x="123456789"; var tmp=""; for (i=0;i<3;i++) tmp+=x.charAt(Math.ceil(8*Math.random()));tmp;}"): null

2019-10-03 08:10:44 - [TEST_STEP][PASSED] - tel2 = selenium.getEval("{var x="123456789"; var tmp=""; for (i=0;i<3;i++) tmp+=x.charAt(Math.ceil(8*Math.random()));tmp;}"): null

2019-10-03 08:10:44 - [TEST_STEP][PASSED] - tel3 = selenium.getEval("{var x="123456789"; var tmp=""; for (i=0;i<4;i++) tmp+=x.charAt(Math.ceil(8*Math.random()));tmp;}"): null

2019-10-03 08:10:44 - [TEST_STEP][PASSED] - Tel = selenium.getExpression(tel1 + "-" + tel2 + "-" + tel3): null

2019-10-03 08:10:44 - [TEST_STEP][PASSED] - AutoEmail = selenium.getEval("{var x="ABCDEFGHIJKLMNOPQRSTUVWXYZabcdefghijklmnopqrstuvwxyz"; var tmp="test."; for (i=0;i<8;i++) tmp+=x.charAt(Math.ceil(51*Math.random()));tmp+="@suryani.cn";}"): null

2019-10-03 08:10:44 - [TEST_STEP][PASSED] - FirstName = FirstName: null

2019-10-03 08:10:44 - [TEST_STEP][PASSED] - LastName = LastName: null

2019-10-03 08:10:44 - [TEST_STEP][PASSED] - Address = Address: null

2019-10-03 08:10:44 - [TEST_STEP][PASSED] - City = City: null

2019-10-03 08:10:44 - [TEST_STEP][PASSED] - Tel = Tel: null

2019-10-03 08:10:44 - [TEST_STEP][PASSED] - AutoEmail = AutoEmail: null

2019-10-03 08:10:44 - [TEST_STEP][PASSED] - println(FirstName): null

2019-10-03 08:10:44 - [TEST_STEP][PASSED] - println(LastName): null

2019-10-03 08:10:44 - [TEST_STEP][PASSED] - println(Address): null

2019-10-03 08:10:44 - [TEST_STEP][PASSED] - println(City): null

2019-10-03 08:10:44 - [TEST_STEP][PASSED] - println(Tel): null

2019-10-03 08:10:44 - [TEST_STEP][PASSED] - println(AutoEmail): null

2019-10-03 08:10:44 - [MESSAGE][PASSED] - Call Test Case 'Test Cases/mobileWeb/_include/name' successfully

2019-10-03 08:10:44 - [TEST_STEP][FAILED] - try: Unable to verify text 'Month Duration Acknowledgement' is present  (Root cause: com.kms.katalon.core.exception.StepFailedException: Text 'Month Duration Acknowledgement' is not present on page )

2019-10-03 08:10:44 - [TEST_STEP][FAILED] - if (verifyTextPresent("Month Duration Acknowledgement", false)): Unable to verify text 'Month Duration Acknowledgement' is present  (Root cause: com.kms.katalon.core.exception.StepFailedException: Text 'Month Duration Acknowledgement' is not present on page )

2019-10-03 08:10:45 - [MESSAGE][FAILED] - Text 'Month Duration Acknowledgement' is not present on page 

2019-10-03 08:10:45 - [MESSAGE][FAILED] - Unable to verify text 'Month Duration Acknowledgement' is present  (Root cause: com.kms.katalon.core.exception.StepFailedException: Text 'Month Duration Acknowledgement' is not present on page )
[[ATTACHMENT|D:\\Test\\AgileTest\\Reports\\mobileWeb\\stm\\20191003_080058\\1570104645085.png]]

2019-10-03 08:10:45 - [TEST_STEP][PASSED] - catch (Exception e): null

2019-10-03 08:10:45 - [TEST_STEP][PASSED] - println("no consecutive"): null

2019-10-03 08:10:45 - [TEST_STEP][PASSED] - waitForPageLoad(10): Wait for page load successfully

2019-10-03 08:10:45 - [MESSAGE][PASSED] - Wait for page load successfully

2019-10-03 08:10:45 - [TEST_STEP][PASSED] - Thread.sleep(3000): null

2019-10-03 08:10:48 - [TEST_STEP][PASSED] - waitForElementVisible(findTestObject("mobileSanity/STM/Page_App Page 1/a_Autofill App Info"), 20): Object 'Object Repository/mobileSanity/STM/Page_App Page 1/a_Autofill App Info' is visible

2019-10-03 08:10:48 - [MESSAGE][PASSED] - Object 'Object Repository/mobileSanity/STM/Page_App Page 1/a_Autofill App Info' is visible

2019-10-03 08:10:48 - [TEST_STEP][PASSED] - click(findTestObject("mobileSanity/STM/Page_App Page 1/a_Autofill App Info")): Object: 'Object Repository/mobileSanity/STM/Page_App Page 1/a_Autofill App Info' is clicked on

2019-10-03 08:10:48 - [MESSAGE][PASSED] - Object: 'Object Repository/mobileSanity/STM/Page_App Page 1/a_Autofill App Info' is clicked on

2019-10-03 08:10:48 - [TEST_STEP][PASSED] - Thread.sleep(1000): null

2019-10-03 08:10:49 - [TEST_STEP][PASSED] - click(findTestObject("mobileSanity/STM/Page_App Page 1/a_Autofill App Info")): Object: 'Object Repository/mobileSanity/STM/Page_App Page 1/a_Autofill App Info' is clicked on

2019-10-03 08:10:49 - [MESSAGE][PASSED] - Object: 'Object Repository/mobileSanity/STM/Page_App Page 1/a_Autofill App Info' is clicked on

2019-10-03 08:10:49 - [TEST_STEP][PASSED] - Thread.sleep(1000): null

2019-10-03 08:10:50 - [TEST_STEP][PASSED] - waitForElementVisible(findTestObject("mobileSanity/STM/Page_App Page 1/a_Continue"), 20): Object 'Object Repository/mobileSanity/STM/Page_App Page 1/a_Continue' is visible

2019-10-03 08:10:50 - [MESSAGE][PASSED] - Object 'Object Repository/mobileSanity/STM/Page_App Page 1/a_Continue' is visible

2019-10-03 08:10:50 - [TEST_STEP][PASSED] - click(findTestObject("mobileSanity/STM/Page_App Page 1/a_Continue")): Object: 'Object Repository/mobileSanity/STM/Page_App Page 1/a_Continue' is clicked on

2019-10-03 08:10:50 - [MESSAGE][PASSED] - Object: 'Object Repository/mobileSanity/STM/Page_App Page 1/a_Continue' is clicked on

2019-10-03 08:10:50 - [TEST_STEP][PASSED] - waitForPageLoad(20): Wait for page load successfully

2019-10-03 08:10:50 - [MESSAGE][PASSED] - Wait for page load successfully

2019-10-03 08:10:50 - [TEST_STEP][PASSED] - Thread.sleep(2000): null

2019-10-03 08:10:52 - [TEST_STEP][PASSED] - callTestCase(findTestCase("mobileWeb/_include/get_screenshot"), [:], STOP_ON_FAILURE): Call Test Case 'Test Cases/mobileWeb/_include/get_screenshot' successfully

2019-10-03 08:10:53 - [TEST_CASE][PASSED] - Test Cases/mobileWeb/_include/get_screenshot: Test Cases/mobileWeb/_include/get_screenshot

2019-10-03 08:10:53 - [TEST_STEP][PASSED] - takeScreenshot(screenPath + i + ".png"): Taking screenshot successfully

2019-10-03 08:10:53 - [MESSAGE][PASSED] - Taking screenshot successfully
[[ATTACHMENT|D:\\Test\\AgileTest\\Reports\\mobileWeb\\stm\\20191003_080058\\../Screenshots/iPhone 6/stm/Everest/20191003_081008/7.png]]

2019-10-03 08:10:53 - [TEST_STEP][PASSED] - (internal.GlobalVariable.i++): null

2019-10-03 08:10:53 - [MESSAGE][PASSED] - Call Test Case 'Test Cases/mobileWeb/_include/get_screenshot' successfully

2019-10-03 08:10:53 - [TEST_STEP][PASSED] - click(findTestObject("mobileSanity/STM/Page_App Page 2/a_Continue to Step 3 - Payment")): Object: 'Object Repository/mobileSanity/STM/Page_App Page 2/a_Continue to Step 3 - Payment' is clicked on

2019-10-03 08:10:53 - [MESSAGE][PASSED] - Object: 'Object Repository/mobileSanity/STM/Page_App Page 2/a_Continue to Step 3 - Payment' is clicked on

2019-10-03 08:10:53 - [TEST_STEP][PASSED] - waitForPageLoad(20): Wait for page load successfully

2019-10-03 08:10:53 - [MESSAGE][PASSED] - Wait for page load successfully

2019-10-03 08:10:53 - [TEST_STEP][PASSED] - waitForElementVisible(findTestObject("mobileSanity/STM/Page_App Page 3/input__credit-card-cvv"), 20): Object 'Object Repository/mobileSanity/STM/Page_App Page 3/input__credit-card-cvv' is visible

2019-10-03 08:10:54 - [MESSAGE][PASSED] - Object 'Object Repository/mobileSanity/STM/Page_App Page 3/input__credit-card-cvv' is visible

2019-10-03 08:10:54 - [TEST_STEP][PASSED] - Thread.sleep(2000): null

2019-10-03 08:10:56 - [TEST_STEP][PASSED] - callTestCase(findTestCase("mobileWeb/_include/get_screenshot"), [:], STOP_ON_FAILURE): Call Test Case 'Test Cases/mobileWeb/_include/get_screenshot' successfully

2019-10-03 08:10:56 - [TEST_CASE][PASSED] - Test Cases/mobileWeb/_include/get_screenshot: Test Cases/mobileWeb/_include/get_screenshot

2019-10-03 08:10:56 - [TEST_STEP][PASSED] - takeScreenshot(screenPath + i + ".png"): Taking screenshot successfully

2019-10-03 08:10:56 - [MESSAGE][PASSED] - Taking screenshot successfully
[[ATTACHMENT|D:\\Test\\AgileTest\\Reports\\mobileWeb\\stm\\20191003_080058\\../Screenshots/iPhone 6/stm/Everest/20191003_081008/8.png]]

2019-10-03 08:10:56 - [TEST_STEP][PASSED] - (internal.GlobalVariable.i++): null

2019-10-03 08:10:56 - [MESSAGE][PASSED] - Call Test Case 'Test Cases/mobileWeb/_include/get_screenshot' successfully

2019-10-03 08:10:56 - [TEST_STEP][PASSED] - clearText(findTestObject("mobileSanity/STM/Page_App Page 3/input__credit-card-cvv")): Text of object 'Object Repository/mobileSanity/STM/Page_App Page 3/input__credit-card-cvv' is cleared

2019-10-03 08:10:56 - [MESSAGE][PASSED] - Text of object 'Object Repository/mobileSanity/STM/Page_App Page 3/input__credit-card-cvv' is cleared

2019-10-03 08:10:56 - [TEST_STEP][PASSED] - setText(findTestObject("mobileSanity/STM/Page_App Page 3/input__credit-card-cvv"), "123"): Text '123' is set on object 'Object Repository/mobileSanity/STM/Page_App Page 3/input__credit-card-cvv'

2019-10-03 08:10:56 - [MESSAGE][PASSED] - Text '123' is set on object 'Object Repository/mobileSanity/STM/Page_App Page 3/input__credit-card-cvv'

2019-10-03 08:10:56 - [TEST_STEP][PASSED] - click(findTestObject("mobileSanity/STM/Page_App Page 3/label_I Accept Authorization f")): Object: 'Object Repository/mobileSanity/STM/Page_App Page 3/label_I Accept Authorization f' is clicked on

2019-10-03 08:10:56 - [MESSAGE][PASSED] - Object: 'Object Repository/mobileSanity/STM/Page_App Page 3/label_I Accept Authorization f' is clicked on

2019-10-03 08:10:56 - [TEST_STEP][PASSED] - click(findTestObject("mobileSanity/STM/Page_App Page 3/a_Continue to Step 4 - Review")): Object: 'Object Repository/mobileSanity/STM/Page_App Page 3/a_Continue to Step 4 - Review' is clicked on

2019-10-03 08:10:56 - [MESSAGE][PASSED] - Object: 'Object Repository/mobileSanity/STM/Page_App Page 3/a_Continue to Step 4 - Review' is clicked on

2019-10-03 08:10:56 - [TEST_STEP][PASSED] - waitForPageLoad(10): Wait for page load successfully

2019-10-03 08:10:56 - [MESSAGE][PASSED] - Wait for page load successfully

2019-10-03 08:10:56 - [TEST_STEP][PASSED] - waitForElementClickable(findTestObject("mobileSanity/STM/Page_App Page 4/label"), 10): Object 'Object Repository/mobileSanity/STM/Page_App Page 4/label' is clickable

2019-10-03 08:10:57 - [MESSAGE][PASSED] - Object 'Object Repository/mobileSanity/STM/Page_App Page 4/label' is clickable

2019-10-03 08:10:57 - [TEST_STEP][PASSED] - Thread.sleep(2000): null

2019-10-03 08:10:59 - [TEST_STEP][PASSED] - callTestCase(findTestCase("mobileWeb/_include/get_screenshot"), [:], STOP_ON_FAILURE): Call Test Case 'Test Cases/mobileWeb/_include/get_screenshot' successfully

2019-10-03 08:10:59 - [TEST_CASE][PASSED] - Test Cases/mobileWeb/_include/get_screenshot: Test Cases/mobileWeb/_include/get_screenshot

2019-10-03 08:10:59 - [TEST_STEP][PASSED] - takeScreenshot(screenPath + i + ".png"): Taking screenshot successfully

2019-10-03 08:10:59 - [MESSAGE][PASSED] - Taking screenshot successfully
[[ATTACHMENT|D:\\Test\\AgileTest\\Reports\\mobileWeb\\stm\\20191003_080058\\../Screenshots/iPhone 6/stm/Everest/20191003_081008/9.png]]

2019-10-03 08:10:59 - [TEST_STEP][PASSED] - (internal.GlobalVariable.i++): null

2019-10-03 08:10:59 - [MESSAGE][PASSED] - Call Test Case 'Test Cases/mobileWeb/_include/get_screenshot' successfully

2019-10-03 08:10:59 - [TEST_STEP][PASSED] - click(findTestObject("mobileSanity/STM/Page_App Page 4/label")): Object: 'Object Repository/mobileSanity/STM/Page_App Page 4/label' is clicked on

2019-10-03 08:11:00 - [MESSAGE][PASSED] - Object: 'Object Repository/mobileSanity/STM/Page_App Page 4/label' is clicked on

2019-10-03 08:11:00 - [TEST_STEP][PASSED] - click(findTestObject("mobileSanity/STM/Page_App Page 4/div_CLICK TO SIGN")): Object: 'Object Repository/mobileSanity/STM/Page_App Page 4/div_CLICK TO SIGN' is clicked on

2019-10-03 08:11:00 - [MESSAGE][PASSED] - Object: 'Object Repository/mobileSanity/STM/Page_App Page 4/div_CLICK TO SIGN' is clicked on

2019-10-03 08:11:00 - [TEST_STEP][PASSED] - click(findTestObject("mobileSanity/STM/Page_App Page 4/a_Submit Your Application")): Object: 'Object Repository/mobileSanity/STM/Page_App Page 4/a_Submit Your Application' is clicked on

2019-10-03 08:11:00 - [MESSAGE][PASSED] - Object: 'Object Repository/mobileSanity/STM/Page_App Page 4/a_Submit Your Application' is clicked on

2019-10-03 08:11:00 - [TEST_STEP][PASSED] - Thread.sleep(30000): null

2019-10-03 08:11:30 - [TEST_STEP][PASSED] - waitForElementPresent(findTestObject("mobileSanity/STM/Page_App Page 6/app-page-wrapper"), 20): Object 'Object Repository/mobileSanity/STM/Page_App Page 6/app-page-wrapper' is present

2019-10-03 08:11:30 - [MESSAGE][PASSED] - Object 'Object Repository/mobileSanity/STM/Page_App Page 6/app-page-wrapper' is present

2019-10-03 08:11:30 - [TEST_STEP][PASSED] - callTestCase(findTestCase("mobileWeb/_include/get_screenshot"), [:], STOP_ON_FAILURE): Call Test Case 'Test Cases/mobileWeb/_include/get_screenshot' successfully

2019-10-03 08:11:30 - [TEST_CASE][PASSED] - Test Cases/mobileWeb/_include/get_screenshot: Test Cases/mobileWeb/_include/get_screenshot

2019-10-03 08:11:30 - [TEST_STEP][PASSED] - takeScreenshot(screenPath + i + ".png"): Taking screenshot successfully

2019-10-03 08:11:30 - [MESSAGE][PASSED] - Taking screenshot successfully
[[ATTACHMENT|D:\\Test\\AgileTest\\Reports\\mobileWeb\\stm\\20191003_080058\\../Screenshots/iPhone 6/stm/Everest/20191003_081008/10.png]]

2019-10-03 08:11:30 - [TEST_STEP][PASSED] - (internal.GlobalVariable.i++): null

2019-10-03 08:11:30 - [MESSAGE][PASSED] - Call Test Case 'Test Cases/mobileWeb/_include/get_screenshot' successfully

2019-10-03 08:11:30 - [MESSAGE][PASSED] - Call Test Case 'Test Cases/mobileWeb/_include/goToEnd_stm_autofill' successfully]]></system-out>
         <system-err><![CDATA[]]></system-err>
      </testcase>
      <testcase name="Test Cases/mobileWeb/stm/Everest Prime" classname="Test Cases/mobileWeb/stm/Everest Prime" status="PASSED">
         <system-out><![CDATA[2019-10-03 08:11:30 - [TEST_CASE][PASSED] - Test Cases/mobileWeb/stm/Everest Prime: Test Cases/mobileWeb/stm/Everest Prime

2019-10-03 08:11:31 - [TEST_STEP][PASSED] - callTestCase(findTestCase("mobileWeb/_include/get_screenPath"), ["productLine":"stm", "carrierName":"Everest Prime"], CONTINUE_ON_FAILURE): Call Test Case 'Test Cases/mobileWeb/_include/get_screenPath' successfully

2019-10-03 08:11:31 - [TEST_CASE][PASSED] - Test Cases/mobileWeb/_include/get_screenPath: Test Cases/mobileWeb/_include/get_screenPath

2019-10-03 08:11:31 - [TEST_STEP][PASSED] - m = getExecutionProperties(): null

2019-10-03 08:11:31 - [TEST_STEP][PASSED] - deviceName = get("mobileEmulation").get("deviceName"): null

2019-10-03 08:11:31 - [TEST_STEP][PASSED] - println(deviceName): null

2019-10-03 08:11:31 - [TEST_STEP][PASSED] - now = new java.util.Date(): null

2019-10-03 08:11:31 - [TEST_STEP][PASSED] - mydate = now.format("yyyyMMdd_HHmmss"): null

2019-10-03 08:11:31 - [TEST_STEP][PASSED] - screenPath = "../Screenshots/": null

2019-10-03 08:11:31 - [TEST_STEP][PASSED] - screenPath = screenPath + deviceName + "/" + productLine + "/" + carrierName + "/" + mydate + "/": null

2019-10-03 08:11:31 - [TEST_STEP][PASSED] - println(screenPath): null

2019-10-03 08:11:31 - [MESSAGE][PASSED] - Call Test Case 'Test Cases/mobileWeb/_include/get_screenPath' successfully

2019-10-03 08:11:31 - [TEST_STEP][PASSED] - i = 0: null

2019-10-03 08:11:31 - [TEST_STEP][PASSED] - callTestCase(findTestCase("mobileWeb/_include/openWebSite"), [:], CONTINUE_ON_FAILURE): Call Test Case 'Test Cases/mobileWeb/_include/openWebSite' successfully

2019-10-03 08:11:31 - [TEST_CASE][PASSED] - Test Cases/mobileWeb/_include/openWebSite: Test Cases/mobileWeb/_include/openWebSite

2019-10-03 08:11:31 - [TEST_STEP][PASSED] - openBrowser(env): Browser is opened with url: 'https://praetemptatus.agilehealthinsurance.com'

2019-10-03 08:11:31 - [MESSAGE][WARNING] - A browser is already opened. Closing browser and opening a new one

2019-10-03 08:11:31 - [MESSAGE][INFO] - Starting 'Chrome' driver

2019-10-03 08:11:31 - [MESSAGE][INFO] - User set preference: ['mobileEmulation', '{deviceName=iPhone 6}']

2019-10-03 08:11:31 - [MESSAGE][INFO] - User set preference: ['args', '[--incognito, --aggressive-cache-discard, --window-size=375,677, --no-sandbox]']

2019-10-03 08:11:36 - [MESSAGE][PASSED] - Browser is opened with url: 'https://praetemptatus.agilehealthinsurance.com'

2019-10-03 08:11:36 - [TEST_STEP][PASSED] - waitForPageLoad(20): Wait for page load successfully

2019-10-03 08:11:36 - [MESSAGE][PASSED] - Wait for page load successfully

2019-10-03 08:11:36 - [TEST_STEP][PASSED] - Thread.sleep(2000): null

2019-10-03 08:11:38 - [TEST_STEP][PASSED] - callTestCase(findTestCase("mobileWeb/_include/get_screenshot"), [:], STOP_ON_FAILURE): Call Test Case 'Test Cases/mobileWeb/_include/get_screenshot' successfully

2019-10-03 08:11:38 - [TEST_CASE][PASSED] - Test Cases/mobileWeb/_include/get_screenshot: Test Cases/mobileWeb/_include/get_screenshot

2019-10-03 08:11:38 - [TEST_STEP][PASSED] - takeScreenshot(screenPath + i + ".png"): Taking screenshot successfully

2019-10-03 08:11:38 - [MESSAGE][PASSED] - Taking screenshot successfully
[[ATTACHMENT|D:\\Test\\AgileTest\\Reports\\mobileWeb\\stm\\20191003_080058\\../Screenshots/iPhone 6/stm/Everest Prime/20191003_081131/0.png]]

2019-10-03 08:11:38 - [TEST_STEP][PASSED] - (internal.GlobalVariable.i++): null

2019-10-03 08:11:38 - [MESSAGE][PASSED] - Call Test Case 'Test Cases/mobileWeb/_include/get_screenshot' successfully

2019-10-03 08:11:38 - [MESSAGE][PASSED] - Call Test Case 'Test Cases/mobileWeb/_include/openWebSite' successfully

2019-10-03 08:11:38 - [TEST_STEP][PASSED] - callTestCase(findTestCase("mobileWeb/_include/census_stm"), [:], CONTINUE_ON_FAILURE): Call Test Case 'Test Cases/mobileWeb/_include/census_stm' successfully

2019-10-03 08:11:38 - [TEST_CASE][PASSED] - Test Cases/mobileWeb/_include/census_stm: Test Cases/mobileWeb/_include/census_stm

2019-10-03 08:11:38 - [TEST_STEP][PASSED] - waitForElementClickable(findTestObject("mobileSanity/STM/Home Page/a_Quote  Save Today"), 10): Object 'Object Repository/mobileSanity/STM/Home Page/a_Quote  Save Today' is clickable

2019-10-03 08:11:38 - [MESSAGE][PASSED] - Object 'Object Repository/mobileSanity/STM/Home Page/a_Quote  Save Today' is clickable

2019-10-03 08:11:38 - [TEST_STEP][PASSED] - click(findTestObject("mobileSanity/STM/Home Page/a_Quote  Save Today")): Object: 'Object Repository/mobileSanity/STM/Home Page/a_Quote  Save Today' is clicked on

2019-10-03 08:11:39 - [MESSAGE][PASSED] - Object: 'Object Repository/mobileSanity/STM/Home Page/a_Quote  Save Today' is clicked on

2019-10-03 08:11:39 - [TEST_STEP][PASSED] - waitForPageLoad(10): Wait for page load successfully

2019-10-03 08:11:39 - [MESSAGE][PASSED] - Wait for page load successfully

2019-10-03 08:11:39 - [TEST_STEP][PASSED] - callTestCase(findTestCase("mobileWeb/_include/get_screenshot"), [:], STOP_ON_FAILURE): Call Test Case 'Test Cases/mobileWeb/_include/get_screenshot' successfully

2019-10-03 08:11:39 - [TEST_CASE][PASSED] - Test Cases/mobileWeb/_include/get_screenshot: Test Cases/mobileWeb/_include/get_screenshot

2019-10-03 08:11:39 - [TEST_STEP][PASSED] - takeScreenshot(screenPath + i + ".png"): Taking screenshot successfully

2019-10-03 08:11:40 - [MESSAGE][PASSED] - Taking screenshot successfully
[[ATTACHMENT|D:\\Test\\AgileTest\\Reports\\mobileWeb\\stm\\20191003_080058\\../Screenshots/iPhone 6/stm/Everest Prime/20191003_081131/1.png]]

2019-10-03 08:11:40 - [TEST_STEP][PASSED] - (internal.GlobalVariable.i++): null

2019-10-03 08:11:40 - [MESSAGE][PASSED] - Call Test Case 'Test Cases/mobileWeb/_include/get_screenshot' successfully

2019-10-03 08:11:40 - [TEST_STEP][PASSED] - setText(findTestObject("mobileSanity/STM/STM Census Page/input_Location_zip-input"), zipcode): Text '35215' is set on object 'Object Repository/mobileSanity/STM/STM Census Page/input_Location_zip-input'

2019-10-03 08:11:40 - [MESSAGE][PASSED] - Text '35215' is set on object 'Object Repository/mobileSanity/STM/STM Census Page/input_Location_zip-input'

2019-10-03 08:11:40 - [TEST_STEP][PASSED] - Thread.sleep(500): null

2019-10-03 08:11:40 - [TEST_STEP][PASSED] - setText(findTestObject("mobileSanity/STM/STM Census Page/input_Date of Birth_dob-0"), "03031987"): Text '03031987' is set on object 'Object Repository/mobileSanity/STM/STM Census Page/input_Date of Birth_dob-0'

2019-10-03 08:11:41 - [MESSAGE][PASSED] - Text '03031987' is set on object 'Object Repository/mobileSanity/STM/STM Census Page/input_Date of Birth_dob-0'

2019-10-03 08:11:41 - [TEST_STEP][PASSED] - click(findTestObject("mobileSanity/STM/STM Census Page/label_Male")): Object: 'Object Repository/mobileSanity/STM/STM Census Page/label_Male' is clicked on

2019-10-03 08:11:41 - [MESSAGE][PASSED] - Object: 'Object Repository/mobileSanity/STM/STM Census Page/label_Male' is clicked on

2019-10-03 08:11:41 - [TEST_STEP][PASSED] - click(findTestObject("mobileSanity/STM/STM Census Page/label_Compare Plans")): Object: 'Object Repository/mobileSanity/STM/STM Census Page/label_Compare Plans' is clicked on

2019-10-03 08:11:42 - [MESSAGE][PASSED] - Object: 'Object Repository/mobileSanity/STM/STM Census Page/label_Compare Plans' is clicked on

2019-10-03 08:11:42 - [TEST_STEP][PASSED] - waitForElementVisible(findTestObject("mobileSanity/STM/STM Quote Page/button_sort"), 20): Object 'Object Repository/mobileSanity/STM/STM Quote Page/button_sort' is visible

2019-10-03 08:11:43 - [MESSAGE][PASSED] - Object 'Object Repository/mobileSanity/STM/STM Quote Page/button_sort' is visible

2019-10-03 08:11:43 - [TEST_STEP][PASSED] - Thread.sleep(3000): null

2019-10-03 08:11:46 - [TEST_STEP][PASSED] - callTestCase(findTestCase("mobileWeb/_include/get_screenshot"), [:], STOP_ON_FAILURE): Call Test Case 'Test Cases/mobileWeb/_include/get_screenshot' successfully

2019-10-03 08:11:46 - [TEST_CASE][PASSED] - Test Cases/mobileWeb/_include/get_screenshot: Test Cases/mobileWeb/_include/get_screenshot

2019-10-03 08:11:46 - [TEST_STEP][PASSED] - takeScreenshot(screenPath + i + ".png"): Taking screenshot successfully

2019-10-03 08:11:47 - [MESSAGE][PASSED] - Taking screenshot successfully
[[ATTACHMENT|D:\\Test\\AgileTest\\Reports\\mobileWeb\\stm\\20191003_080058\\../Screenshots/iPhone 6/stm/Everest Prime/20191003_081131/2.png]]

2019-10-03 08:11:47 - [TEST_STEP][PASSED] - (internal.GlobalVariable.i++): null

2019-10-03 08:11:47 - [MESSAGE][PASSED] - Call Test Case 'Test Cases/mobileWeb/_include/get_screenshot' successfully

2019-10-03 08:11:47 - [TEST_STEP][PASSED] - Thread.sleep(1000): null

2019-10-03 08:11:48 - [MESSAGE][PASSED] - Call Test Case 'Test Cases/mobileWeb/_include/census_stm' successfully

2019-10-03 08:11:48 - [TEST_STEP][PASSED] - callTestCase(findTestCase("mobileWeb/_include/filter_stm"), ["carrier":"everest"], STOP_ON_FAILURE): Call Test Case 'Test Cases/mobileWeb/_include/filter_stm' successfully

2019-10-03 08:11:48 - [TEST_CASE][PASSED] - Test Cases/mobileWeb/_include/filter_stm: Test Cases/mobileWeb/_include/filter_stm

2019-10-03 08:11:48 - [TEST_STEP][PASSED] - driver = getWebDriver(): null

2019-10-03 08:11:48 - [TEST_STEP][PASSED] - selenium = new com.thoughtworks.selenium.webdriven.WebDriverBackedSelenium(driver, internal.GlobalVariable.ENV): null

2019-10-03 08:11:48 - [TEST_STEP][PASSED] - Thread.sleep(1000): null

2019-10-03 08:11:49 - [TEST_STEP][PASSED] - click(findTestObject("mobileSanity/STM/STM Quote Page/button_filters")): Object: 'Object Repository/mobileSanity/STM/STM Quote Page/button_filters' is clicked on

2019-10-03 08:11:49 - [MESSAGE][PASSED] - Object: 'Object Repository/mobileSanity/STM/STM Quote Page/button_filters' is clicked on

2019-10-03 08:11:49 - [TEST_STEP][PASSED] - Thread.sleep(1000): null

2019-10-03 08:11:50 - [TEST_STEP][PASSED] - click(findTestObject("mobileSanity/STM/STM Quote Page/i_Insurance company")): Object: 'Object Repository/mobileSanity/STM/STM Quote Page/i_Insurance company' is clicked on

2019-10-03 08:11:50 - [MESSAGE][PASSED] - Object: 'Object Repository/mobileSanity/STM/STM Quote Page/i_Insurance company' is clicked on

2019-10-03 08:11:50 - [TEST_STEP][PASSED] - Thread.sleep(1000): null

2019-10-03 08:11:51 - [TEST_STEP][PASSED] - filter_carrier = "//input[@name='filter[carrier]' and @value='" + carrier + "']/following::label": null

2019-10-03 08:11:51 - [TEST_STEP][PASSED] - println(filter_carrier): null

2019-10-03 08:11:51 - [TEST_STEP][PASSED] - test.MobileKeywords.clickJS_ByXpath(filter_carrier): test.MobileKeywords.clickJS_ByXpath is PASSED

2019-10-03 08:11:51 - [MESSAGE][PASSED] - Execute JavaScript 'arguments[0].click()' successfully

2019-10-03 08:11:51 - [MESSAGE][PASSED] - test.MobileKeywords.clickJS_ByXpath is PASSED

2019-10-03 08:11:51 - [TEST_STEP][PASSED] - Thread.sleep(1000): null

2019-10-03 08:11:52 - [TEST_STEP][PASSED] - scrollToElement(findTestObject("mobileSanity/STM/STM Quote Page/a_Show Plans"), 1000): Scroll to object 'Object Repository/mobileSanity/STM/STM Quote Page/a_Show Plans' successfully

2019-10-03 08:11:52 - [MESSAGE][PASSED] - Scroll to object 'Object Repository/mobileSanity/STM/STM Quote Page/a_Show Plans' successfully

2019-10-03 08:11:52 - [TEST_STEP][PASSED] - click(findTestObject("mobileSanity/STM/STM Quote Page/a_Show Plans")): Object: 'Object Repository/mobileSanity/STM/STM Quote Page/a_Show Plans' is clicked on

2019-10-03 08:11:53 - [MESSAGE][PASSED] - Object: 'Object Repository/mobileSanity/STM/STM Quote Page/a_Show Plans' is clicked on

2019-10-03 08:11:53 - [TEST_STEP][PASSED] - waitForJQueryLoad(20, STOP_ON_FAILURE): jQuery is ready.

2019-10-03 08:11:53 - [MESSAGE][PASSED] - jQuery is ready.

2019-10-03 08:11:53 - [TEST_STEP][PASSED] - Thread.sleep(2000): null

2019-10-03 08:11:55 - [TEST_STEP][PASSED] - callTestCase(findTestCase("mobileWeb/_include/get_screenshot"), [:], STOP_ON_FAILURE): Call Test Case 'Test Cases/mobileWeb/_include/get_screenshot' successfully

2019-10-03 08:11:55 - [TEST_CASE][PASSED] - Test Cases/mobileWeb/_include/get_screenshot: Test Cases/mobileWeb/_include/get_screenshot

2019-10-03 08:11:55 - [TEST_STEP][PASSED] - takeScreenshot(screenPath + i + ".png"): Taking screenshot successfully

2019-10-03 08:11:55 - [MESSAGE][PASSED] - Taking screenshot successfully
[[ATTACHMENT|D:\\Test\\AgileTest\\Reports\\mobileWeb\\stm\\20191003_080058\\../Screenshots/iPhone 6/stm/Everest Prime/20191003_081131/3.png]]

2019-10-03 08:11:55 - [TEST_STEP][PASSED] - (internal.GlobalVariable.i++): null

2019-10-03 08:11:55 - [MESSAGE][PASSED] - Call Test Case 'Test Cases/mobileWeb/_include/get_screenshot' successfully

2019-10-03 08:11:55 - [MESSAGE][PASSED] - Call Test Case 'Test Cases/mobileWeb/_include/filter_stm' successfully

2019-10-03 08:11:55 - [TEST_STEP][PASSED] - callTestCase(findTestCase("mobileWeb/_include/goToDetail_stm"), ["carrier":"everest"], STOP_ON_FAILURE): Call Test Case 'Test Cases/mobileWeb/_include/goToDetail_stm' successfully

2019-10-03 08:11:55 - [TEST_CASE][PASSED] - Test Cases/mobileWeb/_include/goToDetail_stm: Test Cases/mobileWeb/_include/goToDetail_stm

2019-10-03 08:11:55 - [TEST_STEP][PASSED] - driver = getWebDriver(): null

2019-10-03 08:11:55 - [TEST_STEP][PASSED] - selenium = new com.thoughtworks.selenium.webdriven.WebDriverBackedSelenium(driver, internal.GlobalVariable.ENV): null

2019-10-03 08:11:55 - [TEST_STEP][PASSED] - a_plan_name = "xpath=//a[contains(@href,'/term-health-insurance/plan/" + carrier + "')]": null

2019-10-03 08:11:55 - [TEST_STEP][PASSED] - println(a_plan_name): null

2019-10-03 08:11:55 - [TEST_STEP][PASSED] - selenium.click(a_plan_name): null

2019-10-03 08:11:56 - [TEST_STEP][PASSED] - waitForPageLoad(20): Wait for page load successfully

2019-10-03 08:11:56 - [MESSAGE][PASSED] - Wait for page load successfully

2019-10-03 08:11:56 - [TEST_STEP][PASSED] - Thread.sleep(2000): null

2019-10-03 08:11:58 - [TEST_STEP][PASSED] - callTestCase(findTestCase("mobileWeb/_include/get_screenshot"), [:], STOP_ON_FAILURE): Call Test Case 'Test Cases/mobileWeb/_include/get_screenshot' successfully

2019-10-03 08:11:58 - [TEST_CASE][PASSED] - Test Cases/mobileWeb/_include/get_screenshot: Test Cases/mobileWeb/_include/get_screenshot

2019-10-03 08:11:58 - [TEST_STEP][PASSED] - takeScreenshot(screenPath + i + ".png"): Taking screenshot successfully

2019-10-03 08:11:59 - [MESSAGE][PASSED] - Taking screenshot successfully
[[ATTACHMENT|D:\\Test\\AgileTest\\Reports\\mobileWeb\\stm\\20191003_080058\\../Screenshots/iPhone 6/stm/Everest Prime/20191003_081131/4.png]]

2019-10-03 08:11:59 - [TEST_STEP][PASSED] - (internal.GlobalVariable.i++): null

2019-10-03 08:11:59 - [MESSAGE][PASSED] - Call Test Case 'Test Cases/mobileWeb/_include/get_screenshot' successfully

2019-10-03 08:11:59 - [MESSAGE][PASSED] - Call Test Case 'Test Cases/mobileWeb/_include/goToDetail_stm' successfully

2019-10-03 08:11:59 - [TEST_STEP][PASSED] - callTestCase(findTestCase("mobileWeb/_include/apply_stm"), [:], STOP_ON_FAILURE): Call Test Case 'Test Cases/mobileWeb/_include/apply_stm' successfully

2019-10-03 08:11:59 - [TEST_CASE][PASSED] - Test Cases/mobileWeb/_include/apply_stm: Test Cases/mobileWeb/_include/apply_stm

2019-10-03 08:11:59 - [TEST_STEP][PASSED] - waitForElementVisible(findTestObject("mobileSanity/STM/STM PlanDetail Page/a_Apply for This Plan"), 5): Object 'Object Repository/mobileSanity/STM/STM PlanDetail Page/a_Apply for This Plan' is visible

2019-10-03 08:11:59 - [MESSAGE][PASSED] - Object 'Object Repository/mobileSanity/STM/STM PlanDetail Page/a_Apply for This Plan' is visible

2019-10-03 08:11:59 - [TEST_STEP][PASSED] - click(findTestObject("mobileSanity/STM/STM PlanDetail Page/a_Apply for This Plan")): Object: 'Object Repository/mobileSanity/STM/STM PlanDetail Page/a_Apply for This Plan' is clicked on

2019-10-03 08:12:00 - [MESSAGE][PASSED] - Object: 'Object Repository/mobileSanity/STM/STM PlanDetail Page/a_Apply for This Plan' is clicked on

2019-10-03 08:12:00 - [TEST_STEP][PASSED] - waitForPageLoad(10): Wait for page load successfully

2019-10-03 08:12:00 - [MESSAGE][PASSED] - Wait for page load successfully

2019-10-03 08:12:00 - [TEST_STEP][PASSED] - Thread.sleep(2000): null

2019-10-03 08:12:02 - [TEST_STEP][PASSED] - callTestCase(findTestCase("mobileWeb/_include/get_screenshot"), [:], STOP_ON_FAILURE): Call Test Case 'Test Cases/mobileWeb/_include/get_screenshot' successfully

2019-10-03 08:12:02 - [TEST_CASE][PASSED] - Test Cases/mobileWeb/_include/get_screenshot: Test Cases/mobileWeb/_include/get_screenshot

2019-10-03 08:12:02 - [TEST_STEP][PASSED] - takeScreenshot(screenPath + i + ".png"): Taking screenshot successfully

2019-10-03 08:12:03 - [MESSAGE][PASSED] - Taking screenshot successfully
[[ATTACHMENT|D:\\Test\\AgileTest\\Reports\\mobileWeb\\stm\\20191003_080058\\../Screenshots/iPhone 6/stm/Everest Prime/20191003_081131/5.png]]

2019-10-03 08:12:03 - [TEST_STEP][PASSED] - (internal.GlobalVariable.i++): null

2019-10-03 08:12:03 - [MESSAGE][PASSED] - Call Test Case 'Test Cases/mobileWeb/_include/get_screenshot' successfully

2019-10-03 08:12:03 - [TEST_STEP][PASSED] - waitForElementVisible(findTestObject("mobileSanity/STM/STM Apply Page/a_Start Secure Application"), 5): Object 'Object Repository/mobileSanity/STM/STM Apply Page/a_Start Secure Application' is visible

2019-10-03 08:12:03 - [MESSAGE][PASSED] - Object 'Object Repository/mobileSanity/STM/STM Apply Page/a_Start Secure Application' is visible

2019-10-03 08:12:03 - [TEST_STEP][PASSED] - click(findTestObject("mobileSanity/STM/STM Apply Page/a_Start Secure Application")): Object: 'Object Repository/mobileSanity/STM/STM Apply Page/a_Start Secure Application' is clicked on

2019-10-03 08:12:03 - [MESSAGE][PASSED] - Object: 'Object Repository/mobileSanity/STM/STM Apply Page/a_Start Secure Application' is clicked on

2019-10-03 08:12:03 - [TEST_STEP][PASSED] - waitForPageLoad(20): Wait for page load successfully

2019-10-03 08:12:04 - [MESSAGE][PASSED] - Wait for page load successfully

2019-10-03 08:12:04 - [TEST_STEP][PASSED] - Thread.sleep(2000): null

2019-10-03 08:12:06 - [TEST_STEP][PASSED] - callTestCase(findTestCase("mobileWeb/_include/get_screenshot"), [:], STOP_ON_FAILURE): Call Test Case 'Test Cases/mobileWeb/_include/get_screenshot' successfully

2019-10-03 08:12:06 - [TEST_CASE][PASSED] - Test Cases/mobileWeb/_include/get_screenshot: Test Cases/mobileWeb/_include/get_screenshot

2019-10-03 08:12:06 - [TEST_STEP][PASSED] - takeScreenshot(screenPath + i + ".png"): Taking screenshot successfully

2019-10-03 08:12:06 - [MESSAGE][PASSED] - Taking screenshot successfully
[[ATTACHMENT|D:\\Test\\AgileTest\\Reports\\mobileWeb\\stm\\20191003_080058\\../Screenshots/iPhone 6/stm/Everest Prime/20191003_081131/6.png]]

2019-10-03 08:12:06 - [TEST_STEP][PASSED] - (internal.GlobalVariable.i++): null

2019-10-03 08:12:06 - [MESSAGE][PASSED] - Call Test Case 'Test Cases/mobileWeb/_include/get_screenshot' successfully

2019-10-03 08:12:06 - [MESSAGE][PASSED] - Call Test Case 'Test Cases/mobileWeb/_include/apply_stm' successfully

2019-10-03 08:12:06 - [TEST_STEP][PASSED] - callTestCase(findTestCase("mobileWeb/_include/goToEnd_stm_autofill"), [:], STOP_ON_FAILURE): Call Test Case 'Test Cases/mobileWeb/_include/goToEnd_stm_autofill' successfully

2019-10-03 08:12:06 - [TEST_CASE][PASSED] - Test Cases/mobileWeb/_include/goToEnd_stm_autofill: Test Cases/mobileWeb/_include/goToEnd_stm_autofill

2019-10-03 08:12:07 - [TEST_STEP][PASSED] - callTestCase(findTestCase("mobileWeb/_include/name"), [:], CONTINUE_ON_FAILURE): Call Test Case 'Test Cases/mobileWeb/_include/name' successfully

2019-10-03 08:12:07 - [TEST_CASE][PASSED] - Test Cases/mobileWeb/_include/name: Test Cases/mobileWeb/_include/name

2019-10-03 08:12:07 - [TEST_STEP][PASSED] - driver = getWebDriver(): null

2019-10-03 08:12:07 - [TEST_STEP][PASSED] - selenium = new com.thoughtworks.selenium.webdriven.WebDriverBackedSelenium(driver, internal.GlobalVariable.ENV): null

2019-10-03 08:12:07 - [TEST_STEP][PASSED] - FirstName = "Test-123": null

2019-10-03 08:12:07 - [TEST_STEP][PASSED] - LastName = selenium.getEval("{var x="ABCDEFGHIJKLMNOPQRSTUVWXYZabcdefghijklmnopqrstuvwxyz"; var tmp="ZZ11-"; for (i=0;i<8;i++) tmp+=x.charAt(Math.ceil(51*Math.random()));tmp;}"): null

2019-10-03 08:12:07 - [TEST_STEP][PASSED] - Address = selenium.getEval("{var x="ABCDEFGHIJKLMNOPQRSTUVWXYZabcdefghijklmnopqrstuvwxyz"; var tmp=""; for (i=0;i<8;i++) tmp+=x.charAt(Math.ceil(51*Math.random()));tmp;}"): null

2019-10-03 08:12:07 - [TEST_STEP][PASSED] - City = selenium.getEval("{var x="ABCDEFGHIJKLMNOPQRSTUVWXYZabcdefghijklmnopqrstuvwxyz"; var tmp=""; for (i=0;i<8;i++) tmp+=x.charAt(Math.ceil(51*Math.random()));tmp;}"): null

2019-10-03 08:12:07 - [TEST_STEP][PASSED] - tel1 = selenium.getEval("{var x="123456789"; var tmp=""; for (i=0;i<3;i++) tmp+=x.charAt(Math.ceil(8*Math.random()));tmp;}"): null

2019-10-03 08:12:07 - [TEST_STEP][PASSED] - tel2 = selenium.getEval("{var x="123456789"; var tmp=""; for (i=0;i<3;i++) tmp+=x.charAt(Math.ceil(8*Math.random()));tmp;}"): null

2019-10-03 08:12:07 - [TEST_STEP][PASSED] - tel3 = selenium.getEval("{var x="123456789"; var tmp=""; for (i=0;i<4;i++) tmp+=x.charAt(Math.ceil(8*Math.random()));tmp;}"): null

2019-10-03 08:12:07 - [TEST_STEP][PASSED] - Tel = selenium.getExpression(tel1 + "-" + tel2 + "-" + tel3): null

2019-10-03 08:12:07 - [TEST_STEP][PASSED] - AutoEmail = selenium.getEval("{var x="ABCDEFGHIJKLMNOPQRSTUVWXYZabcdefghijklmnopqrstuvwxyz"; var tmp="test."; for (i=0;i<8;i++) tmp+=x.charAt(Math.ceil(51*Math.random()));tmp+="@suryani.cn";}"): null

2019-10-03 08:12:07 - [TEST_STEP][PASSED] - FirstName = FirstName: null

2019-10-03 08:12:07 - [TEST_STEP][PASSED] - LastName = LastName: null

2019-10-03 08:12:07 - [TEST_STEP][PASSED] - Address = Address: null

2019-10-03 08:12:07 - [TEST_STEP][PASSED] - City = City: null

2019-10-03 08:12:07 - [TEST_STEP][PASSED] - Tel = Tel: null

2019-10-03 08:12:07 - [TEST_STEP][PASSED] - AutoEmail = AutoEmail: null

2019-10-03 08:12:07 - [TEST_STEP][PASSED] - println(FirstName): null

2019-10-03 08:12:07 - [TEST_STEP][PASSED] - println(LastName): null

2019-10-03 08:12:07 - [TEST_STEP][PASSED] - println(Address): null

2019-10-03 08:12:07 - [TEST_STEP][PASSED] - println(City): null

2019-10-03 08:12:07 - [TEST_STEP][PASSED] - println(Tel): null

2019-10-03 08:12:07 - [TEST_STEP][PASSED] - println(AutoEmail): null

2019-10-03 08:12:07 - [MESSAGE][PASSED] - Call Test Case 'Test Cases/mobileWeb/_include/name' successfully

2019-10-03 08:12:07 - [TEST_STEP][FAILED] - try: Unable to verify text 'Month Duration Acknowledgement' is present  (Root cause: com.kms.katalon.core.exception.StepFailedException: Text 'Month Duration Acknowledgement' is not present on page )

2019-10-03 08:12:07 - [TEST_STEP][FAILED] - if (verifyTextPresent("Month Duration Acknowledgement", false)): Unable to verify text 'Month Duration Acknowledgement' is present  (Root cause: com.kms.katalon.core.exception.StepFailedException: Text 'Month Duration Acknowledgement' is not present on page )

2019-10-03 08:12:07 - [MESSAGE][FAILED] - Text 'Month Duration Acknowledgement' is not present on page 

2019-10-03 08:12:07 - [MESSAGE][FAILED] - Unable to verify text 'Month Duration Acknowledgement' is present  (Root cause: com.kms.katalon.core.exception.StepFailedException: Text 'Month Duration Acknowledgement' is not present on page )
[[ATTACHMENT|D:\\Test\\AgileTest\\Reports\\mobileWeb\\stm\\20191003_080058\\1570104727386.png]]

2019-10-03 08:12:07 - [TEST_STEP][PASSED] - catch (Exception e): null

2019-10-03 08:12:07 - [TEST_STEP][PASSED] - println("no consecutive"): null

2019-10-03 08:12:07 - [TEST_STEP][PASSED] - waitForPageLoad(10): Wait for page load successfully

2019-10-03 08:12:07 - [MESSAGE][PASSED] - Wait for page load successfully

2019-10-03 08:12:07 - [TEST_STEP][PASSED] - Thread.sleep(3000): null

2019-10-03 08:12:10 - [TEST_STEP][PASSED] - waitForElementVisible(findTestObject("mobileSanity/STM/Page_App Page 1/a_Autofill App Info"), 20): Object 'Object Repository/mobileSanity/STM/Page_App Page 1/a_Autofill App Info' is visible

2019-10-03 08:12:10 - [MESSAGE][PASSED] - Object 'Object Repository/mobileSanity/STM/Page_App Page 1/a_Autofill App Info' is visible

2019-10-03 08:12:10 - [TEST_STEP][PASSED] - click(findTestObject("mobileSanity/STM/Page_App Page 1/a_Autofill App Info")): Object: 'Object Repository/mobileSanity/STM/Page_App Page 1/a_Autofill App Info' is clicked on

2019-10-03 08:12:10 - [MESSAGE][PASSED] - Object: 'Object Repository/mobileSanity/STM/Page_App Page 1/a_Autofill App Info' is clicked on

2019-10-03 08:12:10 - [TEST_STEP][PASSED] - Thread.sleep(1000): null

2019-10-03 08:12:11 - [TEST_STEP][PASSED] - click(findTestObject("mobileSanity/STM/Page_App Page 1/a_Autofill App Info")): Object: 'Object Repository/mobileSanity/STM/Page_App Page 1/a_Autofill App Info' is clicked on

2019-10-03 08:12:11 - [MESSAGE][PASSED] - Object: 'Object Repository/mobileSanity/STM/Page_App Page 1/a_Autofill App Info' is clicked on

2019-10-03 08:12:11 - [TEST_STEP][PASSED] - Thread.sleep(1000): null

2019-10-03 08:12:12 - [TEST_STEP][PASSED] - waitForElementVisible(findTestObject("mobileSanity/STM/Page_App Page 1/a_Continue"), 20): Object 'Object Repository/mobileSanity/STM/Page_App Page 1/a_Continue' is visible

2019-10-03 08:12:13 - [MESSAGE][PASSED] - Object 'Object Repository/mobileSanity/STM/Page_App Page 1/a_Continue' is visible

2019-10-03 08:12:13 - [TEST_STEP][PASSED] - click(findTestObject("mobileSanity/STM/Page_App Page 1/a_Continue")): Object: 'Object Repository/mobileSanity/STM/Page_App Page 1/a_Continue' is clicked on

2019-10-03 08:12:13 - [MESSAGE][PASSED] - Object: 'Object Repository/mobileSanity/STM/Page_App Page 1/a_Continue' is clicked on

2019-10-03 08:12:13 - [TEST_STEP][PASSED] - waitForPageLoad(20): Wait for page load successfully

2019-10-03 08:12:13 - [MESSAGE][PASSED] - Wait for page load successfully

2019-10-03 08:12:13 - [TEST_STEP][PASSED] - Thread.sleep(2000): null

2019-10-03 08:12:15 - [TEST_STEP][PASSED] - callTestCase(findTestCase("mobileWeb/_include/get_screenshot"), [:], STOP_ON_FAILURE): Call Test Case 'Test Cases/mobileWeb/_include/get_screenshot' successfully

2019-10-03 08:12:15 - [TEST_CASE][PASSED] - Test Cases/mobileWeb/_include/get_screenshot: Test Cases/mobileWeb/_include/get_screenshot

2019-10-03 08:12:15 - [TEST_STEP][PASSED] - takeScreenshot(screenPath + i + ".png"): Taking screenshot successfully

2019-10-03 08:12:15 - [MESSAGE][PASSED] - Taking screenshot successfully
[[ATTACHMENT|D:\\Test\\AgileTest\\Reports\\mobileWeb\\stm\\20191003_080058\\../Screenshots/iPhone 6/stm/Everest Prime/20191003_081131/7.png]]

2019-10-03 08:12:15 - [TEST_STEP][PASSED] - (internal.GlobalVariable.i++): null

2019-10-03 08:12:15 - [MESSAGE][PASSED] - Call Test Case 'Test Cases/mobileWeb/_include/get_screenshot' successfully

2019-10-03 08:12:15 - [TEST_STEP][PASSED] - click(findTestObject("mobileSanity/STM/Page_App Page 2/a_Continue to Step 3 - Payment")): Object: 'Object Repository/mobileSanity/STM/Page_App Page 2/a_Continue to Step 3 - Payment' is clicked on

2019-10-03 08:12:15 - [MESSAGE][PASSED] - Object: 'Object Repository/mobileSanity/STM/Page_App Page 2/a_Continue to Step 3 - Payment' is clicked on

2019-10-03 08:12:15 - [TEST_STEP][PASSED] - waitForPageLoad(20): Wait for page load successfully

2019-10-03 08:12:15 - [MESSAGE][PASSED] - Wait for page load successfully

2019-10-03 08:12:15 - [TEST_STEP][PASSED] - waitForElementVisible(findTestObject("mobileSanity/STM/Page_App Page 3/input__credit-card-cvv"), 20): Object 'Object Repository/mobileSanity/STM/Page_App Page 3/input__credit-card-cvv' is visible

2019-10-03 08:12:16 - [MESSAGE][PASSED] - Object 'Object Repository/mobileSanity/STM/Page_App Page 3/input__credit-card-cvv' is visible

2019-10-03 08:12:16 - [TEST_STEP][PASSED] - Thread.sleep(2000): null

2019-10-03 08:12:18 - [TEST_STEP][PASSED] - callTestCase(findTestCase("mobileWeb/_include/get_screenshot"), [:], STOP_ON_FAILURE): Call Test Case 'Test Cases/mobileWeb/_include/get_screenshot' successfully

2019-10-03 08:12:18 - [TEST_CASE][PASSED] - Test Cases/mobileWeb/_include/get_screenshot: Test Cases/mobileWeb/_include/get_screenshot

2019-10-03 08:12:18 - [TEST_STEP][PASSED] - takeScreenshot(screenPath + i + ".png"): Taking screenshot successfully

2019-10-03 08:12:19 - [MESSAGE][PASSED] - Taking screenshot successfully
[[ATTACHMENT|D:\\Test\\AgileTest\\Reports\\mobileWeb\\stm\\20191003_080058\\../Screenshots/iPhone 6/stm/Everest Prime/20191003_081131/8.png]]

2019-10-03 08:12:19 - [TEST_STEP][PASSED] - (internal.GlobalVariable.i++): null

2019-10-03 08:12:19 - [MESSAGE][PASSED] - Call Test Case 'Test Cases/mobileWeb/_include/get_screenshot' successfully

2019-10-03 08:12:19 - [TEST_STEP][PASSED] - clearText(findTestObject("mobileSanity/STM/Page_App Page 3/input__credit-card-cvv")): Text of object 'Object Repository/mobileSanity/STM/Page_App Page 3/input__credit-card-cvv' is cleared

2019-10-03 08:12:19 - [MESSAGE][PASSED] - Text of object 'Object Repository/mobileSanity/STM/Page_App Page 3/input__credit-card-cvv' is cleared

2019-10-03 08:12:19 - [TEST_STEP][PASSED] - setText(findTestObject("mobileSanity/STM/Page_App Page 3/input__credit-card-cvv"), "123"): Text '123' is set on object 'Object Repository/mobileSanity/STM/Page_App Page 3/input__credit-card-cvv'

2019-10-03 08:12:19 - [MESSAGE][PASSED] - Text '123' is set on object 'Object Repository/mobileSanity/STM/Page_App Page 3/input__credit-card-cvv'

2019-10-03 08:12:19 - [TEST_STEP][PASSED] - click(findTestObject("mobileSanity/STM/Page_App Page 3/label_I Accept Authorization f")): Object: 'Object Repository/mobileSanity/STM/Page_App Page 3/label_I Accept Authorization f' is clicked on

2019-10-03 08:12:19 - [MESSAGE][PASSED] - Object: 'Object Repository/mobileSanity/STM/Page_App Page 3/label_I Accept Authorization f' is clicked on

2019-10-03 08:12:19 - [TEST_STEP][PASSED] - click(findTestObject("mobileSanity/STM/Page_App Page 3/a_Continue to Step 4 - Review")): Object: 'Object Repository/mobileSanity/STM/Page_App Page 3/a_Continue to Step 4 - Review' is clicked on

2019-10-03 08:12:19 - [MESSAGE][PASSED] - Object: 'Object Repository/mobileSanity/STM/Page_App Page 3/a_Continue to Step 4 - Review' is clicked on

2019-10-03 08:12:19 - [TEST_STEP][PASSED] - waitForPageLoad(10): Wait for page load successfully

2019-10-03 08:12:19 - [MESSAGE][PASSED] - Wait for page load successfully

2019-10-03 08:12:19 - [TEST_STEP][PASSED] - waitForElementClickable(findTestObject("mobileSanity/STM/Page_App Page 4/label"), 10): Object 'Object Repository/mobileSanity/STM/Page_App Page 4/label' is clickable

2019-10-03 08:12:19 - [MESSAGE][PASSED] - Object 'Object Repository/mobileSanity/STM/Page_App Page 4/label' is clickable

2019-10-03 08:12:19 - [TEST_STEP][PASSED] - Thread.sleep(2000): null

2019-10-03 08:12:21 - [TEST_STEP][PASSED] - callTestCase(findTestCase("mobileWeb/_include/get_screenshot"), [:], STOP_ON_FAILURE): Call Test Case 'Test Cases/mobileWeb/_include/get_screenshot' successfully

2019-10-03 08:12:22 - [TEST_CASE][PASSED] - Test Cases/mobileWeb/_include/get_screenshot: Test Cases/mobileWeb/_include/get_screenshot

2019-10-03 08:12:22 - [TEST_STEP][PASSED] - takeScreenshot(screenPath + i + ".png"): Taking screenshot successfully

2019-10-03 08:12:22 - [MESSAGE][PASSED] - Taking screenshot successfully
[[ATTACHMENT|D:\\Test\\AgileTest\\Reports\\mobileWeb\\stm\\20191003_080058\\../Screenshots/iPhone 6/stm/Everest Prime/20191003_081131/9.png]]

2019-10-03 08:12:22 - [TEST_STEP][PASSED] - (internal.GlobalVariable.i++): null

2019-10-03 08:12:22 - [MESSAGE][PASSED] - Call Test Case 'Test Cases/mobileWeb/_include/get_screenshot' successfully

2019-10-03 08:12:22 - [TEST_STEP][PASSED] - click(findTestObject("mobileSanity/STM/Page_App Page 4/label")): Object: 'Object Repository/mobileSanity/STM/Page_App Page 4/label' is clicked on

2019-10-03 08:12:22 - [MESSAGE][PASSED] - Object: 'Object Repository/mobileSanity/STM/Page_App Page 4/label' is clicked on

2019-10-03 08:12:22 - [TEST_STEP][PASSED] - click(findTestObject("mobileSanity/STM/Page_App Page 4/div_CLICK TO SIGN")): Object: 'Object Repository/mobileSanity/STM/Page_App Page 4/div_CLICK TO SIGN' is clicked on

2019-10-03 08:12:22 - [MESSAGE][PASSED] - Object: 'Object Repository/mobileSanity/STM/Page_App Page 4/div_CLICK TO SIGN' is clicked on

2019-10-03 08:12:22 - [TEST_STEP][PASSED] - click(findTestObject("mobileSanity/STM/Page_App Page 4/a_Submit Your Application")): Object: 'Object Repository/mobileSanity/STM/Page_App Page 4/a_Submit Your Application' is clicked on

2019-10-03 08:12:22 - [MESSAGE][PASSED] - Object: 'Object Repository/mobileSanity/STM/Page_App Page 4/a_Submit Your Application' is clicked on

2019-10-03 08:12:22 - [TEST_STEP][PASSED] - Thread.sleep(30000): null

2019-10-03 08:12:52 - [TEST_STEP][PASSED] - waitForElementPresent(findTestObject("mobileSanity/STM/Page_App Page 6/app-page-wrapper"), 20): Object 'Object Repository/mobileSanity/STM/Page_App Page 6/app-page-wrapper' is present

2019-10-03 08:12:52 - [MESSAGE][PASSED] - Object 'Object Repository/mobileSanity/STM/Page_App Page 6/app-page-wrapper' is present

2019-10-03 08:12:52 - [TEST_STEP][PASSED] - callTestCase(findTestCase("mobileWeb/_include/get_screenshot"), [:], STOP_ON_FAILURE): Call Test Case 'Test Cases/mobileWeb/_include/get_screenshot' successfully

2019-10-03 08:12:52 - [TEST_CASE][PASSED] - Test Cases/mobileWeb/_include/get_screenshot: Test Cases/mobileWeb/_include/get_screenshot

2019-10-03 08:12:52 - [TEST_STEP][PASSED] - takeScreenshot(screenPath + i + ".png"): Taking screenshot successfully

2019-10-03 08:12:53 - [MESSAGE][PASSED] - Taking screenshot successfully
[[ATTACHMENT|D:\\Test\\AgileTest\\Reports\\mobileWeb\\stm\\20191003_080058\\../Screenshots/iPhone 6/stm/Everest Prime/20191003_081131/10.png]]

2019-10-03 08:12:53 - [TEST_STEP][PASSED] - (internal.GlobalVariable.i++): null

2019-10-03 08:12:53 - [MESSAGE][PASSED] - Call Test Case 'Test Cases/mobileWeb/_include/get_screenshot' successfully

2019-10-03 08:12:53 - [MESSAGE][PASSED] - Call Test Case 'Test Cases/mobileWeb/_include/goToEnd_stm_autofill' successfully]]></system-out>
         <system-err><![CDATA[]]></system-err>
      </testcase>
      <testcase name="Test Cases/mobileWeb/stm/LifeShield" classname="Test Cases/mobileWeb/stm/LifeShield" status="PASSED">
         <system-out><![CDATA[2019-10-03 08:12:53 - [TEST_CASE][PASSED] - Test Cases/mobileWeb/stm/LifeShield: Test Cases/mobileWeb/stm/LifeShield

2019-10-03 08:12:53 - [TEST_STEP][PASSED] - callTestCase(findTestCase("mobileWeb/_include/get_screenPath"), ["productLine":"stm", "carrierName":"LifeShield"], CONTINUE_ON_FAILURE): Call Test Case 'Test Cases/mobileWeb/_include/get_screenPath' successfully

2019-10-03 08:12:53 - [TEST_CASE][PASSED] - Test Cases/mobileWeb/_include/get_screenPath: Test Cases/mobileWeb/_include/get_screenPath

2019-10-03 08:12:53 - [TEST_STEP][PASSED] - m = getExecutionProperties(): null

2019-10-03 08:12:53 - [TEST_STEP][PASSED] - deviceName = get("mobileEmulation").get("deviceName"): null

2019-10-03 08:12:53 - [TEST_STEP][PASSED] - println(deviceName): null

2019-10-03 08:12:53 - [TEST_STEP][PASSED] - now = new java.util.Date(): null

2019-10-03 08:12:53 - [TEST_STEP][PASSED] - mydate = now.format("yyyyMMdd_HHmmss"): null

2019-10-03 08:12:53 - [TEST_STEP][PASSED] - screenPath = "../Screenshots/": null

2019-10-03 08:12:53 - [TEST_STEP][PASSED] - screenPath = screenPath + deviceName + "/" + productLine + "/" + carrierName + "/" + mydate + "/": null

2019-10-03 08:12:53 - [TEST_STEP][PASSED] - println(screenPath): null

2019-10-03 08:12:53 - [MESSAGE][PASSED] - Call Test Case 'Test Cases/mobileWeb/_include/get_screenPath' successfully

2019-10-03 08:12:53 - [TEST_STEP][PASSED] - i = 0: null

2019-10-03 08:12:53 - [TEST_STEP][PASSED] - callTestCase(findTestCase("mobileWeb/_include/openWebSite"), [:], STOP_ON_FAILURE): Call Test Case 'Test Cases/mobileWeb/_include/openWebSite' successfully

2019-10-03 08:12:53 - [TEST_CASE][PASSED] - Test Cases/mobileWeb/_include/openWebSite: Test Cases/mobileWeb/_include/openWebSite

2019-10-03 08:12:53 - [TEST_STEP][PASSED] - openBrowser(env): Browser is opened with url: 'https://praetemptatus.agilehealthinsurance.com'

2019-10-03 08:12:53 - [MESSAGE][WARNING] - A browser is already opened. Closing browser and opening a new one

2019-10-03 08:12:54 - [MESSAGE][INFO] - Starting 'Chrome' driver

2019-10-03 08:12:54 - [MESSAGE][INFO] - User set preference: ['mobileEmulation', '{deviceName=iPhone 6}']

2019-10-03 08:12:54 - [MESSAGE][INFO] - User set preference: ['args', '[--incognito, --aggressive-cache-discard, --window-size=375,677, --no-sandbox]']

2019-10-03 08:12:57 - [MESSAGE][PASSED] - Browser is opened with url: 'https://praetemptatus.agilehealthinsurance.com'

2019-10-03 08:12:57 - [TEST_STEP][PASSED] - waitForPageLoad(20): Wait for page load successfully

2019-10-03 08:12:57 - [MESSAGE][PASSED] - Wait for page load successfully

2019-10-03 08:12:57 - [TEST_STEP][PASSED] - Thread.sleep(2000): null

2019-10-03 08:12:59 - [TEST_STEP][PASSED] - callTestCase(findTestCase("mobileWeb/_include/get_screenshot"), [:], STOP_ON_FAILURE): Call Test Case 'Test Cases/mobileWeb/_include/get_screenshot' successfully

2019-10-03 08:12:59 - [TEST_CASE][PASSED] - Test Cases/mobileWeb/_include/get_screenshot: Test Cases/mobileWeb/_include/get_screenshot

2019-10-03 08:12:59 - [TEST_STEP][PASSED] - takeScreenshot(screenPath + i + ".png"): Taking screenshot successfully

2019-10-03 08:13:00 - [MESSAGE][PASSED] - Taking screenshot successfully
[[ATTACHMENT|D:\\Test\\AgileTest\\Reports\\mobileWeb\\stm\\20191003_080058\\../Screenshots/iPhone 6/stm/LifeShield/20191003_081253/0.png]]

2019-10-03 08:13:00 - [TEST_STEP][PASSED] - (internal.GlobalVariable.i++): null

2019-10-03 08:13:00 - [MESSAGE][PASSED] - Call Test Case 'Test Cases/mobileWeb/_include/get_screenshot' successfully

2019-10-03 08:13:00 - [MESSAGE][PASSED] - Call Test Case 'Test Cases/mobileWeb/_include/openWebSite' successfully

2019-10-03 08:13:00 - [TEST_STEP][PASSED] - callTestCase(findTestCase("mobileWeb/_include/census_stm"), ["zipcode":"60602"], STOP_ON_FAILURE): Call Test Case 'Test Cases/mobileWeb/_include/census_stm' successfully

2019-10-03 08:13:00 - [TEST_CASE][PASSED] - Test Cases/mobileWeb/_include/census_stm: Test Cases/mobileWeb/_include/census_stm

2019-10-03 08:13:00 - [TEST_STEP][PASSED] - waitForElementClickable(findTestObject("mobileSanity/STM/Home Page/a_Quote  Save Today"), 10): Object 'Object Repository/mobileSanity/STM/Home Page/a_Quote  Save Today' is clickable

2019-10-03 08:13:00 - [MESSAGE][PASSED] - Object 'Object Repository/mobileSanity/STM/Home Page/a_Quote  Save Today' is clickable

2019-10-03 08:13:00 - [TEST_STEP][PASSED] - click(findTestObject("mobileSanity/STM/Home Page/a_Quote  Save Today")): Object: 'Object Repository/mobileSanity/STM/Home Page/a_Quote  Save Today' is clicked on

2019-10-03 08:13:00 - [MESSAGE][PASSED] - Object: 'Object Repository/mobileSanity/STM/Home Page/a_Quote  Save Today' is clicked on

2019-10-03 08:13:00 - [TEST_STEP][PASSED] - waitForPageLoad(10): Wait for page load successfully

2019-10-03 08:13:00 - [MESSAGE][PASSED] - Wait for page load successfully

2019-10-03 08:13:00 - [TEST_STEP][PASSED] - callTestCase(findTestCase("mobileWeb/_include/get_screenshot"), [:], STOP_ON_FAILURE): Call Test Case 'Test Cases/mobileWeb/_include/get_screenshot' successfully

2019-10-03 08:13:00 - [TEST_CASE][PASSED] - Test Cases/mobileWeb/_include/get_screenshot: Test Cases/mobileWeb/_include/get_screenshot

2019-10-03 08:13:00 - [TEST_STEP][PASSED] - takeScreenshot(screenPath + i + ".png"): Taking screenshot successfully

2019-10-03 08:13:01 - [MESSAGE][PASSED] - Taking screenshot successfully
[[ATTACHMENT|D:\\Test\\AgileTest\\Reports\\mobileWeb\\stm\\20191003_080058\\../Screenshots/iPhone 6/stm/LifeShield/20191003_081253/1.png]]

2019-10-03 08:13:01 - [TEST_STEP][PASSED] - (internal.GlobalVariable.i++): null

2019-10-03 08:13:01 - [MESSAGE][PASSED] - Call Test Case 'Test Cases/mobileWeb/_include/get_screenshot' successfully

2019-10-03 08:13:01 - [TEST_STEP][PASSED] - setText(findTestObject("mobileSanity/STM/STM Census Page/input_Location_zip-input"), zipcode): Text '60602' is set on object 'Object Repository/mobileSanity/STM/STM Census Page/input_Location_zip-input'

2019-10-03 08:13:01 - [MESSAGE][PASSED] - Text '60602' is set on object 'Object Repository/mobileSanity/STM/STM Census Page/input_Location_zip-input'

2019-10-03 08:13:01 - [TEST_STEP][PASSED] - Thread.sleep(500): null

2019-10-03 08:13:02 - [TEST_STEP][PASSED] - setText(findTestObject("mobileSanity/STM/STM Census Page/input_Date of Birth_dob-0"), "03031987"): Text '03031987' is set on object 'Object Repository/mobileSanity/STM/STM Census Page/input_Date of Birth_dob-0'

2019-10-03 08:13:02 - [MESSAGE][PASSED] - Text '03031987' is set on object 'Object Repository/mobileSanity/STM/STM Census Page/input_Date of Birth_dob-0'

2019-10-03 08:13:02 - [TEST_STEP][PASSED] - click(findTestObject("mobileSanity/STM/STM Census Page/label_Male")): Object: 'Object Repository/mobileSanity/STM/STM Census Page/label_Male' is clicked on

2019-10-03 08:13:02 - [MESSAGE][PASSED] - Object: 'Object Repository/mobileSanity/STM/STM Census Page/label_Male' is clicked on

2019-10-03 08:13:02 - [TEST_STEP][PASSED] - click(findTestObject("mobileSanity/STM/STM Census Page/label_Compare Plans")): Object: 'Object Repository/mobileSanity/STM/STM Census Page/label_Compare Plans' is clicked on

2019-10-03 08:13:04 - [MESSAGE][PASSED] - Object: 'Object Repository/mobileSanity/STM/STM Census Page/label_Compare Plans' is clicked on

2019-10-03 08:13:04 - [TEST_STEP][PASSED] - waitForElementVisible(findTestObject("mobileSanity/STM/STM Quote Page/button_sort"), 20): Object 'Object Repository/mobileSanity/STM/STM Quote Page/button_sort' is visible

2019-10-03 08:13:04 - [MESSAGE][PASSED] - Object 'Object Repository/mobileSanity/STM/STM Quote Page/button_sort' is visible

2019-10-03 08:13:04 - [TEST_STEP][PASSED] - Thread.sleep(3000): null

2019-10-03 08:13:07 - [TEST_STEP][PASSED] - callTestCase(findTestCase("mobileWeb/_include/get_screenshot"), [:], STOP_ON_FAILURE): Call Test Case 'Test Cases/mobileWeb/_include/get_screenshot' successfully

2019-10-03 08:13:07 - [TEST_CASE][PASSED] - Test Cases/mobileWeb/_include/get_screenshot: Test Cases/mobileWeb/_include/get_screenshot

2019-10-03 08:13:07 - [TEST_STEP][PASSED] - takeScreenshot(screenPath + i + ".png"): Taking screenshot successfully

2019-10-03 08:13:08 - [MESSAGE][PASSED] - Taking screenshot successfully
[[ATTACHMENT|D:\\Test\\AgileTest\\Reports\\mobileWeb\\stm\\20191003_080058\\../Screenshots/iPhone 6/stm/LifeShield/20191003_081253/2.png]]

2019-10-03 08:13:08 - [TEST_STEP][PASSED] - (internal.GlobalVariable.i++): null

2019-10-03 08:13:08 - [MESSAGE][PASSED] - Call Test Case 'Test Cases/mobileWeb/_include/get_screenshot' successfully

2019-10-03 08:13:08 - [TEST_STEP][PASSED] - Thread.sleep(1000): null

2019-10-03 08:13:09 - [MESSAGE][PASSED] - Call Test Case 'Test Cases/mobileWeb/_include/census_stm' successfully

2019-10-03 08:13:09 - [TEST_STEP][PASSED] - callTestCase(findTestCase("mobileWeb/_include/filter_stm"), ["carrier":"lifeshield"], STOP_ON_FAILURE): Call Test Case 'Test Cases/mobileWeb/_include/filter_stm' successfully

2019-10-03 08:13:09 - [TEST_CASE][PASSED] - Test Cases/mobileWeb/_include/filter_stm: Test Cases/mobileWeb/_include/filter_stm

2019-10-03 08:13:09 - [TEST_STEP][PASSED] - driver = getWebDriver(): null

2019-10-03 08:13:09 - [TEST_STEP][PASSED] - selenium = new com.thoughtworks.selenium.webdriven.WebDriverBackedSelenium(driver, internal.GlobalVariable.ENV): null

2019-10-03 08:13:09 - [TEST_STEP][PASSED] - Thread.sleep(1000): null

2019-10-03 08:13:10 - [TEST_STEP][PASSED] - click(findTestObject("mobileSanity/STM/STM Quote Page/button_filters")): Object: 'Object Repository/mobileSanity/STM/STM Quote Page/button_filters' is clicked on

2019-10-03 08:13:10 - [MESSAGE][PASSED] - Object: 'Object Repository/mobileSanity/STM/STM Quote Page/button_filters' is clicked on

2019-10-03 08:13:10 - [TEST_STEP][PASSED] - Thread.sleep(1000): null

2019-10-03 08:13:11 - [TEST_STEP][PASSED] - click(findTestObject("mobileSanity/STM/STM Quote Page/i_Insurance company")): Object: 'Object Repository/mobileSanity/STM/STM Quote Page/i_Insurance company' is clicked on

2019-10-03 08:13:11 - [MESSAGE][PASSED] - Object: 'Object Repository/mobileSanity/STM/STM Quote Page/i_Insurance company' is clicked on

2019-10-03 08:13:11 - [TEST_STEP][PASSED] - Thread.sleep(1000): null

2019-10-03 08:13:12 - [TEST_STEP][PASSED] - filter_carrier = "//input[@name='filter[carrier]' and @value='" + carrier + "']/following::label": null

2019-10-03 08:13:12 - [TEST_STEP][PASSED] - println(filter_carrier): null

2019-10-03 08:13:12 - [TEST_STEP][PASSED] - test.MobileKeywords.clickJS_ByXpath(filter_carrier): test.MobileKeywords.clickJS_ByXpath is PASSED

2019-10-03 08:13:12 - [MESSAGE][PASSED] - Execute JavaScript 'arguments[0].click()' successfully

2019-10-03 08:13:12 - [MESSAGE][PASSED] - test.MobileKeywords.clickJS_ByXpath is PASSED

2019-10-03 08:13:12 - [TEST_STEP][PASSED] - Thread.sleep(1000): null

2019-10-03 08:13:13 - [TEST_STEP][PASSED] - scrollToElement(findTestObject("mobileSanity/STM/STM Quote Page/a_Show Plans"), 1000): Scroll to object 'Object Repository/mobileSanity/STM/STM Quote Page/a_Show Plans' successfully

2019-10-03 08:13:13 - [MESSAGE][PASSED] - Scroll to object 'Object Repository/mobileSanity/STM/STM Quote Page/a_Show Plans' successfully

2019-10-03 08:13:13 - [TEST_STEP][PASSED] - click(findTestObject("mobileSanity/STM/STM Quote Page/a_Show Plans")): Object: 'Object Repository/mobileSanity/STM/STM Quote Page/a_Show Plans' is clicked on

2019-10-03 08:13:14 - [MESSAGE][PASSED] - Object: 'Object Repository/mobileSanity/STM/STM Quote Page/a_Show Plans' is clicked on

2019-10-03 08:13:14 - [TEST_STEP][PASSED] - waitForJQueryLoad(20, STOP_ON_FAILURE): jQuery is ready.

2019-10-03 08:13:14 - [MESSAGE][PASSED] - jQuery is ready.

2019-10-03 08:13:14 - [TEST_STEP][PASSED] - Thread.sleep(2000): null

2019-10-03 08:13:16 - [TEST_STEP][PASSED] - callTestCase(findTestCase("mobileWeb/_include/get_screenshot"), [:], STOP_ON_FAILURE): Call Test Case 'Test Cases/mobileWeb/_include/get_screenshot' successfully

2019-10-03 08:13:16 - [TEST_CASE][PASSED] - Test Cases/mobileWeb/_include/get_screenshot: Test Cases/mobileWeb/_include/get_screenshot

2019-10-03 08:13:16 - [TEST_STEP][PASSED] - takeScreenshot(screenPath + i + ".png"): Taking screenshot successfully

2019-10-03 08:13:16 - [MESSAGE][PASSED] - Taking screenshot successfully
[[ATTACHMENT|D:\\Test\\AgileTest\\Reports\\mobileWeb\\stm\\20191003_080058\\../Screenshots/iPhone 6/stm/LifeShield/20191003_081253/3.png]]

2019-10-03 08:13:16 - [TEST_STEP][PASSED] - (internal.GlobalVariable.i++): null

2019-10-03 08:13:16 - [MESSAGE][PASSED] - Call Test Case 'Test Cases/mobileWeb/_include/get_screenshot' successfully

2019-10-03 08:13:16 - [MESSAGE][PASSED] - Call Test Case 'Test Cases/mobileWeb/_include/filter_stm' successfully

2019-10-03 08:13:16 - [TEST_STEP][PASSED] - callTestCase(findTestCase("mobileWeb/_include/goToDetail_stm"), ["carrier":"lifeshield"], STOP_ON_FAILURE): Call Test Case 'Test Cases/mobileWeb/_include/goToDetail_stm' successfully

2019-10-03 08:13:16 - [TEST_CASE][PASSED] - Test Cases/mobileWeb/_include/goToDetail_stm: Test Cases/mobileWeb/_include/goToDetail_stm

2019-10-03 08:13:16 - [TEST_STEP][PASSED] - driver = getWebDriver(): null

2019-10-03 08:13:16 - [TEST_STEP][PASSED] - selenium = new com.thoughtworks.selenium.webdriven.WebDriverBackedSelenium(driver, internal.GlobalVariable.ENV): null

2019-10-03 08:13:16 - [TEST_STEP][PASSED] - a_plan_name = "xpath=//a[contains(@href,'/term-health-insurance/plan/" + carrier + "')]": null

2019-10-03 08:13:16 - [TEST_STEP][PASSED] - println(a_plan_name): null

2019-10-03 08:13:16 - [TEST_STEP][PASSED] - selenium.click(a_plan_name): null

2019-10-03 08:13:17 - [TEST_STEP][PASSED] - waitForPageLoad(20): Wait for page load successfully

2019-10-03 08:13:17 - [MESSAGE][PASSED] - Wait for page load successfully

2019-10-03 08:13:17 - [TEST_STEP][PASSED] - Thread.sleep(2000): null

2019-10-03 08:13:19 - [TEST_STEP][PASSED] - callTestCase(findTestCase("mobileWeb/_include/get_screenshot"), [:], STOP_ON_FAILURE): Call Test Case 'Test Cases/mobileWeb/_include/get_screenshot' successfully

2019-10-03 08:13:19 - [TEST_CASE][PASSED] - Test Cases/mobileWeb/_include/get_screenshot: Test Cases/mobileWeb/_include/get_screenshot

2019-10-03 08:13:19 - [TEST_STEP][PASSED] - takeScreenshot(screenPath + i + ".png"): Taking screenshot successfully

2019-10-03 08:13:20 - [MESSAGE][PASSED] - Taking screenshot successfully
[[ATTACHMENT|D:\\Test\\AgileTest\\Reports\\mobileWeb\\stm\\20191003_080058\\../Screenshots/iPhone 6/stm/LifeShield/20191003_081253/4.png]]

2019-10-03 08:13:20 - [TEST_STEP][PASSED] - (internal.GlobalVariable.i++): null

2019-10-03 08:13:20 - [MESSAGE][PASSED] - Call Test Case 'Test Cases/mobileWeb/_include/get_screenshot' successfully

2019-10-03 08:13:20 - [MESSAGE][PASSED] - Call Test Case 'Test Cases/mobileWeb/_include/goToDetail_stm' successfully

2019-10-03 08:13:20 - [TEST_STEP][PASSED] - callTestCase(findTestCase("mobileWeb/_include/apply_stm"), [:], STOP_ON_FAILURE): Call Test Case 'Test Cases/mobileWeb/_include/apply_stm' successfully

2019-10-03 08:13:20 - [TEST_CASE][PASSED] - Test Cases/mobileWeb/_include/apply_stm: Test Cases/mobileWeb/_include/apply_stm

2019-10-03 08:13:20 - [TEST_STEP][PASSED] - waitForElementVisible(findTestObject("mobileSanity/STM/STM PlanDetail Page/a_Apply for This Plan"), 5): Object 'Object Repository/mobileSanity/STM/STM PlanDetail Page/a_Apply for This Plan' is visible

2019-10-03 08:13:20 - [MESSAGE][PASSED] - Object 'Object Repository/mobileSanity/STM/STM PlanDetail Page/a_Apply for This Plan' is visible

2019-10-03 08:13:20 - [TEST_STEP][PASSED] - click(findTestObject("mobileSanity/STM/STM PlanDetail Page/a_Apply for This Plan")): Object: 'Object Repository/mobileSanity/STM/STM PlanDetail Page/a_Apply for This Plan' is clicked on

2019-10-03 08:13:21 - [MESSAGE][PASSED] - Object: 'Object Repository/mobileSanity/STM/STM PlanDetail Page/a_Apply for This Plan' is clicked on

2019-10-03 08:13:21 - [TEST_STEP][PASSED] - waitForPageLoad(10): Wait for page load successfully

2019-10-03 08:13:21 - [MESSAGE][PASSED] - Wait for page load successfully

2019-10-03 08:13:21 - [TEST_STEP][PASSED] - Thread.sleep(2000): null

2019-10-03 08:13:23 - [TEST_STEP][PASSED] - callTestCase(findTestCase("mobileWeb/_include/get_screenshot"), [:], STOP_ON_FAILURE): Call Test Case 'Test Cases/mobileWeb/_include/get_screenshot' successfully

2019-10-03 08:13:23 - [TEST_CASE][PASSED] - Test Cases/mobileWeb/_include/get_screenshot: Test Cases/mobileWeb/_include/get_screenshot

2019-10-03 08:13:23 - [TEST_STEP][PASSED] - takeScreenshot(screenPath + i + ".png"): Taking screenshot successfully

2019-10-03 08:13:23 - [MESSAGE][PASSED] - Taking screenshot successfully
[[ATTACHMENT|D:\\Test\\AgileTest\\Reports\\mobileWeb\\stm\\20191003_080058\\../Screenshots/iPhone 6/stm/LifeShield/20191003_081253/5.png]]

2019-10-03 08:13:23 - [TEST_STEP][PASSED] - (internal.GlobalVariable.i++): null

2019-10-03 08:13:23 - [MESSAGE][PASSED] - Call Test Case 'Test Cases/mobileWeb/_include/get_screenshot' successfully

2019-10-03 08:13:23 - [TEST_STEP][PASSED] - waitForElementVisible(findTestObject("mobileSanity/STM/STM Apply Page/a_Start Secure Application"), 5): Object 'Object Repository/mobileSanity/STM/STM Apply Page/a_Start Secure Application' is visible

2019-10-03 08:13:24 - [MESSAGE][PASSED] - Object 'Object Repository/mobileSanity/STM/STM Apply Page/a_Start Secure Application' is visible

2019-10-03 08:13:24 - [TEST_STEP][PASSED] - click(findTestObject("mobileSanity/STM/STM Apply Page/a_Start Secure Application")): Object: 'Object Repository/mobileSanity/STM/STM Apply Page/a_Start Secure Application' is clicked on

2019-10-03 08:13:24 - [MESSAGE][PASSED] - Object: 'Object Repository/mobileSanity/STM/STM Apply Page/a_Start Secure Application' is clicked on

2019-10-03 08:13:24 - [TEST_STEP][PASSED] - waitForPageLoad(20): Wait for page load successfully

2019-10-03 08:13:25 - [MESSAGE][PASSED] - Wait for page load successfully

2019-10-03 08:13:25 - [TEST_STEP][PASSED] - Thread.sleep(2000): null

2019-10-03 08:13:27 - [TEST_STEP][PASSED] - callTestCase(findTestCase("mobileWeb/_include/get_screenshot"), [:], STOP_ON_FAILURE): Call Test Case 'Test Cases/mobileWeb/_include/get_screenshot' successfully

2019-10-03 08:13:27 - [TEST_CASE][PASSED] - Test Cases/mobileWeb/_include/get_screenshot: Test Cases/mobileWeb/_include/get_screenshot

2019-10-03 08:13:27 - [TEST_STEP][PASSED] - takeScreenshot(screenPath + i + ".png"): Taking screenshot successfully

2019-10-03 08:13:27 - [MESSAGE][PASSED] - Taking screenshot successfully
[[ATTACHMENT|D:\\Test\\AgileTest\\Reports\\mobileWeb\\stm\\20191003_080058\\../Screenshots/iPhone 6/stm/LifeShield/20191003_081253/6.png]]

2019-10-03 08:13:27 - [TEST_STEP][PASSED] - (internal.GlobalVariable.i++): null

2019-10-03 08:13:27 - [MESSAGE][PASSED] - Call Test Case 'Test Cases/mobileWeb/_include/get_screenshot' successfully

2019-10-03 08:13:27 - [MESSAGE][PASSED] - Call Test Case 'Test Cases/mobileWeb/_include/apply_stm' successfully

2019-10-03 08:13:27 - [TEST_STEP][PASSED] - callTestCase(findTestCase("mobileWeb/_include/goToEnd_stm_autofill"), [:], STOP_ON_FAILURE): Call Test Case 'Test Cases/mobileWeb/_include/goToEnd_stm_autofill' successfully

2019-10-03 08:13:27 - [TEST_CASE][PASSED] - Test Cases/mobileWeb/_include/goToEnd_stm_autofill: Test Cases/mobileWeb/_include/goToEnd_stm_autofill

2019-10-03 08:13:27 - [TEST_STEP][PASSED] - callTestCase(findTestCase("mobileWeb/_include/name"), [:], CONTINUE_ON_FAILURE): Call Test Case 'Test Cases/mobileWeb/_include/name' successfully

2019-10-03 08:13:27 - [TEST_CASE][PASSED] - Test Cases/mobileWeb/_include/name: Test Cases/mobileWeb/_include/name

2019-10-03 08:13:27 - [TEST_STEP][PASSED] - driver = getWebDriver(): null

2019-10-03 08:13:27 - [TEST_STEP][PASSED] - selenium = new com.thoughtworks.selenium.webdriven.WebDriverBackedSelenium(driver, internal.GlobalVariable.ENV): null

2019-10-03 08:13:27 - [TEST_STEP][PASSED] - FirstName = "Test-123": null

2019-10-03 08:13:27 - [TEST_STEP][PASSED] - LastName = selenium.getEval("{var x="ABCDEFGHIJKLMNOPQRSTUVWXYZabcdefghijklmnopqrstuvwxyz"; var tmp="ZZ11-"; for (i=0;i<8;i++) tmp+=x.charAt(Math.ceil(51*Math.random()));tmp;}"): null

2019-10-03 08:13:27 - [TEST_STEP][PASSED] - Address = selenium.getEval("{var x="ABCDEFGHIJKLMNOPQRSTUVWXYZabcdefghijklmnopqrstuvwxyz"; var tmp=""; for (i=0;i<8;i++) tmp+=x.charAt(Math.ceil(51*Math.random()));tmp;}"): null

2019-10-03 08:13:27 - [TEST_STEP][PASSED] - City = selenium.getEval("{var x="ABCDEFGHIJKLMNOPQRSTUVWXYZabcdefghijklmnopqrstuvwxyz"; var tmp=""; for (i=0;i<8;i++) tmp+=x.charAt(Math.ceil(51*Math.random()));tmp;}"): null

2019-10-03 08:13:27 - [TEST_STEP][PASSED] - tel1 = selenium.getEval("{var x="123456789"; var tmp=""; for (i=0;i<3;i++) tmp+=x.charAt(Math.ceil(8*Math.random()));tmp;}"): null

2019-10-03 08:13:27 - [TEST_STEP][PASSED] - tel2 = selenium.getEval("{var x="123456789"; var tmp=""; for (i=0;i<3;i++) tmp+=x.charAt(Math.ceil(8*Math.random()));tmp;}"): null

2019-10-03 08:13:27 - [TEST_STEP][PASSED] - tel3 = selenium.getEval("{var x="123456789"; var tmp=""; for (i=0;i<4;i++) tmp+=x.charAt(Math.ceil(8*Math.random()));tmp;}"): null

2019-10-03 08:13:27 - [TEST_STEP][PASSED] - Tel = selenium.getExpression(tel1 + "-" + tel2 + "-" + tel3): null

2019-10-03 08:13:27 - [TEST_STEP][PASSED] - AutoEmail = selenium.getEval("{var x="ABCDEFGHIJKLMNOPQRSTUVWXYZabcdefghijklmnopqrstuvwxyz"; var tmp="test."; for (i=0;i<8;i++) tmp+=x.charAt(Math.ceil(51*Math.random()));tmp+="@suryani.cn";}"): null

2019-10-03 08:13:27 - [TEST_STEP][PASSED] - FirstName = FirstName: null

2019-10-03 08:13:27 - [TEST_STEP][PASSED] - LastName = LastName: null

2019-10-03 08:13:27 - [TEST_STEP][PASSED] - Address = Address: null

2019-10-03 08:13:27 - [TEST_STEP][PASSED] - City = City: null

2019-10-03 08:13:27 - [TEST_STEP][PASSED] - Tel = Tel: null

2019-10-03 08:13:27 - [TEST_STEP][PASSED] - AutoEmail = AutoEmail: null

2019-10-03 08:13:27 - [TEST_STEP][PASSED] - println(FirstName): null

2019-10-03 08:13:27 - [TEST_STEP][PASSED] - println(LastName): null

2019-10-03 08:13:27 - [TEST_STEP][PASSED] - println(Address): null

2019-10-03 08:13:27 - [TEST_STEP][PASSED] - println(City): null

2019-10-03 08:13:27 - [TEST_STEP][PASSED] - println(Tel): null

2019-10-03 08:13:27 - [TEST_STEP][PASSED] - println(AutoEmail): null

2019-10-03 08:13:27 - [MESSAGE][PASSED] - Call Test Case 'Test Cases/mobileWeb/_include/name' successfully

2019-10-03 08:13:27 - [TEST_STEP][FAILED] - try: Unable to verify text 'Month Duration Acknowledgement' is present  (Root cause: com.kms.katalon.core.exception.StepFailedException: Text 'Month Duration Acknowledgement' is not present on page )

2019-10-03 08:13:27 - [TEST_STEP][FAILED] - if (verifyTextPresent("Month Duration Acknowledgement", false)): Unable to verify text 'Month Duration Acknowledgement' is present  (Root cause: com.kms.katalon.core.exception.StepFailedException: Text 'Month Duration Acknowledgement' is not present on page )

2019-10-03 08:13:27 - [MESSAGE][FAILED] - Text 'Month Duration Acknowledgement' is not present on page 

2019-10-03 08:13:28 - [MESSAGE][FAILED] - Unable to verify text 'Month Duration Acknowledgement' is present  (Root cause: com.kms.katalon.core.exception.StepFailedException: Text 'Month Duration Acknowledgement' is not present on page )
[[ATTACHMENT|D:\\Test\\AgileTest\\Reports\\mobileWeb\\stm\\20191003_080058\\1570104807853.png]]

2019-10-03 08:13:28 - [TEST_STEP][PASSED] - catch (Exception e): null

2019-10-03 08:13:28 - [TEST_STEP][PASSED] - println("no consecutive"): null

2019-10-03 08:13:28 - [TEST_STEP][PASSED] - waitForPageLoad(10): Wait for page load successfully

2019-10-03 08:13:28 - [MESSAGE][PASSED] - Wait for page load successfully

2019-10-03 08:13:28 - [TEST_STEP][PASSED] - Thread.sleep(3000): null

2019-10-03 08:13:31 - [TEST_STEP][PASSED] - waitForElementVisible(findTestObject("mobileSanity/STM/Page_App Page 1/a_Autofill App Info"), 20): Object 'Object Repository/mobileSanity/STM/Page_App Page 1/a_Autofill App Info' is visible

2019-10-03 08:13:31 - [MESSAGE][PASSED] - Object 'Object Repository/mobileSanity/STM/Page_App Page 1/a_Autofill App Info' is visible

2019-10-03 08:13:31 - [TEST_STEP][PASSED] - click(findTestObject("mobileSanity/STM/Page_App Page 1/a_Autofill App Info")): Object: 'Object Repository/mobileSanity/STM/Page_App Page 1/a_Autofill App Info' is clicked on

2019-10-03 08:13:31 - [MESSAGE][PASSED] - Object: 'Object Repository/mobileSanity/STM/Page_App Page 1/a_Autofill App Info' is clicked on

2019-10-03 08:13:31 - [TEST_STEP][PASSED] - Thread.sleep(1000): null

2019-10-03 08:13:32 - [TEST_STEP][PASSED] - click(findTestObject("mobileSanity/STM/Page_App Page 1/a_Autofill App Info")): Object: 'Object Repository/mobileSanity/STM/Page_App Page 1/a_Autofill App Info' is clicked on

2019-10-03 08:13:32 - [MESSAGE][PASSED] - Object: 'Object Repository/mobileSanity/STM/Page_App Page 1/a_Autofill App Info' is clicked on

2019-10-03 08:13:32 - [TEST_STEP][PASSED] - Thread.sleep(1000): null

2019-10-03 08:13:33 - [TEST_STEP][PASSED] - waitForElementVisible(findTestObject("mobileSanity/STM/Page_App Page 1/a_Continue"), 20): Object 'Object Repository/mobileSanity/STM/Page_App Page 1/a_Continue' is visible

2019-10-03 08:13:33 - [MESSAGE][PASSED] - Object 'Object Repository/mobileSanity/STM/Page_App Page 1/a_Continue' is visible

2019-10-03 08:13:33 - [TEST_STEP][PASSED] - click(findTestObject("mobileSanity/STM/Page_App Page 1/a_Continue")): Object: 'Object Repository/mobileSanity/STM/Page_App Page 1/a_Continue' is clicked on

2019-10-03 08:13:33 - [MESSAGE][PASSED] - Object: 'Object Repository/mobileSanity/STM/Page_App Page 1/a_Continue' is clicked on

2019-10-03 08:13:33 - [TEST_STEP][PASSED] - waitForPageLoad(20): Wait for page load successfully

2019-10-03 08:13:33 - [MESSAGE][PASSED] - Wait for page load successfully

2019-10-03 08:13:33 - [TEST_STEP][PASSED] - Thread.sleep(2000): null

2019-10-03 08:13:35 - [TEST_STEP][PASSED] - callTestCase(findTestCase("mobileWeb/_include/get_screenshot"), [:], STOP_ON_FAILURE): Call Test Case 'Test Cases/mobileWeb/_include/get_screenshot' successfully

2019-10-03 08:13:35 - [TEST_CASE][PASSED] - Test Cases/mobileWeb/_include/get_screenshot: Test Cases/mobileWeb/_include/get_screenshot

2019-10-03 08:13:35 - [TEST_STEP][PASSED] - takeScreenshot(screenPath + i + ".png"): Taking screenshot successfully

2019-10-03 08:13:36 - [MESSAGE][PASSED] - Taking screenshot successfully
[[ATTACHMENT|D:\\Test\\AgileTest\\Reports\\mobileWeb\\stm\\20191003_080058\\../Screenshots/iPhone 6/stm/LifeShield/20191003_081253/7.png]]

2019-10-03 08:13:36 - [TEST_STEP][PASSED] - (internal.GlobalVariable.i++): null

2019-10-03 08:13:36 - [MESSAGE][PASSED] - Call Test Case 'Test Cases/mobileWeb/_include/get_screenshot' successfully

2019-10-03 08:13:36 - [TEST_STEP][PASSED] - click(findTestObject("mobileSanity/STM/Page_App Page 2/a_Continue to Step 3 - Payment")): Object: 'Object Repository/mobileSanity/STM/Page_App Page 2/a_Continue to Step 3 - Payment' is clicked on

2019-10-03 08:13:36 - [MESSAGE][PASSED] - Object: 'Object Repository/mobileSanity/STM/Page_App Page 2/a_Continue to Step 3 - Payment' is clicked on

2019-10-03 08:13:36 - [TEST_STEP][PASSED] - waitForPageLoad(20): Wait for page load successfully

2019-10-03 08:13:36 - [MESSAGE][PASSED] - Wait for page load successfully

2019-10-03 08:13:36 - [TEST_STEP][PASSED] - waitForElementVisible(findTestObject("mobileSanity/STM/Page_App Page 3/input__credit-card-cvv"), 20): Object 'Object Repository/mobileSanity/STM/Page_App Page 3/input__credit-card-cvv' is visible

2019-10-03 08:13:36 - [MESSAGE][PASSED] - Object 'Object Repository/mobileSanity/STM/Page_App Page 3/input__credit-card-cvv' is visible

2019-10-03 08:13:36 - [TEST_STEP][PASSED] - Thread.sleep(2000): null

2019-10-03 08:13:38 - [TEST_STEP][PASSED] - callTestCase(findTestCase("mobileWeb/_include/get_screenshot"), [:], STOP_ON_FAILURE): Call Test Case 'Test Cases/mobileWeb/_include/get_screenshot' successfully

2019-10-03 08:13:38 - [TEST_CASE][PASSED] - Test Cases/mobileWeb/_include/get_screenshot: Test Cases/mobileWeb/_include/get_screenshot

2019-10-03 08:13:38 - [TEST_STEP][PASSED] - takeScreenshot(screenPath + i + ".png"): Taking screenshot successfully

2019-10-03 08:13:39 - [MESSAGE][PASSED] - Taking screenshot successfully
[[ATTACHMENT|D:\\Test\\AgileTest\\Reports\\mobileWeb\\stm\\20191003_080058\\../Screenshots/iPhone 6/stm/LifeShield/20191003_081253/8.png]]

2019-10-03 08:13:39 - [TEST_STEP][PASSED] - (internal.GlobalVariable.i++): null

2019-10-03 08:13:39 - [MESSAGE][PASSED] - Call Test Case 'Test Cases/mobileWeb/_include/get_screenshot' successfully

2019-10-03 08:13:39 - [TEST_STEP][PASSED] - clearText(findTestObject("mobileSanity/STM/Page_App Page 3/input__credit-card-cvv")): Text of object 'Object Repository/mobileSanity/STM/Page_App Page 3/input__credit-card-cvv' is cleared

2019-10-03 08:13:39 - [MESSAGE][PASSED] - Text of object 'Object Repository/mobileSanity/STM/Page_App Page 3/input__credit-card-cvv' is cleared

2019-10-03 08:13:39 - [TEST_STEP][PASSED] - setText(findTestObject("mobileSanity/STM/Page_App Page 3/input__credit-card-cvv"), "123"): Text '123' is set on object 'Object Repository/mobileSanity/STM/Page_App Page 3/input__credit-card-cvv'

2019-10-03 08:13:39 - [MESSAGE][PASSED] - Text '123' is set on object 'Object Repository/mobileSanity/STM/Page_App Page 3/input__credit-card-cvv'

2019-10-03 08:13:39 - [TEST_STEP][PASSED] - click(findTestObject("mobileSanity/STM/Page_App Page 3/label_I Accept Authorization f")): Object: 'Object Repository/mobileSanity/STM/Page_App Page 3/label_I Accept Authorization f' is clicked on

2019-10-03 08:13:39 - [MESSAGE][PASSED] - Object: 'Object Repository/mobileSanity/STM/Page_App Page 3/label_I Accept Authorization f' is clicked on

2019-10-03 08:13:39 - [TEST_STEP][PASSED] - click(findTestObject("mobileSanity/STM/Page_App Page 3/a_Continue to Step 4 - Review")): Object: 'Object Repository/mobileSanity/STM/Page_App Page 3/a_Continue to Step 4 - Review' is clicked on

2019-10-03 08:13:39 - [MESSAGE][PASSED] - Object: 'Object Repository/mobileSanity/STM/Page_App Page 3/a_Continue to Step 4 - Review' is clicked on

2019-10-03 08:13:39 - [TEST_STEP][PASSED] - waitForPageLoad(10): Wait for page load successfully

2019-10-03 08:13:39 - [MESSAGE][PASSED] - Wait for page load successfully

2019-10-03 08:13:39 - [TEST_STEP][PASSED] - waitForElementClickable(findTestObject("mobileSanity/STM/Page_App Page 4/label"), 10): Object 'Object Repository/mobileSanity/STM/Page_App Page 4/label' is clickable

2019-10-03 08:13:40 - [MESSAGE][PASSED] - Object 'Object Repository/mobileSanity/STM/Page_App Page 4/label' is clickable

2019-10-03 08:13:40 - [TEST_STEP][PASSED] - Thread.sleep(2000): null

2019-10-03 08:13:42 - [TEST_STEP][PASSED] - callTestCase(findTestCase("mobileWeb/_include/get_screenshot"), [:], STOP_ON_FAILURE): Call Test Case 'Test Cases/mobileWeb/_include/get_screenshot' successfully

2019-10-03 08:13:42 - [TEST_CASE][PASSED] - Test Cases/mobileWeb/_include/get_screenshot: Test Cases/mobileWeb/_include/get_screenshot

2019-10-03 08:13:42 - [TEST_STEP][PASSED] - takeScreenshot(screenPath + i + ".png"): Taking screenshot successfully

2019-10-03 08:13:42 - [MESSAGE][PASSED] - Taking screenshot successfully
[[ATTACHMENT|D:\\Test\\AgileTest\\Reports\\mobileWeb\\stm\\20191003_080058\\../Screenshots/iPhone 6/stm/LifeShield/20191003_081253/9.png]]

2019-10-03 08:13:42 - [TEST_STEP][PASSED] - (internal.GlobalVariable.i++): null

2019-10-03 08:13:42 - [MESSAGE][PASSED] - Call Test Case 'Test Cases/mobileWeb/_include/get_screenshot' successfully

2019-10-03 08:13:42 - [TEST_STEP][PASSED] - click(findTestObject("mobileSanity/STM/Page_App Page 4/label")): Object: 'Object Repository/mobileSanity/STM/Page_App Page 4/label' is clicked on

2019-10-03 08:13:42 - [MESSAGE][PASSED] - Object: 'Object Repository/mobileSanity/STM/Page_App Page 4/label' is clicked on

2019-10-03 08:13:42 - [TEST_STEP][PASSED] - click(findTestObject("mobileSanity/STM/Page_App Page 4/div_CLICK TO SIGN")): Object: 'Object Repository/mobileSanity/STM/Page_App Page 4/div_CLICK TO SIGN' is clicked on

2019-10-03 08:13:42 - [MESSAGE][PASSED] - Object: 'Object Repository/mobileSanity/STM/Page_App Page 4/div_CLICK TO SIGN' is clicked on

2019-10-03 08:13:42 - [TEST_STEP][PASSED] - click(findTestObject("mobileSanity/STM/Page_App Page 4/a_Submit Your Application")): Object: 'Object Repository/mobileSanity/STM/Page_App Page 4/a_Submit Your Application' is clicked on

2019-10-03 08:13:43 - [MESSAGE][PASSED] - Object: 'Object Repository/mobileSanity/STM/Page_App Page 4/a_Submit Your Application' is clicked on

2019-10-03 08:13:43 - [TEST_STEP][PASSED] - Thread.sleep(30000): null

2019-10-03 08:14:13 - [TEST_STEP][PASSED] - waitForElementPresent(findTestObject("mobileSanity/STM/Page_App Page 6/app-page-wrapper"), 20): Object 'Object Repository/mobileSanity/STM/Page_App Page 6/app-page-wrapper' is present

2019-10-03 08:14:13 - [MESSAGE][PASSED] - Object 'Object Repository/mobileSanity/STM/Page_App Page 6/app-page-wrapper' is present

2019-10-03 08:14:13 - [TEST_STEP][PASSED] - callTestCase(findTestCase("mobileWeb/_include/get_screenshot"), [:], STOP_ON_FAILURE): Call Test Case 'Test Cases/mobileWeb/_include/get_screenshot' successfully

2019-10-03 08:14:13 - [TEST_CASE][PASSED] - Test Cases/mobileWeb/_include/get_screenshot: Test Cases/mobileWeb/_include/get_screenshot

2019-10-03 08:14:13 - [TEST_STEP][PASSED] - takeScreenshot(screenPath + i + ".png"): Taking screenshot successfully

2019-10-03 08:14:13 - [MESSAGE][PASSED] - Taking screenshot successfully
[[ATTACHMENT|D:\\Test\\AgileTest\\Reports\\mobileWeb\\stm\\20191003_080058\\../Screenshots/iPhone 6/stm/LifeShield/20191003_081253/10.png]]

2019-10-03 08:14:13 - [TEST_STEP][PASSED] - (internal.GlobalVariable.i++): null

2019-10-03 08:14:13 - [MESSAGE][PASSED] - Call Test Case 'Test Cases/mobileWeb/_include/get_screenshot' successfully

2019-10-03 08:14:13 - [MESSAGE][PASSED] - Call Test Case 'Test Cases/mobileWeb/_include/goToEnd_stm_autofill' successfully]]></system-out>
         <system-err><![CDATA[]]></system-err>
      </testcase>
      <testcase name="Test Cases/mobileWeb/stm/NationalGeneral" classname="Test Cases/mobileWeb/stm/NationalGeneral" status="PASSED">
         <system-out><![CDATA[2019-10-03 08:14:13 - [TEST_CASE][PASSED] - Test Cases/mobileWeb/stm/NationalGeneral: Test Cases/mobileWeb/stm/NationalGeneral

2019-10-03 08:14:14 - [TEST_STEP][PASSED] - callTestCase(findTestCase("mobileWeb/_include/get_screenPath"), ["productLine":"stm", "carrierName":"National General"], CONTINUE_ON_FAILURE): Call Test Case 'Test Cases/mobileWeb/_include/get_screenPath' successfully

2019-10-03 08:14:14 - [TEST_CASE][PASSED] - Test Cases/mobileWeb/_include/get_screenPath: Test Cases/mobileWeb/_include/get_screenPath

2019-10-03 08:14:14 - [TEST_STEP][PASSED] - m = getExecutionProperties(): null

2019-10-03 08:14:14 - [TEST_STEP][PASSED] - deviceName = get("mobileEmulation").get("deviceName"): null

2019-10-03 08:14:14 - [TEST_STEP][PASSED] - println(deviceName): null

2019-10-03 08:14:14 - [TEST_STEP][PASSED] - now = new java.util.Date(): null

2019-10-03 08:14:14 - [TEST_STEP][PASSED] - mydate = now.format("yyyyMMdd_HHmmss"): null

2019-10-03 08:14:14 - [TEST_STEP][PASSED] - screenPath = "../Screenshots/": null

2019-10-03 08:14:14 - [TEST_STEP][PASSED] - screenPath = screenPath + deviceName + "/" + productLine + "/" + carrierName + "/" + mydate + "/": null

2019-10-03 08:14:14 - [TEST_STEP][PASSED] - println(screenPath): null

2019-10-03 08:14:14 - [MESSAGE][PASSED] - Call Test Case 'Test Cases/mobileWeb/_include/get_screenPath' successfully

2019-10-03 08:14:14 - [TEST_STEP][PASSED] - i = 0: null

2019-10-03 08:14:14 - [TEST_STEP][PASSED] - callTestCase(findTestCase("mobileWeb/_include/openWebSite"), [:], CONTINUE_ON_FAILURE): Call Test Case 'Test Cases/mobileWeb/_include/openWebSite' successfully

2019-10-03 08:14:14 - [TEST_CASE][PASSED] - Test Cases/mobileWeb/_include/openWebSite: Test Cases/mobileWeb/_include/openWebSite

2019-10-03 08:14:14 - [TEST_STEP][PASSED] - openBrowser(env): Browser is opened with url: 'https://praetemptatus.agilehealthinsurance.com'

2019-10-03 08:14:14 - [MESSAGE][WARNING] - A browser is already opened. Closing browser and opening a new one

2019-10-03 08:14:14 - [MESSAGE][INFO] - Starting 'Chrome' driver

2019-10-03 08:14:14 - [MESSAGE][INFO] - User set preference: ['mobileEmulation', '{deviceName=iPhone 6}']

2019-10-03 08:14:14 - [MESSAGE][INFO] - User set preference: ['args', '[--incognito, --aggressive-cache-discard, --window-size=375,677, --no-sandbox]']

2019-10-03 08:14:16 - [MESSAGE][PASSED] - Browser is opened with url: 'https://praetemptatus.agilehealthinsurance.com'

2019-10-03 08:14:16 - [TEST_STEP][PASSED] - waitForPageLoad(20): Wait for page load successfully

2019-10-03 08:14:16 - [MESSAGE][PASSED] - Wait for page load successfully

2019-10-03 08:14:16 - [TEST_STEP][PASSED] - Thread.sleep(2000): null

2019-10-03 08:14:18 - [TEST_STEP][PASSED] - callTestCase(findTestCase("mobileWeb/_include/get_screenshot"), [:], STOP_ON_FAILURE): Call Test Case 'Test Cases/mobileWeb/_include/get_screenshot' successfully

2019-10-03 08:14:18 - [TEST_CASE][PASSED] - Test Cases/mobileWeb/_include/get_screenshot: Test Cases/mobileWeb/_include/get_screenshot

2019-10-03 08:14:18 - [TEST_STEP][PASSED] - takeScreenshot(screenPath + i + ".png"): Taking screenshot successfully

2019-10-03 08:14:19 - [MESSAGE][PASSED] - Taking screenshot successfully
[[ATTACHMENT|D:\\Test\\AgileTest\\Reports\\mobileWeb\\stm\\20191003_080058\\../Screenshots/iPhone 6/stm/National General/20191003_081414/0.png]]

2019-10-03 08:14:19 - [TEST_STEP][PASSED] - (internal.GlobalVariable.i++): null

2019-10-03 08:14:19 - [MESSAGE][PASSED] - Call Test Case 'Test Cases/mobileWeb/_include/get_screenshot' successfully

2019-10-03 08:14:19 - [MESSAGE][PASSED] - Call Test Case 'Test Cases/mobileWeb/_include/openWebSite' successfully

2019-10-03 08:14:19 - [TEST_STEP][PASSED] - callTestCase(findTestCase("mobileWeb/_include/census_stm"), [:], CONTINUE_ON_FAILURE): Call Test Case 'Test Cases/mobileWeb/_include/census_stm' successfully

2019-10-03 08:14:19 - [TEST_CASE][PASSED] - Test Cases/mobileWeb/_include/census_stm: Test Cases/mobileWeb/_include/census_stm

2019-10-03 08:14:19 - [TEST_STEP][PASSED] - waitForElementClickable(findTestObject("mobileSanity/STM/Home Page/a_Quote  Save Today"), 10): Object 'Object Repository/mobileSanity/STM/Home Page/a_Quote  Save Today' is clickable

2019-10-03 08:14:19 - [MESSAGE][PASSED] - Object 'Object Repository/mobileSanity/STM/Home Page/a_Quote  Save Today' is clickable

2019-10-03 08:14:19 - [TEST_STEP][PASSED] - click(findTestObject("mobileSanity/STM/Home Page/a_Quote  Save Today")): Object: 'Object Repository/mobileSanity/STM/Home Page/a_Quote  Save Today' is clicked on

2019-10-03 08:14:19 - [MESSAGE][PASSED] - Object: 'Object Repository/mobileSanity/STM/Home Page/a_Quote  Save Today' is clicked on

2019-10-03 08:14:19 - [TEST_STEP][PASSED] - waitForPageLoad(10): Wait for page load successfully

2019-10-03 08:14:20 - [MESSAGE][PASSED] - Wait for page load successfully

2019-10-03 08:14:20 - [TEST_STEP][PASSED] - callTestCase(findTestCase("mobileWeb/_include/get_screenshot"), [:], STOP_ON_FAILURE): Call Test Case 'Test Cases/mobileWeb/_include/get_screenshot' successfully

2019-10-03 08:14:20 - [TEST_CASE][PASSED] - Test Cases/mobileWeb/_include/get_screenshot: Test Cases/mobileWeb/_include/get_screenshot

2019-10-03 08:14:20 - [TEST_STEP][PASSED] - takeScreenshot(screenPath + i + ".png"): Taking screenshot successfully

2019-10-03 08:14:20 - [MESSAGE][PASSED] - Taking screenshot successfully
[[ATTACHMENT|D:\\Test\\AgileTest\\Reports\\mobileWeb\\stm\\20191003_080058\\../Screenshots/iPhone 6/stm/National General/20191003_081414/1.png]]

2019-10-03 08:14:20 - [TEST_STEP][PASSED] - (internal.GlobalVariable.i++): null

2019-10-03 08:14:20 - [MESSAGE][PASSED] - Call Test Case 'Test Cases/mobileWeb/_include/get_screenshot' successfully

2019-10-03 08:14:20 - [TEST_STEP][PASSED] - setText(findTestObject("mobileSanity/STM/STM Census Page/input_Location_zip-input"), zipcode): Text '35215' is set on object 'Object Repository/mobileSanity/STM/STM Census Page/input_Location_zip-input'

2019-10-03 08:14:21 - [MESSAGE][PASSED] - Text '35215' is set on object 'Object Repository/mobileSanity/STM/STM Census Page/input_Location_zip-input'

2019-10-03 08:14:21 - [TEST_STEP][PASSED] - Thread.sleep(500): null

2019-10-03 08:14:21 - [TEST_STEP][PASSED] - setText(findTestObject("mobileSanity/STM/STM Census Page/input_Date of Birth_dob-0"), "03031987"): Text '03031987' is set on object 'Object Repository/mobileSanity/STM/STM Census Page/input_Date of Birth_dob-0'

2019-10-03 08:14:21 - [MESSAGE][PASSED] - Text '03031987' is set on object 'Object Repository/mobileSanity/STM/STM Census Page/input_Date of Birth_dob-0'

2019-10-03 08:14:21 - [TEST_STEP][PASSED] - click(findTestObject("mobileSanity/STM/STM Census Page/label_Male")): Object: 'Object Repository/mobileSanity/STM/STM Census Page/label_Male' is clicked on

2019-10-03 08:14:21 - [MESSAGE][PASSED] - Object: 'Object Repository/mobileSanity/STM/STM Census Page/label_Male' is clicked on

2019-10-03 08:14:21 - [TEST_STEP][PASSED] - click(findTestObject("mobileSanity/STM/STM Census Page/label_Compare Plans")): Object: 'Object Repository/mobileSanity/STM/STM Census Page/label_Compare Plans' is clicked on

2019-10-03 08:14:23 - [MESSAGE][PASSED] - Object: 'Object Repository/mobileSanity/STM/STM Census Page/label_Compare Plans' is clicked on

2019-10-03 08:14:23 - [TEST_STEP][PASSED] - waitForElementVisible(findTestObject("mobileSanity/STM/STM Quote Page/button_sort"), 20): Object 'Object Repository/mobileSanity/STM/STM Quote Page/button_sort' is visible

2019-10-03 08:14:24 - [MESSAGE][PASSED] - Object 'Object Repository/mobileSanity/STM/STM Quote Page/button_sort' is visible

2019-10-03 08:14:24 - [TEST_STEP][PASSED] - Thread.sleep(3000): null

2019-10-03 08:14:27 - [TEST_STEP][PASSED] - callTestCase(findTestCase("mobileWeb/_include/get_screenshot"), [:], STOP_ON_FAILURE): Call Test Case 'Test Cases/mobileWeb/_include/get_screenshot' successfully

2019-10-03 08:14:27 - [TEST_CASE][PASSED] - Test Cases/mobileWeb/_include/get_screenshot: Test Cases/mobileWeb/_include/get_screenshot

2019-10-03 08:14:27 - [TEST_STEP][PASSED] - takeScreenshot(screenPath + i + ".png"): Taking screenshot successfully

2019-10-03 08:14:27 - [MESSAGE][PASSED] - Taking screenshot successfully
[[ATTACHMENT|D:\\Test\\AgileTest\\Reports\\mobileWeb\\stm\\20191003_080058\\../Screenshots/iPhone 6/stm/National General/20191003_081414/2.png]]

2019-10-03 08:14:27 - [TEST_STEP][PASSED] - (internal.GlobalVariable.i++): null

2019-10-03 08:14:27 - [MESSAGE][PASSED] - Call Test Case 'Test Cases/mobileWeb/_include/get_screenshot' successfully

2019-10-03 08:14:27 - [TEST_STEP][PASSED] - Thread.sleep(1000): null

2019-10-03 08:14:28 - [MESSAGE][PASSED] - Call Test Case 'Test Cases/mobileWeb/_include/census_stm' successfully

2019-10-03 08:14:28 - [TEST_STEP][PASSED] - callTestCase(findTestCase("mobileWeb/_include/filter_stm"), ["carrier":"nationalgeneral"], STOP_ON_FAILURE): Call Test Case 'Test Cases/mobileWeb/_include/filter_stm' successfully

2019-10-03 08:14:29 - [TEST_CASE][PASSED] - Test Cases/mobileWeb/_include/filter_stm: Test Cases/mobileWeb/_include/filter_stm

2019-10-03 08:14:29 - [TEST_STEP][PASSED] - driver = getWebDriver(): null

2019-10-03 08:14:29 - [TEST_STEP][PASSED] - selenium = new com.thoughtworks.selenium.webdriven.WebDriverBackedSelenium(driver, internal.GlobalVariable.ENV): null

2019-10-03 08:14:29 - [TEST_STEP][PASSED] - Thread.sleep(1000): null

2019-10-03 08:14:30 - [TEST_STEP][PASSED] - click(findTestObject("mobileSanity/STM/STM Quote Page/button_filters")): Object: 'Object Repository/mobileSanity/STM/STM Quote Page/button_filters' is clicked on

2019-10-03 08:14:30 - [MESSAGE][PASSED] - Object: 'Object Repository/mobileSanity/STM/STM Quote Page/button_filters' is clicked on

2019-10-03 08:14:30 - [TEST_STEP][PASSED] - Thread.sleep(1000): null

2019-10-03 08:14:31 - [TEST_STEP][PASSED] - click(findTestObject("mobileSanity/STM/STM Quote Page/i_Insurance company")): Object: 'Object Repository/mobileSanity/STM/STM Quote Page/i_Insurance company' is clicked on

2019-10-03 08:14:31 - [MESSAGE][PASSED] - Object: 'Object Repository/mobileSanity/STM/STM Quote Page/i_Insurance company' is clicked on

2019-10-03 08:14:31 - [TEST_STEP][PASSED] - Thread.sleep(1000): null

2019-10-03 08:14:32 - [TEST_STEP][PASSED] - filter_carrier = "//input[@name='filter[carrier]' and @value='" + carrier + "']/following::label": null

2019-10-03 08:14:32 - [TEST_STEP][PASSED] - println(filter_carrier): null

2019-10-03 08:14:32 - [TEST_STEP][PASSED] - test.MobileKeywords.clickJS_ByXpath(filter_carrier): test.MobileKeywords.clickJS_ByXpath is PASSED

2019-10-03 08:14:32 - [MESSAGE][PASSED] - Execute JavaScript 'arguments[0].click()' successfully

2019-10-03 08:14:32 - [MESSAGE][PASSED] - test.MobileKeywords.clickJS_ByXpath is PASSED

2019-10-03 08:14:32 - [TEST_STEP][PASSED] - Thread.sleep(1000): null

2019-10-03 08:14:33 - [TEST_STEP][PASSED] - scrollToElement(findTestObject("mobileSanity/STM/STM Quote Page/a_Show Plans"), 1000): Scroll to object 'Object Repository/mobileSanity/STM/STM Quote Page/a_Show Plans' successfully

2019-10-03 08:14:33 - [MESSAGE][PASSED] - Scroll to object 'Object Repository/mobileSanity/STM/STM Quote Page/a_Show Plans' successfully

2019-10-03 08:14:33 - [TEST_STEP][PASSED] - click(findTestObject("mobileSanity/STM/STM Quote Page/a_Show Plans")): Object: 'Object Repository/mobileSanity/STM/STM Quote Page/a_Show Plans' is clicked on

2019-10-03 08:14:33 - [MESSAGE][PASSED] - Object: 'Object Repository/mobileSanity/STM/STM Quote Page/a_Show Plans' is clicked on

2019-10-03 08:14:33 - [TEST_STEP][PASSED] - waitForJQueryLoad(20, STOP_ON_FAILURE): jQuery is ready.

2019-10-03 08:14:33 - [MESSAGE][PASSED] - jQuery is ready.

2019-10-03 08:14:33 - [TEST_STEP][PASSED] - Thread.sleep(2000): null

2019-10-03 08:14:35 - [TEST_STEP][PASSED] - callTestCase(findTestCase("mobileWeb/_include/get_screenshot"), [:], STOP_ON_FAILURE): Call Test Case 'Test Cases/mobileWeb/_include/get_screenshot' successfully

2019-10-03 08:14:35 - [TEST_CASE][PASSED] - Test Cases/mobileWeb/_include/get_screenshot: Test Cases/mobileWeb/_include/get_screenshot

2019-10-03 08:14:35 - [TEST_STEP][PASSED] - takeScreenshot(screenPath + i + ".png"): Taking screenshot successfully

2019-10-03 08:14:36 - [MESSAGE][PASSED] - Taking screenshot successfully
[[ATTACHMENT|D:\\Test\\AgileTest\\Reports\\mobileWeb\\stm\\20191003_080058\\../Screenshots/iPhone 6/stm/National General/20191003_081414/3.png]]

2019-10-03 08:14:36 - [TEST_STEP][PASSED] - (internal.GlobalVariable.i++): null

2019-10-03 08:14:36 - [MESSAGE][PASSED] - Call Test Case 'Test Cases/mobileWeb/_include/get_screenshot' successfully

2019-10-03 08:14:36 - [MESSAGE][PASSED] - Call Test Case 'Test Cases/mobileWeb/_include/filter_stm' successfully

2019-10-03 08:14:36 - [TEST_STEP][PASSED] - callTestCase(findTestCase("mobileWeb/_include/goToDetail_stm"), ["carrier":"nationalgeneral"], STOP_ON_FAILURE): Call Test Case 'Test Cases/mobileWeb/_include/goToDetail_stm' successfully

2019-10-03 08:14:36 - [TEST_CASE][PASSED] - Test Cases/mobileWeb/_include/goToDetail_stm: Test Cases/mobileWeb/_include/goToDetail_stm

2019-10-03 08:14:36 - [TEST_STEP][PASSED] - driver = getWebDriver(): null

2019-10-03 08:14:36 - [TEST_STEP][PASSED] - selenium = new com.thoughtworks.selenium.webdriven.WebDriverBackedSelenium(driver, internal.GlobalVariable.ENV): null

2019-10-03 08:14:36 - [TEST_STEP][PASSED] - a_plan_name = "xpath=//a[contains(@href,'/term-health-insurance/plan/" + carrier + "')]": null

2019-10-03 08:14:36 - [TEST_STEP][PASSED] - println(a_plan_name): null

2019-10-03 08:14:36 - [TEST_STEP][PASSED] - selenium.click(a_plan_name): null

2019-10-03 08:14:37 - [TEST_STEP][PASSED] - waitForPageLoad(20): Wait for page load successfully

2019-10-03 08:14:37 - [MESSAGE][PASSED] - Wait for page load successfully

2019-10-03 08:14:37 - [TEST_STEP][PASSED] - Thread.sleep(2000): null

2019-10-03 08:14:39 - [TEST_STEP][PASSED] - callTestCase(findTestCase("mobileWeb/_include/get_screenshot"), [:], STOP_ON_FAILURE): Call Test Case 'Test Cases/mobileWeb/_include/get_screenshot' successfully

2019-10-03 08:14:39 - [TEST_CASE][PASSED] - Test Cases/mobileWeb/_include/get_screenshot: Test Cases/mobileWeb/_include/get_screenshot

2019-10-03 08:14:39 - [TEST_STEP][PASSED] - takeScreenshot(screenPath + i + ".png"): Taking screenshot successfully

2019-10-03 08:14:40 - [MESSAGE][PASSED] - Taking screenshot successfully
[[ATTACHMENT|D:\\Test\\AgileTest\\Reports\\mobileWeb\\stm\\20191003_080058\\../Screenshots/iPhone 6/stm/National General/20191003_081414/4.png]]

2019-10-03 08:14:40 - [TEST_STEP][PASSED] - (internal.GlobalVariable.i++): null

2019-10-03 08:14:40 - [MESSAGE][PASSED] - Call Test Case 'Test Cases/mobileWeb/_include/get_screenshot' successfully

2019-10-03 08:14:40 - [MESSAGE][PASSED] - Call Test Case 'Test Cases/mobileWeb/_include/goToDetail_stm' successfully

2019-10-03 08:14:40 - [TEST_STEP][PASSED] - callTestCase(findTestCase("mobileWeb/_include/apply_stm"), [:], STOP_ON_FAILURE): Call Test Case 'Test Cases/mobileWeb/_include/apply_stm' successfully

2019-10-03 08:14:40 - [TEST_CASE][PASSED] - Test Cases/mobileWeb/_include/apply_stm: Test Cases/mobileWeb/_include/apply_stm

2019-10-03 08:14:40 - [TEST_STEP][PASSED] - waitForElementVisible(findTestObject("mobileSanity/STM/STM PlanDetail Page/a_Apply for This Plan"), 5): Object 'Object Repository/mobileSanity/STM/STM PlanDetail Page/a_Apply for This Plan' is visible

2019-10-03 08:14:40 - [MESSAGE][PASSED] - Object 'Object Repository/mobileSanity/STM/STM PlanDetail Page/a_Apply for This Plan' is visible

2019-10-03 08:14:40 - [TEST_STEP][PASSED] - click(findTestObject("mobileSanity/STM/STM PlanDetail Page/a_Apply for This Plan")): Object: 'Object Repository/mobileSanity/STM/STM PlanDetail Page/a_Apply for This Plan' is clicked on

2019-10-03 08:14:41 - [MESSAGE][PASSED] - Object: 'Object Repository/mobileSanity/STM/STM PlanDetail Page/a_Apply for This Plan' is clicked on

2019-10-03 08:14:41 - [TEST_STEP][PASSED] - waitForPageLoad(10): Wait for page load successfully

2019-10-03 08:14:41 - [MESSAGE][PASSED] - Wait for page load successfully

2019-10-03 08:14:41 - [TEST_STEP][PASSED] - Thread.sleep(2000): null

2019-10-03 08:14:43 - [TEST_STEP][PASSED] - callTestCase(findTestCase("mobileWeb/_include/get_screenshot"), [:], STOP_ON_FAILURE): Call Test Case 'Test Cases/mobileWeb/_include/get_screenshot' successfully

2019-10-03 08:14:43 - [TEST_CASE][PASSED] - Test Cases/mobileWeb/_include/get_screenshot: Test Cases/mobileWeb/_include/get_screenshot

2019-10-03 08:14:43 - [TEST_STEP][PASSED] - takeScreenshot(screenPath + i + ".png"): Taking screenshot successfully

2019-10-03 08:14:43 - [MESSAGE][PASSED] - Taking screenshot successfully
[[ATTACHMENT|D:\\Test\\AgileTest\\Reports\\mobileWeb\\stm\\20191003_080058\\../Screenshots/iPhone 6/stm/National General/20191003_081414/5.png]]

2019-10-03 08:14:43 - [TEST_STEP][PASSED] - (internal.GlobalVariable.i++): null

2019-10-03 08:14:43 - [MESSAGE][PASSED] - Call Test Case 'Test Cases/mobileWeb/_include/get_screenshot' successfully

2019-10-03 08:14:43 - [TEST_STEP][PASSED] - waitForElementVisible(findTestObject("mobileSanity/STM/STM Apply Page/a_Start Secure Application"), 5): Object 'Object Repository/mobileSanity/STM/STM Apply Page/a_Start Secure Application' is visible

2019-10-03 08:14:43 - [MESSAGE][PASSED] - Object 'Object Repository/mobileSanity/STM/STM Apply Page/a_Start Secure Application' is visible

2019-10-03 08:14:43 - [TEST_STEP][PASSED] - click(findTestObject("mobileSanity/STM/STM Apply Page/a_Start Secure Application")): Object: 'Object Repository/mobileSanity/STM/STM Apply Page/a_Start Secure Application' is clicked on

2019-10-03 08:14:44 - [MESSAGE][PASSED] - Object: 'Object Repository/mobileSanity/STM/STM Apply Page/a_Start Secure Application' is clicked on

2019-10-03 08:14:44 - [TEST_STEP][PASSED] - waitForPageLoad(20): Wait for page load successfully

2019-10-03 08:14:44 - [MESSAGE][PASSED] - Wait for page load successfully

2019-10-03 08:14:44 - [TEST_STEP][PASSED] - Thread.sleep(2000): null

2019-10-03 08:14:46 - [TEST_STEP][PASSED] - callTestCase(findTestCase("mobileWeb/_include/get_screenshot"), [:], STOP_ON_FAILURE): Call Test Case 'Test Cases/mobileWeb/_include/get_screenshot' successfully

2019-10-03 08:14:46 - [TEST_CASE][PASSED] - Test Cases/mobileWeb/_include/get_screenshot: Test Cases/mobileWeb/_include/get_screenshot

2019-10-03 08:14:46 - [TEST_STEP][PASSED] - takeScreenshot(screenPath + i + ".png"): Taking screenshot successfully

2019-10-03 08:14:47 - [MESSAGE][PASSED] - Taking screenshot successfully
[[ATTACHMENT|D:\\Test\\AgileTest\\Reports\\mobileWeb\\stm\\20191003_080058\\../Screenshots/iPhone 6/stm/National General/20191003_081414/6.png]]

2019-10-03 08:14:47 - [TEST_STEP][PASSED] - (internal.GlobalVariable.i++): null

2019-10-03 08:14:47 - [MESSAGE][PASSED] - Call Test Case 'Test Cases/mobileWeb/_include/get_screenshot' successfully

2019-10-03 08:14:47 - [MESSAGE][PASSED] - Call Test Case 'Test Cases/mobileWeb/_include/apply_stm' successfully

2019-10-03 08:14:47 - [TEST_STEP][PASSED] - callTestCase(findTestCase("mobileWeb/_include/goToEnd_stm_autofill"), [:], STOP_ON_FAILURE): Call Test Case 'Test Cases/mobileWeb/_include/goToEnd_stm_autofill' successfully

2019-10-03 08:14:47 - [TEST_CASE][PASSED] - Test Cases/mobileWeb/_include/goToEnd_stm_autofill: Test Cases/mobileWeb/_include/goToEnd_stm_autofill

2019-10-03 08:14:47 - [TEST_STEP][PASSED] - callTestCase(findTestCase("mobileWeb/_include/name"), [:], CONTINUE_ON_FAILURE): Call Test Case 'Test Cases/mobileWeb/_include/name' successfully

2019-10-03 08:14:47 - [TEST_CASE][PASSED] - Test Cases/mobileWeb/_include/name: Test Cases/mobileWeb/_include/name

2019-10-03 08:14:47 - [TEST_STEP][PASSED] - driver = getWebDriver(): null

2019-10-03 08:14:47 - [TEST_STEP][PASSED] - selenium = new com.thoughtworks.selenium.webdriven.WebDriverBackedSelenium(driver, internal.GlobalVariable.ENV): null

2019-10-03 08:14:47 - [TEST_STEP][PASSED] - FirstName = "Test-123": null

2019-10-03 08:14:47 - [TEST_STEP][PASSED] - LastName = selenium.getEval("{var x="ABCDEFGHIJKLMNOPQRSTUVWXYZabcdefghijklmnopqrstuvwxyz"; var tmp="ZZ11-"; for (i=0;i<8;i++) tmp+=x.charAt(Math.ceil(51*Math.random()));tmp;}"): null

2019-10-03 08:14:47 - [TEST_STEP][PASSED] - Address = selenium.getEval("{var x="ABCDEFGHIJKLMNOPQRSTUVWXYZabcdefghijklmnopqrstuvwxyz"; var tmp=""; for (i=0;i<8;i++) tmp+=x.charAt(Math.ceil(51*Math.random()));tmp;}"): null

2019-10-03 08:14:47 - [TEST_STEP][PASSED] - City = selenium.getEval("{var x="ABCDEFGHIJKLMNOPQRSTUVWXYZabcdefghijklmnopqrstuvwxyz"; var tmp=""; for (i=0;i<8;i++) tmp+=x.charAt(Math.ceil(51*Math.random()));tmp;}"): null

2019-10-03 08:14:47 - [TEST_STEP][PASSED] - tel1 = selenium.getEval("{var x="123456789"; var tmp=""; for (i=0;i<3;i++) tmp+=x.charAt(Math.ceil(8*Math.random()));tmp;}"): null

2019-10-03 08:14:47 - [TEST_STEP][PASSED] - tel2 = selenium.getEval("{var x="123456789"; var tmp=""; for (i=0;i<3;i++) tmp+=x.charAt(Math.ceil(8*Math.random()));tmp;}"): null

2019-10-03 08:14:47 - [TEST_STEP][PASSED] - tel3 = selenium.getEval("{var x="123456789"; var tmp=""; for (i=0;i<4;i++) tmp+=x.charAt(Math.ceil(8*Math.random()));tmp;}"): null

2019-10-03 08:14:47 - [TEST_STEP][PASSED] - Tel = selenium.getExpression(tel1 + "-" + tel2 + "-" + tel3): null

2019-10-03 08:14:47 - [TEST_STEP][PASSED] - AutoEmail = selenium.getEval("{var x="ABCDEFGHIJKLMNOPQRSTUVWXYZabcdefghijklmnopqrstuvwxyz"; var tmp="test."; for (i=0;i<8;i++) tmp+=x.charAt(Math.ceil(51*Math.random()));tmp+="@suryani.cn";}"): null

2019-10-03 08:14:47 - [TEST_STEP][PASSED] - FirstName = FirstName: null

2019-10-03 08:14:47 - [TEST_STEP][PASSED] - LastName = LastName: null

2019-10-03 08:14:47 - [TEST_STEP][PASSED] - Address = Address: null

2019-10-03 08:14:47 - [TEST_STEP][PASSED] - City = City: null

2019-10-03 08:14:47 - [TEST_STEP][PASSED] - Tel = Tel: null

2019-10-03 08:14:47 - [TEST_STEP][PASSED] - AutoEmail = AutoEmail: null

2019-10-03 08:14:47 - [TEST_STEP][PASSED] - println(FirstName): null

2019-10-03 08:14:47 - [TEST_STEP][PASSED] - println(LastName): null

2019-10-03 08:14:47 - [TEST_STEP][PASSED] - println(Address): null

2019-10-03 08:14:47 - [TEST_STEP][PASSED] - println(City): null

2019-10-03 08:14:47 - [TEST_STEP][PASSED] - println(Tel): null

2019-10-03 08:14:47 - [TEST_STEP][PASSED] - println(AutoEmail): null

2019-10-03 08:14:47 - [MESSAGE][PASSED] - Call Test Case 'Test Cases/mobileWeb/_include/name' successfully

2019-10-03 08:14:47 - [TEST_STEP][PASSED] - try: Call Test Case 'Test Cases/mobileWeb/_include/get_screenshot' successfully

2019-10-03 08:14:47 - [TEST_STEP][PASSED] - if (verifyTextPresent("Month Duration Acknowledgement", false)): Call Test Case 'Test Cases/mobileWeb/_include/get_screenshot' successfully

2019-10-03 08:14:47 - [MESSAGE][PASSED] - Text 'Month Duration Acknowledgement' is present on page 

2019-10-03 08:14:47 - [TEST_STEP][PASSED] - click(findTestObject("mobileSanity/STM/Page_App Page 1/label_By checking this box I u")): Object: 'Object Repository/mobileSanity/STM/Page_App Page 1/label_By checking this box I u' is clicked on

2019-10-03 08:14:47 - [MESSAGE][PASSED] - Object: 'Object Repository/mobileSanity/STM/Page_App Page 1/label_By checking this box I u' is clicked on

2019-10-03 08:14:47 - [TEST_STEP][PASSED] - click(findTestObject("mobileSanity/STM/Page_App Page 1/button_Continue to Application")): Object: 'Object Repository/mobileSanity/STM/Page_App Page 1/button_Continue to Application' is clicked on

2019-10-03 08:14:48 - [MESSAGE][PASSED] - Object: 'Object Repository/mobileSanity/STM/Page_App Page 1/button_Continue to Application' is clicked on

2019-10-03 08:14:48 - [TEST_STEP][PASSED] - waitForPageLoad(20): Wait for page load successfully

2019-10-03 08:14:48 - [MESSAGE][PASSED] - Wait for page load successfully

2019-10-03 08:14:48 - [TEST_STEP][PASSED] - Thread.sleep(5000): null

2019-10-03 08:14:53 - [TEST_STEP][PASSED] - callTestCase(findTestCase("mobileWeb/_include/get_screenshot"), [:], STOP_ON_FAILURE): Call Test Case 'Test Cases/mobileWeb/_include/get_screenshot' successfully

2019-10-03 08:14:53 - [TEST_CASE][PASSED] - Test Cases/mobileWeb/_include/get_screenshot: Test Cases/mobileWeb/_include/get_screenshot

2019-10-03 08:14:53 - [TEST_STEP][PASSED] - takeScreenshot(screenPath + i + ".png"): Taking screenshot successfully

2019-10-03 08:14:54 - [MESSAGE][PASSED] - Taking screenshot successfully
[[ATTACHMENT|D:\\Test\\AgileTest\\Reports\\mobileWeb\\stm\\20191003_080058\\../Screenshots/iPhone 6/stm/National General/20191003_081414/7.png]]

2019-10-03 08:14:54 - [TEST_STEP][PASSED] - (internal.GlobalVariable.i++): null

2019-10-03 08:14:54 - [MESSAGE][PASSED] - Call Test Case 'Test Cases/mobileWeb/_include/get_screenshot' successfully

2019-10-03 08:14:54 - [TEST_STEP][PASSED] - waitForPageLoad(10): Wait for page load successfully

2019-10-03 08:14:54 - [MESSAGE][PASSED] - Wait for page load successfully

2019-10-03 08:14:54 - [TEST_STEP][PASSED] - Thread.sleep(3000): null

2019-10-03 08:14:57 - [TEST_STEP][PASSED] - waitForElementVisible(findTestObject("mobileSanity/STM/Page_App Page 1/a_Autofill App Info"), 20): Object 'Object Repository/mobileSanity/STM/Page_App Page 1/a_Autofill App Info' is visible

2019-10-03 08:14:57 - [MESSAGE][PASSED] - Object 'Object Repository/mobileSanity/STM/Page_App Page 1/a_Autofill App Info' is visible

2019-10-03 08:14:57 - [TEST_STEP][PASSED] - click(findTestObject("mobileSanity/STM/Page_App Page 1/a_Autofill App Info")): Object: 'Object Repository/mobileSanity/STM/Page_App Page 1/a_Autofill App Info' is clicked on

2019-10-03 08:14:57 - [MESSAGE][PASSED] - Object: 'Object Repository/mobileSanity/STM/Page_App Page 1/a_Autofill App Info' is clicked on

2019-10-03 08:14:57 - [TEST_STEP][PASSED] - Thread.sleep(1000): null

2019-10-03 08:14:58 - [TEST_STEP][PASSED] - click(findTestObject("mobileSanity/STM/Page_App Page 1/a_Autofill App Info")): Object: 'Object Repository/mobileSanity/STM/Page_App Page 1/a_Autofill App Info' is clicked on

2019-10-03 08:14:58 - [MESSAGE][PASSED] - Object: 'Object Repository/mobileSanity/STM/Page_App Page 1/a_Autofill App Info' is clicked on

2019-10-03 08:14:58 - [TEST_STEP][PASSED] - Thread.sleep(1000): null

2019-10-03 08:14:59 - [TEST_STEP][PASSED] - waitForElementVisible(findTestObject("mobileSanity/STM/Page_App Page 1/a_Continue"), 20): Object 'Object Repository/mobileSanity/STM/Page_App Page 1/a_Continue' is visible

2019-10-03 08:14:59 - [MESSAGE][PASSED] - Object 'Object Repository/mobileSanity/STM/Page_App Page 1/a_Continue' is visible

2019-10-03 08:14:59 - [TEST_STEP][PASSED] - click(findTestObject("mobileSanity/STM/Page_App Page 1/a_Continue")): Object: 'Object Repository/mobileSanity/STM/Page_App Page 1/a_Continue' is clicked on

2019-10-03 08:14:59 - [MESSAGE][PASSED] - Object: 'Object Repository/mobileSanity/STM/Page_App Page 1/a_Continue' is clicked on

2019-10-03 08:14:59 - [TEST_STEP][PASSED] - waitForPageLoad(20): Wait for page load successfully

2019-10-03 08:14:59 - [MESSAGE][PASSED] - Wait for page load successfully

2019-10-03 08:14:59 - [TEST_STEP][PASSED] - Thread.sleep(2000): null

2019-10-03 08:15:01 - [TEST_STEP][PASSED] - callTestCase(findTestCase("mobileWeb/_include/get_screenshot"), [:], STOP_ON_FAILURE): Call Test Case 'Test Cases/mobileWeb/_include/get_screenshot' successfully

2019-10-03 08:15:01 - [TEST_CASE][PASSED] - Test Cases/mobileWeb/_include/get_screenshot: Test Cases/mobileWeb/_include/get_screenshot

2019-10-03 08:15:01 - [TEST_STEP][PASSED] - takeScreenshot(screenPath + i + ".png"): Taking screenshot successfully

2019-10-03 08:15:02 - [MESSAGE][PASSED] - Taking screenshot successfully
[[ATTACHMENT|D:\\Test\\AgileTest\\Reports\\mobileWeb\\stm\\20191003_080058\\../Screenshots/iPhone 6/stm/National General/20191003_081414/8.png]]

2019-10-03 08:15:02 - [TEST_STEP][PASSED] - (internal.GlobalVariable.i++): null

2019-10-03 08:15:02 - [MESSAGE][PASSED] - Call Test Case 'Test Cases/mobileWeb/_include/get_screenshot' successfully

2019-10-03 08:15:02 - [TEST_STEP][PASSED] - click(findTestObject("mobileSanity/STM/Page_App Page 2/a_Continue to Step 3 - Payment")): Object: 'Object Repository/mobileSanity/STM/Page_App Page 2/a_Continue to Step 3 - Payment' is clicked on

2019-10-03 08:15:02 - [MESSAGE][PASSED] - Object: 'Object Repository/mobileSanity/STM/Page_App Page 2/a_Continue to Step 3 - Payment' is clicked on

2019-10-03 08:15:02 - [TEST_STEP][PASSED] - waitForPageLoad(20): Wait for page load successfully

2019-10-03 08:15:02 - [MESSAGE][PASSED] - Wait for page load successfully

2019-10-03 08:15:02 - [TEST_STEP][PASSED] - waitForElementVisible(findTestObject("mobileSanity/STM/Page_App Page 3/input__credit-card-cvv"), 20): Object 'Object Repository/mobileSanity/STM/Page_App Page 3/input__credit-card-cvv' is visible

2019-10-03 08:15:02 - [MESSAGE][PASSED] - Object 'Object Repository/mobileSanity/STM/Page_App Page 3/input__credit-card-cvv' is visible

2019-10-03 08:15:02 - [TEST_STEP][PASSED] - Thread.sleep(2000): null

2019-10-03 08:15:04 - [TEST_STEP][PASSED] - callTestCase(findTestCase("mobileWeb/_include/get_screenshot"), [:], STOP_ON_FAILURE): Call Test Case 'Test Cases/mobileWeb/_include/get_screenshot' successfully

2019-10-03 08:15:04 - [TEST_CASE][PASSED] - Test Cases/mobileWeb/_include/get_screenshot: Test Cases/mobileWeb/_include/get_screenshot

2019-10-03 08:15:04 - [TEST_STEP][PASSED] - takeScreenshot(screenPath + i + ".png"): Taking screenshot successfully

2019-10-03 08:15:05 - [MESSAGE][PASSED] - Taking screenshot successfully
[[ATTACHMENT|D:\\Test\\AgileTest\\Reports\\mobileWeb\\stm\\20191003_080058\\../Screenshots/iPhone 6/stm/National General/20191003_081414/9.png]]

2019-10-03 08:15:05 - [TEST_STEP][PASSED] - (internal.GlobalVariable.i++): null

2019-10-03 08:15:05 - [MESSAGE][PASSED] - Call Test Case 'Test Cases/mobileWeb/_include/get_screenshot' successfully

2019-10-03 08:15:05 - [TEST_STEP][PASSED] - clearText(findTestObject("mobileSanity/STM/Page_App Page 3/input__credit-card-cvv")): Text of object 'Object Repository/mobileSanity/STM/Page_App Page 3/input__credit-card-cvv' is cleared

2019-10-03 08:15:05 - [MESSAGE][PASSED] - Text of object 'Object Repository/mobileSanity/STM/Page_App Page 3/input__credit-card-cvv' is cleared

2019-10-03 08:15:05 - [TEST_STEP][PASSED] - setText(findTestObject("mobileSanity/STM/Page_App Page 3/input__credit-card-cvv"), "123"): Text '123' is set on object 'Object Repository/mobileSanity/STM/Page_App Page 3/input__credit-card-cvv'

2019-10-03 08:15:05 - [MESSAGE][PASSED] - Text '123' is set on object 'Object Repository/mobileSanity/STM/Page_App Page 3/input__credit-card-cvv'

2019-10-03 08:15:05 - [TEST_STEP][PASSED] - click(findTestObject("mobileSanity/STM/Page_App Page 3/label_I Accept Authorization f")): Object: 'Object Repository/mobileSanity/STM/Page_App Page 3/label_I Accept Authorization f' is clicked on

2019-10-03 08:15:05 - [MESSAGE][PASSED] - Object: 'Object Repository/mobileSanity/STM/Page_App Page 3/label_I Accept Authorization f' is clicked on

2019-10-03 08:15:05 - [TEST_STEP][PASSED] - click(findTestObject("mobileSanity/STM/Page_App Page 3/a_Continue to Step 4 - Review")): Object: 'Object Repository/mobileSanity/STM/Page_App Page 3/a_Continue to Step 4 - Review' is clicked on

2019-10-03 08:15:05 - [MESSAGE][PASSED] - Object: 'Object Repository/mobileSanity/STM/Page_App Page 3/a_Continue to Step 4 - Review' is clicked on

2019-10-03 08:15:05 - [TEST_STEP][PASSED] - waitForPageLoad(10): Wait for page load successfully

2019-10-03 08:15:05 - [MESSAGE][PASSED] - Wait for page load successfully

2019-10-03 08:15:05 - [TEST_STEP][PASSED] - waitForElementClickable(findTestObject("mobileSanity/STM/Page_App Page 4/label"), 10): Object 'Object Repository/mobileSanity/STM/Page_App Page 4/label' is clickable

2019-10-03 08:15:06 - [MESSAGE][PASSED] - Object 'Object Repository/mobileSanity/STM/Page_App Page 4/label' is clickable

2019-10-03 08:15:06 - [TEST_STEP][PASSED] - Thread.sleep(2000): null

2019-10-03 08:15:08 - [TEST_STEP][PASSED] - callTestCase(findTestCase("mobileWeb/_include/get_screenshot"), [:], STOP_ON_FAILURE): Call Test Case 'Test Cases/mobileWeb/_include/get_screenshot' successfully

2019-10-03 08:15:08 - [TEST_CASE][PASSED] - Test Cases/mobileWeb/_include/get_screenshot: Test Cases/mobileWeb/_include/get_screenshot

2019-10-03 08:15:08 - [TEST_STEP][PASSED] - takeScreenshot(screenPath + i + ".png"): Taking screenshot successfully

2019-10-03 08:15:08 - [MESSAGE][PASSED] - Taking screenshot successfully
[[ATTACHMENT|D:\\Test\\AgileTest\\Reports\\mobileWeb\\stm\\20191003_080058\\../Screenshots/iPhone 6/stm/National General/20191003_081414/10.png]]

2019-10-03 08:15:08 - [TEST_STEP][PASSED] - (internal.GlobalVariable.i++): null

2019-10-03 08:15:08 - [MESSAGE][PASSED] - Call Test Case 'Test Cases/mobileWeb/_include/get_screenshot' successfully

2019-10-03 08:15:08 - [TEST_STEP][PASSED] - click(findTestObject("mobileSanity/STM/Page_App Page 4/label")): Object: 'Object Repository/mobileSanity/STM/Page_App Page 4/label' is clicked on

2019-10-03 08:15:08 - [MESSAGE][PASSED] - Object: 'Object Repository/mobileSanity/STM/Page_App Page 4/label' is clicked on

2019-10-03 08:15:08 - [TEST_STEP][PASSED] - click(findTestObject("mobileSanity/STM/Page_App Page 4/div_CLICK TO SIGN")): Object: 'Object Repository/mobileSanity/STM/Page_App Page 4/div_CLICK TO SIGN' is clicked on

2019-10-03 08:15:08 - [MESSAGE][PASSED] - Object: 'Object Repository/mobileSanity/STM/Page_App Page 4/div_CLICK TO SIGN' is clicked on

2019-10-03 08:15:08 - [TEST_STEP][PASSED] - click(findTestObject("mobileSanity/STM/Page_App Page 4/a_Submit Your Application")): Object: 'Object Repository/mobileSanity/STM/Page_App Page 4/a_Submit Your Application' is clicked on

2019-10-03 08:15:08 - [MESSAGE][PASSED] - Object: 'Object Repository/mobileSanity/STM/Page_App Page 4/a_Submit Your Application' is clicked on

2019-10-03 08:15:08 - [TEST_STEP][PASSED] - Thread.sleep(30000): null

2019-10-03 08:15:38 - [TEST_STEP][PASSED] - waitForElementPresent(findTestObject("mobileSanity/STM/Page_App Page 6/app-page-wrapper"), 20): Object 'Object Repository/mobileSanity/STM/Page_App Page 6/app-page-wrapper' is present

2019-10-03 08:15:38 - [MESSAGE][PASSED] - Object 'Object Repository/mobileSanity/STM/Page_App Page 6/app-page-wrapper' is present

2019-10-03 08:15:38 - [TEST_STEP][PASSED] - callTestCase(findTestCase("mobileWeb/_include/get_screenshot"), [:], STOP_ON_FAILURE): Call Test Case 'Test Cases/mobileWeb/_include/get_screenshot' successfully

2019-10-03 08:15:39 - [TEST_CASE][PASSED] - Test Cases/mobileWeb/_include/get_screenshot: Test Cases/mobileWeb/_include/get_screenshot

2019-10-03 08:15:39 - [TEST_STEP][PASSED] - takeScreenshot(screenPath + i + ".png"): Taking screenshot successfully

2019-10-03 08:15:39 - [MESSAGE][PASSED] - Taking screenshot successfully
[[ATTACHMENT|D:\\Test\\AgileTest\\Reports\\mobileWeb\\stm\\20191003_080058\\../Screenshots/iPhone 6/stm/National General/20191003_081414/11.png]]

2019-10-03 08:15:39 - [TEST_STEP][PASSED] - (internal.GlobalVariable.i++): null

2019-10-03 08:15:39 - [MESSAGE][PASSED] - Call Test Case 'Test Cases/mobileWeb/_include/get_screenshot' successfully

2019-10-03 08:15:39 - [MESSAGE][PASSED] - Call Test Case 'Test Cases/mobileWeb/_include/goToEnd_stm_autofill' successfully]]></system-out>
         <system-err><![CDATA[]]></system-err>
      </testcase>
      <testcase name="Test Cases/mobileWeb/stm/Aspen" classname="Test Cases/mobileWeb/stm/Aspen" status="PASSED">
         <system-out><![CDATA[2019-10-03 08:15:39 - [TEST_CASE][PASSED] - Test Cases/mobileWeb/stm/Aspen: Test Cases/mobileWeb/stm/Aspen

2019-10-03 08:15:39 - [TEST_STEP][PASSED] - callTestCase(findTestCase("mobileWeb/_include/get_screenPath"), ["productLine":"stm", "carrierName":"Aspen"], CONTINUE_ON_FAILURE): Call Test Case 'Test Cases/mobileWeb/_include/get_screenPath' successfully

2019-10-03 08:15:39 - [TEST_CASE][PASSED] - Test Cases/mobileWeb/_include/get_screenPath: Test Cases/mobileWeb/_include/get_screenPath

2019-10-03 08:15:39 - [TEST_STEP][PASSED] - m = getExecutionProperties(): null

2019-10-03 08:15:39 - [TEST_STEP][PASSED] - deviceName = get("mobileEmulation").get("deviceName"): null

2019-10-03 08:15:39 - [TEST_STEP][PASSED] - println(deviceName): null

2019-10-03 08:15:39 - [TEST_STEP][PASSED] - now = new java.util.Date(): null

2019-10-03 08:15:39 - [TEST_STEP][PASSED] - mydate = now.format("yyyyMMdd_HHmmss"): null

2019-10-03 08:15:39 - [TEST_STEP][PASSED] - screenPath = "../Screenshots/": null

2019-10-03 08:15:39 - [TEST_STEP][PASSED] - screenPath = screenPath + deviceName + "/" + productLine + "/" + carrierName + "/" + mydate + "/": null

2019-10-03 08:15:39 - [TEST_STEP][PASSED] - println(screenPath): null

2019-10-03 08:15:39 - [MESSAGE][PASSED] - Call Test Case 'Test Cases/mobileWeb/_include/get_screenPath' successfully

2019-10-03 08:15:39 - [TEST_STEP][PASSED] - i = 0: null

2019-10-03 08:15:39 - [TEST_STEP][PASSED] - callTestCase(findTestCase("mobileWeb/_include/openWebSite"), [:], STOP_ON_FAILURE): Call Test Case 'Test Cases/mobileWeb/_include/openWebSite' successfully

2019-10-03 08:15:39 - [TEST_CASE][PASSED] - Test Cases/mobileWeb/_include/openWebSite: Test Cases/mobileWeb/_include/openWebSite

2019-10-03 08:15:39 - [TEST_STEP][PASSED] - openBrowser(env): Browser is opened with url: 'https://praetemptatus.agilehealthinsurance.com'

2019-10-03 08:15:39 - [MESSAGE][WARNING] - A browser is already opened. Closing browser and opening a new one

2019-10-03 08:15:40 - [MESSAGE][INFO] - Starting 'Chrome' driver

2019-10-03 08:15:40 - [MESSAGE][INFO] - User set preference: ['mobileEmulation', '{deviceName=iPhone 6}']

2019-10-03 08:15:40 - [MESSAGE][INFO] - User set preference: ['args', '[--incognito, --aggressive-cache-discard, --window-size=375,677, --no-sandbox]']

2019-10-03 08:15:42 - [MESSAGE][PASSED] - Browser is opened with url: 'https://praetemptatus.agilehealthinsurance.com'

2019-10-03 08:15:42 - [TEST_STEP][PASSED] - waitForPageLoad(20): Wait for page load successfully

2019-10-03 08:15:42 - [MESSAGE][PASSED] - Wait for page load successfully

2019-10-03 08:15:42 - [TEST_STEP][PASSED] - Thread.sleep(2000): null

2019-10-03 08:15:44 - [TEST_STEP][PASSED] - callTestCase(findTestCase("mobileWeb/_include/get_screenshot"), [:], STOP_ON_FAILURE): Call Test Case 'Test Cases/mobileWeb/_include/get_screenshot' successfully

2019-10-03 08:15:44 - [TEST_CASE][PASSED] - Test Cases/mobileWeb/_include/get_screenshot: Test Cases/mobileWeb/_include/get_screenshot

2019-10-03 08:15:44 - [TEST_STEP][PASSED] - takeScreenshot(screenPath + i + ".png"): Taking screenshot successfully

2019-10-03 08:15:44 - [MESSAGE][PASSED] - Taking screenshot successfully
[[ATTACHMENT|D:\\Test\\AgileTest\\Reports\\mobileWeb\\stm\\20191003_080058\\../Screenshots/iPhone 6/stm/Aspen/20191003_081539/0.png]]

2019-10-03 08:15:44 - [TEST_STEP][PASSED] - (internal.GlobalVariable.i++): null

2019-10-03 08:15:44 - [MESSAGE][PASSED] - Call Test Case 'Test Cases/mobileWeb/_include/get_screenshot' successfully

2019-10-03 08:15:44 - [MESSAGE][PASSED] - Call Test Case 'Test Cases/mobileWeb/_include/openWebSite' successfully

2019-10-03 08:15:44 - [TEST_STEP][PASSED] - callTestCase(findTestCase("mobileWeb/_include/census_stm"), ["zipcode":"60602"], STOP_ON_FAILURE): Call Test Case 'Test Cases/mobileWeb/_include/census_stm' successfully

2019-10-03 08:15:44 - [TEST_CASE][PASSED] - Test Cases/mobileWeb/_include/census_stm: Test Cases/mobileWeb/_include/census_stm

2019-10-03 08:15:45 - [TEST_STEP][PASSED] - waitForElementClickable(findTestObject("mobileSanity/STM/Home Page/a_Quote  Save Today"), 10): Object 'Object Repository/mobileSanity/STM/Home Page/a_Quote  Save Today' is clickable

2019-10-03 08:15:45 - [MESSAGE][PASSED] - Object 'Object Repository/mobileSanity/STM/Home Page/a_Quote  Save Today' is clickable

2019-10-03 08:15:45 - [TEST_STEP][PASSED] - click(findTestObject("mobileSanity/STM/Home Page/a_Quote  Save Today")): Object: 'Object Repository/mobileSanity/STM/Home Page/a_Quote  Save Today' is clicked on

2019-10-03 08:15:45 - [MESSAGE][PASSED] - Object: 'Object Repository/mobileSanity/STM/Home Page/a_Quote  Save Today' is clicked on

2019-10-03 08:15:45 - [TEST_STEP][PASSED] - waitForPageLoad(10): Wait for page load successfully

2019-10-03 08:15:45 - [MESSAGE][PASSED] - Wait for page load successfully

2019-10-03 08:15:45 - [TEST_STEP][PASSED] - callTestCase(findTestCase("mobileWeb/_include/get_screenshot"), [:], STOP_ON_FAILURE): Call Test Case 'Test Cases/mobileWeb/_include/get_screenshot' successfully

2019-10-03 08:15:45 - [TEST_CASE][PASSED] - Test Cases/mobileWeb/_include/get_screenshot: Test Cases/mobileWeb/_include/get_screenshot

2019-10-03 08:15:45 - [TEST_STEP][PASSED] - takeScreenshot(screenPath + i + ".png"): Taking screenshot successfully

2019-10-03 08:15:46 - [MESSAGE][PASSED] - Taking screenshot successfully
[[ATTACHMENT|D:\\Test\\AgileTest\\Reports\\mobileWeb\\stm\\20191003_080058\\../Screenshots/iPhone 6/stm/Aspen/20191003_081539/1.png]]

2019-10-03 08:15:46 - [TEST_STEP][PASSED] - (internal.GlobalVariable.i++): null

2019-10-03 08:15:46 - [MESSAGE][PASSED] - Call Test Case 'Test Cases/mobileWeb/_include/get_screenshot' successfully

2019-10-03 08:15:46 - [TEST_STEP][PASSED] - setText(findTestObject("mobileSanity/STM/STM Census Page/input_Location_zip-input"), zipcode): Text '60602' is set on object 'Object Repository/mobileSanity/STM/STM Census Page/input_Location_zip-input'

2019-10-03 08:15:46 - [MESSAGE][PASSED] - Text '60602' is set on object 'Object Repository/mobileSanity/STM/STM Census Page/input_Location_zip-input'

2019-10-03 08:15:46 - [TEST_STEP][PASSED] - Thread.sleep(500): null

2019-10-03 08:15:46 - [TEST_STEP][PASSED] - setText(findTestObject("mobileSanity/STM/STM Census Page/input_Date of Birth_dob-0"), "03031987"): Text '03031987' is set on object 'Object Repository/mobileSanity/STM/STM Census Page/input_Date of Birth_dob-0'

2019-10-03 08:15:47 - [MESSAGE][PASSED] - Text '03031987' is set on object 'Object Repository/mobileSanity/STM/STM Census Page/input_Date of Birth_dob-0'

2019-10-03 08:15:47 - [TEST_STEP][PASSED] - click(findTestObject("mobileSanity/STM/STM Census Page/label_Male")): Object: 'Object Repository/mobileSanity/STM/STM Census Page/label_Male' is clicked on

2019-10-03 08:15:47 - [MESSAGE][PASSED] - Object: 'Object Repository/mobileSanity/STM/STM Census Page/label_Male' is clicked on

2019-10-03 08:15:47 - [TEST_STEP][PASSED] - click(findTestObject("mobileSanity/STM/STM Census Page/label_Compare Plans")): Object: 'Object Repository/mobileSanity/STM/STM Census Page/label_Compare Plans' is clicked on

2019-10-03 08:15:48 - [MESSAGE][PASSED] - Object: 'Object Repository/mobileSanity/STM/STM Census Page/label_Compare Plans' is clicked on

2019-10-03 08:15:48 - [TEST_STEP][PASSED] - waitForElementVisible(findTestObject("mobileSanity/STM/STM Quote Page/button_sort"), 20): Object 'Object Repository/mobileSanity/STM/STM Quote Page/button_sort' is visible

2019-10-03 08:15:49 - [MESSAGE][PASSED] - Object 'Object Repository/mobileSanity/STM/STM Quote Page/button_sort' is visible

2019-10-03 08:15:49 - [TEST_STEP][PASSED] - Thread.sleep(3000): null

2019-10-03 08:15:52 - [TEST_STEP][PASSED] - callTestCase(findTestCase("mobileWeb/_include/get_screenshot"), [:], STOP_ON_FAILURE): Call Test Case 'Test Cases/mobileWeb/_include/get_screenshot' successfully

2019-10-03 08:15:52 - [TEST_CASE][PASSED] - Test Cases/mobileWeb/_include/get_screenshot: Test Cases/mobileWeb/_include/get_screenshot

2019-10-03 08:15:52 - [TEST_STEP][PASSED] - takeScreenshot(screenPath + i + ".png"): Taking screenshot successfully

2019-10-03 08:15:52 - [MESSAGE][PASSED] - Taking screenshot successfully
[[ATTACHMENT|D:\\Test\\AgileTest\\Reports\\mobileWeb\\stm\\20191003_080058\\../Screenshots/iPhone 6/stm/Aspen/20191003_081539/2.png]]

2019-10-03 08:15:52 - [TEST_STEP][PASSED] - (internal.GlobalVariable.i++): null

2019-10-03 08:15:52 - [MESSAGE][PASSED] - Call Test Case 'Test Cases/mobileWeb/_include/get_screenshot' successfully

2019-10-03 08:15:52 - [TEST_STEP][PASSED] - Thread.sleep(1000): null

2019-10-03 08:15:53 - [MESSAGE][PASSED] - Call Test Case 'Test Cases/mobileWeb/_include/census_stm' successfully

2019-10-03 08:15:53 - [TEST_STEP][PASSED] - callTestCase(findTestCase("mobileWeb/_include/filter_stm"), ["carrier":"aspen"], STOP_ON_FAILURE): Call Test Case 'Test Cases/mobileWeb/_include/filter_stm' successfully

2019-10-03 08:15:53 - [TEST_CASE][PASSED] - Test Cases/mobileWeb/_include/filter_stm: Test Cases/mobileWeb/_include/filter_stm

2019-10-03 08:15:53 - [TEST_STEP][PASSED] - driver = getWebDriver(): null

2019-10-03 08:15:53 - [TEST_STEP][PASSED] - selenium = new com.thoughtworks.selenium.webdriven.WebDriverBackedSelenium(driver, internal.GlobalVariable.ENV): null

2019-10-03 08:15:53 - [TEST_STEP][PASSED] - Thread.sleep(1000): null

2019-10-03 08:15:54 - [TEST_STEP][PASSED] - click(findTestObject("mobileSanity/STM/STM Quote Page/button_filters")): Object: 'Object Repository/mobileSanity/STM/STM Quote Page/button_filters' is clicked on

2019-10-03 08:15:55 - [MESSAGE][PASSED] - Object: 'Object Repository/mobileSanity/STM/STM Quote Page/button_filters' is clicked on

2019-10-03 08:15:55 - [TEST_STEP][PASSED] - Thread.sleep(1000): null

2019-10-03 08:15:56 - [TEST_STEP][PASSED] - click(findTestObject("mobileSanity/STM/STM Quote Page/i_Insurance company")): Object: 'Object Repository/mobileSanity/STM/STM Quote Page/i_Insurance company' is clicked on

2019-10-03 08:15:56 - [MESSAGE][PASSED] - Object: 'Object Repository/mobileSanity/STM/STM Quote Page/i_Insurance company' is clicked on

2019-10-03 08:15:56 - [TEST_STEP][PASSED] - Thread.sleep(1000): null

2019-10-03 08:15:57 - [TEST_STEP][PASSED] - filter_carrier = "//input[@name='filter[carrier]' and @value='" + carrier + "']/following::label": null

2019-10-03 08:15:57 - [TEST_STEP][PASSED] - println(filter_carrier): null

2019-10-03 08:15:57 - [TEST_STEP][PASSED] - test.MobileKeywords.clickJS_ByXpath(filter_carrier): test.MobileKeywords.clickJS_ByXpath is PASSED

2019-10-03 08:15:57 - [MESSAGE][PASSED] - Execute JavaScript 'arguments[0].click()' successfully

2019-10-03 08:15:57 - [MESSAGE][PASSED] - test.MobileKeywords.clickJS_ByXpath is PASSED

2019-10-03 08:15:57 - [TEST_STEP][PASSED] - Thread.sleep(1000): null

2019-10-03 08:15:58 - [TEST_STEP][PASSED] - scrollToElement(findTestObject("mobileSanity/STM/STM Quote Page/a_Show Plans"), 1000): Scroll to object 'Object Repository/mobileSanity/STM/STM Quote Page/a_Show Plans' successfully

2019-10-03 08:15:58 - [MESSAGE][PASSED] - Scroll to object 'Object Repository/mobileSanity/STM/STM Quote Page/a_Show Plans' successfully

2019-10-03 08:15:58 - [TEST_STEP][PASSED] - click(findTestObject("mobileSanity/STM/STM Quote Page/a_Show Plans")): Object: 'Object Repository/mobileSanity/STM/STM Quote Page/a_Show Plans' is clicked on

2019-10-03 08:15:58 - [MESSAGE][PASSED] - Object: 'Object Repository/mobileSanity/STM/STM Quote Page/a_Show Plans' is clicked on

2019-10-03 08:15:58 - [TEST_STEP][PASSED] - waitForJQueryLoad(20, STOP_ON_FAILURE): jQuery is ready.

2019-10-03 08:15:58 - [MESSAGE][PASSED] - jQuery is ready.

2019-10-03 08:15:58 - [TEST_STEP][PASSED] - Thread.sleep(2000): null

2019-10-03 08:16:00 - [TEST_STEP][PASSED] - callTestCase(findTestCase("mobileWeb/_include/get_screenshot"), [:], STOP_ON_FAILURE): Call Test Case 'Test Cases/mobileWeb/_include/get_screenshot' successfully

2019-10-03 08:16:00 - [TEST_CASE][PASSED] - Test Cases/mobileWeb/_include/get_screenshot: Test Cases/mobileWeb/_include/get_screenshot

2019-10-03 08:16:00 - [TEST_STEP][PASSED] - takeScreenshot(screenPath + i + ".png"): Taking screenshot successfully

2019-10-03 08:16:01 - [MESSAGE][PASSED] - Taking screenshot successfully
[[ATTACHMENT|D:\\Test\\AgileTest\\Reports\\mobileWeb\\stm\\20191003_080058\\../Screenshots/iPhone 6/stm/Aspen/20191003_081539/3.png]]

2019-10-03 08:16:01 - [TEST_STEP][PASSED] - (internal.GlobalVariable.i++): null

2019-10-03 08:16:01 - [MESSAGE][PASSED] - Call Test Case 'Test Cases/mobileWeb/_include/get_screenshot' successfully

2019-10-03 08:16:01 - [MESSAGE][PASSED] - Call Test Case 'Test Cases/mobileWeb/_include/filter_stm' successfully

2019-10-03 08:16:01 - [TEST_STEP][PASSED] - callTestCase(findTestCase("mobileWeb/_include/goToDetail_stm"), ["carrier":"aspen"], STOP_ON_FAILURE): Call Test Case 'Test Cases/mobileWeb/_include/goToDetail_stm' successfully

2019-10-03 08:16:01 - [TEST_CASE][PASSED] - Test Cases/mobileWeb/_include/goToDetail_stm: Test Cases/mobileWeb/_include/goToDetail_stm

2019-10-03 08:16:01 - [TEST_STEP][PASSED] - driver = getWebDriver(): null

2019-10-03 08:16:01 - [TEST_STEP][PASSED] - selenium = new com.thoughtworks.selenium.webdriven.WebDriverBackedSelenium(driver, internal.GlobalVariable.ENV): null

2019-10-03 08:16:01 - [TEST_STEP][PASSED] - a_plan_name = "xpath=//a[contains(@href,'/term-health-insurance/plan/" + carrier + "')]": null

2019-10-03 08:16:01 - [TEST_STEP][PASSED] - println(a_plan_name): null

2019-10-03 08:16:01 - [TEST_STEP][PASSED] - selenium.click(a_plan_name): null

2019-10-03 08:16:02 - [TEST_STEP][PASSED] - waitForPageLoad(20): Wait for page load successfully

2019-10-03 08:16:02 - [MESSAGE][PASSED] - Wait for page load successfully

2019-10-03 08:16:02 - [TEST_STEP][PASSED] - Thread.sleep(2000): null

2019-10-03 08:16:04 - [TEST_STEP][PASSED] - callTestCase(findTestCase("mobileWeb/_include/get_screenshot"), [:], STOP_ON_FAILURE): Call Test Case 'Test Cases/mobileWeb/_include/get_screenshot' successfully

2019-10-03 08:16:04 - [TEST_CASE][PASSED] - Test Cases/mobileWeb/_include/get_screenshot: Test Cases/mobileWeb/_include/get_screenshot

2019-10-03 08:16:04 - [TEST_STEP][PASSED] - takeScreenshot(screenPath + i + ".png"): Taking screenshot successfully

2019-10-03 08:16:04 - [MESSAGE][PASSED] - Taking screenshot successfully
[[ATTACHMENT|D:\\Test\\AgileTest\\Reports\\mobileWeb\\stm\\20191003_080058\\../Screenshots/iPhone 6/stm/Aspen/20191003_081539/4.png]]

2019-10-03 08:16:04 - [TEST_STEP][PASSED] - (internal.GlobalVariable.i++): null

2019-10-03 08:16:04 - [MESSAGE][PASSED] - Call Test Case 'Test Cases/mobileWeb/_include/get_screenshot' successfully

2019-10-03 08:16:04 - [MESSAGE][PASSED] - Call Test Case 'Test Cases/mobileWeb/_include/goToDetail_stm' successfully

2019-10-03 08:16:04 - [TEST_STEP][PASSED] - callTestCase(findTestCase("mobileWeb/_include/apply_stm"), [:], STOP_ON_FAILURE): Call Test Case 'Test Cases/mobileWeb/_include/apply_stm' successfully

2019-10-03 08:16:04 - [TEST_CASE][PASSED] - Test Cases/mobileWeb/_include/apply_stm: Test Cases/mobileWeb/_include/apply_stm

2019-10-03 08:16:04 - [TEST_STEP][PASSED] - waitForElementVisible(findTestObject("mobileSanity/STM/STM PlanDetail Page/a_Apply for This Plan"), 5): Object 'Object Repository/mobileSanity/STM/STM PlanDetail Page/a_Apply for This Plan' is visible

2019-10-03 08:16:04 - [MESSAGE][PASSED] - Object 'Object Repository/mobileSanity/STM/STM PlanDetail Page/a_Apply for This Plan' is visible

2019-10-03 08:16:04 - [TEST_STEP][PASSED] - click(findTestObject("mobileSanity/STM/STM PlanDetail Page/a_Apply for This Plan")): Object: 'Object Repository/mobileSanity/STM/STM PlanDetail Page/a_Apply for This Plan' is clicked on

2019-10-03 08:16:05 - [MESSAGE][PASSED] - Object: 'Object Repository/mobileSanity/STM/STM PlanDetail Page/a_Apply for This Plan' is clicked on

2019-10-03 08:16:05 - [TEST_STEP][PASSED] - waitForPageLoad(10): Wait for page load successfully

2019-10-03 08:16:05 - [MESSAGE][PASSED] - Wait for page load successfully

2019-10-03 08:16:05 - [TEST_STEP][PASSED] - Thread.sleep(2000): null

2019-10-03 08:16:07 - [TEST_STEP][PASSED] - callTestCase(findTestCase("mobileWeb/_include/get_screenshot"), [:], STOP_ON_FAILURE): Call Test Case 'Test Cases/mobileWeb/_include/get_screenshot' successfully

2019-10-03 08:16:07 - [TEST_CASE][PASSED] - Test Cases/mobileWeb/_include/get_screenshot: Test Cases/mobileWeb/_include/get_screenshot

2019-10-03 08:16:07 - [TEST_STEP][PASSED] - takeScreenshot(screenPath + i + ".png"): Taking screenshot successfully

2019-10-03 08:16:07 - [MESSAGE][PASSED] - Taking screenshot successfully
[[ATTACHMENT|D:\\Test\\AgileTest\\Reports\\mobileWeb\\stm\\20191003_080058\\../Screenshots/iPhone 6/stm/Aspen/20191003_081539/5.png]]

2019-10-03 08:16:07 - [TEST_STEP][PASSED] - (internal.GlobalVariable.i++): null

2019-10-03 08:16:07 - [MESSAGE][PASSED] - Call Test Case 'Test Cases/mobileWeb/_include/get_screenshot' successfully

2019-10-03 08:16:07 - [TEST_STEP][PASSED] - waitForElementVisible(findTestObject("mobileSanity/STM/STM Apply Page/a_Start Secure Application"), 5): Object 'Object Repository/mobileSanity/STM/STM Apply Page/a_Start Secure Application' is visible

2019-10-03 08:16:08 - [MESSAGE][PASSED] - Object 'Object Repository/mobileSanity/STM/STM Apply Page/a_Start Secure Application' is visible

2019-10-03 08:16:08 - [TEST_STEP][PASSED] - click(findTestObject("mobileSanity/STM/STM Apply Page/a_Start Secure Application")): Object: 'Object Repository/mobileSanity/STM/STM Apply Page/a_Start Secure Application' is clicked on

2019-10-03 08:16:08 - [MESSAGE][PASSED] - Object: 'Object Repository/mobileSanity/STM/STM Apply Page/a_Start Secure Application' is clicked on

2019-10-03 08:16:08 - [TEST_STEP][PASSED] - waitForPageLoad(20): Wait for page load successfully

2019-10-03 08:16:08 - [MESSAGE][PASSED] - Wait for page load successfully

2019-10-03 08:16:08 - [TEST_STEP][PASSED] - Thread.sleep(2000): null

2019-10-03 08:16:10 - [TEST_STEP][PASSED] - callTestCase(findTestCase("mobileWeb/_include/get_screenshot"), [:], STOP_ON_FAILURE): Call Test Case 'Test Cases/mobileWeb/_include/get_screenshot' successfully

2019-10-03 08:16:10 - [TEST_CASE][PASSED] - Test Cases/mobileWeb/_include/get_screenshot: Test Cases/mobileWeb/_include/get_screenshot

2019-10-03 08:16:10 - [TEST_STEP][PASSED] - takeScreenshot(screenPath + i + ".png"): Taking screenshot successfully

2019-10-03 08:16:11 - [MESSAGE][PASSED] - Taking screenshot successfully
[[ATTACHMENT|D:\\Test\\AgileTest\\Reports\\mobileWeb\\stm\\20191003_080058\\../Screenshots/iPhone 6/stm/Aspen/20191003_081539/6.png]]

2019-10-03 08:16:11 - [TEST_STEP][PASSED] - (internal.GlobalVariable.i++): null

2019-10-03 08:16:11 - [MESSAGE][PASSED] - Call Test Case 'Test Cases/mobileWeb/_include/get_screenshot' successfully

2019-10-03 08:16:11 - [MESSAGE][PASSED] - Call Test Case 'Test Cases/mobileWeb/_include/apply_stm' successfully

2019-10-03 08:16:11 - [TEST_STEP][PASSED] - callTestCase(findTestCase("mobileWeb/_include/goToEnd_stm_autofill"), [:], STOP_ON_FAILURE): Call Test Case 'Test Cases/mobileWeb/_include/goToEnd_stm_autofill' successfully

2019-10-03 08:16:11 - [TEST_CASE][PASSED] - Test Cases/mobileWeb/_include/goToEnd_stm_autofill: Test Cases/mobileWeb/_include/goToEnd_stm_autofill

2019-10-03 08:16:11 - [TEST_STEP][PASSED] - callTestCase(findTestCase("mobileWeb/_include/name"), [:], CONTINUE_ON_FAILURE): Call Test Case 'Test Cases/mobileWeb/_include/name' successfully

2019-10-03 08:16:11 - [TEST_CASE][PASSED] - Test Cases/mobileWeb/_include/name: Test Cases/mobileWeb/_include/name

2019-10-03 08:16:11 - [TEST_STEP][PASSED] - driver = getWebDriver(): null

2019-10-03 08:16:11 - [TEST_STEP][PASSED] - selenium = new com.thoughtworks.selenium.webdriven.WebDriverBackedSelenium(driver, internal.GlobalVariable.ENV): null

2019-10-03 08:16:11 - [TEST_STEP][PASSED] - FirstName = "Test-123": null

2019-10-03 08:16:11 - [TEST_STEP][PASSED] - LastName = selenium.getEval("{var x="ABCDEFGHIJKLMNOPQRSTUVWXYZabcdefghijklmnopqrstuvwxyz"; var tmp="ZZ11-"; for (i=0;i<8;i++) tmp+=x.charAt(Math.ceil(51*Math.random()));tmp;}"): null

2019-10-03 08:16:11 - [TEST_STEP][PASSED] - Address = selenium.getEval("{var x="ABCDEFGHIJKLMNOPQRSTUVWXYZabcdefghijklmnopqrstuvwxyz"; var tmp=""; for (i=0;i<8;i++) tmp+=x.charAt(Math.ceil(51*Math.random()));tmp;}"): null

2019-10-03 08:16:11 - [TEST_STEP][PASSED] - City = selenium.getEval("{var x="ABCDEFGHIJKLMNOPQRSTUVWXYZabcdefghijklmnopqrstuvwxyz"; var tmp=""; for (i=0;i<8;i++) tmp+=x.charAt(Math.ceil(51*Math.random()));tmp;}"): null

2019-10-03 08:16:11 - [TEST_STEP][PASSED] - tel1 = selenium.getEval("{var x="123456789"; var tmp=""; for (i=0;i<3;i++) tmp+=x.charAt(Math.ceil(8*Math.random()));tmp;}"): null

2019-10-03 08:16:11 - [TEST_STEP][PASSED] - tel2 = selenium.getEval("{var x="123456789"; var tmp=""; for (i=0;i<3;i++) tmp+=x.charAt(Math.ceil(8*Math.random()));tmp;}"): null

2019-10-03 08:16:11 - [TEST_STEP][PASSED] - tel3 = selenium.getEval("{var x="123456789"; var tmp=""; for (i=0;i<4;i++) tmp+=x.charAt(Math.ceil(8*Math.random()));tmp;}"): null

2019-10-03 08:16:11 - [TEST_STEP][PASSED] - Tel = selenium.getExpression(tel1 + "-" + tel2 + "-" + tel3): null

2019-10-03 08:16:11 - [TEST_STEP][PASSED] - AutoEmail = selenium.getEval("{var x="ABCDEFGHIJKLMNOPQRSTUVWXYZabcdefghijklmnopqrstuvwxyz"; var tmp="test."; for (i=0;i<8;i++) tmp+=x.charAt(Math.ceil(51*Math.random()));tmp+="@suryani.cn";}"): null

2019-10-03 08:16:11 - [TEST_STEP][PASSED] - FirstName = FirstName: null

2019-10-03 08:16:11 - [TEST_STEP][PASSED] - LastName = LastName: null

2019-10-03 08:16:11 - [TEST_STEP][PASSED] - Address = Address: null

2019-10-03 08:16:11 - [TEST_STEP][PASSED] - City = City: null

2019-10-03 08:16:11 - [TEST_STEP][PASSED] - Tel = Tel: null

2019-10-03 08:16:11 - [TEST_STEP][PASSED] - AutoEmail = AutoEmail: null

2019-10-03 08:16:11 - [TEST_STEP][PASSED] - println(FirstName): null

2019-10-03 08:16:11 - [TEST_STEP][PASSED] - println(LastName): null

2019-10-03 08:16:11 - [TEST_STEP][PASSED] - println(Address): null

2019-10-03 08:16:11 - [TEST_STEP][PASSED] - println(City): null

2019-10-03 08:16:11 - [TEST_STEP][PASSED] - println(Tel): null

2019-10-03 08:16:11 - [TEST_STEP][PASSED] - println(AutoEmail): null

2019-10-03 08:16:11 - [MESSAGE][PASSED] - Call Test Case 'Test Cases/mobileWeb/_include/name' successfully

2019-10-03 08:16:11 - [TEST_STEP][FAILED] - try: Unable to verify text 'Month Duration Acknowledgement' is present  (Root cause: com.kms.katalon.core.exception.StepFailedException: Text 'Month Duration Acknowledgement' is not present on page )

2019-10-03 08:16:11 - [TEST_STEP][FAILED] - if (verifyTextPresent("Month Duration Acknowledgement", false)): Unable to verify text 'Month Duration Acknowledgement' is present  (Root cause: com.kms.katalon.core.exception.StepFailedException: Text 'Month Duration Acknowledgement' is not present on page )

2019-10-03 08:16:11 - [MESSAGE][FAILED] - Text 'Month Duration Acknowledgement' is not present on page 

2019-10-03 08:16:12 - [MESSAGE][FAILED] - Unable to verify text 'Month Duration Acknowledgement' is present  (Root cause: com.kms.katalon.core.exception.StepFailedException: Text 'Month Duration Acknowledgement' is not present on page )
[[ATTACHMENT|D:\\Test\\AgileTest\\Reports\\mobileWeb\\stm\\20191003_080058\\1570104971623.png]]

2019-10-03 08:16:12 - [TEST_STEP][PASSED] - catch (Exception e): null

2019-10-03 08:16:12 - [TEST_STEP][PASSED] - println("no consecutive"): null

2019-10-03 08:16:12 - [TEST_STEP][PASSED] - waitForPageLoad(10): Wait for page load successfully

2019-10-03 08:16:12 - [MESSAGE][PASSED] - Wait for page load successfully

2019-10-03 08:16:12 - [TEST_STEP][PASSED] - Thread.sleep(3000): null

2019-10-03 08:16:15 - [TEST_STEP][PASSED] - waitForElementVisible(findTestObject("mobileSanity/STM/Page_App Page 1/a_Autofill App Info"), 20): Object 'Object Repository/mobileSanity/STM/Page_App Page 1/a_Autofill App Info' is visible

2019-10-03 08:16:15 - [MESSAGE][PASSED] - Object 'Object Repository/mobileSanity/STM/Page_App Page 1/a_Autofill App Info' is visible

2019-10-03 08:16:15 - [TEST_STEP][PASSED] - click(findTestObject("mobileSanity/STM/Page_App Page 1/a_Autofill App Info")): Object: 'Object Repository/mobileSanity/STM/Page_App Page 1/a_Autofill App Info' is clicked on

2019-10-03 08:16:15 - [MESSAGE][PASSED] - Object: 'Object Repository/mobileSanity/STM/Page_App Page 1/a_Autofill App Info' is clicked on

2019-10-03 08:16:15 - [TEST_STEP][PASSED] - Thread.sleep(1000): null

2019-10-03 08:16:16 - [TEST_STEP][PASSED] - click(findTestObject("mobileSanity/STM/Page_App Page 1/a_Autofill App Info")): Object: 'Object Repository/mobileSanity/STM/Page_App Page 1/a_Autofill App Info' is clicked on

2019-10-03 08:16:16 - [MESSAGE][PASSED] - Object: 'Object Repository/mobileSanity/STM/Page_App Page 1/a_Autofill App Info' is clicked on

2019-10-03 08:16:16 - [TEST_STEP][PASSED] - Thread.sleep(1000): null

2019-10-03 08:16:17 - [TEST_STEP][PASSED] - waitForElementVisible(findTestObject("mobileSanity/STM/Page_App Page 1/a_Continue"), 20): Object 'Object Repository/mobileSanity/STM/Page_App Page 1/a_Continue' is visible

2019-10-03 08:16:17 - [MESSAGE][PASSED] - Object 'Object Repository/mobileSanity/STM/Page_App Page 1/a_Continue' is visible

2019-10-03 08:16:17 - [TEST_STEP][PASSED] - click(findTestObject("mobileSanity/STM/Page_App Page 1/a_Continue")): Object: 'Object Repository/mobileSanity/STM/Page_App Page 1/a_Continue' is clicked on

2019-10-03 08:16:17 - [MESSAGE][PASSED] - Object: 'Object Repository/mobileSanity/STM/Page_App Page 1/a_Continue' is clicked on

2019-10-03 08:16:17 - [TEST_STEP][PASSED] - waitForPageLoad(20): Wait for page load successfully

2019-10-03 08:16:17 - [MESSAGE][PASSED] - Wait for page load successfully

2019-10-03 08:16:17 - [TEST_STEP][PASSED] - Thread.sleep(2000): null

2019-10-03 08:16:19 - [TEST_STEP][PASSED] - callTestCase(findTestCase("mobileWeb/_include/get_screenshot"), [:], STOP_ON_FAILURE): Call Test Case 'Test Cases/mobileWeb/_include/get_screenshot' successfully

2019-10-03 08:16:19 - [TEST_CASE][PASSED] - Test Cases/mobileWeb/_include/get_screenshot: Test Cases/mobileWeb/_include/get_screenshot

2019-10-03 08:16:19 - [TEST_STEP][PASSED] - takeScreenshot(screenPath + i + ".png"): Taking screenshot successfully

2019-10-03 08:16:19 - [MESSAGE][PASSED] - Taking screenshot successfully
[[ATTACHMENT|D:\\Test\\AgileTest\\Reports\\mobileWeb\\stm\\20191003_080058\\../Screenshots/iPhone 6/stm/Aspen/20191003_081539/7.png]]

2019-10-03 08:16:19 - [TEST_STEP][PASSED] - (internal.GlobalVariable.i++): null

2019-10-03 08:16:19 - [MESSAGE][PASSED] - Call Test Case 'Test Cases/mobileWeb/_include/get_screenshot' successfully

2019-10-03 08:16:19 - [TEST_STEP][PASSED] - click(findTestObject("mobileSanity/STM/Page_App Page 2/a_Continue to Step 3 - Payment")): Object: 'Object Repository/mobileSanity/STM/Page_App Page 2/a_Continue to Step 3 - Payment' is clicked on

2019-10-03 08:16:20 - [MESSAGE][PASSED] - Object: 'Object Repository/mobileSanity/STM/Page_App Page 2/a_Continue to Step 3 - Payment' is clicked on

2019-10-03 08:16:20 - [TEST_STEP][PASSED] - waitForPageLoad(20): Wait for page load successfully

2019-10-03 08:16:20 - [MESSAGE][PASSED] - Wait for page load successfully

2019-10-03 08:16:20 - [TEST_STEP][PASSED] - waitForElementVisible(findTestObject("mobileSanity/STM/Page_App Page 3/input__credit-card-cvv"), 20): Object 'Object Repository/mobileSanity/STM/Page_App Page 3/input__credit-card-cvv' is visible

2019-10-03 08:16:20 - [MESSAGE][PASSED] - Object 'Object Repository/mobileSanity/STM/Page_App Page 3/input__credit-card-cvv' is visible

2019-10-03 08:16:20 - [TEST_STEP][PASSED] - Thread.sleep(2000): null

2019-10-03 08:16:22 - [TEST_STEP][PASSED] - callTestCase(findTestCase("mobileWeb/_include/get_screenshot"), [:], STOP_ON_FAILURE): Call Test Case 'Test Cases/mobileWeb/_include/get_screenshot' successfully

2019-10-03 08:16:22 - [TEST_CASE][PASSED] - Test Cases/mobileWeb/_include/get_screenshot: Test Cases/mobileWeb/_include/get_screenshot

2019-10-03 08:16:22 - [TEST_STEP][PASSED] - takeScreenshot(screenPath + i + ".png"): Taking screenshot successfully

2019-10-03 08:16:23 - [MESSAGE][PASSED] - Taking screenshot successfully
[[ATTACHMENT|D:\\Test\\AgileTest\\Reports\\mobileWeb\\stm\\20191003_080058\\../Screenshots/iPhone 6/stm/Aspen/20191003_081539/8.png]]

2019-10-03 08:16:23 - [TEST_STEP][PASSED] - (internal.GlobalVariable.i++): null

2019-10-03 08:16:23 - [MESSAGE][PASSED] - Call Test Case 'Test Cases/mobileWeb/_include/get_screenshot' successfully

2019-10-03 08:16:23 - [TEST_STEP][PASSED] - clearText(findTestObject("mobileSanity/STM/Page_App Page 3/input__credit-card-cvv")): Text of object 'Object Repository/mobileSanity/STM/Page_App Page 3/input__credit-card-cvv' is cleared

2019-10-03 08:16:23 - [MESSAGE][PASSED] - Text of object 'Object Repository/mobileSanity/STM/Page_App Page 3/input__credit-card-cvv' is cleared

2019-10-03 08:16:23 - [TEST_STEP][PASSED] - setText(findTestObject("mobileSanity/STM/Page_App Page 3/input__credit-card-cvv"), "123"): Text '123' is set on object 'Object Repository/mobileSanity/STM/Page_App Page 3/input__credit-card-cvv'

2019-10-03 08:16:23 - [MESSAGE][PASSED] - Text '123' is set on object 'Object Repository/mobileSanity/STM/Page_App Page 3/input__credit-card-cvv'

2019-10-03 08:16:23 - [TEST_STEP][PASSED] - click(findTestObject("mobileSanity/STM/Page_App Page 3/label_I Accept Authorization f")): Object: 'Object Repository/mobileSanity/STM/Page_App Page 3/label_I Accept Authorization f' is clicked on

2019-10-03 08:16:23 - [MESSAGE][PASSED] - Object: 'Object Repository/mobileSanity/STM/Page_App Page 3/label_I Accept Authorization f' is clicked on

2019-10-03 08:16:23 - [TEST_STEP][PASSED] - click(findTestObject("mobileSanity/STM/Page_App Page 3/a_Continue to Step 4 - Review")): Object: 'Object Repository/mobileSanity/STM/Page_App Page 3/a_Continue to Step 4 - Review' is clicked on

2019-10-03 08:16:23 - [MESSAGE][PASSED] - Object: 'Object Repository/mobileSanity/STM/Page_App Page 3/a_Continue to Step 4 - Review' is clicked on

2019-10-03 08:16:23 - [TEST_STEP][PASSED] - waitForPageLoad(10): Wait for page load successfully

2019-10-03 08:16:23 - [MESSAGE][PASSED] - Wait for page load successfully

2019-10-03 08:16:23 - [TEST_STEP][PASSED] - waitForElementClickable(findTestObject("mobileSanity/STM/Page_App Page 4/label"), 10): Object 'Object Repository/mobileSanity/STM/Page_App Page 4/label' is clickable

2019-10-03 08:16:24 - [MESSAGE][PASSED] - Object 'Object Repository/mobileSanity/STM/Page_App Page 4/label' is clickable

2019-10-03 08:16:24 - [TEST_STEP][PASSED] - Thread.sleep(2000): null

2019-10-03 08:16:26 - [TEST_STEP][PASSED] - callTestCase(findTestCase("mobileWeb/_include/get_screenshot"), [:], STOP_ON_FAILURE): Call Test Case 'Test Cases/mobileWeb/_include/get_screenshot' successfully

2019-10-03 08:16:26 - [TEST_CASE][PASSED] - Test Cases/mobileWeb/_include/get_screenshot: Test Cases/mobileWeb/_include/get_screenshot

2019-10-03 08:16:26 - [TEST_STEP][PASSED] - takeScreenshot(screenPath + i + ".png"): Taking screenshot successfully

2019-10-03 08:16:26 - [MESSAGE][PASSED] - Taking screenshot successfully
[[ATTACHMENT|D:\\Test\\AgileTest\\Reports\\mobileWeb\\stm\\20191003_080058\\../Screenshots/iPhone 6/stm/Aspen/20191003_081539/9.png]]

2019-10-03 08:16:26 - [TEST_STEP][PASSED] - (internal.GlobalVariable.i++): null

2019-10-03 08:16:26 - [MESSAGE][PASSED] - Call Test Case 'Test Cases/mobileWeb/_include/get_screenshot' successfully

2019-10-03 08:16:26 - [TEST_STEP][PASSED] - click(findTestObject("mobileSanity/STM/Page_App Page 4/label")): Object: 'Object Repository/mobileSanity/STM/Page_App Page 4/label' is clicked on

2019-10-03 08:16:26 - [MESSAGE][PASSED] - Object: 'Object Repository/mobileSanity/STM/Page_App Page 4/label' is clicked on

2019-10-03 08:16:26 - [TEST_STEP][PASSED] - click(findTestObject("mobileSanity/STM/Page_App Page 4/div_CLICK TO SIGN")): Object: 'Object Repository/mobileSanity/STM/Page_App Page 4/div_CLICK TO SIGN' is clicked on

2019-10-03 08:16:27 - [MESSAGE][PASSED] - Object: 'Object Repository/mobileSanity/STM/Page_App Page 4/div_CLICK TO SIGN' is clicked on

2019-10-03 08:16:27 - [TEST_STEP][PASSED] - click(findTestObject("mobileSanity/STM/Page_App Page 4/a_Submit Your Application")): Object: 'Object Repository/mobileSanity/STM/Page_App Page 4/a_Submit Your Application' is clicked on

2019-10-03 08:16:27 - [MESSAGE][PASSED] - Object: 'Object Repository/mobileSanity/STM/Page_App Page 4/a_Submit Your Application' is clicked on

2019-10-03 08:16:27 - [TEST_STEP][PASSED] - Thread.sleep(30000): null

2019-10-03 08:16:57 - [TEST_STEP][PASSED] - waitForElementPresent(findTestObject("mobileSanity/STM/Page_App Page 6/app-page-wrapper"), 20): Object 'Object Repository/mobileSanity/STM/Page_App Page 6/app-page-wrapper' is present

2019-10-03 08:16:57 - [MESSAGE][PASSED] - Object 'Object Repository/mobileSanity/STM/Page_App Page 6/app-page-wrapper' is present

2019-10-03 08:16:57 - [TEST_STEP][PASSED] - callTestCase(findTestCase("mobileWeb/_include/get_screenshot"), [:], STOP_ON_FAILURE): Call Test Case 'Test Cases/mobileWeb/_include/get_screenshot' successfully

2019-10-03 08:16:57 - [TEST_CASE][PASSED] - Test Cases/mobileWeb/_include/get_screenshot: Test Cases/mobileWeb/_include/get_screenshot

2019-10-03 08:16:57 - [TEST_STEP][PASSED] - takeScreenshot(screenPath + i + ".png"): Taking screenshot successfully

2019-10-03 08:16:57 - [MESSAGE][PASSED] - Taking screenshot successfully
[[ATTACHMENT|D:\\Test\\AgileTest\\Reports\\mobileWeb\\stm\\20191003_080058\\../Screenshots/iPhone 6/stm/Aspen/20191003_081539/10.png]]

2019-10-03 08:16:57 - [TEST_STEP][PASSED] - (internal.GlobalVariable.i++): null

2019-10-03 08:16:57 - [MESSAGE][PASSED] - Call Test Case 'Test Cases/mobileWeb/_include/get_screenshot' successfully

2019-10-03 08:16:57 - [MESSAGE][PASSED] - Call Test Case 'Test Cases/mobileWeb/_include/goToEnd_stm_autofill' successfully]]></system-out>
         <system-err><![CDATA[]]></system-err>
      </testcase>
      <system-out><![CDATA[2019-10-03 08:04:24 - [TEST_SUITE][PASSED] - stm: Test Cases/mobileWeb/stm/Aspen]]></system-out>
      <system-err><![CDATA[]]></system-err>
   </testsuite>
</testsuites>
