<?xml version="1.0" encoding="UTF-8"?>
<testsuites name="ahi" time="469" tests="9" failures="0" errors="0">
   <testsuite name="ahi" tests="9" failures="0" errors="0" time="469" timestamp="2020-03-10 05:38:44" hostname="Administrator - 172.30.0.53" id="Test Suites/AHI/ahi">
      <properties>
         <property name="deviceName" value=""/>
         <property name="devicePlatform" value=""/>
         <property name="logFolder" value="D:\\Test\\AgileTest\\Reports\\AHI\\ahi\\20200310_052754"/>
         <property name="logFiles" value="D:\\Test\\AgileTest\\Reports\\AHI\\ahi\\20200310_052754\\execution0.log"/>
         <property name="attachments" value="D:\\Test\\AgileTest\\Reports\\AHI\\ahi\\20200310_052754\\../Screenshots/iPhone 6/AHI/ACA Health Insurance/20200310_053846/0.png, D:\\Test\\AgileTest\\Reports\\AHI\\ahi\\20200310_052754\\../Screenshots/iPhone 6/AHI/ACA Health Insurance/20200310_053846/1.png, D:\\Test\\AgileTest\\Reports\\AHI\\ahi\\20200310_052754\\../Screenshots/iPhone 6/AHI/ACA Health Insurance/20200310_053846/2.png, D:\\Test\\AgileTest\\Reports\\AHI\\ahi\\20200310_052754\\../Screenshots/iPhone 6/AHI/Cancer Insurance/20200310_053901/0.png, D:\\Test\\AgileTest\\Reports\\AHI\\ahi\\20200310_052754\\../Screenshots/iPhone 6/AHI/Cancer Insurance/20200310_053901/1.png, D:\\Test\\AgileTest\\Reports\\AHI\\ahi\\20200310_052754\\../Screenshots/iPhone 6/AHI/Cancer Insurance/20200310_053901/2.png, D:\\Test\\AgileTest\\Reports\\AHI\\ahi\\20200310_052754\\../Screenshots/iPhone 6/AHI/Cancer Insurance/20200310_053901/3.png, D:\\Test\\AgileTest\\Reports\\AHI\\ahi\\20200310_052754\\../Screenshots/iPhone 6/AHI/Cancer Insurance/20200310_053901/4.png, D:\\Test\\AgileTest\\Reports\\AHI\\ahi\\20200310_052754\\../Screenshots/iPhone 6/AHI/Cancer Insurance/20200310_053901/5.png, D:\\Test\\AgileTest\\Reports\\AHI\\ahi\\20200310_052754\\../Screenshots/iPhone 6/AHI/Cancer Insurance/20200310_053901/6.png, D:\\Test\\AgileTest\\Reports\\AHI\\ahi\\20200310_052754\\../Screenshots/iPhone 6/AHI/Cancer Insurance/20200310_053901/7.png, D:\\Test\\AgileTest\\Reports\\AHI\\ahi\\20200310_052754\\../Screenshots/iPhone 6/AHI/Cancer Insurance/20200310_053901/8.png, D:\\Test\\AgileTest\\Reports\\AHI\\ahi\\20200310_052754\\../Screenshots/iPhone 6/AHI/Cancer Insurance/20200310_053901/9.png, D:\\Test\\AgileTest\\Reports\\AHI\\ahi\\20200310_052754\\../Screenshots/iPhone 6/AHI/Dental - National General/20200310_054033/0.png, D:\\Test\\AgileTest\\Reports\\AHI\\ahi\\20200310_052754\\../Screenshots/iPhone 6/AHI/Dental - National General/20200310_054033/1.png, D:\\Test\\AgileTest\\Reports\\AHI\\ahi\\20200310_052754\\../Screenshots/iPhone 6/AHI/Dental - National General/20200310_054033/2.png, D:\\Test\\AgileTest\\Reports\\AHI\\ahi\\20200310_052754\\../Screenshots/iPhone 6/AHI/Dental - National General/20200310_054033/3.png, D:\\Test\\AgileTest\\Reports\\AHI\\ahi\\20200310_052754\\../Screenshots/iPhone 6/AHI/Dental - National General/20200310_054033/4.png, D:\\Test\\AgileTest\\Reports\\AHI\\ahi\\20200310_052754\\../Screenshots/iPhone 6/AHI/Dental - National General/20200310_054033/5.png, D:\\Test\\AgileTest\\Reports\\AHI\\ahi\\20200310_052754\\../Screenshots/iPhone 6/AHI/Dental - National General/20200310_054033/6.png, D:\\Test\\AgileTest\\Reports\\AHI\\ahi\\20200310_052754\\../Screenshots/iPhone 6/AHI/Dental - National General/20200310_054033/7.png, D:\\Test\\AgileTest\\Reports\\AHI\\ahi\\20200310_052754\\../Screenshots/iPhone 6/AHI/Dental - National General/20200310_054033/8.png, D:\\Test\\AgileTest\\Reports\\AHI\\ahi\\20200310_052754\\../Screenshots/iPhone 6/AHI/Dental - USA Access/20200310_054125/0.png, D:\\Test\\AgileTest\\Reports\\AHI\\ahi\\20200310_052754\\../Screenshots/iPhone 6/AHI/Dental - USA Access/20200310_054125/1.png, D:\\Test\\AgileTest\\Reports\\AHI\\ahi\\20200310_052754\\../Screenshots/iPhone 6/AHI/Dental - USA Access/20200310_054125/2.png, D:\\Test\\AgileTest\\Reports\\AHI\\ahi\\20200310_052754\\../Screenshots/iPhone 6/AHI/Dental - USA Access/20200310_054125/3.png, D:\\Test\\AgileTest\\Reports\\AHI\\ahi\\20200310_052754\\../Screenshots/iPhone 6/AHI/Dental - USA Access/20200310_054125/4.png, D:\\Test\\AgileTest\\Reports\\AHI\\ahi\\20200310_052754\\../Screenshots/iPhone 6/AHI/Dental - USA Access/20200310_054125/5.png, D:\\Test\\AgileTest\\Reports\\AHI\\ahi\\20200310_052754\\../Screenshots/iPhone 6/AHI/Dental - USA Access/20200310_054125/6.png, D:\\Test\\AgileTest\\Reports\\AHI\\ahi\\20200310_052754\\../Screenshots/iPhone 6/AHI/Dental - USA Access/20200310_054125/7.png, D:\\Test\\AgileTest\\Reports\\AHI\\ahi\\20200310_052754\\../Screenshots/iPhone 6/AHI/Dental - USA Access/20200310_054125/8.png, D:\\Test\\AgileTest\\Reports\\AHI\\ahi\\20200310_052754\\../Screenshots/iPhone 6/AHI/HBI/20200310_054310/0.png, D:\\Test\\AgileTest\\Reports\\AHI\\ahi\\20200310_052754\\../Screenshots/iPhone 6/AHI/HBI/20200310_054310/1.png, D:\\Test\\AgileTest\\Reports\\AHI\\ahi\\20200310_052754\\../Screenshots/iPhone 6/AHI/HBI/20200310_054310/2.png, D:\\Test\\AgileTest\\Reports\\AHI\\ahi\\20200310_052754\\../Screenshots/iPhone 6/AHI/Medicare/20200310_054325/0.png, D:\\Test\\AgileTest\\Reports\\AHI\\ahi\\20200310_052754\\../Screenshots/iPhone 6/AHI/Medicare/20200310_054325/1.png, D:\\Test\\AgileTest\\Reports\\AHI\\ahi\\20200310_052754\\../Screenshots/iPhone 6/AHI/Pet Insurance/20200310_054334/0.png, D:\\Test\\AgileTest\\Reports\\AHI\\ahi\\20200310_052754\\../Screenshots/iPhone 6/AHI/Pet Insurance/20200310_054334/1.png, D:\\Test\\AgileTest\\Reports\\AHI\\ahi\\20200310_052754\\../Screenshots/iPhone 6/AHI/Pet Insurance/20200310_054334/2.png, D:\\Test\\AgileTest\\Reports\\AHI\\ahi\\20200310_052754\\../Screenshots/iPhone 6/AHI/Pet Insurance/20200310_054334/3.png, D:\\Test\\AgileTest\\Reports\\AHI\\ahi\\20200310_052754\\../Screenshots/iPhone 6/AHI/Pet Insurance/20200310_054334/4.png, D:\\Test\\AgileTest\\Reports\\AHI\\ahi\\20200310_052754\\../Screenshots/iPhone 6/AHI/Pet Insurance/20200310_054334/5.png, D:\\Test\\AgileTest\\Reports\\AHI\\ahi\\20200310_052754\\../Screenshots/iPhone 6/AHI/Pet Insurance/20200310_054334/6.png, D:\\Test\\AgileTest\\Reports\\AHI\\ahi\\20200310_052754\\../Screenshots/iPhone 6/AHI/Pet Insurance/20200310_054334/7.png, D:\\Test\\AgileTest\\Reports\\AHI\\ahi\\20200310_052754\\../Screenshots/iPhone 6/AHI/Pet Insurance/20200310_054334/8.png, D:\\Test\\AgileTest\\Reports\\AHI\\ahi\\20200310_052754\\../Screenshots/iPhone 6/AHI/Pet Insurance/20200310_054334/9.png, D:\\Test\\AgileTest\\Reports\\AHI\\ahi\\20200310_052754\\../Screenshots/iPhone 6/AHI/Pet Insurance/20200310_054334/10.png, D:\\Test\\AgileTest\\Reports\\AHI\\ahi\\20200310_052754\\../Screenshots/iPhone 6/AHI/STM/20200310_054452/0.png, D:\\Test\\AgileTest\\Reports\\AHI\\ahi\\20200310_052754\\../Screenshots/iPhone 6/AHI/STM/20200310_054452/1.png, D:\\Test\\AgileTest\\Reports\\AHI\\ahi\\20200310_052754\\../Screenshots/iPhone 6/AHI/STM/20200310_054452/2.png, D:\\Test\\AgileTest\\Reports\\AHI\\ahi\\20200310_052754\\../Screenshots/iPhone 6/AHI/Teladoc/20200310_054508/0.png, D:\\Test\\AgileTest\\Reports\\AHI\\ahi\\20200310_052754\\../Screenshots/iPhone 6/AHI/Teladoc/20200310_054508/1.png, D:\\Test\\AgileTest\\Reports\\AHI\\ahi\\20200310_052754\\../Screenshots/iPhone 6/AHI/Teladoc/20200310_054508/2.png, D:\\Test\\AgileTest\\Reports\\AHI\\ahi\\20200310_052754\\../Screenshots/iPhone 6/AHI/Teladoc/20200310_054508/3.png, D:\\Test\\AgileTest\\Reports\\AHI\\ahi\\20200310_052754\\../Screenshots/iPhone 6/AHI/Teladoc/20200310_054508/4.png, D:\\Test\\AgileTest\\Reports\\AHI\\ahi\\20200310_052754\\../Screenshots/iPhone 6/AHI/Teladoc/20200310_054508/5.png, D:\\Test\\AgileTest\\Reports\\AHI\\ahi\\20200310_052754\\../Screenshots/iPhone 6/AHI/Teladoc/20200310_054508/6.png"/>
         <property name="hostName" value="Administrator - 172.30.0.53"/>
         <property name="os" value="Windows Server 2012 R2 64bit"/>
         <property name="katalonVersion" value="5.10.1.1"/>
         <property name="browser" value="Safari 11"/>
         <property name="hostAddress" value="172.30.0.53"/>
         <property name="sessionId" value="91ba6678abf9ed90a4e36c15f6207aa4"/>
         <property name="seleniumVersion" value="3.7.1"/>
         <property name="proxyInformation" value="ProxyInformation{proxyOption=NO_PROXY, proxyServerType=HTTP, password=, proxyServerAddress=, proxyServerPort=0}"/>
         <property name="platform" value="Windows Server 2012 R2"/>
      </properties>
      <testcase name="Test Cases/AHI/NEW/ACA Health Insurance" classname="Test Cases/AHI/NEW/ACA Health Insurance" status="PASSED">
         <system-out><![CDATA[2020-03-10 05:38:45 - [TEST_CASE][PASSED] - Test Cases/AHI/NEW/ACA Health Insurance: Test Cases/AHI/NEW/ACA Health Insurance

2020-03-10 05:38:45 - [TEST_STEP][PASSED] - callTestCase(findTestCase("AHI/_include/get_screenPath"), ["productLine":"AHI", "carrierName":"ACA Health Insurance"], CONTINUE_ON_FAILURE): Call Test Case 'Test Cases/AHI/_include/get_screenPath' successfully

2020-03-10 05:38:46 - [TEST_CASE][PASSED] - Test Cases/AHI/_include/get_screenPath: Test Cases/AHI/_include/get_screenPath

2020-03-10 05:38:46 - [TEST_STEP][PASSED] - m = getExecutionProperties(): null

2020-03-10 05:38:46 - [TEST_STEP][PASSED] - deviceName = get("mobileEmulation").get("deviceName"): null

2020-03-10 05:38:46 - [TEST_STEP][PASSED] - println(deviceName): null

2020-03-10 05:38:46 - [TEST_STEP][PASSED] - now = new java.util.Date(): null

2020-03-10 05:38:46 - [TEST_STEP][PASSED] - mydate = now.format("yyyyMMdd_HHmmss"): null

2020-03-10 05:38:46 - [TEST_STEP][PASSED] - screenPath = "../Screenshots/": null

2020-03-10 05:38:46 - [TEST_STEP][PASSED] - screenPath = screenPath + deviceName + "/" + productLine + "/" + carrierName + "/" + mydate + "/": null

2020-03-10 05:38:46 - [TEST_STEP][PASSED] - println(screenPath): null

2020-03-10 05:38:46 - [MESSAGE][PASSED] - Call Test Case 'Test Cases/AHI/_include/get_screenPath' successfully

2020-03-10 05:38:46 - [TEST_STEP][PASSED] - i = 0: null

2020-03-10 05:38:46 - [TEST_STEP][PASSED] - callTestCase(findTestCase("AHI/_include/openWebSite"), [:], CONTINUE_ON_FAILURE): Call Test Case 'Test Cases/AHI/_include/openWebSite' successfully

2020-03-10 05:38:46 - [TEST_CASE][PASSED] - Test Cases/AHI/_include/openWebSite: Test Cases/AHI/_include/openWebSite

2020-03-10 05:38:46 - [TEST_STEP][PASSED] - openBrowser(env): Browser is opened with url: 'https://praetemptatus.agilehealthinsurance.com'

2020-03-10 05:38:47 - [MESSAGE][INFO] - Starting 'Chrome' driver

2020-03-10 05:38:47 - [MESSAGE][INFO] - User set preference: ['mobileEmulation', '{deviceName=iPhone 6}']

2020-03-10 05:38:47 - [MESSAGE][INFO] - User set preference: ['args', '[--incognito, --aggressive-cache-discard, --window-size=375,677, --no-sandbox, --ignore-certificate-errors]']

2020-03-10 05:38:47 - [MESSAGE][INFO] - Action delay is set to 0 seconds

2020-03-10 05:38:51 - [MESSAGE][PASSED] - Browser is opened with url: 'https://praetemptatus.agilehealthinsurance.com'

2020-03-10 05:38:51 - [TEST_STEP][PASSED] - waitForPageLoad(20): Wait for page load successfully

2020-03-10 05:38:51 - [MESSAGE][PASSED] - Wait for page load successfully

2020-03-10 05:38:51 - [TEST_STEP][PASSED] - callTestCase(findTestCase("AHI/_include/get_screenshot"), [:], STOP_ON_FAILURE): Call Test Case 'Test Cases/AHI/_include/get_screenshot' successfully

2020-03-10 05:38:51 - [TEST_CASE][PASSED] - Test Cases/AHI/_include/get_screenshot: Test Cases/AHI/_include/get_screenshot

2020-03-10 05:38:52 - [TEST_STEP][PASSED] - Thread.sleep(1000): null

2020-03-10 05:38:53 - [TEST_STEP][PASSED] - takeScreenshot(screenPath + i + ".png"): Taking screenshot successfully

2020-03-10 05:38:54 - [MESSAGE][PASSED] - Taking screenshot successfully
[[ATTACHMENT|D:\\Test\\AgileTest\\Reports\\AHI\\ahi\\20200310_052754\\../Screenshots/iPhone 6/AHI/ACA Health Insurance/20200310_053846/0.png]]

2020-03-10 05:38:54 - [TEST_STEP][PASSED] - (internal.GlobalVariable.i++): null

2020-03-10 05:38:54 - [MESSAGE][PASSED] - Call Test Case 'Test Cases/AHI/_include/get_screenshot' successfully

2020-03-10 05:38:54 - [MESSAGE][PASSED] - Call Test Case 'Test Cases/AHI/_include/openWebSite' successfully

2020-03-10 05:38:54 - [TEST_STEP][PASSED] - driver = getWebDriver(): null

2020-03-10 05:38:54 - [TEST_STEP][PASSED] - baseUrl = ENV: null

2020-03-10 05:38:54 - [TEST_STEP][PASSED] - selenium = new com.thoughtworks.selenium.webdriven.WebDriverBackedSelenium(driver, baseUrl): null

2020-03-10 05:38:55 - [TEST_STEP][PASSED] - selenium.click("//*[@class='filter-option-inner-inner']"): null

2020-03-10 05:38:55 - [TEST_STEP][PASSED] - selenium.click("id=bs-select-1-0"): null

2020-03-10 05:38:55 - [TEST_STEP][PASSED] - selenium.click("id=primaryCTA"): null

2020-03-10 05:38:56 - [TEST_STEP][PASSED] - for ([second = 0, second < 10, (second++)]): null

2020-03-10 05:38:56 - [TEST_STEP][PASSED] - try: null

2020-03-10 05:38:56 - [TEST_STEP][PASSED] - if (selenium.isElementPresent("xpath=//h1[contains(text(),'Find the right Individual and Family health care plan for you')]")): null

2020-03-10 05:38:56 - [TEST_STEP][PASSED] - break: null

2020-03-10 05:38:56 - [TEST_STEP][PASSED] - callTestCase(findTestCase("AHI/_include/get_screenshot"), [:], STOP_ON_FAILURE): Call Test Case 'Test Cases/AHI/_include/get_screenshot' successfully

2020-03-10 05:38:56 - [TEST_CASE][PASSED] - Test Cases/AHI/_include/get_screenshot: Test Cases/AHI/_include/get_screenshot

2020-03-10 05:38:56 - [TEST_STEP][PASSED] - Thread.sleep(1000): null

2020-03-10 05:38:57 - [TEST_STEP][PASSED] - takeScreenshot(screenPath + i + ".png"): Taking screenshot successfully

2020-03-10 05:38:57 - [MESSAGE][PASSED] - Taking screenshot successfully
[[ATTACHMENT|D:\\Test\\AgileTest\\Reports\\AHI\\ahi\\20200310_052754\\../Screenshots/iPhone 6/AHI/ACA Health Insurance/20200310_053846/1.png]]

2020-03-10 05:38:57 - [TEST_STEP][PASSED] - (internal.GlobalVariable.i++): null

2020-03-10 05:38:57 - [MESSAGE][PASSED] - Call Test Case 'Test Cases/AHI/_include/get_screenshot' successfully

2020-03-10 05:38:57 - [TEST_STEP][PASSED] - url = selenium.getAttribute("xpath=(//a[@class='front-door-quote-button'])@href"): null

2020-03-10 05:38:58 - [TEST_STEP][PASSED] - navigateToUrl(url): Navigate to 'https://www.healthpocket.com/individual-health-insurance?__hstc=225231557.8266cc601f50983c99aa28445673bec5.1583833132124.1583833132124.1583833132124.1&__hssc=225231557.2.1583833132125&__hsfp=937275251' successfully

2020-03-10 05:38:59 - [MESSAGE][PASSED] - Navigate to 'https://www.healthpocket.com/individual-health-insurance?__hstc=225231557.8266cc601f50983c99aa28445673bec5.1583833132124.1583833132124.1583833132124.1&__hssc=225231557.2.1583833132125&__hsfp=937275251' successfully

2020-03-10 05:38:59 - [TEST_STEP][PASSED] - waitForPageLoad(10): Wait for page load successfully

2020-03-10 05:38:59 - [MESSAGE][PASSED] - Wait for page load successfully

2020-03-10 05:38:59 - [TEST_STEP][PASSED] - callTestCase(findTestCase("AHI/_include/get_screenshot"), [:], STOP_ON_FAILURE): Call Test Case 'Test Cases/AHI/_include/get_screenshot' successfully

2020-03-10 05:38:59 - [TEST_CASE][PASSED] - Test Cases/AHI/_include/get_screenshot: Test Cases/AHI/_include/get_screenshot

2020-03-10 05:38:59 - [TEST_STEP][PASSED] - Thread.sleep(1000): null

2020-03-10 05:39:00 - [TEST_STEP][PASSED] - takeScreenshot(screenPath + i + ".png"): Taking screenshot successfully

2020-03-10 05:39:01 - [MESSAGE][PASSED] - Taking screenshot successfully
[[ATTACHMENT|D:\\Test\\AgileTest\\Reports\\AHI\\ahi\\20200310_052754\\../Screenshots/iPhone 6/AHI/ACA Health Insurance/20200310_053846/2.png]]

2020-03-10 05:39:01 - [TEST_STEP][PASSED] - (internal.GlobalVariable.i++): null

2020-03-10 05:39:01 - [MESSAGE][PASSED] - Call Test Case 'Test Cases/AHI/_include/get_screenshot' successfully]]></system-out>
         <system-err><![CDATA[]]></system-err>
      </testcase>
      <testcase name="Test Cases/AHI/NEW/Cancer Insurance" classname="Test Cases/AHI/NEW/Cancer Insurance" status="PASSED">
         <system-out><![CDATA[2020-03-10 05:39:01 - [TEST_CASE][PASSED] - Test Cases/AHI/NEW/Cancer Insurance: Test Cases/AHI/NEW/Cancer Insurance

2020-03-10 05:39:01 - [TEST_STEP][PASSED] - callTestCase(findTestCase("AHI/_include/get_screenPath"), ["productLine":"AHI", "carrierName":"Cancer Insurance"], CONTINUE_ON_FAILURE): Call Test Case 'Test Cases/AHI/_include/get_screenPath' successfully

2020-03-10 05:39:01 - [TEST_CASE][PASSED] - Test Cases/AHI/_include/get_screenPath: Test Cases/AHI/_include/get_screenPath

2020-03-10 05:39:01 - [TEST_STEP][PASSED] - m = getExecutionProperties(): null

2020-03-10 05:39:01 - [TEST_STEP][PASSED] - deviceName = get("mobileEmulation").get("deviceName"): null

2020-03-10 05:39:01 - [TEST_STEP][PASSED] - println(deviceName): null

2020-03-10 05:39:01 - [TEST_STEP][PASSED] - now = new java.util.Date(): null

2020-03-10 05:39:01 - [TEST_STEP][PASSED] - mydate = now.format("yyyyMMdd_HHmmss"): null

2020-03-10 05:39:01 - [TEST_STEP][PASSED] - screenPath = "../Screenshots/": null

2020-03-10 05:39:01 - [TEST_STEP][PASSED] - screenPath = screenPath + deviceName + "/" + productLine + "/" + carrierName + "/" + mydate + "/": null

2020-03-10 05:39:01 - [TEST_STEP][PASSED] - println(screenPath): null

2020-03-10 05:39:01 - [MESSAGE][PASSED] - Call Test Case 'Test Cases/AHI/_include/get_screenPath' successfully

2020-03-10 05:39:01 - [TEST_STEP][PASSED] - i = 0: null

2020-03-10 05:39:01 - [TEST_STEP][PASSED] - callTestCase(findTestCase("AHI/_include/openWebSite"), [:], CONTINUE_ON_FAILURE): Call Test Case 'Test Cases/AHI/_include/openWebSite' successfully

2020-03-10 05:39:01 - [TEST_CASE][PASSED] - Test Cases/AHI/_include/openWebSite: Test Cases/AHI/_include/openWebSite

2020-03-10 05:39:01 - [TEST_STEP][PASSED] - openBrowser(env): Browser is opened with url: 'https://praetemptatus.agilehealthinsurance.com'

2020-03-10 05:39:01 - [MESSAGE][WARNING] - A browser is already opened. Closing browser and opening a new one

2020-03-10 05:39:02 - [MESSAGE][INFO] - Starting 'Chrome' driver

2020-03-10 05:39:02 - [MESSAGE][INFO] - User set preference: ['mobileEmulation', '{deviceName=iPhone 6}']

2020-03-10 05:39:03 - [MESSAGE][INFO] - User set preference: ['args', '[--incognito, --aggressive-cache-discard, --window-size=375,677, --no-sandbox, --ignore-certificate-errors]']

2020-03-10 05:39:05 - [MESSAGE][PASSED] - Browser is opened with url: 'https://praetemptatus.agilehealthinsurance.com'

2020-03-10 05:39:05 - [TEST_STEP][PASSED] - waitForPageLoad(20): Wait for page load successfully

2020-03-10 05:39:05 - [MESSAGE][PASSED] - Wait for page load successfully

2020-03-10 05:39:05 - [TEST_STEP][PASSED] - callTestCase(findTestCase("AHI/_include/get_screenshot"), [:], STOP_ON_FAILURE): Call Test Case 'Test Cases/AHI/_include/get_screenshot' successfully

2020-03-10 05:39:05 - [TEST_CASE][PASSED] - Test Cases/AHI/_include/get_screenshot: Test Cases/AHI/_include/get_screenshot

2020-03-10 05:39:05 - [TEST_STEP][PASSED] - Thread.sleep(1000): null

2020-03-10 05:39:06 - [TEST_STEP][PASSED] - takeScreenshot(screenPath + i + ".png"): Taking screenshot successfully

2020-03-10 05:39:07 - [MESSAGE][PASSED] - Taking screenshot successfully
[[ATTACHMENT|D:\\Test\\AgileTest\\Reports\\AHI\\ahi\\20200310_052754\\../Screenshots/iPhone 6/AHI/Cancer Insurance/20200310_053901/0.png]]

2020-03-10 05:39:07 - [TEST_STEP][PASSED] - (internal.GlobalVariable.i++): null

2020-03-10 05:39:07 - [MESSAGE][PASSED] - Call Test Case 'Test Cases/AHI/_include/get_screenshot' successfully

2020-03-10 05:39:07 - [MESSAGE][PASSED] - Call Test Case 'Test Cases/AHI/_include/openWebSite' successfully

2020-03-10 05:39:07 - [TEST_STEP][PASSED] - driver = getWebDriver(): null

2020-03-10 05:39:07 - [TEST_STEP][PASSED] - baseUrl = ENV: null

2020-03-10 05:39:07 - [TEST_STEP][PASSED] - selenium = new com.thoughtworks.selenium.webdriven.WebDriverBackedSelenium(driver, baseUrl): null

2020-03-10 05:39:07 - [TEST_STEP][PASSED] - selenium.click("//*[@class='filter-option-inner-inner']"): null

2020-03-10 05:39:07 - [TEST_STEP][PASSED] - selenium.click("id=bs-select-1-1"): null

2020-03-10 05:39:07 - [TEST_STEP][PASSED] - selenium.click("id=primaryCTA"): null

2020-03-10 05:39:08 - [TEST_STEP][PASSED] - for ([second = 0, second < 20, (second++)]): null

2020-03-10 05:39:08 - [TEST_STEP][PASSED] - try: null

2020-03-10 05:39:08 - [TEST_STEP][PASSED] - if (selenium.isElementPresent("id=zip-input")): null

2020-03-10 05:39:09 - [TEST_STEP][PASSED] - break: null

2020-03-10 05:39:09 - [TEST_STEP][PASSED] - callTestCase(findTestCase("AHI/_include/get_screenshot"), [:], STOP_ON_FAILURE): Call Test Case 'Test Cases/AHI/_include/get_screenshot' successfully

2020-03-10 05:39:09 - [TEST_CASE][PASSED] - Test Cases/AHI/_include/get_screenshot: Test Cases/AHI/_include/get_screenshot

2020-03-10 05:39:09 - [TEST_STEP][PASSED] - Thread.sleep(1000): null

2020-03-10 05:39:10 - [TEST_STEP][PASSED] - takeScreenshot(screenPath + i + ".png"): Taking screenshot successfully

2020-03-10 05:39:10 - [MESSAGE][PASSED] - Taking screenshot successfully
[[ATTACHMENT|D:\\Test\\AgileTest\\Reports\\AHI\\ahi\\20200310_052754\\../Screenshots/iPhone 6/AHI/Cancer Insurance/20200310_053901/1.png]]

2020-03-10 05:39:10 - [TEST_STEP][PASSED] - (internal.GlobalVariable.i++): null

2020-03-10 05:39:10 - [MESSAGE][PASSED] - Call Test Case 'Test Cases/AHI/_include/get_screenshot' successfully

2020-03-10 05:39:10 - [TEST_STEP][PASSED] - sendKeys(findTestObject("mobileSanity/Cancer Insurance/zip"), "35216"): Keys '35216' sent to object: 'Object Repository/mobileSanity/Cancer Insurance/zip'

2020-03-10 05:39:11 - [MESSAGE][PASSED] - Keys '35216' sent to object: 'Object Repository/mobileSanity/Cancer Insurance/zip'

2020-03-10 05:39:11 - [TEST_STEP][PASSED] - sendKeys(findTestObject("mobileSanity/Cancer Insurance/dob-0"), "01/01/1990"): Keys '01/01/1990' sent to object: 'Object Repository/mobileSanity/Cancer Insurance/dob-0'

2020-03-10 05:39:11 - [MESSAGE][PASSED] - Keys '01/01/1990' sent to object: 'Object Repository/mobileSanity/Cancer Insurance/dob-0'

2020-03-10 05:39:11 - [TEST_STEP][PASSED] - Thread.sleep(2000): null

2020-03-10 05:39:13 - [TEST_STEP][PASSED] - selenium.click("//label[@for='gender-m-0']"): null

2020-03-10 05:39:13 - [TEST_STEP][PASSED] - Thread.sleep(3000): null

2020-03-10 05:39:16 - [TEST_STEP][PASSED] - selenium.click("id=js-see-plans"): null

2020-03-10 05:39:17 - [TEST_STEP][PASSED] - for ([second = 0, second < 20, (second++)]): null

2020-03-10 05:39:17 - [TEST_STEP][PASSED] - try: null

2020-03-10 05:39:17 - [TEST_STEP][PASSED] - if (selenium.isElementPresent("xpath=//h1[contains(text(),'3 Cancer Insurance Policies Found')]")): null

2020-03-10 05:39:17 - [TEST_STEP][PASSED] - Thread.sleep(1000): null

2020-03-10 05:39:18 - [TEST_STEP][PASSED] - try: null

2020-03-10 05:39:18 - [TEST_STEP][PASSED] - if (selenium.isElementPresent("xpath=//h1[contains(text(),'3 Cancer Insurance Policies Found')]")): null

2020-03-10 05:39:18 - [TEST_STEP][PASSED] - Thread.sleep(1000): null

2020-03-10 05:39:19 - [TEST_STEP][PASSED] - try: null

2020-03-10 05:39:19 - [TEST_STEP][PASSED] - if (selenium.isElementPresent("xpath=//h1[contains(text(),'3 Cancer Insurance Policies Found')]")): null

2020-03-10 05:39:19 - [TEST_STEP][PASSED] - Thread.sleep(1000): null

2020-03-10 05:39:20 - [TEST_STEP][PASSED] - try: null

2020-03-10 05:39:20 - [TEST_STEP][PASSED] - if (selenium.isElementPresent("xpath=//h1[contains(text(),'3 Cancer Insurance Policies Found')]")): null

2020-03-10 05:39:20 - [TEST_STEP][PASSED] - Thread.sleep(1000): null

2020-03-10 05:39:21 - [TEST_STEP][PASSED] - try: null

2020-03-10 05:39:21 - [TEST_STEP][PASSED] - if (selenium.isElementPresent("xpath=//h1[contains(text(),'3 Cancer Insurance Policies Found')]")): null

2020-03-10 05:39:21 - [TEST_STEP][PASSED] - Thread.sleep(1000): null

2020-03-10 05:39:22 - [TEST_STEP][PASSED] - try: null

2020-03-10 05:39:22 - [TEST_STEP][PASSED] - if (selenium.isElementPresent("xpath=//h1[contains(text(),'3 Cancer Insurance Policies Found')]")): null

2020-03-10 05:39:22 - [TEST_STEP][PASSED] - Thread.sleep(1000): null

2020-03-10 05:39:23 - [TEST_STEP][PASSED] - try: null

2020-03-10 05:39:23 - [TEST_STEP][PASSED] - if (selenium.isElementPresent("xpath=//h1[contains(text(),'3 Cancer Insurance Policies Found')]")): null

2020-03-10 05:39:23 - [TEST_STEP][PASSED] - Thread.sleep(1000): null

2020-03-10 05:39:24 - [TEST_STEP][PASSED] - try: null

2020-03-10 05:39:24 - [TEST_STEP][PASSED] - if (selenium.isElementPresent("xpath=//h1[contains(text(),'3 Cancer Insurance Policies Found')]")): null

2020-03-10 05:39:24 - [TEST_STEP][PASSED] - Thread.sleep(1000): null

2020-03-10 05:39:25 - [TEST_STEP][PASSED] - try: null

2020-03-10 05:39:25 - [TEST_STEP][PASSED] - if (selenium.isElementPresent("xpath=//h1[contains(text(),'3 Cancer Insurance Policies Found')]")): null

2020-03-10 05:39:26 - [TEST_STEP][PASSED] - Thread.sleep(1000): null

2020-03-10 05:39:27 - [TEST_STEP][PASSED] - try: null

2020-03-10 05:39:27 - [TEST_STEP][PASSED] - if (selenium.isElementPresent("xpath=//h1[contains(text(),'3 Cancer Insurance Policies Found')]")): null

2020-03-10 05:39:27 - [TEST_STEP][PASSED] - Thread.sleep(1000): null

2020-03-10 05:39:28 - [TEST_STEP][PASSED] - try: null

2020-03-10 05:39:28 - [TEST_STEP][PASSED] - if (selenium.isElementPresent("xpath=//h1[contains(text(),'3 Cancer Insurance Policies Found')]")): null

2020-03-10 05:39:28 - [TEST_STEP][PASSED] - Thread.sleep(1000): null

2020-03-10 05:39:29 - [TEST_STEP][PASSED] - try: null

2020-03-10 05:39:29 - [TEST_STEP][PASSED] - if (selenium.isElementPresent("xpath=//h1[contains(text(),'3 Cancer Insurance Policies Found')]")): null

2020-03-10 05:39:29 - [TEST_STEP][PASSED] - Thread.sleep(1000): null

2020-03-10 05:39:30 - [TEST_STEP][PASSED] - try: null

2020-03-10 05:39:30 - [TEST_STEP][PASSED] - if (selenium.isElementPresent("xpath=//h1[contains(text(),'3 Cancer Insurance Policies Found')]")): null

2020-03-10 05:39:30 - [TEST_STEP][PASSED] - Thread.sleep(1000): null

2020-03-10 05:39:31 - [TEST_STEP][PASSED] - try: null

2020-03-10 05:39:31 - [TEST_STEP][PASSED] - if (selenium.isElementPresent("xpath=//h1[contains(text(),'3 Cancer Insurance Policies Found')]")): null

2020-03-10 05:39:31 - [TEST_STEP][PASSED] - Thread.sleep(1000): null

2020-03-10 05:39:32 - [TEST_STEP][PASSED] - try: null

2020-03-10 05:39:32 - [TEST_STEP][PASSED] - if (selenium.isElementPresent("xpath=//h1[contains(text(),'3 Cancer Insurance Policies Found')]")): null

2020-03-10 05:39:32 - [TEST_STEP][PASSED] - Thread.sleep(1000): null

2020-03-10 05:39:33 - [TEST_STEP][PASSED] - try: null

2020-03-10 05:39:33 - [TEST_STEP][PASSED] - if (selenium.isElementPresent("xpath=//h1[contains(text(),'3 Cancer Insurance Policies Found')]")): null

2020-03-10 05:39:33 - [TEST_STEP][PASSED] - Thread.sleep(1000): null

2020-03-10 05:39:34 - [TEST_STEP][PASSED] - try: null

2020-03-10 05:39:34 - [TEST_STEP][PASSED] - if (selenium.isElementPresent("xpath=//h1[contains(text(),'3 Cancer Insurance Policies Found')]")): null

2020-03-10 05:39:34 - [TEST_STEP][PASSED] - Thread.sleep(1000): null

2020-03-10 05:39:35 - [TEST_STEP][PASSED] - try: null

2020-03-10 05:39:35 - [TEST_STEP][PASSED] - if (selenium.isElementPresent("xpath=//h1[contains(text(),'3 Cancer Insurance Policies Found')]")): null

2020-03-10 05:39:35 - [TEST_STEP][PASSED] - Thread.sleep(1000): null

2020-03-10 05:39:36 - [TEST_STEP][PASSED] - try: null

2020-03-10 05:39:36 - [TEST_STEP][PASSED] - if (selenium.isElementPresent("xpath=//h1[contains(text(),'3 Cancer Insurance Policies Found')]")): null

2020-03-10 05:39:36 - [TEST_STEP][PASSED] - Thread.sleep(1000): null

2020-03-10 05:39:37 - [TEST_STEP][PASSED] - try: null

2020-03-10 05:39:37 - [TEST_STEP][PASSED] - if (selenium.isElementPresent("xpath=//h1[contains(text(),'3 Cancer Insurance Policies Found')]")): null

2020-03-10 05:39:38 - [TEST_STEP][PASSED] - Thread.sleep(1000): null

2020-03-10 05:39:39 - [TEST_STEP][PASSED] - callTestCase(findTestCase("AHI/_include/get_screenshot"), [:], STOP_ON_FAILURE): Call Test Case 'Test Cases/AHI/_include/get_screenshot' successfully

2020-03-10 05:39:39 - [TEST_CASE][PASSED] - Test Cases/AHI/_include/get_screenshot: Test Cases/AHI/_include/get_screenshot

2020-03-10 05:39:39 - [TEST_STEP][PASSED] - Thread.sleep(1000): null

2020-03-10 05:39:40 - [TEST_STEP][PASSED] - takeScreenshot(screenPath + i + ".png"): Taking screenshot successfully

2020-03-10 05:39:40 - [MESSAGE][PASSED] - Taking screenshot successfully
[[ATTACHMENT|D:\\Test\\AgileTest\\Reports\\AHI\\ahi\\20200310_052754\\../Screenshots/iPhone 6/AHI/Cancer Insurance/20200310_053901/2.png]]

2020-03-10 05:39:40 - [TEST_STEP][PASSED] - (internal.GlobalVariable.i++): null

2020-03-10 05:39:40 - [MESSAGE][PASSED] - Call Test Case 'Test Cases/AHI/_include/get_screenshot' successfully

2020-03-10 05:39:40 - [TEST_STEP][PASSED] - selenium.click("xpath=(//a[contains(text(),'Option 1')])[1]"): null

2020-03-10 05:39:42 - [TEST_STEP][PASSED] - for ([second = 0, second < 20, (second++)]): null

2020-03-10 05:39:42 - [TEST_STEP][PASSED] - try: null

2020-03-10 05:39:42 - [TEST_STEP][PASSED] - if (selenium.isElementPresent("id=plan-details-primary-apply")): null

2020-03-10 05:39:43 - [TEST_STEP][PASSED] - break: null

2020-03-10 05:39:43 - [TEST_STEP][PASSED] - callTestCase(findTestCase("AHI/_include/get_screenshot"), [:], STOP_ON_FAILURE): Call Test Case 'Test Cases/AHI/_include/get_screenshot' successfully

2020-03-10 05:39:43 - [TEST_CASE][PASSED] - Test Cases/AHI/_include/get_screenshot: Test Cases/AHI/_include/get_screenshot

2020-03-10 05:39:43 - [TEST_STEP][PASSED] - Thread.sleep(1000): null

2020-03-10 05:39:44 - [TEST_STEP][PASSED] - takeScreenshot(screenPath + i + ".png"): Taking screenshot successfully

2020-03-10 05:39:45 - [MESSAGE][PASSED] - Taking screenshot successfully
[[ATTACHMENT|D:\\Test\\AgileTest\\Reports\\AHI\\ahi\\20200310_052754\\../Screenshots/iPhone 6/AHI/Cancer Insurance/20200310_053901/3.png]]

2020-03-10 05:39:45 - [TEST_STEP][PASSED] - (internal.GlobalVariable.i++): null

2020-03-10 05:39:45 - [MESSAGE][PASSED] - Call Test Case 'Test Cases/AHI/_include/get_screenshot' successfully

2020-03-10 05:39:45 - [TEST_STEP][PASSED] - selenium.click("id=plan-details-primary-apply"): null

2020-03-10 05:39:45 - [TEST_STEP][PASSED] - for ([second = 0, second < 20, (second++)]): null

2020-03-10 05:39:45 - [TEST_STEP][PASSED] - try: null

2020-03-10 05:39:45 - [TEST_STEP][PASSED] - if (selenium.isElementPresent("id=applyButton")): null

2020-03-10 05:39:47 - [TEST_STEP][PASSED] - break: null

2020-03-10 05:39:47 - [TEST_STEP][PASSED] - callTestCase(findTestCase("AHI/_include/get_screenshot"), [:], STOP_ON_FAILURE): Call Test Case 'Test Cases/AHI/_include/get_screenshot' successfully

2020-03-10 05:39:47 - [TEST_CASE][PASSED] - Test Cases/AHI/_include/get_screenshot: Test Cases/AHI/_include/get_screenshot

2020-03-10 05:39:47 - [TEST_STEP][PASSED] - Thread.sleep(1000): null

2020-03-10 05:39:48 - [TEST_STEP][PASSED] - takeScreenshot(screenPath + i + ".png"): Taking screenshot successfully

2020-03-10 05:39:49 - [MESSAGE][PASSED] - Taking screenshot successfully
[[ATTACHMENT|D:\\Test\\AgileTest\\Reports\\AHI\\ahi\\20200310_052754\\../Screenshots/iPhone 6/AHI/Cancer Insurance/20200310_053901/4.png]]

2020-03-10 05:39:49 - [TEST_STEP][PASSED] - (internal.GlobalVariable.i++): null

2020-03-10 05:39:49 - [MESSAGE][PASSED] - Call Test Case 'Test Cases/AHI/_include/get_screenshot' successfully

2020-03-10 05:39:49 - [TEST_STEP][PASSED] - selenium.click("id=applyButton"): null

2020-03-10 05:39:50 - [TEST_STEP][PASSED] - for ([second = 0, second < 20, (second++)]): null

2020-03-10 05:39:50 - [TEST_STEP][PASSED] - try: null

2020-03-10 05:39:50 - [TEST_STEP][PASSED] - if (selenium.isElementPresent("id=member-P-1-firstName")): null

2020-03-10 05:39:51 - [TEST_STEP][PASSED] - Thread.sleep(1000): null

2020-03-10 05:39:52 - [TEST_STEP][PASSED] - try: null

2020-03-10 05:39:52 - [TEST_STEP][PASSED] - if (selenium.isElementPresent("id=member-P-1-firstName")): null

2020-03-10 05:39:52 - [TEST_STEP][PASSED] - break: null

2020-03-10 05:39:52 - [TEST_STEP][PASSED] - callTestCase(findTestCase("AHI/_include/get_screenshot"), [:], STOP_ON_FAILURE): Call Test Case 'Test Cases/AHI/_include/get_screenshot' successfully

2020-03-10 05:39:52 - [TEST_CASE][PASSED] - Test Cases/AHI/_include/get_screenshot: Test Cases/AHI/_include/get_screenshot

2020-03-10 05:39:52 - [TEST_STEP][PASSED] - Thread.sleep(1000): null

2020-03-10 05:39:53 - [TEST_STEP][PASSED] - takeScreenshot(screenPath + i + ".png"): Taking screenshot successfully

2020-03-10 05:39:54 - [MESSAGE][PASSED] - Taking screenshot successfully
[[ATTACHMENT|D:\\Test\\AgileTest\\Reports\\AHI\\ahi\\20200310_052754\\../Screenshots/iPhone 6/AHI/Cancer Insurance/20200310_053901/5.png]]

2020-03-10 05:39:54 - [TEST_STEP][PASSED] - (internal.GlobalVariable.i++): null

2020-03-10 05:39:54 - [MESSAGE][PASSED] - Call Test Case 'Test Cases/AHI/_include/get_screenshot' successfully

2020-03-10 05:39:54 - [TEST_STEP][PASSED] - callTestCase(findTestCase("AHI/_include/name"), [:], STOP_ON_FAILURE): Call Test Case 'Test Cases/AHI/_include/name' successfully

2020-03-10 05:39:54 - [TEST_CASE][PASSED] - Test Cases/AHI/_include/name: Test Cases/AHI/_include/name

2020-03-10 05:39:55 - [TEST_STEP][PASSED] - driver = getWebDriver(): null

2020-03-10 05:39:55 - [TEST_STEP][PASSED] - selenium = new com.thoughtworks.selenium.webdriven.WebDriverBackedSelenium(driver, internal.GlobalVariable.ENV): null

2020-03-10 05:39:55 - [TEST_STEP][PASSED] - FirstName = "Test-123": null

2020-03-10 05:39:55 - [TEST_STEP][PASSED] - LastName = selenium.getEval("{var x="ABCDEFGHIJKLMNOPQRSTUVWXYZabcdefghijklmnopqrstuvwxyz"; var tmp="ZZ11-"; for (i=0;i<8;i++) tmp+=x.charAt(Math.ceil(51*Math.random()));tmp;}"): null

2020-03-10 05:39:55 - [TEST_STEP][PASSED] - Address = selenium.getEval("{var x="ABCDEFGHIJKLMNOPQRSTUVWXYZabcdefghijklmnopqrstuvwxyz"; var tmp=""; for (i=0;i<8;i++) tmp+=x.charAt(Math.ceil(51*Math.random()));tmp;}"): null

2020-03-10 05:39:55 - [TEST_STEP][PASSED] - City = selenium.getEval("{var x="ABCDEFGHIJKLMNOPQRSTUVWXYZabcdefghijklmnopqrstuvwxyz"; var tmp=""; for (i=0;i<8;i++) tmp+=x.charAt(Math.ceil(51*Math.random()));tmp;}"): null

2020-03-10 05:39:55 - [TEST_STEP][PASSED] - tel1 = selenium.getEval("{var x="123456789"; var tmp=""; for (i=0;i<3;i++) tmp+=x.charAt(Math.ceil(8*Math.random()));tmp;}"): null

2020-03-10 05:39:55 - [TEST_STEP][PASSED] - tel2 = selenium.getEval("{var x="123456789"; var tmp=""; for (i=0;i<3;i++) tmp+=x.charAt(Math.ceil(8*Math.random()));tmp;}"): null

2020-03-10 05:39:55 - [TEST_STEP][PASSED] - tel3 = selenium.getEval("{var x="123456789"; var tmp=""; for (i=0;i<4;i++) tmp+=x.charAt(Math.ceil(8*Math.random()));tmp;}"): null

2020-03-10 05:39:55 - [TEST_STEP][PASSED] - Tel = selenium.getExpression(tel1 + "-" + tel2 + "-" + tel3): null

2020-03-10 05:39:55 - [TEST_STEP][PASSED] - AutoEmail = selenium.getEval("{var x="ABCDEFGHIJKLMNOPQRSTUVWXYZabcdefghijklmnopqrstuvwxyz"; var tmp="test."; for (i=0;i<8;i++) tmp+=x.charAt(Math.ceil(51*Math.random()));tmp+="@suryani.cn";}"): null

2020-03-10 05:39:55 - [TEST_STEP][PASSED] - FirstName = FirstName: null

2020-03-10 05:39:55 - [TEST_STEP][PASSED] - LastName = LastName: null

2020-03-10 05:39:55 - [TEST_STEP][PASSED] - Address = Address: null

2020-03-10 05:39:55 - [TEST_STEP][PASSED] - City = City: null

2020-03-10 05:39:55 - [TEST_STEP][PASSED] - Tel = Tel: null

2020-03-10 05:39:55 - [TEST_STEP][PASSED] - AutoEmail = AutoEmail: null

2020-03-10 05:39:55 - [TEST_STEP][PASSED] - println(FirstName): null

2020-03-10 05:39:55 - [TEST_STEP][PASSED] - println(LastName): null

2020-03-10 05:39:55 - [TEST_STEP][PASSED] - println(Address): null

2020-03-10 05:39:55 - [TEST_STEP][PASSED] - println(City): null

2020-03-10 05:39:55 - [TEST_STEP][PASSED] - println(Tel): null

2020-03-10 05:39:55 - [TEST_STEP][PASSED] - println(AutoEmail): null

2020-03-10 05:39:55 - [MESSAGE][PASSED] - Call Test Case 'Test Cases/AHI/_include/name' successfully

2020-03-10 05:39:55 - [TEST_STEP][PASSED] - selenium.type("id=member-P-1-firstName", FirstName): null

2020-03-10 05:39:55 - [TEST_STEP][PASSED] - selenium.type("id=member-P-1-lastName", LastName): null

2020-03-10 05:39:55 - [TEST_STEP][PASSED] - selenium.type("id=address", Address): null

2020-03-10 05:39:55 - [TEST_STEP][PASSED] - selenium.type("id=city", City): null

2020-03-10 05:39:56 - [TEST_STEP][PASSED] - selenium.type("id=email", AutoEmail): null

2020-03-10 05:39:56 - [TEST_STEP][PASSED] - selenium.type("id=primaryPhone", Tel): null

2020-03-10 05:39:56 - [TEST_STEP][PASSED] - selenium.click("id=js-app-continue-link"): null

2020-03-10 05:39:57 - [TEST_STEP][PASSED] - for ([second = 0, second < 20, (second++)]): null

2020-03-10 05:39:57 - [TEST_STEP][PASSED] - try: null

2020-03-10 05:39:57 - [TEST_STEP][PASSED] - if (selenium.isElementPresent("xpath=(//*[@class='js-question js-app-page-medical-question-wrapper'])[1]/div/button[1]")): null

2020-03-10 05:39:57 - [TEST_STEP][PASSED] - Thread.sleep(1000): null

2020-03-10 05:39:58 - [TEST_STEP][PASSED] - try: null

2020-03-10 05:39:58 - [TEST_STEP][PASSED] - if (selenium.isElementPresent("xpath=(//*[@class='js-question js-app-page-medical-question-wrapper'])[1]/div/button[1]")): null

2020-03-10 05:39:58 - [TEST_STEP][PASSED] - break: null

2020-03-10 05:39:58 - [TEST_STEP][PASSED] - callTestCase(findTestCase("AHI/_include/get_screenshot"), [:], STOP_ON_FAILURE): Call Test Case 'Test Cases/AHI/_include/get_screenshot' successfully

2020-03-10 05:39:58 - [TEST_CASE][PASSED] - Test Cases/AHI/_include/get_screenshot: Test Cases/AHI/_include/get_screenshot

2020-03-10 05:39:58 - [TEST_STEP][PASSED] - Thread.sleep(1000): null

2020-03-10 05:39:59 - [TEST_STEP][PASSED] - takeScreenshot(screenPath + i + ".png"): Taking screenshot successfully

2020-03-10 05:39:59 - [MESSAGE][PASSED] - Taking screenshot successfully
[[ATTACHMENT|D:\\Test\\AgileTest\\Reports\\AHI\\ahi\\20200310_052754\\../Screenshots/iPhone 6/AHI/Cancer Insurance/20200310_053901/6.png]]

2020-03-10 05:39:59 - [TEST_STEP][PASSED] - (internal.GlobalVariable.i++): null

2020-03-10 05:39:59 - [MESSAGE][PASSED] - Call Test Case 'Test Cases/AHI/_include/get_screenshot' successfully

2020-03-10 05:39:59 - [TEST_STEP][PASSED] - for ([i = 1, i < 12, (i++)]): null

2020-03-10 05:39:59 - [TEST_STEP][PASSED] - selenium.click("xpath=(//*[@class='js-question js-app-page-medical-question-wrapper'])[" + i + "]/div/button[1]"): null

2020-03-10 05:40:00 - [TEST_STEP][PASSED] - selenium.click("xpath=(//*[@class='js-question js-app-page-medical-question-wrapper'])[" + i + "]/div/button[1]"): null

2020-03-10 05:40:00 - [TEST_STEP][PASSED] - selenium.click("xpath=(//*[@class='js-question js-app-page-medical-question-wrapper'])[" + i + "]/div/button[1]"): null

2020-03-10 05:40:00 - [TEST_STEP][PASSED] - selenium.click("xpath=(//*[@class='js-question js-app-page-medical-question-wrapper'])[" + i + "]/div/button[1]"): null

2020-03-10 05:40:01 - [TEST_STEP][PASSED] - selenium.click("xpath=(//*[@class='js-question js-app-page-medical-question-wrapper'])[" + i + "]/div/button[1]"): null

2020-03-10 05:40:01 - [TEST_STEP][PASSED] - selenium.click("xpath=(//*[@class='js-question js-app-page-medical-question-wrapper'])[" + i + "]/div/button[1]"): null

2020-03-10 05:40:02 - [TEST_STEP][PASSED] - selenium.click("xpath=(//*[@class='js-question js-app-page-medical-question-wrapper'])[" + i + "]/div/button[1]"): null

2020-03-10 05:40:02 - [TEST_STEP][PASSED] - selenium.click("xpath=(//*[@class='js-question js-app-page-medical-question-wrapper'])[" + i + "]/div/button[1]"): null

2020-03-10 05:40:03 - [TEST_STEP][PASSED] - selenium.click("xpath=(//*[@class='js-question js-app-page-medical-question-wrapper'])[" + i + "]/div/button[1]"): null

2020-03-10 05:40:04 - [TEST_STEP][PASSED] - selenium.click("xpath=(//*[@class='js-question js-app-page-medical-question-wrapper'])[" + i + "]/div/button[1]"): null

2020-03-10 05:40:04 - [TEST_STEP][PASSED] - selenium.click("xpath=(//*[@class='js-question js-app-page-medical-question-wrapper'])[" + i + "]/div/button[1]"): null

2020-03-10 05:40:05 - [TEST_STEP][PASSED] - selenium.click("id=js-app-continue-link"): null

2020-03-10 05:40:05 - [TEST_STEP][PASSED] - for ([second = 0, second < 20, (second++)]): null

2020-03-10 05:40:05 - [TEST_STEP][PASSED] - try: null

2020-03-10 05:40:05 - [TEST_STEP][PASSED] - if (selenium.isElementPresent("id=credit-card-number")): null

2020-03-10 05:40:06 - [TEST_STEP][PASSED] - Thread.sleep(1000): null

2020-03-10 05:40:07 - [TEST_STEP][PASSED] - try: null

2020-03-10 05:40:07 - [TEST_STEP][PASSED] - if (selenium.isElementPresent("id=credit-card-number")): null

2020-03-10 05:40:07 - [TEST_STEP][PASSED] - break: null

2020-03-10 05:40:07 - [TEST_STEP][PASSED] - callTestCase(findTestCase("AHI/_include/get_screenshot"), [:], STOP_ON_FAILURE): Call Test Case 'Test Cases/AHI/_include/get_screenshot' successfully

2020-03-10 05:40:07 - [TEST_CASE][PASSED] - Test Cases/AHI/_include/get_screenshot: Test Cases/AHI/_include/get_screenshot

2020-03-10 05:40:07 - [TEST_STEP][PASSED] - Thread.sleep(1000): null

2020-03-10 05:40:08 - [TEST_STEP][PASSED] - takeScreenshot(screenPath + i + ".png"): Taking screenshot successfully

2020-03-10 05:40:08 - [MESSAGE][PASSED] - Taking screenshot successfully
[[ATTACHMENT|D:\\Test\\AgileTest\\Reports\\AHI\\ahi\\20200310_052754\\../Screenshots/iPhone 6/AHI/Cancer Insurance/20200310_053901/7.png]]

2020-03-10 05:40:08 - [TEST_STEP][PASSED] - (internal.GlobalVariable.i++): null

2020-03-10 05:40:08 - [MESSAGE][PASSED] - Call Test Case 'Test Cases/AHI/_include/get_screenshot' successfully

2020-03-10 05:40:08 - [TEST_STEP][PASSED] - selenium.type("id=credit-card-number", "4111123123123123"): null

2020-03-10 05:40:08 - [TEST_STEP][PASSED] - selenium.type("id=credit-card-first", "test"): null

2020-03-10 05:40:09 - [TEST_STEP][PASSED] - selenium.type("id=credit-card-last", "test"): null

2020-03-10 05:40:09 - [TEST_STEP][PASSED] - selenium.select("id=expiration-month", "12"): null

2020-03-10 05:40:09 - [TEST_STEP][PASSED] - selenium.select("id=expiration-year", "2026"): null

2020-03-10 05:40:09 - [TEST_STEP][PASSED] - selenium.type("id=credit-card-cvv", "123"): null

2020-03-10 05:40:10 - [TEST_STEP][PASSED] - selenium.type("id=credit-card-number", "4111123123123123"): null

2020-03-10 05:40:10 - [TEST_STEP][PASSED] - selenium.click("id=js-same-billing"): null

2020-03-10 05:40:10 - [TEST_STEP][PASSED] - selenium.click("id=credit-payment-authorization"): null

2020-03-10 05:40:10 - [TEST_STEP][PASSED] - selenium.click("id=js-app-continue-link"): null

2020-03-10 05:40:10 - [TEST_STEP][PASSED] - for ([second = 0, second < 20, (second++)]): null

2020-03-10 05:40:10 - [TEST_STEP][PASSED] - try: null

2020-03-10 05:40:10 - [TEST_STEP][PASSED] - if (selenium.isElementPresent("id=consent-checkbox-0")): null

2020-03-10 05:40:10 - [TEST_STEP][PASSED] - Thread.sleep(1000): null

2020-03-10 05:40:11 - [TEST_STEP][PASSED] - try: null

2020-03-10 05:40:11 - [TEST_STEP][PASSED] - if (selenium.isElementPresent("id=consent-checkbox-0")): null

2020-03-10 05:40:12 - [TEST_STEP][PASSED] - break: null

2020-03-10 05:40:12 - [TEST_STEP][PASSED] - callTestCase(findTestCase("AHI/_include/get_screenshot"), [:], STOP_ON_FAILURE): Call Test Case 'Test Cases/AHI/_include/get_screenshot' successfully

2020-03-10 05:40:12 - [TEST_CASE][PASSED] - Test Cases/AHI/_include/get_screenshot: Test Cases/AHI/_include/get_screenshot

2020-03-10 05:40:12 - [TEST_STEP][PASSED] - Thread.sleep(1000): null

2020-03-10 05:40:13 - [TEST_STEP][PASSED] - takeScreenshot(screenPath + i + ".png"): Taking screenshot successfully

2020-03-10 05:40:13 - [MESSAGE][PASSED] - Taking screenshot successfully
[[ATTACHMENT|D:\\Test\\AgileTest\\Reports\\AHI\\ahi\\20200310_052754\\../Screenshots/iPhone 6/AHI/Cancer Insurance/20200310_053901/8.png]]

2020-03-10 05:40:13 - [TEST_STEP][PASSED] - (internal.GlobalVariable.i++): null

2020-03-10 05:40:13 - [MESSAGE][PASSED] - Call Test Case 'Test Cases/AHI/_include/get_screenshot' successfully

2020-03-10 05:40:13 - [TEST_STEP][PASSED] - selenium.click("id=consent-checkbox-0"): null

2020-03-10 05:40:13 - [TEST_STEP][PASSED] - selenium.click("id=js-signature-tab"): null

2020-03-10 05:40:13 - [TEST_STEP][PASSED] - selenium.click("id=js-app-continue-link"): null

2020-03-10 05:40:14 - [TEST_STEP][PASSED] - for ([second = 0, second < 30, (second++)]): null

2020-03-10 05:40:14 - [TEST_STEP][PASSED] - try: null

2020-03-10 05:40:14 - [TEST_STEP][PASSED] - if (selenium.isElementPresent("xpath=//h2[contains(text(),'Thank You')]")): null

2020-03-10 05:40:14 - [TEST_STEP][PASSED] - Thread.sleep(1000): null

2020-03-10 05:40:15 - [TEST_STEP][PASSED] - try: null

2020-03-10 05:40:15 - [TEST_STEP][PASSED] - if (selenium.isElementPresent("xpath=//h2[contains(text(),'Thank You')]")): null

2020-03-10 05:40:15 - [TEST_STEP][PASSED] - Thread.sleep(1000): null

2020-03-10 05:40:16 - [TEST_STEP][PASSED] - try: null

2020-03-10 05:40:16 - [TEST_STEP][PASSED] - if (selenium.isElementPresent("xpath=//h2[contains(text(),'Thank You')]")): null

2020-03-10 05:40:16 - [TEST_STEP][PASSED] - Thread.sleep(1000): null

2020-03-10 05:40:17 - [TEST_STEP][PASSED] - try: null

2020-03-10 05:40:17 - [TEST_STEP][PASSED] - if (selenium.isElementPresent("xpath=//h2[contains(text(),'Thank You')]")): null

2020-03-10 05:40:17 - [TEST_STEP][PASSED] - Thread.sleep(1000): null

2020-03-10 05:40:18 - [TEST_STEP][PASSED] - try: null

2020-03-10 05:40:18 - [TEST_STEP][PASSED] - if (selenium.isElementPresent("xpath=//h2[contains(text(),'Thank You')]")): null

2020-03-10 05:40:18 - [TEST_STEP][PASSED] - Thread.sleep(1000): null

2020-03-10 05:40:19 - [TEST_STEP][PASSED] - try: null

2020-03-10 05:40:19 - [TEST_STEP][PASSED] - if (selenium.isElementPresent("xpath=//h2[contains(text(),'Thank You')]")): null

2020-03-10 05:40:19 - [TEST_STEP][PASSED] - Thread.sleep(1000): null

2020-03-10 05:40:20 - [TEST_STEP][PASSED] - try: null

2020-03-10 05:40:20 - [TEST_STEP][PASSED] - if (selenium.isElementPresent("xpath=//h2[contains(text(),'Thank You')]")): null

2020-03-10 05:40:20 - [TEST_STEP][PASSED] - Thread.sleep(1000): null

2020-03-10 05:40:21 - [TEST_STEP][PASSED] - try: null

2020-03-10 05:40:21 - [TEST_STEP][PASSED] - if (selenium.isElementPresent("xpath=//h2[contains(text(),'Thank You')]")): null

2020-03-10 05:40:21 - [TEST_STEP][PASSED] - Thread.sleep(1000): null

2020-03-10 05:40:22 - [TEST_STEP][PASSED] - try: null

2020-03-10 05:40:22 - [TEST_STEP][PASSED] - if (selenium.isElementPresent("xpath=//h2[contains(text(),'Thank You')]")): null

2020-03-10 05:40:22 - [TEST_STEP][PASSED] - Thread.sleep(1000): null

2020-03-10 05:40:23 - [TEST_STEP][PASSED] - try: null

2020-03-10 05:40:23 - [TEST_STEP][PASSED] - if (selenium.isElementPresent("xpath=//h2[contains(text(),'Thank You')]")): null

2020-03-10 05:40:23 - [TEST_STEP][PASSED] - Thread.sleep(1000): null

2020-03-10 05:40:24 - [TEST_STEP][PASSED] - try: null

2020-03-10 05:40:24 - [TEST_STEP][PASSED] - if (selenium.isElementPresent("xpath=//h2[contains(text(),'Thank You')]")): null

2020-03-10 05:40:24 - [TEST_STEP][PASSED] - Thread.sleep(1000): null

2020-03-10 05:40:25 - [TEST_STEP][PASSED] - try: null

2020-03-10 05:40:25 - [TEST_STEP][PASSED] - if (selenium.isElementPresent("xpath=//h2[contains(text(),'Thank You')]")): null

2020-03-10 05:40:25 - [TEST_STEP][PASSED] - Thread.sleep(1000): null

2020-03-10 05:40:26 - [TEST_STEP][PASSED] - try: null

2020-03-10 05:40:26 - [TEST_STEP][PASSED] - if (selenium.isElementPresent("xpath=//h2[contains(text(),'Thank You')]")): null

2020-03-10 05:40:26 - [TEST_STEP][PASSED] - Thread.sleep(1000): null

2020-03-10 05:40:27 - [TEST_STEP][PASSED] - try: null

2020-03-10 05:40:27 - [TEST_STEP][PASSED] - if (selenium.isElementPresent("xpath=//h2[contains(text(),'Thank You')]")): null

2020-03-10 05:40:27 - [TEST_STEP][PASSED] - Thread.sleep(1000): null

2020-03-10 05:40:28 - [TEST_STEP][PASSED] - try: null

2020-03-10 05:40:28 - [TEST_STEP][PASSED] - if (selenium.isElementPresent("xpath=//h2[contains(text(),'Thank You')]")): null

2020-03-10 05:40:28 - [TEST_STEP][PASSED] - Thread.sleep(1000): null

2020-03-10 05:40:29 - [TEST_STEP][PASSED] - try: null

2020-03-10 05:40:29 - [TEST_STEP][PASSED] - if (selenium.isElementPresent("xpath=//h2[contains(text(),'Thank You')]")): null

2020-03-10 05:40:29 - [TEST_STEP][PASSED] - Thread.sleep(1000): null

2020-03-10 05:40:30 - [TEST_STEP][PASSED] - try: null

2020-03-10 05:40:30 - [TEST_STEP][PASSED] - if (selenium.isElementPresent("xpath=//h2[contains(text(),'Thank You')]")): null

2020-03-10 05:40:30 - [TEST_STEP][PASSED] - Thread.sleep(1000): null

2020-03-10 05:40:31 - [TEST_STEP][PASSED] - try: null

2020-03-10 05:40:31 - [TEST_STEP][PASSED] - if (selenium.isElementPresent("xpath=//h2[contains(text(),'Thank You')]")): null

2020-03-10 05:40:31 - [TEST_STEP][PASSED] - break: null

2020-03-10 05:40:31 - [TEST_STEP][PASSED] - callTestCase(findTestCase("AHI/_include/get_screenshot"), [:], STOP_ON_FAILURE): Call Test Case 'Test Cases/AHI/_include/get_screenshot' successfully

2020-03-10 05:40:31 - [TEST_CASE][PASSED] - Test Cases/AHI/_include/get_screenshot: Test Cases/AHI/_include/get_screenshot

2020-03-10 05:40:31 - [TEST_STEP][PASSED] - Thread.sleep(1000): null

2020-03-10 05:40:33 - [TEST_STEP][PASSED] - takeScreenshot(screenPath + i + ".png"): Taking screenshot successfully

2020-03-10 05:40:33 - [MESSAGE][PASSED] - Taking screenshot successfully
[[ATTACHMENT|D:\\Test\\AgileTest\\Reports\\AHI\\ahi\\20200310_052754\\../Screenshots/iPhone 6/AHI/Cancer Insurance/20200310_053901/9.png]]

2020-03-10 05:40:33 - [TEST_STEP][PASSED] - (internal.GlobalVariable.i++): null

2020-03-10 05:40:33 - [MESSAGE][PASSED] - Call Test Case 'Test Cases/AHI/_include/get_screenshot' successfully]]></system-out>
         <system-err><![CDATA[]]></system-err>
      </testcase>
      <testcase name="Test Cases/AHI/NEW/Dental/National General" classname="Test Cases/AHI/NEW/Dental/National General" status="PASSED">
         <system-out><![CDATA[2020-03-10 05:40:33 - [TEST_CASE][PASSED] - Test Cases/AHI/NEW/Dental/National General: Test Cases/AHI/NEW/Dental/National General

2020-03-10 05:40:33 - [TEST_STEP][PASSED] - callTestCase(findTestCase("AHI/_include/get_screenPath"), ["productLine":"AHI", "carrierName":"Dental - National General"], CONTINUE_ON_FAILURE): Call Test Case 'Test Cases/AHI/_include/get_screenPath' successfully

2020-03-10 05:40:33 - [TEST_CASE][PASSED] - Test Cases/AHI/_include/get_screenPath: Test Cases/AHI/_include/get_screenPath

2020-03-10 05:40:33 - [TEST_STEP][PASSED] - m = getExecutionProperties(): null

2020-03-10 05:40:33 - [TEST_STEP][PASSED] - deviceName = get("mobileEmulation").get("deviceName"): null

2020-03-10 05:40:33 - [TEST_STEP][PASSED] - println(deviceName): null

2020-03-10 05:40:33 - [TEST_STEP][PASSED] - now = new java.util.Date(): null

2020-03-10 05:40:33 - [TEST_STEP][PASSED] - mydate = now.format("yyyyMMdd_HHmmss"): null

2020-03-10 05:40:33 - [TEST_STEP][PASSED] - screenPath = "../Screenshots/": null

2020-03-10 05:40:33 - [TEST_STEP][PASSED] - screenPath = screenPath + deviceName + "/" + productLine + "/" + carrierName + "/" + mydate + "/": null

2020-03-10 05:40:33 - [TEST_STEP][PASSED] - println(screenPath): null

2020-03-10 05:40:33 - [MESSAGE][PASSED] - Call Test Case 'Test Cases/AHI/_include/get_screenPath' successfully

2020-03-10 05:40:33 - [TEST_STEP][PASSED] - i = 0: null

2020-03-10 05:40:33 - [TEST_STEP][PASSED] - callTestCase(findTestCase("AHI/_include/openWebSite"), [:], STOP_ON_FAILURE): Call Test Case 'Test Cases/AHI/_include/openWebSite' successfully

2020-03-10 05:40:33 - [TEST_CASE][PASSED] - Test Cases/AHI/_include/openWebSite: Test Cases/AHI/_include/openWebSite

2020-03-10 05:40:33 - [TEST_STEP][PASSED] - openBrowser(env): Browser is opened with url: 'https://praetemptatus.agilehealthinsurance.com'

2020-03-10 05:40:33 - [MESSAGE][WARNING] - A browser is already opened. Closing browser and opening a new one

2020-03-10 05:40:34 - [MESSAGE][INFO] - Starting 'Chrome' driver

2020-03-10 05:40:34 - [MESSAGE][INFO] - User set preference: ['mobileEmulation', '{deviceName=iPhone 6}']

2020-03-10 05:40:34 - [MESSAGE][INFO] - User set preference: ['args', '[--incognito, --aggressive-cache-discard, --window-size=375,677, --no-sandbox, --ignore-certificate-errors]']

2020-03-10 05:40:36 - [MESSAGE][PASSED] - Browser is opened with url: 'https://praetemptatus.agilehealthinsurance.com'

2020-03-10 05:40:36 - [TEST_STEP][PASSED] - waitForPageLoad(20): Wait for page load successfully

2020-03-10 05:40:36 - [MESSAGE][PASSED] - Wait for page load successfully

2020-03-10 05:40:36 - [TEST_STEP][PASSED] - callTestCase(findTestCase("AHI/_include/get_screenshot"), [:], STOP_ON_FAILURE): Call Test Case 'Test Cases/AHI/_include/get_screenshot' successfully

2020-03-10 05:40:36 - [TEST_CASE][PASSED] - Test Cases/AHI/_include/get_screenshot: Test Cases/AHI/_include/get_screenshot

2020-03-10 05:40:36 - [TEST_STEP][PASSED] - Thread.sleep(1000): null

2020-03-10 05:40:37 - [TEST_STEP][PASSED] - takeScreenshot(screenPath + i + ".png"): Taking screenshot successfully

2020-03-10 05:40:38 - [MESSAGE][PASSED] - Taking screenshot successfully
[[ATTACHMENT|D:\\Test\\AgileTest\\Reports\\AHI\\ahi\\20200310_052754\\../Screenshots/iPhone 6/AHI/Dental - National General/20200310_054033/0.png]]

2020-03-10 05:40:38 - [TEST_STEP][PASSED] - (internal.GlobalVariable.i++): null

2020-03-10 05:40:38 - [MESSAGE][PASSED] - Call Test Case 'Test Cases/AHI/_include/get_screenshot' successfully

2020-03-10 05:40:38 - [MESSAGE][PASSED] - Call Test Case 'Test Cases/AHI/_include/openWebSite' successfully

2020-03-10 05:40:38 - [TEST_STEP][PASSED] - driver = getWebDriver(): null

2020-03-10 05:40:38 - [TEST_STEP][PASSED] - baseUrl = ENV: null

2020-03-10 05:40:38 - [TEST_STEP][PASSED] - selenium = new com.thoughtworks.selenium.webdriven.WebDriverBackedSelenium(driver, baseUrl): null

2020-03-10 05:40:38 - [TEST_STEP][PASSED] - selenium.click("//*[@class='filter-option-inner-inner']"): null

2020-03-10 05:40:38 - [TEST_STEP][PASSED] - selenium.click("id=bs-select-1-2"): null

2020-03-10 05:40:38 - [TEST_STEP][PASSED] - selenium.click("id=primaryCTA"): null

2020-03-10 05:40:39 - [TEST_STEP][PASSED] - for ([second = 0, second < 20, (second++)]): null

2020-03-10 05:40:39 - [TEST_STEP][PASSED] - try: null

2020-03-10 05:40:39 - [TEST_STEP][PASSED] - if (selenium.isElementPresent("id=zip-input")): null

2020-03-10 05:40:40 - [TEST_STEP][PASSED] - break: null

2020-03-10 05:40:40 - [TEST_STEP][PASSED] - callTestCase(findTestCase("AHI/_include/get_screenshot"), [:], STOP_ON_FAILURE): Call Test Case 'Test Cases/AHI/_include/get_screenshot' successfully

2020-03-10 05:40:40 - [TEST_CASE][PASSED] - Test Cases/AHI/_include/get_screenshot: Test Cases/AHI/_include/get_screenshot

2020-03-10 05:40:40 - [TEST_STEP][PASSED] - Thread.sleep(1000): null

2020-03-10 05:40:41 - [TEST_STEP][PASSED] - takeScreenshot(screenPath + i + ".png"): Taking screenshot successfully

2020-03-10 05:40:41 - [MESSAGE][PASSED] - Taking screenshot successfully
[[ATTACHMENT|D:\\Test\\AgileTest\\Reports\\AHI\\ahi\\20200310_052754\\../Screenshots/iPhone 6/AHI/Dental - National General/20200310_054033/1.png]]

2020-03-10 05:40:41 - [TEST_STEP][PASSED] - (internal.GlobalVariable.i++): null

2020-03-10 05:40:41 - [MESSAGE][PASSED] - Call Test Case 'Test Cases/AHI/_include/get_screenshot' successfully

2020-03-10 05:40:41 - [TEST_STEP][PASSED] - setText(findTestObject("mobileSanity/Dental/census/input_Location_zip-input"), "35215"): Text '35215' is set on object 'Object Repository/mobileSanity/Dental/census/input_Location_zip-input'

2020-03-10 05:40:42 - [MESSAGE][PASSED] - Text '35215' is set on object 'Object Repository/mobileSanity/Dental/census/input_Location_zip-input'

2020-03-10 05:40:42 - [TEST_STEP][PASSED] - setText(findTestObject("mobileSanity/Dental/census/input_Date of Birth_dob-0"), "12121980"): Text '12121980' is set on object 'Object Repository/mobileSanity/Dental/census/input_Date of Birth_dob-0'

2020-03-10 05:40:42 - [MESSAGE][PASSED] - Text '12121980' is set on object 'Object Repository/mobileSanity/Dental/census/input_Date of Birth_dob-0'

2020-03-10 05:40:42 - [TEST_STEP][PASSED] - click(findTestObject("mobileSanity/Dental/census/label_Male")): Object: 'Object Repository/mobileSanity/Dental/census/label_Male' is clicked on

2020-03-10 05:40:42 - [MESSAGE][PASSED] - Object: 'Object Repository/mobileSanity/Dental/census/label_Male' is clicked on

2020-03-10 05:40:42 - [TEST_STEP][PASSED] - selenium.click("id=js-see-plans"): null

2020-03-10 05:40:43 - [TEST_STEP][PASSED] - for ([second = 0, second < 20, (second++)]): null

2020-03-10 05:40:43 - [TEST_STEP][PASSED] - try: null

2020-03-10 05:40:43 - [TEST_STEP][PASSED] - if (selenium.isElementPresent("id=js-quote-header")): null

2020-03-10 05:40:43 - [TEST_STEP][PASSED] - break: null

2020-03-10 05:40:43 - [TEST_STEP][PASSED] - callTestCase(findTestCase("AHI/_include/get_screenshot"), [:], STOP_ON_FAILURE): Call Test Case 'Test Cases/AHI/_include/get_screenshot' successfully

2020-03-10 05:40:44 - [TEST_CASE][PASSED] - Test Cases/AHI/_include/get_screenshot: Test Cases/AHI/_include/get_screenshot

2020-03-10 05:40:44 - [TEST_STEP][PASSED] - Thread.sleep(1000): null

2020-03-10 05:40:45 - [TEST_STEP][PASSED] - takeScreenshot(screenPath + i + ".png"): Taking screenshot successfully

2020-03-10 05:40:45 - [MESSAGE][PASSED] - Taking screenshot successfully
[[ATTACHMENT|D:\\Test\\AgileTest\\Reports\\AHI\\ahi\\20200310_052754\\../Screenshots/iPhone 6/AHI/Dental - National General/20200310_054033/2.png]]

2020-03-10 05:40:45 - [TEST_STEP][PASSED] - (internal.GlobalVariable.i++): null

2020-03-10 05:40:45 - [MESSAGE][PASSED] - Call Test Case 'Test Cases/AHI/_include/get_screenshot' successfully

2020-03-10 05:40:45 - [TEST_STEP][PASSED] - click(findTestObject("mobileSanity/Dental/filter/btn_filter")): Object: 'Object Repository/mobileSanity/Dental/filter/btn_filter' is clicked on

2020-03-10 05:40:45 - [MESSAGE][PASSED] - Object: 'Object Repository/mobileSanity/Dental/filter/btn_filter' is clicked on

2020-03-10 05:40:45 - [TEST_STEP][PASSED] - waitForElementVisible(findTestObject("mobileSanity/Dental/filter/btn_company"), 10): Object 'Object Repository/mobileSanity/Dental/filter/btn_company' is visible

2020-03-10 05:40:45 - [MESSAGE][PASSED] - Object 'Object Repository/mobileSanity/Dental/filter/btn_company' is visible

2020-03-10 05:40:45 - [TEST_STEP][PASSED] - click(findTestObject("mobileSanity/Dental/filter/btn_company")): Object: 'Object Repository/mobileSanity/Dental/filter/btn_company' is clicked on

2020-03-10 05:40:45 - [MESSAGE][PASSED] - Object: 'Object Repository/mobileSanity/Dental/filter/btn_company' is clicked on

2020-03-10 05:40:45 - [TEST_STEP][PASSED] - Thread.sleep(2000): null

2020-03-10 05:40:47 - [TEST_STEP][PASSED] - click(findTestObject("mobileSanity/Dental/filter/btn_ng")): Object: 'Object Repository/mobileSanity/Dental/filter/btn_ng' is clicked on

2020-03-10 05:40:47 - [MESSAGE][PASSED] - Object: 'Object Repository/mobileSanity/Dental/filter/btn_ng' is clicked on

2020-03-10 05:40:47 - [TEST_STEP][PASSED] - waitForJQueryLoad(20, STOP_ON_FAILURE): jQuery is ready.

2020-03-10 05:40:49 - [MESSAGE][PASSED] - jQuery is ready.

2020-03-10 05:40:49 - [TEST_STEP][PASSED] - callTestCase(findTestCase("AHI/_include/get_screenshot"), [:], STOP_ON_FAILURE): Call Test Case 'Test Cases/AHI/_include/get_screenshot' successfully

2020-03-10 05:40:49 - [TEST_CASE][PASSED] - Test Cases/AHI/_include/get_screenshot: Test Cases/AHI/_include/get_screenshot

2020-03-10 05:40:49 - [TEST_STEP][PASSED] - Thread.sleep(1000): null

2020-03-10 05:40:50 - [TEST_STEP][PASSED] - takeScreenshot(screenPath + i + ".png"): Taking screenshot successfully

2020-03-10 05:40:50 - [MESSAGE][PASSED] - Taking screenshot successfully
[[ATTACHMENT|D:\\Test\\AgileTest\\Reports\\AHI\\ahi\\20200310_052754\\../Screenshots/iPhone 6/AHI/Dental - National General/20200310_054033/3.png]]

2020-03-10 05:40:50 - [TEST_STEP][PASSED] - (internal.GlobalVariable.i++): null

2020-03-10 05:40:50 - [MESSAGE][PASSED] - Call Test Case 'Test Cases/AHI/_include/get_screenshot' successfully

2020-03-10 05:40:50 - [TEST_STEP][PASSED] - click(findTestObject("mobileSanity/Dental/filter/btn_filter")): Object: 'Object Repository/mobileSanity/Dental/filter/btn_filter' is clicked on

2020-03-10 05:40:51 - [MESSAGE][PASSED] - Object: 'Object Repository/mobileSanity/Dental/filter/btn_filter' is clicked on

2020-03-10 05:40:51 - [TEST_STEP][PASSED] - Thread.sleep(2000): null

2020-03-10 05:40:53 - [TEST_STEP][PASSED] - scrollToPosition(0, 600): Browser is scrolled to position x = 0, y = 600

2020-03-10 05:40:53 - [MESSAGE][PASSED] - Browser is scrolled to position x = 0, y = 600

2020-03-10 05:40:53 - [TEST_STEP][PASSED] - Thread.sleep(2000): null

2020-03-10 05:40:55 - [TEST_STEP][PASSED] - click(findTestObject("mobileSanity/Dental/quote/a_Select This Plan")): Object: 'Object Repository/mobileSanity/Dental/quote/a_Select This Plan' is clicked on

2020-03-10 05:40:56 - [MESSAGE][PASSED] - Object: 'Object Repository/mobileSanity/Dental/quote/a_Select This Plan' is clicked on

2020-03-10 05:40:56 - [TEST_STEP][PASSED] - waitForPageLoad(10): Wait for page load successfully

2020-03-10 05:40:56 - [MESSAGE][PASSED] - Wait for page load successfully

2020-03-10 05:40:56 - [TEST_STEP][PASSED] - callTestCase(findTestCase("AHI/_include/get_screenshot"), [:], STOP_ON_FAILURE): Call Test Case 'Test Cases/AHI/_include/get_screenshot' successfully

2020-03-10 05:40:56 - [TEST_CASE][PASSED] - Test Cases/AHI/_include/get_screenshot: Test Cases/AHI/_include/get_screenshot

2020-03-10 05:40:56 - [TEST_STEP][PASSED] - Thread.sleep(1000): null

2020-03-10 05:40:57 - [TEST_STEP][PASSED] - takeScreenshot(screenPath + i + ".png"): Taking screenshot successfully

2020-03-10 05:40:58 - [MESSAGE][PASSED] - Taking screenshot successfully
[[ATTACHMENT|D:\\Test\\AgileTest\\Reports\\AHI\\ahi\\20200310_052754\\../Screenshots/iPhone 6/AHI/Dental - National General/20200310_054033/4.png]]

2020-03-10 05:40:58 - [TEST_STEP][PASSED] - (internal.GlobalVariable.i++): null

2020-03-10 05:40:58 - [MESSAGE][PASSED] - Call Test Case 'Test Cases/AHI/_include/get_screenshot' successfully

2020-03-10 05:40:58 - [TEST_STEP][PASSED] - Thread.sleep(3000): null

2020-03-10 05:41:01 - [TEST_STEP][PASSED] - click(findTestObject("mobileSanity/Dental/apply/span_Start Secure Application")): Object: 'Object Repository/mobileSanity/Dental/apply/span_Start Secure Application' is clicked on

2020-03-10 05:41:01 - [MESSAGE][PASSED] - Object: 'Object Repository/mobileSanity/Dental/apply/span_Start Secure Application' is clicked on

2020-03-10 05:41:01 - [TEST_STEP][PASSED] - for ([second = 0, second < 20, (second++)]): null

2020-03-10 05:41:01 - [TEST_STEP][PASSED] - try: null

2020-03-10 05:41:01 - [TEST_STEP][PASSED] - if (selenium.isElementPresent("id=member-P-1-firstName")): null

2020-03-10 05:41:02 - [TEST_STEP][PASSED] - break: null

2020-03-10 05:41:02 - [TEST_STEP][PASSED] - callTestCase(findTestCase("AHI/_include/get_screenshot"), [:], STOP_ON_FAILURE): Call Test Case 'Test Cases/AHI/_include/get_screenshot' successfully

2020-03-10 05:41:02 - [TEST_CASE][PASSED] - Test Cases/AHI/_include/get_screenshot: Test Cases/AHI/_include/get_screenshot

2020-03-10 05:41:02 - [TEST_STEP][PASSED] - Thread.sleep(1000): null

2020-03-10 05:41:03 - [TEST_STEP][PASSED] - takeScreenshot(screenPath + i + ".png"): Taking screenshot successfully

2020-03-10 05:41:04 - [MESSAGE][PASSED] - Taking screenshot successfully
[[ATTACHMENT|D:\\Test\\AgileTest\\Reports\\AHI\\ahi\\20200310_052754\\../Screenshots/iPhone 6/AHI/Dental - National General/20200310_054033/5.png]]

2020-03-10 05:41:04 - [TEST_STEP][PASSED] - (internal.GlobalVariable.i++): null

2020-03-10 05:41:04 - [MESSAGE][PASSED] - Call Test Case 'Test Cases/AHI/_include/get_screenshot' successfully

2020-03-10 05:41:04 - [TEST_STEP][PASSED] - callTestCase(findTestCase("AHI/_include/name"), [:], CONTINUE_ON_FAILURE): Call Test Case 'Test Cases/AHI/_include/name' successfully

2020-03-10 05:41:04 - [TEST_CASE][PASSED] - Test Cases/AHI/_include/name: Test Cases/AHI/_include/name

2020-03-10 05:41:04 - [TEST_STEP][PASSED] - driver = getWebDriver(): null

2020-03-10 05:41:04 - [TEST_STEP][PASSED] - selenium = new com.thoughtworks.selenium.webdriven.WebDriverBackedSelenium(driver, internal.GlobalVariable.ENV): null

2020-03-10 05:41:04 - [TEST_STEP][PASSED] - FirstName = "Test-123": null

2020-03-10 05:41:04 - [TEST_STEP][PASSED] - LastName = selenium.getEval("{var x="ABCDEFGHIJKLMNOPQRSTUVWXYZabcdefghijklmnopqrstuvwxyz"; var tmp="ZZ11-"; for (i=0;i<8;i++) tmp+=x.charAt(Math.ceil(51*Math.random()));tmp;}"): null

2020-03-10 05:41:04 - [TEST_STEP][PASSED] - Address = selenium.getEval("{var x="ABCDEFGHIJKLMNOPQRSTUVWXYZabcdefghijklmnopqrstuvwxyz"; var tmp=""; for (i=0;i<8;i++) tmp+=x.charAt(Math.ceil(51*Math.random()));tmp;}"): null

2020-03-10 05:41:04 - [TEST_STEP][PASSED] - City = selenium.getEval("{var x="ABCDEFGHIJKLMNOPQRSTUVWXYZabcdefghijklmnopqrstuvwxyz"; var tmp=""; for (i=0;i<8;i++) tmp+=x.charAt(Math.ceil(51*Math.random()));tmp;}"): null

2020-03-10 05:41:04 - [TEST_STEP][PASSED] - tel1 = selenium.getEval("{var x="123456789"; var tmp=""; for (i=0;i<3;i++) tmp+=x.charAt(Math.ceil(8*Math.random()));tmp;}"): null

2020-03-10 05:41:04 - [TEST_STEP][PASSED] - tel2 = selenium.getEval("{var x="123456789"; var tmp=""; for (i=0;i<3;i++) tmp+=x.charAt(Math.ceil(8*Math.random()));tmp;}"): null

2020-03-10 05:41:04 - [TEST_STEP][PASSED] - tel3 = selenium.getEval("{var x="123456789"; var tmp=""; for (i=0;i<4;i++) tmp+=x.charAt(Math.ceil(8*Math.random()));tmp;}"): null

2020-03-10 05:41:04 - [TEST_STEP][PASSED] - Tel = selenium.getExpression(tel1 + "-" + tel2 + "-" + tel3): null

2020-03-10 05:41:04 - [TEST_STEP][PASSED] - AutoEmail = selenium.getEval("{var x="ABCDEFGHIJKLMNOPQRSTUVWXYZabcdefghijklmnopqrstuvwxyz"; var tmp="test."; for (i=0;i<8;i++) tmp+=x.charAt(Math.ceil(51*Math.random()));tmp+="@suryani.cn";}"): null

2020-03-10 05:41:04 - [TEST_STEP][PASSED] - FirstName = FirstName: null

2020-03-10 05:41:04 - [TEST_STEP][PASSED] - LastName = LastName: null

2020-03-10 05:41:04 - [TEST_STEP][PASSED] - Address = Address: null

2020-03-10 05:41:04 - [TEST_STEP][PASSED] - City = City: null

2020-03-10 05:41:04 - [TEST_STEP][PASSED] - Tel = Tel: null

2020-03-10 05:41:04 - [TEST_STEP][PASSED] - AutoEmail = AutoEmail: null

2020-03-10 05:41:04 - [TEST_STEP][PASSED] - println(FirstName): null

2020-03-10 05:41:04 - [TEST_STEP][PASSED] - println(LastName): null

2020-03-10 05:41:04 - [TEST_STEP][PASSED] - println(Address): null

2020-03-10 05:41:04 - [TEST_STEP][PASSED] - println(City): null

2020-03-10 05:41:04 - [TEST_STEP][PASSED] - println(Tel): null

2020-03-10 05:41:04 - [TEST_STEP][PASSED] - println(AutoEmail): null

2020-03-10 05:41:04 - [MESSAGE][PASSED] - Call Test Case 'Test Cases/AHI/_include/name' successfully

2020-03-10 05:41:04 - [TEST_STEP][PASSED] - Thread.sleep(3000): null

2020-03-10 05:41:07 - [TEST_STEP][PASSED] - setText(findTestObject("mobileSanity/Dental/app_page1/input__member-P-1-firstName"), FirstName): Text 'Test-123' is set on object 'Object Repository/mobileSanity/Dental/app_page1/input__member-P-1-firstName'

2020-03-10 05:41:07 - [MESSAGE][PASSED] - Text 'Test-123' is set on object 'Object Repository/mobileSanity/Dental/app_page1/input__member-P-1-firstName'

2020-03-10 05:41:07 - [TEST_STEP][PASSED] - setText(findTestObject("mobileSanity/Dental/app_page1/input__member-P-1-lastName"), LastName): Text 'ZZ11-zmcBHyBj' is set on object 'Object Repository/mobileSanity/Dental/app_page1/input__member-P-1-lastName'

2020-03-10 05:41:08 - [MESSAGE][PASSED] - Text 'ZZ11-zmcBHyBj' is set on object 'Object Repository/mobileSanity/Dental/app_page1/input__member-P-1-lastName'

2020-03-10 05:41:08 - [TEST_STEP][PASSED] - setText(findTestObject("mobileSanity/Dental/app_page1/input__address"), Address): Text 'vqQYqZmN' is set on object 'Object Repository/mobileSanity/Dental/app_page1/input__address'

2020-03-10 05:41:09 - [MESSAGE][PASSED] - Text 'vqQYqZmN' is set on object 'Object Repository/mobileSanity/Dental/app_page1/input__address'

2020-03-10 05:41:09 - [TEST_STEP][PASSED] - setText(findTestObject("mobileSanity/Dental/app_page1/input__city"), City): Text 'zFkKFXXd' is set on object 'Object Repository/mobileSanity/Dental/app_page1/input__city'

2020-03-10 05:41:09 - [MESSAGE][PASSED] - Text 'zFkKFXXd' is set on object 'Object Repository/mobileSanity/Dental/app_page1/input__city'

2020-03-10 05:41:09 - [TEST_STEP][PASSED] - setText(findTestObject("mobileSanity/Dental/app_page1/input__email"), AutoEmail): Text 'test.eEMqYxYF@suryani.cn' is set on object 'Object Repository/mobileSanity/Dental/app_page1/input__email'

2020-03-10 05:41:09 - [MESSAGE][PASSED] - Text 'test.eEMqYxYF@suryani.cn' is set on object 'Object Repository/mobileSanity/Dental/app_page1/input__email'

2020-03-10 05:41:09 - [TEST_STEP][PASSED] - setText(findTestObject("mobileSanity/Dental/app_page1/input_phone"), Tel): Text '929-728-2997' is set on object 'Object Repository/mobileSanity/Dental/app_page1/input_phone'

2020-03-10 05:41:10 - [MESSAGE][PASSED] - Text '929-728-2997' is set on object 'Object Repository/mobileSanity/Dental/app_page1/input_phone'

2020-03-10 05:41:10 - [TEST_STEP][PASSED] - click(findTestObject("mobileSanity/Dental/app_page1/a_Continue to Step 2 - Payment")): Object: 'Object Repository/mobileSanity/Dental/app_page1/a_Continue to Step 2 - Payment' is clicked on

2020-03-10 05:41:10 - [MESSAGE][PASSED] - Object: 'Object Repository/mobileSanity/Dental/app_page1/a_Continue to Step 2 - Payment' is clicked on

2020-03-10 05:41:10 - [TEST_STEP][PASSED] - for ([second = 0, second < 20, (second++)]): null

2020-03-10 05:41:10 - [TEST_STEP][PASSED] - try: null

2020-03-10 05:41:10 - [TEST_STEP][PASSED] - if (selenium.isElementPresent("id=credit-card-number")): null

2020-03-10 05:41:10 - [TEST_STEP][PASSED] - break: null

2020-03-10 05:41:10 - [TEST_STEP][PASSED] - callTestCase(findTestCase("AHI/_include/get_screenshot"), [:], STOP_ON_FAILURE): Call Test Case 'Test Cases/AHI/_include/get_screenshot' successfully

2020-03-10 05:41:10 - [TEST_CASE][PASSED] - Test Cases/AHI/_include/get_screenshot: Test Cases/AHI/_include/get_screenshot

2020-03-10 05:41:10 - [TEST_STEP][PASSED] - Thread.sleep(1000): null

2020-03-10 05:41:11 - [TEST_STEP][PASSED] - takeScreenshot(screenPath + i + ".png"): Taking screenshot successfully

2020-03-10 05:41:12 - [MESSAGE][PASSED] - Taking screenshot successfully
[[ATTACHMENT|D:\\Test\\AgileTest\\Reports\\AHI\\ahi\\20200310_052754\\../Screenshots/iPhone 6/AHI/Dental - National General/20200310_054033/6.png]]

2020-03-10 05:41:12 - [TEST_STEP][PASSED] - (internal.GlobalVariable.i++): null

2020-03-10 05:41:12 - [MESSAGE][PASSED] - Call Test Case 'Test Cases/AHI/_include/get_screenshot' successfully

2020-03-10 05:41:12 - [TEST_STEP][PASSED] - setText(findTestObject("mobileSanity/Dental/app_page2/input__credit-card-first"), FirstName): Text 'Test-123' is set on object 'Object Repository/mobileSanity/Dental/app_page2/input__credit-card-first'

2020-03-10 05:41:12 - [MESSAGE][PASSED] - Text 'Test-123' is set on object 'Object Repository/mobileSanity/Dental/app_page2/input__credit-card-first'

2020-03-10 05:41:12 - [TEST_STEP][PASSED] - setText(findTestObject("mobileSanity/Dental/app_page2/input__credit-card-last"), LastName): Text 'ZZ11-zmcBHyBj' is set on object 'Object Repository/mobileSanity/Dental/app_page2/input__credit-card-last'

2020-03-10 05:41:12 - [MESSAGE][PASSED] - Text 'ZZ11-zmcBHyBj' is set on object 'Object Repository/mobileSanity/Dental/app_page2/input__credit-card-last'

2020-03-10 05:41:12 - [TEST_STEP][PASSED] - selectOptionByValue(findTestObject("mobileSanity/Dental/app_page2/select_MM010203040506070809101"), "12", true): All options with value '12' are selected in object 'Object Repository/mobileSanity/Dental/app_page2/select_MM010203040506070809101'  using regular expression

2020-03-10 05:41:13 - [MESSAGE][PASSED] - All options with value '12' are selected in object 'Object Repository/mobileSanity/Dental/app_page2/select_MM010203040506070809101'  using regular expression

2020-03-10 05:41:13 - [TEST_STEP][PASSED] - selectOptionByValue(findTestObject("mobileSanity/Dental/app_page2/select_YYYY2019202020212022202"), "2026", true): All options with value '2026' are selected in object 'Object Repository/mobileSanity/Dental/app_page2/select_YYYY2019202020212022202'  using regular expression

2020-03-10 05:41:14 - [MESSAGE][PASSED] - All options with value '2026' are selected in object 'Object Repository/mobileSanity/Dental/app_page2/select_YYYY2019202020212022202'  using regular expression

2020-03-10 05:41:14 - [TEST_STEP][PASSED] - setText(findTestObject("mobileSanity/Dental/app_page2/input__credit-card-number"), "4111111111111111"): Text '4111111111111111' is set on object 'Object Repository/mobileSanity/Dental/app_page2/input__credit-card-number'

2020-03-10 05:41:14 - [MESSAGE][PASSED] - Text '4111111111111111' is set on object 'Object Repository/mobileSanity/Dental/app_page2/input__credit-card-number'

2020-03-10 05:41:14 - [TEST_STEP][PASSED] - setText(findTestObject("mobileSanity/Dental/app_page2/input__cvv"), "123"): Text '123' is set on object 'Object Repository/mobileSanity/Dental/app_page2/input__cvv'

2020-03-10 05:41:15 - [MESSAGE][PASSED] - Text '123' is set on object 'Object Repository/mobileSanity/Dental/app_page2/input__cvv'

2020-03-10 05:41:15 - [TEST_STEP][PASSED] - click(findTestObject("mobileSanity/Dental/app_page2/label_My billing address is th")): Object: 'Object Repository/mobileSanity/Dental/app_page2/label_My billing address is th' is clicked on

2020-03-10 05:41:15 - [MESSAGE][PASSED] - Object: 'Object Repository/mobileSanity/Dental/app_page2/label_My billing address is th' is clicked on

2020-03-10 05:41:15 - [TEST_STEP][PASSED] - click(findTestObject("mobileSanity/Dental/app_page2/label_I Accept Authorization f")): Object: 'Object Repository/mobileSanity/Dental/app_page2/label_I Accept Authorization f' is clicked on

2020-03-10 05:41:15 - [MESSAGE][PASSED] - Object: 'Object Repository/mobileSanity/Dental/app_page2/label_I Accept Authorization f' is clicked on

2020-03-10 05:41:15 - [TEST_STEP][PASSED] - click(findTestObject("mobileSanity/Dental/app_page2/a_Continue to Step 3 - Review")): Object: 'Object Repository/mobileSanity/Dental/app_page2/a_Continue to Step 3 - Review' is clicked on

2020-03-10 05:41:15 - [MESSAGE][PASSED] - Object: 'Object Repository/mobileSanity/Dental/app_page2/a_Continue to Step 3 - Review' is clicked on

2020-03-10 05:41:15 - [TEST_STEP][PASSED] - for ([second = 0, second < 20, (second++)]): null

2020-03-10 05:41:15 - [TEST_STEP][PASSED] - try: null

2020-03-10 05:41:15 - [TEST_STEP][PASSED] - if (selenium.isElementPresent("id=consent-checkbox-0")): null

2020-03-10 05:41:16 - [TEST_STEP][PASSED] - Thread.sleep(1000): null

2020-03-10 05:41:17 - [TEST_STEP][PASSED] - try: null

2020-03-10 05:41:17 - [TEST_STEP][PASSED] - if (selenium.isElementPresent("id=consent-checkbox-0")): null

2020-03-10 05:41:17 - [TEST_STEP][PASSED] - break: null

2020-03-10 05:41:17 - [TEST_STEP][PASSED] - waitForElementClickable(findTestObject("mobileSanity/Dental/app_page3/label"), 20): Object 'Object Repository/mobileSanity/Dental/app_page3/label' is clickable

2020-03-10 05:41:17 - [MESSAGE][PASSED] - Object 'Object Repository/mobileSanity/Dental/app_page3/label' is clickable

2020-03-10 05:41:17 - [TEST_STEP][PASSED] - callTestCase(findTestCase("AHI/_include/get_screenshot"), [:], STOP_ON_FAILURE): Call Test Case 'Test Cases/AHI/_include/get_screenshot' successfully

2020-03-10 05:41:17 - [TEST_CASE][PASSED] - Test Cases/AHI/_include/get_screenshot: Test Cases/AHI/_include/get_screenshot

2020-03-10 05:41:17 - [TEST_STEP][PASSED] - Thread.sleep(1000): null

2020-03-10 05:41:18 - [TEST_STEP][PASSED] - takeScreenshot(screenPath + i + ".png"): Taking screenshot successfully

2020-03-10 05:41:19 - [MESSAGE][PASSED] - Taking screenshot successfully
[[ATTACHMENT|D:\\Test\\AgileTest\\Reports\\AHI\\ahi\\20200310_052754\\../Screenshots/iPhone 6/AHI/Dental - National General/20200310_054033/7.png]]

2020-03-10 05:41:19 - [TEST_STEP][PASSED] - (internal.GlobalVariable.i++): null

2020-03-10 05:41:19 - [MESSAGE][PASSED] - Call Test Case 'Test Cases/AHI/_include/get_screenshot' successfully

2020-03-10 05:41:19 - [TEST_STEP][PASSED] - click(findTestObject("mobileSanity/Dental/app_page3/label")): Object: 'Object Repository/mobileSanity/Dental/app_page3/label' is clicked on

2020-03-10 05:41:19 - [MESSAGE][PASSED] - Object: 'Object Repository/mobileSanity/Dental/app_page3/label' is clicked on

2020-03-10 05:41:19 - [TEST_STEP][PASSED] - click(findTestObject("mobileSanity/Dental/app_page3/p_CLICK TO SIGN")): Object: 'Object Repository/mobileSanity/Dental/app_page3/p_CLICK TO SIGN' is clicked on

2020-03-10 05:41:19 - [MESSAGE][PASSED] - Object: 'Object Repository/mobileSanity/Dental/app_page3/p_CLICK TO SIGN' is clicked on

2020-03-10 05:41:19 - [TEST_STEP][PASSED] - click(findTestObject("mobileSanity/Dental/app_page3/a_Submit Your Application")): Object: 'Object Repository/mobileSanity/Dental/app_page3/a_Submit Your Application' is clicked on

2020-03-10 05:41:19 - [MESSAGE][PASSED] - Object: 'Object Repository/mobileSanity/Dental/app_page3/a_Submit Your Application' is clicked on

2020-03-10 05:41:19 - [TEST_STEP][PASSED] - for ([second = 0, second < 30, (second++)]): null

2020-03-10 05:41:19 - [TEST_STEP][PASSED] - try: null

2020-03-10 05:41:19 - [TEST_STEP][PASSED] - if (selenium.isElementPresent("id=app-confirmation")): null

2020-03-10 05:41:19 - [TEST_STEP][PASSED] - Thread.sleep(1000): null

2020-03-10 05:41:20 - [TEST_STEP][PASSED] - try: null

2020-03-10 05:41:20 - [TEST_STEP][PASSED] - if (selenium.isElementPresent("id=app-confirmation")): null

2020-03-10 05:41:20 - [TEST_STEP][PASSED] - Thread.sleep(1000): null

2020-03-10 05:41:21 - [TEST_STEP][PASSED] - try: null

2020-03-10 05:41:21 - [TEST_STEP][PASSED] - if (selenium.isElementPresent("id=app-confirmation")): null

2020-03-10 05:41:21 - [TEST_STEP][PASSED] - Thread.sleep(1000): null

2020-03-10 05:41:23 - [TEST_STEP][PASSED] - try: null

2020-03-10 05:41:23 - [TEST_STEP][PASSED] - if (selenium.isElementPresent("id=app-confirmation")): null

2020-03-10 05:41:23 - [TEST_STEP][PASSED] - break: null

2020-03-10 05:41:23 - [TEST_STEP][PASSED] - callTestCase(findTestCase("AHI/_include/get_screenshot"), [:], STOP_ON_FAILURE): Call Test Case 'Test Cases/AHI/_include/get_screenshot' successfully

2020-03-10 05:41:23 - [TEST_CASE][PASSED] - Test Cases/AHI/_include/get_screenshot: Test Cases/AHI/_include/get_screenshot

2020-03-10 05:41:23 - [TEST_STEP][PASSED] - Thread.sleep(1000): null

2020-03-10 05:41:24 - [TEST_STEP][PASSED] - takeScreenshot(screenPath + i + ".png"): Taking screenshot successfully

2020-03-10 05:41:24 - [MESSAGE][PASSED] - Taking screenshot successfully
[[ATTACHMENT|D:\\Test\\AgileTest\\Reports\\AHI\\ahi\\20200310_052754\\../Screenshots/iPhone 6/AHI/Dental - National General/20200310_054033/8.png]]

2020-03-10 05:41:24 - [TEST_STEP][PASSED] - (internal.GlobalVariable.i++): null

2020-03-10 05:41:24 - [MESSAGE][PASSED] - Call Test Case 'Test Cases/AHI/_include/get_screenshot' successfully]]></system-out>
         <system-err><![CDATA[]]></system-err>
      </testcase>
      <testcase name="Test Cases/AHI/NEW/Dental/USA Access" classname="Test Cases/AHI/NEW/Dental/USA Access" status="PASSED">
         <system-out><![CDATA[2020-03-10 05:41:24 - [TEST_CASE][PASSED] - Test Cases/AHI/NEW/Dental/USA Access: Test Cases/AHI/NEW/Dental/USA Access

2020-03-10 05:41:25 - [TEST_STEP][PASSED] - callTestCase(findTestCase("AHI/_include/get_screenPath"), ["productLine":"AHI", "carrierName":"Dental - USA Access"], CONTINUE_ON_FAILURE): Call Test Case 'Test Cases/AHI/_include/get_screenPath' successfully

2020-03-10 05:41:25 - [TEST_CASE][PASSED] - Test Cases/AHI/_include/get_screenPath: Test Cases/AHI/_include/get_screenPath

2020-03-10 05:41:25 - [TEST_STEP][PASSED] - m = getExecutionProperties(): null

2020-03-10 05:41:25 - [TEST_STEP][PASSED] - deviceName = get("mobileEmulation").get("deviceName"): null

2020-03-10 05:41:25 - [TEST_STEP][PASSED] - println(deviceName): null

2020-03-10 05:41:25 - [TEST_STEP][PASSED] - now = new java.util.Date(): null

2020-03-10 05:41:25 - [TEST_STEP][PASSED] - mydate = now.format("yyyyMMdd_HHmmss"): null

2020-03-10 05:41:25 - [TEST_STEP][PASSED] - screenPath = "../Screenshots/": null

2020-03-10 05:41:25 - [TEST_STEP][PASSED] - screenPath = screenPath + deviceName + "/" + productLine + "/" + carrierName + "/" + mydate + "/": null

2020-03-10 05:41:25 - [TEST_STEP][PASSED] - println(screenPath): null

2020-03-10 05:41:25 - [MESSAGE][PASSED] - Call Test Case 'Test Cases/AHI/_include/get_screenPath' successfully

2020-03-10 05:41:25 - [TEST_STEP][PASSED] - i = 0: null

2020-03-10 05:41:25 - [TEST_STEP][PASSED] - callTestCase(findTestCase("AHI/_include/openWebSite"), [:], STOP_ON_FAILURE): Call Test Case 'Test Cases/AHI/_include/openWebSite' successfully

2020-03-10 05:41:25 - [TEST_CASE][PASSED] - Test Cases/AHI/_include/openWebSite: Test Cases/AHI/_include/openWebSite

2020-03-10 05:41:25 - [TEST_STEP][PASSED] - openBrowser(env): Browser is opened with url: 'https://praetemptatus.agilehealthinsurance.com'

2020-03-10 05:41:26 - [MESSAGE][WARNING] - A browser is already opened. Closing browser and opening a new one

2020-03-10 05:41:27 - [MESSAGE][INFO] - Starting 'Chrome' driver

2020-03-10 05:41:27 - [MESSAGE][INFO] - User set preference: ['mobileEmulation', '{deviceName=iPhone 6}']

2020-03-10 05:41:27 - [MESSAGE][INFO] - User set preference: ['args', '[--incognito, --aggressive-cache-discard, --window-size=375,677, --no-sandbox, --ignore-certificate-errors]']

2020-03-10 05:41:31 - [MESSAGE][PASSED] - Browser is opened with url: 'https://praetemptatus.agilehealthinsurance.com'

2020-03-10 05:41:31 - [TEST_STEP][PASSED] - waitForPageLoad(20): Wait for page load successfully

2020-03-10 05:41:34 - [MESSAGE][PASSED] - Wait for page load successfully

2020-03-10 05:41:34 - [TEST_STEP][PASSED] - callTestCase(findTestCase("AHI/_include/get_screenshot"), [:], STOP_ON_FAILURE): Call Test Case 'Test Cases/AHI/_include/get_screenshot' successfully

2020-03-10 05:41:34 - [TEST_CASE][PASSED] - Test Cases/AHI/_include/get_screenshot: Test Cases/AHI/_include/get_screenshot

2020-03-10 05:41:34 - [TEST_STEP][PASSED] - Thread.sleep(1000): null

2020-03-10 05:41:35 - [TEST_STEP][PASSED] - takeScreenshot(screenPath + i + ".png"): Taking screenshot successfully

2020-03-10 05:41:36 - [MESSAGE][PASSED] - Taking screenshot successfully
[[ATTACHMENT|D:\\Test\\AgileTest\\Reports\\AHI\\ahi\\20200310_052754\\../Screenshots/iPhone 6/AHI/Dental - USA Access/20200310_054125/0.png]]

2020-03-10 05:41:36 - [TEST_STEP][PASSED] - (internal.GlobalVariable.i++): null

2020-03-10 05:41:36 - [MESSAGE][PASSED] - Call Test Case 'Test Cases/AHI/_include/get_screenshot' successfully

2020-03-10 05:41:36 - [MESSAGE][PASSED] - Call Test Case 'Test Cases/AHI/_include/openWebSite' successfully

2020-03-10 05:41:36 - [TEST_STEP][PASSED] - driver = getWebDriver(): null

2020-03-10 05:41:36 - [TEST_STEP][PASSED] - baseUrl = ENV: null

2020-03-10 05:41:36 - [TEST_STEP][PASSED] - selenium = new com.thoughtworks.selenium.webdriven.WebDriverBackedSelenium(driver, baseUrl): null

2020-03-10 05:41:36 - [TEST_STEP][PASSED] - selenium.click("//*[@class='filter-option-inner-inner']"): null

2020-03-10 05:41:36 - [TEST_STEP][PASSED] - selenium.click("id=bs-select-1-2"): null

2020-03-10 05:41:36 - [TEST_STEP][PASSED] - selenium.click("id=primaryCTA"): null

2020-03-10 05:41:39 - [TEST_STEP][PASSED] - for ([second = 0, second < 20, (second++)]): null

2020-03-10 05:41:39 - [TEST_STEP][PASSED] - try: null

2020-03-10 05:41:39 - [TEST_STEP][PASSED] - if (selenium.isElementPresent("id=zip-input")): null

2020-03-10 05:41:39 - [TEST_STEP][PASSED] - break: null

2020-03-10 05:41:39 - [TEST_STEP][PASSED] - callTestCase(findTestCase("AHI/_include/get_screenshot"), [:], STOP_ON_FAILURE): Call Test Case 'Test Cases/AHI/_include/get_screenshot' successfully

2020-03-10 05:41:39 - [TEST_CASE][PASSED] - Test Cases/AHI/_include/get_screenshot: Test Cases/AHI/_include/get_screenshot

2020-03-10 05:41:39 - [TEST_STEP][PASSED] - Thread.sleep(1000): null

2020-03-10 05:41:40 - [TEST_STEP][PASSED] - takeScreenshot(screenPath + i + ".png"): Taking screenshot successfully

2020-03-10 05:41:41 - [MESSAGE][PASSED] - Taking screenshot successfully
[[ATTACHMENT|D:\\Test\\AgileTest\\Reports\\AHI\\ahi\\20200310_052754\\../Screenshots/iPhone 6/AHI/Dental - USA Access/20200310_054125/1.png]]

2020-03-10 05:41:41 - [TEST_STEP][PASSED] - (internal.GlobalVariable.i++): null

2020-03-10 05:41:41 - [MESSAGE][PASSED] - Call Test Case 'Test Cases/AHI/_include/get_screenshot' successfully

2020-03-10 05:41:41 - [TEST_STEP][PASSED] - setText(findTestObject("mobileSanity/Dental/census/input_Location_zip-input"), "35215"): Text '35215' is set on object 'Object Repository/mobileSanity/Dental/census/input_Location_zip-input'

2020-03-10 05:41:41 - [MESSAGE][PASSED] - Text '35215' is set on object 'Object Repository/mobileSanity/Dental/census/input_Location_zip-input'

2020-03-10 05:41:41 - [TEST_STEP][PASSED] - setText(findTestObject("mobileSanity/Dental/census/input_Date of Birth_dob-0"), "12121980"): Text '12121980' is set on object 'Object Repository/mobileSanity/Dental/census/input_Date of Birth_dob-0'

2020-03-10 05:41:41 - [MESSAGE][PASSED] - Text '12121980' is set on object 'Object Repository/mobileSanity/Dental/census/input_Date of Birth_dob-0'

2020-03-10 05:41:41 - [TEST_STEP][PASSED] - click(findTestObject("mobileSanity/Dental/census/label_Male")): Object: 'Object Repository/mobileSanity/Dental/census/label_Male' is clicked on

2020-03-10 05:41:41 - [MESSAGE][PASSED] - Object: 'Object Repository/mobileSanity/Dental/census/label_Male' is clicked on

2020-03-10 05:41:41 - [TEST_STEP][PASSED] - selenium.click("id=js-see-plans"): null

2020-03-10 05:41:42 - [TEST_STEP][PASSED] - for ([second = 0, second < 20, (second++)]): null

2020-03-10 05:41:42 - [TEST_STEP][PASSED] - try: null

2020-03-10 05:41:42 - [TEST_STEP][PASSED] - if (selenium.isElementPresent("id=js-quote-header")): null

2020-03-10 05:41:43 - [TEST_STEP][PASSED] - break: null

2020-03-10 05:41:43 - [TEST_STEP][PASSED] - callTestCase(findTestCase("AHI/_include/get_screenshot"), [:], STOP_ON_FAILURE): Call Test Case 'Test Cases/AHI/_include/get_screenshot' successfully

2020-03-10 05:41:43 - [TEST_CASE][PASSED] - Test Cases/AHI/_include/get_screenshot: Test Cases/AHI/_include/get_screenshot

2020-03-10 05:41:43 - [TEST_STEP][PASSED] - Thread.sleep(1000): null

2020-03-10 05:41:44 - [TEST_STEP][PASSED] - takeScreenshot(screenPath + i + ".png"): Taking screenshot successfully

2020-03-10 05:41:44 - [MESSAGE][PASSED] - Taking screenshot successfully
[[ATTACHMENT|D:\\Test\\AgileTest\\Reports\\AHI\\ahi\\20200310_052754\\../Screenshots/iPhone 6/AHI/Dental - USA Access/20200310_054125/2.png]]

2020-03-10 05:41:44 - [TEST_STEP][PASSED] - (internal.GlobalVariable.i++): null

2020-03-10 05:41:44 - [MESSAGE][PASSED] - Call Test Case 'Test Cases/AHI/_include/get_screenshot' successfully

2020-03-10 05:41:44 - [TEST_STEP][PASSED] - click(findTestObject("mobileSanity/Dental/filter/btn_filter")): Object: 'Object Repository/mobileSanity/Dental/filter/btn_filter' is clicked on

2020-03-10 05:41:44 - [MESSAGE][PASSED] - Object: 'Object Repository/mobileSanity/Dental/filter/btn_filter' is clicked on

2020-03-10 05:41:44 - [TEST_STEP][PASSED] - waitForElementVisible(findTestObject("mobileSanity/Dental/filter/btn_company"), 10): Object 'Object Repository/mobileSanity/Dental/filter/btn_company' is visible

2020-03-10 05:41:44 - [MESSAGE][PASSED] - Object 'Object Repository/mobileSanity/Dental/filter/btn_company' is visible

2020-03-10 05:41:44 - [TEST_STEP][PASSED] - click(findTestObject("mobileSanity/Dental/filter/btn_company")): Object: 'Object Repository/mobileSanity/Dental/filter/btn_company' is clicked on

2020-03-10 05:41:45 - [MESSAGE][PASSED] - Object: 'Object Repository/mobileSanity/Dental/filter/btn_company' is clicked on

2020-03-10 05:41:45 - [TEST_STEP][PASSED] - Thread.sleep(2000): null

2020-03-10 05:41:47 - [TEST_STEP][PASSED] - click(findTestObject("mobileSanity/Dental/filter/btn_usa")): Object: 'Object Repository/mobileSanity/Dental/filter/btn_usa' is clicked on

2020-03-10 05:41:47 - [MESSAGE][PASSED] - Object: 'Object Repository/mobileSanity/Dental/filter/btn_usa' is clicked on

2020-03-10 05:41:47 - [TEST_STEP][PASSED] - waitForJQueryLoad(20, STOP_ON_FAILURE): jQuery is ready.

2020-03-10 05:41:48 - [MESSAGE][PASSED] - jQuery is ready.

2020-03-10 05:41:48 - [TEST_STEP][PASSED] - callTestCase(findTestCase("AHI/_include/get_screenshot"), [:], STOP_ON_FAILURE): Call Test Case 'Test Cases/AHI/_include/get_screenshot' successfully

2020-03-10 05:41:48 - [TEST_CASE][PASSED] - Test Cases/AHI/_include/get_screenshot: Test Cases/AHI/_include/get_screenshot

2020-03-10 05:41:48 - [TEST_STEP][PASSED] - Thread.sleep(1000): null

2020-03-10 05:41:49 - [TEST_STEP][PASSED] - takeScreenshot(screenPath + i + ".png"): Taking screenshot successfully

2020-03-10 05:41:50 - [MESSAGE][PASSED] - Taking screenshot successfully
[[ATTACHMENT|D:\\Test\\AgileTest\\Reports\\AHI\\ahi\\20200310_052754\\../Screenshots/iPhone 6/AHI/Dental - USA Access/20200310_054125/3.png]]

2020-03-10 05:41:50 - [TEST_STEP][PASSED] - (internal.GlobalVariable.i++): null

2020-03-10 05:41:50 - [MESSAGE][PASSED] - Call Test Case 'Test Cases/AHI/_include/get_screenshot' successfully

2020-03-10 05:41:50 - [TEST_STEP][PASSED] - click(findTestObject("mobileSanity/Dental/filter/btn_filter")): Object: 'Object Repository/mobileSanity/Dental/filter/btn_filter' is clicked on

2020-03-10 05:41:50 - [MESSAGE][PASSED] - Object: 'Object Repository/mobileSanity/Dental/filter/btn_filter' is clicked on

2020-03-10 05:41:50 - [TEST_STEP][PASSED] - click(findTestObject("mobileSanity/Dental/quote/a_Select This Plan")): Object: 'Object Repository/mobileSanity/Dental/quote/a_Select This Plan' is clicked on

2020-03-10 05:41:52 - [MESSAGE][PASSED] - Object: 'Object Repository/mobileSanity/Dental/quote/a_Select This Plan' is clicked on

2020-03-10 05:41:52 - [TEST_STEP][PASSED] - waitForPageLoad(10): Wait for page load successfully

2020-03-10 05:41:52 - [MESSAGE][PASSED] - Wait for page load successfully

2020-03-10 05:41:52 - [TEST_STEP][PASSED] - callTestCase(findTestCase("AHI/_include/get_screenshot"), [:], STOP_ON_FAILURE): Call Test Case 'Test Cases/AHI/_include/get_screenshot' successfully

2020-03-10 05:41:52 - [TEST_CASE][PASSED] - Test Cases/AHI/_include/get_screenshot: Test Cases/AHI/_include/get_screenshot

2020-03-10 05:41:52 - [TEST_STEP][PASSED] - Thread.sleep(1000): null

2020-03-10 05:41:53 - [TEST_STEP][PASSED] - takeScreenshot(screenPath + i + ".png"): Taking screenshot successfully

2020-03-10 05:41:53 - [MESSAGE][PASSED] - Taking screenshot successfully
[[ATTACHMENT|D:\\Test\\AgileTest\\Reports\\AHI\\ahi\\20200310_052754\\../Screenshots/iPhone 6/AHI/Dental - USA Access/20200310_054125/4.png]]

2020-03-10 05:41:53 - [TEST_STEP][PASSED] - (internal.GlobalVariable.i++): null

2020-03-10 05:41:53 - [MESSAGE][PASSED] - Call Test Case 'Test Cases/AHI/_include/get_screenshot' successfully

2020-03-10 05:41:53 - [TEST_STEP][PASSED] - Thread.sleep(3000): null

2020-03-10 05:41:56 - [TEST_STEP][PASSED] - click(findTestObject("mobileSanity/Dental/apply/span_Start Secure Application")): Object: 'Object Repository/mobileSanity/Dental/apply/span_Start Secure Application' is clicked on

2020-03-10 05:41:59 - [MESSAGE][PASSED] - Object: 'Object Repository/mobileSanity/Dental/apply/span_Start Secure Application' is clicked on

2020-03-10 05:41:59 - [TEST_STEP][PASSED] - for ([second = 0, second < 20, (second++)]): null

2020-03-10 05:41:59 - [TEST_STEP][PASSED] - try: null

2020-03-10 05:41:59 - [TEST_STEP][PASSED] - if (selenium.isElementPresent("id=member-P-1-firstName")): null

2020-03-10 05:42:00 - [TEST_STEP][PASSED] - break: null

2020-03-10 05:42:00 - [TEST_STEP][PASSED] - callTestCase(findTestCase("AHI/_include/get_screenshot"), [:], STOP_ON_FAILURE): Call Test Case 'Test Cases/AHI/_include/get_screenshot' successfully

2020-03-10 05:42:00 - [TEST_CASE][PASSED] - Test Cases/AHI/_include/get_screenshot: Test Cases/AHI/_include/get_screenshot

2020-03-10 05:42:00 - [TEST_STEP][PASSED] - Thread.sleep(1000): null

2020-03-10 05:42:01 - [TEST_STEP][PASSED] - takeScreenshot(screenPath + i + ".png"): Taking screenshot successfully

2020-03-10 05:42:02 - [MESSAGE][PASSED] - Taking screenshot successfully
[[ATTACHMENT|D:\\Test\\AgileTest\\Reports\\AHI\\ahi\\20200310_052754\\../Screenshots/iPhone 6/AHI/Dental - USA Access/20200310_054125/5.png]]

2020-03-10 05:42:02 - [TEST_STEP][PASSED] - (internal.GlobalVariable.i++): null

2020-03-10 05:42:02 - [MESSAGE][PASSED] - Call Test Case 'Test Cases/AHI/_include/get_screenshot' successfully

2020-03-10 05:42:02 - [TEST_STEP][PASSED] - callTestCase(findTestCase("AHI/_include/name"), [:], CONTINUE_ON_FAILURE): Call Test Case 'Test Cases/AHI/_include/name' successfully

2020-03-10 05:42:02 - [TEST_CASE][PASSED] - Test Cases/AHI/_include/name: Test Cases/AHI/_include/name

2020-03-10 05:42:02 - [TEST_STEP][PASSED] - driver = getWebDriver(): null

2020-03-10 05:42:02 - [TEST_STEP][PASSED] - selenium = new com.thoughtworks.selenium.webdriven.WebDriverBackedSelenium(driver, internal.GlobalVariable.ENV): null

2020-03-10 05:42:02 - [TEST_STEP][PASSED] - FirstName = "Test-123": null

2020-03-10 05:42:02 - [TEST_STEP][PASSED] - LastName = selenium.getEval("{var x="ABCDEFGHIJKLMNOPQRSTUVWXYZabcdefghijklmnopqrstuvwxyz"; var tmp="ZZ11-"; for (i=0;i<8;i++) tmp+=x.charAt(Math.ceil(51*Math.random()));tmp;}"): null

2020-03-10 05:42:02 - [TEST_STEP][PASSED] - Address = selenium.getEval("{var x="ABCDEFGHIJKLMNOPQRSTUVWXYZabcdefghijklmnopqrstuvwxyz"; var tmp=""; for (i=0;i<8;i++) tmp+=x.charAt(Math.ceil(51*Math.random()));tmp;}"): null

2020-03-10 05:42:02 - [TEST_STEP][PASSED] - City = selenium.getEval("{var x="ABCDEFGHIJKLMNOPQRSTUVWXYZabcdefghijklmnopqrstuvwxyz"; var tmp=""; for (i=0;i<8;i++) tmp+=x.charAt(Math.ceil(51*Math.random()));tmp;}"): null

2020-03-10 05:42:02 - [TEST_STEP][PASSED] - tel1 = selenium.getEval("{var x="123456789"; var tmp=""; for (i=0;i<3;i++) tmp+=x.charAt(Math.ceil(8*Math.random()));tmp;}"): null

2020-03-10 05:42:02 - [TEST_STEP][PASSED] - tel2 = selenium.getEval("{var x="123456789"; var tmp=""; for (i=0;i<3;i++) tmp+=x.charAt(Math.ceil(8*Math.random()));tmp;}"): null

2020-03-10 05:42:02 - [TEST_STEP][PASSED] - tel3 = selenium.getEval("{var x="123456789"; var tmp=""; for (i=0;i<4;i++) tmp+=x.charAt(Math.ceil(8*Math.random()));tmp;}"): null

2020-03-10 05:42:02 - [TEST_STEP][PASSED] - Tel = selenium.getExpression(tel1 + "-" + tel2 + "-" + tel3): null

2020-03-10 05:42:02 - [TEST_STEP][PASSED] - AutoEmail = selenium.getEval("{var x="ABCDEFGHIJKLMNOPQRSTUVWXYZabcdefghijklmnopqrstuvwxyz"; var tmp="test."; for (i=0;i<8;i++) tmp+=x.charAt(Math.ceil(51*Math.random()));tmp+="@suryani.cn";}"): null

2020-03-10 05:42:02 - [TEST_STEP][PASSED] - FirstName = FirstName: null

2020-03-10 05:42:02 - [TEST_STEP][PASSED] - LastName = LastName: null

2020-03-10 05:42:02 - [TEST_STEP][PASSED] - Address = Address: null

2020-03-10 05:42:02 - [TEST_STEP][PASSED] - City = City: null

2020-03-10 05:42:02 - [TEST_STEP][PASSED] - Tel = Tel: null

2020-03-10 05:42:02 - [TEST_STEP][PASSED] - AutoEmail = AutoEmail: null

2020-03-10 05:42:02 - [TEST_STEP][PASSED] - println(FirstName): null

2020-03-10 05:42:02 - [TEST_STEP][PASSED] - println(LastName): null

2020-03-10 05:42:02 - [TEST_STEP][PASSED] - println(Address): null

2020-03-10 05:42:02 - [TEST_STEP][PASSED] - println(City): null

2020-03-10 05:42:02 - [TEST_STEP][PASSED] - println(Tel): null

2020-03-10 05:42:02 - [TEST_STEP][PASSED] - println(AutoEmail): null

2020-03-10 05:42:02 - [MESSAGE][PASSED] - Call Test Case 'Test Cases/AHI/_include/name' successfully

2020-03-10 05:42:02 - [TEST_STEP][PASSED] - Thread.sleep(3000): null

2020-03-10 05:42:05 - [TEST_STEP][PASSED] - setText(findTestObject("mobileSanity/Dental/app_page1/input__member-P-1-firstName"), FirstName): Text 'Test-123' is set on object 'Object Repository/mobileSanity/Dental/app_page1/input__member-P-1-firstName'

2020-03-10 05:42:05 - [MESSAGE][PASSED] - Text 'Test-123' is set on object 'Object Repository/mobileSanity/Dental/app_page1/input__member-P-1-firstName'

2020-03-10 05:42:05 - [TEST_STEP][PASSED] - setText(findTestObject("mobileSanity/Dental/app_page1/input__member-P-1-lastName"), LastName): Text 'ZZ11-WHTCeyPq' is set on object 'Object Repository/mobileSanity/Dental/app_page1/input__member-P-1-lastName'

2020-03-10 05:42:06 - [MESSAGE][PASSED] - Text 'ZZ11-WHTCeyPq' is set on object 'Object Repository/mobileSanity/Dental/app_page1/input__member-P-1-lastName'

2020-03-10 05:42:06 - [TEST_STEP][PASSED] - setText(findTestObject("mobileSanity/Dental/app_page1/input__address"), Address): Text 'PNhCsPBL' is set on object 'Object Repository/mobileSanity/Dental/app_page1/input__address'

2020-03-10 05:42:06 - [MESSAGE][PASSED] - Text 'PNhCsPBL' is set on object 'Object Repository/mobileSanity/Dental/app_page1/input__address'

2020-03-10 05:42:06 - [TEST_STEP][PASSED] - setText(findTestObject("mobileSanity/Dental/app_page1/input__city"), City): Text 'jioKPZsD' is set on object 'Object Repository/mobileSanity/Dental/app_page1/input__city'

2020-03-10 05:42:06 - [MESSAGE][PASSED] - Text 'jioKPZsD' is set on object 'Object Repository/mobileSanity/Dental/app_page1/input__city'

2020-03-10 05:42:06 - [TEST_STEP][PASSED] - setText(findTestObject("mobileSanity/Dental/app_page1/input__email"), AutoEmail): Text 'test.NsoKKUcW@suryani.cn' is set on object 'Object Repository/mobileSanity/Dental/app_page1/input__email'

2020-03-10 05:42:07 - [MESSAGE][PASSED] - Text 'test.NsoKKUcW@suryani.cn' is set on object 'Object Repository/mobileSanity/Dental/app_page1/input__email'

2020-03-10 05:42:07 - [TEST_STEP][PASSED] - setText(findTestObject("mobileSanity/Dental/app_page1/input_phone"), Tel): Text '646-989-5334' is set on object 'Object Repository/mobileSanity/Dental/app_page1/input_phone'

2020-03-10 05:42:10 - [MESSAGE][PASSED] - Text '646-989-5334' is set on object 'Object Repository/mobileSanity/Dental/app_page1/input_phone'

2020-03-10 05:42:10 - [TEST_STEP][PASSED] - click(findTestObject("mobileSanity/Dental/app_page1/a_Continue to Step 2 - Payment")): Object: 'Object Repository/mobileSanity/Dental/app_page1/a_Continue to Step 2 - Payment' is clicked on

2020-03-10 05:42:11 - [MESSAGE][PASSED] - Object: 'Object Repository/mobileSanity/Dental/app_page1/a_Continue to Step 2 - Payment' is clicked on

2020-03-10 05:42:11 - [TEST_STEP][PASSED] - for ([second = 0, second < 20, (second++)]): null

2020-03-10 05:42:11 - [TEST_STEP][PASSED] - try: null

2020-03-10 05:42:11 - [TEST_STEP][PASSED] - if (selenium.isElementPresent("id=credit-card-number")): null

2020-03-10 05:42:11 - [TEST_STEP][PASSED] - break: null

2020-03-10 05:42:11 - [TEST_STEP][PASSED] - Thread.sleep(2000): null

2020-03-10 05:42:13 - [TEST_STEP][PASSED] - click(findTestObject("mobileSanity/Dental/app_page2/membership/label_ihaveread")): Object: 'Object Repository/mobileSanity/Dental/app_page2/membership/label_ihaveread' is clicked on

2020-03-10 05:42:13 - [MESSAGE][PASSED] - Object: 'Object Repository/mobileSanity/Dental/app_page2/membership/label_ihaveread' is clicked on

2020-03-10 05:42:13 - [TEST_STEP][PASSED] - click(findTestObject("mobileSanity/Dental/app_page2/membership/a_ok")): Object: 'Object Repository/mobileSanity/Dental/app_page2/membership/a_ok' is clicked on

2020-03-10 05:42:14 - [MESSAGE][PASSED] - Object: 'Object Repository/mobileSanity/Dental/app_page2/membership/a_ok' is clicked on

2020-03-10 05:42:14 - [TEST_STEP][PASSED] - Thread.sleep(3000): null

2020-03-10 05:42:17 - [TEST_STEP][PASSED] - callTestCase(findTestCase("AHI/_include/get_screenshot"), [:], STOP_ON_FAILURE): Call Test Case 'Test Cases/AHI/_include/get_screenshot' successfully

2020-03-10 05:42:17 - [TEST_CASE][PASSED] - Test Cases/AHI/_include/get_screenshot: Test Cases/AHI/_include/get_screenshot

2020-03-10 05:42:17 - [TEST_STEP][PASSED] - Thread.sleep(1000): null

2020-03-10 05:42:18 - [TEST_STEP][PASSED] - takeScreenshot(screenPath + i + ".png"): Taking screenshot successfully

2020-03-10 05:42:18 - [MESSAGE][PASSED] - Taking screenshot successfully
[[ATTACHMENT|D:\\Test\\AgileTest\\Reports\\AHI\\ahi\\20200310_052754\\../Screenshots/iPhone 6/AHI/Dental - USA Access/20200310_054125/6.png]]

2020-03-10 05:42:18 - [TEST_STEP][PASSED] - (internal.GlobalVariable.i++): null

2020-03-10 05:42:18 - [MESSAGE][PASSED] - Call Test Case 'Test Cases/AHI/_include/get_screenshot' successfully

2020-03-10 05:42:18 - [TEST_STEP][PASSED] - setText(findTestObject("mobileSanity/Dental/app_page2/input__credit-card-first"), FirstName): Text 'Test-123' is set on object 'Object Repository/mobileSanity/Dental/app_page2/input__credit-card-first'

2020-03-10 05:42:19 - [MESSAGE][PASSED] - Text 'Test-123' is set on object 'Object Repository/mobileSanity/Dental/app_page2/input__credit-card-first'

2020-03-10 05:42:19 - [TEST_STEP][PASSED] - setText(findTestObject("mobileSanity/Dental/app_page2/input__credit-card-last"), LastName): Text 'ZZ11-WHTCeyPq' is set on object 'Object Repository/mobileSanity/Dental/app_page2/input__credit-card-last'

2020-03-10 05:42:19 - [MESSAGE][PASSED] - Text 'ZZ11-WHTCeyPq' is set on object 'Object Repository/mobileSanity/Dental/app_page2/input__credit-card-last'

2020-03-10 05:42:19 - [TEST_STEP][PASSED] - selectOptionByValue(findTestObject("mobileSanity/Dental/app_page2/select_MM010203040506070809101"), "12", true): All options with value '12' are selected in object 'Object Repository/mobileSanity/Dental/app_page2/select_MM010203040506070809101'  using regular expression

2020-03-10 05:42:20 - [MESSAGE][PASSED] - All options with value '12' are selected in object 'Object Repository/mobileSanity/Dental/app_page2/select_MM010203040506070809101'  using regular expression

2020-03-10 05:42:20 - [TEST_STEP][PASSED] - selectOptionByValue(findTestObject("mobileSanity/Dental/app_page2/select_YYYY2019202020212022202"), "2026", true): All options with value '2026' are selected in object 'Object Repository/mobileSanity/Dental/app_page2/select_YYYY2019202020212022202'  using regular expression

2020-03-10 05:42:20 - [MESSAGE][PASSED] - All options with value '2026' are selected in object 'Object Repository/mobileSanity/Dental/app_page2/select_YYYY2019202020212022202'  using regular expression

2020-03-10 05:42:20 - [TEST_STEP][PASSED] - setText(findTestObject("mobileSanity/Dental/app_page2/input__credit-card-number"), "4111111111111111"): Text '4111111111111111' is set on object 'Object Repository/mobileSanity/Dental/app_page2/input__credit-card-number'

2020-03-10 05:42:21 - [MESSAGE][PASSED] - Text '4111111111111111' is set on object 'Object Repository/mobileSanity/Dental/app_page2/input__credit-card-number'

2020-03-10 05:42:21 - [TEST_STEP][PASSED] - setText(findTestObject("mobileSanity/Dental/app_page2/input__cvv"), "123"): Text '123' is set on object 'Object Repository/mobileSanity/Dental/app_page2/input__cvv'

2020-03-10 05:42:21 - [MESSAGE][PASSED] - Text '123' is set on object 'Object Repository/mobileSanity/Dental/app_page2/input__cvv'

2020-03-10 05:42:21 - [TEST_STEP][PASSED] - click(findTestObject("mobileSanity/Dental/app_page2/label_My billing address is th")): Object: 'Object Repository/mobileSanity/Dental/app_page2/label_My billing address is th' is clicked on

2020-03-10 05:42:21 - [MESSAGE][PASSED] - Object: 'Object Repository/mobileSanity/Dental/app_page2/label_My billing address is th' is clicked on

2020-03-10 05:42:21 - [TEST_STEP][PASSED] - click(findTestObject("mobileSanity/Dental/app_page2/label_I Accept Authorization f")): Object: 'Object Repository/mobileSanity/Dental/app_page2/label_I Accept Authorization f' is clicked on

2020-03-10 05:42:21 - [MESSAGE][PASSED] - Object: 'Object Repository/mobileSanity/Dental/app_page2/label_I Accept Authorization f' is clicked on

2020-03-10 05:42:21 - [TEST_STEP][PASSED] - click(findTestObject("mobileSanity/Dental/app_page2/a_Continue to Step 3 - Review")): Object: 'Object Repository/mobileSanity/Dental/app_page2/a_Continue to Step 3 - Review' is clicked on

2020-03-10 05:42:22 - [MESSAGE][PASSED] - Object: 'Object Repository/mobileSanity/Dental/app_page2/a_Continue to Step 3 - Review' is clicked on

2020-03-10 05:42:22 - [TEST_STEP][PASSED] - for ([second = 0, second < 20, (second++)]): null

2020-03-10 05:42:22 - [TEST_STEP][PASSED] - try: null

2020-03-10 05:42:22 - [TEST_STEP][PASSED] - if (selenium.isElementPresent("id=consent-checkbox-0")): null

2020-03-10 05:42:22 - [TEST_STEP][PASSED] - Thread.sleep(1000): null

2020-03-10 05:42:23 - [TEST_STEP][PASSED] - try: null

2020-03-10 05:42:23 - [TEST_STEP][PASSED] - if (selenium.isElementPresent("id=consent-checkbox-0")): null

2020-03-10 05:42:23 - [TEST_STEP][PASSED] - Thread.sleep(1000): null

2020-03-10 05:42:24 - [TEST_STEP][PASSED] - try: null

2020-03-10 05:42:24 - [TEST_STEP][PASSED] - if (selenium.isElementPresent("id=consent-checkbox-0")): null

2020-03-10 05:42:25 - [TEST_STEP][PASSED] - Thread.sleep(1000): null

2020-03-10 05:42:26 - [TEST_STEP][PASSED] - try: null

2020-03-10 05:42:26 - [TEST_STEP][PASSED] - if (selenium.isElementPresent("id=consent-checkbox-0")): null

2020-03-10 05:42:26 - [TEST_STEP][PASSED] - Thread.sleep(1000): null

2020-03-10 05:42:27 - [TEST_STEP][PASSED] - try: null

2020-03-10 05:42:27 - [TEST_STEP][PASSED] - if (selenium.isElementPresent("id=consent-checkbox-0")): null

2020-03-10 05:42:27 - [TEST_STEP][PASSED] - Thread.sleep(1000): null

2020-03-10 05:42:28 - [TEST_STEP][PASSED] - try: null

2020-03-10 05:42:28 - [TEST_STEP][PASSED] - if (selenium.isElementPresent("id=consent-checkbox-0")): null

2020-03-10 05:42:28 - [TEST_STEP][PASSED] - Thread.sleep(1000): null

2020-03-10 05:42:29 - [TEST_STEP][PASSED] - try: null

2020-03-10 05:42:29 - [TEST_STEP][PASSED] - if (selenium.isElementPresent("id=consent-checkbox-0")): null

2020-03-10 05:42:29 - [TEST_STEP][PASSED] - Thread.sleep(1000): null

2020-03-10 05:42:30 - [TEST_STEP][PASSED] - try: null

2020-03-10 05:42:30 - [TEST_STEP][PASSED] - if (selenium.isElementPresent("id=consent-checkbox-0")): null

2020-03-10 05:42:30 - [TEST_STEP][PASSED] - Thread.sleep(1000): null

2020-03-10 05:42:31 - [TEST_STEP][PASSED] - try: null

2020-03-10 05:42:31 - [TEST_STEP][PASSED] - if (selenium.isElementPresent("id=consent-checkbox-0")): null

2020-03-10 05:42:31 - [TEST_STEP][PASSED] - Thread.sleep(1000): null

2020-03-10 05:42:32 - [TEST_STEP][PASSED] - try: null

2020-03-10 05:42:32 - [TEST_STEP][PASSED] - if (selenium.isElementPresent("id=consent-checkbox-0")): null

2020-03-10 05:42:32 - [TEST_STEP][PASSED] - break: null

2020-03-10 05:42:32 - [TEST_STEP][PASSED] - waitForElementClickable(findTestObject("mobileSanity/Dental/app_page3/label"), 20): Object 'Object Repository/mobileSanity/Dental/app_page3/label' is clickable

2020-03-10 05:42:32 - [MESSAGE][PASSED] - Object 'Object Repository/mobileSanity/Dental/app_page3/label' is clickable

2020-03-10 05:42:32 - [TEST_STEP][PASSED] - callTestCase(findTestCase("AHI/_include/get_screenshot"), [:], STOP_ON_FAILURE): Call Test Case 'Test Cases/AHI/_include/get_screenshot' successfully

2020-03-10 05:42:32 - [TEST_CASE][PASSED] - Test Cases/AHI/_include/get_screenshot: Test Cases/AHI/_include/get_screenshot

2020-03-10 05:42:32 - [TEST_STEP][PASSED] - Thread.sleep(1000): null

2020-03-10 05:42:33 - [TEST_STEP][PASSED] - takeScreenshot(screenPath + i + ".png"): Taking screenshot successfully

2020-03-10 05:42:34 - [MESSAGE][PASSED] - Taking screenshot successfully
[[ATTACHMENT|D:\\Test\\AgileTest\\Reports\\AHI\\ahi\\20200310_052754\\../Screenshots/iPhone 6/AHI/Dental - USA Access/20200310_054125/7.png]]

2020-03-10 05:42:34 - [TEST_STEP][PASSED] - (internal.GlobalVariable.i++): null

2020-03-10 05:42:34 - [MESSAGE][PASSED] - Call Test Case 'Test Cases/AHI/_include/get_screenshot' successfully

2020-03-10 05:42:34 - [TEST_STEP][PASSED] - click(findTestObject("mobileSanity/Dental/app_page3/label")): Object: 'Object Repository/mobileSanity/Dental/app_page3/label' is clicked on

2020-03-10 05:42:34 - [MESSAGE][PASSED] - Object: 'Object Repository/mobileSanity/Dental/app_page3/label' is clicked on

2020-03-10 05:42:34 - [TEST_STEP][PASSED] - click(findTestObject("mobileSanity/Dental/app_page3/p_CLICK TO SIGN")): Object: 'Object Repository/mobileSanity/Dental/app_page3/p_CLICK TO SIGN' is clicked on

2020-03-10 05:42:35 - [MESSAGE][PASSED] - Object: 'Object Repository/mobileSanity/Dental/app_page3/p_CLICK TO SIGN' is clicked on

2020-03-10 05:42:35 - [TEST_STEP][PASSED] - click(findTestObject("mobileSanity/Dental/app_page3/a_Submit Your Application")): Object: 'Object Repository/mobileSanity/Dental/app_page3/a_Submit Your Application' is clicked on

2020-03-10 05:42:36 - [MESSAGE][PASSED] - Object: 'Object Repository/mobileSanity/Dental/app_page3/a_Submit Your Application' is clicked on

2020-03-10 05:42:36 - [TEST_STEP][PASSED] - for ([second = 0, second < 30, (second++)]): null

2020-03-10 05:42:36 - [TEST_STEP][PASSED] - try: null

2020-03-10 05:42:36 - [TEST_STEP][PASSED] - if (selenium.isElementPresent("id=app-confirmation")): null

2020-03-10 05:42:36 - [TEST_STEP][PASSED] - Thread.sleep(1000): null

2020-03-10 05:42:37 - [TEST_STEP][PASSED] - try: null

2020-03-10 05:42:37 - [TEST_STEP][PASSED] - if (selenium.isElementPresent("id=app-confirmation")): null

2020-03-10 05:42:37 - [TEST_STEP][PASSED] - Thread.sleep(1000): null

2020-03-10 05:42:38 - [TEST_STEP][PASSED] - try: null

2020-03-10 05:42:38 - [TEST_STEP][PASSED] - if (selenium.isElementPresent("id=app-confirmation")): null

2020-03-10 05:42:38 - [TEST_STEP][PASSED] - Thread.sleep(1000): null

2020-03-10 05:42:39 - [TEST_STEP][PASSED] - try: null

2020-03-10 05:42:39 - [TEST_STEP][PASSED] - if (selenium.isElementPresent("id=app-confirmation")): null

2020-03-10 05:42:39 - [TEST_STEP][PASSED] - Thread.sleep(1000): null

2020-03-10 05:42:40 - [TEST_STEP][PASSED] - try: null

2020-03-10 05:42:40 - [TEST_STEP][PASSED] - if (selenium.isElementPresent("id=app-confirmation")): null

2020-03-10 05:42:40 - [TEST_STEP][PASSED] - Thread.sleep(1000): null

2020-03-10 05:42:41 - [TEST_STEP][PASSED] - try: null

2020-03-10 05:42:41 - [TEST_STEP][PASSED] - if (selenium.isElementPresent("id=app-confirmation")): null

2020-03-10 05:42:41 - [TEST_STEP][PASSED] - Thread.sleep(1000): null

2020-03-10 05:42:42 - [TEST_STEP][PASSED] - try: null

2020-03-10 05:42:42 - [TEST_STEP][PASSED] - if (selenium.isElementPresent("id=app-confirmation")): null

2020-03-10 05:42:42 - [TEST_STEP][PASSED] - Thread.sleep(1000): null

2020-03-10 05:42:43 - [TEST_STEP][PASSED] - try: null

2020-03-10 05:42:43 - [TEST_STEP][PASSED] - if (selenium.isElementPresent("id=app-confirmation")): null

2020-03-10 05:42:43 - [TEST_STEP][PASSED] - Thread.sleep(1000): null

2020-03-10 05:42:44 - [TEST_STEP][PASSED] - try: null

2020-03-10 05:42:44 - [TEST_STEP][PASSED] - if (selenium.isElementPresent("id=app-confirmation")): null

2020-03-10 05:42:44 - [TEST_STEP][PASSED] - Thread.sleep(1000): null

2020-03-10 05:42:45 - [TEST_STEP][PASSED] - try: null

2020-03-10 05:42:45 - [TEST_STEP][PASSED] - if (selenium.isElementPresent("id=app-confirmation")): null

2020-03-10 05:42:46 - [TEST_STEP][PASSED] - Thread.sleep(1000): null

2020-03-10 05:42:47 - [TEST_STEP][PASSED] - try: null

2020-03-10 05:42:47 - [TEST_STEP][PASSED] - if (selenium.isElementPresent("id=app-confirmation")): null

2020-03-10 05:42:47 - [TEST_STEP][PASSED] - Thread.sleep(1000): null

2020-03-10 05:42:48 - [TEST_STEP][PASSED] - try: null

2020-03-10 05:42:48 - [TEST_STEP][PASSED] - if (selenium.isElementPresent("id=app-confirmation")): null

2020-03-10 05:42:48 - [TEST_STEP][PASSED] - Thread.sleep(1000): null

2020-03-10 05:42:49 - [TEST_STEP][PASSED] - try: null

2020-03-10 05:42:49 - [TEST_STEP][PASSED] - if (selenium.isElementPresent("id=app-confirmation")): null

2020-03-10 05:42:49 - [TEST_STEP][PASSED] - Thread.sleep(1000): null

2020-03-10 05:42:50 - [TEST_STEP][PASSED] - try: null

2020-03-10 05:42:50 - [TEST_STEP][PASSED] - if (selenium.isElementPresent("id=app-confirmation")): null

2020-03-10 05:42:50 - [TEST_STEP][PASSED] - Thread.sleep(1000): null

2020-03-10 05:42:51 - [TEST_STEP][PASSED] - try: null

2020-03-10 05:42:51 - [TEST_STEP][PASSED] - if (selenium.isElementPresent("id=app-confirmation")): null

2020-03-10 05:42:51 - [TEST_STEP][PASSED] - Thread.sleep(1000): null

2020-03-10 05:42:52 - [TEST_STEP][PASSED] - try: null

2020-03-10 05:42:52 - [TEST_STEP][PASSED] - if (selenium.isElementPresent("id=app-confirmation")): null

2020-03-10 05:42:52 - [TEST_STEP][PASSED] - Thread.sleep(1000): null

2020-03-10 05:42:53 - [TEST_STEP][PASSED] - try: null

2020-03-10 05:42:53 - [TEST_STEP][PASSED] - if (selenium.isElementPresent("id=app-confirmation")): null

2020-03-10 05:42:53 - [TEST_STEP][PASSED] - Thread.sleep(1000): null

2020-03-10 05:42:54 - [TEST_STEP][PASSED] - try: null

2020-03-10 05:42:54 - [TEST_STEP][PASSED] - if (selenium.isElementPresent("id=app-confirmation")): null

2020-03-10 05:42:54 - [TEST_STEP][PASSED] - Thread.sleep(1000): null

2020-03-10 05:42:55 - [TEST_STEP][PASSED] - try: null

2020-03-10 05:42:55 - [TEST_STEP][PASSED] - if (selenium.isElementPresent("id=app-confirmation")): null

2020-03-10 05:42:55 - [TEST_STEP][PASSED] - Thread.sleep(1000): null

2020-03-10 05:42:56 - [TEST_STEP][PASSED] - try: null

2020-03-10 05:42:56 - [TEST_STEP][PASSED] - if (selenium.isElementPresent("id=app-confirmation")): null

2020-03-10 05:42:56 - [TEST_STEP][PASSED] - Thread.sleep(1000): null

2020-03-10 05:42:57 - [TEST_STEP][PASSED] - try: null

2020-03-10 05:42:57 - [TEST_STEP][PASSED] - if (selenium.isElementPresent("id=app-confirmation")): null

2020-03-10 05:42:57 - [TEST_STEP][PASSED] - Thread.sleep(1000): null

2020-03-10 05:42:58 - [TEST_STEP][PASSED] - try: null

2020-03-10 05:42:58 - [TEST_STEP][PASSED] - if (selenium.isElementPresent("id=app-confirmation")): null

2020-03-10 05:42:59 - [TEST_STEP][PASSED] - Thread.sleep(1000): null

2020-03-10 05:43:00 - [TEST_STEP][PASSED] - try: null

2020-03-10 05:43:00 - [TEST_STEP][PASSED] - if (selenium.isElementPresent("id=app-confirmation")): null

2020-03-10 05:43:00 - [TEST_STEP][PASSED] - Thread.sleep(1000): null

2020-03-10 05:43:01 - [TEST_STEP][PASSED] - try: null

2020-03-10 05:43:01 - [TEST_STEP][PASSED] - if (selenium.isElementPresent("id=app-confirmation")): null

2020-03-10 05:43:01 - [TEST_STEP][PASSED] - Thread.sleep(1000): null

2020-03-10 05:43:02 - [TEST_STEP][PASSED] - try: null

2020-03-10 05:43:02 - [TEST_STEP][PASSED] - if (selenium.isElementPresent("id=app-confirmation")): null

2020-03-10 05:43:02 - [TEST_STEP][PASSED] - Thread.sleep(1000): null

2020-03-10 05:43:03 - [TEST_STEP][PASSED] - try: null

2020-03-10 05:43:03 - [TEST_STEP][PASSED] - if (selenium.isElementPresent("id=app-confirmation")): null

2020-03-10 05:43:03 - [TEST_STEP][PASSED] - Thread.sleep(1000): null

2020-03-10 05:43:04 - [TEST_STEP][PASSED] - try: null

2020-03-10 05:43:04 - [TEST_STEP][PASSED] - if (selenium.isElementPresent("id=app-confirmation")): null

2020-03-10 05:43:04 - [TEST_STEP][PASSED] - Thread.sleep(1000): null

2020-03-10 05:43:05 - [TEST_STEP][PASSED] - try: null

2020-03-10 05:43:05 - [TEST_STEP][PASSED] - if (selenium.isElementPresent("id=app-confirmation")): null

2020-03-10 05:43:05 - [TEST_STEP][PASSED] - Thread.sleep(1000): null

2020-03-10 05:43:06 - [TEST_STEP][PASSED] - try: null

2020-03-10 05:43:06 - [TEST_STEP][PASSED] - if (selenium.isElementPresent("id=app-confirmation")): null

2020-03-10 05:43:06 - [TEST_STEP][PASSED] - Thread.sleep(1000): null

2020-03-10 05:43:07 - [TEST_STEP][PASSED] - try: null

2020-03-10 05:43:07 - [TEST_STEP][PASSED] - if (selenium.isElementPresent("id=app-confirmation")): null

2020-03-10 05:43:07 - [TEST_STEP][PASSED] - Thread.sleep(1000): null

2020-03-10 05:43:08 - [TEST_STEP][PASSED] - callTestCase(findTestCase("AHI/_include/get_screenshot"), [:], STOP_ON_FAILURE): Call Test Case 'Test Cases/AHI/_include/get_screenshot' successfully

2020-03-10 05:43:08 - [TEST_CASE][PASSED] - Test Cases/AHI/_include/get_screenshot: Test Cases/AHI/_include/get_screenshot

2020-03-10 05:43:08 - [TEST_STEP][PASSED] - Thread.sleep(1000): null

2020-03-10 05:43:09 - [TEST_STEP][PASSED] - takeScreenshot(screenPath + i + ".png"): Taking screenshot successfully

2020-03-10 05:43:10 - [MESSAGE][PASSED] - Taking screenshot successfully
[[ATTACHMENT|D:\\Test\\AgileTest\\Reports\\AHI\\ahi\\20200310_052754\\../Screenshots/iPhone 6/AHI/Dental - USA Access/20200310_054125/8.png]]

2020-03-10 05:43:10 - [TEST_STEP][PASSED] - (internal.GlobalVariable.i++): null

2020-03-10 05:43:10 - [MESSAGE][PASSED] - Call Test Case 'Test Cases/AHI/_include/get_screenshot' successfully]]></system-out>
         <system-err><![CDATA[]]></system-err>
      </testcase>
      <testcase name="Test Cases/AHI/NEW/HBI" classname="Test Cases/AHI/NEW/HBI" status="PASSED">
         <system-out><![CDATA[2020-03-10 05:43:10 - [TEST_CASE][PASSED] - Test Cases/AHI/NEW/HBI: Test Cases/AHI/NEW/HBI

2020-03-10 05:43:10 - [TEST_STEP][PASSED] - callTestCase(findTestCase("AHI/_include/get_screenPath"), ["productLine":"AHI", "carrierName":"HBI"], CONTINUE_ON_FAILURE): Call Test Case 'Test Cases/AHI/_include/get_screenPath' successfully

2020-03-10 05:43:10 - [TEST_CASE][PASSED] - Test Cases/AHI/_include/get_screenPath: Test Cases/AHI/_include/get_screenPath

2020-03-10 05:43:10 - [TEST_STEP][PASSED] - m = getExecutionProperties(): null

2020-03-10 05:43:10 - [TEST_STEP][PASSED] - deviceName = get("mobileEmulation").get("deviceName"): null

2020-03-10 05:43:10 - [TEST_STEP][PASSED] - println(deviceName): null

2020-03-10 05:43:10 - [TEST_STEP][PASSED] - now = new java.util.Date(): null

2020-03-10 05:43:10 - [TEST_STEP][PASSED] - mydate = now.format("yyyyMMdd_HHmmss"): null

2020-03-10 05:43:10 - [TEST_STEP][PASSED] - screenPath = "../Screenshots/": null

2020-03-10 05:43:10 - [TEST_STEP][PASSED] - screenPath = screenPath + deviceName + "/" + productLine + "/" + carrierName + "/" + mydate + "/": null

2020-03-10 05:43:10 - [TEST_STEP][PASSED] - println(screenPath): null

2020-03-10 05:43:10 - [MESSAGE][PASSED] - Call Test Case 'Test Cases/AHI/_include/get_screenPath' successfully

2020-03-10 05:43:10 - [TEST_STEP][PASSED] - i = 0: null

2020-03-10 05:43:10 - [TEST_STEP][PASSED] - callTestCase(findTestCase("AHI/_include/openWebSite"), [:], CONTINUE_ON_FAILURE): Call Test Case 'Test Cases/AHI/_include/openWebSite' successfully

2020-03-10 05:43:10 - [TEST_CASE][PASSED] - Test Cases/AHI/_include/openWebSite: Test Cases/AHI/_include/openWebSite

2020-03-10 05:43:10 - [TEST_STEP][PASSED] - openBrowser(env): Browser is opened with url: 'https://praetemptatus.agilehealthinsurance.com'

2020-03-10 05:43:10 - [MESSAGE][WARNING] - A browser is already opened. Closing browser and opening a new one

2020-03-10 05:43:11 - [MESSAGE][INFO] - Starting 'Chrome' driver

2020-03-10 05:43:11 - [MESSAGE][INFO] - User set preference: ['mobileEmulation', '{deviceName=iPhone 6}']

2020-03-10 05:43:11 - [MESSAGE][INFO] - User set preference: ['args', '[--incognito, --aggressive-cache-discard, --window-size=375,677, --no-sandbox, --ignore-certificate-errors]']

2020-03-10 05:43:13 - [MESSAGE][PASSED] - Browser is opened with url: 'https://praetemptatus.agilehealthinsurance.com'

2020-03-10 05:43:13 - [TEST_STEP][PASSED] - waitForPageLoad(20): Wait for page load successfully

2020-03-10 05:43:13 - [MESSAGE][PASSED] - Wait for page load successfully

2020-03-10 05:43:13 - [TEST_STEP][PASSED] - callTestCase(findTestCase("AHI/_include/get_screenshot"), [:], STOP_ON_FAILURE): Call Test Case 'Test Cases/AHI/_include/get_screenshot' successfully

2020-03-10 05:43:14 - [TEST_CASE][PASSED] - Test Cases/AHI/_include/get_screenshot: Test Cases/AHI/_include/get_screenshot

2020-03-10 05:43:14 - [TEST_STEP][PASSED] - Thread.sleep(1000): null

2020-03-10 05:43:15 - [TEST_STEP][PASSED] - takeScreenshot(screenPath + i + ".png"): Taking screenshot successfully

2020-03-10 05:43:15 - [MESSAGE][PASSED] - Taking screenshot successfully
[[ATTACHMENT|D:\\Test\\AgileTest\\Reports\\AHI\\ahi\\20200310_052754\\../Screenshots/iPhone 6/AHI/HBI/20200310_054310/0.png]]

2020-03-10 05:43:15 - [TEST_STEP][PASSED] - (internal.GlobalVariable.i++): null

2020-03-10 05:43:15 - [MESSAGE][PASSED] - Call Test Case 'Test Cases/AHI/_include/get_screenshot' successfully

2020-03-10 05:43:15 - [MESSAGE][PASSED] - Call Test Case 'Test Cases/AHI/_include/openWebSite' successfully

2020-03-10 05:43:15 - [TEST_STEP][PASSED] - driver = getWebDriver(): null

2020-03-10 05:43:15 - [TEST_STEP][PASSED] - baseUrl = ENV: null

2020-03-10 05:43:15 - [TEST_STEP][PASSED] - selenium = new com.thoughtworks.selenium.webdriven.WebDriverBackedSelenium(driver, baseUrl): null

2020-03-10 05:43:15 - [TEST_STEP][PASSED] - selenium.click("//*[@class='filter-option-inner-inner']"): null

2020-03-10 05:43:15 - [TEST_STEP][PASSED] - selenium.click("id=bs-select-1-3"): null

2020-03-10 05:43:16 - [TEST_STEP][PASSED] - selenium.click("id=primaryCTA"): null

2020-03-10 05:43:16 - [TEST_STEP][PASSED] - for ([second = 0, second < 10, (second++)]): null

2020-03-10 05:43:16 - [TEST_STEP][PASSED] - try: null

2020-03-10 05:43:16 - [TEST_STEP][PASSED] - if (selenium.isElementPresent("id=js-traffic-to-aiq")): null

2020-03-10 05:43:17 - [TEST_STEP][PASSED] - break: null

2020-03-10 05:43:17 - [TEST_STEP][PASSED] - callTestCase(findTestCase("AHI/_include/get_screenshot"), [:], STOP_ON_FAILURE): Call Test Case 'Test Cases/AHI/_include/get_screenshot' successfully

2020-03-10 05:43:17 - [TEST_CASE][PASSED] - Test Cases/AHI/_include/get_screenshot: Test Cases/AHI/_include/get_screenshot

2020-03-10 05:43:17 - [TEST_STEP][PASSED] - Thread.sleep(1000): null

2020-03-10 05:43:18 - [TEST_STEP][PASSED] - takeScreenshot(screenPath + i + ".png"): Taking screenshot successfully

2020-03-10 05:43:18 - [MESSAGE][PASSED] - Taking screenshot successfully
[[ATTACHMENT|D:\\Test\\AgileTest\\Reports\\AHI\\ahi\\20200310_052754\\../Screenshots/iPhone 6/AHI/HBI/20200310_054310/1.png]]

2020-03-10 05:43:18 - [TEST_STEP][PASSED] - (internal.GlobalVariable.i++): null

2020-03-10 05:43:18 - [MESSAGE][PASSED] - Call Test Case 'Test Cases/AHI/_include/get_screenshot' successfully

2020-03-10 05:43:18 - [TEST_STEP][PASSED] - url = selenium.getAttribute("xpath=(//a[@id='js-traffic-to-aiq'])@href"): null

2020-03-10 05:43:18 - [TEST_STEP][PASSED] - navigateToUrl(url): Navigate to 'https://healthinsurance.net/health' successfully

2020-03-10 05:43:23 - [MESSAGE][PASSED] - Navigate to 'https://healthinsurance.net/health' successfully

2020-03-10 05:43:23 - [TEST_STEP][PASSED] - waitForPageLoad(10): Wait for page load successfully

2020-03-10 05:43:23 - [MESSAGE][PASSED] - Wait for page load successfully

2020-03-10 05:43:23 - [TEST_STEP][PASSED] - callTestCase(findTestCase("AHI/_include/get_screenshot"), [:], STOP_ON_FAILURE): Call Test Case 'Test Cases/AHI/_include/get_screenshot' successfully

2020-03-10 05:43:23 - [TEST_CASE][PASSED] - Test Cases/AHI/_include/get_screenshot: Test Cases/AHI/_include/get_screenshot

2020-03-10 05:43:23 - [TEST_STEP][PASSED] - Thread.sleep(1000): null

2020-03-10 05:43:24 - [TEST_STEP][PASSED] - takeScreenshot(screenPath + i + ".png"): Taking screenshot successfully

2020-03-10 05:43:25 - [MESSAGE][PASSED] - Taking screenshot successfully
[[ATTACHMENT|D:\\Test\\AgileTest\\Reports\\AHI\\ahi\\20200310_052754\\../Screenshots/iPhone 6/AHI/HBI/20200310_054310/2.png]]

2020-03-10 05:43:25 - [TEST_STEP][PASSED] - (internal.GlobalVariable.i++): null

2020-03-10 05:43:25 - [MESSAGE][PASSED] - Call Test Case 'Test Cases/AHI/_include/get_screenshot' successfully]]></system-out>
         <system-err><![CDATA[]]></system-err>
      </testcase>
      <testcase name="Test Cases/AHI/NEW/Medicare" classname="Test Cases/AHI/NEW/Medicare" status="PASSED">
         <system-out><![CDATA[2020-03-10 05:43:25 - [TEST_CASE][PASSED] - Test Cases/AHI/NEW/Medicare: Test Cases/AHI/NEW/Medicare

2020-03-10 05:43:25 - [TEST_STEP][PASSED] - callTestCase(findTestCase("AHI/_include/get_screenPath"), ["productLine":"AHI", "carrierName":"Medicare"], CONTINUE_ON_FAILURE): Call Test Case 'Test Cases/AHI/_include/get_screenPath' successfully

2020-03-10 05:43:25 - [TEST_CASE][PASSED] - Test Cases/AHI/_include/get_screenPath: Test Cases/AHI/_include/get_screenPath

2020-03-10 05:43:25 - [TEST_STEP][PASSED] - m = getExecutionProperties(): null

2020-03-10 05:43:25 - [TEST_STEP][PASSED] - deviceName = get("mobileEmulation").get("deviceName"): null

2020-03-10 05:43:25 - [TEST_STEP][PASSED] - println(deviceName): null

2020-03-10 05:43:25 - [TEST_STEP][PASSED] - now = new java.util.Date(): null

2020-03-10 05:43:25 - [TEST_STEP][PASSED] - mydate = now.format("yyyyMMdd_HHmmss"): null

2020-03-10 05:43:25 - [TEST_STEP][PASSED] - screenPath = "../Screenshots/": null

2020-03-10 05:43:25 - [TEST_STEP][PASSED] - screenPath = screenPath + deviceName + "/" + productLine + "/" + carrierName + "/" + mydate + "/": null

2020-03-10 05:43:25 - [TEST_STEP][PASSED] - println(screenPath): null

2020-03-10 05:43:25 - [MESSAGE][PASSED] - Call Test Case 'Test Cases/AHI/_include/get_screenPath' successfully

2020-03-10 05:43:25 - [TEST_STEP][PASSED] - i = 0: null

2020-03-10 05:43:25 - [TEST_STEP][PASSED] - callTestCase(findTestCase("AHI/_include/openWebSite"), [:], CONTINUE_ON_FAILURE): Call Test Case 'Test Cases/AHI/_include/openWebSite' successfully

2020-03-10 05:43:25 - [TEST_CASE][PASSED] - Test Cases/AHI/_include/openWebSite: Test Cases/AHI/_include/openWebSite

2020-03-10 05:43:25 - [TEST_STEP][PASSED] - openBrowser(env): Browser is opened with url: 'https://praetemptatus.agilehealthinsurance.com'

2020-03-10 05:43:25 - [MESSAGE][WARNING] - A browser is already opened. Closing browser and opening a new one

2020-03-10 05:43:26 - [MESSAGE][INFO] - Starting 'Chrome' driver

2020-03-10 05:43:26 - [MESSAGE][INFO] - User set preference: ['mobileEmulation', '{deviceName=iPhone 6}']

2020-03-10 05:43:26 - [MESSAGE][INFO] - User set preference: ['args', '[--incognito, --aggressive-cache-discard, --window-size=375,677, --no-sandbox, --ignore-certificate-errors]']

2020-03-10 05:43:29 - [MESSAGE][PASSED] - Browser is opened with url: 'https://praetemptatus.agilehealthinsurance.com'

2020-03-10 05:43:29 - [TEST_STEP][PASSED] - waitForPageLoad(20): Wait for page load successfully

2020-03-10 05:43:29 - [MESSAGE][PASSED] - Wait for page load successfully

2020-03-10 05:43:29 - [TEST_STEP][PASSED] - callTestCase(findTestCase("AHI/_include/get_screenshot"), [:], STOP_ON_FAILURE): Call Test Case 'Test Cases/AHI/_include/get_screenshot' successfully

2020-03-10 05:43:29 - [TEST_CASE][PASSED] - Test Cases/AHI/_include/get_screenshot: Test Cases/AHI/_include/get_screenshot

2020-03-10 05:43:29 - [TEST_STEP][PASSED] - Thread.sleep(1000): null

2020-03-10 05:43:30 - [TEST_STEP][PASSED] - takeScreenshot(screenPath + i + ".png"): Taking screenshot successfully

2020-03-10 05:43:30 - [MESSAGE][PASSED] - Taking screenshot successfully
[[ATTACHMENT|D:\\Test\\AgileTest\\Reports\\AHI\\ahi\\20200310_052754\\../Screenshots/iPhone 6/AHI/Medicare/20200310_054325/0.png]]

2020-03-10 05:43:30 - [TEST_STEP][PASSED] - (internal.GlobalVariable.i++): null

2020-03-10 05:43:30 - [MESSAGE][PASSED] - Call Test Case 'Test Cases/AHI/_include/get_screenshot' successfully

2020-03-10 05:43:30 - [MESSAGE][PASSED] - Call Test Case 'Test Cases/AHI/_include/openWebSite' successfully

2020-03-10 05:43:30 - [TEST_STEP][PASSED] - driver = getWebDriver(): null

2020-03-10 05:43:30 - [TEST_STEP][PASSED] - baseUrl = ENV: null

2020-03-10 05:43:30 - [TEST_STEP][PASSED] - selenium = new com.thoughtworks.selenium.webdriven.WebDriverBackedSelenium(driver, baseUrl): null

2020-03-10 05:43:31 - [TEST_STEP][PASSED] - selenium.click("//*[@class='filter-option-inner-inner']"): null

2020-03-10 05:43:31 - [TEST_STEP][PASSED] - selenium.click("id=bs-select-1-4"): null

2020-03-10 05:43:31 - [TEST_STEP][PASSED] - selenium.click("id=primaryCTA"): null

2020-03-10 05:43:32 - [TEST_STEP][PASSED] - for ([second = 0, second < 10, (second++)]): null

2020-03-10 05:43:32 - [TEST_STEP][PASSED] - try: null

2020-03-10 05:43:32 - [TEST_STEP][PASSED] - if (selenium.isElementPresent("//h1[contains(text(),'Compare Medicare health plans')]")): null

2020-03-10 05:43:32 - [TEST_STEP][PASSED] - break: null

2020-03-10 05:43:32 - [TEST_STEP][PASSED] - callTestCase(findTestCase("AHI/_include/get_screenshot"), [:], STOP_ON_FAILURE): Call Test Case 'Test Cases/AHI/_include/get_screenshot' successfully

2020-03-10 05:43:32 - [TEST_CASE][PASSED] - Test Cases/AHI/_include/get_screenshot: Test Cases/AHI/_include/get_screenshot

2020-03-10 05:43:32 - [TEST_STEP][PASSED] - Thread.sleep(1000): null

2020-03-10 05:43:33 - [TEST_STEP][PASSED] - takeScreenshot(screenPath + i + ".png"): Taking screenshot successfully

2020-03-10 05:43:33 - [MESSAGE][PASSED] - Taking screenshot successfully
[[ATTACHMENT|D:\\Test\\AgileTest\\Reports\\AHI\\ahi\\20200310_052754\\../Screenshots/iPhone 6/AHI/Medicare/20200310_054325/1.png]]

2020-03-10 05:43:33 - [TEST_STEP][PASSED] - (internal.GlobalVariable.i++): null

2020-03-10 05:43:33 - [MESSAGE][PASSED] - Call Test Case 'Test Cases/AHI/_include/get_screenshot' successfully]]></system-out>
         <system-err><![CDATA[]]></system-err>
      </testcase>
      <testcase name="Test Cases/AHI/NEW/Pet Insurance" classname="Test Cases/AHI/NEW/Pet Insurance" status="PASSED">
         <system-out><![CDATA[2020-03-10 05:43:34 - [TEST_CASE][PASSED] - Test Cases/AHI/NEW/Pet Insurance: Test Cases/AHI/NEW/Pet Insurance

2020-03-10 05:43:34 - [TEST_STEP][PASSED] - callTestCase(findTestCase("AHI/_include/get_screenPath"), ["productLine":"AHI", "carrierName":"Pet Insurance"], CONTINUE_ON_FAILURE): Call Test Case 'Test Cases/AHI/_include/get_screenPath' successfully

2020-03-10 05:43:34 - [TEST_CASE][PASSED] - Test Cases/AHI/_include/get_screenPath: Test Cases/AHI/_include/get_screenPath

2020-03-10 05:43:34 - [TEST_STEP][PASSED] - m = getExecutionProperties(): null

2020-03-10 05:43:34 - [TEST_STEP][PASSED] - deviceName = get("mobileEmulation").get("deviceName"): null

2020-03-10 05:43:34 - [TEST_STEP][PASSED] - println(deviceName): null

2020-03-10 05:43:34 - [TEST_STEP][PASSED] - now = new java.util.Date(): null

2020-03-10 05:43:34 - [TEST_STEP][PASSED] - mydate = now.format("yyyyMMdd_HHmmss"): null

2020-03-10 05:43:34 - [TEST_STEP][PASSED] - screenPath = "../Screenshots/": null

2020-03-10 05:43:34 - [TEST_STEP][PASSED] - screenPath = screenPath + deviceName + "/" + productLine + "/" + carrierName + "/" + mydate + "/": null

2020-03-10 05:43:34 - [TEST_STEP][PASSED] - println(screenPath): null

2020-03-10 05:43:34 - [MESSAGE][PASSED] - Call Test Case 'Test Cases/AHI/_include/get_screenPath' successfully

2020-03-10 05:43:34 - [TEST_STEP][PASSED] - i = 0: null

2020-03-10 05:43:34 - [TEST_STEP][PASSED] - callTestCase(findTestCase("AHI/_include/openWebSite"), [:], CONTINUE_ON_FAILURE): Call Test Case 'Test Cases/AHI/_include/openWebSite' successfully

2020-03-10 05:43:34 - [TEST_CASE][PASSED] - Test Cases/AHI/_include/openWebSite: Test Cases/AHI/_include/openWebSite

2020-03-10 05:43:34 - [TEST_STEP][PASSED] - openBrowser(env): Browser is opened with url: 'https://praetemptatus.agilehealthinsurance.com'

2020-03-10 05:43:34 - [MESSAGE][WARNING] - A browser is already opened. Closing browser and opening a new one

2020-03-10 05:43:36 - [MESSAGE][INFO] - Starting 'Chrome' driver

2020-03-10 05:43:36 - [MESSAGE][INFO] - User set preference: ['mobileEmulation', '{deviceName=iPhone 6}']

2020-03-10 05:43:36 - [MESSAGE][INFO] - User set preference: ['args', '[--incognito, --aggressive-cache-discard, --window-size=375,677, --no-sandbox, --ignore-certificate-errors]']

2020-03-10 05:43:38 - [MESSAGE][PASSED] - Browser is opened with url: 'https://praetemptatus.agilehealthinsurance.com'

2020-03-10 05:43:38 - [TEST_STEP][PASSED] - waitForPageLoad(20): Wait for page load successfully

2020-03-10 05:43:38 - [MESSAGE][PASSED] - Wait for page load successfully

2020-03-10 05:43:38 - [TEST_STEP][PASSED] - callTestCase(findTestCase("AHI/_include/get_screenshot"), [:], STOP_ON_FAILURE): Call Test Case 'Test Cases/AHI/_include/get_screenshot' successfully

2020-03-10 05:43:38 - [TEST_CASE][PASSED] - Test Cases/AHI/_include/get_screenshot: Test Cases/AHI/_include/get_screenshot

2020-03-10 05:43:38 - [TEST_STEP][PASSED] - Thread.sleep(1000): null

2020-03-10 05:43:39 - [TEST_STEP][PASSED] - takeScreenshot(screenPath + i + ".png"): Taking screenshot successfully

2020-03-10 05:43:40 - [MESSAGE][PASSED] - Taking screenshot successfully
[[ATTACHMENT|D:\\Test\\AgileTest\\Reports\\AHI\\ahi\\20200310_052754\\../Screenshots/iPhone 6/AHI/Pet Insurance/20200310_054334/0.png]]

2020-03-10 05:43:40 - [TEST_STEP][PASSED] - (internal.GlobalVariable.i++): null

2020-03-10 05:43:40 - [MESSAGE][PASSED] - Call Test Case 'Test Cases/AHI/_include/get_screenshot' successfully

2020-03-10 05:43:40 - [MESSAGE][PASSED] - Call Test Case 'Test Cases/AHI/_include/openWebSite' successfully

2020-03-10 05:43:40 - [TEST_STEP][PASSED] - driver = getWebDriver(): null

2020-03-10 05:43:40 - [TEST_STEP][PASSED] - baseUrl = ENV: null

2020-03-10 05:43:40 - [TEST_STEP][PASSED] - selenium = new com.thoughtworks.selenium.webdriven.WebDriverBackedSelenium(driver, baseUrl): null

2020-03-10 05:43:40 - [TEST_STEP][PASSED] - selenium.click("//*[@class='filter-option-inner-inner']"): null

2020-03-10 05:43:40 - [TEST_STEP][PASSED] - selenium.click("id=bs-select-1-5"): null

2020-03-10 05:43:40 - [TEST_STEP][PASSED] - selenium.click("id=primaryCTA"): null

2020-03-10 05:43:41 - [TEST_STEP][PASSED] - for ([second = 0, second < 20, (second++)]): null

2020-03-10 05:43:41 - [TEST_STEP][PASSED] - try: null

2020-03-10 05:43:41 - [TEST_STEP][PASSED] - if (selenium.isElementPresent("id=zip-input")): null

2020-03-10 05:43:41 - [TEST_STEP][PASSED] - break: null

2020-03-10 05:43:41 - [TEST_STEP][PASSED] - callTestCase(findTestCase("AHI/_include/get_screenshot"), [:], STOP_ON_FAILURE): Call Test Case 'Test Cases/AHI/_include/get_screenshot' successfully

2020-03-10 05:43:41 - [TEST_CASE][PASSED] - Test Cases/AHI/_include/get_screenshot: Test Cases/AHI/_include/get_screenshot

2020-03-10 05:43:41 - [TEST_STEP][PASSED] - Thread.sleep(1000): null

2020-03-10 05:43:42 - [TEST_STEP][PASSED] - takeScreenshot(screenPath + i + ".png"): Taking screenshot successfully

2020-03-10 05:43:43 - [MESSAGE][PASSED] - Taking screenshot successfully
[[ATTACHMENT|D:\\Test\\AgileTest\\Reports\\AHI\\ahi\\20200310_052754\\../Screenshots/iPhone 6/AHI/Pet Insurance/20200310_054334/1.png]]

2020-03-10 05:43:43 - [TEST_STEP][PASSED] - (internal.GlobalVariable.i++): null

2020-03-10 05:43:43 - [MESSAGE][PASSED] - Call Test Case 'Test Cases/AHI/_include/get_screenshot' successfully

2020-03-10 05:43:43 - [TEST_STEP][PASSED] - sendKeys(findTestObject("mobileSanity/Cancer Insurance/zip"), "35216"): Keys '35216' sent to object: 'Object Repository/mobileSanity/Cancer Insurance/zip'

2020-03-10 05:43:44 - [MESSAGE][PASSED] - Keys '35216' sent to object: 'Object Repository/mobileSanity/Cancer Insurance/zip'

2020-03-10 05:43:44 - [TEST_STEP][PASSED] - Thread.sleep(3000): null

2020-03-10 05:43:47 - [TEST_STEP][PASSED] - selenium.click("id=js-see-plans"): null

2020-03-10 05:43:47 - [TEST_STEP][PASSED] - for ([second = 0, second < 20, (second++)]): null

2020-03-10 05:43:47 - [TEST_STEP][PASSED] - try: null

2020-03-10 05:43:47 - [TEST_STEP][PASSED] - if (selenium.isElementPresent("id=name-input")): null

2020-03-10 05:43:48 - [TEST_STEP][PASSED] - break: null

2020-03-10 05:43:48 - [TEST_STEP][PASSED] - callTestCase(findTestCase("AHI/_include/get_screenshot"), [:], STOP_ON_FAILURE): Call Test Case 'Test Cases/AHI/_include/get_screenshot' successfully

2020-03-10 05:43:48 - [TEST_CASE][PASSED] - Test Cases/AHI/_include/get_screenshot: Test Cases/AHI/_include/get_screenshot

2020-03-10 05:43:48 - [TEST_STEP][PASSED] - Thread.sleep(1000): null

2020-03-10 05:43:49 - [TEST_STEP][PASSED] - takeScreenshot(screenPath + i + ".png"): Taking screenshot successfully

2020-03-10 05:43:49 - [MESSAGE][PASSED] - Taking screenshot successfully
[[ATTACHMENT|D:\\Test\\AgileTest\\Reports\\AHI\\ahi\\20200310_052754\\../Screenshots/iPhone 6/AHI/Pet Insurance/20200310_054334/2.png]]

2020-03-10 05:43:49 - [TEST_STEP][PASSED] - (internal.GlobalVariable.i++): null

2020-03-10 05:43:49 - [MESSAGE][PASSED] - Call Test Case 'Test Cases/AHI/_include/get_screenshot' successfully

2020-03-10 05:43:49 - [TEST_STEP][PASSED] - setText(findTestObject("mobileSanity/Pet Insurance/name-input"), "Test cat"): Text 'Test cat' is set on object 'Object Repository/mobileSanity/Pet Insurance/name-input'

2020-03-10 05:43:50 - [MESSAGE][PASSED] - Text 'Test cat' is set on object 'Object Repository/mobileSanity/Pet Insurance/name-input'

2020-03-10 05:43:50 - [TEST_STEP][PASSED] - selenium.click("id=js-continue"): null

2020-03-10 05:43:50 - [TEST_STEP][PASSED] - for ([second = 0, second < 20, (second++)]): null

2020-03-10 05:43:50 - [TEST_STEP][PASSED] - try: null

2020-03-10 05:43:50 - [TEST_STEP][PASSED] - if (selenium.isElementPresent("xpath=//label[@for='p-cat']")): null

2020-03-10 05:43:50 - [TEST_STEP][PASSED] - Thread.sleep(1000): null

2020-03-10 05:43:51 - [TEST_STEP][PASSED] - try: null

2020-03-10 05:43:51 - [TEST_STEP][PASSED] - if (selenium.isElementPresent("xpath=//label[@for='p-cat']")): null

2020-03-10 05:43:51 - [TEST_STEP][PASSED] - break: null

2020-03-10 05:43:51 - [TEST_STEP][PASSED] - callTestCase(findTestCase("AHI/_include/get_screenshot"), [:], STOP_ON_FAILURE): Call Test Case 'Test Cases/AHI/_include/get_screenshot' successfully

2020-03-10 05:43:51 - [TEST_CASE][PASSED] - Test Cases/AHI/_include/get_screenshot: Test Cases/AHI/_include/get_screenshot

2020-03-10 05:43:51 - [TEST_STEP][PASSED] - Thread.sleep(1000): null

2020-03-10 05:43:52 - [TEST_STEP][PASSED] - takeScreenshot(screenPath + i + ".png"): Taking screenshot successfully

2020-03-10 05:43:52 - [MESSAGE][PASSED] - Taking screenshot successfully
[[ATTACHMENT|D:\\Test\\AgileTest\\Reports\\AHI\\ahi\\20200310_052754\\../Screenshots/iPhone 6/AHI/Pet Insurance/20200310_054334/3.png]]

2020-03-10 05:43:52 - [TEST_STEP][PASSED] - (internal.GlobalVariable.i++): null

2020-03-10 05:43:52 - [MESSAGE][PASSED] - Call Test Case 'Test Cases/AHI/_include/get_screenshot' successfully

2020-03-10 05:43:52 - [TEST_STEP][PASSED] - selenium.click("//label[@for='p-cat']"): null

2020-03-10 05:43:52 - [TEST_STEP][PASSED] - for ([second = 0, second < 20, (second++)]): null

2020-03-10 05:43:52 - [TEST_STEP][PASSED] - try: null

2020-03-10 05:43:52 - [TEST_STEP][PASSED] - if (selenium.isElementPresent("id=dob-mm-input")): null

2020-03-10 05:43:52 - [TEST_STEP][PASSED] - Thread.sleep(1000): null

2020-03-10 05:43:54 - [TEST_STEP][PASSED] - try: null

2020-03-10 05:43:54 - [TEST_STEP][PASSED] - if (selenium.isElementPresent("id=dob-mm-input")): null

2020-03-10 05:43:54 - [TEST_STEP][PASSED] - break: null

2020-03-10 05:43:54 - [TEST_STEP][PASSED] - callTestCase(findTestCase("AHI/_include/get_screenshot"), [:], STOP_ON_FAILURE): Call Test Case 'Test Cases/AHI/_include/get_screenshot' successfully

2020-03-10 05:43:54 - [TEST_CASE][PASSED] - Test Cases/AHI/_include/get_screenshot: Test Cases/AHI/_include/get_screenshot

2020-03-10 05:43:54 - [TEST_STEP][PASSED] - Thread.sleep(1000): null

2020-03-10 05:43:55 - [TEST_STEP][PASSED] - takeScreenshot(screenPath + i + ".png"): Taking screenshot successfully

2020-03-10 05:43:55 - [MESSAGE][PASSED] - Taking screenshot successfully
[[ATTACHMENT|D:\\Test\\AgileTest\\Reports\\AHI\\ahi\\20200310_052754\\../Screenshots/iPhone 6/AHI/Pet Insurance/20200310_054334/4.png]]

2020-03-10 05:43:55 - [TEST_STEP][PASSED] - (internal.GlobalVariable.i++): null

2020-03-10 05:43:55 - [MESSAGE][PASSED] - Call Test Case 'Test Cases/AHI/_include/get_screenshot' successfully

2020-03-10 05:43:55 - [TEST_STEP][PASSED] - setText(findTestObject("mobileSanity/Pet Insurance/dob-mm-input"), "01"): Text '01' is set on object 'Object Repository/mobileSanity/Pet Insurance/dob-mm-input'

2020-03-10 05:43:55 - [MESSAGE][PASSED] - Text '01' is set on object 'Object Repository/mobileSanity/Pet Insurance/dob-mm-input'

2020-03-10 05:43:55 - [TEST_STEP][PASSED] - setText(findTestObject("mobileSanity/Pet Insurance/dob-dd-input"), "01"): Text '01' is set on object 'Object Repository/mobileSanity/Pet Insurance/dob-dd-input'

2020-03-10 05:43:55 - [MESSAGE][PASSED] - Text '01' is set on object 'Object Repository/mobileSanity/Pet Insurance/dob-dd-input'

2020-03-10 05:43:55 - [TEST_STEP][PASSED] - setText(findTestObject("mobileSanity/Pet Insurance/dob-yyyy-input"), "2016"): Text '2016' is set on object 'Object Repository/mobileSanity/Pet Insurance/dob-yyyy-input'

2020-03-10 05:43:56 - [MESSAGE][PASSED] - Text '2016' is set on object 'Object Repository/mobileSanity/Pet Insurance/dob-yyyy-input'

2020-03-10 05:43:56 - [TEST_STEP][PASSED] - for ([second = 0, second < 20, (second++)]): null

2020-03-10 05:43:56 - [TEST_STEP][PASSED] - try: null

2020-03-10 05:43:56 - [TEST_STEP][PASSED] - if (selenium.isElementPresent("xpath=//label[@for='p-no']")): null

2020-03-10 05:43:56 - [TEST_STEP][PASSED] - Thread.sleep(1000): null

2020-03-10 05:43:57 - [TEST_STEP][PASSED] - try: null

2020-03-10 05:43:57 - [TEST_STEP][PASSED] - if (selenium.isElementPresent("xpath=//label[@for='p-no']")): null

2020-03-10 05:43:57 - [TEST_STEP][PASSED] - break: null

2020-03-10 05:43:57 - [TEST_STEP][PASSED] - callTestCase(findTestCase("AHI/_include/get_screenshot"), [:], STOP_ON_FAILURE): Call Test Case 'Test Cases/AHI/_include/get_screenshot' successfully

2020-03-10 05:43:57 - [TEST_CASE][PASSED] - Test Cases/AHI/_include/get_screenshot: Test Cases/AHI/_include/get_screenshot

2020-03-10 05:43:57 - [TEST_STEP][PASSED] - Thread.sleep(1000): null

2020-03-10 05:43:58 - [TEST_STEP][PASSED] - takeScreenshot(screenPath + i + ".png"): Taking screenshot successfully

2020-03-10 05:43:58 - [MESSAGE][PASSED] - Taking screenshot successfully
[[ATTACHMENT|D:\\Test\\AgileTest\\Reports\\AHI\\ahi\\20200310_052754\\../Screenshots/iPhone 6/AHI/Pet Insurance/20200310_054334/5.png]]

2020-03-10 05:43:58 - [TEST_STEP][PASSED] - (internal.GlobalVariable.i++): null

2020-03-10 05:43:58 - [MESSAGE][PASSED] - Call Test Case 'Test Cases/AHI/_include/get_screenshot' successfully

2020-03-10 05:43:58 - [TEST_STEP][PASSED] - selenium.click("//label[@for='p-no']"): null

2020-03-10 05:43:58 - [TEST_STEP][PASSED] - for ([second = 0, second < 20, (second++)]): null

2020-03-10 05:43:58 - [TEST_STEP][PASSED] - try: null

2020-03-10 05:43:58 - [TEST_STEP][PASSED] - if (selenium.isElementPresent("id=applyCta")): null

2020-03-10 05:44:00 - [TEST_STEP][PASSED] - break: null

2020-03-10 05:44:00 - [TEST_STEP][PASSED] - callTestCase(findTestCase("AHI/_include/get_screenshot"), [:], STOP_ON_FAILURE): Call Test Case 'Test Cases/AHI/_include/get_screenshot' successfully

2020-03-10 05:44:00 - [TEST_CASE][PASSED] - Test Cases/AHI/_include/get_screenshot: Test Cases/AHI/_include/get_screenshot

2020-03-10 05:44:00 - [TEST_STEP][PASSED] - Thread.sleep(1000): null

2020-03-10 05:44:01 - [TEST_STEP][PASSED] - takeScreenshot(screenPath + i + ".png"): Taking screenshot successfully

2020-03-10 05:44:01 - [MESSAGE][PASSED] - Taking screenshot successfully
[[ATTACHMENT|D:\\Test\\AgileTest\\Reports\\AHI\\ahi\\20200310_052754\\../Screenshots/iPhone 6/AHI/Pet Insurance/20200310_054334/6.png]]

2020-03-10 05:44:01 - [TEST_STEP][PASSED] - (internal.GlobalVariable.i++): null

2020-03-10 05:44:01 - [MESSAGE][PASSED] - Call Test Case 'Test Cases/AHI/_include/get_screenshot' successfully

2020-03-10 05:44:01 - [TEST_STEP][PASSED] - selenium.click("id=applyCta"): null

2020-03-10 05:44:02 - [TEST_STEP][PASSED] - for ([second = 0, second < 20, (second++)]): null

2020-03-10 05:44:02 - [TEST_STEP][PASSED] - try: null

2020-03-10 05:44:02 - [TEST_STEP][PASSED] - if (selenium.isElementPresent("id=member-P-1-firstName")): null

2020-03-10 05:44:03 - [TEST_STEP][PASSED] - Thread.sleep(1000): null

2020-03-10 05:44:04 - [TEST_STEP][PASSED] - try: null

2020-03-10 05:44:04 - [TEST_STEP][PASSED] - if (selenium.isElementPresent("id=member-P-1-firstName")): null

2020-03-10 05:44:04 - [TEST_STEP][PASSED] - break: null

2020-03-10 05:44:04 - [TEST_STEP][PASSED] - callTestCase(findTestCase("AHI/_include/get_screenshot"), [:], STOP_ON_FAILURE): Call Test Case 'Test Cases/AHI/_include/get_screenshot' successfully

2020-03-10 05:44:04 - [TEST_CASE][PASSED] - Test Cases/AHI/_include/get_screenshot: Test Cases/AHI/_include/get_screenshot

2020-03-10 05:44:04 - [TEST_STEP][PASSED] - Thread.sleep(1000): null

2020-03-10 05:44:05 - [TEST_STEP][PASSED] - takeScreenshot(screenPath + i + ".png"): Taking screenshot successfully

2020-03-10 05:44:05 - [MESSAGE][PASSED] - Taking screenshot successfully
[[ATTACHMENT|D:\\Test\\AgileTest\\Reports\\AHI\\ahi\\20200310_052754\\../Screenshots/iPhone 6/AHI/Pet Insurance/20200310_054334/7.png]]

2020-03-10 05:44:05 - [TEST_STEP][PASSED] - (internal.GlobalVariable.i++): null

2020-03-10 05:44:05 - [MESSAGE][PASSED] - Call Test Case 'Test Cases/AHI/_include/get_screenshot' successfully

2020-03-10 05:44:05 - [TEST_STEP][PASSED] - callTestCase(findTestCase("AHI/_include/name"), [:], STOP_ON_FAILURE): Call Test Case 'Test Cases/AHI/_include/name' successfully

2020-03-10 05:44:05 - [TEST_CASE][PASSED] - Test Cases/AHI/_include/name: Test Cases/AHI/_include/name

2020-03-10 05:44:05 - [TEST_STEP][PASSED] - driver = getWebDriver(): null

2020-03-10 05:44:05 - [TEST_STEP][PASSED] - selenium = new com.thoughtworks.selenium.webdriven.WebDriverBackedSelenium(driver, internal.GlobalVariable.ENV): null

2020-03-10 05:44:06 - [TEST_STEP][PASSED] - FirstName = "Test-123": null

2020-03-10 05:44:06 - [TEST_STEP][PASSED] - LastName = selenium.getEval("{var x="ABCDEFGHIJKLMNOPQRSTUVWXYZabcdefghijklmnopqrstuvwxyz"; var tmp="ZZ11-"; for (i=0;i<8;i++) tmp+=x.charAt(Math.ceil(51*Math.random()));tmp;}"): null

2020-03-10 05:44:06 - [TEST_STEP][PASSED] - Address = selenium.getEval("{var x="ABCDEFGHIJKLMNOPQRSTUVWXYZabcdefghijklmnopqrstuvwxyz"; var tmp=""; for (i=0;i<8;i++) tmp+=x.charAt(Math.ceil(51*Math.random()));tmp;}"): null

2020-03-10 05:44:06 - [TEST_STEP][PASSED] - City = selenium.getEval("{var x="ABCDEFGHIJKLMNOPQRSTUVWXYZabcdefghijklmnopqrstuvwxyz"; var tmp=""; for (i=0;i<8;i++) tmp+=x.charAt(Math.ceil(51*Math.random()));tmp;}"): null

2020-03-10 05:44:06 - [TEST_STEP][PASSED] - tel1 = selenium.getEval("{var x="123456789"; var tmp=""; for (i=0;i<3;i++) tmp+=x.charAt(Math.ceil(8*Math.random()));tmp;}"): null

2020-03-10 05:44:06 - [TEST_STEP][PASSED] - tel2 = selenium.getEval("{var x="123456789"; var tmp=""; for (i=0;i<3;i++) tmp+=x.charAt(Math.ceil(8*Math.random()));tmp;}"): null

2020-03-10 05:44:06 - [TEST_STEP][PASSED] - tel3 = selenium.getEval("{var x="123456789"; var tmp=""; for (i=0;i<4;i++) tmp+=x.charAt(Math.ceil(8*Math.random()));tmp;}"): null

2020-03-10 05:44:06 - [TEST_STEP][PASSED] - Tel = selenium.getExpression(tel1 + "-" + tel2 + "-" + tel3): null

2020-03-10 05:44:06 - [TEST_STEP][PASSED] - AutoEmail = selenium.getEval("{var x="ABCDEFGHIJKLMNOPQRSTUVWXYZabcdefghijklmnopqrstuvwxyz"; var tmp="test."; for (i=0;i<8;i++) tmp+=x.charAt(Math.ceil(51*Math.random()));tmp+="@suryani.cn";}"): null

2020-03-10 05:44:06 - [TEST_STEP][PASSED] - FirstName = FirstName: null

2020-03-10 05:44:06 - [TEST_STEP][PASSED] - LastName = LastName: null

2020-03-10 05:44:06 - [TEST_STEP][PASSED] - Address = Address: null

2020-03-10 05:44:06 - [TEST_STEP][PASSED] - City = City: null

2020-03-10 05:44:06 - [TEST_STEP][PASSED] - Tel = Tel: null

2020-03-10 05:44:06 - [TEST_STEP][PASSED] - AutoEmail = AutoEmail: null

2020-03-10 05:44:06 - [TEST_STEP][PASSED] - println(FirstName): null

2020-03-10 05:44:06 - [TEST_STEP][PASSED] - println(LastName): null

2020-03-10 05:44:06 - [TEST_STEP][PASSED] - println(Address): null

2020-03-10 05:44:06 - [TEST_STEP][PASSED] - println(City): null

2020-03-10 05:44:06 - [TEST_STEP][PASSED] - println(Tel): null

2020-03-10 05:44:06 - [TEST_STEP][PASSED] - println(AutoEmail): null

2020-03-10 05:44:06 - [MESSAGE][PASSED] - Call Test Case 'Test Cases/AHI/_include/name' successfully

2020-03-10 05:44:06 - [TEST_STEP][PASSED] - selenium.type("id=member-P-1-firstName", FirstName): null

2020-03-10 05:44:06 - [TEST_STEP][PASSED] - selenium.type("id=member-P-1-lastName", LastName): null

2020-03-10 05:44:06 - [TEST_STEP][PASSED] - selenium.type("id=address", Address): null

2020-03-10 05:44:06 - [TEST_STEP][PASSED] - selenium.type("id=city", City): null

2020-03-10 05:44:06 - [TEST_STEP][PASSED] - selenium.type("id=email", AutoEmail): null

2020-03-10 05:44:06 - [TEST_STEP][PASSED] - selenium.type("id=primaryPhone", Tel): null

2020-03-10 05:44:06 - [TEST_STEP][PASSED] - selenium.click("id=pet-veterinary-clinic-flag"): null

2020-03-10 05:44:07 - [TEST_STEP][PASSED] - Thread.sleep(2000): null

2020-03-10 05:44:09 - [TEST_STEP][PASSED] - selenium.click("id=js-app-continue-link"): null

2020-03-10 05:44:09 - [TEST_STEP][PASSED] - for ([second = 0, second < 20, (second++)]): null

2020-03-10 05:44:09 - [TEST_STEP][PASSED] - try: null

2020-03-10 05:44:09 - [TEST_STEP][PASSED] - if (selenium.isElementPresent("id=credit-card-number")): null

2020-03-10 05:44:09 - [TEST_STEP][PASSED] - Thread.sleep(1000): null

2020-03-10 05:44:10 - [TEST_STEP][PASSED] - try: null

2020-03-10 05:44:10 - [TEST_STEP][PASSED] - if (selenium.isElementPresent("id=credit-card-number")): null

2020-03-10 05:44:10 - [TEST_STEP][PASSED] - break: null

2020-03-10 05:44:10 - [TEST_STEP][PASSED] - callTestCase(findTestCase("AHI/_include/get_screenshot"), [:], STOP_ON_FAILURE): Call Test Case 'Test Cases/AHI/_include/get_screenshot' successfully

2020-03-10 05:44:10 - [TEST_CASE][PASSED] - Test Cases/AHI/_include/get_screenshot: Test Cases/AHI/_include/get_screenshot

2020-03-10 05:44:10 - [TEST_STEP][PASSED] - Thread.sleep(1000): null

2020-03-10 05:44:11 - [TEST_STEP][PASSED] - takeScreenshot(screenPath + i + ".png"): Taking screenshot successfully

2020-03-10 05:44:11 - [MESSAGE][PASSED] - Taking screenshot successfully
[[ATTACHMENT|D:\\Test\\AgileTest\\Reports\\AHI\\ahi\\20200310_052754\\../Screenshots/iPhone 6/AHI/Pet Insurance/20200310_054334/8.png]]

2020-03-10 05:44:11 - [TEST_STEP][PASSED] - (internal.GlobalVariable.i++): null

2020-03-10 05:44:11 - [MESSAGE][PASSED] - Call Test Case 'Test Cases/AHI/_include/get_screenshot' successfully

2020-03-10 05:44:11 - [TEST_STEP][PASSED] - selenium.type("id=credit-card-number", "4111111111111111"): null

2020-03-10 05:44:12 - [TEST_STEP][PASSED] - selenium.type("id=credit-card-first", "test"): null

2020-03-10 05:44:12 - [TEST_STEP][PASSED] - selenium.type("id=credit-card-last", "test"): null

2020-03-10 05:44:12 - [TEST_STEP][PASSED] - selenium.select("id=expiration-month", "12"): null

2020-03-10 05:44:12 - [TEST_STEP][PASSED] - selenium.select("id=expiration-year", "2026"): null

2020-03-10 05:44:12 - [TEST_STEP][PASSED] - selenium.type("id=credit-card-cvv", "123"): null

2020-03-10 05:44:12 - [TEST_STEP][PASSED] - selenium.type("id=credit-card-number", "4111111111111111"): null

2020-03-10 05:44:13 - [TEST_STEP][PASSED] - selenium.click("id=js-same-billing"): null

2020-03-10 05:44:13 - [TEST_STEP][PASSED] - selenium.click("id=credit-payment-authorization"): null

2020-03-10 05:44:13 - [TEST_STEP][PASSED] - selenium.click("id=js-app-continue-link"): null

2020-03-10 05:44:13 - [TEST_STEP][PASSED] - for ([second = 0, second < 20, (second++)]): null

2020-03-10 05:44:13 - [TEST_STEP][PASSED] - try: null

2020-03-10 05:44:13 - [TEST_STEP][PASSED] - if (selenium.isElementPresent("id=consent-checkbox-0")): null

2020-03-10 05:44:13 - [TEST_STEP][PASSED] - Thread.sleep(1000): null

2020-03-10 05:44:14 - [TEST_STEP][PASSED] - try: null

2020-03-10 05:44:14 - [TEST_STEP][PASSED] - if (selenium.isElementPresent("id=consent-checkbox-0")): null

2020-03-10 05:44:14 - [TEST_STEP][PASSED] - Thread.sleep(1000): null

2020-03-10 05:44:15 - [TEST_STEP][PASSED] - try: null

2020-03-10 05:44:15 - [TEST_STEP][PASSED] - if (selenium.isElementPresent("id=consent-checkbox-0")): null

2020-03-10 05:44:15 - [TEST_STEP][PASSED] - break: null

2020-03-10 05:44:15 - [TEST_STEP][PASSED] - callTestCase(findTestCase("AHI/_include/get_screenshot"), [:], STOP_ON_FAILURE): Call Test Case 'Test Cases/AHI/_include/get_screenshot' successfully

2020-03-10 05:44:15 - [TEST_CASE][PASSED] - Test Cases/AHI/_include/get_screenshot: Test Cases/AHI/_include/get_screenshot

2020-03-10 05:44:15 - [TEST_STEP][PASSED] - Thread.sleep(1000): null

2020-03-10 05:44:16 - [TEST_STEP][PASSED] - takeScreenshot(screenPath + i + ".png"): Taking screenshot successfully

2020-03-10 05:44:17 - [MESSAGE][PASSED] - Taking screenshot successfully
[[ATTACHMENT|D:\\Test\\AgileTest\\Reports\\AHI\\ahi\\20200310_052754\\../Screenshots/iPhone 6/AHI/Pet Insurance/20200310_054334/9.png]]

2020-03-10 05:44:17 - [TEST_STEP][PASSED] - (internal.GlobalVariable.i++): null

2020-03-10 05:44:17 - [MESSAGE][PASSED] - Call Test Case 'Test Cases/AHI/_include/get_screenshot' successfully

2020-03-10 05:44:17 - [TEST_STEP][PASSED] - selenium.click("id=consent-checkbox-0"): null

2020-03-10 05:44:17 - [TEST_STEP][PASSED] - selenium.click("id=consent-checkbox-1"): null

2020-03-10 05:44:17 - [TEST_STEP][PASSED] - selenium.click("id=consent-checkbox-2"): null

2020-03-10 05:44:17 - [TEST_STEP][PASSED] - selenium.click("id=consent-checkbox-3"): null

2020-03-10 05:44:17 - [TEST_STEP][PASSED] - selenium.click("id=js-signature-tab"): null

2020-03-10 05:44:18 - [TEST_STEP][PASSED] - selenium.click("id=js-app-continue-link"): null

2020-03-10 05:44:18 - [TEST_STEP][PASSED] - for ([second = 0, second < 30, (second++)]): null

2020-03-10 05:44:18 - [TEST_STEP][PASSED] - try: null

2020-03-10 05:44:18 - [TEST_STEP][PASSED] - if (selenium.isElementPresent("xpath=//h2[contains(text(),'Thank You')]")): null

2020-03-10 05:44:18 - [TEST_STEP][PASSED] - Thread.sleep(1000): null

2020-03-10 05:44:19 - [TEST_STEP][PASSED] - try: null

2020-03-10 05:44:19 - [TEST_STEP][PASSED] - if (selenium.isElementPresent("xpath=//h2[contains(text(),'Thank You')]")): null

2020-03-10 05:44:19 - [TEST_STEP][PASSED] - Thread.sleep(1000): null

2020-03-10 05:44:20 - [TEST_STEP][PASSED] - try: null

2020-03-10 05:44:20 - [TEST_STEP][PASSED] - if (selenium.isElementPresent("xpath=//h2[contains(text(),'Thank You')]")): null

2020-03-10 05:44:20 - [TEST_STEP][PASSED] - Thread.sleep(1000): null

2020-03-10 05:44:21 - [TEST_STEP][PASSED] - try: null

2020-03-10 05:44:21 - [TEST_STEP][PASSED] - if (selenium.isElementPresent("xpath=//h2[contains(text(),'Thank You')]")): null

2020-03-10 05:44:21 - [TEST_STEP][PASSED] - Thread.sleep(1000): null

2020-03-10 05:44:22 - [TEST_STEP][PASSED] - try: null

2020-03-10 05:44:22 - [TEST_STEP][PASSED] - if (selenium.isElementPresent("xpath=//h2[contains(text(),'Thank You')]")): null

2020-03-10 05:44:22 - [TEST_STEP][PASSED] - Thread.sleep(1000): null

2020-03-10 05:44:23 - [TEST_STEP][PASSED] - try: null

2020-03-10 05:44:23 - [TEST_STEP][PASSED] - if (selenium.isElementPresent("xpath=//h2[contains(text(),'Thank You')]")): null

2020-03-10 05:44:23 - [TEST_STEP][PASSED] - Thread.sleep(1000): null

2020-03-10 05:44:24 - [TEST_STEP][PASSED] - try: null

2020-03-10 05:44:24 - [TEST_STEP][PASSED] - if (selenium.isElementPresent("xpath=//h2[contains(text(),'Thank You')]")): null

2020-03-10 05:44:24 - [TEST_STEP][PASSED] - Thread.sleep(1000): null

2020-03-10 05:44:25 - [TEST_STEP][PASSED] - try: null

2020-03-10 05:44:25 - [TEST_STEP][PASSED] - if (selenium.isElementPresent("xpath=//h2[contains(text(),'Thank You')]")): null

2020-03-10 05:44:25 - [TEST_STEP][PASSED] - Thread.sleep(1000): null

2020-03-10 05:44:26 - [TEST_STEP][PASSED] - try: null

2020-03-10 05:44:26 - [TEST_STEP][PASSED] - if (selenium.isElementPresent("xpath=//h2[contains(text(),'Thank You')]")): null

2020-03-10 05:44:26 - [TEST_STEP][PASSED] - Thread.sleep(1000): null

2020-03-10 05:44:27 - [TEST_STEP][PASSED] - try: null

2020-03-10 05:44:27 - [TEST_STEP][PASSED] - if (selenium.isElementPresent("xpath=//h2[contains(text(),'Thank You')]")): null

2020-03-10 05:44:27 - [TEST_STEP][PASSED] - Thread.sleep(1000): null

2020-03-10 05:44:28 - [TEST_STEP][PASSED] - try: null

2020-03-10 05:44:28 - [TEST_STEP][PASSED] - if (selenium.isElementPresent("xpath=//h2[contains(text(),'Thank You')]")): null

2020-03-10 05:44:28 - [TEST_STEP][PASSED] - Thread.sleep(1000): null

2020-03-10 05:44:29 - [TEST_STEP][PASSED] - try: null

2020-03-10 05:44:29 - [TEST_STEP][PASSED] - if (selenium.isElementPresent("xpath=//h2[contains(text(),'Thank You')]")): null

2020-03-10 05:44:29 - [TEST_STEP][PASSED] - Thread.sleep(1000): null

2020-03-10 05:44:30 - [TEST_STEP][PASSED] - try: null

2020-03-10 05:44:30 - [TEST_STEP][PASSED] - if (selenium.isElementPresent("xpath=//h2[contains(text(),'Thank You')]")): null

2020-03-10 05:44:31 - [TEST_STEP][PASSED] - Thread.sleep(1000): null

2020-03-10 05:44:32 - [TEST_STEP][PASSED] - try: null

2020-03-10 05:44:32 - [TEST_STEP][PASSED] - if (selenium.isElementPresent("xpath=//h2[contains(text(),'Thank You')]")): null

2020-03-10 05:44:32 - [TEST_STEP][PASSED] - Thread.sleep(1000): null

2020-03-10 05:44:33 - [TEST_STEP][PASSED] - try: null

2020-03-10 05:44:33 - [TEST_STEP][PASSED] - if (selenium.isElementPresent("xpath=//h2[contains(text(),'Thank You')]")): null

2020-03-10 05:44:33 - [TEST_STEP][PASSED] - Thread.sleep(1000): null

2020-03-10 05:44:34 - [TEST_STEP][PASSED] - try: null

2020-03-10 05:44:34 - [TEST_STEP][PASSED] - if (selenium.isElementPresent("xpath=//h2[contains(text(),'Thank You')]")): null

2020-03-10 05:44:34 - [TEST_STEP][PASSED] - Thread.sleep(1000): null

2020-03-10 05:44:35 - [TEST_STEP][PASSED] - try: null

2020-03-10 05:44:35 - [TEST_STEP][PASSED] - if (selenium.isElementPresent("xpath=//h2[contains(text(),'Thank You')]")): null

2020-03-10 05:44:35 - [TEST_STEP][PASSED] - Thread.sleep(1000): null

2020-03-10 05:44:36 - [TEST_STEP][PASSED] - try: null

2020-03-10 05:44:36 - [TEST_STEP][PASSED] - if (selenium.isElementPresent("xpath=//h2[contains(text(),'Thank You')]")): null

2020-03-10 05:44:36 - [TEST_STEP][PASSED] - Thread.sleep(1000): null

2020-03-10 05:44:37 - [TEST_STEP][PASSED] - try: null

2020-03-10 05:44:37 - [TEST_STEP][PASSED] - if (selenium.isElementPresent("xpath=//h2[contains(text(),'Thank You')]")): null

2020-03-10 05:44:37 - [TEST_STEP][PASSED] - Thread.sleep(1000): null

2020-03-10 05:44:38 - [TEST_STEP][PASSED] - try: null

2020-03-10 05:44:38 - [TEST_STEP][PASSED] - if (selenium.isElementPresent("xpath=//h2[contains(text(),'Thank You')]")): null

2020-03-10 05:44:38 - [TEST_STEP][PASSED] - Thread.sleep(1000): null

2020-03-10 05:44:39 - [TEST_STEP][PASSED] - try: null

2020-03-10 05:44:39 - [TEST_STEP][PASSED] - if (selenium.isElementPresent("xpath=//h2[contains(text(),'Thank You')]")): null

2020-03-10 05:44:39 - [TEST_STEP][PASSED] - Thread.sleep(1000): null

2020-03-10 05:44:40 - [TEST_STEP][PASSED] - try: null

2020-03-10 05:44:40 - [TEST_STEP][PASSED] - if (selenium.isElementPresent("xpath=//h2[contains(text(),'Thank You')]")): null

2020-03-10 05:44:40 - [TEST_STEP][PASSED] - Thread.sleep(1000): null

2020-03-10 05:44:41 - [TEST_STEP][PASSED] - try: null

2020-03-10 05:44:41 - [TEST_STEP][PASSED] - if (selenium.isElementPresent("xpath=//h2[contains(text(),'Thank You')]")): null

2020-03-10 05:44:42 - [TEST_STEP][PASSED] - Thread.sleep(1000): null

2020-03-10 05:44:43 - [TEST_STEP][PASSED] - try: null

2020-03-10 05:44:43 - [TEST_STEP][PASSED] - if (selenium.isElementPresent("xpath=//h2[contains(text(),'Thank You')]")): null

2020-03-10 05:44:43 - [TEST_STEP][PASSED] - Thread.sleep(1000): null

2020-03-10 05:44:44 - [TEST_STEP][PASSED] - try: null

2020-03-10 05:44:44 - [TEST_STEP][PASSED] - if (selenium.isElementPresent("xpath=//h2[contains(text(),'Thank You')]")): null

2020-03-10 05:44:44 - [TEST_STEP][PASSED] - Thread.sleep(1000): null

2020-03-10 05:44:45 - [TEST_STEP][PASSED] - try: null

2020-03-10 05:44:45 - [TEST_STEP][PASSED] - if (selenium.isElementPresent("xpath=//h2[contains(text(),'Thank You')]")): null

2020-03-10 05:44:45 - [TEST_STEP][PASSED] - Thread.sleep(1000): null

2020-03-10 05:44:46 - [TEST_STEP][PASSED] - try: null

2020-03-10 05:44:46 - [TEST_STEP][PASSED] - if (selenium.isElementPresent("xpath=//h2[contains(text(),'Thank You')]")): null

2020-03-10 05:44:46 - [TEST_STEP][PASSED] - Thread.sleep(1000): null

2020-03-10 05:44:47 - [TEST_STEP][PASSED] - try: null

2020-03-10 05:44:47 - [TEST_STEP][PASSED] - if (selenium.isElementPresent("xpath=//h2[contains(text(),'Thank You')]")): null

2020-03-10 05:44:47 - [TEST_STEP][PASSED] - Thread.sleep(1000): null

2020-03-10 05:44:48 - [TEST_STEP][PASSED] - try: null

2020-03-10 05:44:48 - [TEST_STEP][PASSED] - if (selenium.isElementPresent("xpath=//h2[contains(text(),'Thank You')]")): null

2020-03-10 05:44:48 - [TEST_STEP][PASSED] - Thread.sleep(1000): null

2020-03-10 05:44:49 - [TEST_STEP][PASSED] - try: null

2020-03-10 05:44:49 - [TEST_STEP][PASSED] - if (selenium.isElementPresent("xpath=//h2[contains(text(),'Thank You')]")): null

2020-03-10 05:44:49 - [TEST_STEP][PASSED] - Thread.sleep(1000): null

2020-03-10 05:44:50 - [TEST_STEP][PASSED] - callTestCase(findTestCase("AHI/_include/get_screenshot"), [:], STOP_ON_FAILURE): Call Test Case 'Test Cases/AHI/_include/get_screenshot' successfully

2020-03-10 05:44:50 - [TEST_CASE][PASSED] - Test Cases/AHI/_include/get_screenshot: Test Cases/AHI/_include/get_screenshot

2020-03-10 05:44:50 - [TEST_STEP][PASSED] - Thread.sleep(1000): null

2020-03-10 05:44:51 - [TEST_STEP][PASSED] - takeScreenshot(screenPath + i + ".png"): Taking screenshot successfully

2020-03-10 05:44:52 - [MESSAGE][PASSED] - Taking screenshot successfully
[[ATTACHMENT|D:\\Test\\AgileTest\\Reports\\AHI\\ahi\\20200310_052754\\../Screenshots/iPhone 6/AHI/Pet Insurance/20200310_054334/10.png]]

2020-03-10 05:44:52 - [TEST_STEP][PASSED] - (internal.GlobalVariable.i++): null

2020-03-10 05:44:52 - [MESSAGE][PASSED] - Call Test Case 'Test Cases/AHI/_include/get_screenshot' successfully]]></system-out>
         <system-err><![CDATA[]]></system-err>
      </testcase>
      <testcase name="Test Cases/AHI/NEW/STM" classname="Test Cases/AHI/NEW/STM" status="PASSED">
         <system-out><![CDATA[2020-03-10 05:44:52 - [TEST_CASE][PASSED] - Test Cases/AHI/NEW/STM: Test Cases/AHI/NEW/STM

2020-03-10 05:44:52 - [TEST_STEP][PASSED] - callTestCase(findTestCase("AHI/_include/get_screenPath"), ["productLine":"AHI", "carrierName":"STM"], CONTINUE_ON_FAILURE): Call Test Case 'Test Cases/AHI/_include/get_screenPath' successfully

2020-03-10 05:44:52 - [TEST_CASE][PASSED] - Test Cases/AHI/_include/get_screenPath: Test Cases/AHI/_include/get_screenPath

2020-03-10 05:44:52 - [TEST_STEP][PASSED] - m = getExecutionProperties(): null

2020-03-10 05:44:52 - [TEST_STEP][PASSED] - deviceName = get("mobileEmulation").get("deviceName"): null

2020-03-10 05:44:52 - [TEST_STEP][PASSED] - println(deviceName): null

2020-03-10 05:44:52 - [TEST_STEP][PASSED] - now = new java.util.Date(): null

2020-03-10 05:44:52 - [TEST_STEP][PASSED] - mydate = now.format("yyyyMMdd_HHmmss"): null

2020-03-10 05:44:52 - [TEST_STEP][PASSED] - screenPath = "../Screenshots/": null

2020-03-10 05:44:52 - [TEST_STEP][PASSED] - screenPath = screenPath + deviceName + "/" + productLine + "/" + carrierName + "/" + mydate + "/": null

2020-03-10 05:44:52 - [TEST_STEP][PASSED] - println(screenPath): null

2020-03-10 05:44:52 - [MESSAGE][PASSED] - Call Test Case 'Test Cases/AHI/_include/get_screenPath' successfully

2020-03-10 05:44:52 - [TEST_STEP][PASSED] - i = 0: null

2020-03-10 05:44:52 - [TEST_STEP][PASSED] - callTestCase(findTestCase("AHI/_include/openWebSite"), [:], CONTINUE_ON_FAILURE): Call Test Case 'Test Cases/AHI/_include/openWebSite' successfully

2020-03-10 05:44:52 - [TEST_CASE][PASSED] - Test Cases/AHI/_include/openWebSite: Test Cases/AHI/_include/openWebSite

2020-03-10 05:44:52 - [TEST_STEP][PASSED] - openBrowser(env): Browser is opened with url: 'https://praetemptatus.agilehealthinsurance.com'

2020-03-10 05:44:52 - [MESSAGE][WARNING] - A browser is already opened. Closing browser and opening a new one

2020-03-10 05:44:53 - [MESSAGE][INFO] - Starting 'Chrome' driver

2020-03-10 05:44:53 - [MESSAGE][INFO] - User set preference: ['mobileEmulation', '{deviceName=iPhone 6}']

2020-03-10 05:44:53 - [MESSAGE][INFO] - User set preference: ['args', '[--incognito, --aggressive-cache-discard, --window-size=375,677, --no-sandbox, --ignore-certificate-errors]']

2020-03-10 05:44:55 - [MESSAGE][PASSED] - Browser is opened with url: 'https://praetemptatus.agilehealthinsurance.com'

2020-03-10 05:44:55 - [TEST_STEP][PASSED] - waitForPageLoad(20): Wait for page load successfully

2020-03-10 05:44:56 - [MESSAGE][PASSED] - Wait for page load successfully

2020-03-10 05:44:56 - [TEST_STEP][PASSED] - callTestCase(findTestCase("AHI/_include/get_screenshot"), [:], STOP_ON_FAILURE): Call Test Case 'Test Cases/AHI/_include/get_screenshot' successfully

2020-03-10 05:44:56 - [TEST_CASE][PASSED] - Test Cases/AHI/_include/get_screenshot: Test Cases/AHI/_include/get_screenshot

2020-03-10 05:44:56 - [TEST_STEP][PASSED] - Thread.sleep(1000): null

2020-03-10 05:44:57 - [TEST_STEP][PASSED] - takeScreenshot(screenPath + i + ".png"): Taking screenshot successfully

2020-03-10 05:44:58 - [MESSAGE][PASSED] - Taking screenshot successfully
[[ATTACHMENT|D:\\Test\\AgileTest\\Reports\\AHI\\ahi\\20200310_052754\\../Screenshots/iPhone 6/AHI/STM/20200310_054452/0.png]]

2020-03-10 05:44:58 - [TEST_STEP][PASSED] - (internal.GlobalVariable.i++): null

2020-03-10 05:44:58 - [MESSAGE][PASSED] - Call Test Case 'Test Cases/AHI/_include/get_screenshot' successfully

2020-03-10 05:44:58 - [MESSAGE][PASSED] - Call Test Case 'Test Cases/AHI/_include/openWebSite' successfully

2020-03-10 05:44:58 - [TEST_STEP][PASSED] - driver = getWebDriver(): null

2020-03-10 05:44:58 - [TEST_STEP][PASSED] - baseUrl = ENV: null

2020-03-10 05:44:58 - [TEST_STEP][PASSED] - selenium = new com.thoughtworks.selenium.webdriven.WebDriverBackedSelenium(driver, baseUrl): null

2020-03-10 05:44:58 - [TEST_STEP][PASSED] - selenium.click("//*[@class='filter-option-inner-inner']"): null

2020-03-10 05:44:58 - [TEST_STEP][PASSED] - selenium.click("id=bs-select-1-6"): null

2020-03-10 05:44:58 - [TEST_STEP][PASSED] - selenium.click("id=primaryCTA"): null

2020-03-10 05:44:59 - [TEST_STEP][PASSED] - for ([second = 0, second < 10, (second++)]): null

2020-03-10 05:44:59 - [TEST_STEP][PASSED] - try: null

2020-03-10 05:44:59 - [TEST_STEP][PASSED] - if (selenium.isElementPresent("id=js-traffic-to-aiq")): null

2020-03-10 05:44:59 - [TEST_STEP][PASSED] - break: null

2020-03-10 05:44:59 - [TEST_STEP][PASSED] - callTestCase(findTestCase("AHI/_include/get_screenshot"), [:], STOP_ON_FAILURE): Call Test Case 'Test Cases/AHI/_include/get_screenshot' successfully

2020-03-10 05:44:59 - [TEST_CASE][PASSED] - Test Cases/AHI/_include/get_screenshot: Test Cases/AHI/_include/get_screenshot

2020-03-10 05:44:59 - [TEST_STEP][PASSED] - Thread.sleep(1000): null

2020-03-10 05:45:00 - [TEST_STEP][PASSED] - takeScreenshot(screenPath + i + ".png"): Taking screenshot successfully

2020-03-10 05:45:01 - [MESSAGE][PASSED] - Taking screenshot successfully
[[ATTACHMENT|D:\\Test\\AgileTest\\Reports\\AHI\\ahi\\20200310_052754\\../Screenshots/iPhone 6/AHI/STM/20200310_054452/1.png]]

2020-03-10 05:45:01 - [TEST_STEP][PASSED] - (internal.GlobalVariable.i++): null

2020-03-10 05:45:01 - [MESSAGE][PASSED] - Call Test Case 'Test Cases/AHI/_include/get_screenshot' successfully

2020-03-10 05:45:01 - [TEST_STEP][PASSED] - url = selenium.getAttribute("xpath=(//a[@id='js-traffic-to-aiq'])@href"): null

2020-03-10 05:45:01 - [TEST_STEP][PASSED] - navigateToUrl(url): Navigate to 'https://healthinsurance.net/health' successfully

2020-03-10 05:45:05 - [MESSAGE][PASSED] - Navigate to 'https://healthinsurance.net/health' successfully

2020-03-10 05:45:05 - [TEST_STEP][PASSED] - waitForPageLoad(10): Wait for page load successfully

2020-03-10 05:45:06 - [MESSAGE][PASSED] - Wait for page load successfully

2020-03-10 05:45:06 - [TEST_STEP][PASSED] - callTestCase(findTestCase("AHI/_include/get_screenshot"), [:], STOP_ON_FAILURE): Call Test Case 'Test Cases/AHI/_include/get_screenshot' successfully

2020-03-10 05:45:06 - [TEST_CASE][PASSED] - Test Cases/AHI/_include/get_screenshot: Test Cases/AHI/_include/get_screenshot

2020-03-10 05:45:06 - [TEST_STEP][PASSED] - Thread.sleep(1000): null

2020-03-10 05:45:07 - [TEST_STEP][PASSED] - takeScreenshot(screenPath + i + ".png"): Taking screenshot successfully

2020-03-10 05:45:07 - [MESSAGE][PASSED] - Taking screenshot successfully
[[ATTACHMENT|D:\\Test\\AgileTest\\Reports\\AHI\\ahi\\20200310_052754\\../Screenshots/iPhone 6/AHI/STM/20200310_054452/2.png]]

2020-03-10 05:45:07 - [TEST_STEP][PASSED] - (internal.GlobalVariable.i++): null

2020-03-10 05:45:07 - [MESSAGE][PASSED] - Call Test Case 'Test Cases/AHI/_include/get_screenshot' successfully]]></system-out>
         <system-err><![CDATA[]]></system-err>
      </testcase>
      <testcase name="Test Cases/AHI/NEW/Teladoc" classname="Test Cases/AHI/NEW/Teladoc" status="PASSED">
         <system-out><![CDATA[2020-03-10 05:45:07 - [TEST_CASE][PASSED] - Test Cases/AHI/NEW/Teladoc: Test Cases/AHI/NEW/Teladoc

2020-03-10 05:45:08 - [TEST_STEP][PASSED] - callTestCase(findTestCase("AHI/_include/get_screenPath"), ["productLine":"AHI", "carrierName":"Teladoc"], CONTINUE_ON_FAILURE): Call Test Case 'Test Cases/AHI/_include/get_screenPath' successfully

2020-03-10 05:45:08 - [TEST_CASE][PASSED] - Test Cases/AHI/_include/get_screenPath: Test Cases/AHI/_include/get_screenPath

2020-03-10 05:45:08 - [TEST_STEP][PASSED] - m = getExecutionProperties(): null

2020-03-10 05:45:08 - [TEST_STEP][PASSED] - deviceName = get("mobileEmulation").get("deviceName"): null

2020-03-10 05:45:08 - [TEST_STEP][PASSED] - println(deviceName): null

2020-03-10 05:45:08 - [TEST_STEP][PASSED] - now = new java.util.Date(): null

2020-03-10 05:45:08 - [TEST_STEP][PASSED] - mydate = now.format("yyyyMMdd_HHmmss"): null

2020-03-10 05:45:08 - [TEST_STEP][PASSED] - screenPath = "../Screenshots/": null

2020-03-10 05:45:08 - [TEST_STEP][PASSED] - screenPath = screenPath + deviceName + "/" + productLine + "/" + carrierName + "/" + mydate + "/": null

2020-03-10 05:45:08 - [TEST_STEP][PASSED] - println(screenPath): null

2020-03-10 05:45:08 - [MESSAGE][PASSED] - Call Test Case 'Test Cases/AHI/_include/get_screenPath' successfully

2020-03-10 05:45:08 - [TEST_STEP][PASSED] - i = 0: null

2020-03-10 05:45:08 - [TEST_STEP][PASSED] - callTestCase(findTestCase("AHI/_include/openWebSite"), [:], STOP_ON_FAILURE): Call Test Case 'Test Cases/AHI/_include/openWebSite' successfully

2020-03-10 05:45:08 - [TEST_CASE][PASSED] - Test Cases/AHI/_include/openWebSite: Test Cases/AHI/_include/openWebSite

2020-03-10 05:45:08 - [TEST_STEP][PASSED] - openBrowser(env): Browser is opened with url: 'https://praetemptatus.agilehealthinsurance.com'

2020-03-10 05:45:08 - [MESSAGE][WARNING] - A browser is already opened. Closing browser and opening a new one

2020-03-10 05:45:09 - [MESSAGE][INFO] - Starting 'Chrome' driver

2020-03-10 05:45:09 - [MESSAGE][INFO] - User set preference: ['mobileEmulation', '{deviceName=iPhone 6}']

2020-03-10 05:45:09 - [MESSAGE][INFO] - User set preference: ['args', '[--incognito, --aggressive-cache-discard, --window-size=375,677, --no-sandbox, --ignore-certificate-errors]']

2020-03-10 05:45:12 - [MESSAGE][PASSED] - Browser is opened with url: 'https://praetemptatus.agilehealthinsurance.com'

2020-03-10 05:45:12 - [TEST_STEP][PASSED] - waitForPageLoad(20): Wait for page load successfully

2020-03-10 05:45:12 - [MESSAGE][PASSED] - Wait for page load successfully

2020-03-10 05:45:12 - [TEST_STEP][PASSED] - callTestCase(findTestCase("AHI/_include/get_screenshot"), [:], STOP_ON_FAILURE): Call Test Case 'Test Cases/AHI/_include/get_screenshot' successfully

2020-03-10 05:45:12 - [TEST_CASE][PASSED] - Test Cases/AHI/_include/get_screenshot: Test Cases/AHI/_include/get_screenshot

2020-03-10 05:45:12 - [TEST_STEP][PASSED] - Thread.sleep(1000): null

2020-03-10 05:45:13 - [TEST_STEP][PASSED] - takeScreenshot(screenPath + i + ".png"): Taking screenshot successfully

2020-03-10 05:45:14 - [MESSAGE][PASSED] - Taking screenshot successfully
[[ATTACHMENT|D:\\Test\\AgileTest\\Reports\\AHI\\ahi\\20200310_052754\\../Screenshots/iPhone 6/AHI/Teladoc/20200310_054508/0.png]]

2020-03-10 05:45:14 - [TEST_STEP][PASSED] - (internal.GlobalVariable.i++): null

2020-03-10 05:45:14 - [MESSAGE][PASSED] - Call Test Case 'Test Cases/AHI/_include/get_screenshot' successfully

2020-03-10 05:45:14 - [MESSAGE][PASSED] - Call Test Case 'Test Cases/AHI/_include/openWebSite' successfully

2020-03-10 05:45:14 - [TEST_STEP][PASSED] - driver = getWebDriver(): null

2020-03-10 05:45:14 - [TEST_STEP][PASSED] - baseUrl = ENV: null

2020-03-10 05:45:14 - [TEST_STEP][PASSED] - selenium = new com.thoughtworks.selenium.webdriven.WebDriverBackedSelenium(driver, baseUrl): null

2020-03-10 05:45:14 - [TEST_STEP][PASSED] - selenium.click("//*[@class='filter-option-inner-inner']"): null

2020-03-10 05:45:14 - [TEST_STEP][PASSED] - selenium.click("id=bs-select-1-7"): null

2020-03-10 05:45:14 - [TEST_STEP][PASSED] - selenium.click("id=primaryCTA"): null

2020-03-10 05:45:15 - [TEST_STEP][PASSED] - waitForElementVisible(findTestObject("mobileSanity/Teladoc/front_door_h1"), 20): Object 'Object Repository/mobileSanity/Teladoc/front_door_h1' is visible

2020-03-10 05:45:16 - [MESSAGE][PASSED] - Object 'Object Repository/mobileSanity/Teladoc/front_door_h1' is visible

2020-03-10 05:45:16 - [TEST_STEP][PASSED] - callTestCase(findTestCase("AHI/_include/get_screenshot"), [:], STOP_ON_FAILURE): Call Test Case 'Test Cases/AHI/_include/get_screenshot' successfully

2020-03-10 05:45:16 - [TEST_CASE][PASSED] - Test Cases/AHI/_include/get_screenshot: Test Cases/AHI/_include/get_screenshot

2020-03-10 05:45:16 - [TEST_STEP][PASSED] - Thread.sleep(1000): null

2020-03-10 05:45:17 - [TEST_STEP][PASSED] - takeScreenshot(screenPath + i + ".png"): Taking screenshot successfully

2020-03-10 05:45:17 - [MESSAGE][PASSED] - Taking screenshot successfully
[[ATTACHMENT|D:\\Test\\AgileTest\\Reports\\AHI\\ahi\\20200310_052754\\../Screenshots/iPhone 6/AHI/Teladoc/20200310_054508/1.png]]

2020-03-10 05:45:17 - [TEST_STEP][PASSED] - (internal.GlobalVariable.i++): null

2020-03-10 05:45:17 - [MESSAGE][PASSED] - Call Test Case 'Test Cases/AHI/_include/get_screenshot' successfully

2020-03-10 05:45:17 - [TEST_STEP][PASSED] - waitForElementVisible(findTestObject("mobileSanity/Teladoc/census/input_Location_zip-input"), 20): Object 'Object Repository/mobileSanity/Teladoc/census/input_Location_zip-input' is visible

2020-03-10 05:45:17 - [MESSAGE][PASSED] - Object 'Object Repository/mobileSanity/Teladoc/census/input_Location_zip-input' is visible

2020-03-10 05:45:17 - [TEST_STEP][PASSED] - sendKeys(findTestObject("mobileSanity/Teladoc/census/input_Location_zip-input"), "35215"): Keys '35215' sent to object: 'Object Repository/mobileSanity/Teladoc/census/input_Location_zip-input'

2020-03-10 05:45:18 - [MESSAGE][PASSED] - Keys '35215' sent to object: 'Object Repository/mobileSanity/Teladoc/census/input_Location_zip-input'

2020-03-10 05:45:18 - [TEST_STEP][PASSED] - Thread.sleep(500): null

2020-03-10 05:45:18 - [TEST_STEP][PASSED] - setText(findTestObject("mobileSanity/Teladoc/census/input_Date of Birth_dob-0"), "12121980"): Text '12121980' is set on object 'Object Repository/mobileSanity/Teladoc/census/input_Date of Birth_dob-0'

2020-03-10 05:45:18 - [MESSAGE][PASSED] - Text '12121980' is set on object 'Object Repository/mobileSanity/Teladoc/census/input_Date of Birth_dob-0'

2020-03-10 05:45:18 - [TEST_STEP][PASSED] - click(findTestObject("mobileSanity/Teladoc/census/label_Male")): Object: 'Object Repository/mobileSanity/Teladoc/census/label_Male' is clicked on

2020-03-10 05:45:18 - [MESSAGE][PASSED] - Object: 'Object Repository/mobileSanity/Teladoc/census/label_Male' is clicked on

2020-03-10 05:45:18 - [TEST_STEP][PASSED] - Thread.sleep(3000): null

2020-03-10 05:45:21 - [TEST_STEP][PASSED] - click(findTestObject("mobileSanity/Teladoc/census/get_a_quote")): Object: 'Object Repository/mobileSanity/Teladoc/census/get_a_quote' is clicked on

2020-03-10 05:45:22 - [MESSAGE][PASSED] - Object: 'Object Repository/mobileSanity/Teladoc/census/get_a_quote' is clicked on

2020-03-10 05:45:22 - [TEST_STEP][PASSED] - waitForElementVisible(findTestObject("mobileSanity/Teladoc/apply_button"), 20): Object 'Object Repository/mobileSanity/Teladoc/apply_button' is visible

2020-03-10 05:45:22 - [MESSAGE][PASSED] - Object 'Object Repository/mobileSanity/Teladoc/apply_button' is visible

2020-03-10 05:45:22 - [TEST_STEP][PASSED] - callTestCase(findTestCase("AHI/_include/get_screenshot"), [:], STOP_ON_FAILURE): Call Test Case 'Test Cases/AHI/_include/get_screenshot' successfully

2020-03-10 05:45:22 - [TEST_CASE][PASSED] - Test Cases/AHI/_include/get_screenshot: Test Cases/AHI/_include/get_screenshot

2020-03-10 05:45:22 - [TEST_STEP][PASSED] - Thread.sleep(1000): null

2020-03-10 05:45:23 - [TEST_STEP][PASSED] - takeScreenshot(screenPath + i + ".png"): Taking screenshot successfully

2020-03-10 05:45:24 - [MESSAGE][PASSED] - Taking screenshot successfully
[[ATTACHMENT|D:\\Test\\AgileTest\\Reports\\AHI\\ahi\\20200310_052754\\../Screenshots/iPhone 6/AHI/Teladoc/20200310_054508/2.png]]

2020-03-10 05:45:24 - [TEST_STEP][PASSED] - (internal.GlobalVariable.i++): null

2020-03-10 05:45:24 - [MESSAGE][PASSED] - Call Test Case 'Test Cases/AHI/_include/get_screenshot' successfully

2020-03-10 05:45:24 - [TEST_STEP][PASSED] - click(findTestObject("mobileSanity/Teladoc/apply_button")): Object: 'Object Repository/mobileSanity/Teladoc/apply_button' is clicked on

2020-03-10 05:45:25 - [MESSAGE][PASSED] - Object: 'Object Repository/mobileSanity/Teladoc/apply_button' is clicked on

2020-03-10 05:45:25 - [TEST_STEP][PASSED] - waitForPageLoad(20): Wait for page load successfully

2020-03-10 05:45:25 - [MESSAGE][PASSED] - Wait for page load successfully

2020-03-10 05:45:25 - [TEST_STEP][PASSED] - waitForElementPresent(findTestObject("mobileSanity/Teladoc/Page_App Page 1/input__member-P-1-firstName"), 20): Object 'Object Repository/mobileSanity/Teladoc/Page_App Page 1/input__member-P-1-firstName' is present

2020-03-10 05:45:25 - [MESSAGE][PASSED] - Object 'Object Repository/mobileSanity/Teladoc/Page_App Page 1/input__member-P-1-firstName' is present

2020-03-10 05:45:25 - [TEST_STEP][PASSED] - callTestCase(findTestCase("AHI/_include/get_screenshot"), [:], STOP_ON_FAILURE): Call Test Case 'Test Cases/AHI/_include/get_screenshot' successfully

2020-03-10 05:45:25 - [TEST_CASE][PASSED] - Test Cases/AHI/_include/get_screenshot: Test Cases/AHI/_include/get_screenshot

2020-03-10 05:45:25 - [TEST_STEP][PASSED] - Thread.sleep(1000): null

2020-03-10 05:45:26 - [TEST_STEP][PASSED] - takeScreenshot(screenPath + i + ".png"): Taking screenshot successfully

2020-03-10 05:45:27 - [MESSAGE][PASSED] - Taking screenshot successfully
[[ATTACHMENT|D:\\Test\\AgileTest\\Reports\\AHI\\ahi\\20200310_052754\\../Screenshots/iPhone 6/AHI/Teladoc/20200310_054508/3.png]]

2020-03-10 05:45:27 - [TEST_STEP][PASSED] - (internal.GlobalVariable.i++): null

2020-03-10 05:45:27 - [MESSAGE][PASSED] - Call Test Case 'Test Cases/AHI/_include/get_screenshot' successfully

2020-03-10 05:45:27 - [TEST_STEP][PASSED] - callTestCase(findTestCase("AHI/_include/name"), [:], STOP_ON_FAILURE): Call Test Case 'Test Cases/AHI/_include/name' successfully

2020-03-10 05:45:27 - [TEST_CASE][PASSED] - Test Cases/AHI/_include/name: Test Cases/AHI/_include/name

2020-03-10 05:45:27 - [TEST_STEP][PASSED] - driver = getWebDriver(): null

2020-03-10 05:45:27 - [TEST_STEP][PASSED] - selenium = new com.thoughtworks.selenium.webdriven.WebDriverBackedSelenium(driver, internal.GlobalVariable.ENV): null

2020-03-10 05:45:27 - [TEST_STEP][PASSED] - FirstName = "Test-123": null

2020-03-10 05:45:27 - [TEST_STEP][PASSED] - LastName = selenium.getEval("{var x="ABCDEFGHIJKLMNOPQRSTUVWXYZabcdefghijklmnopqrstuvwxyz"; var tmp="ZZ11-"; for (i=0;i<8;i++) tmp+=x.charAt(Math.ceil(51*Math.random()));tmp;}"): null

2020-03-10 05:45:27 - [TEST_STEP][PASSED] - Address = selenium.getEval("{var x="ABCDEFGHIJKLMNOPQRSTUVWXYZabcdefghijklmnopqrstuvwxyz"; var tmp=""; for (i=0;i<8;i++) tmp+=x.charAt(Math.ceil(51*Math.random()));tmp;}"): null

2020-03-10 05:45:27 - [TEST_STEP][PASSED] - City = selenium.getEval("{var x="ABCDEFGHIJKLMNOPQRSTUVWXYZabcdefghijklmnopqrstuvwxyz"; var tmp=""; for (i=0;i<8;i++) tmp+=x.charAt(Math.ceil(51*Math.random()));tmp;}"): null

2020-03-10 05:45:27 - [TEST_STEP][PASSED] - tel1 = selenium.getEval("{var x="123456789"; var tmp=""; for (i=0;i<3;i++) tmp+=x.charAt(Math.ceil(8*Math.random()));tmp;}"): null

2020-03-10 05:45:27 - [TEST_STEP][PASSED] - tel2 = selenium.getEval("{var x="123456789"; var tmp=""; for (i=0;i<3;i++) tmp+=x.charAt(Math.ceil(8*Math.random()));tmp;}"): null

2020-03-10 05:45:27 - [TEST_STEP][PASSED] - tel3 = selenium.getEval("{var x="123456789"; var tmp=""; for (i=0;i<4;i++) tmp+=x.charAt(Math.ceil(8*Math.random()));tmp;}"): null

2020-03-10 05:45:27 - [TEST_STEP][PASSED] - Tel = selenium.getExpression(tel1 + "-" + tel2 + "-" + tel3): null

2020-03-10 05:45:27 - [TEST_STEP][PASSED] - AutoEmail = selenium.getEval("{var x="ABCDEFGHIJKLMNOPQRSTUVWXYZabcdefghijklmnopqrstuvwxyz"; var tmp="test."; for (i=0;i<8;i++) tmp+=x.charAt(Math.ceil(51*Math.random()));tmp+="@suryani.cn";}"): null

2020-03-10 05:45:27 - [TEST_STEP][PASSED] - FirstName = FirstName: null

2020-03-10 05:45:27 - [TEST_STEP][PASSED] - LastName = LastName: null

2020-03-10 05:45:27 - [TEST_STEP][PASSED] - Address = Address: null

2020-03-10 05:45:27 - [TEST_STEP][PASSED] - City = City: null

2020-03-10 05:45:27 - [TEST_STEP][PASSED] - Tel = Tel: null

2020-03-10 05:45:27 - [TEST_STEP][PASSED] - AutoEmail = AutoEmail: null

2020-03-10 05:45:27 - [TEST_STEP][PASSED] - println(FirstName): null

2020-03-10 05:45:27 - [TEST_STEP][PASSED] - println(LastName): null

2020-03-10 05:45:27 - [TEST_STEP][PASSED] - println(Address): null

2020-03-10 05:45:27 - [TEST_STEP][PASSED] - println(City): null

2020-03-10 05:45:27 - [TEST_STEP][PASSED] - println(Tel): null

2020-03-10 05:45:27 - [TEST_STEP][PASSED] - println(AutoEmail): null

2020-03-10 05:45:27 - [MESSAGE][PASSED] - Call Test Case 'Test Cases/AHI/_include/name' successfully

2020-03-10 05:45:27 - [TEST_STEP][PASSED] - setText(findTestObject("mobileSanity/Teladoc/Page_App Page 1/input__member-P-1-firstName"), FirstName): Text 'Test-123' is set on object 'Object Repository/mobileSanity/Teladoc/Page_App Page 1/input__member-P-1-firstName'

2020-03-10 05:45:27 - [MESSAGE][PASSED] - Text 'Test-123' is set on object 'Object Repository/mobileSanity/Teladoc/Page_App Page 1/input__member-P-1-firstName'

2020-03-10 05:45:27 - [TEST_STEP][PASSED] - setText(findTestObject("mobileSanity/Teladoc/Page_App Page 1/input__member-P-1-lastName"), LastName): Text 'ZZ11-QqpJiedU' is set on object 'Object Repository/mobileSanity/Teladoc/Page_App Page 1/input__member-P-1-lastName'

2020-03-10 05:45:27 - [MESSAGE][PASSED] - Text 'ZZ11-QqpJiedU' is set on object 'Object Repository/mobileSanity/Teladoc/Page_App Page 1/input__member-P-1-lastName'

2020-03-10 05:45:27 - [TEST_STEP][PASSED] - selectOptionByValue(findTestObject("mobileSanity/Teladoc/Page_App Page 1/select_01020304050607"), "05", true): All options with value '05' are selected in object 'Object Repository/mobileSanity/Teladoc/Page_App Page 1/select_01020304050607'  using regular expression

2020-03-10 05:45:28 - [MESSAGE][PASSED] - All options with value '05' are selected in object 'Object Repository/mobileSanity/Teladoc/Page_App Page 1/select_01020304050607'  using regular expression

2020-03-10 05:45:28 - [TEST_STEP][PASSED] - selectOptionByValue(findTestObject("mobileSanity/Teladoc/Page_App Page 1/select_00102030405060708091011"), "06", true): All options with value '06' are selected in object 'Object Repository/mobileSanity/Teladoc/Page_App Page 1/select_00102030405060708091011'  using regular expression

2020-03-10 05:45:28 - [MESSAGE][PASSED] - All options with value '06' are selected in object 'Object Repository/mobileSanity/Teladoc/Page_App Page 1/select_00102030405060708091011'  using regular expression

2020-03-10 05:45:28 - [TEST_STEP][PASSED] - setText(findTestObject("mobileSanity/Teladoc/Page_App Page 1/input_lbs"), "180"): Text '180' is set on object 'Object Repository/mobileSanity/Teladoc/Page_App Page 1/input_lbs'

2020-03-10 05:45:28 - [MESSAGE][PASSED] - Text '180' is set on object 'Object Repository/mobileSanity/Teladoc/Page_App Page 1/input_lbs'

2020-03-10 05:45:28 - [TEST_STEP][PASSED] - setText(findTestObject("mobileSanity/Teladoc/Page_App Page 1/input__address"), Address): Text 'qDeoaavG' is set on object 'Object Repository/mobileSanity/Teladoc/Page_App Page 1/input__address'

2020-03-10 05:45:29 - [MESSAGE][PASSED] - Text 'qDeoaavG' is set on object 'Object Repository/mobileSanity/Teladoc/Page_App Page 1/input__address'

2020-03-10 05:45:29 - [TEST_STEP][PASSED] - setText(findTestObject("mobileSanity/Teladoc/Page_App Page 1/input__city"), City): Text 'uWKRClrU' is set on object 'Object Repository/mobileSanity/Teladoc/Page_App Page 1/input__city'

2020-03-10 05:45:29 - [MESSAGE][PASSED] - Text 'uWKRClrU' is set on object 'Object Repository/mobileSanity/Teladoc/Page_App Page 1/input__city'

2020-03-10 05:45:29 - [TEST_STEP][PASSED] - setText(findTestObject("mobileSanity/Teladoc/Page_App Page 1/input__email"), AutoEmail): Text 'test.jpGoruWM@suryani.cn' is set on object 'Object Repository/mobileSanity/Teladoc/Page_App Page 1/input__email'

2020-03-10 05:45:29 - [MESSAGE][PASSED] - Text 'test.jpGoruWM@suryani.cn' is set on object 'Object Repository/mobileSanity/Teladoc/Page_App Page 1/input__email'

2020-03-10 05:45:29 - [TEST_STEP][PASSED] - setText(findTestObject("mobileSanity/Teladoc/Page_App Page 1/input_phone number"), Tel): Text '444-284-8949' is set on object 'Object Repository/mobileSanity/Teladoc/Page_App Page 1/input_phone number'

2020-03-10 05:45:30 - [MESSAGE][PASSED] - Text '444-284-8949' is set on object 'Object Repository/mobileSanity/Teladoc/Page_App Page 1/input_phone number'

2020-03-10 05:45:30 - [TEST_STEP][PASSED] - Thread.sleep(5000): null

2020-03-10 05:45:35 - [TEST_STEP][PASSED] - click(findTestObject("mobileSanity/Teladoc/Page_App Page 1/a_Continue to Step 2 - Payment")): Object: 'Object Repository/mobileSanity/Teladoc/Page_App Page 1/a_Continue to Step 2 - Payment' is clicked on

2020-03-10 05:45:35 - [MESSAGE][PASSED] - Object: 'Object Repository/mobileSanity/Teladoc/Page_App Page 1/a_Continue to Step 2 - Payment' is clicked on

2020-03-10 05:45:35 - [TEST_STEP][PASSED] - waitForPageLoad(20): Wait for page load successfully

2020-03-10 05:45:35 - [MESSAGE][PASSED] - Wait for page load successfully

2020-03-10 05:45:35 - [TEST_STEP][PASSED] - waitForElementVisible(findTestObject("mobileSanity/Teladoc/Page_App Page 2/input__credit-card-first"), 20): Object 'Object Repository/mobileSanity/Teladoc/Page_App Page 2/input__credit-card-first' is visible

2020-03-10 05:45:35 - [MESSAGE][PASSED] - Object 'Object Repository/mobileSanity/Teladoc/Page_App Page 2/input__credit-card-first' is visible

2020-03-10 05:45:35 - [TEST_STEP][PASSED] - callTestCase(findTestCase("AHI/_include/get_screenshot"), [:], STOP_ON_FAILURE): Call Test Case 'Test Cases/AHI/_include/get_screenshot' successfully

2020-03-10 05:45:35 - [TEST_CASE][PASSED] - Test Cases/AHI/_include/get_screenshot: Test Cases/AHI/_include/get_screenshot

2020-03-10 05:45:35 - [TEST_STEP][PASSED] - Thread.sleep(1000): null

2020-03-10 05:45:36 - [TEST_STEP][PASSED] - takeScreenshot(screenPath + i + ".png"): Taking screenshot successfully

2020-03-10 05:45:37 - [MESSAGE][PASSED] - Taking screenshot successfully
[[ATTACHMENT|D:\\Test\\AgileTest\\Reports\\AHI\\ahi\\20200310_052754\\../Screenshots/iPhone 6/AHI/Teladoc/20200310_054508/4.png]]

2020-03-10 05:45:37 - [TEST_STEP][PASSED] - (internal.GlobalVariable.i++): null

2020-03-10 05:45:37 - [MESSAGE][PASSED] - Call Test Case 'Test Cases/AHI/_include/get_screenshot' successfully

2020-03-10 05:45:37 - [TEST_STEP][PASSED] - setText(findTestObject("mobileSanity/Teladoc/Page_App Page 2/input__credit-card-first"), FirstName): Text 'Test-123' is set on object 'Object Repository/mobileSanity/Teladoc/Page_App Page 2/input__credit-card-first'

2020-03-10 05:45:37 - [MESSAGE][PASSED] - Text 'Test-123' is set on object 'Object Repository/mobileSanity/Teladoc/Page_App Page 2/input__credit-card-first'

2020-03-10 05:45:37 - [TEST_STEP][PASSED] - setText(findTestObject("mobileSanity/Teladoc/Page_App Page 2/input__credit-card-last"), LastName): Text 'ZZ11-QqpJiedU' is set on object 'Object Repository/mobileSanity/Teladoc/Page_App Page 2/input__credit-card-last'

2020-03-10 05:45:37 - [MESSAGE][PASSED] - Text 'ZZ11-QqpJiedU' is set on object 'Object Repository/mobileSanity/Teladoc/Page_App Page 2/input__credit-card-last'

2020-03-10 05:45:37 - [TEST_STEP][PASSED] - selectOptionByValue(findTestObject("mobileSanity/Teladoc/Page_App Page 2/select_MM010203040506070809101"), "12", true): All options with value '12' are selected in object 'Object Repository/mobileSanity/Teladoc/Page_App Page 2/select_MM010203040506070809101'  using regular expression

2020-03-10 05:45:37 - [MESSAGE][PASSED] - All options with value '12' are selected in object 'Object Repository/mobileSanity/Teladoc/Page_App Page 2/select_MM010203040506070809101'  using regular expression

2020-03-10 05:45:37 - [TEST_STEP][PASSED] - selectOptionByValue(findTestObject("mobileSanity/Teladoc/Page_App Page 2/select_YYYY2019202020212022202"), "2026", true): All options with value '2026' are selected in object 'Object Repository/mobileSanity/Teladoc/Page_App Page 2/select_YYYY2019202020212022202'  using regular expression

2020-03-10 05:45:38 - [MESSAGE][PASSED] - All options with value '2026' are selected in object 'Object Repository/mobileSanity/Teladoc/Page_App Page 2/select_YYYY2019202020212022202'  using regular expression

2020-03-10 05:45:38 - [TEST_STEP][PASSED] - setText(findTestObject("mobileSanity/Teladoc/Page_App Page 2/input__credit-card-number"), "4111111111111111"): Text '4111111111111111' is set on object 'Object Repository/mobileSanity/Teladoc/Page_App Page 2/input__credit-card-number'

2020-03-10 05:45:38 - [MESSAGE][PASSED] - Text '4111111111111111' is set on object 'Object Repository/mobileSanity/Teladoc/Page_App Page 2/input__credit-card-number'

2020-03-10 05:45:38 - [TEST_STEP][PASSED] - setText(findTestObject("mobileSanity/Teladoc/Page_App Page 2/input__credit-card-cvv"), "122"): Text '122' is set on object 'Object Repository/mobileSanity/Teladoc/Page_App Page 2/input__credit-card-cvv'

2020-03-10 05:45:38 - [MESSAGE][PASSED] - Text '122' is set on object 'Object Repository/mobileSanity/Teladoc/Page_App Page 2/input__credit-card-cvv'

2020-03-10 05:45:38 - [TEST_STEP][PASSED] - click(findTestObject("mobileSanity/Teladoc/Page_App Page 2/label_My billing address is th")): Object: 'Object Repository/mobileSanity/Teladoc/Page_App Page 2/label_My billing address is th' is clicked on

2020-03-10 05:45:39 - [MESSAGE][PASSED] - Object: 'Object Repository/mobileSanity/Teladoc/Page_App Page 2/label_My billing address is th' is clicked on

2020-03-10 05:45:39 - [TEST_STEP][PASSED] - click(findTestObject("mobileSanity/Teladoc/Page_App Page 2/label_I Accept Authorization f")): Object: 'Object Repository/mobileSanity/Teladoc/Page_App Page 2/label_I Accept Authorization f' is clicked on

2020-03-10 05:45:39 - [MESSAGE][PASSED] - Object: 'Object Repository/mobileSanity/Teladoc/Page_App Page 2/label_I Accept Authorization f' is clicked on

2020-03-10 05:45:39 - [TEST_STEP][PASSED] - click(findTestObject("mobileSanity/Teladoc/Page_App Page 2/a_Continue to Step 3 - Review")): Object: 'Object Repository/mobileSanity/Teladoc/Page_App Page 2/a_Continue to Step 3 - Review' is clicked on

2020-03-10 05:45:39 - [MESSAGE][PASSED] - Object: 'Object Repository/mobileSanity/Teladoc/Page_App Page 2/a_Continue to Step 3 - Review' is clicked on

2020-03-10 05:45:39 - [TEST_STEP][PASSED] - waitForPageLoad(20): Wait for page load successfully

2020-03-10 05:45:41 - [MESSAGE][PASSED] - Wait for page load successfully

2020-03-10 05:45:41 - [TEST_STEP][PASSED] - waitForElementPresent(findTestObject("mobileSanity/Teladoc/Page_App Page 3/label"), 20): Object 'Object Repository/mobileSanity/Teladoc/Page_App Page 3/label' is present

2020-03-10 05:45:50 - [MESSAGE][PASSED] - Object 'Object Repository/mobileSanity/Teladoc/Page_App Page 3/label' is present

2020-03-10 05:45:50 - [TEST_STEP][PASSED] - Thread.sleep(5000): null

2020-03-10 05:45:55 - [TEST_STEP][PASSED] - callTestCase(findTestCase("AHI/_include/get_screenshot"), [:], STOP_ON_FAILURE): Call Test Case 'Test Cases/AHI/_include/get_screenshot' successfully

2020-03-10 05:45:55 - [TEST_CASE][PASSED] - Test Cases/AHI/_include/get_screenshot: Test Cases/AHI/_include/get_screenshot

2020-03-10 05:45:55 - [TEST_STEP][PASSED] - Thread.sleep(1000): null

2020-03-10 05:45:56 - [TEST_STEP][PASSED] - takeScreenshot(screenPath + i + ".png"): Taking screenshot successfully

2020-03-10 05:45:56 - [MESSAGE][PASSED] - Taking screenshot successfully
[[ATTACHMENT|D:\\Test\\AgileTest\\Reports\\AHI\\ahi\\20200310_052754\\../Screenshots/iPhone 6/AHI/Teladoc/20200310_054508/5.png]]

2020-03-10 05:45:56 - [TEST_STEP][PASSED] - (internal.GlobalVariable.i++): null

2020-03-10 05:45:56 - [MESSAGE][PASSED] - Call Test Case 'Test Cases/AHI/_include/get_screenshot' successfully

2020-03-10 05:45:56 - [TEST_STEP][PASSED] - scrollToElement(findTestObject("mobileSanity/Teladoc/Page_App Page 3/label"), 10): Scroll to object 'Object Repository/mobileSanity/Teladoc/Page_App Page 3/label' successfully

2020-03-10 05:45:56 - [MESSAGE][PASSED] - Scroll to object 'Object Repository/mobileSanity/Teladoc/Page_App Page 3/label' successfully

2020-03-10 05:45:56 - [TEST_STEP][PASSED] - waitForElementClickable(findTestObject("mobileSanity/Teladoc/Page_App Page 3/label"), 10): Object 'Object Repository/mobileSanity/Teladoc/Page_App Page 3/label' is clickable

2020-03-10 05:45:57 - [MESSAGE][PASSED] - Object 'Object Repository/mobileSanity/Teladoc/Page_App Page 3/label' is clickable

2020-03-10 05:45:57 - [TEST_STEP][PASSED] - click(findTestObject("mobileSanity/Teladoc/Page_App Page 3/label")): Object: 'Object Repository/mobileSanity/Teladoc/Page_App Page 3/label' is clicked on

2020-03-10 05:45:57 - [MESSAGE][PASSED] - Object: 'Object Repository/mobileSanity/Teladoc/Page_App Page 3/label' is clicked on

2020-03-10 05:45:57 - [TEST_STEP][PASSED] - click(findTestObject("mobileSanity/Teladoc/Page_App Page 3/p_")): Object: 'Object Repository/mobileSanity/Teladoc/Page_App Page 3/p_' is clicked on

2020-03-10 05:45:57 - [MESSAGE][PASSED] - Object: 'Object Repository/mobileSanity/Teladoc/Page_App Page 3/p_' is clicked on

2020-03-10 05:45:57 - [TEST_STEP][PASSED] - click(findTestObject("mobileSanity/Teladoc/Page_App Page 3/a_Submit Your Application")): Object: 'Object Repository/mobileSanity/Teladoc/Page_App Page 3/a_Submit Your Application' is clicked on

2020-03-10 05:45:57 - [MESSAGE][PASSED] - Object: 'Object Repository/mobileSanity/Teladoc/Page_App Page 3/a_Submit Your Application' is clicked on

2020-03-10 05:45:57 - [TEST_STEP][PASSED] - waitForElementPresent(findTestObject("mobileSanity/Common/app-confirmation"), 30): Object 'Object Repository/mobileSanity/Common/app-confirmation' is not present after 30 second(s)

2020-03-10 05:46:31 - [MESSAGE][INFO] - Unable to find the element located by 'By.xpath: //*[@id = 'app-confirmation']'. Please recheck the objects properties to make sure the desired element is located. 

2020-03-10 05:46:31 - [MESSAGE][WARNING] - Object 'Object Repository/mobileSanity/Common/app-confirmation' is not present after 30 second(s)

2020-03-10 05:46:31 - [TEST_STEP][PASSED] - callTestCase(findTestCase("AHI/_include/get_screenshot"), [:], STOP_ON_FAILURE): Call Test Case 'Test Cases/AHI/_include/get_screenshot' successfully

2020-03-10 05:46:31 - [TEST_CASE][PASSED] - Test Cases/AHI/_include/get_screenshot: Test Cases/AHI/_include/get_screenshot

2020-03-10 05:46:31 - [TEST_STEP][PASSED] - Thread.sleep(1000): null

2020-03-10 05:46:32 - [TEST_STEP][PASSED] - takeScreenshot(screenPath + i + ".png"): Taking screenshot successfully

2020-03-10 05:46:32 - [MESSAGE][PASSED] - Taking screenshot successfully
[[ATTACHMENT|D:\\Test\\AgileTest\\Reports\\AHI\\ahi\\20200310_052754\\../Screenshots/iPhone 6/AHI/Teladoc/20200310_054508/6.png]]

2020-03-10 05:46:32 - [TEST_STEP][PASSED] - (internal.GlobalVariable.i++): null

2020-03-10 05:46:32 - [MESSAGE][PASSED] - Call Test Case 'Test Cases/AHI/_include/get_screenshot' successfully]]></system-out>
         <system-err><![CDATA[]]></system-err>
      </testcase>
      <system-out><![CDATA[2020-03-10 05:38:44 - [TEST_SUITE][PASSED] - ahi: Test Cases/AHI/NEW/Teladoc]]></system-out>
      <system-err><![CDATA[]]></system-err>
   </testsuite>
</testsuites>
