<?xml version="1.0" encoding="UTF-8" standalone="yes"?>
<testsuites name="dental" time="353" tests="3" failures="0" errors="0">
    <testsuite name="dental" tests="3" failures="0" errors="0" time="353" timestamp="2019-09-05 14:28:30" hostname="sofee.yu - windows10.microdone.cn" id="Test Suites/mobileWeb/dental">
        <properties>
            <property name="deviceName" value=""/>
            <property name="devicePlatform" value=""/>
            <property name="logFolder" value="D:\\Test\\AgileTest\\AgileTest\\Reports\\mobileWeb\\dental\\20190905_142826"/>
            <property name="logFiles" value="D:\\Test\\AgileTest\\AgileTest\\Reports\\mobileWeb\\dental\\20190905_142826\\execution0.log"/>
            <property name="attachments" value="D:\\Test\\AgileTest\\AgileTest\\Reports\\mobileWeb\\dental\\20190905_142826\\../Screenshots/iPhone X/dental/National General/20190905_142831/0.png, D:\\Test\\AgileTest\\AgileTest\\Reports\\mobileWeb\\dental\\20190905_142826\\../Screenshots/iPhone X/dental/National General/20190905_142831/1.png, D:\\Test\\AgileTest\\AgileTest\\Reports\\mobileWeb\\dental\\20190905_142826\\../Screenshots/iPhone X/dental/National General/20190905_142831/2.png, D:\\Test\\AgileTest\\AgileTest\\Reports\\mobileWeb\\dental\\20190905_142826\\../Screenshots/iPhone X/dental/National General/20190905_142831/3.png, D:\\Test\\AgileTest\\AgileTest\\Reports\\mobileWeb\\dental\\20190905_142826\\../Screenshots/iPhone X/dental/National General/20190905_142831/4.png, D:\\Test\\AgileTest\\AgileTest\\Reports\\mobileWeb\\dental\\20190905_142826\\../Screenshots/iPhone X/dental/National General/20190905_142831/5.png, D:\\Test\\AgileTest\\AgileTest\\Reports\\mobileWeb\\dental\\20190905_142826\\../Screenshots/iPhone X/dental/National General/20190905_142831/6.png, D:\\Test\\AgileTest\\AgileTest\\Reports\\mobileWeb\\dental\\20190905_142826\\../Screenshots/iPhone X/dental/National General/20190905_142831/7.png, D:\\Test\\AgileTest\\AgileTest\\Reports\\mobileWeb\\dental\\20190905_142826\\../Screenshots/iPhone X/dental/National General/20190905_142831/8.png, D:\\Test\\AgileTest\\AgileTest\\Reports\\mobileWeb\\dental\\20190905_142826\\../Screenshots/iPhone X/dental/National General/20190905_142831/9.png, D:\\Test\\AgileTest\\AgileTest\\Reports\\mobileWeb\\dental\\20190905_142826\\../Screenshots/iPhone X/dental/Nationwide/20190905_143038/0.png, D:\\Test\\AgileTest\\AgileTest\\Reports\\mobileWeb\\dental\\20190905_142826\\../Screenshots/iPhone X/dental/Nationwide/20190905_143038/1.png, D:\\Test\\AgileTest\\AgileTest\\Reports\\mobileWeb\\dental\\20190905_142826\\../Screenshots/iPhone X/dental/Nationwide/20190905_143038/2.png, D:\\Test\\AgileTest\\AgileTest\\Reports\\mobileWeb\\dental\\20190905_142826\\../Screenshots/iPhone X/dental/Nationwide/20190905_143038/3.png, D:\\Test\\AgileTest\\AgileTest\\Reports\\mobileWeb\\dental\\20190905_142826\\../Screenshots/iPhone X/dental/Nationwide/20190905_143038/4.png, D:\\Test\\AgileTest\\AgileTest\\Reports\\mobileWeb\\dental\\20190905_142826\\../Screenshots/iPhone X/dental/Nationwide/20190905_143038/5.png, D:\\Test\\AgileTest\\AgileTest\\Reports\\mobileWeb\\dental\\20190905_142826\\../Screenshots/iPhone X/dental/Nationwide/20190905_143038/6.png, D:\\Test\\AgileTest\\AgileTest\\Reports\\mobileWeb\\dental\\20190905_142826\\../Screenshots/iPhone X/dental/Nationwide/20190905_143038/7.png, D:\\Test\\AgileTest\\AgileTest\\Reports\\mobileWeb\\dental\\20190905_142826\\../Screenshots/iPhone X/dental/Nationwide/20190905_143038/8.png, D:\\Test\\AgileTest\\AgileTest\\Reports\\mobileWeb\\dental\\20190905_142826\\../Screenshots/iPhone X/dental/Nationwide/20190905_143038/9.png, D:\\Test\\AgileTest\\AgileTest\\Reports\\mobileWeb\\dental\\20190905_142826\\../Screenshots/iPhone X/dental/USA Access/20190905_143227/0.png, D:\\Test\\AgileTest\\AgileTest\\Reports\\mobileWeb\\dental\\20190905_142826\\../Screenshots/iPhone X/dental/USA Access/20190905_143227/1.png, D:\\Test\\AgileTest\\AgileTest\\Reports\\mobileWeb\\dental\\20190905_142826\\../Screenshots/iPhone X/dental/USA Access/20190905_143227/2.png, D:\\Test\\AgileTest\\AgileTest\\Reports\\mobileWeb\\dental\\20190905_142826\\../Screenshots/iPhone X/dental/USA Access/20190905_143227/3.png, D:\\Test\\AgileTest\\AgileTest\\Reports\\mobileWeb\\dental\\20190905_142826\\../Screenshots/iPhone X/dental/USA Access/20190905_143227/4.png, D:\\Test\\AgileTest\\AgileTest\\Reports\\mobileWeb\\dental\\20190905_142826\\../Screenshots/iPhone X/dental/USA Access/20190905_143227/5.png, D:\\Test\\AgileTest\\AgileTest\\Reports\\mobileWeb\\dental\\20190905_142826\\../Screenshots/iPhone X/dental/USA Access/20190905_143227/6.png, D:\\Test\\AgileTest\\AgileTest\\Reports\\mobileWeb\\dental\\20190905_142826\\../Screenshots/iPhone X/dental/USA Access/20190905_143227/7.png, D:\\Test\\AgileTest\\AgileTest\\Reports\\mobileWeb\\dental\\20190905_142826\\../Screenshots/iPhone X/dental/USA Access/20190905_143227/8.png, D:\\Test\\AgileTest\\AgileTest\\Reports\\mobileWeb\\dental\\20190905_142826\\../Screenshots/iPhone X/dental/USA Access/20190905_143227/9.png, D:\\Test\\AgileTest\\AgileTest\\Reports\\mobileWeb\\dental\\20190905_142826\\../Screenshots/iPhone X/dental/USA Access/20190905_143227/10.png"/>
            <property name="hostName" value="sofee.yu - windows10.microdone.cn"/>
            <property name="os" value="Windows 7 64bit"/>
            <property name="katalonVersion" value="6.2.2.4"/>
            <property name="browser" value="Safari 11"/>
            <property name="hostAddress" value="172.16.86.47"/>
            <property name="sessionId" value="a7f4bce619025287f29003cf4f5fad7f"/>
            <property name="seleniumVersion" value="3.141.59"/>
            <property name="proxyInformation" value="ProxyInformation{proxyOption=NO_PROXY, proxyServerType=HTTP, password=, proxyServerAddress=, proxyServerPort=0}"/>
            <property name="platform" value="Windows 7"/>
        </properties>
        <testcase name="Test Cases/mobileWeb/Dental/National General" classname="Test Cases/mobileWeb/Dental/National General" status="PASSED">
            <system-out>2019-09-05 14:28:30 - [TEST_CASE][PASSED] - Test Cases/mobileWeb/Dental/National General: Test Cases/mobileWeb/Dental/National General&#xD;
&#xD;
2019-09-05 14:28:31 - [TEST_STEP][PASSED] - callTestCase(findTestCase("mobileWeb/_include/get_screenPath"), ["productLine":"dental", "carrierName":"National General"], CONTINUE_ON_FAILURE): Call Test Case 'Test Cases/mobileWeb/_include/get_screenPath' successfully&#xD;
&#xD;
2019-09-05 14:28:31 - [TEST_CASE][PASSED] - Test Cases/mobileWeb/_include/get_screenPath: Test Cases/mobileWeb/_include/get_screenPath&#xD;
&#xD;
2019-09-05 14:28:31 - [TEST_STEP][PASSED] - m = getExecutionProperties(): null&#xD;
&#xD;
2019-09-05 14:28:31 - [TEST_STEP][PASSED] - deviceName = get("mobileEmulation").get("deviceName"): null&#xD;
&#xD;
2019-09-05 14:28:31 - [TEST_STEP][PASSED] - println(deviceName): null&#xD;
&#xD;
2019-09-05 14:28:31 - [TEST_STEP][PASSED] - now = new java.util.Date(): null&#xD;
&#xD;
2019-09-05 14:28:31 - [TEST_STEP][PASSED] - mydate = now.format("yyyyMMdd_HHmmss"): null&#xD;
&#xD;
2019-09-05 14:28:31 - [TEST_STEP][PASSED] - screenPath = "../Screenshots/": null&#xD;
&#xD;
2019-09-05 14:28:32 - [TEST_STEP][PASSED] - screenPath = screenPath + deviceName + "/" + productLine + "/" + carrierName + "/" + mydate + "/": null&#xD;
&#xD;
2019-09-05 14:28:32 - [TEST_STEP][PASSED] - println(screenPath): null&#xD;
&#xD;
2019-09-05 14:28:32 - [MESSAGE][PASSED] - Call Test Case 'Test Cases/mobileWeb/_include/get_screenPath' successfully&#xD;
&#xD;
2019-09-05 14:28:32 - [TEST_STEP][PASSED] - callTestCase(findTestCase("mobileWeb/_include/openWebSite"), [:], STOP_ON_FAILURE): Call Test Case 'Test Cases/mobileWeb/_include/openWebSite' successfully&#xD;
&#xD;
2019-09-05 14:28:32 - [TEST_CASE][PASSED] - Test Cases/mobileWeb/_include/openWebSite: Test Cases/mobileWeb/_include/openWebSite&#xD;
&#xD;
2019-09-05 14:28:32 - [TEST_STEP][PASSED] - openBrowser(env): Browser is opened with url: 'https://praetemptatus.agilehealthinsurance.com'&#xD;
&#xD;
2019-09-05 14:28:33 - [MESSAGE][INFO] - Starting 'Chrome' driver&#xD;
&#xD;
2019-09-05 14:28:33 - [MESSAGE][INFO] - User set preference: ['mobileEmulation', '{deviceName=iPhone X}']&#xD;
&#xD;
2019-09-05 14:28:33 - [MESSAGE][INFO] - User set preference: ['args', '[--incognito, --aggressive-cache-discard, --no-sandbox, --window-size=375,812]']&#xD;
&#xD;
2019-09-05 14:28:33 - [MESSAGE][INFO] - Action delay is set to 0 seconds&#xD;
&#xD;
2019-09-05 14:28:40 - [MESSAGE][PASSED] - Browser is opened with url: 'https://praetemptatus.agilehealthinsurance.com'&#xD;
&#xD;
2019-09-05 14:28:40 - [TEST_STEP][PASSED] - waitForPageLoad(20): Wait for page load successfully&#xD;
&#xD;
2019-09-05 14:28:40 - [MESSAGE][PASSED] - Wait for page load successfully&#xD;
&#xD;
2019-09-05 14:28:40 - [TEST_STEP][PASSED] - callTestCase(findTestCase("mobileWeb/_include/get_screenshot"), [:], STOP_ON_FAILURE): Call Test Case 'Test Cases/mobileWeb/_include/get_screenshot' successfully&#xD;
&#xD;
2019-09-05 14:28:40 - [TEST_CASE][PASSED] - Test Cases/mobileWeb/_include/get_screenshot: Test Cases/mobileWeb/_include/get_screenshot&#xD;
&#xD;
2019-09-05 14:28:40 - [TEST_STEP][PASSED] - takeScreenshot(screenPath + i + ".png"): Taking screenshot successfully&#xD;
&#xD;
2019-09-05 14:28:42 - [MESSAGE][PASSED] - Taking screenshot successfully&#xD;
[[ATTACHMENT|D:\\Test\\AgileTest\\AgileTest\\Reports\\mobileWeb\\dental\\20190905_142826\\../Screenshots/iPhone X/dental/National General/20190905_142831/0.png]]&#xD;
&#xD;
2019-09-05 14:28:42 - [TEST_STEP][PASSED] - (internal.GlobalVariable.i++): null&#xD;
&#xD;
2019-09-05 14:28:42 - [MESSAGE][PASSED] - Call Test Case 'Test Cases/mobileWeb/_include/get_screenshot' successfully&#xD;
&#xD;
2019-09-05 14:28:42 - [MESSAGE][PASSED] - Call Test Case 'Test Cases/mobileWeb/_include/openWebSite' successfully&#xD;
&#xD;
2019-09-05 14:28:42 - [TEST_STEP][PASSED] - callTestCase(findTestCase("mobileWeb/_include/census_dental"), ["zipcode":zipcode, "dob":"12/12/1980"], STOP_ON_FAILURE): Call Test Case 'Test Cases/mobileWeb/_include/census_dental' successfully&#xD;
&#xD;
2019-09-05 14:28:43 - [TEST_CASE][PASSED] - Test Cases/mobileWeb/_include/census_dental: Test Cases/mobileWeb/_include/census_dental&#xD;
&#xD;
2019-09-05 14:28:43 - [TEST_STEP][PASSED] - click(findTestObject("mobileSanity/Common/side_nav/menu")): Object: 'Object Repository/mobileSanity/Common/side_nav/menu' is clicked on&#xD;
&#xD;
2019-09-05 14:28:43 - [MESSAGE][PASSED] - Object: 'Object Repository/mobileSanity/Common/side_nav/menu' is clicked on&#xD;
&#xD;
2019-09-05 14:28:43 - [TEST_STEP][PASSED] - Thread.sleep(3000): null&#xD;
&#xD;
2019-09-05 14:28:46 - [TEST_STEP][PASSED] - callTestCase(findTestCase("mobileWeb/_include/get_screenshot"), [:], STOP_ON_FAILURE): Call Test Case 'Test Cases/mobileWeb/_include/get_screenshot' successfully&#xD;
&#xD;
2019-09-05 14:28:46 - [TEST_CASE][PASSED] - Test Cases/mobileWeb/_include/get_screenshot: Test Cases/mobileWeb/_include/get_screenshot&#xD;
&#xD;
2019-09-05 14:28:46 - [TEST_STEP][PASSED] - takeScreenshot(screenPath + i + ".png"): Taking screenshot successfully&#xD;
&#xD;
2019-09-05 14:28:47 - [MESSAGE][PASSED] - Taking screenshot successfully&#xD;
[[ATTACHMENT|D:\\Test\\AgileTest\\AgileTest\\Reports\\mobileWeb\\dental\\20190905_142826\\../Screenshots/iPhone X/dental/National General/20190905_142831/1.png]]&#xD;
&#xD;
2019-09-05 14:28:47 - [TEST_STEP][PASSED] - (internal.GlobalVariable.i++): null&#xD;
&#xD;
2019-09-05 14:28:47 - [MESSAGE][PASSED] - Call Test Case 'Test Cases/mobileWeb/_include/get_screenshot' successfully&#xD;
&#xD;
2019-09-05 14:28:47 - [TEST_STEP][PASSED] - click(findTestObject("mobileSanity/Common/side_nav/nav_dental")): Object: 'Object Repository/mobileSanity/Common/side_nav/nav_dental' is clicked on&#xD;
&#xD;
2019-09-05 14:28:50 - [MESSAGE][PASSED] - Object: 'Object Repository/mobileSanity/Common/side_nav/nav_dental' is clicked on&#xD;
&#xD;
2019-09-05 14:28:50 - [TEST_STEP][PASSED] - waitForPageLoad(10): Wait for page load successfully&#xD;
&#xD;
2019-09-05 14:28:50 - [MESSAGE][PASSED] - Wait for page load successfully&#xD;
&#xD;
2019-09-05 14:28:50 - [TEST_STEP][PASSED] - callTestCase(findTestCase("mobileWeb/_include/get_screenshot"), [:], STOP_ON_FAILURE): Call Test Case 'Test Cases/mobileWeb/_include/get_screenshot' successfully&#xD;
&#xD;
2019-09-05 14:28:50 - [TEST_CASE][PASSED] - Test Cases/mobileWeb/_include/get_screenshot: Test Cases/mobileWeb/_include/get_screenshot&#xD;
&#xD;
2019-09-05 14:28:50 - [TEST_STEP][PASSED] - takeScreenshot(screenPath + i + ".png"): Taking screenshot successfully&#xD;
&#xD;
2019-09-05 14:28:51 - [MESSAGE][PASSED] - Taking screenshot successfully&#xD;
[[ATTACHMENT|D:\\Test\\AgileTest\\AgileTest\\Reports\\mobileWeb\\dental\\20190905_142826\\../Screenshots/iPhone X/dental/National General/20190905_142831/2.png]]&#xD;
&#xD;
2019-09-05 14:28:51 - [TEST_STEP][PASSED] - (internal.GlobalVariable.i++): null&#xD;
&#xD;
2019-09-05 14:28:51 - [MESSAGE][PASSED] - Call Test Case 'Test Cases/mobileWeb/_include/get_screenshot' successfully&#xD;
&#xD;
2019-09-05 14:28:51 - [TEST_STEP][PASSED] - sendKeys(findTestObject("mobileSanity/Dental/census/input_Location_zip-input"), zipcode): Keys '35215' sent to object: 'Object Repository/mobileSanity/Dental/census/input_Location_zip-input'&#xD;
&#xD;
2019-09-05 14:28:51 - [MESSAGE][PASSED] - Keys '35215' sent to object: 'Object Repository/mobileSanity/Dental/census/input_Location_zip-input'&#xD;
&#xD;
2019-09-05 14:28:51 - [TEST_STEP][PASSED] - Thread.sleep(500): null&#xD;
&#xD;
2019-09-05 14:28:52 - [TEST_STEP][PASSED] - setText(findTestObject("mobileSanity/Dental/census/input_Date of Birth_dob-0"), "12121980"): Text '12121980' is set on object 'Object Repository/mobileSanity/Dental/census/input_Date of Birth_dob-0'&#xD;
&#xD;
2019-09-05 14:28:52 - [MESSAGE][PASSED] - Text '12121980' is set on object 'Object Repository/mobileSanity/Dental/census/input_Date of Birth_dob-0'&#xD;
&#xD;
2019-09-05 14:28:52 - [TEST_STEP][PASSED] - click(findTestObject("mobileSanity/Dental/census/label_Male")): Object: 'Object Repository/mobileSanity/Dental/census/label_Male' is clicked on&#xD;
&#xD;
2019-09-05 14:28:52 - [MESSAGE][PASSED] - Object: 'Object Repository/mobileSanity/Dental/census/label_Male' is clicked on&#xD;
&#xD;
2019-09-05 14:28:52 - [TEST_STEP][PASSED] - click(findTestObject("mobileSanity/Dental/census/label_Compare Dental Insurance")): Object: 'Object Repository/mobileSanity/Dental/census/label_Compare Dental Insurance' is clicked on&#xD;
&#xD;
2019-09-05 14:28:57 - [MESSAGE][PASSED] - Object: 'Object Repository/mobileSanity/Dental/census/label_Compare Dental Insurance' is clicked on&#xD;
&#xD;
2019-09-05 14:28:57 - [TEST_STEP][PASSED] - waitForPageLoad(10): Wait for page load successfully&#xD;
&#xD;
2019-09-05 14:28:57 - [MESSAGE][PASSED] - Wait for page load successfully&#xD;
&#xD;
2019-09-05 14:28:57 - [TEST_STEP][PASSED] - Thread.sleep(2000): null&#xD;
&#xD;
2019-09-05 14:28:59 - [TEST_STEP][PASSED] - callTestCase(findTestCase("mobileWeb/_include/get_screenshot"), [:], STOP_ON_FAILURE): Call Test Case 'Test Cases/mobileWeb/_include/get_screenshot' successfully&#xD;
&#xD;
2019-09-05 14:28:59 - [TEST_CASE][PASSED] - Test Cases/mobileWeb/_include/get_screenshot: Test Cases/mobileWeb/_include/get_screenshot&#xD;
&#xD;
2019-09-05 14:28:59 - [TEST_STEP][PASSED] - takeScreenshot(screenPath + i + ".png"): Taking screenshot successfully&#xD;
&#xD;
2019-09-05 14:29:00 - [MESSAGE][PASSED] - Taking screenshot successfully&#xD;
[[ATTACHMENT|D:\\Test\\AgileTest\\AgileTest\\Reports\\mobileWeb\\dental\\20190905_142826\\../Screenshots/iPhone X/dental/National General/20190905_142831/3.png]]&#xD;
&#xD;
2019-09-05 14:29:00 - [TEST_STEP][PASSED] - (internal.GlobalVariable.i++): null&#xD;
&#xD;
2019-09-05 14:29:00 - [MESSAGE][PASSED] - Call Test Case 'Test Cases/mobileWeb/_include/get_screenshot' successfully&#xD;
&#xD;
2019-09-05 14:29:00 - [MESSAGE][PASSED] - Call Test Case 'Test Cases/mobileWeb/_include/census_dental' successfully&#xD;
&#xD;
2019-09-05 14:29:00 - [TEST_STEP][PASSED] - click(findTestObject("mobileSanity/Dental/filter/btn_filter")): Object: 'Object Repository/mobileSanity/Dental/filter/btn_filter' is clicked on&#xD;
&#xD;
2019-09-05 14:29:00 - [MESSAGE][PASSED] - Object: 'Object Repository/mobileSanity/Dental/filter/btn_filter' is clicked on&#xD;
&#xD;
2019-09-05 14:29:00 - [TEST_STEP][PASSED] - waitForElementVisible(findTestObject("mobileSanity/Dental/filter/btn_company"), 10): Object 'Object Repository/mobileSanity/Dental/filter/btn_company' is visible&#xD;
&#xD;
2019-09-05 14:29:00 - [MESSAGE][PASSED] - Object 'Object Repository/mobileSanity/Dental/filter/btn_company' is visible&#xD;
&#xD;
2019-09-05 14:29:00 - [TEST_STEP][PASSED] - click(findTestObject("mobileSanity/Dental/filter/btn_company")): Object: 'Object Repository/mobileSanity/Dental/filter/btn_company' is clicked on&#xD;
&#xD;
2019-09-05 14:29:00 - [MESSAGE][PASSED] - Object: 'Object Repository/mobileSanity/Dental/filter/btn_company' is clicked on&#xD;
&#xD;
2019-09-05 14:29:00 - [TEST_STEP][PASSED] - Thread.sleep(2000): null&#xD;
&#xD;
2019-09-05 14:29:02 - [TEST_STEP][PASSED] - click(findTestObject("mobileSanity/Dental/filter/btn_ng")): Object: 'Object Repository/mobileSanity/Dental/filter/btn_ng' is clicked on&#xD;
&#xD;
2019-09-05 14:29:02 - [MESSAGE][PASSED] - Object: 'Object Repository/mobileSanity/Dental/filter/btn_ng' is clicked on&#xD;
&#xD;
2019-09-05 14:29:02 - [TEST_STEP][PASSED] - waitForJQueryLoad(20, STOP_ON_FAILURE): jQuery is ready.&#xD;
&#xD;
2019-09-05 14:29:04 - [MESSAGE][PASSED] - jQuery is ready.&#xD;
&#xD;
2019-09-05 14:29:04 - [TEST_STEP][PASSED] - callTestCase(findTestCase("mobileWeb/_include/get_screenshot"), [:], STOP_ON_FAILURE): Call Test Case 'Test Cases/mobileWeb/_include/get_screenshot' successfully&#xD;
&#xD;
2019-09-05 14:29:04 - [TEST_CASE][PASSED] - Test Cases/mobileWeb/_include/get_screenshot: Test Cases/mobileWeb/_include/get_screenshot&#xD;
&#xD;
2019-09-05 14:29:04 - [TEST_STEP][PASSED] - takeScreenshot(screenPath + i + ".png"): Taking screenshot successfully&#xD;
&#xD;
2019-09-05 14:29:04 - [MESSAGE][PASSED] - Taking screenshot successfully&#xD;
[[ATTACHMENT|D:\\Test\\AgileTest\\AgileTest\\Reports\\mobileWeb\\dental\\20190905_142826\\../Screenshots/iPhone X/dental/National General/20190905_142831/4.png]]&#xD;
&#xD;
2019-09-05 14:29:04 - [TEST_STEP][PASSED] - (internal.GlobalVariable.i++): null&#xD;
&#xD;
2019-09-05 14:29:04 - [MESSAGE][PASSED] - Call Test Case 'Test Cases/mobileWeb/_include/get_screenshot' successfully&#xD;
&#xD;
2019-09-05 14:29:04 - [TEST_STEP][PASSED] - click(findTestObject("mobileSanity/Dental/filter/btn_filter")): Object: 'Object Repository/mobileSanity/Dental/filter/btn_filter' is clicked on&#xD;
&#xD;
2019-09-05 14:29:04 - [MESSAGE][PASSED] - Object: 'Object Repository/mobileSanity/Dental/filter/btn_filter' is clicked on&#xD;
&#xD;
2019-09-05 14:29:04 - [TEST_STEP][PASSED] - click(findTestObject("mobileSanity/Dental/quote/a_Select This Plan")): Object: 'Object Repository/mobileSanity/Dental/quote/a_Select This Plan' is clicked on&#xD;
&#xD;
2019-09-05 14:29:06 - [MESSAGE][PASSED] - Object: 'Object Repository/mobileSanity/Dental/quote/a_Select This Plan' is clicked on&#xD;
&#xD;
2019-09-05 14:29:06 - [TEST_STEP][PASSED] - waitForPageLoad(10): Wait for page load successfully&#xD;
&#xD;
2019-09-05 14:29:06 - [MESSAGE][PASSED] - Wait for page load successfully&#xD;
&#xD;
2019-09-05 14:29:06 - [TEST_STEP][PASSED] - callTestCase(findTestCase("mobileWeb/_include/get_screenshot"), [:], STOP_ON_FAILURE): Call Test Case 'Test Cases/mobileWeb/_include/get_screenshot' successfully&#xD;
&#xD;
2019-09-05 14:29:06 - [TEST_CASE][PASSED] - Test Cases/mobileWeb/_include/get_screenshot: Test Cases/mobileWeb/_include/get_screenshot&#xD;
&#xD;
2019-09-05 14:29:06 - [TEST_STEP][PASSED] - takeScreenshot(screenPath + i + ".png"): Taking screenshot successfully&#xD;
&#xD;
2019-09-05 14:29:07 - [MESSAGE][PASSED] - Taking screenshot successfully&#xD;
[[ATTACHMENT|D:\\Test\\AgileTest\\AgileTest\\Reports\\mobileWeb\\dental\\20190905_142826\\../Screenshots/iPhone X/dental/National General/20190905_142831/5.png]]&#xD;
&#xD;
2019-09-05 14:29:07 - [TEST_STEP][PASSED] - (internal.GlobalVariable.i++): null&#xD;
&#xD;
2019-09-05 14:29:07 - [MESSAGE][PASSED] - Call Test Case 'Test Cases/mobileWeb/_include/get_screenshot' successfully&#xD;
&#xD;
2019-09-05 14:29:07 - [TEST_STEP][PASSED] - click(findTestObject("mobileSanity/Dental/apply/span_Start Secure Application")): Object: 'Object Repository/mobileSanity/Dental/apply/span_Start Secure Application' is clicked on&#xD;
&#xD;
2019-09-05 14:29:08 - [MESSAGE][PASSED] - Object: 'Object Repository/mobileSanity/Dental/apply/span_Start Secure Application' is clicked on&#xD;
&#xD;
2019-09-05 14:29:08 - [TEST_STEP][PASSED] - waitForPageLoad(10): Wait for page load successfully&#xD;
&#xD;
2019-09-05 14:29:09 - [MESSAGE][PASSED] - Wait for page load successfully&#xD;
&#xD;
2019-09-05 14:29:09 - [TEST_STEP][PASSED] - Thread.sleep(2000): null&#xD;
&#xD;
2019-09-05 14:29:11 - [TEST_STEP][PASSED] - callTestCase(findTestCase("mobileWeb/_include/get_screenshot"), [:], STOP_ON_FAILURE): Call Test Case 'Test Cases/mobileWeb/_include/get_screenshot' successfully&#xD;
&#xD;
2019-09-05 14:29:11 - [TEST_CASE][PASSED] - Test Cases/mobileWeb/_include/get_screenshot: Test Cases/mobileWeb/_include/get_screenshot&#xD;
&#xD;
2019-09-05 14:29:11 - [TEST_STEP][PASSED] - takeScreenshot(screenPath + i + ".png"): Taking screenshot successfully&#xD;
&#xD;
2019-09-05 14:29:12 - [MESSAGE][PASSED] - Taking screenshot successfully&#xD;
[[ATTACHMENT|D:\\Test\\AgileTest\\AgileTest\\Reports\\mobileWeb\\dental\\20190905_142826\\../Screenshots/iPhone X/dental/National General/20190905_142831/6.png]]&#xD;
&#xD;
2019-09-05 14:29:12 - [TEST_STEP][PASSED] - (internal.GlobalVariable.i++): null&#xD;
&#xD;
2019-09-05 14:29:12 - [MESSAGE][PASSED] - Call Test Case 'Test Cases/mobileWeb/_include/get_screenshot' successfully&#xD;
&#xD;
2019-09-05 14:29:12 - [TEST_STEP][PASSED] - callTestCase(findTestCase("mobileWeb/_include/goToEnd_dental"), ["carrier":"nationalgeneral"], CONTINUE_ON_FAILURE): Call Test Case 'Test Cases/mobileWeb/_include/goToEnd_dental' successfully&#xD;
&#xD;
2019-09-05 14:29:12 - [TEST_CASE][PASSED] - Test Cases/mobileWeb/_include/goToEnd_dental: Test Cases/mobileWeb/_include/goToEnd_dental&#xD;
&#xD;
2019-09-05 14:29:12 - [TEST_STEP][PASSED] - callTestCase(findTestCase("mobileWeb/_include/name"), [:], CONTINUE_ON_FAILURE): Call Test Case 'Test Cases/mobileWeb/_include/name' successfully&#xD;
&#xD;
2019-09-05 14:29:12 - [TEST_CASE][PASSED] - Test Cases/mobileWeb/_include/name: Test Cases/mobileWeb/_include/name&#xD;
&#xD;
2019-09-05 14:29:13 - [TEST_STEP][PASSED] - driver = getWebDriver(): null&#xD;
&#xD;
2019-09-05 14:29:13 - [TEST_STEP][PASSED] - selenium = new com.thoughtworks.selenium.webdriven.WebDriverBackedSelenium(driver, internal.GlobalVariable.ENV): null&#xD;
&#xD;
2019-09-05 14:29:13 - [TEST_STEP][PASSED] - FirstName = "Test-123": null&#xD;
&#xD;
2019-09-05 14:29:13 - [TEST_STEP][PASSED] - LastName = selenium.getEval("{var x="ABCDEFGHIJKLMNOPQRSTUVWXYZabcdefghijklmnopqrstuvwxyz"; var tmp="ZZ11-"; for (i=0;i&lt;8;i++) tmp+=x.charAt(Math.ceil(51*Math.random()));tmp;}"): null&#xD;
&#xD;
2019-09-05 14:29:13 - [TEST_STEP][PASSED] - Address = selenium.getEval("{var x="ABCDEFGHIJKLMNOPQRSTUVWXYZabcdefghijklmnopqrstuvwxyz"; var tmp=""; for (i=0;i&lt;8;i++) tmp+=x.charAt(Math.ceil(51*Math.random()));tmp;}"): null&#xD;
&#xD;
2019-09-05 14:29:13 - [TEST_STEP][PASSED] - City = selenium.getEval("{var x="ABCDEFGHIJKLMNOPQRSTUVWXYZabcdefghijklmnopqrstuvwxyz"; var tmp=""; for (i=0;i&lt;8;i++) tmp+=x.charAt(Math.ceil(51*Math.random()));tmp;}"): null&#xD;
&#xD;
2019-09-05 14:29:13 - [TEST_STEP][PASSED] - tel1 = selenium.getEval("{var x="123456789"; var tmp=""; for (i=0;i&lt;3;i++) tmp+=x.charAt(Math.ceil(8*Math.random()));tmp;}"): null&#xD;
&#xD;
2019-09-05 14:29:13 - [TEST_STEP][PASSED] - tel2 = selenium.getEval("{var x="123456789"; var tmp=""; for (i=0;i&lt;3;i++) tmp+=x.charAt(Math.ceil(8*Math.random()));tmp;}"): null&#xD;
&#xD;
2019-09-05 14:29:13 - [TEST_STEP][PASSED] - tel3 = selenium.getEval("{var x="123456789"; var tmp=""; for (i=0;i&lt;4;i++) tmp+=x.charAt(Math.ceil(8*Math.random()));tmp;}"): null&#xD;
&#xD;
2019-09-05 14:29:13 - [TEST_STEP][PASSED] - Tel = selenium.getExpression(tel1 + "-" + tel2 + "-" + tel3): null&#xD;
&#xD;
2019-09-05 14:29:13 - [TEST_STEP][PASSED] - AutoEmail = selenium.getEval("{var x="ABCDEFGHIJKLMNOPQRSTUVWXYZabcdefghijklmnopqrstuvwxyz"; var tmp="test."; for (i=0;i&lt;8;i++) tmp+=x.charAt(Math.ceil(51*Math.random()));tmp+="@suryani.cn";}"): null&#xD;
&#xD;
2019-09-05 14:29:13 - [TEST_STEP][PASSED] - FirstName = FirstName: null&#xD;
&#xD;
2019-09-05 14:29:13 - [TEST_STEP][PASSED] - LastName = LastName: null&#xD;
&#xD;
2019-09-05 14:29:13 - [TEST_STEP][PASSED] - Address = Address: null&#xD;
&#xD;
2019-09-05 14:29:13 - [TEST_STEP][PASSED] - City = City: null&#xD;
&#xD;
2019-09-05 14:29:13 - [TEST_STEP][PASSED] - Tel = Tel: null&#xD;
&#xD;
2019-09-05 14:29:13 - [TEST_STEP][PASSED] - AutoEmail = AutoEmail: null&#xD;
&#xD;
2019-09-05 14:29:13 - [TEST_STEP][PASSED] - println(FirstName): null&#xD;
&#xD;
2019-09-05 14:29:13 - [TEST_STEP][PASSED] - println(LastName): null&#xD;
&#xD;
2019-09-05 14:29:13 - [TEST_STEP][PASSED] - println(Address): null&#xD;
&#xD;
2019-09-05 14:29:13 - [TEST_STEP][PASSED] - println(City): null&#xD;
&#xD;
2019-09-05 14:29:13 - [TEST_STEP][PASSED] - println(Tel): null&#xD;
&#xD;
2019-09-05 14:29:13 - [TEST_STEP][PASSED] - println(AutoEmail): null&#xD;
&#xD;
2019-09-05 14:29:13 - [MESSAGE][PASSED] - Call Test Case 'Test Cases/mobileWeb/_include/name' successfully&#xD;
&#xD;
2019-09-05 14:29:13 - [TEST_STEP][PASSED] - Thread.sleep(3000): null&#xD;
&#xD;
2019-09-05 14:29:16 - [TEST_STEP][PASSED] - setText(findTestObject("mobileSanity/Dental/app_page1/input__member-P-1-firstName"), FirstName): Text 'Test-123' is set on object 'Object Repository/mobileSanity/Dental/app_page1/input__member-P-1-firstName'&#xD;
&#xD;
2019-09-05 14:29:16 - [MESSAGE][PASSED] - Text 'Test-123' is set on object 'Object Repository/mobileSanity/Dental/app_page1/input__member-P-1-firstName'&#xD;
&#xD;
2019-09-05 14:29:16 - [TEST_STEP][PASSED] - setText(findTestObject("mobileSanity/Dental/app_page1/input__member-P-1-lastName"), LastName): Text 'ZZ11-azgKanxQ' is set on object 'Object Repository/mobileSanity/Dental/app_page1/input__member-P-1-lastName'&#xD;
&#xD;
2019-09-05 14:29:16 - [MESSAGE][PASSED] - Text 'ZZ11-azgKanxQ' is set on object 'Object Repository/mobileSanity/Dental/app_page1/input__member-P-1-lastName'&#xD;
&#xD;
2019-09-05 14:29:16 - [TEST_STEP][PASSED] - setText(findTestObject("mobileSanity/Dental/app_page1/input__address"), Address): Text 'PdiGjMDt' is set on object 'Object Repository/mobileSanity/Dental/app_page1/input__address'&#xD;
&#xD;
2019-09-05 14:29:16 - [MESSAGE][PASSED] - Text 'PdiGjMDt' is set on object 'Object Repository/mobileSanity/Dental/app_page1/input__address'&#xD;
&#xD;
2019-09-05 14:29:16 - [TEST_STEP][PASSED] - setText(findTestObject("mobileSanity/Dental/app_page1/input__city"), City): Text 'yqkPgMni' is set on object 'Object Repository/mobileSanity/Dental/app_page1/input__city'&#xD;
&#xD;
2019-09-05 14:29:17 - [MESSAGE][PASSED] - Text 'yqkPgMni' is set on object 'Object Repository/mobileSanity/Dental/app_page1/input__city'&#xD;
&#xD;
2019-09-05 14:29:17 - [TEST_STEP][PASSED] - setText(findTestObject("mobileSanity/Dental/app_page1/input__email"), AutoEmail): Text 'test.UORXHKaC@suryani.cn' is set on object 'Object Repository/mobileSanity/Dental/app_page1/input__email'&#xD;
&#xD;
2019-09-05 14:29:17 - [MESSAGE][PASSED] - Text 'test.UORXHKaC@suryani.cn' is set on object 'Object Repository/mobileSanity/Dental/app_page1/input__email'&#xD;
&#xD;
2019-09-05 14:29:17 - [TEST_STEP][PASSED] - setText(findTestObject("mobileSanity/Dental/app_page1/input_phone"), Tel): Text '457-588-3253' is set on object 'Object Repository/mobileSanity/Dental/app_page1/input_phone'&#xD;
&#xD;
2019-09-05 14:29:17 - [MESSAGE][PASSED] - Text '457-588-3253' is set on object 'Object Repository/mobileSanity/Dental/app_page1/input_phone'&#xD;
&#xD;
2019-09-05 14:29:17 - [TEST_STEP][PASSED] - click(findTestObject("mobileSanity/Dental/app_page1/a_Continue to Step 2 - Payment")): Object: 'Object Repository/mobileSanity/Dental/app_page1/a_Continue to Step 2 - Payment' is clicked on&#xD;
&#xD;
2019-09-05 14:29:17 - [MESSAGE][PASSED] - Object: 'Object Repository/mobileSanity/Dental/app_page1/a_Continue to Step 2 - Payment' is clicked on&#xD;
&#xD;
2019-09-05 14:29:17 - [TEST_STEP][PASSED] - waitForPageLoad(10): Wait for page load successfully&#xD;
&#xD;
2019-09-05 14:29:17 - [MESSAGE][PASSED] - Wait for page load successfully&#xD;
&#xD;
2019-09-05 14:29:17 - [TEST_STEP][PASSED] - Thread.sleep(2000): null&#xD;
&#xD;
2019-09-05 14:29:19 - [TEST_STEP][PASSED] - if (carrier == "usa"): null&#xD;
&#xD;
2019-09-05 14:29:19 - [TEST_STEP][PASSED] - callTestCase(findTestCase("mobileWeb/_include/get_screenshot"), [:], STOP_ON_FAILURE): Call Test Case 'Test Cases/mobileWeb/_include/get_screenshot' successfully&#xD;
&#xD;
2019-09-05 14:29:19 - [TEST_CASE][PASSED] - Test Cases/mobileWeb/_include/get_screenshot: Test Cases/mobileWeb/_include/get_screenshot&#xD;
&#xD;
2019-09-05 14:29:19 - [TEST_STEP][PASSED] - takeScreenshot(screenPath + i + ".png"): Taking screenshot successfully&#xD;
&#xD;
2019-09-05 14:29:20 - [MESSAGE][PASSED] - Taking screenshot successfully&#xD;
[[ATTACHMENT|D:\\Test\\AgileTest\\AgileTest\\Reports\\mobileWeb\\dental\\20190905_142826\\../Screenshots/iPhone X/dental/National General/20190905_142831/7.png]]&#xD;
&#xD;
2019-09-05 14:29:20 - [TEST_STEP][PASSED] - (internal.GlobalVariable.i++): null&#xD;
&#xD;
2019-09-05 14:29:20 - [MESSAGE][PASSED] - Call Test Case 'Test Cases/mobileWeb/_include/get_screenshot' successfully&#xD;
&#xD;
2019-09-05 14:29:20 - [TEST_STEP][PASSED] - setText(findTestObject("mobileSanity/Dental/app_page2/input__credit-card-first"), FirstName): Text 'Test-123' is set on object 'Object Repository/mobileSanity/Dental/app_page2/input__credit-card-first'&#xD;
&#xD;
2019-09-05 14:29:20 - [MESSAGE][PASSED] - Text 'Test-123' is set on object 'Object Repository/mobileSanity/Dental/app_page2/input__credit-card-first'&#xD;
&#xD;
2019-09-05 14:29:20 - [TEST_STEP][PASSED] - setText(findTestObject("mobileSanity/Dental/app_page2/input__credit-card-last"), LastName): Text 'ZZ11-azgKanxQ' is set on object 'Object Repository/mobileSanity/Dental/app_page2/input__credit-card-last'&#xD;
&#xD;
2019-09-05 14:29:21 - [MESSAGE][PASSED] - Text 'ZZ11-azgKanxQ' is set on object 'Object Repository/mobileSanity/Dental/app_page2/input__credit-card-last'&#xD;
&#xD;
2019-09-05 14:29:21 - [TEST_STEP][PASSED] - selectOptionByValue(findTestObject("mobileSanity/Dental/app_page2/select_MM010203040506070809101"), "12", true): All options with value '12' are selected in object 'Object Repository/mobileSanity/Dental/app_page2/select_MM010203040506070809101'  using regular expression&#xD;
&#xD;
2019-09-05 14:29:21 - [MESSAGE][PASSED] - All options with value '12' are selected in object 'Object Repository/mobileSanity/Dental/app_page2/select_MM010203040506070809101'  using regular expression&#xD;
&#xD;
2019-09-05 14:29:21 - [TEST_STEP][PASSED] - selectOptionByValue(findTestObject("mobileSanity/Dental/app_page2/select_YYYY2019202020212022202"), "2026", true): All options with value '2026' are selected in object 'Object Repository/mobileSanity/Dental/app_page2/select_YYYY2019202020212022202'  using regular expression&#xD;
&#xD;
2019-09-05 14:29:22 - [MESSAGE][PASSED] - All options with value '2026' are selected in object 'Object Repository/mobileSanity/Dental/app_page2/select_YYYY2019202020212022202'  using regular expression&#xD;
&#xD;
2019-09-05 14:29:22 - [TEST_STEP][PASSED] - setText(findTestObject("mobileSanity/Dental/app_page2/input__credit-card-number"), "4111111111111111"): Text '4111111111111111' is set on object 'Object Repository/mobileSanity/Dental/app_page2/input__credit-card-number'&#xD;
&#xD;
2019-09-05 14:29:22 - [MESSAGE][PASSED] - Text '4111111111111111' is set on object 'Object Repository/mobileSanity/Dental/app_page2/input__credit-card-number'&#xD;
&#xD;
2019-09-05 14:29:22 - [TEST_STEP][PASSED] - setText(findTestObject("mobileSanity/Dental/app_page2/input__cvv"), "123"): Text '123' is set on object 'Object Repository/mobileSanity/Dental/app_page2/input__cvv'&#xD;
&#xD;
2019-09-05 14:29:22 - [MESSAGE][PASSED] - Text '123' is set on object 'Object Repository/mobileSanity/Dental/app_page2/input__cvv'&#xD;
&#xD;
2019-09-05 14:29:22 - [TEST_STEP][PASSED] - click(findTestObject("mobileSanity/Dental/app_page2/label_My billing address is th")): Object: 'Object Repository/mobileSanity/Dental/app_page2/label_My billing address is th' is clicked on&#xD;
&#xD;
2019-09-05 14:29:22 - [MESSAGE][PASSED] - Object: 'Object Repository/mobileSanity/Dental/app_page2/label_My billing address is th' is clicked on&#xD;
&#xD;
2019-09-05 14:29:22 - [TEST_STEP][PASSED] - click(findTestObject("mobileSanity/Dental/app_page2/label_I Accept Authorization f")): Object: 'Object Repository/mobileSanity/Dental/app_page2/label_I Accept Authorization f' is clicked on&#xD;
&#xD;
2019-09-05 14:29:22 - [MESSAGE][PASSED] - Object: 'Object Repository/mobileSanity/Dental/app_page2/label_I Accept Authorization f' is clicked on&#xD;
&#xD;
2019-09-05 14:29:22 - [TEST_STEP][PASSED] - click(findTestObject("mobileSanity/Dental/app_page2/a_Continue to Step 3 - Review")): Object: 'Object Repository/mobileSanity/Dental/app_page2/a_Continue to Step 3 - Review' is clicked on&#xD;
&#xD;
2019-09-05 14:29:22 - [MESSAGE][PASSED] - Object: 'Object Repository/mobileSanity/Dental/app_page2/a_Continue to Step 3 - Review' is clicked on&#xD;
&#xD;
2019-09-05 14:29:22 - [TEST_STEP][PASSED] - waitForPageLoad(20): Wait for page load successfully&#xD;
&#xD;
2019-09-05 14:29:22 - [MESSAGE][PASSED] - Wait for page load successfully&#xD;
&#xD;
2019-09-05 14:29:22 - [TEST_STEP][PASSED] - Thread.sleep(2000): null&#xD;
&#xD;
2019-09-05 14:29:25 - [TEST_STEP][PASSED] - waitForElementClickable(findTestObject("mobileSanity/Dental/app_page3/label"), 20): Object 'Object Repository/mobileSanity/Dental/app_page3/label' is clickable&#xD;
&#xD;
2019-09-05 14:29:25 - [MESSAGE][PASSED] - Object 'Object Repository/mobileSanity/Dental/app_page3/label' is clickable&#xD;
&#xD;
2019-09-05 14:29:25 - [TEST_STEP][PASSED] - callTestCase(findTestCase("mobileWeb/_include/get_screenshot"), [:], STOP_ON_FAILURE): Call Test Case 'Test Cases/mobileWeb/_include/get_screenshot' successfully&#xD;
&#xD;
2019-09-05 14:29:25 - [TEST_CASE][PASSED] - Test Cases/mobileWeb/_include/get_screenshot: Test Cases/mobileWeb/_include/get_screenshot&#xD;
&#xD;
2019-09-05 14:29:25 - [TEST_STEP][PASSED] - takeScreenshot(screenPath + i + ".png"): Taking screenshot successfully&#xD;
&#xD;
2019-09-05 14:29:25 - [MESSAGE][PASSED] - Taking screenshot successfully&#xD;
[[ATTACHMENT|D:\\Test\\AgileTest\\AgileTest\\Reports\\mobileWeb\\dental\\20190905_142826\\../Screenshots/iPhone X/dental/National General/20190905_142831/8.png]]&#xD;
&#xD;
2019-09-05 14:29:25 - [TEST_STEP][PASSED] - (internal.GlobalVariable.i++): null&#xD;
&#xD;
2019-09-05 14:29:25 - [MESSAGE][PASSED] - Call Test Case 'Test Cases/mobileWeb/_include/get_screenshot' successfully&#xD;
&#xD;
2019-09-05 14:29:25 - [TEST_STEP][PASSED] - click(findTestObject("mobileSanity/Dental/app_page3/label")): Object: 'Object Repository/mobileSanity/Dental/app_page3/label' is clicked on&#xD;
&#xD;
2019-09-05 14:29:26 - [MESSAGE][PASSED] - Object: 'Object Repository/mobileSanity/Dental/app_page3/label' is clicked on&#xD;
&#xD;
2019-09-05 14:29:26 - [TEST_STEP][PASSED] - click(findTestObject("mobileSanity/Dental/app_page3/p_CLICK TO SIGN")): Object: 'Object Repository/mobileSanity/Dental/app_page3/p_CLICK TO SIGN' is clicked on&#xD;
&#xD;
2019-09-05 14:29:26 - [MESSAGE][PASSED] - Object: 'Object Repository/mobileSanity/Dental/app_page3/p_CLICK TO SIGN' is clicked on&#xD;
&#xD;
2019-09-05 14:29:26 - [TEST_STEP][PASSED] - click(findTestObject("mobileSanity/Dental/app_page3/a_Submit Your Application")): Object: 'Object Repository/mobileSanity/Dental/app_page3/a_Submit Your Application' is clicked on&#xD;
&#xD;
2019-09-05 14:29:26 - [MESSAGE][PASSED] - Object: 'Object Repository/mobileSanity/Dental/app_page3/a_Submit Your Application' is clicked on&#xD;
&#xD;
2019-09-05 14:29:26 - [TEST_STEP][PASSED] - Thread.sleep(50000): null&#xD;
&#xD;
2019-09-05 14:30:16 - [TEST_STEP][PASSED] - waitForElementPresent(findTestObject("mobileSanity/Dental/app_page4/js-app-confirmation"), 20): Object 'Object Repository/mobileSanity/Dental/app_page4/js-app-confirmation' is not present after 20 second(s)&#xD;
&#xD;
2019-09-05 14:30:37 - [MESSAGE][INFO] - Unable to find the element located by 'By.xpath: //*[@id = 'js-app-confirmation']'. Please recheck the objects properties to make sure the desired element is located. &#xD;
&#xD;
2019-09-05 14:30:37 - [MESSAGE][WARNING] - Object 'Object Repository/mobileSanity/Dental/app_page4/js-app-confirmation' is not present after 20 second(s)&#xD;
&#xD;
2019-09-05 14:30:37 - [TEST_STEP][PASSED] - callTestCase(findTestCase("mobileWeb/_include/get_screenshot"), [:], STOP_ON_FAILURE): Call Test Case 'Test Cases/mobileWeb/_include/get_screenshot' successfully&#xD;
&#xD;
2019-09-05 14:30:37 - [TEST_CASE][PASSED] - Test Cases/mobileWeb/_include/get_screenshot: Test Cases/mobileWeb/_include/get_screenshot&#xD;
&#xD;
2019-09-05 14:30:37 - [TEST_STEP][PASSED] - takeScreenshot(screenPath + i + ".png"): Taking screenshot successfully&#xD;
&#xD;
2019-09-05 14:30:38 - [MESSAGE][PASSED] - Taking screenshot successfully&#xD;
[[ATTACHMENT|D:\\Test\\AgileTest\\AgileTest\\Reports\\mobileWeb\\dental\\20190905_142826\\../Screenshots/iPhone X/dental/National General/20190905_142831/9.png]]&#xD;
&#xD;
2019-09-05 14:30:38 - [TEST_STEP][PASSED] - (internal.GlobalVariable.i++): null&#xD;
&#xD;
2019-09-05 14:30:38 - [MESSAGE][PASSED] - Call Test Case 'Test Cases/mobileWeb/_include/get_screenshot' successfully&#xD;
&#xD;
2019-09-05 14:30:38 - [MESSAGE][PASSED] - Call Test Case 'Test Cases/mobileWeb/_include/goToEnd_dental' successfully</system-out>
            <system-err></system-err>
        </testcase>
        <testcase name="Test Cases/mobileWeb/Dental/Nationwide" classname="Test Cases/mobileWeb/Dental/Nationwide" status="PASSED">
            <system-out>2019-09-05 14:30:38 - [TEST_CASE][PASSED] - Test Cases/mobileWeb/Dental/Nationwide: Test Cases/mobileWeb/Dental/Nationwide&#xD;
&#xD;
2019-09-05 14:30:38 - [TEST_STEP][PASSED] - callTestCase(findTestCase("mobileWeb/_include/get_screenPath"), ["productLine":"dental", "carrierName":"Nationwide"], CONTINUE_ON_FAILURE): Call Test Case 'Test Cases/mobileWeb/_include/get_screenPath' successfully&#xD;
&#xD;
2019-09-05 14:30:38 - [TEST_CASE][PASSED] - Test Cases/mobileWeb/_include/get_screenPath: Test Cases/mobileWeb/_include/get_screenPath&#xD;
&#xD;
2019-09-05 14:30:38 - [TEST_STEP][PASSED] - m = getExecutionProperties(): null&#xD;
&#xD;
2019-09-05 14:30:38 - [TEST_STEP][PASSED] - deviceName = get("mobileEmulation").get("deviceName"): null&#xD;
&#xD;
2019-09-05 14:30:38 - [TEST_STEP][PASSED] - println(deviceName): null&#xD;
&#xD;
2019-09-05 14:30:38 - [TEST_STEP][PASSED] - now = new java.util.Date(): null&#xD;
&#xD;
2019-09-05 14:30:38 - [TEST_STEP][PASSED] - mydate = now.format("yyyyMMdd_HHmmss"): null&#xD;
&#xD;
2019-09-05 14:30:38 - [TEST_STEP][PASSED] - screenPath = "../Screenshots/": null&#xD;
&#xD;
2019-09-05 14:30:38 - [TEST_STEP][PASSED] - screenPath = screenPath + deviceName + "/" + productLine + "/" + carrierName + "/" + mydate + "/": null&#xD;
&#xD;
2019-09-05 14:30:38 - [TEST_STEP][PASSED] - println(screenPath): null&#xD;
&#xD;
2019-09-05 14:30:38 - [MESSAGE][PASSED] - Call Test Case 'Test Cases/mobileWeb/_include/get_screenPath' successfully&#xD;
&#xD;
2019-09-05 14:30:38 - [TEST_STEP][PASSED] - i = 0: null&#xD;
&#xD;
2019-09-05 14:30:38 - [TEST_STEP][PASSED] - callTestCase(findTestCase("mobileWeb/_include/openWebSite"), [:], STOP_ON_FAILURE): Call Test Case 'Test Cases/mobileWeb/_include/openWebSite' successfully&#xD;
&#xD;
2019-09-05 14:30:38 - [TEST_CASE][PASSED] - Test Cases/mobileWeb/_include/openWebSite: Test Cases/mobileWeb/_include/openWebSite&#xD;
&#xD;
2019-09-05 14:30:38 - [TEST_STEP][PASSED] - openBrowser(env): Browser is opened with url: 'https://praetemptatus.agilehealthinsurance.com'&#xD;
&#xD;
2019-09-05 14:30:38 - [MESSAGE][WARNING] - A browser is already opened. Closing browser and opening a new one&#xD;
&#xD;
2019-09-05 14:30:39 - [MESSAGE][INFO] - Starting 'Chrome' driver&#xD;
&#xD;
2019-09-05 14:30:39 - [MESSAGE][INFO] - User set preference: ['mobileEmulation', '{deviceName=iPhone X}']&#xD;
&#xD;
2019-09-05 14:30:39 - [MESSAGE][INFO] - User set preference: ['args', '[--incognito, --aggressive-cache-discard, --no-sandbox, --window-size=375,812]']&#xD;
&#xD;
2019-09-05 14:30:44 - [MESSAGE][PASSED] - Browser is opened with url: 'https://praetemptatus.agilehealthinsurance.com'&#xD;
&#xD;
2019-09-05 14:30:44 - [TEST_STEP][PASSED] - waitForPageLoad(20): Wait for page load successfully&#xD;
&#xD;
2019-09-05 14:30:44 - [MESSAGE][PASSED] - Wait for page load successfully&#xD;
&#xD;
2019-09-05 14:30:44 - [TEST_STEP][PASSED] - callTestCase(findTestCase("mobileWeb/_include/get_screenshot"), [:], STOP_ON_FAILURE): Call Test Case 'Test Cases/mobileWeb/_include/get_screenshot' successfully&#xD;
&#xD;
2019-09-05 14:30:44 - [TEST_CASE][PASSED] - Test Cases/mobileWeb/_include/get_screenshot: Test Cases/mobileWeb/_include/get_screenshot&#xD;
&#xD;
2019-09-05 14:30:44 - [TEST_STEP][PASSED] - takeScreenshot(screenPath + i + ".png"): Taking screenshot successfully&#xD;
&#xD;
2019-09-05 14:30:45 - [MESSAGE][PASSED] - Taking screenshot successfully&#xD;
[[ATTACHMENT|D:\\Test\\AgileTest\\AgileTest\\Reports\\mobileWeb\\dental\\20190905_142826\\../Screenshots/iPhone X/dental/Nationwide/20190905_143038/0.png]]&#xD;
&#xD;
2019-09-05 14:30:45 - [TEST_STEP][PASSED] - (internal.GlobalVariable.i++): null&#xD;
&#xD;
2019-09-05 14:30:45 - [MESSAGE][PASSED] - Call Test Case 'Test Cases/mobileWeb/_include/get_screenshot' successfully&#xD;
&#xD;
2019-09-05 14:30:45 - [MESSAGE][PASSED] - Call Test Case 'Test Cases/mobileWeb/_include/openWebSite' successfully&#xD;
&#xD;
2019-09-05 14:30:45 - [TEST_STEP][PASSED] - callTestCase(findTestCase("mobileWeb/_include/census_dental"), [:], STOP_ON_FAILURE): Call Test Case 'Test Cases/mobileWeb/_include/census_dental' successfully&#xD;
&#xD;
2019-09-05 14:30:45 - [TEST_CASE][PASSED] - Test Cases/mobileWeb/_include/census_dental: Test Cases/mobileWeb/_include/census_dental&#xD;
&#xD;
2019-09-05 14:30:45 - [TEST_STEP][PASSED] - click(findTestObject("mobileSanity/Common/side_nav/menu")): Object: 'Object Repository/mobileSanity/Common/side_nav/menu' is clicked on&#xD;
&#xD;
2019-09-05 14:30:46 - [MESSAGE][PASSED] - Object: 'Object Repository/mobileSanity/Common/side_nav/menu' is clicked on&#xD;
&#xD;
2019-09-05 14:30:46 - [TEST_STEP][PASSED] - Thread.sleep(3000): null&#xD;
&#xD;
2019-09-05 14:30:49 - [TEST_STEP][PASSED] - callTestCase(findTestCase("mobileWeb/_include/get_screenshot"), [:], STOP_ON_FAILURE): Call Test Case 'Test Cases/mobileWeb/_include/get_screenshot' successfully&#xD;
&#xD;
2019-09-05 14:30:49 - [TEST_CASE][PASSED] - Test Cases/mobileWeb/_include/get_screenshot: Test Cases/mobileWeb/_include/get_screenshot&#xD;
&#xD;
2019-09-05 14:30:49 - [TEST_STEP][PASSED] - takeScreenshot(screenPath + i + ".png"): Taking screenshot successfully&#xD;
&#xD;
2019-09-05 14:30:50 - [MESSAGE][PASSED] - Taking screenshot successfully&#xD;
[[ATTACHMENT|D:\\Test\\AgileTest\\AgileTest\\Reports\\mobileWeb\\dental\\20190905_142826\\../Screenshots/iPhone X/dental/Nationwide/20190905_143038/1.png]]&#xD;
&#xD;
2019-09-05 14:30:50 - [TEST_STEP][PASSED] - (internal.GlobalVariable.i++): null&#xD;
&#xD;
2019-09-05 14:30:50 - [MESSAGE][PASSED] - Call Test Case 'Test Cases/mobileWeb/_include/get_screenshot' successfully&#xD;
&#xD;
2019-09-05 14:30:50 - [TEST_STEP][PASSED] - click(findTestObject("mobileSanity/Common/side_nav/nav_dental")): Object: 'Object Repository/mobileSanity/Common/side_nav/nav_dental' is clicked on&#xD;
&#xD;
2019-09-05 14:30:52 - [MESSAGE][PASSED] - Object: 'Object Repository/mobileSanity/Common/side_nav/nav_dental' is clicked on&#xD;
&#xD;
2019-09-05 14:30:52 - [TEST_STEP][PASSED] - waitForPageLoad(10): Wait for page load successfully&#xD;
&#xD;
2019-09-05 14:30:52 - [MESSAGE][PASSED] - Wait for page load successfully&#xD;
&#xD;
2019-09-05 14:30:52 - [TEST_STEP][PASSED] - callTestCase(findTestCase("mobileWeb/_include/get_screenshot"), [:], STOP_ON_FAILURE): Call Test Case 'Test Cases/mobileWeb/_include/get_screenshot' successfully&#xD;
&#xD;
2019-09-05 14:30:52 - [TEST_CASE][PASSED] - Test Cases/mobileWeb/_include/get_screenshot: Test Cases/mobileWeb/_include/get_screenshot&#xD;
&#xD;
2019-09-05 14:30:52 - [TEST_STEP][PASSED] - takeScreenshot(screenPath + i + ".png"): Taking screenshot successfully&#xD;
&#xD;
2019-09-05 14:30:53 - [MESSAGE][PASSED] - Taking screenshot successfully&#xD;
[[ATTACHMENT|D:\\Test\\AgileTest\\AgileTest\\Reports\\mobileWeb\\dental\\20190905_142826\\../Screenshots/iPhone X/dental/Nationwide/20190905_143038/2.png]]&#xD;
&#xD;
2019-09-05 14:30:53 - [TEST_STEP][PASSED] - (internal.GlobalVariable.i++): null&#xD;
&#xD;
2019-09-05 14:30:53 - [MESSAGE][PASSED] - Call Test Case 'Test Cases/mobileWeb/_include/get_screenshot' successfully&#xD;
&#xD;
2019-09-05 14:30:53 - [TEST_STEP][PASSED] - sendKeys(findTestObject("mobileSanity/Dental/census/input_Location_zip-input"), zipcode): Keys '35215' sent to object: 'Object Repository/mobileSanity/Dental/census/input_Location_zip-input'&#xD;
&#xD;
2019-09-05 14:30:53 - [MESSAGE][PASSED] - Keys '35215' sent to object: 'Object Repository/mobileSanity/Dental/census/input_Location_zip-input'&#xD;
&#xD;
2019-09-05 14:30:53 - [TEST_STEP][PASSED] - Thread.sleep(500): null&#xD;
&#xD;
2019-09-05 14:30:54 - [TEST_STEP][PASSED] - setText(findTestObject("mobileSanity/Dental/census/input_Date of Birth_dob-0"), "12121980"): Text '12121980' is set on object 'Object Repository/mobileSanity/Dental/census/input_Date of Birth_dob-0'&#xD;
&#xD;
2019-09-05 14:30:54 - [MESSAGE][PASSED] - Text '12121980' is set on object 'Object Repository/mobileSanity/Dental/census/input_Date of Birth_dob-0'&#xD;
&#xD;
2019-09-05 14:30:54 - [TEST_STEP][PASSED] - click(findTestObject("mobileSanity/Dental/census/label_Male")): Object: 'Object Repository/mobileSanity/Dental/census/label_Male' is clicked on&#xD;
&#xD;
2019-09-05 14:30:54 - [MESSAGE][PASSED] - Object: 'Object Repository/mobileSanity/Dental/census/label_Male' is clicked on&#xD;
&#xD;
2019-09-05 14:30:54 - [TEST_STEP][PASSED] - click(findTestObject("mobileSanity/Dental/census/label_Compare Dental Insurance")): Object: 'Object Repository/mobileSanity/Dental/census/label_Compare Dental Insurance' is clicked on&#xD;
&#xD;
2019-09-05 14:30:59 - [MESSAGE][PASSED] - Object: 'Object Repository/mobileSanity/Dental/census/label_Compare Dental Insurance' is clicked on&#xD;
&#xD;
2019-09-05 14:30:59 - [TEST_STEP][PASSED] - waitForPageLoad(10): Wait for page load successfully&#xD;
&#xD;
2019-09-05 14:30:59 - [MESSAGE][PASSED] - Wait for page load successfully&#xD;
&#xD;
2019-09-05 14:30:59 - [TEST_STEP][PASSED] - Thread.sleep(2000): null&#xD;
&#xD;
2019-09-05 14:31:01 - [TEST_STEP][PASSED] - callTestCase(findTestCase("mobileWeb/_include/get_screenshot"), [:], STOP_ON_FAILURE): Call Test Case 'Test Cases/mobileWeb/_include/get_screenshot' successfully&#xD;
&#xD;
2019-09-05 14:31:01 - [TEST_CASE][PASSED] - Test Cases/mobileWeb/_include/get_screenshot: Test Cases/mobileWeb/_include/get_screenshot&#xD;
&#xD;
2019-09-05 14:31:01 - [TEST_STEP][PASSED] - takeScreenshot(screenPath + i + ".png"): Taking screenshot successfully&#xD;
&#xD;
2019-09-05 14:31:02 - [MESSAGE][PASSED] - Taking screenshot successfully&#xD;
[[ATTACHMENT|D:\\Test\\AgileTest\\AgileTest\\Reports\\mobileWeb\\dental\\20190905_142826\\../Screenshots/iPhone X/dental/Nationwide/20190905_143038/3.png]]&#xD;
&#xD;
2019-09-05 14:31:02 - [TEST_STEP][PASSED] - (internal.GlobalVariable.i++): null&#xD;
&#xD;
2019-09-05 14:31:02 - [MESSAGE][PASSED] - Call Test Case 'Test Cases/mobileWeb/_include/get_screenshot' successfully&#xD;
&#xD;
2019-09-05 14:31:02 - [MESSAGE][PASSED] - Call Test Case 'Test Cases/mobileWeb/_include/census_dental' successfully&#xD;
&#xD;
2019-09-05 14:31:02 - [TEST_STEP][PASSED] - click(findTestObject("mobileSanity/Dental/filter/btn_filter")): Object: 'Object Repository/mobileSanity/Dental/filter/btn_filter' is clicked on&#xD;
&#xD;
2019-09-05 14:31:02 - [MESSAGE][PASSED] - Object: 'Object Repository/mobileSanity/Dental/filter/btn_filter' is clicked on&#xD;
&#xD;
2019-09-05 14:31:02 - [TEST_STEP][PASSED] - Thread.sleep(1000): null&#xD;
&#xD;
2019-09-05 14:31:03 - [TEST_STEP][PASSED] - waitForElementVisible(findTestObject("mobileSanity/Dental/filter/btn_company"), 10): Object 'Object Repository/mobileSanity/Dental/filter/btn_company' is visible&#xD;
&#xD;
2019-09-05 14:31:03 - [MESSAGE][PASSED] - Object 'Object Repository/mobileSanity/Dental/filter/btn_company' is visible&#xD;
&#xD;
2019-09-05 14:31:03 - [TEST_STEP][PASSED] - click(findTestObject("mobileSanity/Dental/filter/btn_company")): Object: 'Object Repository/mobileSanity/Dental/filter/btn_company' is clicked on&#xD;
&#xD;
2019-09-05 14:31:03 - [MESSAGE][PASSED] - Object: 'Object Repository/mobileSanity/Dental/filter/btn_company' is clicked on&#xD;
&#xD;
2019-09-05 14:31:03 - [TEST_STEP][PASSED] - Thread.sleep(2000): null&#xD;
&#xD;
2019-09-05 14:31:05 - [TEST_STEP][PASSED] - click(findTestObject("mobileSanity/Dental/filter/btn_nationwide")): Object: 'Object Repository/mobileSanity/Dental/filter/btn_nationwide' is clicked on&#xD;
&#xD;
2019-09-05 14:31:06 - [MESSAGE][PASSED] - Object: 'Object Repository/mobileSanity/Dental/filter/btn_nationwide' is clicked on&#xD;
&#xD;
2019-09-05 14:31:06 - [TEST_STEP][PASSED] - waitForJQueryLoad(20, STOP_ON_FAILURE): jQuery is ready.&#xD;
&#xD;
2019-09-05 14:31:07 - [MESSAGE][PASSED] - jQuery is ready.&#xD;
&#xD;
2019-09-05 14:31:07 - [TEST_STEP][PASSED] - callTestCase(findTestCase("mobileWeb/_include/get_screenshot"), [:], STOP_ON_FAILURE): Call Test Case 'Test Cases/mobileWeb/_include/get_screenshot' successfully&#xD;
&#xD;
2019-09-05 14:31:07 - [TEST_CASE][PASSED] - Test Cases/mobileWeb/_include/get_screenshot: Test Cases/mobileWeb/_include/get_screenshot&#xD;
&#xD;
2019-09-05 14:31:07 - [TEST_STEP][PASSED] - takeScreenshot(screenPath + i + ".png"): Taking screenshot successfully&#xD;
&#xD;
2019-09-05 14:31:08 - [MESSAGE][PASSED] - Taking screenshot successfully&#xD;
[[ATTACHMENT|D:\\Test\\AgileTest\\AgileTest\\Reports\\mobileWeb\\dental\\20190905_142826\\../Screenshots/iPhone X/dental/Nationwide/20190905_143038/4.png]]&#xD;
&#xD;
2019-09-05 14:31:08 - [TEST_STEP][PASSED] - (internal.GlobalVariable.i++): null&#xD;
&#xD;
2019-09-05 14:31:08 - [MESSAGE][PASSED] - Call Test Case 'Test Cases/mobileWeb/_include/get_screenshot' successfully&#xD;
&#xD;
2019-09-05 14:31:08 - [TEST_STEP][PASSED] - click(findTestObject("mobileSanity/Dental/filter/btn_filter")): Object: 'Object Repository/mobileSanity/Dental/filter/btn_filter' is clicked on&#xD;
&#xD;
2019-09-05 14:31:08 - [MESSAGE][PASSED] - Object: 'Object Repository/mobileSanity/Dental/filter/btn_filter' is clicked on&#xD;
&#xD;
2019-09-05 14:31:08 - [TEST_STEP][PASSED] - click(findTestObject("mobileSanity/Dental/quote/a_Select This Plan")): Object: 'Object Repository/mobileSanity/Dental/quote/a_Select This Plan' is clicked on&#xD;
&#xD;
2019-09-05 14:31:09 - [MESSAGE][PASSED] - Object: 'Object Repository/mobileSanity/Dental/quote/a_Select This Plan' is clicked on&#xD;
&#xD;
2019-09-05 14:31:09 - [TEST_STEP][PASSED] - waitForPageLoad(10): Wait for page load successfully&#xD;
&#xD;
2019-09-05 14:31:09 - [MESSAGE][PASSED] - Wait for page load successfully&#xD;
&#xD;
2019-09-05 14:31:09 - [TEST_STEP][PASSED] - callTestCase(findTestCase("mobileWeb/_include/get_screenshot"), [:], STOP_ON_FAILURE): Call Test Case 'Test Cases/mobileWeb/_include/get_screenshot' successfully&#xD;
&#xD;
2019-09-05 14:31:10 - [TEST_CASE][PASSED] - Test Cases/mobileWeb/_include/get_screenshot: Test Cases/mobileWeb/_include/get_screenshot&#xD;
&#xD;
2019-09-05 14:31:10 - [TEST_STEP][PASSED] - takeScreenshot(screenPath + i + ".png"): Taking screenshot successfully&#xD;
&#xD;
2019-09-05 14:31:10 - [MESSAGE][PASSED] - Taking screenshot successfully&#xD;
[[ATTACHMENT|D:\\Test\\AgileTest\\AgileTest\\Reports\\mobileWeb\\dental\\20190905_142826\\../Screenshots/iPhone X/dental/Nationwide/20190905_143038/5.png]]&#xD;
&#xD;
2019-09-05 14:31:10 - [TEST_STEP][PASSED] - (internal.GlobalVariable.i++): null&#xD;
&#xD;
2019-09-05 14:31:10 - [MESSAGE][PASSED] - Call Test Case 'Test Cases/mobileWeb/_include/get_screenshot' successfully&#xD;
&#xD;
2019-09-05 14:31:10 - [TEST_STEP][PASSED] - click(findTestObject("mobileSanity/Dental/apply/span_Start Secure Application")): Object: 'Object Repository/mobileSanity/Dental/apply/span_Start Secure Application' is clicked on&#xD;
&#xD;
2019-09-05 14:31:12 - [MESSAGE][PASSED] - Object: 'Object Repository/mobileSanity/Dental/apply/span_Start Secure Application' is clicked on&#xD;
&#xD;
2019-09-05 14:31:12 - [TEST_STEP][PASSED] - waitForPageLoad(10): Wait for page load successfully&#xD;
&#xD;
2019-09-05 14:31:13 - [MESSAGE][PASSED] - Wait for page load successfully&#xD;
&#xD;
2019-09-05 14:31:13 - [TEST_STEP][PASSED] - callTestCase(findTestCase("mobileWeb/_include/get_screenshot"), [:], STOP_ON_FAILURE): Call Test Case 'Test Cases/mobileWeb/_include/get_screenshot' successfully&#xD;
&#xD;
2019-09-05 14:31:13 - [TEST_CASE][PASSED] - Test Cases/mobileWeb/_include/get_screenshot: Test Cases/mobileWeb/_include/get_screenshot&#xD;
&#xD;
2019-09-05 14:31:13 - [TEST_STEP][PASSED] - takeScreenshot(screenPath + i + ".png"): Taking screenshot successfully&#xD;
&#xD;
2019-09-05 14:31:13 - [MESSAGE][PASSED] - Taking screenshot successfully&#xD;
[[ATTACHMENT|D:\\Test\\AgileTest\\AgileTest\\Reports\\mobileWeb\\dental\\20190905_142826\\../Screenshots/iPhone X/dental/Nationwide/20190905_143038/6.png]]&#xD;
&#xD;
2019-09-05 14:31:13 - [TEST_STEP][PASSED] - (internal.GlobalVariable.i++): null&#xD;
&#xD;
2019-09-05 14:31:13 - [MESSAGE][PASSED] - Call Test Case 'Test Cases/mobileWeb/_include/get_screenshot' successfully&#xD;
&#xD;
2019-09-05 14:31:13 - [TEST_STEP][PASSED] - callTestCase(findTestCase("mobileWeb/_include/goToEnd_dental"), ["carrier":"nationwide"], STOP_ON_FAILURE): Call Test Case 'Test Cases/mobileWeb/_include/goToEnd_dental' successfully&#xD;
&#xD;
2019-09-05 14:31:14 - [TEST_CASE][PASSED] - Test Cases/mobileWeb/_include/goToEnd_dental: Test Cases/mobileWeb/_include/goToEnd_dental&#xD;
&#xD;
2019-09-05 14:31:14 - [TEST_STEP][PASSED] - callTestCase(findTestCase("mobileWeb/_include/name"), [:], CONTINUE_ON_FAILURE): Call Test Case 'Test Cases/mobileWeb/_include/name' successfully&#xD;
&#xD;
2019-09-05 14:31:14 - [TEST_CASE][PASSED] - Test Cases/mobileWeb/_include/name: Test Cases/mobileWeb/_include/name&#xD;
&#xD;
2019-09-05 14:31:14 - [TEST_STEP][PASSED] - driver = getWebDriver(): null&#xD;
&#xD;
2019-09-05 14:31:14 - [TEST_STEP][PASSED] - selenium = new com.thoughtworks.selenium.webdriven.WebDriverBackedSelenium(driver, internal.GlobalVariable.ENV): null&#xD;
&#xD;
2019-09-05 14:31:14 - [TEST_STEP][PASSED] - FirstName = "Test-123": null&#xD;
&#xD;
2019-09-05 14:31:14 - [TEST_STEP][PASSED] - LastName = selenium.getEval("{var x="ABCDEFGHIJKLMNOPQRSTUVWXYZabcdefghijklmnopqrstuvwxyz"; var tmp="ZZ11-"; for (i=0;i&lt;8;i++) tmp+=x.charAt(Math.ceil(51*Math.random()));tmp;}"): null&#xD;
&#xD;
2019-09-05 14:31:14 - [TEST_STEP][PASSED] - Address = selenium.getEval("{var x="ABCDEFGHIJKLMNOPQRSTUVWXYZabcdefghijklmnopqrstuvwxyz"; var tmp=""; for (i=0;i&lt;8;i++) tmp+=x.charAt(Math.ceil(51*Math.random()));tmp;}"): null&#xD;
&#xD;
2019-09-05 14:31:14 - [TEST_STEP][PASSED] - City = selenium.getEval("{var x="ABCDEFGHIJKLMNOPQRSTUVWXYZabcdefghijklmnopqrstuvwxyz"; var tmp=""; for (i=0;i&lt;8;i++) tmp+=x.charAt(Math.ceil(51*Math.random()));tmp;}"): null&#xD;
&#xD;
2019-09-05 14:31:14 - [TEST_STEP][PASSED] - tel1 = selenium.getEval("{var x="123456789"; var tmp=""; for (i=0;i&lt;3;i++) tmp+=x.charAt(Math.ceil(8*Math.random()));tmp;}"): null&#xD;
&#xD;
2019-09-05 14:31:14 - [TEST_STEP][PASSED] - tel2 = selenium.getEval("{var x="123456789"; var tmp=""; for (i=0;i&lt;3;i++) tmp+=x.charAt(Math.ceil(8*Math.random()));tmp;}"): null&#xD;
&#xD;
2019-09-05 14:31:14 - [TEST_STEP][PASSED] - tel3 = selenium.getEval("{var x="123456789"; var tmp=""; for (i=0;i&lt;4;i++) tmp+=x.charAt(Math.ceil(8*Math.random()));tmp;}"): null&#xD;
&#xD;
2019-09-05 14:31:14 - [TEST_STEP][PASSED] - Tel = selenium.getExpression(tel1 + "-" + tel2 + "-" + tel3): null&#xD;
&#xD;
2019-09-05 14:31:14 - [TEST_STEP][PASSED] - AutoEmail = selenium.getEval("{var x="ABCDEFGHIJKLMNOPQRSTUVWXYZabcdefghijklmnopqrstuvwxyz"; var tmp="test."; for (i=0;i&lt;8;i++) tmp+=x.charAt(Math.ceil(51*Math.random()));tmp+="@suryani.cn";}"): null&#xD;
&#xD;
2019-09-05 14:31:14 - [TEST_STEP][PASSED] - FirstName = FirstName: null&#xD;
&#xD;
2019-09-05 14:31:14 - [TEST_STEP][PASSED] - LastName = LastName: null&#xD;
&#xD;
2019-09-05 14:31:14 - [TEST_STEP][PASSED] - Address = Address: null&#xD;
&#xD;
2019-09-05 14:31:14 - [TEST_STEP][PASSED] - City = City: null&#xD;
&#xD;
2019-09-05 14:31:14 - [TEST_STEP][PASSED] - Tel = Tel: null&#xD;
&#xD;
2019-09-05 14:31:14 - [TEST_STEP][PASSED] - AutoEmail = AutoEmail: null&#xD;
&#xD;
2019-09-05 14:31:14 - [TEST_STEP][PASSED] - println(FirstName): null&#xD;
&#xD;
2019-09-05 14:31:14 - [TEST_STEP][PASSED] - println(LastName): null&#xD;
&#xD;
2019-09-05 14:31:14 - [TEST_STEP][PASSED] - println(Address): null&#xD;
&#xD;
2019-09-05 14:31:14 - [TEST_STEP][PASSED] - println(City): null&#xD;
&#xD;
2019-09-05 14:31:14 - [TEST_STEP][PASSED] - println(Tel): null&#xD;
&#xD;
2019-09-05 14:31:14 - [TEST_STEP][PASSED] - println(AutoEmail): null&#xD;
&#xD;
2019-09-05 14:31:14 - [MESSAGE][PASSED] - Call Test Case 'Test Cases/mobileWeb/_include/name' successfully&#xD;
&#xD;
2019-09-05 14:31:14 - [TEST_STEP][PASSED] - Thread.sleep(3000): null&#xD;
&#xD;
2019-09-05 14:31:17 - [TEST_STEP][PASSED] - setText(findTestObject("mobileSanity/Dental/app_page1/input__member-P-1-firstName"), FirstName): Text 'Test-123' is set on object 'Object Repository/mobileSanity/Dental/app_page1/input__member-P-1-firstName'&#xD;
&#xD;
2019-09-05 14:31:17 - [MESSAGE][PASSED] - Text 'Test-123' is set on object 'Object Repository/mobileSanity/Dental/app_page1/input__member-P-1-firstName'&#xD;
&#xD;
2019-09-05 14:31:17 - [TEST_STEP][PASSED] - setText(findTestObject("mobileSanity/Dental/app_page1/input__member-P-1-lastName"), LastName): Text 'ZZ11-bEriyDmf' is set on object 'Object Repository/mobileSanity/Dental/app_page1/input__member-P-1-lastName'&#xD;
&#xD;
2019-09-05 14:31:17 - [MESSAGE][PASSED] - Text 'ZZ11-bEriyDmf' is set on object 'Object Repository/mobileSanity/Dental/app_page1/input__member-P-1-lastName'&#xD;
&#xD;
2019-09-05 14:31:17 - [TEST_STEP][PASSED] - setText(findTestObject("mobileSanity/Dental/app_page1/input__address"), Address): Text 'pcsqPfda' is set on object 'Object Repository/mobileSanity/Dental/app_page1/input__address'&#xD;
&#xD;
2019-09-05 14:31:17 - [MESSAGE][PASSED] - Text 'pcsqPfda' is set on object 'Object Repository/mobileSanity/Dental/app_page1/input__address'&#xD;
&#xD;
2019-09-05 14:31:17 - [TEST_STEP][PASSED] - setText(findTestObject("mobileSanity/Dental/app_page1/input__city"), City): Text 'TcBFZejC' is set on object 'Object Repository/mobileSanity/Dental/app_page1/input__city'&#xD;
&#xD;
2019-09-05 14:31:18 - [MESSAGE][PASSED] - Text 'TcBFZejC' is set on object 'Object Repository/mobileSanity/Dental/app_page1/input__city'&#xD;
&#xD;
2019-09-05 14:31:18 - [TEST_STEP][PASSED] - setText(findTestObject("mobileSanity/Dental/app_page1/input__email"), AutoEmail): Text 'test.PEdimNRp@suryani.cn' is set on object 'Object Repository/mobileSanity/Dental/app_page1/input__email'&#xD;
&#xD;
2019-09-05 14:31:18 - [MESSAGE][PASSED] - Text 'test.PEdimNRp@suryani.cn' is set on object 'Object Repository/mobileSanity/Dental/app_page1/input__email'&#xD;
&#xD;
2019-09-05 14:31:18 - [TEST_STEP][PASSED] - setText(findTestObject("mobileSanity/Dental/app_page1/input_phone"), Tel): Text '735-832-8855' is set on object 'Object Repository/mobileSanity/Dental/app_page1/input_phone'&#xD;
&#xD;
2019-09-05 14:31:18 - [MESSAGE][PASSED] - Text '735-832-8855' is set on object 'Object Repository/mobileSanity/Dental/app_page1/input_phone'&#xD;
&#xD;
2019-09-05 14:31:18 - [TEST_STEP][PASSED] - click(findTestObject("mobileSanity/Dental/app_page1/a_Continue to Step 2 - Payment")): Object: 'Object Repository/mobileSanity/Dental/app_page1/a_Continue to Step 2 - Payment' is clicked on&#xD;
&#xD;
2019-09-05 14:31:18 - [MESSAGE][PASSED] - Object: 'Object Repository/mobileSanity/Dental/app_page1/a_Continue to Step 2 - Payment' is clicked on&#xD;
&#xD;
2019-09-05 14:31:18 - [TEST_STEP][PASSED] - waitForPageLoad(10): Wait for page load successfully&#xD;
&#xD;
2019-09-05 14:31:18 - [MESSAGE][PASSED] - Wait for page load successfully&#xD;
&#xD;
2019-09-05 14:31:18 - [TEST_STEP][PASSED] - Thread.sleep(2000): null&#xD;
&#xD;
2019-09-05 14:31:20 - [TEST_STEP][PASSED] - if (carrier == "usa"): null&#xD;
&#xD;
2019-09-05 14:31:20 - [TEST_STEP][PASSED] - callTestCase(findTestCase("mobileWeb/_include/get_screenshot"), [:], STOP_ON_FAILURE): Call Test Case 'Test Cases/mobileWeb/_include/get_screenshot' successfully&#xD;
&#xD;
2019-09-05 14:31:20 - [TEST_CASE][PASSED] - Test Cases/mobileWeb/_include/get_screenshot: Test Cases/mobileWeb/_include/get_screenshot&#xD;
&#xD;
2019-09-05 14:31:20 - [TEST_STEP][PASSED] - takeScreenshot(screenPath + i + ".png"): Taking screenshot successfully&#xD;
&#xD;
2019-09-05 14:31:21 - [MESSAGE][PASSED] - Taking screenshot successfully&#xD;
[[ATTACHMENT|D:\\Test\\AgileTest\\AgileTest\\Reports\\mobileWeb\\dental\\20190905_142826\\../Screenshots/iPhone X/dental/Nationwide/20190905_143038/7.png]]&#xD;
&#xD;
2019-09-05 14:31:21 - [TEST_STEP][PASSED] - (internal.GlobalVariable.i++): null&#xD;
&#xD;
2019-09-05 14:31:21 - [MESSAGE][PASSED] - Call Test Case 'Test Cases/mobileWeb/_include/get_screenshot' successfully&#xD;
&#xD;
2019-09-05 14:31:21 - [TEST_STEP][PASSED] - setText(findTestObject("mobileSanity/Dental/app_page2/input__credit-card-first"), FirstName): Text 'Test-123' is set on object 'Object Repository/mobileSanity/Dental/app_page2/input__credit-card-first'&#xD;
&#xD;
2019-09-05 14:31:21 - [MESSAGE][PASSED] - Text 'Test-123' is set on object 'Object Repository/mobileSanity/Dental/app_page2/input__credit-card-first'&#xD;
&#xD;
2019-09-05 14:31:21 - [TEST_STEP][PASSED] - setText(findTestObject("mobileSanity/Dental/app_page2/input__credit-card-last"), LastName): Text 'ZZ11-bEriyDmf' is set on object 'Object Repository/mobileSanity/Dental/app_page2/input__credit-card-last'&#xD;
&#xD;
2019-09-05 14:31:22 - [MESSAGE][PASSED] - Text 'ZZ11-bEriyDmf' is set on object 'Object Repository/mobileSanity/Dental/app_page2/input__credit-card-last'&#xD;
&#xD;
2019-09-05 14:31:22 - [TEST_STEP][PASSED] - selectOptionByValue(findTestObject("mobileSanity/Dental/app_page2/select_MM010203040506070809101"), "12", true): All options with value '12' are selected in object 'Object Repository/mobileSanity/Dental/app_page2/select_MM010203040506070809101'  using regular expression&#xD;
&#xD;
2019-09-05 14:31:22 - [MESSAGE][PASSED] - All options with value '12' are selected in object 'Object Repository/mobileSanity/Dental/app_page2/select_MM010203040506070809101'  using regular expression&#xD;
&#xD;
2019-09-05 14:31:22 - [TEST_STEP][PASSED] - selectOptionByValue(findTestObject("mobileSanity/Dental/app_page2/select_YYYY2019202020212022202"), "2026", true): All options with value '2026' are selected in object 'Object Repository/mobileSanity/Dental/app_page2/select_YYYY2019202020212022202'  using regular expression&#xD;
&#xD;
2019-09-05 14:31:23 - [MESSAGE][PASSED] - All options with value '2026' are selected in object 'Object Repository/mobileSanity/Dental/app_page2/select_YYYY2019202020212022202'  using regular expression&#xD;
&#xD;
2019-09-05 14:31:23 - [TEST_STEP][PASSED] - setText(findTestObject("mobileSanity/Dental/app_page2/input__credit-card-number"), "4111111111111111"): Text '4111111111111111' is set on object 'Object Repository/mobileSanity/Dental/app_page2/input__credit-card-number'&#xD;
&#xD;
2019-09-05 14:31:23 - [MESSAGE][PASSED] - Text '4111111111111111' is set on object 'Object Repository/mobileSanity/Dental/app_page2/input__credit-card-number'&#xD;
&#xD;
2019-09-05 14:31:23 - [TEST_STEP][PASSED] - setText(findTestObject("mobileSanity/Dental/app_page2/input__cvv"), "123"): Text '123' is set on object 'Object Repository/mobileSanity/Dental/app_page2/input__cvv'&#xD;
&#xD;
2019-09-05 14:31:23 - [MESSAGE][PASSED] - Text '123' is set on object 'Object Repository/mobileSanity/Dental/app_page2/input__cvv'&#xD;
&#xD;
2019-09-05 14:31:23 - [TEST_STEP][PASSED] - click(findTestObject("mobileSanity/Dental/app_page2/label_My billing address is th")): Object: 'Object Repository/mobileSanity/Dental/app_page2/label_My billing address is th' is clicked on&#xD;
&#xD;
2019-09-05 14:31:23 - [MESSAGE][PASSED] - Object: 'Object Repository/mobileSanity/Dental/app_page2/label_My billing address is th' is clicked on&#xD;
&#xD;
2019-09-05 14:31:23 - [TEST_STEP][PASSED] - click(findTestObject("mobileSanity/Dental/app_page2/label_I Accept Authorization f")): Object: 'Object Repository/mobileSanity/Dental/app_page2/label_I Accept Authorization f' is clicked on&#xD;
&#xD;
2019-09-05 14:31:23 - [MESSAGE][PASSED] - Object: 'Object Repository/mobileSanity/Dental/app_page2/label_I Accept Authorization f' is clicked on&#xD;
&#xD;
2019-09-05 14:31:23 - [TEST_STEP][PASSED] - click(findTestObject("mobileSanity/Dental/app_page2/a_Continue to Step 3 - Review")): Object: 'Object Repository/mobileSanity/Dental/app_page2/a_Continue to Step 3 - Review' is clicked on&#xD;
&#xD;
2019-09-05 14:31:23 - [MESSAGE][PASSED] - Object: 'Object Repository/mobileSanity/Dental/app_page2/a_Continue to Step 3 - Review' is clicked on&#xD;
&#xD;
2019-09-05 14:31:23 - [TEST_STEP][PASSED] - waitForPageLoad(20): Wait for page load successfully&#xD;
&#xD;
2019-09-05 14:31:23 - [MESSAGE][PASSED] - Wait for page load successfully&#xD;
&#xD;
2019-09-05 14:31:23 - [TEST_STEP][PASSED] - Thread.sleep(2000): null&#xD;
&#xD;
2019-09-05 14:31:25 - [TEST_STEP][PASSED] - waitForElementClickable(findTestObject("mobileSanity/Dental/app_page3/label"), 20): Object 'Object Repository/mobileSanity/Dental/app_page3/label' is clickable&#xD;
&#xD;
2019-09-05 14:31:35 - [MESSAGE][PASSED] - Object 'Object Repository/mobileSanity/Dental/app_page3/label' is clickable&#xD;
&#xD;
2019-09-05 14:31:35 - [TEST_STEP][PASSED] - callTestCase(findTestCase("mobileWeb/_include/get_screenshot"), [:], STOP_ON_FAILURE): Call Test Case 'Test Cases/mobileWeb/_include/get_screenshot' successfully&#xD;
&#xD;
2019-09-05 14:31:35 - [TEST_CASE][PASSED] - Test Cases/mobileWeb/_include/get_screenshot: Test Cases/mobileWeb/_include/get_screenshot&#xD;
&#xD;
2019-09-05 14:31:35 - [TEST_STEP][PASSED] - takeScreenshot(screenPath + i + ".png"): Taking screenshot successfully&#xD;
&#xD;
2019-09-05 14:31:36 - [MESSAGE][PASSED] - Taking screenshot successfully&#xD;
[[ATTACHMENT|D:\\Test\\AgileTest\\AgileTest\\Reports\\mobileWeb\\dental\\20190905_142826\\../Screenshots/iPhone X/dental/Nationwide/20190905_143038/8.png]]&#xD;
&#xD;
2019-09-05 14:31:36 - [TEST_STEP][PASSED] - (internal.GlobalVariable.i++): null&#xD;
&#xD;
2019-09-05 14:31:36 - [MESSAGE][PASSED] - Call Test Case 'Test Cases/mobileWeb/_include/get_screenshot' successfully&#xD;
&#xD;
2019-09-05 14:31:36 - [TEST_STEP][PASSED] - click(findTestObject("mobileSanity/Dental/app_page3/label")): Object: 'Object Repository/mobileSanity/Dental/app_page3/label' is clicked on&#xD;
&#xD;
2019-09-05 14:31:36 - [MESSAGE][PASSED] - Object: 'Object Repository/mobileSanity/Dental/app_page3/label' is clicked on&#xD;
&#xD;
2019-09-05 14:31:36 - [TEST_STEP][PASSED] - click(findTestObject("mobileSanity/Dental/app_page3/p_CLICK TO SIGN")): Object: 'Object Repository/mobileSanity/Dental/app_page3/p_CLICK TO SIGN' is clicked on&#xD;
&#xD;
2019-09-05 14:31:36 - [MESSAGE][PASSED] - Object: 'Object Repository/mobileSanity/Dental/app_page3/p_CLICK TO SIGN' is clicked on&#xD;
&#xD;
2019-09-05 14:31:36 - [TEST_STEP][PASSED] - click(findTestObject("mobileSanity/Dental/app_page3/a_Submit Your Application")): Object: 'Object Repository/mobileSanity/Dental/app_page3/a_Submit Your Application' is clicked on&#xD;
&#xD;
2019-09-05 14:31:36 - [MESSAGE][PASSED] - Object: 'Object Repository/mobileSanity/Dental/app_page3/a_Submit Your Application' is clicked on&#xD;
&#xD;
2019-09-05 14:31:36 - [TEST_STEP][PASSED] - Thread.sleep(50000): null&#xD;
&#xD;
2019-09-05 14:32:26 - [TEST_STEP][PASSED] - waitForElementPresent(findTestObject("mobileSanity/Dental/app_page4/js-app-confirmation"), 20): Object 'Object Repository/mobileSanity/Dental/app_page4/js-app-confirmation' is present&#xD;
&#xD;
2019-09-05 14:32:26 - [MESSAGE][PASSED] - Object 'Object Repository/mobileSanity/Dental/app_page4/js-app-confirmation' is present&#xD;
&#xD;
2019-09-05 14:32:26 - [TEST_STEP][PASSED] - callTestCase(findTestCase("mobileWeb/_include/get_screenshot"), [:], STOP_ON_FAILURE): Call Test Case 'Test Cases/mobileWeb/_include/get_screenshot' successfully&#xD;
&#xD;
2019-09-05 14:32:26 - [TEST_CASE][PASSED] - Test Cases/mobileWeb/_include/get_screenshot: Test Cases/mobileWeb/_include/get_screenshot&#xD;
&#xD;
2019-09-05 14:32:26 - [TEST_STEP][PASSED] - takeScreenshot(screenPath + i + ".png"): Taking screenshot successfully&#xD;
&#xD;
2019-09-05 14:32:27 - [MESSAGE][PASSED] - Taking screenshot successfully&#xD;
[[ATTACHMENT|D:\\Test\\AgileTest\\AgileTest\\Reports\\mobileWeb\\dental\\20190905_142826\\../Screenshots/iPhone X/dental/Nationwide/20190905_143038/9.png]]&#xD;
&#xD;
2019-09-05 14:32:27 - [TEST_STEP][PASSED] - (internal.GlobalVariable.i++): null&#xD;
&#xD;
2019-09-05 14:32:27 - [MESSAGE][PASSED] - Call Test Case 'Test Cases/mobileWeb/_include/get_screenshot' successfully&#xD;
&#xD;
2019-09-05 14:32:27 - [MESSAGE][PASSED] - Call Test Case 'Test Cases/mobileWeb/_include/goToEnd_dental' successfully</system-out>
            <system-err></system-err>
        </testcase>
        <testcase name="Test Cases/mobileWeb/Dental/USA Access" classname="Test Cases/mobileWeb/Dental/USA Access" status="PASSED">
            <system-out>2019-09-05 14:32:27 - [TEST_CASE][PASSED] - Test Cases/mobileWeb/Dental/USA Access: Test Cases/mobileWeb/Dental/USA Access&#xD;
&#xD;
2019-09-05 14:32:27 - [TEST_STEP][PASSED] - callTestCase(findTestCase("mobileWeb/_include/get_screenPath"), ["productLine":"dental", "carrierName":"USA Access"], CONTINUE_ON_FAILURE): Call Test Case 'Test Cases/mobileWeb/_include/get_screenPath' successfully&#xD;
&#xD;
2019-09-05 14:32:27 - [TEST_CASE][PASSED] - Test Cases/mobileWeb/_include/get_screenPath: Test Cases/mobileWeb/_include/get_screenPath&#xD;
&#xD;
2019-09-05 14:32:27 - [TEST_STEP][PASSED] - m = getExecutionProperties(): null&#xD;
&#xD;
2019-09-05 14:32:27 - [TEST_STEP][PASSED] - deviceName = get("mobileEmulation").get("deviceName"): null&#xD;
&#xD;
2019-09-05 14:32:27 - [TEST_STEP][PASSED] - println(deviceName): null&#xD;
&#xD;
2019-09-05 14:32:27 - [TEST_STEP][PASSED] - now = new java.util.Date(): null&#xD;
&#xD;
2019-09-05 14:32:27 - [TEST_STEP][PASSED] - mydate = now.format("yyyyMMdd_HHmmss"): null&#xD;
&#xD;
2019-09-05 14:32:27 - [TEST_STEP][PASSED] - screenPath = "../Screenshots/": null&#xD;
&#xD;
2019-09-05 14:32:27 - [TEST_STEP][PASSED] - screenPath = screenPath + deviceName + "/" + productLine + "/" + carrierName + "/" + mydate + "/": null&#xD;
&#xD;
2019-09-05 14:32:27 - [TEST_STEP][PASSED] - println(screenPath): null&#xD;
&#xD;
2019-09-05 14:32:27 - [MESSAGE][PASSED] - Call Test Case 'Test Cases/mobileWeb/_include/get_screenPath' successfully&#xD;
&#xD;
2019-09-05 14:32:27 - [TEST_STEP][PASSED] - i = 0: null&#xD;
&#xD;
2019-09-05 14:32:27 - [TEST_STEP][PASSED] - callTestCase(findTestCase("mobileWeb/_include/openWebSite"), [:], STOP_ON_FAILURE): Call Test Case 'Test Cases/mobileWeb/_include/openWebSite' successfully&#xD;
&#xD;
2019-09-05 14:32:27 - [TEST_CASE][PASSED] - Test Cases/mobileWeb/_include/openWebSite: Test Cases/mobileWeb/_include/openWebSite&#xD;
&#xD;
2019-09-05 14:32:27 - [TEST_STEP][PASSED] - openBrowser(env): Browser is opened with url: 'https://praetemptatus.agilehealthinsurance.com'&#xD;
&#xD;
2019-09-05 14:32:27 - [MESSAGE][WARNING] - A browser is already opened. Closing browser and opening a new one&#xD;
&#xD;
2019-09-05 14:32:28 - [MESSAGE][INFO] - Starting 'Chrome' driver&#xD;
&#xD;
2019-09-05 14:32:28 - [MESSAGE][INFO] - User set preference: ['mobileEmulation', '{deviceName=iPhone X}']&#xD;
&#xD;
2019-09-05 14:32:28 - [MESSAGE][INFO] - User set preference: ['args', '[--incognito, --aggressive-cache-discard, --no-sandbox, --window-size=375,812]']&#xD;
&#xD;
2019-09-05 14:32:34 - [MESSAGE][PASSED] - Browser is opened with url: 'https://praetemptatus.agilehealthinsurance.com'&#xD;
&#xD;
2019-09-05 14:32:34 - [TEST_STEP][PASSED] - waitForPageLoad(20): Wait for page load successfully&#xD;
&#xD;
2019-09-05 14:32:34 - [MESSAGE][PASSED] - Wait for page load successfully&#xD;
&#xD;
2019-09-05 14:32:34 - [TEST_STEP][PASSED] - callTestCase(findTestCase("mobileWeb/_include/get_screenshot"), [:], STOP_ON_FAILURE): Call Test Case 'Test Cases/mobileWeb/_include/get_screenshot' successfully&#xD;
&#xD;
2019-09-05 14:32:34 - [TEST_CASE][PASSED] - Test Cases/mobileWeb/_include/get_screenshot: Test Cases/mobileWeb/_include/get_screenshot&#xD;
&#xD;
2019-09-05 14:32:34 - [TEST_STEP][PASSED] - takeScreenshot(screenPath + i + ".png"): Taking screenshot successfully&#xD;
&#xD;
2019-09-05 14:32:35 - [MESSAGE][PASSED] - Taking screenshot successfully&#xD;
[[ATTACHMENT|D:\\Test\\AgileTest\\AgileTest\\Reports\\mobileWeb\\dental\\20190905_142826\\../Screenshots/iPhone X/dental/USA Access/20190905_143227/0.png]]&#xD;
&#xD;
2019-09-05 14:32:35 - [TEST_STEP][PASSED] - (internal.GlobalVariable.i++): null&#xD;
&#xD;
2019-09-05 14:32:35 - [MESSAGE][PASSED] - Call Test Case 'Test Cases/mobileWeb/_include/get_screenshot' successfully&#xD;
&#xD;
2019-09-05 14:32:35 - [MESSAGE][PASSED] - Call Test Case 'Test Cases/mobileWeb/_include/openWebSite' successfully&#xD;
&#xD;
2019-09-05 14:32:35 - [TEST_STEP][PASSED] - callTestCase(findTestCase("mobileWeb/_include/census_dental"), [:], STOP_ON_FAILURE): Call Test Case 'Test Cases/mobileWeb/_include/census_dental' successfully&#xD;
&#xD;
2019-09-05 14:32:35 - [TEST_CASE][PASSED] - Test Cases/mobileWeb/_include/census_dental: Test Cases/mobileWeb/_include/census_dental&#xD;
&#xD;
2019-09-05 14:32:35 - [TEST_STEP][PASSED] - click(findTestObject("mobileSanity/Common/side_nav/menu")): Object: 'Object Repository/mobileSanity/Common/side_nav/menu' is clicked on&#xD;
&#xD;
2019-09-05 14:32:37 - [MESSAGE][PASSED] - Object: 'Object Repository/mobileSanity/Common/side_nav/menu' is clicked on&#xD;
&#xD;
2019-09-05 14:32:37 - [TEST_STEP][PASSED] - Thread.sleep(3000): null&#xD;
&#xD;
2019-09-05 14:32:40 - [TEST_STEP][PASSED] - callTestCase(findTestCase("mobileWeb/_include/get_screenshot"), [:], STOP_ON_FAILURE): Call Test Case 'Test Cases/mobileWeb/_include/get_screenshot' successfully&#xD;
&#xD;
2019-09-05 14:32:40 - [TEST_CASE][PASSED] - Test Cases/mobileWeb/_include/get_screenshot: Test Cases/mobileWeb/_include/get_screenshot&#xD;
&#xD;
2019-09-05 14:32:40 - [TEST_STEP][PASSED] - takeScreenshot(screenPath + i + ".png"): Taking screenshot successfully&#xD;
&#xD;
2019-09-05 14:32:40 - [MESSAGE][PASSED] - Taking screenshot successfully&#xD;
[[ATTACHMENT|D:\\Test\\AgileTest\\AgileTest\\Reports\\mobileWeb\\dental\\20190905_142826\\../Screenshots/iPhone X/dental/USA Access/20190905_143227/1.png]]&#xD;
&#xD;
2019-09-05 14:32:40 - [TEST_STEP][PASSED] - (internal.GlobalVariable.i++): null&#xD;
&#xD;
2019-09-05 14:32:40 - [MESSAGE][PASSED] - Call Test Case 'Test Cases/mobileWeb/_include/get_screenshot' successfully&#xD;
&#xD;
2019-09-05 14:32:40 - [TEST_STEP][PASSED] - click(findTestObject("mobileSanity/Common/side_nav/nav_dental")): Object: 'Object Repository/mobileSanity/Common/side_nav/nav_dental' is clicked on&#xD;
&#xD;
2019-09-05 14:32:43 - [MESSAGE][PASSED] - Object: 'Object Repository/mobileSanity/Common/side_nav/nav_dental' is clicked on&#xD;
&#xD;
2019-09-05 14:32:43 - [TEST_STEP][PASSED] - waitForPageLoad(10): Wait for page load successfully&#xD;
&#xD;
2019-09-05 14:32:43 - [MESSAGE][PASSED] - Wait for page load successfully&#xD;
&#xD;
2019-09-05 14:32:43 - [TEST_STEP][PASSED] - callTestCase(findTestCase("mobileWeb/_include/get_screenshot"), [:], STOP_ON_FAILURE): Call Test Case 'Test Cases/mobileWeb/_include/get_screenshot' successfully&#xD;
&#xD;
2019-09-05 14:32:43 - [TEST_CASE][PASSED] - Test Cases/mobileWeb/_include/get_screenshot: Test Cases/mobileWeb/_include/get_screenshot&#xD;
&#xD;
2019-09-05 14:32:43 - [TEST_STEP][PASSED] - takeScreenshot(screenPath + i + ".png"): Taking screenshot successfully&#xD;
&#xD;
2019-09-05 14:32:44 - [MESSAGE][PASSED] - Taking screenshot successfully&#xD;
[[ATTACHMENT|D:\\Test\\AgileTest\\AgileTest\\Reports\\mobileWeb\\dental\\20190905_142826\\../Screenshots/iPhone X/dental/USA Access/20190905_143227/2.png]]&#xD;
&#xD;
2019-09-05 14:32:44 - [TEST_STEP][PASSED] - (internal.GlobalVariable.i++): null&#xD;
&#xD;
2019-09-05 14:32:44 - [MESSAGE][PASSED] - Call Test Case 'Test Cases/mobileWeb/_include/get_screenshot' successfully&#xD;
&#xD;
2019-09-05 14:32:44 - [TEST_STEP][PASSED] - sendKeys(findTestObject("mobileSanity/Dental/census/input_Location_zip-input"), zipcode): Keys '35215' sent to object: 'Object Repository/mobileSanity/Dental/census/input_Location_zip-input'&#xD;
&#xD;
2019-09-05 14:32:44 - [MESSAGE][PASSED] - Keys '35215' sent to object: 'Object Repository/mobileSanity/Dental/census/input_Location_zip-input'&#xD;
&#xD;
2019-09-05 14:32:44 - [TEST_STEP][PASSED] - Thread.sleep(500): null&#xD;
&#xD;
2019-09-05 14:32:44 - [TEST_STEP][PASSED] - setText(findTestObject("mobileSanity/Dental/census/input_Date of Birth_dob-0"), "12121980"): Text '12121980' is set on object 'Object Repository/mobileSanity/Dental/census/input_Date of Birth_dob-0'&#xD;
&#xD;
2019-09-05 14:32:45 - [MESSAGE][PASSED] - Text '12121980' is set on object 'Object Repository/mobileSanity/Dental/census/input_Date of Birth_dob-0'&#xD;
&#xD;
2019-09-05 14:32:45 - [TEST_STEP][PASSED] - click(findTestObject("mobileSanity/Dental/census/label_Male")): Object: 'Object Repository/mobileSanity/Dental/census/label_Male' is clicked on&#xD;
&#xD;
2019-09-05 14:32:45 - [MESSAGE][PASSED] - Object: 'Object Repository/mobileSanity/Dental/census/label_Male' is clicked on&#xD;
&#xD;
2019-09-05 14:32:45 - [TEST_STEP][PASSED] - click(findTestObject("mobileSanity/Dental/census/label_Compare Dental Insurance")): Object: 'Object Repository/mobileSanity/Dental/census/label_Compare Dental Insurance' is clicked on&#xD;
&#xD;
2019-09-05 14:32:50 - [MESSAGE][PASSED] - Object: 'Object Repository/mobileSanity/Dental/census/label_Compare Dental Insurance' is clicked on&#xD;
&#xD;
2019-09-05 14:32:50 - [TEST_STEP][PASSED] - waitForPageLoad(10): Wait for page load successfully&#xD;
&#xD;
2019-09-05 14:32:50 - [MESSAGE][PASSED] - Wait for page load successfully&#xD;
&#xD;
2019-09-05 14:32:50 - [TEST_STEP][PASSED] - Thread.sleep(2000): null&#xD;
&#xD;
2019-09-05 14:32:52 - [TEST_STEP][PASSED] - callTestCase(findTestCase("mobileWeb/_include/get_screenshot"), [:], STOP_ON_FAILURE): Call Test Case 'Test Cases/mobileWeb/_include/get_screenshot' successfully&#xD;
&#xD;
2019-09-05 14:32:52 - [TEST_CASE][PASSED] - Test Cases/mobileWeb/_include/get_screenshot: Test Cases/mobileWeb/_include/get_screenshot&#xD;
&#xD;
2019-09-05 14:32:52 - [TEST_STEP][PASSED] - takeScreenshot(screenPath + i + ".png"): Taking screenshot successfully&#xD;
&#xD;
2019-09-05 14:32:53 - [MESSAGE][PASSED] - Taking screenshot successfully&#xD;
[[ATTACHMENT|D:\\Test\\AgileTest\\AgileTest\\Reports\\mobileWeb\\dental\\20190905_142826\\../Screenshots/iPhone X/dental/USA Access/20190905_143227/3.png]]&#xD;
&#xD;
2019-09-05 14:32:53 - [TEST_STEP][PASSED] - (internal.GlobalVariable.i++): null&#xD;
&#xD;
2019-09-05 14:32:53 - [MESSAGE][PASSED] - Call Test Case 'Test Cases/mobileWeb/_include/get_screenshot' successfully&#xD;
&#xD;
2019-09-05 14:32:53 - [MESSAGE][PASSED] - Call Test Case 'Test Cases/mobileWeb/_include/census_dental' successfully&#xD;
&#xD;
2019-09-05 14:32:53 - [TEST_STEP][PASSED] - comment("-------------quote page--------------------"): -------------quote page--------------------&#xD;
&#xD;
2019-09-05 14:32:53 - [MESSAGE][INFO] - -------------quote page--------------------&#xD;
&#xD;
2019-09-05 14:32:53 - [TEST_STEP][PASSED] - click(findTestObject("mobileSanity/Dental/filter/btn_filter")): Object: 'Object Repository/mobileSanity/Dental/filter/btn_filter' is clicked on&#xD;
&#xD;
2019-09-05 14:32:53 - [MESSAGE][PASSED] - Object: 'Object Repository/mobileSanity/Dental/filter/btn_filter' is clicked on&#xD;
&#xD;
2019-09-05 14:32:53 - [TEST_STEP][PASSED] - waitForElementVisible(findTestObject("mobileSanity/Dental/filter/btn_company"), 10): Object 'Object Repository/mobileSanity/Dental/filter/btn_company' is visible&#xD;
&#xD;
2019-09-05 14:32:53 - [MESSAGE][PASSED] - Object 'Object Repository/mobileSanity/Dental/filter/btn_company' is visible&#xD;
&#xD;
2019-09-05 14:32:53 - [TEST_STEP][PASSED] - click(findTestObject("mobileSanity/Dental/filter/btn_company")): Object: 'Object Repository/mobileSanity/Dental/filter/btn_company' is clicked on&#xD;
&#xD;
2019-09-05 14:32:53 - [MESSAGE][PASSED] - Object: 'Object Repository/mobileSanity/Dental/filter/btn_company' is clicked on&#xD;
&#xD;
2019-09-05 14:32:53 - [TEST_STEP][PASSED] - Thread.sleep(2000): null&#xD;
&#xD;
2019-09-05 14:32:55 - [TEST_STEP][PASSED] - click(findTestObject("mobileSanity/Dental/filter/btn_usa")): Object: 'Object Repository/mobileSanity/Dental/filter/btn_usa' is clicked on&#xD;
&#xD;
2019-09-05 14:32:55 - [MESSAGE][PASSED] - Object: 'Object Repository/mobileSanity/Dental/filter/btn_usa' is clicked on&#xD;
&#xD;
2019-09-05 14:32:55 - [TEST_STEP][PASSED] - waitForJQueryLoad(20, STOP_ON_FAILURE): jQuery is ready.&#xD;
&#xD;
2019-09-05 14:32:58 - [MESSAGE][PASSED] - jQuery is ready.&#xD;
&#xD;
2019-09-05 14:32:58 - [TEST_STEP][PASSED] - callTestCase(findTestCase("mobileWeb/_include/get_screenshot"), [:], STOP_ON_FAILURE): Call Test Case 'Test Cases/mobileWeb/_include/get_screenshot' successfully&#xD;
&#xD;
2019-09-05 14:32:59 - [TEST_CASE][PASSED] - Test Cases/mobileWeb/_include/get_screenshot: Test Cases/mobileWeb/_include/get_screenshot&#xD;
&#xD;
2019-09-05 14:32:59 - [TEST_STEP][PASSED] - takeScreenshot(screenPath + i + ".png"): Taking screenshot successfully&#xD;
&#xD;
2019-09-05 14:32:59 - [MESSAGE][PASSED] - Taking screenshot successfully&#xD;
[[ATTACHMENT|D:\\Test\\AgileTest\\AgileTest\\Reports\\mobileWeb\\dental\\20190905_142826\\../Screenshots/iPhone X/dental/USA Access/20190905_143227/4.png]]&#xD;
&#xD;
2019-09-05 14:32:59 - [TEST_STEP][PASSED] - (internal.GlobalVariable.i++): null&#xD;
&#xD;
2019-09-05 14:32:59 - [MESSAGE][PASSED] - Call Test Case 'Test Cases/mobileWeb/_include/get_screenshot' successfully&#xD;
&#xD;
2019-09-05 14:32:59 - [TEST_STEP][PASSED] - click(findTestObject("mobileSanity/Dental/filter/btn_filter")): Object: 'Object Repository/mobileSanity/Dental/filter/btn_filter' is clicked on&#xD;
&#xD;
2019-09-05 14:32:59 - [MESSAGE][PASSED] - Object: 'Object Repository/mobileSanity/Dental/filter/btn_filter' is clicked on&#xD;
&#xD;
2019-09-05 14:32:59 - [TEST_STEP][PASSED] - click(findTestObject("mobileSanity/Dental/quote/a_Select This Plan")): Object: 'Object Repository/mobileSanity/Dental/quote/a_Select This Plan' is clicked on&#xD;
&#xD;
2019-09-05 14:33:01 - [MESSAGE][PASSED] - Object: 'Object Repository/mobileSanity/Dental/quote/a_Select This Plan' is clicked on&#xD;
&#xD;
2019-09-05 14:33:01 - [TEST_STEP][PASSED] - waitForPageLoad(10): Wait for page load successfully&#xD;
&#xD;
2019-09-05 14:33:01 - [MESSAGE][PASSED] - Wait for page load successfully&#xD;
&#xD;
2019-09-05 14:33:01 - [TEST_STEP][PASSED] - callTestCase(findTestCase("mobileWeb/_include/get_screenshot"), [:], STOP_ON_FAILURE): Call Test Case 'Test Cases/mobileWeb/_include/get_screenshot' successfully&#xD;
&#xD;
2019-09-05 14:33:01 - [TEST_CASE][PASSED] - Test Cases/mobileWeb/_include/get_screenshot: Test Cases/mobileWeb/_include/get_screenshot&#xD;
&#xD;
2019-09-05 14:33:01 - [TEST_STEP][PASSED] - takeScreenshot(screenPath + i + ".png"): Taking screenshot successfully&#xD;
&#xD;
2019-09-05 14:33:02 - [MESSAGE][PASSED] - Taking screenshot successfully&#xD;
[[ATTACHMENT|D:\\Test\\AgileTest\\AgileTest\\Reports\\mobileWeb\\dental\\20190905_142826\\../Screenshots/iPhone X/dental/USA Access/20190905_143227/5.png]]&#xD;
&#xD;
2019-09-05 14:33:02 - [TEST_STEP][PASSED] - (internal.GlobalVariable.i++): null&#xD;
&#xD;
2019-09-05 14:33:02 - [MESSAGE][PASSED] - Call Test Case 'Test Cases/mobileWeb/_include/get_screenshot' successfully&#xD;
&#xD;
2019-09-05 14:33:02 - [TEST_STEP][PASSED] - click(findTestObject("mobileSanity/Dental/apply/span_Start Secure Application")): Object: 'Object Repository/mobileSanity/Dental/apply/span_Start Secure Application' is clicked on&#xD;
&#xD;
2019-09-05 14:33:04 - [MESSAGE][PASSED] - Object: 'Object Repository/mobileSanity/Dental/apply/span_Start Secure Application' is clicked on&#xD;
&#xD;
2019-09-05 14:33:04 - [TEST_STEP][PASSED] - waitForPageLoad(10): Wait for page load successfully&#xD;
&#xD;
2019-09-05 14:33:04 - [MESSAGE][PASSED] - Wait for page load successfully&#xD;
&#xD;
2019-09-05 14:33:04 - [TEST_STEP][PASSED] - callTestCase(findTestCase("mobileWeb/_include/get_screenshot"), [:], STOP_ON_FAILURE): Call Test Case 'Test Cases/mobileWeb/_include/get_screenshot' successfully&#xD;
&#xD;
2019-09-05 14:33:04 - [TEST_CASE][PASSED] - Test Cases/mobileWeb/_include/get_screenshot: Test Cases/mobileWeb/_include/get_screenshot&#xD;
&#xD;
2019-09-05 14:33:04 - [TEST_STEP][PASSED] - takeScreenshot(screenPath + i + ".png"): Taking screenshot successfully&#xD;
&#xD;
2019-09-05 14:33:05 - [MESSAGE][PASSED] - Taking screenshot successfully&#xD;
[[ATTACHMENT|D:\\Test\\AgileTest\\AgileTest\\Reports\\mobileWeb\\dental\\20190905_142826\\../Screenshots/iPhone X/dental/USA Access/20190905_143227/6.png]]&#xD;
&#xD;
2019-09-05 14:33:05 - [TEST_STEP][PASSED] - (internal.GlobalVariable.i++): null&#xD;
&#xD;
2019-09-05 14:33:05 - [MESSAGE][PASSED] - Call Test Case 'Test Cases/mobileWeb/_include/get_screenshot' successfully&#xD;
&#xD;
2019-09-05 14:33:05 - [TEST_STEP][PASSED] - callTestCase(findTestCase("mobileWeb/_include/goToEnd_dental"), ["carrier":"usa"], STOP_ON_FAILURE): Call Test Case 'Test Cases/mobileWeb/_include/goToEnd_dental' successfully&#xD;
&#xD;
2019-09-05 14:33:05 - [TEST_CASE][PASSED] - Test Cases/mobileWeb/_include/goToEnd_dental: Test Cases/mobileWeb/_include/goToEnd_dental&#xD;
&#xD;
2019-09-05 14:33:05 - [TEST_STEP][PASSED] - callTestCase(findTestCase("mobileWeb/_include/name"), [:], CONTINUE_ON_FAILURE): Call Test Case 'Test Cases/mobileWeb/_include/name' successfully&#xD;
&#xD;
2019-09-05 14:33:05 - [TEST_CASE][PASSED] - Test Cases/mobileWeb/_include/name: Test Cases/mobileWeb/_include/name&#xD;
&#xD;
2019-09-05 14:33:05 - [TEST_STEP][PASSED] - driver = getWebDriver(): null&#xD;
&#xD;
2019-09-05 14:33:05 - [TEST_STEP][PASSED] - selenium = new com.thoughtworks.selenium.webdriven.WebDriverBackedSelenium(driver, internal.GlobalVariable.ENV): null&#xD;
&#xD;
2019-09-05 14:33:05 - [TEST_STEP][PASSED] - FirstName = "Test-123": null&#xD;
&#xD;
2019-09-05 14:33:05 - [TEST_STEP][PASSED] - LastName = selenium.getEval("{var x="ABCDEFGHIJKLMNOPQRSTUVWXYZabcdefghijklmnopqrstuvwxyz"; var tmp="ZZ11-"; for (i=0;i&lt;8;i++) tmp+=x.charAt(Math.ceil(51*Math.random()));tmp;}"): null&#xD;
&#xD;
2019-09-05 14:33:05 - [TEST_STEP][PASSED] - Address = selenium.getEval("{var x="ABCDEFGHIJKLMNOPQRSTUVWXYZabcdefghijklmnopqrstuvwxyz"; var tmp=""; for (i=0;i&lt;8;i++) tmp+=x.charAt(Math.ceil(51*Math.random()));tmp;}"): null&#xD;
&#xD;
2019-09-05 14:33:05 - [TEST_STEP][PASSED] - City = selenium.getEval("{var x="ABCDEFGHIJKLMNOPQRSTUVWXYZabcdefghijklmnopqrstuvwxyz"; var tmp=""; for (i=0;i&lt;8;i++) tmp+=x.charAt(Math.ceil(51*Math.random()));tmp;}"): null&#xD;
&#xD;
2019-09-05 14:33:05 - [TEST_STEP][PASSED] - tel1 = selenium.getEval("{var x="123456789"; var tmp=""; for (i=0;i&lt;3;i++) tmp+=x.charAt(Math.ceil(8*Math.random()));tmp;}"): null&#xD;
&#xD;
2019-09-05 14:33:05 - [TEST_STEP][PASSED] - tel2 = selenium.getEval("{var x="123456789"; var tmp=""; for (i=0;i&lt;3;i++) tmp+=x.charAt(Math.ceil(8*Math.random()));tmp;}"): null&#xD;
&#xD;
2019-09-05 14:33:05 - [TEST_STEP][PASSED] - tel3 = selenium.getEval("{var x="123456789"; var tmp=""; for (i=0;i&lt;4;i++) tmp+=x.charAt(Math.ceil(8*Math.random()));tmp;}"): null&#xD;
&#xD;
2019-09-05 14:33:05 - [TEST_STEP][PASSED] - Tel = selenium.getExpression(tel1 + "-" + tel2 + "-" + tel3): null&#xD;
&#xD;
2019-09-05 14:33:05 - [TEST_STEP][PASSED] - AutoEmail = selenium.getEval("{var x="ABCDEFGHIJKLMNOPQRSTUVWXYZabcdefghijklmnopqrstuvwxyz"; var tmp="test."; for (i=0;i&lt;8;i++) tmp+=x.charAt(Math.ceil(51*Math.random()));tmp+="@suryani.cn";}"): null&#xD;
&#xD;
2019-09-05 14:33:05 - [TEST_STEP][PASSED] - FirstName = FirstName: null&#xD;
&#xD;
2019-09-05 14:33:05 - [TEST_STEP][PASSED] - LastName = LastName: null&#xD;
&#xD;
2019-09-05 14:33:05 - [TEST_STEP][PASSED] - Address = Address: null&#xD;
&#xD;
2019-09-05 14:33:05 - [TEST_STEP][PASSED] - City = City: null&#xD;
&#xD;
2019-09-05 14:33:05 - [TEST_STEP][PASSED] - Tel = Tel: null&#xD;
&#xD;
2019-09-05 14:33:05 - [TEST_STEP][PASSED] - AutoEmail = AutoEmail: null&#xD;
&#xD;
2019-09-05 14:33:05 - [TEST_STEP][PASSED] - println(FirstName): null&#xD;
&#xD;
2019-09-05 14:33:05 - [TEST_STEP][PASSED] - println(LastName): null&#xD;
&#xD;
2019-09-05 14:33:05 - [TEST_STEP][PASSED] - println(Address): null&#xD;
&#xD;
2019-09-05 14:33:05 - [TEST_STEP][PASSED] - println(City): null&#xD;
&#xD;
2019-09-05 14:33:05 - [TEST_STEP][PASSED] - println(Tel): null&#xD;
&#xD;
2019-09-05 14:33:05 - [TEST_STEP][PASSED] - println(AutoEmail): null&#xD;
&#xD;
2019-09-05 14:33:05 - [MESSAGE][PASSED] - Call Test Case 'Test Cases/mobileWeb/_include/name' successfully&#xD;
&#xD;
2019-09-05 14:33:05 - [TEST_STEP][PASSED] - Thread.sleep(3000): null&#xD;
&#xD;
2019-09-05 14:33:08 - [TEST_STEP][PASSED] - setText(findTestObject("mobileSanity/Dental/app_page1/input__member-P-1-firstName"), FirstName): Text 'Test-123' is set on object 'Object Repository/mobileSanity/Dental/app_page1/input__member-P-1-firstName'&#xD;
&#xD;
2019-09-05 14:33:08 - [MESSAGE][PASSED] - Text 'Test-123' is set on object 'Object Repository/mobileSanity/Dental/app_page1/input__member-P-1-firstName'&#xD;
&#xD;
2019-09-05 14:33:08 - [TEST_STEP][PASSED] - setText(findTestObject("mobileSanity/Dental/app_page1/input__member-P-1-lastName"), LastName): Text 'ZZ11-KcpcCPeY' is set on object 'Object Repository/mobileSanity/Dental/app_page1/input__member-P-1-lastName'&#xD;
&#xD;
2019-09-05 14:33:08 - [MESSAGE][PASSED] - Text 'ZZ11-KcpcCPeY' is set on object 'Object Repository/mobileSanity/Dental/app_page1/input__member-P-1-lastName'&#xD;
&#xD;
2019-09-05 14:33:08 - [TEST_STEP][PASSED] - setText(findTestObject("mobileSanity/Dental/app_page1/input__address"), Address): Text 'CSTiJPgG' is set on object 'Object Repository/mobileSanity/Dental/app_page1/input__address'&#xD;
&#xD;
2019-09-05 14:33:09 - [MESSAGE][PASSED] - Text 'CSTiJPgG' is set on object 'Object Repository/mobileSanity/Dental/app_page1/input__address'&#xD;
&#xD;
2019-09-05 14:33:09 - [TEST_STEP][PASSED] - setText(findTestObject("mobileSanity/Dental/app_page1/input__city"), City): Text 'CWLvLMET' is set on object 'Object Repository/mobileSanity/Dental/app_page1/input__city'&#xD;
&#xD;
2019-09-05 14:33:09 - [MESSAGE][PASSED] - Text 'CWLvLMET' is set on object 'Object Repository/mobileSanity/Dental/app_page1/input__city'&#xD;
&#xD;
2019-09-05 14:33:09 - [TEST_STEP][PASSED] - setText(findTestObject("mobileSanity/Dental/app_page1/input__email"), AutoEmail): Text 'test.JTBMBVrL@suryani.cn' is set on object 'Object Repository/mobileSanity/Dental/app_page1/input__email'&#xD;
&#xD;
2019-09-05 14:33:09 - [MESSAGE][PASSED] - Text 'test.JTBMBVrL@suryani.cn' is set on object 'Object Repository/mobileSanity/Dental/app_page1/input__email'&#xD;
&#xD;
2019-09-05 14:33:09 - [TEST_STEP][PASSED] - setText(findTestObject("mobileSanity/Dental/app_page1/input_phone"), Tel): Text '477-489-4576' is set on object 'Object Repository/mobileSanity/Dental/app_page1/input_phone'&#xD;
&#xD;
2019-09-05 14:33:09 - [MESSAGE][PASSED] - Text '477-489-4576' is set on object 'Object Repository/mobileSanity/Dental/app_page1/input_phone'&#xD;
&#xD;
2019-09-05 14:33:09 - [TEST_STEP][PASSED] - click(findTestObject("mobileSanity/Dental/app_page1/a_Continue to Step 2 - Payment")): Object: 'Object Repository/mobileSanity/Dental/app_page1/a_Continue to Step 2 - Payment' is clicked on&#xD;
&#xD;
2019-09-05 14:33:10 - [MESSAGE][PASSED] - Object: 'Object Repository/mobileSanity/Dental/app_page1/a_Continue to Step 2 - Payment' is clicked on&#xD;
&#xD;
2019-09-05 14:33:10 - [TEST_STEP][PASSED] - waitForPageLoad(10): Wait for page load successfully&#xD;
&#xD;
2019-09-05 14:33:10 - [MESSAGE][PASSED] - Wait for page load successfully&#xD;
&#xD;
2019-09-05 14:33:10 - [TEST_STEP][PASSED] - Thread.sleep(2000): null&#xD;
&#xD;
2019-09-05 14:33:12 - [TEST_STEP][PASSED] - if (carrier == "usa"): null&#xD;
&#xD;
2019-09-05 14:33:12 - [TEST_STEP][PASSED] - callTestCase(findTestCase("mobileWeb/_include/get_screenshot"), [:], STOP_ON_FAILURE): Call Test Case 'Test Cases/mobileWeb/_include/get_screenshot' successfully&#xD;
&#xD;
2019-09-05 14:33:12 - [TEST_CASE][PASSED] - Test Cases/mobileWeb/_include/get_screenshot: Test Cases/mobileWeb/_include/get_screenshot&#xD;
&#xD;
2019-09-05 14:33:12 - [TEST_STEP][PASSED] - takeScreenshot(screenPath + i + ".png"): Taking screenshot successfully&#xD;
&#xD;
2019-09-05 14:33:12 - [MESSAGE][PASSED] - Taking screenshot successfully&#xD;
[[ATTACHMENT|D:\\Test\\AgileTest\\AgileTest\\Reports\\mobileWeb\\dental\\20190905_142826\\../Screenshots/iPhone X/dental/USA Access/20190905_143227/7.png]]&#xD;
&#xD;
2019-09-05 14:33:12 - [TEST_STEP][PASSED] - (internal.GlobalVariable.i++): null&#xD;
&#xD;
2019-09-05 14:33:12 - [MESSAGE][PASSED] - Call Test Case 'Test Cases/mobileWeb/_include/get_screenshot' successfully&#xD;
&#xD;
2019-09-05 14:33:12 - [TEST_STEP][PASSED] - click(findTestObject("mobileSanity/Dental/app_page2/membership/label_ihaveread")): Object: 'Object Repository/mobileSanity/Dental/app_page2/membership/label_ihaveread' is clicked on&#xD;
&#xD;
2019-09-05 14:33:12 - [MESSAGE][PASSED] - Object: 'Object Repository/mobileSanity/Dental/app_page2/membership/label_ihaveread' is clicked on&#xD;
&#xD;
2019-09-05 14:33:12 - [TEST_STEP][PASSED] - click(findTestObject("mobileSanity/Dental/app_page2/membership/a_ok")): Object: 'Object Repository/mobileSanity/Dental/app_page2/membership/a_ok' is clicked on&#xD;
&#xD;
2019-09-05 14:33:13 - [MESSAGE][PASSED] - Object: 'Object Repository/mobileSanity/Dental/app_page2/membership/a_ok' is clicked on&#xD;
&#xD;
2019-09-05 14:33:13 - [TEST_STEP][PASSED] - Thread.sleep(3000): null&#xD;
&#xD;
2019-09-05 14:33:16 - [TEST_STEP][PASSED] - callTestCase(findTestCase("mobileWeb/_include/get_screenshot"), [:], STOP_ON_FAILURE): Call Test Case 'Test Cases/mobileWeb/_include/get_screenshot' successfully&#xD;
&#xD;
2019-09-05 14:33:16 - [TEST_CASE][PASSED] - Test Cases/mobileWeb/_include/get_screenshot: Test Cases/mobileWeb/_include/get_screenshot&#xD;
&#xD;
2019-09-05 14:33:16 - [TEST_STEP][PASSED] - takeScreenshot(screenPath + i + ".png"): Taking screenshot successfully&#xD;
&#xD;
2019-09-05 14:33:16 - [MESSAGE][PASSED] - Taking screenshot successfully&#xD;
[[ATTACHMENT|D:\\Test\\AgileTest\\AgileTest\\Reports\\mobileWeb\\dental\\20190905_142826\\../Screenshots/iPhone X/dental/USA Access/20190905_143227/8.png]]&#xD;
&#xD;
2019-09-05 14:33:16 - [TEST_STEP][PASSED] - (internal.GlobalVariable.i++): null&#xD;
&#xD;
2019-09-05 14:33:16 - [MESSAGE][PASSED] - Call Test Case 'Test Cases/mobileWeb/_include/get_screenshot' successfully&#xD;
&#xD;
2019-09-05 14:33:16 - [TEST_STEP][PASSED] - setText(findTestObject("mobileSanity/Dental/app_page2/input__credit-card-first"), FirstName): Text 'Test-123' is set on object 'Object Repository/mobileSanity/Dental/app_page2/input__credit-card-first'&#xD;
&#xD;
2019-09-05 14:33:17 - [MESSAGE][PASSED] - Text 'Test-123' is set on object 'Object Repository/mobileSanity/Dental/app_page2/input__credit-card-first'&#xD;
&#xD;
2019-09-05 14:33:17 - [TEST_STEP][PASSED] - setText(findTestObject("mobileSanity/Dental/app_page2/input__credit-card-last"), LastName): Text 'ZZ11-KcpcCPeY' is set on object 'Object Repository/mobileSanity/Dental/app_page2/input__credit-card-last'&#xD;
&#xD;
2019-09-05 14:33:17 - [MESSAGE][PASSED] - Text 'ZZ11-KcpcCPeY' is set on object 'Object Repository/mobileSanity/Dental/app_page2/input__credit-card-last'&#xD;
&#xD;
2019-09-05 14:33:17 - [TEST_STEP][PASSED] - selectOptionByValue(findTestObject("mobileSanity/Dental/app_page2/select_MM010203040506070809101"), "12", true): All options with value '12' are selected in object 'Object Repository/mobileSanity/Dental/app_page2/select_MM010203040506070809101'  using regular expression&#xD;
&#xD;
2019-09-05 14:33:17 - [MESSAGE][PASSED] - All options with value '12' are selected in object 'Object Repository/mobileSanity/Dental/app_page2/select_MM010203040506070809101'  using regular expression&#xD;
&#xD;
2019-09-05 14:33:17 - [TEST_STEP][PASSED] - selectOptionByValue(findTestObject("mobileSanity/Dental/app_page2/select_YYYY2019202020212022202"), "2026", true): All options with value '2026' are selected in object 'Object Repository/mobileSanity/Dental/app_page2/select_YYYY2019202020212022202'  using regular expression&#xD;
&#xD;
2019-09-05 14:33:18 - [MESSAGE][PASSED] - All options with value '2026' are selected in object 'Object Repository/mobileSanity/Dental/app_page2/select_YYYY2019202020212022202'  using regular expression&#xD;
&#xD;
2019-09-05 14:33:18 - [TEST_STEP][PASSED] - setText(findTestObject("mobileSanity/Dental/app_page2/input__credit-card-number"), "4111111111111111"): Text '4111111111111111' is set on object 'Object Repository/mobileSanity/Dental/app_page2/input__credit-card-number'&#xD;
&#xD;
2019-09-05 14:33:18 - [MESSAGE][PASSED] - Text '4111111111111111' is set on object 'Object Repository/mobileSanity/Dental/app_page2/input__credit-card-number'&#xD;
&#xD;
2019-09-05 14:33:18 - [TEST_STEP][PASSED] - setText(findTestObject("mobileSanity/Dental/app_page2/input__cvv"), "123"): Text '123' is set on object 'Object Repository/mobileSanity/Dental/app_page2/input__cvv'&#xD;
&#xD;
2019-09-05 14:33:18 - [MESSAGE][PASSED] - Text '123' is set on object 'Object Repository/mobileSanity/Dental/app_page2/input__cvv'&#xD;
&#xD;
2019-09-05 14:33:18 - [TEST_STEP][PASSED] - click(findTestObject("mobileSanity/Dental/app_page2/label_My billing address is th")): Object: 'Object Repository/mobileSanity/Dental/app_page2/label_My billing address is th' is clicked on&#xD;
&#xD;
2019-09-05 14:33:18 - [MESSAGE][PASSED] - Object: 'Object Repository/mobileSanity/Dental/app_page2/label_My billing address is th' is clicked on&#xD;
&#xD;
2019-09-05 14:33:18 - [TEST_STEP][PASSED] - click(findTestObject("mobileSanity/Dental/app_page2/label_I Accept Authorization f")): Object: 'Object Repository/mobileSanity/Dental/app_page2/label_I Accept Authorization f' is clicked on&#xD;
&#xD;
2019-09-05 14:33:19 - [MESSAGE][PASSED] - Object: 'Object Repository/mobileSanity/Dental/app_page2/label_I Accept Authorization f' is clicked on&#xD;
&#xD;
2019-09-05 14:33:19 - [TEST_STEP][PASSED] - click(findTestObject("mobileSanity/Dental/app_page2/a_Continue to Step 3 - Review")): Object: 'Object Repository/mobileSanity/Dental/app_page2/a_Continue to Step 3 - Review' is clicked on&#xD;
&#xD;
2019-09-05 14:33:19 - [MESSAGE][PASSED] - Object: 'Object Repository/mobileSanity/Dental/app_page2/a_Continue to Step 3 - Review' is clicked on&#xD;
&#xD;
2019-09-05 14:33:19 - [TEST_STEP][PASSED] - waitForPageLoad(20): Wait for page load successfully&#xD;
&#xD;
2019-09-05 14:33:19 - [MESSAGE][PASSED] - Wait for page load successfully&#xD;
&#xD;
2019-09-05 14:33:19 - [TEST_STEP][PASSED] - Thread.sleep(2000): null&#xD;
&#xD;
2019-09-05 14:33:21 - [TEST_STEP][PASSED] - waitForElementClickable(findTestObject("mobileSanity/Dental/app_page3/label"), 20): Object 'Object Repository/mobileSanity/Dental/app_page3/label' is clickable&#xD;
&#xD;
2019-09-05 14:33:31 - [MESSAGE][PASSED] - Object 'Object Repository/mobileSanity/Dental/app_page3/label' is clickable&#xD;
&#xD;
2019-09-05 14:33:31 - [TEST_STEP][PASSED] - callTestCase(findTestCase("mobileWeb/_include/get_screenshot"), [:], STOP_ON_FAILURE): Call Test Case 'Test Cases/mobileWeb/_include/get_screenshot' successfully&#xD;
&#xD;
2019-09-05 14:33:31 - [TEST_CASE][PASSED] - Test Cases/mobileWeb/_include/get_screenshot: Test Cases/mobileWeb/_include/get_screenshot&#xD;
&#xD;
2019-09-05 14:33:31 - [TEST_STEP][PASSED] - takeScreenshot(screenPath + i + ".png"): Taking screenshot successfully&#xD;
&#xD;
2019-09-05 14:33:32 - [MESSAGE][PASSED] - Taking screenshot successfully&#xD;
[[ATTACHMENT|D:\\Test\\AgileTest\\AgileTest\\Reports\\mobileWeb\\dental\\20190905_142826\\../Screenshots/iPhone X/dental/USA Access/20190905_143227/9.png]]&#xD;
&#xD;
2019-09-05 14:33:32 - [TEST_STEP][PASSED] - (internal.GlobalVariable.i++): null&#xD;
&#xD;
2019-09-05 14:33:32 - [MESSAGE][PASSED] - Call Test Case 'Test Cases/mobileWeb/_include/get_screenshot' successfully&#xD;
&#xD;
2019-09-05 14:33:32 - [TEST_STEP][PASSED] - click(findTestObject("mobileSanity/Dental/app_page3/label")): Object: 'Object Repository/mobileSanity/Dental/app_page3/label' is clicked on&#xD;
&#xD;
2019-09-05 14:33:32 - [MESSAGE][PASSED] - Object: 'Object Repository/mobileSanity/Dental/app_page3/label' is clicked on&#xD;
&#xD;
2019-09-05 14:33:32 - [TEST_STEP][PASSED] - click(findTestObject("mobileSanity/Dental/app_page3/p_CLICK TO SIGN")): Object: 'Object Repository/mobileSanity/Dental/app_page3/p_CLICK TO SIGN' is clicked on&#xD;
&#xD;
2019-09-05 14:33:32 - [MESSAGE][PASSED] - Object: 'Object Repository/mobileSanity/Dental/app_page3/p_CLICK TO SIGN' is clicked on&#xD;
&#xD;
2019-09-05 14:33:32 - [TEST_STEP][PASSED] - click(findTestObject("mobileSanity/Dental/app_page3/a_Submit Your Application")): Object: 'Object Repository/mobileSanity/Dental/app_page3/a_Submit Your Application' is clicked on&#xD;
&#xD;
2019-09-05 14:33:33 - [MESSAGE][PASSED] - Object: 'Object Repository/mobileSanity/Dental/app_page3/a_Submit Your Application' is clicked on&#xD;
&#xD;
2019-09-05 14:33:33 - [TEST_STEP][PASSED] - Thread.sleep(50000): null&#xD;
&#xD;
2019-09-05 14:34:23 - [TEST_STEP][PASSED] - waitForElementPresent(findTestObject("mobileSanity/Dental/app_page4/js-app-confirmation"), 20): Object 'Object Repository/mobileSanity/Dental/app_page4/js-app-confirmation' is present&#xD;
&#xD;
2019-09-05 14:34:23 - [MESSAGE][PASSED] - Object 'Object Repository/mobileSanity/Dental/app_page4/js-app-confirmation' is present&#xD;
&#xD;
2019-09-05 14:34:23 - [TEST_STEP][PASSED] - callTestCase(findTestCase("mobileWeb/_include/get_screenshot"), [:], STOP_ON_FAILURE): Call Test Case 'Test Cases/mobileWeb/_include/get_screenshot' successfully&#xD;
&#xD;
2019-09-05 14:34:23 - [TEST_CASE][PASSED] - Test Cases/mobileWeb/_include/get_screenshot: Test Cases/mobileWeb/_include/get_screenshot&#xD;
&#xD;
2019-09-05 14:34:23 - [TEST_STEP][PASSED] - takeScreenshot(screenPath + i + ".png"): Taking screenshot successfully&#xD;
&#xD;
2019-09-05 14:34:23 - [MESSAGE][PASSED] - Taking screenshot successfully&#xD;
[[ATTACHMENT|D:\\Test\\AgileTest\\AgileTest\\Reports\\mobileWeb\\dental\\20190905_142826\\../Screenshots/iPhone X/dental/USA Access/20190905_143227/10.png]]&#xD;
&#xD;
2019-09-05 14:34:23 - [TEST_STEP][PASSED] - (internal.GlobalVariable.i++): null&#xD;
&#xD;
2019-09-05 14:34:23 - [MESSAGE][PASSED] - Call Test Case 'Test Cases/mobileWeb/_include/get_screenshot' successfully&#xD;
&#xD;
2019-09-05 14:34:23 - [MESSAGE][PASSED] - Call Test Case 'Test Cases/mobileWeb/_include/goToEnd_dental' successfully</system-out>
            <system-err></system-err>
        </testcase>
        <system-out>2019-09-05 14:28:30 - [TEST_SUITE][INCOMPLETE] - dental: null</system-out>
        <system-err>2019-09-05 14:28:30 - [TEST_SUITE][INCOMPLETE] - dental: null</system-err>
    </testsuite>
</testsuites>
