<?xml version="1.0" encoding="UTF-8"?>
<testsuites name="stm" time="714" tests="0" failures="7" errors="0">
   <testsuite name="stm" tests="0" failures="7" errors="0" time="714" timestamp="2019-08-19 05:26:54" hostname="Administrator - 172.30.0.53" id="Test Suites/mobileWeb/stm">
      <properties>
         <property name="deviceName" value=""/>
         <property name="devicePlatform" value=""/>
         <property name="logFolder" value="D:\\Test\\AgileTest\\Reports\\mobileWeb\\stm\\20190819_052650"/>
         <property name="logFiles" value="D:\\Test\\AgileTest\\Reports\\mobileWeb\\stm\\20190819_052650\\execution0.log"/>
         <property name="attachments" value="D:\\Test\\AgileTest\\Reports\\mobileWeb\\stm\\20190819_052650\\../Screenshots/iPhone 6/stm/Salico/20190819_052659/0.png, D:\\Test\\AgileTest\\Reports\\mobileWeb\\stm\\20190819_052650\\../Screenshots/iPhone 6/stm/Salico/20190819_052659/1.png, D:\\Test\\AgileTest\\Reports\\mobileWeb\\stm\\20190819_052650\\../Screenshots/iPhone 6/stm/Salico/20190819_052659/2.png, D:\\Test\\AgileTest\\Reports\\mobileWeb\\stm\\20190819_052650\\../Screenshots/iPhone 6/stm/Salico/20190819_052659/3.png, D:\\Test\\AgileTest\\Reports\\mobileWeb\\stm\\20190819_052650\\../Screenshots/iPhone 6/stm/Salico/20190819_052659/4.png, D:\\Test\\AgileTest\\Reports\\mobileWeb\\stm\\20190819_052650\\../Screenshots/iPhone 6/stm/Salico/20190819_052659/5.png, D:\\Test\\AgileTest\\Reports\\mobileWeb\\stm\\20190819_052650\\../Screenshots/iPhone 6/stm/Salico/20190819_052659/6.png, D:\\Test\\AgileTest\\Reports\\mobileWeb\\stm\\20190819_052650\\1566206915670.png, D:\\Test\\AgileTest\\Reports\\mobileWeb\\stm\\20190819_052650\\../Screenshots/iPhone 6/stm/Salico/20190819_052659/7.png, D:\\Test\\AgileTest\\Reports\\mobileWeb\\stm\\20190819_052650\\../Screenshots/iPhone 6/stm/Salico/20190819_052659/8.png, D:\\Test\\AgileTest\\Reports\\mobileWeb\\stm\\20190819_052650\\../Screenshots/iPhone 6/stm/Salico/20190819_052659/9.png, D:\\Test\\AgileTest\\Reports\\mobileWeb\\stm\\20190819_052650\\1566206955039.png, D:\\Test\\AgileTest\\Reports\\mobileWeb\\stm\\20190819_052650\\../Screenshots/iPhone 6/stm/AdvantHealth/20190819_052915/0.png, D:\\Test\\AgileTest\\Reports\\mobileWeb\\stm\\20190819_052650\\../Screenshots/iPhone 6/stm/AdvantHealth/20190819_052915/1.png, D:\\Test\\AgileTest\\Reports\\mobileWeb\\stm\\20190819_052650\\../Screenshots/iPhone 6/stm/AdvantHealth/20190819_052915/2.png, D:\\Test\\AgileTest\\Reports\\mobileWeb\\stm\\20190819_052650\\../Screenshots/iPhone 6/stm/AdvantHealth/20190819_052915/3.png, D:\\Test\\AgileTest\\Reports\\mobileWeb\\stm\\20190819_052650\\../Screenshots/iPhone 6/stm/AdvantHealth/20190819_052915/4.png, D:\\Test\\AgileTest\\Reports\\mobileWeb\\stm\\20190819_052650\\../Screenshots/iPhone 6/stm/AdvantHealth/20190819_052915/5.png, D:\\Test\\AgileTest\\Reports\\mobileWeb\\stm\\20190819_052650\\../Screenshots/iPhone 6/stm/AdvantHealth/20190819_052915/6.png, D:\\Test\\AgileTest\\Reports\\mobileWeb\\stm\\20190819_052650\\../Screenshots/iPhone 6/stm/AdvantHealth/20190819_052915/7.png, D:\\Test\\AgileTest\\Reports\\mobileWeb\\stm\\20190819_052650\\../Screenshots/iPhone 6/stm/AdvantHealth/20190819_052915/8.png, D:\\Test\\AgileTest\\Reports\\mobileWeb\\stm\\20190819_052650\\../Screenshots/iPhone 6/stm/AdvantHealth/20190819_052915/9.png, D:\\Test\\AgileTest\\Reports\\mobileWeb\\stm\\20190819_052650\\../Screenshots/iPhone 6/stm/AdvantHealth/20190819_052915/10.png, D:\\Test\\AgileTest\\Reports\\mobileWeb\\stm\\20190819_052650\\1566207067352.png, D:\\Test\\AgileTest\\Reports\\mobileWeb\\stm\\20190819_052650\\../Screenshots/iPhone 6/stm/Companion/20190819_053108/0.png, D:\\Test\\AgileTest\\Reports\\mobileWeb\\stm\\20190819_052650\\../Screenshots/iPhone 6/stm/Companion/20190819_053108/1.png, D:\\Test\\AgileTest\\Reports\\mobileWeb\\stm\\20190819_052650\\../Screenshots/iPhone 6/stm/Companion/20190819_053108/2.png, D:\\Test\\AgileTest\\Reports\\mobileWeb\\stm\\20190819_052650\\../Screenshots/iPhone 6/stm/Companion/20190819_053108/3.png, D:\\Test\\AgileTest\\Reports\\mobileWeb\\stm\\20190819_052650\\../Screenshots/iPhone 6/stm/Companion/20190819_053108/4.png, D:\\Test\\AgileTest\\Reports\\mobileWeb\\stm\\20190819_052650\\../Screenshots/iPhone 6/stm/Companion/20190819_053108/5.png, D:\\Test\\AgileTest\\Reports\\mobileWeb\\stm\\20190819_052650\\../Screenshots/iPhone 6/stm/Companion/20190819_053108/6.png, D:\\Test\\AgileTest\\Reports\\mobileWeb\\stm\\20190819_052650\\1566207118014.png, D:\\Test\\AgileTest\\Reports\\mobileWeb\\stm\\20190819_052650\\../Screenshots/iPhone 6/stm/Companion/20190819_053108/7.png, D:\\Test\\AgileTest\\Reports\\mobileWeb\\stm\\20190819_052650\\../Screenshots/iPhone 6/stm/Companion/20190819_053108/8.png, D:\\Test\\AgileTest\\Reports\\mobileWeb\\stm\\20190819_052650\\../Screenshots/iPhone 6/stm/Companion/20190819_053108/9.png, D:\\Test\\AgileTest\\Reports\\mobileWeb\\stm\\20190819_052650\\1566207164561.png, D:\\Test\\AgileTest\\Reports\\mobileWeb\\stm\\20190819_052650\\../Screenshots/iPhone 6/stm/Everest/20190819_053245/0.png, D:\\Test\\AgileTest\\Reports\\mobileWeb\\stm\\20190819_052650\\../Screenshots/iPhone 6/stm/Everest/20190819_053245/1.png, D:\\Test\\AgileTest\\Reports\\mobileWeb\\stm\\20190819_052650\\../Screenshots/iPhone 6/stm/Everest/20190819_053245/2.png, D:\\Test\\AgileTest\\Reports\\mobileWeb\\stm\\20190819_052650\\../Screenshots/iPhone 6/stm/Everest/20190819_053245/3.png, D:\\Test\\AgileTest\\Reports\\mobileWeb\\stm\\20190819_052650\\../Screenshots/iPhone 6/stm/Everest/20190819_053245/4.png, D:\\Test\\AgileTest\\Reports\\mobileWeb\\stm\\20190819_052650\\../Screenshots/iPhone 6/stm/Everest/20190819_053245/5.png, D:\\Test\\AgileTest\\Reports\\mobileWeb\\stm\\20190819_052650\\../Screenshots/iPhone 6/stm/Everest/20190819_053245/6.png, D:\\Test\\AgileTest\\Reports\\mobileWeb\\stm\\20190819_052650\\1566207212054.png, D:\\Test\\AgileTest\\Reports\\mobileWeb\\stm\\20190819_052650\\../Screenshots/iPhone 6/stm/Everest/20190819_053245/7.png, D:\\Test\\AgileTest\\Reports\\mobileWeb\\stm\\20190819_052650\\../Screenshots/iPhone 6/stm/Everest/20190819_053245/8.png, D:\\Test\\AgileTest\\Reports\\mobileWeb\\stm\\20190819_052650\\../Screenshots/iPhone 6/stm/Everest/20190819_053245/9.png, D:\\Test\\AgileTest\\Reports\\mobileWeb\\stm\\20190819_052650\\1566207254239.png, D:\\Test\\AgileTest\\Reports\\mobileWeb\\stm\\20190819_052650\\../Screenshots/iPhone 6/stm/Everest Prime/20190819_053415/0.png, D:\\Test\\AgileTest\\Reports\\mobileWeb\\stm\\20190819_052650\\../Screenshots/iPhone 6/stm/Everest Prime/20190819_053415/1.png, D:\\Test\\AgileTest\\Reports\\mobileWeb\\stm\\20190819_052650\\../Screenshots/iPhone 6/stm/Everest Prime/20190819_053415/2.png, D:\\Test\\AgileTest\\Reports\\mobileWeb\\stm\\20190819_052650\\../Screenshots/iPhone 6/stm/Everest Prime/20190819_053415/3.png, D:\\Test\\AgileTest\\Reports\\mobileWeb\\stm\\20190819_052650\\../Screenshots/iPhone 6/stm/Everest Prime/20190819_053415/4.png, D:\\Test\\AgileTest\\Reports\\mobileWeb\\stm\\20190819_052650\\../Screenshots/iPhone 6/stm/Everest Prime/20190819_053415/5.png, D:\\Test\\AgileTest\\Reports\\mobileWeb\\stm\\20190819_052650\\../Screenshots/iPhone 6/stm/Everest Prime/20190819_053415/6.png, D:\\Test\\AgileTest\\Reports\\mobileWeb\\stm\\20190819_052650\\1566207308095.png, D:\\Test\\AgileTest\\Reports\\mobileWeb\\stm\\20190819_052650\\../Screenshots/iPhone 6/stm/Everest Prime/20190819_053415/7.png, D:\\Test\\AgileTest\\Reports\\mobileWeb\\stm\\20190819_052650\\../Screenshots/iPhone 6/stm/Everest Prime/20190819_053415/8.png, D:\\Test\\AgileTest\\Reports\\mobileWeb\\stm\\20190819_052650\\../Screenshots/iPhone 6/stm/Everest Prime/20190819_053415/9.png, D:\\Test\\AgileTest\\Reports\\mobileWeb\\stm\\20190819_052650\\1566207347684.png, D:\\Test\\AgileTest\\Reports\\mobileWeb\\stm\\20190819_052650\\../Screenshots/iPhone 6/stm/LifeShield/20190819_053548/0.png, D:\\Test\\AgileTest\\Reports\\mobileWeb\\stm\\20190819_052650\\../Screenshots/iPhone 6/stm/LifeShield/20190819_053548/1.png, D:\\Test\\AgileTest\\Reports\\mobileWeb\\stm\\20190819_052650\\../Screenshots/iPhone 6/stm/LifeShield/20190819_053548/2.png, D:\\Test\\AgileTest\\Reports\\mobileWeb\\stm\\20190819_052650\\../Screenshots/iPhone 6/stm/LifeShield/20190819_053548/3.png, D:\\Test\\AgileTest\\Reports\\mobileWeb\\stm\\20190819_052650\\../Screenshots/iPhone 6/stm/LifeShield/20190819_053548/4.png, D:\\Test\\AgileTest\\Reports\\mobileWeb\\stm\\20190819_052650\\../Screenshots/iPhone 6/stm/LifeShield/20190819_053548/5.png, D:\\Test\\AgileTest\\Reports\\mobileWeb\\stm\\20190819_052650\\../Screenshots/iPhone 6/stm/LifeShield/20190819_053548/6.png, D:\\Test\\AgileTest\\Reports\\mobileWeb\\stm\\20190819_052650\\1566207392478.png, D:\\Test\\AgileTest\\Reports\\mobileWeb\\stm\\20190819_052650\\../Screenshots/iPhone 6/stm/LifeShield/20190819_053548/7.png, D:\\Test\\AgileTest\\Reports\\mobileWeb\\stm\\20190819_052650\\../Screenshots/iPhone 6/stm/LifeShield/20190819_053548/8.png, D:\\Test\\AgileTest\\Reports\\mobileWeb\\stm\\20190819_052650\\../Screenshots/iPhone 6/stm/LifeShield/20190819_053548/9.png, D:\\Test\\AgileTest\\Reports\\mobileWeb\\stm\\20190819_052650\\1566207432590.png, D:\\Test\\AgileTest\\Reports\\mobileWeb\\stm\\20190819_052650\\../Screenshots/iPhone 6/stm/National General/20190819_053713/0.png, D:\\Test\\AgileTest\\Reports\\mobileWeb\\stm\\20190819_052650\\../Screenshots/iPhone 6/stm/National General/20190819_053713/1.png, D:\\Test\\AgileTest\\Reports\\mobileWeb\\stm\\20190819_052650\\../Screenshots/iPhone 6/stm/National General/20190819_053713/2.png, D:\\Test\\AgileTest\\Reports\\mobileWeb\\stm\\20190819_052650\\../Screenshots/iPhone 6/stm/National General/20190819_053713/3.png, D:\\Test\\AgileTest\\Reports\\mobileWeb\\stm\\20190819_052650\\../Screenshots/iPhone 6/stm/National General/20190819_053713/4.png, D:\\Test\\AgileTest\\Reports\\mobileWeb\\stm\\20190819_052650\\../Screenshots/iPhone 6/stm/National General/20190819_053713/5.png, D:\\Test\\AgileTest\\Reports\\mobileWeb\\stm\\20190819_052650\\../Screenshots/iPhone 6/stm/National General/20190819_053713/6.png, D:\\Test\\AgileTest\\Reports\\mobileWeb\\stm\\20190819_052650\\../Screenshots/iPhone 6/stm/National General/20190819_053713/7.png, D:\\Test\\AgileTest\\Reports\\mobileWeb\\stm\\20190819_052650\\../Screenshots/iPhone 6/stm/National General/20190819_053713/8.png, D:\\Test\\AgileTest\\Reports\\mobileWeb\\stm\\20190819_052650\\../Screenshots/iPhone 6/stm/National General/20190819_053713/9.png, D:\\Test\\AgileTest\\Reports\\mobileWeb\\stm\\20190819_052650\\../Screenshots/iPhone 6/stm/National General/20190819_053713/10.png, D:\\Test\\AgileTest\\Reports\\mobileWeb\\stm\\20190819_052650\\1566207526608.png"/>
         <property name="hostName" value="Administrator - 172.30.0.53"/>
         <property name="os" value="Windows Server 2012 R2 64bit"/>
         <property name="katalonVersion" value="5.10.1.1"/>
         <property name="browser" value="Safari 11"/>
         <property name="hostAddress" value="172.30.0.53"/>
         <property name="sessionId" value="1e89fb9aeec209c3e3a5a6de385255f5"/>
         <property name="seleniumVersion" value="3.7.1"/>
         <property name="proxyInformation" value="ProxyInformation{proxyOption=NO_PROXY, proxyServerType=HTTP, password=, proxyServerAddress=, proxyServerPort=0}"/>
         <property name="platform" value="Windows Server 2012 R2"/>
      </properties>
      <testcase name="Test Cases/mobileWeb/stm/Slaico" classname="Test Cases/mobileWeb/stm/Slaico" status="FAILED">
         <failure type="FAILED" message="Test Cases/mobileWeb/stm/Slaico FAILED.
Reason:
com.kms.katalon.core.exception.StepFailedException: Unable to click on object 'Object Repository/mobileSanity/STM/Page_App Page 4/div_CLICK TO SIGN' (Root cause: com.kms.katalon.core.webui.exception.WebElementNotFoundException: Web element with id: 'Object Repository/mobileSanity/STM/Page_App Page 4/div_CLICK TO SIGN' located by 'By.xpath: //div[@id = 'js-signature-tab' and (text() = 'CLICK TO SIGN↓' or . = 'CLICK TO SIGN↓')]' not found)
	at com.kms.katalon.core.keyword.internal.KeywordMain.stepFailed(KeywordMain.groovy:36)
	at com.kms.katalon.core.webui.keyword.internal.WebUIKeywordMain.stepFailed(WebUIKeywordMain.groovy:65)
	at com.kms.katalon.core.webui.keyword.internal.WebUIKeywordMain.runKeyword(WebUIKeywordMain.groovy:27)
	at com.kms.katalon.core.webui.keyword.builtin.ClickKeyword.click(ClickKeyword.groovy:86)
	at com.kms.katalon.core.webui.keyword.builtin.ClickKeyword.execute(ClickKeyword.groovy:67)
	at com.kms.katalon.core.keyword.internal.KeywordExecutor.executeKeywordForPlatform(KeywordExecutor.groovy:53)
	at com.kms.katalon.core.webui.keyword.WebUiBuiltInKeywords.click(WebUiBuiltInKeywords.groovy:616)
	at com.kms.katalon.core.webui.keyword.WebUiBuiltInKeywords$click$3.call(Unknown Source)
	at goToEnd_stm_autofill.run(goToEnd_stm_autofill:89)
	at com.kms.katalon.core.main.ScriptEngine.run(ScriptEngine.java:194)
	at com.kms.katalon.core.main.ScriptEngine.runScriptAsRawText(ScriptEngine.java:119)
	at com.kms.katalon.core.main.TestCaseExecutor.runScript(TestCaseExecutor.java:328)
	at com.kms.katalon.core.main.TestCaseExecutor.doExecute(TestCaseExecutor.java:319)
	at com.kms.katalon.core.main.TestCaseExecutor.processExecutionPhase(TestCaseExecutor.java:298)
	at com.kms.katalon.core.main.TestCaseExecutor.accessMainPhase(TestCaseExecutor.java:290)
	at com.kms.katalon.core.main.TestCaseExecutor.execute(TestCaseExecutor.java:224)
	at com.kms.katalon.core.main.TestCaseMain.runTestCase(TestCaseMain.java:106)
	at com.kms.katalon.core.keyword.builtin.CallTestCaseKeyword$_callTestCase_closure1.doCall(CallTestCaseKeyword.groovy:59)
	at com.kms.katalon.core.keyword.builtin.CallTestCaseKeyword$_callTestCase_closure1.call(CallTestCaseKeyword.groovy)
	at com.kms.katalon.core.keyword.internal.KeywordMain.runKeyword(KeywordMain.groovy:54)
	at com.kms.katalon.core.keyword.builtin.CallTestCaseKeyword.callTestCase(CallTestCaseKeyword.groovy:80)
	at com.kms.katalon.core.keyword.builtin.CallTestCaseKeyword.execute(CallTestCaseKeyword.groovy:44)
	at com.kms.katalon.core.keyword.internal.KeywordExecutor.executeKeywordForPlatform(KeywordExecutor.groovy:53)
	at com.kms.katalon.core.keyword.BuiltinKeywords.callTestCase(BuiltinKeywords.groovy:334)
	at Slaico.run(Slaico:32)
	at com.kms.katalon.core.main.ScriptEngine.run(ScriptEngine.java:194)
	at com.kms.katalon.core.main.ScriptEngine.runScriptAsRawText(ScriptEngine.java:119)
	at com.kms.katalon.core.main.TestCaseExecutor.runScript(TestCaseExecutor.java:328)
	at com.kms.katalon.core.main.TestCaseExecutor.doExecute(TestCaseExecutor.java:319)
	at com.kms.katalon.core.main.TestCaseExecutor.processExecutionPhase(TestCaseExecutor.java:298)
	at com.kms.katalon.core.main.TestCaseExecutor.accessMainPhase(TestCaseExecutor.java:290)
	at com.kms.katalon.core.main.TestCaseExecutor.execute(TestCaseExecutor.java:224)
	at com.kms.katalon.core.main.TestSuiteExecutor.accessTestCaseMainPhase(TestSuiteExecutor.java:129)
	at com.kms.katalon.core.main.TestSuiteExecutor.accessTestSuiteMainPhase(TestSuiteExecutor.java:112)
	at com.kms.katalon.core.main.TestSuiteExecutor.execute(TestSuiteExecutor.java:81)
	at com.kms.katalon.core.main.TestCaseMain.startTestSuite(TestCaseMain.java:149)
	at com.kms.katalon.core.main.TestCaseMain$startTestSuite$0.call(Unknown Source)
	at TempTestSuite1566206810208.run(TempTestSuite1566206810208.groovy:36)
"/>
         <system-out><![CDATA[2019-08-19 05:26:55 - [TEST_CASE][FAILED] - Test Cases/mobileWeb/stm/Slaico: Test Cases/mobileWeb/stm/Slaico FAILED.
Reason:
com.kms.katalon.core.exception.StepFailedException: Unable to click on object 'Object Repository/mobileSanity/STM/Page_App Page 4/div_CLICK TO SIGN' (Root cause: com.kms.katalon.core.webui.exception.WebElementNotFoundException: Web element with id: 'Object Repository/mobileSanity/STM/Page_App Page 4/div_CLICK TO SIGN' located by 'By.xpath: //div[@id = 'js-signature-tab' and (text() = 'CLICK TO SIGN↓' or . = 'CLICK TO SIGN↓')]' not found)
	at com.kms.katalon.core.keyword.internal.KeywordMain.stepFailed(KeywordMain.groovy:36)
	at com.kms.katalon.core.webui.keyword.internal.WebUIKeywordMain.stepFailed(WebUIKeywordMain.groovy:65)
	at com.kms.katalon.core.webui.keyword.internal.WebUIKeywordMain.runKeyword(WebUIKeywordMain.groovy:27)
	at com.kms.katalon.core.webui.keyword.builtin.ClickKeyword.click(ClickKeyword.groovy:86)
	at com.kms.katalon.core.webui.keyword.builtin.ClickKeyword.execute(ClickKeyword.groovy:67)
	at com.kms.katalon.core.keyword.internal.KeywordExecutor.executeKeywordForPlatform(KeywordExecutor.groovy:53)
	at com.kms.katalon.core.webui.keyword.WebUiBuiltInKeywords.click(WebUiBuiltInKeywords.groovy:616)
	at com.kms.katalon.core.webui.keyword.WebUiBuiltInKeywords$click$3.call(Unknown Source)
	at goToEnd_stm_autofill.run(goToEnd_stm_autofill:89)
	at com.kms.katalon.core.main.ScriptEngine.run(ScriptEngine.java:194)
	at com.kms.katalon.core.main.ScriptEngine.runScriptAsRawText(ScriptEngine.java:119)
	at com.kms.katalon.core.main.TestCaseExecutor.runScript(TestCaseExecutor.java:328)
	at com.kms.katalon.core.main.TestCaseExecutor.doExecute(TestCaseExecutor.java:319)
	at com.kms.katalon.core.main.TestCaseExecutor.processExecutionPhase(TestCaseExecutor.java:298)
	at com.kms.katalon.core.main.TestCaseExecutor.accessMainPhase(TestCaseExecutor.java:290)
	at com.kms.katalon.core.main.TestCaseExecutor.execute(TestCaseExecutor.java:224)
	at com.kms.katalon.core.main.TestCaseMain.runTestCase(TestCaseMain.java:106)
	at com.kms.katalon.core.keyword.builtin.CallTestCaseKeyword$_callTestCase_closure1.doCall(CallTestCaseKeyword.groovy:59)
	at com.kms.katalon.core.keyword.builtin.CallTestCaseKeyword$_callTestCase_closure1.call(CallTestCaseKeyword.groovy)
	at com.kms.katalon.core.keyword.internal.KeywordMain.runKeyword(KeywordMain.groovy:54)
	at com.kms.katalon.core.keyword.builtin.CallTestCaseKeyword.callTestCase(CallTestCaseKeyword.groovy:80)
	at com.kms.katalon.core.keyword.builtin.CallTestCaseKeyword.execute(CallTestCaseKeyword.groovy:44)
	at com.kms.katalon.core.keyword.internal.KeywordExecutor.executeKeywordForPlatform(KeywordExecutor.groovy:53)
	at com.kms.katalon.core.keyword.BuiltinKeywords.callTestCase(BuiltinKeywords.groovy:334)
	at Slaico.run(Slaico:32)
	at com.kms.katalon.core.main.ScriptEngine.run(ScriptEngine.java:194)
	at com.kms.katalon.core.main.ScriptEngine.runScriptAsRawText(ScriptEngine.java:119)
	at com.kms.katalon.core.main.TestCaseExecutor.runScript(TestCaseExecutor.java:328)
	at com.kms.katalon.core.main.TestCaseExecutor.doExecute(TestCaseExecutor.java:319)
	at com.kms.katalon.core.main.TestCaseExecutor.processExecutionPhase(TestCaseExecutor.java:298)
	at com.kms.katalon.core.main.TestCaseExecutor.accessMainPhase(TestCaseExecutor.java:290)
	at com.kms.katalon.core.main.TestCaseExecutor.execute(TestCaseExecutor.java:224)
	at com.kms.katalon.core.main.TestSuiteExecutor.accessTestCaseMainPhase(TestSuiteExecutor.java:129)
	at com.kms.katalon.core.main.TestSuiteExecutor.accessTestSuiteMainPhase(TestSuiteExecutor.java:112)
	at com.kms.katalon.core.main.TestSuiteExecutor.execute(TestSuiteExecutor.java:81)
	at com.kms.katalon.core.main.TestCaseMain.startTestSuite(TestCaseMain.java:149)
	at com.kms.katalon.core.main.TestCaseMain$startTestSuite$0.call(Unknown Source)
	at TempTestSuite1566206810208.run(TempTestSuite1566206810208.groovy:36)


2019-08-19 05:26:57 - [TEST_STEP][PASSED] - callTestCase(findTestCase("mobileWeb/_include/get_screenPath"), ["productLine":"stm", "carrierName":"Salico"], CONTINUE_ON_FAILURE): Call Test Case 'Test Cases/mobileWeb/_include/get_screenPath' successfully

2019-08-19 05:26:57 - [TEST_CASE][PASSED] - Test Cases/mobileWeb/_include/get_screenPath: Test Cases/mobileWeb/_include/get_screenPath

2019-08-19 05:26:59 - [TEST_STEP][PASSED] - m = getExecutionProperties(): null

2019-08-19 05:26:59 - [TEST_STEP][PASSED] - deviceName = get("mobileEmulation").get("deviceName"): null

2019-08-19 05:26:59 - [TEST_STEP][PASSED] - println(deviceName): null

2019-08-19 05:26:59 - [TEST_STEP][PASSED] - now = new java.util.Date(): null

2019-08-19 05:26:59 - [TEST_STEP][PASSED] - mydate = now.format("yyyyMMdd_HHmmss"): null

2019-08-19 05:26:59 - [TEST_STEP][PASSED] - screenPath = "../Screenshots/": null

2019-08-19 05:26:59 - [TEST_STEP][PASSED] - screenPath = screenPath + deviceName + "/" + productLine + "/" + carrierName + "/" + mydate + "/": null

2019-08-19 05:26:59 - [TEST_STEP][PASSED] - println(screenPath): null

2019-08-19 05:26:59 - [MESSAGE][PASSED] - Call Test Case 'Test Cases/mobileWeb/_include/get_screenPath' successfully

2019-08-19 05:26:59 - [TEST_STEP][PASSED] - i = 0: null

2019-08-19 05:26:59 - [TEST_STEP][PASSED] - callTestCase(findTestCase("mobileWeb/_include/openWebSite"), [:], STOP_ON_FAILURE): Call Test Case 'Test Cases/mobileWeb/_include/openWebSite' successfully

2019-08-19 05:26:59 - [TEST_CASE][PASSED] - Test Cases/mobileWeb/_include/openWebSite: Test Cases/mobileWeb/_include/openWebSite

2019-08-19 05:26:59 - [TEST_STEP][PASSED] - openBrowser(env): Browser is opened with url: 'https://praetemptatus.agilehealthinsurance.com'

2019-08-19 05:27:00 - [MESSAGE][INFO] - Starting 'Chrome' driver

2019-08-19 05:27:00 - [MESSAGE][INFO] - User set preference: ['mobileEmulation', '{deviceName=iPhone 6}']

2019-08-19 05:27:00 - [MESSAGE][INFO] - User set preference: ['args', '[--incognito, --aggressive-cache-discard, --window-size=375,677, --no-sandbox]']

2019-08-19 05:27:00 - [MESSAGE][INFO] - Action delay is set to 0 seconds

2019-08-19 05:27:05 - [MESSAGE][PASSED] - Browser is opened with url: 'https://praetemptatus.agilehealthinsurance.com'

2019-08-19 05:27:05 - [TEST_STEP][PASSED] - waitForPageLoad(20): Wait for page load successfully

2019-08-19 05:27:05 - [MESSAGE][PASSED] - Wait for page load successfully

2019-08-19 05:27:05 - [TEST_STEP][PASSED] - callTestCase(findTestCase("mobileWeb/_include/get_screenshot"), [:], STOP_ON_FAILURE): Call Test Case 'Test Cases/mobileWeb/_include/get_screenshot' successfully

2019-08-19 05:27:05 - [TEST_CASE][PASSED] - Test Cases/mobileWeb/_include/get_screenshot: Test Cases/mobileWeb/_include/get_screenshot

2019-08-19 05:27:05 - [TEST_STEP][PASSED] - takeScreenshot(screenPath + i + ".png"): Taking screenshot successfully

2019-08-19 05:27:07 - [MESSAGE][PASSED] - Taking screenshot successfully
[[ATTACHMENT|D:\\Test\\AgileTest\\Reports\\mobileWeb\\stm\\20190819_052650\\../Screenshots/iPhone 6/stm/Salico/20190819_052659/0.png]]

2019-08-19 05:27:07 - [TEST_STEP][PASSED] - (internal.GlobalVariable.i++): null

2019-08-19 05:27:07 - [MESSAGE][PASSED] - Call Test Case 'Test Cases/mobileWeb/_include/get_screenshot' successfully

2019-08-19 05:27:07 - [MESSAGE][PASSED] - Call Test Case 'Test Cases/mobileWeb/_include/openWebSite' successfully

2019-08-19 05:27:07 - [TEST_STEP][PASSED] - callTestCase(findTestCase("mobileWeb/_include/census_stm"), ["zipcode":"60602"], STOP_ON_FAILURE): Call Test Case 'Test Cases/mobileWeb/_include/census_stm' successfully

2019-08-19 05:27:07 - [TEST_CASE][PASSED] - Test Cases/mobileWeb/_include/census_stm: Test Cases/mobileWeb/_include/census_stm

2019-08-19 05:27:07 - [TEST_STEP][PASSED] - waitForElementClickable(findTestObject("mobileSanity/STM/Home Page/a_Quote  Save Today"), 10): Object 'Object Repository/mobileSanity/STM/Home Page/a_Quote  Save Today' is clickable

2019-08-19 05:27:07 - [MESSAGE][PASSED] - Object 'Object Repository/mobileSanity/STM/Home Page/a_Quote  Save Today' is clickable

2019-08-19 05:27:07 - [TEST_STEP][PASSED] - click(findTestObject("mobileSanity/STM/Home Page/a_Quote  Save Today")): Object: 'Object Repository/mobileSanity/STM/Home Page/a_Quote  Save Today' is clicked on

2019-08-19 05:27:09 - [MESSAGE][PASSED] - Object: 'Object Repository/mobileSanity/STM/Home Page/a_Quote  Save Today' is clicked on

2019-08-19 05:27:09 - [TEST_STEP][PASSED] - waitForPageLoad(10): Wait for page load successfully

2019-08-19 05:27:10 - [MESSAGE][PASSED] - Wait for page load successfully

2019-08-19 05:27:10 - [TEST_STEP][PASSED] - callTestCase(findTestCase("mobileWeb/_include/get_screenshot"), [:], STOP_ON_FAILURE): Call Test Case 'Test Cases/mobileWeb/_include/get_screenshot' successfully

2019-08-19 05:27:10 - [TEST_CASE][PASSED] - Test Cases/mobileWeb/_include/get_screenshot: Test Cases/mobileWeb/_include/get_screenshot

2019-08-19 05:27:10 - [TEST_STEP][PASSED] - takeScreenshot(screenPath + i + ".png"): Taking screenshot successfully

2019-08-19 05:27:11 - [MESSAGE][PASSED] - Taking screenshot successfully
[[ATTACHMENT|D:\\Test\\AgileTest\\Reports\\mobileWeb\\stm\\20190819_052650\\../Screenshots/iPhone 6/stm/Salico/20190819_052659/1.png]]

2019-08-19 05:27:11 - [TEST_STEP][PASSED] - (internal.GlobalVariable.i++): null

2019-08-19 05:27:11 - [MESSAGE][PASSED] - Call Test Case 'Test Cases/mobileWeb/_include/get_screenshot' successfully

2019-08-19 05:27:11 - [TEST_STEP][PASSED] - setText(findTestObject("mobileSanity/STM/STM Census Page/input_Location_zip-input"), zipcode): Text '60602' is set on object 'Object Repository/mobileSanity/STM/STM Census Page/input_Location_zip-input'

2019-08-19 05:27:11 - [MESSAGE][PASSED] - Text '60602' is set on object 'Object Repository/mobileSanity/STM/STM Census Page/input_Location_zip-input'

2019-08-19 05:27:11 - [TEST_STEP][PASSED] - Thread.sleep(500): null

2019-08-19 05:27:12 - [TEST_STEP][PASSED] - setText(findTestObject("mobileSanity/STM/STM Census Page/input_Date of Birth_dob-0"), "03031987"): Text '03031987' is set on object 'Object Repository/mobileSanity/STM/STM Census Page/input_Date of Birth_dob-0'

2019-08-19 05:27:13 - [MESSAGE][PASSED] - Text '03031987' is set on object 'Object Repository/mobileSanity/STM/STM Census Page/input_Date of Birth_dob-0'

2019-08-19 05:27:13 - [TEST_STEP][PASSED] - click(findTestObject("mobileSanity/STM/STM Census Page/label_Male")): Object: 'Object Repository/mobileSanity/STM/STM Census Page/label_Male' is clicked on

2019-08-19 05:27:13 - [MESSAGE][PASSED] - Object: 'Object Repository/mobileSanity/STM/STM Census Page/label_Male' is clicked on

2019-08-19 05:27:13 - [TEST_STEP][PASSED] - click(findTestObject("mobileSanity/STM/STM Census Page/label_Compare Plans")): Object: 'Object Repository/mobileSanity/STM/STM Census Page/label_Compare Plans' is clicked on

2019-08-19 05:27:24 - [MESSAGE][PASSED] - Object: 'Object Repository/mobileSanity/STM/STM Census Page/label_Compare Plans' is clicked on

2019-08-19 05:27:24 - [TEST_STEP][PASSED] - waitForElementVisible(findTestObject("mobileSanity/STM/STM Quote Page/button_sort"), 20): Object 'Object Repository/mobileSanity/STM/STM Quote Page/button_sort' is visible

2019-08-19 05:27:28 - [MESSAGE][PASSED] - Object 'Object Repository/mobileSanity/STM/STM Quote Page/button_sort' is visible

2019-08-19 05:27:28 - [TEST_STEP][PASSED] - Thread.sleep(3000): null

2019-08-19 05:27:31 - [TEST_STEP][PASSED] - callTestCase(findTestCase("mobileWeb/_include/get_screenshot"), [:], STOP_ON_FAILURE): Call Test Case 'Test Cases/mobileWeb/_include/get_screenshot' successfully

2019-08-19 05:27:31 - [TEST_CASE][PASSED] - Test Cases/mobileWeb/_include/get_screenshot: Test Cases/mobileWeb/_include/get_screenshot

2019-08-19 05:27:31 - [TEST_STEP][PASSED] - takeScreenshot(screenPath + i + ".png"): Taking screenshot successfully

2019-08-19 05:27:33 - [MESSAGE][PASSED] - Taking screenshot successfully
[[ATTACHMENT|D:\\Test\\AgileTest\\Reports\\mobileWeb\\stm\\20190819_052650\\../Screenshots/iPhone 6/stm/Salico/20190819_052659/2.png]]

2019-08-19 05:27:33 - [TEST_STEP][PASSED] - (internal.GlobalVariable.i++): null

2019-08-19 05:27:33 - [MESSAGE][PASSED] - Call Test Case 'Test Cases/mobileWeb/_include/get_screenshot' successfully

2019-08-19 05:27:33 - [TEST_STEP][PASSED] - Thread.sleep(1000): null

2019-08-19 05:27:34 - [MESSAGE][PASSED] - Call Test Case 'Test Cases/mobileWeb/_include/census_stm' successfully

2019-08-19 05:27:34 - [TEST_STEP][PASSED] - callTestCase(findTestCase("mobileWeb/_include/filter_stm"), ["carrier":"slaico"], STOP_ON_FAILURE): Call Test Case 'Test Cases/mobileWeb/_include/filter_stm' successfully

2019-08-19 05:27:34 - [TEST_CASE][PASSED] - Test Cases/mobileWeb/_include/filter_stm: Test Cases/mobileWeb/_include/filter_stm

2019-08-19 05:27:35 - [TEST_STEP][PASSED] - driver = getWebDriver(): null

2019-08-19 05:27:35 - [TEST_STEP][PASSED] - selenium = new com.thoughtworks.selenium.webdriven.WebDriverBackedSelenium(driver, internal.GlobalVariable.ENV): null

2019-08-19 05:27:35 - [TEST_STEP][PASSED] - Thread.sleep(1000): null

2019-08-19 05:27:37 - [TEST_STEP][PASSED] - click(findTestObject("mobileSanity/STM/STM Quote Page/button_filters")): Object: 'Object Repository/mobileSanity/STM/STM Quote Page/button_filters' is clicked on

2019-08-19 05:27:37 - [MESSAGE][PASSED] - Object: 'Object Repository/mobileSanity/STM/STM Quote Page/button_filters' is clicked on

2019-08-19 05:27:37 - [TEST_STEP][PASSED] - Thread.sleep(1000): null

2019-08-19 05:27:38 - [TEST_STEP][PASSED] - click(findTestObject("mobileSanity/STM/STM Quote Page/i_Insurance company")): Object: 'Object Repository/mobileSanity/STM/STM Quote Page/i_Insurance company' is clicked on

2019-08-19 05:27:38 - [MESSAGE][PASSED] - Object: 'Object Repository/mobileSanity/STM/STM Quote Page/i_Insurance company' is clicked on

2019-08-19 05:27:38 - [TEST_STEP][PASSED] - Thread.sleep(1000): null

2019-08-19 05:27:39 - [TEST_STEP][PASSED] - filter_carrier = "//input[@name='filter[carrier]' and @value='" + carrier + "']/following::label": null

2019-08-19 05:27:40 - [TEST_STEP][PASSED] - println(filter_carrier): null

2019-08-19 05:27:40 - [TEST_STEP][PASSED] - test.MobileKeywords.clickJS_ByXpath(filter_carrier): test.MobileKeywords.clickJS_ByXpath is PASSED

2019-08-19 05:27:40 - [MESSAGE][PASSED] - Execute JavaScript 'arguments[0].click()' successfully

2019-08-19 05:27:40 - [MESSAGE][PASSED] - test.MobileKeywords.clickJS_ByXpath is PASSED

2019-08-19 05:27:40 - [TEST_STEP][PASSED] - Thread.sleep(1000): null

2019-08-19 05:27:41 - [TEST_STEP][PASSED] - scrollToElement(findTestObject("mobileSanity/STM/STM Quote Page/a_Show Plans"), 1000): Scroll to object 'Object Repository/mobileSanity/STM/STM Quote Page/a_Show Plans' successfully

2019-08-19 05:27:41 - [MESSAGE][PASSED] - Scroll to object 'Object Repository/mobileSanity/STM/STM Quote Page/a_Show Plans' successfully

2019-08-19 05:27:41 - [TEST_STEP][PASSED] - click(findTestObject("mobileSanity/STM/STM Quote Page/a_Show Plans")): Object: 'Object Repository/mobileSanity/STM/STM Quote Page/a_Show Plans' is clicked on

2019-08-19 05:27:43 - [MESSAGE][PASSED] - Object: 'Object Repository/mobileSanity/STM/STM Quote Page/a_Show Plans' is clicked on

2019-08-19 05:27:43 - [TEST_STEP][PASSED] - waitForJQueryLoad(10, STOP_ON_FAILURE): jQuery is ready.

2019-08-19 05:27:43 - [MESSAGE][PASSED] - jQuery is ready.

2019-08-19 05:27:43 - [TEST_STEP][PASSED] - Thread.sleep(2000): null

2019-08-19 05:27:45 - [TEST_STEP][PASSED] - callTestCase(findTestCase("mobileWeb/_include/get_screenshot"), [:], STOP_ON_FAILURE): Call Test Case 'Test Cases/mobileWeb/_include/get_screenshot' successfully

2019-08-19 05:27:45 - [TEST_CASE][PASSED] - Test Cases/mobileWeb/_include/get_screenshot: Test Cases/mobileWeb/_include/get_screenshot

2019-08-19 05:27:45 - [TEST_STEP][PASSED] - takeScreenshot(screenPath + i + ".png"): Taking screenshot successfully

2019-08-19 05:27:47 - [MESSAGE][PASSED] - Taking screenshot successfully
[[ATTACHMENT|D:\\Test\\AgileTest\\Reports\\mobileWeb\\stm\\20190819_052650\\../Screenshots/iPhone 6/stm/Salico/20190819_052659/3.png]]

2019-08-19 05:27:47 - [TEST_STEP][PASSED] - (internal.GlobalVariable.i++): null

2019-08-19 05:27:47 - [MESSAGE][PASSED] - Call Test Case 'Test Cases/mobileWeb/_include/get_screenshot' successfully

2019-08-19 05:27:47 - [MESSAGE][PASSED] - Call Test Case 'Test Cases/mobileWeb/_include/filter_stm' successfully

2019-08-19 05:27:47 - [TEST_STEP][PASSED] - callTestCase(findTestCase("mobileWeb/_include/goToDetail_stm"), ["carrier":"slaico"], STOP_ON_FAILURE): Call Test Case 'Test Cases/mobileWeb/_include/goToDetail_stm' successfully

2019-08-19 05:27:48 - [TEST_CASE][PASSED] - Test Cases/mobileWeb/_include/goToDetail_stm: Test Cases/mobileWeb/_include/goToDetail_stm

2019-08-19 05:27:48 - [TEST_STEP][PASSED] - driver = getWebDriver(): null

2019-08-19 05:27:48 - [TEST_STEP][PASSED] - selenium = new com.thoughtworks.selenium.webdriven.WebDriverBackedSelenium(driver, internal.GlobalVariable.ENV): null

2019-08-19 05:27:48 - [TEST_STEP][PASSED] - a_plan_name = "xpath=//a[contains(@href,'/term-health-insurance/plan/" + carrier + "')]": null

2019-08-19 05:27:48 - [TEST_STEP][PASSED] - println(a_plan_name): null

2019-08-19 05:27:48 - [TEST_STEP][PASSED] - selenium.click(a_plan_name): null

2019-08-19 05:27:58 - [TEST_STEP][PASSED] - waitForPageLoad(10): Wait for page load successfully

2019-08-19 05:27:59 - [MESSAGE][PASSED] - Wait for page load successfully

2019-08-19 05:27:59 - [TEST_STEP][PASSED] - Thread.sleep(2000): null

2019-08-19 05:28:01 - [TEST_STEP][PASSED] - callTestCase(findTestCase("mobileWeb/_include/get_screenshot"), [:], STOP_ON_FAILURE): Call Test Case 'Test Cases/mobileWeb/_include/get_screenshot' successfully

2019-08-19 05:28:02 - [TEST_CASE][PASSED] - Test Cases/mobileWeb/_include/get_screenshot: Test Cases/mobileWeb/_include/get_screenshot

2019-08-19 05:28:02 - [TEST_STEP][PASSED] - takeScreenshot(screenPath + i + ".png"): Taking screenshot successfully

2019-08-19 05:28:02 - [MESSAGE][PASSED] - Taking screenshot successfully
[[ATTACHMENT|D:\\Test\\AgileTest\\Reports\\mobileWeb\\stm\\20190819_052650\\../Screenshots/iPhone 6/stm/Salico/20190819_052659/4.png]]

2019-08-19 05:28:02 - [TEST_STEP][PASSED] - (internal.GlobalVariable.i++): null

2019-08-19 05:28:02 - [MESSAGE][PASSED] - Call Test Case 'Test Cases/mobileWeb/_include/get_screenshot' successfully

2019-08-19 05:28:02 - [MESSAGE][PASSED] - Call Test Case 'Test Cases/mobileWeb/_include/goToDetail_stm' successfully

2019-08-19 05:28:02 - [TEST_STEP][PASSED] - callTestCase(findTestCase("mobileWeb/_include/apply_stm"), [:], STOP_ON_FAILURE): Call Test Case 'Test Cases/mobileWeb/_include/apply_stm' successfully

2019-08-19 05:28:02 - [TEST_CASE][PASSED] - Test Cases/mobileWeb/_include/apply_stm: Test Cases/mobileWeb/_include/apply_stm

2019-08-19 05:28:03 - [TEST_STEP][PASSED] - waitForElementVisible(findTestObject("mobileSanity/STM/STM PlanDetail Page/a_Apply for This Plan"), 5): Object 'Object Repository/mobileSanity/STM/STM PlanDetail Page/a_Apply for This Plan' is visible

2019-08-19 05:28:04 - [MESSAGE][PASSED] - Object 'Object Repository/mobileSanity/STM/STM PlanDetail Page/a_Apply for This Plan' is visible

2019-08-19 05:28:04 - [TEST_STEP][PASSED] - click(findTestObject("mobileSanity/STM/STM PlanDetail Page/a_Apply for This Plan")): Object: 'Object Repository/mobileSanity/STM/STM PlanDetail Page/a_Apply for This Plan' is clicked on

2019-08-19 05:28:15 - [MESSAGE][PASSED] - Object: 'Object Repository/mobileSanity/STM/STM PlanDetail Page/a_Apply for This Plan' is clicked on

2019-08-19 05:28:15 - [TEST_STEP][PASSED] - waitForPageLoad(10): Wait for page load successfully

2019-08-19 05:28:23 - [MESSAGE][PASSED] - Wait for page load successfully

2019-08-19 05:28:23 - [TEST_STEP][PASSED] - Thread.sleep(2000): null

2019-08-19 05:28:25 - [TEST_STEP][PASSED] - callTestCase(findTestCase("mobileWeb/_include/get_screenshot"), [:], STOP_ON_FAILURE): Call Test Case 'Test Cases/mobileWeb/_include/get_screenshot' successfully

2019-08-19 05:28:25 - [TEST_CASE][PASSED] - Test Cases/mobileWeb/_include/get_screenshot: Test Cases/mobileWeb/_include/get_screenshot

2019-08-19 05:28:25 - [TEST_STEP][PASSED] - takeScreenshot(screenPath + i + ".png"): Taking screenshot successfully

2019-08-19 05:28:26 - [MESSAGE][PASSED] - Taking screenshot successfully
[[ATTACHMENT|D:\\Test\\AgileTest\\Reports\\mobileWeb\\stm\\20190819_052650\\../Screenshots/iPhone 6/stm/Salico/20190819_052659/5.png]]

2019-08-19 05:28:26 - [TEST_STEP][PASSED] - (internal.GlobalVariable.i++): null

2019-08-19 05:28:26 - [MESSAGE][PASSED] - Call Test Case 'Test Cases/mobileWeb/_include/get_screenshot' successfully

2019-08-19 05:28:26 - [TEST_STEP][PASSED] - waitForElementVisible(findTestObject("mobileSanity/STM/STM Apply Page/a_Start Secure Application"), 5): Object 'Object Repository/mobileSanity/STM/STM Apply Page/a_Start Secure Application' is visible

2019-08-19 05:28:26 - [MESSAGE][PASSED] - Object 'Object Repository/mobileSanity/STM/STM Apply Page/a_Start Secure Application' is visible

2019-08-19 05:28:26 - [TEST_STEP][PASSED] - click(findTestObject("mobileSanity/STM/STM Apply Page/a_Start Secure Application")): Object: 'Object Repository/mobileSanity/STM/STM Apply Page/a_Start Secure Application' is clicked on

2019-08-19 05:28:31 - [MESSAGE][PASSED] - Object: 'Object Repository/mobileSanity/STM/STM Apply Page/a_Start Secure Application' is clicked on

2019-08-19 05:28:31 - [TEST_STEP][PASSED] - waitForPageLoad(20): Wait for page load successfully

2019-08-19 05:28:31 - [MESSAGE][PASSED] - Wait for page load successfully

2019-08-19 05:28:31 - [TEST_STEP][PASSED] - Thread.sleep(2000): null

2019-08-19 05:28:33 - [TEST_STEP][PASSED] - callTestCase(findTestCase("mobileWeb/_include/get_screenshot"), [:], STOP_ON_FAILURE): Call Test Case 'Test Cases/mobileWeb/_include/get_screenshot' successfully

2019-08-19 05:28:33 - [TEST_CASE][PASSED] - Test Cases/mobileWeb/_include/get_screenshot: Test Cases/mobileWeb/_include/get_screenshot

2019-08-19 05:28:33 - [TEST_STEP][PASSED] - takeScreenshot(screenPath + i + ".png"): Taking screenshot successfully

2019-08-19 05:28:33 - [MESSAGE][PASSED] - Taking screenshot successfully
[[ATTACHMENT|D:\\Test\\AgileTest\\Reports\\mobileWeb\\stm\\20190819_052650\\../Screenshots/iPhone 6/stm/Salico/20190819_052659/6.png]]

2019-08-19 05:28:33 - [TEST_STEP][PASSED] - (internal.GlobalVariable.i++): null

2019-08-19 05:28:33 - [MESSAGE][PASSED] - Call Test Case 'Test Cases/mobileWeb/_include/get_screenshot' successfully

2019-08-19 05:28:33 - [MESSAGE][PASSED] - Call Test Case 'Test Cases/mobileWeb/_include/apply_stm' successfully

2019-08-19 05:28:33 - [TEST_STEP][FAILED] - callTestCase(findTestCase("mobileWeb/_include/goToEnd_stm_autofill"), [:], STOP_ON_FAILURE): callTestCase(findTestCase("mobileWeb/_include/goToEnd_stm_autofill"), [:], STOP_ON_FAILURE) FAILED.
Reason:
com.kms.katalon.core.exception.StepFailedException: Unable to click on object 'Object Repository/mobileSanity/STM/Page_App Page 4/div_CLICK TO SIGN' (Root cause: com.kms.katalon.core.webui.exception.WebElementNotFoundException: Web element with id: 'Object Repository/mobileSanity/STM/Page_App Page 4/div_CLICK TO SIGN' located by 'By.xpath: //div[@id = 'js-signature-tab' and (text() = 'CLICK TO SIGN↓' or . = 'CLICK TO SIGN↓')]' not found)
	at com.kms.katalon.core.keyword.internal.KeywordMain.stepFailed(KeywordMain.groovy:36)
	at com.kms.katalon.core.webui.keyword.internal.WebUIKeywordMain.stepFailed(WebUIKeywordMain.groovy:65)
	at com.kms.katalon.core.webui.keyword.internal.WebUIKeywordMain.runKeyword(WebUIKeywordMain.groovy:27)
	at com.kms.katalon.core.webui.keyword.builtin.ClickKeyword.click(ClickKeyword.groovy:86)
	at com.kms.katalon.core.webui.keyword.builtin.ClickKeyword.execute(ClickKeyword.groovy:67)
	at com.kms.katalon.core.keyword.internal.KeywordExecutor.executeKeywordForPlatform(KeywordExecutor.groovy:53)
	at com.kms.katalon.core.webui.keyword.WebUiBuiltInKeywords.click(WebUiBuiltInKeywords.groovy:616)
	at com.kms.katalon.core.webui.keyword.WebUiBuiltInKeywords$click$3.call(Unknown Source)
	at goToEnd_stm_autofill.run(goToEnd_stm_autofill:89)
	at com.kms.katalon.core.main.ScriptEngine.run(ScriptEngine.java:194)
	at com.kms.katalon.core.main.ScriptEngine.runScriptAsRawText(ScriptEngine.java:119)
	at com.kms.katalon.core.main.TestCaseExecutor.runScript(TestCaseExecutor.java:328)
	at com.kms.katalon.core.main.TestCaseExecutor.doExecute(TestCaseExecutor.java:319)
	at com.kms.katalon.core.main.TestCaseExecutor.processExecutionPhase(TestCaseExecutor.java:298)
	at com.kms.katalon.core.main.TestCaseExecutor.accessMainPhase(TestCaseExecutor.java:290)
	at com.kms.katalon.core.main.TestCaseExecutor.execute(TestCaseExecutor.java:224)
	at com.kms.katalon.core.main.TestCaseMain.runTestCase(TestCaseMain.java:106)
	at com.kms.katalon.core.keyword.builtin.CallTestCaseKeyword$_callTestCase_closure1.doCall(CallTestCaseKeyword.groovy:59)
	at com.kms.katalon.core.keyword.builtin.CallTestCaseKeyword$_callTestCase_closure1.call(CallTestCaseKeyword.groovy)
	at com.kms.katalon.core.keyword.internal.KeywordMain.runKeyword(KeywordMain.groovy:54)
	at com.kms.katalon.core.keyword.builtin.CallTestCaseKeyword.callTestCase(CallTestCaseKeyword.groovy:80)
	at com.kms.katalon.core.keyword.builtin.CallTestCaseKeyword.execute(CallTestCaseKeyword.groovy:44)
	at com.kms.katalon.core.keyword.internal.KeywordExecutor.executeKeywordForPlatform(KeywordExecutor.groovy:53)
	at com.kms.katalon.core.keyword.BuiltinKeywords.callTestCase(BuiltinKeywords.groovy:334)
	at Slaico.run(Slaico:32)
	at com.kms.katalon.core.main.ScriptEngine.run(ScriptEngine.java:194)
	at com.kms.katalon.core.main.ScriptEngine.runScriptAsRawText(ScriptEngine.java:119)
	at com.kms.katalon.core.main.TestCaseExecutor.runScript(TestCaseExecutor.java:328)
	at com.kms.katalon.core.main.TestCaseExecutor.doExecute(TestCaseExecutor.java:319)
	at com.kms.katalon.core.main.TestCaseExecutor.processExecutionPhase(TestCaseExecutor.java:298)
	at com.kms.katalon.core.main.TestCaseExecutor.accessMainPhase(TestCaseExecutor.java:290)
	at com.kms.katalon.core.main.TestCaseExecutor.execute(TestCaseExecutor.java:224)
	at com.kms.katalon.core.main.TestSuiteExecutor.accessTestCaseMainPhase(TestSuiteExecutor.java:129)
	at com.kms.katalon.core.main.TestSuiteExecutor.accessTestSuiteMainPhase(TestSuiteExecutor.java:112)
	at com.kms.katalon.core.main.TestSuiteExecutor.execute(TestSuiteExecutor.java:81)
	at com.kms.katalon.core.main.TestCaseMain.startTestSuite(TestCaseMain.java:149)
	at com.kms.katalon.core.main.TestCaseMain$startTestSuite$0.call(Unknown Source)
	at TempTestSuite1566206810208.run(TempTestSuite1566206810208.groovy:36)


2019-08-19 05:28:33 - [TEST_CASE][FAILED] - Test Cases/mobileWeb/_include/goToEnd_stm_autofill: Test Cases/mobileWeb/_include/goToEnd_stm_autofill FAILED.
Reason:
com.kms.katalon.core.exception.StepFailedException: Unable to click on object 'Object Repository/mobileSanity/STM/Page_App Page 4/div_CLICK TO SIGN' (Root cause: com.kms.katalon.core.webui.exception.WebElementNotFoundException: Web element with id: 'Object Repository/mobileSanity/STM/Page_App Page 4/div_CLICK TO SIGN' located by 'By.xpath: //div[@id = 'js-signature-tab' and (text() = 'CLICK TO SIGN↓' or . = 'CLICK TO SIGN↓')]' not found)
	at com.kms.katalon.core.keyword.internal.KeywordMain.stepFailed(KeywordMain.groovy:36)
	at com.kms.katalon.core.webui.keyword.internal.WebUIKeywordMain.stepFailed(WebUIKeywordMain.groovy:65)
	at com.kms.katalon.core.webui.keyword.internal.WebUIKeywordMain.runKeyword(WebUIKeywordMain.groovy:27)
	at com.kms.katalon.core.webui.keyword.builtin.ClickKeyword.click(ClickKeyword.groovy:86)
	at com.kms.katalon.core.webui.keyword.builtin.ClickKeyword.execute(ClickKeyword.groovy:67)
	at com.kms.katalon.core.keyword.internal.KeywordExecutor.executeKeywordForPlatform(KeywordExecutor.groovy:53)
	at com.kms.katalon.core.webui.keyword.WebUiBuiltInKeywords.click(WebUiBuiltInKeywords.groovy:616)
	at com.kms.katalon.core.webui.keyword.WebUiBuiltInKeywords$click$3.call(Unknown Source)
	at goToEnd_stm_autofill.run(goToEnd_stm_autofill:89)
	at com.kms.katalon.core.main.ScriptEngine.run(ScriptEngine.java:194)
	at com.kms.katalon.core.main.ScriptEngine.runScriptAsRawText(ScriptEngine.java:119)
	at com.kms.katalon.core.main.TestCaseExecutor.runScript(TestCaseExecutor.java:328)
	at com.kms.katalon.core.main.TestCaseExecutor.doExecute(TestCaseExecutor.java:319)
	at com.kms.katalon.core.main.TestCaseExecutor.processExecutionPhase(TestCaseExecutor.java:298)
	at com.kms.katalon.core.main.TestCaseExecutor.accessMainPhase(TestCaseExecutor.java:290)
	at com.kms.katalon.core.main.TestCaseExecutor.execute(TestCaseExecutor.java:224)
	at com.kms.katalon.core.main.TestCaseMain.runTestCase(TestCaseMain.java:106)
	at com.kms.katalon.core.keyword.builtin.CallTestCaseKeyword$_callTestCase_closure1.doCall(CallTestCaseKeyword.groovy:59)
	at com.kms.katalon.core.keyword.builtin.CallTestCaseKeyword$_callTestCase_closure1.call(CallTestCaseKeyword.groovy)
	at com.kms.katalon.core.keyword.internal.KeywordMain.runKeyword(KeywordMain.groovy:54)
	at com.kms.katalon.core.keyword.builtin.CallTestCaseKeyword.callTestCase(CallTestCaseKeyword.groovy:80)
	at com.kms.katalon.core.keyword.builtin.CallTestCaseKeyword.execute(CallTestCaseKeyword.groovy:44)
	at com.kms.katalon.core.keyword.internal.KeywordExecutor.executeKeywordForPlatform(KeywordExecutor.groovy:53)
	at com.kms.katalon.core.keyword.BuiltinKeywords.callTestCase(BuiltinKeywords.groovy:334)
	at Slaico.run(Slaico:32)
	at com.kms.katalon.core.main.ScriptEngine.run(ScriptEngine.java:194)
	at com.kms.katalon.core.main.ScriptEngine.runScriptAsRawText(ScriptEngine.java:119)
	at com.kms.katalon.core.main.TestCaseExecutor.runScript(TestCaseExecutor.java:328)
	at com.kms.katalon.core.main.TestCaseExecutor.doExecute(TestCaseExecutor.java:319)
	at com.kms.katalon.core.main.TestCaseExecutor.processExecutionPhase(TestCaseExecutor.java:298)
	at com.kms.katalon.core.main.TestCaseExecutor.accessMainPhase(TestCaseExecutor.java:290)
	at com.kms.katalon.core.main.TestCaseExecutor.execute(TestCaseExecutor.java:224)
	at com.kms.katalon.core.main.TestSuiteExecutor.accessTestCaseMainPhase(TestSuiteExecutor.java:129)
	at com.kms.katalon.core.main.TestSuiteExecutor.accessTestSuiteMainPhase(TestSuiteExecutor.java:112)
	at com.kms.katalon.core.main.TestSuiteExecutor.execute(TestSuiteExecutor.java:81)
	at com.kms.katalon.core.main.TestCaseMain.startTestSuite(TestCaseMain.java:149)
	at com.kms.katalon.core.main.TestCaseMain$startTestSuite$0.call(Unknown Source)
	at TempTestSuite1566206810208.run(TempTestSuite1566206810208.groovy:36)


2019-08-19 05:28:34 - [TEST_STEP][PASSED] - callTestCase(findTestCase("mobileWeb/_include/name"), [:], CONTINUE_ON_FAILURE): Call Test Case 'Test Cases/mobileWeb/_include/name' successfully

2019-08-19 05:28:34 - [TEST_CASE][PASSED] - Test Cases/mobileWeb/_include/name: Test Cases/mobileWeb/_include/name

2019-08-19 05:28:34 - [TEST_STEP][PASSED] - driver = getWebDriver(): null

2019-08-19 05:28:34 - [TEST_STEP][PASSED] - selenium = new com.thoughtworks.selenium.webdriven.WebDriverBackedSelenium(driver, internal.GlobalVariable.ENV): null

2019-08-19 05:28:34 - [TEST_STEP][PASSED] - FirstName = "Test-123": null

2019-08-19 05:28:34 - [TEST_STEP][PASSED] - LastName = selenium.getEval("{var x="ABCDEFGHIJKLMNOPQRSTUVWXYZabcdefghijklmnopqrstuvwxyz"; var tmp="ZZ11-"; for (i=0;i<8;i++) tmp+=x.charAt(Math.ceil(51*Math.random()));tmp;}"): null

2019-08-19 05:28:34 - [TEST_STEP][PASSED] - Address = selenium.getEval("{var x="ABCDEFGHIJKLMNOPQRSTUVWXYZabcdefghijklmnopqrstuvwxyz"; var tmp=""; for (i=0;i<8;i++) tmp+=x.charAt(Math.ceil(51*Math.random()));tmp;}"): null

2019-08-19 05:28:35 - [TEST_STEP][PASSED] - City = selenium.getEval("{var x="ABCDEFGHIJKLMNOPQRSTUVWXYZabcdefghijklmnopqrstuvwxyz"; var tmp=""; for (i=0;i<8;i++) tmp+=x.charAt(Math.ceil(51*Math.random()));tmp;}"): null

2019-08-19 05:28:35 - [TEST_STEP][PASSED] - tel1 = selenium.getEval("{var x="123456789"; var tmp=""; for (i=0;i<3;i++) tmp+=x.charAt(Math.ceil(8*Math.random()));tmp;}"): null

2019-08-19 05:28:35 - [TEST_STEP][PASSED] - tel2 = selenium.getEval("{var x="123456789"; var tmp=""; for (i=0;i<3;i++) tmp+=x.charAt(Math.ceil(8*Math.random()));tmp;}"): null

2019-08-19 05:28:35 - [TEST_STEP][PASSED] - tel3 = selenium.getEval("{var x="123456789"; var tmp=""; for (i=0;i<4;i++) tmp+=x.charAt(Math.ceil(8*Math.random()));tmp;}"): null

2019-08-19 05:28:35 - [TEST_STEP][PASSED] - Tel = selenium.getExpression(tel1 + "-" + tel2 + "-" + tel3): null

2019-08-19 05:28:35 - [TEST_STEP][PASSED] - AutoEmail = selenium.getEval("{var x="ABCDEFGHIJKLMNOPQRSTUVWXYZabcdefghijklmnopqrstuvwxyz"; var tmp="test."; for (i=0;i<8;i++) tmp+=x.charAt(Math.ceil(51*Math.random()));tmp+="@suryani.cn";}"): null

2019-08-19 05:28:35 - [TEST_STEP][PASSED] - FirstName = FirstName: null

2019-08-19 05:28:35 - [TEST_STEP][PASSED] - LastName = LastName: null

2019-08-19 05:28:35 - [TEST_STEP][PASSED] - Address = Address: null

2019-08-19 05:28:35 - [TEST_STEP][PASSED] - City = City: null

2019-08-19 05:28:35 - [TEST_STEP][PASSED] - Tel = Tel: null

2019-08-19 05:28:35 - [TEST_STEP][PASSED] - AutoEmail = AutoEmail: null

2019-08-19 05:28:35 - [TEST_STEP][PASSED] - println(FirstName): null

2019-08-19 05:28:35 - [TEST_STEP][PASSED] - println(LastName): null

2019-08-19 05:28:35 - [TEST_STEP][PASSED] - println(Address): null

2019-08-19 05:28:35 - [TEST_STEP][PASSED] - println(City): null

2019-08-19 05:28:35 - [TEST_STEP][PASSED] - println(Tel): null

2019-08-19 05:28:35 - [TEST_STEP][PASSED] - println(AutoEmail): null

2019-08-19 05:28:35 - [MESSAGE][PASSED] - Call Test Case 'Test Cases/mobileWeb/_include/name' successfully

2019-08-19 05:28:35 - [TEST_STEP][FAILED] - try: Unable to verify text 'Month Duration Acknowledgement' is present  (Root cause: com.kms.katalon.core.exception.StepFailedException: Text 'Month Duration Acknowledgement' is not present on page )

2019-08-19 05:28:35 - [TEST_STEP][FAILED] - if (verifyTextPresent("Month Duration Acknowledgement", false)): Unable to verify text 'Month Duration Acknowledgement' is present  (Root cause: com.kms.katalon.core.exception.StepFailedException: Text 'Month Duration Acknowledgement' is not present on page )

2019-08-19 05:28:35 - [MESSAGE][FAILED] - Text 'Month Duration Acknowledgement' is not present on page 

2019-08-19 05:28:36 - [MESSAGE][FAILED] - Unable to verify text 'Month Duration Acknowledgement' is present  (Root cause: com.kms.katalon.core.exception.StepFailedException: Text 'Month Duration Acknowledgement' is not present on page )
[[ATTACHMENT|D:\\Test\\AgileTest\\Reports\\mobileWeb\\stm\\20190819_052650\\1566206915670.png]]

2019-08-19 05:28:36 - [TEST_STEP][PASSED] - catch (Exception e): null

2019-08-19 05:28:36 - [TEST_STEP][PASSED] - println("no consecutive"): null

2019-08-19 05:28:36 - [TEST_STEP][PASSED] - waitForPageLoad(10): Wait for page load successfully

2019-08-19 05:28:36 - [MESSAGE][PASSED] - Wait for page load successfully

2019-08-19 05:28:36 - [TEST_STEP][PASSED] - Thread.sleep(3000): null

2019-08-19 05:28:39 - [TEST_STEP][PASSED] - waitForElementVisible(findTestObject("mobileSanity/STM/Page_App Page 1/a_Autofill App Info"), 20): Object 'Object Repository/mobileSanity/STM/Page_App Page 1/a_Autofill App Info' is visible

2019-08-19 05:28:39 - [MESSAGE][PASSED] - Object 'Object Repository/mobileSanity/STM/Page_App Page 1/a_Autofill App Info' is visible

2019-08-19 05:28:39 - [TEST_STEP][PASSED] - click(findTestObject("mobileSanity/STM/Page_App Page 1/a_Autofill App Info")): Object: 'Object Repository/mobileSanity/STM/Page_App Page 1/a_Autofill App Info' is clicked on

2019-08-19 05:28:40 - [MESSAGE][PASSED] - Object: 'Object Repository/mobileSanity/STM/Page_App Page 1/a_Autofill App Info' is clicked on

2019-08-19 05:28:40 - [TEST_STEP][PASSED] - Thread.sleep(1000): null

2019-08-19 05:28:41 - [TEST_STEP][PASSED] - click(findTestObject("mobileSanity/STM/Page_App Page 1/a_Autofill App Info")): Object: 'Object Repository/mobileSanity/STM/Page_App Page 1/a_Autofill App Info' is clicked on

2019-08-19 05:28:41 - [MESSAGE][PASSED] - Object: 'Object Repository/mobileSanity/STM/Page_App Page 1/a_Autofill App Info' is clicked on

2019-08-19 05:28:41 - [TEST_STEP][PASSED] - Thread.sleep(1000): null

2019-08-19 05:28:42 - [TEST_STEP][PASSED] - waitForElementVisible(findTestObject("mobileSanity/STM/Page_App Page 1/a_Continue"), 20): Object 'Object Repository/mobileSanity/STM/Page_App Page 1/a_Continue' is visible

2019-08-19 05:28:42 - [MESSAGE][PASSED] - Object 'Object Repository/mobileSanity/STM/Page_App Page 1/a_Continue' is visible

2019-08-19 05:28:42 - [TEST_STEP][PASSED] - click(findTestObject("mobileSanity/STM/Page_App Page 1/a_Continue")): Object: 'Object Repository/mobileSanity/STM/Page_App Page 1/a_Continue' is clicked on

2019-08-19 05:28:42 - [MESSAGE][PASSED] - Object: 'Object Repository/mobileSanity/STM/Page_App Page 1/a_Continue' is clicked on

2019-08-19 05:28:42 - [TEST_STEP][PASSED] - waitForPageLoad(20): Wait for page load successfully

2019-08-19 05:28:42 - [MESSAGE][PASSED] - Wait for page load successfully

2019-08-19 05:28:42 - [TEST_STEP][PASSED] - Thread.sleep(2000): null

2019-08-19 05:28:44 - [TEST_STEP][PASSED] - callTestCase(findTestCase("mobileWeb/_include/get_screenshot"), [:], STOP_ON_FAILURE): Call Test Case 'Test Cases/mobileWeb/_include/get_screenshot' successfully

2019-08-19 05:28:44 - [TEST_CASE][PASSED] - Test Cases/mobileWeb/_include/get_screenshot: Test Cases/mobileWeb/_include/get_screenshot

2019-08-19 05:28:44 - [TEST_STEP][PASSED] - takeScreenshot(screenPath + i + ".png"): Taking screenshot successfully

2019-08-19 05:28:45 - [MESSAGE][PASSED] - Taking screenshot successfully
[[ATTACHMENT|D:\\Test\\AgileTest\\Reports\\mobileWeb\\stm\\20190819_052650\\../Screenshots/iPhone 6/stm/Salico/20190819_052659/7.png]]

2019-08-19 05:28:45 - [TEST_STEP][PASSED] - (internal.GlobalVariable.i++): null

2019-08-19 05:28:45 - [MESSAGE][PASSED] - Call Test Case 'Test Cases/mobileWeb/_include/get_screenshot' successfully

2019-08-19 05:28:45 - [TEST_STEP][PASSED] - click(findTestObject("mobileSanity/STM/Page_App Page 2/a_Continue to Step 3 - Payment")): Object: 'Object Repository/mobileSanity/STM/Page_App Page 2/a_Continue to Step 3 - Payment' is clicked on

2019-08-19 05:28:45 - [MESSAGE][PASSED] - Object: 'Object Repository/mobileSanity/STM/Page_App Page 2/a_Continue to Step 3 - Payment' is clicked on

2019-08-19 05:28:45 - [TEST_STEP][PASSED] - waitForPageLoad(20): Wait for page load successfully

2019-08-19 05:28:45 - [MESSAGE][PASSED] - Wait for page load successfully

2019-08-19 05:28:45 - [TEST_STEP][PASSED] - waitForElementVisible(findTestObject("mobileSanity/STM/Page_App Page 3/input__credit-card-cvv"), 20): Object 'Object Repository/mobileSanity/STM/Page_App Page 3/input__credit-card-cvv' is visible

2019-08-19 05:28:46 - [MESSAGE][PASSED] - Object 'Object Repository/mobileSanity/STM/Page_App Page 3/input__credit-card-cvv' is visible

2019-08-19 05:28:46 - [TEST_STEP][PASSED] - Thread.sleep(2000): null

2019-08-19 05:28:48 - [TEST_STEP][PASSED] - callTestCase(findTestCase("mobileWeb/_include/get_screenshot"), [:], STOP_ON_FAILURE): Call Test Case 'Test Cases/mobileWeb/_include/get_screenshot' successfully

2019-08-19 05:28:48 - [TEST_CASE][PASSED] - Test Cases/mobileWeb/_include/get_screenshot: Test Cases/mobileWeb/_include/get_screenshot

2019-08-19 05:28:48 - [TEST_STEP][PASSED] - takeScreenshot(screenPath + i + ".png"): Taking screenshot successfully

2019-08-19 05:28:49 - [MESSAGE][PASSED] - Taking screenshot successfully
[[ATTACHMENT|D:\\Test\\AgileTest\\Reports\\mobileWeb\\stm\\20190819_052650\\../Screenshots/iPhone 6/stm/Salico/20190819_052659/8.png]]

2019-08-19 05:28:49 - [TEST_STEP][PASSED] - (internal.GlobalVariable.i++): null

2019-08-19 05:28:49 - [MESSAGE][PASSED] - Call Test Case 'Test Cases/mobileWeb/_include/get_screenshot' successfully

2019-08-19 05:28:49 - [TEST_STEP][PASSED] - clearText(findTestObject("mobileSanity/STM/Page_App Page 3/input__credit-card-cvv")): Text of object 'Object Repository/mobileSanity/STM/Page_App Page 3/input__credit-card-cvv' is cleared

2019-08-19 05:28:49 - [MESSAGE][PASSED] - Text of object 'Object Repository/mobileSanity/STM/Page_App Page 3/input__credit-card-cvv' is cleared

2019-08-19 05:28:49 - [TEST_STEP][PASSED] - setText(findTestObject("mobileSanity/STM/Page_App Page 3/input__credit-card-cvv"), "123"): Text '123' is set on object 'Object Repository/mobileSanity/STM/Page_App Page 3/input__credit-card-cvv'

2019-08-19 05:28:49 - [MESSAGE][PASSED] - Text '123' is set on object 'Object Repository/mobileSanity/STM/Page_App Page 3/input__credit-card-cvv'

2019-08-19 05:28:49 - [TEST_STEP][PASSED] - click(findTestObject("mobileSanity/STM/Page_App Page 3/label_I Accept Authorization f")): Object: 'Object Repository/mobileSanity/STM/Page_App Page 3/label_I Accept Authorization f' is clicked on

2019-08-19 05:28:49 - [MESSAGE][PASSED] - Object: 'Object Repository/mobileSanity/STM/Page_App Page 3/label_I Accept Authorization f' is clicked on

2019-08-19 05:28:49 - [TEST_STEP][PASSED] - click(findTestObject("mobileSanity/STM/Page_App Page 3/a_Continue to Step 4 - Review")): Object: 'Object Repository/mobileSanity/STM/Page_App Page 3/a_Continue to Step 4 - Review' is clicked on

2019-08-19 05:28:49 - [MESSAGE][PASSED] - Object: 'Object Repository/mobileSanity/STM/Page_App Page 3/a_Continue to Step 4 - Review' is clicked on

2019-08-19 05:28:49 - [TEST_STEP][PASSED] - waitForPageLoad(10): Wait for page load successfully

2019-08-19 05:28:49 - [MESSAGE][PASSED] - Wait for page load successfully

2019-08-19 05:28:49 - [TEST_STEP][PASSED] - waitForElementClickable(findTestObject("mobileSanity/STM/Page_App Page 4/label"), 10): Object 'Object Repository/mobileSanity/STM/Page_App Page 4/label' is clickable

2019-08-19 05:28:50 - [MESSAGE][PASSED] - Object 'Object Repository/mobileSanity/STM/Page_App Page 4/label' is clickable

2019-08-19 05:28:50 - [TEST_STEP][PASSED] - Thread.sleep(2000): null

2019-08-19 05:28:52 - [TEST_STEP][PASSED] - callTestCase(findTestCase("mobileWeb/_include/get_screenshot"), [:], STOP_ON_FAILURE): Call Test Case 'Test Cases/mobileWeb/_include/get_screenshot' successfully

2019-08-19 05:28:52 - [TEST_CASE][PASSED] - Test Cases/mobileWeb/_include/get_screenshot: Test Cases/mobileWeb/_include/get_screenshot

2019-08-19 05:28:52 - [TEST_STEP][PASSED] - takeScreenshot(screenPath + i + ".png"): Taking screenshot successfully

2019-08-19 05:28:53 - [MESSAGE][PASSED] - Taking screenshot successfully
[[ATTACHMENT|D:\\Test\\AgileTest\\Reports\\mobileWeb\\stm\\20190819_052650\\../Screenshots/iPhone 6/stm/Salico/20190819_052659/9.png]]

2019-08-19 05:28:53 - [TEST_STEP][PASSED] - (internal.GlobalVariable.i++): null

2019-08-19 05:28:53 - [MESSAGE][PASSED] - Call Test Case 'Test Cases/mobileWeb/_include/get_screenshot' successfully

2019-08-19 05:28:53 - [TEST_STEP][PASSED] - click(findTestObject("mobileSanity/STM/Page_App Page 4/label")): Object: 'Object Repository/mobileSanity/STM/Page_App Page 4/label' is clicked on

2019-08-19 05:28:53 - [MESSAGE][PASSED] - Object: 'Object Repository/mobileSanity/STM/Page_App Page 4/label' is clicked on

2019-08-19 05:28:53 - [TEST_STEP][FAILED] - click(findTestObject("mobileSanity/STM/Page_App Page 4/div_CLICK TO SIGN")): click(findTestObject("mobileSanity/STM/Page_App Page 4/div_CLICK TO SIGN")) FAILED.
Reason:
com.kms.katalon.core.exception.StepFailedException: Unable to click on object 'Object Repository/mobileSanity/STM/Page_App Page 4/div_CLICK TO SIGN' (Root cause: com.kms.katalon.core.webui.exception.WebElementNotFoundException: Web element with id: 'Object Repository/mobileSanity/STM/Page_App Page 4/div_CLICK TO SIGN' located by 'By.xpath: //div[@id = 'js-signature-tab' and (text() = 'CLICK TO SIGN↓' or . = 'CLICK TO SIGN↓')]' not found)
	at com.kms.katalon.core.keyword.internal.KeywordMain.stepFailed(KeywordMain.groovy:36)
	at com.kms.katalon.core.webui.keyword.internal.WebUIKeywordMain.stepFailed(WebUIKeywordMain.groovy:65)
	at com.kms.katalon.core.webui.keyword.internal.WebUIKeywordMain.runKeyword(WebUIKeywordMain.groovy:27)
	at com.kms.katalon.core.webui.keyword.builtin.ClickKeyword.click(ClickKeyword.groovy:86)
	at com.kms.katalon.core.webui.keyword.builtin.ClickKeyword.execute(ClickKeyword.groovy:67)
	at com.kms.katalon.core.keyword.internal.KeywordExecutor.executeKeywordForPlatform(KeywordExecutor.groovy:53)
	at com.kms.katalon.core.webui.keyword.WebUiBuiltInKeywords.click(WebUiBuiltInKeywords.groovy:616)
	at com.kms.katalon.core.webui.keyword.WebUiBuiltInKeywords$click$3.call(Unknown Source)
	at goToEnd_stm_autofill.run(goToEnd_stm_autofill:89)
	at com.kms.katalon.core.main.ScriptEngine.run(ScriptEngine.java:194)
	at com.kms.katalon.core.main.ScriptEngine.runScriptAsRawText(ScriptEngine.java:119)
	at com.kms.katalon.core.main.TestCaseExecutor.runScript(TestCaseExecutor.java:328)
	at com.kms.katalon.core.main.TestCaseExecutor.doExecute(TestCaseExecutor.java:319)
	at com.kms.katalon.core.main.TestCaseExecutor.processExecutionPhase(TestCaseExecutor.java:298)
	at com.kms.katalon.core.main.TestCaseExecutor.accessMainPhase(TestCaseExecutor.java:290)
	at com.kms.katalon.core.main.TestCaseExecutor.execute(TestCaseExecutor.java:224)
	at com.kms.katalon.core.main.TestCaseMain.runTestCase(TestCaseMain.java:106)
	at com.kms.katalon.core.keyword.builtin.CallTestCaseKeyword$_callTestCase_closure1.doCall(CallTestCaseKeyword.groovy:59)
	at com.kms.katalon.core.keyword.builtin.CallTestCaseKeyword$_callTestCase_closure1.call(CallTestCaseKeyword.groovy)
	at com.kms.katalon.core.keyword.internal.KeywordMain.runKeyword(KeywordMain.groovy:54)
	at com.kms.katalon.core.keyword.builtin.CallTestCaseKeyword.callTestCase(CallTestCaseKeyword.groovy:80)
	at com.kms.katalon.core.keyword.builtin.CallTestCaseKeyword.execute(CallTestCaseKeyword.groovy:44)
	at com.kms.katalon.core.keyword.internal.KeywordExecutor.executeKeywordForPlatform(KeywordExecutor.groovy:53)
	at com.kms.katalon.core.keyword.BuiltinKeywords.callTestCase(BuiltinKeywords.groovy:334)
	at Slaico.run(Slaico:32)
	at com.kms.katalon.core.main.ScriptEngine.run(ScriptEngine.java:194)
	at com.kms.katalon.core.main.ScriptEngine.runScriptAsRawText(ScriptEngine.java:119)
	at com.kms.katalon.core.main.TestCaseExecutor.runScript(TestCaseExecutor.java:328)
	at com.kms.katalon.core.main.TestCaseExecutor.doExecute(TestCaseExecutor.java:319)
	at com.kms.katalon.core.main.TestCaseExecutor.processExecutionPhase(TestCaseExecutor.java:298)
	at com.kms.katalon.core.main.TestCaseExecutor.accessMainPhase(TestCaseExecutor.java:290)
	at com.kms.katalon.core.main.TestCaseExecutor.execute(TestCaseExecutor.java:224)
	at com.kms.katalon.core.main.TestSuiteExecutor.accessTestCaseMainPhase(TestSuiteExecutor.java:129)
	at com.kms.katalon.core.main.TestSuiteExecutor.accessTestSuiteMainPhase(TestSuiteExecutor.java:112)
	at com.kms.katalon.core.main.TestSuiteExecutor.execute(TestSuiteExecutor.java:81)
	at com.kms.katalon.core.main.TestCaseMain.startTestSuite(TestCaseMain.java:149)
	at com.kms.katalon.core.main.TestCaseMain$startTestSuite$0.call(Unknown Source)
	at TempTestSuite1566206810208.run(TempTestSuite1566206810208.groovy:36)


2019-08-19 05:29:15 - [MESSAGE][INFO] - Unable to find the element located by 'By.xpath: //div[@id = 'js-signature-tab' and (text() = 'CLICK TO SIGN↓' or . = 'CLICK TO SIGN↓')]'. Please recheck the objects properties to make sure the desired element is located. 

2019-08-19 05:29:15 - [MESSAGE][FAILED] - Unable to click on object 'Object Repository/mobileSanity/STM/Page_App Page 4/div_CLICK TO SIGN' (Root cause: com.kms.katalon.core.webui.exception.WebElementNotFoundException: Web element with id: 'Object Repository/mobileSanity/STM/Page_App Page 4/div_CLICK TO SIGN' located by 'By.xpath: //div[@id = 'js-signature-tab' and (text() = 'CLICK TO SIGN↓' or . = 'CLICK TO SIGN↓')]' not found)
[[ATTACHMENT|D:\\Test\\AgileTest\\Reports\\mobileWeb\\stm\\20190819_052650\\1566206955039.png]]

2019-08-19 05:29:15 - [MESSAGE][FAILED] - click(findTestObject("mobileSanity/STM/Page_App Page 4/div_CLICK TO SIGN")) FAILED.
Reason:
com.kms.katalon.core.exception.StepFailedException: Unable to click on object 'Object Repository/mobileSanity/STM/Page_App Page 4/div_CLICK TO SIGN' (Root cause: com.kms.katalon.core.webui.exception.WebElementNotFoundException: Web element with id: 'Object Repository/mobileSanity/STM/Page_App Page 4/div_CLICK TO SIGN' located by 'By.xpath: //div[@id = 'js-signature-tab' and (text() = 'CLICK TO SIGN↓' or . = 'CLICK TO SIGN↓')]' not found)
	at com.kms.katalon.core.keyword.internal.KeywordMain.stepFailed(KeywordMain.groovy:36)
	at com.kms.katalon.core.webui.keyword.internal.WebUIKeywordMain.stepFailed(WebUIKeywordMain.groovy:65)
	at com.kms.katalon.core.webui.keyword.internal.WebUIKeywordMain.runKeyword(WebUIKeywordMain.groovy:27)
	at com.kms.katalon.core.webui.keyword.builtin.ClickKeyword.click(ClickKeyword.groovy:86)
	at com.kms.katalon.core.webui.keyword.builtin.ClickKeyword.execute(ClickKeyword.groovy:67)
	at com.kms.katalon.core.keyword.internal.KeywordExecutor.executeKeywordForPlatform(KeywordExecutor.groovy:53)
	at com.kms.katalon.core.webui.keyword.WebUiBuiltInKeywords.click(WebUiBuiltInKeywords.groovy:616)
	at com.kms.katalon.core.webui.keyword.WebUiBuiltInKeywords$click$3.call(Unknown Source)
	at goToEnd_stm_autofill.run(goToEnd_stm_autofill:89)
	at com.kms.katalon.core.main.ScriptEngine.run(ScriptEngine.java:194)
	at com.kms.katalon.core.main.ScriptEngine.runScriptAsRawText(ScriptEngine.java:119)
	at com.kms.katalon.core.main.TestCaseExecutor.runScript(TestCaseExecutor.java:328)
	at com.kms.katalon.core.main.TestCaseExecutor.doExecute(TestCaseExecutor.java:319)
	at com.kms.katalon.core.main.TestCaseExecutor.processExecutionPhase(TestCaseExecutor.java:298)
	at com.kms.katalon.core.main.TestCaseExecutor.accessMainPhase(TestCaseExecutor.java:290)
	at com.kms.katalon.core.main.TestCaseExecutor.execute(TestCaseExecutor.java:224)
	at com.kms.katalon.core.main.TestCaseMain.runTestCase(TestCaseMain.java:106)
	at com.kms.katalon.core.keyword.builtin.CallTestCaseKeyword$_callTestCase_closure1.doCall(CallTestCaseKeyword.groovy:59)
	at com.kms.katalon.core.keyword.builtin.CallTestCaseKeyword$_callTestCase_closure1.call(CallTestCaseKeyword.groovy)
	at com.kms.katalon.core.keyword.internal.KeywordMain.runKeyword(KeywordMain.groovy:54)
	at com.kms.katalon.core.keyword.builtin.CallTestCaseKeyword.callTestCase(CallTestCaseKeyword.groovy:80)
	at com.kms.katalon.core.keyword.builtin.CallTestCaseKeyword.execute(CallTestCaseKeyword.groovy:44)
	at com.kms.katalon.core.keyword.internal.KeywordExecutor.executeKeywordForPlatform(KeywordExecutor.groovy:53)
	at com.kms.katalon.core.keyword.BuiltinKeywords.callTestCase(BuiltinKeywords.groovy:334)
	at Slaico.run(Slaico:32)
	at com.kms.katalon.core.main.ScriptEngine.run(ScriptEngine.java:194)
	at com.kms.katalon.core.main.ScriptEngine.runScriptAsRawText(ScriptEngine.java:119)
	at com.kms.katalon.core.main.TestCaseExecutor.runScript(TestCaseExecutor.java:328)
	at com.kms.katalon.core.main.TestCaseExecutor.doExecute(TestCaseExecutor.java:319)
	at com.kms.katalon.core.main.TestCaseExecutor.processExecutionPhase(TestCaseExecutor.java:298)
	at com.kms.katalon.core.main.TestCaseExecutor.accessMainPhase(TestCaseExecutor.java:290)
	at com.kms.katalon.core.main.TestCaseExecutor.execute(TestCaseExecutor.java:224)
	at com.kms.katalon.core.main.TestSuiteExecutor.accessTestCaseMainPhase(TestSuiteExecutor.java:129)
	at com.kms.katalon.core.main.TestSuiteExecutor.accessTestSuiteMainPhase(TestSuiteExecutor.java:112)
	at com.kms.katalon.core.main.TestSuiteExecutor.execute(TestSuiteExecutor.java:81)
	at com.kms.katalon.core.main.TestCaseMain.startTestSuite(TestCaseMain.java:149)
	at com.kms.katalon.core.main.TestCaseMain$startTestSuite$0.call(Unknown Source)
	at TempTestSuite1566206810208.run(TempTestSuite1566206810208.groovy:36)


2019-08-19 05:29:15 - [MESSAGE][FAILED] - Unable to call Test Case 'Test Cases/mobileWeb/_include/goToEnd_stm_autofill' (Root cause: com.kms.katalon.core.exception.StepFailedException: Call Test Case 'Test Cases/mobileWeb/_include/goToEnd_stm_autofill' failed)

2019-08-19 05:29:15 - [MESSAGE][FAILED] - callTestCase(findTestCase("mobileWeb/_include/goToEnd_stm_autofill"), [:], STOP_ON_FAILURE) FAILED.
Reason:
com.kms.katalon.core.exception.StepFailedException: Unable to click on object 'Object Repository/mobileSanity/STM/Page_App Page 4/div_CLICK TO SIGN' (Root cause: com.kms.katalon.core.webui.exception.WebElementNotFoundException: Web element with id: 'Object Repository/mobileSanity/STM/Page_App Page 4/div_CLICK TO SIGN' located by 'By.xpath: //div[@id = 'js-signature-tab' and (text() = 'CLICK TO SIGN↓' or . = 'CLICK TO SIGN↓')]' not found)
	at com.kms.katalon.core.keyword.internal.KeywordMain.stepFailed(KeywordMain.groovy:36)
	at com.kms.katalon.core.webui.keyword.internal.WebUIKeywordMain.stepFailed(WebUIKeywordMain.groovy:65)
	at com.kms.katalon.core.webui.keyword.internal.WebUIKeywordMain.runKeyword(WebUIKeywordMain.groovy:27)
	at com.kms.katalon.core.webui.keyword.builtin.ClickKeyword.click(ClickKeyword.groovy:86)
	at com.kms.katalon.core.webui.keyword.builtin.ClickKeyword.execute(ClickKeyword.groovy:67)
	at com.kms.katalon.core.keyword.internal.KeywordExecutor.executeKeywordForPlatform(KeywordExecutor.groovy:53)
	at com.kms.katalon.core.webui.keyword.WebUiBuiltInKeywords.click(WebUiBuiltInKeywords.groovy:616)
	at com.kms.katalon.core.webui.keyword.WebUiBuiltInKeywords$click$3.call(Unknown Source)
	at goToEnd_stm_autofill.run(goToEnd_stm_autofill:89)
	at com.kms.katalon.core.main.ScriptEngine.run(ScriptEngine.java:194)
	at com.kms.katalon.core.main.ScriptEngine.runScriptAsRawText(ScriptEngine.java:119)
	at com.kms.katalon.core.main.TestCaseExecutor.runScript(TestCaseExecutor.java:328)
	at com.kms.katalon.core.main.TestCaseExecutor.doExecute(TestCaseExecutor.java:319)
	at com.kms.katalon.core.main.TestCaseExecutor.processExecutionPhase(TestCaseExecutor.java:298)
	at com.kms.katalon.core.main.TestCaseExecutor.accessMainPhase(TestCaseExecutor.java:290)
	at com.kms.katalon.core.main.TestCaseExecutor.execute(TestCaseExecutor.java:224)
	at com.kms.katalon.core.main.TestCaseMain.runTestCase(TestCaseMain.java:106)
	at com.kms.katalon.core.keyword.builtin.CallTestCaseKeyword$_callTestCase_closure1.doCall(CallTestCaseKeyword.groovy:59)
	at com.kms.katalon.core.keyword.builtin.CallTestCaseKeyword$_callTestCase_closure1.call(CallTestCaseKeyword.groovy)
	at com.kms.katalon.core.keyword.internal.KeywordMain.runKeyword(KeywordMain.groovy:54)
	at com.kms.katalon.core.keyword.builtin.CallTestCaseKeyword.callTestCase(CallTestCaseKeyword.groovy:80)
	at com.kms.katalon.core.keyword.builtin.CallTestCaseKeyword.execute(CallTestCaseKeyword.groovy:44)
	at com.kms.katalon.core.keyword.internal.KeywordExecutor.executeKeywordForPlatform(KeywordExecutor.groovy:53)
	at com.kms.katalon.core.keyword.BuiltinKeywords.callTestCase(BuiltinKeywords.groovy:334)
	at Slaico.run(Slaico:32)
	at com.kms.katalon.core.main.ScriptEngine.run(ScriptEngine.java:194)
	at com.kms.katalon.core.main.ScriptEngine.runScriptAsRawText(ScriptEngine.java:119)
	at com.kms.katalon.core.main.TestCaseExecutor.runScript(TestCaseExecutor.java:328)
	at com.kms.katalon.core.main.TestCaseExecutor.doExecute(TestCaseExecutor.java:319)
	at com.kms.katalon.core.main.TestCaseExecutor.processExecutionPhase(TestCaseExecutor.java:298)
	at com.kms.katalon.core.main.TestCaseExecutor.accessMainPhase(TestCaseExecutor.java:290)
	at com.kms.katalon.core.main.TestCaseExecutor.execute(TestCaseExecutor.java:224)
	at com.kms.katalon.core.main.TestSuiteExecutor.accessTestCaseMainPhase(TestSuiteExecutor.java:129)
	at com.kms.katalon.core.main.TestSuiteExecutor.accessTestSuiteMainPhase(TestSuiteExecutor.java:112)
	at com.kms.katalon.core.main.TestSuiteExecutor.execute(TestSuiteExecutor.java:81)
	at com.kms.katalon.core.main.TestCaseMain.startTestSuite(TestCaseMain.java:149)
	at com.kms.katalon.core.main.TestCaseMain$startTestSuite$0.call(Unknown Source)
	at TempTestSuite1566206810208.run(TempTestSuite1566206810208.groovy:36)]]></system-out>
         <system-err><![CDATA[2019-08-19 05:26:55 - [TEST_CASE][FAILED] - Test Cases/mobileWeb/stm/Slaico: Test Cases/mobileWeb/stm/Slaico FAILED.
Reason:
com.kms.katalon.core.exception.StepFailedException: Unable to click on object 'Object Repository/mobileSanity/STM/Page_App Page 4/div_CLICK TO SIGN' (Root cause: com.kms.katalon.core.webui.exception.WebElementNotFoundException: Web element with id: 'Object Repository/mobileSanity/STM/Page_App Page 4/div_CLICK TO SIGN' located by 'By.xpath: //div[@id = 'js-signature-tab' and (text() = 'CLICK TO SIGN↓' or . = 'CLICK TO SIGN↓')]' not found)
	at com.kms.katalon.core.keyword.internal.KeywordMain.stepFailed(KeywordMain.groovy:36)
	at com.kms.katalon.core.webui.keyword.internal.WebUIKeywordMain.stepFailed(WebUIKeywordMain.groovy:65)
	at com.kms.katalon.core.webui.keyword.internal.WebUIKeywordMain.runKeyword(WebUIKeywordMain.groovy:27)
	at com.kms.katalon.core.webui.keyword.builtin.ClickKeyword.click(ClickKeyword.groovy:86)
	at com.kms.katalon.core.webui.keyword.builtin.ClickKeyword.execute(ClickKeyword.groovy:67)
	at com.kms.katalon.core.keyword.internal.KeywordExecutor.executeKeywordForPlatform(KeywordExecutor.groovy:53)
	at com.kms.katalon.core.webui.keyword.WebUiBuiltInKeywords.click(WebUiBuiltInKeywords.groovy:616)
	at com.kms.katalon.core.webui.keyword.WebUiBuiltInKeywords$click$3.call(Unknown Source)
	at goToEnd_stm_autofill.run(goToEnd_stm_autofill:89)
	at com.kms.katalon.core.main.ScriptEngine.run(ScriptEngine.java:194)
	at com.kms.katalon.core.main.ScriptEngine.runScriptAsRawText(ScriptEngine.java:119)
	at com.kms.katalon.core.main.TestCaseExecutor.runScript(TestCaseExecutor.java:328)
	at com.kms.katalon.core.main.TestCaseExecutor.doExecute(TestCaseExecutor.java:319)
	at com.kms.katalon.core.main.TestCaseExecutor.processExecutionPhase(TestCaseExecutor.java:298)
	at com.kms.katalon.core.main.TestCaseExecutor.accessMainPhase(TestCaseExecutor.java:290)
	at com.kms.katalon.core.main.TestCaseExecutor.execute(TestCaseExecutor.java:224)
	at com.kms.katalon.core.main.TestCaseMain.runTestCase(TestCaseMain.java:106)
	at com.kms.katalon.core.keyword.builtin.CallTestCaseKeyword$_callTestCase_closure1.doCall(CallTestCaseKeyword.groovy:59)
	at com.kms.katalon.core.keyword.builtin.CallTestCaseKeyword$_callTestCase_closure1.call(CallTestCaseKeyword.groovy)
	at com.kms.katalon.core.keyword.internal.KeywordMain.runKeyword(KeywordMain.groovy:54)
	at com.kms.katalon.core.keyword.builtin.CallTestCaseKeyword.callTestCase(CallTestCaseKeyword.groovy:80)
	at com.kms.katalon.core.keyword.builtin.CallTestCaseKeyword.execute(CallTestCaseKeyword.groovy:44)
	at com.kms.katalon.core.keyword.internal.KeywordExecutor.executeKeywordForPlatform(KeywordExecutor.groovy:53)
	at com.kms.katalon.core.keyword.BuiltinKeywords.callTestCase(BuiltinKeywords.groovy:334)
	at Slaico.run(Slaico:32)
	at com.kms.katalon.core.main.ScriptEngine.run(ScriptEngine.java:194)
	at com.kms.katalon.core.main.ScriptEngine.runScriptAsRawText(ScriptEngine.java:119)
	at com.kms.katalon.core.main.TestCaseExecutor.runScript(TestCaseExecutor.java:328)
	at com.kms.katalon.core.main.TestCaseExecutor.doExecute(TestCaseExecutor.java:319)
	at com.kms.katalon.core.main.TestCaseExecutor.processExecutionPhase(TestCaseExecutor.java:298)
	at com.kms.katalon.core.main.TestCaseExecutor.accessMainPhase(TestCaseExecutor.java:290)
	at com.kms.katalon.core.main.TestCaseExecutor.execute(TestCaseExecutor.java:224)
	at com.kms.katalon.core.main.TestSuiteExecutor.accessTestCaseMainPhase(TestSuiteExecutor.java:129)
	at com.kms.katalon.core.main.TestSuiteExecutor.accessTestSuiteMainPhase(TestSuiteExecutor.java:112)
	at com.kms.katalon.core.main.TestSuiteExecutor.execute(TestSuiteExecutor.java:81)
	at com.kms.katalon.core.main.TestCaseMain.startTestSuite(TestCaseMain.java:149)
	at com.kms.katalon.core.main.TestCaseMain$startTestSuite$0.call(Unknown Source)
	at TempTestSuite1566206810208.run(TempTestSuite1566206810208.groovy:36)]]></system-err>
      </testcase>
      <testcase name="Test Cases/mobileWeb/stm/AdvantHealth" classname="Test Cases/mobileWeb/stm/AdvantHealth" status="FAILED">
         <failure type="FAILED" message="Test Cases/mobileWeb/stm/AdvantHealth FAILED.
Reason:
com.kms.katalon.core.exception.StepFailedException: Unable to click on object 'Object Repository/mobileSanity/STM/Page_App Page 4/div_CLICK TO SIGN' (Root cause: com.kms.katalon.core.webui.exception.WebElementNotFoundException: Web element with id: 'Object Repository/mobileSanity/STM/Page_App Page 4/div_CLICK TO SIGN' located by 'By.xpath: //div[@id = 'js-signature-tab' and (text() = 'CLICK TO SIGN↓' or . = 'CLICK TO SIGN↓')]' not found)
	at com.kms.katalon.core.keyword.internal.KeywordMain.stepFailed(KeywordMain.groovy:36)
	at com.kms.katalon.core.webui.keyword.internal.WebUIKeywordMain.stepFailed(WebUIKeywordMain.groovy:65)
	at com.kms.katalon.core.webui.keyword.internal.WebUIKeywordMain.runKeyword(WebUIKeywordMain.groovy:27)
	at com.kms.katalon.core.webui.keyword.builtin.ClickKeyword.click(ClickKeyword.groovy:86)
	at com.kms.katalon.core.webui.keyword.builtin.ClickKeyword.execute(ClickKeyword.groovy:67)
	at com.kms.katalon.core.keyword.internal.KeywordExecutor.executeKeywordForPlatform(KeywordExecutor.groovy:53)
	at com.kms.katalon.core.webui.keyword.WebUiBuiltInKeywords.click(WebUiBuiltInKeywords.groovy:616)
	at com.kms.katalon.core.webui.keyword.WebUiBuiltInKeywords$click$3.call(Unknown Source)
	at goToEnd_stm_autofill.run(goToEnd_stm_autofill:89)
	at com.kms.katalon.core.main.ScriptEngine.run(ScriptEngine.java:194)
	at com.kms.katalon.core.main.ScriptEngine.runScriptAsRawText(ScriptEngine.java:119)
	at com.kms.katalon.core.main.TestCaseExecutor.runScript(TestCaseExecutor.java:328)
	at com.kms.katalon.core.main.TestCaseExecutor.doExecute(TestCaseExecutor.java:319)
	at com.kms.katalon.core.main.TestCaseExecutor.processExecutionPhase(TestCaseExecutor.java:298)
	at com.kms.katalon.core.main.TestCaseExecutor.accessMainPhase(TestCaseExecutor.java:290)
	at com.kms.katalon.core.main.TestCaseExecutor.execute(TestCaseExecutor.java:224)
	at com.kms.katalon.core.main.TestCaseMain.runTestCase(TestCaseMain.java:106)
	at com.kms.katalon.core.keyword.builtin.CallTestCaseKeyword$_callTestCase_closure1.doCall(CallTestCaseKeyword.groovy:59)
	at com.kms.katalon.core.keyword.builtin.CallTestCaseKeyword$_callTestCase_closure1.call(CallTestCaseKeyword.groovy)
	at com.kms.katalon.core.keyword.internal.KeywordMain.runKeyword(KeywordMain.groovy:54)
	at com.kms.katalon.core.keyword.builtin.CallTestCaseKeyword.callTestCase(CallTestCaseKeyword.groovy:80)
	at com.kms.katalon.core.keyword.builtin.CallTestCaseKeyword.execute(CallTestCaseKeyword.groovy:44)
	at com.kms.katalon.core.keyword.internal.KeywordExecutor.executeKeywordForPlatform(KeywordExecutor.groovy:53)
	at com.kms.katalon.core.keyword.BuiltinKeywords.callTestCase(BuiltinKeywords.groovy:334)
	at AdvantHealth.run(AdvantHealth:35)
	at com.kms.katalon.core.main.ScriptEngine.run(ScriptEngine.java:194)
	at com.kms.katalon.core.main.ScriptEngine.runScriptAsRawText(ScriptEngine.java:119)
	at com.kms.katalon.core.main.TestCaseExecutor.runScript(TestCaseExecutor.java:328)
	at com.kms.katalon.core.main.TestCaseExecutor.doExecute(TestCaseExecutor.java:319)
	at com.kms.katalon.core.main.TestCaseExecutor.processExecutionPhase(TestCaseExecutor.java:298)
	at com.kms.katalon.core.main.TestCaseExecutor.accessMainPhase(TestCaseExecutor.java:290)
	at com.kms.katalon.core.main.TestCaseExecutor.execute(TestCaseExecutor.java:224)
	at com.kms.katalon.core.main.TestSuiteExecutor.accessTestCaseMainPhase(TestSuiteExecutor.java:129)
	at com.kms.katalon.core.main.TestSuiteExecutor.accessTestSuiteMainPhase(TestSuiteExecutor.java:112)
	at com.kms.katalon.core.main.TestSuiteExecutor.execute(TestSuiteExecutor.java:81)
	at com.kms.katalon.core.main.TestCaseMain.startTestSuite(TestCaseMain.java:149)
	at com.kms.katalon.core.main.TestCaseMain$startTestSuite$0.call(Unknown Source)
	at TempTestSuite1566206810208.run(TempTestSuite1566206810208.groovy:36)
"/>
         <system-out><![CDATA[2019-08-19 05:29:15 - [TEST_CASE][FAILED] - Test Cases/mobileWeb/stm/AdvantHealth: Test Cases/mobileWeb/stm/AdvantHealth FAILED.
Reason:
com.kms.katalon.core.exception.StepFailedException: Unable to click on object 'Object Repository/mobileSanity/STM/Page_App Page 4/div_CLICK TO SIGN' (Root cause: com.kms.katalon.core.webui.exception.WebElementNotFoundException: Web element with id: 'Object Repository/mobileSanity/STM/Page_App Page 4/div_CLICK TO SIGN' located by 'By.xpath: //div[@id = 'js-signature-tab' and (text() = 'CLICK TO SIGN↓' or . = 'CLICK TO SIGN↓')]' not found)
	at com.kms.katalon.core.keyword.internal.KeywordMain.stepFailed(KeywordMain.groovy:36)
	at com.kms.katalon.core.webui.keyword.internal.WebUIKeywordMain.stepFailed(WebUIKeywordMain.groovy:65)
	at com.kms.katalon.core.webui.keyword.internal.WebUIKeywordMain.runKeyword(WebUIKeywordMain.groovy:27)
	at com.kms.katalon.core.webui.keyword.builtin.ClickKeyword.click(ClickKeyword.groovy:86)
	at com.kms.katalon.core.webui.keyword.builtin.ClickKeyword.execute(ClickKeyword.groovy:67)
	at com.kms.katalon.core.keyword.internal.KeywordExecutor.executeKeywordForPlatform(KeywordExecutor.groovy:53)
	at com.kms.katalon.core.webui.keyword.WebUiBuiltInKeywords.click(WebUiBuiltInKeywords.groovy:616)
	at com.kms.katalon.core.webui.keyword.WebUiBuiltInKeywords$click$3.call(Unknown Source)
	at goToEnd_stm_autofill.run(goToEnd_stm_autofill:89)
	at com.kms.katalon.core.main.ScriptEngine.run(ScriptEngine.java:194)
	at com.kms.katalon.core.main.ScriptEngine.runScriptAsRawText(ScriptEngine.java:119)
	at com.kms.katalon.core.main.TestCaseExecutor.runScript(TestCaseExecutor.java:328)
	at com.kms.katalon.core.main.TestCaseExecutor.doExecute(TestCaseExecutor.java:319)
	at com.kms.katalon.core.main.TestCaseExecutor.processExecutionPhase(TestCaseExecutor.java:298)
	at com.kms.katalon.core.main.TestCaseExecutor.accessMainPhase(TestCaseExecutor.java:290)
	at com.kms.katalon.core.main.TestCaseExecutor.execute(TestCaseExecutor.java:224)
	at com.kms.katalon.core.main.TestCaseMain.runTestCase(TestCaseMain.java:106)
	at com.kms.katalon.core.keyword.builtin.CallTestCaseKeyword$_callTestCase_closure1.doCall(CallTestCaseKeyword.groovy:59)
	at com.kms.katalon.core.keyword.builtin.CallTestCaseKeyword$_callTestCase_closure1.call(CallTestCaseKeyword.groovy)
	at com.kms.katalon.core.keyword.internal.KeywordMain.runKeyword(KeywordMain.groovy:54)
	at com.kms.katalon.core.keyword.builtin.CallTestCaseKeyword.callTestCase(CallTestCaseKeyword.groovy:80)
	at com.kms.katalon.core.keyword.builtin.CallTestCaseKeyword.execute(CallTestCaseKeyword.groovy:44)
	at com.kms.katalon.core.keyword.internal.KeywordExecutor.executeKeywordForPlatform(KeywordExecutor.groovy:53)
	at com.kms.katalon.core.keyword.BuiltinKeywords.callTestCase(BuiltinKeywords.groovy:334)
	at AdvantHealth.run(AdvantHealth:35)
	at com.kms.katalon.core.main.ScriptEngine.run(ScriptEngine.java:194)
	at com.kms.katalon.core.main.ScriptEngine.runScriptAsRawText(ScriptEngine.java:119)
	at com.kms.katalon.core.main.TestCaseExecutor.runScript(TestCaseExecutor.java:328)
	at com.kms.katalon.core.main.TestCaseExecutor.doExecute(TestCaseExecutor.java:319)
	at com.kms.katalon.core.main.TestCaseExecutor.processExecutionPhase(TestCaseExecutor.java:298)
	at com.kms.katalon.core.main.TestCaseExecutor.accessMainPhase(TestCaseExecutor.java:290)
	at com.kms.katalon.core.main.TestCaseExecutor.execute(TestCaseExecutor.java:224)
	at com.kms.katalon.core.main.TestSuiteExecutor.accessTestCaseMainPhase(TestSuiteExecutor.java:129)
	at com.kms.katalon.core.main.TestSuiteExecutor.accessTestSuiteMainPhase(TestSuiteExecutor.java:112)
	at com.kms.katalon.core.main.TestSuiteExecutor.execute(TestSuiteExecutor.java:81)
	at com.kms.katalon.core.main.TestCaseMain.startTestSuite(TestCaseMain.java:149)
	at com.kms.katalon.core.main.TestCaseMain$startTestSuite$0.call(Unknown Source)
	at TempTestSuite1566206810208.run(TempTestSuite1566206810208.groovy:36)


2019-08-19 05:29:15 - [TEST_STEP][PASSED] - callTestCase(findTestCase("mobileWeb/_include/get_screenPath"), ["productLine":"stm", "carrierName":"AdvantHealth"], CONTINUE_ON_FAILURE): Call Test Case 'Test Cases/mobileWeb/_include/get_screenPath' successfully

2019-08-19 05:29:15 - [TEST_CASE][PASSED] - Test Cases/mobileWeb/_include/get_screenPath: Test Cases/mobileWeb/_include/get_screenPath

2019-08-19 05:29:15 - [TEST_STEP][PASSED] - m = getExecutionProperties(): null

2019-08-19 05:29:15 - [TEST_STEP][PASSED] - deviceName = get("mobileEmulation").get("deviceName"): null

2019-08-19 05:29:15 - [TEST_STEP][PASSED] - println(deviceName): null

2019-08-19 05:29:15 - [TEST_STEP][PASSED] - now = new java.util.Date(): null

2019-08-19 05:29:15 - [TEST_STEP][PASSED] - mydate = now.format("yyyyMMdd_HHmmss"): null

2019-08-19 05:29:15 - [TEST_STEP][PASSED] - screenPath = "../Screenshots/": null

2019-08-19 05:29:15 - [TEST_STEP][PASSED] - screenPath = screenPath + deviceName + "/" + productLine + "/" + carrierName + "/" + mydate + "/": null

2019-08-19 05:29:15 - [TEST_STEP][PASSED] - println(screenPath): null

2019-08-19 05:29:15 - [MESSAGE][PASSED] - Call Test Case 'Test Cases/mobileWeb/_include/get_screenPath' successfully

2019-08-19 05:29:15 - [TEST_STEP][PASSED] - i = 0: null

2019-08-19 05:29:15 - [TEST_STEP][PASSED] - callTestCase(findTestCase("mobileWeb/_include/openWebSite"), [:], CONTINUE_ON_FAILURE): Call Test Case 'Test Cases/mobileWeb/_include/openWebSite' successfully

2019-08-19 05:29:16 - [TEST_CASE][PASSED] - Test Cases/mobileWeb/_include/openWebSite: Test Cases/mobileWeb/_include/openWebSite

2019-08-19 05:29:16 - [TEST_STEP][PASSED] - openBrowser(env): Browser is opened with url: 'https://praetemptatus.agilehealthinsurance.com'

2019-08-19 05:29:16 - [MESSAGE][WARNING] - A browser is already opened. Closing browser and opening a new one

2019-08-19 05:29:18 - [MESSAGE][INFO] - Starting 'Chrome' driver

2019-08-19 05:29:18 - [MESSAGE][INFO] - User set preference: ['mobileEmulation', '{deviceName=iPhone 6}']

2019-08-19 05:29:18 - [MESSAGE][INFO] - User set preference: ['args', '[--incognito, --aggressive-cache-discard, --window-size=375,677, --no-sandbox]']

2019-08-19 05:29:21 - [MESSAGE][PASSED] - Browser is opened with url: 'https://praetemptatus.agilehealthinsurance.com'

2019-08-19 05:29:21 - [TEST_STEP][PASSED] - waitForPageLoad(20): Wait for page load successfully

2019-08-19 05:29:21 - [MESSAGE][PASSED] - Wait for page load successfully

2019-08-19 05:29:21 - [TEST_STEP][PASSED] - callTestCase(findTestCase("mobileWeb/_include/get_screenshot"), [:], STOP_ON_FAILURE): Call Test Case 'Test Cases/mobileWeb/_include/get_screenshot' successfully

2019-08-19 05:29:21 - [TEST_CASE][PASSED] - Test Cases/mobileWeb/_include/get_screenshot: Test Cases/mobileWeb/_include/get_screenshot

2019-08-19 05:29:21 - [TEST_STEP][PASSED] - takeScreenshot(screenPath + i + ".png"): Taking screenshot successfully

2019-08-19 05:29:25 - [MESSAGE][PASSED] - Taking screenshot successfully
[[ATTACHMENT|D:\\Test\\AgileTest\\Reports\\mobileWeb\\stm\\20190819_052650\\../Screenshots/iPhone 6/stm/AdvantHealth/20190819_052915/0.png]]

2019-08-19 05:29:25 - [TEST_STEP][PASSED] - (internal.GlobalVariable.i++): null

2019-08-19 05:29:25 - [MESSAGE][PASSED] - Call Test Case 'Test Cases/mobileWeb/_include/get_screenshot' successfully

2019-08-19 05:29:25 - [MESSAGE][PASSED] - Call Test Case 'Test Cases/mobileWeb/_include/openWebSite' successfully

2019-08-19 05:29:25 - [TEST_STEP][PASSED] - callTestCase(findTestCase("mobileWeb/_include/census_stm"), ["zipcode":"35215"], STOP_ON_FAILURE): Call Test Case 'Test Cases/mobileWeb/_include/census_stm' successfully

2019-08-19 05:29:25 - [TEST_CASE][PASSED] - Test Cases/mobileWeb/_include/census_stm: Test Cases/mobileWeb/_include/census_stm

2019-08-19 05:29:25 - [TEST_STEP][PASSED] - waitForElementClickable(findTestObject("mobileSanity/STM/Home Page/a_Quote  Save Today"), 10): Object 'Object Repository/mobileSanity/STM/Home Page/a_Quote  Save Today' is clickable

2019-08-19 05:29:25 - [MESSAGE][PASSED] - Object 'Object Repository/mobileSanity/STM/Home Page/a_Quote  Save Today' is clickable

2019-08-19 05:29:25 - [TEST_STEP][PASSED] - click(findTestObject("mobileSanity/STM/Home Page/a_Quote  Save Today")): Object: 'Object Repository/mobileSanity/STM/Home Page/a_Quote  Save Today' is clicked on

2019-08-19 05:29:26 - [MESSAGE][PASSED] - Object: 'Object Repository/mobileSanity/STM/Home Page/a_Quote  Save Today' is clicked on

2019-08-19 05:29:26 - [TEST_STEP][PASSED] - waitForPageLoad(10): Wait for page load successfully

2019-08-19 05:29:27 - [MESSAGE][PASSED] - Wait for page load successfully

2019-08-19 05:29:27 - [TEST_STEP][PASSED] - callTestCase(findTestCase("mobileWeb/_include/get_screenshot"), [:], STOP_ON_FAILURE): Call Test Case 'Test Cases/mobileWeb/_include/get_screenshot' successfully

2019-08-19 05:29:27 - [TEST_CASE][PASSED] - Test Cases/mobileWeb/_include/get_screenshot: Test Cases/mobileWeb/_include/get_screenshot

2019-08-19 05:29:27 - [TEST_STEP][PASSED] - takeScreenshot(screenPath + i + ".png"): Taking screenshot successfully

2019-08-19 05:29:28 - [MESSAGE][PASSED] - Taking screenshot successfully
[[ATTACHMENT|D:\\Test\\AgileTest\\Reports\\mobileWeb\\stm\\20190819_052650\\../Screenshots/iPhone 6/stm/AdvantHealth/20190819_052915/1.png]]

2019-08-19 05:29:28 - [TEST_STEP][PASSED] - (internal.GlobalVariable.i++): null

2019-08-19 05:29:28 - [MESSAGE][PASSED] - Call Test Case 'Test Cases/mobileWeb/_include/get_screenshot' successfully

2019-08-19 05:29:28 - [TEST_STEP][PASSED] - setText(findTestObject("mobileSanity/STM/STM Census Page/input_Location_zip-input"), zipcode): Text '35215' is set on object 'Object Repository/mobileSanity/STM/STM Census Page/input_Location_zip-input'

2019-08-19 05:29:28 - [MESSAGE][PASSED] - Text '35215' is set on object 'Object Repository/mobileSanity/STM/STM Census Page/input_Location_zip-input'

2019-08-19 05:29:28 - [TEST_STEP][PASSED] - Thread.sleep(500): null

2019-08-19 05:29:29 - [TEST_STEP][PASSED] - setText(findTestObject("mobileSanity/STM/STM Census Page/input_Date of Birth_dob-0"), "03031987"): Text '03031987' is set on object 'Object Repository/mobileSanity/STM/STM Census Page/input_Date of Birth_dob-0'

2019-08-19 05:29:31 - [MESSAGE][PASSED] - Text '03031987' is set on object 'Object Repository/mobileSanity/STM/STM Census Page/input_Date of Birth_dob-0'

2019-08-19 05:29:31 - [TEST_STEP][PASSED] - click(findTestObject("mobileSanity/STM/STM Census Page/label_Male")): Object: 'Object Repository/mobileSanity/STM/STM Census Page/label_Male' is clicked on

2019-08-19 05:29:32 - [MESSAGE][PASSED] - Object: 'Object Repository/mobileSanity/STM/STM Census Page/label_Male' is clicked on

2019-08-19 05:29:32 - [TEST_STEP][PASSED] - click(findTestObject("mobileSanity/STM/STM Census Page/label_Compare Plans")): Object: 'Object Repository/mobileSanity/STM/STM Census Page/label_Compare Plans' is clicked on

2019-08-19 05:29:34 - [MESSAGE][PASSED] - Object: 'Object Repository/mobileSanity/STM/STM Census Page/label_Compare Plans' is clicked on

2019-08-19 05:29:34 - [TEST_STEP][PASSED] - waitForElementVisible(findTestObject("mobileSanity/STM/STM Quote Page/button_sort"), 20): Object 'Object Repository/mobileSanity/STM/STM Quote Page/button_sort' is visible

2019-08-19 05:29:35 - [MESSAGE][PASSED] - Object 'Object Repository/mobileSanity/STM/STM Quote Page/button_sort' is visible

2019-08-19 05:29:35 - [TEST_STEP][PASSED] - Thread.sleep(3000): null

2019-08-19 05:29:38 - [TEST_STEP][PASSED] - callTestCase(findTestCase("mobileWeb/_include/get_screenshot"), [:], STOP_ON_FAILURE): Call Test Case 'Test Cases/mobileWeb/_include/get_screenshot' successfully

2019-08-19 05:29:38 - [TEST_CASE][PASSED] - Test Cases/mobileWeb/_include/get_screenshot: Test Cases/mobileWeb/_include/get_screenshot

2019-08-19 05:29:38 - [TEST_STEP][PASSED] - takeScreenshot(screenPath + i + ".png"): Taking screenshot successfully

2019-08-19 05:29:39 - [MESSAGE][PASSED] - Taking screenshot successfully
[[ATTACHMENT|D:\\Test\\AgileTest\\Reports\\mobileWeb\\stm\\20190819_052650\\../Screenshots/iPhone 6/stm/AdvantHealth/20190819_052915/2.png]]

2019-08-19 05:29:39 - [TEST_STEP][PASSED] - (internal.GlobalVariable.i++): null

2019-08-19 05:29:39 - [MESSAGE][PASSED] - Call Test Case 'Test Cases/mobileWeb/_include/get_screenshot' successfully

2019-08-19 05:29:39 - [TEST_STEP][PASSED] - Thread.sleep(1000): null

2019-08-19 05:29:40 - [MESSAGE][PASSED] - Call Test Case 'Test Cases/mobileWeb/_include/census_stm' successfully

2019-08-19 05:29:40 - [TEST_STEP][PASSED] - callTestCase(findTestCase("mobileWeb/_include/filter_stm"), ["carrier":"advanthealth"], STOP_ON_FAILURE): Call Test Case 'Test Cases/mobileWeb/_include/filter_stm' successfully

2019-08-19 05:29:40 - [TEST_CASE][PASSED] - Test Cases/mobileWeb/_include/filter_stm: Test Cases/mobileWeb/_include/filter_stm

2019-08-19 05:29:40 - [TEST_STEP][PASSED] - driver = getWebDriver(): null

2019-08-19 05:29:40 - [TEST_STEP][PASSED] - selenium = new com.thoughtworks.selenium.webdriven.WebDriverBackedSelenium(driver, internal.GlobalVariable.ENV): null

2019-08-19 05:29:40 - [TEST_STEP][PASSED] - Thread.sleep(1000): null

2019-08-19 05:29:41 - [TEST_STEP][PASSED] - click(findTestObject("mobileSanity/STM/STM Quote Page/button_filters")): Object: 'Object Repository/mobileSanity/STM/STM Quote Page/button_filters' is clicked on

2019-08-19 05:29:42 - [MESSAGE][PASSED] - Object: 'Object Repository/mobileSanity/STM/STM Quote Page/button_filters' is clicked on

2019-08-19 05:29:42 - [TEST_STEP][PASSED] - Thread.sleep(1000): null

2019-08-19 05:29:43 - [TEST_STEP][PASSED] - click(findTestObject("mobileSanity/STM/STM Quote Page/i_Insurance company")): Object: 'Object Repository/mobileSanity/STM/STM Quote Page/i_Insurance company' is clicked on

2019-08-19 05:29:44 - [MESSAGE][PASSED] - Object: 'Object Repository/mobileSanity/STM/STM Quote Page/i_Insurance company' is clicked on

2019-08-19 05:29:44 - [TEST_STEP][PASSED] - Thread.sleep(1000): null

2019-08-19 05:29:45 - [TEST_STEP][PASSED] - filter_carrier = "//input[@name='filter[carrier]' and @value='" + carrier + "']/following::label": null

2019-08-19 05:29:45 - [TEST_STEP][PASSED] - println(filter_carrier): null

2019-08-19 05:29:45 - [TEST_STEP][PASSED] - test.MobileKeywords.clickJS_ByXpath(filter_carrier): test.MobileKeywords.clickJS_ByXpath is PASSED

2019-08-19 05:29:45 - [MESSAGE][PASSED] - Execute JavaScript 'arguments[0].click()' successfully

2019-08-19 05:29:45 - [MESSAGE][PASSED] - test.MobileKeywords.clickJS_ByXpath is PASSED

2019-08-19 05:29:45 - [TEST_STEP][PASSED] - Thread.sleep(1000): null

2019-08-19 05:29:46 - [TEST_STEP][PASSED] - scrollToElement(findTestObject("mobileSanity/STM/STM Quote Page/a_Show Plans"), 1000): Scroll to object 'Object Repository/mobileSanity/STM/STM Quote Page/a_Show Plans' successfully

2019-08-19 05:29:46 - [MESSAGE][PASSED] - Scroll to object 'Object Repository/mobileSanity/STM/STM Quote Page/a_Show Plans' successfully

2019-08-19 05:29:46 - [TEST_STEP][PASSED] - click(findTestObject("mobileSanity/STM/STM Quote Page/a_Show Plans")): Object: 'Object Repository/mobileSanity/STM/STM Quote Page/a_Show Plans' is clicked on

2019-08-19 05:29:47 - [MESSAGE][PASSED] - Object: 'Object Repository/mobileSanity/STM/STM Quote Page/a_Show Plans' is clicked on

2019-08-19 05:29:47 - [TEST_STEP][PASSED] - waitForJQueryLoad(10, STOP_ON_FAILURE): jQuery is ready.

2019-08-19 05:29:47 - [MESSAGE][PASSED] - jQuery is ready.

2019-08-19 05:29:47 - [TEST_STEP][PASSED] - Thread.sleep(2000): null

2019-08-19 05:29:49 - [TEST_STEP][PASSED] - callTestCase(findTestCase("mobileWeb/_include/get_screenshot"), [:], STOP_ON_FAILURE): Call Test Case 'Test Cases/mobileWeb/_include/get_screenshot' successfully

2019-08-19 05:29:49 - [TEST_CASE][PASSED] - Test Cases/mobileWeb/_include/get_screenshot: Test Cases/mobileWeb/_include/get_screenshot

2019-08-19 05:29:49 - [TEST_STEP][PASSED] - takeScreenshot(screenPath + i + ".png"): Taking screenshot successfully

2019-08-19 05:29:50 - [MESSAGE][PASSED] - Taking screenshot successfully
[[ATTACHMENT|D:\\Test\\AgileTest\\Reports\\mobileWeb\\stm\\20190819_052650\\../Screenshots/iPhone 6/stm/AdvantHealth/20190819_052915/3.png]]

2019-08-19 05:29:50 - [TEST_STEP][PASSED] - (internal.GlobalVariable.i++): null

2019-08-19 05:29:50 - [MESSAGE][PASSED] - Call Test Case 'Test Cases/mobileWeb/_include/get_screenshot' successfully

2019-08-19 05:29:50 - [MESSAGE][PASSED] - Call Test Case 'Test Cases/mobileWeb/_include/filter_stm' successfully

2019-08-19 05:29:50 - [TEST_STEP][PASSED] - callTestCase(findTestCase("mobileWeb/_include/goToDetail_stm"), ["carrier":"advanthealth"], STOP_ON_FAILURE): Call Test Case 'Test Cases/mobileWeb/_include/goToDetail_stm' successfully

2019-08-19 05:29:50 - [TEST_CASE][PASSED] - Test Cases/mobileWeb/_include/goToDetail_stm: Test Cases/mobileWeb/_include/goToDetail_stm

2019-08-19 05:29:50 - [TEST_STEP][PASSED] - driver = getWebDriver(): null

2019-08-19 05:29:50 - [TEST_STEP][PASSED] - selenium = new com.thoughtworks.selenium.webdriven.WebDriverBackedSelenium(driver, internal.GlobalVariable.ENV): null

2019-08-19 05:29:50 - [TEST_STEP][PASSED] - a_plan_name = "xpath=//a[contains(@href,'/term-health-insurance/plan/" + carrier + "')]": null

2019-08-19 05:29:50 - [TEST_STEP][PASSED] - println(a_plan_name): null

2019-08-19 05:29:50 - [TEST_STEP][PASSED] - selenium.click(a_plan_name): null

2019-08-19 05:29:53 - [TEST_STEP][PASSED] - waitForPageLoad(10): Wait for page load successfully

2019-08-19 05:29:53 - [MESSAGE][PASSED] - Wait for page load successfully

2019-08-19 05:29:53 - [TEST_STEP][PASSED] - Thread.sleep(2000): null

2019-08-19 05:29:55 - [TEST_STEP][PASSED] - callTestCase(findTestCase("mobileWeb/_include/get_screenshot"), [:], STOP_ON_FAILURE): Call Test Case 'Test Cases/mobileWeb/_include/get_screenshot' successfully

2019-08-19 05:29:55 - [TEST_CASE][PASSED] - Test Cases/mobileWeb/_include/get_screenshot: Test Cases/mobileWeb/_include/get_screenshot

2019-08-19 05:29:55 - [TEST_STEP][PASSED] - takeScreenshot(screenPath + i + ".png"): Taking screenshot successfully

2019-08-19 05:29:56 - [MESSAGE][PASSED] - Taking screenshot successfully
[[ATTACHMENT|D:\\Test\\AgileTest\\Reports\\mobileWeb\\stm\\20190819_052650\\../Screenshots/iPhone 6/stm/AdvantHealth/20190819_052915/4.png]]

2019-08-19 05:29:56 - [TEST_STEP][PASSED] - (internal.GlobalVariable.i++): null

2019-08-19 05:29:56 - [MESSAGE][PASSED] - Call Test Case 'Test Cases/mobileWeb/_include/get_screenshot' successfully

2019-08-19 05:29:56 - [MESSAGE][PASSED] - Call Test Case 'Test Cases/mobileWeb/_include/goToDetail_stm' successfully

2019-08-19 05:29:56 - [TEST_STEP][PASSED] - callTestCase(findTestCase("mobileWeb/_include/apply_stm"), [:], STOP_ON_FAILURE): Call Test Case 'Test Cases/mobileWeb/_include/apply_stm' successfully

2019-08-19 05:29:56 - [TEST_CASE][PASSED] - Test Cases/mobileWeb/_include/apply_stm: Test Cases/mobileWeb/_include/apply_stm

2019-08-19 05:29:56 - [TEST_STEP][PASSED] - waitForElementVisible(findTestObject("mobileSanity/STM/STM PlanDetail Page/a_Apply for This Plan"), 5): Object 'Object Repository/mobileSanity/STM/STM PlanDetail Page/a_Apply for This Plan' is visible

2019-08-19 05:29:56 - [MESSAGE][PASSED] - Object 'Object Repository/mobileSanity/STM/STM PlanDetail Page/a_Apply for This Plan' is visible

2019-08-19 05:29:56 - [TEST_STEP][PASSED] - click(findTestObject("mobileSanity/STM/STM PlanDetail Page/a_Apply for This Plan")): Object: 'Object Repository/mobileSanity/STM/STM PlanDetail Page/a_Apply for This Plan' is clicked on

2019-08-19 05:29:58 - [MESSAGE][PASSED] - Object: 'Object Repository/mobileSanity/STM/STM PlanDetail Page/a_Apply for This Plan' is clicked on

2019-08-19 05:29:58 - [TEST_STEP][PASSED] - waitForPageLoad(10): Wait for page load successfully

2019-08-19 05:29:58 - [MESSAGE][PASSED] - Wait for page load successfully

2019-08-19 05:29:58 - [TEST_STEP][PASSED] - Thread.sleep(2000): null

2019-08-19 05:30:00 - [TEST_STEP][PASSED] - callTestCase(findTestCase("mobileWeb/_include/get_screenshot"), [:], STOP_ON_FAILURE): Call Test Case 'Test Cases/mobileWeb/_include/get_screenshot' successfully

2019-08-19 05:30:00 - [TEST_CASE][PASSED] - Test Cases/mobileWeb/_include/get_screenshot: Test Cases/mobileWeb/_include/get_screenshot

2019-08-19 05:30:00 - [TEST_STEP][PASSED] - takeScreenshot(screenPath + i + ".png"): Taking screenshot successfully

2019-08-19 05:30:00 - [MESSAGE][PASSED] - Taking screenshot successfully
[[ATTACHMENT|D:\\Test\\AgileTest\\Reports\\mobileWeb\\stm\\20190819_052650\\../Screenshots/iPhone 6/stm/AdvantHealth/20190819_052915/5.png]]

2019-08-19 05:30:00 - [TEST_STEP][PASSED] - (internal.GlobalVariable.i++): null

2019-08-19 05:30:00 - [MESSAGE][PASSED] - Call Test Case 'Test Cases/mobileWeb/_include/get_screenshot' successfully

2019-08-19 05:30:00 - [TEST_STEP][PASSED] - waitForElementVisible(findTestObject("mobileSanity/STM/STM Apply Page/a_Start Secure Application"), 5): Object 'Object Repository/mobileSanity/STM/STM Apply Page/a_Start Secure Application' is visible

2019-08-19 05:30:00 - [MESSAGE][PASSED] - Object 'Object Repository/mobileSanity/STM/STM Apply Page/a_Start Secure Application' is visible

2019-08-19 05:30:00 - [TEST_STEP][PASSED] - click(findTestObject("mobileSanity/STM/STM Apply Page/a_Start Secure Application")): Object: 'Object Repository/mobileSanity/STM/STM Apply Page/a_Start Secure Application' is clicked on

2019-08-19 05:30:02 - [MESSAGE][PASSED] - Object: 'Object Repository/mobileSanity/STM/STM Apply Page/a_Start Secure Application' is clicked on

2019-08-19 05:30:02 - [TEST_STEP][PASSED] - waitForPageLoad(20): Wait for page load successfully

2019-08-19 05:30:02 - [MESSAGE][PASSED] - Wait for page load successfully

2019-08-19 05:30:02 - [TEST_STEP][PASSED] - Thread.sleep(2000): null

2019-08-19 05:30:04 - [TEST_STEP][PASSED] - callTestCase(findTestCase("mobileWeb/_include/get_screenshot"), [:], STOP_ON_FAILURE): Call Test Case 'Test Cases/mobileWeb/_include/get_screenshot' successfully

2019-08-19 05:30:04 - [TEST_CASE][PASSED] - Test Cases/mobileWeb/_include/get_screenshot: Test Cases/mobileWeb/_include/get_screenshot

2019-08-19 05:30:04 - [TEST_STEP][PASSED] - takeScreenshot(screenPath + i + ".png"): Taking screenshot successfully

2019-08-19 05:30:05 - [MESSAGE][PASSED] - Taking screenshot successfully
[[ATTACHMENT|D:\\Test\\AgileTest\\Reports\\mobileWeb\\stm\\20190819_052650\\../Screenshots/iPhone 6/stm/AdvantHealth/20190819_052915/6.png]]

2019-08-19 05:30:05 - [TEST_STEP][PASSED] - (internal.GlobalVariable.i++): null

2019-08-19 05:30:05 - [MESSAGE][PASSED] - Call Test Case 'Test Cases/mobileWeb/_include/get_screenshot' successfully

2019-08-19 05:30:05 - [MESSAGE][PASSED] - Call Test Case 'Test Cases/mobileWeb/_include/apply_stm' successfully

2019-08-19 05:30:05 - [TEST_STEP][FAILED] - callTestCase(findTestCase("mobileWeb/_include/goToEnd_stm_autofill"), [:], STOP_ON_FAILURE): callTestCase(findTestCase("mobileWeb/_include/goToEnd_stm_autofill"), [:], STOP_ON_FAILURE) FAILED.
Reason:
com.kms.katalon.core.exception.StepFailedException: Unable to click on object 'Object Repository/mobileSanity/STM/Page_App Page 4/div_CLICK TO SIGN' (Root cause: com.kms.katalon.core.webui.exception.WebElementNotFoundException: Web element with id: 'Object Repository/mobileSanity/STM/Page_App Page 4/div_CLICK TO SIGN' located by 'By.xpath: //div[@id = 'js-signature-tab' and (text() = 'CLICK TO SIGN↓' or . = 'CLICK TO SIGN↓')]' not found)
	at com.kms.katalon.core.keyword.internal.KeywordMain.stepFailed(KeywordMain.groovy:36)
	at com.kms.katalon.core.webui.keyword.internal.WebUIKeywordMain.stepFailed(WebUIKeywordMain.groovy:65)
	at com.kms.katalon.core.webui.keyword.internal.WebUIKeywordMain.runKeyword(WebUIKeywordMain.groovy:27)
	at com.kms.katalon.core.webui.keyword.builtin.ClickKeyword.click(ClickKeyword.groovy:86)
	at com.kms.katalon.core.webui.keyword.builtin.ClickKeyword.execute(ClickKeyword.groovy:67)
	at com.kms.katalon.core.keyword.internal.KeywordExecutor.executeKeywordForPlatform(KeywordExecutor.groovy:53)
	at com.kms.katalon.core.webui.keyword.WebUiBuiltInKeywords.click(WebUiBuiltInKeywords.groovy:616)
	at com.kms.katalon.core.webui.keyword.WebUiBuiltInKeywords$click$3.call(Unknown Source)
	at goToEnd_stm_autofill.run(goToEnd_stm_autofill:89)
	at com.kms.katalon.core.main.ScriptEngine.run(ScriptEngine.java:194)
	at com.kms.katalon.core.main.ScriptEngine.runScriptAsRawText(ScriptEngine.java:119)
	at com.kms.katalon.core.main.TestCaseExecutor.runScript(TestCaseExecutor.java:328)
	at com.kms.katalon.core.main.TestCaseExecutor.doExecute(TestCaseExecutor.java:319)
	at com.kms.katalon.core.main.TestCaseExecutor.processExecutionPhase(TestCaseExecutor.java:298)
	at com.kms.katalon.core.main.TestCaseExecutor.accessMainPhase(TestCaseExecutor.java:290)
	at com.kms.katalon.core.main.TestCaseExecutor.execute(TestCaseExecutor.java:224)
	at com.kms.katalon.core.main.TestCaseMain.runTestCase(TestCaseMain.java:106)
	at com.kms.katalon.core.keyword.builtin.CallTestCaseKeyword$_callTestCase_closure1.doCall(CallTestCaseKeyword.groovy:59)
	at com.kms.katalon.core.keyword.builtin.CallTestCaseKeyword$_callTestCase_closure1.call(CallTestCaseKeyword.groovy)
	at com.kms.katalon.core.keyword.internal.KeywordMain.runKeyword(KeywordMain.groovy:54)
	at com.kms.katalon.core.keyword.builtin.CallTestCaseKeyword.callTestCase(CallTestCaseKeyword.groovy:80)
	at com.kms.katalon.core.keyword.builtin.CallTestCaseKeyword.execute(CallTestCaseKeyword.groovy:44)
	at com.kms.katalon.core.keyword.internal.KeywordExecutor.executeKeywordForPlatform(KeywordExecutor.groovy:53)
	at com.kms.katalon.core.keyword.BuiltinKeywords.callTestCase(BuiltinKeywords.groovy:334)
	at AdvantHealth.run(AdvantHealth:35)
	at com.kms.katalon.core.main.ScriptEngine.run(ScriptEngine.java:194)
	at com.kms.katalon.core.main.ScriptEngine.runScriptAsRawText(ScriptEngine.java:119)
	at com.kms.katalon.core.main.TestCaseExecutor.runScript(TestCaseExecutor.java:328)
	at com.kms.katalon.core.main.TestCaseExecutor.doExecute(TestCaseExecutor.java:319)
	at com.kms.katalon.core.main.TestCaseExecutor.processExecutionPhase(TestCaseExecutor.java:298)
	at com.kms.katalon.core.main.TestCaseExecutor.accessMainPhase(TestCaseExecutor.java:290)
	at com.kms.katalon.core.main.TestCaseExecutor.execute(TestCaseExecutor.java:224)
	at com.kms.katalon.core.main.TestSuiteExecutor.accessTestCaseMainPhase(TestSuiteExecutor.java:129)
	at com.kms.katalon.core.main.TestSuiteExecutor.accessTestSuiteMainPhase(TestSuiteExecutor.java:112)
	at com.kms.katalon.core.main.TestSuiteExecutor.execute(TestSuiteExecutor.java:81)
	at com.kms.katalon.core.main.TestCaseMain.startTestSuite(TestCaseMain.java:149)
	at com.kms.katalon.core.main.TestCaseMain$startTestSuite$0.call(Unknown Source)
	at TempTestSuite1566206810208.run(TempTestSuite1566206810208.groovy:36)


2019-08-19 05:30:05 - [TEST_CASE][FAILED] - Test Cases/mobileWeb/_include/goToEnd_stm_autofill: Test Cases/mobileWeb/_include/goToEnd_stm_autofill FAILED.
Reason:
com.kms.katalon.core.exception.StepFailedException: Unable to click on object 'Object Repository/mobileSanity/STM/Page_App Page 4/div_CLICK TO SIGN' (Root cause: com.kms.katalon.core.webui.exception.WebElementNotFoundException: Web element with id: 'Object Repository/mobileSanity/STM/Page_App Page 4/div_CLICK TO SIGN' located by 'By.xpath: //div[@id = 'js-signature-tab' and (text() = 'CLICK TO SIGN↓' or . = 'CLICK TO SIGN↓')]' not found)
	at com.kms.katalon.core.keyword.internal.KeywordMain.stepFailed(KeywordMain.groovy:36)
	at com.kms.katalon.core.webui.keyword.internal.WebUIKeywordMain.stepFailed(WebUIKeywordMain.groovy:65)
	at com.kms.katalon.core.webui.keyword.internal.WebUIKeywordMain.runKeyword(WebUIKeywordMain.groovy:27)
	at com.kms.katalon.core.webui.keyword.builtin.ClickKeyword.click(ClickKeyword.groovy:86)
	at com.kms.katalon.core.webui.keyword.builtin.ClickKeyword.execute(ClickKeyword.groovy:67)
	at com.kms.katalon.core.keyword.internal.KeywordExecutor.executeKeywordForPlatform(KeywordExecutor.groovy:53)
	at com.kms.katalon.core.webui.keyword.WebUiBuiltInKeywords.click(WebUiBuiltInKeywords.groovy:616)
	at com.kms.katalon.core.webui.keyword.WebUiBuiltInKeywords$click$3.call(Unknown Source)
	at goToEnd_stm_autofill.run(goToEnd_stm_autofill:89)
	at com.kms.katalon.core.main.ScriptEngine.run(ScriptEngine.java:194)
	at com.kms.katalon.core.main.ScriptEngine.runScriptAsRawText(ScriptEngine.java:119)
	at com.kms.katalon.core.main.TestCaseExecutor.runScript(TestCaseExecutor.java:328)
	at com.kms.katalon.core.main.TestCaseExecutor.doExecute(TestCaseExecutor.java:319)
	at com.kms.katalon.core.main.TestCaseExecutor.processExecutionPhase(TestCaseExecutor.java:298)
	at com.kms.katalon.core.main.TestCaseExecutor.accessMainPhase(TestCaseExecutor.java:290)
	at com.kms.katalon.core.main.TestCaseExecutor.execute(TestCaseExecutor.java:224)
	at com.kms.katalon.core.main.TestCaseMain.runTestCase(TestCaseMain.java:106)
	at com.kms.katalon.core.keyword.builtin.CallTestCaseKeyword$_callTestCase_closure1.doCall(CallTestCaseKeyword.groovy:59)
	at com.kms.katalon.core.keyword.builtin.CallTestCaseKeyword$_callTestCase_closure1.call(CallTestCaseKeyword.groovy)
	at com.kms.katalon.core.keyword.internal.KeywordMain.runKeyword(KeywordMain.groovy:54)
	at com.kms.katalon.core.keyword.builtin.CallTestCaseKeyword.callTestCase(CallTestCaseKeyword.groovy:80)
	at com.kms.katalon.core.keyword.builtin.CallTestCaseKeyword.execute(CallTestCaseKeyword.groovy:44)
	at com.kms.katalon.core.keyword.internal.KeywordExecutor.executeKeywordForPlatform(KeywordExecutor.groovy:53)
	at com.kms.katalon.core.keyword.BuiltinKeywords.callTestCase(BuiltinKeywords.groovy:334)
	at AdvantHealth.run(AdvantHealth:35)
	at com.kms.katalon.core.main.ScriptEngine.run(ScriptEngine.java:194)
	at com.kms.katalon.core.main.ScriptEngine.runScriptAsRawText(ScriptEngine.java:119)
	at com.kms.katalon.core.main.TestCaseExecutor.runScript(TestCaseExecutor.java:328)
	at com.kms.katalon.core.main.TestCaseExecutor.doExecute(TestCaseExecutor.java:319)
	at com.kms.katalon.core.main.TestCaseExecutor.processExecutionPhase(TestCaseExecutor.java:298)
	at com.kms.katalon.core.main.TestCaseExecutor.accessMainPhase(TestCaseExecutor.java:290)
	at com.kms.katalon.core.main.TestCaseExecutor.execute(TestCaseExecutor.java:224)
	at com.kms.katalon.core.main.TestSuiteExecutor.accessTestCaseMainPhase(TestSuiteExecutor.java:129)
	at com.kms.katalon.core.main.TestSuiteExecutor.accessTestSuiteMainPhase(TestSuiteExecutor.java:112)
	at com.kms.katalon.core.main.TestSuiteExecutor.execute(TestSuiteExecutor.java:81)
	at com.kms.katalon.core.main.TestCaseMain.startTestSuite(TestCaseMain.java:149)
	at com.kms.katalon.core.main.TestCaseMain$startTestSuite$0.call(Unknown Source)
	at TempTestSuite1566206810208.run(TempTestSuite1566206810208.groovy:36)


2019-08-19 05:30:05 - [TEST_STEP][PASSED] - callTestCase(findTestCase("mobileWeb/_include/name"), [:], CONTINUE_ON_FAILURE): Call Test Case 'Test Cases/mobileWeb/_include/name' successfully

2019-08-19 05:30:05 - [TEST_CASE][PASSED] - Test Cases/mobileWeb/_include/name: Test Cases/mobileWeb/_include/name

2019-08-19 05:30:05 - [TEST_STEP][PASSED] - driver = getWebDriver(): null

2019-08-19 05:30:05 - [TEST_STEP][PASSED] - selenium = new com.thoughtworks.selenium.webdriven.WebDriverBackedSelenium(driver, internal.GlobalVariable.ENV): null

2019-08-19 05:30:05 - [TEST_STEP][PASSED] - FirstName = "Test-123": null

2019-08-19 05:30:05 - [TEST_STEP][PASSED] - LastName = selenium.getEval("{var x="ABCDEFGHIJKLMNOPQRSTUVWXYZabcdefghijklmnopqrstuvwxyz"; var tmp="ZZ11-"; for (i=0;i<8;i++) tmp+=x.charAt(Math.ceil(51*Math.random()));tmp;}"): null

2019-08-19 05:30:05 - [TEST_STEP][PASSED] - Address = selenium.getEval("{var x="ABCDEFGHIJKLMNOPQRSTUVWXYZabcdefghijklmnopqrstuvwxyz"; var tmp=""; for (i=0;i<8;i++) tmp+=x.charAt(Math.ceil(51*Math.random()));tmp;}"): null

2019-08-19 05:30:05 - [TEST_STEP][PASSED] - City = selenium.getEval("{var x="ABCDEFGHIJKLMNOPQRSTUVWXYZabcdefghijklmnopqrstuvwxyz"; var tmp=""; for (i=0;i<8;i++) tmp+=x.charAt(Math.ceil(51*Math.random()));tmp;}"): null

2019-08-19 05:30:05 - [TEST_STEP][PASSED] - tel1 = selenium.getEval("{var x="123456789"; var tmp=""; for (i=0;i<3;i++) tmp+=x.charAt(Math.ceil(8*Math.random()));tmp;}"): null

2019-08-19 05:30:05 - [TEST_STEP][PASSED] - tel2 = selenium.getEval("{var x="123456789"; var tmp=""; for (i=0;i<3;i++) tmp+=x.charAt(Math.ceil(8*Math.random()));tmp;}"): null

2019-08-19 05:30:06 - [TEST_STEP][PASSED] - tel3 = selenium.getEval("{var x="123456789"; var tmp=""; for (i=0;i<4;i++) tmp+=x.charAt(Math.ceil(8*Math.random()));tmp;}"): null

2019-08-19 05:30:06 - [TEST_STEP][PASSED] - Tel = selenium.getExpression(tel1 + "-" + tel2 + "-" + tel3): null

2019-08-19 05:30:06 - [TEST_STEP][PASSED] - AutoEmail = selenium.getEval("{var x="ABCDEFGHIJKLMNOPQRSTUVWXYZabcdefghijklmnopqrstuvwxyz"; var tmp="test."; for (i=0;i<8;i++) tmp+=x.charAt(Math.ceil(51*Math.random()));tmp+="@suryani.cn";}"): null

2019-08-19 05:30:06 - [TEST_STEP][PASSED] - FirstName = FirstName: null

2019-08-19 05:30:06 - [TEST_STEP][PASSED] - LastName = LastName: null

2019-08-19 05:30:06 - [TEST_STEP][PASSED] - Address = Address: null

2019-08-19 05:30:06 - [TEST_STEP][PASSED] - City = City: null

2019-08-19 05:30:06 - [TEST_STEP][PASSED] - Tel = Tel: null

2019-08-19 05:30:06 - [TEST_STEP][PASSED] - AutoEmail = AutoEmail: null

2019-08-19 05:30:06 - [TEST_STEP][PASSED] - println(FirstName): null

2019-08-19 05:30:06 - [TEST_STEP][PASSED] - println(LastName): null

2019-08-19 05:30:06 - [TEST_STEP][PASSED] - println(Address): null

2019-08-19 05:30:06 - [TEST_STEP][PASSED] - println(City): null

2019-08-19 05:30:06 - [TEST_STEP][PASSED] - println(Tel): null

2019-08-19 05:30:06 - [TEST_STEP][PASSED] - println(AutoEmail): null

2019-08-19 05:30:06 - [MESSAGE][PASSED] - Call Test Case 'Test Cases/mobileWeb/_include/name' successfully

2019-08-19 05:30:06 - [TEST_STEP][PASSED] - try: Call Test Case 'Test Cases/mobileWeb/_include/get_screenshot' successfully

2019-08-19 05:30:06 - [TEST_STEP][PASSED] - if (verifyTextPresent("Month Duration Acknowledgement", false)): Call Test Case 'Test Cases/mobileWeb/_include/get_screenshot' successfully

2019-08-19 05:30:06 - [MESSAGE][PASSED] - Text 'Month Duration Acknowledgement' is present on page 

2019-08-19 05:30:06 - [TEST_STEP][PASSED] - click(findTestObject("mobileSanity/STM/Page_App Page 1/label_By checking this box I u")): Object: 'Object Repository/mobileSanity/STM/Page_App Page 1/label_By checking this box I u' is clicked on

2019-08-19 05:30:06 - [MESSAGE][PASSED] - Object: 'Object Repository/mobileSanity/STM/Page_App Page 1/label_By checking this box I u' is clicked on

2019-08-19 05:30:06 - [TEST_STEP][PASSED] - click(findTestObject("mobileSanity/STM/Page_App Page 1/button_Continue to Application")): Object: 'Object Repository/mobileSanity/STM/Page_App Page 1/button_Continue to Application' is clicked on

2019-08-19 05:30:07 - [MESSAGE][PASSED] - Object: 'Object Repository/mobileSanity/STM/Page_App Page 1/button_Continue to Application' is clicked on

2019-08-19 05:30:07 - [TEST_STEP][PASSED] - waitForPageLoad(20): Wait for page load successfully

2019-08-19 05:30:07 - [MESSAGE][PASSED] - Wait for page load successfully

2019-08-19 05:30:07 - [TEST_STEP][PASSED] - Thread.sleep(5000): null

2019-08-19 05:30:12 - [TEST_STEP][PASSED] - callTestCase(findTestCase("mobileWeb/_include/get_screenshot"), [:], STOP_ON_FAILURE): Call Test Case 'Test Cases/mobileWeb/_include/get_screenshot' successfully

2019-08-19 05:30:12 - [TEST_CASE][PASSED] - Test Cases/mobileWeb/_include/get_screenshot: Test Cases/mobileWeb/_include/get_screenshot

2019-08-19 05:30:12 - [TEST_STEP][PASSED] - takeScreenshot(screenPath + i + ".png"): Taking screenshot successfully

2019-08-19 05:30:13 - [MESSAGE][PASSED] - Taking screenshot successfully
[[ATTACHMENT|D:\\Test\\AgileTest\\Reports\\mobileWeb\\stm\\20190819_052650\\../Screenshots/iPhone 6/stm/AdvantHealth/20190819_052915/7.png]]

2019-08-19 05:30:13 - [TEST_STEP][PASSED] - (internal.GlobalVariable.i++): null

2019-08-19 05:30:13 - [MESSAGE][PASSED] - Call Test Case 'Test Cases/mobileWeb/_include/get_screenshot' successfully

2019-08-19 05:30:13 - [TEST_STEP][PASSED] - waitForPageLoad(10): Wait for page load successfully

2019-08-19 05:30:13 - [MESSAGE][PASSED] - Wait for page load successfully

2019-08-19 05:30:13 - [TEST_STEP][PASSED] - Thread.sleep(3000): null

2019-08-19 05:30:16 - [TEST_STEP][PASSED] - waitForElementVisible(findTestObject("mobileSanity/STM/Page_App Page 1/a_Autofill App Info"), 20): Object 'Object Repository/mobileSanity/STM/Page_App Page 1/a_Autofill App Info' is visible

2019-08-19 05:30:16 - [MESSAGE][PASSED] - Object 'Object Repository/mobileSanity/STM/Page_App Page 1/a_Autofill App Info' is visible

2019-08-19 05:30:16 - [TEST_STEP][PASSED] - click(findTestObject("mobileSanity/STM/Page_App Page 1/a_Autofill App Info")): Object: 'Object Repository/mobileSanity/STM/Page_App Page 1/a_Autofill App Info' is clicked on

2019-08-19 05:30:17 - [MESSAGE][PASSED] - Object: 'Object Repository/mobileSanity/STM/Page_App Page 1/a_Autofill App Info' is clicked on

2019-08-19 05:30:17 - [TEST_STEP][PASSED] - Thread.sleep(1000): null

2019-08-19 05:30:18 - [TEST_STEP][PASSED] - click(findTestObject("mobileSanity/STM/Page_App Page 1/a_Autofill App Info")): Object: 'Object Repository/mobileSanity/STM/Page_App Page 1/a_Autofill App Info' is clicked on

2019-08-19 05:30:18 - [MESSAGE][PASSED] - Object: 'Object Repository/mobileSanity/STM/Page_App Page 1/a_Autofill App Info' is clicked on

2019-08-19 05:30:18 - [TEST_STEP][PASSED] - Thread.sleep(1000): null

2019-08-19 05:30:19 - [TEST_STEP][PASSED] - waitForElementVisible(findTestObject("mobileSanity/STM/Page_App Page 1/a_Continue"), 20): Object 'Object Repository/mobileSanity/STM/Page_App Page 1/a_Continue' is visible

2019-08-19 05:30:20 - [MESSAGE][PASSED] - Object 'Object Repository/mobileSanity/STM/Page_App Page 1/a_Continue' is visible

2019-08-19 05:30:20 - [TEST_STEP][PASSED] - click(findTestObject("mobileSanity/STM/Page_App Page 1/a_Continue")): Object: 'Object Repository/mobileSanity/STM/Page_App Page 1/a_Continue' is clicked on

2019-08-19 05:30:20 - [MESSAGE][PASSED] - Object: 'Object Repository/mobileSanity/STM/Page_App Page 1/a_Continue' is clicked on

2019-08-19 05:30:20 - [TEST_STEP][PASSED] - waitForPageLoad(20): Wait for page load successfully

2019-08-19 05:30:21 - [MESSAGE][PASSED] - Wait for page load successfully

2019-08-19 05:30:21 - [TEST_STEP][PASSED] - Thread.sleep(2000): null

2019-08-19 05:30:23 - [TEST_STEP][PASSED] - callTestCase(findTestCase("mobileWeb/_include/get_screenshot"), [:], STOP_ON_FAILURE): Call Test Case 'Test Cases/mobileWeb/_include/get_screenshot' successfully

2019-08-19 05:30:23 - [TEST_CASE][PASSED] - Test Cases/mobileWeb/_include/get_screenshot: Test Cases/mobileWeb/_include/get_screenshot

2019-08-19 05:30:23 - [TEST_STEP][PASSED] - takeScreenshot(screenPath + i + ".png"): Taking screenshot successfully

2019-08-19 05:30:24 - [MESSAGE][PASSED] - Taking screenshot successfully
[[ATTACHMENT|D:\\Test\\AgileTest\\Reports\\mobileWeb\\stm\\20190819_052650\\../Screenshots/iPhone 6/stm/AdvantHealth/20190819_052915/8.png]]

2019-08-19 05:30:24 - [TEST_STEP][PASSED] - (internal.GlobalVariable.i++): null

2019-08-19 05:30:24 - [MESSAGE][PASSED] - Call Test Case 'Test Cases/mobileWeb/_include/get_screenshot' successfully

2019-08-19 05:30:24 - [TEST_STEP][PASSED] - click(findTestObject("mobileSanity/STM/Page_App Page 2/a_Continue to Step 3 - Payment")): Object: 'Object Repository/mobileSanity/STM/Page_App Page 2/a_Continue to Step 3 - Payment' is clicked on

2019-08-19 05:30:24 - [MESSAGE][PASSED] - Object: 'Object Repository/mobileSanity/STM/Page_App Page 2/a_Continue to Step 3 - Payment' is clicked on

2019-08-19 05:30:24 - [TEST_STEP][PASSED] - waitForPageLoad(20): Wait for page load successfully

2019-08-19 05:30:24 - [MESSAGE][PASSED] - Wait for page load successfully

2019-08-19 05:30:24 - [TEST_STEP][PASSED] - waitForElementVisible(findTestObject("mobileSanity/STM/Page_App Page 3/input__credit-card-cvv"), 20): Object 'Object Repository/mobileSanity/STM/Page_App Page 3/input__credit-card-cvv' is visible

2019-08-19 05:30:25 - [MESSAGE][PASSED] - Object 'Object Repository/mobileSanity/STM/Page_App Page 3/input__credit-card-cvv' is visible

2019-08-19 05:30:25 - [TEST_STEP][PASSED] - Thread.sleep(2000): null

2019-08-19 05:30:27 - [TEST_STEP][PASSED] - callTestCase(findTestCase("mobileWeb/_include/get_screenshot"), [:], STOP_ON_FAILURE): Call Test Case 'Test Cases/mobileWeb/_include/get_screenshot' successfully

2019-08-19 05:30:28 - [TEST_CASE][PASSED] - Test Cases/mobileWeb/_include/get_screenshot: Test Cases/mobileWeb/_include/get_screenshot

2019-08-19 05:30:28 - [TEST_STEP][PASSED] - takeScreenshot(screenPath + i + ".png"): Taking screenshot successfully

2019-08-19 05:30:29 - [MESSAGE][PASSED] - Taking screenshot successfully
[[ATTACHMENT|D:\\Test\\AgileTest\\Reports\\mobileWeb\\stm\\20190819_052650\\../Screenshots/iPhone 6/stm/AdvantHealth/20190819_052915/9.png]]

2019-08-19 05:30:29 - [TEST_STEP][PASSED] - (internal.GlobalVariable.i++): null

2019-08-19 05:30:29 - [MESSAGE][PASSED] - Call Test Case 'Test Cases/mobileWeb/_include/get_screenshot' successfully

2019-08-19 05:30:29 - [TEST_STEP][PASSED] - clearText(findTestObject("mobileSanity/STM/Page_App Page 3/input__credit-card-cvv")): Text of object 'Object Repository/mobileSanity/STM/Page_App Page 3/input__credit-card-cvv' is cleared

2019-08-19 05:30:29 - [MESSAGE][PASSED] - Text of object 'Object Repository/mobileSanity/STM/Page_App Page 3/input__credit-card-cvv' is cleared

2019-08-19 05:30:29 - [TEST_STEP][PASSED] - setText(findTestObject("mobileSanity/STM/Page_App Page 3/input__credit-card-cvv"), "123"): Text '123' is set on object 'Object Repository/mobileSanity/STM/Page_App Page 3/input__credit-card-cvv'

2019-08-19 05:30:30 - [MESSAGE][PASSED] - Text '123' is set on object 'Object Repository/mobileSanity/STM/Page_App Page 3/input__credit-card-cvv'

2019-08-19 05:30:30 - [TEST_STEP][PASSED] - click(findTestObject("mobileSanity/STM/Page_App Page 3/label_I Accept Authorization f")): Object: 'Object Repository/mobileSanity/STM/Page_App Page 3/label_I Accept Authorization f' is clicked on

2019-08-19 05:30:30 - [MESSAGE][PASSED] - Object: 'Object Repository/mobileSanity/STM/Page_App Page 3/label_I Accept Authorization f' is clicked on

2019-08-19 05:30:30 - [TEST_STEP][PASSED] - click(findTestObject("mobileSanity/STM/Page_App Page 3/a_Continue to Step 4 - Review")): Object: 'Object Repository/mobileSanity/STM/Page_App Page 3/a_Continue to Step 4 - Review' is clicked on

2019-08-19 05:30:30 - [MESSAGE][PASSED] - Object: 'Object Repository/mobileSanity/STM/Page_App Page 3/a_Continue to Step 4 - Review' is clicked on

2019-08-19 05:30:30 - [TEST_STEP][PASSED] - waitForPageLoad(10): Wait for page load successfully

2019-08-19 05:30:31 - [MESSAGE][PASSED] - Wait for page load successfully

2019-08-19 05:30:31 - [TEST_STEP][PASSED] - waitForElementClickable(findTestObject("mobileSanity/STM/Page_App Page 4/label"), 10): Object 'Object Repository/mobileSanity/STM/Page_App Page 4/label' is clickable

2019-08-19 05:30:31 - [MESSAGE][PASSED] - Object 'Object Repository/mobileSanity/STM/Page_App Page 4/label' is clickable

2019-08-19 05:30:31 - [TEST_STEP][PASSED] - Thread.sleep(2000): null

2019-08-19 05:30:33 - [TEST_STEP][PASSED] - callTestCase(findTestCase("mobileWeb/_include/get_screenshot"), [:], STOP_ON_FAILURE): Call Test Case 'Test Cases/mobileWeb/_include/get_screenshot' successfully

2019-08-19 05:30:33 - [TEST_CASE][PASSED] - Test Cases/mobileWeb/_include/get_screenshot: Test Cases/mobileWeb/_include/get_screenshot

2019-08-19 05:30:33 - [TEST_STEP][PASSED] - takeScreenshot(screenPath + i + ".png"): Taking screenshot successfully

2019-08-19 05:30:34 - [MESSAGE][PASSED] - Taking screenshot successfully
[[ATTACHMENT|D:\\Test\\AgileTest\\Reports\\mobileWeb\\stm\\20190819_052650\\../Screenshots/iPhone 6/stm/AdvantHealth/20190819_052915/10.png]]

2019-08-19 05:30:34 - [TEST_STEP][PASSED] - (internal.GlobalVariable.i++): null

2019-08-19 05:30:34 - [MESSAGE][PASSED] - Call Test Case 'Test Cases/mobileWeb/_include/get_screenshot' successfully

2019-08-19 05:30:34 - [TEST_STEP][PASSED] - click(findTestObject("mobileSanity/STM/Page_App Page 4/label")): Object: 'Object Repository/mobileSanity/STM/Page_App Page 4/label' is clicked on

2019-08-19 05:30:34 - [MESSAGE][PASSED] - Object: 'Object Repository/mobileSanity/STM/Page_App Page 4/label' is clicked on

2019-08-19 05:30:34 - [TEST_STEP][FAILED] - click(findTestObject("mobileSanity/STM/Page_App Page 4/div_CLICK TO SIGN")): click(findTestObject("mobileSanity/STM/Page_App Page 4/div_CLICK TO SIGN")) FAILED.
Reason:
com.kms.katalon.core.exception.StepFailedException: Unable to click on object 'Object Repository/mobileSanity/STM/Page_App Page 4/div_CLICK TO SIGN' (Root cause: com.kms.katalon.core.webui.exception.WebElementNotFoundException: Web element with id: 'Object Repository/mobileSanity/STM/Page_App Page 4/div_CLICK TO SIGN' located by 'By.xpath: //div[@id = 'js-signature-tab' and (text() = 'CLICK TO SIGN↓' or . = 'CLICK TO SIGN↓')]' not found)
	at com.kms.katalon.core.keyword.internal.KeywordMain.stepFailed(KeywordMain.groovy:36)
	at com.kms.katalon.core.webui.keyword.internal.WebUIKeywordMain.stepFailed(WebUIKeywordMain.groovy:65)
	at com.kms.katalon.core.webui.keyword.internal.WebUIKeywordMain.runKeyword(WebUIKeywordMain.groovy:27)
	at com.kms.katalon.core.webui.keyword.builtin.ClickKeyword.click(ClickKeyword.groovy:86)
	at com.kms.katalon.core.webui.keyword.builtin.ClickKeyword.execute(ClickKeyword.groovy:67)
	at com.kms.katalon.core.keyword.internal.KeywordExecutor.executeKeywordForPlatform(KeywordExecutor.groovy:53)
	at com.kms.katalon.core.webui.keyword.WebUiBuiltInKeywords.click(WebUiBuiltInKeywords.groovy:616)
	at com.kms.katalon.core.webui.keyword.WebUiBuiltInKeywords$click$3.call(Unknown Source)
	at goToEnd_stm_autofill.run(goToEnd_stm_autofill:89)
	at com.kms.katalon.core.main.ScriptEngine.run(ScriptEngine.java:194)
	at com.kms.katalon.core.main.ScriptEngine.runScriptAsRawText(ScriptEngine.java:119)
	at com.kms.katalon.core.main.TestCaseExecutor.runScript(TestCaseExecutor.java:328)
	at com.kms.katalon.core.main.TestCaseExecutor.doExecute(TestCaseExecutor.java:319)
	at com.kms.katalon.core.main.TestCaseExecutor.processExecutionPhase(TestCaseExecutor.java:298)
	at com.kms.katalon.core.main.TestCaseExecutor.accessMainPhase(TestCaseExecutor.java:290)
	at com.kms.katalon.core.main.TestCaseExecutor.execute(TestCaseExecutor.java:224)
	at com.kms.katalon.core.main.TestCaseMain.runTestCase(TestCaseMain.java:106)
	at com.kms.katalon.core.keyword.builtin.CallTestCaseKeyword$_callTestCase_closure1.doCall(CallTestCaseKeyword.groovy:59)
	at com.kms.katalon.core.keyword.builtin.CallTestCaseKeyword$_callTestCase_closure1.call(CallTestCaseKeyword.groovy)
	at com.kms.katalon.core.keyword.internal.KeywordMain.runKeyword(KeywordMain.groovy:54)
	at com.kms.katalon.core.keyword.builtin.CallTestCaseKeyword.callTestCase(CallTestCaseKeyword.groovy:80)
	at com.kms.katalon.core.keyword.builtin.CallTestCaseKeyword.execute(CallTestCaseKeyword.groovy:44)
	at com.kms.katalon.core.keyword.internal.KeywordExecutor.executeKeywordForPlatform(KeywordExecutor.groovy:53)
	at com.kms.katalon.core.keyword.BuiltinKeywords.callTestCase(BuiltinKeywords.groovy:334)
	at AdvantHealth.run(AdvantHealth:35)
	at com.kms.katalon.core.main.ScriptEngine.run(ScriptEngine.java:194)
	at com.kms.katalon.core.main.ScriptEngine.runScriptAsRawText(ScriptEngine.java:119)
	at com.kms.katalon.core.main.TestCaseExecutor.runScript(TestCaseExecutor.java:328)
	at com.kms.katalon.core.main.TestCaseExecutor.doExecute(TestCaseExecutor.java:319)
	at com.kms.katalon.core.main.TestCaseExecutor.processExecutionPhase(TestCaseExecutor.java:298)
	at com.kms.katalon.core.main.TestCaseExecutor.accessMainPhase(TestCaseExecutor.java:290)
	at com.kms.katalon.core.main.TestCaseExecutor.execute(TestCaseExecutor.java:224)
	at com.kms.katalon.core.main.TestSuiteExecutor.accessTestCaseMainPhase(TestSuiteExecutor.java:129)
	at com.kms.katalon.core.main.TestSuiteExecutor.accessTestSuiteMainPhase(TestSuiteExecutor.java:112)
	at com.kms.katalon.core.main.TestSuiteExecutor.execute(TestSuiteExecutor.java:81)
	at com.kms.katalon.core.main.TestCaseMain.startTestSuite(TestCaseMain.java:149)
	at com.kms.katalon.core.main.TestCaseMain$startTestSuite$0.call(Unknown Source)
	at TempTestSuite1566206810208.run(TempTestSuite1566206810208.groovy:36)


2019-08-19 05:31:07 - [MESSAGE][INFO] - Unable to find the element located by 'By.xpath: //div[@id = 'js-signature-tab' and (text() = 'CLICK TO SIGN↓' or . = 'CLICK TO SIGN↓')]'. Please recheck the objects properties to make sure the desired element is located. 

2019-08-19 05:31:07 - [MESSAGE][FAILED] - Unable to click on object 'Object Repository/mobileSanity/STM/Page_App Page 4/div_CLICK TO SIGN' (Root cause: com.kms.katalon.core.webui.exception.WebElementNotFoundException: Web element with id: 'Object Repository/mobileSanity/STM/Page_App Page 4/div_CLICK TO SIGN' located by 'By.xpath: //div[@id = 'js-signature-tab' and (text() = 'CLICK TO SIGN↓' or . = 'CLICK TO SIGN↓')]' not found)
[[ATTACHMENT|D:\\Test\\AgileTest\\Reports\\mobileWeb\\stm\\20190819_052650\\1566207067352.png]]

2019-08-19 05:31:07 - [MESSAGE][FAILED] - click(findTestObject("mobileSanity/STM/Page_App Page 4/div_CLICK TO SIGN")) FAILED.
Reason:
com.kms.katalon.core.exception.StepFailedException: Unable to click on object 'Object Repository/mobileSanity/STM/Page_App Page 4/div_CLICK TO SIGN' (Root cause: com.kms.katalon.core.webui.exception.WebElementNotFoundException: Web element with id: 'Object Repository/mobileSanity/STM/Page_App Page 4/div_CLICK TO SIGN' located by 'By.xpath: //div[@id = 'js-signature-tab' and (text() = 'CLICK TO SIGN↓' or . = 'CLICK TO SIGN↓')]' not found)
	at com.kms.katalon.core.keyword.internal.KeywordMain.stepFailed(KeywordMain.groovy:36)
	at com.kms.katalon.core.webui.keyword.internal.WebUIKeywordMain.stepFailed(WebUIKeywordMain.groovy:65)
	at com.kms.katalon.core.webui.keyword.internal.WebUIKeywordMain.runKeyword(WebUIKeywordMain.groovy:27)
	at com.kms.katalon.core.webui.keyword.builtin.ClickKeyword.click(ClickKeyword.groovy:86)
	at com.kms.katalon.core.webui.keyword.builtin.ClickKeyword.execute(ClickKeyword.groovy:67)
	at com.kms.katalon.core.keyword.internal.KeywordExecutor.executeKeywordForPlatform(KeywordExecutor.groovy:53)
	at com.kms.katalon.core.webui.keyword.WebUiBuiltInKeywords.click(WebUiBuiltInKeywords.groovy:616)
	at com.kms.katalon.core.webui.keyword.WebUiBuiltInKeywords$click$3.call(Unknown Source)
	at goToEnd_stm_autofill.run(goToEnd_stm_autofill:89)
	at com.kms.katalon.core.main.ScriptEngine.run(ScriptEngine.java:194)
	at com.kms.katalon.core.main.ScriptEngine.runScriptAsRawText(ScriptEngine.java:119)
	at com.kms.katalon.core.main.TestCaseExecutor.runScript(TestCaseExecutor.java:328)
	at com.kms.katalon.core.main.TestCaseExecutor.doExecute(TestCaseExecutor.java:319)
	at com.kms.katalon.core.main.TestCaseExecutor.processExecutionPhase(TestCaseExecutor.java:298)
	at com.kms.katalon.core.main.TestCaseExecutor.accessMainPhase(TestCaseExecutor.java:290)
	at com.kms.katalon.core.main.TestCaseExecutor.execute(TestCaseExecutor.java:224)
	at com.kms.katalon.core.main.TestCaseMain.runTestCase(TestCaseMain.java:106)
	at com.kms.katalon.core.keyword.builtin.CallTestCaseKeyword$_callTestCase_closure1.doCall(CallTestCaseKeyword.groovy:59)
	at com.kms.katalon.core.keyword.builtin.CallTestCaseKeyword$_callTestCase_closure1.call(CallTestCaseKeyword.groovy)
	at com.kms.katalon.core.keyword.internal.KeywordMain.runKeyword(KeywordMain.groovy:54)
	at com.kms.katalon.core.keyword.builtin.CallTestCaseKeyword.callTestCase(CallTestCaseKeyword.groovy:80)
	at com.kms.katalon.core.keyword.builtin.CallTestCaseKeyword.execute(CallTestCaseKeyword.groovy:44)
	at com.kms.katalon.core.keyword.internal.KeywordExecutor.executeKeywordForPlatform(KeywordExecutor.groovy:53)
	at com.kms.katalon.core.keyword.BuiltinKeywords.callTestCase(BuiltinKeywords.groovy:334)
	at AdvantHealth.run(AdvantHealth:35)
	at com.kms.katalon.core.main.ScriptEngine.run(ScriptEngine.java:194)
	at com.kms.katalon.core.main.ScriptEngine.runScriptAsRawText(ScriptEngine.java:119)
	at com.kms.katalon.core.main.TestCaseExecutor.runScript(TestCaseExecutor.java:328)
	at com.kms.katalon.core.main.TestCaseExecutor.doExecute(TestCaseExecutor.java:319)
	at com.kms.katalon.core.main.TestCaseExecutor.processExecutionPhase(TestCaseExecutor.java:298)
	at com.kms.katalon.core.main.TestCaseExecutor.accessMainPhase(TestCaseExecutor.java:290)
	at com.kms.katalon.core.main.TestCaseExecutor.execute(TestCaseExecutor.java:224)
	at com.kms.katalon.core.main.TestSuiteExecutor.accessTestCaseMainPhase(TestSuiteExecutor.java:129)
	at com.kms.katalon.core.main.TestSuiteExecutor.accessTestSuiteMainPhase(TestSuiteExecutor.java:112)
	at com.kms.katalon.core.main.TestSuiteExecutor.execute(TestSuiteExecutor.java:81)
	at com.kms.katalon.core.main.TestCaseMain.startTestSuite(TestCaseMain.java:149)
	at com.kms.katalon.core.main.TestCaseMain$startTestSuite$0.call(Unknown Source)
	at TempTestSuite1566206810208.run(TempTestSuite1566206810208.groovy:36)


2019-08-19 05:31:07 - [MESSAGE][FAILED] - Unable to call Test Case 'Test Cases/mobileWeb/_include/goToEnd_stm_autofill' (Root cause: com.kms.katalon.core.exception.StepFailedException: Call Test Case 'Test Cases/mobileWeb/_include/goToEnd_stm_autofill' failed)

2019-08-19 05:31:07 - [MESSAGE][FAILED] - callTestCase(findTestCase("mobileWeb/_include/goToEnd_stm_autofill"), [:], STOP_ON_FAILURE) FAILED.
Reason:
com.kms.katalon.core.exception.StepFailedException: Unable to click on object 'Object Repository/mobileSanity/STM/Page_App Page 4/div_CLICK TO SIGN' (Root cause: com.kms.katalon.core.webui.exception.WebElementNotFoundException: Web element with id: 'Object Repository/mobileSanity/STM/Page_App Page 4/div_CLICK TO SIGN' located by 'By.xpath: //div[@id = 'js-signature-tab' and (text() = 'CLICK TO SIGN↓' or . = 'CLICK TO SIGN↓')]' not found)
	at com.kms.katalon.core.keyword.internal.KeywordMain.stepFailed(KeywordMain.groovy:36)
	at com.kms.katalon.core.webui.keyword.internal.WebUIKeywordMain.stepFailed(WebUIKeywordMain.groovy:65)
	at com.kms.katalon.core.webui.keyword.internal.WebUIKeywordMain.runKeyword(WebUIKeywordMain.groovy:27)
	at com.kms.katalon.core.webui.keyword.builtin.ClickKeyword.click(ClickKeyword.groovy:86)
	at com.kms.katalon.core.webui.keyword.builtin.ClickKeyword.execute(ClickKeyword.groovy:67)
	at com.kms.katalon.core.keyword.internal.KeywordExecutor.executeKeywordForPlatform(KeywordExecutor.groovy:53)
	at com.kms.katalon.core.webui.keyword.WebUiBuiltInKeywords.click(WebUiBuiltInKeywords.groovy:616)
	at com.kms.katalon.core.webui.keyword.WebUiBuiltInKeywords$click$3.call(Unknown Source)
	at goToEnd_stm_autofill.run(goToEnd_stm_autofill:89)
	at com.kms.katalon.core.main.ScriptEngine.run(ScriptEngine.java:194)
	at com.kms.katalon.core.main.ScriptEngine.runScriptAsRawText(ScriptEngine.java:119)
	at com.kms.katalon.core.main.TestCaseExecutor.runScript(TestCaseExecutor.java:328)
	at com.kms.katalon.core.main.TestCaseExecutor.doExecute(TestCaseExecutor.java:319)
	at com.kms.katalon.core.main.TestCaseExecutor.processExecutionPhase(TestCaseExecutor.java:298)
	at com.kms.katalon.core.main.TestCaseExecutor.accessMainPhase(TestCaseExecutor.java:290)
	at com.kms.katalon.core.main.TestCaseExecutor.execute(TestCaseExecutor.java:224)
	at com.kms.katalon.core.main.TestCaseMain.runTestCase(TestCaseMain.java:106)
	at com.kms.katalon.core.keyword.builtin.CallTestCaseKeyword$_callTestCase_closure1.doCall(CallTestCaseKeyword.groovy:59)
	at com.kms.katalon.core.keyword.builtin.CallTestCaseKeyword$_callTestCase_closure1.call(CallTestCaseKeyword.groovy)
	at com.kms.katalon.core.keyword.internal.KeywordMain.runKeyword(KeywordMain.groovy:54)
	at com.kms.katalon.core.keyword.builtin.CallTestCaseKeyword.callTestCase(CallTestCaseKeyword.groovy:80)
	at com.kms.katalon.core.keyword.builtin.CallTestCaseKeyword.execute(CallTestCaseKeyword.groovy:44)
	at com.kms.katalon.core.keyword.internal.KeywordExecutor.executeKeywordForPlatform(KeywordExecutor.groovy:53)
	at com.kms.katalon.core.keyword.BuiltinKeywords.callTestCase(BuiltinKeywords.groovy:334)
	at AdvantHealth.run(AdvantHealth:35)
	at com.kms.katalon.core.main.ScriptEngine.run(ScriptEngine.java:194)
	at com.kms.katalon.core.main.ScriptEngine.runScriptAsRawText(ScriptEngine.java:119)
	at com.kms.katalon.core.main.TestCaseExecutor.runScript(TestCaseExecutor.java:328)
	at com.kms.katalon.core.main.TestCaseExecutor.doExecute(TestCaseExecutor.java:319)
	at com.kms.katalon.core.main.TestCaseExecutor.processExecutionPhase(TestCaseExecutor.java:298)
	at com.kms.katalon.core.main.TestCaseExecutor.accessMainPhase(TestCaseExecutor.java:290)
	at com.kms.katalon.core.main.TestCaseExecutor.execute(TestCaseExecutor.java:224)
	at com.kms.katalon.core.main.TestSuiteExecutor.accessTestCaseMainPhase(TestSuiteExecutor.java:129)
	at com.kms.katalon.core.main.TestSuiteExecutor.accessTestSuiteMainPhase(TestSuiteExecutor.java:112)
	at com.kms.katalon.core.main.TestSuiteExecutor.execute(TestSuiteExecutor.java:81)
	at com.kms.katalon.core.main.TestCaseMain.startTestSuite(TestCaseMain.java:149)
	at com.kms.katalon.core.main.TestCaseMain$startTestSuite$0.call(Unknown Source)
	at TempTestSuite1566206810208.run(TempTestSuite1566206810208.groovy:36)]]></system-out>
         <system-err><![CDATA[2019-08-19 05:29:15 - [TEST_CASE][FAILED] - Test Cases/mobileWeb/stm/AdvantHealth: Test Cases/mobileWeb/stm/AdvantHealth FAILED.
Reason:
com.kms.katalon.core.exception.StepFailedException: Unable to click on object 'Object Repository/mobileSanity/STM/Page_App Page 4/div_CLICK TO SIGN' (Root cause: com.kms.katalon.core.webui.exception.WebElementNotFoundException: Web element with id: 'Object Repository/mobileSanity/STM/Page_App Page 4/div_CLICK TO SIGN' located by 'By.xpath: //div[@id = 'js-signature-tab' and (text() = 'CLICK TO SIGN↓' or . = 'CLICK TO SIGN↓')]' not found)
	at com.kms.katalon.core.keyword.internal.KeywordMain.stepFailed(KeywordMain.groovy:36)
	at com.kms.katalon.core.webui.keyword.internal.WebUIKeywordMain.stepFailed(WebUIKeywordMain.groovy:65)
	at com.kms.katalon.core.webui.keyword.internal.WebUIKeywordMain.runKeyword(WebUIKeywordMain.groovy:27)
	at com.kms.katalon.core.webui.keyword.builtin.ClickKeyword.click(ClickKeyword.groovy:86)
	at com.kms.katalon.core.webui.keyword.builtin.ClickKeyword.execute(ClickKeyword.groovy:67)
	at com.kms.katalon.core.keyword.internal.KeywordExecutor.executeKeywordForPlatform(KeywordExecutor.groovy:53)
	at com.kms.katalon.core.webui.keyword.WebUiBuiltInKeywords.click(WebUiBuiltInKeywords.groovy:616)
	at com.kms.katalon.core.webui.keyword.WebUiBuiltInKeywords$click$3.call(Unknown Source)
	at goToEnd_stm_autofill.run(goToEnd_stm_autofill:89)
	at com.kms.katalon.core.main.ScriptEngine.run(ScriptEngine.java:194)
	at com.kms.katalon.core.main.ScriptEngine.runScriptAsRawText(ScriptEngine.java:119)
	at com.kms.katalon.core.main.TestCaseExecutor.runScript(TestCaseExecutor.java:328)
	at com.kms.katalon.core.main.TestCaseExecutor.doExecute(TestCaseExecutor.java:319)
	at com.kms.katalon.core.main.TestCaseExecutor.processExecutionPhase(TestCaseExecutor.java:298)
	at com.kms.katalon.core.main.TestCaseExecutor.accessMainPhase(TestCaseExecutor.java:290)
	at com.kms.katalon.core.main.TestCaseExecutor.execute(TestCaseExecutor.java:224)
	at com.kms.katalon.core.main.TestCaseMain.runTestCase(TestCaseMain.java:106)
	at com.kms.katalon.core.keyword.builtin.CallTestCaseKeyword$_callTestCase_closure1.doCall(CallTestCaseKeyword.groovy:59)
	at com.kms.katalon.core.keyword.builtin.CallTestCaseKeyword$_callTestCase_closure1.call(CallTestCaseKeyword.groovy)
	at com.kms.katalon.core.keyword.internal.KeywordMain.runKeyword(KeywordMain.groovy:54)
	at com.kms.katalon.core.keyword.builtin.CallTestCaseKeyword.callTestCase(CallTestCaseKeyword.groovy:80)
	at com.kms.katalon.core.keyword.builtin.CallTestCaseKeyword.execute(CallTestCaseKeyword.groovy:44)
	at com.kms.katalon.core.keyword.internal.KeywordExecutor.executeKeywordForPlatform(KeywordExecutor.groovy:53)
	at com.kms.katalon.core.keyword.BuiltinKeywords.callTestCase(BuiltinKeywords.groovy:334)
	at AdvantHealth.run(AdvantHealth:35)
	at com.kms.katalon.core.main.ScriptEngine.run(ScriptEngine.java:194)
	at com.kms.katalon.core.main.ScriptEngine.runScriptAsRawText(ScriptEngine.java:119)
	at com.kms.katalon.core.main.TestCaseExecutor.runScript(TestCaseExecutor.java:328)
	at com.kms.katalon.core.main.TestCaseExecutor.doExecute(TestCaseExecutor.java:319)
	at com.kms.katalon.core.main.TestCaseExecutor.processExecutionPhase(TestCaseExecutor.java:298)
	at com.kms.katalon.core.main.TestCaseExecutor.accessMainPhase(TestCaseExecutor.java:290)
	at com.kms.katalon.core.main.TestCaseExecutor.execute(TestCaseExecutor.java:224)
	at com.kms.katalon.core.main.TestSuiteExecutor.accessTestCaseMainPhase(TestSuiteExecutor.java:129)
	at com.kms.katalon.core.main.TestSuiteExecutor.accessTestSuiteMainPhase(TestSuiteExecutor.java:112)
	at com.kms.katalon.core.main.TestSuiteExecutor.execute(TestSuiteExecutor.java:81)
	at com.kms.katalon.core.main.TestCaseMain.startTestSuite(TestCaseMain.java:149)
	at com.kms.katalon.core.main.TestCaseMain$startTestSuite$0.call(Unknown Source)
	at TempTestSuite1566206810208.run(TempTestSuite1566206810208.groovy:36)]]></system-err>
      </testcase>
      <testcase name="Test Cases/mobileWeb/stm/Companion" classname="Test Cases/mobileWeb/stm/Companion" status="FAILED">
         <failure type="FAILED" message="Test Cases/mobileWeb/stm/Companion FAILED.
Reason:
com.kms.katalon.core.exception.StepFailedException: Unable to click on object 'Object Repository/mobileSanity/STM/Page_App Page 4/div_CLICK TO SIGN' (Root cause: com.kms.katalon.core.webui.exception.WebElementNotFoundException: Web element with id: 'Object Repository/mobileSanity/STM/Page_App Page 4/div_CLICK TO SIGN' located by 'By.xpath: //div[@id = 'js-signature-tab' and (text() = 'CLICK TO SIGN↓' or . = 'CLICK TO SIGN↓')]' not found)
	at com.kms.katalon.core.keyword.internal.KeywordMain.stepFailed(KeywordMain.groovy:36)
	at com.kms.katalon.core.webui.keyword.internal.WebUIKeywordMain.stepFailed(WebUIKeywordMain.groovy:65)
	at com.kms.katalon.core.webui.keyword.internal.WebUIKeywordMain.runKeyword(WebUIKeywordMain.groovy:27)
	at com.kms.katalon.core.webui.keyword.builtin.ClickKeyword.click(ClickKeyword.groovy:86)
	at com.kms.katalon.core.webui.keyword.builtin.ClickKeyword.execute(ClickKeyword.groovy:67)
	at com.kms.katalon.core.keyword.internal.KeywordExecutor.executeKeywordForPlatform(KeywordExecutor.groovy:53)
	at com.kms.katalon.core.webui.keyword.WebUiBuiltInKeywords.click(WebUiBuiltInKeywords.groovy:616)
	at com.kms.katalon.core.webui.keyword.WebUiBuiltInKeywords$click$3.call(Unknown Source)
	at goToEnd_stm_autofill.run(goToEnd_stm_autofill:89)
	at com.kms.katalon.core.main.ScriptEngine.run(ScriptEngine.java:194)
	at com.kms.katalon.core.main.ScriptEngine.runScriptAsRawText(ScriptEngine.java:119)
	at com.kms.katalon.core.main.TestCaseExecutor.runScript(TestCaseExecutor.java:328)
	at com.kms.katalon.core.main.TestCaseExecutor.doExecute(TestCaseExecutor.java:319)
	at com.kms.katalon.core.main.TestCaseExecutor.processExecutionPhase(TestCaseExecutor.java:298)
	at com.kms.katalon.core.main.TestCaseExecutor.accessMainPhase(TestCaseExecutor.java:290)
	at com.kms.katalon.core.main.TestCaseExecutor.execute(TestCaseExecutor.java:224)
	at com.kms.katalon.core.main.TestCaseMain.runTestCase(TestCaseMain.java:106)
	at com.kms.katalon.core.keyword.builtin.CallTestCaseKeyword$_callTestCase_closure1.doCall(CallTestCaseKeyword.groovy:59)
	at com.kms.katalon.core.keyword.builtin.CallTestCaseKeyword$_callTestCase_closure1.call(CallTestCaseKeyword.groovy)
	at com.kms.katalon.core.keyword.internal.KeywordMain.runKeyword(KeywordMain.groovy:54)
	at com.kms.katalon.core.keyword.builtin.CallTestCaseKeyword.callTestCase(CallTestCaseKeyword.groovy:80)
	at com.kms.katalon.core.keyword.builtin.CallTestCaseKeyword.execute(CallTestCaseKeyword.groovy:44)
	at com.kms.katalon.core.keyword.internal.KeywordExecutor.executeKeywordForPlatform(KeywordExecutor.groovy:53)
	at com.kms.katalon.core.keyword.BuiltinKeywords.callTestCase(BuiltinKeywords.groovy:334)
	at Companion.run(Companion:31)
	at com.kms.katalon.core.main.ScriptEngine.run(ScriptEngine.java:194)
	at com.kms.katalon.core.main.ScriptEngine.runScriptAsRawText(ScriptEngine.java:119)
	at com.kms.katalon.core.main.TestCaseExecutor.runScript(TestCaseExecutor.java:328)
	at com.kms.katalon.core.main.TestCaseExecutor.doExecute(TestCaseExecutor.java:319)
	at com.kms.katalon.core.main.TestCaseExecutor.processExecutionPhase(TestCaseExecutor.java:298)
	at com.kms.katalon.core.main.TestCaseExecutor.accessMainPhase(TestCaseExecutor.java:290)
	at com.kms.katalon.core.main.TestCaseExecutor.execute(TestCaseExecutor.java:224)
	at com.kms.katalon.core.main.TestSuiteExecutor.accessTestCaseMainPhase(TestSuiteExecutor.java:129)
	at com.kms.katalon.core.main.TestSuiteExecutor.accessTestSuiteMainPhase(TestSuiteExecutor.java:112)
	at com.kms.katalon.core.main.TestSuiteExecutor.execute(TestSuiteExecutor.java:81)
	at com.kms.katalon.core.main.TestCaseMain.startTestSuite(TestCaseMain.java:149)
	at com.kms.katalon.core.main.TestCaseMain$startTestSuite$0.call(Unknown Source)
	at TempTestSuite1566206810208.run(TempTestSuite1566206810208.groovy:36)
"/>
         <system-out><![CDATA[2019-08-19 05:31:07 - [TEST_CASE][FAILED] - Test Cases/mobileWeb/stm/Companion: Test Cases/mobileWeb/stm/Companion FAILED.
Reason:
com.kms.katalon.core.exception.StepFailedException: Unable to click on object 'Object Repository/mobileSanity/STM/Page_App Page 4/div_CLICK TO SIGN' (Root cause: com.kms.katalon.core.webui.exception.WebElementNotFoundException: Web element with id: 'Object Repository/mobileSanity/STM/Page_App Page 4/div_CLICK TO SIGN' located by 'By.xpath: //div[@id = 'js-signature-tab' and (text() = 'CLICK TO SIGN↓' or . = 'CLICK TO SIGN↓')]' not found)
	at com.kms.katalon.core.keyword.internal.KeywordMain.stepFailed(KeywordMain.groovy:36)
	at com.kms.katalon.core.webui.keyword.internal.WebUIKeywordMain.stepFailed(WebUIKeywordMain.groovy:65)
	at com.kms.katalon.core.webui.keyword.internal.WebUIKeywordMain.runKeyword(WebUIKeywordMain.groovy:27)
	at com.kms.katalon.core.webui.keyword.builtin.ClickKeyword.click(ClickKeyword.groovy:86)
	at com.kms.katalon.core.webui.keyword.builtin.ClickKeyword.execute(ClickKeyword.groovy:67)
	at com.kms.katalon.core.keyword.internal.KeywordExecutor.executeKeywordForPlatform(KeywordExecutor.groovy:53)
	at com.kms.katalon.core.webui.keyword.WebUiBuiltInKeywords.click(WebUiBuiltInKeywords.groovy:616)
	at com.kms.katalon.core.webui.keyword.WebUiBuiltInKeywords$click$3.call(Unknown Source)
	at goToEnd_stm_autofill.run(goToEnd_stm_autofill:89)
	at com.kms.katalon.core.main.ScriptEngine.run(ScriptEngine.java:194)
	at com.kms.katalon.core.main.ScriptEngine.runScriptAsRawText(ScriptEngine.java:119)
	at com.kms.katalon.core.main.TestCaseExecutor.runScript(TestCaseExecutor.java:328)
	at com.kms.katalon.core.main.TestCaseExecutor.doExecute(TestCaseExecutor.java:319)
	at com.kms.katalon.core.main.TestCaseExecutor.processExecutionPhase(TestCaseExecutor.java:298)
	at com.kms.katalon.core.main.TestCaseExecutor.accessMainPhase(TestCaseExecutor.java:290)
	at com.kms.katalon.core.main.TestCaseExecutor.execute(TestCaseExecutor.java:224)
	at com.kms.katalon.core.main.TestCaseMain.runTestCase(TestCaseMain.java:106)
	at com.kms.katalon.core.keyword.builtin.CallTestCaseKeyword$_callTestCase_closure1.doCall(CallTestCaseKeyword.groovy:59)
	at com.kms.katalon.core.keyword.builtin.CallTestCaseKeyword$_callTestCase_closure1.call(CallTestCaseKeyword.groovy)
	at com.kms.katalon.core.keyword.internal.KeywordMain.runKeyword(KeywordMain.groovy:54)
	at com.kms.katalon.core.keyword.builtin.CallTestCaseKeyword.callTestCase(CallTestCaseKeyword.groovy:80)
	at com.kms.katalon.core.keyword.builtin.CallTestCaseKeyword.execute(CallTestCaseKeyword.groovy:44)
	at com.kms.katalon.core.keyword.internal.KeywordExecutor.executeKeywordForPlatform(KeywordExecutor.groovy:53)
	at com.kms.katalon.core.keyword.BuiltinKeywords.callTestCase(BuiltinKeywords.groovy:334)
	at Companion.run(Companion:31)
	at com.kms.katalon.core.main.ScriptEngine.run(ScriptEngine.java:194)
	at com.kms.katalon.core.main.ScriptEngine.runScriptAsRawText(ScriptEngine.java:119)
	at com.kms.katalon.core.main.TestCaseExecutor.runScript(TestCaseExecutor.java:328)
	at com.kms.katalon.core.main.TestCaseExecutor.doExecute(TestCaseExecutor.java:319)
	at com.kms.katalon.core.main.TestCaseExecutor.processExecutionPhase(TestCaseExecutor.java:298)
	at com.kms.katalon.core.main.TestCaseExecutor.accessMainPhase(TestCaseExecutor.java:290)
	at com.kms.katalon.core.main.TestCaseExecutor.execute(TestCaseExecutor.java:224)
	at com.kms.katalon.core.main.TestSuiteExecutor.accessTestCaseMainPhase(TestSuiteExecutor.java:129)
	at com.kms.katalon.core.main.TestSuiteExecutor.accessTestSuiteMainPhase(TestSuiteExecutor.java:112)
	at com.kms.katalon.core.main.TestSuiteExecutor.execute(TestSuiteExecutor.java:81)
	at com.kms.katalon.core.main.TestCaseMain.startTestSuite(TestCaseMain.java:149)
	at com.kms.katalon.core.main.TestCaseMain$startTestSuite$0.call(Unknown Source)
	at TempTestSuite1566206810208.run(TempTestSuite1566206810208.groovy:36)


2019-08-19 05:31:08 - [TEST_STEP][PASSED] - callTestCase(findTestCase("mobileWeb/_include/get_screenPath"), ["productLine":"stm", "carrierName":"Companion"], CONTINUE_ON_FAILURE): Call Test Case 'Test Cases/mobileWeb/_include/get_screenPath' successfully

2019-08-19 05:31:08 - [TEST_CASE][PASSED] - Test Cases/mobileWeb/_include/get_screenPath: Test Cases/mobileWeb/_include/get_screenPath

2019-08-19 05:31:08 - [TEST_STEP][PASSED] - m = getExecutionProperties(): null

2019-08-19 05:31:08 - [TEST_STEP][PASSED] - deviceName = get("mobileEmulation").get("deviceName"): null

2019-08-19 05:31:08 - [TEST_STEP][PASSED] - println(deviceName): null

2019-08-19 05:31:08 - [TEST_STEP][PASSED] - now = new java.util.Date(): null

2019-08-19 05:31:08 - [TEST_STEP][PASSED] - mydate = now.format("yyyyMMdd_HHmmss"): null

2019-08-19 05:31:08 - [TEST_STEP][PASSED] - screenPath = "../Screenshots/": null

2019-08-19 05:31:08 - [TEST_STEP][PASSED] - screenPath = screenPath + deviceName + "/" + productLine + "/" + carrierName + "/" + mydate + "/": null

2019-08-19 05:31:08 - [TEST_STEP][PASSED] - println(screenPath): null

2019-08-19 05:31:08 - [MESSAGE][PASSED] - Call Test Case 'Test Cases/mobileWeb/_include/get_screenPath' successfully

2019-08-19 05:31:08 - [TEST_STEP][PASSED] - i = 0: null

2019-08-19 05:31:08 - [TEST_STEP][PASSED] - callTestCase(findTestCase("mobileWeb/_include/openWebSite"), [:], CONTINUE_ON_FAILURE): Call Test Case 'Test Cases/mobileWeb/_include/openWebSite' successfully

2019-08-19 05:31:08 - [TEST_CASE][PASSED] - Test Cases/mobileWeb/_include/openWebSite: Test Cases/mobileWeb/_include/openWebSite

2019-08-19 05:31:08 - [TEST_STEP][PASSED] - openBrowser(env): Browser is opened with url: 'https://praetemptatus.agilehealthinsurance.com'

2019-08-19 05:31:08 - [MESSAGE][WARNING] - A browser is already opened. Closing browser and opening a new one

2019-08-19 05:31:12 - [MESSAGE][INFO] - Starting 'Chrome' driver

2019-08-19 05:31:12 - [MESSAGE][INFO] - User set preference: ['mobileEmulation', '{deviceName=iPhone 6}']

2019-08-19 05:31:12 - [MESSAGE][INFO] - User set preference: ['args', '[--incognito, --aggressive-cache-discard, --window-size=375,677, --no-sandbox]']

2019-08-19 05:31:18 - [MESSAGE][PASSED] - Browser is opened with url: 'https://praetemptatus.agilehealthinsurance.com'

2019-08-19 05:31:18 - [TEST_STEP][PASSED] - waitForPageLoad(20): Wait for page load successfully

2019-08-19 05:31:18 - [MESSAGE][PASSED] - Wait for page load successfully

2019-08-19 05:31:18 - [TEST_STEP][PASSED] - callTestCase(findTestCase("mobileWeb/_include/get_screenshot"), [:], STOP_ON_FAILURE): Call Test Case 'Test Cases/mobileWeb/_include/get_screenshot' successfully

2019-08-19 05:31:18 - [TEST_CASE][PASSED] - Test Cases/mobileWeb/_include/get_screenshot: Test Cases/mobileWeb/_include/get_screenshot

2019-08-19 05:31:18 - [TEST_STEP][PASSED] - takeScreenshot(screenPath + i + ".png"): Taking screenshot successfully

2019-08-19 05:31:22 - [MESSAGE][PASSED] - Taking screenshot successfully
[[ATTACHMENT|D:\\Test\\AgileTest\\Reports\\mobileWeb\\stm\\20190819_052650\\../Screenshots/iPhone 6/stm/Companion/20190819_053108/0.png]]

2019-08-19 05:31:22 - [TEST_STEP][PASSED] - (internal.GlobalVariable.i++): null

2019-08-19 05:31:22 - [MESSAGE][PASSED] - Call Test Case 'Test Cases/mobileWeb/_include/get_screenshot' successfully

2019-08-19 05:31:22 - [MESSAGE][PASSED] - Call Test Case 'Test Cases/mobileWeb/_include/openWebSite' successfully

2019-08-19 05:31:22 - [TEST_STEP][PASSED] - callTestCase(findTestCase("mobileWeb/_include/census_stm"), [:], CONTINUE_ON_FAILURE): Call Test Case 'Test Cases/mobileWeb/_include/census_stm' successfully

2019-08-19 05:31:22 - [TEST_CASE][PASSED] - Test Cases/mobileWeb/_include/census_stm: Test Cases/mobileWeb/_include/census_stm

2019-08-19 05:31:22 - [TEST_STEP][PASSED] - waitForElementClickable(findTestObject("mobileSanity/STM/Home Page/a_Quote  Save Today"), 10): Object 'Object Repository/mobileSanity/STM/Home Page/a_Quote  Save Today' is clickable

2019-08-19 05:31:22 - [MESSAGE][PASSED] - Object 'Object Repository/mobileSanity/STM/Home Page/a_Quote  Save Today' is clickable

2019-08-19 05:31:22 - [TEST_STEP][PASSED] - click(findTestObject("mobileSanity/STM/Home Page/a_Quote  Save Today")): Object: 'Object Repository/mobileSanity/STM/Home Page/a_Quote  Save Today' is clicked on

2019-08-19 05:31:24 - [MESSAGE][PASSED] - Object: 'Object Repository/mobileSanity/STM/Home Page/a_Quote  Save Today' is clicked on

2019-08-19 05:31:24 - [TEST_STEP][PASSED] - waitForPageLoad(10): Wait for page load successfully

2019-08-19 05:31:25 - [MESSAGE][PASSED] - Wait for page load successfully

2019-08-19 05:31:25 - [TEST_STEP][PASSED] - callTestCase(findTestCase("mobileWeb/_include/get_screenshot"), [:], STOP_ON_FAILURE): Call Test Case 'Test Cases/mobileWeb/_include/get_screenshot' successfully

2019-08-19 05:31:25 - [TEST_CASE][PASSED] - Test Cases/mobileWeb/_include/get_screenshot: Test Cases/mobileWeb/_include/get_screenshot

2019-08-19 05:31:25 - [TEST_STEP][PASSED] - takeScreenshot(screenPath + i + ".png"): Taking screenshot successfully

2019-08-19 05:31:25 - [MESSAGE][PASSED] - Taking screenshot successfully
[[ATTACHMENT|D:\\Test\\AgileTest\\Reports\\mobileWeb\\stm\\20190819_052650\\../Screenshots/iPhone 6/stm/Companion/20190819_053108/1.png]]

2019-08-19 05:31:25 - [TEST_STEP][PASSED] - (internal.GlobalVariable.i++): null

2019-08-19 05:31:25 - [MESSAGE][PASSED] - Call Test Case 'Test Cases/mobileWeb/_include/get_screenshot' successfully

2019-08-19 05:31:25 - [TEST_STEP][PASSED] - setText(findTestObject("mobileSanity/STM/STM Census Page/input_Location_zip-input"), zipcode): Text '35215' is set on object 'Object Repository/mobileSanity/STM/STM Census Page/input_Location_zip-input'

2019-08-19 05:31:26 - [MESSAGE][PASSED] - Text '35215' is set on object 'Object Repository/mobileSanity/STM/STM Census Page/input_Location_zip-input'

2019-08-19 05:31:26 - [TEST_STEP][PASSED] - Thread.sleep(500): null

2019-08-19 05:31:26 - [TEST_STEP][PASSED] - setText(findTestObject("mobileSanity/STM/STM Census Page/input_Date of Birth_dob-0"), "03031987"): Text '03031987' is set on object 'Object Repository/mobileSanity/STM/STM Census Page/input_Date of Birth_dob-0'

2019-08-19 05:31:28 - [MESSAGE][PASSED] - Text '03031987' is set on object 'Object Repository/mobileSanity/STM/STM Census Page/input_Date of Birth_dob-0'

2019-08-19 05:31:28 - [TEST_STEP][PASSED] - click(findTestObject("mobileSanity/STM/STM Census Page/label_Male")): Object: 'Object Repository/mobileSanity/STM/STM Census Page/label_Male' is clicked on

2019-08-19 05:31:29 - [MESSAGE][PASSED] - Object: 'Object Repository/mobileSanity/STM/STM Census Page/label_Male' is clicked on

2019-08-19 05:31:29 - [TEST_STEP][PASSED] - click(findTestObject("mobileSanity/STM/STM Census Page/label_Compare Plans")): Object: 'Object Repository/mobileSanity/STM/STM Census Page/label_Compare Plans' is clicked on

2019-08-19 05:31:33 - [MESSAGE][PASSED] - Object: 'Object Repository/mobileSanity/STM/STM Census Page/label_Compare Plans' is clicked on

2019-08-19 05:31:33 - [TEST_STEP][PASSED] - waitForElementVisible(findTestObject("mobileSanity/STM/STM Quote Page/button_sort"), 20): Object 'Object Repository/mobileSanity/STM/STM Quote Page/button_sort' is visible

2019-08-19 05:31:33 - [MESSAGE][PASSED] - Object 'Object Repository/mobileSanity/STM/STM Quote Page/button_sort' is visible

2019-08-19 05:31:33 - [TEST_STEP][PASSED] - Thread.sleep(3000): null

2019-08-19 05:31:36 - [TEST_STEP][PASSED] - callTestCase(findTestCase("mobileWeb/_include/get_screenshot"), [:], STOP_ON_FAILURE): Call Test Case 'Test Cases/mobileWeb/_include/get_screenshot' successfully

2019-08-19 05:31:36 - [TEST_CASE][PASSED] - Test Cases/mobileWeb/_include/get_screenshot: Test Cases/mobileWeb/_include/get_screenshot

2019-08-19 05:31:36 - [TEST_STEP][PASSED] - takeScreenshot(screenPath + i + ".png"): Taking screenshot successfully

2019-08-19 05:31:37 - [MESSAGE][PASSED] - Taking screenshot successfully
[[ATTACHMENT|D:\\Test\\AgileTest\\Reports\\mobileWeb\\stm\\20190819_052650\\../Screenshots/iPhone 6/stm/Companion/20190819_053108/2.png]]

2019-08-19 05:31:37 - [TEST_STEP][PASSED] - (internal.GlobalVariable.i++): null

2019-08-19 05:31:37 - [MESSAGE][PASSED] - Call Test Case 'Test Cases/mobileWeb/_include/get_screenshot' successfully

2019-08-19 05:31:37 - [TEST_STEP][PASSED] - Thread.sleep(1000): null

2019-08-19 05:31:38 - [MESSAGE][PASSED] - Call Test Case 'Test Cases/mobileWeb/_include/census_stm' successfully

2019-08-19 05:31:38 - [TEST_STEP][PASSED] - callTestCase(findTestCase("mobileWeb/_include/filter_stm"), ["carrier":"pivotcompanion"], STOP_ON_FAILURE): Call Test Case 'Test Cases/mobileWeb/_include/filter_stm' successfully

2019-08-19 05:31:38 - [TEST_CASE][PASSED] - Test Cases/mobileWeb/_include/filter_stm: Test Cases/mobileWeb/_include/filter_stm

2019-08-19 05:31:38 - [TEST_STEP][PASSED] - driver = getWebDriver(): null

2019-08-19 05:31:38 - [TEST_STEP][PASSED] - selenium = new com.thoughtworks.selenium.webdriven.WebDriverBackedSelenium(driver, internal.GlobalVariable.ENV): null

2019-08-19 05:31:38 - [TEST_STEP][PASSED] - Thread.sleep(1000): null

2019-08-19 05:31:39 - [TEST_STEP][PASSED] - click(findTestObject("mobileSanity/STM/STM Quote Page/button_filters")): Object: 'Object Repository/mobileSanity/STM/STM Quote Page/button_filters' is clicked on

2019-08-19 05:31:39 - [MESSAGE][PASSED] - Object: 'Object Repository/mobileSanity/STM/STM Quote Page/button_filters' is clicked on

2019-08-19 05:31:39 - [TEST_STEP][PASSED] - Thread.sleep(1000): null

2019-08-19 05:31:40 - [TEST_STEP][PASSED] - click(findTestObject("mobileSanity/STM/STM Quote Page/i_Insurance company")): Object: 'Object Repository/mobileSanity/STM/STM Quote Page/i_Insurance company' is clicked on

2019-08-19 05:31:40 - [MESSAGE][PASSED] - Object: 'Object Repository/mobileSanity/STM/STM Quote Page/i_Insurance company' is clicked on

2019-08-19 05:31:40 - [TEST_STEP][PASSED] - Thread.sleep(1000): null

2019-08-19 05:31:41 - [TEST_STEP][PASSED] - filter_carrier = "//input[@name='filter[carrier]' and @value='" + carrier + "']/following::label": null

2019-08-19 05:31:41 - [TEST_STEP][PASSED] - println(filter_carrier): null

2019-08-19 05:31:41 - [TEST_STEP][PASSED] - test.MobileKeywords.clickJS_ByXpath(filter_carrier): test.MobileKeywords.clickJS_ByXpath is PASSED

2019-08-19 05:31:42 - [MESSAGE][PASSED] - Execute JavaScript 'arguments[0].click()' successfully

2019-08-19 05:31:42 - [MESSAGE][PASSED] - test.MobileKeywords.clickJS_ByXpath is PASSED

2019-08-19 05:31:42 - [TEST_STEP][PASSED] - Thread.sleep(1000): null

2019-08-19 05:31:43 - [TEST_STEP][PASSED] - scrollToElement(findTestObject("mobileSanity/STM/STM Quote Page/a_Show Plans"), 1000): Scroll to object 'Object Repository/mobileSanity/STM/STM Quote Page/a_Show Plans' successfully

2019-08-19 05:31:43 - [MESSAGE][PASSED] - Scroll to object 'Object Repository/mobileSanity/STM/STM Quote Page/a_Show Plans' successfully

2019-08-19 05:31:43 - [TEST_STEP][PASSED] - click(findTestObject("mobileSanity/STM/STM Quote Page/a_Show Plans")): Object: 'Object Repository/mobileSanity/STM/STM Quote Page/a_Show Plans' is clicked on

2019-08-19 05:31:43 - [MESSAGE][PASSED] - Object: 'Object Repository/mobileSanity/STM/STM Quote Page/a_Show Plans' is clicked on

2019-08-19 05:31:43 - [TEST_STEP][PASSED] - waitForJQueryLoad(10, STOP_ON_FAILURE): jQuery is ready.

2019-08-19 05:31:43 - [MESSAGE][PASSED] - jQuery is ready.

2019-08-19 05:31:43 - [TEST_STEP][PASSED] - Thread.sleep(2000): null

2019-08-19 05:31:45 - [TEST_STEP][PASSED] - callTestCase(findTestCase("mobileWeb/_include/get_screenshot"), [:], STOP_ON_FAILURE): Call Test Case 'Test Cases/mobileWeb/_include/get_screenshot' successfully

2019-08-19 05:31:46 - [TEST_CASE][PASSED] - Test Cases/mobileWeb/_include/get_screenshot: Test Cases/mobileWeb/_include/get_screenshot

2019-08-19 05:31:46 - [TEST_STEP][PASSED] - takeScreenshot(screenPath + i + ".png"): Taking screenshot successfully

2019-08-19 05:31:46 - [MESSAGE][PASSED] - Taking screenshot successfully
[[ATTACHMENT|D:\\Test\\AgileTest\\Reports\\mobileWeb\\stm\\20190819_052650\\../Screenshots/iPhone 6/stm/Companion/20190819_053108/3.png]]

2019-08-19 05:31:46 - [TEST_STEP][PASSED] - (internal.GlobalVariable.i++): null

2019-08-19 05:31:46 - [MESSAGE][PASSED] - Call Test Case 'Test Cases/mobileWeb/_include/get_screenshot' successfully

2019-08-19 05:31:46 - [MESSAGE][PASSED] - Call Test Case 'Test Cases/mobileWeb/_include/filter_stm' successfully

2019-08-19 05:31:46 - [TEST_STEP][PASSED] - callTestCase(findTestCase("mobileWeb/_include/goToDetail_stm"), ["carrier":"pivot-health-choice"], STOP_ON_FAILURE): Call Test Case 'Test Cases/mobileWeb/_include/goToDetail_stm' successfully

2019-08-19 05:31:46 - [TEST_CASE][PASSED] - Test Cases/mobileWeb/_include/goToDetail_stm: Test Cases/mobileWeb/_include/goToDetail_stm

2019-08-19 05:31:46 - [TEST_STEP][PASSED] - driver = getWebDriver(): null

2019-08-19 05:31:46 - [TEST_STEP][PASSED] - selenium = new com.thoughtworks.selenium.webdriven.WebDriverBackedSelenium(driver, internal.GlobalVariable.ENV): null

2019-08-19 05:31:46 - [TEST_STEP][PASSED] - a_plan_name = "xpath=//a[contains(@href,'/term-health-insurance/plan/" + carrier + "')]": null

2019-08-19 05:31:46 - [TEST_STEP][PASSED] - println(a_plan_name): null

2019-08-19 05:31:46 - [TEST_STEP][PASSED] - selenium.click(a_plan_name): null

2019-08-19 05:31:47 - [TEST_STEP][PASSED] - waitForPageLoad(10): Wait for page load successfully

2019-08-19 05:31:47 - [MESSAGE][PASSED] - Wait for page load successfully

2019-08-19 05:31:47 - [TEST_STEP][PASSED] - Thread.sleep(2000): null

2019-08-19 05:31:49 - [TEST_STEP][PASSED] - callTestCase(findTestCase("mobileWeb/_include/get_screenshot"), [:], STOP_ON_FAILURE): Call Test Case 'Test Cases/mobileWeb/_include/get_screenshot' successfully

2019-08-19 05:31:49 - [TEST_CASE][PASSED] - Test Cases/mobileWeb/_include/get_screenshot: Test Cases/mobileWeb/_include/get_screenshot

2019-08-19 05:31:49 - [TEST_STEP][PASSED] - takeScreenshot(screenPath + i + ".png"): Taking screenshot successfully

2019-08-19 05:31:50 - [MESSAGE][PASSED] - Taking screenshot successfully
[[ATTACHMENT|D:\\Test\\AgileTest\\Reports\\mobileWeb\\stm\\20190819_052650\\../Screenshots/iPhone 6/stm/Companion/20190819_053108/4.png]]

2019-08-19 05:31:50 - [TEST_STEP][PASSED] - (internal.GlobalVariable.i++): null

2019-08-19 05:31:50 - [MESSAGE][PASSED] - Call Test Case 'Test Cases/mobileWeb/_include/get_screenshot' successfully

2019-08-19 05:31:50 - [MESSAGE][PASSED] - Call Test Case 'Test Cases/mobileWeb/_include/goToDetail_stm' successfully

2019-08-19 05:31:50 - [TEST_STEP][PASSED] - callTestCase(findTestCase("mobileWeb/_include/apply_stm"), [:], STOP_ON_FAILURE): Call Test Case 'Test Cases/mobileWeb/_include/apply_stm' successfully

2019-08-19 05:31:50 - [TEST_CASE][PASSED] - Test Cases/mobileWeb/_include/apply_stm: Test Cases/mobileWeb/_include/apply_stm

2019-08-19 05:31:50 - [TEST_STEP][PASSED] - waitForElementVisible(findTestObject("mobileSanity/STM/STM PlanDetail Page/a_Apply for This Plan"), 5): Object 'Object Repository/mobileSanity/STM/STM PlanDetail Page/a_Apply for This Plan' is visible

2019-08-19 05:31:50 - [MESSAGE][PASSED] - Object 'Object Repository/mobileSanity/STM/STM PlanDetail Page/a_Apply for This Plan' is visible

2019-08-19 05:31:50 - [TEST_STEP][PASSED] - click(findTestObject("mobileSanity/STM/STM PlanDetail Page/a_Apply for This Plan")): Object: 'Object Repository/mobileSanity/STM/STM PlanDetail Page/a_Apply for This Plan' is clicked on

2019-08-19 05:31:51 - [MESSAGE][PASSED] - Object: 'Object Repository/mobileSanity/STM/STM PlanDetail Page/a_Apply for This Plan' is clicked on

2019-08-19 05:31:51 - [TEST_STEP][PASSED] - waitForPageLoad(10): Wait for page load successfully

2019-08-19 05:31:51 - [MESSAGE][PASSED] - Wait for page load successfully

2019-08-19 05:31:51 - [TEST_STEP][PASSED] - Thread.sleep(2000): null

2019-08-19 05:31:53 - [TEST_STEP][PASSED] - callTestCase(findTestCase("mobileWeb/_include/get_screenshot"), [:], STOP_ON_FAILURE): Call Test Case 'Test Cases/mobileWeb/_include/get_screenshot' successfully

2019-08-19 05:31:53 - [TEST_CASE][PASSED] - Test Cases/mobileWeb/_include/get_screenshot: Test Cases/mobileWeb/_include/get_screenshot

2019-08-19 05:31:53 - [TEST_STEP][PASSED] - takeScreenshot(screenPath + i + ".png"): Taking screenshot successfully

2019-08-19 05:31:54 - [MESSAGE][PASSED] - Taking screenshot successfully
[[ATTACHMENT|D:\\Test\\AgileTest\\Reports\\mobileWeb\\stm\\20190819_052650\\../Screenshots/iPhone 6/stm/Companion/20190819_053108/5.png]]

2019-08-19 05:31:54 - [TEST_STEP][PASSED] - (internal.GlobalVariable.i++): null

2019-08-19 05:31:54 - [MESSAGE][PASSED] - Call Test Case 'Test Cases/mobileWeb/_include/get_screenshot' successfully

2019-08-19 05:31:54 - [TEST_STEP][PASSED] - waitForElementVisible(findTestObject("mobileSanity/STM/STM Apply Page/a_Start Secure Application"), 5): Object 'Object Repository/mobileSanity/STM/STM Apply Page/a_Start Secure Application' is visible

2019-08-19 05:31:54 - [MESSAGE][PASSED] - Object 'Object Repository/mobileSanity/STM/STM Apply Page/a_Start Secure Application' is visible

2019-08-19 05:31:54 - [TEST_STEP][PASSED] - click(findTestObject("mobileSanity/STM/STM Apply Page/a_Start Secure Application")): Object: 'Object Repository/mobileSanity/STM/STM Apply Page/a_Start Secure Application' is clicked on

2019-08-19 05:31:54 - [MESSAGE][PASSED] - Object: 'Object Repository/mobileSanity/STM/STM Apply Page/a_Start Secure Application' is clicked on

2019-08-19 05:31:54 - [TEST_STEP][PASSED] - waitForPageLoad(20): Wait for page load successfully

2019-08-19 05:31:55 - [MESSAGE][PASSED] - Wait for page load successfully

2019-08-19 05:31:55 - [TEST_STEP][PASSED] - Thread.sleep(2000): null

2019-08-19 05:31:57 - [TEST_STEP][PASSED] - callTestCase(findTestCase("mobileWeb/_include/get_screenshot"), [:], STOP_ON_FAILURE): Call Test Case 'Test Cases/mobileWeb/_include/get_screenshot' successfully

2019-08-19 05:31:57 - [TEST_CASE][PASSED] - Test Cases/mobileWeb/_include/get_screenshot: Test Cases/mobileWeb/_include/get_screenshot

2019-08-19 05:31:57 - [TEST_STEP][PASSED] - takeScreenshot(screenPath + i + ".png"): Taking screenshot successfully

2019-08-19 05:31:57 - [MESSAGE][PASSED] - Taking screenshot successfully
[[ATTACHMENT|D:\\Test\\AgileTest\\Reports\\mobileWeb\\stm\\20190819_052650\\../Screenshots/iPhone 6/stm/Companion/20190819_053108/6.png]]

2019-08-19 05:31:57 - [TEST_STEP][PASSED] - (internal.GlobalVariable.i++): null

2019-08-19 05:31:57 - [MESSAGE][PASSED] - Call Test Case 'Test Cases/mobileWeb/_include/get_screenshot' successfully

2019-08-19 05:31:57 - [MESSAGE][PASSED] - Call Test Case 'Test Cases/mobileWeb/_include/apply_stm' successfully

2019-08-19 05:31:57 - [TEST_STEP][FAILED] - callTestCase(findTestCase("mobileWeb/_include/goToEnd_stm_autofill"), [:], STOP_ON_FAILURE): callTestCase(findTestCase("mobileWeb/_include/goToEnd_stm_autofill"), [:], STOP_ON_FAILURE) FAILED.
Reason:
com.kms.katalon.core.exception.StepFailedException: Unable to click on object 'Object Repository/mobileSanity/STM/Page_App Page 4/div_CLICK TO SIGN' (Root cause: com.kms.katalon.core.webui.exception.WebElementNotFoundException: Web element with id: 'Object Repository/mobileSanity/STM/Page_App Page 4/div_CLICK TO SIGN' located by 'By.xpath: //div[@id = 'js-signature-tab' and (text() = 'CLICK TO SIGN↓' or . = 'CLICK TO SIGN↓')]' not found)
	at com.kms.katalon.core.keyword.internal.KeywordMain.stepFailed(KeywordMain.groovy:36)
	at com.kms.katalon.core.webui.keyword.internal.WebUIKeywordMain.stepFailed(WebUIKeywordMain.groovy:65)
	at com.kms.katalon.core.webui.keyword.internal.WebUIKeywordMain.runKeyword(WebUIKeywordMain.groovy:27)
	at com.kms.katalon.core.webui.keyword.builtin.ClickKeyword.click(ClickKeyword.groovy:86)
	at com.kms.katalon.core.webui.keyword.builtin.ClickKeyword.execute(ClickKeyword.groovy:67)
	at com.kms.katalon.core.keyword.internal.KeywordExecutor.executeKeywordForPlatform(KeywordExecutor.groovy:53)
	at com.kms.katalon.core.webui.keyword.WebUiBuiltInKeywords.click(WebUiBuiltInKeywords.groovy:616)
	at com.kms.katalon.core.webui.keyword.WebUiBuiltInKeywords$click$3.call(Unknown Source)
	at goToEnd_stm_autofill.run(goToEnd_stm_autofill:89)
	at com.kms.katalon.core.main.ScriptEngine.run(ScriptEngine.java:194)
	at com.kms.katalon.core.main.ScriptEngine.runScriptAsRawText(ScriptEngine.java:119)
	at com.kms.katalon.core.main.TestCaseExecutor.runScript(TestCaseExecutor.java:328)
	at com.kms.katalon.core.main.TestCaseExecutor.doExecute(TestCaseExecutor.java:319)
	at com.kms.katalon.core.main.TestCaseExecutor.processExecutionPhase(TestCaseExecutor.java:298)
	at com.kms.katalon.core.main.TestCaseExecutor.accessMainPhase(TestCaseExecutor.java:290)
	at com.kms.katalon.core.main.TestCaseExecutor.execute(TestCaseExecutor.java:224)
	at com.kms.katalon.core.main.TestCaseMain.runTestCase(TestCaseMain.java:106)
	at com.kms.katalon.core.keyword.builtin.CallTestCaseKeyword$_callTestCase_closure1.doCall(CallTestCaseKeyword.groovy:59)
	at com.kms.katalon.core.keyword.builtin.CallTestCaseKeyword$_callTestCase_closure1.call(CallTestCaseKeyword.groovy)
	at com.kms.katalon.core.keyword.internal.KeywordMain.runKeyword(KeywordMain.groovy:54)
	at com.kms.katalon.core.keyword.builtin.CallTestCaseKeyword.callTestCase(CallTestCaseKeyword.groovy:80)
	at com.kms.katalon.core.keyword.builtin.CallTestCaseKeyword.execute(CallTestCaseKeyword.groovy:44)
	at com.kms.katalon.core.keyword.internal.KeywordExecutor.executeKeywordForPlatform(KeywordExecutor.groovy:53)
	at com.kms.katalon.core.keyword.BuiltinKeywords.callTestCase(BuiltinKeywords.groovy:334)
	at Companion.run(Companion:31)
	at com.kms.katalon.core.main.ScriptEngine.run(ScriptEngine.java:194)
	at com.kms.katalon.core.main.ScriptEngine.runScriptAsRawText(ScriptEngine.java:119)
	at com.kms.katalon.core.main.TestCaseExecutor.runScript(TestCaseExecutor.java:328)
	at com.kms.katalon.core.main.TestCaseExecutor.doExecute(TestCaseExecutor.java:319)
	at com.kms.katalon.core.main.TestCaseExecutor.processExecutionPhase(TestCaseExecutor.java:298)
	at com.kms.katalon.core.main.TestCaseExecutor.accessMainPhase(TestCaseExecutor.java:290)
	at com.kms.katalon.core.main.TestCaseExecutor.execute(TestCaseExecutor.java:224)
	at com.kms.katalon.core.main.TestSuiteExecutor.accessTestCaseMainPhase(TestSuiteExecutor.java:129)
	at com.kms.katalon.core.main.TestSuiteExecutor.accessTestSuiteMainPhase(TestSuiteExecutor.java:112)
	at com.kms.katalon.core.main.TestSuiteExecutor.execute(TestSuiteExecutor.java:81)
	at com.kms.katalon.core.main.TestCaseMain.startTestSuite(TestCaseMain.java:149)
	at com.kms.katalon.core.main.TestCaseMain$startTestSuite$0.call(Unknown Source)
	at TempTestSuite1566206810208.run(TempTestSuite1566206810208.groovy:36)


2019-08-19 05:31:57 - [TEST_CASE][FAILED] - Test Cases/mobileWeb/_include/goToEnd_stm_autofill: Test Cases/mobileWeb/_include/goToEnd_stm_autofill FAILED.
Reason:
com.kms.katalon.core.exception.StepFailedException: Unable to click on object 'Object Repository/mobileSanity/STM/Page_App Page 4/div_CLICK TO SIGN' (Root cause: com.kms.katalon.core.webui.exception.WebElementNotFoundException: Web element with id: 'Object Repository/mobileSanity/STM/Page_App Page 4/div_CLICK TO SIGN' located by 'By.xpath: //div[@id = 'js-signature-tab' and (text() = 'CLICK TO SIGN↓' or . = 'CLICK TO SIGN↓')]' not found)
	at com.kms.katalon.core.keyword.internal.KeywordMain.stepFailed(KeywordMain.groovy:36)
	at com.kms.katalon.core.webui.keyword.internal.WebUIKeywordMain.stepFailed(WebUIKeywordMain.groovy:65)
	at com.kms.katalon.core.webui.keyword.internal.WebUIKeywordMain.runKeyword(WebUIKeywordMain.groovy:27)
	at com.kms.katalon.core.webui.keyword.builtin.ClickKeyword.click(ClickKeyword.groovy:86)
	at com.kms.katalon.core.webui.keyword.builtin.ClickKeyword.execute(ClickKeyword.groovy:67)
	at com.kms.katalon.core.keyword.internal.KeywordExecutor.executeKeywordForPlatform(KeywordExecutor.groovy:53)
	at com.kms.katalon.core.webui.keyword.WebUiBuiltInKeywords.click(WebUiBuiltInKeywords.groovy:616)
	at com.kms.katalon.core.webui.keyword.WebUiBuiltInKeywords$click$3.call(Unknown Source)
	at goToEnd_stm_autofill.run(goToEnd_stm_autofill:89)
	at com.kms.katalon.core.main.ScriptEngine.run(ScriptEngine.java:194)
	at com.kms.katalon.core.main.ScriptEngine.runScriptAsRawText(ScriptEngine.java:119)
	at com.kms.katalon.core.main.TestCaseExecutor.runScript(TestCaseExecutor.java:328)
	at com.kms.katalon.core.main.TestCaseExecutor.doExecute(TestCaseExecutor.java:319)
	at com.kms.katalon.core.main.TestCaseExecutor.processExecutionPhase(TestCaseExecutor.java:298)
	at com.kms.katalon.core.main.TestCaseExecutor.accessMainPhase(TestCaseExecutor.java:290)
	at com.kms.katalon.core.main.TestCaseExecutor.execute(TestCaseExecutor.java:224)
	at com.kms.katalon.core.main.TestCaseMain.runTestCase(TestCaseMain.java:106)
	at com.kms.katalon.core.keyword.builtin.CallTestCaseKeyword$_callTestCase_closure1.doCall(CallTestCaseKeyword.groovy:59)
	at com.kms.katalon.core.keyword.builtin.CallTestCaseKeyword$_callTestCase_closure1.call(CallTestCaseKeyword.groovy)
	at com.kms.katalon.core.keyword.internal.KeywordMain.runKeyword(KeywordMain.groovy:54)
	at com.kms.katalon.core.keyword.builtin.CallTestCaseKeyword.callTestCase(CallTestCaseKeyword.groovy:80)
	at com.kms.katalon.core.keyword.builtin.CallTestCaseKeyword.execute(CallTestCaseKeyword.groovy:44)
	at com.kms.katalon.core.keyword.internal.KeywordExecutor.executeKeywordForPlatform(KeywordExecutor.groovy:53)
	at com.kms.katalon.core.keyword.BuiltinKeywords.callTestCase(BuiltinKeywords.groovy:334)
	at Companion.run(Companion:31)
	at com.kms.katalon.core.main.ScriptEngine.run(ScriptEngine.java:194)
	at com.kms.katalon.core.main.ScriptEngine.runScriptAsRawText(ScriptEngine.java:119)
	at com.kms.katalon.core.main.TestCaseExecutor.runScript(TestCaseExecutor.java:328)
	at com.kms.katalon.core.main.TestCaseExecutor.doExecute(TestCaseExecutor.java:319)
	at com.kms.katalon.core.main.TestCaseExecutor.processExecutionPhase(TestCaseExecutor.java:298)
	at com.kms.katalon.core.main.TestCaseExecutor.accessMainPhase(TestCaseExecutor.java:290)
	at com.kms.katalon.core.main.TestCaseExecutor.execute(TestCaseExecutor.java:224)
	at com.kms.katalon.core.main.TestSuiteExecutor.accessTestCaseMainPhase(TestSuiteExecutor.java:129)
	at com.kms.katalon.core.main.TestSuiteExecutor.accessTestSuiteMainPhase(TestSuiteExecutor.java:112)
	at com.kms.katalon.core.main.TestSuiteExecutor.execute(TestSuiteExecutor.java:81)
	at com.kms.katalon.core.main.TestCaseMain.startTestSuite(TestCaseMain.java:149)
	at com.kms.katalon.core.main.TestCaseMain$startTestSuite$0.call(Unknown Source)
	at TempTestSuite1566206810208.run(TempTestSuite1566206810208.groovy:36)


2019-08-19 05:31:57 - [TEST_STEP][PASSED] - callTestCase(findTestCase("mobileWeb/_include/name"), [:], CONTINUE_ON_FAILURE): Call Test Case 'Test Cases/mobileWeb/_include/name' successfully

2019-08-19 05:31:57 - [TEST_CASE][PASSED] - Test Cases/mobileWeb/_include/name: Test Cases/mobileWeb/_include/name

2019-08-19 05:31:57 - [TEST_STEP][PASSED] - driver = getWebDriver(): null

2019-08-19 05:31:57 - [TEST_STEP][PASSED] - selenium = new com.thoughtworks.selenium.webdriven.WebDriverBackedSelenium(driver, internal.GlobalVariable.ENV): null

2019-08-19 05:31:57 - [TEST_STEP][PASSED] - FirstName = "Test-123": null

2019-08-19 05:31:57 - [TEST_STEP][PASSED] - LastName = selenium.getEval("{var x="ABCDEFGHIJKLMNOPQRSTUVWXYZabcdefghijklmnopqrstuvwxyz"; var tmp="ZZ11-"; for (i=0;i<8;i++) tmp+=x.charAt(Math.ceil(51*Math.random()));tmp;}"): null

2019-08-19 05:31:57 - [TEST_STEP][PASSED] - Address = selenium.getEval("{var x="ABCDEFGHIJKLMNOPQRSTUVWXYZabcdefghijklmnopqrstuvwxyz"; var tmp=""; for (i=0;i<8;i++) tmp+=x.charAt(Math.ceil(51*Math.random()));tmp;}"): null

2019-08-19 05:31:57 - [TEST_STEP][PASSED] - City = selenium.getEval("{var x="ABCDEFGHIJKLMNOPQRSTUVWXYZabcdefghijklmnopqrstuvwxyz"; var tmp=""; for (i=0;i<8;i++) tmp+=x.charAt(Math.ceil(51*Math.random()));tmp;}"): null

2019-08-19 05:31:57 - [TEST_STEP][PASSED] - tel1 = selenium.getEval("{var x="123456789"; var tmp=""; for (i=0;i<3;i++) tmp+=x.charAt(Math.ceil(8*Math.random()));tmp;}"): null

2019-08-19 05:31:57 - [TEST_STEP][PASSED] - tel2 = selenium.getEval("{var x="123456789"; var tmp=""; for (i=0;i<3;i++) tmp+=x.charAt(Math.ceil(8*Math.random()));tmp;}"): null

2019-08-19 05:31:57 - [TEST_STEP][PASSED] - tel3 = selenium.getEval("{var x="123456789"; var tmp=""; for (i=0;i<4;i++) tmp+=x.charAt(Math.ceil(8*Math.random()));tmp;}"): null

2019-08-19 05:31:57 - [TEST_STEP][PASSED] - Tel = selenium.getExpression(tel1 + "-" + tel2 + "-" + tel3): null

2019-08-19 05:31:57 - [TEST_STEP][PASSED] - AutoEmail = selenium.getEval("{var x="ABCDEFGHIJKLMNOPQRSTUVWXYZabcdefghijklmnopqrstuvwxyz"; var tmp="test."; for (i=0;i<8;i++) tmp+=x.charAt(Math.ceil(51*Math.random()));tmp+="@suryani.cn";}"): null

2019-08-19 05:31:57 - [TEST_STEP][PASSED] - FirstName = FirstName: null

2019-08-19 05:31:57 - [TEST_STEP][PASSED] - LastName = LastName: null

2019-08-19 05:31:57 - [TEST_STEP][PASSED] - Address = Address: null

2019-08-19 05:31:57 - [TEST_STEP][PASSED] - City = City: null

2019-08-19 05:31:57 - [TEST_STEP][PASSED] - Tel = Tel: null

2019-08-19 05:31:57 - [TEST_STEP][PASSED] - AutoEmail = AutoEmail: null

2019-08-19 05:31:57 - [TEST_STEP][PASSED] - println(FirstName): null

2019-08-19 05:31:57 - [TEST_STEP][PASSED] - println(LastName): null

2019-08-19 05:31:57 - [TEST_STEP][PASSED] - println(Address): null

2019-08-19 05:31:57 - [TEST_STEP][PASSED] - println(City): null

2019-08-19 05:31:57 - [TEST_STEP][PASSED] - println(Tel): null

2019-08-19 05:31:57 - [TEST_STEP][PASSED] - println(AutoEmail): null

2019-08-19 05:31:57 - [MESSAGE][PASSED] - Call Test Case 'Test Cases/mobileWeb/_include/name' successfully

2019-08-19 05:31:57 - [TEST_STEP][FAILED] - try: Unable to verify text 'Month Duration Acknowledgement' is present  (Root cause: com.kms.katalon.core.exception.StepFailedException: Text 'Month Duration Acknowledgement' is not present on page )

2019-08-19 05:31:57 - [TEST_STEP][FAILED] - if (verifyTextPresent("Month Duration Acknowledgement", false)): Unable to verify text 'Month Duration Acknowledgement' is present  (Root cause: com.kms.katalon.core.exception.StepFailedException: Text 'Month Duration Acknowledgement' is not present on page )

2019-08-19 05:31:58 - [MESSAGE][FAILED] - Text 'Month Duration Acknowledgement' is not present on page 

2019-08-19 05:31:58 - [MESSAGE][FAILED] - Unable to verify text 'Month Duration Acknowledgement' is present  (Root cause: com.kms.katalon.core.exception.StepFailedException: Text 'Month Duration Acknowledgement' is not present on page )
[[ATTACHMENT|D:\\Test\\AgileTest\\Reports\\mobileWeb\\stm\\20190819_052650\\1566207118014.png]]

2019-08-19 05:31:58 - [TEST_STEP][PASSED] - catch (Exception e): null

2019-08-19 05:31:58 - [TEST_STEP][PASSED] - println("no consecutive"): null

2019-08-19 05:31:58 - [TEST_STEP][PASSED] - waitForPageLoad(10): Wait for page load successfully

2019-08-19 05:31:58 - [MESSAGE][PASSED] - Wait for page load successfully

2019-08-19 05:31:58 - [TEST_STEP][PASSED] - Thread.sleep(3000): null

2019-08-19 05:32:01 - [TEST_STEP][PASSED] - waitForElementVisible(findTestObject("mobileSanity/STM/Page_App Page 1/a_Autofill App Info"), 20): Object 'Object Repository/mobileSanity/STM/Page_App Page 1/a_Autofill App Info' is visible

2019-08-19 05:32:01 - [MESSAGE][PASSED] - Object 'Object Repository/mobileSanity/STM/Page_App Page 1/a_Autofill App Info' is visible

2019-08-19 05:32:01 - [TEST_STEP][PASSED] - click(findTestObject("mobileSanity/STM/Page_App Page 1/a_Autofill App Info")): Object: 'Object Repository/mobileSanity/STM/Page_App Page 1/a_Autofill App Info' is clicked on

2019-08-19 05:32:01 - [MESSAGE][PASSED] - Object: 'Object Repository/mobileSanity/STM/Page_App Page 1/a_Autofill App Info' is clicked on

2019-08-19 05:32:01 - [TEST_STEP][PASSED] - Thread.sleep(1000): null

2019-08-19 05:32:02 - [TEST_STEP][PASSED] - click(findTestObject("mobileSanity/STM/Page_App Page 1/a_Autofill App Info")): Object: 'Object Repository/mobileSanity/STM/Page_App Page 1/a_Autofill App Info' is clicked on

2019-08-19 05:32:02 - [MESSAGE][PASSED] - Object: 'Object Repository/mobileSanity/STM/Page_App Page 1/a_Autofill App Info' is clicked on

2019-08-19 05:32:02 - [TEST_STEP][PASSED] - Thread.sleep(1000): null

2019-08-19 05:32:03 - [TEST_STEP][PASSED] - waitForElementVisible(findTestObject("mobileSanity/STM/Page_App Page 1/a_Continue"), 20): Object 'Object Repository/mobileSanity/STM/Page_App Page 1/a_Continue' is visible

2019-08-19 05:32:03 - [MESSAGE][PASSED] - Object 'Object Repository/mobileSanity/STM/Page_App Page 1/a_Continue' is visible

2019-08-19 05:32:03 - [TEST_STEP][PASSED] - click(findTestObject("mobileSanity/STM/Page_App Page 1/a_Continue")): Object: 'Object Repository/mobileSanity/STM/Page_App Page 1/a_Continue' is clicked on

2019-08-19 05:32:03 - [MESSAGE][PASSED] - Object: 'Object Repository/mobileSanity/STM/Page_App Page 1/a_Continue' is clicked on

2019-08-19 05:32:03 - [TEST_STEP][PASSED] - waitForPageLoad(20): Wait for page load successfully

2019-08-19 05:32:03 - [MESSAGE][PASSED] - Wait for page load successfully

2019-08-19 05:32:03 - [TEST_STEP][PASSED] - Thread.sleep(2000): null

2019-08-19 05:32:05 - [TEST_STEP][PASSED] - callTestCase(findTestCase("mobileWeb/_include/get_screenshot"), [:], STOP_ON_FAILURE): Call Test Case 'Test Cases/mobileWeb/_include/get_screenshot' successfully

2019-08-19 05:32:05 - [TEST_CASE][PASSED] - Test Cases/mobileWeb/_include/get_screenshot: Test Cases/mobileWeb/_include/get_screenshot

2019-08-19 05:32:05 - [TEST_STEP][PASSED] - takeScreenshot(screenPath + i + ".png"): Taking screenshot successfully

2019-08-19 05:32:06 - [MESSAGE][PASSED] - Taking screenshot successfully
[[ATTACHMENT|D:\\Test\\AgileTest\\Reports\\mobileWeb\\stm\\20190819_052650\\../Screenshots/iPhone 6/stm/Companion/20190819_053108/7.png]]

2019-08-19 05:32:06 - [TEST_STEP][PASSED] - (internal.GlobalVariable.i++): null

2019-08-19 05:32:06 - [MESSAGE][PASSED] - Call Test Case 'Test Cases/mobileWeb/_include/get_screenshot' successfully

2019-08-19 05:32:06 - [TEST_STEP][PASSED] - click(findTestObject("mobileSanity/STM/Page_App Page 2/a_Continue to Step 3 - Payment")): Object: 'Object Repository/mobileSanity/STM/Page_App Page 2/a_Continue to Step 3 - Payment' is clicked on

2019-08-19 05:32:06 - [MESSAGE][PASSED] - Object: 'Object Repository/mobileSanity/STM/Page_App Page 2/a_Continue to Step 3 - Payment' is clicked on

2019-08-19 05:32:06 - [TEST_STEP][PASSED] - waitForPageLoad(20): Wait for page load successfully

2019-08-19 05:32:06 - [MESSAGE][PASSED] - Wait for page load successfully

2019-08-19 05:32:06 - [TEST_STEP][PASSED] - waitForElementVisible(findTestObject("mobileSanity/STM/Page_App Page 3/input__credit-card-cvv"), 20): Object 'Object Repository/mobileSanity/STM/Page_App Page 3/input__credit-card-cvv' is visible

2019-08-19 05:32:07 - [MESSAGE][PASSED] - Object 'Object Repository/mobileSanity/STM/Page_App Page 3/input__credit-card-cvv' is visible

2019-08-19 05:32:07 - [TEST_STEP][PASSED] - Thread.sleep(2000): null

2019-08-19 05:32:09 - [TEST_STEP][PASSED] - callTestCase(findTestCase("mobileWeb/_include/get_screenshot"), [:], STOP_ON_FAILURE): Call Test Case 'Test Cases/mobileWeb/_include/get_screenshot' successfully

2019-08-19 05:32:09 - [TEST_CASE][PASSED] - Test Cases/mobileWeb/_include/get_screenshot: Test Cases/mobileWeb/_include/get_screenshot

2019-08-19 05:32:09 - [TEST_STEP][PASSED] - takeScreenshot(screenPath + i + ".png"): Taking screenshot successfully

2019-08-19 05:32:09 - [MESSAGE][PASSED] - Taking screenshot successfully
[[ATTACHMENT|D:\\Test\\AgileTest\\Reports\\mobileWeb\\stm\\20190819_052650\\../Screenshots/iPhone 6/stm/Companion/20190819_053108/8.png]]

2019-08-19 05:32:09 - [TEST_STEP][PASSED] - (internal.GlobalVariable.i++): null

2019-08-19 05:32:09 - [MESSAGE][PASSED] - Call Test Case 'Test Cases/mobileWeb/_include/get_screenshot' successfully

2019-08-19 05:32:09 - [TEST_STEP][PASSED] - clearText(findTestObject("mobileSanity/STM/Page_App Page 3/input__credit-card-cvv")): Text of object 'Object Repository/mobileSanity/STM/Page_App Page 3/input__credit-card-cvv' is cleared

2019-08-19 05:32:09 - [MESSAGE][PASSED] - Text of object 'Object Repository/mobileSanity/STM/Page_App Page 3/input__credit-card-cvv' is cleared

2019-08-19 05:32:09 - [TEST_STEP][PASSED] - setText(findTestObject("mobileSanity/STM/Page_App Page 3/input__credit-card-cvv"), "123"): Text '123' is set on object 'Object Repository/mobileSanity/STM/Page_App Page 3/input__credit-card-cvv'

2019-08-19 05:32:09 - [MESSAGE][PASSED] - Text '123' is set on object 'Object Repository/mobileSanity/STM/Page_App Page 3/input__credit-card-cvv'

2019-08-19 05:32:09 - [TEST_STEP][PASSED] - click(findTestObject("mobileSanity/STM/Page_App Page 3/label_I Accept Authorization f")): Object: 'Object Repository/mobileSanity/STM/Page_App Page 3/label_I Accept Authorization f' is clicked on

2019-08-19 05:32:09 - [MESSAGE][PASSED] - Object: 'Object Repository/mobileSanity/STM/Page_App Page 3/label_I Accept Authorization f' is clicked on

2019-08-19 05:32:09 - [TEST_STEP][PASSED] - click(findTestObject("mobileSanity/STM/Page_App Page 3/a_Continue to Step 4 - Review")): Object: 'Object Repository/mobileSanity/STM/Page_App Page 3/a_Continue to Step 4 - Review' is clicked on

2019-08-19 05:32:10 - [MESSAGE][PASSED] - Object: 'Object Repository/mobileSanity/STM/Page_App Page 3/a_Continue to Step 4 - Review' is clicked on

2019-08-19 05:32:10 - [TEST_STEP][PASSED] - waitForPageLoad(10): Wait for page load successfully

2019-08-19 05:32:10 - [MESSAGE][PASSED] - Wait for page load successfully

2019-08-19 05:32:10 - [TEST_STEP][PASSED] - waitForElementClickable(findTestObject("mobileSanity/STM/Page_App Page 4/label"), 10): Web element with id: 'Object Repository/mobileSanity/STM/Page_App Page 4/label' located by 'By.xpath: //input[@id = 'consent-checkbox-0']' not found

2019-08-19 05:32:20 - [MESSAGE][INFO] - Unable to find the element located by 'By.xpath: //input[@id = 'consent-checkbox-0']'. Please recheck the objects properties to make sure the desired element is located. 

2019-08-19 05:32:20 - [MESSAGE][WARNING] - Web element with id: 'Object Repository/mobileSanity/STM/Page_App Page 4/label' located by 'By.xpath: //input[@id = 'consent-checkbox-0']' not found

2019-08-19 05:32:20 - [TEST_STEP][PASSED] - Thread.sleep(2000): null

2019-08-19 05:32:22 - [TEST_STEP][PASSED] - callTestCase(findTestCase("mobileWeb/_include/get_screenshot"), [:], STOP_ON_FAILURE): Call Test Case 'Test Cases/mobileWeb/_include/get_screenshot' successfully

2019-08-19 05:32:22 - [TEST_CASE][PASSED] - Test Cases/mobileWeb/_include/get_screenshot: Test Cases/mobileWeb/_include/get_screenshot

2019-08-19 05:32:22 - [TEST_STEP][PASSED] - takeScreenshot(screenPath + i + ".png"): Taking screenshot successfully

2019-08-19 05:32:22 - [MESSAGE][PASSED] - Taking screenshot successfully
[[ATTACHMENT|D:\\Test\\AgileTest\\Reports\\mobileWeb\\stm\\20190819_052650\\../Screenshots/iPhone 6/stm/Companion/20190819_053108/9.png]]

2019-08-19 05:32:22 - [TEST_STEP][PASSED] - (internal.GlobalVariable.i++): null

2019-08-19 05:32:22 - [MESSAGE][PASSED] - Call Test Case 'Test Cases/mobileWeb/_include/get_screenshot' successfully

2019-08-19 05:32:22 - [TEST_STEP][PASSED] - click(findTestObject("mobileSanity/STM/Page_App Page 4/label")): Object: 'Object Repository/mobileSanity/STM/Page_App Page 4/label' is clicked on

2019-08-19 05:32:22 - [MESSAGE][PASSED] - Object: 'Object Repository/mobileSanity/STM/Page_App Page 4/label' is clicked on

2019-08-19 05:32:22 - [TEST_STEP][FAILED] - click(findTestObject("mobileSanity/STM/Page_App Page 4/div_CLICK TO SIGN")): click(findTestObject("mobileSanity/STM/Page_App Page 4/div_CLICK TO SIGN")) FAILED.
Reason:
com.kms.katalon.core.exception.StepFailedException: Unable to click on object 'Object Repository/mobileSanity/STM/Page_App Page 4/div_CLICK TO SIGN' (Root cause: com.kms.katalon.core.webui.exception.WebElementNotFoundException: Web element with id: 'Object Repository/mobileSanity/STM/Page_App Page 4/div_CLICK TO SIGN' located by 'By.xpath: //div[@id = 'js-signature-tab' and (text() = 'CLICK TO SIGN↓' or . = 'CLICK TO SIGN↓')]' not found)
	at com.kms.katalon.core.keyword.internal.KeywordMain.stepFailed(KeywordMain.groovy:36)
	at com.kms.katalon.core.webui.keyword.internal.WebUIKeywordMain.stepFailed(WebUIKeywordMain.groovy:65)
	at com.kms.katalon.core.webui.keyword.internal.WebUIKeywordMain.runKeyword(WebUIKeywordMain.groovy:27)
	at com.kms.katalon.core.webui.keyword.builtin.ClickKeyword.click(ClickKeyword.groovy:86)
	at com.kms.katalon.core.webui.keyword.builtin.ClickKeyword.execute(ClickKeyword.groovy:67)
	at com.kms.katalon.core.keyword.internal.KeywordExecutor.executeKeywordForPlatform(KeywordExecutor.groovy:53)
	at com.kms.katalon.core.webui.keyword.WebUiBuiltInKeywords.click(WebUiBuiltInKeywords.groovy:616)
	at com.kms.katalon.core.webui.keyword.WebUiBuiltInKeywords$click$3.call(Unknown Source)
	at goToEnd_stm_autofill.run(goToEnd_stm_autofill:89)
	at com.kms.katalon.core.main.ScriptEngine.run(ScriptEngine.java:194)
	at com.kms.katalon.core.main.ScriptEngine.runScriptAsRawText(ScriptEngine.java:119)
	at com.kms.katalon.core.main.TestCaseExecutor.runScript(TestCaseExecutor.java:328)
	at com.kms.katalon.core.main.TestCaseExecutor.doExecute(TestCaseExecutor.java:319)
	at com.kms.katalon.core.main.TestCaseExecutor.processExecutionPhase(TestCaseExecutor.java:298)
	at com.kms.katalon.core.main.TestCaseExecutor.accessMainPhase(TestCaseExecutor.java:290)
	at com.kms.katalon.core.main.TestCaseExecutor.execute(TestCaseExecutor.java:224)
	at com.kms.katalon.core.main.TestCaseMain.runTestCase(TestCaseMain.java:106)
	at com.kms.katalon.core.keyword.builtin.CallTestCaseKeyword$_callTestCase_closure1.doCall(CallTestCaseKeyword.groovy:59)
	at com.kms.katalon.core.keyword.builtin.CallTestCaseKeyword$_callTestCase_closure1.call(CallTestCaseKeyword.groovy)
	at com.kms.katalon.core.keyword.internal.KeywordMain.runKeyword(KeywordMain.groovy:54)
	at com.kms.katalon.core.keyword.builtin.CallTestCaseKeyword.callTestCase(CallTestCaseKeyword.groovy:80)
	at com.kms.katalon.core.keyword.builtin.CallTestCaseKeyword.execute(CallTestCaseKeyword.groovy:44)
	at com.kms.katalon.core.keyword.internal.KeywordExecutor.executeKeywordForPlatform(KeywordExecutor.groovy:53)
	at com.kms.katalon.core.keyword.BuiltinKeywords.callTestCase(BuiltinKeywords.groovy:334)
	at Companion.run(Companion:31)
	at com.kms.katalon.core.main.ScriptEngine.run(ScriptEngine.java:194)
	at com.kms.katalon.core.main.ScriptEngine.runScriptAsRawText(ScriptEngine.java:119)
	at com.kms.katalon.core.main.TestCaseExecutor.runScript(TestCaseExecutor.java:328)
	at com.kms.katalon.core.main.TestCaseExecutor.doExecute(TestCaseExecutor.java:319)
	at com.kms.katalon.core.main.TestCaseExecutor.processExecutionPhase(TestCaseExecutor.java:298)
	at com.kms.katalon.core.main.TestCaseExecutor.accessMainPhase(TestCaseExecutor.java:290)
	at com.kms.katalon.core.main.TestCaseExecutor.execute(TestCaseExecutor.java:224)
	at com.kms.katalon.core.main.TestSuiteExecutor.accessTestCaseMainPhase(TestSuiteExecutor.java:129)
	at com.kms.katalon.core.main.TestSuiteExecutor.accessTestSuiteMainPhase(TestSuiteExecutor.java:112)
	at com.kms.katalon.core.main.TestSuiteExecutor.execute(TestSuiteExecutor.java:81)
	at com.kms.katalon.core.main.TestCaseMain.startTestSuite(TestCaseMain.java:149)
	at com.kms.katalon.core.main.TestCaseMain$startTestSuite$0.call(Unknown Source)
	at TempTestSuite1566206810208.run(TempTestSuite1566206810208.groovy:36)


2019-08-19 05:32:44 - [MESSAGE][INFO] - Unable to find the element located by 'By.xpath: //div[@id = 'js-signature-tab' and (text() = 'CLICK TO SIGN↓' or . = 'CLICK TO SIGN↓')]'. Please recheck the objects properties to make sure the desired element is located. 

2019-08-19 05:32:44 - [MESSAGE][FAILED] - Unable to click on object 'Object Repository/mobileSanity/STM/Page_App Page 4/div_CLICK TO SIGN' (Root cause: com.kms.katalon.core.webui.exception.WebElementNotFoundException: Web element with id: 'Object Repository/mobileSanity/STM/Page_App Page 4/div_CLICK TO SIGN' located by 'By.xpath: //div[@id = 'js-signature-tab' and (text() = 'CLICK TO SIGN↓' or . = 'CLICK TO SIGN↓')]' not found)
[[ATTACHMENT|D:\\Test\\AgileTest\\Reports\\mobileWeb\\stm\\20190819_052650\\1566207164561.png]]

2019-08-19 05:32:44 - [MESSAGE][FAILED] - click(findTestObject("mobileSanity/STM/Page_App Page 4/div_CLICK TO SIGN")) FAILED.
Reason:
com.kms.katalon.core.exception.StepFailedException: Unable to click on object 'Object Repository/mobileSanity/STM/Page_App Page 4/div_CLICK TO SIGN' (Root cause: com.kms.katalon.core.webui.exception.WebElementNotFoundException: Web element with id: 'Object Repository/mobileSanity/STM/Page_App Page 4/div_CLICK TO SIGN' located by 'By.xpath: //div[@id = 'js-signature-tab' and (text() = 'CLICK TO SIGN↓' or . = 'CLICK TO SIGN↓')]' not found)
	at com.kms.katalon.core.keyword.internal.KeywordMain.stepFailed(KeywordMain.groovy:36)
	at com.kms.katalon.core.webui.keyword.internal.WebUIKeywordMain.stepFailed(WebUIKeywordMain.groovy:65)
	at com.kms.katalon.core.webui.keyword.internal.WebUIKeywordMain.runKeyword(WebUIKeywordMain.groovy:27)
	at com.kms.katalon.core.webui.keyword.builtin.ClickKeyword.click(ClickKeyword.groovy:86)
	at com.kms.katalon.core.webui.keyword.builtin.ClickKeyword.execute(ClickKeyword.groovy:67)
	at com.kms.katalon.core.keyword.internal.KeywordExecutor.executeKeywordForPlatform(KeywordExecutor.groovy:53)
	at com.kms.katalon.core.webui.keyword.WebUiBuiltInKeywords.click(WebUiBuiltInKeywords.groovy:616)
	at com.kms.katalon.core.webui.keyword.WebUiBuiltInKeywords$click$3.call(Unknown Source)
	at goToEnd_stm_autofill.run(goToEnd_stm_autofill:89)
	at com.kms.katalon.core.main.ScriptEngine.run(ScriptEngine.java:194)
	at com.kms.katalon.core.main.ScriptEngine.runScriptAsRawText(ScriptEngine.java:119)
	at com.kms.katalon.core.main.TestCaseExecutor.runScript(TestCaseExecutor.java:328)
	at com.kms.katalon.core.main.TestCaseExecutor.doExecute(TestCaseExecutor.java:319)
	at com.kms.katalon.core.main.TestCaseExecutor.processExecutionPhase(TestCaseExecutor.java:298)
	at com.kms.katalon.core.main.TestCaseExecutor.accessMainPhase(TestCaseExecutor.java:290)
	at com.kms.katalon.core.main.TestCaseExecutor.execute(TestCaseExecutor.java:224)
	at com.kms.katalon.core.main.TestCaseMain.runTestCase(TestCaseMain.java:106)
	at com.kms.katalon.core.keyword.builtin.CallTestCaseKeyword$_callTestCase_closure1.doCall(CallTestCaseKeyword.groovy:59)
	at com.kms.katalon.core.keyword.builtin.CallTestCaseKeyword$_callTestCase_closure1.call(CallTestCaseKeyword.groovy)
	at com.kms.katalon.core.keyword.internal.KeywordMain.runKeyword(KeywordMain.groovy:54)
	at com.kms.katalon.core.keyword.builtin.CallTestCaseKeyword.callTestCase(CallTestCaseKeyword.groovy:80)
	at com.kms.katalon.core.keyword.builtin.CallTestCaseKeyword.execute(CallTestCaseKeyword.groovy:44)
	at com.kms.katalon.core.keyword.internal.KeywordExecutor.executeKeywordForPlatform(KeywordExecutor.groovy:53)
	at com.kms.katalon.core.keyword.BuiltinKeywords.callTestCase(BuiltinKeywords.groovy:334)
	at Companion.run(Companion:31)
	at com.kms.katalon.core.main.ScriptEngine.run(ScriptEngine.java:194)
	at com.kms.katalon.core.main.ScriptEngine.runScriptAsRawText(ScriptEngine.java:119)
	at com.kms.katalon.core.main.TestCaseExecutor.runScript(TestCaseExecutor.java:328)
	at com.kms.katalon.core.main.TestCaseExecutor.doExecute(TestCaseExecutor.java:319)
	at com.kms.katalon.core.main.TestCaseExecutor.processExecutionPhase(TestCaseExecutor.java:298)
	at com.kms.katalon.core.main.TestCaseExecutor.accessMainPhase(TestCaseExecutor.java:290)
	at com.kms.katalon.core.main.TestCaseExecutor.execute(TestCaseExecutor.java:224)
	at com.kms.katalon.core.main.TestSuiteExecutor.accessTestCaseMainPhase(TestSuiteExecutor.java:129)
	at com.kms.katalon.core.main.TestSuiteExecutor.accessTestSuiteMainPhase(TestSuiteExecutor.java:112)
	at com.kms.katalon.core.main.TestSuiteExecutor.execute(TestSuiteExecutor.java:81)
	at com.kms.katalon.core.main.TestCaseMain.startTestSuite(TestCaseMain.java:149)
	at com.kms.katalon.core.main.TestCaseMain$startTestSuite$0.call(Unknown Source)
	at TempTestSuite1566206810208.run(TempTestSuite1566206810208.groovy:36)


2019-08-19 05:32:44 - [MESSAGE][FAILED] - Unable to call Test Case 'Test Cases/mobileWeb/_include/goToEnd_stm_autofill' (Root cause: com.kms.katalon.core.exception.StepFailedException: Call Test Case 'Test Cases/mobileWeb/_include/goToEnd_stm_autofill' failed)

2019-08-19 05:32:44 - [MESSAGE][FAILED] - callTestCase(findTestCase("mobileWeb/_include/goToEnd_stm_autofill"), [:], STOP_ON_FAILURE) FAILED.
Reason:
com.kms.katalon.core.exception.StepFailedException: Unable to click on object 'Object Repository/mobileSanity/STM/Page_App Page 4/div_CLICK TO SIGN' (Root cause: com.kms.katalon.core.webui.exception.WebElementNotFoundException: Web element with id: 'Object Repository/mobileSanity/STM/Page_App Page 4/div_CLICK TO SIGN' located by 'By.xpath: //div[@id = 'js-signature-tab' and (text() = 'CLICK TO SIGN↓' or . = 'CLICK TO SIGN↓')]' not found)
	at com.kms.katalon.core.keyword.internal.KeywordMain.stepFailed(KeywordMain.groovy:36)
	at com.kms.katalon.core.webui.keyword.internal.WebUIKeywordMain.stepFailed(WebUIKeywordMain.groovy:65)
	at com.kms.katalon.core.webui.keyword.internal.WebUIKeywordMain.runKeyword(WebUIKeywordMain.groovy:27)
	at com.kms.katalon.core.webui.keyword.builtin.ClickKeyword.click(ClickKeyword.groovy:86)
	at com.kms.katalon.core.webui.keyword.builtin.ClickKeyword.execute(ClickKeyword.groovy:67)
	at com.kms.katalon.core.keyword.internal.KeywordExecutor.executeKeywordForPlatform(KeywordExecutor.groovy:53)
	at com.kms.katalon.core.webui.keyword.WebUiBuiltInKeywords.click(WebUiBuiltInKeywords.groovy:616)
	at com.kms.katalon.core.webui.keyword.WebUiBuiltInKeywords$click$3.call(Unknown Source)
	at goToEnd_stm_autofill.run(goToEnd_stm_autofill:89)
	at com.kms.katalon.core.main.ScriptEngine.run(ScriptEngine.java:194)
	at com.kms.katalon.core.main.ScriptEngine.runScriptAsRawText(ScriptEngine.java:119)
	at com.kms.katalon.core.main.TestCaseExecutor.runScript(TestCaseExecutor.java:328)
	at com.kms.katalon.core.main.TestCaseExecutor.doExecute(TestCaseExecutor.java:319)
	at com.kms.katalon.core.main.TestCaseExecutor.processExecutionPhase(TestCaseExecutor.java:298)
	at com.kms.katalon.core.main.TestCaseExecutor.accessMainPhase(TestCaseExecutor.java:290)
	at com.kms.katalon.core.main.TestCaseExecutor.execute(TestCaseExecutor.java:224)
	at com.kms.katalon.core.main.TestCaseMain.runTestCase(TestCaseMain.java:106)
	at com.kms.katalon.core.keyword.builtin.CallTestCaseKeyword$_callTestCase_closure1.doCall(CallTestCaseKeyword.groovy:59)
	at com.kms.katalon.core.keyword.builtin.CallTestCaseKeyword$_callTestCase_closure1.call(CallTestCaseKeyword.groovy)
	at com.kms.katalon.core.keyword.internal.KeywordMain.runKeyword(KeywordMain.groovy:54)
	at com.kms.katalon.core.keyword.builtin.CallTestCaseKeyword.callTestCase(CallTestCaseKeyword.groovy:80)
	at com.kms.katalon.core.keyword.builtin.CallTestCaseKeyword.execute(CallTestCaseKeyword.groovy:44)
	at com.kms.katalon.core.keyword.internal.KeywordExecutor.executeKeywordForPlatform(KeywordExecutor.groovy:53)
	at com.kms.katalon.core.keyword.BuiltinKeywords.callTestCase(BuiltinKeywords.groovy:334)
	at Companion.run(Companion:31)
	at com.kms.katalon.core.main.ScriptEngine.run(ScriptEngine.java:194)
	at com.kms.katalon.core.main.ScriptEngine.runScriptAsRawText(ScriptEngine.java:119)
	at com.kms.katalon.core.main.TestCaseExecutor.runScript(TestCaseExecutor.java:328)
	at com.kms.katalon.core.main.TestCaseExecutor.doExecute(TestCaseExecutor.java:319)
	at com.kms.katalon.core.main.TestCaseExecutor.processExecutionPhase(TestCaseExecutor.java:298)
	at com.kms.katalon.core.main.TestCaseExecutor.accessMainPhase(TestCaseExecutor.java:290)
	at com.kms.katalon.core.main.TestCaseExecutor.execute(TestCaseExecutor.java:224)
	at com.kms.katalon.core.main.TestSuiteExecutor.accessTestCaseMainPhase(TestSuiteExecutor.java:129)
	at com.kms.katalon.core.main.TestSuiteExecutor.accessTestSuiteMainPhase(TestSuiteExecutor.java:112)
	at com.kms.katalon.core.main.TestSuiteExecutor.execute(TestSuiteExecutor.java:81)
	at com.kms.katalon.core.main.TestCaseMain.startTestSuite(TestCaseMain.java:149)
	at com.kms.katalon.core.main.TestCaseMain$startTestSuite$0.call(Unknown Source)
	at TempTestSuite1566206810208.run(TempTestSuite1566206810208.groovy:36)]]></system-out>
         <system-err><![CDATA[2019-08-19 05:31:07 - [TEST_CASE][FAILED] - Test Cases/mobileWeb/stm/Companion: Test Cases/mobileWeb/stm/Companion FAILED.
Reason:
com.kms.katalon.core.exception.StepFailedException: Unable to click on object 'Object Repository/mobileSanity/STM/Page_App Page 4/div_CLICK TO SIGN' (Root cause: com.kms.katalon.core.webui.exception.WebElementNotFoundException: Web element with id: 'Object Repository/mobileSanity/STM/Page_App Page 4/div_CLICK TO SIGN' located by 'By.xpath: //div[@id = 'js-signature-tab' and (text() = 'CLICK TO SIGN↓' or . = 'CLICK TO SIGN↓')]' not found)
	at com.kms.katalon.core.keyword.internal.KeywordMain.stepFailed(KeywordMain.groovy:36)
	at com.kms.katalon.core.webui.keyword.internal.WebUIKeywordMain.stepFailed(WebUIKeywordMain.groovy:65)
	at com.kms.katalon.core.webui.keyword.internal.WebUIKeywordMain.runKeyword(WebUIKeywordMain.groovy:27)
	at com.kms.katalon.core.webui.keyword.builtin.ClickKeyword.click(ClickKeyword.groovy:86)
	at com.kms.katalon.core.webui.keyword.builtin.ClickKeyword.execute(ClickKeyword.groovy:67)
	at com.kms.katalon.core.keyword.internal.KeywordExecutor.executeKeywordForPlatform(KeywordExecutor.groovy:53)
	at com.kms.katalon.core.webui.keyword.WebUiBuiltInKeywords.click(WebUiBuiltInKeywords.groovy:616)
	at com.kms.katalon.core.webui.keyword.WebUiBuiltInKeywords$click$3.call(Unknown Source)
	at goToEnd_stm_autofill.run(goToEnd_stm_autofill:89)
	at com.kms.katalon.core.main.ScriptEngine.run(ScriptEngine.java:194)
	at com.kms.katalon.core.main.ScriptEngine.runScriptAsRawText(ScriptEngine.java:119)
	at com.kms.katalon.core.main.TestCaseExecutor.runScript(TestCaseExecutor.java:328)
	at com.kms.katalon.core.main.TestCaseExecutor.doExecute(TestCaseExecutor.java:319)
	at com.kms.katalon.core.main.TestCaseExecutor.processExecutionPhase(TestCaseExecutor.java:298)
	at com.kms.katalon.core.main.TestCaseExecutor.accessMainPhase(TestCaseExecutor.java:290)
	at com.kms.katalon.core.main.TestCaseExecutor.execute(TestCaseExecutor.java:224)
	at com.kms.katalon.core.main.TestCaseMain.runTestCase(TestCaseMain.java:106)
	at com.kms.katalon.core.keyword.builtin.CallTestCaseKeyword$_callTestCase_closure1.doCall(CallTestCaseKeyword.groovy:59)
	at com.kms.katalon.core.keyword.builtin.CallTestCaseKeyword$_callTestCase_closure1.call(CallTestCaseKeyword.groovy)
	at com.kms.katalon.core.keyword.internal.KeywordMain.runKeyword(KeywordMain.groovy:54)
	at com.kms.katalon.core.keyword.builtin.CallTestCaseKeyword.callTestCase(CallTestCaseKeyword.groovy:80)
	at com.kms.katalon.core.keyword.builtin.CallTestCaseKeyword.execute(CallTestCaseKeyword.groovy:44)
	at com.kms.katalon.core.keyword.internal.KeywordExecutor.executeKeywordForPlatform(KeywordExecutor.groovy:53)
	at com.kms.katalon.core.keyword.BuiltinKeywords.callTestCase(BuiltinKeywords.groovy:334)
	at Companion.run(Companion:31)
	at com.kms.katalon.core.main.ScriptEngine.run(ScriptEngine.java:194)
	at com.kms.katalon.core.main.ScriptEngine.runScriptAsRawText(ScriptEngine.java:119)
	at com.kms.katalon.core.main.TestCaseExecutor.runScript(TestCaseExecutor.java:328)
	at com.kms.katalon.core.main.TestCaseExecutor.doExecute(TestCaseExecutor.java:319)
	at com.kms.katalon.core.main.TestCaseExecutor.processExecutionPhase(TestCaseExecutor.java:298)
	at com.kms.katalon.core.main.TestCaseExecutor.accessMainPhase(TestCaseExecutor.java:290)
	at com.kms.katalon.core.main.TestCaseExecutor.execute(TestCaseExecutor.java:224)
	at com.kms.katalon.core.main.TestSuiteExecutor.accessTestCaseMainPhase(TestSuiteExecutor.java:129)
	at com.kms.katalon.core.main.TestSuiteExecutor.accessTestSuiteMainPhase(TestSuiteExecutor.java:112)
	at com.kms.katalon.core.main.TestSuiteExecutor.execute(TestSuiteExecutor.java:81)
	at com.kms.katalon.core.main.TestCaseMain.startTestSuite(TestCaseMain.java:149)
	at com.kms.katalon.core.main.TestCaseMain$startTestSuite$0.call(Unknown Source)
	at TempTestSuite1566206810208.run(TempTestSuite1566206810208.groovy:36)]]></system-err>
      </testcase>
      <testcase name="Test Cases/mobileWeb/stm/Everest" classname="Test Cases/mobileWeb/stm/Everest" status="FAILED">
         <failure type="FAILED" message="Test Cases/mobileWeb/stm/Everest FAILED.
Reason:
com.kms.katalon.core.exception.StepFailedException: Unable to click on object 'Object Repository/mobileSanity/STM/Page_App Page 4/div_CLICK TO SIGN' (Root cause: com.kms.katalon.core.webui.exception.WebElementNotFoundException: Web element with id: 'Object Repository/mobileSanity/STM/Page_App Page 4/div_CLICK TO SIGN' located by 'By.xpath: //div[@id = 'js-signature-tab' and (text() = 'CLICK TO SIGN↓' or . = 'CLICK TO SIGN↓')]' not found)
	at com.kms.katalon.core.keyword.internal.KeywordMain.stepFailed(KeywordMain.groovy:36)
	at com.kms.katalon.core.webui.keyword.internal.WebUIKeywordMain.stepFailed(WebUIKeywordMain.groovy:65)
	at com.kms.katalon.core.webui.keyword.internal.WebUIKeywordMain.runKeyword(WebUIKeywordMain.groovy:27)
	at com.kms.katalon.core.webui.keyword.builtin.ClickKeyword.click(ClickKeyword.groovy:86)
	at com.kms.katalon.core.webui.keyword.builtin.ClickKeyword.execute(ClickKeyword.groovy:67)
	at com.kms.katalon.core.keyword.internal.KeywordExecutor.executeKeywordForPlatform(KeywordExecutor.groovy:53)
	at com.kms.katalon.core.webui.keyword.WebUiBuiltInKeywords.click(WebUiBuiltInKeywords.groovy:616)
	at com.kms.katalon.core.webui.keyword.WebUiBuiltInKeywords$click$3.call(Unknown Source)
	at goToEnd_stm_autofill.run(goToEnd_stm_autofill:89)
	at com.kms.katalon.core.main.ScriptEngine.run(ScriptEngine.java:194)
	at com.kms.katalon.core.main.ScriptEngine.runScriptAsRawText(ScriptEngine.java:119)
	at com.kms.katalon.core.main.TestCaseExecutor.runScript(TestCaseExecutor.java:328)
	at com.kms.katalon.core.main.TestCaseExecutor.doExecute(TestCaseExecutor.java:319)
	at com.kms.katalon.core.main.TestCaseExecutor.processExecutionPhase(TestCaseExecutor.java:298)
	at com.kms.katalon.core.main.TestCaseExecutor.accessMainPhase(TestCaseExecutor.java:290)
	at com.kms.katalon.core.main.TestCaseExecutor.execute(TestCaseExecutor.java:224)
	at com.kms.katalon.core.main.TestCaseMain.runTestCase(TestCaseMain.java:106)
	at com.kms.katalon.core.keyword.builtin.CallTestCaseKeyword$_callTestCase_closure1.doCall(CallTestCaseKeyword.groovy:59)
	at com.kms.katalon.core.keyword.builtin.CallTestCaseKeyword$_callTestCase_closure1.call(CallTestCaseKeyword.groovy)
	at com.kms.katalon.core.keyword.internal.KeywordMain.runKeyword(KeywordMain.groovy:54)
	at com.kms.katalon.core.keyword.builtin.CallTestCaseKeyword.callTestCase(CallTestCaseKeyword.groovy:80)
	at com.kms.katalon.core.keyword.builtin.CallTestCaseKeyword.execute(CallTestCaseKeyword.groovy:44)
	at com.kms.katalon.core.keyword.internal.KeywordExecutor.executeKeywordForPlatform(KeywordExecutor.groovy:53)
	at com.kms.katalon.core.keyword.BuiltinKeywords.callTestCase(BuiltinKeywords.groovy:334)
	at Everest.run(Everest:31)
	at com.kms.katalon.core.main.ScriptEngine.run(ScriptEngine.java:194)
	at com.kms.katalon.core.main.ScriptEngine.runScriptAsRawText(ScriptEngine.java:119)
	at com.kms.katalon.core.main.TestCaseExecutor.runScript(TestCaseExecutor.java:328)
	at com.kms.katalon.core.main.TestCaseExecutor.doExecute(TestCaseExecutor.java:319)
	at com.kms.katalon.core.main.TestCaseExecutor.processExecutionPhase(TestCaseExecutor.java:298)
	at com.kms.katalon.core.main.TestCaseExecutor.accessMainPhase(TestCaseExecutor.java:290)
	at com.kms.katalon.core.main.TestCaseExecutor.execute(TestCaseExecutor.java:224)
	at com.kms.katalon.core.main.TestSuiteExecutor.accessTestCaseMainPhase(TestSuiteExecutor.java:129)
	at com.kms.katalon.core.main.TestSuiteExecutor.accessTestSuiteMainPhase(TestSuiteExecutor.java:112)
	at com.kms.katalon.core.main.TestSuiteExecutor.execute(TestSuiteExecutor.java:81)
	at com.kms.katalon.core.main.TestCaseMain.startTestSuite(TestCaseMain.java:149)
	at com.kms.katalon.core.main.TestCaseMain$startTestSuite$0.call(Unknown Source)
	at TempTestSuite1566206810208.run(TempTestSuite1566206810208.groovy:36)
"/>
         <system-out><![CDATA[2019-08-19 05:32:44 - [TEST_CASE][FAILED] - Test Cases/mobileWeb/stm/Everest: Test Cases/mobileWeb/stm/Everest FAILED.
Reason:
com.kms.katalon.core.exception.StepFailedException: Unable to click on object 'Object Repository/mobileSanity/STM/Page_App Page 4/div_CLICK TO SIGN' (Root cause: com.kms.katalon.core.webui.exception.WebElementNotFoundException: Web element with id: 'Object Repository/mobileSanity/STM/Page_App Page 4/div_CLICK TO SIGN' located by 'By.xpath: //div[@id = 'js-signature-tab' and (text() = 'CLICK TO SIGN↓' or . = 'CLICK TO SIGN↓')]' not found)
	at com.kms.katalon.core.keyword.internal.KeywordMain.stepFailed(KeywordMain.groovy:36)
	at com.kms.katalon.core.webui.keyword.internal.WebUIKeywordMain.stepFailed(WebUIKeywordMain.groovy:65)
	at com.kms.katalon.core.webui.keyword.internal.WebUIKeywordMain.runKeyword(WebUIKeywordMain.groovy:27)
	at com.kms.katalon.core.webui.keyword.builtin.ClickKeyword.click(ClickKeyword.groovy:86)
	at com.kms.katalon.core.webui.keyword.builtin.ClickKeyword.execute(ClickKeyword.groovy:67)
	at com.kms.katalon.core.keyword.internal.KeywordExecutor.executeKeywordForPlatform(KeywordExecutor.groovy:53)
	at com.kms.katalon.core.webui.keyword.WebUiBuiltInKeywords.click(WebUiBuiltInKeywords.groovy:616)
	at com.kms.katalon.core.webui.keyword.WebUiBuiltInKeywords$click$3.call(Unknown Source)
	at goToEnd_stm_autofill.run(goToEnd_stm_autofill:89)
	at com.kms.katalon.core.main.ScriptEngine.run(ScriptEngine.java:194)
	at com.kms.katalon.core.main.ScriptEngine.runScriptAsRawText(ScriptEngine.java:119)
	at com.kms.katalon.core.main.TestCaseExecutor.runScript(TestCaseExecutor.java:328)
	at com.kms.katalon.core.main.TestCaseExecutor.doExecute(TestCaseExecutor.java:319)
	at com.kms.katalon.core.main.TestCaseExecutor.processExecutionPhase(TestCaseExecutor.java:298)
	at com.kms.katalon.core.main.TestCaseExecutor.accessMainPhase(TestCaseExecutor.java:290)
	at com.kms.katalon.core.main.TestCaseExecutor.execute(TestCaseExecutor.java:224)
	at com.kms.katalon.core.main.TestCaseMain.runTestCase(TestCaseMain.java:106)
	at com.kms.katalon.core.keyword.builtin.CallTestCaseKeyword$_callTestCase_closure1.doCall(CallTestCaseKeyword.groovy:59)
	at com.kms.katalon.core.keyword.builtin.CallTestCaseKeyword$_callTestCase_closure1.call(CallTestCaseKeyword.groovy)
	at com.kms.katalon.core.keyword.internal.KeywordMain.runKeyword(KeywordMain.groovy:54)
	at com.kms.katalon.core.keyword.builtin.CallTestCaseKeyword.callTestCase(CallTestCaseKeyword.groovy:80)
	at com.kms.katalon.core.keyword.builtin.CallTestCaseKeyword.execute(CallTestCaseKeyword.groovy:44)
	at com.kms.katalon.core.keyword.internal.KeywordExecutor.executeKeywordForPlatform(KeywordExecutor.groovy:53)
	at com.kms.katalon.core.keyword.BuiltinKeywords.callTestCase(BuiltinKeywords.groovy:334)
	at Everest.run(Everest:31)
	at com.kms.katalon.core.main.ScriptEngine.run(ScriptEngine.java:194)
	at com.kms.katalon.core.main.ScriptEngine.runScriptAsRawText(ScriptEngine.java:119)
	at com.kms.katalon.core.main.TestCaseExecutor.runScript(TestCaseExecutor.java:328)
	at com.kms.katalon.core.main.TestCaseExecutor.doExecute(TestCaseExecutor.java:319)
	at com.kms.katalon.core.main.TestCaseExecutor.processExecutionPhase(TestCaseExecutor.java:298)
	at com.kms.katalon.core.main.TestCaseExecutor.accessMainPhase(TestCaseExecutor.java:290)
	at com.kms.katalon.core.main.TestCaseExecutor.execute(TestCaseExecutor.java:224)
	at com.kms.katalon.core.main.TestSuiteExecutor.accessTestCaseMainPhase(TestSuiteExecutor.java:129)
	at com.kms.katalon.core.main.TestSuiteExecutor.accessTestSuiteMainPhase(TestSuiteExecutor.java:112)
	at com.kms.katalon.core.main.TestSuiteExecutor.execute(TestSuiteExecutor.java:81)
	at com.kms.katalon.core.main.TestCaseMain.startTestSuite(TestCaseMain.java:149)
	at com.kms.katalon.core.main.TestCaseMain$startTestSuite$0.call(Unknown Source)
	at TempTestSuite1566206810208.run(TempTestSuite1566206810208.groovy:36)


2019-08-19 05:32:45 - [TEST_STEP][PASSED] - callTestCase(findTestCase("mobileWeb/_include/get_screenPath"), ["productLine":"stm", "carrierName":"Everest"], CONTINUE_ON_FAILURE): Call Test Case 'Test Cases/mobileWeb/_include/get_screenPath' successfully

2019-08-19 05:32:45 - [TEST_CASE][PASSED] - Test Cases/mobileWeb/_include/get_screenPath: Test Cases/mobileWeb/_include/get_screenPath

2019-08-19 05:32:45 - [TEST_STEP][PASSED] - m = getExecutionProperties(): null

2019-08-19 05:32:45 - [TEST_STEP][PASSED] - deviceName = get("mobileEmulation").get("deviceName"): null

2019-08-19 05:32:45 - [TEST_STEP][PASSED] - println(deviceName): null

2019-08-19 05:32:45 - [TEST_STEP][PASSED] - now = new java.util.Date(): null

2019-08-19 05:32:45 - [TEST_STEP][PASSED] - mydate = now.format("yyyyMMdd_HHmmss"): null

2019-08-19 05:32:45 - [TEST_STEP][PASSED] - screenPath = "../Screenshots/": null

2019-08-19 05:32:45 - [TEST_STEP][PASSED] - screenPath = screenPath + deviceName + "/" + productLine + "/" + carrierName + "/" + mydate + "/": null

2019-08-19 05:32:45 - [TEST_STEP][PASSED] - println(screenPath): null

2019-08-19 05:32:45 - [MESSAGE][PASSED] - Call Test Case 'Test Cases/mobileWeb/_include/get_screenPath' successfully

2019-08-19 05:32:45 - [TEST_STEP][PASSED] - i = 0: null

2019-08-19 05:32:45 - [TEST_STEP][PASSED] - callTestCase(findTestCase("mobileWeb/_include/openWebSite"), [:], STOP_ON_FAILURE): Call Test Case 'Test Cases/mobileWeb/_include/openWebSite' successfully

2019-08-19 05:32:45 - [TEST_CASE][PASSED] - Test Cases/mobileWeb/_include/openWebSite: Test Cases/mobileWeb/_include/openWebSite

2019-08-19 05:32:45 - [TEST_STEP][PASSED] - openBrowser(env): Browser is opened with url: 'https://praetemptatus.agilehealthinsurance.com'

2019-08-19 05:32:45 - [MESSAGE][WARNING] - A browser is already opened. Closing browser and opening a new one

2019-08-19 05:32:46 - [MESSAGE][INFO] - Starting 'Chrome' driver

2019-08-19 05:32:46 - [MESSAGE][INFO] - User set preference: ['mobileEmulation', '{deviceName=iPhone 6}']

2019-08-19 05:32:46 - [MESSAGE][INFO] - User set preference: ['args', '[--incognito, --aggressive-cache-discard, --window-size=375,677, --no-sandbox]']

2019-08-19 05:32:49 - [MESSAGE][PASSED] - Browser is opened with url: 'https://praetemptatus.agilehealthinsurance.com'

2019-08-19 05:32:49 - [TEST_STEP][PASSED] - waitForPageLoad(20): Wait for page load successfully

2019-08-19 05:32:49 - [MESSAGE][PASSED] - Wait for page load successfully

2019-08-19 05:32:49 - [TEST_STEP][PASSED] - callTestCase(findTestCase("mobileWeb/_include/get_screenshot"), [:], STOP_ON_FAILURE): Call Test Case 'Test Cases/mobileWeb/_include/get_screenshot' successfully

2019-08-19 05:32:49 - [TEST_CASE][PASSED] - Test Cases/mobileWeb/_include/get_screenshot: Test Cases/mobileWeb/_include/get_screenshot

2019-08-19 05:32:49 - [TEST_STEP][PASSED] - takeScreenshot(screenPath + i + ".png"): Taking screenshot successfully

2019-08-19 05:32:50 - [MESSAGE][PASSED] - Taking screenshot successfully
[[ATTACHMENT|D:\\Test\\AgileTest\\Reports\\mobileWeb\\stm\\20190819_052650\\../Screenshots/iPhone 6/stm/Everest/20190819_053245/0.png]]

2019-08-19 05:32:50 - [TEST_STEP][PASSED] - (internal.GlobalVariable.i++): null

2019-08-19 05:32:50 - [MESSAGE][PASSED] - Call Test Case 'Test Cases/mobileWeb/_include/get_screenshot' successfully

2019-08-19 05:32:50 - [MESSAGE][PASSED] - Call Test Case 'Test Cases/mobileWeb/_include/openWebSite' successfully

2019-08-19 05:32:50 - [TEST_STEP][PASSED] - callTestCase(findTestCase("mobileWeb/_include/census_stm"), ["zipcode":"83709"], STOP_ON_FAILURE): Call Test Case 'Test Cases/mobileWeb/_include/census_stm' successfully

2019-08-19 05:32:50 - [TEST_CASE][PASSED] - Test Cases/mobileWeb/_include/census_stm: Test Cases/mobileWeb/_include/census_stm

2019-08-19 05:32:50 - [TEST_STEP][PASSED] - waitForElementClickable(findTestObject("mobileSanity/STM/Home Page/a_Quote  Save Today"), 10): Object 'Object Repository/mobileSanity/STM/Home Page/a_Quote  Save Today' is clickable

2019-08-19 05:32:50 - [MESSAGE][PASSED] - Object 'Object Repository/mobileSanity/STM/Home Page/a_Quote  Save Today' is clickable

2019-08-19 05:32:50 - [TEST_STEP][PASSED] - click(findTestObject("mobileSanity/STM/Home Page/a_Quote  Save Today")): Object: 'Object Repository/mobileSanity/STM/Home Page/a_Quote  Save Today' is clicked on

2019-08-19 05:32:51 - [MESSAGE][PASSED] - Object: 'Object Repository/mobileSanity/STM/Home Page/a_Quote  Save Today' is clicked on

2019-08-19 05:32:51 - [TEST_STEP][PASSED] - waitForPageLoad(10): Wait for page load successfully

2019-08-19 05:32:51 - [MESSAGE][PASSED] - Wait for page load successfully

2019-08-19 05:32:51 - [TEST_STEP][PASSED] - callTestCase(findTestCase("mobileWeb/_include/get_screenshot"), [:], STOP_ON_FAILURE): Call Test Case 'Test Cases/mobileWeb/_include/get_screenshot' successfully

2019-08-19 05:32:51 - [TEST_CASE][PASSED] - Test Cases/mobileWeb/_include/get_screenshot: Test Cases/mobileWeb/_include/get_screenshot

2019-08-19 05:32:51 - [TEST_STEP][PASSED] - takeScreenshot(screenPath + i + ".png"): Taking screenshot successfully

2019-08-19 05:32:52 - [MESSAGE][PASSED] - Taking screenshot successfully
[[ATTACHMENT|D:\\Test\\AgileTest\\Reports\\mobileWeb\\stm\\20190819_052650\\../Screenshots/iPhone 6/stm/Everest/20190819_053245/1.png]]

2019-08-19 05:32:52 - [TEST_STEP][PASSED] - (internal.GlobalVariable.i++): null

2019-08-19 05:32:52 - [MESSAGE][PASSED] - Call Test Case 'Test Cases/mobileWeb/_include/get_screenshot' successfully

2019-08-19 05:32:52 - [TEST_STEP][PASSED] - setText(findTestObject("mobileSanity/STM/STM Census Page/input_Location_zip-input"), zipcode): Text '83709' is set on object 'Object Repository/mobileSanity/STM/STM Census Page/input_Location_zip-input'

2019-08-19 05:32:52 - [MESSAGE][PASSED] - Text '83709' is set on object 'Object Repository/mobileSanity/STM/STM Census Page/input_Location_zip-input'

2019-08-19 05:32:52 - [TEST_STEP][PASSED] - Thread.sleep(500): null

2019-08-19 05:32:53 - [TEST_STEP][PASSED] - setText(findTestObject("mobileSanity/STM/STM Census Page/input_Date of Birth_dob-0"), "03031987"): Text '03031987' is set on object 'Object Repository/mobileSanity/STM/STM Census Page/input_Date of Birth_dob-0'

2019-08-19 05:32:53 - [MESSAGE][PASSED] - Text '03031987' is set on object 'Object Repository/mobileSanity/STM/STM Census Page/input_Date of Birth_dob-0'

2019-08-19 05:32:53 - [TEST_STEP][PASSED] - click(findTestObject("mobileSanity/STM/STM Census Page/label_Male")): Object: 'Object Repository/mobileSanity/STM/STM Census Page/label_Male' is clicked on

2019-08-19 05:32:53 - [MESSAGE][PASSED] - Object: 'Object Repository/mobileSanity/STM/STM Census Page/label_Male' is clicked on

2019-08-19 05:32:53 - [TEST_STEP][PASSED] - click(findTestObject("mobileSanity/STM/STM Census Page/label_Compare Plans")): Object: 'Object Repository/mobileSanity/STM/STM Census Page/label_Compare Plans' is clicked on

2019-08-19 05:32:57 - [MESSAGE][PASSED] - Object: 'Object Repository/mobileSanity/STM/STM Census Page/label_Compare Plans' is clicked on

2019-08-19 05:32:57 - [TEST_STEP][PASSED] - waitForElementVisible(findTestObject("mobileSanity/STM/STM Quote Page/button_sort"), 20): Object 'Object Repository/mobileSanity/STM/STM Quote Page/button_sort' is visible

2019-08-19 05:32:58 - [MESSAGE][PASSED] - Object 'Object Repository/mobileSanity/STM/STM Quote Page/button_sort' is visible

2019-08-19 05:32:58 - [TEST_STEP][PASSED] - Thread.sleep(3000): null

2019-08-19 05:33:01 - [TEST_STEP][PASSED] - callTestCase(findTestCase("mobileWeb/_include/get_screenshot"), [:], STOP_ON_FAILURE): Call Test Case 'Test Cases/mobileWeb/_include/get_screenshot' successfully

2019-08-19 05:33:01 - [TEST_CASE][PASSED] - Test Cases/mobileWeb/_include/get_screenshot: Test Cases/mobileWeb/_include/get_screenshot

2019-08-19 05:33:01 - [TEST_STEP][PASSED] - takeScreenshot(screenPath + i + ".png"): Taking screenshot successfully

2019-08-19 05:33:02 - [MESSAGE][PASSED] - Taking screenshot successfully
[[ATTACHMENT|D:\\Test\\AgileTest\\Reports\\mobileWeb\\stm\\20190819_052650\\../Screenshots/iPhone 6/stm/Everest/20190819_053245/2.png]]

2019-08-19 05:33:02 - [TEST_STEP][PASSED] - (internal.GlobalVariable.i++): null

2019-08-19 05:33:02 - [MESSAGE][PASSED] - Call Test Case 'Test Cases/mobileWeb/_include/get_screenshot' successfully

2019-08-19 05:33:02 - [TEST_STEP][PASSED] - Thread.sleep(1000): null

2019-08-19 05:33:03 - [MESSAGE][PASSED] - Call Test Case 'Test Cases/mobileWeb/_include/census_stm' successfully

2019-08-19 05:33:03 - [TEST_STEP][PASSED] - callTestCase(findTestCase("mobileWeb/_include/filter_stm"), ["carrier":"everest-one"], STOP_ON_FAILURE): Call Test Case 'Test Cases/mobileWeb/_include/filter_stm' successfully

2019-08-19 05:33:03 - [TEST_CASE][PASSED] - Test Cases/mobileWeb/_include/filter_stm: Test Cases/mobileWeb/_include/filter_stm

2019-08-19 05:33:03 - [TEST_STEP][PASSED] - driver = getWebDriver(): null

2019-08-19 05:33:03 - [TEST_STEP][PASSED] - selenium = new com.thoughtworks.selenium.webdriven.WebDriverBackedSelenium(driver, internal.GlobalVariable.ENV): null

2019-08-19 05:33:03 - [TEST_STEP][PASSED] - Thread.sleep(1000): null

2019-08-19 05:33:04 - [TEST_STEP][PASSED] - click(findTestObject("mobileSanity/STM/STM Quote Page/button_filters")): Object: 'Object Repository/mobileSanity/STM/STM Quote Page/button_filters' is clicked on

2019-08-19 05:33:05 - [MESSAGE][PASSED] - Object: 'Object Repository/mobileSanity/STM/STM Quote Page/button_filters' is clicked on

2019-08-19 05:33:05 - [TEST_STEP][PASSED] - Thread.sleep(1000): null

2019-08-19 05:33:06 - [TEST_STEP][PASSED] - click(findTestObject("mobileSanity/STM/STM Quote Page/i_Insurance company")): Object: 'Object Repository/mobileSanity/STM/STM Quote Page/i_Insurance company' is clicked on

2019-08-19 05:33:06 - [MESSAGE][PASSED] - Object: 'Object Repository/mobileSanity/STM/STM Quote Page/i_Insurance company' is clicked on

2019-08-19 05:33:06 - [TEST_STEP][PASSED] - Thread.sleep(1000): null

2019-08-19 05:33:07 - [TEST_STEP][PASSED] - filter_carrier = "//input[@name='filter[carrier]' and @value='" + carrier + "']/following::label": null

2019-08-19 05:33:07 - [TEST_STEP][PASSED] - println(filter_carrier): null

2019-08-19 05:33:07 - [TEST_STEP][PASSED] - test.MobileKeywords.clickJS_ByXpath(filter_carrier): test.MobileKeywords.clickJS_ByXpath is PASSED

2019-08-19 05:33:08 - [MESSAGE][PASSED] - Execute JavaScript 'arguments[0].click()' successfully

2019-08-19 05:33:08 - [MESSAGE][PASSED] - test.MobileKeywords.clickJS_ByXpath is PASSED

2019-08-19 05:33:08 - [TEST_STEP][PASSED] - Thread.sleep(1000): null

2019-08-19 05:33:09 - [TEST_STEP][PASSED] - scrollToElement(findTestObject("mobileSanity/STM/STM Quote Page/a_Show Plans"), 1000): Scroll to object 'Object Repository/mobileSanity/STM/STM Quote Page/a_Show Plans' successfully

2019-08-19 05:33:09 - [MESSAGE][PASSED] - Scroll to object 'Object Repository/mobileSanity/STM/STM Quote Page/a_Show Plans' successfully

2019-08-19 05:33:09 - [TEST_STEP][PASSED] - click(findTestObject("mobileSanity/STM/STM Quote Page/a_Show Plans")): Object: 'Object Repository/mobileSanity/STM/STM Quote Page/a_Show Plans' is clicked on

2019-08-19 05:33:10 - [MESSAGE][PASSED] - Object: 'Object Repository/mobileSanity/STM/STM Quote Page/a_Show Plans' is clicked on

2019-08-19 05:33:10 - [TEST_STEP][PASSED] - waitForJQueryLoad(10, STOP_ON_FAILURE): jQuery is ready.

2019-08-19 05:33:10 - [MESSAGE][PASSED] - jQuery is ready.

2019-08-19 05:33:10 - [TEST_STEP][PASSED] - Thread.sleep(2000): null

2019-08-19 05:33:12 - [TEST_STEP][PASSED] - callTestCase(findTestCase("mobileWeb/_include/get_screenshot"), [:], STOP_ON_FAILURE): Call Test Case 'Test Cases/mobileWeb/_include/get_screenshot' successfully

2019-08-19 05:33:12 - [TEST_CASE][PASSED] - Test Cases/mobileWeb/_include/get_screenshot: Test Cases/mobileWeb/_include/get_screenshot

2019-08-19 05:33:12 - [TEST_STEP][PASSED] - takeScreenshot(screenPath + i + ".png"): Taking screenshot successfully

2019-08-19 05:33:13 - [MESSAGE][PASSED] - Taking screenshot successfully
[[ATTACHMENT|D:\\Test\\AgileTest\\Reports\\mobileWeb\\stm\\20190819_052650\\../Screenshots/iPhone 6/stm/Everest/20190819_053245/3.png]]

2019-08-19 05:33:13 - [TEST_STEP][PASSED] - (internal.GlobalVariable.i++): null

2019-08-19 05:33:13 - [MESSAGE][PASSED] - Call Test Case 'Test Cases/mobileWeb/_include/get_screenshot' successfully

2019-08-19 05:33:13 - [MESSAGE][PASSED] - Call Test Case 'Test Cases/mobileWeb/_include/filter_stm' successfully

2019-08-19 05:33:13 - [TEST_STEP][PASSED] - callTestCase(findTestCase("mobileWeb/_include/goToDetail_stm"), ["carrier":"everest-one"], STOP_ON_FAILURE): Call Test Case 'Test Cases/mobileWeb/_include/goToDetail_stm' successfully

2019-08-19 05:33:13 - [TEST_CASE][PASSED] - Test Cases/mobileWeb/_include/goToDetail_stm: Test Cases/mobileWeb/_include/goToDetail_stm

2019-08-19 05:33:13 - [TEST_STEP][PASSED] - driver = getWebDriver(): null

2019-08-19 05:33:13 - [TEST_STEP][PASSED] - selenium = new com.thoughtworks.selenium.webdriven.WebDriverBackedSelenium(driver, internal.GlobalVariable.ENV): null

2019-08-19 05:33:13 - [TEST_STEP][PASSED] - a_plan_name = "xpath=//a[contains(@href,'/term-health-insurance/plan/" + carrier + "')]": null

2019-08-19 05:33:13 - [TEST_STEP][PASSED] - println(a_plan_name): null

2019-08-19 05:33:13 - [TEST_STEP][PASSED] - selenium.click(a_plan_name): null

2019-08-19 05:33:15 - [TEST_STEP][PASSED] - waitForPageLoad(10): Wait for page load successfully

2019-08-19 05:33:15 - [MESSAGE][PASSED] - Wait for page load successfully

2019-08-19 05:33:15 - [TEST_STEP][PASSED] - Thread.sleep(2000): null

2019-08-19 05:33:17 - [TEST_STEP][PASSED] - callTestCase(findTestCase("mobileWeb/_include/get_screenshot"), [:], STOP_ON_FAILURE): Call Test Case 'Test Cases/mobileWeb/_include/get_screenshot' successfully

2019-08-19 05:33:17 - [TEST_CASE][PASSED] - Test Cases/mobileWeb/_include/get_screenshot: Test Cases/mobileWeb/_include/get_screenshot

2019-08-19 05:33:17 - [TEST_STEP][PASSED] - takeScreenshot(screenPath + i + ".png"): Taking screenshot successfully

2019-08-19 05:33:18 - [MESSAGE][PASSED] - Taking screenshot successfully
[[ATTACHMENT|D:\\Test\\AgileTest\\Reports\\mobileWeb\\stm\\20190819_052650\\../Screenshots/iPhone 6/stm/Everest/20190819_053245/4.png]]

2019-08-19 05:33:18 - [TEST_STEP][PASSED] - (internal.GlobalVariable.i++): null

2019-08-19 05:33:18 - [MESSAGE][PASSED] - Call Test Case 'Test Cases/mobileWeb/_include/get_screenshot' successfully

2019-08-19 05:33:18 - [MESSAGE][PASSED] - Call Test Case 'Test Cases/mobileWeb/_include/goToDetail_stm' successfully

2019-08-19 05:33:18 - [TEST_STEP][PASSED] - callTestCase(findTestCase("mobileWeb/_include/apply_stm"), [:], STOP_ON_FAILURE): Call Test Case 'Test Cases/mobileWeb/_include/apply_stm' successfully

2019-08-19 05:33:18 - [TEST_CASE][PASSED] - Test Cases/mobileWeb/_include/apply_stm: Test Cases/mobileWeb/_include/apply_stm

2019-08-19 05:33:18 - [TEST_STEP][PASSED] - waitForElementVisible(findTestObject("mobileSanity/STM/STM PlanDetail Page/a_Apply for This Plan"), 5): Object 'Object Repository/mobileSanity/STM/STM PlanDetail Page/a_Apply for This Plan' is visible

2019-08-19 05:33:19 - [MESSAGE][PASSED] - Object 'Object Repository/mobileSanity/STM/STM PlanDetail Page/a_Apply for This Plan' is visible

2019-08-19 05:33:19 - [TEST_STEP][PASSED] - click(findTestObject("mobileSanity/STM/STM PlanDetail Page/a_Apply for This Plan")): Object: 'Object Repository/mobileSanity/STM/STM PlanDetail Page/a_Apply for This Plan' is clicked on

2019-08-19 05:33:20 - [MESSAGE][PASSED] - Object: 'Object Repository/mobileSanity/STM/STM PlanDetail Page/a_Apply for This Plan' is clicked on

2019-08-19 05:33:20 - [TEST_STEP][PASSED] - waitForPageLoad(10): Wait for page load successfully

2019-08-19 05:33:20 - [MESSAGE][PASSED] - Wait for page load successfully

2019-08-19 05:33:20 - [TEST_STEP][PASSED] - Thread.sleep(2000): null

2019-08-19 05:33:22 - [TEST_STEP][PASSED] - callTestCase(findTestCase("mobileWeb/_include/get_screenshot"), [:], STOP_ON_FAILURE): Call Test Case 'Test Cases/mobileWeb/_include/get_screenshot' successfully

2019-08-19 05:33:22 - [TEST_CASE][PASSED] - Test Cases/mobileWeb/_include/get_screenshot: Test Cases/mobileWeb/_include/get_screenshot

2019-08-19 05:33:22 - [TEST_STEP][PASSED] - takeScreenshot(screenPath + i + ".png"): Taking screenshot successfully

2019-08-19 05:33:23 - [MESSAGE][PASSED] - Taking screenshot successfully
[[ATTACHMENT|D:\\Test\\AgileTest\\Reports\\mobileWeb\\stm\\20190819_052650\\../Screenshots/iPhone 6/stm/Everest/20190819_053245/5.png]]

2019-08-19 05:33:23 - [TEST_STEP][PASSED] - (internal.GlobalVariable.i++): null

2019-08-19 05:33:23 - [MESSAGE][PASSED] - Call Test Case 'Test Cases/mobileWeb/_include/get_screenshot' successfully

2019-08-19 05:33:23 - [TEST_STEP][PASSED] - waitForElementVisible(findTestObject("mobileSanity/STM/STM Apply Page/a_Start Secure Application"), 5): Object 'Object Repository/mobileSanity/STM/STM Apply Page/a_Start Secure Application' is visible

2019-08-19 05:33:23 - [MESSAGE][PASSED] - Object 'Object Repository/mobileSanity/STM/STM Apply Page/a_Start Secure Application' is visible

2019-08-19 05:33:23 - [TEST_STEP][PASSED] - click(findTestObject("mobileSanity/STM/STM Apply Page/a_Start Secure Application")): Object: 'Object Repository/mobileSanity/STM/STM Apply Page/a_Start Secure Application' is clicked on

2019-08-19 05:33:28 - [MESSAGE][PASSED] - Object: 'Object Repository/mobileSanity/STM/STM Apply Page/a_Start Secure Application' is clicked on

2019-08-19 05:33:28 - [TEST_STEP][PASSED] - waitForPageLoad(20): Wait for page load successfully

2019-08-19 05:33:29 - [MESSAGE][PASSED] - Wait for page load successfully

2019-08-19 05:33:29 - [TEST_STEP][PASSED] - Thread.sleep(2000): null

2019-08-19 05:33:31 - [TEST_STEP][PASSED] - callTestCase(findTestCase("mobileWeb/_include/get_screenshot"), [:], STOP_ON_FAILURE): Call Test Case 'Test Cases/mobileWeb/_include/get_screenshot' successfully

2019-08-19 05:33:31 - [TEST_CASE][PASSED] - Test Cases/mobileWeb/_include/get_screenshot: Test Cases/mobileWeb/_include/get_screenshot

2019-08-19 05:33:31 - [TEST_STEP][PASSED] - takeScreenshot(screenPath + i + ".png"): Taking screenshot successfully

2019-08-19 05:33:31 - [MESSAGE][PASSED] - Taking screenshot successfully
[[ATTACHMENT|D:\\Test\\AgileTest\\Reports\\mobileWeb\\stm\\20190819_052650\\../Screenshots/iPhone 6/stm/Everest/20190819_053245/6.png]]

2019-08-19 05:33:31 - [TEST_STEP][PASSED] - (internal.GlobalVariable.i++): null

2019-08-19 05:33:31 - [MESSAGE][PASSED] - Call Test Case 'Test Cases/mobileWeb/_include/get_screenshot' successfully

2019-08-19 05:33:31 - [MESSAGE][PASSED] - Call Test Case 'Test Cases/mobileWeb/_include/apply_stm' successfully

2019-08-19 05:33:31 - [TEST_STEP][FAILED] - callTestCase(findTestCase("mobileWeb/_include/goToEnd_stm_autofill"), [:], STOP_ON_FAILURE): callTestCase(findTestCase("mobileWeb/_include/goToEnd_stm_autofill"), [:], STOP_ON_FAILURE) FAILED.
Reason:
com.kms.katalon.core.exception.StepFailedException: Unable to click on object 'Object Repository/mobileSanity/STM/Page_App Page 4/div_CLICK TO SIGN' (Root cause: com.kms.katalon.core.webui.exception.WebElementNotFoundException: Web element with id: 'Object Repository/mobileSanity/STM/Page_App Page 4/div_CLICK TO SIGN' located by 'By.xpath: //div[@id = 'js-signature-tab' and (text() = 'CLICK TO SIGN↓' or . = 'CLICK TO SIGN↓')]' not found)
	at com.kms.katalon.core.keyword.internal.KeywordMain.stepFailed(KeywordMain.groovy:36)
	at com.kms.katalon.core.webui.keyword.internal.WebUIKeywordMain.stepFailed(WebUIKeywordMain.groovy:65)
	at com.kms.katalon.core.webui.keyword.internal.WebUIKeywordMain.runKeyword(WebUIKeywordMain.groovy:27)
	at com.kms.katalon.core.webui.keyword.builtin.ClickKeyword.click(ClickKeyword.groovy:86)
	at com.kms.katalon.core.webui.keyword.builtin.ClickKeyword.execute(ClickKeyword.groovy:67)
	at com.kms.katalon.core.keyword.internal.KeywordExecutor.executeKeywordForPlatform(KeywordExecutor.groovy:53)
	at com.kms.katalon.core.webui.keyword.WebUiBuiltInKeywords.click(WebUiBuiltInKeywords.groovy:616)
	at com.kms.katalon.core.webui.keyword.WebUiBuiltInKeywords$click$3.call(Unknown Source)
	at goToEnd_stm_autofill.run(goToEnd_stm_autofill:89)
	at com.kms.katalon.core.main.ScriptEngine.run(ScriptEngine.java:194)
	at com.kms.katalon.core.main.ScriptEngine.runScriptAsRawText(ScriptEngine.java:119)
	at com.kms.katalon.core.main.TestCaseExecutor.runScript(TestCaseExecutor.java:328)
	at com.kms.katalon.core.main.TestCaseExecutor.doExecute(TestCaseExecutor.java:319)
	at com.kms.katalon.core.main.TestCaseExecutor.processExecutionPhase(TestCaseExecutor.java:298)
	at com.kms.katalon.core.main.TestCaseExecutor.accessMainPhase(TestCaseExecutor.java:290)
	at com.kms.katalon.core.main.TestCaseExecutor.execute(TestCaseExecutor.java:224)
	at com.kms.katalon.core.main.TestCaseMain.runTestCase(TestCaseMain.java:106)
	at com.kms.katalon.core.keyword.builtin.CallTestCaseKeyword$_callTestCase_closure1.doCall(CallTestCaseKeyword.groovy:59)
	at com.kms.katalon.core.keyword.builtin.CallTestCaseKeyword$_callTestCase_closure1.call(CallTestCaseKeyword.groovy)
	at com.kms.katalon.core.keyword.internal.KeywordMain.runKeyword(KeywordMain.groovy:54)
	at com.kms.katalon.core.keyword.builtin.CallTestCaseKeyword.callTestCase(CallTestCaseKeyword.groovy:80)
	at com.kms.katalon.core.keyword.builtin.CallTestCaseKeyword.execute(CallTestCaseKeyword.groovy:44)
	at com.kms.katalon.core.keyword.internal.KeywordExecutor.executeKeywordForPlatform(KeywordExecutor.groovy:53)
	at com.kms.katalon.core.keyword.BuiltinKeywords.callTestCase(BuiltinKeywords.groovy:334)
	at Everest.run(Everest:31)
	at com.kms.katalon.core.main.ScriptEngine.run(ScriptEngine.java:194)
	at com.kms.katalon.core.main.ScriptEngine.runScriptAsRawText(ScriptEngine.java:119)
	at com.kms.katalon.core.main.TestCaseExecutor.runScript(TestCaseExecutor.java:328)
	at com.kms.katalon.core.main.TestCaseExecutor.doExecute(TestCaseExecutor.java:319)
	at com.kms.katalon.core.main.TestCaseExecutor.processExecutionPhase(TestCaseExecutor.java:298)
	at com.kms.katalon.core.main.TestCaseExecutor.accessMainPhase(TestCaseExecutor.java:290)
	at com.kms.katalon.core.main.TestCaseExecutor.execute(TestCaseExecutor.java:224)
	at com.kms.katalon.core.main.TestSuiteExecutor.accessTestCaseMainPhase(TestSuiteExecutor.java:129)
	at com.kms.katalon.core.main.TestSuiteExecutor.accessTestSuiteMainPhase(TestSuiteExecutor.java:112)
	at com.kms.katalon.core.main.TestSuiteExecutor.execute(TestSuiteExecutor.java:81)
	at com.kms.katalon.core.main.TestCaseMain.startTestSuite(TestCaseMain.java:149)
	at com.kms.katalon.core.main.TestCaseMain$startTestSuite$0.call(Unknown Source)
	at TempTestSuite1566206810208.run(TempTestSuite1566206810208.groovy:36)


2019-08-19 05:33:31 - [TEST_CASE][FAILED] - Test Cases/mobileWeb/_include/goToEnd_stm_autofill: Test Cases/mobileWeb/_include/goToEnd_stm_autofill FAILED.
Reason:
com.kms.katalon.core.exception.StepFailedException: Unable to click on object 'Object Repository/mobileSanity/STM/Page_App Page 4/div_CLICK TO SIGN' (Root cause: com.kms.katalon.core.webui.exception.WebElementNotFoundException: Web element with id: 'Object Repository/mobileSanity/STM/Page_App Page 4/div_CLICK TO SIGN' located by 'By.xpath: //div[@id = 'js-signature-tab' and (text() = 'CLICK TO SIGN↓' or . = 'CLICK TO SIGN↓')]' not found)
	at com.kms.katalon.core.keyword.internal.KeywordMain.stepFailed(KeywordMain.groovy:36)
	at com.kms.katalon.core.webui.keyword.internal.WebUIKeywordMain.stepFailed(WebUIKeywordMain.groovy:65)
	at com.kms.katalon.core.webui.keyword.internal.WebUIKeywordMain.runKeyword(WebUIKeywordMain.groovy:27)
	at com.kms.katalon.core.webui.keyword.builtin.ClickKeyword.click(ClickKeyword.groovy:86)
	at com.kms.katalon.core.webui.keyword.builtin.ClickKeyword.execute(ClickKeyword.groovy:67)
	at com.kms.katalon.core.keyword.internal.KeywordExecutor.executeKeywordForPlatform(KeywordExecutor.groovy:53)
	at com.kms.katalon.core.webui.keyword.WebUiBuiltInKeywords.click(WebUiBuiltInKeywords.groovy:616)
	at com.kms.katalon.core.webui.keyword.WebUiBuiltInKeywords$click$3.call(Unknown Source)
	at goToEnd_stm_autofill.run(goToEnd_stm_autofill:89)
	at com.kms.katalon.core.main.ScriptEngine.run(ScriptEngine.java:194)
	at com.kms.katalon.core.main.ScriptEngine.runScriptAsRawText(ScriptEngine.java:119)
	at com.kms.katalon.core.main.TestCaseExecutor.runScript(TestCaseExecutor.java:328)
	at com.kms.katalon.core.main.TestCaseExecutor.doExecute(TestCaseExecutor.java:319)
	at com.kms.katalon.core.main.TestCaseExecutor.processExecutionPhase(TestCaseExecutor.java:298)
	at com.kms.katalon.core.main.TestCaseExecutor.accessMainPhase(TestCaseExecutor.java:290)
	at com.kms.katalon.core.main.TestCaseExecutor.execute(TestCaseExecutor.java:224)
	at com.kms.katalon.core.main.TestCaseMain.runTestCase(TestCaseMain.java:106)
	at com.kms.katalon.core.keyword.builtin.CallTestCaseKeyword$_callTestCase_closure1.doCall(CallTestCaseKeyword.groovy:59)
	at com.kms.katalon.core.keyword.builtin.CallTestCaseKeyword$_callTestCase_closure1.call(CallTestCaseKeyword.groovy)
	at com.kms.katalon.core.keyword.internal.KeywordMain.runKeyword(KeywordMain.groovy:54)
	at com.kms.katalon.core.keyword.builtin.CallTestCaseKeyword.callTestCase(CallTestCaseKeyword.groovy:80)
	at com.kms.katalon.core.keyword.builtin.CallTestCaseKeyword.execute(CallTestCaseKeyword.groovy:44)
	at com.kms.katalon.core.keyword.internal.KeywordExecutor.executeKeywordForPlatform(KeywordExecutor.groovy:53)
	at com.kms.katalon.core.keyword.BuiltinKeywords.callTestCase(BuiltinKeywords.groovy:334)
	at Everest.run(Everest:31)
	at com.kms.katalon.core.main.ScriptEngine.run(ScriptEngine.java:194)
	at com.kms.katalon.core.main.ScriptEngine.runScriptAsRawText(ScriptEngine.java:119)
	at com.kms.katalon.core.main.TestCaseExecutor.runScript(TestCaseExecutor.java:328)
	at com.kms.katalon.core.main.TestCaseExecutor.doExecute(TestCaseExecutor.java:319)
	at com.kms.katalon.core.main.TestCaseExecutor.processExecutionPhase(TestCaseExecutor.java:298)
	at com.kms.katalon.core.main.TestCaseExecutor.accessMainPhase(TestCaseExecutor.java:290)
	at com.kms.katalon.core.main.TestCaseExecutor.execute(TestCaseExecutor.java:224)
	at com.kms.katalon.core.main.TestSuiteExecutor.accessTestCaseMainPhase(TestSuiteExecutor.java:129)
	at com.kms.katalon.core.main.TestSuiteExecutor.accessTestSuiteMainPhase(TestSuiteExecutor.java:112)
	at com.kms.katalon.core.main.TestSuiteExecutor.execute(TestSuiteExecutor.java:81)
	at com.kms.katalon.core.main.TestCaseMain.startTestSuite(TestCaseMain.java:149)
	at com.kms.katalon.core.main.TestCaseMain$startTestSuite$0.call(Unknown Source)
	at TempTestSuite1566206810208.run(TempTestSuite1566206810208.groovy:36)


2019-08-19 05:33:31 - [TEST_STEP][PASSED] - callTestCase(findTestCase("mobileWeb/_include/name"), [:], CONTINUE_ON_FAILURE): Call Test Case 'Test Cases/mobileWeb/_include/name' successfully

2019-08-19 05:33:31 - [TEST_CASE][PASSED] - Test Cases/mobileWeb/_include/name: Test Cases/mobileWeb/_include/name

2019-08-19 05:33:31 - [TEST_STEP][PASSED] - driver = getWebDriver(): null

2019-08-19 05:33:31 - [TEST_STEP][PASSED] - selenium = new com.thoughtworks.selenium.webdriven.WebDriverBackedSelenium(driver, internal.GlobalVariable.ENV): null

2019-08-19 05:33:31 - [TEST_STEP][PASSED] - FirstName = "Test-123": null

2019-08-19 05:33:31 - [TEST_STEP][PASSED] - LastName = selenium.getEval("{var x="ABCDEFGHIJKLMNOPQRSTUVWXYZabcdefghijklmnopqrstuvwxyz"; var tmp="ZZ11-"; for (i=0;i<8;i++) tmp+=x.charAt(Math.ceil(51*Math.random()));tmp;}"): null

2019-08-19 05:33:31 - [TEST_STEP][PASSED] - Address = selenium.getEval("{var x="ABCDEFGHIJKLMNOPQRSTUVWXYZabcdefghijklmnopqrstuvwxyz"; var tmp=""; for (i=0;i<8;i++) tmp+=x.charAt(Math.ceil(51*Math.random()));tmp;}"): null

2019-08-19 05:33:31 - [TEST_STEP][PASSED] - City = selenium.getEval("{var x="ABCDEFGHIJKLMNOPQRSTUVWXYZabcdefghijklmnopqrstuvwxyz"; var tmp=""; for (i=0;i<8;i++) tmp+=x.charAt(Math.ceil(51*Math.random()));tmp;}"): null

2019-08-19 05:33:31 - [TEST_STEP][PASSED] - tel1 = selenium.getEval("{var x="123456789"; var tmp=""; for (i=0;i<3;i++) tmp+=x.charAt(Math.ceil(8*Math.random()));tmp;}"): null

2019-08-19 05:33:31 - [TEST_STEP][PASSED] - tel2 = selenium.getEval("{var x="123456789"; var tmp=""; for (i=0;i<3;i++) tmp+=x.charAt(Math.ceil(8*Math.random()));tmp;}"): null

2019-08-19 05:33:31 - [TEST_STEP][PASSED] - tel3 = selenium.getEval("{var x="123456789"; var tmp=""; for (i=0;i<4;i++) tmp+=x.charAt(Math.ceil(8*Math.random()));tmp;}"): null

2019-08-19 05:33:31 - [TEST_STEP][PASSED] - Tel = selenium.getExpression(tel1 + "-" + tel2 + "-" + tel3): null

2019-08-19 05:33:31 - [TEST_STEP][PASSED] - AutoEmail = selenium.getEval("{var x="ABCDEFGHIJKLMNOPQRSTUVWXYZabcdefghijklmnopqrstuvwxyz"; var tmp="test."; for (i=0;i<8;i++) tmp+=x.charAt(Math.ceil(51*Math.random()));tmp+="@suryani.cn";}"): null

2019-08-19 05:33:31 - [TEST_STEP][PASSED] - FirstName = FirstName: null

2019-08-19 05:33:31 - [TEST_STEP][PASSED] - LastName = LastName: null

2019-08-19 05:33:31 - [TEST_STEP][PASSED] - Address = Address: null

2019-08-19 05:33:31 - [TEST_STEP][PASSED] - City = City: null

2019-08-19 05:33:31 - [TEST_STEP][PASSED] - Tel = Tel: null

2019-08-19 05:33:31 - [TEST_STEP][PASSED] - AutoEmail = AutoEmail: null

2019-08-19 05:33:31 - [TEST_STEP][PASSED] - println(FirstName): null

2019-08-19 05:33:31 - [TEST_STEP][PASSED] - println(LastName): null

2019-08-19 05:33:31 - [TEST_STEP][PASSED] - println(Address): null

2019-08-19 05:33:31 - [TEST_STEP][PASSED] - println(City): null

2019-08-19 05:33:31 - [TEST_STEP][PASSED] - println(Tel): null

2019-08-19 05:33:31 - [TEST_STEP][PASSED] - println(AutoEmail): null

2019-08-19 05:33:31 - [MESSAGE][PASSED] - Call Test Case 'Test Cases/mobileWeb/_include/name' successfully

2019-08-19 05:33:31 - [TEST_STEP][FAILED] - try: Unable to verify text 'Month Duration Acknowledgement' is present  (Root cause: com.kms.katalon.core.exception.StepFailedException: Text 'Month Duration Acknowledgement' is not present on page )

2019-08-19 05:33:31 - [TEST_STEP][FAILED] - if (verifyTextPresent("Month Duration Acknowledgement", false)): Unable to verify text 'Month Duration Acknowledgement' is present  (Root cause: com.kms.katalon.core.exception.StepFailedException: Text 'Month Duration Acknowledgement' is not present on page )

2019-08-19 05:33:32 - [MESSAGE][FAILED] - Text 'Month Duration Acknowledgement' is not present on page 

2019-08-19 05:33:32 - [MESSAGE][FAILED] - Unable to verify text 'Month Duration Acknowledgement' is present  (Root cause: com.kms.katalon.core.exception.StepFailedException: Text 'Month Duration Acknowledgement' is not present on page )
[[ATTACHMENT|D:\\Test\\AgileTest\\Reports\\mobileWeb\\stm\\20190819_052650\\1566207212054.png]]

2019-08-19 05:33:32 - [TEST_STEP][PASSED] - catch (Exception e): null

2019-08-19 05:33:32 - [TEST_STEP][PASSED] - println("no consecutive"): null

2019-08-19 05:33:32 - [TEST_STEP][PASSED] - waitForPageLoad(10): Wait for page load successfully

2019-08-19 05:33:32 - [MESSAGE][PASSED] - Wait for page load successfully

2019-08-19 05:33:32 - [TEST_STEP][PASSED] - Thread.sleep(3000): null

2019-08-19 05:33:35 - [TEST_STEP][PASSED] - waitForElementVisible(findTestObject("mobileSanity/STM/Page_App Page 1/a_Autofill App Info"), 20): Object 'Object Repository/mobileSanity/STM/Page_App Page 1/a_Autofill App Info' is visible

2019-08-19 05:33:35 - [MESSAGE][PASSED] - Object 'Object Repository/mobileSanity/STM/Page_App Page 1/a_Autofill App Info' is visible

2019-08-19 05:33:35 - [TEST_STEP][PASSED] - click(findTestObject("mobileSanity/STM/Page_App Page 1/a_Autofill App Info")): Object: 'Object Repository/mobileSanity/STM/Page_App Page 1/a_Autofill App Info' is clicked on

2019-08-19 05:33:35 - [MESSAGE][PASSED] - Object: 'Object Repository/mobileSanity/STM/Page_App Page 1/a_Autofill App Info' is clicked on

2019-08-19 05:33:35 - [TEST_STEP][PASSED] - Thread.sleep(1000): null

2019-08-19 05:33:36 - [TEST_STEP][PASSED] - click(findTestObject("mobileSanity/STM/Page_App Page 1/a_Autofill App Info")): Object: 'Object Repository/mobileSanity/STM/Page_App Page 1/a_Autofill App Info' is clicked on

2019-08-19 05:33:36 - [MESSAGE][PASSED] - Object: 'Object Repository/mobileSanity/STM/Page_App Page 1/a_Autofill App Info' is clicked on

2019-08-19 05:33:36 - [TEST_STEP][PASSED] - Thread.sleep(1000): null

2019-08-19 05:33:37 - [TEST_STEP][PASSED] - waitForElementVisible(findTestObject("mobileSanity/STM/Page_App Page 1/a_Continue"), 20): Object 'Object Repository/mobileSanity/STM/Page_App Page 1/a_Continue' is visible

2019-08-19 05:33:38 - [MESSAGE][PASSED] - Object 'Object Repository/mobileSanity/STM/Page_App Page 1/a_Continue' is visible

2019-08-19 05:33:38 - [TEST_STEP][PASSED] - click(findTestObject("mobileSanity/STM/Page_App Page 1/a_Continue")): Object: 'Object Repository/mobileSanity/STM/Page_App Page 1/a_Continue' is clicked on

2019-08-19 05:33:38 - [MESSAGE][PASSED] - Object: 'Object Repository/mobileSanity/STM/Page_App Page 1/a_Continue' is clicked on

2019-08-19 05:33:38 - [TEST_STEP][PASSED] - waitForPageLoad(20): Wait for page load successfully

2019-08-19 05:33:38 - [MESSAGE][PASSED] - Wait for page load successfully

2019-08-19 05:33:38 - [TEST_STEP][PASSED] - Thread.sleep(2000): null

2019-08-19 05:33:40 - [TEST_STEP][PASSED] - callTestCase(findTestCase("mobileWeb/_include/get_screenshot"), [:], STOP_ON_FAILURE): Call Test Case 'Test Cases/mobileWeb/_include/get_screenshot' successfully

2019-08-19 05:33:40 - [TEST_CASE][PASSED] - Test Cases/mobileWeb/_include/get_screenshot: Test Cases/mobileWeb/_include/get_screenshot

2019-08-19 05:33:40 - [TEST_STEP][PASSED] - takeScreenshot(screenPath + i + ".png"): Taking screenshot successfully

2019-08-19 05:33:41 - [MESSAGE][PASSED] - Taking screenshot successfully
[[ATTACHMENT|D:\\Test\\AgileTest\\Reports\\mobileWeb\\stm\\20190819_052650\\../Screenshots/iPhone 6/stm/Everest/20190819_053245/7.png]]

2019-08-19 05:33:41 - [TEST_STEP][PASSED] - (internal.GlobalVariable.i++): null

2019-08-19 05:33:41 - [MESSAGE][PASSED] - Call Test Case 'Test Cases/mobileWeb/_include/get_screenshot' successfully

2019-08-19 05:33:41 - [TEST_STEP][PASSED] - click(findTestObject("mobileSanity/STM/Page_App Page 2/a_Continue to Step 3 - Payment")): Object: 'Object Repository/mobileSanity/STM/Page_App Page 2/a_Continue to Step 3 - Payment' is clicked on

2019-08-19 05:33:41 - [MESSAGE][PASSED] - Object: 'Object Repository/mobileSanity/STM/Page_App Page 2/a_Continue to Step 3 - Payment' is clicked on

2019-08-19 05:33:41 - [TEST_STEP][PASSED] - waitForPageLoad(20): Wait for page load successfully

2019-08-19 05:33:41 - [MESSAGE][PASSED] - Wait for page load successfully

2019-08-19 05:33:41 - [TEST_STEP][PASSED] - waitForElementVisible(findTestObject("mobileSanity/STM/Page_App Page 3/input__credit-card-cvv"), 20): Object 'Object Repository/mobileSanity/STM/Page_App Page 3/input__credit-card-cvv' is visible

2019-08-19 05:33:42 - [MESSAGE][PASSED] - Object 'Object Repository/mobileSanity/STM/Page_App Page 3/input__credit-card-cvv' is visible

2019-08-19 05:33:42 - [TEST_STEP][PASSED] - Thread.sleep(2000): null

2019-08-19 05:33:44 - [TEST_STEP][PASSED] - callTestCase(findTestCase("mobileWeb/_include/get_screenshot"), [:], STOP_ON_FAILURE): Call Test Case 'Test Cases/mobileWeb/_include/get_screenshot' successfully

2019-08-19 05:33:44 - [TEST_CASE][PASSED] - Test Cases/mobileWeb/_include/get_screenshot: Test Cases/mobileWeb/_include/get_screenshot

2019-08-19 05:33:44 - [TEST_STEP][PASSED] - takeScreenshot(screenPath + i + ".png"): Taking screenshot successfully

2019-08-19 05:33:44 - [MESSAGE][PASSED] - Taking screenshot successfully
[[ATTACHMENT|D:\\Test\\AgileTest\\Reports\\mobileWeb\\stm\\20190819_052650\\../Screenshots/iPhone 6/stm/Everest/20190819_053245/8.png]]

2019-08-19 05:33:44 - [TEST_STEP][PASSED] - (internal.GlobalVariable.i++): null

2019-08-19 05:33:44 - [MESSAGE][PASSED] - Call Test Case 'Test Cases/mobileWeb/_include/get_screenshot' successfully

2019-08-19 05:33:44 - [TEST_STEP][PASSED] - clearText(findTestObject("mobileSanity/STM/Page_App Page 3/input__credit-card-cvv")): Text of object 'Object Repository/mobileSanity/STM/Page_App Page 3/input__credit-card-cvv' is cleared

2019-08-19 05:33:44 - [MESSAGE][PASSED] - Text of object 'Object Repository/mobileSanity/STM/Page_App Page 3/input__credit-card-cvv' is cleared

2019-08-19 05:33:44 - [TEST_STEP][PASSED] - setText(findTestObject("mobileSanity/STM/Page_App Page 3/input__credit-card-cvv"), "123"): Text '123' is set on object 'Object Repository/mobileSanity/STM/Page_App Page 3/input__credit-card-cvv'

2019-08-19 05:33:45 - [MESSAGE][PASSED] - Text '123' is set on object 'Object Repository/mobileSanity/STM/Page_App Page 3/input__credit-card-cvv'

2019-08-19 05:33:45 - [TEST_STEP][PASSED] - click(findTestObject("mobileSanity/STM/Page_App Page 3/label_I Accept Authorization f")): Object: 'Object Repository/mobileSanity/STM/Page_App Page 3/label_I Accept Authorization f' is clicked on

2019-08-19 05:33:45 - [MESSAGE][PASSED] - Object: 'Object Repository/mobileSanity/STM/Page_App Page 3/label_I Accept Authorization f' is clicked on

2019-08-19 05:33:45 - [TEST_STEP][PASSED] - click(findTestObject("mobileSanity/STM/Page_App Page 3/a_Continue to Step 4 - Review")): Object: 'Object Repository/mobileSanity/STM/Page_App Page 3/a_Continue to Step 4 - Review' is clicked on

2019-08-19 05:33:46 - [MESSAGE][PASSED] - Object: 'Object Repository/mobileSanity/STM/Page_App Page 3/a_Continue to Step 4 - Review' is clicked on

2019-08-19 05:33:46 - [TEST_STEP][PASSED] - waitForPageLoad(10): Wait for page load successfully

2019-08-19 05:33:46 - [MESSAGE][PASSED] - Wait for page load successfully

2019-08-19 05:33:46 - [TEST_STEP][PASSED] - waitForElementClickable(findTestObject("mobileSanity/STM/Page_App Page 4/label"), 10): Object 'Object Repository/mobileSanity/STM/Page_App Page 4/label' is clickable

2019-08-19 05:33:47 - [MESSAGE][PASSED] - Object 'Object Repository/mobileSanity/STM/Page_App Page 4/label' is clickable

2019-08-19 05:33:47 - [TEST_STEP][PASSED] - Thread.sleep(2000): null

2019-08-19 05:33:49 - [TEST_STEP][PASSED] - callTestCase(findTestCase("mobileWeb/_include/get_screenshot"), [:], STOP_ON_FAILURE): Call Test Case 'Test Cases/mobileWeb/_include/get_screenshot' successfully

2019-08-19 05:33:49 - [TEST_CASE][PASSED] - Test Cases/mobileWeb/_include/get_screenshot: Test Cases/mobileWeb/_include/get_screenshot

2019-08-19 05:33:49 - [TEST_STEP][PASSED] - takeScreenshot(screenPath + i + ".png"): Taking screenshot successfully

2019-08-19 05:33:50 - [MESSAGE][PASSED] - Taking screenshot successfully
[[ATTACHMENT|D:\\Test\\AgileTest\\Reports\\mobileWeb\\stm\\20190819_052650\\../Screenshots/iPhone 6/stm/Everest/20190819_053245/9.png]]

2019-08-19 05:33:50 - [TEST_STEP][PASSED] - (internal.GlobalVariable.i++): null

2019-08-19 05:33:50 - [MESSAGE][PASSED] - Call Test Case 'Test Cases/mobileWeb/_include/get_screenshot' successfully

2019-08-19 05:33:50 - [TEST_STEP][PASSED] - click(findTestObject("mobileSanity/STM/Page_App Page 4/label")): Object: 'Object Repository/mobileSanity/STM/Page_App Page 4/label' is clicked on

2019-08-19 05:33:50 - [MESSAGE][PASSED] - Object: 'Object Repository/mobileSanity/STM/Page_App Page 4/label' is clicked on

2019-08-19 05:33:50 - [TEST_STEP][FAILED] - click(findTestObject("mobileSanity/STM/Page_App Page 4/div_CLICK TO SIGN")): click(findTestObject("mobileSanity/STM/Page_App Page 4/div_CLICK TO SIGN")) FAILED.
Reason:
com.kms.katalon.core.exception.StepFailedException: Unable to click on object 'Object Repository/mobileSanity/STM/Page_App Page 4/div_CLICK TO SIGN' (Root cause: com.kms.katalon.core.webui.exception.WebElementNotFoundException: Web element with id: 'Object Repository/mobileSanity/STM/Page_App Page 4/div_CLICK TO SIGN' located by 'By.xpath: //div[@id = 'js-signature-tab' and (text() = 'CLICK TO SIGN↓' or . = 'CLICK TO SIGN↓')]' not found)
	at com.kms.katalon.core.keyword.internal.KeywordMain.stepFailed(KeywordMain.groovy:36)
	at com.kms.katalon.core.webui.keyword.internal.WebUIKeywordMain.stepFailed(WebUIKeywordMain.groovy:65)
	at com.kms.katalon.core.webui.keyword.internal.WebUIKeywordMain.runKeyword(WebUIKeywordMain.groovy:27)
	at com.kms.katalon.core.webui.keyword.builtin.ClickKeyword.click(ClickKeyword.groovy:86)
	at com.kms.katalon.core.webui.keyword.builtin.ClickKeyword.execute(ClickKeyword.groovy:67)
	at com.kms.katalon.core.keyword.internal.KeywordExecutor.executeKeywordForPlatform(KeywordExecutor.groovy:53)
	at com.kms.katalon.core.webui.keyword.WebUiBuiltInKeywords.click(WebUiBuiltInKeywords.groovy:616)
	at com.kms.katalon.core.webui.keyword.WebUiBuiltInKeywords$click$3.call(Unknown Source)
	at goToEnd_stm_autofill.run(goToEnd_stm_autofill:89)
	at com.kms.katalon.core.main.ScriptEngine.run(ScriptEngine.java:194)
	at com.kms.katalon.core.main.ScriptEngine.runScriptAsRawText(ScriptEngine.java:119)
	at com.kms.katalon.core.main.TestCaseExecutor.runScript(TestCaseExecutor.java:328)
	at com.kms.katalon.core.main.TestCaseExecutor.doExecute(TestCaseExecutor.java:319)
	at com.kms.katalon.core.main.TestCaseExecutor.processExecutionPhase(TestCaseExecutor.java:298)
	at com.kms.katalon.core.main.TestCaseExecutor.accessMainPhase(TestCaseExecutor.java:290)
	at com.kms.katalon.core.main.TestCaseExecutor.execute(TestCaseExecutor.java:224)
	at com.kms.katalon.core.main.TestCaseMain.runTestCase(TestCaseMain.java:106)
	at com.kms.katalon.core.keyword.builtin.CallTestCaseKeyword$_callTestCase_closure1.doCall(CallTestCaseKeyword.groovy:59)
	at com.kms.katalon.core.keyword.builtin.CallTestCaseKeyword$_callTestCase_closure1.call(CallTestCaseKeyword.groovy)
	at com.kms.katalon.core.keyword.internal.KeywordMain.runKeyword(KeywordMain.groovy:54)
	at com.kms.katalon.core.keyword.builtin.CallTestCaseKeyword.callTestCase(CallTestCaseKeyword.groovy:80)
	at com.kms.katalon.core.keyword.builtin.CallTestCaseKeyword.execute(CallTestCaseKeyword.groovy:44)
	at com.kms.katalon.core.keyword.internal.KeywordExecutor.executeKeywordForPlatform(KeywordExecutor.groovy:53)
	at com.kms.katalon.core.keyword.BuiltinKeywords.callTestCase(BuiltinKeywords.groovy:334)
	at Everest.run(Everest:31)
	at com.kms.katalon.core.main.ScriptEngine.run(ScriptEngine.java:194)
	at com.kms.katalon.core.main.ScriptEngine.runScriptAsRawText(ScriptEngine.java:119)
	at com.kms.katalon.core.main.TestCaseExecutor.runScript(TestCaseExecutor.java:328)
	at com.kms.katalon.core.main.TestCaseExecutor.doExecute(TestCaseExecutor.java:319)
	at com.kms.katalon.core.main.TestCaseExecutor.processExecutionPhase(TestCaseExecutor.java:298)
	at com.kms.katalon.core.main.TestCaseExecutor.accessMainPhase(TestCaseExecutor.java:290)
	at com.kms.katalon.core.main.TestCaseExecutor.execute(TestCaseExecutor.java:224)
	at com.kms.katalon.core.main.TestSuiteExecutor.accessTestCaseMainPhase(TestSuiteExecutor.java:129)
	at com.kms.katalon.core.main.TestSuiteExecutor.accessTestSuiteMainPhase(TestSuiteExecutor.java:112)
	at com.kms.katalon.core.main.TestSuiteExecutor.execute(TestSuiteExecutor.java:81)
	at com.kms.katalon.core.main.TestCaseMain.startTestSuite(TestCaseMain.java:149)
	at com.kms.katalon.core.main.TestCaseMain$startTestSuite$0.call(Unknown Source)
	at TempTestSuite1566206810208.run(TempTestSuite1566206810208.groovy:36)


2019-08-19 05:34:14 - [MESSAGE][INFO] - Unable to find the element located by 'By.xpath: //div[@id = 'js-signature-tab' and (text() = 'CLICK TO SIGN↓' or . = 'CLICK TO SIGN↓')]'. Please recheck the objects properties to make sure the desired element is located. 

2019-08-19 05:34:14 - [MESSAGE][FAILED] - Unable to click on object 'Object Repository/mobileSanity/STM/Page_App Page 4/div_CLICK TO SIGN' (Root cause: com.kms.katalon.core.webui.exception.WebElementNotFoundException: Web element with id: 'Object Repository/mobileSanity/STM/Page_App Page 4/div_CLICK TO SIGN' located by 'By.xpath: //div[@id = 'js-signature-tab' and (text() = 'CLICK TO SIGN↓' or . = 'CLICK TO SIGN↓')]' not found)
[[ATTACHMENT|D:\\Test\\AgileTest\\Reports\\mobileWeb\\stm\\20190819_052650\\1566207254239.png]]

2019-08-19 05:34:14 - [MESSAGE][FAILED] - click(findTestObject("mobileSanity/STM/Page_App Page 4/div_CLICK TO SIGN")) FAILED.
Reason:
com.kms.katalon.core.exception.StepFailedException: Unable to click on object 'Object Repository/mobileSanity/STM/Page_App Page 4/div_CLICK TO SIGN' (Root cause: com.kms.katalon.core.webui.exception.WebElementNotFoundException: Web element with id: 'Object Repository/mobileSanity/STM/Page_App Page 4/div_CLICK TO SIGN' located by 'By.xpath: //div[@id = 'js-signature-tab' and (text() = 'CLICK TO SIGN↓' or . = 'CLICK TO SIGN↓')]' not found)
	at com.kms.katalon.core.keyword.internal.KeywordMain.stepFailed(KeywordMain.groovy:36)
	at com.kms.katalon.core.webui.keyword.internal.WebUIKeywordMain.stepFailed(WebUIKeywordMain.groovy:65)
	at com.kms.katalon.core.webui.keyword.internal.WebUIKeywordMain.runKeyword(WebUIKeywordMain.groovy:27)
	at com.kms.katalon.core.webui.keyword.builtin.ClickKeyword.click(ClickKeyword.groovy:86)
	at com.kms.katalon.core.webui.keyword.builtin.ClickKeyword.execute(ClickKeyword.groovy:67)
	at com.kms.katalon.core.keyword.internal.KeywordExecutor.executeKeywordForPlatform(KeywordExecutor.groovy:53)
	at com.kms.katalon.core.webui.keyword.WebUiBuiltInKeywords.click(WebUiBuiltInKeywords.groovy:616)
	at com.kms.katalon.core.webui.keyword.WebUiBuiltInKeywords$click$3.call(Unknown Source)
	at goToEnd_stm_autofill.run(goToEnd_stm_autofill:89)
	at com.kms.katalon.core.main.ScriptEngine.run(ScriptEngine.java:194)
	at com.kms.katalon.core.main.ScriptEngine.runScriptAsRawText(ScriptEngine.java:119)
	at com.kms.katalon.core.main.TestCaseExecutor.runScript(TestCaseExecutor.java:328)
	at com.kms.katalon.core.main.TestCaseExecutor.doExecute(TestCaseExecutor.java:319)
	at com.kms.katalon.core.main.TestCaseExecutor.processExecutionPhase(TestCaseExecutor.java:298)
	at com.kms.katalon.core.main.TestCaseExecutor.accessMainPhase(TestCaseExecutor.java:290)
	at com.kms.katalon.core.main.TestCaseExecutor.execute(TestCaseExecutor.java:224)
	at com.kms.katalon.core.main.TestCaseMain.runTestCase(TestCaseMain.java:106)
	at com.kms.katalon.core.keyword.builtin.CallTestCaseKeyword$_callTestCase_closure1.doCall(CallTestCaseKeyword.groovy:59)
	at com.kms.katalon.core.keyword.builtin.CallTestCaseKeyword$_callTestCase_closure1.call(CallTestCaseKeyword.groovy)
	at com.kms.katalon.core.keyword.internal.KeywordMain.runKeyword(KeywordMain.groovy:54)
	at com.kms.katalon.core.keyword.builtin.CallTestCaseKeyword.callTestCase(CallTestCaseKeyword.groovy:80)
	at com.kms.katalon.core.keyword.builtin.CallTestCaseKeyword.execute(CallTestCaseKeyword.groovy:44)
	at com.kms.katalon.core.keyword.internal.KeywordExecutor.executeKeywordForPlatform(KeywordExecutor.groovy:53)
	at com.kms.katalon.core.keyword.BuiltinKeywords.callTestCase(BuiltinKeywords.groovy:334)
	at Everest.run(Everest:31)
	at com.kms.katalon.core.main.ScriptEngine.run(ScriptEngine.java:194)
	at com.kms.katalon.core.main.ScriptEngine.runScriptAsRawText(ScriptEngine.java:119)
	at com.kms.katalon.core.main.TestCaseExecutor.runScript(TestCaseExecutor.java:328)
	at com.kms.katalon.core.main.TestCaseExecutor.doExecute(TestCaseExecutor.java:319)
	at com.kms.katalon.core.main.TestCaseExecutor.processExecutionPhase(TestCaseExecutor.java:298)
	at com.kms.katalon.core.main.TestCaseExecutor.accessMainPhase(TestCaseExecutor.java:290)
	at com.kms.katalon.core.main.TestCaseExecutor.execute(TestCaseExecutor.java:224)
	at com.kms.katalon.core.main.TestSuiteExecutor.accessTestCaseMainPhase(TestSuiteExecutor.java:129)
	at com.kms.katalon.core.main.TestSuiteExecutor.accessTestSuiteMainPhase(TestSuiteExecutor.java:112)
	at com.kms.katalon.core.main.TestSuiteExecutor.execute(TestSuiteExecutor.java:81)
	at com.kms.katalon.core.main.TestCaseMain.startTestSuite(TestCaseMain.java:149)
	at com.kms.katalon.core.main.TestCaseMain$startTestSuite$0.call(Unknown Source)
	at TempTestSuite1566206810208.run(TempTestSuite1566206810208.groovy:36)


2019-08-19 05:34:14 - [MESSAGE][FAILED] - Unable to call Test Case 'Test Cases/mobileWeb/_include/goToEnd_stm_autofill' (Root cause: com.kms.katalon.core.exception.StepFailedException: Call Test Case 'Test Cases/mobileWeb/_include/goToEnd_stm_autofill' failed)

2019-08-19 05:34:14 - [MESSAGE][FAILED] - callTestCase(findTestCase("mobileWeb/_include/goToEnd_stm_autofill"), [:], STOP_ON_FAILURE) FAILED.
Reason:
com.kms.katalon.core.exception.StepFailedException: Unable to click on object 'Object Repository/mobileSanity/STM/Page_App Page 4/div_CLICK TO SIGN' (Root cause: com.kms.katalon.core.webui.exception.WebElementNotFoundException: Web element with id: 'Object Repository/mobileSanity/STM/Page_App Page 4/div_CLICK TO SIGN' located by 'By.xpath: //div[@id = 'js-signature-tab' and (text() = 'CLICK TO SIGN↓' or . = 'CLICK TO SIGN↓')]' not found)
	at com.kms.katalon.core.keyword.internal.KeywordMain.stepFailed(KeywordMain.groovy:36)
	at com.kms.katalon.core.webui.keyword.internal.WebUIKeywordMain.stepFailed(WebUIKeywordMain.groovy:65)
	at com.kms.katalon.core.webui.keyword.internal.WebUIKeywordMain.runKeyword(WebUIKeywordMain.groovy:27)
	at com.kms.katalon.core.webui.keyword.builtin.ClickKeyword.click(ClickKeyword.groovy:86)
	at com.kms.katalon.core.webui.keyword.builtin.ClickKeyword.execute(ClickKeyword.groovy:67)
	at com.kms.katalon.core.keyword.internal.KeywordExecutor.executeKeywordForPlatform(KeywordExecutor.groovy:53)
	at com.kms.katalon.core.webui.keyword.WebUiBuiltInKeywords.click(WebUiBuiltInKeywords.groovy:616)
	at com.kms.katalon.core.webui.keyword.WebUiBuiltInKeywords$click$3.call(Unknown Source)
	at goToEnd_stm_autofill.run(goToEnd_stm_autofill:89)
	at com.kms.katalon.core.main.ScriptEngine.run(ScriptEngine.java:194)
	at com.kms.katalon.core.main.ScriptEngine.runScriptAsRawText(ScriptEngine.java:119)
	at com.kms.katalon.core.main.TestCaseExecutor.runScript(TestCaseExecutor.java:328)
	at com.kms.katalon.core.main.TestCaseExecutor.doExecute(TestCaseExecutor.java:319)
	at com.kms.katalon.core.main.TestCaseExecutor.processExecutionPhase(TestCaseExecutor.java:298)
	at com.kms.katalon.core.main.TestCaseExecutor.accessMainPhase(TestCaseExecutor.java:290)
	at com.kms.katalon.core.main.TestCaseExecutor.execute(TestCaseExecutor.java:224)
	at com.kms.katalon.core.main.TestCaseMain.runTestCase(TestCaseMain.java:106)
	at com.kms.katalon.core.keyword.builtin.CallTestCaseKeyword$_callTestCase_closure1.doCall(CallTestCaseKeyword.groovy:59)
	at com.kms.katalon.core.keyword.builtin.CallTestCaseKeyword$_callTestCase_closure1.call(CallTestCaseKeyword.groovy)
	at com.kms.katalon.core.keyword.internal.KeywordMain.runKeyword(KeywordMain.groovy:54)
	at com.kms.katalon.core.keyword.builtin.CallTestCaseKeyword.callTestCase(CallTestCaseKeyword.groovy:80)
	at com.kms.katalon.core.keyword.builtin.CallTestCaseKeyword.execute(CallTestCaseKeyword.groovy:44)
	at com.kms.katalon.core.keyword.internal.KeywordExecutor.executeKeywordForPlatform(KeywordExecutor.groovy:53)
	at com.kms.katalon.core.keyword.BuiltinKeywords.callTestCase(BuiltinKeywords.groovy:334)
	at Everest.run(Everest:31)
	at com.kms.katalon.core.main.ScriptEngine.run(ScriptEngine.java:194)
	at com.kms.katalon.core.main.ScriptEngine.runScriptAsRawText(ScriptEngine.java:119)
	at com.kms.katalon.core.main.TestCaseExecutor.runScript(TestCaseExecutor.java:328)
	at com.kms.katalon.core.main.TestCaseExecutor.doExecute(TestCaseExecutor.java:319)
	at com.kms.katalon.core.main.TestCaseExecutor.processExecutionPhase(TestCaseExecutor.java:298)
	at com.kms.katalon.core.main.TestCaseExecutor.accessMainPhase(TestCaseExecutor.java:290)
	at com.kms.katalon.core.main.TestCaseExecutor.execute(TestCaseExecutor.java:224)
	at com.kms.katalon.core.main.TestSuiteExecutor.accessTestCaseMainPhase(TestSuiteExecutor.java:129)
	at com.kms.katalon.core.main.TestSuiteExecutor.accessTestSuiteMainPhase(TestSuiteExecutor.java:112)
	at com.kms.katalon.core.main.TestSuiteExecutor.execute(TestSuiteExecutor.java:81)
	at com.kms.katalon.core.main.TestCaseMain.startTestSuite(TestCaseMain.java:149)
	at com.kms.katalon.core.main.TestCaseMain$startTestSuite$0.call(Unknown Source)
	at TempTestSuite1566206810208.run(TempTestSuite1566206810208.groovy:36)]]></system-out>
         <system-err><![CDATA[2019-08-19 05:32:44 - [TEST_CASE][FAILED] - Test Cases/mobileWeb/stm/Everest: Test Cases/mobileWeb/stm/Everest FAILED.
Reason:
com.kms.katalon.core.exception.StepFailedException: Unable to click on object 'Object Repository/mobileSanity/STM/Page_App Page 4/div_CLICK TO SIGN' (Root cause: com.kms.katalon.core.webui.exception.WebElementNotFoundException: Web element with id: 'Object Repository/mobileSanity/STM/Page_App Page 4/div_CLICK TO SIGN' located by 'By.xpath: //div[@id = 'js-signature-tab' and (text() = 'CLICK TO SIGN↓' or . = 'CLICK TO SIGN↓')]' not found)
	at com.kms.katalon.core.keyword.internal.KeywordMain.stepFailed(KeywordMain.groovy:36)
	at com.kms.katalon.core.webui.keyword.internal.WebUIKeywordMain.stepFailed(WebUIKeywordMain.groovy:65)
	at com.kms.katalon.core.webui.keyword.internal.WebUIKeywordMain.runKeyword(WebUIKeywordMain.groovy:27)
	at com.kms.katalon.core.webui.keyword.builtin.ClickKeyword.click(ClickKeyword.groovy:86)
	at com.kms.katalon.core.webui.keyword.builtin.ClickKeyword.execute(ClickKeyword.groovy:67)
	at com.kms.katalon.core.keyword.internal.KeywordExecutor.executeKeywordForPlatform(KeywordExecutor.groovy:53)
	at com.kms.katalon.core.webui.keyword.WebUiBuiltInKeywords.click(WebUiBuiltInKeywords.groovy:616)
	at com.kms.katalon.core.webui.keyword.WebUiBuiltInKeywords$click$3.call(Unknown Source)
	at goToEnd_stm_autofill.run(goToEnd_stm_autofill:89)
	at com.kms.katalon.core.main.ScriptEngine.run(ScriptEngine.java:194)
	at com.kms.katalon.core.main.ScriptEngine.runScriptAsRawText(ScriptEngine.java:119)
	at com.kms.katalon.core.main.TestCaseExecutor.runScript(TestCaseExecutor.java:328)
	at com.kms.katalon.core.main.TestCaseExecutor.doExecute(TestCaseExecutor.java:319)
	at com.kms.katalon.core.main.TestCaseExecutor.processExecutionPhase(TestCaseExecutor.java:298)
	at com.kms.katalon.core.main.TestCaseExecutor.accessMainPhase(TestCaseExecutor.java:290)
	at com.kms.katalon.core.main.TestCaseExecutor.execute(TestCaseExecutor.java:224)
	at com.kms.katalon.core.main.TestCaseMain.runTestCase(TestCaseMain.java:106)
	at com.kms.katalon.core.keyword.builtin.CallTestCaseKeyword$_callTestCase_closure1.doCall(CallTestCaseKeyword.groovy:59)
	at com.kms.katalon.core.keyword.builtin.CallTestCaseKeyword$_callTestCase_closure1.call(CallTestCaseKeyword.groovy)
	at com.kms.katalon.core.keyword.internal.KeywordMain.runKeyword(KeywordMain.groovy:54)
	at com.kms.katalon.core.keyword.builtin.CallTestCaseKeyword.callTestCase(CallTestCaseKeyword.groovy:80)
	at com.kms.katalon.core.keyword.builtin.CallTestCaseKeyword.execute(CallTestCaseKeyword.groovy:44)
	at com.kms.katalon.core.keyword.internal.KeywordExecutor.executeKeywordForPlatform(KeywordExecutor.groovy:53)
	at com.kms.katalon.core.keyword.BuiltinKeywords.callTestCase(BuiltinKeywords.groovy:334)
	at Everest.run(Everest:31)
	at com.kms.katalon.core.main.ScriptEngine.run(ScriptEngine.java:194)
	at com.kms.katalon.core.main.ScriptEngine.runScriptAsRawText(ScriptEngine.java:119)
	at com.kms.katalon.core.main.TestCaseExecutor.runScript(TestCaseExecutor.java:328)
	at com.kms.katalon.core.main.TestCaseExecutor.doExecute(TestCaseExecutor.java:319)
	at com.kms.katalon.core.main.TestCaseExecutor.processExecutionPhase(TestCaseExecutor.java:298)
	at com.kms.katalon.core.main.TestCaseExecutor.accessMainPhase(TestCaseExecutor.java:290)
	at com.kms.katalon.core.main.TestCaseExecutor.execute(TestCaseExecutor.java:224)
	at com.kms.katalon.core.main.TestSuiteExecutor.accessTestCaseMainPhase(TestSuiteExecutor.java:129)
	at com.kms.katalon.core.main.TestSuiteExecutor.accessTestSuiteMainPhase(TestSuiteExecutor.java:112)
	at com.kms.katalon.core.main.TestSuiteExecutor.execute(TestSuiteExecutor.java:81)
	at com.kms.katalon.core.main.TestCaseMain.startTestSuite(TestCaseMain.java:149)
	at com.kms.katalon.core.main.TestCaseMain$startTestSuite$0.call(Unknown Source)
	at TempTestSuite1566206810208.run(TempTestSuite1566206810208.groovy:36)]]></system-err>
      </testcase>
      <testcase name="Test Cases/mobileWeb/stm/Everest Prime" classname="Test Cases/mobileWeb/stm/Everest Prime" status="FAILED">
         <failure type="FAILED" message="Test Cases/mobileWeb/stm/Everest Prime FAILED.
Reason:
com.kms.katalon.core.exception.StepFailedException: Unable to click on object 'Object Repository/mobileSanity/STM/Page_App Page 4/div_CLICK TO SIGN' (Root cause: com.kms.katalon.core.webui.exception.WebElementNotFoundException: Web element with id: 'Object Repository/mobileSanity/STM/Page_App Page 4/div_CLICK TO SIGN' located by 'By.xpath: //div[@id = 'js-signature-tab' and (text() = 'CLICK TO SIGN↓' or . = 'CLICK TO SIGN↓')]' not found)
	at com.kms.katalon.core.keyword.internal.KeywordMain.stepFailed(KeywordMain.groovy:36)
	at com.kms.katalon.core.webui.keyword.internal.WebUIKeywordMain.stepFailed(WebUIKeywordMain.groovy:65)
	at com.kms.katalon.core.webui.keyword.internal.WebUIKeywordMain.runKeyword(WebUIKeywordMain.groovy:27)
	at com.kms.katalon.core.webui.keyword.builtin.ClickKeyword.click(ClickKeyword.groovy:86)
	at com.kms.katalon.core.webui.keyword.builtin.ClickKeyword.execute(ClickKeyword.groovy:67)
	at com.kms.katalon.core.keyword.internal.KeywordExecutor.executeKeywordForPlatform(KeywordExecutor.groovy:53)
	at com.kms.katalon.core.webui.keyword.WebUiBuiltInKeywords.click(WebUiBuiltInKeywords.groovy:616)
	at com.kms.katalon.core.webui.keyword.WebUiBuiltInKeywords$click$3.call(Unknown Source)
	at goToEnd_stm_autofill.run(goToEnd_stm_autofill:89)
	at com.kms.katalon.core.main.ScriptEngine.run(ScriptEngine.java:194)
	at com.kms.katalon.core.main.ScriptEngine.runScriptAsRawText(ScriptEngine.java:119)
	at com.kms.katalon.core.main.TestCaseExecutor.runScript(TestCaseExecutor.java:328)
	at com.kms.katalon.core.main.TestCaseExecutor.doExecute(TestCaseExecutor.java:319)
	at com.kms.katalon.core.main.TestCaseExecutor.processExecutionPhase(TestCaseExecutor.java:298)
	at com.kms.katalon.core.main.TestCaseExecutor.accessMainPhase(TestCaseExecutor.java:290)
	at com.kms.katalon.core.main.TestCaseExecutor.execute(TestCaseExecutor.java:224)
	at com.kms.katalon.core.main.TestCaseMain.runTestCase(TestCaseMain.java:106)
	at com.kms.katalon.core.keyword.builtin.CallTestCaseKeyword$_callTestCase_closure1.doCall(CallTestCaseKeyword.groovy:59)
	at com.kms.katalon.core.keyword.builtin.CallTestCaseKeyword$_callTestCase_closure1.call(CallTestCaseKeyword.groovy)
	at com.kms.katalon.core.keyword.internal.KeywordMain.runKeyword(KeywordMain.groovy:54)
	at com.kms.katalon.core.keyword.builtin.CallTestCaseKeyword.callTestCase(CallTestCaseKeyword.groovy:80)
	at com.kms.katalon.core.keyword.builtin.CallTestCaseKeyword.execute(CallTestCaseKeyword.groovy:44)
	at com.kms.katalon.core.keyword.internal.KeywordExecutor.executeKeywordForPlatform(KeywordExecutor.groovy:53)
	at com.kms.katalon.core.keyword.BuiltinKeywords.callTestCase(BuiltinKeywords.groovy:334)
	at Everest Prime.run(Everest Prime:31)
	at com.kms.katalon.core.main.ScriptEngine.run(ScriptEngine.java:194)
	at com.kms.katalon.core.main.ScriptEngine.runScriptAsRawText(ScriptEngine.java:119)
	at com.kms.katalon.core.main.TestCaseExecutor.runScript(TestCaseExecutor.java:328)
	at com.kms.katalon.core.main.TestCaseExecutor.doExecute(TestCaseExecutor.java:319)
	at com.kms.katalon.core.main.TestCaseExecutor.processExecutionPhase(TestCaseExecutor.java:298)
	at com.kms.katalon.core.main.TestCaseExecutor.accessMainPhase(TestCaseExecutor.java:290)
	at com.kms.katalon.core.main.TestCaseExecutor.execute(TestCaseExecutor.java:224)
	at com.kms.katalon.core.main.TestSuiteExecutor.accessTestCaseMainPhase(TestSuiteExecutor.java:129)
	at com.kms.katalon.core.main.TestSuiteExecutor.accessTestSuiteMainPhase(TestSuiteExecutor.java:112)
	at com.kms.katalon.core.main.TestSuiteExecutor.execute(TestSuiteExecutor.java:81)
	at com.kms.katalon.core.main.TestCaseMain.startTestSuite(TestCaseMain.java:149)
	at com.kms.katalon.core.main.TestCaseMain$startTestSuite$0.call(Unknown Source)
	at TempTestSuite1566206810208.run(TempTestSuite1566206810208.groovy:36)
"/>
         <system-out><![CDATA[2019-08-19 05:34:14 - [TEST_CASE][FAILED] - Test Cases/mobileWeb/stm/Everest Prime: Test Cases/mobileWeb/stm/Everest Prime FAILED.
Reason:
com.kms.katalon.core.exception.StepFailedException: Unable to click on object 'Object Repository/mobileSanity/STM/Page_App Page 4/div_CLICK TO SIGN' (Root cause: com.kms.katalon.core.webui.exception.WebElementNotFoundException: Web element with id: 'Object Repository/mobileSanity/STM/Page_App Page 4/div_CLICK TO SIGN' located by 'By.xpath: //div[@id = 'js-signature-tab' and (text() = 'CLICK TO SIGN↓' or . = 'CLICK TO SIGN↓')]' not found)
	at com.kms.katalon.core.keyword.internal.KeywordMain.stepFailed(KeywordMain.groovy:36)
	at com.kms.katalon.core.webui.keyword.internal.WebUIKeywordMain.stepFailed(WebUIKeywordMain.groovy:65)
	at com.kms.katalon.core.webui.keyword.internal.WebUIKeywordMain.runKeyword(WebUIKeywordMain.groovy:27)
	at com.kms.katalon.core.webui.keyword.builtin.ClickKeyword.click(ClickKeyword.groovy:86)
	at com.kms.katalon.core.webui.keyword.builtin.ClickKeyword.execute(ClickKeyword.groovy:67)
	at com.kms.katalon.core.keyword.internal.KeywordExecutor.executeKeywordForPlatform(KeywordExecutor.groovy:53)
	at com.kms.katalon.core.webui.keyword.WebUiBuiltInKeywords.click(WebUiBuiltInKeywords.groovy:616)
	at com.kms.katalon.core.webui.keyword.WebUiBuiltInKeywords$click$3.call(Unknown Source)
	at goToEnd_stm_autofill.run(goToEnd_stm_autofill:89)
	at com.kms.katalon.core.main.ScriptEngine.run(ScriptEngine.java:194)
	at com.kms.katalon.core.main.ScriptEngine.runScriptAsRawText(ScriptEngine.java:119)
	at com.kms.katalon.core.main.TestCaseExecutor.runScript(TestCaseExecutor.java:328)
	at com.kms.katalon.core.main.TestCaseExecutor.doExecute(TestCaseExecutor.java:319)
	at com.kms.katalon.core.main.TestCaseExecutor.processExecutionPhase(TestCaseExecutor.java:298)
	at com.kms.katalon.core.main.TestCaseExecutor.accessMainPhase(TestCaseExecutor.java:290)
	at com.kms.katalon.core.main.TestCaseExecutor.execute(TestCaseExecutor.java:224)
	at com.kms.katalon.core.main.TestCaseMain.runTestCase(TestCaseMain.java:106)
	at com.kms.katalon.core.keyword.builtin.CallTestCaseKeyword$_callTestCase_closure1.doCall(CallTestCaseKeyword.groovy:59)
	at com.kms.katalon.core.keyword.builtin.CallTestCaseKeyword$_callTestCase_closure1.call(CallTestCaseKeyword.groovy)
	at com.kms.katalon.core.keyword.internal.KeywordMain.runKeyword(KeywordMain.groovy:54)
	at com.kms.katalon.core.keyword.builtin.CallTestCaseKeyword.callTestCase(CallTestCaseKeyword.groovy:80)
	at com.kms.katalon.core.keyword.builtin.CallTestCaseKeyword.execute(CallTestCaseKeyword.groovy:44)
	at com.kms.katalon.core.keyword.internal.KeywordExecutor.executeKeywordForPlatform(KeywordExecutor.groovy:53)
	at com.kms.katalon.core.keyword.BuiltinKeywords.callTestCase(BuiltinKeywords.groovy:334)
	at Everest Prime.run(Everest Prime:31)
	at com.kms.katalon.core.main.ScriptEngine.run(ScriptEngine.java:194)
	at com.kms.katalon.core.main.ScriptEngine.runScriptAsRawText(ScriptEngine.java:119)
	at com.kms.katalon.core.main.TestCaseExecutor.runScript(TestCaseExecutor.java:328)
	at com.kms.katalon.core.main.TestCaseExecutor.doExecute(TestCaseExecutor.java:319)
	at com.kms.katalon.core.main.TestCaseExecutor.processExecutionPhase(TestCaseExecutor.java:298)
	at com.kms.katalon.core.main.TestCaseExecutor.accessMainPhase(TestCaseExecutor.java:290)
	at com.kms.katalon.core.main.TestCaseExecutor.execute(TestCaseExecutor.java:224)
	at com.kms.katalon.core.main.TestSuiteExecutor.accessTestCaseMainPhase(TestSuiteExecutor.java:129)
	at com.kms.katalon.core.main.TestSuiteExecutor.accessTestSuiteMainPhase(TestSuiteExecutor.java:112)
	at com.kms.katalon.core.main.TestSuiteExecutor.execute(TestSuiteExecutor.java:81)
	at com.kms.katalon.core.main.TestCaseMain.startTestSuite(TestCaseMain.java:149)
	at com.kms.katalon.core.main.TestCaseMain$startTestSuite$0.call(Unknown Source)
	at TempTestSuite1566206810208.run(TempTestSuite1566206810208.groovy:36)


2019-08-19 05:34:15 - [TEST_STEP][PASSED] - callTestCase(findTestCase("mobileWeb/_include/get_screenPath"), ["productLine":"stm", "carrierName":"Everest Prime"], CONTINUE_ON_FAILURE): Call Test Case 'Test Cases/mobileWeb/_include/get_screenPath' successfully

2019-08-19 05:34:15 - [TEST_CASE][PASSED] - Test Cases/mobileWeb/_include/get_screenPath: Test Cases/mobileWeb/_include/get_screenPath

2019-08-19 05:34:15 - [TEST_STEP][PASSED] - m = getExecutionProperties(): null

2019-08-19 05:34:15 - [TEST_STEP][PASSED] - deviceName = get("mobileEmulation").get("deviceName"): null

2019-08-19 05:34:15 - [TEST_STEP][PASSED] - println(deviceName): null

2019-08-19 05:34:15 - [TEST_STEP][PASSED] - now = new java.util.Date(): null

2019-08-19 05:34:15 - [TEST_STEP][PASSED] - mydate = now.format("yyyyMMdd_HHmmss"): null

2019-08-19 05:34:15 - [TEST_STEP][PASSED] - screenPath = "../Screenshots/": null

2019-08-19 05:34:15 - [TEST_STEP][PASSED] - screenPath = screenPath + deviceName + "/" + productLine + "/" + carrierName + "/" + mydate + "/": null

2019-08-19 05:34:15 - [TEST_STEP][PASSED] - println(screenPath): null

2019-08-19 05:34:15 - [MESSAGE][PASSED] - Call Test Case 'Test Cases/mobileWeb/_include/get_screenPath' successfully

2019-08-19 05:34:15 - [TEST_STEP][PASSED] - i = 0: null

2019-08-19 05:34:15 - [TEST_STEP][PASSED] - callTestCase(findTestCase("mobileWeb/_include/openWebSite"), [:], CONTINUE_ON_FAILURE): Call Test Case 'Test Cases/mobileWeb/_include/openWebSite' successfully

2019-08-19 05:34:15 - [TEST_CASE][PASSED] - Test Cases/mobileWeb/_include/openWebSite: Test Cases/mobileWeb/_include/openWebSite

2019-08-19 05:34:15 - [TEST_STEP][PASSED] - openBrowser(env): Browser is opened with url: 'https://praetemptatus.agilehealthinsurance.com'

2019-08-19 05:34:15 - [MESSAGE][WARNING] - A browser is already opened. Closing browser and opening a new one

2019-08-19 05:34:17 - [MESSAGE][INFO] - Starting 'Chrome' driver

2019-08-19 05:34:17 - [MESSAGE][INFO] - User set preference: ['mobileEmulation', '{deviceName=iPhone 6}']

2019-08-19 05:34:17 - [MESSAGE][INFO] - User set preference: ['args', '[--incognito, --aggressive-cache-discard, --window-size=375,677, --no-sandbox]']

2019-08-19 05:34:20 - [MESSAGE][PASSED] - Browser is opened with url: 'https://praetemptatus.agilehealthinsurance.com'

2019-08-19 05:34:20 - [TEST_STEP][PASSED] - waitForPageLoad(20): Wait for page load successfully

2019-08-19 05:34:20 - [MESSAGE][PASSED] - Wait for page load successfully

2019-08-19 05:34:20 - [TEST_STEP][PASSED] - callTestCase(findTestCase("mobileWeb/_include/get_screenshot"), [:], STOP_ON_FAILURE): Call Test Case 'Test Cases/mobileWeb/_include/get_screenshot' successfully

2019-08-19 05:34:20 - [TEST_CASE][PASSED] - Test Cases/mobileWeb/_include/get_screenshot: Test Cases/mobileWeb/_include/get_screenshot

2019-08-19 05:34:20 - [TEST_STEP][PASSED] - takeScreenshot(screenPath + i + ".png"): Taking screenshot successfully

2019-08-19 05:34:21 - [MESSAGE][PASSED] - Taking screenshot successfully
[[ATTACHMENT|D:\\Test\\AgileTest\\Reports\\mobileWeb\\stm\\20190819_052650\\../Screenshots/iPhone 6/stm/Everest Prime/20190819_053415/0.png]]

2019-08-19 05:34:21 - [TEST_STEP][PASSED] - (internal.GlobalVariable.i++): null

2019-08-19 05:34:21 - [MESSAGE][PASSED] - Call Test Case 'Test Cases/mobileWeb/_include/get_screenshot' successfully

2019-08-19 05:34:21 - [MESSAGE][PASSED] - Call Test Case 'Test Cases/mobileWeb/_include/openWebSite' successfully

2019-08-19 05:34:21 - [TEST_STEP][PASSED] - callTestCase(findTestCase("mobileWeb/_include/census_stm"), [:], CONTINUE_ON_FAILURE): Call Test Case 'Test Cases/mobileWeb/_include/census_stm' successfully

2019-08-19 05:34:21 - [TEST_CASE][PASSED] - Test Cases/mobileWeb/_include/census_stm: Test Cases/mobileWeb/_include/census_stm

2019-08-19 05:34:22 - [TEST_STEP][PASSED] - waitForElementClickable(findTestObject("mobileSanity/STM/Home Page/a_Quote  Save Today"), 10): Object 'Object Repository/mobileSanity/STM/Home Page/a_Quote  Save Today' is clickable

2019-08-19 05:34:22 - [MESSAGE][PASSED] - Object 'Object Repository/mobileSanity/STM/Home Page/a_Quote  Save Today' is clickable

2019-08-19 05:34:22 - [TEST_STEP][PASSED] - click(findTestObject("mobileSanity/STM/Home Page/a_Quote  Save Today")): Object: 'Object Repository/mobileSanity/STM/Home Page/a_Quote  Save Today' is clicked on

2019-08-19 05:34:23 - [MESSAGE][PASSED] - Object: 'Object Repository/mobileSanity/STM/Home Page/a_Quote  Save Today' is clicked on

2019-08-19 05:34:23 - [TEST_STEP][PASSED] - waitForPageLoad(10): Wait for page load successfully

2019-08-19 05:34:24 - [MESSAGE][PASSED] - Wait for page load successfully

2019-08-19 05:34:24 - [TEST_STEP][PASSED] - callTestCase(findTestCase("mobileWeb/_include/get_screenshot"), [:], STOP_ON_FAILURE): Call Test Case 'Test Cases/mobileWeb/_include/get_screenshot' successfully

2019-08-19 05:34:24 - [TEST_CASE][PASSED] - Test Cases/mobileWeb/_include/get_screenshot: Test Cases/mobileWeb/_include/get_screenshot

2019-08-19 05:34:24 - [TEST_STEP][PASSED] - takeScreenshot(screenPath + i + ".png"): Taking screenshot successfully

2019-08-19 05:34:26 - [MESSAGE][PASSED] - Taking screenshot successfully
[[ATTACHMENT|D:\\Test\\AgileTest\\Reports\\mobileWeb\\stm\\20190819_052650\\../Screenshots/iPhone 6/stm/Everest Prime/20190819_053415/1.png]]

2019-08-19 05:34:26 - [TEST_STEP][PASSED] - (internal.GlobalVariable.i++): null

2019-08-19 05:34:26 - [MESSAGE][PASSED] - Call Test Case 'Test Cases/mobileWeb/_include/get_screenshot' successfully

2019-08-19 05:34:26 - [TEST_STEP][PASSED] - setText(findTestObject("mobileSanity/STM/STM Census Page/input_Location_zip-input"), zipcode): Text '35215' is set on object 'Object Repository/mobileSanity/STM/STM Census Page/input_Location_zip-input'

2019-08-19 05:34:26 - [MESSAGE][PASSED] - Text '35215' is set on object 'Object Repository/mobileSanity/STM/STM Census Page/input_Location_zip-input'

2019-08-19 05:34:26 - [TEST_STEP][PASSED] - Thread.sleep(500): null

2019-08-19 05:34:27 - [TEST_STEP][PASSED] - setText(findTestObject("mobileSanity/STM/STM Census Page/input_Date of Birth_dob-0"), "03031987"): Text '03031987' is set on object 'Object Repository/mobileSanity/STM/STM Census Page/input_Date of Birth_dob-0'

2019-08-19 05:34:28 - [MESSAGE][PASSED] - Text '03031987' is set on object 'Object Repository/mobileSanity/STM/STM Census Page/input_Date of Birth_dob-0'

2019-08-19 05:34:28 - [TEST_STEP][PASSED] - click(findTestObject("mobileSanity/STM/STM Census Page/label_Male")): Object: 'Object Repository/mobileSanity/STM/STM Census Page/label_Male' is clicked on

2019-08-19 05:34:28 - [MESSAGE][PASSED] - Object: 'Object Repository/mobileSanity/STM/STM Census Page/label_Male' is clicked on

2019-08-19 05:34:28 - [TEST_STEP][PASSED] - click(findTestObject("mobileSanity/STM/STM Census Page/label_Compare Plans")): Object: 'Object Repository/mobileSanity/STM/STM Census Page/label_Compare Plans' is clicked on

2019-08-19 05:34:32 - [MESSAGE][PASSED] - Object: 'Object Repository/mobileSanity/STM/STM Census Page/label_Compare Plans' is clicked on

2019-08-19 05:34:32 - [TEST_STEP][PASSED] - waitForElementVisible(findTestObject("mobileSanity/STM/STM Quote Page/button_sort"), 20): Object 'Object Repository/mobileSanity/STM/STM Quote Page/button_sort' is visible

2019-08-19 05:34:34 - [MESSAGE][PASSED] - Object 'Object Repository/mobileSanity/STM/STM Quote Page/button_sort' is visible

2019-08-19 05:34:34 - [TEST_STEP][PASSED] - Thread.sleep(3000): null

2019-08-19 05:34:37 - [TEST_STEP][PASSED] - callTestCase(findTestCase("mobileWeb/_include/get_screenshot"), [:], STOP_ON_FAILURE): Call Test Case 'Test Cases/mobileWeb/_include/get_screenshot' successfully

2019-08-19 05:34:37 - [TEST_CASE][PASSED] - Test Cases/mobileWeb/_include/get_screenshot: Test Cases/mobileWeb/_include/get_screenshot

2019-08-19 05:34:37 - [TEST_STEP][PASSED] - takeScreenshot(screenPath + i + ".png"): Taking screenshot successfully

2019-08-19 05:34:38 - [MESSAGE][PASSED] - Taking screenshot successfully
[[ATTACHMENT|D:\\Test\\AgileTest\\Reports\\mobileWeb\\stm\\20190819_052650\\../Screenshots/iPhone 6/stm/Everest Prime/20190819_053415/2.png]]

2019-08-19 05:34:38 - [TEST_STEP][PASSED] - (internal.GlobalVariable.i++): null

2019-08-19 05:34:38 - [MESSAGE][PASSED] - Call Test Case 'Test Cases/mobileWeb/_include/get_screenshot' successfully

2019-08-19 05:34:38 - [TEST_STEP][PASSED] - Thread.sleep(1000): null

2019-08-19 05:34:39 - [MESSAGE][PASSED] - Call Test Case 'Test Cases/mobileWeb/_include/census_stm' successfully

2019-08-19 05:34:39 - [TEST_STEP][PASSED] - callTestCase(findTestCase("mobileWeb/_include/filter_stm"), ["carrier":"everest"], STOP_ON_FAILURE): Call Test Case 'Test Cases/mobileWeb/_include/filter_stm' successfully

2019-08-19 05:34:39 - [TEST_CASE][PASSED] - Test Cases/mobileWeb/_include/filter_stm: Test Cases/mobileWeb/_include/filter_stm

2019-08-19 05:34:39 - [TEST_STEP][PASSED] - driver = getWebDriver(): null

2019-08-19 05:34:39 - [TEST_STEP][PASSED] - selenium = new com.thoughtworks.selenium.webdriven.WebDriverBackedSelenium(driver, internal.GlobalVariable.ENV): null

2019-08-19 05:34:39 - [TEST_STEP][PASSED] - Thread.sleep(1000): null

2019-08-19 05:34:40 - [TEST_STEP][PASSED] - click(findTestObject("mobileSanity/STM/STM Quote Page/button_filters")): Object: 'Object Repository/mobileSanity/STM/STM Quote Page/button_filters' is clicked on

2019-08-19 05:34:41 - [MESSAGE][PASSED] - Object: 'Object Repository/mobileSanity/STM/STM Quote Page/button_filters' is clicked on

2019-08-19 05:34:41 - [TEST_STEP][PASSED] - Thread.sleep(1000): null

2019-08-19 05:34:42 - [TEST_STEP][PASSED] - click(findTestObject("mobileSanity/STM/STM Quote Page/i_Insurance company")): Object: 'Object Repository/mobileSanity/STM/STM Quote Page/i_Insurance company' is clicked on

2019-08-19 05:34:42 - [MESSAGE][PASSED] - Object: 'Object Repository/mobileSanity/STM/STM Quote Page/i_Insurance company' is clicked on

2019-08-19 05:34:42 - [TEST_STEP][PASSED] - Thread.sleep(1000): null

2019-08-19 05:34:43 - [TEST_STEP][PASSED] - filter_carrier = "//input[@name='filter[carrier]' and @value='" + carrier + "']/following::label": null

2019-08-19 05:34:43 - [TEST_STEP][PASSED] - println(filter_carrier): null

2019-08-19 05:34:43 - [TEST_STEP][PASSED] - test.MobileKeywords.clickJS_ByXpath(filter_carrier): test.MobileKeywords.clickJS_ByXpath is PASSED

2019-08-19 05:34:43 - [MESSAGE][PASSED] - Execute JavaScript 'arguments[0].click()' successfully

2019-08-19 05:34:43 - [MESSAGE][PASSED] - test.MobileKeywords.clickJS_ByXpath is PASSED

2019-08-19 05:34:43 - [TEST_STEP][PASSED] - Thread.sleep(1000): null

2019-08-19 05:34:44 - [TEST_STEP][PASSED] - scrollToElement(findTestObject("mobileSanity/STM/STM Quote Page/a_Show Plans"), 1000): Scroll to object 'Object Repository/mobileSanity/STM/STM Quote Page/a_Show Plans' successfully

2019-08-19 05:34:45 - [MESSAGE][PASSED] - Scroll to object 'Object Repository/mobileSanity/STM/STM Quote Page/a_Show Plans' successfully

2019-08-19 05:34:45 - [TEST_STEP][PASSED] - click(findTestObject("mobileSanity/STM/STM Quote Page/a_Show Plans")): Object: 'Object Repository/mobileSanity/STM/STM Quote Page/a_Show Plans' is clicked on

2019-08-19 05:34:45 - [MESSAGE][PASSED] - Object: 'Object Repository/mobileSanity/STM/STM Quote Page/a_Show Plans' is clicked on

2019-08-19 05:34:45 - [TEST_STEP][PASSED] - waitForJQueryLoad(10, STOP_ON_FAILURE): jQuery is ready.

2019-08-19 05:34:46 - [MESSAGE][PASSED] - jQuery is ready.

2019-08-19 05:34:46 - [TEST_STEP][PASSED] - Thread.sleep(2000): null

2019-08-19 05:34:48 - [TEST_STEP][PASSED] - callTestCase(findTestCase("mobileWeb/_include/get_screenshot"), [:], STOP_ON_FAILURE): Call Test Case 'Test Cases/mobileWeb/_include/get_screenshot' successfully

2019-08-19 05:34:48 - [TEST_CASE][PASSED] - Test Cases/mobileWeb/_include/get_screenshot: Test Cases/mobileWeb/_include/get_screenshot

2019-08-19 05:34:48 - [TEST_STEP][PASSED] - takeScreenshot(screenPath + i + ".png"): Taking screenshot successfully

2019-08-19 05:34:48 - [MESSAGE][PASSED] - Taking screenshot successfully
[[ATTACHMENT|D:\\Test\\AgileTest\\Reports\\mobileWeb\\stm\\20190819_052650\\../Screenshots/iPhone 6/stm/Everest Prime/20190819_053415/3.png]]

2019-08-19 05:34:48 - [TEST_STEP][PASSED] - (internal.GlobalVariable.i++): null

2019-08-19 05:34:48 - [MESSAGE][PASSED] - Call Test Case 'Test Cases/mobileWeb/_include/get_screenshot' successfully

2019-08-19 05:34:48 - [MESSAGE][PASSED] - Call Test Case 'Test Cases/mobileWeb/_include/filter_stm' successfully

2019-08-19 05:34:48 - [TEST_STEP][PASSED] - callTestCase(findTestCase("mobileWeb/_include/goToDetail_stm"), ["carrier":"everest"], STOP_ON_FAILURE): Call Test Case 'Test Cases/mobileWeb/_include/goToDetail_stm' successfully

2019-08-19 05:34:48 - [TEST_CASE][PASSED] - Test Cases/mobileWeb/_include/goToDetail_stm: Test Cases/mobileWeb/_include/goToDetail_stm

2019-08-19 05:34:48 - [TEST_STEP][PASSED] - driver = getWebDriver(): null

2019-08-19 05:34:48 - [TEST_STEP][PASSED] - selenium = new com.thoughtworks.selenium.webdriven.WebDriverBackedSelenium(driver, internal.GlobalVariable.ENV): null

2019-08-19 05:34:48 - [TEST_STEP][PASSED] - a_plan_name = "xpath=//a[contains(@href,'/term-health-insurance/plan/" + carrier + "')]": null

2019-08-19 05:34:48 - [TEST_STEP][PASSED] - println(a_plan_name): null

2019-08-19 05:34:48 - [TEST_STEP][PASSED] - selenium.click(a_plan_name): null

2019-08-19 05:34:53 - [TEST_STEP][PASSED] - waitForPageLoad(10): Wait for page load successfully

2019-08-19 05:34:54 - [MESSAGE][PASSED] - Wait for page load successfully

2019-08-19 05:34:54 - [TEST_STEP][PASSED] - Thread.sleep(2000): null

2019-08-19 05:34:56 - [TEST_STEP][PASSED] - callTestCase(findTestCase("mobileWeb/_include/get_screenshot"), [:], STOP_ON_FAILURE): Call Test Case 'Test Cases/mobileWeb/_include/get_screenshot' successfully

2019-08-19 05:34:56 - [TEST_CASE][PASSED] - Test Cases/mobileWeb/_include/get_screenshot: Test Cases/mobileWeb/_include/get_screenshot

2019-08-19 05:34:56 - [TEST_STEP][PASSED] - takeScreenshot(screenPath + i + ".png"): Taking screenshot successfully

2019-08-19 05:34:56 - [MESSAGE][PASSED] - Taking screenshot successfully
[[ATTACHMENT|D:\\Test\\AgileTest\\Reports\\mobileWeb\\stm\\20190819_052650\\../Screenshots/iPhone 6/stm/Everest Prime/20190819_053415/4.png]]

2019-08-19 05:34:56 - [TEST_STEP][PASSED] - (internal.GlobalVariable.i++): null

2019-08-19 05:34:56 - [MESSAGE][PASSED] - Call Test Case 'Test Cases/mobileWeb/_include/get_screenshot' successfully

2019-08-19 05:34:56 - [MESSAGE][PASSED] - Call Test Case 'Test Cases/mobileWeb/_include/goToDetail_stm' successfully

2019-08-19 05:34:56 - [TEST_STEP][PASSED] - callTestCase(findTestCase("mobileWeb/_include/apply_stm"), [:], STOP_ON_FAILURE): Call Test Case 'Test Cases/mobileWeb/_include/apply_stm' successfully

2019-08-19 05:34:56 - [TEST_CASE][PASSED] - Test Cases/mobileWeb/_include/apply_stm: Test Cases/mobileWeb/_include/apply_stm

2019-08-19 05:34:56 - [TEST_STEP][PASSED] - waitForElementVisible(findTestObject("mobileSanity/STM/STM PlanDetail Page/a_Apply for This Plan"), 5): Object 'Object Repository/mobileSanity/STM/STM PlanDetail Page/a_Apply for This Plan' is visible

2019-08-19 05:34:56 - [MESSAGE][PASSED] - Object 'Object Repository/mobileSanity/STM/STM PlanDetail Page/a_Apply for This Plan' is visible

2019-08-19 05:34:56 - [TEST_STEP][PASSED] - click(findTestObject("mobileSanity/STM/STM PlanDetail Page/a_Apply for This Plan")): Object: 'Object Repository/mobileSanity/STM/STM PlanDetail Page/a_Apply for This Plan' is clicked on

2019-08-19 05:34:59 - [MESSAGE][PASSED] - Object: 'Object Repository/mobileSanity/STM/STM PlanDetail Page/a_Apply for This Plan' is clicked on

2019-08-19 05:34:59 - [TEST_STEP][PASSED] - waitForPageLoad(10): Wait for page load successfully

2019-08-19 05:34:59 - [MESSAGE][PASSED] - Wait for page load successfully

2019-08-19 05:34:59 - [TEST_STEP][PASSED] - Thread.sleep(2000): null

2019-08-19 05:35:01 - [TEST_STEP][PASSED] - callTestCase(findTestCase("mobileWeb/_include/get_screenshot"), [:], STOP_ON_FAILURE): Call Test Case 'Test Cases/mobileWeb/_include/get_screenshot' successfully

2019-08-19 05:35:02 - [TEST_CASE][PASSED] - Test Cases/mobileWeb/_include/get_screenshot: Test Cases/mobileWeb/_include/get_screenshot

2019-08-19 05:35:02 - [TEST_STEP][PASSED] - takeScreenshot(screenPath + i + ".png"): Taking screenshot successfully

2019-08-19 05:35:02 - [MESSAGE][PASSED] - Taking screenshot successfully
[[ATTACHMENT|D:\\Test\\AgileTest\\Reports\\mobileWeb\\stm\\20190819_052650\\../Screenshots/iPhone 6/stm/Everest Prime/20190819_053415/5.png]]

2019-08-19 05:35:02 - [TEST_STEP][PASSED] - (internal.GlobalVariable.i++): null

2019-08-19 05:35:02 - [MESSAGE][PASSED] - Call Test Case 'Test Cases/mobileWeb/_include/get_screenshot' successfully

2019-08-19 05:35:02 - [TEST_STEP][PASSED] - waitForElementVisible(findTestObject("mobileSanity/STM/STM Apply Page/a_Start Secure Application"), 5): Object 'Object Repository/mobileSanity/STM/STM Apply Page/a_Start Secure Application' is visible

2019-08-19 05:35:02 - [MESSAGE][PASSED] - Object 'Object Repository/mobileSanity/STM/STM Apply Page/a_Start Secure Application' is visible

2019-08-19 05:35:02 - [TEST_STEP][PASSED] - click(findTestObject("mobileSanity/STM/STM Apply Page/a_Start Secure Application")): Object: 'Object Repository/mobileSanity/STM/STM Apply Page/a_Start Secure Application' is clicked on

2019-08-19 05:35:03 - [MESSAGE][PASSED] - Object: 'Object Repository/mobileSanity/STM/STM Apply Page/a_Start Secure Application' is clicked on

2019-08-19 05:35:03 - [TEST_STEP][PASSED] - waitForPageLoad(20): Wait for page load successfully

2019-08-19 05:35:03 - [MESSAGE][PASSED] - Wait for page load successfully

2019-08-19 05:35:03 - [TEST_STEP][PASSED] - Thread.sleep(2000): null

2019-08-19 05:35:05 - [TEST_STEP][PASSED] - callTestCase(findTestCase("mobileWeb/_include/get_screenshot"), [:], STOP_ON_FAILURE): Call Test Case 'Test Cases/mobileWeb/_include/get_screenshot' successfully

2019-08-19 05:35:05 - [TEST_CASE][PASSED] - Test Cases/mobileWeb/_include/get_screenshot: Test Cases/mobileWeb/_include/get_screenshot

2019-08-19 05:35:05 - [TEST_STEP][PASSED] - takeScreenshot(screenPath + i + ".png"): Taking screenshot successfully

2019-08-19 05:35:06 - [MESSAGE][PASSED] - Taking screenshot successfully
[[ATTACHMENT|D:\\Test\\AgileTest\\Reports\\mobileWeb\\stm\\20190819_052650\\../Screenshots/iPhone 6/stm/Everest Prime/20190819_053415/6.png]]

2019-08-19 05:35:06 - [TEST_STEP][PASSED] - (internal.GlobalVariable.i++): null

2019-08-19 05:35:06 - [MESSAGE][PASSED] - Call Test Case 'Test Cases/mobileWeb/_include/get_screenshot' successfully

2019-08-19 05:35:06 - [MESSAGE][PASSED] - Call Test Case 'Test Cases/mobileWeb/_include/apply_stm' successfully

2019-08-19 05:35:06 - [TEST_STEP][FAILED] - callTestCase(findTestCase("mobileWeb/_include/goToEnd_stm_autofill"), [:], STOP_ON_FAILURE): callTestCase(findTestCase("mobileWeb/_include/goToEnd_stm_autofill"), [:], STOP_ON_FAILURE) FAILED.
Reason:
com.kms.katalon.core.exception.StepFailedException: Unable to click on object 'Object Repository/mobileSanity/STM/Page_App Page 4/div_CLICK TO SIGN' (Root cause: com.kms.katalon.core.webui.exception.WebElementNotFoundException: Web element with id: 'Object Repository/mobileSanity/STM/Page_App Page 4/div_CLICK TO SIGN' located by 'By.xpath: //div[@id = 'js-signature-tab' and (text() = 'CLICK TO SIGN↓' or . = 'CLICK TO SIGN↓')]' not found)
	at com.kms.katalon.core.keyword.internal.KeywordMain.stepFailed(KeywordMain.groovy:36)
	at com.kms.katalon.core.webui.keyword.internal.WebUIKeywordMain.stepFailed(WebUIKeywordMain.groovy:65)
	at com.kms.katalon.core.webui.keyword.internal.WebUIKeywordMain.runKeyword(WebUIKeywordMain.groovy:27)
	at com.kms.katalon.core.webui.keyword.builtin.ClickKeyword.click(ClickKeyword.groovy:86)
	at com.kms.katalon.core.webui.keyword.builtin.ClickKeyword.execute(ClickKeyword.groovy:67)
	at com.kms.katalon.core.keyword.internal.KeywordExecutor.executeKeywordForPlatform(KeywordExecutor.groovy:53)
	at com.kms.katalon.core.webui.keyword.WebUiBuiltInKeywords.click(WebUiBuiltInKeywords.groovy:616)
	at com.kms.katalon.core.webui.keyword.WebUiBuiltInKeywords$click$3.call(Unknown Source)
	at goToEnd_stm_autofill.run(goToEnd_stm_autofill:89)
	at com.kms.katalon.core.main.ScriptEngine.run(ScriptEngine.java:194)
	at com.kms.katalon.core.main.ScriptEngine.runScriptAsRawText(ScriptEngine.java:119)
	at com.kms.katalon.core.main.TestCaseExecutor.runScript(TestCaseExecutor.java:328)
	at com.kms.katalon.core.main.TestCaseExecutor.doExecute(TestCaseExecutor.java:319)
	at com.kms.katalon.core.main.TestCaseExecutor.processExecutionPhase(TestCaseExecutor.java:298)
	at com.kms.katalon.core.main.TestCaseExecutor.accessMainPhase(TestCaseExecutor.java:290)
	at com.kms.katalon.core.main.TestCaseExecutor.execute(TestCaseExecutor.java:224)
	at com.kms.katalon.core.main.TestCaseMain.runTestCase(TestCaseMain.java:106)
	at com.kms.katalon.core.keyword.builtin.CallTestCaseKeyword$_callTestCase_closure1.doCall(CallTestCaseKeyword.groovy:59)
	at com.kms.katalon.core.keyword.builtin.CallTestCaseKeyword$_callTestCase_closure1.call(CallTestCaseKeyword.groovy)
	at com.kms.katalon.core.keyword.internal.KeywordMain.runKeyword(KeywordMain.groovy:54)
	at com.kms.katalon.core.keyword.builtin.CallTestCaseKeyword.callTestCase(CallTestCaseKeyword.groovy:80)
	at com.kms.katalon.core.keyword.builtin.CallTestCaseKeyword.execute(CallTestCaseKeyword.groovy:44)
	at com.kms.katalon.core.keyword.internal.KeywordExecutor.executeKeywordForPlatform(KeywordExecutor.groovy:53)
	at com.kms.katalon.core.keyword.BuiltinKeywords.callTestCase(BuiltinKeywords.groovy:334)
	at Everest Prime.run(Everest Prime:31)
	at com.kms.katalon.core.main.ScriptEngine.run(ScriptEngine.java:194)
	at com.kms.katalon.core.main.ScriptEngine.runScriptAsRawText(ScriptEngine.java:119)
	at com.kms.katalon.core.main.TestCaseExecutor.runScript(TestCaseExecutor.java:328)
	at com.kms.katalon.core.main.TestCaseExecutor.doExecute(TestCaseExecutor.java:319)
	at com.kms.katalon.core.main.TestCaseExecutor.processExecutionPhase(TestCaseExecutor.java:298)
	at com.kms.katalon.core.main.TestCaseExecutor.accessMainPhase(TestCaseExecutor.java:290)
	at com.kms.katalon.core.main.TestCaseExecutor.execute(TestCaseExecutor.java:224)
	at com.kms.katalon.core.main.TestSuiteExecutor.accessTestCaseMainPhase(TestSuiteExecutor.java:129)
	at com.kms.katalon.core.main.TestSuiteExecutor.accessTestSuiteMainPhase(TestSuiteExecutor.java:112)
	at com.kms.katalon.core.main.TestSuiteExecutor.execute(TestSuiteExecutor.java:81)
	at com.kms.katalon.core.main.TestCaseMain.startTestSuite(TestCaseMain.java:149)
	at com.kms.katalon.core.main.TestCaseMain$startTestSuite$0.call(Unknown Source)
	at TempTestSuite1566206810208.run(TempTestSuite1566206810208.groovy:36)


2019-08-19 05:35:06 - [TEST_CASE][FAILED] - Test Cases/mobileWeb/_include/goToEnd_stm_autofill: Test Cases/mobileWeb/_include/goToEnd_stm_autofill FAILED.
Reason:
com.kms.katalon.core.exception.StepFailedException: Unable to click on object 'Object Repository/mobileSanity/STM/Page_App Page 4/div_CLICK TO SIGN' (Root cause: com.kms.katalon.core.webui.exception.WebElementNotFoundException: Web element with id: 'Object Repository/mobileSanity/STM/Page_App Page 4/div_CLICK TO SIGN' located by 'By.xpath: //div[@id = 'js-signature-tab' and (text() = 'CLICK TO SIGN↓' or . = 'CLICK TO SIGN↓')]' not found)
	at com.kms.katalon.core.keyword.internal.KeywordMain.stepFailed(KeywordMain.groovy:36)
	at com.kms.katalon.core.webui.keyword.internal.WebUIKeywordMain.stepFailed(WebUIKeywordMain.groovy:65)
	at com.kms.katalon.core.webui.keyword.internal.WebUIKeywordMain.runKeyword(WebUIKeywordMain.groovy:27)
	at com.kms.katalon.core.webui.keyword.builtin.ClickKeyword.click(ClickKeyword.groovy:86)
	at com.kms.katalon.core.webui.keyword.builtin.ClickKeyword.execute(ClickKeyword.groovy:67)
	at com.kms.katalon.core.keyword.internal.KeywordExecutor.executeKeywordForPlatform(KeywordExecutor.groovy:53)
	at com.kms.katalon.core.webui.keyword.WebUiBuiltInKeywords.click(WebUiBuiltInKeywords.groovy:616)
	at com.kms.katalon.core.webui.keyword.WebUiBuiltInKeywords$click$3.call(Unknown Source)
	at goToEnd_stm_autofill.run(goToEnd_stm_autofill:89)
	at com.kms.katalon.core.main.ScriptEngine.run(ScriptEngine.java:194)
	at com.kms.katalon.core.main.ScriptEngine.runScriptAsRawText(ScriptEngine.java:119)
	at com.kms.katalon.core.main.TestCaseExecutor.runScript(TestCaseExecutor.java:328)
	at com.kms.katalon.core.main.TestCaseExecutor.doExecute(TestCaseExecutor.java:319)
	at com.kms.katalon.core.main.TestCaseExecutor.processExecutionPhase(TestCaseExecutor.java:298)
	at com.kms.katalon.core.main.TestCaseExecutor.accessMainPhase(TestCaseExecutor.java:290)
	at com.kms.katalon.core.main.TestCaseExecutor.execute(TestCaseExecutor.java:224)
	at com.kms.katalon.core.main.TestCaseMain.runTestCase(TestCaseMain.java:106)
	at com.kms.katalon.core.keyword.builtin.CallTestCaseKeyword$_callTestCase_closure1.doCall(CallTestCaseKeyword.groovy:59)
	at com.kms.katalon.core.keyword.builtin.CallTestCaseKeyword$_callTestCase_closure1.call(CallTestCaseKeyword.groovy)
	at com.kms.katalon.core.keyword.internal.KeywordMain.runKeyword(KeywordMain.groovy:54)
	at com.kms.katalon.core.keyword.builtin.CallTestCaseKeyword.callTestCase(CallTestCaseKeyword.groovy:80)
	at com.kms.katalon.core.keyword.builtin.CallTestCaseKeyword.execute(CallTestCaseKeyword.groovy:44)
	at com.kms.katalon.core.keyword.internal.KeywordExecutor.executeKeywordForPlatform(KeywordExecutor.groovy:53)
	at com.kms.katalon.core.keyword.BuiltinKeywords.callTestCase(BuiltinKeywords.groovy:334)
	at Everest Prime.run(Everest Prime:31)
	at com.kms.katalon.core.main.ScriptEngine.run(ScriptEngine.java:194)
	at com.kms.katalon.core.main.ScriptEngine.runScriptAsRawText(ScriptEngine.java:119)
	at com.kms.katalon.core.main.TestCaseExecutor.runScript(TestCaseExecutor.java:328)
	at com.kms.katalon.core.main.TestCaseExecutor.doExecute(TestCaseExecutor.java:319)
	at com.kms.katalon.core.main.TestCaseExecutor.processExecutionPhase(TestCaseExecutor.java:298)
	at com.kms.katalon.core.main.TestCaseExecutor.accessMainPhase(TestCaseExecutor.java:290)
	at com.kms.katalon.core.main.TestCaseExecutor.execute(TestCaseExecutor.java:224)
	at com.kms.katalon.core.main.TestSuiteExecutor.accessTestCaseMainPhase(TestSuiteExecutor.java:129)
	at com.kms.katalon.core.main.TestSuiteExecutor.accessTestSuiteMainPhase(TestSuiteExecutor.java:112)
	at com.kms.katalon.core.main.TestSuiteExecutor.execute(TestSuiteExecutor.java:81)
	at com.kms.katalon.core.main.TestCaseMain.startTestSuite(TestCaseMain.java:149)
	at com.kms.katalon.core.main.TestCaseMain$startTestSuite$0.call(Unknown Source)
	at TempTestSuite1566206810208.run(TempTestSuite1566206810208.groovy:36)


2019-08-19 05:35:06 - [TEST_STEP][PASSED] - callTestCase(findTestCase("mobileWeb/_include/name"), [:], CONTINUE_ON_FAILURE): Call Test Case 'Test Cases/mobileWeb/_include/name' successfully

2019-08-19 05:35:06 - [TEST_CASE][PASSED] - Test Cases/mobileWeb/_include/name: Test Cases/mobileWeb/_include/name

2019-08-19 05:35:06 - [TEST_STEP][PASSED] - driver = getWebDriver(): null

2019-08-19 05:35:06 - [TEST_STEP][PASSED] - selenium = new com.thoughtworks.selenium.webdriven.WebDriverBackedSelenium(driver, internal.GlobalVariable.ENV): null

2019-08-19 05:35:06 - [TEST_STEP][PASSED] - FirstName = "Test-123": null

2019-08-19 05:35:06 - [TEST_STEP][PASSED] - LastName = selenium.getEval("{var x="ABCDEFGHIJKLMNOPQRSTUVWXYZabcdefghijklmnopqrstuvwxyz"; var tmp="ZZ11-"; for (i=0;i<8;i++) tmp+=x.charAt(Math.ceil(51*Math.random()));tmp;}"): null

2019-08-19 05:35:06 - [TEST_STEP][PASSED] - Address = selenium.getEval("{var x="ABCDEFGHIJKLMNOPQRSTUVWXYZabcdefghijklmnopqrstuvwxyz"; var tmp=""; for (i=0;i<8;i++) tmp+=x.charAt(Math.ceil(51*Math.random()));tmp;}"): null

2019-08-19 05:35:06 - [TEST_STEP][PASSED] - City = selenium.getEval("{var x="ABCDEFGHIJKLMNOPQRSTUVWXYZabcdefghijklmnopqrstuvwxyz"; var tmp=""; for (i=0;i<8;i++) tmp+=x.charAt(Math.ceil(51*Math.random()));tmp;}"): null

2019-08-19 05:35:07 - [TEST_STEP][PASSED] - tel1 = selenium.getEval("{var x="123456789"; var tmp=""; for (i=0;i<3;i++) tmp+=x.charAt(Math.ceil(8*Math.random()));tmp;}"): null

2019-08-19 05:35:07 - [TEST_STEP][PASSED] - tel2 = selenium.getEval("{var x="123456789"; var tmp=""; for (i=0;i<3;i++) tmp+=x.charAt(Math.ceil(8*Math.random()));tmp;}"): null

2019-08-19 05:35:07 - [TEST_STEP][PASSED] - tel3 = selenium.getEval("{var x="123456789"; var tmp=""; for (i=0;i<4;i++) tmp+=x.charAt(Math.ceil(8*Math.random()));tmp;}"): null

2019-08-19 05:35:07 - [TEST_STEP][PASSED] - Tel = selenium.getExpression(tel1 + "-" + tel2 + "-" + tel3): null

2019-08-19 05:35:07 - [TEST_STEP][PASSED] - AutoEmail = selenium.getEval("{var x="ABCDEFGHIJKLMNOPQRSTUVWXYZabcdefghijklmnopqrstuvwxyz"; var tmp="test."; for (i=0;i<8;i++) tmp+=x.charAt(Math.ceil(51*Math.random()));tmp+="@suryani.cn";}"): null

2019-08-19 05:35:07 - [TEST_STEP][PASSED] - FirstName = FirstName: null

2019-08-19 05:35:07 - [TEST_STEP][PASSED] - LastName = LastName: null

2019-08-19 05:35:07 - [TEST_STEP][PASSED] - Address = Address: null

2019-08-19 05:35:07 - [TEST_STEP][PASSED] - City = City: null

2019-08-19 05:35:07 - [TEST_STEP][PASSED] - Tel = Tel: null

2019-08-19 05:35:07 - [TEST_STEP][PASSED] - AutoEmail = AutoEmail: null

2019-08-19 05:35:07 - [TEST_STEP][PASSED] - println(FirstName): null

2019-08-19 05:35:07 - [TEST_STEP][PASSED] - println(LastName): null

2019-08-19 05:35:07 - [TEST_STEP][PASSED] - println(Address): null

2019-08-19 05:35:07 - [TEST_STEP][PASSED] - println(City): null

2019-08-19 05:35:07 - [TEST_STEP][PASSED] - println(Tel): null

2019-08-19 05:35:07 - [TEST_STEP][PASSED] - println(AutoEmail): null

2019-08-19 05:35:07 - [MESSAGE][PASSED] - Call Test Case 'Test Cases/mobileWeb/_include/name' successfully

2019-08-19 05:35:07 - [TEST_STEP][FAILED] - try: Unable to verify text 'Month Duration Acknowledgement' is present  (Root cause: com.kms.katalon.core.exception.StepFailedException: Text 'Month Duration Acknowledgement' is not present on page )

2019-08-19 05:35:07 - [TEST_STEP][FAILED] - if (verifyTextPresent("Month Duration Acknowledgement", false)): Unable to verify text 'Month Duration Acknowledgement' is present  (Root cause: com.kms.katalon.core.exception.StepFailedException: Text 'Month Duration Acknowledgement' is not present on page )

2019-08-19 05:35:08 - [MESSAGE][FAILED] - Text 'Month Duration Acknowledgement' is not present on page 

2019-08-19 05:35:08 - [MESSAGE][FAILED] - Unable to verify text 'Month Duration Acknowledgement' is present  (Root cause: com.kms.katalon.core.exception.StepFailedException: Text 'Month Duration Acknowledgement' is not present on page )
[[ATTACHMENT|D:\\Test\\AgileTest\\Reports\\mobileWeb\\stm\\20190819_052650\\1566207308095.png]]

2019-08-19 05:35:08 - [TEST_STEP][PASSED] - catch (Exception e): null

2019-08-19 05:35:08 - [TEST_STEP][PASSED] - println("no consecutive"): null

2019-08-19 05:35:08 - [TEST_STEP][PASSED] - waitForPageLoad(10): Wait for page load successfully

2019-08-19 05:35:08 - [MESSAGE][PASSED] - Wait for page load successfully

2019-08-19 05:35:08 - [TEST_STEP][PASSED] - Thread.sleep(3000): null

2019-08-19 05:35:11 - [TEST_STEP][PASSED] - waitForElementVisible(findTestObject("mobileSanity/STM/Page_App Page 1/a_Autofill App Info"), 20): Object 'Object Repository/mobileSanity/STM/Page_App Page 1/a_Autofill App Info' is visible

2019-08-19 05:35:11 - [MESSAGE][PASSED] - Object 'Object Repository/mobileSanity/STM/Page_App Page 1/a_Autofill App Info' is visible

2019-08-19 05:35:11 - [TEST_STEP][PASSED] - click(findTestObject("mobileSanity/STM/Page_App Page 1/a_Autofill App Info")): Object: 'Object Repository/mobileSanity/STM/Page_App Page 1/a_Autofill App Info' is clicked on

2019-08-19 05:35:11 - [MESSAGE][PASSED] - Object: 'Object Repository/mobileSanity/STM/Page_App Page 1/a_Autofill App Info' is clicked on

2019-08-19 05:35:11 - [TEST_STEP][PASSED] - Thread.sleep(1000): null

2019-08-19 05:35:12 - [TEST_STEP][PASSED] - click(findTestObject("mobileSanity/STM/Page_App Page 1/a_Autofill App Info")): Object: 'Object Repository/mobileSanity/STM/Page_App Page 1/a_Autofill App Info' is clicked on

2019-08-19 05:35:12 - [MESSAGE][PASSED] - Object: 'Object Repository/mobileSanity/STM/Page_App Page 1/a_Autofill App Info' is clicked on

2019-08-19 05:35:12 - [TEST_STEP][PASSED] - Thread.sleep(1000): null

2019-08-19 05:35:13 - [TEST_STEP][PASSED] - waitForElementVisible(findTestObject("mobileSanity/STM/Page_App Page 1/a_Continue"), 20): Object 'Object Repository/mobileSanity/STM/Page_App Page 1/a_Continue' is visible

2019-08-19 05:35:13 - [MESSAGE][PASSED] - Object 'Object Repository/mobileSanity/STM/Page_App Page 1/a_Continue' is visible

2019-08-19 05:35:13 - [TEST_STEP][PASSED] - click(findTestObject("mobileSanity/STM/Page_App Page 1/a_Continue")): Object: 'Object Repository/mobileSanity/STM/Page_App Page 1/a_Continue' is clicked on

2019-08-19 05:35:14 - [MESSAGE][PASSED] - Object: 'Object Repository/mobileSanity/STM/Page_App Page 1/a_Continue' is clicked on

2019-08-19 05:35:14 - [TEST_STEP][PASSED] - waitForPageLoad(20): Wait for page load successfully

2019-08-19 05:35:14 - [MESSAGE][PASSED] - Wait for page load successfully

2019-08-19 05:35:14 - [TEST_STEP][PASSED] - Thread.sleep(2000): null

2019-08-19 05:35:16 - [TEST_STEP][PASSED] - callTestCase(findTestCase("mobileWeb/_include/get_screenshot"), [:], STOP_ON_FAILURE): Call Test Case 'Test Cases/mobileWeb/_include/get_screenshot' successfully

2019-08-19 05:35:16 - [TEST_CASE][PASSED] - Test Cases/mobileWeb/_include/get_screenshot: Test Cases/mobileWeb/_include/get_screenshot

2019-08-19 05:35:16 - [TEST_STEP][PASSED] - takeScreenshot(screenPath + i + ".png"): Taking screenshot successfully

2019-08-19 05:35:16 - [MESSAGE][PASSED] - Taking screenshot successfully
[[ATTACHMENT|D:\\Test\\AgileTest\\Reports\\mobileWeb\\stm\\20190819_052650\\../Screenshots/iPhone 6/stm/Everest Prime/20190819_053415/7.png]]

2019-08-19 05:35:16 - [TEST_STEP][PASSED] - (internal.GlobalVariable.i++): null

2019-08-19 05:35:16 - [MESSAGE][PASSED] - Call Test Case 'Test Cases/mobileWeb/_include/get_screenshot' successfully

2019-08-19 05:35:16 - [TEST_STEP][PASSED] - click(findTestObject("mobileSanity/STM/Page_App Page 2/a_Continue to Step 3 - Payment")): Object: 'Object Repository/mobileSanity/STM/Page_App Page 2/a_Continue to Step 3 - Payment' is clicked on

2019-08-19 05:35:17 - [MESSAGE][PASSED] - Object: 'Object Repository/mobileSanity/STM/Page_App Page 2/a_Continue to Step 3 - Payment' is clicked on

2019-08-19 05:35:17 - [TEST_STEP][PASSED] - waitForPageLoad(20): Wait for page load successfully

2019-08-19 05:35:17 - [MESSAGE][PASSED] - Wait for page load successfully

2019-08-19 05:35:17 - [TEST_STEP][PASSED] - waitForElementVisible(findTestObject("mobileSanity/STM/Page_App Page 3/input__credit-card-cvv"), 20): Object 'Object Repository/mobileSanity/STM/Page_App Page 3/input__credit-card-cvv' is visible

2019-08-19 05:35:18 - [MESSAGE][PASSED] - Object 'Object Repository/mobileSanity/STM/Page_App Page 3/input__credit-card-cvv' is visible

2019-08-19 05:35:18 - [TEST_STEP][PASSED] - Thread.sleep(2000): null

2019-08-19 05:35:20 - [TEST_STEP][PASSED] - callTestCase(findTestCase("mobileWeb/_include/get_screenshot"), [:], STOP_ON_FAILURE): Call Test Case 'Test Cases/mobileWeb/_include/get_screenshot' successfully

2019-08-19 05:35:20 - [TEST_CASE][PASSED] - Test Cases/mobileWeb/_include/get_screenshot: Test Cases/mobileWeb/_include/get_screenshot

2019-08-19 05:35:20 - [TEST_STEP][PASSED] - takeScreenshot(screenPath + i + ".png"): Taking screenshot successfully

2019-08-19 05:35:20 - [MESSAGE][PASSED] - Taking screenshot successfully
[[ATTACHMENT|D:\\Test\\AgileTest\\Reports\\mobileWeb\\stm\\20190819_052650\\../Screenshots/iPhone 6/stm/Everest Prime/20190819_053415/8.png]]

2019-08-19 05:35:20 - [TEST_STEP][PASSED] - (internal.GlobalVariable.i++): null

2019-08-19 05:35:20 - [MESSAGE][PASSED] - Call Test Case 'Test Cases/mobileWeb/_include/get_screenshot' successfully

2019-08-19 05:35:20 - [TEST_STEP][PASSED] - clearText(findTestObject("mobileSanity/STM/Page_App Page 3/input__credit-card-cvv")): Text of object 'Object Repository/mobileSanity/STM/Page_App Page 3/input__credit-card-cvv' is cleared

2019-08-19 05:35:20 - [MESSAGE][PASSED] - Text of object 'Object Repository/mobileSanity/STM/Page_App Page 3/input__credit-card-cvv' is cleared

2019-08-19 05:35:20 - [TEST_STEP][PASSED] - setText(findTestObject("mobileSanity/STM/Page_App Page 3/input__credit-card-cvv"), "123"): Text '123' is set on object 'Object Repository/mobileSanity/STM/Page_App Page 3/input__credit-card-cvv'

2019-08-19 05:35:20 - [MESSAGE][PASSED] - Text '123' is set on object 'Object Repository/mobileSanity/STM/Page_App Page 3/input__credit-card-cvv'

2019-08-19 05:35:20 - [TEST_STEP][PASSED] - click(findTestObject("mobileSanity/STM/Page_App Page 3/label_I Accept Authorization f")): Object: 'Object Repository/mobileSanity/STM/Page_App Page 3/label_I Accept Authorization f' is clicked on

2019-08-19 05:35:21 - [MESSAGE][PASSED] - Object: 'Object Repository/mobileSanity/STM/Page_App Page 3/label_I Accept Authorization f' is clicked on

2019-08-19 05:35:21 - [TEST_STEP][PASSED] - click(findTestObject("mobileSanity/STM/Page_App Page 3/a_Continue to Step 4 - Review")): Object: 'Object Repository/mobileSanity/STM/Page_App Page 3/a_Continue to Step 4 - Review' is clicked on

2019-08-19 05:35:21 - [MESSAGE][PASSED] - Object: 'Object Repository/mobileSanity/STM/Page_App Page 3/a_Continue to Step 4 - Review' is clicked on

2019-08-19 05:35:21 - [TEST_STEP][PASSED] - waitForPageLoad(10): Wait for page load successfully

2019-08-19 05:35:21 - [MESSAGE][PASSED] - Wait for page load successfully

2019-08-19 05:35:21 - [TEST_STEP][PASSED] - waitForElementClickable(findTestObject("mobileSanity/STM/Page_App Page 4/label"), 10): Object 'Object Repository/mobileSanity/STM/Page_App Page 4/label' is clickable

2019-08-19 05:35:22 - [MESSAGE][PASSED] - Object 'Object Repository/mobileSanity/STM/Page_App Page 4/label' is clickable

2019-08-19 05:35:22 - [TEST_STEP][PASSED] - Thread.sleep(2000): null

2019-08-19 05:35:24 - [TEST_STEP][PASSED] - callTestCase(findTestCase("mobileWeb/_include/get_screenshot"), [:], STOP_ON_FAILURE): Call Test Case 'Test Cases/mobileWeb/_include/get_screenshot' successfully

2019-08-19 05:35:24 - [TEST_CASE][PASSED] - Test Cases/mobileWeb/_include/get_screenshot: Test Cases/mobileWeb/_include/get_screenshot

2019-08-19 05:35:24 - [TEST_STEP][PASSED] - takeScreenshot(screenPath + i + ".png"): Taking screenshot successfully

2019-08-19 05:35:24 - [MESSAGE][PASSED] - Taking screenshot successfully
[[ATTACHMENT|D:\\Test\\AgileTest\\Reports\\mobileWeb\\stm\\20190819_052650\\../Screenshots/iPhone 6/stm/Everest Prime/20190819_053415/9.png]]

2019-08-19 05:35:24 - [TEST_STEP][PASSED] - (internal.GlobalVariable.i++): null

2019-08-19 05:35:24 - [MESSAGE][PASSED] - Call Test Case 'Test Cases/mobileWeb/_include/get_screenshot' successfully

2019-08-19 05:35:24 - [TEST_STEP][PASSED] - click(findTestObject("mobileSanity/STM/Page_App Page 4/label")): Object: 'Object Repository/mobileSanity/STM/Page_App Page 4/label' is clicked on

2019-08-19 05:35:25 - [MESSAGE][PASSED] - Object: 'Object Repository/mobileSanity/STM/Page_App Page 4/label' is clicked on

2019-08-19 05:35:25 - [TEST_STEP][FAILED] - click(findTestObject("mobileSanity/STM/Page_App Page 4/div_CLICK TO SIGN")): click(findTestObject("mobileSanity/STM/Page_App Page 4/div_CLICK TO SIGN")) FAILED.
Reason:
com.kms.katalon.core.exception.StepFailedException: Unable to click on object 'Object Repository/mobileSanity/STM/Page_App Page 4/div_CLICK TO SIGN' (Root cause: com.kms.katalon.core.webui.exception.WebElementNotFoundException: Web element with id: 'Object Repository/mobileSanity/STM/Page_App Page 4/div_CLICK TO SIGN' located by 'By.xpath: //div[@id = 'js-signature-tab' and (text() = 'CLICK TO SIGN↓' or . = 'CLICK TO SIGN↓')]' not found)
	at com.kms.katalon.core.keyword.internal.KeywordMain.stepFailed(KeywordMain.groovy:36)
	at com.kms.katalon.core.webui.keyword.internal.WebUIKeywordMain.stepFailed(WebUIKeywordMain.groovy:65)
	at com.kms.katalon.core.webui.keyword.internal.WebUIKeywordMain.runKeyword(WebUIKeywordMain.groovy:27)
	at com.kms.katalon.core.webui.keyword.builtin.ClickKeyword.click(ClickKeyword.groovy:86)
	at com.kms.katalon.core.webui.keyword.builtin.ClickKeyword.execute(ClickKeyword.groovy:67)
	at com.kms.katalon.core.keyword.internal.KeywordExecutor.executeKeywordForPlatform(KeywordExecutor.groovy:53)
	at com.kms.katalon.core.webui.keyword.WebUiBuiltInKeywords.click(WebUiBuiltInKeywords.groovy:616)
	at com.kms.katalon.core.webui.keyword.WebUiBuiltInKeywords$click$3.call(Unknown Source)
	at goToEnd_stm_autofill.run(goToEnd_stm_autofill:89)
	at com.kms.katalon.core.main.ScriptEngine.run(ScriptEngine.java:194)
	at com.kms.katalon.core.main.ScriptEngine.runScriptAsRawText(ScriptEngine.java:119)
	at com.kms.katalon.core.main.TestCaseExecutor.runScript(TestCaseExecutor.java:328)
	at com.kms.katalon.core.main.TestCaseExecutor.doExecute(TestCaseExecutor.java:319)
	at com.kms.katalon.core.main.TestCaseExecutor.processExecutionPhase(TestCaseExecutor.java:298)
	at com.kms.katalon.core.main.TestCaseExecutor.accessMainPhase(TestCaseExecutor.java:290)
	at com.kms.katalon.core.main.TestCaseExecutor.execute(TestCaseExecutor.java:224)
	at com.kms.katalon.core.main.TestCaseMain.runTestCase(TestCaseMain.java:106)
	at com.kms.katalon.core.keyword.builtin.CallTestCaseKeyword$_callTestCase_closure1.doCall(CallTestCaseKeyword.groovy:59)
	at com.kms.katalon.core.keyword.builtin.CallTestCaseKeyword$_callTestCase_closure1.call(CallTestCaseKeyword.groovy)
	at com.kms.katalon.core.keyword.internal.KeywordMain.runKeyword(KeywordMain.groovy:54)
	at com.kms.katalon.core.keyword.builtin.CallTestCaseKeyword.callTestCase(CallTestCaseKeyword.groovy:80)
	at com.kms.katalon.core.keyword.builtin.CallTestCaseKeyword.execute(CallTestCaseKeyword.groovy:44)
	at com.kms.katalon.core.keyword.internal.KeywordExecutor.executeKeywordForPlatform(KeywordExecutor.groovy:53)
	at com.kms.katalon.core.keyword.BuiltinKeywords.callTestCase(BuiltinKeywords.groovy:334)
	at Everest Prime.run(Everest Prime:31)
	at com.kms.katalon.core.main.ScriptEngine.run(ScriptEngine.java:194)
	at com.kms.katalon.core.main.ScriptEngine.runScriptAsRawText(ScriptEngine.java:119)
	at com.kms.katalon.core.main.TestCaseExecutor.runScript(TestCaseExecutor.java:328)
	at com.kms.katalon.core.main.TestCaseExecutor.doExecute(TestCaseExecutor.java:319)
	at com.kms.katalon.core.main.TestCaseExecutor.processExecutionPhase(TestCaseExecutor.java:298)
	at com.kms.katalon.core.main.TestCaseExecutor.accessMainPhase(TestCaseExecutor.java:290)
	at com.kms.katalon.core.main.TestCaseExecutor.execute(TestCaseExecutor.java:224)
	at com.kms.katalon.core.main.TestSuiteExecutor.accessTestCaseMainPhase(TestSuiteExecutor.java:129)
	at com.kms.katalon.core.main.TestSuiteExecutor.accessTestSuiteMainPhase(TestSuiteExecutor.java:112)
	at com.kms.katalon.core.main.TestSuiteExecutor.execute(TestSuiteExecutor.java:81)
	at com.kms.katalon.core.main.TestCaseMain.startTestSuite(TestCaseMain.java:149)
	at com.kms.katalon.core.main.TestCaseMain$startTestSuite$0.call(Unknown Source)
	at TempTestSuite1566206810208.run(TempTestSuite1566206810208.groovy:36)


2019-08-19 05:35:47 - [MESSAGE][INFO] - Unable to find the element located by 'By.xpath: //div[@id = 'js-signature-tab' and (text() = 'CLICK TO SIGN↓' or . = 'CLICK TO SIGN↓')]'. Please recheck the objects properties to make sure the desired element is located. 

2019-08-19 05:35:48 - [MESSAGE][FAILED] - Unable to click on object 'Object Repository/mobileSanity/STM/Page_App Page 4/div_CLICK TO SIGN' (Root cause: com.kms.katalon.core.webui.exception.WebElementNotFoundException: Web element with id: 'Object Repository/mobileSanity/STM/Page_App Page 4/div_CLICK TO SIGN' located by 'By.xpath: //div[@id = 'js-signature-tab' and (text() = 'CLICK TO SIGN↓' or . = 'CLICK TO SIGN↓')]' not found)
[[ATTACHMENT|D:\\Test\\AgileTest\\Reports\\mobileWeb\\stm\\20190819_052650\\1566207347684.png]]

2019-08-19 05:35:48 - [MESSAGE][FAILED] - click(findTestObject("mobileSanity/STM/Page_App Page 4/div_CLICK TO SIGN")) FAILED.
Reason:
com.kms.katalon.core.exception.StepFailedException: Unable to click on object 'Object Repository/mobileSanity/STM/Page_App Page 4/div_CLICK TO SIGN' (Root cause: com.kms.katalon.core.webui.exception.WebElementNotFoundException: Web element with id: 'Object Repository/mobileSanity/STM/Page_App Page 4/div_CLICK TO SIGN' located by 'By.xpath: //div[@id = 'js-signature-tab' and (text() = 'CLICK TO SIGN↓' or . = 'CLICK TO SIGN↓')]' not found)
	at com.kms.katalon.core.keyword.internal.KeywordMain.stepFailed(KeywordMain.groovy:36)
	at com.kms.katalon.core.webui.keyword.internal.WebUIKeywordMain.stepFailed(WebUIKeywordMain.groovy:65)
	at com.kms.katalon.core.webui.keyword.internal.WebUIKeywordMain.runKeyword(WebUIKeywordMain.groovy:27)
	at com.kms.katalon.core.webui.keyword.builtin.ClickKeyword.click(ClickKeyword.groovy:86)
	at com.kms.katalon.core.webui.keyword.builtin.ClickKeyword.execute(ClickKeyword.groovy:67)
	at com.kms.katalon.core.keyword.internal.KeywordExecutor.executeKeywordForPlatform(KeywordExecutor.groovy:53)
	at com.kms.katalon.core.webui.keyword.WebUiBuiltInKeywords.click(WebUiBuiltInKeywords.groovy:616)
	at com.kms.katalon.core.webui.keyword.WebUiBuiltInKeywords$click$3.call(Unknown Source)
	at goToEnd_stm_autofill.run(goToEnd_stm_autofill:89)
	at com.kms.katalon.core.main.ScriptEngine.run(ScriptEngine.java:194)
	at com.kms.katalon.core.main.ScriptEngine.runScriptAsRawText(ScriptEngine.java:119)
	at com.kms.katalon.core.main.TestCaseExecutor.runScript(TestCaseExecutor.java:328)
	at com.kms.katalon.core.main.TestCaseExecutor.doExecute(TestCaseExecutor.java:319)
	at com.kms.katalon.core.main.TestCaseExecutor.processExecutionPhase(TestCaseExecutor.java:298)
	at com.kms.katalon.core.main.TestCaseExecutor.accessMainPhase(TestCaseExecutor.java:290)
	at com.kms.katalon.core.main.TestCaseExecutor.execute(TestCaseExecutor.java:224)
	at com.kms.katalon.core.main.TestCaseMain.runTestCase(TestCaseMain.java:106)
	at com.kms.katalon.core.keyword.builtin.CallTestCaseKeyword$_callTestCase_closure1.doCall(CallTestCaseKeyword.groovy:59)
	at com.kms.katalon.core.keyword.builtin.CallTestCaseKeyword$_callTestCase_closure1.call(CallTestCaseKeyword.groovy)
	at com.kms.katalon.core.keyword.internal.KeywordMain.runKeyword(KeywordMain.groovy:54)
	at com.kms.katalon.core.keyword.builtin.CallTestCaseKeyword.callTestCase(CallTestCaseKeyword.groovy:80)
	at com.kms.katalon.core.keyword.builtin.CallTestCaseKeyword.execute(CallTestCaseKeyword.groovy:44)
	at com.kms.katalon.core.keyword.internal.KeywordExecutor.executeKeywordForPlatform(KeywordExecutor.groovy:53)
	at com.kms.katalon.core.keyword.BuiltinKeywords.callTestCase(BuiltinKeywords.groovy:334)
	at Everest Prime.run(Everest Prime:31)
	at com.kms.katalon.core.main.ScriptEngine.run(ScriptEngine.java:194)
	at com.kms.katalon.core.main.ScriptEngine.runScriptAsRawText(ScriptEngine.java:119)
	at com.kms.katalon.core.main.TestCaseExecutor.runScript(TestCaseExecutor.java:328)
	at com.kms.katalon.core.main.TestCaseExecutor.doExecute(TestCaseExecutor.java:319)
	at com.kms.katalon.core.main.TestCaseExecutor.processExecutionPhase(TestCaseExecutor.java:298)
	at com.kms.katalon.core.main.TestCaseExecutor.accessMainPhase(TestCaseExecutor.java:290)
	at com.kms.katalon.core.main.TestCaseExecutor.execute(TestCaseExecutor.java:224)
	at com.kms.katalon.core.main.TestSuiteExecutor.accessTestCaseMainPhase(TestSuiteExecutor.java:129)
	at com.kms.katalon.core.main.TestSuiteExecutor.accessTestSuiteMainPhase(TestSuiteExecutor.java:112)
	at com.kms.katalon.core.main.TestSuiteExecutor.execute(TestSuiteExecutor.java:81)
	at com.kms.katalon.core.main.TestCaseMain.startTestSuite(TestCaseMain.java:149)
	at com.kms.katalon.core.main.TestCaseMain$startTestSuite$0.call(Unknown Source)
	at TempTestSuite1566206810208.run(TempTestSuite1566206810208.groovy:36)


2019-08-19 05:35:48 - [MESSAGE][FAILED] - Unable to call Test Case 'Test Cases/mobileWeb/_include/goToEnd_stm_autofill' (Root cause: com.kms.katalon.core.exception.StepFailedException: Call Test Case 'Test Cases/mobileWeb/_include/goToEnd_stm_autofill' failed)

2019-08-19 05:35:48 - [MESSAGE][FAILED] - callTestCase(findTestCase("mobileWeb/_include/goToEnd_stm_autofill"), [:], STOP_ON_FAILURE) FAILED.
Reason:
com.kms.katalon.core.exception.StepFailedException: Unable to click on object 'Object Repository/mobileSanity/STM/Page_App Page 4/div_CLICK TO SIGN' (Root cause: com.kms.katalon.core.webui.exception.WebElementNotFoundException: Web element with id: 'Object Repository/mobileSanity/STM/Page_App Page 4/div_CLICK TO SIGN' located by 'By.xpath: //div[@id = 'js-signature-tab' and (text() = 'CLICK TO SIGN↓' or . = 'CLICK TO SIGN↓')]' not found)
	at com.kms.katalon.core.keyword.internal.KeywordMain.stepFailed(KeywordMain.groovy:36)
	at com.kms.katalon.core.webui.keyword.internal.WebUIKeywordMain.stepFailed(WebUIKeywordMain.groovy:65)
	at com.kms.katalon.core.webui.keyword.internal.WebUIKeywordMain.runKeyword(WebUIKeywordMain.groovy:27)
	at com.kms.katalon.core.webui.keyword.builtin.ClickKeyword.click(ClickKeyword.groovy:86)
	at com.kms.katalon.core.webui.keyword.builtin.ClickKeyword.execute(ClickKeyword.groovy:67)
	at com.kms.katalon.core.keyword.internal.KeywordExecutor.executeKeywordForPlatform(KeywordExecutor.groovy:53)
	at com.kms.katalon.core.webui.keyword.WebUiBuiltInKeywords.click(WebUiBuiltInKeywords.groovy:616)
	at com.kms.katalon.core.webui.keyword.WebUiBuiltInKeywords$click$3.call(Unknown Source)
	at goToEnd_stm_autofill.run(goToEnd_stm_autofill:89)
	at com.kms.katalon.core.main.ScriptEngine.run(ScriptEngine.java:194)
	at com.kms.katalon.core.main.ScriptEngine.runScriptAsRawText(ScriptEngine.java:119)
	at com.kms.katalon.core.main.TestCaseExecutor.runScript(TestCaseExecutor.java:328)
	at com.kms.katalon.core.main.TestCaseExecutor.doExecute(TestCaseExecutor.java:319)
	at com.kms.katalon.core.main.TestCaseExecutor.processExecutionPhase(TestCaseExecutor.java:298)
	at com.kms.katalon.core.main.TestCaseExecutor.accessMainPhase(TestCaseExecutor.java:290)
	at com.kms.katalon.core.main.TestCaseExecutor.execute(TestCaseExecutor.java:224)
	at com.kms.katalon.core.main.TestCaseMain.runTestCase(TestCaseMain.java:106)
	at com.kms.katalon.core.keyword.builtin.CallTestCaseKeyword$_callTestCase_closure1.doCall(CallTestCaseKeyword.groovy:59)
	at com.kms.katalon.core.keyword.builtin.CallTestCaseKeyword$_callTestCase_closure1.call(CallTestCaseKeyword.groovy)
	at com.kms.katalon.core.keyword.internal.KeywordMain.runKeyword(KeywordMain.groovy:54)
	at com.kms.katalon.core.keyword.builtin.CallTestCaseKeyword.callTestCase(CallTestCaseKeyword.groovy:80)
	at com.kms.katalon.core.keyword.builtin.CallTestCaseKeyword.execute(CallTestCaseKeyword.groovy:44)
	at com.kms.katalon.core.keyword.internal.KeywordExecutor.executeKeywordForPlatform(KeywordExecutor.groovy:53)
	at com.kms.katalon.core.keyword.BuiltinKeywords.callTestCase(BuiltinKeywords.groovy:334)
	at Everest Prime.run(Everest Prime:31)
	at com.kms.katalon.core.main.ScriptEngine.run(ScriptEngine.java:194)
	at com.kms.katalon.core.main.ScriptEngine.runScriptAsRawText(ScriptEngine.java:119)
	at com.kms.katalon.core.main.TestCaseExecutor.runScript(TestCaseExecutor.java:328)
	at com.kms.katalon.core.main.TestCaseExecutor.doExecute(TestCaseExecutor.java:319)
	at com.kms.katalon.core.main.TestCaseExecutor.processExecutionPhase(TestCaseExecutor.java:298)
	at com.kms.katalon.core.main.TestCaseExecutor.accessMainPhase(TestCaseExecutor.java:290)
	at com.kms.katalon.core.main.TestCaseExecutor.execute(TestCaseExecutor.java:224)
	at com.kms.katalon.core.main.TestSuiteExecutor.accessTestCaseMainPhase(TestSuiteExecutor.java:129)
	at com.kms.katalon.core.main.TestSuiteExecutor.accessTestSuiteMainPhase(TestSuiteExecutor.java:112)
	at com.kms.katalon.core.main.TestSuiteExecutor.execute(TestSuiteExecutor.java:81)
	at com.kms.katalon.core.main.TestCaseMain.startTestSuite(TestCaseMain.java:149)
	at com.kms.katalon.core.main.TestCaseMain$startTestSuite$0.call(Unknown Source)
	at TempTestSuite1566206810208.run(TempTestSuite1566206810208.groovy:36)]]></system-out>
         <system-err><![CDATA[2019-08-19 05:34:14 - [TEST_CASE][FAILED] - Test Cases/mobileWeb/stm/Everest Prime: Test Cases/mobileWeb/stm/Everest Prime FAILED.
Reason:
com.kms.katalon.core.exception.StepFailedException: Unable to click on object 'Object Repository/mobileSanity/STM/Page_App Page 4/div_CLICK TO SIGN' (Root cause: com.kms.katalon.core.webui.exception.WebElementNotFoundException: Web element with id: 'Object Repository/mobileSanity/STM/Page_App Page 4/div_CLICK TO SIGN' located by 'By.xpath: //div[@id = 'js-signature-tab' and (text() = 'CLICK TO SIGN↓' or . = 'CLICK TO SIGN↓')]' not found)
	at com.kms.katalon.core.keyword.internal.KeywordMain.stepFailed(KeywordMain.groovy:36)
	at com.kms.katalon.core.webui.keyword.internal.WebUIKeywordMain.stepFailed(WebUIKeywordMain.groovy:65)
	at com.kms.katalon.core.webui.keyword.internal.WebUIKeywordMain.runKeyword(WebUIKeywordMain.groovy:27)
	at com.kms.katalon.core.webui.keyword.builtin.ClickKeyword.click(ClickKeyword.groovy:86)
	at com.kms.katalon.core.webui.keyword.builtin.ClickKeyword.execute(ClickKeyword.groovy:67)
	at com.kms.katalon.core.keyword.internal.KeywordExecutor.executeKeywordForPlatform(KeywordExecutor.groovy:53)
	at com.kms.katalon.core.webui.keyword.WebUiBuiltInKeywords.click(WebUiBuiltInKeywords.groovy:616)
	at com.kms.katalon.core.webui.keyword.WebUiBuiltInKeywords$click$3.call(Unknown Source)
	at goToEnd_stm_autofill.run(goToEnd_stm_autofill:89)
	at com.kms.katalon.core.main.ScriptEngine.run(ScriptEngine.java:194)
	at com.kms.katalon.core.main.ScriptEngine.runScriptAsRawText(ScriptEngine.java:119)
	at com.kms.katalon.core.main.TestCaseExecutor.runScript(TestCaseExecutor.java:328)
	at com.kms.katalon.core.main.TestCaseExecutor.doExecute(TestCaseExecutor.java:319)
	at com.kms.katalon.core.main.TestCaseExecutor.processExecutionPhase(TestCaseExecutor.java:298)
	at com.kms.katalon.core.main.TestCaseExecutor.accessMainPhase(TestCaseExecutor.java:290)
	at com.kms.katalon.core.main.TestCaseExecutor.execute(TestCaseExecutor.java:224)
	at com.kms.katalon.core.main.TestCaseMain.runTestCase(TestCaseMain.java:106)
	at com.kms.katalon.core.keyword.builtin.CallTestCaseKeyword$_callTestCase_closure1.doCall(CallTestCaseKeyword.groovy:59)
	at com.kms.katalon.core.keyword.builtin.CallTestCaseKeyword$_callTestCase_closure1.call(CallTestCaseKeyword.groovy)
	at com.kms.katalon.core.keyword.internal.KeywordMain.runKeyword(KeywordMain.groovy:54)
	at com.kms.katalon.core.keyword.builtin.CallTestCaseKeyword.callTestCase(CallTestCaseKeyword.groovy:80)
	at com.kms.katalon.core.keyword.builtin.CallTestCaseKeyword.execute(CallTestCaseKeyword.groovy:44)
	at com.kms.katalon.core.keyword.internal.KeywordExecutor.executeKeywordForPlatform(KeywordExecutor.groovy:53)
	at com.kms.katalon.core.keyword.BuiltinKeywords.callTestCase(BuiltinKeywords.groovy:334)
	at Everest Prime.run(Everest Prime:31)
	at com.kms.katalon.core.main.ScriptEngine.run(ScriptEngine.java:194)
	at com.kms.katalon.core.main.ScriptEngine.runScriptAsRawText(ScriptEngine.java:119)
	at com.kms.katalon.core.main.TestCaseExecutor.runScript(TestCaseExecutor.java:328)
	at com.kms.katalon.core.main.TestCaseExecutor.doExecute(TestCaseExecutor.java:319)
	at com.kms.katalon.core.main.TestCaseExecutor.processExecutionPhase(TestCaseExecutor.java:298)
	at com.kms.katalon.core.main.TestCaseExecutor.accessMainPhase(TestCaseExecutor.java:290)
	at com.kms.katalon.core.main.TestCaseExecutor.execute(TestCaseExecutor.java:224)
	at com.kms.katalon.core.main.TestSuiteExecutor.accessTestCaseMainPhase(TestSuiteExecutor.java:129)
	at com.kms.katalon.core.main.TestSuiteExecutor.accessTestSuiteMainPhase(TestSuiteExecutor.java:112)
	at com.kms.katalon.core.main.TestSuiteExecutor.execute(TestSuiteExecutor.java:81)
	at com.kms.katalon.core.main.TestCaseMain.startTestSuite(TestCaseMain.java:149)
	at com.kms.katalon.core.main.TestCaseMain$startTestSuite$0.call(Unknown Source)
	at TempTestSuite1566206810208.run(TempTestSuite1566206810208.groovy:36)]]></system-err>
      </testcase>
      <testcase name="Test Cases/mobileWeb/stm/LifeShield" classname="Test Cases/mobileWeb/stm/LifeShield" status="FAILED">
         <failure type="FAILED" message="Test Cases/mobileWeb/stm/LifeShield FAILED.
Reason:
com.kms.katalon.core.exception.StepFailedException: Unable to click on object 'Object Repository/mobileSanity/STM/Page_App Page 4/div_CLICK TO SIGN' (Root cause: com.kms.katalon.core.webui.exception.WebElementNotFoundException: Web element with id: 'Object Repository/mobileSanity/STM/Page_App Page 4/div_CLICK TO SIGN' located by 'By.xpath: //div[@id = 'js-signature-tab' and (text() = 'CLICK TO SIGN↓' or . = 'CLICK TO SIGN↓')]' not found)
	at com.kms.katalon.core.keyword.internal.KeywordMain.stepFailed(KeywordMain.groovy:36)
	at com.kms.katalon.core.webui.keyword.internal.WebUIKeywordMain.stepFailed(WebUIKeywordMain.groovy:65)
	at com.kms.katalon.core.webui.keyword.internal.WebUIKeywordMain.runKeyword(WebUIKeywordMain.groovy:27)
	at com.kms.katalon.core.webui.keyword.builtin.ClickKeyword.click(ClickKeyword.groovy:86)
	at com.kms.katalon.core.webui.keyword.builtin.ClickKeyword.execute(ClickKeyword.groovy:67)
	at com.kms.katalon.core.keyword.internal.KeywordExecutor.executeKeywordForPlatform(KeywordExecutor.groovy:53)
	at com.kms.katalon.core.webui.keyword.WebUiBuiltInKeywords.click(WebUiBuiltInKeywords.groovy:616)
	at com.kms.katalon.core.webui.keyword.WebUiBuiltInKeywords$click$3.call(Unknown Source)
	at goToEnd_stm_autofill.run(goToEnd_stm_autofill:89)
	at com.kms.katalon.core.main.ScriptEngine.run(ScriptEngine.java:194)
	at com.kms.katalon.core.main.ScriptEngine.runScriptAsRawText(ScriptEngine.java:119)
	at com.kms.katalon.core.main.TestCaseExecutor.runScript(TestCaseExecutor.java:328)
	at com.kms.katalon.core.main.TestCaseExecutor.doExecute(TestCaseExecutor.java:319)
	at com.kms.katalon.core.main.TestCaseExecutor.processExecutionPhase(TestCaseExecutor.java:298)
	at com.kms.katalon.core.main.TestCaseExecutor.accessMainPhase(TestCaseExecutor.java:290)
	at com.kms.katalon.core.main.TestCaseExecutor.execute(TestCaseExecutor.java:224)
	at com.kms.katalon.core.main.TestCaseMain.runTestCase(TestCaseMain.java:106)
	at com.kms.katalon.core.keyword.builtin.CallTestCaseKeyword$_callTestCase_closure1.doCall(CallTestCaseKeyword.groovy:59)
	at com.kms.katalon.core.keyword.builtin.CallTestCaseKeyword$_callTestCase_closure1.call(CallTestCaseKeyword.groovy)
	at com.kms.katalon.core.keyword.internal.KeywordMain.runKeyword(KeywordMain.groovy:54)
	at com.kms.katalon.core.keyword.builtin.CallTestCaseKeyword.callTestCase(CallTestCaseKeyword.groovy:80)
	at com.kms.katalon.core.keyword.builtin.CallTestCaseKeyword.execute(CallTestCaseKeyword.groovy:44)
	at com.kms.katalon.core.keyword.internal.KeywordExecutor.executeKeywordForPlatform(KeywordExecutor.groovy:53)
	at com.kms.katalon.core.keyword.BuiltinKeywords.callTestCase(BuiltinKeywords.groovy:334)
	at LifeShield.run(LifeShield:31)
	at com.kms.katalon.core.main.ScriptEngine.run(ScriptEngine.java:194)
	at com.kms.katalon.core.main.ScriptEngine.runScriptAsRawText(ScriptEngine.java:119)
	at com.kms.katalon.core.main.TestCaseExecutor.runScript(TestCaseExecutor.java:328)
	at com.kms.katalon.core.main.TestCaseExecutor.doExecute(TestCaseExecutor.java:319)
	at com.kms.katalon.core.main.TestCaseExecutor.processExecutionPhase(TestCaseExecutor.java:298)
	at com.kms.katalon.core.main.TestCaseExecutor.accessMainPhase(TestCaseExecutor.java:290)
	at com.kms.katalon.core.main.TestCaseExecutor.execute(TestCaseExecutor.java:224)
	at com.kms.katalon.core.main.TestSuiteExecutor.accessTestCaseMainPhase(TestSuiteExecutor.java:129)
	at com.kms.katalon.core.main.TestSuiteExecutor.accessTestSuiteMainPhase(TestSuiteExecutor.java:112)
	at com.kms.katalon.core.main.TestSuiteExecutor.execute(TestSuiteExecutor.java:81)
	at com.kms.katalon.core.main.TestCaseMain.startTestSuite(TestCaseMain.java:149)
	at com.kms.katalon.core.main.TestCaseMain$startTestSuite$0.call(Unknown Source)
	at TempTestSuite1566206810208.run(TempTestSuite1566206810208.groovy:36)
"/>
         <system-out><![CDATA[2019-08-19 05:35:48 - [TEST_CASE][FAILED] - Test Cases/mobileWeb/stm/LifeShield: Test Cases/mobileWeb/stm/LifeShield FAILED.
Reason:
com.kms.katalon.core.exception.StepFailedException: Unable to click on object 'Object Repository/mobileSanity/STM/Page_App Page 4/div_CLICK TO SIGN' (Root cause: com.kms.katalon.core.webui.exception.WebElementNotFoundException: Web element with id: 'Object Repository/mobileSanity/STM/Page_App Page 4/div_CLICK TO SIGN' located by 'By.xpath: //div[@id = 'js-signature-tab' and (text() = 'CLICK TO SIGN↓' or . = 'CLICK TO SIGN↓')]' not found)
	at com.kms.katalon.core.keyword.internal.KeywordMain.stepFailed(KeywordMain.groovy:36)
	at com.kms.katalon.core.webui.keyword.internal.WebUIKeywordMain.stepFailed(WebUIKeywordMain.groovy:65)
	at com.kms.katalon.core.webui.keyword.internal.WebUIKeywordMain.runKeyword(WebUIKeywordMain.groovy:27)
	at com.kms.katalon.core.webui.keyword.builtin.ClickKeyword.click(ClickKeyword.groovy:86)
	at com.kms.katalon.core.webui.keyword.builtin.ClickKeyword.execute(ClickKeyword.groovy:67)
	at com.kms.katalon.core.keyword.internal.KeywordExecutor.executeKeywordForPlatform(KeywordExecutor.groovy:53)
	at com.kms.katalon.core.webui.keyword.WebUiBuiltInKeywords.click(WebUiBuiltInKeywords.groovy:616)
	at com.kms.katalon.core.webui.keyword.WebUiBuiltInKeywords$click$3.call(Unknown Source)
	at goToEnd_stm_autofill.run(goToEnd_stm_autofill:89)
	at com.kms.katalon.core.main.ScriptEngine.run(ScriptEngine.java:194)
	at com.kms.katalon.core.main.ScriptEngine.runScriptAsRawText(ScriptEngine.java:119)
	at com.kms.katalon.core.main.TestCaseExecutor.runScript(TestCaseExecutor.java:328)
	at com.kms.katalon.core.main.TestCaseExecutor.doExecute(TestCaseExecutor.java:319)
	at com.kms.katalon.core.main.TestCaseExecutor.processExecutionPhase(TestCaseExecutor.java:298)
	at com.kms.katalon.core.main.TestCaseExecutor.accessMainPhase(TestCaseExecutor.java:290)
	at com.kms.katalon.core.main.TestCaseExecutor.execute(TestCaseExecutor.java:224)
	at com.kms.katalon.core.main.TestCaseMain.runTestCase(TestCaseMain.java:106)
	at com.kms.katalon.core.keyword.builtin.CallTestCaseKeyword$_callTestCase_closure1.doCall(CallTestCaseKeyword.groovy:59)
	at com.kms.katalon.core.keyword.builtin.CallTestCaseKeyword$_callTestCase_closure1.call(CallTestCaseKeyword.groovy)
	at com.kms.katalon.core.keyword.internal.KeywordMain.runKeyword(KeywordMain.groovy:54)
	at com.kms.katalon.core.keyword.builtin.CallTestCaseKeyword.callTestCase(CallTestCaseKeyword.groovy:80)
	at com.kms.katalon.core.keyword.builtin.CallTestCaseKeyword.execute(CallTestCaseKeyword.groovy:44)
	at com.kms.katalon.core.keyword.internal.KeywordExecutor.executeKeywordForPlatform(KeywordExecutor.groovy:53)
	at com.kms.katalon.core.keyword.BuiltinKeywords.callTestCase(BuiltinKeywords.groovy:334)
	at LifeShield.run(LifeShield:31)
	at com.kms.katalon.core.main.ScriptEngine.run(ScriptEngine.java:194)
	at com.kms.katalon.core.main.ScriptEngine.runScriptAsRawText(ScriptEngine.java:119)
	at com.kms.katalon.core.main.TestCaseExecutor.runScript(TestCaseExecutor.java:328)
	at com.kms.katalon.core.main.TestCaseExecutor.doExecute(TestCaseExecutor.java:319)
	at com.kms.katalon.core.main.TestCaseExecutor.processExecutionPhase(TestCaseExecutor.java:298)
	at com.kms.katalon.core.main.TestCaseExecutor.accessMainPhase(TestCaseExecutor.java:290)
	at com.kms.katalon.core.main.TestCaseExecutor.execute(TestCaseExecutor.java:224)
	at com.kms.katalon.core.main.TestSuiteExecutor.accessTestCaseMainPhase(TestSuiteExecutor.java:129)
	at com.kms.katalon.core.main.TestSuiteExecutor.accessTestSuiteMainPhase(TestSuiteExecutor.java:112)
	at com.kms.katalon.core.main.TestSuiteExecutor.execute(TestSuiteExecutor.java:81)
	at com.kms.katalon.core.main.TestCaseMain.startTestSuite(TestCaseMain.java:149)
	at com.kms.katalon.core.main.TestCaseMain$startTestSuite$0.call(Unknown Source)
	at TempTestSuite1566206810208.run(TempTestSuite1566206810208.groovy:36)


2019-08-19 05:35:48 - [TEST_STEP][PASSED] - callTestCase(findTestCase("mobileWeb/_include/get_screenPath"), ["productLine":"stm", "carrierName":"LifeShield"], CONTINUE_ON_FAILURE): Call Test Case 'Test Cases/mobileWeb/_include/get_screenPath' successfully

2019-08-19 05:35:48 - [TEST_CASE][PASSED] - Test Cases/mobileWeb/_include/get_screenPath: Test Cases/mobileWeb/_include/get_screenPath

2019-08-19 05:35:48 - [TEST_STEP][PASSED] - m = getExecutionProperties(): null

2019-08-19 05:35:48 - [TEST_STEP][PASSED] - deviceName = get("mobileEmulation").get("deviceName"): null

2019-08-19 05:35:48 - [TEST_STEP][PASSED] - println(deviceName): null

2019-08-19 05:35:48 - [TEST_STEP][PASSED] - now = new java.util.Date(): null

2019-08-19 05:35:48 - [TEST_STEP][PASSED] - mydate = now.format("yyyyMMdd_HHmmss"): null

2019-08-19 05:35:48 - [TEST_STEP][PASSED] - screenPath = "../Screenshots/": null

2019-08-19 05:35:48 - [TEST_STEP][PASSED] - screenPath = screenPath + deviceName + "/" + productLine + "/" + carrierName + "/" + mydate + "/": null

2019-08-19 05:35:48 - [TEST_STEP][PASSED] - println(screenPath): null

2019-08-19 05:35:48 - [MESSAGE][PASSED] - Call Test Case 'Test Cases/mobileWeb/_include/get_screenPath' successfully

2019-08-19 05:35:48 - [TEST_STEP][PASSED] - i = 0: null

2019-08-19 05:35:48 - [TEST_STEP][PASSED] - callTestCase(findTestCase("mobileWeb/_include/openWebSite"), [:], STOP_ON_FAILURE): Call Test Case 'Test Cases/mobileWeb/_include/openWebSite' successfully

2019-08-19 05:35:48 - [TEST_CASE][PASSED] - Test Cases/mobileWeb/_include/openWebSite: Test Cases/mobileWeb/_include/openWebSite

2019-08-19 05:35:48 - [TEST_STEP][PASSED] - openBrowser(env): Browser is opened with url: 'https://praetemptatus.agilehealthinsurance.com'

2019-08-19 05:35:48 - [MESSAGE][WARNING] - A browser is already opened. Closing browser and opening a new one

2019-08-19 05:35:50 - [MESSAGE][INFO] - Starting 'Chrome' driver

2019-08-19 05:35:50 - [MESSAGE][INFO] - User set preference: ['mobileEmulation', '{deviceName=iPhone 6}']

2019-08-19 05:35:50 - [MESSAGE][INFO] - User set preference: ['args', '[--incognito, --aggressive-cache-discard, --window-size=375,677, --no-sandbox]']

2019-08-19 05:35:53 - [MESSAGE][PASSED] - Browser is opened with url: 'https://praetemptatus.agilehealthinsurance.com'

2019-08-19 05:35:53 - [TEST_STEP][PASSED] - waitForPageLoad(20): Wait for page load successfully

2019-08-19 05:35:53 - [MESSAGE][PASSED] - Wait for page load successfully

2019-08-19 05:35:53 - [TEST_STEP][PASSED] - callTestCase(findTestCase("mobileWeb/_include/get_screenshot"), [:], STOP_ON_FAILURE): Call Test Case 'Test Cases/mobileWeb/_include/get_screenshot' successfully

2019-08-19 05:35:53 - [TEST_CASE][PASSED] - Test Cases/mobileWeb/_include/get_screenshot: Test Cases/mobileWeb/_include/get_screenshot

2019-08-19 05:35:53 - [TEST_STEP][PASSED] - takeScreenshot(screenPath + i + ".png"): Taking screenshot successfully

2019-08-19 05:35:55 - [MESSAGE][PASSED] - Taking screenshot successfully
[[ATTACHMENT|D:\\Test\\AgileTest\\Reports\\mobileWeb\\stm\\20190819_052650\\../Screenshots/iPhone 6/stm/LifeShield/20190819_053548/0.png]]

2019-08-19 05:35:55 - [TEST_STEP][PASSED] - (internal.GlobalVariable.i++): null

2019-08-19 05:35:55 - [MESSAGE][PASSED] - Call Test Case 'Test Cases/mobileWeb/_include/get_screenshot' successfully

2019-08-19 05:35:55 - [MESSAGE][PASSED] - Call Test Case 'Test Cases/mobileWeb/_include/openWebSite' successfully

2019-08-19 05:35:55 - [TEST_STEP][PASSED] - callTestCase(findTestCase("mobileWeb/_include/census_stm"), ["zipcode":"60602"], STOP_ON_FAILURE): Call Test Case 'Test Cases/mobileWeb/_include/census_stm' successfully

2019-08-19 05:35:55 - [TEST_CASE][PASSED] - Test Cases/mobileWeb/_include/census_stm: Test Cases/mobileWeb/_include/census_stm

2019-08-19 05:35:55 - [TEST_STEP][PASSED] - waitForElementClickable(findTestObject("mobileSanity/STM/Home Page/a_Quote  Save Today"), 10): Object 'Object Repository/mobileSanity/STM/Home Page/a_Quote  Save Today' is clickable

2019-08-19 05:35:55 - [MESSAGE][PASSED] - Object 'Object Repository/mobileSanity/STM/Home Page/a_Quote  Save Today' is clickable

2019-08-19 05:35:55 - [TEST_STEP][PASSED] - click(findTestObject("mobileSanity/STM/Home Page/a_Quote  Save Today")): Object: 'Object Repository/mobileSanity/STM/Home Page/a_Quote  Save Today' is clicked on

2019-08-19 05:35:56 - [MESSAGE][PASSED] - Object: 'Object Repository/mobileSanity/STM/Home Page/a_Quote  Save Today' is clicked on

2019-08-19 05:35:56 - [TEST_STEP][PASSED] - waitForPageLoad(10): Wait for page load successfully

2019-08-19 05:35:57 - [MESSAGE][PASSED] - Wait for page load successfully

2019-08-19 05:35:57 - [TEST_STEP][PASSED] - callTestCase(findTestCase("mobileWeb/_include/get_screenshot"), [:], STOP_ON_FAILURE): Call Test Case 'Test Cases/mobileWeb/_include/get_screenshot' successfully

2019-08-19 05:35:57 - [TEST_CASE][PASSED] - Test Cases/mobileWeb/_include/get_screenshot: Test Cases/mobileWeb/_include/get_screenshot

2019-08-19 05:35:57 - [TEST_STEP][PASSED] - takeScreenshot(screenPath + i + ".png"): Taking screenshot successfully

2019-08-19 05:35:58 - [MESSAGE][PASSED] - Taking screenshot successfully
[[ATTACHMENT|D:\\Test\\AgileTest\\Reports\\mobileWeb\\stm\\20190819_052650\\../Screenshots/iPhone 6/stm/LifeShield/20190819_053548/1.png]]

2019-08-19 05:35:58 - [TEST_STEP][PASSED] - (internal.GlobalVariable.i++): null

2019-08-19 05:35:58 - [MESSAGE][PASSED] - Call Test Case 'Test Cases/mobileWeb/_include/get_screenshot' successfully

2019-08-19 05:35:58 - [TEST_STEP][PASSED] - setText(findTestObject("mobileSanity/STM/STM Census Page/input_Location_zip-input"), zipcode): Text '60602' is set on object 'Object Repository/mobileSanity/STM/STM Census Page/input_Location_zip-input'

2019-08-19 05:35:59 - [MESSAGE][PASSED] - Text '60602' is set on object 'Object Repository/mobileSanity/STM/STM Census Page/input_Location_zip-input'

2019-08-19 05:35:59 - [TEST_STEP][PASSED] - Thread.sleep(500): null

2019-08-19 05:36:00 - [TEST_STEP][PASSED] - setText(findTestObject("mobileSanity/STM/STM Census Page/input_Date of Birth_dob-0"), "03031987"): Text '03031987' is set on object 'Object Repository/mobileSanity/STM/STM Census Page/input_Date of Birth_dob-0'

2019-08-19 05:36:01 - [MESSAGE][PASSED] - Text '03031987' is set on object 'Object Repository/mobileSanity/STM/STM Census Page/input_Date of Birth_dob-0'

2019-08-19 05:36:01 - [TEST_STEP][PASSED] - click(findTestObject("mobileSanity/STM/STM Census Page/label_Male")): Object: 'Object Repository/mobileSanity/STM/STM Census Page/label_Male' is clicked on

2019-08-19 05:36:01 - [MESSAGE][PASSED] - Object: 'Object Repository/mobileSanity/STM/STM Census Page/label_Male' is clicked on

2019-08-19 05:36:01 - [TEST_STEP][PASSED] - click(findTestObject("mobileSanity/STM/STM Census Page/label_Compare Plans")): Object: 'Object Repository/mobileSanity/STM/STM Census Page/label_Compare Plans' is clicked on

2019-08-19 05:36:03 - [MESSAGE][PASSED] - Object: 'Object Repository/mobileSanity/STM/STM Census Page/label_Compare Plans' is clicked on

2019-08-19 05:36:03 - [TEST_STEP][PASSED] - waitForElementVisible(findTestObject("mobileSanity/STM/STM Quote Page/button_sort"), 20): Object 'Object Repository/mobileSanity/STM/STM Quote Page/button_sort' is visible

2019-08-19 05:36:04 - [MESSAGE][PASSED] - Object 'Object Repository/mobileSanity/STM/STM Quote Page/button_sort' is visible

2019-08-19 05:36:04 - [TEST_STEP][PASSED] - Thread.sleep(3000): null

2019-08-19 05:36:07 - [TEST_STEP][PASSED] - callTestCase(findTestCase("mobileWeb/_include/get_screenshot"), [:], STOP_ON_FAILURE): Call Test Case 'Test Cases/mobileWeb/_include/get_screenshot' successfully

2019-08-19 05:36:07 - [TEST_CASE][PASSED] - Test Cases/mobileWeb/_include/get_screenshot: Test Cases/mobileWeb/_include/get_screenshot

2019-08-19 05:36:07 - [TEST_STEP][PASSED] - takeScreenshot(screenPath + i + ".png"): Taking screenshot successfully

2019-08-19 05:36:07 - [MESSAGE][PASSED] - Taking screenshot successfully
[[ATTACHMENT|D:\\Test\\AgileTest\\Reports\\mobileWeb\\stm\\20190819_052650\\../Screenshots/iPhone 6/stm/LifeShield/20190819_053548/2.png]]

2019-08-19 05:36:07 - [TEST_STEP][PASSED] - (internal.GlobalVariable.i++): null

2019-08-19 05:36:07 - [MESSAGE][PASSED] - Call Test Case 'Test Cases/mobileWeb/_include/get_screenshot' successfully

2019-08-19 05:36:07 - [TEST_STEP][PASSED] - Thread.sleep(1000): null

2019-08-19 05:36:08 - [MESSAGE][PASSED] - Call Test Case 'Test Cases/mobileWeb/_include/census_stm' successfully

2019-08-19 05:36:08 - [TEST_STEP][PASSED] - callTestCase(findTestCase("mobileWeb/_include/filter_stm"), ["carrier":"lifeshield"], STOP_ON_FAILURE): Call Test Case 'Test Cases/mobileWeb/_include/filter_stm' successfully

2019-08-19 05:36:09 - [TEST_CASE][PASSED] - Test Cases/mobileWeb/_include/filter_stm: Test Cases/mobileWeb/_include/filter_stm

2019-08-19 05:36:09 - [TEST_STEP][PASSED] - driver = getWebDriver(): null

2019-08-19 05:36:09 - [TEST_STEP][PASSED] - selenium = new com.thoughtworks.selenium.webdriven.WebDriverBackedSelenium(driver, internal.GlobalVariable.ENV): null

2019-08-19 05:36:09 - [TEST_STEP][PASSED] - Thread.sleep(1000): null

2019-08-19 05:36:10 - [TEST_STEP][PASSED] - click(findTestObject("mobileSanity/STM/STM Quote Page/button_filters")): Object: 'Object Repository/mobileSanity/STM/STM Quote Page/button_filters' is clicked on

2019-08-19 05:36:11 - [MESSAGE][PASSED] - Object: 'Object Repository/mobileSanity/STM/STM Quote Page/button_filters' is clicked on

2019-08-19 05:36:11 - [TEST_STEP][PASSED] - Thread.sleep(1000): null

2019-08-19 05:36:12 - [TEST_STEP][PASSED] - click(findTestObject("mobileSanity/STM/STM Quote Page/i_Insurance company")): Object: 'Object Repository/mobileSanity/STM/STM Quote Page/i_Insurance company' is clicked on

2019-08-19 05:36:12 - [MESSAGE][PASSED] - Object: 'Object Repository/mobileSanity/STM/STM Quote Page/i_Insurance company' is clicked on

2019-08-19 05:36:12 - [TEST_STEP][PASSED] - Thread.sleep(1000): null

2019-08-19 05:36:13 - [TEST_STEP][PASSED] - filter_carrier = "//input[@name='filter[carrier]' and @value='" + carrier + "']/following::label": null

2019-08-19 05:36:13 - [TEST_STEP][PASSED] - println(filter_carrier): null

2019-08-19 05:36:13 - [TEST_STEP][PASSED] - test.MobileKeywords.clickJS_ByXpath(filter_carrier): test.MobileKeywords.clickJS_ByXpath is PASSED

2019-08-19 05:36:13 - [MESSAGE][PASSED] - Execute JavaScript 'arguments[0].click()' successfully

2019-08-19 05:36:13 - [MESSAGE][PASSED] - test.MobileKeywords.clickJS_ByXpath is PASSED

2019-08-19 05:36:13 - [TEST_STEP][PASSED] - Thread.sleep(1000): null

2019-08-19 05:36:14 - [TEST_STEP][PASSED] - scrollToElement(findTestObject("mobileSanity/STM/STM Quote Page/a_Show Plans"), 1000): Scroll to object 'Object Repository/mobileSanity/STM/STM Quote Page/a_Show Plans' successfully

2019-08-19 05:36:14 - [MESSAGE][PASSED] - Scroll to object 'Object Repository/mobileSanity/STM/STM Quote Page/a_Show Plans' successfully

2019-08-19 05:36:14 - [TEST_STEP][PASSED] - click(findTestObject("mobileSanity/STM/STM Quote Page/a_Show Plans")): Object: 'Object Repository/mobileSanity/STM/STM Quote Page/a_Show Plans' is clicked on

2019-08-19 05:36:14 - [MESSAGE][PASSED] - Object: 'Object Repository/mobileSanity/STM/STM Quote Page/a_Show Plans' is clicked on

2019-08-19 05:36:14 - [TEST_STEP][PASSED] - waitForJQueryLoad(10, STOP_ON_FAILURE): jQuery is ready.

2019-08-19 05:36:14 - [MESSAGE][PASSED] - jQuery is ready.

2019-08-19 05:36:14 - [TEST_STEP][PASSED] - Thread.sleep(2000): null

2019-08-19 05:36:16 - [TEST_STEP][PASSED] - callTestCase(findTestCase("mobileWeb/_include/get_screenshot"), [:], STOP_ON_FAILURE): Call Test Case 'Test Cases/mobileWeb/_include/get_screenshot' successfully

2019-08-19 05:36:16 - [TEST_CASE][PASSED] - Test Cases/mobileWeb/_include/get_screenshot: Test Cases/mobileWeb/_include/get_screenshot

2019-08-19 05:36:16 - [TEST_STEP][PASSED] - takeScreenshot(screenPath + i + ".png"): Taking screenshot successfully

2019-08-19 05:36:17 - [MESSAGE][PASSED] - Taking screenshot successfully
[[ATTACHMENT|D:\\Test\\AgileTest\\Reports\\mobileWeb\\stm\\20190819_052650\\../Screenshots/iPhone 6/stm/LifeShield/20190819_053548/3.png]]

2019-08-19 05:36:17 - [TEST_STEP][PASSED] - (internal.GlobalVariable.i++): null

2019-08-19 05:36:17 - [MESSAGE][PASSED] - Call Test Case 'Test Cases/mobileWeb/_include/get_screenshot' successfully

2019-08-19 05:36:17 - [MESSAGE][PASSED] - Call Test Case 'Test Cases/mobileWeb/_include/filter_stm' successfully

2019-08-19 05:36:17 - [TEST_STEP][PASSED] - callTestCase(findTestCase("mobileWeb/_include/goToDetail_stm"), ["carrier":"lifeshield"], STOP_ON_FAILURE): Call Test Case 'Test Cases/mobileWeb/_include/goToDetail_stm' successfully

2019-08-19 05:36:17 - [TEST_CASE][PASSED] - Test Cases/mobileWeb/_include/goToDetail_stm: Test Cases/mobileWeb/_include/goToDetail_stm

2019-08-19 05:36:17 - [TEST_STEP][PASSED] - driver = getWebDriver(): null

2019-08-19 05:36:17 - [TEST_STEP][PASSED] - selenium = new com.thoughtworks.selenium.webdriven.WebDriverBackedSelenium(driver, internal.GlobalVariable.ENV): null

2019-08-19 05:36:17 - [TEST_STEP][PASSED] - a_plan_name = "xpath=//a[contains(@href,'/term-health-insurance/plan/" + carrier + "')]": null

2019-08-19 05:36:17 - [TEST_STEP][PASSED] - println(a_plan_name): null

2019-08-19 05:36:17 - [TEST_STEP][PASSED] - selenium.click(a_plan_name): null

2019-08-19 05:36:19 - [TEST_STEP][PASSED] - waitForPageLoad(10): Wait for page load successfully

2019-08-19 05:36:19 - [MESSAGE][PASSED] - Wait for page load successfully

2019-08-19 05:36:19 - [TEST_STEP][PASSED] - Thread.sleep(2000): null

2019-08-19 05:36:21 - [TEST_STEP][PASSED] - callTestCase(findTestCase("mobileWeb/_include/get_screenshot"), [:], STOP_ON_FAILURE): Call Test Case 'Test Cases/mobileWeb/_include/get_screenshot' successfully

2019-08-19 05:36:21 - [TEST_CASE][PASSED] - Test Cases/mobileWeb/_include/get_screenshot: Test Cases/mobileWeb/_include/get_screenshot

2019-08-19 05:36:21 - [TEST_STEP][PASSED] - takeScreenshot(screenPath + i + ".png"): Taking screenshot successfully

2019-08-19 05:36:22 - [MESSAGE][PASSED] - Taking screenshot successfully
[[ATTACHMENT|D:\\Test\\AgileTest\\Reports\\mobileWeb\\stm\\20190819_052650\\../Screenshots/iPhone 6/stm/LifeShield/20190819_053548/4.png]]

2019-08-19 05:36:22 - [TEST_STEP][PASSED] - (internal.GlobalVariable.i++): null

2019-08-19 05:36:22 - [MESSAGE][PASSED] - Call Test Case 'Test Cases/mobileWeb/_include/get_screenshot' successfully

2019-08-19 05:36:22 - [MESSAGE][PASSED] - Call Test Case 'Test Cases/mobileWeb/_include/goToDetail_stm' successfully

2019-08-19 05:36:22 - [TEST_STEP][PASSED] - callTestCase(findTestCase("mobileWeb/_include/apply_stm"), [:], STOP_ON_FAILURE): Call Test Case 'Test Cases/mobileWeb/_include/apply_stm' successfully

2019-08-19 05:36:22 - [TEST_CASE][PASSED] - Test Cases/mobileWeb/_include/apply_stm: Test Cases/mobileWeb/_include/apply_stm

2019-08-19 05:36:22 - [TEST_STEP][PASSED] - waitForElementVisible(findTestObject("mobileSanity/STM/STM PlanDetail Page/a_Apply for This Plan"), 5): Object 'Object Repository/mobileSanity/STM/STM PlanDetail Page/a_Apply for This Plan' is visible

2019-08-19 05:36:22 - [MESSAGE][PASSED] - Object 'Object Repository/mobileSanity/STM/STM PlanDetail Page/a_Apply for This Plan' is visible

2019-08-19 05:36:22 - [TEST_STEP][PASSED] - click(findTestObject("mobileSanity/STM/STM PlanDetail Page/a_Apply for This Plan")): Object: 'Object Repository/mobileSanity/STM/STM PlanDetail Page/a_Apply for This Plan' is clicked on

2019-08-19 05:36:25 - [MESSAGE][PASSED] - Object: 'Object Repository/mobileSanity/STM/STM PlanDetail Page/a_Apply for This Plan' is clicked on

2019-08-19 05:36:25 - [TEST_STEP][PASSED] - waitForPageLoad(10): Wait for page load successfully

2019-08-19 05:36:25 - [MESSAGE][PASSED] - Wait for page load successfully

2019-08-19 05:36:25 - [TEST_STEP][PASSED] - Thread.sleep(2000): null

2019-08-19 05:36:27 - [TEST_STEP][PASSED] - callTestCase(findTestCase("mobileWeb/_include/get_screenshot"), [:], STOP_ON_FAILURE): Call Test Case 'Test Cases/mobileWeb/_include/get_screenshot' successfully

2019-08-19 05:36:27 - [TEST_CASE][PASSED] - Test Cases/mobileWeb/_include/get_screenshot: Test Cases/mobileWeb/_include/get_screenshot

2019-08-19 05:36:27 - [TEST_STEP][PASSED] - takeScreenshot(screenPath + i + ".png"): Taking screenshot successfully

2019-08-19 05:36:28 - [MESSAGE][PASSED] - Taking screenshot successfully
[[ATTACHMENT|D:\\Test\\AgileTest\\Reports\\mobileWeb\\stm\\20190819_052650\\../Screenshots/iPhone 6/stm/LifeShield/20190819_053548/5.png]]

2019-08-19 05:36:28 - [TEST_STEP][PASSED] - (internal.GlobalVariable.i++): null

2019-08-19 05:36:28 - [MESSAGE][PASSED] - Call Test Case 'Test Cases/mobileWeb/_include/get_screenshot' successfully

2019-08-19 05:36:28 - [TEST_STEP][PASSED] - waitForElementVisible(findTestObject("mobileSanity/STM/STM Apply Page/a_Start Secure Application"), 5): Object 'Object Repository/mobileSanity/STM/STM Apply Page/a_Start Secure Application' is visible

2019-08-19 05:36:28 - [MESSAGE][PASSED] - Object 'Object Repository/mobileSanity/STM/STM Apply Page/a_Start Secure Application' is visible

2019-08-19 05:36:28 - [TEST_STEP][PASSED] - click(findTestObject("mobileSanity/STM/STM Apply Page/a_Start Secure Application")): Object: 'Object Repository/mobileSanity/STM/STM Apply Page/a_Start Secure Application' is clicked on

2019-08-19 05:36:29 - [MESSAGE][PASSED] - Object: 'Object Repository/mobileSanity/STM/STM Apply Page/a_Start Secure Application' is clicked on

2019-08-19 05:36:29 - [TEST_STEP][PASSED] - waitForPageLoad(20): Wait for page load successfully

2019-08-19 05:36:29 - [MESSAGE][PASSED] - Wait for page load successfully

2019-08-19 05:36:29 - [TEST_STEP][PASSED] - Thread.sleep(2000): null

2019-08-19 05:36:31 - [TEST_STEP][PASSED] - callTestCase(findTestCase("mobileWeb/_include/get_screenshot"), [:], STOP_ON_FAILURE): Call Test Case 'Test Cases/mobileWeb/_include/get_screenshot' successfully

2019-08-19 05:36:31 - [TEST_CASE][PASSED] - Test Cases/mobileWeb/_include/get_screenshot: Test Cases/mobileWeb/_include/get_screenshot

2019-08-19 05:36:31 - [TEST_STEP][PASSED] - takeScreenshot(screenPath + i + ".png"): Taking screenshot successfully

2019-08-19 05:36:31 - [MESSAGE][PASSED] - Taking screenshot successfully
[[ATTACHMENT|D:\\Test\\AgileTest\\Reports\\mobileWeb\\stm\\20190819_052650\\../Screenshots/iPhone 6/stm/LifeShield/20190819_053548/6.png]]

2019-08-19 05:36:31 - [TEST_STEP][PASSED] - (internal.GlobalVariable.i++): null

2019-08-19 05:36:31 - [MESSAGE][PASSED] - Call Test Case 'Test Cases/mobileWeb/_include/get_screenshot' successfully

2019-08-19 05:36:31 - [MESSAGE][PASSED] - Call Test Case 'Test Cases/mobileWeb/_include/apply_stm' successfully

2019-08-19 05:36:31 - [TEST_STEP][FAILED] - callTestCase(findTestCase("mobileWeb/_include/goToEnd_stm_autofill"), [:], STOP_ON_FAILURE): callTestCase(findTestCase("mobileWeb/_include/goToEnd_stm_autofill"), [:], STOP_ON_FAILURE) FAILED.
Reason:
com.kms.katalon.core.exception.StepFailedException: Unable to click on object 'Object Repository/mobileSanity/STM/Page_App Page 4/div_CLICK TO SIGN' (Root cause: com.kms.katalon.core.webui.exception.WebElementNotFoundException: Web element with id: 'Object Repository/mobileSanity/STM/Page_App Page 4/div_CLICK TO SIGN' located by 'By.xpath: //div[@id = 'js-signature-tab' and (text() = 'CLICK TO SIGN↓' or . = 'CLICK TO SIGN↓')]' not found)
	at com.kms.katalon.core.keyword.internal.KeywordMain.stepFailed(KeywordMain.groovy:36)
	at com.kms.katalon.core.webui.keyword.internal.WebUIKeywordMain.stepFailed(WebUIKeywordMain.groovy:65)
	at com.kms.katalon.core.webui.keyword.internal.WebUIKeywordMain.runKeyword(WebUIKeywordMain.groovy:27)
	at com.kms.katalon.core.webui.keyword.builtin.ClickKeyword.click(ClickKeyword.groovy:86)
	at com.kms.katalon.core.webui.keyword.builtin.ClickKeyword.execute(ClickKeyword.groovy:67)
	at com.kms.katalon.core.keyword.internal.KeywordExecutor.executeKeywordForPlatform(KeywordExecutor.groovy:53)
	at com.kms.katalon.core.webui.keyword.WebUiBuiltInKeywords.click(WebUiBuiltInKeywords.groovy:616)
	at com.kms.katalon.core.webui.keyword.WebUiBuiltInKeywords$click$3.call(Unknown Source)
	at goToEnd_stm_autofill.run(goToEnd_stm_autofill:89)
	at com.kms.katalon.core.main.ScriptEngine.run(ScriptEngine.java:194)
	at com.kms.katalon.core.main.ScriptEngine.runScriptAsRawText(ScriptEngine.java:119)
	at com.kms.katalon.core.main.TestCaseExecutor.runScript(TestCaseExecutor.java:328)
	at com.kms.katalon.core.main.TestCaseExecutor.doExecute(TestCaseExecutor.java:319)
	at com.kms.katalon.core.main.TestCaseExecutor.processExecutionPhase(TestCaseExecutor.java:298)
	at com.kms.katalon.core.main.TestCaseExecutor.accessMainPhase(TestCaseExecutor.java:290)
	at com.kms.katalon.core.main.TestCaseExecutor.execute(TestCaseExecutor.java:224)
	at com.kms.katalon.core.main.TestCaseMain.runTestCase(TestCaseMain.java:106)
	at com.kms.katalon.core.keyword.builtin.CallTestCaseKeyword$_callTestCase_closure1.doCall(CallTestCaseKeyword.groovy:59)
	at com.kms.katalon.core.keyword.builtin.CallTestCaseKeyword$_callTestCase_closure1.call(CallTestCaseKeyword.groovy)
	at com.kms.katalon.core.keyword.internal.KeywordMain.runKeyword(KeywordMain.groovy:54)
	at com.kms.katalon.core.keyword.builtin.CallTestCaseKeyword.callTestCase(CallTestCaseKeyword.groovy:80)
	at com.kms.katalon.core.keyword.builtin.CallTestCaseKeyword.execute(CallTestCaseKeyword.groovy:44)
	at com.kms.katalon.core.keyword.internal.KeywordExecutor.executeKeywordForPlatform(KeywordExecutor.groovy:53)
	at com.kms.katalon.core.keyword.BuiltinKeywords.callTestCase(BuiltinKeywords.groovy:334)
	at LifeShield.run(LifeShield:31)
	at com.kms.katalon.core.main.ScriptEngine.run(ScriptEngine.java:194)
	at com.kms.katalon.core.main.ScriptEngine.runScriptAsRawText(ScriptEngine.java:119)
	at com.kms.katalon.core.main.TestCaseExecutor.runScript(TestCaseExecutor.java:328)
	at com.kms.katalon.core.main.TestCaseExecutor.doExecute(TestCaseExecutor.java:319)
	at com.kms.katalon.core.main.TestCaseExecutor.processExecutionPhase(TestCaseExecutor.java:298)
	at com.kms.katalon.core.main.TestCaseExecutor.accessMainPhase(TestCaseExecutor.java:290)
	at com.kms.katalon.core.main.TestCaseExecutor.execute(TestCaseExecutor.java:224)
	at com.kms.katalon.core.main.TestSuiteExecutor.accessTestCaseMainPhase(TestSuiteExecutor.java:129)
	at com.kms.katalon.core.main.TestSuiteExecutor.accessTestSuiteMainPhase(TestSuiteExecutor.java:112)
	at com.kms.katalon.core.main.TestSuiteExecutor.execute(TestSuiteExecutor.java:81)
	at com.kms.katalon.core.main.TestCaseMain.startTestSuite(TestCaseMain.java:149)
	at com.kms.katalon.core.main.TestCaseMain$startTestSuite$0.call(Unknown Source)
	at TempTestSuite1566206810208.run(TempTestSuite1566206810208.groovy:36)


2019-08-19 05:36:31 - [TEST_CASE][FAILED] - Test Cases/mobileWeb/_include/goToEnd_stm_autofill: Test Cases/mobileWeb/_include/goToEnd_stm_autofill FAILED.
Reason:
com.kms.katalon.core.exception.StepFailedException: Unable to click on object 'Object Repository/mobileSanity/STM/Page_App Page 4/div_CLICK TO SIGN' (Root cause: com.kms.katalon.core.webui.exception.WebElementNotFoundException: Web element with id: 'Object Repository/mobileSanity/STM/Page_App Page 4/div_CLICK TO SIGN' located by 'By.xpath: //div[@id = 'js-signature-tab' and (text() = 'CLICK TO SIGN↓' or . = 'CLICK TO SIGN↓')]' not found)
	at com.kms.katalon.core.keyword.internal.KeywordMain.stepFailed(KeywordMain.groovy:36)
	at com.kms.katalon.core.webui.keyword.internal.WebUIKeywordMain.stepFailed(WebUIKeywordMain.groovy:65)
	at com.kms.katalon.core.webui.keyword.internal.WebUIKeywordMain.runKeyword(WebUIKeywordMain.groovy:27)
	at com.kms.katalon.core.webui.keyword.builtin.ClickKeyword.click(ClickKeyword.groovy:86)
	at com.kms.katalon.core.webui.keyword.builtin.ClickKeyword.execute(ClickKeyword.groovy:67)
	at com.kms.katalon.core.keyword.internal.KeywordExecutor.executeKeywordForPlatform(KeywordExecutor.groovy:53)
	at com.kms.katalon.core.webui.keyword.WebUiBuiltInKeywords.click(WebUiBuiltInKeywords.groovy:616)
	at com.kms.katalon.core.webui.keyword.WebUiBuiltInKeywords$click$3.call(Unknown Source)
	at goToEnd_stm_autofill.run(goToEnd_stm_autofill:89)
	at com.kms.katalon.core.main.ScriptEngine.run(ScriptEngine.java:194)
	at com.kms.katalon.core.main.ScriptEngine.runScriptAsRawText(ScriptEngine.java:119)
	at com.kms.katalon.core.main.TestCaseExecutor.runScript(TestCaseExecutor.java:328)
	at com.kms.katalon.core.main.TestCaseExecutor.doExecute(TestCaseExecutor.java:319)
	at com.kms.katalon.core.main.TestCaseExecutor.processExecutionPhase(TestCaseExecutor.java:298)
	at com.kms.katalon.core.main.TestCaseExecutor.accessMainPhase(TestCaseExecutor.java:290)
	at com.kms.katalon.core.main.TestCaseExecutor.execute(TestCaseExecutor.java:224)
	at com.kms.katalon.core.main.TestCaseMain.runTestCase(TestCaseMain.java:106)
	at com.kms.katalon.core.keyword.builtin.CallTestCaseKeyword$_callTestCase_closure1.doCall(CallTestCaseKeyword.groovy:59)
	at com.kms.katalon.core.keyword.builtin.CallTestCaseKeyword$_callTestCase_closure1.call(CallTestCaseKeyword.groovy)
	at com.kms.katalon.core.keyword.internal.KeywordMain.runKeyword(KeywordMain.groovy:54)
	at com.kms.katalon.core.keyword.builtin.CallTestCaseKeyword.callTestCase(CallTestCaseKeyword.groovy:80)
	at com.kms.katalon.core.keyword.builtin.CallTestCaseKeyword.execute(CallTestCaseKeyword.groovy:44)
	at com.kms.katalon.core.keyword.internal.KeywordExecutor.executeKeywordForPlatform(KeywordExecutor.groovy:53)
	at com.kms.katalon.core.keyword.BuiltinKeywords.callTestCase(BuiltinKeywords.groovy:334)
	at LifeShield.run(LifeShield:31)
	at com.kms.katalon.core.main.ScriptEngine.run(ScriptEngine.java:194)
	at com.kms.katalon.core.main.ScriptEngine.runScriptAsRawText(ScriptEngine.java:119)
	at com.kms.katalon.core.main.TestCaseExecutor.runScript(TestCaseExecutor.java:328)
	at com.kms.katalon.core.main.TestCaseExecutor.doExecute(TestCaseExecutor.java:319)
	at com.kms.katalon.core.main.TestCaseExecutor.processExecutionPhase(TestCaseExecutor.java:298)
	at com.kms.katalon.core.main.TestCaseExecutor.accessMainPhase(TestCaseExecutor.java:290)
	at com.kms.katalon.core.main.TestCaseExecutor.execute(TestCaseExecutor.java:224)
	at com.kms.katalon.core.main.TestSuiteExecutor.accessTestCaseMainPhase(TestSuiteExecutor.java:129)
	at com.kms.katalon.core.main.TestSuiteExecutor.accessTestSuiteMainPhase(TestSuiteExecutor.java:112)
	at com.kms.katalon.core.main.TestSuiteExecutor.execute(TestSuiteExecutor.java:81)
	at com.kms.katalon.core.main.TestCaseMain.startTestSuite(TestCaseMain.java:149)
	at com.kms.katalon.core.main.TestCaseMain$startTestSuite$0.call(Unknown Source)
	at TempTestSuite1566206810208.run(TempTestSuite1566206810208.groovy:36)


2019-08-19 05:36:31 - [TEST_STEP][PASSED] - callTestCase(findTestCase("mobileWeb/_include/name"), [:], CONTINUE_ON_FAILURE): Call Test Case 'Test Cases/mobileWeb/_include/name' successfully

2019-08-19 05:36:31 - [TEST_CASE][PASSED] - Test Cases/mobileWeb/_include/name: Test Cases/mobileWeb/_include/name

2019-08-19 05:36:31 - [TEST_STEP][PASSED] - driver = getWebDriver(): null

2019-08-19 05:36:31 - [TEST_STEP][PASSED] - selenium = new com.thoughtworks.selenium.webdriven.WebDriverBackedSelenium(driver, internal.GlobalVariable.ENV): null

2019-08-19 05:36:31 - [TEST_STEP][PASSED] - FirstName = "Test-123": null

2019-08-19 05:36:31 - [TEST_STEP][PASSED] - LastName = selenium.getEval("{var x="ABCDEFGHIJKLMNOPQRSTUVWXYZabcdefghijklmnopqrstuvwxyz"; var tmp="ZZ11-"; for (i=0;i<8;i++) tmp+=x.charAt(Math.ceil(51*Math.random()));tmp;}"): null

2019-08-19 05:36:32 - [TEST_STEP][PASSED] - Address = selenium.getEval("{var x="ABCDEFGHIJKLMNOPQRSTUVWXYZabcdefghijklmnopqrstuvwxyz"; var tmp=""; for (i=0;i<8;i++) tmp+=x.charAt(Math.ceil(51*Math.random()));tmp;}"): null

2019-08-19 05:36:32 - [TEST_STEP][PASSED] - City = selenium.getEval("{var x="ABCDEFGHIJKLMNOPQRSTUVWXYZabcdefghijklmnopqrstuvwxyz"; var tmp=""; for (i=0;i<8;i++) tmp+=x.charAt(Math.ceil(51*Math.random()));tmp;}"): null

2019-08-19 05:36:32 - [TEST_STEP][PASSED] - tel1 = selenium.getEval("{var x="123456789"; var tmp=""; for (i=0;i<3;i++) tmp+=x.charAt(Math.ceil(8*Math.random()));tmp;}"): null

2019-08-19 05:36:32 - [TEST_STEP][PASSED] - tel2 = selenium.getEval("{var x="123456789"; var tmp=""; for (i=0;i<3;i++) tmp+=x.charAt(Math.ceil(8*Math.random()));tmp;}"): null

2019-08-19 05:36:32 - [TEST_STEP][PASSED] - tel3 = selenium.getEval("{var x="123456789"; var tmp=""; for (i=0;i<4;i++) tmp+=x.charAt(Math.ceil(8*Math.random()));tmp;}"): null

2019-08-19 05:36:32 - [TEST_STEP][PASSED] - Tel = selenium.getExpression(tel1 + "-" + tel2 + "-" + tel3): null

2019-08-19 05:36:32 - [TEST_STEP][PASSED] - AutoEmail = selenium.getEval("{var x="ABCDEFGHIJKLMNOPQRSTUVWXYZabcdefghijklmnopqrstuvwxyz"; var tmp="test."; for (i=0;i<8;i++) tmp+=x.charAt(Math.ceil(51*Math.random()));tmp+="@suryani.cn";}"): null

2019-08-19 05:36:32 - [TEST_STEP][PASSED] - FirstName = FirstName: null

2019-08-19 05:36:32 - [TEST_STEP][PASSED] - LastName = LastName: null

2019-08-19 05:36:32 - [TEST_STEP][PASSED] - Address = Address: null

2019-08-19 05:36:32 - [TEST_STEP][PASSED] - City = City: null

2019-08-19 05:36:32 - [TEST_STEP][PASSED] - Tel = Tel: null

2019-08-19 05:36:32 - [TEST_STEP][PASSED] - AutoEmail = AutoEmail: null

2019-08-19 05:36:32 - [TEST_STEP][PASSED] - println(FirstName): null

2019-08-19 05:36:32 - [TEST_STEP][PASSED] - println(LastName): null

2019-08-19 05:36:32 - [TEST_STEP][PASSED] - println(Address): null

2019-08-19 05:36:32 - [TEST_STEP][PASSED] - println(City): null

2019-08-19 05:36:32 - [TEST_STEP][PASSED] - println(Tel): null

2019-08-19 05:36:32 - [TEST_STEP][PASSED] - println(AutoEmail): null

2019-08-19 05:36:32 - [MESSAGE][PASSED] - Call Test Case 'Test Cases/mobileWeb/_include/name' successfully

2019-08-19 05:36:32 - [TEST_STEP][FAILED] - try: Unable to verify text 'Month Duration Acknowledgement' is present  (Root cause: com.kms.katalon.core.exception.StepFailedException: Text 'Month Duration Acknowledgement' is not present on page )

2019-08-19 05:36:32 - [TEST_STEP][FAILED] - if (verifyTextPresent("Month Duration Acknowledgement", false)): Unable to verify text 'Month Duration Acknowledgement' is present  (Root cause: com.kms.katalon.core.exception.StepFailedException: Text 'Month Duration Acknowledgement' is not present on page )

2019-08-19 05:36:32 - [MESSAGE][FAILED] - Text 'Month Duration Acknowledgement' is not present on page 

2019-08-19 05:36:32 - [MESSAGE][FAILED] - Unable to verify text 'Month Duration Acknowledgement' is present  (Root cause: com.kms.katalon.core.exception.StepFailedException: Text 'Month Duration Acknowledgement' is not present on page )
[[ATTACHMENT|D:\\Test\\AgileTest\\Reports\\mobileWeb\\stm\\20190819_052650\\1566207392478.png]]

2019-08-19 05:36:32 - [TEST_STEP][PASSED] - catch (Exception e): null

2019-08-19 05:36:32 - [TEST_STEP][PASSED] - println("no consecutive"): null

2019-08-19 05:36:32 - [TEST_STEP][PASSED] - waitForPageLoad(10): Wait for page load successfully

2019-08-19 05:36:32 - [MESSAGE][PASSED] - Wait for page load successfully

2019-08-19 05:36:32 - [TEST_STEP][PASSED] - Thread.sleep(3000): null

2019-08-19 05:36:35 - [TEST_STEP][PASSED] - waitForElementVisible(findTestObject("mobileSanity/STM/Page_App Page 1/a_Autofill App Info"), 20): Object 'Object Repository/mobileSanity/STM/Page_App Page 1/a_Autofill App Info' is visible

2019-08-19 05:36:35 - [MESSAGE][PASSED] - Object 'Object Repository/mobileSanity/STM/Page_App Page 1/a_Autofill App Info' is visible

2019-08-19 05:36:35 - [TEST_STEP][PASSED] - click(findTestObject("mobileSanity/STM/Page_App Page 1/a_Autofill App Info")): Object: 'Object Repository/mobileSanity/STM/Page_App Page 1/a_Autofill App Info' is clicked on

2019-08-19 05:36:36 - [MESSAGE][PASSED] - Object: 'Object Repository/mobileSanity/STM/Page_App Page 1/a_Autofill App Info' is clicked on

2019-08-19 05:36:36 - [TEST_STEP][PASSED] - Thread.sleep(1000): null

2019-08-19 05:36:37 - [TEST_STEP][PASSED] - click(findTestObject("mobileSanity/STM/Page_App Page 1/a_Autofill App Info")): Object: 'Object Repository/mobileSanity/STM/Page_App Page 1/a_Autofill App Info' is clicked on

2019-08-19 05:36:37 - [MESSAGE][PASSED] - Object: 'Object Repository/mobileSanity/STM/Page_App Page 1/a_Autofill App Info' is clicked on

2019-08-19 05:36:37 - [TEST_STEP][PASSED] - Thread.sleep(1000): null

2019-08-19 05:36:38 - [TEST_STEP][PASSED] - waitForElementVisible(findTestObject("mobileSanity/STM/Page_App Page 1/a_Continue"), 20): Object 'Object Repository/mobileSanity/STM/Page_App Page 1/a_Continue' is visible

2019-08-19 05:36:38 - [MESSAGE][PASSED] - Object 'Object Repository/mobileSanity/STM/Page_App Page 1/a_Continue' is visible

2019-08-19 05:36:38 - [TEST_STEP][PASSED] - click(findTestObject("mobileSanity/STM/Page_App Page 1/a_Continue")): Object: 'Object Repository/mobileSanity/STM/Page_App Page 1/a_Continue' is clicked on

2019-08-19 05:36:38 - [MESSAGE][PASSED] - Object: 'Object Repository/mobileSanity/STM/Page_App Page 1/a_Continue' is clicked on

2019-08-19 05:36:38 - [TEST_STEP][PASSED] - waitForPageLoad(20): Wait for page load successfully

2019-08-19 05:36:38 - [MESSAGE][PASSED] - Wait for page load successfully

2019-08-19 05:36:38 - [TEST_STEP][PASSED] - Thread.sleep(2000): null

2019-08-19 05:36:40 - [TEST_STEP][PASSED] - callTestCase(findTestCase("mobileWeb/_include/get_screenshot"), [:], STOP_ON_FAILURE): Call Test Case 'Test Cases/mobileWeb/_include/get_screenshot' successfully

2019-08-19 05:36:41 - [TEST_CASE][PASSED] - Test Cases/mobileWeb/_include/get_screenshot: Test Cases/mobileWeb/_include/get_screenshot

2019-08-19 05:36:41 - [TEST_STEP][PASSED] - takeScreenshot(screenPath + i + ".png"): Taking screenshot successfully

2019-08-19 05:36:41 - [MESSAGE][PASSED] - Taking screenshot successfully
[[ATTACHMENT|D:\\Test\\AgileTest\\Reports\\mobileWeb\\stm\\20190819_052650\\../Screenshots/iPhone 6/stm/LifeShield/20190819_053548/7.png]]

2019-08-19 05:36:41 - [TEST_STEP][PASSED] - (internal.GlobalVariable.i++): null

2019-08-19 05:36:41 - [MESSAGE][PASSED] - Call Test Case 'Test Cases/mobileWeb/_include/get_screenshot' successfully

2019-08-19 05:36:41 - [TEST_STEP][PASSED] - click(findTestObject("mobileSanity/STM/Page_App Page 2/a_Continue to Step 3 - Payment")): Object: 'Object Repository/mobileSanity/STM/Page_App Page 2/a_Continue to Step 3 - Payment' is clicked on

2019-08-19 05:36:41 - [MESSAGE][PASSED] - Object: 'Object Repository/mobileSanity/STM/Page_App Page 2/a_Continue to Step 3 - Payment' is clicked on

2019-08-19 05:36:41 - [TEST_STEP][PASSED] - waitForPageLoad(20): Wait for page load successfully

2019-08-19 05:36:41 - [MESSAGE][PASSED] - Wait for page load successfully

2019-08-19 05:36:41 - [TEST_STEP][PASSED] - waitForElementVisible(findTestObject("mobileSanity/STM/Page_App Page 3/input__credit-card-cvv"), 20): Object 'Object Repository/mobileSanity/STM/Page_App Page 3/input__credit-card-cvv' is visible

2019-08-19 05:36:42 - [MESSAGE][PASSED] - Object 'Object Repository/mobileSanity/STM/Page_App Page 3/input__credit-card-cvv' is visible

2019-08-19 05:36:42 - [TEST_STEP][PASSED] - Thread.sleep(2000): null

2019-08-19 05:36:44 - [TEST_STEP][PASSED] - callTestCase(findTestCase("mobileWeb/_include/get_screenshot"), [:], STOP_ON_FAILURE): Call Test Case 'Test Cases/mobileWeb/_include/get_screenshot' successfully

2019-08-19 05:36:44 - [TEST_CASE][PASSED] - Test Cases/mobileWeb/_include/get_screenshot: Test Cases/mobileWeb/_include/get_screenshot

2019-08-19 05:36:44 - [TEST_STEP][PASSED] - takeScreenshot(screenPath + i + ".png"): Taking screenshot successfully

2019-08-19 05:36:44 - [MESSAGE][PASSED] - Taking screenshot successfully
[[ATTACHMENT|D:\\Test\\AgileTest\\Reports\\mobileWeb\\stm\\20190819_052650\\../Screenshots/iPhone 6/stm/LifeShield/20190819_053548/8.png]]

2019-08-19 05:36:44 - [TEST_STEP][PASSED] - (internal.GlobalVariable.i++): null

2019-08-19 05:36:44 - [MESSAGE][PASSED] - Call Test Case 'Test Cases/mobileWeb/_include/get_screenshot' successfully

2019-08-19 05:36:44 - [TEST_STEP][PASSED] - clearText(findTestObject("mobileSanity/STM/Page_App Page 3/input__credit-card-cvv")): Text of object 'Object Repository/mobileSanity/STM/Page_App Page 3/input__credit-card-cvv' is cleared

2019-08-19 05:36:44 - [MESSAGE][PASSED] - Text of object 'Object Repository/mobileSanity/STM/Page_App Page 3/input__credit-card-cvv' is cleared

2019-08-19 05:36:44 - [TEST_STEP][PASSED] - setText(findTestObject("mobileSanity/STM/Page_App Page 3/input__credit-card-cvv"), "123"): Text '123' is set on object 'Object Repository/mobileSanity/STM/Page_App Page 3/input__credit-card-cvv'

2019-08-19 05:36:45 - [MESSAGE][PASSED] - Text '123' is set on object 'Object Repository/mobileSanity/STM/Page_App Page 3/input__credit-card-cvv'

2019-08-19 05:36:45 - [TEST_STEP][PASSED] - click(findTestObject("mobileSanity/STM/Page_App Page 3/label_I Accept Authorization f")): Object: 'Object Repository/mobileSanity/STM/Page_App Page 3/label_I Accept Authorization f' is clicked on

2019-08-19 05:36:45 - [MESSAGE][PASSED] - Object: 'Object Repository/mobileSanity/STM/Page_App Page 3/label_I Accept Authorization f' is clicked on

2019-08-19 05:36:45 - [TEST_STEP][PASSED] - click(findTestObject("mobileSanity/STM/Page_App Page 3/a_Continue to Step 4 - Review")): Object: 'Object Repository/mobileSanity/STM/Page_App Page 3/a_Continue to Step 4 - Review' is clicked on

2019-08-19 05:36:45 - [MESSAGE][PASSED] - Object: 'Object Repository/mobileSanity/STM/Page_App Page 3/a_Continue to Step 4 - Review' is clicked on

2019-08-19 05:36:45 - [TEST_STEP][PASSED] - waitForPageLoad(10): Wait for page load successfully

2019-08-19 05:36:45 - [MESSAGE][PASSED] - Wait for page load successfully

2019-08-19 05:36:45 - [TEST_STEP][PASSED] - waitForElementClickable(findTestObject("mobileSanity/STM/Page_App Page 4/label"), 10): Object 'Object Repository/mobileSanity/STM/Page_App Page 4/label' is clickable

2019-08-19 05:36:45 - [MESSAGE][PASSED] - Object 'Object Repository/mobileSanity/STM/Page_App Page 4/label' is clickable

2019-08-19 05:36:45 - [TEST_STEP][PASSED] - Thread.sleep(2000): null

2019-08-19 05:36:47 - [TEST_STEP][PASSED] - callTestCase(findTestCase("mobileWeb/_include/get_screenshot"), [:], STOP_ON_FAILURE): Call Test Case 'Test Cases/mobileWeb/_include/get_screenshot' successfully

2019-08-19 05:36:47 - [TEST_CASE][PASSED] - Test Cases/mobileWeb/_include/get_screenshot: Test Cases/mobileWeb/_include/get_screenshot

2019-08-19 05:36:47 - [TEST_STEP][PASSED] - takeScreenshot(screenPath + i + ".png"): Taking screenshot successfully

2019-08-19 05:36:48 - [MESSAGE][PASSED] - Taking screenshot successfully
[[ATTACHMENT|D:\\Test\\AgileTest\\Reports\\mobileWeb\\stm\\20190819_052650\\../Screenshots/iPhone 6/stm/LifeShield/20190819_053548/9.png]]

2019-08-19 05:36:48 - [TEST_STEP][PASSED] - (internal.GlobalVariable.i++): null

2019-08-19 05:36:48 - [MESSAGE][PASSED] - Call Test Case 'Test Cases/mobileWeb/_include/get_screenshot' successfully

2019-08-19 05:36:48 - [TEST_STEP][PASSED] - click(findTestObject("mobileSanity/STM/Page_App Page 4/label")): Object: 'Object Repository/mobileSanity/STM/Page_App Page 4/label' is clicked on

2019-08-19 05:36:48 - [MESSAGE][PASSED] - Object: 'Object Repository/mobileSanity/STM/Page_App Page 4/label' is clicked on

2019-08-19 05:36:48 - [TEST_STEP][FAILED] - click(findTestObject("mobileSanity/STM/Page_App Page 4/div_CLICK TO SIGN")): click(findTestObject("mobileSanity/STM/Page_App Page 4/div_CLICK TO SIGN")) FAILED.
Reason:
com.kms.katalon.core.exception.StepFailedException: Unable to click on object 'Object Repository/mobileSanity/STM/Page_App Page 4/div_CLICK TO SIGN' (Root cause: com.kms.katalon.core.webui.exception.WebElementNotFoundException: Web element with id: 'Object Repository/mobileSanity/STM/Page_App Page 4/div_CLICK TO SIGN' located by 'By.xpath: //div[@id = 'js-signature-tab' and (text() = 'CLICK TO SIGN↓' or . = 'CLICK TO SIGN↓')]' not found)
	at com.kms.katalon.core.keyword.internal.KeywordMain.stepFailed(KeywordMain.groovy:36)
	at com.kms.katalon.core.webui.keyword.internal.WebUIKeywordMain.stepFailed(WebUIKeywordMain.groovy:65)
	at com.kms.katalon.core.webui.keyword.internal.WebUIKeywordMain.runKeyword(WebUIKeywordMain.groovy:27)
	at com.kms.katalon.core.webui.keyword.builtin.ClickKeyword.click(ClickKeyword.groovy:86)
	at com.kms.katalon.core.webui.keyword.builtin.ClickKeyword.execute(ClickKeyword.groovy:67)
	at com.kms.katalon.core.keyword.internal.KeywordExecutor.executeKeywordForPlatform(KeywordExecutor.groovy:53)
	at com.kms.katalon.core.webui.keyword.WebUiBuiltInKeywords.click(WebUiBuiltInKeywords.groovy:616)
	at com.kms.katalon.core.webui.keyword.WebUiBuiltInKeywords$click$3.call(Unknown Source)
	at goToEnd_stm_autofill.run(goToEnd_stm_autofill:89)
	at com.kms.katalon.core.main.ScriptEngine.run(ScriptEngine.java:194)
	at com.kms.katalon.core.main.ScriptEngine.runScriptAsRawText(ScriptEngine.java:119)
	at com.kms.katalon.core.main.TestCaseExecutor.runScript(TestCaseExecutor.java:328)
	at com.kms.katalon.core.main.TestCaseExecutor.doExecute(TestCaseExecutor.java:319)
	at com.kms.katalon.core.main.TestCaseExecutor.processExecutionPhase(TestCaseExecutor.java:298)
	at com.kms.katalon.core.main.TestCaseExecutor.accessMainPhase(TestCaseExecutor.java:290)
	at com.kms.katalon.core.main.TestCaseExecutor.execute(TestCaseExecutor.java:224)
	at com.kms.katalon.core.main.TestCaseMain.runTestCase(TestCaseMain.java:106)
	at com.kms.katalon.core.keyword.builtin.CallTestCaseKeyword$_callTestCase_closure1.doCall(CallTestCaseKeyword.groovy:59)
	at com.kms.katalon.core.keyword.builtin.CallTestCaseKeyword$_callTestCase_closure1.call(CallTestCaseKeyword.groovy)
	at com.kms.katalon.core.keyword.internal.KeywordMain.runKeyword(KeywordMain.groovy:54)
	at com.kms.katalon.core.keyword.builtin.CallTestCaseKeyword.callTestCase(CallTestCaseKeyword.groovy:80)
	at com.kms.katalon.core.keyword.builtin.CallTestCaseKeyword.execute(CallTestCaseKeyword.groovy:44)
	at com.kms.katalon.core.keyword.internal.KeywordExecutor.executeKeywordForPlatform(KeywordExecutor.groovy:53)
	at com.kms.katalon.core.keyword.BuiltinKeywords.callTestCase(BuiltinKeywords.groovy:334)
	at LifeShield.run(LifeShield:31)
	at com.kms.katalon.core.main.ScriptEngine.run(ScriptEngine.java:194)
	at com.kms.katalon.core.main.ScriptEngine.runScriptAsRawText(ScriptEngine.java:119)
	at com.kms.katalon.core.main.TestCaseExecutor.runScript(TestCaseExecutor.java:328)
	at com.kms.katalon.core.main.TestCaseExecutor.doExecute(TestCaseExecutor.java:319)
	at com.kms.katalon.core.main.TestCaseExecutor.processExecutionPhase(TestCaseExecutor.java:298)
	at com.kms.katalon.core.main.TestCaseExecutor.accessMainPhase(TestCaseExecutor.java:290)
	at com.kms.katalon.core.main.TestCaseExecutor.execute(TestCaseExecutor.java:224)
	at com.kms.katalon.core.main.TestSuiteExecutor.accessTestCaseMainPhase(TestSuiteExecutor.java:129)
	at com.kms.katalon.core.main.TestSuiteExecutor.accessTestSuiteMainPhase(TestSuiteExecutor.java:112)
	at com.kms.katalon.core.main.TestSuiteExecutor.execute(TestSuiteExecutor.java:81)
	at com.kms.katalon.core.main.TestCaseMain.startTestSuite(TestCaseMain.java:149)
	at com.kms.katalon.core.main.TestCaseMain$startTestSuite$0.call(Unknown Source)
	at TempTestSuite1566206810208.run(TempTestSuite1566206810208.groovy:36)


2019-08-19 05:37:12 - [MESSAGE][INFO] - Unable to find the element located by 'By.xpath: //div[@id = 'js-signature-tab' and (text() = 'CLICK TO SIGN↓' or . = 'CLICK TO SIGN↓')]'. Please recheck the objects properties to make sure the desired element is located. 

2019-08-19 05:37:12 - [MESSAGE][FAILED] - Unable to click on object 'Object Repository/mobileSanity/STM/Page_App Page 4/div_CLICK TO SIGN' (Root cause: com.kms.katalon.core.webui.exception.WebElementNotFoundException: Web element with id: 'Object Repository/mobileSanity/STM/Page_App Page 4/div_CLICK TO SIGN' located by 'By.xpath: //div[@id = 'js-signature-tab' and (text() = 'CLICK TO SIGN↓' or . = 'CLICK TO SIGN↓')]' not found)
[[ATTACHMENT|D:\\Test\\AgileTest\\Reports\\mobileWeb\\stm\\20190819_052650\\1566207432590.png]]

2019-08-19 05:37:12 - [MESSAGE][FAILED] - click(findTestObject("mobileSanity/STM/Page_App Page 4/div_CLICK TO SIGN")) FAILED.
Reason:
com.kms.katalon.core.exception.StepFailedException: Unable to click on object 'Object Repository/mobileSanity/STM/Page_App Page 4/div_CLICK TO SIGN' (Root cause: com.kms.katalon.core.webui.exception.WebElementNotFoundException: Web element with id: 'Object Repository/mobileSanity/STM/Page_App Page 4/div_CLICK TO SIGN' located by 'By.xpath: //div[@id = 'js-signature-tab' and (text() = 'CLICK TO SIGN↓' or . = 'CLICK TO SIGN↓')]' not found)
	at com.kms.katalon.core.keyword.internal.KeywordMain.stepFailed(KeywordMain.groovy:36)
	at com.kms.katalon.core.webui.keyword.internal.WebUIKeywordMain.stepFailed(WebUIKeywordMain.groovy:65)
	at com.kms.katalon.core.webui.keyword.internal.WebUIKeywordMain.runKeyword(WebUIKeywordMain.groovy:27)
	at com.kms.katalon.core.webui.keyword.builtin.ClickKeyword.click(ClickKeyword.groovy:86)
	at com.kms.katalon.core.webui.keyword.builtin.ClickKeyword.execute(ClickKeyword.groovy:67)
	at com.kms.katalon.core.keyword.internal.KeywordExecutor.executeKeywordForPlatform(KeywordExecutor.groovy:53)
	at com.kms.katalon.core.webui.keyword.WebUiBuiltInKeywords.click(WebUiBuiltInKeywords.groovy:616)
	at com.kms.katalon.core.webui.keyword.WebUiBuiltInKeywords$click$3.call(Unknown Source)
	at goToEnd_stm_autofill.run(goToEnd_stm_autofill:89)
	at com.kms.katalon.core.main.ScriptEngine.run(ScriptEngine.java:194)
	at com.kms.katalon.core.main.ScriptEngine.runScriptAsRawText(ScriptEngine.java:119)
	at com.kms.katalon.core.main.TestCaseExecutor.runScript(TestCaseExecutor.java:328)
	at com.kms.katalon.core.main.TestCaseExecutor.doExecute(TestCaseExecutor.java:319)
	at com.kms.katalon.core.main.TestCaseExecutor.processExecutionPhase(TestCaseExecutor.java:298)
	at com.kms.katalon.core.main.TestCaseExecutor.accessMainPhase(TestCaseExecutor.java:290)
	at com.kms.katalon.core.main.TestCaseExecutor.execute(TestCaseExecutor.java:224)
	at com.kms.katalon.core.main.TestCaseMain.runTestCase(TestCaseMain.java:106)
	at com.kms.katalon.core.keyword.builtin.CallTestCaseKeyword$_callTestCase_closure1.doCall(CallTestCaseKeyword.groovy:59)
	at com.kms.katalon.core.keyword.builtin.CallTestCaseKeyword$_callTestCase_closure1.call(CallTestCaseKeyword.groovy)
	at com.kms.katalon.core.keyword.internal.KeywordMain.runKeyword(KeywordMain.groovy:54)
	at com.kms.katalon.core.keyword.builtin.CallTestCaseKeyword.callTestCase(CallTestCaseKeyword.groovy:80)
	at com.kms.katalon.core.keyword.builtin.CallTestCaseKeyword.execute(CallTestCaseKeyword.groovy:44)
	at com.kms.katalon.core.keyword.internal.KeywordExecutor.executeKeywordForPlatform(KeywordExecutor.groovy:53)
	at com.kms.katalon.core.keyword.BuiltinKeywords.callTestCase(BuiltinKeywords.groovy:334)
	at LifeShield.run(LifeShield:31)
	at com.kms.katalon.core.main.ScriptEngine.run(ScriptEngine.java:194)
	at com.kms.katalon.core.main.ScriptEngine.runScriptAsRawText(ScriptEngine.java:119)
	at com.kms.katalon.core.main.TestCaseExecutor.runScript(TestCaseExecutor.java:328)
	at com.kms.katalon.core.main.TestCaseExecutor.doExecute(TestCaseExecutor.java:319)
	at com.kms.katalon.core.main.TestCaseExecutor.processExecutionPhase(TestCaseExecutor.java:298)
	at com.kms.katalon.core.main.TestCaseExecutor.accessMainPhase(TestCaseExecutor.java:290)
	at com.kms.katalon.core.main.TestCaseExecutor.execute(TestCaseExecutor.java:224)
	at com.kms.katalon.core.main.TestSuiteExecutor.accessTestCaseMainPhase(TestSuiteExecutor.java:129)
	at com.kms.katalon.core.main.TestSuiteExecutor.accessTestSuiteMainPhase(TestSuiteExecutor.java:112)
	at com.kms.katalon.core.main.TestSuiteExecutor.execute(TestSuiteExecutor.java:81)
	at com.kms.katalon.core.main.TestCaseMain.startTestSuite(TestCaseMain.java:149)
	at com.kms.katalon.core.main.TestCaseMain$startTestSuite$0.call(Unknown Source)
	at TempTestSuite1566206810208.run(TempTestSuite1566206810208.groovy:36)


2019-08-19 05:37:12 - [MESSAGE][FAILED] - Unable to call Test Case 'Test Cases/mobileWeb/_include/goToEnd_stm_autofill' (Root cause: com.kms.katalon.core.exception.StepFailedException: Call Test Case 'Test Cases/mobileWeb/_include/goToEnd_stm_autofill' failed)

2019-08-19 05:37:12 - [MESSAGE][FAILED] - callTestCase(findTestCase("mobileWeb/_include/goToEnd_stm_autofill"), [:], STOP_ON_FAILURE) FAILED.
Reason:
com.kms.katalon.core.exception.StepFailedException: Unable to click on object 'Object Repository/mobileSanity/STM/Page_App Page 4/div_CLICK TO SIGN' (Root cause: com.kms.katalon.core.webui.exception.WebElementNotFoundException: Web element with id: 'Object Repository/mobileSanity/STM/Page_App Page 4/div_CLICK TO SIGN' located by 'By.xpath: //div[@id = 'js-signature-tab' and (text() = 'CLICK TO SIGN↓' or . = 'CLICK TO SIGN↓')]' not found)
	at com.kms.katalon.core.keyword.internal.KeywordMain.stepFailed(KeywordMain.groovy:36)
	at com.kms.katalon.core.webui.keyword.internal.WebUIKeywordMain.stepFailed(WebUIKeywordMain.groovy:65)
	at com.kms.katalon.core.webui.keyword.internal.WebUIKeywordMain.runKeyword(WebUIKeywordMain.groovy:27)
	at com.kms.katalon.core.webui.keyword.builtin.ClickKeyword.click(ClickKeyword.groovy:86)
	at com.kms.katalon.core.webui.keyword.builtin.ClickKeyword.execute(ClickKeyword.groovy:67)
	at com.kms.katalon.core.keyword.internal.KeywordExecutor.executeKeywordForPlatform(KeywordExecutor.groovy:53)
	at com.kms.katalon.core.webui.keyword.WebUiBuiltInKeywords.click(WebUiBuiltInKeywords.groovy:616)
	at com.kms.katalon.core.webui.keyword.WebUiBuiltInKeywords$click$3.call(Unknown Source)
	at goToEnd_stm_autofill.run(goToEnd_stm_autofill:89)
	at com.kms.katalon.core.main.ScriptEngine.run(ScriptEngine.java:194)
	at com.kms.katalon.core.main.ScriptEngine.runScriptAsRawText(ScriptEngine.java:119)
	at com.kms.katalon.core.main.TestCaseExecutor.runScript(TestCaseExecutor.java:328)
	at com.kms.katalon.core.main.TestCaseExecutor.doExecute(TestCaseExecutor.java:319)
	at com.kms.katalon.core.main.TestCaseExecutor.processExecutionPhase(TestCaseExecutor.java:298)
	at com.kms.katalon.core.main.TestCaseExecutor.accessMainPhase(TestCaseExecutor.java:290)
	at com.kms.katalon.core.main.TestCaseExecutor.execute(TestCaseExecutor.java:224)
	at com.kms.katalon.core.main.TestCaseMain.runTestCase(TestCaseMain.java:106)
	at com.kms.katalon.core.keyword.builtin.CallTestCaseKeyword$_callTestCase_closure1.doCall(CallTestCaseKeyword.groovy:59)
	at com.kms.katalon.core.keyword.builtin.CallTestCaseKeyword$_callTestCase_closure1.call(CallTestCaseKeyword.groovy)
	at com.kms.katalon.core.keyword.internal.KeywordMain.runKeyword(KeywordMain.groovy:54)
	at com.kms.katalon.core.keyword.builtin.CallTestCaseKeyword.callTestCase(CallTestCaseKeyword.groovy:80)
	at com.kms.katalon.core.keyword.builtin.CallTestCaseKeyword.execute(CallTestCaseKeyword.groovy:44)
	at com.kms.katalon.core.keyword.internal.KeywordExecutor.executeKeywordForPlatform(KeywordExecutor.groovy:53)
	at com.kms.katalon.core.keyword.BuiltinKeywords.callTestCase(BuiltinKeywords.groovy:334)
	at LifeShield.run(LifeShield:31)
	at com.kms.katalon.core.main.ScriptEngine.run(ScriptEngine.java:194)
	at com.kms.katalon.core.main.ScriptEngine.runScriptAsRawText(ScriptEngine.java:119)
	at com.kms.katalon.core.main.TestCaseExecutor.runScript(TestCaseExecutor.java:328)
	at com.kms.katalon.core.main.TestCaseExecutor.doExecute(TestCaseExecutor.java:319)
	at com.kms.katalon.core.main.TestCaseExecutor.processExecutionPhase(TestCaseExecutor.java:298)
	at com.kms.katalon.core.main.TestCaseExecutor.accessMainPhase(TestCaseExecutor.java:290)
	at com.kms.katalon.core.main.TestCaseExecutor.execute(TestCaseExecutor.java:224)
	at com.kms.katalon.core.main.TestSuiteExecutor.accessTestCaseMainPhase(TestSuiteExecutor.java:129)
	at com.kms.katalon.core.main.TestSuiteExecutor.accessTestSuiteMainPhase(TestSuiteExecutor.java:112)
	at com.kms.katalon.core.main.TestSuiteExecutor.execute(TestSuiteExecutor.java:81)
	at com.kms.katalon.core.main.TestCaseMain.startTestSuite(TestCaseMain.java:149)
	at com.kms.katalon.core.main.TestCaseMain$startTestSuite$0.call(Unknown Source)
	at TempTestSuite1566206810208.run(TempTestSuite1566206810208.groovy:36)]]></system-out>
         <system-err><![CDATA[2019-08-19 05:35:48 - [TEST_CASE][FAILED] - Test Cases/mobileWeb/stm/LifeShield: Test Cases/mobileWeb/stm/LifeShield FAILED.
Reason:
com.kms.katalon.core.exception.StepFailedException: Unable to click on object 'Object Repository/mobileSanity/STM/Page_App Page 4/div_CLICK TO SIGN' (Root cause: com.kms.katalon.core.webui.exception.WebElementNotFoundException: Web element with id: 'Object Repository/mobileSanity/STM/Page_App Page 4/div_CLICK TO SIGN' located by 'By.xpath: //div[@id = 'js-signature-tab' and (text() = 'CLICK TO SIGN↓' or . = 'CLICK TO SIGN↓')]' not found)
	at com.kms.katalon.core.keyword.internal.KeywordMain.stepFailed(KeywordMain.groovy:36)
	at com.kms.katalon.core.webui.keyword.internal.WebUIKeywordMain.stepFailed(WebUIKeywordMain.groovy:65)
	at com.kms.katalon.core.webui.keyword.internal.WebUIKeywordMain.runKeyword(WebUIKeywordMain.groovy:27)
	at com.kms.katalon.core.webui.keyword.builtin.ClickKeyword.click(ClickKeyword.groovy:86)
	at com.kms.katalon.core.webui.keyword.builtin.ClickKeyword.execute(ClickKeyword.groovy:67)
	at com.kms.katalon.core.keyword.internal.KeywordExecutor.executeKeywordForPlatform(KeywordExecutor.groovy:53)
	at com.kms.katalon.core.webui.keyword.WebUiBuiltInKeywords.click(WebUiBuiltInKeywords.groovy:616)
	at com.kms.katalon.core.webui.keyword.WebUiBuiltInKeywords$click$3.call(Unknown Source)
	at goToEnd_stm_autofill.run(goToEnd_stm_autofill:89)
	at com.kms.katalon.core.main.ScriptEngine.run(ScriptEngine.java:194)
	at com.kms.katalon.core.main.ScriptEngine.runScriptAsRawText(ScriptEngine.java:119)
	at com.kms.katalon.core.main.TestCaseExecutor.runScript(TestCaseExecutor.java:328)
	at com.kms.katalon.core.main.TestCaseExecutor.doExecute(TestCaseExecutor.java:319)
	at com.kms.katalon.core.main.TestCaseExecutor.processExecutionPhase(TestCaseExecutor.java:298)
	at com.kms.katalon.core.main.TestCaseExecutor.accessMainPhase(TestCaseExecutor.java:290)
	at com.kms.katalon.core.main.TestCaseExecutor.execute(TestCaseExecutor.java:224)
	at com.kms.katalon.core.main.TestCaseMain.runTestCase(TestCaseMain.java:106)
	at com.kms.katalon.core.keyword.builtin.CallTestCaseKeyword$_callTestCase_closure1.doCall(CallTestCaseKeyword.groovy:59)
	at com.kms.katalon.core.keyword.builtin.CallTestCaseKeyword$_callTestCase_closure1.call(CallTestCaseKeyword.groovy)
	at com.kms.katalon.core.keyword.internal.KeywordMain.runKeyword(KeywordMain.groovy:54)
	at com.kms.katalon.core.keyword.builtin.CallTestCaseKeyword.callTestCase(CallTestCaseKeyword.groovy:80)
	at com.kms.katalon.core.keyword.builtin.CallTestCaseKeyword.execute(CallTestCaseKeyword.groovy:44)
	at com.kms.katalon.core.keyword.internal.KeywordExecutor.executeKeywordForPlatform(KeywordExecutor.groovy:53)
	at com.kms.katalon.core.keyword.BuiltinKeywords.callTestCase(BuiltinKeywords.groovy:334)
	at LifeShield.run(LifeShield:31)
	at com.kms.katalon.core.main.ScriptEngine.run(ScriptEngine.java:194)
	at com.kms.katalon.core.main.ScriptEngine.runScriptAsRawText(ScriptEngine.java:119)
	at com.kms.katalon.core.main.TestCaseExecutor.runScript(TestCaseExecutor.java:328)
	at com.kms.katalon.core.main.TestCaseExecutor.doExecute(TestCaseExecutor.java:319)
	at com.kms.katalon.core.main.TestCaseExecutor.processExecutionPhase(TestCaseExecutor.java:298)
	at com.kms.katalon.core.main.TestCaseExecutor.accessMainPhase(TestCaseExecutor.java:290)
	at com.kms.katalon.core.main.TestCaseExecutor.execute(TestCaseExecutor.java:224)
	at com.kms.katalon.core.main.TestSuiteExecutor.accessTestCaseMainPhase(TestSuiteExecutor.java:129)
	at com.kms.katalon.core.main.TestSuiteExecutor.accessTestSuiteMainPhase(TestSuiteExecutor.java:112)
	at com.kms.katalon.core.main.TestSuiteExecutor.execute(TestSuiteExecutor.java:81)
	at com.kms.katalon.core.main.TestCaseMain.startTestSuite(TestCaseMain.java:149)
	at com.kms.katalon.core.main.TestCaseMain$startTestSuite$0.call(Unknown Source)
	at TempTestSuite1566206810208.run(TempTestSuite1566206810208.groovy:36)]]></system-err>
      </testcase>
      <testcase name="Test Cases/mobileWeb/stm/NationalGeneral" classname="Test Cases/mobileWeb/stm/NationalGeneral" status="FAILED">
         <failure type="FAILED" message="Test Cases/mobileWeb/stm/NationalGeneral FAILED.
Reason:
com.kms.katalon.core.exception.StepFailedException: Unable to click on object 'Object Repository/mobileSanity/STM/Page_App Page 4/div_CLICK TO SIGN' (Root cause: com.kms.katalon.core.webui.exception.WebElementNotFoundException: Web element with id: 'Object Repository/mobileSanity/STM/Page_App Page 4/div_CLICK TO SIGN' located by 'By.xpath: //div[@id = 'js-signature-tab' and (text() = 'CLICK TO SIGN↓' or . = 'CLICK TO SIGN↓')]' not found)
	at com.kms.katalon.core.keyword.internal.KeywordMain.stepFailed(KeywordMain.groovy:36)
	at com.kms.katalon.core.webui.keyword.internal.WebUIKeywordMain.stepFailed(WebUIKeywordMain.groovy:65)
	at com.kms.katalon.core.webui.keyword.internal.WebUIKeywordMain.runKeyword(WebUIKeywordMain.groovy:27)
	at com.kms.katalon.core.webui.keyword.builtin.ClickKeyword.click(ClickKeyword.groovy:86)
	at com.kms.katalon.core.webui.keyword.builtin.ClickKeyword.execute(ClickKeyword.groovy:67)
	at com.kms.katalon.core.keyword.internal.KeywordExecutor.executeKeywordForPlatform(KeywordExecutor.groovy:53)
	at com.kms.katalon.core.webui.keyword.WebUiBuiltInKeywords.click(WebUiBuiltInKeywords.groovy:616)
	at com.kms.katalon.core.webui.keyword.WebUiBuiltInKeywords$click$3.call(Unknown Source)
	at goToEnd_stm_autofill.run(goToEnd_stm_autofill:89)
	at com.kms.katalon.core.main.ScriptEngine.run(ScriptEngine.java:194)
	at com.kms.katalon.core.main.ScriptEngine.runScriptAsRawText(ScriptEngine.java:119)
	at com.kms.katalon.core.main.TestCaseExecutor.runScript(TestCaseExecutor.java:328)
	at com.kms.katalon.core.main.TestCaseExecutor.doExecute(TestCaseExecutor.java:319)
	at com.kms.katalon.core.main.TestCaseExecutor.processExecutionPhase(TestCaseExecutor.java:298)
	at com.kms.katalon.core.main.TestCaseExecutor.accessMainPhase(TestCaseExecutor.java:290)
	at com.kms.katalon.core.main.TestCaseExecutor.execute(TestCaseExecutor.java:224)
	at com.kms.katalon.core.main.TestCaseMain.runTestCase(TestCaseMain.java:106)
	at com.kms.katalon.core.keyword.builtin.CallTestCaseKeyword$_callTestCase_closure1.doCall(CallTestCaseKeyword.groovy:59)
	at com.kms.katalon.core.keyword.builtin.CallTestCaseKeyword$_callTestCase_closure1.call(CallTestCaseKeyword.groovy)
	at com.kms.katalon.core.keyword.internal.KeywordMain.runKeyword(KeywordMain.groovy:54)
	at com.kms.katalon.core.keyword.builtin.CallTestCaseKeyword.callTestCase(CallTestCaseKeyword.groovy:80)
	at com.kms.katalon.core.keyword.builtin.CallTestCaseKeyword.execute(CallTestCaseKeyword.groovy:44)
	at com.kms.katalon.core.keyword.internal.KeywordExecutor.executeKeywordForPlatform(KeywordExecutor.groovy:53)
	at com.kms.katalon.core.keyword.BuiltinKeywords.callTestCase(BuiltinKeywords.groovy:334)
	at NationalGeneral.run(NationalGeneral:31)
	at com.kms.katalon.core.main.ScriptEngine.run(ScriptEngine.java:194)
	at com.kms.katalon.core.main.ScriptEngine.runScriptAsRawText(ScriptEngine.java:119)
	at com.kms.katalon.core.main.TestCaseExecutor.runScript(TestCaseExecutor.java:328)
	at com.kms.katalon.core.main.TestCaseExecutor.doExecute(TestCaseExecutor.java:319)
	at com.kms.katalon.core.main.TestCaseExecutor.processExecutionPhase(TestCaseExecutor.java:298)
	at com.kms.katalon.core.main.TestCaseExecutor.accessMainPhase(TestCaseExecutor.java:290)
	at com.kms.katalon.core.main.TestCaseExecutor.execute(TestCaseExecutor.java:224)
	at com.kms.katalon.core.main.TestSuiteExecutor.accessTestCaseMainPhase(TestSuiteExecutor.java:129)
	at com.kms.katalon.core.main.TestSuiteExecutor.accessTestSuiteMainPhase(TestSuiteExecutor.java:112)
	at com.kms.katalon.core.main.TestSuiteExecutor.execute(TestSuiteExecutor.java:81)
	at com.kms.katalon.core.main.TestCaseMain.startTestSuite(TestCaseMain.java:149)
	at com.kms.katalon.core.main.TestCaseMain$startTestSuite$0.call(Unknown Source)
	at TempTestSuite1566206810208.run(TempTestSuite1566206810208.groovy:36)
"/>
         <system-out><![CDATA[2019-08-19 05:37:12 - [TEST_CASE][FAILED] - Test Cases/mobileWeb/stm/NationalGeneral: Test Cases/mobileWeb/stm/NationalGeneral FAILED.
Reason:
com.kms.katalon.core.exception.StepFailedException: Unable to click on object 'Object Repository/mobileSanity/STM/Page_App Page 4/div_CLICK TO SIGN' (Root cause: com.kms.katalon.core.webui.exception.WebElementNotFoundException: Web element with id: 'Object Repository/mobileSanity/STM/Page_App Page 4/div_CLICK TO SIGN' located by 'By.xpath: //div[@id = 'js-signature-tab' and (text() = 'CLICK TO SIGN↓' or . = 'CLICK TO SIGN↓')]' not found)
	at com.kms.katalon.core.keyword.internal.KeywordMain.stepFailed(KeywordMain.groovy:36)
	at com.kms.katalon.core.webui.keyword.internal.WebUIKeywordMain.stepFailed(WebUIKeywordMain.groovy:65)
	at com.kms.katalon.core.webui.keyword.internal.WebUIKeywordMain.runKeyword(WebUIKeywordMain.groovy:27)
	at com.kms.katalon.core.webui.keyword.builtin.ClickKeyword.click(ClickKeyword.groovy:86)
	at com.kms.katalon.core.webui.keyword.builtin.ClickKeyword.execute(ClickKeyword.groovy:67)
	at com.kms.katalon.core.keyword.internal.KeywordExecutor.executeKeywordForPlatform(KeywordExecutor.groovy:53)
	at com.kms.katalon.core.webui.keyword.WebUiBuiltInKeywords.click(WebUiBuiltInKeywords.groovy:616)
	at com.kms.katalon.core.webui.keyword.WebUiBuiltInKeywords$click$3.call(Unknown Source)
	at goToEnd_stm_autofill.run(goToEnd_stm_autofill:89)
	at com.kms.katalon.core.main.ScriptEngine.run(ScriptEngine.java:194)
	at com.kms.katalon.core.main.ScriptEngine.runScriptAsRawText(ScriptEngine.java:119)
	at com.kms.katalon.core.main.TestCaseExecutor.runScript(TestCaseExecutor.java:328)
	at com.kms.katalon.core.main.TestCaseExecutor.doExecute(TestCaseExecutor.java:319)
	at com.kms.katalon.core.main.TestCaseExecutor.processExecutionPhase(TestCaseExecutor.java:298)
	at com.kms.katalon.core.main.TestCaseExecutor.accessMainPhase(TestCaseExecutor.java:290)
	at com.kms.katalon.core.main.TestCaseExecutor.execute(TestCaseExecutor.java:224)
	at com.kms.katalon.core.main.TestCaseMain.runTestCase(TestCaseMain.java:106)
	at com.kms.katalon.core.keyword.builtin.CallTestCaseKeyword$_callTestCase_closure1.doCall(CallTestCaseKeyword.groovy:59)
	at com.kms.katalon.core.keyword.builtin.CallTestCaseKeyword$_callTestCase_closure1.call(CallTestCaseKeyword.groovy)
	at com.kms.katalon.core.keyword.internal.KeywordMain.runKeyword(KeywordMain.groovy:54)
	at com.kms.katalon.core.keyword.builtin.CallTestCaseKeyword.callTestCase(CallTestCaseKeyword.groovy:80)
	at com.kms.katalon.core.keyword.builtin.CallTestCaseKeyword.execute(CallTestCaseKeyword.groovy:44)
	at com.kms.katalon.core.keyword.internal.KeywordExecutor.executeKeywordForPlatform(KeywordExecutor.groovy:53)
	at com.kms.katalon.core.keyword.BuiltinKeywords.callTestCase(BuiltinKeywords.groovy:334)
	at NationalGeneral.run(NationalGeneral:31)
	at com.kms.katalon.core.main.ScriptEngine.run(ScriptEngine.java:194)
	at com.kms.katalon.core.main.ScriptEngine.runScriptAsRawText(ScriptEngine.java:119)
	at com.kms.katalon.core.main.TestCaseExecutor.runScript(TestCaseExecutor.java:328)
	at com.kms.katalon.core.main.TestCaseExecutor.doExecute(TestCaseExecutor.java:319)
	at com.kms.katalon.core.main.TestCaseExecutor.processExecutionPhase(TestCaseExecutor.java:298)
	at com.kms.katalon.core.main.TestCaseExecutor.accessMainPhase(TestCaseExecutor.java:290)
	at com.kms.katalon.core.main.TestCaseExecutor.execute(TestCaseExecutor.java:224)
	at com.kms.katalon.core.main.TestSuiteExecutor.accessTestCaseMainPhase(TestSuiteExecutor.java:129)
	at com.kms.katalon.core.main.TestSuiteExecutor.accessTestSuiteMainPhase(TestSuiteExecutor.java:112)
	at com.kms.katalon.core.main.TestSuiteExecutor.execute(TestSuiteExecutor.java:81)
	at com.kms.katalon.core.main.TestCaseMain.startTestSuite(TestCaseMain.java:149)
	at com.kms.katalon.core.main.TestCaseMain$startTestSuite$0.call(Unknown Source)
	at TempTestSuite1566206810208.run(TempTestSuite1566206810208.groovy:36)


2019-08-19 05:37:13 - [TEST_STEP][PASSED] - callTestCase(findTestCase("mobileWeb/_include/get_screenPath"), ["productLine":"stm", "carrierName":"National General"], CONTINUE_ON_FAILURE): Call Test Case 'Test Cases/mobileWeb/_include/get_screenPath' successfully

2019-08-19 05:37:13 - [TEST_CASE][PASSED] - Test Cases/mobileWeb/_include/get_screenPath: Test Cases/mobileWeb/_include/get_screenPath

2019-08-19 05:37:13 - [TEST_STEP][PASSED] - m = getExecutionProperties(): null

2019-08-19 05:37:13 - [TEST_STEP][PASSED] - deviceName = get("mobileEmulation").get("deviceName"): null

2019-08-19 05:37:13 - [TEST_STEP][PASSED] - println(deviceName): null

2019-08-19 05:37:13 - [TEST_STEP][PASSED] - now = new java.util.Date(): null

2019-08-19 05:37:13 - [TEST_STEP][PASSED] - mydate = now.format("yyyyMMdd_HHmmss"): null

2019-08-19 05:37:13 - [TEST_STEP][PASSED] - screenPath = "../Screenshots/": null

2019-08-19 05:37:13 - [TEST_STEP][PASSED] - screenPath = screenPath + deviceName + "/" + productLine + "/" + carrierName + "/" + mydate + "/": null

2019-08-19 05:37:13 - [TEST_STEP][PASSED] - println(screenPath): null

2019-08-19 05:37:13 - [MESSAGE][PASSED] - Call Test Case 'Test Cases/mobileWeb/_include/get_screenPath' successfully

2019-08-19 05:37:13 - [TEST_STEP][PASSED] - i = 0: null

2019-08-19 05:37:13 - [TEST_STEP][PASSED] - callTestCase(findTestCase("mobileWeb/_include/openWebSite"), [:], CONTINUE_ON_FAILURE): Call Test Case 'Test Cases/mobileWeb/_include/openWebSite' successfully

2019-08-19 05:37:13 - [TEST_CASE][PASSED] - Test Cases/mobileWeb/_include/openWebSite: Test Cases/mobileWeb/_include/openWebSite

2019-08-19 05:37:13 - [TEST_STEP][PASSED] - openBrowser(env): Browser is opened with url: 'https://praetemptatus.agilehealthinsurance.com'

2019-08-19 05:37:13 - [MESSAGE][WARNING] - A browser is already opened. Closing browser and opening a new one

2019-08-19 05:37:14 - [MESSAGE][INFO] - Starting 'Chrome' driver

2019-08-19 05:37:14 - [MESSAGE][INFO] - User set preference: ['mobileEmulation', '{deviceName=iPhone 6}']

2019-08-19 05:37:14 - [MESSAGE][INFO] - User set preference: ['args', '[--incognito, --aggressive-cache-discard, --window-size=375,677, --no-sandbox]']

2019-08-19 05:37:18 - [MESSAGE][PASSED] - Browser is opened with url: 'https://praetemptatus.agilehealthinsurance.com'

2019-08-19 05:37:18 - [TEST_STEP][PASSED] - waitForPageLoad(20): Wait for page load successfully

2019-08-19 05:37:18 - [MESSAGE][PASSED] - Wait for page load successfully

2019-08-19 05:37:18 - [TEST_STEP][PASSED] - callTestCase(findTestCase("mobileWeb/_include/get_screenshot"), [:], STOP_ON_FAILURE): Call Test Case 'Test Cases/mobileWeb/_include/get_screenshot' successfully

2019-08-19 05:37:18 - [TEST_CASE][PASSED] - Test Cases/mobileWeb/_include/get_screenshot: Test Cases/mobileWeb/_include/get_screenshot

2019-08-19 05:37:18 - [TEST_STEP][PASSED] - takeScreenshot(screenPath + i + ".png"): Taking screenshot successfully

2019-08-19 05:37:21 - [MESSAGE][PASSED] - Taking screenshot successfully
[[ATTACHMENT|D:\\Test\\AgileTest\\Reports\\mobileWeb\\stm\\20190819_052650\\../Screenshots/iPhone 6/stm/National General/20190819_053713/0.png]]

2019-08-19 05:37:21 - [TEST_STEP][PASSED] - (internal.GlobalVariable.i++): null

2019-08-19 05:37:21 - [MESSAGE][PASSED] - Call Test Case 'Test Cases/mobileWeb/_include/get_screenshot' successfully

2019-08-19 05:37:21 - [MESSAGE][PASSED] - Call Test Case 'Test Cases/mobileWeb/_include/openWebSite' successfully

2019-08-19 05:37:21 - [TEST_STEP][PASSED] - callTestCase(findTestCase("mobileWeb/_include/census_stm"), [:], CONTINUE_ON_FAILURE): Call Test Case 'Test Cases/mobileWeb/_include/census_stm' successfully

2019-08-19 05:37:21 - [TEST_CASE][PASSED] - Test Cases/mobileWeb/_include/census_stm: Test Cases/mobileWeb/_include/census_stm

2019-08-19 05:37:21 - [TEST_STEP][PASSED] - waitForElementClickable(findTestObject("mobileSanity/STM/Home Page/a_Quote  Save Today"), 10): Object 'Object Repository/mobileSanity/STM/Home Page/a_Quote  Save Today' is clickable

2019-08-19 05:37:22 - [MESSAGE][PASSED] - Object 'Object Repository/mobileSanity/STM/Home Page/a_Quote  Save Today' is clickable

2019-08-19 05:37:22 - [TEST_STEP][PASSED] - click(findTestObject("mobileSanity/STM/Home Page/a_Quote  Save Today")): Object: 'Object Repository/mobileSanity/STM/Home Page/a_Quote  Save Today' is clicked on

2019-08-19 05:37:23 - [MESSAGE][PASSED] - Object: 'Object Repository/mobileSanity/STM/Home Page/a_Quote  Save Today' is clicked on

2019-08-19 05:37:23 - [TEST_STEP][PASSED] - waitForPageLoad(10): Wait for page load successfully

2019-08-19 05:37:23 - [MESSAGE][PASSED] - Wait for page load successfully

2019-08-19 05:37:23 - [TEST_STEP][PASSED] - callTestCase(findTestCase("mobileWeb/_include/get_screenshot"), [:], STOP_ON_FAILURE): Call Test Case 'Test Cases/mobileWeb/_include/get_screenshot' successfully

2019-08-19 05:37:23 - [TEST_CASE][PASSED] - Test Cases/mobileWeb/_include/get_screenshot: Test Cases/mobileWeb/_include/get_screenshot

2019-08-19 05:37:23 - [TEST_STEP][PASSED] - takeScreenshot(screenPath + i + ".png"): Taking screenshot successfully

2019-08-19 05:37:24 - [MESSAGE][PASSED] - Taking screenshot successfully
[[ATTACHMENT|D:\\Test\\AgileTest\\Reports\\mobileWeb\\stm\\20190819_052650\\../Screenshots/iPhone 6/stm/National General/20190819_053713/1.png]]

2019-08-19 05:37:24 - [TEST_STEP][PASSED] - (internal.GlobalVariable.i++): null

2019-08-19 05:37:24 - [MESSAGE][PASSED] - Call Test Case 'Test Cases/mobileWeb/_include/get_screenshot' successfully

2019-08-19 05:37:24 - [TEST_STEP][PASSED] - setText(findTestObject("mobileSanity/STM/STM Census Page/input_Location_zip-input"), zipcode): Text '35215' is set on object 'Object Repository/mobileSanity/STM/STM Census Page/input_Location_zip-input'

2019-08-19 05:37:25 - [MESSAGE][PASSED] - Text '35215' is set on object 'Object Repository/mobileSanity/STM/STM Census Page/input_Location_zip-input'

2019-08-19 05:37:25 - [TEST_STEP][PASSED] - Thread.sleep(500): null

2019-08-19 05:37:26 - [TEST_STEP][PASSED] - setText(findTestObject("mobileSanity/STM/STM Census Page/input_Date of Birth_dob-0"), "03031987"): Text '03031987' is set on object 'Object Repository/mobileSanity/STM/STM Census Page/input_Date of Birth_dob-0'

2019-08-19 05:37:27 - [MESSAGE][PASSED] - Text '03031987' is set on object 'Object Repository/mobileSanity/STM/STM Census Page/input_Date of Birth_dob-0'

2019-08-19 05:37:27 - [TEST_STEP][PASSED] - click(findTestObject("mobileSanity/STM/STM Census Page/label_Male")): Object: 'Object Repository/mobileSanity/STM/STM Census Page/label_Male' is clicked on

2019-08-19 05:37:27 - [MESSAGE][PASSED] - Object: 'Object Repository/mobileSanity/STM/STM Census Page/label_Male' is clicked on

2019-08-19 05:37:27 - [TEST_STEP][PASSED] - click(findTestObject("mobileSanity/STM/STM Census Page/label_Compare Plans")): Object: 'Object Repository/mobileSanity/STM/STM Census Page/label_Compare Plans' is clicked on

2019-08-19 05:37:30 - [MESSAGE][PASSED] - Object: 'Object Repository/mobileSanity/STM/STM Census Page/label_Compare Plans' is clicked on

2019-08-19 05:37:30 - [TEST_STEP][PASSED] - waitForElementVisible(findTestObject("mobileSanity/STM/STM Quote Page/button_sort"), 20): Object 'Object Repository/mobileSanity/STM/STM Quote Page/button_sort' is visible

2019-08-19 05:37:32 - [MESSAGE][PASSED] - Object 'Object Repository/mobileSanity/STM/STM Quote Page/button_sort' is visible

2019-08-19 05:37:32 - [TEST_STEP][PASSED] - Thread.sleep(3000): null

2019-08-19 05:37:35 - [TEST_STEP][PASSED] - callTestCase(findTestCase("mobileWeb/_include/get_screenshot"), [:], STOP_ON_FAILURE): Call Test Case 'Test Cases/mobileWeb/_include/get_screenshot' successfully

2019-08-19 05:37:35 - [TEST_CASE][PASSED] - Test Cases/mobileWeb/_include/get_screenshot: Test Cases/mobileWeb/_include/get_screenshot

2019-08-19 05:37:35 - [TEST_STEP][PASSED] - takeScreenshot(screenPath + i + ".png"): Taking screenshot successfully

2019-08-19 05:37:36 - [MESSAGE][PASSED] - Taking screenshot successfully
[[ATTACHMENT|D:\\Test\\AgileTest\\Reports\\mobileWeb\\stm\\20190819_052650\\../Screenshots/iPhone 6/stm/National General/20190819_053713/2.png]]

2019-08-19 05:37:36 - [TEST_STEP][PASSED] - (internal.GlobalVariable.i++): null

2019-08-19 05:37:36 - [MESSAGE][PASSED] - Call Test Case 'Test Cases/mobileWeb/_include/get_screenshot' successfully

2019-08-19 05:37:36 - [TEST_STEP][PASSED] - Thread.sleep(1000): null

2019-08-19 05:37:37 - [MESSAGE][PASSED] - Call Test Case 'Test Cases/mobileWeb/_include/census_stm' successfully

2019-08-19 05:37:37 - [TEST_STEP][PASSED] - callTestCase(findTestCase("mobileWeb/_include/filter_stm"), ["carrier":"nationalgeneral"], STOP_ON_FAILURE): Call Test Case 'Test Cases/mobileWeb/_include/filter_stm' successfully

2019-08-19 05:37:37 - [TEST_CASE][PASSED] - Test Cases/mobileWeb/_include/filter_stm: Test Cases/mobileWeb/_include/filter_stm

2019-08-19 05:37:37 - [TEST_STEP][PASSED] - driver = getWebDriver(): null

2019-08-19 05:37:37 - [TEST_STEP][PASSED] - selenium = new com.thoughtworks.selenium.webdriven.WebDriverBackedSelenium(driver, internal.GlobalVariable.ENV): null

2019-08-19 05:37:37 - [TEST_STEP][PASSED] - Thread.sleep(1000): null

2019-08-19 05:37:38 - [TEST_STEP][PASSED] - click(findTestObject("mobileSanity/STM/STM Quote Page/button_filters")): Object: 'Object Repository/mobileSanity/STM/STM Quote Page/button_filters' is clicked on

2019-08-19 05:37:39 - [MESSAGE][PASSED] - Object: 'Object Repository/mobileSanity/STM/STM Quote Page/button_filters' is clicked on

2019-08-19 05:37:39 - [TEST_STEP][PASSED] - Thread.sleep(1000): null

2019-08-19 05:37:40 - [TEST_STEP][PASSED] - click(findTestObject("mobileSanity/STM/STM Quote Page/i_Insurance company")): Object: 'Object Repository/mobileSanity/STM/STM Quote Page/i_Insurance company' is clicked on

2019-08-19 05:37:40 - [MESSAGE][PASSED] - Object: 'Object Repository/mobileSanity/STM/STM Quote Page/i_Insurance company' is clicked on

2019-08-19 05:37:40 - [TEST_STEP][PASSED] - Thread.sleep(1000): null

2019-08-19 05:37:41 - [TEST_STEP][PASSED] - filter_carrier = "//input[@name='filter[carrier]' and @value='" + carrier + "']/following::label": null

2019-08-19 05:37:41 - [TEST_STEP][PASSED] - println(filter_carrier): null

2019-08-19 05:37:41 - [TEST_STEP][PASSED] - test.MobileKeywords.clickJS_ByXpath(filter_carrier): test.MobileKeywords.clickJS_ByXpath is PASSED

2019-08-19 05:37:41 - [MESSAGE][PASSED] - Execute JavaScript 'arguments[0].click()' successfully

2019-08-19 05:37:41 - [MESSAGE][PASSED] - test.MobileKeywords.clickJS_ByXpath is PASSED

2019-08-19 05:37:41 - [TEST_STEP][PASSED] - Thread.sleep(1000): null

2019-08-19 05:37:42 - [TEST_STEP][PASSED] - scrollToElement(findTestObject("mobileSanity/STM/STM Quote Page/a_Show Plans"), 1000): Scroll to object 'Object Repository/mobileSanity/STM/STM Quote Page/a_Show Plans' successfully

2019-08-19 05:37:42 - [MESSAGE][PASSED] - Scroll to object 'Object Repository/mobileSanity/STM/STM Quote Page/a_Show Plans' successfully

2019-08-19 05:37:42 - [TEST_STEP][PASSED] - click(findTestObject("mobileSanity/STM/STM Quote Page/a_Show Plans")): Object: 'Object Repository/mobileSanity/STM/STM Quote Page/a_Show Plans' is clicked on

2019-08-19 05:37:43 - [MESSAGE][PASSED] - Object: 'Object Repository/mobileSanity/STM/STM Quote Page/a_Show Plans' is clicked on

2019-08-19 05:37:43 - [TEST_STEP][PASSED] - waitForJQueryLoad(10, STOP_ON_FAILURE): jQuery is ready.

2019-08-19 05:37:43 - [MESSAGE][PASSED] - jQuery is ready.

2019-08-19 05:37:43 - [TEST_STEP][PASSED] - Thread.sleep(2000): null

2019-08-19 05:37:45 - [TEST_STEP][PASSED] - callTestCase(findTestCase("mobileWeb/_include/get_screenshot"), [:], STOP_ON_FAILURE): Call Test Case 'Test Cases/mobileWeb/_include/get_screenshot' successfully

2019-08-19 05:37:45 - [TEST_CASE][PASSED] - Test Cases/mobileWeb/_include/get_screenshot: Test Cases/mobileWeb/_include/get_screenshot

2019-08-19 05:37:45 - [TEST_STEP][PASSED] - takeScreenshot(screenPath + i + ".png"): Taking screenshot successfully

2019-08-19 05:37:45 - [MESSAGE][PASSED] - Taking screenshot successfully
[[ATTACHMENT|D:\\Test\\AgileTest\\Reports\\mobileWeb\\stm\\20190819_052650\\../Screenshots/iPhone 6/stm/National General/20190819_053713/3.png]]

2019-08-19 05:37:45 - [TEST_STEP][PASSED] - (internal.GlobalVariable.i++): null

2019-08-19 05:37:45 - [MESSAGE][PASSED] - Call Test Case 'Test Cases/mobileWeb/_include/get_screenshot' successfully

2019-08-19 05:37:45 - [MESSAGE][PASSED] - Call Test Case 'Test Cases/mobileWeb/_include/filter_stm' successfully

2019-08-19 05:37:45 - [TEST_STEP][PASSED] - callTestCase(findTestCase("mobileWeb/_include/goToDetail_stm"), ["carrier":"nationalgeneral"], STOP_ON_FAILURE): Call Test Case 'Test Cases/mobileWeb/_include/goToDetail_stm' successfully

2019-08-19 05:37:45 - [TEST_CASE][PASSED] - Test Cases/mobileWeb/_include/goToDetail_stm: Test Cases/mobileWeb/_include/goToDetail_stm

2019-08-19 05:37:45 - [TEST_STEP][PASSED] - driver = getWebDriver(): null

2019-08-19 05:37:45 - [TEST_STEP][PASSED] - selenium = new com.thoughtworks.selenium.webdriven.WebDriverBackedSelenium(driver, internal.GlobalVariable.ENV): null

2019-08-19 05:37:45 - [TEST_STEP][PASSED] - a_plan_name = "xpath=//a[contains(@href,'/term-health-insurance/plan/" + carrier + "')]": null

2019-08-19 05:37:45 - [TEST_STEP][PASSED] - println(a_plan_name): null

2019-08-19 05:37:45 - [TEST_STEP][PASSED] - selenium.click(a_plan_name): null

2019-08-19 05:37:46 - [TEST_STEP][PASSED] - waitForPageLoad(10): Wait for page load successfully

2019-08-19 05:37:46 - [MESSAGE][PASSED] - Wait for page load successfully

2019-08-19 05:37:46 - [TEST_STEP][PASSED] - Thread.sleep(2000): null

2019-08-19 05:37:48 - [TEST_STEP][PASSED] - callTestCase(findTestCase("mobileWeb/_include/get_screenshot"), [:], STOP_ON_FAILURE): Call Test Case 'Test Cases/mobileWeb/_include/get_screenshot' successfully

2019-08-19 05:37:48 - [TEST_CASE][PASSED] - Test Cases/mobileWeb/_include/get_screenshot: Test Cases/mobileWeb/_include/get_screenshot

2019-08-19 05:37:48 - [TEST_STEP][PASSED] - takeScreenshot(screenPath + i + ".png"): Taking screenshot successfully

2019-08-19 05:37:49 - [MESSAGE][PASSED] - Taking screenshot successfully
[[ATTACHMENT|D:\\Test\\AgileTest\\Reports\\mobileWeb\\stm\\20190819_052650\\../Screenshots/iPhone 6/stm/National General/20190819_053713/4.png]]

2019-08-19 05:37:49 - [TEST_STEP][PASSED] - (internal.GlobalVariable.i++): null

2019-08-19 05:37:49 - [MESSAGE][PASSED] - Call Test Case 'Test Cases/mobileWeb/_include/get_screenshot' successfully

2019-08-19 05:37:49 - [MESSAGE][PASSED] - Call Test Case 'Test Cases/mobileWeb/_include/goToDetail_stm' successfully

2019-08-19 05:37:49 - [TEST_STEP][PASSED] - callTestCase(findTestCase("mobileWeb/_include/apply_stm"), [:], STOP_ON_FAILURE): Call Test Case 'Test Cases/mobileWeb/_include/apply_stm' successfully

2019-08-19 05:37:49 - [TEST_CASE][PASSED] - Test Cases/mobileWeb/_include/apply_stm: Test Cases/mobileWeb/_include/apply_stm

2019-08-19 05:37:49 - [TEST_STEP][PASSED] - waitForElementVisible(findTestObject("mobileSanity/STM/STM PlanDetail Page/a_Apply for This Plan"), 5): Object 'Object Repository/mobileSanity/STM/STM PlanDetail Page/a_Apply for This Plan' is visible

2019-08-19 05:37:49 - [MESSAGE][PASSED] - Object 'Object Repository/mobileSanity/STM/STM PlanDetail Page/a_Apply for This Plan' is visible

2019-08-19 05:37:49 - [TEST_STEP][PASSED] - click(findTestObject("mobileSanity/STM/STM PlanDetail Page/a_Apply for This Plan")): Object: 'Object Repository/mobileSanity/STM/STM PlanDetail Page/a_Apply for This Plan' is clicked on

2019-08-19 05:37:53 - [MESSAGE][PASSED] - Object: 'Object Repository/mobileSanity/STM/STM PlanDetail Page/a_Apply for This Plan' is clicked on

2019-08-19 05:37:53 - [TEST_STEP][PASSED] - waitForPageLoad(10): Wait for page load successfully

2019-08-19 05:37:53 - [MESSAGE][PASSED] - Wait for page load successfully

2019-08-19 05:37:53 - [TEST_STEP][PASSED] - Thread.sleep(2000): null

2019-08-19 05:37:55 - [TEST_STEP][PASSED] - callTestCase(findTestCase("mobileWeb/_include/get_screenshot"), [:], STOP_ON_FAILURE): Call Test Case 'Test Cases/mobileWeb/_include/get_screenshot' successfully

2019-08-19 05:37:55 - [TEST_CASE][PASSED] - Test Cases/mobileWeb/_include/get_screenshot: Test Cases/mobileWeb/_include/get_screenshot

2019-08-19 05:37:55 - [TEST_STEP][PASSED] - takeScreenshot(screenPath + i + ".png"): Taking screenshot successfully

2019-08-19 05:37:56 - [MESSAGE][PASSED] - Taking screenshot successfully
[[ATTACHMENT|D:\\Test\\AgileTest\\Reports\\mobileWeb\\stm\\20190819_052650\\../Screenshots/iPhone 6/stm/National General/20190819_053713/5.png]]

2019-08-19 05:37:56 - [TEST_STEP][PASSED] - (internal.GlobalVariable.i++): null

2019-08-19 05:37:56 - [MESSAGE][PASSED] - Call Test Case 'Test Cases/mobileWeb/_include/get_screenshot' successfully

2019-08-19 05:37:56 - [TEST_STEP][PASSED] - waitForElementVisible(findTestObject("mobileSanity/STM/STM Apply Page/a_Start Secure Application"), 5): Object 'Object Repository/mobileSanity/STM/STM Apply Page/a_Start Secure Application' is visible

2019-08-19 05:37:56 - [MESSAGE][PASSED] - Object 'Object Repository/mobileSanity/STM/STM Apply Page/a_Start Secure Application' is visible

2019-08-19 05:37:56 - [TEST_STEP][PASSED] - click(findTestObject("mobileSanity/STM/STM Apply Page/a_Start Secure Application")): Object: 'Object Repository/mobileSanity/STM/STM Apply Page/a_Start Secure Application' is clicked on

2019-08-19 05:37:56 - [MESSAGE][PASSED] - Object: 'Object Repository/mobileSanity/STM/STM Apply Page/a_Start Secure Application' is clicked on

2019-08-19 05:37:56 - [TEST_STEP][PASSED] - waitForPageLoad(20): Wait for page load successfully

2019-08-19 05:37:57 - [MESSAGE][PASSED] - Wait for page load successfully

2019-08-19 05:37:57 - [TEST_STEP][PASSED] - Thread.sleep(2000): null

2019-08-19 05:37:59 - [TEST_STEP][PASSED] - callTestCase(findTestCase("mobileWeb/_include/get_screenshot"), [:], STOP_ON_FAILURE): Call Test Case 'Test Cases/mobileWeb/_include/get_screenshot' successfully

2019-08-19 05:37:59 - [TEST_CASE][PASSED] - Test Cases/mobileWeb/_include/get_screenshot: Test Cases/mobileWeb/_include/get_screenshot

2019-08-19 05:37:59 - [TEST_STEP][PASSED] - takeScreenshot(screenPath + i + ".png"): Taking screenshot successfully

2019-08-19 05:37:59 - [MESSAGE][PASSED] - Taking screenshot successfully
[[ATTACHMENT|D:\\Test\\AgileTest\\Reports\\mobileWeb\\stm\\20190819_052650\\../Screenshots/iPhone 6/stm/National General/20190819_053713/6.png]]

2019-08-19 05:37:59 - [TEST_STEP][PASSED] - (internal.GlobalVariable.i++): null

2019-08-19 05:37:59 - [MESSAGE][PASSED] - Call Test Case 'Test Cases/mobileWeb/_include/get_screenshot' successfully

2019-08-19 05:37:59 - [MESSAGE][PASSED] - Call Test Case 'Test Cases/mobileWeb/_include/apply_stm' successfully

2019-08-19 05:37:59 - [TEST_STEP][FAILED] - callTestCase(findTestCase("mobileWeb/_include/goToEnd_stm_autofill"), [:], STOP_ON_FAILURE): callTestCase(findTestCase("mobileWeb/_include/goToEnd_stm_autofill"), [:], STOP_ON_FAILURE) FAILED.
Reason:
com.kms.katalon.core.exception.StepFailedException: Unable to click on object 'Object Repository/mobileSanity/STM/Page_App Page 4/div_CLICK TO SIGN' (Root cause: com.kms.katalon.core.webui.exception.WebElementNotFoundException: Web element with id: 'Object Repository/mobileSanity/STM/Page_App Page 4/div_CLICK TO SIGN' located by 'By.xpath: //div[@id = 'js-signature-tab' and (text() = 'CLICK TO SIGN↓' or . = 'CLICK TO SIGN↓')]' not found)
	at com.kms.katalon.core.keyword.internal.KeywordMain.stepFailed(KeywordMain.groovy:36)
	at com.kms.katalon.core.webui.keyword.internal.WebUIKeywordMain.stepFailed(WebUIKeywordMain.groovy:65)
	at com.kms.katalon.core.webui.keyword.internal.WebUIKeywordMain.runKeyword(WebUIKeywordMain.groovy:27)
	at com.kms.katalon.core.webui.keyword.builtin.ClickKeyword.click(ClickKeyword.groovy:86)
	at com.kms.katalon.core.webui.keyword.builtin.ClickKeyword.execute(ClickKeyword.groovy:67)
	at com.kms.katalon.core.keyword.internal.KeywordExecutor.executeKeywordForPlatform(KeywordExecutor.groovy:53)
	at com.kms.katalon.core.webui.keyword.WebUiBuiltInKeywords.click(WebUiBuiltInKeywords.groovy:616)
	at com.kms.katalon.core.webui.keyword.WebUiBuiltInKeywords$click$3.call(Unknown Source)
	at goToEnd_stm_autofill.run(goToEnd_stm_autofill:89)
	at com.kms.katalon.core.main.ScriptEngine.run(ScriptEngine.java:194)
	at com.kms.katalon.core.main.ScriptEngine.runScriptAsRawText(ScriptEngine.java:119)
	at com.kms.katalon.core.main.TestCaseExecutor.runScript(TestCaseExecutor.java:328)
	at com.kms.katalon.core.main.TestCaseExecutor.doExecute(TestCaseExecutor.java:319)
	at com.kms.katalon.core.main.TestCaseExecutor.processExecutionPhase(TestCaseExecutor.java:298)
	at com.kms.katalon.core.main.TestCaseExecutor.accessMainPhase(TestCaseExecutor.java:290)
	at com.kms.katalon.core.main.TestCaseExecutor.execute(TestCaseExecutor.java:224)
	at com.kms.katalon.core.main.TestCaseMain.runTestCase(TestCaseMain.java:106)
	at com.kms.katalon.core.keyword.builtin.CallTestCaseKeyword$_callTestCase_closure1.doCall(CallTestCaseKeyword.groovy:59)
	at com.kms.katalon.core.keyword.builtin.CallTestCaseKeyword$_callTestCase_closure1.call(CallTestCaseKeyword.groovy)
	at com.kms.katalon.core.keyword.internal.KeywordMain.runKeyword(KeywordMain.groovy:54)
	at com.kms.katalon.core.keyword.builtin.CallTestCaseKeyword.callTestCase(CallTestCaseKeyword.groovy:80)
	at com.kms.katalon.core.keyword.builtin.CallTestCaseKeyword.execute(CallTestCaseKeyword.groovy:44)
	at com.kms.katalon.core.keyword.internal.KeywordExecutor.executeKeywordForPlatform(KeywordExecutor.groovy:53)
	at com.kms.katalon.core.keyword.BuiltinKeywords.callTestCase(BuiltinKeywords.groovy:334)
	at NationalGeneral.run(NationalGeneral:31)
	at com.kms.katalon.core.main.ScriptEngine.run(ScriptEngine.java:194)
	at com.kms.katalon.core.main.ScriptEngine.runScriptAsRawText(ScriptEngine.java:119)
	at com.kms.katalon.core.main.TestCaseExecutor.runScript(TestCaseExecutor.java:328)
	at com.kms.katalon.core.main.TestCaseExecutor.doExecute(TestCaseExecutor.java:319)
	at com.kms.katalon.core.main.TestCaseExecutor.processExecutionPhase(TestCaseExecutor.java:298)
	at com.kms.katalon.core.main.TestCaseExecutor.accessMainPhase(TestCaseExecutor.java:290)
	at com.kms.katalon.core.main.TestCaseExecutor.execute(TestCaseExecutor.java:224)
	at com.kms.katalon.core.main.TestSuiteExecutor.accessTestCaseMainPhase(TestSuiteExecutor.java:129)
	at com.kms.katalon.core.main.TestSuiteExecutor.accessTestSuiteMainPhase(TestSuiteExecutor.java:112)
	at com.kms.katalon.core.main.TestSuiteExecutor.execute(TestSuiteExecutor.java:81)
	at com.kms.katalon.core.main.TestCaseMain.startTestSuite(TestCaseMain.java:149)
	at com.kms.katalon.core.main.TestCaseMain$startTestSuite$0.call(Unknown Source)
	at TempTestSuite1566206810208.run(TempTestSuite1566206810208.groovy:36)


2019-08-19 05:37:59 - [TEST_CASE][FAILED] - Test Cases/mobileWeb/_include/goToEnd_stm_autofill: Test Cases/mobileWeb/_include/goToEnd_stm_autofill FAILED.
Reason:
com.kms.katalon.core.exception.StepFailedException: Unable to click on object 'Object Repository/mobileSanity/STM/Page_App Page 4/div_CLICK TO SIGN' (Root cause: com.kms.katalon.core.webui.exception.WebElementNotFoundException: Web element with id: 'Object Repository/mobileSanity/STM/Page_App Page 4/div_CLICK TO SIGN' located by 'By.xpath: //div[@id = 'js-signature-tab' and (text() = 'CLICK TO SIGN↓' or . = 'CLICK TO SIGN↓')]' not found)
	at com.kms.katalon.core.keyword.internal.KeywordMain.stepFailed(KeywordMain.groovy:36)
	at com.kms.katalon.core.webui.keyword.internal.WebUIKeywordMain.stepFailed(WebUIKeywordMain.groovy:65)
	at com.kms.katalon.core.webui.keyword.internal.WebUIKeywordMain.runKeyword(WebUIKeywordMain.groovy:27)
	at com.kms.katalon.core.webui.keyword.builtin.ClickKeyword.click(ClickKeyword.groovy:86)
	at com.kms.katalon.core.webui.keyword.builtin.ClickKeyword.execute(ClickKeyword.groovy:67)
	at com.kms.katalon.core.keyword.internal.KeywordExecutor.executeKeywordForPlatform(KeywordExecutor.groovy:53)
	at com.kms.katalon.core.webui.keyword.WebUiBuiltInKeywords.click(WebUiBuiltInKeywords.groovy:616)
	at com.kms.katalon.core.webui.keyword.WebUiBuiltInKeywords$click$3.call(Unknown Source)
	at goToEnd_stm_autofill.run(goToEnd_stm_autofill:89)
	at com.kms.katalon.core.main.ScriptEngine.run(ScriptEngine.java:194)
	at com.kms.katalon.core.main.ScriptEngine.runScriptAsRawText(ScriptEngine.java:119)
	at com.kms.katalon.core.main.TestCaseExecutor.runScript(TestCaseExecutor.java:328)
	at com.kms.katalon.core.main.TestCaseExecutor.doExecute(TestCaseExecutor.java:319)
	at com.kms.katalon.core.main.TestCaseExecutor.processExecutionPhase(TestCaseExecutor.java:298)
	at com.kms.katalon.core.main.TestCaseExecutor.accessMainPhase(TestCaseExecutor.java:290)
	at com.kms.katalon.core.main.TestCaseExecutor.execute(TestCaseExecutor.java:224)
	at com.kms.katalon.core.main.TestCaseMain.runTestCase(TestCaseMain.java:106)
	at com.kms.katalon.core.keyword.builtin.CallTestCaseKeyword$_callTestCase_closure1.doCall(CallTestCaseKeyword.groovy:59)
	at com.kms.katalon.core.keyword.builtin.CallTestCaseKeyword$_callTestCase_closure1.call(CallTestCaseKeyword.groovy)
	at com.kms.katalon.core.keyword.internal.KeywordMain.runKeyword(KeywordMain.groovy:54)
	at com.kms.katalon.core.keyword.builtin.CallTestCaseKeyword.callTestCase(CallTestCaseKeyword.groovy:80)
	at com.kms.katalon.core.keyword.builtin.CallTestCaseKeyword.execute(CallTestCaseKeyword.groovy:44)
	at com.kms.katalon.core.keyword.internal.KeywordExecutor.executeKeywordForPlatform(KeywordExecutor.groovy:53)
	at com.kms.katalon.core.keyword.BuiltinKeywords.callTestCase(BuiltinKeywords.groovy:334)
	at NationalGeneral.run(NationalGeneral:31)
	at com.kms.katalon.core.main.ScriptEngine.run(ScriptEngine.java:194)
	at com.kms.katalon.core.main.ScriptEngine.runScriptAsRawText(ScriptEngine.java:119)
	at com.kms.katalon.core.main.TestCaseExecutor.runScript(TestCaseExecutor.java:328)
	at com.kms.katalon.core.main.TestCaseExecutor.doExecute(TestCaseExecutor.java:319)
	at com.kms.katalon.core.main.TestCaseExecutor.processExecutionPhase(TestCaseExecutor.java:298)
	at com.kms.katalon.core.main.TestCaseExecutor.accessMainPhase(TestCaseExecutor.java:290)
	at com.kms.katalon.core.main.TestCaseExecutor.execute(TestCaseExecutor.java:224)
	at com.kms.katalon.core.main.TestSuiteExecutor.accessTestCaseMainPhase(TestSuiteExecutor.java:129)
	at com.kms.katalon.core.main.TestSuiteExecutor.accessTestSuiteMainPhase(TestSuiteExecutor.java:112)
	at com.kms.katalon.core.main.TestSuiteExecutor.execute(TestSuiteExecutor.java:81)
	at com.kms.katalon.core.main.TestCaseMain.startTestSuite(TestCaseMain.java:149)
	at com.kms.katalon.core.main.TestCaseMain$startTestSuite$0.call(Unknown Source)
	at TempTestSuite1566206810208.run(TempTestSuite1566206810208.groovy:36)


2019-08-19 05:37:59 - [TEST_STEP][PASSED] - callTestCase(findTestCase("mobileWeb/_include/name"), [:], CONTINUE_ON_FAILURE): Call Test Case 'Test Cases/mobileWeb/_include/name' successfully

2019-08-19 05:37:59 - [TEST_CASE][PASSED] - Test Cases/mobileWeb/_include/name: Test Cases/mobileWeb/_include/name

2019-08-19 05:37:59 - [TEST_STEP][PASSED] - driver = getWebDriver(): null

2019-08-19 05:37:59 - [TEST_STEP][PASSED] - selenium = new com.thoughtworks.selenium.webdriven.WebDriverBackedSelenium(driver, internal.GlobalVariable.ENV): null

2019-08-19 05:38:00 - [TEST_STEP][PASSED] - FirstName = "Test-123": null

2019-08-19 05:38:00 - [TEST_STEP][PASSED] - LastName = selenium.getEval("{var x="ABCDEFGHIJKLMNOPQRSTUVWXYZabcdefghijklmnopqrstuvwxyz"; var tmp="ZZ11-"; for (i=0;i<8;i++) tmp+=x.charAt(Math.ceil(51*Math.random()));tmp;}"): null

2019-08-19 05:38:00 - [TEST_STEP][PASSED] - Address = selenium.getEval("{var x="ABCDEFGHIJKLMNOPQRSTUVWXYZabcdefghijklmnopqrstuvwxyz"; var tmp=""; for (i=0;i<8;i++) tmp+=x.charAt(Math.ceil(51*Math.random()));tmp;}"): null

2019-08-19 05:38:00 - [TEST_STEP][PASSED] - City = selenium.getEval("{var x="ABCDEFGHIJKLMNOPQRSTUVWXYZabcdefghijklmnopqrstuvwxyz"; var tmp=""; for (i=0;i<8;i++) tmp+=x.charAt(Math.ceil(51*Math.random()));tmp;}"): null

2019-08-19 05:38:00 - [TEST_STEP][PASSED] - tel1 = selenium.getEval("{var x="123456789"; var tmp=""; for (i=0;i<3;i++) tmp+=x.charAt(Math.ceil(8*Math.random()));tmp;}"): null

2019-08-19 05:38:00 - [TEST_STEP][PASSED] - tel2 = selenium.getEval("{var x="123456789"; var tmp=""; for (i=0;i<3;i++) tmp+=x.charAt(Math.ceil(8*Math.random()));tmp;}"): null

2019-08-19 05:38:00 - [TEST_STEP][PASSED] - tel3 = selenium.getEval("{var x="123456789"; var tmp=""; for (i=0;i<4;i++) tmp+=x.charAt(Math.ceil(8*Math.random()));tmp;}"): null

2019-08-19 05:38:00 - [TEST_STEP][PASSED] - Tel = selenium.getExpression(tel1 + "-" + tel2 + "-" + tel3): null

2019-08-19 05:38:00 - [TEST_STEP][PASSED] - AutoEmail = selenium.getEval("{var x="ABCDEFGHIJKLMNOPQRSTUVWXYZabcdefghijklmnopqrstuvwxyz"; var tmp="test."; for (i=0;i<8;i++) tmp+=x.charAt(Math.ceil(51*Math.random()));tmp+="@suryani.cn";}"): null

2019-08-19 05:38:00 - [TEST_STEP][PASSED] - FirstName = FirstName: null

2019-08-19 05:38:00 - [TEST_STEP][PASSED] - LastName = LastName: null

2019-08-19 05:38:00 - [TEST_STEP][PASSED] - Address = Address: null

2019-08-19 05:38:00 - [TEST_STEP][PASSED] - City = City: null

2019-08-19 05:38:00 - [TEST_STEP][PASSED] - Tel = Tel: null

2019-08-19 05:38:00 - [TEST_STEP][PASSED] - AutoEmail = AutoEmail: null

2019-08-19 05:38:00 - [TEST_STEP][PASSED] - println(FirstName): null

2019-08-19 05:38:00 - [TEST_STEP][PASSED] - println(LastName): null

2019-08-19 05:38:00 - [TEST_STEP][PASSED] - println(Address): null

2019-08-19 05:38:00 - [TEST_STEP][PASSED] - println(City): null

2019-08-19 05:38:00 - [TEST_STEP][PASSED] - println(Tel): null

2019-08-19 05:38:00 - [TEST_STEP][PASSED] - println(AutoEmail): null

2019-08-19 05:38:00 - [MESSAGE][PASSED] - Call Test Case 'Test Cases/mobileWeb/_include/name' successfully

2019-08-19 05:38:00 - [TEST_STEP][PASSED] - try: Call Test Case 'Test Cases/mobileWeb/_include/get_screenshot' successfully

2019-08-19 05:38:00 - [TEST_STEP][PASSED] - if (verifyTextPresent("Month Duration Acknowledgement", false)): Call Test Case 'Test Cases/mobileWeb/_include/get_screenshot' successfully

2019-08-19 05:38:00 - [MESSAGE][PASSED] - Text 'Month Duration Acknowledgement' is present on page 

2019-08-19 05:38:00 - [TEST_STEP][PASSED] - click(findTestObject("mobileSanity/STM/Page_App Page 1/label_By checking this box I u")): Object: 'Object Repository/mobileSanity/STM/Page_App Page 1/label_By checking this box I u' is clicked on

2019-08-19 05:38:01 - [MESSAGE][PASSED] - Object: 'Object Repository/mobileSanity/STM/Page_App Page 1/label_By checking this box I u' is clicked on

2019-08-19 05:38:01 - [TEST_STEP][PASSED] - click(findTestObject("mobileSanity/STM/Page_App Page 1/button_Continue to Application")): Object: 'Object Repository/mobileSanity/STM/Page_App Page 1/button_Continue to Application' is clicked on

2019-08-19 05:38:02 - [MESSAGE][PASSED] - Object: 'Object Repository/mobileSanity/STM/Page_App Page 1/button_Continue to Application' is clicked on

2019-08-19 05:38:02 - [TEST_STEP][PASSED] - waitForPageLoad(20): Wait for page load successfully

2019-08-19 05:38:02 - [MESSAGE][PASSED] - Wait for page load successfully

2019-08-19 05:38:02 - [TEST_STEP][PASSED] - Thread.sleep(5000): null

2019-08-19 05:38:07 - [TEST_STEP][PASSED] - callTestCase(findTestCase("mobileWeb/_include/get_screenshot"), [:], STOP_ON_FAILURE): Call Test Case 'Test Cases/mobileWeb/_include/get_screenshot' successfully

2019-08-19 05:38:07 - [TEST_CASE][PASSED] - Test Cases/mobileWeb/_include/get_screenshot: Test Cases/mobileWeb/_include/get_screenshot

2019-08-19 05:38:07 - [TEST_STEP][PASSED] - takeScreenshot(screenPath + i + ".png"): Taking screenshot successfully

2019-08-19 05:38:08 - [MESSAGE][PASSED] - Taking screenshot successfully
[[ATTACHMENT|D:\\Test\\AgileTest\\Reports\\mobileWeb\\stm\\20190819_052650\\../Screenshots/iPhone 6/stm/National General/20190819_053713/7.png]]

2019-08-19 05:38:08 - [TEST_STEP][PASSED] - (internal.GlobalVariable.i++): null

2019-08-19 05:38:08 - [MESSAGE][PASSED] - Call Test Case 'Test Cases/mobileWeb/_include/get_screenshot' successfully

2019-08-19 05:38:08 - [TEST_STEP][PASSED] - waitForPageLoad(10): Wait for page load successfully

2019-08-19 05:38:08 - [MESSAGE][PASSED] - Wait for page load successfully

2019-08-19 05:38:08 - [TEST_STEP][PASSED] - Thread.sleep(3000): null

2019-08-19 05:38:11 - [TEST_STEP][PASSED] - waitForElementVisible(findTestObject("mobileSanity/STM/Page_App Page 1/a_Autofill App Info"), 20): Object 'Object Repository/mobileSanity/STM/Page_App Page 1/a_Autofill App Info' is visible

2019-08-19 05:38:11 - [MESSAGE][PASSED] - Object 'Object Repository/mobileSanity/STM/Page_App Page 1/a_Autofill App Info' is visible

2019-08-19 05:38:11 - [TEST_STEP][PASSED] - click(findTestObject("mobileSanity/STM/Page_App Page 1/a_Autofill App Info")): Object: 'Object Repository/mobileSanity/STM/Page_App Page 1/a_Autofill App Info' is clicked on

2019-08-19 05:38:11 - [MESSAGE][PASSED] - Object: 'Object Repository/mobileSanity/STM/Page_App Page 1/a_Autofill App Info' is clicked on

2019-08-19 05:38:11 - [TEST_STEP][PASSED] - Thread.sleep(1000): null

2019-08-19 05:38:12 - [TEST_STEP][PASSED] - click(findTestObject("mobileSanity/STM/Page_App Page 1/a_Autofill App Info")): Object: 'Object Repository/mobileSanity/STM/Page_App Page 1/a_Autofill App Info' is clicked on

2019-08-19 05:38:12 - [MESSAGE][PASSED] - Object: 'Object Repository/mobileSanity/STM/Page_App Page 1/a_Autofill App Info' is clicked on

2019-08-19 05:38:12 - [TEST_STEP][PASSED] - Thread.sleep(1000): null

2019-08-19 05:38:13 - [TEST_STEP][PASSED] - waitForElementVisible(findTestObject("mobileSanity/STM/Page_App Page 1/a_Continue"), 20): Object 'Object Repository/mobileSanity/STM/Page_App Page 1/a_Continue' is visible

2019-08-19 05:38:14 - [MESSAGE][PASSED] - Object 'Object Repository/mobileSanity/STM/Page_App Page 1/a_Continue' is visible

2019-08-19 05:38:14 - [TEST_STEP][PASSED] - click(findTestObject("mobileSanity/STM/Page_App Page 1/a_Continue")): Object: 'Object Repository/mobileSanity/STM/Page_App Page 1/a_Continue' is clicked on

2019-08-19 05:38:14 - [MESSAGE][PASSED] - Object: 'Object Repository/mobileSanity/STM/Page_App Page 1/a_Continue' is clicked on

2019-08-19 05:38:14 - [TEST_STEP][PASSED] - waitForPageLoad(20): Wait for page load successfully

2019-08-19 05:38:14 - [MESSAGE][PASSED] - Wait for page load successfully

2019-08-19 05:38:14 - [TEST_STEP][PASSED] - Thread.sleep(2000): null

2019-08-19 05:38:16 - [TEST_STEP][PASSED] - callTestCase(findTestCase("mobileWeb/_include/get_screenshot"), [:], STOP_ON_FAILURE): Call Test Case 'Test Cases/mobileWeb/_include/get_screenshot' successfully

2019-08-19 05:38:16 - [TEST_CASE][PASSED] - Test Cases/mobileWeb/_include/get_screenshot: Test Cases/mobileWeb/_include/get_screenshot

2019-08-19 05:38:16 - [TEST_STEP][PASSED] - takeScreenshot(screenPath + i + ".png"): Taking screenshot successfully

2019-08-19 05:38:17 - [MESSAGE][PASSED] - Taking screenshot successfully
[[ATTACHMENT|D:\\Test\\AgileTest\\Reports\\mobileWeb\\stm\\20190819_052650\\../Screenshots/iPhone 6/stm/National General/20190819_053713/8.png]]

2019-08-19 05:38:17 - [TEST_STEP][PASSED] - (internal.GlobalVariable.i++): null

2019-08-19 05:38:17 - [MESSAGE][PASSED] - Call Test Case 'Test Cases/mobileWeb/_include/get_screenshot' successfully

2019-08-19 05:38:17 - [TEST_STEP][PASSED] - click(findTestObject("mobileSanity/STM/Page_App Page 2/a_Continue to Step 3 - Payment")): Object: 'Object Repository/mobileSanity/STM/Page_App Page 2/a_Continue to Step 3 - Payment' is clicked on

2019-08-19 05:38:17 - [MESSAGE][PASSED] - Object: 'Object Repository/mobileSanity/STM/Page_App Page 2/a_Continue to Step 3 - Payment' is clicked on

2019-08-19 05:38:17 - [TEST_STEP][PASSED] - waitForPageLoad(20): Wait for page load successfully

2019-08-19 05:38:17 - [MESSAGE][PASSED] - Wait for page load successfully

2019-08-19 05:38:17 - [TEST_STEP][PASSED] - waitForElementVisible(findTestObject("mobileSanity/STM/Page_App Page 3/input__credit-card-cvv"), 20): Object 'Object Repository/mobileSanity/STM/Page_App Page 3/input__credit-card-cvv' is visible

2019-08-19 05:38:18 - [MESSAGE][PASSED] - Object 'Object Repository/mobileSanity/STM/Page_App Page 3/input__credit-card-cvv' is visible

2019-08-19 05:38:18 - [TEST_STEP][PASSED] - Thread.sleep(2000): null

2019-08-19 05:38:20 - [TEST_STEP][PASSED] - callTestCase(findTestCase("mobileWeb/_include/get_screenshot"), [:], STOP_ON_FAILURE): Call Test Case 'Test Cases/mobileWeb/_include/get_screenshot' successfully

2019-08-19 05:38:20 - [TEST_CASE][PASSED] - Test Cases/mobileWeb/_include/get_screenshot: Test Cases/mobileWeb/_include/get_screenshot

2019-08-19 05:38:20 - [TEST_STEP][PASSED] - takeScreenshot(screenPath + i + ".png"): Taking screenshot successfully

2019-08-19 05:38:20 - [MESSAGE][PASSED] - Taking screenshot successfully
[[ATTACHMENT|D:\\Test\\AgileTest\\Reports\\mobileWeb\\stm\\20190819_052650\\../Screenshots/iPhone 6/stm/National General/20190819_053713/9.png]]

2019-08-19 05:38:20 - [TEST_STEP][PASSED] - (internal.GlobalVariable.i++): null

2019-08-19 05:38:20 - [MESSAGE][PASSED] - Call Test Case 'Test Cases/mobileWeb/_include/get_screenshot' successfully

2019-08-19 05:38:20 - [TEST_STEP][PASSED] - clearText(findTestObject("mobileSanity/STM/Page_App Page 3/input__credit-card-cvv")): Text of object 'Object Repository/mobileSanity/STM/Page_App Page 3/input__credit-card-cvv' is cleared

2019-08-19 05:38:20 - [MESSAGE][PASSED] - Text of object 'Object Repository/mobileSanity/STM/Page_App Page 3/input__credit-card-cvv' is cleared

2019-08-19 05:38:20 - [TEST_STEP][PASSED] - setText(findTestObject("mobileSanity/STM/Page_App Page 3/input__credit-card-cvv"), "123"): Text '123' is set on object 'Object Repository/mobileSanity/STM/Page_App Page 3/input__credit-card-cvv'

2019-08-19 05:38:20 - [MESSAGE][PASSED] - Text '123' is set on object 'Object Repository/mobileSanity/STM/Page_App Page 3/input__credit-card-cvv'

2019-08-19 05:38:20 - [TEST_STEP][PASSED] - click(findTestObject("mobileSanity/STM/Page_App Page 3/label_I Accept Authorization f")): Object: 'Object Repository/mobileSanity/STM/Page_App Page 3/label_I Accept Authorization f' is clicked on

2019-08-19 05:38:21 - [MESSAGE][PASSED] - Object: 'Object Repository/mobileSanity/STM/Page_App Page 3/label_I Accept Authorization f' is clicked on

2019-08-19 05:38:21 - [TEST_STEP][PASSED] - click(findTestObject("mobileSanity/STM/Page_App Page 3/a_Continue to Step 4 - Review")): Object: 'Object Repository/mobileSanity/STM/Page_App Page 3/a_Continue to Step 4 - Review' is clicked on

2019-08-19 05:38:21 - [MESSAGE][PASSED] - Object: 'Object Repository/mobileSanity/STM/Page_App Page 3/a_Continue to Step 4 - Review' is clicked on

2019-08-19 05:38:21 - [TEST_STEP][PASSED] - waitForPageLoad(10): Wait for page load successfully

2019-08-19 05:38:21 - [MESSAGE][PASSED] - Wait for page load successfully

2019-08-19 05:38:21 - [TEST_STEP][PASSED] - waitForElementClickable(findTestObject("mobileSanity/STM/Page_App Page 4/label"), 10): Object 'Object Repository/mobileSanity/STM/Page_App Page 4/label' is clickable

2019-08-19 05:38:21 - [MESSAGE][PASSED] - Object 'Object Repository/mobileSanity/STM/Page_App Page 4/label' is clickable

2019-08-19 05:38:21 - [TEST_STEP][PASSED] - Thread.sleep(2000): null

2019-08-19 05:38:23 - [TEST_STEP][PASSED] - callTestCase(findTestCase("mobileWeb/_include/get_screenshot"), [:], STOP_ON_FAILURE): Call Test Case 'Test Cases/mobileWeb/_include/get_screenshot' successfully

2019-08-19 05:38:23 - [TEST_CASE][PASSED] - Test Cases/mobileWeb/_include/get_screenshot: Test Cases/mobileWeb/_include/get_screenshot

2019-08-19 05:38:23 - [TEST_STEP][PASSED] - takeScreenshot(screenPath + i + ".png"): Taking screenshot successfully

2019-08-19 05:38:24 - [MESSAGE][PASSED] - Taking screenshot successfully
[[ATTACHMENT|D:\\Test\\AgileTest\\Reports\\mobileWeb\\stm\\20190819_052650\\../Screenshots/iPhone 6/stm/National General/20190819_053713/10.png]]

2019-08-19 05:38:24 - [TEST_STEP][PASSED] - (internal.GlobalVariable.i++): null

2019-08-19 05:38:24 - [MESSAGE][PASSED] - Call Test Case 'Test Cases/mobileWeb/_include/get_screenshot' successfully

2019-08-19 05:38:24 - [TEST_STEP][PASSED] - click(findTestObject("mobileSanity/STM/Page_App Page 4/label")): Object: 'Object Repository/mobileSanity/STM/Page_App Page 4/label' is clicked on

2019-08-19 05:38:24 - [MESSAGE][PASSED] - Object: 'Object Repository/mobileSanity/STM/Page_App Page 4/label' is clicked on

2019-08-19 05:38:24 - [TEST_STEP][FAILED] - click(findTestObject("mobileSanity/STM/Page_App Page 4/div_CLICK TO SIGN")): click(findTestObject("mobileSanity/STM/Page_App Page 4/div_CLICK TO SIGN")) FAILED.
Reason:
com.kms.katalon.core.exception.StepFailedException: Unable to click on object 'Object Repository/mobileSanity/STM/Page_App Page 4/div_CLICK TO SIGN' (Root cause: com.kms.katalon.core.webui.exception.WebElementNotFoundException: Web element with id: 'Object Repository/mobileSanity/STM/Page_App Page 4/div_CLICK TO SIGN' located by 'By.xpath: //div[@id = 'js-signature-tab' and (text() = 'CLICK TO SIGN↓' or . = 'CLICK TO SIGN↓')]' not found)
	at com.kms.katalon.core.keyword.internal.KeywordMain.stepFailed(KeywordMain.groovy:36)
	at com.kms.katalon.core.webui.keyword.internal.WebUIKeywordMain.stepFailed(WebUIKeywordMain.groovy:65)
	at com.kms.katalon.core.webui.keyword.internal.WebUIKeywordMain.runKeyword(WebUIKeywordMain.groovy:27)
	at com.kms.katalon.core.webui.keyword.builtin.ClickKeyword.click(ClickKeyword.groovy:86)
	at com.kms.katalon.core.webui.keyword.builtin.ClickKeyword.execute(ClickKeyword.groovy:67)
	at com.kms.katalon.core.keyword.internal.KeywordExecutor.executeKeywordForPlatform(KeywordExecutor.groovy:53)
	at com.kms.katalon.core.webui.keyword.WebUiBuiltInKeywords.click(WebUiBuiltInKeywords.groovy:616)
	at com.kms.katalon.core.webui.keyword.WebUiBuiltInKeywords$click$3.call(Unknown Source)
	at goToEnd_stm_autofill.run(goToEnd_stm_autofill:89)
	at com.kms.katalon.core.main.ScriptEngine.run(ScriptEngine.java:194)
	at com.kms.katalon.core.main.ScriptEngine.runScriptAsRawText(ScriptEngine.java:119)
	at com.kms.katalon.core.main.TestCaseExecutor.runScript(TestCaseExecutor.java:328)
	at com.kms.katalon.core.main.TestCaseExecutor.doExecute(TestCaseExecutor.java:319)
	at com.kms.katalon.core.main.TestCaseExecutor.processExecutionPhase(TestCaseExecutor.java:298)
	at com.kms.katalon.core.main.TestCaseExecutor.accessMainPhase(TestCaseExecutor.java:290)
	at com.kms.katalon.core.main.TestCaseExecutor.execute(TestCaseExecutor.java:224)
	at com.kms.katalon.core.main.TestCaseMain.runTestCase(TestCaseMain.java:106)
	at com.kms.katalon.core.keyword.builtin.CallTestCaseKeyword$_callTestCase_closure1.doCall(CallTestCaseKeyword.groovy:59)
	at com.kms.katalon.core.keyword.builtin.CallTestCaseKeyword$_callTestCase_closure1.call(CallTestCaseKeyword.groovy)
	at com.kms.katalon.core.keyword.internal.KeywordMain.runKeyword(KeywordMain.groovy:54)
	at com.kms.katalon.core.keyword.builtin.CallTestCaseKeyword.callTestCase(CallTestCaseKeyword.groovy:80)
	at com.kms.katalon.core.keyword.builtin.CallTestCaseKeyword.execute(CallTestCaseKeyword.groovy:44)
	at com.kms.katalon.core.keyword.internal.KeywordExecutor.executeKeywordForPlatform(KeywordExecutor.groovy:53)
	at com.kms.katalon.core.keyword.BuiltinKeywords.callTestCase(BuiltinKeywords.groovy:334)
	at NationalGeneral.run(NationalGeneral:31)
	at com.kms.katalon.core.main.ScriptEngine.run(ScriptEngine.java:194)
	at com.kms.katalon.core.main.ScriptEngine.runScriptAsRawText(ScriptEngine.java:119)
	at com.kms.katalon.core.main.TestCaseExecutor.runScript(TestCaseExecutor.java:328)
	at com.kms.katalon.core.main.TestCaseExecutor.doExecute(TestCaseExecutor.java:319)
	at com.kms.katalon.core.main.TestCaseExecutor.processExecutionPhase(TestCaseExecutor.java:298)
	at com.kms.katalon.core.main.TestCaseExecutor.accessMainPhase(TestCaseExecutor.java:290)
	at com.kms.katalon.core.main.TestCaseExecutor.execute(TestCaseExecutor.java:224)
	at com.kms.katalon.core.main.TestSuiteExecutor.accessTestCaseMainPhase(TestSuiteExecutor.java:129)
	at com.kms.katalon.core.main.TestSuiteExecutor.accessTestSuiteMainPhase(TestSuiteExecutor.java:112)
	at com.kms.katalon.core.main.TestSuiteExecutor.execute(TestSuiteExecutor.java:81)
	at com.kms.katalon.core.main.TestCaseMain.startTestSuite(TestCaseMain.java:149)
	at com.kms.katalon.core.main.TestCaseMain$startTestSuite$0.call(Unknown Source)
	at TempTestSuite1566206810208.run(TempTestSuite1566206810208.groovy:36)


2019-08-19 05:38:46 - [MESSAGE][INFO] - Unable to find the element located by 'By.xpath: //div[@id = 'js-signature-tab' and (text() = 'CLICK TO SIGN↓' or . = 'CLICK TO SIGN↓')]'. Please recheck the objects properties to make sure the desired element is located. 

2019-08-19 05:38:46 - [MESSAGE][FAILED] - Unable to click on object 'Object Repository/mobileSanity/STM/Page_App Page 4/div_CLICK TO SIGN' (Root cause: com.kms.katalon.core.webui.exception.WebElementNotFoundException: Web element with id: 'Object Repository/mobileSanity/STM/Page_App Page 4/div_CLICK TO SIGN' located by 'By.xpath: //div[@id = 'js-signature-tab' and (text() = 'CLICK TO SIGN↓' or . = 'CLICK TO SIGN↓')]' not found)
[[ATTACHMENT|D:\\Test\\AgileTest\\Reports\\mobileWeb\\stm\\20190819_052650\\1566207526608.png]]

2019-08-19 05:38:46 - [MESSAGE][FAILED] - click(findTestObject("mobileSanity/STM/Page_App Page 4/div_CLICK TO SIGN")) FAILED.
Reason:
com.kms.katalon.core.exception.StepFailedException: Unable to click on object 'Object Repository/mobileSanity/STM/Page_App Page 4/div_CLICK TO SIGN' (Root cause: com.kms.katalon.core.webui.exception.WebElementNotFoundException: Web element with id: 'Object Repository/mobileSanity/STM/Page_App Page 4/div_CLICK TO SIGN' located by 'By.xpath: //div[@id = 'js-signature-tab' and (text() = 'CLICK TO SIGN↓' or . = 'CLICK TO SIGN↓')]' not found)
	at com.kms.katalon.core.keyword.internal.KeywordMain.stepFailed(KeywordMain.groovy:36)
	at com.kms.katalon.core.webui.keyword.internal.WebUIKeywordMain.stepFailed(WebUIKeywordMain.groovy:65)
	at com.kms.katalon.core.webui.keyword.internal.WebUIKeywordMain.runKeyword(WebUIKeywordMain.groovy:27)
	at com.kms.katalon.core.webui.keyword.builtin.ClickKeyword.click(ClickKeyword.groovy:86)
	at com.kms.katalon.core.webui.keyword.builtin.ClickKeyword.execute(ClickKeyword.groovy:67)
	at com.kms.katalon.core.keyword.internal.KeywordExecutor.executeKeywordForPlatform(KeywordExecutor.groovy:53)
	at com.kms.katalon.core.webui.keyword.WebUiBuiltInKeywords.click(WebUiBuiltInKeywords.groovy:616)
	at com.kms.katalon.core.webui.keyword.WebUiBuiltInKeywords$click$3.call(Unknown Source)
	at goToEnd_stm_autofill.run(goToEnd_stm_autofill:89)
	at com.kms.katalon.core.main.ScriptEngine.run(ScriptEngine.java:194)
	at com.kms.katalon.core.main.ScriptEngine.runScriptAsRawText(ScriptEngine.java:119)
	at com.kms.katalon.core.main.TestCaseExecutor.runScript(TestCaseExecutor.java:328)
	at com.kms.katalon.core.main.TestCaseExecutor.doExecute(TestCaseExecutor.java:319)
	at com.kms.katalon.core.main.TestCaseExecutor.processExecutionPhase(TestCaseExecutor.java:298)
	at com.kms.katalon.core.main.TestCaseExecutor.accessMainPhase(TestCaseExecutor.java:290)
	at com.kms.katalon.core.main.TestCaseExecutor.execute(TestCaseExecutor.java:224)
	at com.kms.katalon.core.main.TestCaseMain.runTestCase(TestCaseMain.java:106)
	at com.kms.katalon.core.keyword.builtin.CallTestCaseKeyword$_callTestCase_closure1.doCall(CallTestCaseKeyword.groovy:59)
	at com.kms.katalon.core.keyword.builtin.CallTestCaseKeyword$_callTestCase_closure1.call(CallTestCaseKeyword.groovy)
	at com.kms.katalon.core.keyword.internal.KeywordMain.runKeyword(KeywordMain.groovy:54)
	at com.kms.katalon.core.keyword.builtin.CallTestCaseKeyword.callTestCase(CallTestCaseKeyword.groovy:80)
	at com.kms.katalon.core.keyword.builtin.CallTestCaseKeyword.execute(CallTestCaseKeyword.groovy:44)
	at com.kms.katalon.core.keyword.internal.KeywordExecutor.executeKeywordForPlatform(KeywordExecutor.groovy:53)
	at com.kms.katalon.core.keyword.BuiltinKeywords.callTestCase(BuiltinKeywords.groovy:334)
	at NationalGeneral.run(NationalGeneral:31)
	at com.kms.katalon.core.main.ScriptEngine.run(ScriptEngine.java:194)
	at com.kms.katalon.core.main.ScriptEngine.runScriptAsRawText(ScriptEngine.java:119)
	at com.kms.katalon.core.main.TestCaseExecutor.runScript(TestCaseExecutor.java:328)
	at com.kms.katalon.core.main.TestCaseExecutor.doExecute(TestCaseExecutor.java:319)
	at com.kms.katalon.core.main.TestCaseExecutor.processExecutionPhase(TestCaseExecutor.java:298)
	at com.kms.katalon.core.main.TestCaseExecutor.accessMainPhase(TestCaseExecutor.java:290)
	at com.kms.katalon.core.main.TestCaseExecutor.execute(TestCaseExecutor.java:224)
	at com.kms.katalon.core.main.TestSuiteExecutor.accessTestCaseMainPhase(TestSuiteExecutor.java:129)
	at com.kms.katalon.core.main.TestSuiteExecutor.accessTestSuiteMainPhase(TestSuiteExecutor.java:112)
	at com.kms.katalon.core.main.TestSuiteExecutor.execute(TestSuiteExecutor.java:81)
	at com.kms.katalon.core.main.TestCaseMain.startTestSuite(TestCaseMain.java:149)
	at com.kms.katalon.core.main.TestCaseMain$startTestSuite$0.call(Unknown Source)
	at TempTestSuite1566206810208.run(TempTestSuite1566206810208.groovy:36)


2019-08-19 05:38:46 - [MESSAGE][FAILED] - Unable to call Test Case 'Test Cases/mobileWeb/_include/goToEnd_stm_autofill' (Root cause: com.kms.katalon.core.exception.StepFailedException: Call Test Case 'Test Cases/mobileWeb/_include/goToEnd_stm_autofill' failed)

2019-08-19 05:38:47 - [MESSAGE][FAILED] - callTestCase(findTestCase("mobileWeb/_include/goToEnd_stm_autofill"), [:], STOP_ON_FAILURE) FAILED.
Reason:
com.kms.katalon.core.exception.StepFailedException: Unable to click on object 'Object Repository/mobileSanity/STM/Page_App Page 4/div_CLICK TO SIGN' (Root cause: com.kms.katalon.core.webui.exception.WebElementNotFoundException: Web element with id: 'Object Repository/mobileSanity/STM/Page_App Page 4/div_CLICK TO SIGN' located by 'By.xpath: //div[@id = 'js-signature-tab' and (text() = 'CLICK TO SIGN↓' or . = 'CLICK TO SIGN↓')]' not found)
	at com.kms.katalon.core.keyword.internal.KeywordMain.stepFailed(KeywordMain.groovy:36)
	at com.kms.katalon.core.webui.keyword.internal.WebUIKeywordMain.stepFailed(WebUIKeywordMain.groovy:65)
	at com.kms.katalon.core.webui.keyword.internal.WebUIKeywordMain.runKeyword(WebUIKeywordMain.groovy:27)
	at com.kms.katalon.core.webui.keyword.builtin.ClickKeyword.click(ClickKeyword.groovy:86)
	at com.kms.katalon.core.webui.keyword.builtin.ClickKeyword.execute(ClickKeyword.groovy:67)
	at com.kms.katalon.core.keyword.internal.KeywordExecutor.executeKeywordForPlatform(KeywordExecutor.groovy:53)
	at com.kms.katalon.core.webui.keyword.WebUiBuiltInKeywords.click(WebUiBuiltInKeywords.groovy:616)
	at com.kms.katalon.core.webui.keyword.WebUiBuiltInKeywords$click$3.call(Unknown Source)
	at goToEnd_stm_autofill.run(goToEnd_stm_autofill:89)
	at com.kms.katalon.core.main.ScriptEngine.run(ScriptEngine.java:194)
	at com.kms.katalon.core.main.ScriptEngine.runScriptAsRawText(ScriptEngine.java:119)
	at com.kms.katalon.core.main.TestCaseExecutor.runScript(TestCaseExecutor.java:328)
	at com.kms.katalon.core.main.TestCaseExecutor.doExecute(TestCaseExecutor.java:319)
	at com.kms.katalon.core.main.TestCaseExecutor.processExecutionPhase(TestCaseExecutor.java:298)
	at com.kms.katalon.core.main.TestCaseExecutor.accessMainPhase(TestCaseExecutor.java:290)
	at com.kms.katalon.core.main.TestCaseExecutor.execute(TestCaseExecutor.java:224)
	at com.kms.katalon.core.main.TestCaseMain.runTestCase(TestCaseMain.java:106)
	at com.kms.katalon.core.keyword.builtin.CallTestCaseKeyword$_callTestCase_closure1.doCall(CallTestCaseKeyword.groovy:59)
	at com.kms.katalon.core.keyword.builtin.CallTestCaseKeyword$_callTestCase_closure1.call(CallTestCaseKeyword.groovy)
	at com.kms.katalon.core.keyword.internal.KeywordMain.runKeyword(KeywordMain.groovy:54)
	at com.kms.katalon.core.keyword.builtin.CallTestCaseKeyword.callTestCase(CallTestCaseKeyword.groovy:80)
	at com.kms.katalon.core.keyword.builtin.CallTestCaseKeyword.execute(CallTestCaseKeyword.groovy:44)
	at com.kms.katalon.core.keyword.internal.KeywordExecutor.executeKeywordForPlatform(KeywordExecutor.groovy:53)
	at com.kms.katalon.core.keyword.BuiltinKeywords.callTestCase(BuiltinKeywords.groovy:334)
	at NationalGeneral.run(NationalGeneral:31)
	at com.kms.katalon.core.main.ScriptEngine.run(ScriptEngine.java:194)
	at com.kms.katalon.core.main.ScriptEngine.runScriptAsRawText(ScriptEngine.java:119)
	at com.kms.katalon.core.main.TestCaseExecutor.runScript(TestCaseExecutor.java:328)
	at com.kms.katalon.core.main.TestCaseExecutor.doExecute(TestCaseExecutor.java:319)
	at com.kms.katalon.core.main.TestCaseExecutor.processExecutionPhase(TestCaseExecutor.java:298)
	at com.kms.katalon.core.main.TestCaseExecutor.accessMainPhase(TestCaseExecutor.java:290)
	at com.kms.katalon.core.main.TestCaseExecutor.execute(TestCaseExecutor.java:224)
	at com.kms.katalon.core.main.TestSuiteExecutor.accessTestCaseMainPhase(TestSuiteExecutor.java:129)
	at com.kms.katalon.core.main.TestSuiteExecutor.accessTestSuiteMainPhase(TestSuiteExecutor.java:112)
	at com.kms.katalon.core.main.TestSuiteExecutor.execute(TestSuiteExecutor.java:81)
	at com.kms.katalon.core.main.TestCaseMain.startTestSuite(TestCaseMain.java:149)
	at com.kms.katalon.core.main.TestCaseMain$startTestSuite$0.call(Unknown Source)
	at TempTestSuite1566206810208.run(TempTestSuite1566206810208.groovy:36)]]></system-out>
         <system-err><![CDATA[2019-08-19 05:37:12 - [TEST_CASE][FAILED] - Test Cases/mobileWeb/stm/NationalGeneral: Test Cases/mobileWeb/stm/NationalGeneral FAILED.
Reason:
com.kms.katalon.core.exception.StepFailedException: Unable to click on object 'Object Repository/mobileSanity/STM/Page_App Page 4/div_CLICK TO SIGN' (Root cause: com.kms.katalon.core.webui.exception.WebElementNotFoundException: Web element with id: 'Object Repository/mobileSanity/STM/Page_App Page 4/div_CLICK TO SIGN' located by 'By.xpath: //div[@id = 'js-signature-tab' and (text() = 'CLICK TO SIGN↓' or . = 'CLICK TO SIGN↓')]' not found)
	at com.kms.katalon.core.keyword.internal.KeywordMain.stepFailed(KeywordMain.groovy:36)
	at com.kms.katalon.core.webui.keyword.internal.WebUIKeywordMain.stepFailed(WebUIKeywordMain.groovy:65)
	at com.kms.katalon.core.webui.keyword.internal.WebUIKeywordMain.runKeyword(WebUIKeywordMain.groovy:27)
	at com.kms.katalon.core.webui.keyword.builtin.ClickKeyword.click(ClickKeyword.groovy:86)
	at com.kms.katalon.core.webui.keyword.builtin.ClickKeyword.execute(ClickKeyword.groovy:67)
	at com.kms.katalon.core.keyword.internal.KeywordExecutor.executeKeywordForPlatform(KeywordExecutor.groovy:53)
	at com.kms.katalon.core.webui.keyword.WebUiBuiltInKeywords.click(WebUiBuiltInKeywords.groovy:616)
	at com.kms.katalon.core.webui.keyword.WebUiBuiltInKeywords$click$3.call(Unknown Source)
	at goToEnd_stm_autofill.run(goToEnd_stm_autofill:89)
	at com.kms.katalon.core.main.ScriptEngine.run(ScriptEngine.java:194)
	at com.kms.katalon.core.main.ScriptEngine.runScriptAsRawText(ScriptEngine.java:119)
	at com.kms.katalon.core.main.TestCaseExecutor.runScript(TestCaseExecutor.java:328)
	at com.kms.katalon.core.main.TestCaseExecutor.doExecute(TestCaseExecutor.java:319)
	at com.kms.katalon.core.main.TestCaseExecutor.processExecutionPhase(TestCaseExecutor.java:298)
	at com.kms.katalon.core.main.TestCaseExecutor.accessMainPhase(TestCaseExecutor.java:290)
	at com.kms.katalon.core.main.TestCaseExecutor.execute(TestCaseExecutor.java:224)
	at com.kms.katalon.core.main.TestCaseMain.runTestCase(TestCaseMain.java:106)
	at com.kms.katalon.core.keyword.builtin.CallTestCaseKeyword$_callTestCase_closure1.doCall(CallTestCaseKeyword.groovy:59)
	at com.kms.katalon.core.keyword.builtin.CallTestCaseKeyword$_callTestCase_closure1.call(CallTestCaseKeyword.groovy)
	at com.kms.katalon.core.keyword.internal.KeywordMain.runKeyword(KeywordMain.groovy:54)
	at com.kms.katalon.core.keyword.builtin.CallTestCaseKeyword.callTestCase(CallTestCaseKeyword.groovy:80)
	at com.kms.katalon.core.keyword.builtin.CallTestCaseKeyword.execute(CallTestCaseKeyword.groovy:44)
	at com.kms.katalon.core.keyword.internal.KeywordExecutor.executeKeywordForPlatform(KeywordExecutor.groovy:53)
	at com.kms.katalon.core.keyword.BuiltinKeywords.callTestCase(BuiltinKeywords.groovy:334)
	at NationalGeneral.run(NationalGeneral:31)
	at com.kms.katalon.core.main.ScriptEngine.run(ScriptEngine.java:194)
	at com.kms.katalon.core.main.ScriptEngine.runScriptAsRawText(ScriptEngine.java:119)
	at com.kms.katalon.core.main.TestCaseExecutor.runScript(TestCaseExecutor.java:328)
	at com.kms.katalon.core.main.TestCaseExecutor.doExecute(TestCaseExecutor.java:319)
	at com.kms.katalon.core.main.TestCaseExecutor.processExecutionPhase(TestCaseExecutor.java:298)
	at com.kms.katalon.core.main.TestCaseExecutor.accessMainPhase(TestCaseExecutor.java:290)
	at com.kms.katalon.core.main.TestCaseExecutor.execute(TestCaseExecutor.java:224)
	at com.kms.katalon.core.main.TestSuiteExecutor.accessTestCaseMainPhase(TestSuiteExecutor.java:129)
	at com.kms.katalon.core.main.TestSuiteExecutor.accessTestSuiteMainPhase(TestSuiteExecutor.java:112)
	at com.kms.katalon.core.main.TestSuiteExecutor.execute(TestSuiteExecutor.java:81)
	at com.kms.katalon.core.main.TestCaseMain.startTestSuite(TestCaseMain.java:149)
	at com.kms.katalon.core.main.TestCaseMain$startTestSuite$0.call(Unknown Source)
	at TempTestSuite1566206810208.run(TempTestSuite1566206810208.groovy:36)]]></system-err>
      </testcase>
      <system-out><![CDATA[2019-08-19 05:26:54 - [TEST_SUITE][FAILED] - stm: Test Cases/mobileWeb/stm/Slaico FAILED.
Reason:
com.kms.katalon.core.exception.StepFailedException: Unable to click on object 'Object Repository/mobileSanity/STM/Page_App Page 4/div_CLICK TO SIGN' (Root cause: com.kms.katalon.core.webui.exception.WebElementNotFoundException: Web element with id: 'Object Repository/mobileSanity/STM/Page_App Page 4/div_CLICK TO SIGN' located by 'By.xpath: //div[@id = 'js-signature-tab' and (text() = 'CLICK TO SIGN↓' or . = 'CLICK TO SIGN↓')]' not found)
	at com.kms.katalon.core.keyword.internal.KeywordMain.stepFailed(KeywordMain.groovy:36)
	at com.kms.katalon.core.webui.keyword.internal.WebUIKeywordMain.stepFailed(WebUIKeywordMain.groovy:65)
	at com.kms.katalon.core.webui.keyword.internal.WebUIKeywordMain.runKeyword(WebUIKeywordMain.groovy:27)
	at com.kms.katalon.core.webui.keyword.builtin.ClickKeyword.click(ClickKeyword.groovy:86)
	at com.kms.katalon.core.webui.keyword.builtin.ClickKeyword.execute(ClickKeyword.groovy:67)
	at com.kms.katalon.core.keyword.internal.KeywordExecutor.executeKeywordForPlatform(KeywordExecutor.groovy:53)
	at com.kms.katalon.core.webui.keyword.WebUiBuiltInKeywords.click(WebUiBuiltInKeywords.groovy:616)
	at com.kms.katalon.core.webui.keyword.WebUiBuiltInKeywords$click$3.call(Unknown Source)
	at goToEnd_stm_autofill.run(goToEnd_stm_autofill:89)
	at com.kms.katalon.core.main.ScriptEngine.run(ScriptEngine.java:194)
	at com.kms.katalon.core.main.ScriptEngine.runScriptAsRawText(ScriptEngine.java:119)
	at com.kms.katalon.core.main.TestCaseExecutor.runScript(TestCaseExecutor.java:328)
	at com.kms.katalon.core.main.TestCaseExecutor.doExecute(TestCaseExecutor.java:319)
	at com.kms.katalon.core.main.TestCaseExecutor.processExecutionPhase(TestCaseExecutor.java:298)
	at com.kms.katalon.core.main.TestCaseExecutor.accessMainPhase(TestCaseExecutor.java:290)
	at com.kms.katalon.core.main.TestCaseExecutor.execute(TestCaseExecutor.java:224)
	at com.kms.katalon.core.main.TestCaseMain.runTestCase(TestCaseMain.java:106)
	at com.kms.katalon.core.keyword.builtin.CallTestCaseKeyword$_callTestCase_closure1.doCall(CallTestCaseKeyword.groovy:59)
	at com.kms.katalon.core.keyword.builtin.CallTestCaseKeyword$_callTestCase_closure1.call(CallTestCaseKeyword.groovy)
	at com.kms.katalon.core.keyword.internal.KeywordMain.runKeyword(KeywordMain.groovy:54)
	at com.kms.katalon.core.keyword.builtin.CallTestCaseKeyword.callTestCase(CallTestCaseKeyword.groovy:80)
	at com.kms.katalon.core.keyword.builtin.CallTestCaseKeyword.execute(CallTestCaseKeyword.groovy:44)
	at com.kms.katalon.core.keyword.internal.KeywordExecutor.executeKeywordForPlatform(KeywordExecutor.groovy:53)
	at com.kms.katalon.core.keyword.BuiltinKeywords.callTestCase(BuiltinKeywords.groovy:334)
	at Slaico.run(Slaico:32)
	at com.kms.katalon.core.main.ScriptEngine.run(ScriptEngine.java:194)
	at com.kms.katalon.core.main.ScriptEngine.runScriptAsRawText(ScriptEngine.java:119)
	at com.kms.katalon.core.main.TestCaseExecutor.runScript(TestCaseExecutor.java:328)
	at com.kms.katalon.core.main.TestCaseExecutor.doExecute(TestCaseExecutor.java:319)
	at com.kms.katalon.core.main.TestCaseExecutor.processExecutionPhase(TestCaseExecutor.java:298)
	at com.kms.katalon.core.main.TestCaseExecutor.accessMainPhase(TestCaseExecutor.java:290)
	at com.kms.katalon.core.main.TestCaseExecutor.execute(TestCaseExecutor.java:224)
	at com.kms.katalon.core.main.TestSuiteExecutor.accessTestCaseMainPhase(TestSuiteExecutor.java:129)
	at com.kms.katalon.core.main.TestSuiteExecutor.accessTestSuiteMainPhase(TestSuiteExecutor.java:112)
	at com.kms.katalon.core.main.TestSuiteExecutor.execute(TestSuiteExecutor.java:81)
	at com.kms.katalon.core.main.TestCaseMain.startTestSuite(TestCaseMain.java:149)
	at com.kms.katalon.core.main.TestCaseMain$startTestSuite$0.call(Unknown Source)
	at TempTestSuite1566206810208.run(TempTestSuite1566206810208.groovy:36)]]></system-out>
      <system-err><![CDATA[2019-08-19 05:26:54 - [TEST_SUITE][FAILED] - stm: Test Cases/mobileWeb/stm/Slaico FAILED.
Reason:
com.kms.katalon.core.exception.StepFailedException: Unable to click on object 'Object Repository/mobileSanity/STM/Page_App Page 4/div_CLICK TO SIGN' (Root cause: com.kms.katalon.core.webui.exception.WebElementNotFoundException: Web element with id: 'Object Repository/mobileSanity/STM/Page_App Page 4/div_CLICK TO SIGN' located by 'By.xpath: //div[@id = 'js-signature-tab' and (text() = 'CLICK TO SIGN↓' or . = 'CLICK TO SIGN↓')]' not found)
	at com.kms.katalon.core.keyword.internal.KeywordMain.stepFailed(KeywordMain.groovy:36)
	at com.kms.katalon.core.webui.keyword.internal.WebUIKeywordMain.stepFailed(WebUIKeywordMain.groovy:65)
	at com.kms.katalon.core.webui.keyword.internal.WebUIKeywordMain.runKeyword(WebUIKeywordMain.groovy:27)
	at com.kms.katalon.core.webui.keyword.builtin.ClickKeyword.click(ClickKeyword.groovy:86)
	at com.kms.katalon.core.webui.keyword.builtin.ClickKeyword.execute(ClickKeyword.groovy:67)
	at com.kms.katalon.core.keyword.internal.KeywordExecutor.executeKeywordForPlatform(KeywordExecutor.groovy:53)
	at com.kms.katalon.core.webui.keyword.WebUiBuiltInKeywords.click(WebUiBuiltInKeywords.groovy:616)
	at com.kms.katalon.core.webui.keyword.WebUiBuiltInKeywords$click$3.call(Unknown Source)
	at goToEnd_stm_autofill.run(goToEnd_stm_autofill:89)
	at com.kms.katalon.core.main.ScriptEngine.run(ScriptEngine.java:194)
	at com.kms.katalon.core.main.ScriptEngine.runScriptAsRawText(ScriptEngine.java:119)
	at com.kms.katalon.core.main.TestCaseExecutor.runScript(TestCaseExecutor.java:328)
	at com.kms.katalon.core.main.TestCaseExecutor.doExecute(TestCaseExecutor.java:319)
	at com.kms.katalon.core.main.TestCaseExecutor.processExecutionPhase(TestCaseExecutor.java:298)
	at com.kms.katalon.core.main.TestCaseExecutor.accessMainPhase(TestCaseExecutor.java:290)
	at com.kms.katalon.core.main.TestCaseExecutor.execute(TestCaseExecutor.java:224)
	at com.kms.katalon.core.main.TestCaseMain.runTestCase(TestCaseMain.java:106)
	at com.kms.katalon.core.keyword.builtin.CallTestCaseKeyword$_callTestCase_closure1.doCall(CallTestCaseKeyword.groovy:59)
	at com.kms.katalon.core.keyword.builtin.CallTestCaseKeyword$_callTestCase_closure1.call(CallTestCaseKeyword.groovy)
	at com.kms.katalon.core.keyword.internal.KeywordMain.runKeyword(KeywordMain.groovy:54)
	at com.kms.katalon.core.keyword.builtin.CallTestCaseKeyword.callTestCase(CallTestCaseKeyword.groovy:80)
	at com.kms.katalon.core.keyword.builtin.CallTestCaseKeyword.execute(CallTestCaseKeyword.groovy:44)
	at com.kms.katalon.core.keyword.internal.KeywordExecutor.executeKeywordForPlatform(KeywordExecutor.groovy:53)
	at com.kms.katalon.core.keyword.BuiltinKeywords.callTestCase(BuiltinKeywords.groovy:334)
	at Slaico.run(Slaico:32)
	at com.kms.katalon.core.main.ScriptEngine.run(ScriptEngine.java:194)
	at com.kms.katalon.core.main.ScriptEngine.runScriptAsRawText(ScriptEngine.java:119)
	at com.kms.katalon.core.main.TestCaseExecutor.runScript(TestCaseExecutor.java:328)
	at com.kms.katalon.core.main.TestCaseExecutor.doExecute(TestCaseExecutor.java:319)
	at com.kms.katalon.core.main.TestCaseExecutor.processExecutionPhase(TestCaseExecutor.java:298)
	at com.kms.katalon.core.main.TestCaseExecutor.accessMainPhase(TestCaseExecutor.java:290)
	at com.kms.katalon.core.main.TestCaseExecutor.execute(TestCaseExecutor.java:224)
	at com.kms.katalon.core.main.TestSuiteExecutor.accessTestCaseMainPhase(TestSuiteExecutor.java:129)
	at com.kms.katalon.core.main.TestSuiteExecutor.accessTestSuiteMainPhase(TestSuiteExecutor.java:112)
	at com.kms.katalon.core.main.TestSuiteExecutor.execute(TestSuiteExecutor.java:81)
	at com.kms.katalon.core.main.TestCaseMain.startTestSuite(TestCaseMain.java:149)
	at com.kms.katalon.core.main.TestCaseMain$startTestSuite$0.call(Unknown Source)
	at TempTestSuite1566206810208.run(TempTestSuite1566206810208.groovy:36)]]></system-err>
   </testsuite>
</testsuites>
