<?xml version="1.0" encoding="UTF-8" standalone="yes"?>
<testsuites name="hbi" time="893" tests="8" failures="0" errors="0">
    <testsuite name="hbi" tests="8" failures="0" errors="0" time="893" timestamp="2019-07-30 14:42:11" hostname="sofee.yu - windows10.microdone.cn" id="Test Suites/mobileWeb/hbi">
        <properties>
            <property name="deviceName" value=""/>
            <property name="devicePlatform" value=""/>
            <property name="logFolder" value="D:\\Test\\AgileTest\\AgileTest\\Reports\\mobileWeb\\hbi\\20190730_144207"/>
            <property name="logFiles" value="D:\\Test\\AgileTest\\AgileTest\\Reports\\mobileWeb\\hbi\\20190730_144207\\execution0.log"/>
            <property name="attachments" value="D:\\Test\\AgileTest\\AgileTest\\Reports\\mobileWeb\\hbi\\20190730_144207\\../Screenshots/iPhone X/hbi/Agile One/20190730_144212/0.png, D:\\Test\\AgileTest\\AgileTest\\Reports\\mobileWeb\\hbi\\20190730_144207\\../Screenshots/iPhone X/hbi/Agile One/20190730_144212/1.png, D:\\Test\\AgileTest\\AgileTest\\Reports\\mobileWeb\\hbi\\20190730_144207\\../Screenshots/iPhone X/hbi/Agile One/20190730_144212/2.png, D:\\Test\\AgileTest\\AgileTest\\Reports\\mobileWeb\\hbi\\20190730_144207\\../Screenshots/iPhone X/hbi/Agile One/20190730_144212/3.png, D:\\Test\\AgileTest\\AgileTest\\Reports\\mobileWeb\\hbi\\20190730_144207\\../Screenshots/iPhone X/hbi/Agile One/20190730_144212/4.png, D:\\Test\\AgileTest\\AgileTest\\Reports\\mobileWeb\\hbi\\20190730_144207\\../Screenshots/iPhone X/hbi/Agile One/20190730_144212/5.png, D:\\Test\\AgileTest\\AgileTest\\Reports\\mobileWeb\\hbi\\20190730_144207\\../Screenshots/iPhone X/hbi/Agile One/20190730_144212/6.png, D:\\Test\\AgileTest\\AgileTest\\Reports\\mobileWeb\\hbi\\20190730_144207\\../Screenshots/iPhone X/hbi/Agile One/20190730_144212/7.png, D:\\Test\\AgileTest\\AgileTest\\Reports\\mobileWeb\\hbi\\20190730_144207\\../Screenshots/iPhone X/hbi/Agile One/20190730_144212/8.png, D:\\Test\\AgileTest\\AgileTest\\Reports\\mobileWeb\\hbi\\20190730_144207\\../Screenshots/iPhone X/hbi/Legion Limited Medical/20190730_144425/0.png, D:\\Test\\AgileTest\\AgileTest\\Reports\\mobileWeb\\hbi\\20190730_144207\\../Screenshots/iPhone X/hbi/Legion Limited Medical/20190730_144425/1.png, D:\\Test\\AgileTest\\AgileTest\\Reports\\mobileWeb\\hbi\\20190730_144207\\../Screenshots/iPhone X/hbi/Legion Limited Medical/20190730_144425/2.png, D:\\Test\\AgileTest\\AgileTest\\Reports\\mobileWeb\\hbi\\20190730_144207\\../Screenshots/iPhone X/hbi/Legion Limited Medical/20190730_144425/3.png, D:\\Test\\AgileTest\\AgileTest\\Reports\\mobileWeb\\hbi\\20190730_144207\\../Screenshots/iPhone X/hbi/Legion Limited Medical/20190730_144425/4.png, D:\\Test\\AgileTest\\AgileTest\\Reports\\mobileWeb\\hbi\\20190730_144207\\../Screenshots/iPhone X/hbi/Legion Limited Medical/20190730_144425/5.png, D:\\Test\\AgileTest\\AgileTest\\Reports\\mobileWeb\\hbi\\20190730_144207\\../Screenshots/iPhone X/hbi/Legion Limited Medical/20190730_144425/6.png, D:\\Test\\AgileTest\\AgileTest\\Reports\\mobileWeb\\hbi\\20190730_144207\\../Screenshots/iPhone X/hbi/Legion Limited Medical/20190730_144425/7.png, D:\\Test\\AgileTest\\AgileTest\\Reports\\mobileWeb\\hbi\\20190730_144207\\../Screenshots/iPhone X/hbi/Legion Limited Medical/20190730_144425/8.png, D:\\Test\\AgileTest\\AgileTest\\Reports\\mobileWeb\\hbi\\20190730_144207\\../Screenshots/iPhone X/hbi/Cardinal Choice/20190730_144615/0.png, D:\\Test\\AgileTest\\AgileTest\\Reports\\mobileWeb\\hbi\\20190730_144207\\../Screenshots/iPhone X/hbi/Cardinal Choice/20190730_144615/1.png, D:\\Test\\AgileTest\\AgileTest\\Reports\\mobileWeb\\hbi\\20190730_144207\\../Screenshots/iPhone X/hbi/Cardinal Choice/20190730_144615/2.png, D:\\Test\\AgileTest\\AgileTest\\Reports\\mobileWeb\\hbi\\20190730_144207\\../Screenshots/iPhone X/hbi/Cardinal Choice/20190730_144615/3.png, D:\\Test\\AgileTest\\AgileTest\\Reports\\mobileWeb\\hbi\\20190730_144207\\../Screenshots/iPhone X/hbi/Cardinal Choice/20190730_144615/4.png, D:\\Test\\AgileTest\\AgileTest\\Reports\\mobileWeb\\hbi\\20190730_144207\\../Screenshots/iPhone X/hbi/Cardinal Choice/20190730_144615/5.png, D:\\Test\\AgileTest\\AgileTest\\Reports\\mobileWeb\\hbi\\20190730_144207\\../Screenshots/iPhone X/hbi/Cardinal Choice/20190730_144615/6.png, D:\\Test\\AgileTest\\AgileTest\\Reports\\mobileWeb\\hbi\\20190730_144207\\../Screenshots/iPhone X/hbi/Cardinal Choice/20190730_144615/7.png, D:\\Test\\AgileTest\\AgileTest\\Reports\\mobileWeb\\hbi\\20190730_144207\\../Screenshots/iPhone X/hbi/Cardinal Choice/20190730_144615/8.png, D:\\Test\\AgileTest\\AgileTest\\Reports\\mobileWeb\\hbi\\20190730_144207\\../Screenshots/iPhone X/hbi/Core Shield/20190730_144801/0.png, D:\\Test\\AgileTest\\AgileTest\\Reports\\mobileWeb\\hbi\\20190730_144207\\../Screenshots/iPhone X/hbi/Core Shield/20190730_144801/1.png, D:\\Test\\AgileTest\\AgileTest\\Reports\\mobileWeb\\hbi\\20190730_144207\\../Screenshots/iPhone X/hbi/Core Shield/20190730_144801/2.png, D:\\Test\\AgileTest\\AgileTest\\Reports\\mobileWeb\\hbi\\20190730_144207\\../Screenshots/iPhone X/hbi/Core Shield/20190730_144801/3.png, D:\\Test\\AgileTest\\AgileTest\\Reports\\mobileWeb\\hbi\\20190730_144207\\../Screenshots/iPhone X/hbi/Core Shield/20190730_144801/4.png, D:\\Test\\AgileTest\\AgileTest\\Reports\\mobileWeb\\hbi\\20190730_144207\\../Screenshots/iPhone X/hbi/Core Shield/20190730_144801/5.png, D:\\Test\\AgileTest\\AgileTest\\Reports\\mobileWeb\\hbi\\20190730_144207\\../Screenshots/iPhone X/hbi/Core Shield/20190730_144801/6.png, D:\\Test\\AgileTest\\AgileTest\\Reports\\mobileWeb\\hbi\\20190730_144207\\../Screenshots/iPhone X/hbi/Core Shield/20190730_144801/7.png, D:\\Test\\AgileTest\\AgileTest\\Reports\\mobileWeb\\hbi\\20190730_144207\\../Screenshots/iPhone X/hbi/Core Shield/20190730_144801/8.png, D:\\Test\\AgileTest\\AgileTest\\Reports\\mobileWeb\\hbi\\20190730_144207\\../Screenshots/iPhone X/hbi/Agile Secure/20190730_144952/0.png, D:\\Test\\AgileTest\\AgileTest\\Reports\\mobileWeb\\hbi\\20190730_144207\\../Screenshots/iPhone X/hbi/Agile Secure/20190730_144952/1.png, D:\\Test\\AgileTest\\AgileTest\\Reports\\mobileWeb\\hbi\\20190730_144207\\../Screenshots/iPhone X/hbi/Agile Secure/20190730_144952/2.png, D:\\Test\\AgileTest\\AgileTest\\Reports\\mobileWeb\\hbi\\20190730_144207\\../Screenshots/iPhone X/hbi/Agile Secure/20190730_144952/3.png, D:\\Test\\AgileTest\\AgileTest\\Reports\\mobileWeb\\hbi\\20190730_144207\\../Screenshots/iPhone X/hbi/Agile Secure/20190730_144952/4.png, D:\\Test\\AgileTest\\AgileTest\\Reports\\mobileWeb\\hbi\\20190730_144207\\../Screenshots/iPhone X/hbi/Agile Secure/20190730_144952/5.png, D:\\Test\\AgileTest\\AgileTest\\Reports\\mobileWeb\\hbi\\20190730_144207\\../Screenshots/iPhone X/hbi/Agile Secure/20190730_144952/6.png, D:\\Test\\AgileTest\\AgileTest\\Reports\\mobileWeb\\hbi\\20190730_144207\\../Screenshots/iPhone X/hbi/Agile Secure/20190730_144952/7.png, D:\\Test\\AgileTest\\AgileTest\\Reports\\mobileWeb\\hbi\\20190730_144207\\../Screenshots/iPhone X/hbi/Fixed Cash Benefit/20190730_145131/0.png, D:\\Test\\AgileTest\\AgileTest\\Reports\\mobileWeb\\hbi\\20190730_144207\\../Screenshots/iPhone X/hbi/Fixed Cash Benefit/20190730_145131/1.png, D:\\Test\\AgileTest\\AgileTest\\Reports\\mobileWeb\\hbi\\20190730_144207\\../Screenshots/iPhone X/hbi/Fixed Cash Benefit/20190730_145131/2.png, D:\\Test\\AgileTest\\AgileTest\\Reports\\mobileWeb\\hbi\\20190730_144207\\../Screenshots/iPhone X/hbi/Fixed Cash Benefit/20190730_145131/3.png, D:\\Test\\AgileTest\\AgileTest\\Reports\\mobileWeb\\hbi\\20190730_144207\\../Screenshots/iPhone X/hbi/Fixed Cash Benefit/20190730_145131/4.png, D:\\Test\\AgileTest\\AgileTest\\Reports\\mobileWeb\\hbi\\20190730_144207\\../Screenshots/iPhone X/hbi/Fixed Cash Benefit/20190730_145131/5.png, D:\\Test\\AgileTest\\AgileTest\\Reports\\mobileWeb\\hbi\\20190730_144207\\../Screenshots/iPhone X/hbi/Fixed Cash Benefit/20190730_145131/6.png, D:\\Test\\AgileTest\\AgileTest\\Reports\\mobileWeb\\hbi\\20190730_144207\\../Screenshots/iPhone X/hbi/Fixed Cash Benefit/20190730_145131/7.png, D:\\Test\\AgileTest\\AgileTest\\Reports\\mobileWeb\\hbi\\20190730_144207\\../Screenshots/iPhone X/hbi/Fixed Cash Benefit/20190730_145131/8.png, D:\\Test\\AgileTest\\AgileTest\\Reports\\mobileWeb\\hbi\\20190730_144207\\../Screenshots/iPhone X/hbi/Health Choice/20190730_145328/0.png, D:\\Test\\AgileTest\\AgileTest\\Reports\\mobileWeb\\hbi\\20190730_144207\\../Screenshots/iPhone X/hbi/Health Choice/20190730_145328/1.png, D:\\Test\\AgileTest\\AgileTest\\Reports\\mobileWeb\\hbi\\20190730_144207\\../Screenshots/iPhone X/hbi/Health Choice/20190730_145328/2.png, D:\\Test\\AgileTest\\AgileTest\\Reports\\mobileWeb\\hbi\\20190730_144207\\../Screenshots/iPhone X/hbi/Health Choice/20190730_145328/3.png, D:\\Test\\AgileTest\\AgileTest\\Reports\\mobileWeb\\hbi\\20190730_144207\\../Screenshots/iPhone X/hbi/Health Choice/20190730_145328/4.png, D:\\Test\\AgileTest\\AgileTest\\Reports\\mobileWeb\\hbi\\20190730_144207\\../Screenshots/iPhone X/hbi/Health Choice/20190730_145328/5.png, D:\\Test\\AgileTest\\AgileTest\\Reports\\mobileWeb\\hbi\\20190730_144207\\../Screenshots/iPhone X/hbi/Health Choice/20190730_145328/6.png, D:\\Test\\AgileTest\\AgileTest\\Reports\\mobileWeb\\hbi\\20190730_144207\\../Screenshots/iPhone X/hbi/Health Choice/20190730_145328/7.png, D:\\Test\\AgileTest\\AgileTest\\Reports\\mobileWeb\\hbi\\20190730_144207\\../Screenshots/iPhone X/hbi/Health Choice/20190730_145328/8.png, D:\\Test\\AgileTest\\AgileTest\\Reports\\mobileWeb\\hbi\\20190730_144207\\../Screenshots/iPhone X/hbi/Vitala Care/20190730_145517/0.png, D:\\Test\\AgileTest\\AgileTest\\Reports\\mobileWeb\\hbi\\20190730_144207\\../Screenshots/iPhone X/hbi/Vitala Care/20190730_145517/1.png, D:\\Test\\AgileTest\\AgileTest\\Reports\\mobileWeb\\hbi\\20190730_144207\\../Screenshots/iPhone X/hbi/Vitala Care/20190730_145517/2.png, D:\\Test\\AgileTest\\AgileTest\\Reports\\mobileWeb\\hbi\\20190730_144207\\../Screenshots/iPhone X/hbi/Vitala Care/20190730_145517/3.png, D:\\Test\\AgileTest\\AgileTest\\Reports\\mobileWeb\\hbi\\20190730_144207\\../Screenshots/iPhone X/hbi/Vitala Care/20190730_145517/4.png, D:\\Test\\AgileTest\\AgileTest\\Reports\\mobileWeb\\hbi\\20190730_144207\\../Screenshots/iPhone X/hbi/Vitala Care/20190730_145517/5.png, D:\\Test\\AgileTest\\AgileTest\\Reports\\mobileWeb\\hbi\\20190730_144207\\../Screenshots/iPhone X/hbi/Vitala Care/20190730_145517/6.png, D:\\Test\\AgileTest\\AgileTest\\Reports\\mobileWeb\\hbi\\20190730_144207\\../Screenshots/iPhone X/hbi/Vitala Care/20190730_145517/7.png, D:\\Test\\AgileTest\\AgileTest\\Reports\\mobileWeb\\hbi\\20190730_144207\\../Screenshots/iPhone X/hbi/Vitala Care/20190730_145517/8.png"/>
            <property name="hostName" value="sofee.yu - windows10.microdone.cn"/>
            <property name="os" value="Windows 7 64bit"/>
            <property name="katalonVersion" value="6.2.2.4"/>
            <property name="browser" value="Safari 11"/>
            <property name="hostAddress" value="172.16.86.47"/>
            <property name="sessionId" value="80f8e5eb06f893bacb7deaa68d6bc5e1"/>
            <property name="seleniumVersion" value="3.141.59"/>
            <property name="proxyInformation" value="ProxyInformation{proxyOption=NO_PROXY, proxyServerType=HTTP, password=, proxyServerAddress=, proxyServerPort=0}"/>
            <property name="platform" value="Windows 7"/>
        </properties>
        <testcase name="Test Cases/mobileWeb/HBI/Agile One" classname="Test Cases/mobileWeb/HBI/Agile One" status="PASSED">
            <system-out>2019-07-30 14:42:11 - [TEST_CASE][PASSED] - Test Cases/mobileWeb/HBI/Agile One: Test Cases/mobileWeb/HBI/Agile One&#xD;
&#xD;
2019-07-30 14:42:12 - [TEST_STEP][PASSED] - callTestCase(findTestCase("mobileWeb/_include/get_screenPath"), ["productLine":"hbi", "carrierName":"Agile One"], CONTINUE_ON_FAILURE): Call Test Case 'Test Cases/mobileWeb/_include/get_screenPath' successfully&#xD;
&#xD;
2019-07-30 14:42:12 - [TEST_CASE][PASSED] - Test Cases/mobileWeb/_include/get_screenPath: Test Cases/mobileWeb/_include/get_screenPath&#xD;
&#xD;
2019-07-30 14:42:12 - [TEST_STEP][PASSED] - m = getExecutionProperties(): null&#xD;
&#xD;
2019-07-30 14:42:12 - [TEST_STEP][PASSED] - deviceName = get("mobileEmulation").get("deviceName"): null&#xD;
&#xD;
2019-07-30 14:42:12 - [TEST_STEP][PASSED] - println(deviceName): null&#xD;
&#xD;
2019-07-30 14:42:12 - [TEST_STEP][PASSED] - now = new java.util.Date(): null&#xD;
&#xD;
2019-07-30 14:42:12 - [TEST_STEP][PASSED] - mydate = now.format("yyyyMMdd_HHmmss"): null&#xD;
&#xD;
2019-07-30 14:42:12 - [TEST_STEP][PASSED] - screenPath = "../Screenshots/": null&#xD;
&#xD;
2019-07-30 14:42:13 - [TEST_STEP][PASSED] - screenPath = screenPath + deviceName + "/" + productLine + "/" + carrierName + "/" + mydate + "/": null&#xD;
&#xD;
2019-07-30 14:42:13 - [TEST_STEP][PASSED] - println(screenPath): null&#xD;
&#xD;
2019-07-30 14:42:13 - [MESSAGE][PASSED] - Call Test Case 'Test Cases/mobileWeb/_include/get_screenPath' successfully&#xD;
&#xD;
2019-07-30 14:42:13 - [TEST_STEP][PASSED] - i = 0: null&#xD;
&#xD;
2019-07-30 14:42:13 - [TEST_STEP][PASSED] - callTestCase(findTestCase("mobileWeb/_include/openWebSite"), [:], CONTINUE_ON_FAILURE): Call Test Case 'Test Cases/mobileWeb/_include/openWebSite' successfully&#xD;
&#xD;
2019-07-30 14:42:14 - [TEST_CASE][PASSED] - Test Cases/mobileWeb/_include/openWebSite: Test Cases/mobileWeb/_include/openWebSite&#xD;
&#xD;
2019-07-30 14:42:14 - [TEST_STEP][PASSED] - openBrowser(env): Browser is opened with url: 'https://praetemptatus.agilehealthinsurance.com'&#xD;
&#xD;
2019-07-30 14:42:14 - [MESSAGE][INFO] - Starting 'Chrome' driver&#xD;
&#xD;
2019-07-30 14:42:14 - [MESSAGE][INFO] - User set preference: ['mobileEmulation', '{deviceName=iPhone X}']&#xD;
&#xD;
2019-07-30 14:42:14 - [MESSAGE][INFO] - User set preference: ['args', '[--incognito, --aggressive-cache-discard, --no-sandbox, --window-size=375,812]']&#xD;
&#xD;
2019-07-30 14:42:14 - [MESSAGE][INFO] - Action delay is set to 0 seconds&#xD;
&#xD;
2019-07-30 14:42:23 - [MESSAGE][PASSED] - Browser is opened with url: 'https://praetemptatus.agilehealthinsurance.com'&#xD;
&#xD;
2019-07-30 14:42:23 - [TEST_STEP][PASSED] - waitForPageLoad(10): Wait for page load successfully&#xD;
&#xD;
2019-07-30 14:42:23 - [MESSAGE][PASSED] - Wait for page load successfully&#xD;
&#xD;
2019-07-30 14:42:23 - [TEST_STEP][PASSED] - callTestCase(findTestCase("mobileWeb/_include/get_screenshot"), [:], STOP_ON_FAILURE): Call Test Case 'Test Cases/mobileWeb/_include/get_screenshot' successfully&#xD;
&#xD;
2019-07-30 14:42:23 - [TEST_CASE][PASSED] - Test Cases/mobileWeb/_include/get_screenshot: Test Cases/mobileWeb/_include/get_screenshot&#xD;
&#xD;
2019-07-30 14:42:24 - [TEST_STEP][PASSED] - takeScreenshot(screenPath + i + ".png"): Taking screenshot successfully&#xD;
&#xD;
2019-07-30 14:42:27 - [MESSAGE][PASSED] - Taking screenshot successfully&#xD;
[[ATTACHMENT|D:\\Test\\AgileTest\\AgileTest\\Reports\\mobileWeb\\hbi\\20190730_144207\\../Screenshots/iPhone X/hbi/Agile One/20190730_144212/0.png]]&#xD;
&#xD;
2019-07-30 14:42:27 - [TEST_STEP][PASSED] - (internal.GlobalVariable.i++): null&#xD;
&#xD;
2019-07-30 14:42:27 - [MESSAGE][PASSED] - Call Test Case 'Test Cases/mobileWeb/_include/get_screenshot' successfully&#xD;
&#xD;
2019-07-30 14:42:27 - [MESSAGE][PASSED] - Call Test Case 'Test Cases/mobileWeb/_include/openWebSite' successfully&#xD;
&#xD;
2019-07-30 14:42:27 - [TEST_STEP][PASSED] - callTestCase(findTestCase("mobileWeb/_include/census_hbi"), [:], CONTINUE_ON_FAILURE): Call Test Case 'Test Cases/mobileWeb/_include/census_hbi' successfully&#xD;
&#xD;
2019-07-30 14:42:27 - [TEST_CASE][PASSED] - Test Cases/mobileWeb/_include/census_hbi: Test Cases/mobileWeb/_include/census_hbi&#xD;
&#xD;
2019-07-30 14:42:28 - [TEST_STEP][PASSED] - click(findTestObject("mobileSanity/Common/side_nav/menu")): Object: 'Object Repository/mobileSanity/Common/side_nav/menu' is clicked on&#xD;
&#xD;
2019-07-30 14:42:29 - [MESSAGE][PASSED] - Object: 'Object Repository/mobileSanity/Common/side_nav/menu' is clicked on&#xD;
&#xD;
2019-07-30 14:42:29 - [TEST_STEP][PASSED] - Thread.sleep(3000): null&#xD;
&#xD;
2019-07-30 14:42:32 - [TEST_STEP][PASSED] - click(findTestObject("mobileSanity/Common/side_nav/nav_hbi")): Object: 'Object Repository/mobileSanity/Common/side_nav/nav_hbi' is clicked on&#xD;
&#xD;
2019-07-30 14:42:35 - [MESSAGE][PASSED] - Object: 'Object Repository/mobileSanity/Common/side_nav/nav_hbi' is clicked on&#xD;
&#xD;
2019-07-30 14:42:35 - [TEST_STEP][PASSED] - waitForPageLoad(10): Wait for page load successfully&#xD;
&#xD;
2019-07-30 14:42:35 - [MESSAGE][PASSED] - Wait for page load successfully&#xD;
&#xD;
2019-07-30 14:42:35 - [TEST_STEP][PASSED] - callTestCase(findTestCase("mobileWeb/_include/get_screenshot"), [:], STOP_ON_FAILURE): Call Test Case 'Test Cases/mobileWeb/_include/get_screenshot' successfully&#xD;
&#xD;
2019-07-30 14:42:35 - [TEST_CASE][PASSED] - Test Cases/mobileWeb/_include/get_screenshot: Test Cases/mobileWeb/_include/get_screenshot&#xD;
&#xD;
2019-07-30 14:42:35 - [TEST_STEP][PASSED] - takeScreenshot(screenPath + i + ".png"): Taking screenshot successfully&#xD;
&#xD;
2019-07-30 14:42:37 - [MESSAGE][PASSED] - Taking screenshot successfully&#xD;
[[ATTACHMENT|D:\\Test\\AgileTest\\AgileTest\\Reports\\mobileWeb\\hbi\\20190730_144207\\../Screenshots/iPhone X/hbi/Agile One/20190730_144212/1.png]]&#xD;
&#xD;
2019-07-30 14:42:37 - [TEST_STEP][PASSED] - (internal.GlobalVariable.i++): null&#xD;
&#xD;
2019-07-30 14:42:37 - [MESSAGE][PASSED] - Call Test Case 'Test Cases/mobileWeb/_include/get_screenshot' successfully&#xD;
&#xD;
2019-07-30 14:42:37 - [TEST_STEP][PASSED] - setText(findTestObject("mobileSanity/HBI/census/input_Location_zip-input"), zipcode): Text '35215' is set on object 'Object Repository/mobileSanity/HBI/census/input_Location_zip-input'&#xD;
&#xD;
2019-07-30 14:42:38 - [MESSAGE][PASSED] - Text '35215' is set on object 'Object Repository/mobileSanity/HBI/census/input_Location_zip-input'&#xD;
&#xD;
2019-07-30 14:42:38 - [TEST_STEP][PASSED] - Thread.sleep(500): null&#xD;
&#xD;
2019-07-30 14:42:38 - [TEST_STEP][PASSED] - setText(findTestObject("mobileSanity/HBI/census/input_Date of Birth_dob-0"), "12121980"): Text '12121980' is set on object 'Object Repository/mobileSanity/HBI/census/input_Date of Birth_dob-0'&#xD;
&#xD;
2019-07-30 14:42:39 - [MESSAGE][PASSED] - Text '12121980' is set on object 'Object Repository/mobileSanity/HBI/census/input_Date of Birth_dob-0'&#xD;
&#xD;
2019-07-30 14:42:39 - [TEST_STEP][PASSED] - click(findTestObject("mobileSanity/HBI/census/label_Male")): Object: 'Object Repository/mobileSanity/HBI/census/label_Male' is clicked on&#xD;
&#xD;
2019-07-30 14:42:39 - [MESSAGE][PASSED] - Object: 'Object Repository/mobileSanity/HBI/census/label_Male' is clicked on&#xD;
&#xD;
2019-07-30 14:42:39 - [TEST_STEP][PASSED] - click(findTestObject("mobileSanity/HBI/census/label_Get a Quote")): Object: 'Object Repository/mobileSanity/HBI/census/label_Get a Quote' is clicked on&#xD;
&#xD;
2019-07-30 14:42:39 - [MESSAGE][PASSED] - Object: 'Object Repository/mobileSanity/HBI/census/label_Get a Quote' is clicked on&#xD;
&#xD;
2019-07-30 14:42:39 - [TEST_STEP][PASSED] - waitForPageLoad(10): Wait for page load successfully&#xD;
&#xD;
2019-07-30 14:42:39 - [MESSAGE][PASSED] - Wait for page load successfully&#xD;
&#xD;
2019-07-30 14:42:39 - [TEST_STEP][PASSED] - callTestCase(findTestCase("mobileWeb/_include/get_screenshot"), [:], STOP_ON_FAILURE): Call Test Case 'Test Cases/mobileWeb/_include/get_screenshot' successfully&#xD;
&#xD;
2019-07-30 14:42:39 - [TEST_CASE][PASSED] - Test Cases/mobileWeb/_include/get_screenshot: Test Cases/mobileWeb/_include/get_screenshot&#xD;
&#xD;
2019-07-30 14:42:39 - [TEST_STEP][PASSED] - takeScreenshot(screenPath + i + ".png"): Taking screenshot successfully&#xD;
&#xD;
2019-07-30 14:42:46 - [MESSAGE][PASSED] - Taking screenshot successfully&#xD;
[[ATTACHMENT|D:\\Test\\AgileTest\\AgileTest\\Reports\\mobileWeb\\hbi\\20190730_144207\\../Screenshots/iPhone X/hbi/Agile One/20190730_144212/2.png]]&#xD;
&#xD;
2019-07-30 14:42:46 - [TEST_STEP][PASSED] - (internal.GlobalVariable.i++): null&#xD;
&#xD;
2019-07-30 14:42:46 - [MESSAGE][PASSED] - Call Test Case 'Test Cases/mobileWeb/_include/get_screenshot' successfully&#xD;
&#xD;
2019-07-30 14:42:46 - [MESSAGE][PASSED] - Call Test Case 'Test Cases/mobileWeb/_include/census_hbi' successfully&#xD;
&#xD;
2019-07-30 14:42:46 - [TEST_STEP][PASSED] - Thread.sleep(5000): null&#xD;
&#xD;
2019-07-30 14:42:51 - [TEST_STEP][PASSED] - scrollToPosition(200, 2300): Browser is scrolled to position x = 200, y = 2300&#xD;
&#xD;
2019-07-30 14:42:51 - [MESSAGE][PASSED] - Browser is scrolled to position x = 200, y = 2300&#xD;
&#xD;
2019-07-30 14:42:51 - [TEST_STEP][PASSED] - click(findTestObject("mobileSanity/HBI/quote/a_Agile One 750")): Object: 'Object Repository/mobileSanity/HBI/quote/a_Agile One 750' is clicked on&#xD;
&#xD;
2019-07-30 14:42:55 - [MESSAGE][PASSED] - Object: 'Object Repository/mobileSanity/HBI/quote/a_Agile One 750' is clicked on&#xD;
&#xD;
2019-07-30 14:42:55 - [TEST_STEP][PASSED] - waitForPageLoad(10): Wait for page load successfully&#xD;
&#xD;
2019-07-30 14:42:55 - [MESSAGE][PASSED] - Wait for page load successfully&#xD;
&#xD;
2019-07-30 14:42:55 - [TEST_STEP][PASSED] - callTestCase(findTestCase("mobileWeb/_include/get_screenshot"), [:], STOP_ON_FAILURE): Call Test Case 'Test Cases/mobileWeb/_include/get_screenshot' successfully&#xD;
&#xD;
2019-07-30 14:42:55 - [TEST_CASE][PASSED] - Test Cases/mobileWeb/_include/get_screenshot: Test Cases/mobileWeb/_include/get_screenshot&#xD;
&#xD;
2019-07-30 14:42:55 - [TEST_STEP][PASSED] - takeScreenshot(screenPath + i + ".png"): Taking screenshot successfully&#xD;
&#xD;
2019-07-30 14:42:57 - [MESSAGE][PASSED] - Taking screenshot successfully&#xD;
[[ATTACHMENT|D:\\Test\\AgileTest\\AgileTest\\Reports\\mobileWeb\\hbi\\20190730_144207\\../Screenshots/iPhone X/hbi/Agile One/20190730_144212/3.png]]&#xD;
&#xD;
2019-07-30 14:42:57 - [TEST_STEP][PASSED] - (internal.GlobalVariable.i++): null&#xD;
&#xD;
2019-07-30 14:42:57 - [MESSAGE][PASSED] - Call Test Case 'Test Cases/mobileWeb/_include/get_screenshot' successfully&#xD;
&#xD;
2019-07-30 14:42:57 - [TEST_STEP][PASSED] - click(findTestObject("mobileSanity/HBI/detail/a_Apply for This Plan")): Object: 'Object Repository/mobileSanity/HBI/detail/a_Apply for This Plan' is clicked on&#xD;
&#xD;
2019-07-30 14:42:59 - [MESSAGE][PASSED] - Object: 'Object Repository/mobileSanity/HBI/detail/a_Apply for This Plan' is clicked on&#xD;
&#xD;
2019-07-30 14:42:59 - [TEST_STEP][PASSED] - waitForPageLoad(10): Wait for page load successfully&#xD;
&#xD;
2019-07-30 14:42:59 - [MESSAGE][PASSED] - Wait for page load successfully&#xD;
&#xD;
2019-07-30 14:42:59 - [TEST_STEP][PASSED] - callTestCase(findTestCase("mobileWeb/_include/get_screenshot"), [:], STOP_ON_FAILURE): Call Test Case 'Test Cases/mobileWeb/_include/get_screenshot' successfully&#xD;
&#xD;
2019-07-30 14:42:59 - [TEST_CASE][PASSED] - Test Cases/mobileWeb/_include/get_screenshot: Test Cases/mobileWeb/_include/get_screenshot&#xD;
&#xD;
2019-07-30 14:42:59 - [TEST_STEP][PASSED] - takeScreenshot(screenPath + i + ".png"): Taking screenshot successfully&#xD;
&#xD;
2019-07-30 14:43:00 - [MESSAGE][PASSED] - Taking screenshot successfully&#xD;
[[ATTACHMENT|D:\\Test\\AgileTest\\AgileTest\\Reports\\mobileWeb\\hbi\\20190730_144207\\../Screenshots/iPhone X/hbi/Agile One/20190730_144212/4.png]]&#xD;
&#xD;
2019-07-30 14:43:00 - [TEST_STEP][PASSED] - (internal.GlobalVariable.i++): null&#xD;
&#xD;
2019-07-30 14:43:00 - [MESSAGE][PASSED] - Call Test Case 'Test Cases/mobileWeb/_include/get_screenshot' successfully&#xD;
&#xD;
2019-07-30 14:43:00 - [TEST_STEP][PASSED] - click(findTestObject("mobileSanity/HBI/Page_Apply/span_Start Secure Application")): Object: 'Object Repository/mobileSanity/HBI/Page_Apply/span_Start Secure Application' is clicked on&#xD;
&#xD;
2019-07-30 14:43:02 - [MESSAGE][PASSED] - Object: 'Object Repository/mobileSanity/HBI/Page_Apply/span_Start Secure Application' is clicked on&#xD;
&#xD;
2019-07-30 14:43:02 - [TEST_STEP][PASSED] - waitForPageLoad(10): Wait for page load successfully&#xD;
&#xD;
2019-07-30 14:43:02 - [MESSAGE][PASSED] - Wait for page load successfully&#xD;
&#xD;
2019-07-30 14:43:02 - [TEST_STEP][PASSED] - callTestCase(findTestCase("mobileWeb/_include/get_screenshot"), [:], STOP_ON_FAILURE): Call Test Case 'Test Cases/mobileWeb/_include/get_screenshot' successfully&#xD;
&#xD;
2019-07-30 14:43:02 - [TEST_CASE][PASSED] - Test Cases/mobileWeb/_include/get_screenshot: Test Cases/mobileWeb/_include/get_screenshot&#xD;
&#xD;
2019-07-30 14:43:02 - [TEST_STEP][PASSED] - takeScreenshot(screenPath + i + ".png"): Taking screenshot successfully&#xD;
&#xD;
2019-07-30 14:43:04 - [MESSAGE][PASSED] - Taking screenshot successfully&#xD;
[[ATTACHMENT|D:\\Test\\AgileTest\\AgileTest\\Reports\\mobileWeb\\hbi\\20190730_144207\\../Screenshots/iPhone X/hbi/Agile One/20190730_144212/5.png]]&#xD;
&#xD;
2019-07-30 14:43:04 - [TEST_STEP][PASSED] - (internal.GlobalVariable.i++): null&#xD;
&#xD;
2019-07-30 14:43:04 - [MESSAGE][PASSED] - Call Test Case 'Test Cases/mobileWeb/_include/get_screenshot' successfully&#xD;
&#xD;
2019-07-30 14:43:04 - [TEST_STEP][PASSED] - callTestCase(findTestCase("mobileWeb/_include/goToEnd_hbi"), ["carrier":"agileone"], CONTINUE_ON_FAILURE): Call Test Case 'Test Cases/mobileWeb/_include/goToEnd_hbi' successfully&#xD;
&#xD;
2019-07-30 14:43:04 - [TEST_CASE][PASSED] - Test Cases/mobileWeb/_include/goToEnd_hbi: Test Cases/mobileWeb/_include/goToEnd_hbi&#xD;
&#xD;
2019-07-30 14:43:05 - [TEST_STEP][PASSED] - if (state == "ca"): null&#xD;
&#xD;
2019-07-30 14:43:05 - [TEST_STEP][PASSED] - callTestCase(findTestCase("mobileWeb/_include/name"), [:], CONTINUE_ON_FAILURE): Call Test Case 'Test Cases/mobileWeb/_include/name' successfully&#xD;
&#xD;
2019-07-30 14:43:05 - [TEST_CASE][PASSED] - Test Cases/mobileWeb/_include/name: Test Cases/mobileWeb/_include/name&#xD;
&#xD;
2019-07-30 14:43:05 - [TEST_STEP][PASSED] - driver = getWebDriver(): null&#xD;
&#xD;
2019-07-30 14:43:05 - [TEST_STEP][PASSED] - selenium = new com.thoughtworks.selenium.webdriven.WebDriverBackedSelenium(driver, internal.GlobalVariable.ENV): null&#xD;
&#xD;
2019-07-30 14:43:06 - [TEST_STEP][PASSED] - FirstName = "Test-123": null&#xD;
&#xD;
2019-07-30 14:43:06 - [TEST_STEP][PASSED] - LastName = selenium.getEval("{var x="ABCDEFGHIJKLMNOPQRSTUVWXYZabcdefghijklmnopqrstuvwxyz"; var tmp="ZZ11-"; for (i=0;i&lt;8;i++) tmp+=x.charAt(Math.ceil(51*Math.random()));tmp;}"): null&#xD;
&#xD;
2019-07-30 14:43:06 - [TEST_STEP][PASSED] - Address = selenium.getEval("{var x="ABCDEFGHIJKLMNOPQRSTUVWXYZabcdefghijklmnopqrstuvwxyz"; var tmp=""; for (i=0;i&lt;8;i++) tmp+=x.charAt(Math.ceil(51*Math.random()));tmp;}"): null&#xD;
&#xD;
2019-07-30 14:43:06 - [TEST_STEP][PASSED] - City = selenium.getEval("{var x="ABCDEFGHIJKLMNOPQRSTUVWXYZabcdefghijklmnopqrstuvwxyz"; var tmp=""; for (i=0;i&lt;8;i++) tmp+=x.charAt(Math.ceil(51*Math.random()));tmp;}"): null&#xD;
&#xD;
2019-07-30 14:43:06 - [TEST_STEP][PASSED] - tel1 = selenium.getEval("{var x="123456789"; var tmp=""; for (i=0;i&lt;3;i++) tmp+=x.charAt(Math.ceil(8*Math.random()));tmp;}"): null&#xD;
&#xD;
2019-07-30 14:43:06 - [TEST_STEP][PASSED] - tel2 = selenium.getEval("{var x="123456789"; var tmp=""; for (i=0;i&lt;3;i++) tmp+=x.charAt(Math.ceil(8*Math.random()));tmp;}"): null&#xD;
&#xD;
2019-07-30 14:43:06 - [TEST_STEP][PASSED] - tel3 = selenium.getEval("{var x="123456789"; var tmp=""; for (i=0;i&lt;4;i++) tmp+=x.charAt(Math.ceil(8*Math.random()));tmp;}"): null&#xD;
&#xD;
2019-07-30 14:43:06 - [TEST_STEP][PASSED] - Tel = selenium.getExpression(tel1 + "-" + tel2 + "-" + tel3): null&#xD;
&#xD;
2019-07-30 14:43:06 - [TEST_STEP][PASSED] - AutoEmail = selenium.getEval("{var x="ABCDEFGHIJKLMNOPQRSTUVWXYZabcdefghijklmnopqrstuvwxyz"; var tmp="test."; for (i=0;i&lt;8;i++) tmp+=x.charAt(Math.ceil(51*Math.random()));tmp+="@suryani.cn";}"): null&#xD;
&#xD;
2019-07-30 14:43:06 - [TEST_STEP][PASSED] - FirstName = FirstName: null&#xD;
&#xD;
2019-07-30 14:43:06 - [TEST_STEP][PASSED] - LastName = LastName: null&#xD;
&#xD;
2019-07-30 14:43:06 - [TEST_STEP][PASSED] - Address = Address: null&#xD;
&#xD;
2019-07-30 14:43:06 - [TEST_STEP][PASSED] - City = City: null&#xD;
&#xD;
2019-07-30 14:43:06 - [TEST_STEP][PASSED] - Tel = Tel: null&#xD;
&#xD;
2019-07-30 14:43:06 - [TEST_STEP][PASSED] - AutoEmail = AutoEmail: null&#xD;
&#xD;
2019-07-30 14:43:06 - [TEST_STEP][PASSED] - println(FirstName): null&#xD;
&#xD;
2019-07-30 14:43:06 - [TEST_STEP][PASSED] - println(LastName): null&#xD;
&#xD;
2019-07-30 14:43:06 - [TEST_STEP][PASSED] - println(Address): null&#xD;
&#xD;
2019-07-30 14:43:06 - [TEST_STEP][PASSED] - println(City): null&#xD;
&#xD;
2019-07-30 14:43:06 - [TEST_STEP][PASSED] - println(Tel): null&#xD;
&#xD;
2019-07-30 14:43:06 - [TEST_STEP][PASSED] - println(AutoEmail): null&#xD;
&#xD;
2019-07-30 14:43:06 - [MESSAGE][PASSED] - Call Test Case 'Test Cases/mobileWeb/_include/name' successfully&#xD;
&#xD;
2019-07-30 14:43:06 - [TEST_STEP][PASSED] - setText(findTestObject("mobileSanity/HBI/Page_App Page 1/input__member-P-1-firstName"), FirstName): Text 'Test-123' is set on object 'Object Repository/mobileSanity/HBI/Page_App Page 1/input__member-P-1-firstName'&#xD;
&#xD;
2019-07-30 14:43:06 - [MESSAGE][PASSED] - Text 'Test-123' is set on object 'Object Repository/mobileSanity/HBI/Page_App Page 1/input__member-P-1-firstName'&#xD;
&#xD;
2019-07-30 14:43:06 - [TEST_STEP][PASSED] - setText(findTestObject("mobileSanity/HBI/Page_App Page 1/input__member-P-1-lastName"), LastName): Text 'ZZ11-mtjKmwWe' is set on object 'Object Repository/mobileSanity/HBI/Page_App Page 1/input__member-P-1-lastName'&#xD;
&#xD;
2019-07-30 14:43:06 - [MESSAGE][PASSED] - Text 'ZZ11-mtjKmwWe' is set on object 'Object Repository/mobileSanity/HBI/Page_App Page 1/input__member-P-1-lastName'&#xD;
&#xD;
2019-07-30 14:43:06 - [TEST_STEP][PASSED] - if (carrier == "agileone" || carrier == "agilesecure"): Text 'test6' is set on object 'Object Repository/mobileSanity/HBI/Page_App Page 1/input__contingent-beneficiary-relationship'&#xD;
&#xD;
2019-07-30 14:43:06 - [TEST_STEP][PASSED] - setText(findTestObject("mobileSanity/HBI/Page_App Page 1/input__primary-beneficiary-fir"), "test1"): Text 'test1' is set on object 'Object Repository/mobileSanity/HBI/Page_App Page 1/input__primary-beneficiary-fir'&#xD;
&#xD;
2019-07-30 14:43:07 - [MESSAGE][PASSED] - Text 'test1' is set on object 'Object Repository/mobileSanity/HBI/Page_App Page 1/input__primary-beneficiary-fir'&#xD;
&#xD;
2019-07-30 14:43:07 - [TEST_STEP][PASSED] - setText(findTestObject("mobileSanity/HBI/Page_App Page 1/input__primary-beneficiary-las"), "test2"): Text 'test2' is set on object 'Object Repository/mobileSanity/HBI/Page_App Page 1/input__primary-beneficiary-las'&#xD;
&#xD;
2019-07-30 14:43:07 - [MESSAGE][PASSED] - Text 'test2' is set on object 'Object Repository/mobileSanity/HBI/Page_App Page 1/input__primary-beneficiary-las'&#xD;
&#xD;
2019-07-30 14:43:07 - [TEST_STEP][PASSED] - setText(findTestObject("mobileSanity/HBI/Page_App Page 1/input__primary-beneficiary-rel"), "test3"): Text 'test3' is set on object 'Object Repository/mobileSanity/HBI/Page_App Page 1/input__primary-beneficiary-rel'&#xD;
&#xD;
2019-07-30 14:43:07 - [MESSAGE][PASSED] - Text 'test3' is set on object 'Object Repository/mobileSanity/HBI/Page_App Page 1/input__primary-beneficiary-rel'&#xD;
&#xD;
2019-07-30 14:43:07 - [TEST_STEP][PASSED] - setText(findTestObject("mobileSanity/HBI/Page_App Page 1/input__contingent-beneficiary-"), "test4"): Text 'test4' is set on object 'Object Repository/mobileSanity/HBI/Page_App Page 1/input__contingent-beneficiary-'&#xD;
&#xD;
2019-07-30 14:43:07 - [MESSAGE][PASSED] - Text 'test4' is set on object 'Object Repository/mobileSanity/HBI/Page_App Page 1/input__contingent-beneficiary-'&#xD;
&#xD;
2019-07-30 14:43:07 - [TEST_STEP][PASSED] - setText(findTestObject("mobileSanity/HBI/Page_App Page 1/input__contingent-beneficiary-_lastname"), "test5"): Text 'test5' is set on object 'Object Repository/mobileSanity/HBI/Page_App Page 1/input__contingent-beneficiary-_lastname'&#xD;
&#xD;
2019-07-30 14:43:07 - [MESSAGE][PASSED] - Text 'test5' is set on object 'Object Repository/mobileSanity/HBI/Page_App Page 1/input__contingent-beneficiary-_lastname'&#xD;
&#xD;
2019-07-30 14:43:07 - [TEST_STEP][PASSED] - setText(findTestObject("mobileSanity/HBI/Page_App Page 1/input__contingent-beneficiary-relationship"), "test6"): Text 'test6' is set on object 'Object Repository/mobileSanity/HBI/Page_App Page 1/input__contingent-beneficiary-relationship'&#xD;
&#xD;
2019-07-30 14:43:08 - [MESSAGE][PASSED] - Text 'test6' is set on object 'Object Repository/mobileSanity/HBI/Page_App Page 1/input__contingent-beneficiary-relationship'&#xD;
&#xD;
2019-07-30 14:43:08 - [TEST_STEP][PASSED] - setText(findTestObject("mobileSanity/HBI/Page_App Page 1/input__address"), Address): Text 'oqcDvlaC' is set on object 'Object Repository/mobileSanity/HBI/Page_App Page 1/input__address'&#xD;
&#xD;
2019-07-30 14:43:08 - [MESSAGE][PASSED] - Text 'oqcDvlaC' is set on object 'Object Repository/mobileSanity/HBI/Page_App Page 1/input__address'&#xD;
&#xD;
2019-07-30 14:43:08 - [TEST_STEP][PASSED] - setText(findTestObject("mobileSanity/HBI/Page_App Page 1/input__city"), City): Text 'vYvcPaTE' is set on object 'Object Repository/mobileSanity/HBI/Page_App Page 1/input__city'&#xD;
&#xD;
2019-07-30 14:43:08 - [MESSAGE][PASSED] - Text 'vYvcPaTE' is set on object 'Object Repository/mobileSanity/HBI/Page_App Page 1/input__city'&#xD;
&#xD;
2019-07-30 14:43:08 - [TEST_STEP][PASSED] - setText(findTestObject("mobileSanity/HBI/Page_App Page 1/input__email"), AutoEmail): Text 'test.zbSPtUrH@suryani.cn' is set on object 'Object Repository/mobileSanity/HBI/Page_App Page 1/input__email'&#xD;
&#xD;
2019-07-30 14:43:08 - [MESSAGE][PASSED] - Text 'test.zbSPtUrH@suryani.cn' is set on object 'Object Repository/mobileSanity/HBI/Page_App Page 1/input__email'&#xD;
&#xD;
2019-07-30 14:43:08 - [TEST_STEP][PASSED] - setText(findTestObject("mobileSanity/HBI/Page_App Page 1/input_tel"), Tel): Text '743-893-6398' is set on object 'Object Repository/mobileSanity/HBI/Page_App Page 1/input_tel'&#xD;
&#xD;
2019-07-30 14:43:09 - [MESSAGE][PASSED] - Text '743-893-6398' is set on object 'Object Repository/mobileSanity/HBI/Page_App Page 1/input_tel'&#xD;
&#xD;
2019-07-30 14:43:09 - [TEST_STEP][PASSED] - click(findTestObject("mobileSanity/HBI/Page_App Page 1/a_Continue to Step 2 - Payment")): Object: 'Object Repository/mobileSanity/HBI/Page_App Page 1/a_Continue to Step 2 - Payment' is clicked on&#xD;
&#xD;
2019-07-30 14:43:09 - [MESSAGE][PASSED] - Object: 'Object Repository/mobileSanity/HBI/Page_App Page 1/a_Continue to Step 2 - Payment' is clicked on&#xD;
&#xD;
2019-07-30 14:43:09 - [TEST_STEP][PASSED] - waitForPageLoad(10): Wait for page load successfully&#xD;
&#xD;
2019-07-30 14:43:09 - [MESSAGE][PASSED] - Wait for page load successfully&#xD;
&#xD;
2019-07-30 14:43:09 - [TEST_STEP][PASSED] - Thread.sleep(2000): null&#xD;
&#xD;
2019-07-30 14:43:11 - [TEST_STEP][PASSED] - callTestCase(findTestCase("mobileWeb/_include/get_screenshot"), [:], STOP_ON_FAILURE): Call Test Case 'Test Cases/mobileWeb/_include/get_screenshot' successfully&#xD;
&#xD;
2019-07-30 14:43:11 - [TEST_CASE][PASSED] - Test Cases/mobileWeb/_include/get_screenshot: Test Cases/mobileWeb/_include/get_screenshot&#xD;
&#xD;
2019-07-30 14:43:11 - [TEST_STEP][PASSED] - takeScreenshot(screenPath + i + ".png"): Taking screenshot successfully&#xD;
&#xD;
2019-07-30 14:43:12 - [MESSAGE][PASSED] - Taking screenshot successfully&#xD;
[[ATTACHMENT|D:\\Test\\AgileTest\\AgileTest\\Reports\\mobileWeb\\hbi\\20190730_144207\\../Screenshots/iPhone X/hbi/Agile One/20190730_144212/6.png]]&#xD;
&#xD;
2019-07-30 14:43:12 - [TEST_STEP][PASSED] - (internal.GlobalVariable.i++): null&#xD;
&#xD;
2019-07-30 14:43:12 - [MESSAGE][PASSED] - Call Test Case 'Test Cases/mobileWeb/_include/get_screenshot' successfully&#xD;
&#xD;
2019-07-30 14:43:12 - [TEST_STEP][PASSED] - setText(findTestObject("mobileSanity/HBI/Page_App Page 2/input__credit-card-first"), FirstName): Text 'Test-123' is set on object 'Object Repository/mobileSanity/HBI/Page_App Page 2/input__credit-card-first'&#xD;
&#xD;
2019-07-30 14:43:12 - [MESSAGE][PASSED] - Text 'Test-123' is set on object 'Object Repository/mobileSanity/HBI/Page_App Page 2/input__credit-card-first'&#xD;
&#xD;
2019-07-30 14:43:12 - [TEST_STEP][PASSED] - setText(findTestObject("mobileSanity/HBI/Page_App Page 2/input__credit-card-last"), LastName): Text 'ZZ11-mtjKmwWe' is set on object 'Object Repository/mobileSanity/HBI/Page_App Page 2/input__credit-card-last'&#xD;
&#xD;
2019-07-30 14:43:12 - [MESSAGE][PASSED] - Text 'ZZ11-mtjKmwWe' is set on object 'Object Repository/mobileSanity/HBI/Page_App Page 2/input__credit-card-last'&#xD;
&#xD;
2019-07-30 14:43:12 - [TEST_STEP][PASSED] - selectOptionByValue(findTestObject("mobileSanity/HBI/Page_App Page 2/select_MM010203040506070809101"), "12", true): All options with value '12' are selected in object 'Object Repository/mobileSanity/HBI/Page_App Page 2/select_MM010203040506070809101'  using regular expression&#xD;
&#xD;
2019-07-30 14:43:13 - [MESSAGE][PASSED] - All options with value '12' are selected in object 'Object Repository/mobileSanity/HBI/Page_App Page 2/select_MM010203040506070809101'  using regular expression&#xD;
&#xD;
2019-07-30 14:43:13 - [TEST_STEP][PASSED] - selectOptionByValue(findTestObject("mobileSanity/HBI/Page_App Page 2/select_YYYY2019202020212022202"), "2026", true): All options with value '2026' are selected in object 'Object Repository/mobileSanity/HBI/Page_App Page 2/select_YYYY2019202020212022202'  using regular expression&#xD;
&#xD;
2019-07-30 14:43:13 - [MESSAGE][PASSED] - All options with value '2026' are selected in object 'Object Repository/mobileSanity/HBI/Page_App Page 2/select_YYYY2019202020212022202'  using regular expression&#xD;
&#xD;
2019-07-30 14:43:13 - [TEST_STEP][PASSED] - setText(findTestObject("mobileSanity/HBI/Page_App Page 2/input__credit-card-number"), "4111111111111111"): Text '4111111111111111' is set on object 'Object Repository/mobileSanity/HBI/Page_App Page 2/input__credit-card-number'&#xD;
&#xD;
2019-07-30 14:43:13 - [MESSAGE][PASSED] - Text '4111111111111111' is set on object 'Object Repository/mobileSanity/HBI/Page_App Page 2/input__credit-card-number'&#xD;
&#xD;
2019-07-30 14:43:13 - [TEST_STEP][PASSED] - setText(findTestObject("mobileSanity/HBI/Page_App Page 2/input__cvv"), "123"): Text '123' is set on object 'Object Repository/mobileSanity/HBI/Page_App Page 2/input__cvv'&#xD;
&#xD;
2019-07-30 14:43:13 - [MESSAGE][PASSED] - Text '123' is set on object 'Object Repository/mobileSanity/HBI/Page_App Page 2/input__cvv'&#xD;
&#xD;
2019-07-30 14:43:13 - [TEST_STEP][PASSED] - click(findTestObject("mobileSanity/HBI/Page_App Page 2/label_My billing address is th")): Object: 'Object Repository/mobileSanity/HBI/Page_App Page 2/label_My billing address is th' is clicked on&#xD;
&#xD;
2019-07-30 14:43:13 - [MESSAGE][PASSED] - Object: 'Object Repository/mobileSanity/HBI/Page_App Page 2/label_My billing address is th' is clicked on&#xD;
&#xD;
2019-07-30 14:43:13 - [TEST_STEP][PASSED] - click(findTestObject("mobileSanity/HBI/Page_App Page 2/label_I Accept Authorization f")): Object: 'Object Repository/mobileSanity/HBI/Page_App Page 2/label_I Accept Authorization f' is clicked on&#xD;
&#xD;
2019-07-30 14:43:14 - [MESSAGE][PASSED] - Object: 'Object Repository/mobileSanity/HBI/Page_App Page 2/label_I Accept Authorization f' is clicked on&#xD;
&#xD;
2019-07-30 14:43:14 - [TEST_STEP][PASSED] - click(findTestObject("mobileSanity/HBI/Page_App Page 2/a_Continue to Step 3 - Review")): Object: 'Object Repository/mobileSanity/HBI/Page_App Page 2/a_Continue to Step 3 - Review' is clicked on&#xD;
&#xD;
2019-07-30 14:43:14 - [MESSAGE][PASSED] - Object: 'Object Repository/mobileSanity/HBI/Page_App Page 2/a_Continue to Step 3 - Review' is clicked on&#xD;
&#xD;
2019-07-30 14:43:14 - [TEST_STEP][PASSED] - waitForPageLoad(10): Wait for page load successfully&#xD;
&#xD;
2019-07-30 14:43:14 - [MESSAGE][PASSED] - Wait for page load successfully&#xD;
&#xD;
2019-07-30 14:43:14 - [TEST_STEP][PASSED] - Thread.sleep(2000): null&#xD;
&#xD;
2019-07-30 14:43:16 - [TEST_STEP][PASSED] - callTestCase(findTestCase("mobileWeb/_include/get_screenshot"), [:], STOP_ON_FAILURE): Call Test Case 'Test Cases/mobileWeb/_include/get_screenshot' successfully&#xD;
&#xD;
2019-07-30 14:43:16 - [TEST_CASE][PASSED] - Test Cases/mobileWeb/_include/get_screenshot: Test Cases/mobileWeb/_include/get_screenshot&#xD;
&#xD;
2019-07-30 14:43:16 - [TEST_STEP][PASSED] - takeScreenshot(screenPath + i + ".png"): Taking screenshot successfully&#xD;
&#xD;
2019-07-30 14:43:21 - [MESSAGE][PASSED] - Taking screenshot successfully&#xD;
[[ATTACHMENT|D:\\Test\\AgileTest\\AgileTest\\Reports\\mobileWeb\\hbi\\20190730_144207\\../Screenshots/iPhone X/hbi/Agile One/20190730_144212/7.png]]&#xD;
&#xD;
2019-07-30 14:43:21 - [TEST_STEP][PASSED] - (internal.GlobalVariable.i++): null&#xD;
&#xD;
2019-07-30 14:43:21 - [MESSAGE][PASSED] - Call Test Case 'Test Cases/mobileWeb/_include/get_screenshot' successfully&#xD;
&#xD;
2019-07-30 14:43:21 - [TEST_STEP][PASSED] - if (test.MobileKeywords.isElementPresent_Web(findTestObject("mobileSanity/HBI/Page_App Page 2/a_No Thanks"), 10)): test.MobileKeywords.isElementPresent_Web is PASSED&#xD;
&#xD;
2019-07-30 14:43:43 - [MESSAGE][INFO] - Unable to find the element located by 'By.xpath: //a[@type = 'submit' and (text() = 'No Thanks' or . = 'No Thanks')]'. Please recheck the objects properties to make sure the desired element is located. &#xD;
&#xD;
2019-07-30 14:43:43 - [MESSAGE][PASSED] - test.MobileKeywords.isElementPresent_Web is PASSED&#xD;
&#xD;
2019-07-30 14:43:43 - [TEST_STEP][PASSED] - waitForPageLoad(10): Wait for page load successfully&#xD;
&#xD;
2019-07-30 14:43:43 - [MESSAGE][PASSED] - Wait for page load successfully&#xD;
&#xD;
2019-07-30 14:43:43 - [TEST_STEP][PASSED] - click(findTestObject("mobileSanity/HBI/Page_App Page 3/label")): Object: 'Object Repository/mobileSanity/HBI/Page_App Page 3/label' is clicked on&#xD;
&#xD;
2019-07-30 14:43:43 - [MESSAGE][PASSED] - Object: 'Object Repository/mobileSanity/HBI/Page_App Page 3/label' is clicked on&#xD;
&#xD;
2019-07-30 14:43:43 - [TEST_STEP][PASSED] - click(findTestObject("mobileSanity/HBI/Page_App Page 3/p_CLICK TO SIGN")): Object: 'Object Repository/mobileSanity/HBI/Page_App Page 3/p_CLICK TO SIGN' is clicked on&#xD;
&#xD;
2019-07-30 14:43:43 - [MESSAGE][PASSED] - Object: 'Object Repository/mobileSanity/HBI/Page_App Page 3/p_CLICK TO SIGN' is clicked on&#xD;
&#xD;
2019-07-30 14:43:43 - [TEST_STEP][PASSED] - click(findTestObject("mobileSanity/HBI/Page_App Page 3/a_Submit Your Application")): Object: 'Object Repository/mobileSanity/HBI/Page_App Page 3/a_Submit Your Application' is clicked on&#xD;
&#xD;
2019-07-30 14:43:43 - [MESSAGE][PASSED] - Object: 'Object Repository/mobileSanity/HBI/Page_App Page 3/a_Submit Your Application' is clicked on&#xD;
&#xD;
2019-07-30 14:43:43 - [TEST_STEP][PASSED] - Thread.sleep(30000): null&#xD;
&#xD;
2019-07-30 14:44:13 - [TEST_STEP][PASSED] - callTestCase(findTestCase("mobileWeb/_include/get_screenshot"), [:], STOP_ON_FAILURE): Call Test Case 'Test Cases/mobileWeb/_include/get_screenshot' successfully&#xD;
&#xD;
2019-07-30 14:44:13 - [TEST_CASE][PASSED] - Test Cases/mobileWeb/_include/get_screenshot: Test Cases/mobileWeb/_include/get_screenshot&#xD;
&#xD;
2019-07-30 14:44:13 - [TEST_STEP][PASSED] - takeScreenshot(screenPath + i + ".png"): Taking screenshot successfully&#xD;
&#xD;
2019-07-30 14:44:25 - [MESSAGE][PASSED] - Taking screenshot successfully&#xD;
[[ATTACHMENT|D:\\Test\\AgileTest\\AgileTest\\Reports\\mobileWeb\\hbi\\20190730_144207\\../Screenshots/iPhone X/hbi/Agile One/20190730_144212/8.png]]&#xD;
&#xD;
2019-07-30 14:44:25 - [TEST_STEP][PASSED] - (internal.GlobalVariable.i++): null&#xD;
&#xD;
2019-07-30 14:44:25 - [MESSAGE][PASSED] - Call Test Case 'Test Cases/mobileWeb/_include/get_screenshot' successfully&#xD;
&#xD;
2019-07-30 14:44:25 - [TEST_STEP][PASSED] - verifyTextPresent("Congratulations", false): Text 'Congratulations' is present on page &#xD;
&#xD;
2019-07-30 14:44:25 - [MESSAGE][PASSED] - Text 'Congratulations' is present on page &#xD;
&#xD;
2019-07-30 14:44:25 - [MESSAGE][PASSED] - Call Test Case 'Test Cases/mobileWeb/_include/goToEnd_hbi' successfully</system-out>
            <system-err></system-err>
        </testcase>
        <testcase name="Test Cases/mobileWeb/HBI/Legion Limited Medical" classname="Test Cases/mobileWeb/HBI/Legion Limited Medical" status="PASSED">
            <system-out>2019-07-30 14:44:25 - [TEST_CASE][PASSED] - Test Cases/mobileWeb/HBI/Legion Limited Medical: Test Cases/mobileWeb/HBI/Legion Limited Medical&#xD;
&#xD;
2019-07-30 14:44:25 - [TEST_STEP][PASSED] - callTestCase(findTestCase("mobileWeb/_include/get_screenPath"), ["productLine":"hbi", "carrierName":"Legion Limited Medical"], CONTINUE_ON_FAILURE): Call Test Case 'Test Cases/mobileWeb/_include/get_screenPath' successfully&#xD;
&#xD;
2019-07-30 14:44:25 - [TEST_CASE][PASSED] - Test Cases/mobileWeb/_include/get_screenPath: Test Cases/mobileWeb/_include/get_screenPath&#xD;
&#xD;
2019-07-30 14:44:25 - [TEST_STEP][PASSED] - m = getExecutionProperties(): null&#xD;
&#xD;
2019-07-30 14:44:25 - [TEST_STEP][PASSED] - deviceName = get("mobileEmulation").get("deviceName"): null&#xD;
&#xD;
2019-07-30 14:44:25 - [TEST_STEP][PASSED] - println(deviceName): null&#xD;
&#xD;
2019-07-30 14:44:25 - [TEST_STEP][PASSED] - now = new java.util.Date(): null&#xD;
&#xD;
2019-07-30 14:44:25 - [TEST_STEP][PASSED] - mydate = now.format("yyyyMMdd_HHmmss"): null&#xD;
&#xD;
2019-07-30 14:44:25 - [TEST_STEP][PASSED] - screenPath = "../Screenshots/": null&#xD;
&#xD;
2019-07-30 14:44:25 - [TEST_STEP][PASSED] - screenPath = screenPath + deviceName + "/" + productLine + "/" + carrierName + "/" + mydate + "/": null&#xD;
&#xD;
2019-07-30 14:44:25 - [TEST_STEP][PASSED] - println(screenPath): null&#xD;
&#xD;
2019-07-30 14:44:25 - [MESSAGE][PASSED] - Call Test Case 'Test Cases/mobileWeb/_include/get_screenPath' successfully&#xD;
&#xD;
2019-07-30 14:44:25 - [TEST_STEP][PASSED] - i = 0: null&#xD;
&#xD;
2019-07-30 14:44:25 - [TEST_STEP][PASSED] - callTestCase(findTestCase("mobileWeb/_include/openWebSite"), [:], CONTINUE_ON_FAILURE): Call Test Case 'Test Cases/mobileWeb/_include/openWebSite' successfully&#xD;
&#xD;
2019-07-30 14:44:25 - [TEST_CASE][PASSED] - Test Cases/mobileWeb/_include/openWebSite: Test Cases/mobileWeb/_include/openWebSite&#xD;
&#xD;
2019-07-30 14:44:25 - [TEST_STEP][PASSED] - openBrowser(env): Browser is opened with url: 'https://praetemptatus.agilehealthinsurance.com'&#xD;
&#xD;
2019-07-30 14:44:25 - [MESSAGE][WARNING] - A browser is already opened. Closing browser and opening a new one&#xD;
&#xD;
2019-07-30 14:44:26 - [MESSAGE][INFO] - Starting 'Chrome' driver&#xD;
&#xD;
2019-07-30 14:44:26 - [MESSAGE][INFO] - User set preference: ['mobileEmulation', '{deviceName=iPhone X}']&#xD;
&#xD;
2019-07-30 14:44:26 - [MESSAGE][INFO] - User set preference: ['args', '[--incognito, --aggressive-cache-discard, --no-sandbox, --window-size=375,812]']&#xD;
&#xD;
2019-07-30 14:44:33 - [MESSAGE][PASSED] - Browser is opened with url: 'https://praetemptatus.agilehealthinsurance.com'&#xD;
&#xD;
2019-07-30 14:44:33 - [TEST_STEP][PASSED] - waitForPageLoad(10): Wait for page load successfully&#xD;
&#xD;
2019-07-30 14:44:33 - [MESSAGE][PASSED] - Wait for page load successfully&#xD;
&#xD;
2019-07-30 14:44:33 - [TEST_STEP][PASSED] - callTestCase(findTestCase("mobileWeb/_include/get_screenshot"), [:], STOP_ON_FAILURE): Call Test Case 'Test Cases/mobileWeb/_include/get_screenshot' successfully&#xD;
&#xD;
2019-07-30 14:44:34 - [TEST_CASE][PASSED] - Test Cases/mobileWeb/_include/get_screenshot: Test Cases/mobileWeb/_include/get_screenshot&#xD;
&#xD;
2019-07-30 14:44:34 - [TEST_STEP][PASSED] - takeScreenshot(screenPath + i + ".png"): Taking screenshot successfully&#xD;
&#xD;
2019-07-30 14:44:35 - [MESSAGE][PASSED] - Taking screenshot successfully&#xD;
[[ATTACHMENT|D:\\Test\\AgileTest\\AgileTest\\Reports\\mobileWeb\\hbi\\20190730_144207\\../Screenshots/iPhone X/hbi/Legion Limited Medical/20190730_144425/0.png]]&#xD;
&#xD;
2019-07-30 14:44:35 - [TEST_STEP][PASSED] - (internal.GlobalVariable.i++): null&#xD;
&#xD;
2019-07-30 14:44:35 - [MESSAGE][PASSED] - Call Test Case 'Test Cases/mobileWeb/_include/get_screenshot' successfully&#xD;
&#xD;
2019-07-30 14:44:35 - [MESSAGE][PASSED] - Call Test Case 'Test Cases/mobileWeb/_include/openWebSite' successfully&#xD;
&#xD;
2019-07-30 14:44:35 - [TEST_STEP][PASSED] - callTestCase(findTestCase("mobileWeb/_include/census_hbi"), [:], CONTINUE_ON_FAILURE): Call Test Case 'Test Cases/mobileWeb/_include/census_hbi' successfully&#xD;
&#xD;
2019-07-30 14:44:35 - [TEST_CASE][PASSED] - Test Cases/mobileWeb/_include/census_hbi: Test Cases/mobileWeb/_include/census_hbi&#xD;
&#xD;
2019-07-30 14:44:35 - [TEST_STEP][PASSED] - click(findTestObject("mobileSanity/Common/side_nav/menu")): Object: 'Object Repository/mobileSanity/Common/side_nav/menu' is clicked on&#xD;
&#xD;
2019-07-30 14:44:36 - [MESSAGE][PASSED] - Object: 'Object Repository/mobileSanity/Common/side_nav/menu' is clicked on&#xD;
&#xD;
2019-07-30 14:44:36 - [TEST_STEP][PASSED] - Thread.sleep(3000): null&#xD;
&#xD;
2019-07-30 14:44:39 - [TEST_STEP][PASSED] - click(findTestObject("mobileSanity/Common/side_nav/nav_hbi")): Object: 'Object Repository/mobileSanity/Common/side_nav/nav_hbi' is clicked on&#xD;
&#xD;
2019-07-30 14:44:42 - [MESSAGE][PASSED] - Object: 'Object Repository/mobileSanity/Common/side_nav/nav_hbi' is clicked on&#xD;
&#xD;
2019-07-30 14:44:42 - [TEST_STEP][PASSED] - waitForPageLoad(10): Wait for page load successfully&#xD;
&#xD;
2019-07-30 14:44:43 - [MESSAGE][PASSED] - Wait for page load successfully&#xD;
&#xD;
2019-07-30 14:44:43 - [TEST_STEP][PASSED] - callTestCase(findTestCase("mobileWeb/_include/get_screenshot"), [:], STOP_ON_FAILURE): Call Test Case 'Test Cases/mobileWeb/_include/get_screenshot' successfully&#xD;
&#xD;
2019-07-30 14:44:43 - [TEST_CASE][PASSED] - Test Cases/mobileWeb/_include/get_screenshot: Test Cases/mobileWeb/_include/get_screenshot&#xD;
&#xD;
2019-07-30 14:44:43 - [TEST_STEP][PASSED] - takeScreenshot(screenPath + i + ".png"): Taking screenshot successfully&#xD;
&#xD;
2019-07-30 14:44:44 - [MESSAGE][PASSED] - Taking screenshot successfully&#xD;
[[ATTACHMENT|D:\\Test\\AgileTest\\AgileTest\\Reports\\mobileWeb\\hbi\\20190730_144207\\../Screenshots/iPhone X/hbi/Legion Limited Medical/20190730_144425/1.png]]&#xD;
&#xD;
2019-07-30 14:44:44 - [TEST_STEP][PASSED] - (internal.GlobalVariable.i++): null&#xD;
&#xD;
2019-07-30 14:44:44 - [MESSAGE][PASSED] - Call Test Case 'Test Cases/mobileWeb/_include/get_screenshot' successfully&#xD;
&#xD;
2019-07-30 14:44:44 - [TEST_STEP][PASSED] - setText(findTestObject("mobileSanity/HBI/census/input_Location_zip-input"), zipcode): Text '35215' is set on object 'Object Repository/mobileSanity/HBI/census/input_Location_zip-input'&#xD;
&#xD;
2019-07-30 14:44:44 - [MESSAGE][PASSED] - Text '35215' is set on object 'Object Repository/mobileSanity/HBI/census/input_Location_zip-input'&#xD;
&#xD;
2019-07-30 14:44:44 - [TEST_STEP][PASSED] - Thread.sleep(500): null&#xD;
&#xD;
2019-07-30 14:44:45 - [TEST_STEP][PASSED] - setText(findTestObject("mobileSanity/HBI/census/input_Date of Birth_dob-0"), "12121980"): Text '12121980' is set on object 'Object Repository/mobileSanity/HBI/census/input_Date of Birth_dob-0'&#xD;
&#xD;
2019-07-30 14:44:45 - [MESSAGE][PASSED] - Text '12121980' is set on object 'Object Repository/mobileSanity/HBI/census/input_Date of Birth_dob-0'&#xD;
&#xD;
2019-07-30 14:44:45 - [TEST_STEP][PASSED] - click(findTestObject("mobileSanity/HBI/census/label_Male")): Object: 'Object Repository/mobileSanity/HBI/census/label_Male' is clicked on&#xD;
&#xD;
2019-07-30 14:44:45 - [MESSAGE][PASSED] - Object: 'Object Repository/mobileSanity/HBI/census/label_Male' is clicked on&#xD;
&#xD;
2019-07-30 14:44:45 - [TEST_STEP][PASSED] - click(findTestObject("mobileSanity/HBI/census/label_Get a Quote")): Object: 'Object Repository/mobileSanity/HBI/census/label_Get a Quote' is clicked on&#xD;
&#xD;
2019-07-30 14:44:45 - [MESSAGE][PASSED] - Object: 'Object Repository/mobileSanity/HBI/census/label_Get a Quote' is clicked on&#xD;
&#xD;
2019-07-30 14:44:45 - [TEST_STEP][PASSED] - waitForPageLoad(10): Wait for page load successfully&#xD;
&#xD;
2019-07-30 14:44:45 - [MESSAGE][PASSED] - Wait for page load successfully&#xD;
&#xD;
2019-07-30 14:44:45 - [TEST_STEP][PASSED] - callTestCase(findTestCase("mobileWeb/_include/get_screenshot"), [:], STOP_ON_FAILURE): Call Test Case 'Test Cases/mobileWeb/_include/get_screenshot' successfully&#xD;
&#xD;
2019-07-30 14:44:45 - [TEST_CASE][PASSED] - Test Cases/mobileWeb/_include/get_screenshot: Test Cases/mobileWeb/_include/get_screenshot&#xD;
&#xD;
2019-07-30 14:44:45 - [TEST_STEP][PASSED] - takeScreenshot(screenPath + i + ".png"): Taking screenshot successfully&#xD;
&#xD;
2019-07-30 14:44:49 - [MESSAGE][PASSED] - Taking screenshot successfully&#xD;
[[ATTACHMENT|D:\\Test\\AgileTest\\AgileTest\\Reports\\mobileWeb\\hbi\\20190730_144207\\../Screenshots/iPhone X/hbi/Legion Limited Medical/20190730_144425/2.png]]&#xD;
&#xD;
2019-07-30 14:44:49 - [TEST_STEP][PASSED] - (internal.GlobalVariable.i++): null&#xD;
&#xD;
2019-07-30 14:44:49 - [MESSAGE][PASSED] - Call Test Case 'Test Cases/mobileWeb/_include/get_screenshot' successfully&#xD;
&#xD;
2019-07-30 14:44:49 - [MESSAGE][PASSED] - Call Test Case 'Test Cases/mobileWeb/_include/census_hbi' successfully&#xD;
&#xD;
2019-07-30 14:44:49 - [TEST_STEP][PASSED] - click(findTestObject("mobileSanity/HBI/quote/a_Legion Limited Medical 500")): Object: 'Object Repository/mobileSanity/HBI/quote/a_Legion Limited Medical 500' is clicked on&#xD;
&#xD;
2019-07-30 14:44:55 - [MESSAGE][PASSED] - Object: 'Object Repository/mobileSanity/HBI/quote/a_Legion Limited Medical 500' is clicked on&#xD;
&#xD;
2019-07-30 14:44:55 - [TEST_STEP][PASSED] - waitForPageLoad(10): Wait for page load successfully&#xD;
&#xD;
2019-07-30 14:44:55 - [MESSAGE][PASSED] - Wait for page load successfully&#xD;
&#xD;
2019-07-30 14:44:55 - [TEST_STEP][PASSED] - callTestCase(findTestCase("mobileWeb/_include/get_screenshot"), [:], STOP_ON_FAILURE): Call Test Case 'Test Cases/mobileWeb/_include/get_screenshot' successfully&#xD;
&#xD;
2019-07-30 14:44:55 - [TEST_CASE][PASSED] - Test Cases/mobileWeb/_include/get_screenshot: Test Cases/mobileWeb/_include/get_screenshot&#xD;
&#xD;
2019-07-30 14:44:55 - [TEST_STEP][PASSED] - takeScreenshot(screenPath + i + ".png"): Taking screenshot successfully&#xD;
&#xD;
2019-07-30 14:44:56 - [MESSAGE][PASSED] - Taking screenshot successfully&#xD;
[[ATTACHMENT|D:\\Test\\AgileTest\\AgileTest\\Reports\\mobileWeb\\hbi\\20190730_144207\\../Screenshots/iPhone X/hbi/Legion Limited Medical/20190730_144425/3.png]]&#xD;
&#xD;
2019-07-30 14:44:56 - [TEST_STEP][PASSED] - (internal.GlobalVariable.i++): null&#xD;
&#xD;
2019-07-30 14:44:56 - [MESSAGE][PASSED] - Call Test Case 'Test Cases/mobileWeb/_include/get_screenshot' successfully&#xD;
&#xD;
2019-07-30 14:44:56 - [TEST_STEP][PASSED] - click(findTestObject("mobileSanity/HBI/detail/a_Apply for This Plan")): Object: 'Object Repository/mobileSanity/HBI/detail/a_Apply for This Plan' is clicked on&#xD;
&#xD;
2019-07-30 14:44:57 - [MESSAGE][PASSED] - Object: 'Object Repository/mobileSanity/HBI/detail/a_Apply for This Plan' is clicked on&#xD;
&#xD;
2019-07-30 14:44:57 - [TEST_STEP][PASSED] - waitForPageLoad(10): Wait for page load successfully&#xD;
&#xD;
2019-07-30 14:44:57 - [MESSAGE][PASSED] - Wait for page load successfully&#xD;
&#xD;
2019-07-30 14:44:57 - [TEST_STEP][PASSED] - callTestCase(findTestCase("mobileWeb/_include/get_screenshot"), [:], STOP_ON_FAILURE): Call Test Case 'Test Cases/mobileWeb/_include/get_screenshot' successfully&#xD;
&#xD;
2019-07-30 14:44:57 - [TEST_CASE][PASSED] - Test Cases/mobileWeb/_include/get_screenshot: Test Cases/mobileWeb/_include/get_screenshot&#xD;
&#xD;
2019-07-30 14:44:57 - [TEST_STEP][PASSED] - takeScreenshot(screenPath + i + ".png"): Taking screenshot successfully&#xD;
&#xD;
2019-07-30 14:44:59 - [MESSAGE][PASSED] - Taking screenshot successfully&#xD;
[[ATTACHMENT|D:\\Test\\AgileTest\\AgileTest\\Reports\\mobileWeb\\hbi\\20190730_144207\\../Screenshots/iPhone X/hbi/Legion Limited Medical/20190730_144425/4.png]]&#xD;
&#xD;
2019-07-30 14:44:59 - [TEST_STEP][PASSED] - (internal.GlobalVariable.i++): null&#xD;
&#xD;
2019-07-30 14:44:59 - [MESSAGE][PASSED] - Call Test Case 'Test Cases/mobileWeb/_include/get_screenshot' successfully&#xD;
&#xD;
2019-07-30 14:44:59 - [TEST_STEP][PASSED] - click(findTestObject("mobileSanity/HBI/Page_Apply/span_Start Secure Application")): Object: 'Object Repository/mobileSanity/HBI/Page_Apply/span_Start Secure Application' is clicked on&#xD;
&#xD;
2019-07-30 14:45:00 - [MESSAGE][PASSED] - Object: 'Object Repository/mobileSanity/HBI/Page_Apply/span_Start Secure Application' is clicked on&#xD;
&#xD;
2019-07-30 14:45:00 - [TEST_STEP][PASSED] - waitForPageLoad(10): Wait for page load successfully&#xD;
&#xD;
2019-07-30 14:45:00 - [MESSAGE][PASSED] - Wait for page load successfully&#xD;
&#xD;
2019-07-30 14:45:00 - [TEST_STEP][PASSED] - callTestCase(findTestCase("mobileWeb/_include/get_screenshot"), [:], STOP_ON_FAILURE): Call Test Case 'Test Cases/mobileWeb/_include/get_screenshot' successfully&#xD;
&#xD;
2019-07-30 14:45:00 - [TEST_CASE][PASSED] - Test Cases/mobileWeb/_include/get_screenshot: Test Cases/mobileWeb/_include/get_screenshot&#xD;
&#xD;
2019-07-30 14:45:00 - [TEST_STEP][PASSED] - takeScreenshot(screenPath + i + ".png"): Taking screenshot successfully&#xD;
&#xD;
2019-07-30 14:45:02 - [MESSAGE][PASSED] - Taking screenshot successfully&#xD;
[[ATTACHMENT|D:\\Test\\AgileTest\\AgileTest\\Reports\\mobileWeb\\hbi\\20190730_144207\\../Screenshots/iPhone X/hbi/Legion Limited Medical/20190730_144425/5.png]]&#xD;
&#xD;
2019-07-30 14:45:02 - [TEST_STEP][PASSED] - (internal.GlobalVariable.i++): null&#xD;
&#xD;
2019-07-30 14:45:02 - [MESSAGE][PASSED] - Call Test Case 'Test Cases/mobileWeb/_include/get_screenshot' successfully&#xD;
&#xD;
2019-07-30 14:45:02 - [TEST_STEP][PASSED] - callTestCase(findTestCase("mobileWeb/_include/goToEnd_hbi"), ["carrier":"legionlimitedmedical"], CONTINUE_ON_FAILURE): Call Test Case 'Test Cases/mobileWeb/_include/goToEnd_hbi' successfully&#xD;
&#xD;
2019-07-30 14:45:03 - [TEST_CASE][PASSED] - Test Cases/mobileWeb/_include/goToEnd_hbi: Test Cases/mobileWeb/_include/goToEnd_hbi&#xD;
&#xD;
2019-07-30 14:45:03 - [TEST_STEP][PASSED] - if (state == "ca"): null&#xD;
&#xD;
2019-07-30 14:45:03 - [TEST_STEP][PASSED] - callTestCase(findTestCase("mobileWeb/_include/name"), [:], CONTINUE_ON_FAILURE): Call Test Case 'Test Cases/mobileWeb/_include/name' successfully&#xD;
&#xD;
2019-07-30 14:45:03 - [TEST_CASE][PASSED] - Test Cases/mobileWeb/_include/name: Test Cases/mobileWeb/_include/name&#xD;
&#xD;
2019-07-30 14:45:03 - [TEST_STEP][PASSED] - driver = getWebDriver(): null&#xD;
&#xD;
2019-07-30 14:45:03 - [TEST_STEP][PASSED] - selenium = new com.thoughtworks.selenium.webdriven.WebDriverBackedSelenium(driver, internal.GlobalVariable.ENV): null&#xD;
&#xD;
2019-07-30 14:45:03 - [TEST_STEP][PASSED] - FirstName = "Test-123": null&#xD;
&#xD;
2019-07-30 14:45:03 - [TEST_STEP][PASSED] - LastName = selenium.getEval("{var x="ABCDEFGHIJKLMNOPQRSTUVWXYZabcdefghijklmnopqrstuvwxyz"; var tmp="ZZ11-"; for (i=0;i&lt;8;i++) tmp+=x.charAt(Math.ceil(51*Math.random()));tmp;}"): null&#xD;
&#xD;
2019-07-30 14:45:03 - [TEST_STEP][PASSED] - Address = selenium.getEval("{var x="ABCDEFGHIJKLMNOPQRSTUVWXYZabcdefghijklmnopqrstuvwxyz"; var tmp=""; for (i=0;i&lt;8;i++) tmp+=x.charAt(Math.ceil(51*Math.random()));tmp;}"): null&#xD;
&#xD;
2019-07-30 14:45:03 - [TEST_STEP][PASSED] - City = selenium.getEval("{var x="ABCDEFGHIJKLMNOPQRSTUVWXYZabcdefghijklmnopqrstuvwxyz"; var tmp=""; for (i=0;i&lt;8;i++) tmp+=x.charAt(Math.ceil(51*Math.random()));tmp;}"): null&#xD;
&#xD;
2019-07-30 14:45:03 - [TEST_STEP][PASSED] - tel1 = selenium.getEval("{var x="123456789"; var tmp=""; for (i=0;i&lt;3;i++) tmp+=x.charAt(Math.ceil(8*Math.random()));tmp;}"): null&#xD;
&#xD;
2019-07-30 14:45:03 - [TEST_STEP][PASSED] - tel2 = selenium.getEval("{var x="123456789"; var tmp=""; for (i=0;i&lt;3;i++) tmp+=x.charAt(Math.ceil(8*Math.random()));tmp;}"): null&#xD;
&#xD;
2019-07-30 14:45:03 - [TEST_STEP][PASSED] - tel3 = selenium.getEval("{var x="123456789"; var tmp=""; for (i=0;i&lt;4;i++) tmp+=x.charAt(Math.ceil(8*Math.random()));tmp;}"): null&#xD;
&#xD;
2019-07-30 14:45:03 - [TEST_STEP][PASSED] - Tel = selenium.getExpression(tel1 + "-" + tel2 + "-" + tel3): null&#xD;
&#xD;
2019-07-30 14:45:03 - [TEST_STEP][PASSED] - AutoEmail = selenium.getEval("{var x="ABCDEFGHIJKLMNOPQRSTUVWXYZabcdefghijklmnopqrstuvwxyz"; var tmp="test."; for (i=0;i&lt;8;i++) tmp+=x.charAt(Math.ceil(51*Math.random()));tmp+="@suryani.cn";}"): null&#xD;
&#xD;
2019-07-30 14:45:03 - [TEST_STEP][PASSED] - FirstName = FirstName: null&#xD;
&#xD;
2019-07-30 14:45:03 - [TEST_STEP][PASSED] - LastName = LastName: null&#xD;
&#xD;
2019-07-30 14:45:03 - [TEST_STEP][PASSED] - Address = Address: null&#xD;
&#xD;
2019-07-30 14:45:03 - [TEST_STEP][PASSED] - City = City: null&#xD;
&#xD;
2019-07-30 14:45:03 - [TEST_STEP][PASSED] - Tel = Tel: null&#xD;
&#xD;
2019-07-30 14:45:03 - [TEST_STEP][PASSED] - AutoEmail = AutoEmail: null&#xD;
&#xD;
2019-07-30 14:45:03 - [TEST_STEP][PASSED] - println(FirstName): null&#xD;
&#xD;
2019-07-30 14:45:03 - [TEST_STEP][PASSED] - println(LastName): null&#xD;
&#xD;
2019-07-30 14:45:03 - [TEST_STEP][PASSED] - println(Address): null&#xD;
&#xD;
2019-07-30 14:45:03 - [TEST_STEP][PASSED] - println(City): null&#xD;
&#xD;
2019-07-30 14:45:03 - [TEST_STEP][PASSED] - println(Tel): null&#xD;
&#xD;
2019-07-30 14:45:03 - [TEST_STEP][PASSED] - println(AutoEmail): null&#xD;
&#xD;
2019-07-30 14:45:03 - [MESSAGE][PASSED] - Call Test Case 'Test Cases/mobileWeb/_include/name' successfully&#xD;
&#xD;
2019-07-30 14:45:03 - [TEST_STEP][PASSED] - setText(findTestObject("mobileSanity/HBI/Page_App Page 1/input__member-P-1-firstName"), FirstName): Text 'Test-123' is set on object 'Object Repository/mobileSanity/HBI/Page_App Page 1/input__member-P-1-firstName'&#xD;
&#xD;
2019-07-30 14:45:03 - [MESSAGE][PASSED] - Text 'Test-123' is set on object 'Object Repository/mobileSanity/HBI/Page_App Page 1/input__member-P-1-firstName'&#xD;
&#xD;
2019-07-30 14:45:03 - [TEST_STEP][PASSED] - setText(findTestObject("mobileSanity/HBI/Page_App Page 1/input__member-P-1-lastName"), LastName): Text 'ZZ11-WjwHfwWm' is set on object 'Object Repository/mobileSanity/HBI/Page_App Page 1/input__member-P-1-lastName'&#xD;
&#xD;
2019-07-30 14:45:03 - [MESSAGE][PASSED] - Text 'ZZ11-WjwHfwWm' is set on object 'Object Repository/mobileSanity/HBI/Page_App Page 1/input__member-P-1-lastName'&#xD;
&#xD;
2019-07-30 14:45:03 - [TEST_STEP][PASSED] - if (carrier == "agileone" || carrier == "agilesecure"): null&#xD;
&#xD;
2019-07-30 14:45:03 - [TEST_STEP][PASSED] - setText(findTestObject("mobileSanity/HBI/Page_App Page 1/input__address"), Address): Text 'JNKEgFBw' is set on object 'Object Repository/mobileSanity/HBI/Page_App Page 1/input__address'&#xD;
&#xD;
2019-07-30 14:45:04 - [MESSAGE][PASSED] - Text 'JNKEgFBw' is set on object 'Object Repository/mobileSanity/HBI/Page_App Page 1/input__address'&#xD;
&#xD;
2019-07-30 14:45:04 - [TEST_STEP][PASSED] - setText(findTestObject("mobileSanity/HBI/Page_App Page 1/input__city"), City): Text 'BJTfsdJx' is set on object 'Object Repository/mobileSanity/HBI/Page_App Page 1/input__city'&#xD;
&#xD;
2019-07-30 14:45:04 - [MESSAGE][PASSED] - Text 'BJTfsdJx' is set on object 'Object Repository/mobileSanity/HBI/Page_App Page 1/input__city'&#xD;
&#xD;
2019-07-30 14:45:04 - [TEST_STEP][PASSED] - setText(findTestObject("mobileSanity/HBI/Page_App Page 1/input__email"), AutoEmail): Text 'test.hrEpWUIE@suryani.cn' is set on object 'Object Repository/mobileSanity/HBI/Page_App Page 1/input__email'&#xD;
&#xD;
2019-07-30 14:45:04 - [MESSAGE][PASSED] - Text 'test.hrEpWUIE@suryani.cn' is set on object 'Object Repository/mobileSanity/HBI/Page_App Page 1/input__email'&#xD;
&#xD;
2019-07-30 14:45:04 - [TEST_STEP][PASSED] - setText(findTestObject("mobileSanity/HBI/Page_App Page 1/input_tel"), Tel): Text '674-795-6572' is set on object 'Object Repository/mobileSanity/HBI/Page_App Page 1/input_tel'&#xD;
&#xD;
2019-07-30 14:45:04 - [MESSAGE][PASSED] - Text '674-795-6572' is set on object 'Object Repository/mobileSanity/HBI/Page_App Page 1/input_tel'&#xD;
&#xD;
2019-07-30 14:45:04 - [TEST_STEP][PASSED] - click(findTestObject("mobileSanity/HBI/Page_App Page 1/a_Continue to Step 2 - Payment")): Object: 'Object Repository/mobileSanity/HBI/Page_App Page 1/a_Continue to Step 2 - Payment' is clicked on&#xD;
&#xD;
2019-07-30 14:45:05 - [MESSAGE][PASSED] - Object: 'Object Repository/mobileSanity/HBI/Page_App Page 1/a_Continue to Step 2 - Payment' is clicked on&#xD;
&#xD;
2019-07-30 14:45:05 - [TEST_STEP][PASSED] - waitForPageLoad(10): Wait for page load successfully&#xD;
&#xD;
2019-07-30 14:45:05 - [MESSAGE][PASSED] - Wait for page load successfully&#xD;
&#xD;
2019-07-30 14:45:05 - [TEST_STEP][PASSED] - Thread.sleep(2000): null&#xD;
&#xD;
2019-07-30 14:45:07 - [TEST_STEP][PASSED] - callTestCase(findTestCase("mobileWeb/_include/get_screenshot"), [:], STOP_ON_FAILURE): Call Test Case 'Test Cases/mobileWeb/_include/get_screenshot' successfully&#xD;
&#xD;
2019-07-30 14:45:07 - [TEST_CASE][PASSED] - Test Cases/mobileWeb/_include/get_screenshot: Test Cases/mobileWeb/_include/get_screenshot&#xD;
&#xD;
2019-07-30 14:45:07 - [TEST_STEP][PASSED] - takeScreenshot(screenPath + i + ".png"): Taking screenshot successfully&#xD;
&#xD;
2019-07-30 14:45:07 - [MESSAGE][PASSED] - Taking screenshot successfully&#xD;
[[ATTACHMENT|D:\\Test\\AgileTest\\AgileTest\\Reports\\mobileWeb\\hbi\\20190730_144207\\../Screenshots/iPhone X/hbi/Legion Limited Medical/20190730_144425/6.png]]&#xD;
&#xD;
2019-07-30 14:45:07 - [TEST_STEP][PASSED] - (internal.GlobalVariable.i++): null&#xD;
&#xD;
2019-07-30 14:45:07 - [MESSAGE][PASSED] - Call Test Case 'Test Cases/mobileWeb/_include/get_screenshot' successfully&#xD;
&#xD;
2019-07-30 14:45:07 - [TEST_STEP][PASSED] - setText(findTestObject("mobileSanity/HBI/Page_App Page 2/input__credit-card-first"), FirstName): Text 'Test-123' is set on object 'Object Repository/mobileSanity/HBI/Page_App Page 2/input__credit-card-first'&#xD;
&#xD;
2019-07-30 14:45:08 - [MESSAGE][PASSED] - Text 'Test-123' is set on object 'Object Repository/mobileSanity/HBI/Page_App Page 2/input__credit-card-first'&#xD;
&#xD;
2019-07-30 14:45:08 - [TEST_STEP][PASSED] - setText(findTestObject("mobileSanity/HBI/Page_App Page 2/input__credit-card-last"), LastName): Text 'ZZ11-WjwHfwWm' is set on object 'Object Repository/mobileSanity/HBI/Page_App Page 2/input__credit-card-last'&#xD;
&#xD;
2019-07-30 14:45:08 - [MESSAGE][PASSED] - Text 'ZZ11-WjwHfwWm' is set on object 'Object Repository/mobileSanity/HBI/Page_App Page 2/input__credit-card-last'&#xD;
&#xD;
2019-07-30 14:45:08 - [TEST_STEP][PASSED] - selectOptionByValue(findTestObject("mobileSanity/HBI/Page_App Page 2/select_MM010203040506070809101"), "12", true): All options with value '12' are selected in object 'Object Repository/mobileSanity/HBI/Page_App Page 2/select_MM010203040506070809101'  using regular expression&#xD;
&#xD;
2019-07-30 14:45:08 - [MESSAGE][PASSED] - All options with value '12' are selected in object 'Object Repository/mobileSanity/HBI/Page_App Page 2/select_MM010203040506070809101'  using regular expression&#xD;
&#xD;
2019-07-30 14:45:08 - [TEST_STEP][PASSED] - selectOptionByValue(findTestObject("mobileSanity/HBI/Page_App Page 2/select_YYYY2019202020212022202"), "2026", true): All options with value '2026' are selected in object 'Object Repository/mobileSanity/HBI/Page_App Page 2/select_YYYY2019202020212022202'  using regular expression&#xD;
&#xD;
2019-07-30 14:45:09 - [MESSAGE][PASSED] - All options with value '2026' are selected in object 'Object Repository/mobileSanity/HBI/Page_App Page 2/select_YYYY2019202020212022202'  using regular expression&#xD;
&#xD;
2019-07-30 14:45:09 - [TEST_STEP][PASSED] - setText(findTestObject("mobileSanity/HBI/Page_App Page 2/input__credit-card-number"), "4111111111111111"): Text '4111111111111111' is set on object 'Object Repository/mobileSanity/HBI/Page_App Page 2/input__credit-card-number'&#xD;
&#xD;
2019-07-30 14:45:09 - [MESSAGE][PASSED] - Text '4111111111111111' is set on object 'Object Repository/mobileSanity/HBI/Page_App Page 2/input__credit-card-number'&#xD;
&#xD;
2019-07-30 14:45:09 - [TEST_STEP][PASSED] - setText(findTestObject("mobileSanity/HBI/Page_App Page 2/input__cvv"), "123"): Text '123' is set on object 'Object Repository/mobileSanity/HBI/Page_App Page 2/input__cvv'&#xD;
&#xD;
2019-07-30 14:45:09 - [MESSAGE][PASSED] - Text '123' is set on object 'Object Repository/mobileSanity/HBI/Page_App Page 2/input__cvv'&#xD;
&#xD;
2019-07-30 14:45:09 - [TEST_STEP][PASSED] - click(findTestObject("mobileSanity/HBI/Page_App Page 2/label_My billing address is th")): Object: 'Object Repository/mobileSanity/HBI/Page_App Page 2/label_My billing address is th' is clicked on&#xD;
&#xD;
2019-07-30 14:45:09 - [MESSAGE][PASSED] - Object: 'Object Repository/mobileSanity/HBI/Page_App Page 2/label_My billing address is th' is clicked on&#xD;
&#xD;
2019-07-30 14:45:09 - [TEST_STEP][PASSED] - click(findTestObject("mobileSanity/HBI/Page_App Page 2/label_I Accept Authorization f")): Object: 'Object Repository/mobileSanity/HBI/Page_App Page 2/label_I Accept Authorization f' is clicked on&#xD;
&#xD;
2019-07-30 14:45:09 - [MESSAGE][PASSED] - Object: 'Object Repository/mobileSanity/HBI/Page_App Page 2/label_I Accept Authorization f' is clicked on&#xD;
&#xD;
2019-07-30 14:45:09 - [TEST_STEP][PASSED] - click(findTestObject("mobileSanity/HBI/Page_App Page 2/a_Continue to Step 3 - Review")): Object: 'Object Repository/mobileSanity/HBI/Page_App Page 2/a_Continue to Step 3 - Review' is clicked on&#xD;
&#xD;
2019-07-30 14:45:09 - [MESSAGE][PASSED] - Object: 'Object Repository/mobileSanity/HBI/Page_App Page 2/a_Continue to Step 3 - Review' is clicked on&#xD;
&#xD;
2019-07-30 14:45:09 - [TEST_STEP][PASSED] - waitForPageLoad(10): Wait for page load successfully&#xD;
&#xD;
2019-07-30 14:45:09 - [MESSAGE][PASSED] - Wait for page load successfully&#xD;
&#xD;
2019-07-30 14:45:09 - [TEST_STEP][PASSED] - Thread.sleep(2000): null&#xD;
&#xD;
2019-07-30 14:45:11 - [TEST_STEP][PASSED] - callTestCase(findTestCase("mobileWeb/_include/get_screenshot"), [:], STOP_ON_FAILURE): Call Test Case 'Test Cases/mobileWeb/_include/get_screenshot' successfully&#xD;
&#xD;
2019-07-30 14:45:11 - [TEST_CASE][PASSED] - Test Cases/mobileWeb/_include/get_screenshot: Test Cases/mobileWeb/_include/get_screenshot&#xD;
&#xD;
2019-07-30 14:45:12 - [TEST_STEP][PASSED] - takeScreenshot(screenPath + i + ".png"): Taking screenshot successfully&#xD;
&#xD;
2019-07-30 14:45:13 - [MESSAGE][PASSED] - Taking screenshot successfully&#xD;
[[ATTACHMENT|D:\\Test\\AgileTest\\AgileTest\\Reports\\mobileWeb\\hbi\\20190730_144207\\../Screenshots/iPhone X/hbi/Legion Limited Medical/20190730_144425/7.png]]&#xD;
&#xD;
2019-07-30 14:45:13 - [TEST_STEP][PASSED] - (internal.GlobalVariable.i++): null&#xD;
&#xD;
2019-07-30 14:45:13 - [MESSAGE][PASSED] - Call Test Case 'Test Cases/mobileWeb/_include/get_screenshot' successfully&#xD;
&#xD;
2019-07-30 14:45:13 - [TEST_STEP][PASSED] - if (test.MobileKeywords.isElementPresent_Web(findTestObject("mobileSanity/HBI/Page_App Page 2/a_No Thanks"), 10)): test.MobileKeywords.isElementPresent_Web is PASSED&#xD;
&#xD;
2019-07-30 14:45:35 - [MESSAGE][INFO] - Unable to find the element located by 'By.xpath: //a[@type = 'submit' and (text() = 'No Thanks' or . = 'No Thanks')]'. Please recheck the objects properties to make sure the desired element is located. &#xD;
&#xD;
2019-07-30 14:45:35 - [MESSAGE][PASSED] - test.MobileKeywords.isElementPresent_Web is PASSED&#xD;
&#xD;
2019-07-30 14:45:35 - [TEST_STEP][PASSED] - waitForPageLoad(10): Wait for page load successfully&#xD;
&#xD;
2019-07-30 14:45:35 - [MESSAGE][PASSED] - Wait for page load successfully&#xD;
&#xD;
2019-07-30 14:45:35 - [TEST_STEP][PASSED] - click(findTestObject("mobileSanity/HBI/Page_App Page 3/label")): Object: 'Object Repository/mobileSanity/HBI/Page_App Page 3/label' is clicked on&#xD;
&#xD;
2019-07-30 14:45:35 - [MESSAGE][PASSED] - Object: 'Object Repository/mobileSanity/HBI/Page_App Page 3/label' is clicked on&#xD;
&#xD;
2019-07-30 14:45:35 - [TEST_STEP][PASSED] - click(findTestObject("mobileSanity/HBI/Page_App Page 3/p_CLICK TO SIGN")): Object: 'Object Repository/mobileSanity/HBI/Page_App Page 3/p_CLICK TO SIGN' is clicked on&#xD;
&#xD;
2019-07-30 14:45:35 - [MESSAGE][PASSED] - Object: 'Object Repository/mobileSanity/HBI/Page_App Page 3/p_CLICK TO SIGN' is clicked on&#xD;
&#xD;
2019-07-30 14:45:35 - [TEST_STEP][PASSED] - click(findTestObject("mobileSanity/HBI/Page_App Page 3/a_Submit Your Application")): Object: 'Object Repository/mobileSanity/HBI/Page_App Page 3/a_Submit Your Application' is clicked on&#xD;
&#xD;
2019-07-30 14:45:35 - [MESSAGE][PASSED] - Object: 'Object Repository/mobileSanity/HBI/Page_App Page 3/a_Submit Your Application' is clicked on&#xD;
&#xD;
2019-07-30 14:45:35 - [TEST_STEP][PASSED] - Thread.sleep(30000): null&#xD;
&#xD;
2019-07-30 14:46:05 - [TEST_STEP][PASSED] - callTestCase(findTestCase("mobileWeb/_include/get_screenshot"), [:], STOP_ON_FAILURE): Call Test Case 'Test Cases/mobileWeb/_include/get_screenshot' successfully&#xD;
&#xD;
2019-07-30 14:46:05 - [TEST_CASE][PASSED] - Test Cases/mobileWeb/_include/get_screenshot: Test Cases/mobileWeb/_include/get_screenshot&#xD;
&#xD;
2019-07-30 14:46:05 - [TEST_STEP][PASSED] - takeScreenshot(screenPath + i + ".png"): Taking screenshot successfully&#xD;
&#xD;
2019-07-30 14:46:14 - [MESSAGE][PASSED] - Taking screenshot successfully&#xD;
[[ATTACHMENT|D:\\Test\\AgileTest\\AgileTest\\Reports\\mobileWeb\\hbi\\20190730_144207\\../Screenshots/iPhone X/hbi/Legion Limited Medical/20190730_144425/8.png]]&#xD;
&#xD;
2019-07-30 14:46:14 - [TEST_STEP][PASSED] - (internal.GlobalVariable.i++): null&#xD;
&#xD;
2019-07-30 14:46:14 - [MESSAGE][PASSED] - Call Test Case 'Test Cases/mobileWeb/_include/get_screenshot' successfully&#xD;
&#xD;
2019-07-30 14:46:14 - [TEST_STEP][PASSED] - verifyTextPresent("Congratulations", false): Text 'Congratulations' is present on page &#xD;
&#xD;
2019-07-30 14:46:14 - [MESSAGE][PASSED] - Text 'Congratulations' is present on page &#xD;
&#xD;
2019-07-30 14:46:14 - [MESSAGE][PASSED] - Call Test Case 'Test Cases/mobileWeb/_include/goToEnd_hbi' successfully</system-out>
            <system-err></system-err>
        </testcase>
        <testcase name="Test Cases/mobileWeb/HBI/Cardinal Choice" classname="Test Cases/mobileWeb/HBI/Cardinal Choice" status="PASSED">
            <system-out>2019-07-30 14:46:14 - [TEST_CASE][PASSED] - Test Cases/mobileWeb/HBI/Cardinal Choice: Test Cases/mobileWeb/HBI/Cardinal Choice&#xD;
&#xD;
2019-07-30 14:46:14 - [TEST_STEP][PASSED] - callTestCase(findTestCase("mobileWeb/_include/get_screenPath"), ["productLine":"hbi", "carrierName":"Cardinal Choice"], CONTINUE_ON_FAILURE): Call Test Case 'Test Cases/mobileWeb/_include/get_screenPath' successfully&#xD;
&#xD;
2019-07-30 14:46:15 - [TEST_CASE][PASSED] - Test Cases/mobileWeb/_include/get_screenPath: Test Cases/mobileWeb/_include/get_screenPath&#xD;
&#xD;
2019-07-30 14:46:15 - [TEST_STEP][PASSED] - m = getExecutionProperties(): null&#xD;
&#xD;
2019-07-30 14:46:15 - [TEST_STEP][PASSED] - deviceName = get("mobileEmulation").get("deviceName"): null&#xD;
&#xD;
2019-07-30 14:46:15 - [TEST_STEP][PASSED] - println(deviceName): null&#xD;
&#xD;
2019-07-30 14:46:15 - [TEST_STEP][PASSED] - now = new java.util.Date(): null&#xD;
&#xD;
2019-07-30 14:46:15 - [TEST_STEP][PASSED] - mydate = now.format("yyyyMMdd_HHmmss"): null&#xD;
&#xD;
2019-07-30 14:46:15 - [TEST_STEP][PASSED] - screenPath = "../Screenshots/": null&#xD;
&#xD;
2019-07-30 14:46:15 - [TEST_STEP][PASSED] - screenPath = screenPath + deviceName + "/" + productLine + "/" + carrierName + "/" + mydate + "/": null&#xD;
&#xD;
2019-07-30 14:46:15 - [TEST_STEP][PASSED] - println(screenPath): null&#xD;
&#xD;
2019-07-30 14:46:15 - [MESSAGE][PASSED] - Call Test Case 'Test Cases/mobileWeb/_include/get_screenPath' successfully&#xD;
&#xD;
2019-07-30 14:46:15 - [TEST_STEP][PASSED] - i = 0: null&#xD;
&#xD;
2019-07-30 14:46:15 - [TEST_STEP][PASSED] - callTestCase(findTestCase("mobileWeb/_include/openWebSite"), [:], CONTINUE_ON_FAILURE): Call Test Case 'Test Cases/mobileWeb/_include/openWebSite' successfully&#xD;
&#xD;
2019-07-30 14:46:15 - [TEST_CASE][PASSED] - Test Cases/mobileWeb/_include/openWebSite: Test Cases/mobileWeb/_include/openWebSite&#xD;
&#xD;
2019-07-30 14:46:15 - [TEST_STEP][PASSED] - openBrowser(env): Browser is opened with url: 'https://praetemptatus.agilehealthinsurance.com'&#xD;
&#xD;
2019-07-30 14:46:15 - [MESSAGE][WARNING] - A browser is already opened. Closing browser and opening a new one&#xD;
&#xD;
2019-07-30 14:46:15 - [MESSAGE][INFO] - Starting 'Chrome' driver&#xD;
&#xD;
2019-07-30 14:46:15 - [MESSAGE][INFO] - User set preference: ['mobileEmulation', '{deviceName=iPhone X}']&#xD;
&#xD;
2019-07-30 14:46:15 - [MESSAGE][INFO] - User set preference: ['args', '[--incognito, --aggressive-cache-discard, --no-sandbox, --window-size=375,812]']&#xD;
&#xD;
2019-07-30 14:46:22 - [MESSAGE][PASSED] - Browser is opened with url: 'https://praetemptatus.agilehealthinsurance.com'&#xD;
&#xD;
2019-07-30 14:46:22 - [TEST_STEP][PASSED] - waitForPageLoad(10): Wait for page load successfully&#xD;
&#xD;
2019-07-30 14:46:22 - [MESSAGE][PASSED] - Wait for page load successfully&#xD;
&#xD;
2019-07-30 14:46:22 - [TEST_STEP][PASSED] - callTestCase(findTestCase("mobileWeb/_include/get_screenshot"), [:], STOP_ON_FAILURE): Call Test Case 'Test Cases/mobileWeb/_include/get_screenshot' successfully&#xD;
&#xD;
2019-07-30 14:46:22 - [TEST_CASE][PASSED] - Test Cases/mobileWeb/_include/get_screenshot: Test Cases/mobileWeb/_include/get_screenshot&#xD;
&#xD;
2019-07-30 14:46:22 - [TEST_STEP][PASSED] - takeScreenshot(screenPath + i + ".png"): Taking screenshot successfully&#xD;
&#xD;
2019-07-30 14:46:24 - [MESSAGE][PASSED] - Taking screenshot successfully&#xD;
[[ATTACHMENT|D:\\Test\\AgileTest\\AgileTest\\Reports\\mobileWeb\\hbi\\20190730_144207\\../Screenshots/iPhone X/hbi/Cardinal Choice/20190730_144615/0.png]]&#xD;
&#xD;
2019-07-30 14:46:24 - [TEST_STEP][PASSED] - (internal.GlobalVariable.i++): null&#xD;
&#xD;
2019-07-30 14:46:24 - [MESSAGE][PASSED] - Call Test Case 'Test Cases/mobileWeb/_include/get_screenshot' successfully&#xD;
&#xD;
2019-07-30 14:46:24 - [MESSAGE][PASSED] - Call Test Case 'Test Cases/mobileWeb/_include/openWebSite' successfully&#xD;
&#xD;
2019-07-30 14:46:24 - [TEST_STEP][PASSED] - callTestCase(findTestCase("mobileWeb/_include/census_hbi"), [:], CONTINUE_ON_FAILURE): Call Test Case 'Test Cases/mobileWeb/_include/census_hbi' successfully&#xD;
&#xD;
2019-07-30 14:46:24 - [TEST_CASE][PASSED] - Test Cases/mobileWeb/_include/census_hbi: Test Cases/mobileWeb/_include/census_hbi&#xD;
&#xD;
2019-07-30 14:46:24 - [TEST_STEP][PASSED] - click(findTestObject("mobileSanity/Common/side_nav/menu")): Object: 'Object Repository/mobileSanity/Common/side_nav/menu' is clicked on&#xD;
&#xD;
2019-07-30 14:46:25 - [MESSAGE][PASSED] - Object: 'Object Repository/mobileSanity/Common/side_nav/menu' is clicked on&#xD;
&#xD;
2019-07-30 14:46:25 - [TEST_STEP][PASSED] - Thread.sleep(3000): null&#xD;
&#xD;
2019-07-30 14:46:28 - [TEST_STEP][PASSED] - click(findTestObject("mobileSanity/Common/side_nav/nav_hbi")): Object: 'Object Repository/mobileSanity/Common/side_nav/nav_hbi' is clicked on&#xD;
&#xD;
2019-07-30 14:46:30 - [MESSAGE][PASSED] - Object: 'Object Repository/mobileSanity/Common/side_nav/nav_hbi' is clicked on&#xD;
&#xD;
2019-07-30 14:46:30 - [TEST_STEP][PASSED] - waitForPageLoad(10): Wait for page load successfully&#xD;
&#xD;
2019-07-30 14:46:30 - [MESSAGE][PASSED] - Wait for page load successfully&#xD;
&#xD;
2019-07-30 14:46:30 - [TEST_STEP][PASSED] - callTestCase(findTestCase("mobileWeb/_include/get_screenshot"), [:], STOP_ON_FAILURE): Call Test Case 'Test Cases/mobileWeb/_include/get_screenshot' successfully&#xD;
&#xD;
2019-07-30 14:46:31 - [TEST_CASE][PASSED] - Test Cases/mobileWeb/_include/get_screenshot: Test Cases/mobileWeb/_include/get_screenshot&#xD;
&#xD;
2019-07-30 14:46:31 - [TEST_STEP][PASSED] - takeScreenshot(screenPath + i + ".png"): Taking screenshot successfully&#xD;
&#xD;
2019-07-30 14:46:32 - [MESSAGE][PASSED] - Taking screenshot successfully&#xD;
[[ATTACHMENT|D:\\Test\\AgileTest\\AgileTest\\Reports\\mobileWeb\\hbi\\20190730_144207\\../Screenshots/iPhone X/hbi/Cardinal Choice/20190730_144615/1.png]]&#xD;
&#xD;
2019-07-30 14:46:32 - [TEST_STEP][PASSED] - (internal.GlobalVariable.i++): null&#xD;
&#xD;
2019-07-30 14:46:32 - [MESSAGE][PASSED] - Call Test Case 'Test Cases/mobileWeb/_include/get_screenshot' successfully&#xD;
&#xD;
2019-07-30 14:46:32 - [TEST_STEP][PASSED] - setText(findTestObject("mobileSanity/HBI/census/input_Location_zip-input"), zipcode): Text '35215' is set on object 'Object Repository/mobileSanity/HBI/census/input_Location_zip-input'&#xD;
&#xD;
2019-07-30 14:46:32 - [MESSAGE][PASSED] - Text '35215' is set on object 'Object Repository/mobileSanity/HBI/census/input_Location_zip-input'&#xD;
&#xD;
2019-07-30 14:46:32 - [TEST_STEP][PASSED] - Thread.sleep(500): null&#xD;
&#xD;
2019-07-30 14:46:32 - [TEST_STEP][PASSED] - setText(findTestObject("mobileSanity/HBI/census/input_Date of Birth_dob-0"), "12121980"): Text '12121980' is set on object 'Object Repository/mobileSanity/HBI/census/input_Date of Birth_dob-0'&#xD;
&#xD;
2019-07-30 14:46:32 - [MESSAGE][PASSED] - Text '12121980' is set on object 'Object Repository/mobileSanity/HBI/census/input_Date of Birth_dob-0'&#xD;
&#xD;
2019-07-30 14:46:32 - [TEST_STEP][PASSED] - click(findTestObject("mobileSanity/HBI/census/label_Male")): Object: 'Object Repository/mobileSanity/HBI/census/label_Male' is clicked on&#xD;
&#xD;
2019-07-30 14:46:33 - [MESSAGE][PASSED] - Object: 'Object Repository/mobileSanity/HBI/census/label_Male' is clicked on&#xD;
&#xD;
2019-07-30 14:46:33 - [TEST_STEP][PASSED] - click(findTestObject("mobileSanity/HBI/census/label_Get a Quote")): Object: 'Object Repository/mobileSanity/HBI/census/label_Get a Quote' is clicked on&#xD;
&#xD;
2019-07-30 14:46:33 - [MESSAGE][PASSED] - Object: 'Object Repository/mobileSanity/HBI/census/label_Get a Quote' is clicked on&#xD;
&#xD;
2019-07-30 14:46:33 - [TEST_STEP][PASSED] - waitForPageLoad(10): Wait for page load successfully&#xD;
&#xD;
2019-07-30 14:46:33 - [MESSAGE][PASSED] - Wait for page load successfully&#xD;
&#xD;
2019-07-30 14:46:33 - [TEST_STEP][PASSED] - callTestCase(findTestCase("mobileWeb/_include/get_screenshot"), [:], STOP_ON_FAILURE): Call Test Case 'Test Cases/mobileWeb/_include/get_screenshot' successfully&#xD;
&#xD;
2019-07-30 14:46:33 - [TEST_CASE][PASSED] - Test Cases/mobileWeb/_include/get_screenshot: Test Cases/mobileWeb/_include/get_screenshot&#xD;
&#xD;
2019-07-30 14:46:33 - [TEST_STEP][PASSED] - takeScreenshot(screenPath + i + ".png"): Taking screenshot successfully&#xD;
&#xD;
2019-07-30 14:46:38 - [MESSAGE][PASSED] - Taking screenshot successfully&#xD;
[[ATTACHMENT|D:\\Test\\AgileTest\\AgileTest\\Reports\\mobileWeb\\hbi\\20190730_144207\\../Screenshots/iPhone X/hbi/Cardinal Choice/20190730_144615/2.png]]&#xD;
&#xD;
2019-07-30 14:46:38 - [TEST_STEP][PASSED] - (internal.GlobalVariable.i++): null&#xD;
&#xD;
2019-07-30 14:46:38 - [MESSAGE][PASSED] - Call Test Case 'Test Cases/mobileWeb/_include/get_screenshot' successfully&#xD;
&#xD;
2019-07-30 14:46:38 - [MESSAGE][PASSED] - Call Test Case 'Test Cases/mobileWeb/_include/census_hbi' successfully&#xD;
&#xD;
2019-07-30 14:46:38 - [TEST_STEP][PASSED] - Thread.sleep(5000): null&#xD;
&#xD;
2019-07-30 14:46:43 - [TEST_STEP][PASSED] - scrollToPosition(200, 2300): Browser is scrolled to position x = 200, y = 2300&#xD;
&#xD;
2019-07-30 14:46:43 - [MESSAGE][PASSED] - Browser is scrolled to position x = 200, y = 2300&#xD;
&#xD;
2019-07-30 14:46:43 - [TEST_STEP][PASSED] - click(findTestObject("mobileSanity/HBI/quote/a_Cardinal Choice")): Object: 'Object Repository/mobileSanity/HBI/quote/a_Cardinal Choice' is clicked on&#xD;
&#xD;
2019-07-30 14:46:48 - [MESSAGE][PASSED] - Object: 'Object Repository/mobileSanity/HBI/quote/a_Cardinal Choice' is clicked on&#xD;
&#xD;
2019-07-30 14:46:48 - [TEST_STEP][PASSED] - waitForPageLoad(10): Wait for page load successfully&#xD;
&#xD;
2019-07-30 14:46:49 - [MESSAGE][PASSED] - Wait for page load successfully&#xD;
&#xD;
2019-07-30 14:46:49 - [TEST_STEP][PASSED] - callTestCase(findTestCase("mobileWeb/_include/get_screenshot"), [:], STOP_ON_FAILURE): Call Test Case 'Test Cases/mobileWeb/_include/get_screenshot' successfully&#xD;
&#xD;
2019-07-30 14:46:49 - [TEST_CASE][PASSED] - Test Cases/mobileWeb/_include/get_screenshot: Test Cases/mobileWeb/_include/get_screenshot&#xD;
&#xD;
2019-07-30 14:46:49 - [TEST_STEP][PASSED] - takeScreenshot(screenPath + i + ".png"): Taking screenshot successfully&#xD;
&#xD;
2019-07-30 14:46:50 - [MESSAGE][PASSED] - Taking screenshot successfully&#xD;
[[ATTACHMENT|D:\\Test\\AgileTest\\AgileTest\\Reports\\mobileWeb\\hbi\\20190730_144207\\../Screenshots/iPhone X/hbi/Cardinal Choice/20190730_144615/3.png]]&#xD;
&#xD;
2019-07-30 14:46:50 - [TEST_STEP][PASSED] - (internal.GlobalVariable.i++): null&#xD;
&#xD;
2019-07-30 14:46:50 - [MESSAGE][PASSED] - Call Test Case 'Test Cases/mobileWeb/_include/get_screenshot' successfully&#xD;
&#xD;
2019-07-30 14:46:50 - [TEST_STEP][PASSED] - click(findTestObject("mobileSanity/HBI/detail/a_Apply for This Plan")): Object: 'Object Repository/mobileSanity/HBI/detail/a_Apply for This Plan' is clicked on&#xD;
&#xD;
2019-07-30 14:46:51 - [MESSAGE][PASSED] - Object: 'Object Repository/mobileSanity/HBI/detail/a_Apply for This Plan' is clicked on&#xD;
&#xD;
2019-07-30 14:46:51 - [TEST_STEP][PASSED] - waitForPageLoad(10): Wait for page load successfully&#xD;
&#xD;
2019-07-30 14:46:51 - [MESSAGE][PASSED] - Wait for page load successfully&#xD;
&#xD;
2019-07-30 14:46:51 - [TEST_STEP][PASSED] - callTestCase(findTestCase("mobileWeb/_include/get_screenshot"), [:], STOP_ON_FAILURE): Call Test Case 'Test Cases/mobileWeb/_include/get_screenshot' successfully&#xD;
&#xD;
2019-07-30 14:46:51 - [TEST_CASE][PASSED] - Test Cases/mobileWeb/_include/get_screenshot: Test Cases/mobileWeb/_include/get_screenshot&#xD;
&#xD;
2019-07-30 14:46:51 - [TEST_STEP][PASSED] - takeScreenshot(screenPath + i + ".png"): Taking screenshot successfully&#xD;
&#xD;
2019-07-30 14:46:52 - [MESSAGE][PASSED] - Taking screenshot successfully&#xD;
[[ATTACHMENT|D:\\Test\\AgileTest\\AgileTest\\Reports\\mobileWeb\\hbi\\20190730_144207\\../Screenshots/iPhone X/hbi/Cardinal Choice/20190730_144615/4.png]]&#xD;
&#xD;
2019-07-30 14:46:52 - [TEST_STEP][PASSED] - (internal.GlobalVariable.i++): null&#xD;
&#xD;
2019-07-30 14:46:52 - [MESSAGE][PASSED] - Call Test Case 'Test Cases/mobileWeb/_include/get_screenshot' successfully&#xD;
&#xD;
2019-07-30 14:46:52 - [TEST_STEP][PASSED] - click(findTestObject("mobileSanity/HBI/Page_Apply/span_Start Secure Application")): Object: 'Object Repository/mobileSanity/HBI/Page_Apply/span_Start Secure Application' is clicked on&#xD;
&#xD;
2019-07-30 14:46:54 - [MESSAGE][PASSED] - Object: 'Object Repository/mobileSanity/HBI/Page_Apply/span_Start Secure Application' is clicked on&#xD;
&#xD;
2019-07-30 14:46:54 - [TEST_STEP][PASSED] - waitForPageLoad(10): Wait for page load successfully&#xD;
&#xD;
2019-07-30 14:46:54 - [MESSAGE][PASSED] - Wait for page load successfully&#xD;
&#xD;
2019-07-30 14:46:54 - [TEST_STEP][PASSED] - callTestCase(findTestCase("mobileWeb/_include/get_screenshot"), [:], STOP_ON_FAILURE): Call Test Case 'Test Cases/mobileWeb/_include/get_screenshot' successfully&#xD;
&#xD;
2019-07-30 14:46:54 - [TEST_CASE][PASSED] - Test Cases/mobileWeb/_include/get_screenshot: Test Cases/mobileWeb/_include/get_screenshot&#xD;
&#xD;
2019-07-30 14:46:54 - [TEST_STEP][PASSED] - takeScreenshot(screenPath + i + ".png"): Taking screenshot successfully&#xD;
&#xD;
2019-07-30 14:46:55 - [MESSAGE][PASSED] - Taking screenshot successfully&#xD;
[[ATTACHMENT|D:\\Test\\AgileTest\\AgileTest\\Reports\\mobileWeb\\hbi\\20190730_144207\\../Screenshots/iPhone X/hbi/Cardinal Choice/20190730_144615/5.png]]&#xD;
&#xD;
2019-07-30 14:46:55 - [TEST_STEP][PASSED] - (internal.GlobalVariable.i++): null&#xD;
&#xD;
2019-07-30 14:46:55 - [MESSAGE][PASSED] - Call Test Case 'Test Cases/mobileWeb/_include/get_screenshot' successfully&#xD;
&#xD;
2019-07-30 14:46:55 - [TEST_STEP][PASSED] - callTestCase(findTestCase("mobileWeb/_include/goToEnd_hbi"), ["carrier":"cardinalchoice"], CONTINUE_ON_FAILURE): Call Test Case 'Test Cases/mobileWeb/_include/goToEnd_hbi' successfully&#xD;
&#xD;
2019-07-30 14:46:55 - [TEST_CASE][PASSED] - Test Cases/mobileWeb/_include/goToEnd_hbi: Test Cases/mobileWeb/_include/goToEnd_hbi&#xD;
&#xD;
2019-07-30 14:46:55 - [TEST_STEP][PASSED] - if (state == "ca"): null&#xD;
&#xD;
2019-07-30 14:46:55 - [TEST_STEP][PASSED] - callTestCase(findTestCase("mobileWeb/_include/name"), [:], CONTINUE_ON_FAILURE): Call Test Case 'Test Cases/mobileWeb/_include/name' successfully&#xD;
&#xD;
2019-07-30 14:46:55 - [TEST_CASE][PASSED] - Test Cases/mobileWeb/_include/name: Test Cases/mobileWeb/_include/name&#xD;
&#xD;
2019-07-30 14:46:55 - [TEST_STEP][PASSED] - driver = getWebDriver(): null&#xD;
&#xD;
2019-07-30 14:46:55 - [TEST_STEP][PASSED] - selenium = new com.thoughtworks.selenium.webdriven.WebDriverBackedSelenium(driver, internal.GlobalVariable.ENV): null&#xD;
&#xD;
2019-07-30 14:46:55 - [TEST_STEP][PASSED] - FirstName = "Test-123": null&#xD;
&#xD;
2019-07-30 14:46:55 - [TEST_STEP][PASSED] - LastName = selenium.getEval("{var x="ABCDEFGHIJKLMNOPQRSTUVWXYZabcdefghijklmnopqrstuvwxyz"; var tmp="ZZ11-"; for (i=0;i&lt;8;i++) tmp+=x.charAt(Math.ceil(51*Math.random()));tmp;}"): null&#xD;
&#xD;
2019-07-30 14:46:55 - [TEST_STEP][PASSED] - Address = selenium.getEval("{var x="ABCDEFGHIJKLMNOPQRSTUVWXYZabcdefghijklmnopqrstuvwxyz"; var tmp=""; for (i=0;i&lt;8;i++) tmp+=x.charAt(Math.ceil(51*Math.random()));tmp;}"): null&#xD;
&#xD;
2019-07-30 14:46:55 - [TEST_STEP][PASSED] - City = selenium.getEval("{var x="ABCDEFGHIJKLMNOPQRSTUVWXYZabcdefghijklmnopqrstuvwxyz"; var tmp=""; for (i=0;i&lt;8;i++) tmp+=x.charAt(Math.ceil(51*Math.random()));tmp;}"): null&#xD;
&#xD;
2019-07-30 14:46:55 - [TEST_STEP][PASSED] - tel1 = selenium.getEval("{var x="123456789"; var tmp=""; for (i=0;i&lt;3;i++) tmp+=x.charAt(Math.ceil(8*Math.random()));tmp;}"): null&#xD;
&#xD;
2019-07-30 14:46:55 - [TEST_STEP][PASSED] - tel2 = selenium.getEval("{var x="123456789"; var tmp=""; for (i=0;i&lt;3;i++) tmp+=x.charAt(Math.ceil(8*Math.random()));tmp;}"): null&#xD;
&#xD;
2019-07-30 14:46:55 - [TEST_STEP][PASSED] - tel3 = selenium.getEval("{var x="123456789"; var tmp=""; for (i=0;i&lt;4;i++) tmp+=x.charAt(Math.ceil(8*Math.random()));tmp;}"): null&#xD;
&#xD;
2019-07-30 14:46:56 - [TEST_STEP][PASSED] - Tel = selenium.getExpression(tel1 + "-" + tel2 + "-" + tel3): null&#xD;
&#xD;
2019-07-30 14:46:56 - [TEST_STEP][PASSED] - AutoEmail = selenium.getEval("{var x="ABCDEFGHIJKLMNOPQRSTUVWXYZabcdefghijklmnopqrstuvwxyz"; var tmp="test."; for (i=0;i&lt;8;i++) tmp+=x.charAt(Math.ceil(51*Math.random()));tmp+="@suryani.cn";}"): null&#xD;
&#xD;
2019-07-30 14:46:56 - [TEST_STEP][PASSED] - FirstName = FirstName: null&#xD;
&#xD;
2019-07-30 14:46:56 - [TEST_STEP][PASSED] - LastName = LastName: null&#xD;
&#xD;
2019-07-30 14:46:56 - [TEST_STEP][PASSED] - Address = Address: null&#xD;
&#xD;
2019-07-30 14:46:56 - [TEST_STEP][PASSED] - City = City: null&#xD;
&#xD;
2019-07-30 14:46:56 - [TEST_STEP][PASSED] - Tel = Tel: null&#xD;
&#xD;
2019-07-30 14:46:56 - [TEST_STEP][PASSED] - AutoEmail = AutoEmail: null&#xD;
&#xD;
2019-07-30 14:46:56 - [TEST_STEP][PASSED] - println(FirstName): null&#xD;
&#xD;
2019-07-30 14:46:56 - [TEST_STEP][PASSED] - println(LastName): null&#xD;
&#xD;
2019-07-30 14:46:56 - [TEST_STEP][PASSED] - println(Address): null&#xD;
&#xD;
2019-07-30 14:46:56 - [TEST_STEP][PASSED] - println(City): null&#xD;
&#xD;
2019-07-30 14:46:56 - [TEST_STEP][PASSED] - println(Tel): null&#xD;
&#xD;
2019-07-30 14:46:56 - [TEST_STEP][PASSED] - println(AutoEmail): null&#xD;
&#xD;
2019-07-30 14:46:56 - [MESSAGE][PASSED] - Call Test Case 'Test Cases/mobileWeb/_include/name' successfully&#xD;
&#xD;
2019-07-30 14:46:56 - [TEST_STEP][PASSED] - setText(findTestObject("mobileSanity/HBI/Page_App Page 1/input__member-P-1-firstName"), FirstName): Text 'Test-123' is set on object 'Object Repository/mobileSanity/HBI/Page_App Page 1/input__member-P-1-firstName'&#xD;
&#xD;
2019-07-30 14:46:56 - [MESSAGE][PASSED] - Text 'Test-123' is set on object 'Object Repository/mobileSanity/HBI/Page_App Page 1/input__member-P-1-firstName'&#xD;
&#xD;
2019-07-30 14:46:56 - [TEST_STEP][PASSED] - setText(findTestObject("mobileSanity/HBI/Page_App Page 1/input__member-P-1-lastName"), LastName): Text 'ZZ11-WEJiKKjv' is set on object 'Object Repository/mobileSanity/HBI/Page_App Page 1/input__member-P-1-lastName'&#xD;
&#xD;
2019-07-30 14:46:56 - [MESSAGE][PASSED] - Text 'ZZ11-WEJiKKjv' is set on object 'Object Repository/mobileSanity/HBI/Page_App Page 1/input__member-P-1-lastName'&#xD;
&#xD;
2019-07-30 14:46:56 - [TEST_STEP][PASSED] - if (carrier == "agileone" || carrier == "agilesecure"): null&#xD;
&#xD;
2019-07-30 14:46:56 - [TEST_STEP][PASSED] - setText(findTestObject("mobileSanity/HBI/Page_App Page 1/input__address"), Address): Text 'jbqorUxa' is set on object 'Object Repository/mobileSanity/HBI/Page_App Page 1/input__address'&#xD;
&#xD;
2019-07-30 14:46:56 - [MESSAGE][PASSED] - Text 'jbqorUxa' is set on object 'Object Repository/mobileSanity/HBI/Page_App Page 1/input__address'&#xD;
&#xD;
2019-07-30 14:46:56 - [TEST_STEP][PASSED] - setText(findTestObject("mobileSanity/HBI/Page_App Page 1/input__city"), City): Text 'icRKwTdL' is set on object 'Object Repository/mobileSanity/HBI/Page_App Page 1/input__city'&#xD;
&#xD;
2019-07-30 14:46:56 - [MESSAGE][PASSED] - Text 'icRKwTdL' is set on object 'Object Repository/mobileSanity/HBI/Page_App Page 1/input__city'&#xD;
&#xD;
2019-07-30 14:46:56 - [TEST_STEP][PASSED] - setText(findTestObject("mobileSanity/HBI/Page_App Page 1/input__email"), AutoEmail): Text 'test.TrrOEaxu@suryani.cn' is set on object 'Object Repository/mobileSanity/HBI/Page_App Page 1/input__email'&#xD;
&#xD;
2019-07-30 14:46:57 - [MESSAGE][PASSED] - Text 'test.TrrOEaxu@suryani.cn' is set on object 'Object Repository/mobileSanity/HBI/Page_App Page 1/input__email'&#xD;
&#xD;
2019-07-30 14:46:57 - [TEST_STEP][PASSED] - setText(findTestObject("mobileSanity/HBI/Page_App Page 1/input_tel"), Tel): Text '464-926-2868' is set on object 'Object Repository/mobileSanity/HBI/Page_App Page 1/input_tel'&#xD;
&#xD;
2019-07-30 14:46:57 - [MESSAGE][PASSED] - Text '464-926-2868' is set on object 'Object Repository/mobileSanity/HBI/Page_App Page 1/input_tel'&#xD;
&#xD;
2019-07-30 14:46:57 - [TEST_STEP][PASSED] - click(findTestObject("mobileSanity/HBI/Page_App Page 1/a_Continue to Step 2 - Payment")): Object: 'Object Repository/mobileSanity/HBI/Page_App Page 1/a_Continue to Step 2 - Payment' is clicked on&#xD;
&#xD;
2019-07-30 14:46:57 - [MESSAGE][PASSED] - Object: 'Object Repository/mobileSanity/HBI/Page_App Page 1/a_Continue to Step 2 - Payment' is clicked on&#xD;
&#xD;
2019-07-30 14:46:57 - [TEST_STEP][PASSED] - waitForPageLoad(10): Wait for page load successfully&#xD;
&#xD;
2019-07-30 14:46:57 - [MESSAGE][PASSED] - Wait for page load successfully&#xD;
&#xD;
2019-07-30 14:46:57 - [TEST_STEP][PASSED] - Thread.sleep(2000): null&#xD;
&#xD;
2019-07-30 14:46:59 - [TEST_STEP][PASSED] - callTestCase(findTestCase("mobileWeb/_include/get_screenshot"), [:], STOP_ON_FAILURE): Call Test Case 'Test Cases/mobileWeb/_include/get_screenshot' successfully&#xD;
&#xD;
2019-07-30 14:46:59 - [TEST_CASE][PASSED] - Test Cases/mobileWeb/_include/get_screenshot: Test Cases/mobileWeb/_include/get_screenshot&#xD;
&#xD;
2019-07-30 14:46:59 - [TEST_STEP][PASSED] - takeScreenshot(screenPath + i + ".png"): Taking screenshot successfully&#xD;
&#xD;
2019-07-30 14:47:00 - [MESSAGE][PASSED] - Taking screenshot successfully&#xD;
[[ATTACHMENT|D:\\Test\\AgileTest\\AgileTest\\Reports\\mobileWeb\\hbi\\20190730_144207\\../Screenshots/iPhone X/hbi/Cardinal Choice/20190730_144615/6.png]]&#xD;
&#xD;
2019-07-30 14:47:00 - [TEST_STEP][PASSED] - (internal.GlobalVariable.i++): null&#xD;
&#xD;
2019-07-30 14:47:00 - [MESSAGE][PASSED] - Call Test Case 'Test Cases/mobileWeb/_include/get_screenshot' successfully&#xD;
&#xD;
2019-07-30 14:47:00 - [TEST_STEP][PASSED] - setText(findTestObject("mobileSanity/HBI/Page_App Page 2/input__credit-card-first"), FirstName): Text 'Test-123' is set on object 'Object Repository/mobileSanity/HBI/Page_App Page 2/input__credit-card-first'&#xD;
&#xD;
2019-07-30 14:47:00 - [MESSAGE][PASSED] - Text 'Test-123' is set on object 'Object Repository/mobileSanity/HBI/Page_App Page 2/input__credit-card-first'&#xD;
&#xD;
2019-07-30 14:47:00 - [TEST_STEP][PASSED] - setText(findTestObject("mobileSanity/HBI/Page_App Page 2/input__credit-card-last"), LastName): Text 'ZZ11-WEJiKKjv' is set on object 'Object Repository/mobileSanity/HBI/Page_App Page 2/input__credit-card-last'&#xD;
&#xD;
2019-07-30 14:47:01 - [MESSAGE][PASSED] - Text 'ZZ11-WEJiKKjv' is set on object 'Object Repository/mobileSanity/HBI/Page_App Page 2/input__credit-card-last'&#xD;
&#xD;
2019-07-30 14:47:01 - [TEST_STEP][PASSED] - selectOptionByValue(findTestObject("mobileSanity/HBI/Page_App Page 2/select_MM010203040506070809101"), "12", true): All options with value '12' are selected in object 'Object Repository/mobileSanity/HBI/Page_App Page 2/select_MM010203040506070809101'  using regular expression&#xD;
&#xD;
2019-07-30 14:47:01 - [MESSAGE][PASSED] - All options with value '12' are selected in object 'Object Repository/mobileSanity/HBI/Page_App Page 2/select_MM010203040506070809101'  using regular expression&#xD;
&#xD;
2019-07-30 14:47:01 - [TEST_STEP][PASSED] - selectOptionByValue(findTestObject("mobileSanity/HBI/Page_App Page 2/select_YYYY2019202020212022202"), "2026", true): All options with value '2026' are selected in object 'Object Repository/mobileSanity/HBI/Page_App Page 2/select_YYYY2019202020212022202'  using regular expression&#xD;
&#xD;
2019-07-30 14:47:01 - [MESSAGE][PASSED] - All options with value '2026' are selected in object 'Object Repository/mobileSanity/HBI/Page_App Page 2/select_YYYY2019202020212022202'  using regular expression&#xD;
&#xD;
2019-07-30 14:47:01 - [TEST_STEP][PASSED] - setText(findTestObject("mobileSanity/HBI/Page_App Page 2/input__credit-card-number"), "4111111111111111"): Text '4111111111111111' is set on object 'Object Repository/mobileSanity/HBI/Page_App Page 2/input__credit-card-number'&#xD;
&#xD;
2019-07-30 14:47:01 - [MESSAGE][PASSED] - Text '4111111111111111' is set on object 'Object Repository/mobileSanity/HBI/Page_App Page 2/input__credit-card-number'&#xD;
&#xD;
2019-07-30 14:47:01 - [TEST_STEP][PASSED] - setText(findTestObject("mobileSanity/HBI/Page_App Page 2/input__cvv"), "123"): Text '123' is set on object 'Object Repository/mobileSanity/HBI/Page_App Page 2/input__cvv'&#xD;
&#xD;
2019-07-30 14:47:02 - [MESSAGE][PASSED] - Text '123' is set on object 'Object Repository/mobileSanity/HBI/Page_App Page 2/input__cvv'&#xD;
&#xD;
2019-07-30 14:47:02 - [TEST_STEP][PASSED] - click(findTestObject("mobileSanity/HBI/Page_App Page 2/label_My billing address is th")): Object: 'Object Repository/mobileSanity/HBI/Page_App Page 2/label_My billing address is th' is clicked on&#xD;
&#xD;
2019-07-30 14:47:02 - [MESSAGE][PASSED] - Object: 'Object Repository/mobileSanity/HBI/Page_App Page 2/label_My billing address is th' is clicked on&#xD;
&#xD;
2019-07-30 14:47:02 - [TEST_STEP][PASSED] - click(findTestObject("mobileSanity/HBI/Page_App Page 2/label_I Accept Authorization f")): Object: 'Object Repository/mobileSanity/HBI/Page_App Page 2/label_I Accept Authorization f' is clicked on&#xD;
&#xD;
2019-07-30 14:47:02 - [MESSAGE][PASSED] - Object: 'Object Repository/mobileSanity/HBI/Page_App Page 2/label_I Accept Authorization f' is clicked on&#xD;
&#xD;
2019-07-30 14:47:02 - [TEST_STEP][PASSED] - click(findTestObject("mobileSanity/HBI/Page_App Page 2/a_Continue to Step 3 - Review")): Object: 'Object Repository/mobileSanity/HBI/Page_App Page 2/a_Continue to Step 3 - Review' is clicked on&#xD;
&#xD;
2019-07-30 14:47:02 - [MESSAGE][PASSED] - Object: 'Object Repository/mobileSanity/HBI/Page_App Page 2/a_Continue to Step 3 - Review' is clicked on&#xD;
&#xD;
2019-07-30 14:47:02 - [TEST_STEP][PASSED] - waitForPageLoad(10): Wait for page load successfully&#xD;
&#xD;
2019-07-30 14:47:02 - [MESSAGE][PASSED] - Wait for page load successfully&#xD;
&#xD;
2019-07-30 14:47:02 - [TEST_STEP][PASSED] - Thread.sleep(2000): null&#xD;
&#xD;
2019-07-30 14:47:04 - [TEST_STEP][PASSED] - callTestCase(findTestCase("mobileWeb/_include/get_screenshot"), [:], STOP_ON_FAILURE): Call Test Case 'Test Cases/mobileWeb/_include/get_screenshot' successfully&#xD;
&#xD;
2019-07-30 14:47:04 - [TEST_CASE][PASSED] - Test Cases/mobileWeb/_include/get_screenshot: Test Cases/mobileWeb/_include/get_screenshot&#xD;
&#xD;
2019-07-30 14:47:04 - [TEST_STEP][PASSED] - takeScreenshot(screenPath + i + ".png"): Taking screenshot successfully&#xD;
&#xD;
2019-07-30 14:47:08 - [MESSAGE][PASSED] - Taking screenshot successfully&#xD;
[[ATTACHMENT|D:\\Test\\AgileTest\\AgileTest\\Reports\\mobileWeb\\hbi\\20190730_144207\\../Screenshots/iPhone X/hbi/Cardinal Choice/20190730_144615/7.png]]&#xD;
&#xD;
2019-07-30 14:47:08 - [TEST_STEP][PASSED] - (internal.GlobalVariable.i++): null&#xD;
&#xD;
2019-07-30 14:47:08 - [MESSAGE][PASSED] - Call Test Case 'Test Cases/mobileWeb/_include/get_screenshot' successfully&#xD;
&#xD;
2019-07-30 14:47:08 - [TEST_STEP][PASSED] - if (test.MobileKeywords.isElementPresent_Web(findTestObject("mobileSanity/HBI/Page_App Page 2/a_No Thanks"), 10)): test.MobileKeywords.isElementPresent_Web is PASSED&#xD;
&#xD;
2019-07-30 14:47:29 - [MESSAGE][INFO] - Unable to find the element located by 'By.xpath: //a[@type = 'submit' and (text() = 'No Thanks' or . = 'No Thanks')]'. Please recheck the objects properties to make sure the desired element is located. &#xD;
&#xD;
2019-07-30 14:47:29 - [MESSAGE][PASSED] - test.MobileKeywords.isElementPresent_Web is PASSED&#xD;
&#xD;
2019-07-30 14:47:29 - [TEST_STEP][PASSED] - waitForPageLoad(10): Wait for page load successfully&#xD;
&#xD;
2019-07-30 14:47:29 - [MESSAGE][PASSED] - Wait for page load successfully&#xD;
&#xD;
2019-07-30 14:47:29 - [TEST_STEP][PASSED] - click(findTestObject("mobileSanity/HBI/Page_App Page 3/label")): Object: 'Object Repository/mobileSanity/HBI/Page_App Page 3/label' is clicked on&#xD;
&#xD;
2019-07-30 14:47:29 - [MESSAGE][PASSED] - Object: 'Object Repository/mobileSanity/HBI/Page_App Page 3/label' is clicked on&#xD;
&#xD;
2019-07-30 14:47:29 - [TEST_STEP][PASSED] - click(findTestObject("mobileSanity/HBI/Page_App Page 3/p_CLICK TO SIGN")): Object: 'Object Repository/mobileSanity/HBI/Page_App Page 3/p_CLICK TO SIGN' is clicked on&#xD;
&#xD;
2019-07-30 14:47:29 - [MESSAGE][PASSED] - Object: 'Object Repository/mobileSanity/HBI/Page_App Page 3/p_CLICK TO SIGN' is clicked on&#xD;
&#xD;
2019-07-30 14:47:29 - [TEST_STEP][PASSED] - click(findTestObject("mobileSanity/HBI/Page_App Page 3/a_Submit Your Application")): Object: 'Object Repository/mobileSanity/HBI/Page_App Page 3/a_Submit Your Application' is clicked on&#xD;
&#xD;
2019-07-30 14:47:30 - [MESSAGE][PASSED] - Object: 'Object Repository/mobileSanity/HBI/Page_App Page 3/a_Submit Your Application' is clicked on&#xD;
&#xD;
2019-07-30 14:47:30 - [TEST_STEP][PASSED] - Thread.sleep(30000): null&#xD;
&#xD;
2019-07-30 14:48:00 - [TEST_STEP][PASSED] - callTestCase(findTestCase("mobileWeb/_include/get_screenshot"), [:], STOP_ON_FAILURE): Call Test Case 'Test Cases/mobileWeb/_include/get_screenshot' successfully&#xD;
&#xD;
2019-07-30 14:48:00 - [TEST_CASE][PASSED] - Test Cases/mobileWeb/_include/get_screenshot: Test Cases/mobileWeb/_include/get_screenshot&#xD;
&#xD;
2019-07-30 14:48:00 - [TEST_STEP][PASSED] - takeScreenshot(screenPath + i + ".png"): Taking screenshot successfully&#xD;
&#xD;
2019-07-30 14:48:00 - [MESSAGE][PASSED] - Taking screenshot successfully&#xD;
[[ATTACHMENT|D:\\Test\\AgileTest\\AgileTest\\Reports\\mobileWeb\\hbi\\20190730_144207\\../Screenshots/iPhone X/hbi/Cardinal Choice/20190730_144615/8.png]]&#xD;
&#xD;
2019-07-30 14:48:00 - [TEST_STEP][PASSED] - (internal.GlobalVariable.i++): null&#xD;
&#xD;
2019-07-30 14:48:00 - [MESSAGE][PASSED] - Call Test Case 'Test Cases/mobileWeb/_include/get_screenshot' successfully&#xD;
&#xD;
2019-07-30 14:48:00 - [TEST_STEP][PASSED] - verifyTextPresent("Congratulations", false): Text 'Congratulations' is present on page &#xD;
&#xD;
2019-07-30 14:48:01 - [MESSAGE][PASSED] - Text 'Congratulations' is present on page &#xD;
&#xD;
2019-07-30 14:48:01 - [MESSAGE][PASSED] - Call Test Case 'Test Cases/mobileWeb/_include/goToEnd_hbi' successfully</system-out>
            <system-err></system-err>
        </testcase>
        <testcase name="Test Cases/mobileWeb/HBI/Core Shield" classname="Test Cases/mobileWeb/HBI/Core Shield" status="PASSED">
            <system-out>2019-07-30 14:48:01 - [TEST_CASE][PASSED] - Test Cases/mobileWeb/HBI/Core Shield: Test Cases/mobileWeb/HBI/Core Shield&#xD;
&#xD;
2019-07-30 14:48:01 - [TEST_STEP][PASSED] - callTestCase(findTestCase("mobileWeb/_include/get_screenPath"), ["productLine":"hbi", "carrierName":"Core Shield"], CONTINUE_ON_FAILURE): Call Test Case 'Test Cases/mobileWeb/_include/get_screenPath' successfully&#xD;
&#xD;
2019-07-30 14:48:01 - [TEST_CASE][PASSED] - Test Cases/mobileWeb/_include/get_screenPath: Test Cases/mobileWeb/_include/get_screenPath&#xD;
&#xD;
2019-07-30 14:48:01 - [TEST_STEP][PASSED] - m = getExecutionProperties(): null&#xD;
&#xD;
2019-07-30 14:48:01 - [TEST_STEP][PASSED] - deviceName = get("mobileEmulation").get("deviceName"): null&#xD;
&#xD;
2019-07-30 14:48:01 - [TEST_STEP][PASSED] - println(deviceName): null&#xD;
&#xD;
2019-07-30 14:48:01 - [TEST_STEP][PASSED] - now = new java.util.Date(): null&#xD;
&#xD;
2019-07-30 14:48:01 - [TEST_STEP][PASSED] - mydate = now.format("yyyyMMdd_HHmmss"): null&#xD;
&#xD;
2019-07-30 14:48:01 - [TEST_STEP][PASSED] - screenPath = "../Screenshots/": null&#xD;
&#xD;
2019-07-30 14:48:01 - [TEST_STEP][PASSED] - screenPath = screenPath + deviceName + "/" + productLine + "/" + carrierName + "/" + mydate + "/": null&#xD;
&#xD;
2019-07-30 14:48:01 - [TEST_STEP][PASSED] - println(screenPath): null&#xD;
&#xD;
2019-07-30 14:48:01 - [MESSAGE][PASSED] - Call Test Case 'Test Cases/mobileWeb/_include/get_screenPath' successfully&#xD;
&#xD;
2019-07-30 14:48:01 - [TEST_STEP][PASSED] - i = 0: null&#xD;
&#xD;
2019-07-30 14:48:01 - [TEST_STEP][PASSED] - callTestCase(findTestCase("mobileWeb/_include/openWebSite"), [:], CONTINUE_ON_FAILURE): Call Test Case 'Test Cases/mobileWeb/_include/openWebSite' successfully&#xD;
&#xD;
2019-07-30 14:48:01 - [TEST_CASE][PASSED] - Test Cases/mobileWeb/_include/openWebSite: Test Cases/mobileWeb/_include/openWebSite&#xD;
&#xD;
2019-07-30 14:48:01 - [TEST_STEP][PASSED] - openBrowser(env): Browser is opened with url: 'https://praetemptatus.agilehealthinsurance.com'&#xD;
&#xD;
2019-07-30 14:48:01 - [MESSAGE][WARNING] - A browser is already opened. Closing browser and opening a new one&#xD;
&#xD;
2019-07-30 14:48:02 - [MESSAGE][INFO] - Starting 'Chrome' driver&#xD;
&#xD;
2019-07-30 14:48:02 - [MESSAGE][INFO] - User set preference: ['mobileEmulation', '{deviceName=iPhone X}']&#xD;
&#xD;
2019-07-30 14:48:02 - [MESSAGE][INFO] - User set preference: ['args', '[--incognito, --aggressive-cache-discard, --no-sandbox, --window-size=375,812]']&#xD;
&#xD;
2019-07-30 14:48:09 - [MESSAGE][PASSED] - Browser is opened with url: 'https://praetemptatus.agilehealthinsurance.com'&#xD;
&#xD;
2019-07-30 14:48:09 - [TEST_STEP][PASSED] - waitForPageLoad(10): Wait for page load successfully&#xD;
&#xD;
2019-07-30 14:48:09 - [MESSAGE][PASSED] - Wait for page load successfully&#xD;
&#xD;
2019-07-30 14:48:09 - [TEST_STEP][PASSED] - callTestCase(findTestCase("mobileWeb/_include/get_screenshot"), [:], STOP_ON_FAILURE): Call Test Case 'Test Cases/mobileWeb/_include/get_screenshot' successfully&#xD;
&#xD;
2019-07-30 14:48:09 - [TEST_CASE][PASSED] - Test Cases/mobileWeb/_include/get_screenshot: Test Cases/mobileWeb/_include/get_screenshot&#xD;
&#xD;
2019-07-30 14:48:09 - [TEST_STEP][PASSED] - takeScreenshot(screenPath + i + ".png"): Taking screenshot successfully&#xD;
&#xD;
2019-07-30 14:48:11 - [MESSAGE][PASSED] - Taking screenshot successfully&#xD;
[[ATTACHMENT|D:\\Test\\AgileTest\\AgileTest\\Reports\\mobileWeb\\hbi\\20190730_144207\\../Screenshots/iPhone X/hbi/Core Shield/20190730_144801/0.png]]&#xD;
&#xD;
2019-07-30 14:48:11 - [TEST_STEP][PASSED] - (internal.GlobalVariable.i++): null&#xD;
&#xD;
2019-07-30 14:48:11 - [MESSAGE][PASSED] - Call Test Case 'Test Cases/mobileWeb/_include/get_screenshot' successfully&#xD;
&#xD;
2019-07-30 14:48:11 - [MESSAGE][PASSED] - Call Test Case 'Test Cases/mobileWeb/_include/openWebSite' successfully&#xD;
&#xD;
2019-07-30 14:48:11 - [TEST_STEP][PASSED] - callTestCase(findTestCase("mobileWeb/_include/census_hbi"), [:], CONTINUE_ON_FAILURE): Call Test Case 'Test Cases/mobileWeb/_include/census_hbi' successfully&#xD;
&#xD;
2019-07-30 14:48:12 - [TEST_CASE][PASSED] - Test Cases/mobileWeb/_include/census_hbi: Test Cases/mobileWeb/_include/census_hbi&#xD;
&#xD;
2019-07-30 14:48:12 - [TEST_STEP][PASSED] - click(findTestObject("mobileSanity/Common/side_nav/menu")): Object: 'Object Repository/mobileSanity/Common/side_nav/menu' is clicked on&#xD;
&#xD;
2019-07-30 14:48:12 - [MESSAGE][PASSED] - Object: 'Object Repository/mobileSanity/Common/side_nav/menu' is clicked on&#xD;
&#xD;
2019-07-30 14:48:12 - [TEST_STEP][PASSED] - Thread.sleep(3000): null&#xD;
&#xD;
2019-07-30 14:48:15 - [TEST_STEP][PASSED] - click(findTestObject("mobileSanity/Common/side_nav/nav_hbi")): Object: 'Object Repository/mobileSanity/Common/side_nav/nav_hbi' is clicked on&#xD;
&#xD;
2019-07-30 14:48:18 - [MESSAGE][PASSED] - Object: 'Object Repository/mobileSanity/Common/side_nav/nav_hbi' is clicked on&#xD;
&#xD;
2019-07-30 14:48:18 - [TEST_STEP][PASSED] - waitForPageLoad(10): Wait for page load successfully&#xD;
&#xD;
2019-07-30 14:48:18 - [MESSAGE][PASSED] - Wait for page load successfully&#xD;
&#xD;
2019-07-30 14:48:18 - [TEST_STEP][PASSED] - callTestCase(findTestCase("mobileWeb/_include/get_screenshot"), [:], STOP_ON_FAILURE): Call Test Case 'Test Cases/mobileWeb/_include/get_screenshot' successfully&#xD;
&#xD;
2019-07-30 14:48:18 - [TEST_CASE][PASSED] - Test Cases/mobileWeb/_include/get_screenshot: Test Cases/mobileWeb/_include/get_screenshot&#xD;
&#xD;
2019-07-30 14:48:18 - [TEST_STEP][PASSED] - takeScreenshot(screenPath + i + ".png"): Taking screenshot successfully&#xD;
&#xD;
2019-07-30 14:48:19 - [MESSAGE][PASSED] - Taking screenshot successfully&#xD;
[[ATTACHMENT|D:\\Test\\AgileTest\\AgileTest\\Reports\\mobileWeb\\hbi\\20190730_144207\\../Screenshots/iPhone X/hbi/Core Shield/20190730_144801/1.png]]&#xD;
&#xD;
2019-07-30 14:48:19 - [TEST_STEP][PASSED] - (internal.GlobalVariable.i++): null&#xD;
&#xD;
2019-07-30 14:48:19 - [MESSAGE][PASSED] - Call Test Case 'Test Cases/mobileWeb/_include/get_screenshot' successfully&#xD;
&#xD;
2019-07-30 14:48:19 - [TEST_STEP][PASSED] - setText(findTestObject("mobileSanity/HBI/census/input_Location_zip-input"), zipcode): Text '35215' is set on object 'Object Repository/mobileSanity/HBI/census/input_Location_zip-input'&#xD;
&#xD;
2019-07-30 14:48:20 - [MESSAGE][PASSED] - Text '35215' is set on object 'Object Repository/mobileSanity/HBI/census/input_Location_zip-input'&#xD;
&#xD;
2019-07-30 14:48:20 - [TEST_STEP][PASSED] - Thread.sleep(500): null&#xD;
&#xD;
2019-07-30 14:48:20 - [TEST_STEP][PASSED] - setText(findTestObject("mobileSanity/HBI/census/input_Date of Birth_dob-0"), "12121980"): Text '12121980' is set on object 'Object Repository/mobileSanity/HBI/census/input_Date of Birth_dob-0'&#xD;
&#xD;
2019-07-30 14:48:20 - [MESSAGE][PASSED] - Text '12121980' is set on object 'Object Repository/mobileSanity/HBI/census/input_Date of Birth_dob-0'&#xD;
&#xD;
2019-07-30 14:48:20 - [TEST_STEP][PASSED] - click(findTestObject("mobileSanity/HBI/census/label_Male")): Object: 'Object Repository/mobileSanity/HBI/census/label_Male' is clicked on&#xD;
&#xD;
2019-07-30 14:48:20 - [MESSAGE][PASSED] - Object: 'Object Repository/mobileSanity/HBI/census/label_Male' is clicked on&#xD;
&#xD;
2019-07-30 14:48:20 - [TEST_STEP][PASSED] - click(findTestObject("mobileSanity/HBI/census/label_Get a Quote")): Object: 'Object Repository/mobileSanity/HBI/census/label_Get a Quote' is clicked on&#xD;
&#xD;
2019-07-30 14:48:21 - [MESSAGE][PASSED] - Object: 'Object Repository/mobileSanity/HBI/census/label_Get a Quote' is clicked on&#xD;
&#xD;
2019-07-30 14:48:21 - [TEST_STEP][PASSED] - waitForPageLoad(10): Wait for page load successfully&#xD;
&#xD;
2019-07-30 14:48:21 - [MESSAGE][PASSED] - Wait for page load successfully&#xD;
&#xD;
2019-07-30 14:48:21 - [TEST_STEP][PASSED] - callTestCase(findTestCase("mobileWeb/_include/get_screenshot"), [:], STOP_ON_FAILURE): Call Test Case 'Test Cases/mobileWeb/_include/get_screenshot' successfully&#xD;
&#xD;
2019-07-30 14:48:21 - [TEST_CASE][PASSED] - Test Cases/mobileWeb/_include/get_screenshot: Test Cases/mobileWeb/_include/get_screenshot&#xD;
&#xD;
2019-07-30 14:48:21 - [TEST_STEP][PASSED] - takeScreenshot(screenPath + i + ".png"): Taking screenshot successfully&#xD;
&#xD;
2019-07-30 14:48:26 - [MESSAGE][PASSED] - Taking screenshot successfully&#xD;
[[ATTACHMENT|D:\\Test\\AgileTest\\AgileTest\\Reports\\mobileWeb\\hbi\\20190730_144207\\../Screenshots/iPhone X/hbi/Core Shield/20190730_144801/2.png]]&#xD;
&#xD;
2019-07-30 14:48:26 - [TEST_STEP][PASSED] - (internal.GlobalVariable.i++): null&#xD;
&#xD;
2019-07-30 14:48:26 - [MESSAGE][PASSED] - Call Test Case 'Test Cases/mobileWeb/_include/get_screenshot' successfully&#xD;
&#xD;
2019-07-30 14:48:26 - [MESSAGE][PASSED] - Call Test Case 'Test Cases/mobileWeb/_include/census_hbi' successfully&#xD;
&#xD;
2019-07-30 14:48:26 - [TEST_STEP][PASSED] - Thread.sleep(5000): null&#xD;
&#xD;
2019-07-30 14:48:31 - [TEST_STEP][PASSED] - scrollToPosition(200, 2300): Browser is scrolled to position x = 200, y = 2300&#xD;
&#xD;
2019-07-30 14:48:31 - [MESSAGE][PASSED] - Browser is scrolled to position x = 200, y = 2300&#xD;
&#xD;
2019-07-30 14:48:31 - [TEST_STEP][PASSED] - click(findTestObject("mobileSanity/HBI/quote/a_Core Shield")): Object: 'Object Repository/mobileSanity/HBI/quote/a_Core Shield' is clicked on&#xD;
&#xD;
2019-07-30 14:48:35 - [MESSAGE][PASSED] - Object: 'Object Repository/mobileSanity/HBI/quote/a_Core Shield' is clicked on&#xD;
&#xD;
2019-07-30 14:48:36 - [TEST_STEP][PASSED] - waitForPageLoad(10): Wait for page load successfully&#xD;
&#xD;
2019-07-30 14:48:36 - [MESSAGE][PASSED] - Wait for page load successfully&#xD;
&#xD;
2019-07-30 14:48:36 - [TEST_STEP][PASSED] - callTestCase(findTestCase("mobileWeb/_include/get_screenshot"), [:], STOP_ON_FAILURE): Call Test Case 'Test Cases/mobileWeb/_include/get_screenshot' successfully&#xD;
&#xD;
2019-07-30 14:48:36 - [TEST_CASE][PASSED] - Test Cases/mobileWeb/_include/get_screenshot: Test Cases/mobileWeb/_include/get_screenshot&#xD;
&#xD;
2019-07-30 14:48:36 - [TEST_STEP][PASSED] - takeScreenshot(screenPath + i + ".png"): Taking screenshot successfully&#xD;
&#xD;
2019-07-30 14:48:37 - [MESSAGE][PASSED] - Taking screenshot successfully&#xD;
[[ATTACHMENT|D:\\Test\\AgileTest\\AgileTest\\Reports\\mobileWeb\\hbi\\20190730_144207\\../Screenshots/iPhone X/hbi/Core Shield/20190730_144801/3.png]]&#xD;
&#xD;
2019-07-30 14:48:37 - [TEST_STEP][PASSED] - (internal.GlobalVariable.i++): null&#xD;
&#xD;
2019-07-30 14:48:37 - [MESSAGE][PASSED] - Call Test Case 'Test Cases/mobileWeb/_include/get_screenshot' successfully&#xD;
&#xD;
2019-07-30 14:48:37 - [TEST_STEP][PASSED] - click(findTestObject("mobileSanity/HBI/detail/a_Apply for This Plan")): Object: 'Object Repository/mobileSanity/HBI/detail/a_Apply for This Plan' is clicked on&#xD;
&#xD;
2019-07-30 14:48:38 - [MESSAGE][PASSED] - Object: 'Object Repository/mobileSanity/HBI/detail/a_Apply for This Plan' is clicked on&#xD;
&#xD;
2019-07-30 14:48:38 - [TEST_STEP][PASSED] - waitForPageLoad(10): Wait for page load successfully&#xD;
&#xD;
2019-07-30 14:48:38 - [MESSAGE][PASSED] - Wait for page load successfully&#xD;
&#xD;
2019-07-30 14:48:38 - [TEST_STEP][PASSED] - callTestCase(findTestCase("mobileWeb/_include/get_screenshot"), [:], STOP_ON_FAILURE): Call Test Case 'Test Cases/mobileWeb/_include/get_screenshot' successfully&#xD;
&#xD;
2019-07-30 14:48:38 - [TEST_CASE][PASSED] - Test Cases/mobileWeb/_include/get_screenshot: Test Cases/mobileWeb/_include/get_screenshot&#xD;
&#xD;
2019-07-30 14:48:38 - [TEST_STEP][PASSED] - takeScreenshot(screenPath + i + ".png"): Taking screenshot successfully&#xD;
&#xD;
2019-07-30 14:48:39 - [MESSAGE][PASSED] - Taking screenshot successfully&#xD;
[[ATTACHMENT|D:\\Test\\AgileTest\\AgileTest\\Reports\\mobileWeb\\hbi\\20190730_144207\\../Screenshots/iPhone X/hbi/Core Shield/20190730_144801/4.png]]&#xD;
&#xD;
2019-07-30 14:48:39 - [TEST_STEP][PASSED] - (internal.GlobalVariable.i++): null&#xD;
&#xD;
2019-07-30 14:48:39 - [MESSAGE][PASSED] - Call Test Case 'Test Cases/mobileWeb/_include/get_screenshot' successfully&#xD;
&#xD;
2019-07-30 14:48:39 - [TEST_STEP][PASSED] - click(findTestObject("mobileSanity/HBI/Page_Apply/span_Start Secure Application")): Object: 'Object Repository/mobileSanity/HBI/Page_Apply/span_Start Secure Application' is clicked on&#xD;
&#xD;
2019-07-30 14:48:41 - [MESSAGE][PASSED] - Object: 'Object Repository/mobileSanity/HBI/Page_Apply/span_Start Secure Application' is clicked on&#xD;
&#xD;
2019-07-30 14:48:41 - [TEST_STEP][PASSED] - waitForPageLoad(10): Wait for page load successfully&#xD;
&#xD;
2019-07-30 14:48:41 - [MESSAGE][PASSED] - Wait for page load successfully&#xD;
&#xD;
2019-07-30 14:48:41 - [TEST_STEP][PASSED] - callTestCase(findTestCase("mobileWeb/_include/get_screenshot"), [:], STOP_ON_FAILURE): Call Test Case 'Test Cases/mobileWeb/_include/get_screenshot' successfully&#xD;
&#xD;
2019-07-30 14:48:41 - [TEST_CASE][PASSED] - Test Cases/mobileWeb/_include/get_screenshot: Test Cases/mobileWeb/_include/get_screenshot&#xD;
&#xD;
2019-07-30 14:48:41 - [TEST_STEP][PASSED] - takeScreenshot(screenPath + i + ".png"): Taking screenshot successfully&#xD;
&#xD;
2019-07-30 14:48:42 - [MESSAGE][PASSED] - Taking screenshot successfully&#xD;
[[ATTACHMENT|D:\\Test\\AgileTest\\AgileTest\\Reports\\mobileWeb\\hbi\\20190730_144207\\../Screenshots/iPhone X/hbi/Core Shield/20190730_144801/5.png]]&#xD;
&#xD;
2019-07-30 14:48:42 - [TEST_STEP][PASSED] - (internal.GlobalVariable.i++): null&#xD;
&#xD;
2019-07-30 14:48:42 - [MESSAGE][PASSED] - Call Test Case 'Test Cases/mobileWeb/_include/get_screenshot' successfully&#xD;
&#xD;
2019-07-30 14:48:42 - [TEST_STEP][PASSED] - callTestCase(findTestCase("mobileWeb/_include/goToEnd_hbi"), ["carrier":"coreshield"], CONTINUE_ON_FAILURE): Call Test Case 'Test Cases/mobileWeb/_include/goToEnd_hbi' successfully&#xD;
&#xD;
2019-07-30 14:48:42 - [TEST_CASE][PASSED] - Test Cases/mobileWeb/_include/goToEnd_hbi: Test Cases/mobileWeb/_include/goToEnd_hbi&#xD;
&#xD;
2019-07-30 14:48:42 - [TEST_STEP][PASSED] - if (state == "ca"): null&#xD;
&#xD;
2019-07-30 14:48:42 - [TEST_STEP][PASSED] - callTestCase(findTestCase("mobileWeb/_include/name"), [:], CONTINUE_ON_FAILURE): Call Test Case 'Test Cases/mobileWeb/_include/name' successfully&#xD;
&#xD;
2019-07-30 14:48:42 - [TEST_CASE][PASSED] - Test Cases/mobileWeb/_include/name: Test Cases/mobileWeb/_include/name&#xD;
&#xD;
2019-07-30 14:48:42 - [TEST_STEP][PASSED] - driver = getWebDriver(): null&#xD;
&#xD;
2019-07-30 14:48:42 - [TEST_STEP][PASSED] - selenium = new com.thoughtworks.selenium.webdriven.WebDriverBackedSelenium(driver, internal.GlobalVariable.ENV): null&#xD;
&#xD;
2019-07-30 14:48:42 - [TEST_STEP][PASSED] - FirstName = "Test-123": null&#xD;
&#xD;
2019-07-30 14:48:42 - [TEST_STEP][PASSED] - LastName = selenium.getEval("{var x="ABCDEFGHIJKLMNOPQRSTUVWXYZabcdefghijklmnopqrstuvwxyz"; var tmp="ZZ11-"; for (i=0;i&lt;8;i++) tmp+=x.charAt(Math.ceil(51*Math.random()));tmp;}"): null&#xD;
&#xD;
2019-07-30 14:48:42 - [TEST_STEP][PASSED] - Address = selenium.getEval("{var x="ABCDEFGHIJKLMNOPQRSTUVWXYZabcdefghijklmnopqrstuvwxyz"; var tmp=""; for (i=0;i&lt;8;i++) tmp+=x.charAt(Math.ceil(51*Math.random()));tmp;}"): null&#xD;
&#xD;
2019-07-30 14:48:42 - [TEST_STEP][PASSED] - City = selenium.getEval("{var x="ABCDEFGHIJKLMNOPQRSTUVWXYZabcdefghijklmnopqrstuvwxyz"; var tmp=""; for (i=0;i&lt;8;i++) tmp+=x.charAt(Math.ceil(51*Math.random()));tmp;}"): null&#xD;
&#xD;
2019-07-30 14:48:42 - [TEST_STEP][PASSED] - tel1 = selenium.getEval("{var x="123456789"; var tmp=""; for (i=0;i&lt;3;i++) tmp+=x.charAt(Math.ceil(8*Math.random()));tmp;}"): null&#xD;
&#xD;
2019-07-30 14:48:42 - [TEST_STEP][PASSED] - tel2 = selenium.getEval("{var x="123456789"; var tmp=""; for (i=0;i&lt;3;i++) tmp+=x.charAt(Math.ceil(8*Math.random()));tmp;}"): null&#xD;
&#xD;
2019-07-30 14:48:42 - [TEST_STEP][PASSED] - tel3 = selenium.getEval("{var x="123456789"; var tmp=""; for (i=0;i&lt;4;i++) tmp+=x.charAt(Math.ceil(8*Math.random()));tmp;}"): null&#xD;
&#xD;
2019-07-30 14:48:42 - [TEST_STEP][PASSED] - Tel = selenium.getExpression(tel1 + "-" + tel2 + "-" + tel3): null&#xD;
&#xD;
2019-07-30 14:48:42 - [TEST_STEP][PASSED] - AutoEmail = selenium.getEval("{var x="ABCDEFGHIJKLMNOPQRSTUVWXYZabcdefghijklmnopqrstuvwxyz"; var tmp="test."; for (i=0;i&lt;8;i++) tmp+=x.charAt(Math.ceil(51*Math.random()));tmp+="@suryani.cn";}"): null&#xD;
&#xD;
2019-07-30 14:48:42 - [TEST_STEP][PASSED] - FirstName = FirstName: null&#xD;
&#xD;
2019-07-30 14:48:42 - [TEST_STEP][PASSED] - LastName = LastName: null&#xD;
&#xD;
2019-07-30 14:48:42 - [TEST_STEP][PASSED] - Address = Address: null&#xD;
&#xD;
2019-07-30 14:48:42 - [TEST_STEP][PASSED] - City = City: null&#xD;
&#xD;
2019-07-30 14:48:42 - [TEST_STEP][PASSED] - Tel = Tel: null&#xD;
&#xD;
2019-07-30 14:48:42 - [TEST_STEP][PASSED] - AutoEmail = AutoEmail: null&#xD;
&#xD;
2019-07-30 14:48:42 - [TEST_STEP][PASSED] - println(FirstName): null&#xD;
&#xD;
2019-07-30 14:48:42 - [TEST_STEP][PASSED] - println(LastName): null&#xD;
&#xD;
2019-07-30 14:48:42 - [TEST_STEP][PASSED] - println(Address): null&#xD;
&#xD;
2019-07-30 14:48:42 - [TEST_STEP][PASSED] - println(City): null&#xD;
&#xD;
2019-07-30 14:48:42 - [TEST_STEP][PASSED] - println(Tel): null&#xD;
&#xD;
2019-07-30 14:48:42 - [TEST_STEP][PASSED] - println(AutoEmail): null&#xD;
&#xD;
2019-07-30 14:48:42 - [MESSAGE][PASSED] - Call Test Case 'Test Cases/mobileWeb/_include/name' successfully&#xD;
&#xD;
2019-07-30 14:48:42 - [TEST_STEP][PASSED] - setText(findTestObject("mobileSanity/HBI/Page_App Page 1/input__member-P-1-firstName"), FirstName): Text 'Test-123' is set on object 'Object Repository/mobileSanity/HBI/Page_App Page 1/input__member-P-1-firstName'&#xD;
&#xD;
2019-07-30 14:48:43 - [MESSAGE][PASSED] - Text 'Test-123' is set on object 'Object Repository/mobileSanity/HBI/Page_App Page 1/input__member-P-1-firstName'&#xD;
&#xD;
2019-07-30 14:48:43 - [TEST_STEP][PASSED] - setText(findTestObject("mobileSanity/HBI/Page_App Page 1/input__member-P-1-lastName"), LastName): Text 'ZZ11-yrOdbuLm' is set on object 'Object Repository/mobileSanity/HBI/Page_App Page 1/input__member-P-1-lastName'&#xD;
&#xD;
2019-07-30 14:48:43 - [MESSAGE][PASSED] - Text 'ZZ11-yrOdbuLm' is set on object 'Object Repository/mobileSanity/HBI/Page_App Page 1/input__member-P-1-lastName'&#xD;
&#xD;
2019-07-30 14:48:43 - [TEST_STEP][PASSED] - if (carrier == "agileone" || carrier == "agilesecure"): null&#xD;
&#xD;
2019-07-30 14:48:43 - [TEST_STEP][PASSED] - setText(findTestObject("mobileSanity/HBI/Page_App Page 1/input__address"), Address): Text 'MhfkUXqM' is set on object 'Object Repository/mobileSanity/HBI/Page_App Page 1/input__address'&#xD;
&#xD;
2019-07-30 14:48:43 - [MESSAGE][PASSED] - Text 'MhfkUXqM' is set on object 'Object Repository/mobileSanity/HBI/Page_App Page 1/input__address'&#xD;
&#xD;
2019-07-30 14:48:43 - [TEST_STEP][PASSED] - setText(findTestObject("mobileSanity/HBI/Page_App Page 1/input__city"), City): Text 'zoNmqTNH' is set on object 'Object Repository/mobileSanity/HBI/Page_App Page 1/input__city'&#xD;
&#xD;
2019-07-30 14:48:43 - [MESSAGE][PASSED] - Text 'zoNmqTNH' is set on object 'Object Repository/mobileSanity/HBI/Page_App Page 1/input__city'&#xD;
&#xD;
2019-07-30 14:48:43 - [TEST_STEP][PASSED] - setText(findTestObject("mobileSanity/HBI/Page_App Page 1/input__email"), AutoEmail): Text 'test.NDotIlnT@suryani.cn' is set on object 'Object Repository/mobileSanity/HBI/Page_App Page 1/input__email'&#xD;
&#xD;
2019-07-30 14:48:44 - [MESSAGE][PASSED] - Text 'test.NDotIlnT@suryani.cn' is set on object 'Object Repository/mobileSanity/HBI/Page_App Page 1/input__email'&#xD;
&#xD;
2019-07-30 14:48:44 - [TEST_STEP][PASSED] - setText(findTestObject("mobileSanity/HBI/Page_App Page 1/input_tel"), Tel): Text '678-936-5283' is set on object 'Object Repository/mobileSanity/HBI/Page_App Page 1/input_tel'&#xD;
&#xD;
2019-07-30 14:48:44 - [MESSAGE][PASSED] - Text '678-936-5283' is set on object 'Object Repository/mobileSanity/HBI/Page_App Page 1/input_tel'&#xD;
&#xD;
2019-07-30 14:48:44 - [TEST_STEP][PASSED] - click(findTestObject("mobileSanity/HBI/Page_App Page 1/a_Continue to Step 2 - Payment")): Object: 'Object Repository/mobileSanity/HBI/Page_App Page 1/a_Continue to Step 2 - Payment' is clicked on&#xD;
&#xD;
2019-07-30 14:48:44 - [MESSAGE][PASSED] - Object: 'Object Repository/mobileSanity/HBI/Page_App Page 1/a_Continue to Step 2 - Payment' is clicked on&#xD;
&#xD;
2019-07-30 14:48:44 - [TEST_STEP][PASSED] - waitForPageLoad(10): Wait for page load successfully&#xD;
&#xD;
2019-07-30 14:48:44 - [MESSAGE][PASSED] - Wait for page load successfully&#xD;
&#xD;
2019-07-30 14:48:44 - [TEST_STEP][PASSED] - Thread.sleep(2000): null&#xD;
&#xD;
2019-07-30 14:48:46 - [TEST_STEP][PASSED] - callTestCase(findTestCase("mobileWeb/_include/get_screenshot"), [:], STOP_ON_FAILURE): Call Test Case 'Test Cases/mobileWeb/_include/get_screenshot' successfully&#xD;
&#xD;
2019-07-30 14:48:46 - [TEST_CASE][PASSED] - Test Cases/mobileWeb/_include/get_screenshot: Test Cases/mobileWeb/_include/get_screenshot&#xD;
&#xD;
2019-07-30 14:48:46 - [TEST_STEP][PASSED] - takeScreenshot(screenPath + i + ".png"): Taking screenshot successfully&#xD;
&#xD;
2019-07-30 14:48:47 - [MESSAGE][PASSED] - Taking screenshot successfully&#xD;
[[ATTACHMENT|D:\\Test\\AgileTest\\AgileTest\\Reports\\mobileWeb\\hbi\\20190730_144207\\../Screenshots/iPhone X/hbi/Core Shield/20190730_144801/6.png]]&#xD;
&#xD;
2019-07-30 14:48:47 - [TEST_STEP][PASSED] - (internal.GlobalVariable.i++): null&#xD;
&#xD;
2019-07-30 14:48:47 - [MESSAGE][PASSED] - Call Test Case 'Test Cases/mobileWeb/_include/get_screenshot' successfully&#xD;
&#xD;
2019-07-30 14:48:47 - [TEST_STEP][PASSED] - setText(findTestObject("mobileSanity/HBI/Page_App Page 2/input__credit-card-first"), FirstName): Text 'Test-123' is set on object 'Object Repository/mobileSanity/HBI/Page_App Page 2/input__credit-card-first'&#xD;
&#xD;
2019-07-30 14:48:47 - [MESSAGE][PASSED] - Text 'Test-123' is set on object 'Object Repository/mobileSanity/HBI/Page_App Page 2/input__credit-card-first'&#xD;
&#xD;
2019-07-30 14:48:47 - [TEST_STEP][PASSED] - setText(findTestObject("mobileSanity/HBI/Page_App Page 2/input__credit-card-last"), LastName): Text 'ZZ11-yrOdbuLm' is set on object 'Object Repository/mobileSanity/HBI/Page_App Page 2/input__credit-card-last'&#xD;
&#xD;
2019-07-30 14:48:47 - [MESSAGE][PASSED] - Text 'ZZ11-yrOdbuLm' is set on object 'Object Repository/mobileSanity/HBI/Page_App Page 2/input__credit-card-last'&#xD;
&#xD;
2019-07-30 14:48:47 - [TEST_STEP][PASSED] - selectOptionByValue(findTestObject("mobileSanity/HBI/Page_App Page 2/select_MM010203040506070809101"), "12", true): All options with value '12' are selected in object 'Object Repository/mobileSanity/HBI/Page_App Page 2/select_MM010203040506070809101'  using regular expression&#xD;
&#xD;
2019-07-30 14:48:48 - [MESSAGE][PASSED] - All options with value '12' are selected in object 'Object Repository/mobileSanity/HBI/Page_App Page 2/select_MM010203040506070809101'  using regular expression&#xD;
&#xD;
2019-07-30 14:48:48 - [TEST_STEP][PASSED] - selectOptionByValue(findTestObject("mobileSanity/HBI/Page_App Page 2/select_YYYY2019202020212022202"), "2026", true): All options with value '2026' are selected in object 'Object Repository/mobileSanity/HBI/Page_App Page 2/select_YYYY2019202020212022202'  using regular expression&#xD;
&#xD;
2019-07-30 14:48:48 - [MESSAGE][PASSED] - All options with value '2026' are selected in object 'Object Repository/mobileSanity/HBI/Page_App Page 2/select_YYYY2019202020212022202'  using regular expression&#xD;
&#xD;
2019-07-30 14:48:48 - [TEST_STEP][PASSED] - setText(findTestObject("mobileSanity/HBI/Page_App Page 2/input__credit-card-number"), "4111111111111111"): Text '4111111111111111' is set on object 'Object Repository/mobileSanity/HBI/Page_App Page 2/input__credit-card-number'&#xD;
&#xD;
2019-07-30 14:48:48 - [MESSAGE][PASSED] - Text '4111111111111111' is set on object 'Object Repository/mobileSanity/HBI/Page_App Page 2/input__credit-card-number'&#xD;
&#xD;
2019-07-30 14:48:48 - [TEST_STEP][PASSED] - setText(findTestObject("mobileSanity/HBI/Page_App Page 2/input__cvv"), "123"): Text '123' is set on object 'Object Repository/mobileSanity/HBI/Page_App Page 2/input__cvv'&#xD;
&#xD;
2019-07-30 14:48:48 - [MESSAGE][PASSED] - Text '123' is set on object 'Object Repository/mobileSanity/HBI/Page_App Page 2/input__cvv'&#xD;
&#xD;
2019-07-30 14:48:48 - [TEST_STEP][PASSED] - click(findTestObject("mobileSanity/HBI/Page_App Page 2/label_My billing address is th")): Object: 'Object Repository/mobileSanity/HBI/Page_App Page 2/label_My billing address is th' is clicked on&#xD;
&#xD;
2019-07-30 14:48:49 - [MESSAGE][PASSED] - Object: 'Object Repository/mobileSanity/HBI/Page_App Page 2/label_My billing address is th' is clicked on&#xD;
&#xD;
2019-07-30 14:48:49 - [TEST_STEP][PASSED] - click(findTestObject("mobileSanity/HBI/Page_App Page 2/label_I Accept Authorization f")): Object: 'Object Repository/mobileSanity/HBI/Page_App Page 2/label_I Accept Authorization f' is clicked on&#xD;
&#xD;
2019-07-30 14:48:49 - [MESSAGE][PASSED] - Object: 'Object Repository/mobileSanity/HBI/Page_App Page 2/label_I Accept Authorization f' is clicked on&#xD;
&#xD;
2019-07-30 14:48:49 - [TEST_STEP][PASSED] - click(findTestObject("mobileSanity/HBI/Page_App Page 2/a_Continue to Step 3 - Review")): Object: 'Object Repository/mobileSanity/HBI/Page_App Page 2/a_Continue to Step 3 - Review' is clicked on&#xD;
&#xD;
2019-07-30 14:48:49 - [MESSAGE][PASSED] - Object: 'Object Repository/mobileSanity/HBI/Page_App Page 2/a_Continue to Step 3 - Review' is clicked on&#xD;
&#xD;
2019-07-30 14:48:49 - [TEST_STEP][PASSED] - waitForPageLoad(10): Wait for page load successfully&#xD;
&#xD;
2019-07-30 14:48:49 - [MESSAGE][PASSED] - Wait for page load successfully&#xD;
&#xD;
2019-07-30 14:48:49 - [TEST_STEP][PASSED] - Thread.sleep(2000): null&#xD;
&#xD;
2019-07-30 14:48:51 - [TEST_STEP][PASSED] - callTestCase(findTestCase("mobileWeb/_include/get_screenshot"), [:], STOP_ON_FAILURE): Call Test Case 'Test Cases/mobileWeb/_include/get_screenshot' successfully&#xD;
&#xD;
2019-07-30 14:48:51 - [TEST_CASE][PASSED] - Test Cases/mobileWeb/_include/get_screenshot: Test Cases/mobileWeb/_include/get_screenshot&#xD;
&#xD;
2019-07-30 14:48:51 - [TEST_STEP][PASSED] - takeScreenshot(screenPath + i + ".png"): Taking screenshot successfully&#xD;
&#xD;
2019-07-30 14:48:58 - [MESSAGE][PASSED] - Taking screenshot successfully&#xD;
[[ATTACHMENT|D:\\Test\\AgileTest\\AgileTest\\Reports\\mobileWeb\\hbi\\20190730_144207\\../Screenshots/iPhone X/hbi/Core Shield/20190730_144801/7.png]]&#xD;
&#xD;
2019-07-30 14:48:58 - [TEST_STEP][PASSED] - (internal.GlobalVariable.i++): null&#xD;
&#xD;
2019-07-30 14:48:58 - [MESSAGE][PASSED] - Call Test Case 'Test Cases/mobileWeb/_include/get_screenshot' successfully&#xD;
&#xD;
2019-07-30 14:48:58 - [TEST_STEP][PASSED] - if (test.MobileKeywords.isElementPresent_Web(findTestObject("mobileSanity/HBI/Page_App Page 2/a_No Thanks"), 10)): test.MobileKeywords.isElementPresent_Web is PASSED&#xD;
&#xD;
2019-07-30 14:49:20 - [MESSAGE][INFO] - Unable to find the element located by 'By.xpath: //a[@type = 'submit' and (text() = 'No Thanks' or . = 'No Thanks')]'. Please recheck the objects properties to make sure the desired element is located. &#xD;
&#xD;
2019-07-30 14:49:20 - [MESSAGE][PASSED] - test.MobileKeywords.isElementPresent_Web is PASSED&#xD;
&#xD;
2019-07-30 14:49:20 - [TEST_STEP][PASSED] - waitForPageLoad(10): Wait for page load successfully&#xD;
&#xD;
2019-07-30 14:49:20 - [MESSAGE][PASSED] - Wait for page load successfully&#xD;
&#xD;
2019-07-30 14:49:20 - [TEST_STEP][PASSED] - click(findTestObject("mobileSanity/HBI/Page_App Page 3/label")): Object: 'Object Repository/mobileSanity/HBI/Page_App Page 3/label' is clicked on&#xD;
&#xD;
2019-07-30 14:49:20 - [MESSAGE][PASSED] - Object: 'Object Repository/mobileSanity/HBI/Page_App Page 3/label' is clicked on&#xD;
&#xD;
2019-07-30 14:49:20 - [TEST_STEP][PASSED] - click(findTestObject("mobileSanity/HBI/Page_App Page 3/p_CLICK TO SIGN")): Object: 'Object Repository/mobileSanity/HBI/Page_App Page 3/p_CLICK TO SIGN' is clicked on&#xD;
&#xD;
2019-07-30 14:49:20 - [MESSAGE][PASSED] - Object: 'Object Repository/mobileSanity/HBI/Page_App Page 3/p_CLICK TO SIGN' is clicked on&#xD;
&#xD;
2019-07-30 14:49:20 - [TEST_STEP][PASSED] - click(findTestObject("mobileSanity/HBI/Page_App Page 3/a_Submit Your Application")): Object: 'Object Repository/mobileSanity/HBI/Page_App Page 3/a_Submit Your Application' is clicked on&#xD;
&#xD;
2019-07-30 14:49:20 - [MESSAGE][PASSED] - Object: 'Object Repository/mobileSanity/HBI/Page_App Page 3/a_Submit Your Application' is clicked on&#xD;
&#xD;
2019-07-30 14:49:20 - [TEST_STEP][PASSED] - Thread.sleep(30000): null&#xD;
&#xD;
2019-07-30 14:49:50 - [TEST_STEP][PASSED] - callTestCase(findTestCase("mobileWeb/_include/get_screenshot"), [:], STOP_ON_FAILURE): Call Test Case 'Test Cases/mobileWeb/_include/get_screenshot' successfully&#xD;
&#xD;
2019-07-30 14:49:50 - [TEST_CASE][PASSED] - Test Cases/mobileWeb/_include/get_screenshot: Test Cases/mobileWeb/_include/get_screenshot&#xD;
&#xD;
2019-07-30 14:49:50 - [TEST_STEP][PASSED] - takeScreenshot(screenPath + i + ".png"): Taking screenshot successfully&#xD;
&#xD;
2019-07-30 14:49:51 - [MESSAGE][PASSED] - Taking screenshot successfully&#xD;
[[ATTACHMENT|D:\\Test\\AgileTest\\AgileTest\\Reports\\mobileWeb\\hbi\\20190730_144207\\../Screenshots/iPhone X/hbi/Core Shield/20190730_144801/8.png]]&#xD;
&#xD;
2019-07-30 14:49:51 - [TEST_STEP][PASSED] - (internal.GlobalVariable.i++): null&#xD;
&#xD;
2019-07-30 14:49:51 - [MESSAGE][PASSED] - Call Test Case 'Test Cases/mobileWeb/_include/get_screenshot' successfully&#xD;
&#xD;
2019-07-30 14:49:51 - [TEST_STEP][PASSED] - verifyTextPresent("Congratulations", false): Text 'Congratulations' is present on page &#xD;
&#xD;
2019-07-30 14:49:51 - [MESSAGE][PASSED] - Text 'Congratulations' is present on page &#xD;
&#xD;
2019-07-30 14:49:51 - [MESSAGE][PASSED] - Call Test Case 'Test Cases/mobileWeb/_include/goToEnd_hbi' successfully</system-out>
            <system-err></system-err>
        </testcase>
        <testcase name="Test Cases/mobileWeb/HBI/Agile Secure" classname="Test Cases/mobileWeb/HBI/Agile Secure" status="PASSED">
            <system-out>2019-07-30 14:49:51 - [TEST_CASE][PASSED] - Test Cases/mobileWeb/HBI/Agile Secure: Test Cases/mobileWeb/HBI/Agile Secure&#xD;
&#xD;
2019-07-30 14:49:52 - [TEST_STEP][PASSED] - callTestCase(findTestCase("mobileWeb/_include/get_screenPath"), ["productLine":"hbi", "carrierName":"Agile Secure"], CONTINUE_ON_FAILURE): Call Test Case 'Test Cases/mobileWeb/_include/get_screenPath' successfully&#xD;
&#xD;
2019-07-30 14:49:52 - [TEST_CASE][PASSED] - Test Cases/mobileWeb/_include/get_screenPath: Test Cases/mobileWeb/_include/get_screenPath&#xD;
&#xD;
2019-07-30 14:49:52 - [TEST_STEP][PASSED] - m = getExecutionProperties(): null&#xD;
&#xD;
2019-07-30 14:49:52 - [TEST_STEP][PASSED] - deviceName = get("mobileEmulation").get("deviceName"): null&#xD;
&#xD;
2019-07-30 14:49:52 - [TEST_STEP][PASSED] - println(deviceName): null&#xD;
&#xD;
2019-07-30 14:49:52 - [TEST_STEP][PASSED] - now = new java.util.Date(): null&#xD;
&#xD;
2019-07-30 14:49:52 - [TEST_STEP][PASSED] - mydate = now.format("yyyyMMdd_HHmmss"): null&#xD;
&#xD;
2019-07-30 14:49:52 - [TEST_STEP][PASSED] - screenPath = "../Screenshots/": null&#xD;
&#xD;
2019-07-30 14:49:52 - [TEST_STEP][PASSED] - screenPath = screenPath + deviceName + "/" + productLine + "/" + carrierName + "/" + mydate + "/": null&#xD;
&#xD;
2019-07-30 14:49:52 - [TEST_STEP][PASSED] - println(screenPath): null&#xD;
&#xD;
2019-07-30 14:49:52 - [MESSAGE][PASSED] - Call Test Case 'Test Cases/mobileWeb/_include/get_screenPath' successfully&#xD;
&#xD;
2019-07-30 14:49:52 - [TEST_STEP][PASSED] - i = 0: null&#xD;
&#xD;
2019-07-30 14:49:52 - [TEST_STEP][PASSED] - callTestCase(findTestCase("mobileWeb/_include/openWebSite"), [:], CONTINUE_ON_FAILURE): Call Test Case 'Test Cases/mobileWeb/_include/openWebSite' successfully&#xD;
&#xD;
2019-07-30 14:49:52 - [TEST_CASE][PASSED] - Test Cases/mobileWeb/_include/openWebSite: Test Cases/mobileWeb/_include/openWebSite&#xD;
&#xD;
2019-07-30 14:49:52 - [TEST_STEP][PASSED] - openBrowser(env): Browser is opened with url: 'https://praetemptatus.agilehealthinsurance.com'&#xD;
&#xD;
2019-07-30 14:49:52 - [MESSAGE][WARNING] - A browser is already opened. Closing browser and opening a new one&#xD;
&#xD;
2019-07-30 14:49:52 - [MESSAGE][INFO] - Starting 'Chrome' driver&#xD;
&#xD;
2019-07-30 14:49:52 - [MESSAGE][INFO] - User set preference: ['mobileEmulation', '{deviceName=iPhone X}']&#xD;
&#xD;
2019-07-30 14:49:52 - [MESSAGE][INFO] - User set preference: ['args', '[--incognito, --aggressive-cache-discard, --no-sandbox, --window-size=375,812]']&#xD;
&#xD;
2019-07-30 14:49:59 - [MESSAGE][PASSED] - Browser is opened with url: 'https://praetemptatus.agilehealthinsurance.com'&#xD;
&#xD;
2019-07-30 14:49:59 - [TEST_STEP][PASSED] - waitForPageLoad(10): Wait for page load successfully&#xD;
&#xD;
2019-07-30 14:49:59 - [MESSAGE][PASSED] - Wait for page load successfully&#xD;
&#xD;
2019-07-30 14:49:59 - [TEST_STEP][PASSED] - callTestCase(findTestCase("mobileWeb/_include/get_screenshot"), [:], STOP_ON_FAILURE): Call Test Case 'Test Cases/mobileWeb/_include/get_screenshot' successfully&#xD;
&#xD;
2019-07-30 14:49:59 - [TEST_CASE][PASSED] - Test Cases/mobileWeb/_include/get_screenshot: Test Cases/mobileWeb/_include/get_screenshot&#xD;
&#xD;
2019-07-30 14:49:59 - [TEST_STEP][PASSED] - takeScreenshot(screenPath + i + ".png"): Taking screenshot successfully&#xD;
&#xD;
2019-07-30 14:50:01 - [MESSAGE][PASSED] - Taking screenshot successfully&#xD;
[[ATTACHMENT|D:\\Test\\AgileTest\\AgileTest\\Reports\\mobileWeb\\hbi\\20190730_144207\\../Screenshots/iPhone X/hbi/Agile Secure/20190730_144952/0.png]]&#xD;
&#xD;
2019-07-30 14:50:01 - [TEST_STEP][PASSED] - (internal.GlobalVariable.i++): null&#xD;
&#xD;
2019-07-30 14:50:01 - [MESSAGE][PASSED] - Call Test Case 'Test Cases/mobileWeb/_include/get_screenshot' successfully&#xD;
&#xD;
2019-07-30 14:50:01 - [MESSAGE][PASSED] - Call Test Case 'Test Cases/mobileWeb/_include/openWebSite' successfully&#xD;
&#xD;
2019-07-30 14:50:01 - [TEST_STEP][PASSED] - callTestCase(findTestCase("mobileWeb/_include/census_hbi"), ["zipcode":"08701"], CONTINUE_ON_FAILURE): Call Test Case 'Test Cases/mobileWeb/_include/census_hbi' successfully&#xD;
&#xD;
2019-07-30 14:50:01 - [TEST_CASE][PASSED] - Test Cases/mobileWeb/_include/census_hbi: Test Cases/mobileWeb/_include/census_hbi&#xD;
&#xD;
2019-07-30 14:50:02 - [TEST_STEP][PASSED] - click(findTestObject("mobileSanity/Common/side_nav/menu")): Object: 'Object Repository/mobileSanity/Common/side_nav/menu' is clicked on&#xD;
&#xD;
2019-07-30 14:50:02 - [MESSAGE][PASSED] - Object: 'Object Repository/mobileSanity/Common/side_nav/menu' is clicked on&#xD;
&#xD;
2019-07-30 14:50:02 - [TEST_STEP][PASSED] - Thread.sleep(3000): null&#xD;
&#xD;
2019-07-30 14:50:05 - [TEST_STEP][PASSED] - click(findTestObject("mobileSanity/Common/side_nav/nav_hbi")): Object: 'Object Repository/mobileSanity/Common/side_nav/nav_hbi' is clicked on&#xD;
&#xD;
2019-07-30 14:50:07 - [MESSAGE][PASSED] - Object: 'Object Repository/mobileSanity/Common/side_nav/nav_hbi' is clicked on&#xD;
&#xD;
2019-07-30 14:50:07 - [TEST_STEP][PASSED] - waitForPageLoad(10): Wait for page load successfully&#xD;
&#xD;
2019-07-30 14:50:07 - [MESSAGE][PASSED] - Wait for page load successfully&#xD;
&#xD;
2019-07-30 14:50:07 - [TEST_STEP][PASSED] - callTestCase(findTestCase("mobileWeb/_include/get_screenshot"), [:], STOP_ON_FAILURE): Call Test Case 'Test Cases/mobileWeb/_include/get_screenshot' successfully&#xD;
&#xD;
2019-07-30 14:50:07 - [TEST_CASE][PASSED] - Test Cases/mobileWeb/_include/get_screenshot: Test Cases/mobileWeb/_include/get_screenshot&#xD;
&#xD;
2019-07-30 14:50:07 - [TEST_STEP][PASSED] - takeScreenshot(screenPath + i + ".png"): Taking screenshot successfully&#xD;
&#xD;
2019-07-30 14:50:08 - [MESSAGE][PASSED] - Taking screenshot successfully&#xD;
[[ATTACHMENT|D:\\Test\\AgileTest\\AgileTest\\Reports\\mobileWeb\\hbi\\20190730_144207\\../Screenshots/iPhone X/hbi/Agile Secure/20190730_144952/1.png]]&#xD;
&#xD;
2019-07-30 14:50:08 - [TEST_STEP][PASSED] - (internal.GlobalVariable.i++): null&#xD;
&#xD;
2019-07-30 14:50:08 - [MESSAGE][PASSED] - Call Test Case 'Test Cases/mobileWeb/_include/get_screenshot' successfully&#xD;
&#xD;
2019-07-30 14:50:08 - [TEST_STEP][PASSED] - setText(findTestObject("mobileSanity/HBI/census/input_Location_zip-input"), zipcode): Text '08701' is set on object 'Object Repository/mobileSanity/HBI/census/input_Location_zip-input'&#xD;
&#xD;
2019-07-30 14:50:08 - [MESSAGE][PASSED] - Text '08701' is set on object 'Object Repository/mobileSanity/HBI/census/input_Location_zip-input'&#xD;
&#xD;
2019-07-30 14:50:08 - [TEST_STEP][PASSED] - Thread.sleep(500): null&#xD;
&#xD;
2019-07-30 14:50:09 - [TEST_STEP][PASSED] - setText(findTestObject("mobileSanity/HBI/census/input_Date of Birth_dob-0"), "12121980"): Text '12121980' is set on object 'Object Repository/mobileSanity/HBI/census/input_Date of Birth_dob-0'&#xD;
&#xD;
2019-07-30 14:50:09 - [MESSAGE][PASSED] - Text '12121980' is set on object 'Object Repository/mobileSanity/HBI/census/input_Date of Birth_dob-0'&#xD;
&#xD;
2019-07-30 14:50:09 - [TEST_STEP][PASSED] - click(findTestObject("mobileSanity/HBI/census/label_Male")): Object: 'Object Repository/mobileSanity/HBI/census/label_Male' is clicked on&#xD;
&#xD;
2019-07-30 14:50:09 - [MESSAGE][PASSED] - Object: 'Object Repository/mobileSanity/HBI/census/label_Male' is clicked on&#xD;
&#xD;
2019-07-30 14:50:09 - [TEST_STEP][PASSED] - click(findTestObject("mobileSanity/HBI/census/label_Get a Quote")): Object: 'Object Repository/mobileSanity/HBI/census/label_Get a Quote' is clicked on&#xD;
&#xD;
2019-07-30 14:50:09 - [MESSAGE][PASSED] - Object: 'Object Repository/mobileSanity/HBI/census/label_Get a Quote' is clicked on&#xD;
&#xD;
2019-07-30 14:50:09 - [TEST_STEP][PASSED] - waitForPageLoad(10): Wait for page load successfully&#xD;
&#xD;
2019-07-30 14:50:09 - [MESSAGE][PASSED] - Wait for page load successfully&#xD;
&#xD;
2019-07-30 14:50:09 - [TEST_STEP][PASSED] - callTestCase(findTestCase("mobileWeb/_include/get_screenshot"), [:], STOP_ON_FAILURE): Call Test Case 'Test Cases/mobileWeb/_include/get_screenshot' successfully&#xD;
&#xD;
2019-07-30 14:50:09 - [TEST_CASE][PASSED] - Test Cases/mobileWeb/_include/get_screenshot: Test Cases/mobileWeb/_include/get_screenshot&#xD;
&#xD;
2019-07-30 14:50:09 - [TEST_STEP][PASSED] - takeScreenshot(screenPath + i + ".png"): Taking screenshot successfully&#xD;
&#xD;
2019-07-30 14:50:16 - [MESSAGE][PASSED] - Taking screenshot successfully&#xD;
[[ATTACHMENT|D:\\Test\\AgileTest\\AgileTest\\Reports\\mobileWeb\\hbi\\20190730_144207\\../Screenshots/iPhone X/hbi/Agile Secure/20190730_144952/2.png]]&#xD;
&#xD;
2019-07-30 14:50:16 - [TEST_STEP][PASSED] - (internal.GlobalVariable.i++): null&#xD;
&#xD;
2019-07-30 14:50:16 - [MESSAGE][PASSED] - Call Test Case 'Test Cases/mobileWeb/_include/get_screenshot' successfully&#xD;
&#xD;
2019-07-30 14:50:16 - [MESSAGE][PASSED] - Call Test Case 'Test Cases/mobileWeb/_include/census_hbi' successfully&#xD;
&#xD;
2019-07-30 14:50:16 - [TEST_STEP][PASSED] - click(findTestObject("mobileSanity/HBI/detail/a_Apply for This Plan")): Object: 'Object Repository/mobileSanity/HBI/detail/a_Apply for This Plan' is clicked on&#xD;
&#xD;
2019-07-30 14:50:21 - [MESSAGE][PASSED] - Object: 'Object Repository/mobileSanity/HBI/detail/a_Apply for This Plan' is clicked on&#xD;
&#xD;
2019-07-30 14:50:21 - [TEST_STEP][PASSED] - waitForPageLoad(10): Wait for page load successfully&#xD;
&#xD;
2019-07-30 14:50:22 - [MESSAGE][PASSED] - Wait for page load successfully&#xD;
&#xD;
2019-07-30 14:50:22 - [TEST_STEP][PASSED] - callTestCase(findTestCase("mobileWeb/_include/get_screenshot"), [:], STOP_ON_FAILURE): Call Test Case 'Test Cases/mobileWeb/_include/get_screenshot' successfully&#xD;
&#xD;
2019-07-30 14:50:22 - [TEST_CASE][PASSED] - Test Cases/mobileWeb/_include/get_screenshot: Test Cases/mobileWeb/_include/get_screenshot&#xD;
&#xD;
2019-07-30 14:50:22 - [TEST_STEP][PASSED] - takeScreenshot(screenPath + i + ".png"): Taking screenshot successfully&#xD;
&#xD;
2019-07-30 14:50:23 - [MESSAGE][PASSED] - Taking screenshot successfully&#xD;
[[ATTACHMENT|D:\\Test\\AgileTest\\AgileTest\\Reports\\mobileWeb\\hbi\\20190730_144207\\../Screenshots/iPhone X/hbi/Agile Secure/20190730_144952/3.png]]&#xD;
&#xD;
2019-07-30 14:50:23 - [TEST_STEP][PASSED] - (internal.GlobalVariable.i++): null&#xD;
&#xD;
2019-07-30 14:50:23 - [MESSAGE][PASSED] - Call Test Case 'Test Cases/mobileWeb/_include/get_screenshot' successfully&#xD;
&#xD;
2019-07-30 14:50:23 - [TEST_STEP][PASSED] - click(findTestObject("mobileSanity/HBI/Page_Apply/span_Start Secure Application")): Object: 'Object Repository/mobileSanity/HBI/Page_Apply/span_Start Secure Application' is clicked on&#xD;
&#xD;
2019-07-30 14:50:25 - [MESSAGE][PASSED] - Object: 'Object Repository/mobileSanity/HBI/Page_Apply/span_Start Secure Application' is clicked on&#xD;
&#xD;
2019-07-30 14:50:25 - [TEST_STEP][PASSED] - waitForPageLoad(10): Wait for page load successfully&#xD;
&#xD;
2019-07-30 14:50:25 - [MESSAGE][PASSED] - Wait for page load successfully&#xD;
&#xD;
2019-07-30 14:50:25 - [TEST_STEP][PASSED] - callTestCase(findTestCase("mobileWeb/_include/get_screenshot"), [:], STOP_ON_FAILURE): Call Test Case 'Test Cases/mobileWeb/_include/get_screenshot' successfully&#xD;
&#xD;
2019-07-30 14:50:25 - [TEST_CASE][PASSED] - Test Cases/mobileWeb/_include/get_screenshot: Test Cases/mobileWeb/_include/get_screenshot&#xD;
&#xD;
2019-07-30 14:50:25 - [TEST_STEP][PASSED] - takeScreenshot(screenPath + i + ".png"): Taking screenshot successfully&#xD;
&#xD;
2019-07-30 14:50:26 - [MESSAGE][PASSED] - Taking screenshot successfully&#xD;
[[ATTACHMENT|D:\\Test\\AgileTest\\AgileTest\\Reports\\mobileWeb\\hbi\\20190730_144207\\../Screenshots/iPhone X/hbi/Agile Secure/20190730_144952/4.png]]&#xD;
&#xD;
2019-07-30 14:50:26 - [TEST_STEP][PASSED] - (internal.GlobalVariable.i++): null&#xD;
&#xD;
2019-07-30 14:50:26 - [MESSAGE][PASSED] - Call Test Case 'Test Cases/mobileWeb/_include/get_screenshot' successfully&#xD;
&#xD;
2019-07-30 14:50:26 - [TEST_STEP][PASSED] - callTestCase(findTestCase("mobileWeb/_include/goToEnd_hbi"), ["carrier":"agilesecure"], CONTINUE_ON_FAILURE): Call Test Case 'Test Cases/mobileWeb/_include/goToEnd_hbi' successfully&#xD;
&#xD;
2019-07-30 14:50:26 - [TEST_CASE][PASSED] - Test Cases/mobileWeb/_include/goToEnd_hbi: Test Cases/mobileWeb/_include/goToEnd_hbi&#xD;
&#xD;
2019-07-30 14:50:26 - [TEST_STEP][PASSED] - if (state == "ca"): null&#xD;
&#xD;
2019-07-30 14:50:26 - [TEST_STEP][PASSED] - callTestCase(findTestCase("mobileWeb/_include/name"), [:], CONTINUE_ON_FAILURE): Call Test Case 'Test Cases/mobileWeb/_include/name' successfully&#xD;
&#xD;
2019-07-30 14:50:26 - [TEST_CASE][PASSED] - Test Cases/mobileWeb/_include/name: Test Cases/mobileWeb/_include/name&#xD;
&#xD;
2019-07-30 14:50:26 - [TEST_STEP][PASSED] - driver = getWebDriver(): null&#xD;
&#xD;
2019-07-30 14:50:26 - [TEST_STEP][PASSED] - selenium = new com.thoughtworks.selenium.webdriven.WebDriverBackedSelenium(driver, internal.GlobalVariable.ENV): null&#xD;
&#xD;
2019-07-30 14:50:26 - [TEST_STEP][PASSED] - FirstName = "Test-123": null&#xD;
&#xD;
2019-07-30 14:50:26 - [TEST_STEP][PASSED] - LastName = selenium.getEval("{var x="ABCDEFGHIJKLMNOPQRSTUVWXYZabcdefghijklmnopqrstuvwxyz"; var tmp="ZZ11-"; for (i=0;i&lt;8;i++) tmp+=x.charAt(Math.ceil(51*Math.random()));tmp;}"): null&#xD;
&#xD;
2019-07-30 14:50:26 - [TEST_STEP][PASSED] - Address = selenium.getEval("{var x="ABCDEFGHIJKLMNOPQRSTUVWXYZabcdefghijklmnopqrstuvwxyz"; var tmp=""; for (i=0;i&lt;8;i++) tmp+=x.charAt(Math.ceil(51*Math.random()));tmp;}"): null&#xD;
&#xD;
2019-07-30 14:50:26 - [TEST_STEP][PASSED] - City = selenium.getEval("{var x="ABCDEFGHIJKLMNOPQRSTUVWXYZabcdefghijklmnopqrstuvwxyz"; var tmp=""; for (i=0;i&lt;8;i++) tmp+=x.charAt(Math.ceil(51*Math.random()));tmp;}"): null&#xD;
&#xD;
2019-07-30 14:50:26 - [TEST_STEP][PASSED] - tel1 = selenium.getEval("{var x="123456789"; var tmp=""; for (i=0;i&lt;3;i++) tmp+=x.charAt(Math.ceil(8*Math.random()));tmp;}"): null&#xD;
&#xD;
2019-07-30 14:50:26 - [TEST_STEP][PASSED] - tel2 = selenium.getEval("{var x="123456789"; var tmp=""; for (i=0;i&lt;3;i++) tmp+=x.charAt(Math.ceil(8*Math.random()));tmp;}"): null&#xD;
&#xD;
2019-07-30 14:50:26 - [TEST_STEP][PASSED] - tel3 = selenium.getEval("{var x="123456789"; var tmp=""; for (i=0;i&lt;4;i++) tmp+=x.charAt(Math.ceil(8*Math.random()));tmp;}"): null&#xD;
&#xD;
2019-07-30 14:50:26 - [TEST_STEP][PASSED] - Tel = selenium.getExpression(tel1 + "-" + tel2 + "-" + tel3): null&#xD;
&#xD;
2019-07-30 14:50:26 - [TEST_STEP][PASSED] - AutoEmail = selenium.getEval("{var x="ABCDEFGHIJKLMNOPQRSTUVWXYZabcdefghijklmnopqrstuvwxyz"; var tmp="test."; for (i=0;i&lt;8;i++) tmp+=x.charAt(Math.ceil(51*Math.random()));tmp+="@suryani.cn";}"): null&#xD;
&#xD;
2019-07-30 14:50:26 - [TEST_STEP][PASSED] - FirstName = FirstName: null&#xD;
&#xD;
2019-07-30 14:50:26 - [TEST_STEP][PASSED] - LastName = LastName: null&#xD;
&#xD;
2019-07-30 14:50:26 - [TEST_STEP][PASSED] - Address = Address: null&#xD;
&#xD;
2019-07-30 14:50:26 - [TEST_STEP][PASSED] - City = City: null&#xD;
&#xD;
2019-07-30 14:50:26 - [TEST_STEP][PASSED] - Tel = Tel: null&#xD;
&#xD;
2019-07-30 14:50:26 - [TEST_STEP][PASSED] - AutoEmail = AutoEmail: null&#xD;
&#xD;
2019-07-30 14:50:26 - [TEST_STEP][PASSED] - println(FirstName): null&#xD;
&#xD;
2019-07-30 14:50:26 - [TEST_STEP][PASSED] - println(LastName): null&#xD;
&#xD;
2019-07-30 14:50:26 - [TEST_STEP][PASSED] - println(Address): null&#xD;
&#xD;
2019-07-30 14:50:26 - [TEST_STEP][PASSED] - println(City): null&#xD;
&#xD;
2019-07-30 14:50:26 - [TEST_STEP][PASSED] - println(Tel): null&#xD;
&#xD;
2019-07-30 14:50:26 - [TEST_STEP][PASSED] - println(AutoEmail): null&#xD;
&#xD;
2019-07-30 14:50:26 - [MESSAGE][PASSED] - Call Test Case 'Test Cases/mobileWeb/_include/name' successfully&#xD;
&#xD;
2019-07-30 14:50:26 - [TEST_STEP][PASSED] - setText(findTestObject("mobileSanity/HBI/Page_App Page 1/input__member-P-1-firstName"), FirstName): Text 'Test-123' is set on object 'Object Repository/mobileSanity/HBI/Page_App Page 1/input__member-P-1-firstName'&#xD;
&#xD;
2019-07-30 14:50:26 - [MESSAGE][PASSED] - Text 'Test-123' is set on object 'Object Repository/mobileSanity/HBI/Page_App Page 1/input__member-P-1-firstName'&#xD;
&#xD;
2019-07-30 14:50:26 - [TEST_STEP][PASSED] - setText(findTestObject("mobileSanity/HBI/Page_App Page 1/input__member-P-1-lastName"), LastName): Text 'ZZ11-BcmRNhYS' is set on object 'Object Repository/mobileSanity/HBI/Page_App Page 1/input__member-P-1-lastName'&#xD;
&#xD;
2019-07-30 14:50:27 - [MESSAGE][PASSED] - Text 'ZZ11-BcmRNhYS' is set on object 'Object Repository/mobileSanity/HBI/Page_App Page 1/input__member-P-1-lastName'&#xD;
&#xD;
2019-07-30 14:50:27 - [TEST_STEP][PASSED] - if (carrier == "agileone" || carrier == "agilesecure"): Text 'test6' is set on object 'Object Repository/mobileSanity/HBI/Page_App Page 1/input__contingent-beneficiary-relationship'&#xD;
&#xD;
2019-07-30 14:50:27 - [TEST_STEP][PASSED] - setText(findTestObject("mobileSanity/HBI/Page_App Page 1/input__primary-beneficiary-fir"), "test1"): Text 'test1' is set on object 'Object Repository/mobileSanity/HBI/Page_App Page 1/input__primary-beneficiary-fir'&#xD;
&#xD;
2019-07-30 14:50:27 - [MESSAGE][PASSED] - Text 'test1' is set on object 'Object Repository/mobileSanity/HBI/Page_App Page 1/input__primary-beneficiary-fir'&#xD;
&#xD;
2019-07-30 14:50:27 - [TEST_STEP][PASSED] - setText(findTestObject("mobileSanity/HBI/Page_App Page 1/input__primary-beneficiary-las"), "test2"): Text 'test2' is set on object 'Object Repository/mobileSanity/HBI/Page_App Page 1/input__primary-beneficiary-las'&#xD;
&#xD;
2019-07-30 14:50:27 - [MESSAGE][PASSED] - Text 'test2' is set on object 'Object Repository/mobileSanity/HBI/Page_App Page 1/input__primary-beneficiary-las'&#xD;
&#xD;
2019-07-30 14:50:27 - [TEST_STEP][PASSED] - setText(findTestObject("mobileSanity/HBI/Page_App Page 1/input__primary-beneficiary-rel"), "test3"): Text 'test3' is set on object 'Object Repository/mobileSanity/HBI/Page_App Page 1/input__primary-beneficiary-rel'&#xD;
&#xD;
2019-07-30 14:50:27 - [MESSAGE][PASSED] - Text 'test3' is set on object 'Object Repository/mobileSanity/HBI/Page_App Page 1/input__primary-beneficiary-rel'&#xD;
&#xD;
2019-07-30 14:50:27 - [TEST_STEP][PASSED] - setText(findTestObject("mobileSanity/HBI/Page_App Page 1/input__contingent-beneficiary-"), "test4"): Text 'test4' is set on object 'Object Repository/mobileSanity/HBI/Page_App Page 1/input__contingent-beneficiary-'&#xD;
&#xD;
2019-07-30 14:50:27 - [MESSAGE][PASSED] - Text 'test4' is set on object 'Object Repository/mobileSanity/HBI/Page_App Page 1/input__contingent-beneficiary-'&#xD;
&#xD;
2019-07-30 14:50:27 - [TEST_STEP][PASSED] - setText(findTestObject("mobileSanity/HBI/Page_App Page 1/input__contingent-beneficiary-_lastname"), "test5"): Text 'test5' is set on object 'Object Repository/mobileSanity/HBI/Page_App Page 1/input__contingent-beneficiary-_lastname'&#xD;
&#xD;
2019-07-30 14:50:28 - [MESSAGE][PASSED] - Text 'test5' is set on object 'Object Repository/mobileSanity/HBI/Page_App Page 1/input__contingent-beneficiary-_lastname'&#xD;
&#xD;
2019-07-30 14:50:28 - [TEST_STEP][PASSED] - setText(findTestObject("mobileSanity/HBI/Page_App Page 1/input__contingent-beneficiary-relationship"), "test6"): Text 'test6' is set on object 'Object Repository/mobileSanity/HBI/Page_App Page 1/input__contingent-beneficiary-relationship'&#xD;
&#xD;
2019-07-30 14:50:28 - [MESSAGE][PASSED] - Text 'test6' is set on object 'Object Repository/mobileSanity/HBI/Page_App Page 1/input__contingent-beneficiary-relationship'&#xD;
&#xD;
2019-07-30 14:50:28 - [TEST_STEP][PASSED] - setText(findTestObject("mobileSanity/HBI/Page_App Page 1/input__address"), Address): Text 'QGpDBVsi' is set on object 'Object Repository/mobileSanity/HBI/Page_App Page 1/input__address'&#xD;
&#xD;
2019-07-30 14:50:28 - [MESSAGE][PASSED] - Text 'QGpDBVsi' is set on object 'Object Repository/mobileSanity/HBI/Page_App Page 1/input__address'&#xD;
&#xD;
2019-07-30 14:50:28 - [TEST_STEP][PASSED] - setText(findTestObject("mobileSanity/HBI/Page_App Page 1/input__city"), City): Text 'JeZMTJHy' is set on object 'Object Repository/mobileSanity/HBI/Page_App Page 1/input__city'&#xD;
&#xD;
2019-07-30 14:50:28 - [MESSAGE][PASSED] - Text 'JeZMTJHy' is set on object 'Object Repository/mobileSanity/HBI/Page_App Page 1/input__city'&#xD;
&#xD;
2019-07-30 14:50:28 - [TEST_STEP][PASSED] - setText(findTestObject("mobileSanity/HBI/Page_App Page 1/input__email"), AutoEmail): Text 'test.DYcJdDFr@suryani.cn' is set on object 'Object Repository/mobileSanity/HBI/Page_App Page 1/input__email'&#xD;
&#xD;
2019-07-30 14:50:29 - [MESSAGE][PASSED] - Text 'test.DYcJdDFr@suryani.cn' is set on object 'Object Repository/mobileSanity/HBI/Page_App Page 1/input__email'&#xD;
&#xD;
2019-07-30 14:50:29 - [TEST_STEP][PASSED] - setText(findTestObject("mobileSanity/HBI/Page_App Page 1/input_tel"), Tel): Text '793-522-8772' is set on object 'Object Repository/mobileSanity/HBI/Page_App Page 1/input_tel'&#xD;
&#xD;
2019-07-30 14:50:29 - [MESSAGE][PASSED] - Text '793-522-8772' is set on object 'Object Repository/mobileSanity/HBI/Page_App Page 1/input_tel'&#xD;
&#xD;
2019-07-30 14:50:29 - [TEST_STEP][PASSED] - click(findTestObject("mobileSanity/HBI/Page_App Page 1/a_Continue to Step 2 - Payment")): Object: 'Object Repository/mobileSanity/HBI/Page_App Page 1/a_Continue to Step 2 - Payment' is clicked on&#xD;
&#xD;
2019-07-30 14:50:29 - [MESSAGE][PASSED] - Object: 'Object Repository/mobileSanity/HBI/Page_App Page 1/a_Continue to Step 2 - Payment' is clicked on&#xD;
&#xD;
2019-07-30 14:50:29 - [TEST_STEP][PASSED] - waitForPageLoad(10): Wait for page load successfully&#xD;
&#xD;
2019-07-30 14:50:29 - [MESSAGE][PASSED] - Wait for page load successfully&#xD;
&#xD;
2019-07-30 14:50:29 - [TEST_STEP][PASSED] - Thread.sleep(2000): null&#xD;
&#xD;
2019-07-30 14:50:31 - [TEST_STEP][PASSED] - callTestCase(findTestCase("mobileWeb/_include/get_screenshot"), [:], STOP_ON_FAILURE): Call Test Case 'Test Cases/mobileWeb/_include/get_screenshot' successfully&#xD;
&#xD;
2019-07-30 14:50:31 - [TEST_CASE][PASSED] - Test Cases/mobileWeb/_include/get_screenshot: Test Cases/mobileWeb/_include/get_screenshot&#xD;
&#xD;
2019-07-30 14:50:31 - [TEST_STEP][PASSED] - takeScreenshot(screenPath + i + ".png"): Taking screenshot successfully&#xD;
&#xD;
2019-07-30 14:50:32 - [MESSAGE][PASSED] - Taking screenshot successfully&#xD;
[[ATTACHMENT|D:\\Test\\AgileTest\\AgileTest\\Reports\\mobileWeb\\hbi\\20190730_144207\\../Screenshots/iPhone X/hbi/Agile Secure/20190730_144952/5.png]]&#xD;
&#xD;
2019-07-30 14:50:32 - [TEST_STEP][PASSED] - (internal.GlobalVariable.i++): null&#xD;
&#xD;
2019-07-30 14:50:32 - [MESSAGE][PASSED] - Call Test Case 'Test Cases/mobileWeb/_include/get_screenshot' successfully&#xD;
&#xD;
2019-07-30 14:50:32 - [TEST_STEP][PASSED] - setText(findTestObject("mobileSanity/HBI/Page_App Page 2/input__credit-card-first"), FirstName): Text 'Test-123' is set on object 'Object Repository/mobileSanity/HBI/Page_App Page 2/input__credit-card-first'&#xD;
&#xD;
2019-07-30 14:50:32 - [MESSAGE][PASSED] - Text 'Test-123' is set on object 'Object Repository/mobileSanity/HBI/Page_App Page 2/input__credit-card-first'&#xD;
&#xD;
2019-07-30 14:50:32 - [TEST_STEP][PASSED] - setText(findTestObject("mobileSanity/HBI/Page_App Page 2/input__credit-card-last"), LastName): Text 'ZZ11-BcmRNhYS' is set on object 'Object Repository/mobileSanity/HBI/Page_App Page 2/input__credit-card-last'&#xD;
&#xD;
2019-07-30 14:50:32 - [MESSAGE][PASSED] - Text 'ZZ11-BcmRNhYS' is set on object 'Object Repository/mobileSanity/HBI/Page_App Page 2/input__credit-card-last'&#xD;
&#xD;
2019-07-30 14:50:32 - [TEST_STEP][PASSED] - selectOptionByValue(findTestObject("mobileSanity/HBI/Page_App Page 2/select_MM010203040506070809101"), "12", true): All options with value '12' are selected in object 'Object Repository/mobileSanity/HBI/Page_App Page 2/select_MM010203040506070809101'  using regular expression&#xD;
&#xD;
2019-07-30 14:50:33 - [MESSAGE][PASSED] - All options with value '12' are selected in object 'Object Repository/mobileSanity/HBI/Page_App Page 2/select_MM010203040506070809101'  using regular expression&#xD;
&#xD;
2019-07-30 14:50:33 - [TEST_STEP][PASSED] - selectOptionByValue(findTestObject("mobileSanity/HBI/Page_App Page 2/select_YYYY2019202020212022202"), "2026", true): All options with value '2026' are selected in object 'Object Repository/mobileSanity/HBI/Page_App Page 2/select_YYYY2019202020212022202'  using regular expression&#xD;
&#xD;
2019-07-30 14:50:33 - [MESSAGE][PASSED] - All options with value '2026' are selected in object 'Object Repository/mobileSanity/HBI/Page_App Page 2/select_YYYY2019202020212022202'  using regular expression&#xD;
&#xD;
2019-07-30 14:50:33 - [TEST_STEP][PASSED] - setText(findTestObject("mobileSanity/HBI/Page_App Page 2/input__credit-card-number"), "4111111111111111"): Text '4111111111111111' is set on object 'Object Repository/mobileSanity/HBI/Page_App Page 2/input__credit-card-number'&#xD;
&#xD;
2019-07-30 14:50:33 - [MESSAGE][PASSED] - Text '4111111111111111' is set on object 'Object Repository/mobileSanity/HBI/Page_App Page 2/input__credit-card-number'&#xD;
&#xD;
2019-07-30 14:50:33 - [TEST_STEP][PASSED] - setText(findTestObject("mobileSanity/HBI/Page_App Page 2/input__cvv"), "123"): Text '123' is set on object 'Object Repository/mobileSanity/HBI/Page_App Page 2/input__cvv'&#xD;
&#xD;
2019-07-30 14:50:33 - [MESSAGE][PASSED] - Text '123' is set on object 'Object Repository/mobileSanity/HBI/Page_App Page 2/input__cvv'&#xD;
&#xD;
2019-07-30 14:50:33 - [TEST_STEP][PASSED] - click(findTestObject("mobileSanity/HBI/Page_App Page 2/label_My billing address is th")): Object: 'Object Repository/mobileSanity/HBI/Page_App Page 2/label_My billing address is th' is clicked on&#xD;
&#xD;
2019-07-30 14:50:34 - [MESSAGE][PASSED] - Object: 'Object Repository/mobileSanity/HBI/Page_App Page 2/label_My billing address is th' is clicked on&#xD;
&#xD;
2019-07-30 14:50:34 - [TEST_STEP][PASSED] - click(findTestObject("mobileSanity/HBI/Page_App Page 2/label_I Accept Authorization f")): Object: 'Object Repository/mobileSanity/HBI/Page_App Page 2/label_I Accept Authorization f' is clicked on&#xD;
&#xD;
2019-07-30 14:50:34 - [MESSAGE][PASSED] - Object: 'Object Repository/mobileSanity/HBI/Page_App Page 2/label_I Accept Authorization f' is clicked on&#xD;
&#xD;
2019-07-30 14:50:34 - [TEST_STEP][PASSED] - click(findTestObject("mobileSanity/HBI/Page_App Page 2/a_Continue to Step 3 - Review")): Object: 'Object Repository/mobileSanity/HBI/Page_App Page 2/a_Continue to Step 3 - Review' is clicked on&#xD;
&#xD;
2019-07-30 14:50:34 - [MESSAGE][PASSED] - Object: 'Object Repository/mobileSanity/HBI/Page_App Page 2/a_Continue to Step 3 - Review' is clicked on&#xD;
&#xD;
2019-07-30 14:50:34 - [TEST_STEP][PASSED] - waitForPageLoad(10): Wait for page load successfully&#xD;
&#xD;
2019-07-30 14:50:34 - [MESSAGE][PASSED] - Wait for page load successfully&#xD;
&#xD;
2019-07-30 14:50:34 - [TEST_STEP][PASSED] - Thread.sleep(2000): null&#xD;
&#xD;
2019-07-30 14:50:36 - [TEST_STEP][PASSED] - callTestCase(findTestCase("mobileWeb/_include/get_screenshot"), [:], STOP_ON_FAILURE): Call Test Case 'Test Cases/mobileWeb/_include/get_screenshot' successfully&#xD;
&#xD;
2019-07-30 14:50:36 - [TEST_CASE][PASSED] - Test Cases/mobileWeb/_include/get_screenshot: Test Cases/mobileWeb/_include/get_screenshot&#xD;
&#xD;
2019-07-30 14:50:36 - [TEST_STEP][PASSED] - takeScreenshot(screenPath + i + ".png"): Taking screenshot successfully&#xD;
&#xD;
2019-07-30 14:50:38 - [MESSAGE][PASSED] - Taking screenshot successfully&#xD;
[[ATTACHMENT|D:\\Test\\AgileTest\\AgileTest\\Reports\\mobileWeb\\hbi\\20190730_144207\\../Screenshots/iPhone X/hbi/Agile Secure/20190730_144952/6.png]]&#xD;
&#xD;
2019-07-30 14:50:38 - [TEST_STEP][PASSED] - (internal.GlobalVariable.i++): null&#xD;
&#xD;
2019-07-30 14:50:38 - [MESSAGE][PASSED] - Call Test Case 'Test Cases/mobileWeb/_include/get_screenshot' successfully&#xD;
&#xD;
2019-07-30 14:50:38 - [TEST_STEP][PASSED] - if (test.MobileKeywords.isElementPresent_Web(findTestObject("mobileSanity/HBI/Page_App Page 2/a_No Thanks"), 10)): test.MobileKeywords.isElementPresent_Web is PASSED&#xD;
&#xD;
2019-07-30 14:50:59 - [MESSAGE][INFO] - Unable to find the element located by 'By.xpath: //a[@type = 'submit' and (text() = 'No Thanks' or . = 'No Thanks')]'. Please recheck the objects properties to make sure the desired element is located. &#xD;
&#xD;
2019-07-30 14:50:59 - [MESSAGE][PASSED] - test.MobileKeywords.isElementPresent_Web is PASSED&#xD;
&#xD;
2019-07-30 14:50:59 - [TEST_STEP][PASSED] - waitForPageLoad(10): Wait for page load successfully&#xD;
&#xD;
2019-07-30 14:50:59 - [MESSAGE][PASSED] - Wait for page load successfully&#xD;
&#xD;
2019-07-30 14:50:59 - [TEST_STEP][PASSED] - click(findTestObject("mobileSanity/HBI/Page_App Page 3/label")): Object: 'Object Repository/mobileSanity/HBI/Page_App Page 3/label' is clicked on&#xD;
&#xD;
2019-07-30 14:51:00 - [MESSAGE][PASSED] - Object: 'Object Repository/mobileSanity/HBI/Page_App Page 3/label' is clicked on&#xD;
&#xD;
2019-07-30 14:51:00 - [TEST_STEP][PASSED] - click(findTestObject("mobileSanity/HBI/Page_App Page 3/p_CLICK TO SIGN")): Object: 'Object Repository/mobileSanity/HBI/Page_App Page 3/p_CLICK TO SIGN' is clicked on&#xD;
&#xD;
2019-07-30 14:51:00 - [MESSAGE][PASSED] - Object: 'Object Repository/mobileSanity/HBI/Page_App Page 3/p_CLICK TO SIGN' is clicked on&#xD;
&#xD;
2019-07-30 14:51:00 - [TEST_STEP][PASSED] - click(findTestObject("mobileSanity/HBI/Page_App Page 3/a_Submit Your Application")): Object: 'Object Repository/mobileSanity/HBI/Page_App Page 3/a_Submit Your Application' is clicked on&#xD;
&#xD;
2019-07-30 14:51:00 - [MESSAGE][PASSED] - Object: 'Object Repository/mobileSanity/HBI/Page_App Page 3/a_Submit Your Application' is clicked on&#xD;
&#xD;
2019-07-30 14:51:00 - [TEST_STEP][PASSED] - Thread.sleep(30000): null&#xD;
&#xD;
2019-07-30 14:51:30 - [TEST_STEP][PASSED] - callTestCase(findTestCase("mobileWeb/_include/get_screenshot"), [:], STOP_ON_FAILURE): Call Test Case 'Test Cases/mobileWeb/_include/get_screenshot' successfully&#xD;
&#xD;
2019-07-30 14:51:30 - [TEST_CASE][PASSED] - Test Cases/mobileWeb/_include/get_screenshot: Test Cases/mobileWeb/_include/get_screenshot&#xD;
&#xD;
2019-07-30 14:51:30 - [TEST_STEP][PASSED] - takeScreenshot(screenPath + i + ".png"): Taking screenshot successfully&#xD;
&#xD;
2019-07-30 14:51:31 - [MESSAGE][PASSED] - Taking screenshot successfully&#xD;
[[ATTACHMENT|D:\\Test\\AgileTest\\AgileTest\\Reports\\mobileWeb\\hbi\\20190730_144207\\../Screenshots/iPhone X/hbi/Agile Secure/20190730_144952/7.png]]&#xD;
&#xD;
2019-07-30 14:51:31 - [TEST_STEP][PASSED] - (internal.GlobalVariable.i++): null&#xD;
&#xD;
2019-07-30 14:51:31 - [MESSAGE][PASSED] - Call Test Case 'Test Cases/mobileWeb/_include/get_screenshot' successfully&#xD;
&#xD;
2019-07-30 14:51:31 - [TEST_STEP][PASSED] - verifyTextPresent("Congratulations", false): Text 'Congratulations' is present on page &#xD;
&#xD;
2019-07-30 14:51:31 - [MESSAGE][PASSED] - Text 'Congratulations' is present on page &#xD;
&#xD;
2019-07-30 14:51:31 - [MESSAGE][PASSED] - Call Test Case 'Test Cases/mobileWeb/_include/goToEnd_hbi' successfully</system-out>
            <system-err></system-err>
        </testcase>
        <testcase name="Test Cases/mobileWeb/HBI/Fixed Cash Benefit" classname="Test Cases/mobileWeb/HBI/Fixed Cash Benefit" status="PASSED">
            <system-out>2019-07-30 14:51:31 - [TEST_CASE][PASSED] - Test Cases/mobileWeb/HBI/Fixed Cash Benefit: Test Cases/mobileWeb/HBI/Fixed Cash Benefit&#xD;
&#xD;
2019-07-30 14:51:31 - [TEST_STEP][PASSED] - callTestCase(findTestCase("mobileWeb/_include/get_screenPath"), ["productLine":"hbi", "carrierName":"Fixed Cash Benefit"], CONTINUE_ON_FAILURE): Call Test Case 'Test Cases/mobileWeb/_include/get_screenPath' successfully&#xD;
&#xD;
2019-07-30 14:51:31 - [TEST_CASE][PASSED] - Test Cases/mobileWeb/_include/get_screenPath: Test Cases/mobileWeb/_include/get_screenPath&#xD;
&#xD;
2019-07-30 14:51:31 - [TEST_STEP][PASSED] - m = getExecutionProperties(): null&#xD;
&#xD;
2019-07-30 14:51:31 - [TEST_STEP][PASSED] - deviceName = get("mobileEmulation").get("deviceName"): null&#xD;
&#xD;
2019-07-30 14:51:31 - [TEST_STEP][PASSED] - println(deviceName): null&#xD;
&#xD;
2019-07-30 14:51:31 - [TEST_STEP][PASSED] - now = new java.util.Date(): null&#xD;
&#xD;
2019-07-30 14:51:31 - [TEST_STEP][PASSED] - mydate = now.format("yyyyMMdd_HHmmss"): null&#xD;
&#xD;
2019-07-30 14:51:31 - [TEST_STEP][PASSED] - screenPath = "../Screenshots/": null&#xD;
&#xD;
2019-07-30 14:51:31 - [TEST_STEP][PASSED] - screenPath = screenPath + deviceName + "/" + productLine + "/" + carrierName + "/" + mydate + "/": null&#xD;
&#xD;
2019-07-30 14:51:31 - [TEST_STEP][PASSED] - println(screenPath): null&#xD;
&#xD;
2019-07-30 14:51:31 - [MESSAGE][PASSED] - Call Test Case 'Test Cases/mobileWeb/_include/get_screenPath' successfully&#xD;
&#xD;
2019-07-30 14:51:31 - [TEST_STEP][PASSED] - i = 0: null&#xD;
&#xD;
2019-07-30 14:51:31 - [TEST_STEP][PASSED] - callTestCase(findTestCase("mobileWeb/_include/openWebSite"), [:], CONTINUE_ON_FAILURE): Call Test Case 'Test Cases/mobileWeb/_include/openWebSite' successfully&#xD;
&#xD;
2019-07-30 14:51:31 - [TEST_CASE][PASSED] - Test Cases/mobileWeb/_include/openWebSite: Test Cases/mobileWeb/_include/openWebSite&#xD;
&#xD;
2019-07-30 14:51:31 - [TEST_STEP][PASSED] - openBrowser(env): Browser is opened with url: 'https://praetemptatus.agilehealthinsurance.com'&#xD;
&#xD;
2019-07-30 14:51:31 - [MESSAGE][WARNING] - A browser is already opened. Closing browser and opening a new one&#xD;
&#xD;
2019-07-30 14:51:32 - [MESSAGE][INFO] - Starting 'Chrome' driver&#xD;
&#xD;
2019-07-30 14:51:32 - [MESSAGE][INFO] - User set preference: ['mobileEmulation', '{deviceName=iPhone X}']&#xD;
&#xD;
2019-07-30 14:51:32 - [MESSAGE][INFO] - User set preference: ['args', '[--incognito, --aggressive-cache-discard, --no-sandbox, --window-size=375,812]']&#xD;
&#xD;
2019-07-30 14:51:39 - [MESSAGE][PASSED] - Browser is opened with url: 'https://praetemptatus.agilehealthinsurance.com'&#xD;
&#xD;
2019-07-30 14:51:39 - [TEST_STEP][PASSED] - waitForPageLoad(10): Wait for page load successfully&#xD;
&#xD;
2019-07-30 14:51:39 - [MESSAGE][PASSED] - Wait for page load successfully&#xD;
&#xD;
2019-07-30 14:51:39 - [TEST_STEP][PASSED] - callTestCase(findTestCase("mobileWeb/_include/get_screenshot"), [:], STOP_ON_FAILURE): Call Test Case 'Test Cases/mobileWeb/_include/get_screenshot' successfully&#xD;
&#xD;
2019-07-30 14:51:39 - [TEST_CASE][PASSED] - Test Cases/mobileWeb/_include/get_screenshot: Test Cases/mobileWeb/_include/get_screenshot&#xD;
&#xD;
2019-07-30 14:51:39 - [TEST_STEP][PASSED] - takeScreenshot(screenPath + i + ".png"): Taking screenshot successfully&#xD;
&#xD;
2019-07-30 14:51:41 - [MESSAGE][PASSED] - Taking screenshot successfully&#xD;
[[ATTACHMENT|D:\\Test\\AgileTest\\AgileTest\\Reports\\mobileWeb\\hbi\\20190730_144207\\../Screenshots/iPhone X/hbi/Fixed Cash Benefit/20190730_145131/0.png]]&#xD;
&#xD;
2019-07-30 14:51:41 - [TEST_STEP][PASSED] - (internal.GlobalVariable.i++): null&#xD;
&#xD;
2019-07-30 14:51:41 - [MESSAGE][PASSED] - Call Test Case 'Test Cases/mobileWeb/_include/get_screenshot' successfully&#xD;
&#xD;
2019-07-30 14:51:41 - [MESSAGE][PASSED] - Call Test Case 'Test Cases/mobileWeb/_include/openWebSite' successfully&#xD;
&#xD;
2019-07-30 14:51:41 - [TEST_STEP][PASSED] - callTestCase(findTestCase("mobileWeb/_include/census_hbi"), ["zipcode":"85364"], CONTINUE_ON_FAILURE): Call Test Case 'Test Cases/mobileWeb/_include/census_hbi' successfully&#xD;
&#xD;
2019-07-30 14:51:41 - [TEST_CASE][PASSED] - Test Cases/mobileWeb/_include/census_hbi: Test Cases/mobileWeb/_include/census_hbi&#xD;
&#xD;
2019-07-30 14:51:41 - [TEST_STEP][PASSED] - click(findTestObject("mobileSanity/Common/side_nav/menu")): Object: 'Object Repository/mobileSanity/Common/side_nav/menu' is clicked on&#xD;
&#xD;
2019-07-30 14:51:42 - [MESSAGE][PASSED] - Object: 'Object Repository/mobileSanity/Common/side_nav/menu' is clicked on&#xD;
&#xD;
2019-07-30 14:51:42 - [TEST_STEP][PASSED] - Thread.sleep(3000): null&#xD;
&#xD;
2019-07-30 14:51:45 - [TEST_STEP][PASSED] - click(findTestObject("mobileSanity/Common/side_nav/nav_hbi")): Object: 'Object Repository/mobileSanity/Common/side_nav/nav_hbi' is clicked on&#xD;
&#xD;
2019-07-30 14:51:48 - [MESSAGE][PASSED] - Object: 'Object Repository/mobileSanity/Common/side_nav/nav_hbi' is clicked on&#xD;
&#xD;
2019-07-30 14:51:48 - [TEST_STEP][PASSED] - waitForPageLoad(10): Wait for page load successfully&#xD;
&#xD;
2019-07-30 14:51:49 - [MESSAGE][PASSED] - Wait for page load successfully&#xD;
&#xD;
2019-07-30 14:51:49 - [TEST_STEP][PASSED] - callTestCase(findTestCase("mobileWeb/_include/get_screenshot"), [:], STOP_ON_FAILURE): Call Test Case 'Test Cases/mobileWeb/_include/get_screenshot' successfully&#xD;
&#xD;
2019-07-30 14:51:49 - [TEST_CASE][PASSED] - Test Cases/mobileWeb/_include/get_screenshot: Test Cases/mobileWeb/_include/get_screenshot&#xD;
&#xD;
2019-07-30 14:51:49 - [TEST_STEP][PASSED] - takeScreenshot(screenPath + i + ".png"): Taking screenshot successfully&#xD;
&#xD;
2019-07-30 14:51:50 - [MESSAGE][PASSED] - Taking screenshot successfully&#xD;
[[ATTACHMENT|D:\\Test\\AgileTest\\AgileTest\\Reports\\mobileWeb\\hbi\\20190730_144207\\../Screenshots/iPhone X/hbi/Fixed Cash Benefit/20190730_145131/1.png]]&#xD;
&#xD;
2019-07-30 14:51:50 - [TEST_STEP][PASSED] - (internal.GlobalVariable.i++): null&#xD;
&#xD;
2019-07-30 14:51:50 - [MESSAGE][PASSED] - Call Test Case 'Test Cases/mobileWeb/_include/get_screenshot' successfully&#xD;
&#xD;
2019-07-30 14:51:50 - [TEST_STEP][PASSED] - setText(findTestObject("mobileSanity/HBI/census/input_Location_zip-input"), zipcode): Text '85364' is set on object 'Object Repository/mobileSanity/HBI/census/input_Location_zip-input'&#xD;
&#xD;
2019-07-30 14:51:50 - [MESSAGE][PASSED] - Text '85364' is set on object 'Object Repository/mobileSanity/HBI/census/input_Location_zip-input'&#xD;
&#xD;
2019-07-30 14:51:50 - [TEST_STEP][PASSED] - Thread.sleep(500): null&#xD;
&#xD;
2019-07-30 14:51:50 - [TEST_STEP][PASSED] - setText(findTestObject("mobileSanity/HBI/census/input_Date of Birth_dob-0"), "12121980"): Text '12121980' is set on object 'Object Repository/mobileSanity/HBI/census/input_Date of Birth_dob-0'&#xD;
&#xD;
2019-07-30 14:51:51 - [MESSAGE][PASSED] - Text '12121980' is set on object 'Object Repository/mobileSanity/HBI/census/input_Date of Birth_dob-0'&#xD;
&#xD;
2019-07-30 14:51:51 - [TEST_STEP][PASSED] - click(findTestObject("mobileSanity/HBI/census/label_Male")): Object: 'Object Repository/mobileSanity/HBI/census/label_Male' is clicked on&#xD;
&#xD;
2019-07-30 14:51:51 - [MESSAGE][PASSED] - Object: 'Object Repository/mobileSanity/HBI/census/label_Male' is clicked on&#xD;
&#xD;
2019-07-30 14:51:51 - [TEST_STEP][PASSED] - click(findTestObject("mobileSanity/HBI/census/label_Get a Quote")): Object: 'Object Repository/mobileSanity/HBI/census/label_Get a Quote' is clicked on&#xD;
&#xD;
2019-07-30 14:51:51 - [MESSAGE][PASSED] - Object: 'Object Repository/mobileSanity/HBI/census/label_Get a Quote' is clicked on&#xD;
&#xD;
2019-07-30 14:51:51 - [TEST_STEP][PASSED] - waitForPageLoad(10): Wait for page load successfully&#xD;
&#xD;
2019-07-30 14:51:51 - [MESSAGE][PASSED] - Wait for page load successfully&#xD;
&#xD;
2019-07-30 14:51:51 - [TEST_STEP][PASSED] - callTestCase(findTestCase("mobileWeb/_include/get_screenshot"), [:], STOP_ON_FAILURE): Call Test Case 'Test Cases/mobileWeb/_include/get_screenshot' successfully&#xD;
&#xD;
2019-07-30 14:51:51 - [TEST_CASE][PASSED] - Test Cases/mobileWeb/_include/get_screenshot: Test Cases/mobileWeb/_include/get_screenshot&#xD;
&#xD;
2019-07-30 14:51:51 - [TEST_STEP][PASSED] - takeScreenshot(screenPath + i + ".png"): Taking screenshot successfully&#xD;
&#xD;
2019-07-30 14:51:57 - [MESSAGE][PASSED] - Taking screenshot successfully&#xD;
[[ATTACHMENT|D:\\Test\\AgileTest\\AgileTest\\Reports\\mobileWeb\\hbi\\20190730_144207\\../Screenshots/iPhone X/hbi/Fixed Cash Benefit/20190730_145131/2.png]]&#xD;
&#xD;
2019-07-30 14:51:57 - [TEST_STEP][PASSED] - (internal.GlobalVariable.i++): null&#xD;
&#xD;
2019-07-30 14:51:57 - [MESSAGE][PASSED] - Call Test Case 'Test Cases/mobileWeb/_include/get_screenshot' successfully&#xD;
&#xD;
2019-07-30 14:51:57 - [MESSAGE][PASSED] - Call Test Case 'Test Cases/mobileWeb/_include/census_hbi' successfully&#xD;
&#xD;
2019-07-30 14:51:57 - [TEST_STEP][PASSED] - Thread.sleep(5000): null&#xD;
&#xD;
2019-07-30 14:52:02 - [TEST_STEP][PASSED] - scrollToPosition(200, 2300): Browser is scrolled to position x = 200, y = 2300&#xD;
&#xD;
2019-07-30 14:52:02 - [MESSAGE][PASSED] - Browser is scrolled to position x = 200, y = 2300&#xD;
&#xD;
2019-07-30 14:52:02 - [TEST_STEP][PASSED] - click(findTestObject("mobileSanity/HBI/quote/a_Fixed Cash Benefit")): Object: 'Object Repository/mobileSanity/HBI/quote/a_Fixed Cash Benefit' is clicked on&#xD;
&#xD;
2019-07-30 14:52:06 - [MESSAGE][PASSED] - Object: 'Object Repository/mobileSanity/HBI/quote/a_Fixed Cash Benefit' is clicked on&#xD;
&#xD;
2019-07-30 14:52:06 - [TEST_STEP][PASSED] - waitForPageLoad(10): Wait for page load successfully&#xD;
&#xD;
2019-07-30 14:52:06 - [MESSAGE][PASSED] - Wait for page load successfully&#xD;
&#xD;
2019-07-30 14:52:06 - [TEST_STEP][PASSED] - callTestCase(findTestCase("mobileWeb/_include/get_screenshot"), [:], STOP_ON_FAILURE): Call Test Case 'Test Cases/mobileWeb/_include/get_screenshot' successfully&#xD;
&#xD;
2019-07-30 14:52:06 - [TEST_CASE][PASSED] - Test Cases/mobileWeb/_include/get_screenshot: Test Cases/mobileWeb/_include/get_screenshot&#xD;
&#xD;
2019-07-30 14:52:06 - [TEST_STEP][PASSED] - takeScreenshot(screenPath + i + ".png"): Taking screenshot successfully&#xD;
&#xD;
2019-07-30 14:52:07 - [MESSAGE][PASSED] - Taking screenshot successfully&#xD;
[[ATTACHMENT|D:\\Test\\AgileTest\\AgileTest\\Reports\\mobileWeb\\hbi\\20190730_144207\\../Screenshots/iPhone X/hbi/Fixed Cash Benefit/20190730_145131/3.png]]&#xD;
&#xD;
2019-07-30 14:52:07 - [TEST_STEP][PASSED] - (internal.GlobalVariable.i++): null&#xD;
&#xD;
2019-07-30 14:52:07 - [MESSAGE][PASSED] - Call Test Case 'Test Cases/mobileWeb/_include/get_screenshot' successfully&#xD;
&#xD;
2019-07-30 14:52:07 - [TEST_STEP][PASSED] - click(findTestObject("mobileSanity/HBI/detail/a_Apply for This Plan")): Object: 'Object Repository/mobileSanity/HBI/detail/a_Apply for This Plan' is clicked on&#xD;
&#xD;
2019-07-30 14:52:08 - [MESSAGE][PASSED] - Object: 'Object Repository/mobileSanity/HBI/detail/a_Apply for This Plan' is clicked on&#xD;
&#xD;
2019-07-30 14:52:08 - [TEST_STEP][PASSED] - waitForPageLoad(10): Wait for page load successfully&#xD;
&#xD;
2019-07-30 14:52:09 - [MESSAGE][PASSED] - Wait for page load successfully&#xD;
&#xD;
2019-07-30 14:52:09 - [TEST_STEP][PASSED] - callTestCase(findTestCase("mobileWeb/_include/get_screenshot"), [:], STOP_ON_FAILURE): Call Test Case 'Test Cases/mobileWeb/_include/get_screenshot' successfully&#xD;
&#xD;
2019-07-30 14:52:09 - [TEST_CASE][PASSED] - Test Cases/mobileWeb/_include/get_screenshot: Test Cases/mobileWeb/_include/get_screenshot&#xD;
&#xD;
2019-07-30 14:52:09 - [TEST_STEP][PASSED] - takeScreenshot(screenPath + i + ".png"): Taking screenshot successfully&#xD;
&#xD;
2019-07-30 14:52:10 - [MESSAGE][PASSED] - Taking screenshot successfully&#xD;
[[ATTACHMENT|D:\\Test\\AgileTest\\AgileTest\\Reports\\mobileWeb\\hbi\\20190730_144207\\../Screenshots/iPhone X/hbi/Fixed Cash Benefit/20190730_145131/4.png]]&#xD;
&#xD;
2019-07-30 14:52:10 - [TEST_STEP][PASSED] - (internal.GlobalVariable.i++): null&#xD;
&#xD;
2019-07-30 14:52:10 - [MESSAGE][PASSED] - Call Test Case 'Test Cases/mobileWeb/_include/get_screenshot' successfully&#xD;
&#xD;
2019-07-30 14:52:10 - [TEST_STEP][PASSED] - click(findTestObject("mobileSanity/HBI/Page_Apply/span_Start Secure Application")): Object: 'Object Repository/mobileSanity/HBI/Page_Apply/span_Start Secure Application' is clicked on&#xD;
&#xD;
2019-07-30 14:52:12 - [MESSAGE][PASSED] - Object: 'Object Repository/mobileSanity/HBI/Page_Apply/span_Start Secure Application' is clicked on&#xD;
&#xD;
2019-07-30 14:52:12 - [TEST_STEP][PASSED] - waitForPageLoad(10): Wait for page load successfully&#xD;
&#xD;
2019-07-30 14:52:12 - [MESSAGE][PASSED] - Wait for page load successfully&#xD;
&#xD;
2019-07-30 14:52:12 - [TEST_STEP][PASSED] - callTestCase(findTestCase("mobileWeb/_include/get_screenshot"), [:], STOP_ON_FAILURE): Call Test Case 'Test Cases/mobileWeb/_include/get_screenshot' successfully&#xD;
&#xD;
2019-07-30 14:52:12 - [TEST_CASE][PASSED] - Test Cases/mobileWeb/_include/get_screenshot: Test Cases/mobileWeb/_include/get_screenshot&#xD;
&#xD;
2019-07-30 14:52:12 - [TEST_STEP][PASSED] - takeScreenshot(screenPath + i + ".png"): Taking screenshot successfully&#xD;
&#xD;
2019-07-30 14:52:13 - [MESSAGE][PASSED] - Taking screenshot successfully&#xD;
[[ATTACHMENT|D:\\Test\\AgileTest\\AgileTest\\Reports\\mobileWeb\\hbi\\20190730_144207\\../Screenshots/iPhone X/hbi/Fixed Cash Benefit/20190730_145131/5.png]]&#xD;
&#xD;
2019-07-30 14:52:13 - [TEST_STEP][PASSED] - (internal.GlobalVariable.i++): null&#xD;
&#xD;
2019-07-30 14:52:13 - [MESSAGE][PASSED] - Call Test Case 'Test Cases/mobileWeb/_include/get_screenshot' successfully&#xD;
&#xD;
2019-07-30 14:52:13 - [TEST_STEP][PASSED] - callTestCase(findTestCase("mobileWeb/_include/goToEnd_hbi"), ["carrier":"FixedCashBenefit"], CONTINUE_ON_FAILURE): Call Test Case 'Test Cases/mobileWeb/_include/goToEnd_hbi' successfully&#xD;
&#xD;
2019-07-30 14:52:13 - [TEST_CASE][PASSED] - Test Cases/mobileWeb/_include/goToEnd_hbi: Test Cases/mobileWeb/_include/goToEnd_hbi&#xD;
&#xD;
2019-07-30 14:52:13 - [TEST_STEP][PASSED] - if (state == "ca"): null&#xD;
&#xD;
2019-07-30 14:52:13 - [TEST_STEP][PASSED] - callTestCase(findTestCase("mobileWeb/_include/name"), [:], CONTINUE_ON_FAILURE): Call Test Case 'Test Cases/mobileWeb/_include/name' successfully&#xD;
&#xD;
2019-07-30 14:52:13 - [TEST_CASE][PASSED] - Test Cases/mobileWeb/_include/name: Test Cases/mobileWeb/_include/name&#xD;
&#xD;
2019-07-30 14:52:13 - [TEST_STEP][PASSED] - driver = getWebDriver(): null&#xD;
&#xD;
2019-07-30 14:52:13 - [TEST_STEP][PASSED] - selenium = new com.thoughtworks.selenium.webdriven.WebDriverBackedSelenium(driver, internal.GlobalVariable.ENV): null&#xD;
&#xD;
2019-07-30 14:52:13 - [TEST_STEP][PASSED] - FirstName = "Test-123": null&#xD;
&#xD;
2019-07-30 14:52:13 - [TEST_STEP][PASSED] - LastName = selenium.getEval("{var x="ABCDEFGHIJKLMNOPQRSTUVWXYZabcdefghijklmnopqrstuvwxyz"; var tmp="ZZ11-"; for (i=0;i&lt;8;i++) tmp+=x.charAt(Math.ceil(51*Math.random()));tmp;}"): null&#xD;
&#xD;
2019-07-30 14:52:13 - [TEST_STEP][PASSED] - Address = selenium.getEval("{var x="ABCDEFGHIJKLMNOPQRSTUVWXYZabcdefghijklmnopqrstuvwxyz"; var tmp=""; for (i=0;i&lt;8;i++) tmp+=x.charAt(Math.ceil(51*Math.random()));tmp;}"): null&#xD;
&#xD;
2019-07-30 14:52:13 - [TEST_STEP][PASSED] - City = selenium.getEval("{var x="ABCDEFGHIJKLMNOPQRSTUVWXYZabcdefghijklmnopqrstuvwxyz"; var tmp=""; for (i=0;i&lt;8;i++) tmp+=x.charAt(Math.ceil(51*Math.random()));tmp;}"): null&#xD;
&#xD;
2019-07-30 14:52:13 - [TEST_STEP][PASSED] - tel1 = selenium.getEval("{var x="123456789"; var tmp=""; for (i=0;i&lt;3;i++) tmp+=x.charAt(Math.ceil(8*Math.random()));tmp;}"): null&#xD;
&#xD;
2019-07-30 14:52:13 - [TEST_STEP][PASSED] - tel2 = selenium.getEval("{var x="123456789"; var tmp=""; for (i=0;i&lt;3;i++) tmp+=x.charAt(Math.ceil(8*Math.random()));tmp;}"): null&#xD;
&#xD;
2019-07-30 14:52:13 - [TEST_STEP][PASSED] - tel3 = selenium.getEval("{var x="123456789"; var tmp=""; for (i=0;i&lt;4;i++) tmp+=x.charAt(Math.ceil(8*Math.random()));tmp;}"): null&#xD;
&#xD;
2019-07-30 14:52:13 - [TEST_STEP][PASSED] - Tel = selenium.getExpression(tel1 + "-" + tel2 + "-" + tel3): null&#xD;
&#xD;
2019-07-30 14:52:13 - [TEST_STEP][PASSED] - AutoEmail = selenium.getEval("{var x="ABCDEFGHIJKLMNOPQRSTUVWXYZabcdefghijklmnopqrstuvwxyz"; var tmp="test."; for (i=0;i&lt;8;i++) tmp+=x.charAt(Math.ceil(51*Math.random()));tmp+="@suryani.cn";}"): null&#xD;
&#xD;
2019-07-30 14:52:13 - [TEST_STEP][PASSED] - FirstName = FirstName: null&#xD;
&#xD;
2019-07-30 14:52:13 - [TEST_STEP][PASSED] - LastName = LastName: null&#xD;
&#xD;
2019-07-30 14:52:13 - [TEST_STEP][PASSED] - Address = Address: null&#xD;
&#xD;
2019-07-30 14:52:13 - [TEST_STEP][PASSED] - City = City: null&#xD;
&#xD;
2019-07-30 14:52:13 - [TEST_STEP][PASSED] - Tel = Tel: null&#xD;
&#xD;
2019-07-30 14:52:13 - [TEST_STEP][PASSED] - AutoEmail = AutoEmail: null&#xD;
&#xD;
2019-07-30 14:52:13 - [TEST_STEP][PASSED] - println(FirstName): null&#xD;
&#xD;
2019-07-30 14:52:13 - [TEST_STEP][PASSED] - println(LastName): null&#xD;
&#xD;
2019-07-30 14:52:13 - [TEST_STEP][PASSED] - println(Address): null&#xD;
&#xD;
2019-07-30 14:52:13 - [TEST_STEP][PASSED] - println(City): null&#xD;
&#xD;
2019-07-30 14:52:13 - [TEST_STEP][PASSED] - println(Tel): null&#xD;
&#xD;
2019-07-30 14:52:13 - [TEST_STEP][PASSED] - println(AutoEmail): null&#xD;
&#xD;
2019-07-30 14:52:13 - [MESSAGE][PASSED] - Call Test Case 'Test Cases/mobileWeb/_include/name' successfully&#xD;
&#xD;
2019-07-30 14:52:13 - [TEST_STEP][PASSED] - setText(findTestObject("mobileSanity/HBI/Page_App Page 1/input__member-P-1-firstName"), FirstName): Text 'Test-123' is set on object 'Object Repository/mobileSanity/HBI/Page_App Page 1/input__member-P-1-firstName'&#xD;
&#xD;
2019-07-30 14:52:14 - [MESSAGE][PASSED] - Text 'Test-123' is set on object 'Object Repository/mobileSanity/HBI/Page_App Page 1/input__member-P-1-firstName'&#xD;
&#xD;
2019-07-30 14:52:14 - [TEST_STEP][PASSED] - setText(findTestObject("mobileSanity/HBI/Page_App Page 1/input__member-P-1-lastName"), LastName): Text 'ZZ11-lOwwoBrf' is set on object 'Object Repository/mobileSanity/HBI/Page_App Page 1/input__member-P-1-lastName'&#xD;
&#xD;
2019-07-30 14:52:14 - [MESSAGE][PASSED] - Text 'ZZ11-lOwwoBrf' is set on object 'Object Repository/mobileSanity/HBI/Page_App Page 1/input__member-P-1-lastName'&#xD;
&#xD;
2019-07-30 14:52:14 - [TEST_STEP][PASSED] - if (carrier == "agileone" || carrier == "agilesecure"): null&#xD;
&#xD;
2019-07-30 14:52:14 - [TEST_STEP][PASSED] - setText(findTestObject("mobileSanity/HBI/Page_App Page 1/input__address"), Address): Text 'hhatWMLM' is set on object 'Object Repository/mobileSanity/HBI/Page_App Page 1/input__address'&#xD;
&#xD;
2019-07-30 14:52:14 - [MESSAGE][PASSED] - Text 'hhatWMLM' is set on object 'Object Repository/mobileSanity/HBI/Page_App Page 1/input__address'&#xD;
&#xD;
2019-07-30 14:52:14 - [TEST_STEP][PASSED] - setText(findTestObject("mobileSanity/HBI/Page_App Page 1/input__city"), City): Text 'zzUzspUP' is set on object 'Object Repository/mobileSanity/HBI/Page_App Page 1/input__city'&#xD;
&#xD;
2019-07-30 14:52:14 - [MESSAGE][PASSED] - Text 'zzUzspUP' is set on object 'Object Repository/mobileSanity/HBI/Page_App Page 1/input__city'&#xD;
&#xD;
2019-07-30 14:52:14 - [TEST_STEP][PASSED] - setText(findTestObject("mobileSanity/HBI/Page_App Page 1/input__email"), AutoEmail): Text 'test.vYDcTZQI@suryani.cn' is set on object 'Object Repository/mobileSanity/HBI/Page_App Page 1/input__email'&#xD;
&#xD;
2019-07-30 14:52:15 - [MESSAGE][PASSED] - Text 'test.vYDcTZQI@suryani.cn' is set on object 'Object Repository/mobileSanity/HBI/Page_App Page 1/input__email'&#xD;
&#xD;
2019-07-30 14:52:15 - [TEST_STEP][PASSED] - setText(findTestObject("mobileSanity/HBI/Page_App Page 1/input_tel"), Tel): Text '624-896-5984' is set on object 'Object Repository/mobileSanity/HBI/Page_App Page 1/input_tel'&#xD;
&#xD;
2019-07-30 14:52:15 - [MESSAGE][PASSED] - Text '624-896-5984' is set on object 'Object Repository/mobileSanity/HBI/Page_App Page 1/input_tel'&#xD;
&#xD;
2019-07-30 14:52:15 - [TEST_STEP][PASSED] - click(findTestObject("mobileSanity/HBI/Page_App Page 1/a_Continue to Step 2 - Payment")): Object: 'Object Repository/mobileSanity/HBI/Page_App Page 1/a_Continue to Step 2 - Payment' is clicked on&#xD;
&#xD;
2019-07-30 14:52:15 - [MESSAGE][PASSED] - Object: 'Object Repository/mobileSanity/HBI/Page_App Page 1/a_Continue to Step 2 - Payment' is clicked on&#xD;
&#xD;
2019-07-30 14:52:15 - [TEST_STEP][PASSED] - waitForPageLoad(10): Wait for page load successfully&#xD;
&#xD;
2019-07-30 14:52:15 - [MESSAGE][PASSED] - Wait for page load successfully&#xD;
&#xD;
2019-07-30 14:52:15 - [TEST_STEP][PASSED] - Thread.sleep(2000): null&#xD;
&#xD;
2019-07-30 14:52:17 - [TEST_STEP][PASSED] - callTestCase(findTestCase("mobileWeb/_include/get_screenshot"), [:], STOP_ON_FAILURE): Call Test Case 'Test Cases/mobileWeb/_include/get_screenshot' successfully&#xD;
&#xD;
2019-07-30 14:52:17 - [TEST_CASE][PASSED] - Test Cases/mobileWeb/_include/get_screenshot: Test Cases/mobileWeb/_include/get_screenshot&#xD;
&#xD;
2019-07-30 14:52:17 - [TEST_STEP][PASSED] - takeScreenshot(screenPath + i + ".png"): Taking screenshot successfully&#xD;
&#xD;
2019-07-30 14:52:18 - [MESSAGE][PASSED] - Taking screenshot successfully&#xD;
[[ATTACHMENT|D:\\Test\\AgileTest\\AgileTest\\Reports\\mobileWeb\\hbi\\20190730_144207\\../Screenshots/iPhone X/hbi/Fixed Cash Benefit/20190730_145131/6.png]]&#xD;
&#xD;
2019-07-30 14:52:18 - [TEST_STEP][PASSED] - (internal.GlobalVariable.i++): null&#xD;
&#xD;
2019-07-30 14:52:18 - [MESSAGE][PASSED] - Call Test Case 'Test Cases/mobileWeb/_include/get_screenshot' successfully&#xD;
&#xD;
2019-07-30 14:52:18 - [TEST_STEP][PASSED] - setText(findTestObject("mobileSanity/HBI/Page_App Page 2/input__credit-card-first"), FirstName): Text 'Test-123' is set on object 'Object Repository/mobileSanity/HBI/Page_App Page 2/input__credit-card-first'&#xD;
&#xD;
2019-07-30 14:52:18 - [MESSAGE][PASSED] - Text 'Test-123' is set on object 'Object Repository/mobileSanity/HBI/Page_App Page 2/input__credit-card-first'&#xD;
&#xD;
2019-07-30 14:52:18 - [TEST_STEP][PASSED] - setText(findTestObject("mobileSanity/HBI/Page_App Page 2/input__credit-card-last"), LastName): Text 'ZZ11-lOwwoBrf' is set on object 'Object Repository/mobileSanity/HBI/Page_App Page 2/input__credit-card-last'&#xD;
&#xD;
2019-07-30 14:52:19 - [MESSAGE][PASSED] - Text 'ZZ11-lOwwoBrf' is set on object 'Object Repository/mobileSanity/HBI/Page_App Page 2/input__credit-card-last'&#xD;
&#xD;
2019-07-30 14:52:19 - [TEST_STEP][PASSED] - selectOptionByValue(findTestObject("mobileSanity/HBI/Page_App Page 2/select_MM010203040506070809101"), "12", true): All options with value '12' are selected in object 'Object Repository/mobileSanity/HBI/Page_App Page 2/select_MM010203040506070809101'  using regular expression&#xD;
&#xD;
2019-07-30 14:52:19 - [MESSAGE][PASSED] - All options with value '12' are selected in object 'Object Repository/mobileSanity/HBI/Page_App Page 2/select_MM010203040506070809101'  using regular expression&#xD;
&#xD;
2019-07-30 14:52:19 - [TEST_STEP][PASSED] - selectOptionByValue(findTestObject("mobileSanity/HBI/Page_App Page 2/select_YYYY2019202020212022202"), "2026", true): All options with value '2026' are selected in object 'Object Repository/mobileSanity/HBI/Page_App Page 2/select_YYYY2019202020212022202'  using regular expression&#xD;
&#xD;
2019-07-30 14:52:19 - [MESSAGE][PASSED] - All options with value '2026' are selected in object 'Object Repository/mobileSanity/HBI/Page_App Page 2/select_YYYY2019202020212022202'  using regular expression&#xD;
&#xD;
2019-07-30 14:52:19 - [TEST_STEP][PASSED] - setText(findTestObject("mobileSanity/HBI/Page_App Page 2/input__credit-card-number"), "4111111111111111"): Text '4111111111111111' is set on object 'Object Repository/mobileSanity/HBI/Page_App Page 2/input__credit-card-number'&#xD;
&#xD;
2019-07-30 14:52:19 - [MESSAGE][PASSED] - Text '4111111111111111' is set on object 'Object Repository/mobileSanity/HBI/Page_App Page 2/input__credit-card-number'&#xD;
&#xD;
2019-07-30 14:52:19 - [TEST_STEP][PASSED] - setText(findTestObject("mobileSanity/HBI/Page_App Page 2/input__cvv"), "123"): Text '123' is set on object 'Object Repository/mobileSanity/HBI/Page_App Page 2/input__cvv'&#xD;
&#xD;
2019-07-30 14:52:20 - [MESSAGE][PASSED] - Text '123' is set on object 'Object Repository/mobileSanity/HBI/Page_App Page 2/input__cvv'&#xD;
&#xD;
2019-07-30 14:52:20 - [TEST_STEP][PASSED] - click(findTestObject("mobileSanity/HBI/Page_App Page 2/label_My billing address is th")): Object: 'Object Repository/mobileSanity/HBI/Page_App Page 2/label_My billing address is th' is clicked on&#xD;
&#xD;
2019-07-30 14:52:20 - [MESSAGE][PASSED] - Object: 'Object Repository/mobileSanity/HBI/Page_App Page 2/label_My billing address is th' is clicked on&#xD;
&#xD;
2019-07-30 14:52:20 - [TEST_STEP][PASSED] - click(findTestObject("mobileSanity/HBI/Page_App Page 2/label_I Accept Authorization f")): Object: 'Object Repository/mobileSanity/HBI/Page_App Page 2/label_I Accept Authorization f' is clicked on&#xD;
&#xD;
2019-07-30 14:52:20 - [MESSAGE][PASSED] - Object: 'Object Repository/mobileSanity/HBI/Page_App Page 2/label_I Accept Authorization f' is clicked on&#xD;
&#xD;
2019-07-30 14:52:20 - [TEST_STEP][PASSED] - click(findTestObject("mobileSanity/HBI/Page_App Page 2/a_Continue to Step 3 - Review")): Object: 'Object Repository/mobileSanity/HBI/Page_App Page 2/a_Continue to Step 3 - Review' is clicked on&#xD;
&#xD;
2019-07-30 14:52:20 - [MESSAGE][PASSED] - Object: 'Object Repository/mobileSanity/HBI/Page_App Page 2/a_Continue to Step 3 - Review' is clicked on&#xD;
&#xD;
2019-07-30 14:52:20 - [TEST_STEP][PASSED] - waitForPageLoad(10): Wait for page load successfully&#xD;
&#xD;
2019-07-30 14:52:20 - [MESSAGE][PASSED] - Wait for page load successfully&#xD;
&#xD;
2019-07-30 14:52:20 - [TEST_STEP][PASSED] - Thread.sleep(2000): null&#xD;
&#xD;
2019-07-30 14:52:22 - [TEST_STEP][PASSED] - callTestCase(findTestCase("mobileWeb/_include/get_screenshot"), [:], STOP_ON_FAILURE): Call Test Case 'Test Cases/mobileWeb/_include/get_screenshot' successfully&#xD;
&#xD;
2019-07-30 14:52:22 - [TEST_CASE][PASSED] - Test Cases/mobileWeb/_include/get_screenshot: Test Cases/mobileWeb/_include/get_screenshot&#xD;
&#xD;
2019-07-30 14:52:22 - [TEST_STEP][PASSED] - takeScreenshot(screenPath + i + ".png"): Taking screenshot successfully&#xD;
&#xD;
2019-07-30 14:52:35 - [MESSAGE][PASSED] - Taking screenshot successfully&#xD;
[[ATTACHMENT|D:\\Test\\AgileTest\\AgileTest\\Reports\\mobileWeb\\hbi\\20190730_144207\\../Screenshots/iPhone X/hbi/Fixed Cash Benefit/20190730_145131/7.png]]&#xD;
&#xD;
2019-07-30 14:52:35 - [TEST_STEP][PASSED] - (internal.GlobalVariable.i++): null&#xD;
&#xD;
2019-07-30 14:52:35 - [MESSAGE][PASSED] - Call Test Case 'Test Cases/mobileWeb/_include/get_screenshot' successfully&#xD;
&#xD;
2019-07-30 14:52:35 - [TEST_STEP][PASSED] - if (test.MobileKeywords.isElementPresent_Web(findTestObject("mobileSanity/HBI/Page_App Page 2/a_No Thanks"), 10)): test.MobileKeywords.isElementPresent_Web is PASSED&#xD;
&#xD;
2019-07-30 14:52:56 - [MESSAGE][INFO] - Unable to find the element located by 'By.xpath: //a[@type = 'submit' and (text() = 'No Thanks' or . = 'No Thanks')]'. Please recheck the objects properties to make sure the desired element is located. &#xD;
&#xD;
2019-07-30 14:52:56 - [MESSAGE][PASSED] - test.MobileKeywords.isElementPresent_Web is PASSED&#xD;
&#xD;
2019-07-30 14:52:56 - [TEST_STEP][PASSED] - waitForPageLoad(10): Wait for page load successfully&#xD;
&#xD;
2019-07-30 14:52:56 - [MESSAGE][PASSED] - Wait for page load successfully&#xD;
&#xD;
2019-07-30 14:52:56 - [TEST_STEP][PASSED] - click(findTestObject("mobileSanity/HBI/Page_App Page 3/label")): Object: 'Object Repository/mobileSanity/HBI/Page_App Page 3/label' is clicked on&#xD;
&#xD;
2019-07-30 14:52:56 - [MESSAGE][PASSED] - Object: 'Object Repository/mobileSanity/HBI/Page_App Page 3/label' is clicked on&#xD;
&#xD;
2019-07-30 14:52:56 - [TEST_STEP][PASSED] - click(findTestObject("mobileSanity/HBI/Page_App Page 3/p_CLICK TO SIGN")): Object: 'Object Repository/mobileSanity/HBI/Page_App Page 3/p_CLICK TO SIGN' is clicked on&#xD;
&#xD;
2019-07-30 14:52:57 - [MESSAGE][PASSED] - Object: 'Object Repository/mobileSanity/HBI/Page_App Page 3/p_CLICK TO SIGN' is clicked on&#xD;
&#xD;
2019-07-30 14:52:57 - [TEST_STEP][PASSED] - click(findTestObject("mobileSanity/HBI/Page_App Page 3/a_Submit Your Application")): Object: 'Object Repository/mobileSanity/HBI/Page_App Page 3/a_Submit Your Application' is clicked on&#xD;
&#xD;
2019-07-30 14:52:57 - [MESSAGE][PASSED] - Object: 'Object Repository/mobileSanity/HBI/Page_App Page 3/a_Submit Your Application' is clicked on&#xD;
&#xD;
2019-07-30 14:52:57 - [TEST_STEP][PASSED] - Thread.sleep(30000): null&#xD;
&#xD;
2019-07-30 14:53:27 - [TEST_STEP][PASSED] - callTestCase(findTestCase("mobileWeb/_include/get_screenshot"), [:], STOP_ON_FAILURE): Call Test Case 'Test Cases/mobileWeb/_include/get_screenshot' successfully&#xD;
&#xD;
2019-07-30 14:53:27 - [TEST_CASE][PASSED] - Test Cases/mobileWeb/_include/get_screenshot: Test Cases/mobileWeb/_include/get_screenshot&#xD;
&#xD;
2019-07-30 14:53:27 - [TEST_STEP][PASSED] - takeScreenshot(screenPath + i + ".png"): Taking screenshot successfully&#xD;
&#xD;
2019-07-30 14:53:28 - [MESSAGE][PASSED] - Taking screenshot successfully&#xD;
[[ATTACHMENT|D:\\Test\\AgileTest\\AgileTest\\Reports\\mobileWeb\\hbi\\20190730_144207\\../Screenshots/iPhone X/hbi/Fixed Cash Benefit/20190730_145131/8.png]]&#xD;
&#xD;
2019-07-30 14:53:28 - [TEST_STEP][PASSED] - (internal.GlobalVariable.i++): null&#xD;
&#xD;
2019-07-30 14:53:28 - [MESSAGE][PASSED] - Call Test Case 'Test Cases/mobileWeb/_include/get_screenshot' successfully&#xD;
&#xD;
2019-07-30 14:53:28 - [TEST_STEP][PASSED] - verifyTextPresent("Congratulations", false): Text 'Congratulations' is present on page &#xD;
&#xD;
2019-07-30 14:53:28 - [MESSAGE][PASSED] - Text 'Congratulations' is present on page &#xD;
&#xD;
2019-07-30 14:53:28 - [MESSAGE][PASSED] - Call Test Case 'Test Cases/mobileWeb/_include/goToEnd_hbi' successfully</system-out>
            <system-err></system-err>
        </testcase>
        <testcase name="Test Cases/mobileWeb/HBI/Health Choice" classname="Test Cases/mobileWeb/HBI/Health Choice" status="PASSED">
            <system-out>2019-07-30 14:53:28 - [TEST_CASE][PASSED] - Test Cases/mobileWeb/HBI/Health Choice: Test Cases/mobileWeb/HBI/Health Choice&#xD;
&#xD;
2019-07-30 14:53:28 - [TEST_STEP][PASSED] - callTestCase(findTestCase("mobileWeb/_include/get_screenPath"), ["productLine":"hbi", "carrierName":"Health Choice"], CONTINUE_ON_FAILURE): Call Test Case 'Test Cases/mobileWeb/_include/get_screenPath' successfully&#xD;
&#xD;
2019-07-30 14:53:28 - [TEST_CASE][PASSED] - Test Cases/mobileWeb/_include/get_screenPath: Test Cases/mobileWeb/_include/get_screenPath&#xD;
&#xD;
2019-07-30 14:53:28 - [TEST_STEP][PASSED] - m = getExecutionProperties(): null&#xD;
&#xD;
2019-07-30 14:53:28 - [TEST_STEP][PASSED] - deviceName = get("mobileEmulation").get("deviceName"): null&#xD;
&#xD;
2019-07-30 14:53:28 - [TEST_STEP][PASSED] - println(deviceName): null&#xD;
&#xD;
2019-07-30 14:53:28 - [TEST_STEP][PASSED] - now = new java.util.Date(): null&#xD;
&#xD;
2019-07-30 14:53:28 - [TEST_STEP][PASSED] - mydate = now.format("yyyyMMdd_HHmmss"): null&#xD;
&#xD;
2019-07-30 14:53:28 - [TEST_STEP][PASSED] - screenPath = "../Screenshots/": null&#xD;
&#xD;
2019-07-30 14:53:28 - [TEST_STEP][PASSED] - screenPath = screenPath + deviceName + "/" + productLine + "/" + carrierName + "/" + mydate + "/": null&#xD;
&#xD;
2019-07-30 14:53:28 - [TEST_STEP][PASSED] - println(screenPath): null&#xD;
&#xD;
2019-07-30 14:53:28 - [MESSAGE][PASSED] - Call Test Case 'Test Cases/mobileWeb/_include/get_screenPath' successfully&#xD;
&#xD;
2019-07-30 14:53:28 - [TEST_STEP][PASSED] - i = 0: null&#xD;
&#xD;
2019-07-30 14:53:28 - [TEST_STEP][PASSED] - callTestCase(findTestCase("mobileWeb/_include/openWebSite"), [:], CONTINUE_ON_FAILURE): Call Test Case 'Test Cases/mobileWeb/_include/openWebSite' successfully&#xD;
&#xD;
2019-07-30 14:53:28 - [TEST_CASE][PASSED] - Test Cases/mobileWeb/_include/openWebSite: Test Cases/mobileWeb/_include/openWebSite&#xD;
&#xD;
2019-07-30 14:53:28 - [TEST_STEP][PASSED] - openBrowser(env): Browser is opened with url: 'https://praetemptatus.agilehealthinsurance.com'&#xD;
&#xD;
2019-07-30 14:53:28 - [MESSAGE][WARNING] - A browser is already opened. Closing browser and opening a new one&#xD;
&#xD;
2019-07-30 14:53:29 - [MESSAGE][INFO] - Starting 'Chrome' driver&#xD;
&#xD;
2019-07-30 14:53:29 - [MESSAGE][INFO] - User set preference: ['mobileEmulation', '{deviceName=iPhone X}']&#xD;
&#xD;
2019-07-30 14:53:29 - [MESSAGE][INFO] - User set preference: ['args', '[--incognito, --aggressive-cache-discard, --no-sandbox, --window-size=375,812]']&#xD;
&#xD;
2019-07-30 14:53:36 - [MESSAGE][PASSED] - Browser is opened with url: 'https://praetemptatus.agilehealthinsurance.com'&#xD;
&#xD;
2019-07-30 14:53:36 - [TEST_STEP][PASSED] - waitForPageLoad(10): Wait for page load successfully&#xD;
&#xD;
2019-07-30 14:53:36 - [MESSAGE][PASSED] - Wait for page load successfully&#xD;
&#xD;
2019-07-30 14:53:36 - [TEST_STEP][PASSED] - callTestCase(findTestCase("mobileWeb/_include/get_screenshot"), [:], STOP_ON_FAILURE): Call Test Case 'Test Cases/mobileWeb/_include/get_screenshot' successfully&#xD;
&#xD;
2019-07-30 14:53:36 - [TEST_CASE][PASSED] - Test Cases/mobileWeb/_include/get_screenshot: Test Cases/mobileWeb/_include/get_screenshot&#xD;
&#xD;
2019-07-30 14:53:36 - [TEST_STEP][PASSED] - takeScreenshot(screenPath + i + ".png"): Taking screenshot successfully&#xD;
&#xD;
2019-07-30 14:53:38 - [MESSAGE][PASSED] - Taking screenshot successfully&#xD;
[[ATTACHMENT|D:\\Test\\AgileTest\\AgileTest\\Reports\\mobileWeb\\hbi\\20190730_144207\\../Screenshots/iPhone X/hbi/Health Choice/20190730_145328/0.png]]&#xD;
&#xD;
2019-07-30 14:53:38 - [TEST_STEP][PASSED] - (internal.GlobalVariable.i++): null&#xD;
&#xD;
2019-07-30 14:53:38 - [MESSAGE][PASSED] - Call Test Case 'Test Cases/mobileWeb/_include/get_screenshot' successfully&#xD;
&#xD;
2019-07-30 14:53:38 - [MESSAGE][PASSED] - Call Test Case 'Test Cases/mobileWeb/_include/openWebSite' successfully&#xD;
&#xD;
2019-07-30 14:53:38 - [TEST_STEP][PASSED] - callTestCase(findTestCase("mobileWeb/_include/census_hbi"), [:], CONTINUE_ON_FAILURE): Call Test Case 'Test Cases/mobileWeb/_include/census_hbi' successfully&#xD;
&#xD;
2019-07-30 14:53:38 - [TEST_CASE][PASSED] - Test Cases/mobileWeb/_include/census_hbi: Test Cases/mobileWeb/_include/census_hbi&#xD;
&#xD;
2019-07-30 14:53:38 - [TEST_STEP][PASSED] - click(findTestObject("mobileSanity/Common/side_nav/menu")): Object: 'Object Repository/mobileSanity/Common/side_nav/menu' is clicked on&#xD;
&#xD;
2019-07-30 14:53:38 - [MESSAGE][PASSED] - Object: 'Object Repository/mobileSanity/Common/side_nav/menu' is clicked on&#xD;
&#xD;
2019-07-30 14:53:38 - [TEST_STEP][PASSED] - Thread.sleep(3000): null&#xD;
&#xD;
2019-07-30 14:53:41 - [TEST_STEP][PASSED] - click(findTestObject("mobileSanity/Common/side_nav/nav_hbi")): Object: 'Object Repository/mobileSanity/Common/side_nav/nav_hbi' is clicked on&#xD;
&#xD;
2019-07-30 14:53:44 - [MESSAGE][PASSED] - Object: 'Object Repository/mobileSanity/Common/side_nav/nav_hbi' is clicked on&#xD;
&#xD;
2019-07-30 14:53:44 - [TEST_STEP][PASSED] - waitForPageLoad(10): Wait for page load successfully&#xD;
&#xD;
2019-07-30 14:53:44 - [MESSAGE][PASSED] - Wait for page load successfully&#xD;
&#xD;
2019-07-30 14:53:44 - [TEST_STEP][PASSED] - callTestCase(findTestCase("mobileWeb/_include/get_screenshot"), [:], STOP_ON_FAILURE): Call Test Case 'Test Cases/mobileWeb/_include/get_screenshot' successfully&#xD;
&#xD;
2019-07-30 14:53:44 - [TEST_CASE][PASSED] - Test Cases/mobileWeb/_include/get_screenshot: Test Cases/mobileWeb/_include/get_screenshot&#xD;
&#xD;
2019-07-30 14:53:44 - [TEST_STEP][PASSED] - takeScreenshot(screenPath + i + ".png"): Taking screenshot successfully&#xD;
&#xD;
2019-07-30 14:53:45 - [MESSAGE][PASSED] - Taking screenshot successfully&#xD;
[[ATTACHMENT|D:\\Test\\AgileTest\\AgileTest\\Reports\\mobileWeb\\hbi\\20190730_144207\\../Screenshots/iPhone X/hbi/Health Choice/20190730_145328/1.png]]&#xD;
&#xD;
2019-07-30 14:53:45 - [TEST_STEP][PASSED] - (internal.GlobalVariable.i++): null&#xD;
&#xD;
2019-07-30 14:53:45 - [MESSAGE][PASSED] - Call Test Case 'Test Cases/mobileWeb/_include/get_screenshot' successfully&#xD;
&#xD;
2019-07-30 14:53:45 - [TEST_STEP][PASSED] - setText(findTestObject("mobileSanity/HBI/census/input_Location_zip-input"), zipcode): Text '35215' is set on object 'Object Repository/mobileSanity/HBI/census/input_Location_zip-input'&#xD;
&#xD;
2019-07-30 14:53:45 - [MESSAGE][PASSED] - Text '35215' is set on object 'Object Repository/mobileSanity/HBI/census/input_Location_zip-input'&#xD;
&#xD;
2019-07-30 14:53:45 - [TEST_STEP][PASSED] - Thread.sleep(500): null&#xD;
&#xD;
2019-07-30 14:53:46 - [TEST_STEP][PASSED] - setText(findTestObject("mobileSanity/HBI/census/input_Date of Birth_dob-0"), "12121980"): Text '12121980' is set on object 'Object Repository/mobileSanity/HBI/census/input_Date of Birth_dob-0'&#xD;
&#xD;
2019-07-30 14:53:46 - [MESSAGE][PASSED] - Text '12121980' is set on object 'Object Repository/mobileSanity/HBI/census/input_Date of Birth_dob-0'&#xD;
&#xD;
2019-07-30 14:53:46 - [TEST_STEP][PASSED] - click(findTestObject("mobileSanity/HBI/census/label_Male")): Object: 'Object Repository/mobileSanity/HBI/census/label_Male' is clicked on&#xD;
&#xD;
2019-07-30 14:53:46 - [MESSAGE][PASSED] - Object: 'Object Repository/mobileSanity/HBI/census/label_Male' is clicked on&#xD;
&#xD;
2019-07-30 14:53:46 - [TEST_STEP][PASSED] - click(findTestObject("mobileSanity/HBI/census/label_Get a Quote")): Object: 'Object Repository/mobileSanity/HBI/census/label_Get a Quote' is clicked on&#xD;
&#xD;
2019-07-30 14:53:46 - [MESSAGE][PASSED] - Object: 'Object Repository/mobileSanity/HBI/census/label_Get a Quote' is clicked on&#xD;
&#xD;
2019-07-30 14:53:46 - [TEST_STEP][PASSED] - waitForPageLoad(10): Wait for page load successfully&#xD;
&#xD;
2019-07-30 14:53:46 - [MESSAGE][PASSED] - Wait for page load successfully&#xD;
&#xD;
2019-07-30 14:53:46 - [TEST_STEP][PASSED] - callTestCase(findTestCase("mobileWeb/_include/get_screenshot"), [:], STOP_ON_FAILURE): Call Test Case 'Test Cases/mobileWeb/_include/get_screenshot' successfully&#xD;
&#xD;
2019-07-30 14:53:46 - [TEST_CASE][PASSED] - Test Cases/mobileWeb/_include/get_screenshot: Test Cases/mobileWeb/_include/get_screenshot&#xD;
&#xD;
2019-07-30 14:53:46 - [TEST_STEP][PASSED] - takeScreenshot(screenPath + i + ".png"): Taking screenshot successfully&#xD;
&#xD;
2019-07-30 14:53:50 - [MESSAGE][PASSED] - Taking screenshot successfully&#xD;
[[ATTACHMENT|D:\\Test\\AgileTest\\AgileTest\\Reports\\mobileWeb\\hbi\\20190730_144207\\../Screenshots/iPhone X/hbi/Health Choice/20190730_145328/2.png]]&#xD;
&#xD;
2019-07-30 14:53:50 - [TEST_STEP][PASSED] - (internal.GlobalVariable.i++): null&#xD;
&#xD;
2019-07-30 14:53:50 - [MESSAGE][PASSED] - Call Test Case 'Test Cases/mobileWeb/_include/get_screenshot' successfully&#xD;
&#xD;
2019-07-30 14:53:50 - [MESSAGE][PASSED] - Call Test Case 'Test Cases/mobileWeb/_include/census_hbi' successfully&#xD;
&#xD;
2019-07-30 14:53:50 - [TEST_STEP][PASSED] - Thread.sleep(5000): null&#xD;
&#xD;
2019-07-30 14:53:55 - [TEST_STEP][PASSED] - scrollToPosition(200, 2300): Browser is scrolled to position x = 200, y = 2300&#xD;
&#xD;
2019-07-30 14:53:55 - [MESSAGE][PASSED] - Browser is scrolled to position x = 200, y = 2300&#xD;
&#xD;
2019-07-30 14:53:55 - [TEST_STEP][PASSED] - click(findTestObject("mobileSanity/HBI/quote/a_Health Choice")): Object: 'Object Repository/mobileSanity/HBI/quote/a_Health Choice' is clicked on&#xD;
&#xD;
2019-07-30 14:53:59 - [MESSAGE][PASSED] - Object: 'Object Repository/mobileSanity/HBI/quote/a_Health Choice' is clicked on&#xD;
&#xD;
2019-07-30 14:53:59 - [TEST_STEP][PASSED] - waitForPageLoad(10): Wait for page load successfully&#xD;
&#xD;
2019-07-30 14:53:59 - [MESSAGE][PASSED] - Wait for page load successfully&#xD;
&#xD;
2019-07-30 14:53:59 - [TEST_STEP][PASSED] - callTestCase(findTestCase("mobileWeb/_include/get_screenshot"), [:], STOP_ON_FAILURE): Call Test Case 'Test Cases/mobileWeb/_include/get_screenshot' successfully&#xD;
&#xD;
2019-07-30 14:54:00 - [TEST_CASE][PASSED] - Test Cases/mobileWeb/_include/get_screenshot: Test Cases/mobileWeb/_include/get_screenshot&#xD;
&#xD;
2019-07-30 14:54:00 - [TEST_STEP][PASSED] - takeScreenshot(screenPath + i + ".png"): Taking screenshot successfully&#xD;
&#xD;
2019-07-30 14:54:01 - [MESSAGE][PASSED] - Taking screenshot successfully&#xD;
[[ATTACHMENT|D:\\Test\\AgileTest\\AgileTest\\Reports\\mobileWeb\\hbi\\20190730_144207\\../Screenshots/iPhone X/hbi/Health Choice/20190730_145328/3.png]]&#xD;
&#xD;
2019-07-30 14:54:01 - [TEST_STEP][PASSED] - (internal.GlobalVariable.i++): null&#xD;
&#xD;
2019-07-30 14:54:01 - [MESSAGE][PASSED] - Call Test Case 'Test Cases/mobileWeb/_include/get_screenshot' successfully&#xD;
&#xD;
2019-07-30 14:54:01 - [TEST_STEP][PASSED] - click(findTestObject("mobileSanity/HBI/detail/a_Apply for This Plan")): Object: 'Object Repository/mobileSanity/HBI/detail/a_Apply for This Plan' is clicked on&#xD;
&#xD;
2019-07-30 14:54:02 - [MESSAGE][PASSED] - Object: 'Object Repository/mobileSanity/HBI/detail/a_Apply for This Plan' is clicked on&#xD;
&#xD;
2019-07-30 14:54:02 - [TEST_STEP][PASSED] - waitForPageLoad(10): Wait for page load successfully&#xD;
&#xD;
2019-07-30 14:54:02 - [MESSAGE][PASSED] - Wait for page load successfully&#xD;
&#xD;
2019-07-30 14:54:02 - [TEST_STEP][PASSED] - callTestCase(findTestCase("mobileWeb/_include/get_screenshot"), [:], STOP_ON_FAILURE): Call Test Case 'Test Cases/mobileWeb/_include/get_screenshot' successfully&#xD;
&#xD;
2019-07-30 14:54:02 - [TEST_CASE][PASSED] - Test Cases/mobileWeb/_include/get_screenshot: Test Cases/mobileWeb/_include/get_screenshot&#xD;
&#xD;
2019-07-30 14:54:02 - [TEST_STEP][PASSED] - takeScreenshot(screenPath + i + ".png"): Taking screenshot successfully&#xD;
&#xD;
2019-07-30 14:54:03 - [MESSAGE][PASSED] - Taking screenshot successfully&#xD;
[[ATTACHMENT|D:\\Test\\AgileTest\\AgileTest\\Reports\\mobileWeb\\hbi\\20190730_144207\\../Screenshots/iPhone X/hbi/Health Choice/20190730_145328/4.png]]&#xD;
&#xD;
2019-07-30 14:54:03 - [TEST_STEP][PASSED] - (internal.GlobalVariable.i++): null&#xD;
&#xD;
2019-07-30 14:54:03 - [MESSAGE][PASSED] - Call Test Case 'Test Cases/mobileWeb/_include/get_screenshot' successfully&#xD;
&#xD;
2019-07-30 14:54:03 - [TEST_STEP][PASSED] - click(findTestObject("mobileSanity/HBI/Page_Apply/span_Start Secure Application")): Object: 'Object Repository/mobileSanity/HBI/Page_Apply/span_Start Secure Application' is clicked on&#xD;
&#xD;
2019-07-30 14:54:05 - [MESSAGE][PASSED] - Object: 'Object Repository/mobileSanity/HBI/Page_Apply/span_Start Secure Application' is clicked on&#xD;
&#xD;
2019-07-30 14:54:05 - [TEST_STEP][PASSED] - waitForPageLoad(10): Wait for page load successfully&#xD;
&#xD;
2019-07-30 14:54:07 - [MESSAGE][PASSED] - Wait for page load successfully&#xD;
&#xD;
2019-07-30 14:54:07 - [TEST_STEP][PASSED] - callTestCase(findTestCase("mobileWeb/_include/get_screenshot"), [:], STOP_ON_FAILURE): Call Test Case 'Test Cases/mobileWeb/_include/get_screenshot' successfully&#xD;
&#xD;
2019-07-30 14:54:07 - [TEST_CASE][PASSED] - Test Cases/mobileWeb/_include/get_screenshot: Test Cases/mobileWeb/_include/get_screenshot&#xD;
&#xD;
2019-07-30 14:54:07 - [TEST_STEP][PASSED] - takeScreenshot(screenPath + i + ".png"): Taking screenshot successfully&#xD;
&#xD;
2019-07-30 14:54:08 - [MESSAGE][PASSED] - Taking screenshot successfully&#xD;
[[ATTACHMENT|D:\\Test\\AgileTest\\AgileTest\\Reports\\mobileWeb\\hbi\\20190730_144207\\../Screenshots/iPhone X/hbi/Health Choice/20190730_145328/5.png]]&#xD;
&#xD;
2019-07-30 14:54:08 - [TEST_STEP][PASSED] - (internal.GlobalVariable.i++): null&#xD;
&#xD;
2019-07-30 14:54:08 - [MESSAGE][PASSED] - Call Test Case 'Test Cases/mobileWeb/_include/get_screenshot' successfully&#xD;
&#xD;
2019-07-30 14:54:08 - [TEST_STEP][PASSED] - callTestCase(findTestCase("mobileWeb/_include/goToEnd_hbi"), ["carrier":"healthchoiceplus"], CONTINUE_ON_FAILURE): Call Test Case 'Test Cases/mobileWeb/_include/goToEnd_hbi' successfully&#xD;
&#xD;
2019-07-30 14:54:08 - [TEST_CASE][PASSED] - Test Cases/mobileWeb/_include/goToEnd_hbi: Test Cases/mobileWeb/_include/goToEnd_hbi&#xD;
&#xD;
2019-07-30 14:54:08 - [TEST_STEP][PASSED] - if (state == "ca"): null&#xD;
&#xD;
2019-07-30 14:54:08 - [TEST_STEP][PASSED] - callTestCase(findTestCase("mobileWeb/_include/name"), [:], CONTINUE_ON_FAILURE): Call Test Case 'Test Cases/mobileWeb/_include/name' successfully&#xD;
&#xD;
2019-07-30 14:54:08 - [TEST_CASE][PASSED] - Test Cases/mobileWeb/_include/name: Test Cases/mobileWeb/_include/name&#xD;
&#xD;
2019-07-30 14:54:08 - [TEST_STEP][PASSED] - driver = getWebDriver(): null&#xD;
&#xD;
2019-07-30 14:54:08 - [TEST_STEP][PASSED] - selenium = new com.thoughtworks.selenium.webdriven.WebDriverBackedSelenium(driver, internal.GlobalVariable.ENV): null&#xD;
&#xD;
2019-07-30 14:54:08 - [TEST_STEP][PASSED] - FirstName = "Test-123": null&#xD;
&#xD;
2019-07-30 14:54:08 - [TEST_STEP][PASSED] - LastName = selenium.getEval("{var x="ABCDEFGHIJKLMNOPQRSTUVWXYZabcdefghijklmnopqrstuvwxyz"; var tmp="ZZ11-"; for (i=0;i&lt;8;i++) tmp+=x.charAt(Math.ceil(51*Math.random()));tmp;}"): null&#xD;
&#xD;
2019-07-30 14:54:08 - [TEST_STEP][PASSED] - Address = selenium.getEval("{var x="ABCDEFGHIJKLMNOPQRSTUVWXYZabcdefghijklmnopqrstuvwxyz"; var tmp=""; for (i=0;i&lt;8;i++) tmp+=x.charAt(Math.ceil(51*Math.random()));tmp;}"): null&#xD;
&#xD;
2019-07-30 14:54:08 - [TEST_STEP][PASSED] - City = selenium.getEval("{var x="ABCDEFGHIJKLMNOPQRSTUVWXYZabcdefghijklmnopqrstuvwxyz"; var tmp=""; for (i=0;i&lt;8;i++) tmp+=x.charAt(Math.ceil(51*Math.random()));tmp;}"): null&#xD;
&#xD;
2019-07-30 14:54:08 - [TEST_STEP][PASSED] - tel1 = selenium.getEval("{var x="123456789"; var tmp=""; for (i=0;i&lt;3;i++) tmp+=x.charAt(Math.ceil(8*Math.random()));tmp;}"): null&#xD;
&#xD;
2019-07-30 14:54:08 - [TEST_STEP][PASSED] - tel2 = selenium.getEval("{var x="123456789"; var tmp=""; for (i=0;i&lt;3;i++) tmp+=x.charAt(Math.ceil(8*Math.random()));tmp;}"): null&#xD;
&#xD;
2019-07-30 14:54:08 - [TEST_STEP][PASSED] - tel3 = selenium.getEval("{var x="123456789"; var tmp=""; for (i=0;i&lt;4;i++) tmp+=x.charAt(Math.ceil(8*Math.random()));tmp;}"): null&#xD;
&#xD;
2019-07-30 14:54:08 - [TEST_STEP][PASSED] - Tel = selenium.getExpression(tel1 + "-" + tel2 + "-" + tel3): null&#xD;
&#xD;
2019-07-30 14:54:08 - [TEST_STEP][PASSED] - AutoEmail = selenium.getEval("{var x="ABCDEFGHIJKLMNOPQRSTUVWXYZabcdefghijklmnopqrstuvwxyz"; var tmp="test."; for (i=0;i&lt;8;i++) tmp+=x.charAt(Math.ceil(51*Math.random()));tmp+="@suryani.cn";}"): null&#xD;
&#xD;
2019-07-30 14:54:08 - [TEST_STEP][PASSED] - FirstName = FirstName: null&#xD;
&#xD;
2019-07-30 14:54:08 - [TEST_STEP][PASSED] - LastName = LastName: null&#xD;
&#xD;
2019-07-30 14:54:08 - [TEST_STEP][PASSED] - Address = Address: null&#xD;
&#xD;
2019-07-30 14:54:08 - [TEST_STEP][PASSED] - City = City: null&#xD;
&#xD;
2019-07-30 14:54:08 - [TEST_STEP][PASSED] - Tel = Tel: null&#xD;
&#xD;
2019-07-30 14:54:08 - [TEST_STEP][PASSED] - AutoEmail = AutoEmail: null&#xD;
&#xD;
2019-07-30 14:54:08 - [TEST_STEP][PASSED] - println(FirstName): null&#xD;
&#xD;
2019-07-30 14:54:08 - [TEST_STEP][PASSED] - println(LastName): null&#xD;
&#xD;
2019-07-30 14:54:08 - [TEST_STEP][PASSED] - println(Address): null&#xD;
&#xD;
2019-07-30 14:54:08 - [TEST_STEP][PASSED] - println(City): null&#xD;
&#xD;
2019-07-30 14:54:08 - [TEST_STEP][PASSED] - println(Tel): null&#xD;
&#xD;
2019-07-30 14:54:08 - [TEST_STEP][PASSED] - println(AutoEmail): null&#xD;
&#xD;
2019-07-30 14:54:08 - [MESSAGE][PASSED] - Call Test Case 'Test Cases/mobileWeb/_include/name' successfully&#xD;
&#xD;
2019-07-30 14:54:08 - [TEST_STEP][PASSED] - setText(findTestObject("mobileSanity/HBI/Page_App Page 1/input__member-P-1-firstName"), FirstName): Text 'Test-123' is set on object 'Object Repository/mobileSanity/HBI/Page_App Page 1/input__member-P-1-firstName'&#xD;
&#xD;
2019-07-30 14:54:08 - [MESSAGE][PASSED] - Text 'Test-123' is set on object 'Object Repository/mobileSanity/HBI/Page_App Page 1/input__member-P-1-firstName'&#xD;
&#xD;
2019-07-30 14:54:08 - [TEST_STEP][PASSED] - setText(findTestObject("mobileSanity/HBI/Page_App Page 1/input__member-P-1-lastName"), LastName): Text 'ZZ11-RIWpVjac' is set on object 'Object Repository/mobileSanity/HBI/Page_App Page 1/input__member-P-1-lastName'&#xD;
&#xD;
2019-07-30 14:54:09 - [MESSAGE][PASSED] - Text 'ZZ11-RIWpVjac' is set on object 'Object Repository/mobileSanity/HBI/Page_App Page 1/input__member-P-1-lastName'&#xD;
&#xD;
2019-07-30 14:54:09 - [TEST_STEP][PASSED] - if (carrier == "agileone" || carrier == "agilesecure"): null&#xD;
&#xD;
2019-07-30 14:54:09 - [TEST_STEP][PASSED] - setText(findTestObject("mobileSanity/HBI/Page_App Page 1/input__address"), Address): Text 'jjQkcNGx' is set on object 'Object Repository/mobileSanity/HBI/Page_App Page 1/input__address'&#xD;
&#xD;
2019-07-30 14:54:09 - [MESSAGE][PASSED] - Text 'jjQkcNGx' is set on object 'Object Repository/mobileSanity/HBI/Page_App Page 1/input__address'&#xD;
&#xD;
2019-07-30 14:54:09 - [TEST_STEP][PASSED] - setText(findTestObject("mobileSanity/HBI/Page_App Page 1/input__city"), City): Text 'UyRhWBwM' is set on object 'Object Repository/mobileSanity/HBI/Page_App Page 1/input__city'&#xD;
&#xD;
2019-07-30 14:54:09 - [MESSAGE][PASSED] - Text 'UyRhWBwM' is set on object 'Object Repository/mobileSanity/HBI/Page_App Page 1/input__city'&#xD;
&#xD;
2019-07-30 14:54:09 - [TEST_STEP][PASSED] - setText(findTestObject("mobileSanity/HBI/Page_App Page 1/input__email"), AutoEmail): Text 'test.xWfyrWuy@suryani.cn' is set on object 'Object Repository/mobileSanity/HBI/Page_App Page 1/input__email'&#xD;
&#xD;
2019-07-30 14:54:09 - [MESSAGE][PASSED] - Text 'test.xWfyrWuy@suryani.cn' is set on object 'Object Repository/mobileSanity/HBI/Page_App Page 1/input__email'&#xD;
&#xD;
2019-07-30 14:54:09 - [TEST_STEP][PASSED] - setText(findTestObject("mobileSanity/HBI/Page_App Page 1/input_tel"), Tel): Text '278-736-6475' is set on object 'Object Repository/mobileSanity/HBI/Page_App Page 1/input_tel'&#xD;
&#xD;
2019-07-30 14:54:10 - [MESSAGE][PASSED] - Text '278-736-6475' is set on object 'Object Repository/mobileSanity/HBI/Page_App Page 1/input_tel'&#xD;
&#xD;
2019-07-30 14:54:10 - [TEST_STEP][PASSED] - click(findTestObject("mobileSanity/HBI/Page_App Page 1/a_Continue to Step 2 - Payment")): Object: 'Object Repository/mobileSanity/HBI/Page_App Page 1/a_Continue to Step 2 - Payment' is clicked on&#xD;
&#xD;
2019-07-30 14:54:10 - [MESSAGE][PASSED] - Object: 'Object Repository/mobileSanity/HBI/Page_App Page 1/a_Continue to Step 2 - Payment' is clicked on&#xD;
&#xD;
2019-07-30 14:54:10 - [TEST_STEP][PASSED] - waitForPageLoad(10): Wait for page load successfully&#xD;
&#xD;
2019-07-30 14:54:10 - [MESSAGE][PASSED] - Wait for page load successfully&#xD;
&#xD;
2019-07-30 14:54:10 - [TEST_STEP][PASSED] - Thread.sleep(2000): null&#xD;
&#xD;
2019-07-30 14:54:12 - [TEST_STEP][PASSED] - callTestCase(findTestCase("mobileWeb/_include/get_screenshot"), [:], STOP_ON_FAILURE): Call Test Case 'Test Cases/mobileWeb/_include/get_screenshot' successfully&#xD;
&#xD;
2019-07-30 14:54:12 - [TEST_CASE][PASSED] - Test Cases/mobileWeb/_include/get_screenshot: Test Cases/mobileWeb/_include/get_screenshot&#xD;
&#xD;
2019-07-30 14:54:12 - [TEST_STEP][PASSED] - takeScreenshot(screenPath + i + ".png"): Taking screenshot successfully&#xD;
&#xD;
2019-07-30 14:54:13 - [MESSAGE][PASSED] - Taking screenshot successfully&#xD;
[[ATTACHMENT|D:\\Test\\AgileTest\\AgileTest\\Reports\\mobileWeb\\hbi\\20190730_144207\\../Screenshots/iPhone X/hbi/Health Choice/20190730_145328/6.png]]&#xD;
&#xD;
2019-07-30 14:54:13 - [TEST_STEP][PASSED] - (internal.GlobalVariable.i++): null&#xD;
&#xD;
2019-07-30 14:54:13 - [MESSAGE][PASSED] - Call Test Case 'Test Cases/mobileWeb/_include/get_screenshot' successfully&#xD;
&#xD;
2019-07-30 14:54:13 - [TEST_STEP][PASSED] - setText(findTestObject("mobileSanity/HBI/Page_App Page 2/input__credit-card-first"), FirstName): Text 'Test-123' is set on object 'Object Repository/mobileSanity/HBI/Page_App Page 2/input__credit-card-first'&#xD;
&#xD;
2019-07-30 14:54:13 - [MESSAGE][PASSED] - Text 'Test-123' is set on object 'Object Repository/mobileSanity/HBI/Page_App Page 2/input__credit-card-first'&#xD;
&#xD;
2019-07-30 14:54:13 - [TEST_STEP][PASSED] - setText(findTestObject("mobileSanity/HBI/Page_App Page 2/input__credit-card-last"), LastName): Text 'ZZ11-RIWpVjac' is set on object 'Object Repository/mobileSanity/HBI/Page_App Page 2/input__credit-card-last'&#xD;
&#xD;
2019-07-30 14:54:13 - [MESSAGE][PASSED] - Text 'ZZ11-RIWpVjac' is set on object 'Object Repository/mobileSanity/HBI/Page_App Page 2/input__credit-card-last'&#xD;
&#xD;
2019-07-30 14:54:13 - [TEST_STEP][PASSED] - selectOptionByValue(findTestObject("mobileSanity/HBI/Page_App Page 2/select_MM010203040506070809101"), "12", true): All options with value '12' are selected in object 'Object Repository/mobileSanity/HBI/Page_App Page 2/select_MM010203040506070809101'  using regular expression&#xD;
&#xD;
2019-07-30 14:54:13 - [MESSAGE][PASSED] - All options with value '12' are selected in object 'Object Repository/mobileSanity/HBI/Page_App Page 2/select_MM010203040506070809101'  using regular expression&#xD;
&#xD;
2019-07-30 14:54:13 - [TEST_STEP][PASSED] - selectOptionByValue(findTestObject("mobileSanity/HBI/Page_App Page 2/select_YYYY2019202020212022202"), "2026", true): All options with value '2026' are selected in object 'Object Repository/mobileSanity/HBI/Page_App Page 2/select_YYYY2019202020212022202'  using regular expression&#xD;
&#xD;
2019-07-30 14:54:14 - [MESSAGE][PASSED] - All options with value '2026' are selected in object 'Object Repository/mobileSanity/HBI/Page_App Page 2/select_YYYY2019202020212022202'  using regular expression&#xD;
&#xD;
2019-07-30 14:54:14 - [TEST_STEP][PASSED] - setText(findTestObject("mobileSanity/HBI/Page_App Page 2/input__credit-card-number"), "4111111111111111"): Text '4111111111111111' is set on object 'Object Repository/mobileSanity/HBI/Page_App Page 2/input__credit-card-number'&#xD;
&#xD;
2019-07-30 14:54:14 - [MESSAGE][PASSED] - Text '4111111111111111' is set on object 'Object Repository/mobileSanity/HBI/Page_App Page 2/input__credit-card-number'&#xD;
&#xD;
2019-07-30 14:54:14 - [TEST_STEP][PASSED] - setText(findTestObject("mobileSanity/HBI/Page_App Page 2/input__cvv"), "123"): Text '123' is set on object 'Object Repository/mobileSanity/HBI/Page_App Page 2/input__cvv'&#xD;
&#xD;
2019-07-30 14:54:14 - [MESSAGE][PASSED] - Text '123' is set on object 'Object Repository/mobileSanity/HBI/Page_App Page 2/input__cvv'&#xD;
&#xD;
2019-07-30 14:54:14 - [TEST_STEP][PASSED] - click(findTestObject("mobileSanity/HBI/Page_App Page 2/label_My billing address is th")): Object: 'Object Repository/mobileSanity/HBI/Page_App Page 2/label_My billing address is th' is clicked on&#xD;
&#xD;
2019-07-30 14:54:14 - [MESSAGE][PASSED] - Object: 'Object Repository/mobileSanity/HBI/Page_App Page 2/label_My billing address is th' is clicked on&#xD;
&#xD;
2019-07-30 14:54:14 - [TEST_STEP][PASSED] - click(findTestObject("mobileSanity/HBI/Page_App Page 2/label_I Accept Authorization f")): Object: 'Object Repository/mobileSanity/HBI/Page_App Page 2/label_I Accept Authorization f' is clicked on&#xD;
&#xD;
2019-07-30 14:54:14 - [MESSAGE][PASSED] - Object: 'Object Repository/mobileSanity/HBI/Page_App Page 2/label_I Accept Authorization f' is clicked on&#xD;
&#xD;
2019-07-30 14:54:14 - [TEST_STEP][PASSED] - click(findTestObject("mobileSanity/HBI/Page_App Page 2/a_Continue to Step 3 - Review")): Object: 'Object Repository/mobileSanity/HBI/Page_App Page 2/a_Continue to Step 3 - Review' is clicked on&#xD;
&#xD;
2019-07-30 14:54:14 - [MESSAGE][PASSED] - Object: 'Object Repository/mobileSanity/HBI/Page_App Page 2/a_Continue to Step 3 - Review' is clicked on&#xD;
&#xD;
2019-07-30 14:54:14 - [TEST_STEP][PASSED] - waitForPageLoad(10): Wait for page load successfully&#xD;
&#xD;
2019-07-30 14:54:14 - [MESSAGE][PASSED] - Wait for page load successfully&#xD;
&#xD;
2019-07-30 14:54:14 - [TEST_STEP][PASSED] - Thread.sleep(2000): null&#xD;
&#xD;
2019-07-30 14:54:16 - [TEST_STEP][PASSED] - callTestCase(findTestCase("mobileWeb/_include/get_screenshot"), [:], STOP_ON_FAILURE): Call Test Case 'Test Cases/mobileWeb/_include/get_screenshot' successfully&#xD;
&#xD;
2019-07-30 14:54:16 - [TEST_CASE][PASSED] - Test Cases/mobileWeb/_include/get_screenshot: Test Cases/mobileWeb/_include/get_screenshot&#xD;
&#xD;
2019-07-30 14:54:16 - [TEST_STEP][PASSED] - takeScreenshot(screenPath + i + ".png"): Taking screenshot successfully&#xD;
&#xD;
2019-07-30 14:54:19 - [MESSAGE][PASSED] - Taking screenshot successfully&#xD;
[[ATTACHMENT|D:\\Test\\AgileTest\\AgileTest\\Reports\\mobileWeb\\hbi\\20190730_144207\\../Screenshots/iPhone X/hbi/Health Choice/20190730_145328/7.png]]&#xD;
&#xD;
2019-07-30 14:54:19 - [TEST_STEP][PASSED] - (internal.GlobalVariable.i++): null&#xD;
&#xD;
2019-07-30 14:54:19 - [MESSAGE][PASSED] - Call Test Case 'Test Cases/mobileWeb/_include/get_screenshot' successfully&#xD;
&#xD;
2019-07-30 14:54:19 - [TEST_STEP][PASSED] - if (test.MobileKeywords.isElementPresent_Web(findTestObject("mobileSanity/HBI/Page_App Page 2/a_No Thanks"), 10)): test.MobileKeywords.isElementPresent_Web is PASSED&#xD;
&#xD;
2019-07-30 14:54:40 - [MESSAGE][INFO] - Unable to find the element located by 'By.xpath: //a[@type = 'submit' and (text() = 'No Thanks' or . = 'No Thanks')]'. Please recheck the objects properties to make sure the desired element is located. &#xD;
&#xD;
2019-07-30 14:54:40 - [MESSAGE][PASSED] - test.MobileKeywords.isElementPresent_Web is PASSED&#xD;
&#xD;
2019-07-30 14:54:40 - [TEST_STEP][PASSED] - waitForPageLoad(10): Wait for page load successfully&#xD;
&#xD;
2019-07-30 14:54:40 - [MESSAGE][PASSED] - Wait for page load successfully&#xD;
&#xD;
2019-07-30 14:54:40 - [TEST_STEP][PASSED] - click(findTestObject("mobileSanity/HBI/Page_App Page 3/label")): Object: 'Object Repository/mobileSanity/HBI/Page_App Page 3/label' is clicked on&#xD;
&#xD;
2019-07-30 14:54:40 - [MESSAGE][PASSED] - Object: 'Object Repository/mobileSanity/HBI/Page_App Page 3/label' is clicked on&#xD;
&#xD;
2019-07-30 14:54:40 - [TEST_STEP][PASSED] - click(findTestObject("mobileSanity/HBI/Page_App Page 3/p_CLICK TO SIGN")): Object: 'Object Repository/mobileSanity/HBI/Page_App Page 3/p_CLICK TO SIGN' is clicked on&#xD;
&#xD;
2019-07-30 14:54:40 - [MESSAGE][PASSED] - Object: 'Object Repository/mobileSanity/HBI/Page_App Page 3/p_CLICK TO SIGN' is clicked on&#xD;
&#xD;
2019-07-30 14:54:40 - [TEST_STEP][PASSED] - click(findTestObject("mobileSanity/HBI/Page_App Page 3/a_Submit Your Application")): Object: 'Object Repository/mobileSanity/HBI/Page_App Page 3/a_Submit Your Application' is clicked on&#xD;
&#xD;
2019-07-30 14:54:40 - [MESSAGE][PASSED] - Object: 'Object Repository/mobileSanity/HBI/Page_App Page 3/a_Submit Your Application' is clicked on&#xD;
&#xD;
2019-07-30 14:54:40 - [TEST_STEP][PASSED] - Thread.sleep(30000): null&#xD;
&#xD;
2019-07-30 14:55:10 - [TEST_STEP][PASSED] - callTestCase(findTestCase("mobileWeb/_include/get_screenshot"), [:], STOP_ON_FAILURE): Call Test Case 'Test Cases/mobileWeb/_include/get_screenshot' successfully&#xD;
&#xD;
2019-07-30 14:55:10 - [TEST_CASE][PASSED] - Test Cases/mobileWeb/_include/get_screenshot: Test Cases/mobileWeb/_include/get_screenshot&#xD;
&#xD;
2019-07-30 14:55:10 - [TEST_STEP][PASSED] - takeScreenshot(screenPath + i + ".png"): Taking screenshot successfully&#xD;
&#xD;
2019-07-30 14:55:17 - [MESSAGE][PASSED] - Taking screenshot successfully&#xD;
[[ATTACHMENT|D:\\Test\\AgileTest\\AgileTest\\Reports\\mobileWeb\\hbi\\20190730_144207\\../Screenshots/iPhone X/hbi/Health Choice/20190730_145328/8.png]]&#xD;
&#xD;
2019-07-30 14:55:17 - [TEST_STEP][PASSED] - (internal.GlobalVariable.i++): null&#xD;
&#xD;
2019-07-30 14:55:17 - [MESSAGE][PASSED] - Call Test Case 'Test Cases/mobileWeb/_include/get_screenshot' successfully&#xD;
&#xD;
2019-07-30 14:55:17 - [TEST_STEP][PASSED] - verifyTextPresent("Congratulations", false): Text 'Congratulations' is present on page &#xD;
&#xD;
2019-07-30 14:55:17 - [MESSAGE][PASSED] - Text 'Congratulations' is present on page &#xD;
&#xD;
2019-07-30 14:55:17 - [MESSAGE][PASSED] - Call Test Case 'Test Cases/mobileWeb/_include/goToEnd_hbi' successfully</system-out>
            <system-err></system-err>
        </testcase>
        <testcase name="Test Cases/mobileWeb/HBI/Vitala Care" classname="Test Cases/mobileWeb/HBI/Vitala Care" status="PASSED">
            <system-out>2019-07-30 14:55:17 - [TEST_CASE][PASSED] - Test Cases/mobileWeb/HBI/Vitala Care: Test Cases/mobileWeb/HBI/Vitala Care&#xD;
&#xD;
2019-07-30 14:55:17 - [TEST_STEP][PASSED] - callTestCase(findTestCase("mobileWeb/_include/get_screenPath"), ["productLine":"hbi", "carrierName":"Vitala Care"], CONTINUE_ON_FAILURE): Call Test Case 'Test Cases/mobileWeb/_include/get_screenPath' successfully&#xD;
&#xD;
2019-07-30 14:55:17 - [TEST_CASE][PASSED] - Test Cases/mobileWeb/_include/get_screenPath: Test Cases/mobileWeb/_include/get_screenPath&#xD;
&#xD;
2019-07-30 14:55:17 - [TEST_STEP][PASSED] - m = getExecutionProperties(): null&#xD;
&#xD;
2019-07-30 14:55:17 - [TEST_STEP][PASSED] - deviceName = get("mobileEmulation").get("deviceName"): null&#xD;
&#xD;
2019-07-30 14:55:17 - [TEST_STEP][PASSED] - println(deviceName): null&#xD;
&#xD;
2019-07-30 14:55:17 - [TEST_STEP][PASSED] - now = new java.util.Date(): null&#xD;
&#xD;
2019-07-30 14:55:17 - [TEST_STEP][PASSED] - mydate = now.format("yyyyMMdd_HHmmss"): null&#xD;
&#xD;
2019-07-30 14:55:17 - [TEST_STEP][PASSED] - screenPath = "../Screenshots/": null&#xD;
&#xD;
2019-07-30 14:55:17 - [TEST_STEP][PASSED] - screenPath = screenPath + deviceName + "/" + productLine + "/" + carrierName + "/" + mydate + "/": null&#xD;
&#xD;
2019-07-30 14:55:17 - [TEST_STEP][PASSED] - println(screenPath): null&#xD;
&#xD;
2019-07-30 14:55:17 - [MESSAGE][PASSED] - Call Test Case 'Test Cases/mobileWeb/_include/get_screenPath' successfully&#xD;
&#xD;
2019-07-30 14:55:17 - [TEST_STEP][PASSED] - i = 0: null&#xD;
&#xD;
2019-07-30 14:55:17 - [TEST_STEP][PASSED] - callTestCase(findTestCase("mobileWeb/_include/openWebSite"), [:], CONTINUE_ON_FAILURE): Call Test Case 'Test Cases/mobileWeb/_include/openWebSite' successfully&#xD;
&#xD;
2019-07-30 14:55:17 - [TEST_CASE][PASSED] - Test Cases/mobileWeb/_include/openWebSite: Test Cases/mobileWeb/_include/openWebSite&#xD;
&#xD;
2019-07-30 14:55:17 - [TEST_STEP][PASSED] - openBrowser(env): Browser is opened with url: 'https://praetemptatus.agilehealthinsurance.com'&#xD;
&#xD;
2019-07-30 14:55:17 - [MESSAGE][WARNING] - A browser is already opened. Closing browser and opening a new one&#xD;
&#xD;
2019-07-30 14:55:18 - [MESSAGE][INFO] - Starting 'Chrome' driver&#xD;
&#xD;
2019-07-30 14:55:18 - [MESSAGE][INFO] - User set preference: ['mobileEmulation', '{deviceName=iPhone X}']&#xD;
&#xD;
2019-07-30 14:55:18 - [MESSAGE][INFO] - User set preference: ['args', '[--incognito, --aggressive-cache-discard, --no-sandbox, --window-size=375,812]']&#xD;
&#xD;
2019-07-30 14:55:25 - [MESSAGE][PASSED] - Browser is opened with url: 'https://praetemptatus.agilehealthinsurance.com'&#xD;
&#xD;
2019-07-30 14:55:25 - [TEST_STEP][PASSED] - waitForPageLoad(10): Wait for page load successfully&#xD;
&#xD;
2019-07-30 14:55:25 - [MESSAGE][PASSED] - Wait for page load successfully&#xD;
&#xD;
2019-07-30 14:55:25 - [TEST_STEP][PASSED] - callTestCase(findTestCase("mobileWeb/_include/get_screenshot"), [:], STOP_ON_FAILURE): Call Test Case 'Test Cases/mobileWeb/_include/get_screenshot' successfully&#xD;
&#xD;
2019-07-30 14:55:25 - [TEST_CASE][PASSED] - Test Cases/mobileWeb/_include/get_screenshot: Test Cases/mobileWeb/_include/get_screenshot&#xD;
&#xD;
2019-07-30 14:55:25 - [TEST_STEP][PASSED] - takeScreenshot(screenPath + i + ".png"): Taking screenshot successfully&#xD;
&#xD;
2019-07-30 14:55:27 - [MESSAGE][PASSED] - Taking screenshot successfully&#xD;
[[ATTACHMENT|D:\\Test\\AgileTest\\AgileTest\\Reports\\mobileWeb\\hbi\\20190730_144207\\../Screenshots/iPhone X/hbi/Vitala Care/20190730_145517/0.png]]&#xD;
&#xD;
2019-07-30 14:55:27 - [TEST_STEP][PASSED] - (internal.GlobalVariable.i++): null&#xD;
&#xD;
2019-07-30 14:55:27 - [MESSAGE][PASSED] - Call Test Case 'Test Cases/mobileWeb/_include/get_screenshot' successfully&#xD;
&#xD;
2019-07-30 14:55:27 - [MESSAGE][PASSED] - Call Test Case 'Test Cases/mobileWeb/_include/openWebSite' successfully&#xD;
&#xD;
2019-07-30 14:55:27 - [TEST_STEP][PASSED] - callTestCase(findTestCase("mobileWeb/_include/census_hbi"), ["zipcode":"90011"], CONTINUE_ON_FAILURE): Call Test Case 'Test Cases/mobileWeb/_include/census_hbi' successfully&#xD;
&#xD;
2019-07-30 14:55:27 - [TEST_CASE][PASSED] - Test Cases/mobileWeb/_include/census_hbi: Test Cases/mobileWeb/_include/census_hbi&#xD;
&#xD;
2019-07-30 14:55:27 - [TEST_STEP][PASSED] - click(findTestObject("mobileSanity/Common/side_nav/menu")): Object: 'Object Repository/mobileSanity/Common/side_nav/menu' is clicked on&#xD;
&#xD;
2019-07-30 14:55:27 - [MESSAGE][PASSED] - Object: 'Object Repository/mobileSanity/Common/side_nav/menu' is clicked on&#xD;
&#xD;
2019-07-30 14:55:27 - [TEST_STEP][PASSED] - Thread.sleep(3000): null&#xD;
&#xD;
2019-07-30 14:55:30 - [TEST_STEP][PASSED] - click(findTestObject("mobileSanity/Common/side_nav/nav_hbi")): Object: 'Object Repository/mobileSanity/Common/side_nav/nav_hbi' is clicked on&#xD;
&#xD;
2019-07-30 14:55:33 - [MESSAGE][PASSED] - Object: 'Object Repository/mobileSanity/Common/side_nav/nav_hbi' is clicked on&#xD;
&#xD;
2019-07-30 14:55:33 - [TEST_STEP][PASSED] - waitForPageLoad(10): Wait for page load successfully&#xD;
&#xD;
2019-07-30 14:55:33 - [MESSAGE][PASSED] - Wait for page load successfully&#xD;
&#xD;
2019-07-30 14:55:33 - [TEST_STEP][PASSED] - callTestCase(findTestCase("mobileWeb/_include/get_screenshot"), [:], STOP_ON_FAILURE): Call Test Case 'Test Cases/mobileWeb/_include/get_screenshot' successfully&#xD;
&#xD;
2019-07-30 14:55:33 - [TEST_CASE][PASSED] - Test Cases/mobileWeb/_include/get_screenshot: Test Cases/mobileWeb/_include/get_screenshot&#xD;
&#xD;
2019-07-30 14:55:33 - [TEST_STEP][PASSED] - takeScreenshot(screenPath + i + ".png"): Taking screenshot successfully&#xD;
&#xD;
2019-07-30 14:55:34 - [MESSAGE][PASSED] - Taking screenshot successfully&#xD;
[[ATTACHMENT|D:\\Test\\AgileTest\\AgileTest\\Reports\\mobileWeb\\hbi\\20190730_144207\\../Screenshots/iPhone X/hbi/Vitala Care/20190730_145517/1.png]]&#xD;
&#xD;
2019-07-30 14:55:34 - [TEST_STEP][PASSED] - (internal.GlobalVariable.i++): null&#xD;
&#xD;
2019-07-30 14:55:34 - [MESSAGE][PASSED] - Call Test Case 'Test Cases/mobileWeb/_include/get_screenshot' successfully&#xD;
&#xD;
2019-07-30 14:55:34 - [TEST_STEP][PASSED] - setText(findTestObject("mobileSanity/HBI/census/input_Location_zip-input"), zipcode): Text '90011' is set on object 'Object Repository/mobileSanity/HBI/census/input_Location_zip-input'&#xD;
&#xD;
2019-07-30 14:55:34 - [MESSAGE][PASSED] - Text '90011' is set on object 'Object Repository/mobileSanity/HBI/census/input_Location_zip-input'&#xD;
&#xD;
2019-07-30 14:55:34 - [TEST_STEP][PASSED] - Thread.sleep(500): null&#xD;
&#xD;
2019-07-30 14:55:35 - [TEST_STEP][PASSED] - setText(findTestObject("mobileSanity/HBI/census/input_Date of Birth_dob-0"), "12121980"): Text '12121980' is set on object 'Object Repository/mobileSanity/HBI/census/input_Date of Birth_dob-0'&#xD;
&#xD;
2019-07-30 14:55:35 - [MESSAGE][PASSED] - Text '12121980' is set on object 'Object Repository/mobileSanity/HBI/census/input_Date of Birth_dob-0'&#xD;
&#xD;
2019-07-30 14:55:35 - [TEST_STEP][PASSED] - click(findTestObject("mobileSanity/HBI/census/label_Male")): Object: 'Object Repository/mobileSanity/HBI/census/label_Male' is clicked on&#xD;
&#xD;
2019-07-30 14:55:35 - [MESSAGE][PASSED] - Object: 'Object Repository/mobileSanity/HBI/census/label_Male' is clicked on&#xD;
&#xD;
2019-07-30 14:55:35 - [TEST_STEP][PASSED] - click(findTestObject("mobileSanity/HBI/census/label_Get a Quote")): Object: 'Object Repository/mobileSanity/HBI/census/label_Get a Quote' is clicked on&#xD;
&#xD;
2019-07-30 14:55:35 - [MESSAGE][PASSED] - Object: 'Object Repository/mobileSanity/HBI/census/label_Get a Quote' is clicked on&#xD;
&#xD;
2019-07-30 14:55:35 - [TEST_STEP][PASSED] - waitForPageLoad(10): Wait for page load successfully&#xD;
&#xD;
2019-07-30 14:55:36 - [MESSAGE][PASSED] - Wait for page load successfully&#xD;
&#xD;
2019-07-30 14:55:36 - [TEST_STEP][PASSED] - callTestCase(findTestCase("mobileWeb/_include/get_screenshot"), [:], STOP_ON_FAILURE): Call Test Case 'Test Cases/mobileWeb/_include/get_screenshot' successfully&#xD;
&#xD;
2019-07-30 14:55:36 - [TEST_CASE][PASSED] - Test Cases/mobileWeb/_include/get_screenshot: Test Cases/mobileWeb/_include/get_screenshot&#xD;
&#xD;
2019-07-30 14:55:36 - [TEST_STEP][PASSED] - takeScreenshot(screenPath + i + ".png"): Taking screenshot successfully&#xD;
&#xD;
2019-07-30 14:55:40 - [MESSAGE][PASSED] - Taking screenshot successfully&#xD;
[[ATTACHMENT|D:\\Test\\AgileTest\\AgileTest\\Reports\\mobileWeb\\hbi\\20190730_144207\\../Screenshots/iPhone X/hbi/Vitala Care/20190730_145517/2.png]]&#xD;
&#xD;
2019-07-30 14:55:40 - [TEST_STEP][PASSED] - (internal.GlobalVariable.i++): null&#xD;
&#xD;
2019-07-30 14:55:40 - [MESSAGE][PASSED] - Call Test Case 'Test Cases/mobileWeb/_include/get_screenshot' successfully&#xD;
&#xD;
2019-07-30 14:55:40 - [MESSAGE][PASSED] - Call Test Case 'Test Cases/mobileWeb/_include/census_hbi' successfully&#xD;
&#xD;
2019-07-30 14:55:40 - [TEST_STEP][PASSED] - Thread.sleep(5000): null&#xD;
&#xD;
2019-07-30 14:55:45 - [TEST_STEP][PASSED] - scrollToPosition(200, 2300): Browser is scrolled to position x = 200, y = 2300&#xD;
&#xD;
2019-07-30 14:55:45 - [MESSAGE][PASSED] - Browser is scrolled to position x = 200, y = 2300&#xD;
&#xD;
2019-07-30 14:55:45 - [TEST_STEP][PASSED] - click(findTestObject("mobileSanity/HBI/quote/a_Vitala Care")): Object: 'Object Repository/mobileSanity/HBI/quote/a_Vitala Care' is clicked on&#xD;
&#xD;
2019-07-30 14:55:49 - [MESSAGE][PASSED] - Object: 'Object Repository/mobileSanity/HBI/quote/a_Vitala Care' is clicked on&#xD;
&#xD;
2019-07-30 14:55:49 - [TEST_STEP][PASSED] - waitForPageLoad(10): Wait for page load successfully&#xD;
&#xD;
2019-07-30 14:55:49 - [MESSAGE][PASSED] - Wait for page load successfully&#xD;
&#xD;
2019-07-30 14:55:49 - [TEST_STEP][PASSED] - callTestCase(findTestCase("mobileWeb/_include/get_screenshot"), [:], STOP_ON_FAILURE): Call Test Case 'Test Cases/mobileWeb/_include/get_screenshot' successfully&#xD;
&#xD;
2019-07-30 14:55:49 - [TEST_CASE][PASSED] - Test Cases/mobileWeb/_include/get_screenshot: Test Cases/mobileWeb/_include/get_screenshot&#xD;
&#xD;
2019-07-30 14:55:49 - [TEST_STEP][PASSED] - takeScreenshot(screenPath + i + ".png"): Taking screenshot successfully&#xD;
&#xD;
2019-07-30 14:55:50 - [MESSAGE][PASSED] - Taking screenshot successfully&#xD;
[[ATTACHMENT|D:\\Test\\AgileTest\\AgileTest\\Reports\\mobileWeb\\hbi\\20190730_144207\\../Screenshots/iPhone X/hbi/Vitala Care/20190730_145517/3.png]]&#xD;
&#xD;
2019-07-30 14:55:50 - [TEST_STEP][PASSED] - (internal.GlobalVariable.i++): null&#xD;
&#xD;
2019-07-30 14:55:50 - [MESSAGE][PASSED] - Call Test Case 'Test Cases/mobileWeb/_include/get_screenshot' successfully&#xD;
&#xD;
2019-07-30 14:55:50 - [TEST_STEP][PASSED] - click(findTestObject("mobileSanity/HBI/detail/a_Apply for This Plan")): Object: 'Object Repository/mobileSanity/HBI/detail/a_Apply for This Plan' is clicked on&#xD;
&#xD;
2019-07-30 14:55:52 - [MESSAGE][PASSED] - Object: 'Object Repository/mobileSanity/HBI/detail/a_Apply for This Plan' is clicked on&#xD;
&#xD;
2019-07-30 14:55:52 - [TEST_STEP][PASSED] - waitForPageLoad(10): Wait for page load successfully&#xD;
&#xD;
2019-07-30 14:55:52 - [MESSAGE][PASSED] - Wait for page load successfully&#xD;
&#xD;
2019-07-30 14:55:52 - [TEST_STEP][PASSED] - callTestCase(findTestCase("mobileWeb/_include/get_screenshot"), [:], STOP_ON_FAILURE): Call Test Case 'Test Cases/mobileWeb/_include/get_screenshot' successfully&#xD;
&#xD;
2019-07-30 14:55:52 - [TEST_CASE][PASSED] - Test Cases/mobileWeb/_include/get_screenshot: Test Cases/mobileWeb/_include/get_screenshot&#xD;
&#xD;
2019-07-30 14:55:52 - [TEST_STEP][PASSED] - takeScreenshot(screenPath + i + ".png"): Taking screenshot successfully&#xD;
&#xD;
2019-07-30 14:55:53 - [MESSAGE][PASSED] - Taking screenshot successfully&#xD;
[[ATTACHMENT|D:\\Test\\AgileTest\\AgileTest\\Reports\\mobileWeb\\hbi\\20190730_144207\\../Screenshots/iPhone X/hbi/Vitala Care/20190730_145517/4.png]]&#xD;
&#xD;
2019-07-30 14:55:53 - [TEST_STEP][PASSED] - (internal.GlobalVariable.i++): null&#xD;
&#xD;
2019-07-30 14:55:53 - [MESSAGE][PASSED] - Call Test Case 'Test Cases/mobileWeb/_include/get_screenshot' successfully&#xD;
&#xD;
2019-07-30 14:55:53 - [TEST_STEP][PASSED] - click(findTestObject("mobileSanity/HBI/Page_Apply/span_Start Secure Application")): Object: 'Object Repository/mobileSanity/HBI/Page_Apply/span_Start Secure Application' is clicked on&#xD;
&#xD;
2019-07-30 14:55:55 - [MESSAGE][PASSED] - Object: 'Object Repository/mobileSanity/HBI/Page_Apply/span_Start Secure Application' is clicked on&#xD;
&#xD;
2019-07-30 14:55:55 - [TEST_STEP][PASSED] - waitForPageLoad(10): Wait for page load successfully&#xD;
&#xD;
2019-07-30 14:55:55 - [MESSAGE][PASSED] - Wait for page load successfully&#xD;
&#xD;
2019-07-30 14:55:55 - [TEST_STEP][PASSED] - callTestCase(findTestCase("mobileWeb/_include/get_screenshot"), [:], STOP_ON_FAILURE): Call Test Case 'Test Cases/mobileWeb/_include/get_screenshot' successfully&#xD;
&#xD;
2019-07-30 14:55:55 - [TEST_CASE][PASSED] - Test Cases/mobileWeb/_include/get_screenshot: Test Cases/mobileWeb/_include/get_screenshot&#xD;
&#xD;
2019-07-30 14:55:55 - [TEST_STEP][PASSED] - takeScreenshot(screenPath + i + ".png"): Taking screenshot successfully&#xD;
&#xD;
2019-07-30 14:55:56 - [MESSAGE][PASSED] - Taking screenshot successfully&#xD;
[[ATTACHMENT|D:\\Test\\AgileTest\\AgileTest\\Reports\\mobileWeb\\hbi\\20190730_144207\\../Screenshots/iPhone X/hbi/Vitala Care/20190730_145517/5.png]]&#xD;
&#xD;
2019-07-30 14:55:56 - [TEST_STEP][PASSED] - (internal.GlobalVariable.i++): null&#xD;
&#xD;
2019-07-30 14:55:56 - [MESSAGE][PASSED] - Call Test Case 'Test Cases/mobileWeb/_include/get_screenshot' successfully&#xD;
&#xD;
2019-07-30 14:55:56 - [TEST_STEP][PASSED] - callTestCase(findTestCase("mobileWeb/_include/goToEnd_hbi"), ["state":"ca", "carrier":"vitalacare"], CONTINUE_ON_FAILURE): Call Test Case 'Test Cases/mobileWeb/_include/goToEnd_hbi' successfully&#xD;
&#xD;
2019-07-30 14:55:56 - [TEST_CASE][PASSED] - Test Cases/mobileWeb/_include/goToEnd_hbi: Test Cases/mobileWeb/_include/goToEnd_hbi&#xD;
&#xD;
2019-07-30 14:55:56 - [TEST_STEP][PASSED] - if (state == "ca"): Wait for page load successfully&#xD;
&#xD;
2019-07-30 14:55:56 - [TEST_STEP][PASSED] - Thread.sleep(3000): null&#xD;
&#xD;
2019-07-30 14:55:59 - [TEST_STEP][PASSED] - click(findTestObject("mobileSanity/HBI/Page_App Page 1/yes_question_1")): Object: 'Object Repository/mobileSanity/HBI/Page_App Page 1/yes_question_1' is clicked on&#xD;
&#xD;
2019-07-30 14:55:59 - [MESSAGE][PASSED] - Object: 'Object Repository/mobileSanity/HBI/Page_App Page 1/yes_question_1' is clicked on&#xD;
&#xD;
2019-07-30 14:55:59 - [TEST_STEP][PASSED] - click(findTestObject("mobileSanity/HBI/Page_App Page 1/continue_to_app_info")): Object: 'Object Repository/mobileSanity/HBI/Page_App Page 1/continue_to_app_info' is clicked on&#xD;
&#xD;
2019-07-30 14:55:59 - [MESSAGE][PASSED] - Object: 'Object Repository/mobileSanity/HBI/Page_App Page 1/continue_to_app_info' is clicked on&#xD;
&#xD;
2019-07-30 14:55:59 - [TEST_STEP][PASSED] - waitForPageLoad(20): Wait for page load successfully&#xD;
&#xD;
2019-07-30 14:55:59 - [MESSAGE][PASSED] - Wait for page load successfully&#xD;
&#xD;
2019-07-30 14:55:59 - [TEST_STEP][PASSED] - callTestCase(findTestCase("mobileWeb/_include/name"), [:], CONTINUE_ON_FAILURE): Call Test Case 'Test Cases/mobileWeb/_include/name' successfully&#xD;
&#xD;
2019-07-30 14:55:59 - [TEST_CASE][PASSED] - Test Cases/mobileWeb/_include/name: Test Cases/mobileWeb/_include/name&#xD;
&#xD;
2019-07-30 14:55:59 - [TEST_STEP][PASSED] - driver = getWebDriver(): null&#xD;
&#xD;
2019-07-30 14:55:59 - [TEST_STEP][PASSED] - selenium = new com.thoughtworks.selenium.webdriven.WebDriverBackedSelenium(driver, internal.GlobalVariable.ENV): null&#xD;
&#xD;
2019-07-30 14:55:59 - [TEST_STEP][PASSED] - FirstName = "Test-123": null&#xD;
&#xD;
2019-07-30 14:55:59 - [TEST_STEP][PASSED] - LastName = selenium.getEval("{var x="ABCDEFGHIJKLMNOPQRSTUVWXYZabcdefghijklmnopqrstuvwxyz"; var tmp="ZZ11-"; for (i=0;i&lt;8;i++) tmp+=x.charAt(Math.ceil(51*Math.random()));tmp;}"): null&#xD;
&#xD;
2019-07-30 14:55:59 - [TEST_STEP][PASSED] - Address = selenium.getEval("{var x="ABCDEFGHIJKLMNOPQRSTUVWXYZabcdefghijklmnopqrstuvwxyz"; var tmp=""; for (i=0;i&lt;8;i++) tmp+=x.charAt(Math.ceil(51*Math.random()));tmp;}"): null&#xD;
&#xD;
2019-07-30 14:55:59 - [TEST_STEP][PASSED] - City = selenium.getEval("{var x="ABCDEFGHIJKLMNOPQRSTUVWXYZabcdefghijklmnopqrstuvwxyz"; var tmp=""; for (i=0;i&lt;8;i++) tmp+=x.charAt(Math.ceil(51*Math.random()));tmp;}"): null&#xD;
&#xD;
2019-07-30 14:55:59 - [TEST_STEP][PASSED] - tel1 = selenium.getEval("{var x="123456789"; var tmp=""; for (i=0;i&lt;3;i++) tmp+=x.charAt(Math.ceil(8*Math.random()));tmp;}"): null&#xD;
&#xD;
2019-07-30 14:55:59 - [TEST_STEP][PASSED] - tel2 = selenium.getEval("{var x="123456789"; var tmp=""; for (i=0;i&lt;3;i++) tmp+=x.charAt(Math.ceil(8*Math.random()));tmp;}"): null&#xD;
&#xD;
2019-07-30 14:55:59 - [TEST_STEP][PASSED] - tel3 = selenium.getEval("{var x="123456789"; var tmp=""; for (i=0;i&lt;4;i++) tmp+=x.charAt(Math.ceil(8*Math.random()));tmp;}"): null&#xD;
&#xD;
2019-07-30 14:55:59 - [TEST_STEP][PASSED] - Tel = selenium.getExpression(tel1 + "-" + tel2 + "-" + tel3): null&#xD;
&#xD;
2019-07-30 14:55:59 - [TEST_STEP][PASSED] - AutoEmail = selenium.getEval("{var x="ABCDEFGHIJKLMNOPQRSTUVWXYZabcdefghijklmnopqrstuvwxyz"; var tmp="test."; for (i=0;i&lt;8;i++) tmp+=x.charAt(Math.ceil(51*Math.random()));tmp+="@suryani.cn";}"): null&#xD;
&#xD;
2019-07-30 14:55:59 - [TEST_STEP][PASSED] - FirstName = FirstName: null&#xD;
&#xD;
2019-07-30 14:55:59 - [TEST_STEP][PASSED] - LastName = LastName: null&#xD;
&#xD;
2019-07-30 14:55:59 - [TEST_STEP][PASSED] - Address = Address: null&#xD;
&#xD;
2019-07-30 14:55:59 - [TEST_STEP][PASSED] - City = City: null&#xD;
&#xD;
2019-07-30 14:55:59 - [TEST_STEP][PASSED] - Tel = Tel: null&#xD;
&#xD;
2019-07-30 14:55:59 - [TEST_STEP][PASSED] - AutoEmail = AutoEmail: null&#xD;
&#xD;
2019-07-30 14:55:59 - [TEST_STEP][PASSED] - println(FirstName): null&#xD;
&#xD;
2019-07-30 14:55:59 - [TEST_STEP][PASSED] - println(LastName): null&#xD;
&#xD;
2019-07-30 14:55:59 - [TEST_STEP][PASSED] - println(Address): null&#xD;
&#xD;
2019-07-30 14:55:59 - [TEST_STEP][PASSED] - println(City): null&#xD;
&#xD;
2019-07-30 14:55:59 - [TEST_STEP][PASSED] - println(Tel): null&#xD;
&#xD;
2019-07-30 14:55:59 - [TEST_STEP][PASSED] - println(AutoEmail): null&#xD;
&#xD;
2019-07-30 14:55:59 - [MESSAGE][PASSED] - Call Test Case 'Test Cases/mobileWeb/_include/name' successfully&#xD;
&#xD;
2019-07-30 14:55:59 - [TEST_STEP][PASSED] - setText(findTestObject("mobileSanity/HBI/Page_App Page 1/input__member-P-1-firstName"), FirstName): Text 'Test-123' is set on object 'Object Repository/mobileSanity/HBI/Page_App Page 1/input__member-P-1-firstName'&#xD;
&#xD;
2019-07-30 14:56:01 - [MESSAGE][PASSED] - Text 'Test-123' is set on object 'Object Repository/mobileSanity/HBI/Page_App Page 1/input__member-P-1-firstName'&#xD;
&#xD;
2019-07-30 14:56:01 - [TEST_STEP][PASSED] - setText(findTestObject("mobileSanity/HBI/Page_App Page 1/input__member-P-1-lastName"), LastName): Text 'ZZ11-XFQEnyHS' is set on object 'Object Repository/mobileSanity/HBI/Page_App Page 1/input__member-P-1-lastName'&#xD;
&#xD;
2019-07-30 14:56:01 - [MESSAGE][PASSED] - Text 'ZZ11-XFQEnyHS' is set on object 'Object Repository/mobileSanity/HBI/Page_App Page 1/input__member-P-1-lastName'&#xD;
&#xD;
2019-07-30 14:56:01 - [TEST_STEP][PASSED] - if (carrier == "agileone" || carrier == "agilesecure"): null&#xD;
&#xD;
2019-07-30 14:56:01 - [TEST_STEP][PASSED] - setText(findTestObject("mobileSanity/HBI/Page_App Page 1/input__address"), Address): Text 'DetlQuCK' is set on object 'Object Repository/mobileSanity/HBI/Page_App Page 1/input__address'&#xD;
&#xD;
2019-07-30 14:56:01 - [MESSAGE][PASSED] - Text 'DetlQuCK' is set on object 'Object Repository/mobileSanity/HBI/Page_App Page 1/input__address'&#xD;
&#xD;
2019-07-30 14:56:01 - [TEST_STEP][PASSED] - setText(findTestObject("mobileSanity/HBI/Page_App Page 1/input__city"), City): Text 'rJzTbguv' is set on object 'Object Repository/mobileSanity/HBI/Page_App Page 1/input__city'&#xD;
&#xD;
2019-07-30 14:56:01 - [MESSAGE][PASSED] - Text 'rJzTbguv' is set on object 'Object Repository/mobileSanity/HBI/Page_App Page 1/input__city'&#xD;
&#xD;
2019-07-30 14:56:01 - [TEST_STEP][PASSED] - setText(findTestObject("mobileSanity/HBI/Page_App Page 1/input__email"), AutoEmail): Text 'test.VSGEacBi@suryani.cn' is set on object 'Object Repository/mobileSanity/HBI/Page_App Page 1/input__email'&#xD;
&#xD;
2019-07-30 14:56:02 - [MESSAGE][PASSED] - Text 'test.VSGEacBi@suryani.cn' is set on object 'Object Repository/mobileSanity/HBI/Page_App Page 1/input__email'&#xD;
&#xD;
2019-07-30 14:56:02 - [TEST_STEP][PASSED] - setText(findTestObject("mobileSanity/HBI/Page_App Page 1/input_tel"), Tel): Text '236-934-4293' is set on object 'Object Repository/mobileSanity/HBI/Page_App Page 1/input_tel'&#xD;
&#xD;
2019-07-30 14:56:02 - [MESSAGE][PASSED] - Text '236-934-4293' is set on object 'Object Repository/mobileSanity/HBI/Page_App Page 1/input_tel'&#xD;
&#xD;
2019-07-30 14:56:02 - [TEST_STEP][PASSED] - click(findTestObject("mobileSanity/HBI/Page_App Page 1/a_Continue to Step 2 - Payment")): Object: 'Object Repository/mobileSanity/HBI/Page_App Page 1/a_Continue to Step 2 - Payment' is clicked on&#xD;
&#xD;
2019-07-30 14:56:02 - [MESSAGE][PASSED] - Object: 'Object Repository/mobileSanity/HBI/Page_App Page 1/a_Continue to Step 2 - Payment' is clicked on&#xD;
&#xD;
2019-07-30 14:56:02 - [TEST_STEP][PASSED] - waitForPageLoad(10): Wait for page load successfully&#xD;
&#xD;
2019-07-30 14:56:02 - [MESSAGE][PASSED] - Wait for page load successfully&#xD;
&#xD;
2019-07-30 14:56:02 - [TEST_STEP][PASSED] - Thread.sleep(2000): null&#xD;
&#xD;
2019-07-30 14:56:04 - [TEST_STEP][PASSED] - callTestCase(findTestCase("mobileWeb/_include/get_screenshot"), [:], STOP_ON_FAILURE): Call Test Case 'Test Cases/mobileWeb/_include/get_screenshot' successfully&#xD;
&#xD;
2019-07-30 14:56:04 - [TEST_CASE][PASSED] - Test Cases/mobileWeb/_include/get_screenshot: Test Cases/mobileWeb/_include/get_screenshot&#xD;
&#xD;
2019-07-30 14:56:04 - [TEST_STEP][PASSED] - takeScreenshot(screenPath + i + ".png"): Taking screenshot successfully&#xD;
&#xD;
2019-07-30 14:56:05 - [MESSAGE][PASSED] - Taking screenshot successfully&#xD;
[[ATTACHMENT|D:\\Test\\AgileTest\\AgileTest\\Reports\\mobileWeb\\hbi\\20190730_144207\\../Screenshots/iPhone X/hbi/Vitala Care/20190730_145517/6.png]]&#xD;
&#xD;
2019-07-30 14:56:05 - [TEST_STEP][PASSED] - (internal.GlobalVariable.i++): null&#xD;
&#xD;
2019-07-30 14:56:05 - [MESSAGE][PASSED] - Call Test Case 'Test Cases/mobileWeb/_include/get_screenshot' successfully&#xD;
&#xD;
2019-07-30 14:56:05 - [TEST_STEP][PASSED] - setText(findTestObject("mobileSanity/HBI/Page_App Page 2/input__credit-card-first"), FirstName): Text 'Test-123' is set on object 'Object Repository/mobileSanity/HBI/Page_App Page 2/input__credit-card-first'&#xD;
&#xD;
2019-07-30 14:56:05 - [MESSAGE][PASSED] - Text 'Test-123' is set on object 'Object Repository/mobileSanity/HBI/Page_App Page 2/input__credit-card-first'&#xD;
&#xD;
2019-07-30 14:56:05 - [TEST_STEP][PASSED] - setText(findTestObject("mobileSanity/HBI/Page_App Page 2/input__credit-card-last"), LastName): Text 'ZZ11-XFQEnyHS' is set on object 'Object Repository/mobileSanity/HBI/Page_App Page 2/input__credit-card-last'&#xD;
&#xD;
2019-07-30 14:56:05 - [MESSAGE][PASSED] - Text 'ZZ11-XFQEnyHS' is set on object 'Object Repository/mobileSanity/HBI/Page_App Page 2/input__credit-card-last'&#xD;
&#xD;
2019-07-30 14:56:05 - [TEST_STEP][PASSED] - selectOptionByValue(findTestObject("mobileSanity/HBI/Page_App Page 2/select_MM010203040506070809101"), "12", true): All options with value '12' are selected in object 'Object Repository/mobileSanity/HBI/Page_App Page 2/select_MM010203040506070809101'  using regular expression&#xD;
&#xD;
2019-07-30 14:56:06 - [MESSAGE][PASSED] - All options with value '12' are selected in object 'Object Repository/mobileSanity/HBI/Page_App Page 2/select_MM010203040506070809101'  using regular expression&#xD;
&#xD;
2019-07-30 14:56:06 - [TEST_STEP][PASSED] - selectOptionByValue(findTestObject("mobileSanity/HBI/Page_App Page 2/select_YYYY2019202020212022202"), "2026", true): All options with value '2026' are selected in object 'Object Repository/mobileSanity/HBI/Page_App Page 2/select_YYYY2019202020212022202'  using regular expression&#xD;
&#xD;
2019-07-30 14:56:06 - [MESSAGE][PASSED] - All options with value '2026' are selected in object 'Object Repository/mobileSanity/HBI/Page_App Page 2/select_YYYY2019202020212022202'  using regular expression&#xD;
&#xD;
2019-07-30 14:56:06 - [TEST_STEP][PASSED] - setText(findTestObject("mobileSanity/HBI/Page_App Page 2/input__credit-card-number"), "4111111111111111"): Text '4111111111111111' is set on object 'Object Repository/mobileSanity/HBI/Page_App Page 2/input__credit-card-number'&#xD;
&#xD;
2019-07-30 14:56:06 - [MESSAGE][PASSED] - Text '4111111111111111' is set on object 'Object Repository/mobileSanity/HBI/Page_App Page 2/input__credit-card-number'&#xD;
&#xD;
2019-07-30 14:56:06 - [TEST_STEP][PASSED] - setText(findTestObject("mobileSanity/HBI/Page_App Page 2/input__cvv"), "123"): Text '123' is set on object 'Object Repository/mobileSanity/HBI/Page_App Page 2/input__cvv'&#xD;
&#xD;
2019-07-30 14:56:06 - [MESSAGE][PASSED] - Text '123' is set on object 'Object Repository/mobileSanity/HBI/Page_App Page 2/input__cvv'&#xD;
&#xD;
2019-07-30 14:56:06 - [TEST_STEP][PASSED] - click(findTestObject("mobileSanity/HBI/Page_App Page 2/label_My billing address is th")): Object: 'Object Repository/mobileSanity/HBI/Page_App Page 2/label_My billing address is th' is clicked on&#xD;
&#xD;
2019-07-30 14:56:07 - [MESSAGE][PASSED] - Object: 'Object Repository/mobileSanity/HBI/Page_App Page 2/label_My billing address is th' is clicked on&#xD;
&#xD;
2019-07-30 14:56:07 - [TEST_STEP][PASSED] - click(findTestObject("mobileSanity/HBI/Page_App Page 2/label_I Accept Authorization f")): Object: 'Object Repository/mobileSanity/HBI/Page_App Page 2/label_I Accept Authorization f' is clicked on&#xD;
&#xD;
2019-07-30 14:56:07 - [MESSAGE][PASSED] - Object: 'Object Repository/mobileSanity/HBI/Page_App Page 2/label_I Accept Authorization f' is clicked on&#xD;
&#xD;
2019-07-30 14:56:07 - [TEST_STEP][PASSED] - click(findTestObject("mobileSanity/HBI/Page_App Page 2/a_Continue to Step 3 - Review")): Object: 'Object Repository/mobileSanity/HBI/Page_App Page 2/a_Continue to Step 3 - Review' is clicked on&#xD;
&#xD;
2019-07-30 14:56:07 - [MESSAGE][PASSED] - Object: 'Object Repository/mobileSanity/HBI/Page_App Page 2/a_Continue to Step 3 - Review' is clicked on&#xD;
&#xD;
2019-07-30 14:56:07 - [TEST_STEP][PASSED] - waitForPageLoad(10): Wait for page load successfully&#xD;
&#xD;
2019-07-30 14:56:07 - [MESSAGE][PASSED] - Wait for page load successfully&#xD;
&#xD;
2019-07-30 14:56:07 - [TEST_STEP][PASSED] - Thread.sleep(2000): null&#xD;
&#xD;
2019-07-30 14:56:09 - [TEST_STEP][PASSED] - callTestCase(findTestCase("mobileWeb/_include/get_screenshot"), [:], STOP_ON_FAILURE): Call Test Case 'Test Cases/mobileWeb/_include/get_screenshot' successfully&#xD;
&#xD;
2019-07-30 14:56:09 - [TEST_CASE][PASSED] - Test Cases/mobileWeb/_include/get_screenshot: Test Cases/mobileWeb/_include/get_screenshot&#xD;
&#xD;
2019-07-30 14:56:09 - [TEST_STEP][PASSED] - takeScreenshot(screenPath + i + ".png"): Taking screenshot successfully&#xD;
&#xD;
2019-07-30 14:56:11 - [MESSAGE][PASSED] - Taking screenshot successfully&#xD;
[[ATTACHMENT|D:\\Test\\AgileTest\\AgileTest\\Reports\\mobileWeb\\hbi\\20190730_144207\\../Screenshots/iPhone X/hbi/Vitala Care/20190730_145517/7.png]]&#xD;
&#xD;
2019-07-30 14:56:11 - [TEST_STEP][PASSED] - (internal.GlobalVariable.i++): null&#xD;
&#xD;
2019-07-30 14:56:11 - [MESSAGE][PASSED] - Call Test Case 'Test Cases/mobileWeb/_include/get_screenshot' successfully&#xD;
&#xD;
2019-07-30 14:56:11 - [TEST_STEP][PASSED] - if (test.MobileKeywords.isElementPresent_Web(findTestObject("mobileSanity/HBI/Page_App Page 2/a_No Thanks"), 10)): test.MobileKeywords.isElementPresent_Web is PASSED&#xD;
&#xD;
2019-07-30 14:56:33 - [MESSAGE][INFO] - Unable to find the element located by 'By.xpath: //a[@type = 'submit' and (text() = 'No Thanks' or . = 'No Thanks')]'. Please recheck the objects properties to make sure the desired element is located. &#xD;
&#xD;
2019-07-30 14:56:33 - [MESSAGE][PASSED] - test.MobileKeywords.isElementPresent_Web is PASSED&#xD;
&#xD;
2019-07-30 14:56:33 - [TEST_STEP][PASSED] - waitForPageLoad(10): Wait for page load successfully&#xD;
&#xD;
2019-07-30 14:56:33 - [MESSAGE][PASSED] - Wait for page load successfully&#xD;
&#xD;
2019-07-30 14:56:33 - [TEST_STEP][PASSED] - click(findTestObject("mobileSanity/HBI/Page_App Page 3/label")): Object: 'Object Repository/mobileSanity/HBI/Page_App Page 3/label' is clicked on&#xD;
&#xD;
2019-07-30 14:56:33 - [MESSAGE][PASSED] - Object: 'Object Repository/mobileSanity/HBI/Page_App Page 3/label' is clicked on&#xD;
&#xD;
2019-07-30 14:56:33 - [TEST_STEP][PASSED] - click(findTestObject("mobileSanity/HBI/Page_App Page 3/p_CLICK TO SIGN")): Object: 'Object Repository/mobileSanity/HBI/Page_App Page 3/p_CLICK TO SIGN' is clicked on&#xD;
&#xD;
2019-07-30 14:56:33 - [MESSAGE][PASSED] - Object: 'Object Repository/mobileSanity/HBI/Page_App Page 3/p_CLICK TO SIGN' is clicked on&#xD;
&#xD;
2019-07-30 14:56:33 - [TEST_STEP][PASSED] - click(findTestObject("mobileSanity/HBI/Page_App Page 3/a_Submit Your Application")): Object: 'Object Repository/mobileSanity/HBI/Page_App Page 3/a_Submit Your Application' is clicked on&#xD;
&#xD;
2019-07-30 14:56:33 - [MESSAGE][PASSED] - Object: 'Object Repository/mobileSanity/HBI/Page_App Page 3/a_Submit Your Application' is clicked on&#xD;
&#xD;
2019-07-30 14:56:33 - [TEST_STEP][PASSED] - Thread.sleep(30000): null&#xD;
&#xD;
2019-07-30 14:57:03 - [TEST_STEP][PASSED] - callTestCase(findTestCase("mobileWeb/_include/get_screenshot"), [:], STOP_ON_FAILURE): Call Test Case 'Test Cases/mobileWeb/_include/get_screenshot' successfully&#xD;
&#xD;
2019-07-30 14:57:03 - [TEST_CASE][PASSED] - Test Cases/mobileWeb/_include/get_screenshot: Test Cases/mobileWeb/_include/get_screenshot&#xD;
&#xD;
2019-07-30 14:57:03 - [TEST_STEP][PASSED] - takeScreenshot(screenPath + i + ".png"): Taking screenshot successfully&#xD;
&#xD;
2019-07-30 14:57:04 - [MESSAGE][PASSED] - Taking screenshot successfully&#xD;
[[ATTACHMENT|D:\\Test\\AgileTest\\AgileTest\\Reports\\mobileWeb\\hbi\\20190730_144207\\../Screenshots/iPhone X/hbi/Vitala Care/20190730_145517/8.png]]&#xD;
&#xD;
2019-07-30 14:57:04 - [TEST_STEP][PASSED] - (internal.GlobalVariable.i++): null&#xD;
&#xD;
2019-07-30 14:57:04 - [MESSAGE][PASSED] - Call Test Case 'Test Cases/mobileWeb/_include/get_screenshot' successfully&#xD;
&#xD;
2019-07-30 14:57:04 - [TEST_STEP][PASSED] - verifyTextPresent("Congratulations", false): Text 'Congratulations' is present on page &#xD;
&#xD;
2019-07-30 14:57:04 - [MESSAGE][PASSED] - Text 'Congratulations' is present on page &#xD;
&#xD;
2019-07-30 14:57:04 - [MESSAGE][PASSED] - Call Test Case 'Test Cases/mobileWeb/_include/goToEnd_hbi' successfully</system-out>
            <system-err></system-err>
        </testcase>
        <system-out>2019-07-30 14:42:11 - [TEST_SUITE][INCOMPLETE] - hbi: null</system-out>
        <system-err>2019-07-30 14:42:11 - [TEST_SUITE][INCOMPLETE] - hbi: null</system-err>
    </testsuite>
</testsuites>
