<?xml version="1.0" encoding="UTF-8"?>
<testsuites name="hic" time="499" tests="8" failures="0" errors="0">
   <testsuite name="hic" tests="8" failures="0" errors="0" time="499" timestamp="2020-03-10 03:19:41" hostname="Administrator - 172.30.0.53" id="Test Suites/HIC/hic">
      <properties>
         <property name="deviceName" value=""/>
         <property name="devicePlatform" value=""/>
         <property name="logFolder" value="D:\\Test\\AgileTest\\Reports\\HIC\\hic\\20200310_030928"/>
         <property name="logFiles" value="D:\\Test\\AgileTest\\Reports\\HIC\\hic\\20200310_030928\\execution0.log"/>
         <property name="attachments" value="D:\\Test\\AgileTest\\Reports\\HIC\\hic\\20200310_030928\\../Screenshots/iPhone X/HIC/ACA/ACA/20200310_031942/0.png, D:\\Test\\AgileTest\\Reports\\HIC\\hic\\20200310_030928\\../Screenshots/iPhone X/HIC/ACA/ACA/20200310_031942/1.png, D:\\Test\\AgileTest\\Reports\\HIC\\hic\\20200310_030928\\../Screenshots/iPhone X/HIC/ACA/ACA/20200310_031942/2.png, D:\\Test\\AgileTest\\Reports\\HIC\\hic\\20200310_030928\\../Screenshots/iPhone X/HIC/Cancer/Cancer/20200310_032000/0.png, D:\\Test\\AgileTest\\Reports\\HIC\\hic\\20200310_030928\\../Screenshots/iPhone X/HIC/Cancer/Cancer/20200310_032000/1.png, D:\\Test\\AgileTest\\Reports\\HIC\\hic\\20200310_030928\\../Screenshots/iPhone X/HIC/Cancer/Cancer/20200310_032000/2.png, D:\\Test\\AgileTest\\Reports\\HIC\\hic\\20200310_030928\\../Screenshots/iPhone X/HIC/Cancer/Cancer/20200310_032000/3.png, D:\\Test\\AgileTest\\Reports\\HIC\\hic\\20200310_030928\\../Screenshots/iPhone X/HIC/Cancer/Cancer/20200310_032000/4.png, D:\\Test\\AgileTest\\Reports\\HIC\\hic\\20200310_030928\\../Screenshots/iPhone X/HIC/Cancer/Cancer/20200310_032000/5.png, D:\\Test\\AgileTest\\Reports\\HIC\\hic\\20200310_030928\\../Screenshots/iPhone X/HIC/Cancer/Cancer/20200310_032000/6.png, D:\\Test\\AgileTest\\Reports\\HIC\\hic\\20200310_030928\\../Screenshots/iPhone X/HIC/Cancer/Cancer/20200310_032000/7.png, D:\\Test\\AgileTest\\Reports\\HIC\\hic\\20200310_030928\\../Screenshots/iPhone X/HIC/Cancer/Cancer/20200310_032000/8.png, D:\\Test\\AgileTest\\Reports\\HIC\\hic\\20200310_030928\\../Screenshots/iPhone X/HIC/Cancer/Cancer/20200310_032000/9.png, D:\\Test\\AgileTest\\Reports\\HIC\\hic\\20200310_030928\\../Screenshots/iPhone X/HIC/Cancer/Cancer/20200310_032000/10.png, D:\\Test\\AgileTest\\Reports\\HIC\\hic\\20200310_030928\\../Screenshots/iPhone X/HIC/Dental/USA Access/20200310_032125/0.png, D:\\Test\\AgileTest\\Reports\\HIC\\hic\\20200310_030928\\../Screenshots/iPhone X/HIC/Dental/USA Access/20200310_032125/1.png, D:\\Test\\AgileTest\\Reports\\HIC\\hic\\20200310_030928\\../Screenshots/iPhone X/HIC/Dental/USA Access/20200310_032125/2.png, D:\\Test\\AgileTest\\Reports\\HIC\\hic\\20200310_030928\\../Screenshots/iPhone X/HIC/Dental/USA Access/20200310_032125/3.png, D:\\Test\\AgileTest\\Reports\\HIC\\hic\\20200310_030928\\../Screenshots/iPhone X/HIC/Dental/USA Access/20200310_032125/4.png, D:\\Test\\AgileTest\\Reports\\HIC\\hic\\20200310_030928\\../Screenshots/iPhone X/HIC/Dental/USA Access/20200310_032125/5.png, D:\\Test\\AgileTest\\Reports\\HIC\\hic\\20200310_030928\\../Screenshots/iPhone X/HIC/Dental/USA Access/20200310_032125/6.png, D:\\Test\\AgileTest\\Reports\\HIC\\hic\\20200310_030928\\../Screenshots/iPhone X/HIC/Dental/USA Access/20200310_032125/7.png, D:\\Test\\AgileTest\\Reports\\HIC\\hic\\20200310_030928\\../Screenshots/iPhone X/HIC/Dental/USA Access/20200310_032125/8.png, D:\\Test\\AgileTest\\Reports\\HIC\\hic\\20200310_030928\\../Screenshots/iPhone X/HIC/Dental/USA Access/20200310_032125/9.png, D:\\Test\\AgileTest\\Reports\\HIC\\hic\\20200310_030928\\../Screenshots/iPhone X/HIC/HBI/HBI/20200310_032350/0.png, D:\\Test\\AgileTest\\Reports\\HIC\\hic\\20200310_030928\\../Screenshots/iPhone X/HIC/HBI/HBI/20200310_032350/1.png, D:\\Test\\AgileTest\\Reports\\HIC\\hic\\20200310_030928\\../Screenshots/iPhone X/HIC/HBI/HBI/20200310_032350/2.png, D:\\Test\\AgileTest\\Reports\\HIC\\hic\\20200310_030928\\../Screenshots/iPhone X/HIC/Medicare/Medicare/20200310_032409/0.png, D:\\Test\\AgileTest\\Reports\\HIC\\hic\\20200310_030928\\../Screenshots/iPhone X/HIC/Medicare/Medicare/20200310_032409/1.png, D:\\Test\\AgileTest\\Reports\\HIC\\hic\\20200310_030928\\../Screenshots/iPhone X/HIC/Medicare/Medicare/20200310_032409/2.png, D:\\Test\\AgileTest\\Reports\\HIC\\hic\\20200310_030928\\../Screenshots/iPhone X/HIC/Pet/Pet/20200310_032437/0.png, D:\\Test\\AgileTest\\Reports\\HIC\\hic\\20200310_030928\\../Screenshots/iPhone X/HIC/Pet/Pet/20200310_032437/1.png, D:\\Test\\AgileTest\\Reports\\HIC\\hic\\20200310_030928\\../Screenshots/iPhone X/HIC/Pet/Pet/20200310_032437/2.png, D:\\Test\\AgileTest\\Reports\\HIC\\hic\\20200310_030928\\../Screenshots/iPhone X/HIC/Pet/Pet/20200310_032437/3.png, D:\\Test\\AgileTest\\Reports\\HIC\\hic\\20200310_030928\\../Screenshots/iPhone X/HIC/Pet/Pet/20200310_032437/4.png, D:\\Test\\AgileTest\\Reports\\HIC\\hic\\20200310_030928\\../Screenshots/iPhone X/HIC/Pet/Pet/20200310_032437/5.png, D:\\Test\\AgileTest\\Reports\\HIC\\hic\\20200310_030928\\../Screenshots/iPhone X/HIC/Pet/Pet/20200310_032437/6.png, D:\\Test\\AgileTest\\Reports\\HIC\\hic\\20200310_030928\\../Screenshots/iPhone X/HIC/Pet/Pet/20200310_032437/7.png, D:\\Test\\AgileTest\\Reports\\HIC\\hic\\20200310_030928\\../Screenshots/iPhone X/HIC/Pet/Pet/20200310_032437/8.png, D:\\Test\\AgileTest\\Reports\\HIC\\hic\\20200310_030928\\../Screenshots/iPhone X/HIC/Pet/Pet/20200310_032437/9.png, D:\\Test\\AgileTest\\Reports\\HIC\\hic\\20200310_030928\\../Screenshots/iPhone X/HIC/Pet/Pet/20200310_032437/10.png, D:\\Test\\AgileTest\\Reports\\HIC\\hic\\20200310_030928\\../Screenshots/iPhone X/HIC/STM/STM/20200310_032554/0.png, D:\\Test\\AgileTest\\Reports\\HIC\\hic\\20200310_030928\\../Screenshots/iPhone X/HIC/STM/STM/20200310_032554/1.png, D:\\Test\\AgileTest\\Reports\\HIC\\hic\\20200310_030928\\../Screenshots/iPhone X/HIC/STM/STM/20200310_032554/2.png, D:\\Test\\AgileTest\\Reports\\HIC\\hic\\20200310_030928\\../Screenshots/iPhone X/HIC/Teladoc/Teladoc/20200310_032612/0.png, D:\\Test\\AgileTest\\Reports\\HIC\\hic\\20200310_030928\\../Screenshots/iPhone X/HIC/Teladoc/Teladoc/20200310_032612/1.png, D:\\Test\\AgileTest\\Reports\\HIC\\hic\\20200310_030928\\../Screenshots/iPhone X/HIC/Teladoc/Teladoc/20200310_032612/2.png, D:\\Test\\AgileTest\\Reports\\HIC\\hic\\20200310_030928\\../Screenshots/iPhone X/HIC/Teladoc/Teladoc/20200310_032612/3.png, D:\\Test\\AgileTest\\Reports\\HIC\\hic\\20200310_030928\\../Screenshots/iPhone X/HIC/Teladoc/Teladoc/20200310_032612/4.png, D:\\Test\\AgileTest\\Reports\\HIC\\hic\\20200310_030928\\../Screenshots/iPhone X/HIC/Teladoc/Teladoc/20200310_032612/5.png, D:\\Test\\AgileTest\\Reports\\HIC\\hic\\20200310_030928\\../Screenshots/iPhone X/HIC/Teladoc/Teladoc/20200310_032612/6.png, D:\\Test\\AgileTest\\Reports\\HIC\\hic\\20200310_030928\\../Screenshots/iPhone X/HIC/Teladoc/Teladoc/20200310_032612/7.png"/>
         <property name="hostName" value="Administrator - 172.30.0.53"/>
         <property name="os" value="Windows Server 2012 R2 64bit"/>
         <property name="katalonVersion" value="5.10.1.1"/>
         <property name="browser" value="Safari 11"/>
         <property name="hostAddress" value="172.30.0.53"/>
         <property name="sessionId" value="259a7400df63be002b62186357782595"/>
         <property name="seleniumVersion" value="3.7.1"/>
         <property name="proxyInformation" value="ProxyInformation{proxyOption=NO_PROXY, proxyServerType=HTTP, password=, proxyServerAddress=, proxyServerPort=0}"/>
         <property name="platform" value="Windows Server 2012 R2"/>
      </properties>
      <testcase name="Test Cases/HIC/New/ACA" classname="Test Cases/HIC/New/ACA" status="PASSED">
         <system-out><![CDATA[2020-03-10 03:19:41 - [TEST_CASE][PASSED] - Test Cases/HIC/New/ACA: Test Cases/HIC/New/ACA

2020-03-10 03:19:42 - [TEST_STEP][PASSED] - callTestCase(findTestCase("HIC/_include/get_hicScreenPath"), ["project":"HIC", "productLine":"ACA", "carrierName":"ACA"], CONTINUE_ON_FAILURE): Call Test Case 'Test Cases/HIC/_include/get_hicScreenPath' successfully

2020-03-10 03:19:42 - [TEST_CASE][PASSED] - Test Cases/HIC/_include/get_hicScreenPath: Test Cases/HIC/_include/get_hicScreenPath

2020-03-10 03:19:42 - [TEST_STEP][PASSED] - m = getExecutionProperties(): null

2020-03-10 03:19:42 - [TEST_STEP][PASSED] - deviceName = get("mobileEmulation").get("deviceName"): null

2020-03-10 03:19:42 - [TEST_STEP][PASSED] - println(deviceName): null

2020-03-10 03:19:42 - [TEST_STEP][PASSED] - now = new java.util.Date(): null

2020-03-10 03:19:42 - [TEST_STEP][PASSED] - mydate = now.format("yyyyMMdd_HHmmss"): null

2020-03-10 03:19:42 - [TEST_STEP][PASSED] - screenPath = "../Screenshots/": null

2020-03-10 03:19:42 - [TEST_STEP][PASSED] - screenPath = screenPath + deviceName + "/" + project + "/" + productLine + "/" + carrierName + "/" + mydate + "/": null

2020-03-10 03:19:42 - [TEST_STEP][PASSED] - println(screenPath): null

2020-03-10 03:19:42 - [MESSAGE][PASSED] - Call Test Case 'Test Cases/HIC/_include/get_hicScreenPath' successfully

2020-03-10 03:19:42 - [TEST_STEP][PASSED] - i = 0: null

2020-03-10 03:19:42 - [TEST_STEP][PASSED] - callTestCase(findTestCase("AHI/_include/openWebSite"), ["env":env], CONTINUE_ON_FAILURE): Call Test Case 'Test Cases/AHI/_include/openWebSite' successfully

2020-03-10 03:19:43 - [TEST_CASE][PASSED] - Test Cases/AHI/_include/openWebSite: Test Cases/AHI/_include/openWebSite

2020-03-10 03:19:43 - [TEST_STEP][PASSED] - openBrowser(env): Browser is opened with url: 'https://qa.healthinsurance.com'

2020-03-10 03:19:43 - [MESSAGE][INFO] - Starting 'Chrome' driver

2020-03-10 03:19:43 - [MESSAGE][INFO] - User set preference: ['mobileEmulation', '{deviceName=iPhone X}']

2020-03-10 03:19:43 - [MESSAGE][INFO] - User set preference: ['args', '[--incognito, --aggressive-cache-discard, --no-sandbox, --window-size=375,812, --ignore-certificate-errors]']

2020-03-10 03:19:43 - [MESSAGE][INFO] - Action delay is set to 0 seconds

2020-03-10 03:19:47 - [MESSAGE][PASSED] - Browser is opened with url: 'https://qa.healthinsurance.com'

2020-03-10 03:19:47 - [TEST_STEP][PASSED] - waitForPageLoad(20): Wait for page load successfully

2020-03-10 03:19:47 - [MESSAGE][PASSED] - Wait for page load successfully

2020-03-10 03:19:47 - [TEST_STEP][PASSED] - callTestCase(findTestCase("AHI/_include/get_screenshot"), [:], STOP_ON_FAILURE): Call Test Case 'Test Cases/AHI/_include/get_screenshot' successfully

2020-03-10 03:19:47 - [TEST_CASE][PASSED] - Test Cases/AHI/_include/get_screenshot: Test Cases/AHI/_include/get_screenshot

2020-03-10 03:19:47 - [TEST_STEP][PASSED] - Thread.sleep(1000): null

2020-03-10 03:19:48 - [TEST_STEP][PASSED] - takeScreenshot(screenPath + i + ".png"): Taking screenshot successfully

2020-03-10 03:19:49 - [MESSAGE][PASSED] - Taking screenshot successfully
[[ATTACHMENT|D:\\Test\\AgileTest\\Reports\\HIC\\hic\\20200310_030928\\../Screenshots/iPhone X/HIC/ACA/ACA/20200310_031942/0.png]]

2020-03-10 03:19:49 - [TEST_STEP][PASSED] - (internal.GlobalVariable.i++): null

2020-03-10 03:19:49 - [MESSAGE][PASSED] - Call Test Case 'Test Cases/AHI/_include/get_screenshot' successfully

2020-03-10 03:19:49 - [MESSAGE][PASSED] - Call Test Case 'Test Cases/AHI/_include/openWebSite' successfully

2020-03-10 03:19:49 - [TEST_STEP][PASSED] - driver = getWebDriver(): null

2020-03-10 03:19:49 - [TEST_STEP][PASSED] - baseUrl = env: null

2020-03-10 03:19:49 - [TEST_STEP][PASSED] - selenium = new com.thoughtworks.selenium.webdriven.WebDriverBackedSelenium(driver, baseUrl): null

2020-03-10 03:19:49 - [TEST_STEP][PASSED] - selenium.click("id=product-lines"): null

2020-03-10 03:19:49 - [TEST_STEP][PASSED] - selenium.click("//*[@id='product-lines']/following::div/button[contains(text(),'ACA Health Insurance')]"): null

2020-03-10 03:19:49 - [TEST_STEP][PASSED] - selenium.click("//button[contains(text(),'COMPARE HEALTHPLANS')]"): null

2020-03-10 03:19:49 - [TEST_STEP][PASSED] - for ([second = 0, second < 10, (second++)]): null

2020-03-10 03:19:49 - [TEST_STEP][PASSED] - try: null

2020-03-10 03:19:49 - [TEST_STEP][PASSED] - if (selenium.isElementPresent("id=zip")): null

2020-03-10 03:19:50 - [TEST_STEP][PASSED] - Thread.sleep(1000): null

2020-03-10 03:19:51 - [TEST_STEP][PASSED] - try: null

2020-03-10 03:19:51 - [TEST_STEP][PASSED] - if (selenium.isElementPresent("id=zip")): null

2020-03-10 03:19:51 - [TEST_STEP][PASSED] - break: null

2020-03-10 03:19:51 - [TEST_STEP][PASSED] - callTestCase(findTestCase("AHI/_include/get_screenshot"), [:], STOP_ON_FAILURE): Call Test Case 'Test Cases/AHI/_include/get_screenshot' successfully

2020-03-10 03:19:51 - [TEST_CASE][PASSED] - Test Cases/AHI/_include/get_screenshot: Test Cases/AHI/_include/get_screenshot

2020-03-10 03:19:51 - [TEST_STEP][PASSED] - Thread.sleep(1000): null

2020-03-10 03:19:52 - [TEST_STEP][PASSED] - takeScreenshot(screenPath + i + ".png"): Taking screenshot successfully

2020-03-10 03:19:52 - [MESSAGE][PASSED] - Taking screenshot successfully
[[ATTACHMENT|D:\\Test\\AgileTest\\Reports\\HIC\\hic\\20200310_030928\\../Screenshots/iPhone X/HIC/ACA/ACA/20200310_031942/1.png]]

2020-03-10 03:19:52 - [TEST_STEP][PASSED] - (internal.GlobalVariable.i++): null

2020-03-10 03:19:52 - [MESSAGE][PASSED] - Call Test Case 'Test Cases/AHI/_include/get_screenshot' successfully

2020-03-10 03:19:52 - [TEST_STEP][PASSED] - setText(findTestObject("hic/medicare/zip"), "33186"): Text '33186' is set on object 'Object Repository/hic/medicare/zip'

2020-03-10 03:19:53 - [MESSAGE][PASSED] - Text '33186' is set on object 'Object Repository/hic/medicare/zip'

2020-03-10 03:19:53 - [TEST_STEP][PASSED] - Thread.sleep(3000): null

2020-03-10 03:19:56 - [TEST_STEP][PASSED] - selenium.click("//button[contains(text(),'Compare Plans')]"): null

2020-03-10 03:19:58 - [TEST_STEP][PASSED] - for ([second = 0, second < 10, (second++)]): null

2020-03-10 03:19:58 - [TEST_STEP][PASSED] - try: null

2020-03-10 03:19:58 - [TEST_STEP][PASSED] - if (selenium.isElementPresent("id=js-census-bar")): null

2020-03-10 03:19:58 - [TEST_STEP][PASSED] - break: null

2020-03-10 03:19:58 - [TEST_STEP][PASSED] - callTestCase(findTestCase("AHI/_include/get_screenshot"), [:], STOP_ON_FAILURE): Call Test Case 'Test Cases/AHI/_include/get_screenshot' successfully

2020-03-10 03:19:58 - [TEST_CASE][PASSED] - Test Cases/AHI/_include/get_screenshot: Test Cases/AHI/_include/get_screenshot

2020-03-10 03:19:58 - [TEST_STEP][PASSED] - Thread.sleep(1000): null

2020-03-10 03:19:59 - [TEST_STEP][PASSED] - takeScreenshot(screenPath + i + ".png"): Taking screenshot successfully

2020-03-10 03:19:59 - [MESSAGE][PASSED] - Taking screenshot successfully
[[ATTACHMENT|D:\\Test\\AgileTest\\Reports\\HIC\\hic\\20200310_030928\\../Screenshots/iPhone X/HIC/ACA/ACA/20200310_031942/2.png]]

2020-03-10 03:19:59 - [TEST_STEP][PASSED] - (internal.GlobalVariable.i++): null

2020-03-10 03:19:59 - [MESSAGE][PASSED] - Call Test Case 'Test Cases/AHI/_include/get_screenshot' successfully]]></system-out>
         <system-err><![CDATA[]]></system-err>
      </testcase>
      <testcase name="Test Cases/HIC/New/Cancer" classname="Test Cases/HIC/New/Cancer" status="PASSED">
         <system-out><![CDATA[2020-03-10 03:19:59 - [TEST_CASE][PASSED] - Test Cases/HIC/New/Cancer: Test Cases/HIC/New/Cancer

2020-03-10 03:20:00 - [TEST_STEP][PASSED] - callTestCase(findTestCase("HIC/_include/get_hicScreenPath"), ["project":"HIC", "productLine":"Cancer", "carrierName":"Cancer"], CONTINUE_ON_FAILURE): Call Test Case 'Test Cases/HIC/_include/get_hicScreenPath' successfully

2020-03-10 03:20:00 - [TEST_CASE][PASSED] - Test Cases/HIC/_include/get_hicScreenPath: Test Cases/HIC/_include/get_hicScreenPath

2020-03-10 03:20:00 - [TEST_STEP][PASSED] - m = getExecutionProperties(): null

2020-03-10 03:20:00 - [TEST_STEP][PASSED] - deviceName = get("mobileEmulation").get("deviceName"): null

2020-03-10 03:20:00 - [TEST_STEP][PASSED] - println(deviceName): null

2020-03-10 03:20:00 - [TEST_STEP][PASSED] - now = new java.util.Date(): null

2020-03-10 03:20:00 - [TEST_STEP][PASSED] - mydate = now.format("yyyyMMdd_HHmmss"): null

2020-03-10 03:20:00 - [TEST_STEP][PASSED] - screenPath = "../Screenshots/": null

2020-03-10 03:20:00 - [TEST_STEP][PASSED] - screenPath = screenPath + deviceName + "/" + project + "/" + productLine + "/" + carrierName + "/" + mydate + "/": null

2020-03-10 03:20:00 - [TEST_STEP][PASSED] - println(screenPath): null

2020-03-10 03:20:00 - [MESSAGE][PASSED] - Call Test Case 'Test Cases/HIC/_include/get_hicScreenPath' successfully

2020-03-10 03:20:00 - [TEST_STEP][PASSED] - i = 0: null

2020-03-10 03:20:00 - [TEST_STEP][PASSED] - callTestCase(findTestCase("AHI/_include/openWebSite"), ["env":env], CONTINUE_ON_FAILURE): Call Test Case 'Test Cases/AHI/_include/openWebSite' successfully

2020-03-10 03:20:00 - [TEST_CASE][PASSED] - Test Cases/AHI/_include/openWebSite: Test Cases/AHI/_include/openWebSite

2020-03-10 03:20:00 - [TEST_STEP][PASSED] - openBrowser(env): Browser is opened with url: 'https://qa.healthinsurance.com'

2020-03-10 03:20:00 - [MESSAGE][WARNING] - A browser is already opened. Closing browser and opening a new one

2020-03-10 03:20:01 - [MESSAGE][INFO] - Starting 'Chrome' driver

2020-03-10 03:20:01 - [MESSAGE][INFO] - User set preference: ['mobileEmulation', '{deviceName=iPhone X}']

2020-03-10 03:20:01 - [MESSAGE][INFO] - User set preference: ['args', '[--incognito, --aggressive-cache-discard, --no-sandbox, --window-size=375,812, --ignore-certificate-errors]']

2020-03-10 03:20:03 - [MESSAGE][PASSED] - Browser is opened with url: 'https://qa.healthinsurance.com'

2020-03-10 03:20:03 - [TEST_STEP][PASSED] - waitForPageLoad(20): Wait for page load successfully

2020-03-10 03:20:03 - [MESSAGE][PASSED] - Wait for page load successfully

2020-03-10 03:20:03 - [TEST_STEP][PASSED] - callTestCase(findTestCase("AHI/_include/get_screenshot"), [:], STOP_ON_FAILURE): Call Test Case 'Test Cases/AHI/_include/get_screenshot' successfully

2020-03-10 03:20:03 - [TEST_CASE][PASSED] - Test Cases/AHI/_include/get_screenshot: Test Cases/AHI/_include/get_screenshot

2020-03-10 03:20:03 - [TEST_STEP][PASSED] - Thread.sleep(1000): null

2020-03-10 03:20:04 - [TEST_STEP][PASSED] - takeScreenshot(screenPath + i + ".png"): Taking screenshot successfully

2020-03-10 03:20:05 - [MESSAGE][PASSED] - Taking screenshot successfully
[[ATTACHMENT|D:\\Test\\AgileTest\\Reports\\HIC\\hic\\20200310_030928\\../Screenshots/iPhone X/HIC/Cancer/Cancer/20200310_032000/0.png]]

2020-03-10 03:20:05 - [TEST_STEP][PASSED] - (internal.GlobalVariable.i++): null

2020-03-10 03:20:05 - [MESSAGE][PASSED] - Call Test Case 'Test Cases/AHI/_include/get_screenshot' successfully

2020-03-10 03:20:05 - [MESSAGE][PASSED] - Call Test Case 'Test Cases/AHI/_include/openWebSite' successfully

2020-03-10 03:20:05 - [TEST_STEP][PASSED] - driver = getWebDriver(): null

2020-03-10 03:20:05 - [TEST_STEP][PASSED] - baseUrl = env: null

2020-03-10 03:20:05 - [TEST_STEP][PASSED] - selenium = new com.thoughtworks.selenium.webdriven.WebDriverBackedSelenium(driver, baseUrl): null

2020-03-10 03:20:05 - [TEST_STEP][PASSED] - selenium.click("id=product-lines"): null

2020-03-10 03:20:05 - [TEST_STEP][PASSED] - selenium.click("//*[@id='product-lines']/following::div/button[contains(text(),'Cancer Insurance')]"): null

2020-03-10 03:20:05 - [TEST_STEP][PASSED] - selenium.click("//button[contains(text(),'COMPARE HEALTHPLANS')]"): null

2020-03-10 03:20:06 - [TEST_STEP][PASSED] - for ([second = 0, second < 10, (second++)]): null

2020-03-10 03:20:06 - [TEST_STEP][PASSED] - try: null

2020-03-10 03:20:06 - [TEST_STEP][PASSED] - if (selenium.isElementPresent("//a[@class='front-door-quote-button']")): null

2020-03-10 03:20:07 - [TEST_STEP][PASSED] - break: null

2020-03-10 03:20:07 - [TEST_STEP][PASSED] - callTestCase(findTestCase("AHI/_include/get_screenshot"), [:], STOP_ON_FAILURE): Call Test Case 'Test Cases/AHI/_include/get_screenshot' successfully

2020-03-10 03:20:07 - [TEST_CASE][PASSED] - Test Cases/AHI/_include/get_screenshot: Test Cases/AHI/_include/get_screenshot

2020-03-10 03:20:07 - [TEST_STEP][PASSED] - Thread.sleep(1000): null

2020-03-10 03:20:08 - [TEST_STEP][PASSED] - takeScreenshot(screenPath + i + ".png"): Taking screenshot successfully

2020-03-10 03:20:09 - [MESSAGE][PASSED] - Taking screenshot successfully
[[ATTACHMENT|D:\\Test\\AgileTest\\Reports\\HIC\\hic\\20200310_030928\\../Screenshots/iPhone X/HIC/Cancer/Cancer/20200310_032000/1.png]]

2020-03-10 03:20:09 - [TEST_STEP][PASSED] - (internal.GlobalVariable.i++): null

2020-03-10 03:20:09 - [MESSAGE][PASSED] - Call Test Case 'Test Cases/AHI/_include/get_screenshot' successfully

2020-03-10 03:20:09 - [TEST_STEP][PASSED] - selenium.click("//a[@class='front-door-quote-button']"): null

2020-03-10 03:20:09 - [TEST_STEP][PASSED] - for ([second = 0, second < 20, (second++)]): null

2020-03-10 03:20:09 - [TEST_STEP][PASSED] - try: null

2020-03-10 03:20:09 - [TEST_STEP][PASSED] - if (selenium.isElementPresent("id=zip-input")): null

2020-03-10 03:20:09 - [TEST_STEP][PASSED] - break: null

2020-03-10 03:20:09 - [TEST_STEP][PASSED] - callTestCase(findTestCase("AHI/_include/get_screenshot"), [:], STOP_ON_FAILURE): Call Test Case 'Test Cases/AHI/_include/get_screenshot' successfully

2020-03-10 03:20:09 - [TEST_CASE][PASSED] - Test Cases/AHI/_include/get_screenshot: Test Cases/AHI/_include/get_screenshot

2020-03-10 03:20:09 - [TEST_STEP][PASSED] - Thread.sleep(1000): null

2020-03-10 03:20:10 - [TEST_STEP][PASSED] - takeScreenshot(screenPath + i + ".png"): Taking screenshot successfully

2020-03-10 03:20:11 - [MESSAGE][PASSED] - Taking screenshot successfully
[[ATTACHMENT|D:\\Test\\AgileTest\\Reports\\HIC\\hic\\20200310_030928\\../Screenshots/iPhone X/HIC/Cancer/Cancer/20200310_032000/2.png]]

2020-03-10 03:20:11 - [TEST_STEP][PASSED] - (internal.GlobalVariable.i++): null

2020-03-10 03:20:11 - [MESSAGE][PASSED] - Call Test Case 'Test Cases/AHI/_include/get_screenshot' successfully

2020-03-10 03:20:11 - [TEST_STEP][PASSED] - sendKeys(findTestObject("mobileSanity/Cancer Insurance/zip"), "35216"): Keys '35216' sent to object: 'Object Repository/mobileSanity/Cancer Insurance/zip'

2020-03-10 03:20:12 - [MESSAGE][PASSED] - Keys '35216' sent to object: 'Object Repository/mobileSanity/Cancer Insurance/zip'

2020-03-10 03:20:12 - [TEST_STEP][PASSED] - sendKeys(findTestObject("mobileSanity/Cancer Insurance/dob-0"), "01/01/1990"): Keys '01/01/1990' sent to object: 'Object Repository/mobileSanity/Cancer Insurance/dob-0'

2020-03-10 03:20:12 - [MESSAGE][PASSED] - Keys '01/01/1990' sent to object: 'Object Repository/mobileSanity/Cancer Insurance/dob-0'

2020-03-10 03:20:12 - [TEST_STEP][PASSED] - Thread.sleep(2000): null

2020-03-10 03:20:14 - [TEST_STEP][PASSED] - selenium.click("//label[@for='gender-m-0']"): null

2020-03-10 03:20:14 - [TEST_STEP][PASSED] - Thread.sleep(3000): null

2020-03-10 03:20:17 - [TEST_STEP][PASSED] - selenium.click("id=js-see-plans"): null

2020-03-10 03:20:18 - [TEST_STEP][PASSED] - for ([second = 0, second < 20, (second++)]): null

2020-03-10 03:20:18 - [TEST_STEP][PASSED] - try: null

2020-03-10 03:20:18 - [TEST_STEP][PASSED] - if (selenium.isElementPresent("xpath=//h1[contains(text(),'3 Cancer Insurance Policies Found')]")): null

2020-03-10 03:20:18 - [TEST_STEP][PASSED] - Thread.sleep(1000): null

2020-03-10 03:20:19 - [TEST_STEP][PASSED] - try: null

2020-03-10 03:20:19 - [TEST_STEP][PASSED] - if (selenium.isElementPresent("xpath=//h1[contains(text(),'3 Cancer Insurance Policies Found')]")): null

2020-03-10 03:20:19 - [TEST_STEP][PASSED] - Thread.sleep(1000): null

2020-03-10 03:20:20 - [TEST_STEP][PASSED] - try: null

2020-03-10 03:20:20 - [TEST_STEP][PASSED] - if (selenium.isElementPresent("xpath=//h1[contains(text(),'3 Cancer Insurance Policies Found')]")): null

2020-03-10 03:20:20 - [TEST_STEP][PASSED] - Thread.sleep(1000): null

2020-03-10 03:20:21 - [TEST_STEP][PASSED] - try: null

2020-03-10 03:20:21 - [TEST_STEP][PASSED] - if (selenium.isElementPresent("xpath=//h1[contains(text(),'3 Cancer Insurance Policies Found')]")): null

2020-03-10 03:20:21 - [TEST_STEP][PASSED] - Thread.sleep(1000): null

2020-03-10 03:20:22 - [TEST_STEP][PASSED] - try: null

2020-03-10 03:20:22 - [TEST_STEP][PASSED] - if (selenium.isElementPresent("xpath=//h1[contains(text(),'3 Cancer Insurance Policies Found')]")): null

2020-03-10 03:20:22 - [TEST_STEP][PASSED] - Thread.sleep(1000): null

2020-03-10 03:20:23 - [TEST_STEP][PASSED] - try: null

2020-03-10 03:20:23 - [TEST_STEP][PASSED] - if (selenium.isElementPresent("xpath=//h1[contains(text(),'3 Cancer Insurance Policies Found')]")): null

2020-03-10 03:20:23 - [TEST_STEP][PASSED] - Thread.sleep(1000): null

2020-03-10 03:20:24 - [TEST_STEP][PASSED] - try: null

2020-03-10 03:20:24 - [TEST_STEP][PASSED] - if (selenium.isElementPresent("xpath=//h1[contains(text(),'3 Cancer Insurance Policies Found')]")): null

2020-03-10 03:20:24 - [TEST_STEP][PASSED] - Thread.sleep(1000): null

2020-03-10 03:20:25 - [TEST_STEP][PASSED] - try: null

2020-03-10 03:20:25 - [TEST_STEP][PASSED] - if (selenium.isElementPresent("xpath=//h1[contains(text(),'3 Cancer Insurance Policies Found')]")): null

2020-03-10 03:20:25 - [TEST_STEP][PASSED] - Thread.sleep(1000): null

2020-03-10 03:20:26 - [TEST_STEP][PASSED] - try: null

2020-03-10 03:20:26 - [TEST_STEP][PASSED] - if (selenium.isElementPresent("xpath=//h1[contains(text(),'3 Cancer Insurance Policies Found')]")): null

2020-03-10 03:20:26 - [TEST_STEP][PASSED] - Thread.sleep(1000): null

2020-03-10 03:20:27 - [TEST_STEP][PASSED] - try: null

2020-03-10 03:20:27 - [TEST_STEP][PASSED] - if (selenium.isElementPresent("xpath=//h1[contains(text(),'3 Cancer Insurance Policies Found')]")): null

2020-03-10 03:20:27 - [TEST_STEP][PASSED] - Thread.sleep(1000): null

2020-03-10 03:20:28 - [TEST_STEP][PASSED] - try: null

2020-03-10 03:20:28 - [TEST_STEP][PASSED] - if (selenium.isElementPresent("xpath=//h1[contains(text(),'3 Cancer Insurance Policies Found')]")): null

2020-03-10 03:20:28 - [TEST_STEP][PASSED] - Thread.sleep(1000): null

2020-03-10 03:20:29 - [TEST_STEP][PASSED] - try: null

2020-03-10 03:20:29 - [TEST_STEP][PASSED] - if (selenium.isElementPresent("xpath=//h1[contains(text(),'3 Cancer Insurance Policies Found')]")): null

2020-03-10 03:20:29 - [TEST_STEP][PASSED] - Thread.sleep(1000): null

2020-03-10 03:20:30 - [TEST_STEP][PASSED] - try: null

2020-03-10 03:20:30 - [TEST_STEP][PASSED] - if (selenium.isElementPresent("xpath=//h1[contains(text(),'3 Cancer Insurance Policies Found')]")): null

2020-03-10 03:20:30 - [TEST_STEP][PASSED] - Thread.sleep(1000): null

2020-03-10 03:20:31 - [TEST_STEP][PASSED] - try: null

2020-03-10 03:20:31 - [TEST_STEP][PASSED] - if (selenium.isElementPresent("xpath=//h1[contains(text(),'3 Cancer Insurance Policies Found')]")): null

2020-03-10 03:20:31 - [TEST_STEP][PASSED] - Thread.sleep(1000): null

2020-03-10 03:20:32 - [TEST_STEP][PASSED] - try: null

2020-03-10 03:20:32 - [TEST_STEP][PASSED] - if (selenium.isElementPresent("xpath=//h1[contains(text(),'3 Cancer Insurance Policies Found')]")): null

2020-03-10 03:20:32 - [TEST_STEP][PASSED] - Thread.sleep(1000): null

2020-03-10 03:20:33 - [TEST_STEP][PASSED] - try: null

2020-03-10 03:20:33 - [TEST_STEP][PASSED] - if (selenium.isElementPresent("xpath=//h1[contains(text(),'3 Cancer Insurance Policies Found')]")): null

2020-03-10 03:20:34 - [TEST_STEP][PASSED] - Thread.sleep(1000): null

2020-03-10 03:20:35 - [TEST_STEP][PASSED] - try: null

2020-03-10 03:20:35 - [TEST_STEP][PASSED] - if (selenium.isElementPresent("xpath=//h1[contains(text(),'3 Cancer Insurance Policies Found')]")): null

2020-03-10 03:20:35 - [TEST_STEP][PASSED] - Thread.sleep(1000): null

2020-03-10 03:20:36 - [TEST_STEP][PASSED] - try: null

2020-03-10 03:20:36 - [TEST_STEP][PASSED] - if (selenium.isElementPresent("xpath=//h1[contains(text(),'3 Cancer Insurance Policies Found')]")): null

2020-03-10 03:20:36 - [TEST_STEP][PASSED] - Thread.sleep(1000): null

2020-03-10 03:20:37 - [TEST_STEP][PASSED] - try: null

2020-03-10 03:20:37 - [TEST_STEP][PASSED] - if (selenium.isElementPresent("xpath=//h1[contains(text(),'3 Cancer Insurance Policies Found')]")): null

2020-03-10 03:20:37 - [TEST_STEP][PASSED] - Thread.sleep(1000): null

2020-03-10 03:20:38 - [TEST_STEP][PASSED] - try: null

2020-03-10 03:20:38 - [TEST_STEP][PASSED] - if (selenium.isElementPresent("xpath=//h1[contains(text(),'3 Cancer Insurance Policies Found')]")): null

2020-03-10 03:20:38 - [TEST_STEP][PASSED] - Thread.sleep(1000): null

2020-03-10 03:20:39 - [TEST_STEP][PASSED] - callTestCase(findTestCase("AHI/_include/get_screenshot"), [:], STOP_ON_FAILURE): Call Test Case 'Test Cases/AHI/_include/get_screenshot' successfully

2020-03-10 03:20:39 - [TEST_CASE][PASSED] - Test Cases/AHI/_include/get_screenshot: Test Cases/AHI/_include/get_screenshot

2020-03-10 03:20:39 - [TEST_STEP][PASSED] - Thread.sleep(1000): null

2020-03-10 03:20:40 - [TEST_STEP][PASSED] - takeScreenshot(screenPath + i + ".png"): Taking screenshot successfully

2020-03-10 03:20:40 - [MESSAGE][PASSED] - Taking screenshot successfully
[[ATTACHMENT|D:\\Test\\AgileTest\\Reports\\HIC\\hic\\20200310_030928\\../Screenshots/iPhone X/HIC/Cancer/Cancer/20200310_032000/3.png]]

2020-03-10 03:20:40 - [TEST_STEP][PASSED] - (internal.GlobalVariable.i++): null

2020-03-10 03:20:40 - [MESSAGE][PASSED] - Call Test Case 'Test Cases/AHI/_include/get_screenshot' successfully

2020-03-10 03:20:40 - [TEST_STEP][PASSED] - selenium.click("xpath=(//a[contains(text(),'Option 1')])[1]"): null

2020-03-10 03:20:41 - [TEST_STEP][PASSED] - for ([second = 0, second < 20, (second++)]): null

2020-03-10 03:20:41 - [TEST_STEP][PASSED] - try: null

2020-03-10 03:20:41 - [TEST_STEP][PASSED] - if (selenium.isElementPresent("id=plan-details-primary-apply")): null

2020-03-10 03:20:42 - [TEST_STEP][PASSED] - break: null

2020-03-10 03:20:42 - [TEST_STEP][PASSED] - callTestCase(findTestCase("AHI/_include/get_screenshot"), [:], STOP_ON_FAILURE): Call Test Case 'Test Cases/AHI/_include/get_screenshot' successfully

2020-03-10 03:20:42 - [TEST_CASE][PASSED] - Test Cases/AHI/_include/get_screenshot: Test Cases/AHI/_include/get_screenshot

2020-03-10 03:20:42 - [TEST_STEP][PASSED] - Thread.sleep(1000): null

2020-03-10 03:20:43 - [TEST_STEP][PASSED] - takeScreenshot(screenPath + i + ".png"): Taking screenshot successfully

2020-03-10 03:20:43 - [MESSAGE][PASSED] - Taking screenshot successfully
[[ATTACHMENT|D:\\Test\\AgileTest\\Reports\\HIC\\hic\\20200310_030928\\../Screenshots/iPhone X/HIC/Cancer/Cancer/20200310_032000/4.png]]

2020-03-10 03:20:43 - [TEST_STEP][PASSED] - (internal.GlobalVariable.i++): null

2020-03-10 03:20:43 - [MESSAGE][PASSED] - Call Test Case 'Test Cases/AHI/_include/get_screenshot' successfully

2020-03-10 03:20:43 - [TEST_STEP][PASSED] - selenium.click("id=plan-details-primary-apply"): null

2020-03-10 03:20:44 - [TEST_STEP][PASSED] - for ([second = 0, second < 20, (second++)]): null

2020-03-10 03:20:44 - [TEST_STEP][PASSED] - try: null

2020-03-10 03:20:44 - [TEST_STEP][PASSED] - if (selenium.isElementPresent("id=applyButton")): null

2020-03-10 03:20:44 - [TEST_STEP][PASSED] - break: null

2020-03-10 03:20:44 - [TEST_STEP][PASSED] - callTestCase(findTestCase("AHI/_include/get_screenshot"), [:], STOP_ON_FAILURE): Call Test Case 'Test Cases/AHI/_include/get_screenshot' successfully

2020-03-10 03:20:44 - [TEST_CASE][PASSED] - Test Cases/AHI/_include/get_screenshot: Test Cases/AHI/_include/get_screenshot

2020-03-10 03:20:44 - [TEST_STEP][PASSED] - Thread.sleep(1000): null

2020-03-10 03:20:45 - [TEST_STEP][PASSED] - takeScreenshot(screenPath + i + ".png"): Taking screenshot successfully

2020-03-10 03:20:46 - [MESSAGE][PASSED] - Taking screenshot successfully
[[ATTACHMENT|D:\\Test\\AgileTest\\Reports\\HIC\\hic\\20200310_030928\\../Screenshots/iPhone X/HIC/Cancer/Cancer/20200310_032000/5.png]]

2020-03-10 03:20:46 - [TEST_STEP][PASSED] - (internal.GlobalVariable.i++): null

2020-03-10 03:20:46 - [MESSAGE][PASSED] - Call Test Case 'Test Cases/AHI/_include/get_screenshot' successfully

2020-03-10 03:20:46 - [TEST_STEP][PASSED] - selenium.click("id=applyButton"): null

2020-03-10 03:20:46 - [TEST_STEP][PASSED] - for ([second = 0, second < 20, (second++)]): null

2020-03-10 03:20:46 - [TEST_STEP][PASSED] - try: null

2020-03-10 03:20:46 - [TEST_STEP][PASSED] - if (selenium.isElementPresent("id=member-P-1-firstName")): null

2020-03-10 03:20:47 - [TEST_STEP][PASSED] - Thread.sleep(1000): null

2020-03-10 03:20:48 - [TEST_STEP][PASSED] - try: null

2020-03-10 03:20:48 - [TEST_STEP][PASSED] - if (selenium.isElementPresent("id=member-P-1-firstName")): null

2020-03-10 03:20:48 - [TEST_STEP][PASSED] - break: null

2020-03-10 03:20:48 - [TEST_STEP][PASSED] - callTestCase(findTestCase("AHI/_include/get_screenshot"), [:], STOP_ON_FAILURE): Call Test Case 'Test Cases/AHI/_include/get_screenshot' successfully

2020-03-10 03:20:48 - [TEST_CASE][PASSED] - Test Cases/AHI/_include/get_screenshot: Test Cases/AHI/_include/get_screenshot

2020-03-10 03:20:48 - [TEST_STEP][PASSED] - Thread.sleep(1000): null

2020-03-10 03:20:49 - [TEST_STEP][PASSED] - takeScreenshot(screenPath + i + ".png"): Taking screenshot successfully

2020-03-10 03:20:50 - [MESSAGE][PASSED] - Taking screenshot successfully
[[ATTACHMENT|D:\\Test\\AgileTest\\Reports\\HIC\\hic\\20200310_030928\\../Screenshots/iPhone X/HIC/Cancer/Cancer/20200310_032000/6.png]]

2020-03-10 03:20:50 - [TEST_STEP][PASSED] - (internal.GlobalVariable.i++): null

2020-03-10 03:20:50 - [MESSAGE][PASSED] - Call Test Case 'Test Cases/AHI/_include/get_screenshot' successfully

2020-03-10 03:20:50 - [TEST_STEP][PASSED] - callTestCase(findTestCase("AHI/_include/name"), [:], STOP_ON_FAILURE): Call Test Case 'Test Cases/AHI/_include/name' successfully

2020-03-10 03:20:50 - [TEST_CASE][PASSED] - Test Cases/AHI/_include/name: Test Cases/AHI/_include/name

2020-03-10 03:20:50 - [TEST_STEP][PASSED] - driver = getWebDriver(): null

2020-03-10 03:20:50 - [TEST_STEP][PASSED] - selenium = new com.thoughtworks.selenium.webdriven.WebDriverBackedSelenium(driver, internal.GlobalVariable.ENV): null

2020-03-10 03:20:50 - [TEST_STEP][PASSED] - FirstName = "Test-123": null

2020-03-10 03:20:50 - [TEST_STEP][PASSED] - LastName = selenium.getEval("{var x="ABCDEFGHIJKLMNOPQRSTUVWXYZabcdefghijklmnopqrstuvwxyz"; var tmp="ZZ11-"; for (i=0;i<8;i++) tmp+=x.charAt(Math.ceil(51*Math.random()));tmp;}"): null

2020-03-10 03:20:50 - [TEST_STEP][PASSED] - Address = selenium.getEval("{var x="ABCDEFGHIJKLMNOPQRSTUVWXYZabcdefghijklmnopqrstuvwxyz"; var tmp=""; for (i=0;i<8;i++) tmp+=x.charAt(Math.ceil(51*Math.random()));tmp;}"): null

2020-03-10 03:20:50 - [TEST_STEP][PASSED] - City = selenium.getEval("{var x="ABCDEFGHIJKLMNOPQRSTUVWXYZabcdefghijklmnopqrstuvwxyz"; var tmp=""; for (i=0;i<8;i++) tmp+=x.charAt(Math.ceil(51*Math.random()));tmp;}"): null

2020-03-10 03:20:50 - [TEST_STEP][PASSED] - tel1 = selenium.getEval("{var x="123456789"; var tmp=""; for (i=0;i<3;i++) tmp+=x.charAt(Math.ceil(8*Math.random()));tmp;}"): null

2020-03-10 03:20:50 - [TEST_STEP][PASSED] - tel2 = selenium.getEval("{var x="123456789"; var tmp=""; for (i=0;i<3;i++) tmp+=x.charAt(Math.ceil(8*Math.random()));tmp;}"): null

2020-03-10 03:20:50 - [TEST_STEP][PASSED] - tel3 = selenium.getEval("{var x="123456789"; var tmp=""; for (i=0;i<4;i++) tmp+=x.charAt(Math.ceil(8*Math.random()));tmp;}"): null

2020-03-10 03:20:50 - [TEST_STEP][PASSED] - Tel = selenium.getExpression(tel1 + "-" + tel2 + "-" + tel3): null

2020-03-10 03:20:50 - [TEST_STEP][PASSED] - AutoEmail = selenium.getEval("{var x="ABCDEFGHIJKLMNOPQRSTUVWXYZabcdefghijklmnopqrstuvwxyz"; var tmp="test."; for (i=0;i<8;i++) tmp+=x.charAt(Math.ceil(51*Math.random()));tmp+="@suryani.cn";}"): null

2020-03-10 03:20:50 - [TEST_STEP][PASSED] - FirstName = FirstName: null

2020-03-10 03:20:50 - [TEST_STEP][PASSED] - LastName = LastName: null

2020-03-10 03:20:50 - [TEST_STEP][PASSED] - Address = Address: null

2020-03-10 03:20:50 - [TEST_STEP][PASSED] - City = City: null

2020-03-10 03:20:50 - [TEST_STEP][PASSED] - Tel = Tel: null

2020-03-10 03:20:50 - [TEST_STEP][PASSED] - AutoEmail = AutoEmail: null

2020-03-10 03:20:50 - [TEST_STEP][PASSED] - println(FirstName): null

2020-03-10 03:20:50 - [TEST_STEP][PASSED] - println(LastName): null

2020-03-10 03:20:50 - [TEST_STEP][PASSED] - println(Address): null

2020-03-10 03:20:50 - [TEST_STEP][PASSED] - println(City): null

2020-03-10 03:20:50 - [TEST_STEP][PASSED] - println(Tel): null

2020-03-10 03:20:50 - [TEST_STEP][PASSED] - println(AutoEmail): null

2020-03-10 03:20:50 - [MESSAGE][PASSED] - Call Test Case 'Test Cases/AHI/_include/name' successfully

2020-03-10 03:20:50 - [TEST_STEP][PASSED] - selenium.type("id=member-P-1-firstName", FirstName): null

2020-03-10 03:20:50 - [TEST_STEP][PASSED] - selenium.type("id=member-P-1-lastName", LastName): null

2020-03-10 03:20:50 - [TEST_STEP][PASSED] - selenium.type("id=address", Address): null

2020-03-10 03:20:51 - [TEST_STEP][PASSED] - selenium.type("id=city", City): null

2020-03-10 03:20:51 - [TEST_STEP][PASSED] - selenium.type("id=email", AutoEmail): null

2020-03-10 03:20:51 - [TEST_STEP][PASSED] - selenium.type("id=primaryPhone", Tel): null

2020-03-10 03:20:51 - [TEST_STEP][PASSED] - selenium.click("id=js-app-continue-link"): null

2020-03-10 03:20:52 - [TEST_STEP][PASSED] - for ([second = 0, second < 20, (second++)]): null

2020-03-10 03:20:52 - [TEST_STEP][PASSED] - try: null

2020-03-10 03:20:52 - [TEST_STEP][PASSED] - if (selenium.isElementPresent("xpath=(//*[@class='js-question js-app-page-medical-question-wrapper'])[1]/div/button[1]")): null

2020-03-10 03:20:52 - [TEST_STEP][PASSED] - Thread.sleep(1000): null

2020-03-10 03:20:53 - [TEST_STEP][PASSED] - try: null

2020-03-10 03:20:53 - [TEST_STEP][PASSED] - if (selenium.isElementPresent("xpath=(//*[@class='js-question js-app-page-medical-question-wrapper'])[1]/div/button[1]")): null

2020-03-10 03:20:53 - [TEST_STEP][PASSED] - break: null

2020-03-10 03:20:53 - [TEST_STEP][PASSED] - callTestCase(findTestCase("AHI/_include/get_screenshot"), [:], STOP_ON_FAILURE): Call Test Case 'Test Cases/AHI/_include/get_screenshot' successfully

2020-03-10 03:20:53 - [TEST_CASE][PASSED] - Test Cases/AHI/_include/get_screenshot: Test Cases/AHI/_include/get_screenshot

2020-03-10 03:20:53 - [TEST_STEP][PASSED] - Thread.sleep(1000): null

2020-03-10 03:20:54 - [TEST_STEP][PASSED] - takeScreenshot(screenPath + i + ".png"): Taking screenshot successfully

2020-03-10 03:20:54 - [MESSAGE][PASSED] - Taking screenshot successfully
[[ATTACHMENT|D:\\Test\\AgileTest\\Reports\\HIC\\hic\\20200310_030928\\../Screenshots/iPhone X/HIC/Cancer/Cancer/20200310_032000/7.png]]

2020-03-10 03:20:54 - [TEST_STEP][PASSED] - (internal.GlobalVariable.i++): null

2020-03-10 03:20:54 - [MESSAGE][PASSED] - Call Test Case 'Test Cases/AHI/_include/get_screenshot' successfully

2020-03-10 03:20:54 - [TEST_STEP][PASSED] - for ([i = 1, i < 12, (i++)]): null

2020-03-10 03:20:54 - [TEST_STEP][PASSED] - selenium.click("xpath=(//*[@class='js-question js-app-page-medical-question-wrapper'])[" + i + "]/div/button[1]"): null

2020-03-10 03:20:55 - [TEST_STEP][PASSED] - selenium.click("xpath=(//*[@class='js-question js-app-page-medical-question-wrapper'])[" + i + "]/div/button[1]"): null

2020-03-10 03:20:55 - [TEST_STEP][PASSED] - selenium.click("xpath=(//*[@class='js-question js-app-page-medical-question-wrapper'])[" + i + "]/div/button[1]"): null

2020-03-10 03:20:55 - [TEST_STEP][PASSED] - selenium.click("xpath=(//*[@class='js-question js-app-page-medical-question-wrapper'])[" + i + "]/div/button[1]"): null

2020-03-10 03:20:56 - [TEST_STEP][PASSED] - selenium.click("xpath=(//*[@class='js-question js-app-page-medical-question-wrapper'])[" + i + "]/div/button[1]"): null

2020-03-10 03:20:56 - [TEST_STEP][PASSED] - selenium.click("xpath=(//*[@class='js-question js-app-page-medical-question-wrapper'])[" + i + "]/div/button[1]"): null

2020-03-10 03:20:56 - [TEST_STEP][PASSED] - selenium.click("xpath=(//*[@class='js-question js-app-page-medical-question-wrapper'])[" + i + "]/div/button[1]"): null

2020-03-10 03:20:57 - [TEST_STEP][PASSED] - selenium.click("xpath=(//*[@class='js-question js-app-page-medical-question-wrapper'])[" + i + "]/div/button[1]"): null

2020-03-10 03:20:57 - [TEST_STEP][PASSED] - selenium.click("xpath=(//*[@class='js-question js-app-page-medical-question-wrapper'])[" + i + "]/div/button[1]"): null

2020-03-10 03:20:57 - [TEST_STEP][PASSED] - selenium.click("xpath=(//*[@class='js-question js-app-page-medical-question-wrapper'])[" + i + "]/div/button[1]"): null

2020-03-10 03:20:57 - [TEST_STEP][PASSED] - selenium.click("xpath=(//*[@class='js-question js-app-page-medical-question-wrapper'])[" + i + "]/div/button[1]"): null

2020-03-10 03:20:58 - [TEST_STEP][PASSED] - selenium.click("id=js-app-continue-link"): null

2020-03-10 03:20:58 - [TEST_STEP][PASSED] - for ([second = 0, second < 20, (second++)]): null

2020-03-10 03:20:58 - [TEST_STEP][PASSED] - try: null

2020-03-10 03:20:58 - [TEST_STEP][PASSED] - if (selenium.isElementPresent("id=credit-card-number")): null

2020-03-10 03:20:58 - [TEST_STEP][PASSED] - Thread.sleep(1000): null

2020-03-10 03:20:59 - [TEST_STEP][PASSED] - try: null

2020-03-10 03:20:59 - [TEST_STEP][PASSED] - if (selenium.isElementPresent("id=credit-card-number")): null

2020-03-10 03:20:59 - [TEST_STEP][PASSED] - break: null

2020-03-10 03:20:59 - [TEST_STEP][PASSED] - callTestCase(findTestCase("AHI/_include/get_screenshot"), [:], STOP_ON_FAILURE): Call Test Case 'Test Cases/AHI/_include/get_screenshot' successfully

2020-03-10 03:20:59 - [TEST_CASE][PASSED] - Test Cases/AHI/_include/get_screenshot: Test Cases/AHI/_include/get_screenshot

2020-03-10 03:20:59 - [TEST_STEP][PASSED] - Thread.sleep(1000): null

2020-03-10 03:21:00 - [TEST_STEP][PASSED] - takeScreenshot(screenPath + i + ".png"): Taking screenshot successfully

2020-03-10 03:21:01 - [MESSAGE][PASSED] - Taking screenshot successfully
[[ATTACHMENT|D:\\Test\\AgileTest\\Reports\\HIC\\hic\\20200310_030928\\../Screenshots/iPhone X/HIC/Cancer/Cancer/20200310_032000/8.png]]

2020-03-10 03:21:01 - [TEST_STEP][PASSED] - (internal.GlobalVariable.i++): null

2020-03-10 03:21:01 - [MESSAGE][PASSED] - Call Test Case 'Test Cases/AHI/_include/get_screenshot' successfully

2020-03-10 03:21:01 - [TEST_STEP][PASSED] - selenium.type("id=credit-card-number", "4111123123123123"): null

2020-03-10 03:21:01 - [TEST_STEP][PASSED] - selenium.type("id=credit-card-first", "test"): null

2020-03-10 03:21:01 - [TEST_STEP][PASSED] - selenium.type("id=credit-card-last", "test"): null

2020-03-10 03:21:01 - [TEST_STEP][PASSED] - selenium.select("id=expiration-month", "12"): null

2020-03-10 03:21:01 - [TEST_STEP][PASSED] - selenium.select("id=expiration-year", "2026"): null

2020-03-10 03:21:01 - [TEST_STEP][PASSED] - selenium.type("id=credit-card-cvv", "123"): null

2020-03-10 03:21:01 - [TEST_STEP][PASSED] - selenium.type("id=credit-card-number", "4111123123123123"): null

2020-03-10 03:21:01 - [TEST_STEP][PASSED] - selenium.click("id=js-same-billing"): null

2020-03-10 03:21:02 - [TEST_STEP][PASSED] - selenium.click("id=credit-payment-authorization"): null

2020-03-10 03:21:02 - [TEST_STEP][PASSED] - selenium.click("id=js-app-continue-link"): null

2020-03-10 03:21:02 - [TEST_STEP][PASSED] - for ([second = 0, second < 20, (second++)]): null

2020-03-10 03:21:02 - [TEST_STEP][PASSED] - try: null

2020-03-10 03:21:02 - [TEST_STEP][PASSED] - if (selenium.isElementPresent("id=consent-checkbox-0")): null

2020-03-10 03:21:02 - [TEST_STEP][PASSED] - Thread.sleep(1000): null

2020-03-10 03:21:04 - [TEST_STEP][PASSED] - try: null

2020-03-10 03:21:04 - [TEST_STEP][PASSED] - if (selenium.isElementPresent("id=consent-checkbox-0")): null

2020-03-10 03:21:04 - [TEST_STEP][PASSED] - break: null

2020-03-10 03:21:04 - [TEST_STEP][PASSED] - callTestCase(findTestCase("AHI/_include/get_screenshot"), [:], STOP_ON_FAILURE): Call Test Case 'Test Cases/AHI/_include/get_screenshot' successfully

2020-03-10 03:21:04 - [TEST_CASE][PASSED] - Test Cases/AHI/_include/get_screenshot: Test Cases/AHI/_include/get_screenshot

2020-03-10 03:21:04 - [TEST_STEP][PASSED] - Thread.sleep(1000): null

2020-03-10 03:21:05 - [TEST_STEP][PASSED] - takeScreenshot(screenPath + i + ".png"): Taking screenshot successfully

2020-03-10 03:21:05 - [MESSAGE][PASSED] - Taking screenshot successfully
[[ATTACHMENT|D:\\Test\\AgileTest\\Reports\\HIC\\hic\\20200310_030928\\../Screenshots/iPhone X/HIC/Cancer/Cancer/20200310_032000/9.png]]

2020-03-10 03:21:05 - [TEST_STEP][PASSED] - (internal.GlobalVariable.i++): null

2020-03-10 03:21:05 - [MESSAGE][PASSED] - Call Test Case 'Test Cases/AHI/_include/get_screenshot' successfully

2020-03-10 03:21:05 - [TEST_STEP][PASSED] - selenium.click("id=consent-checkbox-0"): null

2020-03-10 03:21:05 - [TEST_STEP][PASSED] - selenium.click("id=js-signature-tab"): null

2020-03-10 03:21:05 - [TEST_STEP][PASSED] - selenium.click("id=js-app-continue-link"): null

2020-03-10 03:21:06 - [TEST_STEP][PASSED] - for ([second = 0, second < 30, (second++)]): null

2020-03-10 03:21:06 - [TEST_STEP][PASSED] - try: null

2020-03-10 03:21:06 - [TEST_STEP][PASSED] - if (selenium.isElementPresent("xpath=//h2[contains(text(),'Thank You')]")): null

2020-03-10 03:21:06 - [TEST_STEP][PASSED] - Thread.sleep(1000): null

2020-03-10 03:21:07 - [TEST_STEP][PASSED] - try: null

2020-03-10 03:21:07 - [TEST_STEP][PASSED] - if (selenium.isElementPresent("xpath=//h2[contains(text(),'Thank You')]")): null

2020-03-10 03:21:07 - [TEST_STEP][PASSED] - Thread.sleep(1000): null

2020-03-10 03:21:08 - [TEST_STEP][PASSED] - try: null

2020-03-10 03:21:08 - [TEST_STEP][PASSED] - if (selenium.isElementPresent("xpath=//h2[contains(text(),'Thank You')]")): null

2020-03-10 03:21:08 - [TEST_STEP][PASSED] - Thread.sleep(1000): null

2020-03-10 03:21:09 - [TEST_STEP][PASSED] - try: null

2020-03-10 03:21:09 - [TEST_STEP][PASSED] - if (selenium.isElementPresent("xpath=//h2[contains(text(),'Thank You')]")): null

2020-03-10 03:21:09 - [TEST_STEP][PASSED] - Thread.sleep(1000): null

2020-03-10 03:21:10 - [TEST_STEP][PASSED] - try: null

2020-03-10 03:21:10 - [TEST_STEP][PASSED] - if (selenium.isElementPresent("xpath=//h2[contains(text(),'Thank You')]")): null

2020-03-10 03:21:11 - [TEST_STEP][PASSED] - Thread.sleep(1000): null

2020-03-10 03:21:12 - [TEST_STEP][PASSED] - try: null

2020-03-10 03:21:12 - [TEST_STEP][PASSED] - if (selenium.isElementPresent("xpath=//h2[contains(text(),'Thank You')]")): null

2020-03-10 03:21:12 - [TEST_STEP][PASSED] - Thread.sleep(1000): null

2020-03-10 03:21:13 - [TEST_STEP][PASSED] - try: null

2020-03-10 03:21:13 - [TEST_STEP][PASSED] - if (selenium.isElementPresent("xpath=//h2[contains(text(),'Thank You')]")): null

2020-03-10 03:21:13 - [TEST_STEP][PASSED] - Thread.sleep(1000): null

2020-03-10 03:21:14 - [TEST_STEP][PASSED] - try: null

2020-03-10 03:21:14 - [TEST_STEP][PASSED] - if (selenium.isElementPresent("xpath=//h2[contains(text(),'Thank You')]")): null

2020-03-10 03:21:14 - [TEST_STEP][PASSED] - Thread.sleep(1000): null

2020-03-10 03:21:15 - [TEST_STEP][PASSED] - try: null

2020-03-10 03:21:15 - [TEST_STEP][PASSED] - if (selenium.isElementPresent("xpath=//h2[contains(text(),'Thank You')]")): null

2020-03-10 03:21:15 - [TEST_STEP][PASSED] - Thread.sleep(1000): null

2020-03-10 03:21:16 - [TEST_STEP][PASSED] - try: null

2020-03-10 03:21:16 - [TEST_STEP][PASSED] - if (selenium.isElementPresent("xpath=//h2[contains(text(),'Thank You')]")): null

2020-03-10 03:21:16 - [TEST_STEP][PASSED] - Thread.sleep(1000): null

2020-03-10 03:21:17 - [TEST_STEP][PASSED] - try: null

2020-03-10 03:21:17 - [TEST_STEP][PASSED] - if (selenium.isElementPresent("xpath=//h2[contains(text(),'Thank You')]")): null

2020-03-10 03:21:17 - [TEST_STEP][PASSED] - Thread.sleep(1000): null

2020-03-10 03:21:18 - [TEST_STEP][PASSED] - try: null

2020-03-10 03:21:18 - [TEST_STEP][PASSED] - if (selenium.isElementPresent("xpath=//h2[contains(text(),'Thank You')]")): null

2020-03-10 03:21:18 - [TEST_STEP][PASSED] - Thread.sleep(1000): null

2020-03-10 03:21:19 - [TEST_STEP][PASSED] - try: null

2020-03-10 03:21:19 - [TEST_STEP][PASSED] - if (selenium.isElementPresent("xpath=//h2[contains(text(),'Thank You')]")): null

2020-03-10 03:21:19 - [TEST_STEP][PASSED] - Thread.sleep(1000): null

2020-03-10 03:21:20 - [TEST_STEP][PASSED] - try: null

2020-03-10 03:21:20 - [TEST_STEP][PASSED] - if (selenium.isElementPresent("xpath=//h2[contains(text(),'Thank You')]")): null

2020-03-10 03:21:20 - [TEST_STEP][PASSED] - Thread.sleep(1000): null

2020-03-10 03:21:21 - [TEST_STEP][PASSED] - try: null

2020-03-10 03:21:21 - [TEST_STEP][PASSED] - if (selenium.isElementPresent("xpath=//h2[contains(text(),'Thank You')]")): null

2020-03-10 03:21:21 - [TEST_STEP][PASSED] - Thread.sleep(1000): null

2020-03-10 03:21:22 - [TEST_STEP][PASSED] - try: null

2020-03-10 03:21:22 - [TEST_STEP][PASSED] - if (selenium.isElementPresent("xpath=//h2[contains(text(),'Thank You')]")): null

2020-03-10 03:21:22 - [TEST_STEP][PASSED] - Thread.sleep(1000): null

2020-03-10 03:21:23 - [TEST_STEP][PASSED] - try: null

2020-03-10 03:21:23 - [TEST_STEP][PASSED] - if (selenium.isElementPresent("xpath=//h2[contains(text(),'Thank You')]")): null

2020-03-10 03:21:23 - [TEST_STEP][PASSED] - break: null

2020-03-10 03:21:23 - [TEST_STEP][PASSED] - callTestCase(findTestCase("AHI/_include/get_screenshot"), [:], STOP_ON_FAILURE): Call Test Case 'Test Cases/AHI/_include/get_screenshot' successfully

2020-03-10 03:21:23 - [TEST_CASE][PASSED] - Test Cases/AHI/_include/get_screenshot: Test Cases/AHI/_include/get_screenshot

2020-03-10 03:21:23 - [TEST_STEP][PASSED] - Thread.sleep(1000): null

2020-03-10 03:21:24 - [TEST_STEP][PASSED] - takeScreenshot(screenPath + i + ".png"): Taking screenshot successfully

2020-03-10 03:21:25 - [MESSAGE][PASSED] - Taking screenshot successfully
[[ATTACHMENT|D:\\Test\\AgileTest\\Reports\\HIC\\hic\\20200310_030928\\../Screenshots/iPhone X/HIC/Cancer/Cancer/20200310_032000/10.png]]

2020-03-10 03:21:25 - [TEST_STEP][PASSED] - (internal.GlobalVariable.i++): null

2020-03-10 03:21:25 - [MESSAGE][PASSED] - Call Test Case 'Test Cases/AHI/_include/get_screenshot' successfully]]></system-out>
         <system-err><![CDATA[]]></system-err>
      </testcase>
      <testcase name="Test Cases/HIC/New/Dental" classname="Test Cases/HIC/New/Dental" status="PASSED">
         <system-out><![CDATA[2020-03-10 03:21:25 - [TEST_CASE][PASSED] - Test Cases/HIC/New/Dental: Test Cases/HIC/New/Dental

2020-03-10 03:21:25 - [TEST_STEP][PASSED] - callTestCase(findTestCase("HIC/_include/get_hicScreenPath"), ["project":"HIC", "productLine":"Dental", "carrierName":"USA Access"], CONTINUE_ON_FAILURE): Call Test Case 'Test Cases/HIC/_include/get_hicScreenPath' successfully

2020-03-10 03:21:25 - [TEST_CASE][PASSED] - Test Cases/HIC/_include/get_hicScreenPath: Test Cases/HIC/_include/get_hicScreenPath

2020-03-10 03:21:25 - [TEST_STEP][PASSED] - m = getExecutionProperties(): null

2020-03-10 03:21:25 - [TEST_STEP][PASSED] - deviceName = get("mobileEmulation").get("deviceName"): null

2020-03-10 03:21:25 - [TEST_STEP][PASSED] - println(deviceName): null

2020-03-10 03:21:25 - [TEST_STEP][PASSED] - now = new java.util.Date(): null

2020-03-10 03:21:25 - [TEST_STEP][PASSED] - mydate = now.format("yyyyMMdd_HHmmss"): null

2020-03-10 03:21:25 - [TEST_STEP][PASSED] - screenPath = "../Screenshots/": null

2020-03-10 03:21:25 - [TEST_STEP][PASSED] - screenPath = screenPath + deviceName + "/" + project + "/" + productLine + "/" + carrierName + "/" + mydate + "/": null

2020-03-10 03:21:25 - [TEST_STEP][PASSED] - println(screenPath): null

2020-03-10 03:21:25 - [MESSAGE][PASSED] - Call Test Case 'Test Cases/HIC/_include/get_hicScreenPath' successfully

2020-03-10 03:21:25 - [TEST_STEP][PASSED] - i = 0: null

2020-03-10 03:21:25 - [TEST_STEP][PASSED] - callTestCase(findTestCase("AHI/_include/openWebSite"), ["env":env], CONTINUE_ON_FAILURE): Call Test Case 'Test Cases/AHI/_include/openWebSite' successfully

2020-03-10 03:21:25 - [TEST_CASE][PASSED] - Test Cases/AHI/_include/openWebSite: Test Cases/AHI/_include/openWebSite

2020-03-10 03:21:25 - [TEST_STEP][PASSED] - openBrowser(env): Browser is opened with url: 'https://qa.healthinsurance.com'

2020-03-10 03:21:25 - [MESSAGE][WARNING] - A browser is already opened. Closing browser and opening a new one

2020-03-10 03:21:26 - [MESSAGE][INFO] - Starting 'Chrome' driver

2020-03-10 03:21:26 - [MESSAGE][INFO] - User set preference: ['mobileEmulation', '{deviceName=iPhone X}']

2020-03-10 03:21:26 - [MESSAGE][INFO] - User set preference: ['args', '[--incognito, --aggressive-cache-discard, --no-sandbox, --window-size=375,812, --ignore-certificate-errors]']

2020-03-10 03:21:28 - [MESSAGE][PASSED] - Browser is opened with url: 'https://qa.healthinsurance.com'

2020-03-10 03:21:28 - [TEST_STEP][PASSED] - waitForPageLoad(20): Wait for page load successfully

2020-03-10 03:21:28 - [MESSAGE][PASSED] - Wait for page load successfully

2020-03-10 03:21:28 - [TEST_STEP][PASSED] - callTestCase(findTestCase("AHI/_include/get_screenshot"), [:], STOP_ON_FAILURE): Call Test Case 'Test Cases/AHI/_include/get_screenshot' successfully

2020-03-10 03:21:28 - [TEST_CASE][PASSED] - Test Cases/AHI/_include/get_screenshot: Test Cases/AHI/_include/get_screenshot

2020-03-10 03:21:28 - [TEST_STEP][PASSED] - Thread.sleep(1000): null

2020-03-10 03:21:29 - [TEST_STEP][PASSED] - takeScreenshot(screenPath + i + ".png"): Taking screenshot successfully

2020-03-10 03:21:29 - [MESSAGE][PASSED] - Taking screenshot successfully
[[ATTACHMENT|D:\\Test\\AgileTest\\Reports\\HIC\\hic\\20200310_030928\\../Screenshots/iPhone X/HIC/Dental/USA Access/20200310_032125/0.png]]

2020-03-10 03:21:29 - [TEST_STEP][PASSED] - (internal.GlobalVariable.i++): null

2020-03-10 03:21:29 - [MESSAGE][PASSED] - Call Test Case 'Test Cases/AHI/_include/get_screenshot' successfully

2020-03-10 03:21:29 - [MESSAGE][PASSED] - Call Test Case 'Test Cases/AHI/_include/openWebSite' successfully

2020-03-10 03:21:29 - [TEST_STEP][PASSED] - driver = getWebDriver(): null

2020-03-10 03:21:29 - [TEST_STEP][PASSED] - baseUrl = env: null

2020-03-10 03:21:29 - [TEST_STEP][PASSED] - selenium = new com.thoughtworks.selenium.webdriven.WebDriverBackedSelenium(driver, baseUrl): null

2020-03-10 03:21:29 - [TEST_STEP][PASSED] - selenium.click("id=product-lines"): null

2020-03-10 03:21:30 - [TEST_STEP][PASSED] - selenium.click("//*[@id='product-lines']/following::div/button[contains(text(),'Dental')]"): null

2020-03-10 03:21:30 - [TEST_STEP][PASSED] - selenium.click("//button[contains(text(),'COMPARE HEALTHPLANS')]"): null

2020-03-10 03:21:30 - [TEST_STEP][PASSED] - for ([second = 0, second < 10, (second++)]): null

2020-03-10 03:21:30 - [TEST_STEP][PASSED] - try: null

2020-03-10 03:21:30 - [TEST_STEP][PASSED] - if (selenium.isElementPresent("id=zip")): null

2020-03-10 03:21:30 - [TEST_STEP][PASSED] - Thread.sleep(1000): null

2020-03-10 03:21:31 - [TEST_STEP][PASSED] - try: null

2020-03-10 03:21:31 - [TEST_STEP][PASSED] - if (selenium.isElementPresent("id=zip")): null

2020-03-10 03:21:31 - [TEST_STEP][PASSED] - break: null

2020-03-10 03:21:31 - [TEST_STEP][PASSED] - callTestCase(findTestCase("AHI/_include/get_screenshot"), [:], STOP_ON_FAILURE): Call Test Case 'Test Cases/AHI/_include/get_screenshot' successfully

2020-03-10 03:21:31 - [TEST_CASE][PASSED] - Test Cases/AHI/_include/get_screenshot: Test Cases/AHI/_include/get_screenshot

2020-03-10 03:21:31 - [TEST_STEP][PASSED] - Thread.sleep(1000): null

2020-03-10 03:21:32 - [TEST_STEP][PASSED] - takeScreenshot(screenPath + i + ".png"): Taking screenshot successfully

2020-03-10 03:21:32 - [MESSAGE][PASSED] - Taking screenshot successfully
[[ATTACHMENT|D:\\Test\\AgileTest\\Reports\\HIC\\hic\\20200310_030928\\../Screenshots/iPhone X/HIC/Dental/USA Access/20200310_032125/1.png]]

2020-03-10 03:21:32 - [TEST_STEP][PASSED] - (internal.GlobalVariable.i++): null

2020-03-10 03:21:32 - [MESSAGE][PASSED] - Call Test Case 'Test Cases/AHI/_include/get_screenshot' successfully

2020-03-10 03:21:32 - [TEST_STEP][PASSED] - Thread.sleep(2000): null

2020-03-10 03:21:34 - [TEST_STEP][PASSED] - callTestCase(findTestCase("HIC/_include/stm_census"), ["zipcode":"35215"], STOP_ON_FAILURE): Call Test Case 'Test Cases/HIC/_include/stm_census' successfully

2020-03-10 03:21:34 - [TEST_CASE][PASSED] - Test Cases/HIC/_include/stm_census: Test Cases/HIC/_include/stm_census

2020-03-10 03:21:35 - [TEST_STEP][PASSED] - Thread.sleep(2000): null

2020-03-10 03:21:37 - [TEST_STEP][PASSED] - setText(findTestObject("hic/stm/census/zip"), zipcode): Text '35215' is set on object 'Object Repository/hic/stm/census/zip'

2020-03-10 03:21:37 - [MESSAGE][PASSED] - Text '35215' is set on object 'Object Repository/hic/stm/census/zip'

2020-03-10 03:21:37 - [TEST_STEP][PASSED] - Thread.sleep(500): null

2020-03-10 03:21:37 - [TEST_STEP][PASSED] - setText(findTestObject("hic/stm/census/primaryDOB"), "03031987"): Text '03031987' is set on object 'Object Repository/hic/stm/census/primaryDOB'

2020-03-10 03:21:38 - [MESSAGE][PASSED] - Text '03031987' is set on object 'Object Repository/hic/stm/census/primaryDOB'

2020-03-10 03:21:38 - [TEST_STEP][PASSED] - click(findTestObject("hic/stm/census/female")): Object: 'Object Repository/hic/stm/census/female' is clicked on

2020-03-10 03:21:38 - [MESSAGE][PASSED] - Object: 'Object Repository/hic/stm/census/female' is clicked on

2020-03-10 03:21:38 - [TEST_STEP][PASSED] - Thread.sleep(3000): null

2020-03-10 03:21:41 - [TEST_STEP][PASSED] - waitForElementClickable(findTestObject("hic/stm/census/submitButton"), 20): Object 'Object Repository/hic/stm/census/submitButton' is clickable

2020-03-10 03:21:41 - [MESSAGE][PASSED] - Object 'Object Repository/hic/stm/census/submitButton' is clickable

2020-03-10 03:21:41 - [TEST_STEP][PASSED] - click(findTestObject("hic/stm/census/submitButton")): Object: 'Object Repository/hic/stm/census/submitButton' is clicked on

2020-03-10 03:21:42 - [MESSAGE][PASSED] - Object: 'Object Repository/hic/stm/census/submitButton' is clicked on

2020-03-10 03:21:42 - [TEST_STEP][PASSED] - Thread.sleep(6000): null

2020-03-10 03:21:48 - [TEST_STEP][PASSED] - callTestCase(findTestCase("AHI/_include/check_quoteleadform"), [:], STOP_ON_FAILURE): Call Test Case 'Test Cases/AHI/_include/check_quoteleadform' successfully

2020-03-10 03:21:48 - [TEST_CASE][PASSED] - Test Cases/AHI/_include/check_quoteleadform: Test Cases/AHI/_include/check_quoteleadform

2020-03-10 03:21:48 - [TEST_STEP][PASSED] - callTestCase(findTestCase("AHI/_include/name"), [:], CONTINUE_ON_FAILURE): Call Test Case 'Test Cases/AHI/_include/name' successfully

2020-03-10 03:21:48 - [TEST_CASE][PASSED] - Test Cases/AHI/_include/name: Test Cases/AHI/_include/name

2020-03-10 03:21:48 - [TEST_STEP][PASSED] - driver = getWebDriver(): null

2020-03-10 03:21:48 - [TEST_STEP][PASSED] - selenium = new com.thoughtworks.selenium.webdriven.WebDriverBackedSelenium(driver, internal.GlobalVariable.ENV): null

2020-03-10 03:21:48 - [TEST_STEP][PASSED] - FirstName = "Test-123": null

2020-03-10 03:21:48 - [TEST_STEP][PASSED] - LastName = selenium.getEval("{var x="ABCDEFGHIJKLMNOPQRSTUVWXYZabcdefghijklmnopqrstuvwxyz"; var tmp="ZZ11-"; for (i=0;i<8;i++) tmp+=x.charAt(Math.ceil(51*Math.random()));tmp;}"): null

2020-03-10 03:21:48 - [TEST_STEP][PASSED] - Address = selenium.getEval("{var x="ABCDEFGHIJKLMNOPQRSTUVWXYZabcdefghijklmnopqrstuvwxyz"; var tmp=""; for (i=0;i<8;i++) tmp+=x.charAt(Math.ceil(51*Math.random()));tmp;}"): null

2020-03-10 03:21:48 - [TEST_STEP][PASSED] - City = selenium.getEval("{var x="ABCDEFGHIJKLMNOPQRSTUVWXYZabcdefghijklmnopqrstuvwxyz"; var tmp=""; for (i=0;i<8;i++) tmp+=x.charAt(Math.ceil(51*Math.random()));tmp;}"): null

2020-03-10 03:21:48 - [TEST_STEP][PASSED] - tel1 = selenium.getEval("{var x="123456789"; var tmp=""; for (i=0;i<3;i++) tmp+=x.charAt(Math.ceil(8*Math.random()));tmp;}"): null

2020-03-10 03:21:48 - [TEST_STEP][PASSED] - tel2 = selenium.getEval("{var x="123456789"; var tmp=""; for (i=0;i<3;i++) tmp+=x.charAt(Math.ceil(8*Math.random()));tmp;}"): null

2020-03-10 03:21:48 - [TEST_STEP][PASSED] - tel3 = selenium.getEval("{var x="123456789"; var tmp=""; for (i=0;i<4;i++) tmp+=x.charAt(Math.ceil(8*Math.random()));tmp;}"): null

2020-03-10 03:21:48 - [TEST_STEP][PASSED] - Tel = selenium.getExpression(tel1 + "-" + tel2 + "-" + tel3): null

2020-03-10 03:21:48 - [TEST_STEP][PASSED] - AutoEmail = selenium.getEval("{var x="ABCDEFGHIJKLMNOPQRSTUVWXYZabcdefghijklmnopqrstuvwxyz"; var tmp="test."; for (i=0;i<8;i++) tmp+=x.charAt(Math.ceil(51*Math.random()));tmp+="@suryani.cn";}"): null

2020-03-10 03:21:48 - [TEST_STEP][PASSED] - FirstName = FirstName: null

2020-03-10 03:21:48 - [TEST_STEP][PASSED] - LastName = LastName: null

2020-03-10 03:21:48 - [TEST_STEP][PASSED] - Address = Address: null

2020-03-10 03:21:48 - [TEST_STEP][PASSED] - City = City: null

2020-03-10 03:21:48 - [TEST_STEP][PASSED] - Tel = Tel: null

2020-03-10 03:21:48 - [TEST_STEP][PASSED] - AutoEmail = AutoEmail: null

2020-03-10 03:21:48 - [TEST_STEP][PASSED] - println(FirstName): null

2020-03-10 03:21:48 - [TEST_STEP][PASSED] - println(LastName): null

2020-03-10 03:21:48 - [TEST_STEP][PASSED] - println(Address): null

2020-03-10 03:21:48 - [TEST_STEP][PASSED] - println(City): null

2020-03-10 03:21:48 - [TEST_STEP][PASSED] - println(Tel): null

2020-03-10 03:21:48 - [TEST_STEP][PASSED] - println(AutoEmail): null

2020-03-10 03:21:48 - [MESSAGE][PASSED] - Call Test Case 'Test Cases/AHI/_include/name' successfully

2020-03-10 03:21:48 - [TEST_STEP][PASSED] - leadform_exist = test.MobileKeywords.isElementPresent_Web(findTestObject("mobileSanity/quote lead form/lead_form"), 20): test.MobileKeywords.isElementPresent_Web is PASSED

2020-03-10 03:22:09 - [MESSAGE][INFO] - Unable to find the element located by 'By.xpath: //*[@id = 'lightboxLeadForm']'. Please recheck the objects properties to make sure the desired element is located. 

2020-03-10 03:22:09 - [MESSAGE][PASSED] - test.MobileKeywords.isElementPresent_Web is PASSED

2020-03-10 03:22:09 - [TEST_STEP][PASSED] - if (leadform_exist): null

2020-03-10 03:22:09 - [MESSAGE][PASSED] - Call Test Case 'Test Cases/AHI/_include/check_quoteleadform' successfully

2020-03-10 03:22:09 - [TEST_STEP][PASSED] - callTestCase(findTestCase("AHI/_include/get_screenshot"), [:], STOP_ON_FAILURE): Call Test Case 'Test Cases/AHI/_include/get_screenshot' successfully

2020-03-10 03:22:09 - [TEST_CASE][PASSED] - Test Cases/AHI/_include/get_screenshot: Test Cases/AHI/_include/get_screenshot

2020-03-10 03:22:09 - [TEST_STEP][PASSED] - Thread.sleep(1000): null

2020-03-10 03:22:10 - [TEST_STEP][PASSED] - takeScreenshot(screenPath + i + ".png"): Taking screenshot successfully

2020-03-10 03:22:10 - [MESSAGE][PASSED] - Taking screenshot successfully
[[ATTACHMENT|D:\\Test\\AgileTest\\Reports\\HIC\\hic\\20200310_030928\\../Screenshots/iPhone X/HIC/Dental/USA Access/20200310_032125/2.png]]

2020-03-10 03:22:10 - [TEST_STEP][PASSED] - (internal.GlobalVariable.i++): null

2020-03-10 03:22:10 - [MESSAGE][PASSED] - Call Test Case 'Test Cases/AHI/_include/get_screenshot' successfully

2020-03-10 03:22:10 - [TEST_STEP][PASSED] - Thread.sleep(1000): null

2020-03-10 03:22:11 - [MESSAGE][PASSED] - Call Test Case 'Test Cases/HIC/_include/stm_census' successfully

2020-03-10 03:22:11 - [TEST_STEP][PASSED] - click(findTestObject("mobileSanity/Dental/filter/btn_filter")): Object: 'Object Repository/mobileSanity/Dental/filter/btn_filter' is clicked on

2020-03-10 03:22:11 - [MESSAGE][PASSED] - Object: 'Object Repository/mobileSanity/Dental/filter/btn_filter' is clicked on

2020-03-10 03:22:11 - [TEST_STEP][PASSED] - waitForElementVisible(findTestObject("mobileSanity/Dental/filter/btn_company"), 10): Object 'Object Repository/mobileSanity/Dental/filter/btn_company' is visible

2020-03-10 03:22:11 - [MESSAGE][PASSED] - Object 'Object Repository/mobileSanity/Dental/filter/btn_company' is visible

2020-03-10 03:22:11 - [TEST_STEP][PASSED] - click(findTestObject("mobileSanity/Dental/filter/btn_company")): Object: 'Object Repository/mobileSanity/Dental/filter/btn_company' is clicked on

2020-03-10 03:22:12 - [MESSAGE][PASSED] - Object: 'Object Repository/mobileSanity/Dental/filter/btn_company' is clicked on

2020-03-10 03:22:12 - [TEST_STEP][PASSED] - Thread.sleep(2000): null

2020-03-10 03:22:14 - [TEST_STEP][PASSED] - click(findTestObject("mobileSanity/Dental/filter/btn_usa")): Object: 'Object Repository/mobileSanity/Dental/filter/btn_usa' is clicked on

2020-03-10 03:22:14 - [MESSAGE][PASSED] - Object: 'Object Repository/mobileSanity/Dental/filter/btn_usa' is clicked on

2020-03-10 03:22:14 - [TEST_STEP][PASSED] - waitForJQueryLoad(20, STOP_ON_FAILURE): jQuery is ready.

2020-03-10 03:22:15 - [MESSAGE][PASSED] - jQuery is ready.

2020-03-10 03:22:15 - [TEST_STEP][PASSED] - callTestCase(findTestCase("AHI/_include/get_screenshot"), [:], STOP_ON_FAILURE): Call Test Case 'Test Cases/AHI/_include/get_screenshot' successfully

2020-03-10 03:22:15 - [TEST_CASE][PASSED] - Test Cases/AHI/_include/get_screenshot: Test Cases/AHI/_include/get_screenshot

2020-03-10 03:22:15 - [TEST_STEP][PASSED] - Thread.sleep(1000): null

2020-03-10 03:22:16 - [TEST_STEP][PASSED] - takeScreenshot(screenPath + i + ".png"): Taking screenshot successfully

2020-03-10 03:22:16 - [MESSAGE][PASSED] - Taking screenshot successfully
[[ATTACHMENT|D:\\Test\\AgileTest\\Reports\\HIC\\hic\\20200310_030928\\../Screenshots/iPhone X/HIC/Dental/USA Access/20200310_032125/3.png]]

2020-03-10 03:22:16 - [TEST_STEP][PASSED] - (internal.GlobalVariable.i++): null

2020-03-10 03:22:16 - [MESSAGE][PASSED] - Call Test Case 'Test Cases/AHI/_include/get_screenshot' successfully

2020-03-10 03:22:16 - [TEST_STEP][PASSED] - click(findTestObject("mobileSanity/Dental/filter/btn_filter")): Object: 'Object Repository/mobileSanity/Dental/filter/btn_filter' is clicked on

2020-03-10 03:22:16 - [MESSAGE][PASSED] - Object: 'Object Repository/mobileSanity/Dental/filter/btn_filter' is clicked on

2020-03-10 03:22:16 - [TEST_STEP][PASSED] - Thread.sleep(2000): null

2020-03-10 03:22:18 - [TEST_STEP][PASSED] - scrollToPosition(0, 600): Browser is scrolled to position x = 0, y = 600

2020-03-10 03:22:18 - [MESSAGE][PASSED] - Browser is scrolled to position x = 0, y = 600

2020-03-10 03:22:18 - [TEST_STEP][PASSED] - Thread.sleep(2000): null

2020-03-10 03:22:20 - [TEST_STEP][PASSED] - click(findTestObject("mobileSanity/Dental/quote/a_Select This Plan")): Object: 'Object Repository/mobileSanity/Dental/quote/a_Select This Plan' is clicked on

2020-03-10 03:22:21 - [MESSAGE][PASSED] - Object: 'Object Repository/mobileSanity/Dental/quote/a_Select This Plan' is clicked on

2020-03-10 03:22:21 - [TEST_STEP][PASSED] - waitForPageLoad(10): Wait for page load successfully

2020-03-10 03:22:21 - [MESSAGE][PASSED] - Wait for page load successfully

2020-03-10 03:22:21 - [TEST_STEP][PASSED] - callTestCase(findTestCase("AHI/_include/get_screenshot"), [:], STOP_ON_FAILURE): Call Test Case 'Test Cases/AHI/_include/get_screenshot' successfully

2020-03-10 03:22:21 - [TEST_CASE][PASSED] - Test Cases/AHI/_include/get_screenshot: Test Cases/AHI/_include/get_screenshot

2020-03-10 03:22:21 - [TEST_STEP][PASSED] - Thread.sleep(1000): null

2020-03-10 03:22:22 - [TEST_STEP][PASSED] - takeScreenshot(screenPath + i + ".png"): Taking screenshot successfully

2020-03-10 03:22:23 - [MESSAGE][PASSED] - Taking screenshot successfully
[[ATTACHMENT|D:\\Test\\AgileTest\\Reports\\HIC\\hic\\20200310_030928\\../Screenshots/iPhone X/HIC/Dental/USA Access/20200310_032125/4.png]]

2020-03-10 03:22:23 - [TEST_STEP][PASSED] - (internal.GlobalVariable.i++): null

2020-03-10 03:22:23 - [MESSAGE][PASSED] - Call Test Case 'Test Cases/AHI/_include/get_screenshot' successfully

2020-03-10 03:22:23 - [TEST_STEP][PASSED] - Thread.sleep(2000): null

2020-03-10 03:22:25 - [TEST_STEP][PASSED] - click(findTestObject("mobileSanity/Dental/apply/span_Start Secure Application")): Object: 'Object Repository/mobileSanity/Dental/apply/span_Start Secure Application' is clicked on

2020-03-10 03:22:25 - [MESSAGE][PASSED] - Object: 'Object Repository/mobileSanity/Dental/apply/span_Start Secure Application' is clicked on

2020-03-10 03:22:25 - [TEST_STEP][PASSED] - waitForPageLoad(10): Wait for page load successfully

2020-03-10 03:22:25 - [MESSAGE][PASSED] - Wait for page load successfully

2020-03-10 03:22:25 - [TEST_STEP][PASSED] - Thread.sleep(2000): null

2020-03-10 03:22:27 - [TEST_STEP][PASSED] - callTestCase(findTestCase("AHI/_include/get_screenshot"), [:], STOP_ON_FAILURE): Call Test Case 'Test Cases/AHI/_include/get_screenshot' successfully

2020-03-10 03:22:27 - [TEST_CASE][PASSED] - Test Cases/AHI/_include/get_screenshot: Test Cases/AHI/_include/get_screenshot

2020-03-10 03:22:27 - [TEST_STEP][PASSED] - Thread.sleep(1000): null

2020-03-10 03:22:28 - [TEST_STEP][PASSED] - takeScreenshot(screenPath + i + ".png"): Taking screenshot successfully

2020-03-10 03:22:29 - [MESSAGE][PASSED] - Taking screenshot successfully
[[ATTACHMENT|D:\\Test\\AgileTest\\Reports\\HIC\\hic\\20200310_030928\\../Screenshots/iPhone X/HIC/Dental/USA Access/20200310_032125/5.png]]

2020-03-10 03:22:29 - [TEST_STEP][PASSED] - (internal.GlobalVariable.i++): null

2020-03-10 03:22:29 - [MESSAGE][PASSED] - Call Test Case 'Test Cases/AHI/_include/get_screenshot' successfully

2020-03-10 03:22:29 - [TEST_STEP][PASSED] - callTestCase(findTestCase("AHI/_include/goToEnd_dental"), ["carrier":"usa"], CONTINUE_ON_FAILURE): Call Test Case 'Test Cases/AHI/_include/goToEnd_dental' successfully

2020-03-10 03:22:29 - [TEST_CASE][PASSED] - Test Cases/AHI/_include/goToEnd_dental: Test Cases/AHI/_include/goToEnd_dental

2020-03-10 03:22:29 - [TEST_STEP][PASSED] - callTestCase(findTestCase("AHI/_include/name"), [:], CONTINUE_ON_FAILURE): Call Test Case 'Test Cases/AHI/_include/name' successfully

2020-03-10 03:22:29 - [TEST_CASE][PASSED] - Test Cases/AHI/_include/name: Test Cases/AHI/_include/name

2020-03-10 03:22:29 - [TEST_STEP][PASSED] - driver = getWebDriver(): null

2020-03-10 03:22:29 - [TEST_STEP][PASSED] - selenium = new com.thoughtworks.selenium.webdriven.WebDriverBackedSelenium(driver, internal.GlobalVariable.ENV): null

2020-03-10 03:22:30 - [TEST_STEP][PASSED] - FirstName = "Test-123": null

2020-03-10 03:22:30 - [TEST_STEP][PASSED] - LastName = selenium.getEval("{var x="ABCDEFGHIJKLMNOPQRSTUVWXYZabcdefghijklmnopqrstuvwxyz"; var tmp="ZZ11-"; for (i=0;i<8;i++) tmp+=x.charAt(Math.ceil(51*Math.random()));tmp;}"): null

2020-03-10 03:22:30 - [TEST_STEP][PASSED] - Address = selenium.getEval("{var x="ABCDEFGHIJKLMNOPQRSTUVWXYZabcdefghijklmnopqrstuvwxyz"; var tmp=""; for (i=0;i<8;i++) tmp+=x.charAt(Math.ceil(51*Math.random()));tmp;}"): null

2020-03-10 03:22:30 - [TEST_STEP][PASSED] - City = selenium.getEval("{var x="ABCDEFGHIJKLMNOPQRSTUVWXYZabcdefghijklmnopqrstuvwxyz"; var tmp=""; for (i=0;i<8;i++) tmp+=x.charAt(Math.ceil(51*Math.random()));tmp;}"): null

2020-03-10 03:22:30 - [TEST_STEP][PASSED] - tel1 = selenium.getEval("{var x="123456789"; var tmp=""; for (i=0;i<3;i++) tmp+=x.charAt(Math.ceil(8*Math.random()));tmp;}"): null

2020-03-10 03:22:30 - [TEST_STEP][PASSED] - tel2 = selenium.getEval("{var x="123456789"; var tmp=""; for (i=0;i<3;i++) tmp+=x.charAt(Math.ceil(8*Math.random()));tmp;}"): null

2020-03-10 03:22:30 - [TEST_STEP][PASSED] - tel3 = selenium.getEval("{var x="123456789"; var tmp=""; for (i=0;i<4;i++) tmp+=x.charAt(Math.ceil(8*Math.random()));tmp;}"): null

2020-03-10 03:22:30 - [TEST_STEP][PASSED] - Tel = selenium.getExpression(tel1 + "-" + tel2 + "-" + tel3): null

2020-03-10 03:22:30 - [TEST_STEP][PASSED] - AutoEmail = selenium.getEval("{var x="ABCDEFGHIJKLMNOPQRSTUVWXYZabcdefghijklmnopqrstuvwxyz"; var tmp="test."; for (i=0;i<8;i++) tmp+=x.charAt(Math.ceil(51*Math.random()));tmp+="@suryani.cn";}"): null

2020-03-10 03:22:30 - [TEST_STEP][PASSED] - FirstName = FirstName: null

2020-03-10 03:22:30 - [TEST_STEP][PASSED] - LastName = LastName: null

2020-03-10 03:22:30 - [TEST_STEP][PASSED] - Address = Address: null

2020-03-10 03:22:30 - [TEST_STEP][PASSED] - City = City: null

2020-03-10 03:22:30 - [TEST_STEP][PASSED] - Tel = Tel: null

2020-03-10 03:22:30 - [TEST_STEP][PASSED] - AutoEmail = AutoEmail: null

2020-03-10 03:22:30 - [TEST_STEP][PASSED] - println(FirstName): null

2020-03-10 03:22:30 - [TEST_STEP][PASSED] - println(LastName): null

2020-03-10 03:22:30 - [TEST_STEP][PASSED] - println(Address): null

2020-03-10 03:22:30 - [TEST_STEP][PASSED] - println(City): null

2020-03-10 03:22:30 - [TEST_STEP][PASSED] - println(Tel): null

2020-03-10 03:22:30 - [TEST_STEP][PASSED] - println(AutoEmail): null

2020-03-10 03:22:30 - [MESSAGE][PASSED] - Call Test Case 'Test Cases/AHI/_include/name' successfully

2020-03-10 03:22:30 - [TEST_STEP][PASSED] - Thread.sleep(3000): null

2020-03-10 03:22:33 - [TEST_STEP][PASSED] - setText(findTestObject("mobileSanity/Dental/app_page1/input__member-P-1-firstName"), FirstName): Text 'Test-123' is set on object 'Object Repository/mobileSanity/Dental/app_page1/input__member-P-1-firstName'

2020-03-10 03:22:33 - [MESSAGE][PASSED] - Text 'Test-123' is set on object 'Object Repository/mobileSanity/Dental/app_page1/input__member-P-1-firstName'

2020-03-10 03:22:33 - [TEST_STEP][PASSED] - setText(findTestObject("mobileSanity/Dental/app_page1/input__member-P-1-lastName"), LastName): Text 'ZZ11-CCCZHJUZ' is set on object 'Object Repository/mobileSanity/Dental/app_page1/input__member-P-1-lastName'

2020-03-10 03:22:33 - [MESSAGE][PASSED] - Text 'ZZ11-CCCZHJUZ' is set on object 'Object Repository/mobileSanity/Dental/app_page1/input__member-P-1-lastName'

2020-03-10 03:22:33 - [TEST_STEP][PASSED] - setText(findTestObject("mobileSanity/Dental/app_page1/input__address"), Address): Text 'qZsrRxFF' is set on object 'Object Repository/mobileSanity/Dental/app_page1/input__address'

2020-03-10 03:22:33 - [MESSAGE][PASSED] - Text 'qZsrRxFF' is set on object 'Object Repository/mobileSanity/Dental/app_page1/input__address'

2020-03-10 03:22:33 - [TEST_STEP][PASSED] - setText(findTestObject("mobileSanity/Dental/app_page1/input__city"), City): Text 'LrUOBZbk' is set on object 'Object Repository/mobileSanity/Dental/app_page1/input__city'

2020-03-10 03:22:34 - [MESSAGE][PASSED] - Text 'LrUOBZbk' is set on object 'Object Repository/mobileSanity/Dental/app_page1/input__city'

2020-03-10 03:22:34 - [TEST_STEP][PASSED] - setText(findTestObject("mobileSanity/Dental/app_page1/input__email"), AutoEmail): Text 'test.sCoUXbto@suryani.cn' is set on object 'Object Repository/mobileSanity/Dental/app_page1/input__email'

2020-03-10 03:22:34 - [MESSAGE][PASSED] - Text 'test.sCoUXbto@suryani.cn' is set on object 'Object Repository/mobileSanity/Dental/app_page1/input__email'

2020-03-10 03:22:34 - [TEST_STEP][PASSED] - setText(findTestObject("mobileSanity/Dental/app_page1/input_phone"), Tel): Text '335-958-5875' is set on object 'Object Repository/mobileSanity/Dental/app_page1/input_phone'

2020-03-10 03:22:34 - [MESSAGE][PASSED] - Text '335-958-5875' is set on object 'Object Repository/mobileSanity/Dental/app_page1/input_phone'

2020-03-10 03:22:34 - [TEST_STEP][PASSED] - click(findTestObject("mobileSanity/Dental/app_page1/a_Continue to Step 2 - Payment")): Object: 'Object Repository/mobileSanity/Dental/app_page1/a_Continue to Step 2 - Payment' is clicked on

2020-03-10 03:22:35 - [MESSAGE][PASSED] - Object: 'Object Repository/mobileSanity/Dental/app_page1/a_Continue to Step 2 - Payment' is clicked on

2020-03-10 03:22:35 - [TEST_STEP][PASSED] - waitForPageLoad(10): Wait for page load successfully

2020-03-10 03:22:35 - [MESSAGE][PASSED] - Wait for page load successfully

2020-03-10 03:22:35 - [TEST_STEP][PASSED] - Thread.sleep(2000): null

2020-03-10 03:22:37 - [TEST_STEP][PASSED] - if (carrier == "usa"): null

2020-03-10 03:22:37 - [TEST_STEP][PASSED] - callTestCase(findTestCase("AHI/_include/get_screenshot"), [:], STOP_ON_FAILURE): Call Test Case 'Test Cases/AHI/_include/get_screenshot' successfully

2020-03-10 03:22:37 - [TEST_CASE][PASSED] - Test Cases/AHI/_include/get_screenshot: Test Cases/AHI/_include/get_screenshot

2020-03-10 03:22:37 - [TEST_STEP][PASSED] - Thread.sleep(1000): null

2020-03-10 03:22:38 - [TEST_STEP][PASSED] - takeScreenshot(screenPath + i + ".png"): Taking screenshot successfully

2020-03-10 03:22:38 - [MESSAGE][PASSED] - Taking screenshot successfully
[[ATTACHMENT|D:\\Test\\AgileTest\\Reports\\HIC\\hic\\20200310_030928\\../Screenshots/iPhone X/HIC/Dental/USA Access/20200310_032125/6.png]]

2020-03-10 03:22:38 - [TEST_STEP][PASSED] - (internal.GlobalVariable.i++): null

2020-03-10 03:22:38 - [MESSAGE][PASSED] - Call Test Case 'Test Cases/AHI/_include/get_screenshot' successfully

2020-03-10 03:22:38 - [TEST_STEP][PASSED] - click(findTestObject("mobileSanity/Dental/app_page2/membership/label_ihaveread")): Object: 'Object Repository/mobileSanity/Dental/app_page2/membership/label_ihaveread' is clicked on

2020-03-10 03:22:38 - [MESSAGE][PASSED] - Object: 'Object Repository/mobileSanity/Dental/app_page2/membership/label_ihaveread' is clicked on

2020-03-10 03:22:38 - [TEST_STEP][PASSED] - click(findTestObject("mobileSanity/Dental/app_page2/membership/a_ok")): Object: 'Object Repository/mobileSanity/Dental/app_page2/membership/a_ok' is clicked on

2020-03-10 03:22:38 - [MESSAGE][PASSED] - Object: 'Object Repository/mobileSanity/Dental/app_page2/membership/a_ok' is clicked on

2020-03-10 03:22:38 - [TEST_STEP][PASSED] - Thread.sleep(3000): null

2020-03-10 03:22:41 - [TEST_STEP][PASSED] - callTestCase(findTestCase("AHI/_include/get_screenshot"), [:], STOP_ON_FAILURE): Call Test Case 'Test Cases/AHI/_include/get_screenshot' successfully

2020-03-10 03:22:42 - [TEST_CASE][PASSED] - Test Cases/AHI/_include/get_screenshot: Test Cases/AHI/_include/get_screenshot

2020-03-10 03:22:42 - [TEST_STEP][PASSED] - Thread.sleep(1000): null

2020-03-10 03:22:43 - [TEST_STEP][PASSED] - takeScreenshot(screenPath + i + ".png"): Taking screenshot successfully

2020-03-10 03:22:43 - [MESSAGE][PASSED] - Taking screenshot successfully
[[ATTACHMENT|D:\\Test\\AgileTest\\Reports\\HIC\\hic\\20200310_030928\\../Screenshots/iPhone X/HIC/Dental/USA Access/20200310_032125/7.png]]

2020-03-10 03:22:43 - [TEST_STEP][PASSED] - (internal.GlobalVariable.i++): null

2020-03-10 03:22:43 - [MESSAGE][PASSED] - Call Test Case 'Test Cases/AHI/_include/get_screenshot' successfully

2020-03-10 03:22:43 - [TEST_STEP][PASSED] - setText(findTestObject("mobileSanity/Dental/app_page2/input__credit-card-first"), FirstName): Text 'Test-123' is set on object 'Object Repository/mobileSanity/Dental/app_page2/input__credit-card-first'

2020-03-10 03:22:43 - [MESSAGE][PASSED] - Text 'Test-123' is set on object 'Object Repository/mobileSanity/Dental/app_page2/input__credit-card-first'

2020-03-10 03:22:43 - [TEST_STEP][PASSED] - setText(findTestObject("mobileSanity/Dental/app_page2/input__credit-card-last"), LastName): Text 'ZZ11-CCCZHJUZ' is set on object 'Object Repository/mobileSanity/Dental/app_page2/input__credit-card-last'

2020-03-10 03:22:44 - [MESSAGE][PASSED] - Text 'ZZ11-CCCZHJUZ' is set on object 'Object Repository/mobileSanity/Dental/app_page2/input__credit-card-last'

2020-03-10 03:22:44 - [TEST_STEP][PASSED] - selectOptionByValue(findTestObject("mobileSanity/Dental/app_page2/select_MM010203040506070809101"), "12", true): All options with value '12' are selected in object 'Object Repository/mobileSanity/Dental/app_page2/select_MM010203040506070809101'  using regular expression

2020-03-10 03:22:44 - [MESSAGE][PASSED] - All options with value '12' are selected in object 'Object Repository/mobileSanity/Dental/app_page2/select_MM010203040506070809101'  using regular expression

2020-03-10 03:22:44 - [TEST_STEP][PASSED] - selectOptionByValue(findTestObject("mobileSanity/Dental/app_page2/select_YYYY2019202020212022202"), "2026", true): All options with value '2026' are selected in object 'Object Repository/mobileSanity/Dental/app_page2/select_YYYY2019202020212022202'  using regular expression

2020-03-10 03:22:44 - [MESSAGE][PASSED] - All options with value '2026' are selected in object 'Object Repository/mobileSanity/Dental/app_page2/select_YYYY2019202020212022202'  using regular expression

2020-03-10 03:22:44 - [TEST_STEP][PASSED] - setText(findTestObject("mobileSanity/Dental/app_page2/input__credit-card-number"), "4111111111111111"): Text '4111111111111111' is set on object 'Object Repository/mobileSanity/Dental/app_page2/input__credit-card-number'

2020-03-10 03:22:45 - [MESSAGE][PASSED] - Text '4111111111111111' is set on object 'Object Repository/mobileSanity/Dental/app_page2/input__credit-card-number'

2020-03-10 03:22:45 - [TEST_STEP][PASSED] - setText(findTestObject("mobileSanity/Dental/app_page2/input__cvv"), "123"): Text '123' is set on object 'Object Repository/mobileSanity/Dental/app_page2/input__cvv'

2020-03-10 03:22:45 - [MESSAGE][PASSED] - Text '123' is set on object 'Object Repository/mobileSanity/Dental/app_page2/input__cvv'

2020-03-10 03:22:45 - [TEST_STEP][PASSED] - click(findTestObject("mobileSanity/Dental/app_page2/label_My billing address is th")): Object: 'Object Repository/mobileSanity/Dental/app_page2/label_My billing address is th' is clicked on

2020-03-10 03:22:45 - [MESSAGE][PASSED] - Object: 'Object Repository/mobileSanity/Dental/app_page2/label_My billing address is th' is clicked on

2020-03-10 03:22:45 - [TEST_STEP][PASSED] - click(findTestObject("mobileSanity/Dental/app_page2/label_I Accept Authorization f")): Object: 'Object Repository/mobileSanity/Dental/app_page2/label_I Accept Authorization f' is clicked on

2020-03-10 03:22:45 - [MESSAGE][PASSED] - Object: 'Object Repository/mobileSanity/Dental/app_page2/label_I Accept Authorization f' is clicked on

2020-03-10 03:22:45 - [TEST_STEP][PASSED] - click(findTestObject("mobileSanity/Dental/app_page2/a_Continue to Step 3 - Review")): Object: 'Object Repository/mobileSanity/Dental/app_page2/a_Continue to Step 3 - Review' is clicked on

2020-03-10 03:22:46 - [MESSAGE][PASSED] - Object: 'Object Repository/mobileSanity/Dental/app_page2/a_Continue to Step 3 - Review' is clicked on

2020-03-10 03:22:46 - [TEST_STEP][PASSED] - waitForPageLoad(20): Wait for page load successfully

2020-03-10 03:22:48 - [MESSAGE][PASSED] - Wait for page load successfully

2020-03-10 03:22:48 - [TEST_STEP][PASSED] - Thread.sleep(2000): null

2020-03-10 03:22:50 - [TEST_STEP][PASSED] - waitForElementClickable(findTestObject("mobileSanity/Dental/app_page3/label"), 20): Object 'Object Repository/mobileSanity/Dental/app_page3/label' is clickable

2020-03-10 03:22:56 - [MESSAGE][PASSED] - Object 'Object Repository/mobileSanity/Dental/app_page3/label' is clickable

2020-03-10 03:22:56 - [TEST_STEP][PASSED] - callTestCase(findTestCase("AHI/_include/get_screenshot"), [:], STOP_ON_FAILURE): Call Test Case 'Test Cases/AHI/_include/get_screenshot' successfully

2020-03-10 03:22:56 - [TEST_CASE][PASSED] - Test Cases/AHI/_include/get_screenshot: Test Cases/AHI/_include/get_screenshot

2020-03-10 03:22:56 - [TEST_STEP][PASSED] - Thread.sleep(1000): null

2020-03-10 03:22:57 - [TEST_STEP][PASSED] - takeScreenshot(screenPath + i + ".png"): Taking screenshot successfully

2020-03-10 03:22:58 - [MESSAGE][PASSED] - Taking screenshot successfully
[[ATTACHMENT|D:\\Test\\AgileTest\\Reports\\HIC\\hic\\20200310_030928\\../Screenshots/iPhone X/HIC/Dental/USA Access/20200310_032125/8.png]]

2020-03-10 03:22:58 - [TEST_STEP][PASSED] - (internal.GlobalVariable.i++): null

2020-03-10 03:22:58 - [MESSAGE][PASSED] - Call Test Case 'Test Cases/AHI/_include/get_screenshot' successfully

2020-03-10 03:22:58 - [TEST_STEP][PASSED] - click(findTestObject("mobileSanity/Dental/app_page3/label")): Object: 'Object Repository/mobileSanity/Dental/app_page3/label' is clicked on

2020-03-10 03:22:58 - [MESSAGE][PASSED] - Object: 'Object Repository/mobileSanity/Dental/app_page3/label' is clicked on

2020-03-10 03:22:58 - [TEST_STEP][PASSED] - click(findTestObject("mobileSanity/Dental/app_page3/p_CLICK TO SIGN")): Object: 'Object Repository/mobileSanity/Dental/app_page3/p_CLICK TO SIGN' is clicked on

2020-03-10 03:22:58 - [MESSAGE][PASSED] - Object: 'Object Repository/mobileSanity/Dental/app_page3/p_CLICK TO SIGN' is clicked on

2020-03-10 03:22:58 - [TEST_STEP][PASSED] - click(findTestObject("mobileSanity/Dental/app_page3/a_Submit Your Application")): Object: 'Object Repository/mobileSanity/Dental/app_page3/a_Submit Your Application' is clicked on

2020-03-10 03:22:58 - [MESSAGE][PASSED] - Object: 'Object Repository/mobileSanity/Dental/app_page3/a_Submit Your Application' is clicked on

2020-03-10 03:22:58 - [TEST_STEP][PASSED] - Thread.sleep(50000): null

2020-03-10 03:23:48 - [TEST_STEP][PASSED] - waitForElementPresent(findTestObject("mobileSanity/Dental/app_page4/js-app-confirmation"), 20): Object 'Object Repository/mobileSanity/Dental/app_page4/js-app-confirmation' is present

2020-03-10 03:23:48 - [MESSAGE][PASSED] - Object 'Object Repository/mobileSanity/Dental/app_page4/js-app-confirmation' is present

2020-03-10 03:23:48 - [TEST_STEP][PASSED] - callTestCase(findTestCase("AHI/_include/get_screenshot"), [:], STOP_ON_FAILURE): Call Test Case 'Test Cases/AHI/_include/get_screenshot' successfully

2020-03-10 03:23:49 - [TEST_CASE][PASSED] - Test Cases/AHI/_include/get_screenshot: Test Cases/AHI/_include/get_screenshot

2020-03-10 03:23:49 - [TEST_STEP][PASSED] - Thread.sleep(1000): null

2020-03-10 03:23:50 - [TEST_STEP][PASSED] - takeScreenshot(screenPath + i + ".png"): Taking screenshot successfully

2020-03-10 03:23:50 - [MESSAGE][PASSED] - Taking screenshot successfully
[[ATTACHMENT|D:\\Test\\AgileTest\\Reports\\HIC\\hic\\20200310_030928\\../Screenshots/iPhone X/HIC/Dental/USA Access/20200310_032125/9.png]]

2020-03-10 03:23:50 - [TEST_STEP][PASSED] - (internal.GlobalVariable.i++): null

2020-03-10 03:23:50 - [MESSAGE][PASSED] - Call Test Case 'Test Cases/AHI/_include/get_screenshot' successfully

2020-03-10 03:23:50 - [MESSAGE][PASSED] - Call Test Case 'Test Cases/AHI/_include/goToEnd_dental' successfully]]></system-out>
         <system-err><![CDATA[]]></system-err>
      </testcase>
      <testcase name="Test Cases/HIC/New/HBI" classname="Test Cases/HIC/New/HBI" status="PASSED">
         <system-out><![CDATA[2020-03-10 03:23:50 - [TEST_CASE][PASSED] - Test Cases/HIC/New/HBI: Test Cases/HIC/New/HBI

2020-03-10 03:23:50 - [TEST_STEP][PASSED] - callTestCase(findTestCase("HIC/_include/get_hicScreenPath"), ["project":"HIC", "productLine":"HBI", "carrierName":"HBI"], CONTINUE_ON_FAILURE): Call Test Case 'Test Cases/HIC/_include/get_hicScreenPath' successfully

2020-03-10 03:23:50 - [TEST_CASE][PASSED] - Test Cases/HIC/_include/get_hicScreenPath: Test Cases/HIC/_include/get_hicScreenPath

2020-03-10 03:23:50 - [TEST_STEP][PASSED] - m = getExecutionProperties(): null

2020-03-10 03:23:50 - [TEST_STEP][PASSED] - deviceName = get("mobileEmulation").get("deviceName"): null

2020-03-10 03:23:50 - [TEST_STEP][PASSED] - println(deviceName): null

2020-03-10 03:23:50 - [TEST_STEP][PASSED] - now = new java.util.Date(): null

2020-03-10 03:23:50 - [TEST_STEP][PASSED] - mydate = now.format("yyyyMMdd_HHmmss"): null

2020-03-10 03:23:50 - [TEST_STEP][PASSED] - screenPath = "../Screenshots/": null

2020-03-10 03:23:50 - [TEST_STEP][PASSED] - screenPath = screenPath + deviceName + "/" + project + "/" + productLine + "/" + carrierName + "/" + mydate + "/": null

2020-03-10 03:23:50 - [TEST_STEP][PASSED] - println(screenPath): null

2020-03-10 03:23:50 - [MESSAGE][PASSED] - Call Test Case 'Test Cases/HIC/_include/get_hicScreenPath' successfully

2020-03-10 03:23:50 - [TEST_STEP][PASSED] - i = 0: null

2020-03-10 03:23:50 - [TEST_STEP][PASSED] - callTestCase(findTestCase("AHI/_include/openWebSite"), ["env":env], CONTINUE_ON_FAILURE): Call Test Case 'Test Cases/AHI/_include/openWebSite' successfully

2020-03-10 03:23:50 - [TEST_CASE][PASSED] - Test Cases/AHI/_include/openWebSite: Test Cases/AHI/_include/openWebSite

2020-03-10 03:23:50 - [TEST_STEP][PASSED] - openBrowser(env): Browser is opened with url: 'https://qa.healthinsurance.com'

2020-03-10 03:23:50 - [MESSAGE][WARNING] - A browser is already opened. Closing browser and opening a new one

2020-03-10 03:23:53 - [MESSAGE][INFO] - Starting 'Chrome' driver

2020-03-10 03:23:53 - [MESSAGE][INFO] - User set preference: ['mobileEmulation', '{deviceName=iPhone X}']

2020-03-10 03:23:53 - [MESSAGE][INFO] - User set preference: ['args', '[--incognito, --aggressive-cache-discard, --no-sandbox, --window-size=375,812, --ignore-certificate-errors]']

2020-03-10 03:23:55 - [MESSAGE][PASSED] - Browser is opened with url: 'https://qa.healthinsurance.com'

2020-03-10 03:23:55 - [TEST_STEP][PASSED] - waitForPageLoad(20): Wait for page load successfully

2020-03-10 03:23:55 - [MESSAGE][PASSED] - Wait for page load successfully

2020-03-10 03:23:55 - [TEST_STEP][PASSED] - callTestCase(findTestCase("AHI/_include/get_screenshot"), [:], STOP_ON_FAILURE): Call Test Case 'Test Cases/AHI/_include/get_screenshot' successfully

2020-03-10 03:23:55 - [TEST_CASE][PASSED] - Test Cases/AHI/_include/get_screenshot: Test Cases/AHI/_include/get_screenshot

2020-03-10 03:23:55 - [TEST_STEP][PASSED] - Thread.sleep(1000): null

2020-03-10 03:23:56 - [TEST_STEP][PASSED] - takeScreenshot(screenPath + i + ".png"): Taking screenshot successfully

2020-03-10 03:23:57 - [MESSAGE][PASSED] - Taking screenshot successfully
[[ATTACHMENT|D:\\Test\\AgileTest\\Reports\\HIC\\hic\\20200310_030928\\../Screenshots/iPhone X/HIC/HBI/HBI/20200310_032350/0.png]]

2020-03-10 03:23:57 - [TEST_STEP][PASSED] - (internal.GlobalVariable.i++): null

2020-03-10 03:23:57 - [MESSAGE][PASSED] - Call Test Case 'Test Cases/AHI/_include/get_screenshot' successfully

2020-03-10 03:23:57 - [MESSAGE][PASSED] - Call Test Case 'Test Cases/AHI/_include/openWebSite' successfully

2020-03-10 03:23:57 - [TEST_STEP][PASSED] - driver = getWebDriver(): null

2020-03-10 03:23:57 - [TEST_STEP][PASSED] - baseUrl = env: null

2020-03-10 03:23:57 - [TEST_STEP][PASSED] - selenium = new com.thoughtworks.selenium.webdriven.WebDriverBackedSelenium(driver, baseUrl): null

2020-03-10 03:23:57 - [TEST_STEP][PASSED] - selenium.click("id=product-lines"): null

2020-03-10 03:23:57 - [TEST_STEP][PASSED] - selenium.click("//*[@id='product-lines']/following::div/button[contains(text(),'Hospital Indemnity Plans')]"): null

2020-03-10 03:23:57 - [TEST_STEP][PASSED] - selenium.click("//button[contains(text(),'COMPARE HEALTHPLANS')]"): null

2020-03-10 03:23:57 - [TEST_STEP][PASSED] - for ([second = 0, second < 10, (second++)]): null

2020-03-10 03:23:57 - [TEST_STEP][PASSED] - try: null

2020-03-10 03:23:57 - [TEST_STEP][PASSED] - if (selenium.isElementPresent("xpath=//button[contains(text(),'GET QUOTES')]")): null

2020-03-10 03:23:57 - [TEST_STEP][PASSED] - Thread.sleep(1000): null

2020-03-10 03:23:58 - [TEST_STEP][PASSED] - try: null

2020-03-10 03:23:58 - [TEST_STEP][PASSED] - if (selenium.isElementPresent("xpath=//button[contains(text(),'GET QUOTES')]")): null

2020-03-10 03:23:58 - [TEST_STEP][PASSED] - break: null

2020-03-10 03:23:58 - [TEST_STEP][PASSED] - callTestCase(findTestCase("AHI/_include/get_screenshot"), [:], STOP_ON_FAILURE): Call Test Case 'Test Cases/AHI/_include/get_screenshot' successfully

2020-03-10 03:23:58 - [TEST_CASE][PASSED] - Test Cases/AHI/_include/get_screenshot: Test Cases/AHI/_include/get_screenshot

2020-03-10 03:23:58 - [TEST_STEP][PASSED] - Thread.sleep(1000): null

2020-03-10 03:23:59 - [TEST_STEP][PASSED] - takeScreenshot(screenPath + i + ".png"): Taking screenshot successfully

2020-03-10 03:24:00 - [MESSAGE][PASSED] - Taking screenshot successfully
[[ATTACHMENT|D:\\Test\\AgileTest\\Reports\\HIC\\hic\\20200310_030928\\../Screenshots/iPhone X/HIC/HBI/HBI/20200310_032350/1.png]]

2020-03-10 03:24:00 - [TEST_STEP][PASSED] - (internal.GlobalVariable.i++): null

2020-03-10 03:24:00 - [MESSAGE][PASSED] - Call Test Case 'Test Cases/AHI/_include/get_screenshot' successfully

2020-03-10 03:24:00 - [TEST_STEP][PASSED] - selenium.click("xpath=//button[contains(text(),'GET QUOTES')]"): null

2020-03-10 03:24:00 - [TEST_STEP][PASSED] - Thread.sleep(3000): null

2020-03-10 03:24:03 - [TEST_STEP][PASSED] - selenium.selectWindow("HealthInsurance.net | Get a Quote"): null

2020-03-10 03:24:04 - [TEST_STEP][PASSED] - Thread.sleep(3000): null

2020-03-10 03:24:07 - [TEST_STEP][PASSED] - callTestCase(findTestCase("AHI/_include/get_screenshot"), [:], STOP_ON_FAILURE): Call Test Case 'Test Cases/AHI/_include/get_screenshot' successfully

2020-03-10 03:24:07 - [TEST_CASE][PASSED] - Test Cases/AHI/_include/get_screenshot: Test Cases/AHI/_include/get_screenshot

2020-03-10 03:24:07 - [TEST_STEP][PASSED] - Thread.sleep(1000): null

2020-03-10 03:24:08 - [TEST_STEP][PASSED] - takeScreenshot(screenPath + i + ".png"): Taking screenshot successfully

2020-03-10 03:24:09 - [MESSAGE][PASSED] - Taking screenshot successfully
[[ATTACHMENT|D:\\Test\\AgileTest\\Reports\\HIC\\hic\\20200310_030928\\../Screenshots/iPhone X/HIC/HBI/HBI/20200310_032350/2.png]]

2020-03-10 03:24:09 - [TEST_STEP][PASSED] - (internal.GlobalVariable.i++): null

2020-03-10 03:24:09 - [MESSAGE][PASSED] - Call Test Case 'Test Cases/AHI/_include/get_screenshot' successfully]]></system-out>
         <system-err><![CDATA[]]></system-err>
      </testcase>
      <testcase name="Test Cases/HIC/New/Medicare" classname="Test Cases/HIC/New/Medicare" status="PASSED">
         <system-out><![CDATA[2020-03-10 03:24:09 - [TEST_CASE][PASSED] - Test Cases/HIC/New/Medicare: Test Cases/HIC/New/Medicare

2020-03-10 03:24:09 - [TEST_STEP][PASSED] - callTestCase(findTestCase("HIC/_include/get_hicScreenPath"), ["project":"HIC", "productLine":"Medicare", "carrierName":"Medicare"], CONTINUE_ON_FAILURE): Call Test Case 'Test Cases/HIC/_include/get_hicScreenPath' successfully

2020-03-10 03:24:09 - [TEST_CASE][PASSED] - Test Cases/HIC/_include/get_hicScreenPath: Test Cases/HIC/_include/get_hicScreenPath

2020-03-10 03:24:09 - [TEST_STEP][PASSED] - m = getExecutionProperties(): null

2020-03-10 03:24:09 - [TEST_STEP][PASSED] - deviceName = get("mobileEmulation").get("deviceName"): null

2020-03-10 03:24:09 - [TEST_STEP][PASSED] - println(deviceName): null

2020-03-10 03:24:09 - [TEST_STEP][PASSED] - now = new java.util.Date(): null

2020-03-10 03:24:09 - [TEST_STEP][PASSED] - mydate = now.format("yyyyMMdd_HHmmss"): null

2020-03-10 03:24:09 - [TEST_STEP][PASSED] - screenPath = "../Screenshots/": null

2020-03-10 03:24:09 - [TEST_STEP][PASSED] - screenPath = screenPath + deviceName + "/" + project + "/" + productLine + "/" + carrierName + "/" + mydate + "/": null

2020-03-10 03:24:09 - [TEST_STEP][PASSED] - println(screenPath): null

2020-03-10 03:24:09 - [MESSAGE][PASSED] - Call Test Case 'Test Cases/HIC/_include/get_hicScreenPath' successfully

2020-03-10 03:24:09 - [TEST_STEP][PASSED] - i = 0: null

2020-03-10 03:24:09 - [TEST_STEP][PASSED] - callTestCase(findTestCase("AHI/_include/openWebSite"), ["env":env], CONTINUE_ON_FAILURE): Call Test Case 'Test Cases/AHI/_include/openWebSite' successfully

2020-03-10 03:24:09 - [TEST_CASE][PASSED] - Test Cases/AHI/_include/openWebSite: Test Cases/AHI/_include/openWebSite

2020-03-10 03:24:09 - [TEST_STEP][PASSED] - openBrowser(env): Browser is opened with url: 'https://qa.healthinsurance.com/'

2020-03-10 03:24:09 - [MESSAGE][WARNING] - A browser is already opened. Closing browser and opening a new one

2020-03-10 03:24:11 - [MESSAGE][INFO] - Starting 'Chrome' driver

2020-03-10 03:24:11 - [MESSAGE][INFO] - User set preference: ['mobileEmulation', '{deviceName=iPhone X}']

2020-03-10 03:24:11 - [MESSAGE][INFO] - User set preference: ['args', '[--incognito, --aggressive-cache-discard, --no-sandbox, --window-size=375,812, --ignore-certificate-errors]']

2020-03-10 03:24:13 - [MESSAGE][PASSED] - Browser is opened with url: 'https://qa.healthinsurance.com/'

2020-03-10 03:24:13 - [TEST_STEP][PASSED] - waitForPageLoad(20): Wait for page load successfully

2020-03-10 03:24:13 - [MESSAGE][PASSED] - Wait for page load successfully

2020-03-10 03:24:13 - [TEST_STEP][PASSED] - callTestCase(findTestCase("AHI/_include/get_screenshot"), [:], STOP_ON_FAILURE): Call Test Case 'Test Cases/AHI/_include/get_screenshot' successfully

2020-03-10 03:24:13 - [TEST_CASE][PASSED] - Test Cases/AHI/_include/get_screenshot: Test Cases/AHI/_include/get_screenshot

2020-03-10 03:24:13 - [TEST_STEP][PASSED] - Thread.sleep(1000): null

2020-03-10 03:24:14 - [TEST_STEP][PASSED] - takeScreenshot(screenPath + i + ".png"): Taking screenshot successfully

2020-03-10 03:24:15 - [MESSAGE][PASSED] - Taking screenshot successfully
[[ATTACHMENT|D:\\Test\\AgileTest\\Reports\\HIC\\hic\\20200310_030928\\../Screenshots/iPhone X/HIC/Medicare/Medicare/20200310_032409/0.png]]

2020-03-10 03:24:15 - [TEST_STEP][PASSED] - (internal.GlobalVariable.i++): null

2020-03-10 03:24:15 - [MESSAGE][PASSED] - Call Test Case 'Test Cases/AHI/_include/get_screenshot' successfully

2020-03-10 03:24:15 - [MESSAGE][PASSED] - Call Test Case 'Test Cases/AHI/_include/openWebSite' successfully

2020-03-10 03:24:15 - [TEST_STEP][PASSED] - driver = getWebDriver(): null

2020-03-10 03:24:15 - [TEST_STEP][PASSED] - baseUrl = env: null

2020-03-10 03:24:15 - [TEST_STEP][PASSED] - selenium = new com.thoughtworks.selenium.webdriven.WebDriverBackedSelenium(driver, baseUrl): null

2020-03-10 03:24:15 - [TEST_STEP][PASSED] - selenium.click("//button[contains(text(),'COMPARE HEALTHPLANS')]"): null

2020-03-10 03:24:15 - [TEST_STEP][PASSED] - for ([second = 0, second < 10, (second++)]): null

2020-03-10 03:24:15 - [TEST_STEP][PASSED] - try: null

2020-03-10 03:24:15 - [TEST_STEP][PASSED] - if (selenium.isElementPresent("id=zip")): null

2020-03-10 03:24:15 - [TEST_STEP][PASSED] - Thread.sleep(1000): null

2020-03-10 03:24:16 - [TEST_STEP][PASSED] - try: null

2020-03-10 03:24:16 - [TEST_STEP][PASSED] - if (selenium.isElementPresent("id=zip")): null

2020-03-10 03:24:16 - [TEST_STEP][PASSED] - break: null

2020-03-10 03:24:16 - [TEST_STEP][PASSED] - callTestCase(findTestCase("AHI/_include/get_screenshot"), [:], STOP_ON_FAILURE): Call Test Case 'Test Cases/AHI/_include/get_screenshot' successfully

2020-03-10 03:24:16 - [TEST_CASE][PASSED] - Test Cases/AHI/_include/get_screenshot: Test Cases/AHI/_include/get_screenshot

2020-03-10 03:24:16 - [TEST_STEP][PASSED] - Thread.sleep(1000): null

2020-03-10 03:24:17 - [TEST_STEP][PASSED] - takeScreenshot(screenPath + i + ".png"): Taking screenshot successfully

2020-03-10 03:24:18 - [MESSAGE][PASSED] - Taking screenshot successfully
[[ATTACHMENT|D:\\Test\\AgileTest\\Reports\\HIC\\hic\\20200310_030928\\../Screenshots/iPhone X/HIC/Medicare/Medicare/20200310_032409/1.png]]

2020-03-10 03:24:18 - [TEST_STEP][PASSED] - (internal.GlobalVariable.i++): null

2020-03-10 03:24:18 - [MESSAGE][PASSED] - Call Test Case 'Test Cases/AHI/_include/get_screenshot' successfully

2020-03-10 03:24:18 - [TEST_STEP][PASSED] - setText(findTestObject("hic/medicare/zip"), "33186"): Text '33186' is set on object 'Object Repository/hic/medicare/zip'

2020-03-10 03:24:18 - [MESSAGE][PASSED] - Text '33186' is set on object 'Object Repository/hic/medicare/zip'

2020-03-10 03:24:18 - [TEST_STEP][PASSED] - Thread.sleep(3000): null

2020-03-10 03:24:21 - [TEST_STEP][PASSED] - selenium.click("//button[contains(text(),'Compare Plans')]"): null

2020-03-10 03:24:24 - [TEST_STEP][PASSED] - for ([second = 0, second < 10, (second++)]): null

2020-03-10 03:24:24 - [TEST_STEP][PASSED] - try: null

2020-03-10 03:24:24 - [TEST_STEP][PASSED] - if (selenium.isElementPresent("id=planTypeSelect")): null

2020-03-10 03:24:25 - [TEST_STEP][PASSED] - Thread.sleep(1000): null

2020-03-10 03:24:26 - [TEST_STEP][PASSED] - try: null

2020-03-10 03:24:26 - [TEST_STEP][PASSED] - if (selenium.isElementPresent("id=planTypeSelect")): null

2020-03-10 03:24:26 - [TEST_STEP][PASSED] - Thread.sleep(1000): null

2020-03-10 03:24:27 - [TEST_STEP][PASSED] - try: null

2020-03-10 03:24:27 - [TEST_STEP][PASSED] - if (selenium.isElementPresent("id=planTypeSelect")): null

2020-03-10 03:24:27 - [TEST_STEP][PASSED] - Thread.sleep(1000): null

2020-03-10 03:24:28 - [TEST_STEP][PASSED] - try: null

2020-03-10 03:24:28 - [TEST_STEP][PASSED] - if (selenium.isElementPresent("id=planTypeSelect")): null

2020-03-10 03:24:28 - [TEST_STEP][PASSED] - Thread.sleep(1000): null

2020-03-10 03:24:29 - [TEST_STEP][PASSED] - try: null

2020-03-10 03:24:29 - [TEST_STEP][PASSED] - if (selenium.isElementPresent("id=planTypeSelect")): null

2020-03-10 03:24:29 - [TEST_STEP][PASSED] - Thread.sleep(1000): null

2020-03-10 03:24:30 - [TEST_STEP][PASSED] - try: null

2020-03-10 03:24:30 - [TEST_STEP][PASSED] - if (selenium.isElementPresent("id=planTypeSelect")): null

2020-03-10 03:24:30 - [TEST_STEP][PASSED] - Thread.sleep(1000): null

2020-03-10 03:24:31 - [TEST_STEP][PASSED] - try: null

2020-03-10 03:24:31 - [TEST_STEP][PASSED] - if (selenium.isElementPresent("id=planTypeSelect")): null

2020-03-10 03:24:31 - [TEST_STEP][PASSED] - Thread.sleep(1000): null

2020-03-10 03:24:32 - [TEST_STEP][PASSED] - try: null

2020-03-10 03:24:32 - [TEST_STEP][PASSED] - if (selenium.isElementPresent("id=planTypeSelect")): null

2020-03-10 03:24:32 - [TEST_STEP][PASSED] - Thread.sleep(1000): null

2020-03-10 03:24:33 - [TEST_STEP][PASSED] - try: null

2020-03-10 03:24:33 - [TEST_STEP][PASSED] - if (selenium.isElementPresent("id=planTypeSelect")): null

2020-03-10 03:24:33 - [TEST_STEP][PASSED] - Thread.sleep(1000): null

2020-03-10 03:24:34 - [TEST_STEP][PASSED] - try: null

2020-03-10 03:24:34 - [TEST_STEP][PASSED] - if (selenium.isElementPresent("id=planTypeSelect")): null

2020-03-10 03:24:34 - [TEST_STEP][PASSED] - Thread.sleep(1000): null

2020-03-10 03:24:35 - [TEST_STEP][PASSED] - callTestCase(findTestCase("AHI/_include/get_screenshot"), [:], STOP_ON_FAILURE): Call Test Case 'Test Cases/AHI/_include/get_screenshot' successfully

2020-03-10 03:24:35 - [TEST_CASE][PASSED] - Test Cases/AHI/_include/get_screenshot: Test Cases/AHI/_include/get_screenshot

2020-03-10 03:24:35 - [TEST_STEP][PASSED] - Thread.sleep(1000): null

2020-03-10 03:24:36 - [TEST_STEP][PASSED] - takeScreenshot(screenPath + i + ".png"): Taking screenshot successfully

2020-03-10 03:24:37 - [MESSAGE][PASSED] - Taking screenshot successfully
[[ATTACHMENT|D:\\Test\\AgileTest\\Reports\\HIC\\hic\\20200310_030928\\../Screenshots/iPhone X/HIC/Medicare/Medicare/20200310_032409/2.png]]

2020-03-10 03:24:37 - [TEST_STEP][PASSED] - (internal.GlobalVariable.i++): null

2020-03-10 03:24:37 - [MESSAGE][PASSED] - Call Test Case 'Test Cases/AHI/_include/get_screenshot' successfully]]></system-out>
         <system-err><![CDATA[]]></system-err>
      </testcase>
      <testcase name="Test Cases/HIC/New/Pet" classname="Test Cases/HIC/New/Pet" status="PASSED">
         <system-out><![CDATA[2020-03-10 03:24:37 - [TEST_CASE][PASSED] - Test Cases/HIC/New/Pet: Test Cases/HIC/New/Pet

2020-03-10 03:24:37 - [TEST_STEP][PASSED] - callTestCase(findTestCase("HIC/_include/get_hicScreenPath"), ["project":"HIC", "productLine":"Pet", "carrierName":"Pet"], CONTINUE_ON_FAILURE): Call Test Case 'Test Cases/HIC/_include/get_hicScreenPath' successfully

2020-03-10 03:24:37 - [TEST_CASE][PASSED] - Test Cases/HIC/_include/get_hicScreenPath: Test Cases/HIC/_include/get_hicScreenPath

2020-03-10 03:24:37 - [TEST_STEP][PASSED] - m = getExecutionProperties(): null

2020-03-10 03:24:37 - [TEST_STEP][PASSED] - deviceName = get("mobileEmulation").get("deviceName"): null

2020-03-10 03:24:37 - [TEST_STEP][PASSED] - println(deviceName): null

2020-03-10 03:24:37 - [TEST_STEP][PASSED] - now = new java.util.Date(): null

2020-03-10 03:24:37 - [TEST_STEP][PASSED] - mydate = now.format("yyyyMMdd_HHmmss"): null

2020-03-10 03:24:37 - [TEST_STEP][PASSED] - screenPath = "../Screenshots/": null

2020-03-10 03:24:37 - [TEST_STEP][PASSED] - screenPath = screenPath + deviceName + "/" + project + "/" + productLine + "/" + carrierName + "/" + mydate + "/": null

2020-03-10 03:24:37 - [TEST_STEP][PASSED] - println(screenPath): null

2020-03-10 03:24:37 - [MESSAGE][PASSED] - Call Test Case 'Test Cases/HIC/_include/get_hicScreenPath' successfully

2020-03-10 03:24:37 - [TEST_STEP][PASSED] - i = 0: null

2020-03-10 03:24:37 - [TEST_STEP][PASSED] - callTestCase(findTestCase("AHI/_include/openWebSite"), ["env":env], CONTINUE_ON_FAILURE): Call Test Case 'Test Cases/AHI/_include/openWebSite' successfully

2020-03-10 03:24:37 - [TEST_CASE][PASSED] - Test Cases/AHI/_include/openWebSite: Test Cases/AHI/_include/openWebSite

2020-03-10 03:24:37 - [TEST_STEP][PASSED] - openBrowser(env): Browser is opened with url: 'https://qa.healthinsurance.com'

2020-03-10 03:24:37 - [MESSAGE][WARNING] - A browser is already opened. Closing browser and opening a new one

2020-03-10 03:24:39 - [MESSAGE][INFO] - Starting 'Chrome' driver

2020-03-10 03:24:39 - [MESSAGE][INFO] - User set preference: ['mobileEmulation', '{deviceName=iPhone X}']

2020-03-10 03:24:39 - [MESSAGE][INFO] - User set preference: ['args', '[--incognito, --aggressive-cache-discard, --no-sandbox, --window-size=375,812, --ignore-certificate-errors]']

2020-03-10 03:24:41 - [MESSAGE][PASSED] - Browser is opened with url: 'https://qa.healthinsurance.com'

2020-03-10 03:24:41 - [TEST_STEP][PASSED] - waitForPageLoad(20): Wait for page load successfully

2020-03-10 03:24:41 - [MESSAGE][PASSED] - Wait for page load successfully

2020-03-10 03:24:41 - [TEST_STEP][PASSED] - callTestCase(findTestCase("AHI/_include/get_screenshot"), [:], STOP_ON_FAILURE): Call Test Case 'Test Cases/AHI/_include/get_screenshot' successfully

2020-03-10 03:24:41 - [TEST_CASE][PASSED] - Test Cases/AHI/_include/get_screenshot: Test Cases/AHI/_include/get_screenshot

2020-03-10 03:24:41 - [TEST_STEP][PASSED] - Thread.sleep(1000): null

2020-03-10 03:24:42 - [TEST_STEP][PASSED] - takeScreenshot(screenPath + i + ".png"): Taking screenshot successfully

2020-03-10 03:24:43 - [MESSAGE][PASSED] - Taking screenshot successfully
[[ATTACHMENT|D:\\Test\\AgileTest\\Reports\\HIC\\hic\\20200310_030928\\../Screenshots/iPhone X/HIC/Pet/Pet/20200310_032437/0.png]]

2020-03-10 03:24:43 - [TEST_STEP][PASSED] - (internal.GlobalVariable.i++): null

2020-03-10 03:24:43 - [MESSAGE][PASSED] - Call Test Case 'Test Cases/AHI/_include/get_screenshot' successfully

2020-03-10 03:24:43 - [MESSAGE][PASSED] - Call Test Case 'Test Cases/AHI/_include/openWebSite' successfully

2020-03-10 03:24:43 - [TEST_STEP][PASSED] - driver = getWebDriver(): null

2020-03-10 03:24:43 - [TEST_STEP][PASSED] - baseUrl = env: null

2020-03-10 03:24:43 - [TEST_STEP][PASSED] - selenium = new com.thoughtworks.selenium.webdriven.WebDriverBackedSelenium(driver, baseUrl): null

2020-03-10 03:24:43 - [TEST_STEP][PASSED] - selenium.click("id=product-lines"): null

2020-03-10 03:24:43 - [TEST_STEP][PASSED] - selenium.click("//*[@id='product-lines']/following::div/button[contains(text(),'Pet Insurance')]"): null

2020-03-10 03:24:43 - [TEST_STEP][PASSED] - selenium.click("//button[contains(text(),'COMPARE HEALTHPLANS')]"): null

2020-03-10 03:24:44 - [TEST_STEP][PASSED] - for ([second = 0, second < 20, (second++)]): null

2020-03-10 03:24:44 - [TEST_STEP][PASSED] - try: null

2020-03-10 03:24:44 - [TEST_STEP][PASSED] - if (selenium.isElementPresent("id=zip-input")): null

2020-03-10 03:24:44 - [TEST_STEP][PASSED] - break: null

2020-03-10 03:24:44 - [TEST_STEP][PASSED] - callTestCase(findTestCase("AHI/_include/get_screenshot"), [:], STOP_ON_FAILURE): Call Test Case 'Test Cases/AHI/_include/get_screenshot' successfully

2020-03-10 03:24:44 - [TEST_CASE][PASSED] - Test Cases/AHI/_include/get_screenshot: Test Cases/AHI/_include/get_screenshot

2020-03-10 03:24:44 - [TEST_STEP][PASSED] - Thread.sleep(1000): null

2020-03-10 03:24:45 - [TEST_STEP][PASSED] - takeScreenshot(screenPath + i + ".png"): Taking screenshot successfully

2020-03-10 03:24:47 - [MESSAGE][PASSED] - Taking screenshot successfully
[[ATTACHMENT|D:\\Test\\AgileTest\\Reports\\HIC\\hic\\20200310_030928\\../Screenshots/iPhone X/HIC/Pet/Pet/20200310_032437/1.png]]

2020-03-10 03:24:47 - [TEST_STEP][PASSED] - (internal.GlobalVariable.i++): null

2020-03-10 03:24:47 - [MESSAGE][PASSED] - Call Test Case 'Test Cases/AHI/_include/get_screenshot' successfully

2020-03-10 03:24:47 - [TEST_STEP][PASSED] - sendKeys(findTestObject("mobileSanity/Cancer Insurance/zip"), "35216"): Keys '35216' sent to object: 'Object Repository/mobileSanity/Cancer Insurance/zip'

2020-03-10 03:24:47 - [MESSAGE][PASSED] - Keys '35216' sent to object: 'Object Repository/mobileSanity/Cancer Insurance/zip'

2020-03-10 03:24:47 - [TEST_STEP][PASSED] - Thread.sleep(3000): null

2020-03-10 03:24:50 - [TEST_STEP][PASSED] - selenium.click("id=js-see-plans"): null

2020-03-10 03:24:51 - [TEST_STEP][PASSED] - for ([second = 0, second < 20, (second++)]): null

2020-03-10 03:24:51 - [TEST_STEP][PASSED] - try: null

2020-03-10 03:24:51 - [TEST_STEP][PASSED] - if (selenium.isElementPresent("id=name-input")): null

2020-03-10 03:24:51 - [TEST_STEP][PASSED] - break: null

2020-03-10 03:24:51 - [TEST_STEP][PASSED] - callTestCase(findTestCase("AHI/_include/get_screenshot"), [:], STOP_ON_FAILURE): Call Test Case 'Test Cases/AHI/_include/get_screenshot' successfully

2020-03-10 03:24:51 - [TEST_CASE][PASSED] - Test Cases/AHI/_include/get_screenshot: Test Cases/AHI/_include/get_screenshot

2020-03-10 03:24:51 - [TEST_STEP][PASSED] - Thread.sleep(1000): null

2020-03-10 03:24:52 - [TEST_STEP][PASSED] - takeScreenshot(screenPath + i + ".png"): Taking screenshot successfully

2020-03-10 03:24:53 - [MESSAGE][PASSED] - Taking screenshot successfully
[[ATTACHMENT|D:\\Test\\AgileTest\\Reports\\HIC\\hic\\20200310_030928\\../Screenshots/iPhone X/HIC/Pet/Pet/20200310_032437/2.png]]

2020-03-10 03:24:53 - [TEST_STEP][PASSED] - (internal.GlobalVariable.i++): null

2020-03-10 03:24:53 - [MESSAGE][PASSED] - Call Test Case 'Test Cases/AHI/_include/get_screenshot' successfully

2020-03-10 03:24:53 - [TEST_STEP][PASSED] - setText(findTestObject("mobileSanity/Pet Insurance/name-input"), "Test cat"): Text 'Test cat' is set on object 'Object Repository/mobileSanity/Pet Insurance/name-input'

2020-03-10 03:24:53 - [MESSAGE][PASSED] - Text 'Test cat' is set on object 'Object Repository/mobileSanity/Pet Insurance/name-input'

2020-03-10 03:24:53 - [TEST_STEP][PASSED] - selenium.click("id=js-continue"): null

2020-03-10 03:24:53 - [TEST_STEP][PASSED] - for ([second = 0, second < 20, (second++)]): null

2020-03-10 03:24:53 - [TEST_STEP][PASSED] - try: null

2020-03-10 03:24:53 - [TEST_STEP][PASSED] - if (selenium.isElementPresent("xpath=//label[@for='p-cat']")): null

2020-03-10 03:24:53 - [TEST_STEP][PASSED] - Thread.sleep(1000): null

2020-03-10 03:24:54 - [TEST_STEP][PASSED] - try: null

2020-03-10 03:24:54 - [TEST_STEP][PASSED] - if (selenium.isElementPresent("xpath=//label[@for='p-cat']")): null

2020-03-10 03:24:54 - [TEST_STEP][PASSED] - break: null

2020-03-10 03:24:54 - [TEST_STEP][PASSED] - callTestCase(findTestCase("AHI/_include/get_screenshot"), [:], STOP_ON_FAILURE): Call Test Case 'Test Cases/AHI/_include/get_screenshot' successfully

2020-03-10 03:24:54 - [TEST_CASE][PASSED] - Test Cases/AHI/_include/get_screenshot: Test Cases/AHI/_include/get_screenshot

2020-03-10 03:24:54 - [TEST_STEP][PASSED] - Thread.sleep(1000): null

2020-03-10 03:24:55 - [TEST_STEP][PASSED] - takeScreenshot(screenPath + i + ".png"): Taking screenshot successfully

2020-03-10 03:24:56 - [MESSAGE][PASSED] - Taking screenshot successfully
[[ATTACHMENT|D:\\Test\\AgileTest\\Reports\\HIC\\hic\\20200310_030928\\../Screenshots/iPhone X/HIC/Pet/Pet/20200310_032437/3.png]]

2020-03-10 03:24:56 - [TEST_STEP][PASSED] - (internal.GlobalVariable.i++): null

2020-03-10 03:24:56 - [MESSAGE][PASSED] - Call Test Case 'Test Cases/AHI/_include/get_screenshot' successfully

2020-03-10 03:24:56 - [TEST_STEP][PASSED] - selenium.click("//label[@for='p-cat']"): null

2020-03-10 03:24:56 - [TEST_STEP][PASSED] - for ([second = 0, second < 20, (second++)]): null

2020-03-10 03:24:56 - [TEST_STEP][PASSED] - try: null

2020-03-10 03:24:56 - [TEST_STEP][PASSED] - if (selenium.isElementPresent("id=dob-mm-input")): null

2020-03-10 03:24:56 - [TEST_STEP][PASSED] - Thread.sleep(1000): null

2020-03-10 03:24:57 - [TEST_STEP][PASSED] - try: null

2020-03-10 03:24:57 - [TEST_STEP][PASSED] - if (selenium.isElementPresent("id=dob-mm-input")): null

2020-03-10 03:24:57 - [TEST_STEP][PASSED] - break: null

2020-03-10 03:24:57 - [TEST_STEP][PASSED] - callTestCase(findTestCase("AHI/_include/get_screenshot"), [:], STOP_ON_FAILURE): Call Test Case 'Test Cases/AHI/_include/get_screenshot' successfully

2020-03-10 03:24:57 - [TEST_CASE][PASSED] - Test Cases/AHI/_include/get_screenshot: Test Cases/AHI/_include/get_screenshot

2020-03-10 03:24:57 - [TEST_STEP][PASSED] - Thread.sleep(1000): null

2020-03-10 03:24:58 - [TEST_STEP][PASSED] - takeScreenshot(screenPath + i + ".png"): Taking screenshot successfully

2020-03-10 03:24:59 - [MESSAGE][PASSED] - Taking screenshot successfully
[[ATTACHMENT|D:\\Test\\AgileTest\\Reports\\HIC\\hic\\20200310_030928\\../Screenshots/iPhone X/HIC/Pet/Pet/20200310_032437/4.png]]

2020-03-10 03:24:59 - [TEST_STEP][PASSED] - (internal.GlobalVariable.i++): null

2020-03-10 03:24:59 - [MESSAGE][PASSED] - Call Test Case 'Test Cases/AHI/_include/get_screenshot' successfully

2020-03-10 03:24:59 - [TEST_STEP][PASSED] - setText(findTestObject("mobileSanity/Pet Insurance/dob-mm-input"), "01"): Text '01' is set on object 'Object Repository/mobileSanity/Pet Insurance/dob-mm-input'

2020-03-10 03:24:59 - [MESSAGE][PASSED] - Text '01' is set on object 'Object Repository/mobileSanity/Pet Insurance/dob-mm-input'

2020-03-10 03:24:59 - [TEST_STEP][PASSED] - setText(findTestObject("mobileSanity/Pet Insurance/dob-dd-input"), "01"): Text '01' is set on object 'Object Repository/mobileSanity/Pet Insurance/dob-dd-input'

2020-03-10 03:24:59 - [MESSAGE][PASSED] - Text '01' is set on object 'Object Repository/mobileSanity/Pet Insurance/dob-dd-input'

2020-03-10 03:24:59 - [TEST_STEP][PASSED] - setText(findTestObject("mobileSanity/Pet Insurance/dob-yyyy-input"), "2016"): Text '2016' is set on object 'Object Repository/mobileSanity/Pet Insurance/dob-yyyy-input'

2020-03-10 03:24:59 - [MESSAGE][PASSED] - Text '2016' is set on object 'Object Repository/mobileSanity/Pet Insurance/dob-yyyy-input'

2020-03-10 03:24:59 - [TEST_STEP][PASSED] - for ([second = 0, second < 20, (second++)]): null

2020-03-10 03:24:59 - [TEST_STEP][PASSED] - try: null

2020-03-10 03:24:59 - [TEST_STEP][PASSED] - if (selenium.isElementPresent("xpath=//label[@for='p-no']")): null

2020-03-10 03:24:59 - [TEST_STEP][PASSED] - Thread.sleep(1000): null

2020-03-10 03:25:00 - [TEST_STEP][PASSED] - try: null

2020-03-10 03:25:00 - [TEST_STEP][PASSED] - if (selenium.isElementPresent("xpath=//label[@for='p-no']")): null

2020-03-10 03:25:00 - [TEST_STEP][PASSED] - break: null

2020-03-10 03:25:00 - [TEST_STEP][PASSED] - callTestCase(findTestCase("AHI/_include/get_screenshot"), [:], STOP_ON_FAILURE): Call Test Case 'Test Cases/AHI/_include/get_screenshot' successfully

2020-03-10 03:25:00 - [TEST_CASE][PASSED] - Test Cases/AHI/_include/get_screenshot: Test Cases/AHI/_include/get_screenshot

2020-03-10 03:25:00 - [TEST_STEP][PASSED] - Thread.sleep(1000): null

2020-03-10 03:25:01 - [TEST_STEP][PASSED] - takeScreenshot(screenPath + i + ".png"): Taking screenshot successfully

2020-03-10 03:25:02 - [MESSAGE][PASSED] - Taking screenshot successfully
[[ATTACHMENT|D:\\Test\\AgileTest\\Reports\\HIC\\hic\\20200310_030928\\../Screenshots/iPhone X/HIC/Pet/Pet/20200310_032437/5.png]]

2020-03-10 03:25:02 - [TEST_STEP][PASSED] - (internal.GlobalVariable.i++): null

2020-03-10 03:25:02 - [MESSAGE][PASSED] - Call Test Case 'Test Cases/AHI/_include/get_screenshot' successfully

2020-03-10 03:25:02 - [TEST_STEP][PASSED] - selenium.click("//label[@for='p-no']"): null

2020-03-10 03:25:02 - [TEST_STEP][PASSED] - for ([second = 0, second < 20, (second++)]): null

2020-03-10 03:25:02 - [TEST_STEP][PASSED] - try: null

2020-03-10 03:25:02 - [TEST_STEP][PASSED] - if (selenium.isElementPresent("id=applyCta")): null

2020-03-10 03:25:03 - [TEST_STEP][PASSED] - break: null

2020-03-10 03:25:03 - [TEST_STEP][PASSED] - callTestCase(findTestCase("AHI/_include/get_screenshot"), [:], STOP_ON_FAILURE): Call Test Case 'Test Cases/AHI/_include/get_screenshot' successfully

2020-03-10 03:25:03 - [TEST_CASE][PASSED] - Test Cases/AHI/_include/get_screenshot: Test Cases/AHI/_include/get_screenshot

2020-03-10 03:25:03 - [TEST_STEP][PASSED] - Thread.sleep(1000): null

2020-03-10 03:25:04 - [TEST_STEP][PASSED] - takeScreenshot(screenPath + i + ".png"): Taking screenshot successfully

2020-03-10 03:25:05 - [MESSAGE][PASSED] - Taking screenshot successfully
[[ATTACHMENT|D:\\Test\\AgileTest\\Reports\\HIC\\hic\\20200310_030928\\../Screenshots/iPhone X/HIC/Pet/Pet/20200310_032437/6.png]]

2020-03-10 03:25:05 - [TEST_STEP][PASSED] - (internal.GlobalVariable.i++): null

2020-03-10 03:25:05 - [MESSAGE][PASSED] - Call Test Case 'Test Cases/AHI/_include/get_screenshot' successfully

2020-03-10 03:25:05 - [TEST_STEP][PASSED] - selenium.click("id=applyCta"): null

2020-03-10 03:25:06 - [TEST_STEP][PASSED] - for ([second = 0, second < 20, (second++)]): null

2020-03-10 03:25:06 - [TEST_STEP][PASSED] - try: null

2020-03-10 03:25:06 - [TEST_STEP][PASSED] - if (selenium.isElementPresent("id=member-P-1-firstName")): null

2020-03-10 03:25:06 - [TEST_STEP][PASSED] - Thread.sleep(1000): null

2020-03-10 03:25:07 - [TEST_STEP][PASSED] - try: null

2020-03-10 03:25:07 - [TEST_STEP][PASSED] - if (selenium.isElementPresent("id=member-P-1-firstName")): null

2020-03-10 03:25:07 - [TEST_STEP][PASSED] - break: null

2020-03-10 03:25:07 - [TEST_STEP][PASSED] - callTestCase(findTestCase("AHI/_include/get_screenshot"), [:], STOP_ON_FAILURE): Call Test Case 'Test Cases/AHI/_include/get_screenshot' successfully

2020-03-10 03:25:07 - [TEST_CASE][PASSED] - Test Cases/AHI/_include/get_screenshot: Test Cases/AHI/_include/get_screenshot

2020-03-10 03:25:07 - [TEST_STEP][PASSED] - Thread.sleep(1000): null

2020-03-10 03:25:08 - [TEST_STEP][PASSED] - takeScreenshot(screenPath + i + ".png"): Taking screenshot successfully

2020-03-10 03:25:09 - [MESSAGE][PASSED] - Taking screenshot successfully
[[ATTACHMENT|D:\\Test\\AgileTest\\Reports\\HIC\\hic\\20200310_030928\\../Screenshots/iPhone X/HIC/Pet/Pet/20200310_032437/7.png]]

2020-03-10 03:25:09 - [TEST_STEP][PASSED] - (internal.GlobalVariable.i++): null

2020-03-10 03:25:09 - [MESSAGE][PASSED] - Call Test Case 'Test Cases/AHI/_include/get_screenshot' successfully

2020-03-10 03:25:09 - [TEST_STEP][PASSED] - callTestCase(findTestCase("AHI/_include/name"), [:], STOP_ON_FAILURE): Call Test Case 'Test Cases/AHI/_include/name' successfully

2020-03-10 03:25:09 - [TEST_CASE][PASSED] - Test Cases/AHI/_include/name: Test Cases/AHI/_include/name

2020-03-10 03:25:09 - [TEST_STEP][PASSED] - driver = getWebDriver(): null

2020-03-10 03:25:09 - [TEST_STEP][PASSED] - selenium = new com.thoughtworks.selenium.webdriven.WebDriverBackedSelenium(driver, internal.GlobalVariable.ENV): null

2020-03-10 03:25:09 - [TEST_STEP][PASSED] - FirstName = "Test-123": null

2020-03-10 03:25:09 - [TEST_STEP][PASSED] - LastName = selenium.getEval("{var x="ABCDEFGHIJKLMNOPQRSTUVWXYZabcdefghijklmnopqrstuvwxyz"; var tmp="ZZ11-"; for (i=0;i<8;i++) tmp+=x.charAt(Math.ceil(51*Math.random()));tmp;}"): null

2020-03-10 03:25:09 - [TEST_STEP][PASSED] - Address = selenium.getEval("{var x="ABCDEFGHIJKLMNOPQRSTUVWXYZabcdefghijklmnopqrstuvwxyz"; var tmp=""; for (i=0;i<8;i++) tmp+=x.charAt(Math.ceil(51*Math.random()));tmp;}"): null

2020-03-10 03:25:09 - [TEST_STEP][PASSED] - City = selenium.getEval("{var x="ABCDEFGHIJKLMNOPQRSTUVWXYZabcdefghijklmnopqrstuvwxyz"; var tmp=""; for (i=0;i<8;i++) tmp+=x.charAt(Math.ceil(51*Math.random()));tmp;}"): null

2020-03-10 03:25:09 - [TEST_STEP][PASSED] - tel1 = selenium.getEval("{var x="123456789"; var tmp=""; for (i=0;i<3;i++) tmp+=x.charAt(Math.ceil(8*Math.random()));tmp;}"): null

2020-03-10 03:25:09 - [TEST_STEP][PASSED] - tel2 = selenium.getEval("{var x="123456789"; var tmp=""; for (i=0;i<3;i++) tmp+=x.charAt(Math.ceil(8*Math.random()));tmp;}"): null

2020-03-10 03:25:09 - [TEST_STEP][PASSED] - tel3 = selenium.getEval("{var x="123456789"; var tmp=""; for (i=0;i<4;i++) tmp+=x.charAt(Math.ceil(8*Math.random()));tmp;}"): null

2020-03-10 03:25:09 - [TEST_STEP][PASSED] - Tel = selenium.getExpression(tel1 + "-" + tel2 + "-" + tel3): null

2020-03-10 03:25:09 - [TEST_STEP][PASSED] - AutoEmail = selenium.getEval("{var x="ABCDEFGHIJKLMNOPQRSTUVWXYZabcdefghijklmnopqrstuvwxyz"; var tmp="test."; for (i=0;i<8;i++) tmp+=x.charAt(Math.ceil(51*Math.random()));tmp+="@suryani.cn";}"): null

2020-03-10 03:25:09 - [TEST_STEP][PASSED] - FirstName = FirstName: null

2020-03-10 03:25:09 - [TEST_STEP][PASSED] - LastName = LastName: null

2020-03-10 03:25:09 - [TEST_STEP][PASSED] - Address = Address: null

2020-03-10 03:25:09 - [TEST_STEP][PASSED] - City = City: null

2020-03-10 03:25:09 - [TEST_STEP][PASSED] - Tel = Tel: null

2020-03-10 03:25:09 - [TEST_STEP][PASSED] - AutoEmail = AutoEmail: null

2020-03-10 03:25:09 - [TEST_STEP][PASSED] - println(FirstName): null

2020-03-10 03:25:09 - [TEST_STEP][PASSED] - println(LastName): null

2020-03-10 03:25:09 - [TEST_STEP][PASSED] - println(Address): null

2020-03-10 03:25:09 - [TEST_STEP][PASSED] - println(City): null

2020-03-10 03:25:09 - [TEST_STEP][PASSED] - println(Tel): null

2020-03-10 03:25:09 - [TEST_STEP][PASSED] - println(AutoEmail): null

2020-03-10 03:25:09 - [MESSAGE][PASSED] - Call Test Case 'Test Cases/AHI/_include/name' successfully

2020-03-10 03:25:09 - [TEST_STEP][PASSED] - selenium.type("id=member-P-1-firstName", FirstName): null

2020-03-10 03:25:09 - [TEST_STEP][PASSED] - selenium.type("id=member-P-1-lastName", LastName): null

2020-03-10 03:25:09 - [TEST_STEP][PASSED] - selenium.type("id=address", Address): null

2020-03-10 03:25:10 - [TEST_STEP][PASSED] - selenium.type("id=city", City): null

2020-03-10 03:25:10 - [TEST_STEP][PASSED] - selenium.type("id=email", AutoEmail): null

2020-03-10 03:25:10 - [TEST_STEP][PASSED] - selenium.type("id=primaryPhone", Tel): null

2020-03-10 03:25:10 - [TEST_STEP][PASSED] - selenium.click("id=pet-veterinary-clinic-flag"): null

2020-03-10 03:25:10 - [TEST_STEP][PASSED] - Thread.sleep(2000): null

2020-03-10 03:25:12 - [TEST_STEP][PASSED] - selenium.click("id=js-app-continue-link"): null

2020-03-10 03:25:12 - [TEST_STEP][PASSED] - for ([second = 0, second < 20, (second++)]): null

2020-03-10 03:25:12 - [TEST_STEP][PASSED] - try: null

2020-03-10 03:25:12 - [TEST_STEP][PASSED] - if (selenium.isElementPresent("id=credit-card-number")): null

2020-03-10 03:25:12 - [TEST_STEP][PASSED] - Thread.sleep(1000): null

2020-03-10 03:25:13 - [TEST_STEP][PASSED] - try: null

2020-03-10 03:25:13 - [TEST_STEP][PASSED] - if (selenium.isElementPresent("id=credit-card-number")): null

2020-03-10 03:25:13 - [TEST_STEP][PASSED] - break: null

2020-03-10 03:25:13 - [TEST_STEP][PASSED] - callTestCase(findTestCase("AHI/_include/get_screenshot"), [:], STOP_ON_FAILURE): Call Test Case 'Test Cases/AHI/_include/get_screenshot' successfully

2020-03-10 03:25:13 - [TEST_CASE][PASSED] - Test Cases/AHI/_include/get_screenshot: Test Cases/AHI/_include/get_screenshot

2020-03-10 03:25:13 - [TEST_STEP][PASSED] - Thread.sleep(1000): null

2020-03-10 03:25:14 - [TEST_STEP][PASSED] - takeScreenshot(screenPath + i + ".png"): Taking screenshot successfully

2020-03-10 03:25:15 - [MESSAGE][PASSED] - Taking screenshot successfully
[[ATTACHMENT|D:\\Test\\AgileTest\\Reports\\HIC\\hic\\20200310_030928\\../Screenshots/iPhone X/HIC/Pet/Pet/20200310_032437/8.png]]

2020-03-10 03:25:15 - [TEST_STEP][PASSED] - (internal.GlobalVariable.i++): null

2020-03-10 03:25:15 - [MESSAGE][PASSED] - Call Test Case 'Test Cases/AHI/_include/get_screenshot' successfully

2020-03-10 03:25:15 - [TEST_STEP][PASSED] - selenium.type("id=credit-card-number", "4111111111111111"): null

2020-03-10 03:25:15 - [TEST_STEP][PASSED] - selenium.type("id=credit-card-first", "test"): null

2020-03-10 03:25:15 - [TEST_STEP][PASSED] - selenium.type("id=credit-card-last", "test"): null

2020-03-10 03:25:15 - [TEST_STEP][PASSED] - selenium.select("id=expiration-month", "12"): null

2020-03-10 03:25:15 - [TEST_STEP][PASSED] - selenium.select("id=expiration-year", "2026"): null

2020-03-10 03:25:16 - [TEST_STEP][PASSED] - selenium.type("id=credit-card-cvv", "123"): null

2020-03-10 03:25:16 - [TEST_STEP][PASSED] - selenium.type("id=credit-card-number", "4111111111111111"): null

2020-03-10 03:25:16 - [TEST_STEP][PASSED] - selenium.click("id=js-same-billing"): null

2020-03-10 03:25:16 - [TEST_STEP][PASSED] - selenium.click("id=credit-payment-authorization"): null

2020-03-10 03:25:16 - [TEST_STEP][PASSED] - selenium.click("id=js-app-continue-link"): null

2020-03-10 03:25:16 - [TEST_STEP][PASSED] - for ([second = 0, second < 20, (second++)]): null

2020-03-10 03:25:16 - [TEST_STEP][PASSED] - try: null

2020-03-10 03:25:16 - [TEST_STEP][PASSED] - if (selenium.isElementPresent("id=consent-checkbox-0")): null

2020-03-10 03:25:16 - [TEST_STEP][PASSED] - Thread.sleep(1000): null

2020-03-10 03:25:17 - [TEST_STEP][PASSED] - try: null

2020-03-10 03:25:17 - [TEST_STEP][PASSED] - if (selenium.isElementPresent("id=consent-checkbox-0")): null

2020-03-10 03:25:17 - [TEST_STEP][PASSED] - Thread.sleep(1000): null

2020-03-10 03:25:18 - [TEST_STEP][PASSED] - try: null

2020-03-10 03:25:18 - [TEST_STEP][PASSED] - if (selenium.isElementPresent("id=consent-checkbox-0")): null

2020-03-10 03:25:18 - [TEST_STEP][PASSED] - break: null

2020-03-10 03:25:18 - [TEST_STEP][PASSED] - callTestCase(findTestCase("AHI/_include/get_screenshot"), [:], STOP_ON_FAILURE): Call Test Case 'Test Cases/AHI/_include/get_screenshot' successfully

2020-03-10 03:25:18 - [TEST_CASE][PASSED] - Test Cases/AHI/_include/get_screenshot: Test Cases/AHI/_include/get_screenshot

2020-03-10 03:25:18 - [TEST_STEP][PASSED] - Thread.sleep(1000): null

2020-03-10 03:25:19 - [TEST_STEP][PASSED] - takeScreenshot(screenPath + i + ".png"): Taking screenshot successfully

2020-03-10 03:25:20 - [MESSAGE][PASSED] - Taking screenshot successfully
[[ATTACHMENT|D:\\Test\\AgileTest\\Reports\\HIC\\hic\\20200310_030928\\../Screenshots/iPhone X/HIC/Pet/Pet/20200310_032437/9.png]]

2020-03-10 03:25:20 - [TEST_STEP][PASSED] - (internal.GlobalVariable.i++): null

2020-03-10 03:25:20 - [MESSAGE][PASSED] - Call Test Case 'Test Cases/AHI/_include/get_screenshot' successfully

2020-03-10 03:25:20 - [TEST_STEP][PASSED] - selenium.click("id=consent-checkbox-0"): null

2020-03-10 03:25:20 - [TEST_STEP][PASSED] - selenium.click("id=consent-checkbox-1"): null

2020-03-10 03:25:20 - [TEST_STEP][PASSED] - selenium.click("id=consent-checkbox-2"): null

2020-03-10 03:25:20 - [TEST_STEP][PASSED] - selenium.click("id=consent-checkbox-3"): null

2020-03-10 03:25:21 - [TEST_STEP][PASSED] - selenium.click("id=js-signature-tab"): null

2020-03-10 03:25:21 - [TEST_STEP][PASSED] - selenium.click("id=js-app-continue-link"): null

2020-03-10 03:25:21 - [TEST_STEP][PASSED] - for ([second = 0, second < 30, (second++)]): null

2020-03-10 03:25:21 - [TEST_STEP][PASSED] - try: null

2020-03-10 03:25:21 - [TEST_STEP][PASSED] - if (selenium.isElementPresent("xpath=//h2[contains(text(),'Thank You')]")): null

2020-03-10 03:25:21 - [TEST_STEP][PASSED] - Thread.sleep(1000): null

2020-03-10 03:25:22 - [TEST_STEP][PASSED] - try: null

2020-03-10 03:25:22 - [TEST_STEP][PASSED] - if (selenium.isElementPresent("xpath=//h2[contains(text(),'Thank You')]")): null

2020-03-10 03:25:22 - [TEST_STEP][PASSED] - Thread.sleep(1000): null

2020-03-10 03:25:23 - [TEST_STEP][PASSED] - try: null

2020-03-10 03:25:23 - [TEST_STEP][PASSED] - if (selenium.isElementPresent("xpath=//h2[contains(text(),'Thank You')]")): null

2020-03-10 03:25:23 - [TEST_STEP][PASSED] - Thread.sleep(1000): null

2020-03-10 03:25:24 - [TEST_STEP][PASSED] - try: null

2020-03-10 03:25:24 - [TEST_STEP][PASSED] - if (selenium.isElementPresent("xpath=//h2[contains(text(),'Thank You')]")): null

2020-03-10 03:25:24 - [TEST_STEP][PASSED] - Thread.sleep(1000): null

2020-03-10 03:25:25 - [TEST_STEP][PASSED] - try: null

2020-03-10 03:25:25 - [TEST_STEP][PASSED] - if (selenium.isElementPresent("xpath=//h2[contains(text(),'Thank You')]")): null

2020-03-10 03:25:25 - [TEST_STEP][PASSED] - Thread.sleep(1000): null

2020-03-10 03:25:26 - [TEST_STEP][PASSED] - try: null

2020-03-10 03:25:26 - [TEST_STEP][PASSED] - if (selenium.isElementPresent("xpath=//h2[contains(text(),'Thank You')]")): null

2020-03-10 03:25:26 - [TEST_STEP][PASSED] - Thread.sleep(1000): null

2020-03-10 03:25:27 - [TEST_STEP][PASSED] - try: null

2020-03-10 03:25:27 - [TEST_STEP][PASSED] - if (selenium.isElementPresent("xpath=//h2[contains(text(),'Thank You')]")): null

2020-03-10 03:25:27 - [TEST_STEP][PASSED] - Thread.sleep(1000): null

2020-03-10 03:25:28 - [TEST_STEP][PASSED] - try: null

2020-03-10 03:25:28 - [TEST_STEP][PASSED] - if (selenium.isElementPresent("xpath=//h2[contains(text(),'Thank You')]")): null

2020-03-10 03:25:28 - [TEST_STEP][PASSED] - Thread.sleep(1000): null

2020-03-10 03:25:29 - [TEST_STEP][PASSED] - try: null

2020-03-10 03:25:29 - [TEST_STEP][PASSED] - if (selenium.isElementPresent("xpath=//h2[contains(text(),'Thank You')]")): null

2020-03-10 03:25:29 - [TEST_STEP][PASSED] - Thread.sleep(1000): null

2020-03-10 03:25:30 - [TEST_STEP][PASSED] - try: null

2020-03-10 03:25:30 - [TEST_STEP][PASSED] - if (selenium.isElementPresent("xpath=//h2[contains(text(),'Thank You')]")): null

2020-03-10 03:25:30 - [TEST_STEP][PASSED] - Thread.sleep(1000): null

2020-03-10 03:25:31 - [TEST_STEP][PASSED] - try: null

2020-03-10 03:25:31 - [TEST_STEP][PASSED] - if (selenium.isElementPresent("xpath=//h2[contains(text(),'Thank You')]")): null

2020-03-10 03:25:31 - [TEST_STEP][PASSED] - Thread.sleep(1000): null

2020-03-10 03:25:32 - [TEST_STEP][PASSED] - try: null

2020-03-10 03:25:32 - [TEST_STEP][PASSED] - if (selenium.isElementPresent("xpath=//h2[contains(text(),'Thank You')]")): null

2020-03-10 03:25:32 - [TEST_STEP][PASSED] - Thread.sleep(1000): null

2020-03-10 03:25:33 - [TEST_STEP][PASSED] - try: null

2020-03-10 03:25:33 - [TEST_STEP][PASSED] - if (selenium.isElementPresent("xpath=//h2[contains(text(),'Thank You')]")): null

2020-03-10 03:25:33 - [TEST_STEP][PASSED] - Thread.sleep(1000): null

2020-03-10 03:25:34 - [TEST_STEP][PASSED] - try: null

2020-03-10 03:25:34 - [TEST_STEP][PASSED] - if (selenium.isElementPresent("xpath=//h2[contains(text(),'Thank You')]")): null

2020-03-10 03:25:34 - [TEST_STEP][PASSED] - Thread.sleep(1000): null

2020-03-10 03:25:35 - [TEST_STEP][PASSED] - try: null

2020-03-10 03:25:35 - [TEST_STEP][PASSED] - if (selenium.isElementPresent("xpath=//h2[contains(text(),'Thank You')]")): null

2020-03-10 03:25:36 - [TEST_STEP][PASSED] - Thread.sleep(1000): null

2020-03-10 03:25:37 - [TEST_STEP][PASSED] - try: null

2020-03-10 03:25:37 - [TEST_STEP][PASSED] - if (selenium.isElementPresent("xpath=//h2[contains(text(),'Thank You')]")): null

2020-03-10 03:25:37 - [TEST_STEP][PASSED] - Thread.sleep(1000): null

2020-03-10 03:25:38 - [TEST_STEP][PASSED] - try: null

2020-03-10 03:25:38 - [TEST_STEP][PASSED] - if (selenium.isElementPresent("xpath=//h2[contains(text(),'Thank You')]")): null

2020-03-10 03:25:38 - [TEST_STEP][PASSED] - Thread.sleep(1000): null

2020-03-10 03:25:39 - [TEST_STEP][PASSED] - try: null

2020-03-10 03:25:39 - [TEST_STEP][PASSED] - if (selenium.isElementPresent("xpath=//h2[contains(text(),'Thank You')]")): null

2020-03-10 03:25:39 - [TEST_STEP][PASSED] - Thread.sleep(1000): null

2020-03-10 03:25:40 - [TEST_STEP][PASSED] - try: null

2020-03-10 03:25:40 - [TEST_STEP][PASSED] - if (selenium.isElementPresent("xpath=//h2[contains(text(),'Thank You')]")): null

2020-03-10 03:25:40 - [TEST_STEP][PASSED] - Thread.sleep(1000): null

2020-03-10 03:25:41 - [TEST_STEP][PASSED] - try: null

2020-03-10 03:25:41 - [TEST_STEP][PASSED] - if (selenium.isElementPresent("xpath=//h2[contains(text(),'Thank You')]")): null

2020-03-10 03:25:41 - [TEST_STEP][PASSED] - Thread.sleep(1000): null

2020-03-10 03:25:42 - [TEST_STEP][PASSED] - try: null

2020-03-10 03:25:42 - [TEST_STEP][PASSED] - if (selenium.isElementPresent("xpath=//h2[contains(text(),'Thank You')]")): null

2020-03-10 03:25:42 - [TEST_STEP][PASSED] - Thread.sleep(1000): null

2020-03-10 03:25:43 - [TEST_STEP][PASSED] - try: null

2020-03-10 03:25:43 - [TEST_STEP][PASSED] - if (selenium.isElementPresent("xpath=//h2[contains(text(),'Thank You')]")): null

2020-03-10 03:25:43 - [TEST_STEP][PASSED] - Thread.sleep(1000): null

2020-03-10 03:25:44 - [TEST_STEP][PASSED] - try: null

2020-03-10 03:25:44 - [TEST_STEP][PASSED] - if (selenium.isElementPresent("xpath=//h2[contains(text(),'Thank You')]")): null

2020-03-10 03:25:44 - [TEST_STEP][PASSED] - Thread.sleep(1000): null

2020-03-10 03:25:45 - [TEST_STEP][PASSED] - try: null

2020-03-10 03:25:45 - [TEST_STEP][PASSED] - if (selenium.isElementPresent("xpath=//h2[contains(text(),'Thank You')]")): null

2020-03-10 03:25:45 - [TEST_STEP][PASSED] - Thread.sleep(1000): null

2020-03-10 03:25:46 - [TEST_STEP][PASSED] - try: null

2020-03-10 03:25:46 - [TEST_STEP][PASSED] - if (selenium.isElementPresent("xpath=//h2[contains(text(),'Thank You')]")): null

2020-03-10 03:25:46 - [TEST_STEP][PASSED] - Thread.sleep(1000): null

2020-03-10 03:25:47 - [TEST_STEP][PASSED] - try: null

2020-03-10 03:25:47 - [TEST_STEP][PASSED] - if (selenium.isElementPresent("xpath=//h2[contains(text(),'Thank You')]")): null

2020-03-10 03:25:47 - [TEST_STEP][PASSED] - Thread.sleep(1000): null

2020-03-10 03:25:48 - [TEST_STEP][PASSED] - try: null

2020-03-10 03:25:48 - [TEST_STEP][PASSED] - if (selenium.isElementPresent("xpath=//h2[contains(text(),'Thank You')]")): null

2020-03-10 03:25:48 - [TEST_STEP][PASSED] - Thread.sleep(1000): null

2020-03-10 03:25:49 - [TEST_STEP][PASSED] - try: null

2020-03-10 03:25:49 - [TEST_STEP][PASSED] - if (selenium.isElementPresent("xpath=//h2[contains(text(),'Thank You')]")): null

2020-03-10 03:25:49 - [TEST_STEP][PASSED] - Thread.sleep(1000): null

2020-03-10 03:25:50 - [TEST_STEP][PASSED] - try: null

2020-03-10 03:25:50 - [TEST_STEP][PASSED] - if (selenium.isElementPresent("xpath=//h2[contains(text(),'Thank You')]")): null

2020-03-10 03:25:50 - [TEST_STEP][PASSED] - Thread.sleep(1000): null

2020-03-10 03:25:51 - [TEST_STEP][PASSED] - try: null

2020-03-10 03:25:51 - [TEST_STEP][PASSED] - if (selenium.isElementPresent("xpath=//h2[contains(text(),'Thank You')]")): null

2020-03-10 03:25:51 - [TEST_STEP][PASSED] - Thread.sleep(1000): null

2020-03-10 03:25:52 - [TEST_STEP][PASSED] - callTestCase(findTestCase("AHI/_include/get_screenshot"), [:], STOP_ON_FAILURE): Call Test Case 'Test Cases/AHI/_include/get_screenshot' successfully

2020-03-10 03:25:52 - [TEST_CASE][PASSED] - Test Cases/AHI/_include/get_screenshot: Test Cases/AHI/_include/get_screenshot

2020-03-10 03:25:52 - [TEST_STEP][PASSED] - Thread.sleep(1000): null

2020-03-10 03:25:53 - [TEST_STEP][PASSED] - takeScreenshot(screenPath + i + ".png"): Taking screenshot successfully

2020-03-10 03:25:53 - [MESSAGE][PASSED] - Taking screenshot successfully
[[ATTACHMENT|D:\\Test\\AgileTest\\Reports\\HIC\\hic\\20200310_030928\\../Screenshots/iPhone X/HIC/Pet/Pet/20200310_032437/10.png]]

2020-03-10 03:25:53 - [TEST_STEP][PASSED] - (internal.GlobalVariable.i++): null

2020-03-10 03:25:53 - [MESSAGE][PASSED] - Call Test Case 'Test Cases/AHI/_include/get_screenshot' successfully]]></system-out>
         <system-err><![CDATA[]]></system-err>
      </testcase>
      <testcase name="Test Cases/HIC/New/STM" classname="Test Cases/HIC/New/STM" status="PASSED">
         <system-out><![CDATA[2020-03-10 03:25:53 - [TEST_CASE][PASSED] - Test Cases/HIC/New/STM: Test Cases/HIC/New/STM

2020-03-10 03:25:54 - [TEST_STEP][PASSED] - callTestCase(findTestCase("HIC/_include/get_hicScreenPath"), ["project":"HIC", "productLine":"STM", "carrierName":"STM"], CONTINUE_ON_FAILURE): Call Test Case 'Test Cases/HIC/_include/get_hicScreenPath' successfully

2020-03-10 03:25:54 - [TEST_CASE][PASSED] - Test Cases/HIC/_include/get_hicScreenPath: Test Cases/HIC/_include/get_hicScreenPath

2020-03-10 03:25:54 - [TEST_STEP][PASSED] - m = getExecutionProperties(): null

2020-03-10 03:25:54 - [TEST_STEP][PASSED] - deviceName = get("mobileEmulation").get("deviceName"): null

2020-03-10 03:25:54 - [TEST_STEP][PASSED] - println(deviceName): null

2020-03-10 03:25:54 - [TEST_STEP][PASSED] - now = new java.util.Date(): null

2020-03-10 03:25:54 - [TEST_STEP][PASSED] - mydate = now.format("yyyyMMdd_HHmmss"): null

2020-03-10 03:25:54 - [TEST_STEP][PASSED] - screenPath = "../Screenshots/": null

2020-03-10 03:25:54 - [TEST_STEP][PASSED] - screenPath = screenPath + deviceName + "/" + project + "/" + productLine + "/" + carrierName + "/" + mydate + "/": null

2020-03-10 03:25:54 - [TEST_STEP][PASSED] - println(screenPath): null

2020-03-10 03:25:54 - [MESSAGE][PASSED] - Call Test Case 'Test Cases/HIC/_include/get_hicScreenPath' successfully

2020-03-10 03:25:54 - [TEST_STEP][PASSED] - i = 0: null

2020-03-10 03:25:54 - [TEST_STEP][PASSED] - callTestCase(findTestCase("AHI/_include/openWebSite"), ["env":env], CONTINUE_ON_FAILURE): Call Test Case 'Test Cases/AHI/_include/openWebSite' successfully

2020-03-10 03:25:54 - [TEST_CASE][PASSED] - Test Cases/AHI/_include/openWebSite: Test Cases/AHI/_include/openWebSite

2020-03-10 03:25:54 - [TEST_STEP][PASSED] - openBrowser(env): Browser is opened with url: 'https://qa.healthinsurance.com'

2020-03-10 03:25:54 - [MESSAGE][WARNING] - A browser is already opened. Closing browser and opening a new one

2020-03-10 03:25:55 - [MESSAGE][INFO] - Starting 'Chrome' driver

2020-03-10 03:25:55 - [MESSAGE][INFO] - User set preference: ['mobileEmulation', '{deviceName=iPhone X}']

2020-03-10 03:25:55 - [MESSAGE][INFO] - User set preference: ['args', '[--incognito, --aggressive-cache-discard, --no-sandbox, --window-size=375,812, --ignore-certificate-errors]']

2020-03-10 03:25:57 - [MESSAGE][PASSED] - Browser is opened with url: 'https://qa.healthinsurance.com'

2020-03-10 03:25:57 - [TEST_STEP][PASSED] - waitForPageLoad(20): Wait for page load successfully

2020-03-10 03:25:57 - [MESSAGE][PASSED] - Wait for page load successfully

2020-03-10 03:25:57 - [TEST_STEP][PASSED] - callTestCase(findTestCase("AHI/_include/get_screenshot"), [:], STOP_ON_FAILURE): Call Test Case 'Test Cases/AHI/_include/get_screenshot' successfully

2020-03-10 03:25:57 - [TEST_CASE][PASSED] - Test Cases/AHI/_include/get_screenshot: Test Cases/AHI/_include/get_screenshot

2020-03-10 03:25:57 - [TEST_STEP][PASSED] - Thread.sleep(1000): null

2020-03-10 03:25:58 - [TEST_STEP][PASSED] - takeScreenshot(screenPath + i + ".png"): Taking screenshot successfully

2020-03-10 03:25:59 - [MESSAGE][PASSED] - Taking screenshot successfully
[[ATTACHMENT|D:\\Test\\AgileTest\\Reports\\HIC\\hic\\20200310_030928\\../Screenshots/iPhone X/HIC/STM/STM/20200310_032554/0.png]]

2020-03-10 03:25:59 - [TEST_STEP][PASSED] - (internal.GlobalVariable.i++): null

2020-03-10 03:25:59 - [MESSAGE][PASSED] - Call Test Case 'Test Cases/AHI/_include/get_screenshot' successfully

2020-03-10 03:25:59 - [MESSAGE][PASSED] - Call Test Case 'Test Cases/AHI/_include/openWebSite' successfully

2020-03-10 03:25:59 - [TEST_STEP][PASSED] - driver = getWebDriver(): null

2020-03-10 03:25:59 - [TEST_STEP][PASSED] - baseUrl = env: null

2020-03-10 03:25:59 - [TEST_STEP][PASSED] - selenium = new com.thoughtworks.selenium.webdriven.WebDriverBackedSelenium(driver, baseUrl): null

2020-03-10 03:25:59 - [TEST_STEP][PASSED] - selenium.click("id=product-lines"): null

2020-03-10 03:25:59 - [TEST_STEP][PASSED] - selenium.click("//*[@id='product-lines']/following::div/button[contains(text(),'Short Term Insurance')]"): null

2020-03-10 03:25:59 - [TEST_STEP][PASSED] - selenium.click("//button[contains(text(),'COMPARE HEALTHPLANS')]"): null

2020-03-10 03:25:59 - [TEST_STEP][PASSED] - for ([second = 0, second < 10, (second++)]): null

2020-03-10 03:25:59 - [TEST_STEP][PASSED] - try: null

2020-03-10 03:25:59 - [TEST_STEP][PASSED] - if (selenium.isElementPresent("xpath=//button[contains(text(),'GET QUOTES')]")): null

2020-03-10 03:25:59 - [TEST_STEP][PASSED] - Thread.sleep(1000): null

2020-03-10 03:26:00 - [TEST_STEP][PASSED] - try: null

2020-03-10 03:26:00 - [TEST_STEP][PASSED] - if (selenium.isElementPresent("xpath=//button[contains(text(),'GET QUOTES')]")): null

2020-03-10 03:26:00 - [TEST_STEP][PASSED] - break: null

2020-03-10 03:26:00 - [TEST_STEP][PASSED] - callTestCase(findTestCase("AHI/_include/get_screenshot"), [:], STOP_ON_FAILURE): Call Test Case 'Test Cases/AHI/_include/get_screenshot' successfully

2020-03-10 03:26:00 - [TEST_CASE][PASSED] - Test Cases/AHI/_include/get_screenshot: Test Cases/AHI/_include/get_screenshot

2020-03-10 03:26:00 - [TEST_STEP][PASSED] - Thread.sleep(1000): null

2020-03-10 03:26:01 - [TEST_STEP][PASSED] - takeScreenshot(screenPath + i + ".png"): Taking screenshot successfully

2020-03-10 03:26:02 - [MESSAGE][PASSED] - Taking screenshot successfully
[[ATTACHMENT|D:\\Test\\AgileTest\\Reports\\HIC\\hic\\20200310_030928\\../Screenshots/iPhone X/HIC/STM/STM/20200310_032554/1.png]]

2020-03-10 03:26:02 - [TEST_STEP][PASSED] - (internal.GlobalVariable.i++): null

2020-03-10 03:26:02 - [MESSAGE][PASSED] - Call Test Case 'Test Cases/AHI/_include/get_screenshot' successfully

2020-03-10 03:26:02 - [TEST_STEP][PASSED] - selenium.click("xpath=//button[contains(text(),'GET QUOTES')]"): null

2020-03-10 03:26:02 - [TEST_STEP][PASSED] - Thread.sleep(3000): null

2020-03-10 03:26:05 - [TEST_STEP][PASSED] - selenium.selectWindow("HealthInsurance.net | Get a Quote"): null

2020-03-10 03:26:06 - [TEST_STEP][PASSED] - Thread.sleep(3000): null

2020-03-10 03:26:09 - [TEST_STEP][PASSED] - callTestCase(findTestCase("AHI/_include/get_screenshot"), [:], STOP_ON_FAILURE): Call Test Case 'Test Cases/AHI/_include/get_screenshot' successfully

2020-03-10 03:26:09 - [TEST_CASE][PASSED] - Test Cases/AHI/_include/get_screenshot: Test Cases/AHI/_include/get_screenshot

2020-03-10 03:26:09 - [TEST_STEP][PASSED] - Thread.sleep(1000): null

2020-03-10 03:26:10 - [TEST_STEP][PASSED] - takeScreenshot(screenPath + i + ".png"): Taking screenshot successfully

2020-03-10 03:26:11 - [MESSAGE][PASSED] - Taking screenshot successfully
[[ATTACHMENT|D:\\Test\\AgileTest\\Reports\\HIC\\hic\\20200310_030928\\../Screenshots/iPhone X/HIC/STM/STM/20200310_032554/2.png]]

2020-03-10 03:26:11 - [TEST_STEP][PASSED] - (internal.GlobalVariable.i++): null

2020-03-10 03:26:11 - [MESSAGE][PASSED] - Call Test Case 'Test Cases/AHI/_include/get_screenshot' successfully]]></system-out>
         <system-err><![CDATA[]]></system-err>
      </testcase>
      <testcase name="Test Cases/HIC/New/Teladoc" classname="Test Cases/HIC/New/Teladoc" status="PASSED">
         <system-out><![CDATA[2020-03-10 03:26:11 - [TEST_CASE][PASSED] - Test Cases/HIC/New/Teladoc: Test Cases/HIC/New/Teladoc

2020-03-10 03:26:11 - [TEST_STEP][PASSED] - callTestCase(findTestCase("HIC/_include/get_hicScreenPath"), ["project":"HIC", "productLine":"Teladoc", "carrierName":"Teladoc"], CONTINUE_ON_FAILURE): Call Test Case 'Test Cases/HIC/_include/get_hicScreenPath' successfully

2020-03-10 03:26:12 - [TEST_CASE][PASSED] - Test Cases/HIC/_include/get_hicScreenPath: Test Cases/HIC/_include/get_hicScreenPath

2020-03-10 03:26:12 - [TEST_STEP][PASSED] - m = getExecutionProperties(): null

2020-03-10 03:26:12 - [TEST_STEP][PASSED] - deviceName = get("mobileEmulation").get("deviceName"): null

2020-03-10 03:26:12 - [TEST_STEP][PASSED] - println(deviceName): null

2020-03-10 03:26:12 - [TEST_STEP][PASSED] - now = new java.util.Date(): null

2020-03-10 03:26:12 - [TEST_STEP][PASSED] - mydate = now.format("yyyyMMdd_HHmmss"): null

2020-03-10 03:26:12 - [TEST_STEP][PASSED] - screenPath = "../Screenshots/": null

2020-03-10 03:26:12 - [TEST_STEP][PASSED] - screenPath = screenPath + deviceName + "/" + project + "/" + productLine + "/" + carrierName + "/" + mydate + "/": null

2020-03-10 03:26:12 - [TEST_STEP][PASSED] - println(screenPath): null

2020-03-10 03:26:12 - [MESSAGE][PASSED] - Call Test Case 'Test Cases/HIC/_include/get_hicScreenPath' successfully

2020-03-10 03:26:12 - [TEST_STEP][PASSED] - i = 0: null

2020-03-10 03:26:12 - [TEST_STEP][PASSED] - callTestCase(findTestCase("AHI/_include/openWebSite"), ["env":env], CONTINUE_ON_FAILURE): Call Test Case 'Test Cases/AHI/_include/openWebSite' successfully

2020-03-10 03:26:12 - [TEST_CASE][PASSED] - Test Cases/AHI/_include/openWebSite: Test Cases/AHI/_include/openWebSite

2020-03-10 03:26:12 - [TEST_STEP][PASSED] - openBrowser(env): Browser is opened with url: 'https://qa.healthinsurance.com'

2020-03-10 03:26:12 - [MESSAGE][WARNING] - A browser is already opened. Closing browser and opening a new one

2020-03-10 03:26:13 - [MESSAGE][INFO] - Starting 'Chrome' driver

2020-03-10 03:26:13 - [MESSAGE][INFO] - User set preference: ['mobileEmulation', '{deviceName=iPhone X}']

2020-03-10 03:26:13 - [MESSAGE][INFO] - User set preference: ['args', '[--incognito, --aggressive-cache-discard, --no-sandbox, --window-size=375,812, --ignore-certificate-errors]']

2020-03-10 03:26:15 - [MESSAGE][PASSED] - Browser is opened with url: 'https://qa.healthinsurance.com'

2020-03-10 03:26:15 - [TEST_STEP][PASSED] - waitForPageLoad(20): Wait for page load successfully

2020-03-10 03:26:15 - [MESSAGE][PASSED] - Wait for page load successfully

2020-03-10 03:26:15 - [TEST_STEP][PASSED] - callTestCase(findTestCase("AHI/_include/get_screenshot"), [:], STOP_ON_FAILURE): Call Test Case 'Test Cases/AHI/_include/get_screenshot' successfully

2020-03-10 03:26:16 - [TEST_CASE][PASSED] - Test Cases/AHI/_include/get_screenshot: Test Cases/AHI/_include/get_screenshot

2020-03-10 03:26:16 - [TEST_STEP][PASSED] - Thread.sleep(1000): null

2020-03-10 03:26:17 - [TEST_STEP][PASSED] - takeScreenshot(screenPath + i + ".png"): Taking screenshot successfully

2020-03-10 03:26:17 - [MESSAGE][PASSED] - Taking screenshot successfully
[[ATTACHMENT|D:\\Test\\AgileTest\\Reports\\HIC\\hic\\20200310_030928\\../Screenshots/iPhone X/HIC/Teladoc/Teladoc/20200310_032612/0.png]]

2020-03-10 03:26:17 - [TEST_STEP][PASSED] - (internal.GlobalVariable.i++): null

2020-03-10 03:26:17 - [MESSAGE][PASSED] - Call Test Case 'Test Cases/AHI/_include/get_screenshot' successfully

2020-03-10 03:26:17 - [MESSAGE][PASSED] - Call Test Case 'Test Cases/AHI/_include/openWebSite' successfully

2020-03-10 03:26:17 - [TEST_STEP][PASSED] - driver = getWebDriver(): null

2020-03-10 03:26:17 - [TEST_STEP][PASSED] - baseUrl = env: null

2020-03-10 03:26:17 - [TEST_STEP][PASSED] - selenium = new com.thoughtworks.selenium.webdriven.WebDriverBackedSelenium(driver, baseUrl): null

2020-03-10 03:26:17 - [TEST_STEP][PASSED] - selenium.click("id=product-lines"): null

2020-03-10 03:26:17 - [TEST_STEP][PASSED] - selenium.click("//*[@id='product-lines']/following::div/button[contains(text(),'Telemedicine')]"): null

2020-03-10 03:26:17 - [TEST_STEP][PASSED] - selenium.click("//button[contains(text(),'COMPARE HEALTHPLANS')]"): null

2020-03-10 03:26:18 - [TEST_STEP][PASSED] - for ([second = 0, second < 10, (second++)]): null

2020-03-10 03:26:18 - [TEST_STEP][PASSED] - try: null

2020-03-10 03:26:18 - [TEST_STEP][PASSED] - if (selenium.isElementPresent("id=zip")): null

2020-03-10 03:26:18 - [TEST_STEP][PASSED] - Thread.sleep(1000): null

2020-03-10 03:26:19 - [TEST_STEP][PASSED] - try: null

2020-03-10 03:26:19 - [TEST_STEP][PASSED] - if (selenium.isElementPresent("id=zip")): null

2020-03-10 03:26:19 - [TEST_STEP][PASSED] - break: null

2020-03-10 03:26:19 - [TEST_STEP][PASSED] - callTestCase(findTestCase("AHI/_include/get_screenshot"), [:], STOP_ON_FAILURE): Call Test Case 'Test Cases/AHI/_include/get_screenshot' successfully

2020-03-10 03:26:19 - [TEST_CASE][PASSED] - Test Cases/AHI/_include/get_screenshot: Test Cases/AHI/_include/get_screenshot

2020-03-10 03:26:19 - [TEST_STEP][PASSED] - Thread.sleep(1000): null

2020-03-10 03:26:20 - [TEST_STEP][PASSED] - takeScreenshot(screenPath + i + ".png"): Taking screenshot successfully

2020-03-10 03:26:20 - [MESSAGE][PASSED] - Taking screenshot successfully
[[ATTACHMENT|D:\\Test\\AgileTest\\Reports\\HIC\\hic\\20200310_030928\\../Screenshots/iPhone X/HIC/Teladoc/Teladoc/20200310_032612/1.png]]

2020-03-10 03:26:20 - [TEST_STEP][PASSED] - (internal.GlobalVariable.i++): null

2020-03-10 03:26:20 - [MESSAGE][PASSED] - Call Test Case 'Test Cases/AHI/_include/get_screenshot' successfully

2020-03-10 03:26:20 - [TEST_STEP][PASSED] - Thread.sleep(2000): null

2020-03-10 03:26:22 - [TEST_STEP][PASSED] - setText(findTestObject("hic/stm/census/zip"), "33186"): Text '33186' is set on object 'Object Repository/hic/stm/census/zip'

2020-03-10 03:26:22 - [MESSAGE][PASSED] - Text '33186' is set on object 'Object Repository/hic/stm/census/zip'

2020-03-10 03:26:22 - [TEST_STEP][PASSED] - Thread.sleep(500): null

2020-03-10 03:26:23 - [TEST_STEP][PASSED] - setText(findTestObject("hic/stm/census/primaryDOB"), "03031987"): Text '03031987' is set on object 'Object Repository/hic/stm/census/primaryDOB'

2020-03-10 03:26:23 - [MESSAGE][PASSED] - Text '03031987' is set on object 'Object Repository/hic/stm/census/primaryDOB'

2020-03-10 03:26:23 - [TEST_STEP][PASSED] - click(findTestObject("hic/stm/census/female")): Object: 'Object Repository/hic/stm/census/female' is clicked on

2020-03-10 03:26:23 - [MESSAGE][PASSED] - Object: 'Object Repository/hic/stm/census/female' is clicked on

2020-03-10 03:26:23 - [TEST_STEP][PASSED] - Thread.sleep(3000): null

2020-03-10 03:26:26 - [TEST_STEP][PASSED] - click(findTestObject("hic/teladoc/seePlans")): Object: 'Object Repository/hic/teladoc/seePlans' is clicked on

2020-03-10 03:26:27 - [MESSAGE][PASSED] - Object: 'Object Repository/hic/teladoc/seePlans' is clicked on

2020-03-10 03:26:27 - [TEST_STEP][PASSED] - Thread.sleep(6000): null

2020-03-10 03:26:33 - [TEST_STEP][PASSED] - callTestCase(findTestCase("AHI/_include/get_screenshot"), [:], STOP_ON_FAILURE): Call Test Case 'Test Cases/AHI/_include/get_screenshot' successfully

2020-03-10 03:26:33 - [TEST_CASE][PASSED] - Test Cases/AHI/_include/get_screenshot: Test Cases/AHI/_include/get_screenshot

2020-03-10 03:26:33 - [TEST_STEP][PASSED] - Thread.sleep(1000): null

2020-03-10 03:26:34 - [TEST_STEP][PASSED] - takeScreenshot(screenPath + i + ".png"): Taking screenshot successfully

2020-03-10 03:26:35 - [MESSAGE][PASSED] - Taking screenshot successfully
[[ATTACHMENT|D:\\Test\\AgileTest\\Reports\\HIC\\hic\\20200310_030928\\../Screenshots/iPhone X/HIC/Teladoc/Teladoc/20200310_032612/2.png]]

2020-03-10 03:26:35 - [TEST_STEP][PASSED] - (internal.GlobalVariable.i++): null

2020-03-10 03:26:35 - [MESSAGE][PASSED] - Call Test Case 'Test Cases/AHI/_include/get_screenshot' successfully

2020-03-10 03:26:35 - [TEST_STEP][PASSED] - Thread.sleep(1000): null

2020-03-10 03:26:36 - [TEST_STEP][PASSED] - click(findTestObject("mobileSanity/Teladoc/census/get_a_quote")): Object: 'Object Repository/mobileSanity/Teladoc/census/get_a_quote' is clicked on

2020-03-10 03:26:36 - [MESSAGE][PASSED] - Object: 'Object Repository/mobileSanity/Teladoc/census/get_a_quote' is clicked on

2020-03-10 03:26:36 - [TEST_STEP][PASSED] - waitForPageLoad(20): Wait for page load successfully

2020-03-10 03:26:37 - [MESSAGE][PASSED] - Wait for page load successfully

2020-03-10 03:26:37 - [TEST_STEP][PASSED] - waitForElementVisible(findTestObject("mobileSanity/Teladoc/apply_button"), 20): Object 'Object Repository/mobileSanity/Teladoc/apply_button' is visible

2020-03-10 03:26:37 - [MESSAGE][PASSED] - Object 'Object Repository/mobileSanity/Teladoc/apply_button' is visible

2020-03-10 03:26:37 - [TEST_STEP][PASSED] - callTestCase(findTestCase("AHI/_include/get_screenshot"), [:], STOP_ON_FAILURE): Call Test Case 'Test Cases/AHI/_include/get_screenshot' successfully

2020-03-10 03:26:37 - [TEST_CASE][PASSED] - Test Cases/AHI/_include/get_screenshot: Test Cases/AHI/_include/get_screenshot

2020-03-10 03:26:37 - [TEST_STEP][PASSED] - Thread.sleep(1000): null

2020-03-10 03:26:38 - [TEST_STEP][PASSED] - takeScreenshot(screenPath + i + ".png"): Taking screenshot successfully

2020-03-10 03:26:39 - [MESSAGE][PASSED] - Taking screenshot successfully
[[ATTACHMENT|D:\\Test\\AgileTest\\Reports\\HIC\\hic\\20200310_030928\\../Screenshots/iPhone X/HIC/Teladoc/Teladoc/20200310_032612/3.png]]

2020-03-10 03:26:39 - [TEST_STEP][PASSED] - (internal.GlobalVariable.i++): null

2020-03-10 03:26:39 - [MESSAGE][PASSED] - Call Test Case 'Test Cases/AHI/_include/get_screenshot' successfully

2020-03-10 03:26:39 - [TEST_STEP][PASSED] - click(findTestObject("mobileSanity/Teladoc/apply_button")): Object: 'Object Repository/mobileSanity/Teladoc/apply_button' is clicked on

2020-03-10 03:26:39 - [MESSAGE][PASSED] - Object: 'Object Repository/mobileSanity/Teladoc/apply_button' is clicked on

2020-03-10 03:26:39 - [TEST_STEP][PASSED] - waitForPageLoad(20): Wait for page load successfully

2020-03-10 03:26:40 - [MESSAGE][PASSED] - Wait for page load successfully

2020-03-10 03:26:40 - [TEST_STEP][PASSED] - waitForElementPresent(findTestObject("mobileSanity/Teladoc/Page_App Page 1/input__member-P-1-firstName"), 20): Object 'Object Repository/mobileSanity/Teladoc/Page_App Page 1/input__member-P-1-firstName' is present

2020-03-10 03:26:40 - [MESSAGE][PASSED] - Object 'Object Repository/mobileSanity/Teladoc/Page_App Page 1/input__member-P-1-firstName' is present

2020-03-10 03:26:40 - [TEST_STEP][PASSED] - callTestCase(findTestCase("AHI/_include/get_screenshot"), [:], STOP_ON_FAILURE): Call Test Case 'Test Cases/AHI/_include/get_screenshot' successfully

2020-03-10 03:26:40 - [TEST_CASE][PASSED] - Test Cases/AHI/_include/get_screenshot: Test Cases/AHI/_include/get_screenshot

2020-03-10 03:26:40 - [TEST_STEP][PASSED] - Thread.sleep(1000): null

2020-03-10 03:26:41 - [TEST_STEP][PASSED] - takeScreenshot(screenPath + i + ".png"): Taking screenshot successfully

2020-03-10 03:26:42 - [MESSAGE][PASSED] - Taking screenshot successfully
[[ATTACHMENT|D:\\Test\\AgileTest\\Reports\\HIC\\hic\\20200310_030928\\../Screenshots/iPhone X/HIC/Teladoc/Teladoc/20200310_032612/4.png]]

2020-03-10 03:26:42 - [TEST_STEP][PASSED] - (internal.GlobalVariable.i++): null

2020-03-10 03:26:42 - [MESSAGE][PASSED] - Call Test Case 'Test Cases/AHI/_include/get_screenshot' successfully

2020-03-10 03:26:42 - [TEST_STEP][PASSED] - callTestCase(findTestCase("AHI/_include/name"), [:], STOP_ON_FAILURE): Call Test Case 'Test Cases/AHI/_include/name' successfully

2020-03-10 03:26:42 - [TEST_CASE][PASSED] - Test Cases/AHI/_include/name: Test Cases/AHI/_include/name

2020-03-10 03:26:42 - [TEST_STEP][PASSED] - driver = getWebDriver(): null

2020-03-10 03:26:42 - [TEST_STEP][PASSED] - selenium = new com.thoughtworks.selenium.webdriven.WebDriverBackedSelenium(driver, internal.GlobalVariable.ENV): null

2020-03-10 03:26:42 - [TEST_STEP][PASSED] - FirstName = "Test-123": null

2020-03-10 03:26:42 - [TEST_STEP][PASSED] - LastName = selenium.getEval("{var x="ABCDEFGHIJKLMNOPQRSTUVWXYZabcdefghijklmnopqrstuvwxyz"; var tmp="ZZ11-"; for (i=0;i<8;i++) tmp+=x.charAt(Math.ceil(51*Math.random()));tmp;}"): null

2020-03-10 03:26:42 - [TEST_STEP][PASSED] - Address = selenium.getEval("{var x="ABCDEFGHIJKLMNOPQRSTUVWXYZabcdefghijklmnopqrstuvwxyz"; var tmp=""; for (i=0;i<8;i++) tmp+=x.charAt(Math.ceil(51*Math.random()));tmp;}"): null

2020-03-10 03:26:42 - [TEST_STEP][PASSED] - City = selenium.getEval("{var x="ABCDEFGHIJKLMNOPQRSTUVWXYZabcdefghijklmnopqrstuvwxyz"; var tmp=""; for (i=0;i<8;i++) tmp+=x.charAt(Math.ceil(51*Math.random()));tmp;}"): null

2020-03-10 03:26:42 - [TEST_STEP][PASSED] - tel1 = selenium.getEval("{var x="123456789"; var tmp=""; for (i=0;i<3;i++) tmp+=x.charAt(Math.ceil(8*Math.random()));tmp;}"): null

2020-03-10 03:26:42 - [TEST_STEP][PASSED] - tel2 = selenium.getEval("{var x="123456789"; var tmp=""; for (i=0;i<3;i++) tmp+=x.charAt(Math.ceil(8*Math.random()));tmp;}"): null

2020-03-10 03:26:42 - [TEST_STEP][PASSED] - tel3 = selenium.getEval("{var x="123456789"; var tmp=""; for (i=0;i<4;i++) tmp+=x.charAt(Math.ceil(8*Math.random()));tmp;}"): null

2020-03-10 03:26:42 - [TEST_STEP][PASSED] - Tel = selenium.getExpression(tel1 + "-" + tel2 + "-" + tel3): null

2020-03-10 03:26:42 - [TEST_STEP][PASSED] - AutoEmail = selenium.getEval("{var x="ABCDEFGHIJKLMNOPQRSTUVWXYZabcdefghijklmnopqrstuvwxyz"; var tmp="test."; for (i=0;i<8;i++) tmp+=x.charAt(Math.ceil(51*Math.random()));tmp+="@suryani.cn";}"): null

2020-03-10 03:26:42 - [TEST_STEP][PASSED] - FirstName = FirstName: null

2020-03-10 03:26:42 - [TEST_STEP][PASSED] - LastName = LastName: null

2020-03-10 03:26:42 - [TEST_STEP][PASSED] - Address = Address: null

2020-03-10 03:26:42 - [TEST_STEP][PASSED] - City = City: null

2020-03-10 03:26:42 - [TEST_STEP][PASSED] - Tel = Tel: null

2020-03-10 03:26:42 - [TEST_STEP][PASSED] - AutoEmail = AutoEmail: null

2020-03-10 03:26:42 - [TEST_STEP][PASSED] - println(FirstName): null

2020-03-10 03:26:42 - [TEST_STEP][PASSED] - println(LastName): null

2020-03-10 03:26:42 - [TEST_STEP][PASSED] - println(Address): null

2020-03-10 03:26:42 - [TEST_STEP][PASSED] - println(City): null

2020-03-10 03:26:42 - [TEST_STEP][PASSED] - println(Tel): null

2020-03-10 03:26:42 - [TEST_STEP][PASSED] - println(AutoEmail): null

2020-03-10 03:26:42 - [MESSAGE][PASSED] - Call Test Case 'Test Cases/AHI/_include/name' successfully

2020-03-10 03:26:42 - [TEST_STEP][PASSED] - setText(findTestObject("mobileSanity/Teladoc/Page_App Page 1/input__member-P-1-firstName"), FirstName): Text 'Test-123' is set on object 'Object Repository/mobileSanity/Teladoc/Page_App Page 1/input__member-P-1-firstName'

2020-03-10 03:26:42 - [MESSAGE][PASSED] - Text 'Test-123' is set on object 'Object Repository/mobileSanity/Teladoc/Page_App Page 1/input__member-P-1-firstName'

2020-03-10 03:26:42 - [TEST_STEP][PASSED] - setText(findTestObject("mobileSanity/Teladoc/Page_App Page 1/input__member-P-1-lastName"), LastName): Text 'ZZ11-wifUenci' is set on object 'Object Repository/mobileSanity/Teladoc/Page_App Page 1/input__member-P-1-lastName'

2020-03-10 03:26:43 - [MESSAGE][PASSED] - Text 'ZZ11-wifUenci' is set on object 'Object Repository/mobileSanity/Teladoc/Page_App Page 1/input__member-P-1-lastName'

2020-03-10 03:26:43 - [TEST_STEP][PASSED] - selectOptionByValue(findTestObject("mobileSanity/Teladoc/Page_App Page 1/select_01020304050607"), "05", true): All options with value '05' are selected in object 'Object Repository/mobileSanity/Teladoc/Page_App Page 1/select_01020304050607'  using regular expression

2020-03-10 03:26:43 - [MESSAGE][PASSED] - All options with value '05' are selected in object 'Object Repository/mobileSanity/Teladoc/Page_App Page 1/select_01020304050607'  using regular expression

2020-03-10 03:26:43 - [TEST_STEP][PASSED] - selectOptionByValue(findTestObject("mobileSanity/Teladoc/Page_App Page 1/select_00102030405060708091011"), "06", true): All options with value '06' are selected in object 'Object Repository/mobileSanity/Teladoc/Page_App Page 1/select_00102030405060708091011'  using regular expression

2020-03-10 03:26:44 - [MESSAGE][PASSED] - All options with value '06' are selected in object 'Object Repository/mobileSanity/Teladoc/Page_App Page 1/select_00102030405060708091011'  using regular expression

2020-03-10 03:26:44 - [TEST_STEP][PASSED] - setText(findTestObject("mobileSanity/Teladoc/Page_App Page 1/input_lbs"), "180"): Text '180' is set on object 'Object Repository/mobileSanity/Teladoc/Page_App Page 1/input_lbs'

2020-03-10 03:26:44 - [MESSAGE][PASSED] - Text '180' is set on object 'Object Repository/mobileSanity/Teladoc/Page_App Page 1/input_lbs'

2020-03-10 03:26:44 - [TEST_STEP][PASSED] - setText(findTestObject("mobileSanity/Teladoc/Page_App Page 1/input__address"), Address): Text 'DvsXYaMt' is set on object 'Object Repository/mobileSanity/Teladoc/Page_App Page 1/input__address'

2020-03-10 03:26:44 - [MESSAGE][PASSED] - Text 'DvsXYaMt' is set on object 'Object Repository/mobileSanity/Teladoc/Page_App Page 1/input__address'

2020-03-10 03:26:44 - [TEST_STEP][PASSED] - setText(findTestObject("mobileSanity/Teladoc/Page_App Page 1/input__city"), City): Text 'pXhoZNRx' is set on object 'Object Repository/mobileSanity/Teladoc/Page_App Page 1/input__city'

2020-03-10 03:26:44 - [MESSAGE][PASSED] - Text 'pXhoZNRx' is set on object 'Object Repository/mobileSanity/Teladoc/Page_App Page 1/input__city'

2020-03-10 03:26:44 - [TEST_STEP][PASSED] - setText(findTestObject("mobileSanity/Teladoc/Page_App Page 1/input__email"), AutoEmail): Text 'test.pJPFhtMg@suryani.cn' is set on object 'Object Repository/mobileSanity/Teladoc/Page_App Page 1/input__email'

2020-03-10 03:26:45 - [MESSAGE][PASSED] - Text 'test.pJPFhtMg@suryani.cn' is set on object 'Object Repository/mobileSanity/Teladoc/Page_App Page 1/input__email'

2020-03-10 03:26:45 - [TEST_STEP][PASSED] - setText(findTestObject("mobileSanity/Teladoc/Page_App Page 1/input_phone number"), Tel): Text '732-368-5372' is set on object 'Object Repository/mobileSanity/Teladoc/Page_App Page 1/input_phone number'

2020-03-10 03:26:45 - [MESSAGE][PASSED] - Text '732-368-5372' is set on object 'Object Repository/mobileSanity/Teladoc/Page_App Page 1/input_phone number'

2020-03-10 03:26:45 - [TEST_STEP][PASSED] - Thread.sleep(2000): null

2020-03-10 03:26:47 - [TEST_STEP][PASSED] - scrollToElement(findTestObject("mobileSanity/Teladoc/Page_App Page 1/a_Continue to Step 2 - Payment"), 10): Scroll to object 'Object Repository/mobileSanity/Teladoc/Page_App Page 1/a_Continue to Step 2 - Payment' successfully

2020-03-10 03:26:47 - [MESSAGE][PASSED] - Scroll to object 'Object Repository/mobileSanity/Teladoc/Page_App Page 1/a_Continue to Step 2 - Payment' successfully

2020-03-10 03:26:47 - [TEST_STEP][PASSED] - click(findTestObject("mobileSanity/Teladoc/Page_App Page 1/a_Continue to Step 2 - Payment")): Object: 'Object Repository/mobileSanity/Teladoc/Page_App Page 1/a_Continue to Step 2 - Payment' is clicked on

2020-03-10 03:26:47 - [MESSAGE][PASSED] - Object: 'Object Repository/mobileSanity/Teladoc/Page_App Page 1/a_Continue to Step 2 - Payment' is clicked on

2020-03-10 03:26:47 - [TEST_STEP][PASSED] - waitForPageLoad(20): Wait for page load successfully

2020-03-10 03:26:47 - [MESSAGE][PASSED] - Wait for page load successfully

2020-03-10 03:26:47 - [TEST_STEP][PASSED] - waitForElementVisible(findTestObject("mobileSanity/Teladoc/Page_App Page 2/input__credit-card-first"), 20): Object 'Object Repository/mobileSanity/Teladoc/Page_App Page 2/input__credit-card-first' is visible

2020-03-10 03:26:47 - [MESSAGE][PASSED] - Object 'Object Repository/mobileSanity/Teladoc/Page_App Page 2/input__credit-card-first' is visible

2020-03-10 03:26:47 - [TEST_STEP][PASSED] - callTestCase(findTestCase("AHI/_include/get_screenshot"), [:], STOP_ON_FAILURE): Call Test Case 'Test Cases/AHI/_include/get_screenshot' successfully

2020-03-10 03:26:48 - [TEST_CASE][PASSED] - Test Cases/AHI/_include/get_screenshot: Test Cases/AHI/_include/get_screenshot

2020-03-10 03:26:48 - [TEST_STEP][PASSED] - Thread.sleep(1000): null

2020-03-10 03:26:49 - [TEST_STEP][PASSED] - takeScreenshot(screenPath + i + ".png"): Taking screenshot successfully

2020-03-10 03:26:49 - [MESSAGE][PASSED] - Taking screenshot successfully
[[ATTACHMENT|D:\\Test\\AgileTest\\Reports\\HIC\\hic\\20200310_030928\\../Screenshots/iPhone X/HIC/Teladoc/Teladoc/20200310_032612/5.png]]

2020-03-10 03:26:49 - [TEST_STEP][PASSED] - (internal.GlobalVariable.i++): null

2020-03-10 03:26:49 - [MESSAGE][PASSED] - Call Test Case 'Test Cases/AHI/_include/get_screenshot' successfully

2020-03-10 03:26:49 - [TEST_STEP][PASSED] - setText(findTestObject("mobileSanity/Teladoc/Page_App Page 2/input__credit-card-first"), FirstName): Text 'Test-123' is set on object 'Object Repository/mobileSanity/Teladoc/Page_App Page 2/input__credit-card-first'

2020-03-10 03:26:49 - [MESSAGE][PASSED] - Text 'Test-123' is set on object 'Object Repository/mobileSanity/Teladoc/Page_App Page 2/input__credit-card-first'

2020-03-10 03:26:49 - [TEST_STEP][PASSED] - setText(findTestObject("mobileSanity/Teladoc/Page_App Page 2/input__credit-card-last"), LastName): Text 'ZZ11-wifUenci' is set on object 'Object Repository/mobileSanity/Teladoc/Page_App Page 2/input__credit-card-last'

2020-03-10 03:26:49 - [MESSAGE][PASSED] - Text 'ZZ11-wifUenci' is set on object 'Object Repository/mobileSanity/Teladoc/Page_App Page 2/input__credit-card-last'

2020-03-10 03:26:49 - [TEST_STEP][PASSED] - selectOptionByValue(findTestObject("mobileSanity/Teladoc/Page_App Page 2/select_MM010203040506070809101"), "12", true): All options with value '12' are selected in object 'Object Repository/mobileSanity/Teladoc/Page_App Page 2/select_MM010203040506070809101'  using regular expression

2020-03-10 03:26:50 - [MESSAGE][PASSED] - All options with value '12' are selected in object 'Object Repository/mobileSanity/Teladoc/Page_App Page 2/select_MM010203040506070809101'  using regular expression

2020-03-10 03:26:50 - [TEST_STEP][PASSED] - selectOptionByValue(findTestObject("mobileSanity/Teladoc/Page_App Page 2/select_YYYY2019202020212022202"), "2026", true): All options with value '2026' are selected in object 'Object Repository/mobileSanity/Teladoc/Page_App Page 2/select_YYYY2019202020212022202'  using regular expression

2020-03-10 03:26:50 - [MESSAGE][PASSED] - All options with value '2026' are selected in object 'Object Repository/mobileSanity/Teladoc/Page_App Page 2/select_YYYY2019202020212022202'  using regular expression

2020-03-10 03:26:50 - [TEST_STEP][PASSED] - setText(findTestObject("mobileSanity/Teladoc/Page_App Page 2/input__credit-card-number"), "4111111111111111"): Text '4111111111111111' is set on object 'Object Repository/mobileSanity/Teladoc/Page_App Page 2/input__credit-card-number'

2020-03-10 03:26:50 - [MESSAGE][PASSED] - Text '4111111111111111' is set on object 'Object Repository/mobileSanity/Teladoc/Page_App Page 2/input__credit-card-number'

2020-03-10 03:26:50 - [TEST_STEP][PASSED] - setText(findTestObject("mobileSanity/Teladoc/Page_App Page 2/input__credit-card-cvv"), "122"): Text '122' is set on object 'Object Repository/mobileSanity/Teladoc/Page_App Page 2/input__credit-card-cvv'

2020-03-10 03:26:50 - [MESSAGE][PASSED] - Text '122' is set on object 'Object Repository/mobileSanity/Teladoc/Page_App Page 2/input__credit-card-cvv'

2020-03-10 03:26:50 - [TEST_STEP][PASSED] - click(findTestObject("mobileSanity/Teladoc/Page_App Page 2/label_My billing address is th")): Object: 'Object Repository/mobileSanity/Teladoc/Page_App Page 2/label_My billing address is th' is clicked on

2020-03-10 03:26:51 - [MESSAGE][PASSED] - Object: 'Object Repository/mobileSanity/Teladoc/Page_App Page 2/label_My billing address is th' is clicked on

2020-03-10 03:26:51 - [TEST_STEP][PASSED] - click(findTestObject("mobileSanity/Teladoc/Page_App Page 2/label_I Accept Authorization f")): Object: 'Object Repository/mobileSanity/Teladoc/Page_App Page 2/label_I Accept Authorization f' is clicked on

2020-03-10 03:26:51 - [MESSAGE][PASSED] - Object: 'Object Repository/mobileSanity/Teladoc/Page_App Page 2/label_I Accept Authorization f' is clicked on

2020-03-10 03:26:51 - [TEST_STEP][PASSED] - click(findTestObject("mobileSanity/Teladoc/Page_App Page 2/a_Continue to Step 3 - Review")): Object: 'Object Repository/mobileSanity/Teladoc/Page_App Page 2/a_Continue to Step 3 - Review' is clicked on

2020-03-10 03:26:51 - [MESSAGE][PASSED] - Object: 'Object Repository/mobileSanity/Teladoc/Page_App Page 2/a_Continue to Step 3 - Review' is clicked on

2020-03-10 03:26:51 - [TEST_STEP][PASSED] - waitForPageLoad(20): Wait for page load successfully

2020-03-10 03:26:52 - [MESSAGE][PASSED] - Wait for page load successfully

2020-03-10 03:26:52 - [TEST_STEP][PASSED] - waitForElementPresent(findTestObject("mobileSanity/Teladoc/Page_App Page 3/label"), 20): Object 'Object Repository/mobileSanity/Teladoc/Page_App Page 3/label' is present

2020-03-10 03:27:01 - [MESSAGE][PASSED] - Object 'Object Repository/mobileSanity/Teladoc/Page_App Page 3/label' is present

2020-03-10 03:27:01 - [TEST_STEP][PASSED] - Thread.sleep(5000): null

2020-03-10 03:27:06 - [TEST_STEP][PASSED] - callTestCase(findTestCase("AHI/_include/get_screenshot"), [:], STOP_ON_FAILURE): Call Test Case 'Test Cases/AHI/_include/get_screenshot' successfully

2020-03-10 03:27:07 - [TEST_CASE][PASSED] - Test Cases/AHI/_include/get_screenshot: Test Cases/AHI/_include/get_screenshot

2020-03-10 03:27:07 - [TEST_STEP][PASSED] - Thread.sleep(1000): null

2020-03-10 03:27:08 - [TEST_STEP][PASSED] - takeScreenshot(screenPath + i + ".png"): Taking screenshot successfully

2020-03-10 03:27:08 - [MESSAGE][PASSED] - Taking screenshot successfully
[[ATTACHMENT|D:\\Test\\AgileTest\\Reports\\HIC\\hic\\20200310_030928\\../Screenshots/iPhone X/HIC/Teladoc/Teladoc/20200310_032612/6.png]]

2020-03-10 03:27:08 - [TEST_STEP][PASSED] - (internal.GlobalVariable.i++): null

2020-03-10 03:27:08 - [MESSAGE][PASSED] - Call Test Case 'Test Cases/AHI/_include/get_screenshot' successfully

2020-03-10 03:27:08 - [TEST_STEP][PASSED] - scrollToElement(findTestObject("mobileSanity/Teladoc/Page_App Page 3/label"), 10): Scroll to object 'Object Repository/mobileSanity/Teladoc/Page_App Page 3/label' successfully

2020-03-10 03:27:08 - [MESSAGE][PASSED] - Scroll to object 'Object Repository/mobileSanity/Teladoc/Page_App Page 3/label' successfully

2020-03-10 03:27:08 - [TEST_STEP][PASSED] - waitForElementClickable(findTestObject("mobileSanity/Teladoc/Page_App Page 3/label"), 10): Object 'Object Repository/mobileSanity/Teladoc/Page_App Page 3/label' is clickable

2020-03-10 03:27:08 - [MESSAGE][PASSED] - Object 'Object Repository/mobileSanity/Teladoc/Page_App Page 3/label' is clickable

2020-03-10 03:27:08 - [TEST_STEP][PASSED] - click(findTestObject("mobileSanity/Teladoc/Page_App Page 3/label")): Object: 'Object Repository/mobileSanity/Teladoc/Page_App Page 3/label' is clicked on

2020-03-10 03:27:08 - [MESSAGE][PASSED] - Object: 'Object Repository/mobileSanity/Teladoc/Page_App Page 3/label' is clicked on

2020-03-10 03:27:08 - [TEST_STEP][PASSED] - click(findTestObject("mobileSanity/Teladoc/Page_App Page 3/p_")): Object: 'Object Repository/mobileSanity/Teladoc/Page_App Page 3/p_' is clicked on

2020-03-10 03:27:08 - [MESSAGE][PASSED] - Object: 'Object Repository/mobileSanity/Teladoc/Page_App Page 3/p_' is clicked on

2020-03-10 03:27:08 - [TEST_STEP][PASSED] - click(findTestObject("mobileSanity/Teladoc/Page_App Page 3/a_Submit Your Application")): Object: 'Object Repository/mobileSanity/Teladoc/Page_App Page 3/a_Submit Your Application' is clicked on

2020-03-10 03:27:08 - [MESSAGE][PASSED] - Object: 'Object Repository/mobileSanity/Teladoc/Page_App Page 3/a_Submit Your Application' is clicked on

2020-03-10 03:27:08 - [TEST_STEP][PASSED] - Thread.sleep(50000): null

2020-03-10 03:27:58 - [TEST_STEP][PASSED] - callTestCase(findTestCase("AHI/_include/get_screenshot"), [:], STOP_ON_FAILURE): Call Test Case 'Test Cases/AHI/_include/get_screenshot' successfully

2020-03-10 03:27:58 - [TEST_CASE][PASSED] - Test Cases/AHI/_include/get_screenshot: Test Cases/AHI/_include/get_screenshot

2020-03-10 03:27:58 - [TEST_STEP][PASSED] - Thread.sleep(1000): null

2020-03-10 03:27:59 - [TEST_STEP][PASSED] - takeScreenshot(screenPath + i + ".png"): Taking screenshot successfully

2020-03-10 03:28:00 - [MESSAGE][PASSED] - Taking screenshot successfully
[[ATTACHMENT|D:\\Test\\AgileTest\\Reports\\HIC\\hic\\20200310_030928\\../Screenshots/iPhone X/HIC/Teladoc/Teladoc/20200310_032612/7.png]]

2020-03-10 03:28:00 - [TEST_STEP][PASSED] - (internal.GlobalVariable.i++): null

2020-03-10 03:28:00 - [MESSAGE][PASSED] - Call Test Case 'Test Cases/AHI/_include/get_screenshot' successfully

2020-03-10 03:28:00 - [TEST_STEP][PASSED] - verifyTextPresent("Congratulations", false): Text 'Congratulations' is present on page 

2020-03-10 03:28:00 - [MESSAGE][PASSED] - Text 'Congratulations' is present on page]]></system-out>
         <system-err><![CDATA[]]></system-err>
      </testcase>
      <system-out><![CDATA[2020-03-10 03:19:41 - [TEST_SUITE][PASSED] - hic: Test Cases/HIC/New/Teladoc]]></system-out>
      <system-err><![CDATA[]]></system-err>
   </testsuite>
</testsuites>
