<?xml version="1.0" encoding="UTF-8"?>
<testsuites name="HP" time="159" tests="7" failures="0" errors="1">
   <testsuite name="HP" tests="7" failures="0" errors="1" time="159" timestamp="2020-03-09 23:50:47" hostname="Administrator - 172.30.0.53" id="Test Suites/HP/HP">
      <properties>
         <property name="deviceName" value=""/>
         <property name="devicePlatform" value=""/>
         <property name="logFolder" value="D:\\Test\\AgileTest\\Reports\\HP\\HP\\20200309_233514"/>
         <property name="logFiles" value="D:\\Test\\AgileTest\\Reports\\HP\\HP\\20200309_233514\\execution0.log"/>
         <property name="attachments" value="D:\\Test\\AgileTest\\Reports\\HP\\HP\\20200309_233514\\../Screenshots/iPhone X/HP/ACA/20200309_235048/0.png, D:\\Test\\AgileTest\\Reports\\HP\\HP\\20200309_233514\\../Screenshots/iPhone X/HP/ACA/20200309_235048/1.png, D:\\Test\\AgileTest\\Reports\\HP\\HP\\20200309_233514\\../Screenshots/iPhone X/HP/ACA/20200309_235048/2.png, D:\\Test\\AgileTest\\Reports\\HP\\HP\\20200309_233514\\../Screenshots/iPhone X/HP/ACA/20200309_235048/3.png, D:\\Test\\AgileTest\\Reports\\HP\\HP\\20200309_233514\\../Screenshots/iPhone X/HP/ACA/20200309_235048/4.png, D:\\Test\\AgileTest\\Reports\\HP\\HP\\20200309_233514\\../Screenshots/iPhone X/HP/Dental/20200309_235123/0.png, D:\\Test\\AgileTest\\Reports\\HP\\HP\\20200309_233514\\../Screenshots/iPhone X/HP/Dental/20200309_235123/1.png, D:\\Test\\AgileTest\\Reports\\HP\\HP\\20200309_233514\\../Screenshots/iPhone X/HP/Dental/20200309_235123/2.png, D:\\Test\\AgileTest\\Reports\\HP\\HP\\20200309_233514\\../Screenshots/iPhone X/HP/Dental/20200309_235123/3.png, D:\\Test\\AgileTest\\Reports\\HP\\HP\\20200309_233514\\../Screenshots/iPhone X/HP/Medicaid Public/20200309_235153/0.png, D:\\Test\\AgileTest\\Reports\\HP\\HP\\20200309_233514\\../Screenshots/iPhone X/HP/Medicaid Public/20200309_235153/1.png, D:\\Test\\AgileTest\\Reports\\HP\\HP\\20200309_233514\\../Screenshots/iPhone X/HP/Medicaid Public/20200309_235153/2.png, D:\\Test\\AgileTest\\Reports\\HP\\HP\\20200309_233514\\../Screenshots/iPhone X/HP/Medicare/20200309_235207/0.png, D:\\Test\\AgileTest\\Reports\\HP\\HP\\20200309_233514\\../Screenshots/iPhone X/HP/Medicare/20200309_235207/1.png, D:\\Test\\AgileTest\\Reports\\HP\\HP\\20200309_233514\\../Screenshots/iPhone X/HP/Medicare/20200309_235207/2.png, D:\\Test\\AgileTest\\Reports\\HP\\HP\\20200309_233514\\../Screenshots/iPhone X/HP/Medigap/20200309_235225/0.png, D:\\Test\\AgileTest\\Reports\\HP\\HP\\20200309_233514\\../Screenshots/iPhone X/HP/Medigap/20200309_235225/1.png, D:\\Test\\AgileTest\\Reports\\HP\\HP\\20200309_233514\\../Screenshots/iPhone X/HP/Medigap/20200309_235225/2.png, D:\\Test\\AgileTest\\Reports\\HP\\HP\\20200309_233514\\../Screenshots/iPhone X/HP/Small Business/20200309_235243/0.png, D:\\Test\\AgileTest\\Reports\\HP\\HP\\20200309_233514\\../Screenshots/iPhone X/HP/Small Business/20200309_235243/1.png, D:\\Test\\AgileTest\\Reports\\HP\\HP\\20200309_233514\\../Screenshots/iPhone X/HP/Small Business/20200309_235243/2.png, D:\\Test\\AgileTest\\Reports\\HP\\HP\\20200309_233514\\../Screenshots/iPhone X/HP/STM/20200309_235259/0.png, D:\\Test\\AgileTest\\Reports\\HP\\HP\\20200309_233514\\../Screenshots/iPhone X/HP/STM/20200309_235259/1.png, D:\\Test\\AgileTest\\Reports\\HP\\HP\\20200309_233514\\../Screenshots/iPhone X/HP/Home/20200309_235317/0.png"/>
         <property name="hostName" value="Administrator - 172.30.0.53"/>
         <property name="os" value="Windows Server 2012 R2 64bit"/>
         <property name="katalonVersion" value="5.10.1.1"/>
         <property name="browser" value="Safari 11"/>
         <property name="hostAddress" value="172.30.0.53"/>
         <property name="sessionId" value="c1353781197874707c5dd67802c33c59"/>
         <property name="seleniumVersion" value="3.7.1"/>
         <property name="proxyInformation" value="ProxyInformation{proxyOption=NO_PROXY, proxyServerType=HTTP, password=, proxyServerAddress=, proxyServerPort=0}"/>
         <property name="platform" value="Windows Server 2012 R2"/>
      </properties>
      <testcase name="Test Cases/HP/Health Plans/ACA" classname="Test Cases/HP/Health Plans/ACA" status="ERROR">
         <error type="ERROR" message="Test Cases/HP/Health Plans/ACA FAILED.
Reason:
com.thoughtworks.selenium.SeleniumException: Element //a[contains(text(),'Select')] not found
	at com.thoughtworks.selenium.webdriven.ElementFinder.findElement(ElementFinder.java:93)
	at com.thoughtworks.selenium.webdriven.commands.Click.handleSeleneseCommand(Click.java:39)
	at com.thoughtworks.selenium.webdriven.commands.Click.handleSeleneseCommand(Click.java:26)
	at com.thoughtworks.selenium.webdriven.SeleneseCommand.apply(SeleneseCommand.java:36)
	at com.thoughtworks.selenium.webdriven.Timer.run(Timer.java:41)
	at com.thoughtworks.selenium.webdriven.WebDriverCommandProcessor.execute(WebDriverCommandProcessor.java:150)
	at com.thoughtworks.selenium.webdriven.WebDriverCommandProcessor.doCommand(WebDriverCommandProcessor.java:76)
	at com.thoughtworks.selenium.DefaultSelenium.click(DefaultSelenium.java:198)
	at com.thoughtworks.selenium.Selenium$click$0.call(Unknown Source)
	at ACA.run(ACA:134)
	at com.kms.katalon.core.main.ScriptEngine.run(ScriptEngine.java:194)
	at com.kms.katalon.core.main.ScriptEngine.runScriptAsRawText(ScriptEngine.java:119)
	at com.kms.katalon.core.main.TestCaseExecutor.runScript(TestCaseExecutor.java:328)
	at com.kms.katalon.core.main.TestCaseExecutor.doExecute(TestCaseExecutor.java:319)
	at com.kms.katalon.core.main.TestCaseExecutor.processExecutionPhase(TestCaseExecutor.java:298)
	at com.kms.katalon.core.main.TestCaseExecutor.accessMainPhase(TestCaseExecutor.java:290)
	at com.kms.katalon.core.main.TestCaseExecutor.execute(TestCaseExecutor.java:224)
	at com.kms.katalon.core.main.TestSuiteExecutor.accessTestCaseMainPhase(TestSuiteExecutor.java:129)
	at com.kms.katalon.core.main.TestSuiteExecutor.accessTestSuiteMainPhase(TestSuiteExecutor.java:112)
	at com.kms.katalon.core.main.TestSuiteExecutor.execute(TestSuiteExecutor.java:81)
	at com.kms.katalon.core.main.TestCaseMain.startTestSuite(TestCaseMain.java:149)
	at com.kms.katalon.core.main.TestCaseMain$startTestSuite$0.call(Unknown Source)
	at TempTestSuite1583811314970.run(TempTestSuite1583811314970.groovy:36)
Caused by: org.openqa.selenium.NoSuchElementException: Cannot find an element with the xpath: //a[contains(text(),'Select')]
For documentation on this error, please visit: http://seleniumhq.org/exceptions/no_such_element.html
Build info: version: '3.7.1', revision: '8a0099a', time: '2017-11-06T21:07:36.161Z'
System info: host: 'WIN-U215233FMVE', ip: '172.30.0.53', os.name: 'Windows Server 2012 R2', os.arch: 'amd64', os.version: '6.3', java.version: '1.8.0_181'
Driver info: driver.version: unknown
	at com.thoughtworks.selenium.webdriven.ElementFinder.xpathWizardry(ElementFinder.java:143)
	at com.thoughtworks.selenium.webdriven.ElementFinder.findElementDirectlyIfNecessary(ElementFinder.java:117)
	at com.thoughtworks.selenium.webdriven.ElementFinder.findElement(ElementFinder.java:87)
	at com.thoughtworks.selenium.webdriven.commands.Click.handleSeleneseCommand(Click.java:39)
	at com.thoughtworks.selenium.webdriven.commands.Click.handleSeleneseCommand(Click.java:26)
	at com.thoughtworks.selenium.webdriven.SeleneseCommand.apply(SeleneseCommand.java:36)
	at com.thoughtworks.selenium.webdriven.Timer.run(Timer.java:41)
	at com.thoughtworks.selenium.webdriven.WebDriverCommandProcessor.execute(WebDriverCommandProcessor.java:150)
	at com.thoughtworks.selenium.webdriven.WebDriverCommandProcessor.doCommand(WebDriverCommandProcessor.java:76)
	at com.thoughtworks.selenium.DefaultSelenium.click(DefaultSelenium.java:198)
	at com.thoughtworks.selenium.Selenium$click$0.call(Unknown Source)
	at Script1575603847168.run(Script1575603847168.groovy:134)
	... 13 more
"/>
         <system-out><![CDATA[2020-03-09 23:50:47 - [TEST_CASE][ERROR] - Test Cases/HP/Health Plans/ACA: Test Cases/HP/Health Plans/ACA FAILED.
Reason:
com.thoughtworks.selenium.SeleniumException: Element //a[contains(text(),'Select')] not found
	at com.thoughtworks.selenium.webdriven.ElementFinder.findElement(ElementFinder.java:93)
	at com.thoughtworks.selenium.webdriven.commands.Click.handleSeleneseCommand(Click.java:39)
	at com.thoughtworks.selenium.webdriven.commands.Click.handleSeleneseCommand(Click.java:26)
	at com.thoughtworks.selenium.webdriven.SeleneseCommand.apply(SeleneseCommand.java:36)
	at com.thoughtworks.selenium.webdriven.Timer.run(Timer.java:41)
	at com.thoughtworks.selenium.webdriven.WebDriverCommandProcessor.execute(WebDriverCommandProcessor.java:150)
	at com.thoughtworks.selenium.webdriven.WebDriverCommandProcessor.doCommand(WebDriverCommandProcessor.java:76)
	at com.thoughtworks.selenium.DefaultSelenium.click(DefaultSelenium.java:198)
	at com.thoughtworks.selenium.Selenium$click$0.call(Unknown Source)
	at ACA.run(ACA:134)
	at com.kms.katalon.core.main.ScriptEngine.run(ScriptEngine.java:194)
	at com.kms.katalon.core.main.ScriptEngine.runScriptAsRawText(ScriptEngine.java:119)
	at com.kms.katalon.core.main.TestCaseExecutor.runScript(TestCaseExecutor.java:328)
	at com.kms.katalon.core.main.TestCaseExecutor.doExecute(TestCaseExecutor.java:319)
	at com.kms.katalon.core.main.TestCaseExecutor.processExecutionPhase(TestCaseExecutor.java:298)
	at com.kms.katalon.core.main.TestCaseExecutor.accessMainPhase(TestCaseExecutor.java:290)
	at com.kms.katalon.core.main.TestCaseExecutor.execute(TestCaseExecutor.java:224)
	at com.kms.katalon.core.main.TestSuiteExecutor.accessTestCaseMainPhase(TestSuiteExecutor.java:129)
	at com.kms.katalon.core.main.TestSuiteExecutor.accessTestSuiteMainPhase(TestSuiteExecutor.java:112)
	at com.kms.katalon.core.main.TestSuiteExecutor.execute(TestSuiteExecutor.java:81)
	at com.kms.katalon.core.main.TestCaseMain.startTestSuite(TestCaseMain.java:149)
	at com.kms.katalon.core.main.TestCaseMain$startTestSuite$0.call(Unknown Source)
	at TempTestSuite1583811314970.run(TempTestSuite1583811314970.groovy:36)
Caused by: org.openqa.selenium.NoSuchElementException: Cannot find an element with the xpath: //a[contains(text(),'Select')]
For documentation on this error, please visit: http://seleniumhq.org/exceptions/no_such_element.html
Build info: version: '3.7.1', revision: '8a0099a', time: '2017-11-06T21:07:36.161Z'
System info: host: 'WIN-U215233FMVE', ip: '172.30.0.53', os.name: 'Windows Server 2012 R2', os.arch: 'amd64', os.version: '6.3', java.version: '1.8.0_181'
Driver info: driver.version: unknown
	at com.thoughtworks.selenium.webdriven.ElementFinder.xpathWizardry(ElementFinder.java:143)
	at com.thoughtworks.selenium.webdriven.ElementFinder.findElementDirectlyIfNecessary(ElementFinder.java:117)
	at com.thoughtworks.selenium.webdriven.ElementFinder.findElement(ElementFinder.java:87)
	at com.thoughtworks.selenium.webdriven.commands.Click.handleSeleneseCommand(Click.java:39)
	at com.thoughtworks.selenium.webdriven.commands.Click.handleSeleneseCommand(Click.java:26)
	at com.thoughtworks.selenium.webdriven.SeleneseCommand.apply(SeleneseCommand.java:36)
	at com.thoughtworks.selenium.webdriven.Timer.run(Timer.java:41)
	at com.thoughtworks.selenium.webdriven.WebDriverCommandProcessor.execute(WebDriverCommandProcessor.java:150)
	at com.thoughtworks.selenium.webdriven.WebDriverCommandProcessor.doCommand(WebDriverCommandProcessor.java:76)
	at com.thoughtworks.selenium.DefaultSelenium.click(DefaultSelenium.java:198)
	at com.thoughtworks.selenium.Selenium$click$0.call(Unknown Source)
	at Script1575603847168.run(Script1575603847168.groovy:134)
	... 13 more


2020-03-09 23:50:48 - [TEST_STEP][PASSED] - now = new java.util.Date(): null

2020-03-09 23:50:48 - [TEST_STEP][PASSED] - mydate = now.format("yyyyMMdd_HHmmss"): null

2020-03-09 23:50:48 - [TEST_STEP][PASSED] - i = 0: null

2020-03-09 23:50:48 - [TEST_STEP][PASSED] - callTestCase(findTestCase("AHI/_include/get_screenPath"), ["productLine":"HP", "carrierName":"ACA"], CONTINUE_ON_FAILURE): Call Test Case 'Test Cases/AHI/_include/get_screenPath' successfully

2020-03-09 23:50:48 - [TEST_CASE][PASSED] - Test Cases/AHI/_include/get_screenPath: Test Cases/AHI/_include/get_screenPath

2020-03-09 23:50:48 - [TEST_STEP][PASSED] - m = getExecutionProperties(): null

2020-03-09 23:50:48 - [TEST_STEP][PASSED] - deviceName = get("mobileEmulation").get("deviceName"): null

2020-03-09 23:50:48 - [TEST_STEP][PASSED] - println(deviceName): null

2020-03-09 23:50:48 - [TEST_STEP][PASSED] - now = new java.util.Date(): null

2020-03-09 23:50:48 - [TEST_STEP][PASSED] - mydate = now.format("yyyyMMdd_HHmmss"): null

2020-03-09 23:50:48 - [TEST_STEP][PASSED] - screenPath = "../Screenshots/": null

2020-03-09 23:50:48 - [TEST_STEP][PASSED] - screenPath = screenPath + deviceName + "/" + productLine + "/" + carrierName + "/" + mydate + "/": null

2020-03-09 23:50:48 - [TEST_STEP][PASSED] - println(screenPath): null

2020-03-09 23:50:48 - [MESSAGE][PASSED] - Call Test Case 'Test Cases/AHI/_include/get_screenPath' successfully

2020-03-09 23:50:48 - [TEST_STEP][PASSED] - second = <not implemented yet for class: org.codehaus.groovy.ast.expr.EmptyExpression>: null

2020-03-09 23:50:48 - [TEST_STEP][PASSED] - openBrowser(env + "/individual-health-insurance"): Browser is opened with url: 'http://pengujian.healthpocket.com/individual-health-insurance'

2020-03-09 23:50:48 - [MESSAGE][INFO] - Starting 'Chrome' driver

2020-03-09 23:50:49 - [MESSAGE][INFO] - User set preference: ['mobileEmulation', '{deviceName=iPhone X}']

2020-03-09 23:50:49 - [MESSAGE][INFO] - User set preference: ['args', '[--incognito, --aggressive-cache-discard, --no-sandbox, --window-size=375,812, --ignore-certificate-errors]']

2020-03-09 23:50:49 - [MESSAGE][INFO] - Action delay is set to 0 seconds

2020-03-09 23:50:53 - [MESSAGE][PASSED] - Browser is opened with url: 'http://pengujian.healthpocket.com/individual-health-insurance'

2020-03-09 23:50:53 - [TEST_STEP][PASSED] - Thread.sleep(3000): null

2020-03-09 23:50:56 - [TEST_STEP][PASSED] - callTestCase(findTestCase("AHI/_include/get_screenshot"), [:], STOP_ON_FAILURE): Call Test Case 'Test Cases/AHI/_include/get_screenshot' successfully

2020-03-09 23:50:56 - [TEST_CASE][PASSED] - Test Cases/AHI/_include/get_screenshot: Test Cases/AHI/_include/get_screenshot

2020-03-09 23:50:56 - [TEST_STEP][PASSED] - Thread.sleep(1000): null

2020-03-09 23:50:57 - [TEST_STEP][PASSED] - takeScreenshot(screenPath + i + ".png"): Taking screenshot successfully

2020-03-09 23:50:58 - [MESSAGE][PASSED] - Taking screenshot successfully
[[ATTACHMENT|D:\\Test\\AgileTest\\Reports\\HP\\HP\\20200309_233514\\../Screenshots/iPhone X/HP/ACA/20200309_235048/0.png]]

2020-03-09 23:50:58 - [TEST_STEP][PASSED] - (internal.GlobalVariable.i++): null

2020-03-09 23:50:58 - [MESSAGE][PASSED] - Call Test Case 'Test Cases/AHI/_include/get_screenshot' successfully

2020-03-09 23:50:58 - [TEST_STEP][PASSED] - driver = getWebDriver(): null

2020-03-09 23:50:58 - [TEST_STEP][PASSED] - baseUrl = env: null

2020-03-09 23:50:58 - [TEST_STEP][PASSED] - selenium = new com.thoughtworks.selenium.webdriven.WebDriverBackedSelenium(driver, baseUrl): null

2020-03-09 23:50:58 - [TEST_STEP][PASSED] - for ([second = 0, second < 10, (second++)]): null

2020-03-09 23:50:58 - [TEST_STEP][PASSED] - try: null

2020-03-09 23:50:58 - [TEST_STEP][PASSED] - if (selenium.isElementPresent("//a[contains(text(),'No Thanks. I want to see ACA plans.')]")): null

2020-03-09 23:50:58 - [TEST_STEP][PASSED] - selenium.click("//a[contains(text(),'No Thanks. I want to see ACA plans.')]"): null

2020-03-09 23:50:58 - [TEST_STEP][PASSED] - break: null

2020-03-09 23:50:58 - [TEST_STEP][PASSED] - for ([second = 0, second < 10, (second++)]): null

2020-03-09 23:50:58 - [TEST_STEP][PASSED] - try: null

2020-03-09 23:50:58 - [TEST_STEP][PASSED] - if (selenium.isElementPresent("id=location")): null

2020-03-09 23:50:58 - [TEST_STEP][PASSED] - break: null

2020-03-09 23:50:58 - [TEST_STEP][PASSED] - callTestCase(findTestCase("AHI/_include/get_screenshot"), [:], STOP_ON_FAILURE): Call Test Case 'Test Cases/AHI/_include/get_screenshot' successfully

2020-03-09 23:50:58 - [TEST_CASE][PASSED] - Test Cases/AHI/_include/get_screenshot: Test Cases/AHI/_include/get_screenshot

2020-03-09 23:50:58 - [TEST_STEP][PASSED] - Thread.sleep(1000): null

2020-03-09 23:50:59 - [TEST_STEP][PASSED] - takeScreenshot(screenPath + i + ".png"): Taking screenshot successfully

2020-03-09 23:51:00 - [MESSAGE][PASSED] - Taking screenshot successfully
[[ATTACHMENT|D:\\Test\\AgileTest\\Reports\\HP\\HP\\20200309_233514\\../Screenshots/iPhone X/HP/ACA/20200309_235048/1.png]]

2020-03-09 23:51:00 - [TEST_STEP][PASSED] - (internal.GlobalVariable.i++): null

2020-03-09 23:51:00 - [MESSAGE][PASSED] - Call Test Case 'Test Cases/AHI/_include/get_screenshot' successfully

2020-03-09 23:51:00 - [TEST_STEP][PASSED] - selenium.type("id=location", "32209"): null

2020-03-09 23:51:00 - [TEST_STEP][PASSED] - selenium.click("id=findPlans"): null

2020-03-09 23:51:01 - [TEST_STEP][PASSED] - for ([second = 0, second < 10, (second++)]): null

2020-03-09 23:51:01 - [TEST_STEP][PASSED] - try: null

2020-03-09 23:51:01 - [TEST_STEP][PASSED] - if (selenium.isElementPresent("//a[contains(text(),'Select')]")): null

2020-03-09 23:51:01 - [TEST_STEP][PASSED] - Thread.sleep(1000): null

2020-03-09 23:51:02 - [TEST_STEP][PASSED] - try: null

2020-03-09 23:51:02 - [TEST_STEP][PASSED] - if (selenium.isElementPresent("//a[contains(text(),'Select')]")): null

2020-03-09 23:51:02 - [TEST_STEP][PASSED] - break: null

2020-03-09 23:51:02 - [TEST_STEP][PASSED] - callTestCase(findTestCase("AHI/_include/get_screenshot"), [:], STOP_ON_FAILURE): Call Test Case 'Test Cases/AHI/_include/get_screenshot' successfully

2020-03-09 23:51:02 - [TEST_CASE][PASSED] - Test Cases/AHI/_include/get_screenshot: Test Cases/AHI/_include/get_screenshot

2020-03-09 23:51:02 - [TEST_STEP][PASSED] - Thread.sleep(1000): null

2020-03-09 23:51:03 - [TEST_STEP][PASSED] - takeScreenshot(screenPath + i + ".png"): Taking screenshot successfully

2020-03-09 23:51:04 - [MESSAGE][PASSED] - Taking screenshot successfully
[[ATTACHMENT|D:\\Test\\AgileTest\\Reports\\HP\\HP\\20200309_233514\\../Screenshots/iPhone X/HP/ACA/20200309_235048/2.png]]

2020-03-09 23:51:04 - [TEST_STEP][PASSED] - (internal.GlobalVariable.i++): null

2020-03-09 23:51:04 - [MESSAGE][PASSED] - Call Test Case 'Test Cases/AHI/_include/get_screenshot' successfully

2020-03-09 23:51:04 - [TEST_STEP][PASSED] - selenium.click("//a[contains(text(),'Select')]"): null

2020-03-09 23:51:04 - [TEST_STEP][PASSED] - for ([second = 0, second < 10, (second++)]): null

2020-03-09 23:51:04 - [TEST_STEP][PASSED] - try: null

2020-03-09 23:51:04 - [TEST_STEP][PASSED] - if (selenium.isElementPresent("xpath=(//a[contains(text(),'Apply Now')])")): null

2020-03-09 23:51:04 - [TEST_STEP][PASSED] - Thread.sleep(1000): null

2020-03-09 23:51:05 - [TEST_STEP][PASSED] - try: null

2020-03-09 23:51:05 - [TEST_STEP][PASSED] - if (selenium.isElementPresent("xpath=(//a[contains(text(),'Apply Now')])")): null

2020-03-09 23:51:06 - [TEST_STEP][PASSED] - Thread.sleep(1000): null

2020-03-09 23:51:07 - [TEST_STEP][PASSED] - try: null

2020-03-09 23:51:07 - [TEST_STEP][PASSED] - if (selenium.isElementPresent("xpath=(//a[contains(text(),'Apply Now')])")): null

2020-03-09 23:51:07 - [TEST_STEP][PASSED] - break: null

2020-03-09 23:51:07 - [TEST_STEP][PASSED] - callTestCase(findTestCase("AHI/_include/get_screenshot"), [:], STOP_ON_FAILURE): Call Test Case 'Test Cases/AHI/_include/get_screenshot' successfully

2020-03-09 23:51:07 - [TEST_CASE][PASSED] - Test Cases/AHI/_include/get_screenshot: Test Cases/AHI/_include/get_screenshot

2020-03-09 23:51:07 - [TEST_STEP][PASSED] - Thread.sleep(1000): null

2020-03-09 23:51:08 - [TEST_STEP][PASSED] - takeScreenshot(screenPath + i + ".png"): Taking screenshot successfully

2020-03-09 23:51:09 - [MESSAGE][PASSED] - Taking screenshot successfully
[[ATTACHMENT|D:\\Test\\AgileTest\\Reports\\HP\\HP\\20200309_233514\\../Screenshots/iPhone X/HP/ACA/20200309_235048/3.png]]

2020-03-09 23:51:09 - [TEST_STEP][PASSED] - (internal.GlobalVariable.i++): null

2020-03-09 23:51:09 - [MESSAGE][PASSED] - Call Test Case 'Test Cases/AHI/_include/get_screenshot' successfully

2020-03-09 23:51:09 - [TEST_STEP][PASSED] - selenium.click("xpath=(//a[contains(text(),'Apply Now')])"): null

2020-03-09 23:51:10 - [TEST_STEP][PASSED] - for ([second = 0, second < 10, (second++)]): null

2020-03-09 23:51:10 - [TEST_STEP][PASSED] - try: null

2020-03-09 23:51:10 - [TEST_STEP][PASSED] - if (selenium.isElementPresent("//a[contains(text(),'Select')]")): null

2020-03-09 23:51:10 - [TEST_STEP][PASSED] - Thread.sleep(1000): null

2020-03-09 23:51:12 - [TEST_STEP][PASSED] - try: null

2020-03-09 23:51:12 - [TEST_STEP][PASSED] - if (selenium.isElementPresent("//a[contains(text(),'Select')]")): null

2020-03-09 23:51:12 - [TEST_STEP][PASSED] - Thread.sleep(1000): null

2020-03-09 23:51:13 - [TEST_STEP][PASSED] - try: null

2020-03-09 23:51:13 - [TEST_STEP][PASSED] - if (selenium.isElementPresent("//a[contains(text(),'Select')]")): null

2020-03-09 23:51:13 - [TEST_STEP][PASSED] - Thread.sleep(1000): null

2020-03-09 23:51:14 - [TEST_STEP][PASSED] - try: null

2020-03-09 23:51:14 - [TEST_STEP][PASSED] - if (selenium.isElementPresent("//a[contains(text(),'Select')]")): null

2020-03-09 23:51:14 - [TEST_STEP][PASSED] - Thread.sleep(1000): null

2020-03-09 23:51:15 - [TEST_STEP][PASSED] - try: null

2020-03-09 23:51:15 - [TEST_STEP][PASSED] - if (selenium.isElementPresent("//a[contains(text(),'Select')]")): null

2020-03-09 23:51:15 - [TEST_STEP][PASSED] - Thread.sleep(1000): null

2020-03-09 23:51:16 - [TEST_STEP][PASSED] - try: null

2020-03-09 23:51:16 - [TEST_STEP][PASSED] - if (selenium.isElementPresent("//a[contains(text(),'Select')]")): null

2020-03-09 23:51:16 - [TEST_STEP][PASSED] - Thread.sleep(1000): null

2020-03-09 23:51:17 - [TEST_STEP][PASSED] - try: null

2020-03-09 23:51:17 - [TEST_STEP][PASSED] - if (selenium.isElementPresent("//a[contains(text(),'Select')]")): null

2020-03-09 23:51:17 - [TEST_STEP][PASSED] - Thread.sleep(1000): null

2020-03-09 23:51:18 - [TEST_STEP][PASSED] - try: null

2020-03-09 23:51:18 - [TEST_STEP][PASSED] - if (selenium.isElementPresent("//a[contains(text(),'Select')]")): null

2020-03-09 23:51:18 - [TEST_STEP][PASSED] - Thread.sleep(1000): null

2020-03-09 23:51:19 - [TEST_STEP][PASSED] - try: null

2020-03-09 23:51:19 - [TEST_STEP][PASSED] - if (selenium.isElementPresent("//a[contains(text(),'Select')]")): null

2020-03-09 23:51:19 - [TEST_STEP][PASSED] - Thread.sleep(1000): null

2020-03-09 23:51:20 - [TEST_STEP][PASSED] - try: null

2020-03-09 23:51:20 - [TEST_STEP][PASSED] - if (selenium.isElementPresent("//a[contains(text(),'Select')]")): null

2020-03-09 23:51:20 - [TEST_STEP][PASSED] - Thread.sleep(1000): null

2020-03-09 23:51:21 - [TEST_STEP][PASSED] - callTestCase(findTestCase("AHI/_include/get_screenshot"), [:], STOP_ON_FAILURE): Call Test Case 'Test Cases/AHI/_include/get_screenshot' successfully

2020-03-09 23:51:21 - [TEST_CASE][PASSED] - Test Cases/AHI/_include/get_screenshot: Test Cases/AHI/_include/get_screenshot

2020-03-09 23:51:21 - [TEST_STEP][PASSED] - Thread.sleep(1000): null

2020-03-09 23:51:22 - [TEST_STEP][PASSED] - takeScreenshot(screenPath + i + ".png"): Taking screenshot successfully

2020-03-09 23:51:22 - [MESSAGE][PASSED] - Taking screenshot successfully
[[ATTACHMENT|D:\\Test\\AgileTest\\Reports\\HP\\HP\\20200309_233514\\../Screenshots/iPhone X/HP/ACA/20200309_235048/4.png]]

2020-03-09 23:51:22 - [TEST_STEP][PASSED] - (internal.GlobalVariable.i++): null

2020-03-09 23:51:22 - [MESSAGE][PASSED] - Call Test Case 'Test Cases/AHI/_include/get_screenshot' successfully

2020-03-09 23:51:22 - [TEST_STEP][ERROR] - selenium.click("//a[contains(text(),'Select')]"): selenium.click("//a[contains(text(),'Select')]") FAILED.
Reason:
com.thoughtworks.selenium.SeleniumException: Element //a[contains(text(),'Select')] not found
	at com.thoughtworks.selenium.webdriven.ElementFinder.findElement(ElementFinder.java:93)
	at com.thoughtworks.selenium.webdriven.commands.Click.handleSeleneseCommand(Click.java:39)
	at com.thoughtworks.selenium.webdriven.commands.Click.handleSeleneseCommand(Click.java:26)
	at com.thoughtworks.selenium.webdriven.SeleneseCommand.apply(SeleneseCommand.java:36)
	at com.thoughtworks.selenium.webdriven.Timer.run(Timer.java:41)
	at com.thoughtworks.selenium.webdriven.WebDriverCommandProcessor.execute(WebDriverCommandProcessor.java:150)
	at com.thoughtworks.selenium.webdriven.WebDriverCommandProcessor.doCommand(WebDriverCommandProcessor.java:76)
	at com.thoughtworks.selenium.DefaultSelenium.click(DefaultSelenium.java:198)
	at com.thoughtworks.selenium.Selenium$click$0.call(Unknown Source)
	at ACA.run(ACA:134)
	at com.kms.katalon.core.main.ScriptEngine.run(ScriptEngine.java:194)
	at com.kms.katalon.core.main.ScriptEngine.runScriptAsRawText(ScriptEngine.java:119)
	at com.kms.katalon.core.main.TestCaseExecutor.runScript(TestCaseExecutor.java:328)
	at com.kms.katalon.core.main.TestCaseExecutor.doExecute(TestCaseExecutor.java:319)
	at com.kms.katalon.core.main.TestCaseExecutor.processExecutionPhase(TestCaseExecutor.java:298)
	at com.kms.katalon.core.main.TestCaseExecutor.accessMainPhase(TestCaseExecutor.java:290)
	at com.kms.katalon.core.main.TestCaseExecutor.execute(TestCaseExecutor.java:224)
	at com.kms.katalon.core.main.TestSuiteExecutor.accessTestCaseMainPhase(TestSuiteExecutor.java:129)
	at com.kms.katalon.core.main.TestSuiteExecutor.accessTestSuiteMainPhase(TestSuiteExecutor.java:112)
	at com.kms.katalon.core.main.TestSuiteExecutor.execute(TestSuiteExecutor.java:81)
	at com.kms.katalon.core.main.TestCaseMain.startTestSuite(TestCaseMain.java:149)
	at com.kms.katalon.core.main.TestCaseMain$startTestSuite$0.call(Unknown Source)
	at TempTestSuite1583811314970.run(TempTestSuite1583811314970.groovy:36)
Caused by: org.openqa.selenium.NoSuchElementException: Cannot find an element with the xpath: //a[contains(text(),'Select')]
For documentation on this error, please visit: http://seleniumhq.org/exceptions/no_such_element.html
Build info: version: '3.7.1', revision: '8a0099a', time: '2017-11-06T21:07:36.161Z'
System info: host: 'WIN-U215233FMVE', ip: '172.30.0.53', os.name: 'Windows Server 2012 R2', os.arch: 'amd64', os.version: '6.3', java.version: '1.8.0_181'
Driver info: driver.version: unknown
	at com.thoughtworks.selenium.webdriven.ElementFinder.xpathWizardry(ElementFinder.java:143)
	at com.thoughtworks.selenium.webdriven.ElementFinder.findElementDirectlyIfNecessary(ElementFinder.java:117)
	at com.thoughtworks.selenium.webdriven.ElementFinder.findElement(ElementFinder.java:87)
	at com.thoughtworks.selenium.webdriven.commands.Click.handleSeleneseCommand(Click.java:39)
	at com.thoughtworks.selenium.webdriven.commands.Click.handleSeleneseCommand(Click.java:26)
	at com.thoughtworks.selenium.webdriven.SeleneseCommand.apply(SeleneseCommand.java:36)
	at com.thoughtworks.selenium.webdriven.Timer.run(Timer.java:41)
	at com.thoughtworks.selenium.webdriven.WebDriverCommandProcessor.execute(WebDriverCommandProcessor.java:150)
	at com.thoughtworks.selenium.webdriven.WebDriverCommandProcessor.doCommand(WebDriverCommandProcessor.java:76)
	at com.thoughtworks.selenium.DefaultSelenium.click(DefaultSelenium.java:198)
	at com.thoughtworks.selenium.Selenium$click$0.call(Unknown Source)
	at Script1575603847168.run(Script1575603847168.groovy:134)
	... 13 more


2020-03-09 23:51:22 - [MESSAGE][ERROR] - selenium.click("//a[contains(text(),'Select')]") FAILED.
Reason:
com.thoughtworks.selenium.SeleniumException: Element //a[contains(text(),'Select')] not found
	at com.thoughtworks.selenium.webdriven.ElementFinder.findElement(ElementFinder.java:93)
	at com.thoughtworks.selenium.webdriven.commands.Click.handleSeleneseCommand(Click.java:39)
	at com.thoughtworks.selenium.webdriven.commands.Click.handleSeleneseCommand(Click.java:26)
	at com.thoughtworks.selenium.webdriven.SeleneseCommand.apply(SeleneseCommand.java:36)
	at com.thoughtworks.selenium.webdriven.Timer.run(Timer.java:41)
	at com.thoughtworks.selenium.webdriven.WebDriverCommandProcessor.execute(WebDriverCommandProcessor.java:150)
	at com.thoughtworks.selenium.webdriven.WebDriverCommandProcessor.doCommand(WebDriverCommandProcessor.java:76)
	at com.thoughtworks.selenium.DefaultSelenium.click(DefaultSelenium.java:198)
	at com.thoughtworks.selenium.Selenium$click$0.call(Unknown Source)
	at ACA.run(ACA:134)
	at com.kms.katalon.core.main.ScriptEngine.run(ScriptEngine.java:194)
	at com.kms.katalon.core.main.ScriptEngine.runScriptAsRawText(ScriptEngine.java:119)
	at com.kms.katalon.core.main.TestCaseExecutor.runScript(TestCaseExecutor.java:328)
	at com.kms.katalon.core.main.TestCaseExecutor.doExecute(TestCaseExecutor.java:319)
	at com.kms.katalon.core.main.TestCaseExecutor.processExecutionPhase(TestCaseExecutor.java:298)
	at com.kms.katalon.core.main.TestCaseExecutor.accessMainPhase(TestCaseExecutor.java:290)
	at com.kms.katalon.core.main.TestCaseExecutor.execute(TestCaseExecutor.java:224)
	at com.kms.katalon.core.main.TestSuiteExecutor.accessTestCaseMainPhase(TestSuiteExecutor.java:129)
	at com.kms.katalon.core.main.TestSuiteExecutor.accessTestSuiteMainPhase(TestSuiteExecutor.java:112)
	at com.kms.katalon.core.main.TestSuiteExecutor.execute(TestSuiteExecutor.java:81)
	at com.kms.katalon.core.main.TestCaseMain.startTestSuite(TestCaseMain.java:149)
	at com.kms.katalon.core.main.TestCaseMain$startTestSuite$0.call(Unknown Source)
	at TempTestSuite1583811314970.run(TempTestSuite1583811314970.groovy:36)
Caused by: org.openqa.selenium.NoSuchElementException: Cannot find an element with the xpath: //a[contains(text(),'Select')]
For documentation on this error, please visit: http://seleniumhq.org/exceptions/no_such_element.html
Build info: version: '3.7.1', revision: '8a0099a', time: '2017-11-06T21:07:36.161Z'
System info: host: 'WIN-U215233FMVE', ip: '172.30.0.53', os.name: 'Windows Server 2012 R2', os.arch: 'amd64', os.version: '6.3', java.version: '1.8.0_181'
Driver info: driver.version: unknown
	at com.thoughtworks.selenium.webdriven.ElementFinder.xpathWizardry(ElementFinder.java:143)
	at com.thoughtworks.selenium.webdriven.ElementFinder.findElementDirectlyIfNecessary(ElementFinder.java:117)
	at com.thoughtworks.selenium.webdriven.ElementFinder.findElement(ElementFinder.java:87)
	at com.thoughtworks.selenium.webdriven.commands.Click.handleSeleneseCommand(Click.java:39)
	at com.thoughtworks.selenium.webdriven.commands.Click.handleSeleneseCommand(Click.java:26)
	at com.thoughtworks.selenium.webdriven.SeleneseCommand.apply(SeleneseCommand.java:36)
	at com.thoughtworks.selenium.webdriven.Timer.run(Timer.java:41)
	at com.thoughtworks.selenium.webdriven.WebDriverCommandProcessor.execute(WebDriverCommandProcessor.java:150)
	at com.thoughtworks.selenium.webdriven.WebDriverCommandProcessor.doCommand(WebDriverCommandProcessor.java:76)
	at com.thoughtworks.selenium.DefaultSelenium.click(DefaultSelenium.java:198)
	at com.thoughtworks.selenium.Selenium$click$0.call(Unknown Source)
	at Script1575603847168.run(Script1575603847168.groovy:134)
	... 13 more]]></system-out>
         <system-err><![CDATA[2020-03-09 23:50:47 - [TEST_CASE][ERROR] - Test Cases/HP/Health Plans/ACA: Test Cases/HP/Health Plans/ACA FAILED.
Reason:
com.thoughtworks.selenium.SeleniumException: Element //a[contains(text(),'Select')] not found
	at com.thoughtworks.selenium.webdriven.ElementFinder.findElement(ElementFinder.java:93)
	at com.thoughtworks.selenium.webdriven.commands.Click.handleSeleneseCommand(Click.java:39)
	at com.thoughtworks.selenium.webdriven.commands.Click.handleSeleneseCommand(Click.java:26)
	at com.thoughtworks.selenium.webdriven.SeleneseCommand.apply(SeleneseCommand.java:36)
	at com.thoughtworks.selenium.webdriven.Timer.run(Timer.java:41)
	at com.thoughtworks.selenium.webdriven.WebDriverCommandProcessor.execute(WebDriverCommandProcessor.java:150)
	at com.thoughtworks.selenium.webdriven.WebDriverCommandProcessor.doCommand(WebDriverCommandProcessor.java:76)
	at com.thoughtworks.selenium.DefaultSelenium.click(DefaultSelenium.java:198)
	at com.thoughtworks.selenium.Selenium$click$0.call(Unknown Source)
	at ACA.run(ACA:134)
	at com.kms.katalon.core.main.ScriptEngine.run(ScriptEngine.java:194)
	at com.kms.katalon.core.main.ScriptEngine.runScriptAsRawText(ScriptEngine.java:119)
	at com.kms.katalon.core.main.TestCaseExecutor.runScript(TestCaseExecutor.java:328)
	at com.kms.katalon.core.main.TestCaseExecutor.doExecute(TestCaseExecutor.java:319)
	at com.kms.katalon.core.main.TestCaseExecutor.processExecutionPhase(TestCaseExecutor.java:298)
	at com.kms.katalon.core.main.TestCaseExecutor.accessMainPhase(TestCaseExecutor.java:290)
	at com.kms.katalon.core.main.TestCaseExecutor.execute(TestCaseExecutor.java:224)
	at com.kms.katalon.core.main.TestSuiteExecutor.accessTestCaseMainPhase(TestSuiteExecutor.java:129)
	at com.kms.katalon.core.main.TestSuiteExecutor.accessTestSuiteMainPhase(TestSuiteExecutor.java:112)
	at com.kms.katalon.core.main.TestSuiteExecutor.execute(TestSuiteExecutor.java:81)
	at com.kms.katalon.core.main.TestCaseMain.startTestSuite(TestCaseMain.java:149)
	at com.kms.katalon.core.main.TestCaseMain$startTestSuite$0.call(Unknown Source)
	at TempTestSuite1583811314970.run(TempTestSuite1583811314970.groovy:36)
Caused by: org.openqa.selenium.NoSuchElementException: Cannot find an element with the xpath: //a[contains(text(),'Select')]
For documentation on this error, please visit: http://seleniumhq.org/exceptions/no_such_element.html
Build info: version: '3.7.1', revision: '8a0099a', time: '2017-11-06T21:07:36.161Z'
System info: host: 'WIN-U215233FMVE', ip: '172.30.0.53', os.name: 'Windows Server 2012 R2', os.arch: 'amd64', os.version: '6.3', java.version: '1.8.0_181'
Driver info: driver.version: unknown
	at com.thoughtworks.selenium.webdriven.ElementFinder.xpathWizardry(ElementFinder.java:143)
	at com.thoughtworks.selenium.webdriven.ElementFinder.findElementDirectlyIfNecessary(ElementFinder.java:117)
	at com.thoughtworks.selenium.webdriven.ElementFinder.findElement(ElementFinder.java:87)
	at com.thoughtworks.selenium.webdriven.commands.Click.handleSeleneseCommand(Click.java:39)
	at com.thoughtworks.selenium.webdriven.commands.Click.handleSeleneseCommand(Click.java:26)
	at com.thoughtworks.selenium.webdriven.SeleneseCommand.apply(SeleneseCommand.java:36)
	at com.thoughtworks.selenium.webdriven.Timer.run(Timer.java:41)
	at com.thoughtworks.selenium.webdriven.WebDriverCommandProcessor.execute(WebDriverCommandProcessor.java:150)
	at com.thoughtworks.selenium.webdriven.WebDriverCommandProcessor.doCommand(WebDriverCommandProcessor.java:76)
	at com.thoughtworks.selenium.DefaultSelenium.click(DefaultSelenium.java:198)
	at com.thoughtworks.selenium.Selenium$click$0.call(Unknown Source)
	at Script1575603847168.run(Script1575603847168.groovy:134)
	... 13 more]]></system-err>
      </testcase>
      <testcase name="Test Cases/HP/Health Plans/Dental" classname="Test Cases/HP/Health Plans/Dental" status="PASSED">
         <system-out><![CDATA[2020-03-09 23:51:22 - [TEST_CASE][PASSED] - Test Cases/HP/Health Plans/Dental: Test Cases/HP/Health Plans/Dental

2020-03-09 23:51:23 - [TEST_STEP][PASSED] - now = new java.util.Date(): null

2020-03-09 23:51:23 - [TEST_STEP][PASSED] - mydate = now.format("yyyyMMdd_HHmmss"): null

2020-03-09 23:51:23 - [TEST_STEP][PASSED] - i = 0: null

2020-03-09 23:51:23 - [TEST_STEP][PASSED] - callTestCase(findTestCase("AHI/_include/get_screenPath"), ["productLine":"HP", "carrierName":"Dental"], CONTINUE_ON_FAILURE): Call Test Case 'Test Cases/AHI/_include/get_screenPath' successfully

2020-03-09 23:51:23 - [TEST_CASE][PASSED] - Test Cases/AHI/_include/get_screenPath: Test Cases/AHI/_include/get_screenPath

2020-03-09 23:51:23 - [TEST_STEP][PASSED] - m = getExecutionProperties(): null

2020-03-09 23:51:23 - [TEST_STEP][PASSED] - deviceName = get("mobileEmulation").get("deviceName"): null

2020-03-09 23:51:23 - [TEST_STEP][PASSED] - println(deviceName): null

2020-03-09 23:51:23 - [TEST_STEP][PASSED] - now = new java.util.Date(): null

2020-03-09 23:51:23 - [TEST_STEP][PASSED] - mydate = now.format("yyyyMMdd_HHmmss"): null

2020-03-09 23:51:23 - [TEST_STEP][PASSED] - screenPath = "../Screenshots/": null

2020-03-09 23:51:23 - [TEST_STEP][PASSED] - screenPath = screenPath + deviceName + "/" + productLine + "/" + carrierName + "/" + mydate + "/": null

2020-03-09 23:51:23 - [TEST_STEP][PASSED] - println(screenPath): null

2020-03-09 23:51:23 - [MESSAGE][PASSED] - Call Test Case 'Test Cases/AHI/_include/get_screenPath' successfully

2020-03-09 23:51:23 - [TEST_STEP][PASSED] - second = <not implemented yet for class: org.codehaus.groovy.ast.expr.EmptyExpression>: null

2020-03-09 23:51:23 - [TEST_STEP][PASSED] - openBrowser(env + "/dental-insurance"): Browser is opened with url: 'http://pengujian.healthpocket.com/dental-insurance'

2020-03-09 23:51:23 - [MESSAGE][WARNING] - A browser is already opened. Closing browser and opening a new one

2020-03-09 23:51:24 - [MESSAGE][INFO] - Starting 'Chrome' driver

2020-03-09 23:51:24 - [MESSAGE][INFO] - User set preference: ['mobileEmulation', '{deviceName=iPhone X}']

2020-03-09 23:51:24 - [MESSAGE][INFO] - User set preference: ['args', '[--incognito, --aggressive-cache-discard, --no-sandbox, --window-size=375,812, --ignore-certificate-errors]']

2020-03-09 23:51:27 - [MESSAGE][PASSED] - Browser is opened with url: 'http://pengujian.healthpocket.com/dental-insurance'

2020-03-09 23:51:27 - [TEST_STEP][PASSED] - Thread.sleep(3000): null

2020-03-09 23:51:30 - [TEST_STEP][PASSED] - driver = getWebDriver(): null

2020-03-09 23:51:30 - [TEST_STEP][PASSED] - baseUrl = env: null

2020-03-09 23:51:30 - [TEST_STEP][PASSED] - selenium = new com.thoughtworks.selenium.webdriven.WebDriverBackedSelenium(driver, baseUrl): null

2020-03-09 23:51:30 - [TEST_STEP][PASSED] - selenium.refresh(): null

2020-03-09 23:51:30 - [TEST_STEP][PASSED] - selenium.waitForPageToLoad("30000"): null

2020-03-09 23:51:31 - [TEST_STEP][PASSED] - for ([second = 0, second < 10, (second++)]): null

2020-03-09 23:51:31 - [TEST_STEP][PASSED] - try: null

2020-03-09 23:51:31 - [TEST_STEP][PASSED] - if (selenium.isElementPresent("id=location")): null

2020-03-09 23:51:31 - [TEST_STEP][PASSED] - break: null

2020-03-09 23:51:31 - [TEST_STEP][PASSED] - callTestCase(findTestCase("AHI/_include/get_screenshot"), [:], STOP_ON_FAILURE): Call Test Case 'Test Cases/AHI/_include/get_screenshot' successfully

2020-03-09 23:51:31 - [TEST_CASE][PASSED] - Test Cases/AHI/_include/get_screenshot: Test Cases/AHI/_include/get_screenshot

2020-03-09 23:51:31 - [TEST_STEP][PASSED] - Thread.sleep(1000): null

2020-03-09 23:51:32 - [TEST_STEP][PASSED] - takeScreenshot(screenPath + i + ".png"): Taking screenshot successfully

2020-03-09 23:51:33 - [MESSAGE][PASSED] - Taking screenshot successfully
[[ATTACHMENT|D:\\Test\\AgileTest\\Reports\\HP\\HP\\20200309_233514\\../Screenshots/iPhone X/HP/Dental/20200309_235123/0.png]]

2020-03-09 23:51:33 - [TEST_STEP][PASSED] - (internal.GlobalVariable.i++): null

2020-03-09 23:51:33 - [MESSAGE][PASSED] - Call Test Case 'Test Cases/AHI/_include/get_screenshot' successfully

2020-03-09 23:51:33 - [TEST_STEP][PASSED] - selenium.type("id=location", "32209"): null

2020-03-09 23:51:33 - [TEST_STEP][PASSED] - selenium.click("id=findPlans"): null

2020-03-09 23:51:33 - [TEST_STEP][PASSED] - for ([second = 0, second < 10, (second++)]): null

2020-03-09 23:51:33 - [TEST_STEP][PASSED] - try: null

2020-03-09 23:51:33 - [TEST_STEP][PASSED] - if (selenium.isElementPresent("//a[contains(text(),'Select')]")): null

2020-03-09 23:51:33 - [TEST_STEP][PASSED] - Thread.sleep(1000): null

2020-03-09 23:51:34 - [TEST_STEP][PASSED] - try: null

2020-03-09 23:51:34 - [TEST_STEP][PASSED] - if (selenium.isElementPresent("//a[contains(text(),'Select')]")): null

2020-03-09 23:51:35 - [TEST_STEP][PASSED] - break: null

2020-03-09 23:51:35 - [TEST_STEP][PASSED] - callTestCase(findTestCase("AHI/_include/get_screenshot"), [:], STOP_ON_FAILURE): Call Test Case 'Test Cases/AHI/_include/get_screenshot' successfully

2020-03-09 23:51:35 - [TEST_CASE][PASSED] - Test Cases/AHI/_include/get_screenshot: Test Cases/AHI/_include/get_screenshot

2020-03-09 23:51:35 - [TEST_STEP][PASSED] - Thread.sleep(1000): null

2020-03-09 23:51:36 - [TEST_STEP][PASSED] - takeScreenshot(screenPath + i + ".png"): Taking screenshot successfully

2020-03-09 23:51:36 - [MESSAGE][PASSED] - Taking screenshot successfully
[[ATTACHMENT|D:\\Test\\AgileTest\\Reports\\HP\\HP\\20200309_233514\\../Screenshots/iPhone X/HP/Dental/20200309_235123/1.png]]

2020-03-09 23:51:36 - [TEST_STEP][PASSED] - (internal.GlobalVariable.i++): null

2020-03-09 23:51:36 - [MESSAGE][PASSED] - Call Test Case 'Test Cases/AHI/_include/get_screenshot' successfully

2020-03-09 23:51:36 - [TEST_STEP][PASSED] - selenium.click("//a[contains(text(),'Select')]"): null

2020-03-09 23:51:36 - [TEST_STEP][PASSED] - for ([second = 0, second < 20, (second++)]): null

2020-03-09 23:51:36 - [TEST_STEP][PASSED] - try: null

2020-03-09 23:51:36 - [TEST_STEP][PASSED] - if (selenium.isElementPresent("xpath=(//a[contains(text(),'Apply Now')])")): null

2020-03-09 23:51:36 - [TEST_STEP][PASSED] - Thread.sleep(1000): null

2020-03-09 23:51:37 - [TEST_STEP][PASSED] - try: null

2020-03-09 23:51:37 - [TEST_STEP][PASSED] - if (selenium.isElementPresent("xpath=(//a[contains(text(),'Apply Now')])")): null

2020-03-09 23:51:37 - [TEST_STEP][PASSED] - Thread.sleep(1000): null

2020-03-09 23:51:38 - [TEST_STEP][PASSED] - try: null

2020-03-09 23:51:38 - [TEST_STEP][PASSED] - if (selenium.isElementPresent("xpath=(//a[contains(text(),'Apply Now')])")): null

2020-03-09 23:51:38 - [TEST_STEP][PASSED] - Thread.sleep(1000): null

2020-03-09 23:51:39 - [TEST_STEP][PASSED] - try: null

2020-03-09 23:51:39 - [TEST_STEP][PASSED] - if (selenium.isElementPresent("xpath=(//a[contains(text(),'Apply Now')])")): null

2020-03-09 23:51:39 - [TEST_STEP][PASSED] - Thread.sleep(1000): null

2020-03-09 23:51:40 - [TEST_STEP][PASSED] - try: null

2020-03-09 23:51:40 - [TEST_STEP][PASSED] - if (selenium.isElementPresent("xpath=(//a[contains(text(),'Apply Now')])")): null

2020-03-09 23:51:40 - [TEST_STEP][PASSED] - Thread.sleep(1000): null

2020-03-09 23:51:42 - [TEST_STEP][PASSED] - try: null

2020-03-09 23:51:42 - [TEST_STEP][PASSED] - if (selenium.isElementPresent("xpath=(//a[contains(text(),'Apply Now')])")): null

2020-03-09 23:51:42 - [TEST_STEP][PASSED] - Thread.sleep(1000): null

2020-03-09 23:51:43 - [TEST_STEP][PASSED] - try: null

2020-03-09 23:51:43 - [TEST_STEP][PASSED] - if (selenium.isElementPresent("xpath=(//a[contains(text(),'Apply Now')])")): null

2020-03-09 23:51:43 - [TEST_STEP][PASSED] - break: null

2020-03-09 23:51:43 - [TEST_STEP][PASSED] - callTestCase(findTestCase("AHI/_include/get_screenshot"), [:], STOP_ON_FAILURE): Call Test Case 'Test Cases/AHI/_include/get_screenshot' successfully

2020-03-09 23:51:43 - [TEST_CASE][PASSED] - Test Cases/AHI/_include/get_screenshot: Test Cases/AHI/_include/get_screenshot

2020-03-09 23:51:43 - [TEST_STEP][PASSED] - Thread.sleep(1000): null

2020-03-09 23:51:44 - [TEST_STEP][PASSED] - takeScreenshot(screenPath + i + ".png"): Taking screenshot successfully

2020-03-09 23:51:44 - [MESSAGE][PASSED] - Taking screenshot successfully
[[ATTACHMENT|D:\\Test\\AgileTest\\Reports\\HP\\HP\\20200309_233514\\../Screenshots/iPhone X/HP/Dental/20200309_235123/2.png]]

2020-03-09 23:51:44 - [TEST_STEP][PASSED] - (internal.GlobalVariable.i++): null

2020-03-09 23:51:44 - [MESSAGE][PASSED] - Call Test Case 'Test Cases/AHI/_include/get_screenshot' successfully

2020-03-09 23:51:44 - [TEST_STEP][PASSED] - url = selenium.getAttribute("xpath=(//a[contains(text(),'Apply Now')])@href"): null

2020-03-09 23:51:44 - [TEST_STEP][PASSED] - openBrowser(url): Browser is opened with url: 'http://praetemptatus.agilehealthinsurance.com/dental-insurance-quotes?utm_source=healthpocket&utm_medium=detail_page&utm_campaign=dental_detail_page_xsell'

2020-03-09 23:51:44 - [MESSAGE][WARNING] - A browser is already opened. Closing browser and opening a new one

2020-03-09 23:51:45 - [MESSAGE][INFO] - Starting 'Chrome' driver

2020-03-09 23:51:45 - [MESSAGE][INFO] - User set preference: ['mobileEmulation', '{deviceName=iPhone X}']

2020-03-09 23:51:45 - [MESSAGE][INFO] - User set preference: ['args', '[--incognito, --aggressive-cache-discard, --no-sandbox, --window-size=375,812, --ignore-certificate-errors]']

2020-03-09 23:51:48 - [MESSAGE][PASSED] - Browser is opened with url: 'http://praetemptatus.agilehealthinsurance.com/dental-insurance-quotes?utm_source=healthpocket&utm_medium=detail_page&utm_campaign=dental_detail_page_xsell'

2020-03-09 23:51:48 - [TEST_STEP][PASSED] - Thread.sleep(3000): null

2020-03-09 23:51:51 - [TEST_STEP][PASSED] - callTestCase(findTestCase("AHI/_include/get_screenshot"), [:], STOP_ON_FAILURE): Call Test Case 'Test Cases/AHI/_include/get_screenshot' successfully

2020-03-09 23:51:51 - [TEST_CASE][PASSED] - Test Cases/AHI/_include/get_screenshot: Test Cases/AHI/_include/get_screenshot

2020-03-09 23:51:51 - [TEST_STEP][PASSED] - Thread.sleep(1000): null

2020-03-09 23:51:52 - [TEST_STEP][PASSED] - takeScreenshot(screenPath + i + ".png"): Taking screenshot successfully

2020-03-09 23:51:52 - [MESSAGE][PASSED] - Taking screenshot successfully
[[ATTACHMENT|D:\\Test\\AgileTest\\Reports\\HP\\HP\\20200309_233514\\../Screenshots/iPhone X/HP/Dental/20200309_235123/3.png]]

2020-03-09 23:51:52 - [TEST_STEP][PASSED] - (internal.GlobalVariable.i++): null

2020-03-09 23:51:52 - [MESSAGE][PASSED] - Call Test Case 'Test Cases/AHI/_include/get_screenshot' successfully]]></system-out>
         <system-err><![CDATA[]]></system-err>
      </testcase>
      <testcase name="Test Cases/HP/Health Plans/Medicaid Public" classname="Test Cases/HP/Health Plans/Medicaid Public" status="PASSED">
         <system-out><![CDATA[2020-03-09 23:51:52 - [TEST_CASE][PASSED] - Test Cases/HP/Health Plans/Medicaid Public: Test Cases/HP/Health Plans/Medicaid Public

2020-03-09 23:51:53 - [TEST_STEP][PASSED] - now = new java.util.Date(): null

2020-03-09 23:51:53 - [TEST_STEP][PASSED] - mydate = now.format("yyyyMMdd_HHmmss"): null

2020-03-09 23:51:53 - [TEST_STEP][PASSED] - i = 0: null

2020-03-09 23:51:53 - [TEST_STEP][PASSED] - callTestCase(findTestCase("AHI/_include/get_screenPath"), ["productLine":"HP", "carrierName":"Medicaid Public"], CONTINUE_ON_FAILURE): Call Test Case 'Test Cases/AHI/_include/get_screenPath' successfully

2020-03-09 23:51:53 - [TEST_CASE][PASSED] - Test Cases/AHI/_include/get_screenPath: Test Cases/AHI/_include/get_screenPath

2020-03-09 23:51:53 - [TEST_STEP][PASSED] - m = getExecutionProperties(): null

2020-03-09 23:51:53 - [TEST_STEP][PASSED] - deviceName = get("mobileEmulation").get("deviceName"): null

2020-03-09 23:51:53 - [TEST_STEP][PASSED] - println(deviceName): null

2020-03-09 23:51:53 - [TEST_STEP][PASSED] - now = new java.util.Date(): null

2020-03-09 23:51:53 - [TEST_STEP][PASSED] - mydate = now.format("yyyyMMdd_HHmmss"): null

2020-03-09 23:51:53 - [TEST_STEP][PASSED] - screenPath = "../Screenshots/": null

2020-03-09 23:51:53 - [TEST_STEP][PASSED] - screenPath = screenPath + deviceName + "/" + productLine + "/" + carrierName + "/" + mydate + "/": null

2020-03-09 23:51:53 - [TEST_STEP][PASSED] - println(screenPath): null

2020-03-09 23:51:53 - [MESSAGE][PASSED] - Call Test Case 'Test Cases/AHI/_include/get_screenPath' successfully

2020-03-09 23:51:53 - [TEST_STEP][PASSED] - second = <not implemented yet for class: org.codehaus.groovy.ast.expr.EmptyExpression>: null

2020-03-09 23:51:53 - [TEST_STEP][PASSED] - openBrowser(env + "/medicaid-public-plans"): Browser is opened with url: 'http://pengujian.healthpocket.com/medicaid-public-plans'

2020-03-09 23:51:53 - [MESSAGE][WARNING] - A browser is already opened. Closing browser and opening a new one

2020-03-09 23:51:53 - [MESSAGE][INFO] - Starting 'Chrome' driver

2020-03-09 23:51:53 - [MESSAGE][INFO] - User set preference: ['mobileEmulation', '{deviceName=iPhone X}']

2020-03-09 23:51:53 - [MESSAGE][INFO] - User set preference: ['args', '[--incognito, --aggressive-cache-discard, --no-sandbox, --window-size=375,812, --ignore-certificate-errors]']

2020-03-09 23:51:56 - [MESSAGE][PASSED] - Browser is opened with url: 'http://pengujian.healthpocket.com/medicaid-public-plans'

2020-03-09 23:51:56 - [TEST_STEP][PASSED] - Thread.sleep(3000): null

2020-03-09 23:51:59 - [TEST_STEP][PASSED] - driver = getWebDriver(): null

2020-03-09 23:51:59 - [TEST_STEP][PASSED] - baseUrl = env: null

2020-03-09 23:51:59 - [TEST_STEP][PASSED] - selenium = new com.thoughtworks.selenium.webdriven.WebDriverBackedSelenium(driver, baseUrl): null

2020-03-09 23:51:59 - [TEST_STEP][PASSED] - for ([second = 0, second < 10, (second++)]): null

2020-03-09 23:51:59 - [TEST_STEP][PASSED] - try: null

2020-03-09 23:51:59 - [TEST_STEP][PASSED] - if (selenium.isElementPresent("id=location")): null

2020-03-09 23:51:59 - [TEST_STEP][PASSED] - break: null

2020-03-09 23:51:59 - [TEST_STEP][PASSED] - callTestCase(findTestCase("AHI/_include/get_screenshot"), [:], STOP_ON_FAILURE): Call Test Case 'Test Cases/AHI/_include/get_screenshot' successfully

2020-03-09 23:51:59 - [TEST_CASE][PASSED] - Test Cases/AHI/_include/get_screenshot: Test Cases/AHI/_include/get_screenshot

2020-03-09 23:51:59 - [TEST_STEP][PASSED] - Thread.sleep(1000): null

2020-03-09 23:52:00 - [TEST_STEP][PASSED] - takeScreenshot(screenPath + i + ".png"): Taking screenshot successfully

2020-03-09 23:52:01 - [MESSAGE][PASSED] - Taking screenshot successfully
[[ATTACHMENT|D:\\Test\\AgileTest\\Reports\\HP\\HP\\20200309_233514\\../Screenshots/iPhone X/HP/Medicaid Public/20200309_235153/0.png]]

2020-03-09 23:52:01 - [TEST_STEP][PASSED] - (internal.GlobalVariable.i++): null

2020-03-09 23:52:01 - [MESSAGE][PASSED] - Call Test Case 'Test Cases/AHI/_include/get_screenshot' successfully

2020-03-09 23:52:01 - [TEST_STEP][PASSED] - selenium.type("id=location", "32209"): null

2020-03-09 23:52:01 - [TEST_STEP][PASSED] - selenium.click("id=findPlans"): null

2020-03-09 23:52:01 - [TEST_STEP][PASSED] - for ([second = 0, second < 10, (second++)]): null

2020-03-09 23:52:01 - [TEST_STEP][PASSED] - try: null

2020-03-09 23:52:01 - [TEST_STEP][PASSED] - if (selenium.isElementPresent("//a[contains(text(),'Select')]")): null

2020-03-09 23:52:01 - [TEST_STEP][PASSED] - Thread.sleep(1000): null

2020-03-09 23:52:02 - [TEST_STEP][PASSED] - try: null

2020-03-09 23:52:02 - [TEST_STEP][PASSED] - if (selenium.isElementPresent("//a[contains(text(),'Select')]")): null

2020-03-09 23:52:03 - [TEST_STEP][PASSED] - break: null

2020-03-09 23:52:03 - [TEST_STEP][PASSED] - callTestCase(findTestCase("AHI/_include/get_screenshot"), [:], STOP_ON_FAILURE): Call Test Case 'Test Cases/AHI/_include/get_screenshot' successfully

2020-03-09 23:52:03 - [TEST_CASE][PASSED] - Test Cases/AHI/_include/get_screenshot: Test Cases/AHI/_include/get_screenshot

2020-03-09 23:52:03 - [TEST_STEP][PASSED] - Thread.sleep(1000): null

2020-03-09 23:52:04 - [TEST_STEP][PASSED] - takeScreenshot(screenPath + i + ".png"): Taking screenshot successfully

2020-03-09 23:52:05 - [MESSAGE][PASSED] - Taking screenshot successfully
[[ATTACHMENT|D:\\Test\\AgileTest\\Reports\\HP\\HP\\20200309_233514\\../Screenshots/iPhone X/HP/Medicaid Public/20200309_235153/1.png]]

2020-03-09 23:52:05 - [TEST_STEP][PASSED] - (internal.GlobalVariable.i++): null

2020-03-09 23:52:05 - [MESSAGE][PASSED] - Call Test Case 'Test Cases/AHI/_include/get_screenshot' successfully

2020-03-09 23:52:05 - [TEST_STEP][PASSED] - selenium.click("//a[contains(text(),'Select')]"): null

2020-03-09 23:52:05 - [TEST_STEP][PASSED] - for ([second = 0, second < 60, (second++)]): null

2020-03-09 23:52:05 - [TEST_STEP][PASSED] - try: null

2020-03-09 23:52:05 - [TEST_STEP][PASSED] - if (selenium.isElementPresent("//div/h2[contains(text(),'Ways to Learn More')]")): null

2020-03-09 23:52:05 - [TEST_STEP][PASSED] - break: null

2020-03-09 23:52:05 - [TEST_STEP][PASSED] - callTestCase(findTestCase("AHI/_include/get_screenshot"), [:], STOP_ON_FAILURE): Call Test Case 'Test Cases/AHI/_include/get_screenshot' successfully

2020-03-09 23:52:05 - [TEST_CASE][PASSED] - Test Cases/AHI/_include/get_screenshot: Test Cases/AHI/_include/get_screenshot

2020-03-09 23:52:05 - [TEST_STEP][PASSED] - Thread.sleep(1000): null

2020-03-09 23:52:06 - [TEST_STEP][PASSED] - takeScreenshot(screenPath + i + ".png"): Taking screenshot successfully

2020-03-09 23:52:07 - [MESSAGE][PASSED] - Taking screenshot successfully
[[ATTACHMENT|D:\\Test\\AgileTest\\Reports\\HP\\HP\\20200309_233514\\../Screenshots/iPhone X/HP/Medicaid Public/20200309_235153/2.png]]

2020-03-09 23:52:07 - [TEST_STEP][PASSED] - (internal.GlobalVariable.i++): null

2020-03-09 23:52:07 - [MESSAGE][PASSED] - Call Test Case 'Test Cases/AHI/_include/get_screenshot' successfully]]></system-out>
         <system-err><![CDATA[]]></system-err>
      </testcase>
      <testcase name="Test Cases/HP/Health Plans/Medicare" classname="Test Cases/HP/Health Plans/Medicare" status="PASSED">
         <system-out><![CDATA[2020-03-09 23:52:07 - [TEST_CASE][PASSED] - Test Cases/HP/Health Plans/Medicare: Test Cases/HP/Health Plans/Medicare

2020-03-09 23:52:07 - [TEST_STEP][PASSED] - now = new java.util.Date(): null

2020-03-09 23:52:07 - [TEST_STEP][PASSED] - mydate = now.format("yyyyMMdd_HHmmss"): null

2020-03-09 23:52:07 - [TEST_STEP][PASSED] - callTestCase(findTestCase("AHI/_include/get_screenPath"), ["productLine":"HP", "carrierName":"Medicare"], CONTINUE_ON_FAILURE): Call Test Case 'Test Cases/AHI/_include/get_screenPath' successfully

2020-03-09 23:52:07 - [TEST_CASE][PASSED] - Test Cases/AHI/_include/get_screenPath: Test Cases/AHI/_include/get_screenPath

2020-03-09 23:52:07 - [TEST_STEP][PASSED] - m = getExecutionProperties(): null

2020-03-09 23:52:07 - [TEST_STEP][PASSED] - deviceName = get("mobileEmulation").get("deviceName"): null

2020-03-09 23:52:07 - [TEST_STEP][PASSED] - println(deviceName): null

2020-03-09 23:52:07 - [TEST_STEP][PASSED] - now = new java.util.Date(): null

2020-03-09 23:52:07 - [TEST_STEP][PASSED] - mydate = now.format("yyyyMMdd_HHmmss"): null

2020-03-09 23:52:07 - [TEST_STEP][PASSED] - screenPath = "../Screenshots/": null

2020-03-09 23:52:07 - [TEST_STEP][PASSED] - screenPath = screenPath + deviceName + "/" + productLine + "/" + carrierName + "/" + mydate + "/": null

2020-03-09 23:52:07 - [TEST_STEP][PASSED] - println(screenPath): null

2020-03-09 23:52:07 - [MESSAGE][PASSED] - Call Test Case 'Test Cases/AHI/_include/get_screenPath' successfully

2020-03-09 23:52:07 - [TEST_STEP][PASSED] - i = 0: null

2020-03-09 23:52:07 - [TEST_STEP][PASSED] - openBrowser(env + "/medicare"): Browser is opened with url: 'http://pengujian.healthpocket.com/medicare'

2020-03-09 23:52:07 - [MESSAGE][WARNING] - A browser is already opened. Closing browser and opening a new one

2020-03-09 23:52:08 - [MESSAGE][INFO] - Starting 'Chrome' driver

2020-03-09 23:52:08 - [MESSAGE][INFO] - User set preference: ['mobileEmulation', '{deviceName=iPhone X}']

2020-03-09 23:52:08 - [MESSAGE][INFO] - User set preference: ['args', '[--incognito, --aggressive-cache-discard, --no-sandbox, --window-size=375,812, --ignore-certificate-errors]']

2020-03-09 23:52:12 - [MESSAGE][PASSED] - Browser is opened with url: 'http://pengujian.healthpocket.com/medicare'

2020-03-09 23:52:12 - [TEST_STEP][PASSED] - driver = getWebDriver(): null

2020-03-09 23:52:12 - [TEST_STEP][PASSED] - baseUrl = env: null

2020-03-09 23:52:12 - [TEST_STEP][PASSED] - selenium = new com.thoughtworks.selenium.webdriven.WebDriverBackedSelenium(driver, baseUrl): null

2020-03-09 23:52:12 - [TEST_STEP][PASSED] - callTestCase(findTestCase("AHI/_include/get_screenshot"), [:], STOP_ON_FAILURE): Call Test Case 'Test Cases/AHI/_include/get_screenshot' successfully

2020-03-09 23:52:12 - [TEST_CASE][PASSED] - Test Cases/AHI/_include/get_screenshot: Test Cases/AHI/_include/get_screenshot

2020-03-09 23:52:12 - [TEST_STEP][PASSED] - Thread.sleep(1000): null

2020-03-09 23:52:13 - [TEST_STEP][PASSED] - takeScreenshot(screenPath + i + ".png"): Taking screenshot successfully

2020-03-09 23:52:14 - [MESSAGE][PASSED] - Taking screenshot successfully
[[ATTACHMENT|D:\\Test\\AgileTest\\Reports\\HP\\HP\\20200309_233514\\../Screenshots/iPhone X/HP/Medicare/20200309_235207/0.png]]

2020-03-09 23:52:14 - [TEST_STEP][PASSED] - (internal.GlobalVariable.i++): null

2020-03-09 23:52:14 - [MESSAGE][PASSED] - Call Test Case 'Test Cases/AHI/_include/get_screenshot' successfully

2020-03-09 23:52:14 - [TEST_STEP][PASSED] - selenium.click("id=location"): null

2020-03-09 23:52:14 - [TEST_STEP][PASSED] - selenium.type("id=location", "32209"): null

2020-03-09 23:52:15 - [TEST_STEP][PASSED] - selenium.click("id=findPlans"): null

2020-03-09 23:52:15 - [TEST_STEP][PASSED] - for ([second = 0, second < 60, (second++)]): null

2020-03-09 23:52:15 - [TEST_STEP][PASSED] - try: null

2020-03-09 23:52:15 - [TEST_STEP][PASSED] - if (selenium.isElementPresent("//a[contains(text(),'Select')]")): null

2020-03-09 23:52:15 - [TEST_STEP][PASSED] - Thread.sleep(1000): null

2020-03-09 23:52:16 - [TEST_STEP][PASSED] - try: null

2020-03-09 23:52:16 - [TEST_STEP][PASSED] - if (selenium.isElementPresent("//a[contains(text(),'Select')]")): null

2020-03-09 23:52:17 - [TEST_STEP][PASSED] - break: null

2020-03-09 23:52:17 - [TEST_STEP][PASSED] - callTestCase(findTestCase("AHI/_include/get_screenshot"), [:], STOP_ON_FAILURE): Call Test Case 'Test Cases/AHI/_include/get_screenshot' successfully

2020-03-09 23:52:17 - [TEST_CASE][PASSED] - Test Cases/AHI/_include/get_screenshot: Test Cases/AHI/_include/get_screenshot

2020-03-09 23:52:17 - [TEST_STEP][PASSED] - Thread.sleep(1000): null

2020-03-09 23:52:18 - [TEST_STEP][PASSED] - takeScreenshot(screenPath + i + ".png"): Taking screenshot successfully

2020-03-09 23:52:19 - [MESSAGE][PASSED] - Taking screenshot successfully
[[ATTACHMENT|D:\\Test\\AgileTest\\Reports\\HP\\HP\\20200309_233514\\../Screenshots/iPhone X/HP/Medicare/20200309_235207/1.png]]

2020-03-09 23:52:19 - [TEST_STEP][PASSED] - (internal.GlobalVariable.i++): null

2020-03-09 23:52:19 - [MESSAGE][PASSED] - Call Test Case 'Test Cases/AHI/_include/get_screenshot' successfully

2020-03-09 23:52:19 - [TEST_STEP][PASSED] - selenium.click("//a[contains(text(),'Select')]"): null

2020-03-09 23:52:19 - [TEST_STEP][PASSED] - for ([second = 0, second < 60, (second++)]): null

2020-03-09 23:52:19 - [TEST_STEP][PASSED] - try: null

2020-03-09 23:52:19 - [TEST_STEP][PASSED] - if (selenium.isElementPresent("//a/h2[contains(text(),'Benefits & Coverage')]")): null

2020-03-09 23:52:19 - [TEST_STEP][PASSED] - Thread.sleep(1000): null

2020-03-09 23:52:20 - [TEST_STEP][PASSED] - try: null

2020-03-09 23:52:20 - [TEST_STEP][PASSED] - if (selenium.isElementPresent("//a/h2[contains(text(),'Benefits & Coverage')]")): null

2020-03-09 23:52:20 - [TEST_STEP][PASSED] - Thread.sleep(1000): null

2020-03-09 23:52:21 - [TEST_STEP][PASSED] - try: null

2020-03-09 23:52:21 - [TEST_STEP][PASSED] - if (selenium.isElementPresent("//a/h2[contains(text(),'Benefits & Coverage')]")): null

2020-03-09 23:52:21 - [TEST_STEP][PASSED] - Thread.sleep(1000): null

2020-03-09 23:52:22 - [TEST_STEP][PASSED] - try: null

2020-03-09 23:52:22 - [TEST_STEP][PASSED] - if (selenium.isElementPresent("//a/h2[contains(text(),'Benefits & Coverage')]")): null

2020-03-09 23:52:22 - [TEST_STEP][PASSED] - break: null

2020-03-09 23:52:22 - [TEST_STEP][PASSED] - callTestCase(findTestCase("AHI/_include/get_screenshot"), [:], STOP_ON_FAILURE): Call Test Case 'Test Cases/AHI/_include/get_screenshot' successfully

2020-03-09 23:52:22 - [TEST_CASE][PASSED] - Test Cases/AHI/_include/get_screenshot: Test Cases/AHI/_include/get_screenshot

2020-03-09 23:52:22 - [TEST_STEP][PASSED] - Thread.sleep(1000): null

2020-03-09 23:52:23 - [TEST_STEP][PASSED] - takeScreenshot(screenPath + i + ".png"): Taking screenshot successfully

2020-03-09 23:52:24 - [MESSAGE][PASSED] - Taking screenshot successfully
[[ATTACHMENT|D:\\Test\\AgileTest\\Reports\\HP\\HP\\20200309_233514\\../Screenshots/iPhone X/HP/Medicare/20200309_235207/2.png]]

2020-03-09 23:52:24 - [TEST_STEP][PASSED] - (internal.GlobalVariable.i++): null

2020-03-09 23:52:24 - [MESSAGE][PASSED] - Call Test Case 'Test Cases/AHI/_include/get_screenshot' successfully]]></system-out>
         <system-err><![CDATA[]]></system-err>
      </testcase>
      <testcase name="Test Cases/HP/Health Plans/Medigap" classname="Test Cases/HP/Health Plans/Medigap" status="PASSED">
         <system-out><![CDATA[2020-03-09 23:52:24 - [TEST_CASE][PASSED] - Test Cases/HP/Health Plans/Medigap: Test Cases/HP/Health Plans/Medigap

2020-03-09 23:52:25 - [TEST_STEP][PASSED] - now = new java.util.Date(): null

2020-03-09 23:52:25 - [TEST_STEP][PASSED] - mydate = now.format("yyyyMMdd_HHmmss"): null

2020-03-09 23:52:25 - [TEST_STEP][PASSED] - i = 0: null

2020-03-09 23:52:25 - [TEST_STEP][PASSED] - callTestCase(findTestCase("AHI/_include/get_screenPath"), ["productLine":"HP", "carrierName":"Medigap"], CONTINUE_ON_FAILURE): Call Test Case 'Test Cases/AHI/_include/get_screenPath' successfully

2020-03-09 23:52:25 - [TEST_CASE][PASSED] - Test Cases/AHI/_include/get_screenPath: Test Cases/AHI/_include/get_screenPath

2020-03-09 23:52:25 - [TEST_STEP][PASSED] - m = getExecutionProperties(): null

2020-03-09 23:52:25 - [TEST_STEP][PASSED] - deviceName = get("mobileEmulation").get("deviceName"): null

2020-03-09 23:52:25 - [TEST_STEP][PASSED] - println(deviceName): null

2020-03-09 23:52:25 - [TEST_STEP][PASSED] - now = new java.util.Date(): null

2020-03-09 23:52:25 - [TEST_STEP][PASSED] - mydate = now.format("yyyyMMdd_HHmmss"): null

2020-03-09 23:52:25 - [TEST_STEP][PASSED] - screenPath = "../Screenshots/": null

2020-03-09 23:52:25 - [TEST_STEP][PASSED] - screenPath = screenPath + deviceName + "/" + productLine + "/" + carrierName + "/" + mydate + "/": null

2020-03-09 23:52:25 - [TEST_STEP][PASSED] - println(screenPath): null

2020-03-09 23:52:25 - [MESSAGE][PASSED] - Call Test Case 'Test Cases/AHI/_include/get_screenPath' successfully

2020-03-09 23:52:25 - [TEST_STEP][PASSED] - second = <not implemented yet for class: org.codehaus.groovy.ast.expr.EmptyExpression>: null

2020-03-09 23:52:25 - [TEST_STEP][PASSED] - openBrowser(env + "/medicare-medigap"): Browser is opened with url: 'http://pengujian.healthpocket.com/medicare-medigap'

2020-03-09 23:52:25 - [MESSAGE][WARNING] - A browser is already opened. Closing browser and opening a new one

2020-03-09 23:52:26 - [MESSAGE][INFO] - Starting 'Chrome' driver

2020-03-09 23:52:26 - [MESSAGE][INFO] - User set preference: ['mobileEmulation', '{deviceName=iPhone X}']

2020-03-09 23:52:26 - [MESSAGE][INFO] - User set preference: ['args', '[--incognito, --aggressive-cache-discard, --no-sandbox, --window-size=375,812, --ignore-certificate-errors]']

2020-03-09 23:52:30 - [MESSAGE][PASSED] - Browser is opened with url: 'http://pengujian.healthpocket.com/medicare-medigap'

2020-03-09 23:52:30 - [TEST_STEP][PASSED] - Thread.sleep(3000): null

2020-03-09 23:52:33 - [TEST_STEP][PASSED] - driver = getWebDriver(): null

2020-03-09 23:52:33 - [TEST_STEP][PASSED] - baseUrl = env: null

2020-03-09 23:52:33 - [TEST_STEP][PASSED] - selenium = new com.thoughtworks.selenium.webdriven.WebDriverBackedSelenium(driver, baseUrl): null

2020-03-09 23:52:33 - [TEST_STEP][PASSED] - for ([second = 0, second < 10, (second++)]): null

2020-03-09 23:52:33 - [TEST_STEP][PASSED] - try: null

2020-03-09 23:52:33 - [TEST_STEP][PASSED] - if (selenium.isElementPresent("id=location")): null

2020-03-09 23:52:33 - [TEST_STEP][PASSED] - break: null

2020-03-09 23:52:33 - [TEST_STEP][PASSED] - callTestCase(findTestCase("AHI/_include/get_screenshot"), [:], STOP_ON_FAILURE): Call Test Case 'Test Cases/AHI/_include/get_screenshot' successfully

2020-03-09 23:52:33 - [TEST_CASE][PASSED] - Test Cases/AHI/_include/get_screenshot: Test Cases/AHI/_include/get_screenshot

2020-03-09 23:52:33 - [TEST_STEP][PASSED] - Thread.sleep(1000): null

2020-03-09 23:52:34 - [TEST_STEP][PASSED] - takeScreenshot(screenPath + i + ".png"): Taking screenshot successfully

2020-03-09 23:52:35 - [MESSAGE][PASSED] - Taking screenshot successfully
[[ATTACHMENT|D:\\Test\\AgileTest\\Reports\\HP\\HP\\20200309_233514\\../Screenshots/iPhone X/HP/Medigap/20200309_235225/0.png]]

2020-03-09 23:52:35 - [TEST_STEP][PASSED] - (internal.GlobalVariable.i++): null

2020-03-09 23:52:35 - [MESSAGE][PASSED] - Call Test Case 'Test Cases/AHI/_include/get_screenshot' successfully

2020-03-09 23:52:35 - [TEST_STEP][PASSED] - selenium.type("id=location", "32209"): null

2020-03-09 23:52:35 - [TEST_STEP][PASSED] - selenium.click("id=findPlans"): null

2020-03-09 23:52:36 - [TEST_STEP][PASSED] - for ([second = 0, second < 10, (second++)]): null

2020-03-09 23:52:36 - [TEST_STEP][PASSED] - try: null

2020-03-09 23:52:36 - [TEST_STEP][PASSED] - if (selenium.isElementPresent("//a[contains(text(),'Select')]")): null

2020-03-09 23:52:36 - [TEST_STEP][PASSED] - Thread.sleep(1000): null

2020-03-09 23:52:37 - [TEST_STEP][PASSED] - try: null

2020-03-09 23:52:37 - [TEST_STEP][PASSED] - if (selenium.isElementPresent("//a[contains(text(),'Select')]")): null

2020-03-09 23:52:37 - [TEST_STEP][PASSED] - break: null

2020-03-09 23:52:37 - [TEST_STEP][PASSED] - callTestCase(findTestCase("AHI/_include/get_screenshot"), [:], STOP_ON_FAILURE): Call Test Case 'Test Cases/AHI/_include/get_screenshot' successfully

2020-03-09 23:52:37 - [TEST_CASE][PASSED] - Test Cases/AHI/_include/get_screenshot: Test Cases/AHI/_include/get_screenshot

2020-03-09 23:52:37 - [TEST_STEP][PASSED] - Thread.sleep(1000): null

2020-03-09 23:52:38 - [TEST_STEP][PASSED] - takeScreenshot(screenPath + i + ".png"): Taking screenshot successfully

2020-03-09 23:52:39 - [MESSAGE][PASSED] - Taking screenshot successfully
[[ATTACHMENT|D:\\Test\\AgileTest\\Reports\\HP\\HP\\20200309_233514\\../Screenshots/iPhone X/HP/Medigap/20200309_235225/1.png]]

2020-03-09 23:52:39 - [TEST_STEP][PASSED] - (internal.GlobalVariable.i++): null

2020-03-09 23:52:39 - [MESSAGE][PASSED] - Call Test Case 'Test Cases/AHI/_include/get_screenshot' successfully

2020-03-09 23:52:39 - [TEST_STEP][PASSED] - selenium.click("//a[contains(text(),'Select')]"): null

2020-03-09 23:52:39 - [TEST_STEP][PASSED] - for ([second = 0, second < 60, (second++)]): null

2020-03-09 23:52:39 - [TEST_STEP][PASSED] - try: null

2020-03-09 23:52:39 - [TEST_STEP][PASSED] - if (selenium.isElementPresent("//a/h2[contains(text(),'Plan Benefits')]")): null

2020-03-09 23:52:39 - [TEST_STEP][PASSED] - Thread.sleep(1000): null

2020-03-09 23:52:40 - [TEST_STEP][PASSED] - try: null

2020-03-09 23:52:40 - [TEST_STEP][PASSED] - if (selenium.isElementPresent("//a/h2[contains(text(),'Plan Benefits')]")): null

2020-03-09 23:52:41 - [TEST_STEP][PASSED] - break: null

2020-03-09 23:52:41 - [TEST_STEP][PASSED] - callTestCase(findTestCase("AHI/_include/get_screenshot"), [:], STOP_ON_FAILURE): Call Test Case 'Test Cases/AHI/_include/get_screenshot' successfully

2020-03-09 23:52:41 - [TEST_CASE][PASSED] - Test Cases/AHI/_include/get_screenshot: Test Cases/AHI/_include/get_screenshot

2020-03-09 23:52:41 - [TEST_STEP][PASSED] - Thread.sleep(1000): null

2020-03-09 23:52:42 - [TEST_STEP][PASSED] - takeScreenshot(screenPath + i + ".png"): Taking screenshot successfully

2020-03-09 23:52:42 - [MESSAGE][PASSED] - Taking screenshot successfully
[[ATTACHMENT|D:\\Test\\AgileTest\\Reports\\HP\\HP\\20200309_233514\\../Screenshots/iPhone X/HP/Medigap/20200309_235225/2.png]]

2020-03-09 23:52:42 - [TEST_STEP][PASSED] - (internal.GlobalVariable.i++): null

2020-03-09 23:52:42 - [MESSAGE][PASSED] - Call Test Case 'Test Cases/AHI/_include/get_screenshot' successfully]]></system-out>
         <system-err><![CDATA[]]></system-err>
      </testcase>
      <testcase name="Test Cases/HP/Health Plans/Small Business" classname="Test Cases/HP/Health Plans/Small Business" status="PASSED">
         <system-out><![CDATA[2020-03-09 23:52:42 - [TEST_CASE][PASSED] - Test Cases/HP/Health Plans/Small Business: Test Cases/HP/Health Plans/Small Business

2020-03-09 23:52:43 - [TEST_STEP][PASSED] - now = new java.util.Date(): null

2020-03-09 23:52:43 - [TEST_STEP][PASSED] - mydate = now.format("yyyyMMdd_HHmmss"): null

2020-03-09 23:52:43 - [TEST_STEP][PASSED] - i = 0: null

2020-03-09 23:52:43 - [TEST_STEP][PASSED] - callTestCase(findTestCase("AHI/_include/get_screenPath"), ["productLine":"HP", "carrierName":"Small Business"], CONTINUE_ON_FAILURE): Call Test Case 'Test Cases/AHI/_include/get_screenPath' successfully

2020-03-09 23:52:43 - [TEST_CASE][PASSED] - Test Cases/AHI/_include/get_screenPath: Test Cases/AHI/_include/get_screenPath

2020-03-09 23:52:43 - [TEST_STEP][PASSED] - m = getExecutionProperties(): null

2020-03-09 23:52:43 - [TEST_STEP][PASSED] - deviceName = get("mobileEmulation").get("deviceName"): null

2020-03-09 23:52:43 - [TEST_STEP][PASSED] - println(deviceName): null

2020-03-09 23:52:43 - [TEST_STEP][PASSED] - now = new java.util.Date(): null

2020-03-09 23:52:43 - [TEST_STEP][PASSED] - mydate = now.format("yyyyMMdd_HHmmss"): null

2020-03-09 23:52:43 - [TEST_STEP][PASSED] - screenPath = "../Screenshots/": null

2020-03-09 23:52:43 - [TEST_STEP][PASSED] - screenPath = screenPath + deviceName + "/" + productLine + "/" + carrierName + "/" + mydate + "/": null

2020-03-09 23:52:43 - [TEST_STEP][PASSED] - println(screenPath): null

2020-03-09 23:52:43 - [MESSAGE][PASSED] - Call Test Case 'Test Cases/AHI/_include/get_screenPath' successfully

2020-03-09 23:52:43 - [TEST_STEP][PASSED] - second = <not implemented yet for class: org.codehaus.groovy.ast.expr.EmptyExpression>: null

2020-03-09 23:52:43 - [TEST_STEP][PASSED] - openBrowser(env + "/small-business-health-insurance"): Browser is opened with url: 'http://pengujian.healthpocket.com/small-business-health-insurance'

2020-03-09 23:52:43 - [MESSAGE][WARNING] - A browser is already opened. Closing browser and opening a new one

2020-03-09 23:52:44 - [MESSAGE][INFO] - Starting 'Chrome' driver

2020-03-09 23:52:44 - [MESSAGE][INFO] - User set preference: ['mobileEmulation', '{deviceName=iPhone X}']

2020-03-09 23:52:44 - [MESSAGE][INFO] - User set preference: ['args', '[--incognito, --aggressive-cache-discard, --no-sandbox, --window-size=375,812, --ignore-certificate-errors]']

2020-03-09 23:52:47 - [MESSAGE][PASSED] - Browser is opened with url: 'http://pengujian.healthpocket.com/small-business-health-insurance'

2020-03-09 23:52:47 - [TEST_STEP][PASSED] - Thread.sleep(3000): null

2020-03-09 23:52:50 - [TEST_STEP][PASSED] - driver = getWebDriver(): null

2020-03-09 23:52:50 - [TEST_STEP][PASSED] - baseUrl = env: null

2020-03-09 23:52:50 - [TEST_STEP][PASSED] - selenium = new com.thoughtworks.selenium.webdriven.WebDriverBackedSelenium(driver, baseUrl): null

2020-03-09 23:52:50 - [TEST_STEP][PASSED] - for ([second = 0, second < 10, (second++)]): null

2020-03-09 23:52:50 - [TEST_STEP][PASSED] - try: null

2020-03-09 23:52:50 - [TEST_STEP][PASSED] - if (selenium.isElementPresent("id=location")): null

2020-03-09 23:52:50 - [TEST_STEP][PASSED] - break: null

2020-03-09 23:52:50 - [TEST_STEP][PASSED] - callTestCase(findTestCase("AHI/_include/get_screenshot"), [:], STOP_ON_FAILURE): Call Test Case 'Test Cases/AHI/_include/get_screenshot' successfully

2020-03-09 23:52:50 - [TEST_CASE][PASSED] - Test Cases/AHI/_include/get_screenshot: Test Cases/AHI/_include/get_screenshot

2020-03-09 23:52:50 - [TEST_STEP][PASSED] - Thread.sleep(1000): null

2020-03-09 23:52:51 - [TEST_STEP][PASSED] - takeScreenshot(screenPath + i + ".png"): Taking screenshot successfully

2020-03-09 23:52:53 - [MESSAGE][PASSED] - Taking screenshot successfully
[[ATTACHMENT|D:\\Test\\AgileTest\\Reports\\HP\\HP\\20200309_233514\\../Screenshots/iPhone X/HP/Small Business/20200309_235243/0.png]]

2020-03-09 23:52:53 - [TEST_STEP][PASSED] - (internal.GlobalVariable.i++): null

2020-03-09 23:52:53 - [MESSAGE][PASSED] - Call Test Case 'Test Cases/AHI/_include/get_screenshot' successfully

2020-03-09 23:52:53 - [TEST_STEP][PASSED] - selenium.type("id=location", "32209"): null

2020-03-09 23:52:53 - [TEST_STEP][PASSED] - selenium.click("id=findPlans"): null

2020-03-09 23:52:53 - [TEST_STEP][PASSED] - for ([second = 0, second < 10, (second++)]): null

2020-03-09 23:52:53 - [TEST_STEP][PASSED] - try: null

2020-03-09 23:52:53 - [TEST_STEP][PASSED] - if (selenium.isElementPresent("//a[contains(text(),'Select')]")): null

2020-03-09 23:52:53 - [TEST_STEP][PASSED] - Thread.sleep(1000): null

2020-03-09 23:52:54 - [TEST_STEP][PASSED] - try: null

2020-03-09 23:52:54 - [TEST_STEP][PASSED] - if (selenium.isElementPresent("//a[contains(text(),'Select')]")): null

2020-03-09 23:52:54 - [TEST_STEP][PASSED] - break: null

2020-03-09 23:52:54 - [TEST_STEP][PASSED] - callTestCase(findTestCase("AHI/_include/get_screenshot"), [:], STOP_ON_FAILURE): Call Test Case 'Test Cases/AHI/_include/get_screenshot' successfully

2020-03-09 23:52:54 - [TEST_CASE][PASSED] - Test Cases/AHI/_include/get_screenshot: Test Cases/AHI/_include/get_screenshot

2020-03-09 23:52:54 - [TEST_STEP][PASSED] - Thread.sleep(1000): null

2020-03-09 23:52:55 - [TEST_STEP][PASSED] - takeScreenshot(screenPath + i + ".png"): Taking screenshot successfully

2020-03-09 23:52:56 - [MESSAGE][PASSED] - Taking screenshot successfully
[[ATTACHMENT|D:\\Test\\AgileTest\\Reports\\HP\\HP\\20200309_233514\\../Screenshots/iPhone X/HP/Small Business/20200309_235243/1.png]]

2020-03-09 23:52:56 - [TEST_STEP][PASSED] - (internal.GlobalVariable.i++): null

2020-03-09 23:52:56 - [MESSAGE][PASSED] - Call Test Case 'Test Cases/AHI/_include/get_screenshot' successfully

2020-03-09 23:52:56 - [TEST_STEP][PASSED] - selenium.click("//a[contains(text(),'Select')]"): null

2020-03-09 23:52:57 - [TEST_STEP][PASSED] - for ([second = 0, second < 60, (second++)]): null

2020-03-09 23:52:57 - [TEST_STEP][PASSED] - try: null

2020-03-09 23:52:57 - [TEST_STEP][PASSED] - if (selenium.isElementPresent("//div/h2[contains(text(),'Ways to Enroll or Learn More')]")): null

2020-03-09 23:52:57 - [TEST_STEP][PASSED] - break: null

2020-03-09 23:52:57 - [TEST_STEP][PASSED] - callTestCase(findTestCase("AHI/_include/get_screenshot"), [:], STOP_ON_FAILURE): Call Test Case 'Test Cases/AHI/_include/get_screenshot' successfully

2020-03-09 23:52:57 - [TEST_CASE][PASSED] - Test Cases/AHI/_include/get_screenshot: Test Cases/AHI/_include/get_screenshot

2020-03-09 23:52:57 - [TEST_STEP][PASSED] - Thread.sleep(1000): null

2020-03-09 23:52:58 - [TEST_STEP][PASSED] - takeScreenshot(screenPath + i + ".png"): Taking screenshot successfully

2020-03-09 23:52:58 - [MESSAGE][PASSED] - Taking screenshot successfully
[[ATTACHMENT|D:\\Test\\AgileTest\\Reports\\HP\\HP\\20200309_233514\\../Screenshots/iPhone X/HP/Small Business/20200309_235243/2.png]]

2020-03-09 23:52:58 - [TEST_STEP][PASSED] - (internal.GlobalVariable.i++): null

2020-03-09 23:52:58 - [MESSAGE][PASSED] - Call Test Case 'Test Cases/AHI/_include/get_screenshot' successfully]]></system-out>
         <system-err><![CDATA[]]></system-err>
      </testcase>
      <testcase name="Test Cases/HP/Health Plans/STM" classname="Test Cases/HP/Health Plans/STM" status="PASSED">
         <system-out><![CDATA[2020-03-09 23:52:58 - [TEST_CASE][PASSED] - Test Cases/HP/Health Plans/STM: Test Cases/HP/Health Plans/STM

2020-03-09 23:52:59 - [TEST_STEP][PASSED] - now = new java.util.Date(): null

2020-03-09 23:52:59 - [TEST_STEP][PASSED] - mydate = now.format("yyyyMMdd_HHmmss"): null

2020-03-09 23:52:59 - [TEST_STEP][PASSED] - callTestCase(findTestCase("AHI/_include/get_screenPath"), ["productLine":"HP", "carrierName":"STM"], CONTINUE_ON_FAILURE): Call Test Case 'Test Cases/AHI/_include/get_screenPath' successfully

2020-03-09 23:52:59 - [TEST_CASE][PASSED] - Test Cases/AHI/_include/get_screenPath: Test Cases/AHI/_include/get_screenPath

2020-03-09 23:52:59 - [TEST_STEP][PASSED] - m = getExecutionProperties(): null

2020-03-09 23:52:59 - [TEST_STEP][PASSED] - deviceName = get("mobileEmulation").get("deviceName"): null

2020-03-09 23:52:59 - [TEST_STEP][PASSED] - println(deviceName): null

2020-03-09 23:52:59 - [TEST_STEP][PASSED] - now = new java.util.Date(): null

2020-03-09 23:52:59 - [TEST_STEP][PASSED] - mydate = now.format("yyyyMMdd_HHmmss"): null

2020-03-09 23:52:59 - [TEST_STEP][PASSED] - screenPath = "../Screenshots/": null

2020-03-09 23:52:59 - [TEST_STEP][PASSED] - screenPath = screenPath + deviceName + "/" + productLine + "/" + carrierName + "/" + mydate + "/": null

2020-03-09 23:52:59 - [TEST_STEP][PASSED] - println(screenPath): null

2020-03-09 23:52:59 - [MESSAGE][PASSED] - Call Test Case 'Test Cases/AHI/_include/get_screenPath' successfully

2020-03-09 23:52:59 - [TEST_STEP][PASSED] - i = 0: null

2020-03-09 23:52:59 - [TEST_STEP][PASSED] - openBrowser(env + "/short-term-health-insurance"): Browser is opened with url: 'http://pengujian.healthpocket.com/short-term-health-insurance'

2020-03-09 23:52:59 - [MESSAGE][WARNING] - A browser is already opened. Closing browser and opening a new one

2020-03-09 23:52:59 - [MESSAGE][INFO] - Starting 'Chrome' driver

2020-03-09 23:52:59 - [MESSAGE][INFO] - User set preference: ['mobileEmulation', '{deviceName=iPhone X}']

2020-03-09 23:52:59 - [MESSAGE][INFO] - User set preference: ['args', '[--incognito, --aggressive-cache-discard, --no-sandbox, --window-size=375,812, --ignore-certificate-errors]']

2020-03-09 23:53:02 - [MESSAGE][PASSED] - Browser is opened with url: 'http://pengujian.healthpocket.com/short-term-health-insurance'

2020-03-09 23:53:02 - [TEST_STEP][PASSED] - driver = getWebDriver(): null

2020-03-09 23:53:02 - [TEST_STEP][PASSED] - baseUrl = env: null

2020-03-09 23:53:02 - [TEST_STEP][PASSED] - selenium = new com.thoughtworks.selenium.webdriven.WebDriverBackedSelenium(driver, baseUrl): null

2020-03-09 23:53:03 - [TEST_STEP][PASSED] - selenium.click("id=location"): null

2020-03-09 23:53:03 - [TEST_STEP][PASSED] - selenium.type("id=location", "32209"): null

2020-03-09 23:53:03 - [TEST_STEP][PASSED] - callTestCase(findTestCase("AHI/_include/get_screenshot"), [:], STOP_ON_FAILURE): Call Test Case 'Test Cases/AHI/_include/get_screenshot' successfully

2020-03-09 23:53:03 - [TEST_CASE][PASSED] - Test Cases/AHI/_include/get_screenshot: Test Cases/AHI/_include/get_screenshot

2020-03-09 23:53:03 - [TEST_STEP][PASSED] - Thread.sleep(1000): null

2020-03-09 23:53:04 - [TEST_STEP][PASSED] - takeScreenshot(screenPath + i + ".png"): Taking screenshot successfully

2020-03-09 23:53:05 - [MESSAGE][PASSED] - Taking screenshot successfully
[[ATTACHMENT|D:\\Test\\AgileTest\\Reports\\HP\\HP\\20200309_233514\\../Screenshots/iPhone X/HP/STM/20200309_235259/0.png]]

2020-03-09 23:53:05 - [TEST_STEP][PASSED] - (internal.GlobalVariable.i++): null

2020-03-09 23:53:05 - [MESSAGE][PASSED] - Call Test Case 'Test Cases/AHI/_include/get_screenshot' successfully

2020-03-09 23:53:05 - [TEST_STEP][PASSED] - selenium.click("id=findPlans"): null

2020-03-09 23:53:05 - [TEST_STEP][PASSED] - for ([second = 0, second < 10, (second++)]): null

2020-03-09 23:53:05 - [TEST_STEP][PASSED] - try: null

2020-03-09 23:53:05 - [TEST_STEP][PASSED] - if (selenium.isElementPresent("//a[contains(text(),'Select')]")): null

2020-03-09 23:53:05 - [TEST_STEP][PASSED] - Thread.sleep(1000): null

2020-03-09 23:53:06 - [TEST_STEP][PASSED] - try: null

2020-03-09 23:53:06 - [TEST_STEP][PASSED] - if (selenium.isElementPresent("//a[contains(text(),'Select')]")): null

2020-03-09 23:53:06 - [TEST_STEP][PASSED] - Thread.sleep(1000): null

2020-03-09 23:53:07 - [TEST_STEP][PASSED] - try: null

2020-03-09 23:53:07 - [TEST_STEP][PASSED] - if (selenium.isElementPresent("//a[contains(text(),'Select')]")): null

2020-03-09 23:53:07 - [TEST_STEP][PASSED] - Thread.sleep(1000): null

2020-03-09 23:53:08 - [TEST_STEP][PASSED] - try: null

2020-03-09 23:53:08 - [TEST_STEP][PASSED] - if (selenium.isElementPresent("//a[contains(text(),'Select')]")): null

2020-03-09 23:53:08 - [TEST_STEP][PASSED] - Thread.sleep(1000): null

2020-03-09 23:53:09 - [TEST_STEP][PASSED] - try: null

2020-03-09 23:53:09 - [TEST_STEP][PASSED] - if (selenium.isElementPresent("//a[contains(text(),'Select')]")): null

2020-03-09 23:53:09 - [TEST_STEP][PASSED] - Thread.sleep(1000): null

2020-03-09 23:53:10 - [TEST_STEP][PASSED] - try: null

2020-03-09 23:53:10 - [TEST_STEP][PASSED] - if (selenium.isElementPresent("//a[contains(text(),'Select')]")): null

2020-03-09 23:53:10 - [TEST_STEP][PASSED] - Thread.sleep(1000): null

2020-03-09 23:53:11 - [TEST_STEP][PASSED] - try: null

2020-03-09 23:53:11 - [TEST_STEP][PASSED] - if (selenium.isElementPresent("//a[contains(text(),'Select')]")): null

2020-03-09 23:53:11 - [TEST_STEP][PASSED] - Thread.sleep(1000): null

2020-03-09 23:53:12 - [TEST_STEP][PASSED] - try: null

2020-03-09 23:53:12 - [TEST_STEP][PASSED] - if (selenium.isElementPresent("//a[contains(text(),'Select')]")): null

2020-03-09 23:53:12 - [TEST_STEP][PASSED] - Thread.sleep(1000): null

2020-03-09 23:53:13 - [TEST_STEP][PASSED] - try: null

2020-03-09 23:53:13 - [TEST_STEP][PASSED] - if (selenium.isElementPresent("//a[contains(text(),'Select')]")): null

2020-03-09 23:53:13 - [TEST_STEP][PASSED] - Thread.sleep(1000): null

2020-03-09 23:53:14 - [TEST_STEP][PASSED] - try: null

2020-03-09 23:53:14 - [TEST_STEP][PASSED] - if (selenium.isElementPresent("//a[contains(text(),'Select')]")): null

2020-03-09 23:53:14 - [TEST_STEP][PASSED] - Thread.sleep(1000): null

2020-03-09 23:53:15 - [TEST_STEP][PASSED] - callTestCase(findTestCase("AHI/_include/get_screenshot"), [:], STOP_ON_FAILURE): Call Test Case 'Test Cases/AHI/_include/get_screenshot' successfully

2020-03-09 23:53:15 - [TEST_CASE][PASSED] - Test Cases/AHI/_include/get_screenshot: Test Cases/AHI/_include/get_screenshot

2020-03-09 23:53:15 - [TEST_STEP][PASSED] - Thread.sleep(1000): null

2020-03-09 23:53:16 - [TEST_STEP][PASSED] - takeScreenshot(screenPath + i + ".png"): Taking screenshot successfully

2020-03-09 23:53:17 - [MESSAGE][PASSED] - Taking screenshot successfully
[[ATTACHMENT|D:\\Test\\AgileTest\\Reports\\HP\\HP\\20200309_233514\\../Screenshots/iPhone X/HP/STM/20200309_235259/1.png]]

2020-03-09 23:53:17 - [TEST_STEP][PASSED] - (internal.GlobalVariable.i++): null

2020-03-09 23:53:17 - [MESSAGE][PASSED] - Call Test Case 'Test Cases/AHI/_include/get_screenshot' successfully]]></system-out>
         <system-err><![CDATA[]]></system-err>
      </testcase>
      <testcase name="Test Cases/HP/Home/Home" classname="Test Cases/HP/Home/Home" status="PASSED">
         <system-out><![CDATA[2020-03-09 23:53:17 - [TEST_CASE][PASSED] - Test Cases/HP/Home/Home: Test Cases/HP/Home/Home

2020-03-09 23:53:17 - [TEST_STEP][PASSED] - now = new java.util.Date(): null

2020-03-09 23:53:17 - [TEST_STEP][PASSED] - mydate = now.format("yyyyMMdd_HHmmss"): null

2020-03-09 23:53:17 - [TEST_STEP][PASSED] - callTestCase(findTestCase("AHI/_include/get_screenPath"), ["productLine":"HP", "carrierName":"Home"], CONTINUE_ON_FAILURE): Call Test Case 'Test Cases/AHI/_include/get_screenPath' successfully

2020-03-09 23:53:17 - [TEST_CASE][PASSED] - Test Cases/AHI/_include/get_screenPath: Test Cases/AHI/_include/get_screenPath

2020-03-09 23:53:17 - [TEST_STEP][PASSED] - m = getExecutionProperties(): null

2020-03-09 23:53:17 - [TEST_STEP][PASSED] - deviceName = get("mobileEmulation").get("deviceName"): null

2020-03-09 23:53:17 - [TEST_STEP][PASSED] - println(deviceName): null

2020-03-09 23:53:17 - [TEST_STEP][PASSED] - now = new java.util.Date(): null

2020-03-09 23:53:17 - [TEST_STEP][PASSED] - mydate = now.format("yyyyMMdd_HHmmss"): null

2020-03-09 23:53:17 - [TEST_STEP][PASSED] - screenPath = "../Screenshots/": null

2020-03-09 23:53:17 - [TEST_STEP][PASSED] - screenPath = screenPath + deviceName + "/" + productLine + "/" + carrierName + "/" + mydate + "/": null

2020-03-09 23:53:17 - [TEST_STEP][PASSED] - println(screenPath): null

2020-03-09 23:53:17 - [MESSAGE][PASSED] - Call Test Case 'Test Cases/AHI/_include/get_screenPath' successfully

2020-03-09 23:53:17 - [TEST_STEP][PASSED] - i = 0: null

2020-03-09 23:53:17 - [TEST_STEP][PASSED] - openBrowser(env): Browser is opened with url: 'http://pengujian.healthpocket.com'

2020-03-09 23:53:17 - [MESSAGE][WARNING] - A browser is already opened. Closing browser and opening a new one

2020-03-09 23:53:18 - [MESSAGE][INFO] - Starting 'Chrome' driver

2020-03-09 23:53:18 - [MESSAGE][INFO] - User set preference: ['mobileEmulation', '{deviceName=iPhone X}']

2020-03-09 23:53:18 - [MESSAGE][INFO] - User set preference: ['args', '[--incognito, --aggressive-cache-discard, --no-sandbox, --window-size=375,812, --ignore-certificate-errors]']

2020-03-09 23:53:20 - [MESSAGE][PASSED] - Browser is opened with url: 'http://pengujian.healthpocket.com'

2020-03-09 23:53:20 - [TEST_STEP][PASSED] - Thread.sleep(3000): null

2020-03-09 23:53:23 - [TEST_STEP][PASSED] - callTestCase(findTestCase("AHI/_include/get_screenshot"), [:], STOP_ON_FAILURE): Call Test Case 'Test Cases/AHI/_include/get_screenshot' successfully

2020-03-09 23:53:23 - [TEST_CASE][PASSED] - Test Cases/AHI/_include/get_screenshot: Test Cases/AHI/_include/get_screenshot

2020-03-09 23:53:23 - [TEST_STEP][PASSED] - Thread.sleep(1000): null

2020-03-09 23:53:24 - [TEST_STEP][PASSED] - takeScreenshot(screenPath + i + ".png"): Taking screenshot successfully

2020-03-09 23:53:25 - [MESSAGE][PASSED] - Taking screenshot successfully
[[ATTACHMENT|D:\\Test\\AgileTest\\Reports\\HP\\HP\\20200309_233514\\../Screenshots/iPhone X/HP/Home/20200309_235317/0.png]]

2020-03-09 23:53:25 - [TEST_STEP][PASSED] - (internal.GlobalVariable.i++): null

2020-03-09 23:53:25 - [MESSAGE][PASSED] - Call Test Case 'Test Cases/AHI/_include/get_screenshot' successfully]]></system-out>
         <system-err><![CDATA[]]></system-err>
      </testcase>
      <system-out><![CDATA[2020-03-09 23:50:47 - [TEST_SUITE][ERROR] - HP: Test Cases/HP/Health Plans/ACA FAILED.
Reason:
com.thoughtworks.selenium.SeleniumException: Element //a[contains(text(),'Select')] not found
	at com.thoughtworks.selenium.webdriven.ElementFinder.findElement(ElementFinder.java:93)
	at com.thoughtworks.selenium.webdriven.commands.Click.handleSeleneseCommand(Click.java:39)
	at com.thoughtworks.selenium.webdriven.commands.Click.handleSeleneseCommand(Click.java:26)
	at com.thoughtworks.selenium.webdriven.SeleneseCommand.apply(SeleneseCommand.java:36)
	at com.thoughtworks.selenium.webdriven.Timer.run(Timer.java:41)
	at com.thoughtworks.selenium.webdriven.WebDriverCommandProcessor.execute(WebDriverCommandProcessor.java:150)
	at com.thoughtworks.selenium.webdriven.WebDriverCommandProcessor.doCommand(WebDriverCommandProcessor.java:76)
	at com.thoughtworks.selenium.DefaultSelenium.click(DefaultSelenium.java:198)
	at com.thoughtworks.selenium.Selenium$click$0.call(Unknown Source)
	at ACA.run(ACA:134)
	at com.kms.katalon.core.main.ScriptEngine.run(ScriptEngine.java:194)
	at com.kms.katalon.core.main.ScriptEngine.runScriptAsRawText(ScriptEngine.java:119)
	at com.kms.katalon.core.main.TestCaseExecutor.runScript(TestCaseExecutor.java:328)
	at com.kms.katalon.core.main.TestCaseExecutor.doExecute(TestCaseExecutor.java:319)
	at com.kms.katalon.core.main.TestCaseExecutor.processExecutionPhase(TestCaseExecutor.java:298)
	at com.kms.katalon.core.main.TestCaseExecutor.accessMainPhase(TestCaseExecutor.java:290)
	at com.kms.katalon.core.main.TestCaseExecutor.execute(TestCaseExecutor.java:224)
	at com.kms.katalon.core.main.TestSuiteExecutor.accessTestCaseMainPhase(TestSuiteExecutor.java:129)
	at com.kms.katalon.core.main.TestSuiteExecutor.accessTestSuiteMainPhase(TestSuiteExecutor.java:112)
	at com.kms.katalon.core.main.TestSuiteExecutor.execute(TestSuiteExecutor.java:81)
	at com.kms.katalon.core.main.TestCaseMain.startTestSuite(TestCaseMain.java:149)
	at com.kms.katalon.core.main.TestCaseMain$startTestSuite$0.call(Unknown Source)
	at TempTestSuite1583811314970.run(TempTestSuite1583811314970.groovy:36)
Caused by: org.openqa.selenium.NoSuchElementException: Cannot find an element with the xpath: //a[contains(text(),'Select')]
For documentation on this error, please visit: http://seleniumhq.org/exceptions/no_such_element.html
Build info: version: '3.7.1', revision: '8a0099a', time: '2017-11-06T21:07:36.161Z'
System info: host: 'WIN-U215233FMVE', ip: '172.30.0.53', os.name: 'Windows Server 2012 R2', os.arch: 'amd64', os.version: '6.3', java.version: '1.8.0_181'
Driver info: driver.version: unknown
	at com.thoughtworks.selenium.webdriven.ElementFinder.xpathWizardry(ElementFinder.java:143)
	at com.thoughtworks.selenium.webdriven.ElementFinder.findElementDirectlyIfNecessary(ElementFinder.java:117)
	at com.thoughtworks.selenium.webdriven.ElementFinder.findElement(ElementFinder.java:87)
	at com.thoughtworks.selenium.webdriven.commands.Click.handleSeleneseCommand(Click.java:39)
	at com.thoughtworks.selenium.webdriven.commands.Click.handleSeleneseCommand(Click.java:26)
	at com.thoughtworks.selenium.webdriven.SeleneseCommand.apply(SeleneseCommand.java:36)
	at com.thoughtworks.selenium.webdriven.Timer.run(Timer.java:41)
	at com.thoughtworks.selenium.webdriven.WebDriverCommandProcessor.execute(WebDriverCommandProcessor.java:150)
	at com.thoughtworks.selenium.webdriven.WebDriverCommandProcessor.doCommand(WebDriverCommandProcessor.java:76)
	at com.thoughtworks.selenium.DefaultSelenium.click(DefaultSelenium.java:198)
	at com.thoughtworks.selenium.Selenium$click$0.call(Unknown Source)
	at Script1575603847168.run(Script1575603847168.groovy:134)
	... 13 more]]></system-out>
      <system-err><![CDATA[2020-03-09 23:50:47 - [TEST_SUITE][ERROR] - HP: Test Cases/HP/Health Plans/ACA FAILED.
Reason:
com.thoughtworks.selenium.SeleniumException: Element //a[contains(text(),'Select')] not found
	at com.thoughtworks.selenium.webdriven.ElementFinder.findElement(ElementFinder.java:93)
	at com.thoughtworks.selenium.webdriven.commands.Click.handleSeleneseCommand(Click.java:39)
	at com.thoughtworks.selenium.webdriven.commands.Click.handleSeleneseCommand(Click.java:26)
	at com.thoughtworks.selenium.webdriven.SeleneseCommand.apply(SeleneseCommand.java:36)
	at com.thoughtworks.selenium.webdriven.Timer.run(Timer.java:41)
	at com.thoughtworks.selenium.webdriven.WebDriverCommandProcessor.execute(WebDriverCommandProcessor.java:150)
	at com.thoughtworks.selenium.webdriven.WebDriverCommandProcessor.doCommand(WebDriverCommandProcessor.java:76)
	at com.thoughtworks.selenium.DefaultSelenium.click(DefaultSelenium.java:198)
	at com.thoughtworks.selenium.Selenium$click$0.call(Unknown Source)
	at ACA.run(ACA:134)
	at com.kms.katalon.core.main.ScriptEngine.run(ScriptEngine.java:194)
	at com.kms.katalon.core.main.ScriptEngine.runScriptAsRawText(ScriptEngine.java:119)
	at com.kms.katalon.core.main.TestCaseExecutor.runScript(TestCaseExecutor.java:328)
	at com.kms.katalon.core.main.TestCaseExecutor.doExecute(TestCaseExecutor.java:319)
	at com.kms.katalon.core.main.TestCaseExecutor.processExecutionPhase(TestCaseExecutor.java:298)
	at com.kms.katalon.core.main.TestCaseExecutor.accessMainPhase(TestCaseExecutor.java:290)
	at com.kms.katalon.core.main.TestCaseExecutor.execute(TestCaseExecutor.java:224)
	at com.kms.katalon.core.main.TestSuiteExecutor.accessTestCaseMainPhase(TestSuiteExecutor.java:129)
	at com.kms.katalon.core.main.TestSuiteExecutor.accessTestSuiteMainPhase(TestSuiteExecutor.java:112)
	at com.kms.katalon.core.main.TestSuiteExecutor.execute(TestSuiteExecutor.java:81)
	at com.kms.katalon.core.main.TestCaseMain.startTestSuite(TestCaseMain.java:149)
	at com.kms.katalon.core.main.TestCaseMain$startTestSuite$0.call(Unknown Source)
	at TempTestSuite1583811314970.run(TempTestSuite1583811314970.groovy:36)
Caused by: org.openqa.selenium.NoSuchElementException: Cannot find an element with the xpath: //a[contains(text(),'Select')]
For documentation on this error, please visit: http://seleniumhq.org/exceptions/no_such_element.html
Build info: version: '3.7.1', revision: '8a0099a', time: '2017-11-06T21:07:36.161Z'
System info: host: 'WIN-U215233FMVE', ip: '172.30.0.53', os.name: 'Windows Server 2012 R2', os.arch: 'amd64', os.version: '6.3', java.version: '1.8.0_181'
Driver info: driver.version: unknown
	at com.thoughtworks.selenium.webdriven.ElementFinder.xpathWizardry(ElementFinder.java:143)
	at com.thoughtworks.selenium.webdriven.ElementFinder.findElementDirectlyIfNecessary(ElementFinder.java:117)
	at com.thoughtworks.selenium.webdriven.ElementFinder.findElement(ElementFinder.java:87)
	at com.thoughtworks.selenium.webdriven.commands.Click.handleSeleneseCommand(Click.java:39)
	at com.thoughtworks.selenium.webdriven.commands.Click.handleSeleneseCommand(Click.java:26)
	at com.thoughtworks.selenium.webdriven.SeleneseCommand.apply(SeleneseCommand.java:36)
	at com.thoughtworks.selenium.webdriven.Timer.run(Timer.java:41)
	at com.thoughtworks.selenium.webdriven.WebDriverCommandProcessor.execute(WebDriverCommandProcessor.java:150)
	at com.thoughtworks.selenium.webdriven.WebDriverCommandProcessor.doCommand(WebDriverCommandProcessor.java:76)
	at com.thoughtworks.selenium.DefaultSelenium.click(DefaultSelenium.java:198)
	at com.thoughtworks.selenium.Selenium$click$0.call(Unknown Source)
	at Script1575603847168.run(Script1575603847168.groovy:134)
	... 13 more]]></system-err>
   </testsuite>
</testsuites>
