<?xml version="1.0" encoding="UTF-8"?>
<testsuites name="stm" time="814" tests="7" failures="1" errors="0">
   <testsuite name="stm" tests="7" failures="1" errors="0" time="814" timestamp="2019-08-29 08:03:08" hostname="Administrator - 172.30.0.53" id="Test Suites/mobileWeb/stm">
      <properties>
         <property name="deviceName" value=""/>
         <property name="devicePlatform" value=""/>
         <property name="logFolder" value="D:\\Test\\AgileTest\\Reports\\mobileWeb\\stm\\20190829_080037"/>
         <property name="logFiles" value="D:\\Test\\AgileTest\\Reports\\mobileWeb\\stm\\20190829_080037\\execution0.log"/>
         <property name="attachments" value="D:\\Test\\AgileTest\\Reports\\mobileWeb\\stm\\20190829_080037\\../Screenshots/iPhone 6/stm/Salico/standard/0.png, D:\\Test\\AgileTest\\Reports\\mobileWeb\\stm\\20190829_080037\\../Screenshots/iPhone 6/stm/Salico/standard/1.png, D:\\Test\\AgileTest\\Reports\\mobileWeb\\stm\\20190829_080037\\../Screenshots/iPhone 6/stm/Salico/standard/2.png, D:\\Test\\AgileTest\\Reports\\mobileWeb\\stm\\20190829_080037\\../Screenshots/iPhone 6/stm/Salico/standard/3.png, D:\\Test\\AgileTest\\Reports\\mobileWeb\\stm\\20190829_080037\\../Screenshots/iPhone 6/stm/Salico/standard/4.png, D:\\Test\\AgileTest\\Reports\\mobileWeb\\stm\\20190829_080037\\../Screenshots/iPhone 6/stm/Salico/standard/5.png, D:\\Test\\AgileTest\\Reports\\mobileWeb\\stm\\20190829_080037\\../Screenshots/iPhone 6/stm/Salico/standard/6.png, D:\\Test\\AgileTest\\Reports\\mobileWeb\\stm\\20190829_080037\\1567080257789.png, D:\\Test\\AgileTest\\Reports\\mobileWeb\\stm\\20190829_080037\\../Screenshots/iPhone 6/stm/Salico/standard/7.png, D:\\Test\\AgileTest\\Reports\\mobileWeb\\stm\\20190829_080037\\../Screenshots/iPhone 6/stm/Salico/standard/8.png, D:\\Test\\AgileTest\\Reports\\mobileWeb\\stm\\20190829_080037\\../Screenshots/iPhone 6/stm/Salico/standard/9.png, D:\\Test\\AgileTest\\Reports\\mobileWeb\\stm\\20190829_080037\\../Screenshots/iPhone 6/stm/Salico/standard/10.png, D:\\Test\\AgileTest\\Reports\\mobileWeb\\stm\\20190829_080037\\../Screenshots/iPhone 6/stm/AdvantHealth/standard/0.png, D:\\Test\\AgileTest\\Reports\\mobileWeb\\stm\\20190829_080037\\../Screenshots/iPhone 6/stm/AdvantHealth/standard/1.png, D:\\Test\\AgileTest\\Reports\\mobileWeb\\stm\\20190829_080037\\../Screenshots/iPhone 6/stm/AdvantHealth/standard/2.png, D:\\Test\\AgileTest\\Reports\\mobileWeb\\stm\\20190829_080037\\../Screenshots/iPhone 6/stm/AdvantHealth/standard/3.png, D:\\Test\\AgileTest\\Reports\\mobileWeb\\stm\\20190829_080037\\../Screenshots/iPhone 6/stm/AdvantHealth/standard/4.png, D:\\Test\\AgileTest\\Reports\\mobileWeb\\stm\\20190829_080037\\../Screenshots/iPhone 6/stm/AdvantHealth/standard/5.png, D:\\Test\\AgileTest\\Reports\\mobileWeb\\stm\\20190829_080037\\../Screenshots/iPhone 6/stm/AdvantHealth/standard/6.png, D:\\Test\\AgileTest\\Reports\\mobileWeb\\stm\\20190829_080037\\../Screenshots/iPhone 6/stm/AdvantHealth/standard/7.png, D:\\Test\\AgileTest\\Reports\\mobileWeb\\stm\\20190829_080037\\../Screenshots/iPhone 6/stm/AdvantHealth/standard/8.png, D:\\Test\\AgileTest\\Reports\\mobileWeb\\stm\\20190829_080037\\../Screenshots/iPhone 6/stm/AdvantHealth/standard/9.png, D:\\Test\\AgileTest\\Reports\\mobileWeb\\stm\\20190829_080037\\../Screenshots/iPhone 6/stm/AdvantHealth/standard/10.png, D:\\Test\\AgileTest\\Reports\\mobileWeb\\stm\\20190829_080037\\../Screenshots/iPhone 6/stm/AdvantHealth/standard/11.png, D:\\Test\\AgileTest\\Reports\\mobileWeb\\stm\\20190829_080037\\../Screenshots/iPhone 6/stm/Companion/standard/0.png, D:\\Test\\AgileTest\\Reports\\mobileWeb\\stm\\20190829_080037\\../Screenshots/iPhone 6/stm/Companion/standard/1.png, D:\\Test\\AgileTest\\Reports\\mobileWeb\\stm\\20190829_080037\\../Screenshots/iPhone 6/stm/Companion/standard/2.png, D:\\Test\\AgileTest\\Reports\\mobileWeb\\stm\\20190829_080037\\../Screenshots/iPhone 6/stm/Companion/standard/3.png, D:\\Test\\AgileTest\\Reports\\mobileWeb\\stm\\20190829_080037\\../Screenshots/iPhone 6/stm/Companion/standard/4.png, D:\\Test\\AgileTest\\Reports\\mobileWeb\\stm\\20190829_080037\\../Screenshots/iPhone 6/stm/Companion/standard/5.png, D:\\Test\\AgileTest\\Reports\\mobileWeb\\stm\\20190829_080037\\../Screenshots/iPhone 6/stm/Companion/standard/6.png, D:\\Test\\AgileTest\\Reports\\mobileWeb\\stm\\20190829_080037\\1567080460468.png, D:\\Test\\AgileTest\\Reports\\mobileWeb\\stm\\20190829_080037\\../Screenshots/iPhone 6/stm/Companion/standard/7.png, D:\\Test\\AgileTest\\Reports\\mobileWeb\\stm\\20190829_080037\\../Screenshots/iPhone 6/stm/Companion/standard/8.png, D:\\Test\\AgileTest\\Reports\\mobileWeb\\stm\\20190829_080037\\../Screenshots/iPhone 6/stm/Companion/standard/9.png, D:\\Test\\AgileTest\\Reports\\mobileWeb\\stm\\20190829_080037\\../Screenshots/iPhone 6/stm/Companion/standard/10.png, D:\\Test\\AgileTest\\Reports\\mobileWeb\\stm\\20190829_080037\\../Screenshots/iPhone 6/stm/Everest/standard/0.png, D:\\Test\\AgileTest\\Reports\\mobileWeb\\stm\\20190829_080037\\../Screenshots/iPhone 6/stm/Everest/standard/1.png, D:\\Test\\AgileTest\\Reports\\mobileWeb\\stm\\20190829_080037\\../Screenshots/iPhone 6/stm/Everest/standard/2.png, D:\\Test\\AgileTest\\Reports\\mobileWeb\\stm\\20190829_080037\\../Screenshots/iPhone 6/stm/Everest/standard/3.png, D:\\Test\\AgileTest\\Reports\\mobileWeb\\stm\\20190829_080037\\../Screenshots/iPhone 6/stm/Everest/standard/4.png, D:\\Test\\AgileTest\\Reports\\mobileWeb\\stm\\20190829_080037\\../Screenshots/iPhone 6/stm/Everest/standard/5.png, D:\\Test\\AgileTest\\Reports\\mobileWeb\\stm\\20190829_080037\\../Screenshots/iPhone 6/stm/Everest/standard/6.png, D:\\Test\\AgileTest\\Reports\\mobileWeb\\stm\\20190829_080037\\1567080562994.png, D:\\Test\\AgileTest\\Reports\\mobileWeb\\stm\\20190829_080037\\../Screenshots/iPhone 6/stm/Everest/standard/7.png, D:\\Test\\AgileTest\\Reports\\mobileWeb\\stm\\20190829_080037\\../Screenshots/iPhone 6/stm/Everest/standard/8.png, D:\\Test\\AgileTest\\Reports\\mobileWeb\\stm\\20190829_080037\\../Screenshots/iPhone 6/stm/Everest/standard/9.png, D:\\Test\\AgileTest\\Reports\\mobileWeb\\stm\\20190829_080037\\../Screenshots/iPhone 6/stm/Everest/standard/10.png, D:\\Test\\AgileTest\\Reports\\mobileWeb\\stm\\20190829_080037\\../Screenshots/iPhone 6/stm/Everest Prime/standard/0.png, D:\\Test\\AgileTest\\Reports\\mobileWeb\\stm\\20190829_080037\\../Screenshots/iPhone 6/stm/Everest Prime/standard/1.png, D:\\Test\\AgileTest\\Reports\\mobileWeb\\stm\\20190829_080037\\../Screenshots/iPhone 6/stm/Everest Prime/standard/2.png, D:\\Test\\AgileTest\\Reports\\mobileWeb\\stm\\20190829_080037\\../Screenshots/iPhone 6/stm/Everest Prime/standard/3.png, D:\\Test\\AgileTest\\Reports\\mobileWeb\\stm\\20190829_080037\\../Screenshots/iPhone 6/stm/Everest Prime/standard/4.png, D:\\Test\\AgileTest\\Reports\\mobileWeb\\stm\\20190829_080037\\../Screenshots/iPhone 6/stm/Everest Prime/standard/5.png, D:\\Test\\AgileTest\\Reports\\mobileWeb\\stm\\20190829_080037\\../Screenshots/iPhone 6/stm/Everest Prime/standard/6.png, D:\\Test\\AgileTest\\Reports\\mobileWeb\\stm\\20190829_080037\\1567080647007.png, D:\\Test\\AgileTest\\Reports\\mobileWeb\\stm\\20190829_080037\\../Screenshots/iPhone 6/stm/Everest Prime/standard/7.png, D:\\Test\\AgileTest\\Reports\\mobileWeb\\stm\\20190829_080037\\../Screenshots/iPhone 6/stm/Everest Prime/standard/8.png, D:\\Test\\AgileTest\\Reports\\mobileWeb\\stm\\20190829_080037\\../Screenshots/iPhone 6/stm/Everest Prime/standard/9.png, D:\\Test\\AgileTest\\Reports\\mobileWeb\\stm\\20190829_080037\\../Screenshots/iPhone 6/stm/Everest Prime/standard/10.png, D:\\Test\\AgileTest\\Reports\\mobileWeb\\stm\\20190829_080037\\../Screenshots/iPhone 6/stm/LifeShield/standard/0.png, D:\\Test\\AgileTest\\Reports\\mobileWeb\\stm\\20190829_080037\\../Screenshots/iPhone 6/stm/LifeShield/standard/1.png, D:\\Test\\AgileTest\\Reports\\mobileWeb\\stm\\20190829_080037\\../Screenshots/iPhone 6/stm/LifeShield/standard/2.png, D:\\Test\\AgileTest\\Reports\\mobileWeb\\stm\\20190829_080037\\../Screenshots/iPhone 6/stm/LifeShield/standard/3.png, D:\\Test\\AgileTest\\Reports\\mobileWeb\\stm\\20190829_080037\\../Screenshots/iPhone 6/stm/LifeShield/standard/4.png, D:\\Test\\AgileTest\\Reports\\mobileWeb\\stm\\20190829_080037\\../Screenshots/iPhone 6/stm/LifeShield/standard/5.png, D:\\Test\\AgileTest\\Reports\\mobileWeb\\stm\\20190829_080037\\../Screenshots/iPhone 6/stm/LifeShield/standard/6.png, D:\\Test\\AgileTest\\Reports\\mobileWeb\\stm\\20190829_080037\\1567080728550.png, D:\\Test\\AgileTest\\Reports\\mobileWeb\\stm\\20190829_080037\\../Screenshots/iPhone 6/stm/LifeShield/standard/7.png, D:\\Test\\AgileTest\\Reports\\mobileWeb\\stm\\20190829_080037\\../Screenshots/iPhone 6/stm/LifeShield/standard/8.png, D:\\Test\\AgileTest\\Reports\\mobileWeb\\stm\\20190829_080037\\../Screenshots/iPhone 6/stm/LifeShield/standard/9.png, D:\\Test\\AgileTest\\Reports\\mobileWeb\\stm\\20190829_080037\\../Screenshots/iPhone 6/stm/LifeShield/standard/10.png, D:\\Test\\AgileTest\\Reports\\mobileWeb\\stm\\20190829_080037\\../Screenshots/iPhone 6/stm/National General/standard/0.png, D:\\Test\\AgileTest\\Reports\\mobileWeb\\stm\\20190829_080037\\../Screenshots/iPhone 6/stm/National General/standard/1.png, D:\\Test\\AgileTest\\Reports\\mobileWeb\\stm\\20190829_080037\\../Screenshots/iPhone 6/stm/National General/standard/2.png, D:\\Test\\AgileTest\\Reports\\mobileWeb\\stm\\20190829_080037\\../Screenshots/iPhone 6/stm/National General/standard/3.png, D:\\Test\\AgileTest\\Reports\\mobileWeb\\stm\\20190829_080037\\../Screenshots/iPhone 6/stm/National General/standard/4.png, D:\\Test\\AgileTest\\Reports\\mobileWeb\\stm\\20190829_080037\\../Screenshots/iPhone 6/stm/National General/standard/5.png, D:\\Test\\AgileTest\\Reports\\mobileWeb\\stm\\20190829_080037\\../Screenshots/iPhone 6/stm/National General/standard/6.png, D:\\Test\\AgileTest\\Reports\\mobileWeb\\stm\\20190829_080037\\../Screenshots/iPhone 6/stm/National General/standard/7.png, D:\\Test\\AgileTest\\Reports\\mobileWeb\\stm\\20190829_080037\\../Screenshots/iPhone 6/stm/National General/standard/8.png, D:\\Test\\AgileTest\\Reports\\mobileWeb\\stm\\20190829_080037\\../Screenshots/iPhone 6/stm/National General/standard/9.png, D:\\Test\\AgileTest\\Reports\\mobileWeb\\stm\\20190829_080037\\../Screenshots/iPhone 6/stm/National General/standard/10.png, D:\\Test\\AgileTest\\Reports\\mobileWeb\\stm\\20190829_080037\\../Screenshots/iPhone 6/stm/National General/standard/11.png, D:\\Test\\AgileTest\\Reports\\mobileWeb\\stm\\20190829_080037\\1567080915455.png, D:\\Test\\AgileTest\\Reports\\mobileWeb\\stm\\20190829_080037\\1567080915916.png, D:\\Test\\AgileTest\\Reports\\mobileWeb\\stm\\20190829_080037\\../Screenshots/iPhone 6/stm/Aspen/standard/0.png, D:\\Test\\AgileTest\\Reports\\mobileWeb\\stm\\20190829_080037\\../Screenshots/iPhone 6/stm/Aspen/standard/1.png, D:\\Test\\AgileTest\\Reports\\mobileWeb\\stm\\20190829_080037\\../Screenshots/iPhone 6/stm/Aspen/standard/2.png, D:\\Test\\AgileTest\\Reports\\mobileWeb\\stm\\20190829_080037\\../Screenshots/iPhone 6/stm/Aspen/standard/3.png, D:\\Test\\AgileTest\\Reports\\mobileWeb\\stm\\20190829_080037\\../Screenshots/iPhone 6/stm/Aspen/standard/4.png, D:\\Test\\AgileTest\\Reports\\mobileWeb\\stm\\20190829_080037\\../Screenshots/iPhone 6/stm/Aspen/standard/5.png, D:\\Test\\AgileTest\\Reports\\mobileWeb\\stm\\20190829_080037\\../Screenshots/iPhone 6/stm/Aspen/standard/6.png, D:\\Test\\AgileTest\\Reports\\mobileWeb\\stm\\20190829_080037\\1567080955461.png, D:\\Test\\AgileTest\\Reports\\mobileWeb\\stm\\20190829_080037\\../Screenshots/iPhone 6/stm/Aspen/standard/7.png, D:\\Test\\AgileTest\\Reports\\mobileWeb\\stm\\20190829_080037\\../Screenshots/iPhone 6/stm/Aspen/standard/8.png, D:\\Test\\AgileTest\\Reports\\mobileWeb\\stm\\20190829_080037\\../Screenshots/iPhone 6/stm/Aspen/standard/9.png, D:\\Test\\AgileTest\\Reports\\mobileWeb\\stm\\20190829_080037\\../Screenshots/iPhone 6/stm/Aspen/standard/10.png"/>
         <property name="hostName" value="Administrator - 172.30.0.53"/>
         <property name="os" value="Windows Server 2012 R2 64bit"/>
         <property name="katalonVersion" value="5.10.1.1"/>
         <property name="browser" value="Safari 11"/>
         <property name="hostAddress" value="172.30.0.53"/>
         <property name="sessionId" value="1bfefc1be025520c6c046b87f9b8e8e7"/>
         <property name="seleniumVersion" value="3.7.1"/>
         <property name="proxyInformation" value="ProxyInformation{proxyOption=NO_PROXY, proxyServerType=HTTP, password=, proxyServerAddress=, proxyServerPort=0}"/>
         <property name="platform" value="Windows Server 2012 R2"/>
      </properties>
      <testcase name="Test Cases/mobileWeb/stm/Slaico" classname="Test Cases/mobileWeb/stm/Slaico" status="PASSED">
         <system-out><![CDATA[2019-08-29 08:03:09 - [TEST_CASE][PASSED] - Test Cases/mobileWeb/stm/Slaico: Test Cases/mobileWeb/stm/Slaico

2019-08-29 08:03:10 - [TEST_STEP][PASSED] - callTestCase(findTestCase("mobileWeb/_include/get_screenPath"), ["productLine":"stm", "carrierName":"Salico"], CONTINUE_ON_FAILURE): Call Test Case 'Test Cases/mobileWeb/_include/get_screenPath' successfully

2019-08-29 08:03:10 - [TEST_CASE][PASSED] - Test Cases/mobileWeb/_include/get_screenPath: Test Cases/mobileWeb/_include/get_screenPath

2019-08-29 08:03:10 - [TEST_STEP][PASSED] - m = getExecutionProperties(): null

2019-08-29 08:03:10 - [TEST_STEP][PASSED] - deviceName = get("mobileEmulation").get("deviceName"): null

2019-08-29 08:03:10 - [TEST_STEP][PASSED] - println(deviceName): null

2019-08-29 08:03:10 - [TEST_STEP][PASSED] - now = new java.util.Date(): null

2019-08-29 08:03:10 - [TEST_STEP][PASSED] - mydate = now.format("yyyyMMdd_HHmmss"): null

2019-08-29 08:03:10 - [TEST_STEP][PASSED] - screenPath = "../Screenshots/": null

2019-08-29 08:03:10 - [TEST_STEP][PASSED] - screenPath = screenPath + deviceName + "/" + productLine + "/" + carrierName + "/" + "standard" + "/": null

2019-08-29 08:03:10 - [TEST_STEP][PASSED] - println(screenPath): null

2019-08-29 08:03:10 - [MESSAGE][PASSED] - Call Test Case 'Test Cases/mobileWeb/_include/get_screenPath' successfully

2019-08-29 08:03:10 - [TEST_STEP][PASSED] - i = 0: null

2019-08-29 08:03:10 - [TEST_STEP][PASSED] - callTestCase(findTestCase("mobileWeb/_include/openWebSite"), [:], STOP_ON_FAILURE): Call Test Case 'Test Cases/mobileWeb/_include/openWebSite' successfully

2019-08-29 08:03:10 - [TEST_CASE][PASSED] - Test Cases/mobileWeb/_include/openWebSite: Test Cases/mobileWeb/_include/openWebSite

2019-08-29 08:03:10 - [TEST_STEP][PASSED] - openBrowser(env): Browser is opened with url: 'https://praetemptatus.agilehealthinsurance.com'

2019-08-29 08:03:11 - [MESSAGE][INFO] - Starting 'Chrome' driver

2019-08-29 08:03:11 - [MESSAGE][INFO] - User set preference: ['mobileEmulation', '{deviceName=iPhone 6}']

2019-08-29 08:03:11 - [MESSAGE][INFO] - User set preference: ['args', '[--incognito, --aggressive-cache-discard, --window-size=375,677, --no-sandbox]']

2019-08-29 08:03:11 - [MESSAGE][INFO] - Action delay is set to 0 seconds

2019-08-29 08:03:28 - [MESSAGE][PASSED] - Browser is opened with url: 'https://praetemptatus.agilehealthinsurance.com'

2019-08-29 08:03:28 - [TEST_STEP][PASSED] - waitForPageLoad(20): Wait for page load successfully

2019-08-29 08:03:30 - [MESSAGE][PASSED] - Wait for page load successfully

2019-08-29 08:03:30 - [TEST_STEP][PASSED] - callTestCase(findTestCase("mobileWeb/_include/get_screenshot"), [:], STOP_ON_FAILURE): Call Test Case 'Test Cases/mobileWeb/_include/get_screenshot' successfully

2019-08-29 08:03:30 - [TEST_CASE][PASSED] - Test Cases/mobileWeb/_include/get_screenshot: Test Cases/mobileWeb/_include/get_screenshot

2019-08-29 08:03:32 - [TEST_STEP][PASSED] - takeScreenshot(screenPath + i + ".png"): Taking screenshot successfully

2019-08-29 08:03:35 - [MESSAGE][PASSED] - Taking screenshot successfully
[[ATTACHMENT|D:\\Test\\AgileTest\\Reports\\mobileWeb\\stm\\20190829_080037\\../Screenshots/iPhone 6/stm/Salico/standard/0.png]]

2019-08-29 08:03:35 - [TEST_STEP][PASSED] - (internal.GlobalVariable.i++): null

2019-08-29 08:03:36 - [MESSAGE][PASSED] - Call Test Case 'Test Cases/mobileWeb/_include/get_screenshot' successfully

2019-08-29 08:03:36 - [MESSAGE][PASSED] - Call Test Case 'Test Cases/mobileWeb/_include/openWebSite' successfully

2019-08-29 08:03:36 - [TEST_STEP][PASSED] - callTestCase(findTestCase("mobileWeb/_include/census_stm"), ["zipcode":"60602"], STOP_ON_FAILURE): Call Test Case 'Test Cases/mobileWeb/_include/census_stm' successfully

2019-08-29 08:03:36 - [TEST_CASE][PASSED] - Test Cases/mobileWeb/_include/census_stm: Test Cases/mobileWeb/_include/census_stm

2019-08-29 08:03:36 - [TEST_STEP][PASSED] - waitForElementClickable(findTestObject("mobileSanity/STM/Home Page/a_Quote  Save Today"), 10): Object 'Object Repository/mobileSanity/STM/Home Page/a_Quote  Save Today' is clickable

2019-08-29 08:03:36 - [MESSAGE][PASSED] - Object 'Object Repository/mobileSanity/STM/Home Page/a_Quote  Save Today' is clickable

2019-08-29 08:03:36 - [TEST_STEP][PASSED] - click(findTestObject("mobileSanity/STM/Home Page/a_Quote  Save Today")): Object: 'Object Repository/mobileSanity/STM/Home Page/a_Quote  Save Today' is clicked on

2019-08-29 08:03:37 - [MESSAGE][PASSED] - Object: 'Object Repository/mobileSanity/STM/Home Page/a_Quote  Save Today' is clicked on

2019-08-29 08:03:37 - [TEST_STEP][PASSED] - waitForPageLoad(10): Wait for page load successfully

2019-08-29 08:03:38 - [MESSAGE][PASSED] - Wait for page load successfully

2019-08-29 08:03:38 - [TEST_STEP][PASSED] - callTestCase(findTestCase("mobileWeb/_include/get_screenshot"), [:], STOP_ON_FAILURE): Call Test Case 'Test Cases/mobileWeb/_include/get_screenshot' successfully

2019-08-29 08:03:38 - [TEST_CASE][PASSED] - Test Cases/mobileWeb/_include/get_screenshot: Test Cases/mobileWeb/_include/get_screenshot

2019-08-29 08:03:38 - [TEST_STEP][PASSED] - takeScreenshot(screenPath + i + ".png"): Taking screenshot successfully

2019-08-29 08:03:38 - [MESSAGE][PASSED] - Taking screenshot successfully
[[ATTACHMENT|D:\\Test\\AgileTest\\Reports\\mobileWeb\\stm\\20190829_080037\\../Screenshots/iPhone 6/stm/Salico/standard/1.png]]

2019-08-29 08:03:38 - [TEST_STEP][PASSED] - (internal.GlobalVariable.i++): null

2019-08-29 08:03:38 - [MESSAGE][PASSED] - Call Test Case 'Test Cases/mobileWeb/_include/get_screenshot' successfully

2019-08-29 08:03:38 - [TEST_STEP][PASSED] - setText(findTestObject("mobileSanity/STM/STM Census Page/input_Location_zip-input"), zipcode): Text '60602' is set on object 'Object Repository/mobileSanity/STM/STM Census Page/input_Location_zip-input'

2019-08-29 08:03:39 - [MESSAGE][PASSED] - Text '60602' is set on object 'Object Repository/mobileSanity/STM/STM Census Page/input_Location_zip-input'

2019-08-29 08:03:39 - [TEST_STEP][PASSED] - Thread.sleep(500): null

2019-08-29 08:03:39 - [TEST_STEP][PASSED] - setText(findTestObject("mobileSanity/STM/STM Census Page/input_Date of Birth_dob-0"), "03031987"): Text '03031987' is set on object 'Object Repository/mobileSanity/STM/STM Census Page/input_Date of Birth_dob-0'

2019-08-29 08:03:39 - [MESSAGE][PASSED] - Text '03031987' is set on object 'Object Repository/mobileSanity/STM/STM Census Page/input_Date of Birth_dob-0'

2019-08-29 08:03:39 - [TEST_STEP][PASSED] - click(findTestObject("mobileSanity/STM/STM Census Page/label_Male")): Object: 'Object Repository/mobileSanity/STM/STM Census Page/label_Male' is clicked on

2019-08-29 08:03:40 - [MESSAGE][PASSED] - Object: 'Object Repository/mobileSanity/STM/STM Census Page/label_Male' is clicked on

2019-08-29 08:03:40 - [TEST_STEP][PASSED] - click(findTestObject("mobileSanity/STM/STM Census Page/label_Compare Plans")): Object: 'Object Repository/mobileSanity/STM/STM Census Page/label_Compare Plans' is clicked on

2019-08-29 08:03:43 - [MESSAGE][PASSED] - Object: 'Object Repository/mobileSanity/STM/STM Census Page/label_Compare Plans' is clicked on

2019-08-29 08:03:43 - [TEST_STEP][PASSED] - waitForElementVisible(findTestObject("mobileSanity/STM/STM Quote Page/button_sort"), 20): Object 'Object Repository/mobileSanity/STM/STM Quote Page/button_sort' is visible

2019-08-29 08:03:43 - [MESSAGE][PASSED] - Object 'Object Repository/mobileSanity/STM/STM Quote Page/button_sort' is visible

2019-08-29 08:03:43 - [TEST_STEP][PASSED] - Thread.sleep(3000): null

2019-08-29 08:03:46 - [TEST_STEP][PASSED] - callTestCase(findTestCase("mobileWeb/_include/get_screenshot"), [:], STOP_ON_FAILURE): Call Test Case 'Test Cases/mobileWeb/_include/get_screenshot' successfully

2019-08-29 08:03:46 - [TEST_CASE][PASSED] - Test Cases/mobileWeb/_include/get_screenshot: Test Cases/mobileWeb/_include/get_screenshot

2019-08-29 08:03:46 - [TEST_STEP][PASSED] - takeScreenshot(screenPath + i + ".png"): Taking screenshot successfully

2019-08-29 08:03:47 - [MESSAGE][PASSED] - Taking screenshot successfully
[[ATTACHMENT|D:\\Test\\AgileTest\\Reports\\mobileWeb\\stm\\20190829_080037\\../Screenshots/iPhone 6/stm/Salico/standard/2.png]]

2019-08-29 08:03:47 - [TEST_STEP][PASSED] - (internal.GlobalVariable.i++): null

2019-08-29 08:03:47 - [MESSAGE][PASSED] - Call Test Case 'Test Cases/mobileWeb/_include/get_screenshot' successfully

2019-08-29 08:03:47 - [TEST_STEP][PASSED] - Thread.sleep(1000): null

2019-08-29 08:03:48 - [MESSAGE][PASSED] - Call Test Case 'Test Cases/mobileWeb/_include/census_stm' successfully

2019-08-29 08:03:48 - [TEST_STEP][PASSED] - callTestCase(findTestCase("mobileWeb/_include/filter_stm"), ["carrier":"slaico"], STOP_ON_FAILURE): Call Test Case 'Test Cases/mobileWeb/_include/filter_stm' successfully

2019-08-29 08:03:48 - [TEST_CASE][PASSED] - Test Cases/mobileWeb/_include/filter_stm: Test Cases/mobileWeb/_include/filter_stm

2019-08-29 08:03:49 - [TEST_STEP][PASSED] - driver = getWebDriver(): null

2019-08-29 08:03:49 - [TEST_STEP][PASSED] - selenium = new com.thoughtworks.selenium.webdriven.WebDriverBackedSelenium(driver, internal.GlobalVariable.ENV): null

2019-08-29 08:03:49 - [TEST_STEP][PASSED] - Thread.sleep(1000): null

2019-08-29 08:03:50 - [TEST_STEP][PASSED] - click(findTestObject("mobileSanity/STM/STM Quote Page/button_filters")): Object: 'Object Repository/mobileSanity/STM/STM Quote Page/button_filters' is clicked on

2019-08-29 08:03:50 - [MESSAGE][PASSED] - Object: 'Object Repository/mobileSanity/STM/STM Quote Page/button_filters' is clicked on

2019-08-29 08:03:50 - [TEST_STEP][PASSED] - Thread.sleep(1000): null

2019-08-29 08:03:51 - [TEST_STEP][PASSED] - click(findTestObject("mobileSanity/STM/STM Quote Page/i_Insurance company")): Object: 'Object Repository/mobileSanity/STM/STM Quote Page/i_Insurance company' is clicked on

2019-08-29 08:03:56 - [MESSAGE][PASSED] - Object: 'Object Repository/mobileSanity/STM/STM Quote Page/i_Insurance company' is clicked on

2019-08-29 08:03:56 - [TEST_STEP][PASSED] - Thread.sleep(1000): null

2019-08-29 08:03:57 - [TEST_STEP][PASSED] - filter_carrier = "//input[@name='filter[carrier]' and @value='" + carrier + "']/following::label": null

2019-08-29 08:03:57 - [TEST_STEP][PASSED] - println(filter_carrier): null

2019-08-29 08:03:57 - [TEST_STEP][PASSED] - test.MobileKeywords.clickJS_ByXpath(filter_carrier): test.MobileKeywords.clickJS_ByXpath is PASSED

2019-08-29 08:03:57 - [MESSAGE][PASSED] - Execute JavaScript 'arguments[0].click()' successfully

2019-08-29 08:03:57 - [MESSAGE][PASSED] - test.MobileKeywords.clickJS_ByXpath is PASSED

2019-08-29 08:03:57 - [TEST_STEP][PASSED] - Thread.sleep(1000): null

2019-08-29 08:03:58 - [TEST_STEP][PASSED] - scrollToElement(findTestObject("mobileSanity/STM/STM Quote Page/a_Show Plans"), 1000): Scroll to object 'Object Repository/mobileSanity/STM/STM Quote Page/a_Show Plans' successfully

2019-08-29 08:03:59 - [MESSAGE][PASSED] - Scroll to object 'Object Repository/mobileSanity/STM/STM Quote Page/a_Show Plans' successfully

2019-08-29 08:03:59 - [TEST_STEP][PASSED] - click(findTestObject("mobileSanity/STM/STM Quote Page/a_Show Plans")): Object: 'Object Repository/mobileSanity/STM/STM Quote Page/a_Show Plans' is clicked on

2019-08-29 08:03:59 - [MESSAGE][PASSED] - Object: 'Object Repository/mobileSanity/STM/STM Quote Page/a_Show Plans' is clicked on

2019-08-29 08:03:59 - [TEST_STEP][PASSED] - waitForJQueryLoad(20, STOP_ON_FAILURE): jQuery is ready.

2019-08-29 08:03:59 - [MESSAGE][PASSED] - jQuery is ready.

2019-08-29 08:03:59 - [TEST_STEP][PASSED] - Thread.sleep(2000): null

2019-08-29 08:04:01 - [TEST_STEP][PASSED] - callTestCase(findTestCase("mobileWeb/_include/get_screenshot"), [:], STOP_ON_FAILURE): Call Test Case 'Test Cases/mobileWeb/_include/get_screenshot' successfully

2019-08-29 08:04:01 - [TEST_CASE][PASSED] - Test Cases/mobileWeb/_include/get_screenshot: Test Cases/mobileWeb/_include/get_screenshot

2019-08-29 08:04:01 - [TEST_STEP][PASSED] - takeScreenshot(screenPath + i + ".png"): Taking screenshot successfully

2019-08-29 08:04:01 - [MESSAGE][PASSED] - Taking screenshot successfully
[[ATTACHMENT|D:\\Test\\AgileTest\\Reports\\mobileWeb\\stm\\20190829_080037\\../Screenshots/iPhone 6/stm/Salico/standard/3.png]]

2019-08-29 08:04:01 - [TEST_STEP][PASSED] - (internal.GlobalVariable.i++): null

2019-08-29 08:04:01 - [MESSAGE][PASSED] - Call Test Case 'Test Cases/mobileWeb/_include/get_screenshot' successfully

2019-08-29 08:04:01 - [MESSAGE][PASSED] - Call Test Case 'Test Cases/mobileWeb/_include/filter_stm' successfully

2019-08-29 08:04:01 - [TEST_STEP][PASSED] - callTestCase(findTestCase("mobileWeb/_include/goToDetail_stm"), ["carrier":"slaico"], STOP_ON_FAILURE): Call Test Case 'Test Cases/mobileWeb/_include/goToDetail_stm' successfully

2019-08-29 08:04:01 - [TEST_CASE][PASSED] - Test Cases/mobileWeb/_include/goToDetail_stm: Test Cases/mobileWeb/_include/goToDetail_stm

2019-08-29 08:04:02 - [TEST_STEP][PASSED] - driver = getWebDriver(): null

2019-08-29 08:04:02 - [TEST_STEP][PASSED] - selenium = new com.thoughtworks.selenium.webdriven.WebDriverBackedSelenium(driver, internal.GlobalVariable.ENV): null

2019-08-29 08:04:02 - [TEST_STEP][PASSED] - a_plan_name = "xpath=//a[contains(@href,'/term-health-insurance/plan/" + carrier + "')]": null

2019-08-29 08:04:02 - [TEST_STEP][PASSED] - println(a_plan_name): null

2019-08-29 08:04:02 - [TEST_STEP][PASSED] - selenium.click(a_plan_name): null

2019-08-29 08:04:04 - [TEST_STEP][PASSED] - waitForPageLoad(20): Wait for page load successfully

2019-08-29 08:04:04 - [MESSAGE][PASSED] - Wait for page load successfully

2019-08-29 08:04:04 - [TEST_STEP][PASSED] - Thread.sleep(2000): null

2019-08-29 08:04:06 - [TEST_STEP][PASSED] - callTestCase(findTestCase("mobileWeb/_include/get_screenshot"), [:], STOP_ON_FAILURE): Call Test Case 'Test Cases/mobileWeb/_include/get_screenshot' successfully

2019-08-29 08:04:06 - [TEST_CASE][PASSED] - Test Cases/mobileWeb/_include/get_screenshot: Test Cases/mobileWeb/_include/get_screenshot

2019-08-29 08:04:06 - [TEST_STEP][PASSED] - takeScreenshot(screenPath + i + ".png"): Taking screenshot successfully

2019-08-29 08:04:07 - [MESSAGE][PASSED] - Taking screenshot successfully
[[ATTACHMENT|D:\\Test\\AgileTest\\Reports\\mobileWeb\\stm\\20190829_080037\\../Screenshots/iPhone 6/stm/Salico/standard/4.png]]

2019-08-29 08:04:07 - [TEST_STEP][PASSED] - (internal.GlobalVariable.i++): null

2019-08-29 08:04:07 - [MESSAGE][PASSED] - Call Test Case 'Test Cases/mobileWeb/_include/get_screenshot' successfully

2019-08-29 08:04:07 - [MESSAGE][PASSED] - Call Test Case 'Test Cases/mobileWeb/_include/goToDetail_stm' successfully

2019-08-29 08:04:07 - [TEST_STEP][PASSED] - callTestCase(findTestCase("mobileWeb/_include/apply_stm"), [:], STOP_ON_FAILURE): Call Test Case 'Test Cases/mobileWeb/_include/apply_stm' successfully

2019-08-29 08:04:07 - [TEST_CASE][PASSED] - Test Cases/mobileWeb/_include/apply_stm: Test Cases/mobileWeb/_include/apply_stm

2019-08-29 08:04:07 - [TEST_STEP][PASSED] - waitForElementVisible(findTestObject("mobileSanity/STM/STM PlanDetail Page/a_Apply for This Plan"), 5): Object 'Object Repository/mobileSanity/STM/STM PlanDetail Page/a_Apply for This Plan' is visible

2019-08-29 08:04:07 - [MESSAGE][PASSED] - Object 'Object Repository/mobileSanity/STM/STM PlanDetail Page/a_Apply for This Plan' is visible

2019-08-29 08:04:07 - [TEST_STEP][PASSED] - click(findTestObject("mobileSanity/STM/STM PlanDetail Page/a_Apply for This Plan")): Object: 'Object Repository/mobileSanity/STM/STM PlanDetail Page/a_Apply for This Plan' is clicked on

2019-08-29 08:04:08 - [MESSAGE][PASSED] - Object: 'Object Repository/mobileSanity/STM/STM PlanDetail Page/a_Apply for This Plan' is clicked on

2019-08-29 08:04:08 - [TEST_STEP][PASSED] - waitForPageLoad(10): Wait for page load successfully

2019-08-29 08:04:08 - [MESSAGE][PASSED] - Wait for page load successfully

2019-08-29 08:04:08 - [TEST_STEP][PASSED] - Thread.sleep(2000): null

2019-08-29 08:04:10 - [TEST_STEP][PASSED] - callTestCase(findTestCase("mobileWeb/_include/get_screenshot"), [:], STOP_ON_FAILURE): Call Test Case 'Test Cases/mobileWeb/_include/get_screenshot' successfully

2019-08-29 08:04:11 - [TEST_CASE][PASSED] - Test Cases/mobileWeb/_include/get_screenshot: Test Cases/mobileWeb/_include/get_screenshot

2019-08-29 08:04:11 - [TEST_STEP][PASSED] - takeScreenshot(screenPath + i + ".png"): Taking screenshot successfully

2019-08-29 08:04:11 - [MESSAGE][PASSED] - Taking screenshot successfully
[[ATTACHMENT|D:\\Test\\AgileTest\\Reports\\mobileWeb\\stm\\20190829_080037\\../Screenshots/iPhone 6/stm/Salico/standard/5.png]]

2019-08-29 08:04:11 - [TEST_STEP][PASSED] - (internal.GlobalVariable.i++): null

2019-08-29 08:04:11 - [MESSAGE][PASSED] - Call Test Case 'Test Cases/mobileWeb/_include/get_screenshot' successfully

2019-08-29 08:04:11 - [TEST_STEP][PASSED] - waitForElementVisible(findTestObject("mobileSanity/STM/STM Apply Page/a_Start Secure Application"), 5): Object 'Object Repository/mobileSanity/STM/STM Apply Page/a_Start Secure Application' is visible

2019-08-29 08:04:11 - [MESSAGE][PASSED] - Object 'Object Repository/mobileSanity/STM/STM Apply Page/a_Start Secure Application' is visible

2019-08-29 08:04:11 - [TEST_STEP][PASSED] - click(findTestObject("mobileSanity/STM/STM Apply Page/a_Start Secure Application")): Object: 'Object Repository/mobileSanity/STM/STM Apply Page/a_Start Secure Application' is clicked on

2019-08-29 08:04:12 - [MESSAGE][PASSED] - Object: 'Object Repository/mobileSanity/STM/STM Apply Page/a_Start Secure Application' is clicked on

2019-08-29 08:04:12 - [TEST_STEP][PASSED] - waitForPageLoad(20): Wait for page load successfully

2019-08-29 08:04:13 - [MESSAGE][PASSED] - Wait for page load successfully

2019-08-29 08:04:13 - [TEST_STEP][PASSED] - Thread.sleep(2000): null

2019-08-29 08:04:15 - [TEST_STEP][PASSED] - callTestCase(findTestCase("mobileWeb/_include/get_screenshot"), [:], STOP_ON_FAILURE): Call Test Case 'Test Cases/mobileWeb/_include/get_screenshot' successfully

2019-08-29 08:04:15 - [TEST_CASE][PASSED] - Test Cases/mobileWeb/_include/get_screenshot: Test Cases/mobileWeb/_include/get_screenshot

2019-08-29 08:04:15 - [TEST_STEP][PASSED] - takeScreenshot(screenPath + i + ".png"): Taking screenshot successfully

2019-08-29 08:04:15 - [MESSAGE][PASSED] - Taking screenshot successfully
[[ATTACHMENT|D:\\Test\\AgileTest\\Reports\\mobileWeb\\stm\\20190829_080037\\../Screenshots/iPhone 6/stm/Salico/standard/6.png]]

2019-08-29 08:04:15 - [TEST_STEP][PASSED] - (internal.GlobalVariable.i++): null

2019-08-29 08:04:15 - [MESSAGE][PASSED] - Call Test Case 'Test Cases/mobileWeb/_include/get_screenshot' successfully

2019-08-29 08:04:15 - [MESSAGE][PASSED] - Call Test Case 'Test Cases/mobileWeb/_include/apply_stm' successfully

2019-08-29 08:04:15 - [TEST_STEP][PASSED] - callTestCase(findTestCase("mobileWeb/_include/goToEnd_stm_autofill"), [:], STOP_ON_FAILURE): Call Test Case 'Test Cases/mobileWeb/_include/goToEnd_stm_autofill' successfully

2019-08-29 08:04:15 - [TEST_CASE][PASSED] - Test Cases/mobileWeb/_include/goToEnd_stm_autofill: Test Cases/mobileWeb/_include/goToEnd_stm_autofill

2019-08-29 08:04:16 - [TEST_STEP][PASSED] - callTestCase(findTestCase("mobileWeb/_include/name"), [:], CONTINUE_ON_FAILURE): Call Test Case 'Test Cases/mobileWeb/_include/name' successfully

2019-08-29 08:04:16 - [TEST_CASE][PASSED] - Test Cases/mobileWeb/_include/name: Test Cases/mobileWeb/_include/name

2019-08-29 08:04:17 - [TEST_STEP][PASSED] - driver = getWebDriver(): null

2019-08-29 08:04:17 - [TEST_STEP][PASSED] - selenium = new com.thoughtworks.selenium.webdriven.WebDriverBackedSelenium(driver, internal.GlobalVariable.ENV): null

2019-08-29 08:04:17 - [TEST_STEP][PASSED] - FirstName = "Test-123": null

2019-08-29 08:04:17 - [TEST_STEP][PASSED] - LastName = selenium.getEval("{var x="ABCDEFGHIJKLMNOPQRSTUVWXYZabcdefghijklmnopqrstuvwxyz"; var tmp="ZZ11-"; for (i=0;i<8;i++) tmp+=x.charAt(Math.ceil(51*Math.random()));tmp;}"): null

2019-08-29 08:04:17 - [TEST_STEP][PASSED] - Address = selenium.getEval("{var x="ABCDEFGHIJKLMNOPQRSTUVWXYZabcdefghijklmnopqrstuvwxyz"; var tmp=""; for (i=0;i<8;i++) tmp+=x.charAt(Math.ceil(51*Math.random()));tmp;}"): null

2019-08-29 08:04:17 - [TEST_STEP][PASSED] - City = selenium.getEval("{var x="ABCDEFGHIJKLMNOPQRSTUVWXYZabcdefghijklmnopqrstuvwxyz"; var tmp=""; for (i=0;i<8;i++) tmp+=x.charAt(Math.ceil(51*Math.random()));tmp;}"): null

2019-08-29 08:04:17 - [TEST_STEP][PASSED] - tel1 = selenium.getEval("{var x="123456789"; var tmp=""; for (i=0;i<3;i++) tmp+=x.charAt(Math.ceil(8*Math.random()));tmp;}"): null

2019-08-29 08:04:17 - [TEST_STEP][PASSED] - tel2 = selenium.getEval("{var x="123456789"; var tmp=""; for (i=0;i<3;i++) tmp+=x.charAt(Math.ceil(8*Math.random()));tmp;}"): null

2019-08-29 08:04:17 - [TEST_STEP][PASSED] - tel3 = selenium.getEval("{var x="123456789"; var tmp=""; for (i=0;i<4;i++) tmp+=x.charAt(Math.ceil(8*Math.random()));tmp;}"): null

2019-08-29 08:04:17 - [TEST_STEP][PASSED] - Tel = selenium.getExpression(tel1 + "-" + tel2 + "-" + tel3): null

2019-08-29 08:04:17 - [TEST_STEP][PASSED] - AutoEmail = selenium.getEval("{var x="ABCDEFGHIJKLMNOPQRSTUVWXYZabcdefghijklmnopqrstuvwxyz"; var tmp="test."; for (i=0;i<8;i++) tmp+=x.charAt(Math.ceil(51*Math.random()));tmp+="@suryani.cn";}"): null

2019-08-29 08:04:17 - [TEST_STEP][PASSED] - FirstName = FirstName: null

2019-08-29 08:04:17 - [TEST_STEP][PASSED] - LastName = LastName: null

2019-08-29 08:04:17 - [TEST_STEP][PASSED] - Address = Address: null

2019-08-29 08:04:17 - [TEST_STEP][PASSED] - City = City: null

2019-08-29 08:04:17 - [TEST_STEP][PASSED] - Tel = Tel: null

2019-08-29 08:04:17 - [TEST_STEP][PASSED] - AutoEmail = AutoEmail: null

2019-08-29 08:04:17 - [TEST_STEP][PASSED] - println(FirstName): null

2019-08-29 08:04:17 - [TEST_STEP][PASSED] - println(LastName): null

2019-08-29 08:04:17 - [TEST_STEP][PASSED] - println(Address): null

2019-08-29 08:04:17 - [TEST_STEP][PASSED] - println(City): null

2019-08-29 08:04:17 - [TEST_STEP][PASSED] - println(Tel): null

2019-08-29 08:04:17 - [TEST_STEP][PASSED] - println(AutoEmail): null

2019-08-29 08:04:17 - [MESSAGE][PASSED] - Call Test Case 'Test Cases/mobileWeb/_include/name' successfully

2019-08-29 08:04:17 - [TEST_STEP][FAILED] - try: Unable to verify text 'Month Duration Acknowledgement' is present  (Root cause: com.kms.katalon.core.exception.StepFailedException: Text 'Month Duration Acknowledgement' is not present on page )

2019-08-29 08:04:17 - [TEST_STEP][FAILED] - if (verifyTextPresent("Month Duration Acknowledgement", false)): Unable to verify text 'Month Duration Acknowledgement' is present  (Root cause: com.kms.katalon.core.exception.StepFailedException: Text 'Month Duration Acknowledgement' is not present on page )

2019-08-29 08:04:17 - [MESSAGE][FAILED] - Text 'Month Duration Acknowledgement' is not present on page 

2019-08-29 08:04:18 - [MESSAGE][FAILED] - Unable to verify text 'Month Duration Acknowledgement' is present  (Root cause: com.kms.katalon.core.exception.StepFailedException: Text 'Month Duration Acknowledgement' is not present on page )
[[ATTACHMENT|D:\\Test\\AgileTest\\Reports\\mobileWeb\\stm\\20190829_080037\\1567080257789.png]]

2019-08-29 08:04:18 - [TEST_STEP][PASSED] - catch (Exception e): null

2019-08-29 08:04:18 - [TEST_STEP][PASSED] - println("no consecutive"): null

2019-08-29 08:04:18 - [TEST_STEP][PASSED] - waitForPageLoad(10): Wait for page load successfully

2019-08-29 08:04:18 - [MESSAGE][PASSED] - Wait for page load successfully

2019-08-29 08:04:18 - [TEST_STEP][PASSED] - Thread.sleep(3000): null

2019-08-29 08:04:21 - [TEST_STEP][PASSED] - waitForElementVisible(findTestObject("mobileSanity/STM/Page_App Page 1/a_Autofill App Info"), 20): Object 'Object Repository/mobileSanity/STM/Page_App Page 1/a_Autofill App Info' is visible

2019-08-29 08:04:21 - [MESSAGE][PASSED] - Object 'Object Repository/mobileSanity/STM/Page_App Page 1/a_Autofill App Info' is visible

2019-08-29 08:04:21 - [TEST_STEP][PASSED] - click(findTestObject("mobileSanity/STM/Page_App Page 1/a_Autofill App Info")): Object: 'Object Repository/mobileSanity/STM/Page_App Page 1/a_Autofill App Info' is clicked on

2019-08-29 08:04:21 - [MESSAGE][PASSED] - Object: 'Object Repository/mobileSanity/STM/Page_App Page 1/a_Autofill App Info' is clicked on

2019-08-29 08:04:21 - [TEST_STEP][PASSED] - Thread.sleep(1000): null

2019-08-29 08:04:22 - [TEST_STEP][PASSED] - click(findTestObject("mobileSanity/STM/Page_App Page 1/a_Autofill App Info")): Object: 'Object Repository/mobileSanity/STM/Page_App Page 1/a_Autofill App Info' is clicked on

2019-08-29 08:04:22 - [MESSAGE][PASSED] - Object: 'Object Repository/mobileSanity/STM/Page_App Page 1/a_Autofill App Info' is clicked on

2019-08-29 08:04:22 - [TEST_STEP][PASSED] - Thread.sleep(1000): null

2019-08-29 08:04:23 - [TEST_STEP][PASSED] - waitForElementVisible(findTestObject("mobileSanity/STM/Page_App Page 1/a_Continue"), 20): Object 'Object Repository/mobileSanity/STM/Page_App Page 1/a_Continue' is visible

2019-08-29 08:04:23 - [MESSAGE][PASSED] - Object 'Object Repository/mobileSanity/STM/Page_App Page 1/a_Continue' is visible

2019-08-29 08:04:23 - [TEST_STEP][PASSED] - click(findTestObject("mobileSanity/STM/Page_App Page 1/a_Continue")): Object: 'Object Repository/mobileSanity/STM/Page_App Page 1/a_Continue' is clicked on

2019-08-29 08:04:23 - [MESSAGE][PASSED] - Object: 'Object Repository/mobileSanity/STM/Page_App Page 1/a_Continue' is clicked on

2019-08-29 08:04:23 - [TEST_STEP][PASSED] - waitForPageLoad(20): Wait for page load successfully

2019-08-29 08:04:23 - [MESSAGE][PASSED] - Wait for page load successfully

2019-08-29 08:04:23 - [TEST_STEP][PASSED] - Thread.sleep(2000): null

2019-08-29 08:04:25 - [TEST_STEP][PASSED] - callTestCase(findTestCase("mobileWeb/_include/get_screenshot"), [:], STOP_ON_FAILURE): Call Test Case 'Test Cases/mobileWeb/_include/get_screenshot' successfully

2019-08-29 08:04:25 - [TEST_CASE][PASSED] - Test Cases/mobileWeb/_include/get_screenshot: Test Cases/mobileWeb/_include/get_screenshot

2019-08-29 08:04:25 - [TEST_STEP][PASSED] - takeScreenshot(screenPath + i + ".png"): Taking screenshot successfully

2019-08-29 08:04:26 - [MESSAGE][PASSED] - Taking screenshot successfully
[[ATTACHMENT|D:\\Test\\AgileTest\\Reports\\mobileWeb\\stm\\20190829_080037\\../Screenshots/iPhone 6/stm/Salico/standard/7.png]]

2019-08-29 08:04:26 - [TEST_STEP][PASSED] - (internal.GlobalVariable.i++): null

2019-08-29 08:04:26 - [MESSAGE][PASSED] - Call Test Case 'Test Cases/mobileWeb/_include/get_screenshot' successfully

2019-08-29 08:04:26 - [TEST_STEP][PASSED] - click(findTestObject("mobileSanity/STM/Page_App Page 2/a_Continue to Step 3 - Payment")): Object: 'Object Repository/mobileSanity/STM/Page_App Page 2/a_Continue to Step 3 - Payment' is clicked on

2019-08-29 08:04:26 - [MESSAGE][PASSED] - Object: 'Object Repository/mobileSanity/STM/Page_App Page 2/a_Continue to Step 3 - Payment' is clicked on

2019-08-29 08:04:26 - [TEST_STEP][PASSED] - waitForPageLoad(20): Wait for page load successfully

2019-08-29 08:04:26 - [MESSAGE][PASSED] - Wait for page load successfully

2019-08-29 08:04:26 - [TEST_STEP][PASSED] - waitForElementVisible(findTestObject("mobileSanity/STM/Page_App Page 3/input__credit-card-cvv"), 20): Object 'Object Repository/mobileSanity/STM/Page_App Page 3/input__credit-card-cvv' is visible

2019-08-29 08:04:26 - [MESSAGE][PASSED] - Object 'Object Repository/mobileSanity/STM/Page_App Page 3/input__credit-card-cvv' is visible

2019-08-29 08:04:26 - [TEST_STEP][PASSED] - Thread.sleep(2000): null

2019-08-29 08:04:30 - [TEST_STEP][PASSED] - callTestCase(findTestCase("mobileWeb/_include/get_screenshot"), [:], STOP_ON_FAILURE): Call Test Case 'Test Cases/mobileWeb/_include/get_screenshot' successfully

2019-08-29 08:04:30 - [TEST_CASE][PASSED] - Test Cases/mobileWeb/_include/get_screenshot: Test Cases/mobileWeb/_include/get_screenshot

2019-08-29 08:04:30 - [TEST_STEP][PASSED] - takeScreenshot(screenPath + i + ".png"): Taking screenshot successfully

2019-08-29 08:04:31 - [MESSAGE][PASSED] - Taking screenshot successfully
[[ATTACHMENT|D:\\Test\\AgileTest\\Reports\\mobileWeb\\stm\\20190829_080037\\../Screenshots/iPhone 6/stm/Salico/standard/8.png]]

2019-08-29 08:04:31 - [TEST_STEP][PASSED] - (internal.GlobalVariable.i++): null

2019-08-29 08:04:31 - [MESSAGE][PASSED] - Call Test Case 'Test Cases/mobileWeb/_include/get_screenshot' successfully

2019-08-29 08:04:31 - [TEST_STEP][PASSED] - clearText(findTestObject("mobileSanity/STM/Page_App Page 3/input__credit-card-cvv")): Text of object 'Object Repository/mobileSanity/STM/Page_App Page 3/input__credit-card-cvv' is cleared

2019-08-29 08:04:31 - [MESSAGE][PASSED] - Text of object 'Object Repository/mobileSanity/STM/Page_App Page 3/input__credit-card-cvv' is cleared

2019-08-29 08:04:31 - [TEST_STEP][PASSED] - setText(findTestObject("mobileSanity/STM/Page_App Page 3/input__credit-card-cvv"), "123"): Text '123' is set on object 'Object Repository/mobileSanity/STM/Page_App Page 3/input__credit-card-cvv'

2019-08-29 08:04:31 - [MESSAGE][PASSED] - Text '123' is set on object 'Object Repository/mobileSanity/STM/Page_App Page 3/input__credit-card-cvv'

2019-08-29 08:04:31 - [TEST_STEP][PASSED] - click(findTestObject("mobileSanity/STM/Page_App Page 3/label_I Accept Authorization f")): Object: 'Object Repository/mobileSanity/STM/Page_App Page 3/label_I Accept Authorization f' is clicked on

2019-08-29 08:04:31 - [MESSAGE][PASSED] - Object: 'Object Repository/mobileSanity/STM/Page_App Page 3/label_I Accept Authorization f' is clicked on

2019-08-29 08:04:31 - [TEST_STEP][PASSED] - click(findTestObject("mobileSanity/STM/Page_App Page 3/a_Continue to Step 4 - Review")): Object: 'Object Repository/mobileSanity/STM/Page_App Page 3/a_Continue to Step 4 - Review' is clicked on

2019-08-29 08:04:31 - [MESSAGE][PASSED] - Object: 'Object Repository/mobileSanity/STM/Page_App Page 3/a_Continue to Step 4 - Review' is clicked on

2019-08-29 08:04:31 - [TEST_STEP][PASSED] - waitForPageLoad(10): Wait for page load successfully

2019-08-29 08:04:31 - [MESSAGE][PASSED] - Wait for page load successfully

2019-08-29 08:04:31 - [TEST_STEP][PASSED] - waitForElementClickable(findTestObject("mobileSanity/STM/Page_App Page 4/label"), 10): Object 'Object Repository/mobileSanity/STM/Page_App Page 4/label' is clickable

2019-08-29 08:04:32 - [MESSAGE][PASSED] - Object 'Object Repository/mobileSanity/STM/Page_App Page 4/label' is clickable

2019-08-29 08:04:32 - [TEST_STEP][PASSED] - Thread.sleep(2000): null

2019-08-29 08:04:34 - [TEST_STEP][PASSED] - callTestCase(findTestCase("mobileWeb/_include/get_screenshot"), [:], STOP_ON_FAILURE): Call Test Case 'Test Cases/mobileWeb/_include/get_screenshot' successfully

2019-08-29 08:04:34 - [TEST_CASE][PASSED] - Test Cases/mobileWeb/_include/get_screenshot: Test Cases/mobileWeb/_include/get_screenshot

2019-08-29 08:04:34 - [TEST_STEP][PASSED] - takeScreenshot(screenPath + i + ".png"): Taking screenshot successfully

2019-08-29 08:04:34 - [MESSAGE][PASSED] - Taking screenshot successfully
[[ATTACHMENT|D:\\Test\\AgileTest\\Reports\\mobileWeb\\stm\\20190829_080037\\../Screenshots/iPhone 6/stm/Salico/standard/9.png]]

2019-08-29 08:04:34 - [TEST_STEP][PASSED] - (internal.GlobalVariable.i++): null

2019-08-29 08:04:34 - [MESSAGE][PASSED] - Call Test Case 'Test Cases/mobileWeb/_include/get_screenshot' successfully

2019-08-29 08:04:34 - [TEST_STEP][PASSED] - click(findTestObject("mobileSanity/STM/Page_App Page 4/label")): Object: 'Object Repository/mobileSanity/STM/Page_App Page 4/label' is clicked on

2019-08-29 08:04:34 - [MESSAGE][PASSED] - Object: 'Object Repository/mobileSanity/STM/Page_App Page 4/label' is clicked on

2019-08-29 08:04:34 - [TEST_STEP][PASSED] - click(findTestObject("mobileSanity/STM/Page_App Page 4/div_CLICK TO SIGN")): Object: 'Object Repository/mobileSanity/STM/Page_App Page 4/div_CLICK TO SIGN' is clicked on

2019-08-29 08:04:34 - [MESSAGE][PASSED] - Object: 'Object Repository/mobileSanity/STM/Page_App Page 4/div_CLICK TO SIGN' is clicked on

2019-08-29 08:04:34 - [TEST_STEP][PASSED] - click(findTestObject("mobileSanity/STM/Page_App Page 4/a_Submit Your Application")): Object: 'Object Repository/mobileSanity/STM/Page_App Page 4/a_Submit Your Application' is clicked on

2019-08-29 08:04:34 - [MESSAGE][PASSED] - Object: 'Object Repository/mobileSanity/STM/Page_App Page 4/a_Submit Your Application' is clicked on

2019-08-29 08:04:34 - [TEST_STEP][PASSED] - Thread.sleep(30000): null

2019-08-29 08:05:05 - [TEST_STEP][PASSED] - callTestCase(findTestCase("mobileWeb/_include/get_screenshot"), [:], STOP_ON_FAILURE): Call Test Case 'Test Cases/mobileWeb/_include/get_screenshot' successfully

2019-08-29 08:05:05 - [TEST_CASE][PASSED] - Test Cases/mobileWeb/_include/get_screenshot: Test Cases/mobileWeb/_include/get_screenshot

2019-08-29 08:05:05 - [TEST_STEP][PASSED] - takeScreenshot(screenPath + i + ".png"): Taking screenshot successfully

2019-08-29 08:05:07 - [MESSAGE][PASSED] - Taking screenshot successfully
[[ATTACHMENT|D:\\Test\\AgileTest\\Reports\\mobileWeb\\stm\\20190829_080037\\../Screenshots/iPhone 6/stm/Salico/standard/10.png]]

2019-08-29 08:05:07 - [TEST_STEP][PASSED] - (internal.GlobalVariable.i++): null

2019-08-29 08:05:07 - [MESSAGE][PASSED] - Call Test Case 'Test Cases/mobileWeb/_include/get_screenshot' successfully

2019-08-29 08:05:07 - [TEST_STEP][PASSED] - waitForElementPresent(findTestObject("mobileSanity/STM/Page_App Page 6/span_planName"), 30): Object 'Object Repository/mobileSanity/STM/Page_App Page 6/span_planName' is present

2019-08-29 08:05:07 - [MESSAGE][PASSED] - Object 'Object Repository/mobileSanity/STM/Page_App Page 6/span_planName' is present

2019-08-29 08:05:07 - [TEST_STEP][PASSED] - verifyElementPresent(findTestObject("mobileSanity/STM/Page_App Page 6/span_planName"), 20): Object 'Object Repository/mobileSanity/STM/Page_App Page 6/span_planName' is present

2019-08-29 08:05:07 - [MESSAGE][PASSED] - Object 'Object Repository/mobileSanity/STM/Page_App Page 6/span_planName' is present

2019-08-29 08:05:07 - [TEST_STEP][PASSED] - verifyElementPresent(findTestObject("mobileSanity/STM/Page_App Page 6/span_approved"), 20): Object 'Object Repository/mobileSanity/STM/Page_App Page 6/span_approved' is present

2019-08-29 08:05:07 - [MESSAGE][PASSED] - Object 'Object Repository/mobileSanity/STM/Page_App Page 6/span_approved' is present

2019-08-29 08:05:07 - [MESSAGE][PASSED] - Call Test Case 'Test Cases/mobileWeb/_include/goToEnd_stm_autofill' successfully]]></system-out>
         <system-err><![CDATA[]]></system-err>
      </testcase>
      <testcase name="Test Cases/mobileWeb/stm/AdvantHealth" classname="Test Cases/mobileWeb/stm/AdvantHealth" status="PASSED">
         <system-out><![CDATA[2019-08-29 08:05:07 - [TEST_CASE][PASSED] - Test Cases/mobileWeb/stm/AdvantHealth: Test Cases/mobileWeb/stm/AdvantHealth

2019-08-29 08:05:08 - [TEST_STEP][PASSED] - callTestCase(findTestCase("mobileWeb/_include/get_screenPath"), ["productLine":"stm", "carrierName":"AdvantHealth"], CONTINUE_ON_FAILURE): Call Test Case 'Test Cases/mobileWeb/_include/get_screenPath' successfully

2019-08-29 08:05:08 - [TEST_CASE][PASSED] - Test Cases/mobileWeb/_include/get_screenPath: Test Cases/mobileWeb/_include/get_screenPath

2019-08-29 08:05:08 - [TEST_STEP][PASSED] - m = getExecutionProperties(): null

2019-08-29 08:05:08 - [TEST_STEP][PASSED] - deviceName = get("mobileEmulation").get("deviceName"): null

2019-08-29 08:05:08 - [TEST_STEP][PASSED] - println(deviceName): null

2019-08-29 08:05:08 - [TEST_STEP][PASSED] - now = new java.util.Date(): null

2019-08-29 08:05:08 - [TEST_STEP][PASSED] - mydate = now.format("yyyyMMdd_HHmmss"): null

2019-08-29 08:05:08 - [TEST_STEP][PASSED] - screenPath = "../Screenshots/": null

2019-08-29 08:05:08 - [TEST_STEP][PASSED] - screenPath = screenPath + deviceName + "/" + productLine + "/" + carrierName + "/" + "standard" + "/": null

2019-08-29 08:05:08 - [TEST_STEP][PASSED] - println(screenPath): null

2019-08-29 08:05:08 - [MESSAGE][PASSED] - Call Test Case 'Test Cases/mobileWeb/_include/get_screenPath' successfully

2019-08-29 08:05:08 - [TEST_STEP][PASSED] - i = 0: null

2019-08-29 08:05:08 - [TEST_STEP][PASSED] - callTestCase(findTestCase("mobileWeb/_include/openWebSite"), [:], CONTINUE_ON_FAILURE): Call Test Case 'Test Cases/mobileWeb/_include/openWebSite' successfully

2019-08-29 08:05:08 - [TEST_CASE][PASSED] - Test Cases/mobileWeb/_include/openWebSite: Test Cases/mobileWeb/_include/openWebSite

2019-08-29 08:05:08 - [TEST_STEP][PASSED] - openBrowser(env): Browser is opened with url: 'https://praetemptatus.agilehealthinsurance.com'

2019-08-29 08:05:08 - [MESSAGE][WARNING] - A browser is already opened. Closing browser and opening a new one

2019-08-29 08:05:09 - [MESSAGE][INFO] - Starting 'Chrome' driver

2019-08-29 08:05:09 - [MESSAGE][INFO] - User set preference: ['mobileEmulation', '{deviceName=iPhone 6}']

2019-08-29 08:05:09 - [MESSAGE][INFO] - User set preference: ['args', '[--incognito, --aggressive-cache-discard, --window-size=375,677, --no-sandbox]']

2019-08-29 08:05:16 - [MESSAGE][PASSED] - Browser is opened with url: 'https://praetemptatus.agilehealthinsurance.com'

2019-08-29 08:05:16 - [TEST_STEP][PASSED] - waitForPageLoad(20): Wait for page load successfully

2019-08-29 08:05:17 - [MESSAGE][PASSED] - Wait for page load successfully

2019-08-29 08:05:17 - [TEST_STEP][PASSED] - callTestCase(findTestCase("mobileWeb/_include/get_screenshot"), [:], STOP_ON_FAILURE): Call Test Case 'Test Cases/mobileWeb/_include/get_screenshot' successfully

2019-08-29 08:05:18 - [TEST_CASE][PASSED] - Test Cases/mobileWeb/_include/get_screenshot: Test Cases/mobileWeb/_include/get_screenshot

2019-08-29 08:05:18 - [TEST_STEP][PASSED] - takeScreenshot(screenPath + i + ".png"): Taking screenshot successfully

2019-08-29 08:05:19 - [MESSAGE][PASSED] - Taking screenshot successfully
[[ATTACHMENT|D:\\Test\\AgileTest\\Reports\\mobileWeb\\stm\\20190829_080037\\../Screenshots/iPhone 6/stm/AdvantHealth/standard/0.png]]

2019-08-29 08:05:19 - [TEST_STEP][PASSED] - (internal.GlobalVariable.i++): null

2019-08-29 08:05:19 - [MESSAGE][PASSED] - Call Test Case 'Test Cases/mobileWeb/_include/get_screenshot' successfully

2019-08-29 08:05:19 - [MESSAGE][PASSED] - Call Test Case 'Test Cases/mobileWeb/_include/openWebSite' successfully

2019-08-29 08:05:19 - [TEST_STEP][PASSED] - callTestCase(findTestCase("mobileWeb/_include/census_stm"), ["zipcode":"35215"], STOP_ON_FAILURE): Call Test Case 'Test Cases/mobileWeb/_include/census_stm' successfully

2019-08-29 08:05:19 - [TEST_CASE][PASSED] - Test Cases/mobileWeb/_include/census_stm: Test Cases/mobileWeb/_include/census_stm

2019-08-29 08:05:19 - [TEST_STEP][PASSED] - waitForElementClickable(findTestObject("mobileSanity/STM/Home Page/a_Quote  Save Today"), 10): Object 'Object Repository/mobileSanity/STM/Home Page/a_Quote  Save Today' is clickable

2019-08-29 08:05:19 - [MESSAGE][PASSED] - Object 'Object Repository/mobileSanity/STM/Home Page/a_Quote  Save Today' is clickable

2019-08-29 08:05:19 - [TEST_STEP][PASSED] - click(findTestObject("mobileSanity/STM/Home Page/a_Quote  Save Today")): Object: 'Object Repository/mobileSanity/STM/Home Page/a_Quote  Save Today' is clicked on

2019-08-29 08:05:20 - [MESSAGE][PASSED] - Object: 'Object Repository/mobileSanity/STM/Home Page/a_Quote  Save Today' is clicked on

2019-08-29 08:05:20 - [TEST_STEP][PASSED] - waitForPageLoad(10): Wait for page load successfully

2019-08-29 08:05:21 - [MESSAGE][PASSED] - Wait for page load successfully

2019-08-29 08:05:21 - [TEST_STEP][PASSED] - callTestCase(findTestCase("mobileWeb/_include/get_screenshot"), [:], STOP_ON_FAILURE): Call Test Case 'Test Cases/mobileWeb/_include/get_screenshot' successfully

2019-08-29 08:05:21 - [TEST_CASE][PASSED] - Test Cases/mobileWeb/_include/get_screenshot: Test Cases/mobileWeb/_include/get_screenshot

2019-08-29 08:05:21 - [TEST_STEP][PASSED] - takeScreenshot(screenPath + i + ".png"): Taking screenshot successfully

2019-08-29 08:05:21 - [MESSAGE][PASSED] - Taking screenshot successfully
[[ATTACHMENT|D:\\Test\\AgileTest\\Reports\\mobileWeb\\stm\\20190829_080037\\../Screenshots/iPhone 6/stm/AdvantHealth/standard/1.png]]

2019-08-29 08:05:21 - [TEST_STEP][PASSED] - (internal.GlobalVariable.i++): null

2019-08-29 08:05:21 - [MESSAGE][PASSED] - Call Test Case 'Test Cases/mobileWeb/_include/get_screenshot' successfully

2019-08-29 08:05:21 - [TEST_STEP][PASSED] - setText(findTestObject("mobileSanity/STM/STM Census Page/input_Location_zip-input"), zipcode): Text '35215' is set on object 'Object Repository/mobileSanity/STM/STM Census Page/input_Location_zip-input'

2019-08-29 08:05:21 - [MESSAGE][PASSED] - Text '35215' is set on object 'Object Repository/mobileSanity/STM/STM Census Page/input_Location_zip-input'

2019-08-29 08:05:21 - [TEST_STEP][PASSED] - Thread.sleep(500): null

2019-08-29 08:05:22 - [TEST_STEP][PASSED] - setText(findTestObject("mobileSanity/STM/STM Census Page/input_Date of Birth_dob-0"), "03031987"): Text '03031987' is set on object 'Object Repository/mobileSanity/STM/STM Census Page/input_Date of Birth_dob-0'

2019-08-29 08:05:22 - [MESSAGE][PASSED] - Text '03031987' is set on object 'Object Repository/mobileSanity/STM/STM Census Page/input_Date of Birth_dob-0'

2019-08-29 08:05:22 - [TEST_STEP][PASSED] - click(findTestObject("mobileSanity/STM/STM Census Page/label_Male")): Object: 'Object Repository/mobileSanity/STM/STM Census Page/label_Male' is clicked on

2019-08-29 08:05:22 - [MESSAGE][PASSED] - Object: 'Object Repository/mobileSanity/STM/STM Census Page/label_Male' is clicked on

2019-08-29 08:05:22 - [TEST_STEP][PASSED] - click(findTestObject("mobileSanity/STM/STM Census Page/label_Compare Plans")): Object: 'Object Repository/mobileSanity/STM/STM Census Page/label_Compare Plans' is clicked on

2019-08-29 08:05:25 - [MESSAGE][PASSED] - Object: 'Object Repository/mobileSanity/STM/STM Census Page/label_Compare Plans' is clicked on

2019-08-29 08:05:25 - [TEST_STEP][PASSED] - waitForElementVisible(findTestObject("mobileSanity/STM/STM Quote Page/button_sort"), 20): Object 'Object Repository/mobileSanity/STM/STM Quote Page/button_sort' is visible

2019-08-29 08:05:27 - [MESSAGE][PASSED] - Object 'Object Repository/mobileSanity/STM/STM Quote Page/button_sort' is visible

2019-08-29 08:05:27 - [TEST_STEP][PASSED] - Thread.sleep(3000): null

2019-08-29 08:05:30 - [TEST_STEP][PASSED] - callTestCase(findTestCase("mobileWeb/_include/get_screenshot"), [:], STOP_ON_FAILURE): Call Test Case 'Test Cases/mobileWeb/_include/get_screenshot' successfully

2019-08-29 08:05:30 - [TEST_CASE][PASSED] - Test Cases/mobileWeb/_include/get_screenshot: Test Cases/mobileWeb/_include/get_screenshot

2019-08-29 08:05:30 - [TEST_STEP][PASSED] - takeScreenshot(screenPath + i + ".png"): Taking screenshot successfully

2019-08-29 08:05:31 - [MESSAGE][PASSED] - Taking screenshot successfully
[[ATTACHMENT|D:\\Test\\AgileTest\\Reports\\mobileWeb\\stm\\20190829_080037\\../Screenshots/iPhone 6/stm/AdvantHealth/standard/2.png]]

2019-08-29 08:05:31 - [TEST_STEP][PASSED] - (internal.GlobalVariable.i++): null

2019-08-29 08:05:31 - [MESSAGE][PASSED] - Call Test Case 'Test Cases/mobileWeb/_include/get_screenshot' successfully

2019-08-29 08:05:31 - [TEST_STEP][PASSED] - Thread.sleep(1000): null

2019-08-29 08:05:32 - [MESSAGE][PASSED] - Call Test Case 'Test Cases/mobileWeb/_include/census_stm' successfully

2019-08-29 08:05:32 - [TEST_STEP][PASSED] - callTestCase(findTestCase("mobileWeb/_include/filter_stm"), ["carrier":"advanthealth"], STOP_ON_FAILURE): Call Test Case 'Test Cases/mobileWeb/_include/filter_stm' successfully

2019-08-29 08:05:33 - [TEST_CASE][PASSED] - Test Cases/mobileWeb/_include/filter_stm: Test Cases/mobileWeb/_include/filter_stm

2019-08-29 08:05:33 - [TEST_STEP][PASSED] - driver = getWebDriver(): null

2019-08-29 08:05:33 - [TEST_STEP][PASSED] - selenium = new com.thoughtworks.selenium.webdriven.WebDriverBackedSelenium(driver, internal.GlobalVariable.ENV): null

2019-08-29 08:05:33 - [TEST_STEP][PASSED] - Thread.sleep(1000): null

2019-08-29 08:05:35 - [TEST_STEP][PASSED] - click(findTestObject("mobileSanity/STM/STM Quote Page/button_filters")): Object: 'Object Repository/mobileSanity/STM/STM Quote Page/button_filters' is clicked on

2019-08-29 08:05:35 - [MESSAGE][PASSED] - Object: 'Object Repository/mobileSanity/STM/STM Quote Page/button_filters' is clicked on

2019-08-29 08:05:35 - [TEST_STEP][PASSED] - Thread.sleep(1000): null

2019-08-29 08:05:36 - [TEST_STEP][PASSED] - click(findTestObject("mobileSanity/STM/STM Quote Page/i_Insurance company")): Object: 'Object Repository/mobileSanity/STM/STM Quote Page/i_Insurance company' is clicked on

2019-08-29 08:05:36 - [MESSAGE][PASSED] - Object: 'Object Repository/mobileSanity/STM/STM Quote Page/i_Insurance company' is clicked on

2019-08-29 08:05:36 - [TEST_STEP][PASSED] - Thread.sleep(1000): null

2019-08-29 08:05:41 - [TEST_STEP][PASSED] - filter_carrier = "//input[@name='filter[carrier]' and @value='" + carrier + "']/following::label": null

2019-08-29 08:05:41 - [TEST_STEP][PASSED] - println(filter_carrier): null

2019-08-29 08:05:41 - [TEST_STEP][PASSED] - test.MobileKeywords.clickJS_ByXpath(filter_carrier): test.MobileKeywords.clickJS_ByXpath is PASSED

2019-08-29 08:05:41 - [MESSAGE][PASSED] - Execute JavaScript 'arguments[0].click()' successfully

2019-08-29 08:05:41 - [MESSAGE][PASSED] - test.MobileKeywords.clickJS_ByXpath is PASSED

2019-08-29 08:05:41 - [TEST_STEP][PASSED] - Thread.sleep(1000): null

2019-08-29 08:05:42 - [TEST_STEP][PASSED] - scrollToElement(findTestObject("mobileSanity/STM/STM Quote Page/a_Show Plans"), 1000): Scroll to object 'Object Repository/mobileSanity/STM/STM Quote Page/a_Show Plans' successfully

2019-08-29 08:05:42 - [MESSAGE][PASSED] - Scroll to object 'Object Repository/mobileSanity/STM/STM Quote Page/a_Show Plans' successfully

2019-08-29 08:05:42 - [TEST_STEP][PASSED] - click(findTestObject("mobileSanity/STM/STM Quote Page/a_Show Plans")): Object: 'Object Repository/mobileSanity/STM/STM Quote Page/a_Show Plans' is clicked on

2019-08-29 08:05:42 - [MESSAGE][PASSED] - Object: 'Object Repository/mobileSanity/STM/STM Quote Page/a_Show Plans' is clicked on

2019-08-29 08:05:42 - [TEST_STEP][PASSED] - waitForJQueryLoad(20, STOP_ON_FAILURE): jQuery is ready.

2019-08-29 08:05:42 - [MESSAGE][PASSED] - jQuery is ready.

2019-08-29 08:05:42 - [TEST_STEP][PASSED] - Thread.sleep(2000): null

2019-08-29 08:05:44 - [TEST_STEP][PASSED] - callTestCase(findTestCase("mobileWeb/_include/get_screenshot"), [:], STOP_ON_FAILURE): Call Test Case 'Test Cases/mobileWeb/_include/get_screenshot' successfully

2019-08-29 08:05:45 - [TEST_CASE][PASSED] - Test Cases/mobileWeb/_include/get_screenshot: Test Cases/mobileWeb/_include/get_screenshot

2019-08-29 08:05:45 - [TEST_STEP][PASSED] - takeScreenshot(screenPath + i + ".png"): Taking screenshot successfully

2019-08-29 08:05:45 - [MESSAGE][PASSED] - Taking screenshot successfully
[[ATTACHMENT|D:\\Test\\AgileTest\\Reports\\mobileWeb\\stm\\20190829_080037\\../Screenshots/iPhone 6/stm/AdvantHealth/standard/3.png]]

2019-08-29 08:05:45 - [TEST_STEP][PASSED] - (internal.GlobalVariable.i++): null

2019-08-29 08:05:45 - [MESSAGE][PASSED] - Call Test Case 'Test Cases/mobileWeb/_include/get_screenshot' successfully

2019-08-29 08:05:45 - [MESSAGE][PASSED] - Call Test Case 'Test Cases/mobileWeb/_include/filter_stm' successfully

2019-08-29 08:05:45 - [TEST_STEP][PASSED] - callTestCase(findTestCase("mobileWeb/_include/goToDetail_stm"), ["carrier":"advanthealth"], STOP_ON_FAILURE): Call Test Case 'Test Cases/mobileWeb/_include/goToDetail_stm' successfully

2019-08-29 08:05:45 - [TEST_CASE][PASSED] - Test Cases/mobileWeb/_include/goToDetail_stm: Test Cases/mobileWeb/_include/goToDetail_stm

2019-08-29 08:05:45 - [TEST_STEP][PASSED] - driver = getWebDriver(): null

2019-08-29 08:05:45 - [TEST_STEP][PASSED] - selenium = new com.thoughtworks.selenium.webdriven.WebDriverBackedSelenium(driver, internal.GlobalVariable.ENV): null

2019-08-29 08:05:45 - [TEST_STEP][PASSED] - a_plan_name = "xpath=//a[contains(@href,'/term-health-insurance/plan/" + carrier + "')]": null

2019-08-29 08:05:45 - [TEST_STEP][PASSED] - println(a_plan_name): null

2019-08-29 08:05:45 - [TEST_STEP][PASSED] - selenium.click(a_plan_name): null

2019-08-29 08:05:47 - [TEST_STEP][PASSED] - waitForPageLoad(20): Wait for page load successfully

2019-08-29 08:05:47 - [MESSAGE][PASSED] - Wait for page load successfully

2019-08-29 08:05:47 - [TEST_STEP][PASSED] - Thread.sleep(2000): null

2019-08-29 08:05:49 - [TEST_STEP][PASSED] - callTestCase(findTestCase("mobileWeb/_include/get_screenshot"), [:], STOP_ON_FAILURE): Call Test Case 'Test Cases/mobileWeb/_include/get_screenshot' successfully

2019-08-29 08:05:49 - [TEST_CASE][PASSED] - Test Cases/mobileWeb/_include/get_screenshot: Test Cases/mobileWeb/_include/get_screenshot

2019-08-29 08:05:49 - [TEST_STEP][PASSED] - takeScreenshot(screenPath + i + ".png"): Taking screenshot successfully

2019-08-29 08:05:50 - [MESSAGE][PASSED] - Taking screenshot successfully
[[ATTACHMENT|D:\\Test\\AgileTest\\Reports\\mobileWeb\\stm\\20190829_080037\\../Screenshots/iPhone 6/stm/AdvantHealth/standard/4.png]]

2019-08-29 08:05:50 - [TEST_STEP][PASSED] - (internal.GlobalVariable.i++): null

2019-08-29 08:05:50 - [MESSAGE][PASSED] - Call Test Case 'Test Cases/mobileWeb/_include/get_screenshot' successfully

2019-08-29 08:05:50 - [MESSAGE][PASSED] - Call Test Case 'Test Cases/mobileWeb/_include/goToDetail_stm' successfully

2019-08-29 08:05:50 - [TEST_STEP][PASSED] - callTestCase(findTestCase("mobileWeb/_include/apply_stm"), [:], STOP_ON_FAILURE): Call Test Case 'Test Cases/mobileWeb/_include/apply_stm' successfully

2019-08-29 08:05:50 - [TEST_CASE][PASSED] - Test Cases/mobileWeb/_include/apply_stm: Test Cases/mobileWeb/_include/apply_stm

2019-08-29 08:05:50 - [TEST_STEP][PASSED] - waitForElementVisible(findTestObject("mobileSanity/STM/STM PlanDetail Page/a_Apply for This Plan"), 5): Object 'Object Repository/mobileSanity/STM/STM PlanDetail Page/a_Apply for This Plan' is visible

2019-08-29 08:05:50 - [MESSAGE][PASSED] - Object 'Object Repository/mobileSanity/STM/STM PlanDetail Page/a_Apply for This Plan' is visible

2019-08-29 08:05:50 - [TEST_STEP][PASSED] - click(findTestObject("mobileSanity/STM/STM PlanDetail Page/a_Apply for This Plan")): Object: 'Object Repository/mobileSanity/STM/STM PlanDetail Page/a_Apply for This Plan' is clicked on

2019-08-29 08:05:51 - [MESSAGE][PASSED] - Object: 'Object Repository/mobileSanity/STM/STM PlanDetail Page/a_Apply for This Plan' is clicked on

2019-08-29 08:05:51 - [TEST_STEP][PASSED] - waitForPageLoad(10): Wait for page load successfully

2019-08-29 08:05:51 - [MESSAGE][PASSED] - Wait for page load successfully

2019-08-29 08:05:51 - [TEST_STEP][PASSED] - Thread.sleep(2000): null

2019-08-29 08:05:53 - [TEST_STEP][PASSED] - callTestCase(findTestCase("mobileWeb/_include/get_screenshot"), [:], STOP_ON_FAILURE): Call Test Case 'Test Cases/mobileWeb/_include/get_screenshot' successfully

2019-08-29 08:05:53 - [TEST_CASE][PASSED] - Test Cases/mobileWeb/_include/get_screenshot: Test Cases/mobileWeb/_include/get_screenshot

2019-08-29 08:05:53 - [TEST_STEP][PASSED] - takeScreenshot(screenPath + i + ".png"): Taking screenshot successfully

2019-08-29 08:05:53 - [MESSAGE][PASSED] - Taking screenshot successfully
[[ATTACHMENT|D:\\Test\\AgileTest\\Reports\\mobileWeb\\stm\\20190829_080037\\../Screenshots/iPhone 6/stm/AdvantHealth/standard/5.png]]

2019-08-29 08:05:53 - [TEST_STEP][PASSED] - (internal.GlobalVariable.i++): null

2019-08-29 08:05:53 - [MESSAGE][PASSED] - Call Test Case 'Test Cases/mobileWeb/_include/get_screenshot' successfully

2019-08-29 08:05:53 - [TEST_STEP][PASSED] - waitForElementVisible(findTestObject("mobileSanity/STM/STM Apply Page/a_Start Secure Application"), 5): Object 'Object Repository/mobileSanity/STM/STM Apply Page/a_Start Secure Application' is visible

2019-08-29 08:05:53 - [MESSAGE][PASSED] - Object 'Object Repository/mobileSanity/STM/STM Apply Page/a_Start Secure Application' is visible

2019-08-29 08:05:53 - [TEST_STEP][PASSED] - click(findTestObject("mobileSanity/STM/STM Apply Page/a_Start Secure Application")): Object: 'Object Repository/mobileSanity/STM/STM Apply Page/a_Start Secure Application' is clicked on

2019-08-29 08:05:54 - [MESSAGE][PASSED] - Object: 'Object Repository/mobileSanity/STM/STM Apply Page/a_Start Secure Application' is clicked on

2019-08-29 08:05:54 - [TEST_STEP][PASSED] - waitForPageLoad(20): Wait for page load successfully

2019-08-29 08:05:54 - [MESSAGE][PASSED] - Wait for page load successfully

2019-08-29 08:05:54 - [TEST_STEP][PASSED] - Thread.sleep(2000): null

2019-08-29 08:05:56 - [TEST_STEP][PASSED] - callTestCase(findTestCase("mobileWeb/_include/get_screenshot"), [:], STOP_ON_FAILURE): Call Test Case 'Test Cases/mobileWeb/_include/get_screenshot' successfully

2019-08-29 08:05:56 - [TEST_CASE][PASSED] - Test Cases/mobileWeb/_include/get_screenshot: Test Cases/mobileWeb/_include/get_screenshot

2019-08-29 08:05:56 - [TEST_STEP][PASSED] - takeScreenshot(screenPath + i + ".png"): Taking screenshot successfully

2019-08-29 08:05:57 - [MESSAGE][PASSED] - Taking screenshot successfully
[[ATTACHMENT|D:\\Test\\AgileTest\\Reports\\mobileWeb\\stm\\20190829_080037\\../Screenshots/iPhone 6/stm/AdvantHealth/standard/6.png]]

2019-08-29 08:05:57 - [TEST_STEP][PASSED] - (internal.GlobalVariable.i++): null

2019-08-29 08:05:57 - [MESSAGE][PASSED] - Call Test Case 'Test Cases/mobileWeb/_include/get_screenshot' successfully

2019-08-29 08:05:57 - [MESSAGE][PASSED] - Call Test Case 'Test Cases/mobileWeb/_include/apply_stm' successfully

2019-08-29 08:05:57 - [TEST_STEP][PASSED] - callTestCase(findTestCase("mobileWeb/_include/goToEnd_stm_autofill"), [:], STOP_ON_FAILURE): Call Test Case 'Test Cases/mobileWeb/_include/goToEnd_stm_autofill' successfully

2019-08-29 08:05:57 - [TEST_CASE][PASSED] - Test Cases/mobileWeb/_include/goToEnd_stm_autofill: Test Cases/mobileWeb/_include/goToEnd_stm_autofill

2019-08-29 08:05:57 - [TEST_STEP][PASSED] - callTestCase(findTestCase("mobileWeb/_include/name"), [:], CONTINUE_ON_FAILURE): Call Test Case 'Test Cases/mobileWeb/_include/name' successfully

2019-08-29 08:05:57 - [TEST_CASE][PASSED] - Test Cases/mobileWeb/_include/name: Test Cases/mobileWeb/_include/name

2019-08-29 08:05:57 - [TEST_STEP][PASSED] - driver = getWebDriver(): null

2019-08-29 08:05:57 - [TEST_STEP][PASSED] - selenium = new com.thoughtworks.selenium.webdriven.WebDriverBackedSelenium(driver, internal.GlobalVariable.ENV): null

2019-08-29 08:05:57 - [TEST_STEP][PASSED] - FirstName = "Test-123": null

2019-08-29 08:05:57 - [TEST_STEP][PASSED] - LastName = selenium.getEval("{var x="ABCDEFGHIJKLMNOPQRSTUVWXYZabcdefghijklmnopqrstuvwxyz"; var tmp="ZZ11-"; for (i=0;i<8;i++) tmp+=x.charAt(Math.ceil(51*Math.random()));tmp;}"): null

2019-08-29 08:05:57 - [TEST_STEP][PASSED] - Address = selenium.getEval("{var x="ABCDEFGHIJKLMNOPQRSTUVWXYZabcdefghijklmnopqrstuvwxyz"; var tmp=""; for (i=0;i<8;i++) tmp+=x.charAt(Math.ceil(51*Math.random()));tmp;}"): null

2019-08-29 08:05:57 - [TEST_STEP][PASSED] - City = selenium.getEval("{var x="ABCDEFGHIJKLMNOPQRSTUVWXYZabcdefghijklmnopqrstuvwxyz"; var tmp=""; for (i=0;i<8;i++) tmp+=x.charAt(Math.ceil(51*Math.random()));tmp;}"): null

2019-08-29 08:05:57 - [TEST_STEP][PASSED] - tel1 = selenium.getEval("{var x="123456789"; var tmp=""; for (i=0;i<3;i++) tmp+=x.charAt(Math.ceil(8*Math.random()));tmp;}"): null

2019-08-29 08:05:57 - [TEST_STEP][PASSED] - tel2 = selenium.getEval("{var x="123456789"; var tmp=""; for (i=0;i<3;i++) tmp+=x.charAt(Math.ceil(8*Math.random()));tmp;}"): null

2019-08-29 08:05:57 - [TEST_STEP][PASSED] - tel3 = selenium.getEval("{var x="123456789"; var tmp=""; for (i=0;i<4;i++) tmp+=x.charAt(Math.ceil(8*Math.random()));tmp;}"): null

2019-08-29 08:05:57 - [TEST_STEP][PASSED] - Tel = selenium.getExpression(tel1 + "-" + tel2 + "-" + tel3): null

2019-08-29 08:05:57 - [TEST_STEP][PASSED] - AutoEmail = selenium.getEval("{var x="ABCDEFGHIJKLMNOPQRSTUVWXYZabcdefghijklmnopqrstuvwxyz"; var tmp="test."; for (i=0;i<8;i++) tmp+=x.charAt(Math.ceil(51*Math.random()));tmp+="@suryani.cn";}"): null

2019-08-29 08:05:57 - [TEST_STEP][PASSED] - FirstName = FirstName: null

2019-08-29 08:05:57 - [TEST_STEP][PASSED] - LastName = LastName: null

2019-08-29 08:05:58 - [TEST_STEP][PASSED] - Address = Address: null

2019-08-29 08:05:58 - [TEST_STEP][PASSED] - City = City: null

2019-08-29 08:05:58 - [TEST_STEP][PASSED] - Tel = Tel: null

2019-08-29 08:05:58 - [TEST_STEP][PASSED] - AutoEmail = AutoEmail: null

2019-08-29 08:05:58 - [TEST_STEP][PASSED] - println(FirstName): null

2019-08-29 08:05:58 - [TEST_STEP][PASSED] - println(LastName): null

2019-08-29 08:05:58 - [TEST_STEP][PASSED] - println(Address): null

2019-08-29 08:05:58 - [TEST_STEP][PASSED] - println(City): null

2019-08-29 08:05:58 - [TEST_STEP][PASSED] - println(Tel): null

2019-08-29 08:05:58 - [TEST_STEP][PASSED] - println(AutoEmail): null

2019-08-29 08:05:58 - [MESSAGE][PASSED] - Call Test Case 'Test Cases/mobileWeb/_include/name' successfully

2019-08-29 08:05:58 - [TEST_STEP][PASSED] - try: Call Test Case 'Test Cases/mobileWeb/_include/get_screenshot' successfully

2019-08-29 08:05:58 - [TEST_STEP][PASSED] - if (verifyTextPresent("Month Duration Acknowledgement", false)): Call Test Case 'Test Cases/mobileWeb/_include/get_screenshot' successfully

2019-08-29 08:05:58 - [MESSAGE][PASSED] - Text 'Month Duration Acknowledgement' is present on page 

2019-08-29 08:05:58 - [TEST_STEP][PASSED] - click(findTestObject("mobileSanity/STM/Page_App Page 1/label_By checking this box I u")): Object: 'Object Repository/mobileSanity/STM/Page_App Page 1/label_By checking this box I u' is clicked on

2019-08-29 08:05:58 - [MESSAGE][PASSED] - Object: 'Object Repository/mobileSanity/STM/Page_App Page 1/label_By checking this box I u' is clicked on

2019-08-29 08:05:58 - [TEST_STEP][PASSED] - click(findTestObject("mobileSanity/STM/Page_App Page 1/button_Continue to Application")): Object: 'Object Repository/mobileSanity/STM/Page_App Page 1/button_Continue to Application' is clicked on

2019-08-29 08:05:59 - [MESSAGE][PASSED] - Object: 'Object Repository/mobileSanity/STM/Page_App Page 1/button_Continue to Application' is clicked on

2019-08-29 08:05:59 - [TEST_STEP][PASSED] - waitForPageLoad(20): Wait for page load successfully

2019-08-29 08:06:00 - [MESSAGE][PASSED] - Wait for page load successfully

2019-08-29 08:06:00 - [TEST_STEP][PASSED] - Thread.sleep(5000): null

2019-08-29 08:06:05 - [TEST_STEP][PASSED] - callTestCase(findTestCase("mobileWeb/_include/get_screenshot"), [:], STOP_ON_FAILURE): Call Test Case 'Test Cases/mobileWeb/_include/get_screenshot' successfully

2019-08-29 08:06:05 - [TEST_CASE][PASSED] - Test Cases/mobileWeb/_include/get_screenshot: Test Cases/mobileWeb/_include/get_screenshot

2019-08-29 08:06:05 - [TEST_STEP][PASSED] - takeScreenshot(screenPath + i + ".png"): Taking screenshot successfully

2019-08-29 08:06:05 - [MESSAGE][PASSED] - Taking screenshot successfully
[[ATTACHMENT|D:\\Test\\AgileTest\\Reports\\mobileWeb\\stm\\20190829_080037\\../Screenshots/iPhone 6/stm/AdvantHealth/standard/7.png]]

2019-08-29 08:06:05 - [TEST_STEP][PASSED] - (internal.GlobalVariable.i++): null

2019-08-29 08:06:05 - [MESSAGE][PASSED] - Call Test Case 'Test Cases/mobileWeb/_include/get_screenshot' successfully

2019-08-29 08:06:05 - [TEST_STEP][PASSED] - waitForPageLoad(10): Wait for page load successfully

2019-08-29 08:06:05 - [MESSAGE][PASSED] - Wait for page load successfully

2019-08-29 08:06:05 - [TEST_STEP][PASSED] - Thread.sleep(3000): null

2019-08-29 08:06:08 - [TEST_STEP][PASSED] - waitForElementVisible(findTestObject("mobileSanity/STM/Page_App Page 1/a_Autofill App Info"), 20): Object 'Object Repository/mobileSanity/STM/Page_App Page 1/a_Autofill App Info' is visible

2019-08-29 08:06:08 - [MESSAGE][PASSED] - Object 'Object Repository/mobileSanity/STM/Page_App Page 1/a_Autofill App Info' is visible

2019-08-29 08:06:08 - [TEST_STEP][PASSED] - click(findTestObject("mobileSanity/STM/Page_App Page 1/a_Autofill App Info")): Object: 'Object Repository/mobileSanity/STM/Page_App Page 1/a_Autofill App Info' is clicked on

2019-08-29 08:06:08 - [MESSAGE][PASSED] - Object: 'Object Repository/mobileSanity/STM/Page_App Page 1/a_Autofill App Info' is clicked on

2019-08-29 08:06:08 - [TEST_STEP][PASSED] - Thread.sleep(1000): null

2019-08-29 08:06:09 - [TEST_STEP][PASSED] - click(findTestObject("mobileSanity/STM/Page_App Page 1/a_Autofill App Info")): Object: 'Object Repository/mobileSanity/STM/Page_App Page 1/a_Autofill App Info' is clicked on

2019-08-29 08:06:09 - [MESSAGE][PASSED] - Object: 'Object Repository/mobileSanity/STM/Page_App Page 1/a_Autofill App Info' is clicked on

2019-08-29 08:06:09 - [TEST_STEP][PASSED] - Thread.sleep(1000): null

2019-08-29 08:06:10 - [TEST_STEP][PASSED] - waitForElementVisible(findTestObject("mobileSanity/STM/Page_App Page 1/a_Continue"), 20): Object 'Object Repository/mobileSanity/STM/Page_App Page 1/a_Continue' is visible

2019-08-29 08:06:11 - [MESSAGE][PASSED] - Object 'Object Repository/mobileSanity/STM/Page_App Page 1/a_Continue' is visible

2019-08-29 08:06:11 - [TEST_STEP][PASSED] - click(findTestObject("mobileSanity/STM/Page_App Page 1/a_Continue")): Object: 'Object Repository/mobileSanity/STM/Page_App Page 1/a_Continue' is clicked on

2019-08-29 08:06:11 - [MESSAGE][PASSED] - Object: 'Object Repository/mobileSanity/STM/Page_App Page 1/a_Continue' is clicked on

2019-08-29 08:06:11 - [TEST_STEP][PASSED] - waitForPageLoad(20): Wait for page load successfully

2019-08-29 08:06:11 - [MESSAGE][PASSED] - Wait for page load successfully

2019-08-29 08:06:11 - [TEST_STEP][PASSED] - Thread.sleep(2000): null

2019-08-29 08:06:15 - [TEST_STEP][PASSED] - callTestCase(findTestCase("mobileWeb/_include/get_screenshot"), [:], STOP_ON_FAILURE): Call Test Case 'Test Cases/mobileWeb/_include/get_screenshot' successfully

2019-08-29 08:06:15 - [TEST_CASE][PASSED] - Test Cases/mobileWeb/_include/get_screenshot: Test Cases/mobileWeb/_include/get_screenshot

2019-08-29 08:06:15 - [TEST_STEP][PASSED] - takeScreenshot(screenPath + i + ".png"): Taking screenshot successfully

2019-08-29 08:06:16 - [MESSAGE][PASSED] - Taking screenshot successfully
[[ATTACHMENT|D:\\Test\\AgileTest\\Reports\\mobileWeb\\stm\\20190829_080037\\../Screenshots/iPhone 6/stm/AdvantHealth/standard/8.png]]

2019-08-29 08:06:16 - [TEST_STEP][PASSED] - (internal.GlobalVariable.i++): null

2019-08-29 08:06:16 - [MESSAGE][PASSED] - Call Test Case 'Test Cases/mobileWeb/_include/get_screenshot' successfully

2019-08-29 08:06:16 - [TEST_STEP][PASSED] - click(findTestObject("mobileSanity/STM/Page_App Page 2/a_Continue to Step 3 - Payment")): Object: 'Object Repository/mobileSanity/STM/Page_App Page 2/a_Continue to Step 3 - Payment' is clicked on

2019-08-29 08:06:16 - [MESSAGE][PASSED] - Object: 'Object Repository/mobileSanity/STM/Page_App Page 2/a_Continue to Step 3 - Payment' is clicked on

2019-08-29 08:06:16 - [TEST_STEP][PASSED] - waitForPageLoad(20): Wait for page load successfully

2019-08-29 08:06:16 - [MESSAGE][PASSED] - Wait for page load successfully

2019-08-29 08:06:16 - [TEST_STEP][PASSED] - waitForElementVisible(findTestObject("mobileSanity/STM/Page_App Page 3/input__credit-card-cvv"), 20): Object 'Object Repository/mobileSanity/STM/Page_App Page 3/input__credit-card-cvv' is visible

2019-08-29 08:06:17 - [MESSAGE][PASSED] - Object 'Object Repository/mobileSanity/STM/Page_App Page 3/input__credit-card-cvv' is visible

2019-08-29 08:06:17 - [TEST_STEP][PASSED] - Thread.sleep(2000): null

2019-08-29 08:06:19 - [TEST_STEP][PASSED] - callTestCase(findTestCase("mobileWeb/_include/get_screenshot"), [:], STOP_ON_FAILURE): Call Test Case 'Test Cases/mobileWeb/_include/get_screenshot' successfully

2019-08-29 08:06:19 - [TEST_CASE][PASSED] - Test Cases/mobileWeb/_include/get_screenshot: Test Cases/mobileWeb/_include/get_screenshot

2019-08-29 08:06:19 - [TEST_STEP][PASSED] - takeScreenshot(screenPath + i + ".png"): Taking screenshot successfully

2019-08-29 08:06:19 - [MESSAGE][PASSED] - Taking screenshot successfully
[[ATTACHMENT|D:\\Test\\AgileTest\\Reports\\mobileWeb\\stm\\20190829_080037\\../Screenshots/iPhone 6/stm/AdvantHealth/standard/9.png]]

2019-08-29 08:06:19 - [TEST_STEP][PASSED] - (internal.GlobalVariable.i++): null

2019-08-29 08:06:20 - [MESSAGE][PASSED] - Call Test Case 'Test Cases/mobileWeb/_include/get_screenshot' successfully

2019-08-29 08:06:20 - [TEST_STEP][PASSED] - clearText(findTestObject("mobileSanity/STM/Page_App Page 3/input__credit-card-cvv")): Text of object 'Object Repository/mobileSanity/STM/Page_App Page 3/input__credit-card-cvv' is cleared

2019-08-29 08:06:20 - [MESSAGE][PASSED] - Text of object 'Object Repository/mobileSanity/STM/Page_App Page 3/input__credit-card-cvv' is cleared

2019-08-29 08:06:20 - [TEST_STEP][PASSED] - setText(findTestObject("mobileSanity/STM/Page_App Page 3/input__credit-card-cvv"), "123"): Text '123' is set on object 'Object Repository/mobileSanity/STM/Page_App Page 3/input__credit-card-cvv'

2019-08-29 08:06:20 - [MESSAGE][PASSED] - Text '123' is set on object 'Object Repository/mobileSanity/STM/Page_App Page 3/input__credit-card-cvv'

2019-08-29 08:06:20 - [TEST_STEP][PASSED] - click(findTestObject("mobileSanity/STM/Page_App Page 3/label_I Accept Authorization f")): Object: 'Object Repository/mobileSanity/STM/Page_App Page 3/label_I Accept Authorization f' is clicked on

2019-08-29 08:06:20 - [MESSAGE][PASSED] - Object: 'Object Repository/mobileSanity/STM/Page_App Page 3/label_I Accept Authorization f' is clicked on

2019-08-29 08:06:20 - [TEST_STEP][PASSED] - click(findTestObject("mobileSanity/STM/Page_App Page 3/a_Continue to Step 4 - Review")): Object: 'Object Repository/mobileSanity/STM/Page_App Page 3/a_Continue to Step 4 - Review' is clicked on

2019-08-29 08:06:20 - [MESSAGE][PASSED] - Object: 'Object Repository/mobileSanity/STM/Page_App Page 3/a_Continue to Step 4 - Review' is clicked on

2019-08-29 08:06:20 - [TEST_STEP][PASSED] - waitForPageLoad(10): Wait for page load successfully

2019-08-29 08:06:20 - [MESSAGE][PASSED] - Wait for page load successfully

2019-08-29 08:06:20 - [TEST_STEP][PASSED] - waitForElementClickable(findTestObject("mobileSanity/STM/Page_App Page 4/label"), 10): Object 'Object Repository/mobileSanity/STM/Page_App Page 4/label' is clickable

2019-08-29 08:06:21 - [MESSAGE][PASSED] - Object 'Object Repository/mobileSanity/STM/Page_App Page 4/label' is clickable

2019-08-29 08:06:21 - [TEST_STEP][PASSED] - Thread.sleep(2000): null

2019-08-29 08:06:23 - [TEST_STEP][PASSED] - callTestCase(findTestCase("mobileWeb/_include/get_screenshot"), [:], STOP_ON_FAILURE): Call Test Case 'Test Cases/mobileWeb/_include/get_screenshot' successfully

2019-08-29 08:06:23 - [TEST_CASE][PASSED] - Test Cases/mobileWeb/_include/get_screenshot: Test Cases/mobileWeb/_include/get_screenshot

2019-08-29 08:06:23 - [TEST_STEP][PASSED] - takeScreenshot(screenPath + i + ".png"): Taking screenshot successfully

2019-08-29 08:06:23 - [MESSAGE][PASSED] - Taking screenshot successfully
[[ATTACHMENT|D:\\Test\\AgileTest\\Reports\\mobileWeb\\stm\\20190829_080037\\../Screenshots/iPhone 6/stm/AdvantHealth/standard/10.png]]

2019-08-29 08:06:23 - [TEST_STEP][PASSED] - (internal.GlobalVariable.i++): null

2019-08-29 08:06:23 - [MESSAGE][PASSED] - Call Test Case 'Test Cases/mobileWeb/_include/get_screenshot' successfully

2019-08-29 08:06:23 - [TEST_STEP][PASSED] - click(findTestObject("mobileSanity/STM/Page_App Page 4/label")): Object: 'Object Repository/mobileSanity/STM/Page_App Page 4/label' is clicked on

2019-08-29 08:06:23 - [MESSAGE][PASSED] - Object: 'Object Repository/mobileSanity/STM/Page_App Page 4/label' is clicked on

2019-08-29 08:06:23 - [TEST_STEP][PASSED] - click(findTestObject("mobileSanity/STM/Page_App Page 4/div_CLICK TO SIGN")): Object: 'Object Repository/mobileSanity/STM/Page_App Page 4/div_CLICK TO SIGN' is clicked on

2019-08-29 08:06:23 - [MESSAGE][PASSED] - Object: 'Object Repository/mobileSanity/STM/Page_App Page 4/div_CLICK TO SIGN' is clicked on

2019-08-29 08:06:23 - [TEST_STEP][PASSED] - click(findTestObject("mobileSanity/STM/Page_App Page 4/a_Submit Your Application")): Object: 'Object Repository/mobileSanity/STM/Page_App Page 4/a_Submit Your Application' is clicked on

2019-08-29 08:06:23 - [MESSAGE][PASSED] - Object: 'Object Repository/mobileSanity/STM/Page_App Page 4/a_Submit Your Application' is clicked on

2019-08-29 08:06:23 - [TEST_STEP][PASSED] - Thread.sleep(30000): null

2019-08-29 08:06:54 - [TEST_STEP][PASSED] - callTestCase(findTestCase("mobileWeb/_include/get_screenshot"), [:], STOP_ON_FAILURE): Call Test Case 'Test Cases/mobileWeb/_include/get_screenshot' successfully

2019-08-29 08:06:54 - [TEST_CASE][PASSED] - Test Cases/mobileWeb/_include/get_screenshot: Test Cases/mobileWeb/_include/get_screenshot

2019-08-29 08:06:54 - [TEST_STEP][PASSED] - takeScreenshot(screenPath + i + ".png"): Taking screenshot successfully

2019-08-29 08:06:54 - [MESSAGE][PASSED] - Taking screenshot successfully
[[ATTACHMENT|D:\\Test\\AgileTest\\Reports\\mobileWeb\\stm\\20190829_080037\\../Screenshots/iPhone 6/stm/AdvantHealth/standard/11.png]]

2019-08-29 08:06:54 - [TEST_STEP][PASSED] - (internal.GlobalVariable.i++): null

2019-08-29 08:06:54 - [MESSAGE][PASSED] - Call Test Case 'Test Cases/mobileWeb/_include/get_screenshot' successfully

2019-08-29 08:06:54 - [TEST_STEP][PASSED] - waitForElementPresent(findTestObject("mobileSanity/STM/Page_App Page 6/span_planName"), 30): Object 'Object Repository/mobileSanity/STM/Page_App Page 6/span_planName' is present

2019-08-29 08:06:54 - [MESSAGE][PASSED] - Object 'Object Repository/mobileSanity/STM/Page_App Page 6/span_planName' is present

2019-08-29 08:06:54 - [TEST_STEP][PASSED] - verifyElementPresent(findTestObject("mobileSanity/STM/Page_App Page 6/span_planName"), 20): Object 'Object Repository/mobileSanity/STM/Page_App Page 6/span_planName' is present

2019-08-29 08:06:54 - [MESSAGE][PASSED] - Object 'Object Repository/mobileSanity/STM/Page_App Page 6/span_planName' is present

2019-08-29 08:06:54 - [TEST_STEP][PASSED] - verifyElementPresent(findTestObject("mobileSanity/STM/Page_App Page 6/span_approved"), 20): Object 'Object Repository/mobileSanity/STM/Page_App Page 6/span_approved' is present

2019-08-29 08:06:54 - [MESSAGE][PASSED] - Object 'Object Repository/mobileSanity/STM/Page_App Page 6/span_approved' is present

2019-08-29 08:06:54 - [MESSAGE][PASSED] - Call Test Case 'Test Cases/mobileWeb/_include/goToEnd_stm_autofill' successfully]]></system-out>
         <system-err><![CDATA[]]></system-err>
      </testcase>
      <testcase name="Test Cases/mobileWeb/stm/Companion" classname="Test Cases/mobileWeb/stm/Companion" status="PASSED">
         <system-out><![CDATA[2019-08-29 08:06:54 - [TEST_CASE][PASSED] - Test Cases/mobileWeb/stm/Companion: Test Cases/mobileWeb/stm/Companion

2019-08-29 08:06:55 - [TEST_STEP][PASSED] - callTestCase(findTestCase("mobileWeb/_include/get_screenPath"), ["productLine":"stm", "carrierName":"Companion"], CONTINUE_ON_FAILURE): Call Test Case 'Test Cases/mobileWeb/_include/get_screenPath' successfully

2019-08-29 08:06:55 - [TEST_CASE][PASSED] - Test Cases/mobileWeb/_include/get_screenPath: Test Cases/mobileWeb/_include/get_screenPath

2019-08-29 08:06:55 - [TEST_STEP][PASSED] - m = getExecutionProperties(): null

2019-08-29 08:06:55 - [TEST_STEP][PASSED] - deviceName = get("mobileEmulation").get("deviceName"): null

2019-08-29 08:06:55 - [TEST_STEP][PASSED] - println(deviceName): null

2019-08-29 08:06:55 - [TEST_STEP][PASSED] - now = new java.util.Date(): null

2019-08-29 08:06:55 - [TEST_STEP][PASSED] - mydate = now.format("yyyyMMdd_HHmmss"): null

2019-08-29 08:06:55 - [TEST_STEP][PASSED] - screenPath = "../Screenshots/": null

2019-08-29 08:06:55 - [TEST_STEP][PASSED] - screenPath = screenPath + deviceName + "/" + productLine + "/" + carrierName + "/" + "standard" + "/": null

2019-08-29 08:06:55 - [TEST_STEP][PASSED] - println(screenPath): null

2019-08-29 08:06:55 - [MESSAGE][PASSED] - Call Test Case 'Test Cases/mobileWeb/_include/get_screenPath' successfully

2019-08-29 08:06:55 - [TEST_STEP][PASSED] - i = 0: null

2019-08-29 08:06:55 - [TEST_STEP][PASSED] - callTestCase(findTestCase("mobileWeb/_include/openWebSite"), [:], CONTINUE_ON_FAILURE): Call Test Case 'Test Cases/mobileWeb/_include/openWebSite' successfully

2019-08-29 08:06:55 - [TEST_CASE][PASSED] - Test Cases/mobileWeb/_include/openWebSite: Test Cases/mobileWeb/_include/openWebSite

2019-08-29 08:06:55 - [TEST_STEP][PASSED] - openBrowser(env): Browser is opened with url: 'https://praetemptatus.agilehealthinsurance.com'

2019-08-29 08:06:55 - [MESSAGE][WARNING] - A browser is already opened. Closing browser and opening a new one

2019-08-29 08:06:57 - [MESSAGE][INFO] - Starting 'Chrome' driver

2019-08-29 08:06:57 - [MESSAGE][INFO] - User set preference: ['mobileEmulation', '{deviceName=iPhone 6}']

2019-08-29 08:06:57 - [MESSAGE][INFO] - User set preference: ['args', '[--incognito, --aggressive-cache-discard, --window-size=375,677, --no-sandbox]']

2019-08-29 08:07:05 - [MESSAGE][PASSED] - Browser is opened with url: 'https://praetemptatus.agilehealthinsurance.com'

2019-08-29 08:07:05 - [TEST_STEP][PASSED] - waitForPageLoad(20): Wait for page load successfully

2019-08-29 08:07:05 - [MESSAGE][PASSED] - Wait for page load successfully

2019-08-29 08:07:05 - [TEST_STEP][PASSED] - callTestCase(findTestCase("mobileWeb/_include/get_screenshot"), [:], STOP_ON_FAILURE): Call Test Case 'Test Cases/mobileWeb/_include/get_screenshot' successfully

2019-08-29 08:07:05 - [TEST_CASE][PASSED] - Test Cases/mobileWeb/_include/get_screenshot: Test Cases/mobileWeb/_include/get_screenshot

2019-08-29 08:07:05 - [TEST_STEP][PASSED] - takeScreenshot(screenPath + i + ".png"): Taking screenshot successfully

2019-08-29 08:07:06 - [MESSAGE][PASSED] - Taking screenshot successfully
[[ATTACHMENT|D:\\Test\\AgileTest\\Reports\\mobileWeb\\stm\\20190829_080037\\../Screenshots/iPhone 6/stm/Companion/standard/0.png]]

2019-08-29 08:07:06 - [TEST_STEP][PASSED] - (internal.GlobalVariable.i++): null

2019-08-29 08:07:06 - [MESSAGE][PASSED] - Call Test Case 'Test Cases/mobileWeb/_include/get_screenshot' successfully

2019-08-29 08:07:06 - [MESSAGE][PASSED] - Call Test Case 'Test Cases/mobileWeb/_include/openWebSite' successfully

2019-08-29 08:07:06 - [TEST_STEP][PASSED] - callTestCase(findTestCase("mobileWeb/_include/census_stm"), [:], CONTINUE_ON_FAILURE): Call Test Case 'Test Cases/mobileWeb/_include/census_stm' successfully

2019-08-29 08:07:07 - [TEST_CASE][PASSED] - Test Cases/mobileWeb/_include/census_stm: Test Cases/mobileWeb/_include/census_stm

2019-08-29 08:07:07 - [TEST_STEP][PASSED] - waitForElementClickable(findTestObject("mobileSanity/STM/Home Page/a_Quote  Save Today"), 10): Object 'Object Repository/mobileSanity/STM/Home Page/a_Quote  Save Today' is clickable

2019-08-29 08:07:07 - [MESSAGE][PASSED] - Object 'Object Repository/mobileSanity/STM/Home Page/a_Quote  Save Today' is clickable

2019-08-29 08:07:07 - [TEST_STEP][PASSED] - click(findTestObject("mobileSanity/STM/Home Page/a_Quote  Save Today")): Object: 'Object Repository/mobileSanity/STM/Home Page/a_Quote  Save Today' is clicked on

2019-08-29 08:07:07 - [MESSAGE][PASSED] - Object: 'Object Repository/mobileSanity/STM/Home Page/a_Quote  Save Today' is clicked on

2019-08-29 08:07:07 - [TEST_STEP][PASSED] - waitForPageLoad(10): Wait for page load successfully

2019-08-29 08:07:07 - [MESSAGE][PASSED] - Wait for page load successfully

2019-08-29 08:07:07 - [TEST_STEP][PASSED] - callTestCase(findTestCase("mobileWeb/_include/get_screenshot"), [:], STOP_ON_FAILURE): Call Test Case 'Test Cases/mobileWeb/_include/get_screenshot' successfully

2019-08-29 08:07:07 - [TEST_CASE][PASSED] - Test Cases/mobileWeb/_include/get_screenshot: Test Cases/mobileWeb/_include/get_screenshot

2019-08-29 08:07:07 - [TEST_STEP][PASSED] - takeScreenshot(screenPath + i + ".png"): Taking screenshot successfully

2019-08-29 08:07:08 - [MESSAGE][PASSED] - Taking screenshot successfully
[[ATTACHMENT|D:\\Test\\AgileTest\\Reports\\mobileWeb\\stm\\20190829_080037\\../Screenshots/iPhone 6/stm/Companion/standard/1.png]]

2019-08-29 08:07:08 - [TEST_STEP][PASSED] - (internal.GlobalVariable.i++): null

2019-08-29 08:07:08 - [MESSAGE][PASSED] - Call Test Case 'Test Cases/mobileWeb/_include/get_screenshot' successfully

2019-08-29 08:07:08 - [TEST_STEP][PASSED] - setText(findTestObject("mobileSanity/STM/STM Census Page/input_Location_zip-input"), zipcode): Text '35215' is set on object 'Object Repository/mobileSanity/STM/STM Census Page/input_Location_zip-input'

2019-08-29 08:07:08 - [MESSAGE][PASSED] - Text '35215' is set on object 'Object Repository/mobileSanity/STM/STM Census Page/input_Location_zip-input'

2019-08-29 08:07:08 - [TEST_STEP][PASSED] - Thread.sleep(500): null

2019-08-29 08:07:09 - [TEST_STEP][PASSED] - setText(findTestObject("mobileSanity/STM/STM Census Page/input_Date of Birth_dob-0"), "03031987"): Text '03031987' is set on object 'Object Repository/mobileSanity/STM/STM Census Page/input_Date of Birth_dob-0'

2019-08-29 08:07:09 - [MESSAGE][PASSED] - Text '03031987' is set on object 'Object Repository/mobileSanity/STM/STM Census Page/input_Date of Birth_dob-0'

2019-08-29 08:07:09 - [TEST_STEP][PASSED] - click(findTestObject("mobileSanity/STM/STM Census Page/label_Male")): Object: 'Object Repository/mobileSanity/STM/STM Census Page/label_Male' is clicked on

2019-08-29 08:07:09 - [MESSAGE][PASSED] - Object: 'Object Repository/mobileSanity/STM/STM Census Page/label_Male' is clicked on

2019-08-29 08:07:09 - [TEST_STEP][PASSED] - click(findTestObject("mobileSanity/STM/STM Census Page/label_Compare Plans")): Object: 'Object Repository/mobileSanity/STM/STM Census Page/label_Compare Plans' is clicked on

2019-08-29 08:07:11 - [MESSAGE][PASSED] - Object: 'Object Repository/mobileSanity/STM/STM Census Page/label_Compare Plans' is clicked on

2019-08-29 08:07:11 - [TEST_STEP][PASSED] - waitForElementVisible(findTestObject("mobileSanity/STM/STM Quote Page/button_sort"), 20): Object 'Object Repository/mobileSanity/STM/STM Quote Page/button_sort' is visible

2019-08-29 08:07:11 - [MESSAGE][PASSED] - Object 'Object Repository/mobileSanity/STM/STM Quote Page/button_sort' is visible

2019-08-29 08:07:11 - [TEST_STEP][PASSED] - Thread.sleep(3000): null

2019-08-29 08:07:15 - [TEST_STEP][PASSED] - callTestCase(findTestCase("mobileWeb/_include/get_screenshot"), [:], STOP_ON_FAILURE): Call Test Case 'Test Cases/mobileWeb/_include/get_screenshot' successfully

2019-08-29 08:07:15 - [TEST_CASE][PASSED] - Test Cases/mobileWeb/_include/get_screenshot: Test Cases/mobileWeb/_include/get_screenshot

2019-08-29 08:07:15 - [TEST_STEP][PASSED] - takeScreenshot(screenPath + i + ".png"): Taking screenshot successfully

2019-08-29 08:07:17 - [MESSAGE][PASSED] - Taking screenshot successfully
[[ATTACHMENT|D:\\Test\\AgileTest\\Reports\\mobileWeb\\stm\\20190829_080037\\../Screenshots/iPhone 6/stm/Companion/standard/2.png]]

2019-08-29 08:07:17 - [TEST_STEP][PASSED] - (internal.GlobalVariable.i++): null

2019-08-29 08:07:17 - [MESSAGE][PASSED] - Call Test Case 'Test Cases/mobileWeb/_include/get_screenshot' successfully

2019-08-29 08:07:17 - [TEST_STEP][PASSED] - Thread.sleep(1000): null

2019-08-29 08:07:18 - [MESSAGE][PASSED] - Call Test Case 'Test Cases/mobileWeb/_include/census_stm' successfully

2019-08-29 08:07:18 - [TEST_STEP][PASSED] - callTestCase(findTestCase("mobileWeb/_include/filter_stm"), ["carrier":"pivotcompanion"], STOP_ON_FAILURE): Call Test Case 'Test Cases/mobileWeb/_include/filter_stm' successfully

2019-08-29 08:07:19 - [TEST_CASE][PASSED] - Test Cases/mobileWeb/_include/filter_stm: Test Cases/mobileWeb/_include/filter_stm

2019-08-29 08:07:19 - [TEST_STEP][PASSED] - driver = getWebDriver(): null

2019-08-29 08:07:19 - [TEST_STEP][PASSED] - selenium = new com.thoughtworks.selenium.webdriven.WebDriverBackedSelenium(driver, internal.GlobalVariable.ENV): null

2019-08-29 08:07:19 - [TEST_STEP][PASSED] - Thread.sleep(1000): null

2019-08-29 08:07:20 - [TEST_STEP][PASSED] - click(findTestObject("mobileSanity/STM/STM Quote Page/button_filters")): Object: 'Object Repository/mobileSanity/STM/STM Quote Page/button_filters' is clicked on

2019-08-29 08:07:21 - [MESSAGE][PASSED] - Object: 'Object Repository/mobileSanity/STM/STM Quote Page/button_filters' is clicked on

2019-08-29 08:07:21 - [TEST_STEP][PASSED] - Thread.sleep(1000): null

2019-08-29 08:07:22 - [TEST_STEP][PASSED] - click(findTestObject("mobileSanity/STM/STM Quote Page/i_Insurance company")): Object: 'Object Repository/mobileSanity/STM/STM Quote Page/i_Insurance company' is clicked on

2019-08-29 08:07:23 - [MESSAGE][PASSED] - Object: 'Object Repository/mobileSanity/STM/STM Quote Page/i_Insurance company' is clicked on

2019-08-29 08:07:23 - [TEST_STEP][PASSED] - Thread.sleep(1000): null

2019-08-29 08:07:24 - [TEST_STEP][PASSED] - filter_carrier = "//input[@name='filter[carrier]' and @value='" + carrier + "']/following::label": null

2019-08-29 08:07:24 - [TEST_STEP][PASSED] - println(filter_carrier): null

2019-08-29 08:07:24 - [TEST_STEP][PASSED] - test.MobileKeywords.clickJS_ByXpath(filter_carrier): test.MobileKeywords.clickJS_ByXpath is PASSED

2019-08-29 08:07:24 - [MESSAGE][PASSED] - Execute JavaScript 'arguments[0].click()' successfully

2019-08-29 08:07:24 - [MESSAGE][PASSED] - test.MobileKeywords.clickJS_ByXpath is PASSED

2019-08-29 08:07:24 - [TEST_STEP][PASSED] - Thread.sleep(1000): null

2019-08-29 08:07:25 - [TEST_STEP][PASSED] - scrollToElement(findTestObject("mobileSanity/STM/STM Quote Page/a_Show Plans"), 1000): Scroll to object 'Object Repository/mobileSanity/STM/STM Quote Page/a_Show Plans' successfully

2019-08-29 08:07:25 - [MESSAGE][PASSED] - Scroll to object 'Object Repository/mobileSanity/STM/STM Quote Page/a_Show Plans' successfully

2019-08-29 08:07:25 - [TEST_STEP][PASSED] - click(findTestObject("mobileSanity/STM/STM Quote Page/a_Show Plans")): Object: 'Object Repository/mobileSanity/STM/STM Quote Page/a_Show Plans' is clicked on

2019-08-29 08:07:25 - [MESSAGE][PASSED] - Object: 'Object Repository/mobileSanity/STM/STM Quote Page/a_Show Plans' is clicked on

2019-08-29 08:07:25 - [TEST_STEP][PASSED] - waitForJQueryLoad(20, STOP_ON_FAILURE): jQuery is ready.

2019-08-29 08:07:25 - [MESSAGE][PASSED] - jQuery is ready.

2019-08-29 08:07:25 - [TEST_STEP][PASSED] - Thread.sleep(2000): null

2019-08-29 08:07:27 - [TEST_STEP][PASSED] - callTestCase(findTestCase("mobileWeb/_include/get_screenshot"), [:], STOP_ON_FAILURE): Call Test Case 'Test Cases/mobileWeb/_include/get_screenshot' successfully

2019-08-29 08:07:27 - [TEST_CASE][PASSED] - Test Cases/mobileWeb/_include/get_screenshot: Test Cases/mobileWeb/_include/get_screenshot

2019-08-29 08:07:27 - [TEST_STEP][PASSED] - takeScreenshot(screenPath + i + ".png"): Taking screenshot successfully

2019-08-29 08:07:27 - [MESSAGE][PASSED] - Taking screenshot successfully
[[ATTACHMENT|D:\\Test\\AgileTest\\Reports\\mobileWeb\\stm\\20190829_080037\\../Screenshots/iPhone 6/stm/Companion/standard/3.png]]

2019-08-29 08:07:27 - [TEST_STEP][PASSED] - (internal.GlobalVariable.i++): null

2019-08-29 08:07:28 - [MESSAGE][PASSED] - Call Test Case 'Test Cases/mobileWeb/_include/get_screenshot' successfully

2019-08-29 08:07:28 - [MESSAGE][PASSED] - Call Test Case 'Test Cases/mobileWeb/_include/filter_stm' successfully

2019-08-29 08:07:28 - [TEST_STEP][PASSED] - callTestCase(findTestCase("mobileWeb/_include/goToDetail_stm"), ["carrier":"pivot-health-choice"], STOP_ON_FAILURE): Call Test Case 'Test Cases/mobileWeb/_include/goToDetail_stm' successfully

2019-08-29 08:07:28 - [TEST_CASE][PASSED] - Test Cases/mobileWeb/_include/goToDetail_stm: Test Cases/mobileWeb/_include/goToDetail_stm

2019-08-29 08:07:28 - [TEST_STEP][PASSED] - driver = getWebDriver(): null

2019-08-29 08:07:28 - [TEST_STEP][PASSED] - selenium = new com.thoughtworks.selenium.webdriven.WebDriverBackedSelenium(driver, internal.GlobalVariable.ENV): null

2019-08-29 08:07:28 - [TEST_STEP][PASSED] - a_plan_name = "xpath=//a[contains(@href,'/term-health-insurance/plan/" + carrier + "')]": null

2019-08-29 08:07:28 - [TEST_STEP][PASSED] - println(a_plan_name): null

2019-08-29 08:07:28 - [TEST_STEP][PASSED] - selenium.click(a_plan_name): null

2019-08-29 08:07:29 - [TEST_STEP][PASSED] - waitForPageLoad(20): Wait for page load successfully

2019-08-29 08:07:29 - [MESSAGE][PASSED] - Wait for page load successfully

2019-08-29 08:07:29 - [TEST_STEP][PASSED] - Thread.sleep(2000): null

2019-08-29 08:07:31 - [TEST_STEP][PASSED] - callTestCase(findTestCase("mobileWeb/_include/get_screenshot"), [:], STOP_ON_FAILURE): Call Test Case 'Test Cases/mobileWeb/_include/get_screenshot' successfully

2019-08-29 08:07:31 - [TEST_CASE][PASSED] - Test Cases/mobileWeb/_include/get_screenshot: Test Cases/mobileWeb/_include/get_screenshot

2019-08-29 08:07:31 - [TEST_STEP][PASSED] - takeScreenshot(screenPath + i + ".png"): Taking screenshot successfully

2019-08-29 08:07:32 - [MESSAGE][PASSED] - Taking screenshot successfully
[[ATTACHMENT|D:\\Test\\AgileTest\\Reports\\mobileWeb\\stm\\20190829_080037\\../Screenshots/iPhone 6/stm/Companion/standard/4.png]]

2019-08-29 08:07:32 - [TEST_STEP][PASSED] - (internal.GlobalVariable.i++): null

2019-08-29 08:07:32 - [MESSAGE][PASSED] - Call Test Case 'Test Cases/mobileWeb/_include/get_screenshot' successfully

2019-08-29 08:07:32 - [MESSAGE][PASSED] - Call Test Case 'Test Cases/mobileWeb/_include/goToDetail_stm' successfully

2019-08-29 08:07:32 - [TEST_STEP][PASSED] - callTestCase(findTestCase("mobileWeb/_include/apply_stm"), [:], STOP_ON_FAILURE): Call Test Case 'Test Cases/mobileWeb/_include/apply_stm' successfully

2019-08-29 08:07:32 - [TEST_CASE][PASSED] - Test Cases/mobileWeb/_include/apply_stm: Test Cases/mobileWeb/_include/apply_stm

2019-08-29 08:07:32 - [TEST_STEP][PASSED] - waitForElementVisible(findTestObject("mobileSanity/STM/STM PlanDetail Page/a_Apply for This Plan"), 5): Object 'Object Repository/mobileSanity/STM/STM PlanDetail Page/a_Apply for This Plan' is visible

2019-08-29 08:07:32 - [MESSAGE][PASSED] - Object 'Object Repository/mobileSanity/STM/STM PlanDetail Page/a_Apply for This Plan' is visible

2019-08-29 08:07:32 - [TEST_STEP][PASSED] - click(findTestObject("mobileSanity/STM/STM PlanDetail Page/a_Apply for This Plan")): Object: 'Object Repository/mobileSanity/STM/STM PlanDetail Page/a_Apply for This Plan' is clicked on

2019-08-29 08:07:32 - [MESSAGE][PASSED] - Object: 'Object Repository/mobileSanity/STM/STM PlanDetail Page/a_Apply for This Plan' is clicked on

2019-08-29 08:07:32 - [TEST_STEP][PASSED] - waitForPageLoad(10): Wait for page load successfully

2019-08-29 08:07:32 - [MESSAGE][PASSED] - Wait for page load successfully

2019-08-29 08:07:32 - [TEST_STEP][PASSED] - Thread.sleep(2000): null

2019-08-29 08:07:34 - [TEST_STEP][PASSED] - callTestCase(findTestCase("mobileWeb/_include/get_screenshot"), [:], STOP_ON_FAILURE): Call Test Case 'Test Cases/mobileWeb/_include/get_screenshot' successfully

2019-08-29 08:07:35 - [TEST_CASE][PASSED] - Test Cases/mobileWeb/_include/get_screenshot: Test Cases/mobileWeb/_include/get_screenshot

2019-08-29 08:07:35 - [TEST_STEP][PASSED] - takeScreenshot(screenPath + i + ".png"): Taking screenshot successfully

2019-08-29 08:07:35 - [MESSAGE][PASSED] - Taking screenshot successfully
[[ATTACHMENT|D:\\Test\\AgileTest\\Reports\\mobileWeb\\stm\\20190829_080037\\../Screenshots/iPhone 6/stm/Companion/standard/5.png]]

2019-08-29 08:07:35 - [TEST_STEP][PASSED] - (internal.GlobalVariable.i++): null

2019-08-29 08:07:35 - [MESSAGE][PASSED] - Call Test Case 'Test Cases/mobileWeb/_include/get_screenshot' successfully

2019-08-29 08:07:35 - [TEST_STEP][PASSED] - waitForElementVisible(findTestObject("mobileSanity/STM/STM Apply Page/a_Start Secure Application"), 5): Object 'Object Repository/mobileSanity/STM/STM Apply Page/a_Start Secure Application' is visible

2019-08-29 08:07:35 - [MESSAGE][PASSED] - Object 'Object Repository/mobileSanity/STM/STM Apply Page/a_Start Secure Application' is visible

2019-08-29 08:07:35 - [TEST_STEP][PASSED] - click(findTestObject("mobileSanity/STM/STM Apply Page/a_Start Secure Application")): Object: 'Object Repository/mobileSanity/STM/STM Apply Page/a_Start Secure Application' is clicked on

2019-08-29 08:07:36 - [MESSAGE][PASSED] - Object: 'Object Repository/mobileSanity/STM/STM Apply Page/a_Start Secure Application' is clicked on

2019-08-29 08:07:36 - [TEST_STEP][PASSED] - waitForPageLoad(20): Wait for page load successfully

2019-08-29 08:07:37 - [MESSAGE][PASSED] - Wait for page load successfully

2019-08-29 08:07:37 - [TEST_STEP][PASSED] - Thread.sleep(2000): null

2019-08-29 08:07:39 - [TEST_STEP][PASSED] - callTestCase(findTestCase("mobileWeb/_include/get_screenshot"), [:], STOP_ON_FAILURE): Call Test Case 'Test Cases/mobileWeb/_include/get_screenshot' successfully

2019-08-29 08:07:39 - [TEST_CASE][PASSED] - Test Cases/mobileWeb/_include/get_screenshot: Test Cases/mobileWeb/_include/get_screenshot

2019-08-29 08:07:39 - [TEST_STEP][PASSED] - takeScreenshot(screenPath + i + ".png"): Taking screenshot successfully

2019-08-29 08:07:39 - [MESSAGE][PASSED] - Taking screenshot successfully
[[ATTACHMENT|D:\\Test\\AgileTest\\Reports\\mobileWeb\\stm\\20190829_080037\\../Screenshots/iPhone 6/stm/Companion/standard/6.png]]

2019-08-29 08:07:39 - [TEST_STEP][PASSED] - (internal.GlobalVariable.i++): null

2019-08-29 08:07:39 - [MESSAGE][PASSED] - Call Test Case 'Test Cases/mobileWeb/_include/get_screenshot' successfully

2019-08-29 08:07:39 - [MESSAGE][PASSED] - Call Test Case 'Test Cases/mobileWeb/_include/apply_stm' successfully

2019-08-29 08:07:39 - [TEST_STEP][PASSED] - callTestCase(findTestCase("mobileWeb/_include/goToEnd_stm_autofill"), [:], STOP_ON_FAILURE): Call Test Case 'Test Cases/mobileWeb/_include/goToEnd_stm_autofill' successfully

2019-08-29 08:07:39 - [TEST_CASE][PASSED] - Test Cases/mobileWeb/_include/goToEnd_stm_autofill: Test Cases/mobileWeb/_include/goToEnd_stm_autofill

2019-08-29 08:07:39 - [TEST_STEP][PASSED] - callTestCase(findTestCase("mobileWeb/_include/name"), [:], CONTINUE_ON_FAILURE): Call Test Case 'Test Cases/mobileWeb/_include/name' successfully

2019-08-29 08:07:40 - [TEST_CASE][PASSED] - Test Cases/mobileWeb/_include/name: Test Cases/mobileWeb/_include/name

2019-08-29 08:07:40 - [TEST_STEP][PASSED] - driver = getWebDriver(): null

2019-08-29 08:07:40 - [TEST_STEP][PASSED] - selenium = new com.thoughtworks.selenium.webdriven.WebDriverBackedSelenium(driver, internal.GlobalVariable.ENV): null

2019-08-29 08:07:40 - [TEST_STEP][PASSED] - FirstName = "Test-123": null

2019-08-29 08:07:40 - [TEST_STEP][PASSED] - LastName = selenium.getEval("{var x="ABCDEFGHIJKLMNOPQRSTUVWXYZabcdefghijklmnopqrstuvwxyz"; var tmp="ZZ11-"; for (i=0;i<8;i++) tmp+=x.charAt(Math.ceil(51*Math.random()));tmp;}"): null

2019-08-29 08:07:40 - [TEST_STEP][PASSED] - Address = selenium.getEval("{var x="ABCDEFGHIJKLMNOPQRSTUVWXYZabcdefghijklmnopqrstuvwxyz"; var tmp=""; for (i=0;i<8;i++) tmp+=x.charAt(Math.ceil(51*Math.random()));tmp;}"): null

2019-08-29 08:07:40 - [TEST_STEP][PASSED] - City = selenium.getEval("{var x="ABCDEFGHIJKLMNOPQRSTUVWXYZabcdefghijklmnopqrstuvwxyz"; var tmp=""; for (i=0;i<8;i++) tmp+=x.charAt(Math.ceil(51*Math.random()));tmp;}"): null

2019-08-29 08:07:40 - [TEST_STEP][PASSED] - tel1 = selenium.getEval("{var x="123456789"; var tmp=""; for (i=0;i<3;i++) tmp+=x.charAt(Math.ceil(8*Math.random()));tmp;}"): null

2019-08-29 08:07:40 - [TEST_STEP][PASSED] - tel2 = selenium.getEval("{var x="123456789"; var tmp=""; for (i=0;i<3;i++) tmp+=x.charAt(Math.ceil(8*Math.random()));tmp;}"): null

2019-08-29 08:07:40 - [TEST_STEP][PASSED] - tel3 = selenium.getEval("{var x="123456789"; var tmp=""; for (i=0;i<4;i++) tmp+=x.charAt(Math.ceil(8*Math.random()));tmp;}"): null

2019-08-29 08:07:40 - [TEST_STEP][PASSED] - Tel = selenium.getExpression(tel1 + "-" + tel2 + "-" + tel3): null

2019-08-29 08:07:40 - [TEST_STEP][PASSED] - AutoEmail = selenium.getEval("{var x="ABCDEFGHIJKLMNOPQRSTUVWXYZabcdefghijklmnopqrstuvwxyz"; var tmp="test."; for (i=0;i<8;i++) tmp+=x.charAt(Math.ceil(51*Math.random()));tmp+="@suryani.cn";}"): null

2019-08-29 08:07:40 - [TEST_STEP][PASSED] - FirstName = FirstName: null

2019-08-29 08:07:40 - [TEST_STEP][PASSED] - LastName = LastName: null

2019-08-29 08:07:40 - [TEST_STEP][PASSED] - Address = Address: null

2019-08-29 08:07:40 - [TEST_STEP][PASSED] - City = City: null

2019-08-29 08:07:40 - [TEST_STEP][PASSED] - Tel = Tel: null

2019-08-29 08:07:40 - [TEST_STEP][PASSED] - AutoEmail = AutoEmail: null

2019-08-29 08:07:40 - [TEST_STEP][PASSED] - println(FirstName): null

2019-08-29 08:07:40 - [TEST_STEP][PASSED] - println(LastName): null

2019-08-29 08:07:40 - [TEST_STEP][PASSED] - println(Address): null

2019-08-29 08:07:40 - [TEST_STEP][PASSED] - println(City): null

2019-08-29 08:07:40 - [TEST_STEP][PASSED] - println(Tel): null

2019-08-29 08:07:40 - [TEST_STEP][PASSED] - println(AutoEmail): null

2019-08-29 08:07:40 - [MESSAGE][PASSED] - Call Test Case 'Test Cases/mobileWeb/_include/name' successfully

2019-08-29 08:07:40 - [TEST_STEP][FAILED] - try: Unable to verify text 'Month Duration Acknowledgement' is present  (Root cause: com.kms.katalon.core.exception.StepFailedException: Text 'Month Duration Acknowledgement' is not present on page )

2019-08-29 08:07:40 - [TEST_STEP][FAILED] - if (verifyTextPresent("Month Duration Acknowledgement", false)): Unable to verify text 'Month Duration Acknowledgement' is present  (Root cause: com.kms.katalon.core.exception.StepFailedException: Text 'Month Duration Acknowledgement' is not present on page )

2019-08-29 08:07:40 - [MESSAGE][FAILED] - Text 'Month Duration Acknowledgement' is not present on page 

2019-08-29 08:07:40 - [MESSAGE][FAILED] - Unable to verify text 'Month Duration Acknowledgement' is present  (Root cause: com.kms.katalon.core.exception.StepFailedException: Text 'Month Duration Acknowledgement' is not present on page )
[[ATTACHMENT|D:\\Test\\AgileTest\\Reports\\mobileWeb\\stm\\20190829_080037\\1567080460468.png]]

2019-08-29 08:07:40 - [TEST_STEP][PASSED] - catch (Exception e): null

2019-08-29 08:07:40 - [TEST_STEP][PASSED] - println("no consecutive"): null

2019-08-29 08:07:40 - [TEST_STEP][PASSED] - waitForPageLoad(10): Wait for page load successfully

2019-08-29 08:07:40 - [MESSAGE][PASSED] - Wait for page load successfully

2019-08-29 08:07:40 - [TEST_STEP][PASSED] - Thread.sleep(3000): null

2019-08-29 08:07:43 - [TEST_STEP][PASSED] - waitForElementVisible(findTestObject("mobileSanity/STM/Page_App Page 1/a_Autofill App Info"), 20): Object 'Object Repository/mobileSanity/STM/Page_App Page 1/a_Autofill App Info' is visible

2019-08-29 08:07:43 - [MESSAGE][PASSED] - Object 'Object Repository/mobileSanity/STM/Page_App Page 1/a_Autofill App Info' is visible

2019-08-29 08:07:43 - [TEST_STEP][PASSED] - click(findTestObject("mobileSanity/STM/Page_App Page 1/a_Autofill App Info")): Object: 'Object Repository/mobileSanity/STM/Page_App Page 1/a_Autofill App Info' is clicked on

2019-08-29 08:07:44 - [MESSAGE][PASSED] - Object: 'Object Repository/mobileSanity/STM/Page_App Page 1/a_Autofill App Info' is clicked on

2019-08-29 08:07:44 - [TEST_STEP][PASSED] - Thread.sleep(1000): null

2019-08-29 08:07:45 - [TEST_STEP][PASSED] - click(findTestObject("mobileSanity/STM/Page_App Page 1/a_Autofill App Info")): Object: 'Object Repository/mobileSanity/STM/Page_App Page 1/a_Autofill App Info' is clicked on

2019-08-29 08:07:45 - [MESSAGE][PASSED] - Object: 'Object Repository/mobileSanity/STM/Page_App Page 1/a_Autofill App Info' is clicked on

2019-08-29 08:07:45 - [TEST_STEP][PASSED] - Thread.sleep(1000): null

2019-08-29 08:07:46 - [TEST_STEP][PASSED] - waitForElementVisible(findTestObject("mobileSanity/STM/Page_App Page 1/a_Continue"), 20): Object 'Object Repository/mobileSanity/STM/Page_App Page 1/a_Continue' is visible

2019-08-29 08:07:46 - [MESSAGE][PASSED] - Object 'Object Repository/mobileSanity/STM/Page_App Page 1/a_Continue' is visible

2019-08-29 08:07:46 - [TEST_STEP][PASSED] - click(findTestObject("mobileSanity/STM/Page_App Page 1/a_Continue")): Object: 'Object Repository/mobileSanity/STM/Page_App Page 1/a_Continue' is clicked on

2019-08-29 08:07:46 - [MESSAGE][PASSED] - Object: 'Object Repository/mobileSanity/STM/Page_App Page 1/a_Continue' is clicked on

2019-08-29 08:07:46 - [TEST_STEP][PASSED] - waitForPageLoad(20): Wait for page load successfully

2019-08-29 08:07:46 - [MESSAGE][PASSED] - Wait for page load successfully

2019-08-29 08:07:46 - [TEST_STEP][PASSED] - Thread.sleep(2000): null

2019-08-29 08:07:48 - [TEST_STEP][PASSED] - callTestCase(findTestCase("mobileWeb/_include/get_screenshot"), [:], STOP_ON_FAILURE): Call Test Case 'Test Cases/mobileWeb/_include/get_screenshot' successfully

2019-08-29 08:07:48 - [TEST_CASE][PASSED] - Test Cases/mobileWeb/_include/get_screenshot: Test Cases/mobileWeb/_include/get_screenshot

2019-08-29 08:07:48 - [TEST_STEP][PASSED] - takeScreenshot(screenPath + i + ".png"): Taking screenshot successfully

2019-08-29 08:07:48 - [MESSAGE][PASSED] - Taking screenshot successfully
[[ATTACHMENT|D:\\Test\\AgileTest\\Reports\\mobileWeb\\stm\\20190829_080037\\../Screenshots/iPhone 6/stm/Companion/standard/7.png]]

2019-08-29 08:07:48 - [TEST_STEP][PASSED] - (internal.GlobalVariable.i++): null

2019-08-29 08:07:48 - [MESSAGE][PASSED] - Call Test Case 'Test Cases/mobileWeb/_include/get_screenshot' successfully

2019-08-29 08:07:48 - [TEST_STEP][PASSED] - click(findTestObject("mobileSanity/STM/Page_App Page 2/a_Continue to Step 3 - Payment")): Object: 'Object Repository/mobileSanity/STM/Page_App Page 2/a_Continue to Step 3 - Payment' is clicked on

2019-08-29 08:07:48 - [MESSAGE][PASSED] - Object: 'Object Repository/mobileSanity/STM/Page_App Page 2/a_Continue to Step 3 - Payment' is clicked on

2019-08-29 08:07:48 - [TEST_STEP][PASSED] - waitForPageLoad(20): Wait for page load successfully

2019-08-29 08:07:48 - [MESSAGE][PASSED] - Wait for page load successfully

2019-08-29 08:07:48 - [TEST_STEP][PASSED] - waitForElementVisible(findTestObject("mobileSanity/STM/Page_App Page 3/input__credit-card-cvv"), 20): Object 'Object Repository/mobileSanity/STM/Page_App Page 3/input__credit-card-cvv' is visible

2019-08-29 08:07:49 - [MESSAGE][PASSED] - Object 'Object Repository/mobileSanity/STM/Page_App Page 3/input__credit-card-cvv' is visible

2019-08-29 08:07:49 - [TEST_STEP][PASSED] - Thread.sleep(2000): null

2019-08-29 08:07:51 - [TEST_STEP][PASSED] - callTestCase(findTestCase("mobileWeb/_include/get_screenshot"), [:], STOP_ON_FAILURE): Call Test Case 'Test Cases/mobileWeb/_include/get_screenshot' successfully

2019-08-29 08:07:51 - [TEST_CASE][PASSED] - Test Cases/mobileWeb/_include/get_screenshot: Test Cases/mobileWeb/_include/get_screenshot

2019-08-29 08:07:51 - [TEST_STEP][PASSED] - takeScreenshot(screenPath + i + ".png"): Taking screenshot successfully

2019-08-29 08:07:51 - [MESSAGE][PASSED] - Taking screenshot successfully
[[ATTACHMENT|D:\\Test\\AgileTest\\Reports\\mobileWeb\\stm\\20190829_080037\\../Screenshots/iPhone 6/stm/Companion/standard/8.png]]

2019-08-29 08:07:51 - [TEST_STEP][PASSED] - (internal.GlobalVariable.i++): null

2019-08-29 08:07:51 - [MESSAGE][PASSED] - Call Test Case 'Test Cases/mobileWeb/_include/get_screenshot' successfully

2019-08-29 08:07:51 - [TEST_STEP][PASSED] - clearText(findTestObject("mobileSanity/STM/Page_App Page 3/input__credit-card-cvv")): Text of object 'Object Repository/mobileSanity/STM/Page_App Page 3/input__credit-card-cvv' is cleared

2019-08-29 08:07:51 - [MESSAGE][PASSED] - Text of object 'Object Repository/mobileSanity/STM/Page_App Page 3/input__credit-card-cvv' is cleared

2019-08-29 08:07:51 - [TEST_STEP][PASSED] - setText(findTestObject("mobileSanity/STM/Page_App Page 3/input__credit-card-cvv"), "123"): Text '123' is set on object 'Object Repository/mobileSanity/STM/Page_App Page 3/input__credit-card-cvv'

2019-08-29 08:07:52 - [MESSAGE][PASSED] - Text '123' is set on object 'Object Repository/mobileSanity/STM/Page_App Page 3/input__credit-card-cvv'

2019-08-29 08:07:52 - [TEST_STEP][PASSED] - click(findTestObject("mobileSanity/STM/Page_App Page 3/label_I Accept Authorization f")): Object: 'Object Repository/mobileSanity/STM/Page_App Page 3/label_I Accept Authorization f' is clicked on

2019-08-29 08:07:52 - [MESSAGE][PASSED] - Object: 'Object Repository/mobileSanity/STM/Page_App Page 3/label_I Accept Authorization f' is clicked on

2019-08-29 08:07:52 - [TEST_STEP][PASSED] - click(findTestObject("mobileSanity/STM/Page_App Page 3/a_Continue to Step 4 - Review")): Object: 'Object Repository/mobileSanity/STM/Page_App Page 3/a_Continue to Step 4 - Review' is clicked on

2019-08-29 08:07:52 - [MESSAGE][PASSED] - Object: 'Object Repository/mobileSanity/STM/Page_App Page 3/a_Continue to Step 4 - Review' is clicked on

2019-08-29 08:07:52 - [TEST_STEP][PASSED] - waitForPageLoad(10): Wait for page load successfully

2019-08-29 08:07:52 - [MESSAGE][PASSED] - Wait for page load successfully

2019-08-29 08:07:52 - [TEST_STEP][PASSED] - waitForElementClickable(findTestObject("mobileSanity/STM/Page_App Page 4/label"), 10): Web element with id: 'Object Repository/mobileSanity/STM/Page_App Page 4/label' located by 'By.xpath: //input[@id = 'consent-checkbox-0']' not found

2019-08-29 08:08:03 - [MESSAGE][INFO] - Unable to find the element located by 'By.xpath: //input[@id = 'consent-checkbox-0']'. Please recheck the objects properties to make sure the desired element is located. 

2019-08-29 08:08:03 - [MESSAGE][WARNING] - Web element with id: 'Object Repository/mobileSanity/STM/Page_App Page 4/label' located by 'By.xpath: //input[@id = 'consent-checkbox-0']' not found

2019-08-29 08:08:03 - [TEST_STEP][PASSED] - Thread.sleep(2000): null

2019-08-29 08:08:05 - [TEST_STEP][PASSED] - callTestCase(findTestCase("mobileWeb/_include/get_screenshot"), [:], STOP_ON_FAILURE): Call Test Case 'Test Cases/mobileWeb/_include/get_screenshot' successfully

2019-08-29 08:08:05 - [TEST_CASE][PASSED] - Test Cases/mobileWeb/_include/get_screenshot: Test Cases/mobileWeb/_include/get_screenshot

2019-08-29 08:08:05 - [TEST_STEP][PASSED] - takeScreenshot(screenPath + i + ".png"): Taking screenshot successfully

2019-08-29 08:08:06 - [MESSAGE][PASSED] - Taking screenshot successfully
[[ATTACHMENT|D:\\Test\\AgileTest\\Reports\\mobileWeb\\stm\\20190829_080037\\../Screenshots/iPhone 6/stm/Companion/standard/9.png]]

2019-08-29 08:08:06 - [TEST_STEP][PASSED] - (internal.GlobalVariable.i++): null

2019-08-29 08:08:06 - [MESSAGE][PASSED] - Call Test Case 'Test Cases/mobileWeb/_include/get_screenshot' successfully

2019-08-29 08:08:06 - [TEST_STEP][PASSED] - click(findTestObject("mobileSanity/STM/Page_App Page 4/label")): Object: 'Object Repository/mobileSanity/STM/Page_App Page 4/label' is clicked on

2019-08-29 08:08:06 - [MESSAGE][PASSED] - Object: 'Object Repository/mobileSanity/STM/Page_App Page 4/label' is clicked on

2019-08-29 08:08:06 - [TEST_STEP][PASSED] - click(findTestObject("mobileSanity/STM/Page_App Page 4/div_CLICK TO SIGN")): Object: 'Object Repository/mobileSanity/STM/Page_App Page 4/div_CLICK TO SIGN' is clicked on

2019-08-29 08:08:06 - [MESSAGE][PASSED] - Object: 'Object Repository/mobileSanity/STM/Page_App Page 4/div_CLICK TO SIGN' is clicked on

2019-08-29 08:08:06 - [TEST_STEP][PASSED] - click(findTestObject("mobileSanity/STM/Page_App Page 4/a_Submit Your Application")): Object: 'Object Repository/mobileSanity/STM/Page_App Page 4/a_Submit Your Application' is clicked on

2019-08-29 08:08:06 - [MESSAGE][PASSED] - Object: 'Object Repository/mobileSanity/STM/Page_App Page 4/a_Submit Your Application' is clicked on

2019-08-29 08:08:06 - [TEST_STEP][PASSED] - Thread.sleep(30000): null

2019-08-29 08:08:36 - [TEST_STEP][PASSED] - callTestCase(findTestCase("mobileWeb/_include/get_screenshot"), [:], STOP_ON_FAILURE): Call Test Case 'Test Cases/mobileWeb/_include/get_screenshot' successfully

2019-08-29 08:08:36 - [TEST_CASE][PASSED] - Test Cases/mobileWeb/_include/get_screenshot: Test Cases/mobileWeb/_include/get_screenshot

2019-08-29 08:08:36 - [TEST_STEP][PASSED] - takeScreenshot(screenPath + i + ".png"): Taking screenshot successfully

2019-08-29 08:08:36 - [MESSAGE][PASSED] - Taking screenshot successfully
[[ATTACHMENT|D:\\Test\\AgileTest\\Reports\\mobileWeb\\stm\\20190829_080037\\../Screenshots/iPhone 6/stm/Companion/standard/10.png]]

2019-08-29 08:08:36 - [TEST_STEP][PASSED] - (internal.GlobalVariable.i++): null

2019-08-29 08:08:36 - [MESSAGE][PASSED] - Call Test Case 'Test Cases/mobileWeb/_include/get_screenshot' successfully

2019-08-29 08:08:36 - [TEST_STEP][PASSED] - waitForElementPresent(findTestObject("mobileSanity/STM/Page_App Page 6/span_planName"), 30): Object 'Object Repository/mobileSanity/STM/Page_App Page 6/span_planName' is present

2019-08-29 08:08:36 - [MESSAGE][PASSED] - Object 'Object Repository/mobileSanity/STM/Page_App Page 6/span_planName' is present

2019-08-29 08:08:36 - [TEST_STEP][PASSED] - verifyElementPresent(findTestObject("mobileSanity/STM/Page_App Page 6/span_planName"), 20): Object 'Object Repository/mobileSanity/STM/Page_App Page 6/span_planName' is present

2019-08-29 08:08:36 - [MESSAGE][PASSED] - Object 'Object Repository/mobileSanity/STM/Page_App Page 6/span_planName' is present

2019-08-29 08:08:36 - [TEST_STEP][PASSED] - verifyElementPresent(findTestObject("mobileSanity/STM/Page_App Page 6/span_approved"), 20): Object 'Object Repository/mobileSanity/STM/Page_App Page 6/span_approved' is present

2019-08-29 08:08:36 - [MESSAGE][PASSED] - Object 'Object Repository/mobileSanity/STM/Page_App Page 6/span_approved' is present

2019-08-29 08:08:36 - [MESSAGE][PASSED] - Call Test Case 'Test Cases/mobileWeb/_include/goToEnd_stm_autofill' successfully]]></system-out>
         <system-err><![CDATA[]]></system-err>
      </testcase>
      <testcase name="Test Cases/mobileWeb/stm/Everest" classname="Test Cases/mobileWeb/stm/Everest" status="PASSED">
         <system-out><![CDATA[2019-08-29 08:08:36 - [TEST_CASE][PASSED] - Test Cases/mobileWeb/stm/Everest: Test Cases/mobileWeb/stm/Everest

2019-08-29 08:08:37 - [TEST_STEP][PASSED] - callTestCase(findTestCase("mobileWeb/_include/get_screenPath"), ["productLine":"stm", "carrierName":"Everest"], CONTINUE_ON_FAILURE): Call Test Case 'Test Cases/mobileWeb/_include/get_screenPath' successfully

2019-08-29 08:08:37 - [TEST_CASE][PASSED] - Test Cases/mobileWeb/_include/get_screenPath: Test Cases/mobileWeb/_include/get_screenPath

2019-08-29 08:08:37 - [TEST_STEP][PASSED] - m = getExecutionProperties(): null

2019-08-29 08:08:37 - [TEST_STEP][PASSED] - deviceName = get("mobileEmulation").get("deviceName"): null

2019-08-29 08:08:37 - [TEST_STEP][PASSED] - println(deviceName): null

2019-08-29 08:08:37 - [TEST_STEP][PASSED] - now = new java.util.Date(): null

2019-08-29 08:08:37 - [TEST_STEP][PASSED] - mydate = now.format("yyyyMMdd_HHmmss"): null

2019-08-29 08:08:37 - [TEST_STEP][PASSED] - screenPath = "../Screenshots/": null

2019-08-29 08:08:37 - [TEST_STEP][PASSED] - screenPath = screenPath + deviceName + "/" + productLine + "/" + carrierName + "/" + "standard" + "/": null

2019-08-29 08:08:37 - [TEST_STEP][PASSED] - println(screenPath): null

2019-08-29 08:08:37 - [MESSAGE][PASSED] - Call Test Case 'Test Cases/mobileWeb/_include/get_screenPath' successfully

2019-08-29 08:08:37 - [TEST_STEP][PASSED] - i = 0: null

2019-08-29 08:08:37 - [TEST_STEP][PASSED] - callTestCase(findTestCase("mobileWeb/_include/openWebSite"), [:], STOP_ON_FAILURE): Call Test Case 'Test Cases/mobileWeb/_include/openWebSite' successfully

2019-08-29 08:08:37 - [TEST_CASE][PASSED] - Test Cases/mobileWeb/_include/openWebSite: Test Cases/mobileWeb/_include/openWebSite

2019-08-29 08:08:37 - [TEST_STEP][PASSED] - openBrowser(env): Browser is opened with url: 'https://praetemptatus.agilehealthinsurance.com'

2019-08-29 08:08:37 - [MESSAGE][WARNING] - A browser is already opened. Closing browser and opening a new one

2019-08-29 08:08:38 - [MESSAGE][INFO] - Starting 'Chrome' driver

2019-08-29 08:08:38 - [MESSAGE][INFO] - User set preference: ['mobileEmulation', '{deviceName=iPhone 6}']

2019-08-29 08:08:38 - [MESSAGE][INFO] - User set preference: ['args', '[--incognito, --aggressive-cache-discard, --window-size=375,677, --no-sandbox]']

2019-08-29 08:08:43 - [MESSAGE][PASSED] - Browser is opened with url: 'https://praetemptatus.agilehealthinsurance.com'

2019-08-29 08:08:43 - [TEST_STEP][PASSED] - waitForPageLoad(20): Wait for page load successfully

2019-08-29 08:08:43 - [MESSAGE][PASSED] - Wait for page load successfully

2019-08-29 08:08:43 - [TEST_STEP][PASSED] - callTestCase(findTestCase("mobileWeb/_include/get_screenshot"), [:], STOP_ON_FAILURE): Call Test Case 'Test Cases/mobileWeb/_include/get_screenshot' successfully

2019-08-29 08:08:43 - [TEST_CASE][PASSED] - Test Cases/mobileWeb/_include/get_screenshot: Test Cases/mobileWeb/_include/get_screenshot

2019-08-29 08:08:43 - [TEST_STEP][PASSED] - takeScreenshot(screenPath + i + ".png"): Taking screenshot successfully

2019-08-29 08:08:43 - [MESSAGE][PASSED] - Taking screenshot successfully
[[ATTACHMENT|D:\\Test\\AgileTest\\Reports\\mobileWeb\\stm\\20190829_080037\\../Screenshots/iPhone 6/stm/Everest/standard/0.png]]

2019-08-29 08:08:43 - [TEST_STEP][PASSED] - (internal.GlobalVariable.i++): null

2019-08-29 08:08:43 - [MESSAGE][PASSED] - Call Test Case 'Test Cases/mobileWeb/_include/get_screenshot' successfully

2019-08-29 08:08:43 - [MESSAGE][PASSED] - Call Test Case 'Test Cases/mobileWeb/_include/openWebSite' successfully

2019-08-29 08:08:43 - [TEST_STEP][PASSED] - callTestCase(findTestCase("mobileWeb/_include/census_stm"), ["zipcode":"83709"], STOP_ON_FAILURE): Call Test Case 'Test Cases/mobileWeb/_include/census_stm' successfully

2019-08-29 08:08:43 - [TEST_CASE][PASSED] - Test Cases/mobileWeb/_include/census_stm: Test Cases/mobileWeb/_include/census_stm

2019-08-29 08:08:43 - [TEST_STEP][PASSED] - waitForElementClickable(findTestObject("mobileSanity/STM/Home Page/a_Quote  Save Today"), 10): Object 'Object Repository/mobileSanity/STM/Home Page/a_Quote  Save Today' is clickable

2019-08-29 08:08:44 - [MESSAGE][PASSED] - Object 'Object Repository/mobileSanity/STM/Home Page/a_Quote  Save Today' is clickable

2019-08-29 08:08:44 - [TEST_STEP][PASSED] - click(findTestObject("mobileSanity/STM/Home Page/a_Quote  Save Today")): Object: 'Object Repository/mobileSanity/STM/Home Page/a_Quote  Save Today' is clicked on

2019-08-29 08:08:44 - [MESSAGE][PASSED] - Object: 'Object Repository/mobileSanity/STM/Home Page/a_Quote  Save Today' is clicked on

2019-08-29 08:08:44 - [TEST_STEP][PASSED] - waitForPageLoad(10): Wait for page load successfully

2019-08-29 08:08:44 - [MESSAGE][PASSED] - Wait for page load successfully

2019-08-29 08:08:44 - [TEST_STEP][PASSED] - callTestCase(findTestCase("mobileWeb/_include/get_screenshot"), [:], STOP_ON_FAILURE): Call Test Case 'Test Cases/mobileWeb/_include/get_screenshot' successfully

2019-08-29 08:08:44 - [TEST_CASE][PASSED] - Test Cases/mobileWeb/_include/get_screenshot: Test Cases/mobileWeb/_include/get_screenshot

2019-08-29 08:08:44 - [TEST_STEP][PASSED] - takeScreenshot(screenPath + i + ".png"): Taking screenshot successfully

2019-08-29 08:08:45 - [MESSAGE][PASSED] - Taking screenshot successfully
[[ATTACHMENT|D:\\Test\\AgileTest\\Reports\\mobileWeb\\stm\\20190829_080037\\../Screenshots/iPhone 6/stm/Everest/standard/1.png]]

2019-08-29 08:08:45 - [TEST_STEP][PASSED] - (internal.GlobalVariable.i++): null

2019-08-29 08:08:45 - [MESSAGE][PASSED] - Call Test Case 'Test Cases/mobileWeb/_include/get_screenshot' successfully

2019-08-29 08:08:45 - [TEST_STEP][PASSED] - setText(findTestObject("mobileSanity/STM/STM Census Page/input_Location_zip-input"), zipcode): Text '83709' is set on object 'Object Repository/mobileSanity/STM/STM Census Page/input_Location_zip-input'

2019-08-29 08:08:45 - [MESSAGE][PASSED] - Text '83709' is set on object 'Object Repository/mobileSanity/STM/STM Census Page/input_Location_zip-input'

2019-08-29 08:08:45 - [TEST_STEP][PASSED] - Thread.sleep(500): null

2019-08-29 08:08:46 - [TEST_STEP][PASSED] - setText(findTestObject("mobileSanity/STM/STM Census Page/input_Date of Birth_dob-0"), "03031987"): Text '03031987' is set on object 'Object Repository/mobileSanity/STM/STM Census Page/input_Date of Birth_dob-0'

2019-08-29 08:08:46 - [MESSAGE][PASSED] - Text '03031987' is set on object 'Object Repository/mobileSanity/STM/STM Census Page/input_Date of Birth_dob-0'

2019-08-29 08:08:46 - [TEST_STEP][PASSED] - click(findTestObject("mobileSanity/STM/STM Census Page/label_Male")): Object: 'Object Repository/mobileSanity/STM/STM Census Page/label_Male' is clicked on

2019-08-29 08:08:46 - [MESSAGE][PASSED] - Object: 'Object Repository/mobileSanity/STM/STM Census Page/label_Male' is clicked on

2019-08-29 08:08:46 - [TEST_STEP][PASSED] - click(findTestObject("mobileSanity/STM/STM Census Page/label_Compare Plans")): Object: 'Object Repository/mobileSanity/STM/STM Census Page/label_Compare Plans' is clicked on

2019-08-29 08:08:48 - [MESSAGE][PASSED] - Object: 'Object Repository/mobileSanity/STM/STM Census Page/label_Compare Plans' is clicked on

2019-08-29 08:08:48 - [TEST_STEP][PASSED] - waitForElementVisible(findTestObject("mobileSanity/STM/STM Quote Page/button_sort"), 20): Object 'Object Repository/mobileSanity/STM/STM Quote Page/button_sort' is visible

2019-08-29 08:08:50 - [MESSAGE][PASSED] - Object 'Object Repository/mobileSanity/STM/STM Quote Page/button_sort' is visible

2019-08-29 08:08:50 - [TEST_STEP][PASSED] - Thread.sleep(3000): null

2019-08-29 08:08:53 - [TEST_STEP][PASSED] - callTestCase(findTestCase("mobileWeb/_include/get_screenshot"), [:], STOP_ON_FAILURE): Call Test Case 'Test Cases/mobileWeb/_include/get_screenshot' successfully

2019-08-29 08:08:53 - [TEST_CASE][PASSED] - Test Cases/mobileWeb/_include/get_screenshot: Test Cases/mobileWeb/_include/get_screenshot

2019-08-29 08:08:53 - [TEST_STEP][PASSED] - takeScreenshot(screenPath + i + ".png"): Taking screenshot successfully

2019-08-29 08:08:54 - [MESSAGE][PASSED] - Taking screenshot successfully
[[ATTACHMENT|D:\\Test\\AgileTest\\Reports\\mobileWeb\\stm\\20190829_080037\\../Screenshots/iPhone 6/stm/Everest/standard/2.png]]

2019-08-29 08:08:54 - [TEST_STEP][PASSED] - (internal.GlobalVariable.i++): null

2019-08-29 08:08:54 - [MESSAGE][PASSED] - Call Test Case 'Test Cases/mobileWeb/_include/get_screenshot' successfully

2019-08-29 08:08:54 - [TEST_STEP][PASSED] - Thread.sleep(1000): null

2019-08-29 08:08:55 - [MESSAGE][PASSED] - Call Test Case 'Test Cases/mobileWeb/_include/census_stm' successfully

2019-08-29 08:08:55 - [TEST_STEP][PASSED] - callTestCase(findTestCase("mobileWeb/_include/filter_stm"), ["carrier":"everest-one"], STOP_ON_FAILURE): Call Test Case 'Test Cases/mobileWeb/_include/filter_stm' successfully

2019-08-29 08:08:55 - [TEST_CASE][PASSED] - Test Cases/mobileWeb/_include/filter_stm: Test Cases/mobileWeb/_include/filter_stm

2019-08-29 08:08:55 - [TEST_STEP][PASSED] - driver = getWebDriver(): null

2019-08-29 08:08:55 - [TEST_STEP][PASSED] - selenium = new com.thoughtworks.selenium.webdriven.WebDriverBackedSelenium(driver, internal.GlobalVariable.ENV): null

2019-08-29 08:08:56 - [TEST_STEP][PASSED] - Thread.sleep(1000): null

2019-08-29 08:08:57 - [TEST_STEP][PASSED] - click(findTestObject("mobileSanity/STM/STM Quote Page/button_filters")): Object: 'Object Repository/mobileSanity/STM/STM Quote Page/button_filters' is clicked on

2019-08-29 08:08:58 - [MESSAGE][PASSED] - Object: 'Object Repository/mobileSanity/STM/STM Quote Page/button_filters' is clicked on

2019-08-29 08:08:58 - [TEST_STEP][PASSED] - Thread.sleep(1000): null

2019-08-29 08:08:59 - [TEST_STEP][PASSED] - click(findTestObject("mobileSanity/STM/STM Quote Page/i_Insurance company")): Object: 'Object Repository/mobileSanity/STM/STM Quote Page/i_Insurance company' is clicked on

2019-08-29 08:08:59 - [MESSAGE][PASSED] - Object: 'Object Repository/mobileSanity/STM/STM Quote Page/i_Insurance company' is clicked on

2019-08-29 08:08:59 - [TEST_STEP][PASSED] - Thread.sleep(1000): null

2019-08-29 08:09:00 - [TEST_STEP][PASSED] - filter_carrier = "//input[@name='filter[carrier]' and @value='" + carrier + "']/following::label": null

2019-08-29 08:09:00 - [TEST_STEP][PASSED] - println(filter_carrier): null

2019-08-29 08:09:00 - [TEST_STEP][PASSED] - test.MobileKeywords.clickJS_ByXpath(filter_carrier): test.MobileKeywords.clickJS_ByXpath is PASSED

2019-08-29 08:09:00 - [MESSAGE][PASSED] - Execute JavaScript 'arguments[0].click()' successfully

2019-08-29 08:09:00 - [MESSAGE][PASSED] - test.MobileKeywords.clickJS_ByXpath is PASSED

2019-08-29 08:09:00 - [TEST_STEP][PASSED] - Thread.sleep(1000): null

2019-08-29 08:09:01 - [TEST_STEP][PASSED] - scrollToElement(findTestObject("mobileSanity/STM/STM Quote Page/a_Show Plans"), 1000): Scroll to object 'Object Repository/mobileSanity/STM/STM Quote Page/a_Show Plans' successfully

2019-08-29 08:09:01 - [MESSAGE][PASSED] - Scroll to object 'Object Repository/mobileSanity/STM/STM Quote Page/a_Show Plans' successfully

2019-08-29 08:09:01 - [TEST_STEP][PASSED] - click(findTestObject("mobileSanity/STM/STM Quote Page/a_Show Plans")): Object: 'Object Repository/mobileSanity/STM/STM Quote Page/a_Show Plans' is clicked on

2019-08-29 08:09:01 - [MESSAGE][PASSED] - Object: 'Object Repository/mobileSanity/STM/STM Quote Page/a_Show Plans' is clicked on

2019-08-29 08:09:01 - [TEST_STEP][PASSED] - waitForJQueryLoad(20, STOP_ON_FAILURE): jQuery is ready.

2019-08-29 08:09:01 - [MESSAGE][PASSED] - jQuery is ready.

2019-08-29 08:09:01 - [TEST_STEP][PASSED] - Thread.sleep(2000): null

2019-08-29 08:09:03 - [TEST_STEP][PASSED] - callTestCase(findTestCase("mobileWeb/_include/get_screenshot"), [:], STOP_ON_FAILURE): Call Test Case 'Test Cases/mobileWeb/_include/get_screenshot' successfully

2019-08-29 08:09:03 - [TEST_CASE][PASSED] - Test Cases/mobileWeb/_include/get_screenshot: Test Cases/mobileWeb/_include/get_screenshot

2019-08-29 08:09:03 - [TEST_STEP][PASSED] - takeScreenshot(screenPath + i + ".png"): Taking screenshot successfully

2019-08-29 08:09:03 - [MESSAGE][PASSED] - Taking screenshot successfully
[[ATTACHMENT|D:\\Test\\AgileTest\\Reports\\mobileWeb\\stm\\20190829_080037\\../Screenshots/iPhone 6/stm/Everest/standard/3.png]]

2019-08-29 08:09:03 - [TEST_STEP][PASSED] - (internal.GlobalVariable.i++): null

2019-08-29 08:09:03 - [MESSAGE][PASSED] - Call Test Case 'Test Cases/mobileWeb/_include/get_screenshot' successfully

2019-08-29 08:09:03 - [MESSAGE][PASSED] - Call Test Case 'Test Cases/mobileWeb/_include/filter_stm' successfully

2019-08-29 08:09:03 - [TEST_STEP][PASSED] - callTestCase(findTestCase("mobileWeb/_include/goToDetail_stm"), ["carrier":"everest-one"], STOP_ON_FAILURE): Call Test Case 'Test Cases/mobileWeb/_include/goToDetail_stm' successfully

2019-08-29 08:09:04 - [TEST_CASE][PASSED] - Test Cases/mobileWeb/_include/goToDetail_stm: Test Cases/mobileWeb/_include/goToDetail_stm

2019-08-29 08:09:04 - [TEST_STEP][PASSED] - driver = getWebDriver(): null

2019-08-29 08:09:04 - [TEST_STEP][PASSED] - selenium = new com.thoughtworks.selenium.webdriven.WebDriverBackedSelenium(driver, internal.GlobalVariable.ENV): null

2019-08-29 08:09:04 - [TEST_STEP][PASSED] - a_plan_name = "xpath=//a[contains(@href,'/term-health-insurance/plan/" + carrier + "')]": null

2019-08-29 08:09:04 - [TEST_STEP][PASSED] - println(a_plan_name): null

2019-08-29 08:09:04 - [TEST_STEP][PASSED] - selenium.click(a_plan_name): null

2019-08-29 08:09:05 - [TEST_STEP][PASSED] - waitForPageLoad(20): Wait for page load successfully

2019-08-29 08:09:05 - [MESSAGE][PASSED] - Wait for page load successfully

2019-08-29 08:09:05 - [TEST_STEP][PASSED] - Thread.sleep(2000): null

2019-08-29 08:09:07 - [TEST_STEP][PASSED] - callTestCase(findTestCase("mobileWeb/_include/get_screenshot"), [:], STOP_ON_FAILURE): Call Test Case 'Test Cases/mobileWeb/_include/get_screenshot' successfully

2019-08-29 08:09:07 - [TEST_CASE][PASSED] - Test Cases/mobileWeb/_include/get_screenshot: Test Cases/mobileWeb/_include/get_screenshot

2019-08-29 08:09:07 - [TEST_STEP][PASSED] - takeScreenshot(screenPath + i + ".png"): Taking screenshot successfully

2019-08-29 08:09:07 - [MESSAGE][PASSED] - Taking screenshot successfully
[[ATTACHMENT|D:\\Test\\AgileTest\\Reports\\mobileWeb\\stm\\20190829_080037\\../Screenshots/iPhone 6/stm/Everest/standard/4.png]]

2019-08-29 08:09:07 - [TEST_STEP][PASSED] - (internal.GlobalVariable.i++): null

2019-08-29 08:09:07 - [MESSAGE][PASSED] - Call Test Case 'Test Cases/mobileWeb/_include/get_screenshot' successfully

2019-08-29 08:09:07 - [MESSAGE][PASSED] - Call Test Case 'Test Cases/mobileWeb/_include/goToDetail_stm' successfully

2019-08-29 08:09:07 - [TEST_STEP][PASSED] - callTestCase(findTestCase("mobileWeb/_include/apply_stm"), [:], STOP_ON_FAILURE): Call Test Case 'Test Cases/mobileWeb/_include/apply_stm' successfully

2019-08-29 08:09:07 - [TEST_CASE][PASSED] - Test Cases/mobileWeb/_include/apply_stm: Test Cases/mobileWeb/_include/apply_stm

2019-08-29 08:09:07 - [TEST_STEP][PASSED] - waitForElementVisible(findTestObject("mobileSanity/STM/STM PlanDetail Page/a_Apply for This Plan"), 5): Object 'Object Repository/mobileSanity/STM/STM PlanDetail Page/a_Apply for This Plan' is visible

2019-08-29 08:09:07 - [MESSAGE][PASSED] - Object 'Object Repository/mobileSanity/STM/STM PlanDetail Page/a_Apply for This Plan' is visible

2019-08-29 08:09:07 - [TEST_STEP][PASSED] - click(findTestObject("mobileSanity/STM/STM PlanDetail Page/a_Apply for This Plan")): Object: 'Object Repository/mobileSanity/STM/STM PlanDetail Page/a_Apply for This Plan' is clicked on

2019-08-29 08:09:08 - [MESSAGE][PASSED] - Object: 'Object Repository/mobileSanity/STM/STM PlanDetail Page/a_Apply for This Plan' is clicked on

2019-08-29 08:09:08 - [TEST_STEP][PASSED] - waitForPageLoad(10): Wait for page load successfully

2019-08-29 08:09:09 - [MESSAGE][PASSED] - Wait for page load successfully

2019-08-29 08:09:09 - [TEST_STEP][PASSED] - Thread.sleep(2000): null

2019-08-29 08:09:11 - [TEST_STEP][PASSED] - callTestCase(findTestCase("mobileWeb/_include/get_screenshot"), [:], STOP_ON_FAILURE): Call Test Case 'Test Cases/mobileWeb/_include/get_screenshot' successfully

2019-08-29 08:09:11 - [TEST_CASE][PASSED] - Test Cases/mobileWeb/_include/get_screenshot: Test Cases/mobileWeb/_include/get_screenshot

2019-08-29 08:09:12 - [TEST_STEP][PASSED] - takeScreenshot(screenPath + i + ".png"): Taking screenshot successfully

2019-08-29 08:09:12 - [MESSAGE][PASSED] - Taking screenshot successfully
[[ATTACHMENT|D:\\Test\\AgileTest\\Reports\\mobileWeb\\stm\\20190829_080037\\../Screenshots/iPhone 6/stm/Everest/standard/5.png]]

2019-08-29 08:09:12 - [TEST_STEP][PASSED] - (internal.GlobalVariable.i++): null

2019-08-29 08:09:12 - [MESSAGE][PASSED] - Call Test Case 'Test Cases/mobileWeb/_include/get_screenshot' successfully

2019-08-29 08:09:12 - [TEST_STEP][PASSED] - waitForElementVisible(findTestObject("mobileSanity/STM/STM Apply Page/a_Start Secure Application"), 5): Object 'Object Repository/mobileSanity/STM/STM Apply Page/a_Start Secure Application' is visible

2019-08-29 08:09:13 - [MESSAGE][PASSED] - Object 'Object Repository/mobileSanity/STM/STM Apply Page/a_Start Secure Application' is visible

2019-08-29 08:09:13 - [TEST_STEP][PASSED] - click(findTestObject("mobileSanity/STM/STM Apply Page/a_Start Secure Application")): Object: 'Object Repository/mobileSanity/STM/STM Apply Page/a_Start Secure Application' is clicked on

2019-08-29 08:09:14 - [MESSAGE][PASSED] - Object: 'Object Repository/mobileSanity/STM/STM Apply Page/a_Start Secure Application' is clicked on

2019-08-29 08:09:14 - [TEST_STEP][PASSED] - waitForPageLoad(20): Wait for page load successfully

2019-08-29 08:09:15 - [MESSAGE][PASSED] - Wait for page load successfully

2019-08-29 08:09:15 - [TEST_STEP][PASSED] - Thread.sleep(2000): null

2019-08-29 08:09:17 - [TEST_STEP][PASSED] - callTestCase(findTestCase("mobileWeb/_include/get_screenshot"), [:], STOP_ON_FAILURE): Call Test Case 'Test Cases/mobileWeb/_include/get_screenshot' successfully

2019-08-29 08:09:17 - [TEST_CASE][PASSED] - Test Cases/mobileWeb/_include/get_screenshot: Test Cases/mobileWeb/_include/get_screenshot

2019-08-29 08:09:18 - [TEST_STEP][PASSED] - takeScreenshot(screenPath + i + ".png"): Taking screenshot successfully

2019-08-29 08:09:18 - [MESSAGE][PASSED] - Taking screenshot successfully
[[ATTACHMENT|D:\\Test\\AgileTest\\Reports\\mobileWeb\\stm\\20190829_080037\\../Screenshots/iPhone 6/stm/Everest/standard/6.png]]

2019-08-29 08:09:18 - [TEST_STEP][PASSED] - (internal.GlobalVariable.i++): null

2019-08-29 08:09:18 - [MESSAGE][PASSED] - Call Test Case 'Test Cases/mobileWeb/_include/get_screenshot' successfully

2019-08-29 08:09:18 - [MESSAGE][PASSED] - Call Test Case 'Test Cases/mobileWeb/_include/apply_stm' successfully

2019-08-29 08:09:18 - [TEST_STEP][PASSED] - callTestCase(findTestCase("mobileWeb/_include/goToEnd_stm_autofill"), [:], STOP_ON_FAILURE): Call Test Case 'Test Cases/mobileWeb/_include/goToEnd_stm_autofill' successfully

2019-08-29 08:09:18 - [TEST_CASE][PASSED] - Test Cases/mobileWeb/_include/goToEnd_stm_autofill: Test Cases/mobileWeb/_include/goToEnd_stm_autofill

2019-08-29 08:09:19 - [TEST_STEP][PASSED] - callTestCase(findTestCase("mobileWeb/_include/name"), [:], CONTINUE_ON_FAILURE): Call Test Case 'Test Cases/mobileWeb/_include/name' successfully

2019-08-29 08:09:19 - [TEST_CASE][PASSED] - Test Cases/mobileWeb/_include/name: Test Cases/mobileWeb/_include/name

2019-08-29 08:09:19 - [TEST_STEP][PASSED] - driver = getWebDriver(): null

2019-08-29 08:09:19 - [TEST_STEP][PASSED] - selenium = new com.thoughtworks.selenium.webdriven.WebDriverBackedSelenium(driver, internal.GlobalVariable.ENV): null

2019-08-29 08:09:19 - [TEST_STEP][PASSED] - FirstName = "Test-123": null

2019-08-29 08:09:19 - [TEST_STEP][PASSED] - LastName = selenium.getEval("{var x="ABCDEFGHIJKLMNOPQRSTUVWXYZabcdefghijklmnopqrstuvwxyz"; var tmp="ZZ11-"; for (i=0;i<8;i++) tmp+=x.charAt(Math.ceil(51*Math.random()));tmp;}"): null

2019-08-29 08:09:19 - [TEST_STEP][PASSED] - Address = selenium.getEval("{var x="ABCDEFGHIJKLMNOPQRSTUVWXYZabcdefghijklmnopqrstuvwxyz"; var tmp=""; for (i=0;i<8;i++) tmp+=x.charAt(Math.ceil(51*Math.random()));tmp;}"): null

2019-08-29 08:09:19 - [TEST_STEP][PASSED] - City = selenium.getEval("{var x="ABCDEFGHIJKLMNOPQRSTUVWXYZabcdefghijklmnopqrstuvwxyz"; var tmp=""; for (i=0;i<8;i++) tmp+=x.charAt(Math.ceil(51*Math.random()));tmp;}"): null

2019-08-29 08:09:19 - [TEST_STEP][PASSED] - tel1 = selenium.getEval("{var x="123456789"; var tmp=""; for (i=0;i<3;i++) tmp+=x.charAt(Math.ceil(8*Math.random()));tmp;}"): null

2019-08-29 08:09:19 - [TEST_STEP][PASSED] - tel2 = selenium.getEval("{var x="123456789"; var tmp=""; for (i=0;i<3;i++) tmp+=x.charAt(Math.ceil(8*Math.random()));tmp;}"): null

2019-08-29 08:09:19 - [TEST_STEP][PASSED] - tel3 = selenium.getEval("{var x="123456789"; var tmp=""; for (i=0;i<4;i++) tmp+=x.charAt(Math.ceil(8*Math.random()));tmp;}"): null

2019-08-29 08:09:19 - [TEST_STEP][PASSED] - Tel = selenium.getExpression(tel1 + "-" + tel2 + "-" + tel3): null

2019-08-29 08:09:19 - [TEST_STEP][PASSED] - AutoEmail = selenium.getEval("{var x="ABCDEFGHIJKLMNOPQRSTUVWXYZabcdefghijklmnopqrstuvwxyz"; var tmp="test."; for (i=0;i<8;i++) tmp+=x.charAt(Math.ceil(51*Math.random()));tmp+="@suryani.cn";}"): null

2019-08-29 08:09:19 - [TEST_STEP][PASSED] - FirstName = FirstName: null

2019-08-29 08:09:19 - [TEST_STEP][PASSED] - LastName = LastName: null

2019-08-29 08:09:19 - [TEST_STEP][PASSED] - Address = Address: null

2019-08-29 08:09:19 - [TEST_STEP][PASSED] - City = City: null

2019-08-29 08:09:19 - [TEST_STEP][PASSED] - Tel = Tel: null

2019-08-29 08:09:19 - [TEST_STEP][PASSED] - AutoEmail = AutoEmail: null

2019-08-29 08:09:19 - [TEST_STEP][PASSED] - println(FirstName): null

2019-08-29 08:09:20 - [TEST_STEP][PASSED] - println(LastName): null

2019-08-29 08:09:20 - [TEST_STEP][PASSED] - println(Address): null

2019-08-29 08:09:20 - [TEST_STEP][PASSED] - println(City): null

2019-08-29 08:09:20 - [TEST_STEP][PASSED] - println(Tel): null

2019-08-29 08:09:20 - [TEST_STEP][PASSED] - println(AutoEmail): null

2019-08-29 08:09:20 - [MESSAGE][PASSED] - Call Test Case 'Test Cases/mobileWeb/_include/name' successfully

2019-08-29 08:09:20 - [TEST_STEP][FAILED] - try: Unable to verify text 'Month Duration Acknowledgement' is present  (Root cause: com.kms.katalon.core.exception.StepFailedException: Text 'Month Duration Acknowledgement' is not present on page )

2019-08-29 08:09:20 - [TEST_STEP][FAILED] - if (verifyTextPresent("Month Duration Acknowledgement", false)): Unable to verify text 'Month Duration Acknowledgement' is present  (Root cause: com.kms.katalon.core.exception.StepFailedException: Text 'Month Duration Acknowledgement' is not present on page )

2019-08-29 08:09:22 - [MESSAGE][FAILED] - Text 'Month Duration Acknowledgement' is not present on page 

2019-08-29 08:09:23 - [MESSAGE][FAILED] - Unable to verify text 'Month Duration Acknowledgement' is present  (Root cause: com.kms.katalon.core.exception.StepFailedException: Text 'Month Duration Acknowledgement' is not present on page )
[[ATTACHMENT|D:\\Test\\AgileTest\\Reports\\mobileWeb\\stm\\20190829_080037\\1567080562994.png]]

2019-08-29 08:09:23 - [TEST_STEP][PASSED] - catch (Exception e): null

2019-08-29 08:09:23 - [TEST_STEP][PASSED] - println("no consecutive"): null

2019-08-29 08:09:23 - [TEST_STEP][PASSED] - waitForPageLoad(10): Wait for page load successfully

2019-08-29 08:09:23 - [MESSAGE][PASSED] - Wait for page load successfully

2019-08-29 08:09:23 - [TEST_STEP][PASSED] - Thread.sleep(3000): null

2019-08-29 08:09:26 - [TEST_STEP][PASSED] - waitForElementVisible(findTestObject("mobileSanity/STM/Page_App Page 1/a_Autofill App Info"), 20): Object 'Object Repository/mobileSanity/STM/Page_App Page 1/a_Autofill App Info' is visible

2019-08-29 08:09:26 - [MESSAGE][PASSED] - Object 'Object Repository/mobileSanity/STM/Page_App Page 1/a_Autofill App Info' is visible

2019-08-29 08:09:26 - [TEST_STEP][PASSED] - click(findTestObject("mobileSanity/STM/Page_App Page 1/a_Autofill App Info")): Object: 'Object Repository/mobileSanity/STM/Page_App Page 1/a_Autofill App Info' is clicked on

2019-08-29 08:09:26 - [MESSAGE][PASSED] - Object: 'Object Repository/mobileSanity/STM/Page_App Page 1/a_Autofill App Info' is clicked on

2019-08-29 08:09:26 - [TEST_STEP][PASSED] - Thread.sleep(1000): null

2019-08-29 08:09:27 - [TEST_STEP][PASSED] - click(findTestObject("mobileSanity/STM/Page_App Page 1/a_Autofill App Info")): Object: 'Object Repository/mobileSanity/STM/Page_App Page 1/a_Autofill App Info' is clicked on

2019-08-29 08:09:28 - [MESSAGE][PASSED] - Object: 'Object Repository/mobileSanity/STM/Page_App Page 1/a_Autofill App Info' is clicked on

2019-08-29 08:09:28 - [TEST_STEP][PASSED] - Thread.sleep(1000): null

2019-08-29 08:09:29 - [TEST_STEP][PASSED] - waitForElementVisible(findTestObject("mobileSanity/STM/Page_App Page 1/a_Continue"), 20): Object 'Object Repository/mobileSanity/STM/Page_App Page 1/a_Continue' is visible

2019-08-29 08:09:29 - [MESSAGE][PASSED] - Object 'Object Repository/mobileSanity/STM/Page_App Page 1/a_Continue' is visible

2019-08-29 08:09:29 - [TEST_STEP][PASSED] - click(findTestObject("mobileSanity/STM/Page_App Page 1/a_Continue")): Object: 'Object Repository/mobileSanity/STM/Page_App Page 1/a_Continue' is clicked on

2019-08-29 08:09:29 - [MESSAGE][PASSED] - Object: 'Object Repository/mobileSanity/STM/Page_App Page 1/a_Continue' is clicked on

2019-08-29 08:09:29 - [TEST_STEP][PASSED] - waitForPageLoad(20): Wait for page load successfully

2019-08-29 08:09:29 - [MESSAGE][PASSED] - Wait for page load successfully

2019-08-29 08:09:29 - [TEST_STEP][PASSED] - Thread.sleep(2000): null

2019-08-29 08:09:31 - [TEST_STEP][PASSED] - callTestCase(findTestCase("mobileWeb/_include/get_screenshot"), [:], STOP_ON_FAILURE): Call Test Case 'Test Cases/mobileWeb/_include/get_screenshot' successfully

2019-08-29 08:09:31 - [TEST_CASE][PASSED] - Test Cases/mobileWeb/_include/get_screenshot: Test Cases/mobileWeb/_include/get_screenshot

2019-08-29 08:09:31 - [TEST_STEP][PASSED] - takeScreenshot(screenPath + i + ".png"): Taking screenshot successfully

2019-08-29 08:09:31 - [MESSAGE][PASSED] - Taking screenshot successfully
[[ATTACHMENT|D:\\Test\\AgileTest\\Reports\\mobileWeb\\stm\\20190829_080037\\../Screenshots/iPhone 6/stm/Everest/standard/7.png]]

2019-08-29 08:09:31 - [TEST_STEP][PASSED] - (internal.GlobalVariable.i++): null

2019-08-29 08:09:31 - [MESSAGE][PASSED] - Call Test Case 'Test Cases/mobileWeb/_include/get_screenshot' successfully

2019-08-29 08:09:31 - [TEST_STEP][PASSED] - click(findTestObject("mobileSanity/STM/Page_App Page 2/a_Continue to Step 3 - Payment")): Object: 'Object Repository/mobileSanity/STM/Page_App Page 2/a_Continue to Step 3 - Payment' is clicked on

2019-08-29 08:09:31 - [MESSAGE][PASSED] - Object: 'Object Repository/mobileSanity/STM/Page_App Page 2/a_Continue to Step 3 - Payment' is clicked on

2019-08-29 08:09:31 - [TEST_STEP][PASSED] - waitForPageLoad(20): Wait for page load successfully

2019-08-29 08:09:31 - [MESSAGE][PASSED] - Wait for page load successfully

2019-08-29 08:09:31 - [TEST_STEP][PASSED] - waitForElementVisible(findTestObject("mobileSanity/STM/Page_App Page 3/input__credit-card-cvv"), 20): Object 'Object Repository/mobileSanity/STM/Page_App Page 3/input__credit-card-cvv' is visible

2019-08-29 08:09:32 - [MESSAGE][PASSED] - Object 'Object Repository/mobileSanity/STM/Page_App Page 3/input__credit-card-cvv' is visible

2019-08-29 08:09:32 - [TEST_STEP][PASSED] - Thread.sleep(2000): null

2019-08-29 08:09:34 - [TEST_STEP][PASSED] - callTestCase(findTestCase("mobileWeb/_include/get_screenshot"), [:], STOP_ON_FAILURE): Call Test Case 'Test Cases/mobileWeb/_include/get_screenshot' successfully

2019-08-29 08:09:34 - [TEST_CASE][PASSED] - Test Cases/mobileWeb/_include/get_screenshot: Test Cases/mobileWeb/_include/get_screenshot

2019-08-29 08:09:34 - [TEST_STEP][PASSED] - takeScreenshot(screenPath + i + ".png"): Taking screenshot successfully

2019-08-29 08:09:34 - [MESSAGE][PASSED] - Taking screenshot successfully
[[ATTACHMENT|D:\\Test\\AgileTest\\Reports\\mobileWeb\\stm\\20190829_080037\\../Screenshots/iPhone 6/stm/Everest/standard/8.png]]

2019-08-29 08:09:34 - [TEST_STEP][PASSED] - (internal.GlobalVariable.i++): null

2019-08-29 08:09:34 - [MESSAGE][PASSED] - Call Test Case 'Test Cases/mobileWeb/_include/get_screenshot' successfully

2019-08-29 08:09:34 - [TEST_STEP][PASSED] - clearText(findTestObject("mobileSanity/STM/Page_App Page 3/input__credit-card-cvv")): Text of object 'Object Repository/mobileSanity/STM/Page_App Page 3/input__credit-card-cvv' is cleared

2019-08-29 08:09:34 - [MESSAGE][PASSED] - Text of object 'Object Repository/mobileSanity/STM/Page_App Page 3/input__credit-card-cvv' is cleared

2019-08-29 08:09:34 - [TEST_STEP][PASSED] - setText(findTestObject("mobileSanity/STM/Page_App Page 3/input__credit-card-cvv"), "123"): Text '123' is set on object 'Object Repository/mobileSanity/STM/Page_App Page 3/input__credit-card-cvv'

2019-08-29 08:09:35 - [MESSAGE][PASSED] - Text '123' is set on object 'Object Repository/mobileSanity/STM/Page_App Page 3/input__credit-card-cvv'

2019-08-29 08:09:35 - [TEST_STEP][PASSED] - click(findTestObject("mobileSanity/STM/Page_App Page 3/label_I Accept Authorization f")): Object: 'Object Repository/mobileSanity/STM/Page_App Page 3/label_I Accept Authorization f' is clicked on

2019-08-29 08:09:35 - [MESSAGE][PASSED] - Object: 'Object Repository/mobileSanity/STM/Page_App Page 3/label_I Accept Authorization f' is clicked on

2019-08-29 08:09:35 - [TEST_STEP][PASSED] - click(findTestObject("mobileSanity/STM/Page_App Page 3/a_Continue to Step 4 - Review")): Object: 'Object Repository/mobileSanity/STM/Page_App Page 3/a_Continue to Step 4 - Review' is clicked on

2019-08-29 08:09:35 - [MESSAGE][PASSED] - Object: 'Object Repository/mobileSanity/STM/Page_App Page 3/a_Continue to Step 4 - Review' is clicked on

2019-08-29 08:09:35 - [TEST_STEP][PASSED] - waitForPageLoad(10): Wait for page load successfully

2019-08-29 08:09:35 - [MESSAGE][PASSED] - Wait for page load successfully

2019-08-29 08:09:35 - [TEST_STEP][PASSED] - waitForElementClickable(findTestObject("mobileSanity/STM/Page_App Page 4/label"), 10): Object 'Object Repository/mobileSanity/STM/Page_App Page 4/label' is clickable

2019-08-29 08:09:35 - [MESSAGE][PASSED] - Object 'Object Repository/mobileSanity/STM/Page_App Page 4/label' is clickable

2019-08-29 08:09:35 - [TEST_STEP][PASSED] - Thread.sleep(2000): null

2019-08-29 08:09:37 - [TEST_STEP][PASSED] - callTestCase(findTestCase("mobileWeb/_include/get_screenshot"), [:], STOP_ON_FAILURE): Call Test Case 'Test Cases/mobileWeb/_include/get_screenshot' successfully

2019-08-29 08:09:37 - [TEST_CASE][PASSED] - Test Cases/mobileWeb/_include/get_screenshot: Test Cases/mobileWeb/_include/get_screenshot

2019-08-29 08:09:37 - [TEST_STEP][PASSED] - takeScreenshot(screenPath + i + ".png"): Taking screenshot successfully

2019-08-29 08:09:38 - [MESSAGE][PASSED] - Taking screenshot successfully
[[ATTACHMENT|D:\\Test\\AgileTest\\Reports\\mobileWeb\\stm\\20190829_080037\\../Screenshots/iPhone 6/stm/Everest/standard/9.png]]

2019-08-29 08:09:38 - [TEST_STEP][PASSED] - (internal.GlobalVariable.i++): null

2019-08-29 08:09:38 - [MESSAGE][PASSED] - Call Test Case 'Test Cases/mobileWeb/_include/get_screenshot' successfully

2019-08-29 08:09:38 - [TEST_STEP][PASSED] - click(findTestObject("mobileSanity/STM/Page_App Page 4/label")): Object: 'Object Repository/mobileSanity/STM/Page_App Page 4/label' is clicked on

2019-08-29 08:09:38 - [MESSAGE][PASSED] - Object: 'Object Repository/mobileSanity/STM/Page_App Page 4/label' is clicked on

2019-08-29 08:09:38 - [TEST_STEP][PASSED] - click(findTestObject("mobileSanity/STM/Page_App Page 4/div_CLICK TO SIGN")): Object: 'Object Repository/mobileSanity/STM/Page_App Page 4/div_CLICK TO SIGN' is clicked on

2019-08-29 08:09:38 - [MESSAGE][PASSED] - Object: 'Object Repository/mobileSanity/STM/Page_App Page 4/div_CLICK TO SIGN' is clicked on

2019-08-29 08:09:38 - [TEST_STEP][PASSED] - click(findTestObject("mobileSanity/STM/Page_App Page 4/a_Submit Your Application")): Object: 'Object Repository/mobileSanity/STM/Page_App Page 4/a_Submit Your Application' is clicked on

2019-08-29 08:09:38 - [MESSAGE][PASSED] - Object: 'Object Repository/mobileSanity/STM/Page_App Page 4/a_Submit Your Application' is clicked on

2019-08-29 08:09:38 - [TEST_STEP][PASSED] - Thread.sleep(30000): null

2019-08-29 08:10:08 - [TEST_STEP][PASSED] - callTestCase(findTestCase("mobileWeb/_include/get_screenshot"), [:], STOP_ON_FAILURE): Call Test Case 'Test Cases/mobileWeb/_include/get_screenshot' successfully

2019-08-29 08:10:08 - [TEST_CASE][PASSED] - Test Cases/mobileWeb/_include/get_screenshot: Test Cases/mobileWeb/_include/get_screenshot

2019-08-29 08:10:08 - [TEST_STEP][PASSED] - takeScreenshot(screenPath + i + ".png"): Taking screenshot successfully

2019-08-29 08:10:09 - [MESSAGE][PASSED] - Taking screenshot successfully
[[ATTACHMENT|D:\\Test\\AgileTest\\Reports\\mobileWeb\\stm\\20190829_080037\\../Screenshots/iPhone 6/stm/Everest/standard/10.png]]

2019-08-29 08:10:09 - [TEST_STEP][PASSED] - (internal.GlobalVariable.i++): null

2019-08-29 08:10:09 - [MESSAGE][PASSED] - Call Test Case 'Test Cases/mobileWeb/_include/get_screenshot' successfully

2019-08-29 08:10:09 - [TEST_STEP][PASSED] - waitForElementPresent(findTestObject("mobileSanity/STM/Page_App Page 6/span_planName"), 30): Object 'Object Repository/mobileSanity/STM/Page_App Page 6/span_planName' is present

2019-08-29 08:10:09 - [MESSAGE][PASSED] - Object 'Object Repository/mobileSanity/STM/Page_App Page 6/span_planName' is present

2019-08-29 08:10:09 - [TEST_STEP][PASSED] - verifyElementPresent(findTestObject("mobileSanity/STM/Page_App Page 6/span_planName"), 20): Object 'Object Repository/mobileSanity/STM/Page_App Page 6/span_planName' is present

2019-08-29 08:10:09 - [MESSAGE][PASSED] - Object 'Object Repository/mobileSanity/STM/Page_App Page 6/span_planName' is present

2019-08-29 08:10:09 - [TEST_STEP][PASSED] - verifyElementPresent(findTestObject("mobileSanity/STM/Page_App Page 6/span_approved"), 20): Object 'Object Repository/mobileSanity/STM/Page_App Page 6/span_approved' is present

2019-08-29 08:10:09 - [MESSAGE][PASSED] - Object 'Object Repository/mobileSanity/STM/Page_App Page 6/span_approved' is present

2019-08-29 08:10:09 - [MESSAGE][PASSED] - Call Test Case 'Test Cases/mobileWeb/_include/goToEnd_stm_autofill' successfully]]></system-out>
         <system-err><![CDATA[]]></system-err>
      </testcase>
      <testcase name="Test Cases/mobileWeb/stm/Everest Prime" classname="Test Cases/mobileWeb/stm/Everest Prime" status="PASSED">
         <system-out><![CDATA[2019-08-29 08:10:09 - [TEST_CASE][PASSED] - Test Cases/mobileWeb/stm/Everest Prime: Test Cases/mobileWeb/stm/Everest Prime

2019-08-29 08:10:09 - [TEST_STEP][PASSED] - callTestCase(findTestCase("mobileWeb/_include/get_screenPath"), ["productLine":"stm", "carrierName":"Everest Prime"], CONTINUE_ON_FAILURE): Call Test Case 'Test Cases/mobileWeb/_include/get_screenPath' successfully

2019-08-29 08:10:09 - [TEST_CASE][PASSED] - Test Cases/mobileWeb/_include/get_screenPath: Test Cases/mobileWeb/_include/get_screenPath

2019-08-29 08:10:09 - [TEST_STEP][PASSED] - m = getExecutionProperties(): null

2019-08-29 08:10:09 - [TEST_STEP][PASSED] - deviceName = get("mobileEmulation").get("deviceName"): null

2019-08-29 08:10:09 - [TEST_STEP][PASSED] - println(deviceName): null

2019-08-29 08:10:09 - [TEST_STEP][PASSED] - now = new java.util.Date(): null

2019-08-29 08:10:09 - [TEST_STEP][PASSED] - mydate = now.format("yyyyMMdd_HHmmss"): null

2019-08-29 08:10:09 - [TEST_STEP][PASSED] - screenPath = "../Screenshots/": null

2019-08-29 08:10:09 - [TEST_STEP][PASSED] - screenPath = screenPath + deviceName + "/" + productLine + "/" + carrierName + "/" + "standard" + "/": null

2019-08-29 08:10:09 - [TEST_STEP][PASSED] - println(screenPath): null

2019-08-29 08:10:09 - [MESSAGE][PASSED] - Call Test Case 'Test Cases/mobileWeb/_include/get_screenPath' successfully

2019-08-29 08:10:09 - [TEST_STEP][PASSED] - i = 0: null

2019-08-29 08:10:09 - [TEST_STEP][PASSED] - callTestCase(findTestCase("mobileWeb/_include/openWebSite"), [:], CONTINUE_ON_FAILURE): Call Test Case 'Test Cases/mobileWeb/_include/openWebSite' successfully

2019-08-29 08:10:09 - [TEST_CASE][PASSED] - Test Cases/mobileWeb/_include/openWebSite: Test Cases/mobileWeb/_include/openWebSite

2019-08-29 08:10:09 - [TEST_STEP][PASSED] - openBrowser(env): Browser is opened with url: 'https://praetemptatus.agilehealthinsurance.com'

2019-08-29 08:10:09 - [MESSAGE][WARNING] - A browser is already opened. Closing browser and opening a new one

2019-08-29 08:10:10 - [MESSAGE][INFO] - Starting 'Chrome' driver

2019-08-29 08:10:10 - [MESSAGE][INFO] - User set preference: ['mobileEmulation', '{deviceName=iPhone 6}']

2019-08-29 08:10:10 - [MESSAGE][INFO] - User set preference: ['args', '[--incognito, --aggressive-cache-discard, --window-size=375,677, --no-sandbox]']

2019-08-29 08:10:15 - [MESSAGE][PASSED] - Browser is opened with url: 'https://praetemptatus.agilehealthinsurance.com'

2019-08-29 08:10:15 - [TEST_STEP][PASSED] - waitForPageLoad(20): Wait for page load successfully

2019-08-29 08:10:15 - [MESSAGE][PASSED] - Wait for page load successfully

2019-08-29 08:10:15 - [TEST_STEP][PASSED] - callTestCase(findTestCase("mobileWeb/_include/get_screenshot"), [:], STOP_ON_FAILURE): Call Test Case 'Test Cases/mobileWeb/_include/get_screenshot' successfully

2019-08-29 08:10:15 - [TEST_CASE][PASSED] - Test Cases/mobileWeb/_include/get_screenshot: Test Cases/mobileWeb/_include/get_screenshot

2019-08-29 08:10:15 - [TEST_STEP][PASSED] - takeScreenshot(screenPath + i + ".png"): Taking screenshot successfully

2019-08-29 08:10:16 - [MESSAGE][PASSED] - Taking screenshot successfully
[[ATTACHMENT|D:\\Test\\AgileTest\\Reports\\mobileWeb\\stm\\20190829_080037\\../Screenshots/iPhone 6/stm/Everest Prime/standard/0.png]]

2019-08-29 08:10:16 - [TEST_STEP][PASSED] - (internal.GlobalVariable.i++): null

2019-08-29 08:10:16 - [MESSAGE][PASSED] - Call Test Case 'Test Cases/mobileWeb/_include/get_screenshot' successfully

2019-08-29 08:10:16 - [MESSAGE][PASSED] - Call Test Case 'Test Cases/mobileWeb/_include/openWebSite' successfully

2019-08-29 08:10:16 - [TEST_STEP][PASSED] - callTestCase(findTestCase("mobileWeb/_include/census_stm"), [:], CONTINUE_ON_FAILURE): Call Test Case 'Test Cases/mobileWeb/_include/census_stm' successfully

2019-08-29 08:10:16 - [TEST_CASE][PASSED] - Test Cases/mobileWeb/_include/census_stm: Test Cases/mobileWeb/_include/census_stm

2019-08-29 08:10:16 - [TEST_STEP][PASSED] - waitForElementClickable(findTestObject("mobileSanity/STM/Home Page/a_Quote  Save Today"), 10): Object 'Object Repository/mobileSanity/STM/Home Page/a_Quote  Save Today' is clickable

2019-08-29 08:10:16 - [MESSAGE][PASSED] - Object 'Object Repository/mobileSanity/STM/Home Page/a_Quote  Save Today' is clickable

2019-08-29 08:10:16 - [TEST_STEP][PASSED] - click(findTestObject("mobileSanity/STM/Home Page/a_Quote  Save Today")): Object: 'Object Repository/mobileSanity/STM/Home Page/a_Quote  Save Today' is clicked on

2019-08-29 08:10:16 - [MESSAGE][PASSED] - Object: 'Object Repository/mobileSanity/STM/Home Page/a_Quote  Save Today' is clicked on

2019-08-29 08:10:16 - [TEST_STEP][PASSED] - waitForPageLoad(10): Wait for page load successfully

2019-08-29 08:10:17 - [MESSAGE][PASSED] - Wait for page load successfully

2019-08-29 08:10:17 - [TEST_STEP][PASSED] - callTestCase(findTestCase("mobileWeb/_include/get_screenshot"), [:], STOP_ON_FAILURE): Call Test Case 'Test Cases/mobileWeb/_include/get_screenshot' successfully

2019-08-29 08:10:17 - [TEST_CASE][PASSED] - Test Cases/mobileWeb/_include/get_screenshot: Test Cases/mobileWeb/_include/get_screenshot

2019-08-29 08:10:17 - [TEST_STEP][PASSED] - takeScreenshot(screenPath + i + ".png"): Taking screenshot successfully

2019-08-29 08:10:17 - [MESSAGE][PASSED] - Taking screenshot successfully
[[ATTACHMENT|D:\\Test\\AgileTest\\Reports\\mobileWeb\\stm\\20190829_080037\\../Screenshots/iPhone 6/stm/Everest Prime/standard/1.png]]

2019-08-29 08:10:17 - [TEST_STEP][PASSED] - (internal.GlobalVariable.i++): null

2019-08-29 08:10:17 - [MESSAGE][PASSED] - Call Test Case 'Test Cases/mobileWeb/_include/get_screenshot' successfully

2019-08-29 08:10:17 - [TEST_STEP][PASSED] - setText(findTestObject("mobileSanity/STM/STM Census Page/input_Location_zip-input"), zipcode): Text '35215' is set on object 'Object Repository/mobileSanity/STM/STM Census Page/input_Location_zip-input'

2019-08-29 08:10:18 - [MESSAGE][PASSED] - Text '35215' is set on object 'Object Repository/mobileSanity/STM/STM Census Page/input_Location_zip-input'

2019-08-29 08:10:18 - [TEST_STEP][PASSED] - Thread.sleep(500): null

2019-08-29 08:10:18 - [TEST_STEP][PASSED] - setText(findTestObject("mobileSanity/STM/STM Census Page/input_Date of Birth_dob-0"), "03031987"): Text '03031987' is set on object 'Object Repository/mobileSanity/STM/STM Census Page/input_Date of Birth_dob-0'

2019-08-29 08:10:18 - [MESSAGE][PASSED] - Text '03031987' is set on object 'Object Repository/mobileSanity/STM/STM Census Page/input_Date of Birth_dob-0'

2019-08-29 08:10:18 - [TEST_STEP][PASSED] - click(findTestObject("mobileSanity/STM/STM Census Page/label_Male")): Object: 'Object Repository/mobileSanity/STM/STM Census Page/label_Male' is clicked on

2019-08-29 08:10:19 - [MESSAGE][PASSED] - Object: 'Object Repository/mobileSanity/STM/STM Census Page/label_Male' is clicked on

2019-08-29 08:10:19 - [TEST_STEP][PASSED] - click(findTestObject("mobileSanity/STM/STM Census Page/label_Compare Plans")): Object: 'Object Repository/mobileSanity/STM/STM Census Page/label_Compare Plans' is clicked on

2019-08-29 08:10:22 - [MESSAGE][PASSED] - Object: 'Object Repository/mobileSanity/STM/STM Census Page/label_Compare Plans' is clicked on

2019-08-29 08:10:22 - [TEST_STEP][PASSED] - waitForElementVisible(findTestObject("mobileSanity/STM/STM Quote Page/button_sort"), 20): Object 'Object Repository/mobileSanity/STM/STM Quote Page/button_sort' is visible

2019-08-29 08:10:22 - [MESSAGE][PASSED] - Object 'Object Repository/mobileSanity/STM/STM Quote Page/button_sort' is visible

2019-08-29 08:10:22 - [TEST_STEP][PASSED] - Thread.sleep(3000): null

2019-08-29 08:10:26 - [TEST_STEP][PASSED] - callTestCase(findTestCase("mobileWeb/_include/get_screenshot"), [:], STOP_ON_FAILURE): Call Test Case 'Test Cases/mobileWeb/_include/get_screenshot' successfully

2019-08-29 08:10:26 - [TEST_CASE][PASSED] - Test Cases/mobileWeb/_include/get_screenshot: Test Cases/mobileWeb/_include/get_screenshot

2019-08-29 08:10:26 - [TEST_STEP][PASSED] - takeScreenshot(screenPath + i + ".png"): Taking screenshot successfully

2019-08-29 08:10:27 - [MESSAGE][PASSED] - Taking screenshot successfully
[[ATTACHMENT|D:\\Test\\AgileTest\\Reports\\mobileWeb\\stm\\20190829_080037\\../Screenshots/iPhone 6/stm/Everest Prime/standard/2.png]]

2019-08-29 08:10:27 - [TEST_STEP][PASSED] - (internal.GlobalVariable.i++): null

2019-08-29 08:10:27 - [MESSAGE][PASSED] - Call Test Case 'Test Cases/mobileWeb/_include/get_screenshot' successfully

2019-08-29 08:10:27 - [TEST_STEP][PASSED] - Thread.sleep(1000): null

2019-08-29 08:10:28 - [MESSAGE][PASSED] - Call Test Case 'Test Cases/mobileWeb/_include/census_stm' successfully

2019-08-29 08:10:28 - [TEST_STEP][PASSED] - callTestCase(findTestCase("mobileWeb/_include/filter_stm"), ["carrier":"everest"], STOP_ON_FAILURE): Call Test Case 'Test Cases/mobileWeb/_include/filter_stm' successfully

2019-08-29 08:10:28 - [TEST_CASE][PASSED] - Test Cases/mobileWeb/_include/filter_stm: Test Cases/mobileWeb/_include/filter_stm

2019-08-29 08:10:28 - [TEST_STEP][PASSED] - driver = getWebDriver(): null

2019-08-29 08:10:28 - [TEST_STEP][PASSED] - selenium = new com.thoughtworks.selenium.webdriven.WebDriverBackedSelenium(driver, internal.GlobalVariable.ENV): null

2019-08-29 08:10:28 - [TEST_STEP][PASSED] - Thread.sleep(1000): null

2019-08-29 08:10:29 - [TEST_STEP][PASSED] - click(findTestObject("mobileSanity/STM/STM Quote Page/button_filters")): Object: 'Object Repository/mobileSanity/STM/STM Quote Page/button_filters' is clicked on

2019-08-29 08:10:29 - [MESSAGE][PASSED] - Object: 'Object Repository/mobileSanity/STM/STM Quote Page/button_filters' is clicked on

2019-08-29 08:10:29 - [TEST_STEP][PASSED] - Thread.sleep(1000): null

2019-08-29 08:10:30 - [TEST_STEP][PASSED] - click(findTestObject("mobileSanity/STM/STM Quote Page/i_Insurance company")): Object: 'Object Repository/mobileSanity/STM/STM Quote Page/i_Insurance company' is clicked on

2019-08-29 08:10:30 - [MESSAGE][PASSED] - Object: 'Object Repository/mobileSanity/STM/STM Quote Page/i_Insurance company' is clicked on

2019-08-29 08:10:30 - [TEST_STEP][PASSED] - Thread.sleep(1000): null

2019-08-29 08:10:31 - [TEST_STEP][PASSED] - filter_carrier = "//input[@name='filter[carrier]' and @value='" + carrier + "']/following::label": null

2019-08-29 08:10:31 - [TEST_STEP][PASSED] - println(filter_carrier): null

2019-08-29 08:10:31 - [TEST_STEP][PASSED] - test.MobileKeywords.clickJS_ByXpath(filter_carrier): test.MobileKeywords.clickJS_ByXpath is PASSED

2019-08-29 08:10:31 - [MESSAGE][PASSED] - Execute JavaScript 'arguments[0].click()' successfully

2019-08-29 08:10:31 - [MESSAGE][PASSED] - test.MobileKeywords.clickJS_ByXpath is PASSED

2019-08-29 08:10:31 - [TEST_STEP][PASSED] - Thread.sleep(1000): null

2019-08-29 08:10:32 - [TEST_STEP][PASSED] - scrollToElement(findTestObject("mobileSanity/STM/STM Quote Page/a_Show Plans"), 1000): Scroll to object 'Object Repository/mobileSanity/STM/STM Quote Page/a_Show Plans' successfully

2019-08-29 08:10:32 - [MESSAGE][PASSED] - Scroll to object 'Object Repository/mobileSanity/STM/STM Quote Page/a_Show Plans' successfully

2019-08-29 08:10:32 - [TEST_STEP][PASSED] - click(findTestObject("mobileSanity/STM/STM Quote Page/a_Show Plans")): Object: 'Object Repository/mobileSanity/STM/STM Quote Page/a_Show Plans' is clicked on

2019-08-29 08:10:32 - [MESSAGE][PASSED] - Object: 'Object Repository/mobileSanity/STM/STM Quote Page/a_Show Plans' is clicked on

2019-08-29 08:10:32 - [TEST_STEP][PASSED] - waitForJQueryLoad(20, STOP_ON_FAILURE): jQuery is ready.

2019-08-29 08:10:33 - [MESSAGE][PASSED] - jQuery is ready.

2019-08-29 08:10:33 - [TEST_STEP][PASSED] - Thread.sleep(2000): null

2019-08-29 08:10:35 - [TEST_STEP][PASSED] - callTestCase(findTestCase("mobileWeb/_include/get_screenshot"), [:], STOP_ON_FAILURE): Call Test Case 'Test Cases/mobileWeb/_include/get_screenshot' successfully

2019-08-29 08:10:35 - [TEST_CASE][PASSED] - Test Cases/mobileWeb/_include/get_screenshot: Test Cases/mobileWeb/_include/get_screenshot

2019-08-29 08:10:35 - [TEST_STEP][PASSED] - takeScreenshot(screenPath + i + ".png"): Taking screenshot successfully

2019-08-29 08:10:35 - [MESSAGE][PASSED] - Taking screenshot successfully
[[ATTACHMENT|D:\\Test\\AgileTest\\Reports\\mobileWeb\\stm\\20190829_080037\\../Screenshots/iPhone 6/stm/Everest Prime/standard/3.png]]

2019-08-29 08:10:35 - [TEST_STEP][PASSED] - (internal.GlobalVariable.i++): null

2019-08-29 08:10:35 - [MESSAGE][PASSED] - Call Test Case 'Test Cases/mobileWeb/_include/get_screenshot' successfully

2019-08-29 08:10:35 - [MESSAGE][PASSED] - Call Test Case 'Test Cases/mobileWeb/_include/filter_stm' successfully

2019-08-29 08:10:35 - [TEST_STEP][PASSED] - callTestCase(findTestCase("mobileWeb/_include/goToDetail_stm"), ["carrier":"everest"], STOP_ON_FAILURE): Call Test Case 'Test Cases/mobileWeb/_include/goToDetail_stm' successfully

2019-08-29 08:10:35 - [TEST_CASE][PASSED] - Test Cases/mobileWeb/_include/goToDetail_stm: Test Cases/mobileWeb/_include/goToDetail_stm

2019-08-29 08:10:35 - [TEST_STEP][PASSED] - driver = getWebDriver(): null

2019-08-29 08:10:35 - [TEST_STEP][PASSED] - selenium = new com.thoughtworks.selenium.webdriven.WebDriverBackedSelenium(driver, internal.GlobalVariable.ENV): null

2019-08-29 08:10:35 - [TEST_STEP][PASSED] - a_plan_name = "xpath=//a[contains(@href,'/term-health-insurance/plan/" + carrier + "')]": null

2019-08-29 08:10:35 - [TEST_STEP][PASSED] - println(a_plan_name): null

2019-08-29 08:10:35 - [TEST_STEP][PASSED] - selenium.click(a_plan_name): null

2019-08-29 08:10:36 - [TEST_STEP][PASSED] - waitForPageLoad(20): Wait for page load successfully

2019-08-29 08:10:37 - [MESSAGE][PASSED] - Wait for page load successfully

2019-08-29 08:10:37 - [TEST_STEP][PASSED] - Thread.sleep(2000): null

2019-08-29 08:10:39 - [TEST_STEP][PASSED] - callTestCase(findTestCase("mobileWeb/_include/get_screenshot"), [:], STOP_ON_FAILURE): Call Test Case 'Test Cases/mobileWeb/_include/get_screenshot' successfully

2019-08-29 08:10:39 - [TEST_CASE][PASSED] - Test Cases/mobileWeb/_include/get_screenshot: Test Cases/mobileWeb/_include/get_screenshot

2019-08-29 08:10:39 - [TEST_STEP][PASSED] - takeScreenshot(screenPath + i + ".png"): Taking screenshot successfully

2019-08-29 08:10:39 - [MESSAGE][PASSED] - Taking screenshot successfully
[[ATTACHMENT|D:\\Test\\AgileTest\\Reports\\mobileWeb\\stm\\20190829_080037\\../Screenshots/iPhone 6/stm/Everest Prime/standard/4.png]]

2019-08-29 08:10:39 - [TEST_STEP][PASSED] - (internal.GlobalVariable.i++): null

2019-08-29 08:10:39 - [MESSAGE][PASSED] - Call Test Case 'Test Cases/mobileWeb/_include/get_screenshot' successfully

2019-08-29 08:10:39 - [MESSAGE][PASSED] - Call Test Case 'Test Cases/mobileWeb/_include/goToDetail_stm' successfully

2019-08-29 08:10:39 - [TEST_STEP][PASSED] - callTestCase(findTestCase("mobileWeb/_include/apply_stm"), [:], STOP_ON_FAILURE): Call Test Case 'Test Cases/mobileWeb/_include/apply_stm' successfully

2019-08-29 08:10:39 - [TEST_CASE][PASSED] - Test Cases/mobileWeb/_include/apply_stm: Test Cases/mobileWeb/_include/apply_stm

2019-08-29 08:10:39 - [TEST_STEP][PASSED] - waitForElementVisible(findTestObject("mobileSanity/STM/STM PlanDetail Page/a_Apply for This Plan"), 5): Object 'Object Repository/mobileSanity/STM/STM PlanDetail Page/a_Apply for This Plan' is visible

2019-08-29 08:10:39 - [MESSAGE][PASSED] - Object 'Object Repository/mobileSanity/STM/STM PlanDetail Page/a_Apply for This Plan' is visible

2019-08-29 08:10:39 - [TEST_STEP][PASSED] - click(findTestObject("mobileSanity/STM/STM PlanDetail Page/a_Apply for This Plan")): Object: 'Object Repository/mobileSanity/STM/STM PlanDetail Page/a_Apply for This Plan' is clicked on

2019-08-29 08:10:40 - [MESSAGE][PASSED] - Object: 'Object Repository/mobileSanity/STM/STM PlanDetail Page/a_Apply for This Plan' is clicked on

2019-08-29 08:10:40 - [TEST_STEP][PASSED] - waitForPageLoad(10): Wait for page load successfully

2019-08-29 08:10:40 - [MESSAGE][PASSED] - Wait for page load successfully

2019-08-29 08:10:40 - [TEST_STEP][PASSED] - Thread.sleep(2000): null

2019-08-29 08:10:42 - [TEST_STEP][PASSED] - callTestCase(findTestCase("mobileWeb/_include/get_screenshot"), [:], STOP_ON_FAILURE): Call Test Case 'Test Cases/mobileWeb/_include/get_screenshot' successfully

2019-08-29 08:10:42 - [TEST_CASE][PASSED] - Test Cases/mobileWeb/_include/get_screenshot: Test Cases/mobileWeb/_include/get_screenshot

2019-08-29 08:10:42 - [TEST_STEP][PASSED] - takeScreenshot(screenPath + i + ".png"): Taking screenshot successfully

2019-08-29 08:10:42 - [MESSAGE][PASSED] - Taking screenshot successfully
[[ATTACHMENT|D:\\Test\\AgileTest\\Reports\\mobileWeb\\stm\\20190829_080037\\../Screenshots/iPhone 6/stm/Everest Prime/standard/5.png]]

2019-08-29 08:10:42 - [TEST_STEP][PASSED] - (internal.GlobalVariable.i++): null

2019-08-29 08:10:42 - [MESSAGE][PASSED] - Call Test Case 'Test Cases/mobileWeb/_include/get_screenshot' successfully

2019-08-29 08:10:42 - [TEST_STEP][PASSED] - waitForElementVisible(findTestObject("mobileSanity/STM/STM Apply Page/a_Start Secure Application"), 5): Object 'Object Repository/mobileSanity/STM/STM Apply Page/a_Start Secure Application' is visible

2019-08-29 08:10:42 - [MESSAGE][PASSED] - Object 'Object Repository/mobileSanity/STM/STM Apply Page/a_Start Secure Application' is visible

2019-08-29 08:10:42 - [TEST_STEP][PASSED] - click(findTestObject("mobileSanity/STM/STM Apply Page/a_Start Secure Application")): Object: 'Object Repository/mobileSanity/STM/STM Apply Page/a_Start Secure Application' is clicked on

2019-08-29 08:10:44 - [MESSAGE][PASSED] - Object: 'Object Repository/mobileSanity/STM/STM Apply Page/a_Start Secure Application' is clicked on

2019-08-29 08:10:44 - [TEST_STEP][PASSED] - waitForPageLoad(20): Wait for page load successfully

2019-08-29 08:10:44 - [MESSAGE][PASSED] - Wait for page load successfully

2019-08-29 08:10:44 - [TEST_STEP][PASSED] - Thread.sleep(2000): null

2019-08-29 08:10:46 - [TEST_STEP][PASSED] - callTestCase(findTestCase("mobileWeb/_include/get_screenshot"), [:], STOP_ON_FAILURE): Call Test Case 'Test Cases/mobileWeb/_include/get_screenshot' successfully

2019-08-29 08:10:46 - [TEST_CASE][PASSED] - Test Cases/mobileWeb/_include/get_screenshot: Test Cases/mobileWeb/_include/get_screenshot

2019-08-29 08:10:46 - [TEST_STEP][PASSED] - takeScreenshot(screenPath + i + ".png"): Taking screenshot successfully

2019-08-29 08:10:46 - [MESSAGE][PASSED] - Taking screenshot successfully
[[ATTACHMENT|D:\\Test\\AgileTest\\Reports\\mobileWeb\\stm\\20190829_080037\\../Screenshots/iPhone 6/stm/Everest Prime/standard/6.png]]

2019-08-29 08:10:46 - [TEST_STEP][PASSED] - (internal.GlobalVariable.i++): null

2019-08-29 08:10:46 - [MESSAGE][PASSED] - Call Test Case 'Test Cases/mobileWeb/_include/get_screenshot' successfully

2019-08-29 08:10:46 - [MESSAGE][PASSED] - Call Test Case 'Test Cases/mobileWeb/_include/apply_stm' successfully

2019-08-29 08:10:46 - [TEST_STEP][PASSED] - callTestCase(findTestCase("mobileWeb/_include/goToEnd_stm_autofill"), [:], STOP_ON_FAILURE): Call Test Case 'Test Cases/mobileWeb/_include/goToEnd_stm_autofill' successfully

2019-08-29 08:10:46 - [TEST_CASE][PASSED] - Test Cases/mobileWeb/_include/goToEnd_stm_autofill: Test Cases/mobileWeb/_include/goToEnd_stm_autofill

2019-08-29 08:10:46 - [TEST_STEP][PASSED] - callTestCase(findTestCase("mobileWeb/_include/name"), [:], CONTINUE_ON_FAILURE): Call Test Case 'Test Cases/mobileWeb/_include/name' successfully

2019-08-29 08:10:46 - [TEST_CASE][PASSED] - Test Cases/mobileWeb/_include/name: Test Cases/mobileWeb/_include/name

2019-08-29 08:10:46 - [TEST_STEP][PASSED] - driver = getWebDriver(): null

2019-08-29 08:10:46 - [TEST_STEP][PASSED] - selenium = new com.thoughtworks.selenium.webdriven.WebDriverBackedSelenium(driver, internal.GlobalVariable.ENV): null

2019-08-29 08:10:46 - [TEST_STEP][PASSED] - FirstName = "Test-123": null

2019-08-29 08:10:46 - [TEST_STEP][PASSED] - LastName = selenium.getEval("{var x="ABCDEFGHIJKLMNOPQRSTUVWXYZabcdefghijklmnopqrstuvwxyz"; var tmp="ZZ11-"; for (i=0;i<8;i++) tmp+=x.charAt(Math.ceil(51*Math.random()));tmp;}"): null

2019-08-29 08:10:46 - [TEST_STEP][PASSED] - Address = selenium.getEval("{var x="ABCDEFGHIJKLMNOPQRSTUVWXYZabcdefghijklmnopqrstuvwxyz"; var tmp=""; for (i=0;i<8;i++) tmp+=x.charAt(Math.ceil(51*Math.random()));tmp;}"): null

2019-08-29 08:10:46 - [TEST_STEP][PASSED] - City = selenium.getEval("{var x="ABCDEFGHIJKLMNOPQRSTUVWXYZabcdefghijklmnopqrstuvwxyz"; var tmp=""; for (i=0;i<8;i++) tmp+=x.charAt(Math.ceil(51*Math.random()));tmp;}"): null

2019-08-29 08:10:46 - [TEST_STEP][PASSED] - tel1 = selenium.getEval("{var x="123456789"; var tmp=""; for (i=0;i<3;i++) tmp+=x.charAt(Math.ceil(8*Math.random()));tmp;}"): null

2019-08-29 08:10:46 - [TEST_STEP][PASSED] - tel2 = selenium.getEval("{var x="123456789"; var tmp=""; for (i=0;i<3;i++) tmp+=x.charAt(Math.ceil(8*Math.random()));tmp;}"): null

2019-08-29 08:10:46 - [TEST_STEP][PASSED] - tel3 = selenium.getEval("{var x="123456789"; var tmp=""; for (i=0;i<4;i++) tmp+=x.charAt(Math.ceil(8*Math.random()));tmp;}"): null

2019-08-29 08:10:46 - [TEST_STEP][PASSED] - Tel = selenium.getExpression(tel1 + "-" + tel2 + "-" + tel3): null

2019-08-29 08:10:46 - [TEST_STEP][PASSED] - AutoEmail = selenium.getEval("{var x="ABCDEFGHIJKLMNOPQRSTUVWXYZabcdefghijklmnopqrstuvwxyz"; var tmp="test."; for (i=0;i<8;i++) tmp+=x.charAt(Math.ceil(51*Math.random()));tmp+="@suryani.cn";}"): null

2019-08-29 08:10:46 - [TEST_STEP][PASSED] - FirstName = FirstName: null

2019-08-29 08:10:46 - [TEST_STEP][PASSED] - LastName = LastName: null

2019-08-29 08:10:46 - [TEST_STEP][PASSED] - Address = Address: null

2019-08-29 08:10:46 - [TEST_STEP][PASSED] - City = City: null

2019-08-29 08:10:46 - [TEST_STEP][PASSED] - Tel = Tel: null

2019-08-29 08:10:46 - [TEST_STEP][PASSED] - AutoEmail = AutoEmail: null

2019-08-29 08:10:46 - [TEST_STEP][PASSED] - println(FirstName): null

2019-08-29 08:10:46 - [TEST_STEP][PASSED] - println(LastName): null

2019-08-29 08:10:46 - [TEST_STEP][PASSED] - println(Address): null

2019-08-29 08:10:46 - [TEST_STEP][PASSED] - println(City): null

2019-08-29 08:10:46 - [TEST_STEP][PASSED] - println(Tel): null

2019-08-29 08:10:46 - [TEST_STEP][PASSED] - println(AutoEmail): null

2019-08-29 08:10:46 - [MESSAGE][PASSED] - Call Test Case 'Test Cases/mobileWeb/_include/name' successfully

2019-08-29 08:10:46 - [TEST_STEP][FAILED] - try: Unable to verify text 'Month Duration Acknowledgement' is present  (Root cause: com.kms.katalon.core.exception.StepFailedException: Text 'Month Duration Acknowledgement' is not present on page )

2019-08-29 08:10:46 - [TEST_STEP][FAILED] - if (verifyTextPresent("Month Duration Acknowledgement", false)): Unable to verify text 'Month Duration Acknowledgement' is present  (Root cause: com.kms.katalon.core.exception.StepFailedException: Text 'Month Duration Acknowledgement' is not present on page )

2019-08-29 08:10:47 - [MESSAGE][FAILED] - Text 'Month Duration Acknowledgement' is not present on page 

2019-08-29 08:10:47 - [MESSAGE][FAILED] - Unable to verify text 'Month Duration Acknowledgement' is present  (Root cause: com.kms.katalon.core.exception.StepFailedException: Text 'Month Duration Acknowledgement' is not present on page )
[[ATTACHMENT|D:\\Test\\AgileTest\\Reports\\mobileWeb\\stm\\20190829_080037\\1567080647007.png]]

2019-08-29 08:10:47 - [TEST_STEP][PASSED] - catch (Exception e): null

2019-08-29 08:10:47 - [TEST_STEP][PASSED] - println("no consecutive"): null

2019-08-29 08:10:47 - [TEST_STEP][PASSED] - waitForPageLoad(10): Wait for page load successfully

2019-08-29 08:10:47 - [MESSAGE][PASSED] - Wait for page load successfully

2019-08-29 08:10:47 - [TEST_STEP][PASSED] - Thread.sleep(3000): null

2019-08-29 08:10:50 - [TEST_STEP][PASSED] - waitForElementVisible(findTestObject("mobileSanity/STM/Page_App Page 1/a_Autofill App Info"), 20): Object 'Object Repository/mobileSanity/STM/Page_App Page 1/a_Autofill App Info' is visible

2019-08-29 08:10:50 - [MESSAGE][PASSED] - Object 'Object Repository/mobileSanity/STM/Page_App Page 1/a_Autofill App Info' is visible

2019-08-29 08:10:50 - [TEST_STEP][PASSED] - click(findTestObject("mobileSanity/STM/Page_App Page 1/a_Autofill App Info")): Object: 'Object Repository/mobileSanity/STM/Page_App Page 1/a_Autofill App Info' is clicked on

2019-08-29 08:10:50 - [MESSAGE][PASSED] - Object: 'Object Repository/mobileSanity/STM/Page_App Page 1/a_Autofill App Info' is clicked on

2019-08-29 08:10:50 - [TEST_STEP][PASSED] - Thread.sleep(1000): null

2019-08-29 08:10:51 - [TEST_STEP][PASSED] - click(findTestObject("mobileSanity/STM/Page_App Page 1/a_Autofill App Info")): Object: 'Object Repository/mobileSanity/STM/Page_App Page 1/a_Autofill App Info' is clicked on

2019-08-29 08:10:51 - [MESSAGE][PASSED] - Object: 'Object Repository/mobileSanity/STM/Page_App Page 1/a_Autofill App Info' is clicked on

2019-08-29 08:10:51 - [TEST_STEP][PASSED] - Thread.sleep(1000): null

2019-08-29 08:10:52 - [TEST_STEP][PASSED] - waitForElementVisible(findTestObject("mobileSanity/STM/Page_App Page 1/a_Continue"), 20): Object 'Object Repository/mobileSanity/STM/Page_App Page 1/a_Continue' is visible

2019-08-29 08:10:52 - [MESSAGE][PASSED] - Object 'Object Repository/mobileSanity/STM/Page_App Page 1/a_Continue' is visible

2019-08-29 08:10:52 - [TEST_STEP][PASSED] - click(findTestObject("mobileSanity/STM/Page_App Page 1/a_Continue")): Object: 'Object Repository/mobileSanity/STM/Page_App Page 1/a_Continue' is clicked on

2019-08-29 08:10:52 - [MESSAGE][PASSED] - Object: 'Object Repository/mobileSanity/STM/Page_App Page 1/a_Continue' is clicked on

2019-08-29 08:10:52 - [TEST_STEP][PASSED] - waitForPageLoad(20): Wait for page load successfully

2019-08-29 08:10:52 - [MESSAGE][PASSED] - Wait for page load successfully

2019-08-29 08:10:52 - [TEST_STEP][PASSED] - Thread.sleep(2000): null

2019-08-29 08:10:54 - [TEST_STEP][PASSED] - callTestCase(findTestCase("mobileWeb/_include/get_screenshot"), [:], STOP_ON_FAILURE): Call Test Case 'Test Cases/mobileWeb/_include/get_screenshot' successfully

2019-08-29 08:10:54 - [TEST_CASE][PASSED] - Test Cases/mobileWeb/_include/get_screenshot: Test Cases/mobileWeb/_include/get_screenshot

2019-08-29 08:10:55 - [TEST_STEP][PASSED] - takeScreenshot(screenPath + i + ".png"): Taking screenshot successfully

2019-08-29 08:10:55 - [MESSAGE][PASSED] - Taking screenshot successfully
[[ATTACHMENT|D:\\Test\\AgileTest\\Reports\\mobileWeb\\stm\\20190829_080037\\../Screenshots/iPhone 6/stm/Everest Prime/standard/7.png]]

2019-08-29 08:10:55 - [TEST_STEP][PASSED] - (internal.GlobalVariable.i++): null

2019-08-29 08:10:55 - [MESSAGE][PASSED] - Call Test Case 'Test Cases/mobileWeb/_include/get_screenshot' successfully

2019-08-29 08:10:55 - [TEST_STEP][PASSED] - click(findTestObject("mobileSanity/STM/Page_App Page 2/a_Continue to Step 3 - Payment")): Object: 'Object Repository/mobileSanity/STM/Page_App Page 2/a_Continue to Step 3 - Payment' is clicked on

2019-08-29 08:10:55 - [MESSAGE][PASSED] - Object: 'Object Repository/mobileSanity/STM/Page_App Page 2/a_Continue to Step 3 - Payment' is clicked on

2019-08-29 08:10:55 - [TEST_STEP][PASSED] - waitForPageLoad(20): Wait for page load successfully

2019-08-29 08:10:55 - [MESSAGE][PASSED] - Wait for page load successfully

2019-08-29 08:10:55 - [TEST_STEP][PASSED] - waitForElementVisible(findTestObject("mobileSanity/STM/Page_App Page 3/input__credit-card-cvv"), 20): Object 'Object Repository/mobileSanity/STM/Page_App Page 3/input__credit-card-cvv' is visible

2019-08-29 08:10:56 - [MESSAGE][PASSED] - Object 'Object Repository/mobileSanity/STM/Page_App Page 3/input__credit-card-cvv' is visible

2019-08-29 08:10:56 - [TEST_STEP][PASSED] - Thread.sleep(2000): null

2019-08-29 08:10:58 - [TEST_STEP][PASSED] - callTestCase(findTestCase("mobileWeb/_include/get_screenshot"), [:], STOP_ON_FAILURE): Call Test Case 'Test Cases/mobileWeb/_include/get_screenshot' successfully

2019-08-29 08:10:58 - [TEST_CASE][PASSED] - Test Cases/mobileWeb/_include/get_screenshot: Test Cases/mobileWeb/_include/get_screenshot

2019-08-29 08:10:58 - [TEST_STEP][PASSED] - takeScreenshot(screenPath + i + ".png"): Taking screenshot successfully

2019-08-29 08:10:58 - [MESSAGE][PASSED] - Taking screenshot successfully
[[ATTACHMENT|D:\\Test\\AgileTest\\Reports\\mobileWeb\\stm\\20190829_080037\\../Screenshots/iPhone 6/stm/Everest Prime/standard/8.png]]

2019-08-29 08:10:58 - [TEST_STEP][PASSED] - (internal.GlobalVariable.i++): null

2019-08-29 08:10:58 - [MESSAGE][PASSED] - Call Test Case 'Test Cases/mobileWeb/_include/get_screenshot' successfully

2019-08-29 08:10:58 - [TEST_STEP][PASSED] - clearText(findTestObject("mobileSanity/STM/Page_App Page 3/input__credit-card-cvv")): Text of object 'Object Repository/mobileSanity/STM/Page_App Page 3/input__credit-card-cvv' is cleared

2019-08-29 08:10:58 - [MESSAGE][PASSED] - Text of object 'Object Repository/mobileSanity/STM/Page_App Page 3/input__credit-card-cvv' is cleared

2019-08-29 08:10:58 - [TEST_STEP][PASSED] - setText(findTestObject("mobileSanity/STM/Page_App Page 3/input__credit-card-cvv"), "123"): Text '123' is set on object 'Object Repository/mobileSanity/STM/Page_App Page 3/input__credit-card-cvv'

2019-08-29 08:10:58 - [MESSAGE][PASSED] - Text '123' is set on object 'Object Repository/mobileSanity/STM/Page_App Page 3/input__credit-card-cvv'

2019-08-29 08:10:58 - [TEST_STEP][PASSED] - click(findTestObject("mobileSanity/STM/Page_App Page 3/label_I Accept Authorization f")): Object: 'Object Repository/mobileSanity/STM/Page_App Page 3/label_I Accept Authorization f' is clicked on

2019-08-29 08:10:59 - [MESSAGE][PASSED] - Object: 'Object Repository/mobileSanity/STM/Page_App Page 3/label_I Accept Authorization f' is clicked on

2019-08-29 08:10:59 - [TEST_STEP][PASSED] - click(findTestObject("mobileSanity/STM/Page_App Page 3/a_Continue to Step 4 - Review")): Object: 'Object Repository/mobileSanity/STM/Page_App Page 3/a_Continue to Step 4 - Review' is clicked on

2019-08-29 08:10:59 - [MESSAGE][PASSED] - Object: 'Object Repository/mobileSanity/STM/Page_App Page 3/a_Continue to Step 4 - Review' is clicked on

2019-08-29 08:10:59 - [TEST_STEP][PASSED] - waitForPageLoad(10): Wait for page load successfully

2019-08-29 08:10:59 - [MESSAGE][PASSED] - Wait for page load successfully

2019-08-29 08:10:59 - [TEST_STEP][PASSED] - waitForElementClickable(findTestObject("mobileSanity/STM/Page_App Page 4/label"), 10): Object 'Object Repository/mobileSanity/STM/Page_App Page 4/label' is clickable

2019-08-29 08:10:59 - [MESSAGE][PASSED] - Object 'Object Repository/mobileSanity/STM/Page_App Page 4/label' is clickable

2019-08-29 08:10:59 - [TEST_STEP][PASSED] - Thread.sleep(2000): null

2019-08-29 08:11:01 - [TEST_STEP][PASSED] - callTestCase(findTestCase("mobileWeb/_include/get_screenshot"), [:], STOP_ON_FAILURE): Call Test Case 'Test Cases/mobileWeb/_include/get_screenshot' successfully

2019-08-29 08:11:01 - [TEST_CASE][PASSED] - Test Cases/mobileWeb/_include/get_screenshot: Test Cases/mobileWeb/_include/get_screenshot

2019-08-29 08:11:01 - [TEST_STEP][PASSED] - takeScreenshot(screenPath + i + ".png"): Taking screenshot successfully

2019-08-29 08:11:02 - [MESSAGE][PASSED] - Taking screenshot successfully
[[ATTACHMENT|D:\\Test\\AgileTest\\Reports\\mobileWeb\\stm\\20190829_080037\\../Screenshots/iPhone 6/stm/Everest Prime/standard/9.png]]

2019-08-29 08:11:02 - [TEST_STEP][PASSED] - (internal.GlobalVariable.i++): null

2019-08-29 08:11:02 - [MESSAGE][PASSED] - Call Test Case 'Test Cases/mobileWeb/_include/get_screenshot' successfully

2019-08-29 08:11:02 - [TEST_STEP][PASSED] - click(findTestObject("mobileSanity/STM/Page_App Page 4/label")): Object: 'Object Repository/mobileSanity/STM/Page_App Page 4/label' is clicked on

2019-08-29 08:11:02 - [MESSAGE][PASSED] - Object: 'Object Repository/mobileSanity/STM/Page_App Page 4/label' is clicked on

2019-08-29 08:11:02 - [TEST_STEP][PASSED] - click(findTestObject("mobileSanity/STM/Page_App Page 4/div_CLICK TO SIGN")): Object: 'Object Repository/mobileSanity/STM/Page_App Page 4/div_CLICK TO SIGN' is clicked on

2019-08-29 08:11:02 - [MESSAGE][PASSED] - Object: 'Object Repository/mobileSanity/STM/Page_App Page 4/div_CLICK TO SIGN' is clicked on

2019-08-29 08:11:02 - [TEST_STEP][PASSED] - click(findTestObject("mobileSanity/STM/Page_App Page 4/a_Submit Your Application")): Object: 'Object Repository/mobileSanity/STM/Page_App Page 4/a_Submit Your Application' is clicked on

2019-08-29 08:11:02 - [MESSAGE][PASSED] - Object: 'Object Repository/mobileSanity/STM/Page_App Page 4/a_Submit Your Application' is clicked on

2019-08-29 08:11:02 - [TEST_STEP][PASSED] - Thread.sleep(30000): null

2019-08-29 08:11:32 - [TEST_STEP][PASSED] - callTestCase(findTestCase("mobileWeb/_include/get_screenshot"), [:], STOP_ON_FAILURE): Call Test Case 'Test Cases/mobileWeb/_include/get_screenshot' successfully

2019-08-29 08:11:32 - [TEST_CASE][PASSED] - Test Cases/mobileWeb/_include/get_screenshot: Test Cases/mobileWeb/_include/get_screenshot

2019-08-29 08:11:32 - [TEST_STEP][PASSED] - takeScreenshot(screenPath + i + ".png"): Taking screenshot successfully

2019-08-29 08:11:32 - [MESSAGE][PASSED] - Taking screenshot successfully
[[ATTACHMENT|D:\\Test\\AgileTest\\Reports\\mobileWeb\\stm\\20190829_080037\\../Screenshots/iPhone 6/stm/Everest Prime/standard/10.png]]

2019-08-29 08:11:32 - [TEST_STEP][PASSED] - (internal.GlobalVariable.i++): null

2019-08-29 08:11:32 - [MESSAGE][PASSED] - Call Test Case 'Test Cases/mobileWeb/_include/get_screenshot' successfully

2019-08-29 08:11:32 - [TEST_STEP][PASSED] - waitForElementPresent(findTestObject("mobileSanity/STM/Page_App Page 6/span_planName"), 30): Object 'Object Repository/mobileSanity/STM/Page_App Page 6/span_planName' is present

2019-08-29 08:11:32 - [MESSAGE][PASSED] - Object 'Object Repository/mobileSanity/STM/Page_App Page 6/span_planName' is present

2019-08-29 08:11:32 - [TEST_STEP][PASSED] - verifyElementPresent(findTestObject("mobileSanity/STM/Page_App Page 6/span_planName"), 20): Object 'Object Repository/mobileSanity/STM/Page_App Page 6/span_planName' is present

2019-08-29 08:11:32 - [MESSAGE][PASSED] - Object 'Object Repository/mobileSanity/STM/Page_App Page 6/span_planName' is present

2019-08-29 08:11:32 - [TEST_STEP][PASSED] - verifyElementPresent(findTestObject("mobileSanity/STM/Page_App Page 6/span_approved"), 20): Object 'Object Repository/mobileSanity/STM/Page_App Page 6/span_approved' is present

2019-08-29 08:11:33 - [MESSAGE][PASSED] - Object 'Object Repository/mobileSanity/STM/Page_App Page 6/span_approved' is present

2019-08-29 08:11:33 - [MESSAGE][PASSED] - Call Test Case 'Test Cases/mobileWeb/_include/goToEnd_stm_autofill' successfully]]></system-out>
         <system-err><![CDATA[]]></system-err>
      </testcase>
      <testcase name="Test Cases/mobileWeb/stm/LifeShield" classname="Test Cases/mobileWeb/stm/LifeShield" status="PASSED">
         <system-out><![CDATA[2019-08-29 08:11:33 - [TEST_CASE][PASSED] - Test Cases/mobileWeb/stm/LifeShield: Test Cases/mobileWeb/stm/LifeShield

2019-08-29 08:11:33 - [TEST_STEP][PASSED] - callTestCase(findTestCase("mobileWeb/_include/get_screenPath"), ["productLine":"stm", "carrierName":"LifeShield"], CONTINUE_ON_FAILURE): Call Test Case 'Test Cases/mobileWeb/_include/get_screenPath' successfully

2019-08-29 08:11:33 - [TEST_CASE][PASSED] - Test Cases/mobileWeb/_include/get_screenPath: Test Cases/mobileWeb/_include/get_screenPath

2019-08-29 08:11:33 - [TEST_STEP][PASSED] - m = getExecutionProperties(): null

2019-08-29 08:11:33 - [TEST_STEP][PASSED] - deviceName = get("mobileEmulation").get("deviceName"): null

2019-08-29 08:11:33 - [TEST_STEP][PASSED] - println(deviceName): null

2019-08-29 08:11:33 - [TEST_STEP][PASSED] - now = new java.util.Date(): null

2019-08-29 08:11:33 - [TEST_STEP][PASSED] - mydate = now.format("yyyyMMdd_HHmmss"): null

2019-08-29 08:11:33 - [TEST_STEP][PASSED] - screenPath = "../Screenshots/": null

2019-08-29 08:11:33 - [TEST_STEP][PASSED] - screenPath = screenPath + deviceName + "/" + productLine + "/" + carrierName + "/" + "standard" + "/": null

2019-08-29 08:11:33 - [TEST_STEP][PASSED] - println(screenPath): null

2019-08-29 08:11:33 - [MESSAGE][PASSED] - Call Test Case 'Test Cases/mobileWeb/_include/get_screenPath' successfully

2019-08-29 08:11:33 - [TEST_STEP][PASSED] - i = 0: null

2019-08-29 08:11:33 - [TEST_STEP][PASSED] - callTestCase(findTestCase("mobileWeb/_include/openWebSite"), [:], STOP_ON_FAILURE): Call Test Case 'Test Cases/mobileWeb/_include/openWebSite' successfully

2019-08-29 08:11:33 - [TEST_CASE][PASSED] - Test Cases/mobileWeb/_include/openWebSite: Test Cases/mobileWeb/_include/openWebSite

2019-08-29 08:11:33 - [TEST_STEP][PASSED] - openBrowser(env): Browser is opened with url: 'https://praetemptatus.agilehealthinsurance.com'

2019-08-29 08:11:33 - [MESSAGE][WARNING] - A browser is already opened. Closing browser and opening a new one

2019-08-29 08:11:34 - [MESSAGE][INFO] - Starting 'Chrome' driver

2019-08-29 08:11:34 - [MESSAGE][INFO] - User set preference: ['mobileEmulation', '{deviceName=iPhone 6}']

2019-08-29 08:11:34 - [MESSAGE][INFO] - User set preference: ['args', '[--incognito, --aggressive-cache-discard, --window-size=375,677, --no-sandbox]']

2019-08-29 08:11:38 - [MESSAGE][PASSED] - Browser is opened with url: 'https://praetemptatus.agilehealthinsurance.com'

2019-08-29 08:11:38 - [TEST_STEP][PASSED] - waitForPageLoad(20): Wait for page load successfully

2019-08-29 08:11:38 - [MESSAGE][PASSED] - Wait for page load successfully

2019-08-29 08:11:38 - [TEST_STEP][PASSED] - callTestCase(findTestCase("mobileWeb/_include/get_screenshot"), [:], STOP_ON_FAILURE): Call Test Case 'Test Cases/mobileWeb/_include/get_screenshot' successfully

2019-08-29 08:11:38 - [TEST_CASE][PASSED] - Test Cases/mobileWeb/_include/get_screenshot: Test Cases/mobileWeb/_include/get_screenshot

2019-08-29 08:11:38 - [TEST_STEP][PASSED] - takeScreenshot(screenPath + i + ".png"): Taking screenshot successfully

2019-08-29 08:11:39 - [MESSAGE][PASSED] - Taking screenshot successfully
[[ATTACHMENT|D:\\Test\\AgileTest\\Reports\\mobileWeb\\stm\\20190829_080037\\../Screenshots/iPhone 6/stm/LifeShield/standard/0.png]]

2019-08-29 08:11:39 - [TEST_STEP][PASSED] - (internal.GlobalVariable.i++): null

2019-08-29 08:11:39 - [MESSAGE][PASSED] - Call Test Case 'Test Cases/mobileWeb/_include/get_screenshot' successfully

2019-08-29 08:11:39 - [MESSAGE][PASSED] - Call Test Case 'Test Cases/mobileWeb/_include/openWebSite' successfully

2019-08-29 08:11:39 - [TEST_STEP][PASSED] - callTestCase(findTestCase("mobileWeb/_include/census_stm"), ["zipcode":"60602"], STOP_ON_FAILURE): Call Test Case 'Test Cases/mobileWeb/_include/census_stm' successfully

2019-08-29 08:11:39 - [TEST_CASE][PASSED] - Test Cases/mobileWeb/_include/census_stm: Test Cases/mobileWeb/_include/census_stm

2019-08-29 08:11:39 - [TEST_STEP][PASSED] - waitForElementClickable(findTestObject("mobileSanity/STM/Home Page/a_Quote  Save Today"), 10): Object 'Object Repository/mobileSanity/STM/Home Page/a_Quote  Save Today' is clickable

2019-08-29 08:11:39 - [MESSAGE][PASSED] - Object 'Object Repository/mobileSanity/STM/Home Page/a_Quote  Save Today' is clickable

2019-08-29 08:11:39 - [TEST_STEP][PASSED] - click(findTestObject("mobileSanity/STM/Home Page/a_Quote  Save Today")): Object: 'Object Repository/mobileSanity/STM/Home Page/a_Quote  Save Today' is clicked on

2019-08-29 08:11:40 - [MESSAGE][PASSED] - Object: 'Object Repository/mobileSanity/STM/Home Page/a_Quote  Save Today' is clicked on

2019-08-29 08:11:40 - [TEST_STEP][PASSED] - waitForPageLoad(10): Wait for page load successfully

2019-08-29 08:11:40 - [MESSAGE][PASSED] - Wait for page load successfully

2019-08-29 08:11:40 - [TEST_STEP][PASSED] - callTestCase(findTestCase("mobileWeb/_include/get_screenshot"), [:], STOP_ON_FAILURE): Call Test Case 'Test Cases/mobileWeb/_include/get_screenshot' successfully

2019-08-29 08:11:40 - [TEST_CASE][PASSED] - Test Cases/mobileWeb/_include/get_screenshot: Test Cases/mobileWeb/_include/get_screenshot

2019-08-29 08:11:40 - [TEST_STEP][PASSED] - takeScreenshot(screenPath + i + ".png"): Taking screenshot successfully

2019-08-29 08:11:40 - [MESSAGE][PASSED] - Taking screenshot successfully
[[ATTACHMENT|D:\\Test\\AgileTest\\Reports\\mobileWeb\\stm\\20190829_080037\\../Screenshots/iPhone 6/stm/LifeShield/standard/1.png]]

2019-08-29 08:11:40 - [TEST_STEP][PASSED] - (internal.GlobalVariable.i++): null

2019-08-29 08:11:40 - [MESSAGE][PASSED] - Call Test Case 'Test Cases/mobileWeb/_include/get_screenshot' successfully

2019-08-29 08:11:40 - [TEST_STEP][PASSED] - setText(findTestObject("mobileSanity/STM/STM Census Page/input_Location_zip-input"), zipcode): Text '60602' is set on object 'Object Repository/mobileSanity/STM/STM Census Page/input_Location_zip-input'

2019-08-29 08:11:41 - [MESSAGE][PASSED] - Text '60602' is set on object 'Object Repository/mobileSanity/STM/STM Census Page/input_Location_zip-input'

2019-08-29 08:11:41 - [TEST_STEP][PASSED] - Thread.sleep(500): null

2019-08-29 08:11:41 - [TEST_STEP][PASSED] - setText(findTestObject("mobileSanity/STM/STM Census Page/input_Date of Birth_dob-0"), "03031987"): Text '03031987' is set on object 'Object Repository/mobileSanity/STM/STM Census Page/input_Date of Birth_dob-0'

2019-08-29 08:11:41 - [MESSAGE][PASSED] - Text '03031987' is set on object 'Object Repository/mobileSanity/STM/STM Census Page/input_Date of Birth_dob-0'

2019-08-29 08:11:41 - [TEST_STEP][PASSED] - click(findTestObject("mobileSanity/STM/STM Census Page/label_Male")): Object: 'Object Repository/mobileSanity/STM/STM Census Page/label_Male' is clicked on

2019-08-29 08:11:41 - [MESSAGE][PASSED] - Object: 'Object Repository/mobileSanity/STM/STM Census Page/label_Male' is clicked on

2019-08-29 08:11:41 - [TEST_STEP][PASSED] - click(findTestObject("mobileSanity/STM/STM Census Page/label_Compare Plans")): Object: 'Object Repository/mobileSanity/STM/STM Census Page/label_Compare Plans' is clicked on

2019-08-29 08:11:43 - [MESSAGE][PASSED] - Object: 'Object Repository/mobileSanity/STM/STM Census Page/label_Compare Plans' is clicked on

2019-08-29 08:11:43 - [TEST_STEP][PASSED] - waitForElementVisible(findTestObject("mobileSanity/STM/STM Quote Page/button_sort"), 20): Object 'Object Repository/mobileSanity/STM/STM Quote Page/button_sort' is visible

2019-08-29 08:11:43 - [MESSAGE][PASSED] - Object 'Object Repository/mobileSanity/STM/STM Quote Page/button_sort' is visible

2019-08-29 08:11:43 - [TEST_STEP][PASSED] - Thread.sleep(3000): null

2019-08-29 08:11:46 - [TEST_STEP][PASSED] - callTestCase(findTestCase("mobileWeb/_include/get_screenshot"), [:], STOP_ON_FAILURE): Call Test Case 'Test Cases/mobileWeb/_include/get_screenshot' successfully

2019-08-29 08:11:46 - [TEST_CASE][PASSED] - Test Cases/mobileWeb/_include/get_screenshot: Test Cases/mobileWeb/_include/get_screenshot

2019-08-29 08:11:46 - [TEST_STEP][PASSED] - takeScreenshot(screenPath + i + ".png"): Taking screenshot successfully

2019-08-29 08:11:47 - [MESSAGE][PASSED] - Taking screenshot successfully
[[ATTACHMENT|D:\\Test\\AgileTest\\Reports\\mobileWeb\\stm\\20190829_080037\\../Screenshots/iPhone 6/stm/LifeShield/standard/2.png]]

2019-08-29 08:11:47 - [TEST_STEP][PASSED] - (internal.GlobalVariable.i++): null

2019-08-29 08:11:47 - [MESSAGE][PASSED] - Call Test Case 'Test Cases/mobileWeb/_include/get_screenshot' successfully

2019-08-29 08:11:47 - [TEST_STEP][PASSED] - Thread.sleep(1000): null

2019-08-29 08:11:48 - [MESSAGE][PASSED] - Call Test Case 'Test Cases/mobileWeb/_include/census_stm' successfully

2019-08-29 08:11:48 - [TEST_STEP][PASSED] - callTestCase(findTestCase("mobileWeb/_include/filter_stm"), ["carrier":"lifeshield"], STOP_ON_FAILURE): Call Test Case 'Test Cases/mobileWeb/_include/filter_stm' successfully

2019-08-29 08:11:48 - [TEST_CASE][PASSED] - Test Cases/mobileWeb/_include/filter_stm: Test Cases/mobileWeb/_include/filter_stm

2019-08-29 08:11:48 - [TEST_STEP][PASSED] - driver = getWebDriver(): null

2019-08-29 08:11:48 - [TEST_STEP][PASSED] - selenium = new com.thoughtworks.selenium.webdriven.WebDriverBackedSelenium(driver, internal.GlobalVariable.ENV): null

2019-08-29 08:11:49 - [TEST_STEP][PASSED] - Thread.sleep(1000): null

2019-08-29 08:11:50 - [TEST_STEP][PASSED] - click(findTestObject("mobileSanity/STM/STM Quote Page/button_filters")): Object: 'Object Repository/mobileSanity/STM/STM Quote Page/button_filters' is clicked on

2019-08-29 08:11:50 - [MESSAGE][PASSED] - Object: 'Object Repository/mobileSanity/STM/STM Quote Page/button_filters' is clicked on

2019-08-29 08:11:50 - [TEST_STEP][PASSED] - Thread.sleep(1000): null

2019-08-29 08:11:51 - [TEST_STEP][PASSED] - click(findTestObject("mobileSanity/STM/STM Quote Page/i_Insurance company")): Object: 'Object Repository/mobileSanity/STM/STM Quote Page/i_Insurance company' is clicked on

2019-08-29 08:11:51 - [MESSAGE][PASSED] - Object: 'Object Repository/mobileSanity/STM/STM Quote Page/i_Insurance company' is clicked on

2019-08-29 08:11:51 - [TEST_STEP][PASSED] - Thread.sleep(1000): null

2019-08-29 08:11:52 - [TEST_STEP][PASSED] - filter_carrier = "//input[@name='filter[carrier]' and @value='" + carrier + "']/following::label": null

2019-08-29 08:11:52 - [TEST_STEP][PASSED] - println(filter_carrier): null

2019-08-29 08:11:52 - [TEST_STEP][PASSED] - test.MobileKeywords.clickJS_ByXpath(filter_carrier): test.MobileKeywords.clickJS_ByXpath is PASSED

2019-08-29 08:11:52 - [MESSAGE][PASSED] - Execute JavaScript 'arguments[0].click()' successfully

2019-08-29 08:11:52 - [MESSAGE][PASSED] - test.MobileKeywords.clickJS_ByXpath is PASSED

2019-08-29 08:11:52 - [TEST_STEP][PASSED] - Thread.sleep(1000): null

2019-08-29 08:11:53 - [TEST_STEP][PASSED] - scrollToElement(findTestObject("mobileSanity/STM/STM Quote Page/a_Show Plans"), 1000): Scroll to object 'Object Repository/mobileSanity/STM/STM Quote Page/a_Show Plans' successfully

2019-08-29 08:11:53 - [MESSAGE][PASSED] - Scroll to object 'Object Repository/mobileSanity/STM/STM Quote Page/a_Show Plans' successfully

2019-08-29 08:11:53 - [TEST_STEP][PASSED] - click(findTestObject("mobileSanity/STM/STM Quote Page/a_Show Plans")): Object: 'Object Repository/mobileSanity/STM/STM Quote Page/a_Show Plans' is clicked on

2019-08-29 08:11:54 - [MESSAGE][PASSED] - Object: 'Object Repository/mobileSanity/STM/STM Quote Page/a_Show Plans' is clicked on

2019-08-29 08:11:54 - [TEST_STEP][PASSED] - waitForJQueryLoad(20, STOP_ON_FAILURE): jQuery is ready.

2019-08-29 08:11:54 - [MESSAGE][PASSED] - jQuery is ready.

2019-08-29 08:11:54 - [TEST_STEP][PASSED] - Thread.sleep(2000): null

2019-08-29 08:11:56 - [TEST_STEP][PASSED] - callTestCase(findTestCase("mobileWeb/_include/get_screenshot"), [:], STOP_ON_FAILURE): Call Test Case 'Test Cases/mobileWeb/_include/get_screenshot' successfully

2019-08-29 08:11:56 - [TEST_CASE][PASSED] - Test Cases/mobileWeb/_include/get_screenshot: Test Cases/mobileWeb/_include/get_screenshot

2019-08-29 08:11:56 - [TEST_STEP][PASSED] - takeScreenshot(screenPath + i + ".png"): Taking screenshot successfully

2019-08-29 08:11:56 - [MESSAGE][PASSED] - Taking screenshot successfully
[[ATTACHMENT|D:\\Test\\AgileTest\\Reports\\mobileWeb\\stm\\20190829_080037\\../Screenshots/iPhone 6/stm/LifeShield/standard/3.png]]

2019-08-29 08:11:56 - [TEST_STEP][PASSED] - (internal.GlobalVariable.i++): null

2019-08-29 08:11:56 - [MESSAGE][PASSED] - Call Test Case 'Test Cases/mobileWeb/_include/get_screenshot' successfully

2019-08-29 08:11:56 - [MESSAGE][PASSED] - Call Test Case 'Test Cases/mobileWeb/_include/filter_stm' successfully

2019-08-29 08:11:56 - [TEST_STEP][PASSED] - callTestCase(findTestCase("mobileWeb/_include/goToDetail_stm"), ["carrier":"lifeshield"], STOP_ON_FAILURE): Call Test Case 'Test Cases/mobileWeb/_include/goToDetail_stm' successfully

2019-08-29 08:11:56 - [TEST_CASE][PASSED] - Test Cases/mobileWeb/_include/goToDetail_stm: Test Cases/mobileWeb/_include/goToDetail_stm

2019-08-29 08:11:56 - [TEST_STEP][PASSED] - driver = getWebDriver(): null

2019-08-29 08:11:56 - [TEST_STEP][PASSED] - selenium = new com.thoughtworks.selenium.webdriven.WebDriverBackedSelenium(driver, internal.GlobalVariable.ENV): null

2019-08-29 08:11:56 - [TEST_STEP][PASSED] - a_plan_name = "xpath=//a[contains(@href,'/term-health-insurance/plan/" + carrier + "')]": null

2019-08-29 08:11:56 - [TEST_STEP][PASSED] - println(a_plan_name): null

2019-08-29 08:11:56 - [TEST_STEP][PASSED] - selenium.click(a_plan_name): null

2019-08-29 08:11:57 - [TEST_STEP][PASSED] - waitForPageLoad(20): Wait for page load successfully

2019-08-29 08:11:57 - [MESSAGE][PASSED] - Wait for page load successfully

2019-08-29 08:11:57 - [TEST_STEP][PASSED] - Thread.sleep(2000): null

2019-08-29 08:11:59 - [TEST_STEP][PASSED] - callTestCase(findTestCase("mobileWeb/_include/get_screenshot"), [:], STOP_ON_FAILURE): Call Test Case 'Test Cases/mobileWeb/_include/get_screenshot' successfully

2019-08-29 08:11:59 - [TEST_CASE][PASSED] - Test Cases/mobileWeb/_include/get_screenshot: Test Cases/mobileWeb/_include/get_screenshot

2019-08-29 08:11:59 - [TEST_STEP][PASSED] - takeScreenshot(screenPath + i + ".png"): Taking screenshot successfully

2019-08-29 08:12:00 - [MESSAGE][PASSED] - Taking screenshot successfully
[[ATTACHMENT|D:\\Test\\AgileTest\\Reports\\mobileWeb\\stm\\20190829_080037\\../Screenshots/iPhone 6/stm/LifeShield/standard/4.png]]

2019-08-29 08:12:00 - [TEST_STEP][PASSED] - (internal.GlobalVariable.i++): null

2019-08-29 08:12:00 - [MESSAGE][PASSED] - Call Test Case 'Test Cases/mobileWeb/_include/get_screenshot' successfully

2019-08-29 08:12:00 - [MESSAGE][PASSED] - Call Test Case 'Test Cases/mobileWeb/_include/goToDetail_stm' successfully

2019-08-29 08:12:00 - [TEST_STEP][PASSED] - callTestCase(findTestCase("mobileWeb/_include/apply_stm"), [:], STOP_ON_FAILURE): Call Test Case 'Test Cases/mobileWeb/_include/apply_stm' successfully

2019-08-29 08:12:00 - [TEST_CASE][PASSED] - Test Cases/mobileWeb/_include/apply_stm: Test Cases/mobileWeb/_include/apply_stm

2019-08-29 08:12:00 - [TEST_STEP][PASSED] - waitForElementVisible(findTestObject("mobileSanity/STM/STM PlanDetail Page/a_Apply for This Plan"), 5): Object 'Object Repository/mobileSanity/STM/STM PlanDetail Page/a_Apply for This Plan' is visible

2019-08-29 08:12:00 - [MESSAGE][PASSED] - Object 'Object Repository/mobileSanity/STM/STM PlanDetail Page/a_Apply for This Plan' is visible

2019-08-29 08:12:00 - [TEST_STEP][PASSED] - click(findTestObject("mobileSanity/STM/STM PlanDetail Page/a_Apply for This Plan")): Object: 'Object Repository/mobileSanity/STM/STM PlanDetail Page/a_Apply for This Plan' is clicked on

2019-08-29 08:12:00 - [MESSAGE][PASSED] - Object: 'Object Repository/mobileSanity/STM/STM PlanDetail Page/a_Apply for This Plan' is clicked on

2019-08-29 08:12:00 - [TEST_STEP][PASSED] - waitForPageLoad(10): Wait for page load successfully

2019-08-29 08:12:01 - [MESSAGE][PASSED] - Wait for page load successfully

2019-08-29 08:12:01 - [TEST_STEP][PASSED] - Thread.sleep(2000): null

2019-08-29 08:12:03 - [TEST_STEP][PASSED] - callTestCase(findTestCase("mobileWeb/_include/get_screenshot"), [:], STOP_ON_FAILURE): Call Test Case 'Test Cases/mobileWeb/_include/get_screenshot' successfully

2019-08-29 08:12:03 - [TEST_CASE][PASSED] - Test Cases/mobileWeb/_include/get_screenshot: Test Cases/mobileWeb/_include/get_screenshot

2019-08-29 08:12:03 - [TEST_STEP][PASSED] - takeScreenshot(screenPath + i + ".png"): Taking screenshot successfully

2019-08-29 08:12:03 - [MESSAGE][PASSED] - Taking screenshot successfully
[[ATTACHMENT|D:\\Test\\AgileTest\\Reports\\mobileWeb\\stm\\20190829_080037\\../Screenshots/iPhone 6/stm/LifeShield/standard/5.png]]

2019-08-29 08:12:03 - [TEST_STEP][PASSED] - (internal.GlobalVariable.i++): null

2019-08-29 08:12:03 - [MESSAGE][PASSED] - Call Test Case 'Test Cases/mobileWeb/_include/get_screenshot' successfully

2019-08-29 08:12:03 - [TEST_STEP][PASSED] - waitForElementVisible(findTestObject("mobileSanity/STM/STM Apply Page/a_Start Secure Application"), 5): Object 'Object Repository/mobileSanity/STM/STM Apply Page/a_Start Secure Application' is visible

2019-08-29 08:12:03 - [MESSAGE][PASSED] - Object 'Object Repository/mobileSanity/STM/STM Apply Page/a_Start Secure Application' is visible

2019-08-29 08:12:03 - [TEST_STEP][PASSED] - click(findTestObject("mobileSanity/STM/STM Apply Page/a_Start Secure Application")): Object: 'Object Repository/mobileSanity/STM/STM Apply Page/a_Start Secure Application' is clicked on

2019-08-29 08:12:04 - [MESSAGE][PASSED] - Object: 'Object Repository/mobileSanity/STM/STM Apply Page/a_Start Secure Application' is clicked on

2019-08-29 08:12:04 - [TEST_STEP][PASSED] - waitForPageLoad(20): Wait for page load successfully

2019-08-29 08:12:05 - [MESSAGE][PASSED] - Wait for page load successfully

2019-08-29 08:12:05 - [TEST_STEP][PASSED] - Thread.sleep(2000): null

2019-08-29 08:12:07 - [TEST_STEP][PASSED] - callTestCase(findTestCase("mobileWeb/_include/get_screenshot"), [:], STOP_ON_FAILURE): Call Test Case 'Test Cases/mobileWeb/_include/get_screenshot' successfully

2019-08-29 08:12:07 - [TEST_CASE][PASSED] - Test Cases/mobileWeb/_include/get_screenshot: Test Cases/mobileWeb/_include/get_screenshot

2019-08-29 08:12:07 - [TEST_STEP][PASSED] - takeScreenshot(screenPath + i + ".png"): Taking screenshot successfully

2019-08-29 08:12:08 - [MESSAGE][PASSED] - Taking screenshot successfully
[[ATTACHMENT|D:\\Test\\AgileTest\\Reports\\mobileWeb\\stm\\20190829_080037\\../Screenshots/iPhone 6/stm/LifeShield/standard/6.png]]

2019-08-29 08:12:08 - [TEST_STEP][PASSED] - (internal.GlobalVariable.i++): null

2019-08-29 08:12:08 - [MESSAGE][PASSED] - Call Test Case 'Test Cases/mobileWeb/_include/get_screenshot' successfully

2019-08-29 08:12:08 - [MESSAGE][PASSED] - Call Test Case 'Test Cases/mobileWeb/_include/apply_stm' successfully

2019-08-29 08:12:08 - [TEST_STEP][PASSED] - callTestCase(findTestCase("mobileWeb/_include/goToEnd_stm_autofill"), [:], STOP_ON_FAILURE): Call Test Case 'Test Cases/mobileWeb/_include/goToEnd_stm_autofill' successfully

2019-08-29 08:12:08 - [TEST_CASE][PASSED] - Test Cases/mobileWeb/_include/goToEnd_stm_autofill: Test Cases/mobileWeb/_include/goToEnd_stm_autofill

2019-08-29 08:12:08 - [TEST_STEP][PASSED] - callTestCase(findTestCase("mobileWeb/_include/name"), [:], CONTINUE_ON_FAILURE): Call Test Case 'Test Cases/mobileWeb/_include/name' successfully

2019-08-29 08:12:08 - [TEST_CASE][PASSED] - Test Cases/mobileWeb/_include/name: Test Cases/mobileWeb/_include/name

2019-08-29 08:12:08 - [TEST_STEP][PASSED] - driver = getWebDriver(): null

2019-08-29 08:12:08 - [TEST_STEP][PASSED] - selenium = new com.thoughtworks.selenium.webdriven.WebDriverBackedSelenium(driver, internal.GlobalVariable.ENV): null

2019-08-29 08:12:08 - [TEST_STEP][PASSED] - FirstName = "Test-123": null

2019-08-29 08:12:08 - [TEST_STEP][PASSED] - LastName = selenium.getEval("{var x="ABCDEFGHIJKLMNOPQRSTUVWXYZabcdefghijklmnopqrstuvwxyz"; var tmp="ZZ11-"; for (i=0;i<8;i++) tmp+=x.charAt(Math.ceil(51*Math.random()));tmp;}"): null

2019-08-29 08:12:08 - [TEST_STEP][PASSED] - Address = selenium.getEval("{var x="ABCDEFGHIJKLMNOPQRSTUVWXYZabcdefghijklmnopqrstuvwxyz"; var tmp=""; for (i=0;i<8;i++) tmp+=x.charAt(Math.ceil(51*Math.random()));tmp;}"): null

2019-08-29 08:12:08 - [TEST_STEP][PASSED] - City = selenium.getEval("{var x="ABCDEFGHIJKLMNOPQRSTUVWXYZabcdefghijklmnopqrstuvwxyz"; var tmp=""; for (i=0;i<8;i++) tmp+=x.charAt(Math.ceil(51*Math.random()));tmp;}"): null

2019-08-29 08:12:08 - [TEST_STEP][PASSED] - tel1 = selenium.getEval("{var x="123456789"; var tmp=""; for (i=0;i<3;i++) tmp+=x.charAt(Math.ceil(8*Math.random()));tmp;}"): null

2019-08-29 08:12:08 - [TEST_STEP][PASSED] - tel2 = selenium.getEval("{var x="123456789"; var tmp=""; for (i=0;i<3;i++) tmp+=x.charAt(Math.ceil(8*Math.random()));tmp;}"): null

2019-08-29 08:12:08 - [TEST_STEP][PASSED] - tel3 = selenium.getEval("{var x="123456789"; var tmp=""; for (i=0;i<4;i++) tmp+=x.charAt(Math.ceil(8*Math.random()));tmp;}"): null

2019-08-29 08:12:08 - [TEST_STEP][PASSED] - Tel = selenium.getExpression(tel1 + "-" + tel2 + "-" + tel3): null

2019-08-29 08:12:08 - [TEST_STEP][PASSED] - AutoEmail = selenium.getEval("{var x="ABCDEFGHIJKLMNOPQRSTUVWXYZabcdefghijklmnopqrstuvwxyz"; var tmp="test."; for (i=0;i<8;i++) tmp+=x.charAt(Math.ceil(51*Math.random()));tmp+="@suryani.cn";}"): null

2019-08-29 08:12:08 - [TEST_STEP][PASSED] - FirstName = FirstName: null

2019-08-29 08:12:08 - [TEST_STEP][PASSED] - LastName = LastName: null

2019-08-29 08:12:08 - [TEST_STEP][PASSED] - Address = Address: null

2019-08-29 08:12:08 - [TEST_STEP][PASSED] - City = City: null

2019-08-29 08:12:08 - [TEST_STEP][PASSED] - Tel = Tel: null

2019-08-29 08:12:08 - [TEST_STEP][PASSED] - AutoEmail = AutoEmail: null

2019-08-29 08:12:08 - [TEST_STEP][PASSED] - println(FirstName): null

2019-08-29 08:12:08 - [TEST_STEP][PASSED] - println(LastName): null

2019-08-29 08:12:08 - [TEST_STEP][PASSED] - println(Address): null

2019-08-29 08:12:08 - [TEST_STEP][PASSED] - println(City): null

2019-08-29 08:12:08 - [TEST_STEP][PASSED] - println(Tel): null

2019-08-29 08:12:08 - [TEST_STEP][PASSED] - println(AutoEmail): null

2019-08-29 08:12:08 - [MESSAGE][PASSED] - Call Test Case 'Test Cases/mobileWeb/_include/name' successfully

2019-08-29 08:12:08 - [TEST_STEP][FAILED] - try: Unable to verify text 'Month Duration Acknowledgement' is present  (Root cause: com.kms.katalon.core.exception.StepFailedException: Text 'Month Duration Acknowledgement' is not present on page )

2019-08-29 08:12:08 - [TEST_STEP][FAILED] - if (verifyTextPresent("Month Duration Acknowledgement", false)): Unable to verify text 'Month Duration Acknowledgement' is present  (Root cause: com.kms.katalon.core.exception.StepFailedException: Text 'Month Duration Acknowledgement' is not present on page )

2019-08-29 08:12:08 - [MESSAGE][FAILED] - Text 'Month Duration Acknowledgement' is not present on page 

2019-08-29 08:12:08 - [MESSAGE][FAILED] - Unable to verify text 'Month Duration Acknowledgement' is present  (Root cause: com.kms.katalon.core.exception.StepFailedException: Text 'Month Duration Acknowledgement' is not present on page )
[[ATTACHMENT|D:\\Test\\AgileTest\\Reports\\mobileWeb\\stm\\20190829_080037\\1567080728550.png]]

2019-08-29 08:12:08 - [TEST_STEP][PASSED] - catch (Exception e): null

2019-08-29 08:12:08 - [TEST_STEP][PASSED] - println("no consecutive"): null

2019-08-29 08:12:08 - [TEST_STEP][PASSED] - waitForPageLoad(10): Wait for page load successfully

2019-08-29 08:12:08 - [MESSAGE][PASSED] - Wait for page load successfully

2019-08-29 08:12:08 - [TEST_STEP][PASSED] - Thread.sleep(3000): null

2019-08-29 08:12:11 - [TEST_STEP][PASSED] - waitForElementVisible(findTestObject("mobileSanity/STM/Page_App Page 1/a_Autofill App Info"), 20): Object 'Object Repository/mobileSanity/STM/Page_App Page 1/a_Autofill App Info' is visible

2019-08-29 08:12:11 - [MESSAGE][PASSED] - Object 'Object Repository/mobileSanity/STM/Page_App Page 1/a_Autofill App Info' is visible

2019-08-29 08:12:11 - [TEST_STEP][PASSED] - click(findTestObject("mobileSanity/STM/Page_App Page 1/a_Autofill App Info")): Object: 'Object Repository/mobileSanity/STM/Page_App Page 1/a_Autofill App Info' is clicked on

2019-08-29 08:12:12 - [MESSAGE][PASSED] - Object: 'Object Repository/mobileSanity/STM/Page_App Page 1/a_Autofill App Info' is clicked on

2019-08-29 08:12:12 - [TEST_STEP][PASSED] - Thread.sleep(1000): null

2019-08-29 08:12:13 - [TEST_STEP][PASSED] - click(findTestObject("mobileSanity/STM/Page_App Page 1/a_Autofill App Info")): Object: 'Object Repository/mobileSanity/STM/Page_App Page 1/a_Autofill App Info' is clicked on

2019-08-29 08:12:13 - [MESSAGE][PASSED] - Object: 'Object Repository/mobileSanity/STM/Page_App Page 1/a_Autofill App Info' is clicked on

2019-08-29 08:12:13 - [TEST_STEP][PASSED] - Thread.sleep(1000): null

2019-08-29 08:12:14 - [TEST_STEP][PASSED] - waitForElementVisible(findTestObject("mobileSanity/STM/Page_App Page 1/a_Continue"), 20): Object 'Object Repository/mobileSanity/STM/Page_App Page 1/a_Continue' is visible

2019-08-29 08:12:14 - [MESSAGE][PASSED] - Object 'Object Repository/mobileSanity/STM/Page_App Page 1/a_Continue' is visible

2019-08-29 08:12:14 - [TEST_STEP][PASSED] - click(findTestObject("mobileSanity/STM/Page_App Page 1/a_Continue")): Object: 'Object Repository/mobileSanity/STM/Page_App Page 1/a_Continue' is clicked on

2019-08-29 08:12:14 - [MESSAGE][PASSED] - Object: 'Object Repository/mobileSanity/STM/Page_App Page 1/a_Continue' is clicked on

2019-08-29 08:12:14 - [TEST_STEP][PASSED] - waitForPageLoad(20): Wait for page load successfully

2019-08-29 08:12:14 - [MESSAGE][PASSED] - Wait for page load successfully

2019-08-29 08:12:14 - [TEST_STEP][PASSED] - Thread.sleep(2000): null

2019-08-29 08:12:16 - [TEST_STEP][PASSED] - callTestCase(findTestCase("mobileWeb/_include/get_screenshot"), [:], STOP_ON_FAILURE): Call Test Case 'Test Cases/mobileWeb/_include/get_screenshot' successfully

2019-08-29 08:12:16 - [TEST_CASE][PASSED] - Test Cases/mobileWeb/_include/get_screenshot: Test Cases/mobileWeb/_include/get_screenshot

2019-08-29 08:12:16 - [TEST_STEP][PASSED] - takeScreenshot(screenPath + i + ".png"): Taking screenshot successfully

2019-08-29 08:12:16 - [MESSAGE][PASSED] - Taking screenshot successfully
[[ATTACHMENT|D:\\Test\\AgileTest\\Reports\\mobileWeb\\stm\\20190829_080037\\../Screenshots/iPhone 6/stm/LifeShield/standard/7.png]]

2019-08-29 08:12:16 - [TEST_STEP][PASSED] - (internal.GlobalVariable.i++): null

2019-08-29 08:12:16 - [MESSAGE][PASSED] - Call Test Case 'Test Cases/mobileWeb/_include/get_screenshot' successfully

2019-08-29 08:12:16 - [TEST_STEP][PASSED] - click(findTestObject("mobileSanity/STM/Page_App Page 2/a_Continue to Step 3 - Payment")): Object: 'Object Repository/mobileSanity/STM/Page_App Page 2/a_Continue to Step 3 - Payment' is clicked on

2019-08-29 08:12:16 - [MESSAGE][PASSED] - Object: 'Object Repository/mobileSanity/STM/Page_App Page 2/a_Continue to Step 3 - Payment' is clicked on

2019-08-29 08:12:16 - [TEST_STEP][PASSED] - waitForPageLoad(20): Wait for page load successfully

2019-08-29 08:12:16 - [MESSAGE][PASSED] - Wait for page load successfully

2019-08-29 08:12:16 - [TEST_STEP][PASSED] - waitForElementVisible(findTestObject("mobileSanity/STM/Page_App Page 3/input__credit-card-cvv"), 20): Object 'Object Repository/mobileSanity/STM/Page_App Page 3/input__credit-card-cvv' is visible

2019-08-29 08:12:17 - [MESSAGE][PASSED] - Object 'Object Repository/mobileSanity/STM/Page_App Page 3/input__credit-card-cvv' is visible

2019-08-29 08:12:17 - [TEST_STEP][PASSED] - Thread.sleep(2000): null

2019-08-29 08:12:19 - [TEST_STEP][PASSED] - callTestCase(findTestCase("mobileWeb/_include/get_screenshot"), [:], STOP_ON_FAILURE): Call Test Case 'Test Cases/mobileWeb/_include/get_screenshot' successfully

2019-08-29 08:12:19 - [TEST_CASE][PASSED] - Test Cases/mobileWeb/_include/get_screenshot: Test Cases/mobileWeb/_include/get_screenshot

2019-08-29 08:12:19 - [TEST_STEP][PASSED] - takeScreenshot(screenPath + i + ".png"): Taking screenshot successfully

2019-08-29 08:12:19 - [MESSAGE][PASSED] - Taking screenshot successfully
[[ATTACHMENT|D:\\Test\\AgileTest\\Reports\\mobileWeb\\stm\\20190829_080037\\../Screenshots/iPhone 6/stm/LifeShield/standard/8.png]]

2019-08-29 08:12:19 - [TEST_STEP][PASSED] - (internal.GlobalVariable.i++): null

2019-08-29 08:12:19 - [MESSAGE][PASSED] - Call Test Case 'Test Cases/mobileWeb/_include/get_screenshot' successfully

2019-08-29 08:12:19 - [TEST_STEP][PASSED] - clearText(findTestObject("mobileSanity/STM/Page_App Page 3/input__credit-card-cvv")): Text of object 'Object Repository/mobileSanity/STM/Page_App Page 3/input__credit-card-cvv' is cleared

2019-08-29 08:12:20 - [MESSAGE][PASSED] - Text of object 'Object Repository/mobileSanity/STM/Page_App Page 3/input__credit-card-cvv' is cleared

2019-08-29 08:12:20 - [TEST_STEP][PASSED] - setText(findTestObject("mobileSanity/STM/Page_App Page 3/input__credit-card-cvv"), "123"): Text '123' is set on object 'Object Repository/mobileSanity/STM/Page_App Page 3/input__credit-card-cvv'

2019-08-29 08:12:20 - [MESSAGE][PASSED] - Text '123' is set on object 'Object Repository/mobileSanity/STM/Page_App Page 3/input__credit-card-cvv'

2019-08-29 08:12:20 - [TEST_STEP][PASSED] - click(findTestObject("mobileSanity/STM/Page_App Page 3/label_I Accept Authorization f")): Object: 'Object Repository/mobileSanity/STM/Page_App Page 3/label_I Accept Authorization f' is clicked on

2019-08-29 08:12:20 - [MESSAGE][PASSED] - Object: 'Object Repository/mobileSanity/STM/Page_App Page 3/label_I Accept Authorization f' is clicked on

2019-08-29 08:12:20 - [TEST_STEP][PASSED] - click(findTestObject("mobileSanity/STM/Page_App Page 3/a_Continue to Step 4 - Review")): Object: 'Object Repository/mobileSanity/STM/Page_App Page 3/a_Continue to Step 4 - Review' is clicked on

2019-08-29 08:12:20 - [MESSAGE][PASSED] - Object: 'Object Repository/mobileSanity/STM/Page_App Page 3/a_Continue to Step 4 - Review' is clicked on

2019-08-29 08:12:20 - [TEST_STEP][PASSED] - waitForPageLoad(10): Wait for page load successfully

2019-08-29 08:12:20 - [MESSAGE][PASSED] - Wait for page load successfully

2019-08-29 08:12:20 - [TEST_STEP][PASSED] - waitForElementClickable(findTestObject("mobileSanity/STM/Page_App Page 4/label"), 10): Object 'Object Repository/mobileSanity/STM/Page_App Page 4/label' is clickable

2019-08-29 08:12:20 - [MESSAGE][PASSED] - Object 'Object Repository/mobileSanity/STM/Page_App Page 4/label' is clickable

2019-08-29 08:12:20 - [TEST_STEP][PASSED] - Thread.sleep(2000): null

2019-08-29 08:12:22 - [TEST_STEP][PASSED] - callTestCase(findTestCase("mobileWeb/_include/get_screenshot"), [:], STOP_ON_FAILURE): Call Test Case 'Test Cases/mobileWeb/_include/get_screenshot' successfully

2019-08-29 08:12:22 - [TEST_CASE][PASSED] - Test Cases/mobileWeb/_include/get_screenshot: Test Cases/mobileWeb/_include/get_screenshot

2019-08-29 08:12:22 - [TEST_STEP][PASSED] - takeScreenshot(screenPath + i + ".png"): Taking screenshot successfully

2019-08-29 08:12:23 - [MESSAGE][PASSED] - Taking screenshot successfully
[[ATTACHMENT|D:\\Test\\AgileTest\\Reports\\mobileWeb\\stm\\20190829_080037\\../Screenshots/iPhone 6/stm/LifeShield/standard/9.png]]

2019-08-29 08:12:23 - [TEST_STEP][PASSED] - (internal.GlobalVariable.i++): null

2019-08-29 08:12:23 - [MESSAGE][PASSED] - Call Test Case 'Test Cases/mobileWeb/_include/get_screenshot' successfully

2019-08-29 08:12:23 - [TEST_STEP][PASSED] - click(findTestObject("mobileSanity/STM/Page_App Page 4/label")): Object: 'Object Repository/mobileSanity/STM/Page_App Page 4/label' is clicked on

2019-08-29 08:12:23 - [MESSAGE][PASSED] - Object: 'Object Repository/mobileSanity/STM/Page_App Page 4/label' is clicked on

2019-08-29 08:12:23 - [TEST_STEP][PASSED] - click(findTestObject("mobileSanity/STM/Page_App Page 4/div_CLICK TO SIGN")): Object: 'Object Repository/mobileSanity/STM/Page_App Page 4/div_CLICK TO SIGN' is clicked on

2019-08-29 08:12:23 - [MESSAGE][PASSED] - Object: 'Object Repository/mobileSanity/STM/Page_App Page 4/div_CLICK TO SIGN' is clicked on

2019-08-29 08:12:23 - [TEST_STEP][PASSED] - click(findTestObject("mobileSanity/STM/Page_App Page 4/a_Submit Your Application")): Object: 'Object Repository/mobileSanity/STM/Page_App Page 4/a_Submit Your Application' is clicked on

2019-08-29 08:12:23 - [MESSAGE][PASSED] - Object: 'Object Repository/mobileSanity/STM/Page_App Page 4/a_Submit Your Application' is clicked on

2019-08-29 08:12:23 - [TEST_STEP][PASSED] - Thread.sleep(30000): null

2019-08-29 08:12:53 - [TEST_STEP][PASSED] - callTestCase(findTestCase("mobileWeb/_include/get_screenshot"), [:], STOP_ON_FAILURE): Call Test Case 'Test Cases/mobileWeb/_include/get_screenshot' successfully

2019-08-29 08:12:53 - [TEST_CASE][PASSED] - Test Cases/mobileWeb/_include/get_screenshot: Test Cases/mobileWeb/_include/get_screenshot

2019-08-29 08:12:53 - [TEST_STEP][PASSED] - takeScreenshot(screenPath + i + ".png"): Taking screenshot successfully

2019-08-29 08:12:54 - [MESSAGE][PASSED] - Taking screenshot successfully
[[ATTACHMENT|D:\\Test\\AgileTest\\Reports\\mobileWeb\\stm\\20190829_080037\\../Screenshots/iPhone 6/stm/LifeShield/standard/10.png]]

2019-08-29 08:12:54 - [TEST_STEP][PASSED] - (internal.GlobalVariable.i++): null

2019-08-29 08:12:54 - [MESSAGE][PASSED] - Call Test Case 'Test Cases/mobileWeb/_include/get_screenshot' successfully

2019-08-29 08:12:54 - [TEST_STEP][PASSED] - waitForElementPresent(findTestObject("mobileSanity/STM/Page_App Page 6/span_planName"), 30): Object 'Object Repository/mobileSanity/STM/Page_App Page 6/span_planName' is present

2019-08-29 08:12:54 - [MESSAGE][PASSED] - Object 'Object Repository/mobileSanity/STM/Page_App Page 6/span_planName' is present

2019-08-29 08:12:54 - [TEST_STEP][PASSED] - verifyElementPresent(findTestObject("mobileSanity/STM/Page_App Page 6/span_planName"), 20): Object 'Object Repository/mobileSanity/STM/Page_App Page 6/span_planName' is present

2019-08-29 08:12:54 - [MESSAGE][PASSED] - Object 'Object Repository/mobileSanity/STM/Page_App Page 6/span_planName' is present

2019-08-29 08:12:54 - [TEST_STEP][PASSED] - verifyElementPresent(findTestObject("mobileSanity/STM/Page_App Page 6/span_approved"), 20): Object 'Object Repository/mobileSanity/STM/Page_App Page 6/span_approved' is present

2019-08-29 08:12:54 - [MESSAGE][PASSED] - Object 'Object Repository/mobileSanity/STM/Page_App Page 6/span_approved' is present

2019-08-29 08:12:54 - [MESSAGE][PASSED] - Call Test Case 'Test Cases/mobileWeb/_include/goToEnd_stm_autofill' successfully]]></system-out>
         <system-err><![CDATA[]]></system-err>
      </testcase>
      <testcase name="Test Cases/mobileWeb/stm/NationalGeneral" classname="Test Cases/mobileWeb/stm/NationalGeneral" status="FAILED">
         <failure type="FAILED" message="Test Cases/mobileWeb/stm/NationalGeneral FAILED.
Reason:
com.kms.katalon.core.exception.StepFailedException: Unable to verify object 'Object Repository/mobileSanity/STM/Page_App Page 6/span_planName' is present (Root cause: com.kms.katalon.core.exception.StepFailedException: com.kms.katalon.core.webui.exception.WebElementNotFoundException: Web element with id: 'Object Repository/mobileSanity/STM/Page_App Page 6/span_planName' located by 'By.xpath: id(&quot;js-app-confirmation&quot;)/div[@class=&quot;app-confirmation-main&quot;]/div[@class=&quot;app-confirmation-container&quot;]/p[@class=&quot;reset&quot;]/span[@class=&quot;emphasize&quot;]' not found)
	at com.kms.katalon.core.keyword.internal.KeywordMain.stepFailed(KeywordMain.groovy:36)
	at com.kms.katalon.core.webui.keyword.internal.WebUIKeywordMain.stepFailed(WebUIKeywordMain.groovy:65)
	at com.kms.katalon.core.webui.keyword.internal.WebUIKeywordMain.runKeyword(WebUIKeywordMain.groovy:27)
	at com.kms.katalon.core.webui.keyword.builtin.VerifyElementPresentKeyword.verifyElementPresent(VerifyElementPresentKeyword.groovy:92)
	at com.kms.katalon.core.webui.keyword.builtin.VerifyElementPresentKeyword.execute(VerifyElementPresentKeyword.groovy:68)
	at com.kms.katalon.core.keyword.internal.KeywordExecutor.executeKeywordForPlatform(KeywordExecutor.groovy:53)
	at com.kms.katalon.core.webui.keyword.WebUiBuiltInKeywords.verifyElementPresent(WebUiBuiltInKeywords.groovy:1434)
	at com.kms.katalon.core.webui.keyword.WebUiBuiltInKeywords$verifyElementPresent$12.call(Unknown Source)
	at goToEnd_stm_autofill.run(goToEnd_stm_autofill:99)
	at com.kms.katalon.core.main.ScriptEngine.run(ScriptEngine.java:194)
	at com.kms.katalon.core.main.ScriptEngine.runScriptAsRawText(ScriptEngine.java:119)
	at com.kms.katalon.core.main.TestCaseExecutor.runScript(TestCaseExecutor.java:328)
	at com.kms.katalon.core.main.TestCaseExecutor.doExecute(TestCaseExecutor.java:319)
	at com.kms.katalon.core.main.TestCaseExecutor.processExecutionPhase(TestCaseExecutor.java:298)
	at com.kms.katalon.core.main.TestCaseExecutor.accessMainPhase(TestCaseExecutor.java:290)
	at com.kms.katalon.core.main.TestCaseExecutor.execute(TestCaseExecutor.java:224)
	at com.kms.katalon.core.main.TestCaseMain.runTestCase(TestCaseMain.java:106)
	at com.kms.katalon.core.keyword.builtin.CallTestCaseKeyword$_callTestCase_closure1.doCall(CallTestCaseKeyword.groovy:59)
	at com.kms.katalon.core.keyword.builtin.CallTestCaseKeyword$_callTestCase_closure1.call(CallTestCaseKeyword.groovy)
	at com.kms.katalon.core.keyword.internal.KeywordMain.runKeyword(KeywordMain.groovy:54)
	at com.kms.katalon.core.keyword.builtin.CallTestCaseKeyword.callTestCase(CallTestCaseKeyword.groovy:80)
	at com.kms.katalon.core.keyword.builtin.CallTestCaseKeyword.execute(CallTestCaseKeyword.groovy:44)
	at com.kms.katalon.core.keyword.internal.KeywordExecutor.executeKeywordForPlatform(KeywordExecutor.groovy:53)
	at com.kms.katalon.core.keyword.BuiltinKeywords.callTestCase(BuiltinKeywords.groovy:334)
	at NationalGeneral.run(NationalGeneral:31)
	at com.kms.katalon.core.main.ScriptEngine.run(ScriptEngine.java:194)
	at com.kms.katalon.core.main.ScriptEngine.runScriptAsRawText(ScriptEngine.java:119)
	at com.kms.katalon.core.main.TestCaseExecutor.runScript(TestCaseExecutor.java:328)
	at com.kms.katalon.core.main.TestCaseExecutor.doExecute(TestCaseExecutor.java:319)
	at com.kms.katalon.core.main.TestCaseExecutor.processExecutionPhase(TestCaseExecutor.java:298)
	at com.kms.katalon.core.main.TestCaseExecutor.accessMainPhase(TestCaseExecutor.java:290)
	at com.kms.katalon.core.main.TestCaseExecutor.execute(TestCaseExecutor.java:224)
	at com.kms.katalon.core.main.TestSuiteExecutor.accessTestCaseMainPhase(TestSuiteExecutor.java:129)
	at com.kms.katalon.core.main.TestSuiteExecutor.accessTestSuiteMainPhase(TestSuiteExecutor.java:112)
	at com.kms.katalon.core.main.TestSuiteExecutor.execute(TestSuiteExecutor.java:81)
	at com.kms.katalon.core.main.TestCaseMain.startTestSuite(TestCaseMain.java:149)
	at com.kms.katalon.core.main.TestCaseMain$startTestSuite$0.call(Unknown Source)
	at TempTestSuite1567080037356.run(TempTestSuite1567080037356.groovy:36)
"/>
         <system-out><![CDATA[2019-08-29 08:12:54 - [TEST_CASE][FAILED] - Test Cases/mobileWeb/stm/NationalGeneral: Test Cases/mobileWeb/stm/NationalGeneral FAILED.
Reason:
com.kms.katalon.core.exception.StepFailedException: Unable to verify object 'Object Repository/mobileSanity/STM/Page_App Page 6/span_planName' is present (Root cause: com.kms.katalon.core.exception.StepFailedException: com.kms.katalon.core.webui.exception.WebElementNotFoundException: Web element with id: 'Object Repository/mobileSanity/STM/Page_App Page 6/span_planName' located by 'By.xpath: id("js-app-confirmation")/div[@class="app-confirmation-main"]/div[@class="app-confirmation-container"]/p[@class="reset"]/span[@class="emphasize"]' not found)
	at com.kms.katalon.core.keyword.internal.KeywordMain.stepFailed(KeywordMain.groovy:36)
	at com.kms.katalon.core.webui.keyword.internal.WebUIKeywordMain.stepFailed(WebUIKeywordMain.groovy:65)
	at com.kms.katalon.core.webui.keyword.internal.WebUIKeywordMain.runKeyword(WebUIKeywordMain.groovy:27)
	at com.kms.katalon.core.webui.keyword.builtin.VerifyElementPresentKeyword.verifyElementPresent(VerifyElementPresentKeyword.groovy:92)
	at com.kms.katalon.core.webui.keyword.builtin.VerifyElementPresentKeyword.execute(VerifyElementPresentKeyword.groovy:68)
	at com.kms.katalon.core.keyword.internal.KeywordExecutor.executeKeywordForPlatform(KeywordExecutor.groovy:53)
	at com.kms.katalon.core.webui.keyword.WebUiBuiltInKeywords.verifyElementPresent(WebUiBuiltInKeywords.groovy:1434)
	at com.kms.katalon.core.webui.keyword.WebUiBuiltInKeywords$verifyElementPresent$12.call(Unknown Source)
	at goToEnd_stm_autofill.run(goToEnd_stm_autofill:99)
	at com.kms.katalon.core.main.ScriptEngine.run(ScriptEngine.java:194)
	at com.kms.katalon.core.main.ScriptEngine.runScriptAsRawText(ScriptEngine.java:119)
	at com.kms.katalon.core.main.TestCaseExecutor.runScript(TestCaseExecutor.java:328)
	at com.kms.katalon.core.main.TestCaseExecutor.doExecute(TestCaseExecutor.java:319)
	at com.kms.katalon.core.main.TestCaseExecutor.processExecutionPhase(TestCaseExecutor.java:298)
	at com.kms.katalon.core.main.TestCaseExecutor.accessMainPhase(TestCaseExecutor.java:290)
	at com.kms.katalon.core.main.TestCaseExecutor.execute(TestCaseExecutor.java:224)
	at com.kms.katalon.core.main.TestCaseMain.runTestCase(TestCaseMain.java:106)
	at com.kms.katalon.core.keyword.builtin.CallTestCaseKeyword$_callTestCase_closure1.doCall(CallTestCaseKeyword.groovy:59)
	at com.kms.katalon.core.keyword.builtin.CallTestCaseKeyword$_callTestCase_closure1.call(CallTestCaseKeyword.groovy)
	at com.kms.katalon.core.keyword.internal.KeywordMain.runKeyword(KeywordMain.groovy:54)
	at com.kms.katalon.core.keyword.builtin.CallTestCaseKeyword.callTestCase(CallTestCaseKeyword.groovy:80)
	at com.kms.katalon.core.keyword.builtin.CallTestCaseKeyword.execute(CallTestCaseKeyword.groovy:44)
	at com.kms.katalon.core.keyword.internal.KeywordExecutor.executeKeywordForPlatform(KeywordExecutor.groovy:53)
	at com.kms.katalon.core.keyword.BuiltinKeywords.callTestCase(BuiltinKeywords.groovy:334)
	at NationalGeneral.run(NationalGeneral:31)
	at com.kms.katalon.core.main.ScriptEngine.run(ScriptEngine.java:194)
	at com.kms.katalon.core.main.ScriptEngine.runScriptAsRawText(ScriptEngine.java:119)
	at com.kms.katalon.core.main.TestCaseExecutor.runScript(TestCaseExecutor.java:328)
	at com.kms.katalon.core.main.TestCaseExecutor.doExecute(TestCaseExecutor.java:319)
	at com.kms.katalon.core.main.TestCaseExecutor.processExecutionPhase(TestCaseExecutor.java:298)
	at com.kms.katalon.core.main.TestCaseExecutor.accessMainPhase(TestCaseExecutor.java:290)
	at com.kms.katalon.core.main.TestCaseExecutor.execute(TestCaseExecutor.java:224)
	at com.kms.katalon.core.main.TestSuiteExecutor.accessTestCaseMainPhase(TestSuiteExecutor.java:129)
	at com.kms.katalon.core.main.TestSuiteExecutor.accessTestSuiteMainPhase(TestSuiteExecutor.java:112)
	at com.kms.katalon.core.main.TestSuiteExecutor.execute(TestSuiteExecutor.java:81)
	at com.kms.katalon.core.main.TestCaseMain.startTestSuite(TestCaseMain.java:149)
	at com.kms.katalon.core.main.TestCaseMain$startTestSuite$0.call(Unknown Source)
	at TempTestSuite1567080037356.run(TempTestSuite1567080037356.groovy:36)


2019-08-29 08:12:54 - [TEST_STEP][PASSED] - callTestCase(findTestCase("mobileWeb/_include/get_screenPath"), ["productLine":"stm", "carrierName":"National General"], CONTINUE_ON_FAILURE): Call Test Case 'Test Cases/mobileWeb/_include/get_screenPath' successfully

2019-08-29 08:12:54 - [TEST_CASE][PASSED] - Test Cases/mobileWeb/_include/get_screenPath: Test Cases/mobileWeb/_include/get_screenPath

2019-08-29 08:12:54 - [TEST_STEP][PASSED] - m = getExecutionProperties(): null

2019-08-29 08:12:54 - [TEST_STEP][PASSED] - deviceName = get("mobileEmulation").get("deviceName"): null

2019-08-29 08:12:54 - [TEST_STEP][PASSED] - println(deviceName): null

2019-08-29 08:12:54 - [TEST_STEP][PASSED] - now = new java.util.Date(): null

2019-08-29 08:12:54 - [TEST_STEP][PASSED] - mydate = now.format("yyyyMMdd_HHmmss"): null

2019-08-29 08:12:54 - [TEST_STEP][PASSED] - screenPath = "../Screenshots/": null

2019-08-29 08:12:54 - [TEST_STEP][PASSED] - screenPath = screenPath + deviceName + "/" + productLine + "/" + carrierName + "/" + "standard" + "/": null

2019-08-29 08:12:54 - [TEST_STEP][PASSED] - println(screenPath): null

2019-08-29 08:12:54 - [MESSAGE][PASSED] - Call Test Case 'Test Cases/mobileWeb/_include/get_screenPath' successfully

2019-08-29 08:12:54 - [TEST_STEP][PASSED] - i = 0: null

2019-08-29 08:12:54 - [TEST_STEP][PASSED] - callTestCase(findTestCase("mobileWeb/_include/openWebSite"), [:], CONTINUE_ON_FAILURE): Call Test Case 'Test Cases/mobileWeb/_include/openWebSite' successfully

2019-08-29 08:12:54 - [TEST_CASE][PASSED] - Test Cases/mobileWeb/_include/openWebSite: Test Cases/mobileWeb/_include/openWebSite

2019-08-29 08:12:54 - [TEST_STEP][PASSED] - openBrowser(env): Browser is opened with url: 'https://praetemptatus.agilehealthinsurance.com'

2019-08-29 08:12:54 - [MESSAGE][WARNING] - A browser is already opened. Closing browser and opening a new one

2019-08-29 08:12:55 - [MESSAGE][INFO] - Starting 'Chrome' driver

2019-08-29 08:12:55 - [MESSAGE][INFO] - User set preference: ['mobileEmulation', '{deviceName=iPhone 6}']

2019-08-29 08:12:55 - [MESSAGE][INFO] - User set preference: ['args', '[--incognito, --aggressive-cache-discard, --window-size=375,677, --no-sandbox]']

2019-08-29 08:12:59 - [MESSAGE][PASSED] - Browser is opened with url: 'https://praetemptatus.agilehealthinsurance.com'

2019-08-29 08:12:59 - [TEST_STEP][PASSED] - waitForPageLoad(20): Wait for page load successfully

2019-08-29 08:12:59 - [MESSAGE][PASSED] - Wait for page load successfully

2019-08-29 08:12:59 - [TEST_STEP][PASSED] - callTestCase(findTestCase("mobileWeb/_include/get_screenshot"), [:], STOP_ON_FAILURE): Call Test Case 'Test Cases/mobileWeb/_include/get_screenshot' successfully

2019-08-29 08:13:00 - [TEST_CASE][PASSED] - Test Cases/mobileWeb/_include/get_screenshot: Test Cases/mobileWeb/_include/get_screenshot

2019-08-29 08:13:00 - [TEST_STEP][PASSED] - takeScreenshot(screenPath + i + ".png"): Taking screenshot successfully

2019-08-29 08:13:00 - [MESSAGE][PASSED] - Taking screenshot successfully
[[ATTACHMENT|D:\\Test\\AgileTest\\Reports\\mobileWeb\\stm\\20190829_080037\\../Screenshots/iPhone 6/stm/National General/standard/0.png]]

2019-08-29 08:13:00 - [TEST_STEP][PASSED] - (internal.GlobalVariable.i++): null

2019-08-29 08:13:00 - [MESSAGE][PASSED] - Call Test Case 'Test Cases/mobileWeb/_include/get_screenshot' successfully

2019-08-29 08:13:00 - [MESSAGE][PASSED] - Call Test Case 'Test Cases/mobileWeb/_include/openWebSite' successfully

2019-08-29 08:13:00 - [TEST_STEP][PASSED] - callTestCase(findTestCase("mobileWeb/_include/census_stm"), [:], CONTINUE_ON_FAILURE): Call Test Case 'Test Cases/mobileWeb/_include/census_stm' successfully

2019-08-29 08:13:00 - [TEST_CASE][PASSED] - Test Cases/mobileWeb/_include/census_stm: Test Cases/mobileWeb/_include/census_stm

2019-08-29 08:13:00 - [TEST_STEP][PASSED] - waitForElementClickable(findTestObject("mobileSanity/STM/Home Page/a_Quote  Save Today"), 10): Object 'Object Repository/mobileSanity/STM/Home Page/a_Quote  Save Today' is clickable

2019-08-29 08:13:00 - [MESSAGE][PASSED] - Object 'Object Repository/mobileSanity/STM/Home Page/a_Quote  Save Today' is clickable

2019-08-29 08:13:00 - [TEST_STEP][PASSED] - click(findTestObject("mobileSanity/STM/Home Page/a_Quote  Save Today")): Object: 'Object Repository/mobileSanity/STM/Home Page/a_Quote  Save Today' is clicked on

2019-08-29 08:13:01 - [MESSAGE][PASSED] - Object: 'Object Repository/mobileSanity/STM/Home Page/a_Quote  Save Today' is clicked on

2019-08-29 08:13:01 - [TEST_STEP][PASSED] - waitForPageLoad(10): Wait for page load successfully

2019-08-29 08:13:01 - [MESSAGE][PASSED] - Wait for page load successfully

2019-08-29 08:13:01 - [TEST_STEP][PASSED] - callTestCase(findTestCase("mobileWeb/_include/get_screenshot"), [:], STOP_ON_FAILURE): Call Test Case 'Test Cases/mobileWeb/_include/get_screenshot' successfully

2019-08-29 08:13:01 - [TEST_CASE][PASSED] - Test Cases/mobileWeb/_include/get_screenshot: Test Cases/mobileWeb/_include/get_screenshot

2019-08-29 08:13:01 - [TEST_STEP][PASSED] - takeScreenshot(screenPath + i + ".png"): Taking screenshot successfully

2019-08-29 08:13:02 - [MESSAGE][PASSED] - Taking screenshot successfully
[[ATTACHMENT|D:\\Test\\AgileTest\\Reports\\mobileWeb\\stm\\20190829_080037\\../Screenshots/iPhone 6/stm/National General/standard/1.png]]

2019-08-29 08:13:02 - [TEST_STEP][PASSED] - (internal.GlobalVariable.i++): null

2019-08-29 08:13:02 - [MESSAGE][PASSED] - Call Test Case 'Test Cases/mobileWeb/_include/get_screenshot' successfully

2019-08-29 08:13:02 - [TEST_STEP][PASSED] - setText(findTestObject("mobileSanity/STM/STM Census Page/input_Location_zip-input"), zipcode): Text '35215' is set on object 'Object Repository/mobileSanity/STM/STM Census Page/input_Location_zip-input'

2019-08-29 08:13:02 - [MESSAGE][PASSED] - Text '35215' is set on object 'Object Repository/mobileSanity/STM/STM Census Page/input_Location_zip-input'

2019-08-29 08:13:02 - [TEST_STEP][PASSED] - Thread.sleep(500): null

2019-08-29 08:13:02 - [TEST_STEP][PASSED] - setText(findTestObject("mobileSanity/STM/STM Census Page/input_Date of Birth_dob-0"), "03031987"): Text '03031987' is set on object 'Object Repository/mobileSanity/STM/STM Census Page/input_Date of Birth_dob-0'

2019-08-29 08:13:02 - [MESSAGE][PASSED] - Text '03031987' is set on object 'Object Repository/mobileSanity/STM/STM Census Page/input_Date of Birth_dob-0'

2019-08-29 08:13:02 - [TEST_STEP][PASSED] - click(findTestObject("mobileSanity/STM/STM Census Page/label_Male")): Object: 'Object Repository/mobileSanity/STM/STM Census Page/label_Male' is clicked on

2019-08-29 08:13:03 - [MESSAGE][PASSED] - Object: 'Object Repository/mobileSanity/STM/STM Census Page/label_Male' is clicked on

2019-08-29 08:13:03 - [TEST_STEP][PASSED] - click(findTestObject("mobileSanity/STM/STM Census Page/label_Compare Plans")): Object: 'Object Repository/mobileSanity/STM/STM Census Page/label_Compare Plans' is clicked on

2019-08-29 08:13:04 - [MESSAGE][PASSED] - Object: 'Object Repository/mobileSanity/STM/STM Census Page/label_Compare Plans' is clicked on

2019-08-29 08:13:04 - [TEST_STEP][PASSED] - waitForElementVisible(findTestObject("mobileSanity/STM/STM Quote Page/button_sort"), 20): Object 'Object Repository/mobileSanity/STM/STM Quote Page/button_sort' is visible

2019-08-29 08:13:05 - [MESSAGE][PASSED] - Object 'Object Repository/mobileSanity/STM/STM Quote Page/button_sort' is visible

2019-08-29 08:13:05 - [TEST_STEP][PASSED] - Thread.sleep(3000): null

2019-08-29 08:13:08 - [TEST_STEP][PASSED] - callTestCase(findTestCase("mobileWeb/_include/get_screenshot"), [:], STOP_ON_FAILURE): Call Test Case 'Test Cases/mobileWeb/_include/get_screenshot' successfully

2019-08-29 08:13:08 - [TEST_CASE][PASSED] - Test Cases/mobileWeb/_include/get_screenshot: Test Cases/mobileWeb/_include/get_screenshot

2019-08-29 08:13:08 - [TEST_STEP][PASSED] - takeScreenshot(screenPath + i + ".png"): Taking screenshot successfully

2019-08-29 08:13:09 - [MESSAGE][PASSED] - Taking screenshot successfully
[[ATTACHMENT|D:\\Test\\AgileTest\\Reports\\mobileWeb\\stm\\20190829_080037\\../Screenshots/iPhone 6/stm/National General/standard/2.png]]

2019-08-29 08:13:09 - [TEST_STEP][PASSED] - (internal.GlobalVariable.i++): null

2019-08-29 08:13:09 - [MESSAGE][PASSED] - Call Test Case 'Test Cases/mobileWeb/_include/get_screenshot' successfully

2019-08-29 08:13:09 - [TEST_STEP][PASSED] - Thread.sleep(1000): null

2019-08-29 08:13:10 - [MESSAGE][PASSED] - Call Test Case 'Test Cases/mobileWeb/_include/census_stm' successfully

2019-08-29 08:13:10 - [TEST_STEP][PASSED] - callTestCase(findTestCase("mobileWeb/_include/filter_stm"), ["carrier":"nationalgeneral"], STOP_ON_FAILURE): Call Test Case 'Test Cases/mobileWeb/_include/filter_stm' successfully

2019-08-29 08:13:10 - [TEST_CASE][PASSED] - Test Cases/mobileWeb/_include/filter_stm: Test Cases/mobileWeb/_include/filter_stm

2019-08-29 08:13:10 - [TEST_STEP][PASSED] - driver = getWebDriver(): null

2019-08-29 08:13:10 - [TEST_STEP][PASSED] - selenium = new com.thoughtworks.selenium.webdriven.WebDriverBackedSelenium(driver, internal.GlobalVariable.ENV): null

2019-08-29 08:13:11 - [TEST_STEP][PASSED] - Thread.sleep(1000): null

2019-08-29 08:13:12 - [TEST_STEP][PASSED] - click(findTestObject("mobileSanity/STM/STM Quote Page/button_filters")): Object: 'Object Repository/mobileSanity/STM/STM Quote Page/button_filters' is clicked on

2019-08-29 08:13:12 - [MESSAGE][PASSED] - Object: 'Object Repository/mobileSanity/STM/STM Quote Page/button_filters' is clicked on

2019-08-29 08:13:12 - [TEST_STEP][PASSED] - Thread.sleep(1000): null

2019-08-29 08:13:13 - [TEST_STEP][PASSED] - click(findTestObject("mobileSanity/STM/STM Quote Page/i_Insurance company")): Object: 'Object Repository/mobileSanity/STM/STM Quote Page/i_Insurance company' is clicked on

2019-08-29 08:13:14 - [MESSAGE][PASSED] - Object: 'Object Repository/mobileSanity/STM/STM Quote Page/i_Insurance company' is clicked on

2019-08-29 08:13:14 - [TEST_STEP][PASSED] - Thread.sleep(1000): null

2019-08-29 08:13:15 - [TEST_STEP][PASSED] - filter_carrier = "//input[@name='filter[carrier]' and @value='" + carrier + "']/following::label": null

2019-08-29 08:13:15 - [TEST_STEP][PASSED] - println(filter_carrier): null

2019-08-29 08:13:15 - [TEST_STEP][PASSED] - test.MobileKeywords.clickJS_ByXpath(filter_carrier): test.MobileKeywords.clickJS_ByXpath is PASSED

2019-08-29 08:13:15 - [MESSAGE][PASSED] - Execute JavaScript 'arguments[0].click()' successfully

2019-08-29 08:13:15 - [MESSAGE][PASSED] - test.MobileKeywords.clickJS_ByXpath is PASSED

2019-08-29 08:13:15 - [TEST_STEP][PASSED] - Thread.sleep(1000): null

2019-08-29 08:13:16 - [TEST_STEP][PASSED] - scrollToElement(findTestObject("mobileSanity/STM/STM Quote Page/a_Show Plans"), 1000): Scroll to object 'Object Repository/mobileSanity/STM/STM Quote Page/a_Show Plans' successfully

2019-08-29 08:13:16 - [MESSAGE][PASSED] - Scroll to object 'Object Repository/mobileSanity/STM/STM Quote Page/a_Show Plans' successfully

2019-08-29 08:13:16 - [TEST_STEP][PASSED] - click(findTestObject("mobileSanity/STM/STM Quote Page/a_Show Plans")): Object: 'Object Repository/mobileSanity/STM/STM Quote Page/a_Show Plans' is clicked on

2019-08-29 08:13:16 - [MESSAGE][PASSED] - Object: 'Object Repository/mobileSanity/STM/STM Quote Page/a_Show Plans' is clicked on

2019-08-29 08:13:16 - [TEST_STEP][PASSED] - waitForJQueryLoad(20, STOP_ON_FAILURE): jQuery is ready.

2019-08-29 08:13:16 - [MESSAGE][PASSED] - jQuery is ready.

2019-08-29 08:13:16 - [TEST_STEP][PASSED] - Thread.sleep(2000): null

2019-08-29 08:13:18 - [TEST_STEP][PASSED] - callTestCase(findTestCase("mobileWeb/_include/get_screenshot"), [:], STOP_ON_FAILURE): Call Test Case 'Test Cases/mobileWeb/_include/get_screenshot' successfully

2019-08-29 08:13:18 - [TEST_CASE][PASSED] - Test Cases/mobileWeb/_include/get_screenshot: Test Cases/mobileWeb/_include/get_screenshot

2019-08-29 08:13:18 - [TEST_STEP][PASSED] - takeScreenshot(screenPath + i + ".png"): Taking screenshot successfully

2019-08-29 08:13:18 - [MESSAGE][PASSED] - Taking screenshot successfully
[[ATTACHMENT|D:\\Test\\AgileTest\\Reports\\mobileWeb\\stm\\20190829_080037\\../Screenshots/iPhone 6/stm/National General/standard/3.png]]

2019-08-29 08:13:18 - [TEST_STEP][PASSED] - (internal.GlobalVariable.i++): null

2019-08-29 08:13:18 - [MESSAGE][PASSED] - Call Test Case 'Test Cases/mobileWeb/_include/get_screenshot' successfully

2019-08-29 08:13:18 - [MESSAGE][PASSED] - Call Test Case 'Test Cases/mobileWeb/_include/filter_stm' successfully

2019-08-29 08:13:18 - [TEST_STEP][PASSED] - callTestCase(findTestCase("mobileWeb/_include/goToDetail_stm"), ["carrier":"nationalgeneral"], STOP_ON_FAILURE): Call Test Case 'Test Cases/mobileWeb/_include/goToDetail_stm' successfully

2019-08-29 08:13:19 - [TEST_CASE][PASSED] - Test Cases/mobileWeb/_include/goToDetail_stm: Test Cases/mobileWeb/_include/goToDetail_stm

2019-08-29 08:13:19 - [TEST_STEP][PASSED] - driver = getWebDriver(): null

2019-08-29 08:13:19 - [TEST_STEP][PASSED] - selenium = new com.thoughtworks.selenium.webdriven.WebDriverBackedSelenium(driver, internal.GlobalVariable.ENV): null

2019-08-29 08:13:19 - [TEST_STEP][PASSED] - a_plan_name = "xpath=//a[contains(@href,'/term-health-insurance/plan/" + carrier + "')]": null

2019-08-29 08:13:19 - [TEST_STEP][PASSED] - println(a_plan_name): null

2019-08-29 08:13:19 - [TEST_STEP][PASSED] - selenium.click(a_plan_name): null

2019-08-29 08:13:20 - [TEST_STEP][PASSED] - waitForPageLoad(20): Wait for page load successfully

2019-08-29 08:13:20 - [MESSAGE][PASSED] - Wait for page load successfully

2019-08-29 08:13:20 - [TEST_STEP][PASSED] - Thread.sleep(2000): null

2019-08-29 08:13:22 - [TEST_STEP][PASSED] - callTestCase(findTestCase("mobileWeb/_include/get_screenshot"), [:], STOP_ON_FAILURE): Call Test Case 'Test Cases/mobileWeb/_include/get_screenshot' successfully

2019-08-29 08:13:23 - [TEST_CASE][PASSED] - Test Cases/mobileWeb/_include/get_screenshot: Test Cases/mobileWeb/_include/get_screenshot

2019-08-29 08:13:23 - [TEST_STEP][PASSED] - takeScreenshot(screenPath + i + ".png"): Taking screenshot successfully

2019-08-29 08:13:23 - [MESSAGE][PASSED] - Taking screenshot successfully
[[ATTACHMENT|D:\\Test\\AgileTest\\Reports\\mobileWeb\\stm\\20190829_080037\\../Screenshots/iPhone 6/stm/National General/standard/4.png]]

2019-08-29 08:13:23 - [TEST_STEP][PASSED] - (internal.GlobalVariable.i++): null

2019-08-29 08:13:23 - [MESSAGE][PASSED] - Call Test Case 'Test Cases/mobileWeb/_include/get_screenshot' successfully

2019-08-29 08:13:23 - [MESSAGE][PASSED] - Call Test Case 'Test Cases/mobileWeb/_include/goToDetail_stm' successfully

2019-08-29 08:13:23 - [TEST_STEP][PASSED] - callTestCase(findTestCase("mobileWeb/_include/apply_stm"), [:], STOP_ON_FAILURE): Call Test Case 'Test Cases/mobileWeb/_include/apply_stm' successfully

2019-08-29 08:13:23 - [TEST_CASE][PASSED] - Test Cases/mobileWeb/_include/apply_stm: Test Cases/mobileWeb/_include/apply_stm

2019-08-29 08:13:23 - [TEST_STEP][PASSED] - waitForElementVisible(findTestObject("mobileSanity/STM/STM PlanDetail Page/a_Apply for This Plan"), 5): Object 'Object Repository/mobileSanity/STM/STM PlanDetail Page/a_Apply for This Plan' is visible

2019-08-29 08:13:23 - [MESSAGE][PASSED] - Object 'Object Repository/mobileSanity/STM/STM PlanDetail Page/a_Apply for This Plan' is visible

2019-08-29 08:13:23 - [TEST_STEP][PASSED] - click(findTestObject("mobileSanity/STM/STM PlanDetail Page/a_Apply for This Plan")): Object: 'Object Repository/mobileSanity/STM/STM PlanDetail Page/a_Apply for This Plan' is clicked on

2019-08-29 08:13:24 - [MESSAGE][PASSED] - Object: 'Object Repository/mobileSanity/STM/STM PlanDetail Page/a_Apply for This Plan' is clicked on

2019-08-29 08:13:24 - [TEST_STEP][PASSED] - waitForPageLoad(10): Wait for page load successfully

2019-08-29 08:13:24 - [MESSAGE][PASSED] - Wait for page load successfully

2019-08-29 08:13:24 - [TEST_STEP][PASSED] - Thread.sleep(2000): null

2019-08-29 08:13:26 - [TEST_STEP][PASSED] - callTestCase(findTestCase("mobileWeb/_include/get_screenshot"), [:], STOP_ON_FAILURE): Call Test Case 'Test Cases/mobileWeb/_include/get_screenshot' successfully

2019-08-29 08:13:26 - [TEST_CASE][PASSED] - Test Cases/mobileWeb/_include/get_screenshot: Test Cases/mobileWeb/_include/get_screenshot

2019-08-29 08:13:26 - [TEST_STEP][PASSED] - takeScreenshot(screenPath + i + ".png"): Taking screenshot successfully

2019-08-29 08:13:26 - [MESSAGE][PASSED] - Taking screenshot successfully
[[ATTACHMENT|D:\\Test\\AgileTest\\Reports\\mobileWeb\\stm\\20190829_080037\\../Screenshots/iPhone 6/stm/National General/standard/5.png]]

2019-08-29 08:13:26 - [TEST_STEP][PASSED] - (internal.GlobalVariable.i++): null

2019-08-29 08:13:26 - [MESSAGE][PASSED] - Call Test Case 'Test Cases/mobileWeb/_include/get_screenshot' successfully

2019-08-29 08:13:26 - [TEST_STEP][PASSED] - waitForElementVisible(findTestObject("mobileSanity/STM/STM Apply Page/a_Start Secure Application"), 5): Object 'Object Repository/mobileSanity/STM/STM Apply Page/a_Start Secure Application' is visible

2019-08-29 08:13:26 - [MESSAGE][PASSED] - Object 'Object Repository/mobileSanity/STM/STM Apply Page/a_Start Secure Application' is visible

2019-08-29 08:13:26 - [TEST_STEP][PASSED] - click(findTestObject("mobileSanity/STM/STM Apply Page/a_Start Secure Application")): Object: 'Object Repository/mobileSanity/STM/STM Apply Page/a_Start Secure Application' is clicked on

2019-08-29 08:13:27 - [MESSAGE][PASSED] - Object: 'Object Repository/mobileSanity/STM/STM Apply Page/a_Start Secure Application' is clicked on

2019-08-29 08:13:27 - [TEST_STEP][PASSED] - waitForPageLoad(20): Wait for page load successfully

2019-08-29 08:13:28 - [MESSAGE][PASSED] - Wait for page load successfully

2019-08-29 08:13:28 - [TEST_STEP][PASSED] - Thread.sleep(2000): null

2019-08-29 08:13:30 - [TEST_STEP][PASSED] - callTestCase(findTestCase("mobileWeb/_include/get_screenshot"), [:], STOP_ON_FAILURE): Call Test Case 'Test Cases/mobileWeb/_include/get_screenshot' successfully

2019-08-29 08:13:30 - [TEST_CASE][PASSED] - Test Cases/mobileWeb/_include/get_screenshot: Test Cases/mobileWeb/_include/get_screenshot

2019-08-29 08:13:30 - [TEST_STEP][PASSED] - takeScreenshot(screenPath + i + ".png"): Taking screenshot successfully

2019-08-29 08:13:30 - [MESSAGE][PASSED] - Taking screenshot successfully
[[ATTACHMENT|D:\\Test\\AgileTest\\Reports\\mobileWeb\\stm\\20190829_080037\\../Screenshots/iPhone 6/stm/National General/standard/6.png]]

2019-08-29 08:13:30 - [TEST_STEP][PASSED] - (internal.GlobalVariable.i++): null

2019-08-29 08:13:30 - [MESSAGE][PASSED] - Call Test Case 'Test Cases/mobileWeb/_include/get_screenshot' successfully

2019-08-29 08:13:30 - [MESSAGE][PASSED] - Call Test Case 'Test Cases/mobileWeb/_include/apply_stm' successfully

2019-08-29 08:13:30 - [TEST_STEP][FAILED] - callTestCase(findTestCase("mobileWeb/_include/goToEnd_stm_autofill"), [:], STOP_ON_FAILURE): callTestCase(findTestCase("mobileWeb/_include/goToEnd_stm_autofill"), [:], STOP_ON_FAILURE) FAILED.
Reason:
com.kms.katalon.core.exception.StepFailedException: Unable to verify object 'Object Repository/mobileSanity/STM/Page_App Page 6/span_planName' is present (Root cause: com.kms.katalon.core.exception.StepFailedException: com.kms.katalon.core.webui.exception.WebElementNotFoundException: Web element with id: 'Object Repository/mobileSanity/STM/Page_App Page 6/span_planName' located by 'By.xpath: id("js-app-confirmation")/div[@class="app-confirmation-main"]/div[@class="app-confirmation-container"]/p[@class="reset"]/span[@class="emphasize"]' not found)
	at com.kms.katalon.core.keyword.internal.KeywordMain.stepFailed(KeywordMain.groovy:36)
	at com.kms.katalon.core.webui.keyword.internal.WebUIKeywordMain.stepFailed(WebUIKeywordMain.groovy:65)
	at com.kms.katalon.core.webui.keyword.internal.WebUIKeywordMain.runKeyword(WebUIKeywordMain.groovy:27)
	at com.kms.katalon.core.webui.keyword.builtin.VerifyElementPresentKeyword.verifyElementPresent(VerifyElementPresentKeyword.groovy:92)
	at com.kms.katalon.core.webui.keyword.builtin.VerifyElementPresentKeyword.execute(VerifyElementPresentKeyword.groovy:68)
	at com.kms.katalon.core.keyword.internal.KeywordExecutor.executeKeywordForPlatform(KeywordExecutor.groovy:53)
	at com.kms.katalon.core.webui.keyword.WebUiBuiltInKeywords.verifyElementPresent(WebUiBuiltInKeywords.groovy:1434)
	at com.kms.katalon.core.webui.keyword.WebUiBuiltInKeywords$verifyElementPresent$12.call(Unknown Source)
	at goToEnd_stm_autofill.run(goToEnd_stm_autofill:99)
	at com.kms.katalon.core.main.ScriptEngine.run(ScriptEngine.java:194)
	at com.kms.katalon.core.main.ScriptEngine.runScriptAsRawText(ScriptEngine.java:119)
	at com.kms.katalon.core.main.TestCaseExecutor.runScript(TestCaseExecutor.java:328)
	at com.kms.katalon.core.main.TestCaseExecutor.doExecute(TestCaseExecutor.java:319)
	at com.kms.katalon.core.main.TestCaseExecutor.processExecutionPhase(TestCaseExecutor.java:298)
	at com.kms.katalon.core.main.TestCaseExecutor.accessMainPhase(TestCaseExecutor.java:290)
	at com.kms.katalon.core.main.TestCaseExecutor.execute(TestCaseExecutor.java:224)
	at com.kms.katalon.core.main.TestCaseMain.runTestCase(TestCaseMain.java:106)
	at com.kms.katalon.core.keyword.builtin.CallTestCaseKeyword$_callTestCase_closure1.doCall(CallTestCaseKeyword.groovy:59)
	at com.kms.katalon.core.keyword.builtin.CallTestCaseKeyword$_callTestCase_closure1.call(CallTestCaseKeyword.groovy)
	at com.kms.katalon.core.keyword.internal.KeywordMain.runKeyword(KeywordMain.groovy:54)
	at com.kms.katalon.core.keyword.builtin.CallTestCaseKeyword.callTestCase(CallTestCaseKeyword.groovy:80)
	at com.kms.katalon.core.keyword.builtin.CallTestCaseKeyword.execute(CallTestCaseKeyword.groovy:44)
	at com.kms.katalon.core.keyword.internal.KeywordExecutor.executeKeywordForPlatform(KeywordExecutor.groovy:53)
	at com.kms.katalon.core.keyword.BuiltinKeywords.callTestCase(BuiltinKeywords.groovy:334)
	at NationalGeneral.run(NationalGeneral:31)
	at com.kms.katalon.core.main.ScriptEngine.run(ScriptEngine.java:194)
	at com.kms.katalon.core.main.ScriptEngine.runScriptAsRawText(ScriptEngine.java:119)
	at com.kms.katalon.core.main.TestCaseExecutor.runScript(TestCaseExecutor.java:328)
	at com.kms.katalon.core.main.TestCaseExecutor.doExecute(TestCaseExecutor.java:319)
	at com.kms.katalon.core.main.TestCaseExecutor.processExecutionPhase(TestCaseExecutor.java:298)
	at com.kms.katalon.core.main.TestCaseExecutor.accessMainPhase(TestCaseExecutor.java:290)
	at com.kms.katalon.core.main.TestCaseExecutor.execute(TestCaseExecutor.java:224)
	at com.kms.katalon.core.main.TestSuiteExecutor.accessTestCaseMainPhase(TestSuiteExecutor.java:129)
	at com.kms.katalon.core.main.TestSuiteExecutor.accessTestSuiteMainPhase(TestSuiteExecutor.java:112)
	at com.kms.katalon.core.main.TestSuiteExecutor.execute(TestSuiteExecutor.java:81)
	at com.kms.katalon.core.main.TestCaseMain.startTestSuite(TestCaseMain.java:149)
	at com.kms.katalon.core.main.TestCaseMain$startTestSuite$0.call(Unknown Source)
	at TempTestSuite1567080037356.run(TempTestSuite1567080037356.groovy:36)


2019-08-29 08:13:30 - [TEST_CASE][FAILED] - Test Cases/mobileWeb/_include/goToEnd_stm_autofill: Test Cases/mobileWeb/_include/goToEnd_stm_autofill FAILED.
Reason:
com.kms.katalon.core.exception.StepFailedException: Unable to verify object 'Object Repository/mobileSanity/STM/Page_App Page 6/span_planName' is present (Root cause: com.kms.katalon.core.exception.StepFailedException: com.kms.katalon.core.webui.exception.WebElementNotFoundException: Web element with id: 'Object Repository/mobileSanity/STM/Page_App Page 6/span_planName' located by 'By.xpath: id("js-app-confirmation")/div[@class="app-confirmation-main"]/div[@class="app-confirmation-container"]/p[@class="reset"]/span[@class="emphasize"]' not found)
	at com.kms.katalon.core.keyword.internal.KeywordMain.stepFailed(KeywordMain.groovy:36)
	at com.kms.katalon.core.webui.keyword.internal.WebUIKeywordMain.stepFailed(WebUIKeywordMain.groovy:65)
	at com.kms.katalon.core.webui.keyword.internal.WebUIKeywordMain.runKeyword(WebUIKeywordMain.groovy:27)
	at com.kms.katalon.core.webui.keyword.builtin.VerifyElementPresentKeyword.verifyElementPresent(VerifyElementPresentKeyword.groovy:92)
	at com.kms.katalon.core.webui.keyword.builtin.VerifyElementPresentKeyword.execute(VerifyElementPresentKeyword.groovy:68)
	at com.kms.katalon.core.keyword.internal.KeywordExecutor.executeKeywordForPlatform(KeywordExecutor.groovy:53)
	at com.kms.katalon.core.webui.keyword.WebUiBuiltInKeywords.verifyElementPresent(WebUiBuiltInKeywords.groovy:1434)
	at com.kms.katalon.core.webui.keyword.WebUiBuiltInKeywords$verifyElementPresent$12.call(Unknown Source)
	at goToEnd_stm_autofill.run(goToEnd_stm_autofill:99)
	at com.kms.katalon.core.main.ScriptEngine.run(ScriptEngine.java:194)
	at com.kms.katalon.core.main.ScriptEngine.runScriptAsRawText(ScriptEngine.java:119)
	at com.kms.katalon.core.main.TestCaseExecutor.runScript(TestCaseExecutor.java:328)
	at com.kms.katalon.core.main.TestCaseExecutor.doExecute(TestCaseExecutor.java:319)
	at com.kms.katalon.core.main.TestCaseExecutor.processExecutionPhase(TestCaseExecutor.java:298)
	at com.kms.katalon.core.main.TestCaseExecutor.accessMainPhase(TestCaseExecutor.java:290)
	at com.kms.katalon.core.main.TestCaseExecutor.execute(TestCaseExecutor.java:224)
	at com.kms.katalon.core.main.TestCaseMain.runTestCase(TestCaseMain.java:106)
	at com.kms.katalon.core.keyword.builtin.CallTestCaseKeyword$_callTestCase_closure1.doCall(CallTestCaseKeyword.groovy:59)
	at com.kms.katalon.core.keyword.builtin.CallTestCaseKeyword$_callTestCase_closure1.call(CallTestCaseKeyword.groovy)
	at com.kms.katalon.core.keyword.internal.KeywordMain.runKeyword(KeywordMain.groovy:54)
	at com.kms.katalon.core.keyword.builtin.CallTestCaseKeyword.callTestCase(CallTestCaseKeyword.groovy:80)
	at com.kms.katalon.core.keyword.builtin.CallTestCaseKeyword.execute(CallTestCaseKeyword.groovy:44)
	at com.kms.katalon.core.keyword.internal.KeywordExecutor.executeKeywordForPlatform(KeywordExecutor.groovy:53)
	at com.kms.katalon.core.keyword.BuiltinKeywords.callTestCase(BuiltinKeywords.groovy:334)
	at NationalGeneral.run(NationalGeneral:31)
	at com.kms.katalon.core.main.ScriptEngine.run(ScriptEngine.java:194)
	at com.kms.katalon.core.main.ScriptEngine.runScriptAsRawText(ScriptEngine.java:119)
	at com.kms.katalon.core.main.TestCaseExecutor.runScript(TestCaseExecutor.java:328)
	at com.kms.katalon.core.main.TestCaseExecutor.doExecute(TestCaseExecutor.java:319)
	at com.kms.katalon.core.main.TestCaseExecutor.processExecutionPhase(TestCaseExecutor.java:298)
	at com.kms.katalon.core.main.TestCaseExecutor.accessMainPhase(TestCaseExecutor.java:290)
	at com.kms.katalon.core.main.TestCaseExecutor.execute(TestCaseExecutor.java:224)
	at com.kms.katalon.core.main.TestSuiteExecutor.accessTestCaseMainPhase(TestSuiteExecutor.java:129)
	at com.kms.katalon.core.main.TestSuiteExecutor.accessTestSuiteMainPhase(TestSuiteExecutor.java:112)
	at com.kms.katalon.core.main.TestSuiteExecutor.execute(TestSuiteExecutor.java:81)
	at com.kms.katalon.core.main.TestCaseMain.startTestSuite(TestCaseMain.java:149)
	at com.kms.katalon.core.main.TestCaseMain$startTestSuite$0.call(Unknown Source)
	at TempTestSuite1567080037356.run(TempTestSuite1567080037356.groovy:36)


2019-08-29 08:13:30 - [TEST_STEP][PASSED] - callTestCase(findTestCase("mobileWeb/_include/name"), [:], CONTINUE_ON_FAILURE): Call Test Case 'Test Cases/mobileWeb/_include/name' successfully

2019-08-29 08:13:30 - [TEST_CASE][PASSED] - Test Cases/mobileWeb/_include/name: Test Cases/mobileWeb/_include/name

2019-08-29 08:13:30 - [TEST_STEP][PASSED] - driver = getWebDriver(): null

2019-08-29 08:13:30 - [TEST_STEP][PASSED] - selenium = new com.thoughtworks.selenium.webdriven.WebDriverBackedSelenium(driver, internal.GlobalVariable.ENV): null

2019-08-29 08:13:30 - [TEST_STEP][PASSED] - FirstName = "Test-123": null

2019-08-29 08:13:30 - [TEST_STEP][PASSED] - LastName = selenium.getEval("{var x="ABCDEFGHIJKLMNOPQRSTUVWXYZabcdefghijklmnopqrstuvwxyz"; var tmp="ZZ11-"; for (i=0;i<8;i++) tmp+=x.charAt(Math.ceil(51*Math.random()));tmp;}"): null

2019-08-29 08:13:30 - [TEST_STEP][PASSED] - Address = selenium.getEval("{var x="ABCDEFGHIJKLMNOPQRSTUVWXYZabcdefghijklmnopqrstuvwxyz"; var tmp=""; for (i=0;i<8;i++) tmp+=x.charAt(Math.ceil(51*Math.random()));tmp;}"): null

2019-08-29 08:13:30 - [TEST_STEP][PASSED] - City = selenium.getEval("{var x="ABCDEFGHIJKLMNOPQRSTUVWXYZabcdefghijklmnopqrstuvwxyz"; var tmp=""; for (i=0;i<8;i++) tmp+=x.charAt(Math.ceil(51*Math.random()));tmp;}"): null

2019-08-29 08:13:30 - [TEST_STEP][PASSED] - tel1 = selenium.getEval("{var x="123456789"; var tmp=""; for (i=0;i<3;i++) tmp+=x.charAt(Math.ceil(8*Math.random()));tmp;}"): null

2019-08-29 08:13:30 - [TEST_STEP][PASSED] - tel2 = selenium.getEval("{var x="123456789"; var tmp=""; for (i=0;i<3;i++) tmp+=x.charAt(Math.ceil(8*Math.random()));tmp;}"): null

2019-08-29 08:13:30 - [TEST_STEP][PASSED] - tel3 = selenium.getEval("{var x="123456789"; var tmp=""; for (i=0;i<4;i++) tmp+=x.charAt(Math.ceil(8*Math.random()));tmp;}"): null

2019-08-29 08:13:30 - [TEST_STEP][PASSED] - Tel = selenium.getExpression(tel1 + "-" + tel2 + "-" + tel3): null

2019-08-29 08:13:30 - [TEST_STEP][PASSED] - AutoEmail = selenium.getEval("{var x="ABCDEFGHIJKLMNOPQRSTUVWXYZabcdefghijklmnopqrstuvwxyz"; var tmp="test."; for (i=0;i<8;i++) tmp+=x.charAt(Math.ceil(51*Math.random()));tmp+="@suryani.cn";}"): null

2019-08-29 08:13:30 - [TEST_STEP][PASSED] - FirstName = FirstName: null

2019-08-29 08:13:30 - [TEST_STEP][PASSED] - LastName = LastName: null

2019-08-29 08:13:30 - [TEST_STEP][PASSED] - Address = Address: null

2019-08-29 08:13:30 - [TEST_STEP][PASSED] - City = City: null

2019-08-29 08:13:30 - [TEST_STEP][PASSED] - Tel = Tel: null

2019-08-29 08:13:30 - [TEST_STEP][PASSED] - AutoEmail = AutoEmail: null

2019-08-29 08:13:30 - [TEST_STEP][PASSED] - println(FirstName): null

2019-08-29 08:13:30 - [TEST_STEP][PASSED] - println(LastName): null

2019-08-29 08:13:30 - [TEST_STEP][PASSED] - println(Address): null

2019-08-29 08:13:30 - [TEST_STEP][PASSED] - println(City): null

2019-08-29 08:13:30 - [TEST_STEP][PASSED] - println(Tel): null

2019-08-29 08:13:30 - [TEST_STEP][PASSED] - println(AutoEmail): null

2019-08-29 08:13:30 - [MESSAGE][PASSED] - Call Test Case 'Test Cases/mobileWeb/_include/name' successfully

2019-08-29 08:13:30 - [TEST_STEP][PASSED] - try: Call Test Case 'Test Cases/mobileWeb/_include/get_screenshot' successfully

2019-08-29 08:13:30 - [TEST_STEP][PASSED] - if (verifyTextPresent("Month Duration Acknowledgement", false)): Call Test Case 'Test Cases/mobileWeb/_include/get_screenshot' successfully

2019-08-29 08:13:31 - [MESSAGE][PASSED] - Text 'Month Duration Acknowledgement' is present on page 

2019-08-29 08:13:31 - [TEST_STEP][PASSED] - click(findTestObject("mobileSanity/STM/Page_App Page 1/label_By checking this box I u")): Object: 'Object Repository/mobileSanity/STM/Page_App Page 1/label_By checking this box I u' is clicked on

2019-08-29 08:13:31 - [MESSAGE][PASSED] - Object: 'Object Repository/mobileSanity/STM/Page_App Page 1/label_By checking this box I u' is clicked on

2019-08-29 08:13:31 - [TEST_STEP][PASSED] - click(findTestObject("mobileSanity/STM/Page_App Page 1/button_Continue to Application")): Object: 'Object Repository/mobileSanity/STM/Page_App Page 1/button_Continue to Application' is clicked on

2019-08-29 08:13:31 - [MESSAGE][PASSED] - Object: 'Object Repository/mobileSanity/STM/Page_App Page 1/button_Continue to Application' is clicked on

2019-08-29 08:13:31 - [TEST_STEP][PASSED] - waitForPageLoad(20): Wait for page load successfully

2019-08-29 08:13:32 - [MESSAGE][PASSED] - Wait for page load successfully

2019-08-29 08:13:32 - [TEST_STEP][PASSED] - Thread.sleep(5000): null

2019-08-29 08:13:37 - [TEST_STEP][PASSED] - callTestCase(findTestCase("mobileWeb/_include/get_screenshot"), [:], STOP_ON_FAILURE): Call Test Case 'Test Cases/mobileWeb/_include/get_screenshot' successfully

2019-08-29 08:13:37 - [TEST_CASE][PASSED] - Test Cases/mobileWeb/_include/get_screenshot: Test Cases/mobileWeb/_include/get_screenshot

2019-08-29 08:13:37 - [TEST_STEP][PASSED] - takeScreenshot(screenPath + i + ".png"): Taking screenshot successfully

2019-08-29 08:13:37 - [MESSAGE][PASSED] - Taking screenshot successfully
[[ATTACHMENT|D:\\Test\\AgileTest\\Reports\\mobileWeb\\stm\\20190829_080037\\../Screenshots/iPhone 6/stm/National General/standard/7.png]]

2019-08-29 08:13:37 - [TEST_STEP][PASSED] - (internal.GlobalVariable.i++): null

2019-08-29 08:13:37 - [MESSAGE][PASSED] - Call Test Case 'Test Cases/mobileWeb/_include/get_screenshot' successfully

2019-08-29 08:13:37 - [TEST_STEP][PASSED] - waitForPageLoad(10): Wait for page load successfully

2019-08-29 08:13:37 - [MESSAGE][PASSED] - Wait for page load successfully

2019-08-29 08:13:37 - [TEST_STEP][PASSED] - Thread.sleep(3000): null

2019-08-29 08:13:40 - [TEST_STEP][PASSED] - waitForElementVisible(findTestObject("mobileSanity/STM/Page_App Page 1/a_Autofill App Info"), 20): Object 'Object Repository/mobileSanity/STM/Page_App Page 1/a_Autofill App Info' is visible

2019-08-29 08:13:40 - [MESSAGE][PASSED] - Object 'Object Repository/mobileSanity/STM/Page_App Page 1/a_Autofill App Info' is visible

2019-08-29 08:13:40 - [TEST_STEP][PASSED] - click(findTestObject("mobileSanity/STM/Page_App Page 1/a_Autofill App Info")): Object: 'Object Repository/mobileSanity/STM/Page_App Page 1/a_Autofill App Info' is clicked on

2019-08-29 08:13:40 - [MESSAGE][PASSED] - Object: 'Object Repository/mobileSanity/STM/Page_App Page 1/a_Autofill App Info' is clicked on

2019-08-29 08:13:40 - [TEST_STEP][PASSED] - Thread.sleep(1000): null

2019-08-29 08:13:41 - [TEST_STEP][PASSED] - click(findTestObject("mobileSanity/STM/Page_App Page 1/a_Autofill App Info")): Object: 'Object Repository/mobileSanity/STM/Page_App Page 1/a_Autofill App Info' is clicked on

2019-08-29 08:13:41 - [MESSAGE][PASSED] - Object: 'Object Repository/mobileSanity/STM/Page_App Page 1/a_Autofill App Info' is clicked on

2019-08-29 08:13:41 - [TEST_STEP][PASSED] - Thread.sleep(1000): null

2019-08-29 08:13:42 - [TEST_STEP][PASSED] - waitForElementVisible(findTestObject("mobileSanity/STM/Page_App Page 1/a_Continue"), 20): Object 'Object Repository/mobileSanity/STM/Page_App Page 1/a_Continue' is visible

2019-08-29 08:13:42 - [MESSAGE][PASSED] - Object 'Object Repository/mobileSanity/STM/Page_App Page 1/a_Continue' is visible

2019-08-29 08:13:42 - [TEST_STEP][PASSED] - click(findTestObject("mobileSanity/STM/Page_App Page 1/a_Continue")): Object: 'Object Repository/mobileSanity/STM/Page_App Page 1/a_Continue' is clicked on

2019-08-29 08:13:42 - [MESSAGE][PASSED] - Object: 'Object Repository/mobileSanity/STM/Page_App Page 1/a_Continue' is clicked on

2019-08-29 08:13:42 - [TEST_STEP][PASSED] - waitForPageLoad(20): Wait for page load successfully

2019-08-29 08:13:42 - [MESSAGE][PASSED] - Wait for page load successfully

2019-08-29 08:13:42 - [TEST_STEP][PASSED] - Thread.sleep(2000): null

2019-08-29 08:13:44 - [TEST_STEP][PASSED] - callTestCase(findTestCase("mobileWeb/_include/get_screenshot"), [:], STOP_ON_FAILURE): Call Test Case 'Test Cases/mobileWeb/_include/get_screenshot' successfully

2019-08-29 08:13:44 - [TEST_CASE][PASSED] - Test Cases/mobileWeb/_include/get_screenshot: Test Cases/mobileWeb/_include/get_screenshot

2019-08-29 08:13:44 - [TEST_STEP][PASSED] - takeScreenshot(screenPath + i + ".png"): Taking screenshot successfully

2019-08-29 08:13:45 - [MESSAGE][PASSED] - Taking screenshot successfully
[[ATTACHMENT|D:\\Test\\AgileTest\\Reports\\mobileWeb\\stm\\20190829_080037\\../Screenshots/iPhone 6/stm/National General/standard/8.png]]

2019-08-29 08:13:45 - [TEST_STEP][PASSED] - (internal.GlobalVariable.i++): null

2019-08-29 08:13:45 - [MESSAGE][PASSED] - Call Test Case 'Test Cases/mobileWeb/_include/get_screenshot' successfully

2019-08-29 08:13:45 - [TEST_STEP][PASSED] - click(findTestObject("mobileSanity/STM/Page_App Page 2/a_Continue to Step 3 - Payment")): Object: 'Object Repository/mobileSanity/STM/Page_App Page 2/a_Continue to Step 3 - Payment' is clicked on

2019-08-29 08:13:45 - [MESSAGE][PASSED] - Object: 'Object Repository/mobileSanity/STM/Page_App Page 2/a_Continue to Step 3 - Payment' is clicked on

2019-08-29 08:13:45 - [TEST_STEP][PASSED] - waitForPageLoad(20): Wait for page load successfully

2019-08-29 08:13:45 - [MESSAGE][PASSED] - Wait for page load successfully

2019-08-29 08:13:45 - [TEST_STEP][PASSED] - waitForElementVisible(findTestObject("mobileSanity/STM/Page_App Page 3/input__credit-card-cvv"), 20): Object 'Object Repository/mobileSanity/STM/Page_App Page 3/input__credit-card-cvv' is visible

2019-08-29 08:13:46 - [MESSAGE][PASSED] - Object 'Object Repository/mobileSanity/STM/Page_App Page 3/input__credit-card-cvv' is visible

2019-08-29 08:13:46 - [TEST_STEP][PASSED] - Thread.sleep(2000): null

2019-08-29 08:13:48 - [TEST_STEP][PASSED] - callTestCase(findTestCase("mobileWeb/_include/get_screenshot"), [:], STOP_ON_FAILURE): Call Test Case 'Test Cases/mobileWeb/_include/get_screenshot' successfully

2019-08-29 08:13:48 - [TEST_CASE][PASSED] - Test Cases/mobileWeb/_include/get_screenshot: Test Cases/mobileWeb/_include/get_screenshot

2019-08-29 08:13:48 - [TEST_STEP][PASSED] - takeScreenshot(screenPath + i + ".png"): Taking screenshot successfully

2019-08-29 08:13:49 - [MESSAGE][PASSED] - Taking screenshot successfully
[[ATTACHMENT|D:\\Test\\AgileTest\\Reports\\mobileWeb\\stm\\20190829_080037\\../Screenshots/iPhone 6/stm/National General/standard/9.png]]

2019-08-29 08:13:49 - [TEST_STEP][PASSED] - (internal.GlobalVariable.i++): null

2019-08-29 08:13:49 - [MESSAGE][PASSED] - Call Test Case 'Test Cases/mobileWeb/_include/get_screenshot' successfully

2019-08-29 08:13:49 - [TEST_STEP][PASSED] - clearText(findTestObject("mobileSanity/STM/Page_App Page 3/input__credit-card-cvv")): Text of object 'Object Repository/mobileSanity/STM/Page_App Page 3/input__credit-card-cvv' is cleared

2019-08-29 08:13:49 - [MESSAGE][PASSED] - Text of object 'Object Repository/mobileSanity/STM/Page_App Page 3/input__credit-card-cvv' is cleared

2019-08-29 08:13:49 - [TEST_STEP][PASSED] - setText(findTestObject("mobileSanity/STM/Page_App Page 3/input__credit-card-cvv"), "123"): Text '123' is set on object 'Object Repository/mobileSanity/STM/Page_App Page 3/input__credit-card-cvv'

2019-08-29 08:13:50 - [MESSAGE][PASSED] - Text '123' is set on object 'Object Repository/mobileSanity/STM/Page_App Page 3/input__credit-card-cvv'

2019-08-29 08:13:50 - [TEST_STEP][PASSED] - click(findTestObject("mobileSanity/STM/Page_App Page 3/label_I Accept Authorization f")): Object: 'Object Repository/mobileSanity/STM/Page_App Page 3/label_I Accept Authorization f' is clicked on

2019-08-29 08:13:50 - [MESSAGE][PASSED] - Object: 'Object Repository/mobileSanity/STM/Page_App Page 3/label_I Accept Authorization f' is clicked on

2019-08-29 08:13:50 - [TEST_STEP][PASSED] - click(findTestObject("mobileSanity/STM/Page_App Page 3/a_Continue to Step 4 - Review")): Object: 'Object Repository/mobileSanity/STM/Page_App Page 3/a_Continue to Step 4 - Review' is clicked on

2019-08-29 08:13:50 - [MESSAGE][PASSED] - Object: 'Object Repository/mobileSanity/STM/Page_App Page 3/a_Continue to Step 4 - Review' is clicked on

2019-08-29 08:13:50 - [TEST_STEP][PASSED] - waitForPageLoad(10): Wait for page load successfully

2019-08-29 08:13:50 - [MESSAGE][PASSED] - Wait for page load successfully

2019-08-29 08:13:50 - [TEST_STEP][PASSED] - waitForElementClickable(findTestObject("mobileSanity/STM/Page_App Page 4/label"), 10): Object 'Object Repository/mobileSanity/STM/Page_App Page 4/label' is clickable

2019-08-29 08:13:50 - [MESSAGE][PASSED] - Object 'Object Repository/mobileSanity/STM/Page_App Page 4/label' is clickable

2019-08-29 08:13:50 - [TEST_STEP][PASSED] - Thread.sleep(2000): null

2019-08-29 08:13:52 - [TEST_STEP][PASSED] - callTestCase(findTestCase("mobileWeb/_include/get_screenshot"), [:], STOP_ON_FAILURE): Call Test Case 'Test Cases/mobileWeb/_include/get_screenshot' successfully

2019-08-29 08:13:53 - [TEST_CASE][PASSED] - Test Cases/mobileWeb/_include/get_screenshot: Test Cases/mobileWeb/_include/get_screenshot

2019-08-29 08:13:53 - [TEST_STEP][PASSED] - takeScreenshot(screenPath + i + ".png"): Taking screenshot successfully

2019-08-29 08:13:53 - [MESSAGE][PASSED] - Taking screenshot successfully
[[ATTACHMENT|D:\\Test\\AgileTest\\Reports\\mobileWeb\\stm\\20190829_080037\\../Screenshots/iPhone 6/stm/National General/standard/10.png]]

2019-08-29 08:13:53 - [TEST_STEP][PASSED] - (internal.GlobalVariable.i++): null

2019-08-29 08:13:53 - [MESSAGE][PASSED] - Call Test Case 'Test Cases/mobileWeb/_include/get_screenshot' successfully

2019-08-29 08:13:53 - [TEST_STEP][PASSED] - click(findTestObject("mobileSanity/STM/Page_App Page 4/label")): Object: 'Object Repository/mobileSanity/STM/Page_App Page 4/label' is clicked on

2019-08-29 08:13:53 - [MESSAGE][PASSED] - Object: 'Object Repository/mobileSanity/STM/Page_App Page 4/label' is clicked on

2019-08-29 08:13:53 - [TEST_STEP][PASSED] - click(findTestObject("mobileSanity/STM/Page_App Page 4/div_CLICK TO SIGN")): Object: 'Object Repository/mobileSanity/STM/Page_App Page 4/div_CLICK TO SIGN' is clicked on

2019-08-29 08:13:53 - [MESSAGE][PASSED] - Object: 'Object Repository/mobileSanity/STM/Page_App Page 4/div_CLICK TO SIGN' is clicked on

2019-08-29 08:13:53 - [TEST_STEP][PASSED] - click(findTestObject("mobileSanity/STM/Page_App Page 4/a_Submit Your Application")): Object: 'Object Repository/mobileSanity/STM/Page_App Page 4/a_Submit Your Application' is clicked on

2019-08-29 08:13:53 - [MESSAGE][PASSED] - Object: 'Object Repository/mobileSanity/STM/Page_App Page 4/a_Submit Your Application' is clicked on

2019-08-29 08:13:53 - [TEST_STEP][PASSED] - Thread.sleep(30000): null

2019-08-29 08:14:23 - [TEST_STEP][PASSED] - callTestCase(findTestCase("mobileWeb/_include/get_screenshot"), [:], STOP_ON_FAILURE): Call Test Case 'Test Cases/mobileWeb/_include/get_screenshot' successfully

2019-08-29 08:14:23 - [TEST_CASE][PASSED] - Test Cases/mobileWeb/_include/get_screenshot: Test Cases/mobileWeb/_include/get_screenshot

2019-08-29 08:14:23 - [TEST_STEP][PASSED] - takeScreenshot(screenPath + i + ".png"): Taking screenshot successfully

2019-08-29 08:14:24 - [MESSAGE][PASSED] - Taking screenshot successfully
[[ATTACHMENT|D:\\Test\\AgileTest\\Reports\\mobileWeb\\stm\\20190829_080037\\../Screenshots/iPhone 6/stm/National General/standard/11.png]]

2019-08-29 08:14:24 - [TEST_STEP][PASSED] - (internal.GlobalVariable.i++): null

2019-08-29 08:14:24 - [MESSAGE][PASSED] - Call Test Case 'Test Cases/mobileWeb/_include/get_screenshot' successfully

2019-08-29 08:14:24 - [TEST_STEP][PASSED] - waitForElementPresent(findTestObject("mobileSanity/STM/Page_App Page 6/span_planName"), 30): Object 'Object Repository/mobileSanity/STM/Page_App Page 6/span_planName' is not present after 30 second(s)

2019-08-29 08:14:54 - [MESSAGE][INFO] - Unable to find the element located by 'By.xpath: id("js-app-confirmation")/div[@class="app-confirmation-main"]/div[@class="app-confirmation-container"]/p[@class="reset"]/span[@class="emphasize"]'. Please recheck the objects properties to make sure the desired element is located. 

2019-08-29 08:14:54 - [MESSAGE][WARNING] - Object 'Object Repository/mobileSanity/STM/Page_App Page 6/span_planName' is not present after 30 second(s)

2019-08-29 08:14:54 - [TEST_STEP][FAILED] - verifyElementPresent(findTestObject("mobileSanity/STM/Page_App Page 6/span_planName"), 20): verifyElementPresent(findTestObject("mobileSanity/STM/Page_App Page 6/span_planName"), 20) FAILED.
Reason:
com.kms.katalon.core.exception.StepFailedException: Unable to verify object 'Object Repository/mobileSanity/STM/Page_App Page 6/span_planName' is present (Root cause: com.kms.katalon.core.exception.StepFailedException: com.kms.katalon.core.webui.exception.WebElementNotFoundException: Web element with id: 'Object Repository/mobileSanity/STM/Page_App Page 6/span_planName' located by 'By.xpath: id("js-app-confirmation")/div[@class="app-confirmation-main"]/div[@class="app-confirmation-container"]/p[@class="reset"]/span[@class="emphasize"]' not found)
	at com.kms.katalon.core.keyword.internal.KeywordMain.stepFailed(KeywordMain.groovy:36)
	at com.kms.katalon.core.webui.keyword.internal.WebUIKeywordMain.stepFailed(WebUIKeywordMain.groovy:65)
	at com.kms.katalon.core.webui.keyword.internal.WebUIKeywordMain.runKeyword(WebUIKeywordMain.groovy:27)
	at com.kms.katalon.core.webui.keyword.builtin.VerifyElementPresentKeyword.verifyElementPresent(VerifyElementPresentKeyword.groovy:92)
	at com.kms.katalon.core.webui.keyword.builtin.VerifyElementPresentKeyword.execute(VerifyElementPresentKeyword.groovy:68)
	at com.kms.katalon.core.keyword.internal.KeywordExecutor.executeKeywordForPlatform(KeywordExecutor.groovy:53)
	at com.kms.katalon.core.webui.keyword.WebUiBuiltInKeywords.verifyElementPresent(WebUiBuiltInKeywords.groovy:1434)
	at com.kms.katalon.core.webui.keyword.WebUiBuiltInKeywords$verifyElementPresent$12.call(Unknown Source)
	at goToEnd_stm_autofill.run(goToEnd_stm_autofill:99)
	at com.kms.katalon.core.main.ScriptEngine.run(ScriptEngine.java:194)
	at com.kms.katalon.core.main.ScriptEngine.runScriptAsRawText(ScriptEngine.java:119)
	at com.kms.katalon.core.main.TestCaseExecutor.runScript(TestCaseExecutor.java:328)
	at com.kms.katalon.core.main.TestCaseExecutor.doExecute(TestCaseExecutor.java:319)
	at com.kms.katalon.core.main.TestCaseExecutor.processExecutionPhase(TestCaseExecutor.java:298)
	at com.kms.katalon.core.main.TestCaseExecutor.accessMainPhase(TestCaseExecutor.java:290)
	at com.kms.katalon.core.main.TestCaseExecutor.execute(TestCaseExecutor.java:224)
	at com.kms.katalon.core.main.TestCaseMain.runTestCase(TestCaseMain.java:106)
	at com.kms.katalon.core.keyword.builtin.CallTestCaseKeyword$_callTestCase_closure1.doCall(CallTestCaseKeyword.groovy:59)
	at com.kms.katalon.core.keyword.builtin.CallTestCaseKeyword$_callTestCase_closure1.call(CallTestCaseKeyword.groovy)
	at com.kms.katalon.core.keyword.internal.KeywordMain.runKeyword(KeywordMain.groovy:54)
	at com.kms.katalon.core.keyword.builtin.CallTestCaseKeyword.callTestCase(CallTestCaseKeyword.groovy:80)
	at com.kms.katalon.core.keyword.builtin.CallTestCaseKeyword.execute(CallTestCaseKeyword.groovy:44)
	at com.kms.katalon.core.keyword.internal.KeywordExecutor.executeKeywordForPlatform(KeywordExecutor.groovy:53)
	at com.kms.katalon.core.keyword.BuiltinKeywords.callTestCase(BuiltinKeywords.groovy:334)
	at NationalGeneral.run(NationalGeneral:31)
	at com.kms.katalon.core.main.ScriptEngine.run(ScriptEngine.java:194)
	at com.kms.katalon.core.main.ScriptEngine.runScriptAsRawText(ScriptEngine.java:119)
	at com.kms.katalon.core.main.TestCaseExecutor.runScript(TestCaseExecutor.java:328)
	at com.kms.katalon.core.main.TestCaseExecutor.doExecute(TestCaseExecutor.java:319)
	at com.kms.katalon.core.main.TestCaseExecutor.processExecutionPhase(TestCaseExecutor.java:298)
	at com.kms.katalon.core.main.TestCaseExecutor.accessMainPhase(TestCaseExecutor.java:290)
	at com.kms.katalon.core.main.TestCaseExecutor.execute(TestCaseExecutor.java:224)
	at com.kms.katalon.core.main.TestSuiteExecutor.accessTestCaseMainPhase(TestSuiteExecutor.java:129)
	at com.kms.katalon.core.main.TestSuiteExecutor.accessTestSuiteMainPhase(TestSuiteExecutor.java:112)
	at com.kms.katalon.core.main.TestSuiteExecutor.execute(TestSuiteExecutor.java:81)
	at com.kms.katalon.core.main.TestCaseMain.startTestSuite(TestCaseMain.java:149)
	at com.kms.katalon.core.main.TestCaseMain$startTestSuite$0.call(Unknown Source)
	at TempTestSuite1567080037356.run(TempTestSuite1567080037356.groovy:36)


2019-08-29 08:15:15 - [MESSAGE][INFO] - Unable to find the element located by 'By.xpath: id("js-app-confirmation")/div[@class="app-confirmation-main"]/div[@class="app-confirmation-container"]/p[@class="reset"]/span[@class="emphasize"]'. Please recheck the objects properties to make sure the desired element is located. 

2019-08-29 08:15:15 - [MESSAGE][FAILED] - com.kms.katalon.core.webui.exception.WebElementNotFoundException: Web element with id: 'Object Repository/mobileSanity/STM/Page_App Page 6/span_planName' located by 'By.xpath: id("js-app-confirmation")/div[@class="app-confirmation-main"]/div[@class="app-confirmation-container"]/p[@class="reset"]/span[@class="emphasize"]' not found
[[ATTACHMENT|D:\\Test\\AgileTest\\Reports\\mobileWeb\\stm\\20190829_080037\\1567080915455.png]]

2019-08-29 08:15:16 - [MESSAGE][FAILED] - Unable to verify object 'Object Repository/mobileSanity/STM/Page_App Page 6/span_planName' is present (Root cause: com.kms.katalon.core.exception.StepFailedException: com.kms.katalon.core.webui.exception.WebElementNotFoundException: Web element with id: 'Object Repository/mobileSanity/STM/Page_App Page 6/span_planName' located by 'By.xpath: id("js-app-confirmation")/div[@class="app-confirmation-main"]/div[@class="app-confirmation-container"]/p[@class="reset"]/span[@class="emphasize"]' not found)
[[ATTACHMENT|D:\\Test\\AgileTest\\Reports\\mobileWeb\\stm\\20190829_080037\\1567080915916.png]]

2019-08-29 08:15:16 - [MESSAGE][FAILED] - verifyElementPresent(findTestObject("mobileSanity/STM/Page_App Page 6/span_planName"), 20) FAILED.
Reason:
com.kms.katalon.core.exception.StepFailedException: Unable to verify object 'Object Repository/mobileSanity/STM/Page_App Page 6/span_planName' is present (Root cause: com.kms.katalon.core.exception.StepFailedException: com.kms.katalon.core.webui.exception.WebElementNotFoundException: Web element with id: 'Object Repository/mobileSanity/STM/Page_App Page 6/span_planName' located by 'By.xpath: id("js-app-confirmation")/div[@class="app-confirmation-main"]/div[@class="app-confirmation-container"]/p[@class="reset"]/span[@class="emphasize"]' not found)
	at com.kms.katalon.core.keyword.internal.KeywordMain.stepFailed(KeywordMain.groovy:36)
	at com.kms.katalon.core.webui.keyword.internal.WebUIKeywordMain.stepFailed(WebUIKeywordMain.groovy:65)
	at com.kms.katalon.core.webui.keyword.internal.WebUIKeywordMain.runKeyword(WebUIKeywordMain.groovy:27)
	at com.kms.katalon.core.webui.keyword.builtin.VerifyElementPresentKeyword.verifyElementPresent(VerifyElementPresentKeyword.groovy:92)
	at com.kms.katalon.core.webui.keyword.builtin.VerifyElementPresentKeyword.execute(VerifyElementPresentKeyword.groovy:68)
	at com.kms.katalon.core.keyword.internal.KeywordExecutor.executeKeywordForPlatform(KeywordExecutor.groovy:53)
	at com.kms.katalon.core.webui.keyword.WebUiBuiltInKeywords.verifyElementPresent(WebUiBuiltInKeywords.groovy:1434)
	at com.kms.katalon.core.webui.keyword.WebUiBuiltInKeywords$verifyElementPresent$12.call(Unknown Source)
	at goToEnd_stm_autofill.run(goToEnd_stm_autofill:99)
	at com.kms.katalon.core.main.ScriptEngine.run(ScriptEngine.java:194)
	at com.kms.katalon.core.main.ScriptEngine.runScriptAsRawText(ScriptEngine.java:119)
	at com.kms.katalon.core.main.TestCaseExecutor.runScript(TestCaseExecutor.java:328)
	at com.kms.katalon.core.main.TestCaseExecutor.doExecute(TestCaseExecutor.java:319)
	at com.kms.katalon.core.main.TestCaseExecutor.processExecutionPhase(TestCaseExecutor.java:298)
	at com.kms.katalon.core.main.TestCaseExecutor.accessMainPhase(TestCaseExecutor.java:290)
	at com.kms.katalon.core.main.TestCaseExecutor.execute(TestCaseExecutor.java:224)
	at com.kms.katalon.core.main.TestCaseMain.runTestCase(TestCaseMain.java:106)
	at com.kms.katalon.core.keyword.builtin.CallTestCaseKeyword$_callTestCase_closure1.doCall(CallTestCaseKeyword.groovy:59)
	at com.kms.katalon.core.keyword.builtin.CallTestCaseKeyword$_callTestCase_closure1.call(CallTestCaseKeyword.groovy)
	at com.kms.katalon.core.keyword.internal.KeywordMain.runKeyword(KeywordMain.groovy:54)
	at com.kms.katalon.core.keyword.builtin.CallTestCaseKeyword.callTestCase(CallTestCaseKeyword.groovy:80)
	at com.kms.katalon.core.keyword.builtin.CallTestCaseKeyword.execute(CallTestCaseKeyword.groovy:44)
	at com.kms.katalon.core.keyword.internal.KeywordExecutor.executeKeywordForPlatform(KeywordExecutor.groovy:53)
	at com.kms.katalon.core.keyword.BuiltinKeywords.callTestCase(BuiltinKeywords.groovy:334)
	at NationalGeneral.run(NationalGeneral:31)
	at com.kms.katalon.core.main.ScriptEngine.run(ScriptEngine.java:194)
	at com.kms.katalon.core.main.ScriptEngine.runScriptAsRawText(ScriptEngine.java:119)
	at com.kms.katalon.core.main.TestCaseExecutor.runScript(TestCaseExecutor.java:328)
	at com.kms.katalon.core.main.TestCaseExecutor.doExecute(TestCaseExecutor.java:319)
	at com.kms.katalon.core.main.TestCaseExecutor.processExecutionPhase(TestCaseExecutor.java:298)
	at com.kms.katalon.core.main.TestCaseExecutor.accessMainPhase(TestCaseExecutor.java:290)
	at com.kms.katalon.core.main.TestCaseExecutor.execute(TestCaseExecutor.java:224)
	at com.kms.katalon.core.main.TestSuiteExecutor.accessTestCaseMainPhase(TestSuiteExecutor.java:129)
	at com.kms.katalon.core.main.TestSuiteExecutor.accessTestSuiteMainPhase(TestSuiteExecutor.java:112)
	at com.kms.katalon.core.main.TestSuiteExecutor.execute(TestSuiteExecutor.java:81)
	at com.kms.katalon.core.main.TestCaseMain.startTestSuite(TestCaseMain.java:149)
	at com.kms.katalon.core.main.TestCaseMain$startTestSuite$0.call(Unknown Source)
	at TempTestSuite1567080037356.run(TempTestSuite1567080037356.groovy:36)


2019-08-29 08:15:16 - [MESSAGE][FAILED] - Unable to call Test Case 'Test Cases/mobileWeb/_include/goToEnd_stm_autofill' (Root cause: com.kms.katalon.core.exception.StepFailedException: Call Test Case 'Test Cases/mobileWeb/_include/goToEnd_stm_autofill' failed)

2019-08-29 08:15:16 - [MESSAGE][FAILED] - callTestCase(findTestCase("mobileWeb/_include/goToEnd_stm_autofill"), [:], STOP_ON_FAILURE) FAILED.
Reason:
com.kms.katalon.core.exception.StepFailedException: Unable to verify object 'Object Repository/mobileSanity/STM/Page_App Page 6/span_planName' is present (Root cause: com.kms.katalon.core.exception.StepFailedException: com.kms.katalon.core.webui.exception.WebElementNotFoundException: Web element with id: 'Object Repository/mobileSanity/STM/Page_App Page 6/span_planName' located by 'By.xpath: id("js-app-confirmation")/div[@class="app-confirmation-main"]/div[@class="app-confirmation-container"]/p[@class="reset"]/span[@class="emphasize"]' not found)
	at com.kms.katalon.core.keyword.internal.KeywordMain.stepFailed(KeywordMain.groovy:36)
	at com.kms.katalon.core.webui.keyword.internal.WebUIKeywordMain.stepFailed(WebUIKeywordMain.groovy:65)
	at com.kms.katalon.core.webui.keyword.internal.WebUIKeywordMain.runKeyword(WebUIKeywordMain.groovy:27)
	at com.kms.katalon.core.webui.keyword.builtin.VerifyElementPresentKeyword.verifyElementPresent(VerifyElementPresentKeyword.groovy:92)
	at com.kms.katalon.core.webui.keyword.builtin.VerifyElementPresentKeyword.execute(VerifyElementPresentKeyword.groovy:68)
	at com.kms.katalon.core.keyword.internal.KeywordExecutor.executeKeywordForPlatform(KeywordExecutor.groovy:53)
	at com.kms.katalon.core.webui.keyword.WebUiBuiltInKeywords.verifyElementPresent(WebUiBuiltInKeywords.groovy:1434)
	at com.kms.katalon.core.webui.keyword.WebUiBuiltInKeywords$verifyElementPresent$12.call(Unknown Source)
	at goToEnd_stm_autofill.run(goToEnd_stm_autofill:99)
	at com.kms.katalon.core.main.ScriptEngine.run(ScriptEngine.java:194)
	at com.kms.katalon.core.main.ScriptEngine.runScriptAsRawText(ScriptEngine.java:119)
	at com.kms.katalon.core.main.TestCaseExecutor.runScript(TestCaseExecutor.java:328)
	at com.kms.katalon.core.main.TestCaseExecutor.doExecute(TestCaseExecutor.java:319)
	at com.kms.katalon.core.main.TestCaseExecutor.processExecutionPhase(TestCaseExecutor.java:298)
	at com.kms.katalon.core.main.TestCaseExecutor.accessMainPhase(TestCaseExecutor.java:290)
	at com.kms.katalon.core.main.TestCaseExecutor.execute(TestCaseExecutor.java:224)
	at com.kms.katalon.core.main.TestCaseMain.runTestCase(TestCaseMain.java:106)
	at com.kms.katalon.core.keyword.builtin.CallTestCaseKeyword$_callTestCase_closure1.doCall(CallTestCaseKeyword.groovy:59)
	at com.kms.katalon.core.keyword.builtin.CallTestCaseKeyword$_callTestCase_closure1.call(CallTestCaseKeyword.groovy)
	at com.kms.katalon.core.keyword.internal.KeywordMain.runKeyword(KeywordMain.groovy:54)
	at com.kms.katalon.core.keyword.builtin.CallTestCaseKeyword.callTestCase(CallTestCaseKeyword.groovy:80)
	at com.kms.katalon.core.keyword.builtin.CallTestCaseKeyword.execute(CallTestCaseKeyword.groovy:44)
	at com.kms.katalon.core.keyword.internal.KeywordExecutor.executeKeywordForPlatform(KeywordExecutor.groovy:53)
	at com.kms.katalon.core.keyword.BuiltinKeywords.callTestCase(BuiltinKeywords.groovy:334)
	at NationalGeneral.run(NationalGeneral:31)
	at com.kms.katalon.core.main.ScriptEngine.run(ScriptEngine.java:194)
	at com.kms.katalon.core.main.ScriptEngine.runScriptAsRawText(ScriptEngine.java:119)
	at com.kms.katalon.core.main.TestCaseExecutor.runScript(TestCaseExecutor.java:328)
	at com.kms.katalon.core.main.TestCaseExecutor.doExecute(TestCaseExecutor.java:319)
	at com.kms.katalon.core.main.TestCaseExecutor.processExecutionPhase(TestCaseExecutor.java:298)
	at com.kms.katalon.core.main.TestCaseExecutor.accessMainPhase(TestCaseExecutor.java:290)
	at com.kms.katalon.core.main.TestCaseExecutor.execute(TestCaseExecutor.java:224)
	at com.kms.katalon.core.main.TestSuiteExecutor.accessTestCaseMainPhase(TestSuiteExecutor.java:129)
	at com.kms.katalon.core.main.TestSuiteExecutor.accessTestSuiteMainPhase(TestSuiteExecutor.java:112)
	at com.kms.katalon.core.main.TestSuiteExecutor.execute(TestSuiteExecutor.java:81)
	at com.kms.katalon.core.main.TestCaseMain.startTestSuite(TestCaseMain.java:149)
	at com.kms.katalon.core.main.TestCaseMain$startTestSuite$0.call(Unknown Source)
	at TempTestSuite1567080037356.run(TempTestSuite1567080037356.groovy:36)]]></system-out>
         <system-err><![CDATA[2019-08-29 08:12:54 - [TEST_CASE][FAILED] - Test Cases/mobileWeb/stm/NationalGeneral: Test Cases/mobileWeb/stm/NationalGeneral FAILED.
Reason:
com.kms.katalon.core.exception.StepFailedException: Unable to verify object 'Object Repository/mobileSanity/STM/Page_App Page 6/span_planName' is present (Root cause: com.kms.katalon.core.exception.StepFailedException: com.kms.katalon.core.webui.exception.WebElementNotFoundException: Web element with id: 'Object Repository/mobileSanity/STM/Page_App Page 6/span_planName' located by 'By.xpath: id("js-app-confirmation")/div[@class="app-confirmation-main"]/div[@class="app-confirmation-container"]/p[@class="reset"]/span[@class="emphasize"]' not found)
	at com.kms.katalon.core.keyword.internal.KeywordMain.stepFailed(KeywordMain.groovy:36)
	at com.kms.katalon.core.webui.keyword.internal.WebUIKeywordMain.stepFailed(WebUIKeywordMain.groovy:65)
	at com.kms.katalon.core.webui.keyword.internal.WebUIKeywordMain.runKeyword(WebUIKeywordMain.groovy:27)
	at com.kms.katalon.core.webui.keyword.builtin.VerifyElementPresentKeyword.verifyElementPresent(VerifyElementPresentKeyword.groovy:92)
	at com.kms.katalon.core.webui.keyword.builtin.VerifyElementPresentKeyword.execute(VerifyElementPresentKeyword.groovy:68)
	at com.kms.katalon.core.keyword.internal.KeywordExecutor.executeKeywordForPlatform(KeywordExecutor.groovy:53)
	at com.kms.katalon.core.webui.keyword.WebUiBuiltInKeywords.verifyElementPresent(WebUiBuiltInKeywords.groovy:1434)
	at com.kms.katalon.core.webui.keyword.WebUiBuiltInKeywords$verifyElementPresent$12.call(Unknown Source)
	at goToEnd_stm_autofill.run(goToEnd_stm_autofill:99)
	at com.kms.katalon.core.main.ScriptEngine.run(ScriptEngine.java:194)
	at com.kms.katalon.core.main.ScriptEngine.runScriptAsRawText(ScriptEngine.java:119)
	at com.kms.katalon.core.main.TestCaseExecutor.runScript(TestCaseExecutor.java:328)
	at com.kms.katalon.core.main.TestCaseExecutor.doExecute(TestCaseExecutor.java:319)
	at com.kms.katalon.core.main.TestCaseExecutor.processExecutionPhase(TestCaseExecutor.java:298)
	at com.kms.katalon.core.main.TestCaseExecutor.accessMainPhase(TestCaseExecutor.java:290)
	at com.kms.katalon.core.main.TestCaseExecutor.execute(TestCaseExecutor.java:224)
	at com.kms.katalon.core.main.TestCaseMain.runTestCase(TestCaseMain.java:106)
	at com.kms.katalon.core.keyword.builtin.CallTestCaseKeyword$_callTestCase_closure1.doCall(CallTestCaseKeyword.groovy:59)
	at com.kms.katalon.core.keyword.builtin.CallTestCaseKeyword$_callTestCase_closure1.call(CallTestCaseKeyword.groovy)
	at com.kms.katalon.core.keyword.internal.KeywordMain.runKeyword(KeywordMain.groovy:54)
	at com.kms.katalon.core.keyword.builtin.CallTestCaseKeyword.callTestCase(CallTestCaseKeyword.groovy:80)
	at com.kms.katalon.core.keyword.builtin.CallTestCaseKeyword.execute(CallTestCaseKeyword.groovy:44)
	at com.kms.katalon.core.keyword.internal.KeywordExecutor.executeKeywordForPlatform(KeywordExecutor.groovy:53)
	at com.kms.katalon.core.keyword.BuiltinKeywords.callTestCase(BuiltinKeywords.groovy:334)
	at NationalGeneral.run(NationalGeneral:31)
	at com.kms.katalon.core.main.ScriptEngine.run(ScriptEngine.java:194)
	at com.kms.katalon.core.main.ScriptEngine.runScriptAsRawText(ScriptEngine.java:119)
	at com.kms.katalon.core.main.TestCaseExecutor.runScript(TestCaseExecutor.java:328)
	at com.kms.katalon.core.main.TestCaseExecutor.doExecute(TestCaseExecutor.java:319)
	at com.kms.katalon.core.main.TestCaseExecutor.processExecutionPhase(TestCaseExecutor.java:298)
	at com.kms.katalon.core.main.TestCaseExecutor.accessMainPhase(TestCaseExecutor.java:290)
	at com.kms.katalon.core.main.TestCaseExecutor.execute(TestCaseExecutor.java:224)
	at com.kms.katalon.core.main.TestSuiteExecutor.accessTestCaseMainPhase(TestSuiteExecutor.java:129)
	at com.kms.katalon.core.main.TestSuiteExecutor.accessTestSuiteMainPhase(TestSuiteExecutor.java:112)
	at com.kms.katalon.core.main.TestSuiteExecutor.execute(TestSuiteExecutor.java:81)
	at com.kms.katalon.core.main.TestCaseMain.startTestSuite(TestCaseMain.java:149)
	at com.kms.katalon.core.main.TestCaseMain$startTestSuite$0.call(Unknown Source)
	at TempTestSuite1567080037356.run(TempTestSuite1567080037356.groovy:36)]]></system-err>
      </testcase>
      <testcase name="Test Cases/mobileWeb/stm/Aspen" classname="Test Cases/mobileWeb/stm/Aspen" status="PASSED">
         <system-out><![CDATA[2019-08-29 08:15:16 - [TEST_CASE][PASSED] - Test Cases/mobileWeb/stm/Aspen: Test Cases/mobileWeb/stm/Aspen

2019-08-29 08:15:17 - [TEST_STEP][PASSED] - callTestCase(findTestCase("mobileWeb/_include/get_screenPath"), ["productLine":"stm", "carrierName":"Aspen"], CONTINUE_ON_FAILURE): Call Test Case 'Test Cases/mobileWeb/_include/get_screenPath' successfully

2019-08-29 08:15:17 - [TEST_CASE][PASSED] - Test Cases/mobileWeb/_include/get_screenPath: Test Cases/mobileWeb/_include/get_screenPath

2019-08-29 08:15:17 - [TEST_STEP][PASSED] - m = getExecutionProperties(): null

2019-08-29 08:15:17 - [TEST_STEP][PASSED] - deviceName = get("mobileEmulation").get("deviceName"): null

2019-08-29 08:15:17 - [TEST_STEP][PASSED] - println(deviceName): null

2019-08-29 08:15:17 - [TEST_STEP][PASSED] - now = new java.util.Date(): null

2019-08-29 08:15:17 - [TEST_STEP][PASSED] - mydate = now.format("yyyyMMdd_HHmmss"): null

2019-08-29 08:15:17 - [TEST_STEP][PASSED] - screenPath = "../Screenshots/": null

2019-08-29 08:15:17 - [TEST_STEP][PASSED] - screenPath = screenPath + deviceName + "/" + productLine + "/" + carrierName + "/" + "standard" + "/": null

2019-08-29 08:15:17 - [TEST_STEP][PASSED] - println(screenPath): null

2019-08-29 08:15:17 - [MESSAGE][PASSED] - Call Test Case 'Test Cases/mobileWeb/_include/get_screenPath' successfully

2019-08-29 08:15:17 - [TEST_STEP][PASSED] - i = 0: null

2019-08-29 08:15:17 - [TEST_STEP][PASSED] - callTestCase(findTestCase("mobileWeb/_include/openWebSite"), [:], STOP_ON_FAILURE): Call Test Case 'Test Cases/mobileWeb/_include/openWebSite' successfully

2019-08-29 08:15:17 - [TEST_CASE][PASSED] - Test Cases/mobileWeb/_include/openWebSite: Test Cases/mobileWeb/_include/openWebSite

2019-08-29 08:15:17 - [TEST_STEP][PASSED] - openBrowser(env): Browser is opened with url: 'https://praetemptatus.agilehealthinsurance.com'

2019-08-29 08:15:17 - [MESSAGE][WARNING] - A browser is already opened. Closing browser and opening a new one

2019-08-29 08:15:18 - [MESSAGE][INFO] - Starting 'Chrome' driver

2019-08-29 08:15:18 - [MESSAGE][INFO] - User set preference: ['mobileEmulation', '{deviceName=iPhone 6}']

2019-08-29 08:15:18 - [MESSAGE][INFO] - User set preference: ['args', '[--incognito, --aggressive-cache-discard, --window-size=375,677, --no-sandbox]']

2019-08-29 08:15:23 - [MESSAGE][PASSED] - Browser is opened with url: 'https://praetemptatus.agilehealthinsurance.com'

2019-08-29 08:15:23 - [TEST_STEP][PASSED] - waitForPageLoad(20): Wait for page load successfully

2019-08-29 08:15:23 - [MESSAGE][PASSED] - Wait for page load successfully

2019-08-29 08:15:23 - [TEST_STEP][PASSED] - callTestCase(findTestCase("mobileWeb/_include/get_screenshot"), [:], STOP_ON_FAILURE): Call Test Case 'Test Cases/mobileWeb/_include/get_screenshot' successfully

2019-08-29 08:15:23 - [TEST_CASE][PASSED] - Test Cases/mobileWeb/_include/get_screenshot: Test Cases/mobileWeb/_include/get_screenshot

2019-08-29 08:15:23 - [TEST_STEP][PASSED] - takeScreenshot(screenPath + i + ".png"): Taking screenshot successfully

2019-08-29 08:15:24 - [MESSAGE][PASSED] - Taking screenshot successfully
[[ATTACHMENT|D:\\Test\\AgileTest\\Reports\\mobileWeb\\stm\\20190829_080037\\../Screenshots/iPhone 6/stm/Aspen/standard/0.png]]

2019-08-29 08:15:24 - [TEST_STEP][PASSED] - (internal.GlobalVariable.i++): null

2019-08-29 08:15:24 - [MESSAGE][PASSED] - Call Test Case 'Test Cases/mobileWeb/_include/get_screenshot' successfully

2019-08-29 08:15:24 - [MESSAGE][PASSED] - Call Test Case 'Test Cases/mobileWeb/_include/openWebSite' successfully

2019-08-29 08:15:24 - [TEST_STEP][PASSED] - callTestCase(findTestCase("mobileWeb/_include/census_stm"), ["zipcode":"60602"], STOP_ON_FAILURE): Call Test Case 'Test Cases/mobileWeb/_include/census_stm' successfully

2019-08-29 08:15:24 - [TEST_CASE][PASSED] - Test Cases/mobileWeb/_include/census_stm: Test Cases/mobileWeb/_include/census_stm

2019-08-29 08:15:24 - [TEST_STEP][PASSED] - waitForElementClickable(findTestObject("mobileSanity/STM/Home Page/a_Quote  Save Today"), 10): Object 'Object Repository/mobileSanity/STM/Home Page/a_Quote  Save Today' is clickable

2019-08-29 08:15:24 - [MESSAGE][PASSED] - Object 'Object Repository/mobileSanity/STM/Home Page/a_Quote  Save Today' is clickable

2019-08-29 08:15:24 - [TEST_STEP][PASSED] - click(findTestObject("mobileSanity/STM/Home Page/a_Quote  Save Today")): Object: 'Object Repository/mobileSanity/STM/Home Page/a_Quote  Save Today' is clicked on

2019-08-29 08:15:24 - [MESSAGE][PASSED] - Object: 'Object Repository/mobileSanity/STM/Home Page/a_Quote  Save Today' is clicked on

2019-08-29 08:15:24 - [TEST_STEP][PASSED] - waitForPageLoad(10): Wait for page load successfully

2019-08-29 08:15:24 - [MESSAGE][PASSED] - Wait for page load successfully

2019-08-29 08:15:24 - [TEST_STEP][PASSED] - callTestCase(findTestCase("mobileWeb/_include/get_screenshot"), [:], STOP_ON_FAILURE): Call Test Case 'Test Cases/mobileWeb/_include/get_screenshot' successfully

2019-08-29 08:15:24 - [TEST_CASE][PASSED] - Test Cases/mobileWeb/_include/get_screenshot: Test Cases/mobileWeb/_include/get_screenshot

2019-08-29 08:15:24 - [TEST_STEP][PASSED] - takeScreenshot(screenPath + i + ".png"): Taking screenshot successfully

2019-08-29 08:15:25 - [MESSAGE][PASSED] - Taking screenshot successfully
[[ATTACHMENT|D:\\Test\\AgileTest\\Reports\\mobileWeb\\stm\\20190829_080037\\../Screenshots/iPhone 6/stm/Aspen/standard/1.png]]

2019-08-29 08:15:25 - [TEST_STEP][PASSED] - (internal.GlobalVariable.i++): null

2019-08-29 08:15:25 - [MESSAGE][PASSED] - Call Test Case 'Test Cases/mobileWeb/_include/get_screenshot' successfully

2019-08-29 08:15:25 - [TEST_STEP][PASSED] - setText(findTestObject("mobileSanity/STM/STM Census Page/input_Location_zip-input"), zipcode): Text '60602' is set on object 'Object Repository/mobileSanity/STM/STM Census Page/input_Location_zip-input'

2019-08-29 08:15:26 - [MESSAGE][PASSED] - Text '60602' is set on object 'Object Repository/mobileSanity/STM/STM Census Page/input_Location_zip-input'

2019-08-29 08:15:26 - [TEST_STEP][PASSED] - Thread.sleep(500): null

2019-08-29 08:15:26 - [TEST_STEP][PASSED] - setText(findTestObject("mobileSanity/STM/STM Census Page/input_Date of Birth_dob-0"), "03031987"): Text '03031987' is set on object 'Object Repository/mobileSanity/STM/STM Census Page/input_Date of Birth_dob-0'

2019-08-29 08:15:27 - [MESSAGE][PASSED] - Text '03031987' is set on object 'Object Repository/mobileSanity/STM/STM Census Page/input_Date of Birth_dob-0'

2019-08-29 08:15:27 - [TEST_STEP][PASSED] - click(findTestObject("mobileSanity/STM/STM Census Page/label_Male")): Object: 'Object Repository/mobileSanity/STM/STM Census Page/label_Male' is clicked on

2019-08-29 08:15:27 - [MESSAGE][PASSED] - Object: 'Object Repository/mobileSanity/STM/STM Census Page/label_Male' is clicked on

2019-08-29 08:15:27 - [TEST_STEP][PASSED] - click(findTestObject("mobileSanity/STM/STM Census Page/label_Compare Plans")): Object: 'Object Repository/mobileSanity/STM/STM Census Page/label_Compare Plans' is clicked on

2019-08-29 08:15:29 - [MESSAGE][PASSED] - Object: 'Object Repository/mobileSanity/STM/STM Census Page/label_Compare Plans' is clicked on

2019-08-29 08:15:29 - [TEST_STEP][PASSED] - waitForElementVisible(findTestObject("mobileSanity/STM/STM Quote Page/button_sort"), 20): Object 'Object Repository/mobileSanity/STM/STM Quote Page/button_sort' is visible

2019-08-29 08:15:30 - [MESSAGE][PASSED] - Object 'Object Repository/mobileSanity/STM/STM Quote Page/button_sort' is visible

2019-08-29 08:15:30 - [TEST_STEP][PASSED] - Thread.sleep(3000): null

2019-08-29 08:15:33 - [TEST_STEP][PASSED] - callTestCase(findTestCase("mobileWeb/_include/get_screenshot"), [:], STOP_ON_FAILURE): Call Test Case 'Test Cases/mobileWeb/_include/get_screenshot' successfully

2019-08-29 08:15:33 - [TEST_CASE][PASSED] - Test Cases/mobileWeb/_include/get_screenshot: Test Cases/mobileWeb/_include/get_screenshot

2019-08-29 08:15:33 - [TEST_STEP][PASSED] - takeScreenshot(screenPath + i + ".png"): Taking screenshot successfully

2019-08-29 08:15:34 - [MESSAGE][PASSED] - Taking screenshot successfully
[[ATTACHMENT|D:\\Test\\AgileTest\\Reports\\mobileWeb\\stm\\20190829_080037\\../Screenshots/iPhone 6/stm/Aspen/standard/2.png]]

2019-08-29 08:15:34 - [TEST_STEP][PASSED] - (internal.GlobalVariable.i++): null

2019-08-29 08:15:34 - [MESSAGE][PASSED] - Call Test Case 'Test Cases/mobileWeb/_include/get_screenshot' successfully

2019-08-29 08:15:34 - [TEST_STEP][PASSED] - Thread.sleep(1000): null

2019-08-29 08:15:35 - [MESSAGE][PASSED] - Call Test Case 'Test Cases/mobileWeb/_include/census_stm' successfully

2019-08-29 08:15:35 - [TEST_STEP][PASSED] - callTestCase(findTestCase("mobileWeb/_include/filter_stm"), ["carrier":"aspen"], STOP_ON_FAILURE): Call Test Case 'Test Cases/mobileWeb/_include/filter_stm' successfully

2019-08-29 08:15:35 - [TEST_CASE][PASSED] - Test Cases/mobileWeb/_include/filter_stm: Test Cases/mobileWeb/_include/filter_stm

2019-08-29 08:15:35 - [TEST_STEP][PASSED] - driver = getWebDriver(): null

2019-08-29 08:15:35 - [TEST_STEP][PASSED] - selenium = new com.thoughtworks.selenium.webdriven.WebDriverBackedSelenium(driver, internal.GlobalVariable.ENV): null

2019-08-29 08:15:35 - [TEST_STEP][PASSED] - Thread.sleep(1000): null

2019-08-29 08:15:36 - [TEST_STEP][PASSED] - click(findTestObject("mobileSanity/STM/STM Quote Page/button_filters")): Object: 'Object Repository/mobileSanity/STM/STM Quote Page/button_filters' is clicked on

2019-08-29 08:15:37 - [MESSAGE][PASSED] - Object: 'Object Repository/mobileSanity/STM/STM Quote Page/button_filters' is clicked on

2019-08-29 08:15:37 - [TEST_STEP][PASSED] - Thread.sleep(1000): null

2019-08-29 08:15:38 - [TEST_STEP][PASSED] - click(findTestObject("mobileSanity/STM/STM Quote Page/i_Insurance company")): Object: 'Object Repository/mobileSanity/STM/STM Quote Page/i_Insurance company' is clicked on

2019-08-29 08:15:38 - [MESSAGE][PASSED] - Object: 'Object Repository/mobileSanity/STM/STM Quote Page/i_Insurance company' is clicked on

2019-08-29 08:15:38 - [TEST_STEP][PASSED] - Thread.sleep(1000): null

2019-08-29 08:15:39 - [TEST_STEP][PASSED] - filter_carrier = "//input[@name='filter[carrier]' and @value='" + carrier + "']/following::label": null

2019-08-29 08:15:39 - [TEST_STEP][PASSED] - println(filter_carrier): null

2019-08-29 08:15:39 - [TEST_STEP][PASSED] - test.MobileKeywords.clickJS_ByXpath(filter_carrier): test.MobileKeywords.clickJS_ByXpath is PASSED

2019-08-29 08:15:39 - [MESSAGE][PASSED] - Execute JavaScript 'arguments[0].click()' successfully

2019-08-29 08:15:39 - [MESSAGE][PASSED] - test.MobileKeywords.clickJS_ByXpath is PASSED

2019-08-29 08:15:39 - [TEST_STEP][PASSED] - Thread.sleep(1000): null

2019-08-29 08:15:40 - [TEST_STEP][PASSED] - scrollToElement(findTestObject("mobileSanity/STM/STM Quote Page/a_Show Plans"), 1000): Scroll to object 'Object Repository/mobileSanity/STM/STM Quote Page/a_Show Plans' successfully

2019-08-29 08:15:40 - [MESSAGE][PASSED] - Scroll to object 'Object Repository/mobileSanity/STM/STM Quote Page/a_Show Plans' successfully

2019-08-29 08:15:40 - [TEST_STEP][PASSED] - click(findTestObject("mobileSanity/STM/STM Quote Page/a_Show Plans")): Object: 'Object Repository/mobileSanity/STM/STM Quote Page/a_Show Plans' is clicked on

2019-08-29 08:15:40 - [MESSAGE][PASSED] - Object: 'Object Repository/mobileSanity/STM/STM Quote Page/a_Show Plans' is clicked on

2019-08-29 08:15:40 - [TEST_STEP][PASSED] - waitForJQueryLoad(20, STOP_ON_FAILURE): jQuery is ready.

2019-08-29 08:15:40 - [MESSAGE][PASSED] - jQuery is ready.

2019-08-29 08:15:40 - [TEST_STEP][PASSED] - Thread.sleep(2000): null

2019-08-29 08:15:42 - [TEST_STEP][PASSED] - callTestCase(findTestCase("mobileWeb/_include/get_screenshot"), [:], STOP_ON_FAILURE): Call Test Case 'Test Cases/mobileWeb/_include/get_screenshot' successfully

2019-08-29 08:15:42 - [TEST_CASE][PASSED] - Test Cases/mobileWeb/_include/get_screenshot: Test Cases/mobileWeb/_include/get_screenshot

2019-08-29 08:15:42 - [TEST_STEP][PASSED] - takeScreenshot(screenPath + i + ".png"): Taking screenshot successfully

2019-08-29 08:15:43 - [MESSAGE][PASSED] - Taking screenshot successfully
[[ATTACHMENT|D:\\Test\\AgileTest\\Reports\\mobileWeb\\stm\\20190829_080037\\../Screenshots/iPhone 6/stm/Aspen/standard/3.png]]

2019-08-29 08:15:43 - [TEST_STEP][PASSED] - (internal.GlobalVariable.i++): null

2019-08-29 08:15:43 - [MESSAGE][PASSED] - Call Test Case 'Test Cases/mobileWeb/_include/get_screenshot' successfully

2019-08-29 08:15:43 - [MESSAGE][PASSED] - Call Test Case 'Test Cases/mobileWeb/_include/filter_stm' successfully

2019-08-29 08:15:43 - [TEST_STEP][PASSED] - callTestCase(findTestCase("mobileWeb/_include/goToDetail_stm"), ["carrier":"aspen"], STOP_ON_FAILURE): Call Test Case 'Test Cases/mobileWeb/_include/goToDetail_stm' successfully

2019-08-29 08:15:43 - [TEST_CASE][PASSED] - Test Cases/mobileWeb/_include/goToDetail_stm: Test Cases/mobileWeb/_include/goToDetail_stm

2019-08-29 08:15:43 - [TEST_STEP][PASSED] - driver = getWebDriver(): null

2019-08-29 08:15:43 - [TEST_STEP][PASSED] - selenium = new com.thoughtworks.selenium.webdriven.WebDriverBackedSelenium(driver, internal.GlobalVariable.ENV): null

2019-08-29 08:15:43 - [TEST_STEP][PASSED] - a_plan_name = "xpath=//a[contains(@href,'/term-health-insurance/plan/" + carrier + "')]": null

2019-08-29 08:15:43 - [TEST_STEP][PASSED] - println(a_plan_name): null

2019-08-29 08:15:43 - [TEST_STEP][PASSED] - selenium.click(a_plan_name): null

2019-08-29 08:15:44 - [TEST_STEP][PASSED] - waitForPageLoad(20): Wait for page load successfully

2019-08-29 08:15:45 - [MESSAGE][PASSED] - Wait for page load successfully

2019-08-29 08:15:45 - [TEST_STEP][PASSED] - Thread.sleep(2000): null

2019-08-29 08:15:47 - [TEST_STEP][PASSED] - callTestCase(findTestCase("mobileWeb/_include/get_screenshot"), [:], STOP_ON_FAILURE): Call Test Case 'Test Cases/mobileWeb/_include/get_screenshot' successfully

2019-08-29 08:15:47 - [TEST_CASE][PASSED] - Test Cases/mobileWeb/_include/get_screenshot: Test Cases/mobileWeb/_include/get_screenshot

2019-08-29 08:15:47 - [TEST_STEP][PASSED] - takeScreenshot(screenPath + i + ".png"): Taking screenshot successfully

2019-08-29 08:15:47 - [MESSAGE][PASSED] - Taking screenshot successfully
[[ATTACHMENT|D:\\Test\\AgileTest\\Reports\\mobileWeb\\stm\\20190829_080037\\../Screenshots/iPhone 6/stm/Aspen/standard/4.png]]

2019-08-29 08:15:47 - [TEST_STEP][PASSED] - (internal.GlobalVariable.i++): null

2019-08-29 08:15:47 - [MESSAGE][PASSED] - Call Test Case 'Test Cases/mobileWeb/_include/get_screenshot' successfully

2019-08-29 08:15:47 - [MESSAGE][PASSED] - Call Test Case 'Test Cases/mobileWeb/_include/goToDetail_stm' successfully

2019-08-29 08:15:47 - [TEST_STEP][PASSED] - callTestCase(findTestCase("mobileWeb/_include/apply_stm"), [:], STOP_ON_FAILURE): Call Test Case 'Test Cases/mobileWeb/_include/apply_stm' successfully

2019-08-29 08:15:47 - [TEST_CASE][PASSED] - Test Cases/mobileWeb/_include/apply_stm: Test Cases/mobileWeb/_include/apply_stm

2019-08-29 08:15:47 - [TEST_STEP][PASSED] - waitForElementVisible(findTestObject("mobileSanity/STM/STM PlanDetail Page/a_Apply for This Plan"), 5): Object 'Object Repository/mobileSanity/STM/STM PlanDetail Page/a_Apply for This Plan' is visible

2019-08-29 08:15:47 - [MESSAGE][PASSED] - Object 'Object Repository/mobileSanity/STM/STM PlanDetail Page/a_Apply for This Plan' is visible

2019-08-29 08:15:47 - [TEST_STEP][PASSED] - click(findTestObject("mobileSanity/STM/STM PlanDetail Page/a_Apply for This Plan")): Object: 'Object Repository/mobileSanity/STM/STM PlanDetail Page/a_Apply for This Plan' is clicked on

2019-08-29 08:15:48 - [MESSAGE][PASSED] - Object: 'Object Repository/mobileSanity/STM/STM PlanDetail Page/a_Apply for This Plan' is clicked on

2019-08-29 08:15:48 - [TEST_STEP][PASSED] - waitForPageLoad(10): Wait for page load successfully

2019-08-29 08:15:48 - [MESSAGE][PASSED] - Wait for page load successfully

2019-08-29 08:15:48 - [TEST_STEP][PASSED] - Thread.sleep(2000): null

2019-08-29 08:15:50 - [TEST_STEP][PASSED] - callTestCase(findTestCase("mobileWeb/_include/get_screenshot"), [:], STOP_ON_FAILURE): Call Test Case 'Test Cases/mobileWeb/_include/get_screenshot' successfully

2019-08-29 08:15:50 - [TEST_CASE][PASSED] - Test Cases/mobileWeb/_include/get_screenshot: Test Cases/mobileWeb/_include/get_screenshot

2019-08-29 08:15:50 - [TEST_STEP][PASSED] - takeScreenshot(screenPath + i + ".png"): Taking screenshot successfully

2019-08-29 08:15:50 - [MESSAGE][PASSED] - Taking screenshot successfully
[[ATTACHMENT|D:\\Test\\AgileTest\\Reports\\mobileWeb\\stm\\20190829_080037\\../Screenshots/iPhone 6/stm/Aspen/standard/5.png]]

2019-08-29 08:15:50 - [TEST_STEP][PASSED] - (internal.GlobalVariable.i++): null

2019-08-29 08:15:50 - [MESSAGE][PASSED] - Call Test Case 'Test Cases/mobileWeb/_include/get_screenshot' successfully

2019-08-29 08:15:50 - [TEST_STEP][PASSED] - waitForElementVisible(findTestObject("mobileSanity/STM/STM Apply Page/a_Start Secure Application"), 5): Object 'Object Repository/mobileSanity/STM/STM Apply Page/a_Start Secure Application' is visible

2019-08-29 08:15:51 - [MESSAGE][PASSED] - Object 'Object Repository/mobileSanity/STM/STM Apply Page/a_Start Secure Application' is visible

2019-08-29 08:15:51 - [TEST_STEP][PASSED] - click(findTestObject("mobileSanity/STM/STM Apply Page/a_Start Secure Application")): Object: 'Object Repository/mobileSanity/STM/STM Apply Page/a_Start Secure Application' is clicked on

2019-08-29 08:15:51 - [MESSAGE][PASSED] - Object: 'Object Repository/mobileSanity/STM/STM Apply Page/a_Start Secure Application' is clicked on

2019-08-29 08:15:51 - [TEST_STEP][PASSED] - waitForPageLoad(20): Wait for page load successfully

2019-08-29 08:15:52 - [MESSAGE][PASSED] - Wait for page load successfully

2019-08-29 08:15:52 - [TEST_STEP][PASSED] - Thread.sleep(2000): null

2019-08-29 08:15:54 - [TEST_STEP][PASSED] - callTestCase(findTestCase("mobileWeb/_include/get_screenshot"), [:], STOP_ON_FAILURE): Call Test Case 'Test Cases/mobileWeb/_include/get_screenshot' successfully

2019-08-29 08:15:54 - [TEST_CASE][PASSED] - Test Cases/mobileWeb/_include/get_screenshot: Test Cases/mobileWeb/_include/get_screenshot

2019-08-29 08:15:54 - [TEST_STEP][PASSED] - takeScreenshot(screenPath + i + ".png"): Taking screenshot successfully

2019-08-29 08:15:54 - [MESSAGE][PASSED] - Taking screenshot successfully
[[ATTACHMENT|D:\\Test\\AgileTest\\Reports\\mobileWeb\\stm\\20190829_080037\\../Screenshots/iPhone 6/stm/Aspen/standard/6.png]]

2019-08-29 08:15:54 - [TEST_STEP][PASSED] - (internal.GlobalVariable.i++): null

2019-08-29 08:15:54 - [MESSAGE][PASSED] - Call Test Case 'Test Cases/mobileWeb/_include/get_screenshot' successfully

2019-08-29 08:15:54 - [MESSAGE][PASSED] - Call Test Case 'Test Cases/mobileWeb/_include/apply_stm' successfully

2019-08-29 08:15:54 - [TEST_STEP][PASSED] - callTestCase(findTestCase("mobileWeb/_include/goToEnd_stm_autofill"), [:], STOP_ON_FAILURE): Call Test Case 'Test Cases/mobileWeb/_include/goToEnd_stm_autofill' successfully

2019-08-29 08:15:54 - [TEST_CASE][PASSED] - Test Cases/mobileWeb/_include/goToEnd_stm_autofill: Test Cases/mobileWeb/_include/goToEnd_stm_autofill

2019-08-29 08:15:54 - [TEST_STEP][PASSED] - callTestCase(findTestCase("mobileWeb/_include/name"), [:], CONTINUE_ON_FAILURE): Call Test Case 'Test Cases/mobileWeb/_include/name' successfully

2019-08-29 08:15:54 - [TEST_CASE][PASSED] - Test Cases/mobileWeb/_include/name: Test Cases/mobileWeb/_include/name

2019-08-29 08:15:54 - [TEST_STEP][PASSED] - driver = getWebDriver(): null

2019-08-29 08:15:54 - [TEST_STEP][PASSED] - selenium = new com.thoughtworks.selenium.webdriven.WebDriverBackedSelenium(driver, internal.GlobalVariable.ENV): null

2019-08-29 08:15:55 - [TEST_STEP][PASSED] - FirstName = "Test-123": null

2019-08-29 08:15:55 - [TEST_STEP][PASSED] - LastName = selenium.getEval("{var x="ABCDEFGHIJKLMNOPQRSTUVWXYZabcdefghijklmnopqrstuvwxyz"; var tmp="ZZ11-"; for (i=0;i<8;i++) tmp+=x.charAt(Math.ceil(51*Math.random()));tmp;}"): null

2019-08-29 08:15:55 - [TEST_STEP][PASSED] - Address = selenium.getEval("{var x="ABCDEFGHIJKLMNOPQRSTUVWXYZabcdefghijklmnopqrstuvwxyz"; var tmp=""; for (i=0;i<8;i++) tmp+=x.charAt(Math.ceil(51*Math.random()));tmp;}"): null

2019-08-29 08:15:55 - [TEST_STEP][PASSED] - City = selenium.getEval("{var x="ABCDEFGHIJKLMNOPQRSTUVWXYZabcdefghijklmnopqrstuvwxyz"; var tmp=""; for (i=0;i<8;i++) tmp+=x.charAt(Math.ceil(51*Math.random()));tmp;}"): null

2019-08-29 08:15:55 - [TEST_STEP][PASSED] - tel1 = selenium.getEval("{var x="123456789"; var tmp=""; for (i=0;i<3;i++) tmp+=x.charAt(Math.ceil(8*Math.random()));tmp;}"): null

2019-08-29 08:15:55 - [TEST_STEP][PASSED] - tel2 = selenium.getEval("{var x="123456789"; var tmp=""; for (i=0;i<3;i++) tmp+=x.charAt(Math.ceil(8*Math.random()));tmp;}"): null

2019-08-29 08:15:55 - [TEST_STEP][PASSED] - tel3 = selenium.getEval("{var x="123456789"; var tmp=""; for (i=0;i<4;i++) tmp+=x.charAt(Math.ceil(8*Math.random()));tmp;}"): null

2019-08-29 08:15:55 - [TEST_STEP][PASSED] - Tel = selenium.getExpression(tel1 + "-" + tel2 + "-" + tel3): null

2019-08-29 08:15:55 - [TEST_STEP][PASSED] - AutoEmail = selenium.getEval("{var x="ABCDEFGHIJKLMNOPQRSTUVWXYZabcdefghijklmnopqrstuvwxyz"; var tmp="test."; for (i=0;i<8;i++) tmp+=x.charAt(Math.ceil(51*Math.random()));tmp+="@suryani.cn";}"): null

2019-08-29 08:15:55 - [TEST_STEP][PASSED] - FirstName = FirstName: null

2019-08-29 08:15:55 - [TEST_STEP][PASSED] - LastName = LastName: null

2019-08-29 08:15:55 - [TEST_STEP][PASSED] - Address = Address: null

2019-08-29 08:15:55 - [TEST_STEP][PASSED] - City = City: null

2019-08-29 08:15:55 - [TEST_STEP][PASSED] - Tel = Tel: null

2019-08-29 08:15:55 - [TEST_STEP][PASSED] - AutoEmail = AutoEmail: null

2019-08-29 08:15:55 - [TEST_STEP][PASSED] - println(FirstName): null

2019-08-29 08:15:55 - [TEST_STEP][PASSED] - println(LastName): null

2019-08-29 08:15:55 - [TEST_STEP][PASSED] - println(Address): null

2019-08-29 08:15:55 - [TEST_STEP][PASSED] - println(City): null

2019-08-29 08:15:55 - [TEST_STEP][PASSED] - println(Tel): null

2019-08-29 08:15:55 - [TEST_STEP][PASSED] - println(AutoEmail): null

2019-08-29 08:15:55 - [MESSAGE][PASSED] - Call Test Case 'Test Cases/mobileWeb/_include/name' successfully

2019-08-29 08:15:55 - [TEST_STEP][FAILED] - try: Unable to verify text 'Month Duration Acknowledgement' is present  (Root cause: com.kms.katalon.core.exception.StepFailedException: Text 'Month Duration Acknowledgement' is not present on page )

2019-08-29 08:15:55 - [TEST_STEP][FAILED] - if (verifyTextPresent("Month Duration Acknowledgement", false)): Unable to verify text 'Month Duration Acknowledgement' is present  (Root cause: com.kms.katalon.core.exception.StepFailedException: Text 'Month Duration Acknowledgement' is not present on page )

2019-08-29 08:15:55 - [MESSAGE][FAILED] - Text 'Month Duration Acknowledgement' is not present on page 

2019-08-29 08:15:56 - [MESSAGE][FAILED] - Unable to verify text 'Month Duration Acknowledgement' is present  (Root cause: com.kms.katalon.core.exception.StepFailedException: Text 'Month Duration Acknowledgement' is not present on page )
[[ATTACHMENT|D:\\Test\\AgileTest\\Reports\\mobileWeb\\stm\\20190829_080037\\1567080955461.png]]

2019-08-29 08:15:56 - [TEST_STEP][PASSED] - catch (Exception e): null

2019-08-29 08:15:56 - [TEST_STEP][PASSED] - println("no consecutive"): null

2019-08-29 08:15:56 - [TEST_STEP][PASSED] - waitForPageLoad(10): Wait for page load successfully

2019-08-29 08:15:56 - [MESSAGE][PASSED] - Wait for page load successfully

2019-08-29 08:15:56 - [TEST_STEP][PASSED] - Thread.sleep(3000): null

2019-08-29 08:15:59 - [TEST_STEP][PASSED] - waitForElementVisible(findTestObject("mobileSanity/STM/Page_App Page 1/a_Autofill App Info"), 20): Object 'Object Repository/mobileSanity/STM/Page_App Page 1/a_Autofill App Info' is visible

2019-08-29 08:15:59 - [MESSAGE][PASSED] - Object 'Object Repository/mobileSanity/STM/Page_App Page 1/a_Autofill App Info' is visible

2019-08-29 08:15:59 - [TEST_STEP][PASSED] - click(findTestObject("mobileSanity/STM/Page_App Page 1/a_Autofill App Info")): Object: 'Object Repository/mobileSanity/STM/Page_App Page 1/a_Autofill App Info' is clicked on

2019-08-29 08:15:59 - [MESSAGE][PASSED] - Object: 'Object Repository/mobileSanity/STM/Page_App Page 1/a_Autofill App Info' is clicked on

2019-08-29 08:15:59 - [TEST_STEP][PASSED] - Thread.sleep(1000): null

2019-08-29 08:16:00 - [TEST_STEP][PASSED] - click(findTestObject("mobileSanity/STM/Page_App Page 1/a_Autofill App Info")): Object: 'Object Repository/mobileSanity/STM/Page_App Page 1/a_Autofill App Info' is clicked on

2019-08-29 08:16:00 - [MESSAGE][PASSED] - Object: 'Object Repository/mobileSanity/STM/Page_App Page 1/a_Autofill App Info' is clicked on

2019-08-29 08:16:00 - [TEST_STEP][PASSED] - Thread.sleep(1000): null

2019-08-29 08:16:01 - [TEST_STEP][PASSED] - waitForElementVisible(findTestObject("mobileSanity/STM/Page_App Page 1/a_Continue"), 20): Object 'Object Repository/mobileSanity/STM/Page_App Page 1/a_Continue' is visible

2019-08-29 08:16:01 - [MESSAGE][PASSED] - Object 'Object Repository/mobileSanity/STM/Page_App Page 1/a_Continue' is visible

2019-08-29 08:16:01 - [TEST_STEP][PASSED] - click(findTestObject("mobileSanity/STM/Page_App Page 1/a_Continue")): Object: 'Object Repository/mobileSanity/STM/Page_App Page 1/a_Continue' is clicked on

2019-08-29 08:16:01 - [MESSAGE][PASSED] - Object: 'Object Repository/mobileSanity/STM/Page_App Page 1/a_Continue' is clicked on

2019-08-29 08:16:01 - [TEST_STEP][PASSED] - waitForPageLoad(20): Wait for page load successfully

2019-08-29 08:16:01 - [MESSAGE][PASSED] - Wait for page load successfully

2019-08-29 08:16:01 - [TEST_STEP][PASSED] - Thread.sleep(2000): null

2019-08-29 08:16:03 - [TEST_STEP][PASSED] - callTestCase(findTestCase("mobileWeb/_include/get_screenshot"), [:], STOP_ON_FAILURE): Call Test Case 'Test Cases/mobileWeb/_include/get_screenshot' successfully

2019-08-29 08:16:03 - [TEST_CASE][PASSED] - Test Cases/mobileWeb/_include/get_screenshot: Test Cases/mobileWeb/_include/get_screenshot

2019-08-29 08:16:03 - [TEST_STEP][PASSED] - takeScreenshot(screenPath + i + ".png"): Taking screenshot successfully

2019-08-29 08:16:04 - [MESSAGE][PASSED] - Taking screenshot successfully
[[ATTACHMENT|D:\\Test\\AgileTest\\Reports\\mobileWeb\\stm\\20190829_080037\\../Screenshots/iPhone 6/stm/Aspen/standard/7.png]]

2019-08-29 08:16:04 - [TEST_STEP][PASSED] - (internal.GlobalVariable.i++): null

2019-08-29 08:16:04 - [MESSAGE][PASSED] - Call Test Case 'Test Cases/mobileWeb/_include/get_screenshot' successfully

2019-08-29 08:16:04 - [TEST_STEP][PASSED] - click(findTestObject("mobileSanity/STM/Page_App Page 2/a_Continue to Step 3 - Payment")): Object: 'Object Repository/mobileSanity/STM/Page_App Page 2/a_Continue to Step 3 - Payment' is clicked on

2019-08-29 08:16:04 - [MESSAGE][PASSED] - Object: 'Object Repository/mobileSanity/STM/Page_App Page 2/a_Continue to Step 3 - Payment' is clicked on

2019-08-29 08:16:04 - [TEST_STEP][PASSED] - waitForPageLoad(20): Wait for page load successfully

2019-08-29 08:16:04 - [MESSAGE][PASSED] - Wait for page load successfully

2019-08-29 08:16:04 - [TEST_STEP][PASSED] - waitForElementVisible(findTestObject("mobileSanity/STM/Page_App Page 3/input__credit-card-cvv"), 20): Object 'Object Repository/mobileSanity/STM/Page_App Page 3/input__credit-card-cvv' is visible

2019-08-29 08:16:04 - [MESSAGE][PASSED] - Object 'Object Repository/mobileSanity/STM/Page_App Page 3/input__credit-card-cvv' is visible

2019-08-29 08:16:04 - [TEST_STEP][PASSED] - Thread.sleep(2000): null

2019-08-29 08:16:06 - [TEST_STEP][PASSED] - callTestCase(findTestCase("mobileWeb/_include/get_screenshot"), [:], STOP_ON_FAILURE): Call Test Case 'Test Cases/mobileWeb/_include/get_screenshot' successfully

2019-08-29 08:16:06 - [TEST_CASE][PASSED] - Test Cases/mobileWeb/_include/get_screenshot: Test Cases/mobileWeb/_include/get_screenshot

2019-08-29 08:16:06 - [TEST_STEP][PASSED] - takeScreenshot(screenPath + i + ".png"): Taking screenshot successfully

2019-08-29 08:16:07 - [MESSAGE][PASSED] - Taking screenshot successfully
[[ATTACHMENT|D:\\Test\\AgileTest\\Reports\\mobileWeb\\stm\\20190829_080037\\../Screenshots/iPhone 6/stm/Aspen/standard/8.png]]

2019-08-29 08:16:07 - [TEST_STEP][PASSED] - (internal.GlobalVariable.i++): null

2019-08-29 08:16:07 - [MESSAGE][PASSED] - Call Test Case 'Test Cases/mobileWeb/_include/get_screenshot' successfully

2019-08-29 08:16:07 - [TEST_STEP][PASSED] - clearText(findTestObject("mobileSanity/STM/Page_App Page 3/input__credit-card-cvv")): Text of object 'Object Repository/mobileSanity/STM/Page_App Page 3/input__credit-card-cvv' is cleared

2019-08-29 08:16:07 - [MESSAGE][PASSED] - Text of object 'Object Repository/mobileSanity/STM/Page_App Page 3/input__credit-card-cvv' is cleared

2019-08-29 08:16:07 - [TEST_STEP][PASSED] - setText(findTestObject("mobileSanity/STM/Page_App Page 3/input__credit-card-cvv"), "123"): Text '123' is set on object 'Object Repository/mobileSanity/STM/Page_App Page 3/input__credit-card-cvv'

2019-08-29 08:16:07 - [MESSAGE][PASSED] - Text '123' is set on object 'Object Repository/mobileSanity/STM/Page_App Page 3/input__credit-card-cvv'

2019-08-29 08:16:07 - [TEST_STEP][PASSED] - click(findTestObject("mobileSanity/STM/Page_App Page 3/label_I Accept Authorization f")): Object: 'Object Repository/mobileSanity/STM/Page_App Page 3/label_I Accept Authorization f' is clicked on

2019-08-29 08:16:08 - [MESSAGE][PASSED] - Object: 'Object Repository/mobileSanity/STM/Page_App Page 3/label_I Accept Authorization f' is clicked on

2019-08-29 08:16:08 - [TEST_STEP][PASSED] - click(findTestObject("mobileSanity/STM/Page_App Page 3/a_Continue to Step 4 - Review")): Object: 'Object Repository/mobileSanity/STM/Page_App Page 3/a_Continue to Step 4 - Review' is clicked on

2019-08-29 08:16:08 - [MESSAGE][PASSED] - Object: 'Object Repository/mobileSanity/STM/Page_App Page 3/a_Continue to Step 4 - Review' is clicked on

2019-08-29 08:16:08 - [TEST_STEP][PASSED] - waitForPageLoad(10): Wait for page load successfully

2019-08-29 08:16:08 - [MESSAGE][PASSED] - Wait for page load successfully

2019-08-29 08:16:08 - [TEST_STEP][PASSED] - waitForElementClickable(findTestObject("mobileSanity/STM/Page_App Page 4/label"), 10): Object 'Object Repository/mobileSanity/STM/Page_App Page 4/label' is clickable

2019-08-29 08:16:08 - [MESSAGE][PASSED] - Object 'Object Repository/mobileSanity/STM/Page_App Page 4/label' is clickable

2019-08-29 08:16:08 - [TEST_STEP][PASSED] - Thread.sleep(2000): null

2019-08-29 08:16:10 - [TEST_STEP][PASSED] - callTestCase(findTestCase("mobileWeb/_include/get_screenshot"), [:], STOP_ON_FAILURE): Call Test Case 'Test Cases/mobileWeb/_include/get_screenshot' successfully

2019-08-29 08:16:10 - [TEST_CASE][PASSED] - Test Cases/mobileWeb/_include/get_screenshot: Test Cases/mobileWeb/_include/get_screenshot

2019-08-29 08:16:10 - [TEST_STEP][PASSED] - takeScreenshot(screenPath + i + ".png"): Taking screenshot successfully

2019-08-29 08:16:11 - [MESSAGE][PASSED] - Taking screenshot successfully
[[ATTACHMENT|D:\\Test\\AgileTest\\Reports\\mobileWeb\\stm\\20190829_080037\\../Screenshots/iPhone 6/stm/Aspen/standard/9.png]]

2019-08-29 08:16:11 - [TEST_STEP][PASSED] - (internal.GlobalVariable.i++): null

2019-08-29 08:16:11 - [MESSAGE][PASSED] - Call Test Case 'Test Cases/mobileWeb/_include/get_screenshot' successfully

2019-08-29 08:16:11 - [TEST_STEP][PASSED] - click(findTestObject("mobileSanity/STM/Page_App Page 4/label")): Object: 'Object Repository/mobileSanity/STM/Page_App Page 4/label' is clicked on

2019-08-29 08:16:11 - [MESSAGE][PASSED] - Object: 'Object Repository/mobileSanity/STM/Page_App Page 4/label' is clicked on

2019-08-29 08:16:11 - [TEST_STEP][PASSED] - click(findTestObject("mobileSanity/STM/Page_App Page 4/div_CLICK TO SIGN")): Object: 'Object Repository/mobileSanity/STM/Page_App Page 4/div_CLICK TO SIGN' is clicked on

2019-08-29 08:16:11 - [MESSAGE][PASSED] - Object: 'Object Repository/mobileSanity/STM/Page_App Page 4/div_CLICK TO SIGN' is clicked on

2019-08-29 08:16:11 - [TEST_STEP][PASSED] - click(findTestObject("mobileSanity/STM/Page_App Page 4/a_Submit Your Application")): Object: 'Object Repository/mobileSanity/STM/Page_App Page 4/a_Submit Your Application' is clicked on

2019-08-29 08:16:11 - [MESSAGE][PASSED] - Object: 'Object Repository/mobileSanity/STM/Page_App Page 4/a_Submit Your Application' is clicked on

2019-08-29 08:16:11 - [TEST_STEP][PASSED] - Thread.sleep(30000): null

2019-08-29 08:16:41 - [TEST_STEP][PASSED] - callTestCase(findTestCase("mobileWeb/_include/get_screenshot"), [:], STOP_ON_FAILURE): Call Test Case 'Test Cases/mobileWeb/_include/get_screenshot' successfully

2019-08-29 08:16:41 - [TEST_CASE][PASSED] - Test Cases/mobileWeb/_include/get_screenshot: Test Cases/mobileWeb/_include/get_screenshot

2019-08-29 08:16:41 - [TEST_STEP][PASSED] - takeScreenshot(screenPath + i + ".png"): Taking screenshot successfully

2019-08-29 08:16:41 - [MESSAGE][PASSED] - Taking screenshot successfully
[[ATTACHMENT|D:\\Test\\AgileTest\\Reports\\mobileWeb\\stm\\20190829_080037\\../Screenshots/iPhone 6/stm/Aspen/standard/10.png]]

2019-08-29 08:16:41 - [TEST_STEP][PASSED] - (internal.GlobalVariable.i++): null

2019-08-29 08:16:41 - [MESSAGE][PASSED] - Call Test Case 'Test Cases/mobileWeb/_include/get_screenshot' successfully

2019-08-29 08:16:41 - [TEST_STEP][PASSED] - waitForElementPresent(findTestObject("mobileSanity/STM/Page_App Page 6/span_planName"), 30): Object 'Object Repository/mobileSanity/STM/Page_App Page 6/span_planName' is present

2019-08-29 08:16:41 - [MESSAGE][PASSED] - Object 'Object Repository/mobileSanity/STM/Page_App Page 6/span_planName' is present

2019-08-29 08:16:41 - [TEST_STEP][PASSED] - verifyElementPresent(findTestObject("mobileSanity/STM/Page_App Page 6/span_planName"), 20): Object 'Object Repository/mobileSanity/STM/Page_App Page 6/span_planName' is present

2019-08-29 08:16:41 - [MESSAGE][PASSED] - Object 'Object Repository/mobileSanity/STM/Page_App Page 6/span_planName' is present

2019-08-29 08:16:41 - [TEST_STEP][PASSED] - verifyElementPresent(findTestObject("mobileSanity/STM/Page_App Page 6/span_approved"), 20): Object 'Object Repository/mobileSanity/STM/Page_App Page 6/span_approved' is present

2019-08-29 08:16:41 - [MESSAGE][PASSED] - Object 'Object Repository/mobileSanity/STM/Page_App Page 6/span_approved' is present

2019-08-29 08:16:41 - [MESSAGE][PASSED] - Call Test Case 'Test Cases/mobileWeb/_include/goToEnd_stm_autofill' successfully]]></system-out>
         <system-err><![CDATA[]]></system-err>
      </testcase>
      <system-out><![CDATA[2019-08-29 08:03:08 - [TEST_SUITE][FAILED] - stm: Test Cases/mobileWeb/stm/NationalGeneral FAILED.
Reason:
com.kms.katalon.core.exception.StepFailedException: Unable to verify object 'Object Repository/mobileSanity/STM/Page_App Page 6/span_planName' is present (Root cause: com.kms.katalon.core.exception.StepFailedException: com.kms.katalon.core.webui.exception.WebElementNotFoundException: Web element with id: 'Object Repository/mobileSanity/STM/Page_App Page 6/span_planName' located by 'By.xpath: id("js-app-confirmation")/div[@class="app-confirmation-main"]/div[@class="app-confirmation-container"]/p[@class="reset"]/span[@class="emphasize"]' not found)
	at com.kms.katalon.core.keyword.internal.KeywordMain.stepFailed(KeywordMain.groovy:36)
	at com.kms.katalon.core.webui.keyword.internal.WebUIKeywordMain.stepFailed(WebUIKeywordMain.groovy:65)
	at com.kms.katalon.core.webui.keyword.internal.WebUIKeywordMain.runKeyword(WebUIKeywordMain.groovy:27)
	at com.kms.katalon.core.webui.keyword.builtin.VerifyElementPresentKeyword.verifyElementPresent(VerifyElementPresentKeyword.groovy:92)
	at com.kms.katalon.core.webui.keyword.builtin.VerifyElementPresentKeyword.execute(VerifyElementPresentKeyword.groovy:68)
	at com.kms.katalon.core.keyword.internal.KeywordExecutor.executeKeywordForPlatform(KeywordExecutor.groovy:53)
	at com.kms.katalon.core.webui.keyword.WebUiBuiltInKeywords.verifyElementPresent(WebUiBuiltInKeywords.groovy:1434)
	at com.kms.katalon.core.webui.keyword.WebUiBuiltInKeywords$verifyElementPresent$12.call(Unknown Source)
	at goToEnd_stm_autofill.run(goToEnd_stm_autofill:99)
	at com.kms.katalon.core.main.ScriptEngine.run(ScriptEngine.java:194)
	at com.kms.katalon.core.main.ScriptEngine.runScriptAsRawText(ScriptEngine.java:119)
	at com.kms.katalon.core.main.TestCaseExecutor.runScript(TestCaseExecutor.java:328)
	at com.kms.katalon.core.main.TestCaseExecutor.doExecute(TestCaseExecutor.java:319)
	at com.kms.katalon.core.main.TestCaseExecutor.processExecutionPhase(TestCaseExecutor.java:298)
	at com.kms.katalon.core.main.TestCaseExecutor.accessMainPhase(TestCaseExecutor.java:290)
	at com.kms.katalon.core.main.TestCaseExecutor.execute(TestCaseExecutor.java:224)
	at com.kms.katalon.core.main.TestCaseMain.runTestCase(TestCaseMain.java:106)
	at com.kms.katalon.core.keyword.builtin.CallTestCaseKeyword$_callTestCase_closure1.doCall(CallTestCaseKeyword.groovy:59)
	at com.kms.katalon.core.keyword.builtin.CallTestCaseKeyword$_callTestCase_closure1.call(CallTestCaseKeyword.groovy)
	at com.kms.katalon.core.keyword.internal.KeywordMain.runKeyword(KeywordMain.groovy:54)
	at com.kms.katalon.core.keyword.builtin.CallTestCaseKeyword.callTestCase(CallTestCaseKeyword.groovy:80)
	at com.kms.katalon.core.keyword.builtin.CallTestCaseKeyword.execute(CallTestCaseKeyword.groovy:44)
	at com.kms.katalon.core.keyword.internal.KeywordExecutor.executeKeywordForPlatform(KeywordExecutor.groovy:53)
	at com.kms.katalon.core.keyword.BuiltinKeywords.callTestCase(BuiltinKeywords.groovy:334)
	at NationalGeneral.run(NationalGeneral:31)
	at com.kms.katalon.core.main.ScriptEngine.run(ScriptEngine.java:194)
	at com.kms.katalon.core.main.ScriptEngine.runScriptAsRawText(ScriptEngine.java:119)
	at com.kms.katalon.core.main.TestCaseExecutor.runScript(TestCaseExecutor.java:328)
	at com.kms.katalon.core.main.TestCaseExecutor.doExecute(TestCaseExecutor.java:319)
	at com.kms.katalon.core.main.TestCaseExecutor.processExecutionPhase(TestCaseExecutor.java:298)
	at com.kms.katalon.core.main.TestCaseExecutor.accessMainPhase(TestCaseExecutor.java:290)
	at com.kms.katalon.core.main.TestCaseExecutor.execute(TestCaseExecutor.java:224)
	at com.kms.katalon.core.main.TestSuiteExecutor.accessTestCaseMainPhase(TestSuiteExecutor.java:129)
	at com.kms.katalon.core.main.TestSuiteExecutor.accessTestSuiteMainPhase(TestSuiteExecutor.java:112)
	at com.kms.katalon.core.main.TestSuiteExecutor.execute(TestSuiteExecutor.java:81)
	at com.kms.katalon.core.main.TestCaseMain.startTestSuite(TestCaseMain.java:149)
	at com.kms.katalon.core.main.TestCaseMain$startTestSuite$0.call(Unknown Source)
	at TempTestSuite1567080037356.run(TempTestSuite1567080037356.groovy:36)]]></system-out>
      <system-err><![CDATA[2019-08-29 08:03:08 - [TEST_SUITE][FAILED] - stm: Test Cases/mobileWeb/stm/NationalGeneral FAILED.
Reason:
com.kms.katalon.core.exception.StepFailedException: Unable to verify object 'Object Repository/mobileSanity/STM/Page_App Page 6/span_planName' is present (Root cause: com.kms.katalon.core.exception.StepFailedException: com.kms.katalon.core.webui.exception.WebElementNotFoundException: Web element with id: 'Object Repository/mobileSanity/STM/Page_App Page 6/span_planName' located by 'By.xpath: id("js-app-confirmation")/div[@class="app-confirmation-main"]/div[@class="app-confirmation-container"]/p[@class="reset"]/span[@class="emphasize"]' not found)
	at com.kms.katalon.core.keyword.internal.KeywordMain.stepFailed(KeywordMain.groovy:36)
	at com.kms.katalon.core.webui.keyword.internal.WebUIKeywordMain.stepFailed(WebUIKeywordMain.groovy:65)
	at com.kms.katalon.core.webui.keyword.internal.WebUIKeywordMain.runKeyword(WebUIKeywordMain.groovy:27)
	at com.kms.katalon.core.webui.keyword.builtin.VerifyElementPresentKeyword.verifyElementPresent(VerifyElementPresentKeyword.groovy:92)
	at com.kms.katalon.core.webui.keyword.builtin.VerifyElementPresentKeyword.execute(VerifyElementPresentKeyword.groovy:68)
	at com.kms.katalon.core.keyword.internal.KeywordExecutor.executeKeywordForPlatform(KeywordExecutor.groovy:53)
	at com.kms.katalon.core.webui.keyword.WebUiBuiltInKeywords.verifyElementPresent(WebUiBuiltInKeywords.groovy:1434)
	at com.kms.katalon.core.webui.keyword.WebUiBuiltInKeywords$verifyElementPresent$12.call(Unknown Source)
	at goToEnd_stm_autofill.run(goToEnd_stm_autofill:99)
	at com.kms.katalon.core.main.ScriptEngine.run(ScriptEngine.java:194)
	at com.kms.katalon.core.main.ScriptEngine.runScriptAsRawText(ScriptEngine.java:119)
	at com.kms.katalon.core.main.TestCaseExecutor.runScript(TestCaseExecutor.java:328)
	at com.kms.katalon.core.main.TestCaseExecutor.doExecute(TestCaseExecutor.java:319)
	at com.kms.katalon.core.main.TestCaseExecutor.processExecutionPhase(TestCaseExecutor.java:298)
	at com.kms.katalon.core.main.TestCaseExecutor.accessMainPhase(TestCaseExecutor.java:290)
	at com.kms.katalon.core.main.TestCaseExecutor.execute(TestCaseExecutor.java:224)
	at com.kms.katalon.core.main.TestCaseMain.runTestCase(TestCaseMain.java:106)
	at com.kms.katalon.core.keyword.builtin.CallTestCaseKeyword$_callTestCase_closure1.doCall(CallTestCaseKeyword.groovy:59)
	at com.kms.katalon.core.keyword.builtin.CallTestCaseKeyword$_callTestCase_closure1.call(CallTestCaseKeyword.groovy)
	at com.kms.katalon.core.keyword.internal.KeywordMain.runKeyword(KeywordMain.groovy:54)
	at com.kms.katalon.core.keyword.builtin.CallTestCaseKeyword.callTestCase(CallTestCaseKeyword.groovy:80)
	at com.kms.katalon.core.keyword.builtin.CallTestCaseKeyword.execute(CallTestCaseKeyword.groovy:44)
	at com.kms.katalon.core.keyword.internal.KeywordExecutor.executeKeywordForPlatform(KeywordExecutor.groovy:53)
	at com.kms.katalon.core.keyword.BuiltinKeywords.callTestCase(BuiltinKeywords.groovy:334)
	at NationalGeneral.run(NationalGeneral:31)
	at com.kms.katalon.core.main.ScriptEngine.run(ScriptEngine.java:194)
	at com.kms.katalon.core.main.ScriptEngine.runScriptAsRawText(ScriptEngine.java:119)
	at com.kms.katalon.core.main.TestCaseExecutor.runScript(TestCaseExecutor.java:328)
	at com.kms.katalon.core.main.TestCaseExecutor.doExecute(TestCaseExecutor.java:319)
	at com.kms.katalon.core.main.TestCaseExecutor.processExecutionPhase(TestCaseExecutor.java:298)
	at com.kms.katalon.core.main.TestCaseExecutor.accessMainPhase(TestCaseExecutor.java:290)
	at com.kms.katalon.core.main.TestCaseExecutor.execute(TestCaseExecutor.java:224)
	at com.kms.katalon.core.main.TestSuiteExecutor.accessTestCaseMainPhase(TestSuiteExecutor.java:129)
	at com.kms.katalon.core.main.TestSuiteExecutor.accessTestSuiteMainPhase(TestSuiteExecutor.java:112)
	at com.kms.katalon.core.main.TestSuiteExecutor.execute(TestSuiteExecutor.java:81)
	at com.kms.katalon.core.main.TestCaseMain.startTestSuite(TestCaseMain.java:149)
	at com.kms.katalon.core.main.TestCaseMain$startTestSuite$0.call(Unknown Source)
	at TempTestSuite1567080037356.run(TempTestSuite1567080037356.groovy:36)]]></system-err>
   </testsuite>
</testsuites>
