<?xml version="1.0" encoding="UTF-8"?>
<testsuites name="hic" time="322" tests="3" failures="0" errors="5">
   <testsuite name="hic" tests="3" failures="0" errors="5" time="322" timestamp="2020-03-10 08:00:39" hostname="Administrator - 172.30.0.53" id="Test Suites/HIC/hic">
      <properties>
         <property name="deviceName" value=""/>
         <property name="devicePlatform" value=""/>
         <property name="logFolder" value="D:\\Test\\AgileTest\\Reports\\HIC\\hic\\20200310_080033"/>
         <property name="logFiles" value="D:\\Test\\AgileTest\\Reports\\HIC\\hic\\20200310_080033\\execution0.log"/>
         <property name="attachments" value="D:\\Test\\AgileTest\\Reports\\HIC\\hic\\20200310_080033\\../Screenshots/iPhone 6/HIC/ACA/ACA/20200310_080046/0.png, D:\\Test\\AgileTest\\Reports\\HIC\\hic\\20200310_080033\\../Screenshots/iPhone 6/HIC/Cancer/Cancer/20200310_080104/0.png, D:\\Test\\AgileTest\\Reports\\HIC\\hic\\20200310_080033\\../Screenshots/iPhone 6/HIC/Dental/USA Access/20200310_080124/0.png, D:\\Test\\AgileTest\\Reports\\HIC\\hic\\20200310_080033\\../Screenshots/iPhone 6/HIC/HBI/HBI/20200310_080144/0.png, D:\\Test\\AgileTest\\Reports\\HIC\\hic\\20200310_080033\\../Screenshots/iPhone 6/HIC/Medicare/Medicare/20200310_080153/0.png, D:\\Test\\AgileTest\\Reports\\HIC\\hic\\20200310_080033\\../Screenshots/iPhone 6/HIC/Pet/Pet/20200310_080202/0.png, D:\\Test\\AgileTest\\Reports\\HIC\\hic\\20200310_080033\\../Screenshots/iPhone 6/HIC/Pet/Pet/20200310_080202/1.png, D:\\Test\\AgileTest\\Reports\\HIC\\hic\\20200310_080033\\../Screenshots/iPhone 6/HIC/Pet/Pet/20200310_080202/2.png, D:\\Test\\AgileTest\\Reports\\HIC\\hic\\20200310_080033\\../Screenshots/iPhone 6/HIC/Pet/Pet/20200310_080202/3.png, D:\\Test\\AgileTest\\Reports\\HIC\\hic\\20200310_080033\\../Screenshots/iPhone 6/HIC/Pet/Pet/20200310_080202/4.png, D:\\Test\\AgileTest\\Reports\\HIC\\hic\\20200310_080033\\../Screenshots/iPhone 6/HIC/Pet/Pet/20200310_080202/5.png, D:\\Test\\AgileTest\\Reports\\HIC\\hic\\20200310_080033\\../Screenshots/iPhone 6/HIC/Pet/Pet/20200310_080202/6.png, D:\\Test\\AgileTest\\Reports\\HIC\\hic\\20200310_080033\\../Screenshots/iPhone 6/HIC/Pet/Pet/20200310_080202/7.png, D:\\Test\\AgileTest\\Reports\\HIC\\hic\\20200310_080033\\../Screenshots/iPhone 6/HIC/Pet/Pet/20200310_080202/8.png, D:\\Test\\AgileTest\\Reports\\HIC\\hic\\20200310_080033\\../Screenshots/iPhone 6/HIC/Pet/Pet/20200310_080202/9.png, D:\\Test\\AgileTest\\Reports\\HIC\\hic\\20200310_080033\\../Screenshots/iPhone 6/HIC/Pet/Pet/20200310_080202/10.png, D:\\Test\\AgileTest\\Reports\\HIC\\hic\\20200310_080033\\../Screenshots/iPhone 6/HIC/STM/STM/20200310_080337/0.png, D:\\Test\\AgileTest\\Reports\\HIC\\hic\\20200310_080033\\../Screenshots/iPhone 6/HIC/STM/STM/20200310_080337/1.png, D:\\Test\\AgileTest\\Reports\\HIC\\hic\\20200310_080033\\../Screenshots/iPhone 6/HIC/STM/STM/20200310_080337/2.png, D:\\Test\\AgileTest\\Reports\\HIC\\hic\\20200310_080033\\../Screenshots/iPhone 6/HIC/Teladoc/Teladoc/20200310_080359/0.png, D:\\Test\\AgileTest\\Reports\\HIC\\hic\\20200310_080033\\../Screenshots/iPhone 6/HIC/Teladoc/Teladoc/20200310_080359/1.png, D:\\Test\\AgileTest\\Reports\\HIC\\hic\\20200310_080033\\../Screenshots/iPhone 6/HIC/Teladoc/Teladoc/20200310_080359/2.png, D:\\Test\\AgileTest\\Reports\\HIC\\hic\\20200310_080033\\../Screenshots/iPhone 6/HIC/Teladoc/Teladoc/20200310_080359/3.png, D:\\Test\\AgileTest\\Reports\\HIC\\hic\\20200310_080033\\../Screenshots/iPhone 6/HIC/Teladoc/Teladoc/20200310_080359/4.png, D:\\Test\\AgileTest\\Reports\\HIC\\hic\\20200310_080033\\../Screenshots/iPhone 6/HIC/Teladoc/Teladoc/20200310_080359/5.png, D:\\Test\\AgileTest\\Reports\\HIC\\hic\\20200310_080033\\../Screenshots/iPhone 6/HIC/Teladoc/Teladoc/20200310_080359/6.png, D:\\Test\\AgileTest\\Reports\\HIC\\hic\\20200310_080033\\../Screenshots/iPhone 6/HIC/Teladoc/Teladoc/20200310_080359/7.png"/>
         <property name="hostName" value="Administrator - 172.30.0.53"/>
         <property name="os" value="Windows Server 2012 R2 64bit"/>
         <property name="katalonVersion" value="5.10.1.1"/>
         <property name="browser" value="Safari 11"/>
         <property name="hostAddress" value="172.30.0.53"/>
         <property name="sessionId" value="cf04ef914839ba0a3bf1ff41a1dd38c5"/>
         <property name="seleniumVersion" value="3.7.1"/>
         <property name="proxyInformation" value="ProxyInformation{proxyOption=NO_PROXY, proxyServerType=HTTP, password=, proxyServerAddress=, proxyServerPort=0}"/>
         <property name="platform" value="Windows Server 2012 R2"/>
      </properties>
      <testcase name="Test Cases/HIC/New/ACA" classname="Test Cases/HIC/New/ACA" status="ERROR">
         <error type="ERROR" message="Test Cases/HIC/New/ACA FAILED.
Reason:
com.thoughtworks.selenium.SeleniumException: unknown error: Element &lt;button type=&quot;button&quot; class=&quot;Common__DefaultButton-r4giz5-1 Common__JumboButton-r4giz5-2 SubmitButton-nmdtlk-0 ProductDropDown__CTAButton-trye76-5 jeXAtY btn btn-primary&quot;>...&lt;/button> is not clickable at point (187, 606). Other element would receive the click: &lt;div class=&quot;pages__PhoneCtaResponsive-sc-1dmd8vs-30 hzFEeU&quot;>...&lt;/div>
  (Session info: chrome=80.0.3987.132)
  (Driver info: chromedriver=2.43.600210 (68dcf5eebde37173d4027fa8635e332711d2874a),platform=Windows NT 6.3.9600 x86_64) (WARNING: The server did not provide any stacktrace information)
Command duration or timeout: 0 milliseconds
Build info: version: '3.7.1', revision: '8a0099a', time: '2017-11-06T21:07:36.161Z'
System info: host: 'WIN-U215233FMVE', ip: '172.30.0.53', os.name: 'Windows Server 2012 R2', os.arch: 'amd64', os.version: '6.3', java.version: '1.8.0_181'
Driver info: com.kms.katalon.selenium.driver.CChromeDriver
Capabilities {acceptInsecureCerts: false, acceptSslCerts: false, applicationCacheEnabled: false, browserConnectionEnabled: false, browserName: chrome, chrome: {chromedriverVersion: 2.43.600210 (68dcf5eebde371..., userDataDir: C:\Users\ADMINI~1\AppData\L...}, cssSelectorsEnabled: true, databaseEnabled: false, goog:chromeOptions: {debuggerAddress: localhost:52303}, handlesAlerts: true, hasTouchScreen: true, javascriptEnabled: true, locationContextEnabled: true, mobileEmulationEnabled: true, nativeEvents: true, networkConnectionEnabled: false, pageLoadStrategy: normal, platform: XP, platformName: XP, rotatable: false, setWindowRect: true, takesHeapSnapshot: true, takesScreenshot: true, unexpectedAlertBehaviour: , unhandledPromptBehavior: , version: 80.0.3987.132, webStorageEnabled: true}
Session ID: fbcddd9f125dc901c57f1a87693635a3
	at com.thoughtworks.selenium.webdriven.SeleneseCommand.apply(SeleneseCommand.java:45)
	at com.thoughtworks.selenium.webdriven.Timer.run(Timer.java:41)
	at com.thoughtworks.selenium.webdriven.WebDriverCommandProcessor.execute(WebDriverCommandProcessor.java:150)
	at com.thoughtworks.selenium.webdriven.WebDriverCommandProcessor.doCommand(WebDriverCommandProcessor.java:76)
	at com.thoughtworks.selenium.DefaultSelenium.click(DefaultSelenium.java:198)
	at com.thoughtworks.selenium.Selenium$click.call(Unknown Source)
	at ACA.run(ACA:39)
	at com.kms.katalon.core.main.ScriptEngine.run(ScriptEngine.java:194)
	at com.kms.katalon.core.main.ScriptEngine.runScriptAsRawText(ScriptEngine.java:119)
	at com.kms.katalon.core.main.TestCaseExecutor.runScript(TestCaseExecutor.java:328)
	at com.kms.katalon.core.main.TestCaseExecutor.doExecute(TestCaseExecutor.java:319)
	at com.kms.katalon.core.main.TestCaseExecutor.processExecutionPhase(TestCaseExecutor.java:298)
	at com.kms.katalon.core.main.TestCaseExecutor.accessMainPhase(TestCaseExecutor.java:290)
	at com.kms.katalon.core.main.TestCaseExecutor.execute(TestCaseExecutor.java:224)
	at com.kms.katalon.core.main.TestSuiteExecutor.accessTestCaseMainPhase(TestSuiteExecutor.java:129)
	at com.kms.katalon.core.main.TestSuiteExecutor.accessTestSuiteMainPhase(TestSuiteExecutor.java:112)
	at com.kms.katalon.core.main.TestSuiteExecutor.execute(TestSuiteExecutor.java:81)
	at com.kms.katalon.core.main.TestCaseMain.startTestSuite(TestCaseMain.java:149)
	at com.kms.katalon.core.main.TestCaseMain$startTestSuite$0.call(Unknown Source)
	at TempTestSuite1583841633899.run(TempTestSuite1583841633899.groovy:36)
Caused by: org.openqa.selenium.WebDriverException: unknown error: Element &lt;button type=&quot;button&quot; class=&quot;Common__DefaultButton-r4giz5-1 Common__JumboButton-r4giz5-2 SubmitButton-nmdtlk-0 ProductDropDown__CTAButton-trye76-5 jeXAtY btn btn-primary&quot;>...&lt;/button> is not clickable at point (187, 606). Other element would receive the click: &lt;div class=&quot;pages__PhoneCtaResponsive-sc-1dmd8vs-30 hzFEeU&quot;>...&lt;/div>
  (Session info: chrome=80.0.3987.132)
  (Driver info: chromedriver=2.43.600210 (68dcf5eebde37173d4027fa8635e332711d2874a),platform=Windows NT 6.3.9600 x86_64) (WARNING: The server did not provide any stacktrace information)
Command duration or timeout: 0 milliseconds
Build info: version: '3.7.1', revision: '8a0099a', time: '2017-11-06T21:07:36.161Z'
System info: host: 'WIN-U215233FMVE', ip: '172.30.0.53', os.name: 'Windows Server 2012 R2', os.arch: 'amd64', os.version: '6.3', java.version: '1.8.0_181'
Driver info: com.kms.katalon.selenium.driver.CChromeDriver
Capabilities {acceptInsecureCerts: false, acceptSslCerts: false, applicationCacheEnabled: false, browserConnectionEnabled: false, browserName: chrome, chrome: {chromedriverVersion: 2.43.600210 (68dcf5eebde371..., userDataDir: C:\Users\ADMINI~1\AppData\L...}, cssSelectorsEnabled: true, databaseEnabled: false, goog:chromeOptions: {debuggerAddress: localhost:52303}, handlesAlerts: true, hasTouchScreen: true, javascriptEnabled: true, locationContextEnabled: true, mobileEmulationEnabled: true, nativeEvents: true, networkConnectionEnabled: false, pageLoadStrategy: normal, platform: XP, platformName: XP, rotatable: false, setWindowRect: true, takesHeapSnapshot: true, takesScreenshot: true, unexpectedAlertBehaviour: , unhandledPromptBehavior: , version: 80.0.3987.132, webStorageEnabled: true}
Session ID: fbcddd9f125dc901c57f1a87693635a3
	at org.openqa.selenium.remote.ErrorHandler.createThrowable(ErrorHandler.java:214)
	at org.openqa.selenium.remote.ErrorHandler.throwIfResponseFailed(ErrorHandler.java:166)
	at org.openqa.selenium.remote.http.JsonHttpResponseCodec.reconstructValue(JsonHttpResponseCodec.java:40)
	at org.openqa.selenium.remote.http.AbstractHttpResponseCodec.decode(AbstractHttpResponseCodec.java:80)
	at org.openqa.selenium.remote.http.AbstractHttpResponseCodec.decode(AbstractHttpResponseCodec.java:44)
	at org.openqa.selenium.remote.HttpCommandExecutor.execute(HttpCommandExecutor.java:164)
	at org.openqa.selenium.remote.service.DriverCommandExecutor.execute(DriverCommandExecutor.java:83)
	at org.openqa.selenium.remote.RemoteWebDriver.execute(RemoteWebDriver.java:600)
	at com.kms.katalon.selenium.driver.CChromeDriver.execute(CChromeDriver.java:20)
	at org.openqa.selenium.remote.RemoteWebElement.execute(RemoteWebElement.java:279)
	at org.openqa.selenium.remote.RemoteWebElement.click(RemoteWebElement.java:83)
	at com.thoughtworks.selenium.webdriven.commands.Click.handleSeleneseCommand(Click.java:40)
	at com.thoughtworks.selenium.webdriven.commands.Click.handleSeleneseCommand(Click.java:26)
	at com.thoughtworks.selenium.webdriven.SeleneseCommand.apply(SeleneseCommand.java:36)
	at com.thoughtworks.selenium.webdriven.Timer.run(Timer.java:41)
	at com.thoughtworks.selenium.webdriven.WebDriverCommandProcessor.execute(WebDriverCommandProcessor.java:150)
	at com.thoughtworks.selenium.webdriven.WebDriverCommandProcessor.doCommand(WebDriverCommandProcessor.java:76)
	at com.thoughtworks.selenium.DefaultSelenium.click(DefaultSelenium.java:198)
	at com.thoughtworks.selenium.Selenium$click.call(Unknown Source)
	at Script1583723920815.run(Script1583723920815.groovy:39)
	... 13 more
"/>
         <system-out><![CDATA[2020-03-10 08:00:40 - [TEST_CASE][ERROR] - Test Cases/HIC/New/ACA: Test Cases/HIC/New/ACA FAILED.
Reason:
com.thoughtworks.selenium.SeleniumException: unknown error: Element <button type="button" class="Common__DefaultButton-r4giz5-1 Common__JumboButton-r4giz5-2 SubmitButton-nmdtlk-0 ProductDropDown__CTAButton-trye76-5 jeXAtY btn btn-primary">...</button> is not clickable at point (187, 606). Other element would receive the click: <div class="pages__PhoneCtaResponsive-sc-1dmd8vs-30 hzFEeU">...</div>
  (Session info: chrome=80.0.3987.132)
  (Driver info: chromedriver=2.43.600210 (68dcf5eebde37173d4027fa8635e332711d2874a),platform=Windows NT 6.3.9600 x86_64) (WARNING: The server did not provide any stacktrace information)
Command duration or timeout: 0 milliseconds
Build info: version: '3.7.1', revision: '8a0099a', time: '2017-11-06T21:07:36.161Z'
System info: host: 'WIN-U215233FMVE', ip: '172.30.0.53', os.name: 'Windows Server 2012 R2', os.arch: 'amd64', os.version: '6.3', java.version: '1.8.0_181'
Driver info: com.kms.katalon.selenium.driver.CChromeDriver
Capabilities {acceptInsecureCerts: false, acceptSslCerts: false, applicationCacheEnabled: false, browserConnectionEnabled: false, browserName: chrome, chrome: {chromedriverVersion: 2.43.600210 (68dcf5eebde371..., userDataDir: C:\Users\ADMINI~1\AppData\L...}, cssSelectorsEnabled: true, databaseEnabled: false, goog:chromeOptions: {debuggerAddress: localhost:52303}, handlesAlerts: true, hasTouchScreen: true, javascriptEnabled: true, locationContextEnabled: true, mobileEmulationEnabled: true, nativeEvents: true, networkConnectionEnabled: false, pageLoadStrategy: normal, platform: XP, platformName: XP, rotatable: false, setWindowRect: true, takesHeapSnapshot: true, takesScreenshot: true, unexpectedAlertBehaviour: , unhandledPromptBehavior: , version: 80.0.3987.132, webStorageEnabled: true}
Session ID: fbcddd9f125dc901c57f1a87693635a3
	at com.thoughtworks.selenium.webdriven.SeleneseCommand.apply(SeleneseCommand.java:45)
	at com.thoughtworks.selenium.webdriven.Timer.run(Timer.java:41)
	at com.thoughtworks.selenium.webdriven.WebDriverCommandProcessor.execute(WebDriverCommandProcessor.java:150)
	at com.thoughtworks.selenium.webdriven.WebDriverCommandProcessor.doCommand(WebDriverCommandProcessor.java:76)
	at com.thoughtworks.selenium.DefaultSelenium.click(DefaultSelenium.java:198)
	at com.thoughtworks.selenium.Selenium$click.call(Unknown Source)
	at ACA.run(ACA:39)
	at com.kms.katalon.core.main.ScriptEngine.run(ScriptEngine.java:194)
	at com.kms.katalon.core.main.ScriptEngine.runScriptAsRawText(ScriptEngine.java:119)
	at com.kms.katalon.core.main.TestCaseExecutor.runScript(TestCaseExecutor.java:328)
	at com.kms.katalon.core.main.TestCaseExecutor.doExecute(TestCaseExecutor.java:319)
	at com.kms.katalon.core.main.TestCaseExecutor.processExecutionPhase(TestCaseExecutor.java:298)
	at com.kms.katalon.core.main.TestCaseExecutor.accessMainPhase(TestCaseExecutor.java:290)
	at com.kms.katalon.core.main.TestCaseExecutor.execute(TestCaseExecutor.java:224)
	at com.kms.katalon.core.main.TestSuiteExecutor.accessTestCaseMainPhase(TestSuiteExecutor.java:129)
	at com.kms.katalon.core.main.TestSuiteExecutor.accessTestSuiteMainPhase(TestSuiteExecutor.java:112)
	at com.kms.katalon.core.main.TestSuiteExecutor.execute(TestSuiteExecutor.java:81)
	at com.kms.katalon.core.main.TestCaseMain.startTestSuite(TestCaseMain.java:149)
	at com.kms.katalon.core.main.TestCaseMain$startTestSuite$0.call(Unknown Source)
	at TempTestSuite1583841633899.run(TempTestSuite1583841633899.groovy:36)
Caused by: org.openqa.selenium.WebDriverException: unknown error: Element <button type="button" class="Common__DefaultButton-r4giz5-1 Common__JumboButton-r4giz5-2 SubmitButton-nmdtlk-0 ProductDropDown__CTAButton-trye76-5 jeXAtY btn btn-primary">...</button> is not clickable at point (187, 606). Other element would receive the click: <div class="pages__PhoneCtaResponsive-sc-1dmd8vs-30 hzFEeU">...</div>
  (Session info: chrome=80.0.3987.132)
  (Driver info: chromedriver=2.43.600210 (68dcf5eebde37173d4027fa8635e332711d2874a),platform=Windows NT 6.3.9600 x86_64) (WARNING: The server did not provide any stacktrace information)
Command duration or timeout: 0 milliseconds
Build info: version: '3.7.1', revision: '8a0099a', time: '2017-11-06T21:07:36.161Z'
System info: host: 'WIN-U215233FMVE', ip: '172.30.0.53', os.name: 'Windows Server 2012 R2', os.arch: 'amd64', os.version: '6.3', java.version: '1.8.0_181'
Driver info: com.kms.katalon.selenium.driver.CChromeDriver
Capabilities {acceptInsecureCerts: false, acceptSslCerts: false, applicationCacheEnabled: false, browserConnectionEnabled: false, browserName: chrome, chrome: {chromedriverVersion: 2.43.600210 (68dcf5eebde371..., userDataDir: C:\Users\ADMINI~1\AppData\L...}, cssSelectorsEnabled: true, databaseEnabled: false, goog:chromeOptions: {debuggerAddress: localhost:52303}, handlesAlerts: true, hasTouchScreen: true, javascriptEnabled: true, locationContextEnabled: true, mobileEmulationEnabled: true, nativeEvents: true, networkConnectionEnabled: false, pageLoadStrategy: normal, platform: XP, platformName: XP, rotatable: false, setWindowRect: true, takesHeapSnapshot: true, takesScreenshot: true, unexpectedAlertBehaviour: , unhandledPromptBehavior: , version: 80.0.3987.132, webStorageEnabled: true}
Session ID: fbcddd9f125dc901c57f1a87693635a3
	at org.openqa.selenium.remote.ErrorHandler.createThrowable(ErrorHandler.java:214)
	at org.openqa.selenium.remote.ErrorHandler.throwIfResponseFailed(ErrorHandler.java:166)
	at org.openqa.selenium.remote.http.JsonHttpResponseCodec.reconstructValue(JsonHttpResponseCodec.java:40)
	at org.openqa.selenium.remote.http.AbstractHttpResponseCodec.decode(AbstractHttpResponseCodec.java:80)
	at org.openqa.selenium.remote.http.AbstractHttpResponseCodec.decode(AbstractHttpResponseCodec.java:44)
	at org.openqa.selenium.remote.HttpCommandExecutor.execute(HttpCommandExecutor.java:164)
	at org.openqa.selenium.remote.service.DriverCommandExecutor.execute(DriverCommandExecutor.java:83)
	at org.openqa.selenium.remote.RemoteWebDriver.execute(RemoteWebDriver.java:600)
	at com.kms.katalon.selenium.driver.CChromeDriver.execute(CChromeDriver.java:20)
	at org.openqa.selenium.remote.RemoteWebElement.execute(RemoteWebElement.java:279)
	at org.openqa.selenium.remote.RemoteWebElement.click(RemoteWebElement.java:83)
	at com.thoughtworks.selenium.webdriven.commands.Click.handleSeleneseCommand(Click.java:40)
	at com.thoughtworks.selenium.webdriven.commands.Click.handleSeleneseCommand(Click.java:26)
	at com.thoughtworks.selenium.webdriven.SeleneseCommand.apply(SeleneseCommand.java:36)
	at com.thoughtworks.selenium.webdriven.Timer.run(Timer.java:41)
	at com.thoughtworks.selenium.webdriven.WebDriverCommandProcessor.execute(WebDriverCommandProcessor.java:150)
	at com.thoughtworks.selenium.webdriven.WebDriverCommandProcessor.doCommand(WebDriverCommandProcessor.java:76)
	at com.thoughtworks.selenium.DefaultSelenium.click(DefaultSelenium.java:198)
	at com.thoughtworks.selenium.Selenium$click.call(Unknown Source)
	at Script1583723920815.run(Script1583723920815.groovy:39)
	... 13 more


2020-03-10 08:00:43 - [TEST_STEP][PASSED] - callTestCase(findTestCase("HIC/_include/get_hicScreenPath"), ["project":"HIC", "productLine":"ACA", "carrierName":"ACA"], CONTINUE_ON_FAILURE): Call Test Case 'Test Cases/HIC/_include/get_hicScreenPath' successfully

2020-03-10 08:00:44 - [TEST_CASE][PASSED] - Test Cases/HIC/_include/get_hicScreenPath: Test Cases/HIC/_include/get_hicScreenPath

2020-03-10 08:00:45 - [TEST_STEP][PASSED] - m = getExecutionProperties(): null

2020-03-10 08:00:45 - [TEST_STEP][PASSED] - deviceName = get("mobileEmulation").get("deviceName"): null

2020-03-10 08:00:45 - [TEST_STEP][PASSED] - println(deviceName): null

2020-03-10 08:00:45 - [TEST_STEP][PASSED] - now = new java.util.Date(): null

2020-03-10 08:00:46 - [TEST_STEP][PASSED] - mydate = now.format("yyyyMMdd_HHmmss"): null

2020-03-10 08:00:46 - [TEST_STEP][PASSED] - screenPath = "../Screenshots/": null

2020-03-10 08:00:46 - [TEST_STEP][PASSED] - screenPath = screenPath + deviceName + "/" + project + "/" + productLine + "/" + carrierName + "/" + mydate + "/": null

2020-03-10 08:00:46 - [TEST_STEP][PASSED] - println(screenPath): null

2020-03-10 08:00:46 - [MESSAGE][PASSED] - Call Test Case 'Test Cases/HIC/_include/get_hicScreenPath' successfully

2020-03-10 08:00:46 - [TEST_STEP][PASSED] - i = 0: null

2020-03-10 08:00:46 - [TEST_STEP][PASSED] - callTestCase(findTestCase("AHI/_include/openWebSite"), ["env":env], CONTINUE_ON_FAILURE): Call Test Case 'Test Cases/AHI/_include/openWebSite' successfully

2020-03-10 08:00:47 - [TEST_CASE][PASSED] - Test Cases/AHI/_include/openWebSite: Test Cases/AHI/_include/openWebSite

2020-03-10 08:00:48 - [TEST_STEP][PASSED] - openBrowser(env): Browser is opened with url: 'https://qa.healthinsurance.com'

2020-03-10 08:00:48 - [MESSAGE][INFO] - Starting 'Chrome' driver

2020-03-10 08:00:48 - [MESSAGE][INFO] - User set preference: ['mobileEmulation', '{deviceName=iPhone 6}']

2020-03-10 08:00:48 - [MESSAGE][INFO] - User set preference: ['args', '[--incognito, --aggressive-cache-discard, --window-size=375,677, --no-sandbox, --ignore-certificate-errors]']

2020-03-10 08:00:48 - [MESSAGE][INFO] - Action delay is set to 0 seconds

2020-03-10 08:00:56 - [MESSAGE][PASSED] - Browser is opened with url: 'https://qa.healthinsurance.com'

2020-03-10 08:00:56 - [TEST_STEP][PASSED] - waitForPageLoad(20): Wait for page load successfully

2020-03-10 08:00:57 - [MESSAGE][PASSED] - Wait for page load successfully

2020-03-10 08:00:57 - [TEST_STEP][PASSED] - callTestCase(findTestCase("AHI/_include/get_screenshot"), [:], STOP_ON_FAILURE): Call Test Case 'Test Cases/AHI/_include/get_screenshot' successfully

2020-03-10 08:00:57 - [TEST_CASE][PASSED] - Test Cases/AHI/_include/get_screenshot: Test Cases/AHI/_include/get_screenshot

2020-03-10 08:00:57 - [TEST_STEP][PASSED] - Thread.sleep(1000): null

2020-03-10 08:00:58 - [TEST_STEP][PASSED] - takeScreenshot(screenPath + i + ".png"): Taking screenshot successfully

2020-03-10 08:01:00 - [MESSAGE][PASSED] - Taking screenshot successfully
[[ATTACHMENT|D:\\Test\\AgileTest\\Reports\\HIC\\hic\\20200310_080033\\../Screenshots/iPhone 6/HIC/ACA/ACA/20200310_080046/0.png]]

2020-03-10 08:01:00 - [TEST_STEP][PASSED] - (internal.GlobalVariable.i++): null

2020-03-10 08:01:00 - [MESSAGE][PASSED] - Call Test Case 'Test Cases/AHI/_include/get_screenshot' successfully

2020-03-10 08:01:00 - [MESSAGE][PASSED] - Call Test Case 'Test Cases/AHI/_include/openWebSite' successfully

2020-03-10 08:01:00 - [TEST_STEP][PASSED] - driver = getWebDriver(): null

2020-03-10 08:01:00 - [TEST_STEP][PASSED] - baseUrl = env: null

2020-03-10 08:01:00 - [TEST_STEP][PASSED] - selenium = new com.thoughtworks.selenium.webdriven.WebDriverBackedSelenium(driver, baseUrl): null

2020-03-10 08:01:01 - [TEST_STEP][PASSED] - selenium.click("id=product-lines"): null

2020-03-10 08:01:02 - [TEST_STEP][PASSED] - selenium.click("//*[@id='product-lines']/following::div/button[contains(text(),'ACA Health Insurance')]"): null

2020-03-10 08:01:03 - [TEST_STEP][ERROR] - selenium.click("//button[contains(text(),'COMPARE HEALTHPLANS')]"): selenium.click("//button[contains(text(),'COMPARE HEALTHPLANS')]") FAILED.
Reason:
com.thoughtworks.selenium.SeleniumException: unknown error: Element <button type="button" class="Common__DefaultButton-r4giz5-1 Common__JumboButton-r4giz5-2 SubmitButton-nmdtlk-0 ProductDropDown__CTAButton-trye76-5 jeXAtY btn btn-primary">...</button> is not clickable at point (187, 606). Other element would receive the click: <div class="pages__PhoneCtaResponsive-sc-1dmd8vs-30 hzFEeU">...</div>
  (Session info: chrome=80.0.3987.132)
  (Driver info: chromedriver=2.43.600210 (68dcf5eebde37173d4027fa8635e332711d2874a),platform=Windows NT 6.3.9600 x86_64) (WARNING: The server did not provide any stacktrace information)
Command duration or timeout: 0 milliseconds
Build info: version: '3.7.1', revision: '8a0099a', time: '2017-11-06T21:07:36.161Z'
System info: host: 'WIN-U215233FMVE', ip: '172.30.0.53', os.name: 'Windows Server 2012 R2', os.arch: 'amd64', os.version: '6.3', java.version: '1.8.0_181'
Driver info: com.kms.katalon.selenium.driver.CChromeDriver
Capabilities {acceptInsecureCerts: false, acceptSslCerts: false, applicationCacheEnabled: false, browserConnectionEnabled: false, browserName: chrome, chrome: {chromedriverVersion: 2.43.600210 (68dcf5eebde371..., userDataDir: C:\Users\ADMINI~1\AppData\L...}, cssSelectorsEnabled: true, databaseEnabled: false, goog:chromeOptions: {debuggerAddress: localhost:52303}, handlesAlerts: true, hasTouchScreen: true, javascriptEnabled: true, locationContextEnabled: true, mobileEmulationEnabled: true, nativeEvents: true, networkConnectionEnabled: false, pageLoadStrategy: normal, platform: XP, platformName: XP, rotatable: false, setWindowRect: true, takesHeapSnapshot: true, takesScreenshot: true, unexpectedAlertBehaviour: , unhandledPromptBehavior: , version: 80.0.3987.132, webStorageEnabled: true}
Session ID: fbcddd9f125dc901c57f1a87693635a3
	at com.thoughtworks.selenium.webdriven.SeleneseCommand.apply(SeleneseCommand.java:45)
	at com.thoughtworks.selenium.webdriven.Timer.run(Timer.java:41)
	at com.thoughtworks.selenium.webdriven.WebDriverCommandProcessor.execute(WebDriverCommandProcessor.java:150)
	at com.thoughtworks.selenium.webdriven.WebDriverCommandProcessor.doCommand(WebDriverCommandProcessor.java:76)
	at com.thoughtworks.selenium.DefaultSelenium.click(DefaultSelenium.java:198)
	at com.thoughtworks.selenium.Selenium$click.call(Unknown Source)
	at ACA.run(ACA:39)
	at com.kms.katalon.core.main.ScriptEngine.run(ScriptEngine.java:194)
	at com.kms.katalon.core.main.ScriptEngine.runScriptAsRawText(ScriptEngine.java:119)
	at com.kms.katalon.core.main.TestCaseExecutor.runScript(TestCaseExecutor.java:328)
	at com.kms.katalon.core.main.TestCaseExecutor.doExecute(TestCaseExecutor.java:319)
	at com.kms.katalon.core.main.TestCaseExecutor.processExecutionPhase(TestCaseExecutor.java:298)
	at com.kms.katalon.core.main.TestCaseExecutor.accessMainPhase(TestCaseExecutor.java:290)
	at com.kms.katalon.core.main.TestCaseExecutor.execute(TestCaseExecutor.java:224)
	at com.kms.katalon.core.main.TestSuiteExecutor.accessTestCaseMainPhase(TestSuiteExecutor.java:129)
	at com.kms.katalon.core.main.TestSuiteExecutor.accessTestSuiteMainPhase(TestSuiteExecutor.java:112)
	at com.kms.katalon.core.main.TestSuiteExecutor.execute(TestSuiteExecutor.java:81)
	at com.kms.katalon.core.main.TestCaseMain.startTestSuite(TestCaseMain.java:149)
	at com.kms.katalon.core.main.TestCaseMain$startTestSuite$0.call(Unknown Source)
	at TempTestSuite1583841633899.run(TempTestSuite1583841633899.groovy:36)
Caused by: org.openqa.selenium.WebDriverException: unknown error: Element <button type="button" class="Common__DefaultButton-r4giz5-1 Common__JumboButton-r4giz5-2 SubmitButton-nmdtlk-0 ProductDropDown__CTAButton-trye76-5 jeXAtY btn btn-primary">...</button> is not clickable at point (187, 606). Other element would receive the click: <div class="pages__PhoneCtaResponsive-sc-1dmd8vs-30 hzFEeU">...</div>
  (Session info: chrome=80.0.3987.132)
  (Driver info: chromedriver=2.43.600210 (68dcf5eebde37173d4027fa8635e332711d2874a),platform=Windows NT 6.3.9600 x86_64) (WARNING: The server did not provide any stacktrace information)
Command duration or timeout: 0 milliseconds
Build info: version: '3.7.1', revision: '8a0099a', time: '2017-11-06T21:07:36.161Z'
System info: host: 'WIN-U215233FMVE', ip: '172.30.0.53', os.name: 'Windows Server 2012 R2', os.arch: 'amd64', os.version: '6.3', java.version: '1.8.0_181'
Driver info: com.kms.katalon.selenium.driver.CChromeDriver
Capabilities {acceptInsecureCerts: false, acceptSslCerts: false, applicationCacheEnabled: false, browserConnectionEnabled: false, browserName: chrome, chrome: {chromedriverVersion: 2.43.600210 (68dcf5eebde371..., userDataDir: C:\Users\ADMINI~1\AppData\L...}, cssSelectorsEnabled: true, databaseEnabled: false, goog:chromeOptions: {debuggerAddress: localhost:52303}, handlesAlerts: true, hasTouchScreen: true, javascriptEnabled: true, locationContextEnabled: true, mobileEmulationEnabled: true, nativeEvents: true, networkConnectionEnabled: false, pageLoadStrategy: normal, platform: XP, platformName: XP, rotatable: false, setWindowRect: true, takesHeapSnapshot: true, takesScreenshot: true, unexpectedAlertBehaviour: , unhandledPromptBehavior: , version: 80.0.3987.132, webStorageEnabled: true}
Session ID: fbcddd9f125dc901c57f1a87693635a3
	at org.openqa.selenium.remote.ErrorHandler.createThrowable(ErrorHandler.java:214)
	at org.openqa.selenium.remote.ErrorHandler.throwIfResponseFailed(ErrorHandler.java:166)
	at org.openqa.selenium.remote.http.JsonHttpResponseCodec.reconstructValue(JsonHttpResponseCodec.java:40)
	at org.openqa.selenium.remote.http.AbstractHttpResponseCodec.decode(AbstractHttpResponseCodec.java:80)
	at org.openqa.selenium.remote.http.AbstractHttpResponseCodec.decode(AbstractHttpResponseCodec.java:44)
	at org.openqa.selenium.remote.HttpCommandExecutor.execute(HttpCommandExecutor.java:164)
	at org.openqa.selenium.remote.service.DriverCommandExecutor.execute(DriverCommandExecutor.java:83)
	at org.openqa.selenium.remote.RemoteWebDriver.execute(RemoteWebDriver.java:600)
	at com.kms.katalon.selenium.driver.CChromeDriver.execute(CChromeDriver.java:20)
	at org.openqa.selenium.remote.RemoteWebElement.execute(RemoteWebElement.java:279)
	at org.openqa.selenium.remote.RemoteWebElement.click(RemoteWebElement.java:83)
	at com.thoughtworks.selenium.webdriven.commands.Click.handleSeleneseCommand(Click.java:40)
	at com.thoughtworks.selenium.webdriven.commands.Click.handleSeleneseCommand(Click.java:26)
	at com.thoughtworks.selenium.webdriven.SeleneseCommand.apply(SeleneseCommand.java:36)
	at com.thoughtworks.selenium.webdriven.Timer.run(Timer.java:41)
	at com.thoughtworks.selenium.webdriven.WebDriverCommandProcessor.execute(WebDriverCommandProcessor.java:150)
	at com.thoughtworks.selenium.webdriven.WebDriverCommandProcessor.doCommand(WebDriverCommandProcessor.java:76)
	at com.thoughtworks.selenium.DefaultSelenium.click(DefaultSelenium.java:198)
	at com.thoughtworks.selenium.Selenium$click.call(Unknown Source)
	at Script1583723920815.run(Script1583723920815.groovy:39)
	... 13 more


2020-03-10 08:01:03 - [MESSAGE][ERROR] - selenium.click("//button[contains(text(),'COMPARE HEALTHPLANS')]") FAILED.
Reason:
com.thoughtworks.selenium.SeleniumException: unknown error: Element <button type="button" class="Common__DefaultButton-r4giz5-1 Common__JumboButton-r4giz5-2 SubmitButton-nmdtlk-0 ProductDropDown__CTAButton-trye76-5 jeXAtY btn btn-primary">...</button> is not clickable at point (187, 606). Other element would receive the click: <div class="pages__PhoneCtaResponsive-sc-1dmd8vs-30 hzFEeU">...</div>
  (Session info: chrome=80.0.3987.132)
  (Driver info: chromedriver=2.43.600210 (68dcf5eebde37173d4027fa8635e332711d2874a),platform=Windows NT 6.3.9600 x86_64) (WARNING: The server did not provide any stacktrace information)
Command duration or timeout: 0 milliseconds
Build info: version: '3.7.1', revision: '8a0099a', time: '2017-11-06T21:07:36.161Z'
System info: host: 'WIN-U215233FMVE', ip: '172.30.0.53', os.name: 'Windows Server 2012 R2', os.arch: 'amd64', os.version: '6.3', java.version: '1.8.0_181'
Driver info: com.kms.katalon.selenium.driver.CChromeDriver
Capabilities {acceptInsecureCerts: false, acceptSslCerts: false, applicationCacheEnabled: false, browserConnectionEnabled: false, browserName: chrome, chrome: {chromedriverVersion: 2.43.600210 (68dcf5eebde371..., userDataDir: C:\Users\ADMINI~1\AppData\L...}, cssSelectorsEnabled: true, databaseEnabled: false, goog:chromeOptions: {debuggerAddress: localhost:52303}, handlesAlerts: true, hasTouchScreen: true, javascriptEnabled: true, locationContextEnabled: true, mobileEmulationEnabled: true, nativeEvents: true, networkConnectionEnabled: false, pageLoadStrategy: normal, platform: XP, platformName: XP, rotatable: false, setWindowRect: true, takesHeapSnapshot: true, takesScreenshot: true, unexpectedAlertBehaviour: , unhandledPromptBehavior: , version: 80.0.3987.132, webStorageEnabled: true}
Session ID: fbcddd9f125dc901c57f1a87693635a3
	at com.thoughtworks.selenium.webdriven.SeleneseCommand.apply(SeleneseCommand.java:45)
	at com.thoughtworks.selenium.webdriven.Timer.run(Timer.java:41)
	at com.thoughtworks.selenium.webdriven.WebDriverCommandProcessor.execute(WebDriverCommandProcessor.java:150)
	at com.thoughtworks.selenium.webdriven.WebDriverCommandProcessor.doCommand(WebDriverCommandProcessor.java:76)
	at com.thoughtworks.selenium.DefaultSelenium.click(DefaultSelenium.java:198)
	at com.thoughtworks.selenium.Selenium$click.call(Unknown Source)
	at ACA.run(ACA:39)
	at com.kms.katalon.core.main.ScriptEngine.run(ScriptEngine.java:194)
	at com.kms.katalon.core.main.ScriptEngine.runScriptAsRawText(ScriptEngine.java:119)
	at com.kms.katalon.core.main.TestCaseExecutor.runScript(TestCaseExecutor.java:328)
	at com.kms.katalon.core.main.TestCaseExecutor.doExecute(TestCaseExecutor.java:319)
	at com.kms.katalon.core.main.TestCaseExecutor.processExecutionPhase(TestCaseExecutor.java:298)
	at com.kms.katalon.core.main.TestCaseExecutor.accessMainPhase(TestCaseExecutor.java:290)
	at com.kms.katalon.core.main.TestCaseExecutor.execute(TestCaseExecutor.java:224)
	at com.kms.katalon.core.main.TestSuiteExecutor.accessTestCaseMainPhase(TestSuiteExecutor.java:129)
	at com.kms.katalon.core.main.TestSuiteExecutor.accessTestSuiteMainPhase(TestSuiteExecutor.java:112)
	at com.kms.katalon.core.main.TestSuiteExecutor.execute(TestSuiteExecutor.java:81)
	at com.kms.katalon.core.main.TestCaseMain.startTestSuite(TestCaseMain.java:149)
	at com.kms.katalon.core.main.TestCaseMain$startTestSuite$0.call(Unknown Source)
	at TempTestSuite1583841633899.run(TempTestSuite1583841633899.groovy:36)
Caused by: org.openqa.selenium.WebDriverException: unknown error: Element <button type="button" class="Common__DefaultButton-r4giz5-1 Common__JumboButton-r4giz5-2 SubmitButton-nmdtlk-0 ProductDropDown__CTAButton-trye76-5 jeXAtY btn btn-primary">...</button> is not clickable at point (187, 606). Other element would receive the click: <div class="pages__PhoneCtaResponsive-sc-1dmd8vs-30 hzFEeU">...</div>
  (Session info: chrome=80.0.3987.132)
  (Driver info: chromedriver=2.43.600210 (68dcf5eebde37173d4027fa8635e332711d2874a),platform=Windows NT 6.3.9600 x86_64) (WARNING: The server did not provide any stacktrace information)
Command duration or timeout: 0 milliseconds
Build info: version: '3.7.1', revision: '8a0099a', time: '2017-11-06T21:07:36.161Z'
System info: host: 'WIN-U215233FMVE', ip: '172.30.0.53', os.name: 'Windows Server 2012 R2', os.arch: 'amd64', os.version: '6.3', java.version: '1.8.0_181'
Driver info: com.kms.katalon.selenium.driver.CChromeDriver
Capabilities {acceptInsecureCerts: false, acceptSslCerts: false, applicationCacheEnabled: false, browserConnectionEnabled: false, browserName: chrome, chrome: {chromedriverVersion: 2.43.600210 (68dcf5eebde371..., userDataDir: C:\Users\ADMINI~1\AppData\L...}, cssSelectorsEnabled: true, databaseEnabled: false, goog:chromeOptions: {debuggerAddress: localhost:52303}, handlesAlerts: true, hasTouchScreen: true, javascriptEnabled: true, locationContextEnabled: true, mobileEmulationEnabled: true, nativeEvents: true, networkConnectionEnabled: false, pageLoadStrategy: normal, platform: XP, platformName: XP, rotatable: false, setWindowRect: true, takesHeapSnapshot: true, takesScreenshot: true, unexpectedAlertBehaviour: , unhandledPromptBehavior: , version: 80.0.3987.132, webStorageEnabled: true}
Session ID: fbcddd9f125dc901c57f1a87693635a3
	at org.openqa.selenium.remote.ErrorHandler.createThrowable(ErrorHandler.java:214)
	at org.openqa.selenium.remote.ErrorHandler.throwIfResponseFailed(ErrorHandler.java:166)
	at org.openqa.selenium.remote.http.JsonHttpResponseCodec.reconstructValue(JsonHttpResponseCodec.java:40)
	at org.openqa.selenium.remote.http.AbstractHttpResponseCodec.decode(AbstractHttpResponseCodec.java:80)
	at org.openqa.selenium.remote.http.AbstractHttpResponseCodec.decode(AbstractHttpResponseCodec.java:44)
	at org.openqa.selenium.remote.HttpCommandExecutor.execute(HttpCommandExecutor.java:164)
	at org.openqa.selenium.remote.service.DriverCommandExecutor.execute(DriverCommandExecutor.java:83)
	at org.openqa.selenium.remote.RemoteWebDriver.execute(RemoteWebDriver.java:600)
	at com.kms.katalon.selenium.driver.CChromeDriver.execute(CChromeDriver.java:20)
	at org.openqa.selenium.remote.RemoteWebElement.execute(RemoteWebElement.java:279)
	at org.openqa.selenium.remote.RemoteWebElement.click(RemoteWebElement.java:83)
	at com.thoughtworks.selenium.webdriven.commands.Click.handleSeleneseCommand(Click.java:40)
	at com.thoughtworks.selenium.webdriven.commands.Click.handleSeleneseCommand(Click.java:26)
	at com.thoughtworks.selenium.webdriven.SeleneseCommand.apply(SeleneseCommand.java:36)
	at com.thoughtworks.selenium.webdriven.Timer.run(Timer.java:41)
	at com.thoughtworks.selenium.webdriven.WebDriverCommandProcessor.execute(WebDriverCommandProcessor.java:150)
	at com.thoughtworks.selenium.webdriven.WebDriverCommandProcessor.doCommand(WebDriverCommandProcessor.java:76)
	at com.thoughtworks.selenium.DefaultSelenium.click(DefaultSelenium.java:198)
	at com.thoughtworks.selenium.Selenium$click.call(Unknown Source)
	at Script1583723920815.run(Script1583723920815.groovy:39)
	... 13 more]]></system-out>
         <system-err><![CDATA[2020-03-10 08:00:40 - [TEST_CASE][ERROR] - Test Cases/HIC/New/ACA: Test Cases/HIC/New/ACA FAILED.
Reason:
com.thoughtworks.selenium.SeleniumException: unknown error: Element <button type="button" class="Common__DefaultButton-r4giz5-1 Common__JumboButton-r4giz5-2 SubmitButton-nmdtlk-0 ProductDropDown__CTAButton-trye76-5 jeXAtY btn btn-primary">...</button> is not clickable at point (187, 606). Other element would receive the click: <div class="pages__PhoneCtaResponsive-sc-1dmd8vs-30 hzFEeU">...</div>
  (Session info: chrome=80.0.3987.132)
  (Driver info: chromedriver=2.43.600210 (68dcf5eebde37173d4027fa8635e332711d2874a),platform=Windows NT 6.3.9600 x86_64) (WARNING: The server did not provide any stacktrace information)
Command duration or timeout: 0 milliseconds
Build info: version: '3.7.1', revision: '8a0099a', time: '2017-11-06T21:07:36.161Z'
System info: host: 'WIN-U215233FMVE', ip: '172.30.0.53', os.name: 'Windows Server 2012 R2', os.arch: 'amd64', os.version: '6.3', java.version: '1.8.0_181'
Driver info: com.kms.katalon.selenium.driver.CChromeDriver
Capabilities {acceptInsecureCerts: false, acceptSslCerts: false, applicationCacheEnabled: false, browserConnectionEnabled: false, browserName: chrome, chrome: {chromedriverVersion: 2.43.600210 (68dcf5eebde371..., userDataDir: C:\Users\ADMINI~1\AppData\L...}, cssSelectorsEnabled: true, databaseEnabled: false, goog:chromeOptions: {debuggerAddress: localhost:52303}, handlesAlerts: true, hasTouchScreen: true, javascriptEnabled: true, locationContextEnabled: true, mobileEmulationEnabled: true, nativeEvents: true, networkConnectionEnabled: false, pageLoadStrategy: normal, platform: XP, platformName: XP, rotatable: false, setWindowRect: true, takesHeapSnapshot: true, takesScreenshot: true, unexpectedAlertBehaviour: , unhandledPromptBehavior: , version: 80.0.3987.132, webStorageEnabled: true}
Session ID: fbcddd9f125dc901c57f1a87693635a3
	at com.thoughtworks.selenium.webdriven.SeleneseCommand.apply(SeleneseCommand.java:45)
	at com.thoughtworks.selenium.webdriven.Timer.run(Timer.java:41)
	at com.thoughtworks.selenium.webdriven.WebDriverCommandProcessor.execute(WebDriverCommandProcessor.java:150)
	at com.thoughtworks.selenium.webdriven.WebDriverCommandProcessor.doCommand(WebDriverCommandProcessor.java:76)
	at com.thoughtworks.selenium.DefaultSelenium.click(DefaultSelenium.java:198)
	at com.thoughtworks.selenium.Selenium$click.call(Unknown Source)
	at ACA.run(ACA:39)
	at com.kms.katalon.core.main.ScriptEngine.run(ScriptEngine.java:194)
	at com.kms.katalon.core.main.ScriptEngine.runScriptAsRawText(ScriptEngine.java:119)
	at com.kms.katalon.core.main.TestCaseExecutor.runScript(TestCaseExecutor.java:328)
	at com.kms.katalon.core.main.TestCaseExecutor.doExecute(TestCaseExecutor.java:319)
	at com.kms.katalon.core.main.TestCaseExecutor.processExecutionPhase(TestCaseExecutor.java:298)
	at com.kms.katalon.core.main.TestCaseExecutor.accessMainPhase(TestCaseExecutor.java:290)
	at com.kms.katalon.core.main.TestCaseExecutor.execute(TestCaseExecutor.java:224)
	at com.kms.katalon.core.main.TestSuiteExecutor.accessTestCaseMainPhase(TestSuiteExecutor.java:129)
	at com.kms.katalon.core.main.TestSuiteExecutor.accessTestSuiteMainPhase(TestSuiteExecutor.java:112)
	at com.kms.katalon.core.main.TestSuiteExecutor.execute(TestSuiteExecutor.java:81)
	at com.kms.katalon.core.main.TestCaseMain.startTestSuite(TestCaseMain.java:149)
	at com.kms.katalon.core.main.TestCaseMain$startTestSuite$0.call(Unknown Source)
	at TempTestSuite1583841633899.run(TempTestSuite1583841633899.groovy:36)
Caused by: org.openqa.selenium.WebDriverException: unknown error: Element <button type="button" class="Common__DefaultButton-r4giz5-1 Common__JumboButton-r4giz5-2 SubmitButton-nmdtlk-0 ProductDropDown__CTAButton-trye76-5 jeXAtY btn btn-primary">...</button> is not clickable at point (187, 606). Other element would receive the click: <div class="pages__PhoneCtaResponsive-sc-1dmd8vs-30 hzFEeU">...</div>
  (Session info: chrome=80.0.3987.132)
  (Driver info: chromedriver=2.43.600210 (68dcf5eebde37173d4027fa8635e332711d2874a),platform=Windows NT 6.3.9600 x86_64) (WARNING: The server did not provide any stacktrace information)
Command duration or timeout: 0 milliseconds
Build info: version: '3.7.1', revision: '8a0099a', time: '2017-11-06T21:07:36.161Z'
System info: host: 'WIN-U215233FMVE', ip: '172.30.0.53', os.name: 'Windows Server 2012 R2', os.arch: 'amd64', os.version: '6.3', java.version: '1.8.0_181'
Driver info: com.kms.katalon.selenium.driver.CChromeDriver
Capabilities {acceptInsecureCerts: false, acceptSslCerts: false, applicationCacheEnabled: false, browserConnectionEnabled: false, browserName: chrome, chrome: {chromedriverVersion: 2.43.600210 (68dcf5eebde371..., userDataDir: C:\Users\ADMINI~1\AppData\L...}, cssSelectorsEnabled: true, databaseEnabled: false, goog:chromeOptions: {debuggerAddress: localhost:52303}, handlesAlerts: true, hasTouchScreen: true, javascriptEnabled: true, locationContextEnabled: true, mobileEmulationEnabled: true, nativeEvents: true, networkConnectionEnabled: false, pageLoadStrategy: normal, platform: XP, platformName: XP, rotatable: false, setWindowRect: true, takesHeapSnapshot: true, takesScreenshot: true, unexpectedAlertBehaviour: , unhandledPromptBehavior: , version: 80.0.3987.132, webStorageEnabled: true}
Session ID: fbcddd9f125dc901c57f1a87693635a3
	at org.openqa.selenium.remote.ErrorHandler.createThrowable(ErrorHandler.java:214)
	at org.openqa.selenium.remote.ErrorHandler.throwIfResponseFailed(ErrorHandler.java:166)
	at org.openqa.selenium.remote.http.JsonHttpResponseCodec.reconstructValue(JsonHttpResponseCodec.java:40)
	at org.openqa.selenium.remote.http.AbstractHttpResponseCodec.decode(AbstractHttpResponseCodec.java:80)
	at org.openqa.selenium.remote.http.AbstractHttpResponseCodec.decode(AbstractHttpResponseCodec.java:44)
	at org.openqa.selenium.remote.HttpCommandExecutor.execute(HttpCommandExecutor.java:164)
	at org.openqa.selenium.remote.service.DriverCommandExecutor.execute(DriverCommandExecutor.java:83)
	at org.openqa.selenium.remote.RemoteWebDriver.execute(RemoteWebDriver.java:600)
	at com.kms.katalon.selenium.driver.CChromeDriver.execute(CChromeDriver.java:20)
	at org.openqa.selenium.remote.RemoteWebElement.execute(RemoteWebElement.java:279)
	at org.openqa.selenium.remote.RemoteWebElement.click(RemoteWebElement.java:83)
	at com.thoughtworks.selenium.webdriven.commands.Click.handleSeleneseCommand(Click.java:40)
	at com.thoughtworks.selenium.webdriven.commands.Click.handleSeleneseCommand(Click.java:26)
	at com.thoughtworks.selenium.webdriven.SeleneseCommand.apply(SeleneseCommand.java:36)
	at com.thoughtworks.selenium.webdriven.Timer.run(Timer.java:41)
	at com.thoughtworks.selenium.webdriven.WebDriverCommandProcessor.execute(WebDriverCommandProcessor.java:150)
	at com.thoughtworks.selenium.webdriven.WebDriverCommandProcessor.doCommand(WebDriverCommandProcessor.java:76)
	at com.thoughtworks.selenium.DefaultSelenium.click(DefaultSelenium.java:198)
	at com.thoughtworks.selenium.Selenium$click.call(Unknown Source)
	at Script1583723920815.run(Script1583723920815.groovy:39)
	... 13 more]]></system-err>
      </testcase>
      <testcase name="Test Cases/HIC/New/Cancer" classname="Test Cases/HIC/New/Cancer" status="ERROR">
         <error type="ERROR" message="Test Cases/HIC/New/Cancer FAILED.
Reason:
com.thoughtworks.selenium.SeleniumException: unknown error: Element &lt;button type=&quot;button&quot; class=&quot;Common__DefaultButton-r4giz5-1 Common__JumboButton-r4giz5-2 SubmitButton-nmdtlk-0 ProductDropDown__CTAButton-trye76-5 jeXAtY btn btn-primary&quot;>...&lt;/button> is not clickable at point (187, 606). Other element would receive the click: &lt;div class=&quot;pages__PhoneCtaResponsive-sc-1dmd8vs-30 hzFEeU&quot;>...&lt;/div>
  (Session info: chrome=80.0.3987.132)
  (Driver info: chromedriver=2.43.600210 (68dcf5eebde37173d4027fa8635e332711d2874a),platform=Windows NT 6.3.9600 x86_64) (WARNING: The server did not provide any stacktrace information)
Command duration or timeout: 0 milliseconds
Build info: version: '3.7.1', revision: '8a0099a', time: '2017-11-06T21:07:36.161Z'
System info: host: 'WIN-U215233FMVE', ip: '172.30.0.53', os.name: 'Windows Server 2012 R2', os.arch: 'amd64', os.version: '6.3', java.version: '1.8.0_181'
Driver info: com.kms.katalon.selenium.driver.CChromeDriver
Capabilities {acceptInsecureCerts: false, acceptSslCerts: false, applicationCacheEnabled: false, browserConnectionEnabled: false, browserName: chrome, chrome: {chromedriverVersion: 2.43.600210 (68dcf5eebde371..., userDataDir: C:\Users\ADMINI~1\AppData\L...}, cssSelectorsEnabled: true, databaseEnabled: false, goog:chromeOptions: {debuggerAddress: localhost:52500}, handlesAlerts: true, hasTouchScreen: true, javascriptEnabled: true, locationContextEnabled: true, mobileEmulationEnabled: true, nativeEvents: true, networkConnectionEnabled: false, pageLoadStrategy: normal, platform: XP, platformName: XP, rotatable: false, setWindowRect: true, takesHeapSnapshot: true, takesScreenshot: true, unexpectedAlertBehaviour: , unhandledPromptBehavior: , version: 80.0.3987.132, webStorageEnabled: true}
Session ID: 6263d391c3651ba2992e118db3b9557a
	at com.thoughtworks.selenium.webdriven.SeleneseCommand.apply(SeleneseCommand.java:45)
	at com.thoughtworks.selenium.webdriven.Timer.run(Timer.java:41)
	at com.thoughtworks.selenium.webdriven.WebDriverCommandProcessor.execute(WebDriverCommandProcessor.java:150)
	at com.thoughtworks.selenium.webdriven.WebDriverCommandProcessor.doCommand(WebDriverCommandProcessor.java:76)
	at com.thoughtworks.selenium.DefaultSelenium.click(DefaultSelenium.java:198)
	at com.thoughtworks.selenium.Selenium$click.call(Unknown Source)
	at Cancer.run(Cancer:39)
	at com.kms.katalon.core.main.ScriptEngine.run(ScriptEngine.java:194)
	at com.kms.katalon.core.main.ScriptEngine.runScriptAsRawText(ScriptEngine.java:119)
	at com.kms.katalon.core.main.TestCaseExecutor.runScript(TestCaseExecutor.java:328)
	at com.kms.katalon.core.main.TestCaseExecutor.doExecute(TestCaseExecutor.java:319)
	at com.kms.katalon.core.main.TestCaseExecutor.processExecutionPhase(TestCaseExecutor.java:298)
	at com.kms.katalon.core.main.TestCaseExecutor.accessMainPhase(TestCaseExecutor.java:290)
	at com.kms.katalon.core.main.TestCaseExecutor.execute(TestCaseExecutor.java:224)
	at com.kms.katalon.core.main.TestSuiteExecutor.accessTestCaseMainPhase(TestSuiteExecutor.java:129)
	at com.kms.katalon.core.main.TestSuiteExecutor.accessTestSuiteMainPhase(TestSuiteExecutor.java:112)
	at com.kms.katalon.core.main.TestSuiteExecutor.execute(TestSuiteExecutor.java:81)
	at com.kms.katalon.core.main.TestCaseMain.startTestSuite(TestCaseMain.java:149)
	at com.kms.katalon.core.main.TestCaseMain$startTestSuite$0.call(Unknown Source)
	at TempTestSuite1583841633899.run(TempTestSuite1583841633899.groovy:36)
Caused by: org.openqa.selenium.WebDriverException: unknown error: Element &lt;button type=&quot;button&quot; class=&quot;Common__DefaultButton-r4giz5-1 Common__JumboButton-r4giz5-2 SubmitButton-nmdtlk-0 ProductDropDown__CTAButton-trye76-5 jeXAtY btn btn-primary&quot;>...&lt;/button> is not clickable at point (187, 606). Other element would receive the click: &lt;div class=&quot;pages__PhoneCtaResponsive-sc-1dmd8vs-30 hzFEeU&quot;>...&lt;/div>
  (Session info: chrome=80.0.3987.132)
  (Driver info: chromedriver=2.43.600210 (68dcf5eebde37173d4027fa8635e332711d2874a),platform=Windows NT 6.3.9600 x86_64) (WARNING: The server did not provide any stacktrace information)
Command duration or timeout: 0 milliseconds
Build info: version: '3.7.1', revision: '8a0099a', time: '2017-11-06T21:07:36.161Z'
System info: host: 'WIN-U215233FMVE', ip: '172.30.0.53', os.name: 'Windows Server 2012 R2', os.arch: 'amd64', os.version: '6.3', java.version: '1.8.0_181'
Driver info: com.kms.katalon.selenium.driver.CChromeDriver
Capabilities {acceptInsecureCerts: false, acceptSslCerts: false, applicationCacheEnabled: false, browserConnectionEnabled: false, browserName: chrome, chrome: {chromedriverVersion: 2.43.600210 (68dcf5eebde371..., userDataDir: C:\Users\ADMINI~1\AppData\L...}, cssSelectorsEnabled: true, databaseEnabled: false, goog:chromeOptions: {debuggerAddress: localhost:52500}, handlesAlerts: true, hasTouchScreen: true, javascriptEnabled: true, locationContextEnabled: true, mobileEmulationEnabled: true, nativeEvents: true, networkConnectionEnabled: false, pageLoadStrategy: normal, platform: XP, platformName: XP, rotatable: false, setWindowRect: true, takesHeapSnapshot: true, takesScreenshot: true, unexpectedAlertBehaviour: , unhandledPromptBehavior: , version: 80.0.3987.132, webStorageEnabled: true}
Session ID: 6263d391c3651ba2992e118db3b9557a
	at org.openqa.selenium.remote.ErrorHandler.createThrowable(ErrorHandler.java:214)
	at org.openqa.selenium.remote.ErrorHandler.throwIfResponseFailed(ErrorHandler.java:166)
	at org.openqa.selenium.remote.http.JsonHttpResponseCodec.reconstructValue(JsonHttpResponseCodec.java:40)
	at org.openqa.selenium.remote.http.AbstractHttpResponseCodec.decode(AbstractHttpResponseCodec.java:80)
	at org.openqa.selenium.remote.http.AbstractHttpResponseCodec.decode(AbstractHttpResponseCodec.java:44)
	at org.openqa.selenium.remote.HttpCommandExecutor.execute(HttpCommandExecutor.java:164)
	at org.openqa.selenium.remote.service.DriverCommandExecutor.execute(DriverCommandExecutor.java:83)
	at org.openqa.selenium.remote.RemoteWebDriver.execute(RemoteWebDriver.java:600)
	at com.kms.katalon.selenium.driver.CChromeDriver.execute(CChromeDriver.java:20)
	at org.openqa.selenium.remote.RemoteWebElement.execute(RemoteWebElement.java:279)
	at org.openqa.selenium.remote.RemoteWebElement.click(RemoteWebElement.java:83)
	at com.thoughtworks.selenium.webdriven.commands.Click.handleSeleneseCommand(Click.java:40)
	at com.thoughtworks.selenium.webdriven.commands.Click.handleSeleneseCommand(Click.java:26)
	at com.thoughtworks.selenium.webdriven.SeleneseCommand.apply(SeleneseCommand.java:36)
	at com.thoughtworks.selenium.webdriven.Timer.run(Timer.java:41)
	at com.thoughtworks.selenium.webdriven.WebDriverCommandProcessor.execute(WebDriverCommandProcessor.java:150)
	at com.thoughtworks.selenium.webdriven.WebDriverCommandProcessor.doCommand(WebDriverCommandProcessor.java:76)
	at com.thoughtworks.selenium.DefaultSelenium.click(DefaultSelenium.java:198)
	at com.thoughtworks.selenium.Selenium$click.call(Unknown Source)
	at Script1583724604507.run(Script1583724604507.groovy:39)
	... 13 more
"/>
         <system-out><![CDATA[2020-03-10 08:01:03 - [TEST_CASE][ERROR] - Test Cases/HIC/New/Cancer: Test Cases/HIC/New/Cancer FAILED.
Reason:
com.thoughtworks.selenium.SeleniumException: unknown error: Element <button type="button" class="Common__DefaultButton-r4giz5-1 Common__JumboButton-r4giz5-2 SubmitButton-nmdtlk-0 ProductDropDown__CTAButton-trye76-5 jeXAtY btn btn-primary">...</button> is not clickable at point (187, 606). Other element would receive the click: <div class="pages__PhoneCtaResponsive-sc-1dmd8vs-30 hzFEeU">...</div>
  (Session info: chrome=80.0.3987.132)
  (Driver info: chromedriver=2.43.600210 (68dcf5eebde37173d4027fa8635e332711d2874a),platform=Windows NT 6.3.9600 x86_64) (WARNING: The server did not provide any stacktrace information)
Command duration or timeout: 0 milliseconds
Build info: version: '3.7.1', revision: '8a0099a', time: '2017-11-06T21:07:36.161Z'
System info: host: 'WIN-U215233FMVE', ip: '172.30.0.53', os.name: 'Windows Server 2012 R2', os.arch: 'amd64', os.version: '6.3', java.version: '1.8.0_181'
Driver info: com.kms.katalon.selenium.driver.CChromeDriver
Capabilities {acceptInsecureCerts: false, acceptSslCerts: false, applicationCacheEnabled: false, browserConnectionEnabled: false, browserName: chrome, chrome: {chromedriverVersion: 2.43.600210 (68dcf5eebde371..., userDataDir: C:\Users\ADMINI~1\AppData\L...}, cssSelectorsEnabled: true, databaseEnabled: false, goog:chromeOptions: {debuggerAddress: localhost:52500}, handlesAlerts: true, hasTouchScreen: true, javascriptEnabled: true, locationContextEnabled: true, mobileEmulationEnabled: true, nativeEvents: true, networkConnectionEnabled: false, pageLoadStrategy: normal, platform: XP, platformName: XP, rotatable: false, setWindowRect: true, takesHeapSnapshot: true, takesScreenshot: true, unexpectedAlertBehaviour: , unhandledPromptBehavior: , version: 80.0.3987.132, webStorageEnabled: true}
Session ID: 6263d391c3651ba2992e118db3b9557a
	at com.thoughtworks.selenium.webdriven.SeleneseCommand.apply(SeleneseCommand.java:45)
	at com.thoughtworks.selenium.webdriven.Timer.run(Timer.java:41)
	at com.thoughtworks.selenium.webdriven.WebDriverCommandProcessor.execute(WebDriverCommandProcessor.java:150)
	at com.thoughtworks.selenium.webdriven.WebDriverCommandProcessor.doCommand(WebDriverCommandProcessor.java:76)
	at com.thoughtworks.selenium.DefaultSelenium.click(DefaultSelenium.java:198)
	at com.thoughtworks.selenium.Selenium$click.call(Unknown Source)
	at Cancer.run(Cancer:39)
	at com.kms.katalon.core.main.ScriptEngine.run(ScriptEngine.java:194)
	at com.kms.katalon.core.main.ScriptEngine.runScriptAsRawText(ScriptEngine.java:119)
	at com.kms.katalon.core.main.TestCaseExecutor.runScript(TestCaseExecutor.java:328)
	at com.kms.katalon.core.main.TestCaseExecutor.doExecute(TestCaseExecutor.java:319)
	at com.kms.katalon.core.main.TestCaseExecutor.processExecutionPhase(TestCaseExecutor.java:298)
	at com.kms.katalon.core.main.TestCaseExecutor.accessMainPhase(TestCaseExecutor.java:290)
	at com.kms.katalon.core.main.TestCaseExecutor.execute(TestCaseExecutor.java:224)
	at com.kms.katalon.core.main.TestSuiteExecutor.accessTestCaseMainPhase(TestSuiteExecutor.java:129)
	at com.kms.katalon.core.main.TestSuiteExecutor.accessTestSuiteMainPhase(TestSuiteExecutor.java:112)
	at com.kms.katalon.core.main.TestSuiteExecutor.execute(TestSuiteExecutor.java:81)
	at com.kms.katalon.core.main.TestCaseMain.startTestSuite(TestCaseMain.java:149)
	at com.kms.katalon.core.main.TestCaseMain$startTestSuite$0.call(Unknown Source)
	at TempTestSuite1583841633899.run(TempTestSuite1583841633899.groovy:36)
Caused by: org.openqa.selenium.WebDriverException: unknown error: Element <button type="button" class="Common__DefaultButton-r4giz5-1 Common__JumboButton-r4giz5-2 SubmitButton-nmdtlk-0 ProductDropDown__CTAButton-trye76-5 jeXAtY btn btn-primary">...</button> is not clickable at point (187, 606). Other element would receive the click: <div class="pages__PhoneCtaResponsive-sc-1dmd8vs-30 hzFEeU">...</div>
  (Session info: chrome=80.0.3987.132)
  (Driver info: chromedriver=2.43.600210 (68dcf5eebde37173d4027fa8635e332711d2874a),platform=Windows NT 6.3.9600 x86_64) (WARNING: The server did not provide any stacktrace information)
Command duration or timeout: 0 milliseconds
Build info: version: '3.7.1', revision: '8a0099a', time: '2017-11-06T21:07:36.161Z'
System info: host: 'WIN-U215233FMVE', ip: '172.30.0.53', os.name: 'Windows Server 2012 R2', os.arch: 'amd64', os.version: '6.3', java.version: '1.8.0_181'
Driver info: com.kms.katalon.selenium.driver.CChromeDriver
Capabilities {acceptInsecureCerts: false, acceptSslCerts: false, applicationCacheEnabled: false, browserConnectionEnabled: false, browserName: chrome, chrome: {chromedriverVersion: 2.43.600210 (68dcf5eebde371..., userDataDir: C:\Users\ADMINI~1\AppData\L...}, cssSelectorsEnabled: true, databaseEnabled: false, goog:chromeOptions: {debuggerAddress: localhost:52500}, handlesAlerts: true, hasTouchScreen: true, javascriptEnabled: true, locationContextEnabled: true, mobileEmulationEnabled: true, nativeEvents: true, networkConnectionEnabled: false, pageLoadStrategy: normal, platform: XP, platformName: XP, rotatable: false, setWindowRect: true, takesHeapSnapshot: true, takesScreenshot: true, unexpectedAlertBehaviour: , unhandledPromptBehavior: , version: 80.0.3987.132, webStorageEnabled: true}
Session ID: 6263d391c3651ba2992e118db3b9557a
	at org.openqa.selenium.remote.ErrorHandler.createThrowable(ErrorHandler.java:214)
	at org.openqa.selenium.remote.ErrorHandler.throwIfResponseFailed(ErrorHandler.java:166)
	at org.openqa.selenium.remote.http.JsonHttpResponseCodec.reconstructValue(JsonHttpResponseCodec.java:40)
	at org.openqa.selenium.remote.http.AbstractHttpResponseCodec.decode(AbstractHttpResponseCodec.java:80)
	at org.openqa.selenium.remote.http.AbstractHttpResponseCodec.decode(AbstractHttpResponseCodec.java:44)
	at org.openqa.selenium.remote.HttpCommandExecutor.execute(HttpCommandExecutor.java:164)
	at org.openqa.selenium.remote.service.DriverCommandExecutor.execute(DriverCommandExecutor.java:83)
	at org.openqa.selenium.remote.RemoteWebDriver.execute(RemoteWebDriver.java:600)
	at com.kms.katalon.selenium.driver.CChromeDriver.execute(CChromeDriver.java:20)
	at org.openqa.selenium.remote.RemoteWebElement.execute(RemoteWebElement.java:279)
	at org.openqa.selenium.remote.RemoteWebElement.click(RemoteWebElement.java:83)
	at com.thoughtworks.selenium.webdriven.commands.Click.handleSeleneseCommand(Click.java:40)
	at com.thoughtworks.selenium.webdriven.commands.Click.handleSeleneseCommand(Click.java:26)
	at com.thoughtworks.selenium.webdriven.SeleneseCommand.apply(SeleneseCommand.java:36)
	at com.thoughtworks.selenium.webdriven.Timer.run(Timer.java:41)
	at com.thoughtworks.selenium.webdriven.WebDriverCommandProcessor.execute(WebDriverCommandProcessor.java:150)
	at com.thoughtworks.selenium.webdriven.WebDriverCommandProcessor.doCommand(WebDriverCommandProcessor.java:76)
	at com.thoughtworks.selenium.DefaultSelenium.click(DefaultSelenium.java:198)
	at com.thoughtworks.selenium.Selenium$click.call(Unknown Source)
	at Script1583724604507.run(Script1583724604507.groovy:39)
	... 13 more


2020-03-10 08:01:03 - [TEST_STEP][PASSED] - callTestCase(findTestCase("HIC/_include/get_hicScreenPath"), ["project":"HIC", "productLine":"Cancer", "carrierName":"Cancer"], CONTINUE_ON_FAILURE): Call Test Case 'Test Cases/HIC/_include/get_hicScreenPath' successfully

2020-03-10 08:01:04 - [TEST_CASE][PASSED] - Test Cases/HIC/_include/get_hicScreenPath: Test Cases/HIC/_include/get_hicScreenPath

2020-03-10 08:01:04 - [TEST_STEP][PASSED] - m = getExecutionProperties(): null

2020-03-10 08:01:04 - [TEST_STEP][PASSED] - deviceName = get("mobileEmulation").get("deviceName"): null

2020-03-10 08:01:04 - [TEST_STEP][PASSED] - println(deviceName): null

2020-03-10 08:01:04 - [TEST_STEP][PASSED] - now = new java.util.Date(): null

2020-03-10 08:01:04 - [TEST_STEP][PASSED] - mydate = now.format("yyyyMMdd_HHmmss"): null

2020-03-10 08:01:04 - [TEST_STEP][PASSED] - screenPath = "../Screenshots/": null

2020-03-10 08:01:04 - [TEST_STEP][PASSED] - screenPath = screenPath + deviceName + "/" + project + "/" + productLine + "/" + carrierName + "/" + mydate + "/": null

2020-03-10 08:01:04 - [TEST_STEP][PASSED] - println(screenPath): null

2020-03-10 08:01:04 - [MESSAGE][PASSED] - Call Test Case 'Test Cases/HIC/_include/get_hicScreenPath' successfully

2020-03-10 08:01:04 - [TEST_STEP][PASSED] - i = 0: null

2020-03-10 08:01:04 - [TEST_STEP][PASSED] - callTestCase(findTestCase("AHI/_include/openWebSite"), ["env":env], CONTINUE_ON_FAILURE): Call Test Case 'Test Cases/AHI/_include/openWebSite' successfully

2020-03-10 08:01:04 - [TEST_CASE][PASSED] - Test Cases/AHI/_include/openWebSite: Test Cases/AHI/_include/openWebSite

2020-03-10 08:01:04 - [TEST_STEP][PASSED] - openBrowser(env): Browser is opened with url: 'https://qa.healthinsurance.com'

2020-03-10 08:01:04 - [MESSAGE][WARNING] - A browser is already opened. Closing browser and opening a new one

2020-03-10 08:01:09 - [MESSAGE][INFO] - Starting 'Chrome' driver

2020-03-10 08:01:09 - [MESSAGE][INFO] - User set preference: ['mobileEmulation', '{deviceName=iPhone 6}']

2020-03-10 08:01:09 - [MESSAGE][INFO] - User set preference: ['args', '[--incognito, --aggressive-cache-discard, --window-size=375,677, --no-sandbox, --ignore-certificate-errors]']

2020-03-10 08:01:15 - [MESSAGE][PASSED] - Browser is opened with url: 'https://qa.healthinsurance.com'

2020-03-10 08:01:15 - [TEST_STEP][PASSED] - waitForPageLoad(20): Wait for page load successfully

2020-03-10 08:01:16 - [MESSAGE][PASSED] - Wait for page load successfully

2020-03-10 08:01:16 - [TEST_STEP][PASSED] - callTestCase(findTestCase("AHI/_include/get_screenshot"), [:], STOP_ON_FAILURE): Call Test Case 'Test Cases/AHI/_include/get_screenshot' successfully

2020-03-10 08:01:16 - [TEST_CASE][PASSED] - Test Cases/AHI/_include/get_screenshot: Test Cases/AHI/_include/get_screenshot

2020-03-10 08:01:16 - [TEST_STEP][PASSED] - Thread.sleep(1000): null

2020-03-10 08:01:17 - [TEST_STEP][PASSED] - takeScreenshot(screenPath + i + ".png"): Taking screenshot successfully

2020-03-10 08:01:18 - [MESSAGE][PASSED] - Taking screenshot successfully
[[ATTACHMENT|D:\\Test\\AgileTest\\Reports\\HIC\\hic\\20200310_080033\\../Screenshots/iPhone 6/HIC/Cancer/Cancer/20200310_080104/0.png]]

2020-03-10 08:01:18 - [TEST_STEP][PASSED] - (internal.GlobalVariable.i++): null

2020-03-10 08:01:18 - [MESSAGE][PASSED] - Call Test Case 'Test Cases/AHI/_include/get_screenshot' successfully

2020-03-10 08:01:18 - [MESSAGE][PASSED] - Call Test Case 'Test Cases/AHI/_include/openWebSite' successfully

2020-03-10 08:01:18 - [TEST_STEP][PASSED] - driver = getWebDriver(): null

2020-03-10 08:01:18 - [TEST_STEP][PASSED] - baseUrl = env: null

2020-03-10 08:01:18 - [TEST_STEP][PASSED] - selenium = new com.thoughtworks.selenium.webdriven.WebDriverBackedSelenium(driver, baseUrl): null

2020-03-10 08:01:19 - [TEST_STEP][PASSED] - selenium.click("id=product-lines"): null

2020-03-10 08:01:22 - [TEST_STEP][PASSED] - selenium.click("//*[@id='product-lines']/following::div/button[contains(text(),'Cancer Insurance')]"): null

2020-03-10 08:01:23 - [TEST_STEP][ERROR] - selenium.click("//button[contains(text(),'COMPARE HEALTHPLANS')]"): selenium.click("//button[contains(text(),'COMPARE HEALTHPLANS')]") FAILED.
Reason:
com.thoughtworks.selenium.SeleniumException: unknown error: Element <button type="button" class="Common__DefaultButton-r4giz5-1 Common__JumboButton-r4giz5-2 SubmitButton-nmdtlk-0 ProductDropDown__CTAButton-trye76-5 jeXAtY btn btn-primary">...</button> is not clickable at point (187, 606). Other element would receive the click: <div class="pages__PhoneCtaResponsive-sc-1dmd8vs-30 hzFEeU">...</div>
  (Session info: chrome=80.0.3987.132)
  (Driver info: chromedriver=2.43.600210 (68dcf5eebde37173d4027fa8635e332711d2874a),platform=Windows NT 6.3.9600 x86_64) (WARNING: The server did not provide any stacktrace information)
Command duration or timeout: 0 milliseconds
Build info: version: '3.7.1', revision: '8a0099a', time: '2017-11-06T21:07:36.161Z'
System info: host: 'WIN-U215233FMVE', ip: '172.30.0.53', os.name: 'Windows Server 2012 R2', os.arch: 'amd64', os.version: '6.3', java.version: '1.8.0_181'
Driver info: com.kms.katalon.selenium.driver.CChromeDriver
Capabilities {acceptInsecureCerts: false, acceptSslCerts: false, applicationCacheEnabled: false, browserConnectionEnabled: false, browserName: chrome, chrome: {chromedriverVersion: 2.43.600210 (68dcf5eebde371..., userDataDir: C:\Users\ADMINI~1\AppData\L...}, cssSelectorsEnabled: true, databaseEnabled: false, goog:chromeOptions: {debuggerAddress: localhost:52500}, handlesAlerts: true, hasTouchScreen: true, javascriptEnabled: true, locationContextEnabled: true, mobileEmulationEnabled: true, nativeEvents: true, networkConnectionEnabled: false, pageLoadStrategy: normal, platform: XP, platformName: XP, rotatable: false, setWindowRect: true, takesHeapSnapshot: true, takesScreenshot: true, unexpectedAlertBehaviour: , unhandledPromptBehavior: , version: 80.0.3987.132, webStorageEnabled: true}
Session ID: 6263d391c3651ba2992e118db3b9557a
	at com.thoughtworks.selenium.webdriven.SeleneseCommand.apply(SeleneseCommand.java:45)
	at com.thoughtworks.selenium.webdriven.Timer.run(Timer.java:41)
	at com.thoughtworks.selenium.webdriven.WebDriverCommandProcessor.execute(WebDriverCommandProcessor.java:150)
	at com.thoughtworks.selenium.webdriven.WebDriverCommandProcessor.doCommand(WebDriverCommandProcessor.java:76)
	at com.thoughtworks.selenium.DefaultSelenium.click(DefaultSelenium.java:198)
	at com.thoughtworks.selenium.Selenium$click.call(Unknown Source)
	at Cancer.run(Cancer:39)
	at com.kms.katalon.core.main.ScriptEngine.run(ScriptEngine.java:194)
	at com.kms.katalon.core.main.ScriptEngine.runScriptAsRawText(ScriptEngine.java:119)
	at com.kms.katalon.core.main.TestCaseExecutor.runScript(TestCaseExecutor.java:328)
	at com.kms.katalon.core.main.TestCaseExecutor.doExecute(TestCaseExecutor.java:319)
	at com.kms.katalon.core.main.TestCaseExecutor.processExecutionPhase(TestCaseExecutor.java:298)
	at com.kms.katalon.core.main.TestCaseExecutor.accessMainPhase(TestCaseExecutor.java:290)
	at com.kms.katalon.core.main.TestCaseExecutor.execute(TestCaseExecutor.java:224)
	at com.kms.katalon.core.main.TestSuiteExecutor.accessTestCaseMainPhase(TestSuiteExecutor.java:129)
	at com.kms.katalon.core.main.TestSuiteExecutor.accessTestSuiteMainPhase(TestSuiteExecutor.java:112)
	at com.kms.katalon.core.main.TestSuiteExecutor.execute(TestSuiteExecutor.java:81)
	at com.kms.katalon.core.main.TestCaseMain.startTestSuite(TestCaseMain.java:149)
	at com.kms.katalon.core.main.TestCaseMain$startTestSuite$0.call(Unknown Source)
	at TempTestSuite1583841633899.run(TempTestSuite1583841633899.groovy:36)
Caused by: org.openqa.selenium.WebDriverException: unknown error: Element <button type="button" class="Common__DefaultButton-r4giz5-1 Common__JumboButton-r4giz5-2 SubmitButton-nmdtlk-0 ProductDropDown__CTAButton-trye76-5 jeXAtY btn btn-primary">...</button> is not clickable at point (187, 606). Other element would receive the click: <div class="pages__PhoneCtaResponsive-sc-1dmd8vs-30 hzFEeU">...</div>
  (Session info: chrome=80.0.3987.132)
  (Driver info: chromedriver=2.43.600210 (68dcf5eebde37173d4027fa8635e332711d2874a),platform=Windows NT 6.3.9600 x86_64) (WARNING: The server did not provide any stacktrace information)
Command duration or timeout: 0 milliseconds
Build info: version: '3.7.1', revision: '8a0099a', time: '2017-11-06T21:07:36.161Z'
System info: host: 'WIN-U215233FMVE', ip: '172.30.0.53', os.name: 'Windows Server 2012 R2', os.arch: 'amd64', os.version: '6.3', java.version: '1.8.0_181'
Driver info: com.kms.katalon.selenium.driver.CChromeDriver
Capabilities {acceptInsecureCerts: false, acceptSslCerts: false, applicationCacheEnabled: false, browserConnectionEnabled: false, browserName: chrome, chrome: {chromedriverVersion: 2.43.600210 (68dcf5eebde371..., userDataDir: C:\Users\ADMINI~1\AppData\L...}, cssSelectorsEnabled: true, databaseEnabled: false, goog:chromeOptions: {debuggerAddress: localhost:52500}, handlesAlerts: true, hasTouchScreen: true, javascriptEnabled: true, locationContextEnabled: true, mobileEmulationEnabled: true, nativeEvents: true, networkConnectionEnabled: false, pageLoadStrategy: normal, platform: XP, platformName: XP, rotatable: false, setWindowRect: true, takesHeapSnapshot: true, takesScreenshot: true, unexpectedAlertBehaviour: , unhandledPromptBehavior: , version: 80.0.3987.132, webStorageEnabled: true}
Session ID: 6263d391c3651ba2992e118db3b9557a
	at org.openqa.selenium.remote.ErrorHandler.createThrowable(ErrorHandler.java:214)
	at org.openqa.selenium.remote.ErrorHandler.throwIfResponseFailed(ErrorHandler.java:166)
	at org.openqa.selenium.remote.http.JsonHttpResponseCodec.reconstructValue(JsonHttpResponseCodec.java:40)
	at org.openqa.selenium.remote.http.AbstractHttpResponseCodec.decode(AbstractHttpResponseCodec.java:80)
	at org.openqa.selenium.remote.http.AbstractHttpResponseCodec.decode(AbstractHttpResponseCodec.java:44)
	at org.openqa.selenium.remote.HttpCommandExecutor.execute(HttpCommandExecutor.java:164)
	at org.openqa.selenium.remote.service.DriverCommandExecutor.execute(DriverCommandExecutor.java:83)
	at org.openqa.selenium.remote.RemoteWebDriver.execute(RemoteWebDriver.java:600)
	at com.kms.katalon.selenium.driver.CChromeDriver.execute(CChromeDriver.java:20)
	at org.openqa.selenium.remote.RemoteWebElement.execute(RemoteWebElement.java:279)
	at org.openqa.selenium.remote.RemoteWebElement.click(RemoteWebElement.java:83)
	at com.thoughtworks.selenium.webdriven.commands.Click.handleSeleneseCommand(Click.java:40)
	at com.thoughtworks.selenium.webdriven.commands.Click.handleSeleneseCommand(Click.java:26)
	at com.thoughtworks.selenium.webdriven.SeleneseCommand.apply(SeleneseCommand.java:36)
	at com.thoughtworks.selenium.webdriven.Timer.run(Timer.java:41)
	at com.thoughtworks.selenium.webdriven.WebDriverCommandProcessor.execute(WebDriverCommandProcessor.java:150)
	at com.thoughtworks.selenium.webdriven.WebDriverCommandProcessor.doCommand(WebDriverCommandProcessor.java:76)
	at com.thoughtworks.selenium.DefaultSelenium.click(DefaultSelenium.java:198)
	at com.thoughtworks.selenium.Selenium$click.call(Unknown Source)
	at Script1583724604507.run(Script1583724604507.groovy:39)
	... 13 more


2020-03-10 08:01:23 - [MESSAGE][ERROR] - selenium.click("//button[contains(text(),'COMPARE HEALTHPLANS')]") FAILED.
Reason:
com.thoughtworks.selenium.SeleniumException: unknown error: Element <button type="button" class="Common__DefaultButton-r4giz5-1 Common__JumboButton-r4giz5-2 SubmitButton-nmdtlk-0 ProductDropDown__CTAButton-trye76-5 jeXAtY btn btn-primary">...</button> is not clickable at point (187, 606). Other element would receive the click: <div class="pages__PhoneCtaResponsive-sc-1dmd8vs-30 hzFEeU">...</div>
  (Session info: chrome=80.0.3987.132)
  (Driver info: chromedriver=2.43.600210 (68dcf5eebde37173d4027fa8635e332711d2874a),platform=Windows NT 6.3.9600 x86_64) (WARNING: The server did not provide any stacktrace information)
Command duration or timeout: 0 milliseconds
Build info: version: '3.7.1', revision: '8a0099a', time: '2017-11-06T21:07:36.161Z'
System info: host: 'WIN-U215233FMVE', ip: '172.30.0.53', os.name: 'Windows Server 2012 R2', os.arch: 'amd64', os.version: '6.3', java.version: '1.8.0_181'
Driver info: com.kms.katalon.selenium.driver.CChromeDriver
Capabilities {acceptInsecureCerts: false, acceptSslCerts: false, applicationCacheEnabled: false, browserConnectionEnabled: false, browserName: chrome, chrome: {chromedriverVersion: 2.43.600210 (68dcf5eebde371..., userDataDir: C:\Users\ADMINI~1\AppData\L...}, cssSelectorsEnabled: true, databaseEnabled: false, goog:chromeOptions: {debuggerAddress: localhost:52500}, handlesAlerts: true, hasTouchScreen: true, javascriptEnabled: true, locationContextEnabled: true, mobileEmulationEnabled: true, nativeEvents: true, networkConnectionEnabled: false, pageLoadStrategy: normal, platform: XP, platformName: XP, rotatable: false, setWindowRect: true, takesHeapSnapshot: true, takesScreenshot: true, unexpectedAlertBehaviour: , unhandledPromptBehavior: , version: 80.0.3987.132, webStorageEnabled: true}
Session ID: 6263d391c3651ba2992e118db3b9557a
	at com.thoughtworks.selenium.webdriven.SeleneseCommand.apply(SeleneseCommand.java:45)
	at com.thoughtworks.selenium.webdriven.Timer.run(Timer.java:41)
	at com.thoughtworks.selenium.webdriven.WebDriverCommandProcessor.execute(WebDriverCommandProcessor.java:150)
	at com.thoughtworks.selenium.webdriven.WebDriverCommandProcessor.doCommand(WebDriverCommandProcessor.java:76)
	at com.thoughtworks.selenium.DefaultSelenium.click(DefaultSelenium.java:198)
	at com.thoughtworks.selenium.Selenium$click.call(Unknown Source)
	at Cancer.run(Cancer:39)
	at com.kms.katalon.core.main.ScriptEngine.run(ScriptEngine.java:194)
	at com.kms.katalon.core.main.ScriptEngine.runScriptAsRawText(ScriptEngine.java:119)
	at com.kms.katalon.core.main.TestCaseExecutor.runScript(TestCaseExecutor.java:328)
	at com.kms.katalon.core.main.TestCaseExecutor.doExecute(TestCaseExecutor.java:319)
	at com.kms.katalon.core.main.TestCaseExecutor.processExecutionPhase(TestCaseExecutor.java:298)
	at com.kms.katalon.core.main.TestCaseExecutor.accessMainPhase(TestCaseExecutor.java:290)
	at com.kms.katalon.core.main.TestCaseExecutor.execute(TestCaseExecutor.java:224)
	at com.kms.katalon.core.main.TestSuiteExecutor.accessTestCaseMainPhase(TestSuiteExecutor.java:129)
	at com.kms.katalon.core.main.TestSuiteExecutor.accessTestSuiteMainPhase(TestSuiteExecutor.java:112)
	at com.kms.katalon.core.main.TestSuiteExecutor.execute(TestSuiteExecutor.java:81)
	at com.kms.katalon.core.main.TestCaseMain.startTestSuite(TestCaseMain.java:149)
	at com.kms.katalon.core.main.TestCaseMain$startTestSuite$0.call(Unknown Source)
	at TempTestSuite1583841633899.run(TempTestSuite1583841633899.groovy:36)
Caused by: org.openqa.selenium.WebDriverException: unknown error: Element <button type="button" class="Common__DefaultButton-r4giz5-1 Common__JumboButton-r4giz5-2 SubmitButton-nmdtlk-0 ProductDropDown__CTAButton-trye76-5 jeXAtY btn btn-primary">...</button> is not clickable at point (187, 606). Other element would receive the click: <div class="pages__PhoneCtaResponsive-sc-1dmd8vs-30 hzFEeU">...</div>
  (Session info: chrome=80.0.3987.132)
  (Driver info: chromedriver=2.43.600210 (68dcf5eebde37173d4027fa8635e332711d2874a),platform=Windows NT 6.3.9600 x86_64) (WARNING: The server did not provide any stacktrace information)
Command duration or timeout: 0 milliseconds
Build info: version: '3.7.1', revision: '8a0099a', time: '2017-11-06T21:07:36.161Z'
System info: host: 'WIN-U215233FMVE', ip: '172.30.0.53', os.name: 'Windows Server 2012 R2', os.arch: 'amd64', os.version: '6.3', java.version: '1.8.0_181'
Driver info: com.kms.katalon.selenium.driver.CChromeDriver
Capabilities {acceptInsecureCerts: false, acceptSslCerts: false, applicationCacheEnabled: false, browserConnectionEnabled: false, browserName: chrome, chrome: {chromedriverVersion: 2.43.600210 (68dcf5eebde371..., userDataDir: C:\Users\ADMINI~1\AppData\L...}, cssSelectorsEnabled: true, databaseEnabled: false, goog:chromeOptions: {debuggerAddress: localhost:52500}, handlesAlerts: true, hasTouchScreen: true, javascriptEnabled: true, locationContextEnabled: true, mobileEmulationEnabled: true, nativeEvents: true, networkConnectionEnabled: false, pageLoadStrategy: normal, platform: XP, platformName: XP, rotatable: false, setWindowRect: true, takesHeapSnapshot: true, takesScreenshot: true, unexpectedAlertBehaviour: , unhandledPromptBehavior: , version: 80.0.3987.132, webStorageEnabled: true}
Session ID: 6263d391c3651ba2992e118db3b9557a
	at org.openqa.selenium.remote.ErrorHandler.createThrowable(ErrorHandler.java:214)
	at org.openqa.selenium.remote.ErrorHandler.throwIfResponseFailed(ErrorHandler.java:166)
	at org.openqa.selenium.remote.http.JsonHttpResponseCodec.reconstructValue(JsonHttpResponseCodec.java:40)
	at org.openqa.selenium.remote.http.AbstractHttpResponseCodec.decode(AbstractHttpResponseCodec.java:80)
	at org.openqa.selenium.remote.http.AbstractHttpResponseCodec.decode(AbstractHttpResponseCodec.java:44)
	at org.openqa.selenium.remote.HttpCommandExecutor.execute(HttpCommandExecutor.java:164)
	at org.openqa.selenium.remote.service.DriverCommandExecutor.execute(DriverCommandExecutor.java:83)
	at org.openqa.selenium.remote.RemoteWebDriver.execute(RemoteWebDriver.java:600)
	at com.kms.katalon.selenium.driver.CChromeDriver.execute(CChromeDriver.java:20)
	at org.openqa.selenium.remote.RemoteWebElement.execute(RemoteWebElement.java:279)
	at org.openqa.selenium.remote.RemoteWebElement.click(RemoteWebElement.java:83)
	at com.thoughtworks.selenium.webdriven.commands.Click.handleSeleneseCommand(Click.java:40)
	at com.thoughtworks.selenium.webdriven.commands.Click.handleSeleneseCommand(Click.java:26)
	at com.thoughtworks.selenium.webdriven.SeleneseCommand.apply(SeleneseCommand.java:36)
	at com.thoughtworks.selenium.webdriven.Timer.run(Timer.java:41)
	at com.thoughtworks.selenium.webdriven.WebDriverCommandProcessor.execute(WebDriverCommandProcessor.java:150)
	at com.thoughtworks.selenium.webdriven.WebDriverCommandProcessor.doCommand(WebDriverCommandProcessor.java:76)
	at com.thoughtworks.selenium.DefaultSelenium.click(DefaultSelenium.java:198)
	at com.thoughtworks.selenium.Selenium$click.call(Unknown Source)
	at Script1583724604507.run(Script1583724604507.groovy:39)
	... 13 more]]></system-out>
         <system-err><![CDATA[2020-03-10 08:01:03 - [TEST_CASE][ERROR] - Test Cases/HIC/New/Cancer: Test Cases/HIC/New/Cancer FAILED.
Reason:
com.thoughtworks.selenium.SeleniumException: unknown error: Element <button type="button" class="Common__DefaultButton-r4giz5-1 Common__JumboButton-r4giz5-2 SubmitButton-nmdtlk-0 ProductDropDown__CTAButton-trye76-5 jeXAtY btn btn-primary">...</button> is not clickable at point (187, 606). Other element would receive the click: <div class="pages__PhoneCtaResponsive-sc-1dmd8vs-30 hzFEeU">...</div>
  (Session info: chrome=80.0.3987.132)
  (Driver info: chromedriver=2.43.600210 (68dcf5eebde37173d4027fa8635e332711d2874a),platform=Windows NT 6.3.9600 x86_64) (WARNING: The server did not provide any stacktrace information)
Command duration or timeout: 0 milliseconds
Build info: version: '3.7.1', revision: '8a0099a', time: '2017-11-06T21:07:36.161Z'
System info: host: 'WIN-U215233FMVE', ip: '172.30.0.53', os.name: 'Windows Server 2012 R2', os.arch: 'amd64', os.version: '6.3', java.version: '1.8.0_181'
Driver info: com.kms.katalon.selenium.driver.CChromeDriver
Capabilities {acceptInsecureCerts: false, acceptSslCerts: false, applicationCacheEnabled: false, browserConnectionEnabled: false, browserName: chrome, chrome: {chromedriverVersion: 2.43.600210 (68dcf5eebde371..., userDataDir: C:\Users\ADMINI~1\AppData\L...}, cssSelectorsEnabled: true, databaseEnabled: false, goog:chromeOptions: {debuggerAddress: localhost:52500}, handlesAlerts: true, hasTouchScreen: true, javascriptEnabled: true, locationContextEnabled: true, mobileEmulationEnabled: true, nativeEvents: true, networkConnectionEnabled: false, pageLoadStrategy: normal, platform: XP, platformName: XP, rotatable: false, setWindowRect: true, takesHeapSnapshot: true, takesScreenshot: true, unexpectedAlertBehaviour: , unhandledPromptBehavior: , version: 80.0.3987.132, webStorageEnabled: true}
Session ID: 6263d391c3651ba2992e118db3b9557a
	at com.thoughtworks.selenium.webdriven.SeleneseCommand.apply(SeleneseCommand.java:45)
	at com.thoughtworks.selenium.webdriven.Timer.run(Timer.java:41)
	at com.thoughtworks.selenium.webdriven.WebDriverCommandProcessor.execute(WebDriverCommandProcessor.java:150)
	at com.thoughtworks.selenium.webdriven.WebDriverCommandProcessor.doCommand(WebDriverCommandProcessor.java:76)
	at com.thoughtworks.selenium.DefaultSelenium.click(DefaultSelenium.java:198)
	at com.thoughtworks.selenium.Selenium$click.call(Unknown Source)
	at Cancer.run(Cancer:39)
	at com.kms.katalon.core.main.ScriptEngine.run(ScriptEngine.java:194)
	at com.kms.katalon.core.main.ScriptEngine.runScriptAsRawText(ScriptEngine.java:119)
	at com.kms.katalon.core.main.TestCaseExecutor.runScript(TestCaseExecutor.java:328)
	at com.kms.katalon.core.main.TestCaseExecutor.doExecute(TestCaseExecutor.java:319)
	at com.kms.katalon.core.main.TestCaseExecutor.processExecutionPhase(TestCaseExecutor.java:298)
	at com.kms.katalon.core.main.TestCaseExecutor.accessMainPhase(TestCaseExecutor.java:290)
	at com.kms.katalon.core.main.TestCaseExecutor.execute(TestCaseExecutor.java:224)
	at com.kms.katalon.core.main.TestSuiteExecutor.accessTestCaseMainPhase(TestSuiteExecutor.java:129)
	at com.kms.katalon.core.main.TestSuiteExecutor.accessTestSuiteMainPhase(TestSuiteExecutor.java:112)
	at com.kms.katalon.core.main.TestSuiteExecutor.execute(TestSuiteExecutor.java:81)
	at com.kms.katalon.core.main.TestCaseMain.startTestSuite(TestCaseMain.java:149)
	at com.kms.katalon.core.main.TestCaseMain$startTestSuite$0.call(Unknown Source)
	at TempTestSuite1583841633899.run(TempTestSuite1583841633899.groovy:36)
Caused by: org.openqa.selenium.WebDriverException: unknown error: Element <button type="button" class="Common__DefaultButton-r4giz5-1 Common__JumboButton-r4giz5-2 SubmitButton-nmdtlk-0 ProductDropDown__CTAButton-trye76-5 jeXAtY btn btn-primary">...</button> is not clickable at point (187, 606). Other element would receive the click: <div class="pages__PhoneCtaResponsive-sc-1dmd8vs-30 hzFEeU">...</div>
  (Session info: chrome=80.0.3987.132)
  (Driver info: chromedriver=2.43.600210 (68dcf5eebde37173d4027fa8635e332711d2874a),platform=Windows NT 6.3.9600 x86_64) (WARNING: The server did not provide any stacktrace information)
Command duration or timeout: 0 milliseconds
Build info: version: '3.7.1', revision: '8a0099a', time: '2017-11-06T21:07:36.161Z'
System info: host: 'WIN-U215233FMVE', ip: '172.30.0.53', os.name: 'Windows Server 2012 R2', os.arch: 'amd64', os.version: '6.3', java.version: '1.8.0_181'
Driver info: com.kms.katalon.selenium.driver.CChromeDriver
Capabilities {acceptInsecureCerts: false, acceptSslCerts: false, applicationCacheEnabled: false, browserConnectionEnabled: false, browserName: chrome, chrome: {chromedriverVersion: 2.43.600210 (68dcf5eebde371..., userDataDir: C:\Users\ADMINI~1\AppData\L...}, cssSelectorsEnabled: true, databaseEnabled: false, goog:chromeOptions: {debuggerAddress: localhost:52500}, handlesAlerts: true, hasTouchScreen: true, javascriptEnabled: true, locationContextEnabled: true, mobileEmulationEnabled: true, nativeEvents: true, networkConnectionEnabled: false, pageLoadStrategy: normal, platform: XP, platformName: XP, rotatable: false, setWindowRect: true, takesHeapSnapshot: true, takesScreenshot: true, unexpectedAlertBehaviour: , unhandledPromptBehavior: , version: 80.0.3987.132, webStorageEnabled: true}
Session ID: 6263d391c3651ba2992e118db3b9557a
	at org.openqa.selenium.remote.ErrorHandler.createThrowable(ErrorHandler.java:214)
	at org.openqa.selenium.remote.ErrorHandler.throwIfResponseFailed(ErrorHandler.java:166)
	at org.openqa.selenium.remote.http.JsonHttpResponseCodec.reconstructValue(JsonHttpResponseCodec.java:40)
	at org.openqa.selenium.remote.http.AbstractHttpResponseCodec.decode(AbstractHttpResponseCodec.java:80)
	at org.openqa.selenium.remote.http.AbstractHttpResponseCodec.decode(AbstractHttpResponseCodec.java:44)
	at org.openqa.selenium.remote.HttpCommandExecutor.execute(HttpCommandExecutor.java:164)
	at org.openqa.selenium.remote.service.DriverCommandExecutor.execute(DriverCommandExecutor.java:83)
	at org.openqa.selenium.remote.RemoteWebDriver.execute(RemoteWebDriver.java:600)
	at com.kms.katalon.selenium.driver.CChromeDriver.execute(CChromeDriver.java:20)
	at org.openqa.selenium.remote.RemoteWebElement.execute(RemoteWebElement.java:279)
	at org.openqa.selenium.remote.RemoteWebElement.click(RemoteWebElement.java:83)
	at com.thoughtworks.selenium.webdriven.commands.Click.handleSeleneseCommand(Click.java:40)
	at com.thoughtworks.selenium.webdriven.commands.Click.handleSeleneseCommand(Click.java:26)
	at com.thoughtworks.selenium.webdriven.SeleneseCommand.apply(SeleneseCommand.java:36)
	at com.thoughtworks.selenium.webdriven.Timer.run(Timer.java:41)
	at com.thoughtworks.selenium.webdriven.WebDriverCommandProcessor.execute(WebDriverCommandProcessor.java:150)
	at com.thoughtworks.selenium.webdriven.WebDriverCommandProcessor.doCommand(WebDriverCommandProcessor.java:76)
	at com.thoughtworks.selenium.DefaultSelenium.click(DefaultSelenium.java:198)
	at com.thoughtworks.selenium.Selenium$click.call(Unknown Source)
	at Script1583724604507.run(Script1583724604507.groovy:39)
	... 13 more]]></system-err>
      </testcase>
      <testcase name="Test Cases/HIC/New/Dental" classname="Test Cases/HIC/New/Dental" status="ERROR">
         <error type="ERROR" message="Test Cases/HIC/New/Dental FAILED.
Reason:
com.thoughtworks.selenium.SeleniumException: unknown error: Element &lt;button type=&quot;button&quot; class=&quot;Common__DefaultButton-r4giz5-1 Common__JumboButton-r4giz5-2 SubmitButton-nmdtlk-0 ProductDropDown__CTAButton-trye76-5 jeXAtY btn btn-primary&quot;>...&lt;/button> is not clickable at point (187, 606). Other element would receive the click: &lt;div class=&quot;pages__PhoneCtaResponsive-sc-1dmd8vs-30 hzFEeU&quot;>...&lt;/div>
  (Session info: chrome=80.0.3987.132)
  (Driver info: chromedriver=2.43.600210 (68dcf5eebde37173d4027fa8635e332711d2874a),platform=Windows NT 6.3.9600 x86_64) (WARNING: The server did not provide any stacktrace information)
Command duration or timeout: 0 milliseconds
Build info: version: '3.7.1', revision: '8a0099a', time: '2017-11-06T21:07:36.161Z'
System info: host: 'WIN-U215233FMVE', ip: '172.30.0.53', os.name: 'Windows Server 2012 R2', os.arch: 'amd64', os.version: '6.3', java.version: '1.8.0_181'
Driver info: com.kms.katalon.selenium.driver.CChromeDriver
Capabilities {acceptInsecureCerts: false, acceptSslCerts: false, applicationCacheEnabled: false, browserConnectionEnabled: false, browserName: chrome, chrome: {chromedriverVersion: 2.43.600210 (68dcf5eebde371..., userDataDir: C:\Users\ADMINI~1\AppData\L...}, cssSelectorsEnabled: true, databaseEnabled: false, goog:chromeOptions: {debuggerAddress: localhost:52628}, handlesAlerts: true, hasTouchScreen: true, javascriptEnabled: true, locationContextEnabled: true, mobileEmulationEnabled: true, nativeEvents: true, networkConnectionEnabled: false, pageLoadStrategy: normal, platform: XP, platformName: XP, rotatable: false, setWindowRect: true, takesHeapSnapshot: true, takesScreenshot: true, unexpectedAlertBehaviour: , unhandledPromptBehavior: , version: 80.0.3987.132, webStorageEnabled: true}
Session ID: e04ed321441e95be4405e344f0927679
	at com.thoughtworks.selenium.webdriven.SeleneseCommand.apply(SeleneseCommand.java:45)
	at com.thoughtworks.selenium.webdriven.Timer.run(Timer.java:41)
	at com.thoughtworks.selenium.webdriven.WebDriverCommandProcessor.execute(WebDriverCommandProcessor.java:150)
	at com.thoughtworks.selenium.webdriven.WebDriverCommandProcessor.doCommand(WebDriverCommandProcessor.java:76)
	at com.thoughtworks.selenium.DefaultSelenium.click(DefaultSelenium.java:198)
	at com.thoughtworks.selenium.Selenium$click.call(Unknown Source)
	at Dental.run(Dental:35)
	at com.kms.katalon.core.main.ScriptEngine.run(ScriptEngine.java:194)
	at com.kms.katalon.core.main.ScriptEngine.runScriptAsRawText(ScriptEngine.java:119)
	at com.kms.katalon.core.main.TestCaseExecutor.runScript(TestCaseExecutor.java:328)
	at com.kms.katalon.core.main.TestCaseExecutor.doExecute(TestCaseExecutor.java:319)
	at com.kms.katalon.core.main.TestCaseExecutor.processExecutionPhase(TestCaseExecutor.java:298)
	at com.kms.katalon.core.main.TestCaseExecutor.accessMainPhase(TestCaseExecutor.java:290)
	at com.kms.katalon.core.main.TestCaseExecutor.execute(TestCaseExecutor.java:224)
	at com.kms.katalon.core.main.TestSuiteExecutor.accessTestCaseMainPhase(TestSuiteExecutor.java:129)
	at com.kms.katalon.core.main.TestSuiteExecutor.accessTestSuiteMainPhase(TestSuiteExecutor.java:112)
	at com.kms.katalon.core.main.TestSuiteExecutor.execute(TestSuiteExecutor.java:81)
	at com.kms.katalon.core.main.TestCaseMain.startTestSuite(TestCaseMain.java:149)
	at com.kms.katalon.core.main.TestCaseMain$startTestSuite$0.call(Unknown Source)
	at TempTestSuite1583841633899.run(TempTestSuite1583841633899.groovy:36)
Caused by: org.openqa.selenium.WebDriverException: unknown error: Element &lt;button type=&quot;button&quot; class=&quot;Common__DefaultButton-r4giz5-1 Common__JumboButton-r4giz5-2 SubmitButton-nmdtlk-0 ProductDropDown__CTAButton-trye76-5 jeXAtY btn btn-primary&quot;>...&lt;/button> is not clickable at point (187, 606). Other element would receive the click: &lt;div class=&quot;pages__PhoneCtaResponsive-sc-1dmd8vs-30 hzFEeU&quot;>...&lt;/div>
  (Session info: chrome=80.0.3987.132)
  (Driver info: chromedriver=2.43.600210 (68dcf5eebde37173d4027fa8635e332711d2874a),platform=Windows NT 6.3.9600 x86_64) (WARNING: The server did not provide any stacktrace information)
Command duration or timeout: 0 milliseconds
Build info: version: '3.7.1', revision: '8a0099a', time: '2017-11-06T21:07:36.161Z'
System info: host: 'WIN-U215233FMVE', ip: '172.30.0.53', os.name: 'Windows Server 2012 R2', os.arch: 'amd64', os.version: '6.3', java.version: '1.8.0_181'
Driver info: com.kms.katalon.selenium.driver.CChromeDriver
Capabilities {acceptInsecureCerts: false, acceptSslCerts: false, applicationCacheEnabled: false, browserConnectionEnabled: false, browserName: chrome, chrome: {chromedriverVersion: 2.43.600210 (68dcf5eebde371..., userDataDir: C:\Users\ADMINI~1\AppData\L...}, cssSelectorsEnabled: true, databaseEnabled: false, goog:chromeOptions: {debuggerAddress: localhost:52628}, handlesAlerts: true, hasTouchScreen: true, javascriptEnabled: true, locationContextEnabled: true, mobileEmulationEnabled: true, nativeEvents: true, networkConnectionEnabled: false, pageLoadStrategy: normal, platform: XP, platformName: XP, rotatable: false, setWindowRect: true, takesHeapSnapshot: true, takesScreenshot: true, unexpectedAlertBehaviour: , unhandledPromptBehavior: , version: 80.0.3987.132, webStorageEnabled: true}
Session ID: e04ed321441e95be4405e344f0927679
	at org.openqa.selenium.remote.ErrorHandler.createThrowable(ErrorHandler.java:214)
	at org.openqa.selenium.remote.ErrorHandler.throwIfResponseFailed(ErrorHandler.java:166)
	at org.openqa.selenium.remote.http.JsonHttpResponseCodec.reconstructValue(JsonHttpResponseCodec.java:40)
	at org.openqa.selenium.remote.http.AbstractHttpResponseCodec.decode(AbstractHttpResponseCodec.java:80)
	at org.openqa.selenium.remote.http.AbstractHttpResponseCodec.decode(AbstractHttpResponseCodec.java:44)
	at org.openqa.selenium.remote.HttpCommandExecutor.execute(HttpCommandExecutor.java:164)
	at org.openqa.selenium.remote.service.DriverCommandExecutor.execute(DriverCommandExecutor.java:83)
	at org.openqa.selenium.remote.RemoteWebDriver.execute(RemoteWebDriver.java:600)
	at com.kms.katalon.selenium.driver.CChromeDriver.execute(CChromeDriver.java:20)
	at org.openqa.selenium.remote.RemoteWebElement.execute(RemoteWebElement.java:279)
	at org.openqa.selenium.remote.RemoteWebElement.click(RemoteWebElement.java:83)
	at com.thoughtworks.selenium.webdriven.commands.Click.handleSeleneseCommand(Click.java:40)
	at com.thoughtworks.selenium.webdriven.commands.Click.handleSeleneseCommand(Click.java:26)
	at com.thoughtworks.selenium.webdriven.SeleneseCommand.apply(SeleneseCommand.java:36)
	at com.thoughtworks.selenium.webdriven.Timer.run(Timer.java:41)
	at com.thoughtworks.selenium.webdriven.WebDriverCommandProcessor.execute(WebDriverCommandProcessor.java:150)
	at com.thoughtworks.selenium.webdriven.WebDriverCommandProcessor.doCommand(WebDriverCommandProcessor.java:76)
	at com.thoughtworks.selenium.DefaultSelenium.click(DefaultSelenium.java:198)
	at com.thoughtworks.selenium.Selenium$click.call(Unknown Source)
	at Script1583731110248.run(Script1583731110248.groovy:35)
	... 13 more
"/>
         <system-out><![CDATA[2020-03-10 08:01:23 - [TEST_CASE][ERROR] - Test Cases/HIC/New/Dental: Test Cases/HIC/New/Dental FAILED.
Reason:
com.thoughtworks.selenium.SeleniumException: unknown error: Element <button type="button" class="Common__DefaultButton-r4giz5-1 Common__JumboButton-r4giz5-2 SubmitButton-nmdtlk-0 ProductDropDown__CTAButton-trye76-5 jeXAtY btn btn-primary">...</button> is not clickable at point (187, 606). Other element would receive the click: <div class="pages__PhoneCtaResponsive-sc-1dmd8vs-30 hzFEeU">...</div>
  (Session info: chrome=80.0.3987.132)
  (Driver info: chromedriver=2.43.600210 (68dcf5eebde37173d4027fa8635e332711d2874a),platform=Windows NT 6.3.9600 x86_64) (WARNING: The server did not provide any stacktrace information)
Command duration or timeout: 0 milliseconds
Build info: version: '3.7.1', revision: '8a0099a', time: '2017-11-06T21:07:36.161Z'
System info: host: 'WIN-U215233FMVE', ip: '172.30.0.53', os.name: 'Windows Server 2012 R2', os.arch: 'amd64', os.version: '6.3', java.version: '1.8.0_181'
Driver info: com.kms.katalon.selenium.driver.CChromeDriver
Capabilities {acceptInsecureCerts: false, acceptSslCerts: false, applicationCacheEnabled: false, browserConnectionEnabled: false, browserName: chrome, chrome: {chromedriverVersion: 2.43.600210 (68dcf5eebde371..., userDataDir: C:\Users\ADMINI~1\AppData\L...}, cssSelectorsEnabled: true, databaseEnabled: false, goog:chromeOptions: {debuggerAddress: localhost:52628}, handlesAlerts: true, hasTouchScreen: true, javascriptEnabled: true, locationContextEnabled: true, mobileEmulationEnabled: true, nativeEvents: true, networkConnectionEnabled: false, pageLoadStrategy: normal, platform: XP, platformName: XP, rotatable: false, setWindowRect: true, takesHeapSnapshot: true, takesScreenshot: true, unexpectedAlertBehaviour: , unhandledPromptBehavior: , version: 80.0.3987.132, webStorageEnabled: true}
Session ID: e04ed321441e95be4405e344f0927679
	at com.thoughtworks.selenium.webdriven.SeleneseCommand.apply(SeleneseCommand.java:45)
	at com.thoughtworks.selenium.webdriven.Timer.run(Timer.java:41)
	at com.thoughtworks.selenium.webdriven.WebDriverCommandProcessor.execute(WebDriverCommandProcessor.java:150)
	at com.thoughtworks.selenium.webdriven.WebDriverCommandProcessor.doCommand(WebDriverCommandProcessor.java:76)
	at com.thoughtworks.selenium.DefaultSelenium.click(DefaultSelenium.java:198)
	at com.thoughtworks.selenium.Selenium$click.call(Unknown Source)
	at Dental.run(Dental:35)
	at com.kms.katalon.core.main.ScriptEngine.run(ScriptEngine.java:194)
	at com.kms.katalon.core.main.ScriptEngine.runScriptAsRawText(ScriptEngine.java:119)
	at com.kms.katalon.core.main.TestCaseExecutor.runScript(TestCaseExecutor.java:328)
	at com.kms.katalon.core.main.TestCaseExecutor.doExecute(TestCaseExecutor.java:319)
	at com.kms.katalon.core.main.TestCaseExecutor.processExecutionPhase(TestCaseExecutor.java:298)
	at com.kms.katalon.core.main.TestCaseExecutor.accessMainPhase(TestCaseExecutor.java:290)
	at com.kms.katalon.core.main.TestCaseExecutor.execute(TestCaseExecutor.java:224)
	at com.kms.katalon.core.main.TestSuiteExecutor.accessTestCaseMainPhase(TestSuiteExecutor.java:129)
	at com.kms.katalon.core.main.TestSuiteExecutor.accessTestSuiteMainPhase(TestSuiteExecutor.java:112)
	at com.kms.katalon.core.main.TestSuiteExecutor.execute(TestSuiteExecutor.java:81)
	at com.kms.katalon.core.main.TestCaseMain.startTestSuite(TestCaseMain.java:149)
	at com.kms.katalon.core.main.TestCaseMain$startTestSuite$0.call(Unknown Source)
	at TempTestSuite1583841633899.run(TempTestSuite1583841633899.groovy:36)
Caused by: org.openqa.selenium.WebDriverException: unknown error: Element <button type="button" class="Common__DefaultButton-r4giz5-1 Common__JumboButton-r4giz5-2 SubmitButton-nmdtlk-0 ProductDropDown__CTAButton-trye76-5 jeXAtY btn btn-primary">...</button> is not clickable at point (187, 606). Other element would receive the click: <div class="pages__PhoneCtaResponsive-sc-1dmd8vs-30 hzFEeU">...</div>
  (Session info: chrome=80.0.3987.132)
  (Driver info: chromedriver=2.43.600210 (68dcf5eebde37173d4027fa8635e332711d2874a),platform=Windows NT 6.3.9600 x86_64) (WARNING: The server did not provide any stacktrace information)
Command duration or timeout: 0 milliseconds
Build info: version: '3.7.1', revision: '8a0099a', time: '2017-11-06T21:07:36.161Z'
System info: host: 'WIN-U215233FMVE', ip: '172.30.0.53', os.name: 'Windows Server 2012 R2', os.arch: 'amd64', os.version: '6.3', java.version: '1.8.0_181'
Driver info: com.kms.katalon.selenium.driver.CChromeDriver
Capabilities {acceptInsecureCerts: false, acceptSslCerts: false, applicationCacheEnabled: false, browserConnectionEnabled: false, browserName: chrome, chrome: {chromedriverVersion: 2.43.600210 (68dcf5eebde371..., userDataDir: C:\Users\ADMINI~1\AppData\L...}, cssSelectorsEnabled: true, databaseEnabled: false, goog:chromeOptions: {debuggerAddress: localhost:52628}, handlesAlerts: true, hasTouchScreen: true, javascriptEnabled: true, locationContextEnabled: true, mobileEmulationEnabled: true, nativeEvents: true, networkConnectionEnabled: false, pageLoadStrategy: normal, platform: XP, platformName: XP, rotatable: false, setWindowRect: true, takesHeapSnapshot: true, takesScreenshot: true, unexpectedAlertBehaviour: , unhandledPromptBehavior: , version: 80.0.3987.132, webStorageEnabled: true}
Session ID: e04ed321441e95be4405e344f0927679
	at org.openqa.selenium.remote.ErrorHandler.createThrowable(ErrorHandler.java:214)
	at org.openqa.selenium.remote.ErrorHandler.throwIfResponseFailed(ErrorHandler.java:166)
	at org.openqa.selenium.remote.http.JsonHttpResponseCodec.reconstructValue(JsonHttpResponseCodec.java:40)
	at org.openqa.selenium.remote.http.AbstractHttpResponseCodec.decode(AbstractHttpResponseCodec.java:80)
	at org.openqa.selenium.remote.http.AbstractHttpResponseCodec.decode(AbstractHttpResponseCodec.java:44)
	at org.openqa.selenium.remote.HttpCommandExecutor.execute(HttpCommandExecutor.java:164)
	at org.openqa.selenium.remote.service.DriverCommandExecutor.execute(DriverCommandExecutor.java:83)
	at org.openqa.selenium.remote.RemoteWebDriver.execute(RemoteWebDriver.java:600)
	at com.kms.katalon.selenium.driver.CChromeDriver.execute(CChromeDriver.java:20)
	at org.openqa.selenium.remote.RemoteWebElement.execute(RemoteWebElement.java:279)
	at org.openqa.selenium.remote.RemoteWebElement.click(RemoteWebElement.java:83)
	at com.thoughtworks.selenium.webdriven.commands.Click.handleSeleneseCommand(Click.java:40)
	at com.thoughtworks.selenium.webdriven.commands.Click.handleSeleneseCommand(Click.java:26)
	at com.thoughtworks.selenium.webdriven.SeleneseCommand.apply(SeleneseCommand.java:36)
	at com.thoughtworks.selenium.webdriven.Timer.run(Timer.java:41)
	at com.thoughtworks.selenium.webdriven.WebDriverCommandProcessor.execute(WebDriverCommandProcessor.java:150)
	at com.thoughtworks.selenium.webdriven.WebDriverCommandProcessor.doCommand(WebDriverCommandProcessor.java:76)
	at com.thoughtworks.selenium.DefaultSelenium.click(DefaultSelenium.java:198)
	at com.thoughtworks.selenium.Selenium$click.call(Unknown Source)
	at Script1583731110248.run(Script1583731110248.groovy:35)
	... 13 more


2020-03-10 08:01:24 - [TEST_STEP][PASSED] - callTestCase(findTestCase("HIC/_include/get_hicScreenPath"), ["project":"HIC", "productLine":"Dental", "carrierName":"USA Access"], CONTINUE_ON_FAILURE): Call Test Case 'Test Cases/HIC/_include/get_hicScreenPath' successfully

2020-03-10 08:01:24 - [TEST_CASE][PASSED] - Test Cases/HIC/_include/get_hicScreenPath: Test Cases/HIC/_include/get_hicScreenPath

2020-03-10 08:01:24 - [TEST_STEP][PASSED] - m = getExecutionProperties(): null

2020-03-10 08:01:24 - [TEST_STEP][PASSED] - deviceName = get("mobileEmulation").get("deviceName"): null

2020-03-10 08:01:24 - [TEST_STEP][PASSED] - println(deviceName): null

2020-03-10 08:01:24 - [TEST_STEP][PASSED] - now = new java.util.Date(): null

2020-03-10 08:01:24 - [TEST_STEP][PASSED] - mydate = now.format("yyyyMMdd_HHmmss"): null

2020-03-10 08:01:24 - [TEST_STEP][PASSED] - screenPath = "../Screenshots/": null

2020-03-10 08:01:24 - [TEST_STEP][PASSED] - screenPath = screenPath + deviceName + "/" + project + "/" + productLine + "/" + carrierName + "/" + mydate + "/": null

2020-03-10 08:01:24 - [TEST_STEP][PASSED] - println(screenPath): null

2020-03-10 08:01:24 - [MESSAGE][PASSED] - Call Test Case 'Test Cases/HIC/_include/get_hicScreenPath' successfully

2020-03-10 08:01:24 - [TEST_STEP][PASSED] - i = 0: null

2020-03-10 08:01:24 - [TEST_STEP][PASSED] - callTestCase(findTestCase("AHI/_include/openWebSite"), ["env":env], CONTINUE_ON_FAILURE): Call Test Case 'Test Cases/AHI/_include/openWebSite' successfully

2020-03-10 08:01:24 - [TEST_CASE][PASSED] - Test Cases/AHI/_include/openWebSite: Test Cases/AHI/_include/openWebSite

2020-03-10 08:01:24 - [TEST_STEP][PASSED] - openBrowser(env): Browser is opened with url: 'https://qa.healthinsurance.com'

2020-03-10 08:01:24 - [MESSAGE][WARNING] - A browser is already opened. Closing browser and opening a new one

2020-03-10 08:01:26 - [MESSAGE][INFO] - Starting 'Chrome' driver

2020-03-10 08:01:26 - [MESSAGE][INFO] - User set preference: ['mobileEmulation', '{deviceName=iPhone 6}']

2020-03-10 08:01:26 - [MESSAGE][INFO] - User set preference: ['args', '[--incognito, --aggressive-cache-discard, --window-size=375,677, --no-sandbox, --ignore-certificate-errors]']

2020-03-10 08:01:36 - [MESSAGE][PASSED] - Browser is opened with url: 'https://qa.healthinsurance.com'

2020-03-10 08:01:36 - [TEST_STEP][PASSED] - waitForPageLoad(20): Wait for page load successfully

2020-03-10 08:01:36 - [MESSAGE][PASSED] - Wait for page load successfully

2020-03-10 08:01:36 - [TEST_STEP][PASSED] - callTestCase(findTestCase("AHI/_include/get_screenshot"), [:], STOP_ON_FAILURE): Call Test Case 'Test Cases/AHI/_include/get_screenshot' successfully

2020-03-10 08:01:36 - [TEST_CASE][PASSED] - Test Cases/AHI/_include/get_screenshot: Test Cases/AHI/_include/get_screenshot

2020-03-10 08:01:36 - [TEST_STEP][PASSED] - Thread.sleep(1000): null

2020-03-10 08:01:37 - [TEST_STEP][PASSED] - takeScreenshot(screenPath + i + ".png"): Taking screenshot successfully

2020-03-10 08:01:40 - [MESSAGE][PASSED] - Taking screenshot successfully
[[ATTACHMENT|D:\\Test\\AgileTest\\Reports\\HIC\\hic\\20200310_080033\\../Screenshots/iPhone 6/HIC/Dental/USA Access/20200310_080124/0.png]]

2020-03-10 08:01:40 - [TEST_STEP][PASSED] - (internal.GlobalVariable.i++): null

2020-03-10 08:01:40 - [MESSAGE][PASSED] - Call Test Case 'Test Cases/AHI/_include/get_screenshot' successfully

2020-03-10 08:01:40 - [MESSAGE][PASSED] - Call Test Case 'Test Cases/AHI/_include/openWebSite' successfully

2020-03-10 08:01:40 - [TEST_STEP][PASSED] - driver = getWebDriver(): null

2020-03-10 08:01:40 - [TEST_STEP][PASSED] - baseUrl = env: null

2020-03-10 08:01:40 - [TEST_STEP][PASSED] - selenium = new com.thoughtworks.selenium.webdriven.WebDriverBackedSelenium(driver, baseUrl): null

2020-03-10 08:01:40 - [TEST_STEP][PASSED] - selenium.click("id=product-lines"): null

2020-03-10 08:01:42 - [TEST_STEP][PASSED] - selenium.click("//*[@id='product-lines']/following::div/button[contains(text(),'Dental')]"): null

2020-03-10 08:01:43 - [TEST_STEP][ERROR] - selenium.click("//button[contains(text(),'COMPARE HEALTHPLANS')]"): selenium.click("//button[contains(text(),'COMPARE HEALTHPLANS')]") FAILED.
Reason:
com.thoughtworks.selenium.SeleniumException: unknown error: Element <button type="button" class="Common__DefaultButton-r4giz5-1 Common__JumboButton-r4giz5-2 SubmitButton-nmdtlk-0 ProductDropDown__CTAButton-trye76-5 jeXAtY btn btn-primary">...</button> is not clickable at point (187, 606). Other element would receive the click: <div class="pages__PhoneCtaResponsive-sc-1dmd8vs-30 hzFEeU">...</div>
  (Session info: chrome=80.0.3987.132)
  (Driver info: chromedriver=2.43.600210 (68dcf5eebde37173d4027fa8635e332711d2874a),platform=Windows NT 6.3.9600 x86_64) (WARNING: The server did not provide any stacktrace information)
Command duration or timeout: 0 milliseconds
Build info: version: '3.7.1', revision: '8a0099a', time: '2017-11-06T21:07:36.161Z'
System info: host: 'WIN-U215233FMVE', ip: '172.30.0.53', os.name: 'Windows Server 2012 R2', os.arch: 'amd64', os.version: '6.3', java.version: '1.8.0_181'
Driver info: com.kms.katalon.selenium.driver.CChromeDriver
Capabilities {acceptInsecureCerts: false, acceptSslCerts: false, applicationCacheEnabled: false, browserConnectionEnabled: false, browserName: chrome, chrome: {chromedriverVersion: 2.43.600210 (68dcf5eebde371..., userDataDir: C:\Users\ADMINI~1\AppData\L...}, cssSelectorsEnabled: true, databaseEnabled: false, goog:chromeOptions: {debuggerAddress: localhost:52628}, handlesAlerts: true, hasTouchScreen: true, javascriptEnabled: true, locationContextEnabled: true, mobileEmulationEnabled: true, nativeEvents: true, networkConnectionEnabled: false, pageLoadStrategy: normal, platform: XP, platformName: XP, rotatable: false, setWindowRect: true, takesHeapSnapshot: true, takesScreenshot: true, unexpectedAlertBehaviour: , unhandledPromptBehavior: , version: 80.0.3987.132, webStorageEnabled: true}
Session ID: e04ed321441e95be4405e344f0927679
	at com.thoughtworks.selenium.webdriven.SeleneseCommand.apply(SeleneseCommand.java:45)
	at com.thoughtworks.selenium.webdriven.Timer.run(Timer.java:41)
	at com.thoughtworks.selenium.webdriven.WebDriverCommandProcessor.execute(WebDriverCommandProcessor.java:150)
	at com.thoughtworks.selenium.webdriven.WebDriverCommandProcessor.doCommand(WebDriverCommandProcessor.java:76)
	at com.thoughtworks.selenium.DefaultSelenium.click(DefaultSelenium.java:198)
	at com.thoughtworks.selenium.Selenium$click.call(Unknown Source)
	at Dental.run(Dental:35)
	at com.kms.katalon.core.main.ScriptEngine.run(ScriptEngine.java:194)
	at com.kms.katalon.core.main.ScriptEngine.runScriptAsRawText(ScriptEngine.java:119)
	at com.kms.katalon.core.main.TestCaseExecutor.runScript(TestCaseExecutor.java:328)
	at com.kms.katalon.core.main.TestCaseExecutor.doExecute(TestCaseExecutor.java:319)
	at com.kms.katalon.core.main.TestCaseExecutor.processExecutionPhase(TestCaseExecutor.java:298)
	at com.kms.katalon.core.main.TestCaseExecutor.accessMainPhase(TestCaseExecutor.java:290)
	at com.kms.katalon.core.main.TestCaseExecutor.execute(TestCaseExecutor.java:224)
	at com.kms.katalon.core.main.TestSuiteExecutor.accessTestCaseMainPhase(TestSuiteExecutor.java:129)
	at com.kms.katalon.core.main.TestSuiteExecutor.accessTestSuiteMainPhase(TestSuiteExecutor.java:112)
	at com.kms.katalon.core.main.TestSuiteExecutor.execute(TestSuiteExecutor.java:81)
	at com.kms.katalon.core.main.TestCaseMain.startTestSuite(TestCaseMain.java:149)
	at com.kms.katalon.core.main.TestCaseMain$startTestSuite$0.call(Unknown Source)
	at TempTestSuite1583841633899.run(TempTestSuite1583841633899.groovy:36)
Caused by: org.openqa.selenium.WebDriverException: unknown error: Element <button type="button" class="Common__DefaultButton-r4giz5-1 Common__JumboButton-r4giz5-2 SubmitButton-nmdtlk-0 ProductDropDown__CTAButton-trye76-5 jeXAtY btn btn-primary">...</button> is not clickable at point (187, 606). Other element would receive the click: <div class="pages__PhoneCtaResponsive-sc-1dmd8vs-30 hzFEeU">...</div>
  (Session info: chrome=80.0.3987.132)
  (Driver info: chromedriver=2.43.600210 (68dcf5eebde37173d4027fa8635e332711d2874a),platform=Windows NT 6.3.9600 x86_64) (WARNING: The server did not provide any stacktrace information)
Command duration or timeout: 0 milliseconds
Build info: version: '3.7.1', revision: '8a0099a', time: '2017-11-06T21:07:36.161Z'
System info: host: 'WIN-U215233FMVE', ip: '172.30.0.53', os.name: 'Windows Server 2012 R2', os.arch: 'amd64', os.version: '6.3', java.version: '1.8.0_181'
Driver info: com.kms.katalon.selenium.driver.CChromeDriver
Capabilities {acceptInsecureCerts: false, acceptSslCerts: false, applicationCacheEnabled: false, browserConnectionEnabled: false, browserName: chrome, chrome: {chromedriverVersion: 2.43.600210 (68dcf5eebde371..., userDataDir: C:\Users\ADMINI~1\AppData\L...}, cssSelectorsEnabled: true, databaseEnabled: false, goog:chromeOptions: {debuggerAddress: localhost:52628}, handlesAlerts: true, hasTouchScreen: true, javascriptEnabled: true, locationContextEnabled: true, mobileEmulationEnabled: true, nativeEvents: true, networkConnectionEnabled: false, pageLoadStrategy: normal, platform: XP, platformName: XP, rotatable: false, setWindowRect: true, takesHeapSnapshot: true, takesScreenshot: true, unexpectedAlertBehaviour: , unhandledPromptBehavior: , version: 80.0.3987.132, webStorageEnabled: true}
Session ID: e04ed321441e95be4405e344f0927679
	at org.openqa.selenium.remote.ErrorHandler.createThrowable(ErrorHandler.java:214)
	at org.openqa.selenium.remote.ErrorHandler.throwIfResponseFailed(ErrorHandler.java:166)
	at org.openqa.selenium.remote.http.JsonHttpResponseCodec.reconstructValue(JsonHttpResponseCodec.java:40)
	at org.openqa.selenium.remote.http.AbstractHttpResponseCodec.decode(AbstractHttpResponseCodec.java:80)
	at org.openqa.selenium.remote.http.AbstractHttpResponseCodec.decode(AbstractHttpResponseCodec.java:44)
	at org.openqa.selenium.remote.HttpCommandExecutor.execute(HttpCommandExecutor.java:164)
	at org.openqa.selenium.remote.service.DriverCommandExecutor.execute(DriverCommandExecutor.java:83)
	at org.openqa.selenium.remote.RemoteWebDriver.execute(RemoteWebDriver.java:600)
	at com.kms.katalon.selenium.driver.CChromeDriver.execute(CChromeDriver.java:20)
	at org.openqa.selenium.remote.RemoteWebElement.execute(RemoteWebElement.java:279)
	at org.openqa.selenium.remote.RemoteWebElement.click(RemoteWebElement.java:83)
	at com.thoughtworks.selenium.webdriven.commands.Click.handleSeleneseCommand(Click.java:40)
	at com.thoughtworks.selenium.webdriven.commands.Click.handleSeleneseCommand(Click.java:26)
	at com.thoughtworks.selenium.webdriven.SeleneseCommand.apply(SeleneseCommand.java:36)
	at com.thoughtworks.selenium.webdriven.Timer.run(Timer.java:41)
	at com.thoughtworks.selenium.webdriven.WebDriverCommandProcessor.execute(WebDriverCommandProcessor.java:150)
	at com.thoughtworks.selenium.webdriven.WebDriverCommandProcessor.doCommand(WebDriverCommandProcessor.java:76)
	at com.thoughtworks.selenium.DefaultSelenium.click(DefaultSelenium.java:198)
	at com.thoughtworks.selenium.Selenium$click.call(Unknown Source)
	at Script1583731110248.run(Script1583731110248.groovy:35)
	... 13 more


2020-03-10 08:01:43 - [MESSAGE][ERROR] - selenium.click("//button[contains(text(),'COMPARE HEALTHPLANS')]") FAILED.
Reason:
com.thoughtworks.selenium.SeleniumException: unknown error: Element <button type="button" class="Common__DefaultButton-r4giz5-1 Common__JumboButton-r4giz5-2 SubmitButton-nmdtlk-0 ProductDropDown__CTAButton-trye76-5 jeXAtY btn btn-primary">...</button> is not clickable at point (187, 606). Other element would receive the click: <div class="pages__PhoneCtaResponsive-sc-1dmd8vs-30 hzFEeU">...</div>
  (Session info: chrome=80.0.3987.132)
  (Driver info: chromedriver=2.43.600210 (68dcf5eebde37173d4027fa8635e332711d2874a),platform=Windows NT 6.3.9600 x86_64) (WARNING: The server did not provide any stacktrace information)
Command duration or timeout: 0 milliseconds
Build info: version: '3.7.1', revision: '8a0099a', time: '2017-11-06T21:07:36.161Z'
System info: host: 'WIN-U215233FMVE', ip: '172.30.0.53', os.name: 'Windows Server 2012 R2', os.arch: 'amd64', os.version: '6.3', java.version: '1.8.0_181'
Driver info: com.kms.katalon.selenium.driver.CChromeDriver
Capabilities {acceptInsecureCerts: false, acceptSslCerts: false, applicationCacheEnabled: false, browserConnectionEnabled: false, browserName: chrome, chrome: {chromedriverVersion: 2.43.600210 (68dcf5eebde371..., userDataDir: C:\Users\ADMINI~1\AppData\L...}, cssSelectorsEnabled: true, databaseEnabled: false, goog:chromeOptions: {debuggerAddress: localhost:52628}, handlesAlerts: true, hasTouchScreen: true, javascriptEnabled: true, locationContextEnabled: true, mobileEmulationEnabled: true, nativeEvents: true, networkConnectionEnabled: false, pageLoadStrategy: normal, platform: XP, platformName: XP, rotatable: false, setWindowRect: true, takesHeapSnapshot: true, takesScreenshot: true, unexpectedAlertBehaviour: , unhandledPromptBehavior: , version: 80.0.3987.132, webStorageEnabled: true}
Session ID: e04ed321441e95be4405e344f0927679
	at com.thoughtworks.selenium.webdriven.SeleneseCommand.apply(SeleneseCommand.java:45)
	at com.thoughtworks.selenium.webdriven.Timer.run(Timer.java:41)
	at com.thoughtworks.selenium.webdriven.WebDriverCommandProcessor.execute(WebDriverCommandProcessor.java:150)
	at com.thoughtworks.selenium.webdriven.WebDriverCommandProcessor.doCommand(WebDriverCommandProcessor.java:76)
	at com.thoughtworks.selenium.DefaultSelenium.click(DefaultSelenium.java:198)
	at com.thoughtworks.selenium.Selenium$click.call(Unknown Source)
	at Dental.run(Dental:35)
	at com.kms.katalon.core.main.ScriptEngine.run(ScriptEngine.java:194)
	at com.kms.katalon.core.main.ScriptEngine.runScriptAsRawText(ScriptEngine.java:119)
	at com.kms.katalon.core.main.TestCaseExecutor.runScript(TestCaseExecutor.java:328)
	at com.kms.katalon.core.main.TestCaseExecutor.doExecute(TestCaseExecutor.java:319)
	at com.kms.katalon.core.main.TestCaseExecutor.processExecutionPhase(TestCaseExecutor.java:298)
	at com.kms.katalon.core.main.TestCaseExecutor.accessMainPhase(TestCaseExecutor.java:290)
	at com.kms.katalon.core.main.TestCaseExecutor.execute(TestCaseExecutor.java:224)
	at com.kms.katalon.core.main.TestSuiteExecutor.accessTestCaseMainPhase(TestSuiteExecutor.java:129)
	at com.kms.katalon.core.main.TestSuiteExecutor.accessTestSuiteMainPhase(TestSuiteExecutor.java:112)
	at com.kms.katalon.core.main.TestSuiteExecutor.execute(TestSuiteExecutor.java:81)
	at com.kms.katalon.core.main.TestCaseMain.startTestSuite(TestCaseMain.java:149)
	at com.kms.katalon.core.main.TestCaseMain$startTestSuite$0.call(Unknown Source)
	at TempTestSuite1583841633899.run(TempTestSuite1583841633899.groovy:36)
Caused by: org.openqa.selenium.WebDriverException: unknown error: Element <button type="button" class="Common__DefaultButton-r4giz5-1 Common__JumboButton-r4giz5-2 SubmitButton-nmdtlk-0 ProductDropDown__CTAButton-trye76-5 jeXAtY btn btn-primary">...</button> is not clickable at point (187, 606). Other element would receive the click: <div class="pages__PhoneCtaResponsive-sc-1dmd8vs-30 hzFEeU">...</div>
  (Session info: chrome=80.0.3987.132)
  (Driver info: chromedriver=2.43.600210 (68dcf5eebde37173d4027fa8635e332711d2874a),platform=Windows NT 6.3.9600 x86_64) (WARNING: The server did not provide any stacktrace information)
Command duration or timeout: 0 milliseconds
Build info: version: '3.7.1', revision: '8a0099a', time: '2017-11-06T21:07:36.161Z'
System info: host: 'WIN-U215233FMVE', ip: '172.30.0.53', os.name: 'Windows Server 2012 R2', os.arch: 'amd64', os.version: '6.3', java.version: '1.8.0_181'
Driver info: com.kms.katalon.selenium.driver.CChromeDriver
Capabilities {acceptInsecureCerts: false, acceptSslCerts: false, applicationCacheEnabled: false, browserConnectionEnabled: false, browserName: chrome, chrome: {chromedriverVersion: 2.43.600210 (68dcf5eebde371..., userDataDir: C:\Users\ADMINI~1\AppData\L...}, cssSelectorsEnabled: true, databaseEnabled: false, goog:chromeOptions: {debuggerAddress: localhost:52628}, handlesAlerts: true, hasTouchScreen: true, javascriptEnabled: true, locationContextEnabled: true, mobileEmulationEnabled: true, nativeEvents: true, networkConnectionEnabled: false, pageLoadStrategy: normal, platform: XP, platformName: XP, rotatable: false, setWindowRect: true, takesHeapSnapshot: true, takesScreenshot: true, unexpectedAlertBehaviour: , unhandledPromptBehavior: , version: 80.0.3987.132, webStorageEnabled: true}
Session ID: e04ed321441e95be4405e344f0927679
	at org.openqa.selenium.remote.ErrorHandler.createThrowable(ErrorHandler.java:214)
	at org.openqa.selenium.remote.ErrorHandler.throwIfResponseFailed(ErrorHandler.java:166)
	at org.openqa.selenium.remote.http.JsonHttpResponseCodec.reconstructValue(JsonHttpResponseCodec.java:40)
	at org.openqa.selenium.remote.http.AbstractHttpResponseCodec.decode(AbstractHttpResponseCodec.java:80)
	at org.openqa.selenium.remote.http.AbstractHttpResponseCodec.decode(AbstractHttpResponseCodec.java:44)
	at org.openqa.selenium.remote.HttpCommandExecutor.execute(HttpCommandExecutor.java:164)
	at org.openqa.selenium.remote.service.DriverCommandExecutor.execute(DriverCommandExecutor.java:83)
	at org.openqa.selenium.remote.RemoteWebDriver.execute(RemoteWebDriver.java:600)
	at com.kms.katalon.selenium.driver.CChromeDriver.execute(CChromeDriver.java:20)
	at org.openqa.selenium.remote.RemoteWebElement.execute(RemoteWebElement.java:279)
	at org.openqa.selenium.remote.RemoteWebElement.click(RemoteWebElement.java:83)
	at com.thoughtworks.selenium.webdriven.commands.Click.handleSeleneseCommand(Click.java:40)
	at com.thoughtworks.selenium.webdriven.commands.Click.handleSeleneseCommand(Click.java:26)
	at com.thoughtworks.selenium.webdriven.SeleneseCommand.apply(SeleneseCommand.java:36)
	at com.thoughtworks.selenium.webdriven.Timer.run(Timer.java:41)
	at com.thoughtworks.selenium.webdriven.WebDriverCommandProcessor.execute(WebDriverCommandProcessor.java:150)
	at com.thoughtworks.selenium.webdriven.WebDriverCommandProcessor.doCommand(WebDriverCommandProcessor.java:76)
	at com.thoughtworks.selenium.DefaultSelenium.click(DefaultSelenium.java:198)
	at com.thoughtworks.selenium.Selenium$click.call(Unknown Source)
	at Script1583731110248.run(Script1583731110248.groovy:35)
	... 13 more]]></system-out>
         <system-err><![CDATA[2020-03-10 08:01:23 - [TEST_CASE][ERROR] - Test Cases/HIC/New/Dental: Test Cases/HIC/New/Dental FAILED.
Reason:
com.thoughtworks.selenium.SeleniumException: unknown error: Element <button type="button" class="Common__DefaultButton-r4giz5-1 Common__JumboButton-r4giz5-2 SubmitButton-nmdtlk-0 ProductDropDown__CTAButton-trye76-5 jeXAtY btn btn-primary">...</button> is not clickable at point (187, 606). Other element would receive the click: <div class="pages__PhoneCtaResponsive-sc-1dmd8vs-30 hzFEeU">...</div>
  (Session info: chrome=80.0.3987.132)
  (Driver info: chromedriver=2.43.600210 (68dcf5eebde37173d4027fa8635e332711d2874a),platform=Windows NT 6.3.9600 x86_64) (WARNING: The server did not provide any stacktrace information)
Command duration or timeout: 0 milliseconds
Build info: version: '3.7.1', revision: '8a0099a', time: '2017-11-06T21:07:36.161Z'
System info: host: 'WIN-U215233FMVE', ip: '172.30.0.53', os.name: 'Windows Server 2012 R2', os.arch: 'amd64', os.version: '6.3', java.version: '1.8.0_181'
Driver info: com.kms.katalon.selenium.driver.CChromeDriver
Capabilities {acceptInsecureCerts: false, acceptSslCerts: false, applicationCacheEnabled: false, browserConnectionEnabled: false, browserName: chrome, chrome: {chromedriverVersion: 2.43.600210 (68dcf5eebde371..., userDataDir: C:\Users\ADMINI~1\AppData\L...}, cssSelectorsEnabled: true, databaseEnabled: false, goog:chromeOptions: {debuggerAddress: localhost:52628}, handlesAlerts: true, hasTouchScreen: true, javascriptEnabled: true, locationContextEnabled: true, mobileEmulationEnabled: true, nativeEvents: true, networkConnectionEnabled: false, pageLoadStrategy: normal, platform: XP, platformName: XP, rotatable: false, setWindowRect: true, takesHeapSnapshot: true, takesScreenshot: true, unexpectedAlertBehaviour: , unhandledPromptBehavior: , version: 80.0.3987.132, webStorageEnabled: true}
Session ID: e04ed321441e95be4405e344f0927679
	at com.thoughtworks.selenium.webdriven.SeleneseCommand.apply(SeleneseCommand.java:45)
	at com.thoughtworks.selenium.webdriven.Timer.run(Timer.java:41)
	at com.thoughtworks.selenium.webdriven.WebDriverCommandProcessor.execute(WebDriverCommandProcessor.java:150)
	at com.thoughtworks.selenium.webdriven.WebDriverCommandProcessor.doCommand(WebDriverCommandProcessor.java:76)
	at com.thoughtworks.selenium.DefaultSelenium.click(DefaultSelenium.java:198)
	at com.thoughtworks.selenium.Selenium$click.call(Unknown Source)
	at Dental.run(Dental:35)
	at com.kms.katalon.core.main.ScriptEngine.run(ScriptEngine.java:194)
	at com.kms.katalon.core.main.ScriptEngine.runScriptAsRawText(ScriptEngine.java:119)
	at com.kms.katalon.core.main.TestCaseExecutor.runScript(TestCaseExecutor.java:328)
	at com.kms.katalon.core.main.TestCaseExecutor.doExecute(TestCaseExecutor.java:319)
	at com.kms.katalon.core.main.TestCaseExecutor.processExecutionPhase(TestCaseExecutor.java:298)
	at com.kms.katalon.core.main.TestCaseExecutor.accessMainPhase(TestCaseExecutor.java:290)
	at com.kms.katalon.core.main.TestCaseExecutor.execute(TestCaseExecutor.java:224)
	at com.kms.katalon.core.main.TestSuiteExecutor.accessTestCaseMainPhase(TestSuiteExecutor.java:129)
	at com.kms.katalon.core.main.TestSuiteExecutor.accessTestSuiteMainPhase(TestSuiteExecutor.java:112)
	at com.kms.katalon.core.main.TestSuiteExecutor.execute(TestSuiteExecutor.java:81)
	at com.kms.katalon.core.main.TestCaseMain.startTestSuite(TestCaseMain.java:149)
	at com.kms.katalon.core.main.TestCaseMain$startTestSuite$0.call(Unknown Source)
	at TempTestSuite1583841633899.run(TempTestSuite1583841633899.groovy:36)
Caused by: org.openqa.selenium.WebDriverException: unknown error: Element <button type="button" class="Common__DefaultButton-r4giz5-1 Common__JumboButton-r4giz5-2 SubmitButton-nmdtlk-0 ProductDropDown__CTAButton-trye76-5 jeXAtY btn btn-primary">...</button> is not clickable at point (187, 606). Other element would receive the click: <div class="pages__PhoneCtaResponsive-sc-1dmd8vs-30 hzFEeU">...</div>
  (Session info: chrome=80.0.3987.132)
  (Driver info: chromedriver=2.43.600210 (68dcf5eebde37173d4027fa8635e332711d2874a),platform=Windows NT 6.3.9600 x86_64) (WARNING: The server did not provide any stacktrace information)
Command duration or timeout: 0 milliseconds
Build info: version: '3.7.1', revision: '8a0099a', time: '2017-11-06T21:07:36.161Z'
System info: host: 'WIN-U215233FMVE', ip: '172.30.0.53', os.name: 'Windows Server 2012 R2', os.arch: 'amd64', os.version: '6.3', java.version: '1.8.0_181'
Driver info: com.kms.katalon.selenium.driver.CChromeDriver
Capabilities {acceptInsecureCerts: false, acceptSslCerts: false, applicationCacheEnabled: false, browserConnectionEnabled: false, browserName: chrome, chrome: {chromedriverVersion: 2.43.600210 (68dcf5eebde371..., userDataDir: C:\Users\ADMINI~1\AppData\L...}, cssSelectorsEnabled: true, databaseEnabled: false, goog:chromeOptions: {debuggerAddress: localhost:52628}, handlesAlerts: true, hasTouchScreen: true, javascriptEnabled: true, locationContextEnabled: true, mobileEmulationEnabled: true, nativeEvents: true, networkConnectionEnabled: false, pageLoadStrategy: normal, platform: XP, platformName: XP, rotatable: false, setWindowRect: true, takesHeapSnapshot: true, takesScreenshot: true, unexpectedAlertBehaviour: , unhandledPromptBehavior: , version: 80.0.3987.132, webStorageEnabled: true}
Session ID: e04ed321441e95be4405e344f0927679
	at org.openqa.selenium.remote.ErrorHandler.createThrowable(ErrorHandler.java:214)
	at org.openqa.selenium.remote.ErrorHandler.throwIfResponseFailed(ErrorHandler.java:166)
	at org.openqa.selenium.remote.http.JsonHttpResponseCodec.reconstructValue(JsonHttpResponseCodec.java:40)
	at org.openqa.selenium.remote.http.AbstractHttpResponseCodec.decode(AbstractHttpResponseCodec.java:80)
	at org.openqa.selenium.remote.http.AbstractHttpResponseCodec.decode(AbstractHttpResponseCodec.java:44)
	at org.openqa.selenium.remote.HttpCommandExecutor.execute(HttpCommandExecutor.java:164)
	at org.openqa.selenium.remote.service.DriverCommandExecutor.execute(DriverCommandExecutor.java:83)
	at org.openqa.selenium.remote.RemoteWebDriver.execute(RemoteWebDriver.java:600)
	at com.kms.katalon.selenium.driver.CChromeDriver.execute(CChromeDriver.java:20)
	at org.openqa.selenium.remote.RemoteWebElement.execute(RemoteWebElement.java:279)
	at org.openqa.selenium.remote.RemoteWebElement.click(RemoteWebElement.java:83)
	at com.thoughtworks.selenium.webdriven.commands.Click.handleSeleneseCommand(Click.java:40)
	at com.thoughtworks.selenium.webdriven.commands.Click.handleSeleneseCommand(Click.java:26)
	at com.thoughtworks.selenium.webdriven.SeleneseCommand.apply(SeleneseCommand.java:36)
	at com.thoughtworks.selenium.webdriven.Timer.run(Timer.java:41)
	at com.thoughtworks.selenium.webdriven.WebDriverCommandProcessor.execute(WebDriverCommandProcessor.java:150)
	at com.thoughtworks.selenium.webdriven.WebDriverCommandProcessor.doCommand(WebDriverCommandProcessor.java:76)
	at com.thoughtworks.selenium.DefaultSelenium.click(DefaultSelenium.java:198)
	at com.thoughtworks.selenium.Selenium$click.call(Unknown Source)
	at Script1583731110248.run(Script1583731110248.groovy:35)
	... 13 more]]></system-err>
      </testcase>
      <testcase name="Test Cases/HIC/New/HBI" classname="Test Cases/HIC/New/HBI" status="ERROR">
         <error type="ERROR" message="Test Cases/HIC/New/HBI FAILED.
Reason:
com.thoughtworks.selenium.SeleniumException: unknown error: Element &lt;button type=&quot;button&quot; class=&quot;Common__DefaultButton-r4giz5-1 Common__JumboButton-r4giz5-2 SubmitButton-nmdtlk-0 ProductDropDown__CTAButton-trye76-5 jeXAtY btn btn-primary&quot;>...&lt;/button> is not clickable at point (187, 602). Other element would receive the click: &lt;div class=&quot;pages__PhoneCtaResponsive-sc-1dmd8vs-30 hzFEeU&quot;>...&lt;/div>
  (Session info: chrome=80.0.3987.132)
  (Driver info: chromedriver=2.43.600210 (68dcf5eebde37173d4027fa8635e332711d2874a),platform=Windows NT 6.3.9600 x86_64) (WARNING: The server did not provide any stacktrace information)
Command duration or timeout: 0 milliseconds
Build info: version: '3.7.1', revision: '8a0099a', time: '2017-11-06T21:07:36.161Z'
System info: host: 'WIN-U215233FMVE', ip: '172.30.0.53', os.name: 'Windows Server 2012 R2', os.arch: 'amd64', os.version: '6.3', java.version: '1.8.0_181'
Driver info: com.kms.katalon.selenium.driver.CChromeDriver
Capabilities {acceptInsecureCerts: false, acceptSslCerts: false, applicationCacheEnabled: false, browserConnectionEnabled: false, browserName: chrome, chrome: {chromedriverVersion: 2.43.600210 (68dcf5eebde371..., userDataDir: C:\Users\ADMINI~1\AppData\L...}, cssSelectorsEnabled: true, databaseEnabled: false, goog:chromeOptions: {debuggerAddress: localhost:52740}, handlesAlerts: true, hasTouchScreen: true, javascriptEnabled: true, locationContextEnabled: true, mobileEmulationEnabled: true, nativeEvents: true, networkConnectionEnabled: false, pageLoadStrategy: normal, platform: XP, platformName: XP, rotatable: false, setWindowRect: true, takesHeapSnapshot: true, takesScreenshot: true, unexpectedAlertBehaviour: , unhandledPromptBehavior: , version: 80.0.3987.132, webStorageEnabled: true}
Session ID: 0b51a63a6053d136efb06e5667dc779a
	at com.thoughtworks.selenium.webdriven.SeleneseCommand.apply(SeleneseCommand.java:45)
	at com.thoughtworks.selenium.webdriven.Timer.run(Timer.java:41)
	at com.thoughtworks.selenium.webdriven.WebDriverCommandProcessor.execute(WebDriverCommandProcessor.java:150)
	at com.thoughtworks.selenium.webdriven.WebDriverCommandProcessor.doCommand(WebDriverCommandProcessor.java:76)
	at com.thoughtworks.selenium.DefaultSelenium.click(DefaultSelenium.java:198)
	at com.thoughtworks.selenium.Selenium$click.call(Unknown Source)
	at HBI.run(HBI:39)
	at com.kms.katalon.core.main.ScriptEngine.run(ScriptEngine.java:194)
	at com.kms.katalon.core.main.ScriptEngine.runScriptAsRawText(ScriptEngine.java:119)
	at com.kms.katalon.core.main.TestCaseExecutor.runScript(TestCaseExecutor.java:328)
	at com.kms.katalon.core.main.TestCaseExecutor.doExecute(TestCaseExecutor.java:319)
	at com.kms.katalon.core.main.TestCaseExecutor.processExecutionPhase(TestCaseExecutor.java:298)
	at com.kms.katalon.core.main.TestCaseExecutor.accessMainPhase(TestCaseExecutor.java:290)
	at com.kms.katalon.core.main.TestCaseExecutor.execute(TestCaseExecutor.java:224)
	at com.kms.katalon.core.main.TestSuiteExecutor.accessTestCaseMainPhase(TestSuiteExecutor.java:129)
	at com.kms.katalon.core.main.TestSuiteExecutor.accessTestSuiteMainPhase(TestSuiteExecutor.java:112)
	at com.kms.katalon.core.main.TestSuiteExecutor.execute(TestSuiteExecutor.java:81)
	at com.kms.katalon.core.main.TestCaseMain.startTestSuite(TestCaseMain.java:149)
	at com.kms.katalon.core.main.TestCaseMain$startTestSuite$0.call(Unknown Source)
	at TempTestSuite1583841633899.run(TempTestSuite1583841633899.groovy:36)
Caused by: org.openqa.selenium.WebDriverException: unknown error: Element &lt;button type=&quot;button&quot; class=&quot;Common__DefaultButton-r4giz5-1 Common__JumboButton-r4giz5-2 SubmitButton-nmdtlk-0 ProductDropDown__CTAButton-trye76-5 jeXAtY btn btn-primary&quot;>...&lt;/button> is not clickable at point (187, 602). Other element would receive the click: &lt;div class=&quot;pages__PhoneCtaResponsive-sc-1dmd8vs-30 hzFEeU&quot;>...&lt;/div>
  (Session info: chrome=80.0.3987.132)
  (Driver info: chromedriver=2.43.600210 (68dcf5eebde37173d4027fa8635e332711d2874a),platform=Windows NT 6.3.9600 x86_64) (WARNING: The server did not provide any stacktrace information)
Command duration or timeout: 0 milliseconds
Build info: version: '3.7.1', revision: '8a0099a', time: '2017-11-06T21:07:36.161Z'
System info: host: 'WIN-U215233FMVE', ip: '172.30.0.53', os.name: 'Windows Server 2012 R2', os.arch: 'amd64', os.version: '6.3', java.version: '1.8.0_181'
Driver info: com.kms.katalon.selenium.driver.CChromeDriver
Capabilities {acceptInsecureCerts: false, acceptSslCerts: false, applicationCacheEnabled: false, browserConnectionEnabled: false, browserName: chrome, chrome: {chromedriverVersion: 2.43.600210 (68dcf5eebde371..., userDataDir: C:\Users\ADMINI~1\AppData\L...}, cssSelectorsEnabled: true, databaseEnabled: false, goog:chromeOptions: {debuggerAddress: localhost:52740}, handlesAlerts: true, hasTouchScreen: true, javascriptEnabled: true, locationContextEnabled: true, mobileEmulationEnabled: true, nativeEvents: true, networkConnectionEnabled: false, pageLoadStrategy: normal, platform: XP, platformName: XP, rotatable: false, setWindowRect: true, takesHeapSnapshot: true, takesScreenshot: true, unexpectedAlertBehaviour: , unhandledPromptBehavior: , version: 80.0.3987.132, webStorageEnabled: true}
Session ID: 0b51a63a6053d136efb06e5667dc779a
	at org.openqa.selenium.remote.ErrorHandler.createThrowable(ErrorHandler.java:214)
	at org.openqa.selenium.remote.ErrorHandler.throwIfResponseFailed(ErrorHandler.java:166)
	at org.openqa.selenium.remote.http.JsonHttpResponseCodec.reconstructValue(JsonHttpResponseCodec.java:40)
	at org.openqa.selenium.remote.http.AbstractHttpResponseCodec.decode(AbstractHttpResponseCodec.java:80)
	at org.openqa.selenium.remote.http.AbstractHttpResponseCodec.decode(AbstractHttpResponseCodec.java:44)
	at org.openqa.selenium.remote.HttpCommandExecutor.execute(HttpCommandExecutor.java:164)
	at org.openqa.selenium.remote.service.DriverCommandExecutor.execute(DriverCommandExecutor.java:83)
	at org.openqa.selenium.remote.RemoteWebDriver.execute(RemoteWebDriver.java:600)
	at com.kms.katalon.selenium.driver.CChromeDriver.execute(CChromeDriver.java:20)
	at org.openqa.selenium.remote.RemoteWebElement.execute(RemoteWebElement.java:279)
	at org.openqa.selenium.remote.RemoteWebElement.click(RemoteWebElement.java:83)
	at com.thoughtworks.selenium.webdriven.commands.Click.handleSeleneseCommand(Click.java:40)
	at com.thoughtworks.selenium.webdriven.commands.Click.handleSeleneseCommand(Click.java:26)
	at com.thoughtworks.selenium.webdriven.SeleneseCommand.apply(SeleneseCommand.java:36)
	at com.thoughtworks.selenium.webdriven.Timer.run(Timer.java:41)
	at com.thoughtworks.selenium.webdriven.WebDriverCommandProcessor.execute(WebDriverCommandProcessor.java:150)
	at com.thoughtworks.selenium.webdriven.WebDriverCommandProcessor.doCommand(WebDriverCommandProcessor.java:76)
	at com.thoughtworks.selenium.DefaultSelenium.click(DefaultSelenium.java:198)
	at com.thoughtworks.selenium.Selenium$click.call(Unknown Source)
	at Script1583731799742.run(Script1583731799742.groovy:39)
	... 13 more
"/>
         <system-out><![CDATA[2020-03-10 08:01:43 - [TEST_CASE][ERROR] - Test Cases/HIC/New/HBI: Test Cases/HIC/New/HBI FAILED.
Reason:
com.thoughtworks.selenium.SeleniumException: unknown error: Element <button type="button" class="Common__DefaultButton-r4giz5-1 Common__JumboButton-r4giz5-2 SubmitButton-nmdtlk-0 ProductDropDown__CTAButton-trye76-5 jeXAtY btn btn-primary">...</button> is not clickable at point (187, 602). Other element would receive the click: <div class="pages__PhoneCtaResponsive-sc-1dmd8vs-30 hzFEeU">...</div>
  (Session info: chrome=80.0.3987.132)
  (Driver info: chromedriver=2.43.600210 (68dcf5eebde37173d4027fa8635e332711d2874a),platform=Windows NT 6.3.9600 x86_64) (WARNING: The server did not provide any stacktrace information)
Command duration or timeout: 0 milliseconds
Build info: version: '3.7.1', revision: '8a0099a', time: '2017-11-06T21:07:36.161Z'
System info: host: 'WIN-U215233FMVE', ip: '172.30.0.53', os.name: 'Windows Server 2012 R2', os.arch: 'amd64', os.version: '6.3', java.version: '1.8.0_181'
Driver info: com.kms.katalon.selenium.driver.CChromeDriver
Capabilities {acceptInsecureCerts: false, acceptSslCerts: false, applicationCacheEnabled: false, browserConnectionEnabled: false, browserName: chrome, chrome: {chromedriverVersion: 2.43.600210 (68dcf5eebde371..., userDataDir: C:\Users\ADMINI~1\AppData\L...}, cssSelectorsEnabled: true, databaseEnabled: false, goog:chromeOptions: {debuggerAddress: localhost:52740}, handlesAlerts: true, hasTouchScreen: true, javascriptEnabled: true, locationContextEnabled: true, mobileEmulationEnabled: true, nativeEvents: true, networkConnectionEnabled: false, pageLoadStrategy: normal, platform: XP, platformName: XP, rotatable: false, setWindowRect: true, takesHeapSnapshot: true, takesScreenshot: true, unexpectedAlertBehaviour: , unhandledPromptBehavior: , version: 80.0.3987.132, webStorageEnabled: true}
Session ID: 0b51a63a6053d136efb06e5667dc779a
	at com.thoughtworks.selenium.webdriven.SeleneseCommand.apply(SeleneseCommand.java:45)
	at com.thoughtworks.selenium.webdriven.Timer.run(Timer.java:41)
	at com.thoughtworks.selenium.webdriven.WebDriverCommandProcessor.execute(WebDriverCommandProcessor.java:150)
	at com.thoughtworks.selenium.webdriven.WebDriverCommandProcessor.doCommand(WebDriverCommandProcessor.java:76)
	at com.thoughtworks.selenium.DefaultSelenium.click(DefaultSelenium.java:198)
	at com.thoughtworks.selenium.Selenium$click.call(Unknown Source)
	at HBI.run(HBI:39)
	at com.kms.katalon.core.main.ScriptEngine.run(ScriptEngine.java:194)
	at com.kms.katalon.core.main.ScriptEngine.runScriptAsRawText(ScriptEngine.java:119)
	at com.kms.katalon.core.main.TestCaseExecutor.runScript(TestCaseExecutor.java:328)
	at com.kms.katalon.core.main.TestCaseExecutor.doExecute(TestCaseExecutor.java:319)
	at com.kms.katalon.core.main.TestCaseExecutor.processExecutionPhase(TestCaseExecutor.java:298)
	at com.kms.katalon.core.main.TestCaseExecutor.accessMainPhase(TestCaseExecutor.java:290)
	at com.kms.katalon.core.main.TestCaseExecutor.execute(TestCaseExecutor.java:224)
	at com.kms.katalon.core.main.TestSuiteExecutor.accessTestCaseMainPhase(TestSuiteExecutor.java:129)
	at com.kms.katalon.core.main.TestSuiteExecutor.accessTestSuiteMainPhase(TestSuiteExecutor.java:112)
	at com.kms.katalon.core.main.TestSuiteExecutor.execute(TestSuiteExecutor.java:81)
	at com.kms.katalon.core.main.TestCaseMain.startTestSuite(TestCaseMain.java:149)
	at com.kms.katalon.core.main.TestCaseMain$startTestSuite$0.call(Unknown Source)
	at TempTestSuite1583841633899.run(TempTestSuite1583841633899.groovy:36)
Caused by: org.openqa.selenium.WebDriverException: unknown error: Element <button type="button" class="Common__DefaultButton-r4giz5-1 Common__JumboButton-r4giz5-2 SubmitButton-nmdtlk-0 ProductDropDown__CTAButton-trye76-5 jeXAtY btn btn-primary">...</button> is not clickable at point (187, 602). Other element would receive the click: <div class="pages__PhoneCtaResponsive-sc-1dmd8vs-30 hzFEeU">...</div>
  (Session info: chrome=80.0.3987.132)
  (Driver info: chromedriver=2.43.600210 (68dcf5eebde37173d4027fa8635e332711d2874a),platform=Windows NT 6.3.9600 x86_64) (WARNING: The server did not provide any stacktrace information)
Command duration or timeout: 0 milliseconds
Build info: version: '3.7.1', revision: '8a0099a', time: '2017-11-06T21:07:36.161Z'
System info: host: 'WIN-U215233FMVE', ip: '172.30.0.53', os.name: 'Windows Server 2012 R2', os.arch: 'amd64', os.version: '6.3', java.version: '1.8.0_181'
Driver info: com.kms.katalon.selenium.driver.CChromeDriver
Capabilities {acceptInsecureCerts: false, acceptSslCerts: false, applicationCacheEnabled: false, browserConnectionEnabled: false, browserName: chrome, chrome: {chromedriverVersion: 2.43.600210 (68dcf5eebde371..., userDataDir: C:\Users\ADMINI~1\AppData\L...}, cssSelectorsEnabled: true, databaseEnabled: false, goog:chromeOptions: {debuggerAddress: localhost:52740}, handlesAlerts: true, hasTouchScreen: true, javascriptEnabled: true, locationContextEnabled: true, mobileEmulationEnabled: true, nativeEvents: true, networkConnectionEnabled: false, pageLoadStrategy: normal, platform: XP, platformName: XP, rotatable: false, setWindowRect: true, takesHeapSnapshot: true, takesScreenshot: true, unexpectedAlertBehaviour: , unhandledPromptBehavior: , version: 80.0.3987.132, webStorageEnabled: true}
Session ID: 0b51a63a6053d136efb06e5667dc779a
	at org.openqa.selenium.remote.ErrorHandler.createThrowable(ErrorHandler.java:214)
	at org.openqa.selenium.remote.ErrorHandler.throwIfResponseFailed(ErrorHandler.java:166)
	at org.openqa.selenium.remote.http.JsonHttpResponseCodec.reconstructValue(JsonHttpResponseCodec.java:40)
	at org.openqa.selenium.remote.http.AbstractHttpResponseCodec.decode(AbstractHttpResponseCodec.java:80)
	at org.openqa.selenium.remote.http.AbstractHttpResponseCodec.decode(AbstractHttpResponseCodec.java:44)
	at org.openqa.selenium.remote.HttpCommandExecutor.execute(HttpCommandExecutor.java:164)
	at org.openqa.selenium.remote.service.DriverCommandExecutor.execute(DriverCommandExecutor.java:83)
	at org.openqa.selenium.remote.RemoteWebDriver.execute(RemoteWebDriver.java:600)
	at com.kms.katalon.selenium.driver.CChromeDriver.execute(CChromeDriver.java:20)
	at org.openqa.selenium.remote.RemoteWebElement.execute(RemoteWebElement.java:279)
	at org.openqa.selenium.remote.RemoteWebElement.click(RemoteWebElement.java:83)
	at com.thoughtworks.selenium.webdriven.commands.Click.handleSeleneseCommand(Click.java:40)
	at com.thoughtworks.selenium.webdriven.commands.Click.handleSeleneseCommand(Click.java:26)
	at com.thoughtworks.selenium.webdriven.SeleneseCommand.apply(SeleneseCommand.java:36)
	at com.thoughtworks.selenium.webdriven.Timer.run(Timer.java:41)
	at com.thoughtworks.selenium.webdriven.WebDriverCommandProcessor.execute(WebDriverCommandProcessor.java:150)
	at com.thoughtworks.selenium.webdriven.WebDriverCommandProcessor.doCommand(WebDriverCommandProcessor.java:76)
	at com.thoughtworks.selenium.DefaultSelenium.click(DefaultSelenium.java:198)
	at com.thoughtworks.selenium.Selenium$click.call(Unknown Source)
	at Script1583731799742.run(Script1583731799742.groovy:39)
	... 13 more


2020-03-10 08:01:44 - [TEST_STEP][PASSED] - callTestCase(findTestCase("HIC/_include/get_hicScreenPath"), ["project":"HIC", "productLine":"HBI", "carrierName":"HBI"], CONTINUE_ON_FAILURE): Call Test Case 'Test Cases/HIC/_include/get_hicScreenPath' successfully

2020-03-10 08:01:44 - [TEST_CASE][PASSED] - Test Cases/HIC/_include/get_hicScreenPath: Test Cases/HIC/_include/get_hicScreenPath

2020-03-10 08:01:44 - [TEST_STEP][PASSED] - m = getExecutionProperties(): null

2020-03-10 08:01:44 - [TEST_STEP][PASSED] - deviceName = get("mobileEmulation").get("deviceName"): null

2020-03-10 08:01:44 - [TEST_STEP][PASSED] - println(deviceName): null

2020-03-10 08:01:44 - [TEST_STEP][PASSED] - now = new java.util.Date(): null

2020-03-10 08:01:44 - [TEST_STEP][PASSED] - mydate = now.format("yyyyMMdd_HHmmss"): null

2020-03-10 08:01:44 - [TEST_STEP][PASSED] - screenPath = "../Screenshots/": null

2020-03-10 08:01:44 - [TEST_STEP][PASSED] - screenPath = screenPath + deviceName + "/" + project + "/" + productLine + "/" + carrierName + "/" + mydate + "/": null

2020-03-10 08:01:44 - [TEST_STEP][PASSED] - println(screenPath): null

2020-03-10 08:01:44 - [MESSAGE][PASSED] - Call Test Case 'Test Cases/HIC/_include/get_hicScreenPath' successfully

2020-03-10 08:01:44 - [TEST_STEP][PASSED] - i = 0: null

2020-03-10 08:01:44 - [TEST_STEP][PASSED] - callTestCase(findTestCase("AHI/_include/openWebSite"), ["env":env], CONTINUE_ON_FAILURE): Call Test Case 'Test Cases/AHI/_include/openWebSite' successfully

2020-03-10 08:01:44 - [TEST_CASE][PASSED] - Test Cases/AHI/_include/openWebSite: Test Cases/AHI/_include/openWebSite

2020-03-10 08:01:44 - [TEST_STEP][PASSED] - openBrowser(env): Browser is opened with url: 'https://qa.healthinsurance.com'

2020-03-10 08:01:44 - [MESSAGE][WARNING] - A browser is already opened. Closing browser and opening a new one

2020-03-10 08:01:46 - [MESSAGE][INFO] - Starting 'Chrome' driver

2020-03-10 08:01:46 - [MESSAGE][INFO] - User set preference: ['mobileEmulation', '{deviceName=iPhone 6}']

2020-03-10 08:01:46 - [MESSAGE][INFO] - User set preference: ['args', '[--incognito, --aggressive-cache-discard, --window-size=375,677, --no-sandbox, --ignore-certificate-errors]']

2020-03-10 08:01:50 - [MESSAGE][PASSED] - Browser is opened with url: 'https://qa.healthinsurance.com'

2020-03-10 08:01:50 - [TEST_STEP][PASSED] - waitForPageLoad(20): Wait for page load successfully

2020-03-10 08:01:51 - [MESSAGE][PASSED] - Wait for page load successfully

2020-03-10 08:01:51 - [TEST_STEP][PASSED] - callTestCase(findTestCase("AHI/_include/get_screenshot"), [:], STOP_ON_FAILURE): Call Test Case 'Test Cases/AHI/_include/get_screenshot' successfully

2020-03-10 08:01:51 - [TEST_CASE][PASSED] - Test Cases/AHI/_include/get_screenshot: Test Cases/AHI/_include/get_screenshot

2020-03-10 08:01:51 - [TEST_STEP][PASSED] - Thread.sleep(1000): null

2020-03-10 08:01:52 - [TEST_STEP][PASSED] - takeScreenshot(screenPath + i + ".png"): Taking screenshot successfully

2020-03-10 08:01:52 - [MESSAGE][PASSED] - Taking screenshot successfully
[[ATTACHMENT|D:\\Test\\AgileTest\\Reports\\HIC\\hic\\20200310_080033\\../Screenshots/iPhone 6/HIC/HBI/HBI/20200310_080144/0.png]]

2020-03-10 08:01:52 - [TEST_STEP][PASSED] - (internal.GlobalVariable.i++): null

2020-03-10 08:01:52 - [MESSAGE][PASSED] - Call Test Case 'Test Cases/AHI/_include/get_screenshot' successfully

2020-03-10 08:01:52 - [MESSAGE][PASSED] - Call Test Case 'Test Cases/AHI/_include/openWebSite' successfully

2020-03-10 08:01:52 - [TEST_STEP][PASSED] - driver = getWebDriver(): null

2020-03-10 08:01:52 - [TEST_STEP][PASSED] - baseUrl = env: null

2020-03-10 08:01:52 - [TEST_STEP][PASSED] - selenium = new com.thoughtworks.selenium.webdriven.WebDriverBackedSelenium(driver, baseUrl): null

2020-03-10 08:01:52 - [TEST_STEP][PASSED] - selenium.click("id=product-lines"): null

2020-03-10 08:01:53 - [TEST_STEP][PASSED] - selenium.click("//*[@id='product-lines']/following::div/button[contains(text(),'Hospital Indemnity Plans')]"): null

2020-03-10 08:01:53 - [TEST_STEP][ERROR] - selenium.click("//button[contains(text(),'COMPARE HEALTHPLANS')]"): selenium.click("//button[contains(text(),'COMPARE HEALTHPLANS')]") FAILED.
Reason:
com.thoughtworks.selenium.SeleniumException: unknown error: Element <button type="button" class="Common__DefaultButton-r4giz5-1 Common__JumboButton-r4giz5-2 SubmitButton-nmdtlk-0 ProductDropDown__CTAButton-trye76-5 jeXAtY btn btn-primary">...</button> is not clickable at point (187, 602). Other element would receive the click: <div class="pages__PhoneCtaResponsive-sc-1dmd8vs-30 hzFEeU">...</div>
  (Session info: chrome=80.0.3987.132)
  (Driver info: chromedriver=2.43.600210 (68dcf5eebde37173d4027fa8635e332711d2874a),platform=Windows NT 6.3.9600 x86_64) (WARNING: The server did not provide any stacktrace information)
Command duration or timeout: 0 milliseconds
Build info: version: '3.7.1', revision: '8a0099a', time: '2017-11-06T21:07:36.161Z'
System info: host: 'WIN-U215233FMVE', ip: '172.30.0.53', os.name: 'Windows Server 2012 R2', os.arch: 'amd64', os.version: '6.3', java.version: '1.8.0_181'
Driver info: com.kms.katalon.selenium.driver.CChromeDriver
Capabilities {acceptInsecureCerts: false, acceptSslCerts: false, applicationCacheEnabled: false, browserConnectionEnabled: false, browserName: chrome, chrome: {chromedriverVersion: 2.43.600210 (68dcf5eebde371..., userDataDir: C:\Users\ADMINI~1\AppData\L...}, cssSelectorsEnabled: true, databaseEnabled: false, goog:chromeOptions: {debuggerAddress: localhost:52740}, handlesAlerts: true, hasTouchScreen: true, javascriptEnabled: true, locationContextEnabled: true, mobileEmulationEnabled: true, nativeEvents: true, networkConnectionEnabled: false, pageLoadStrategy: normal, platform: XP, platformName: XP, rotatable: false, setWindowRect: true, takesHeapSnapshot: true, takesScreenshot: true, unexpectedAlertBehaviour: , unhandledPromptBehavior: , version: 80.0.3987.132, webStorageEnabled: true}
Session ID: 0b51a63a6053d136efb06e5667dc779a
	at com.thoughtworks.selenium.webdriven.SeleneseCommand.apply(SeleneseCommand.java:45)
	at com.thoughtworks.selenium.webdriven.Timer.run(Timer.java:41)
	at com.thoughtworks.selenium.webdriven.WebDriverCommandProcessor.execute(WebDriverCommandProcessor.java:150)
	at com.thoughtworks.selenium.webdriven.WebDriverCommandProcessor.doCommand(WebDriverCommandProcessor.java:76)
	at com.thoughtworks.selenium.DefaultSelenium.click(DefaultSelenium.java:198)
	at com.thoughtworks.selenium.Selenium$click.call(Unknown Source)
	at HBI.run(HBI:39)
	at com.kms.katalon.core.main.ScriptEngine.run(ScriptEngine.java:194)
	at com.kms.katalon.core.main.ScriptEngine.runScriptAsRawText(ScriptEngine.java:119)
	at com.kms.katalon.core.main.TestCaseExecutor.runScript(TestCaseExecutor.java:328)
	at com.kms.katalon.core.main.TestCaseExecutor.doExecute(TestCaseExecutor.java:319)
	at com.kms.katalon.core.main.TestCaseExecutor.processExecutionPhase(TestCaseExecutor.java:298)
	at com.kms.katalon.core.main.TestCaseExecutor.accessMainPhase(TestCaseExecutor.java:290)
	at com.kms.katalon.core.main.TestCaseExecutor.execute(TestCaseExecutor.java:224)
	at com.kms.katalon.core.main.TestSuiteExecutor.accessTestCaseMainPhase(TestSuiteExecutor.java:129)
	at com.kms.katalon.core.main.TestSuiteExecutor.accessTestSuiteMainPhase(TestSuiteExecutor.java:112)
	at com.kms.katalon.core.main.TestSuiteExecutor.execute(TestSuiteExecutor.java:81)
	at com.kms.katalon.core.main.TestCaseMain.startTestSuite(TestCaseMain.java:149)
	at com.kms.katalon.core.main.TestCaseMain$startTestSuite$0.call(Unknown Source)
	at TempTestSuite1583841633899.run(TempTestSuite1583841633899.groovy:36)
Caused by: org.openqa.selenium.WebDriverException: unknown error: Element <button type="button" class="Common__DefaultButton-r4giz5-1 Common__JumboButton-r4giz5-2 SubmitButton-nmdtlk-0 ProductDropDown__CTAButton-trye76-5 jeXAtY btn btn-primary">...</button> is not clickable at point (187, 602). Other element would receive the click: <div class="pages__PhoneCtaResponsive-sc-1dmd8vs-30 hzFEeU">...</div>
  (Session info: chrome=80.0.3987.132)
  (Driver info: chromedriver=2.43.600210 (68dcf5eebde37173d4027fa8635e332711d2874a),platform=Windows NT 6.3.9600 x86_64) (WARNING: The server did not provide any stacktrace information)
Command duration or timeout: 0 milliseconds
Build info: version: '3.7.1', revision: '8a0099a', time: '2017-11-06T21:07:36.161Z'
System info: host: 'WIN-U215233FMVE', ip: '172.30.0.53', os.name: 'Windows Server 2012 R2', os.arch: 'amd64', os.version: '6.3', java.version: '1.8.0_181'
Driver info: com.kms.katalon.selenium.driver.CChromeDriver
Capabilities {acceptInsecureCerts: false, acceptSslCerts: false, applicationCacheEnabled: false, browserConnectionEnabled: false, browserName: chrome, chrome: {chromedriverVersion: 2.43.600210 (68dcf5eebde371..., userDataDir: C:\Users\ADMINI~1\AppData\L...}, cssSelectorsEnabled: true, databaseEnabled: false, goog:chromeOptions: {debuggerAddress: localhost:52740}, handlesAlerts: true, hasTouchScreen: true, javascriptEnabled: true, locationContextEnabled: true, mobileEmulationEnabled: true, nativeEvents: true, networkConnectionEnabled: false, pageLoadStrategy: normal, platform: XP, platformName: XP, rotatable: false, setWindowRect: true, takesHeapSnapshot: true, takesScreenshot: true, unexpectedAlertBehaviour: , unhandledPromptBehavior: , version: 80.0.3987.132, webStorageEnabled: true}
Session ID: 0b51a63a6053d136efb06e5667dc779a
	at org.openqa.selenium.remote.ErrorHandler.createThrowable(ErrorHandler.java:214)
	at org.openqa.selenium.remote.ErrorHandler.throwIfResponseFailed(ErrorHandler.java:166)
	at org.openqa.selenium.remote.http.JsonHttpResponseCodec.reconstructValue(JsonHttpResponseCodec.java:40)
	at org.openqa.selenium.remote.http.AbstractHttpResponseCodec.decode(AbstractHttpResponseCodec.java:80)
	at org.openqa.selenium.remote.http.AbstractHttpResponseCodec.decode(AbstractHttpResponseCodec.java:44)
	at org.openqa.selenium.remote.HttpCommandExecutor.execute(HttpCommandExecutor.java:164)
	at org.openqa.selenium.remote.service.DriverCommandExecutor.execute(DriverCommandExecutor.java:83)
	at org.openqa.selenium.remote.RemoteWebDriver.execute(RemoteWebDriver.java:600)
	at com.kms.katalon.selenium.driver.CChromeDriver.execute(CChromeDriver.java:20)
	at org.openqa.selenium.remote.RemoteWebElement.execute(RemoteWebElement.java:279)
	at org.openqa.selenium.remote.RemoteWebElement.click(RemoteWebElement.java:83)
	at com.thoughtworks.selenium.webdriven.commands.Click.handleSeleneseCommand(Click.java:40)
	at com.thoughtworks.selenium.webdriven.commands.Click.handleSeleneseCommand(Click.java:26)
	at com.thoughtworks.selenium.webdriven.SeleneseCommand.apply(SeleneseCommand.java:36)
	at com.thoughtworks.selenium.webdriven.Timer.run(Timer.java:41)
	at com.thoughtworks.selenium.webdriven.WebDriverCommandProcessor.execute(WebDriverCommandProcessor.java:150)
	at com.thoughtworks.selenium.webdriven.WebDriverCommandProcessor.doCommand(WebDriverCommandProcessor.java:76)
	at com.thoughtworks.selenium.DefaultSelenium.click(DefaultSelenium.java:198)
	at com.thoughtworks.selenium.Selenium$click.call(Unknown Source)
	at Script1583731799742.run(Script1583731799742.groovy:39)
	... 13 more


2020-03-10 08:01:53 - [MESSAGE][ERROR] - selenium.click("//button[contains(text(),'COMPARE HEALTHPLANS')]") FAILED.
Reason:
com.thoughtworks.selenium.SeleniumException: unknown error: Element <button type="button" class="Common__DefaultButton-r4giz5-1 Common__JumboButton-r4giz5-2 SubmitButton-nmdtlk-0 ProductDropDown__CTAButton-trye76-5 jeXAtY btn btn-primary">...</button> is not clickable at point (187, 602). Other element would receive the click: <div class="pages__PhoneCtaResponsive-sc-1dmd8vs-30 hzFEeU">...</div>
  (Session info: chrome=80.0.3987.132)
  (Driver info: chromedriver=2.43.600210 (68dcf5eebde37173d4027fa8635e332711d2874a),platform=Windows NT 6.3.9600 x86_64) (WARNING: The server did not provide any stacktrace information)
Command duration or timeout: 0 milliseconds
Build info: version: '3.7.1', revision: '8a0099a', time: '2017-11-06T21:07:36.161Z'
System info: host: 'WIN-U215233FMVE', ip: '172.30.0.53', os.name: 'Windows Server 2012 R2', os.arch: 'amd64', os.version: '6.3', java.version: '1.8.0_181'
Driver info: com.kms.katalon.selenium.driver.CChromeDriver
Capabilities {acceptInsecureCerts: false, acceptSslCerts: false, applicationCacheEnabled: false, browserConnectionEnabled: false, browserName: chrome, chrome: {chromedriverVersion: 2.43.600210 (68dcf5eebde371..., userDataDir: C:\Users\ADMINI~1\AppData\L...}, cssSelectorsEnabled: true, databaseEnabled: false, goog:chromeOptions: {debuggerAddress: localhost:52740}, handlesAlerts: true, hasTouchScreen: true, javascriptEnabled: true, locationContextEnabled: true, mobileEmulationEnabled: true, nativeEvents: true, networkConnectionEnabled: false, pageLoadStrategy: normal, platform: XP, platformName: XP, rotatable: false, setWindowRect: true, takesHeapSnapshot: true, takesScreenshot: true, unexpectedAlertBehaviour: , unhandledPromptBehavior: , version: 80.0.3987.132, webStorageEnabled: true}
Session ID: 0b51a63a6053d136efb06e5667dc779a
	at com.thoughtworks.selenium.webdriven.SeleneseCommand.apply(SeleneseCommand.java:45)
	at com.thoughtworks.selenium.webdriven.Timer.run(Timer.java:41)
	at com.thoughtworks.selenium.webdriven.WebDriverCommandProcessor.execute(WebDriverCommandProcessor.java:150)
	at com.thoughtworks.selenium.webdriven.WebDriverCommandProcessor.doCommand(WebDriverCommandProcessor.java:76)
	at com.thoughtworks.selenium.DefaultSelenium.click(DefaultSelenium.java:198)
	at com.thoughtworks.selenium.Selenium$click.call(Unknown Source)
	at HBI.run(HBI:39)
	at com.kms.katalon.core.main.ScriptEngine.run(ScriptEngine.java:194)
	at com.kms.katalon.core.main.ScriptEngine.runScriptAsRawText(ScriptEngine.java:119)
	at com.kms.katalon.core.main.TestCaseExecutor.runScript(TestCaseExecutor.java:328)
	at com.kms.katalon.core.main.TestCaseExecutor.doExecute(TestCaseExecutor.java:319)
	at com.kms.katalon.core.main.TestCaseExecutor.processExecutionPhase(TestCaseExecutor.java:298)
	at com.kms.katalon.core.main.TestCaseExecutor.accessMainPhase(TestCaseExecutor.java:290)
	at com.kms.katalon.core.main.TestCaseExecutor.execute(TestCaseExecutor.java:224)
	at com.kms.katalon.core.main.TestSuiteExecutor.accessTestCaseMainPhase(TestSuiteExecutor.java:129)
	at com.kms.katalon.core.main.TestSuiteExecutor.accessTestSuiteMainPhase(TestSuiteExecutor.java:112)
	at com.kms.katalon.core.main.TestSuiteExecutor.execute(TestSuiteExecutor.java:81)
	at com.kms.katalon.core.main.TestCaseMain.startTestSuite(TestCaseMain.java:149)
	at com.kms.katalon.core.main.TestCaseMain$startTestSuite$0.call(Unknown Source)
	at TempTestSuite1583841633899.run(TempTestSuite1583841633899.groovy:36)
Caused by: org.openqa.selenium.WebDriverException: unknown error: Element <button type="button" class="Common__DefaultButton-r4giz5-1 Common__JumboButton-r4giz5-2 SubmitButton-nmdtlk-0 ProductDropDown__CTAButton-trye76-5 jeXAtY btn btn-primary">...</button> is not clickable at point (187, 602). Other element would receive the click: <div class="pages__PhoneCtaResponsive-sc-1dmd8vs-30 hzFEeU">...</div>
  (Session info: chrome=80.0.3987.132)
  (Driver info: chromedriver=2.43.600210 (68dcf5eebde37173d4027fa8635e332711d2874a),platform=Windows NT 6.3.9600 x86_64) (WARNING: The server did not provide any stacktrace information)
Command duration or timeout: 0 milliseconds
Build info: version: '3.7.1', revision: '8a0099a', time: '2017-11-06T21:07:36.161Z'
System info: host: 'WIN-U215233FMVE', ip: '172.30.0.53', os.name: 'Windows Server 2012 R2', os.arch: 'amd64', os.version: '6.3', java.version: '1.8.0_181'
Driver info: com.kms.katalon.selenium.driver.CChromeDriver
Capabilities {acceptInsecureCerts: false, acceptSslCerts: false, applicationCacheEnabled: false, browserConnectionEnabled: false, browserName: chrome, chrome: {chromedriverVersion: 2.43.600210 (68dcf5eebde371..., userDataDir: C:\Users\ADMINI~1\AppData\L...}, cssSelectorsEnabled: true, databaseEnabled: false, goog:chromeOptions: {debuggerAddress: localhost:52740}, handlesAlerts: true, hasTouchScreen: true, javascriptEnabled: true, locationContextEnabled: true, mobileEmulationEnabled: true, nativeEvents: true, networkConnectionEnabled: false, pageLoadStrategy: normal, platform: XP, platformName: XP, rotatable: false, setWindowRect: true, takesHeapSnapshot: true, takesScreenshot: true, unexpectedAlertBehaviour: , unhandledPromptBehavior: , version: 80.0.3987.132, webStorageEnabled: true}
Session ID: 0b51a63a6053d136efb06e5667dc779a
	at org.openqa.selenium.remote.ErrorHandler.createThrowable(ErrorHandler.java:214)
	at org.openqa.selenium.remote.ErrorHandler.throwIfResponseFailed(ErrorHandler.java:166)
	at org.openqa.selenium.remote.http.JsonHttpResponseCodec.reconstructValue(JsonHttpResponseCodec.java:40)
	at org.openqa.selenium.remote.http.AbstractHttpResponseCodec.decode(AbstractHttpResponseCodec.java:80)
	at org.openqa.selenium.remote.http.AbstractHttpResponseCodec.decode(AbstractHttpResponseCodec.java:44)
	at org.openqa.selenium.remote.HttpCommandExecutor.execute(HttpCommandExecutor.java:164)
	at org.openqa.selenium.remote.service.DriverCommandExecutor.execute(DriverCommandExecutor.java:83)
	at org.openqa.selenium.remote.RemoteWebDriver.execute(RemoteWebDriver.java:600)
	at com.kms.katalon.selenium.driver.CChromeDriver.execute(CChromeDriver.java:20)
	at org.openqa.selenium.remote.RemoteWebElement.execute(RemoteWebElement.java:279)
	at org.openqa.selenium.remote.RemoteWebElement.click(RemoteWebElement.java:83)
	at com.thoughtworks.selenium.webdriven.commands.Click.handleSeleneseCommand(Click.java:40)
	at com.thoughtworks.selenium.webdriven.commands.Click.handleSeleneseCommand(Click.java:26)
	at com.thoughtworks.selenium.webdriven.SeleneseCommand.apply(SeleneseCommand.java:36)
	at com.thoughtworks.selenium.webdriven.Timer.run(Timer.java:41)
	at com.thoughtworks.selenium.webdriven.WebDriverCommandProcessor.execute(WebDriverCommandProcessor.java:150)
	at com.thoughtworks.selenium.webdriven.WebDriverCommandProcessor.doCommand(WebDriverCommandProcessor.java:76)
	at com.thoughtworks.selenium.DefaultSelenium.click(DefaultSelenium.java:198)
	at com.thoughtworks.selenium.Selenium$click.call(Unknown Source)
	at Script1583731799742.run(Script1583731799742.groovy:39)
	... 13 more]]></system-out>
         <system-err><![CDATA[2020-03-10 08:01:43 - [TEST_CASE][ERROR] - Test Cases/HIC/New/HBI: Test Cases/HIC/New/HBI FAILED.
Reason:
com.thoughtworks.selenium.SeleniumException: unknown error: Element <button type="button" class="Common__DefaultButton-r4giz5-1 Common__JumboButton-r4giz5-2 SubmitButton-nmdtlk-0 ProductDropDown__CTAButton-trye76-5 jeXAtY btn btn-primary">...</button> is not clickable at point (187, 602). Other element would receive the click: <div class="pages__PhoneCtaResponsive-sc-1dmd8vs-30 hzFEeU">...</div>
  (Session info: chrome=80.0.3987.132)
  (Driver info: chromedriver=2.43.600210 (68dcf5eebde37173d4027fa8635e332711d2874a),platform=Windows NT 6.3.9600 x86_64) (WARNING: The server did not provide any stacktrace information)
Command duration or timeout: 0 milliseconds
Build info: version: '3.7.1', revision: '8a0099a', time: '2017-11-06T21:07:36.161Z'
System info: host: 'WIN-U215233FMVE', ip: '172.30.0.53', os.name: 'Windows Server 2012 R2', os.arch: 'amd64', os.version: '6.3', java.version: '1.8.0_181'
Driver info: com.kms.katalon.selenium.driver.CChromeDriver
Capabilities {acceptInsecureCerts: false, acceptSslCerts: false, applicationCacheEnabled: false, browserConnectionEnabled: false, browserName: chrome, chrome: {chromedriverVersion: 2.43.600210 (68dcf5eebde371..., userDataDir: C:\Users\ADMINI~1\AppData\L...}, cssSelectorsEnabled: true, databaseEnabled: false, goog:chromeOptions: {debuggerAddress: localhost:52740}, handlesAlerts: true, hasTouchScreen: true, javascriptEnabled: true, locationContextEnabled: true, mobileEmulationEnabled: true, nativeEvents: true, networkConnectionEnabled: false, pageLoadStrategy: normal, platform: XP, platformName: XP, rotatable: false, setWindowRect: true, takesHeapSnapshot: true, takesScreenshot: true, unexpectedAlertBehaviour: , unhandledPromptBehavior: , version: 80.0.3987.132, webStorageEnabled: true}
Session ID: 0b51a63a6053d136efb06e5667dc779a
	at com.thoughtworks.selenium.webdriven.SeleneseCommand.apply(SeleneseCommand.java:45)
	at com.thoughtworks.selenium.webdriven.Timer.run(Timer.java:41)
	at com.thoughtworks.selenium.webdriven.WebDriverCommandProcessor.execute(WebDriverCommandProcessor.java:150)
	at com.thoughtworks.selenium.webdriven.WebDriverCommandProcessor.doCommand(WebDriverCommandProcessor.java:76)
	at com.thoughtworks.selenium.DefaultSelenium.click(DefaultSelenium.java:198)
	at com.thoughtworks.selenium.Selenium$click.call(Unknown Source)
	at HBI.run(HBI:39)
	at com.kms.katalon.core.main.ScriptEngine.run(ScriptEngine.java:194)
	at com.kms.katalon.core.main.ScriptEngine.runScriptAsRawText(ScriptEngine.java:119)
	at com.kms.katalon.core.main.TestCaseExecutor.runScript(TestCaseExecutor.java:328)
	at com.kms.katalon.core.main.TestCaseExecutor.doExecute(TestCaseExecutor.java:319)
	at com.kms.katalon.core.main.TestCaseExecutor.processExecutionPhase(TestCaseExecutor.java:298)
	at com.kms.katalon.core.main.TestCaseExecutor.accessMainPhase(TestCaseExecutor.java:290)
	at com.kms.katalon.core.main.TestCaseExecutor.execute(TestCaseExecutor.java:224)
	at com.kms.katalon.core.main.TestSuiteExecutor.accessTestCaseMainPhase(TestSuiteExecutor.java:129)
	at com.kms.katalon.core.main.TestSuiteExecutor.accessTestSuiteMainPhase(TestSuiteExecutor.java:112)
	at com.kms.katalon.core.main.TestSuiteExecutor.execute(TestSuiteExecutor.java:81)
	at com.kms.katalon.core.main.TestCaseMain.startTestSuite(TestCaseMain.java:149)
	at com.kms.katalon.core.main.TestCaseMain$startTestSuite$0.call(Unknown Source)
	at TempTestSuite1583841633899.run(TempTestSuite1583841633899.groovy:36)
Caused by: org.openqa.selenium.WebDriverException: unknown error: Element <button type="button" class="Common__DefaultButton-r4giz5-1 Common__JumboButton-r4giz5-2 SubmitButton-nmdtlk-0 ProductDropDown__CTAButton-trye76-5 jeXAtY btn btn-primary">...</button> is not clickable at point (187, 602). Other element would receive the click: <div class="pages__PhoneCtaResponsive-sc-1dmd8vs-30 hzFEeU">...</div>
  (Session info: chrome=80.0.3987.132)
  (Driver info: chromedriver=2.43.600210 (68dcf5eebde37173d4027fa8635e332711d2874a),platform=Windows NT 6.3.9600 x86_64) (WARNING: The server did not provide any stacktrace information)
Command duration or timeout: 0 milliseconds
Build info: version: '3.7.1', revision: '8a0099a', time: '2017-11-06T21:07:36.161Z'
System info: host: 'WIN-U215233FMVE', ip: '172.30.0.53', os.name: 'Windows Server 2012 R2', os.arch: 'amd64', os.version: '6.3', java.version: '1.8.0_181'
Driver info: com.kms.katalon.selenium.driver.CChromeDriver
Capabilities {acceptInsecureCerts: false, acceptSslCerts: false, applicationCacheEnabled: false, browserConnectionEnabled: false, browserName: chrome, chrome: {chromedriverVersion: 2.43.600210 (68dcf5eebde371..., userDataDir: C:\Users\ADMINI~1\AppData\L...}, cssSelectorsEnabled: true, databaseEnabled: false, goog:chromeOptions: {debuggerAddress: localhost:52740}, handlesAlerts: true, hasTouchScreen: true, javascriptEnabled: true, locationContextEnabled: true, mobileEmulationEnabled: true, nativeEvents: true, networkConnectionEnabled: false, pageLoadStrategy: normal, platform: XP, platformName: XP, rotatable: false, setWindowRect: true, takesHeapSnapshot: true, takesScreenshot: true, unexpectedAlertBehaviour: , unhandledPromptBehavior: , version: 80.0.3987.132, webStorageEnabled: true}
Session ID: 0b51a63a6053d136efb06e5667dc779a
	at org.openqa.selenium.remote.ErrorHandler.createThrowable(ErrorHandler.java:214)
	at org.openqa.selenium.remote.ErrorHandler.throwIfResponseFailed(ErrorHandler.java:166)
	at org.openqa.selenium.remote.http.JsonHttpResponseCodec.reconstructValue(JsonHttpResponseCodec.java:40)
	at org.openqa.selenium.remote.http.AbstractHttpResponseCodec.decode(AbstractHttpResponseCodec.java:80)
	at org.openqa.selenium.remote.http.AbstractHttpResponseCodec.decode(AbstractHttpResponseCodec.java:44)
	at org.openqa.selenium.remote.HttpCommandExecutor.execute(HttpCommandExecutor.java:164)
	at org.openqa.selenium.remote.service.DriverCommandExecutor.execute(DriverCommandExecutor.java:83)
	at org.openqa.selenium.remote.RemoteWebDriver.execute(RemoteWebDriver.java:600)
	at com.kms.katalon.selenium.driver.CChromeDriver.execute(CChromeDriver.java:20)
	at org.openqa.selenium.remote.RemoteWebElement.execute(RemoteWebElement.java:279)
	at org.openqa.selenium.remote.RemoteWebElement.click(RemoteWebElement.java:83)
	at com.thoughtworks.selenium.webdriven.commands.Click.handleSeleneseCommand(Click.java:40)
	at com.thoughtworks.selenium.webdriven.commands.Click.handleSeleneseCommand(Click.java:26)
	at com.thoughtworks.selenium.webdriven.SeleneseCommand.apply(SeleneseCommand.java:36)
	at com.thoughtworks.selenium.webdriven.Timer.run(Timer.java:41)
	at com.thoughtworks.selenium.webdriven.WebDriverCommandProcessor.execute(WebDriverCommandProcessor.java:150)
	at com.thoughtworks.selenium.webdriven.WebDriverCommandProcessor.doCommand(WebDriverCommandProcessor.java:76)
	at com.thoughtworks.selenium.DefaultSelenium.click(DefaultSelenium.java:198)
	at com.thoughtworks.selenium.Selenium$click.call(Unknown Source)
	at Script1583731799742.run(Script1583731799742.groovy:39)
	... 13 more]]></system-err>
      </testcase>
      <testcase name="Test Cases/HIC/New/Medicare" classname="Test Cases/HIC/New/Medicare" status="ERROR">
         <error type="ERROR" message="Test Cases/HIC/New/Medicare FAILED.
Reason:
com.thoughtworks.selenium.SeleniumException: unknown error: Element &lt;button type=&quot;button&quot; class=&quot;Common__DefaultButton-r4giz5-1 Common__JumboButton-r4giz5-2 SubmitButton-nmdtlk-0 ProductDropDown__CTAButton-trye76-5 jeXAtY btn btn-primary&quot;>...&lt;/button> is not clickable at point (187, 606). Other element would receive the click: &lt;div class=&quot;pages__PhoneCtaResponsive-sc-1dmd8vs-30 hzFEeU&quot;>...&lt;/div>
  (Session info: chrome=80.0.3987.132)
  (Driver info: chromedriver=2.43.600210 (68dcf5eebde37173d4027fa8635e332711d2874a),platform=Windows NT 6.3.9600 x86_64) (WARNING: The server did not provide any stacktrace information)
Command duration or timeout: 0 milliseconds
Build info: version: '3.7.1', revision: '8a0099a', time: '2017-11-06T21:07:36.161Z'
System info: host: 'WIN-U215233FMVE', ip: '172.30.0.53', os.name: 'Windows Server 2012 R2', os.arch: 'amd64', os.version: '6.3', java.version: '1.8.0_181'
Driver info: com.kms.katalon.selenium.driver.CChromeDriver
Capabilities {acceptInsecureCerts: false, acceptSslCerts: false, applicationCacheEnabled: false, browserConnectionEnabled: false, browserName: chrome, chrome: {chromedriverVersion: 2.43.600210 (68dcf5eebde371..., userDataDir: C:\Users\ADMINI~1\AppData\L...}, cssSelectorsEnabled: true, databaseEnabled: false, goog:chromeOptions: {debuggerAddress: localhost:52864}, handlesAlerts: true, hasTouchScreen: true, javascriptEnabled: true, locationContextEnabled: true, mobileEmulationEnabled: true, nativeEvents: true, networkConnectionEnabled: false, pageLoadStrategy: normal, platform: XP, platformName: XP, rotatable: false, setWindowRect: true, takesHeapSnapshot: true, takesScreenshot: true, unexpectedAlertBehaviour: , unhandledPromptBehavior: , version: 80.0.3987.132, webStorageEnabled: true}
Session ID: 927a51b30775cc4ed9835dab91b2dcc6
	at com.thoughtworks.selenium.webdriven.SeleneseCommand.apply(SeleneseCommand.java:45)
	at com.thoughtworks.selenium.webdriven.Timer.run(Timer.java:41)
	at com.thoughtworks.selenium.webdriven.WebDriverCommandProcessor.execute(WebDriverCommandProcessor.java:150)
	at com.thoughtworks.selenium.webdriven.WebDriverCommandProcessor.doCommand(WebDriverCommandProcessor.java:76)
	at com.thoughtworks.selenium.DefaultSelenium.click(DefaultSelenium.java:198)
	at com.thoughtworks.selenium.Selenium$click.call(Unknown Source)
	at Medicare.run(Medicare:35)
	at com.kms.katalon.core.main.ScriptEngine.run(ScriptEngine.java:194)
	at com.kms.katalon.core.main.ScriptEngine.runScriptAsRawText(ScriptEngine.java:119)
	at com.kms.katalon.core.main.TestCaseExecutor.runScript(TestCaseExecutor.java:328)
	at com.kms.katalon.core.main.TestCaseExecutor.doExecute(TestCaseExecutor.java:319)
	at com.kms.katalon.core.main.TestCaseExecutor.processExecutionPhase(TestCaseExecutor.java:298)
	at com.kms.katalon.core.main.TestCaseExecutor.accessMainPhase(TestCaseExecutor.java:290)
	at com.kms.katalon.core.main.TestCaseExecutor.execute(TestCaseExecutor.java:224)
	at com.kms.katalon.core.main.TestSuiteExecutor.accessTestCaseMainPhase(TestSuiteExecutor.java:129)
	at com.kms.katalon.core.main.TestSuiteExecutor.accessTestSuiteMainPhase(TestSuiteExecutor.java:112)
	at com.kms.katalon.core.main.TestSuiteExecutor.execute(TestSuiteExecutor.java:81)
	at com.kms.katalon.core.main.TestCaseMain.startTestSuite(TestCaseMain.java:149)
	at com.kms.katalon.core.main.TestCaseMain$startTestSuite$0.call(Unknown Source)
	at TempTestSuite1583841633899.run(TempTestSuite1583841633899.groovy:36)
Caused by: org.openqa.selenium.WebDriverException: unknown error: Element &lt;button type=&quot;button&quot; class=&quot;Common__DefaultButton-r4giz5-1 Common__JumboButton-r4giz5-2 SubmitButton-nmdtlk-0 ProductDropDown__CTAButton-trye76-5 jeXAtY btn btn-primary&quot;>...&lt;/button> is not clickable at point (187, 606). Other element would receive the click: &lt;div class=&quot;pages__PhoneCtaResponsive-sc-1dmd8vs-30 hzFEeU&quot;>...&lt;/div>
  (Session info: chrome=80.0.3987.132)
  (Driver info: chromedriver=2.43.600210 (68dcf5eebde37173d4027fa8635e332711d2874a),platform=Windows NT 6.3.9600 x86_64) (WARNING: The server did not provide any stacktrace information)
Command duration or timeout: 0 milliseconds
Build info: version: '3.7.1', revision: '8a0099a', time: '2017-11-06T21:07:36.161Z'
System info: host: 'WIN-U215233FMVE', ip: '172.30.0.53', os.name: 'Windows Server 2012 R2', os.arch: 'amd64', os.version: '6.3', java.version: '1.8.0_181'
Driver info: com.kms.katalon.selenium.driver.CChromeDriver
Capabilities {acceptInsecureCerts: false, acceptSslCerts: false, applicationCacheEnabled: false, browserConnectionEnabled: false, browserName: chrome, chrome: {chromedriverVersion: 2.43.600210 (68dcf5eebde371..., userDataDir: C:\Users\ADMINI~1\AppData\L...}, cssSelectorsEnabled: true, databaseEnabled: false, goog:chromeOptions: {debuggerAddress: localhost:52864}, handlesAlerts: true, hasTouchScreen: true, javascriptEnabled: true, locationContextEnabled: true, mobileEmulationEnabled: true, nativeEvents: true, networkConnectionEnabled: false, pageLoadStrategy: normal, platform: XP, platformName: XP, rotatable: false, setWindowRect: true, takesHeapSnapshot: true, takesScreenshot: true, unexpectedAlertBehaviour: , unhandledPromptBehavior: , version: 80.0.3987.132, webStorageEnabled: true}
Session ID: 927a51b30775cc4ed9835dab91b2dcc6
	at org.openqa.selenium.remote.ErrorHandler.createThrowable(ErrorHandler.java:214)
	at org.openqa.selenium.remote.ErrorHandler.throwIfResponseFailed(ErrorHandler.java:166)
	at org.openqa.selenium.remote.http.JsonHttpResponseCodec.reconstructValue(JsonHttpResponseCodec.java:40)
	at org.openqa.selenium.remote.http.AbstractHttpResponseCodec.decode(AbstractHttpResponseCodec.java:80)
	at org.openqa.selenium.remote.http.AbstractHttpResponseCodec.decode(AbstractHttpResponseCodec.java:44)
	at org.openqa.selenium.remote.HttpCommandExecutor.execute(HttpCommandExecutor.java:164)
	at org.openqa.selenium.remote.service.DriverCommandExecutor.execute(DriverCommandExecutor.java:83)
	at org.openqa.selenium.remote.RemoteWebDriver.execute(RemoteWebDriver.java:600)
	at com.kms.katalon.selenium.driver.CChromeDriver.execute(CChromeDriver.java:20)
	at org.openqa.selenium.remote.RemoteWebElement.execute(RemoteWebElement.java:279)
	at org.openqa.selenium.remote.RemoteWebElement.click(RemoteWebElement.java:83)
	at com.thoughtworks.selenium.webdriven.commands.Click.handleSeleneseCommand(Click.java:40)
	at com.thoughtworks.selenium.webdriven.commands.Click.handleSeleneseCommand(Click.java:26)
	at com.thoughtworks.selenium.webdriven.SeleneseCommand.apply(SeleneseCommand.java:36)
	at com.thoughtworks.selenium.webdriven.Timer.run(Timer.java:41)
	at com.thoughtworks.selenium.webdriven.WebDriverCommandProcessor.execute(WebDriverCommandProcessor.java:150)
	at com.thoughtworks.selenium.webdriven.WebDriverCommandProcessor.doCommand(WebDriverCommandProcessor.java:76)
	at com.thoughtworks.selenium.DefaultSelenium.click(DefaultSelenium.java:198)
	at com.thoughtworks.selenium.Selenium$click.call(Unknown Source)
	at Script1583722637163.run(Script1583722637163.groovy:35)
	... 13 more
"/>
         <system-out><![CDATA[2020-03-10 08:01:53 - [TEST_CASE][ERROR] - Test Cases/HIC/New/Medicare: Test Cases/HIC/New/Medicare FAILED.
Reason:
com.thoughtworks.selenium.SeleniumException: unknown error: Element <button type="button" class="Common__DefaultButton-r4giz5-1 Common__JumboButton-r4giz5-2 SubmitButton-nmdtlk-0 ProductDropDown__CTAButton-trye76-5 jeXAtY btn btn-primary">...</button> is not clickable at point (187, 606). Other element would receive the click: <div class="pages__PhoneCtaResponsive-sc-1dmd8vs-30 hzFEeU">...</div>
  (Session info: chrome=80.0.3987.132)
  (Driver info: chromedriver=2.43.600210 (68dcf5eebde37173d4027fa8635e332711d2874a),platform=Windows NT 6.3.9600 x86_64) (WARNING: The server did not provide any stacktrace information)
Command duration or timeout: 0 milliseconds
Build info: version: '3.7.1', revision: '8a0099a', time: '2017-11-06T21:07:36.161Z'
System info: host: 'WIN-U215233FMVE', ip: '172.30.0.53', os.name: 'Windows Server 2012 R2', os.arch: 'amd64', os.version: '6.3', java.version: '1.8.0_181'
Driver info: com.kms.katalon.selenium.driver.CChromeDriver
Capabilities {acceptInsecureCerts: false, acceptSslCerts: false, applicationCacheEnabled: false, browserConnectionEnabled: false, browserName: chrome, chrome: {chromedriverVersion: 2.43.600210 (68dcf5eebde371..., userDataDir: C:\Users\ADMINI~1\AppData\L...}, cssSelectorsEnabled: true, databaseEnabled: false, goog:chromeOptions: {debuggerAddress: localhost:52864}, handlesAlerts: true, hasTouchScreen: true, javascriptEnabled: true, locationContextEnabled: true, mobileEmulationEnabled: true, nativeEvents: true, networkConnectionEnabled: false, pageLoadStrategy: normal, platform: XP, platformName: XP, rotatable: false, setWindowRect: true, takesHeapSnapshot: true, takesScreenshot: true, unexpectedAlertBehaviour: , unhandledPromptBehavior: , version: 80.0.3987.132, webStorageEnabled: true}
Session ID: 927a51b30775cc4ed9835dab91b2dcc6
	at com.thoughtworks.selenium.webdriven.SeleneseCommand.apply(SeleneseCommand.java:45)
	at com.thoughtworks.selenium.webdriven.Timer.run(Timer.java:41)
	at com.thoughtworks.selenium.webdriven.WebDriverCommandProcessor.execute(WebDriverCommandProcessor.java:150)
	at com.thoughtworks.selenium.webdriven.WebDriverCommandProcessor.doCommand(WebDriverCommandProcessor.java:76)
	at com.thoughtworks.selenium.DefaultSelenium.click(DefaultSelenium.java:198)
	at com.thoughtworks.selenium.Selenium$click.call(Unknown Source)
	at Medicare.run(Medicare:35)
	at com.kms.katalon.core.main.ScriptEngine.run(ScriptEngine.java:194)
	at com.kms.katalon.core.main.ScriptEngine.runScriptAsRawText(ScriptEngine.java:119)
	at com.kms.katalon.core.main.TestCaseExecutor.runScript(TestCaseExecutor.java:328)
	at com.kms.katalon.core.main.TestCaseExecutor.doExecute(TestCaseExecutor.java:319)
	at com.kms.katalon.core.main.TestCaseExecutor.processExecutionPhase(TestCaseExecutor.java:298)
	at com.kms.katalon.core.main.TestCaseExecutor.accessMainPhase(TestCaseExecutor.java:290)
	at com.kms.katalon.core.main.TestCaseExecutor.execute(TestCaseExecutor.java:224)
	at com.kms.katalon.core.main.TestSuiteExecutor.accessTestCaseMainPhase(TestSuiteExecutor.java:129)
	at com.kms.katalon.core.main.TestSuiteExecutor.accessTestSuiteMainPhase(TestSuiteExecutor.java:112)
	at com.kms.katalon.core.main.TestSuiteExecutor.execute(TestSuiteExecutor.java:81)
	at com.kms.katalon.core.main.TestCaseMain.startTestSuite(TestCaseMain.java:149)
	at com.kms.katalon.core.main.TestCaseMain$startTestSuite$0.call(Unknown Source)
	at TempTestSuite1583841633899.run(TempTestSuite1583841633899.groovy:36)
Caused by: org.openqa.selenium.WebDriverException: unknown error: Element <button type="button" class="Common__DefaultButton-r4giz5-1 Common__JumboButton-r4giz5-2 SubmitButton-nmdtlk-0 ProductDropDown__CTAButton-trye76-5 jeXAtY btn btn-primary">...</button> is not clickable at point (187, 606). Other element would receive the click: <div class="pages__PhoneCtaResponsive-sc-1dmd8vs-30 hzFEeU">...</div>
  (Session info: chrome=80.0.3987.132)
  (Driver info: chromedriver=2.43.600210 (68dcf5eebde37173d4027fa8635e332711d2874a),platform=Windows NT 6.3.9600 x86_64) (WARNING: The server did not provide any stacktrace information)
Command duration or timeout: 0 milliseconds
Build info: version: '3.7.1', revision: '8a0099a', time: '2017-11-06T21:07:36.161Z'
System info: host: 'WIN-U215233FMVE', ip: '172.30.0.53', os.name: 'Windows Server 2012 R2', os.arch: 'amd64', os.version: '6.3', java.version: '1.8.0_181'
Driver info: com.kms.katalon.selenium.driver.CChromeDriver
Capabilities {acceptInsecureCerts: false, acceptSslCerts: false, applicationCacheEnabled: false, browserConnectionEnabled: false, browserName: chrome, chrome: {chromedriverVersion: 2.43.600210 (68dcf5eebde371..., userDataDir: C:\Users\ADMINI~1\AppData\L...}, cssSelectorsEnabled: true, databaseEnabled: false, goog:chromeOptions: {debuggerAddress: localhost:52864}, handlesAlerts: true, hasTouchScreen: true, javascriptEnabled: true, locationContextEnabled: true, mobileEmulationEnabled: true, nativeEvents: true, networkConnectionEnabled: false, pageLoadStrategy: normal, platform: XP, platformName: XP, rotatable: false, setWindowRect: true, takesHeapSnapshot: true, takesScreenshot: true, unexpectedAlertBehaviour: , unhandledPromptBehavior: , version: 80.0.3987.132, webStorageEnabled: true}
Session ID: 927a51b30775cc4ed9835dab91b2dcc6
	at org.openqa.selenium.remote.ErrorHandler.createThrowable(ErrorHandler.java:214)
	at org.openqa.selenium.remote.ErrorHandler.throwIfResponseFailed(ErrorHandler.java:166)
	at org.openqa.selenium.remote.http.JsonHttpResponseCodec.reconstructValue(JsonHttpResponseCodec.java:40)
	at org.openqa.selenium.remote.http.AbstractHttpResponseCodec.decode(AbstractHttpResponseCodec.java:80)
	at org.openqa.selenium.remote.http.AbstractHttpResponseCodec.decode(AbstractHttpResponseCodec.java:44)
	at org.openqa.selenium.remote.HttpCommandExecutor.execute(HttpCommandExecutor.java:164)
	at org.openqa.selenium.remote.service.DriverCommandExecutor.execute(DriverCommandExecutor.java:83)
	at org.openqa.selenium.remote.RemoteWebDriver.execute(RemoteWebDriver.java:600)
	at com.kms.katalon.selenium.driver.CChromeDriver.execute(CChromeDriver.java:20)
	at org.openqa.selenium.remote.RemoteWebElement.execute(RemoteWebElement.java:279)
	at org.openqa.selenium.remote.RemoteWebElement.click(RemoteWebElement.java:83)
	at com.thoughtworks.selenium.webdriven.commands.Click.handleSeleneseCommand(Click.java:40)
	at com.thoughtworks.selenium.webdriven.commands.Click.handleSeleneseCommand(Click.java:26)
	at com.thoughtworks.selenium.webdriven.SeleneseCommand.apply(SeleneseCommand.java:36)
	at com.thoughtworks.selenium.webdriven.Timer.run(Timer.java:41)
	at com.thoughtworks.selenium.webdriven.WebDriverCommandProcessor.execute(WebDriverCommandProcessor.java:150)
	at com.thoughtworks.selenium.webdriven.WebDriverCommandProcessor.doCommand(WebDriverCommandProcessor.java:76)
	at com.thoughtworks.selenium.DefaultSelenium.click(DefaultSelenium.java:198)
	at com.thoughtworks.selenium.Selenium$click.call(Unknown Source)
	at Script1583722637163.run(Script1583722637163.groovy:35)
	... 13 more


2020-03-10 08:01:53 - [TEST_STEP][PASSED] - callTestCase(findTestCase("HIC/_include/get_hicScreenPath"), ["project":"HIC", "productLine":"Medicare", "carrierName":"Medicare"], CONTINUE_ON_FAILURE): Call Test Case 'Test Cases/HIC/_include/get_hicScreenPath' successfully

2020-03-10 08:01:53 - [TEST_CASE][PASSED] - Test Cases/HIC/_include/get_hicScreenPath: Test Cases/HIC/_include/get_hicScreenPath

2020-03-10 08:01:53 - [TEST_STEP][PASSED] - m = getExecutionProperties(): null

2020-03-10 08:01:53 - [TEST_STEP][PASSED] - deviceName = get("mobileEmulation").get("deviceName"): null

2020-03-10 08:01:53 - [TEST_STEP][PASSED] - println(deviceName): null

2020-03-10 08:01:53 - [TEST_STEP][PASSED] - now = new java.util.Date(): null

2020-03-10 08:01:53 - [TEST_STEP][PASSED] - mydate = now.format("yyyyMMdd_HHmmss"): null

2020-03-10 08:01:53 - [TEST_STEP][PASSED] - screenPath = "../Screenshots/": null

2020-03-10 08:01:53 - [TEST_STEP][PASSED] - screenPath = screenPath + deviceName + "/" + project + "/" + productLine + "/" + carrierName + "/" + mydate + "/": null

2020-03-10 08:01:53 - [TEST_STEP][PASSED] - println(screenPath): null

2020-03-10 08:01:53 - [MESSAGE][PASSED] - Call Test Case 'Test Cases/HIC/_include/get_hicScreenPath' successfully

2020-03-10 08:01:53 - [TEST_STEP][PASSED] - i = 0: null

2020-03-10 08:01:53 - [TEST_STEP][PASSED] - callTestCase(findTestCase("AHI/_include/openWebSite"), ["env":env], CONTINUE_ON_FAILURE): Call Test Case 'Test Cases/AHI/_include/openWebSite' successfully

2020-03-10 08:01:54 - [TEST_CASE][PASSED] - Test Cases/AHI/_include/openWebSite: Test Cases/AHI/_include/openWebSite

2020-03-10 08:01:54 - [TEST_STEP][PASSED] - openBrowser(env): Browser is opened with url: 'https://qa.healthinsurance.com/'

2020-03-10 08:01:54 - [MESSAGE][WARNING] - A browser is already opened. Closing browser and opening a new one

2020-03-10 08:01:55 - [MESSAGE][INFO] - Starting 'Chrome' driver

2020-03-10 08:01:55 - [MESSAGE][INFO] - User set preference: ['mobileEmulation', '{deviceName=iPhone 6}']

2020-03-10 08:01:55 - [MESSAGE][INFO] - User set preference: ['args', '[--incognito, --aggressive-cache-discard, --window-size=375,677, --no-sandbox, --ignore-certificate-errors]']

2020-03-10 08:02:00 - [MESSAGE][PASSED] - Browser is opened with url: 'https://qa.healthinsurance.com/'

2020-03-10 08:02:00 - [TEST_STEP][PASSED] - waitForPageLoad(20): Wait for page load successfully

2020-03-10 08:02:00 - [MESSAGE][PASSED] - Wait for page load successfully

2020-03-10 08:02:00 - [TEST_STEP][PASSED] - callTestCase(findTestCase("AHI/_include/get_screenshot"), [:], STOP_ON_FAILURE): Call Test Case 'Test Cases/AHI/_include/get_screenshot' successfully

2020-03-10 08:02:00 - [TEST_CASE][PASSED] - Test Cases/AHI/_include/get_screenshot: Test Cases/AHI/_include/get_screenshot

2020-03-10 08:02:00 - [TEST_STEP][PASSED] - Thread.sleep(1000): null

2020-03-10 08:02:01 - [TEST_STEP][PASSED] - takeScreenshot(screenPath + i + ".png"): Taking screenshot successfully

2020-03-10 08:02:01 - [MESSAGE][PASSED] - Taking screenshot successfully
[[ATTACHMENT|D:\\Test\\AgileTest\\Reports\\HIC\\hic\\20200310_080033\\../Screenshots/iPhone 6/HIC/Medicare/Medicare/20200310_080153/0.png]]

2020-03-10 08:02:01 - [TEST_STEP][PASSED] - (internal.GlobalVariable.i++): null

2020-03-10 08:02:01 - [MESSAGE][PASSED] - Call Test Case 'Test Cases/AHI/_include/get_screenshot' successfully

2020-03-10 08:02:01 - [MESSAGE][PASSED] - Call Test Case 'Test Cases/AHI/_include/openWebSite' successfully

2020-03-10 08:02:01 - [TEST_STEP][PASSED] - driver = getWebDriver(): null

2020-03-10 08:02:01 - [TEST_STEP][PASSED] - baseUrl = env: null

2020-03-10 08:02:01 - [TEST_STEP][PASSED] - selenium = new com.thoughtworks.selenium.webdriven.WebDriverBackedSelenium(driver, baseUrl): null

2020-03-10 08:02:01 - [TEST_STEP][ERROR] - selenium.click("//button[contains(text(),'COMPARE HEALTHPLANS')]"): selenium.click("//button[contains(text(),'COMPARE HEALTHPLANS')]") FAILED.
Reason:
com.thoughtworks.selenium.SeleniumException: unknown error: Element <button type="button" class="Common__DefaultButton-r4giz5-1 Common__JumboButton-r4giz5-2 SubmitButton-nmdtlk-0 ProductDropDown__CTAButton-trye76-5 jeXAtY btn btn-primary">...</button> is not clickable at point (187, 606). Other element would receive the click: <div class="pages__PhoneCtaResponsive-sc-1dmd8vs-30 hzFEeU">...</div>
  (Session info: chrome=80.0.3987.132)
  (Driver info: chromedriver=2.43.600210 (68dcf5eebde37173d4027fa8635e332711d2874a),platform=Windows NT 6.3.9600 x86_64) (WARNING: The server did not provide any stacktrace information)
Command duration or timeout: 0 milliseconds
Build info: version: '3.7.1', revision: '8a0099a', time: '2017-11-06T21:07:36.161Z'
System info: host: 'WIN-U215233FMVE', ip: '172.30.0.53', os.name: 'Windows Server 2012 R2', os.arch: 'amd64', os.version: '6.3', java.version: '1.8.0_181'
Driver info: com.kms.katalon.selenium.driver.CChromeDriver
Capabilities {acceptInsecureCerts: false, acceptSslCerts: false, applicationCacheEnabled: false, browserConnectionEnabled: false, browserName: chrome, chrome: {chromedriverVersion: 2.43.600210 (68dcf5eebde371..., userDataDir: C:\Users\ADMINI~1\AppData\L...}, cssSelectorsEnabled: true, databaseEnabled: false, goog:chromeOptions: {debuggerAddress: localhost:52864}, handlesAlerts: true, hasTouchScreen: true, javascriptEnabled: true, locationContextEnabled: true, mobileEmulationEnabled: true, nativeEvents: true, networkConnectionEnabled: false, pageLoadStrategy: normal, platform: XP, platformName: XP, rotatable: false, setWindowRect: true, takesHeapSnapshot: true, takesScreenshot: true, unexpectedAlertBehaviour: , unhandledPromptBehavior: , version: 80.0.3987.132, webStorageEnabled: true}
Session ID: 927a51b30775cc4ed9835dab91b2dcc6
	at com.thoughtworks.selenium.webdriven.SeleneseCommand.apply(SeleneseCommand.java:45)
	at com.thoughtworks.selenium.webdriven.Timer.run(Timer.java:41)
	at com.thoughtworks.selenium.webdriven.WebDriverCommandProcessor.execute(WebDriverCommandProcessor.java:150)
	at com.thoughtworks.selenium.webdriven.WebDriverCommandProcessor.doCommand(WebDriverCommandProcessor.java:76)
	at com.thoughtworks.selenium.DefaultSelenium.click(DefaultSelenium.java:198)
	at com.thoughtworks.selenium.Selenium$click.call(Unknown Source)
	at Medicare.run(Medicare:35)
	at com.kms.katalon.core.main.ScriptEngine.run(ScriptEngine.java:194)
	at com.kms.katalon.core.main.ScriptEngine.runScriptAsRawText(ScriptEngine.java:119)
	at com.kms.katalon.core.main.TestCaseExecutor.runScript(TestCaseExecutor.java:328)
	at com.kms.katalon.core.main.TestCaseExecutor.doExecute(TestCaseExecutor.java:319)
	at com.kms.katalon.core.main.TestCaseExecutor.processExecutionPhase(TestCaseExecutor.java:298)
	at com.kms.katalon.core.main.TestCaseExecutor.accessMainPhase(TestCaseExecutor.java:290)
	at com.kms.katalon.core.main.TestCaseExecutor.execute(TestCaseExecutor.java:224)
	at com.kms.katalon.core.main.TestSuiteExecutor.accessTestCaseMainPhase(TestSuiteExecutor.java:129)
	at com.kms.katalon.core.main.TestSuiteExecutor.accessTestSuiteMainPhase(TestSuiteExecutor.java:112)
	at com.kms.katalon.core.main.TestSuiteExecutor.execute(TestSuiteExecutor.java:81)
	at com.kms.katalon.core.main.TestCaseMain.startTestSuite(TestCaseMain.java:149)
	at com.kms.katalon.core.main.TestCaseMain$startTestSuite$0.call(Unknown Source)
	at TempTestSuite1583841633899.run(TempTestSuite1583841633899.groovy:36)
Caused by: org.openqa.selenium.WebDriverException: unknown error: Element <button type="button" class="Common__DefaultButton-r4giz5-1 Common__JumboButton-r4giz5-2 SubmitButton-nmdtlk-0 ProductDropDown__CTAButton-trye76-5 jeXAtY btn btn-primary">...</button> is not clickable at point (187, 606). Other element would receive the click: <div class="pages__PhoneCtaResponsive-sc-1dmd8vs-30 hzFEeU">...</div>
  (Session info: chrome=80.0.3987.132)
  (Driver info: chromedriver=2.43.600210 (68dcf5eebde37173d4027fa8635e332711d2874a),platform=Windows NT 6.3.9600 x86_64) (WARNING: The server did not provide any stacktrace information)
Command duration or timeout: 0 milliseconds
Build info: version: '3.7.1', revision: '8a0099a', time: '2017-11-06T21:07:36.161Z'
System info: host: 'WIN-U215233FMVE', ip: '172.30.0.53', os.name: 'Windows Server 2012 R2', os.arch: 'amd64', os.version: '6.3', java.version: '1.8.0_181'
Driver info: com.kms.katalon.selenium.driver.CChromeDriver
Capabilities {acceptInsecureCerts: false, acceptSslCerts: false, applicationCacheEnabled: false, browserConnectionEnabled: false, browserName: chrome, chrome: {chromedriverVersion: 2.43.600210 (68dcf5eebde371..., userDataDir: C:\Users\ADMINI~1\AppData\L...}, cssSelectorsEnabled: true, databaseEnabled: false, goog:chromeOptions: {debuggerAddress: localhost:52864}, handlesAlerts: true, hasTouchScreen: true, javascriptEnabled: true, locationContextEnabled: true, mobileEmulationEnabled: true, nativeEvents: true, networkConnectionEnabled: false, pageLoadStrategy: normal, platform: XP, platformName: XP, rotatable: false, setWindowRect: true, takesHeapSnapshot: true, takesScreenshot: true, unexpectedAlertBehaviour: , unhandledPromptBehavior: , version: 80.0.3987.132, webStorageEnabled: true}
Session ID: 927a51b30775cc4ed9835dab91b2dcc6
	at org.openqa.selenium.remote.ErrorHandler.createThrowable(ErrorHandler.java:214)
	at org.openqa.selenium.remote.ErrorHandler.throwIfResponseFailed(ErrorHandler.java:166)
	at org.openqa.selenium.remote.http.JsonHttpResponseCodec.reconstructValue(JsonHttpResponseCodec.java:40)
	at org.openqa.selenium.remote.http.AbstractHttpResponseCodec.decode(AbstractHttpResponseCodec.java:80)
	at org.openqa.selenium.remote.http.AbstractHttpResponseCodec.decode(AbstractHttpResponseCodec.java:44)
	at org.openqa.selenium.remote.HttpCommandExecutor.execute(HttpCommandExecutor.java:164)
	at org.openqa.selenium.remote.service.DriverCommandExecutor.execute(DriverCommandExecutor.java:83)
	at org.openqa.selenium.remote.RemoteWebDriver.execute(RemoteWebDriver.java:600)
	at com.kms.katalon.selenium.driver.CChromeDriver.execute(CChromeDriver.java:20)
	at org.openqa.selenium.remote.RemoteWebElement.execute(RemoteWebElement.java:279)
	at org.openqa.selenium.remote.RemoteWebElement.click(RemoteWebElement.java:83)
	at com.thoughtworks.selenium.webdriven.commands.Click.handleSeleneseCommand(Click.java:40)
	at com.thoughtworks.selenium.webdriven.commands.Click.handleSeleneseCommand(Click.java:26)
	at com.thoughtworks.selenium.webdriven.SeleneseCommand.apply(SeleneseCommand.java:36)
	at com.thoughtworks.selenium.webdriven.Timer.run(Timer.java:41)
	at com.thoughtworks.selenium.webdriven.WebDriverCommandProcessor.execute(WebDriverCommandProcessor.java:150)
	at com.thoughtworks.selenium.webdriven.WebDriverCommandProcessor.doCommand(WebDriverCommandProcessor.java:76)
	at com.thoughtworks.selenium.DefaultSelenium.click(DefaultSelenium.java:198)
	at com.thoughtworks.selenium.Selenium$click.call(Unknown Source)
	at Script1583722637163.run(Script1583722637163.groovy:35)
	... 13 more


2020-03-10 08:02:02 - [MESSAGE][ERROR] - selenium.click("//button[contains(text(),'COMPARE HEALTHPLANS')]") FAILED.
Reason:
com.thoughtworks.selenium.SeleniumException: unknown error: Element <button type="button" class="Common__DefaultButton-r4giz5-1 Common__JumboButton-r4giz5-2 SubmitButton-nmdtlk-0 ProductDropDown__CTAButton-trye76-5 jeXAtY btn btn-primary">...</button> is not clickable at point (187, 606). Other element would receive the click: <div class="pages__PhoneCtaResponsive-sc-1dmd8vs-30 hzFEeU">...</div>
  (Session info: chrome=80.0.3987.132)
  (Driver info: chromedriver=2.43.600210 (68dcf5eebde37173d4027fa8635e332711d2874a),platform=Windows NT 6.3.9600 x86_64) (WARNING: The server did not provide any stacktrace information)
Command duration or timeout: 0 milliseconds
Build info: version: '3.7.1', revision: '8a0099a', time: '2017-11-06T21:07:36.161Z'
System info: host: 'WIN-U215233FMVE', ip: '172.30.0.53', os.name: 'Windows Server 2012 R2', os.arch: 'amd64', os.version: '6.3', java.version: '1.8.0_181'
Driver info: com.kms.katalon.selenium.driver.CChromeDriver
Capabilities {acceptInsecureCerts: false, acceptSslCerts: false, applicationCacheEnabled: false, browserConnectionEnabled: false, browserName: chrome, chrome: {chromedriverVersion: 2.43.600210 (68dcf5eebde371..., userDataDir: C:\Users\ADMINI~1\AppData\L...}, cssSelectorsEnabled: true, databaseEnabled: false, goog:chromeOptions: {debuggerAddress: localhost:52864}, handlesAlerts: true, hasTouchScreen: true, javascriptEnabled: true, locationContextEnabled: true, mobileEmulationEnabled: true, nativeEvents: true, networkConnectionEnabled: false, pageLoadStrategy: normal, platform: XP, platformName: XP, rotatable: false, setWindowRect: true, takesHeapSnapshot: true, takesScreenshot: true, unexpectedAlertBehaviour: , unhandledPromptBehavior: , version: 80.0.3987.132, webStorageEnabled: true}
Session ID: 927a51b30775cc4ed9835dab91b2dcc6
	at com.thoughtworks.selenium.webdriven.SeleneseCommand.apply(SeleneseCommand.java:45)
	at com.thoughtworks.selenium.webdriven.Timer.run(Timer.java:41)
	at com.thoughtworks.selenium.webdriven.WebDriverCommandProcessor.execute(WebDriverCommandProcessor.java:150)
	at com.thoughtworks.selenium.webdriven.WebDriverCommandProcessor.doCommand(WebDriverCommandProcessor.java:76)
	at com.thoughtworks.selenium.DefaultSelenium.click(DefaultSelenium.java:198)
	at com.thoughtworks.selenium.Selenium$click.call(Unknown Source)
	at Medicare.run(Medicare:35)
	at com.kms.katalon.core.main.ScriptEngine.run(ScriptEngine.java:194)
	at com.kms.katalon.core.main.ScriptEngine.runScriptAsRawText(ScriptEngine.java:119)
	at com.kms.katalon.core.main.TestCaseExecutor.runScript(TestCaseExecutor.java:328)
	at com.kms.katalon.core.main.TestCaseExecutor.doExecute(TestCaseExecutor.java:319)
	at com.kms.katalon.core.main.TestCaseExecutor.processExecutionPhase(TestCaseExecutor.java:298)
	at com.kms.katalon.core.main.TestCaseExecutor.accessMainPhase(TestCaseExecutor.java:290)
	at com.kms.katalon.core.main.TestCaseExecutor.execute(TestCaseExecutor.java:224)
	at com.kms.katalon.core.main.TestSuiteExecutor.accessTestCaseMainPhase(TestSuiteExecutor.java:129)
	at com.kms.katalon.core.main.TestSuiteExecutor.accessTestSuiteMainPhase(TestSuiteExecutor.java:112)
	at com.kms.katalon.core.main.TestSuiteExecutor.execute(TestSuiteExecutor.java:81)
	at com.kms.katalon.core.main.TestCaseMain.startTestSuite(TestCaseMain.java:149)
	at com.kms.katalon.core.main.TestCaseMain$startTestSuite$0.call(Unknown Source)
	at TempTestSuite1583841633899.run(TempTestSuite1583841633899.groovy:36)
Caused by: org.openqa.selenium.WebDriverException: unknown error: Element <button type="button" class="Common__DefaultButton-r4giz5-1 Common__JumboButton-r4giz5-2 SubmitButton-nmdtlk-0 ProductDropDown__CTAButton-trye76-5 jeXAtY btn btn-primary">...</button> is not clickable at point (187, 606). Other element would receive the click: <div class="pages__PhoneCtaResponsive-sc-1dmd8vs-30 hzFEeU">...</div>
  (Session info: chrome=80.0.3987.132)
  (Driver info: chromedriver=2.43.600210 (68dcf5eebde37173d4027fa8635e332711d2874a),platform=Windows NT 6.3.9600 x86_64) (WARNING: The server did not provide any stacktrace information)
Command duration or timeout: 0 milliseconds
Build info: version: '3.7.1', revision: '8a0099a', time: '2017-11-06T21:07:36.161Z'
System info: host: 'WIN-U215233FMVE', ip: '172.30.0.53', os.name: 'Windows Server 2012 R2', os.arch: 'amd64', os.version: '6.3', java.version: '1.8.0_181'
Driver info: com.kms.katalon.selenium.driver.CChromeDriver
Capabilities {acceptInsecureCerts: false, acceptSslCerts: false, applicationCacheEnabled: false, browserConnectionEnabled: false, browserName: chrome, chrome: {chromedriverVersion: 2.43.600210 (68dcf5eebde371..., userDataDir: C:\Users\ADMINI~1\AppData\L...}, cssSelectorsEnabled: true, databaseEnabled: false, goog:chromeOptions: {debuggerAddress: localhost:52864}, handlesAlerts: true, hasTouchScreen: true, javascriptEnabled: true, locationContextEnabled: true, mobileEmulationEnabled: true, nativeEvents: true, networkConnectionEnabled: false, pageLoadStrategy: normal, platform: XP, platformName: XP, rotatable: false, setWindowRect: true, takesHeapSnapshot: true, takesScreenshot: true, unexpectedAlertBehaviour: , unhandledPromptBehavior: , version: 80.0.3987.132, webStorageEnabled: true}
Session ID: 927a51b30775cc4ed9835dab91b2dcc6
	at org.openqa.selenium.remote.ErrorHandler.createThrowable(ErrorHandler.java:214)
	at org.openqa.selenium.remote.ErrorHandler.throwIfResponseFailed(ErrorHandler.java:166)
	at org.openqa.selenium.remote.http.JsonHttpResponseCodec.reconstructValue(JsonHttpResponseCodec.java:40)
	at org.openqa.selenium.remote.http.AbstractHttpResponseCodec.decode(AbstractHttpResponseCodec.java:80)
	at org.openqa.selenium.remote.http.AbstractHttpResponseCodec.decode(AbstractHttpResponseCodec.java:44)
	at org.openqa.selenium.remote.HttpCommandExecutor.execute(HttpCommandExecutor.java:164)
	at org.openqa.selenium.remote.service.DriverCommandExecutor.execute(DriverCommandExecutor.java:83)
	at org.openqa.selenium.remote.RemoteWebDriver.execute(RemoteWebDriver.java:600)
	at com.kms.katalon.selenium.driver.CChromeDriver.execute(CChromeDriver.java:20)
	at org.openqa.selenium.remote.RemoteWebElement.execute(RemoteWebElement.java:279)
	at org.openqa.selenium.remote.RemoteWebElement.click(RemoteWebElement.java:83)
	at com.thoughtworks.selenium.webdriven.commands.Click.handleSeleneseCommand(Click.java:40)
	at com.thoughtworks.selenium.webdriven.commands.Click.handleSeleneseCommand(Click.java:26)
	at com.thoughtworks.selenium.webdriven.SeleneseCommand.apply(SeleneseCommand.java:36)
	at com.thoughtworks.selenium.webdriven.Timer.run(Timer.java:41)
	at com.thoughtworks.selenium.webdriven.WebDriverCommandProcessor.execute(WebDriverCommandProcessor.java:150)
	at com.thoughtworks.selenium.webdriven.WebDriverCommandProcessor.doCommand(WebDriverCommandProcessor.java:76)
	at com.thoughtworks.selenium.DefaultSelenium.click(DefaultSelenium.java:198)
	at com.thoughtworks.selenium.Selenium$click.call(Unknown Source)
	at Script1583722637163.run(Script1583722637163.groovy:35)
	... 13 more]]></system-out>
         <system-err><![CDATA[2020-03-10 08:01:53 - [TEST_CASE][ERROR] - Test Cases/HIC/New/Medicare: Test Cases/HIC/New/Medicare FAILED.
Reason:
com.thoughtworks.selenium.SeleniumException: unknown error: Element <button type="button" class="Common__DefaultButton-r4giz5-1 Common__JumboButton-r4giz5-2 SubmitButton-nmdtlk-0 ProductDropDown__CTAButton-trye76-5 jeXAtY btn btn-primary">...</button> is not clickable at point (187, 606). Other element would receive the click: <div class="pages__PhoneCtaResponsive-sc-1dmd8vs-30 hzFEeU">...</div>
  (Session info: chrome=80.0.3987.132)
  (Driver info: chromedriver=2.43.600210 (68dcf5eebde37173d4027fa8635e332711d2874a),platform=Windows NT 6.3.9600 x86_64) (WARNING: The server did not provide any stacktrace information)
Command duration or timeout: 0 milliseconds
Build info: version: '3.7.1', revision: '8a0099a', time: '2017-11-06T21:07:36.161Z'
System info: host: 'WIN-U215233FMVE', ip: '172.30.0.53', os.name: 'Windows Server 2012 R2', os.arch: 'amd64', os.version: '6.3', java.version: '1.8.0_181'
Driver info: com.kms.katalon.selenium.driver.CChromeDriver
Capabilities {acceptInsecureCerts: false, acceptSslCerts: false, applicationCacheEnabled: false, browserConnectionEnabled: false, browserName: chrome, chrome: {chromedriverVersion: 2.43.600210 (68dcf5eebde371..., userDataDir: C:\Users\ADMINI~1\AppData\L...}, cssSelectorsEnabled: true, databaseEnabled: false, goog:chromeOptions: {debuggerAddress: localhost:52864}, handlesAlerts: true, hasTouchScreen: true, javascriptEnabled: true, locationContextEnabled: true, mobileEmulationEnabled: true, nativeEvents: true, networkConnectionEnabled: false, pageLoadStrategy: normal, platform: XP, platformName: XP, rotatable: false, setWindowRect: true, takesHeapSnapshot: true, takesScreenshot: true, unexpectedAlertBehaviour: , unhandledPromptBehavior: , version: 80.0.3987.132, webStorageEnabled: true}
Session ID: 927a51b30775cc4ed9835dab91b2dcc6
	at com.thoughtworks.selenium.webdriven.SeleneseCommand.apply(SeleneseCommand.java:45)
	at com.thoughtworks.selenium.webdriven.Timer.run(Timer.java:41)
	at com.thoughtworks.selenium.webdriven.WebDriverCommandProcessor.execute(WebDriverCommandProcessor.java:150)
	at com.thoughtworks.selenium.webdriven.WebDriverCommandProcessor.doCommand(WebDriverCommandProcessor.java:76)
	at com.thoughtworks.selenium.DefaultSelenium.click(DefaultSelenium.java:198)
	at com.thoughtworks.selenium.Selenium$click.call(Unknown Source)
	at Medicare.run(Medicare:35)
	at com.kms.katalon.core.main.ScriptEngine.run(ScriptEngine.java:194)
	at com.kms.katalon.core.main.ScriptEngine.runScriptAsRawText(ScriptEngine.java:119)
	at com.kms.katalon.core.main.TestCaseExecutor.runScript(TestCaseExecutor.java:328)
	at com.kms.katalon.core.main.TestCaseExecutor.doExecute(TestCaseExecutor.java:319)
	at com.kms.katalon.core.main.TestCaseExecutor.processExecutionPhase(TestCaseExecutor.java:298)
	at com.kms.katalon.core.main.TestCaseExecutor.accessMainPhase(TestCaseExecutor.java:290)
	at com.kms.katalon.core.main.TestCaseExecutor.execute(TestCaseExecutor.java:224)
	at com.kms.katalon.core.main.TestSuiteExecutor.accessTestCaseMainPhase(TestSuiteExecutor.java:129)
	at com.kms.katalon.core.main.TestSuiteExecutor.accessTestSuiteMainPhase(TestSuiteExecutor.java:112)
	at com.kms.katalon.core.main.TestSuiteExecutor.execute(TestSuiteExecutor.java:81)
	at com.kms.katalon.core.main.TestCaseMain.startTestSuite(TestCaseMain.java:149)
	at com.kms.katalon.core.main.TestCaseMain$startTestSuite$0.call(Unknown Source)
	at TempTestSuite1583841633899.run(TempTestSuite1583841633899.groovy:36)
Caused by: org.openqa.selenium.WebDriverException: unknown error: Element <button type="button" class="Common__DefaultButton-r4giz5-1 Common__JumboButton-r4giz5-2 SubmitButton-nmdtlk-0 ProductDropDown__CTAButton-trye76-5 jeXAtY btn btn-primary">...</button> is not clickable at point (187, 606). Other element would receive the click: <div class="pages__PhoneCtaResponsive-sc-1dmd8vs-30 hzFEeU">...</div>
  (Session info: chrome=80.0.3987.132)
  (Driver info: chromedriver=2.43.600210 (68dcf5eebde37173d4027fa8635e332711d2874a),platform=Windows NT 6.3.9600 x86_64) (WARNING: The server did not provide any stacktrace information)
Command duration or timeout: 0 milliseconds
Build info: version: '3.7.1', revision: '8a0099a', time: '2017-11-06T21:07:36.161Z'
System info: host: 'WIN-U215233FMVE', ip: '172.30.0.53', os.name: 'Windows Server 2012 R2', os.arch: 'amd64', os.version: '6.3', java.version: '1.8.0_181'
Driver info: com.kms.katalon.selenium.driver.CChromeDriver
Capabilities {acceptInsecureCerts: false, acceptSslCerts: false, applicationCacheEnabled: false, browserConnectionEnabled: false, browserName: chrome, chrome: {chromedriverVersion: 2.43.600210 (68dcf5eebde371..., userDataDir: C:\Users\ADMINI~1\AppData\L...}, cssSelectorsEnabled: true, databaseEnabled: false, goog:chromeOptions: {debuggerAddress: localhost:52864}, handlesAlerts: true, hasTouchScreen: true, javascriptEnabled: true, locationContextEnabled: true, mobileEmulationEnabled: true, nativeEvents: true, networkConnectionEnabled: false, pageLoadStrategy: normal, platform: XP, platformName: XP, rotatable: false, setWindowRect: true, takesHeapSnapshot: true, takesScreenshot: true, unexpectedAlertBehaviour: , unhandledPromptBehavior: , version: 80.0.3987.132, webStorageEnabled: true}
Session ID: 927a51b30775cc4ed9835dab91b2dcc6
	at org.openqa.selenium.remote.ErrorHandler.createThrowable(ErrorHandler.java:214)
	at org.openqa.selenium.remote.ErrorHandler.throwIfResponseFailed(ErrorHandler.java:166)
	at org.openqa.selenium.remote.http.JsonHttpResponseCodec.reconstructValue(JsonHttpResponseCodec.java:40)
	at org.openqa.selenium.remote.http.AbstractHttpResponseCodec.decode(AbstractHttpResponseCodec.java:80)
	at org.openqa.selenium.remote.http.AbstractHttpResponseCodec.decode(AbstractHttpResponseCodec.java:44)
	at org.openqa.selenium.remote.HttpCommandExecutor.execute(HttpCommandExecutor.java:164)
	at org.openqa.selenium.remote.service.DriverCommandExecutor.execute(DriverCommandExecutor.java:83)
	at org.openqa.selenium.remote.RemoteWebDriver.execute(RemoteWebDriver.java:600)
	at com.kms.katalon.selenium.driver.CChromeDriver.execute(CChromeDriver.java:20)
	at org.openqa.selenium.remote.RemoteWebElement.execute(RemoteWebElement.java:279)
	at org.openqa.selenium.remote.RemoteWebElement.click(RemoteWebElement.java:83)
	at com.thoughtworks.selenium.webdriven.commands.Click.handleSeleneseCommand(Click.java:40)
	at com.thoughtworks.selenium.webdriven.commands.Click.handleSeleneseCommand(Click.java:26)
	at com.thoughtworks.selenium.webdriven.SeleneseCommand.apply(SeleneseCommand.java:36)
	at com.thoughtworks.selenium.webdriven.Timer.run(Timer.java:41)
	at com.thoughtworks.selenium.webdriven.WebDriverCommandProcessor.execute(WebDriverCommandProcessor.java:150)
	at com.thoughtworks.selenium.webdriven.WebDriverCommandProcessor.doCommand(WebDriverCommandProcessor.java:76)
	at com.thoughtworks.selenium.DefaultSelenium.click(DefaultSelenium.java:198)
	at com.thoughtworks.selenium.Selenium$click.call(Unknown Source)
	at Script1583722637163.run(Script1583722637163.groovy:35)
	... 13 more]]></system-err>
      </testcase>
      <testcase name="Test Cases/HIC/New/Pet" classname="Test Cases/HIC/New/Pet" status="PASSED">
         <system-out><![CDATA[2020-03-10 08:02:02 - [TEST_CASE][PASSED] - Test Cases/HIC/New/Pet: Test Cases/HIC/New/Pet

2020-03-10 08:02:02 - [TEST_STEP][PASSED] - callTestCase(findTestCase("HIC/_include/get_hicScreenPath"), ["project":"HIC", "productLine":"Pet", "carrierName":"Pet"], CONTINUE_ON_FAILURE): Call Test Case 'Test Cases/HIC/_include/get_hicScreenPath' successfully

2020-03-10 08:02:02 - [TEST_CASE][PASSED] - Test Cases/HIC/_include/get_hicScreenPath: Test Cases/HIC/_include/get_hicScreenPath

2020-03-10 08:02:02 - [TEST_STEP][PASSED] - m = getExecutionProperties(): null

2020-03-10 08:02:02 - [TEST_STEP][PASSED] - deviceName = get("mobileEmulation").get("deviceName"): null

2020-03-10 08:02:02 - [TEST_STEP][PASSED] - println(deviceName): null

2020-03-10 08:02:02 - [TEST_STEP][PASSED] - now = new java.util.Date(): null

2020-03-10 08:02:02 - [TEST_STEP][PASSED] - mydate = now.format("yyyyMMdd_HHmmss"): null

2020-03-10 08:02:02 - [TEST_STEP][PASSED] - screenPath = "../Screenshots/": null

2020-03-10 08:02:02 - [TEST_STEP][PASSED] - screenPath = screenPath + deviceName + "/" + project + "/" + productLine + "/" + carrierName + "/" + mydate + "/": null

2020-03-10 08:02:02 - [TEST_STEP][PASSED] - println(screenPath): null

2020-03-10 08:02:02 - [MESSAGE][PASSED] - Call Test Case 'Test Cases/HIC/_include/get_hicScreenPath' successfully

2020-03-10 08:02:02 - [TEST_STEP][PASSED] - i = 0: null

2020-03-10 08:02:02 - [TEST_STEP][PASSED] - callTestCase(findTestCase("AHI/_include/openWebSite"), ["env":env], CONTINUE_ON_FAILURE): Call Test Case 'Test Cases/AHI/_include/openWebSite' successfully

2020-03-10 08:02:02 - [TEST_CASE][PASSED] - Test Cases/AHI/_include/openWebSite: Test Cases/AHI/_include/openWebSite

2020-03-10 08:02:02 - [TEST_STEP][PASSED] - openBrowser(env): Browser is opened with url: 'https://qa.healthinsurance.com'

2020-03-10 08:02:02 - [MESSAGE][WARNING] - A browser is already opened. Closing browser and opening a new one

2020-03-10 08:02:03 - [MESSAGE][INFO] - Starting 'Chrome' driver

2020-03-10 08:02:03 - [MESSAGE][INFO] - User set preference: ['mobileEmulation', '{deviceName=iPhone 6}']

2020-03-10 08:02:03 - [MESSAGE][INFO] - User set preference: ['args', '[--incognito, --aggressive-cache-discard, --window-size=375,677, --no-sandbox, --ignore-certificate-errors]']

2020-03-10 08:02:06 - [MESSAGE][PASSED] - Browser is opened with url: 'https://qa.healthinsurance.com'

2020-03-10 08:02:06 - [TEST_STEP][PASSED] - waitForPageLoad(20): Wait for page load successfully

2020-03-10 08:02:06 - [MESSAGE][PASSED] - Wait for page load successfully

2020-03-10 08:02:06 - [TEST_STEP][PASSED] - callTestCase(findTestCase("AHI/_include/get_screenshot"), [:], STOP_ON_FAILURE): Call Test Case 'Test Cases/AHI/_include/get_screenshot' successfully

2020-03-10 08:02:06 - [TEST_CASE][PASSED] - Test Cases/AHI/_include/get_screenshot: Test Cases/AHI/_include/get_screenshot

2020-03-10 08:02:06 - [TEST_STEP][PASSED] - Thread.sleep(1000): null

2020-03-10 08:02:07 - [TEST_STEP][PASSED] - takeScreenshot(screenPath + i + ".png"): Taking screenshot successfully

2020-03-10 08:02:08 - [MESSAGE][PASSED] - Taking screenshot successfully
[[ATTACHMENT|D:\\Test\\AgileTest\\Reports\\HIC\\hic\\20200310_080033\\../Screenshots/iPhone 6/HIC/Pet/Pet/20200310_080202/0.png]]

2020-03-10 08:02:08 - [TEST_STEP][PASSED] - (internal.GlobalVariable.i++): null

2020-03-10 08:02:08 - [MESSAGE][PASSED] - Call Test Case 'Test Cases/AHI/_include/get_screenshot' successfully

2020-03-10 08:02:08 - [MESSAGE][PASSED] - Call Test Case 'Test Cases/AHI/_include/openWebSite' successfully

2020-03-10 08:02:08 - [TEST_STEP][PASSED] - driver = getWebDriver(): null

2020-03-10 08:02:08 - [TEST_STEP][PASSED] - baseUrl = env: null

2020-03-10 08:02:08 - [TEST_STEP][PASSED] - selenium = new com.thoughtworks.selenium.webdriven.WebDriverBackedSelenium(driver, baseUrl): null

2020-03-10 08:02:08 - [TEST_STEP][PASSED] - selenium.click("id=product-lines"): null

2020-03-10 08:02:09 - [TEST_STEP][PASSED] - selenium.click("//*[@id='product-lines']/following::div/button[contains(text(),'Pet Insurance')]"): null

2020-03-10 08:02:09 - [TEST_STEP][PASSED] - selenium.click("//button[contains(text(),'COMPARE HEALTHPLANS')]"): null

2020-03-10 08:02:10 - [TEST_STEP][PASSED] - for ([second = 0, second < 20, (second++)]): null

2020-03-10 08:02:10 - [TEST_STEP][PASSED] - try: null

2020-03-10 08:02:10 - [TEST_STEP][PASSED] - if (selenium.isElementPresent("id=zip-input")): null

2020-03-10 08:02:10 - [TEST_STEP][PASSED] - break: null

2020-03-10 08:02:10 - [TEST_STEP][PASSED] - callTestCase(findTestCase("AHI/_include/get_screenshot"), [:], STOP_ON_FAILURE): Call Test Case 'Test Cases/AHI/_include/get_screenshot' successfully

2020-03-10 08:02:10 - [TEST_CASE][PASSED] - Test Cases/AHI/_include/get_screenshot: Test Cases/AHI/_include/get_screenshot

2020-03-10 08:02:10 - [TEST_STEP][PASSED] - Thread.sleep(1000): null

2020-03-10 08:02:11 - [TEST_STEP][PASSED] - takeScreenshot(screenPath + i + ".png"): Taking screenshot successfully

2020-03-10 08:02:13 - [MESSAGE][PASSED] - Taking screenshot successfully
[[ATTACHMENT|D:\\Test\\AgileTest\\Reports\\HIC\\hic\\20200310_080033\\../Screenshots/iPhone 6/HIC/Pet/Pet/20200310_080202/1.png]]

2020-03-10 08:02:13 - [TEST_STEP][PASSED] - (internal.GlobalVariable.i++): null

2020-03-10 08:02:13 - [MESSAGE][PASSED] - Call Test Case 'Test Cases/AHI/_include/get_screenshot' successfully

2020-03-10 08:02:13 - [TEST_STEP][PASSED] - sendKeys(findTestObject("mobileSanity/Cancer Insurance/zip"), "35216"): Keys '35216' sent to object: 'Object Repository/mobileSanity/Cancer Insurance/zip'

2020-03-10 08:02:14 - [MESSAGE][PASSED] - Keys '35216' sent to object: 'Object Repository/mobileSanity/Cancer Insurance/zip'

2020-03-10 08:02:14 - [TEST_STEP][PASSED] - Thread.sleep(3000): null

2020-03-10 08:02:17 - [TEST_STEP][PASSED] - selenium.click("id=js-see-plans"): null

2020-03-10 08:02:18 - [TEST_STEP][PASSED] - for ([second = 0, second < 20, (second++)]): null

2020-03-10 08:02:18 - [TEST_STEP][PASSED] - try: null

2020-03-10 08:02:18 - [TEST_STEP][PASSED] - if (selenium.isElementPresent("id=name-input")): null

2020-03-10 08:02:19 - [TEST_STEP][PASSED] - break: null

2020-03-10 08:02:19 - [TEST_STEP][PASSED] - callTestCase(findTestCase("AHI/_include/get_screenshot"), [:], STOP_ON_FAILURE): Call Test Case 'Test Cases/AHI/_include/get_screenshot' successfully

2020-03-10 08:02:19 - [TEST_CASE][PASSED] - Test Cases/AHI/_include/get_screenshot: Test Cases/AHI/_include/get_screenshot

2020-03-10 08:02:19 - [TEST_STEP][PASSED] - Thread.sleep(1000): null

2020-03-10 08:02:20 - [TEST_STEP][PASSED] - takeScreenshot(screenPath + i + ".png"): Taking screenshot successfully

2020-03-10 08:02:21 - [MESSAGE][PASSED] - Taking screenshot successfully
[[ATTACHMENT|D:\\Test\\AgileTest\\Reports\\HIC\\hic\\20200310_080033\\../Screenshots/iPhone 6/HIC/Pet/Pet/20200310_080202/2.png]]

2020-03-10 08:02:21 - [TEST_STEP][PASSED] - (internal.GlobalVariable.i++): null

2020-03-10 08:02:21 - [MESSAGE][PASSED] - Call Test Case 'Test Cases/AHI/_include/get_screenshot' successfully

2020-03-10 08:02:21 - [TEST_STEP][PASSED] - setText(findTestObject("mobileSanity/Pet Insurance/name-input"), "Test cat"): Text 'Test cat' is set on object 'Object Repository/mobileSanity/Pet Insurance/name-input'

2020-03-10 08:02:22 - [MESSAGE][PASSED] - Text 'Test cat' is set on object 'Object Repository/mobileSanity/Pet Insurance/name-input'

2020-03-10 08:02:22 - [TEST_STEP][PASSED] - selenium.click("id=js-continue"): null

2020-03-10 08:02:22 - [TEST_STEP][PASSED] - for ([second = 0, second < 20, (second++)]): null

2020-03-10 08:02:22 - [TEST_STEP][PASSED] - try: null

2020-03-10 08:02:22 - [TEST_STEP][PASSED] - if (selenium.isElementPresent("xpath=//label[@for='p-cat']")): null

2020-03-10 08:02:22 - [TEST_STEP][PASSED] - Thread.sleep(1000): null

2020-03-10 08:02:23 - [TEST_STEP][PASSED] - try: null

2020-03-10 08:02:23 - [TEST_STEP][PASSED] - if (selenium.isElementPresent("xpath=//label[@for='p-cat']")): null

2020-03-10 08:02:23 - [TEST_STEP][PASSED] - break: null

2020-03-10 08:02:23 - [TEST_STEP][PASSED] - callTestCase(findTestCase("AHI/_include/get_screenshot"), [:], STOP_ON_FAILURE): Call Test Case 'Test Cases/AHI/_include/get_screenshot' successfully

2020-03-10 08:02:23 - [TEST_CASE][PASSED] - Test Cases/AHI/_include/get_screenshot: Test Cases/AHI/_include/get_screenshot

2020-03-10 08:02:23 - [TEST_STEP][PASSED] - Thread.sleep(1000): null

2020-03-10 08:02:24 - [TEST_STEP][PASSED] - takeScreenshot(screenPath + i + ".png"): Taking screenshot successfully

2020-03-10 08:02:25 - [MESSAGE][PASSED] - Taking screenshot successfully
[[ATTACHMENT|D:\\Test\\AgileTest\\Reports\\HIC\\hic\\20200310_080033\\../Screenshots/iPhone 6/HIC/Pet/Pet/20200310_080202/3.png]]

2020-03-10 08:02:25 - [TEST_STEP][PASSED] - (internal.GlobalVariable.i++): null

2020-03-10 08:02:25 - [MESSAGE][PASSED] - Call Test Case 'Test Cases/AHI/_include/get_screenshot' successfully

2020-03-10 08:02:25 - [TEST_STEP][PASSED] - selenium.click("//label[@for='p-cat']"): null

2020-03-10 08:02:25 - [TEST_STEP][PASSED] - for ([second = 0, second < 20, (second++)]): null

2020-03-10 08:02:25 - [TEST_STEP][PASSED] - try: null

2020-03-10 08:02:25 - [TEST_STEP][PASSED] - if (selenium.isElementPresent("id=dob-mm-input")): null

2020-03-10 08:02:25 - [TEST_STEP][PASSED] - Thread.sleep(1000): null

2020-03-10 08:02:26 - [TEST_STEP][PASSED] - try: null

2020-03-10 08:02:26 - [TEST_STEP][PASSED] - if (selenium.isElementPresent("id=dob-mm-input")): null

2020-03-10 08:02:27 - [TEST_STEP][PASSED] - break: null

2020-03-10 08:02:27 - [TEST_STEP][PASSED] - callTestCase(findTestCase("AHI/_include/get_screenshot"), [:], STOP_ON_FAILURE): Call Test Case 'Test Cases/AHI/_include/get_screenshot' successfully

2020-03-10 08:02:27 - [TEST_CASE][PASSED] - Test Cases/AHI/_include/get_screenshot: Test Cases/AHI/_include/get_screenshot

2020-03-10 08:02:27 - [TEST_STEP][PASSED] - Thread.sleep(1000): null

2020-03-10 08:02:28 - [TEST_STEP][PASSED] - takeScreenshot(screenPath + i + ".png"): Taking screenshot successfully

2020-03-10 08:02:28 - [MESSAGE][PASSED] - Taking screenshot successfully
[[ATTACHMENT|D:\\Test\\AgileTest\\Reports\\HIC\\hic\\20200310_080033\\../Screenshots/iPhone 6/HIC/Pet/Pet/20200310_080202/4.png]]

2020-03-10 08:02:28 - [TEST_STEP][PASSED] - (internal.GlobalVariable.i++): null

2020-03-10 08:02:28 - [MESSAGE][PASSED] - Call Test Case 'Test Cases/AHI/_include/get_screenshot' successfully

2020-03-10 08:02:28 - [TEST_STEP][PASSED] - setText(findTestObject("mobileSanity/Pet Insurance/dob-mm-input"), "01"): Text '01' is set on object 'Object Repository/mobileSanity/Pet Insurance/dob-mm-input'

2020-03-10 08:02:28 - [MESSAGE][PASSED] - Text '01' is set on object 'Object Repository/mobileSanity/Pet Insurance/dob-mm-input'

2020-03-10 08:02:28 - [TEST_STEP][PASSED] - setText(findTestObject("mobileSanity/Pet Insurance/dob-dd-input"), "01"): Text '01' is set on object 'Object Repository/mobileSanity/Pet Insurance/dob-dd-input'

2020-03-10 08:02:29 - [MESSAGE][PASSED] - Text '01' is set on object 'Object Repository/mobileSanity/Pet Insurance/dob-dd-input'

2020-03-10 08:02:29 - [TEST_STEP][PASSED] - setText(findTestObject("mobileSanity/Pet Insurance/dob-yyyy-input"), "2016"): Text '2016' is set on object 'Object Repository/mobileSanity/Pet Insurance/dob-yyyy-input'

2020-03-10 08:02:29 - [MESSAGE][PASSED] - Text '2016' is set on object 'Object Repository/mobileSanity/Pet Insurance/dob-yyyy-input'

2020-03-10 08:02:29 - [TEST_STEP][PASSED] - for ([second = 0, second < 20, (second++)]): null

2020-03-10 08:02:29 - [TEST_STEP][PASSED] - try: null

2020-03-10 08:02:29 - [TEST_STEP][PASSED] - if (selenium.isElementPresent("xpath=//label[@for='p-no']")): null

2020-03-10 08:02:29 - [TEST_STEP][PASSED] - Thread.sleep(1000): null

2020-03-10 08:02:30 - [TEST_STEP][PASSED] - try: null

2020-03-10 08:02:30 - [TEST_STEP][PASSED] - if (selenium.isElementPresent("xpath=//label[@for='p-no']")): null

2020-03-10 08:02:30 - [TEST_STEP][PASSED] - break: null

2020-03-10 08:02:30 - [TEST_STEP][PASSED] - callTestCase(findTestCase("AHI/_include/get_screenshot"), [:], STOP_ON_FAILURE): Call Test Case 'Test Cases/AHI/_include/get_screenshot' successfully

2020-03-10 08:02:30 - [TEST_CASE][PASSED] - Test Cases/AHI/_include/get_screenshot: Test Cases/AHI/_include/get_screenshot

2020-03-10 08:02:30 - [TEST_STEP][PASSED] - Thread.sleep(1000): null

2020-03-10 08:02:31 - [TEST_STEP][PASSED] - takeScreenshot(screenPath + i + ".png"): Taking screenshot successfully

2020-03-10 08:02:31 - [MESSAGE][PASSED] - Taking screenshot successfully
[[ATTACHMENT|D:\\Test\\AgileTest\\Reports\\HIC\\hic\\20200310_080033\\../Screenshots/iPhone 6/HIC/Pet/Pet/20200310_080202/5.png]]

2020-03-10 08:02:31 - [TEST_STEP][PASSED] - (internal.GlobalVariable.i++): null

2020-03-10 08:02:31 - [MESSAGE][PASSED] - Call Test Case 'Test Cases/AHI/_include/get_screenshot' successfully

2020-03-10 08:02:31 - [TEST_STEP][PASSED] - selenium.click("//label[@for='p-no']"): null

2020-03-10 08:02:32 - [TEST_STEP][PASSED] - for ([second = 0, second < 20, (second++)]): null

2020-03-10 08:02:32 - [TEST_STEP][PASSED] - try: null

2020-03-10 08:02:32 - [TEST_STEP][PASSED] - if (selenium.isElementPresent("id=applyCta")): null

2020-03-10 08:02:34 - [TEST_STEP][PASSED] - break: null

2020-03-10 08:02:34 - [TEST_STEP][PASSED] - callTestCase(findTestCase("AHI/_include/get_screenshot"), [:], STOP_ON_FAILURE): Call Test Case 'Test Cases/AHI/_include/get_screenshot' successfully

2020-03-10 08:02:34 - [TEST_CASE][PASSED] - Test Cases/AHI/_include/get_screenshot: Test Cases/AHI/_include/get_screenshot

2020-03-10 08:02:34 - [TEST_STEP][PASSED] - Thread.sleep(1000): null

2020-03-10 08:02:35 - [TEST_STEP][PASSED] - takeScreenshot(screenPath + i + ".png"): Taking screenshot successfully

2020-03-10 08:02:36 - [MESSAGE][PASSED] - Taking screenshot successfully
[[ATTACHMENT|D:\\Test\\AgileTest\\Reports\\HIC\\hic\\20200310_080033\\../Screenshots/iPhone 6/HIC/Pet/Pet/20200310_080202/6.png]]

2020-03-10 08:02:36 - [TEST_STEP][PASSED] - (internal.GlobalVariable.i++): null

2020-03-10 08:02:36 - [MESSAGE][PASSED] - Call Test Case 'Test Cases/AHI/_include/get_screenshot' successfully

2020-03-10 08:02:36 - [TEST_STEP][PASSED] - selenium.click("id=applyCta"): null

2020-03-10 08:02:38 - [TEST_STEP][PASSED] - for ([second = 0, second < 20, (second++)]): null

2020-03-10 08:02:38 - [TEST_STEP][PASSED] - try: null

2020-03-10 08:02:38 - [TEST_STEP][PASSED] - if (selenium.isElementPresent("id=member-P-1-firstName")): null

2020-03-10 08:02:38 - [TEST_STEP][PASSED] - Thread.sleep(1000): null

2020-03-10 08:02:39 - [TEST_STEP][PASSED] - try: null

2020-03-10 08:02:39 - [TEST_STEP][PASSED] - if (selenium.isElementPresent("id=member-P-1-firstName")): null

2020-03-10 08:02:40 - [TEST_STEP][PASSED] - break: null

2020-03-10 08:02:40 - [TEST_STEP][PASSED] - callTestCase(findTestCase("AHI/_include/get_screenshot"), [:], STOP_ON_FAILURE): Call Test Case 'Test Cases/AHI/_include/get_screenshot' successfully

2020-03-10 08:02:40 - [TEST_CASE][PASSED] - Test Cases/AHI/_include/get_screenshot: Test Cases/AHI/_include/get_screenshot

2020-03-10 08:02:40 - [TEST_STEP][PASSED] - Thread.sleep(1000): null

2020-03-10 08:02:41 - [TEST_STEP][PASSED] - takeScreenshot(screenPath + i + ".png"): Taking screenshot successfully

2020-03-10 08:02:41 - [MESSAGE][PASSED] - Taking screenshot successfully
[[ATTACHMENT|D:\\Test\\AgileTest\\Reports\\HIC\\hic\\20200310_080033\\../Screenshots/iPhone 6/HIC/Pet/Pet/20200310_080202/7.png]]

2020-03-10 08:02:41 - [TEST_STEP][PASSED] - (internal.GlobalVariable.i++): null

2020-03-10 08:02:41 - [MESSAGE][PASSED] - Call Test Case 'Test Cases/AHI/_include/get_screenshot' successfully

2020-03-10 08:02:41 - [TEST_STEP][PASSED] - callTestCase(findTestCase("AHI/_include/name"), [:], STOP_ON_FAILURE): Call Test Case 'Test Cases/AHI/_include/name' successfully

2020-03-10 08:02:41 - [TEST_CASE][PASSED] - Test Cases/AHI/_include/name: Test Cases/AHI/_include/name

2020-03-10 08:02:42 - [TEST_STEP][PASSED] - driver = getWebDriver(): null

2020-03-10 08:02:42 - [TEST_STEP][PASSED] - selenium = new com.thoughtworks.selenium.webdriven.WebDriverBackedSelenium(driver, internal.GlobalVariable.ENV): null

2020-03-10 08:02:42 - [TEST_STEP][PASSED] - FirstName = "Test-123": null

2020-03-10 08:02:42 - [TEST_STEP][PASSED] - LastName = selenium.getEval("{var x="ABCDEFGHIJKLMNOPQRSTUVWXYZabcdefghijklmnopqrstuvwxyz"; var tmp="ZZ11-"; for (i=0;i<8;i++) tmp+=x.charAt(Math.ceil(51*Math.random()));tmp;}"): null

2020-03-10 08:02:42 - [TEST_STEP][PASSED] - Address = selenium.getEval("{var x="ABCDEFGHIJKLMNOPQRSTUVWXYZabcdefghijklmnopqrstuvwxyz"; var tmp=""; for (i=0;i<8;i++) tmp+=x.charAt(Math.ceil(51*Math.random()));tmp;}"): null

2020-03-10 08:02:42 - [TEST_STEP][PASSED] - City = selenium.getEval("{var x="ABCDEFGHIJKLMNOPQRSTUVWXYZabcdefghijklmnopqrstuvwxyz"; var tmp=""; for (i=0;i<8;i++) tmp+=x.charAt(Math.ceil(51*Math.random()));tmp;}"): null

2020-03-10 08:02:42 - [TEST_STEP][PASSED] - tel1 = selenium.getEval("{var x="123456789"; var tmp=""; for (i=0;i<3;i++) tmp+=x.charAt(Math.ceil(8*Math.random()));tmp;}"): null

2020-03-10 08:02:42 - [TEST_STEP][PASSED] - tel2 = selenium.getEval("{var x="123456789"; var tmp=""; for (i=0;i<3;i++) tmp+=x.charAt(Math.ceil(8*Math.random()));tmp;}"): null

2020-03-10 08:02:42 - [TEST_STEP][PASSED] - tel3 = selenium.getEval("{var x="123456789"; var tmp=""; for (i=0;i<4;i++) tmp+=x.charAt(Math.ceil(8*Math.random()));tmp;}"): null

2020-03-10 08:02:42 - [TEST_STEP][PASSED] - Tel = selenium.getExpression(tel1 + "-" + tel2 + "-" + tel3): null

2020-03-10 08:02:42 - [TEST_STEP][PASSED] - AutoEmail = selenium.getEval("{var x="ABCDEFGHIJKLMNOPQRSTUVWXYZabcdefghijklmnopqrstuvwxyz"; var tmp="test."; for (i=0;i<8;i++) tmp+=x.charAt(Math.ceil(51*Math.random()));tmp+="@suryani.cn";}"): null

2020-03-10 08:02:42 - [TEST_STEP][PASSED] - FirstName = FirstName: null

2020-03-10 08:02:42 - [TEST_STEP][PASSED] - LastName = LastName: null

2020-03-10 08:02:42 - [TEST_STEP][PASSED] - Address = Address: null

2020-03-10 08:02:42 - [TEST_STEP][PASSED] - City = City: null

2020-03-10 08:02:42 - [TEST_STEP][PASSED] - Tel = Tel: null

2020-03-10 08:02:42 - [TEST_STEP][PASSED] - AutoEmail = AutoEmail: null

2020-03-10 08:02:42 - [TEST_STEP][PASSED] - println(FirstName): null

2020-03-10 08:02:42 - [TEST_STEP][PASSED] - println(LastName): null

2020-03-10 08:02:42 - [TEST_STEP][PASSED] - println(Address): null

2020-03-10 08:02:42 - [TEST_STEP][PASSED] - println(City): null

2020-03-10 08:02:42 - [TEST_STEP][PASSED] - println(Tel): null

2020-03-10 08:02:42 - [TEST_STEP][PASSED] - println(AutoEmail): null

2020-03-10 08:02:42 - [MESSAGE][PASSED] - Call Test Case 'Test Cases/AHI/_include/name' successfully

2020-03-10 08:02:42 - [TEST_STEP][PASSED] - selenium.type("id=member-P-1-firstName", FirstName): null

2020-03-10 08:02:42 - [TEST_STEP][PASSED] - selenium.type("id=member-P-1-lastName", LastName): null

2020-03-10 08:02:42 - [TEST_STEP][PASSED] - selenium.type("id=address", Address): null

2020-03-10 08:02:42 - [TEST_STEP][PASSED] - selenium.type("id=city", City): null

2020-03-10 08:02:43 - [TEST_STEP][PASSED] - selenium.type("id=email", AutoEmail): null

2020-03-10 08:02:43 - [TEST_STEP][PASSED] - selenium.type("id=primaryPhone", Tel): null

2020-03-10 08:02:43 - [TEST_STEP][PASSED] - selenium.click("id=pet-veterinary-clinic-flag"): null

2020-03-10 08:02:44 - [TEST_STEP][PASSED] - Thread.sleep(2000): null

2020-03-10 08:02:46 - [TEST_STEP][PASSED] - selenium.click("id=js-app-continue-link"): null

2020-03-10 08:02:46 - [TEST_STEP][PASSED] - for ([second = 0, second < 20, (second++)]): null

2020-03-10 08:02:46 - [TEST_STEP][PASSED] - try: null

2020-03-10 08:02:46 - [TEST_STEP][PASSED] - if (selenium.isElementPresent("id=credit-card-number")): null

2020-03-10 08:02:47 - [TEST_STEP][PASSED] - break: null

2020-03-10 08:02:47 - [TEST_STEP][PASSED] - callTestCase(findTestCase("AHI/_include/get_screenshot"), [:], STOP_ON_FAILURE): Call Test Case 'Test Cases/AHI/_include/get_screenshot' successfully

2020-03-10 08:02:47 - [TEST_CASE][PASSED] - Test Cases/AHI/_include/get_screenshot: Test Cases/AHI/_include/get_screenshot

2020-03-10 08:02:47 - [TEST_STEP][PASSED] - Thread.sleep(1000): null

2020-03-10 08:02:48 - [TEST_STEP][PASSED] - takeScreenshot(screenPath + i + ".png"): Taking screenshot successfully

2020-03-10 08:02:49 - [MESSAGE][PASSED] - Taking screenshot successfully
[[ATTACHMENT|D:\\Test\\AgileTest\\Reports\\HIC\\hic\\20200310_080033\\../Screenshots/iPhone 6/HIC/Pet/Pet/20200310_080202/8.png]]

2020-03-10 08:02:49 - [TEST_STEP][PASSED] - (internal.GlobalVariable.i++): null

2020-03-10 08:02:49 - [MESSAGE][PASSED] - Call Test Case 'Test Cases/AHI/_include/get_screenshot' successfully

2020-03-10 08:02:49 - [TEST_STEP][PASSED] - selenium.type("id=credit-card-number", "4111111111111111"): null

2020-03-10 08:02:49 - [TEST_STEP][PASSED] - selenium.type("id=credit-card-first", "test"): null

2020-03-10 08:02:49 - [TEST_STEP][PASSED] - selenium.type("id=credit-card-last", "test"): null

2020-03-10 08:02:49 - [TEST_STEP][PASSED] - selenium.select("id=expiration-month", "12"): null

2020-03-10 08:02:50 - [TEST_STEP][PASSED] - selenium.select("id=expiration-year", "2026"): null

2020-03-10 08:02:50 - [TEST_STEP][PASSED] - selenium.type("id=credit-card-cvv", "123"): null

2020-03-10 08:02:50 - [TEST_STEP][PASSED] - selenium.type("id=credit-card-number", "4111111111111111"): null

2020-03-10 08:02:51 - [TEST_STEP][PASSED] - selenium.click("id=js-same-billing"): null

2020-03-10 08:02:51 - [TEST_STEP][PASSED] - selenium.click("id=credit-payment-authorization"): null

2020-03-10 08:02:52 - [TEST_STEP][PASSED] - selenium.click("id=js-app-continue-link"): null

2020-03-10 08:02:52 - [TEST_STEP][PASSED] - for ([second = 0, second < 20, (second++)]): null

2020-03-10 08:02:52 - [TEST_STEP][PASSED] - try: null

2020-03-10 08:02:52 - [TEST_STEP][PASSED] - if (selenium.isElementPresent("id=consent-checkbox-0")): null

2020-03-10 08:02:53 - [TEST_STEP][PASSED] - Thread.sleep(1000): null

2020-03-10 08:02:54 - [TEST_STEP][PASSED] - try: null

2020-03-10 08:02:54 - [TEST_STEP][PASSED] - if (selenium.isElementPresent("id=consent-checkbox-0")): null

2020-03-10 08:02:54 - [TEST_STEP][PASSED] - Thread.sleep(1000): null

2020-03-10 08:02:55 - [TEST_STEP][PASSED] - try: null

2020-03-10 08:02:55 - [TEST_STEP][PASSED] - if (selenium.isElementPresent("id=consent-checkbox-0")): null

2020-03-10 08:02:55 - [TEST_STEP][PASSED] - break: null

2020-03-10 08:02:55 - [TEST_STEP][PASSED] - callTestCase(findTestCase("AHI/_include/get_screenshot"), [:], STOP_ON_FAILURE): Call Test Case 'Test Cases/AHI/_include/get_screenshot' successfully

2020-03-10 08:02:55 - [TEST_CASE][PASSED] - Test Cases/AHI/_include/get_screenshot: Test Cases/AHI/_include/get_screenshot

2020-03-10 08:02:55 - [TEST_STEP][PASSED] - Thread.sleep(1000): null

2020-03-10 08:02:56 - [TEST_STEP][PASSED] - takeScreenshot(screenPath + i + ".png"): Taking screenshot successfully

2020-03-10 08:02:56 - [MESSAGE][PASSED] - Taking screenshot successfully
[[ATTACHMENT|D:\\Test\\AgileTest\\Reports\\HIC\\hic\\20200310_080033\\../Screenshots/iPhone 6/HIC/Pet/Pet/20200310_080202/9.png]]

2020-03-10 08:02:56 - [TEST_STEP][PASSED] - (internal.GlobalVariable.i++): null

2020-03-10 08:02:56 - [MESSAGE][PASSED] - Call Test Case 'Test Cases/AHI/_include/get_screenshot' successfully

2020-03-10 08:02:56 - [TEST_STEP][PASSED] - selenium.click("id=consent-checkbox-0"): null

2020-03-10 08:02:56 - [TEST_STEP][PASSED] - selenium.click("id=consent-checkbox-1"): null

2020-03-10 08:02:57 - [TEST_STEP][PASSED] - selenium.click("id=consent-checkbox-2"): null

2020-03-10 08:02:57 - [TEST_STEP][PASSED] - selenium.click("id=consent-checkbox-3"): null

2020-03-10 08:02:57 - [TEST_STEP][PASSED] - selenium.click("id=js-signature-tab"): null

2020-03-10 08:02:57 - [TEST_STEP][PASSED] - selenium.click("id=js-app-continue-link"): null

2020-03-10 08:02:57 - [TEST_STEP][PASSED] - for ([second = 0, second < 30, (second++)]): null

2020-03-10 08:02:57 - [TEST_STEP][PASSED] - try: null

2020-03-10 08:02:57 - [TEST_STEP][PASSED] - if (selenium.isElementPresent("xpath=//h2[contains(text(),'Thank You')]")): null

2020-03-10 08:02:58 - [TEST_STEP][PASSED] - Thread.sleep(1000): null

2020-03-10 08:02:59 - [TEST_STEP][PASSED] - try: null

2020-03-10 08:02:59 - [TEST_STEP][PASSED] - if (selenium.isElementPresent("xpath=//h2[contains(text(),'Thank You')]")): null

2020-03-10 08:03:00 - [TEST_STEP][PASSED] - Thread.sleep(1000): null

2020-03-10 08:03:01 - [TEST_STEP][PASSED] - try: null

2020-03-10 08:03:01 - [TEST_STEP][PASSED] - if (selenium.isElementPresent("xpath=//h2[contains(text(),'Thank You')]")): null

2020-03-10 08:03:01 - [TEST_STEP][PASSED] - Thread.sleep(1000): null

2020-03-10 08:03:02 - [TEST_STEP][PASSED] - try: null

2020-03-10 08:03:02 - [TEST_STEP][PASSED] - if (selenium.isElementPresent("xpath=//h2[contains(text(),'Thank You')]")): null

2020-03-10 08:03:02 - [TEST_STEP][PASSED] - Thread.sleep(1000): null

2020-03-10 08:03:03 - [TEST_STEP][PASSED] - try: null

2020-03-10 08:03:03 - [TEST_STEP][PASSED] - if (selenium.isElementPresent("xpath=//h2[contains(text(),'Thank You')]")): null

2020-03-10 08:03:03 - [TEST_STEP][PASSED] - Thread.sleep(1000): null

2020-03-10 08:03:04 - [TEST_STEP][PASSED] - try: null

2020-03-10 08:03:04 - [TEST_STEP][PASSED] - if (selenium.isElementPresent("xpath=//h2[contains(text(),'Thank You')]")): null

2020-03-10 08:03:04 - [TEST_STEP][PASSED] - Thread.sleep(1000): null

2020-03-10 08:03:05 - [TEST_STEP][PASSED] - try: null

2020-03-10 08:03:05 - [TEST_STEP][PASSED] - if (selenium.isElementPresent("xpath=//h2[contains(text(),'Thank You')]")): null

2020-03-10 08:03:05 - [TEST_STEP][PASSED] - Thread.sleep(1000): null

2020-03-10 08:03:06 - [TEST_STEP][PASSED] - try: null

2020-03-10 08:03:06 - [TEST_STEP][PASSED] - if (selenium.isElementPresent("xpath=//h2[contains(text(),'Thank You')]")): null

2020-03-10 08:03:06 - [TEST_STEP][PASSED] - Thread.sleep(1000): null

2020-03-10 08:03:07 - [TEST_STEP][PASSED] - try: null

2020-03-10 08:03:07 - [TEST_STEP][PASSED] - if (selenium.isElementPresent("xpath=//h2[contains(text(),'Thank You')]")): null

2020-03-10 08:03:08 - [TEST_STEP][PASSED] - Thread.sleep(1000): null

2020-03-10 08:03:09 - [TEST_STEP][PASSED] - try: null

2020-03-10 08:03:09 - [TEST_STEP][PASSED] - if (selenium.isElementPresent("xpath=//h2[contains(text(),'Thank You')]")): null

2020-03-10 08:03:09 - [TEST_STEP][PASSED] - Thread.sleep(1000): null

2020-03-10 08:03:10 - [TEST_STEP][PASSED] - try: null

2020-03-10 08:03:10 - [TEST_STEP][PASSED] - if (selenium.isElementPresent("xpath=//h2[contains(text(),'Thank You')]")): null

2020-03-10 08:03:10 - [TEST_STEP][PASSED] - Thread.sleep(1000): null

2020-03-10 08:03:11 - [TEST_STEP][PASSED] - try: null

2020-03-10 08:03:11 - [TEST_STEP][PASSED] - if (selenium.isElementPresent("xpath=//h2[contains(text(),'Thank You')]")): null

2020-03-10 08:03:11 - [TEST_STEP][PASSED] - Thread.sleep(1000): null

2020-03-10 08:03:12 - [TEST_STEP][PASSED] - try: null

2020-03-10 08:03:12 - [TEST_STEP][PASSED] - if (selenium.isElementPresent("xpath=//h2[contains(text(),'Thank You')]")): null

2020-03-10 08:03:12 - [TEST_STEP][PASSED] - Thread.sleep(1000): null

2020-03-10 08:03:13 - [TEST_STEP][PASSED] - try: null

2020-03-10 08:03:13 - [TEST_STEP][PASSED] - if (selenium.isElementPresent("xpath=//h2[contains(text(),'Thank You')]")): null

2020-03-10 08:03:13 - [TEST_STEP][PASSED] - Thread.sleep(1000): null

2020-03-10 08:03:14 - [TEST_STEP][PASSED] - try: null

2020-03-10 08:03:14 - [TEST_STEP][PASSED] - if (selenium.isElementPresent("xpath=//h2[contains(text(),'Thank You')]")): null

2020-03-10 08:03:14 - [TEST_STEP][PASSED] - Thread.sleep(1000): null

2020-03-10 08:03:15 - [TEST_STEP][PASSED] - try: null

2020-03-10 08:03:15 - [TEST_STEP][PASSED] - if (selenium.isElementPresent("xpath=//h2[contains(text(),'Thank You')]")): null

2020-03-10 08:03:16 - [TEST_STEP][PASSED] - Thread.sleep(1000): null

2020-03-10 08:03:17 - [TEST_STEP][PASSED] - try: null

2020-03-10 08:03:17 - [TEST_STEP][PASSED] - if (selenium.isElementPresent("xpath=//h2[contains(text(),'Thank You')]")): null

2020-03-10 08:03:17 - [TEST_STEP][PASSED] - Thread.sleep(1000): null

2020-03-10 08:03:18 - [TEST_STEP][PASSED] - try: null

2020-03-10 08:03:18 - [TEST_STEP][PASSED] - if (selenium.isElementPresent("xpath=//h2[contains(text(),'Thank You')]")): null

2020-03-10 08:03:18 - [TEST_STEP][PASSED] - Thread.sleep(1000): null

2020-03-10 08:03:19 - [TEST_STEP][PASSED] - try: null

2020-03-10 08:03:19 - [TEST_STEP][PASSED] - if (selenium.isElementPresent("xpath=//h2[contains(text(),'Thank You')]")): null

2020-03-10 08:03:19 - [TEST_STEP][PASSED] - Thread.sleep(1000): null

2020-03-10 08:03:20 - [TEST_STEP][PASSED] - try: null

2020-03-10 08:03:20 - [TEST_STEP][PASSED] - if (selenium.isElementPresent("xpath=//h2[contains(text(),'Thank You')]")): null

2020-03-10 08:03:20 - [TEST_STEP][PASSED] - Thread.sleep(1000): null

2020-03-10 08:03:21 - [TEST_STEP][PASSED] - try: null

2020-03-10 08:03:21 - [TEST_STEP][PASSED] - if (selenium.isElementPresent("xpath=//h2[contains(text(),'Thank You')]")): null

2020-03-10 08:03:21 - [TEST_STEP][PASSED] - Thread.sleep(1000): null

2020-03-10 08:03:22 - [TEST_STEP][PASSED] - try: null

2020-03-10 08:03:22 - [TEST_STEP][PASSED] - if (selenium.isElementPresent("xpath=//h2[contains(text(),'Thank You')]")): null

2020-03-10 08:03:22 - [TEST_STEP][PASSED] - Thread.sleep(1000): null

2020-03-10 08:03:23 - [TEST_STEP][PASSED] - try: null

2020-03-10 08:03:23 - [TEST_STEP][PASSED] - if (selenium.isElementPresent("xpath=//h2[contains(text(),'Thank You')]")): null

2020-03-10 08:03:23 - [TEST_STEP][PASSED] - Thread.sleep(1000): null

2020-03-10 08:03:24 - [TEST_STEP][PASSED] - try: null

2020-03-10 08:03:24 - [TEST_STEP][PASSED] - if (selenium.isElementPresent("xpath=//h2[contains(text(),'Thank You')]")): null

2020-03-10 08:03:25 - [TEST_STEP][PASSED] - Thread.sleep(1000): null

2020-03-10 08:03:26 - [TEST_STEP][PASSED] - try: null

2020-03-10 08:03:26 - [TEST_STEP][PASSED] - if (selenium.isElementPresent("xpath=//h2[contains(text(),'Thank You')]")): null

2020-03-10 08:03:26 - [TEST_STEP][PASSED] - Thread.sleep(1000): null

2020-03-10 08:03:27 - [TEST_STEP][PASSED] - try: null

2020-03-10 08:03:27 - [TEST_STEP][PASSED] - if (selenium.isElementPresent("xpath=//h2[contains(text(),'Thank You')]")): null

2020-03-10 08:03:27 - [TEST_STEP][PASSED] - Thread.sleep(1000): null

2020-03-10 08:03:28 - [TEST_STEP][PASSED] - try: null

2020-03-10 08:03:28 - [TEST_STEP][PASSED] - if (selenium.isElementPresent("xpath=//h2[contains(text(),'Thank You')]")): null

2020-03-10 08:03:28 - [TEST_STEP][PASSED] - Thread.sleep(1000): null

2020-03-10 08:03:29 - [TEST_STEP][PASSED] - try: null

2020-03-10 08:03:29 - [TEST_STEP][PASSED] - if (selenium.isElementPresent("xpath=//h2[contains(text(),'Thank You')]")): null

2020-03-10 08:03:29 - [TEST_STEP][PASSED] - Thread.sleep(1000): null

2020-03-10 08:03:31 - [TEST_STEP][PASSED] - try: null

2020-03-10 08:03:31 - [TEST_STEP][PASSED] - if (selenium.isElementPresent("xpath=//h2[contains(text(),'Thank You')]")): null

2020-03-10 08:03:31 - [TEST_STEP][PASSED] - Thread.sleep(1000): null

2020-03-10 08:03:32 - [TEST_STEP][PASSED] - try: null

2020-03-10 08:03:32 - [TEST_STEP][PASSED] - if (selenium.isElementPresent("xpath=//h2[contains(text(),'Thank You')]")): null

2020-03-10 08:03:32 - [TEST_STEP][PASSED] - Thread.sleep(1000): null

2020-03-10 08:03:33 - [TEST_STEP][PASSED] - callTestCase(findTestCase("AHI/_include/get_screenshot"), [:], STOP_ON_FAILURE): Call Test Case 'Test Cases/AHI/_include/get_screenshot' successfully

2020-03-10 08:03:33 - [TEST_CASE][PASSED] - Test Cases/AHI/_include/get_screenshot: Test Cases/AHI/_include/get_screenshot

2020-03-10 08:03:33 - [TEST_STEP][PASSED] - Thread.sleep(1000): null

2020-03-10 08:03:34 - [TEST_STEP][PASSED] - takeScreenshot(screenPath + i + ".png"): Taking screenshot successfully

2020-03-10 08:03:36 - [MESSAGE][PASSED] - Taking screenshot successfully
[[ATTACHMENT|D:\\Test\\AgileTest\\Reports\\HIC\\hic\\20200310_080033\\../Screenshots/iPhone 6/HIC/Pet/Pet/20200310_080202/10.png]]

2020-03-10 08:03:36 - [TEST_STEP][PASSED] - (internal.GlobalVariable.i++): null

2020-03-10 08:03:36 - [MESSAGE][PASSED] - Call Test Case 'Test Cases/AHI/_include/get_screenshot' successfully]]></system-out>
         <system-err><![CDATA[]]></system-err>
      </testcase>
      <testcase name="Test Cases/HIC/New/STM" classname="Test Cases/HIC/New/STM" status="PASSED">
         <system-out><![CDATA[2020-03-10 08:03:36 - [TEST_CASE][PASSED] - Test Cases/HIC/New/STM: Test Cases/HIC/New/STM

2020-03-10 08:03:37 - [TEST_STEP][PASSED] - callTestCase(findTestCase("HIC/_include/get_hicScreenPath"), ["project":"HIC", "productLine":"STM", "carrierName":"STM"], CONTINUE_ON_FAILURE): Call Test Case 'Test Cases/HIC/_include/get_hicScreenPath' successfully

2020-03-10 08:03:37 - [TEST_CASE][PASSED] - Test Cases/HIC/_include/get_hicScreenPath: Test Cases/HIC/_include/get_hicScreenPath

2020-03-10 08:03:37 - [TEST_STEP][PASSED] - m = getExecutionProperties(): null

2020-03-10 08:03:37 - [TEST_STEP][PASSED] - deviceName = get("mobileEmulation").get("deviceName"): null

2020-03-10 08:03:37 - [TEST_STEP][PASSED] - println(deviceName): null

2020-03-10 08:03:37 - [TEST_STEP][PASSED] - now = new java.util.Date(): null

2020-03-10 08:03:37 - [TEST_STEP][PASSED] - mydate = now.format("yyyyMMdd_HHmmss"): null

2020-03-10 08:03:37 - [TEST_STEP][PASSED] - screenPath = "../Screenshots/": null

2020-03-10 08:03:37 - [TEST_STEP][PASSED] - screenPath = screenPath + deviceName + "/" + project + "/" + productLine + "/" + carrierName + "/" + mydate + "/": null

2020-03-10 08:03:37 - [TEST_STEP][PASSED] - println(screenPath): null

2020-03-10 08:03:37 - [MESSAGE][PASSED] - Call Test Case 'Test Cases/HIC/_include/get_hicScreenPath' successfully

2020-03-10 08:03:37 - [TEST_STEP][PASSED] - i = 0: null

2020-03-10 08:03:37 - [TEST_STEP][PASSED] - callTestCase(findTestCase("AHI/_include/openWebSite"), ["env":env], CONTINUE_ON_FAILURE): Call Test Case 'Test Cases/AHI/_include/openWebSite' successfully

2020-03-10 08:03:37 - [TEST_CASE][PASSED] - Test Cases/AHI/_include/openWebSite: Test Cases/AHI/_include/openWebSite

2020-03-10 08:03:37 - [TEST_STEP][PASSED] - openBrowser(env): Browser is opened with url: 'https://qa.healthinsurance.com'

2020-03-10 08:03:37 - [MESSAGE][WARNING] - A browser is already opened. Closing browser and opening a new one

2020-03-10 08:03:38 - [MESSAGE][INFO] - Starting 'Chrome' driver

2020-03-10 08:03:38 - [MESSAGE][INFO] - User set preference: ['mobileEmulation', '{deviceName=iPhone 6}']

2020-03-10 08:03:38 - [MESSAGE][INFO] - User set preference: ['args', '[--incognito, --aggressive-cache-discard, --window-size=375,677, --no-sandbox, --ignore-certificate-errors]']

2020-03-10 08:03:41 - [MESSAGE][PASSED] - Browser is opened with url: 'https://qa.healthinsurance.com'

2020-03-10 08:03:41 - [TEST_STEP][PASSED] - waitForPageLoad(20): Wait for page load successfully

2020-03-10 08:03:41 - [MESSAGE][PASSED] - Wait for page load successfully

2020-03-10 08:03:41 - [TEST_STEP][PASSED] - callTestCase(findTestCase("AHI/_include/get_screenshot"), [:], STOP_ON_FAILURE): Call Test Case 'Test Cases/AHI/_include/get_screenshot' successfully

2020-03-10 08:03:41 - [TEST_CASE][PASSED] - Test Cases/AHI/_include/get_screenshot: Test Cases/AHI/_include/get_screenshot

2020-03-10 08:03:41 - [TEST_STEP][PASSED] - Thread.sleep(1000): null

2020-03-10 08:03:42 - [TEST_STEP][PASSED] - takeScreenshot(screenPath + i + ".png"): Taking screenshot successfully

2020-03-10 08:03:43 - [MESSAGE][PASSED] - Taking screenshot successfully
[[ATTACHMENT|D:\\Test\\AgileTest\\Reports\\HIC\\hic\\20200310_080033\\../Screenshots/iPhone 6/HIC/STM/STM/20200310_080337/0.png]]

2020-03-10 08:03:43 - [TEST_STEP][PASSED] - (internal.GlobalVariable.i++): null

2020-03-10 08:03:43 - [MESSAGE][PASSED] - Call Test Case 'Test Cases/AHI/_include/get_screenshot' successfully

2020-03-10 08:03:43 - [MESSAGE][PASSED] - Call Test Case 'Test Cases/AHI/_include/openWebSite' successfully

2020-03-10 08:03:43 - [TEST_STEP][PASSED] - driver = getWebDriver(): null

2020-03-10 08:03:43 - [TEST_STEP][PASSED] - baseUrl = env: null

2020-03-10 08:03:43 - [TEST_STEP][PASSED] - selenium = new com.thoughtworks.selenium.webdriven.WebDriverBackedSelenium(driver, baseUrl): null

2020-03-10 08:03:43 - [TEST_STEP][PASSED] - selenium.click("id=product-lines"): null

2020-03-10 08:03:43 - [TEST_STEP][PASSED] - selenium.click("//*[@id='product-lines']/following::div/button[contains(text(),'Short Term Insurance')]"): null

2020-03-10 08:03:43 - [TEST_STEP][PASSED] - selenium.click("//button[contains(text(),'COMPARE HEALTHPLANS')]"): null

2020-03-10 08:03:43 - [TEST_STEP][PASSED] - for ([second = 0, second < 10, (second++)]): null

2020-03-10 08:03:43 - [TEST_STEP][PASSED] - try: null

2020-03-10 08:03:43 - [TEST_STEP][PASSED] - if (selenium.isElementPresent("xpath=//button[contains(text(),'GET QUOTES')]")): null

2020-03-10 08:03:43 - [TEST_STEP][PASSED] - Thread.sleep(1000): null

2020-03-10 08:03:44 - [TEST_STEP][PASSED] - try: null

2020-03-10 08:03:44 - [TEST_STEP][PASSED] - if (selenium.isElementPresent("xpath=//button[contains(text(),'GET QUOTES')]")): null

2020-03-10 08:03:44 - [TEST_STEP][PASSED] - break: null

2020-03-10 08:03:44 - [TEST_STEP][PASSED] - callTestCase(findTestCase("AHI/_include/get_screenshot"), [:], STOP_ON_FAILURE): Call Test Case 'Test Cases/AHI/_include/get_screenshot' successfully

2020-03-10 08:03:44 - [TEST_CASE][PASSED] - Test Cases/AHI/_include/get_screenshot: Test Cases/AHI/_include/get_screenshot

2020-03-10 08:03:44 - [TEST_STEP][PASSED] - Thread.sleep(1000): null

2020-03-10 08:03:45 - [TEST_STEP][PASSED] - takeScreenshot(screenPath + i + ".png"): Taking screenshot successfully

2020-03-10 08:03:46 - [MESSAGE][PASSED] - Taking screenshot successfully
[[ATTACHMENT|D:\\Test\\AgileTest\\Reports\\HIC\\hic\\20200310_080033\\../Screenshots/iPhone 6/HIC/STM/STM/20200310_080337/1.png]]

2020-03-10 08:03:46 - [TEST_STEP][PASSED] - (internal.GlobalVariable.i++): null

2020-03-10 08:03:46 - [MESSAGE][PASSED] - Call Test Case 'Test Cases/AHI/_include/get_screenshot' successfully

2020-03-10 08:03:46 - [TEST_STEP][PASSED] - selenium.click("xpath=//button[contains(text(),'GET QUOTES')]"): null

2020-03-10 08:03:47 - [TEST_STEP][PASSED] - Thread.sleep(3000): null

2020-03-10 08:03:50 - [TEST_STEP][PASSED] - selenium.selectWindow("HealthInsurance.net | Get a Quote"): null

2020-03-10 08:03:54 - [TEST_STEP][PASSED] - Thread.sleep(3000): null

2020-03-10 08:03:57 - [TEST_STEP][PASSED] - callTestCase(findTestCase("AHI/_include/get_screenshot"), [:], STOP_ON_FAILURE): Call Test Case 'Test Cases/AHI/_include/get_screenshot' successfully

2020-03-10 08:03:57 - [TEST_CASE][PASSED] - Test Cases/AHI/_include/get_screenshot: Test Cases/AHI/_include/get_screenshot

2020-03-10 08:03:57 - [TEST_STEP][PASSED] - Thread.sleep(1000): null

2020-03-10 08:03:58 - [TEST_STEP][PASSED] - takeScreenshot(screenPath + i + ".png"): Taking screenshot successfully

2020-03-10 08:03:59 - [MESSAGE][PASSED] - Taking screenshot successfully
[[ATTACHMENT|D:\\Test\\AgileTest\\Reports\\HIC\\hic\\20200310_080033\\../Screenshots/iPhone 6/HIC/STM/STM/20200310_080337/2.png]]

2020-03-10 08:03:59 - [TEST_STEP][PASSED] - (internal.GlobalVariable.i++): null

2020-03-10 08:03:59 - [MESSAGE][PASSED] - Call Test Case 'Test Cases/AHI/_include/get_screenshot' successfully]]></system-out>
         <system-err><![CDATA[]]></system-err>
      </testcase>
      <testcase name="Test Cases/HIC/New/Teladoc" classname="Test Cases/HIC/New/Teladoc" status="PASSED">
         <system-out><![CDATA[2020-03-10 08:03:59 - [TEST_CASE][PASSED] - Test Cases/HIC/New/Teladoc: Test Cases/HIC/New/Teladoc

2020-03-10 08:03:59 - [TEST_STEP][PASSED] - callTestCase(findTestCase("HIC/_include/get_hicScreenPath"), ["project":"HIC", "productLine":"Teladoc", "carrierName":"Teladoc"], CONTINUE_ON_FAILURE): Call Test Case 'Test Cases/HIC/_include/get_hicScreenPath' successfully

2020-03-10 08:03:59 - [TEST_CASE][PASSED] - Test Cases/HIC/_include/get_hicScreenPath: Test Cases/HIC/_include/get_hicScreenPath

2020-03-10 08:03:59 - [TEST_STEP][PASSED] - m = getExecutionProperties(): null

2020-03-10 08:03:59 - [TEST_STEP][PASSED] - deviceName = get("mobileEmulation").get("deviceName"): null

2020-03-10 08:03:59 - [TEST_STEP][PASSED] - println(deviceName): null

2020-03-10 08:03:59 - [TEST_STEP][PASSED] - now = new java.util.Date(): null

2020-03-10 08:03:59 - [TEST_STEP][PASSED] - mydate = now.format("yyyyMMdd_HHmmss"): null

2020-03-10 08:03:59 - [TEST_STEP][PASSED] - screenPath = "../Screenshots/": null

2020-03-10 08:03:59 - [TEST_STEP][PASSED] - screenPath = screenPath + deviceName + "/" + project + "/" + productLine + "/" + carrierName + "/" + mydate + "/": null

2020-03-10 08:03:59 - [TEST_STEP][PASSED] - println(screenPath): null

2020-03-10 08:03:59 - [MESSAGE][PASSED] - Call Test Case 'Test Cases/HIC/_include/get_hicScreenPath' successfully

2020-03-10 08:03:59 - [TEST_STEP][PASSED] - i = 0: null

2020-03-10 08:03:59 - [TEST_STEP][PASSED] - callTestCase(findTestCase("AHI/_include/openWebSite"), ["env":env], CONTINUE_ON_FAILURE): Call Test Case 'Test Cases/AHI/_include/openWebSite' successfully

2020-03-10 08:03:59 - [TEST_CASE][PASSED] - Test Cases/AHI/_include/openWebSite: Test Cases/AHI/_include/openWebSite

2020-03-10 08:03:59 - [TEST_STEP][PASSED] - openBrowser(env): Browser is opened with url: 'https://qa.healthinsurance.com'

2020-03-10 08:03:59 - [MESSAGE][WARNING] - A browser is already opened. Closing browser and opening a new one

2020-03-10 08:04:00 - [MESSAGE][INFO] - Starting 'Chrome' driver

2020-03-10 08:04:00 - [MESSAGE][INFO] - User set preference: ['mobileEmulation', '{deviceName=iPhone 6}']

2020-03-10 08:04:00 - [MESSAGE][INFO] - User set preference: ['args', '[--incognito, --aggressive-cache-discard, --window-size=375,677, --no-sandbox, --ignore-certificate-errors]']

2020-03-10 08:04:02 - [MESSAGE][PASSED] - Browser is opened with url: 'https://qa.healthinsurance.com'

2020-03-10 08:04:02 - [TEST_STEP][PASSED] - waitForPageLoad(20): Wait for page load successfully

2020-03-10 08:04:02 - [MESSAGE][PASSED] - Wait for page load successfully

2020-03-10 08:04:02 - [TEST_STEP][PASSED] - callTestCase(findTestCase("AHI/_include/get_screenshot"), [:], STOP_ON_FAILURE): Call Test Case 'Test Cases/AHI/_include/get_screenshot' successfully

2020-03-10 08:04:02 - [TEST_CASE][PASSED] - Test Cases/AHI/_include/get_screenshot: Test Cases/AHI/_include/get_screenshot

2020-03-10 08:04:02 - [TEST_STEP][PASSED] - Thread.sleep(1000): null

2020-03-10 08:04:03 - [TEST_STEP][PASSED] - takeScreenshot(screenPath + i + ".png"): Taking screenshot successfully

2020-03-10 08:04:04 - [MESSAGE][PASSED] - Taking screenshot successfully
[[ATTACHMENT|D:\\Test\\AgileTest\\Reports\\HIC\\hic\\20200310_080033\\../Screenshots/iPhone 6/HIC/Teladoc/Teladoc/20200310_080359/0.png]]

2020-03-10 08:04:04 - [TEST_STEP][PASSED] - (internal.GlobalVariable.i++): null

2020-03-10 08:04:04 - [MESSAGE][PASSED] - Call Test Case 'Test Cases/AHI/_include/get_screenshot' successfully

2020-03-10 08:04:04 - [MESSAGE][PASSED] - Call Test Case 'Test Cases/AHI/_include/openWebSite' successfully

2020-03-10 08:04:04 - [TEST_STEP][PASSED] - driver = getWebDriver(): null

2020-03-10 08:04:04 - [TEST_STEP][PASSED] - baseUrl = env: null

2020-03-10 08:04:04 - [TEST_STEP][PASSED] - selenium = new com.thoughtworks.selenium.webdriven.WebDriverBackedSelenium(driver, baseUrl): null

2020-03-10 08:04:04 - [TEST_STEP][PASSED] - selenium.click("id=product-lines"): null

2020-03-10 08:04:04 - [TEST_STEP][PASSED] - selenium.click("//*[@id='product-lines']/following::div/button[contains(text(),'Telemedicine')]"): null

2020-03-10 08:04:04 - [TEST_STEP][PASSED] - selenium.click("//button[contains(text(),'COMPARE HEALTHPLANS')]"): null

2020-03-10 08:04:04 - [TEST_STEP][PASSED] - for ([second = 0, second < 10, (second++)]): null

2020-03-10 08:04:04 - [TEST_STEP][PASSED] - try: null

2020-03-10 08:04:04 - [TEST_STEP][PASSED] - if (selenium.isElementPresent("id=zip")): null

2020-03-10 08:04:04 - [TEST_STEP][PASSED] - Thread.sleep(1000): null

2020-03-10 08:04:05 - [TEST_STEP][PASSED] - try: null

2020-03-10 08:04:05 - [TEST_STEP][PASSED] - if (selenium.isElementPresent("id=zip")): null

2020-03-10 08:04:05 - [TEST_STEP][PASSED] - break: null

2020-03-10 08:04:05 - [TEST_STEP][PASSED] - callTestCase(findTestCase("AHI/_include/get_screenshot"), [:], STOP_ON_FAILURE): Call Test Case 'Test Cases/AHI/_include/get_screenshot' successfully

2020-03-10 08:04:05 - [TEST_CASE][PASSED] - Test Cases/AHI/_include/get_screenshot: Test Cases/AHI/_include/get_screenshot

2020-03-10 08:04:05 - [TEST_STEP][PASSED] - Thread.sleep(1000): null

2020-03-10 08:04:06 - [TEST_STEP][PASSED] - takeScreenshot(screenPath + i + ".png"): Taking screenshot successfully

2020-03-10 08:04:07 - [MESSAGE][PASSED] - Taking screenshot successfully
[[ATTACHMENT|D:\\Test\\AgileTest\\Reports\\HIC\\hic\\20200310_080033\\../Screenshots/iPhone 6/HIC/Teladoc/Teladoc/20200310_080359/1.png]]

2020-03-10 08:04:07 - [TEST_STEP][PASSED] - (internal.GlobalVariable.i++): null

2020-03-10 08:04:07 - [MESSAGE][PASSED] - Call Test Case 'Test Cases/AHI/_include/get_screenshot' successfully

2020-03-10 08:04:07 - [TEST_STEP][PASSED] - Thread.sleep(2000): null

2020-03-10 08:04:09 - [TEST_STEP][PASSED] - setText(findTestObject("hic/stm/census/zip"), "33186"): Text '33186' is set on object 'Object Repository/hic/stm/census/zip'

2020-03-10 08:04:11 - [MESSAGE][PASSED] - Text '33186' is set on object 'Object Repository/hic/stm/census/zip'

2020-03-10 08:04:11 - [TEST_STEP][PASSED] - Thread.sleep(500): null

2020-03-10 08:04:12 - [TEST_STEP][PASSED] - setText(findTestObject("hic/stm/census/primaryDOB"), "03031987"): Text '03031987' is set on object 'Object Repository/hic/stm/census/primaryDOB'

2020-03-10 08:04:12 - [MESSAGE][PASSED] - Text '03031987' is set on object 'Object Repository/hic/stm/census/primaryDOB'

2020-03-10 08:04:12 - [TEST_STEP][PASSED] - click(findTestObject("hic/stm/census/female")): Object: 'Object Repository/hic/stm/census/female' is clicked on

2020-03-10 08:04:12 - [MESSAGE][PASSED] - Object: 'Object Repository/hic/stm/census/female' is clicked on

2020-03-10 08:04:12 - [TEST_STEP][PASSED] - Thread.sleep(3000): null

2020-03-10 08:04:15 - [TEST_STEP][PASSED] - click(findTestObject("hic/teladoc/seePlans")): Object: 'Object Repository/hic/teladoc/seePlans' is clicked on

2020-03-10 08:04:17 - [MESSAGE][PASSED] - Object: 'Object Repository/hic/teladoc/seePlans' is clicked on

2020-03-10 08:04:17 - [TEST_STEP][PASSED] - Thread.sleep(6000): null

2020-03-10 08:04:23 - [TEST_STEP][PASSED] - callTestCase(findTestCase("AHI/_include/get_screenshot"), [:], STOP_ON_FAILURE): Call Test Case 'Test Cases/AHI/_include/get_screenshot' successfully

2020-03-10 08:04:23 - [TEST_CASE][PASSED] - Test Cases/AHI/_include/get_screenshot: Test Cases/AHI/_include/get_screenshot

2020-03-10 08:04:23 - [TEST_STEP][PASSED] - Thread.sleep(1000): null

2020-03-10 08:04:24 - [TEST_STEP][PASSED] - takeScreenshot(screenPath + i + ".png"): Taking screenshot successfully

2020-03-10 08:04:26 - [MESSAGE][PASSED] - Taking screenshot successfully
[[ATTACHMENT|D:\\Test\\AgileTest\\Reports\\HIC\\hic\\20200310_080033\\../Screenshots/iPhone 6/HIC/Teladoc/Teladoc/20200310_080359/2.png]]

2020-03-10 08:04:26 - [TEST_STEP][PASSED] - (internal.GlobalVariable.i++): null

2020-03-10 08:04:26 - [MESSAGE][PASSED] - Call Test Case 'Test Cases/AHI/_include/get_screenshot' successfully

2020-03-10 08:04:26 - [TEST_STEP][PASSED] - Thread.sleep(1000): null

2020-03-10 08:04:27 - [TEST_STEP][PASSED] - click(findTestObject("mobileSanity/Teladoc/census/get_a_quote")): Object: 'Object Repository/mobileSanity/Teladoc/census/get_a_quote' is clicked on

2020-03-10 08:04:30 - [MESSAGE][PASSED] - Object: 'Object Repository/mobileSanity/Teladoc/census/get_a_quote' is clicked on

2020-03-10 08:04:30 - [TEST_STEP][PASSED] - waitForPageLoad(20): Wait for page load successfully

2020-03-10 08:04:30 - [MESSAGE][PASSED] - Wait for page load successfully

2020-03-10 08:04:30 - [TEST_STEP][PASSED] - waitForElementVisible(findTestObject("mobileSanity/Teladoc/apply_button"), 20): Object 'Object Repository/mobileSanity/Teladoc/apply_button' is visible

2020-03-10 08:04:31 - [MESSAGE][PASSED] - Object 'Object Repository/mobileSanity/Teladoc/apply_button' is visible

2020-03-10 08:04:31 - [TEST_STEP][PASSED] - callTestCase(findTestCase("AHI/_include/get_screenshot"), [:], STOP_ON_FAILURE): Call Test Case 'Test Cases/AHI/_include/get_screenshot' successfully

2020-03-10 08:04:31 - [TEST_CASE][PASSED] - Test Cases/AHI/_include/get_screenshot: Test Cases/AHI/_include/get_screenshot

2020-03-10 08:04:31 - [TEST_STEP][PASSED] - Thread.sleep(1000): null

2020-03-10 08:04:32 - [TEST_STEP][PASSED] - takeScreenshot(screenPath + i + ".png"): Taking screenshot successfully

2020-03-10 08:04:32 - [MESSAGE][PASSED] - Taking screenshot successfully
[[ATTACHMENT|D:\\Test\\AgileTest\\Reports\\HIC\\hic\\20200310_080033\\../Screenshots/iPhone 6/HIC/Teladoc/Teladoc/20200310_080359/3.png]]

2020-03-10 08:04:32 - [TEST_STEP][PASSED] - (internal.GlobalVariable.i++): null

2020-03-10 08:04:32 - [MESSAGE][PASSED] - Call Test Case 'Test Cases/AHI/_include/get_screenshot' successfully

2020-03-10 08:04:32 - [TEST_STEP][PASSED] - click(findTestObject("mobileSanity/Teladoc/apply_button")): Object: 'Object Repository/mobileSanity/Teladoc/apply_button' is clicked on

2020-03-10 08:04:34 - [MESSAGE][PASSED] - Object: 'Object Repository/mobileSanity/Teladoc/apply_button' is clicked on

2020-03-10 08:04:34 - [TEST_STEP][PASSED] - waitForPageLoad(20): Wait for page load successfully

2020-03-10 08:04:34 - [MESSAGE][PASSED] - Wait for page load successfully

2020-03-10 08:04:34 - [TEST_STEP][PASSED] - waitForElementPresent(findTestObject("mobileSanity/Teladoc/Page_App Page 1/input__member-P-1-firstName"), 20): Object 'Object Repository/mobileSanity/Teladoc/Page_App Page 1/input__member-P-1-firstName' is present

2020-03-10 08:04:36 - [MESSAGE][PASSED] - Object 'Object Repository/mobileSanity/Teladoc/Page_App Page 1/input__member-P-1-firstName' is present

2020-03-10 08:04:36 - [TEST_STEP][PASSED] - callTestCase(findTestCase("AHI/_include/get_screenshot"), [:], STOP_ON_FAILURE): Call Test Case 'Test Cases/AHI/_include/get_screenshot' successfully

2020-03-10 08:04:36 - [TEST_CASE][PASSED] - Test Cases/AHI/_include/get_screenshot: Test Cases/AHI/_include/get_screenshot

2020-03-10 08:04:36 - [TEST_STEP][PASSED] - Thread.sleep(1000): null

2020-03-10 08:04:37 - [TEST_STEP][PASSED] - takeScreenshot(screenPath + i + ".png"): Taking screenshot successfully

2020-03-10 08:04:38 - [MESSAGE][PASSED] - Taking screenshot successfully
[[ATTACHMENT|D:\\Test\\AgileTest\\Reports\\HIC\\hic\\20200310_080033\\../Screenshots/iPhone 6/HIC/Teladoc/Teladoc/20200310_080359/4.png]]

2020-03-10 08:04:38 - [TEST_STEP][PASSED] - (internal.GlobalVariable.i++): null

2020-03-10 08:04:38 - [MESSAGE][PASSED] - Call Test Case 'Test Cases/AHI/_include/get_screenshot' successfully

2020-03-10 08:04:38 - [TEST_STEP][PASSED] - callTestCase(findTestCase("AHI/_include/name"), [:], STOP_ON_FAILURE): Call Test Case 'Test Cases/AHI/_include/name' successfully

2020-03-10 08:04:38 - [TEST_CASE][PASSED] - Test Cases/AHI/_include/name: Test Cases/AHI/_include/name

2020-03-10 08:04:38 - [TEST_STEP][PASSED] - driver = getWebDriver(): null

2020-03-10 08:04:38 - [TEST_STEP][PASSED] - selenium = new com.thoughtworks.selenium.webdriven.WebDriverBackedSelenium(driver, internal.GlobalVariable.ENV): null

2020-03-10 08:04:38 - [TEST_STEP][PASSED] - FirstName = "Test-123": null

2020-03-10 08:04:38 - [TEST_STEP][PASSED] - LastName = selenium.getEval("{var x="ABCDEFGHIJKLMNOPQRSTUVWXYZabcdefghijklmnopqrstuvwxyz"; var tmp="ZZ11-"; for (i=0;i<8;i++) tmp+=x.charAt(Math.ceil(51*Math.random()));tmp;}"): null

2020-03-10 08:04:38 - [TEST_STEP][PASSED] - Address = selenium.getEval("{var x="ABCDEFGHIJKLMNOPQRSTUVWXYZabcdefghijklmnopqrstuvwxyz"; var tmp=""; for (i=0;i<8;i++) tmp+=x.charAt(Math.ceil(51*Math.random()));tmp;}"): null

2020-03-10 08:04:39 - [TEST_STEP][PASSED] - City = selenium.getEval("{var x="ABCDEFGHIJKLMNOPQRSTUVWXYZabcdefghijklmnopqrstuvwxyz"; var tmp=""; for (i=0;i<8;i++) tmp+=x.charAt(Math.ceil(51*Math.random()));tmp;}"): null

2020-03-10 08:04:39 - [TEST_STEP][PASSED] - tel1 = selenium.getEval("{var x="123456789"; var tmp=""; for (i=0;i<3;i++) tmp+=x.charAt(Math.ceil(8*Math.random()));tmp;}"): null

2020-03-10 08:04:39 - [TEST_STEP][PASSED] - tel2 = selenium.getEval("{var x="123456789"; var tmp=""; for (i=0;i<3;i++) tmp+=x.charAt(Math.ceil(8*Math.random()));tmp;}"): null

2020-03-10 08:04:39 - [TEST_STEP][PASSED] - tel3 = selenium.getEval("{var x="123456789"; var tmp=""; for (i=0;i<4;i++) tmp+=x.charAt(Math.ceil(8*Math.random()));tmp;}"): null

2020-03-10 08:04:39 - [TEST_STEP][PASSED] - Tel = selenium.getExpression(tel1 + "-" + tel2 + "-" + tel3): null

2020-03-10 08:04:39 - [TEST_STEP][PASSED] - AutoEmail = selenium.getEval("{var x="ABCDEFGHIJKLMNOPQRSTUVWXYZabcdefghijklmnopqrstuvwxyz"; var tmp="test."; for (i=0;i<8;i++) tmp+=x.charAt(Math.ceil(51*Math.random()));tmp+="@suryani.cn";}"): null

2020-03-10 08:04:39 - [TEST_STEP][PASSED] - FirstName = FirstName: null

2020-03-10 08:04:39 - [TEST_STEP][PASSED] - LastName = LastName: null

2020-03-10 08:04:39 - [TEST_STEP][PASSED] - Address = Address: null

2020-03-10 08:04:39 - [TEST_STEP][PASSED] - City = City: null

2020-03-10 08:04:39 - [TEST_STEP][PASSED] - Tel = Tel: null

2020-03-10 08:04:39 - [TEST_STEP][PASSED] - AutoEmail = AutoEmail: null

2020-03-10 08:04:39 - [TEST_STEP][PASSED] - println(FirstName): null

2020-03-10 08:04:39 - [TEST_STEP][PASSED] - println(LastName): null

2020-03-10 08:04:39 - [TEST_STEP][PASSED] - println(Address): null

2020-03-10 08:04:39 - [TEST_STEP][PASSED] - println(City): null

2020-03-10 08:04:39 - [TEST_STEP][PASSED] - println(Tel): null

2020-03-10 08:04:39 - [TEST_STEP][PASSED] - println(AutoEmail): null

2020-03-10 08:04:39 - [MESSAGE][PASSED] - Call Test Case 'Test Cases/AHI/_include/name' successfully

2020-03-10 08:04:39 - [TEST_STEP][PASSED] - setText(findTestObject("mobileSanity/Teladoc/Page_App Page 1/input__member-P-1-firstName"), FirstName): Text 'Test-123' is set on object 'Object Repository/mobileSanity/Teladoc/Page_App Page 1/input__member-P-1-firstName'

2020-03-10 08:04:39 - [MESSAGE][PASSED] - Text 'Test-123' is set on object 'Object Repository/mobileSanity/Teladoc/Page_App Page 1/input__member-P-1-firstName'

2020-03-10 08:04:39 - [TEST_STEP][PASSED] - setText(findTestObject("mobileSanity/Teladoc/Page_App Page 1/input__member-P-1-lastName"), LastName): Text 'ZZ11-kflWBIuO' is set on object 'Object Repository/mobileSanity/Teladoc/Page_App Page 1/input__member-P-1-lastName'

2020-03-10 08:04:40 - [MESSAGE][PASSED] - Text 'ZZ11-kflWBIuO' is set on object 'Object Repository/mobileSanity/Teladoc/Page_App Page 1/input__member-P-1-lastName'

2020-03-10 08:04:40 - [TEST_STEP][PASSED] - selectOptionByValue(findTestObject("mobileSanity/Teladoc/Page_App Page 1/select_01020304050607"), "05", true): All options with value '05' are selected in object 'Object Repository/mobileSanity/Teladoc/Page_App Page 1/select_01020304050607'  using regular expression

2020-03-10 08:04:40 - [MESSAGE][PASSED] - All options with value '05' are selected in object 'Object Repository/mobileSanity/Teladoc/Page_App Page 1/select_01020304050607'  using regular expression

2020-03-10 08:04:40 - [TEST_STEP][PASSED] - selectOptionByValue(findTestObject("mobileSanity/Teladoc/Page_App Page 1/select_00102030405060708091011"), "06", true): All options with value '06' are selected in object 'Object Repository/mobileSanity/Teladoc/Page_App Page 1/select_00102030405060708091011'  using regular expression

2020-03-10 08:04:40 - [MESSAGE][PASSED] - All options with value '06' are selected in object 'Object Repository/mobileSanity/Teladoc/Page_App Page 1/select_00102030405060708091011'  using regular expression

2020-03-10 08:04:40 - [TEST_STEP][PASSED] - setText(findTestObject("mobileSanity/Teladoc/Page_App Page 1/input_lbs"), "180"): Text '180' is set on object 'Object Repository/mobileSanity/Teladoc/Page_App Page 1/input_lbs'

2020-03-10 08:04:41 - [MESSAGE][PASSED] - Text '180' is set on object 'Object Repository/mobileSanity/Teladoc/Page_App Page 1/input_lbs'

2020-03-10 08:04:41 - [TEST_STEP][PASSED] - setText(findTestObject("mobileSanity/Teladoc/Page_App Page 1/input__address"), Address): Text 'ReRWfZQg' is set on object 'Object Repository/mobileSanity/Teladoc/Page_App Page 1/input__address'

2020-03-10 08:04:41 - [MESSAGE][PASSED] - Text 'ReRWfZQg' is set on object 'Object Repository/mobileSanity/Teladoc/Page_App Page 1/input__address'

2020-03-10 08:04:41 - [TEST_STEP][PASSED] - setText(findTestObject("mobileSanity/Teladoc/Page_App Page 1/input__city"), City): Text 'fDFptSpI' is set on object 'Object Repository/mobileSanity/Teladoc/Page_App Page 1/input__city'

2020-03-10 08:04:41 - [MESSAGE][PASSED] - Text 'fDFptSpI' is set on object 'Object Repository/mobileSanity/Teladoc/Page_App Page 1/input__city'

2020-03-10 08:04:41 - [TEST_STEP][PASSED] - setText(findTestObject("mobileSanity/Teladoc/Page_App Page 1/input__email"), AutoEmail): Text 'test.qsINHxrc@suryani.cn' is set on object 'Object Repository/mobileSanity/Teladoc/Page_App Page 1/input__email'

2020-03-10 08:04:42 - [MESSAGE][PASSED] - Text 'test.qsINHxrc@suryani.cn' is set on object 'Object Repository/mobileSanity/Teladoc/Page_App Page 1/input__email'

2020-03-10 08:04:42 - [TEST_STEP][PASSED] - setText(findTestObject("mobileSanity/Teladoc/Page_App Page 1/input_phone number"), Tel): Text '278-927-3254' is set on object 'Object Repository/mobileSanity/Teladoc/Page_App Page 1/input_phone number'

2020-03-10 08:04:42 - [MESSAGE][PASSED] - Text '278-927-3254' is set on object 'Object Repository/mobileSanity/Teladoc/Page_App Page 1/input_phone number'

2020-03-10 08:04:42 - [TEST_STEP][PASSED] - Thread.sleep(2000): null

2020-03-10 08:04:44 - [TEST_STEP][PASSED] - scrollToElement(findTestObject("mobileSanity/Teladoc/Page_App Page 1/a_Continue to Step 2 - Payment"), 10): Scroll to object 'Object Repository/mobileSanity/Teladoc/Page_App Page 1/a_Continue to Step 2 - Payment' successfully

2020-03-10 08:04:44 - [MESSAGE][PASSED] - Scroll to object 'Object Repository/mobileSanity/Teladoc/Page_App Page 1/a_Continue to Step 2 - Payment' successfully

2020-03-10 08:04:44 - [TEST_STEP][PASSED] - click(findTestObject("mobileSanity/Teladoc/Page_App Page 1/a_Continue to Step 2 - Payment")): Object: 'Object Repository/mobileSanity/Teladoc/Page_App Page 1/a_Continue to Step 2 - Payment' is clicked on

2020-03-10 08:04:46 - [MESSAGE][PASSED] - Object: 'Object Repository/mobileSanity/Teladoc/Page_App Page 1/a_Continue to Step 2 - Payment' is clicked on

2020-03-10 08:04:46 - [TEST_STEP][PASSED] - waitForPageLoad(20): Wait for page load successfully

2020-03-10 08:04:46 - [MESSAGE][PASSED] - Wait for page load successfully

2020-03-10 08:04:46 - [TEST_STEP][PASSED] - waitForElementVisible(findTestObject("mobileSanity/Teladoc/Page_App Page 2/input__credit-card-first"), 20): Object 'Object Repository/mobileSanity/Teladoc/Page_App Page 2/input__credit-card-first' is visible

2020-03-10 08:04:46 - [MESSAGE][PASSED] - Object 'Object Repository/mobileSanity/Teladoc/Page_App Page 2/input__credit-card-first' is visible

2020-03-10 08:04:46 - [TEST_STEP][PASSED] - callTestCase(findTestCase("AHI/_include/get_screenshot"), [:], STOP_ON_FAILURE): Call Test Case 'Test Cases/AHI/_include/get_screenshot' successfully

2020-03-10 08:04:46 - [TEST_CASE][PASSED] - Test Cases/AHI/_include/get_screenshot: Test Cases/AHI/_include/get_screenshot

2020-03-10 08:04:46 - [TEST_STEP][PASSED] - Thread.sleep(1000): null

2020-03-10 08:04:47 - [TEST_STEP][PASSED] - takeScreenshot(screenPath + i + ".png"): Taking screenshot successfully

2020-03-10 08:04:48 - [MESSAGE][PASSED] - Taking screenshot successfully
[[ATTACHMENT|D:\\Test\\AgileTest\\Reports\\HIC\\hic\\20200310_080033\\../Screenshots/iPhone 6/HIC/Teladoc/Teladoc/20200310_080359/5.png]]

2020-03-10 08:04:48 - [TEST_STEP][PASSED] - (internal.GlobalVariable.i++): null

2020-03-10 08:04:48 - [MESSAGE][PASSED] - Call Test Case 'Test Cases/AHI/_include/get_screenshot' successfully

2020-03-10 08:04:48 - [TEST_STEP][PASSED] - setText(findTestObject("mobileSanity/Teladoc/Page_App Page 2/input__credit-card-first"), FirstName): Text 'Test-123' is set on object 'Object Repository/mobileSanity/Teladoc/Page_App Page 2/input__credit-card-first'

2020-03-10 08:04:48 - [MESSAGE][PASSED] - Text 'Test-123' is set on object 'Object Repository/mobileSanity/Teladoc/Page_App Page 2/input__credit-card-first'

2020-03-10 08:04:48 - [TEST_STEP][PASSED] - setText(findTestObject("mobileSanity/Teladoc/Page_App Page 2/input__credit-card-last"), LastName): Text 'ZZ11-kflWBIuO' is set on object 'Object Repository/mobileSanity/Teladoc/Page_App Page 2/input__credit-card-last'

2020-03-10 08:04:48 - [MESSAGE][PASSED] - Text 'ZZ11-kflWBIuO' is set on object 'Object Repository/mobileSanity/Teladoc/Page_App Page 2/input__credit-card-last'

2020-03-10 08:04:48 - [TEST_STEP][PASSED] - selectOptionByValue(findTestObject("mobileSanity/Teladoc/Page_App Page 2/select_MM010203040506070809101"), "12", true): All options with value '12' are selected in object 'Object Repository/mobileSanity/Teladoc/Page_App Page 2/select_MM010203040506070809101'  using regular expression

2020-03-10 08:04:49 - [MESSAGE][PASSED] - All options with value '12' are selected in object 'Object Repository/mobileSanity/Teladoc/Page_App Page 2/select_MM010203040506070809101'  using regular expression

2020-03-10 08:04:49 - [TEST_STEP][PASSED] - selectOptionByValue(findTestObject("mobileSanity/Teladoc/Page_App Page 2/select_YYYY2019202020212022202"), "2026", true): All options with value '2026' are selected in object 'Object Repository/mobileSanity/Teladoc/Page_App Page 2/select_YYYY2019202020212022202'  using regular expression

2020-03-10 08:04:49 - [MESSAGE][PASSED] - All options with value '2026' are selected in object 'Object Repository/mobileSanity/Teladoc/Page_App Page 2/select_YYYY2019202020212022202'  using regular expression

2020-03-10 08:04:49 - [TEST_STEP][PASSED] - setText(findTestObject("mobileSanity/Teladoc/Page_App Page 2/input__credit-card-number"), "4111111111111111"): Text '4111111111111111' is set on object 'Object Repository/mobileSanity/Teladoc/Page_App Page 2/input__credit-card-number'

2020-03-10 08:04:49 - [MESSAGE][PASSED] - Text '4111111111111111' is set on object 'Object Repository/mobileSanity/Teladoc/Page_App Page 2/input__credit-card-number'

2020-03-10 08:04:49 - [TEST_STEP][PASSED] - setText(findTestObject("mobileSanity/Teladoc/Page_App Page 2/input__credit-card-cvv"), "122"): Text '122' is set on object 'Object Repository/mobileSanity/Teladoc/Page_App Page 2/input__credit-card-cvv'

2020-03-10 08:04:50 - [MESSAGE][PASSED] - Text '122' is set on object 'Object Repository/mobileSanity/Teladoc/Page_App Page 2/input__credit-card-cvv'

2020-03-10 08:04:50 - [TEST_STEP][PASSED] - click(findTestObject("mobileSanity/Teladoc/Page_App Page 2/label_My billing address is th")): Object: 'Object Repository/mobileSanity/Teladoc/Page_App Page 2/label_My billing address is th' is clicked on

2020-03-10 08:04:50 - [MESSAGE][PASSED] - Object: 'Object Repository/mobileSanity/Teladoc/Page_App Page 2/label_My billing address is th' is clicked on

2020-03-10 08:04:50 - [TEST_STEP][PASSED] - click(findTestObject("mobileSanity/Teladoc/Page_App Page 2/label_I Accept Authorization f")): Object: 'Object Repository/mobileSanity/Teladoc/Page_App Page 2/label_I Accept Authorization f' is clicked on

2020-03-10 08:04:50 - [MESSAGE][PASSED] - Object: 'Object Repository/mobileSanity/Teladoc/Page_App Page 2/label_I Accept Authorization f' is clicked on

2020-03-10 08:04:50 - [TEST_STEP][PASSED] - click(findTestObject("mobileSanity/Teladoc/Page_App Page 2/a_Continue to Step 3 - Review")): Object: 'Object Repository/mobileSanity/Teladoc/Page_App Page 2/a_Continue to Step 3 - Review' is clicked on

2020-03-10 08:04:50 - [MESSAGE][PASSED] - Object: 'Object Repository/mobileSanity/Teladoc/Page_App Page 2/a_Continue to Step 3 - Review' is clicked on

2020-03-10 08:04:50 - [TEST_STEP][PASSED] - waitForPageLoad(20): Wait for page load successfully

2020-03-10 08:04:50 - [MESSAGE][PASSED] - Wait for page load successfully

2020-03-10 08:04:50 - [TEST_STEP][PASSED] - waitForElementPresent(findTestObject("mobileSanity/Teladoc/Page_App Page 3/label"), 20): Object 'Object Repository/mobileSanity/Teladoc/Page_App Page 3/label' is present

2020-03-10 08:05:01 - [MESSAGE][PASSED] - Object 'Object Repository/mobileSanity/Teladoc/Page_App Page 3/label' is present

2020-03-10 08:05:01 - [TEST_STEP][PASSED] - Thread.sleep(5000): null

2020-03-10 08:05:06 - [TEST_STEP][PASSED] - callTestCase(findTestCase("AHI/_include/get_screenshot"), [:], STOP_ON_FAILURE): Call Test Case 'Test Cases/AHI/_include/get_screenshot' successfully

2020-03-10 08:05:06 - [TEST_CASE][PASSED] - Test Cases/AHI/_include/get_screenshot: Test Cases/AHI/_include/get_screenshot

2020-03-10 08:05:06 - [TEST_STEP][PASSED] - Thread.sleep(1000): null

2020-03-10 08:05:07 - [TEST_STEP][PASSED] - takeScreenshot(screenPath + i + ".png"): Taking screenshot successfully

2020-03-10 08:05:08 - [MESSAGE][PASSED] - Taking screenshot successfully
[[ATTACHMENT|D:\\Test\\AgileTest\\Reports\\HIC\\hic\\20200310_080033\\../Screenshots/iPhone 6/HIC/Teladoc/Teladoc/20200310_080359/6.png]]

2020-03-10 08:05:08 - [TEST_STEP][PASSED] - (internal.GlobalVariable.i++): null

2020-03-10 08:05:08 - [MESSAGE][PASSED] - Call Test Case 'Test Cases/AHI/_include/get_screenshot' successfully

2020-03-10 08:05:08 - [TEST_STEP][PASSED] - scrollToElement(findTestObject("mobileSanity/Teladoc/Page_App Page 3/label"), 10): Scroll to object 'Object Repository/mobileSanity/Teladoc/Page_App Page 3/label' successfully

2020-03-10 08:05:08 - [MESSAGE][PASSED] - Scroll to object 'Object Repository/mobileSanity/Teladoc/Page_App Page 3/label' successfully

2020-03-10 08:05:08 - [TEST_STEP][PASSED] - waitForElementClickable(findTestObject("mobileSanity/Teladoc/Page_App Page 3/label"), 10): Object 'Object Repository/mobileSanity/Teladoc/Page_App Page 3/label' is clickable

2020-03-10 08:05:08 - [MESSAGE][PASSED] - Object 'Object Repository/mobileSanity/Teladoc/Page_App Page 3/label' is clickable

2020-03-10 08:05:08 - [TEST_STEP][PASSED] - click(findTestObject("mobileSanity/Teladoc/Page_App Page 3/label")): Object: 'Object Repository/mobileSanity/Teladoc/Page_App Page 3/label' is clicked on

2020-03-10 08:05:08 - [MESSAGE][PASSED] - Object: 'Object Repository/mobileSanity/Teladoc/Page_App Page 3/label' is clicked on

2020-03-10 08:05:08 - [TEST_STEP][PASSED] - click(findTestObject("mobileSanity/Teladoc/Page_App Page 3/p_")): Object: 'Object Repository/mobileSanity/Teladoc/Page_App Page 3/p_' is clicked on

2020-03-10 08:05:08 - [MESSAGE][PASSED] - Object: 'Object Repository/mobileSanity/Teladoc/Page_App Page 3/p_' is clicked on

2020-03-10 08:05:08 - [TEST_STEP][PASSED] - click(findTestObject("mobileSanity/Teladoc/Page_App Page 3/a_Submit Your Application")): Object: 'Object Repository/mobileSanity/Teladoc/Page_App Page 3/a_Submit Your Application' is clicked on

2020-03-10 08:05:08 - [MESSAGE][PASSED] - Object: 'Object Repository/mobileSanity/Teladoc/Page_App Page 3/a_Submit Your Application' is clicked on

2020-03-10 08:05:08 - [TEST_STEP][PASSED] - Thread.sleep(50000): null

2020-03-10 08:05:58 - [TEST_STEP][PASSED] - callTestCase(findTestCase("AHI/_include/get_screenshot"), [:], STOP_ON_FAILURE): Call Test Case 'Test Cases/AHI/_include/get_screenshot' successfully

2020-03-10 08:05:58 - [TEST_CASE][PASSED] - Test Cases/AHI/_include/get_screenshot: Test Cases/AHI/_include/get_screenshot

2020-03-10 08:05:58 - [TEST_STEP][PASSED] - Thread.sleep(1000): null

2020-03-10 08:05:59 - [TEST_STEP][PASSED] - takeScreenshot(screenPath + i + ".png"): Taking screenshot successfully

2020-03-10 08:06:00 - [MESSAGE][PASSED] - Taking screenshot successfully
[[ATTACHMENT|D:\\Test\\AgileTest\\Reports\\HIC\\hic\\20200310_080033\\../Screenshots/iPhone 6/HIC/Teladoc/Teladoc/20200310_080359/7.png]]

2020-03-10 08:06:00 - [TEST_STEP][PASSED] - (internal.GlobalVariable.i++): null

2020-03-10 08:06:00 - [MESSAGE][PASSED] - Call Test Case 'Test Cases/AHI/_include/get_screenshot' successfully

2020-03-10 08:06:00 - [TEST_STEP][PASSED] - verifyTextPresent("Congratulations", false): Text 'Congratulations' is present on page 

2020-03-10 08:06:00 - [MESSAGE][PASSED] - Text 'Congratulations' is present on page]]></system-out>
         <system-err><![CDATA[]]></system-err>
      </testcase>
      <system-out><![CDATA[2020-03-10 08:00:39 - [TEST_SUITE][ERROR] - hic: Test Cases/HIC/New/ACA FAILED.
Reason:
com.thoughtworks.selenium.SeleniumException: unknown error: Element <button type="button" class="Common__DefaultButton-r4giz5-1 Common__JumboButton-r4giz5-2 SubmitButton-nmdtlk-0 ProductDropDown__CTAButton-trye76-5 jeXAtY btn btn-primary">...</button> is not clickable at point (187, 606). Other element would receive the click: <div class="pages__PhoneCtaResponsive-sc-1dmd8vs-30 hzFEeU">...</div>
  (Session info: chrome=80.0.3987.132)
  (Driver info: chromedriver=2.43.600210 (68dcf5eebde37173d4027fa8635e332711d2874a),platform=Windows NT 6.3.9600 x86_64) (WARNING: The server did not provide any stacktrace information)
Command duration or timeout: 0 milliseconds
Build info: version: '3.7.1', revision: '8a0099a', time: '2017-11-06T21:07:36.161Z'
System info: host: 'WIN-U215233FMVE', ip: '172.30.0.53', os.name: 'Windows Server 2012 R2', os.arch: 'amd64', os.version: '6.3', java.version: '1.8.0_181'
Driver info: com.kms.katalon.selenium.driver.CChromeDriver
Capabilities {acceptInsecureCerts: false, acceptSslCerts: false, applicationCacheEnabled: false, browserConnectionEnabled: false, browserName: chrome, chrome: {chromedriverVersion: 2.43.600210 (68dcf5eebde371..., userDataDir: C:\Users\ADMINI~1\AppData\L...}, cssSelectorsEnabled: true, databaseEnabled: false, goog:chromeOptions: {debuggerAddress: localhost:52303}, handlesAlerts: true, hasTouchScreen: true, javascriptEnabled: true, locationContextEnabled: true, mobileEmulationEnabled: true, nativeEvents: true, networkConnectionEnabled: false, pageLoadStrategy: normal, platform: XP, platformName: XP, rotatable: false, setWindowRect: true, takesHeapSnapshot: true, takesScreenshot: true, unexpectedAlertBehaviour: , unhandledPromptBehavior: , version: 80.0.3987.132, webStorageEnabled: true}
Session ID: fbcddd9f125dc901c57f1a87693635a3
	at com.thoughtworks.selenium.webdriven.SeleneseCommand.apply(SeleneseCommand.java:45)
	at com.thoughtworks.selenium.webdriven.Timer.run(Timer.java:41)
	at com.thoughtworks.selenium.webdriven.WebDriverCommandProcessor.execute(WebDriverCommandProcessor.java:150)
	at com.thoughtworks.selenium.webdriven.WebDriverCommandProcessor.doCommand(WebDriverCommandProcessor.java:76)
	at com.thoughtworks.selenium.DefaultSelenium.click(DefaultSelenium.java:198)
	at com.thoughtworks.selenium.Selenium$click.call(Unknown Source)
	at ACA.run(ACA:39)
	at com.kms.katalon.core.main.ScriptEngine.run(ScriptEngine.java:194)
	at com.kms.katalon.core.main.ScriptEngine.runScriptAsRawText(ScriptEngine.java:119)
	at com.kms.katalon.core.main.TestCaseExecutor.runScript(TestCaseExecutor.java:328)
	at com.kms.katalon.core.main.TestCaseExecutor.doExecute(TestCaseExecutor.java:319)
	at com.kms.katalon.core.main.TestCaseExecutor.processExecutionPhase(TestCaseExecutor.java:298)
	at com.kms.katalon.core.main.TestCaseExecutor.accessMainPhase(TestCaseExecutor.java:290)
	at com.kms.katalon.core.main.TestCaseExecutor.execute(TestCaseExecutor.java:224)
	at com.kms.katalon.core.main.TestSuiteExecutor.accessTestCaseMainPhase(TestSuiteExecutor.java:129)
	at com.kms.katalon.core.main.TestSuiteExecutor.accessTestSuiteMainPhase(TestSuiteExecutor.java:112)
	at com.kms.katalon.core.main.TestSuiteExecutor.execute(TestSuiteExecutor.java:81)
	at com.kms.katalon.core.main.TestCaseMain.startTestSuite(TestCaseMain.java:149)
	at com.kms.katalon.core.main.TestCaseMain$startTestSuite$0.call(Unknown Source)
	at TempTestSuite1583841633899.run(TempTestSuite1583841633899.groovy:36)
Caused by: org.openqa.selenium.WebDriverException: unknown error: Element <button type="button" class="Common__DefaultButton-r4giz5-1 Common__JumboButton-r4giz5-2 SubmitButton-nmdtlk-0 ProductDropDown__CTAButton-trye76-5 jeXAtY btn btn-primary">...</button> is not clickable at point (187, 606). Other element would receive the click: <div class="pages__PhoneCtaResponsive-sc-1dmd8vs-30 hzFEeU">...</div>
  (Session info: chrome=80.0.3987.132)
  (Driver info: chromedriver=2.43.600210 (68dcf5eebde37173d4027fa8635e332711d2874a),platform=Windows NT 6.3.9600 x86_64) (WARNING: The server did not provide any stacktrace information)
Command duration or timeout: 0 milliseconds
Build info: version: '3.7.1', revision: '8a0099a', time: '2017-11-06T21:07:36.161Z'
System info: host: 'WIN-U215233FMVE', ip: '172.30.0.53', os.name: 'Windows Server 2012 R2', os.arch: 'amd64', os.version: '6.3', java.version: '1.8.0_181'
Driver info: com.kms.katalon.selenium.driver.CChromeDriver
Capabilities {acceptInsecureCerts: false, acceptSslCerts: false, applicationCacheEnabled: false, browserConnectionEnabled: false, browserName: chrome, chrome: {chromedriverVersion: 2.43.600210 (68dcf5eebde371..., userDataDir: C:\Users\ADMINI~1\AppData\L...}, cssSelectorsEnabled: true, databaseEnabled: false, goog:chromeOptions: {debuggerAddress: localhost:52303}, handlesAlerts: true, hasTouchScreen: true, javascriptEnabled: true, locationContextEnabled: true, mobileEmulationEnabled: true, nativeEvents: true, networkConnectionEnabled: false, pageLoadStrategy: normal, platform: XP, platformName: XP, rotatable: false, setWindowRect: true, takesHeapSnapshot: true, takesScreenshot: true, unexpectedAlertBehaviour: , unhandledPromptBehavior: , version: 80.0.3987.132, webStorageEnabled: true}
Session ID: fbcddd9f125dc901c57f1a87693635a3
	at org.openqa.selenium.remote.ErrorHandler.createThrowable(ErrorHandler.java:214)
	at org.openqa.selenium.remote.ErrorHandler.throwIfResponseFailed(ErrorHandler.java:166)
	at org.openqa.selenium.remote.http.JsonHttpResponseCodec.reconstructValue(JsonHttpResponseCodec.java:40)
	at org.openqa.selenium.remote.http.AbstractHttpResponseCodec.decode(AbstractHttpResponseCodec.java:80)
	at org.openqa.selenium.remote.http.AbstractHttpResponseCodec.decode(AbstractHttpResponseCodec.java:44)
	at org.openqa.selenium.remote.HttpCommandExecutor.execute(HttpCommandExecutor.java:164)
	at org.openqa.selenium.remote.service.DriverCommandExecutor.execute(DriverCommandExecutor.java:83)
	at org.openqa.selenium.remote.RemoteWebDriver.execute(RemoteWebDriver.java:600)
	at com.kms.katalon.selenium.driver.CChromeDriver.execute(CChromeDriver.java:20)
	at org.openqa.selenium.remote.RemoteWebElement.execute(RemoteWebElement.java:279)
	at org.openqa.selenium.remote.RemoteWebElement.click(RemoteWebElement.java:83)
	at com.thoughtworks.selenium.webdriven.commands.Click.handleSeleneseCommand(Click.java:40)
	at com.thoughtworks.selenium.webdriven.commands.Click.handleSeleneseCommand(Click.java:26)
	at com.thoughtworks.selenium.webdriven.SeleneseCommand.apply(SeleneseCommand.java:36)
	at com.thoughtworks.selenium.webdriven.Timer.run(Timer.java:41)
	at com.thoughtworks.selenium.webdriven.WebDriverCommandProcessor.execute(WebDriverCommandProcessor.java:150)
	at com.thoughtworks.selenium.webdriven.WebDriverCommandProcessor.doCommand(WebDriverCommandProcessor.java:76)
	at com.thoughtworks.selenium.DefaultSelenium.click(DefaultSelenium.java:198)
	at com.thoughtworks.selenium.Selenium$click.call(Unknown Source)
	at Script1583723920815.run(Script1583723920815.groovy:39)
	... 13 more]]></system-out>
      <system-err><![CDATA[2020-03-10 08:00:39 - [TEST_SUITE][ERROR] - hic: Test Cases/HIC/New/ACA FAILED.
Reason:
com.thoughtworks.selenium.SeleniumException: unknown error: Element <button type="button" class="Common__DefaultButton-r4giz5-1 Common__JumboButton-r4giz5-2 SubmitButton-nmdtlk-0 ProductDropDown__CTAButton-trye76-5 jeXAtY btn btn-primary">...</button> is not clickable at point (187, 606). Other element would receive the click: <div class="pages__PhoneCtaResponsive-sc-1dmd8vs-30 hzFEeU">...</div>
  (Session info: chrome=80.0.3987.132)
  (Driver info: chromedriver=2.43.600210 (68dcf5eebde37173d4027fa8635e332711d2874a),platform=Windows NT 6.3.9600 x86_64) (WARNING: The server did not provide any stacktrace information)
Command duration or timeout: 0 milliseconds
Build info: version: '3.7.1', revision: '8a0099a', time: '2017-11-06T21:07:36.161Z'
System info: host: 'WIN-U215233FMVE', ip: '172.30.0.53', os.name: 'Windows Server 2012 R2', os.arch: 'amd64', os.version: '6.3', java.version: '1.8.0_181'
Driver info: com.kms.katalon.selenium.driver.CChromeDriver
Capabilities {acceptInsecureCerts: false, acceptSslCerts: false, applicationCacheEnabled: false, browserConnectionEnabled: false, browserName: chrome, chrome: {chromedriverVersion: 2.43.600210 (68dcf5eebde371..., userDataDir: C:\Users\ADMINI~1\AppData\L...}, cssSelectorsEnabled: true, databaseEnabled: false, goog:chromeOptions: {debuggerAddress: localhost:52303}, handlesAlerts: true, hasTouchScreen: true, javascriptEnabled: true, locationContextEnabled: true, mobileEmulationEnabled: true, nativeEvents: true, networkConnectionEnabled: false, pageLoadStrategy: normal, platform: XP, platformName: XP, rotatable: false, setWindowRect: true, takesHeapSnapshot: true, takesScreenshot: true, unexpectedAlertBehaviour: , unhandledPromptBehavior: , version: 80.0.3987.132, webStorageEnabled: true}
Session ID: fbcddd9f125dc901c57f1a87693635a3
	at com.thoughtworks.selenium.webdriven.SeleneseCommand.apply(SeleneseCommand.java:45)
	at com.thoughtworks.selenium.webdriven.Timer.run(Timer.java:41)
	at com.thoughtworks.selenium.webdriven.WebDriverCommandProcessor.execute(WebDriverCommandProcessor.java:150)
	at com.thoughtworks.selenium.webdriven.WebDriverCommandProcessor.doCommand(WebDriverCommandProcessor.java:76)
	at com.thoughtworks.selenium.DefaultSelenium.click(DefaultSelenium.java:198)
	at com.thoughtworks.selenium.Selenium$click.call(Unknown Source)
	at ACA.run(ACA:39)
	at com.kms.katalon.core.main.ScriptEngine.run(ScriptEngine.java:194)
	at com.kms.katalon.core.main.ScriptEngine.runScriptAsRawText(ScriptEngine.java:119)
	at com.kms.katalon.core.main.TestCaseExecutor.runScript(TestCaseExecutor.java:328)
	at com.kms.katalon.core.main.TestCaseExecutor.doExecute(TestCaseExecutor.java:319)
	at com.kms.katalon.core.main.TestCaseExecutor.processExecutionPhase(TestCaseExecutor.java:298)
	at com.kms.katalon.core.main.TestCaseExecutor.accessMainPhase(TestCaseExecutor.java:290)
	at com.kms.katalon.core.main.TestCaseExecutor.execute(TestCaseExecutor.java:224)
	at com.kms.katalon.core.main.TestSuiteExecutor.accessTestCaseMainPhase(TestSuiteExecutor.java:129)
	at com.kms.katalon.core.main.TestSuiteExecutor.accessTestSuiteMainPhase(TestSuiteExecutor.java:112)
	at com.kms.katalon.core.main.TestSuiteExecutor.execute(TestSuiteExecutor.java:81)
	at com.kms.katalon.core.main.TestCaseMain.startTestSuite(TestCaseMain.java:149)
	at com.kms.katalon.core.main.TestCaseMain$startTestSuite$0.call(Unknown Source)
	at TempTestSuite1583841633899.run(TempTestSuite1583841633899.groovy:36)
Caused by: org.openqa.selenium.WebDriverException: unknown error: Element <button type="button" class="Common__DefaultButton-r4giz5-1 Common__JumboButton-r4giz5-2 SubmitButton-nmdtlk-0 ProductDropDown__CTAButton-trye76-5 jeXAtY btn btn-primary">...</button> is not clickable at point (187, 606). Other element would receive the click: <div class="pages__PhoneCtaResponsive-sc-1dmd8vs-30 hzFEeU">...</div>
  (Session info: chrome=80.0.3987.132)
  (Driver info: chromedriver=2.43.600210 (68dcf5eebde37173d4027fa8635e332711d2874a),platform=Windows NT 6.3.9600 x86_64) (WARNING: The server did not provide any stacktrace information)
Command duration or timeout: 0 milliseconds
Build info: version: '3.7.1', revision: '8a0099a', time: '2017-11-06T21:07:36.161Z'
System info: host: 'WIN-U215233FMVE', ip: '172.30.0.53', os.name: 'Windows Server 2012 R2', os.arch: 'amd64', os.version: '6.3', java.version: '1.8.0_181'
Driver info: com.kms.katalon.selenium.driver.CChromeDriver
Capabilities {acceptInsecureCerts: false, acceptSslCerts: false, applicationCacheEnabled: false, browserConnectionEnabled: false, browserName: chrome, chrome: {chromedriverVersion: 2.43.600210 (68dcf5eebde371..., userDataDir: C:\Users\ADMINI~1\AppData\L...}, cssSelectorsEnabled: true, databaseEnabled: false, goog:chromeOptions: {debuggerAddress: localhost:52303}, handlesAlerts: true, hasTouchScreen: true, javascriptEnabled: true, locationContextEnabled: true, mobileEmulationEnabled: true, nativeEvents: true, networkConnectionEnabled: false, pageLoadStrategy: normal, platform: XP, platformName: XP, rotatable: false, setWindowRect: true, takesHeapSnapshot: true, takesScreenshot: true, unexpectedAlertBehaviour: , unhandledPromptBehavior: , version: 80.0.3987.132, webStorageEnabled: true}
Session ID: fbcddd9f125dc901c57f1a87693635a3
	at org.openqa.selenium.remote.ErrorHandler.createThrowable(ErrorHandler.java:214)
	at org.openqa.selenium.remote.ErrorHandler.throwIfResponseFailed(ErrorHandler.java:166)
	at org.openqa.selenium.remote.http.JsonHttpResponseCodec.reconstructValue(JsonHttpResponseCodec.java:40)
	at org.openqa.selenium.remote.http.AbstractHttpResponseCodec.decode(AbstractHttpResponseCodec.java:80)
	at org.openqa.selenium.remote.http.AbstractHttpResponseCodec.decode(AbstractHttpResponseCodec.java:44)
	at org.openqa.selenium.remote.HttpCommandExecutor.execute(HttpCommandExecutor.java:164)
	at org.openqa.selenium.remote.service.DriverCommandExecutor.execute(DriverCommandExecutor.java:83)
	at org.openqa.selenium.remote.RemoteWebDriver.execute(RemoteWebDriver.java:600)
	at com.kms.katalon.selenium.driver.CChromeDriver.execute(CChromeDriver.java:20)
	at org.openqa.selenium.remote.RemoteWebElement.execute(RemoteWebElement.java:279)
	at org.openqa.selenium.remote.RemoteWebElement.click(RemoteWebElement.java:83)
	at com.thoughtworks.selenium.webdriven.commands.Click.handleSeleneseCommand(Click.java:40)
	at com.thoughtworks.selenium.webdriven.commands.Click.handleSeleneseCommand(Click.java:26)
	at com.thoughtworks.selenium.webdriven.SeleneseCommand.apply(SeleneseCommand.java:36)
	at com.thoughtworks.selenium.webdriven.Timer.run(Timer.java:41)
	at com.thoughtworks.selenium.webdriven.WebDriverCommandProcessor.execute(WebDriverCommandProcessor.java:150)
	at com.thoughtworks.selenium.webdriven.WebDriverCommandProcessor.doCommand(WebDriverCommandProcessor.java:76)
	at com.thoughtworks.selenium.DefaultSelenium.click(DefaultSelenium.java:198)
	at com.thoughtworks.selenium.Selenium$click.call(Unknown Source)
	at Script1583723920815.run(Script1583723920815.groovy:39)
	... 13 more]]></system-err>
   </testsuite>
</testsuites>
