<?xml version="1.0" encoding="UTF-8"?>
<testsuites name="hbi" time="675" tests="8" failures="0" errors="0">
   <testsuite name="hbi" tests="8" failures="0" errors="0" time="675" timestamp="2019-10-24 08:00:39" hostname="Administrator - 172.30.0.53" id="Test Suites/mobileWeb/hbi">
      <properties>
         <property name="deviceName" value=""/>
         <property name="devicePlatform" value=""/>
         <property name="logFolder" value="D:\\Test\\AgileTest\\Reports\\mobileWeb\\hbi\\20191024_080031"/>
         <property name="logFiles" value="D:\\Test\\AgileTest\\Reports\\mobileWeb\\hbi\\20191024_080031\\execution0.log"/>
         <property name="attachments" value="D:\\Test\\AgileTest\\Reports\\mobileWeb\\hbi\\20191024_080031\\../Screenshots/iPhone 6/hbi/Agile One/20191024_080043/0.png, D:\\Test\\AgileTest\\Reports\\mobileWeb\\hbi\\20191024_080031\\../Screenshots/iPhone 6/hbi/Agile One/20191024_080043/1.png, D:\\Test\\AgileTest\\Reports\\mobileWeb\\hbi\\20191024_080031\\../Screenshots/iPhone 6/hbi/Agile One/20191024_080043/2.png, D:\\Test\\AgileTest\\Reports\\mobileWeb\\hbi\\20191024_080031\\../Screenshots/iPhone 6/hbi/Agile One/20191024_080043/3.png, D:\\Test\\AgileTest\\Reports\\mobileWeb\\hbi\\20191024_080031\\../Screenshots/iPhone 6/hbi/Agile One/20191024_080043/4.png, D:\\Test\\AgileTest\\Reports\\mobileWeb\\hbi\\20191024_080031\\../Screenshots/iPhone 6/hbi/Agile One/20191024_080043/5.png, D:\\Test\\AgileTest\\Reports\\mobileWeb\\hbi\\20191024_080031\\../Screenshots/iPhone 6/hbi/Agile One/20191024_080043/6.png, D:\\Test\\AgileTest\\Reports\\mobileWeb\\hbi\\20191024_080031\\../Screenshots/iPhone 6/hbi/Agile One/20191024_080043/7.png, D:\\Test\\AgileTest\\Reports\\mobileWeb\\hbi\\20191024_080031\\../Screenshots/iPhone 6/hbi/Agile One/20191024_080043/8.png, D:\\Test\\AgileTest\\Reports\\mobileWeb\\hbi\\20191024_080031\\../Screenshots/iPhone 6/hbi/Agile One/20191024_080043/9.png, D:\\Test\\AgileTest\\Reports\\mobileWeb\\hbi\\20191024_080031\\../Screenshots/iPhone 6/hbi/Legion Limited Medical/20191024_080217/0.png, D:\\Test\\AgileTest\\Reports\\mobileWeb\\hbi\\20191024_080031\\../Screenshots/iPhone 6/hbi/Legion Limited Medical/20191024_080217/1.png, D:\\Test\\AgileTest\\Reports\\mobileWeb\\hbi\\20191024_080031\\../Screenshots/iPhone 6/hbi/Legion Limited Medical/20191024_080217/2.png, D:\\Test\\AgileTest\\Reports\\mobileWeb\\hbi\\20191024_080031\\../Screenshots/iPhone 6/hbi/Legion Limited Medical/20191024_080217/3.png, D:\\Test\\AgileTest\\Reports\\mobileWeb\\hbi\\20191024_080031\\../Screenshots/iPhone 6/hbi/Legion Limited Medical/20191024_080217/4.png, D:\\Test\\AgileTest\\Reports\\mobileWeb\\hbi\\20191024_080031\\../Screenshots/iPhone 6/hbi/Legion Limited Medical/20191024_080217/5.png, D:\\Test\\AgileTest\\Reports\\mobileWeb\\hbi\\20191024_080031\\../Screenshots/iPhone 6/hbi/Legion Limited Medical/20191024_080217/6.png, D:\\Test\\AgileTest\\Reports\\mobileWeb\\hbi\\20191024_080031\\../Screenshots/iPhone 6/hbi/Legion Limited Medical/20191024_080217/7.png, D:\\Test\\AgileTest\\Reports\\mobileWeb\\hbi\\20191024_080031\\../Screenshots/iPhone 6/hbi/Legion Limited Medical/20191024_080217/8.png, D:\\Test\\AgileTest\\Reports\\mobileWeb\\hbi\\20191024_080031\\../Screenshots/iPhone 6/hbi/Legion Limited Medical/20191024_080217/9.png, D:\\Test\\AgileTest\\Reports\\mobileWeb\\hbi\\20191024_080031\\../Screenshots/iPhone 6/hbi/Cardinal Choice/20191024_080336/0.png, D:\\Test\\AgileTest\\Reports\\mobileWeb\\hbi\\20191024_080031\\../Screenshots/iPhone 6/hbi/Cardinal Choice/20191024_080336/1.png, D:\\Test\\AgileTest\\Reports\\mobileWeb\\hbi\\20191024_080031\\../Screenshots/iPhone 6/hbi/Cardinal Choice/20191024_080336/2.png, D:\\Test\\AgileTest\\Reports\\mobileWeb\\hbi\\20191024_080031\\../Screenshots/iPhone 6/hbi/Cardinal Choice/20191024_080336/3.png, D:\\Test\\AgileTest\\Reports\\mobileWeb\\hbi\\20191024_080031\\../Screenshots/iPhone 6/hbi/Cardinal Choice/20191024_080336/4.png, D:\\Test\\AgileTest\\Reports\\mobileWeb\\hbi\\20191024_080031\\../Screenshots/iPhone 6/hbi/Cardinal Choice/20191024_080336/5.png, D:\\Test\\AgileTest\\Reports\\mobileWeb\\hbi\\20191024_080031\\../Screenshots/iPhone 6/hbi/Cardinal Choice/20191024_080336/6.png, D:\\Test\\AgileTest\\Reports\\mobileWeb\\hbi\\20191024_080031\\../Screenshots/iPhone 6/hbi/Cardinal Choice/20191024_080336/7.png, D:\\Test\\AgileTest\\Reports\\mobileWeb\\hbi\\20191024_080031\\../Screenshots/iPhone 6/hbi/Cardinal Choice/20191024_080336/8.png, D:\\Test\\AgileTest\\Reports\\mobileWeb\\hbi\\20191024_080031\\../Screenshots/iPhone 6/hbi/Cardinal Choice/20191024_080336/9.png, D:\\Test\\AgileTest\\Reports\\mobileWeb\\hbi\\20191024_080031\\../Screenshots/iPhone 6/hbi/Core Shield/20191024_080458/0.png, D:\\Test\\AgileTest\\Reports\\mobileWeb\\hbi\\20191024_080031\\../Screenshots/iPhone 6/hbi/Core Shield/20191024_080458/1.png, D:\\Test\\AgileTest\\Reports\\mobileWeb\\hbi\\20191024_080031\\../Screenshots/iPhone 6/hbi/Core Shield/20191024_080458/2.png, D:\\Test\\AgileTest\\Reports\\mobileWeb\\hbi\\20191024_080031\\../Screenshots/iPhone 6/hbi/Core Shield/20191024_080458/3.png, D:\\Test\\AgileTest\\Reports\\mobileWeb\\hbi\\20191024_080031\\../Screenshots/iPhone 6/hbi/Core Shield/20191024_080458/4.png, D:\\Test\\AgileTest\\Reports\\mobileWeb\\hbi\\20191024_080031\\../Screenshots/iPhone 6/hbi/Core Shield/20191024_080458/5.png, D:\\Test\\AgileTest\\Reports\\mobileWeb\\hbi\\20191024_080031\\../Screenshots/iPhone 6/hbi/Core Shield/20191024_080458/6.png, D:\\Test\\AgileTest\\Reports\\mobileWeb\\hbi\\20191024_080031\\../Screenshots/iPhone 6/hbi/Core Shield/20191024_080458/7.png, D:\\Test\\AgileTest\\Reports\\mobileWeb\\hbi\\20191024_080031\\../Screenshots/iPhone 6/hbi/Core Shield/20191024_080458/8.png, D:\\Test\\AgileTest\\Reports\\mobileWeb\\hbi\\20191024_080031\\../Screenshots/iPhone 6/hbi/Core Shield/20191024_080458/9.png, D:\\Test\\AgileTest\\Reports\\mobileWeb\\hbi\\20191024_080031\\../Screenshots/iPhone 6/hbi/Agile Secure/20191024_080620/0.png, D:\\Test\\AgileTest\\Reports\\mobileWeb\\hbi\\20191024_080031\\../Screenshots/iPhone 6/hbi/Agile Secure/20191024_080620/1.png, D:\\Test\\AgileTest\\Reports\\mobileWeb\\hbi\\20191024_080031\\../Screenshots/iPhone 6/hbi/Agile Secure/20191024_080620/2.png, D:\\Test\\AgileTest\\Reports\\mobileWeb\\hbi\\20191024_080031\\../Screenshots/iPhone 6/hbi/Agile Secure/20191024_080620/3.png, D:\\Test\\AgileTest\\Reports\\mobileWeb\\hbi\\20191024_080031\\../Screenshots/iPhone 6/hbi/Agile Secure/20191024_080620/4.png, D:\\Test\\AgileTest\\Reports\\mobileWeb\\hbi\\20191024_080031\\../Screenshots/iPhone 6/hbi/Agile Secure/20191024_080620/5.png, D:\\Test\\AgileTest\\Reports\\mobileWeb\\hbi\\20191024_080031\\../Screenshots/iPhone 6/hbi/Agile Secure/20191024_080620/6.png, D:\\Test\\AgileTest\\Reports\\mobileWeb\\hbi\\20191024_080031\\../Screenshots/iPhone 6/hbi/Agile Secure/20191024_080620/7.png, D:\\Test\\AgileTest\\Reports\\mobileWeb\\hbi\\20191024_080031\\../Screenshots/iPhone 6/hbi/Agile Secure/20191024_080620/8.png, D:\\Test\\AgileTest\\Reports\\mobileWeb\\hbi\\20191024_080031\\../Screenshots/iPhone 6/hbi/Fixed Cash Benefit/20191024_080735/0.png, D:\\Test\\AgileTest\\Reports\\mobileWeb\\hbi\\20191024_080031\\../Screenshots/iPhone 6/hbi/Fixed Cash Benefit/20191024_080735/1.png, D:\\Test\\AgileTest\\Reports\\mobileWeb\\hbi\\20191024_080031\\../Screenshots/iPhone 6/hbi/Fixed Cash Benefit/20191024_080735/2.png, D:\\Test\\AgileTest\\Reports\\mobileWeb\\hbi\\20191024_080031\\../Screenshots/iPhone 6/hbi/Fixed Cash Benefit/20191024_080735/3.png, D:\\Test\\AgileTest\\Reports\\mobileWeb\\hbi\\20191024_080031\\../Screenshots/iPhone 6/hbi/Fixed Cash Benefit/20191024_080735/4.png, D:\\Test\\AgileTest\\Reports\\mobileWeb\\hbi\\20191024_080031\\../Screenshots/iPhone 6/hbi/Fixed Cash Benefit/20191024_080735/5.png, D:\\Test\\AgileTest\\Reports\\mobileWeb\\hbi\\20191024_080031\\../Screenshots/iPhone 6/hbi/Fixed Cash Benefit/20191024_080735/6.png, D:\\Test\\AgileTest\\Reports\\mobileWeb\\hbi\\20191024_080031\\../Screenshots/iPhone 6/hbi/Fixed Cash Benefit/20191024_080735/7.png, D:\\Test\\AgileTest\\Reports\\mobileWeb\\hbi\\20191024_080031\\../Screenshots/iPhone 6/hbi/Fixed Cash Benefit/20191024_080735/8.png, D:\\Test\\AgileTest\\Reports\\mobileWeb\\hbi\\20191024_080031\\../Screenshots/iPhone 6/hbi/Fixed Cash Benefit/20191024_080735/9.png, D:\\Test\\AgileTest\\Reports\\mobileWeb\\hbi\\20191024_080031\\../Screenshots/iPhone 6/hbi/Health Choice/20191024_080901/0.png, D:\\Test\\AgileTest\\Reports\\mobileWeb\\hbi\\20191024_080031\\../Screenshots/iPhone 6/hbi/Health Choice/20191024_080901/1.png, D:\\Test\\AgileTest\\Reports\\mobileWeb\\hbi\\20191024_080031\\../Screenshots/iPhone 6/hbi/Health Choice/20191024_080901/2.png, D:\\Test\\AgileTest\\Reports\\mobileWeb\\hbi\\20191024_080031\\../Screenshots/iPhone 6/hbi/Health Choice/20191024_080901/3.png, D:\\Test\\AgileTest\\Reports\\mobileWeb\\hbi\\20191024_080031\\../Screenshots/iPhone 6/hbi/Health Choice/20191024_080901/4.png, D:\\Test\\AgileTest\\Reports\\mobileWeb\\hbi\\20191024_080031\\../Screenshots/iPhone 6/hbi/Health Choice/20191024_080901/5.png, D:\\Test\\AgileTest\\Reports\\mobileWeb\\hbi\\20191024_080031\\../Screenshots/iPhone 6/hbi/Health Choice/20191024_080901/6.png, D:\\Test\\AgileTest\\Reports\\mobileWeb\\hbi\\20191024_080031\\../Screenshots/iPhone 6/hbi/Health Choice/20191024_080901/7.png, D:\\Test\\AgileTest\\Reports\\mobileWeb\\hbi\\20191024_080031\\../Screenshots/iPhone 6/hbi/Health Choice/20191024_080901/8.png, D:\\Test\\AgileTest\\Reports\\mobileWeb\\hbi\\20191024_080031\\../Screenshots/iPhone 6/hbi/Health Choice/20191024_080901/9.png, D:\\Test\\AgileTest\\Reports\\mobileWeb\\hbi\\20191024_080031\\../Screenshots/iPhone 6/hbi/Vitala Care/20191024_081024/0.png, D:\\Test\\AgileTest\\Reports\\mobileWeb\\hbi\\20191024_080031\\../Screenshots/iPhone 6/hbi/Vitala Care/20191024_081024/1.png, D:\\Test\\AgileTest\\Reports\\mobileWeb\\hbi\\20191024_080031\\../Screenshots/iPhone 6/hbi/Vitala Care/20191024_081024/2.png, D:\\Test\\AgileTest\\Reports\\mobileWeb\\hbi\\20191024_080031\\../Screenshots/iPhone 6/hbi/Vitala Care/20191024_081024/3.png, D:\\Test\\AgileTest\\Reports\\mobileWeb\\hbi\\20191024_080031\\../Screenshots/iPhone 6/hbi/Vitala Care/20191024_081024/4.png, D:\\Test\\AgileTest\\Reports\\mobileWeb\\hbi\\20191024_080031\\../Screenshots/iPhone 6/hbi/Vitala Care/20191024_081024/5.png, D:\\Test\\AgileTest\\Reports\\mobileWeb\\hbi\\20191024_080031\\../Screenshots/iPhone 6/hbi/Vitala Care/20191024_081024/6.png, D:\\Test\\AgileTest\\Reports\\mobileWeb\\hbi\\20191024_080031\\../Screenshots/iPhone 6/hbi/Vitala Care/20191024_081024/7.png, D:\\Test\\AgileTest\\Reports\\mobileWeb\\hbi\\20191024_080031\\../Screenshots/iPhone 6/hbi/Vitala Care/20191024_081024/8.png, D:\\Test\\AgileTest\\Reports\\mobileWeb\\hbi\\20191024_080031\\../Screenshots/iPhone 6/hbi/Vitala Care/20191024_081024/9.png, D:\\Test\\AgileTest\\Reports\\mobileWeb\\hbi\\20191024_080031\\../Screenshots/iPhone 6/hbi/Vitala Care/20191024_081024/10.png"/>
         <property name="hostName" value="Administrator - 172.30.0.53"/>
         <property name="os" value="Windows Server 2012 R2 64bit"/>
         <property name="katalonVersion" value="5.10.1.1"/>
         <property name="browser" value="Safari 11"/>
         <property name="hostAddress" value="172.30.0.53"/>
         <property name="sessionId" value="e9b826cd04357ac42fa58d6e89ed1d8c"/>
         <property name="seleniumVersion" value="3.7.1"/>
         <property name="proxyInformation" value="ProxyInformation{proxyOption=NO_PROXY, proxyServerType=HTTP, password=, proxyServerAddress=, proxyServerPort=0}"/>
         <property name="platform" value="Windows Server 2012 R2"/>
      </properties>
      <testcase name="Test Cases/mobileWeb/HBI/Agile One" classname="Test Cases/mobileWeb/HBI/Agile One" status="PASSED">
         <system-out><![CDATA[2019-10-24 08:00:40 - [TEST_CASE][PASSED] - Test Cases/mobileWeb/HBI/Agile One: Test Cases/mobileWeb/HBI/Agile One

2019-10-24 08:00:41 - [TEST_STEP][PASSED] - callTestCase(findTestCase("mobileWeb/_include/get_screenPath"), ["productLine":"hbi", "carrierName":"Agile One"], CONTINUE_ON_FAILURE): Call Test Case 'Test Cases/mobileWeb/_include/get_screenPath' successfully

2019-10-24 08:00:42 - [TEST_CASE][PASSED] - Test Cases/mobileWeb/_include/get_screenPath: Test Cases/mobileWeb/_include/get_screenPath

2019-10-24 08:00:42 - [TEST_STEP][PASSED] - m = getExecutionProperties(): null

2019-10-24 08:00:42 - [TEST_STEP][PASSED] - deviceName = get("mobileEmulation").get("deviceName"): null

2019-10-24 08:00:42 - [TEST_STEP][PASSED] - println(deviceName): null

2019-10-24 08:00:42 - [TEST_STEP][PASSED] - now = new java.util.Date(): null

2019-10-24 08:00:43 - [TEST_STEP][PASSED] - mydate = now.format("yyyyMMdd_HHmmss"): null

2019-10-24 08:00:43 - [TEST_STEP][PASSED] - screenPath = "../Screenshots/": null

2019-10-24 08:00:43 - [TEST_STEP][PASSED] - screenPath = screenPath + deviceName + "/" + productLine + "/" + carrierName + "/" + mydate + "/": null

2019-10-24 08:00:43 - [TEST_STEP][PASSED] - println(screenPath): null

2019-10-24 08:00:43 - [MESSAGE][PASSED] - Call Test Case 'Test Cases/mobileWeb/_include/get_screenPath' successfully

2019-10-24 08:00:43 - [TEST_STEP][PASSED] - i = 0: null

2019-10-24 08:00:43 - [TEST_STEP][PASSED] - callTestCase(findTestCase("mobileWeb/_include/openWebSite"), [:], CONTINUE_ON_FAILURE): Call Test Case 'Test Cases/mobileWeb/_include/openWebSite' successfully

2019-10-24 08:00:43 - [TEST_CASE][PASSED] - Test Cases/mobileWeb/_include/openWebSite: Test Cases/mobileWeb/_include/openWebSite

2019-10-24 08:00:43 - [TEST_STEP][PASSED] - openBrowser(env): Browser is opened with url: 'https://praetemptatus.agilehealthinsurance.com'

2019-10-24 08:00:44 - [MESSAGE][INFO] - Starting 'Chrome' driver

2019-10-24 08:00:44 - [MESSAGE][INFO] - User set preference: ['mobileEmulation', '{deviceName=iPhone 6}']

2019-10-24 08:00:44 - [MESSAGE][INFO] - User set preference: ['args', '[--incognito, --aggressive-cache-discard, --window-size=375,677, --no-sandbox]']

2019-10-24 08:00:44 - [MESSAGE][INFO] - Action delay is set to 0 seconds

2019-10-24 08:00:50 - [MESSAGE][PASSED] - Browser is opened with url: 'https://praetemptatus.agilehealthinsurance.com'

2019-10-24 08:00:50 - [TEST_STEP][PASSED] - waitForPageLoad(20): Wait for page load successfully

2019-10-24 08:00:51 - [MESSAGE][PASSED] - Wait for page load successfully

2019-10-24 08:00:51 - [TEST_STEP][PASSED] - Thread.sleep(2000): null

2019-10-24 08:00:53 - [TEST_STEP][PASSED] - callTestCase(findTestCase("mobileWeb/_include/get_screenshot"), [:], STOP_ON_FAILURE): Call Test Case 'Test Cases/mobileWeb/_include/get_screenshot' successfully

2019-10-24 08:00:53 - [TEST_CASE][PASSED] - Test Cases/mobileWeb/_include/get_screenshot: Test Cases/mobileWeb/_include/get_screenshot

2019-10-24 08:00:54 - [TEST_STEP][PASSED] - takeScreenshot(screenPath + i + ".png"): Taking screenshot successfully

2019-10-24 08:00:55 - [MESSAGE][PASSED] - Taking screenshot successfully
[[ATTACHMENT|D:\\Test\\AgileTest\\Reports\\mobileWeb\\hbi\\20191024_080031\\../Screenshots/iPhone 6/hbi/Agile One/20191024_080043/0.png]]

2019-10-24 08:00:55 - [TEST_STEP][PASSED] - (internal.GlobalVariable.i++): null

2019-10-24 08:00:55 - [MESSAGE][PASSED] - Call Test Case 'Test Cases/mobileWeb/_include/get_screenshot' successfully

2019-10-24 08:00:55 - [MESSAGE][PASSED] - Call Test Case 'Test Cases/mobileWeb/_include/openWebSite' successfully

2019-10-24 08:00:55 - [TEST_STEP][PASSED] - callTestCase(findTestCase("mobileWeb/_include/census_hbi"), [:], CONTINUE_ON_FAILURE): Call Test Case 'Test Cases/mobileWeb/_include/census_hbi' successfully

2019-10-24 08:00:55 - [TEST_CASE][PASSED] - Test Cases/mobileWeb/_include/census_hbi: Test Cases/mobileWeb/_include/census_hbi

2019-10-24 08:00:55 - [TEST_STEP][PASSED] - click(findTestObject("mobileSanity/Common/side_nav/menu")): Object: 'Object Repository/mobileSanity/Common/side_nav/menu' is clicked on

2019-10-24 08:00:56 - [MESSAGE][PASSED] - Object: 'Object Repository/mobileSanity/Common/side_nav/menu' is clicked on

2019-10-24 08:00:56 - [TEST_STEP][PASSED] - Thread.sleep(3000): null

2019-10-24 08:00:59 - [TEST_STEP][PASSED] - callTestCase(findTestCase("mobileWeb/_include/get_screenshot"), [:], STOP_ON_FAILURE): Call Test Case 'Test Cases/mobileWeb/_include/get_screenshot' successfully

2019-10-24 08:00:59 - [TEST_CASE][PASSED] - Test Cases/mobileWeb/_include/get_screenshot: Test Cases/mobileWeb/_include/get_screenshot

2019-10-24 08:00:59 - [TEST_STEP][PASSED] - takeScreenshot(screenPath + i + ".png"): Taking screenshot successfully

2019-10-24 08:01:00 - [MESSAGE][PASSED] - Taking screenshot successfully
[[ATTACHMENT|D:\\Test\\AgileTest\\Reports\\mobileWeb\\hbi\\20191024_080031\\../Screenshots/iPhone 6/hbi/Agile One/20191024_080043/1.png]]

2019-10-24 08:01:00 - [TEST_STEP][PASSED] - (internal.GlobalVariable.i++): null

2019-10-24 08:01:00 - [MESSAGE][PASSED] - Call Test Case 'Test Cases/mobileWeb/_include/get_screenshot' successfully

2019-10-24 08:01:00 - [TEST_STEP][PASSED] - click(findTestObject("mobileSanity/Common/side_nav/nav_hbi")): Object: 'Object Repository/mobileSanity/Common/side_nav/nav_hbi' is clicked on

2019-10-24 08:01:02 - [MESSAGE][PASSED] - Object: 'Object Repository/mobileSanity/Common/side_nav/nav_hbi' is clicked on

2019-10-24 08:01:02 - [TEST_STEP][PASSED] - waitForPageLoad(10): Wait for page load successfully

2019-10-24 08:01:02 - [MESSAGE][PASSED] - Wait for page load successfully

2019-10-24 08:01:02 - [TEST_STEP][PASSED] - Thread.sleep(3000): null

2019-10-24 08:01:05 - [TEST_STEP][PASSED] - callTestCase(findTestCase("mobileWeb/_include/get_screenshot"), [:], STOP_ON_FAILURE): Call Test Case 'Test Cases/mobileWeb/_include/get_screenshot' successfully

2019-10-24 08:01:05 - [TEST_CASE][PASSED] - Test Cases/mobileWeb/_include/get_screenshot: Test Cases/mobileWeb/_include/get_screenshot

2019-10-24 08:01:05 - [TEST_STEP][PASSED] - takeScreenshot(screenPath + i + ".png"): Taking screenshot successfully

2019-10-24 08:01:05 - [MESSAGE][PASSED] - Taking screenshot successfully
[[ATTACHMENT|D:\\Test\\AgileTest\\Reports\\mobileWeb\\hbi\\20191024_080031\\../Screenshots/iPhone 6/hbi/Agile One/20191024_080043/2.png]]

2019-10-24 08:01:05 - [TEST_STEP][PASSED] - (internal.GlobalVariable.i++): null

2019-10-24 08:01:05 - [MESSAGE][PASSED] - Call Test Case 'Test Cases/mobileWeb/_include/get_screenshot' successfully

2019-10-24 08:01:05 - [TEST_STEP][PASSED] - setText(findTestObject("mobileSanity/HBI/census/input_Location_zip-input"), zipcode): Text '35215' is set on object 'Object Repository/mobileSanity/HBI/census/input_Location_zip-input'

2019-10-24 08:01:05 - [MESSAGE][PASSED] - Text '35215' is set on object 'Object Repository/mobileSanity/HBI/census/input_Location_zip-input'

2019-10-24 08:01:05 - [TEST_STEP][PASSED] - Thread.sleep(500): null

2019-10-24 08:01:06 - [TEST_STEP][PASSED] - setText(findTestObject("mobileSanity/HBI/census/input_Date of Birth_dob-0"), "12121980"): Text '12121980' is set on object 'Object Repository/mobileSanity/HBI/census/input_Date of Birth_dob-0'

2019-10-24 08:01:06 - [MESSAGE][PASSED] - Text '12121980' is set on object 'Object Repository/mobileSanity/HBI/census/input_Date of Birth_dob-0'

2019-10-24 08:01:06 - [TEST_STEP][PASSED] - click(findTestObject("mobileSanity/HBI/census/label_Male")): Object: 'Object Repository/mobileSanity/HBI/census/label_Male' is clicked on

2019-10-24 08:01:06 - [MESSAGE][PASSED] - Object: 'Object Repository/mobileSanity/HBI/census/label_Male' is clicked on

2019-10-24 08:01:06 - [TEST_STEP][PASSED] - click(findTestObject("mobileSanity/HBI/census/label_Get a Quote")): Object: 'Object Repository/mobileSanity/HBI/census/label_Get a Quote' is clicked on

2019-10-24 08:01:09 - [MESSAGE][PASSED] - Object: 'Object Repository/mobileSanity/HBI/census/label_Get a Quote' is clicked on

2019-10-24 08:01:09 - [TEST_STEP][PASSED] - waitForPageLoad(20): Wait for page load successfully

2019-10-24 08:01:09 - [MESSAGE][PASSED] - Wait for page load successfully

2019-10-24 08:01:09 - [TEST_STEP][PASSED] - Thread.sleep(3000): null

2019-10-24 08:01:12 - [TEST_STEP][PASSED] - callTestCase(findTestCase("mobileWeb/_include/get_screenshot"), [:], STOP_ON_FAILURE): Call Test Case 'Test Cases/mobileWeb/_include/get_screenshot' successfully

2019-10-24 08:01:12 - [TEST_CASE][PASSED] - Test Cases/mobileWeb/_include/get_screenshot: Test Cases/mobileWeb/_include/get_screenshot

2019-10-24 08:01:12 - [TEST_STEP][PASSED] - takeScreenshot(screenPath + i + ".png"): Taking screenshot successfully

2019-10-24 08:01:13 - [MESSAGE][PASSED] - Taking screenshot successfully
[[ATTACHMENT|D:\\Test\\AgileTest\\Reports\\mobileWeb\\hbi\\20191024_080031\\../Screenshots/iPhone 6/hbi/Agile One/20191024_080043/3.png]]

2019-10-24 08:01:13 - [TEST_STEP][PASSED] - (internal.GlobalVariable.i++): null

2019-10-24 08:01:13 - [MESSAGE][PASSED] - Call Test Case 'Test Cases/mobileWeb/_include/get_screenshot' successfully

2019-10-24 08:01:13 - [MESSAGE][PASSED] - Call Test Case 'Test Cases/mobileWeb/_include/census_hbi' successfully

2019-10-24 08:01:13 - [TEST_STEP][PASSED] - Thread.sleep(5000): null

2019-10-24 08:01:18 - [TEST_STEP][PASSED] - scrollToPosition(200, 2300): Browser is scrolled to position x = 200, y = 2300

2019-10-24 08:01:18 - [MESSAGE][PASSED] - Browser is scrolled to position x = 200, y = 2300

2019-10-24 08:01:18 - [TEST_STEP][PASSED] - click(findTestObject("mobileSanity/HBI/quote/a_Agile One 750")): Object: 'Object Repository/mobileSanity/HBI/quote/a_Agile One 750' is clicked on

2019-10-24 08:01:19 - [MESSAGE][PASSED] - Object: 'Object Repository/mobileSanity/HBI/quote/a_Agile One 750' is clicked on

2019-10-24 08:01:19 - [TEST_STEP][PASSED] - waitForPageLoad(20): Wait for page load successfully

2019-10-24 08:01:19 - [MESSAGE][PASSED] - Wait for page load successfully

2019-10-24 08:01:19 - [TEST_STEP][PASSED] - waitForElementPresent(findTestObject("mobileSanity/HBI/detail/a_Apply for This Plan"), 20): Object 'Object Repository/mobileSanity/HBI/detail/a_Apply for This Plan' is present

2019-10-24 08:01:19 - [MESSAGE][PASSED] - Object 'Object Repository/mobileSanity/HBI/detail/a_Apply for This Plan' is present

2019-10-24 08:01:19 - [TEST_STEP][PASSED] - callTestCase(findTestCase("mobileWeb/_include/get_screenshot"), [:], STOP_ON_FAILURE): Call Test Case 'Test Cases/mobileWeb/_include/get_screenshot' successfully

2019-10-24 08:01:19 - [TEST_CASE][PASSED] - Test Cases/mobileWeb/_include/get_screenshot: Test Cases/mobileWeb/_include/get_screenshot

2019-10-24 08:01:19 - [TEST_STEP][PASSED] - takeScreenshot(screenPath + i + ".png"): Taking screenshot successfully

2019-10-24 08:01:20 - [MESSAGE][PASSED] - Taking screenshot successfully
[[ATTACHMENT|D:\\Test\\AgileTest\\Reports\\mobileWeb\\hbi\\20191024_080031\\../Screenshots/iPhone 6/hbi/Agile One/20191024_080043/4.png]]

2019-10-24 08:01:20 - [TEST_STEP][PASSED] - (internal.GlobalVariable.i++): null

2019-10-24 08:01:20 - [MESSAGE][PASSED] - Call Test Case 'Test Cases/mobileWeb/_include/get_screenshot' successfully

2019-10-24 08:01:20 - [TEST_STEP][PASSED] - click(findTestObject("mobileSanity/HBI/detail/a_Apply for This Plan")): Object: 'Object Repository/mobileSanity/HBI/detail/a_Apply for This Plan' is clicked on

2019-10-24 08:01:20 - [MESSAGE][PASSED] - Object: 'Object Repository/mobileSanity/HBI/detail/a_Apply for This Plan' is clicked on

2019-10-24 08:01:20 - [TEST_STEP][PASSED] - waitForPageLoad(20): Wait for page load successfully

2019-10-24 08:01:20 - [MESSAGE][PASSED] - Wait for page load successfully

2019-10-24 08:01:20 - [TEST_STEP][PASSED] - waitForElementPresent(findTestObject("mobileSanity/HBI/Page_Apply/span_Start Secure Application"), 20): Object 'Object Repository/mobileSanity/HBI/Page_Apply/span_Start Secure Application' is present

2019-10-24 08:01:20 - [MESSAGE][PASSED] - Object 'Object Repository/mobileSanity/HBI/Page_Apply/span_Start Secure Application' is present

2019-10-24 08:01:20 - [TEST_STEP][PASSED] - callTestCase(findTestCase("mobileWeb/_include/get_screenshot"), [:], STOP_ON_FAILURE): Call Test Case 'Test Cases/mobileWeb/_include/get_screenshot' successfully

2019-10-24 08:01:20 - [TEST_CASE][PASSED] - Test Cases/mobileWeb/_include/get_screenshot: Test Cases/mobileWeb/_include/get_screenshot

2019-10-24 08:01:20 - [TEST_STEP][PASSED] - takeScreenshot(screenPath + i + ".png"): Taking screenshot successfully

2019-10-24 08:01:21 - [MESSAGE][PASSED] - Taking screenshot successfully
[[ATTACHMENT|D:\\Test\\AgileTest\\Reports\\mobileWeb\\hbi\\20191024_080031\\../Screenshots/iPhone 6/hbi/Agile One/20191024_080043/5.png]]

2019-10-24 08:01:21 - [TEST_STEP][PASSED] - (internal.GlobalVariable.i++): null

2019-10-24 08:01:21 - [MESSAGE][PASSED] - Call Test Case 'Test Cases/mobileWeb/_include/get_screenshot' successfully

2019-10-24 08:01:21 - [TEST_STEP][PASSED] - click(findTestObject("mobileSanity/HBI/Page_Apply/span_Start Secure Application")): Object: 'Object Repository/mobileSanity/HBI/Page_Apply/span_Start Secure Application' is clicked on

2019-10-24 08:01:22 - [MESSAGE][PASSED] - Object: 'Object Repository/mobileSanity/HBI/Page_Apply/span_Start Secure Application' is clicked on

2019-10-24 08:01:22 - [TEST_STEP][PASSED] - waitForPageLoad(20): Wait for page load successfully

2019-10-24 08:01:22 - [MESSAGE][PASSED] - Wait for page load successfully

2019-10-24 08:01:22 - [TEST_STEP][PASSED] - Thread.sleep(5000): null

2019-10-24 08:01:27 - [TEST_STEP][PASSED] - callTestCase(findTestCase("mobileWeb/_include/get_screenshot"), [:], STOP_ON_FAILURE): Call Test Case 'Test Cases/mobileWeb/_include/get_screenshot' successfully

2019-10-24 08:01:27 - [TEST_CASE][PASSED] - Test Cases/mobileWeb/_include/get_screenshot: Test Cases/mobileWeb/_include/get_screenshot

2019-10-24 08:01:27 - [TEST_STEP][PASSED] - takeScreenshot(screenPath + i + ".png"): Taking screenshot successfully

2019-10-24 08:01:28 - [MESSAGE][PASSED] - Taking screenshot successfully
[[ATTACHMENT|D:\\Test\\AgileTest\\Reports\\mobileWeb\\hbi\\20191024_080031\\../Screenshots/iPhone 6/hbi/Agile One/20191024_080043/6.png]]

2019-10-24 08:01:28 - [TEST_STEP][PASSED] - (internal.GlobalVariable.i++): null

2019-10-24 08:01:28 - [MESSAGE][PASSED] - Call Test Case 'Test Cases/mobileWeb/_include/get_screenshot' successfully

2019-10-24 08:01:28 - [TEST_STEP][PASSED] - callTestCase(findTestCase("mobileWeb/_include/goToEnd_hbi"), ["carrier":"agileone"], CONTINUE_ON_FAILURE): Call Test Case 'Test Cases/mobileWeb/_include/goToEnd_hbi' successfully

2019-10-24 08:01:28 - [TEST_CASE][PASSED] - Test Cases/mobileWeb/_include/goToEnd_hbi: Test Cases/mobileWeb/_include/goToEnd_hbi

2019-10-24 08:01:28 - [TEST_STEP][PASSED] - if (state == "ca"): null

2019-10-24 08:01:28 - [TEST_STEP][PASSED] - callTestCase(findTestCase("mobileWeb/_include/name"), [:], CONTINUE_ON_FAILURE): Call Test Case 'Test Cases/mobileWeb/_include/name' successfully

2019-10-24 08:01:28 - [TEST_CASE][PASSED] - Test Cases/mobileWeb/_include/name: Test Cases/mobileWeb/_include/name

2019-10-24 08:01:28 - [TEST_STEP][PASSED] - driver = getWebDriver(): null

2019-10-24 08:01:28 - [TEST_STEP][PASSED] - selenium = new com.thoughtworks.selenium.webdriven.WebDriverBackedSelenium(driver, internal.GlobalVariable.ENV): null

2019-10-24 08:01:28 - [TEST_STEP][PASSED] - FirstName = "Test-123": null

2019-10-24 08:01:28 - [TEST_STEP][PASSED] - LastName = selenium.getEval("{var x="ABCDEFGHIJKLMNOPQRSTUVWXYZabcdefghijklmnopqrstuvwxyz"; var tmp="ZZ11-"; for (i=0;i<8;i++) tmp+=x.charAt(Math.ceil(51*Math.random()));tmp;}"): null

2019-10-24 08:01:28 - [TEST_STEP][PASSED] - Address = selenium.getEval("{var x="ABCDEFGHIJKLMNOPQRSTUVWXYZabcdefghijklmnopqrstuvwxyz"; var tmp=""; for (i=0;i<8;i++) tmp+=x.charAt(Math.ceil(51*Math.random()));tmp;}"): null

2019-10-24 08:01:28 - [TEST_STEP][PASSED] - City = selenium.getEval("{var x="ABCDEFGHIJKLMNOPQRSTUVWXYZabcdefghijklmnopqrstuvwxyz"; var tmp=""; for (i=0;i<8;i++) tmp+=x.charAt(Math.ceil(51*Math.random()));tmp;}"): null

2019-10-24 08:01:28 - [TEST_STEP][PASSED] - tel1 = selenium.getEval("{var x="123456789"; var tmp=""; for (i=0;i<3;i++) tmp+=x.charAt(Math.ceil(8*Math.random()));tmp;}"): null

2019-10-24 08:01:28 - [TEST_STEP][PASSED] - tel2 = selenium.getEval("{var x="123456789"; var tmp=""; for (i=0;i<3;i++) tmp+=x.charAt(Math.ceil(8*Math.random()));tmp;}"): null

2019-10-24 08:01:28 - [TEST_STEP][PASSED] - tel3 = selenium.getEval("{var x="123456789"; var tmp=""; for (i=0;i<4;i++) tmp+=x.charAt(Math.ceil(8*Math.random()));tmp;}"): null

2019-10-24 08:01:28 - [TEST_STEP][PASSED] - Tel = selenium.getExpression(tel1 + "-" + tel2 + "-" + tel3): null

2019-10-24 08:01:28 - [TEST_STEP][PASSED] - AutoEmail = selenium.getEval("{var x="ABCDEFGHIJKLMNOPQRSTUVWXYZabcdefghijklmnopqrstuvwxyz"; var tmp="test."; for (i=0;i<8;i++) tmp+=x.charAt(Math.ceil(51*Math.random()));tmp+="@suryani.cn";}"): null

2019-10-24 08:01:28 - [TEST_STEP][PASSED] - FirstName = FirstName: null

2019-10-24 08:01:28 - [TEST_STEP][PASSED] - LastName = LastName: null

2019-10-24 08:01:28 - [TEST_STEP][PASSED] - Address = Address: null

2019-10-24 08:01:28 - [TEST_STEP][PASSED] - City = City: null

2019-10-24 08:01:28 - [TEST_STEP][PASSED] - Tel = Tel: null

2019-10-24 08:01:28 - [TEST_STEP][PASSED] - AutoEmail = AutoEmail: null

2019-10-24 08:01:28 - [TEST_STEP][PASSED] - println(FirstName): null

2019-10-24 08:01:28 - [TEST_STEP][PASSED] - println(LastName): null

2019-10-24 08:01:28 - [TEST_STEP][PASSED] - println(Address): null

2019-10-24 08:01:28 - [TEST_STEP][PASSED] - println(City): null

2019-10-24 08:01:28 - [TEST_STEP][PASSED] - println(Tel): null

2019-10-24 08:01:28 - [TEST_STEP][PASSED] - println(AutoEmail): null

2019-10-24 08:01:28 - [MESSAGE][PASSED] - Call Test Case 'Test Cases/mobileWeb/_include/name' successfully

2019-10-24 08:01:28 - [TEST_STEP][PASSED] - setText(findTestObject("mobileSanity/HBI/Page_App Page 1/input__member-P-1-firstName"), FirstName): Text 'Test-123' is set on object 'Object Repository/mobileSanity/HBI/Page_App Page 1/input__member-P-1-firstName'

2019-10-24 08:01:29 - [MESSAGE][PASSED] - Text 'Test-123' is set on object 'Object Repository/mobileSanity/HBI/Page_App Page 1/input__member-P-1-firstName'

2019-10-24 08:01:29 - [TEST_STEP][PASSED] - setText(findTestObject("mobileSanity/HBI/Page_App Page 1/input__member-P-1-lastName"), LastName): Text 'ZZ11-QHEqykEl' is set on object 'Object Repository/mobileSanity/HBI/Page_App Page 1/input__member-P-1-lastName'

2019-10-24 08:01:29 - [MESSAGE][PASSED] - Text 'ZZ11-QHEqykEl' is set on object 'Object Repository/mobileSanity/HBI/Page_App Page 1/input__member-P-1-lastName'

2019-10-24 08:01:29 - [TEST_STEP][PASSED] - if (carrier == "agileone" || carrier == "agilesecure"): Text 'test6' is set on object 'Object Repository/mobileSanity/HBI/Page_App Page 1/input__contingent-beneficiary-relationship'

2019-10-24 08:01:29 - [TEST_STEP][PASSED] - setText(findTestObject("mobileSanity/HBI/Page_App Page 1/input__primary-beneficiary-fir"), "test1"): Text 'test1' is set on object 'Object Repository/mobileSanity/HBI/Page_App Page 1/input__primary-beneficiary-fir'

2019-10-24 08:01:29 - [MESSAGE][PASSED] - Text 'test1' is set on object 'Object Repository/mobileSanity/HBI/Page_App Page 1/input__primary-beneficiary-fir'

2019-10-24 08:01:29 - [TEST_STEP][PASSED] - setText(findTestObject("mobileSanity/HBI/Page_App Page 1/input__primary-beneficiary-las"), "test2"): Text 'test2' is set on object 'Object Repository/mobileSanity/HBI/Page_App Page 1/input__primary-beneficiary-las'

2019-10-24 08:01:29 - [MESSAGE][PASSED] - Text 'test2' is set on object 'Object Repository/mobileSanity/HBI/Page_App Page 1/input__primary-beneficiary-las'

2019-10-24 08:01:29 - [TEST_STEP][PASSED] - setText(findTestObject("mobileSanity/HBI/Page_App Page 1/input__primary-beneficiary-rel"), "test3"): Text 'test3' is set on object 'Object Repository/mobileSanity/HBI/Page_App Page 1/input__primary-beneficiary-rel'

2019-10-24 08:01:29 - [MESSAGE][PASSED] - Text 'test3' is set on object 'Object Repository/mobileSanity/HBI/Page_App Page 1/input__primary-beneficiary-rel'

2019-10-24 08:01:29 - [TEST_STEP][PASSED] - setText(findTestObject("mobileSanity/HBI/Page_App Page 1/input__contingent-beneficiary-"), "test4"): Text 'test4' is set on object 'Object Repository/mobileSanity/HBI/Page_App Page 1/input__contingent-beneficiary-'

2019-10-24 08:01:29 - [MESSAGE][PASSED] - Text 'test4' is set on object 'Object Repository/mobileSanity/HBI/Page_App Page 1/input__contingent-beneficiary-'

2019-10-24 08:01:29 - [TEST_STEP][PASSED] - setText(findTestObject("mobileSanity/HBI/Page_App Page 1/input__contingent-beneficiary-_lastname"), "test5"): Text 'test5' is set on object 'Object Repository/mobileSanity/HBI/Page_App Page 1/input__contingent-beneficiary-_lastname'

2019-10-24 08:01:29 - [MESSAGE][PASSED] - Text 'test5' is set on object 'Object Repository/mobileSanity/HBI/Page_App Page 1/input__contingent-beneficiary-_lastname'

2019-10-24 08:01:29 - [TEST_STEP][PASSED] - setText(findTestObject("mobileSanity/HBI/Page_App Page 1/input__contingent-beneficiary-relationship"), "test6"): Text 'test6' is set on object 'Object Repository/mobileSanity/HBI/Page_App Page 1/input__contingent-beneficiary-relationship'

2019-10-24 08:01:29 - [MESSAGE][PASSED] - Text 'test6' is set on object 'Object Repository/mobileSanity/HBI/Page_App Page 1/input__contingent-beneficiary-relationship'

2019-10-24 08:01:29 - [TEST_STEP][PASSED] - setText(findTestObject("mobileSanity/HBI/Page_App Page 1/input__address"), Address): Text 'RVcVMZcj' is set on object 'Object Repository/mobileSanity/HBI/Page_App Page 1/input__address'

2019-10-24 08:01:30 - [MESSAGE][PASSED] - Text 'RVcVMZcj' is set on object 'Object Repository/mobileSanity/HBI/Page_App Page 1/input__address'

2019-10-24 08:01:30 - [TEST_STEP][PASSED] - setText(findTestObject("mobileSanity/HBI/Page_App Page 1/input__city"), City): Text 'idmESpGM' is set on object 'Object Repository/mobileSanity/HBI/Page_App Page 1/input__city'

2019-10-24 08:01:30 - [MESSAGE][PASSED] - Text 'idmESpGM' is set on object 'Object Repository/mobileSanity/HBI/Page_App Page 1/input__city'

2019-10-24 08:01:30 - [TEST_STEP][PASSED] - setText(findTestObject("mobileSanity/HBI/Page_App Page 1/input__email"), AutoEmail): Text 'test.qPMlQYrI@suryani.cn' is set on object 'Object Repository/mobileSanity/HBI/Page_App Page 1/input__email'

2019-10-24 08:01:30 - [MESSAGE][PASSED] - Text 'test.qPMlQYrI@suryani.cn' is set on object 'Object Repository/mobileSanity/HBI/Page_App Page 1/input__email'

2019-10-24 08:01:30 - [TEST_STEP][PASSED] - setText(findTestObject("mobileSanity/HBI/Page_App Page 1/input_tel"), Tel): Text '428-826-6663' is set on object 'Object Repository/mobileSanity/HBI/Page_App Page 1/input_tel'

2019-10-24 08:01:30 - [MESSAGE][PASSED] - Text '428-826-6663' is set on object 'Object Repository/mobileSanity/HBI/Page_App Page 1/input_tel'

2019-10-24 08:01:30 - [TEST_STEP][PASSED] - click(findTestObject("mobileSanity/HBI/Page_App Page 1/a_Continue to Step 2 - Payment")): Object: 'Object Repository/mobileSanity/HBI/Page_App Page 1/a_Continue to Step 2 - Payment' is clicked on

2019-10-24 08:01:31 - [MESSAGE][PASSED] - Object: 'Object Repository/mobileSanity/HBI/Page_App Page 1/a_Continue to Step 2 - Payment' is clicked on

2019-10-24 08:01:31 - [TEST_STEP][PASSED] - waitForPageLoad(20): Wait for page load successfully

2019-10-24 08:01:31 - [MESSAGE][PASSED] - Wait for page load successfully

2019-10-24 08:01:31 - [TEST_STEP][PASSED] - Thread.sleep(2000): null

2019-10-24 08:01:33 - [TEST_STEP][PASSED] - waitForElementVisible(findTestObject("mobileSanity/HBI/Page_App Page 2/input__credit-card-first"), 20): Object 'Object Repository/mobileSanity/HBI/Page_App Page 2/input__credit-card-first' is visible

2019-10-24 08:01:33 - [MESSAGE][PASSED] - Object 'Object Repository/mobileSanity/HBI/Page_App Page 2/input__credit-card-first' is visible

2019-10-24 08:01:33 - [TEST_STEP][PASSED] - callTestCase(findTestCase("mobileWeb/_include/get_screenshot"), [:], STOP_ON_FAILURE): Call Test Case 'Test Cases/mobileWeb/_include/get_screenshot' successfully

2019-10-24 08:01:33 - [TEST_CASE][PASSED] - Test Cases/mobileWeb/_include/get_screenshot: Test Cases/mobileWeb/_include/get_screenshot

2019-10-24 08:01:33 - [TEST_STEP][PASSED] - takeScreenshot(screenPath + i + ".png"): Taking screenshot successfully

2019-10-24 08:01:33 - [MESSAGE][PASSED] - Taking screenshot successfully
[[ATTACHMENT|D:\\Test\\AgileTest\\Reports\\mobileWeb\\hbi\\20191024_080031\\../Screenshots/iPhone 6/hbi/Agile One/20191024_080043/7.png]]

2019-10-24 08:01:33 - [TEST_STEP][PASSED] - (internal.GlobalVariable.i++): null

2019-10-24 08:01:33 - [MESSAGE][PASSED] - Call Test Case 'Test Cases/mobileWeb/_include/get_screenshot' successfully

2019-10-24 08:01:33 - [TEST_STEP][PASSED] - setText(findTestObject("mobileSanity/HBI/Page_App Page 2/input__credit-card-first"), FirstName): Text 'Test-123' is set on object 'Object Repository/mobileSanity/HBI/Page_App Page 2/input__credit-card-first'

2019-10-24 08:01:33 - [MESSAGE][PASSED] - Text 'Test-123' is set on object 'Object Repository/mobileSanity/HBI/Page_App Page 2/input__credit-card-first'

2019-10-24 08:01:33 - [TEST_STEP][PASSED] - setText(findTestObject("mobileSanity/HBI/Page_App Page 2/input__credit-card-last"), LastName): Text 'ZZ11-QHEqykEl' is set on object 'Object Repository/mobileSanity/HBI/Page_App Page 2/input__credit-card-last'

2019-10-24 08:01:33 - [MESSAGE][PASSED] - Text 'ZZ11-QHEqykEl' is set on object 'Object Repository/mobileSanity/HBI/Page_App Page 2/input__credit-card-last'

2019-10-24 08:01:33 - [TEST_STEP][PASSED] - selectOptionByValue(findTestObject("mobileSanity/HBI/Page_App Page 2/select_MM010203040506070809101"), "12", true): All options with value '12' are selected in object 'Object Repository/mobileSanity/HBI/Page_App Page 2/select_MM010203040506070809101'  using regular expression

2019-10-24 08:01:34 - [MESSAGE][PASSED] - All options with value '12' are selected in object 'Object Repository/mobileSanity/HBI/Page_App Page 2/select_MM010203040506070809101'  using regular expression

2019-10-24 08:01:34 - [TEST_STEP][PASSED] - selectOptionByValue(findTestObject("mobileSanity/HBI/Page_App Page 2/select_YYYY2019202020212022202"), "2026", true): All options with value '2026' are selected in object 'Object Repository/mobileSanity/HBI/Page_App Page 2/select_YYYY2019202020212022202'  using regular expression

2019-10-24 08:01:34 - [MESSAGE][PASSED] - All options with value '2026' are selected in object 'Object Repository/mobileSanity/HBI/Page_App Page 2/select_YYYY2019202020212022202'  using regular expression

2019-10-24 08:01:34 - [TEST_STEP][PASSED] - setText(findTestObject("mobileSanity/HBI/Page_App Page 2/input__credit-card-number"), "4111111111111111"): Text '4111111111111111' is set on object 'Object Repository/mobileSanity/HBI/Page_App Page 2/input__credit-card-number'

2019-10-24 08:01:34 - [MESSAGE][PASSED] - Text '4111111111111111' is set on object 'Object Repository/mobileSanity/HBI/Page_App Page 2/input__credit-card-number'

2019-10-24 08:01:34 - [TEST_STEP][PASSED] - setText(findTestObject("mobileSanity/HBI/Page_App Page 2/input__cvv"), "123"): Text '123' is set on object 'Object Repository/mobileSanity/HBI/Page_App Page 2/input__cvv'

2019-10-24 08:01:34 - [MESSAGE][PASSED] - Text '123' is set on object 'Object Repository/mobileSanity/HBI/Page_App Page 2/input__cvv'

2019-10-24 08:01:34 - [TEST_STEP][PASSED] - click(findTestObject("mobileSanity/HBI/Page_App Page 2/label_My billing address is th")): Object: 'Object Repository/mobileSanity/HBI/Page_App Page 2/label_My billing address is th' is clicked on

2019-10-24 08:01:34 - [MESSAGE][PASSED] - Object: 'Object Repository/mobileSanity/HBI/Page_App Page 2/label_My billing address is th' is clicked on

2019-10-24 08:01:34 - [TEST_STEP][PASSED] - click(findTestObject("mobileSanity/HBI/Page_App Page 2/label_I Accept Authorization f")): Object: 'Object Repository/mobileSanity/HBI/Page_App Page 2/label_I Accept Authorization f' is clicked on

2019-10-24 08:01:35 - [MESSAGE][PASSED] - Object: 'Object Repository/mobileSanity/HBI/Page_App Page 2/label_I Accept Authorization f' is clicked on

2019-10-24 08:01:35 - [TEST_STEP][PASSED] - click(findTestObject("mobileSanity/HBI/Page_App Page 2/a_Continue to Step 3 - Review")): Object: 'Object Repository/mobileSanity/HBI/Page_App Page 2/a_Continue to Step 3 - Review' is clicked on

2019-10-24 08:01:35 - [MESSAGE][PASSED] - Object: 'Object Repository/mobileSanity/HBI/Page_App Page 2/a_Continue to Step 3 - Review' is clicked on

2019-10-24 08:01:35 - [TEST_STEP][PASSED] - waitForPageLoad(20): Wait for page load successfully

2019-10-24 08:01:35 - [MESSAGE][PASSED] - Wait for page load successfully

2019-10-24 08:01:35 - [TEST_STEP][PASSED] - Thread.sleep(10000): null

2019-10-24 08:01:45 - [TEST_STEP][PASSED] - waitForElementPresent(findTestObject("mobileSanity/HBI/Page_App Page 3/label"), 20): Object 'Object Repository/mobileSanity/HBI/Page_App Page 3/label' is present

2019-10-24 08:01:45 - [MESSAGE][PASSED] - Object 'Object Repository/mobileSanity/HBI/Page_App Page 3/label' is present

2019-10-24 08:01:45 - [TEST_STEP][PASSED] - callTestCase(findTestCase("mobileWeb/_include/get_screenshot"), [:], STOP_ON_FAILURE): Call Test Case 'Test Cases/mobileWeb/_include/get_screenshot' successfully

2019-10-24 08:01:45 - [TEST_CASE][PASSED] - Test Cases/mobileWeb/_include/get_screenshot: Test Cases/mobileWeb/_include/get_screenshot

2019-10-24 08:01:45 - [TEST_STEP][PASSED] - takeScreenshot(screenPath + i + ".png"): Taking screenshot successfully

2019-10-24 08:01:46 - [MESSAGE][PASSED] - Taking screenshot successfully
[[ATTACHMENT|D:\\Test\\AgileTest\\Reports\\mobileWeb\\hbi\\20191024_080031\\../Screenshots/iPhone 6/hbi/Agile One/20191024_080043/8.png]]

2019-10-24 08:01:46 - [TEST_STEP][PASSED] - (internal.GlobalVariable.i++): null

2019-10-24 08:01:46 - [MESSAGE][PASSED] - Call Test Case 'Test Cases/mobileWeb/_include/get_screenshot' successfully

2019-10-24 08:01:46 - [TEST_STEP][PASSED] - click(findTestObject("mobileSanity/HBI/Page_App Page 3/label")): Object: 'Object Repository/mobileSanity/HBI/Page_App Page 3/label' is clicked on

2019-10-24 08:01:46 - [MESSAGE][PASSED] - Object: 'Object Repository/mobileSanity/HBI/Page_App Page 3/label' is clicked on

2019-10-24 08:01:46 - [TEST_STEP][PASSED] - click(findTestObject("mobileSanity/HBI/Page_App Page 3/p_CLICK TO SIGN")): Object: 'Object Repository/mobileSanity/HBI/Page_App Page 3/p_CLICK TO SIGN' is clicked on

2019-10-24 08:01:46 - [MESSAGE][PASSED] - Object: 'Object Repository/mobileSanity/HBI/Page_App Page 3/p_CLICK TO SIGN' is clicked on

2019-10-24 08:01:46 - [TEST_STEP][PASSED] - click(findTestObject("mobileSanity/HBI/Page_App Page 3/a_Submit Your Application")): Object: 'Object Repository/mobileSanity/HBI/Page_App Page 3/a_Submit Your Application' is clicked on

2019-10-24 08:01:46 - [MESSAGE][PASSED] - Object: 'Object Repository/mobileSanity/HBI/Page_App Page 3/a_Submit Your Application' is clicked on

2019-10-24 08:01:46 - [TEST_STEP][PASSED] - Thread.sleep(30000): null

2019-10-24 08:02:16 - [TEST_STEP][PASSED] - callTestCase(findTestCase("mobileWeb/_include/get_screenshot"), [:], STOP_ON_FAILURE): Call Test Case 'Test Cases/mobileWeb/_include/get_screenshot' successfully

2019-10-24 08:02:16 - [TEST_CASE][PASSED] - Test Cases/mobileWeb/_include/get_screenshot: Test Cases/mobileWeb/_include/get_screenshot

2019-10-24 08:02:16 - [TEST_STEP][PASSED] - takeScreenshot(screenPath + i + ".png"): Taking screenshot successfully

2019-10-24 08:02:17 - [MESSAGE][PASSED] - Taking screenshot successfully
[[ATTACHMENT|D:\\Test\\AgileTest\\Reports\\mobileWeb\\hbi\\20191024_080031\\../Screenshots/iPhone 6/hbi/Agile One/20191024_080043/9.png]]

2019-10-24 08:02:17 - [TEST_STEP][PASSED] - (internal.GlobalVariable.i++): null

2019-10-24 08:02:17 - [MESSAGE][PASSED] - Call Test Case 'Test Cases/mobileWeb/_include/get_screenshot' successfully

2019-10-24 08:02:17 - [TEST_STEP][PASSED] - verifyTextPresent("Congratulations", false): Text 'Congratulations' is present on page 

2019-10-24 08:02:17 - [MESSAGE][PASSED] - Text 'Congratulations' is present on page 

2019-10-24 08:02:17 - [MESSAGE][PASSED] - Call Test Case 'Test Cases/mobileWeb/_include/goToEnd_hbi' successfully]]></system-out>
         <system-err><![CDATA[]]></system-err>
      </testcase>
      <testcase name="Test Cases/mobileWeb/HBI/Legion Limited Medical" classname="Test Cases/mobileWeb/HBI/Legion Limited Medical" status="PASSED">
         <system-out><![CDATA[2019-10-24 08:02:17 - [TEST_CASE][PASSED] - Test Cases/mobileWeb/HBI/Legion Limited Medical: Test Cases/mobileWeb/HBI/Legion Limited Medical

2019-10-24 08:02:17 - [TEST_STEP][PASSED] - callTestCase(findTestCase("mobileWeb/_include/get_screenPath"), ["productLine":"hbi", "carrierName":"Legion Limited Medical"], CONTINUE_ON_FAILURE): Call Test Case 'Test Cases/mobileWeb/_include/get_screenPath' successfully

2019-10-24 08:02:17 - [TEST_CASE][PASSED] - Test Cases/mobileWeb/_include/get_screenPath: Test Cases/mobileWeb/_include/get_screenPath

2019-10-24 08:02:17 - [TEST_STEP][PASSED] - m = getExecutionProperties(): null

2019-10-24 08:02:17 - [TEST_STEP][PASSED] - deviceName = get("mobileEmulation").get("deviceName"): null

2019-10-24 08:02:17 - [TEST_STEP][PASSED] - println(deviceName): null

2019-10-24 08:02:17 - [TEST_STEP][PASSED] - now = new java.util.Date(): null

2019-10-24 08:02:17 - [TEST_STEP][PASSED] - mydate = now.format("yyyyMMdd_HHmmss"): null

2019-10-24 08:02:17 - [TEST_STEP][PASSED] - screenPath = "../Screenshots/": null

2019-10-24 08:02:17 - [TEST_STEP][PASSED] - screenPath = screenPath + deviceName + "/" + productLine + "/" + carrierName + "/" + mydate + "/": null

2019-10-24 08:02:17 - [TEST_STEP][PASSED] - println(screenPath): null

2019-10-24 08:02:17 - [MESSAGE][PASSED] - Call Test Case 'Test Cases/mobileWeb/_include/get_screenPath' successfully

2019-10-24 08:02:17 - [TEST_STEP][PASSED] - i = 0: null

2019-10-24 08:02:17 - [TEST_STEP][PASSED] - callTestCase(findTestCase("mobileWeb/_include/openWebSite"), [:], CONTINUE_ON_FAILURE): Call Test Case 'Test Cases/mobileWeb/_include/openWebSite' successfully

2019-10-24 08:02:17 - [TEST_CASE][PASSED] - Test Cases/mobileWeb/_include/openWebSite: Test Cases/mobileWeb/_include/openWebSite

2019-10-24 08:02:17 - [TEST_STEP][PASSED] - openBrowser(env): Browser is opened with url: 'https://praetemptatus.agilehealthinsurance.com'

2019-10-24 08:02:17 - [MESSAGE][WARNING] - A browser is already opened. Closing browser and opening a new one

2019-10-24 08:02:18 - [MESSAGE][INFO] - Starting 'Chrome' driver

2019-10-24 08:02:18 - [MESSAGE][INFO] - User set preference: ['mobileEmulation', '{deviceName=iPhone 6}']

2019-10-24 08:02:18 - [MESSAGE][INFO] - User set preference: ['args', '[--incognito, --aggressive-cache-discard, --window-size=375,677, --no-sandbox]']

2019-10-24 08:02:20 - [MESSAGE][PASSED] - Browser is opened with url: 'https://praetemptatus.agilehealthinsurance.com'

2019-10-24 08:02:20 - [TEST_STEP][PASSED] - waitForPageLoad(20): Wait for page load successfully

2019-10-24 08:02:20 - [MESSAGE][PASSED] - Wait for page load successfully

2019-10-24 08:02:20 - [TEST_STEP][PASSED] - Thread.sleep(2000): null

2019-10-24 08:02:22 - [TEST_STEP][PASSED] - callTestCase(findTestCase("mobileWeb/_include/get_screenshot"), [:], STOP_ON_FAILURE): Call Test Case 'Test Cases/mobileWeb/_include/get_screenshot' successfully

2019-10-24 08:02:22 - [TEST_CASE][PASSED] - Test Cases/mobileWeb/_include/get_screenshot: Test Cases/mobileWeb/_include/get_screenshot

2019-10-24 08:02:22 - [TEST_STEP][PASSED] - takeScreenshot(screenPath + i + ".png"): Taking screenshot successfully

2019-10-24 08:02:23 - [MESSAGE][PASSED] - Taking screenshot successfully
[[ATTACHMENT|D:\\Test\\AgileTest\\Reports\\mobileWeb\\hbi\\20191024_080031\\../Screenshots/iPhone 6/hbi/Legion Limited Medical/20191024_080217/0.png]]

2019-10-24 08:02:23 - [TEST_STEP][PASSED] - (internal.GlobalVariable.i++): null

2019-10-24 08:02:23 - [MESSAGE][PASSED] - Call Test Case 'Test Cases/mobileWeb/_include/get_screenshot' successfully

2019-10-24 08:02:23 - [MESSAGE][PASSED] - Call Test Case 'Test Cases/mobileWeb/_include/openWebSite' successfully

2019-10-24 08:02:23 - [TEST_STEP][PASSED] - callTestCase(findTestCase("mobileWeb/_include/census_hbi"), [:], CONTINUE_ON_FAILURE): Call Test Case 'Test Cases/mobileWeb/_include/census_hbi' successfully

2019-10-24 08:02:23 - [TEST_CASE][PASSED] - Test Cases/mobileWeb/_include/census_hbi: Test Cases/mobileWeb/_include/census_hbi

2019-10-24 08:02:23 - [TEST_STEP][PASSED] - click(findTestObject("mobileSanity/Common/side_nav/menu")): Object: 'Object Repository/mobileSanity/Common/side_nav/menu' is clicked on

2019-10-24 08:02:23 - [MESSAGE][PASSED] - Object: 'Object Repository/mobileSanity/Common/side_nav/menu' is clicked on

2019-10-24 08:02:23 - [TEST_STEP][PASSED] - Thread.sleep(3000): null

2019-10-24 08:02:26 - [TEST_STEP][PASSED] - callTestCase(findTestCase("mobileWeb/_include/get_screenshot"), [:], STOP_ON_FAILURE): Call Test Case 'Test Cases/mobileWeb/_include/get_screenshot' successfully

2019-10-24 08:02:26 - [TEST_CASE][PASSED] - Test Cases/mobileWeb/_include/get_screenshot: Test Cases/mobileWeb/_include/get_screenshot

2019-10-24 08:02:26 - [TEST_STEP][PASSED] - takeScreenshot(screenPath + i + ".png"): Taking screenshot successfully

2019-10-24 08:02:27 - [MESSAGE][PASSED] - Taking screenshot successfully
[[ATTACHMENT|D:\\Test\\AgileTest\\Reports\\mobileWeb\\hbi\\20191024_080031\\../Screenshots/iPhone 6/hbi/Legion Limited Medical/20191024_080217/1.png]]

2019-10-24 08:02:27 - [TEST_STEP][PASSED] - (internal.GlobalVariable.i++): null

2019-10-24 08:02:27 - [MESSAGE][PASSED] - Call Test Case 'Test Cases/mobileWeb/_include/get_screenshot' successfully

2019-10-24 08:02:27 - [TEST_STEP][PASSED] - click(findTestObject("mobileSanity/Common/side_nav/nav_hbi")): Object: 'Object Repository/mobileSanity/Common/side_nav/nav_hbi' is clicked on

2019-10-24 08:02:27 - [MESSAGE][PASSED] - Object: 'Object Repository/mobileSanity/Common/side_nav/nav_hbi' is clicked on

2019-10-24 08:02:27 - [TEST_STEP][PASSED] - waitForPageLoad(10): Wait for page load successfully

2019-10-24 08:02:28 - [MESSAGE][PASSED] - Wait for page load successfully

2019-10-24 08:02:28 - [TEST_STEP][PASSED] - Thread.sleep(3000): null

2019-10-24 08:02:31 - [TEST_STEP][PASSED] - callTestCase(findTestCase("mobileWeb/_include/get_screenshot"), [:], STOP_ON_FAILURE): Call Test Case 'Test Cases/mobileWeb/_include/get_screenshot' successfully

2019-10-24 08:02:31 - [TEST_CASE][PASSED] - Test Cases/mobileWeb/_include/get_screenshot: Test Cases/mobileWeb/_include/get_screenshot

2019-10-24 08:02:31 - [TEST_STEP][PASSED] - takeScreenshot(screenPath + i + ".png"): Taking screenshot successfully

2019-10-24 08:02:31 - [MESSAGE][PASSED] - Taking screenshot successfully
[[ATTACHMENT|D:\\Test\\AgileTest\\Reports\\mobileWeb\\hbi\\20191024_080031\\../Screenshots/iPhone 6/hbi/Legion Limited Medical/20191024_080217/2.png]]

2019-10-24 08:02:31 - [TEST_STEP][PASSED] - (internal.GlobalVariable.i++): null

2019-10-24 08:02:31 - [MESSAGE][PASSED] - Call Test Case 'Test Cases/mobileWeb/_include/get_screenshot' successfully

2019-10-24 08:02:31 - [TEST_STEP][PASSED] - setText(findTestObject("mobileSanity/HBI/census/input_Location_zip-input"), zipcode): Text '35215' is set on object 'Object Repository/mobileSanity/HBI/census/input_Location_zip-input'

2019-10-24 08:02:31 - [MESSAGE][PASSED] - Text '35215' is set on object 'Object Repository/mobileSanity/HBI/census/input_Location_zip-input'

2019-10-24 08:02:31 - [TEST_STEP][PASSED] - Thread.sleep(500): null

2019-10-24 08:02:32 - [TEST_STEP][PASSED] - setText(findTestObject("mobileSanity/HBI/census/input_Date of Birth_dob-0"), "12121980"): Text '12121980' is set on object 'Object Repository/mobileSanity/HBI/census/input_Date of Birth_dob-0'

2019-10-24 08:02:32 - [MESSAGE][PASSED] - Text '12121980' is set on object 'Object Repository/mobileSanity/HBI/census/input_Date of Birth_dob-0'

2019-10-24 08:02:32 - [TEST_STEP][PASSED] - click(findTestObject("mobileSanity/HBI/census/label_Male")): Object: 'Object Repository/mobileSanity/HBI/census/label_Male' is clicked on

2019-10-24 08:02:32 - [MESSAGE][PASSED] - Object: 'Object Repository/mobileSanity/HBI/census/label_Male' is clicked on

2019-10-24 08:02:32 - [TEST_STEP][PASSED] - click(findTestObject("mobileSanity/HBI/census/label_Get a Quote")): Object: 'Object Repository/mobileSanity/HBI/census/label_Get a Quote' is clicked on

2019-10-24 08:02:35 - [MESSAGE][PASSED] - Object: 'Object Repository/mobileSanity/HBI/census/label_Get a Quote' is clicked on

2019-10-24 08:02:35 - [TEST_STEP][PASSED] - waitForPageLoad(20): Wait for page load successfully

2019-10-24 08:02:35 - [MESSAGE][PASSED] - Wait for page load successfully

2019-10-24 08:02:35 - [TEST_STEP][PASSED] - Thread.sleep(3000): null

2019-10-24 08:02:38 - [TEST_STEP][PASSED] - callTestCase(findTestCase("mobileWeb/_include/get_screenshot"), [:], STOP_ON_FAILURE): Call Test Case 'Test Cases/mobileWeb/_include/get_screenshot' successfully

2019-10-24 08:02:38 - [TEST_CASE][PASSED] - Test Cases/mobileWeb/_include/get_screenshot: Test Cases/mobileWeb/_include/get_screenshot

2019-10-24 08:02:38 - [TEST_STEP][PASSED] - takeScreenshot(screenPath + i + ".png"): Taking screenshot successfully

2019-10-24 08:02:38 - [MESSAGE][PASSED] - Taking screenshot successfully
[[ATTACHMENT|D:\\Test\\AgileTest\\Reports\\mobileWeb\\hbi\\20191024_080031\\../Screenshots/iPhone 6/hbi/Legion Limited Medical/20191024_080217/3.png]]

2019-10-24 08:02:38 - [TEST_STEP][PASSED] - (internal.GlobalVariable.i++): null

2019-10-24 08:02:38 - [MESSAGE][PASSED] - Call Test Case 'Test Cases/mobileWeb/_include/get_screenshot' successfully

2019-10-24 08:02:38 - [MESSAGE][PASSED] - Call Test Case 'Test Cases/mobileWeb/_include/census_hbi' successfully

2019-10-24 08:02:38 - [TEST_STEP][PASSED] - click(findTestObject("mobileSanity/HBI/quote/a_Legion Limited Medical 500")): Object: 'Object Repository/mobileSanity/HBI/quote/a_Legion Limited Medical 500' is clicked on

2019-10-24 08:02:39 - [MESSAGE][PASSED] - Object: 'Object Repository/mobileSanity/HBI/quote/a_Legion Limited Medical 500' is clicked on

2019-10-24 08:02:39 - [TEST_STEP][PASSED] - waitForPageLoad(20): Wait for page load successfully

2019-10-24 08:02:39 - [MESSAGE][PASSED] - Wait for page load successfully

2019-10-24 08:02:39 - [TEST_STEP][PASSED] - callTestCase(findTestCase("mobileWeb/_include/get_screenshot"), [:], STOP_ON_FAILURE): Call Test Case 'Test Cases/mobileWeb/_include/get_screenshot' successfully

2019-10-24 08:02:39 - [TEST_CASE][PASSED] - Test Cases/mobileWeb/_include/get_screenshot: Test Cases/mobileWeb/_include/get_screenshot

2019-10-24 08:02:39 - [TEST_STEP][PASSED] - takeScreenshot(screenPath + i + ".png"): Taking screenshot successfully

2019-10-24 08:02:40 - [MESSAGE][PASSED] - Taking screenshot successfully
[[ATTACHMENT|D:\\Test\\AgileTest\\Reports\\mobileWeb\\hbi\\20191024_080031\\../Screenshots/iPhone 6/hbi/Legion Limited Medical/20191024_080217/4.png]]

2019-10-24 08:02:40 - [TEST_STEP][PASSED] - (internal.GlobalVariable.i++): null

2019-10-24 08:02:40 - [MESSAGE][PASSED] - Call Test Case 'Test Cases/mobileWeb/_include/get_screenshot' successfully

2019-10-24 08:02:40 - [TEST_STEP][PASSED] - click(findTestObject("mobileSanity/HBI/detail/a_Apply for This Plan")): Object: 'Object Repository/mobileSanity/HBI/detail/a_Apply for This Plan' is clicked on

2019-10-24 08:02:40 - [MESSAGE][PASSED] - Object: 'Object Repository/mobileSanity/HBI/detail/a_Apply for This Plan' is clicked on

2019-10-24 08:02:40 - [TEST_STEP][PASSED] - waitForPageLoad(20): Wait for page load successfully

2019-10-24 08:02:40 - [MESSAGE][PASSED] - Wait for page load successfully

2019-10-24 08:02:40 - [TEST_STEP][PASSED] - callTestCase(findTestCase("mobileWeb/_include/get_screenshot"), [:], STOP_ON_FAILURE): Call Test Case 'Test Cases/mobileWeb/_include/get_screenshot' successfully

2019-10-24 08:02:40 - [TEST_CASE][PASSED] - Test Cases/mobileWeb/_include/get_screenshot: Test Cases/mobileWeb/_include/get_screenshot

2019-10-24 08:02:40 - [TEST_STEP][PASSED] - takeScreenshot(screenPath + i + ".png"): Taking screenshot successfully

2019-10-24 08:02:41 - [MESSAGE][PASSED] - Taking screenshot successfully
[[ATTACHMENT|D:\\Test\\AgileTest\\Reports\\mobileWeb\\hbi\\20191024_080031\\../Screenshots/iPhone 6/hbi/Legion Limited Medical/20191024_080217/5.png]]

2019-10-24 08:02:41 - [TEST_STEP][PASSED] - (internal.GlobalVariable.i++): null

2019-10-24 08:02:41 - [MESSAGE][PASSED] - Call Test Case 'Test Cases/mobileWeb/_include/get_screenshot' successfully

2019-10-24 08:02:41 - [TEST_STEP][PASSED] - click(findTestObject("mobileSanity/HBI/Page_Apply/span_Start Secure Application")): Object: 'Object Repository/mobileSanity/HBI/Page_Apply/span_Start Secure Application' is clicked on

2019-10-24 08:02:42 - [MESSAGE][PASSED] - Object: 'Object Repository/mobileSanity/HBI/Page_Apply/span_Start Secure Application' is clicked on

2019-10-24 08:02:42 - [TEST_STEP][PASSED] - waitForPageLoad(20): Wait for page load successfully

2019-10-24 08:02:42 - [MESSAGE][PASSED] - Wait for page load successfully

2019-10-24 08:02:42 - [TEST_STEP][PASSED] - Thread.sleep(5000): null

2019-10-24 08:02:47 - [TEST_STEP][PASSED] - callTestCase(findTestCase("mobileWeb/_include/get_screenshot"), [:], STOP_ON_FAILURE): Call Test Case 'Test Cases/mobileWeb/_include/get_screenshot' successfully

2019-10-24 08:02:47 - [TEST_CASE][PASSED] - Test Cases/mobileWeb/_include/get_screenshot: Test Cases/mobileWeb/_include/get_screenshot

2019-10-24 08:02:47 - [TEST_STEP][PASSED] - takeScreenshot(screenPath + i + ".png"): Taking screenshot successfully

2019-10-24 08:02:48 - [MESSAGE][PASSED] - Taking screenshot successfully
[[ATTACHMENT|D:\\Test\\AgileTest\\Reports\\mobileWeb\\hbi\\20191024_080031\\../Screenshots/iPhone 6/hbi/Legion Limited Medical/20191024_080217/6.png]]

2019-10-24 08:02:48 - [TEST_STEP][PASSED] - (internal.GlobalVariable.i++): null

2019-10-24 08:02:48 - [MESSAGE][PASSED] - Call Test Case 'Test Cases/mobileWeb/_include/get_screenshot' successfully

2019-10-24 08:02:48 - [TEST_STEP][PASSED] - callTestCase(findTestCase("mobileWeb/_include/goToEnd_hbi"), ["carrier":"legionlimitedmedical"], CONTINUE_ON_FAILURE): Call Test Case 'Test Cases/mobileWeb/_include/goToEnd_hbi' successfully

2019-10-24 08:02:48 - [TEST_CASE][PASSED] - Test Cases/mobileWeb/_include/goToEnd_hbi: Test Cases/mobileWeb/_include/goToEnd_hbi

2019-10-24 08:02:48 - [TEST_STEP][PASSED] - if (state == "ca"): null

2019-10-24 08:02:48 - [TEST_STEP][PASSED] - callTestCase(findTestCase("mobileWeb/_include/name"), [:], CONTINUE_ON_FAILURE): Call Test Case 'Test Cases/mobileWeb/_include/name' successfully

2019-10-24 08:02:48 - [TEST_CASE][PASSED] - Test Cases/mobileWeb/_include/name: Test Cases/mobileWeb/_include/name

2019-10-24 08:02:48 - [TEST_STEP][PASSED] - driver = getWebDriver(): null

2019-10-24 08:02:48 - [TEST_STEP][PASSED] - selenium = new com.thoughtworks.selenium.webdriven.WebDriverBackedSelenium(driver, internal.GlobalVariable.ENV): null

2019-10-24 08:02:48 - [TEST_STEP][PASSED] - FirstName = "Test-123": null

2019-10-24 08:02:48 - [TEST_STEP][PASSED] - LastName = selenium.getEval("{var x="ABCDEFGHIJKLMNOPQRSTUVWXYZabcdefghijklmnopqrstuvwxyz"; var tmp="ZZ11-"; for (i=0;i<8;i++) tmp+=x.charAt(Math.ceil(51*Math.random()));tmp;}"): null

2019-10-24 08:02:48 - [TEST_STEP][PASSED] - Address = selenium.getEval("{var x="ABCDEFGHIJKLMNOPQRSTUVWXYZabcdefghijklmnopqrstuvwxyz"; var tmp=""; for (i=0;i<8;i++) tmp+=x.charAt(Math.ceil(51*Math.random()));tmp;}"): null

2019-10-24 08:02:48 - [TEST_STEP][PASSED] - City = selenium.getEval("{var x="ABCDEFGHIJKLMNOPQRSTUVWXYZabcdefghijklmnopqrstuvwxyz"; var tmp=""; for (i=0;i<8;i++) tmp+=x.charAt(Math.ceil(51*Math.random()));tmp;}"): null

2019-10-24 08:02:48 - [TEST_STEP][PASSED] - tel1 = selenium.getEval("{var x="123456789"; var tmp=""; for (i=0;i<3;i++) tmp+=x.charAt(Math.ceil(8*Math.random()));tmp;}"): null

2019-10-24 08:02:48 - [TEST_STEP][PASSED] - tel2 = selenium.getEval("{var x="123456789"; var tmp=""; for (i=0;i<3;i++) tmp+=x.charAt(Math.ceil(8*Math.random()));tmp;}"): null

2019-10-24 08:02:48 - [TEST_STEP][PASSED] - tel3 = selenium.getEval("{var x="123456789"; var tmp=""; for (i=0;i<4;i++) tmp+=x.charAt(Math.ceil(8*Math.random()));tmp;}"): null

2019-10-24 08:02:48 - [TEST_STEP][PASSED] - Tel = selenium.getExpression(tel1 + "-" + tel2 + "-" + tel3): null

2019-10-24 08:02:48 - [TEST_STEP][PASSED] - AutoEmail = selenium.getEval("{var x="ABCDEFGHIJKLMNOPQRSTUVWXYZabcdefghijklmnopqrstuvwxyz"; var tmp="test."; for (i=0;i<8;i++) tmp+=x.charAt(Math.ceil(51*Math.random()));tmp+="@suryani.cn";}"): null

2019-10-24 08:02:48 - [TEST_STEP][PASSED] - FirstName = FirstName: null

2019-10-24 08:02:48 - [TEST_STEP][PASSED] - LastName = LastName: null

2019-10-24 08:02:48 - [TEST_STEP][PASSED] - Address = Address: null

2019-10-24 08:02:48 - [TEST_STEP][PASSED] - City = City: null

2019-10-24 08:02:48 - [TEST_STEP][PASSED] - Tel = Tel: null

2019-10-24 08:02:48 - [TEST_STEP][PASSED] - AutoEmail = AutoEmail: null

2019-10-24 08:02:48 - [TEST_STEP][PASSED] - println(FirstName): null

2019-10-24 08:02:48 - [TEST_STEP][PASSED] - println(LastName): null

2019-10-24 08:02:48 - [TEST_STEP][PASSED] - println(Address): null

2019-10-24 08:02:48 - [TEST_STEP][PASSED] - println(City): null

2019-10-24 08:02:48 - [TEST_STEP][PASSED] - println(Tel): null

2019-10-24 08:02:48 - [TEST_STEP][PASSED] - println(AutoEmail): null

2019-10-24 08:02:48 - [MESSAGE][PASSED] - Call Test Case 'Test Cases/mobileWeb/_include/name' successfully

2019-10-24 08:02:48 - [TEST_STEP][PASSED] - setText(findTestObject("mobileSanity/HBI/Page_App Page 1/input__member-P-1-firstName"), FirstName): Text 'Test-123' is set on object 'Object Repository/mobileSanity/HBI/Page_App Page 1/input__member-P-1-firstName'

2019-10-24 08:02:48 - [MESSAGE][PASSED] - Text 'Test-123' is set on object 'Object Repository/mobileSanity/HBI/Page_App Page 1/input__member-P-1-firstName'

2019-10-24 08:02:48 - [TEST_STEP][PASSED] - setText(findTestObject("mobileSanity/HBI/Page_App Page 1/input__member-P-1-lastName"), LastName): Text 'ZZ11-EMIzhiUJ' is set on object 'Object Repository/mobileSanity/HBI/Page_App Page 1/input__member-P-1-lastName'

2019-10-24 08:02:48 - [MESSAGE][PASSED] - Text 'ZZ11-EMIzhiUJ' is set on object 'Object Repository/mobileSanity/HBI/Page_App Page 1/input__member-P-1-lastName'

2019-10-24 08:02:48 - [TEST_STEP][PASSED] - if (carrier == "agileone" || carrier == "agilesecure"): null

2019-10-24 08:02:48 - [TEST_STEP][PASSED] - setText(findTestObject("mobileSanity/HBI/Page_App Page 1/input__address"), Address): Text 'HedjtnQT' is set on object 'Object Repository/mobileSanity/HBI/Page_App Page 1/input__address'

2019-10-24 08:02:48 - [MESSAGE][PASSED] - Text 'HedjtnQT' is set on object 'Object Repository/mobileSanity/HBI/Page_App Page 1/input__address'

2019-10-24 08:02:48 - [TEST_STEP][PASSED] - setText(findTestObject("mobileSanity/HBI/Page_App Page 1/input__city"), City): Text 'LaYfmxnN' is set on object 'Object Repository/mobileSanity/HBI/Page_App Page 1/input__city'

2019-10-24 08:02:49 - [MESSAGE][PASSED] - Text 'LaYfmxnN' is set on object 'Object Repository/mobileSanity/HBI/Page_App Page 1/input__city'

2019-10-24 08:02:49 - [TEST_STEP][PASSED] - setText(findTestObject("mobileSanity/HBI/Page_App Page 1/input__email"), AutoEmail): Text 'test.FgZqnTxF@suryani.cn' is set on object 'Object Repository/mobileSanity/HBI/Page_App Page 1/input__email'

2019-10-24 08:02:49 - [MESSAGE][PASSED] - Text 'test.FgZqnTxF@suryani.cn' is set on object 'Object Repository/mobileSanity/HBI/Page_App Page 1/input__email'

2019-10-24 08:02:49 - [TEST_STEP][PASSED] - setText(findTestObject("mobileSanity/HBI/Page_App Page 1/input_tel"), Tel): Text '279-739-9399' is set on object 'Object Repository/mobileSanity/HBI/Page_App Page 1/input_tel'

2019-10-24 08:02:49 - [MESSAGE][PASSED] - Text '279-739-9399' is set on object 'Object Repository/mobileSanity/HBI/Page_App Page 1/input_tel'

2019-10-24 08:02:49 - [TEST_STEP][PASSED] - click(findTestObject("mobileSanity/HBI/Page_App Page 1/a_Continue to Step 2 - Payment")): Object: 'Object Repository/mobileSanity/HBI/Page_App Page 1/a_Continue to Step 2 - Payment' is clicked on

2019-10-24 08:02:49 - [MESSAGE][PASSED] - Object: 'Object Repository/mobileSanity/HBI/Page_App Page 1/a_Continue to Step 2 - Payment' is clicked on

2019-10-24 08:02:49 - [TEST_STEP][PASSED] - waitForPageLoad(20): Wait for page load successfully

2019-10-24 08:02:49 - [MESSAGE][PASSED] - Wait for page load successfully

2019-10-24 08:02:49 - [TEST_STEP][PASSED] - Thread.sleep(2000): null

2019-10-24 08:02:51 - [TEST_STEP][PASSED] - waitForElementVisible(findTestObject("mobileSanity/HBI/Page_App Page 2/input__credit-card-first"), 20): Object 'Object Repository/mobileSanity/HBI/Page_App Page 2/input__credit-card-first' is visible

2019-10-24 08:02:51 - [MESSAGE][PASSED] - Object 'Object Repository/mobileSanity/HBI/Page_App Page 2/input__credit-card-first' is visible

2019-10-24 08:02:51 - [TEST_STEP][PASSED] - callTestCase(findTestCase("mobileWeb/_include/get_screenshot"), [:], STOP_ON_FAILURE): Call Test Case 'Test Cases/mobileWeb/_include/get_screenshot' successfully

2019-10-24 08:02:51 - [TEST_CASE][PASSED] - Test Cases/mobileWeb/_include/get_screenshot: Test Cases/mobileWeb/_include/get_screenshot

2019-10-24 08:02:51 - [TEST_STEP][PASSED] - takeScreenshot(screenPath + i + ".png"): Taking screenshot successfully

2019-10-24 08:02:52 - [MESSAGE][PASSED] - Taking screenshot successfully
[[ATTACHMENT|D:\\Test\\AgileTest\\Reports\\mobileWeb\\hbi\\20191024_080031\\../Screenshots/iPhone 6/hbi/Legion Limited Medical/20191024_080217/7.png]]

2019-10-24 08:02:52 - [TEST_STEP][PASSED] - (internal.GlobalVariable.i++): null

2019-10-24 08:02:52 - [MESSAGE][PASSED] - Call Test Case 'Test Cases/mobileWeb/_include/get_screenshot' successfully

2019-10-24 08:02:52 - [TEST_STEP][PASSED] - setText(findTestObject("mobileSanity/HBI/Page_App Page 2/input__credit-card-first"), FirstName): Text 'Test-123' is set on object 'Object Repository/mobileSanity/HBI/Page_App Page 2/input__credit-card-first'

2019-10-24 08:02:52 - [MESSAGE][PASSED] - Text 'Test-123' is set on object 'Object Repository/mobileSanity/HBI/Page_App Page 2/input__credit-card-first'

2019-10-24 08:02:52 - [TEST_STEP][PASSED] - setText(findTestObject("mobileSanity/HBI/Page_App Page 2/input__credit-card-last"), LastName): Text 'ZZ11-EMIzhiUJ' is set on object 'Object Repository/mobileSanity/HBI/Page_App Page 2/input__credit-card-last'

2019-10-24 08:02:52 - [MESSAGE][PASSED] - Text 'ZZ11-EMIzhiUJ' is set on object 'Object Repository/mobileSanity/HBI/Page_App Page 2/input__credit-card-last'

2019-10-24 08:02:52 - [TEST_STEP][PASSED] - selectOptionByValue(findTestObject("mobileSanity/HBI/Page_App Page 2/select_MM010203040506070809101"), "12", true): All options with value '12' are selected in object 'Object Repository/mobileSanity/HBI/Page_App Page 2/select_MM010203040506070809101'  using regular expression

2019-10-24 08:02:52 - [MESSAGE][PASSED] - All options with value '12' are selected in object 'Object Repository/mobileSanity/HBI/Page_App Page 2/select_MM010203040506070809101'  using regular expression

2019-10-24 08:02:52 - [TEST_STEP][PASSED] - selectOptionByValue(findTestObject("mobileSanity/HBI/Page_App Page 2/select_YYYY2019202020212022202"), "2026", true): All options with value '2026' are selected in object 'Object Repository/mobileSanity/HBI/Page_App Page 2/select_YYYY2019202020212022202'  using regular expression

2019-10-24 08:02:53 - [MESSAGE][PASSED] - All options with value '2026' are selected in object 'Object Repository/mobileSanity/HBI/Page_App Page 2/select_YYYY2019202020212022202'  using regular expression

2019-10-24 08:02:53 - [TEST_STEP][PASSED] - setText(findTestObject("mobileSanity/HBI/Page_App Page 2/input__credit-card-number"), "4111111111111111"): Text '4111111111111111' is set on object 'Object Repository/mobileSanity/HBI/Page_App Page 2/input__credit-card-number'

2019-10-24 08:02:53 - [MESSAGE][PASSED] - Text '4111111111111111' is set on object 'Object Repository/mobileSanity/HBI/Page_App Page 2/input__credit-card-number'

2019-10-24 08:02:53 - [TEST_STEP][PASSED] - setText(findTestObject("mobileSanity/HBI/Page_App Page 2/input__cvv"), "123"): Text '123' is set on object 'Object Repository/mobileSanity/HBI/Page_App Page 2/input__cvv'

2019-10-24 08:02:53 - [MESSAGE][PASSED] - Text '123' is set on object 'Object Repository/mobileSanity/HBI/Page_App Page 2/input__cvv'

2019-10-24 08:02:53 - [TEST_STEP][PASSED] - click(findTestObject("mobileSanity/HBI/Page_App Page 2/label_My billing address is th")): Object: 'Object Repository/mobileSanity/HBI/Page_App Page 2/label_My billing address is th' is clicked on

2019-10-24 08:02:53 - [MESSAGE][PASSED] - Object: 'Object Repository/mobileSanity/HBI/Page_App Page 2/label_My billing address is th' is clicked on

2019-10-24 08:02:53 - [TEST_STEP][PASSED] - click(findTestObject("mobileSanity/HBI/Page_App Page 2/label_I Accept Authorization f")): Object: 'Object Repository/mobileSanity/HBI/Page_App Page 2/label_I Accept Authorization f' is clicked on

2019-10-24 08:02:53 - [MESSAGE][PASSED] - Object: 'Object Repository/mobileSanity/HBI/Page_App Page 2/label_I Accept Authorization f' is clicked on

2019-10-24 08:02:53 - [TEST_STEP][PASSED] - click(findTestObject("mobileSanity/HBI/Page_App Page 2/a_Continue to Step 3 - Review")): Object: 'Object Repository/mobileSanity/HBI/Page_App Page 2/a_Continue to Step 3 - Review' is clicked on

2019-10-24 08:02:54 - [MESSAGE][PASSED] - Object: 'Object Repository/mobileSanity/HBI/Page_App Page 2/a_Continue to Step 3 - Review' is clicked on

2019-10-24 08:02:54 - [TEST_STEP][PASSED] - waitForPageLoad(20): Wait for page load successfully

2019-10-24 08:02:54 - [MESSAGE][PASSED] - Wait for page load successfully

2019-10-24 08:02:54 - [TEST_STEP][PASSED] - Thread.sleep(10000): null

2019-10-24 08:03:04 - [TEST_STEP][PASSED] - waitForElementPresent(findTestObject("mobileSanity/HBI/Page_App Page 3/label"), 20): Object 'Object Repository/mobileSanity/HBI/Page_App Page 3/label' is present

2019-10-24 08:03:04 - [MESSAGE][PASSED] - Object 'Object Repository/mobileSanity/HBI/Page_App Page 3/label' is present

2019-10-24 08:03:04 - [TEST_STEP][PASSED] - callTestCase(findTestCase("mobileWeb/_include/get_screenshot"), [:], STOP_ON_FAILURE): Call Test Case 'Test Cases/mobileWeb/_include/get_screenshot' successfully

2019-10-24 08:03:04 - [TEST_CASE][PASSED] - Test Cases/mobileWeb/_include/get_screenshot: Test Cases/mobileWeb/_include/get_screenshot

2019-10-24 08:03:04 - [TEST_STEP][PASSED] - takeScreenshot(screenPath + i + ".png"): Taking screenshot successfully

2019-10-24 08:03:05 - [MESSAGE][PASSED] - Taking screenshot successfully
[[ATTACHMENT|D:\\Test\\AgileTest\\Reports\\mobileWeb\\hbi\\20191024_080031\\../Screenshots/iPhone 6/hbi/Legion Limited Medical/20191024_080217/8.png]]

2019-10-24 08:03:05 - [TEST_STEP][PASSED] - (internal.GlobalVariable.i++): null

2019-10-24 08:03:05 - [MESSAGE][PASSED] - Call Test Case 'Test Cases/mobileWeb/_include/get_screenshot' successfully

2019-10-24 08:03:05 - [TEST_STEP][PASSED] - click(findTestObject("mobileSanity/HBI/Page_App Page 3/label")): Object: 'Object Repository/mobileSanity/HBI/Page_App Page 3/label' is clicked on

2019-10-24 08:03:05 - [MESSAGE][PASSED] - Object: 'Object Repository/mobileSanity/HBI/Page_App Page 3/label' is clicked on

2019-10-24 08:03:05 - [TEST_STEP][PASSED] - click(findTestObject("mobileSanity/HBI/Page_App Page 3/p_CLICK TO SIGN")): Object: 'Object Repository/mobileSanity/HBI/Page_App Page 3/p_CLICK TO SIGN' is clicked on

2019-10-24 08:03:05 - [MESSAGE][PASSED] - Object: 'Object Repository/mobileSanity/HBI/Page_App Page 3/p_CLICK TO SIGN' is clicked on

2019-10-24 08:03:05 - [TEST_STEP][PASSED] - click(findTestObject("mobileSanity/HBI/Page_App Page 3/a_Submit Your Application")): Object: 'Object Repository/mobileSanity/HBI/Page_App Page 3/a_Submit Your Application' is clicked on

2019-10-24 08:03:05 - [MESSAGE][PASSED] - Object: 'Object Repository/mobileSanity/HBI/Page_App Page 3/a_Submit Your Application' is clicked on

2019-10-24 08:03:05 - [TEST_STEP][PASSED] - Thread.sleep(30000): null

2019-10-24 08:03:35 - [TEST_STEP][PASSED] - callTestCase(findTestCase("mobileWeb/_include/get_screenshot"), [:], STOP_ON_FAILURE): Call Test Case 'Test Cases/mobileWeb/_include/get_screenshot' successfully

2019-10-24 08:03:35 - [TEST_CASE][PASSED] - Test Cases/mobileWeb/_include/get_screenshot: Test Cases/mobileWeb/_include/get_screenshot

2019-10-24 08:03:35 - [TEST_STEP][PASSED] - takeScreenshot(screenPath + i + ".png"): Taking screenshot successfully

2019-10-24 08:03:35 - [MESSAGE][PASSED] - Taking screenshot successfully
[[ATTACHMENT|D:\\Test\\AgileTest\\Reports\\mobileWeb\\hbi\\20191024_080031\\../Screenshots/iPhone 6/hbi/Legion Limited Medical/20191024_080217/9.png]]

2019-10-24 08:03:35 - [TEST_STEP][PASSED] - (internal.GlobalVariable.i++): null

2019-10-24 08:03:35 - [MESSAGE][PASSED] - Call Test Case 'Test Cases/mobileWeb/_include/get_screenshot' successfully

2019-10-24 08:03:35 - [TEST_STEP][PASSED] - verifyTextPresent("Congratulations", false): Text 'Congratulations' is present on page 

2019-10-24 08:03:35 - [MESSAGE][PASSED] - Text 'Congratulations' is present on page 

2019-10-24 08:03:35 - [MESSAGE][PASSED] - Call Test Case 'Test Cases/mobileWeb/_include/goToEnd_hbi' successfully]]></system-out>
         <system-err><![CDATA[]]></system-err>
      </testcase>
      <testcase name="Test Cases/mobileWeb/HBI/Cardinal Choice" classname="Test Cases/mobileWeb/HBI/Cardinal Choice" status="PASSED">
         <system-out><![CDATA[2019-10-24 08:03:35 - [TEST_CASE][PASSED] - Test Cases/mobileWeb/HBI/Cardinal Choice: Test Cases/mobileWeb/HBI/Cardinal Choice

2019-10-24 08:03:36 - [TEST_STEP][PASSED] - callTestCase(findTestCase("mobileWeb/_include/get_screenPath"), ["productLine":"hbi", "carrierName":"Cardinal Choice"], CONTINUE_ON_FAILURE): Call Test Case 'Test Cases/mobileWeb/_include/get_screenPath' successfully

2019-10-24 08:03:36 - [TEST_CASE][PASSED] - Test Cases/mobileWeb/_include/get_screenPath: Test Cases/mobileWeb/_include/get_screenPath

2019-10-24 08:03:36 - [TEST_STEP][PASSED] - m = getExecutionProperties(): null

2019-10-24 08:03:36 - [TEST_STEP][PASSED] - deviceName = get("mobileEmulation").get("deviceName"): null

2019-10-24 08:03:36 - [TEST_STEP][PASSED] - println(deviceName): null

2019-10-24 08:03:36 - [TEST_STEP][PASSED] - now = new java.util.Date(): null

2019-10-24 08:03:36 - [TEST_STEP][PASSED] - mydate = now.format("yyyyMMdd_HHmmss"): null

2019-10-24 08:03:36 - [TEST_STEP][PASSED] - screenPath = "../Screenshots/": null

2019-10-24 08:03:36 - [TEST_STEP][PASSED] - screenPath = screenPath + deviceName + "/" + productLine + "/" + carrierName + "/" + mydate + "/": null

2019-10-24 08:03:36 - [TEST_STEP][PASSED] - println(screenPath): null

2019-10-24 08:03:36 - [MESSAGE][PASSED] - Call Test Case 'Test Cases/mobileWeb/_include/get_screenPath' successfully

2019-10-24 08:03:36 - [TEST_STEP][PASSED] - i = 0: null

2019-10-24 08:03:36 - [TEST_STEP][PASSED] - callTestCase(findTestCase("mobileWeb/_include/openWebSite"), [:], CONTINUE_ON_FAILURE): Call Test Case 'Test Cases/mobileWeb/_include/openWebSite' successfully

2019-10-24 08:03:36 - [TEST_CASE][PASSED] - Test Cases/mobileWeb/_include/openWebSite: Test Cases/mobileWeb/_include/openWebSite

2019-10-24 08:03:36 - [TEST_STEP][PASSED] - openBrowser(env): Browser is opened with url: 'https://praetemptatus.agilehealthinsurance.com'

2019-10-24 08:03:36 - [MESSAGE][WARNING] - A browser is already opened. Closing browser and opening a new one

2019-10-24 08:03:37 - [MESSAGE][INFO] - Starting 'Chrome' driver

2019-10-24 08:03:37 - [MESSAGE][INFO] - User set preference: ['mobileEmulation', '{deviceName=iPhone 6}']

2019-10-24 08:03:37 - [MESSAGE][INFO] - User set preference: ['args', '[--incognito, --aggressive-cache-discard, --window-size=375,677, --no-sandbox]']

2019-10-24 08:03:39 - [MESSAGE][PASSED] - Browser is opened with url: 'https://praetemptatus.agilehealthinsurance.com'

2019-10-24 08:03:39 - [TEST_STEP][PASSED] - waitForPageLoad(20): Wait for page load successfully

2019-10-24 08:03:39 - [MESSAGE][PASSED] - Wait for page load successfully

2019-10-24 08:03:39 - [TEST_STEP][PASSED] - Thread.sleep(2000): null

2019-10-24 08:03:41 - [TEST_STEP][PASSED] - callTestCase(findTestCase("mobileWeb/_include/get_screenshot"), [:], STOP_ON_FAILURE): Call Test Case 'Test Cases/mobileWeb/_include/get_screenshot' successfully

2019-10-24 08:03:41 - [TEST_CASE][PASSED] - Test Cases/mobileWeb/_include/get_screenshot: Test Cases/mobileWeb/_include/get_screenshot

2019-10-24 08:03:41 - [TEST_STEP][PASSED] - takeScreenshot(screenPath + i + ".png"): Taking screenshot successfully

2019-10-24 08:03:41 - [MESSAGE][PASSED] - Taking screenshot successfully
[[ATTACHMENT|D:\\Test\\AgileTest\\Reports\\mobileWeb\\hbi\\20191024_080031\\../Screenshots/iPhone 6/hbi/Cardinal Choice/20191024_080336/0.png]]

2019-10-24 08:03:41 - [TEST_STEP][PASSED] - (internal.GlobalVariable.i++): null

2019-10-24 08:03:41 - [MESSAGE][PASSED] - Call Test Case 'Test Cases/mobileWeb/_include/get_screenshot' successfully

2019-10-24 08:03:41 - [MESSAGE][PASSED] - Call Test Case 'Test Cases/mobileWeb/_include/openWebSite' successfully

2019-10-24 08:03:41 - [TEST_STEP][PASSED] - callTestCase(findTestCase("mobileWeb/_include/census_hbi"), [:], CONTINUE_ON_FAILURE): Call Test Case 'Test Cases/mobileWeb/_include/census_hbi' successfully

2019-10-24 08:03:41 - [TEST_CASE][PASSED] - Test Cases/mobileWeb/_include/census_hbi: Test Cases/mobileWeb/_include/census_hbi

2019-10-24 08:03:41 - [TEST_STEP][PASSED] - click(findTestObject("mobileSanity/Common/side_nav/menu")): Object: 'Object Repository/mobileSanity/Common/side_nav/menu' is clicked on

2019-10-24 08:03:42 - [MESSAGE][PASSED] - Object: 'Object Repository/mobileSanity/Common/side_nav/menu' is clicked on

2019-10-24 08:03:42 - [TEST_STEP][PASSED] - Thread.sleep(3000): null

2019-10-24 08:03:45 - [TEST_STEP][PASSED] - callTestCase(findTestCase("mobileWeb/_include/get_screenshot"), [:], STOP_ON_FAILURE): Call Test Case 'Test Cases/mobileWeb/_include/get_screenshot' successfully

2019-10-24 08:03:45 - [TEST_CASE][PASSED] - Test Cases/mobileWeb/_include/get_screenshot: Test Cases/mobileWeb/_include/get_screenshot

2019-10-24 08:03:45 - [TEST_STEP][PASSED] - takeScreenshot(screenPath + i + ".png"): Taking screenshot successfully

2019-10-24 08:03:45 - [MESSAGE][PASSED] - Taking screenshot successfully
[[ATTACHMENT|D:\\Test\\AgileTest\\Reports\\mobileWeb\\hbi\\20191024_080031\\../Screenshots/iPhone 6/hbi/Cardinal Choice/20191024_080336/1.png]]

2019-10-24 08:03:45 - [TEST_STEP][PASSED] - (internal.GlobalVariable.i++): null

2019-10-24 08:03:45 - [MESSAGE][PASSED] - Call Test Case 'Test Cases/mobileWeb/_include/get_screenshot' successfully

2019-10-24 08:03:45 - [TEST_STEP][PASSED] - click(findTestObject("mobileSanity/Common/side_nav/nav_hbi")): Object: 'Object Repository/mobileSanity/Common/side_nav/nav_hbi' is clicked on

2019-10-24 08:03:46 - [MESSAGE][PASSED] - Object: 'Object Repository/mobileSanity/Common/side_nav/nav_hbi' is clicked on

2019-10-24 08:03:46 - [TEST_STEP][PASSED] - waitForPageLoad(10): Wait for page load successfully

2019-10-24 08:03:46 - [MESSAGE][PASSED] - Wait for page load successfully

2019-10-24 08:03:46 - [TEST_STEP][PASSED] - Thread.sleep(3000): null

2019-10-24 08:03:49 - [TEST_STEP][PASSED] - callTestCase(findTestCase("mobileWeb/_include/get_screenshot"), [:], STOP_ON_FAILURE): Call Test Case 'Test Cases/mobileWeb/_include/get_screenshot' successfully

2019-10-24 08:03:49 - [TEST_CASE][PASSED] - Test Cases/mobileWeb/_include/get_screenshot: Test Cases/mobileWeb/_include/get_screenshot

2019-10-24 08:03:49 - [TEST_STEP][PASSED] - takeScreenshot(screenPath + i + ".png"): Taking screenshot successfully

2019-10-24 08:03:49 - [MESSAGE][PASSED] - Taking screenshot successfully
[[ATTACHMENT|D:\\Test\\AgileTest\\Reports\\mobileWeb\\hbi\\20191024_080031\\../Screenshots/iPhone 6/hbi/Cardinal Choice/20191024_080336/2.png]]

2019-10-24 08:03:49 - [TEST_STEP][PASSED] - (internal.GlobalVariable.i++): null

2019-10-24 08:03:49 - [MESSAGE][PASSED] - Call Test Case 'Test Cases/mobileWeb/_include/get_screenshot' successfully

2019-10-24 08:03:49 - [TEST_STEP][PASSED] - setText(findTestObject("mobileSanity/HBI/census/input_Location_zip-input"), zipcode): Text '35215' is set on object 'Object Repository/mobileSanity/HBI/census/input_Location_zip-input'

2019-10-24 08:03:49 - [MESSAGE][PASSED] - Text '35215' is set on object 'Object Repository/mobileSanity/HBI/census/input_Location_zip-input'

2019-10-24 08:03:49 - [TEST_STEP][PASSED] - Thread.sleep(500): null

2019-10-24 08:03:50 - [TEST_STEP][PASSED] - setText(findTestObject("mobileSanity/HBI/census/input_Date of Birth_dob-0"), "12121980"): Text '12121980' is set on object 'Object Repository/mobileSanity/HBI/census/input_Date of Birth_dob-0'

2019-10-24 08:03:50 - [MESSAGE][PASSED] - Text '12121980' is set on object 'Object Repository/mobileSanity/HBI/census/input_Date of Birth_dob-0'

2019-10-24 08:03:50 - [TEST_STEP][PASSED] - click(findTestObject("mobileSanity/HBI/census/label_Male")): Object: 'Object Repository/mobileSanity/HBI/census/label_Male' is clicked on

2019-10-24 08:03:50 - [MESSAGE][PASSED] - Object: 'Object Repository/mobileSanity/HBI/census/label_Male' is clicked on

2019-10-24 08:03:50 - [TEST_STEP][PASSED] - click(findTestObject("mobileSanity/HBI/census/label_Get a Quote")): Object: 'Object Repository/mobileSanity/HBI/census/label_Get a Quote' is clicked on

2019-10-24 08:03:51 - [MESSAGE][PASSED] - Object: 'Object Repository/mobileSanity/HBI/census/label_Get a Quote' is clicked on

2019-10-24 08:03:51 - [TEST_STEP][PASSED] - waitForPageLoad(20): Wait for page load successfully

2019-10-24 08:03:52 - [MESSAGE][PASSED] - Wait for page load successfully

2019-10-24 08:03:52 - [TEST_STEP][PASSED] - Thread.sleep(3000): null

2019-10-24 08:03:55 - [TEST_STEP][PASSED] - callTestCase(findTestCase("mobileWeb/_include/get_screenshot"), [:], STOP_ON_FAILURE): Call Test Case 'Test Cases/mobileWeb/_include/get_screenshot' successfully

2019-10-24 08:03:55 - [TEST_CASE][PASSED] - Test Cases/mobileWeb/_include/get_screenshot: Test Cases/mobileWeb/_include/get_screenshot

2019-10-24 08:03:55 - [TEST_STEP][PASSED] - takeScreenshot(screenPath + i + ".png"): Taking screenshot successfully

2019-10-24 08:03:55 - [MESSAGE][PASSED] - Taking screenshot successfully
[[ATTACHMENT|D:\\Test\\AgileTest\\Reports\\mobileWeb\\hbi\\20191024_080031\\../Screenshots/iPhone 6/hbi/Cardinal Choice/20191024_080336/3.png]]

2019-10-24 08:03:55 - [TEST_STEP][PASSED] - (internal.GlobalVariable.i++): null

2019-10-24 08:03:55 - [MESSAGE][PASSED] - Call Test Case 'Test Cases/mobileWeb/_include/get_screenshot' successfully

2019-10-24 08:03:55 - [MESSAGE][PASSED] - Call Test Case 'Test Cases/mobileWeb/_include/census_hbi' successfully

2019-10-24 08:03:55 - [TEST_STEP][PASSED] - Thread.sleep(5000): null

2019-10-24 08:04:00 - [TEST_STEP][PASSED] - scrollToPosition(200, 2300): Browser is scrolled to position x = 200, y = 2300

2019-10-24 08:04:00 - [MESSAGE][PASSED] - Browser is scrolled to position x = 200, y = 2300

2019-10-24 08:04:00 - [TEST_STEP][PASSED] - click(findTestObject("mobileSanity/HBI/quote/a_Cardinal Choice")): Object: 'Object Repository/mobileSanity/HBI/quote/a_Cardinal Choice' is clicked on

2019-10-24 08:04:02 - [MESSAGE][PASSED] - Object: 'Object Repository/mobileSanity/HBI/quote/a_Cardinal Choice' is clicked on

2019-10-24 08:04:02 - [TEST_STEP][PASSED] - waitForPageLoad(20): Wait for page load successfully

2019-10-24 08:04:02 - [MESSAGE][PASSED] - Wait for page load successfully

2019-10-24 08:04:02 - [TEST_STEP][PASSED] - callTestCase(findTestCase("mobileWeb/_include/get_screenshot"), [:], STOP_ON_FAILURE): Call Test Case 'Test Cases/mobileWeb/_include/get_screenshot' successfully

2019-10-24 08:04:02 - [TEST_CASE][PASSED] - Test Cases/mobileWeb/_include/get_screenshot: Test Cases/mobileWeb/_include/get_screenshot

2019-10-24 08:04:02 - [TEST_STEP][PASSED] - takeScreenshot(screenPath + i + ".png"): Taking screenshot successfully

2019-10-24 08:04:02 - [MESSAGE][PASSED] - Taking screenshot successfully
[[ATTACHMENT|D:\\Test\\AgileTest\\Reports\\mobileWeb\\hbi\\20191024_080031\\../Screenshots/iPhone 6/hbi/Cardinal Choice/20191024_080336/4.png]]

2019-10-24 08:04:02 - [TEST_STEP][PASSED] - (internal.GlobalVariable.i++): null

2019-10-24 08:04:02 - [MESSAGE][PASSED] - Call Test Case 'Test Cases/mobileWeb/_include/get_screenshot' successfully

2019-10-24 08:04:02 - [TEST_STEP][PASSED] - click(findTestObject("mobileSanity/HBI/detail/a_Apply for This Plan")): Object: 'Object Repository/mobileSanity/HBI/detail/a_Apply for This Plan' is clicked on

2019-10-24 08:04:03 - [MESSAGE][PASSED] - Object: 'Object Repository/mobileSanity/HBI/detail/a_Apply for This Plan' is clicked on

2019-10-24 08:04:03 - [TEST_STEP][PASSED] - waitForPageLoad(20): Wait for page load successfully

2019-10-24 08:04:03 - [MESSAGE][PASSED] - Wait for page load successfully

2019-10-24 08:04:03 - [TEST_STEP][PASSED] - callTestCase(findTestCase("mobileWeb/_include/get_screenshot"), [:], STOP_ON_FAILURE): Call Test Case 'Test Cases/mobileWeb/_include/get_screenshot' successfully

2019-10-24 08:04:03 - [TEST_CASE][PASSED] - Test Cases/mobileWeb/_include/get_screenshot: Test Cases/mobileWeb/_include/get_screenshot

2019-10-24 08:04:03 - [TEST_STEP][PASSED] - takeScreenshot(screenPath + i + ".png"): Taking screenshot successfully

2019-10-24 08:04:04 - [MESSAGE][PASSED] - Taking screenshot successfully
[[ATTACHMENT|D:\\Test\\AgileTest\\Reports\\mobileWeb\\hbi\\20191024_080031\\../Screenshots/iPhone 6/hbi/Cardinal Choice/20191024_080336/5.png]]

2019-10-24 08:04:04 - [TEST_STEP][PASSED] - (internal.GlobalVariable.i++): null

2019-10-24 08:04:04 - [MESSAGE][PASSED] - Call Test Case 'Test Cases/mobileWeb/_include/get_screenshot' successfully

2019-10-24 08:04:04 - [TEST_STEP][PASSED] - click(findTestObject("mobileSanity/HBI/Page_Apply/span_Start Secure Application")): Object: 'Object Repository/mobileSanity/HBI/Page_Apply/span_Start Secure Application' is clicked on

2019-10-24 08:04:05 - [MESSAGE][PASSED] - Object: 'Object Repository/mobileSanity/HBI/Page_Apply/span_Start Secure Application' is clicked on

2019-10-24 08:04:05 - [TEST_STEP][PASSED] - waitForPageLoad(20): Wait for page load successfully

2019-10-24 08:04:05 - [MESSAGE][PASSED] - Wait for page load successfully

2019-10-24 08:04:05 - [TEST_STEP][PASSED] - Thread.sleep(5000): null

2019-10-24 08:04:10 - [TEST_STEP][PASSED] - callTestCase(findTestCase("mobileWeb/_include/get_screenshot"), [:], STOP_ON_FAILURE): Call Test Case 'Test Cases/mobileWeb/_include/get_screenshot' successfully

2019-10-24 08:04:10 - [TEST_CASE][PASSED] - Test Cases/mobileWeb/_include/get_screenshot: Test Cases/mobileWeb/_include/get_screenshot

2019-10-24 08:04:10 - [TEST_STEP][PASSED] - takeScreenshot(screenPath + i + ".png"): Taking screenshot successfully

2019-10-24 08:04:11 - [MESSAGE][PASSED] - Taking screenshot successfully
[[ATTACHMENT|D:\\Test\\AgileTest\\Reports\\mobileWeb\\hbi\\20191024_080031\\../Screenshots/iPhone 6/hbi/Cardinal Choice/20191024_080336/6.png]]

2019-10-24 08:04:11 - [TEST_STEP][PASSED] - (internal.GlobalVariable.i++): null

2019-10-24 08:04:11 - [MESSAGE][PASSED] - Call Test Case 'Test Cases/mobileWeb/_include/get_screenshot' successfully

2019-10-24 08:04:11 - [TEST_STEP][PASSED] - callTestCase(findTestCase("mobileWeb/_include/goToEnd_hbi"), ["carrier":"cardinalchoice"], CONTINUE_ON_FAILURE): Call Test Case 'Test Cases/mobileWeb/_include/goToEnd_hbi' successfully

2019-10-24 08:04:11 - [TEST_CASE][PASSED] - Test Cases/mobileWeb/_include/goToEnd_hbi: Test Cases/mobileWeb/_include/goToEnd_hbi

2019-10-24 08:04:11 - [TEST_STEP][PASSED] - if (state == "ca"): null

2019-10-24 08:04:11 - [TEST_STEP][PASSED] - callTestCase(findTestCase("mobileWeb/_include/name"), [:], CONTINUE_ON_FAILURE): Call Test Case 'Test Cases/mobileWeb/_include/name' successfully

2019-10-24 08:04:11 - [TEST_CASE][PASSED] - Test Cases/mobileWeb/_include/name: Test Cases/mobileWeb/_include/name

2019-10-24 08:04:11 - [TEST_STEP][PASSED] - driver = getWebDriver(): null

2019-10-24 08:04:11 - [TEST_STEP][PASSED] - selenium = new com.thoughtworks.selenium.webdriven.WebDriverBackedSelenium(driver, internal.GlobalVariable.ENV): null

2019-10-24 08:04:11 - [TEST_STEP][PASSED] - FirstName = "Test-123": null

2019-10-24 08:04:11 - [TEST_STEP][PASSED] - LastName = selenium.getEval("{var x="ABCDEFGHIJKLMNOPQRSTUVWXYZabcdefghijklmnopqrstuvwxyz"; var tmp="ZZ11-"; for (i=0;i<8;i++) tmp+=x.charAt(Math.ceil(51*Math.random()));tmp;}"): null

2019-10-24 08:04:11 - [TEST_STEP][PASSED] - Address = selenium.getEval("{var x="ABCDEFGHIJKLMNOPQRSTUVWXYZabcdefghijklmnopqrstuvwxyz"; var tmp=""; for (i=0;i<8;i++) tmp+=x.charAt(Math.ceil(51*Math.random()));tmp;}"): null

2019-10-24 08:04:11 - [TEST_STEP][PASSED] - City = selenium.getEval("{var x="ABCDEFGHIJKLMNOPQRSTUVWXYZabcdefghijklmnopqrstuvwxyz"; var tmp=""; for (i=0;i<8;i++) tmp+=x.charAt(Math.ceil(51*Math.random()));tmp;}"): null

2019-10-24 08:04:11 - [TEST_STEP][PASSED] - tel1 = selenium.getEval("{var x="123456789"; var tmp=""; for (i=0;i<3;i++) tmp+=x.charAt(Math.ceil(8*Math.random()));tmp;}"): null

2019-10-24 08:04:11 - [TEST_STEP][PASSED] - tel2 = selenium.getEval("{var x="123456789"; var tmp=""; for (i=0;i<3;i++) tmp+=x.charAt(Math.ceil(8*Math.random()));tmp;}"): null

2019-10-24 08:04:11 - [TEST_STEP][PASSED] - tel3 = selenium.getEval("{var x="123456789"; var tmp=""; for (i=0;i<4;i++) tmp+=x.charAt(Math.ceil(8*Math.random()));tmp;}"): null

2019-10-24 08:04:11 - [TEST_STEP][PASSED] - Tel = selenium.getExpression(tel1 + "-" + tel2 + "-" + tel3): null

2019-10-24 08:04:11 - [TEST_STEP][PASSED] - AutoEmail = selenium.getEval("{var x="ABCDEFGHIJKLMNOPQRSTUVWXYZabcdefghijklmnopqrstuvwxyz"; var tmp="test."; for (i=0;i<8;i++) tmp+=x.charAt(Math.ceil(51*Math.random()));tmp+="@suryani.cn";}"): null

2019-10-24 08:04:11 - [TEST_STEP][PASSED] - FirstName = FirstName: null

2019-10-24 08:04:11 - [TEST_STEP][PASSED] - LastName = LastName: null

2019-10-24 08:04:11 - [TEST_STEP][PASSED] - Address = Address: null

2019-10-24 08:04:11 - [TEST_STEP][PASSED] - City = City: null

2019-10-24 08:04:11 - [TEST_STEP][PASSED] - Tel = Tel: null

2019-10-24 08:04:11 - [TEST_STEP][PASSED] - AutoEmail = AutoEmail: null

2019-10-24 08:04:11 - [TEST_STEP][PASSED] - println(FirstName): null

2019-10-24 08:04:11 - [TEST_STEP][PASSED] - println(LastName): null

2019-10-24 08:04:11 - [TEST_STEP][PASSED] - println(Address): null

2019-10-24 08:04:11 - [TEST_STEP][PASSED] - println(City): null

2019-10-24 08:04:11 - [TEST_STEP][PASSED] - println(Tel): null

2019-10-24 08:04:11 - [TEST_STEP][PASSED] - println(AutoEmail): null

2019-10-24 08:04:11 - [MESSAGE][PASSED] - Call Test Case 'Test Cases/mobileWeb/_include/name' successfully

2019-10-24 08:04:11 - [TEST_STEP][PASSED] - setText(findTestObject("mobileSanity/HBI/Page_App Page 1/input__member-P-1-firstName"), FirstName): Text 'Test-123' is set on object 'Object Repository/mobileSanity/HBI/Page_App Page 1/input__member-P-1-firstName'

2019-10-24 08:04:11 - [MESSAGE][PASSED] - Text 'Test-123' is set on object 'Object Repository/mobileSanity/HBI/Page_App Page 1/input__member-P-1-firstName'

2019-10-24 08:04:11 - [TEST_STEP][PASSED] - setText(findTestObject("mobileSanity/HBI/Page_App Page 1/input__member-P-1-lastName"), LastName): Text 'ZZ11-nGdIsTmN' is set on object 'Object Repository/mobileSanity/HBI/Page_App Page 1/input__member-P-1-lastName'

2019-10-24 08:04:11 - [MESSAGE][PASSED] - Text 'ZZ11-nGdIsTmN' is set on object 'Object Repository/mobileSanity/HBI/Page_App Page 1/input__member-P-1-lastName'

2019-10-24 08:04:11 - [TEST_STEP][PASSED] - if (carrier == "agileone" || carrier == "agilesecure"): null

2019-10-24 08:04:11 - [TEST_STEP][PASSED] - setText(findTestObject("mobileSanity/HBI/Page_App Page 1/input__address"), Address): Text 'GLziwvDw' is set on object 'Object Repository/mobileSanity/HBI/Page_App Page 1/input__address'

2019-10-24 08:04:11 - [MESSAGE][PASSED] - Text 'GLziwvDw' is set on object 'Object Repository/mobileSanity/HBI/Page_App Page 1/input__address'

2019-10-24 08:04:11 - [TEST_STEP][PASSED] - setText(findTestObject("mobileSanity/HBI/Page_App Page 1/input__city"), City): Text 'aWRyOvkm' is set on object 'Object Repository/mobileSanity/HBI/Page_App Page 1/input__city'

2019-10-24 08:04:11 - [MESSAGE][PASSED] - Text 'aWRyOvkm' is set on object 'Object Repository/mobileSanity/HBI/Page_App Page 1/input__city'

2019-10-24 08:04:11 - [TEST_STEP][PASSED] - setText(findTestObject("mobileSanity/HBI/Page_App Page 1/input__email"), AutoEmail): Text 'test.XrCHFuQe@suryani.cn' is set on object 'Object Repository/mobileSanity/HBI/Page_App Page 1/input__email'

2019-10-24 08:04:11 - [MESSAGE][PASSED] - Text 'test.XrCHFuQe@suryani.cn' is set on object 'Object Repository/mobileSanity/HBI/Page_App Page 1/input__email'

2019-10-24 08:04:11 - [TEST_STEP][PASSED] - setText(findTestObject("mobileSanity/HBI/Page_App Page 1/input_tel"), Tel): Text '697-843-8547' is set on object 'Object Repository/mobileSanity/HBI/Page_App Page 1/input_tel'

2019-10-24 08:04:12 - [MESSAGE][PASSED] - Text '697-843-8547' is set on object 'Object Repository/mobileSanity/HBI/Page_App Page 1/input_tel'

2019-10-24 08:04:12 - [TEST_STEP][PASSED] - click(findTestObject("mobileSanity/HBI/Page_App Page 1/a_Continue to Step 2 - Payment")): Object: 'Object Repository/mobileSanity/HBI/Page_App Page 1/a_Continue to Step 2 - Payment' is clicked on

2019-10-24 08:04:12 - [MESSAGE][PASSED] - Object: 'Object Repository/mobileSanity/HBI/Page_App Page 1/a_Continue to Step 2 - Payment' is clicked on

2019-10-24 08:04:12 - [TEST_STEP][PASSED] - waitForPageLoad(20): Wait for page load successfully

2019-10-24 08:04:12 - [MESSAGE][PASSED] - Wait for page load successfully

2019-10-24 08:04:12 - [TEST_STEP][PASSED] - Thread.sleep(2000): null

2019-10-24 08:04:14 - [TEST_STEP][PASSED] - waitForElementVisible(findTestObject("mobileSanity/HBI/Page_App Page 2/input__credit-card-first"), 20): Object 'Object Repository/mobileSanity/HBI/Page_App Page 2/input__credit-card-first' is visible

2019-10-24 08:04:14 - [MESSAGE][PASSED] - Object 'Object Repository/mobileSanity/HBI/Page_App Page 2/input__credit-card-first' is visible

2019-10-24 08:04:14 - [TEST_STEP][PASSED] - callTestCase(findTestCase("mobileWeb/_include/get_screenshot"), [:], STOP_ON_FAILURE): Call Test Case 'Test Cases/mobileWeb/_include/get_screenshot' successfully

2019-10-24 08:04:14 - [TEST_CASE][PASSED] - Test Cases/mobileWeb/_include/get_screenshot: Test Cases/mobileWeb/_include/get_screenshot

2019-10-24 08:04:14 - [TEST_STEP][PASSED] - takeScreenshot(screenPath + i + ".png"): Taking screenshot successfully

2019-10-24 08:04:14 - [MESSAGE][PASSED] - Taking screenshot successfully
[[ATTACHMENT|D:\\Test\\AgileTest\\Reports\\mobileWeb\\hbi\\20191024_080031\\../Screenshots/iPhone 6/hbi/Cardinal Choice/20191024_080336/7.png]]

2019-10-24 08:04:14 - [TEST_STEP][PASSED] - (internal.GlobalVariable.i++): null

2019-10-24 08:04:14 - [MESSAGE][PASSED] - Call Test Case 'Test Cases/mobileWeb/_include/get_screenshot' successfully

2019-10-24 08:04:14 - [TEST_STEP][PASSED] - setText(findTestObject("mobileSanity/HBI/Page_App Page 2/input__credit-card-first"), FirstName): Text 'Test-123' is set on object 'Object Repository/mobileSanity/HBI/Page_App Page 2/input__credit-card-first'

2019-10-24 08:04:14 - [MESSAGE][PASSED] - Text 'Test-123' is set on object 'Object Repository/mobileSanity/HBI/Page_App Page 2/input__credit-card-first'

2019-10-24 08:04:14 - [TEST_STEP][PASSED] - setText(findTestObject("mobileSanity/HBI/Page_App Page 2/input__credit-card-last"), LastName): Text 'ZZ11-nGdIsTmN' is set on object 'Object Repository/mobileSanity/HBI/Page_App Page 2/input__credit-card-last'

2019-10-24 08:04:15 - [MESSAGE][PASSED] - Text 'ZZ11-nGdIsTmN' is set on object 'Object Repository/mobileSanity/HBI/Page_App Page 2/input__credit-card-last'

2019-10-24 08:04:15 - [TEST_STEP][PASSED] - selectOptionByValue(findTestObject("mobileSanity/HBI/Page_App Page 2/select_MM010203040506070809101"), "12", true): All options with value '12' are selected in object 'Object Repository/mobileSanity/HBI/Page_App Page 2/select_MM010203040506070809101'  using regular expression

2019-10-24 08:04:15 - [MESSAGE][PASSED] - All options with value '12' are selected in object 'Object Repository/mobileSanity/HBI/Page_App Page 2/select_MM010203040506070809101'  using regular expression

2019-10-24 08:04:15 - [TEST_STEP][PASSED] - selectOptionByValue(findTestObject("mobileSanity/HBI/Page_App Page 2/select_YYYY2019202020212022202"), "2026", true): All options with value '2026' are selected in object 'Object Repository/mobileSanity/HBI/Page_App Page 2/select_YYYY2019202020212022202'  using regular expression

2019-10-24 08:04:15 - [MESSAGE][PASSED] - All options with value '2026' are selected in object 'Object Repository/mobileSanity/HBI/Page_App Page 2/select_YYYY2019202020212022202'  using regular expression

2019-10-24 08:04:15 - [TEST_STEP][PASSED] - setText(findTestObject("mobileSanity/HBI/Page_App Page 2/input__credit-card-number"), "4111111111111111"): Text '4111111111111111' is set on object 'Object Repository/mobileSanity/HBI/Page_App Page 2/input__credit-card-number'

2019-10-24 08:04:15 - [MESSAGE][PASSED] - Text '4111111111111111' is set on object 'Object Repository/mobileSanity/HBI/Page_App Page 2/input__credit-card-number'

2019-10-24 08:04:15 - [TEST_STEP][PASSED] - setText(findTestObject("mobileSanity/HBI/Page_App Page 2/input__cvv"), "123"): Text '123' is set on object 'Object Repository/mobileSanity/HBI/Page_App Page 2/input__cvv'

2019-10-24 08:04:15 - [MESSAGE][PASSED] - Text '123' is set on object 'Object Repository/mobileSanity/HBI/Page_App Page 2/input__cvv'

2019-10-24 08:04:15 - [TEST_STEP][PASSED] - click(findTestObject("mobileSanity/HBI/Page_App Page 2/label_My billing address is th")): Object: 'Object Repository/mobileSanity/HBI/Page_App Page 2/label_My billing address is th' is clicked on

2019-10-24 08:04:16 - [MESSAGE][PASSED] - Object: 'Object Repository/mobileSanity/HBI/Page_App Page 2/label_My billing address is th' is clicked on

2019-10-24 08:04:16 - [TEST_STEP][PASSED] - click(findTestObject("mobileSanity/HBI/Page_App Page 2/label_I Accept Authorization f")): Object: 'Object Repository/mobileSanity/HBI/Page_App Page 2/label_I Accept Authorization f' is clicked on

2019-10-24 08:04:16 - [MESSAGE][PASSED] - Object: 'Object Repository/mobileSanity/HBI/Page_App Page 2/label_I Accept Authorization f' is clicked on

2019-10-24 08:04:16 - [TEST_STEP][PASSED] - click(findTestObject("mobileSanity/HBI/Page_App Page 2/a_Continue to Step 3 - Review")): Object: 'Object Repository/mobileSanity/HBI/Page_App Page 2/a_Continue to Step 3 - Review' is clicked on

2019-10-24 08:04:16 - [MESSAGE][PASSED] - Object: 'Object Repository/mobileSanity/HBI/Page_App Page 2/a_Continue to Step 3 - Review' is clicked on

2019-10-24 08:04:16 - [TEST_STEP][PASSED] - waitForPageLoad(20): Wait for page load successfully

2019-10-24 08:04:16 - [MESSAGE][PASSED] - Wait for page load successfully

2019-10-24 08:04:16 - [TEST_STEP][PASSED] - Thread.sleep(10000): null

2019-10-24 08:04:26 - [TEST_STEP][PASSED] - waitForElementPresent(findTestObject("mobileSanity/HBI/Page_App Page 3/label"), 20): Object 'Object Repository/mobileSanity/HBI/Page_App Page 3/label' is present

2019-10-24 08:04:27 - [MESSAGE][PASSED] - Object 'Object Repository/mobileSanity/HBI/Page_App Page 3/label' is present

2019-10-24 08:04:27 - [TEST_STEP][PASSED] - callTestCase(findTestCase("mobileWeb/_include/get_screenshot"), [:], STOP_ON_FAILURE): Call Test Case 'Test Cases/mobileWeb/_include/get_screenshot' successfully

2019-10-24 08:04:27 - [TEST_CASE][PASSED] - Test Cases/mobileWeb/_include/get_screenshot: Test Cases/mobileWeb/_include/get_screenshot

2019-10-24 08:04:27 - [TEST_STEP][PASSED] - takeScreenshot(screenPath + i + ".png"): Taking screenshot successfully

2019-10-24 08:04:27 - [MESSAGE][PASSED] - Taking screenshot successfully
[[ATTACHMENT|D:\\Test\\AgileTest\\Reports\\mobileWeb\\hbi\\20191024_080031\\../Screenshots/iPhone 6/hbi/Cardinal Choice/20191024_080336/8.png]]

2019-10-24 08:04:27 - [TEST_STEP][PASSED] - (internal.GlobalVariable.i++): null

2019-10-24 08:04:27 - [MESSAGE][PASSED] - Call Test Case 'Test Cases/mobileWeb/_include/get_screenshot' successfully

2019-10-24 08:04:27 - [TEST_STEP][PASSED] - click(findTestObject("mobileSanity/HBI/Page_App Page 3/label")): Object: 'Object Repository/mobileSanity/HBI/Page_App Page 3/label' is clicked on

2019-10-24 08:04:27 - [MESSAGE][PASSED] - Object: 'Object Repository/mobileSanity/HBI/Page_App Page 3/label' is clicked on

2019-10-24 08:04:27 - [TEST_STEP][PASSED] - click(findTestObject("mobileSanity/HBI/Page_App Page 3/p_CLICK TO SIGN")): Object: 'Object Repository/mobileSanity/HBI/Page_App Page 3/p_CLICK TO SIGN' is clicked on

2019-10-24 08:04:27 - [MESSAGE][PASSED] - Object: 'Object Repository/mobileSanity/HBI/Page_App Page 3/p_CLICK TO SIGN' is clicked on

2019-10-24 08:04:27 - [TEST_STEP][PASSED] - click(findTestObject("mobileSanity/HBI/Page_App Page 3/a_Submit Your Application")): Object: 'Object Repository/mobileSanity/HBI/Page_App Page 3/a_Submit Your Application' is clicked on

2019-10-24 08:04:27 - [MESSAGE][PASSED] - Object: 'Object Repository/mobileSanity/HBI/Page_App Page 3/a_Submit Your Application' is clicked on

2019-10-24 08:04:27 - [TEST_STEP][PASSED] - Thread.sleep(30000): null

2019-10-24 08:04:57 - [TEST_STEP][PASSED] - callTestCase(findTestCase("mobileWeb/_include/get_screenshot"), [:], STOP_ON_FAILURE): Call Test Case 'Test Cases/mobileWeb/_include/get_screenshot' successfully

2019-10-24 08:04:57 - [TEST_CASE][PASSED] - Test Cases/mobileWeb/_include/get_screenshot: Test Cases/mobileWeb/_include/get_screenshot

2019-10-24 08:04:57 - [TEST_STEP][PASSED] - takeScreenshot(screenPath + i + ".png"): Taking screenshot successfully

2019-10-24 08:04:58 - [MESSAGE][PASSED] - Taking screenshot successfully
[[ATTACHMENT|D:\\Test\\AgileTest\\Reports\\mobileWeb\\hbi\\20191024_080031\\../Screenshots/iPhone 6/hbi/Cardinal Choice/20191024_080336/9.png]]

2019-10-24 08:04:58 - [TEST_STEP][PASSED] - (internal.GlobalVariable.i++): null

2019-10-24 08:04:58 - [MESSAGE][PASSED] - Call Test Case 'Test Cases/mobileWeb/_include/get_screenshot' successfully

2019-10-24 08:04:58 - [TEST_STEP][PASSED] - verifyTextPresent("Congratulations", false): Text 'Congratulations' is present on page 

2019-10-24 08:04:58 - [MESSAGE][PASSED] - Text 'Congratulations' is present on page 

2019-10-24 08:04:58 - [MESSAGE][PASSED] - Call Test Case 'Test Cases/mobileWeb/_include/goToEnd_hbi' successfully]]></system-out>
         <system-err><![CDATA[]]></system-err>
      </testcase>
      <testcase name="Test Cases/mobileWeb/HBI/Core Shield" classname="Test Cases/mobileWeb/HBI/Core Shield" status="PASSED">
         <system-out><![CDATA[2019-10-24 08:04:58 - [TEST_CASE][PASSED] - Test Cases/mobileWeb/HBI/Core Shield: Test Cases/mobileWeb/HBI/Core Shield

2019-10-24 08:04:58 - [TEST_STEP][PASSED] - callTestCase(findTestCase("mobileWeb/_include/get_screenPath"), ["productLine":"hbi", "carrierName":"Core Shield"], CONTINUE_ON_FAILURE): Call Test Case 'Test Cases/mobileWeb/_include/get_screenPath' successfully

2019-10-24 08:04:58 - [TEST_CASE][PASSED] - Test Cases/mobileWeb/_include/get_screenPath: Test Cases/mobileWeb/_include/get_screenPath

2019-10-24 08:04:58 - [TEST_STEP][PASSED] - m = getExecutionProperties(): null

2019-10-24 08:04:58 - [TEST_STEP][PASSED] - deviceName = get("mobileEmulation").get("deviceName"): null

2019-10-24 08:04:58 - [TEST_STEP][PASSED] - println(deviceName): null

2019-10-24 08:04:58 - [TEST_STEP][PASSED] - now = new java.util.Date(): null

2019-10-24 08:04:58 - [TEST_STEP][PASSED] - mydate = now.format("yyyyMMdd_HHmmss"): null

2019-10-24 08:04:58 - [TEST_STEP][PASSED] - screenPath = "../Screenshots/": null

2019-10-24 08:04:58 - [TEST_STEP][PASSED] - screenPath = screenPath + deviceName + "/" + productLine + "/" + carrierName + "/" + mydate + "/": null

2019-10-24 08:04:58 - [TEST_STEP][PASSED] - println(screenPath): null

2019-10-24 08:04:58 - [MESSAGE][PASSED] - Call Test Case 'Test Cases/mobileWeb/_include/get_screenPath' successfully

2019-10-24 08:04:58 - [TEST_STEP][PASSED] - i = 0: null

2019-10-24 08:04:58 - [TEST_STEP][PASSED] - callTestCase(findTestCase("mobileWeb/_include/openWebSite"), [:], CONTINUE_ON_FAILURE): Call Test Case 'Test Cases/mobileWeb/_include/openWebSite' successfully

2019-10-24 08:04:58 - [TEST_CASE][PASSED] - Test Cases/mobileWeb/_include/openWebSite: Test Cases/mobileWeb/_include/openWebSite

2019-10-24 08:04:58 - [TEST_STEP][PASSED] - openBrowser(env): Browser is opened with url: 'https://praetemptatus.agilehealthinsurance.com'

2019-10-24 08:04:58 - [MESSAGE][WARNING] - A browser is already opened. Closing browser and opening a new one

2019-10-24 08:04:59 - [MESSAGE][INFO] - Starting 'Chrome' driver

2019-10-24 08:04:59 - [MESSAGE][INFO] - User set preference: ['mobileEmulation', '{deviceName=iPhone 6}']

2019-10-24 08:04:59 - [MESSAGE][INFO] - User set preference: ['args', '[--incognito, --aggressive-cache-discard, --window-size=375,677, --no-sandbox]']

2019-10-24 08:05:01 - [MESSAGE][PASSED] - Browser is opened with url: 'https://praetemptatus.agilehealthinsurance.com'

2019-10-24 08:05:01 - [TEST_STEP][PASSED] - waitForPageLoad(20): Wait for page load successfully

2019-10-24 08:05:01 - [MESSAGE][PASSED] - Wait for page load successfully

2019-10-24 08:05:01 - [TEST_STEP][PASSED] - Thread.sleep(2000): null

2019-10-24 08:05:03 - [TEST_STEP][PASSED] - callTestCase(findTestCase("mobileWeb/_include/get_screenshot"), [:], STOP_ON_FAILURE): Call Test Case 'Test Cases/mobileWeb/_include/get_screenshot' successfully

2019-10-24 08:05:03 - [TEST_CASE][PASSED] - Test Cases/mobileWeb/_include/get_screenshot: Test Cases/mobileWeb/_include/get_screenshot

2019-10-24 08:05:03 - [TEST_STEP][PASSED] - takeScreenshot(screenPath + i + ".png"): Taking screenshot successfully

2019-10-24 08:05:03 - [MESSAGE][PASSED] - Taking screenshot successfully
[[ATTACHMENT|D:\\Test\\AgileTest\\Reports\\mobileWeb\\hbi\\20191024_080031\\../Screenshots/iPhone 6/hbi/Core Shield/20191024_080458/0.png]]

2019-10-24 08:05:03 - [TEST_STEP][PASSED] - (internal.GlobalVariable.i++): null

2019-10-24 08:05:03 - [MESSAGE][PASSED] - Call Test Case 'Test Cases/mobileWeb/_include/get_screenshot' successfully

2019-10-24 08:05:03 - [MESSAGE][PASSED] - Call Test Case 'Test Cases/mobileWeb/_include/openWebSite' successfully

2019-10-24 08:05:03 - [TEST_STEP][PASSED] - callTestCase(findTestCase("mobileWeb/_include/census_hbi"), [:], CONTINUE_ON_FAILURE): Call Test Case 'Test Cases/mobileWeb/_include/census_hbi' successfully

2019-10-24 08:05:04 - [TEST_CASE][PASSED] - Test Cases/mobileWeb/_include/census_hbi: Test Cases/mobileWeb/_include/census_hbi

2019-10-24 08:05:04 - [TEST_STEP][PASSED] - click(findTestObject("mobileSanity/Common/side_nav/menu")): Object: 'Object Repository/mobileSanity/Common/side_nav/menu' is clicked on

2019-10-24 08:05:04 - [MESSAGE][PASSED] - Object: 'Object Repository/mobileSanity/Common/side_nav/menu' is clicked on

2019-10-24 08:05:04 - [TEST_STEP][PASSED] - Thread.sleep(3000): null

2019-10-24 08:05:07 - [TEST_STEP][PASSED] - callTestCase(findTestCase("mobileWeb/_include/get_screenshot"), [:], STOP_ON_FAILURE): Call Test Case 'Test Cases/mobileWeb/_include/get_screenshot' successfully

2019-10-24 08:05:07 - [TEST_CASE][PASSED] - Test Cases/mobileWeb/_include/get_screenshot: Test Cases/mobileWeb/_include/get_screenshot

2019-10-24 08:05:07 - [TEST_STEP][PASSED] - takeScreenshot(screenPath + i + ".png"): Taking screenshot successfully

2019-10-24 08:05:07 - [MESSAGE][PASSED] - Taking screenshot successfully
[[ATTACHMENT|D:\\Test\\AgileTest\\Reports\\mobileWeb\\hbi\\20191024_080031\\../Screenshots/iPhone 6/hbi/Core Shield/20191024_080458/1.png]]

2019-10-24 08:05:07 - [TEST_STEP][PASSED] - (internal.GlobalVariable.i++): null

2019-10-24 08:05:07 - [MESSAGE][PASSED] - Call Test Case 'Test Cases/mobileWeb/_include/get_screenshot' successfully

2019-10-24 08:05:07 - [TEST_STEP][PASSED] - click(findTestObject("mobileSanity/Common/side_nav/nav_hbi")): Object: 'Object Repository/mobileSanity/Common/side_nav/nav_hbi' is clicked on

2019-10-24 08:05:07 - [MESSAGE][PASSED] - Object: 'Object Repository/mobileSanity/Common/side_nav/nav_hbi' is clicked on

2019-10-24 08:05:07 - [TEST_STEP][PASSED] - waitForPageLoad(10): Wait for page load successfully

2019-10-24 08:05:08 - [MESSAGE][PASSED] - Wait for page load successfully

2019-10-24 08:05:08 - [TEST_STEP][PASSED] - Thread.sleep(3000): null

2019-10-24 08:05:11 - [TEST_STEP][PASSED] - callTestCase(findTestCase("mobileWeb/_include/get_screenshot"), [:], STOP_ON_FAILURE): Call Test Case 'Test Cases/mobileWeb/_include/get_screenshot' successfully

2019-10-24 08:05:11 - [TEST_CASE][PASSED] - Test Cases/mobileWeb/_include/get_screenshot: Test Cases/mobileWeb/_include/get_screenshot

2019-10-24 08:05:11 - [TEST_STEP][PASSED] - takeScreenshot(screenPath + i + ".png"): Taking screenshot successfully

2019-10-24 08:05:11 - [MESSAGE][PASSED] - Taking screenshot successfully
[[ATTACHMENT|D:\\Test\\AgileTest\\Reports\\mobileWeb\\hbi\\20191024_080031\\../Screenshots/iPhone 6/hbi/Core Shield/20191024_080458/2.png]]

2019-10-24 08:05:11 - [TEST_STEP][PASSED] - (internal.GlobalVariable.i++): null

2019-10-24 08:05:11 - [MESSAGE][PASSED] - Call Test Case 'Test Cases/mobileWeb/_include/get_screenshot' successfully

2019-10-24 08:05:11 - [TEST_STEP][PASSED] - setText(findTestObject("mobileSanity/HBI/census/input_Location_zip-input"), zipcode): Text '35215' is set on object 'Object Repository/mobileSanity/HBI/census/input_Location_zip-input'

2019-10-24 08:05:11 - [MESSAGE][PASSED] - Text '35215' is set on object 'Object Repository/mobileSanity/HBI/census/input_Location_zip-input'

2019-10-24 08:05:11 - [TEST_STEP][PASSED] - Thread.sleep(500): null

2019-10-24 08:05:12 - [TEST_STEP][PASSED] - setText(findTestObject("mobileSanity/HBI/census/input_Date of Birth_dob-0"), "12121980"): Text '12121980' is set on object 'Object Repository/mobileSanity/HBI/census/input_Date of Birth_dob-0'

2019-10-24 08:05:12 - [MESSAGE][PASSED] - Text '12121980' is set on object 'Object Repository/mobileSanity/HBI/census/input_Date of Birth_dob-0'

2019-10-24 08:05:12 - [TEST_STEP][PASSED] - click(findTestObject("mobileSanity/HBI/census/label_Male")): Object: 'Object Repository/mobileSanity/HBI/census/label_Male' is clicked on

2019-10-24 08:05:12 - [MESSAGE][PASSED] - Object: 'Object Repository/mobileSanity/HBI/census/label_Male' is clicked on

2019-10-24 08:05:12 - [TEST_STEP][PASSED] - click(findTestObject("mobileSanity/HBI/census/label_Get a Quote")): Object: 'Object Repository/mobileSanity/HBI/census/label_Get a Quote' is clicked on

2019-10-24 08:05:13 - [MESSAGE][PASSED] - Object: 'Object Repository/mobileSanity/HBI/census/label_Get a Quote' is clicked on

2019-10-24 08:05:13 - [TEST_STEP][PASSED] - waitForPageLoad(20): Wait for page load successfully

2019-10-24 08:05:13 - [MESSAGE][PASSED] - Wait for page load successfully

2019-10-24 08:05:13 - [TEST_STEP][PASSED] - Thread.sleep(3000): null

2019-10-24 08:05:16 - [TEST_STEP][PASSED] - callTestCase(findTestCase("mobileWeb/_include/get_screenshot"), [:], STOP_ON_FAILURE): Call Test Case 'Test Cases/mobileWeb/_include/get_screenshot' successfully

2019-10-24 08:05:16 - [TEST_CASE][PASSED] - Test Cases/mobileWeb/_include/get_screenshot: Test Cases/mobileWeb/_include/get_screenshot

2019-10-24 08:05:16 - [TEST_STEP][PASSED] - takeScreenshot(screenPath + i + ".png"): Taking screenshot successfully

2019-10-24 08:05:17 - [MESSAGE][PASSED] - Taking screenshot successfully
[[ATTACHMENT|D:\\Test\\AgileTest\\Reports\\mobileWeb\\hbi\\20191024_080031\\../Screenshots/iPhone 6/hbi/Core Shield/20191024_080458/3.png]]

2019-10-24 08:05:17 - [TEST_STEP][PASSED] - (internal.GlobalVariable.i++): null

2019-10-24 08:05:17 - [MESSAGE][PASSED] - Call Test Case 'Test Cases/mobileWeb/_include/get_screenshot' successfully

2019-10-24 08:05:17 - [MESSAGE][PASSED] - Call Test Case 'Test Cases/mobileWeb/_include/census_hbi' successfully

2019-10-24 08:05:17 - [TEST_STEP][PASSED] - Thread.sleep(5000): null

2019-10-24 08:05:22 - [TEST_STEP][PASSED] - scrollToPosition(200, 2300): Browser is scrolled to position x = 200, y = 2300

2019-10-24 08:05:22 - [MESSAGE][PASSED] - Browser is scrolled to position x = 200, y = 2300

2019-10-24 08:05:22 - [TEST_STEP][PASSED] - click(findTestObject("mobileSanity/HBI/quote/a_Core Shield")): Object: 'Object Repository/mobileSanity/HBI/quote/a_Core Shield' is clicked on

2019-10-24 08:05:22 - [MESSAGE][PASSED] - Object: 'Object Repository/mobileSanity/HBI/quote/a_Core Shield' is clicked on

2019-10-24 08:05:22 - [TEST_STEP][PASSED] - waitForPageLoad(20): Wait for page load successfully

2019-10-24 08:05:22 - [MESSAGE][PASSED] - Wait for page load successfully

2019-10-24 08:05:22 - [TEST_STEP][PASSED] - callTestCase(findTestCase("mobileWeb/_include/get_screenshot"), [:], STOP_ON_FAILURE): Call Test Case 'Test Cases/mobileWeb/_include/get_screenshot' successfully

2019-10-24 08:05:23 - [TEST_CASE][PASSED] - Test Cases/mobileWeb/_include/get_screenshot: Test Cases/mobileWeb/_include/get_screenshot

2019-10-24 08:05:23 - [TEST_STEP][PASSED] - takeScreenshot(screenPath + i + ".png"): Taking screenshot successfully

2019-10-24 08:05:23 - [MESSAGE][PASSED] - Taking screenshot successfully
[[ATTACHMENT|D:\\Test\\AgileTest\\Reports\\mobileWeb\\hbi\\20191024_080031\\../Screenshots/iPhone 6/hbi/Core Shield/20191024_080458/4.png]]

2019-10-24 08:05:23 - [TEST_STEP][PASSED] - (internal.GlobalVariable.i++): null

2019-10-24 08:05:23 - [MESSAGE][PASSED] - Call Test Case 'Test Cases/mobileWeb/_include/get_screenshot' successfully

2019-10-24 08:05:23 - [TEST_STEP][PASSED] - click(findTestObject("mobileSanity/HBI/detail/a_Apply for This Plan")): Object: 'Object Repository/mobileSanity/HBI/detail/a_Apply for This Plan' is clicked on

2019-10-24 08:05:23 - [MESSAGE][PASSED] - Object: 'Object Repository/mobileSanity/HBI/detail/a_Apply for This Plan' is clicked on

2019-10-24 08:05:23 - [TEST_STEP][PASSED] - waitForPageLoad(20): Wait for page load successfully

2019-10-24 08:05:24 - [MESSAGE][PASSED] - Wait for page load successfully

2019-10-24 08:05:24 - [TEST_STEP][PASSED] - callTestCase(findTestCase("mobileWeb/_include/get_screenshot"), [:], STOP_ON_FAILURE): Call Test Case 'Test Cases/mobileWeb/_include/get_screenshot' successfully

2019-10-24 08:05:24 - [TEST_CASE][PASSED] - Test Cases/mobileWeb/_include/get_screenshot: Test Cases/mobileWeb/_include/get_screenshot

2019-10-24 08:05:24 - [TEST_STEP][PASSED] - takeScreenshot(screenPath + i + ".png"): Taking screenshot successfully

2019-10-24 08:05:24 - [MESSAGE][PASSED] - Taking screenshot successfully
[[ATTACHMENT|D:\\Test\\AgileTest\\Reports\\mobileWeb\\hbi\\20191024_080031\\../Screenshots/iPhone 6/hbi/Core Shield/20191024_080458/5.png]]

2019-10-24 08:05:24 - [TEST_STEP][PASSED] - (internal.GlobalVariable.i++): null

2019-10-24 08:05:24 - [MESSAGE][PASSED] - Call Test Case 'Test Cases/mobileWeb/_include/get_screenshot' successfully

2019-10-24 08:05:24 - [TEST_STEP][PASSED] - click(findTestObject("mobileSanity/HBI/Page_Apply/span_Start Secure Application")): Object: 'Object Repository/mobileSanity/HBI/Page_Apply/span_Start Secure Application' is clicked on

2019-10-24 08:05:25 - [MESSAGE][PASSED] - Object: 'Object Repository/mobileSanity/HBI/Page_Apply/span_Start Secure Application' is clicked on

2019-10-24 08:05:25 - [TEST_STEP][PASSED] - waitForPageLoad(20): Wait for page load successfully

2019-10-24 08:05:25 - [MESSAGE][PASSED] - Wait for page load successfully

2019-10-24 08:05:25 - [TEST_STEP][PASSED] - Thread.sleep(5000): null

2019-10-24 08:05:30 - [TEST_STEP][PASSED] - callTestCase(findTestCase("mobileWeb/_include/get_screenshot"), [:], STOP_ON_FAILURE): Call Test Case 'Test Cases/mobileWeb/_include/get_screenshot' successfully

2019-10-24 08:05:30 - [TEST_CASE][PASSED] - Test Cases/mobileWeb/_include/get_screenshot: Test Cases/mobileWeb/_include/get_screenshot

2019-10-24 08:05:30 - [TEST_STEP][PASSED] - takeScreenshot(screenPath + i + ".png"): Taking screenshot successfully

2019-10-24 08:05:30 - [MESSAGE][PASSED] - Taking screenshot successfully
[[ATTACHMENT|D:\\Test\\AgileTest\\Reports\\mobileWeb\\hbi\\20191024_080031\\../Screenshots/iPhone 6/hbi/Core Shield/20191024_080458/6.png]]

2019-10-24 08:05:30 - [TEST_STEP][PASSED] - (internal.GlobalVariable.i++): null

2019-10-24 08:05:30 - [MESSAGE][PASSED] - Call Test Case 'Test Cases/mobileWeb/_include/get_screenshot' successfully

2019-10-24 08:05:30 - [TEST_STEP][PASSED] - callTestCase(findTestCase("mobileWeb/_include/goToEnd_hbi"), ["carrier":"coreshield"], CONTINUE_ON_FAILURE): Call Test Case 'Test Cases/mobileWeb/_include/goToEnd_hbi' successfully

2019-10-24 08:05:30 - [TEST_CASE][PASSED] - Test Cases/mobileWeb/_include/goToEnd_hbi: Test Cases/mobileWeb/_include/goToEnd_hbi

2019-10-24 08:05:30 - [TEST_STEP][PASSED] - if (state == "ca"): null

2019-10-24 08:05:30 - [TEST_STEP][PASSED] - callTestCase(findTestCase("mobileWeb/_include/name"), [:], CONTINUE_ON_FAILURE): Call Test Case 'Test Cases/mobileWeb/_include/name' successfully

2019-10-24 08:05:31 - [TEST_CASE][PASSED] - Test Cases/mobileWeb/_include/name: Test Cases/mobileWeb/_include/name

2019-10-24 08:05:31 - [TEST_STEP][PASSED] - driver = getWebDriver(): null

2019-10-24 08:05:31 - [TEST_STEP][PASSED] - selenium = new com.thoughtworks.selenium.webdriven.WebDriverBackedSelenium(driver, internal.GlobalVariable.ENV): null

2019-10-24 08:05:31 - [TEST_STEP][PASSED] - FirstName = "Test-123": null

2019-10-24 08:05:31 - [TEST_STEP][PASSED] - LastName = selenium.getEval("{var x="ABCDEFGHIJKLMNOPQRSTUVWXYZabcdefghijklmnopqrstuvwxyz"; var tmp="ZZ11-"; for (i=0;i<8;i++) tmp+=x.charAt(Math.ceil(51*Math.random()));tmp;}"): null

2019-10-24 08:05:31 - [TEST_STEP][PASSED] - Address = selenium.getEval("{var x="ABCDEFGHIJKLMNOPQRSTUVWXYZabcdefghijklmnopqrstuvwxyz"; var tmp=""; for (i=0;i<8;i++) tmp+=x.charAt(Math.ceil(51*Math.random()));tmp;}"): null

2019-10-24 08:05:31 - [TEST_STEP][PASSED] - City = selenium.getEval("{var x="ABCDEFGHIJKLMNOPQRSTUVWXYZabcdefghijklmnopqrstuvwxyz"; var tmp=""; for (i=0;i<8;i++) tmp+=x.charAt(Math.ceil(51*Math.random()));tmp;}"): null

2019-10-24 08:05:31 - [TEST_STEP][PASSED] - tel1 = selenium.getEval("{var x="123456789"; var tmp=""; for (i=0;i<3;i++) tmp+=x.charAt(Math.ceil(8*Math.random()));tmp;}"): null

2019-10-24 08:05:31 - [TEST_STEP][PASSED] - tel2 = selenium.getEval("{var x="123456789"; var tmp=""; for (i=0;i<3;i++) tmp+=x.charAt(Math.ceil(8*Math.random()));tmp;}"): null

2019-10-24 08:05:31 - [TEST_STEP][PASSED] - tel3 = selenium.getEval("{var x="123456789"; var tmp=""; for (i=0;i<4;i++) tmp+=x.charAt(Math.ceil(8*Math.random()));tmp;}"): null

2019-10-24 08:05:31 - [TEST_STEP][PASSED] - Tel = selenium.getExpression(tel1 + "-" + tel2 + "-" + tel3): null

2019-10-24 08:05:31 - [TEST_STEP][PASSED] - AutoEmail = selenium.getEval("{var x="ABCDEFGHIJKLMNOPQRSTUVWXYZabcdefghijklmnopqrstuvwxyz"; var tmp="test."; for (i=0;i<8;i++) tmp+=x.charAt(Math.ceil(51*Math.random()));tmp+="@suryani.cn";}"): null

2019-10-24 08:05:31 - [TEST_STEP][PASSED] - FirstName = FirstName: null

2019-10-24 08:05:31 - [TEST_STEP][PASSED] - LastName = LastName: null

2019-10-24 08:05:31 - [TEST_STEP][PASSED] - Address = Address: null

2019-10-24 08:05:31 - [TEST_STEP][PASSED] - City = City: null

2019-10-24 08:05:31 - [TEST_STEP][PASSED] - Tel = Tel: null

2019-10-24 08:05:31 - [TEST_STEP][PASSED] - AutoEmail = AutoEmail: null

2019-10-24 08:05:31 - [TEST_STEP][PASSED] - println(FirstName): null

2019-10-24 08:05:31 - [TEST_STEP][PASSED] - println(LastName): null

2019-10-24 08:05:31 - [TEST_STEP][PASSED] - println(Address): null

2019-10-24 08:05:31 - [TEST_STEP][PASSED] - println(City): null

2019-10-24 08:05:31 - [TEST_STEP][PASSED] - println(Tel): null

2019-10-24 08:05:31 - [TEST_STEP][PASSED] - println(AutoEmail): null

2019-10-24 08:05:31 - [MESSAGE][PASSED] - Call Test Case 'Test Cases/mobileWeb/_include/name' successfully

2019-10-24 08:05:31 - [TEST_STEP][PASSED] - setText(findTestObject("mobileSanity/HBI/Page_App Page 1/input__member-P-1-firstName"), FirstName): Text 'Test-123' is set on object 'Object Repository/mobileSanity/HBI/Page_App Page 1/input__member-P-1-firstName'

2019-10-24 08:05:31 - [MESSAGE][PASSED] - Text 'Test-123' is set on object 'Object Repository/mobileSanity/HBI/Page_App Page 1/input__member-P-1-firstName'

2019-10-24 08:05:31 - [TEST_STEP][PASSED] - setText(findTestObject("mobileSanity/HBI/Page_App Page 1/input__member-P-1-lastName"), LastName): Text 'ZZ11-ZkRrPEUF' is set on object 'Object Repository/mobileSanity/HBI/Page_App Page 1/input__member-P-1-lastName'

2019-10-24 08:05:31 - [MESSAGE][PASSED] - Text 'ZZ11-ZkRrPEUF' is set on object 'Object Repository/mobileSanity/HBI/Page_App Page 1/input__member-P-1-lastName'

2019-10-24 08:05:31 - [TEST_STEP][PASSED] - if (carrier == "agileone" || carrier == "agilesecure"): null

2019-10-24 08:05:31 - [TEST_STEP][PASSED] - setText(findTestObject("mobileSanity/HBI/Page_App Page 1/input__address"), Address): Text 'tQqobzNy' is set on object 'Object Repository/mobileSanity/HBI/Page_App Page 1/input__address'

2019-10-24 08:05:31 - [MESSAGE][PASSED] - Text 'tQqobzNy' is set on object 'Object Repository/mobileSanity/HBI/Page_App Page 1/input__address'

2019-10-24 08:05:31 - [TEST_STEP][PASSED] - setText(findTestObject("mobileSanity/HBI/Page_App Page 1/input__city"), City): Text 'FNRElLRK' is set on object 'Object Repository/mobileSanity/HBI/Page_App Page 1/input__city'

2019-10-24 08:05:31 - [MESSAGE][PASSED] - Text 'FNRElLRK' is set on object 'Object Repository/mobileSanity/HBI/Page_App Page 1/input__city'

2019-10-24 08:05:31 - [TEST_STEP][PASSED] - setText(findTestObject("mobileSanity/HBI/Page_App Page 1/input__email"), AutoEmail): Text 'test.lErVVBBC@suryani.cn' is set on object 'Object Repository/mobileSanity/HBI/Page_App Page 1/input__email'

2019-10-24 08:05:31 - [MESSAGE][PASSED] - Text 'test.lErVVBBC@suryani.cn' is set on object 'Object Repository/mobileSanity/HBI/Page_App Page 1/input__email'

2019-10-24 08:05:31 - [TEST_STEP][PASSED] - setText(findTestObject("mobileSanity/HBI/Page_App Page 1/input_tel"), Tel): Text '577-278-4282' is set on object 'Object Repository/mobileSanity/HBI/Page_App Page 1/input_tel'

2019-10-24 08:05:32 - [MESSAGE][PASSED] - Text '577-278-4282' is set on object 'Object Repository/mobileSanity/HBI/Page_App Page 1/input_tel'

2019-10-24 08:05:32 - [TEST_STEP][PASSED] - click(findTestObject("mobileSanity/HBI/Page_App Page 1/a_Continue to Step 2 - Payment")): Object: 'Object Repository/mobileSanity/HBI/Page_App Page 1/a_Continue to Step 2 - Payment' is clicked on

2019-10-24 08:05:32 - [MESSAGE][PASSED] - Object: 'Object Repository/mobileSanity/HBI/Page_App Page 1/a_Continue to Step 2 - Payment' is clicked on

2019-10-24 08:05:32 - [TEST_STEP][PASSED] - waitForPageLoad(20): Wait for page load successfully

2019-10-24 08:05:32 - [MESSAGE][PASSED] - Wait for page load successfully

2019-10-24 08:05:32 - [TEST_STEP][PASSED] - Thread.sleep(2000): null

2019-10-24 08:05:34 - [TEST_STEP][PASSED] - waitForElementVisible(findTestObject("mobileSanity/HBI/Page_App Page 2/input__credit-card-first"), 20): Object 'Object Repository/mobileSanity/HBI/Page_App Page 2/input__credit-card-first' is visible

2019-10-24 08:05:34 - [MESSAGE][PASSED] - Object 'Object Repository/mobileSanity/HBI/Page_App Page 2/input__credit-card-first' is visible

2019-10-24 08:05:34 - [TEST_STEP][PASSED] - callTestCase(findTestCase("mobileWeb/_include/get_screenshot"), [:], STOP_ON_FAILURE): Call Test Case 'Test Cases/mobileWeb/_include/get_screenshot' successfully

2019-10-24 08:05:34 - [TEST_CASE][PASSED] - Test Cases/mobileWeb/_include/get_screenshot: Test Cases/mobileWeb/_include/get_screenshot

2019-10-24 08:05:34 - [TEST_STEP][PASSED] - takeScreenshot(screenPath + i + ".png"): Taking screenshot successfully

2019-10-24 08:05:34 - [MESSAGE][PASSED] - Taking screenshot successfully
[[ATTACHMENT|D:\\Test\\AgileTest\\Reports\\mobileWeb\\hbi\\20191024_080031\\../Screenshots/iPhone 6/hbi/Core Shield/20191024_080458/7.png]]

2019-10-24 08:05:34 - [TEST_STEP][PASSED] - (internal.GlobalVariable.i++): null

2019-10-24 08:05:34 - [MESSAGE][PASSED] - Call Test Case 'Test Cases/mobileWeb/_include/get_screenshot' successfully

2019-10-24 08:05:34 - [TEST_STEP][PASSED] - setText(findTestObject("mobileSanity/HBI/Page_App Page 2/input__credit-card-first"), FirstName): Text 'Test-123' is set on object 'Object Repository/mobileSanity/HBI/Page_App Page 2/input__credit-card-first'

2019-10-24 08:05:34 - [MESSAGE][PASSED] - Text 'Test-123' is set on object 'Object Repository/mobileSanity/HBI/Page_App Page 2/input__credit-card-first'

2019-10-24 08:05:34 - [TEST_STEP][PASSED] - setText(findTestObject("mobileSanity/HBI/Page_App Page 2/input__credit-card-last"), LastName): Text 'ZZ11-ZkRrPEUF' is set on object 'Object Repository/mobileSanity/HBI/Page_App Page 2/input__credit-card-last'

2019-10-24 08:05:35 - [MESSAGE][PASSED] - Text 'ZZ11-ZkRrPEUF' is set on object 'Object Repository/mobileSanity/HBI/Page_App Page 2/input__credit-card-last'

2019-10-24 08:05:35 - [TEST_STEP][PASSED] - selectOptionByValue(findTestObject("mobileSanity/HBI/Page_App Page 2/select_MM010203040506070809101"), "12", true): All options with value '12' are selected in object 'Object Repository/mobileSanity/HBI/Page_App Page 2/select_MM010203040506070809101'  using regular expression

2019-10-24 08:05:36 - [MESSAGE][PASSED] - All options with value '12' are selected in object 'Object Repository/mobileSanity/HBI/Page_App Page 2/select_MM010203040506070809101'  using regular expression

2019-10-24 08:05:36 - [TEST_STEP][PASSED] - selectOptionByValue(findTestObject("mobileSanity/HBI/Page_App Page 2/select_YYYY2019202020212022202"), "2026", true): All options with value '2026' are selected in object 'Object Repository/mobileSanity/HBI/Page_App Page 2/select_YYYY2019202020212022202'  using regular expression

2019-10-24 08:05:36 - [MESSAGE][PASSED] - All options with value '2026' are selected in object 'Object Repository/mobileSanity/HBI/Page_App Page 2/select_YYYY2019202020212022202'  using regular expression

2019-10-24 08:05:36 - [TEST_STEP][PASSED] - setText(findTestObject("mobileSanity/HBI/Page_App Page 2/input__credit-card-number"), "4111111111111111"): Text '4111111111111111' is set on object 'Object Repository/mobileSanity/HBI/Page_App Page 2/input__credit-card-number'

2019-10-24 08:05:37 - [MESSAGE][PASSED] - Text '4111111111111111' is set on object 'Object Repository/mobileSanity/HBI/Page_App Page 2/input__credit-card-number'

2019-10-24 08:05:37 - [TEST_STEP][PASSED] - setText(findTestObject("mobileSanity/HBI/Page_App Page 2/input__cvv"), "123"): Text '123' is set on object 'Object Repository/mobileSanity/HBI/Page_App Page 2/input__cvv'

2019-10-24 08:05:37 - [MESSAGE][PASSED] - Text '123' is set on object 'Object Repository/mobileSanity/HBI/Page_App Page 2/input__cvv'

2019-10-24 08:05:37 - [TEST_STEP][PASSED] - click(findTestObject("mobileSanity/HBI/Page_App Page 2/label_My billing address is th")): Object: 'Object Repository/mobileSanity/HBI/Page_App Page 2/label_My billing address is th' is clicked on

2019-10-24 08:05:37 - [MESSAGE][PASSED] - Object: 'Object Repository/mobileSanity/HBI/Page_App Page 2/label_My billing address is th' is clicked on

2019-10-24 08:05:37 - [TEST_STEP][PASSED] - click(findTestObject("mobileSanity/HBI/Page_App Page 2/label_I Accept Authorization f")): Object: 'Object Repository/mobileSanity/HBI/Page_App Page 2/label_I Accept Authorization f' is clicked on

2019-10-24 08:05:37 - [MESSAGE][PASSED] - Object: 'Object Repository/mobileSanity/HBI/Page_App Page 2/label_I Accept Authorization f' is clicked on

2019-10-24 08:05:37 - [TEST_STEP][PASSED] - click(findTestObject("mobileSanity/HBI/Page_App Page 2/a_Continue to Step 3 - Review")): Object: 'Object Repository/mobileSanity/HBI/Page_App Page 2/a_Continue to Step 3 - Review' is clicked on

2019-10-24 08:05:38 - [MESSAGE][PASSED] - Object: 'Object Repository/mobileSanity/HBI/Page_App Page 2/a_Continue to Step 3 - Review' is clicked on

2019-10-24 08:05:38 - [TEST_STEP][PASSED] - waitForPageLoad(20): Wait for page load successfully

2019-10-24 08:05:38 - [MESSAGE][PASSED] - Wait for page load successfully

2019-10-24 08:05:38 - [TEST_STEP][PASSED] - Thread.sleep(10000): null

2019-10-24 08:05:48 - [TEST_STEP][PASSED] - waitForElementPresent(findTestObject("mobileSanity/HBI/Page_App Page 3/label"), 20): Object 'Object Repository/mobileSanity/HBI/Page_App Page 3/label' is present

2019-10-24 08:05:48 - [MESSAGE][PASSED] - Object 'Object Repository/mobileSanity/HBI/Page_App Page 3/label' is present

2019-10-24 08:05:48 - [TEST_STEP][PASSED] - callTestCase(findTestCase("mobileWeb/_include/get_screenshot"), [:], STOP_ON_FAILURE): Call Test Case 'Test Cases/mobileWeb/_include/get_screenshot' successfully

2019-10-24 08:05:48 - [TEST_CASE][PASSED] - Test Cases/mobileWeb/_include/get_screenshot: Test Cases/mobileWeb/_include/get_screenshot

2019-10-24 08:05:48 - [TEST_STEP][PASSED] - takeScreenshot(screenPath + i + ".png"): Taking screenshot successfully

2019-10-24 08:05:49 - [MESSAGE][PASSED] - Taking screenshot successfully
[[ATTACHMENT|D:\\Test\\AgileTest\\Reports\\mobileWeb\\hbi\\20191024_080031\\../Screenshots/iPhone 6/hbi/Core Shield/20191024_080458/8.png]]

2019-10-24 08:05:49 - [TEST_STEP][PASSED] - (internal.GlobalVariable.i++): null

2019-10-24 08:05:49 - [MESSAGE][PASSED] - Call Test Case 'Test Cases/mobileWeb/_include/get_screenshot' successfully

2019-10-24 08:05:49 - [TEST_STEP][PASSED] - click(findTestObject("mobileSanity/HBI/Page_App Page 3/label")): Object: 'Object Repository/mobileSanity/HBI/Page_App Page 3/label' is clicked on

2019-10-24 08:05:49 - [MESSAGE][PASSED] - Object: 'Object Repository/mobileSanity/HBI/Page_App Page 3/label' is clicked on

2019-10-24 08:05:49 - [TEST_STEP][PASSED] - click(findTestObject("mobileSanity/HBI/Page_App Page 3/p_CLICK TO SIGN")): Object: 'Object Repository/mobileSanity/HBI/Page_App Page 3/p_CLICK TO SIGN' is clicked on

2019-10-24 08:05:49 - [MESSAGE][PASSED] - Object: 'Object Repository/mobileSanity/HBI/Page_App Page 3/p_CLICK TO SIGN' is clicked on

2019-10-24 08:05:49 - [TEST_STEP][PASSED] - click(findTestObject("mobileSanity/HBI/Page_App Page 3/a_Submit Your Application")): Object: 'Object Repository/mobileSanity/HBI/Page_App Page 3/a_Submit Your Application' is clicked on

2019-10-24 08:05:49 - [MESSAGE][PASSED] - Object: 'Object Repository/mobileSanity/HBI/Page_App Page 3/a_Submit Your Application' is clicked on

2019-10-24 08:05:49 - [TEST_STEP][PASSED] - Thread.sleep(30000): null

2019-10-24 08:06:19 - [TEST_STEP][PASSED] - callTestCase(findTestCase("mobileWeb/_include/get_screenshot"), [:], STOP_ON_FAILURE): Call Test Case 'Test Cases/mobileWeb/_include/get_screenshot' successfully

2019-10-24 08:06:19 - [TEST_CASE][PASSED] - Test Cases/mobileWeb/_include/get_screenshot: Test Cases/mobileWeb/_include/get_screenshot

2019-10-24 08:06:19 - [TEST_STEP][PASSED] - takeScreenshot(screenPath + i + ".png"): Taking screenshot successfully

2019-10-24 08:06:20 - [MESSAGE][PASSED] - Taking screenshot successfully
[[ATTACHMENT|D:\\Test\\AgileTest\\Reports\\mobileWeb\\hbi\\20191024_080031\\../Screenshots/iPhone 6/hbi/Core Shield/20191024_080458/9.png]]

2019-10-24 08:06:20 - [TEST_STEP][PASSED] - (internal.GlobalVariable.i++): null

2019-10-24 08:06:20 - [MESSAGE][PASSED] - Call Test Case 'Test Cases/mobileWeb/_include/get_screenshot' successfully

2019-10-24 08:06:20 - [TEST_STEP][PASSED] - verifyTextPresent("Congratulations", false): Text 'Congratulations' is present on page 

2019-10-24 08:06:20 - [MESSAGE][PASSED] - Text 'Congratulations' is present on page 

2019-10-24 08:06:20 - [MESSAGE][PASSED] - Call Test Case 'Test Cases/mobileWeb/_include/goToEnd_hbi' successfully]]></system-out>
         <system-err><![CDATA[]]></system-err>
      </testcase>
      <testcase name="Test Cases/mobileWeb/HBI/Agile Secure" classname="Test Cases/mobileWeb/HBI/Agile Secure" status="PASSED">
         <system-out><![CDATA[2019-10-24 08:06:20 - [TEST_CASE][PASSED] - Test Cases/mobileWeb/HBI/Agile Secure: Test Cases/mobileWeb/HBI/Agile Secure

2019-10-24 08:06:20 - [TEST_STEP][PASSED] - callTestCase(findTestCase("mobileWeb/_include/get_screenPath"), ["productLine":"hbi", "carrierName":"Agile Secure"], CONTINUE_ON_FAILURE): Call Test Case 'Test Cases/mobileWeb/_include/get_screenPath' successfully

2019-10-24 08:06:20 - [TEST_CASE][PASSED] - Test Cases/mobileWeb/_include/get_screenPath: Test Cases/mobileWeb/_include/get_screenPath

2019-10-24 08:06:20 - [TEST_STEP][PASSED] - m = getExecutionProperties(): null

2019-10-24 08:06:20 - [TEST_STEP][PASSED] - deviceName = get("mobileEmulation").get("deviceName"): null

2019-10-24 08:06:20 - [TEST_STEP][PASSED] - println(deviceName): null

2019-10-24 08:06:20 - [TEST_STEP][PASSED] - now = new java.util.Date(): null

2019-10-24 08:06:20 - [TEST_STEP][PASSED] - mydate = now.format("yyyyMMdd_HHmmss"): null

2019-10-24 08:06:20 - [TEST_STEP][PASSED] - screenPath = "../Screenshots/": null

2019-10-24 08:06:20 - [TEST_STEP][PASSED] - screenPath = screenPath + deviceName + "/" + productLine + "/" + carrierName + "/" + mydate + "/": null

2019-10-24 08:06:20 - [TEST_STEP][PASSED] - println(screenPath): null

2019-10-24 08:06:20 - [MESSAGE][PASSED] - Call Test Case 'Test Cases/mobileWeb/_include/get_screenPath' successfully

2019-10-24 08:06:20 - [TEST_STEP][PASSED] - i = 0: null

2019-10-24 08:06:20 - [TEST_STEP][PASSED] - callTestCase(findTestCase("mobileWeb/_include/openWebSite"), [:], CONTINUE_ON_FAILURE): Call Test Case 'Test Cases/mobileWeb/_include/openWebSite' successfully

2019-10-24 08:06:20 - [TEST_CASE][PASSED] - Test Cases/mobileWeb/_include/openWebSite: Test Cases/mobileWeb/_include/openWebSite

2019-10-24 08:06:20 - [TEST_STEP][PASSED] - openBrowser(env): Browser is opened with url: 'https://praetemptatus.agilehealthinsurance.com'

2019-10-24 08:06:20 - [MESSAGE][WARNING] - A browser is already opened. Closing browser and opening a new one

2019-10-24 08:06:21 - [MESSAGE][INFO] - Starting 'Chrome' driver

2019-10-24 08:06:21 - [MESSAGE][INFO] - User set preference: ['mobileEmulation', '{deviceName=iPhone 6}']

2019-10-24 08:06:21 - [MESSAGE][INFO] - User set preference: ['args', '[--incognito, --aggressive-cache-discard, --window-size=375,677, --no-sandbox]']

2019-10-24 08:06:23 - [MESSAGE][PASSED] - Browser is opened with url: 'https://praetemptatus.agilehealthinsurance.com'

2019-10-24 08:06:23 - [TEST_STEP][PASSED] - waitForPageLoad(20): Wait for page load successfully

2019-10-24 08:06:23 - [MESSAGE][PASSED] - Wait for page load successfully

2019-10-24 08:06:23 - [TEST_STEP][PASSED] - Thread.sleep(2000): null

2019-10-24 08:06:25 - [TEST_STEP][PASSED] - callTestCase(findTestCase("mobileWeb/_include/get_screenshot"), [:], STOP_ON_FAILURE): Call Test Case 'Test Cases/mobileWeb/_include/get_screenshot' successfully

2019-10-24 08:06:25 - [TEST_CASE][PASSED] - Test Cases/mobileWeb/_include/get_screenshot: Test Cases/mobileWeb/_include/get_screenshot

2019-10-24 08:06:25 - [TEST_STEP][PASSED] - takeScreenshot(screenPath + i + ".png"): Taking screenshot successfully

2019-10-24 08:06:26 - [MESSAGE][PASSED] - Taking screenshot successfully
[[ATTACHMENT|D:\\Test\\AgileTest\\Reports\\mobileWeb\\hbi\\20191024_080031\\../Screenshots/iPhone 6/hbi/Agile Secure/20191024_080620/0.png]]

2019-10-24 08:06:26 - [TEST_STEP][PASSED] - (internal.GlobalVariable.i++): null

2019-10-24 08:06:26 - [MESSAGE][PASSED] - Call Test Case 'Test Cases/mobileWeb/_include/get_screenshot' successfully

2019-10-24 08:06:26 - [MESSAGE][PASSED] - Call Test Case 'Test Cases/mobileWeb/_include/openWebSite' successfully

2019-10-24 08:06:26 - [TEST_STEP][PASSED] - callTestCase(findTestCase("mobileWeb/_include/census_hbi"), ["zipcode":"08701"], CONTINUE_ON_FAILURE): Call Test Case 'Test Cases/mobileWeb/_include/census_hbi' successfully

2019-10-24 08:06:26 - [TEST_CASE][PASSED] - Test Cases/mobileWeb/_include/census_hbi: Test Cases/mobileWeb/_include/census_hbi

2019-10-24 08:06:26 - [TEST_STEP][PASSED] - click(findTestObject("mobileSanity/Common/side_nav/menu")): Object: 'Object Repository/mobileSanity/Common/side_nav/menu' is clicked on

2019-10-24 08:06:26 - [MESSAGE][PASSED] - Object: 'Object Repository/mobileSanity/Common/side_nav/menu' is clicked on

2019-10-24 08:06:26 - [TEST_STEP][PASSED] - Thread.sleep(3000): null

2019-10-24 08:06:29 - [TEST_STEP][PASSED] - callTestCase(findTestCase("mobileWeb/_include/get_screenshot"), [:], STOP_ON_FAILURE): Call Test Case 'Test Cases/mobileWeb/_include/get_screenshot' successfully

2019-10-24 08:06:29 - [TEST_CASE][PASSED] - Test Cases/mobileWeb/_include/get_screenshot: Test Cases/mobileWeb/_include/get_screenshot

2019-10-24 08:06:29 - [TEST_STEP][PASSED] - takeScreenshot(screenPath + i + ".png"): Taking screenshot successfully

2019-10-24 08:06:29 - [MESSAGE][PASSED] - Taking screenshot successfully
[[ATTACHMENT|D:\\Test\\AgileTest\\Reports\\mobileWeb\\hbi\\20191024_080031\\../Screenshots/iPhone 6/hbi/Agile Secure/20191024_080620/1.png]]

2019-10-24 08:06:29 - [TEST_STEP][PASSED] - (internal.GlobalVariable.i++): null

2019-10-24 08:06:29 - [MESSAGE][PASSED] - Call Test Case 'Test Cases/mobileWeb/_include/get_screenshot' successfully

2019-10-24 08:06:29 - [TEST_STEP][PASSED] - click(findTestObject("mobileSanity/Common/side_nav/nav_hbi")): Object: 'Object Repository/mobileSanity/Common/side_nav/nav_hbi' is clicked on

2019-10-24 08:06:30 - [MESSAGE][PASSED] - Object: 'Object Repository/mobileSanity/Common/side_nav/nav_hbi' is clicked on

2019-10-24 08:06:30 - [TEST_STEP][PASSED] - waitForPageLoad(10): Wait for page load successfully

2019-10-24 08:06:30 - [MESSAGE][PASSED] - Wait for page load successfully

2019-10-24 08:06:30 - [TEST_STEP][PASSED] - Thread.sleep(3000): null

2019-10-24 08:06:33 - [TEST_STEP][PASSED] - callTestCase(findTestCase("mobileWeb/_include/get_screenshot"), [:], STOP_ON_FAILURE): Call Test Case 'Test Cases/mobileWeb/_include/get_screenshot' successfully

2019-10-24 08:06:33 - [TEST_CASE][PASSED] - Test Cases/mobileWeb/_include/get_screenshot: Test Cases/mobileWeb/_include/get_screenshot

2019-10-24 08:06:33 - [TEST_STEP][PASSED] - takeScreenshot(screenPath + i + ".png"): Taking screenshot successfully

2019-10-24 08:06:33 - [MESSAGE][PASSED] - Taking screenshot successfully
[[ATTACHMENT|D:\\Test\\AgileTest\\Reports\\mobileWeb\\hbi\\20191024_080031\\../Screenshots/iPhone 6/hbi/Agile Secure/20191024_080620/2.png]]

2019-10-24 08:06:33 - [TEST_STEP][PASSED] - (internal.GlobalVariable.i++): null

2019-10-24 08:06:33 - [MESSAGE][PASSED] - Call Test Case 'Test Cases/mobileWeb/_include/get_screenshot' successfully

2019-10-24 08:06:33 - [TEST_STEP][PASSED] - setText(findTestObject("mobileSanity/HBI/census/input_Location_zip-input"), zipcode): Text '08701' is set on object 'Object Repository/mobileSanity/HBI/census/input_Location_zip-input'

2019-10-24 08:06:33 - [MESSAGE][PASSED] - Text '08701' is set on object 'Object Repository/mobileSanity/HBI/census/input_Location_zip-input'

2019-10-24 08:06:33 - [TEST_STEP][PASSED] - Thread.sleep(500): null

2019-10-24 08:06:34 - [TEST_STEP][PASSED] - setText(findTestObject("mobileSanity/HBI/census/input_Date of Birth_dob-0"), "12121980"): Text '12121980' is set on object 'Object Repository/mobileSanity/HBI/census/input_Date of Birth_dob-0'

2019-10-24 08:06:34 - [MESSAGE][PASSED] - Text '12121980' is set on object 'Object Repository/mobileSanity/HBI/census/input_Date of Birth_dob-0'

2019-10-24 08:06:34 - [TEST_STEP][PASSED] - click(findTestObject("mobileSanity/HBI/census/label_Male")): Object: 'Object Repository/mobileSanity/HBI/census/label_Male' is clicked on

2019-10-24 08:06:34 - [MESSAGE][PASSED] - Object: 'Object Repository/mobileSanity/HBI/census/label_Male' is clicked on

2019-10-24 08:06:34 - [TEST_STEP][PASSED] - click(findTestObject("mobileSanity/HBI/census/label_Get a Quote")): Object: 'Object Repository/mobileSanity/HBI/census/label_Get a Quote' is clicked on

2019-10-24 08:06:35 - [MESSAGE][PASSED] - Object: 'Object Repository/mobileSanity/HBI/census/label_Get a Quote' is clicked on

2019-10-24 08:06:35 - [TEST_STEP][PASSED] - waitForPageLoad(20): Wait for page load successfully

2019-10-24 08:06:35 - [MESSAGE][PASSED] - Wait for page load successfully

2019-10-24 08:06:35 - [TEST_STEP][PASSED] - Thread.sleep(3000): null

2019-10-24 08:06:38 - [TEST_STEP][PASSED] - callTestCase(findTestCase("mobileWeb/_include/get_screenshot"), [:], STOP_ON_FAILURE): Call Test Case 'Test Cases/mobileWeb/_include/get_screenshot' successfully

2019-10-24 08:06:38 - [TEST_CASE][PASSED] - Test Cases/mobileWeb/_include/get_screenshot: Test Cases/mobileWeb/_include/get_screenshot

2019-10-24 08:06:38 - [TEST_STEP][PASSED] - takeScreenshot(screenPath + i + ".png"): Taking screenshot successfully

2019-10-24 08:06:38 - [MESSAGE][PASSED] - Taking screenshot successfully
[[ATTACHMENT|D:\\Test\\AgileTest\\Reports\\mobileWeb\\hbi\\20191024_080031\\../Screenshots/iPhone 6/hbi/Agile Secure/20191024_080620/3.png]]

2019-10-24 08:06:38 - [TEST_STEP][PASSED] - (internal.GlobalVariable.i++): null

2019-10-24 08:06:38 - [MESSAGE][PASSED] - Call Test Case 'Test Cases/mobileWeb/_include/get_screenshot' successfully

2019-10-24 08:06:38 - [MESSAGE][PASSED] - Call Test Case 'Test Cases/mobileWeb/_include/census_hbi' successfully

2019-10-24 08:06:38 - [TEST_STEP][PASSED] - click(findTestObject("mobileSanity/HBI/detail/a_Apply for This Plan")): Object: 'Object Repository/mobileSanity/HBI/detail/a_Apply for This Plan' is clicked on

2019-10-24 08:06:40 - [MESSAGE][PASSED] - Object: 'Object Repository/mobileSanity/HBI/detail/a_Apply for This Plan' is clicked on

2019-10-24 08:06:40 - [TEST_STEP][PASSED] - waitForPageLoad(20): Wait for page load successfully

2019-10-24 08:06:40 - [MESSAGE][PASSED] - Wait for page load successfully

2019-10-24 08:06:40 - [TEST_STEP][PASSED] - callTestCase(findTestCase("mobileWeb/_include/get_screenshot"), [:], STOP_ON_FAILURE): Call Test Case 'Test Cases/mobileWeb/_include/get_screenshot' successfully

2019-10-24 08:06:40 - [TEST_CASE][PASSED] - Test Cases/mobileWeb/_include/get_screenshot: Test Cases/mobileWeb/_include/get_screenshot

2019-10-24 08:06:40 - [TEST_STEP][PASSED] - takeScreenshot(screenPath + i + ".png"): Taking screenshot successfully

2019-10-24 08:06:41 - [MESSAGE][PASSED] - Taking screenshot successfully
[[ATTACHMENT|D:\\Test\\AgileTest\\Reports\\mobileWeb\\hbi\\20191024_080031\\../Screenshots/iPhone 6/hbi/Agile Secure/20191024_080620/4.png]]

2019-10-24 08:06:41 - [TEST_STEP][PASSED] - (internal.GlobalVariable.i++): null

2019-10-24 08:06:41 - [MESSAGE][PASSED] - Call Test Case 'Test Cases/mobileWeb/_include/get_screenshot' successfully

2019-10-24 08:06:41 - [TEST_STEP][PASSED] - click(findTestObject("mobileSanity/HBI/Page_Apply/span_Start Secure Application")): Object: 'Object Repository/mobileSanity/HBI/Page_Apply/span_Start Secure Application' is clicked on

2019-10-24 08:06:42 - [MESSAGE][PASSED] - Object: 'Object Repository/mobileSanity/HBI/Page_Apply/span_Start Secure Application' is clicked on

2019-10-24 08:06:42 - [TEST_STEP][PASSED] - waitForPageLoad(20): Wait for page load successfully

2019-10-24 08:06:42 - [MESSAGE][PASSED] - Wait for page load successfully

2019-10-24 08:06:42 - [TEST_STEP][PASSED] - Thread.sleep(5000): null

2019-10-24 08:06:47 - [TEST_STEP][PASSED] - callTestCase(findTestCase("mobileWeb/_include/get_screenshot"), [:], STOP_ON_FAILURE): Call Test Case 'Test Cases/mobileWeb/_include/get_screenshot' successfully

2019-10-24 08:06:47 - [TEST_CASE][PASSED] - Test Cases/mobileWeb/_include/get_screenshot: Test Cases/mobileWeb/_include/get_screenshot

2019-10-24 08:06:47 - [TEST_STEP][PASSED] - takeScreenshot(screenPath + i + ".png"): Taking screenshot successfully

2019-10-24 08:06:47 - [MESSAGE][PASSED] - Taking screenshot successfully
[[ATTACHMENT|D:\\Test\\AgileTest\\Reports\\mobileWeb\\hbi\\20191024_080031\\../Screenshots/iPhone 6/hbi/Agile Secure/20191024_080620/5.png]]

2019-10-24 08:06:47 - [TEST_STEP][PASSED] - (internal.GlobalVariable.i++): null

2019-10-24 08:06:47 - [MESSAGE][PASSED] - Call Test Case 'Test Cases/mobileWeb/_include/get_screenshot' successfully

2019-10-24 08:06:47 - [TEST_STEP][PASSED] - callTestCase(findTestCase("mobileWeb/_include/goToEnd_hbi"), ["carrier":"agilesecure"], CONTINUE_ON_FAILURE): Call Test Case 'Test Cases/mobileWeb/_include/goToEnd_hbi' successfully

2019-10-24 08:06:47 - [TEST_CASE][PASSED] - Test Cases/mobileWeb/_include/goToEnd_hbi: Test Cases/mobileWeb/_include/goToEnd_hbi

2019-10-24 08:06:47 - [TEST_STEP][PASSED] - if (state == "ca"): null

2019-10-24 08:06:47 - [TEST_STEP][PASSED] - callTestCase(findTestCase("mobileWeb/_include/name"), [:], CONTINUE_ON_FAILURE): Call Test Case 'Test Cases/mobileWeb/_include/name' successfully

2019-10-24 08:06:47 - [TEST_CASE][PASSED] - Test Cases/mobileWeb/_include/name: Test Cases/mobileWeb/_include/name

2019-10-24 08:06:47 - [TEST_STEP][PASSED] - driver = getWebDriver(): null

2019-10-24 08:06:47 - [TEST_STEP][PASSED] - selenium = new com.thoughtworks.selenium.webdriven.WebDriverBackedSelenium(driver, internal.GlobalVariable.ENV): null

2019-10-24 08:06:47 - [TEST_STEP][PASSED] - FirstName = "Test-123": null

2019-10-24 08:06:47 - [TEST_STEP][PASSED] - LastName = selenium.getEval("{var x="ABCDEFGHIJKLMNOPQRSTUVWXYZabcdefghijklmnopqrstuvwxyz"; var tmp="ZZ11-"; for (i=0;i<8;i++) tmp+=x.charAt(Math.ceil(51*Math.random()));tmp;}"): null

2019-10-24 08:06:47 - [TEST_STEP][PASSED] - Address = selenium.getEval("{var x="ABCDEFGHIJKLMNOPQRSTUVWXYZabcdefghijklmnopqrstuvwxyz"; var tmp=""; for (i=0;i<8;i++) tmp+=x.charAt(Math.ceil(51*Math.random()));tmp;}"): null

2019-10-24 08:06:47 - [TEST_STEP][PASSED] - City = selenium.getEval("{var x="ABCDEFGHIJKLMNOPQRSTUVWXYZabcdefghijklmnopqrstuvwxyz"; var tmp=""; for (i=0;i<8;i++) tmp+=x.charAt(Math.ceil(51*Math.random()));tmp;}"): null

2019-10-24 08:06:48 - [TEST_STEP][PASSED] - tel1 = selenium.getEval("{var x="123456789"; var tmp=""; for (i=0;i<3;i++) tmp+=x.charAt(Math.ceil(8*Math.random()));tmp;}"): null

2019-10-24 08:06:48 - [TEST_STEP][PASSED] - tel2 = selenium.getEval("{var x="123456789"; var tmp=""; for (i=0;i<3;i++) tmp+=x.charAt(Math.ceil(8*Math.random()));tmp;}"): null

2019-10-24 08:06:48 - [TEST_STEP][PASSED] - tel3 = selenium.getEval("{var x="123456789"; var tmp=""; for (i=0;i<4;i++) tmp+=x.charAt(Math.ceil(8*Math.random()));tmp;}"): null

2019-10-24 08:06:48 - [TEST_STEP][PASSED] - Tel = selenium.getExpression(tel1 + "-" + tel2 + "-" + tel3): null

2019-10-24 08:06:48 - [TEST_STEP][PASSED] - AutoEmail = selenium.getEval("{var x="ABCDEFGHIJKLMNOPQRSTUVWXYZabcdefghijklmnopqrstuvwxyz"; var tmp="test."; for (i=0;i<8;i++) tmp+=x.charAt(Math.ceil(51*Math.random()));tmp+="@suryani.cn";}"): null

2019-10-24 08:06:48 - [TEST_STEP][PASSED] - FirstName = FirstName: null

2019-10-24 08:06:48 - [TEST_STEP][PASSED] - LastName = LastName: null

2019-10-24 08:06:48 - [TEST_STEP][PASSED] - Address = Address: null

2019-10-24 08:06:48 - [TEST_STEP][PASSED] - City = City: null

2019-10-24 08:06:48 - [TEST_STEP][PASSED] - Tel = Tel: null

2019-10-24 08:06:48 - [TEST_STEP][PASSED] - AutoEmail = AutoEmail: null

2019-10-24 08:06:48 - [TEST_STEP][PASSED] - println(FirstName): null

2019-10-24 08:06:48 - [TEST_STEP][PASSED] - println(LastName): null

2019-10-24 08:06:48 - [TEST_STEP][PASSED] - println(Address): null

2019-10-24 08:06:48 - [TEST_STEP][PASSED] - println(City): null

2019-10-24 08:06:48 - [TEST_STEP][PASSED] - println(Tel): null

2019-10-24 08:06:48 - [TEST_STEP][PASSED] - println(AutoEmail): null

2019-10-24 08:06:48 - [MESSAGE][PASSED] - Call Test Case 'Test Cases/mobileWeb/_include/name' successfully

2019-10-24 08:06:48 - [TEST_STEP][PASSED] - setText(findTestObject("mobileSanity/HBI/Page_App Page 1/input__member-P-1-firstName"), FirstName): Text 'Test-123' is set on object 'Object Repository/mobileSanity/HBI/Page_App Page 1/input__member-P-1-firstName'

2019-10-24 08:06:48 - [MESSAGE][PASSED] - Text 'Test-123' is set on object 'Object Repository/mobileSanity/HBI/Page_App Page 1/input__member-P-1-firstName'

2019-10-24 08:06:48 - [TEST_STEP][PASSED] - setText(findTestObject("mobileSanity/HBI/Page_App Page 1/input__member-P-1-lastName"), LastName): Text 'ZZ11-ShzweguU' is set on object 'Object Repository/mobileSanity/HBI/Page_App Page 1/input__member-P-1-lastName'

2019-10-24 08:06:48 - [MESSAGE][PASSED] - Text 'ZZ11-ShzweguU' is set on object 'Object Repository/mobileSanity/HBI/Page_App Page 1/input__member-P-1-lastName'

2019-10-24 08:06:48 - [TEST_STEP][PASSED] - if (carrier == "agileone" || carrier == "agilesecure"): Text 'test6' is set on object 'Object Repository/mobileSanity/HBI/Page_App Page 1/input__contingent-beneficiary-relationship'

2019-10-24 08:06:48 - [TEST_STEP][PASSED] - setText(findTestObject("mobileSanity/HBI/Page_App Page 1/input__primary-beneficiary-fir"), "test1"): Text 'test1' is set on object 'Object Repository/mobileSanity/HBI/Page_App Page 1/input__primary-beneficiary-fir'

2019-10-24 08:06:48 - [MESSAGE][PASSED] - Text 'test1' is set on object 'Object Repository/mobileSanity/HBI/Page_App Page 1/input__primary-beneficiary-fir'

2019-10-24 08:06:48 - [TEST_STEP][PASSED] - setText(findTestObject("mobileSanity/HBI/Page_App Page 1/input__primary-beneficiary-las"), "test2"): Text 'test2' is set on object 'Object Repository/mobileSanity/HBI/Page_App Page 1/input__primary-beneficiary-las'

2019-10-24 08:06:48 - [MESSAGE][PASSED] - Text 'test2' is set on object 'Object Repository/mobileSanity/HBI/Page_App Page 1/input__primary-beneficiary-las'

2019-10-24 08:06:48 - [TEST_STEP][PASSED] - setText(findTestObject("mobileSanity/HBI/Page_App Page 1/input__primary-beneficiary-rel"), "test3"): Text 'test3' is set on object 'Object Repository/mobileSanity/HBI/Page_App Page 1/input__primary-beneficiary-rel'

2019-10-24 08:06:48 - [MESSAGE][PASSED] - Text 'test3' is set on object 'Object Repository/mobileSanity/HBI/Page_App Page 1/input__primary-beneficiary-rel'

2019-10-24 08:06:48 - [TEST_STEP][PASSED] - setText(findTestObject("mobileSanity/HBI/Page_App Page 1/input__contingent-beneficiary-"), "test4"): Text 'test4' is set on object 'Object Repository/mobileSanity/HBI/Page_App Page 1/input__contingent-beneficiary-'

2019-10-24 08:06:48 - [MESSAGE][PASSED] - Text 'test4' is set on object 'Object Repository/mobileSanity/HBI/Page_App Page 1/input__contingent-beneficiary-'

2019-10-24 08:06:48 - [TEST_STEP][PASSED] - setText(findTestObject("mobileSanity/HBI/Page_App Page 1/input__contingent-beneficiary-_lastname"), "test5"): Text 'test5' is set on object 'Object Repository/mobileSanity/HBI/Page_App Page 1/input__contingent-beneficiary-_lastname'

2019-10-24 08:06:48 - [MESSAGE][PASSED] - Text 'test5' is set on object 'Object Repository/mobileSanity/HBI/Page_App Page 1/input__contingent-beneficiary-_lastname'

2019-10-24 08:06:48 - [TEST_STEP][PASSED] - setText(findTestObject("mobileSanity/HBI/Page_App Page 1/input__contingent-beneficiary-relationship"), "test6"): Text 'test6' is set on object 'Object Repository/mobileSanity/HBI/Page_App Page 1/input__contingent-beneficiary-relationship'

2019-10-24 08:06:49 - [MESSAGE][PASSED] - Text 'test6' is set on object 'Object Repository/mobileSanity/HBI/Page_App Page 1/input__contingent-beneficiary-relationship'

2019-10-24 08:06:49 - [TEST_STEP][PASSED] - setText(findTestObject("mobileSanity/HBI/Page_App Page 1/input__address"), Address): Text 'vtRpcNlM' is set on object 'Object Repository/mobileSanity/HBI/Page_App Page 1/input__address'

2019-10-24 08:06:49 - [MESSAGE][PASSED] - Text 'vtRpcNlM' is set on object 'Object Repository/mobileSanity/HBI/Page_App Page 1/input__address'

2019-10-24 08:06:49 - [TEST_STEP][PASSED] - setText(findTestObject("mobileSanity/HBI/Page_App Page 1/input__city"), City): Text 'iOaHMXqE' is set on object 'Object Repository/mobileSanity/HBI/Page_App Page 1/input__city'

2019-10-24 08:06:49 - [MESSAGE][PASSED] - Text 'iOaHMXqE' is set on object 'Object Repository/mobileSanity/HBI/Page_App Page 1/input__city'

2019-10-24 08:06:49 - [TEST_STEP][PASSED] - setText(findTestObject("mobileSanity/HBI/Page_App Page 1/input__email"), AutoEmail): Text 'test.SRrDGEuv@suryani.cn' is set on object 'Object Repository/mobileSanity/HBI/Page_App Page 1/input__email'

2019-10-24 08:06:49 - [MESSAGE][PASSED] - Text 'test.SRrDGEuv@suryani.cn' is set on object 'Object Repository/mobileSanity/HBI/Page_App Page 1/input__email'

2019-10-24 08:06:49 - [TEST_STEP][PASSED] - setText(findTestObject("mobileSanity/HBI/Page_App Page 1/input_tel"), Tel): Text '726-267-2327' is set on object 'Object Repository/mobileSanity/HBI/Page_App Page 1/input_tel'

2019-10-24 08:06:49 - [MESSAGE][PASSED] - Text '726-267-2327' is set on object 'Object Repository/mobileSanity/HBI/Page_App Page 1/input_tel'

2019-10-24 08:06:49 - [TEST_STEP][PASSED] - click(findTestObject("mobileSanity/HBI/Page_App Page 1/a_Continue to Step 2 - Payment")): Object: 'Object Repository/mobileSanity/HBI/Page_App Page 1/a_Continue to Step 2 - Payment' is clicked on

2019-10-24 08:06:49 - [MESSAGE][PASSED] - Object: 'Object Repository/mobileSanity/HBI/Page_App Page 1/a_Continue to Step 2 - Payment' is clicked on

2019-10-24 08:06:49 - [TEST_STEP][PASSED] - waitForPageLoad(20): Wait for page load successfully

2019-10-24 08:06:49 - [MESSAGE][PASSED] - Wait for page load successfully

2019-10-24 08:06:49 - [TEST_STEP][PASSED] - Thread.sleep(2000): null

2019-10-24 08:06:51 - [TEST_STEP][PASSED] - waitForElementVisible(findTestObject("mobileSanity/HBI/Page_App Page 2/input__credit-card-first"), 20): Object 'Object Repository/mobileSanity/HBI/Page_App Page 2/input__credit-card-first' is visible

2019-10-24 08:06:51 - [MESSAGE][PASSED] - Object 'Object Repository/mobileSanity/HBI/Page_App Page 2/input__credit-card-first' is visible

2019-10-24 08:06:51 - [TEST_STEP][PASSED] - callTestCase(findTestCase("mobileWeb/_include/get_screenshot"), [:], STOP_ON_FAILURE): Call Test Case 'Test Cases/mobileWeb/_include/get_screenshot' successfully

2019-10-24 08:06:51 - [TEST_CASE][PASSED] - Test Cases/mobileWeb/_include/get_screenshot: Test Cases/mobileWeb/_include/get_screenshot

2019-10-24 08:06:51 - [TEST_STEP][PASSED] - takeScreenshot(screenPath + i + ".png"): Taking screenshot successfully

2019-10-24 08:06:52 - [MESSAGE][PASSED] - Taking screenshot successfully
[[ATTACHMENT|D:\\Test\\AgileTest\\Reports\\mobileWeb\\hbi\\20191024_080031\\../Screenshots/iPhone 6/hbi/Agile Secure/20191024_080620/6.png]]

2019-10-24 08:06:52 - [TEST_STEP][PASSED] - (internal.GlobalVariable.i++): null

2019-10-24 08:06:52 - [MESSAGE][PASSED] - Call Test Case 'Test Cases/mobileWeb/_include/get_screenshot' successfully

2019-10-24 08:06:52 - [TEST_STEP][PASSED] - setText(findTestObject("mobileSanity/HBI/Page_App Page 2/input__credit-card-first"), FirstName): Text 'Test-123' is set on object 'Object Repository/mobileSanity/HBI/Page_App Page 2/input__credit-card-first'

2019-10-24 08:06:52 - [MESSAGE][PASSED] - Text 'Test-123' is set on object 'Object Repository/mobileSanity/HBI/Page_App Page 2/input__credit-card-first'

2019-10-24 08:06:52 - [TEST_STEP][PASSED] - setText(findTestObject("mobileSanity/HBI/Page_App Page 2/input__credit-card-last"), LastName): Text 'ZZ11-ShzweguU' is set on object 'Object Repository/mobileSanity/HBI/Page_App Page 2/input__credit-card-last'

2019-10-24 08:06:52 - [MESSAGE][PASSED] - Text 'ZZ11-ShzweguU' is set on object 'Object Repository/mobileSanity/HBI/Page_App Page 2/input__credit-card-last'

2019-10-24 08:06:52 - [TEST_STEP][PASSED] - selectOptionByValue(findTestObject("mobileSanity/HBI/Page_App Page 2/select_MM010203040506070809101"), "12", true): All options with value '12' are selected in object 'Object Repository/mobileSanity/HBI/Page_App Page 2/select_MM010203040506070809101'  using regular expression

2019-10-24 08:06:52 - [MESSAGE][PASSED] - All options with value '12' are selected in object 'Object Repository/mobileSanity/HBI/Page_App Page 2/select_MM010203040506070809101'  using regular expression

2019-10-24 08:06:52 - [TEST_STEP][PASSED] - selectOptionByValue(findTestObject("mobileSanity/HBI/Page_App Page 2/select_YYYY2019202020212022202"), "2026", true): All options with value '2026' are selected in object 'Object Repository/mobileSanity/HBI/Page_App Page 2/select_YYYY2019202020212022202'  using regular expression

2019-10-24 08:06:53 - [MESSAGE][PASSED] - All options with value '2026' are selected in object 'Object Repository/mobileSanity/HBI/Page_App Page 2/select_YYYY2019202020212022202'  using regular expression

2019-10-24 08:06:53 - [TEST_STEP][PASSED] - setText(findTestObject("mobileSanity/HBI/Page_App Page 2/input__credit-card-number"), "4111111111111111"): Text '4111111111111111' is set on object 'Object Repository/mobileSanity/HBI/Page_App Page 2/input__credit-card-number'

2019-10-24 08:06:53 - [MESSAGE][PASSED] - Text '4111111111111111' is set on object 'Object Repository/mobileSanity/HBI/Page_App Page 2/input__credit-card-number'

2019-10-24 08:06:53 - [TEST_STEP][PASSED] - setText(findTestObject("mobileSanity/HBI/Page_App Page 2/input__cvv"), "123"): Text '123' is set on object 'Object Repository/mobileSanity/HBI/Page_App Page 2/input__cvv'

2019-10-24 08:06:53 - [MESSAGE][PASSED] - Text '123' is set on object 'Object Repository/mobileSanity/HBI/Page_App Page 2/input__cvv'

2019-10-24 08:06:53 - [TEST_STEP][PASSED] - click(findTestObject("mobileSanity/HBI/Page_App Page 2/label_My billing address is th")): Object: 'Object Repository/mobileSanity/HBI/Page_App Page 2/label_My billing address is th' is clicked on

2019-10-24 08:06:53 - [MESSAGE][PASSED] - Object: 'Object Repository/mobileSanity/HBI/Page_App Page 2/label_My billing address is th' is clicked on

2019-10-24 08:06:53 - [TEST_STEP][PASSED] - click(findTestObject("mobileSanity/HBI/Page_App Page 2/label_I Accept Authorization f")): Object: 'Object Repository/mobileSanity/HBI/Page_App Page 2/label_I Accept Authorization f' is clicked on

2019-10-24 08:06:53 - [MESSAGE][PASSED] - Object: 'Object Repository/mobileSanity/HBI/Page_App Page 2/label_I Accept Authorization f' is clicked on

2019-10-24 08:06:53 - [TEST_STEP][PASSED] - click(findTestObject("mobileSanity/HBI/Page_App Page 2/a_Continue to Step 3 - Review")): Object: 'Object Repository/mobileSanity/HBI/Page_App Page 2/a_Continue to Step 3 - Review' is clicked on

2019-10-24 08:06:53 - [MESSAGE][PASSED] - Object: 'Object Repository/mobileSanity/HBI/Page_App Page 2/a_Continue to Step 3 - Review' is clicked on

2019-10-24 08:06:53 - [TEST_STEP][PASSED] - waitForPageLoad(20): Wait for page load successfully

2019-10-24 08:06:53 - [MESSAGE][PASSED] - Wait for page load successfully

2019-10-24 08:06:53 - [TEST_STEP][PASSED] - Thread.sleep(10000): null

2019-10-24 08:07:03 - [TEST_STEP][PASSED] - waitForElementPresent(findTestObject("mobileSanity/HBI/Page_App Page 3/label"), 20): Object 'Object Repository/mobileSanity/HBI/Page_App Page 3/label' is present

2019-10-24 08:07:04 - [MESSAGE][PASSED] - Object 'Object Repository/mobileSanity/HBI/Page_App Page 3/label' is present

2019-10-24 08:07:04 - [TEST_STEP][PASSED] - callTestCase(findTestCase("mobileWeb/_include/get_screenshot"), [:], STOP_ON_FAILURE): Call Test Case 'Test Cases/mobileWeb/_include/get_screenshot' successfully

2019-10-24 08:07:04 - [TEST_CASE][PASSED] - Test Cases/mobileWeb/_include/get_screenshot: Test Cases/mobileWeb/_include/get_screenshot

2019-10-24 08:07:04 - [TEST_STEP][PASSED] - takeScreenshot(screenPath + i + ".png"): Taking screenshot successfully

2019-10-24 08:07:04 - [MESSAGE][PASSED] - Taking screenshot successfully
[[ATTACHMENT|D:\\Test\\AgileTest\\Reports\\mobileWeb\\hbi\\20191024_080031\\../Screenshots/iPhone 6/hbi/Agile Secure/20191024_080620/7.png]]

2019-10-24 08:07:04 - [TEST_STEP][PASSED] - (internal.GlobalVariable.i++): null

2019-10-24 08:07:04 - [MESSAGE][PASSED] - Call Test Case 'Test Cases/mobileWeb/_include/get_screenshot' successfully

2019-10-24 08:07:04 - [TEST_STEP][PASSED] - click(findTestObject("mobileSanity/HBI/Page_App Page 3/label")): Object: 'Object Repository/mobileSanity/HBI/Page_App Page 3/label' is clicked on

2019-10-24 08:07:04 - [MESSAGE][PASSED] - Object: 'Object Repository/mobileSanity/HBI/Page_App Page 3/label' is clicked on

2019-10-24 08:07:04 - [TEST_STEP][PASSED] - click(findTestObject("mobileSanity/HBI/Page_App Page 3/p_CLICK TO SIGN")): Object: 'Object Repository/mobileSanity/HBI/Page_App Page 3/p_CLICK TO SIGN' is clicked on

2019-10-24 08:07:04 - [MESSAGE][PASSED] - Object: 'Object Repository/mobileSanity/HBI/Page_App Page 3/p_CLICK TO SIGN' is clicked on

2019-10-24 08:07:04 - [TEST_STEP][PASSED] - click(findTestObject("mobileSanity/HBI/Page_App Page 3/a_Submit Your Application")): Object: 'Object Repository/mobileSanity/HBI/Page_App Page 3/a_Submit Your Application' is clicked on

2019-10-24 08:07:04 - [MESSAGE][PASSED] - Object: 'Object Repository/mobileSanity/HBI/Page_App Page 3/a_Submit Your Application' is clicked on

2019-10-24 08:07:05 - [TEST_STEP][PASSED] - Thread.sleep(30000): null

2019-10-24 08:07:35 - [TEST_STEP][PASSED] - callTestCase(findTestCase("mobileWeb/_include/get_screenshot"), [:], STOP_ON_FAILURE): Call Test Case 'Test Cases/mobileWeb/_include/get_screenshot' successfully

2019-10-24 08:07:35 - [TEST_CASE][PASSED] - Test Cases/mobileWeb/_include/get_screenshot: Test Cases/mobileWeb/_include/get_screenshot

2019-10-24 08:07:35 - [TEST_STEP][PASSED] - takeScreenshot(screenPath + i + ".png"): Taking screenshot successfully

2019-10-24 08:07:35 - [MESSAGE][PASSED] - Taking screenshot successfully
[[ATTACHMENT|D:\\Test\\AgileTest\\Reports\\mobileWeb\\hbi\\20191024_080031\\../Screenshots/iPhone 6/hbi/Agile Secure/20191024_080620/8.png]]

2019-10-24 08:07:35 - [TEST_STEP][PASSED] - (internal.GlobalVariable.i++): null

2019-10-24 08:07:35 - [MESSAGE][PASSED] - Call Test Case 'Test Cases/mobileWeb/_include/get_screenshot' successfully

2019-10-24 08:07:35 - [TEST_STEP][PASSED] - verifyTextPresent("Congratulations", false): Text 'Congratulations' is present on page 

2019-10-24 08:07:35 - [MESSAGE][PASSED] - Text 'Congratulations' is present on page 

2019-10-24 08:07:35 - [MESSAGE][PASSED] - Call Test Case 'Test Cases/mobileWeb/_include/goToEnd_hbi' successfully]]></system-out>
         <system-err><![CDATA[]]></system-err>
      </testcase>
      <testcase name="Test Cases/mobileWeb/HBI/Fixed Cash Benefit" classname="Test Cases/mobileWeb/HBI/Fixed Cash Benefit" status="PASSED">
         <system-out><![CDATA[2019-10-24 08:07:35 - [TEST_CASE][PASSED] - Test Cases/mobileWeb/HBI/Fixed Cash Benefit: Test Cases/mobileWeb/HBI/Fixed Cash Benefit

2019-10-24 08:07:35 - [TEST_STEP][PASSED] - callTestCase(findTestCase("mobileWeb/_include/get_screenPath"), ["productLine":"hbi", "carrierName":"Fixed Cash Benefit"], CONTINUE_ON_FAILURE): Call Test Case 'Test Cases/mobileWeb/_include/get_screenPath' successfully

2019-10-24 08:07:35 - [TEST_CASE][PASSED] - Test Cases/mobileWeb/_include/get_screenPath: Test Cases/mobileWeb/_include/get_screenPath

2019-10-24 08:07:35 - [TEST_STEP][PASSED] - m = getExecutionProperties(): null

2019-10-24 08:07:35 - [TEST_STEP][PASSED] - deviceName = get("mobileEmulation").get("deviceName"): null

2019-10-24 08:07:35 - [TEST_STEP][PASSED] - println(deviceName): null

2019-10-24 08:07:35 - [TEST_STEP][PASSED] - now = new java.util.Date(): null

2019-10-24 08:07:35 - [TEST_STEP][PASSED] - mydate = now.format("yyyyMMdd_HHmmss"): null

2019-10-24 08:07:35 - [TEST_STEP][PASSED] - screenPath = "../Screenshots/": null

2019-10-24 08:07:35 - [TEST_STEP][PASSED] - screenPath = screenPath + deviceName + "/" + productLine + "/" + carrierName + "/" + mydate + "/": null

2019-10-24 08:07:35 - [TEST_STEP][PASSED] - println(screenPath): null

2019-10-24 08:07:35 - [MESSAGE][PASSED] - Call Test Case 'Test Cases/mobileWeb/_include/get_screenPath' successfully

2019-10-24 08:07:35 - [TEST_STEP][PASSED] - i = 0: null

2019-10-24 08:07:35 - [TEST_STEP][PASSED] - callTestCase(findTestCase("mobileWeb/_include/openWebSite"), [:], CONTINUE_ON_FAILURE): Call Test Case 'Test Cases/mobileWeb/_include/openWebSite' successfully

2019-10-24 08:07:35 - [TEST_CASE][PASSED] - Test Cases/mobileWeb/_include/openWebSite: Test Cases/mobileWeb/_include/openWebSite

2019-10-24 08:07:35 - [TEST_STEP][PASSED] - openBrowser(env): Browser is opened with url: 'https://praetemptatus.agilehealthinsurance.com'

2019-10-24 08:07:35 - [MESSAGE][WARNING] - A browser is already opened. Closing browser and opening a new one

2019-10-24 08:07:36 - [MESSAGE][INFO] - Starting 'Chrome' driver

2019-10-24 08:07:36 - [MESSAGE][INFO] - User set preference: ['mobileEmulation', '{deviceName=iPhone 6}']

2019-10-24 08:07:36 - [MESSAGE][INFO] - User set preference: ['args', '[--incognito, --aggressive-cache-discard, --window-size=375,677, --no-sandbox]']

2019-10-24 08:07:39 - [MESSAGE][PASSED] - Browser is opened with url: 'https://praetemptatus.agilehealthinsurance.com'

2019-10-24 08:07:39 - [TEST_STEP][PASSED] - waitForPageLoad(20): Wait for page load successfully

2019-10-24 08:07:40 - [MESSAGE][PASSED] - Wait for page load successfully

2019-10-24 08:07:40 - [TEST_STEP][PASSED] - Thread.sleep(2000): null

2019-10-24 08:07:42 - [TEST_STEP][PASSED] - callTestCase(findTestCase("mobileWeb/_include/get_screenshot"), [:], STOP_ON_FAILURE): Call Test Case 'Test Cases/mobileWeb/_include/get_screenshot' successfully

2019-10-24 08:07:42 - [TEST_CASE][PASSED] - Test Cases/mobileWeb/_include/get_screenshot: Test Cases/mobileWeb/_include/get_screenshot

2019-10-24 08:07:43 - [TEST_STEP][PASSED] - takeScreenshot(screenPath + i + ".png"): Taking screenshot successfully

2019-10-24 08:07:43 - [MESSAGE][PASSED] - Taking screenshot successfully
[[ATTACHMENT|D:\\Test\\AgileTest\\Reports\\mobileWeb\\hbi\\20191024_080031\\../Screenshots/iPhone 6/hbi/Fixed Cash Benefit/20191024_080735/0.png]]

2019-10-24 08:07:43 - [TEST_STEP][PASSED] - (internal.GlobalVariable.i++): null

2019-10-24 08:07:43 - [MESSAGE][PASSED] - Call Test Case 'Test Cases/mobileWeb/_include/get_screenshot' successfully

2019-10-24 08:07:43 - [MESSAGE][PASSED] - Call Test Case 'Test Cases/mobileWeb/_include/openWebSite' successfully

2019-10-24 08:07:43 - [TEST_STEP][PASSED] - callTestCase(findTestCase("mobileWeb/_include/census_hbi"), ["zipcode":"85364"], CONTINUE_ON_FAILURE): Call Test Case 'Test Cases/mobileWeb/_include/census_hbi' successfully

2019-10-24 08:07:43 - [TEST_CASE][PASSED] - Test Cases/mobileWeb/_include/census_hbi: Test Cases/mobileWeb/_include/census_hbi

2019-10-24 08:07:43 - [TEST_STEP][PASSED] - click(findTestObject("mobileSanity/Common/side_nav/menu")): Object: 'Object Repository/mobileSanity/Common/side_nav/menu' is clicked on

2019-10-24 08:07:43 - [MESSAGE][PASSED] - Object: 'Object Repository/mobileSanity/Common/side_nav/menu' is clicked on

2019-10-24 08:07:43 - [TEST_STEP][PASSED] - Thread.sleep(3000): null

2019-10-24 08:07:46 - [TEST_STEP][PASSED] - callTestCase(findTestCase("mobileWeb/_include/get_screenshot"), [:], STOP_ON_FAILURE): Call Test Case 'Test Cases/mobileWeb/_include/get_screenshot' successfully

2019-10-24 08:07:46 - [TEST_CASE][PASSED] - Test Cases/mobileWeb/_include/get_screenshot: Test Cases/mobileWeb/_include/get_screenshot

2019-10-24 08:07:46 - [TEST_STEP][PASSED] - takeScreenshot(screenPath + i + ".png"): Taking screenshot successfully

2019-10-24 08:07:47 - [MESSAGE][PASSED] - Taking screenshot successfully
[[ATTACHMENT|D:\\Test\\AgileTest\\Reports\\mobileWeb\\hbi\\20191024_080031\\../Screenshots/iPhone 6/hbi/Fixed Cash Benefit/20191024_080735/1.png]]

2019-10-24 08:07:47 - [TEST_STEP][PASSED] - (internal.GlobalVariable.i++): null

2019-10-24 08:07:47 - [MESSAGE][PASSED] - Call Test Case 'Test Cases/mobileWeb/_include/get_screenshot' successfully

2019-10-24 08:07:47 - [TEST_STEP][PASSED] - click(findTestObject("mobileSanity/Common/side_nav/nav_hbi")): Object: 'Object Repository/mobileSanity/Common/side_nav/nav_hbi' is clicked on

2019-10-24 08:07:47 - [MESSAGE][PASSED] - Object: 'Object Repository/mobileSanity/Common/side_nav/nav_hbi' is clicked on

2019-10-24 08:07:47 - [TEST_STEP][PASSED] - waitForPageLoad(10): Wait for page load successfully

2019-10-24 08:07:47 - [MESSAGE][PASSED] - Wait for page load successfully

2019-10-24 08:07:47 - [TEST_STEP][PASSED] - Thread.sleep(3000): null

2019-10-24 08:07:50 - [TEST_STEP][PASSED] - callTestCase(findTestCase("mobileWeb/_include/get_screenshot"), [:], STOP_ON_FAILURE): Call Test Case 'Test Cases/mobileWeb/_include/get_screenshot' successfully

2019-10-24 08:07:50 - [TEST_CASE][PASSED] - Test Cases/mobileWeb/_include/get_screenshot: Test Cases/mobileWeb/_include/get_screenshot

2019-10-24 08:07:50 - [TEST_STEP][PASSED] - takeScreenshot(screenPath + i + ".png"): Taking screenshot successfully

2019-10-24 08:07:51 - [MESSAGE][PASSED] - Taking screenshot successfully
[[ATTACHMENT|D:\\Test\\AgileTest\\Reports\\mobileWeb\\hbi\\20191024_080031\\../Screenshots/iPhone 6/hbi/Fixed Cash Benefit/20191024_080735/2.png]]

2019-10-24 08:07:51 - [TEST_STEP][PASSED] - (internal.GlobalVariable.i++): null

2019-10-24 08:07:51 - [MESSAGE][PASSED] - Call Test Case 'Test Cases/mobileWeb/_include/get_screenshot' successfully

2019-10-24 08:07:51 - [TEST_STEP][PASSED] - setText(findTestObject("mobileSanity/HBI/census/input_Location_zip-input"), zipcode): Text '85364' is set on object 'Object Repository/mobileSanity/HBI/census/input_Location_zip-input'

2019-10-24 08:07:51 - [MESSAGE][PASSED] - Text '85364' is set on object 'Object Repository/mobileSanity/HBI/census/input_Location_zip-input'

2019-10-24 08:07:51 - [TEST_STEP][PASSED] - Thread.sleep(500): null

2019-10-24 08:07:51 - [TEST_STEP][PASSED] - setText(findTestObject("mobileSanity/HBI/census/input_Date of Birth_dob-0"), "12121980"): Text '12121980' is set on object 'Object Repository/mobileSanity/HBI/census/input_Date of Birth_dob-0'

2019-10-24 08:07:52 - [MESSAGE][PASSED] - Text '12121980' is set on object 'Object Repository/mobileSanity/HBI/census/input_Date of Birth_dob-0'

2019-10-24 08:07:52 - [TEST_STEP][PASSED] - click(findTestObject("mobileSanity/HBI/census/label_Male")): Object: 'Object Repository/mobileSanity/HBI/census/label_Male' is clicked on

2019-10-24 08:07:52 - [MESSAGE][PASSED] - Object: 'Object Repository/mobileSanity/HBI/census/label_Male' is clicked on

2019-10-24 08:07:52 - [TEST_STEP][PASSED] - click(findTestObject("mobileSanity/HBI/census/label_Get a Quote")): Object: 'Object Repository/mobileSanity/HBI/census/label_Get a Quote' is clicked on

2019-10-24 08:07:55 - [MESSAGE][PASSED] - Object: 'Object Repository/mobileSanity/HBI/census/label_Get a Quote' is clicked on

2019-10-24 08:07:55 - [TEST_STEP][PASSED] - waitForPageLoad(20): Wait for page load successfully

2019-10-24 08:07:55 - [MESSAGE][PASSED] - Wait for page load successfully

2019-10-24 08:07:55 - [TEST_STEP][PASSED] - Thread.sleep(3000): null

2019-10-24 08:07:58 - [TEST_STEP][PASSED] - callTestCase(findTestCase("mobileWeb/_include/get_screenshot"), [:], STOP_ON_FAILURE): Call Test Case 'Test Cases/mobileWeb/_include/get_screenshot' successfully

2019-10-24 08:07:58 - [TEST_CASE][PASSED] - Test Cases/mobileWeb/_include/get_screenshot: Test Cases/mobileWeb/_include/get_screenshot

2019-10-24 08:07:58 - [TEST_STEP][PASSED] - takeScreenshot(screenPath + i + ".png"): Taking screenshot successfully

2019-10-24 08:07:59 - [MESSAGE][PASSED] - Taking screenshot successfully
[[ATTACHMENT|D:\\Test\\AgileTest\\Reports\\mobileWeb\\hbi\\20191024_080031\\../Screenshots/iPhone 6/hbi/Fixed Cash Benefit/20191024_080735/3.png]]

2019-10-24 08:07:59 - [TEST_STEP][PASSED] - (internal.GlobalVariable.i++): null

2019-10-24 08:07:59 - [MESSAGE][PASSED] - Call Test Case 'Test Cases/mobileWeb/_include/get_screenshot' successfully

2019-10-24 08:07:59 - [MESSAGE][PASSED] - Call Test Case 'Test Cases/mobileWeb/_include/census_hbi' successfully

2019-10-24 08:07:59 - [TEST_STEP][PASSED] - Thread.sleep(5000): null

2019-10-24 08:08:04 - [TEST_STEP][PASSED] - scrollToPosition(200, 2300): Browser is scrolled to position x = 200, y = 2300

2019-10-24 08:08:04 - [MESSAGE][PASSED] - Browser is scrolled to position x = 200, y = 2300

2019-10-24 08:08:04 - [TEST_STEP][PASSED] - click(findTestObject("mobileSanity/HBI/quote/a_Fixed Cash Benefit")): Object: 'Object Repository/mobileSanity/HBI/quote/a_Fixed Cash Benefit' is clicked on

2019-10-24 08:08:05 - [MESSAGE][PASSED] - Object: 'Object Repository/mobileSanity/HBI/quote/a_Fixed Cash Benefit' is clicked on

2019-10-24 08:08:05 - [TEST_STEP][PASSED] - waitForPageLoad(20): Wait for page load successfully

2019-10-24 08:08:05 - [MESSAGE][PASSED] - Wait for page load successfully

2019-10-24 08:08:05 - [TEST_STEP][PASSED] - callTestCase(findTestCase("mobileWeb/_include/get_screenshot"), [:], STOP_ON_FAILURE): Call Test Case 'Test Cases/mobileWeb/_include/get_screenshot' successfully

2019-10-24 08:08:05 - [TEST_CASE][PASSED] - Test Cases/mobileWeb/_include/get_screenshot: Test Cases/mobileWeb/_include/get_screenshot

2019-10-24 08:08:05 - [TEST_STEP][PASSED] - takeScreenshot(screenPath + i + ".png"): Taking screenshot successfully

2019-10-24 08:08:05 - [MESSAGE][PASSED] - Taking screenshot successfully
[[ATTACHMENT|D:\\Test\\AgileTest\\Reports\\mobileWeb\\hbi\\20191024_080031\\../Screenshots/iPhone 6/hbi/Fixed Cash Benefit/20191024_080735/4.png]]

2019-10-24 08:08:05 - [TEST_STEP][PASSED] - (internal.GlobalVariable.i++): null

2019-10-24 08:08:05 - [MESSAGE][PASSED] - Call Test Case 'Test Cases/mobileWeb/_include/get_screenshot' successfully

2019-10-24 08:08:05 - [TEST_STEP][PASSED] - click(findTestObject("mobileSanity/HBI/detail/a_Apply for This Plan")): Object: 'Object Repository/mobileSanity/HBI/detail/a_Apply for This Plan' is clicked on

2019-10-24 08:08:07 - [MESSAGE][PASSED] - Object: 'Object Repository/mobileSanity/HBI/detail/a_Apply for This Plan' is clicked on

2019-10-24 08:08:07 - [TEST_STEP][PASSED] - waitForPageLoad(20): Wait for page load successfully

2019-10-24 08:08:07 - [MESSAGE][PASSED] - Wait for page load successfully

2019-10-24 08:08:07 - [TEST_STEP][PASSED] - callTestCase(findTestCase("mobileWeb/_include/get_screenshot"), [:], STOP_ON_FAILURE): Call Test Case 'Test Cases/mobileWeb/_include/get_screenshot' successfully

2019-10-24 08:08:07 - [TEST_CASE][PASSED] - Test Cases/mobileWeb/_include/get_screenshot: Test Cases/mobileWeb/_include/get_screenshot

2019-10-24 08:08:07 - [TEST_STEP][PASSED] - takeScreenshot(screenPath + i + ".png"): Taking screenshot successfully

2019-10-24 08:08:07 - [MESSAGE][PASSED] - Taking screenshot successfully
[[ATTACHMENT|D:\\Test\\AgileTest\\Reports\\mobileWeb\\hbi\\20191024_080031\\../Screenshots/iPhone 6/hbi/Fixed Cash Benefit/20191024_080735/5.png]]

2019-10-24 08:08:07 - [TEST_STEP][PASSED] - (internal.GlobalVariable.i++): null

2019-10-24 08:08:07 - [MESSAGE][PASSED] - Call Test Case 'Test Cases/mobileWeb/_include/get_screenshot' successfully

2019-10-24 08:08:07 - [TEST_STEP][PASSED] - click(findTestObject("mobileSanity/HBI/Page_Apply/span_Start Secure Application")): Object: 'Object Repository/mobileSanity/HBI/Page_Apply/span_Start Secure Application' is clicked on

2019-10-24 08:08:08 - [MESSAGE][PASSED] - Object: 'Object Repository/mobileSanity/HBI/Page_Apply/span_Start Secure Application' is clicked on

2019-10-24 08:08:08 - [TEST_STEP][PASSED] - waitForPageLoad(20): Wait for page load successfully

2019-10-24 08:08:08 - [MESSAGE][PASSED] - Wait for page load successfully

2019-10-24 08:08:08 - [TEST_STEP][PASSED] - Thread.sleep(5000): null

2019-10-24 08:08:13 - [TEST_STEP][PASSED] - callTestCase(findTestCase("mobileWeb/_include/get_screenshot"), [:], STOP_ON_FAILURE): Call Test Case 'Test Cases/mobileWeb/_include/get_screenshot' successfully

2019-10-24 08:08:13 - [TEST_CASE][PASSED] - Test Cases/mobileWeb/_include/get_screenshot: Test Cases/mobileWeb/_include/get_screenshot

2019-10-24 08:08:13 - [TEST_STEP][PASSED] - takeScreenshot(screenPath + i + ".png"): Taking screenshot successfully

2019-10-24 08:08:14 - [MESSAGE][PASSED] - Taking screenshot successfully
[[ATTACHMENT|D:\\Test\\AgileTest\\Reports\\mobileWeb\\hbi\\20191024_080031\\../Screenshots/iPhone 6/hbi/Fixed Cash Benefit/20191024_080735/6.png]]

2019-10-24 08:08:14 - [TEST_STEP][PASSED] - (internal.GlobalVariable.i++): null

2019-10-24 08:08:14 - [MESSAGE][PASSED] - Call Test Case 'Test Cases/mobileWeb/_include/get_screenshot' successfully

2019-10-24 08:08:14 - [TEST_STEP][PASSED] - callTestCase(findTestCase("mobileWeb/_include/goToEnd_hbi"), ["carrier":"FixedCashBenefit"], CONTINUE_ON_FAILURE): Call Test Case 'Test Cases/mobileWeb/_include/goToEnd_hbi' successfully

2019-10-24 08:08:14 - [TEST_CASE][PASSED] - Test Cases/mobileWeb/_include/goToEnd_hbi: Test Cases/mobileWeb/_include/goToEnd_hbi

2019-10-24 08:08:14 - [TEST_STEP][PASSED] - if (state == "ca"): null

2019-10-24 08:08:14 - [TEST_STEP][PASSED] - callTestCase(findTestCase("mobileWeb/_include/name"), [:], CONTINUE_ON_FAILURE): Call Test Case 'Test Cases/mobileWeb/_include/name' successfully

2019-10-24 08:08:14 - [TEST_CASE][PASSED] - Test Cases/mobileWeb/_include/name: Test Cases/mobileWeb/_include/name

2019-10-24 08:08:14 - [TEST_STEP][PASSED] - driver = getWebDriver(): null

2019-10-24 08:08:14 - [TEST_STEP][PASSED] - selenium = new com.thoughtworks.selenium.webdriven.WebDriverBackedSelenium(driver, internal.GlobalVariable.ENV): null

2019-10-24 08:08:14 - [TEST_STEP][PASSED] - FirstName = "Test-123": null

2019-10-24 08:08:14 - [TEST_STEP][PASSED] - LastName = selenium.getEval("{var x="ABCDEFGHIJKLMNOPQRSTUVWXYZabcdefghijklmnopqrstuvwxyz"; var tmp="ZZ11-"; for (i=0;i<8;i++) tmp+=x.charAt(Math.ceil(51*Math.random()));tmp;}"): null

2019-10-24 08:08:14 - [TEST_STEP][PASSED] - Address = selenium.getEval("{var x="ABCDEFGHIJKLMNOPQRSTUVWXYZabcdefghijklmnopqrstuvwxyz"; var tmp=""; for (i=0;i<8;i++) tmp+=x.charAt(Math.ceil(51*Math.random()));tmp;}"): null

2019-10-24 08:08:14 - [TEST_STEP][PASSED] - City = selenium.getEval("{var x="ABCDEFGHIJKLMNOPQRSTUVWXYZabcdefghijklmnopqrstuvwxyz"; var tmp=""; for (i=0;i<8;i++) tmp+=x.charAt(Math.ceil(51*Math.random()));tmp;}"): null

2019-10-24 08:08:14 - [TEST_STEP][PASSED] - tel1 = selenium.getEval("{var x="123456789"; var tmp=""; for (i=0;i<3;i++) tmp+=x.charAt(Math.ceil(8*Math.random()));tmp;}"): null

2019-10-24 08:08:14 - [TEST_STEP][PASSED] - tel2 = selenium.getEval("{var x="123456789"; var tmp=""; for (i=0;i<3;i++) tmp+=x.charAt(Math.ceil(8*Math.random()));tmp;}"): null

2019-10-24 08:08:14 - [TEST_STEP][PASSED] - tel3 = selenium.getEval("{var x="123456789"; var tmp=""; for (i=0;i<4;i++) tmp+=x.charAt(Math.ceil(8*Math.random()));tmp;}"): null

2019-10-24 08:08:14 - [TEST_STEP][PASSED] - Tel = selenium.getExpression(tel1 + "-" + tel2 + "-" + tel3): null

2019-10-24 08:08:14 - [TEST_STEP][PASSED] - AutoEmail = selenium.getEval("{var x="ABCDEFGHIJKLMNOPQRSTUVWXYZabcdefghijklmnopqrstuvwxyz"; var tmp="test."; for (i=0;i<8;i++) tmp+=x.charAt(Math.ceil(51*Math.random()));tmp+="@suryani.cn";}"): null

2019-10-24 08:08:14 - [TEST_STEP][PASSED] - FirstName = FirstName: null

2019-10-24 08:08:14 - [TEST_STEP][PASSED] - LastName = LastName: null

2019-10-24 08:08:14 - [TEST_STEP][PASSED] - Address = Address: null

2019-10-24 08:08:14 - [TEST_STEP][PASSED] - City = City: null

2019-10-24 08:08:14 - [TEST_STEP][PASSED] - Tel = Tel: null

2019-10-24 08:08:14 - [TEST_STEP][PASSED] - AutoEmail = AutoEmail: null

2019-10-24 08:08:14 - [TEST_STEP][PASSED] - println(FirstName): null

2019-10-24 08:08:14 - [TEST_STEP][PASSED] - println(LastName): null

2019-10-24 08:08:14 - [TEST_STEP][PASSED] - println(Address): null

2019-10-24 08:08:14 - [TEST_STEP][PASSED] - println(City): null

2019-10-24 08:08:14 - [TEST_STEP][PASSED] - println(Tel): null

2019-10-24 08:08:14 - [TEST_STEP][PASSED] - println(AutoEmail): null

2019-10-24 08:08:14 - [MESSAGE][PASSED] - Call Test Case 'Test Cases/mobileWeb/_include/name' successfully

2019-10-24 08:08:14 - [TEST_STEP][PASSED] - setText(findTestObject("mobileSanity/HBI/Page_App Page 1/input__member-P-1-firstName"), FirstName): Text 'Test-123' is set on object 'Object Repository/mobileSanity/HBI/Page_App Page 1/input__member-P-1-firstName'

2019-10-24 08:08:14 - [MESSAGE][PASSED] - Text 'Test-123' is set on object 'Object Repository/mobileSanity/HBI/Page_App Page 1/input__member-P-1-firstName'

2019-10-24 08:08:14 - [TEST_STEP][PASSED] - setText(findTestObject("mobileSanity/HBI/Page_App Page 1/input__member-P-1-lastName"), LastName): Text 'ZZ11-ZkrlaCRz' is set on object 'Object Repository/mobileSanity/HBI/Page_App Page 1/input__member-P-1-lastName'

2019-10-24 08:08:14 - [MESSAGE][PASSED] - Text 'ZZ11-ZkrlaCRz' is set on object 'Object Repository/mobileSanity/HBI/Page_App Page 1/input__member-P-1-lastName'

2019-10-24 08:08:14 - [TEST_STEP][PASSED] - if (carrier == "agileone" || carrier == "agilesecure"): null

2019-10-24 08:08:14 - [TEST_STEP][PASSED] - setText(findTestObject("mobileSanity/HBI/Page_App Page 1/input__address"), Address): Text 'XvvPtSyF' is set on object 'Object Repository/mobileSanity/HBI/Page_App Page 1/input__address'

2019-10-24 08:08:14 - [MESSAGE][PASSED] - Text 'XvvPtSyF' is set on object 'Object Repository/mobileSanity/HBI/Page_App Page 1/input__address'

2019-10-24 08:08:14 - [TEST_STEP][PASSED] - setText(findTestObject("mobileSanity/HBI/Page_App Page 1/input__city"), City): Text 'vfjMNDFV' is set on object 'Object Repository/mobileSanity/HBI/Page_App Page 1/input__city'

2019-10-24 08:08:14 - [MESSAGE][PASSED] - Text 'vfjMNDFV' is set on object 'Object Repository/mobileSanity/HBI/Page_App Page 1/input__city'

2019-10-24 08:08:14 - [TEST_STEP][PASSED] - setText(findTestObject("mobileSanity/HBI/Page_App Page 1/input__email"), AutoEmail): Text 'test.NKwnaMUm@suryani.cn' is set on object 'Object Repository/mobileSanity/HBI/Page_App Page 1/input__email'

2019-10-24 08:08:15 - [MESSAGE][PASSED] - Text 'test.NKwnaMUm@suryani.cn' is set on object 'Object Repository/mobileSanity/HBI/Page_App Page 1/input__email'

2019-10-24 08:08:15 - [TEST_STEP][PASSED] - setText(findTestObject("mobileSanity/HBI/Page_App Page 1/input_tel"), Tel): Text '636-934-7724' is set on object 'Object Repository/mobileSanity/HBI/Page_App Page 1/input_tel'

2019-10-24 08:08:15 - [MESSAGE][PASSED] - Text '636-934-7724' is set on object 'Object Repository/mobileSanity/HBI/Page_App Page 1/input_tel'

2019-10-24 08:08:15 - [TEST_STEP][PASSED] - click(findTestObject("mobileSanity/HBI/Page_App Page 1/a_Continue to Step 2 - Payment")): Object: 'Object Repository/mobileSanity/HBI/Page_App Page 1/a_Continue to Step 2 - Payment' is clicked on

2019-10-24 08:08:15 - [MESSAGE][PASSED] - Object: 'Object Repository/mobileSanity/HBI/Page_App Page 1/a_Continue to Step 2 - Payment' is clicked on

2019-10-24 08:08:15 - [TEST_STEP][PASSED] - waitForPageLoad(20): Wait for page load successfully

2019-10-24 08:08:15 - [MESSAGE][PASSED] - Wait for page load successfully

2019-10-24 08:08:15 - [TEST_STEP][PASSED] - Thread.sleep(2000): null

2019-10-24 08:08:17 - [TEST_STEP][PASSED] - waitForElementVisible(findTestObject("mobileSanity/HBI/Page_App Page 2/input__credit-card-first"), 20): Object 'Object Repository/mobileSanity/HBI/Page_App Page 2/input__credit-card-first' is visible

2019-10-24 08:08:17 - [MESSAGE][PASSED] - Object 'Object Repository/mobileSanity/HBI/Page_App Page 2/input__credit-card-first' is visible

2019-10-24 08:08:17 - [TEST_STEP][PASSED] - callTestCase(findTestCase("mobileWeb/_include/get_screenshot"), [:], STOP_ON_FAILURE): Call Test Case 'Test Cases/mobileWeb/_include/get_screenshot' successfully

2019-10-24 08:08:17 - [TEST_CASE][PASSED] - Test Cases/mobileWeb/_include/get_screenshot: Test Cases/mobileWeb/_include/get_screenshot

2019-10-24 08:08:17 - [TEST_STEP][PASSED] - takeScreenshot(screenPath + i + ".png"): Taking screenshot successfully

2019-10-24 08:08:17 - [MESSAGE][PASSED] - Taking screenshot successfully
[[ATTACHMENT|D:\\Test\\AgileTest\\Reports\\mobileWeb\\hbi\\20191024_080031\\../Screenshots/iPhone 6/hbi/Fixed Cash Benefit/20191024_080735/7.png]]

2019-10-24 08:08:17 - [TEST_STEP][PASSED] - (internal.GlobalVariable.i++): null

2019-10-24 08:08:17 - [MESSAGE][PASSED] - Call Test Case 'Test Cases/mobileWeb/_include/get_screenshot' successfully

2019-10-24 08:08:17 - [TEST_STEP][PASSED] - setText(findTestObject("mobileSanity/HBI/Page_App Page 2/input__credit-card-first"), FirstName): Text 'Test-123' is set on object 'Object Repository/mobileSanity/HBI/Page_App Page 2/input__credit-card-first'

2019-10-24 08:08:18 - [MESSAGE][PASSED] - Text 'Test-123' is set on object 'Object Repository/mobileSanity/HBI/Page_App Page 2/input__credit-card-first'

2019-10-24 08:08:18 - [TEST_STEP][PASSED] - setText(findTestObject("mobileSanity/HBI/Page_App Page 2/input__credit-card-last"), LastName): Text 'ZZ11-ZkrlaCRz' is set on object 'Object Repository/mobileSanity/HBI/Page_App Page 2/input__credit-card-last'

2019-10-24 08:08:18 - [MESSAGE][PASSED] - Text 'ZZ11-ZkrlaCRz' is set on object 'Object Repository/mobileSanity/HBI/Page_App Page 2/input__credit-card-last'

2019-10-24 08:08:18 - [TEST_STEP][PASSED] - selectOptionByValue(findTestObject("mobileSanity/HBI/Page_App Page 2/select_MM010203040506070809101"), "12", true): All options with value '12' are selected in object 'Object Repository/mobileSanity/HBI/Page_App Page 2/select_MM010203040506070809101'  using regular expression

2019-10-24 08:08:18 - [MESSAGE][PASSED] - All options with value '12' are selected in object 'Object Repository/mobileSanity/HBI/Page_App Page 2/select_MM010203040506070809101'  using regular expression

2019-10-24 08:08:18 - [TEST_STEP][PASSED] - selectOptionByValue(findTestObject("mobileSanity/HBI/Page_App Page 2/select_YYYY2019202020212022202"), "2026", true): All options with value '2026' are selected in object 'Object Repository/mobileSanity/HBI/Page_App Page 2/select_YYYY2019202020212022202'  using regular expression

2019-10-24 08:08:18 - [MESSAGE][PASSED] - All options with value '2026' are selected in object 'Object Repository/mobileSanity/HBI/Page_App Page 2/select_YYYY2019202020212022202'  using regular expression

2019-10-24 08:08:18 - [TEST_STEP][PASSED] - setText(findTestObject("mobileSanity/HBI/Page_App Page 2/input__credit-card-number"), "4111111111111111"): Text '4111111111111111' is set on object 'Object Repository/mobileSanity/HBI/Page_App Page 2/input__credit-card-number'

2019-10-24 08:08:18 - [MESSAGE][PASSED] - Text '4111111111111111' is set on object 'Object Repository/mobileSanity/HBI/Page_App Page 2/input__credit-card-number'

2019-10-24 08:08:18 - [TEST_STEP][PASSED] - setText(findTestObject("mobileSanity/HBI/Page_App Page 2/input__cvv"), "123"): Text '123' is set on object 'Object Repository/mobileSanity/HBI/Page_App Page 2/input__cvv'

2019-10-24 08:08:18 - [MESSAGE][PASSED] - Text '123' is set on object 'Object Repository/mobileSanity/HBI/Page_App Page 2/input__cvv'

2019-10-24 08:08:18 - [TEST_STEP][PASSED] - click(findTestObject("mobileSanity/HBI/Page_App Page 2/label_My billing address is th")): Object: 'Object Repository/mobileSanity/HBI/Page_App Page 2/label_My billing address is th' is clicked on

2019-10-24 08:08:19 - [MESSAGE][PASSED] - Object: 'Object Repository/mobileSanity/HBI/Page_App Page 2/label_My billing address is th' is clicked on

2019-10-24 08:08:19 - [TEST_STEP][PASSED] - click(findTestObject("mobileSanity/HBI/Page_App Page 2/label_I Accept Authorization f")): Object: 'Object Repository/mobileSanity/HBI/Page_App Page 2/label_I Accept Authorization f' is clicked on

2019-10-24 08:08:19 - [MESSAGE][PASSED] - Object: 'Object Repository/mobileSanity/HBI/Page_App Page 2/label_I Accept Authorization f' is clicked on

2019-10-24 08:08:19 - [TEST_STEP][PASSED] - click(findTestObject("mobileSanity/HBI/Page_App Page 2/a_Continue to Step 3 - Review")): Object: 'Object Repository/mobileSanity/HBI/Page_App Page 2/a_Continue to Step 3 - Review' is clicked on

2019-10-24 08:08:19 - [MESSAGE][PASSED] - Object: 'Object Repository/mobileSanity/HBI/Page_App Page 2/a_Continue to Step 3 - Review' is clicked on

2019-10-24 08:08:19 - [TEST_STEP][PASSED] - waitForPageLoad(20): Wait for page load successfully

2019-10-24 08:08:19 - [MESSAGE][PASSED] - Wait for page load successfully

2019-10-24 08:08:19 - [TEST_STEP][PASSED] - Thread.sleep(10000): null

2019-10-24 08:08:29 - [TEST_STEP][PASSED] - waitForElementPresent(findTestObject("mobileSanity/HBI/Page_App Page 3/label"), 20): Object 'Object Repository/mobileSanity/HBI/Page_App Page 3/label' is present

2019-10-24 08:08:30 - [MESSAGE][PASSED] - Object 'Object Repository/mobileSanity/HBI/Page_App Page 3/label' is present

2019-10-24 08:08:30 - [TEST_STEP][PASSED] - callTestCase(findTestCase("mobileWeb/_include/get_screenshot"), [:], STOP_ON_FAILURE): Call Test Case 'Test Cases/mobileWeb/_include/get_screenshot' successfully

2019-10-24 08:08:30 - [TEST_CASE][PASSED] - Test Cases/mobileWeb/_include/get_screenshot: Test Cases/mobileWeb/_include/get_screenshot

2019-10-24 08:08:30 - [TEST_STEP][PASSED] - takeScreenshot(screenPath + i + ".png"): Taking screenshot successfully

2019-10-24 08:08:30 - [MESSAGE][PASSED] - Taking screenshot successfully
[[ATTACHMENT|D:\\Test\\AgileTest\\Reports\\mobileWeb\\hbi\\20191024_080031\\../Screenshots/iPhone 6/hbi/Fixed Cash Benefit/20191024_080735/8.png]]

2019-10-24 08:08:30 - [TEST_STEP][PASSED] - (internal.GlobalVariable.i++): null

2019-10-24 08:08:30 - [MESSAGE][PASSED] - Call Test Case 'Test Cases/mobileWeb/_include/get_screenshot' successfully

2019-10-24 08:08:30 - [TEST_STEP][PASSED] - click(findTestObject("mobileSanity/HBI/Page_App Page 3/label")): Object: 'Object Repository/mobileSanity/HBI/Page_App Page 3/label' is clicked on

2019-10-24 08:08:30 - [MESSAGE][PASSED] - Object: 'Object Repository/mobileSanity/HBI/Page_App Page 3/label' is clicked on

2019-10-24 08:08:30 - [TEST_STEP][PASSED] - click(findTestObject("mobileSanity/HBI/Page_App Page 3/p_CLICK TO SIGN")): Object: 'Object Repository/mobileSanity/HBI/Page_App Page 3/p_CLICK TO SIGN' is clicked on

2019-10-24 08:08:30 - [MESSAGE][PASSED] - Object: 'Object Repository/mobileSanity/HBI/Page_App Page 3/p_CLICK TO SIGN' is clicked on

2019-10-24 08:08:30 - [TEST_STEP][PASSED] - click(findTestObject("mobileSanity/HBI/Page_App Page 3/a_Submit Your Application")): Object: 'Object Repository/mobileSanity/HBI/Page_App Page 3/a_Submit Your Application' is clicked on

2019-10-24 08:08:30 - [MESSAGE][PASSED] - Object: 'Object Repository/mobileSanity/HBI/Page_App Page 3/a_Submit Your Application' is clicked on

2019-10-24 08:08:30 - [TEST_STEP][PASSED] - Thread.sleep(30000): null

2019-10-24 08:09:00 - [TEST_STEP][PASSED] - callTestCase(findTestCase("mobileWeb/_include/get_screenshot"), [:], STOP_ON_FAILURE): Call Test Case 'Test Cases/mobileWeb/_include/get_screenshot' successfully

2019-10-24 08:09:00 - [TEST_CASE][PASSED] - Test Cases/mobileWeb/_include/get_screenshot: Test Cases/mobileWeb/_include/get_screenshot

2019-10-24 08:09:00 - [TEST_STEP][PASSED] - takeScreenshot(screenPath + i + ".png"): Taking screenshot successfully

2019-10-24 08:09:01 - [MESSAGE][PASSED] - Taking screenshot successfully
[[ATTACHMENT|D:\\Test\\AgileTest\\Reports\\mobileWeb\\hbi\\20191024_080031\\../Screenshots/iPhone 6/hbi/Fixed Cash Benefit/20191024_080735/9.png]]

2019-10-24 08:09:01 - [TEST_STEP][PASSED] - (internal.GlobalVariable.i++): null

2019-10-24 08:09:01 - [MESSAGE][PASSED] - Call Test Case 'Test Cases/mobileWeb/_include/get_screenshot' successfully

2019-10-24 08:09:01 - [TEST_STEP][PASSED] - verifyTextPresent("Congratulations", false): Text 'Congratulations' is present on page 

2019-10-24 08:09:01 - [MESSAGE][PASSED] - Text 'Congratulations' is present on page 

2019-10-24 08:09:01 - [MESSAGE][PASSED] - Call Test Case 'Test Cases/mobileWeb/_include/goToEnd_hbi' successfully]]></system-out>
         <system-err><![CDATA[]]></system-err>
      </testcase>
      <testcase name="Test Cases/mobileWeb/HBI/Health Choice" classname="Test Cases/mobileWeb/HBI/Health Choice" status="PASSED">
         <system-out><![CDATA[2019-10-24 08:09:01 - [TEST_CASE][PASSED] - Test Cases/mobileWeb/HBI/Health Choice: Test Cases/mobileWeb/HBI/Health Choice

2019-10-24 08:09:01 - [TEST_STEP][PASSED] - callTestCase(findTestCase("mobileWeb/_include/get_screenPath"), ["productLine":"hbi", "carrierName":"Health Choice"], CONTINUE_ON_FAILURE): Call Test Case 'Test Cases/mobileWeb/_include/get_screenPath' successfully

2019-10-24 08:09:01 - [TEST_CASE][PASSED] - Test Cases/mobileWeb/_include/get_screenPath: Test Cases/mobileWeb/_include/get_screenPath

2019-10-24 08:09:01 - [TEST_STEP][PASSED] - m = getExecutionProperties(): null

2019-10-24 08:09:01 - [TEST_STEP][PASSED] - deviceName = get("mobileEmulation").get("deviceName"): null

2019-10-24 08:09:01 - [TEST_STEP][PASSED] - println(deviceName): null

2019-10-24 08:09:01 - [TEST_STEP][PASSED] - now = new java.util.Date(): null

2019-10-24 08:09:01 - [TEST_STEP][PASSED] - mydate = now.format("yyyyMMdd_HHmmss"): null

2019-10-24 08:09:01 - [TEST_STEP][PASSED] - screenPath = "../Screenshots/": null

2019-10-24 08:09:01 - [TEST_STEP][PASSED] - screenPath = screenPath + deviceName + "/" + productLine + "/" + carrierName + "/" + mydate + "/": null

2019-10-24 08:09:01 - [TEST_STEP][PASSED] - println(screenPath): null

2019-10-24 08:09:01 - [MESSAGE][PASSED] - Call Test Case 'Test Cases/mobileWeb/_include/get_screenPath' successfully

2019-10-24 08:09:01 - [TEST_STEP][PASSED] - i = 0: null

2019-10-24 08:09:01 - [TEST_STEP][PASSED] - callTestCase(findTestCase("mobileWeb/_include/openWebSite"), [:], CONTINUE_ON_FAILURE): Call Test Case 'Test Cases/mobileWeb/_include/openWebSite' successfully

2019-10-24 08:09:01 - [TEST_CASE][PASSED] - Test Cases/mobileWeb/_include/openWebSite: Test Cases/mobileWeb/_include/openWebSite

2019-10-24 08:09:01 - [TEST_STEP][PASSED] - openBrowser(env): Browser is opened with url: 'https://praetemptatus.agilehealthinsurance.com'

2019-10-24 08:09:01 - [MESSAGE][WARNING] - A browser is already opened. Closing browser and opening a new one

2019-10-24 08:09:02 - [MESSAGE][INFO] - Starting 'Chrome' driver

2019-10-24 08:09:02 - [MESSAGE][INFO] - User set preference: ['mobileEmulation', '{deviceName=iPhone 6}']

2019-10-24 08:09:02 - [MESSAGE][INFO] - User set preference: ['args', '[--incognito, --aggressive-cache-discard, --window-size=375,677, --no-sandbox]']

2019-10-24 08:09:04 - [MESSAGE][PASSED] - Browser is opened with url: 'https://praetemptatus.agilehealthinsurance.com'

2019-10-24 08:09:04 - [TEST_STEP][PASSED] - waitForPageLoad(20): Wait for page load successfully

2019-10-24 08:09:04 - [MESSAGE][PASSED] - Wait for page load successfully

2019-10-24 08:09:04 - [TEST_STEP][PASSED] - Thread.sleep(2000): null

2019-10-24 08:09:06 - [TEST_STEP][PASSED] - callTestCase(findTestCase("mobileWeb/_include/get_screenshot"), [:], STOP_ON_FAILURE): Call Test Case 'Test Cases/mobileWeb/_include/get_screenshot' successfully

2019-10-24 08:09:06 - [TEST_CASE][PASSED] - Test Cases/mobileWeb/_include/get_screenshot: Test Cases/mobileWeb/_include/get_screenshot

2019-10-24 08:09:06 - [TEST_STEP][PASSED] - takeScreenshot(screenPath + i + ".png"): Taking screenshot successfully

2019-10-24 08:09:07 - [MESSAGE][PASSED] - Taking screenshot successfully
[[ATTACHMENT|D:\\Test\\AgileTest\\Reports\\mobileWeb\\hbi\\20191024_080031\\../Screenshots/iPhone 6/hbi/Health Choice/20191024_080901/0.png]]

2019-10-24 08:09:07 - [TEST_STEP][PASSED] - (internal.GlobalVariable.i++): null

2019-10-24 08:09:07 - [MESSAGE][PASSED] - Call Test Case 'Test Cases/mobileWeb/_include/get_screenshot' successfully

2019-10-24 08:09:07 - [MESSAGE][PASSED] - Call Test Case 'Test Cases/mobileWeb/_include/openWebSite' successfully

2019-10-24 08:09:07 - [TEST_STEP][PASSED] - callTestCase(findTestCase("mobileWeb/_include/census_hbi"), [:], CONTINUE_ON_FAILURE): Call Test Case 'Test Cases/mobileWeb/_include/census_hbi' successfully

2019-10-24 08:09:07 - [TEST_CASE][PASSED] - Test Cases/mobileWeb/_include/census_hbi: Test Cases/mobileWeb/_include/census_hbi

2019-10-24 08:09:07 - [TEST_STEP][PASSED] - click(findTestObject("mobileSanity/Common/side_nav/menu")): Object: 'Object Repository/mobileSanity/Common/side_nav/menu' is clicked on

2019-10-24 08:09:07 - [MESSAGE][PASSED] - Object: 'Object Repository/mobileSanity/Common/side_nav/menu' is clicked on

2019-10-24 08:09:07 - [TEST_STEP][PASSED] - Thread.sleep(3000): null

2019-10-24 08:09:10 - [TEST_STEP][PASSED] - callTestCase(findTestCase("mobileWeb/_include/get_screenshot"), [:], STOP_ON_FAILURE): Call Test Case 'Test Cases/mobileWeb/_include/get_screenshot' successfully

2019-10-24 08:09:10 - [TEST_CASE][PASSED] - Test Cases/mobileWeb/_include/get_screenshot: Test Cases/mobileWeb/_include/get_screenshot

2019-10-24 08:09:10 - [TEST_STEP][PASSED] - takeScreenshot(screenPath + i + ".png"): Taking screenshot successfully

2019-10-24 08:09:11 - [MESSAGE][PASSED] - Taking screenshot successfully
[[ATTACHMENT|D:\\Test\\AgileTest\\Reports\\mobileWeb\\hbi\\20191024_080031\\../Screenshots/iPhone 6/hbi/Health Choice/20191024_080901/1.png]]

2019-10-24 08:09:11 - [TEST_STEP][PASSED] - (internal.GlobalVariable.i++): null

2019-10-24 08:09:11 - [MESSAGE][PASSED] - Call Test Case 'Test Cases/mobileWeb/_include/get_screenshot' successfully

2019-10-24 08:09:11 - [TEST_STEP][PASSED] - click(findTestObject("mobileSanity/Common/side_nav/nav_hbi")): Object: 'Object Repository/mobileSanity/Common/side_nav/nav_hbi' is clicked on

2019-10-24 08:09:11 - [MESSAGE][PASSED] - Object: 'Object Repository/mobileSanity/Common/side_nav/nav_hbi' is clicked on

2019-10-24 08:09:11 - [TEST_STEP][PASSED] - waitForPageLoad(10): Wait for page load successfully

2019-10-24 08:09:12 - [MESSAGE][PASSED] - Wait for page load successfully

2019-10-24 08:09:12 - [TEST_STEP][PASSED] - Thread.sleep(3000): null

2019-10-24 08:09:15 - [TEST_STEP][PASSED] - callTestCase(findTestCase("mobileWeb/_include/get_screenshot"), [:], STOP_ON_FAILURE): Call Test Case 'Test Cases/mobileWeb/_include/get_screenshot' successfully

2019-10-24 08:09:15 - [TEST_CASE][PASSED] - Test Cases/mobileWeb/_include/get_screenshot: Test Cases/mobileWeb/_include/get_screenshot

2019-10-24 08:09:15 - [TEST_STEP][PASSED] - takeScreenshot(screenPath + i + ".png"): Taking screenshot successfully

2019-10-24 08:09:15 - [MESSAGE][PASSED] - Taking screenshot successfully
[[ATTACHMENT|D:\\Test\\AgileTest\\Reports\\mobileWeb\\hbi\\20191024_080031\\../Screenshots/iPhone 6/hbi/Health Choice/20191024_080901/2.png]]

2019-10-24 08:09:15 - [TEST_STEP][PASSED] - (internal.GlobalVariable.i++): null

2019-10-24 08:09:15 - [MESSAGE][PASSED] - Call Test Case 'Test Cases/mobileWeb/_include/get_screenshot' successfully

2019-10-24 08:09:15 - [TEST_STEP][PASSED] - setText(findTestObject("mobileSanity/HBI/census/input_Location_zip-input"), zipcode): Text '35215' is set on object 'Object Repository/mobileSanity/HBI/census/input_Location_zip-input'

2019-10-24 08:09:15 - [MESSAGE][PASSED] - Text '35215' is set on object 'Object Repository/mobileSanity/HBI/census/input_Location_zip-input'

2019-10-24 08:09:15 - [TEST_STEP][PASSED] - Thread.sleep(500): null

2019-10-24 08:09:16 - [TEST_STEP][PASSED] - setText(findTestObject("mobileSanity/HBI/census/input_Date of Birth_dob-0"), "12121980"): Text '12121980' is set on object 'Object Repository/mobileSanity/HBI/census/input_Date of Birth_dob-0'

2019-10-24 08:09:16 - [MESSAGE][PASSED] - Text '12121980' is set on object 'Object Repository/mobileSanity/HBI/census/input_Date of Birth_dob-0'

2019-10-24 08:09:16 - [TEST_STEP][PASSED] - click(findTestObject("mobileSanity/HBI/census/label_Male")): Object: 'Object Repository/mobileSanity/HBI/census/label_Male' is clicked on

2019-10-24 08:09:16 - [MESSAGE][PASSED] - Object: 'Object Repository/mobileSanity/HBI/census/label_Male' is clicked on

2019-10-24 08:09:16 - [TEST_STEP][PASSED] - click(findTestObject("mobileSanity/HBI/census/label_Get a Quote")): Object: 'Object Repository/mobileSanity/HBI/census/label_Get a Quote' is clicked on

2019-10-24 08:09:17 - [MESSAGE][PASSED] - Object: 'Object Repository/mobileSanity/HBI/census/label_Get a Quote' is clicked on

2019-10-24 08:09:17 - [TEST_STEP][PASSED] - waitForPageLoad(20): Wait for page load successfully

2019-10-24 08:09:18 - [MESSAGE][PASSED] - Wait for page load successfully

2019-10-24 08:09:18 - [TEST_STEP][PASSED] - Thread.sleep(3000): null

2019-10-24 08:09:21 - [TEST_STEP][PASSED] - callTestCase(findTestCase("mobileWeb/_include/get_screenshot"), [:], STOP_ON_FAILURE): Call Test Case 'Test Cases/mobileWeb/_include/get_screenshot' successfully

2019-10-24 08:09:21 - [TEST_CASE][PASSED] - Test Cases/mobileWeb/_include/get_screenshot: Test Cases/mobileWeb/_include/get_screenshot

2019-10-24 08:09:21 - [TEST_STEP][PASSED] - takeScreenshot(screenPath + i + ".png"): Taking screenshot successfully

2019-10-24 08:09:21 - [MESSAGE][PASSED] - Taking screenshot successfully
[[ATTACHMENT|D:\\Test\\AgileTest\\Reports\\mobileWeb\\hbi\\20191024_080031\\../Screenshots/iPhone 6/hbi/Health Choice/20191024_080901/3.png]]

2019-10-24 08:09:21 - [TEST_STEP][PASSED] - (internal.GlobalVariable.i++): null

2019-10-24 08:09:21 - [MESSAGE][PASSED] - Call Test Case 'Test Cases/mobileWeb/_include/get_screenshot' successfully

2019-10-24 08:09:21 - [MESSAGE][PASSED] - Call Test Case 'Test Cases/mobileWeb/_include/census_hbi' successfully

2019-10-24 08:09:21 - [TEST_STEP][PASSED] - Thread.sleep(5000): null

2019-10-24 08:09:26 - [TEST_STEP][PASSED] - scrollToPosition(200, 2300): Browser is scrolled to position x = 200, y = 2300

2019-10-24 08:09:26 - [MESSAGE][PASSED] - Browser is scrolled to position x = 200, y = 2300

2019-10-24 08:09:26 - [TEST_STEP][PASSED] - click(findTestObject("mobileSanity/HBI/quote/a_Health Choice")): Object: 'Object Repository/mobileSanity/HBI/quote/a_Health Choice' is clicked on

2019-10-24 08:09:27 - [MESSAGE][PASSED] - Object: 'Object Repository/mobileSanity/HBI/quote/a_Health Choice' is clicked on

2019-10-24 08:09:27 - [TEST_STEP][PASSED] - waitForPageLoad(20): Wait for page load successfully

2019-10-24 08:09:27 - [MESSAGE][PASSED] - Wait for page load successfully

2019-10-24 08:09:27 - [TEST_STEP][PASSED] - callTestCase(findTestCase("mobileWeb/_include/get_screenshot"), [:], STOP_ON_FAILURE): Call Test Case 'Test Cases/mobileWeb/_include/get_screenshot' successfully

2019-10-24 08:09:27 - [TEST_CASE][PASSED] - Test Cases/mobileWeb/_include/get_screenshot: Test Cases/mobileWeb/_include/get_screenshot

2019-10-24 08:09:27 - [TEST_STEP][PASSED] - takeScreenshot(screenPath + i + ".png"): Taking screenshot successfully

2019-10-24 08:09:27 - [MESSAGE][PASSED] - Taking screenshot successfully
[[ATTACHMENT|D:\\Test\\AgileTest\\Reports\\mobileWeb\\hbi\\20191024_080031\\../Screenshots/iPhone 6/hbi/Health Choice/20191024_080901/4.png]]

2019-10-24 08:09:27 - [TEST_STEP][PASSED] - (internal.GlobalVariable.i++): null

2019-10-24 08:09:27 - [MESSAGE][PASSED] - Call Test Case 'Test Cases/mobileWeb/_include/get_screenshot' successfully

2019-10-24 08:09:27 - [TEST_STEP][PASSED] - click(findTestObject("mobileSanity/HBI/detail/a_Apply for This Plan")): Object: 'Object Repository/mobileSanity/HBI/detail/a_Apply for This Plan' is clicked on

2019-10-24 08:09:28 - [MESSAGE][PASSED] - Object: 'Object Repository/mobileSanity/HBI/detail/a_Apply for This Plan' is clicked on

2019-10-24 08:09:28 - [TEST_STEP][PASSED] - waitForPageLoad(20): Wait for page load successfully

2019-10-24 08:09:28 - [MESSAGE][PASSED] - Wait for page load successfully

2019-10-24 08:09:28 - [TEST_STEP][PASSED] - callTestCase(findTestCase("mobileWeb/_include/get_screenshot"), [:], STOP_ON_FAILURE): Call Test Case 'Test Cases/mobileWeb/_include/get_screenshot' successfully

2019-10-24 08:09:28 - [TEST_CASE][PASSED] - Test Cases/mobileWeb/_include/get_screenshot: Test Cases/mobileWeb/_include/get_screenshot

2019-10-24 08:09:28 - [TEST_STEP][PASSED] - takeScreenshot(screenPath + i + ".png"): Taking screenshot successfully

2019-10-24 08:09:29 - [MESSAGE][PASSED] - Taking screenshot successfully
[[ATTACHMENT|D:\\Test\\AgileTest\\Reports\\mobileWeb\\hbi\\20191024_080031\\../Screenshots/iPhone 6/hbi/Health Choice/20191024_080901/5.png]]

2019-10-24 08:09:29 - [TEST_STEP][PASSED] - (internal.GlobalVariable.i++): null

2019-10-24 08:09:29 - [MESSAGE][PASSED] - Call Test Case 'Test Cases/mobileWeb/_include/get_screenshot' successfully

2019-10-24 08:09:29 - [TEST_STEP][PASSED] - click(findTestObject("mobileSanity/HBI/Page_Apply/span_Start Secure Application")): Object: 'Object Repository/mobileSanity/HBI/Page_Apply/span_Start Secure Application' is clicked on

2019-10-24 08:09:30 - [MESSAGE][PASSED] - Object: 'Object Repository/mobileSanity/HBI/Page_Apply/span_Start Secure Application' is clicked on

2019-10-24 08:09:30 - [TEST_STEP][PASSED] - waitForPageLoad(20): Wait for page load successfully

2019-10-24 08:09:31 - [MESSAGE][PASSED] - Wait for page load successfully

2019-10-24 08:09:31 - [TEST_STEP][PASSED] - Thread.sleep(5000): null

2019-10-24 08:09:36 - [TEST_STEP][PASSED] - callTestCase(findTestCase("mobileWeb/_include/get_screenshot"), [:], STOP_ON_FAILURE): Call Test Case 'Test Cases/mobileWeb/_include/get_screenshot' successfully

2019-10-24 08:09:36 - [TEST_CASE][PASSED] - Test Cases/mobileWeb/_include/get_screenshot: Test Cases/mobileWeb/_include/get_screenshot

2019-10-24 08:09:36 - [TEST_STEP][PASSED] - takeScreenshot(screenPath + i + ".png"): Taking screenshot successfully

2019-10-24 08:09:36 - [MESSAGE][PASSED] - Taking screenshot successfully
[[ATTACHMENT|D:\\Test\\AgileTest\\Reports\\mobileWeb\\hbi\\20191024_080031\\../Screenshots/iPhone 6/hbi/Health Choice/20191024_080901/6.png]]

2019-10-24 08:09:36 - [TEST_STEP][PASSED] - (internal.GlobalVariable.i++): null

2019-10-24 08:09:36 - [MESSAGE][PASSED] - Call Test Case 'Test Cases/mobileWeb/_include/get_screenshot' successfully

2019-10-24 08:09:36 - [TEST_STEP][PASSED] - callTestCase(findTestCase("mobileWeb/_include/goToEnd_hbi"), ["carrier":"healthchoiceplus"], CONTINUE_ON_FAILURE): Call Test Case 'Test Cases/mobileWeb/_include/goToEnd_hbi' successfully

2019-10-24 08:09:36 - [TEST_CASE][PASSED] - Test Cases/mobileWeb/_include/goToEnd_hbi: Test Cases/mobileWeb/_include/goToEnd_hbi

2019-10-24 08:09:36 - [TEST_STEP][PASSED] - if (state == "ca"): null

2019-10-24 08:09:36 - [TEST_STEP][PASSED] - callTestCase(findTestCase("mobileWeb/_include/name"), [:], CONTINUE_ON_FAILURE): Call Test Case 'Test Cases/mobileWeb/_include/name' successfully

2019-10-24 08:09:36 - [TEST_CASE][PASSED] - Test Cases/mobileWeb/_include/name: Test Cases/mobileWeb/_include/name

2019-10-24 08:09:36 - [TEST_STEP][PASSED] - driver = getWebDriver(): null

2019-10-24 08:09:36 - [TEST_STEP][PASSED] - selenium = new com.thoughtworks.selenium.webdriven.WebDriverBackedSelenium(driver, internal.GlobalVariable.ENV): null

2019-10-24 08:09:36 - [TEST_STEP][PASSED] - FirstName = "Test-123": null

2019-10-24 08:09:36 - [TEST_STEP][PASSED] - LastName = selenium.getEval("{var x="ABCDEFGHIJKLMNOPQRSTUVWXYZabcdefghijklmnopqrstuvwxyz"; var tmp="ZZ11-"; for (i=0;i<8;i++) tmp+=x.charAt(Math.ceil(51*Math.random()));tmp;}"): null

2019-10-24 08:09:36 - [TEST_STEP][PASSED] - Address = selenium.getEval("{var x="ABCDEFGHIJKLMNOPQRSTUVWXYZabcdefghijklmnopqrstuvwxyz"; var tmp=""; for (i=0;i<8;i++) tmp+=x.charAt(Math.ceil(51*Math.random()));tmp;}"): null

2019-10-24 08:09:36 - [TEST_STEP][PASSED] - City = selenium.getEval("{var x="ABCDEFGHIJKLMNOPQRSTUVWXYZabcdefghijklmnopqrstuvwxyz"; var tmp=""; for (i=0;i<8;i++) tmp+=x.charAt(Math.ceil(51*Math.random()));tmp;}"): null

2019-10-24 08:09:36 - [TEST_STEP][PASSED] - tel1 = selenium.getEval("{var x="123456789"; var tmp=""; for (i=0;i<3;i++) tmp+=x.charAt(Math.ceil(8*Math.random()));tmp;}"): null

2019-10-24 08:09:36 - [TEST_STEP][PASSED] - tel2 = selenium.getEval("{var x="123456789"; var tmp=""; for (i=0;i<3;i++) tmp+=x.charAt(Math.ceil(8*Math.random()));tmp;}"): null

2019-10-24 08:09:36 - [TEST_STEP][PASSED] - tel3 = selenium.getEval("{var x="123456789"; var tmp=""; for (i=0;i<4;i++) tmp+=x.charAt(Math.ceil(8*Math.random()));tmp;}"): null

2019-10-24 08:09:36 - [TEST_STEP][PASSED] - Tel = selenium.getExpression(tel1 + "-" + tel2 + "-" + tel3): null

2019-10-24 08:09:36 - [TEST_STEP][PASSED] - AutoEmail = selenium.getEval("{var x="ABCDEFGHIJKLMNOPQRSTUVWXYZabcdefghijklmnopqrstuvwxyz"; var tmp="test."; for (i=0;i<8;i++) tmp+=x.charAt(Math.ceil(51*Math.random()));tmp+="@suryani.cn";}"): null

2019-10-24 08:09:36 - [TEST_STEP][PASSED] - FirstName = FirstName: null

2019-10-24 08:09:36 - [TEST_STEP][PASSED] - LastName = LastName: null

2019-10-24 08:09:36 - [TEST_STEP][PASSED] - Address = Address: null

2019-10-24 08:09:36 - [TEST_STEP][PASSED] - City = City: null

2019-10-24 08:09:36 - [TEST_STEP][PASSED] - Tel = Tel: null

2019-10-24 08:09:36 - [TEST_STEP][PASSED] - AutoEmail = AutoEmail: null

2019-10-24 08:09:36 - [TEST_STEP][PASSED] - println(FirstName): null

2019-10-24 08:09:36 - [TEST_STEP][PASSED] - println(LastName): null

2019-10-24 08:09:36 - [TEST_STEP][PASSED] - println(Address): null

2019-10-24 08:09:36 - [TEST_STEP][PASSED] - println(City): null

2019-10-24 08:09:36 - [TEST_STEP][PASSED] - println(Tel): null

2019-10-24 08:09:36 - [TEST_STEP][PASSED] - println(AutoEmail): null

2019-10-24 08:09:36 - [MESSAGE][PASSED] - Call Test Case 'Test Cases/mobileWeb/_include/name' successfully

2019-10-24 08:09:36 - [TEST_STEP][PASSED] - setText(findTestObject("mobileSanity/HBI/Page_App Page 1/input__member-P-1-firstName"), FirstName): Text 'Test-123' is set on object 'Object Repository/mobileSanity/HBI/Page_App Page 1/input__member-P-1-firstName'

2019-10-24 08:09:37 - [MESSAGE][PASSED] - Text 'Test-123' is set on object 'Object Repository/mobileSanity/HBI/Page_App Page 1/input__member-P-1-firstName'

2019-10-24 08:09:37 - [TEST_STEP][PASSED] - setText(findTestObject("mobileSanity/HBI/Page_App Page 1/input__member-P-1-lastName"), LastName): Text 'ZZ11-oRSCsiyZ' is set on object 'Object Repository/mobileSanity/HBI/Page_App Page 1/input__member-P-1-lastName'

2019-10-24 08:09:37 - [MESSAGE][PASSED] - Text 'ZZ11-oRSCsiyZ' is set on object 'Object Repository/mobileSanity/HBI/Page_App Page 1/input__member-P-1-lastName'

2019-10-24 08:09:37 - [TEST_STEP][PASSED] - if (carrier == "agileone" || carrier == "agilesecure"): null

2019-10-24 08:09:37 - [TEST_STEP][PASSED] - setText(findTestObject("mobileSanity/HBI/Page_App Page 1/input__address"), Address): Text 'fqRwRjuE' is set on object 'Object Repository/mobileSanity/HBI/Page_App Page 1/input__address'

2019-10-24 08:09:37 - [MESSAGE][PASSED] - Text 'fqRwRjuE' is set on object 'Object Repository/mobileSanity/HBI/Page_App Page 1/input__address'

2019-10-24 08:09:37 - [TEST_STEP][PASSED] - setText(findTestObject("mobileSanity/HBI/Page_App Page 1/input__city"), City): Text 'QZRFzEbl' is set on object 'Object Repository/mobileSanity/HBI/Page_App Page 1/input__city'

2019-10-24 08:09:37 - [MESSAGE][PASSED] - Text 'QZRFzEbl' is set on object 'Object Repository/mobileSanity/HBI/Page_App Page 1/input__city'

2019-10-24 08:09:37 - [TEST_STEP][PASSED] - setText(findTestObject("mobileSanity/HBI/Page_App Page 1/input__email"), AutoEmail): Text 'test.UvbeKwaZ@suryani.cn' is set on object 'Object Repository/mobileSanity/HBI/Page_App Page 1/input__email'

2019-10-24 08:09:37 - [MESSAGE][PASSED] - Text 'test.UvbeKwaZ@suryani.cn' is set on object 'Object Repository/mobileSanity/HBI/Page_App Page 1/input__email'

2019-10-24 08:09:37 - [TEST_STEP][PASSED] - setText(findTestObject("mobileSanity/HBI/Page_App Page 1/input_tel"), Tel): Text '796-396-9996' is set on object 'Object Repository/mobileSanity/HBI/Page_App Page 1/input_tel'

2019-10-24 08:09:37 - [MESSAGE][PASSED] - Text '796-396-9996' is set on object 'Object Repository/mobileSanity/HBI/Page_App Page 1/input_tel'

2019-10-24 08:09:37 - [TEST_STEP][PASSED] - click(findTestObject("mobileSanity/HBI/Page_App Page 1/a_Continue to Step 2 - Payment")): Object: 'Object Repository/mobileSanity/HBI/Page_App Page 1/a_Continue to Step 2 - Payment' is clicked on

2019-10-24 08:09:37 - [MESSAGE][PASSED] - Object: 'Object Repository/mobileSanity/HBI/Page_App Page 1/a_Continue to Step 2 - Payment' is clicked on

2019-10-24 08:09:37 - [TEST_STEP][PASSED] - waitForPageLoad(20): Wait for page load successfully

2019-10-24 08:09:37 - [MESSAGE][PASSED] - Wait for page load successfully

2019-10-24 08:09:37 - [TEST_STEP][PASSED] - Thread.sleep(2000): null

2019-10-24 08:09:39 - [TEST_STEP][PASSED] - waitForElementVisible(findTestObject("mobileSanity/HBI/Page_App Page 2/input__credit-card-first"), 20): Object 'Object Repository/mobileSanity/HBI/Page_App Page 2/input__credit-card-first' is visible

2019-10-24 08:09:40 - [MESSAGE][PASSED] - Object 'Object Repository/mobileSanity/HBI/Page_App Page 2/input__credit-card-first' is visible

2019-10-24 08:09:40 - [TEST_STEP][PASSED] - callTestCase(findTestCase("mobileWeb/_include/get_screenshot"), [:], STOP_ON_FAILURE): Call Test Case 'Test Cases/mobileWeb/_include/get_screenshot' successfully

2019-10-24 08:09:40 - [TEST_CASE][PASSED] - Test Cases/mobileWeb/_include/get_screenshot: Test Cases/mobileWeb/_include/get_screenshot

2019-10-24 08:09:40 - [TEST_STEP][PASSED] - takeScreenshot(screenPath + i + ".png"): Taking screenshot successfully

2019-10-24 08:09:40 - [MESSAGE][PASSED] - Taking screenshot successfully
[[ATTACHMENT|D:\\Test\\AgileTest\\Reports\\mobileWeb\\hbi\\20191024_080031\\../Screenshots/iPhone 6/hbi/Health Choice/20191024_080901/7.png]]

2019-10-24 08:09:40 - [TEST_STEP][PASSED] - (internal.GlobalVariable.i++): null

2019-10-24 08:09:40 - [MESSAGE][PASSED] - Call Test Case 'Test Cases/mobileWeb/_include/get_screenshot' successfully

2019-10-24 08:09:40 - [TEST_STEP][PASSED] - setText(findTestObject("mobileSanity/HBI/Page_App Page 2/input__credit-card-first"), FirstName): Text 'Test-123' is set on object 'Object Repository/mobileSanity/HBI/Page_App Page 2/input__credit-card-first'

2019-10-24 08:09:40 - [MESSAGE][PASSED] - Text 'Test-123' is set on object 'Object Repository/mobileSanity/HBI/Page_App Page 2/input__credit-card-first'

2019-10-24 08:09:40 - [TEST_STEP][PASSED] - setText(findTestObject("mobileSanity/HBI/Page_App Page 2/input__credit-card-last"), LastName): Text 'ZZ11-oRSCsiyZ' is set on object 'Object Repository/mobileSanity/HBI/Page_App Page 2/input__credit-card-last'

2019-10-24 08:09:40 - [MESSAGE][PASSED] - Text 'ZZ11-oRSCsiyZ' is set on object 'Object Repository/mobileSanity/HBI/Page_App Page 2/input__credit-card-last'

2019-10-24 08:09:40 - [TEST_STEP][PASSED] - selectOptionByValue(findTestObject("mobileSanity/HBI/Page_App Page 2/select_MM010203040506070809101"), "12", true): All options with value '12' are selected in object 'Object Repository/mobileSanity/HBI/Page_App Page 2/select_MM010203040506070809101'  using regular expression

2019-10-24 08:09:41 - [MESSAGE][PASSED] - All options with value '12' are selected in object 'Object Repository/mobileSanity/HBI/Page_App Page 2/select_MM010203040506070809101'  using regular expression

2019-10-24 08:09:41 - [TEST_STEP][PASSED] - selectOptionByValue(findTestObject("mobileSanity/HBI/Page_App Page 2/select_YYYY2019202020212022202"), "2026", true): All options with value '2026' are selected in object 'Object Repository/mobileSanity/HBI/Page_App Page 2/select_YYYY2019202020212022202'  using regular expression

2019-10-24 08:09:41 - [MESSAGE][PASSED] - All options with value '2026' are selected in object 'Object Repository/mobileSanity/HBI/Page_App Page 2/select_YYYY2019202020212022202'  using regular expression

2019-10-24 08:09:41 - [TEST_STEP][PASSED] - setText(findTestObject("mobileSanity/HBI/Page_App Page 2/input__credit-card-number"), "4111111111111111"): Text '4111111111111111' is set on object 'Object Repository/mobileSanity/HBI/Page_App Page 2/input__credit-card-number'

2019-10-24 08:09:41 - [MESSAGE][PASSED] - Text '4111111111111111' is set on object 'Object Repository/mobileSanity/HBI/Page_App Page 2/input__credit-card-number'

2019-10-24 08:09:41 - [TEST_STEP][PASSED] - setText(findTestObject("mobileSanity/HBI/Page_App Page 2/input__cvv"), "123"): Text '123' is set on object 'Object Repository/mobileSanity/HBI/Page_App Page 2/input__cvv'

2019-10-24 08:09:41 - [MESSAGE][PASSED] - Text '123' is set on object 'Object Repository/mobileSanity/HBI/Page_App Page 2/input__cvv'

2019-10-24 08:09:41 - [TEST_STEP][PASSED] - click(findTestObject("mobileSanity/HBI/Page_App Page 2/label_My billing address is th")): Object: 'Object Repository/mobileSanity/HBI/Page_App Page 2/label_My billing address is th' is clicked on

2019-10-24 08:09:41 - [MESSAGE][PASSED] - Object: 'Object Repository/mobileSanity/HBI/Page_App Page 2/label_My billing address is th' is clicked on

2019-10-24 08:09:41 - [TEST_STEP][PASSED] - click(findTestObject("mobileSanity/HBI/Page_App Page 2/label_I Accept Authorization f")): Object: 'Object Repository/mobileSanity/HBI/Page_App Page 2/label_I Accept Authorization f' is clicked on

2019-10-24 08:09:41 - [MESSAGE][PASSED] - Object: 'Object Repository/mobileSanity/HBI/Page_App Page 2/label_I Accept Authorization f' is clicked on

2019-10-24 08:09:41 - [TEST_STEP][PASSED] - click(findTestObject("mobileSanity/HBI/Page_App Page 2/a_Continue to Step 3 - Review")): Object: 'Object Repository/mobileSanity/HBI/Page_App Page 2/a_Continue to Step 3 - Review' is clicked on

2019-10-24 08:09:41 - [MESSAGE][PASSED] - Object: 'Object Repository/mobileSanity/HBI/Page_App Page 2/a_Continue to Step 3 - Review' is clicked on

2019-10-24 08:09:41 - [TEST_STEP][PASSED] - waitForPageLoad(20): Wait for page load successfully

2019-10-24 08:09:41 - [MESSAGE][PASSED] - Wait for page load successfully

2019-10-24 08:09:41 - [TEST_STEP][PASSED] - Thread.sleep(10000): null

2019-10-24 08:09:51 - [TEST_STEP][PASSED] - waitForElementPresent(findTestObject("mobileSanity/HBI/Page_App Page 3/label"), 20): Object 'Object Repository/mobileSanity/HBI/Page_App Page 3/label' is present

2019-10-24 08:09:52 - [MESSAGE][PASSED] - Object 'Object Repository/mobileSanity/HBI/Page_App Page 3/label' is present

2019-10-24 08:09:52 - [TEST_STEP][PASSED] - callTestCase(findTestCase("mobileWeb/_include/get_screenshot"), [:], STOP_ON_FAILURE): Call Test Case 'Test Cases/mobileWeb/_include/get_screenshot' successfully

2019-10-24 08:09:52 - [TEST_CASE][PASSED] - Test Cases/mobileWeb/_include/get_screenshot: Test Cases/mobileWeb/_include/get_screenshot

2019-10-24 08:09:52 - [TEST_STEP][PASSED] - takeScreenshot(screenPath + i + ".png"): Taking screenshot successfully

2019-10-24 08:09:52 - [MESSAGE][PASSED] - Taking screenshot successfully
[[ATTACHMENT|D:\\Test\\AgileTest\\Reports\\mobileWeb\\hbi\\20191024_080031\\../Screenshots/iPhone 6/hbi/Health Choice/20191024_080901/8.png]]

2019-10-24 08:09:52 - [TEST_STEP][PASSED] - (internal.GlobalVariable.i++): null

2019-10-24 08:09:52 - [MESSAGE][PASSED] - Call Test Case 'Test Cases/mobileWeb/_include/get_screenshot' successfully

2019-10-24 08:09:52 - [TEST_STEP][PASSED] - click(findTestObject("mobileSanity/HBI/Page_App Page 3/label")): Object: 'Object Repository/mobileSanity/HBI/Page_App Page 3/label' is clicked on

2019-10-24 08:09:52 - [MESSAGE][PASSED] - Object: 'Object Repository/mobileSanity/HBI/Page_App Page 3/label' is clicked on

2019-10-24 08:09:52 - [TEST_STEP][PASSED] - click(findTestObject("mobileSanity/HBI/Page_App Page 3/p_CLICK TO SIGN")): Object: 'Object Repository/mobileSanity/HBI/Page_App Page 3/p_CLICK TO SIGN' is clicked on

2019-10-24 08:09:53 - [MESSAGE][PASSED] - Object: 'Object Repository/mobileSanity/HBI/Page_App Page 3/p_CLICK TO SIGN' is clicked on

2019-10-24 08:09:53 - [TEST_STEP][PASSED] - click(findTestObject("mobileSanity/HBI/Page_App Page 3/a_Submit Your Application")): Object: 'Object Repository/mobileSanity/HBI/Page_App Page 3/a_Submit Your Application' is clicked on

2019-10-24 08:09:53 - [MESSAGE][PASSED] - Object: 'Object Repository/mobileSanity/HBI/Page_App Page 3/a_Submit Your Application' is clicked on

2019-10-24 08:09:53 - [TEST_STEP][PASSED] - Thread.sleep(30000): null

2019-10-24 08:10:23 - [TEST_STEP][PASSED] - callTestCase(findTestCase("mobileWeb/_include/get_screenshot"), [:], STOP_ON_FAILURE): Call Test Case 'Test Cases/mobileWeb/_include/get_screenshot' successfully

2019-10-24 08:10:23 - [TEST_CASE][PASSED] - Test Cases/mobileWeb/_include/get_screenshot: Test Cases/mobileWeb/_include/get_screenshot

2019-10-24 08:10:23 - [TEST_STEP][PASSED] - takeScreenshot(screenPath + i + ".png"): Taking screenshot successfully

2019-10-24 08:10:23 - [MESSAGE][PASSED] - Taking screenshot successfully
[[ATTACHMENT|D:\\Test\\AgileTest\\Reports\\mobileWeb\\hbi\\20191024_080031\\../Screenshots/iPhone 6/hbi/Health Choice/20191024_080901/9.png]]

2019-10-24 08:10:23 - [TEST_STEP][PASSED] - (internal.GlobalVariable.i++): null

2019-10-24 08:10:23 - [MESSAGE][PASSED] - Call Test Case 'Test Cases/mobileWeb/_include/get_screenshot' successfully

2019-10-24 08:10:23 - [TEST_STEP][PASSED] - verifyTextPresent("Congratulations", false): Text 'Congratulations' is present on page 

2019-10-24 08:10:23 - [MESSAGE][PASSED] - Text 'Congratulations' is present on page 

2019-10-24 08:10:23 - [MESSAGE][PASSED] - Call Test Case 'Test Cases/mobileWeb/_include/goToEnd_hbi' successfully]]></system-out>
         <system-err><![CDATA[]]></system-err>
      </testcase>
      <testcase name="Test Cases/mobileWeb/HBI/Vitala Care" classname="Test Cases/mobileWeb/HBI/Vitala Care" status="PASSED">
         <system-out><![CDATA[2019-10-24 08:10:23 - [TEST_CASE][PASSED] - Test Cases/mobileWeb/HBI/Vitala Care: Test Cases/mobileWeb/HBI/Vitala Care

2019-10-24 08:10:23 - [TEST_STEP][PASSED] - callTestCase(findTestCase("mobileWeb/_include/get_screenPath"), ["productLine":"hbi", "carrierName":"Vitala Care"], CONTINUE_ON_FAILURE): Call Test Case 'Test Cases/mobileWeb/_include/get_screenPath' successfully

2019-10-24 08:10:24 - [TEST_CASE][PASSED] - Test Cases/mobileWeb/_include/get_screenPath: Test Cases/mobileWeb/_include/get_screenPath

2019-10-24 08:10:24 - [TEST_STEP][PASSED] - m = getExecutionProperties(): null

2019-10-24 08:10:24 - [TEST_STEP][PASSED] - deviceName = get("mobileEmulation").get("deviceName"): null

2019-10-24 08:10:24 - [TEST_STEP][PASSED] - println(deviceName): null

2019-10-24 08:10:24 - [TEST_STEP][PASSED] - now = new java.util.Date(): null

2019-10-24 08:10:24 - [TEST_STEP][PASSED] - mydate = now.format("yyyyMMdd_HHmmss"): null

2019-10-24 08:10:24 - [TEST_STEP][PASSED] - screenPath = "../Screenshots/": null

2019-10-24 08:10:24 - [TEST_STEP][PASSED] - screenPath = screenPath + deviceName + "/" + productLine + "/" + carrierName + "/" + mydate + "/": null

2019-10-24 08:10:24 - [TEST_STEP][PASSED] - println(screenPath): null

2019-10-24 08:10:24 - [MESSAGE][PASSED] - Call Test Case 'Test Cases/mobileWeb/_include/get_screenPath' successfully

2019-10-24 08:10:24 - [TEST_STEP][PASSED] - i = 0: null

2019-10-24 08:10:24 - [TEST_STEP][PASSED] - callTestCase(findTestCase("mobileWeb/_include/openWebSite"), [:], CONTINUE_ON_FAILURE): Call Test Case 'Test Cases/mobileWeb/_include/openWebSite' successfully

2019-10-24 08:10:24 - [TEST_CASE][PASSED] - Test Cases/mobileWeb/_include/openWebSite: Test Cases/mobileWeb/_include/openWebSite

2019-10-24 08:10:24 - [TEST_STEP][PASSED] - openBrowser(env): Browser is opened with url: 'https://praetemptatus.agilehealthinsurance.com'

2019-10-24 08:10:24 - [MESSAGE][WARNING] - A browser is already opened. Closing browser and opening a new one

2019-10-24 08:10:25 - [MESSAGE][INFO] - Starting 'Chrome' driver

2019-10-24 08:10:25 - [MESSAGE][INFO] - User set preference: ['mobileEmulation', '{deviceName=iPhone 6}']

2019-10-24 08:10:25 - [MESSAGE][INFO] - User set preference: ['args', '[--incognito, --aggressive-cache-discard, --window-size=375,677, --no-sandbox]']

2019-10-24 08:10:27 - [MESSAGE][PASSED] - Browser is opened with url: 'https://praetemptatus.agilehealthinsurance.com'

2019-10-24 08:10:27 - [TEST_STEP][PASSED] - waitForPageLoad(20): Wait for page load successfully

2019-10-24 08:10:27 - [MESSAGE][PASSED] - Wait for page load successfully

2019-10-24 08:10:27 - [TEST_STEP][PASSED] - Thread.sleep(2000): null

2019-10-24 08:10:29 - [TEST_STEP][PASSED] - callTestCase(findTestCase("mobileWeb/_include/get_screenshot"), [:], STOP_ON_FAILURE): Call Test Case 'Test Cases/mobileWeb/_include/get_screenshot' successfully

2019-10-24 08:10:29 - [TEST_CASE][PASSED] - Test Cases/mobileWeb/_include/get_screenshot: Test Cases/mobileWeb/_include/get_screenshot

2019-10-24 08:10:29 - [TEST_STEP][PASSED] - takeScreenshot(screenPath + i + ".png"): Taking screenshot successfully

2019-10-24 08:10:30 - [MESSAGE][PASSED] - Taking screenshot successfully
[[ATTACHMENT|D:\\Test\\AgileTest\\Reports\\mobileWeb\\hbi\\20191024_080031\\../Screenshots/iPhone 6/hbi/Vitala Care/20191024_081024/0.png]]

2019-10-24 08:10:30 - [TEST_STEP][PASSED] - (internal.GlobalVariable.i++): null

2019-10-24 08:10:30 - [MESSAGE][PASSED] - Call Test Case 'Test Cases/mobileWeb/_include/get_screenshot' successfully

2019-10-24 08:10:30 - [MESSAGE][PASSED] - Call Test Case 'Test Cases/mobileWeb/_include/openWebSite' successfully

2019-10-24 08:10:30 - [TEST_STEP][PASSED] - callTestCase(findTestCase("mobileWeb/_include/census_hbi"), ["zipcode":"90011"], CONTINUE_ON_FAILURE): Call Test Case 'Test Cases/mobileWeb/_include/census_hbi' successfully

2019-10-24 08:10:30 - [TEST_CASE][PASSED] - Test Cases/mobileWeb/_include/census_hbi: Test Cases/mobileWeb/_include/census_hbi

2019-10-24 08:10:30 - [TEST_STEP][PASSED] - click(findTestObject("mobileSanity/Common/side_nav/menu")): Object: 'Object Repository/mobileSanity/Common/side_nav/menu' is clicked on

2019-10-24 08:10:30 - [MESSAGE][PASSED] - Object: 'Object Repository/mobileSanity/Common/side_nav/menu' is clicked on

2019-10-24 08:10:30 - [TEST_STEP][PASSED] - Thread.sleep(3000): null

2019-10-24 08:10:33 - [TEST_STEP][PASSED] - callTestCase(findTestCase("mobileWeb/_include/get_screenshot"), [:], STOP_ON_FAILURE): Call Test Case 'Test Cases/mobileWeb/_include/get_screenshot' successfully

2019-10-24 08:10:33 - [TEST_CASE][PASSED] - Test Cases/mobileWeb/_include/get_screenshot: Test Cases/mobileWeb/_include/get_screenshot

2019-10-24 08:10:33 - [TEST_STEP][PASSED] - takeScreenshot(screenPath + i + ".png"): Taking screenshot successfully

2019-10-24 08:10:34 - [MESSAGE][PASSED] - Taking screenshot successfully
[[ATTACHMENT|D:\\Test\\AgileTest\\Reports\\mobileWeb\\hbi\\20191024_080031\\../Screenshots/iPhone 6/hbi/Vitala Care/20191024_081024/1.png]]

2019-10-24 08:10:34 - [TEST_STEP][PASSED] - (internal.GlobalVariable.i++): null

2019-10-24 08:10:34 - [MESSAGE][PASSED] - Call Test Case 'Test Cases/mobileWeb/_include/get_screenshot' successfully

2019-10-24 08:10:34 - [TEST_STEP][PASSED] - click(findTestObject("mobileSanity/Common/side_nav/nav_hbi")): Object: 'Object Repository/mobileSanity/Common/side_nav/nav_hbi' is clicked on

2019-10-24 08:10:34 - [MESSAGE][PASSED] - Object: 'Object Repository/mobileSanity/Common/side_nav/nav_hbi' is clicked on

2019-10-24 08:10:34 - [TEST_STEP][PASSED] - waitForPageLoad(10): Wait for page load successfully

2019-10-24 08:10:35 - [MESSAGE][PASSED] - Wait for page load successfully

2019-10-24 08:10:35 - [TEST_STEP][PASSED] - Thread.sleep(3000): null

2019-10-24 08:10:38 - [TEST_STEP][PASSED] - callTestCase(findTestCase("mobileWeb/_include/get_screenshot"), [:], STOP_ON_FAILURE): Call Test Case 'Test Cases/mobileWeb/_include/get_screenshot' successfully

2019-10-24 08:10:38 - [TEST_CASE][PASSED] - Test Cases/mobileWeb/_include/get_screenshot: Test Cases/mobileWeb/_include/get_screenshot

2019-10-24 08:10:38 - [TEST_STEP][PASSED] - takeScreenshot(screenPath + i + ".png"): Taking screenshot successfully

2019-10-24 08:10:38 - [MESSAGE][PASSED] - Taking screenshot successfully
[[ATTACHMENT|D:\\Test\\AgileTest\\Reports\\mobileWeb\\hbi\\20191024_080031\\../Screenshots/iPhone 6/hbi/Vitala Care/20191024_081024/2.png]]

2019-10-24 08:10:38 - [TEST_STEP][PASSED] - (internal.GlobalVariable.i++): null

2019-10-24 08:10:38 - [MESSAGE][PASSED] - Call Test Case 'Test Cases/mobileWeb/_include/get_screenshot' successfully

2019-10-24 08:10:38 - [TEST_STEP][PASSED] - setText(findTestObject("mobileSanity/HBI/census/input_Location_zip-input"), zipcode): Text '90011' is set on object 'Object Repository/mobileSanity/HBI/census/input_Location_zip-input'

2019-10-24 08:10:38 - [MESSAGE][PASSED] - Text '90011' is set on object 'Object Repository/mobileSanity/HBI/census/input_Location_zip-input'

2019-10-24 08:10:38 - [TEST_STEP][PASSED] - Thread.sleep(500): null

2019-10-24 08:10:39 - [TEST_STEP][PASSED] - setText(findTestObject("mobileSanity/HBI/census/input_Date of Birth_dob-0"), "12121980"): Text '12121980' is set on object 'Object Repository/mobileSanity/HBI/census/input_Date of Birth_dob-0'

2019-10-24 08:10:39 - [MESSAGE][PASSED] - Text '12121980' is set on object 'Object Repository/mobileSanity/HBI/census/input_Date of Birth_dob-0'

2019-10-24 08:10:39 - [TEST_STEP][PASSED] - click(findTestObject("mobileSanity/HBI/census/label_Male")): Object: 'Object Repository/mobileSanity/HBI/census/label_Male' is clicked on

2019-10-24 08:10:39 - [MESSAGE][PASSED] - Object: 'Object Repository/mobileSanity/HBI/census/label_Male' is clicked on

2019-10-24 08:10:39 - [TEST_STEP][PASSED] - click(findTestObject("mobileSanity/HBI/census/label_Get a Quote")): Object: 'Object Repository/mobileSanity/HBI/census/label_Get a Quote' is clicked on

2019-10-24 08:10:40 - [MESSAGE][PASSED] - Object: 'Object Repository/mobileSanity/HBI/census/label_Get a Quote' is clicked on

2019-10-24 08:10:40 - [TEST_STEP][PASSED] - waitForPageLoad(20): Wait for page load successfully

2019-10-24 08:10:40 - [MESSAGE][PASSED] - Wait for page load successfully

2019-10-24 08:10:40 - [TEST_STEP][PASSED] - Thread.sleep(3000): null

2019-10-24 08:10:43 - [TEST_STEP][PASSED] - callTestCase(findTestCase("mobileWeb/_include/get_screenshot"), [:], STOP_ON_FAILURE): Call Test Case 'Test Cases/mobileWeb/_include/get_screenshot' successfully

2019-10-24 08:10:43 - [TEST_CASE][PASSED] - Test Cases/mobileWeb/_include/get_screenshot: Test Cases/mobileWeb/_include/get_screenshot

2019-10-24 08:10:43 - [TEST_STEP][PASSED] - takeScreenshot(screenPath + i + ".png"): Taking screenshot successfully

2019-10-24 08:10:44 - [MESSAGE][PASSED] - Taking screenshot successfully
[[ATTACHMENT|D:\\Test\\AgileTest\\Reports\\mobileWeb\\hbi\\20191024_080031\\../Screenshots/iPhone 6/hbi/Vitala Care/20191024_081024/3.png]]

2019-10-24 08:10:44 - [TEST_STEP][PASSED] - (internal.GlobalVariable.i++): null

2019-10-24 08:10:44 - [MESSAGE][PASSED] - Call Test Case 'Test Cases/mobileWeb/_include/get_screenshot' successfully

2019-10-24 08:10:44 - [MESSAGE][PASSED] - Call Test Case 'Test Cases/mobileWeb/_include/census_hbi' successfully

2019-10-24 08:10:44 - [TEST_STEP][PASSED] - Thread.sleep(5000): null

2019-10-24 08:10:49 - [TEST_STEP][PASSED] - scrollToPosition(200, 2300): Browser is scrolled to position x = 200, y = 2300

2019-10-24 08:10:49 - [MESSAGE][PASSED] - Browser is scrolled to position x = 200, y = 2300

2019-10-24 08:10:49 - [TEST_STEP][PASSED] - click(findTestObject("mobileSanity/HBI/quote/a_Vitala Care")): Object: 'Object Repository/mobileSanity/HBI/quote/a_Vitala Care' is clicked on

2019-10-24 08:10:50 - [MESSAGE][PASSED] - Object: 'Object Repository/mobileSanity/HBI/quote/a_Vitala Care' is clicked on

2019-10-24 08:10:50 - [TEST_STEP][PASSED] - waitForPageLoad(20): Wait for page load successfully

2019-10-24 08:10:50 - [MESSAGE][PASSED] - Wait for page load successfully

2019-10-24 08:10:50 - [TEST_STEP][PASSED] - callTestCase(findTestCase("mobileWeb/_include/get_screenshot"), [:], STOP_ON_FAILURE): Call Test Case 'Test Cases/mobileWeb/_include/get_screenshot' successfully

2019-10-24 08:10:50 - [TEST_CASE][PASSED] - Test Cases/mobileWeb/_include/get_screenshot: Test Cases/mobileWeb/_include/get_screenshot

2019-10-24 08:10:50 - [TEST_STEP][PASSED] - takeScreenshot(screenPath + i + ".png"): Taking screenshot successfully

2019-10-24 08:10:51 - [MESSAGE][PASSED] - Taking screenshot successfully
[[ATTACHMENT|D:\\Test\\AgileTest\\Reports\\mobileWeb\\hbi\\20191024_080031\\../Screenshots/iPhone 6/hbi/Vitala Care/20191024_081024/4.png]]

2019-10-24 08:10:51 - [TEST_STEP][PASSED] - (internal.GlobalVariable.i++): null

2019-10-24 08:10:51 - [MESSAGE][PASSED] - Call Test Case 'Test Cases/mobileWeb/_include/get_screenshot' successfully

2019-10-24 08:10:51 - [TEST_STEP][PASSED] - click(findTestObject("mobileSanity/HBI/detail/a_Apply for This Plan")): Object: 'Object Repository/mobileSanity/HBI/detail/a_Apply for This Plan' is clicked on

2019-10-24 08:10:52 - [MESSAGE][PASSED] - Object: 'Object Repository/mobileSanity/HBI/detail/a_Apply for This Plan' is clicked on

2019-10-24 08:10:52 - [TEST_STEP][PASSED] - waitForPageLoad(20): Wait for page load successfully

2019-10-24 08:10:52 - [MESSAGE][PASSED] - Wait for page load successfully

2019-10-24 08:10:52 - [TEST_STEP][PASSED] - callTestCase(findTestCase("mobileWeb/_include/get_screenshot"), [:], STOP_ON_FAILURE): Call Test Case 'Test Cases/mobileWeb/_include/get_screenshot' successfully

2019-10-24 08:10:52 - [TEST_CASE][PASSED] - Test Cases/mobileWeb/_include/get_screenshot: Test Cases/mobileWeb/_include/get_screenshot

2019-10-24 08:10:52 - [TEST_STEP][PASSED] - takeScreenshot(screenPath + i + ".png"): Taking screenshot successfully

2019-10-24 08:10:52 - [MESSAGE][PASSED] - Taking screenshot successfully
[[ATTACHMENT|D:\\Test\\AgileTest\\Reports\\mobileWeb\\hbi\\20191024_080031\\../Screenshots/iPhone 6/hbi/Vitala Care/20191024_081024/5.png]]

2019-10-24 08:10:52 - [TEST_STEP][PASSED] - (internal.GlobalVariable.i++): null

2019-10-24 08:10:52 - [MESSAGE][PASSED] - Call Test Case 'Test Cases/mobileWeb/_include/get_screenshot' successfully

2019-10-24 08:10:52 - [TEST_STEP][PASSED] - click(findTestObject("mobileSanity/HBI/Page_Apply/span_Start Secure Application")): Object: 'Object Repository/mobileSanity/HBI/Page_Apply/span_Start Secure Application' is clicked on

2019-10-24 08:10:54 - [MESSAGE][PASSED] - Object: 'Object Repository/mobileSanity/HBI/Page_Apply/span_Start Secure Application' is clicked on

2019-10-24 08:10:54 - [TEST_STEP][PASSED] - waitForPageLoad(20): Wait for page load successfully

2019-10-24 08:10:54 - [MESSAGE][PASSED] - Wait for page load successfully

2019-10-24 08:10:54 - [TEST_STEP][PASSED] - Thread.sleep(5000): null

2019-10-24 08:10:59 - [TEST_STEP][PASSED] - callTestCase(findTestCase("mobileWeb/_include/get_screenshot"), [:], STOP_ON_FAILURE): Call Test Case 'Test Cases/mobileWeb/_include/get_screenshot' successfully

2019-10-24 08:10:59 - [TEST_CASE][PASSED] - Test Cases/mobileWeb/_include/get_screenshot: Test Cases/mobileWeb/_include/get_screenshot

2019-10-24 08:10:59 - [TEST_STEP][PASSED] - takeScreenshot(screenPath + i + ".png"): Taking screenshot successfully

2019-10-24 08:10:59 - [MESSAGE][PASSED] - Taking screenshot successfully
[[ATTACHMENT|D:\\Test\\AgileTest\\Reports\\mobileWeb\\hbi\\20191024_080031\\../Screenshots/iPhone 6/hbi/Vitala Care/20191024_081024/6.png]]

2019-10-24 08:10:59 - [TEST_STEP][PASSED] - (internal.GlobalVariable.i++): null

2019-10-24 08:10:59 - [MESSAGE][PASSED] - Call Test Case 'Test Cases/mobileWeb/_include/get_screenshot' successfully

2019-10-24 08:10:59 - [TEST_STEP][PASSED] - callTestCase(findTestCase("mobileWeb/_include/goToEnd_hbi"), ["state":"ca", "carrier":"vitalacare"], CONTINUE_ON_FAILURE): Call Test Case 'Test Cases/mobileWeb/_include/goToEnd_hbi' successfully

2019-10-24 08:10:59 - [TEST_CASE][PASSED] - Test Cases/mobileWeb/_include/goToEnd_hbi: Test Cases/mobileWeb/_include/goToEnd_hbi

2019-10-24 08:10:59 - [TEST_STEP][PASSED] - if (state == "ca"): Call Test Case 'Test Cases/mobileWeb/_include/get_screenshot' successfully

2019-10-24 08:10:59 - [TEST_STEP][PASSED] - Thread.sleep(3000): null

2019-10-24 08:11:02 - [TEST_STEP][PASSED] - click(findTestObject("mobileSanity/HBI/Page_App Page 1/yes_question_1")): Object: 'Object Repository/mobileSanity/HBI/Page_App Page 1/yes_question_1' is clicked on

2019-10-24 08:11:02 - [MESSAGE][PASSED] - Object: 'Object Repository/mobileSanity/HBI/Page_App Page 1/yes_question_1' is clicked on

2019-10-24 08:11:02 - [TEST_STEP][PASSED] - click(findTestObject("mobileSanity/HBI/Page_App Page 1/continue_to_app_info")): Object: 'Object Repository/mobileSanity/HBI/Page_App Page 1/continue_to_app_info' is clicked on

2019-10-24 08:11:02 - [MESSAGE][PASSED] - Object: 'Object Repository/mobileSanity/HBI/Page_App Page 1/continue_to_app_info' is clicked on

2019-10-24 08:11:02 - [TEST_STEP][PASSED] - waitForPageLoad(20): Wait for page load successfully

2019-10-24 08:11:02 - [MESSAGE][PASSED] - Wait for page load successfully

2019-10-24 08:11:02 - [TEST_STEP][PASSED] - Thread.sleep(3000): null

2019-10-24 08:11:05 - [TEST_STEP][PASSED] - callTestCase(findTestCase("mobileWeb/_include/get_screenshot"), [:], STOP_ON_FAILURE): Call Test Case 'Test Cases/mobileWeb/_include/get_screenshot' successfully

2019-10-24 08:11:05 - [TEST_CASE][PASSED] - Test Cases/mobileWeb/_include/get_screenshot: Test Cases/mobileWeb/_include/get_screenshot

2019-10-24 08:11:05 - [TEST_STEP][PASSED] - takeScreenshot(screenPath + i + ".png"): Taking screenshot successfully

2019-10-24 08:11:06 - [MESSAGE][PASSED] - Taking screenshot successfully
[[ATTACHMENT|D:\\Test\\AgileTest\\Reports\\mobileWeb\\hbi\\20191024_080031\\../Screenshots/iPhone 6/hbi/Vitala Care/20191024_081024/7.png]]

2019-10-24 08:11:06 - [TEST_STEP][PASSED] - (internal.GlobalVariable.i++): null

2019-10-24 08:11:06 - [MESSAGE][PASSED] - Call Test Case 'Test Cases/mobileWeb/_include/get_screenshot' successfully

2019-10-24 08:11:06 - [TEST_STEP][PASSED] - callTestCase(findTestCase("mobileWeb/_include/name"), [:], CONTINUE_ON_FAILURE): Call Test Case 'Test Cases/mobileWeb/_include/name' successfully

2019-10-24 08:11:06 - [TEST_CASE][PASSED] - Test Cases/mobileWeb/_include/name: Test Cases/mobileWeb/_include/name

2019-10-24 08:11:06 - [TEST_STEP][PASSED] - driver = getWebDriver(): null

2019-10-24 08:11:06 - [TEST_STEP][PASSED] - selenium = new com.thoughtworks.selenium.webdriven.WebDriverBackedSelenium(driver, internal.GlobalVariable.ENV): null

2019-10-24 08:11:06 - [TEST_STEP][PASSED] - FirstName = "Test-123": null

2019-10-24 08:11:06 - [TEST_STEP][PASSED] - LastName = selenium.getEval("{var x="ABCDEFGHIJKLMNOPQRSTUVWXYZabcdefghijklmnopqrstuvwxyz"; var tmp="ZZ11-"; for (i=0;i<8;i++) tmp+=x.charAt(Math.ceil(51*Math.random()));tmp;}"): null

2019-10-24 08:11:06 - [TEST_STEP][PASSED] - Address = selenium.getEval("{var x="ABCDEFGHIJKLMNOPQRSTUVWXYZabcdefghijklmnopqrstuvwxyz"; var tmp=""; for (i=0;i<8;i++) tmp+=x.charAt(Math.ceil(51*Math.random()));tmp;}"): null

2019-10-24 08:11:06 - [TEST_STEP][PASSED] - City = selenium.getEval("{var x="ABCDEFGHIJKLMNOPQRSTUVWXYZabcdefghijklmnopqrstuvwxyz"; var tmp=""; for (i=0;i<8;i++) tmp+=x.charAt(Math.ceil(51*Math.random()));tmp;}"): null

2019-10-24 08:11:06 - [TEST_STEP][PASSED] - tel1 = selenium.getEval("{var x="123456789"; var tmp=""; for (i=0;i<3;i++) tmp+=x.charAt(Math.ceil(8*Math.random()));tmp;}"): null

2019-10-24 08:11:06 - [TEST_STEP][PASSED] - tel2 = selenium.getEval("{var x="123456789"; var tmp=""; for (i=0;i<3;i++) tmp+=x.charAt(Math.ceil(8*Math.random()));tmp;}"): null

2019-10-24 08:11:06 - [TEST_STEP][PASSED] - tel3 = selenium.getEval("{var x="123456789"; var tmp=""; for (i=0;i<4;i++) tmp+=x.charAt(Math.ceil(8*Math.random()));tmp;}"): null

2019-10-24 08:11:06 - [TEST_STEP][PASSED] - Tel = selenium.getExpression(tel1 + "-" + tel2 + "-" + tel3): null

2019-10-24 08:11:06 - [TEST_STEP][PASSED] - AutoEmail = selenium.getEval("{var x="ABCDEFGHIJKLMNOPQRSTUVWXYZabcdefghijklmnopqrstuvwxyz"; var tmp="test."; for (i=0;i<8;i++) tmp+=x.charAt(Math.ceil(51*Math.random()));tmp+="@suryani.cn";}"): null

2019-10-24 08:11:06 - [TEST_STEP][PASSED] - FirstName = FirstName: null

2019-10-24 08:11:06 - [TEST_STEP][PASSED] - LastName = LastName: null

2019-10-24 08:11:06 - [TEST_STEP][PASSED] - Address = Address: null

2019-10-24 08:11:06 - [TEST_STEP][PASSED] - City = City: null

2019-10-24 08:11:06 - [TEST_STEP][PASSED] - Tel = Tel: null

2019-10-24 08:11:06 - [TEST_STEP][PASSED] - AutoEmail = AutoEmail: null

2019-10-24 08:11:06 - [TEST_STEP][PASSED] - println(FirstName): null

2019-10-24 08:11:06 - [TEST_STEP][PASSED] - println(LastName): null

2019-10-24 08:11:06 - [TEST_STEP][PASSED] - println(Address): null

2019-10-24 08:11:06 - [TEST_STEP][PASSED] - println(City): null

2019-10-24 08:11:06 - [TEST_STEP][PASSED] - println(Tel): null

2019-10-24 08:11:06 - [TEST_STEP][PASSED] - println(AutoEmail): null

2019-10-24 08:11:06 - [MESSAGE][PASSED] - Call Test Case 'Test Cases/mobileWeb/_include/name' successfully

2019-10-24 08:11:06 - [TEST_STEP][PASSED] - setText(findTestObject("mobileSanity/HBI/Page_App Page 1/input__member-P-1-firstName"), FirstName): Text 'Test-123' is set on object 'Object Repository/mobileSanity/HBI/Page_App Page 1/input__member-P-1-firstName'

2019-10-24 08:11:06 - [MESSAGE][PASSED] - Text 'Test-123' is set on object 'Object Repository/mobileSanity/HBI/Page_App Page 1/input__member-P-1-firstName'

2019-10-24 08:11:06 - [TEST_STEP][PASSED] - setText(findTestObject("mobileSanity/HBI/Page_App Page 1/input__member-P-1-lastName"), LastName): Text 'ZZ11-tDrLlHsX' is set on object 'Object Repository/mobileSanity/HBI/Page_App Page 1/input__member-P-1-lastName'

2019-10-24 08:11:07 - [MESSAGE][PASSED] - Text 'ZZ11-tDrLlHsX' is set on object 'Object Repository/mobileSanity/HBI/Page_App Page 1/input__member-P-1-lastName'

2019-10-24 08:11:07 - [TEST_STEP][PASSED] - if (carrier == "agileone" || carrier == "agilesecure"): null

2019-10-24 08:11:07 - [TEST_STEP][PASSED] - setText(findTestObject("mobileSanity/HBI/Page_App Page 1/input__address"), Address): Text 'SyPRFjEI' is set on object 'Object Repository/mobileSanity/HBI/Page_App Page 1/input__address'

2019-10-24 08:11:07 - [MESSAGE][PASSED] - Text 'SyPRFjEI' is set on object 'Object Repository/mobileSanity/HBI/Page_App Page 1/input__address'

2019-10-24 08:11:07 - [TEST_STEP][PASSED] - setText(findTestObject("mobileSanity/HBI/Page_App Page 1/input__city"), City): Text 'VfFXrmvB' is set on object 'Object Repository/mobileSanity/HBI/Page_App Page 1/input__city'

2019-10-24 08:11:07 - [MESSAGE][PASSED] - Text 'VfFXrmvB' is set on object 'Object Repository/mobileSanity/HBI/Page_App Page 1/input__city'

2019-10-24 08:11:07 - [TEST_STEP][PASSED] - setText(findTestObject("mobileSanity/HBI/Page_App Page 1/input__email"), AutoEmail): Text 'test.BVaDdhXT@suryani.cn' is set on object 'Object Repository/mobileSanity/HBI/Page_App Page 1/input__email'

2019-10-24 08:11:07 - [MESSAGE][PASSED] - Text 'test.BVaDdhXT@suryani.cn' is set on object 'Object Repository/mobileSanity/HBI/Page_App Page 1/input__email'

2019-10-24 08:11:07 - [TEST_STEP][PASSED] - setText(findTestObject("mobileSanity/HBI/Page_App Page 1/input_tel"), Tel): Text '364-986-4838' is set on object 'Object Repository/mobileSanity/HBI/Page_App Page 1/input_tel'

2019-10-24 08:11:08 - [MESSAGE][PASSED] - Text '364-986-4838' is set on object 'Object Repository/mobileSanity/HBI/Page_App Page 1/input_tel'

2019-10-24 08:11:08 - [TEST_STEP][PASSED] - click(findTestObject("mobileSanity/HBI/Page_App Page 1/a_Continue to Step 2 - Payment")): Object: 'Object Repository/mobileSanity/HBI/Page_App Page 1/a_Continue to Step 2 - Payment' is clicked on

2019-10-24 08:11:08 - [MESSAGE][PASSED] - Object: 'Object Repository/mobileSanity/HBI/Page_App Page 1/a_Continue to Step 2 - Payment' is clicked on

2019-10-24 08:11:08 - [TEST_STEP][PASSED] - waitForPageLoad(20): Wait for page load successfully

2019-10-24 08:11:08 - [MESSAGE][PASSED] - Wait for page load successfully

2019-10-24 08:11:08 - [TEST_STEP][PASSED] - Thread.sleep(2000): null

2019-10-24 08:11:10 - [TEST_STEP][PASSED] - waitForElementVisible(findTestObject("mobileSanity/HBI/Page_App Page 2/input__credit-card-first"), 20): Object 'Object Repository/mobileSanity/HBI/Page_App Page 2/input__credit-card-first' is visible

2019-10-24 08:11:10 - [MESSAGE][PASSED] - Object 'Object Repository/mobileSanity/HBI/Page_App Page 2/input__credit-card-first' is visible

2019-10-24 08:11:10 - [TEST_STEP][PASSED] - callTestCase(findTestCase("mobileWeb/_include/get_screenshot"), [:], STOP_ON_FAILURE): Call Test Case 'Test Cases/mobileWeb/_include/get_screenshot' successfully

2019-10-24 08:11:10 - [TEST_CASE][PASSED] - Test Cases/mobileWeb/_include/get_screenshot: Test Cases/mobileWeb/_include/get_screenshot

2019-10-24 08:11:10 - [TEST_STEP][PASSED] - takeScreenshot(screenPath + i + ".png"): Taking screenshot successfully

2019-10-24 08:11:10 - [MESSAGE][PASSED] - Taking screenshot successfully
[[ATTACHMENT|D:\\Test\\AgileTest\\Reports\\mobileWeb\\hbi\\20191024_080031\\../Screenshots/iPhone 6/hbi/Vitala Care/20191024_081024/8.png]]

2019-10-24 08:11:10 - [TEST_STEP][PASSED] - (internal.GlobalVariable.i++): null

2019-10-24 08:11:10 - [MESSAGE][PASSED] - Call Test Case 'Test Cases/mobileWeb/_include/get_screenshot' successfully

2019-10-24 08:11:10 - [TEST_STEP][PASSED] - setText(findTestObject("mobileSanity/HBI/Page_App Page 2/input__credit-card-first"), FirstName): Text 'Test-123' is set on object 'Object Repository/mobileSanity/HBI/Page_App Page 2/input__credit-card-first'

2019-10-24 08:11:10 - [MESSAGE][PASSED] - Text 'Test-123' is set on object 'Object Repository/mobileSanity/HBI/Page_App Page 2/input__credit-card-first'

2019-10-24 08:11:10 - [TEST_STEP][PASSED] - setText(findTestObject("mobileSanity/HBI/Page_App Page 2/input__credit-card-last"), LastName): Text 'ZZ11-tDrLlHsX' is set on object 'Object Repository/mobileSanity/HBI/Page_App Page 2/input__credit-card-last'

2019-10-24 08:11:11 - [MESSAGE][PASSED] - Text 'ZZ11-tDrLlHsX' is set on object 'Object Repository/mobileSanity/HBI/Page_App Page 2/input__credit-card-last'

2019-10-24 08:11:11 - [TEST_STEP][PASSED] - selectOptionByValue(findTestObject("mobileSanity/HBI/Page_App Page 2/select_MM010203040506070809101"), "12", true): All options with value '12' are selected in object 'Object Repository/mobileSanity/HBI/Page_App Page 2/select_MM010203040506070809101'  using regular expression

2019-10-24 08:11:11 - [MESSAGE][PASSED] - All options with value '12' are selected in object 'Object Repository/mobileSanity/HBI/Page_App Page 2/select_MM010203040506070809101'  using regular expression

2019-10-24 08:11:11 - [TEST_STEP][PASSED] - selectOptionByValue(findTestObject("mobileSanity/HBI/Page_App Page 2/select_YYYY2019202020212022202"), "2026", true): All options with value '2026' are selected in object 'Object Repository/mobileSanity/HBI/Page_App Page 2/select_YYYY2019202020212022202'  using regular expression

2019-10-24 08:11:11 - [MESSAGE][PASSED] - All options with value '2026' are selected in object 'Object Repository/mobileSanity/HBI/Page_App Page 2/select_YYYY2019202020212022202'  using regular expression

2019-10-24 08:11:11 - [TEST_STEP][PASSED] - setText(findTestObject("mobileSanity/HBI/Page_App Page 2/input__credit-card-number"), "4111111111111111"): Text '4111111111111111' is set on object 'Object Repository/mobileSanity/HBI/Page_App Page 2/input__credit-card-number'

2019-10-24 08:11:11 - [MESSAGE][PASSED] - Text '4111111111111111' is set on object 'Object Repository/mobileSanity/HBI/Page_App Page 2/input__credit-card-number'

2019-10-24 08:11:11 - [TEST_STEP][PASSED] - setText(findTestObject("mobileSanity/HBI/Page_App Page 2/input__cvv"), "123"): Text '123' is set on object 'Object Repository/mobileSanity/HBI/Page_App Page 2/input__cvv'

2019-10-24 08:11:11 - [MESSAGE][PASSED] - Text '123' is set on object 'Object Repository/mobileSanity/HBI/Page_App Page 2/input__cvv'

2019-10-24 08:11:11 - [TEST_STEP][PASSED] - click(findTestObject("mobileSanity/HBI/Page_App Page 2/label_My billing address is th")): Object: 'Object Repository/mobileSanity/HBI/Page_App Page 2/label_My billing address is th' is clicked on

2019-10-24 08:11:12 - [MESSAGE][PASSED] - Object: 'Object Repository/mobileSanity/HBI/Page_App Page 2/label_My billing address is th' is clicked on

2019-10-24 08:11:12 - [TEST_STEP][PASSED] - click(findTestObject("mobileSanity/HBI/Page_App Page 2/label_I Accept Authorization f")): Object: 'Object Repository/mobileSanity/HBI/Page_App Page 2/label_I Accept Authorization f' is clicked on

2019-10-24 08:11:12 - [MESSAGE][PASSED] - Object: 'Object Repository/mobileSanity/HBI/Page_App Page 2/label_I Accept Authorization f' is clicked on

2019-10-24 08:11:12 - [TEST_STEP][PASSED] - click(findTestObject("mobileSanity/HBI/Page_App Page 2/a_Continue to Step 3 - Review")): Object: 'Object Repository/mobileSanity/HBI/Page_App Page 2/a_Continue to Step 3 - Review' is clicked on

2019-10-24 08:11:12 - [MESSAGE][PASSED] - Object: 'Object Repository/mobileSanity/HBI/Page_App Page 2/a_Continue to Step 3 - Review' is clicked on

2019-10-24 08:11:12 - [TEST_STEP][PASSED] - waitForPageLoad(20): Wait for page load successfully

2019-10-24 08:11:12 - [MESSAGE][PASSED] - Wait for page load successfully

2019-10-24 08:11:12 - [TEST_STEP][PASSED] - Thread.sleep(10000): null

2019-10-24 08:11:22 - [TEST_STEP][PASSED] - waitForElementPresent(findTestObject("mobileSanity/HBI/Page_App Page 3/label"), 20): Object 'Object Repository/mobileSanity/HBI/Page_App Page 3/label' is present

2019-10-24 08:11:22 - [MESSAGE][PASSED] - Object 'Object Repository/mobileSanity/HBI/Page_App Page 3/label' is present

2019-10-24 08:11:22 - [TEST_STEP][PASSED] - callTestCase(findTestCase("mobileWeb/_include/get_screenshot"), [:], STOP_ON_FAILURE): Call Test Case 'Test Cases/mobileWeb/_include/get_screenshot' successfully

2019-10-24 08:11:22 - [TEST_CASE][PASSED] - Test Cases/mobileWeb/_include/get_screenshot: Test Cases/mobileWeb/_include/get_screenshot

2019-10-24 08:11:22 - [TEST_STEP][PASSED] - takeScreenshot(screenPath + i + ".png"): Taking screenshot successfully

2019-10-24 08:11:23 - [MESSAGE][PASSED] - Taking screenshot successfully
[[ATTACHMENT|D:\\Test\\AgileTest\\Reports\\mobileWeb\\hbi\\20191024_080031\\../Screenshots/iPhone 6/hbi/Vitala Care/20191024_081024/9.png]]

2019-10-24 08:11:23 - [TEST_STEP][PASSED] - (internal.GlobalVariable.i++): null

2019-10-24 08:11:23 - [MESSAGE][PASSED] - Call Test Case 'Test Cases/mobileWeb/_include/get_screenshot' successfully

2019-10-24 08:11:23 - [TEST_STEP][PASSED] - click(findTestObject("mobileSanity/HBI/Page_App Page 3/label")): Object: 'Object Repository/mobileSanity/HBI/Page_App Page 3/label' is clicked on

2019-10-24 08:11:23 - [MESSAGE][PASSED] - Object: 'Object Repository/mobileSanity/HBI/Page_App Page 3/label' is clicked on

2019-10-24 08:11:23 - [TEST_STEP][PASSED] - click(findTestObject("mobileSanity/HBI/Page_App Page 3/p_CLICK TO SIGN")): Object: 'Object Repository/mobileSanity/HBI/Page_App Page 3/p_CLICK TO SIGN' is clicked on

2019-10-24 08:11:23 - [MESSAGE][PASSED] - Object: 'Object Repository/mobileSanity/HBI/Page_App Page 3/p_CLICK TO SIGN' is clicked on

2019-10-24 08:11:23 - [TEST_STEP][PASSED] - click(findTestObject("mobileSanity/HBI/Page_App Page 3/a_Submit Your Application")): Object: 'Object Repository/mobileSanity/HBI/Page_App Page 3/a_Submit Your Application' is clicked on

2019-10-24 08:11:23 - [MESSAGE][PASSED] - Object: 'Object Repository/mobileSanity/HBI/Page_App Page 3/a_Submit Your Application' is clicked on

2019-10-24 08:11:23 - [TEST_STEP][PASSED] - Thread.sleep(30000): null

2019-10-24 08:11:53 - [TEST_STEP][PASSED] - callTestCase(findTestCase("mobileWeb/_include/get_screenshot"), [:], STOP_ON_FAILURE): Call Test Case 'Test Cases/mobileWeb/_include/get_screenshot' successfully

2019-10-24 08:11:53 - [TEST_CASE][PASSED] - Test Cases/mobileWeb/_include/get_screenshot: Test Cases/mobileWeb/_include/get_screenshot

2019-10-24 08:11:53 - [TEST_STEP][PASSED] - takeScreenshot(screenPath + i + ".png"): Taking screenshot successfully

2019-10-24 08:11:54 - [MESSAGE][PASSED] - Taking screenshot successfully
[[ATTACHMENT|D:\\Test\\AgileTest\\Reports\\mobileWeb\\hbi\\20191024_080031\\../Screenshots/iPhone 6/hbi/Vitala Care/20191024_081024/10.png]]

2019-10-24 08:11:54 - [TEST_STEP][PASSED] - (internal.GlobalVariable.i++): null

2019-10-24 08:11:54 - [MESSAGE][PASSED] - Call Test Case 'Test Cases/mobileWeb/_include/get_screenshot' successfully

2019-10-24 08:11:54 - [TEST_STEP][PASSED] - verifyTextPresent("Congratulations", false): Text 'Congratulations' is present on page 

2019-10-24 08:11:54 - [MESSAGE][PASSED] - Text 'Congratulations' is present on page 

2019-10-24 08:11:54 - [MESSAGE][PASSED] - Call Test Case 'Test Cases/mobileWeb/_include/goToEnd_hbi' successfully]]></system-out>
         <system-err><![CDATA[]]></system-err>
      </testcase>
      <system-out><![CDATA[2019-10-24 08:00:39 - [TEST_SUITE][PASSED] - hbi: Test Cases/mobileWeb/HBI/Vitala Care]]></system-out>
      <system-err><![CDATA[]]></system-err>
   </testsuite>
</testsuites>
