<?xml version="1.0" encoding="UTF-8"?>
<testsuites name="dental" time="925" tests="3" failures="0" errors="0">
   <testsuite name="dental" tests="3" failures="0" errors="0" time="925" timestamp="2019-10-13 08:02:23" hostname="Administrator - 172.30.0.53" id="Test Suites/mobileWeb/dental">
      <properties>
         <property name="deviceName" value=""/>
         <property name="devicePlatform" value=""/>
         <property name="logFolder" value="D:\\Test\\AgileTest\\Reports\\mobileWeb\\dental\\20191013_080159"/>
         <property name="logFiles" value="D:\\Test\\AgileTest\\Reports\\mobileWeb\\dental\\20191013_080159\\execution0.log"/>
         <property name="attachments" value="D:\\Test\\AgileTest\\Reports\\mobileWeb\\dental\\20191013_080159\\../Screenshots/iPhone 6/dental/National General/20191013_080234/0.png, D:\\Test\\AgileTest\\Reports\\mobileWeb\\dental\\20191013_080159\\../Screenshots/iPhone 6/dental/National General/20191013_080234/1.png, D:\\Test\\AgileTest\\Reports\\mobileWeb\\dental\\20191013_080159\\../Screenshots/iPhone 6/dental/National General/20191013_080234/2.png, D:\\Test\\AgileTest\\Reports\\mobileWeb\\dental\\20191013_080159\\../Screenshots/iPhone 6/dental/National General/20191013_080234/3.png, D:\\Test\\AgileTest\\Reports\\mobileWeb\\dental\\20191013_080159\\../Screenshots/iPhone 6/dental/National General/20191013_080234/4.png, D:\\Test\\AgileTest\\Reports\\mobileWeb\\dental\\20191013_080159\\../Screenshots/iPhone 6/dental/National General/20191013_080234/5.png, D:\\Test\\AgileTest\\Reports\\mobileWeb\\dental\\20191013_080159\\../Screenshots/iPhone 6/dental/National General/20191013_080234/6.png, D:\\Test\\AgileTest\\Reports\\mobileWeb\\dental\\20191013_080159\\../Screenshots/iPhone 6/dental/National General/20191013_080234/7.png, D:\\Test\\AgileTest\\Reports\\mobileWeb\\dental\\20191013_080159\\../Screenshots/iPhone 6/dental/National General/20191013_080234/8.png, D:\\Test\\AgileTest\\Reports\\mobileWeb\\dental\\20191013_080159\\../Screenshots/iPhone 6/dental/National General/20191013_080234/9.png, D:\\Test\\AgileTest\\Reports\\mobileWeb\\dental\\20191013_080159\\../Screenshots/iPhone 6/dental/Nationwide/20191013_080828/0.png, D:\\Test\\AgileTest\\Reports\\mobileWeb\\dental\\20191013_080159\\../Screenshots/iPhone 6/dental/Nationwide/20191013_080828/1.png, D:\\Test\\AgileTest\\Reports\\mobileWeb\\dental\\20191013_080159\\../Screenshots/iPhone 6/dental/Nationwide/20191013_080828/2.png, D:\\Test\\AgileTest\\Reports\\mobileWeb\\dental\\20191013_080159\\../Screenshots/iPhone 6/dental/Nationwide/20191013_080828/3.png, D:\\Test\\AgileTest\\Reports\\mobileWeb\\dental\\20191013_080159\\../Screenshots/iPhone 6/dental/Nationwide/20191013_080828/4.png, D:\\Test\\AgileTest\\Reports\\mobileWeb\\dental\\20191013_080159\\../Screenshots/iPhone 6/dental/Nationwide/20191013_080828/5.png, D:\\Test\\AgileTest\\Reports\\mobileWeb\\dental\\20191013_080159\\../Screenshots/iPhone 6/dental/Nationwide/20191013_080828/6.png, D:\\Test\\AgileTest\\Reports\\mobileWeb\\dental\\20191013_080159\\../Screenshots/iPhone 6/dental/Nationwide/20191013_080828/7.png, D:\\Test\\AgileTest\\Reports\\mobileWeb\\dental\\20191013_080159\\../Screenshots/iPhone 6/dental/Nationwide/20191013_080828/8.png, D:\\Test\\AgileTest\\Reports\\mobileWeb\\dental\\20191013_080159\\../Screenshots/iPhone 6/dental/Nationwide/20191013_080828/9.png, D:\\Test\\AgileTest\\Reports\\mobileWeb\\dental\\20191013_080159\\../Screenshots/iPhone 6/dental/USA Access/20191013_081252/0.png, D:\\Test\\AgileTest\\Reports\\mobileWeb\\dental\\20191013_080159\\../Screenshots/iPhone 6/dental/USA Access/20191013_081252/1.png, D:\\Test\\AgileTest\\Reports\\mobileWeb\\dental\\20191013_080159\\../Screenshots/iPhone 6/dental/USA Access/20191013_081252/2.png, D:\\Test\\AgileTest\\Reports\\mobileWeb\\dental\\20191013_080159\\../Screenshots/iPhone 6/dental/USA Access/20191013_081252/3.png, D:\\Test\\AgileTest\\Reports\\mobileWeb\\dental\\20191013_080159\\../Screenshots/iPhone 6/dental/USA Access/20191013_081252/4.png, D:\\Test\\AgileTest\\Reports\\mobileWeb\\dental\\20191013_080159\\../Screenshots/iPhone 6/dental/USA Access/20191013_081252/5.png, D:\\Test\\AgileTest\\Reports\\mobileWeb\\dental\\20191013_080159\\../Screenshots/iPhone 6/dental/USA Access/20191013_081252/6.png, D:\\Test\\AgileTest\\Reports\\mobileWeb\\dental\\20191013_080159\\../Screenshots/iPhone 6/dental/USA Access/20191013_081252/7.png, D:\\Test\\AgileTest\\Reports\\mobileWeb\\dental\\20191013_080159\\../Screenshots/iPhone 6/dental/USA Access/20191013_081252/8.png, D:\\Test\\AgileTest\\Reports\\mobileWeb\\dental\\20191013_080159\\../Screenshots/iPhone 6/dental/USA Access/20191013_081252/9.png, D:\\Test\\AgileTest\\Reports\\mobileWeb\\dental\\20191013_080159\\../Screenshots/iPhone 6/dental/USA Access/20191013_081252/10.png"/>
         <property name="hostName" value="Administrator - 172.30.0.53"/>
         <property name="os" value="Windows Server 2012 R2 64bit"/>
         <property name="katalonVersion" value="5.10.1.1"/>
         <property name="browser" value="Safari 11"/>
         <property name="hostAddress" value="172.30.0.53"/>
         <property name="sessionId" value="f5a0efc9d44344444325728ff544703d"/>
         <property name="seleniumVersion" value="3.7.1"/>
         <property name="proxyInformation" value="ProxyInformation{proxyOption=NO_PROXY, proxyServerType=HTTP, password=, proxyServerAddress=, proxyServerPort=0}"/>
         <property name="platform" value="Windows Server 2012 R2"/>
      </properties>
      <testcase name="Test Cases/mobileWeb/Dental/National General" classname="Test Cases/mobileWeb/Dental/National General" status="PASSED">
         <system-out><![CDATA[2019-10-13 08:02:26 - [TEST_CASE][PASSED] - Test Cases/mobileWeb/Dental/National General: Test Cases/mobileWeb/Dental/National General

2019-10-13 08:02:30 - [TEST_STEP][PASSED] - callTestCase(findTestCase("mobileWeb/_include/get_screenPath"), ["productLine":"dental", "carrierName":"National General"], CONTINUE_ON_FAILURE): Call Test Case 'Test Cases/mobileWeb/_include/get_screenPath' successfully

2019-10-13 08:02:33 - [TEST_CASE][PASSED] - Test Cases/mobileWeb/_include/get_screenPath: Test Cases/mobileWeb/_include/get_screenPath

2019-10-13 08:02:34 - [TEST_STEP][PASSED] - m = getExecutionProperties(): null

2019-10-13 08:02:34 - [TEST_STEP][PASSED] - deviceName = get("mobileEmulation").get("deviceName"): null

2019-10-13 08:02:34 - [TEST_STEP][PASSED] - println(deviceName): null

2019-10-13 08:02:34 - [TEST_STEP][PASSED] - now = new java.util.Date(): null

2019-10-13 08:02:34 - [TEST_STEP][PASSED] - mydate = now.format("yyyyMMdd_HHmmss"): null

2019-10-13 08:02:34 - [TEST_STEP][PASSED] - screenPath = "../Screenshots/": null

2019-10-13 08:02:34 - [TEST_STEP][PASSED] - screenPath = screenPath + deviceName + "/" + productLine + "/" + carrierName + "/" + mydate + "/": null

2019-10-13 08:02:34 - [TEST_STEP][PASSED] - println(screenPath): null

2019-10-13 08:02:34 - [MESSAGE][PASSED] - Call Test Case 'Test Cases/mobileWeb/_include/get_screenPath' successfully

2019-10-13 08:02:34 - [TEST_STEP][PASSED] - callTestCase(findTestCase("mobileWeb/_include/openWebSite"), [:], STOP_ON_FAILURE): Call Test Case 'Test Cases/mobileWeb/_include/openWebSite' successfully

2019-10-13 08:02:34 - [TEST_CASE][PASSED] - Test Cases/mobileWeb/_include/openWebSite: Test Cases/mobileWeb/_include/openWebSite

2019-10-13 08:02:35 - [TEST_STEP][PASSED] - openBrowser(env): Browser is opened with url: 'https://praetemptatus.agilehealthinsurance.com'

2019-10-13 08:02:38 - [MESSAGE][INFO] - Starting 'Chrome' driver

2019-10-13 08:02:38 - [MESSAGE][INFO] - User set preference: ['mobileEmulation', '{deviceName=iPhone 6}']

2019-10-13 08:02:38 - [MESSAGE][INFO] - User set preference: ['args', '[--incognito, --aggressive-cache-discard, --window-size=375,677, --no-sandbox]']

2019-10-13 08:02:38 - [MESSAGE][INFO] - Action delay is set to 0 seconds

2019-10-13 08:03:20 - [MESSAGE][PASSED] - Browser is opened with url: 'https://praetemptatus.agilehealthinsurance.com'

2019-10-13 08:03:26 - [TEST_STEP][PASSED] - waitForPageLoad(20): Wait for page load successfully

2019-10-13 08:03:59 - [MESSAGE][PASSED] - Wait for page load successfully

2019-10-13 08:03:59 - [TEST_STEP][PASSED] - Thread.sleep(2000): null

2019-10-13 08:04:02 - [TEST_STEP][PASSED] - callTestCase(findTestCase("mobileWeb/_include/get_screenshot"), [:], STOP_ON_FAILURE): Call Test Case 'Test Cases/mobileWeb/_include/get_screenshot' successfully

2019-10-13 08:04:02 - [TEST_CASE][PASSED] - Test Cases/mobileWeb/_include/get_screenshot: Test Cases/mobileWeb/_include/get_screenshot

2019-10-13 08:04:12 - [TEST_STEP][PASSED] - takeScreenshot(screenPath + i + ".png"): Taking screenshot successfully

2019-10-13 08:04:20 - [MESSAGE][PASSED] - Taking screenshot successfully
[[ATTACHMENT|D:\\Test\\AgileTest\\Reports\\mobileWeb\\dental\\20191013_080159\\../Screenshots/iPhone 6/dental/National General/20191013_080234/0.png]]

2019-10-13 08:04:20 - [TEST_STEP][PASSED] - (internal.GlobalVariable.i++): null

2019-10-13 08:04:20 - [MESSAGE][PASSED] - Call Test Case 'Test Cases/mobileWeb/_include/get_screenshot' successfully

2019-10-13 08:04:20 - [MESSAGE][PASSED] - Call Test Case 'Test Cases/mobileWeb/_include/openWebSite' successfully

2019-10-13 08:04:20 - [TEST_STEP][PASSED] - callTestCase(findTestCase("mobileWeb/_include/census_dental"), ["zipcode":zipcode, "dob":"12/12/1980"], STOP_ON_FAILURE): Call Test Case 'Test Cases/mobileWeb/_include/census_dental' successfully

2019-10-13 08:04:23 - [TEST_CASE][PASSED] - Test Cases/mobileWeb/_include/census_dental: Test Cases/mobileWeb/_include/census_dental

2019-10-13 08:04:28 - [TEST_STEP][PASSED] - click(findTestObject("mobileSanity/Common/side_nav/menu")): Object: 'Object Repository/mobileSanity/Common/side_nav/menu' is clicked on

2019-10-13 08:04:29 - [MESSAGE][PASSED] - Object: 'Object Repository/mobileSanity/Common/side_nav/menu' is clicked on

2019-10-13 08:04:29 - [TEST_STEP][PASSED] - Thread.sleep(3000): null

2019-10-13 08:04:33 - [TEST_STEP][PASSED] - callTestCase(findTestCase("mobileWeb/_include/get_screenshot"), [:], STOP_ON_FAILURE): Call Test Case 'Test Cases/mobileWeb/_include/get_screenshot' successfully

2019-10-13 08:04:33 - [TEST_CASE][PASSED] - Test Cases/mobileWeb/_include/get_screenshot: Test Cases/mobileWeb/_include/get_screenshot

2019-10-13 08:04:33 - [TEST_STEP][PASSED] - takeScreenshot(screenPath + i + ".png"): Taking screenshot successfully

2019-10-13 08:04:36 - [MESSAGE][PASSED] - Taking screenshot successfully
[[ATTACHMENT|D:\\Test\\AgileTest\\Reports\\mobileWeb\\dental\\20191013_080159\\../Screenshots/iPhone 6/dental/National General/20191013_080234/1.png]]

2019-10-13 08:04:36 - [TEST_STEP][PASSED] - (internal.GlobalVariable.i++): null

2019-10-13 08:04:36 - [MESSAGE][PASSED] - Call Test Case 'Test Cases/mobileWeb/_include/get_screenshot' successfully

2019-10-13 08:04:36 - [TEST_STEP][PASSED] - click(findTestObject("mobileSanity/Common/side_nav/nav_dental")): Object: 'Object Repository/mobileSanity/Common/side_nav/nav_dental' is clicked on

2019-10-13 08:04:50 - [MESSAGE][PASSED] - Object: 'Object Repository/mobileSanity/Common/side_nav/nav_dental' is clicked on

2019-10-13 08:04:51 - [TEST_STEP][PASSED] - waitForPageLoad(10): Wait for page load successfully

2019-10-13 08:04:51 - [MESSAGE][PASSED] - Wait for page load successfully

2019-10-13 08:04:51 - [TEST_STEP][PASSED] - callTestCase(findTestCase("mobileWeb/_include/get_screenshot"), [:], STOP_ON_FAILURE): Call Test Case 'Test Cases/mobileWeb/_include/get_screenshot' successfully

2019-10-13 08:04:52 - [TEST_CASE][PASSED] - Test Cases/mobileWeb/_include/get_screenshot: Test Cases/mobileWeb/_include/get_screenshot

2019-10-13 08:04:53 - [TEST_STEP][PASSED] - takeScreenshot(screenPath + i + ".png"): Taking screenshot successfully

2019-10-13 08:04:55 - [MESSAGE][PASSED] - Taking screenshot successfully
[[ATTACHMENT|D:\\Test\\AgileTest\\Reports\\mobileWeb\\dental\\20191013_080159\\../Screenshots/iPhone 6/dental/National General/20191013_080234/2.png]]

2019-10-13 08:04:55 - [TEST_STEP][PASSED] - (internal.GlobalVariable.i++): null

2019-10-13 08:04:55 - [MESSAGE][PASSED] - Call Test Case 'Test Cases/mobileWeb/_include/get_screenshot' successfully

2019-10-13 08:04:55 - [TEST_STEP][PASSED] - sendKeys(findTestObject("mobileSanity/Dental/census/input_Location_zip-input"), zipcode): Keys '35215' sent to object: 'Object Repository/mobileSanity/Dental/census/input_Location_zip-input'

2019-10-13 08:04:56 - [MESSAGE][PASSED] - Keys '35215' sent to object: 'Object Repository/mobileSanity/Dental/census/input_Location_zip-input'

2019-10-13 08:04:56 - [TEST_STEP][PASSED] - Thread.sleep(500): null

2019-10-13 08:04:56 - [TEST_STEP][PASSED] - setText(findTestObject("mobileSanity/Dental/census/input_Date of Birth_dob-0"), "12121980"): Text '12121980' is set on object 'Object Repository/mobileSanity/Dental/census/input_Date of Birth_dob-0'

2019-10-13 08:04:57 - [MESSAGE][PASSED] - Text '12121980' is set on object 'Object Repository/mobileSanity/Dental/census/input_Date of Birth_dob-0'

2019-10-13 08:04:57 - [TEST_STEP][PASSED] - click(findTestObject("mobileSanity/Dental/census/label_Male")): Object: 'Object Repository/mobileSanity/Dental/census/label_Male' is clicked on

2019-10-13 08:04:57 - [MESSAGE][PASSED] - Object: 'Object Repository/mobileSanity/Dental/census/label_Male' is clicked on

2019-10-13 08:04:57 - [TEST_STEP][PASSED] - click(findTestObject("mobileSanity/Dental/census/label_Compare Dental Insurance")): Object: 'Object Repository/mobileSanity/Dental/census/label_Compare Dental Insurance' is clicked on

2019-10-13 08:05:13 - [MESSAGE][PASSED] - Object: 'Object Repository/mobileSanity/Dental/census/label_Compare Dental Insurance' is clicked on

2019-10-13 08:05:15 - [TEST_STEP][PASSED] - waitForPageLoad(10): Wait for page load successfully

2019-10-13 08:05:15 - [MESSAGE][PASSED] - Wait for page load successfully

2019-10-13 08:05:15 - [TEST_STEP][PASSED] - Thread.sleep(2000): null

2019-10-13 08:05:17 - [TEST_STEP][PASSED] - callTestCase(findTestCase("mobileWeb/_include/get_screenshot"), [:], STOP_ON_FAILURE): Call Test Case 'Test Cases/mobileWeb/_include/get_screenshot' successfully

2019-10-13 08:05:18 - [TEST_CASE][PASSED] - Test Cases/mobileWeb/_include/get_screenshot: Test Cases/mobileWeb/_include/get_screenshot

2019-10-13 08:05:19 - [TEST_STEP][PASSED] - takeScreenshot(screenPath + i + ".png"): Taking screenshot successfully

2019-10-13 08:05:22 - [MESSAGE][PASSED] - Taking screenshot successfully
[[ATTACHMENT|D:\\Test\\AgileTest\\Reports\\mobileWeb\\dental\\20191013_080159\\../Screenshots/iPhone 6/dental/National General/20191013_080234/3.png]]

2019-10-13 08:05:22 - [TEST_STEP][PASSED] - (internal.GlobalVariable.i++): null

2019-10-13 08:05:22 - [MESSAGE][PASSED] - Call Test Case 'Test Cases/mobileWeb/_include/get_screenshot' successfully

2019-10-13 08:05:22 - [MESSAGE][PASSED] - Call Test Case 'Test Cases/mobileWeb/_include/census_dental' successfully

2019-10-13 08:05:22 - [TEST_STEP][PASSED] - click(findTestObject("mobileSanity/Dental/filter/btn_filter")): Object: 'Object Repository/mobileSanity/Dental/filter/btn_filter' is clicked on

2019-10-13 08:05:24 - [MESSAGE][PASSED] - Object: 'Object Repository/mobileSanity/Dental/filter/btn_filter' is clicked on

2019-10-13 08:05:24 - [TEST_STEP][PASSED] - waitForElementVisible(findTestObject("mobileSanity/Dental/filter/btn_company"), 10): Object 'Object Repository/mobileSanity/Dental/filter/btn_company' is visible

2019-10-13 08:05:24 - [MESSAGE][PASSED] - Object 'Object Repository/mobileSanity/Dental/filter/btn_company' is visible

2019-10-13 08:05:24 - [TEST_STEP][PASSED] - click(findTestObject("mobileSanity/Dental/filter/btn_company")): Object: 'Object Repository/mobileSanity/Dental/filter/btn_company' is clicked on

2019-10-13 08:05:24 - [MESSAGE][PASSED] - Object: 'Object Repository/mobileSanity/Dental/filter/btn_company' is clicked on

2019-10-13 08:05:24 - [TEST_STEP][PASSED] - Thread.sleep(2000): null

2019-10-13 08:05:26 - [TEST_STEP][PASSED] - click(findTestObject("mobileSanity/Dental/filter/btn_ng")): Object: 'Object Repository/mobileSanity/Dental/filter/btn_ng' is clicked on

2019-10-13 08:05:27 - [MESSAGE][PASSED] - Object: 'Object Repository/mobileSanity/Dental/filter/btn_ng' is clicked on

2019-10-13 08:05:27 - [TEST_STEP][PASSED] - waitForJQueryLoad(20, STOP_ON_FAILURE): jQuery is ready.

2019-10-13 08:05:27 - [MESSAGE][PASSED] - jQuery is ready.

2019-10-13 08:05:28 - [TEST_STEP][PASSED] - callTestCase(findTestCase("mobileWeb/_include/get_screenshot"), [:], STOP_ON_FAILURE): Call Test Case 'Test Cases/mobileWeb/_include/get_screenshot' successfully

2019-10-13 08:05:28 - [TEST_CASE][PASSED] - Test Cases/mobileWeb/_include/get_screenshot: Test Cases/mobileWeb/_include/get_screenshot

2019-10-13 08:05:28 - [TEST_STEP][PASSED] - takeScreenshot(screenPath + i + ".png"): Taking screenshot successfully

2019-10-13 08:05:33 - [MESSAGE][PASSED] - Taking screenshot successfully
[[ATTACHMENT|D:\\Test\\AgileTest\\Reports\\mobileWeb\\dental\\20191013_080159\\../Screenshots/iPhone 6/dental/National General/20191013_080234/4.png]]

2019-10-13 08:05:33 - [TEST_STEP][PASSED] - (internal.GlobalVariable.i++): null

2019-10-13 08:05:33 - [MESSAGE][PASSED] - Call Test Case 'Test Cases/mobileWeb/_include/get_screenshot' successfully

2019-10-13 08:05:33 - [TEST_STEP][PASSED] - click(findTestObject("mobileSanity/Dental/filter/btn_filter")): Object: 'Object Repository/mobileSanity/Dental/filter/btn_filter' is clicked on

2019-10-13 08:05:36 - [MESSAGE][PASSED] - Object: 'Object Repository/mobileSanity/Dental/filter/btn_filter' is clicked on

2019-10-13 08:05:36 - [TEST_STEP][PASSED] - click(findTestObject("mobileSanity/Dental/quote/a_Select This Plan")): Object: 'Object Repository/mobileSanity/Dental/quote/a_Select This Plan' is clicked on

2019-10-13 08:05:46 - [MESSAGE][PASSED] - Object: 'Object Repository/mobileSanity/Dental/quote/a_Select This Plan' is clicked on

2019-10-13 08:05:47 - [TEST_STEP][PASSED] - waitForPageLoad(10): Wait for page load successfully

2019-10-13 08:05:52 - [MESSAGE][PASSED] - Wait for page load successfully

2019-10-13 08:05:52 - [TEST_STEP][PASSED] - callTestCase(findTestCase("mobileWeb/_include/get_screenshot"), [:], STOP_ON_FAILURE): Call Test Case 'Test Cases/mobileWeb/_include/get_screenshot' successfully

2019-10-13 08:05:54 - [TEST_CASE][PASSED] - Test Cases/mobileWeb/_include/get_screenshot: Test Cases/mobileWeb/_include/get_screenshot

2019-10-13 08:05:55 - [TEST_STEP][PASSED] - takeScreenshot(screenPath + i + ".png"): Taking screenshot successfully

2019-10-13 08:05:58 - [MESSAGE][PASSED] - Taking screenshot successfully
[[ATTACHMENT|D:\\Test\\AgileTest\\Reports\\mobileWeb\\dental\\20191013_080159\\../Screenshots/iPhone 6/dental/National General/20191013_080234/5.png]]

2019-10-13 08:05:58 - [TEST_STEP][PASSED] - (internal.GlobalVariable.i++): null

2019-10-13 08:05:58 - [MESSAGE][PASSED] - Call Test Case 'Test Cases/mobileWeb/_include/get_screenshot' successfully

2019-10-13 08:05:58 - [TEST_STEP][PASSED] - click(findTestObject("mobileSanity/Dental/apply/span_Start Secure Application")): Object: 'Object Repository/mobileSanity/Dental/apply/span_Start Secure Application' is clicked on

2019-10-13 08:06:16 - [MESSAGE][PASSED] - Object: 'Object Repository/mobileSanity/Dental/apply/span_Start Secure Application' is clicked on

2019-10-13 08:06:17 - [TEST_STEP][PASSED] - waitForPageLoad(10): Wait for page load successfully

2019-10-13 08:06:18 - [MESSAGE][PASSED] - Wait for page load successfully

2019-10-13 08:06:18 - [TEST_STEP][PASSED] - Thread.sleep(2000): null

2019-10-13 08:06:20 - [TEST_STEP][PASSED] - callTestCase(findTestCase("mobileWeb/_include/get_screenshot"), [:], STOP_ON_FAILURE): Call Test Case 'Test Cases/mobileWeb/_include/get_screenshot' successfully

2019-10-13 08:06:20 - [TEST_CASE][PASSED] - Test Cases/mobileWeb/_include/get_screenshot: Test Cases/mobileWeb/_include/get_screenshot

2019-10-13 08:06:26 - [TEST_STEP][PASSED] - takeScreenshot(screenPath + i + ".png"): Taking screenshot successfully

2019-10-13 08:06:27 - [MESSAGE][PASSED] - Taking screenshot successfully
[[ATTACHMENT|D:\\Test\\AgileTest\\Reports\\mobileWeb\\dental\\20191013_080159\\../Screenshots/iPhone 6/dental/National General/20191013_080234/6.png]]

2019-10-13 08:06:27 - [TEST_STEP][PASSED] - (internal.GlobalVariable.i++): null

2019-10-13 08:06:28 - [MESSAGE][PASSED] - Call Test Case 'Test Cases/mobileWeb/_include/get_screenshot' successfully

2019-10-13 08:06:28 - [TEST_STEP][PASSED] - callTestCase(findTestCase("mobileWeb/_include/goToEnd_dental"), ["carrier":"nationalgeneral"], CONTINUE_ON_FAILURE): Call Test Case 'Test Cases/mobileWeb/_include/goToEnd_dental' successfully

2019-10-13 08:06:28 - [TEST_CASE][PASSED] - Test Cases/mobileWeb/_include/goToEnd_dental: Test Cases/mobileWeb/_include/goToEnd_dental

2019-10-13 08:06:34 - [TEST_STEP][PASSED] - callTestCase(findTestCase("mobileWeb/_include/name"), [:], CONTINUE_ON_FAILURE): Call Test Case 'Test Cases/mobileWeb/_include/name' successfully

2019-10-13 08:06:34 - [TEST_CASE][PASSED] - Test Cases/mobileWeb/_include/name: Test Cases/mobileWeb/_include/name

2019-10-13 08:06:40 - [TEST_STEP][PASSED] - driver = getWebDriver(): null

2019-10-13 08:06:41 - [TEST_STEP][PASSED] - selenium = new com.thoughtworks.selenium.webdriven.WebDriverBackedSelenium(driver, internal.GlobalVariable.ENV): null

2019-10-13 08:06:51 - [TEST_STEP][PASSED] - FirstName = "Test-123": null

2019-10-13 08:06:51 - [TEST_STEP][PASSED] - LastName = selenium.getEval("{var x="ABCDEFGHIJKLMNOPQRSTUVWXYZabcdefghijklmnopqrstuvwxyz"; var tmp="ZZ11-"; for (i=0;i<8;i++) tmp+=x.charAt(Math.ceil(51*Math.random()));tmp;}"): null

2019-10-13 08:06:52 - [TEST_STEP][PASSED] - Address = selenium.getEval("{var x="ABCDEFGHIJKLMNOPQRSTUVWXYZabcdefghijklmnopqrstuvwxyz"; var tmp=""; for (i=0;i<8;i++) tmp+=x.charAt(Math.ceil(51*Math.random()));tmp;}"): null

2019-10-13 08:06:52 - [TEST_STEP][PASSED] - City = selenium.getEval("{var x="ABCDEFGHIJKLMNOPQRSTUVWXYZabcdefghijklmnopqrstuvwxyz"; var tmp=""; for (i=0;i<8;i++) tmp+=x.charAt(Math.ceil(51*Math.random()));tmp;}"): null

2019-10-13 08:06:52 - [TEST_STEP][PASSED] - tel1 = selenium.getEval("{var x="123456789"; var tmp=""; for (i=0;i<3;i++) tmp+=x.charAt(Math.ceil(8*Math.random()));tmp;}"): null

2019-10-13 08:06:52 - [TEST_STEP][PASSED] - tel2 = selenium.getEval("{var x="123456789"; var tmp=""; for (i=0;i<3;i++) tmp+=x.charAt(Math.ceil(8*Math.random()));tmp;}"): null

2019-10-13 08:06:52 - [TEST_STEP][PASSED] - tel3 = selenium.getEval("{var x="123456789"; var tmp=""; for (i=0;i<4;i++) tmp+=x.charAt(Math.ceil(8*Math.random()));tmp;}"): null

2019-10-13 08:06:52 - [TEST_STEP][PASSED] - Tel = selenium.getExpression(tel1 + "-" + tel2 + "-" + tel3): null

2019-10-13 08:06:52 - [TEST_STEP][PASSED] - AutoEmail = selenium.getEval("{var x="ABCDEFGHIJKLMNOPQRSTUVWXYZabcdefghijklmnopqrstuvwxyz"; var tmp="test."; for (i=0;i<8;i++) tmp+=x.charAt(Math.ceil(51*Math.random()));tmp+="@suryani.cn";}"): null

2019-10-13 08:06:52 - [TEST_STEP][PASSED] - FirstName = FirstName: null

2019-10-13 08:06:53 - [TEST_STEP][PASSED] - LastName = LastName: null

2019-10-13 08:06:53 - [TEST_STEP][PASSED] - Address = Address: null

2019-10-13 08:06:53 - [TEST_STEP][PASSED] - City = City: null

2019-10-13 08:06:53 - [TEST_STEP][PASSED] - Tel = Tel: null

2019-10-13 08:06:53 - [TEST_STEP][PASSED] - AutoEmail = AutoEmail: null

2019-10-13 08:06:53 - [TEST_STEP][PASSED] - println(FirstName): null

2019-10-13 08:06:53 - [TEST_STEP][PASSED] - println(LastName): null

2019-10-13 08:06:53 - [TEST_STEP][PASSED] - println(Address): null

2019-10-13 08:06:53 - [TEST_STEP][PASSED] - println(City): null

2019-10-13 08:06:53 - [TEST_STEP][PASSED] - println(Tel): null

2019-10-13 08:06:53 - [TEST_STEP][PASSED] - println(AutoEmail): null

2019-10-13 08:06:53 - [MESSAGE][PASSED] - Call Test Case 'Test Cases/mobileWeb/_include/name' successfully

2019-10-13 08:06:53 - [TEST_STEP][PASSED] - Thread.sleep(3000): null

2019-10-13 08:06:56 - [TEST_STEP][PASSED] - setText(findTestObject("mobileSanity/Dental/app_page1/input__member-P-1-firstName"), FirstName): Text 'Test-123' is set on object 'Object Repository/mobileSanity/Dental/app_page1/input__member-P-1-firstName'

2019-10-13 08:07:00 - [MESSAGE][PASSED] - Text 'Test-123' is set on object 'Object Repository/mobileSanity/Dental/app_page1/input__member-P-1-firstName'

2019-10-13 08:07:00 - [TEST_STEP][PASSED] - setText(findTestObject("mobileSanity/Dental/app_page1/input__member-P-1-lastName"), LastName): Text 'ZZ11-ncGwyOYl' is set on object 'Object Repository/mobileSanity/Dental/app_page1/input__member-P-1-lastName'

2019-10-13 08:07:04 - [MESSAGE][PASSED] - Text 'ZZ11-ncGwyOYl' is set on object 'Object Repository/mobileSanity/Dental/app_page1/input__member-P-1-lastName'

2019-10-13 08:07:04 - [TEST_STEP][PASSED] - setText(findTestObject("mobileSanity/Dental/app_page1/input__address"), Address): Text 'cvihDyex' is set on object 'Object Repository/mobileSanity/Dental/app_page1/input__address'

2019-10-13 08:07:05 - [MESSAGE][PASSED] - Text 'cvihDyex' is set on object 'Object Repository/mobileSanity/Dental/app_page1/input__address'

2019-10-13 08:07:05 - [TEST_STEP][PASSED] - setText(findTestObject("mobileSanity/Dental/app_page1/input__city"), City): Text 'qKicnTPv' is set on object 'Object Repository/mobileSanity/Dental/app_page1/input__city'

2019-10-13 08:07:06 - [MESSAGE][PASSED] - Text 'qKicnTPv' is set on object 'Object Repository/mobileSanity/Dental/app_page1/input__city'

2019-10-13 08:07:06 - [TEST_STEP][PASSED] - setText(findTestObject("mobileSanity/Dental/app_page1/input__email"), AutoEmail): Text 'test.cNgJfbPr@suryani.cn' is set on object 'Object Repository/mobileSanity/Dental/app_page1/input__email'

2019-10-13 08:07:07 - [MESSAGE][PASSED] - Text 'test.cNgJfbPr@suryani.cn' is set on object 'Object Repository/mobileSanity/Dental/app_page1/input__email'

2019-10-13 08:07:07 - [TEST_STEP][PASSED] - setText(findTestObject("mobileSanity/Dental/app_page1/input_phone"), Tel): Text '449-573-6335' is set on object 'Object Repository/mobileSanity/Dental/app_page1/input_phone'

2019-10-13 08:07:08 - [MESSAGE][PASSED] - Text '449-573-6335' is set on object 'Object Repository/mobileSanity/Dental/app_page1/input_phone'

2019-10-13 08:07:08 - [TEST_STEP][PASSED] - click(findTestObject("mobileSanity/Dental/app_page1/a_Continue to Step 2 - Payment")): Object: 'Object Repository/mobileSanity/Dental/app_page1/a_Continue to Step 2 - Payment' is clicked on

2019-10-13 08:07:10 - [MESSAGE][PASSED] - Object: 'Object Repository/mobileSanity/Dental/app_page1/a_Continue to Step 2 - Payment' is clicked on

2019-10-13 08:07:10 - [TEST_STEP][PASSED] - waitForPageLoad(10): Wait for page load successfully

2019-10-13 08:07:10 - [MESSAGE][PASSED] - Wait for page load successfully

2019-10-13 08:07:10 - [TEST_STEP][PASSED] - Thread.sleep(2000): null

2019-10-13 08:07:14 - [TEST_STEP][PASSED] - if (carrier == "usa"): null

2019-10-13 08:07:14 - [TEST_STEP][PASSED] - callTestCase(findTestCase("mobileWeb/_include/get_screenshot"), [:], STOP_ON_FAILURE): Call Test Case 'Test Cases/mobileWeb/_include/get_screenshot' successfully

2019-10-13 08:07:14 - [TEST_CASE][PASSED] - Test Cases/mobileWeb/_include/get_screenshot: Test Cases/mobileWeb/_include/get_screenshot

2019-10-13 08:07:14 - [TEST_STEP][PASSED] - takeScreenshot(screenPath + i + ".png"): Taking screenshot successfully

2019-10-13 08:07:15 - [MESSAGE][PASSED] - Taking screenshot successfully
[[ATTACHMENT|D:\\Test\\AgileTest\\Reports\\mobileWeb\\dental\\20191013_080159\\../Screenshots/iPhone 6/dental/National General/20191013_080234/7.png]]

2019-10-13 08:07:15 - [TEST_STEP][PASSED] - (internal.GlobalVariable.i++): null

2019-10-13 08:07:15 - [MESSAGE][PASSED] - Call Test Case 'Test Cases/mobileWeb/_include/get_screenshot' successfully

2019-10-13 08:07:15 - [TEST_STEP][PASSED] - setText(findTestObject("mobileSanity/Dental/app_page2/input__credit-card-first"), FirstName): Text 'Test-123' is set on object 'Object Repository/mobileSanity/Dental/app_page2/input__credit-card-first'

2019-10-13 08:07:15 - [MESSAGE][PASSED] - Text 'Test-123' is set on object 'Object Repository/mobileSanity/Dental/app_page2/input__credit-card-first'

2019-10-13 08:07:15 - [TEST_STEP][PASSED] - setText(findTestObject("mobileSanity/Dental/app_page2/input__credit-card-last"), LastName): Text 'ZZ11-ncGwyOYl' is set on object 'Object Repository/mobileSanity/Dental/app_page2/input__credit-card-last'

2019-10-13 08:07:15 - [MESSAGE][PASSED] - Text 'ZZ11-ncGwyOYl' is set on object 'Object Repository/mobileSanity/Dental/app_page2/input__credit-card-last'

2019-10-13 08:07:15 - [TEST_STEP][PASSED] - selectOptionByValue(findTestObject("mobileSanity/Dental/app_page2/select_MM010203040506070809101"), "12", true): All options with value '12' are selected in object 'Object Repository/mobileSanity/Dental/app_page2/select_MM010203040506070809101'  using regular expression

2019-10-13 08:07:16 - [MESSAGE][PASSED] - All options with value '12' are selected in object 'Object Repository/mobileSanity/Dental/app_page2/select_MM010203040506070809101'  using regular expression

2019-10-13 08:07:16 - [TEST_STEP][PASSED] - selectOptionByValue(findTestObject("mobileSanity/Dental/app_page2/select_YYYY2019202020212022202"), "2026", true): All options with value '2026' are selected in object 'Object Repository/mobileSanity/Dental/app_page2/select_YYYY2019202020212022202'  using regular expression

2019-10-13 08:07:18 - [MESSAGE][PASSED] - All options with value '2026' are selected in object 'Object Repository/mobileSanity/Dental/app_page2/select_YYYY2019202020212022202'  using regular expression

2019-10-13 08:07:18 - [TEST_STEP][PASSED] - setText(findTestObject("mobileSanity/Dental/app_page2/input__credit-card-number"), "4111111111111111"): Text '4111111111111111' is set on object 'Object Repository/mobileSanity/Dental/app_page2/input__credit-card-number'

2019-10-13 08:07:18 - [MESSAGE][PASSED] - Text '4111111111111111' is set on object 'Object Repository/mobileSanity/Dental/app_page2/input__credit-card-number'

2019-10-13 08:07:18 - [TEST_STEP][PASSED] - setText(findTestObject("mobileSanity/Dental/app_page2/input__cvv"), "123"): Text '123' is set on object 'Object Repository/mobileSanity/Dental/app_page2/input__cvv'

2019-10-13 08:07:19 - [MESSAGE][PASSED] - Text '123' is set on object 'Object Repository/mobileSanity/Dental/app_page2/input__cvv'

2019-10-13 08:07:19 - [TEST_STEP][PASSED] - click(findTestObject("mobileSanity/Dental/app_page2/label_My billing address is th")): Object: 'Object Repository/mobileSanity/Dental/app_page2/label_My billing address is th' is clicked on

2019-10-13 08:07:19 - [MESSAGE][PASSED] - Object: 'Object Repository/mobileSanity/Dental/app_page2/label_My billing address is th' is clicked on

2019-10-13 08:07:19 - [TEST_STEP][PASSED] - click(findTestObject("mobileSanity/Dental/app_page2/label_I Accept Authorization f")): Object: 'Object Repository/mobileSanity/Dental/app_page2/label_I Accept Authorization f' is clicked on

2019-10-13 08:07:19 - [MESSAGE][PASSED] - Object: 'Object Repository/mobileSanity/Dental/app_page2/label_I Accept Authorization f' is clicked on

2019-10-13 08:07:19 - [TEST_STEP][PASSED] - click(findTestObject("mobileSanity/Dental/app_page2/a_Continue to Step 3 - Review")): Object: 'Object Repository/mobileSanity/Dental/app_page2/a_Continue to Step 3 - Review' is clicked on

2019-10-13 08:07:23 - [MESSAGE][PASSED] - Object: 'Object Repository/mobileSanity/Dental/app_page2/a_Continue to Step 3 - Review' is clicked on

2019-10-13 08:07:23 - [TEST_STEP][PASSED] - waitForPageLoad(20): Wait for page load successfully

2019-10-13 08:07:23 - [MESSAGE][PASSED] - Wait for page load successfully

2019-10-13 08:07:23 - [TEST_STEP][PASSED] - Thread.sleep(2000): null

2019-10-13 08:07:25 - [TEST_STEP][PASSED] - waitForElementClickable(findTestObject("mobileSanity/Dental/app_page3/label"), 20): Object 'Object Repository/mobileSanity/Dental/app_page3/label' is clickable

2019-10-13 08:07:26 - [MESSAGE][PASSED] - Object 'Object Repository/mobileSanity/Dental/app_page3/label' is clickable

2019-10-13 08:07:26 - [TEST_STEP][PASSED] - callTestCase(findTestCase("mobileWeb/_include/get_screenshot"), [:], STOP_ON_FAILURE): Call Test Case 'Test Cases/mobileWeb/_include/get_screenshot' successfully

2019-10-13 08:07:26 - [TEST_CASE][PASSED] - Test Cases/mobileWeb/_include/get_screenshot: Test Cases/mobileWeb/_include/get_screenshot

2019-10-13 08:07:26 - [TEST_STEP][PASSED] - takeScreenshot(screenPath + i + ".png"): Taking screenshot successfully

2019-10-13 08:07:27 - [MESSAGE][PASSED] - Taking screenshot successfully
[[ATTACHMENT|D:\\Test\\AgileTest\\Reports\\mobileWeb\\dental\\20191013_080159\\../Screenshots/iPhone 6/dental/National General/20191013_080234/8.png]]

2019-10-13 08:07:27 - [TEST_STEP][PASSED] - (internal.GlobalVariable.i++): null

2019-10-13 08:07:27 - [MESSAGE][PASSED] - Call Test Case 'Test Cases/mobileWeb/_include/get_screenshot' successfully

2019-10-13 08:07:27 - [TEST_STEP][PASSED] - click(findTestObject("mobileSanity/Dental/app_page3/label")): Object: 'Object Repository/mobileSanity/Dental/app_page3/label' is clicked on

2019-10-13 08:07:27 - [MESSAGE][PASSED] - Object: 'Object Repository/mobileSanity/Dental/app_page3/label' is clicked on

2019-10-13 08:07:27 - [TEST_STEP][PASSED] - click(findTestObject("mobileSanity/Dental/app_page3/p_CLICK TO SIGN")): Object: 'Object Repository/mobileSanity/Dental/app_page3/p_CLICK TO SIGN' is clicked on

2019-10-13 08:07:27 - [MESSAGE][PASSED] - Object: 'Object Repository/mobileSanity/Dental/app_page3/p_CLICK TO SIGN' is clicked on

2019-10-13 08:07:27 - [TEST_STEP][PASSED] - click(findTestObject("mobileSanity/Dental/app_page3/a_Submit Your Application")): Object: 'Object Repository/mobileSanity/Dental/app_page3/a_Submit Your Application' is clicked on

2019-10-13 08:07:27 - [MESSAGE][PASSED] - Object: 'Object Repository/mobileSanity/Dental/app_page3/a_Submit Your Application' is clicked on

2019-10-13 08:07:27 - [TEST_STEP][PASSED] - Thread.sleep(50000): null

2019-10-13 08:08:18 - [TEST_STEP][PASSED] - waitForElementPresent(findTestObject("mobileSanity/Dental/app_page4/js-app-confirmation"), 20): Object 'Object Repository/mobileSanity/Dental/app_page4/js-app-confirmation' is present

2019-10-13 08:08:19 - [MESSAGE][PASSED] - Object 'Object Repository/mobileSanity/Dental/app_page4/js-app-confirmation' is present

2019-10-13 08:08:19 - [TEST_STEP][PASSED] - callTestCase(findTestCase("mobileWeb/_include/get_screenshot"), [:], STOP_ON_FAILURE): Call Test Case 'Test Cases/mobileWeb/_include/get_screenshot' successfully

2019-10-13 08:08:19 - [TEST_CASE][PASSED] - Test Cases/mobileWeb/_include/get_screenshot: Test Cases/mobileWeb/_include/get_screenshot

2019-10-13 08:08:20 - [TEST_STEP][PASSED] - takeScreenshot(screenPath + i + ".png"): Taking screenshot successfully

2019-10-13 08:08:20 - [MESSAGE][PASSED] - Taking screenshot successfully
[[ATTACHMENT|D:\\Test\\AgileTest\\Reports\\mobileWeb\\dental\\20191013_080159\\../Screenshots/iPhone 6/dental/National General/20191013_080234/9.png]]

2019-10-13 08:08:20 - [TEST_STEP][PASSED] - (internal.GlobalVariable.i++): null

2019-10-13 08:08:23 - [MESSAGE][PASSED] - Call Test Case 'Test Cases/mobileWeb/_include/get_screenshot' successfully

2019-10-13 08:08:23 - [MESSAGE][PASSED] - Call Test Case 'Test Cases/mobileWeb/_include/goToEnd_dental' successfully]]></system-out>
         <system-err><![CDATA[]]></system-err>
      </testcase>
      <testcase name="Test Cases/mobileWeb/Dental/Nationwide" classname="Test Cases/mobileWeb/Dental/Nationwide" status="PASSED">
         <system-out><![CDATA[2019-10-13 08:08:25 - [TEST_CASE][PASSED] - Test Cases/mobileWeb/Dental/Nationwide: Test Cases/mobileWeb/Dental/Nationwide

2019-10-13 08:08:27 - [TEST_STEP][PASSED] - callTestCase(findTestCase("mobileWeb/_include/get_screenPath"), ["productLine":"dental", "carrierName":"Nationwide"], CONTINUE_ON_FAILURE): Call Test Case 'Test Cases/mobileWeb/_include/get_screenPath' successfully

2019-10-13 08:08:27 - [TEST_CASE][PASSED] - Test Cases/mobileWeb/_include/get_screenPath: Test Cases/mobileWeb/_include/get_screenPath

2019-10-13 08:08:28 - [TEST_STEP][PASSED] - m = getExecutionProperties(): null

2019-10-13 08:08:28 - [TEST_STEP][PASSED] - deviceName = get("mobileEmulation").get("deviceName"): null

2019-10-13 08:08:28 - [TEST_STEP][PASSED] - println(deviceName): null

2019-10-13 08:08:28 - [TEST_STEP][PASSED] - now = new java.util.Date(): null

2019-10-13 08:08:28 - [TEST_STEP][PASSED] - mydate = now.format("yyyyMMdd_HHmmss"): null

2019-10-13 08:08:28 - [TEST_STEP][PASSED] - screenPath = "../Screenshots/": null

2019-10-13 08:08:28 - [TEST_STEP][PASSED] - screenPath = screenPath + deviceName + "/" + productLine + "/" + carrierName + "/" + mydate + "/": null

2019-10-13 08:08:28 - [TEST_STEP][PASSED] - println(screenPath): null

2019-10-13 08:08:28 - [MESSAGE][PASSED] - Call Test Case 'Test Cases/mobileWeb/_include/get_screenPath' successfully

2019-10-13 08:08:28 - [TEST_STEP][PASSED] - i = 0: null

2019-10-13 08:08:28 - [TEST_STEP][PASSED] - callTestCase(findTestCase("mobileWeb/_include/openWebSite"), [:], STOP_ON_FAILURE): Call Test Case 'Test Cases/mobileWeb/_include/openWebSite' successfully

2019-10-13 08:08:28 - [TEST_CASE][PASSED] - Test Cases/mobileWeb/_include/openWebSite: Test Cases/mobileWeb/_include/openWebSite

2019-10-13 08:08:29 - [TEST_STEP][PASSED] - openBrowser(env): Browser is opened with url: 'https://praetemptatus.agilehealthinsurance.com'

2019-10-13 08:08:29 - [MESSAGE][WARNING] - A browser is already opened. Closing browser and opening a new one

2019-10-13 08:08:32 - [MESSAGE][INFO] - Starting 'Chrome' driver

2019-10-13 08:08:32 - [MESSAGE][INFO] - User set preference: ['mobileEmulation', '{deviceName=iPhone 6}']

2019-10-13 08:08:32 - [MESSAGE][INFO] - User set preference: ['args', '[--incognito, --aggressive-cache-discard, --window-size=375,677, --no-sandbox]']

2019-10-13 08:08:46 - [MESSAGE][PASSED] - Browser is opened with url: 'https://praetemptatus.agilehealthinsurance.com'

2019-10-13 08:08:46 - [TEST_STEP][PASSED] - waitForPageLoad(20): Wait for page load successfully

2019-10-13 08:08:46 - [MESSAGE][PASSED] - Wait for page load successfully

2019-10-13 08:08:46 - [TEST_STEP][PASSED] - Thread.sleep(2000): null

2019-10-13 08:08:49 - [TEST_STEP][PASSED] - callTestCase(findTestCase("mobileWeb/_include/get_screenshot"), [:], STOP_ON_FAILURE): Call Test Case 'Test Cases/mobileWeb/_include/get_screenshot' successfully

2019-10-13 08:08:50 - [TEST_CASE][PASSED] - Test Cases/mobileWeb/_include/get_screenshot: Test Cases/mobileWeb/_include/get_screenshot

2019-10-13 08:08:53 - [TEST_STEP][PASSED] - takeScreenshot(screenPath + i + ".png"): Taking screenshot successfully

2019-10-13 08:08:58 - [MESSAGE][PASSED] - Taking screenshot successfully
[[ATTACHMENT|D:\\Test\\AgileTest\\Reports\\mobileWeb\\dental\\20191013_080159\\../Screenshots/iPhone 6/dental/Nationwide/20191013_080828/0.png]]

2019-10-13 08:08:58 - [TEST_STEP][PASSED] - (internal.GlobalVariable.i++): null

2019-10-13 08:08:58 - [MESSAGE][PASSED] - Call Test Case 'Test Cases/mobileWeb/_include/get_screenshot' successfully

2019-10-13 08:08:58 - [MESSAGE][PASSED] - Call Test Case 'Test Cases/mobileWeb/_include/openWebSite' successfully

2019-10-13 08:08:58 - [TEST_STEP][PASSED] - callTestCase(findTestCase("mobileWeb/_include/census_dental"), [:], STOP_ON_FAILURE): Call Test Case 'Test Cases/mobileWeb/_include/census_dental' successfully

2019-10-13 08:08:58 - [TEST_CASE][PASSED] - Test Cases/mobileWeb/_include/census_dental: Test Cases/mobileWeb/_include/census_dental

2019-10-13 08:09:05 - [TEST_STEP][PASSED] - click(findTestObject("mobileSanity/Common/side_nav/menu")): Object: 'Object Repository/mobileSanity/Common/side_nav/menu' is clicked on

2019-10-13 08:09:09 - [MESSAGE][PASSED] - Object: 'Object Repository/mobileSanity/Common/side_nav/menu' is clicked on

2019-10-13 08:09:09 - [TEST_STEP][PASSED] - Thread.sleep(3000): null

2019-10-13 08:09:12 - [TEST_STEP][PASSED] - callTestCase(findTestCase("mobileWeb/_include/get_screenshot"), [:], STOP_ON_FAILURE): Call Test Case 'Test Cases/mobileWeb/_include/get_screenshot' successfully

2019-10-13 08:09:12 - [TEST_CASE][PASSED] - Test Cases/mobileWeb/_include/get_screenshot: Test Cases/mobileWeb/_include/get_screenshot

2019-10-13 08:09:12 - [TEST_STEP][PASSED] - takeScreenshot(screenPath + i + ".png"): Taking screenshot successfully

2019-10-13 08:09:14 - [MESSAGE][PASSED] - Taking screenshot successfully
[[ATTACHMENT|D:\\Test\\AgileTest\\Reports\\mobileWeb\\dental\\20191013_080159\\../Screenshots/iPhone 6/dental/Nationwide/20191013_080828/1.png]]

2019-10-13 08:09:14 - [TEST_STEP][PASSED] - (internal.GlobalVariable.i++): null

2019-10-13 08:09:14 - [MESSAGE][PASSED] - Call Test Case 'Test Cases/mobileWeb/_include/get_screenshot' successfully

2019-10-13 08:09:14 - [TEST_STEP][PASSED] - click(findTestObject("mobileSanity/Common/side_nav/nav_dental")): Object: 'Object Repository/mobileSanity/Common/side_nav/nav_dental' is clicked on

2019-10-13 08:09:15 - [MESSAGE][PASSED] - Object: 'Object Repository/mobileSanity/Common/side_nav/nav_dental' is clicked on

2019-10-13 08:09:15 - [TEST_STEP][PASSED] - waitForPageLoad(10): Wait for page load successfully

2019-10-13 08:09:17 - [MESSAGE][PASSED] - Wait for page load successfully

2019-10-13 08:09:17 - [TEST_STEP][PASSED] - callTestCase(findTestCase("mobileWeb/_include/get_screenshot"), [:], STOP_ON_FAILURE): Call Test Case 'Test Cases/mobileWeb/_include/get_screenshot' successfully

2019-10-13 08:09:18 - [TEST_CASE][PASSED] - Test Cases/mobileWeb/_include/get_screenshot: Test Cases/mobileWeb/_include/get_screenshot

2019-10-13 08:09:18 - [TEST_STEP][PASSED] - takeScreenshot(screenPath + i + ".png"): Taking screenshot successfully

2019-10-13 08:09:18 - [MESSAGE][PASSED] - Taking screenshot successfully
[[ATTACHMENT|D:\\Test\\AgileTest\\Reports\\mobileWeb\\dental\\20191013_080159\\../Screenshots/iPhone 6/dental/Nationwide/20191013_080828/2.png]]

2019-10-13 08:09:18 - [TEST_STEP][PASSED] - (internal.GlobalVariable.i++): null

2019-10-13 08:09:18 - [MESSAGE][PASSED] - Call Test Case 'Test Cases/mobileWeb/_include/get_screenshot' successfully

2019-10-13 08:09:18 - [TEST_STEP][PASSED] - sendKeys(findTestObject("mobileSanity/Dental/census/input_Location_zip-input"), zipcode): Keys '35215' sent to object: 'Object Repository/mobileSanity/Dental/census/input_Location_zip-input'

2019-10-13 08:09:19 - [MESSAGE][PASSED] - Keys '35215' sent to object: 'Object Repository/mobileSanity/Dental/census/input_Location_zip-input'

2019-10-13 08:09:19 - [TEST_STEP][PASSED] - Thread.sleep(500): null

2019-10-13 08:09:19 - [TEST_STEP][PASSED] - setText(findTestObject("mobileSanity/Dental/census/input_Date of Birth_dob-0"), "12121980"): Text '12121980' is set on object 'Object Repository/mobileSanity/Dental/census/input_Date of Birth_dob-0'

2019-10-13 08:09:19 - [MESSAGE][PASSED] - Text '12121980' is set on object 'Object Repository/mobileSanity/Dental/census/input_Date of Birth_dob-0'

2019-10-13 08:09:19 - [TEST_STEP][PASSED] - click(findTestObject("mobileSanity/Dental/census/label_Male")): Object: 'Object Repository/mobileSanity/Dental/census/label_Male' is clicked on

2019-10-13 08:09:20 - [MESSAGE][PASSED] - Object: 'Object Repository/mobileSanity/Dental/census/label_Male' is clicked on

2019-10-13 08:09:20 - [TEST_STEP][PASSED] - click(findTestObject("mobileSanity/Dental/census/label_Compare Dental Insurance")): Object: 'Object Repository/mobileSanity/Dental/census/label_Compare Dental Insurance' is clicked on

2019-10-13 08:09:24 - [MESSAGE][PASSED] - Object: 'Object Repository/mobileSanity/Dental/census/label_Compare Dental Insurance' is clicked on

2019-10-13 08:09:24 - [TEST_STEP][PASSED] - waitForPageLoad(10): Wait for page load successfully

2019-10-13 08:09:26 - [MESSAGE][PASSED] - Wait for page load successfully

2019-10-13 08:09:26 - [TEST_STEP][PASSED] - Thread.sleep(2000): null

2019-10-13 08:09:29 - [TEST_STEP][PASSED] - callTestCase(findTestCase("mobileWeb/_include/get_screenshot"), [:], STOP_ON_FAILURE): Call Test Case 'Test Cases/mobileWeb/_include/get_screenshot' successfully

2019-10-13 08:09:29 - [TEST_CASE][PASSED] - Test Cases/mobileWeb/_include/get_screenshot: Test Cases/mobileWeb/_include/get_screenshot

2019-10-13 08:09:29 - [TEST_STEP][PASSED] - takeScreenshot(screenPath + i + ".png"): Taking screenshot successfully

2019-10-13 08:09:31 - [MESSAGE][PASSED] - Taking screenshot successfully
[[ATTACHMENT|D:\\Test\\AgileTest\\Reports\\mobileWeb\\dental\\20191013_080159\\../Screenshots/iPhone 6/dental/Nationwide/20191013_080828/3.png]]

2019-10-13 08:09:31 - [TEST_STEP][PASSED] - (internal.GlobalVariable.i++): null

2019-10-13 08:09:31 - [MESSAGE][PASSED] - Call Test Case 'Test Cases/mobileWeb/_include/get_screenshot' successfully

2019-10-13 08:09:32 - [MESSAGE][PASSED] - Call Test Case 'Test Cases/mobileWeb/_include/census_dental' successfully

2019-10-13 08:09:32 - [TEST_STEP][PASSED] - click(findTestObject("mobileSanity/Dental/filter/btn_filter")): Object: 'Object Repository/mobileSanity/Dental/filter/btn_filter' is clicked on

2019-10-13 08:09:32 - [MESSAGE][PASSED] - Object: 'Object Repository/mobileSanity/Dental/filter/btn_filter' is clicked on

2019-10-13 08:09:33 - [TEST_STEP][PASSED] - Thread.sleep(1000): null

2019-10-13 08:09:34 - [TEST_STEP][PASSED] - waitForElementVisible(findTestObject("mobileSanity/Dental/filter/btn_company"), 10): Object 'Object Repository/mobileSanity/Dental/filter/btn_company' is visible

2019-10-13 08:09:35 - [MESSAGE][PASSED] - Object 'Object Repository/mobileSanity/Dental/filter/btn_company' is visible

2019-10-13 08:09:35 - [TEST_STEP][PASSED] - click(findTestObject("mobileSanity/Dental/filter/btn_company")): Object: 'Object Repository/mobileSanity/Dental/filter/btn_company' is clicked on

2019-10-13 08:09:35 - [MESSAGE][PASSED] - Object: 'Object Repository/mobileSanity/Dental/filter/btn_company' is clicked on

2019-10-13 08:09:35 - [TEST_STEP][PASSED] - Thread.sleep(2000): null

2019-10-13 08:09:37 - [TEST_STEP][PASSED] - click(findTestObject("mobileSanity/Dental/filter/btn_nationwide")): Object: 'Object Repository/mobileSanity/Dental/filter/btn_nationwide' is clicked on

2019-10-13 08:09:37 - [MESSAGE][PASSED] - Object: 'Object Repository/mobileSanity/Dental/filter/btn_nationwide' is clicked on

2019-10-13 08:09:37 - [TEST_STEP][PASSED] - waitForJQueryLoad(20, STOP_ON_FAILURE): jQuery is ready.

2019-10-13 08:09:38 - [MESSAGE][PASSED] - jQuery is ready.

2019-10-13 08:09:38 - [TEST_STEP][PASSED] - callTestCase(findTestCase("mobileWeb/_include/get_screenshot"), [:], STOP_ON_FAILURE): Call Test Case 'Test Cases/mobileWeb/_include/get_screenshot' successfully

2019-10-13 08:09:39 - [TEST_CASE][PASSED] - Test Cases/mobileWeb/_include/get_screenshot: Test Cases/mobileWeb/_include/get_screenshot

2019-10-13 08:09:39 - [TEST_STEP][PASSED] - takeScreenshot(screenPath + i + ".png"): Taking screenshot successfully

2019-10-13 08:09:44 - [MESSAGE][PASSED] - Taking screenshot successfully
[[ATTACHMENT|D:\\Test\\AgileTest\\Reports\\mobileWeb\\dental\\20191013_080159\\../Screenshots/iPhone 6/dental/Nationwide/20191013_080828/4.png]]

2019-10-13 08:09:44 - [TEST_STEP][PASSED] - (internal.GlobalVariable.i++): null

2019-10-13 08:09:44 - [MESSAGE][PASSED] - Call Test Case 'Test Cases/mobileWeb/_include/get_screenshot' successfully

2019-10-13 08:09:44 - [TEST_STEP][PASSED] - click(findTestObject("mobileSanity/Dental/filter/btn_filter")): Object: 'Object Repository/mobileSanity/Dental/filter/btn_filter' is clicked on

2019-10-13 08:09:44 - [MESSAGE][PASSED] - Object: 'Object Repository/mobileSanity/Dental/filter/btn_filter' is clicked on

2019-10-13 08:09:44 - [TEST_STEP][PASSED] - click(findTestObject("mobileSanity/Dental/quote/a_Select This Plan")): Object: 'Object Repository/mobileSanity/Dental/quote/a_Select This Plan' is clicked on

2019-10-13 08:09:48 - [MESSAGE][PASSED] - Object: 'Object Repository/mobileSanity/Dental/quote/a_Select This Plan' is clicked on

2019-10-13 08:09:48 - [TEST_STEP][PASSED] - waitForPageLoad(10): Wait for page load successfully

2019-10-13 08:09:49 - [MESSAGE][PASSED] - Wait for page load successfully

2019-10-13 08:09:49 - [TEST_STEP][PASSED] - callTestCase(findTestCase("mobileWeb/_include/get_screenshot"), [:], STOP_ON_FAILURE): Call Test Case 'Test Cases/mobileWeb/_include/get_screenshot' successfully

2019-10-13 08:09:49 - [TEST_CASE][PASSED] - Test Cases/mobileWeb/_include/get_screenshot: Test Cases/mobileWeb/_include/get_screenshot

2019-10-13 08:09:51 - [TEST_STEP][PASSED] - takeScreenshot(screenPath + i + ".png"): Taking screenshot successfully

2019-10-13 08:09:52 - [MESSAGE][PASSED] - Taking screenshot successfully
[[ATTACHMENT|D:\\Test\\AgileTest\\Reports\\mobileWeb\\dental\\20191013_080159\\../Screenshots/iPhone 6/dental/Nationwide/20191013_080828/5.png]]

2019-10-13 08:09:52 - [TEST_STEP][PASSED] - (internal.GlobalVariable.i++): null

2019-10-13 08:09:52 - [MESSAGE][PASSED] - Call Test Case 'Test Cases/mobileWeb/_include/get_screenshot' successfully

2019-10-13 08:09:52 - [TEST_STEP][PASSED] - click(findTestObject("mobileSanity/Dental/apply/span_Start Secure Application")): Object: 'Object Repository/mobileSanity/Dental/apply/span_Start Secure Application' is clicked on

2019-10-13 08:09:55 - [MESSAGE][PASSED] - Object: 'Object Repository/mobileSanity/Dental/apply/span_Start Secure Application' is clicked on

2019-10-13 08:09:55 - [TEST_STEP][PASSED] - waitForPageLoad(10): Wait for page load successfully

2019-10-13 08:09:56 - [MESSAGE][PASSED] - Wait for page load successfully

2019-10-13 08:09:56 - [TEST_STEP][PASSED] - callTestCase(findTestCase("mobileWeb/_include/get_screenshot"), [:], STOP_ON_FAILURE): Call Test Case 'Test Cases/mobileWeb/_include/get_screenshot' successfully

2019-10-13 08:09:56 - [TEST_CASE][PASSED] - Test Cases/mobileWeb/_include/get_screenshot: Test Cases/mobileWeb/_include/get_screenshot

2019-10-13 08:09:56 - [TEST_STEP][PASSED] - takeScreenshot(screenPath + i + ".png"): Taking screenshot successfully

2019-10-13 08:09:57 - [MESSAGE][PASSED] - Taking screenshot successfully
[[ATTACHMENT|D:\\Test\\AgileTest\\Reports\\mobileWeb\\dental\\20191013_080159\\../Screenshots/iPhone 6/dental/Nationwide/20191013_080828/6.png]]

2019-10-13 08:09:57 - [TEST_STEP][PASSED] - (internal.GlobalVariable.i++): null

2019-10-13 08:09:57 - [MESSAGE][PASSED] - Call Test Case 'Test Cases/mobileWeb/_include/get_screenshot' successfully

2019-10-13 08:09:57 - [TEST_STEP][PASSED] - callTestCase(findTestCase("mobileWeb/_include/goToEnd_dental"), ["carrier":"nationwide"], STOP_ON_FAILURE): Call Test Case 'Test Cases/mobileWeb/_include/goToEnd_dental' successfully

2019-10-13 08:09:58 - [TEST_CASE][PASSED] - Test Cases/mobileWeb/_include/goToEnd_dental: Test Cases/mobileWeb/_include/goToEnd_dental

2019-10-13 08:09:58 - [TEST_STEP][PASSED] - callTestCase(findTestCase("mobileWeb/_include/name"), [:], CONTINUE_ON_FAILURE): Call Test Case 'Test Cases/mobileWeb/_include/name' successfully

2019-10-13 08:09:58 - [TEST_CASE][PASSED] - Test Cases/mobileWeb/_include/name: Test Cases/mobileWeb/_include/name

2019-10-13 08:09:58 - [TEST_STEP][PASSED] - driver = getWebDriver(): null

2019-10-13 08:09:58 - [TEST_STEP][PASSED] - selenium = new com.thoughtworks.selenium.webdriven.WebDriverBackedSelenium(driver, internal.GlobalVariable.ENV): null

2019-10-13 08:10:11 - [TEST_STEP][PASSED] - FirstName = "Test-123": null

2019-10-13 08:10:11 - [TEST_STEP][PASSED] - LastName = selenium.getEval("{var x="ABCDEFGHIJKLMNOPQRSTUVWXYZabcdefghijklmnopqrstuvwxyz"; var tmp="ZZ11-"; for (i=0;i<8;i++) tmp+=x.charAt(Math.ceil(51*Math.random()));tmp;}"): null

2019-10-13 08:10:12 - [TEST_STEP][PASSED] - Address = selenium.getEval("{var x="ABCDEFGHIJKLMNOPQRSTUVWXYZabcdefghijklmnopqrstuvwxyz"; var tmp=""; for (i=0;i<8;i++) tmp+=x.charAt(Math.ceil(51*Math.random()));tmp;}"): null

2019-10-13 08:10:12 - [TEST_STEP][PASSED] - City = selenium.getEval("{var x="ABCDEFGHIJKLMNOPQRSTUVWXYZabcdefghijklmnopqrstuvwxyz"; var tmp=""; for (i=0;i<8;i++) tmp+=x.charAt(Math.ceil(51*Math.random()));tmp;}"): null

2019-10-13 08:10:12 - [TEST_STEP][PASSED] - tel1 = selenium.getEval("{var x="123456789"; var tmp=""; for (i=0;i<3;i++) tmp+=x.charAt(Math.ceil(8*Math.random()));tmp;}"): null

2019-10-13 08:10:12 - [TEST_STEP][PASSED] - tel2 = selenium.getEval("{var x="123456789"; var tmp=""; for (i=0;i<3;i++) tmp+=x.charAt(Math.ceil(8*Math.random()));tmp;}"): null

2019-10-13 08:10:12 - [TEST_STEP][PASSED] - tel3 = selenium.getEval("{var x="123456789"; var tmp=""; for (i=0;i<4;i++) tmp+=x.charAt(Math.ceil(8*Math.random()));tmp;}"): null

2019-10-13 08:10:13 - [TEST_STEP][PASSED] - Tel = selenium.getExpression(tel1 + "-" + tel2 + "-" + tel3): null

2019-10-13 08:10:13 - [TEST_STEP][PASSED] - AutoEmail = selenium.getEval("{var x="ABCDEFGHIJKLMNOPQRSTUVWXYZabcdefghijklmnopqrstuvwxyz"; var tmp="test."; for (i=0;i<8;i++) tmp+=x.charAt(Math.ceil(51*Math.random()));tmp+="@suryani.cn";}"): null

2019-10-13 08:10:13 - [TEST_STEP][PASSED] - FirstName = FirstName: null

2019-10-13 08:10:13 - [TEST_STEP][PASSED] - LastName = LastName: null

2019-10-13 08:10:13 - [TEST_STEP][PASSED] - Address = Address: null

2019-10-13 08:10:13 - [TEST_STEP][PASSED] - City = City: null

2019-10-13 08:10:13 - [TEST_STEP][PASSED] - Tel = Tel: null

2019-10-13 08:10:13 - [TEST_STEP][PASSED] - AutoEmail = AutoEmail: null

2019-10-13 08:10:13 - [TEST_STEP][PASSED] - println(FirstName): null

2019-10-13 08:10:13 - [TEST_STEP][PASSED] - println(LastName): null

2019-10-13 08:10:13 - [TEST_STEP][PASSED] - println(Address): null

2019-10-13 08:10:13 - [TEST_STEP][PASSED] - println(City): null

2019-10-13 08:10:13 - [TEST_STEP][PASSED] - println(Tel): null

2019-10-13 08:10:13 - [TEST_STEP][PASSED] - println(AutoEmail): null

2019-10-13 08:10:13 - [MESSAGE][PASSED] - Call Test Case 'Test Cases/mobileWeb/_include/name' successfully

2019-10-13 08:10:13 - [TEST_STEP][PASSED] - Thread.sleep(3000): null

2019-10-13 08:10:16 - [TEST_STEP][PASSED] - setText(findTestObject("mobileSanity/Dental/app_page1/input__member-P-1-firstName"), FirstName): Text 'Test-123' is set on object 'Object Repository/mobileSanity/Dental/app_page1/input__member-P-1-firstName'

2019-10-13 08:10:34 - [MESSAGE][PASSED] - Text 'Test-123' is set on object 'Object Repository/mobileSanity/Dental/app_page1/input__member-P-1-firstName'

2019-10-13 08:10:35 - [TEST_STEP][PASSED] - setText(findTestObject("mobileSanity/Dental/app_page1/input__member-P-1-lastName"), LastName): Text 'ZZ11-QylKjyLn' is set on object 'Object Repository/mobileSanity/Dental/app_page1/input__member-P-1-lastName'

2019-10-13 08:10:39 - [MESSAGE][PASSED] - Text 'ZZ11-QylKjyLn' is set on object 'Object Repository/mobileSanity/Dental/app_page1/input__member-P-1-lastName'

2019-10-13 08:10:39 - [TEST_STEP][PASSED] - setText(findTestObject("mobileSanity/Dental/app_page1/input__address"), Address): Text 'mrMGEyTC' is set on object 'Object Repository/mobileSanity/Dental/app_page1/input__address'

2019-10-13 08:10:40 - [MESSAGE][PASSED] - Text 'mrMGEyTC' is set on object 'Object Repository/mobileSanity/Dental/app_page1/input__address'

2019-10-13 08:10:40 - [TEST_STEP][PASSED] - setText(findTestObject("mobileSanity/Dental/app_page1/input__city"), City): Text 'wScRhZvl' is set on object 'Object Repository/mobileSanity/Dental/app_page1/input__city'

2019-10-13 08:10:40 - [MESSAGE][PASSED] - Text 'wScRhZvl' is set on object 'Object Repository/mobileSanity/Dental/app_page1/input__city'

2019-10-13 08:10:40 - [TEST_STEP][PASSED] - setText(findTestObject("mobileSanity/Dental/app_page1/input__email"), AutoEmail): Text 'test.XKHcCUEv@suryani.cn' is set on object 'Object Repository/mobileSanity/Dental/app_page1/input__email'

2019-10-13 08:10:43 - [MESSAGE][PASSED] - Text 'test.XKHcCUEv@suryani.cn' is set on object 'Object Repository/mobileSanity/Dental/app_page1/input__email'

2019-10-13 08:10:43 - [TEST_STEP][PASSED] - setText(findTestObject("mobileSanity/Dental/app_page1/input_phone"), Tel): Text '573-787-3476' is set on object 'Object Repository/mobileSanity/Dental/app_page1/input_phone'

2019-10-13 08:10:43 - [MESSAGE][PASSED] - Text '573-787-3476' is set on object 'Object Repository/mobileSanity/Dental/app_page1/input_phone'

2019-10-13 08:10:43 - [TEST_STEP][PASSED] - click(findTestObject("mobileSanity/Dental/app_page1/a_Continue to Step 2 - Payment")): Object: 'Object Repository/mobileSanity/Dental/app_page1/a_Continue to Step 2 - Payment' is clicked on

2019-10-13 08:10:49 - [MESSAGE][PASSED] - Object: 'Object Repository/mobileSanity/Dental/app_page1/a_Continue to Step 2 - Payment' is clicked on

2019-10-13 08:10:49 - [TEST_STEP][PASSED] - waitForPageLoad(10): Wait for page load successfully

2019-10-13 08:10:49 - [MESSAGE][PASSED] - Wait for page load successfully

2019-10-13 08:10:49 - [TEST_STEP][PASSED] - Thread.sleep(2000): null

2019-10-13 08:10:53 - [TEST_STEP][PASSED] - if (carrier == "usa"): null

2019-10-13 08:10:53 - [TEST_STEP][PASSED] - callTestCase(findTestCase("mobileWeb/_include/get_screenshot"), [:], STOP_ON_FAILURE): Call Test Case 'Test Cases/mobileWeb/_include/get_screenshot' successfully

2019-10-13 08:10:54 - [TEST_CASE][PASSED] - Test Cases/mobileWeb/_include/get_screenshot: Test Cases/mobileWeb/_include/get_screenshot

2019-10-13 08:10:58 - [TEST_STEP][PASSED] - takeScreenshot(screenPath + i + ".png"): Taking screenshot successfully

2019-10-13 08:10:59 - [MESSAGE][PASSED] - Taking screenshot successfully
[[ATTACHMENT|D:\\Test\\AgileTest\\Reports\\mobileWeb\\dental\\20191013_080159\\../Screenshots/iPhone 6/dental/Nationwide/20191013_080828/7.png]]

2019-10-13 08:10:59 - [TEST_STEP][PASSED] - (internal.GlobalVariable.i++): null

2019-10-13 08:10:59 - [MESSAGE][PASSED] - Call Test Case 'Test Cases/mobileWeb/_include/get_screenshot' successfully

2019-10-13 08:10:59 - [TEST_STEP][PASSED] - setText(findTestObject("mobileSanity/Dental/app_page2/input__credit-card-first"), FirstName): Text 'Test-123' is set on object 'Object Repository/mobileSanity/Dental/app_page2/input__credit-card-first'

2019-10-13 08:11:04 - [MESSAGE][PASSED] - Text 'Test-123' is set on object 'Object Repository/mobileSanity/Dental/app_page2/input__credit-card-first'

2019-10-13 08:11:04 - [TEST_STEP][PASSED] - setText(findTestObject("mobileSanity/Dental/app_page2/input__credit-card-last"), LastName): Text 'ZZ11-QylKjyLn' is set on object 'Object Repository/mobileSanity/Dental/app_page2/input__credit-card-last'

2019-10-13 08:11:05 - [MESSAGE][PASSED] - Text 'ZZ11-QylKjyLn' is set on object 'Object Repository/mobileSanity/Dental/app_page2/input__credit-card-last'

2019-10-13 08:11:05 - [TEST_STEP][PASSED] - selectOptionByValue(findTestObject("mobileSanity/Dental/app_page2/select_MM010203040506070809101"), "12", true): All options with value '12' are selected in object 'Object Repository/mobileSanity/Dental/app_page2/select_MM010203040506070809101'  using regular expression

2019-10-13 08:11:07 - [MESSAGE][PASSED] - All options with value '12' are selected in object 'Object Repository/mobileSanity/Dental/app_page2/select_MM010203040506070809101'  using regular expression

2019-10-13 08:11:07 - [TEST_STEP][PASSED] - selectOptionByValue(findTestObject("mobileSanity/Dental/app_page2/select_YYYY2019202020212022202"), "2026", true): All options with value '2026' are selected in object 'Object Repository/mobileSanity/Dental/app_page2/select_YYYY2019202020212022202'  using regular expression

2019-10-13 08:11:08 - [MESSAGE][PASSED] - All options with value '2026' are selected in object 'Object Repository/mobileSanity/Dental/app_page2/select_YYYY2019202020212022202'  using regular expression

2019-10-13 08:11:08 - [TEST_STEP][PASSED] - setText(findTestObject("mobileSanity/Dental/app_page2/input__credit-card-number"), "4111111111111111"): Text '4111111111111111' is set on object 'Object Repository/mobileSanity/Dental/app_page2/input__credit-card-number'

2019-10-13 08:11:09 - [MESSAGE][PASSED] - Text '4111111111111111' is set on object 'Object Repository/mobileSanity/Dental/app_page2/input__credit-card-number'

2019-10-13 08:11:09 - [TEST_STEP][PASSED] - setText(findTestObject("mobileSanity/Dental/app_page2/input__cvv"), "123"): Text '123' is set on object 'Object Repository/mobileSanity/Dental/app_page2/input__cvv'

2019-10-13 08:11:09 - [MESSAGE][PASSED] - Text '123' is set on object 'Object Repository/mobileSanity/Dental/app_page2/input__cvv'

2019-10-13 08:11:09 - [TEST_STEP][PASSED] - click(findTestObject("mobileSanity/Dental/app_page2/label_My billing address is th")): Object: 'Object Repository/mobileSanity/Dental/app_page2/label_My billing address is th' is clicked on

2019-10-13 08:11:09 - [MESSAGE][PASSED] - Object: 'Object Repository/mobileSanity/Dental/app_page2/label_My billing address is th' is clicked on

2019-10-13 08:11:09 - [TEST_STEP][PASSED] - click(findTestObject("mobileSanity/Dental/app_page2/label_I Accept Authorization f")): Object: 'Object Repository/mobileSanity/Dental/app_page2/label_I Accept Authorization f' is clicked on

2019-10-13 08:11:10 - [MESSAGE][PASSED] - Object: 'Object Repository/mobileSanity/Dental/app_page2/label_I Accept Authorization f' is clicked on

2019-10-13 08:11:10 - [TEST_STEP][PASSED] - click(findTestObject("mobileSanity/Dental/app_page2/a_Continue to Step 3 - Review")): Object: 'Object Repository/mobileSanity/Dental/app_page2/a_Continue to Step 3 - Review' is clicked on

2019-10-13 08:11:11 - [MESSAGE][PASSED] - Object: 'Object Repository/mobileSanity/Dental/app_page2/a_Continue to Step 3 - Review' is clicked on

2019-10-13 08:11:11 - [TEST_STEP][PASSED] - waitForPageLoad(20): Wait for page load successfully

2019-10-13 08:11:19 - [MESSAGE][PASSED] - Wait for page load successfully

2019-10-13 08:11:19 - [TEST_STEP][PASSED] - Thread.sleep(2000): null

2019-10-13 08:11:21 - [TEST_STEP][PASSED] - waitForElementClickable(findTestObject("mobileSanity/Dental/app_page3/label"), 20): Object 'Object Repository/mobileSanity/Dental/app_page3/label' is clickable

2019-10-13 08:11:29 - [MESSAGE][PASSED] - Object 'Object Repository/mobileSanity/Dental/app_page3/label' is clickable

2019-10-13 08:11:30 - [TEST_STEP][PASSED] - callTestCase(findTestCase("mobileWeb/_include/get_screenshot"), [:], STOP_ON_FAILURE): Call Test Case 'Test Cases/mobileWeb/_include/get_screenshot' successfully

2019-10-13 08:11:30 - [TEST_CASE][PASSED] - Test Cases/mobileWeb/_include/get_screenshot: Test Cases/mobileWeb/_include/get_screenshot

2019-10-13 08:11:33 - [TEST_STEP][PASSED] - takeScreenshot(screenPath + i + ".png"): Taking screenshot successfully

2019-10-13 08:11:34 - [MESSAGE][PASSED] - Taking screenshot successfully
[[ATTACHMENT|D:\\Test\\AgileTest\\Reports\\mobileWeb\\dental\\20191013_080159\\../Screenshots/iPhone 6/dental/Nationwide/20191013_080828/8.png]]

2019-10-13 08:11:34 - [TEST_STEP][PASSED] - (internal.GlobalVariable.i++): null

2019-10-13 08:11:34 - [MESSAGE][PASSED] - Call Test Case 'Test Cases/mobileWeb/_include/get_screenshot' successfully

2019-10-13 08:11:34 - [TEST_STEP][PASSED] - click(findTestObject("mobileSanity/Dental/app_page3/label")): Object: 'Object Repository/mobileSanity/Dental/app_page3/label' is clicked on

2019-10-13 08:11:36 - [MESSAGE][PASSED] - Object: 'Object Repository/mobileSanity/Dental/app_page3/label' is clicked on

2019-10-13 08:11:36 - [TEST_STEP][PASSED] - click(findTestObject("mobileSanity/Dental/app_page3/p_CLICK TO SIGN")): Object: 'Object Repository/mobileSanity/Dental/app_page3/p_CLICK TO SIGN' is clicked on

2019-10-13 08:11:36 - [MESSAGE][PASSED] - Object: 'Object Repository/mobileSanity/Dental/app_page3/p_CLICK TO SIGN' is clicked on

2019-10-13 08:11:36 - [TEST_STEP][PASSED] - click(findTestObject("mobileSanity/Dental/app_page3/a_Submit Your Application")): Object: 'Object Repository/mobileSanity/Dental/app_page3/a_Submit Your Application' is clicked on

2019-10-13 08:11:37 - [MESSAGE][PASSED] - Object: 'Object Repository/mobileSanity/Dental/app_page3/a_Submit Your Application' is clicked on

2019-10-13 08:11:37 - [TEST_STEP][PASSED] - Thread.sleep(50000): null

2019-10-13 08:12:28 - [TEST_STEP][PASSED] - waitForElementPresent(findTestObject("mobileSanity/Dental/app_page4/js-app-confirmation"), 20): Object 'Object Repository/mobileSanity/Dental/app_page4/js-app-confirmation' is present

2019-10-13 08:12:34 - [MESSAGE][PASSED] - Object 'Object Repository/mobileSanity/Dental/app_page4/js-app-confirmation' is present

2019-10-13 08:12:34 - [TEST_STEP][PASSED] - callTestCase(findTestCase("mobileWeb/_include/get_screenshot"), [:], STOP_ON_FAILURE): Call Test Case 'Test Cases/mobileWeb/_include/get_screenshot' successfully

2019-10-13 08:12:34 - [TEST_CASE][PASSED] - Test Cases/mobileWeb/_include/get_screenshot: Test Cases/mobileWeb/_include/get_screenshot

2019-10-13 08:12:35 - [TEST_STEP][PASSED] - takeScreenshot(screenPath + i + ".png"): Taking screenshot successfully

2019-10-13 08:12:40 - [MESSAGE][PASSED] - Taking screenshot successfully
[[ATTACHMENT|D:\\Test\\AgileTest\\Reports\\mobileWeb\\dental\\20191013_080159\\../Screenshots/iPhone 6/dental/Nationwide/20191013_080828/9.png]]

2019-10-13 08:12:40 - [TEST_STEP][PASSED] - (internal.GlobalVariable.i++): null

2019-10-13 08:12:40 - [MESSAGE][PASSED] - Call Test Case 'Test Cases/mobileWeb/_include/get_screenshot' successfully

2019-10-13 08:12:40 - [MESSAGE][PASSED] - Call Test Case 'Test Cases/mobileWeb/_include/goToEnd_dental' successfully]]></system-out>
         <system-err><![CDATA[]]></system-err>
      </testcase>
      <testcase name="Test Cases/mobileWeb/Dental/USA Access" classname="Test Cases/mobileWeb/Dental/USA Access" status="PASSED">
         <system-out><![CDATA[2019-10-13 08:12:40 - [TEST_CASE][PASSED] - Test Cases/mobileWeb/Dental/USA Access: Test Cases/mobileWeb/Dental/USA Access

2019-10-13 08:12:51 - [TEST_STEP][PASSED] - callTestCase(findTestCase("mobileWeb/_include/get_screenPath"), ["productLine":"dental", "carrierName":"USA Access"], CONTINUE_ON_FAILURE): Call Test Case 'Test Cases/mobileWeb/_include/get_screenPath' successfully

2019-10-13 08:12:51 - [TEST_CASE][PASSED] - Test Cases/mobileWeb/_include/get_screenPath: Test Cases/mobileWeb/_include/get_screenPath

2019-10-13 08:12:52 - [TEST_STEP][PASSED] - m = getExecutionProperties(): null

2019-10-13 08:12:52 - [TEST_STEP][PASSED] - deviceName = get("mobileEmulation").get("deviceName"): null

2019-10-13 08:12:52 - [TEST_STEP][PASSED] - println(deviceName): null

2019-10-13 08:12:52 - [TEST_STEP][PASSED] - now = new java.util.Date(): null

2019-10-13 08:12:52 - [TEST_STEP][PASSED] - mydate = now.format("yyyyMMdd_HHmmss"): null

2019-10-13 08:12:52 - [TEST_STEP][PASSED] - screenPath = "../Screenshots/": null

2019-10-13 08:12:52 - [TEST_STEP][PASSED] - screenPath = screenPath + deviceName + "/" + productLine + "/" + carrierName + "/" + mydate + "/": null

2019-10-13 08:12:52 - [TEST_STEP][PASSED] - println(screenPath): null

2019-10-13 08:12:52 - [MESSAGE][PASSED] - Call Test Case 'Test Cases/mobileWeb/_include/get_screenPath' successfully

2019-10-13 08:12:52 - [TEST_STEP][PASSED] - i = 0: null

2019-10-13 08:12:52 - [TEST_STEP][PASSED] - callTestCase(findTestCase("mobileWeb/_include/openWebSite"), [:], STOP_ON_FAILURE): Call Test Case 'Test Cases/mobileWeb/_include/openWebSite' successfully

2019-10-13 08:12:52 - [TEST_CASE][PASSED] - Test Cases/mobileWeb/_include/openWebSite: Test Cases/mobileWeb/_include/openWebSite

2019-10-13 08:12:52 - [TEST_STEP][PASSED] - openBrowser(env): Browser is opened with url: 'https://praetemptatus.agilehealthinsurance.com'

2019-10-13 08:12:52 - [MESSAGE][WARNING] - A browser is already opened. Closing browser and opening a new one

2019-10-13 08:12:57 - [MESSAGE][INFO] - Starting 'Chrome' driver

2019-10-13 08:12:57 - [MESSAGE][INFO] - User set preference: ['mobileEmulation', '{deviceName=iPhone 6}']

2019-10-13 08:12:57 - [MESSAGE][INFO] - User set preference: ['args', '[--incognito, --aggressive-cache-discard, --window-size=375,677, --no-sandbox]']

2019-10-13 08:13:22 - [MESSAGE][PASSED] - Browser is opened with url: 'https://praetemptatus.agilehealthinsurance.com'

2019-10-13 08:13:25 - [TEST_STEP][PASSED] - waitForPageLoad(20): Wait for page load successfully

2019-10-13 08:13:33 - [MESSAGE][PASSED] - Wait for page load successfully

2019-10-13 08:13:33 - [TEST_STEP][PASSED] - Thread.sleep(2000): null

2019-10-13 08:13:36 - [TEST_STEP][PASSED] - callTestCase(findTestCase("mobileWeb/_include/get_screenshot"), [:], STOP_ON_FAILURE): Call Test Case 'Test Cases/mobileWeb/_include/get_screenshot' successfully

2019-10-13 08:13:38 - [TEST_CASE][PASSED] - Test Cases/mobileWeb/_include/get_screenshot: Test Cases/mobileWeb/_include/get_screenshot

2019-10-13 08:13:39 - [TEST_STEP][PASSED] - takeScreenshot(screenPath + i + ".png"): Taking screenshot successfully

2019-10-13 08:13:48 - [MESSAGE][PASSED] - Taking screenshot successfully
[[ATTACHMENT|D:\\Test\\AgileTest\\Reports\\mobileWeb\\dental\\20191013_080159\\../Screenshots/iPhone 6/dental/USA Access/20191013_081252/0.png]]

2019-10-13 08:13:49 - [TEST_STEP][PASSED] - (internal.GlobalVariable.i++): null

2019-10-13 08:13:50 - [MESSAGE][PASSED] - Call Test Case 'Test Cases/mobileWeb/_include/get_screenshot' successfully

2019-10-13 08:13:50 - [MESSAGE][PASSED] - Call Test Case 'Test Cases/mobileWeb/_include/openWebSite' successfully

2019-10-13 08:13:51 - [TEST_STEP][PASSED] - callTestCase(findTestCase("mobileWeb/_include/census_dental"), [:], STOP_ON_FAILURE): Call Test Case 'Test Cases/mobileWeb/_include/census_dental' successfully

2019-10-13 08:13:51 - [TEST_CASE][PASSED] - Test Cases/mobileWeb/_include/census_dental: Test Cases/mobileWeb/_include/census_dental

2019-10-13 08:13:52 - [TEST_STEP][PASSED] - click(findTestObject("mobileSanity/Common/side_nav/menu")): Object: 'Object Repository/mobileSanity/Common/side_nav/menu' is clicked on

2019-10-13 08:14:01 - [MESSAGE][PASSED] - Object: 'Object Repository/mobileSanity/Common/side_nav/menu' is clicked on

2019-10-13 08:14:01 - [TEST_STEP][PASSED] - Thread.sleep(3000): null

2019-10-13 08:14:04 - [TEST_STEP][PASSED] - callTestCase(findTestCase("mobileWeb/_include/get_screenshot"), [:], STOP_ON_FAILURE): Call Test Case 'Test Cases/mobileWeb/_include/get_screenshot' successfully

2019-10-13 08:14:04 - [TEST_CASE][PASSED] - Test Cases/mobileWeb/_include/get_screenshot: Test Cases/mobileWeb/_include/get_screenshot

2019-10-13 08:14:04 - [TEST_STEP][PASSED] - takeScreenshot(screenPath + i + ".png"): Taking screenshot successfully

2019-10-13 08:14:08 - [MESSAGE][PASSED] - Taking screenshot successfully
[[ATTACHMENT|D:\\Test\\AgileTest\\Reports\\mobileWeb\\dental\\20191013_080159\\../Screenshots/iPhone 6/dental/USA Access/20191013_081252/1.png]]

2019-10-13 08:14:08 - [TEST_STEP][PASSED] - (internal.GlobalVariable.i++): null

2019-10-13 08:14:08 - [MESSAGE][PASSED] - Call Test Case 'Test Cases/mobileWeb/_include/get_screenshot' successfully

2019-10-13 08:14:08 - [TEST_STEP][PASSED] - click(findTestObject("mobileSanity/Common/side_nav/nav_dental")): Object: 'Object Repository/mobileSanity/Common/side_nav/nav_dental' is clicked on

2019-10-13 08:14:13 - [MESSAGE][PASSED] - Object: 'Object Repository/mobileSanity/Common/side_nav/nav_dental' is clicked on

2019-10-13 08:14:13 - [TEST_STEP][PASSED] - waitForPageLoad(10): Wait for page load successfully

2019-10-13 08:14:14 - [MESSAGE][PASSED] - Wait for page load successfully

2019-10-13 08:14:14 - [TEST_STEP][PASSED] - callTestCase(findTestCase("mobileWeb/_include/get_screenshot"), [:], STOP_ON_FAILURE): Call Test Case 'Test Cases/mobileWeb/_include/get_screenshot' successfully

2019-10-13 08:14:14 - [TEST_CASE][PASSED] - Test Cases/mobileWeb/_include/get_screenshot: Test Cases/mobileWeb/_include/get_screenshot

2019-10-13 08:14:17 - [TEST_STEP][PASSED] - takeScreenshot(screenPath + i + ".png"): Taking screenshot successfully

2019-10-13 08:14:18 - [MESSAGE][PASSED] - Taking screenshot successfully
[[ATTACHMENT|D:\\Test\\AgileTest\\Reports\\mobileWeb\\dental\\20191013_080159\\../Screenshots/iPhone 6/dental/USA Access/20191013_081252/2.png]]

2019-10-13 08:14:18 - [TEST_STEP][PASSED] - (internal.GlobalVariable.i++): null

2019-10-13 08:14:18 - [MESSAGE][PASSED] - Call Test Case 'Test Cases/mobileWeb/_include/get_screenshot' successfully

2019-10-13 08:14:18 - [TEST_STEP][PASSED] - sendKeys(findTestObject("mobileSanity/Dental/census/input_Location_zip-input"), zipcode): Keys '35215' sent to object: 'Object Repository/mobileSanity/Dental/census/input_Location_zip-input'

2019-10-13 08:14:18 - [MESSAGE][PASSED] - Keys '35215' sent to object: 'Object Repository/mobileSanity/Dental/census/input_Location_zip-input'

2019-10-13 08:14:18 - [TEST_STEP][PASSED] - Thread.sleep(500): null

2019-10-13 08:14:18 - [TEST_STEP][PASSED] - setText(findTestObject("mobileSanity/Dental/census/input_Date of Birth_dob-0"), "12121980"): Text '12121980' is set on object 'Object Repository/mobileSanity/Dental/census/input_Date of Birth_dob-0'

2019-10-13 08:14:19 - [MESSAGE][PASSED] - Text '12121980' is set on object 'Object Repository/mobileSanity/Dental/census/input_Date of Birth_dob-0'

2019-10-13 08:14:19 - [TEST_STEP][PASSED] - click(findTestObject("mobileSanity/Dental/census/label_Male")): Object: 'Object Repository/mobileSanity/Dental/census/label_Male' is clicked on

2019-10-13 08:14:19 - [MESSAGE][PASSED] - Object: 'Object Repository/mobileSanity/Dental/census/label_Male' is clicked on

2019-10-13 08:14:19 - [TEST_STEP][PASSED] - click(findTestObject("mobileSanity/Dental/census/label_Compare Dental Insurance")): Object: 'Object Repository/mobileSanity/Dental/census/label_Compare Dental Insurance' is clicked on

2019-10-13 08:14:20 - [MESSAGE][PASSED] - Object: 'Object Repository/mobileSanity/Dental/census/label_Compare Dental Insurance' is clicked on

2019-10-13 08:14:20 - [TEST_STEP][PASSED] - waitForPageLoad(10): Wait for page load successfully

2019-10-13 08:14:25 - [MESSAGE][PASSED] - Wait for page load successfully

2019-10-13 08:14:25 - [TEST_STEP][PASSED] - Thread.sleep(2000): null

2019-10-13 08:14:27 - [TEST_STEP][PASSED] - callTestCase(findTestCase("mobileWeb/_include/get_screenshot"), [:], STOP_ON_FAILURE): Call Test Case 'Test Cases/mobileWeb/_include/get_screenshot' successfully

2019-10-13 08:14:28 - [TEST_CASE][PASSED] - Test Cases/mobileWeb/_include/get_screenshot: Test Cases/mobileWeb/_include/get_screenshot

2019-10-13 08:14:30 - [TEST_STEP][PASSED] - takeScreenshot(screenPath + i + ".png"): Taking screenshot successfully

2019-10-13 08:14:31 - [MESSAGE][PASSED] - Taking screenshot successfully
[[ATTACHMENT|D:\\Test\\AgileTest\\Reports\\mobileWeb\\dental\\20191013_080159\\../Screenshots/iPhone 6/dental/USA Access/20191013_081252/3.png]]

2019-10-13 08:14:31 - [TEST_STEP][PASSED] - (internal.GlobalVariable.i++): null

2019-10-13 08:14:31 - [MESSAGE][PASSED] - Call Test Case 'Test Cases/mobileWeb/_include/get_screenshot' successfully

2019-10-13 08:14:31 - [MESSAGE][PASSED] - Call Test Case 'Test Cases/mobileWeb/_include/census_dental' successfully

2019-10-13 08:14:32 - [TEST_STEP][PASSED] - comment("-------------quote page--------------------"): -------------quote page--------------------

2019-10-13 08:14:34 - [MESSAGE][INFO] - -------------quote page--------------------

2019-10-13 08:14:34 - [TEST_STEP][PASSED] - click(findTestObject("mobileSanity/Dental/filter/btn_filter")): Object: 'Object Repository/mobileSanity/Dental/filter/btn_filter' is clicked on

2019-10-13 08:14:34 - [MESSAGE][PASSED] - Object: 'Object Repository/mobileSanity/Dental/filter/btn_filter' is clicked on

2019-10-13 08:14:34 - [TEST_STEP][PASSED] - waitForElementVisible(findTestObject("mobileSanity/Dental/filter/btn_company"), 10): Object 'Object Repository/mobileSanity/Dental/filter/btn_company' is visible

2019-10-13 08:14:34 - [MESSAGE][PASSED] - Object 'Object Repository/mobileSanity/Dental/filter/btn_company' is visible

2019-10-13 08:14:34 - [TEST_STEP][PASSED] - click(findTestObject("mobileSanity/Dental/filter/btn_company")): Object: 'Object Repository/mobileSanity/Dental/filter/btn_company' is clicked on

2019-10-13 08:14:34 - [MESSAGE][PASSED] - Object: 'Object Repository/mobileSanity/Dental/filter/btn_company' is clicked on

2019-10-13 08:14:34 - [TEST_STEP][PASSED] - Thread.sleep(2000): null

2019-10-13 08:14:36 - [TEST_STEP][PASSED] - click(findTestObject("mobileSanity/Dental/filter/btn_usa")): Object: 'Object Repository/mobileSanity/Dental/filter/btn_usa' is clicked on

2019-10-13 08:14:37 - [MESSAGE][PASSED] - Object: 'Object Repository/mobileSanity/Dental/filter/btn_usa' is clicked on

2019-10-13 08:14:37 - [TEST_STEP][PASSED] - waitForJQueryLoad(20, STOP_ON_FAILURE): jQuery is ready.

2019-10-13 08:14:38 - [MESSAGE][PASSED] - jQuery is ready.

2019-10-13 08:14:38 - [TEST_STEP][PASSED] - callTestCase(findTestCase("mobileWeb/_include/get_screenshot"), [:], STOP_ON_FAILURE): Call Test Case 'Test Cases/mobileWeb/_include/get_screenshot' successfully

2019-10-13 08:14:38 - [TEST_CASE][PASSED] - Test Cases/mobileWeb/_include/get_screenshot: Test Cases/mobileWeb/_include/get_screenshot

2019-10-13 08:14:38 - [TEST_STEP][PASSED] - takeScreenshot(screenPath + i + ".png"): Taking screenshot successfully

2019-10-13 08:14:39 - [MESSAGE][PASSED] - Taking screenshot successfully
[[ATTACHMENT|D:\\Test\\AgileTest\\Reports\\mobileWeb\\dental\\20191013_080159\\../Screenshots/iPhone 6/dental/USA Access/20191013_081252/4.png]]

2019-10-13 08:14:40 - [TEST_STEP][PASSED] - (internal.GlobalVariable.i++): null

2019-10-13 08:14:40 - [MESSAGE][PASSED] - Call Test Case 'Test Cases/mobileWeb/_include/get_screenshot' successfully

2019-10-13 08:14:40 - [TEST_STEP][PASSED] - click(findTestObject("mobileSanity/Dental/filter/btn_filter")): Object: 'Object Repository/mobileSanity/Dental/filter/btn_filter' is clicked on

2019-10-13 08:14:40 - [MESSAGE][PASSED] - Object: 'Object Repository/mobileSanity/Dental/filter/btn_filter' is clicked on

2019-10-13 08:14:40 - [TEST_STEP][PASSED] - click(findTestObject("mobileSanity/Dental/quote/a_Select This Plan")): Object: 'Object Repository/mobileSanity/Dental/quote/a_Select This Plan' is clicked on

2019-10-13 08:14:46 - [MESSAGE][PASSED] - Object: 'Object Repository/mobileSanity/Dental/quote/a_Select This Plan' is clicked on

2019-10-13 08:14:46 - [TEST_STEP][PASSED] - waitForPageLoad(10): Wait for page load successfully

2019-10-13 08:14:53 - [MESSAGE][PASSED] - Wait for page load successfully

2019-10-13 08:14:53 - [TEST_STEP][PASSED] - callTestCase(findTestCase("mobileWeb/_include/get_screenshot"), [:], STOP_ON_FAILURE): Call Test Case 'Test Cases/mobileWeb/_include/get_screenshot' successfully

2019-10-13 08:14:59 - [TEST_CASE][PASSED] - Test Cases/mobileWeb/_include/get_screenshot: Test Cases/mobileWeb/_include/get_screenshot

2019-10-13 08:15:06 - [TEST_STEP][PASSED] - takeScreenshot(screenPath + i + ".png"): Taking screenshot successfully

2019-10-13 08:15:24 - [MESSAGE][PASSED] - Taking screenshot successfully
[[ATTACHMENT|D:\\Test\\AgileTest\\Reports\\mobileWeb\\dental\\20191013_080159\\../Screenshots/iPhone 6/dental/USA Access/20191013_081252/5.png]]

2019-10-13 08:15:25 - [TEST_STEP][PASSED] - (internal.GlobalVariable.i++): null

2019-10-13 08:15:25 - [MESSAGE][PASSED] - Call Test Case 'Test Cases/mobileWeb/_include/get_screenshot' successfully

2019-10-13 08:15:26 - [TEST_STEP][PASSED] - click(findTestObject("mobileSanity/Dental/apply/span_Start Secure Application")): Object: 'Object Repository/mobileSanity/Dental/apply/span_Start Secure Application' is clicked on

2019-10-13 08:15:40 - [MESSAGE][PASSED] - Object: 'Object Repository/mobileSanity/Dental/apply/span_Start Secure Application' is clicked on

2019-10-13 08:15:47 - [TEST_STEP][PASSED] - waitForPageLoad(10): Wait for page load successfully

2019-10-13 08:15:48 - [MESSAGE][PASSED] - Wait for page load successfully

2019-10-13 08:15:48 - [TEST_STEP][PASSED] - callTestCase(findTestCase("mobileWeb/_include/get_screenshot"), [:], STOP_ON_FAILURE): Call Test Case 'Test Cases/mobileWeb/_include/get_screenshot' successfully

2019-10-13 08:15:50 - [TEST_CASE][PASSED] - Test Cases/mobileWeb/_include/get_screenshot: Test Cases/mobileWeb/_include/get_screenshot

2019-10-13 08:15:50 - [TEST_STEP][PASSED] - takeScreenshot(screenPath + i + ".png"): Taking screenshot successfully

2019-10-13 08:15:54 - [MESSAGE][PASSED] - Taking screenshot successfully
[[ATTACHMENT|D:\\Test\\AgileTest\\Reports\\mobileWeb\\dental\\20191013_080159\\../Screenshots/iPhone 6/dental/USA Access/20191013_081252/6.png]]

2019-10-13 08:15:54 - [TEST_STEP][PASSED] - (internal.GlobalVariable.i++): null

2019-10-13 08:15:54 - [MESSAGE][PASSED] - Call Test Case 'Test Cases/mobileWeb/_include/get_screenshot' successfully

2019-10-13 08:15:54 - [TEST_STEP][PASSED] - callTestCase(findTestCase("mobileWeb/_include/goToEnd_dental"), ["carrier":"usa"], STOP_ON_FAILURE): Call Test Case 'Test Cases/mobileWeb/_include/goToEnd_dental' successfully

2019-10-13 08:15:55 - [TEST_CASE][PASSED] - Test Cases/mobileWeb/_include/goToEnd_dental: Test Cases/mobileWeb/_include/goToEnd_dental

2019-10-13 08:15:56 - [TEST_STEP][PASSED] - callTestCase(findTestCase("mobileWeb/_include/name"), [:], CONTINUE_ON_FAILURE): Call Test Case 'Test Cases/mobileWeb/_include/name' successfully

2019-10-13 08:15:56 - [TEST_CASE][PASSED] - Test Cases/mobileWeb/_include/name: Test Cases/mobileWeb/_include/name

2019-10-13 08:15:56 - [TEST_STEP][PASSED] - driver = getWebDriver(): null

2019-10-13 08:15:56 - [TEST_STEP][PASSED] - selenium = new com.thoughtworks.selenium.webdriven.WebDriverBackedSelenium(driver, internal.GlobalVariable.ENV): null

2019-10-13 08:15:57 - [TEST_STEP][PASSED] - FirstName = "Test-123": null

2019-10-13 08:15:57 - [TEST_STEP][PASSED] - LastName = selenium.getEval("{var x="ABCDEFGHIJKLMNOPQRSTUVWXYZabcdefghijklmnopqrstuvwxyz"; var tmp="ZZ11-"; for (i=0;i<8;i++) tmp+=x.charAt(Math.ceil(51*Math.random()));tmp;}"): null

2019-10-13 08:15:57 - [TEST_STEP][PASSED] - Address = selenium.getEval("{var x="ABCDEFGHIJKLMNOPQRSTUVWXYZabcdefghijklmnopqrstuvwxyz"; var tmp=""; for (i=0;i<8;i++) tmp+=x.charAt(Math.ceil(51*Math.random()));tmp;}"): null

2019-10-13 08:15:57 - [TEST_STEP][PASSED] - City = selenium.getEval("{var x="ABCDEFGHIJKLMNOPQRSTUVWXYZabcdefghijklmnopqrstuvwxyz"; var tmp=""; for (i=0;i<8;i++) tmp+=x.charAt(Math.ceil(51*Math.random()));tmp;}"): null

2019-10-13 08:15:57 - [TEST_STEP][PASSED] - tel1 = selenium.getEval("{var x="123456789"; var tmp=""; for (i=0;i<3;i++) tmp+=x.charAt(Math.ceil(8*Math.random()));tmp;}"): null

2019-10-13 08:15:57 - [TEST_STEP][PASSED] - tel2 = selenium.getEval("{var x="123456789"; var tmp=""; for (i=0;i<3;i++) tmp+=x.charAt(Math.ceil(8*Math.random()));tmp;}"): null

2019-10-13 08:15:57 - [TEST_STEP][PASSED] - tel3 = selenium.getEval("{var x="123456789"; var tmp=""; for (i=0;i<4;i++) tmp+=x.charAt(Math.ceil(8*Math.random()));tmp;}"): null

2019-10-13 08:15:57 - [TEST_STEP][PASSED] - Tel = selenium.getExpression(tel1 + "-" + tel2 + "-" + tel3): null

2019-10-13 08:15:57 - [TEST_STEP][PASSED] - AutoEmail = selenium.getEval("{var x="ABCDEFGHIJKLMNOPQRSTUVWXYZabcdefghijklmnopqrstuvwxyz"; var tmp="test."; for (i=0;i<8;i++) tmp+=x.charAt(Math.ceil(51*Math.random()));tmp+="@suryani.cn";}"): null

2019-10-13 08:15:57 - [TEST_STEP][PASSED] - FirstName = FirstName: null

2019-10-13 08:15:57 - [TEST_STEP][PASSED] - LastName = LastName: null

2019-10-13 08:15:57 - [TEST_STEP][PASSED] - Address = Address: null

2019-10-13 08:15:57 - [TEST_STEP][PASSED] - City = City: null

2019-10-13 08:15:57 - [TEST_STEP][PASSED] - Tel = Tel: null

2019-10-13 08:15:58 - [TEST_STEP][PASSED] - AutoEmail = AutoEmail: null

2019-10-13 08:15:58 - [TEST_STEP][PASSED] - println(FirstName): null

2019-10-13 08:15:58 - [TEST_STEP][PASSED] - println(LastName): null

2019-10-13 08:15:58 - [TEST_STEP][PASSED] - println(Address): null

2019-10-13 08:15:58 - [TEST_STEP][PASSED] - println(City): null

2019-10-13 08:15:58 - [TEST_STEP][PASSED] - println(Tel): null

2019-10-13 08:15:58 - [TEST_STEP][PASSED] - println(AutoEmail): null

2019-10-13 08:15:58 - [MESSAGE][PASSED] - Call Test Case 'Test Cases/mobileWeb/_include/name' successfully

2019-10-13 08:15:58 - [TEST_STEP][PASSED] - Thread.sleep(3000): null

2019-10-13 08:16:01 - [TEST_STEP][PASSED] - setText(findTestObject("mobileSanity/Dental/app_page1/input__member-P-1-firstName"), FirstName): Text 'Test-123' is set on object 'Object Repository/mobileSanity/Dental/app_page1/input__member-P-1-firstName'

2019-10-13 08:16:08 - [MESSAGE][PASSED] - Text 'Test-123' is set on object 'Object Repository/mobileSanity/Dental/app_page1/input__member-P-1-firstName'

2019-10-13 08:16:08 - [TEST_STEP][PASSED] - setText(findTestObject("mobileSanity/Dental/app_page1/input__member-P-1-lastName"), LastName): Text 'ZZ11-bTKWmozJ' is set on object 'Object Repository/mobileSanity/Dental/app_page1/input__member-P-1-lastName'

2019-10-13 08:16:10 - [MESSAGE][PASSED] - Text 'ZZ11-bTKWmozJ' is set on object 'Object Repository/mobileSanity/Dental/app_page1/input__member-P-1-lastName'

2019-10-13 08:16:10 - [TEST_STEP][PASSED] - setText(findTestObject("mobileSanity/Dental/app_page1/input__address"), Address): Text 'FNvUuQzc' is set on object 'Object Repository/mobileSanity/Dental/app_page1/input__address'

2019-10-13 08:16:11 - [MESSAGE][PASSED] - Text 'FNvUuQzc' is set on object 'Object Repository/mobileSanity/Dental/app_page1/input__address'

2019-10-13 08:16:11 - [TEST_STEP][PASSED] - setText(findTestObject("mobileSanity/Dental/app_page1/input__city"), City): Text 'uxzKTfwb' is set on object 'Object Repository/mobileSanity/Dental/app_page1/input__city'

2019-10-13 08:16:15 - [MESSAGE][PASSED] - Text 'uxzKTfwb' is set on object 'Object Repository/mobileSanity/Dental/app_page1/input__city'

2019-10-13 08:16:15 - [TEST_STEP][PASSED] - setText(findTestObject("mobileSanity/Dental/app_page1/input__email"), AutoEmail): Text 'test.VCzMTaoM@suryani.cn' is set on object 'Object Repository/mobileSanity/Dental/app_page1/input__email'

2019-10-13 08:16:16 - [MESSAGE][PASSED] - Text 'test.VCzMTaoM@suryani.cn' is set on object 'Object Repository/mobileSanity/Dental/app_page1/input__email'

2019-10-13 08:16:16 - [TEST_STEP][PASSED] - setText(findTestObject("mobileSanity/Dental/app_page1/input_phone"), Tel): Text '337-856-2259' is set on object 'Object Repository/mobileSanity/Dental/app_page1/input_phone'

2019-10-13 08:16:16 - [MESSAGE][PASSED] - Text '337-856-2259' is set on object 'Object Repository/mobileSanity/Dental/app_page1/input_phone'

2019-10-13 08:16:16 - [TEST_STEP][PASSED] - click(findTestObject("mobileSanity/Dental/app_page1/a_Continue to Step 2 - Payment")): Object: 'Object Repository/mobileSanity/Dental/app_page1/a_Continue to Step 2 - Payment' is clicked on

2019-10-13 08:16:17 - [MESSAGE][PASSED] - Object: 'Object Repository/mobileSanity/Dental/app_page1/a_Continue to Step 2 - Payment' is clicked on

2019-10-13 08:16:17 - [TEST_STEP][PASSED] - waitForPageLoad(10): Wait for page load successfully

2019-10-13 08:16:17 - [MESSAGE][PASSED] - Wait for page load successfully

2019-10-13 08:16:17 - [TEST_STEP][PASSED] - Thread.sleep(2000): null

2019-10-13 08:16:19 - [TEST_STEP][PASSED] - if (carrier == "usa"): null

2019-10-13 08:16:19 - [TEST_STEP][PASSED] - callTestCase(findTestCase("mobileWeb/_include/get_screenshot"), [:], STOP_ON_FAILURE): Call Test Case 'Test Cases/mobileWeb/_include/get_screenshot' successfully

2019-10-13 08:16:19 - [TEST_CASE][PASSED] - Test Cases/mobileWeb/_include/get_screenshot: Test Cases/mobileWeb/_include/get_screenshot

2019-10-13 08:16:19 - [TEST_STEP][PASSED] - takeScreenshot(screenPath + i + ".png"): Taking screenshot successfully

2019-10-13 08:16:20 - [MESSAGE][PASSED] - Taking screenshot successfully
[[ATTACHMENT|D:\\Test\\AgileTest\\Reports\\mobileWeb\\dental\\20191013_080159\\../Screenshots/iPhone 6/dental/USA Access/20191013_081252/7.png]]

2019-10-13 08:16:20 - [TEST_STEP][PASSED] - (internal.GlobalVariable.i++): null

2019-10-13 08:16:20 - [MESSAGE][PASSED] - Call Test Case 'Test Cases/mobileWeb/_include/get_screenshot' successfully

2019-10-13 08:16:20 - [TEST_STEP][PASSED] - click(findTestObject("mobileSanity/Dental/app_page2/membership/label_ihaveread")): Object: 'Object Repository/mobileSanity/Dental/app_page2/membership/label_ihaveread' is clicked on

2019-10-13 08:16:21 - [MESSAGE][PASSED] - Object: 'Object Repository/mobileSanity/Dental/app_page2/membership/label_ihaveread' is clicked on

2019-10-13 08:16:21 - [TEST_STEP][PASSED] - click(findTestObject("mobileSanity/Dental/app_page2/membership/a_ok")): Object: 'Object Repository/mobileSanity/Dental/app_page2/membership/a_ok' is clicked on

2019-10-13 08:16:21 - [MESSAGE][PASSED] - Object: 'Object Repository/mobileSanity/Dental/app_page2/membership/a_ok' is clicked on

2019-10-13 08:16:21 - [TEST_STEP][PASSED] - Thread.sleep(3000): null

2019-10-13 08:16:24 - [TEST_STEP][PASSED] - callTestCase(findTestCase("mobileWeb/_include/get_screenshot"), [:], STOP_ON_FAILURE): Call Test Case 'Test Cases/mobileWeb/_include/get_screenshot' successfully

2019-10-13 08:16:24 - [TEST_CASE][PASSED] - Test Cases/mobileWeb/_include/get_screenshot: Test Cases/mobileWeb/_include/get_screenshot

2019-10-13 08:16:24 - [TEST_STEP][PASSED] - takeScreenshot(screenPath + i + ".png"): Taking screenshot successfully

2019-10-13 08:16:25 - [MESSAGE][PASSED] - Taking screenshot successfully
[[ATTACHMENT|D:\\Test\\AgileTest\\Reports\\mobileWeb\\dental\\20191013_080159\\../Screenshots/iPhone 6/dental/USA Access/20191013_081252/8.png]]

2019-10-13 08:16:25 - [TEST_STEP][PASSED] - (internal.GlobalVariable.i++): null

2019-10-13 08:16:25 - [MESSAGE][PASSED] - Call Test Case 'Test Cases/mobileWeb/_include/get_screenshot' successfully

2019-10-13 08:16:25 - [TEST_STEP][PASSED] - setText(findTestObject("mobileSanity/Dental/app_page2/input__credit-card-first"), FirstName): Text 'Test-123' is set on object 'Object Repository/mobileSanity/Dental/app_page2/input__credit-card-first'

2019-10-13 08:16:26 - [MESSAGE][PASSED] - Text 'Test-123' is set on object 'Object Repository/mobileSanity/Dental/app_page2/input__credit-card-first'

2019-10-13 08:16:26 - [TEST_STEP][PASSED] - setText(findTestObject("mobileSanity/Dental/app_page2/input__credit-card-last"), LastName): Text 'ZZ11-bTKWmozJ' is set on object 'Object Repository/mobileSanity/Dental/app_page2/input__credit-card-last'

2019-10-13 08:16:26 - [MESSAGE][PASSED] - Text 'ZZ11-bTKWmozJ' is set on object 'Object Repository/mobileSanity/Dental/app_page2/input__credit-card-last'

2019-10-13 08:16:26 - [TEST_STEP][PASSED] - selectOptionByValue(findTestObject("mobileSanity/Dental/app_page2/select_MM010203040506070809101"), "12", true): All options with value '12' are selected in object 'Object Repository/mobileSanity/Dental/app_page2/select_MM010203040506070809101'  using regular expression

2019-10-13 08:16:27 - [MESSAGE][PASSED] - All options with value '12' are selected in object 'Object Repository/mobileSanity/Dental/app_page2/select_MM010203040506070809101'  using regular expression

2019-10-13 08:16:27 - [TEST_STEP][PASSED] - selectOptionByValue(findTestObject("mobileSanity/Dental/app_page2/select_YYYY2019202020212022202"), "2026", true): All options with value '2026' are selected in object 'Object Repository/mobileSanity/Dental/app_page2/select_YYYY2019202020212022202'  using regular expression

2019-10-13 08:16:28 - [MESSAGE][PASSED] - All options with value '2026' are selected in object 'Object Repository/mobileSanity/Dental/app_page2/select_YYYY2019202020212022202'  using regular expression

2019-10-13 08:16:28 - [TEST_STEP][PASSED] - setText(findTestObject("mobileSanity/Dental/app_page2/input__credit-card-number"), "4111111111111111"): Text '4111111111111111' is set on object 'Object Repository/mobileSanity/Dental/app_page2/input__credit-card-number'

2019-10-13 08:16:28 - [MESSAGE][PASSED] - Text '4111111111111111' is set on object 'Object Repository/mobileSanity/Dental/app_page2/input__credit-card-number'

2019-10-13 08:16:28 - [TEST_STEP][PASSED] - setText(findTestObject("mobileSanity/Dental/app_page2/input__cvv"), "123"): Text '123' is set on object 'Object Repository/mobileSanity/Dental/app_page2/input__cvv'

2019-10-13 08:16:28 - [MESSAGE][PASSED] - Text '123' is set on object 'Object Repository/mobileSanity/Dental/app_page2/input__cvv'

2019-10-13 08:16:28 - [TEST_STEP][PASSED] - click(findTestObject("mobileSanity/Dental/app_page2/label_My billing address is th")): Object: 'Object Repository/mobileSanity/Dental/app_page2/label_My billing address is th' is clicked on

2019-10-13 08:16:28 - [MESSAGE][PASSED] - Object: 'Object Repository/mobileSanity/Dental/app_page2/label_My billing address is th' is clicked on

2019-10-13 08:16:28 - [TEST_STEP][PASSED] - click(findTestObject("mobileSanity/Dental/app_page2/label_I Accept Authorization f")): Object: 'Object Repository/mobileSanity/Dental/app_page2/label_I Accept Authorization f' is clicked on

2019-10-13 08:16:28 - [MESSAGE][PASSED] - Object: 'Object Repository/mobileSanity/Dental/app_page2/label_I Accept Authorization f' is clicked on

2019-10-13 08:16:28 - [TEST_STEP][PASSED] - click(findTestObject("mobileSanity/Dental/app_page2/a_Continue to Step 3 - Review")): Object: 'Object Repository/mobileSanity/Dental/app_page2/a_Continue to Step 3 - Review' is clicked on

2019-10-13 08:16:29 - [MESSAGE][PASSED] - Object: 'Object Repository/mobileSanity/Dental/app_page2/a_Continue to Step 3 - Review' is clicked on

2019-10-13 08:16:29 - [TEST_STEP][PASSED] - waitForPageLoad(20): Wait for page load successfully

2019-10-13 08:16:30 - [MESSAGE][PASSED] - Wait for page load successfully

2019-10-13 08:16:30 - [TEST_STEP][PASSED] - Thread.sleep(2000): null

2019-10-13 08:16:33 - [TEST_STEP][PASSED] - waitForElementClickable(findTestObject("mobileSanity/Dental/app_page3/label"), 20): Object 'Object Repository/mobileSanity/Dental/app_page3/label' is clickable

2019-10-13 08:16:41 - [MESSAGE][PASSED] - Object 'Object Repository/mobileSanity/Dental/app_page3/label' is clickable

2019-10-13 08:16:41 - [TEST_STEP][PASSED] - callTestCase(findTestCase("mobileWeb/_include/get_screenshot"), [:], STOP_ON_FAILURE): Call Test Case 'Test Cases/mobileWeb/_include/get_screenshot' successfully

2019-10-13 08:16:41 - [TEST_CASE][PASSED] - Test Cases/mobileWeb/_include/get_screenshot: Test Cases/mobileWeb/_include/get_screenshot

2019-10-13 08:16:42 - [TEST_STEP][PASSED] - takeScreenshot(screenPath + i + ".png"): Taking screenshot successfully

2019-10-13 08:16:42 - [MESSAGE][PASSED] - Taking screenshot successfully
[[ATTACHMENT|D:\\Test\\AgileTest\\Reports\\mobileWeb\\dental\\20191013_080159\\../Screenshots/iPhone 6/dental/USA Access/20191013_081252/9.png]]

2019-10-13 08:16:42 - [TEST_STEP][PASSED] - (internal.GlobalVariable.i++): null

2019-10-13 08:16:42 - [MESSAGE][PASSED] - Call Test Case 'Test Cases/mobileWeb/_include/get_screenshot' successfully

2019-10-13 08:16:42 - [TEST_STEP][PASSED] - click(findTestObject("mobileSanity/Dental/app_page3/label")): Object: 'Object Repository/mobileSanity/Dental/app_page3/label' is clicked on

2019-10-13 08:16:42 - [MESSAGE][PASSED] - Object: 'Object Repository/mobileSanity/Dental/app_page3/label' is clicked on

2019-10-13 08:16:42 - [TEST_STEP][PASSED] - click(findTestObject("mobileSanity/Dental/app_page3/p_CLICK TO SIGN")): Object: 'Object Repository/mobileSanity/Dental/app_page3/p_CLICK TO SIGN' is clicked on

2019-10-13 08:16:43 - [MESSAGE][PASSED] - Object: 'Object Repository/mobileSanity/Dental/app_page3/p_CLICK TO SIGN' is clicked on

2019-10-13 08:16:43 - [TEST_STEP][PASSED] - click(findTestObject("mobileSanity/Dental/app_page3/a_Submit Your Application")): Object: 'Object Repository/mobileSanity/Dental/app_page3/a_Submit Your Application' is clicked on

2019-10-13 08:16:43 - [MESSAGE][PASSED] - Object: 'Object Repository/mobileSanity/Dental/app_page3/a_Submit Your Application' is clicked on

2019-10-13 08:16:43 - [TEST_STEP][PASSED] - Thread.sleep(50000): null

2019-10-13 08:17:35 - [TEST_STEP][PASSED] - waitForElementPresent(findTestObject("mobileSanity/Dental/app_page4/js-app-confirmation"), 20): Object 'Object Repository/mobileSanity/Dental/app_page4/js-app-confirmation' is present

2019-10-13 08:17:38 - [MESSAGE][PASSED] - Object 'Object Repository/mobileSanity/Dental/app_page4/js-app-confirmation' is present

2019-10-13 08:17:38 - [TEST_STEP][PASSED] - callTestCase(findTestCase("mobileWeb/_include/get_screenshot"), [:], STOP_ON_FAILURE): Call Test Case 'Test Cases/mobileWeb/_include/get_screenshot' successfully

2019-10-13 08:17:38 - [TEST_CASE][PASSED] - Test Cases/mobileWeb/_include/get_screenshot: Test Cases/mobileWeb/_include/get_screenshot

2019-10-13 08:17:38 - [TEST_STEP][PASSED] - takeScreenshot(screenPath + i + ".png"): Taking screenshot successfully

2019-10-13 08:17:41 - [MESSAGE][PASSED] - Taking screenshot successfully
[[ATTACHMENT|D:\\Test\\AgileTest\\Reports\\mobileWeb\\dental\\20191013_080159\\../Screenshots/iPhone 6/dental/USA Access/20191013_081252/10.png]]

2019-10-13 08:17:41 - [TEST_STEP][PASSED] - (internal.GlobalVariable.i++): null

2019-10-13 08:17:42 - [MESSAGE][PASSED] - Call Test Case 'Test Cases/mobileWeb/_include/get_screenshot' successfully

2019-10-13 08:17:42 - [MESSAGE][PASSED] - Call Test Case 'Test Cases/mobileWeb/_include/goToEnd_dental' successfully]]></system-out>
         <system-err><![CDATA[]]></system-err>
      </testcase>
      <system-out><![CDATA[2019-10-13 08:02:23 - [TEST_SUITE][PASSED] - dental: Test Cases/mobileWeb/Dental/USA Access]]></system-out>
      <system-err><![CDATA[]]></system-err>
   </testsuite>
</testsuites>
