<?xml version="1.0" encoding="UTF-8"?>
<testsuites name="dental" time="203" tests="2" failures="0" errors="0">
   <testsuite name="dental" tests="2" failures="0" errors="0" time="203" timestamp="2019-08-06 06:06:32" hostname="Administrator - 172.30.0.53" id="Test Suites/mobileWeb/dental">
      <properties>
         <property name="deviceName" value=""/>
         <property name="devicePlatform" value=""/>
         <property name="logFolder" value="D:\\Test\\AgileTest\\Reports\\mobileWeb\\dental\\20190806_060627"/>
         <property name="logFiles" value="D:\\Test\\AgileTest\\Reports\\mobileWeb\\dental\\20190806_060627\\execution0.log"/>
         <property name="attachments" value="D:\\Test\\AgileTest\\Reports\\mobileWeb\\dental\\20190806_060627\\../Screenshots/iPhone X/dental/National General/standard/0.png, D:\\Test\\AgileTest\\Reports\\mobileWeb\\dental\\20190806_060627\\../Screenshots/iPhone X/dental/National General/standard/1.png, D:\\Test\\AgileTest\\Reports\\mobileWeb\\dental\\20190806_060627\\../Screenshots/iPhone X/dental/National General/standard/2.png, D:\\Test\\AgileTest\\Reports\\mobileWeb\\dental\\20190806_060627\\../Screenshots/iPhone X/dental/National General/standard/3.png, D:\\Test\\AgileTest\\Reports\\mobileWeb\\dental\\20190806_060627\\../Screenshots/iPhone X/dental/National General/standard/4.png, D:\\Test\\AgileTest\\Reports\\mobileWeb\\dental\\20190806_060627\\../Screenshots/iPhone X/dental/National General/standard/5.png, D:\\Test\\AgileTest\\Reports\\mobileWeb\\dental\\20190806_060627\\../Screenshots/iPhone X/dental/National General/standard/6.png, D:\\Test\\AgileTest\\Reports\\mobileWeb\\dental\\20190806_060627\\../Screenshots/iPhone X/dental/National General/standard/7.png, D:\\Test\\AgileTest\\Reports\\mobileWeb\\dental\\20190806_060627\\../Screenshots/iPhone X/dental/National General/standard/8.png, D:\\Test\\AgileTest\\Reports\\mobileWeb\\dental\\20190806_060627\\../Screenshots/iPhone X/dental/National General/standard/9.png, D:\\Test\\AgileTest\\Reports\\mobileWeb\\dental\\20190806_060627\\../Screenshots/iPhone X/dental/Nationwide/standard/0.png, D:\\Test\\AgileTest\\Reports\\mobileWeb\\dental\\20190806_060627\\../Screenshots/iPhone X/dental/Nationwide/standard/1.png, D:\\Test\\AgileTest\\Reports\\mobileWeb\\dental\\20190806_060627\\../Screenshots/iPhone X/dental/Nationwide/standard/2.png, D:\\Test\\AgileTest\\Reports\\mobileWeb\\dental\\20190806_060627\\../Screenshots/iPhone X/dental/Nationwide/standard/3.png, D:\\Test\\AgileTest\\Reports\\mobileWeb\\dental\\20190806_060627\\../Screenshots/iPhone X/dental/Nationwide/standard/4.png, D:\\Test\\AgileTest\\Reports\\mobileWeb\\dental\\20190806_060627\\../Screenshots/iPhone X/dental/Nationwide/standard/5.png, D:\\Test\\AgileTest\\Reports\\mobileWeb\\dental\\20190806_060627\\../Screenshots/iPhone X/dental/Nationwide/standard/6.png, D:\\Test\\AgileTest\\Reports\\mobileWeb\\dental\\20190806_060627\\../Screenshots/iPhone X/dental/Nationwide/standard/7.png, D:\\Test\\AgileTest\\Reports\\mobileWeb\\dental\\20190806_060627\\../Screenshots/iPhone X/dental/Nationwide/standard/8.png, D:\\Test\\AgileTest\\Reports\\mobileWeb\\dental\\20190806_060627\\../Screenshots/iPhone X/dental/Nationwide/standard/9.png"/>
         <property name="hostName" value="Administrator - 172.30.0.53"/>
         <property name="os" value="Windows Server 2012 R2 64bit"/>
         <property name="katalonVersion" value="5.10.1.1"/>
         <property name="browser" value="Safari 11"/>
         <property name="hostAddress" value="172.30.0.53"/>
         <property name="sessionId" value="df53f65bc079978ca6a2dff604cbcb55"/>
         <property name="seleniumVersion" value="3.7.1"/>
         <property name="proxyInformation" value="ProxyInformation{proxyOption=NO_PROXY, proxyServerType=HTTP, password=, proxyServerAddress=, proxyServerPort=0}"/>
         <property name="platform" value="Windows Server 2012 R2"/>
      </properties>
      <testcase name="Test Cases/mobileWeb/Dental/National General" classname="Test Cases/mobileWeb/Dental/National General" status="PASSED">
         <system-out><![CDATA[2019-08-06 06:06:32 - [TEST_CASE][PASSED] - Test Cases/mobileWeb/Dental/National General: Test Cases/mobileWeb/Dental/National General

2019-08-06 06:06:33 - [TEST_STEP][PASSED] - callTestCase(findTestCase("mobileWeb/_include/get_screenPath"), ["productLine":"dental", "carrierName":"National General"], CONTINUE_ON_FAILURE): Call Test Case 'Test Cases/mobileWeb/_include/get_screenPath' successfully

2019-08-06 06:06:33 - [TEST_CASE][PASSED] - Test Cases/mobileWeb/_include/get_screenPath: Test Cases/mobileWeb/_include/get_screenPath

2019-08-06 06:06:35 - [TEST_STEP][PASSED] - m = getExecutionProperties(): null

2019-08-06 06:06:35 - [TEST_STEP][PASSED] - deviceName = get("mobileEmulation").get("deviceName"): null

2019-08-06 06:06:35 - [TEST_STEP][PASSED] - println(deviceName): null

2019-08-06 06:06:35 - [TEST_STEP][PASSED] - now = new java.util.Date(): null

2019-08-06 06:06:35 - [TEST_STEP][PASSED] - mydate = now.format("yyyyMMdd_HHmmss"): null

2019-08-06 06:06:35 - [TEST_STEP][PASSED] - screenPath = "../Screenshots/": null

2019-08-06 06:06:35 - [TEST_STEP][PASSED] - screenPath = screenPath + deviceName + "/" + productLine + "/" + carrierName + "/" + "standard" + "/": null

2019-08-06 06:06:35 - [TEST_STEP][PASSED] - println(screenPath): null

2019-08-06 06:06:35 - [MESSAGE][PASSED] - Call Test Case 'Test Cases/mobileWeb/_include/get_screenPath' successfully

2019-08-06 06:06:35 - [TEST_STEP][PASSED] - callTestCase(findTestCase("mobileWeb/_include/openWebSite"), [:], STOP_ON_FAILURE): Call Test Case 'Test Cases/mobileWeb/_include/openWebSite' successfully

2019-08-06 06:06:35 - [TEST_CASE][PASSED] - Test Cases/mobileWeb/_include/openWebSite: Test Cases/mobileWeb/_include/openWebSite

2019-08-06 06:06:36 - [TEST_STEP][PASSED] - openBrowser(env): Browser is opened with url: 'https://praetemptatus.agilehealthinsurance.com'

2019-08-06 06:06:36 - [MESSAGE][INFO] - Starting 'Chrome' driver

2019-08-06 06:06:36 - [MESSAGE][INFO] - User set preference: ['mobileEmulation', '{deviceName=iPhone X}']

2019-08-06 06:06:36 - [MESSAGE][INFO] - User set preference: ['args', '[--incognito, --aggressive-cache-discard, --no-sandbox, --window-size=375,812]']

2019-08-06 06:06:36 - [MESSAGE][INFO] - Action delay is set to 0 seconds

2019-08-06 06:06:44 - [MESSAGE][PASSED] - Browser is opened with url: 'https://praetemptatus.agilehealthinsurance.com'

2019-08-06 06:06:44 - [TEST_STEP][PASSED] - waitForPageLoad(20): Wait for page load successfully

2019-08-06 06:06:44 - [MESSAGE][PASSED] - Wait for page load successfully

2019-08-06 06:06:44 - [TEST_STEP][PASSED] - callTestCase(findTestCase("mobileWeb/_include/get_screenshot"), [:], STOP_ON_FAILURE): Call Test Case 'Test Cases/mobileWeb/_include/get_screenshot' successfully

2019-08-06 06:06:44 - [TEST_CASE][PASSED] - Test Cases/mobileWeb/_include/get_screenshot: Test Cases/mobileWeb/_include/get_screenshot

2019-08-06 06:06:45 - [TEST_STEP][PASSED] - takeScreenshot(screenPath + i + ".png"): Taking screenshot successfully

2019-08-06 06:06:48 - [MESSAGE][PASSED] - Taking screenshot successfully
[[ATTACHMENT|D:\\Test\\AgileTest\\Reports\\mobileWeb\\dental\\20190806_060627\\../Screenshots/iPhone X/dental/National General/standard/0.png]]

2019-08-06 06:06:48 - [TEST_STEP][PASSED] - (internal.GlobalVariable.i++): null

2019-08-06 06:06:48 - [MESSAGE][PASSED] - Call Test Case 'Test Cases/mobileWeb/_include/get_screenshot' successfully

2019-08-06 06:06:48 - [MESSAGE][PASSED] - Call Test Case 'Test Cases/mobileWeb/_include/openWebSite' successfully

2019-08-06 06:06:48 - [TEST_STEP][PASSED] - callTestCase(findTestCase("mobileWeb/_include/census_dental"), ["zipcode":zipcode, "dob":"12/12/1980"], STOP_ON_FAILURE): Call Test Case 'Test Cases/mobileWeb/_include/census_dental' successfully

2019-08-06 06:06:48 - [TEST_CASE][PASSED] - Test Cases/mobileWeb/_include/census_dental: Test Cases/mobileWeb/_include/census_dental

2019-08-06 06:06:48 - [TEST_STEP][PASSED] - click(findTestObject("mobileSanity/Common/side_nav/menu")): Object: 'Object Repository/mobileSanity/Common/side_nav/menu' is clicked on

2019-08-06 06:06:48 - [MESSAGE][PASSED] - Object: 'Object Repository/mobileSanity/Common/side_nav/menu' is clicked on

2019-08-06 06:06:48 - [TEST_STEP][PASSED] - Thread.sleep(3000): null

2019-08-06 06:06:51 - [TEST_STEP][PASSED] - callTestCase(findTestCase("mobileWeb/_include/get_screenshot"), [:], STOP_ON_FAILURE): Call Test Case 'Test Cases/mobileWeb/_include/get_screenshot' successfully

2019-08-06 06:06:52 - [TEST_CASE][PASSED] - Test Cases/mobileWeb/_include/get_screenshot: Test Cases/mobileWeb/_include/get_screenshot

2019-08-06 06:06:52 - [TEST_STEP][PASSED] - takeScreenshot(screenPath + i + ".png"): Taking screenshot successfully

2019-08-06 06:06:52 - [MESSAGE][PASSED] - Taking screenshot successfully
[[ATTACHMENT|D:\\Test\\AgileTest\\Reports\\mobileWeb\\dental\\20190806_060627\\../Screenshots/iPhone X/dental/National General/standard/1.png]]

2019-08-06 06:06:52 - [TEST_STEP][PASSED] - (internal.GlobalVariable.i++): null

2019-08-06 06:06:52 - [MESSAGE][PASSED] - Call Test Case 'Test Cases/mobileWeb/_include/get_screenshot' successfully

2019-08-06 06:06:52 - [TEST_STEP][PASSED] - click(findTestObject("mobileSanity/Common/side_nav/nav_dental")): Object: 'Object Repository/mobileSanity/Common/side_nav/nav_dental' is clicked on

2019-08-06 06:06:53 - [MESSAGE][PASSED] - Object: 'Object Repository/mobileSanity/Common/side_nav/nav_dental' is clicked on

2019-08-06 06:06:53 - [TEST_STEP][PASSED] - waitForPageLoad(10): Wait for page load successfully

2019-08-06 06:06:53 - [MESSAGE][PASSED] - Wait for page load successfully

2019-08-06 06:06:53 - [TEST_STEP][PASSED] - callTestCase(findTestCase("mobileWeb/_include/get_screenshot"), [:], STOP_ON_FAILURE): Call Test Case 'Test Cases/mobileWeb/_include/get_screenshot' successfully

2019-08-06 06:06:53 - [TEST_CASE][PASSED] - Test Cases/mobileWeb/_include/get_screenshot: Test Cases/mobileWeb/_include/get_screenshot

2019-08-06 06:06:53 - [TEST_STEP][PASSED] - takeScreenshot(screenPath + i + ".png"): Taking screenshot successfully

2019-08-06 06:06:55 - [MESSAGE][PASSED] - Taking screenshot successfully
[[ATTACHMENT|D:\\Test\\AgileTest\\Reports\\mobileWeb\\dental\\20190806_060627\\../Screenshots/iPhone X/dental/National General/standard/2.png]]

2019-08-06 06:06:55 - [TEST_STEP][PASSED] - (internal.GlobalVariable.i++): null

2019-08-06 06:06:55 - [MESSAGE][PASSED] - Call Test Case 'Test Cases/mobileWeb/_include/get_screenshot' successfully

2019-08-06 06:06:55 - [TEST_STEP][PASSED] - sendKeys(findTestObject("mobileSanity/Dental/census/input_Location_zip-input"), zipcode): Keys '35215' sent to object: 'Object Repository/mobileSanity/Dental/census/input_Location_zip-input'

2019-08-06 06:06:55 - [MESSAGE][PASSED] - Keys '35215' sent to object: 'Object Repository/mobileSanity/Dental/census/input_Location_zip-input'

2019-08-06 06:06:55 - [TEST_STEP][PASSED] - Thread.sleep(500): null

2019-08-06 06:06:55 - [TEST_STEP][PASSED] - setText(findTestObject("mobileSanity/Dental/census/input_Date of Birth_dob-0"), "12121980"): Text '12121980' is set on object 'Object Repository/mobileSanity/Dental/census/input_Date of Birth_dob-0'

2019-08-06 06:06:56 - [MESSAGE][PASSED] - Text '12121980' is set on object 'Object Repository/mobileSanity/Dental/census/input_Date of Birth_dob-0'

2019-08-06 06:06:56 - [TEST_STEP][PASSED] - click(findTestObject("mobileSanity/Dental/census/label_Male")): Object: 'Object Repository/mobileSanity/Dental/census/label_Male' is clicked on

2019-08-06 06:06:56 - [MESSAGE][PASSED] - Object: 'Object Repository/mobileSanity/Dental/census/label_Male' is clicked on

2019-08-06 06:06:56 - [TEST_STEP][PASSED] - click(findTestObject("mobileSanity/Dental/census/label_Compare Dental Insurance")): Object: 'Object Repository/mobileSanity/Dental/census/label_Compare Dental Insurance' is clicked on

2019-08-06 06:06:57 - [MESSAGE][PASSED] - Object: 'Object Repository/mobileSanity/Dental/census/label_Compare Dental Insurance' is clicked on

2019-08-06 06:06:57 - [TEST_STEP][PASSED] - waitForPageLoad(10): Wait for page load successfully

2019-08-06 06:06:57 - [MESSAGE][PASSED] - Wait for page load successfully

2019-08-06 06:06:57 - [TEST_STEP][PASSED] - Thread.sleep(2000): null

2019-08-06 06:06:59 - [TEST_STEP][PASSED] - callTestCase(findTestCase("mobileWeb/_include/get_screenshot"), [:], STOP_ON_FAILURE): Call Test Case 'Test Cases/mobileWeb/_include/get_screenshot' successfully

2019-08-06 06:06:59 - [TEST_CASE][PASSED] - Test Cases/mobileWeb/_include/get_screenshot: Test Cases/mobileWeb/_include/get_screenshot

2019-08-06 06:06:59 - [TEST_STEP][PASSED] - takeScreenshot(screenPath + i + ".png"): Taking screenshot successfully

2019-08-06 06:07:00 - [MESSAGE][PASSED] - Taking screenshot successfully
[[ATTACHMENT|D:\\Test\\AgileTest\\Reports\\mobileWeb\\dental\\20190806_060627\\../Screenshots/iPhone X/dental/National General/standard/3.png]]

2019-08-06 06:07:00 - [TEST_STEP][PASSED] - (internal.GlobalVariable.i++): null

2019-08-06 06:07:00 - [MESSAGE][PASSED] - Call Test Case 'Test Cases/mobileWeb/_include/get_screenshot' successfully

2019-08-06 06:07:00 - [MESSAGE][PASSED] - Call Test Case 'Test Cases/mobileWeb/_include/census_dental' successfully

2019-08-06 06:07:00 - [TEST_STEP][PASSED] - click(findTestObject("mobileSanity/Dental/filter/btn_filter")): Object: 'Object Repository/mobileSanity/Dental/filter/btn_filter' is clicked on

2019-08-06 06:07:00 - [MESSAGE][PASSED] - Object: 'Object Repository/mobileSanity/Dental/filter/btn_filter' is clicked on

2019-08-06 06:07:00 - [TEST_STEP][PASSED] - waitForElementVisible(findTestObject("mobileSanity/Dental/filter/btn_company"), 10): Object 'Object Repository/mobileSanity/Dental/filter/btn_company' is visible

2019-08-06 06:07:00 - [MESSAGE][PASSED] - Object 'Object Repository/mobileSanity/Dental/filter/btn_company' is visible

2019-08-06 06:07:00 - [TEST_STEP][PASSED] - click(findTestObject("mobileSanity/Dental/filter/btn_company")): Object: 'Object Repository/mobileSanity/Dental/filter/btn_company' is clicked on

2019-08-06 06:07:00 - [MESSAGE][PASSED] - Object: 'Object Repository/mobileSanity/Dental/filter/btn_company' is clicked on

2019-08-06 06:07:00 - [TEST_STEP][PASSED] - Thread.sleep(2000): null

2019-08-06 06:07:02 - [TEST_STEP][PASSED] - click(findTestObject("mobileSanity/Dental/filter/btn_ng")): Object: 'Object Repository/mobileSanity/Dental/filter/btn_ng' is clicked on

2019-08-06 06:07:02 - [MESSAGE][PASSED] - Object: 'Object Repository/mobileSanity/Dental/filter/btn_ng' is clicked on

2019-08-06 06:07:02 - [TEST_STEP][PASSED] - waitForJQueryLoad(20, STOP_ON_FAILURE): jQuery is ready.

2019-08-06 06:07:03 - [MESSAGE][PASSED] - jQuery is ready.

2019-08-06 06:07:03 - [TEST_STEP][PASSED] - callTestCase(findTestCase("mobileWeb/_include/get_screenshot"), [:], STOP_ON_FAILURE): Call Test Case 'Test Cases/mobileWeb/_include/get_screenshot' successfully

2019-08-06 06:07:03 - [TEST_CASE][PASSED] - Test Cases/mobileWeb/_include/get_screenshot: Test Cases/mobileWeb/_include/get_screenshot

2019-08-06 06:07:03 - [TEST_STEP][PASSED] - takeScreenshot(screenPath + i + ".png"): Taking screenshot successfully

2019-08-06 06:07:04 - [MESSAGE][PASSED] - Taking screenshot successfully
[[ATTACHMENT|D:\\Test\\AgileTest\\Reports\\mobileWeb\\dental\\20190806_060627\\../Screenshots/iPhone X/dental/National General/standard/4.png]]

2019-08-06 06:07:04 - [TEST_STEP][PASSED] - (internal.GlobalVariable.i++): null

2019-08-06 06:07:04 - [MESSAGE][PASSED] - Call Test Case 'Test Cases/mobileWeb/_include/get_screenshot' successfully

2019-08-06 06:07:04 - [TEST_STEP][PASSED] - click(findTestObject("mobileSanity/Dental/filter/btn_filter")): Object: 'Object Repository/mobileSanity/Dental/filter/btn_filter' is clicked on

2019-08-06 06:07:04 - [MESSAGE][PASSED] - Object: 'Object Repository/mobileSanity/Dental/filter/btn_filter' is clicked on

2019-08-06 06:07:04 - [TEST_STEP][PASSED] - click(findTestObject("mobileSanity/Dental/quote/a_Select This Plan")): Object: 'Object Repository/mobileSanity/Dental/quote/a_Select This Plan' is clicked on

2019-08-06 06:07:04 - [MESSAGE][PASSED] - Object: 'Object Repository/mobileSanity/Dental/quote/a_Select This Plan' is clicked on

2019-08-06 06:07:04 - [TEST_STEP][PASSED] - waitForPageLoad(10): Wait for page load successfully

2019-08-06 06:07:05 - [MESSAGE][PASSED] - Wait for page load successfully

2019-08-06 06:07:05 - [TEST_STEP][PASSED] - callTestCase(findTestCase("mobileWeb/_include/get_screenshot"), [:], STOP_ON_FAILURE): Call Test Case 'Test Cases/mobileWeb/_include/get_screenshot' successfully

2019-08-06 06:07:05 - [TEST_CASE][PASSED] - Test Cases/mobileWeb/_include/get_screenshot: Test Cases/mobileWeb/_include/get_screenshot

2019-08-06 06:07:05 - [TEST_STEP][PASSED] - takeScreenshot(screenPath + i + ".png"): Taking screenshot successfully

2019-08-06 06:07:06 - [MESSAGE][PASSED] - Taking screenshot successfully
[[ATTACHMENT|D:\\Test\\AgileTest\\Reports\\mobileWeb\\dental\\20190806_060627\\../Screenshots/iPhone X/dental/National General/standard/5.png]]

2019-08-06 06:07:06 - [TEST_STEP][PASSED] - (internal.GlobalVariable.i++): null

2019-08-06 06:07:06 - [MESSAGE][PASSED] - Call Test Case 'Test Cases/mobileWeb/_include/get_screenshot' successfully

2019-08-06 06:07:06 - [TEST_STEP][PASSED] - click(findTestObject("mobileSanity/Dental/apply/span_Start Secure Application")): Object: 'Object Repository/mobileSanity/Dental/apply/span_Start Secure Application' is clicked on

2019-08-06 06:07:07 - [MESSAGE][PASSED] - Object: 'Object Repository/mobileSanity/Dental/apply/span_Start Secure Application' is clicked on

2019-08-06 06:07:07 - [TEST_STEP][PASSED] - waitForPageLoad(10): Wait for page load successfully

2019-08-06 06:07:08 - [MESSAGE][PASSED] - Wait for page load successfully

2019-08-06 06:07:08 - [TEST_STEP][PASSED] - Thread.sleep(2000): null

2019-08-06 06:07:10 - [TEST_STEP][PASSED] - callTestCase(findTestCase("mobileWeb/_include/get_screenshot"), [:], STOP_ON_FAILURE): Call Test Case 'Test Cases/mobileWeb/_include/get_screenshot' successfully

2019-08-06 06:07:10 - [TEST_CASE][PASSED] - Test Cases/mobileWeb/_include/get_screenshot: Test Cases/mobileWeb/_include/get_screenshot

2019-08-06 06:07:10 - [TEST_STEP][PASSED] - takeScreenshot(screenPath + i + ".png"): Taking screenshot successfully

2019-08-06 06:07:11 - [MESSAGE][PASSED] - Taking screenshot successfully
[[ATTACHMENT|D:\\Test\\AgileTest\\Reports\\mobileWeb\\dental\\20190806_060627\\../Screenshots/iPhone X/dental/National General/standard/6.png]]

2019-08-06 06:07:11 - [TEST_STEP][PASSED] - (internal.GlobalVariable.i++): null

2019-08-06 06:07:11 - [MESSAGE][PASSED] - Call Test Case 'Test Cases/mobileWeb/_include/get_screenshot' successfully

2019-08-06 06:07:11 - [TEST_STEP][PASSED] - callTestCase(findTestCase("mobileWeb/_include/goToEnd_dental"), ["carrier":"nationalgeneral"], CONTINUE_ON_FAILURE): Call Test Case 'Test Cases/mobileWeb/_include/goToEnd_dental' successfully

2019-08-06 06:07:11 - [TEST_CASE][PASSED] - Test Cases/mobileWeb/_include/goToEnd_dental: Test Cases/mobileWeb/_include/goToEnd_dental

2019-08-06 06:07:11 - [TEST_STEP][PASSED] - callTestCase(findTestCase("mobileWeb/_include/name"), [:], CONTINUE_ON_FAILURE): Call Test Case 'Test Cases/mobileWeb/_include/name' successfully

2019-08-06 06:07:11 - [TEST_CASE][PASSED] - Test Cases/mobileWeb/_include/name: Test Cases/mobileWeb/_include/name

2019-08-06 06:07:12 - [TEST_STEP][PASSED] - driver = getWebDriver(): null

2019-08-06 06:07:12 - [TEST_STEP][PASSED] - selenium = new com.thoughtworks.selenium.webdriven.WebDriverBackedSelenium(driver, internal.GlobalVariable.ENV): null

2019-08-06 06:07:12 - [TEST_STEP][PASSED] - FirstName = "Test-123": null

2019-08-06 06:07:12 - [TEST_STEP][PASSED] - LastName = selenium.getEval("{var x="ABCDEFGHIJKLMNOPQRSTUVWXYZabcdefghijklmnopqrstuvwxyz"; var tmp="ZZ11-"; for (i=0;i<8;i++) tmp+=x.charAt(Math.ceil(51*Math.random()));tmp;}"): null

2019-08-06 06:07:12 - [TEST_STEP][PASSED] - Address = selenium.getEval("{var x="ABCDEFGHIJKLMNOPQRSTUVWXYZabcdefghijklmnopqrstuvwxyz"; var tmp=""; for (i=0;i<8;i++) tmp+=x.charAt(Math.ceil(51*Math.random()));tmp;}"): null

2019-08-06 06:07:12 - [TEST_STEP][PASSED] - City = selenium.getEval("{var x="ABCDEFGHIJKLMNOPQRSTUVWXYZabcdefghijklmnopqrstuvwxyz"; var tmp=""; for (i=0;i<8;i++) tmp+=x.charAt(Math.ceil(51*Math.random()));tmp;}"): null

2019-08-06 06:07:12 - [TEST_STEP][PASSED] - tel1 = selenium.getEval("{var x="123456789"; var tmp=""; for (i=0;i<3;i++) tmp+=x.charAt(Math.ceil(8*Math.random()));tmp;}"): null

2019-08-06 06:07:12 - [TEST_STEP][PASSED] - tel2 = selenium.getEval("{var x="123456789"; var tmp=""; for (i=0;i<3;i++) tmp+=x.charAt(Math.ceil(8*Math.random()));tmp;}"): null

2019-08-06 06:07:12 - [TEST_STEP][PASSED] - tel3 = selenium.getEval("{var x="123456789"; var tmp=""; for (i=0;i<4;i++) tmp+=x.charAt(Math.ceil(8*Math.random()));tmp;}"): null

2019-08-06 06:07:12 - [TEST_STEP][PASSED] - Tel = selenium.getExpression(tel1 + "-" + tel2 + "-" + tel3): null

2019-08-06 06:07:12 - [TEST_STEP][PASSED] - AutoEmail = selenium.getEval("{var x="ABCDEFGHIJKLMNOPQRSTUVWXYZabcdefghijklmnopqrstuvwxyz"; var tmp="test."; for (i=0;i<8;i++) tmp+=x.charAt(Math.ceil(51*Math.random()));tmp+="@suryani.cn";}"): null

2019-08-06 06:07:12 - [TEST_STEP][PASSED] - FirstName = FirstName: null

2019-08-06 06:07:12 - [TEST_STEP][PASSED] - LastName = LastName: null

2019-08-06 06:07:12 - [TEST_STEP][PASSED] - Address = Address: null

2019-08-06 06:07:12 - [TEST_STEP][PASSED] - City = City: null

2019-08-06 06:07:12 - [TEST_STEP][PASSED] - Tel = Tel: null

2019-08-06 06:07:12 - [TEST_STEP][PASSED] - AutoEmail = AutoEmail: null

2019-08-06 06:07:12 - [TEST_STEP][PASSED] - println(FirstName): null

2019-08-06 06:07:12 - [TEST_STEP][PASSED] - println(LastName): null

2019-08-06 06:07:12 - [TEST_STEP][PASSED] - println(Address): null

2019-08-06 06:07:12 - [TEST_STEP][PASSED] - println(City): null

2019-08-06 06:07:12 - [TEST_STEP][PASSED] - println(Tel): null

2019-08-06 06:07:12 - [TEST_STEP][PASSED] - println(AutoEmail): null

2019-08-06 06:07:12 - [MESSAGE][PASSED] - Call Test Case 'Test Cases/mobileWeb/_include/name' successfully

2019-08-06 06:07:12 - [TEST_STEP][PASSED] - Thread.sleep(3000): null

2019-08-06 06:07:15 - [TEST_STEP][PASSED] - setText(findTestObject("mobileSanity/Dental/app_page1/input__member-P-1-firstName"), FirstName): Text 'Test-123' is set on object 'Object Repository/mobileSanity/Dental/app_page1/input__member-P-1-firstName'

2019-08-06 06:07:15 - [MESSAGE][PASSED] - Text 'Test-123' is set on object 'Object Repository/mobileSanity/Dental/app_page1/input__member-P-1-firstName'

2019-08-06 06:07:15 - [TEST_STEP][PASSED] - setText(findTestObject("mobileSanity/Dental/app_page1/input__member-P-1-lastName"), LastName): Text 'ZZ11-OmKzMWlp' is set on object 'Object Repository/mobileSanity/Dental/app_page1/input__member-P-1-lastName'

2019-08-06 06:07:15 - [MESSAGE][PASSED] - Text 'ZZ11-OmKzMWlp' is set on object 'Object Repository/mobileSanity/Dental/app_page1/input__member-P-1-lastName'

2019-08-06 06:07:15 - [TEST_STEP][PASSED] - setText(findTestObject("mobileSanity/Dental/app_page1/input__address"), Address): Text 'eSFnkOrk' is set on object 'Object Repository/mobileSanity/Dental/app_page1/input__address'

2019-08-06 06:07:15 - [MESSAGE][PASSED] - Text 'eSFnkOrk' is set on object 'Object Repository/mobileSanity/Dental/app_page1/input__address'

2019-08-06 06:07:15 - [TEST_STEP][PASSED] - setText(findTestObject("mobileSanity/Dental/app_page1/input__city"), City): Text 'sKSDDQTB' is set on object 'Object Repository/mobileSanity/Dental/app_page1/input__city'

2019-08-06 06:07:15 - [MESSAGE][PASSED] - Text 'sKSDDQTB' is set on object 'Object Repository/mobileSanity/Dental/app_page1/input__city'

2019-08-06 06:07:15 - [TEST_STEP][PASSED] - setText(findTestObject("mobileSanity/Dental/app_page1/input__email"), AutoEmail): Text 'test.eBOZpyIR@suryani.cn' is set on object 'Object Repository/mobileSanity/Dental/app_page1/input__email'

2019-08-06 06:07:16 - [MESSAGE][PASSED] - Text 'test.eBOZpyIR@suryani.cn' is set on object 'Object Repository/mobileSanity/Dental/app_page1/input__email'

2019-08-06 06:07:16 - [TEST_STEP][PASSED] - setText(findTestObject("mobileSanity/Dental/app_page1/input_phone"), Tel): Text '496-932-7789' is set on object 'Object Repository/mobileSanity/Dental/app_page1/input_phone'

2019-08-06 06:07:16 - [MESSAGE][PASSED] - Text '496-932-7789' is set on object 'Object Repository/mobileSanity/Dental/app_page1/input_phone'

2019-08-06 06:07:16 - [TEST_STEP][PASSED] - click(findTestObject("mobileSanity/Dental/app_page1/a_Continue to Step 2 - Payment")): Object: 'Object Repository/mobileSanity/Dental/app_page1/a_Continue to Step 2 - Payment' is clicked on

2019-08-06 06:07:16 - [MESSAGE][PASSED] - Object: 'Object Repository/mobileSanity/Dental/app_page1/a_Continue to Step 2 - Payment' is clicked on

2019-08-06 06:07:16 - [TEST_STEP][PASSED] - waitForPageLoad(10): Wait for page load successfully

2019-08-06 06:07:16 - [MESSAGE][PASSED] - Wait for page load successfully

2019-08-06 06:07:16 - [TEST_STEP][PASSED] - Thread.sleep(2000): null

2019-08-06 06:07:18 - [TEST_STEP][PASSED] - callTestCase(findTestCase("mobileWeb/_include/get_screenshot"), [:], STOP_ON_FAILURE): Call Test Case 'Test Cases/mobileWeb/_include/get_screenshot' successfully

2019-08-06 06:07:18 - [TEST_CASE][PASSED] - Test Cases/mobileWeb/_include/get_screenshot: Test Cases/mobileWeb/_include/get_screenshot

2019-08-06 06:07:18 - [TEST_STEP][PASSED] - takeScreenshot(screenPath + i + ".png"): Taking screenshot successfully

2019-08-06 06:07:19 - [MESSAGE][PASSED] - Taking screenshot successfully
[[ATTACHMENT|D:\\Test\\AgileTest\\Reports\\mobileWeb\\dental\\20190806_060627\\../Screenshots/iPhone X/dental/National General/standard/7.png]]

2019-08-06 06:07:19 - [TEST_STEP][PASSED] - (internal.GlobalVariable.i++): null

2019-08-06 06:07:19 - [MESSAGE][PASSED] - Call Test Case 'Test Cases/mobileWeb/_include/get_screenshot' successfully

2019-08-06 06:07:19 - [TEST_STEP][PASSED] - if (carrier == "usa"): null

2019-08-06 06:07:19 - [TEST_STEP][PASSED] - setText(findTestObject("mobileSanity/Dental/app_page2/input__credit-card-first"), FirstName): Text 'Test-123' is set on object 'Object Repository/mobileSanity/Dental/app_page2/input__credit-card-first'

2019-08-06 06:07:19 - [MESSAGE][PASSED] - Text 'Test-123' is set on object 'Object Repository/mobileSanity/Dental/app_page2/input__credit-card-first'

2019-08-06 06:07:19 - [TEST_STEP][PASSED] - setText(findTestObject("mobileSanity/Dental/app_page2/input__credit-card-last"), LastName): Text 'ZZ11-OmKzMWlp' is set on object 'Object Repository/mobileSanity/Dental/app_page2/input__credit-card-last'

2019-08-06 06:07:19 - [MESSAGE][PASSED] - Text 'ZZ11-OmKzMWlp' is set on object 'Object Repository/mobileSanity/Dental/app_page2/input__credit-card-last'

2019-08-06 06:07:19 - [TEST_STEP][PASSED] - selectOptionByValue(findTestObject("mobileSanity/Dental/app_page2/select_MM010203040506070809101"), "12", true): All options with value '12' are selected in object 'Object Repository/mobileSanity/Dental/app_page2/select_MM010203040506070809101'  using regular expression

2019-08-06 06:07:19 - [MESSAGE][PASSED] - All options with value '12' are selected in object 'Object Repository/mobileSanity/Dental/app_page2/select_MM010203040506070809101'  using regular expression

2019-08-06 06:07:19 - [TEST_STEP][PASSED] - selectOptionByValue(findTestObject("mobileSanity/Dental/app_page2/select_YYYY2019202020212022202"), "2026", true): All options with value '2026' are selected in object 'Object Repository/mobileSanity/Dental/app_page2/select_YYYY2019202020212022202'  using regular expression

2019-08-06 06:07:20 - [MESSAGE][PASSED] - All options with value '2026' are selected in object 'Object Repository/mobileSanity/Dental/app_page2/select_YYYY2019202020212022202'  using regular expression

2019-08-06 06:07:20 - [TEST_STEP][PASSED] - setText(findTestObject("mobileSanity/Dental/app_page2/input__credit-card-number"), "4111111111111111"): Text '4111111111111111' is set on object 'Object Repository/mobileSanity/Dental/app_page2/input__credit-card-number'

2019-08-06 06:07:20 - [MESSAGE][PASSED] - Text '4111111111111111' is set on object 'Object Repository/mobileSanity/Dental/app_page2/input__credit-card-number'

2019-08-06 06:07:20 - [TEST_STEP][PASSED] - setText(findTestObject("mobileSanity/Dental/app_page2/input__cvv"), "123"): Text '123' is set on object 'Object Repository/mobileSanity/Dental/app_page2/input__cvv'

2019-08-06 06:07:20 - [MESSAGE][PASSED] - Text '123' is set on object 'Object Repository/mobileSanity/Dental/app_page2/input__cvv'

2019-08-06 06:07:20 - [TEST_STEP][PASSED] - click(findTestObject("mobileSanity/Dental/app_page2/label_My billing address is th")): Object: 'Object Repository/mobileSanity/Dental/app_page2/label_My billing address is th' is clicked on

2019-08-06 06:07:20 - [MESSAGE][PASSED] - Object: 'Object Repository/mobileSanity/Dental/app_page2/label_My billing address is th' is clicked on

2019-08-06 06:07:20 - [TEST_STEP][PASSED] - click(findTestObject("mobileSanity/Dental/app_page2/label_I Accept Authorization f")): Object: 'Object Repository/mobileSanity/Dental/app_page2/label_I Accept Authorization f' is clicked on

2019-08-06 06:07:20 - [MESSAGE][PASSED] - Object: 'Object Repository/mobileSanity/Dental/app_page2/label_I Accept Authorization f' is clicked on

2019-08-06 06:07:20 - [TEST_STEP][PASSED] - click(findTestObject("mobileSanity/Dental/app_page2/a_Continue to Step 3 - Review")): Object: 'Object Repository/mobileSanity/Dental/app_page2/a_Continue to Step 3 - Review' is clicked on

2019-08-06 06:07:20 - [MESSAGE][PASSED] - Object: 'Object Repository/mobileSanity/Dental/app_page2/a_Continue to Step 3 - Review' is clicked on

2019-08-06 06:07:20 - [TEST_STEP][PASSED] - waitForPageLoad(10): Wait for page load successfully

2019-08-06 06:07:20 - [MESSAGE][PASSED] - Wait for page load successfully

2019-08-06 06:07:20 - [TEST_STEP][PASSED] - Thread.sleep(2000): null

2019-08-06 06:07:22 - [TEST_STEP][PASSED] - callTestCase(findTestCase("mobileWeb/_include/get_screenshot"), [:], STOP_ON_FAILURE): Call Test Case 'Test Cases/mobileWeb/_include/get_screenshot' successfully

2019-08-06 06:07:22 - [TEST_CASE][PASSED] - Test Cases/mobileWeb/_include/get_screenshot: Test Cases/mobileWeb/_include/get_screenshot

2019-08-06 06:07:22 - [TEST_STEP][PASSED] - takeScreenshot(screenPath + i + ".png"): Taking screenshot successfully

2019-08-06 06:07:23 - [MESSAGE][PASSED] - Taking screenshot successfully
[[ATTACHMENT|D:\\Test\\AgileTest\\Reports\\mobileWeb\\dental\\20190806_060627\\../Screenshots/iPhone X/dental/National General/standard/8.png]]

2019-08-06 06:07:23 - [TEST_STEP][PASSED] - (internal.GlobalVariable.i++): null

2019-08-06 06:07:23 - [MESSAGE][PASSED] - Call Test Case 'Test Cases/mobileWeb/_include/get_screenshot' successfully

2019-08-06 06:07:23 - [TEST_STEP][PASSED] - click(findTestObject("mobileSanity/Dental/app_page3/label")): Object: 'Object Repository/mobileSanity/Dental/app_page3/label' is clicked on

2019-08-06 06:07:23 - [MESSAGE][PASSED] - Object: 'Object Repository/mobileSanity/Dental/app_page3/label' is clicked on

2019-08-06 06:07:23 - [TEST_STEP][PASSED] - click(findTestObject("mobileSanity/Dental/app_page3/p_CLICK TO SIGN")): Object: 'Object Repository/mobileSanity/Dental/app_page3/p_CLICK TO SIGN' is clicked on

2019-08-06 06:07:23 - [MESSAGE][PASSED] - Object: 'Object Repository/mobileSanity/Dental/app_page3/p_CLICK TO SIGN' is clicked on

2019-08-06 06:07:23 - [TEST_STEP][PASSED] - click(findTestObject("mobileSanity/Dental/app_page3/a_Submit Your Application")): Object: 'Object Repository/mobileSanity/Dental/app_page3/a_Submit Your Application' is clicked on

2019-08-06 06:07:23 - [MESSAGE][PASSED] - Object: 'Object Repository/mobileSanity/Dental/app_page3/a_Submit Your Application' is clicked on

2019-08-06 06:07:23 - [TEST_STEP][PASSED] - Thread.sleep(50000): null

2019-08-06 06:08:13 - [TEST_STEP][PASSED] - callTestCase(findTestCase("mobileWeb/_include/get_screenshot"), [:], STOP_ON_FAILURE): Call Test Case 'Test Cases/mobileWeb/_include/get_screenshot' successfully

2019-08-06 06:08:13 - [TEST_CASE][PASSED] - Test Cases/mobileWeb/_include/get_screenshot: Test Cases/mobileWeb/_include/get_screenshot

2019-08-06 06:08:13 - [TEST_STEP][PASSED] - takeScreenshot(screenPath + i + ".png"): Taking screenshot successfully

2019-08-06 06:08:14 - [MESSAGE][PASSED] - Taking screenshot successfully
[[ATTACHMENT|D:\\Test\\AgileTest\\Reports\\mobileWeb\\dental\\20190806_060627\\../Screenshots/iPhone X/dental/National General/standard/9.png]]

2019-08-06 06:08:14 - [TEST_STEP][PASSED] - (internal.GlobalVariable.i++): null

2019-08-06 06:08:14 - [MESSAGE][PASSED] - Call Test Case 'Test Cases/mobileWeb/_include/get_screenshot' successfully

2019-08-06 06:08:14 - [TEST_STEP][PASSED] - verifyTextPresent("Congratulations", false): Text 'Congratulations' is present on page 

2019-08-06 06:08:14 - [MESSAGE][PASSED] - Text 'Congratulations' is present on page 

2019-08-06 06:08:14 - [MESSAGE][PASSED] - Call Test Case 'Test Cases/mobileWeb/_include/goToEnd_dental' successfully]]></system-out>
         <system-err><![CDATA[]]></system-err>
      </testcase>
      <testcase name="Test Cases/mobileWeb/Dental/Nationwide" classname="Test Cases/mobileWeb/Dental/Nationwide" status="PASSED">
         <system-out><![CDATA[2019-08-06 06:08:14 - [TEST_CASE][PASSED] - Test Cases/mobileWeb/Dental/Nationwide: Test Cases/mobileWeb/Dental/Nationwide

2019-08-06 06:08:14 - [TEST_STEP][PASSED] - callTestCase(findTestCase("mobileWeb/_include/get_screenPath"), ["productLine":"dental", "carrierName":"Nationwide"], CONTINUE_ON_FAILURE): Call Test Case 'Test Cases/mobileWeb/_include/get_screenPath' successfully

2019-08-06 06:08:14 - [TEST_CASE][PASSED] - Test Cases/mobileWeb/_include/get_screenPath: Test Cases/mobileWeb/_include/get_screenPath

2019-08-06 06:08:14 - [TEST_STEP][PASSED] - m = getExecutionProperties(): null

2019-08-06 06:08:14 - [TEST_STEP][PASSED] - deviceName = get("mobileEmulation").get("deviceName"): null

2019-08-06 06:08:14 - [TEST_STEP][PASSED] - println(deviceName): null

2019-08-06 06:08:14 - [TEST_STEP][PASSED] - now = new java.util.Date(): null

2019-08-06 06:08:14 - [TEST_STEP][PASSED] - mydate = now.format("yyyyMMdd_HHmmss"): null

2019-08-06 06:08:14 - [TEST_STEP][PASSED] - screenPath = "../Screenshots/": null

2019-08-06 06:08:14 - [TEST_STEP][PASSED] - screenPath = screenPath + deviceName + "/" + productLine + "/" + carrierName + "/" + "standard" + "/": null

2019-08-06 06:08:14 - [TEST_STEP][PASSED] - println(screenPath): null

2019-08-06 06:08:14 - [MESSAGE][PASSED] - Call Test Case 'Test Cases/mobileWeb/_include/get_screenPath' successfully

2019-08-06 06:08:14 - [TEST_STEP][PASSED] - i = 0: null

2019-08-06 06:08:14 - [TEST_STEP][PASSED] - callTestCase(findTestCase("mobileWeb/_include/openWebSite"), [:], STOP_ON_FAILURE): Call Test Case 'Test Cases/mobileWeb/_include/openWebSite' successfully

2019-08-06 06:08:14 - [TEST_CASE][PASSED] - Test Cases/mobileWeb/_include/openWebSite: Test Cases/mobileWeb/_include/openWebSite

2019-08-06 06:08:14 - [TEST_STEP][PASSED] - openBrowser(env): Browser is opened with url: 'https://praetemptatus.agilehealthinsurance.com'

2019-08-06 06:08:14 - [MESSAGE][WARNING] - A browser is already opened. Closing browser and opening a new one

2019-08-06 06:08:15 - [MESSAGE][INFO] - Starting 'Chrome' driver

2019-08-06 06:08:15 - [MESSAGE][INFO] - User set preference: ['mobileEmulation', '{deviceName=iPhone X}']

2019-08-06 06:08:15 - [MESSAGE][INFO] - User set preference: ['args', '[--incognito, --aggressive-cache-discard, --no-sandbox, --window-size=375,812]']

2019-08-06 06:08:18 - [MESSAGE][PASSED] - Browser is opened with url: 'https://praetemptatus.agilehealthinsurance.com'

2019-08-06 06:08:18 - [TEST_STEP][PASSED] - waitForPageLoad(20): Wait for page load successfully

2019-08-06 06:08:18 - [MESSAGE][PASSED] - Wait for page load successfully

2019-08-06 06:08:18 - [TEST_STEP][PASSED] - callTestCase(findTestCase("mobileWeb/_include/get_screenshot"), [:], STOP_ON_FAILURE): Call Test Case 'Test Cases/mobileWeb/_include/get_screenshot' successfully

2019-08-06 06:08:18 - [TEST_CASE][PASSED] - Test Cases/mobileWeb/_include/get_screenshot: Test Cases/mobileWeb/_include/get_screenshot

2019-08-06 06:08:18 - [TEST_STEP][PASSED] - takeScreenshot(screenPath + i + ".png"): Taking screenshot successfully

2019-08-06 06:08:19 - [MESSAGE][PASSED] - Taking screenshot successfully
[[ATTACHMENT|D:\\Test\\AgileTest\\Reports\\mobileWeb\\dental\\20190806_060627\\../Screenshots/iPhone X/dental/Nationwide/standard/0.png]]

2019-08-06 06:08:19 - [TEST_STEP][PASSED] - (internal.GlobalVariable.i++): null

2019-08-06 06:08:19 - [MESSAGE][PASSED] - Call Test Case 'Test Cases/mobileWeb/_include/get_screenshot' successfully

2019-08-06 06:08:19 - [MESSAGE][PASSED] - Call Test Case 'Test Cases/mobileWeb/_include/openWebSite' successfully

2019-08-06 06:08:19 - [TEST_STEP][PASSED] - callTestCase(findTestCase("mobileWeb/_include/census_dental"), [:], STOP_ON_FAILURE): Call Test Case 'Test Cases/mobileWeb/_include/census_dental' successfully

2019-08-06 06:08:19 - [TEST_CASE][PASSED] - Test Cases/mobileWeb/_include/census_dental: Test Cases/mobileWeb/_include/census_dental

2019-08-06 06:08:19 - [TEST_STEP][PASSED] - click(findTestObject("mobileSanity/Common/side_nav/menu")): Object: 'Object Repository/mobileSanity/Common/side_nav/menu' is clicked on

2019-08-06 06:08:20 - [MESSAGE][PASSED] - Object: 'Object Repository/mobileSanity/Common/side_nav/menu' is clicked on

2019-08-06 06:08:20 - [TEST_STEP][PASSED] - Thread.sleep(3000): null

2019-08-06 06:08:23 - [TEST_STEP][PASSED] - callTestCase(findTestCase("mobileWeb/_include/get_screenshot"), [:], STOP_ON_FAILURE): Call Test Case 'Test Cases/mobileWeb/_include/get_screenshot' successfully

2019-08-06 06:08:23 - [TEST_CASE][PASSED] - Test Cases/mobileWeb/_include/get_screenshot: Test Cases/mobileWeb/_include/get_screenshot

2019-08-06 06:08:23 - [TEST_STEP][PASSED] - takeScreenshot(screenPath + i + ".png"): Taking screenshot successfully

2019-08-06 06:08:24 - [MESSAGE][PASSED] - Taking screenshot successfully
[[ATTACHMENT|D:\\Test\\AgileTest\\Reports\\mobileWeb\\dental\\20190806_060627\\../Screenshots/iPhone X/dental/Nationwide/standard/1.png]]

2019-08-06 06:08:24 - [TEST_STEP][PASSED] - (internal.GlobalVariable.i++): null

2019-08-06 06:08:24 - [MESSAGE][PASSED] - Call Test Case 'Test Cases/mobileWeb/_include/get_screenshot' successfully

2019-08-06 06:08:24 - [TEST_STEP][PASSED] - click(findTestObject("mobileSanity/Common/side_nav/nav_dental")): Object: 'Object Repository/mobileSanity/Common/side_nav/nav_dental' is clicked on

2019-08-06 06:08:25 - [MESSAGE][PASSED] - Object: 'Object Repository/mobileSanity/Common/side_nav/nav_dental' is clicked on

2019-08-06 06:08:25 - [TEST_STEP][PASSED] - waitForPageLoad(10): Wait for page load successfully

2019-08-06 06:08:26 - [MESSAGE][PASSED] - Wait for page load successfully

2019-08-06 06:08:26 - [TEST_STEP][PASSED] - callTestCase(findTestCase("mobileWeb/_include/get_screenshot"), [:], STOP_ON_FAILURE): Call Test Case 'Test Cases/mobileWeb/_include/get_screenshot' successfully

2019-08-06 06:08:26 - [TEST_CASE][PASSED] - Test Cases/mobileWeb/_include/get_screenshot: Test Cases/mobileWeb/_include/get_screenshot

2019-08-06 06:08:26 - [TEST_STEP][PASSED] - takeScreenshot(screenPath + i + ".png"): Taking screenshot successfully

2019-08-06 06:08:27 - [MESSAGE][PASSED] - Taking screenshot successfully
[[ATTACHMENT|D:\\Test\\AgileTest\\Reports\\mobileWeb\\dental\\20190806_060627\\../Screenshots/iPhone X/dental/Nationwide/standard/2.png]]

2019-08-06 06:08:27 - [TEST_STEP][PASSED] - (internal.GlobalVariable.i++): null

2019-08-06 06:08:27 - [MESSAGE][PASSED] - Call Test Case 'Test Cases/mobileWeb/_include/get_screenshot' successfully

2019-08-06 06:08:27 - [TEST_STEP][PASSED] - sendKeys(findTestObject("mobileSanity/Dental/census/input_Location_zip-input"), zipcode): Keys '35215' sent to object: 'Object Repository/mobileSanity/Dental/census/input_Location_zip-input'

2019-08-06 06:08:28 - [MESSAGE][PASSED] - Keys '35215' sent to object: 'Object Repository/mobileSanity/Dental/census/input_Location_zip-input'

2019-08-06 06:08:28 - [TEST_STEP][PASSED] - Thread.sleep(500): null

2019-08-06 06:08:29 - [TEST_STEP][PASSED] - setText(findTestObject("mobileSanity/Dental/census/input_Date of Birth_dob-0"), "12121980"): Text '12121980' is set on object 'Object Repository/mobileSanity/Dental/census/input_Date of Birth_dob-0'

2019-08-06 06:08:29 - [MESSAGE][PASSED] - Text '12121980' is set on object 'Object Repository/mobileSanity/Dental/census/input_Date of Birth_dob-0'

2019-08-06 06:08:29 - [TEST_STEP][PASSED] - click(findTestObject("mobileSanity/Dental/census/label_Male")): Object: 'Object Repository/mobileSanity/Dental/census/label_Male' is clicked on

2019-08-06 06:08:29 - [MESSAGE][PASSED] - Object: 'Object Repository/mobileSanity/Dental/census/label_Male' is clicked on

2019-08-06 06:08:29 - [TEST_STEP][PASSED] - click(findTestObject("mobileSanity/Dental/census/label_Compare Dental Insurance")): Object: 'Object Repository/mobileSanity/Dental/census/label_Compare Dental Insurance' is clicked on

2019-08-06 06:08:31 - [MESSAGE][PASSED] - Object: 'Object Repository/mobileSanity/Dental/census/label_Compare Dental Insurance' is clicked on

2019-08-06 06:08:31 - [TEST_STEP][PASSED] - waitForPageLoad(10): Wait for page load successfully

2019-08-06 06:08:32 - [MESSAGE][PASSED] - Wait for page load successfully

2019-08-06 06:08:32 - [TEST_STEP][PASSED] - Thread.sleep(2000): null

2019-08-06 06:08:34 - [TEST_STEP][PASSED] - callTestCase(findTestCase("mobileWeb/_include/get_screenshot"), [:], STOP_ON_FAILURE): Call Test Case 'Test Cases/mobileWeb/_include/get_screenshot' successfully

2019-08-06 06:08:34 - [TEST_CASE][PASSED] - Test Cases/mobileWeb/_include/get_screenshot: Test Cases/mobileWeb/_include/get_screenshot

2019-08-06 06:08:34 - [TEST_STEP][PASSED] - takeScreenshot(screenPath + i + ".png"): Taking screenshot successfully

2019-08-06 06:08:34 - [MESSAGE][PASSED] - Taking screenshot successfully
[[ATTACHMENT|D:\\Test\\AgileTest\\Reports\\mobileWeb\\dental\\20190806_060627\\../Screenshots/iPhone X/dental/Nationwide/standard/3.png]]

2019-08-06 06:08:34 - [TEST_STEP][PASSED] - (internal.GlobalVariable.i++): null

2019-08-06 06:08:34 - [MESSAGE][PASSED] - Call Test Case 'Test Cases/mobileWeb/_include/get_screenshot' successfully

2019-08-06 06:08:34 - [MESSAGE][PASSED] - Call Test Case 'Test Cases/mobileWeb/_include/census_dental' successfully

2019-08-06 06:08:34 - [TEST_STEP][PASSED] - click(findTestObject("mobileSanity/Dental/filter/btn_filter")): Object: 'Object Repository/mobileSanity/Dental/filter/btn_filter' is clicked on

2019-08-06 06:08:35 - [MESSAGE][PASSED] - Object: 'Object Repository/mobileSanity/Dental/filter/btn_filter' is clicked on

2019-08-06 06:08:35 - [TEST_STEP][PASSED] - Thread.sleep(1000): null

2019-08-06 06:08:36 - [TEST_STEP][PASSED] - waitForElementVisible(findTestObject("mobileSanity/Dental/filter/btn_company"), 10): Object 'Object Repository/mobileSanity/Dental/filter/btn_company' is visible

2019-08-06 06:08:36 - [MESSAGE][PASSED] - Object 'Object Repository/mobileSanity/Dental/filter/btn_company' is visible

2019-08-06 06:08:36 - [TEST_STEP][PASSED] - click(findTestObject("mobileSanity/Dental/filter/btn_company")): Object: 'Object Repository/mobileSanity/Dental/filter/btn_company' is clicked on

2019-08-06 06:08:36 - [MESSAGE][PASSED] - Object: 'Object Repository/mobileSanity/Dental/filter/btn_company' is clicked on

2019-08-06 06:08:36 - [TEST_STEP][PASSED] - Thread.sleep(2000): null

2019-08-06 06:08:38 - [TEST_STEP][PASSED] - click(findTestObject("mobileSanity/Dental/filter/btn_nationwide")): Object: 'Object Repository/mobileSanity/Dental/filter/btn_nationwide' is clicked on

2019-08-06 06:08:38 - [MESSAGE][PASSED] - Object: 'Object Repository/mobileSanity/Dental/filter/btn_nationwide' is clicked on

2019-08-06 06:08:38 - [TEST_STEP][PASSED] - waitForJQueryLoad(20, STOP_ON_FAILURE): jQuery is ready.

2019-08-06 06:08:38 - [MESSAGE][PASSED] - jQuery is ready.

2019-08-06 06:08:38 - [TEST_STEP][PASSED] - callTestCase(findTestCase("mobileWeb/_include/get_screenshot"), [:], STOP_ON_FAILURE): Call Test Case 'Test Cases/mobileWeb/_include/get_screenshot' successfully

2019-08-06 06:08:38 - [TEST_CASE][PASSED] - Test Cases/mobileWeb/_include/get_screenshot: Test Cases/mobileWeb/_include/get_screenshot

2019-08-06 06:08:38 - [TEST_STEP][PASSED] - takeScreenshot(screenPath + i + ".png"): Taking screenshot successfully

2019-08-06 06:08:39 - [MESSAGE][PASSED] - Taking screenshot successfully
[[ATTACHMENT|D:\\Test\\AgileTest\\Reports\\mobileWeb\\dental\\20190806_060627\\../Screenshots/iPhone X/dental/Nationwide/standard/4.png]]

2019-08-06 06:08:39 - [TEST_STEP][PASSED] - (internal.GlobalVariable.i++): null

2019-08-06 06:08:39 - [MESSAGE][PASSED] - Call Test Case 'Test Cases/mobileWeb/_include/get_screenshot' successfully

2019-08-06 06:08:39 - [TEST_STEP][PASSED] - click(findTestObject("mobileSanity/Dental/filter/btn_filter")): Object: 'Object Repository/mobileSanity/Dental/filter/btn_filter' is clicked on

2019-08-06 06:08:39 - [MESSAGE][PASSED] - Object: 'Object Repository/mobileSanity/Dental/filter/btn_filter' is clicked on

2019-08-06 06:08:39 - [TEST_STEP][PASSED] - click(findTestObject("mobileSanity/Dental/quote/a_Select This Plan")): Object: 'Object Repository/mobileSanity/Dental/quote/a_Select This Plan' is clicked on

2019-08-06 06:08:40 - [MESSAGE][PASSED] - Object: 'Object Repository/mobileSanity/Dental/quote/a_Select This Plan' is clicked on

2019-08-06 06:08:40 - [TEST_STEP][PASSED] - waitForPageLoad(10): Wait for page load successfully

2019-08-06 06:08:40 - [MESSAGE][PASSED] - Wait for page load successfully

2019-08-06 06:08:40 - [TEST_STEP][PASSED] - callTestCase(findTestCase("mobileWeb/_include/get_screenshot"), [:], STOP_ON_FAILURE): Call Test Case 'Test Cases/mobileWeb/_include/get_screenshot' successfully

2019-08-06 06:08:40 - [TEST_CASE][PASSED] - Test Cases/mobileWeb/_include/get_screenshot: Test Cases/mobileWeb/_include/get_screenshot

2019-08-06 06:08:40 - [TEST_STEP][PASSED] - takeScreenshot(screenPath + i + ".png"): Taking screenshot successfully

2019-08-06 06:08:41 - [MESSAGE][PASSED] - Taking screenshot successfully
[[ATTACHMENT|D:\\Test\\AgileTest\\Reports\\mobileWeb\\dental\\20190806_060627\\../Screenshots/iPhone X/dental/Nationwide/standard/5.png]]

2019-08-06 06:08:41 - [TEST_STEP][PASSED] - (internal.GlobalVariable.i++): null

2019-08-06 06:08:41 - [MESSAGE][PASSED] - Call Test Case 'Test Cases/mobileWeb/_include/get_screenshot' successfully

2019-08-06 06:08:41 - [TEST_STEP][PASSED] - click(findTestObject("mobileSanity/Dental/apply/span_Start Secure Application")): Object: 'Object Repository/mobileSanity/Dental/apply/span_Start Secure Application' is clicked on

2019-08-06 06:08:42 - [MESSAGE][PASSED] - Object: 'Object Repository/mobileSanity/Dental/apply/span_Start Secure Application' is clicked on

2019-08-06 06:08:42 - [TEST_STEP][PASSED] - waitForPageLoad(10): Wait for page load successfully

2019-08-06 06:08:43 - [MESSAGE][PASSED] - Wait for page load successfully

2019-08-06 06:08:43 - [TEST_STEP][PASSED] - callTestCase(findTestCase("mobileWeb/_include/get_screenshot"), [:], STOP_ON_FAILURE): Call Test Case 'Test Cases/mobileWeb/_include/get_screenshot' successfully

2019-08-06 06:08:43 - [TEST_CASE][PASSED] - Test Cases/mobileWeb/_include/get_screenshot: Test Cases/mobileWeb/_include/get_screenshot

2019-08-06 06:08:43 - [TEST_STEP][PASSED] - takeScreenshot(screenPath + i + ".png"): Taking screenshot successfully

2019-08-06 06:08:43 - [MESSAGE][PASSED] - Taking screenshot successfully
[[ATTACHMENT|D:\\Test\\AgileTest\\Reports\\mobileWeb\\dental\\20190806_060627\\../Screenshots/iPhone X/dental/Nationwide/standard/6.png]]

2019-08-06 06:08:43 - [TEST_STEP][PASSED] - (internal.GlobalVariable.i++): null

2019-08-06 06:08:43 - [MESSAGE][PASSED] - Call Test Case 'Test Cases/mobileWeb/_include/get_screenshot' successfully

2019-08-06 06:08:43 - [TEST_STEP][PASSED] - callTestCase(findTestCase("mobileWeb/_include/goToEnd_dental"), ["carrier":"nationwide"], STOP_ON_FAILURE): Call Test Case 'Test Cases/mobileWeb/_include/goToEnd_dental' successfully

2019-08-06 06:08:43 - [TEST_CASE][PASSED] - Test Cases/mobileWeb/_include/goToEnd_dental: Test Cases/mobileWeb/_include/goToEnd_dental

2019-08-06 06:08:43 - [TEST_STEP][PASSED] - callTestCase(findTestCase("mobileWeb/_include/name"), [:], CONTINUE_ON_FAILURE): Call Test Case 'Test Cases/mobileWeb/_include/name' successfully

2019-08-06 06:08:43 - [TEST_CASE][PASSED] - Test Cases/mobileWeb/_include/name: Test Cases/mobileWeb/_include/name

2019-08-06 06:08:43 - [TEST_STEP][PASSED] - driver = getWebDriver(): null

2019-08-06 06:08:43 - [TEST_STEP][PASSED] - selenium = new com.thoughtworks.selenium.webdriven.WebDriverBackedSelenium(driver, internal.GlobalVariable.ENV): null

2019-08-06 06:08:44 - [TEST_STEP][PASSED] - FirstName = "Test-123": null

2019-08-06 06:08:44 - [TEST_STEP][PASSED] - LastName = selenium.getEval("{var x="ABCDEFGHIJKLMNOPQRSTUVWXYZabcdefghijklmnopqrstuvwxyz"; var tmp="ZZ11-"; for (i=0;i<8;i++) tmp+=x.charAt(Math.ceil(51*Math.random()));tmp;}"): null

2019-08-06 06:08:44 - [TEST_STEP][PASSED] - Address = selenium.getEval("{var x="ABCDEFGHIJKLMNOPQRSTUVWXYZabcdefghijklmnopqrstuvwxyz"; var tmp=""; for (i=0;i<8;i++) tmp+=x.charAt(Math.ceil(51*Math.random()));tmp;}"): null

2019-08-06 06:08:44 - [TEST_STEP][PASSED] - City = selenium.getEval("{var x="ABCDEFGHIJKLMNOPQRSTUVWXYZabcdefghijklmnopqrstuvwxyz"; var tmp=""; for (i=0;i<8;i++) tmp+=x.charAt(Math.ceil(51*Math.random()));tmp;}"): null

2019-08-06 06:08:44 - [TEST_STEP][PASSED] - tel1 = selenium.getEval("{var x="123456789"; var tmp=""; for (i=0;i<3;i++) tmp+=x.charAt(Math.ceil(8*Math.random()));tmp;}"): null

2019-08-06 06:08:44 - [TEST_STEP][PASSED] - tel2 = selenium.getEval("{var x="123456789"; var tmp=""; for (i=0;i<3;i++) tmp+=x.charAt(Math.ceil(8*Math.random()));tmp;}"): null

2019-08-06 06:08:44 - [TEST_STEP][PASSED] - tel3 = selenium.getEval("{var x="123456789"; var tmp=""; for (i=0;i<4;i++) tmp+=x.charAt(Math.ceil(8*Math.random()));tmp;}"): null

2019-08-06 06:08:44 - [TEST_STEP][PASSED] - Tel = selenium.getExpression(tel1 + "-" + tel2 + "-" + tel3): null

2019-08-06 06:08:44 - [TEST_STEP][PASSED] - AutoEmail = selenium.getEval("{var x="ABCDEFGHIJKLMNOPQRSTUVWXYZabcdefghijklmnopqrstuvwxyz"; var tmp="test."; for (i=0;i<8;i++) tmp+=x.charAt(Math.ceil(51*Math.random()));tmp+="@suryani.cn";}"): null

2019-08-06 06:08:44 - [TEST_STEP][PASSED] - FirstName = FirstName: null

2019-08-06 06:08:44 - [TEST_STEP][PASSED] - LastName = LastName: null

2019-08-06 06:08:44 - [TEST_STEP][PASSED] - Address = Address: null

2019-08-06 06:08:44 - [TEST_STEP][PASSED] - City = City: null

2019-08-06 06:08:44 - [TEST_STEP][PASSED] - Tel = Tel: null

2019-08-06 06:08:44 - [TEST_STEP][PASSED] - AutoEmail = AutoEmail: null

2019-08-06 06:08:44 - [TEST_STEP][PASSED] - println(FirstName): null

2019-08-06 06:08:44 - [TEST_STEP][PASSED] - println(LastName): null

2019-08-06 06:08:44 - [TEST_STEP][PASSED] - println(Address): null

2019-08-06 06:08:44 - [TEST_STEP][PASSED] - println(City): null

2019-08-06 06:08:44 - [TEST_STEP][PASSED] - println(Tel): null

2019-08-06 06:08:44 - [TEST_STEP][PASSED] - println(AutoEmail): null

2019-08-06 06:08:44 - [MESSAGE][PASSED] - Call Test Case 'Test Cases/mobileWeb/_include/name' successfully

2019-08-06 06:08:44 - [TEST_STEP][PASSED] - Thread.sleep(3000): null

2019-08-06 06:08:47 - [TEST_STEP][PASSED] - setText(findTestObject("mobileSanity/Dental/app_page1/input__member-P-1-firstName"), FirstName): Text 'Test-123' is set on object 'Object Repository/mobileSanity/Dental/app_page1/input__member-P-1-firstName'

2019-08-06 06:08:47 - [MESSAGE][PASSED] - Text 'Test-123' is set on object 'Object Repository/mobileSanity/Dental/app_page1/input__member-P-1-firstName'

2019-08-06 06:08:47 - [TEST_STEP][PASSED] - setText(findTestObject("mobileSanity/Dental/app_page1/input__member-P-1-lastName"), LastName): Text 'ZZ11-NJaYPhsD' is set on object 'Object Repository/mobileSanity/Dental/app_page1/input__member-P-1-lastName'

2019-08-06 06:08:47 - [MESSAGE][PASSED] - Text 'ZZ11-NJaYPhsD' is set on object 'Object Repository/mobileSanity/Dental/app_page1/input__member-P-1-lastName'

2019-08-06 06:08:47 - [TEST_STEP][PASSED] - setText(findTestObject("mobileSanity/Dental/app_page1/input__address"), Address): Text 'UwNVdQUx' is set on object 'Object Repository/mobileSanity/Dental/app_page1/input__address'

2019-08-06 06:08:47 - [MESSAGE][PASSED] - Text 'UwNVdQUx' is set on object 'Object Repository/mobileSanity/Dental/app_page1/input__address'

2019-08-06 06:08:47 - [TEST_STEP][PASSED] - setText(findTestObject("mobileSanity/Dental/app_page1/input__city"), City): Text 'eseEHvNi' is set on object 'Object Repository/mobileSanity/Dental/app_page1/input__city'

2019-08-06 06:08:47 - [MESSAGE][PASSED] - Text 'eseEHvNi' is set on object 'Object Repository/mobileSanity/Dental/app_page1/input__city'

2019-08-06 06:08:47 - [TEST_STEP][PASSED] - setText(findTestObject("mobileSanity/Dental/app_page1/input__email"), AutoEmail): Text 'test.riOrnHcV@suryani.cn' is set on object 'Object Repository/mobileSanity/Dental/app_page1/input__email'

2019-08-06 06:08:48 - [MESSAGE][PASSED] - Text 'test.riOrnHcV@suryani.cn' is set on object 'Object Repository/mobileSanity/Dental/app_page1/input__email'

2019-08-06 06:08:48 - [TEST_STEP][PASSED] - setText(findTestObject("mobileSanity/Dental/app_page1/input_phone"), Tel): Text '378-296-2262' is set on object 'Object Repository/mobileSanity/Dental/app_page1/input_phone'

2019-08-06 06:08:48 - [MESSAGE][PASSED] - Text '378-296-2262' is set on object 'Object Repository/mobileSanity/Dental/app_page1/input_phone'

2019-08-06 06:08:48 - [TEST_STEP][PASSED] - click(findTestObject("mobileSanity/Dental/app_page1/a_Continue to Step 2 - Payment")): Object: 'Object Repository/mobileSanity/Dental/app_page1/a_Continue to Step 2 - Payment' is clicked on

2019-08-06 06:08:48 - [MESSAGE][PASSED] - Object: 'Object Repository/mobileSanity/Dental/app_page1/a_Continue to Step 2 - Payment' is clicked on

2019-08-06 06:08:48 - [TEST_STEP][PASSED] - waitForPageLoad(10): Wait for page load successfully

2019-08-06 06:08:48 - [MESSAGE][PASSED] - Wait for page load successfully

2019-08-06 06:08:48 - [TEST_STEP][PASSED] - Thread.sleep(2000): null

2019-08-06 06:08:50 - [TEST_STEP][PASSED] - callTestCase(findTestCase("mobileWeb/_include/get_screenshot"), [:], STOP_ON_FAILURE): Call Test Case 'Test Cases/mobileWeb/_include/get_screenshot' successfully

2019-08-06 06:08:50 - [TEST_CASE][PASSED] - Test Cases/mobileWeb/_include/get_screenshot: Test Cases/mobileWeb/_include/get_screenshot

2019-08-06 06:08:50 - [TEST_STEP][PASSED] - takeScreenshot(screenPath + i + ".png"): Taking screenshot successfully

2019-08-06 06:08:51 - [MESSAGE][PASSED] - Taking screenshot successfully
[[ATTACHMENT|D:\\Test\\AgileTest\\Reports\\mobileWeb\\dental\\20190806_060627\\../Screenshots/iPhone X/dental/Nationwide/standard/7.png]]

2019-08-06 06:08:51 - [TEST_STEP][PASSED] - (internal.GlobalVariable.i++): null

2019-08-06 06:08:51 - [MESSAGE][PASSED] - Call Test Case 'Test Cases/mobileWeb/_include/get_screenshot' successfully

2019-08-06 06:08:51 - [TEST_STEP][PASSED] - if (carrier == "usa"): null

2019-08-06 06:08:51 - [TEST_STEP][PASSED] - setText(findTestObject("mobileSanity/Dental/app_page2/input__credit-card-first"), FirstName): Text 'Test-123' is set on object 'Object Repository/mobileSanity/Dental/app_page2/input__credit-card-first'

2019-08-06 06:08:51 - [MESSAGE][PASSED] - Text 'Test-123' is set on object 'Object Repository/mobileSanity/Dental/app_page2/input__credit-card-first'

2019-08-06 06:08:51 - [TEST_STEP][PASSED] - setText(findTestObject("mobileSanity/Dental/app_page2/input__credit-card-last"), LastName): Text 'ZZ11-NJaYPhsD' is set on object 'Object Repository/mobileSanity/Dental/app_page2/input__credit-card-last'

2019-08-06 06:08:51 - [MESSAGE][PASSED] - Text 'ZZ11-NJaYPhsD' is set on object 'Object Repository/mobileSanity/Dental/app_page2/input__credit-card-last'

2019-08-06 06:08:51 - [TEST_STEP][PASSED] - selectOptionByValue(findTestObject("mobileSanity/Dental/app_page2/select_MM010203040506070809101"), "12", true): All options with value '12' are selected in object 'Object Repository/mobileSanity/Dental/app_page2/select_MM010203040506070809101'  using regular expression

2019-08-06 06:08:52 - [MESSAGE][PASSED] - All options with value '12' are selected in object 'Object Repository/mobileSanity/Dental/app_page2/select_MM010203040506070809101'  using regular expression

2019-08-06 06:08:52 - [TEST_STEP][PASSED] - selectOptionByValue(findTestObject("mobileSanity/Dental/app_page2/select_YYYY2019202020212022202"), "2026", true): All options with value '2026' are selected in object 'Object Repository/mobileSanity/Dental/app_page2/select_YYYY2019202020212022202'  using regular expression

2019-08-06 06:08:52 - [MESSAGE][PASSED] - All options with value '2026' are selected in object 'Object Repository/mobileSanity/Dental/app_page2/select_YYYY2019202020212022202'  using regular expression

2019-08-06 06:08:52 - [TEST_STEP][PASSED] - setText(findTestObject("mobileSanity/Dental/app_page2/input__credit-card-number"), "4111111111111111"): Text '4111111111111111' is set on object 'Object Repository/mobileSanity/Dental/app_page2/input__credit-card-number'

2019-08-06 06:08:52 - [MESSAGE][PASSED] - Text '4111111111111111' is set on object 'Object Repository/mobileSanity/Dental/app_page2/input__credit-card-number'

2019-08-06 06:08:52 - [TEST_STEP][PASSED] - setText(findTestObject("mobileSanity/Dental/app_page2/input__cvv"), "123"): Text '123' is set on object 'Object Repository/mobileSanity/Dental/app_page2/input__cvv'

2019-08-06 06:08:52 - [MESSAGE][PASSED] - Text '123' is set on object 'Object Repository/mobileSanity/Dental/app_page2/input__cvv'

2019-08-06 06:08:52 - [TEST_STEP][PASSED] - click(findTestObject("mobileSanity/Dental/app_page2/label_My billing address is th")): Object: 'Object Repository/mobileSanity/Dental/app_page2/label_My billing address is th' is clicked on

2019-08-06 06:08:52 - [MESSAGE][PASSED] - Object: 'Object Repository/mobileSanity/Dental/app_page2/label_My billing address is th' is clicked on

2019-08-06 06:08:52 - [TEST_STEP][PASSED] - click(findTestObject("mobileSanity/Dental/app_page2/label_I Accept Authorization f")): Object: 'Object Repository/mobileSanity/Dental/app_page2/label_I Accept Authorization f' is clicked on

2019-08-06 06:08:52 - [MESSAGE][PASSED] - Object: 'Object Repository/mobileSanity/Dental/app_page2/label_I Accept Authorization f' is clicked on

2019-08-06 06:08:52 - [TEST_STEP][PASSED] - click(findTestObject("mobileSanity/Dental/app_page2/a_Continue to Step 3 - Review")): Object: 'Object Repository/mobileSanity/Dental/app_page2/a_Continue to Step 3 - Review' is clicked on

2019-08-06 06:08:52 - [MESSAGE][PASSED] - Object: 'Object Repository/mobileSanity/Dental/app_page2/a_Continue to Step 3 - Review' is clicked on

2019-08-06 06:08:52 - [TEST_STEP][PASSED] - waitForPageLoad(10): Wait for page load successfully

2019-08-06 06:08:52 - [MESSAGE][PASSED] - Wait for page load successfully

2019-08-06 06:08:52 - [TEST_STEP][PASSED] - Thread.sleep(2000): null

2019-08-06 06:08:54 - [TEST_STEP][PASSED] - callTestCase(findTestCase("mobileWeb/_include/get_screenshot"), [:], STOP_ON_FAILURE): Call Test Case 'Test Cases/mobileWeb/_include/get_screenshot' successfully

2019-08-06 06:08:55 - [TEST_CASE][PASSED] - Test Cases/mobileWeb/_include/get_screenshot: Test Cases/mobileWeb/_include/get_screenshot

2019-08-06 06:08:55 - [TEST_STEP][PASSED] - takeScreenshot(screenPath + i + ".png"): Taking screenshot successfully

2019-08-06 06:08:55 - [MESSAGE][PASSED] - Taking screenshot successfully
[[ATTACHMENT|D:\\Test\\AgileTest\\Reports\\mobileWeb\\dental\\20190806_060627\\../Screenshots/iPhone X/dental/Nationwide/standard/8.png]]

2019-08-06 06:08:55 - [TEST_STEP][PASSED] - (internal.GlobalVariable.i++): null

2019-08-06 06:08:55 - [MESSAGE][PASSED] - Call Test Case 'Test Cases/mobileWeb/_include/get_screenshot' successfully

2019-08-06 06:08:55 - [TEST_STEP][PASSED] - click(findTestObject("mobileSanity/Dental/app_page3/label")): Object: 'Object Repository/mobileSanity/Dental/app_page3/label' is clicked on

2019-08-06 06:09:03 - [MESSAGE][PASSED] - Object: 'Object Repository/mobileSanity/Dental/app_page3/label' is clicked on

2019-08-06 06:09:03 - [TEST_STEP][PASSED] - click(findTestObject("mobileSanity/Dental/app_page3/p_CLICK TO SIGN")): Object: 'Object Repository/mobileSanity/Dental/app_page3/p_CLICK TO SIGN' is clicked on

2019-08-06 06:09:03 - [MESSAGE][PASSED] - Object: 'Object Repository/mobileSanity/Dental/app_page3/p_CLICK TO SIGN' is clicked on

2019-08-06 06:09:03 - [TEST_STEP][PASSED] - click(findTestObject("mobileSanity/Dental/app_page3/a_Submit Your Application")): Object: 'Object Repository/mobileSanity/Dental/app_page3/a_Submit Your Application' is clicked on

2019-08-06 06:09:03 - [MESSAGE][PASSED] - Object: 'Object Repository/mobileSanity/Dental/app_page3/a_Submit Your Application' is clicked on

2019-08-06 06:09:03 - [TEST_STEP][PASSED] - Thread.sleep(50000): null

2019-08-06 06:09:53 - [TEST_STEP][PASSED] - callTestCase(findTestCase("mobileWeb/_include/get_screenshot"), [:], STOP_ON_FAILURE): Call Test Case 'Test Cases/mobileWeb/_include/get_screenshot' successfully

2019-08-06 06:09:53 - [TEST_CASE][PASSED] - Test Cases/mobileWeb/_include/get_screenshot: Test Cases/mobileWeb/_include/get_screenshot

2019-08-06 06:09:53 - [TEST_STEP][PASSED] - takeScreenshot(screenPath + i + ".png"): Taking screenshot successfully

2019-08-06 06:09:54 - [MESSAGE][PASSED] - Taking screenshot successfully
[[ATTACHMENT|D:\\Test\\AgileTest\\Reports\\mobileWeb\\dental\\20190806_060627\\../Screenshots/iPhone X/dental/Nationwide/standard/9.png]]

2019-08-06 06:09:54 - [TEST_STEP][PASSED] - (internal.GlobalVariable.i++): null

2019-08-06 06:09:54 - [MESSAGE][PASSED] - Call Test Case 'Test Cases/mobileWeb/_include/get_screenshot' successfully

2019-08-06 06:09:54 - [TEST_STEP][PASSED] - verifyTextPresent("Congratulations", false): Text 'Congratulations' is present on page 

2019-08-06 06:09:54 - [MESSAGE][PASSED] - Text 'Congratulations' is present on page 

2019-08-06 06:09:54 - [MESSAGE][PASSED] - Call Test Case 'Test Cases/mobileWeb/_include/goToEnd_dental' successfully]]></system-out>
         <system-err><![CDATA[]]></system-err>
      </testcase>
      <system-out><![CDATA[2019-08-06 06:06:32 - [TEST_SUITE][PASSED] - dental: Test Cases/mobileWeb/Dental/Nationwide]]></system-out>
      <system-err><![CDATA[]]></system-err>
   </testsuite>
</testsuites>
