<?xml version="1.0" encoding="UTF-8" standalone="yes"?>
<testsuites name="teladoc" time="286" tests="0" failures="1" errors="0">
    <testsuite name="teladoc" tests="0" failures="1" errors="0" time="286" timestamp="2019-09-05 10:57:05" hostname="sofee.yu - windows10.microdone.cn" id="Test Suites/mobileWeb/teladoc">
        <properties>
            <property name="deviceName" value=""/>
            <property name="devicePlatform" value=""/>
            <property name="logFolder" value="D:\\Test\\AgileTest\\AgileTest\\Reports\\mobileWeb\\teladoc\\20190905_105645"/>
            <property name="logFiles" value="D:\\Test\\AgileTest\\AgileTest\\Reports\\mobileWeb\\teladoc\\20190905_105645\\execution0.log"/>
            <property name="attachments" value="D:\\Test\\AgileTest\\AgileTest\\Reports\\mobileWeb\\teladoc\\20190905_105645\\../Screenshots/iPhone X/teladoc/Teladoc/20190905_105707/0.png, D:\\Test\\AgileTest\\AgileTest\\Reports\\mobileWeb\\teladoc\\20190905_105645\\../Screenshots/iPhone X/teladoc/Teladoc/20190905_105707/1.png, D:\\Test\\AgileTest\\AgileTest\\Reports\\mobileWeb\\teladoc\\20190905_105645\\../Screenshots/iPhone X/teladoc/Teladoc/20190905_105707/2.png, D:\\Test\\AgileTest\\AgileTest\\Reports\\mobileWeb\\teladoc\\20190905_105645\\../Screenshots/iPhone X/teladoc/Teladoc/20190905_105707/3.png, D:\\Test\\AgileTest\\AgileTest\\Reports\\mobileWeb\\teladoc\\20190905_105645\\../Screenshots/iPhone X/teladoc/Teladoc/20190905_105707/4.png, D:\\Test\\AgileTest\\AgileTest\\Reports\\mobileWeb\\teladoc\\20190905_105645\\../Screenshots/iPhone X/teladoc/Teladoc/20190905_105707/5.png, D:\\Test\\AgileTest\\AgileTest\\Reports\\mobileWeb\\teladoc\\20190905_105645\\../Screenshots/iPhone X/teladoc/Teladoc/20190905_105707/6.png"/>
            <property name="hostName" value="sofee.yu - windows10.microdone.cn"/>
            <property name="os" value="Windows 7 64bit"/>
            <property name="katalonVersion" value="6.2.2.4"/>
            <property name="browser" value="Safari 11"/>
            <property name="hostAddress" value="172.16.86.47"/>
            <property name="sessionId" value="c31f5babfcd74f771d514e03723caed7"/>
            <property name="seleniumVersion" value="3.141.59"/>
            <property name="proxyInformation" value="ProxyInformation{proxyOption=NO_PROXY, proxyServerType=HTTP, password=, proxyServerAddress=, proxyServerPort=0}"/>
            <property name="platform" value="Windows 7"/>
        </properties>
        <testcase name="Test Cases/mobileWeb/Teladoc" classname="Test Cases/mobileWeb/Teladoc" status="FAILED">
            <failure type="FAILED" message="Test Cases/mobileWeb/Teladoc FAILED.&#xA;Reason:&#xA;com.kms.katalon.core.exception.StepFailedException: Call Test Case 'Test Cases/mobileWeb/_include/get_screenshot' failed&#xD;&#xA;&#x9;at com.kms.katalon.core.keyword.builtin.CallTestCaseKeyword$_callTestCase_closure1.doCall(CallTestCaseKeyword.groovy:63)&#xD;&#xA;&#x9;at com.kms.katalon.core.keyword.builtin.CallTestCaseKeyword$_callTestCase_closure1.call(CallTestCaseKeyword.groovy)&#xD;&#xA;&#x9;at com.kms.katalon.core.keyword.internal.KeywordMain.runKeyword(KeywordMain.groovy:68)&#xD;&#xA;&#x9;at com.kms.katalon.core.keyword.builtin.CallTestCaseKeyword.callTestCase(CallTestCaseKeyword.groovy:81)&#xD;&#xA;&#x9;at com.kms.katalon.core.keyword.builtin.CallTestCaseKeyword.execute(CallTestCaseKeyword.groovy:44)&#xD;&#xA;&#x9;at com.kms.katalon.core.keyword.internal.KeywordExecutor.executeKeywordForPlatform(KeywordExecutor.groovy:56)&#xD;&#xA;&#x9;at com.kms.katalon.core.keyword.BuiltinKeywords.callTestCase(BuiltinKeywords.groovy:334)&#xD;&#xA;&#x9;at Teladoc.run(Teladoc:139)&#xD;&#xA;&#x9;at com.kms.katalon.core.main.ScriptEngine.run(ScriptEngine.java:194)&#xD;&#xA;&#x9;at com.kms.katalon.core.main.ScriptEngine.runScriptAsRawText(ScriptEngine.java:119)&#xD;&#xA;&#x9;at com.kms.katalon.core.main.TestCaseExecutor.runScript(TestCaseExecutor.java:337)&#xD;&#xA;&#x9;at com.kms.katalon.core.main.TestCaseExecutor.doExecute(TestCaseExecutor.java:328)&#xD;&#xA;&#x9;at com.kms.katalon.core.main.TestCaseExecutor.processExecutionPhase(TestCaseExecutor.java:307)&#xD;&#xA;&#x9;at com.kms.katalon.core.main.TestCaseExecutor.accessMainPhase(TestCaseExecutor.java:299)&#xD;&#xA;&#x9;at com.kms.katalon.core.main.TestCaseExecutor.execute(TestCaseExecutor.java:233)&#xD;&#xA;&#x9;at com.kms.katalon.core.main.TestSuiteExecutor.accessTestCaseMainPhase(TestSuiteExecutor.java:133)&#xD;&#xA;&#x9;at com.kms.katalon.core.main.TestSuiteExecutor.accessTestSuiteMainPhase(TestSuiteExecutor.java:116)&#xD;&#xA;&#x9;at com.kms.katalon.core.main.TestSuiteExecutor.execute(TestSuiteExecutor.java:83)&#xD;&#xA;&#x9;at com.kms.katalon.core.main.TestCaseMain.startTestSuite(TestCaseMain.java:157)&#xD;&#xA;&#x9;at com.kms.katalon.core.main.TestCaseMain$startTestSuite$0.call(Unknown Source)&#xD;&#xA;&#x9;at TempTestSuite1567652205864.run(TempTestSuite1567652205864.groovy:35)&#xD;&#xA;Caused by: com.kms.katalon.core.exception.StepFailedException: Cannot take screenshot&#xD;&#xA;&#x9;at com.kms.katalon.core.webui.keyword.internal.WebUIKeywordMain.stepFailed(WebUIKeywordMain.groovy:64)&#xD;&#xA;&#x9;at com.kms.katalon.core.webui.keyword.internal.WebUIKeywordMain.runKeyword(WebUIKeywordMain.groovy:26)&#xD;&#xA;&#x9;at com.kms.katalon.core.webui.keyword.builtin.TakeScreenshotKeyword.takeScreenshot(TakeScreenshotKeyword.groovy:88)&#xD;&#xA;&#x9;at com.kms.katalon.core.webui.keyword.builtin.TakeScreenshotKeyword.execute(TakeScreenshotKeyword.groovy:71)&#xD;&#xA;&#x9;at com.kms.katalon.core.keyword.internal.KeywordExecutor.executeKeywordForPlatform(KeywordExecutor.groovy:56)&#xD;&#xA;&#x9;at com.kms.katalon.core.webui.keyword.WebUiBuiltInKeywords.takeScreenshot(WebUiBuiltInKeywords.groovy:2881)&#xD;&#xA;&#x9;at com.kms.katalon.core.webui.keyword.WebUiBuiltInKeywords$takeScreenshot$1.call(Unknown Source)&#xD;&#xA;&#x9;at get_screenshot.run(get_screenshot:30)&#xD;&#xA;&#x9;at com.kms.katalon.core.main.ScriptEngine.run(ScriptEngine.java:194)&#xD;&#xA;&#x9;at com.kms.katalon.core.main.ScriptEngine.runScriptAsRawText(ScriptEngine.java:119)&#xD;&#xA;&#x9;at com.kms.katalon.core.main.TestCaseExecutor.runScript(TestCaseExecutor.java:337)&#xD;&#xA;&#x9;at com.kms.katalon.core.main.TestCaseExecutor.doExecute(TestCaseExecutor.java:328)&#xD;&#xA;&#x9;at com.kms.katalon.core.main.TestCaseExecutor.processExecutionPhase(TestCaseExecutor.java:307)&#xD;&#xA;&#x9;at com.kms.katalon.core.main.TestCaseExecutor.accessMainPhase(TestCaseExecutor.java:299)&#xD;&#xA;&#x9;at com.kms.katalon.core.main.TestCaseExecutor.execute(TestCaseExecutor.java:233)&#xD;&#xA;&#x9;at com.kms.katalon.core.main.TestCaseMain.runTestCase(TestCaseMain.java:114)&#xD;&#xA;&#x9;at com.kms.katalon.core.keyword.builtin.CallTestCaseKeyword$_callTestCase_closure1.doCall(CallTestCaseKeyword.groovy:59)&#xD;&#xA;&#x9;... 20 more&#xD;&#xA;Caused by: org.openqa.selenium.WebDriverException: java.net.ConnectException: Failed to connect to localhost/0:0:0:0:0:0:0:1:41375&#xA;Build info: version: '3.141.59', revision: 'e82be7d358', time: '2018-11-14T08:25:53'&#xA;System info: host: 'SOFEE', ip: '172.16.86.47', os.name: 'Windows 7', os.arch: 'amd64', os.version: '6.1', java.version: '1.8.0_181'&#xA;Driver info: driver.version: RemoteWebDriver&#xD;&#xA;&#x9;at org.openqa.selenium.remote.service.DriverCommandExecutor.execute(DriverCommandExecutor.java:92)&#xD;&#xA;&#x9;at org.openqa.selenium.remote.RemoteWebDriver.execute(RemoteWebDriver.java:552)&#xD;&#xA;&#x9;at com.kms.katalon.selenium.driver.CChromeDriver.execute(CChromeDriver.java:20)&#xD;&#xA;&#x9;at org.openqa.selenium.remote.RemoteWebDriver.execute(RemoteWebDriver.java:609)&#xD;&#xA;&#x9;at org.openqa.selenium.remote.RemoteWebDriver.getScreenshotAs(RemoteWebDriver.java:295)&#xD;&#xA;&#x9;at com.kms.katalon.core.webui.util.FileUtil.takesScreenshot(FileUtil.java:27)&#xD;&#xA;&#x9;at com.kms.katalon.core.webui.keyword.builtin.TakeScreenshotKeyword$_takeScreenshot_closure1.doCall(TakeScreenshotKeyword.groovy:89)&#xD;&#xA;&#x9;at com.kms.katalon.core.webui.keyword.builtin.TakeScreenshotKeyword$_takeScreenshot_closure1.call(TakeScreenshotKeyword.groovy)&#xD;&#xA;&#x9;at com.kms.katalon.core.webui.keyword.internal.WebUIKeywordMain.runKeyword(WebUIKeywordMain.groovy:20)&#xD;&#xA;&#x9;at com.kms.katalon.core.webui.keyword.builtin.TakeScreenshotKeyword.takeScreenshot(TakeScreenshotKeyword.groovy:88)&#xD;&#xA;&#x9;at com.kms.katalon.core.webui.keyword.builtin.TakeScreenshotKeyword.execute(TakeScreenshotKeyword.groovy:71)&#xD;&#xA;&#x9;at com.kms.katalon.core.keyword.internal.KeywordExecutor.executeKeywordForPlatform(KeywordExecutor.groovy:56)&#xD;&#xA;&#x9;at com.kms.katalon.core.webui.keyword.WebUiBuiltInKeywords.takeScreenshot(WebUiBuiltInKeywords.groovy:2881)&#xD;&#xA;&#x9;at com.kms.katalon.core.webui.keyword.WebUiBuiltInKeywords$takeScreenshot$1.call(Unknown Source)&#xD;&#xA;&#x9;at Script1550741708646.run(Script1550741708646.groovy:30)&#xD;&#xA;&#x9;at com.kms.katalon.core.main.ScriptEngine.run(ScriptEngine.java:194)&#xD;&#xA;&#x9;at com.kms.katalon.core.main.ScriptEngine.runScriptAsRawText(ScriptEngine.java:119)&#xD;&#xA;&#x9;at com.kms.katalon.core.main.TestCaseExecutor.runScript(TestCaseExecutor.java:337)&#xD;&#xA;&#x9;at com.kms.katalon.core.main.TestCaseExecutor.doExecute(TestCaseExecutor.java:328)&#xD;&#xA;&#x9;at com.kms.katalon.core.main.TestCaseExecutor.processExecutionPhase(TestCaseExecutor.java:307)&#xD;&#xA;&#x9;at com.kms.katalon.core.main.TestCaseExecutor.accessMainPhase(TestCaseExecutor.java:299)&#xD;&#xA;&#x9;at com.kms.katalon.core.main.TestCaseExecutor.execute(TestCaseExecutor.java:233)&#xD;&#xA;&#x9;at com.kms.katalon.core.main.TestCaseMain.runTestCase(TestCaseMain.java:114)&#xD;&#xA;&#x9;at com.kms.katalon.core.keyword.builtin.CallTestCaseKeyword$_callTestCase_closure1.doCall(CallTestCaseKeyword.groovy:59)&#xD;&#xA;&#x9;at com.kms.katalon.core.keyword.builtin.CallTestCaseKeyword$_callTestCase_closure1.call(CallTestCaseKeyword.groovy)&#xD;&#xA;&#x9;at com.kms.katalon.core.keyword.internal.KeywordMain.runKeyword(KeywordMain.groovy:68)&#xD;&#xA;&#x9;at com.kms.katalon.core.keyword.builtin.CallTestCaseKeyword.callTestCase(CallTestCaseKeyword.groovy:81)&#xD;&#xA;&#x9;at com.kms.katalon.core.keyword.builtin.CallTestCaseKeyword.execute(CallTestCaseKeyword.groovy:44)&#xD;&#xA;&#x9;at com.kms.katalon.core.keyword.internal.KeywordExecutor.executeKeywordForPlatform(KeywordExecutor.groovy:56)&#xD;&#xA;&#x9;at com.kms.katalon.core.keyword.BuiltinKeywords.callTestCase(BuiltinKeywords.groovy:334)&#xD;&#xA;&#x9;at Script1548817235291.run(Script1548817235291.groovy:139)&#xD;&#xA;&#x9;... 13 more&#xD;&#xA;Caused by: java.net.ConnectException: Failed to connect to localhost/0:0:0:0:0:0:0:1:41375&#xD;&#xA;&#x9;at okhttp3.internal.connection.RealConnection.connectSocket(RealConnection.java:247)&#xD;&#xA;&#x9;at okhttp3.internal.connection.RealConnection.connect(RealConnection.java:165)&#xD;&#xA;&#x9;at okhttp3.internal.connection.StreamAllocation.findConnection(StreamAllocation.java:257)&#xD;&#xA;&#x9;at okhttp3.internal.connection.StreamAllocation.findHealthyConnection(StreamAllocation.java:135)&#xD;&#xA;&#x9;at okhttp3.internal.connection.StreamAllocation.newStream(StreamAllocation.java:114)&#xD;&#xA;&#x9;at okhttp3.internal.connection.ConnectInterceptor.intercept(ConnectInterceptor.java:42)&#xD;&#xA;&#x9;at okhttp3.internal.http.RealInterceptorChain.proceed(RealInterceptorChain.java:147)&#xD;&#xA;&#x9;at okhttp3.internal.http.RealInterceptorChain.proceed(RealInterceptorChain.java:121)&#xD;&#xA;&#x9;at okhttp3.internal.cache.CacheInterceptor.intercept(CacheInterceptor.java:93)&#xD;&#xA;&#x9;at okhttp3.internal.http.RealInterceptorChain.proceed(RealInterceptorChain.java:147)&#xD;&#xA;&#x9;at okhttp3.internal.http.RealInterceptorChain.proceed(RealInterceptorChain.java:121)&#xD;&#xA;&#x9;at okhttp3.internal.http.BridgeInterceptor.intercept(BridgeInterceptor.java:93)&#xD;&#xA;&#x9;at okhttp3.internal.http.RealInterceptorChain.proceed(RealInterceptorChain.java:147)&#xD;&#xA;&#x9;at okhttp3.internal.http.RetryAndFollowUpInterceptor.intercept(RetryAndFollowUpInterceptor.java:126)&#xD;&#xA;&#x9;at okhttp3.internal.http.RealInterceptorChain.proceed(RealInterceptorChain.java:147)&#xD;&#xA;&#x9;at okhttp3.internal.http.RealInterceptorChain.proceed(RealInterceptorChain.java:121)&#xD;&#xA;&#x9;at okhttp3.RealCall.getResponseWithInterceptorChain(RealCall.java:200)&#xD;&#xA;&#x9;at okhttp3.RealCall.execute(RealCall.java:77)&#xD;&#xA;&#x9;at org.openqa.selenium.remote.internal.OkHttpClient.execute(OkHttpClient.java:103)&#xD;&#xA;&#x9;at org.openqa.selenium.remote.HttpCommandExecutor.execute(HttpCommandExecutor.java:155)&#xD;&#xA;&#x9;at org.openqa.selenium.remote.service.DriverCommandExecutor.execute(DriverCommandExecutor.java:83)&#xD;&#xA;&#x9;... 43 more&#xD;&#xA;Caused by: java.net.ConnectException: Connection refused: connect&#xD;&#xA;&#x9;at okhttp3.internal.platform.Platform.connectSocket(Platform.java:129)&#xD;&#xA;&#x9;at okhttp3.internal.connection.RealConnection.connectSocket(RealConnection.java:245)&#xD;&#xA;&#x9;at okhttp3.internal.connection.RealConnection.connect(RealConnection.java:165)&#xD;&#xA;&#x9;at okhttp3.internal.connection.StreamAllocation.findConnection(StreamAllocation.java:257)&#xD;&#xA;&#x9;at okhttp3.internal.connection.StreamAllocation.findHealthyConnection(StreamAllocation.java:135)&#xD;&#xA;&#x9;at okhttp3.internal.connection.StreamAllocation.newStream(StreamAllocation.java:114)&#xD;&#xA;&#x9;at okhttp3.internal.connection.ConnectInterceptor.intercept(ConnectInterceptor.java:42)&#xD;&#xA;&#x9;at okhttp3.internal.http.RealInterceptorChain.proceed(RealInterceptorChain.java:147)&#xD;&#xA;&#x9;at okhttp3.internal.http.RealInterceptorChain.proceed(RealInterceptorChain.java:121)&#xD;&#xA;&#x9;at okhttp3.internal.cache.CacheInterceptor.intercept(CacheInterceptor.java:93)&#xD;&#xA;&#x9;at okhttp3.internal.http.RealInterceptorChain.proceed(RealInterceptorChain.java:147)&#xD;&#xA;&#x9;at okhttp3.internal.http.RealInterceptorChain.proceed(RealInterceptorChain.java:121)&#xD;&#xA;&#x9;at okhttp3.internal.http.BridgeInterceptor.intercept(BridgeInterceptor.java:93)&#xD;&#xA;&#x9;at okhttp3.internal.http.RealInterceptorChain.proceed(RealInterceptorChain.java:147)&#xD;&#xA;&#x9;at okhttp3.internal.http.RetryAndFollowUpInterceptor.intercept(RetryAndFollowUpInterceptor.java:126)&#xD;&#xA;&#x9;at okhttp3.internal.http.RealInterceptorChain.proceed(RealInterceptorChain.java:147)&#xD;&#xA;&#x9;at okhttp3.internal.http.RealInterceptorChain.proceed(RealInterceptorChain.java:121)&#xD;&#xA;&#x9;at okhttp3.RealCall.getResponseWithInterceptorChain(RealCall.java:200)&#xD;&#xA;&#x9;at okhttp3.RealCall.execute(RealCall.java:77)&#xD;&#xA;&#x9;at org.openqa.selenium.remote.internal.OkHttpClient.execute(OkHttpClient.java:103)&#xD;&#xA;&#x9;at org.openqa.selenium.remote.HttpCommandExecutor.execute(HttpCommandExecutor.java:155)&#xD;&#xA;&#x9;at org.openqa.selenium.remote.service.DriverCommandExecutor.execute(DriverCommandExecutor.java:83)&#xD;&#xA;&#x9;at org.openqa.selenium.remote.RemoteWebDriver.execute(RemoteWebDriver.java:552)&#xD;&#xA;&#x9;at com.kms.katalon.selenium.driver.CChromeDriver.execute(CChromeDriver.java:20)&#xD;&#xA;&#x9;at org.openqa.selenium.remote.RemoteWebDriver.execute(RemoteWebDriver.java:609)&#xD;&#xA;&#x9;at org.openqa.selenium.remote.RemoteWebDriver.getScreenshotAs(RemoteWebDriver.java:295)&#xD;&#xA;&#x9;at com.kms.katalon.core.webui.util.FileUtil.takesScreenshot(FileUtil.java:27)&#xD;&#xA;&#x9;at com.kms.katalon.core.webui.keyword.builtin.TakeScreenshotKeyword$_takeScreenshot_closure1.doCall(TakeScreenshotKeyword.groovy:89)&#xD;&#xA;&#x9;at com.kms.katalon.core.webui.keyword.builtin.TakeScreenshotKeyword$_takeScreenshot_closure1.call(TakeScreenshotKeyword.groovy)&#xD;&#xA;&#x9;at com.kms.katalon.core.webui.keyword.internal.WebUIKeywordMain.runKeyword(WebUIKeywordMain.groovy:20)&#xD;&#xA;&#x9;at com.kms.katalon.core.webui.keyword.builtin.TakeScreenshotKeyword.takeScreenshot(TakeScreenshotKeyword.groovy:88)&#xD;&#xA;&#x9;at com.kms.katalon.core.webui.keyword.builtin.TakeScreenshotKeyword.execute(TakeScreenshotKeyword.groovy:71)&#xD;&#xA;&#x9;at com.kms.katalon.core.keyword.internal.KeywordExecutor.executeKeywordForPlatform(KeywordExecutor.groovy:56)&#xD;&#xA;&#x9;at com.kms.katalon.core.webui.keyword.WebUiBuiltInKeywords.takeScreenshot(WebUiBuiltInKeywords.groovy:2881)&#xD;&#xA;&#x9;at com.kms.katalon.core.webui.keyword.WebUiBuiltInKeywords$takeScreenshot$1.call(Unknown Source)&#xD;&#xA;&#x9;at get_screenshot.run(get_screenshot:30)&#xD;&#xA;&#x9;at com.kms.katalon.core.main.ScriptEngine.run(ScriptEngine.java:194)&#xD;&#xA;&#x9;at com.kms.katalon.core.main.ScriptEngine.runScriptAsRawText(ScriptEngine.java:119)&#xD;&#xA;&#x9;at com.kms.katalon.core.main.TestCaseExecutor.runScript(TestCaseExecutor.java:337)&#xD;&#xA;&#x9;at com.kms.katalon.core.main.TestCaseExecutor.doExecute(TestCaseExecutor.java:328)&#xD;&#xA;&#x9;at com.kms.katalon.core.main.TestCaseExecutor.processExecutionPhase(TestCaseExecutor.java:307)&#xD;&#xA;&#x9;at com.kms.katalon.core.main.TestCaseExecutor.accessMainPhase(TestCaseExecutor.java:299)&#xD;&#xA;&#x9;at com.kms.katalon.core.main.TestCaseExecutor.execute(TestCaseExecutor.java:233)&#xD;&#xA;&#x9;at com.kms.katalon.core.main.TestCaseMain.runTestCase(TestCaseMain.java:114)&#xD;&#xA;&#x9;at com.kms.katalon.core.keyword.builtin.CallTestCaseKeyword$_callTestCase_closure1.doCall(CallTestCaseKeyword.groovy:59)&#xD;&#xA;&#x9;at com.kms.katalon.core.keyword.builtin.CallTestCaseKeyword$_callTestCase_closure1.call(CallTestCaseKeyword.groovy)&#xD;&#xA;&#x9;at com.kms.katalon.core.keyword.internal.KeywordMain.runKeyword(KeywordMain.groovy:68)&#xD;&#xA;&#x9;at com.kms.katalon.core.keyword.builtin.CallTestCaseKeyword.callTestCase(CallTestCaseKeyword.groovy:81)&#xD;&#xA;&#x9;at com.kms.katalon.core.keyword.builtin.CallTestCaseKeyword.execute(CallTestCaseKeyword.groovy:44)&#xD;&#xA;&#x9;at com.kms.katalon.core.keyword.internal.KeywordExecutor.executeKeywordForPlatform(KeywordExecutor.groovy:56)&#xD;&#xA;&#x9;at com.kms.katalon.core.keyword.BuiltinKeywords.callTestCase(BuiltinKeywords.groovy:334)&#xD;&#xA;&#x9;at Teladoc.run(Teladoc:139)&#xD;&#xA;&#x9;... 13 more&#xD;&#xA;"/>
            <system-out>2019-09-05 10:57:05 - [TEST_CASE][FAILED] - Test Cases/mobileWeb/Teladoc: Test Cases/mobileWeb/Teladoc FAILED.
Reason:
com.kms.katalon.core.exception.StepFailedException: Call Test Case 'Test Cases/mobileWeb/_include/get_screenshot' failed&#xD;
	at com.kms.katalon.core.keyword.builtin.CallTestCaseKeyword$_callTestCase_closure1.doCall(CallTestCaseKeyword.groovy:63)&#xD;
	at com.kms.katalon.core.keyword.builtin.CallTestCaseKeyword$_callTestCase_closure1.call(CallTestCaseKeyword.groovy)&#xD;
	at com.kms.katalon.core.keyword.internal.KeywordMain.runKeyword(KeywordMain.groovy:68)&#xD;
	at com.kms.katalon.core.keyword.builtin.CallTestCaseKeyword.callTestCase(CallTestCaseKeyword.groovy:81)&#xD;
	at com.kms.katalon.core.keyword.builtin.CallTestCaseKeyword.execute(CallTestCaseKeyword.groovy:44)&#xD;
	at com.kms.katalon.core.keyword.internal.KeywordExecutor.executeKeywordForPlatform(KeywordExecutor.groovy:56)&#xD;
	at com.kms.katalon.core.keyword.BuiltinKeywords.callTestCase(BuiltinKeywords.groovy:334)&#xD;
	at Teladoc.run(Teladoc:139)&#xD;
	at com.kms.katalon.core.main.ScriptEngine.run(ScriptEngine.java:194)&#xD;
	at com.kms.katalon.core.main.ScriptEngine.runScriptAsRawText(ScriptEngine.java:119)&#xD;
	at com.kms.katalon.core.main.TestCaseExecutor.runScript(TestCaseExecutor.java:337)&#xD;
	at com.kms.katalon.core.main.TestCaseExecutor.doExecute(TestCaseExecutor.java:328)&#xD;
	at com.kms.katalon.core.main.TestCaseExecutor.processExecutionPhase(TestCaseExecutor.java:307)&#xD;
	at com.kms.katalon.core.main.TestCaseExecutor.accessMainPhase(TestCaseExecutor.java:299)&#xD;
	at com.kms.katalon.core.main.TestCaseExecutor.execute(TestCaseExecutor.java:233)&#xD;
	at com.kms.katalon.core.main.TestSuiteExecutor.accessTestCaseMainPhase(TestSuiteExecutor.java:133)&#xD;
	at com.kms.katalon.core.main.TestSuiteExecutor.accessTestSuiteMainPhase(TestSuiteExecutor.java:116)&#xD;
	at com.kms.katalon.core.main.TestSuiteExecutor.execute(TestSuiteExecutor.java:83)&#xD;
	at com.kms.katalon.core.main.TestCaseMain.startTestSuite(TestCaseMain.java:157)&#xD;
	at com.kms.katalon.core.main.TestCaseMain$startTestSuite$0.call(Unknown Source)&#xD;
	at TempTestSuite1567652205864.run(TempTestSuite1567652205864.groovy:35)&#xD;
Caused by: com.kms.katalon.core.exception.StepFailedException: Cannot take screenshot&#xD;
	at com.kms.katalon.core.webui.keyword.internal.WebUIKeywordMain.stepFailed(WebUIKeywordMain.groovy:64)&#xD;
	at com.kms.katalon.core.webui.keyword.internal.WebUIKeywordMain.runKeyword(WebUIKeywordMain.groovy:26)&#xD;
	at com.kms.katalon.core.webui.keyword.builtin.TakeScreenshotKeyword.takeScreenshot(TakeScreenshotKeyword.groovy:88)&#xD;
	at com.kms.katalon.core.webui.keyword.builtin.TakeScreenshotKeyword.execute(TakeScreenshotKeyword.groovy:71)&#xD;
	at com.kms.katalon.core.keyword.internal.KeywordExecutor.executeKeywordForPlatform(KeywordExecutor.groovy:56)&#xD;
	at com.kms.katalon.core.webui.keyword.WebUiBuiltInKeywords.takeScreenshot(WebUiBuiltInKeywords.groovy:2881)&#xD;
	at com.kms.katalon.core.webui.keyword.WebUiBuiltInKeywords$takeScreenshot$1.call(Unknown Source)&#xD;
	at get_screenshot.run(get_screenshot:30)&#xD;
	at com.kms.katalon.core.main.ScriptEngine.run(ScriptEngine.java:194)&#xD;
	at com.kms.katalon.core.main.ScriptEngine.runScriptAsRawText(ScriptEngine.java:119)&#xD;
	at com.kms.katalon.core.main.TestCaseExecutor.runScript(TestCaseExecutor.java:337)&#xD;
	at com.kms.katalon.core.main.TestCaseExecutor.doExecute(TestCaseExecutor.java:328)&#xD;
	at com.kms.katalon.core.main.TestCaseExecutor.processExecutionPhase(TestCaseExecutor.java:307)&#xD;
	at com.kms.katalon.core.main.TestCaseExecutor.accessMainPhase(TestCaseExecutor.java:299)&#xD;
	at com.kms.katalon.core.main.TestCaseExecutor.execute(TestCaseExecutor.java:233)&#xD;
	at com.kms.katalon.core.main.TestCaseMain.runTestCase(TestCaseMain.java:114)&#xD;
	at com.kms.katalon.core.keyword.builtin.CallTestCaseKeyword$_callTestCase_closure1.doCall(CallTestCaseKeyword.groovy:59)&#xD;
	... 20 more&#xD;
Caused by: org.openqa.selenium.WebDriverException: java.net.ConnectException: Failed to connect to localhost/0:0:0:0:0:0:0:1:41375
Build info: version: '3.141.59', revision: 'e82be7d358', time: '2018-11-14T08:25:53'
System info: host: 'SOFEE', ip: '172.16.86.47', os.name: 'Windows 7', os.arch: 'amd64', os.version: '6.1', java.version: '1.8.0_181'
Driver info: driver.version: RemoteWebDriver&#xD;
	at org.openqa.selenium.remote.service.DriverCommandExecutor.execute(DriverCommandExecutor.java:92)&#xD;
	at org.openqa.selenium.remote.RemoteWebDriver.execute(RemoteWebDriver.java:552)&#xD;
	at com.kms.katalon.selenium.driver.CChromeDriver.execute(CChromeDriver.java:20)&#xD;
	at org.openqa.selenium.remote.RemoteWebDriver.execute(RemoteWebDriver.java:609)&#xD;
	at org.openqa.selenium.remote.RemoteWebDriver.getScreenshotAs(RemoteWebDriver.java:295)&#xD;
	at com.kms.katalon.core.webui.util.FileUtil.takesScreenshot(FileUtil.java:27)&#xD;
	at com.kms.katalon.core.webui.keyword.builtin.TakeScreenshotKeyword$_takeScreenshot_closure1.doCall(TakeScreenshotKeyword.groovy:89)&#xD;
	at com.kms.katalon.core.webui.keyword.builtin.TakeScreenshotKeyword$_takeScreenshot_closure1.call(TakeScreenshotKeyword.groovy)&#xD;
	at com.kms.katalon.core.webui.keyword.internal.WebUIKeywordMain.runKeyword(WebUIKeywordMain.groovy:20)&#xD;
	at com.kms.katalon.core.webui.keyword.builtin.TakeScreenshotKeyword.takeScreenshot(TakeScreenshotKeyword.groovy:88)&#xD;
	at com.kms.katalon.core.webui.keyword.builtin.TakeScreenshotKeyword.execute(TakeScreenshotKeyword.groovy:71)&#xD;
	at com.kms.katalon.core.keyword.internal.KeywordExecutor.executeKeywordForPlatform(KeywordExecutor.groovy:56)&#xD;
	at com.kms.katalon.core.webui.keyword.WebUiBuiltInKeywords.takeScreenshot(WebUiBuiltInKeywords.groovy:2881)&#xD;
	at com.kms.katalon.core.webui.keyword.WebUiBuiltInKeywords$takeScreenshot$1.call(Unknown Source)&#xD;
	at Script1550741708646.run(Script1550741708646.groovy:30)&#xD;
	at com.kms.katalon.core.main.ScriptEngine.run(ScriptEngine.java:194)&#xD;
	at com.kms.katalon.core.main.ScriptEngine.runScriptAsRawText(ScriptEngine.java:119)&#xD;
	at com.kms.katalon.core.main.TestCaseExecutor.runScript(TestCaseExecutor.java:337)&#xD;
	at com.kms.katalon.core.main.TestCaseExecutor.doExecute(TestCaseExecutor.java:328)&#xD;
	at com.kms.katalon.core.main.TestCaseExecutor.processExecutionPhase(TestCaseExecutor.java:307)&#xD;
	at com.kms.katalon.core.main.TestCaseExecutor.accessMainPhase(TestCaseExecutor.java:299)&#xD;
	at com.kms.katalon.core.main.TestCaseExecutor.execute(TestCaseExecutor.java:233)&#xD;
	at com.kms.katalon.core.main.TestCaseMain.runTestCase(TestCaseMain.java:114)&#xD;
	at com.kms.katalon.core.keyword.builtin.CallTestCaseKeyword$_callTestCase_closure1.doCall(CallTestCaseKeyword.groovy:59)&#xD;
	at com.kms.katalon.core.keyword.builtin.CallTestCaseKeyword$_callTestCase_closure1.call(CallTestCaseKeyword.groovy)&#xD;
	at com.kms.katalon.core.keyword.internal.KeywordMain.runKeyword(KeywordMain.groovy:68)&#xD;
	at com.kms.katalon.core.keyword.builtin.CallTestCaseKeyword.callTestCase(CallTestCaseKeyword.groovy:81)&#xD;
	at com.kms.katalon.core.keyword.builtin.CallTestCaseKeyword.execute(CallTestCaseKeyword.groovy:44)&#xD;
	at com.kms.katalon.core.keyword.internal.KeywordExecutor.executeKeywordForPlatform(KeywordExecutor.groovy:56)&#xD;
	at com.kms.katalon.core.keyword.BuiltinKeywords.callTestCase(BuiltinKeywords.groovy:334)&#xD;
	at Script1548817235291.run(Script1548817235291.groovy:139)&#xD;
	... 13 more&#xD;
Caused by: java.net.ConnectException: Failed to connect to localhost/0:0:0:0:0:0:0:1:41375&#xD;
	at okhttp3.internal.connection.RealConnection.connectSocket(RealConnection.java:247)&#xD;
	at okhttp3.internal.connection.RealConnection.connect(RealConnection.java:165)&#xD;
	at okhttp3.internal.connection.StreamAllocation.findConnection(StreamAllocation.java:257)&#xD;
	at okhttp3.internal.connection.StreamAllocation.findHealthyConnection(StreamAllocation.java:135)&#xD;
	at okhttp3.internal.connection.StreamAllocation.newStream(StreamAllocation.java:114)&#xD;
	at okhttp3.internal.connection.ConnectInterceptor.intercept(ConnectInterceptor.java:42)&#xD;
	at okhttp3.internal.http.RealInterceptorChain.proceed(RealInterceptorChain.java:147)&#xD;
	at okhttp3.internal.http.RealInterceptorChain.proceed(RealInterceptorChain.java:121)&#xD;
	at okhttp3.internal.cache.CacheInterceptor.intercept(CacheInterceptor.java:93)&#xD;
	at okhttp3.internal.http.RealInterceptorChain.proceed(RealInterceptorChain.java:147)&#xD;
	at okhttp3.internal.http.RealInterceptorChain.proceed(RealInterceptorChain.java:121)&#xD;
	at okhttp3.internal.http.BridgeInterceptor.intercept(BridgeInterceptor.java:93)&#xD;
	at okhttp3.internal.http.RealInterceptorChain.proceed(RealInterceptorChain.java:147)&#xD;
	at okhttp3.internal.http.RetryAndFollowUpInterceptor.intercept(RetryAndFollowUpInterceptor.java:126)&#xD;
	at okhttp3.internal.http.RealInterceptorChain.proceed(RealInterceptorChain.java:147)&#xD;
	at okhttp3.internal.http.RealInterceptorChain.proceed(RealInterceptorChain.java:121)&#xD;
	at okhttp3.RealCall.getResponseWithInterceptorChain(RealCall.java:200)&#xD;
	at okhttp3.RealCall.execute(RealCall.java:77)&#xD;
	at org.openqa.selenium.remote.internal.OkHttpClient.execute(OkHttpClient.java:103)&#xD;
	at org.openqa.selenium.remote.HttpCommandExecutor.execute(HttpCommandExecutor.java:155)&#xD;
	at org.openqa.selenium.remote.service.DriverCommandExecutor.execute(DriverCommandExecutor.java:83)&#xD;
	... 43 more&#xD;
Caused by: java.net.ConnectException: Connection refused: connect&#xD;
	at okhttp3.internal.platform.Platform.connectSocket(Platform.java:129)&#xD;
	at okhttp3.internal.connection.RealConnection.connectSocket(RealConnection.java:245)&#xD;
	at okhttp3.internal.connection.RealConnection.connect(RealConnection.java:165)&#xD;
	at okhttp3.internal.connection.StreamAllocation.findConnection(StreamAllocation.java:257)&#xD;
	at okhttp3.internal.connection.StreamAllocation.findHealthyConnection(StreamAllocation.java:135)&#xD;
	at okhttp3.internal.connection.StreamAllocation.newStream(StreamAllocation.java:114)&#xD;
	at okhttp3.internal.connection.ConnectInterceptor.intercept(ConnectInterceptor.java:42)&#xD;
	at okhttp3.internal.http.RealInterceptorChain.proceed(RealInterceptorChain.java:147)&#xD;
	at okhttp3.internal.http.RealInterceptorChain.proceed(RealInterceptorChain.java:121)&#xD;
	at okhttp3.internal.cache.CacheInterceptor.intercept(CacheInterceptor.java:93)&#xD;
	at okhttp3.internal.http.RealInterceptorChain.proceed(RealInterceptorChain.java:147)&#xD;
	at okhttp3.internal.http.RealInterceptorChain.proceed(RealInterceptorChain.java:121)&#xD;
	at okhttp3.internal.http.BridgeInterceptor.intercept(BridgeInterceptor.java:93)&#xD;
	at okhttp3.internal.http.RealInterceptorChain.proceed(RealInterceptorChain.java:147)&#xD;
	at okhttp3.internal.http.RetryAndFollowUpInterceptor.intercept(RetryAndFollowUpInterceptor.java:126)&#xD;
	at okhttp3.internal.http.RealInterceptorChain.proceed(RealInterceptorChain.java:147)&#xD;
	at okhttp3.internal.http.RealInterceptorChain.proceed(RealInterceptorChain.java:121)&#xD;
	at okhttp3.RealCall.getResponseWithInterceptorChain(RealCall.java:200)&#xD;
	at okhttp3.RealCall.execute(RealCall.java:77)&#xD;
	at org.openqa.selenium.remote.internal.OkHttpClient.execute(OkHttpClient.java:103)&#xD;
	at org.openqa.selenium.remote.HttpCommandExecutor.execute(HttpCommandExecutor.java:155)&#xD;
	at org.openqa.selenium.remote.service.DriverCommandExecutor.execute(DriverCommandExecutor.java:83)&#xD;
	at org.openqa.selenium.remote.RemoteWebDriver.execute(RemoteWebDriver.java:552)&#xD;
	at com.kms.katalon.selenium.driver.CChromeDriver.execute(CChromeDriver.java:20)&#xD;
	at org.openqa.selenium.remote.RemoteWebDriver.execute(RemoteWebDriver.java:609)&#xD;
	at org.openqa.selenium.remote.RemoteWebDriver.getScreenshotAs(RemoteWebDriver.java:295)&#xD;
	at com.kms.katalon.core.webui.util.FileUtil.takesScreenshot(FileUtil.java:27)&#xD;
	at com.kms.katalon.core.webui.keyword.builtin.TakeScreenshotKeyword$_takeScreenshot_closure1.doCall(TakeScreenshotKeyword.groovy:89)&#xD;
	at com.kms.katalon.core.webui.keyword.builtin.TakeScreenshotKeyword$_takeScreenshot_closure1.call(TakeScreenshotKeyword.groovy)&#xD;
	at com.kms.katalon.core.webui.keyword.internal.WebUIKeywordMain.runKeyword(WebUIKeywordMain.groovy:20)&#xD;
	at com.kms.katalon.core.webui.keyword.builtin.TakeScreenshotKeyword.takeScreenshot(TakeScreenshotKeyword.groovy:88)&#xD;
	at com.kms.katalon.core.webui.keyword.builtin.TakeScreenshotKeyword.execute(TakeScreenshotKeyword.groovy:71)&#xD;
	at com.kms.katalon.core.keyword.internal.KeywordExecutor.executeKeywordForPlatform(KeywordExecutor.groovy:56)&#xD;
	at com.kms.katalon.core.webui.keyword.WebUiBuiltInKeywords.takeScreenshot(WebUiBuiltInKeywords.groovy:2881)&#xD;
	at com.kms.katalon.core.webui.keyword.WebUiBuiltInKeywords$takeScreenshot$1.call(Unknown Source)&#xD;
	at get_screenshot.run(get_screenshot:30)&#xD;
	at com.kms.katalon.core.main.ScriptEngine.run(ScriptEngine.java:194)&#xD;
	at com.kms.katalon.core.main.ScriptEngine.runScriptAsRawText(ScriptEngine.java:119)&#xD;
	at com.kms.katalon.core.main.TestCaseExecutor.runScript(TestCaseExecutor.java:337)&#xD;
	at com.kms.katalon.core.main.TestCaseExecutor.doExecute(TestCaseExecutor.java:328)&#xD;
	at com.kms.katalon.core.main.TestCaseExecutor.processExecutionPhase(TestCaseExecutor.java:307)&#xD;
	at com.kms.katalon.core.main.TestCaseExecutor.accessMainPhase(TestCaseExecutor.java:299)&#xD;
	at com.kms.katalon.core.main.TestCaseExecutor.execute(TestCaseExecutor.java:233)&#xD;
	at com.kms.katalon.core.main.TestCaseMain.runTestCase(TestCaseMain.java:114)&#xD;
	at com.kms.katalon.core.keyword.builtin.CallTestCaseKeyword$_callTestCase_closure1.doCall(CallTestCaseKeyword.groovy:59)&#xD;
	at com.kms.katalon.core.keyword.builtin.CallTestCaseKeyword$_callTestCase_closure1.call(CallTestCaseKeyword.groovy)&#xD;
	at com.kms.katalon.core.keyword.internal.KeywordMain.runKeyword(KeywordMain.groovy:68)&#xD;
	at com.kms.katalon.core.keyword.builtin.CallTestCaseKeyword.callTestCase(CallTestCaseKeyword.groovy:81)&#xD;
	at com.kms.katalon.core.keyword.builtin.CallTestCaseKeyword.execute(CallTestCaseKeyword.groovy:44)&#xD;
	at com.kms.katalon.core.keyword.internal.KeywordExecutor.executeKeywordForPlatform(KeywordExecutor.groovy:56)&#xD;
	at com.kms.katalon.core.keyword.BuiltinKeywords.callTestCase(BuiltinKeywords.groovy:334)&#xD;
	at Teladoc.run(Teladoc:139)&#xD;
	... 13 more&#xD;
&#xD;
&#xD;
2019-09-05 10:57:06 - [TEST_STEP][PASSED] - callTestCase(findTestCase("mobileWeb/_include/get_screenPath"), ["productLine":"teladoc", "carrierName":"Teladoc"], CONTINUE_ON_FAILURE): Call Test Case 'Test Cases/mobileWeb/_include/get_screenPath' successfully&#xD;
&#xD;
2019-09-05 10:57:06 - [TEST_CASE][PASSED] - Test Cases/mobileWeb/_include/get_screenPath: Test Cases/mobileWeb/_include/get_screenPath&#xD;
&#xD;
2019-09-05 10:57:07 - [TEST_STEP][PASSED] - m = getExecutionProperties(): null&#xD;
&#xD;
2019-09-05 10:57:07 - [TEST_STEP][PASSED] - deviceName = get("mobileEmulation").get("deviceName"): null&#xD;
&#xD;
2019-09-05 10:57:07 - [TEST_STEP][PASSED] - println(deviceName): null&#xD;
&#xD;
2019-09-05 10:57:07 - [TEST_STEP][PASSED] - now = new java.util.Date(): null&#xD;
&#xD;
2019-09-05 10:57:07 - [TEST_STEP][PASSED] - mydate = now.format("yyyyMMdd_HHmmss"): null&#xD;
&#xD;
2019-09-05 10:57:07 - [TEST_STEP][PASSED] - screenPath = "../Screenshots/": null&#xD;
&#xD;
2019-09-05 10:57:08 - [TEST_STEP][PASSED] - screenPath = screenPath + deviceName + "/" + productLine + "/" + carrierName + "/" + mydate + "/": null&#xD;
&#xD;
2019-09-05 10:57:08 - [TEST_STEP][PASSED] - println(screenPath): null&#xD;
&#xD;
2019-09-05 10:57:08 - [MESSAGE][PASSED] - Call Test Case 'Test Cases/mobileWeb/_include/get_screenPath' successfully&#xD;
&#xD;
2019-09-05 10:57:08 - [TEST_STEP][PASSED] - i = 0: null&#xD;
&#xD;
2019-09-05 10:57:08 - [TEST_STEP][PASSED] - callTestCase(findTestCase("mobileWeb/_include/openWebSite"), [:], STOP_ON_FAILURE): Call Test Case 'Test Cases/mobileWeb/_include/openWebSite' successfully&#xD;
&#xD;
2019-09-05 10:57:08 - [TEST_CASE][PASSED] - Test Cases/mobileWeb/_include/openWebSite: Test Cases/mobileWeb/_include/openWebSite&#xD;
&#xD;
2019-09-05 10:57:08 - [TEST_STEP][PASSED] - openBrowser(env): Browser is opened with url: 'https://praetemptatus.agilehealthinsurance.com'&#xD;
&#xD;
2019-09-05 10:57:14 - [MESSAGE][INFO] - Starting 'Chrome' driver&#xD;
&#xD;
2019-09-05 10:57:15 - [MESSAGE][INFO] - User set preference: ['mobileEmulation', '{deviceName=iPhone X}']&#xD;
&#xD;
2019-09-05 10:57:15 - [MESSAGE][INFO] - User set preference: ['args', '[--incognito, --aggressive-cache-discard, --no-sandbox, --window-size=375,812]']&#xD;
&#xD;
2019-09-05 10:57:16 - [MESSAGE][INFO] - Action delay is set to 0 seconds&#xD;
&#xD;
2019-09-05 10:58:44 - [MESSAGE][PASSED] - Browser is opened with url: 'https://praetemptatus.agilehealthinsurance.com'&#xD;
&#xD;
2019-09-05 10:58:44 - [TEST_STEP][PASSED] - waitForPageLoad(20): Wait for page load successfully&#xD;
&#xD;
2019-09-05 10:58:45 - [MESSAGE][PASSED] - Wait for page load successfully&#xD;
&#xD;
2019-09-05 10:58:45 - [TEST_STEP][PASSED] - callTestCase(findTestCase("mobileWeb/_include/get_screenshot"), [:], STOP_ON_FAILURE): Call Test Case 'Test Cases/mobileWeb/_include/get_screenshot' successfully&#xD;
&#xD;
2019-09-05 10:58:45 - [TEST_CASE][PASSED] - Test Cases/mobileWeb/_include/get_screenshot: Test Cases/mobileWeb/_include/get_screenshot&#xD;
&#xD;
2019-09-05 10:58:47 - [TEST_STEP][PASSED] - takeScreenshot(screenPath + i + ".png"): Taking screenshot successfully&#xD;
&#xD;
2019-09-05 10:59:02 - [MESSAGE][PASSED] - Taking screenshot successfully&#xD;
[[ATTACHMENT|D:\\Test\\AgileTest\\AgileTest\\Reports\\mobileWeb\\teladoc\\20190905_105645\\../Screenshots/iPhone X/teladoc/Teladoc/20190905_105707/0.png]]&#xD;
&#xD;
2019-09-05 10:59:02 - [TEST_STEP][PASSED] - (internal.GlobalVariable.i++): null&#xD;
&#xD;
2019-09-05 10:59:02 - [MESSAGE][PASSED] - Call Test Case 'Test Cases/mobileWeb/_include/get_screenshot' successfully&#xD;
&#xD;
2019-09-05 10:59:02 - [MESSAGE][PASSED] - Call Test Case 'Test Cases/mobileWeb/_include/openWebSite' successfully&#xD;
&#xD;
2019-09-05 10:59:02 - [TEST_STEP][PASSED] - click(findTestObject("mobileSanity/Common/side_nav/menu")): Object: 'Object Repository/mobileSanity/Common/side_nav/menu' is clicked on&#xD;
&#xD;
2019-09-05 10:59:24 - [MESSAGE][PASSED] - Object: 'Object Repository/mobileSanity/Common/side_nav/menu' is clicked on&#xD;
&#xD;
2019-09-05 10:59:24 - [TEST_STEP][PASSED] - Thread.sleep(3000): null&#xD;
&#xD;
2019-09-05 10:59:27 - [TEST_STEP][PASSED] - callTestCase(findTestCase("mobileWeb/_include/get_screenshot"), [:], STOP_ON_FAILURE): Call Test Case 'Test Cases/mobileWeb/_include/get_screenshot' successfully&#xD;
&#xD;
2019-09-05 10:59:27 - [TEST_CASE][PASSED] - Test Cases/mobileWeb/_include/get_screenshot: Test Cases/mobileWeb/_include/get_screenshot&#xD;
&#xD;
2019-09-05 10:59:28 - [TEST_STEP][PASSED] - takeScreenshot(screenPath + i + ".png"): Taking screenshot successfully&#xD;
&#xD;
2019-09-05 10:59:29 - [MESSAGE][PASSED] - Taking screenshot successfully&#xD;
[[ATTACHMENT|D:\\Test\\AgileTest\\AgileTest\\Reports\\mobileWeb\\teladoc\\20190905_105645\\../Screenshots/iPhone X/teladoc/Teladoc/20190905_105707/1.png]]&#xD;
&#xD;
2019-09-05 10:59:29 - [TEST_STEP][PASSED] - (internal.GlobalVariable.i++): null&#xD;
&#xD;
2019-09-05 10:59:29 - [MESSAGE][PASSED] - Call Test Case 'Test Cases/mobileWeb/_include/get_screenshot' successfully&#xD;
&#xD;
2019-09-05 10:59:29 - [TEST_STEP][PASSED] - click(findTestObject("mobileSanity/Common/side_nav/nav_teladoc")): Object: 'Object Repository/mobileSanity/Common/side_nav/nav_teladoc' is clicked on&#xD;
&#xD;
2019-09-05 10:59:47 - [MESSAGE][PASSED] - Object: 'Object Repository/mobileSanity/Common/side_nav/nav_teladoc' is clicked on&#xD;
&#xD;
2019-09-05 10:59:47 - [TEST_STEP][PASSED] - waitForPageLoad(20): Wait for page load successfully&#xD;
&#xD;
2019-09-05 10:59:51 - [MESSAGE][PASSED] - Wait for page load successfully&#xD;
&#xD;
2019-09-05 10:59:51 - [TEST_STEP][PASSED] - waitForElementVisible(findTestObject("mobileSanity/Teladoc/front_door_quote_button"), 20): Object 'Object Repository/mobileSanity/Teladoc/front_door_quote_button' is visible&#xD;
&#xD;
2019-09-05 10:59:53 - [MESSAGE][PASSED] - Object 'Object Repository/mobileSanity/Teladoc/front_door_quote_button' is visible&#xD;
&#xD;
2019-09-05 10:59:53 - [TEST_STEP][PASSED] - callTestCase(findTestCase("mobileWeb/_include/get_screenshot"), [:], STOP_ON_FAILURE): Call Test Case 'Test Cases/mobileWeb/_include/get_screenshot' successfully&#xD;
&#xD;
2019-09-05 10:59:53 - [TEST_CASE][PASSED] - Test Cases/mobileWeb/_include/get_screenshot: Test Cases/mobileWeb/_include/get_screenshot&#xD;
&#xD;
2019-09-05 10:59:53 - [TEST_STEP][PASSED] - takeScreenshot(screenPath + i + ".png"): Taking screenshot successfully&#xD;
&#xD;
2019-09-05 10:59:54 - [MESSAGE][PASSED] - Taking screenshot successfully&#xD;
[[ATTACHMENT|D:\\Test\\AgileTest\\AgileTest\\Reports\\mobileWeb\\teladoc\\20190905_105645\\../Screenshots/iPhone X/teladoc/Teladoc/20190905_105707/2.png]]&#xD;
&#xD;
2019-09-05 10:59:54 - [TEST_STEP][PASSED] - (internal.GlobalVariable.i++): null&#xD;
&#xD;
2019-09-05 10:59:54 - [MESSAGE][PASSED] - Call Test Case 'Test Cases/mobileWeb/_include/get_screenshot' successfully&#xD;
&#xD;
2019-09-05 10:59:54 - [TEST_STEP][PASSED] - click(findTestObject("mobileSanity/Teladoc/front_door_quote_button")): Object: 'Object Repository/mobileSanity/Teladoc/front_door_quote_button' is clicked on&#xD;
&#xD;
2019-09-05 10:59:59 - [MESSAGE][PASSED] - Object: 'Object Repository/mobileSanity/Teladoc/front_door_quote_button' is clicked on&#xD;
&#xD;
2019-09-05 10:59:59 - [TEST_STEP][PASSED] - waitForPageLoad(20): Wait for page load successfully&#xD;
&#xD;
2019-09-05 11:00:00 - [MESSAGE][PASSED] - Wait for page load successfully&#xD;
&#xD;
2019-09-05 11:00:00 - [TEST_STEP][PASSED] - waitForElementVisible(findTestObject("mobileSanity/Teladoc/census/input_Location_zip-input"), 20): Object 'Object Repository/mobileSanity/Teladoc/census/input_Location_zip-input' is visible&#xD;
&#xD;
2019-09-05 11:00:00 - [MESSAGE][PASSED] - Object 'Object Repository/mobileSanity/Teladoc/census/input_Location_zip-input' is visible&#xD;
&#xD;
2019-09-05 11:00:00 - [TEST_STEP][PASSED] - callTestCase(findTestCase("mobileWeb/_include/get_screenshot"), [:], STOP_ON_FAILURE): Call Test Case 'Test Cases/mobileWeb/_include/get_screenshot' successfully&#xD;
&#xD;
2019-09-05 11:00:00 - [TEST_CASE][PASSED] - Test Cases/mobileWeb/_include/get_screenshot: Test Cases/mobileWeb/_include/get_screenshot&#xD;
&#xD;
2019-09-05 11:00:00 - [TEST_STEP][PASSED] - takeScreenshot(screenPath + i + ".png"): Taking screenshot successfully&#xD;
&#xD;
2019-09-05 11:00:01 - [MESSAGE][PASSED] - Taking screenshot successfully&#xD;
[[ATTACHMENT|D:\\Test\\AgileTest\\AgileTest\\Reports\\mobileWeb\\teladoc\\20190905_105645\\../Screenshots/iPhone X/teladoc/Teladoc/20190905_105707/3.png]]&#xD;
&#xD;
2019-09-05 11:00:01 - [TEST_STEP][PASSED] - (internal.GlobalVariable.i++): null&#xD;
&#xD;
2019-09-05 11:00:01 - [MESSAGE][PASSED] - Call Test Case 'Test Cases/mobileWeb/_include/get_screenshot' successfully&#xD;
&#xD;
2019-09-05 11:00:01 - [TEST_STEP][PASSED] - sendKeys(findTestObject("mobileSanity/Teladoc/census/input_Location_zip-input"), "35215"): Keys '35215' sent to object: 'Object Repository/mobileSanity/Teladoc/census/input_Location_zip-input'&#xD;
&#xD;
2019-09-05 11:00:02 - [MESSAGE][PASSED] - Keys '35215' sent to object: 'Object Repository/mobileSanity/Teladoc/census/input_Location_zip-input'&#xD;
&#xD;
2019-09-05 11:00:02 - [TEST_STEP][PASSED] - Thread.sleep(500): null&#xD;
&#xD;
2019-09-05 11:00:02 - [TEST_STEP][PASSED] - setText(findTestObject("mobileSanity/Teladoc/census/input_Date of Birth_dob-0"), "12121980"): Text '12121980' is set on object 'Object Repository/mobileSanity/Teladoc/census/input_Date of Birth_dob-0'&#xD;
&#xD;
2019-09-05 11:00:02 - [MESSAGE][PASSED] - Text '12121980' is set on object 'Object Repository/mobileSanity/Teladoc/census/input_Date of Birth_dob-0'&#xD;
&#xD;
2019-09-05 11:00:02 - [TEST_STEP][PASSED] - click(findTestObject("mobileSanity/Teladoc/census/label_Male")): Object: 'Object Repository/mobileSanity/Teladoc/census/label_Male' is clicked on&#xD;
&#xD;
2019-09-05 11:00:03 - [MESSAGE][PASSED] - Object: 'Object Repository/mobileSanity/Teladoc/census/label_Male' is clicked on&#xD;
&#xD;
2019-09-05 11:00:03 - [TEST_STEP][PASSED] - Thread.sleep(3000): null&#xD;
&#xD;
2019-09-05 11:00:06 - [TEST_STEP][PASSED] - click(findTestObject("mobileSanity/Teladoc/census/label_Start Secure Application")): Object: 'Object Repository/mobileSanity/Teladoc/census/label_Start Secure Application' is clicked on&#xD;
&#xD;
2019-09-05 11:00:12 - [MESSAGE][PASSED] - Object: 'Object Repository/mobileSanity/Teladoc/census/label_Start Secure Application' is clicked on&#xD;
&#xD;
2019-09-05 11:00:12 - [TEST_STEP][PASSED] - waitForPageLoad(20): Wait for page load successfully&#xD;
&#xD;
2019-09-05 11:00:13 - [MESSAGE][PASSED] - Wait for page load successfully&#xD;
&#xD;
2019-09-05 11:00:13 - [TEST_STEP][PASSED] - waitForElementPresent(findTestObject("mobileSanity/Teladoc/Page_App Page 1/input__member-P-1-firstName"), 20): Object 'Object Repository/mobileSanity/Teladoc/Page_App Page 1/input__member-P-1-firstName' is present&#xD;
&#xD;
2019-09-05 11:00:14 - [MESSAGE][PASSED] - Object 'Object Repository/mobileSanity/Teladoc/Page_App Page 1/input__member-P-1-firstName' is present&#xD;
&#xD;
2019-09-05 11:00:14 - [TEST_STEP][PASSED] - callTestCase(findTestCase("mobileWeb/_include/get_screenshot"), [:], STOP_ON_FAILURE): Call Test Case 'Test Cases/mobileWeb/_include/get_screenshot' successfully&#xD;
&#xD;
2019-09-05 11:00:14 - [TEST_CASE][PASSED] - Test Cases/mobileWeb/_include/get_screenshot: Test Cases/mobileWeb/_include/get_screenshot&#xD;
&#xD;
2019-09-05 11:00:14 - [TEST_STEP][PASSED] - takeScreenshot(screenPath + i + ".png"): Taking screenshot successfully&#xD;
&#xD;
2019-09-05 11:00:15 - [MESSAGE][PASSED] - Taking screenshot successfully&#xD;
[[ATTACHMENT|D:\\Test\\AgileTest\\AgileTest\\Reports\\mobileWeb\\teladoc\\20190905_105645\\../Screenshots/iPhone X/teladoc/Teladoc/20190905_105707/4.png]]&#xD;
&#xD;
2019-09-05 11:00:15 - [TEST_STEP][PASSED] - (internal.GlobalVariable.i++): null&#xD;
&#xD;
2019-09-05 11:00:15 - [MESSAGE][PASSED] - Call Test Case 'Test Cases/mobileWeb/_include/get_screenshot' successfully&#xD;
&#xD;
2019-09-05 11:00:15 - [TEST_STEP][PASSED] - callTestCase(findTestCase("mobileWeb/_include/name"), [:], STOP_ON_FAILURE): Call Test Case 'Test Cases/mobileWeb/_include/name' successfully&#xD;
&#xD;
2019-09-05 11:00:15 - [TEST_CASE][PASSED] - Test Cases/mobileWeb/_include/name: Test Cases/mobileWeb/_include/name&#xD;
&#xD;
2019-09-05 11:00:16 - [TEST_STEP][PASSED] - driver = getWebDriver(): null&#xD;
&#xD;
2019-09-05 11:00:16 - [TEST_STEP][PASSED] - selenium = new com.thoughtworks.selenium.webdriven.WebDriverBackedSelenium(driver, internal.GlobalVariable.ENV): null&#xD;
&#xD;
2019-09-05 11:00:17 - [TEST_STEP][PASSED] - FirstName = "Test-123": null&#xD;
&#xD;
2019-09-05 11:00:17 - [TEST_STEP][PASSED] - LastName = selenium.getEval("{var x="ABCDEFGHIJKLMNOPQRSTUVWXYZabcdefghijklmnopqrstuvwxyz"; var tmp="ZZ11-"; for (i=0;i&lt;8;i++) tmp+=x.charAt(Math.ceil(51*Math.random()));tmp;}"): null&#xD;
&#xD;
2019-09-05 11:00:17 - [TEST_STEP][PASSED] - Address = selenium.getEval("{var x="ABCDEFGHIJKLMNOPQRSTUVWXYZabcdefghijklmnopqrstuvwxyz"; var tmp=""; for (i=0;i&lt;8;i++) tmp+=x.charAt(Math.ceil(51*Math.random()));tmp;}"): null&#xD;
&#xD;
2019-09-05 11:00:17 - [TEST_STEP][PASSED] - City = selenium.getEval("{var x="ABCDEFGHIJKLMNOPQRSTUVWXYZabcdefghijklmnopqrstuvwxyz"; var tmp=""; for (i=0;i&lt;8;i++) tmp+=x.charAt(Math.ceil(51*Math.random()));tmp;}"): null&#xD;
&#xD;
2019-09-05 11:00:17 - [TEST_STEP][PASSED] - tel1 = selenium.getEval("{var x="123456789"; var tmp=""; for (i=0;i&lt;3;i++) tmp+=x.charAt(Math.ceil(8*Math.random()));tmp;}"): null&#xD;
&#xD;
2019-09-05 11:00:17 - [TEST_STEP][PASSED] - tel2 = selenium.getEval("{var x="123456789"; var tmp=""; for (i=0;i&lt;3;i++) tmp+=x.charAt(Math.ceil(8*Math.random()));tmp;}"): null&#xD;
&#xD;
2019-09-05 11:00:17 - [TEST_STEP][PASSED] - tel3 = selenium.getEval("{var x="123456789"; var tmp=""; for (i=0;i&lt;4;i++) tmp+=x.charAt(Math.ceil(8*Math.random()));tmp;}"): null&#xD;
&#xD;
2019-09-05 11:00:17 - [TEST_STEP][PASSED] - Tel = selenium.getExpression(tel1 + "-" + tel2 + "-" + tel3): null&#xD;
&#xD;
2019-09-05 11:00:17 - [TEST_STEP][PASSED] - AutoEmail = selenium.getEval("{var x="ABCDEFGHIJKLMNOPQRSTUVWXYZabcdefghijklmnopqrstuvwxyz"; var tmp="test."; for (i=0;i&lt;8;i++) tmp+=x.charAt(Math.ceil(51*Math.random()));tmp+="@suryani.cn";}"): null&#xD;
&#xD;
2019-09-05 11:00:17 - [TEST_STEP][PASSED] - FirstName = FirstName: null&#xD;
&#xD;
2019-09-05 11:00:17 - [TEST_STEP][PASSED] - LastName = LastName: null&#xD;
&#xD;
2019-09-05 11:00:17 - [TEST_STEP][PASSED] - Address = Address: null&#xD;
&#xD;
2019-09-05 11:00:17 - [TEST_STEP][PASSED] - City = City: null&#xD;
&#xD;
2019-09-05 11:00:17 - [TEST_STEP][PASSED] - Tel = Tel: null&#xD;
&#xD;
2019-09-05 11:00:17 - [TEST_STEP][PASSED] - AutoEmail = AutoEmail: null&#xD;
&#xD;
2019-09-05 11:00:17 - [TEST_STEP][PASSED] - println(FirstName): null&#xD;
&#xD;
2019-09-05 11:00:17 - [TEST_STEP][PASSED] - println(LastName): null&#xD;
&#xD;
2019-09-05 11:00:17 - [TEST_STEP][PASSED] - println(Address): null&#xD;
&#xD;
2019-09-05 11:00:17 - [TEST_STEP][PASSED] - println(City): null&#xD;
&#xD;
2019-09-05 11:00:17 - [TEST_STEP][PASSED] - println(Tel): null&#xD;
&#xD;
2019-09-05 11:00:17 - [TEST_STEP][PASSED] - println(AutoEmail): null&#xD;
&#xD;
2019-09-05 11:00:17 - [MESSAGE][PASSED] - Call Test Case 'Test Cases/mobileWeb/_include/name' successfully&#xD;
&#xD;
2019-09-05 11:00:17 - [TEST_STEP][PASSED] - setText(findTestObject("mobileSanity/Teladoc/Page_App Page 1/input__member-P-1-firstName"), FirstName): Text 'Test-123' is set on object 'Object Repository/mobileSanity/Teladoc/Page_App Page 1/input__member-P-1-firstName'&#xD;
&#xD;
2019-09-05 11:00:18 - [MESSAGE][PASSED] - Text 'Test-123' is set on object 'Object Repository/mobileSanity/Teladoc/Page_App Page 1/input__member-P-1-firstName'&#xD;
&#xD;
2019-09-05 11:00:18 - [TEST_STEP][PASSED] - setText(findTestObject("mobileSanity/Teladoc/Page_App Page 1/input__member-P-1-lastName"), LastName): Text 'ZZ11-wvNNkEvd' is set on object 'Object Repository/mobileSanity/Teladoc/Page_App Page 1/input__member-P-1-lastName'&#xD;
&#xD;
2019-09-05 11:00:19 - [MESSAGE][PASSED] - Text 'ZZ11-wvNNkEvd' is set on object 'Object Repository/mobileSanity/Teladoc/Page_App Page 1/input__member-P-1-lastName'&#xD;
&#xD;
2019-09-05 11:00:19 - [TEST_STEP][PASSED] - selectOptionByValue(findTestObject("mobileSanity/Teladoc/Page_App Page 1/select_01020304050607"), "05", true): All options with value '05' are selected in object 'Object Repository/mobileSanity/Teladoc/Page_App Page 1/select_01020304050607'  using regular expression&#xD;
&#xD;
2019-09-05 11:00:20 - [MESSAGE][PASSED] - All options with value '05' are selected in object 'Object Repository/mobileSanity/Teladoc/Page_App Page 1/select_01020304050607'  using regular expression&#xD;
&#xD;
2019-09-05 11:00:20 - [TEST_STEP][PASSED] - selectOptionByValue(findTestObject("mobileSanity/Teladoc/Page_App Page 1/select_00102030405060708091011"), "06", true): All options with value '06' are selected in object 'Object Repository/mobileSanity/Teladoc/Page_App Page 1/select_00102030405060708091011'  using regular expression&#xD;
&#xD;
2019-09-05 11:00:22 - [MESSAGE][PASSED] - All options with value '06' are selected in object 'Object Repository/mobileSanity/Teladoc/Page_App Page 1/select_00102030405060708091011'  using regular expression&#xD;
&#xD;
2019-09-05 11:00:22 - [TEST_STEP][PASSED] - setText(findTestObject("mobileSanity/Teladoc/Page_App Page 1/input_lbs"), "180"): Text '180' is set on object 'Object Repository/mobileSanity/Teladoc/Page_App Page 1/input_lbs'&#xD;
&#xD;
2019-09-05 11:00:22 - [MESSAGE][PASSED] - Text '180' is set on object 'Object Repository/mobileSanity/Teladoc/Page_App Page 1/input_lbs'&#xD;
&#xD;
2019-09-05 11:00:22 - [TEST_STEP][PASSED] - setText(findTestObject("mobileSanity/Teladoc/Page_App Page 1/input__address"), Address): Text 'cGBTTavW' is set on object 'Object Repository/mobileSanity/Teladoc/Page_App Page 1/input__address'&#xD;
&#xD;
2019-09-05 11:00:22 - [MESSAGE][PASSED] - Text 'cGBTTavW' is set on object 'Object Repository/mobileSanity/Teladoc/Page_App Page 1/input__address'&#xD;
&#xD;
2019-09-05 11:00:22 - [TEST_STEP][PASSED] - setText(findTestObject("mobileSanity/Teladoc/Page_App Page 1/input__city"), City): Text 'JmfGUJuW' is set on object 'Object Repository/mobileSanity/Teladoc/Page_App Page 1/input__city'&#xD;
&#xD;
2019-09-05 11:00:23 - [MESSAGE][PASSED] - Text 'JmfGUJuW' is set on object 'Object Repository/mobileSanity/Teladoc/Page_App Page 1/input__city'&#xD;
&#xD;
2019-09-05 11:00:23 - [TEST_STEP][PASSED] - setText(findTestObject("mobileSanity/Teladoc/Page_App Page 1/input__email"), AutoEmail): Text 'test.GhEKolWd@suryani.cn' is set on object 'Object Repository/mobileSanity/Teladoc/Page_App Page 1/input__email'&#xD;
&#xD;
2019-09-05 11:00:24 - [MESSAGE][PASSED] - Text 'test.GhEKolWd@suryani.cn' is set on object 'Object Repository/mobileSanity/Teladoc/Page_App Page 1/input__email'&#xD;
&#xD;
2019-09-05 11:00:24 - [TEST_STEP][PASSED] - setText(findTestObject("mobileSanity/Teladoc/Page_App Page 1/input_phone number"), Tel): Text '888-444-9729' is set on object 'Object Repository/mobileSanity/Teladoc/Page_App Page 1/input_phone number'&#xD;
&#xD;
2019-09-05 11:00:25 - [MESSAGE][PASSED] - Text '888-444-9729' is set on object 'Object Repository/mobileSanity/Teladoc/Page_App Page 1/input_phone number'&#xD;
&#xD;
2019-09-05 11:00:25 - [TEST_STEP][PASSED] - click(findTestObject("mobileSanity/Teladoc/Page_App Page 1/a_Continue to Step 2 - Payment")): Object: 'Object Repository/mobileSanity/Teladoc/Page_App Page 1/a_Continue to Step 2 - Payment' is clicked on&#xD;
&#xD;
2019-09-05 11:00:25 - [MESSAGE][PASSED] - Object: 'Object Repository/mobileSanity/Teladoc/Page_App Page 1/a_Continue to Step 2 - Payment' is clicked on&#xD;
&#xD;
2019-09-05 11:00:25 - [TEST_STEP][PASSED] - waitForPageLoad(20): Wait for page load successfully&#xD;
&#xD;
2019-09-05 11:00:25 - [MESSAGE][PASSED] - Wait for page load successfully&#xD;
&#xD;
2019-09-05 11:00:25 - [TEST_STEP][PASSED] - waitForElementVisible(findTestObject("mobileSanity/Teladoc/Page_App Page 2/input__credit-card-first"), 20): Object 'Object Repository/mobileSanity/Teladoc/Page_App Page 2/input__credit-card-first' is visible&#xD;
&#xD;
2019-09-05 11:00:31 - [MESSAGE][PASSED] - Object 'Object Repository/mobileSanity/Teladoc/Page_App Page 2/input__credit-card-first' is visible&#xD;
&#xD;
2019-09-05 11:00:31 - [TEST_STEP][PASSED] - callTestCase(findTestCase("mobileWeb/_include/get_screenshot"), [:], STOP_ON_FAILURE): Call Test Case 'Test Cases/mobileWeb/_include/get_screenshot' successfully&#xD;
&#xD;
2019-09-05 11:00:31 - [TEST_CASE][PASSED] - Test Cases/mobileWeb/_include/get_screenshot: Test Cases/mobileWeb/_include/get_screenshot&#xD;
&#xD;
2019-09-05 11:00:31 - [TEST_STEP][PASSED] - takeScreenshot(screenPath + i + ".png"): Taking screenshot successfully&#xD;
&#xD;
2019-09-05 11:00:33 - [MESSAGE][PASSED] - Taking screenshot successfully&#xD;
[[ATTACHMENT|D:\\Test\\AgileTest\\AgileTest\\Reports\\mobileWeb\\teladoc\\20190905_105645\\../Screenshots/iPhone X/teladoc/Teladoc/20190905_105707/5.png]]&#xD;
&#xD;
2019-09-05 11:00:33 - [TEST_STEP][PASSED] - (internal.GlobalVariable.i++): null&#xD;
&#xD;
2019-09-05 11:00:33 - [MESSAGE][PASSED] - Call Test Case 'Test Cases/mobileWeb/_include/get_screenshot' successfully&#xD;
&#xD;
2019-09-05 11:00:33 - [TEST_STEP][PASSED] - setText(findTestObject("mobileSanity/Teladoc/Page_App Page 2/input__credit-card-first"), FirstName): Text 'Test-123' is set on object 'Object Repository/mobileSanity/Teladoc/Page_App Page 2/input__credit-card-first'&#xD;
&#xD;
2019-09-05 11:00:33 - [MESSAGE][PASSED] - Text 'Test-123' is set on object 'Object Repository/mobileSanity/Teladoc/Page_App Page 2/input__credit-card-first'&#xD;
&#xD;
2019-09-05 11:00:33 - [TEST_STEP][PASSED] - setText(findTestObject("mobileSanity/Teladoc/Page_App Page 2/input__credit-card-last"), LastName): Text 'ZZ11-wvNNkEvd' is set on object 'Object Repository/mobileSanity/Teladoc/Page_App Page 2/input__credit-card-last'&#xD;
&#xD;
2019-09-05 11:00:34 - [MESSAGE][PASSED] - Text 'ZZ11-wvNNkEvd' is set on object 'Object Repository/mobileSanity/Teladoc/Page_App Page 2/input__credit-card-last'&#xD;
&#xD;
2019-09-05 11:00:34 - [TEST_STEP][PASSED] - selectOptionByValue(findTestObject("mobileSanity/Teladoc/Page_App Page 2/select_MM010203040506070809101"), "12", true): All options with value '12' are selected in object 'Object Repository/mobileSanity/Teladoc/Page_App Page 2/select_MM010203040506070809101'  using regular expression&#xD;
&#xD;
2019-09-05 11:00:35 - [MESSAGE][PASSED] - All options with value '12' are selected in object 'Object Repository/mobileSanity/Teladoc/Page_App Page 2/select_MM010203040506070809101'  using regular expression&#xD;
&#xD;
2019-09-05 11:00:35 - [TEST_STEP][PASSED] - selectOptionByValue(findTestObject("mobileSanity/Teladoc/Page_App Page 2/select_YYYY2019202020212022202"), "2026", true): All options with value '2026' are selected in object 'Object Repository/mobileSanity/Teladoc/Page_App Page 2/select_YYYY2019202020212022202'  using regular expression&#xD;
&#xD;
2019-09-05 11:00:36 - [MESSAGE][PASSED] - All options with value '2026' are selected in object 'Object Repository/mobileSanity/Teladoc/Page_App Page 2/select_YYYY2019202020212022202'  using regular expression&#xD;
&#xD;
2019-09-05 11:00:36 - [TEST_STEP][PASSED] - setText(findTestObject("mobileSanity/Teladoc/Page_App Page 2/input__credit-card-number"), "4111111111111111"): Text '4111111111111111' is set on object 'Object Repository/mobileSanity/Teladoc/Page_App Page 2/input__credit-card-number'&#xD;
&#xD;
2019-09-05 11:00:36 - [MESSAGE][PASSED] - Text '4111111111111111' is set on object 'Object Repository/mobileSanity/Teladoc/Page_App Page 2/input__credit-card-number'&#xD;
&#xD;
2019-09-05 11:00:36 - [TEST_STEP][PASSED] - setText(findTestObject("mobileSanity/Teladoc/Page_App Page 2/input__credit-card-cvv"), "122"): Text '122' is set on object 'Object Repository/mobileSanity/Teladoc/Page_App Page 2/input__credit-card-cvv'&#xD;
&#xD;
2019-09-05 11:00:37 - [MESSAGE][PASSED] - Text '122' is set on object 'Object Repository/mobileSanity/Teladoc/Page_App Page 2/input__credit-card-cvv'&#xD;
&#xD;
2019-09-05 11:00:37 - [TEST_STEP][PASSED] - click(findTestObject("mobileSanity/Teladoc/Page_App Page 2/label_My billing address is th")): Object: 'Object Repository/mobileSanity/Teladoc/Page_App Page 2/label_My billing address is th' is clicked on&#xD;
&#xD;
2019-09-05 11:00:37 - [MESSAGE][PASSED] - Object: 'Object Repository/mobileSanity/Teladoc/Page_App Page 2/label_My billing address is th' is clicked on&#xD;
&#xD;
2019-09-05 11:00:37 - [TEST_STEP][PASSED] - click(findTestObject("mobileSanity/Teladoc/Page_App Page 2/label_I Accept Authorization f")): Object: 'Object Repository/mobileSanity/Teladoc/Page_App Page 2/label_I Accept Authorization f' is clicked on&#xD;
&#xD;
2019-09-05 11:00:37 - [MESSAGE][PASSED] - Object: 'Object Repository/mobileSanity/Teladoc/Page_App Page 2/label_I Accept Authorization f' is clicked on&#xD;
&#xD;
2019-09-05 11:00:37 - [TEST_STEP][PASSED] - click(findTestObject("mobileSanity/Teladoc/Page_App Page 2/a_Continue to Step 3 - Review")): Object: 'Object Repository/mobileSanity/Teladoc/Page_App Page 2/a_Continue to Step 3 - Review' is clicked on&#xD;
&#xD;
2019-09-05 11:00:38 - [MESSAGE][PASSED] - Object: 'Object Repository/mobileSanity/Teladoc/Page_App Page 2/a_Continue to Step 3 - Review' is clicked on&#xD;
&#xD;
2019-09-05 11:00:38 - [TEST_STEP][PASSED] - waitForPageLoad(20): Wait for page load successfully&#xD;
&#xD;
2019-09-05 11:00:38 - [MESSAGE][PASSED] - Wait for page load successfully&#xD;
&#xD;
2019-09-05 11:00:38 - [TEST_STEP][PASSED] - waitForElementPresent(findTestObject("mobileSanity/Teladoc/Page_App Page 3/label"), 20): Object 'Object Repository/mobileSanity/Teladoc/Page_App Page 3/label' is present&#xD;
&#xD;
2019-09-05 11:00:50 - [MESSAGE][PASSED] - Object 'Object Repository/mobileSanity/Teladoc/Page_App Page 3/label' is present&#xD;
&#xD;
2019-09-05 11:00:50 - [TEST_STEP][PASSED] - Thread.sleep(5000): null&#xD;
&#xD;
2019-09-05 11:00:55 - [TEST_STEP][PASSED] - callTestCase(findTestCase("mobileWeb/_include/get_screenshot"), [:], STOP_ON_FAILURE): Call Test Case 'Test Cases/mobileWeb/_include/get_screenshot' successfully&#xD;
&#xD;
2019-09-05 11:00:56 - [TEST_CASE][PASSED] - Test Cases/mobileWeb/_include/get_screenshot: Test Cases/mobileWeb/_include/get_screenshot&#xD;
&#xD;
2019-09-05 11:00:56 - [TEST_STEP][PASSED] - takeScreenshot(screenPath + i + ".png"): Taking screenshot successfully&#xD;
&#xD;
2019-09-05 11:00:56 - [MESSAGE][PASSED] - Taking screenshot successfully&#xD;
[[ATTACHMENT|D:\\Test\\AgileTest\\AgileTest\\Reports\\mobileWeb\\teladoc\\20190905_105645\\../Screenshots/iPhone X/teladoc/Teladoc/20190905_105707/6.png]]&#xD;
&#xD;
2019-09-05 11:00:56 - [TEST_STEP][PASSED] - (internal.GlobalVariable.i++): null&#xD;
&#xD;
2019-09-05 11:00:56 - [MESSAGE][PASSED] - Call Test Case 'Test Cases/mobileWeb/_include/get_screenshot' successfully&#xD;
&#xD;
2019-09-05 11:00:56 - [TEST_STEP][PASSED] - scrollToElement(findTestObject("mobileSanity/Teladoc/Page_App Page 3/label"), 10): Scroll to object 'Object Repository/mobileSanity/Teladoc/Page_App Page 3/label' successfully&#xD;
&#xD;
2019-09-05 11:00:56 - [MESSAGE][PASSED] - Scroll to object 'Object Repository/mobileSanity/Teladoc/Page_App Page 3/label' successfully&#xD;
&#xD;
2019-09-05 11:00:56 - [TEST_STEP][PASSED] - waitForElementClickable(findTestObject("mobileSanity/Teladoc/Page_App Page 3/label"), 10): Object 'Object Repository/mobileSanity/Teladoc/Page_App Page 3/label' is clickable&#xD;
&#xD;
2019-09-05 11:00:56 - [MESSAGE][PASSED] - Object 'Object Repository/mobileSanity/Teladoc/Page_App Page 3/label' is clickable&#xD;
&#xD;
2019-09-05 11:00:56 - [TEST_STEP][PASSED] - click(findTestObject("mobileSanity/Teladoc/Page_App Page 3/label")): Object: 'Object Repository/mobileSanity/Teladoc/Page_App Page 3/label' is clicked on&#xD;
&#xD;
2019-09-05 11:00:57 - [MESSAGE][PASSED] - Object: 'Object Repository/mobileSanity/Teladoc/Page_App Page 3/label' is clicked on&#xD;
&#xD;
2019-09-05 11:00:57 - [TEST_STEP][PASSED] - click(findTestObject("mobileSanity/Teladoc/Page_App Page 3/p_")): Object: 'Object Repository/mobileSanity/Teladoc/Page_App Page 3/p_' is clicked on&#xD;
&#xD;
2019-09-05 11:00:57 - [MESSAGE][PASSED] - Object: 'Object Repository/mobileSanity/Teladoc/Page_App Page 3/p_' is clicked on&#xD;
&#xD;
2019-09-05 11:00:57 - [TEST_STEP][PASSED] - click(findTestObject("mobileSanity/Teladoc/Page_App Page 3/a_Submit Your Application")): Object: 'Object Repository/mobileSanity/Teladoc/Page_App Page 3/a_Submit Your Application' is clicked on&#xD;
&#xD;
2019-09-05 11:00:57 - [MESSAGE][PASSED] - Object: 'Object Repository/mobileSanity/Teladoc/Page_App Page 3/a_Submit Your Application' is clicked on&#xD;
&#xD;
2019-09-05 11:00:57 - [TEST_STEP][PASSED] - Thread.sleep(50000): null&#xD;
&#xD;
2019-09-05 11:01:47 - [TEST_STEP][FAILED] - callTestCase(findTestCase("mobileWeb/_include/get_screenshot"), [:], STOP_ON_FAILURE): Unable to call Test Case 'Test Cases/mobileWeb/_include/get_screenshot' (Root cause: com.kms.katalon.core.exception.StepFailedException: Call Test Case 'Test Cases/mobileWeb/_include/get_screenshot' failed&#xD;
	at com.kms.katalon.core.keyword.builtin.CallTestCaseKeyword$_callTestCase_closure1.doCall(CallTestCaseKeyword.groovy:63)&#xD;
	at com.kms.katalon.core.keyword.builtin.CallTestCaseKeyword$_callTestCase_closure1.call(CallTestCaseKeyword.groovy)&#xD;
	at com.kms.katalon.core.keyword.internal.KeywordMain.runKeyword(KeywordMain.groovy:68)&#xD;
	at com.kms.katalon.core.keyword.builtin.CallTestCaseKeyword.callTestCase(CallTestCaseKeyword.groovy:81)&#xD;
	at com.kms.katalon.core.keyword.builtin.CallTestCaseKeyword.execute(CallTestCaseKeyword.groovy:44)&#xD;
	at com.kms.katalon.core.keyword.internal.KeywordExecutor.executeKeywordForPlatform(KeywordExecutor.groovy:56)&#xD;
	at com.kms.katalon.core.keyword.BuiltinKeywords.callTestCase(BuiltinKeywords.groovy:334)&#xD;
	at Teladoc.run(Teladoc:139)&#xD;
	at com.kms.katalon.core.main.ScriptEngine.run(ScriptEngine.java:194)&#xD;
	at com.kms.katalon.core.main.ScriptEngine.runScriptAsRawText(ScriptEngine.java:119)&#xD;
	at com.kms.katalon.core.main.TestCaseExecutor.runScript(TestCaseExecutor.java:337)&#xD;
	at com.kms.katalon.core.main.TestCaseExecutor.doExecute(TestCaseExecutor.java:328)&#xD;
	at com.kms.katalon.core.main.TestCaseExecutor.processExecutionPhase(TestCaseExecutor.java:307)&#xD;
	at com.kms.katalon.core.main.TestCaseExecutor.accessMainPhase(TestCaseExecutor.java:299)&#xD;
	at com.kms.katalon.core.main.TestCaseExecutor.execute(TestCaseExecutor.java:233)&#xD;
	at com.kms.katalon.core.main.TestSuiteExecutor.accessTestCaseMainPhase(TestSuiteExecutor.java:133)&#xD;
	at com.kms.katalon.core.main.TestSuiteExecutor.accessTestSuiteMainPhase(TestSuiteExecutor.java:116)&#xD;
	at com.kms.katalon.core.main.TestSuiteExecutor.execute(TestSuiteExecutor.java:83)&#xD;
	at com.kms.katalon.core.main.TestCaseMain.startTestSuite(TestCaseMain.java:157)&#xD;
	at com.kms.katalon.core.main.TestCaseMain$startTestSuite$0.call(Unknown Source)&#xD;
	at TempTestSuite1567652205864.run(TempTestSuite1567652205864.groovy:35)&#xD;
Caused by: com.kms.katalon.core.exception.StepFailedException: Cannot take screenshot&#xD;
	at com.kms.katalon.core.webui.keyword.internal.WebUIKeywordMain.stepFailed(WebUIKeywordMain.groovy:64)&#xD;
	at com.kms.katalon.core.webui.keyword.internal.WebUIKeywordMain.runKeyword(WebUIKeywordMain.groovy:26)&#xD;
	at com.kms.katalon.core.webui.keyword.builtin.TakeScreenshotKeyword.takeScreenshot(TakeScreenshotKeyword.groovy:88)&#xD;
	at com.kms.katalon.core.webui.keyword.builtin.TakeScreenshotKeyword.execute(TakeScreenshotKeyword.groovy:71)&#xD;
	at com.kms.katalon.core.keyword.internal.KeywordExecutor.executeKeywordForPlatform(KeywordExecutor.groovy:56)&#xD;
	at com.kms.katalon.core.webui.keyword.WebUiBuiltInKeywords.takeScreenshot(WebUiBuiltInKeywords.groovy:2881)&#xD;
	at com.kms.katalon.core.webui.keyword.WebUiBuiltInKeywords$takeScreenshot$1.call(Unknown Source)&#xD;
	at get_screenshot.run(get_screenshot:30)&#xD;
	at com.kms.katalon.core.main.ScriptEngine.run(ScriptEngine.java:194)&#xD;
	at com.kms.katalon.core.main.ScriptEngine.runScriptAsRawText(ScriptEngine.java:119)&#xD;
	at com.kms.katalon.core.main.TestCaseExecutor.runScript(TestCaseExecutor.java:337)&#xD;
	at com.kms.katalon.core.main.TestCaseExecutor.doExecute(TestCaseExecutor.java:328)&#xD;
	at com.kms.katalon.core.main.TestCaseExecutor.processExecutionPhase(TestCaseExecutor.java:307)&#xD;
	at com.kms.katalon.core.main.TestCaseExecutor.accessMainPhase(TestCaseExecutor.java:299)&#xD;
	at com.kms.katalon.core.main.TestCaseExecutor.execute(TestCaseExecutor.java:233)&#xD;
	at com.kms.katalon.core.main.TestCaseMain.runTestCase(TestCaseMain.java:114)&#xD;
	at com.kms.katalon.core.keyword.builtin.CallTestCaseKeyword$_callTestCase_closure1.doCall(CallTestCaseKeyword.groovy:59)&#xD;
	... 20 more&#xD;
Caused by: org.openqa.selenium.WebDriverException: java.net.ConnectException: Failed to connect to localhost/0:0:0:0:0:0:0:1:41375
Build info: version: '3.141.59', revision: 'e82be7d358', time: '2018-11-14T08:25:53'
System info: host: 'SOFEE', ip: '172.16.86.47', os.name: 'Windows 7', os.arch: 'amd64', os.version: '6.1', java.version: '1.8.0_181'
Driver info: driver.version: RemoteWebDriver&#xD;
	at org.openqa.selenium.remote.service.DriverCommandExecutor.execute(DriverCommandExecutor.java:92)&#xD;
	at org.openqa.selenium.remote.RemoteWebDriver.execute(RemoteWebDriver.java:552)&#xD;
	at com.kms.katalon.selenium.driver.CChromeDriver.execute(CChromeDriver.java:20)&#xD;
	at org.openqa.selenium.remote.RemoteWebDriver.execute(RemoteWebDriver.java:609)&#xD;
	at org.openqa.selenium.remote.RemoteWebDriver.getScreenshotAs(RemoteWebDriver.java:295)&#xD;
	at com.kms.katalon.core.webui.util.FileUtil.takesScreenshot(FileUtil.java:27)&#xD;
	at com.kms.katalon.core.webui.keyword.builtin.TakeScreenshotKeyword$_takeScreenshot_closure1.doCall(TakeScreenshotKeyword.groovy:89)&#xD;
	at com.kms.katalon.core.webui.keyword.builtin.TakeScreenshotKeyword$_takeScreenshot_closure1.call(TakeScreenshotKeyword.groovy)&#xD;
	at com.kms.katalon.core.webui.keyword.internal.WebUIKeywordMain.runKeyword(WebUIKeywordMain.groovy:20)&#xD;
	at com.kms.katalon.core.webui.keyword.builtin.TakeScreenshotKeyword.takeScreenshot(TakeScreenshotKeyword.groovy:88)&#xD;
	at com.kms.katalon.core.webui.keyword.builtin.TakeScreenshotKeyword.execute(TakeScreenshotKeyword.groovy:71)&#xD;
	at com.kms.katalon.core.keyword.internal.KeywordExecutor.executeKeywordForPlatform(KeywordExecutor.groovy:56)&#xD;
	at com.kms.katalon.core.webui.keyword.WebUiBuiltInKeywords.takeScreenshot(WebUiBuiltInKeywords.groovy:2881)&#xD;
	at com.kms.katalon.core.webui.keyword.WebUiBuiltInKeywords$takeScreenshot$1.call(Unknown Source)&#xD;
	at Script1550741708646.run(Script1550741708646.groovy:30)&#xD;
	at com.kms.katalon.core.main.ScriptEngine.run(ScriptEngine.java:194)&#xD;
	at com.kms.katalon.core.main.ScriptEngine.runScriptAsRawText(ScriptEngine.java:119)&#xD;
	at com.kms.katalon.core.main.TestCaseExecutor.runScript(TestCaseExecutor.java:337)&#xD;
	at com.kms.katalon.core.main.TestCaseExecutor.doExecute(TestCaseExecutor.java:328)&#xD;
	at com.kms.katalon.core.main.TestCaseExecutor.processExecutionPhase(TestCaseExecutor.java:307)&#xD;
	at com.kms.katalon.core.main.TestCaseExecutor.accessMainPhase(TestCaseExecutor.java:299)&#xD;
	at com.kms.katalon.core.main.TestCaseExecutor.execute(TestCaseExecutor.java:233)&#xD;
	at com.kms.katalon.core.main.TestCaseMain.runTestCase(TestCaseMain.java:114)&#xD;
	at com.kms.katalon.core.keyword.builtin.CallTestCaseKeyword$_callTestCase_closure1.doCall(CallTestCaseKeyword.groovy:59)&#xD;
	at com.kms.katalon.core.keyword.builtin.CallTestCaseKeyword$_callTestCase_closure1.call(CallTestCaseKeyword.groovy)&#xD;
	at com.kms.katalon.core.keyword.internal.KeywordMain.runKeyword(KeywordMain.groovy:68)&#xD;
	at com.kms.katalon.core.keyword.builtin.CallTestCaseKeyword.callTestCase(CallTestCaseKeyword.groovy:81)&#xD;
	at com.kms.katalon.core.keyword.builtin.CallTestCaseKeyword.execute(CallTestCaseKeyword.groovy:44)&#xD;
	at com.kms.katalon.core.keyword.internal.KeywordExecutor.executeKeywordForPlatform(KeywordExecutor.groovy:56)&#xD;
	at com.kms.katalon.core.keyword.BuiltinKeywords.callTestCase(BuiltinKeywords.groovy:334)&#xD;
	at Script1548817235291.run(Script1548817235291.groovy:139)&#xD;
	... 13 more&#xD;
Caused by: java.net.ConnectException: Failed to connect to localhost/0:0:0:0:0:0:0:1:41375&#xD;
	at okhttp3.internal.connection.RealConnection.connectSocket(RealConnection.java:247)&#xD;
	at okhttp3.internal.connection.RealConnection.connect(RealConnection.java:165)&#xD;
	at okhttp3.internal.connection.StreamAllocation.findConnection(StreamAllocation.java:257)&#xD;
	at okhttp3.internal.connection.StreamAllocation.findHealthyConnection(StreamAllocation.java:135)&#xD;
	at okhttp3.internal.connection.StreamAllocation.newStream(StreamAllocation.java:114)&#xD;
	at okhttp3.internal.connection.ConnectInterceptor.intercept(ConnectInterceptor.java:42)&#xD;
	at okhttp3.internal.http.RealInterceptorChain.proceed(RealInterceptorChain.java:147)&#xD;
	at okhttp3.internal.http.RealInterceptorChain.proceed(RealInterceptorChain.java:121)&#xD;
	at okhttp3.internal.cache.CacheInterceptor.intercept(CacheInterceptor.java:93)&#xD;
	at okhttp3.internal.http.RealInterceptorChain.proceed(RealInterceptorChain.java:147)&#xD;
	at okhttp3.internal.http.RealInterceptorChain.proceed(RealInterceptorChain.java:121)&#xD;
	at okhttp3.internal.http.BridgeInterceptor.intercept(BridgeInterceptor.java:93)&#xD;
	at okhttp3.internal.http.RealInterceptorChain.proceed(RealInterceptorChain.java:147)&#xD;
	at okhttp3.internal.http.RetryAndFollowUpInterceptor.intercept(RetryAndFollowUpInterceptor.java:126)&#xD;
	at okhttp3.internal.http.RealInterceptorChain.proceed(RealInterceptorChain.java:147)&#xD;
	at okhttp3.internal.http.RealInterceptorChain.proceed(RealInterceptorChain.java:121)&#xD;
	at okhttp3.RealCall.getResponseWithInterceptorChain(RealCall.java:200)&#xD;
	at okhttp3.RealCall.execute(RealCall.java:77)&#xD;
	at org.openqa.selenium.remote.internal.OkHttpClient.execute(OkHttpClient.java:103)&#xD;
	at org.openqa.selenium.remote.HttpCommandExecutor.execute(HttpCommandExecutor.java:155)&#xD;
	at org.openqa.selenium.remote.service.DriverCommandExecutor.execute(DriverCommandExecutor.java:83)&#xD;
	... 43 more&#xD;
Caused by: java.net.ConnectException: Connection refused: connect&#xD;
	at okhttp3.internal.platform.Platform.connectSocket(Platform.java:129)&#xD;
	at okhttp3.internal.connection.RealConnection.connectSocket(RealConnection.java:245)&#xD;
	at okhttp3.internal.connection.RealConnection.connect(RealConnection.java:165)&#xD;
	at okhttp3.internal.connection.StreamAllocation.findConnection(StreamAllocation.java:257)&#xD;
	at okhttp3.internal.connection.StreamAllocation.findHealthyConnection(StreamAllocation.java:135)&#xD;
	at okhttp3.internal.connection.StreamAllocation.newStream(StreamAllocation.java:114)&#xD;
	at okhttp3.internal.connection.ConnectInterceptor.intercept(ConnectInterceptor.java:42)&#xD;
	at okhttp3.internal.http.RealInterceptorChain.proceed(RealInterceptorChain.java:147)&#xD;
	at okhttp3.internal.http.RealInterceptorChain.proceed(RealInterceptorChain.java:121)&#xD;
	at okhttp3.internal.cache.CacheInterceptor.intercept(CacheInterceptor.java:93)&#xD;
	at okhttp3.internal.http.RealInterceptorChain.proceed(RealInterceptorChain.java:147)&#xD;
	at okhttp3.internal.http.RealInterceptorChain.proceed(RealInterceptorChain.java:121)&#xD;
	at okhttp3.internal.http.BridgeInterceptor.intercept(BridgeInterceptor.java:93)&#xD;
	at okhttp3.internal.http.RealInterceptorChain.proceed(RealInterceptorChain.java:147)&#xD;
	at okhttp3.internal.http.RetryAndFollowUpInterceptor.intercept(RetryAndFollowUpInterceptor.java:126)&#xD;
	at okhttp3.internal.http.RealInterceptorChain.proceed(RealInterceptorChain.java:147)&#xD;
	at okhttp3.internal.http.RealInterceptorChain.proceed(RealInterceptorChain.java:121)&#xD;
	at okhttp3.RealCall.getResponseWithInterceptorChain(RealCall.java:200)&#xD;
	at okhttp3.RealCall.execute(RealCall.java:77)&#xD;
	at org.openqa.selenium.remote.internal.OkHttpClient.execute(OkHttpClient.java:103)&#xD;
	at org.openqa.selenium.remote.HttpCommandExecutor.execute(HttpCommandExecutor.java:155)&#xD;
	at org.openqa.selenium.remote.service.DriverCommandExecutor.execute(DriverCommandExecutor.java:83)&#xD;
	at org.openqa.selenium.remote.RemoteWebDriver.execute(RemoteWebDriver.java:552)&#xD;
	at com.kms.katalon.selenium.driver.CChromeDriver.execute(CChromeDriver.java:20)&#xD;
	at org.openqa.selenium.remote.RemoteWebDriver.execute(RemoteWebDriver.java:609)&#xD;
	at org.openqa.selenium.remote.RemoteWebDriver.getScreenshotAs(RemoteWebDriver.java:295)&#xD;
	at com.kms.katalon.core.webui.util.FileUtil.takesScreenshot(FileUtil.java:27)&#xD;
	at com.kms.katalon.core.webui.keyword.builtin.TakeScreenshotKeyword$_takeScreenshot_closure1.doCall(TakeScreenshotKeyword.groovy:89)&#xD;
	at com.kms.katalon.core.webui.keyword.builtin.TakeScreenshotKeyword$_takeScreenshot_closure1.call(TakeScreenshotKeyword.groovy)&#xD;
	at com.kms.katalon.core.webui.keyword.internal.WebUIKeywordMain.runKeyword(WebUIKeywordMain.groovy:20)&#xD;
	at com.kms.katalon.core.webui.keyword.builtin.TakeScreenshotKeyword.takeScreenshot(TakeScreenshotKeyword.groovy:88)&#xD;
	at com.kms.katalon.core.webui.keyword.builtin.TakeScreenshotKeyword.execute(TakeScreenshotKeyword.groovy:71)&#xD;
	at com.kms.katalon.core.keyword.internal.KeywordExecutor.executeKeywordForPlatform(KeywordExecutor.groovy:56)&#xD;
	at com.kms.katalon.core.webui.keyword.WebUiBuiltInKeywords.takeScreenshot(WebUiBuiltInKeywords.groovy:2881)&#xD;
	at com.kms.katalon.core.webui.keyword.WebUiBuiltInKeywords$takeScreenshot$1.call(Unknown Source)&#xD;
	at get_screenshot.run(get_screenshot:30)&#xD;
	at com.kms.katalon.core.main.ScriptEngine.run(ScriptEngine.java:194)&#xD;
	at com.kms.katalon.core.main.ScriptEngine.runScriptAsRawText(ScriptEngine.java:119)&#xD;
	at com.kms.katalon.core.main.TestCaseExecutor.runScript(TestCaseExecutor.java:337)&#xD;
	at com.kms.katalon.core.main.TestCaseExecutor.doExecute(TestCaseExecutor.java:328)&#xD;
	at com.kms.katalon.core.main.TestCaseExecutor.processExecutionPhase(TestCaseExecutor.java:307)&#xD;
	at com.kms.katalon.core.main.TestCaseExecutor.accessMainPhase(TestCaseExecutor.java:299)&#xD;
	at com.kms.katalon.core.main.TestCaseExecutor.execute(TestCaseExecutor.java:233)&#xD;
	at com.kms.katalon.core.main.TestCaseMain.runTestCase(TestCaseMain.java:114)&#xD;
	at com.kms.katalon.core.keyword.builtin.CallTestCaseKeyword$_callTestCase_closure1.doCall(CallTestCaseKeyword.groovy:59)&#xD;
	at com.kms.katalon.core.keyword.builtin.CallTestCaseKeyword$_callTestCase_closure1.call(CallTestCaseKeyword.groovy)&#xD;
	at com.kms.katalon.core.keyword.internal.KeywordMain.runKeyword(KeywordMain.groovy:68)&#xD;
	at com.kms.katalon.core.keyword.builtin.CallTestCaseKeyword.callTestCase(CallTestCaseKeyword.groovy:81)&#xD;
	at com.kms.katalon.core.keyword.builtin.CallTestCaseKeyword.execute(CallTestCaseKeyword.groovy:44)&#xD;
	at com.kms.katalon.core.keyword.internal.KeywordExecutor.executeKeywordForPlatform(KeywordExecutor.groovy:56)&#xD;
	at com.kms.katalon.core.keyword.BuiltinKeywords.callTestCase(BuiltinKeywords.groovy:334)&#xD;
	at Teladoc.run(Teladoc:139)&#xD;
	... 13 more&#xD;
)&#xD;
&#xD;
2019-09-05 11:01:47 - [TEST_CASE][FAILED] - Test Cases/mobileWeb/_include/get_screenshot: Test Cases/mobileWeb/_include/get_screenshot FAILED.
Reason:
com.kms.katalon.core.exception.StepFailedException: Cannot take screenshot&#xD;
	at com.kms.katalon.core.webui.keyword.internal.WebUIKeywordMain.stepFailed(WebUIKeywordMain.groovy:64)&#xD;
	at com.kms.katalon.core.webui.keyword.internal.WebUIKeywordMain.runKeyword(WebUIKeywordMain.groovy:26)&#xD;
	at com.kms.katalon.core.webui.keyword.builtin.TakeScreenshotKeyword.takeScreenshot(TakeScreenshotKeyword.groovy:88)&#xD;
	at com.kms.katalon.core.webui.keyword.builtin.TakeScreenshotKeyword.execute(TakeScreenshotKeyword.groovy:71)&#xD;
	at com.kms.katalon.core.keyword.internal.KeywordExecutor.executeKeywordForPlatform(KeywordExecutor.groovy:56)&#xD;
	at com.kms.katalon.core.webui.keyword.WebUiBuiltInKeywords.takeScreenshot(WebUiBuiltInKeywords.groovy:2881)&#xD;
	at com.kms.katalon.core.webui.keyword.WebUiBuiltInKeywords$takeScreenshot$1.call(Unknown Source)&#xD;
	at get_screenshot.run(get_screenshot:30)&#xD;
	at com.kms.katalon.core.main.ScriptEngine.run(ScriptEngine.java:194)&#xD;
	at com.kms.katalon.core.main.ScriptEngine.runScriptAsRawText(ScriptEngine.java:119)&#xD;
	at com.kms.katalon.core.main.TestCaseExecutor.runScript(TestCaseExecutor.java:337)&#xD;
	at com.kms.katalon.core.main.TestCaseExecutor.doExecute(TestCaseExecutor.java:328)&#xD;
	at com.kms.katalon.core.main.TestCaseExecutor.processExecutionPhase(TestCaseExecutor.java:307)&#xD;
	at com.kms.katalon.core.main.TestCaseExecutor.accessMainPhase(TestCaseExecutor.java:299)&#xD;
	at com.kms.katalon.core.main.TestCaseExecutor.execute(TestCaseExecutor.java:233)&#xD;
	at com.kms.katalon.core.main.TestCaseMain.runTestCase(TestCaseMain.java:114)&#xD;
	at com.kms.katalon.core.keyword.builtin.CallTestCaseKeyword$_callTestCase_closure1.doCall(CallTestCaseKeyword.groovy:59)&#xD;
	at com.kms.katalon.core.keyword.builtin.CallTestCaseKeyword$_callTestCase_closure1.call(CallTestCaseKeyword.groovy)&#xD;
	at com.kms.katalon.core.keyword.internal.KeywordMain.runKeyword(KeywordMain.groovy:68)&#xD;
	at com.kms.katalon.core.keyword.builtin.CallTestCaseKeyword.callTestCase(CallTestCaseKeyword.groovy:81)&#xD;
	at com.kms.katalon.core.keyword.builtin.CallTestCaseKeyword.execute(CallTestCaseKeyword.groovy:44)&#xD;
	at com.kms.katalon.core.keyword.internal.KeywordExecutor.executeKeywordForPlatform(KeywordExecutor.groovy:56)&#xD;
	at com.kms.katalon.core.keyword.BuiltinKeywords.callTestCase(BuiltinKeywords.groovy:334)&#xD;
	at Teladoc.run(Teladoc:139)&#xD;
	at com.kms.katalon.core.main.ScriptEngine.run(ScriptEngine.java:194)&#xD;
	at com.kms.katalon.core.main.ScriptEngine.runScriptAsRawText(ScriptEngine.java:119)&#xD;
	at com.kms.katalon.core.main.TestCaseExecutor.runScript(TestCaseExecutor.java:337)&#xD;
	at com.kms.katalon.core.main.TestCaseExecutor.doExecute(TestCaseExecutor.java:328)&#xD;
	at com.kms.katalon.core.main.TestCaseExecutor.processExecutionPhase(TestCaseExecutor.java:307)&#xD;
	at com.kms.katalon.core.main.TestCaseExecutor.accessMainPhase(TestCaseExecutor.java:299)&#xD;
	at com.kms.katalon.core.main.TestCaseExecutor.execute(TestCaseExecutor.java:233)&#xD;
	at com.kms.katalon.core.main.TestSuiteExecutor.accessTestCaseMainPhase(TestSuiteExecutor.java:133)&#xD;
	at com.kms.katalon.core.main.TestSuiteExecutor.accessTestSuiteMainPhase(TestSuiteExecutor.java:116)&#xD;
	at com.kms.katalon.core.main.TestSuiteExecutor.execute(TestSuiteExecutor.java:83)&#xD;
	at com.kms.katalon.core.main.TestCaseMain.startTestSuite(TestCaseMain.java:157)&#xD;
	at com.kms.katalon.core.main.TestCaseMain$startTestSuite$0.call(Unknown Source)&#xD;
	at TempTestSuite1567652205864.run(TempTestSuite1567652205864.groovy:35)&#xD;
Caused by: org.openqa.selenium.WebDriverException: java.net.ConnectException: Failed to connect to localhost/0:0:0:0:0:0:0:1:41375
Build info: version: '3.141.59', revision: 'e82be7d358', time: '2018-11-14T08:25:53'
System info: host: 'SOFEE', ip: '172.16.86.47', os.name: 'Windows 7', os.arch: 'amd64', os.version: '6.1', java.version: '1.8.0_181'
Driver info: driver.version: RemoteWebDriver&#xD;
	at org.openqa.selenium.remote.service.DriverCommandExecutor.execute(DriverCommandExecutor.java:92)&#xD;
	at org.openqa.selenium.remote.RemoteWebDriver.execute(RemoteWebDriver.java:552)&#xD;
	at com.kms.katalon.selenium.driver.CChromeDriver.execute(CChromeDriver.java:20)&#xD;
	at org.openqa.selenium.remote.RemoteWebDriver.execute(RemoteWebDriver.java:609)&#xD;
	at org.openqa.selenium.remote.RemoteWebDriver.getScreenshotAs(RemoteWebDriver.java:295)&#xD;
	at com.kms.katalon.core.webui.util.FileUtil.takesScreenshot(FileUtil.java:27)&#xD;
	at com.kms.katalon.core.webui.keyword.builtin.TakeScreenshotKeyword$_takeScreenshot_closure1.doCall(TakeScreenshotKeyword.groovy:89)&#xD;
	at com.kms.katalon.core.webui.keyword.builtin.TakeScreenshotKeyword$_takeScreenshot_closure1.call(TakeScreenshotKeyword.groovy)&#xD;
	at com.kms.katalon.core.webui.keyword.internal.WebUIKeywordMain.runKeyword(WebUIKeywordMain.groovy:20)&#xD;
	at com.kms.katalon.core.webui.keyword.builtin.TakeScreenshotKeyword.takeScreenshot(TakeScreenshotKeyword.groovy:88)&#xD;
	at com.kms.katalon.core.webui.keyword.builtin.TakeScreenshotKeyword.execute(TakeScreenshotKeyword.groovy:71)&#xD;
	at com.kms.katalon.core.keyword.internal.KeywordExecutor.executeKeywordForPlatform(KeywordExecutor.groovy:56)&#xD;
	at com.kms.katalon.core.webui.keyword.WebUiBuiltInKeywords.takeScreenshot(WebUiBuiltInKeywords.groovy:2881)&#xD;
	at com.kms.katalon.core.webui.keyword.WebUiBuiltInKeywords$takeScreenshot$1.call(Unknown Source)&#xD;
	at Script1550741708646.run(Script1550741708646.groovy:30)&#xD;
	at com.kms.katalon.core.main.ScriptEngine.run(ScriptEngine.java:194)&#xD;
	at com.kms.katalon.core.main.ScriptEngine.runScriptAsRawText(ScriptEngine.java:119)&#xD;
	at com.kms.katalon.core.main.TestCaseExecutor.runScript(TestCaseExecutor.java:337)&#xD;
	at com.kms.katalon.core.main.TestCaseExecutor.doExecute(TestCaseExecutor.java:328)&#xD;
	at com.kms.katalon.core.main.TestCaseExecutor.processExecutionPhase(TestCaseExecutor.java:307)&#xD;
	at com.kms.katalon.core.main.TestCaseExecutor.accessMainPhase(TestCaseExecutor.java:299)&#xD;
	at com.kms.katalon.core.main.TestCaseExecutor.execute(TestCaseExecutor.java:233)&#xD;
	at com.kms.katalon.core.main.TestCaseMain.runTestCase(TestCaseMain.java:114)&#xD;
	at com.kms.katalon.core.keyword.builtin.CallTestCaseKeyword$_callTestCase_closure1.doCall(CallTestCaseKeyword.groovy:59)&#xD;
	at com.kms.katalon.core.keyword.builtin.CallTestCaseKeyword$_callTestCase_closure1.call(CallTestCaseKeyword.groovy)&#xD;
	at com.kms.katalon.core.keyword.internal.KeywordMain.runKeyword(KeywordMain.groovy:68)&#xD;
	at com.kms.katalon.core.keyword.builtin.CallTestCaseKeyword.callTestCase(CallTestCaseKeyword.groovy:81)&#xD;
	at com.kms.katalon.core.keyword.builtin.CallTestCaseKeyword.execute(CallTestCaseKeyword.groovy:44)&#xD;
	at com.kms.katalon.core.keyword.internal.KeywordExecutor.executeKeywordForPlatform(KeywordExecutor.groovy:56)&#xD;
	at com.kms.katalon.core.keyword.BuiltinKeywords.callTestCase(BuiltinKeywords.groovy:334)&#xD;
	at Script1548817235291.run(Script1548817235291.groovy:139)&#xD;
	... 13 more&#xD;
Caused by: java.net.ConnectException: Failed to connect to localhost/0:0:0:0:0:0:0:1:41375&#xD;
	at okhttp3.internal.connection.RealConnection.connectSocket(RealConnection.java:247)&#xD;
	at okhttp3.internal.connection.RealConnection.connect(RealConnection.java:165)&#xD;
	at okhttp3.internal.connection.StreamAllocation.findConnection(StreamAllocation.java:257)&#xD;
	at okhttp3.internal.connection.StreamAllocation.findHealthyConnection(StreamAllocation.java:135)&#xD;
	at okhttp3.internal.connection.StreamAllocation.newStream(StreamAllocation.java:114)&#xD;
	at okhttp3.internal.connection.ConnectInterceptor.intercept(ConnectInterceptor.java:42)&#xD;
	at okhttp3.internal.http.RealInterceptorChain.proceed(RealInterceptorChain.java:147)&#xD;
	at okhttp3.internal.http.RealInterceptorChain.proceed(RealInterceptorChain.java:121)&#xD;
	at okhttp3.internal.cache.CacheInterceptor.intercept(CacheInterceptor.java:93)&#xD;
	at okhttp3.internal.http.RealInterceptorChain.proceed(RealInterceptorChain.java:147)&#xD;
	at okhttp3.internal.http.RealInterceptorChain.proceed(RealInterceptorChain.java:121)&#xD;
	at okhttp3.internal.http.BridgeInterceptor.intercept(BridgeInterceptor.java:93)&#xD;
	at okhttp3.internal.http.RealInterceptorChain.proceed(RealInterceptorChain.java:147)&#xD;
	at okhttp3.internal.http.RetryAndFollowUpInterceptor.intercept(RetryAndFollowUpInterceptor.java:126)&#xD;
	at okhttp3.internal.http.RealInterceptorChain.proceed(RealInterceptorChain.java:147)&#xD;
	at okhttp3.internal.http.RealInterceptorChain.proceed(RealInterceptorChain.java:121)&#xD;
	at okhttp3.RealCall.getResponseWithInterceptorChain(RealCall.java:200)&#xD;
	at okhttp3.RealCall.execute(RealCall.java:77)&#xD;
	at org.openqa.selenium.remote.internal.OkHttpClient.execute(OkHttpClient.java:103)&#xD;
	at org.openqa.selenium.remote.HttpCommandExecutor.execute(HttpCommandExecutor.java:155)&#xD;
	at org.openqa.selenium.remote.service.DriverCommandExecutor.execute(DriverCommandExecutor.java:83)&#xD;
	... 43 more&#xD;
Caused by: java.net.ConnectException: Connection refused: connect&#xD;
	at okhttp3.internal.platform.Platform.connectSocket(Platform.java:129)&#xD;
	at okhttp3.internal.connection.RealConnection.connectSocket(RealConnection.java:245)&#xD;
	at okhttp3.internal.connection.RealConnection.connect(RealConnection.java:165)&#xD;
	at okhttp3.internal.connection.StreamAllocation.findConnection(StreamAllocation.java:257)&#xD;
	at okhttp3.internal.connection.StreamAllocation.findHealthyConnection(StreamAllocation.java:135)&#xD;
	at okhttp3.internal.connection.StreamAllocation.newStream(StreamAllocation.java:114)&#xD;
	at okhttp3.internal.connection.ConnectInterceptor.intercept(ConnectInterceptor.java:42)&#xD;
	at okhttp3.internal.http.RealInterceptorChain.proceed(RealInterceptorChain.java:147)&#xD;
	at okhttp3.internal.http.RealInterceptorChain.proceed(RealInterceptorChain.java:121)&#xD;
	at okhttp3.internal.cache.CacheInterceptor.intercept(CacheInterceptor.java:93)&#xD;
	at okhttp3.internal.http.RealInterceptorChain.proceed(RealInterceptorChain.java:147)&#xD;
	at okhttp3.internal.http.RealInterceptorChain.proceed(RealInterceptorChain.java:121)&#xD;
	at okhttp3.internal.http.BridgeInterceptor.intercept(BridgeInterceptor.java:93)&#xD;
	at okhttp3.internal.http.RealInterceptorChain.proceed(RealInterceptorChain.java:147)&#xD;
	at okhttp3.internal.http.RetryAndFollowUpInterceptor.intercept(RetryAndFollowUpInterceptor.java:126)&#xD;
	at okhttp3.internal.http.RealInterceptorChain.proceed(RealInterceptorChain.java:147)&#xD;
	at okhttp3.internal.http.RealInterceptorChain.proceed(RealInterceptorChain.java:121)&#xD;
	at okhttp3.RealCall.getResponseWithInterceptorChain(RealCall.java:200)&#xD;
	at okhttp3.RealCall.execute(RealCall.java:77)&#xD;
	at org.openqa.selenium.remote.internal.OkHttpClient.execute(OkHttpClient.java:103)&#xD;
	at org.openqa.selenium.remote.HttpCommandExecutor.execute(HttpCommandExecutor.java:155)&#xD;
	at org.openqa.selenium.remote.service.DriverCommandExecutor.execute(DriverCommandExecutor.java:83)&#xD;
	at org.openqa.selenium.remote.RemoteWebDriver.execute(RemoteWebDriver.java:552)&#xD;
	at com.kms.katalon.selenium.driver.CChromeDriver.execute(CChromeDriver.java:20)&#xD;
	at org.openqa.selenium.remote.RemoteWebDriver.execute(RemoteWebDriver.java:609)&#xD;
	at org.openqa.selenium.remote.RemoteWebDriver.getScreenshotAs(RemoteWebDriver.java:295)&#xD;
	at com.kms.katalon.core.webui.util.FileUtil.takesScreenshot(FileUtil.java:27)&#xD;
	at com.kms.katalon.core.webui.keyword.builtin.TakeScreenshotKeyword$_takeScreenshot_closure1.doCall(TakeScreenshotKeyword.groovy:89)&#xD;
	at com.kms.katalon.core.webui.keyword.builtin.TakeScreenshotKeyword$_takeScreenshot_closure1.call(TakeScreenshotKeyword.groovy)&#xD;
	at com.kms.katalon.core.webui.keyword.internal.WebUIKeywordMain.runKeyword(WebUIKeywordMain.groovy:20)&#xD;
	at com.kms.katalon.core.webui.keyword.builtin.TakeScreenshotKeyword.takeScreenshot(TakeScreenshotKeyword.groovy:88)&#xD;
	at com.kms.katalon.core.webui.keyword.builtin.TakeScreenshotKeyword.execute(TakeScreenshotKeyword.groovy:71)&#xD;
	at com.kms.katalon.core.keyword.internal.KeywordExecutor.executeKeywordForPlatform(KeywordExecutor.groovy:56)&#xD;
	at com.kms.katalon.core.webui.keyword.WebUiBuiltInKeywords.takeScreenshot(WebUiBuiltInKeywords.groovy:2881)&#xD;
	at com.kms.katalon.core.webui.keyword.WebUiBuiltInKeywords$takeScreenshot$1.call(Unknown Source)&#xD;
	at get_screenshot.run(get_screenshot:30)&#xD;
	at com.kms.katalon.core.main.ScriptEngine.run(ScriptEngine.java:194)&#xD;
	at com.kms.katalon.core.main.ScriptEngine.runScriptAsRawText(ScriptEngine.java:119)&#xD;
	at com.kms.katalon.core.main.TestCaseExecutor.runScript(TestCaseExecutor.java:337)&#xD;
	at com.kms.katalon.core.main.TestCaseExecutor.doExecute(TestCaseExecutor.java:328)&#xD;
	at com.kms.katalon.core.main.TestCaseExecutor.processExecutionPhase(TestCaseExecutor.java:307)&#xD;
	at com.kms.katalon.core.main.TestCaseExecutor.accessMainPhase(TestCaseExecutor.java:299)&#xD;
	at com.kms.katalon.core.main.TestCaseExecutor.execute(TestCaseExecutor.java:233)&#xD;
	at com.kms.katalon.core.main.TestCaseMain.runTestCase(TestCaseMain.java:114)&#xD;
	at com.kms.katalon.core.keyword.builtin.CallTestCaseKeyword$_callTestCase_closure1.doCall(CallTestCaseKeyword.groovy:59)&#xD;
	at com.kms.katalon.core.keyword.builtin.CallTestCaseKeyword$_callTestCase_closure1.call(CallTestCaseKeyword.groovy)&#xD;
	at com.kms.katalon.core.keyword.internal.KeywordMain.runKeyword(KeywordMain.groovy:68)&#xD;
	at com.kms.katalon.core.keyword.builtin.CallTestCaseKeyword.callTestCase(CallTestCaseKeyword.groovy:81)&#xD;
	at com.kms.katalon.core.keyword.builtin.CallTestCaseKeyword.execute(CallTestCaseKeyword.groovy:44)&#xD;
	at com.kms.katalon.core.keyword.internal.KeywordExecutor.executeKeywordForPlatform(KeywordExecutor.groovy:56)&#xD;
	at com.kms.katalon.core.keyword.BuiltinKeywords.callTestCase(BuiltinKeywords.groovy:334)&#xD;
	at Teladoc.run(Teladoc:139)&#xD;
	... 13 more&#xD;
&#xD;
&#xD;
2019-09-05 11:01:47 - [TEST_STEP][FAILED] - takeScreenshot(screenPath + i + ".png"): Cannot take screenshot (Root cause: com.kms.katalon.core.exception.StepFailedException: Cannot take screenshot&#xD;
	at com.kms.katalon.core.webui.keyword.internal.WebUIKeywordMain.stepFailed(WebUIKeywordMain.groovy:64)&#xD;
	at com.kms.katalon.core.webui.keyword.internal.WebUIKeywordMain.runKeyword(WebUIKeywordMain.groovy:26)&#xD;
	at com.kms.katalon.core.webui.keyword.builtin.TakeScreenshotKeyword.takeScreenshot(TakeScreenshotKeyword.groovy:88)&#xD;
	at com.kms.katalon.core.webui.keyword.builtin.TakeScreenshotKeyword.execute(TakeScreenshotKeyword.groovy:71)&#xD;
	at com.kms.katalon.core.keyword.internal.KeywordExecutor.executeKeywordForPlatform(KeywordExecutor.groovy:56)&#xD;
	at com.kms.katalon.core.webui.keyword.WebUiBuiltInKeywords.takeScreenshot(WebUiBuiltInKeywords.groovy:2881)&#xD;
	at com.kms.katalon.core.webui.keyword.WebUiBuiltInKeywords$takeScreenshot$1.call(Unknown Source)&#xD;
	at get_screenshot.run(get_screenshot:30)&#xD;
	at com.kms.katalon.core.main.ScriptEngine.run(ScriptEngine.java:194)&#xD;
	at com.kms.katalon.core.main.ScriptEngine.runScriptAsRawText(ScriptEngine.java:119)&#xD;
	at com.kms.katalon.core.main.TestCaseExecutor.runScript(TestCaseExecutor.java:337)&#xD;
	at com.kms.katalon.core.main.TestCaseExecutor.doExecute(TestCaseExecutor.java:328)&#xD;
	at com.kms.katalon.core.main.TestCaseExecutor.processExecutionPhase(TestCaseExecutor.java:307)&#xD;
	at com.kms.katalon.core.main.TestCaseExecutor.accessMainPhase(TestCaseExecutor.java:299)&#xD;
	at com.kms.katalon.core.main.TestCaseExecutor.execute(TestCaseExecutor.java:233)&#xD;
	at com.kms.katalon.core.main.TestCaseMain.runTestCase(TestCaseMain.java:114)&#xD;
	at com.kms.katalon.core.keyword.builtin.CallTestCaseKeyword$_callTestCase_closure1.doCall(CallTestCaseKeyword.groovy:59)&#xD;
	at com.kms.katalon.core.keyword.builtin.CallTestCaseKeyword$_callTestCase_closure1.call(CallTestCaseKeyword.groovy)&#xD;
	at com.kms.katalon.core.keyword.internal.KeywordMain.runKeyword(KeywordMain.groovy:68)&#xD;
	at com.kms.katalon.core.keyword.builtin.CallTestCaseKeyword.callTestCase(CallTestCaseKeyword.groovy:81)&#xD;
	at com.kms.katalon.core.keyword.builtin.CallTestCaseKeyword.execute(CallTestCaseKeyword.groovy:44)&#xD;
	at com.kms.katalon.core.keyword.internal.KeywordExecutor.executeKeywordForPlatform(KeywordExecutor.groovy:56)&#xD;
	at com.kms.katalon.core.keyword.BuiltinKeywords.callTestCase(BuiltinKeywords.groovy:334)&#xD;
	at Teladoc.run(Teladoc:139)&#xD;
	at com.kms.katalon.core.main.ScriptEngine.run(ScriptEngine.java:194)&#xD;
	at com.kms.katalon.core.main.ScriptEngine.runScriptAsRawText(ScriptEngine.java:119)&#xD;
	at com.kms.katalon.core.main.TestCaseExecutor.runScript(TestCaseExecutor.java:337)&#xD;
	at com.kms.katalon.core.main.TestCaseExecutor.doExecute(TestCaseExecutor.java:328)&#xD;
	at com.kms.katalon.core.main.TestCaseExecutor.processExecutionPhase(TestCaseExecutor.java:307)&#xD;
	at com.kms.katalon.core.main.TestCaseExecutor.accessMainPhase(TestCaseExecutor.java:299)&#xD;
	at com.kms.katalon.core.main.TestCaseExecutor.execute(TestCaseExecutor.java:233)&#xD;
	at com.kms.katalon.core.main.TestSuiteExecutor.accessTestCaseMainPhase(TestSuiteExecutor.java:133)&#xD;
	at com.kms.katalon.core.main.TestSuiteExecutor.accessTestSuiteMainPhase(TestSuiteExecutor.java:116)&#xD;
	at com.kms.katalon.core.main.TestSuiteExecutor.execute(TestSuiteExecutor.java:83)&#xD;
	at com.kms.katalon.core.main.TestCaseMain.startTestSuite(TestCaseMain.java:157)&#xD;
	at com.kms.katalon.core.main.TestCaseMain$startTestSuite$0.call(Unknown Source)&#xD;
	at TempTestSuite1567652205864.run(TempTestSuite1567652205864.groovy:35)&#xD;
Caused by: org.openqa.selenium.WebDriverException: java.net.ConnectException: Failed to connect to localhost/0:0:0:0:0:0:0:1:41375
Build info: version: '3.141.59', revision: 'e82be7d358', time: '2018-11-14T08:25:53'
System info: host: 'SOFEE', ip: '172.16.86.47', os.name: 'Windows 7', os.arch: 'amd64', os.version: '6.1', java.version: '1.8.0_181'
Driver info: driver.version: RemoteWebDriver&#xD;
	at org.openqa.selenium.remote.service.DriverCommandExecutor.execute(DriverCommandExecutor.java:92)&#xD;
	at org.openqa.selenium.remote.RemoteWebDriver.execute(RemoteWebDriver.java:552)&#xD;
	at com.kms.katalon.selenium.driver.CChromeDriver.execute(CChromeDriver.java:20)&#xD;
	at org.openqa.selenium.remote.RemoteWebDriver.execute(RemoteWebDriver.java:609)&#xD;
	at org.openqa.selenium.remote.RemoteWebDriver.getScreenshotAs(RemoteWebDriver.java:295)&#xD;
	at com.kms.katalon.core.webui.util.FileUtil.takesScreenshot(FileUtil.java:27)&#xD;
	at com.kms.katalon.core.webui.keyword.builtin.TakeScreenshotKeyword$_takeScreenshot_closure1.doCall(TakeScreenshotKeyword.groovy:89)&#xD;
	at com.kms.katalon.core.webui.keyword.builtin.TakeScreenshotKeyword$_takeScreenshot_closure1.call(TakeScreenshotKeyword.groovy)&#xD;
	at com.kms.katalon.core.webui.keyword.internal.WebUIKeywordMain.runKeyword(WebUIKeywordMain.groovy:20)&#xD;
	at com.kms.katalon.core.webui.keyword.builtin.TakeScreenshotKeyword.takeScreenshot(TakeScreenshotKeyword.groovy:88)&#xD;
	at com.kms.katalon.core.webui.keyword.builtin.TakeScreenshotKeyword.execute(TakeScreenshotKeyword.groovy:71)&#xD;
	at com.kms.katalon.core.keyword.internal.KeywordExecutor.executeKeywordForPlatform(KeywordExecutor.groovy:56)&#xD;
	at com.kms.katalon.core.webui.keyword.WebUiBuiltInKeywords.takeScreenshot(WebUiBuiltInKeywords.groovy:2881)&#xD;
	at com.kms.katalon.core.webui.keyword.WebUiBuiltInKeywords$takeScreenshot$1.call(Unknown Source)&#xD;
	at Script1550741708646.run(Script1550741708646.groovy:30)&#xD;
	at com.kms.katalon.core.main.ScriptEngine.run(ScriptEngine.java:194)&#xD;
	at com.kms.katalon.core.main.ScriptEngine.runScriptAsRawText(ScriptEngine.java:119)&#xD;
	at com.kms.katalon.core.main.TestCaseExecutor.runScript(TestCaseExecutor.java:337)&#xD;
	at com.kms.katalon.core.main.TestCaseExecutor.doExecute(TestCaseExecutor.java:328)&#xD;
	at com.kms.katalon.core.main.TestCaseExecutor.processExecutionPhase(TestCaseExecutor.java:307)&#xD;
	at com.kms.katalon.core.main.TestCaseExecutor.accessMainPhase(TestCaseExecutor.java:299)&#xD;
	at com.kms.katalon.core.main.TestCaseExecutor.execute(TestCaseExecutor.java:233)&#xD;
	at com.kms.katalon.core.main.TestCaseMain.runTestCase(TestCaseMain.java:114)&#xD;
	at com.kms.katalon.core.keyword.builtin.CallTestCaseKeyword$_callTestCase_closure1.doCall(CallTestCaseKeyword.groovy:59)&#xD;
	at com.kms.katalon.core.keyword.builtin.CallTestCaseKeyword$_callTestCase_closure1.call(CallTestCaseKeyword.groovy)&#xD;
	at com.kms.katalon.core.keyword.internal.KeywordMain.runKeyword(KeywordMain.groovy:68)&#xD;
	at com.kms.katalon.core.keyword.builtin.CallTestCaseKeyword.callTestCase(CallTestCaseKeyword.groovy:81)&#xD;
	at com.kms.katalon.core.keyword.builtin.CallTestCaseKeyword.execute(CallTestCaseKeyword.groovy:44)&#xD;
	at com.kms.katalon.core.keyword.internal.KeywordExecutor.executeKeywordForPlatform(KeywordExecutor.groovy:56)&#xD;
	at com.kms.katalon.core.keyword.BuiltinKeywords.callTestCase(BuiltinKeywords.groovy:334)&#xD;
	at Script1548817235291.run(Script1548817235291.groovy:139)&#xD;
	... 13 more&#xD;
Caused by: java.net.ConnectException: Failed to connect to localhost/0:0:0:0:0:0:0:1:41375&#xD;
	at okhttp3.internal.connection.RealConnection.connectSocket(RealConnection.java:247)&#xD;
	at okhttp3.internal.connection.RealConnection.connect(RealConnection.java:165)&#xD;
	at okhttp3.internal.connection.StreamAllocation.findConnection(StreamAllocation.java:257)&#xD;
	at okhttp3.internal.connection.StreamAllocation.findHealthyConnection(StreamAllocation.java:135)&#xD;
	at okhttp3.internal.connection.StreamAllocation.newStream(StreamAllocation.java:114)&#xD;
	at okhttp3.internal.connection.ConnectInterceptor.intercept(ConnectInterceptor.java:42)&#xD;
	at okhttp3.internal.http.RealInterceptorChain.proceed(RealInterceptorChain.java:147)&#xD;
	at okhttp3.internal.http.RealInterceptorChain.proceed(RealInterceptorChain.java:121)&#xD;
	at okhttp3.internal.cache.CacheInterceptor.intercept(CacheInterceptor.java:93)&#xD;
	at okhttp3.internal.http.RealInterceptorChain.proceed(RealInterceptorChain.java:147)&#xD;
	at okhttp3.internal.http.RealInterceptorChain.proceed(RealInterceptorChain.java:121)&#xD;
	at okhttp3.internal.http.BridgeInterceptor.intercept(BridgeInterceptor.java:93)&#xD;
	at okhttp3.internal.http.RealInterceptorChain.proceed(RealInterceptorChain.java:147)&#xD;
	at okhttp3.internal.http.RetryAndFollowUpInterceptor.intercept(RetryAndFollowUpInterceptor.java:126)&#xD;
	at okhttp3.internal.http.RealInterceptorChain.proceed(RealInterceptorChain.java:147)&#xD;
	at okhttp3.internal.http.RealInterceptorChain.proceed(RealInterceptorChain.java:121)&#xD;
	at okhttp3.RealCall.getResponseWithInterceptorChain(RealCall.java:200)&#xD;
	at okhttp3.RealCall.execute(RealCall.java:77)&#xD;
	at org.openqa.selenium.remote.internal.OkHttpClient.execute(OkHttpClient.java:103)&#xD;
	at org.openqa.selenium.remote.HttpCommandExecutor.execute(HttpCommandExecutor.java:155)&#xD;
	at org.openqa.selenium.remote.service.DriverCommandExecutor.execute(DriverCommandExecutor.java:83)&#xD;
	... 43 more&#xD;
Caused by: java.net.ConnectException: Connection refused: connect&#xD;
	at okhttp3.internal.platform.Platform.connectSocket(Platform.java:129)&#xD;
	at okhttp3.internal.connection.RealConnection.connectSocket(RealConnection.java:245)&#xD;
	... 63 more&#xD;
)&#xD;
&#xD;
2019-09-05 11:01:51 - [MESSAGE][WARNING] - Cannot take screenshot&#xD;
&#xD;
2019-09-05 11:01:51 - [MESSAGE][FAILED] - Cannot take screenshot (Root cause: com.kms.katalon.core.exception.StepFailedException: Cannot take screenshot&#xD;
	at com.kms.katalon.core.webui.keyword.internal.WebUIKeywordMain.stepFailed(WebUIKeywordMain.groovy:64)&#xD;
	at com.kms.katalon.core.webui.keyword.internal.WebUIKeywordMain.runKeyword(WebUIKeywordMain.groovy:26)&#xD;
	at com.kms.katalon.core.webui.keyword.builtin.TakeScreenshotKeyword.takeScreenshot(TakeScreenshotKeyword.groovy:88)&#xD;
	at com.kms.katalon.core.webui.keyword.builtin.TakeScreenshotKeyword.execute(TakeScreenshotKeyword.groovy:71)&#xD;
	at com.kms.katalon.core.keyword.internal.KeywordExecutor.executeKeywordForPlatform(KeywordExecutor.groovy:56)&#xD;
	at com.kms.katalon.core.webui.keyword.WebUiBuiltInKeywords.takeScreenshot(WebUiBuiltInKeywords.groovy:2881)&#xD;
	at com.kms.katalon.core.webui.keyword.WebUiBuiltInKeywords$takeScreenshot$1.call(Unknown Source)&#xD;
	at get_screenshot.run(get_screenshot:30)&#xD;
	at com.kms.katalon.core.main.ScriptEngine.run(ScriptEngine.java:194)&#xD;
	at com.kms.katalon.core.main.ScriptEngine.runScriptAsRawText(ScriptEngine.java:119)&#xD;
	at com.kms.katalon.core.main.TestCaseExecutor.runScript(TestCaseExecutor.java:337)&#xD;
	at com.kms.katalon.core.main.TestCaseExecutor.doExecute(TestCaseExecutor.java:328)&#xD;
	at com.kms.katalon.core.main.TestCaseExecutor.processExecutionPhase(TestCaseExecutor.java:307)&#xD;
	at com.kms.katalon.core.main.TestCaseExecutor.accessMainPhase(TestCaseExecutor.java:299)&#xD;
	at com.kms.katalon.core.main.TestCaseExecutor.execute(TestCaseExecutor.java:233)&#xD;
	at com.kms.katalon.core.main.TestCaseMain.runTestCase(TestCaseMain.java:114)&#xD;
	at com.kms.katalon.core.keyword.builtin.CallTestCaseKeyword$_callTestCase_closure1.doCall(CallTestCaseKeyword.groovy:59)&#xD;
	at com.kms.katalon.core.keyword.builtin.CallTestCaseKeyword$_callTestCase_closure1.call(CallTestCaseKeyword.groovy)&#xD;
	at com.kms.katalon.core.keyword.internal.KeywordMain.runKeyword(KeywordMain.groovy:68)&#xD;
	at com.kms.katalon.core.keyword.builtin.CallTestCaseKeyword.callTestCase(CallTestCaseKeyword.groovy:81)&#xD;
	at com.kms.katalon.core.keyword.builtin.CallTestCaseKeyword.execute(CallTestCaseKeyword.groovy:44)&#xD;
	at com.kms.katalon.core.keyword.internal.KeywordExecutor.executeKeywordForPlatform(KeywordExecutor.groovy:56)&#xD;
	at com.kms.katalon.core.keyword.BuiltinKeywords.callTestCase(BuiltinKeywords.groovy:334)&#xD;
	at Teladoc.run(Teladoc:139)&#xD;
	at com.kms.katalon.core.main.ScriptEngine.run(ScriptEngine.java:194)&#xD;
	at com.kms.katalon.core.main.ScriptEngine.runScriptAsRawText(ScriptEngine.java:119)&#xD;
	at com.kms.katalon.core.main.TestCaseExecutor.runScript(TestCaseExecutor.java:337)&#xD;
	at com.kms.katalon.core.main.TestCaseExecutor.doExecute(TestCaseExecutor.java:328)&#xD;
	at com.kms.katalon.core.main.TestCaseExecutor.processExecutionPhase(TestCaseExecutor.java:307)&#xD;
	at com.kms.katalon.core.main.TestCaseExecutor.accessMainPhase(TestCaseExecutor.java:299)&#xD;
	at com.kms.katalon.core.main.TestCaseExecutor.execute(TestCaseExecutor.java:233)&#xD;
	at com.kms.katalon.core.main.TestSuiteExecutor.accessTestCaseMainPhase(TestSuiteExecutor.java:133)&#xD;
	at com.kms.katalon.core.main.TestSuiteExecutor.accessTestSuiteMainPhase(TestSuiteExecutor.java:116)&#xD;
	at com.kms.katalon.core.main.TestSuiteExecutor.execute(TestSuiteExecutor.java:83)&#xD;
	at com.kms.katalon.core.main.TestCaseMain.startTestSuite(TestCaseMain.java:157)&#xD;
	at com.kms.katalon.core.main.TestCaseMain$startTestSuite$0.call(Unknown Source)&#xD;
	at TempTestSuite1567652205864.run(TempTestSuite1567652205864.groovy:35)&#xD;
Caused by: org.openqa.selenium.WebDriverException: java.net.ConnectException: Failed to connect to localhost/0:0:0:0:0:0:0:1:41375
Build info: version: '3.141.59', revision: 'e82be7d358', time: '2018-11-14T08:25:53'
System info: host: 'SOFEE', ip: '172.16.86.47', os.name: 'Windows 7', os.arch: 'amd64', os.version: '6.1', java.version: '1.8.0_181'
Driver info: driver.version: RemoteWebDriver&#xD;
	at org.openqa.selenium.remote.service.DriverCommandExecutor.execute(DriverCommandExecutor.java:92)&#xD;
	at org.openqa.selenium.remote.RemoteWebDriver.execute(RemoteWebDriver.java:552)&#xD;
	at com.kms.katalon.selenium.driver.CChromeDriver.execute(CChromeDriver.java:20)&#xD;
	at org.openqa.selenium.remote.RemoteWebDriver.execute(RemoteWebDriver.java:609)&#xD;
	at org.openqa.selenium.remote.RemoteWebDriver.getScreenshotAs(RemoteWebDriver.java:295)&#xD;
	at com.kms.katalon.core.webui.util.FileUtil.takesScreenshot(FileUtil.java:27)&#xD;
	at com.kms.katalon.core.webui.keyword.builtin.TakeScreenshotKeyword$_takeScreenshot_closure1.doCall(TakeScreenshotKeyword.groovy:89)&#xD;
	at com.kms.katalon.core.webui.keyword.builtin.TakeScreenshotKeyword$_takeScreenshot_closure1.call(TakeScreenshotKeyword.groovy)&#xD;
	at com.kms.katalon.core.webui.keyword.internal.WebUIKeywordMain.runKeyword(WebUIKeywordMain.groovy:20)&#xD;
	at com.kms.katalon.core.webui.keyword.builtin.TakeScreenshotKeyword.takeScreenshot(TakeScreenshotKeyword.groovy:88)&#xD;
	at com.kms.katalon.core.webui.keyword.builtin.TakeScreenshotKeyword.execute(TakeScreenshotKeyword.groovy:71)&#xD;
	at com.kms.katalon.core.keyword.internal.KeywordExecutor.executeKeywordForPlatform(KeywordExecutor.groovy:56)&#xD;
	at com.kms.katalon.core.webui.keyword.WebUiBuiltInKeywords.takeScreenshot(WebUiBuiltInKeywords.groovy:2881)&#xD;
	at com.kms.katalon.core.webui.keyword.WebUiBuiltInKeywords$takeScreenshot$1.call(Unknown Source)&#xD;
	at Script1550741708646.run(Script1550741708646.groovy:30)&#xD;
	at com.kms.katalon.core.main.ScriptEngine.run(ScriptEngine.java:194)&#xD;
	at com.kms.katalon.core.main.ScriptEngine.runScriptAsRawText(ScriptEngine.java:119)&#xD;
	at com.kms.katalon.core.main.TestCaseExecutor.runScript(TestCaseExecutor.java:337)&#xD;
	at com.kms.katalon.core.main.TestCaseExecutor.doExecute(TestCaseExecutor.java:328)&#xD;
	at com.kms.katalon.core.main.TestCaseExecutor.processExecutionPhase(TestCaseExecutor.java:307)&#xD;
	at com.kms.katalon.core.main.TestCaseExecutor.accessMainPhase(TestCaseExecutor.java:299)&#xD;
	at com.kms.katalon.core.main.TestCaseExecutor.execute(TestCaseExecutor.java:233)&#xD;
	at com.kms.katalon.core.main.TestCaseMain.runTestCase(TestCaseMain.java:114)&#xD;
	at com.kms.katalon.core.keyword.builtin.CallTestCaseKeyword$_callTestCase_closure1.doCall(CallTestCaseKeyword.groovy:59)&#xD;
	at com.kms.katalon.core.keyword.builtin.CallTestCaseKeyword$_callTestCase_closure1.call(CallTestCaseKeyword.groovy)&#xD;
	at com.kms.katalon.core.keyword.internal.KeywordMain.runKeyword(KeywordMain.groovy:68)&#xD;
	at com.kms.katalon.core.keyword.builtin.CallTestCaseKeyword.callTestCase(CallTestCaseKeyword.groovy:81)&#xD;
	at com.kms.katalon.core.keyword.builtin.CallTestCaseKeyword.execute(CallTestCaseKeyword.groovy:44)&#xD;
	at com.kms.katalon.core.keyword.internal.KeywordExecutor.executeKeywordForPlatform(KeywordExecutor.groovy:56)&#xD;
	at com.kms.katalon.core.keyword.BuiltinKeywords.callTestCase(BuiltinKeywords.groovy:334)&#xD;
	at Script1548817235291.run(Script1548817235291.groovy:139)&#xD;
	... 13 more&#xD;
Caused by: java.net.ConnectException: Failed to connect to localhost/0:0:0:0:0:0:0:1:41375&#xD;
	at okhttp3.internal.connection.RealConnection.connectSocket(RealConnection.java:247)&#xD;
	at okhttp3.internal.connection.RealConnection.connect(RealConnection.java:165)&#xD;
	at okhttp3.internal.connection.StreamAllocation.findConnection(StreamAllocation.java:257)&#xD;
	at okhttp3.internal.connection.StreamAllocation.findHealthyConnection(StreamAllocation.java:135)&#xD;
	at okhttp3.internal.connection.StreamAllocation.newStream(StreamAllocation.java:114)&#xD;
	at okhttp3.internal.connection.ConnectInterceptor.intercept(ConnectInterceptor.java:42)&#xD;
	at okhttp3.internal.http.RealInterceptorChain.proceed(RealInterceptorChain.java:147)&#xD;
	at okhttp3.internal.http.RealInterceptorChain.proceed(RealInterceptorChain.java:121)&#xD;
	at okhttp3.internal.cache.CacheInterceptor.intercept(CacheInterceptor.java:93)&#xD;
	at okhttp3.internal.http.RealInterceptorChain.proceed(RealInterceptorChain.java:147)&#xD;
	at okhttp3.internal.http.RealInterceptorChain.proceed(RealInterceptorChain.java:121)&#xD;
	at okhttp3.internal.http.BridgeInterceptor.intercept(BridgeInterceptor.java:93)&#xD;
	at okhttp3.internal.http.RealInterceptorChain.proceed(RealInterceptorChain.java:147)&#xD;
	at okhttp3.internal.http.RetryAndFollowUpInterceptor.intercept(RetryAndFollowUpInterceptor.java:126)&#xD;
	at okhttp3.internal.http.RealInterceptorChain.proceed(RealInterceptorChain.java:147)&#xD;
	at okhttp3.internal.http.RealInterceptorChain.proceed(RealInterceptorChain.java:121)&#xD;
	at okhttp3.RealCall.getResponseWithInterceptorChain(RealCall.java:200)&#xD;
	at okhttp3.RealCall.execute(RealCall.java:77)&#xD;
	at org.openqa.selenium.remote.internal.OkHttpClient.execute(OkHttpClient.java:103)&#xD;
	at org.openqa.selenium.remote.HttpCommandExecutor.execute(HttpCommandExecutor.java:155)&#xD;
	at org.openqa.selenium.remote.service.DriverCommandExecutor.execute(DriverCommandExecutor.java:83)&#xD;
	... 43 more&#xD;
Caused by: java.net.ConnectException: Connection refused: connect&#xD;
	at okhttp3.internal.platform.Platform.connectSocket(Platform.java:129)&#xD;
	at okhttp3.internal.connection.RealConnection.connectSocket(RealConnection.java:245)&#xD;
	... 63 more&#xD;
)&#xD;
&#xD;
2019-09-05 11:01:51 - [MESSAGE][FAILED] - Unable to call Test Case 'Test Cases/mobileWeb/_include/get_screenshot' (Root cause: com.kms.katalon.core.exception.StepFailedException: Call Test Case 'Test Cases/mobileWeb/_include/get_screenshot' failed&#xD;
	at com.kms.katalon.core.keyword.builtin.CallTestCaseKeyword$_callTestCase_closure1.doCall(CallTestCaseKeyword.groovy:63)&#xD;
	at com.kms.katalon.core.keyword.builtin.CallTestCaseKeyword$_callTestCase_closure1.call(CallTestCaseKeyword.groovy)&#xD;
	at com.kms.katalon.core.keyword.internal.KeywordMain.runKeyword(KeywordMain.groovy:68)&#xD;
	at com.kms.katalon.core.keyword.builtin.CallTestCaseKeyword.callTestCase(CallTestCaseKeyword.groovy:81)&#xD;
	at com.kms.katalon.core.keyword.builtin.CallTestCaseKeyword.execute(CallTestCaseKeyword.groovy:44)&#xD;
	at com.kms.katalon.core.keyword.internal.KeywordExecutor.executeKeywordForPlatform(KeywordExecutor.groovy:56)&#xD;
	at com.kms.katalon.core.keyword.BuiltinKeywords.callTestCase(BuiltinKeywords.groovy:334)&#xD;
	at Teladoc.run(Teladoc:139)&#xD;
	at com.kms.katalon.core.main.ScriptEngine.run(ScriptEngine.java:194)&#xD;
	at com.kms.katalon.core.main.ScriptEngine.runScriptAsRawText(ScriptEngine.java:119)&#xD;
	at com.kms.katalon.core.main.TestCaseExecutor.runScript(TestCaseExecutor.java:337)&#xD;
	at com.kms.katalon.core.main.TestCaseExecutor.doExecute(TestCaseExecutor.java:328)&#xD;
	at com.kms.katalon.core.main.TestCaseExecutor.processExecutionPhase(TestCaseExecutor.java:307)&#xD;
	at com.kms.katalon.core.main.TestCaseExecutor.accessMainPhase(TestCaseExecutor.java:299)&#xD;
	at com.kms.katalon.core.main.TestCaseExecutor.execute(TestCaseExecutor.java:233)&#xD;
	at com.kms.katalon.core.main.TestSuiteExecutor.accessTestCaseMainPhase(TestSuiteExecutor.java:133)&#xD;
	at com.kms.katalon.core.main.TestSuiteExecutor.accessTestSuiteMainPhase(TestSuiteExecutor.java:116)&#xD;
	at com.kms.katalon.core.main.TestSuiteExecutor.execute(TestSuiteExecutor.java:83)&#xD;
	at com.kms.katalon.core.main.TestCaseMain.startTestSuite(TestCaseMain.java:157)&#xD;
	at com.kms.katalon.core.main.TestCaseMain$startTestSuite$0.call(Unknown Source)&#xD;
	at TempTestSuite1567652205864.run(TempTestSuite1567652205864.groovy:35)&#xD;
Caused by: com.kms.katalon.core.exception.StepFailedException: Cannot take screenshot&#xD;
	at com.kms.katalon.core.webui.keyword.internal.WebUIKeywordMain.stepFailed(WebUIKeywordMain.groovy:64)&#xD;
	at com.kms.katalon.core.webui.keyword.internal.WebUIKeywordMain.runKeyword(WebUIKeywordMain.groovy:26)&#xD;
	at com.kms.katalon.core.webui.keyword.builtin.TakeScreenshotKeyword.takeScreenshot(TakeScreenshotKeyword.groovy:88)&#xD;
	at com.kms.katalon.core.webui.keyword.builtin.TakeScreenshotKeyword.execute(TakeScreenshotKeyword.groovy:71)&#xD;
	at com.kms.katalon.core.keyword.internal.KeywordExecutor.executeKeywordForPlatform(KeywordExecutor.groovy:56)&#xD;
	at com.kms.katalon.core.webui.keyword.WebUiBuiltInKeywords.takeScreenshot(WebUiBuiltInKeywords.groovy:2881)&#xD;
	at com.kms.katalon.core.webui.keyword.WebUiBuiltInKeywords$takeScreenshot$1.call(Unknown Source)&#xD;
	at get_screenshot.run(get_screenshot:30)&#xD;
	at com.kms.katalon.core.main.ScriptEngine.run(ScriptEngine.java:194)&#xD;
	at com.kms.katalon.core.main.ScriptEngine.runScriptAsRawText(ScriptEngine.java:119)&#xD;
	at com.kms.katalon.core.main.TestCaseExecutor.runScript(TestCaseExecutor.java:337)&#xD;
	at com.kms.katalon.core.main.TestCaseExecutor.doExecute(TestCaseExecutor.java:328)&#xD;
	at com.kms.katalon.core.main.TestCaseExecutor.processExecutionPhase(TestCaseExecutor.java:307)&#xD;
	at com.kms.katalon.core.main.TestCaseExecutor.accessMainPhase(TestCaseExecutor.java:299)&#xD;
	at com.kms.katalon.core.main.TestCaseExecutor.execute(TestCaseExecutor.java:233)&#xD;
	at com.kms.katalon.core.main.TestCaseMain.runTestCase(TestCaseMain.java:114)&#xD;
	at com.kms.katalon.core.keyword.builtin.CallTestCaseKeyword$_callTestCase_closure1.doCall(CallTestCaseKeyword.groovy:59)&#xD;
	... 20 more&#xD;
Caused by: org.openqa.selenium.WebDriverException: java.net.ConnectException: Failed to connect to localhost/0:0:0:0:0:0:0:1:41375
Build info: version: '3.141.59', revision: 'e82be7d358', time: '2018-11-14T08:25:53'
System info: host: 'SOFEE', ip: '172.16.86.47', os.name: 'Windows 7', os.arch: 'amd64', os.version: '6.1', java.version: '1.8.0_181'
Driver info: driver.version: RemoteWebDriver&#xD;
	at org.openqa.selenium.remote.service.DriverCommandExecutor.execute(DriverCommandExecutor.java:92)&#xD;
	at org.openqa.selenium.remote.RemoteWebDriver.execute(RemoteWebDriver.java:552)&#xD;
	at com.kms.katalon.selenium.driver.CChromeDriver.execute(CChromeDriver.java:20)&#xD;
	at org.openqa.selenium.remote.RemoteWebDriver.execute(RemoteWebDriver.java:609)&#xD;
	at org.openqa.selenium.remote.RemoteWebDriver.getScreenshotAs(RemoteWebDriver.java:295)&#xD;
	at com.kms.katalon.core.webui.util.FileUtil.takesScreenshot(FileUtil.java:27)&#xD;
	at com.kms.katalon.core.webui.keyword.builtin.TakeScreenshotKeyword$_takeScreenshot_closure1.doCall(TakeScreenshotKeyword.groovy:89)&#xD;
	at com.kms.katalon.core.webui.keyword.builtin.TakeScreenshotKeyword$_takeScreenshot_closure1.call(TakeScreenshotKeyword.groovy)&#xD;
	at com.kms.katalon.core.webui.keyword.internal.WebUIKeywordMain.runKeyword(WebUIKeywordMain.groovy:20)&#xD;
	at com.kms.katalon.core.webui.keyword.builtin.TakeScreenshotKeyword.takeScreenshot(TakeScreenshotKeyword.groovy:88)&#xD;
	at com.kms.katalon.core.webui.keyword.builtin.TakeScreenshotKeyword.execute(TakeScreenshotKeyword.groovy:71)&#xD;
	at com.kms.katalon.core.keyword.internal.KeywordExecutor.executeKeywordForPlatform(KeywordExecutor.groovy:56)&#xD;
	at com.kms.katalon.core.webui.keyword.WebUiBuiltInKeywords.takeScreenshot(WebUiBuiltInKeywords.groovy:2881)&#xD;
	at com.kms.katalon.core.webui.keyword.WebUiBuiltInKeywords$takeScreenshot$1.call(Unknown Source)&#xD;
	at Script1550741708646.run(Script1550741708646.groovy:30)&#xD;
	at com.kms.katalon.core.main.ScriptEngine.run(ScriptEngine.java:194)&#xD;
	at com.kms.katalon.core.main.ScriptEngine.runScriptAsRawText(ScriptEngine.java:119)&#xD;
	at com.kms.katalon.core.main.TestCaseExecutor.runScript(TestCaseExecutor.java:337)&#xD;
	at com.kms.katalon.core.main.TestCaseExecutor.doExecute(TestCaseExecutor.java:328)&#xD;
	at com.kms.katalon.core.main.TestCaseExecutor.processExecutionPhase(TestCaseExecutor.java:307)&#xD;
	at com.kms.katalon.core.main.TestCaseExecutor.accessMainPhase(TestCaseExecutor.java:299)&#xD;
	at com.kms.katalon.core.main.TestCaseExecutor.execute(TestCaseExecutor.java:233)&#xD;
	at com.kms.katalon.core.main.TestCaseMain.runTestCase(TestCaseMain.java:114)&#xD;
	at com.kms.katalon.core.keyword.builtin.CallTestCaseKeyword$_callTestCase_closure1.doCall(CallTestCaseKeyword.groovy:59)&#xD;
	at com.kms.katalon.core.keyword.builtin.CallTestCaseKeyword$_callTestCase_closure1.call(CallTestCaseKeyword.groovy)&#xD;
	at com.kms.katalon.core.keyword.internal.KeywordMain.runKeyword(KeywordMain.groovy:68)&#xD;
	at com.kms.katalon.core.keyword.builtin.CallTestCaseKeyword.callTestCase(CallTestCaseKeyword.groovy:81)&#xD;
	at com.kms.katalon.core.keyword.builtin.CallTestCaseKeyword.execute(CallTestCaseKeyword.groovy:44)&#xD;
	at com.kms.katalon.core.keyword.internal.KeywordExecutor.executeKeywordForPlatform(KeywordExecutor.groovy:56)&#xD;
	at com.kms.katalon.core.keyword.BuiltinKeywords.callTestCase(BuiltinKeywords.groovy:334)&#xD;
	at Script1548817235291.run(Script1548817235291.groovy:139)&#xD;
	... 13 more&#xD;
Caused by: java.net.ConnectException: Failed to connect to localhost/0:0:0:0:0:0:0:1:41375&#xD;
	at okhttp3.internal.connection.RealConnection.connectSocket(RealConnection.java:247)&#xD;
	at okhttp3.internal.connection.RealConnection.connect(RealConnection.java:165)&#xD;
	at okhttp3.internal.connection.StreamAllocation.findConnection(StreamAllocation.java:257)&#xD;
	at okhttp3.internal.connection.StreamAllocation.findHealthyConnection(StreamAllocation.java:135)&#xD;
	at okhttp3.internal.connection.StreamAllocation.newStream(StreamAllocation.java:114)&#xD;
	at okhttp3.internal.connection.ConnectInterceptor.intercept(ConnectInterceptor.java:42)&#xD;
	at okhttp3.internal.http.RealInterceptorChain.proceed(RealInterceptorChain.java:147)&#xD;
	at okhttp3.internal.http.RealInterceptorChain.proceed(RealInterceptorChain.java:121)&#xD;
	at okhttp3.internal.cache.CacheInterceptor.intercept(CacheInterceptor.java:93)&#xD;
	at okhttp3.internal.http.RealInterceptorChain.proceed(RealInterceptorChain.java:147)&#xD;
	at okhttp3.internal.http.RealInterceptorChain.proceed(RealInterceptorChain.java:121)&#xD;
	at okhttp3.internal.http.BridgeInterceptor.intercept(BridgeInterceptor.java:93)&#xD;
	at okhttp3.internal.http.RealInterceptorChain.proceed(RealInterceptorChain.java:147)&#xD;
	at okhttp3.internal.http.RetryAndFollowUpInterceptor.intercept(RetryAndFollowUpInterceptor.java:126)&#xD;
	at okhttp3.internal.http.RealInterceptorChain.proceed(RealInterceptorChain.java:147)&#xD;
	at okhttp3.internal.http.RealInterceptorChain.proceed(RealInterceptorChain.java:121)&#xD;
	at okhttp3.RealCall.getResponseWithInterceptorChain(RealCall.java:200)&#xD;
	at okhttp3.RealCall.execute(RealCall.java:77)&#xD;
	at org.openqa.selenium.remote.internal.OkHttpClient.execute(OkHttpClient.java:103)&#xD;
	at org.openqa.selenium.remote.HttpCommandExecutor.execute(HttpCommandExecutor.java:155)&#xD;
	at org.openqa.selenium.remote.service.DriverCommandExecutor.execute(DriverCommandExecutor.java:83)&#xD;
	... 43 more&#xD;
Caused by: java.net.ConnectException: Connection refused: connect&#xD;
	at okhttp3.internal.platform.Platform.connectSocket(Platform.java:129)&#xD;
	at okhttp3.internal.connection.RealConnection.connectSocket(RealConnection.java:245)&#xD;
	at okhttp3.internal.connection.RealConnection.connect(RealConnection.java:165)&#xD;
	at okhttp3.internal.connection.StreamAllocation.findConnection(StreamAllocation.java:257)&#xD;
	at okhttp3.internal.connection.StreamAllocation.findHealthyConnection(StreamAllocation.java:135)&#xD;
	at okhttp3.internal.connection.StreamAllocation.newStream(StreamAllocation.java:114)&#xD;
	at okhttp3.internal.connection.ConnectInterceptor.intercept(ConnectInterceptor.java:42)&#xD;
	at okhttp3.internal.http.RealInterceptorChain.proceed(RealInterceptorChain.java:147)&#xD;
	at okhttp3.internal.http.RealInterceptorChain.proceed(RealInterceptorChain.java:121)&#xD;
	at okhttp3.internal.cache.CacheInterceptor.intercept(CacheInterceptor.java:93)&#xD;
	at okhttp3.internal.http.RealInterceptorChain.proceed(RealInterceptorChain.java:147)&#xD;
	at okhttp3.internal.http.RealInterceptorChain.proceed(RealInterceptorChain.java:121)&#xD;
	at okhttp3.internal.http.BridgeInterceptor.intercept(BridgeInterceptor.java:93)&#xD;
	at okhttp3.internal.http.RealInterceptorChain.proceed(RealInterceptorChain.java:147)&#xD;
	at okhttp3.internal.http.RetryAndFollowUpInterceptor.intercept(RetryAndFollowUpInterceptor.java:126)&#xD;
	at okhttp3.internal.http.RealInterceptorChain.proceed(RealInterceptorChain.java:147)&#xD;
	at okhttp3.internal.http.RealInterceptorChain.proceed(RealInterceptorChain.java:121)&#xD;
	at okhttp3.RealCall.getResponseWithInterceptorChain(RealCall.java:200)&#xD;
	at okhttp3.RealCall.execute(RealCall.java:77)&#xD;
	at org.openqa.selenium.remote.internal.OkHttpClient.execute(OkHttpClient.java:103)&#xD;
	at org.openqa.selenium.remote.HttpCommandExecutor.execute(HttpCommandExecutor.java:155)&#xD;
	at org.openqa.selenium.remote.service.DriverCommandExecutor.execute(DriverCommandExecutor.java:83)&#xD;
	at org.openqa.selenium.remote.RemoteWebDriver.execute(RemoteWebDriver.java:552)&#xD;
	at com.kms.katalon.selenium.driver.CChromeDriver.execute(CChromeDriver.java:20)&#xD;
	at org.openqa.selenium.remote.RemoteWebDriver.execute(RemoteWebDriver.java:609)&#xD;
	at org.openqa.selenium.remote.RemoteWebDriver.getScreenshotAs(RemoteWebDriver.java:295)&#xD;
	at com.kms.katalon.core.webui.util.FileUtil.takesScreenshot(FileUtil.java:27)&#xD;
	at com.kms.katalon.core.webui.keyword.builtin.TakeScreenshotKeyword$_takeScreenshot_closure1.doCall(TakeScreenshotKeyword.groovy:89)&#xD;
	at com.kms.katalon.core.webui.keyword.builtin.TakeScreenshotKeyword$_takeScreenshot_closure1.call(TakeScreenshotKeyword.groovy)&#xD;
	at com.kms.katalon.core.webui.keyword.internal.WebUIKeywordMain.runKeyword(WebUIKeywordMain.groovy:20)&#xD;
	at com.kms.katalon.core.webui.keyword.builtin.TakeScreenshotKeyword.takeScreenshot(TakeScreenshotKeyword.groovy:88)&#xD;
	at com.kms.katalon.core.webui.keyword.builtin.TakeScreenshotKeyword.execute(TakeScreenshotKeyword.groovy:71)&#xD;
	at com.kms.katalon.core.keyword.internal.KeywordExecutor.executeKeywordForPlatform(KeywordExecutor.groovy:56)&#xD;
	at com.kms.katalon.core.webui.keyword.WebUiBuiltInKeywords.takeScreenshot(WebUiBuiltInKeywords.groovy:2881)&#xD;
	at com.kms.katalon.core.webui.keyword.WebUiBuiltInKeywords$takeScreenshot$1.call(Unknown Source)&#xD;
	at get_screenshot.run(get_screenshot:30)&#xD;
	at com.kms.katalon.core.main.ScriptEngine.run(ScriptEngine.java:194)&#xD;
	at com.kms.katalon.core.main.ScriptEngine.runScriptAsRawText(ScriptEngine.java:119)&#xD;
	at com.kms.katalon.core.main.TestCaseExecutor.runScript(TestCaseExecutor.java:337)&#xD;
	at com.kms.katalon.core.main.TestCaseExecutor.doExecute(TestCaseExecutor.java:328)&#xD;
	at com.kms.katalon.core.main.TestCaseExecutor.processExecutionPhase(TestCaseExecutor.java:307)&#xD;
	at com.kms.katalon.core.main.TestCaseExecutor.accessMainPhase(TestCaseExecutor.java:299)&#xD;
	at com.kms.katalon.core.main.TestCaseExecutor.execute(TestCaseExecutor.java:233)&#xD;
	at com.kms.katalon.core.main.TestCaseMain.runTestCase(TestCaseMain.java:114)&#xD;
	at com.kms.katalon.core.keyword.builtin.CallTestCaseKeyword$_callTestCase_closure1.doCall(CallTestCaseKeyword.groovy:59)&#xD;
	at com.kms.katalon.core.keyword.builtin.CallTestCaseKeyword$_callTestCase_closure1.call(CallTestCaseKeyword.groovy)&#xD;
	at com.kms.katalon.core.keyword.internal.KeywordMain.runKeyword(KeywordMain.groovy:68)&#xD;
	at com.kms.katalon.core.keyword.builtin.CallTestCaseKeyword.callTestCase(CallTestCaseKeyword.groovy:81)&#xD;
	at com.kms.katalon.core.keyword.builtin.CallTestCaseKeyword.execute(CallTestCaseKeyword.groovy:44)&#xD;
	at com.kms.katalon.core.keyword.internal.KeywordExecutor.executeKeywordForPlatform(KeywordExecutor.groovy:56)&#xD;
	at com.kms.katalon.core.keyword.BuiltinKeywords.callTestCase(BuiltinKeywords.groovy:334)&#xD;
	at Teladoc.run(Teladoc:139)&#xD;
	... 13 more&#xD;
)</system-out>
            <system-err>2019-09-05 10:57:05 - [TEST_CASE][FAILED] - Test Cases/mobileWeb/Teladoc: Test Cases/mobileWeb/Teladoc FAILED.
Reason:
com.kms.katalon.core.exception.StepFailedException: Call Test Case 'Test Cases/mobileWeb/_include/get_screenshot' failed&#xD;
	at com.kms.katalon.core.keyword.builtin.CallTestCaseKeyword$_callTestCase_closure1.doCall(CallTestCaseKeyword.groovy:63)&#xD;
	at com.kms.katalon.core.keyword.builtin.CallTestCaseKeyword$_callTestCase_closure1.call(CallTestCaseKeyword.groovy)&#xD;
	at com.kms.katalon.core.keyword.internal.KeywordMain.runKeyword(KeywordMain.groovy:68)&#xD;
	at com.kms.katalon.core.keyword.builtin.CallTestCaseKeyword.callTestCase(CallTestCaseKeyword.groovy:81)&#xD;
	at com.kms.katalon.core.keyword.builtin.CallTestCaseKeyword.execute(CallTestCaseKeyword.groovy:44)&#xD;
	at com.kms.katalon.core.keyword.internal.KeywordExecutor.executeKeywordForPlatform(KeywordExecutor.groovy:56)&#xD;
	at com.kms.katalon.core.keyword.BuiltinKeywords.callTestCase(BuiltinKeywords.groovy:334)&#xD;
	at Teladoc.run(Teladoc:139)&#xD;
	at com.kms.katalon.core.main.ScriptEngine.run(ScriptEngine.java:194)&#xD;
	at com.kms.katalon.core.main.ScriptEngine.runScriptAsRawText(ScriptEngine.java:119)&#xD;
	at com.kms.katalon.core.main.TestCaseExecutor.runScript(TestCaseExecutor.java:337)&#xD;
	at com.kms.katalon.core.main.TestCaseExecutor.doExecute(TestCaseExecutor.java:328)&#xD;
	at com.kms.katalon.core.main.TestCaseExecutor.processExecutionPhase(TestCaseExecutor.java:307)&#xD;
	at com.kms.katalon.core.main.TestCaseExecutor.accessMainPhase(TestCaseExecutor.java:299)&#xD;
	at com.kms.katalon.core.main.TestCaseExecutor.execute(TestCaseExecutor.java:233)&#xD;
	at com.kms.katalon.core.main.TestSuiteExecutor.accessTestCaseMainPhase(TestSuiteExecutor.java:133)&#xD;
	at com.kms.katalon.core.main.TestSuiteExecutor.accessTestSuiteMainPhase(TestSuiteExecutor.java:116)&#xD;
	at com.kms.katalon.core.main.TestSuiteExecutor.execute(TestSuiteExecutor.java:83)&#xD;
	at com.kms.katalon.core.main.TestCaseMain.startTestSuite(TestCaseMain.java:157)&#xD;
	at com.kms.katalon.core.main.TestCaseMain$startTestSuite$0.call(Unknown Source)&#xD;
	at TempTestSuite1567652205864.run(TempTestSuite1567652205864.groovy:35)&#xD;
Caused by: com.kms.katalon.core.exception.StepFailedException: Cannot take screenshot&#xD;
	at com.kms.katalon.core.webui.keyword.internal.WebUIKeywordMain.stepFailed(WebUIKeywordMain.groovy:64)&#xD;
	at com.kms.katalon.core.webui.keyword.internal.WebUIKeywordMain.runKeyword(WebUIKeywordMain.groovy:26)&#xD;
	at com.kms.katalon.core.webui.keyword.builtin.TakeScreenshotKeyword.takeScreenshot(TakeScreenshotKeyword.groovy:88)&#xD;
	at com.kms.katalon.core.webui.keyword.builtin.TakeScreenshotKeyword.execute(TakeScreenshotKeyword.groovy:71)&#xD;
	at com.kms.katalon.core.keyword.internal.KeywordExecutor.executeKeywordForPlatform(KeywordExecutor.groovy:56)&#xD;
	at com.kms.katalon.core.webui.keyword.WebUiBuiltInKeywords.takeScreenshot(WebUiBuiltInKeywords.groovy:2881)&#xD;
	at com.kms.katalon.core.webui.keyword.WebUiBuiltInKeywords$takeScreenshot$1.call(Unknown Source)&#xD;
	at get_screenshot.run(get_screenshot:30)&#xD;
	at com.kms.katalon.core.main.ScriptEngine.run(ScriptEngine.java:194)&#xD;
	at com.kms.katalon.core.main.ScriptEngine.runScriptAsRawText(ScriptEngine.java:119)&#xD;
	at com.kms.katalon.core.main.TestCaseExecutor.runScript(TestCaseExecutor.java:337)&#xD;
	at com.kms.katalon.core.main.TestCaseExecutor.doExecute(TestCaseExecutor.java:328)&#xD;
	at com.kms.katalon.core.main.TestCaseExecutor.processExecutionPhase(TestCaseExecutor.java:307)&#xD;
	at com.kms.katalon.core.main.TestCaseExecutor.accessMainPhase(TestCaseExecutor.java:299)&#xD;
	at com.kms.katalon.core.main.TestCaseExecutor.execute(TestCaseExecutor.java:233)&#xD;
	at com.kms.katalon.core.main.TestCaseMain.runTestCase(TestCaseMain.java:114)&#xD;
	at com.kms.katalon.core.keyword.builtin.CallTestCaseKeyword$_callTestCase_closure1.doCall(CallTestCaseKeyword.groovy:59)&#xD;
	... 20 more&#xD;
Caused by: org.openqa.selenium.WebDriverException: java.net.ConnectException: Failed to connect to localhost/0:0:0:0:0:0:0:1:41375
Build info: version: '3.141.59', revision: 'e82be7d358', time: '2018-11-14T08:25:53'
System info: host: 'SOFEE', ip: '172.16.86.47', os.name: 'Windows 7', os.arch: 'amd64', os.version: '6.1', java.version: '1.8.0_181'
Driver info: driver.version: RemoteWebDriver&#xD;
	at org.openqa.selenium.remote.service.DriverCommandExecutor.execute(DriverCommandExecutor.java:92)&#xD;
	at org.openqa.selenium.remote.RemoteWebDriver.execute(RemoteWebDriver.java:552)&#xD;
	at com.kms.katalon.selenium.driver.CChromeDriver.execute(CChromeDriver.java:20)&#xD;
	at org.openqa.selenium.remote.RemoteWebDriver.execute(RemoteWebDriver.java:609)&#xD;
	at org.openqa.selenium.remote.RemoteWebDriver.getScreenshotAs(RemoteWebDriver.java:295)&#xD;
	at com.kms.katalon.core.webui.util.FileUtil.takesScreenshot(FileUtil.java:27)&#xD;
	at com.kms.katalon.core.webui.keyword.builtin.TakeScreenshotKeyword$_takeScreenshot_closure1.doCall(TakeScreenshotKeyword.groovy:89)&#xD;
	at com.kms.katalon.core.webui.keyword.builtin.TakeScreenshotKeyword$_takeScreenshot_closure1.call(TakeScreenshotKeyword.groovy)&#xD;
	at com.kms.katalon.core.webui.keyword.internal.WebUIKeywordMain.runKeyword(WebUIKeywordMain.groovy:20)&#xD;
	at com.kms.katalon.core.webui.keyword.builtin.TakeScreenshotKeyword.takeScreenshot(TakeScreenshotKeyword.groovy:88)&#xD;
	at com.kms.katalon.core.webui.keyword.builtin.TakeScreenshotKeyword.execute(TakeScreenshotKeyword.groovy:71)&#xD;
	at com.kms.katalon.core.keyword.internal.KeywordExecutor.executeKeywordForPlatform(KeywordExecutor.groovy:56)&#xD;
	at com.kms.katalon.core.webui.keyword.WebUiBuiltInKeywords.takeScreenshot(WebUiBuiltInKeywords.groovy:2881)&#xD;
	at com.kms.katalon.core.webui.keyword.WebUiBuiltInKeywords$takeScreenshot$1.call(Unknown Source)&#xD;
	at Script1550741708646.run(Script1550741708646.groovy:30)&#xD;
	at com.kms.katalon.core.main.ScriptEngine.run(ScriptEngine.java:194)&#xD;
	at com.kms.katalon.core.main.ScriptEngine.runScriptAsRawText(ScriptEngine.java:119)&#xD;
	at com.kms.katalon.core.main.TestCaseExecutor.runScript(TestCaseExecutor.java:337)&#xD;
	at com.kms.katalon.core.main.TestCaseExecutor.doExecute(TestCaseExecutor.java:328)&#xD;
	at com.kms.katalon.core.main.TestCaseExecutor.processExecutionPhase(TestCaseExecutor.java:307)&#xD;
	at com.kms.katalon.core.main.TestCaseExecutor.accessMainPhase(TestCaseExecutor.java:299)&#xD;
	at com.kms.katalon.core.main.TestCaseExecutor.execute(TestCaseExecutor.java:233)&#xD;
	at com.kms.katalon.core.main.TestCaseMain.runTestCase(TestCaseMain.java:114)&#xD;
	at com.kms.katalon.core.keyword.builtin.CallTestCaseKeyword$_callTestCase_closure1.doCall(CallTestCaseKeyword.groovy:59)&#xD;
	at com.kms.katalon.core.keyword.builtin.CallTestCaseKeyword$_callTestCase_closure1.call(CallTestCaseKeyword.groovy)&#xD;
	at com.kms.katalon.core.keyword.internal.KeywordMain.runKeyword(KeywordMain.groovy:68)&#xD;
	at com.kms.katalon.core.keyword.builtin.CallTestCaseKeyword.callTestCase(CallTestCaseKeyword.groovy:81)&#xD;
	at com.kms.katalon.core.keyword.builtin.CallTestCaseKeyword.execute(CallTestCaseKeyword.groovy:44)&#xD;
	at com.kms.katalon.core.keyword.internal.KeywordExecutor.executeKeywordForPlatform(KeywordExecutor.groovy:56)&#xD;
	at com.kms.katalon.core.keyword.BuiltinKeywords.callTestCase(BuiltinKeywords.groovy:334)&#xD;
	at Script1548817235291.run(Script1548817235291.groovy:139)&#xD;
	... 13 more&#xD;
Caused by: java.net.ConnectException: Failed to connect to localhost/0:0:0:0:0:0:0:1:41375&#xD;
	at okhttp3.internal.connection.RealConnection.connectSocket(RealConnection.java:247)&#xD;
	at okhttp3.internal.connection.RealConnection.connect(RealConnection.java:165)&#xD;
	at okhttp3.internal.connection.StreamAllocation.findConnection(StreamAllocation.java:257)&#xD;
	at okhttp3.internal.connection.StreamAllocation.findHealthyConnection(StreamAllocation.java:135)&#xD;
	at okhttp3.internal.connection.StreamAllocation.newStream(StreamAllocation.java:114)&#xD;
	at okhttp3.internal.connection.ConnectInterceptor.intercept(ConnectInterceptor.java:42)&#xD;
	at okhttp3.internal.http.RealInterceptorChain.proceed(RealInterceptorChain.java:147)&#xD;
	at okhttp3.internal.http.RealInterceptorChain.proceed(RealInterceptorChain.java:121)&#xD;
	at okhttp3.internal.cache.CacheInterceptor.intercept(CacheInterceptor.java:93)&#xD;
	at okhttp3.internal.http.RealInterceptorChain.proceed(RealInterceptorChain.java:147)&#xD;
	at okhttp3.internal.http.RealInterceptorChain.proceed(RealInterceptorChain.java:121)&#xD;
	at okhttp3.internal.http.BridgeInterceptor.intercept(BridgeInterceptor.java:93)&#xD;
	at okhttp3.internal.http.RealInterceptorChain.proceed(RealInterceptorChain.java:147)&#xD;
	at okhttp3.internal.http.RetryAndFollowUpInterceptor.intercept(RetryAndFollowUpInterceptor.java:126)&#xD;
	at okhttp3.internal.http.RealInterceptorChain.proceed(RealInterceptorChain.java:147)&#xD;
	at okhttp3.internal.http.RealInterceptorChain.proceed(RealInterceptorChain.java:121)&#xD;
	at okhttp3.RealCall.getResponseWithInterceptorChain(RealCall.java:200)&#xD;
	at okhttp3.RealCall.execute(RealCall.java:77)&#xD;
	at org.openqa.selenium.remote.internal.OkHttpClient.execute(OkHttpClient.java:103)&#xD;
	at org.openqa.selenium.remote.HttpCommandExecutor.execute(HttpCommandExecutor.java:155)&#xD;
	at org.openqa.selenium.remote.service.DriverCommandExecutor.execute(DriverCommandExecutor.java:83)&#xD;
	... 43 more&#xD;
Caused by: java.net.ConnectException: Connection refused: connect&#xD;
	at okhttp3.internal.platform.Platform.connectSocket(Platform.java:129)&#xD;
	at okhttp3.internal.connection.RealConnection.connectSocket(RealConnection.java:245)&#xD;
	at okhttp3.internal.connection.RealConnection.connect(RealConnection.java:165)&#xD;
	at okhttp3.internal.connection.StreamAllocation.findConnection(StreamAllocation.java:257)&#xD;
	at okhttp3.internal.connection.StreamAllocation.findHealthyConnection(StreamAllocation.java:135)&#xD;
	at okhttp3.internal.connection.StreamAllocation.newStream(StreamAllocation.java:114)&#xD;
	at okhttp3.internal.connection.ConnectInterceptor.intercept(ConnectInterceptor.java:42)&#xD;
	at okhttp3.internal.http.RealInterceptorChain.proceed(RealInterceptorChain.java:147)&#xD;
	at okhttp3.internal.http.RealInterceptorChain.proceed(RealInterceptorChain.java:121)&#xD;
	at okhttp3.internal.cache.CacheInterceptor.intercept(CacheInterceptor.java:93)&#xD;
	at okhttp3.internal.http.RealInterceptorChain.proceed(RealInterceptorChain.java:147)&#xD;
	at okhttp3.internal.http.RealInterceptorChain.proceed(RealInterceptorChain.java:121)&#xD;
	at okhttp3.internal.http.BridgeInterceptor.intercept(BridgeInterceptor.java:93)&#xD;
	at okhttp3.internal.http.RealInterceptorChain.proceed(RealInterceptorChain.java:147)&#xD;
	at okhttp3.internal.http.RetryAndFollowUpInterceptor.intercept(RetryAndFollowUpInterceptor.java:126)&#xD;
	at okhttp3.internal.http.RealInterceptorChain.proceed(RealInterceptorChain.java:147)&#xD;
	at okhttp3.internal.http.RealInterceptorChain.proceed(RealInterceptorChain.java:121)&#xD;
	at okhttp3.RealCall.getResponseWithInterceptorChain(RealCall.java:200)&#xD;
	at okhttp3.RealCall.execute(RealCall.java:77)&#xD;
	at org.openqa.selenium.remote.internal.OkHttpClient.execute(OkHttpClient.java:103)&#xD;
	at org.openqa.selenium.remote.HttpCommandExecutor.execute(HttpCommandExecutor.java:155)&#xD;
	at org.openqa.selenium.remote.service.DriverCommandExecutor.execute(DriverCommandExecutor.java:83)&#xD;
	at org.openqa.selenium.remote.RemoteWebDriver.execute(RemoteWebDriver.java:552)&#xD;
	at com.kms.katalon.selenium.driver.CChromeDriver.execute(CChromeDriver.java:20)&#xD;
	at org.openqa.selenium.remote.RemoteWebDriver.execute(RemoteWebDriver.java:609)&#xD;
	at org.openqa.selenium.remote.RemoteWebDriver.getScreenshotAs(RemoteWebDriver.java:295)&#xD;
	at com.kms.katalon.core.webui.util.FileUtil.takesScreenshot(FileUtil.java:27)&#xD;
	at com.kms.katalon.core.webui.keyword.builtin.TakeScreenshotKeyword$_takeScreenshot_closure1.doCall(TakeScreenshotKeyword.groovy:89)&#xD;
	at com.kms.katalon.core.webui.keyword.builtin.TakeScreenshotKeyword$_takeScreenshot_closure1.call(TakeScreenshotKeyword.groovy)&#xD;
	at com.kms.katalon.core.webui.keyword.internal.WebUIKeywordMain.runKeyword(WebUIKeywordMain.groovy:20)&#xD;
	at com.kms.katalon.core.webui.keyword.builtin.TakeScreenshotKeyword.takeScreenshot(TakeScreenshotKeyword.groovy:88)&#xD;
	at com.kms.katalon.core.webui.keyword.builtin.TakeScreenshotKeyword.execute(TakeScreenshotKeyword.groovy:71)&#xD;
	at com.kms.katalon.core.keyword.internal.KeywordExecutor.executeKeywordForPlatform(KeywordExecutor.groovy:56)&#xD;
	at com.kms.katalon.core.webui.keyword.WebUiBuiltInKeywords.takeScreenshot(WebUiBuiltInKeywords.groovy:2881)&#xD;
	at com.kms.katalon.core.webui.keyword.WebUiBuiltInKeywords$takeScreenshot$1.call(Unknown Source)&#xD;
	at get_screenshot.run(get_screenshot:30)&#xD;
	at com.kms.katalon.core.main.ScriptEngine.run(ScriptEngine.java:194)&#xD;
	at com.kms.katalon.core.main.ScriptEngine.runScriptAsRawText(ScriptEngine.java:119)&#xD;
	at com.kms.katalon.core.main.TestCaseExecutor.runScript(TestCaseExecutor.java:337)&#xD;
	at com.kms.katalon.core.main.TestCaseExecutor.doExecute(TestCaseExecutor.java:328)&#xD;
	at com.kms.katalon.core.main.TestCaseExecutor.processExecutionPhase(TestCaseExecutor.java:307)&#xD;
	at com.kms.katalon.core.main.TestCaseExecutor.accessMainPhase(TestCaseExecutor.java:299)&#xD;
	at com.kms.katalon.core.main.TestCaseExecutor.execute(TestCaseExecutor.java:233)&#xD;
	at com.kms.katalon.core.main.TestCaseMain.runTestCase(TestCaseMain.java:114)&#xD;
	at com.kms.katalon.core.keyword.builtin.CallTestCaseKeyword$_callTestCase_closure1.doCall(CallTestCaseKeyword.groovy:59)&#xD;
	at com.kms.katalon.core.keyword.builtin.CallTestCaseKeyword$_callTestCase_closure1.call(CallTestCaseKeyword.groovy)&#xD;
	at com.kms.katalon.core.keyword.internal.KeywordMain.runKeyword(KeywordMain.groovy:68)&#xD;
	at com.kms.katalon.core.keyword.builtin.CallTestCaseKeyword.callTestCase(CallTestCaseKeyword.groovy:81)&#xD;
	at com.kms.katalon.core.keyword.builtin.CallTestCaseKeyword.execute(CallTestCaseKeyword.groovy:44)&#xD;
	at com.kms.katalon.core.keyword.internal.KeywordExecutor.executeKeywordForPlatform(KeywordExecutor.groovy:56)&#xD;
	at com.kms.katalon.core.keyword.BuiltinKeywords.callTestCase(BuiltinKeywords.groovy:334)&#xD;
	at Teladoc.run(Teladoc:139)&#xD;
	... 13 more</system-err>
        </testcase>
        <system-out>2019-09-05 10:57:05 - [TEST_SUITE][INCOMPLETE] - teladoc: null</system-out>
        <system-err>2019-09-05 10:57:05 - [TEST_SUITE][INCOMPLETE] - teladoc: null</system-err>
    </testsuite>
</testsuites>
