<?xml version="1.0" encoding="UTF-8"?>
<testsuites name="teladoc" time="132" tests="1" failures="0" errors="0">
   <testsuite name="teladoc" tests="1" failures="0" errors="0" time="132" timestamp="2019-02-21 16:46:29" hostname="sofee.yu - windows10.microdone.cn" id="Test Suites/mobileWeb/teladoc">
      <properties>
         <property name="deviceName" value=""/>
         <property name="devicePlatform" value=""/>
         <property name="logFolder" value="D:\\Test\\AgileTest\\AgileTest\\Reports\\mobileWeb\\teladoc\\20190221_164623"/>
         <property name="logFiles" value="D:\\Test\\AgileTest\\AgileTest\\Reports\\mobileWeb\\teladoc\\20190221_164623\\execution0.log"/>
         <property name="attachments" value="D:\\Test\\AgileTest\\AgileTest\\Reports\\mobileWeb\\teladoc\\20190221_164623\\./Screenshots0.png, D:\\Test\\AgileTest\\AgileTest\\Reports\\mobileWeb\\teladoc\\20190221_164623\\./Screenshots1.png, D:\\Test\\AgileTest\\AgileTest\\Reports\\mobileWeb\\teladoc\\20190221_164623\\./Screenshots2.png, D:\\Test\\AgileTest\\AgileTest\\Reports\\mobileWeb\\teladoc\\20190221_164623\\./Screenshots3.png, D:\\Test\\AgileTest\\AgileTest\\Reports\\mobileWeb\\teladoc\\20190221_164623\\./Screenshots4.png, D:\\Test\\AgileTest\\AgileTest\\Reports\\mobileWeb\\teladoc\\20190221_164623\\./Screenshots5.png, D:\\Test\\AgileTest\\AgileTest\\Reports\\mobileWeb\\teladoc\\20190221_164623\\./Screenshots6.png, D:\\Test\\AgileTest\\AgileTest\\Reports\\mobileWeb\\teladoc\\20190221_164623\\1550738856342.png, D:\\Test\\AgileTest\\AgileTest\\Reports\\mobileWeb\\teladoc\\20190221_164623\\1550738868666.png, D:\\Test\\AgileTest\\AgileTest\\Reports\\mobileWeb\\teladoc\\20190221_164623\\1550738919328.png"/>
         <property name="hostName" value="sofee.yu - windows10.microdone.cn"/>
         <property name="os" value="Windows 7 64bit"/>
         <property name="katalonVersion" value="5.9.1.2"/>
         <property name="browser" value="Chrome 66.0.3329.0"/>
         <property name="hostAddress" value="172.16.86.47"/>
         <property name="sessionId" value="77858957929128049dc4563ff33dea8c"/>
         <property name="seleniumVersion" value="3.7.1"/>
         <property name="proxyInformation" value="ProxyInformation{proxyOption=NO_PROXY, proxyServerType=HTTP, password=, proxyServerAddress=, proxyServerPort=0}"/>
         <property name="platform" value="Windows 7"/>
      </properties>
      <testcase name="Test Cases/mobileWeb/Teladoc" classname="Test Cases/mobileWeb/Teladoc" status="PASSED">
         <system-out><![CDATA[2019-02-21 16:46:30 - [TEST_CASE][PASSED] - Test Cases/mobileWeb/Teladoc: Test Cases/mobileWeb/Teladoc

2019-02-21 16:46:32 - [TEST_STEP][PASSED] - callTestCase(findTestCase("mobileWeb/_include/openWebSite"), [:], STOP_ON_FAILURE): Call Test Case 'Test Cases/mobileWeb/_include/openWebSite' successfully

2019-02-21 16:46:32 - [TEST_CASE][PASSED] - Test Cases/mobileWeb/_include/openWebSite: Test Cases/mobileWeb/_include/openWebSite

2019-02-21 16:46:33 - [TEST_STEP][PASSED] - openBrowser(""): Browser is opened with url: ''

2019-02-21 16:46:35 - [MESSAGE][INFO] - Starting 'Chrome' driver

2019-02-21 16:46:35 - [MESSAGE][INFO] - User set preference: ['mobileEmulation', '{deviceName=Galaxy S5}']

2019-02-21 16:46:35 - [MESSAGE][INFO] - User set preference: ['args', '[--incognito, --aggressive-cache-discard, --window-size=360,800]']

2019-02-21 16:46:35 - [MESSAGE][INFO] - Action delay is set to 0 seconds

2019-02-21 16:46:39 - [MESSAGE][PASSED] - Browser is opened with url: ''

2019-02-21 16:46:39 - [TEST_STEP][PASSED] - navigateToUrl(ENV): Navigate to 'https://praetemptatus.agilehealthinsurance.com' successfully

2019-02-21 16:46:45 - [MESSAGE][PASSED] - Navigate to 'https://praetemptatus.agilehealthinsurance.com' successfully

2019-02-21 16:46:45 - [TEST_STEP][PASSED] - waitForPageLoad(10): Wait for page load successfully

2019-02-21 16:46:46 - [MESSAGE][PASSED] - Wait for page load successfully

2019-02-21 16:46:46 - [MESSAGE][PASSED] - Call Test Case 'Test Cases/mobileWeb/_include/openWebSite' successfully

2019-02-21 16:46:46 - [TEST_STEP][PASSED] - callTestCase(findTestCase("mobileWeb/_include/take_screenshot"), [:], STOP_ON_FAILURE): Call Test Case 'Test Cases/mobileWeb/_include/take_screenshot' successfully

2019-02-21 16:46:46 - [TEST_CASE][PASSED] - Test Cases/mobileWeb/_include/take_screenshot: Test Cases/mobileWeb/_include/take_screenshot

2019-02-21 16:46:47 - [TEST_STEP][PASSED] - takeScreenshot(screenPath + i + ".png"): Taking screenshot successfully

2019-02-21 16:46:48 - [MESSAGE][PASSED] - Taking screenshot successfully
[[ATTACHMENT|D:\\Test\\AgileTest\\AgileTest\\Reports\\mobileWeb\\teladoc\\20190221_164623\\./Screenshots0.png]]

2019-02-21 16:46:48 - [TEST_STEP][PASSED] - (internal.GlobalVariable.i++): null

2019-02-21 16:46:48 - [MESSAGE][PASSED] - Call Test Case 'Test Cases/mobileWeb/_include/take_screenshot' successfully

2019-02-21 16:46:48 - [TEST_STEP][PASSED] - click(findTestObject("mobileSanity/Common/side_nav/menu")): Object: 'Object Repository/mobileSanity/Common/side_nav/menu' is clicked on

2019-02-21 16:46:50 - [MESSAGE][PASSED] - Object: 'Object Repository/mobileSanity/Common/side_nav/menu' is clicked on

2019-02-21 16:46:50 - [TEST_STEP][PASSED] - Thread.sleep(3000): null

2019-02-21 16:46:53 - [TEST_STEP][PASSED] - callTestCase(findTestCase("mobileWeb/_include/take_screenshot"), [:], STOP_ON_FAILURE): Call Test Case 'Test Cases/mobileWeb/_include/take_screenshot' successfully

2019-02-21 16:46:53 - [TEST_CASE][PASSED] - Test Cases/mobileWeb/_include/take_screenshot: Test Cases/mobileWeb/_include/take_screenshot

2019-02-21 16:46:54 - [TEST_STEP][PASSED] - takeScreenshot(screenPath + i + ".png"): Taking screenshot successfully

2019-02-21 16:46:54 - [MESSAGE][PASSED] - Taking screenshot successfully
[[ATTACHMENT|D:\\Test\\AgileTest\\AgileTest\\Reports\\mobileWeb\\teladoc\\20190221_164623\\./Screenshots1.png]]

2019-02-21 16:46:54 - [TEST_STEP][PASSED] - (internal.GlobalVariable.i++): null

2019-02-21 16:46:54 - [MESSAGE][PASSED] - Call Test Case 'Test Cases/mobileWeb/_include/take_screenshot' successfully

2019-02-21 16:46:54 - [TEST_STEP][PASSED] - click(findTestObject("mobileSanity/Common/side_nav/nav_teladoc")): Object: 'Object Repository/mobileSanity/Common/side_nav/nav_teladoc' is clicked on

2019-02-21 16:46:59 - [MESSAGE][PASSED] - Object: 'Object Repository/mobileSanity/Common/side_nav/nav_teladoc' is clicked on

2019-02-21 16:46:59 - [TEST_STEP][PASSED] - waitForPageLoad(10): Wait for page load successfully

2019-02-21 16:47:00 - [MESSAGE][PASSED] - Wait for page load successfully

2019-02-21 16:47:00 - [TEST_STEP][PASSED] - callTestCase(findTestCase("mobileWeb/_include/take_screenshot"), [:], STOP_ON_FAILURE): Call Test Case 'Test Cases/mobileWeb/_include/take_screenshot' successfully

2019-02-21 16:47:00 - [TEST_CASE][PASSED] - Test Cases/mobileWeb/_include/take_screenshot: Test Cases/mobileWeb/_include/take_screenshot

2019-02-21 16:47:00 - [TEST_STEP][PASSED] - takeScreenshot(screenPath + i + ".png"): Taking screenshot successfully

2019-02-21 16:47:01 - [MESSAGE][PASSED] - Taking screenshot successfully
[[ATTACHMENT|D:\\Test\\AgileTest\\AgileTest\\Reports\\mobileWeb\\teladoc\\20190221_164623\\./Screenshots2.png]]

2019-02-21 16:47:01 - [TEST_STEP][PASSED] - (internal.GlobalVariable.i++): null

2019-02-21 16:47:01 - [MESSAGE][PASSED] - Call Test Case 'Test Cases/mobileWeb/_include/take_screenshot' successfully

2019-02-21 16:47:01 - [TEST_STEP][PASSED] - click(findTestObject("mobileSanity/Teladoc/front_door_quote_button")): Object: 'Object Repository/mobileSanity/Teladoc/front_door_quote_button' is clicked on

2019-02-21 16:47:05 - [MESSAGE][PASSED] - Object: 'Object Repository/mobileSanity/Teladoc/front_door_quote_button' is clicked on

2019-02-21 16:47:05 - [TEST_STEP][PASSED] - waitForPageLoad(10): Wait for page load successfully

2019-02-21 16:47:06 - [MESSAGE][PASSED] - Wait for page load successfully

2019-02-21 16:47:06 - [TEST_STEP][PASSED] - callTestCase(findTestCase("mobileWeb/_include/take_screenshot"), [:], STOP_ON_FAILURE): Call Test Case 'Test Cases/mobileWeb/_include/take_screenshot' successfully

2019-02-21 16:47:06 - [TEST_CASE][PASSED] - Test Cases/mobileWeb/_include/take_screenshot: Test Cases/mobileWeb/_include/take_screenshot

2019-02-21 16:47:06 - [TEST_STEP][PASSED] - takeScreenshot(screenPath + i + ".png"): Taking screenshot successfully

2019-02-21 16:47:07 - [MESSAGE][PASSED] - Taking screenshot successfully
[[ATTACHMENT|D:\\Test\\AgileTest\\AgileTest\\Reports\\mobileWeb\\teladoc\\20190221_164623\\./Screenshots3.png]]

2019-02-21 16:47:07 - [TEST_STEP][PASSED] - (internal.GlobalVariable.i++): null

2019-02-21 16:47:07 - [MESSAGE][PASSED] - Call Test Case 'Test Cases/mobileWeb/_include/take_screenshot' successfully

2019-02-21 16:47:07 - [TEST_STEP][PASSED] - sendKeys(findTestObject("mobileSanity/Teladoc/census/input_Location_zip-input"), "35215"): Keys '35215' sent to object: 'Object Repository/mobileSanity/Teladoc/census/input_Location_zip-input'

2019-02-21 16:47:07 - [MESSAGE][PASSED] - Keys '35215' sent to object: 'Object Repository/mobileSanity/Teladoc/census/input_Location_zip-input'

2019-02-21 16:47:07 - [TEST_STEP][PASSED] - setText(findTestObject("mobileSanity/Teladoc/census/input_Date of Birth_dob-0"), "12/12/1980"): Text '12/12/1980' is set on object 'Object Repository/mobileSanity/Teladoc/census/input_Date of Birth_dob-0'

2019-02-21 16:47:08 - [MESSAGE][PASSED] - Text '12/12/1980' is set on object 'Object Repository/mobileSanity/Teladoc/census/input_Date of Birth_dob-0'

2019-02-21 16:47:08 - [TEST_STEP][PASSED] - click(findTestObject("mobileSanity/Teladoc/census/label_Male")): Object: 'Object Repository/mobileSanity/Teladoc/census/label_Male' is clicked on

2019-02-21 16:47:08 - [MESSAGE][PASSED] - Object: 'Object Repository/mobileSanity/Teladoc/census/label_Male' is clicked on

2019-02-21 16:47:08 - [TEST_STEP][PASSED] - Thread.sleep(3000): null

2019-02-21 16:47:11 - [TEST_STEP][PASSED] - callTestCase(findTestCase("mobileWeb/_include/take_screenshot"), [:], STOP_ON_FAILURE): Call Test Case 'Test Cases/mobileWeb/_include/take_screenshot' successfully

2019-02-21 16:47:11 - [TEST_CASE][PASSED] - Test Cases/mobileWeb/_include/take_screenshot: Test Cases/mobileWeb/_include/take_screenshot

2019-02-21 16:47:11 - [TEST_STEP][PASSED] - takeScreenshot(screenPath + i + ".png"): Taking screenshot successfully

2019-02-21 16:47:11 - [MESSAGE][PASSED] - Taking screenshot successfully
[[ATTACHMENT|D:\\Test\\AgileTest\\AgileTest\\Reports\\mobileWeb\\teladoc\\20190221_164623\\./Screenshots4.png]]

2019-02-21 16:47:11 - [TEST_STEP][PASSED] - (internal.GlobalVariable.i++): null

2019-02-21 16:47:11 - [MESSAGE][PASSED] - Call Test Case 'Test Cases/mobileWeb/_include/take_screenshot' successfully

2019-02-21 16:47:11 - [TEST_STEP][PASSED] - click(findTestObject("mobileSanity/Teladoc/census/label_Start Secure Application")): Object: 'Object Repository/mobileSanity/Teladoc/census/label_Start Secure Application' is clicked on

2019-02-21 16:47:17 - [MESSAGE][PASSED] - Object: 'Object Repository/mobileSanity/Teladoc/census/label_Start Secure Application' is clicked on

2019-02-21 16:47:17 - [TEST_STEP][PASSED] - waitForPageLoad(10): Wait for page load successfully

2019-02-21 16:47:17 - [MESSAGE][PASSED] - Wait for page load successfully

2019-02-21 16:47:17 - [TEST_STEP][PASSED] - callTestCase(findTestCase("mobileWeb/_include/take_screenshot"), [:], STOP_ON_FAILURE): Call Test Case 'Test Cases/mobileWeb/_include/take_screenshot' successfully

2019-02-21 16:47:17 - [TEST_CASE][PASSED] - Test Cases/mobileWeb/_include/take_screenshot: Test Cases/mobileWeb/_include/take_screenshot

2019-02-21 16:47:17 - [TEST_STEP][PASSED] - takeScreenshot(screenPath + i + ".png"): Taking screenshot successfully

2019-02-21 16:47:18 - [MESSAGE][PASSED] - Taking screenshot successfully
[[ATTACHMENT|D:\\Test\\AgileTest\\AgileTest\\Reports\\mobileWeb\\teladoc\\20190221_164623\\./Screenshots5.png]]

2019-02-21 16:47:18 - [TEST_STEP][PASSED] - (internal.GlobalVariable.i++): null

2019-02-21 16:47:18 - [MESSAGE][PASSED] - Call Test Case 'Test Cases/mobileWeb/_include/take_screenshot' successfully

2019-02-21 16:47:18 - [TEST_STEP][PASSED] - callTestCase(findTestCase("mobileWeb/_include/name"), [:], STOP_ON_FAILURE): Call Test Case 'Test Cases/mobileWeb/_include/name' successfully

2019-02-21 16:47:18 - [TEST_CASE][PASSED] - Test Cases/mobileWeb/_include/name: Test Cases/mobileWeb/_include/name

2019-02-21 16:47:19 - [TEST_STEP][PASSED] - driver = getWebDriver(): null

2019-02-21 16:47:19 - [TEST_STEP][PASSED] - selenium = new com.thoughtworks.selenium.webdriven.WebDriverBackedSelenium(driver, internal.GlobalVariable.ENV): null

2019-02-21 16:47:19 - [TEST_STEP][PASSED] - FirstName = "Test-123": null

2019-02-21 16:47:19 - [TEST_STEP][PASSED] - LastName = selenium.getEval("{var x="ABCDEFGHIJKLMNOPQRSTUVWXYZabcdefghijklmnopqrstuvwxyz"; var tmp="ZZ11-"; for (i=0;i<8;i++) tmp+=x.charAt(Math.ceil(51*Math.random()));tmp;}"): null

2019-02-21 16:47:19 - [TEST_STEP][PASSED] - Address = selenium.getEval("{var x="ABCDEFGHIJKLMNOPQRSTUVWXYZabcdefghijklmnopqrstuvwxyz"; var tmp=""; for (i=0;i<8;i++) tmp+=x.charAt(Math.ceil(51*Math.random()));tmp;}"): null

2019-02-21 16:47:19 - [TEST_STEP][PASSED] - City = selenium.getEval("{var x="ABCDEFGHIJKLMNOPQRSTUVWXYZabcdefghijklmnopqrstuvwxyz"; var tmp=""; for (i=0;i<8;i++) tmp+=x.charAt(Math.ceil(51*Math.random()));tmp;}"): null

2019-02-21 16:47:19 - [TEST_STEP][PASSED] - tel1 = selenium.getEval("{var x="123456789"; var tmp=""; for (i=0;i<3;i++) tmp+=x.charAt(Math.ceil(8*Math.random()));tmp;}"): null

2019-02-21 16:47:19 - [TEST_STEP][PASSED] - tel2 = selenium.getEval("{var x="123456789"; var tmp=""; for (i=0;i<3;i++) tmp+=x.charAt(Math.ceil(8*Math.random()));tmp;}"): null

2019-02-21 16:47:19 - [TEST_STEP][PASSED] - tel3 = selenium.getEval("{var x="123456789"; var tmp=""; for (i=0;i<4;i++) tmp+=x.charAt(Math.ceil(8*Math.random()));tmp;}"): null

2019-02-21 16:47:19 - [TEST_STEP][PASSED] - Tel = selenium.getExpression(tel1 + "-" + tel2 + "-" + tel3): null

2019-02-21 16:47:19 - [TEST_STEP][PASSED] - AutoEmail = selenium.getEval("{var x="ABCDEFGHIJKLMNOPQRSTUVWXYZabcdefghijklmnopqrstuvwxyz"; var tmp="test."; for (i=0;i<8;i++) tmp+=x.charAt(Math.ceil(51*Math.random()));tmp+="@suryani.cn";}"): null

2019-02-21 16:47:19 - [TEST_STEP][PASSED] - FirstName = FirstName: null

2019-02-21 16:47:19 - [TEST_STEP][PASSED] - LastName = LastName: null

2019-02-21 16:47:19 - [TEST_STEP][PASSED] - Address = Address: null

2019-02-21 16:47:19 - [TEST_STEP][PASSED] - City = City: null

2019-02-21 16:47:19 - [TEST_STEP][PASSED] - Tel = Tel: null

2019-02-21 16:47:19 - [TEST_STEP][PASSED] - AutoEmail = AutoEmail: null

2019-02-21 16:47:19 - [TEST_STEP][PASSED] - println(FirstName): null

2019-02-21 16:47:19 - [TEST_STEP][PASSED] - println(LastName): null

2019-02-21 16:47:19 - [TEST_STEP][PASSED] - println(Address): null

2019-02-21 16:47:19 - [TEST_STEP][PASSED] - println(City): null

2019-02-21 16:47:19 - [TEST_STEP][PASSED] - println(Tel): null

2019-02-21 16:47:19 - [TEST_STEP][PASSED] - println(AutoEmail): null

2019-02-21 16:47:19 - [MESSAGE][PASSED] - Call Test Case 'Test Cases/mobileWeb/_include/name' successfully

2019-02-21 16:47:19 - [TEST_STEP][PASSED] - setText(findTestObject("mobileSanity/Teladoc/Page_App Page 1/input__member-P-1-firstName"), FirstName): Text 'Test-123' is set on object 'Object Repository/mobileSanity/Teladoc/Page_App Page 1/input__member-P-1-firstName'

2019-02-21 16:47:22 - [MESSAGE][PASSED] - Text 'Test-123' is set on object 'Object Repository/mobileSanity/Teladoc/Page_App Page 1/input__member-P-1-firstName'

2019-02-21 16:47:22 - [TEST_STEP][PASSED] - setText(findTestObject("mobileSanity/Teladoc/Page_App Page 1/input__member-P-1-lastName"), LastName): Text 'ZZ11-vQBoqbDR' is set on object 'Object Repository/mobileSanity/Teladoc/Page_App Page 1/input__member-P-1-lastName'

2019-02-21 16:47:22 - [MESSAGE][PASSED] - Text 'ZZ11-vQBoqbDR' is set on object 'Object Repository/mobileSanity/Teladoc/Page_App Page 1/input__member-P-1-lastName'

2019-02-21 16:47:22 - [TEST_STEP][PASSED] - selectOptionByValue(findTestObject("mobileSanity/Teladoc/Page_App Page 1/select_01020304050607"), "05", true): All options with value '05' are selected in object 'Object Repository/mobileSanity/Teladoc/Page_App Page 1/select_01020304050607'  using regular expression

2019-02-21 16:47:23 - [MESSAGE][PASSED] - All options with value '05' are selected in object 'Object Repository/mobileSanity/Teladoc/Page_App Page 1/select_01020304050607'  using regular expression

2019-02-21 16:47:23 - [TEST_STEP][PASSED] - selectOptionByValue(findTestObject("mobileSanity/Teladoc/Page_App Page 1/select_00102030405060708091011"), "06", true): All options with value '06' are selected in object 'Object Repository/mobileSanity/Teladoc/Page_App Page 1/select_00102030405060708091011'  using regular expression

2019-02-21 16:47:23 - [MESSAGE][PASSED] - All options with value '06' are selected in object 'Object Repository/mobileSanity/Teladoc/Page_App Page 1/select_00102030405060708091011'  using regular expression

2019-02-21 16:47:23 - [TEST_STEP][PASSED] - setText(findTestObject("mobileSanity/Teladoc/Page_App Page 1/input_lbs"), "180"): Text '180' is set on object 'Object Repository/mobileSanity/Teladoc/Page_App Page 1/input_lbs'

2019-02-21 16:47:24 - [MESSAGE][PASSED] - Text '180' is set on object 'Object Repository/mobileSanity/Teladoc/Page_App Page 1/input_lbs'

2019-02-21 16:47:24 - [TEST_STEP][PASSED] - setText(findTestObject("mobileSanity/Teladoc/Page_App Page 1/input__address"), Address): Text 'wuzyvqBU' is set on object 'Object Repository/mobileSanity/Teladoc/Page_App Page 1/input__address'

2019-02-21 16:47:24 - [MESSAGE][PASSED] - Text 'wuzyvqBU' is set on object 'Object Repository/mobileSanity/Teladoc/Page_App Page 1/input__address'

2019-02-21 16:47:24 - [TEST_STEP][PASSED] - setText(findTestObject("mobileSanity/Teladoc/Page_App Page 1/input__city"), City): Text 'ULFwdmJG' is set on object 'Object Repository/mobileSanity/Teladoc/Page_App Page 1/input__city'

2019-02-21 16:47:24 - [MESSAGE][PASSED] - Text 'ULFwdmJG' is set on object 'Object Repository/mobileSanity/Teladoc/Page_App Page 1/input__city'

2019-02-21 16:47:24 - [TEST_STEP][PASSED] - setText(findTestObject("mobileSanity/Teladoc/Page_App Page 1/input__email"), AutoEmail): Text 'test.WYBVzgvU@suryani.cn' is set on object 'Object Repository/mobileSanity/Teladoc/Page_App Page 1/input__email'

2019-02-21 16:47:25 - [MESSAGE][PASSED] - Text 'test.WYBVzgvU@suryani.cn' is set on object 'Object Repository/mobileSanity/Teladoc/Page_App Page 1/input__email'

2019-02-21 16:47:25 - [TEST_STEP][PASSED] - setText(findTestObject("mobileSanity/Teladoc/Page_App Page 1/input_phone number"), Tel): Text '533-233-5699' is set on object 'Object Repository/mobileSanity/Teladoc/Page_App Page 1/input_phone number'

2019-02-21 16:47:25 - [MESSAGE][PASSED] - Text '533-233-5699' is set on object 'Object Repository/mobileSanity/Teladoc/Page_App Page 1/input_phone number'

2019-02-21 16:47:25 - [TEST_STEP][PASSED] - click(findTestObject("mobileSanity/Teladoc/Page_App Page 1/a_Continue to Step 2 - Payment")): Object: 'Object Repository/mobileSanity/Teladoc/Page_App Page 1/a_Continue to Step 2 - Payment' is clicked on

2019-02-21 16:47:25 - [MESSAGE][PASSED] - Object: 'Object Repository/mobileSanity/Teladoc/Page_App Page 1/a_Continue to Step 2 - Payment' is clicked on

2019-02-21 16:47:25 - [TEST_STEP][PASSED] - waitForPageLoad(10): Wait for page load successfully

2019-02-21 16:47:25 - [MESSAGE][PASSED] - Wait for page load successfully

2019-02-21 16:47:25 - [TEST_STEP][PASSED] - callTestCase(findTestCase("mobileWeb/_include/take_screenshot"), [:], STOP_ON_FAILURE): Call Test Case 'Test Cases/mobileWeb/_include/take_screenshot' successfully

2019-02-21 16:47:25 - [TEST_CASE][PASSED] - Test Cases/mobileWeb/_include/take_screenshot: Test Cases/mobileWeb/_include/take_screenshot

2019-02-21 16:47:25 - [TEST_STEP][PASSED] - takeScreenshot(screenPath + i + ".png"): Taking screenshot successfully

2019-02-21 16:47:26 - [MESSAGE][PASSED] - Taking screenshot successfully
[[ATTACHMENT|D:\\Test\\AgileTest\\AgileTest\\Reports\\mobileWeb\\teladoc\\20190221_164623\\./Screenshots6.png]]

2019-02-21 16:47:26 - [TEST_STEP][PASSED] - (internal.GlobalVariable.i++): null

2019-02-21 16:47:26 - [MESSAGE][PASSED] - Call Test Case 'Test Cases/mobileWeb/_include/take_screenshot' successfully

2019-02-21 16:47:26 - [TEST_STEP][PASSED] - setText(findTestObject("mobileSanity/Teladoc/Page_App Page 2/input__credit-card-first"), FirstName): Text 'Test-123' is set on object 'Object Repository/mobileSanity/Teladoc/Page_App Page 2/input__credit-card-first'

2019-02-21 16:47:29 - [MESSAGE][PASSED] - Text 'Test-123' is set on object 'Object Repository/mobileSanity/Teladoc/Page_App Page 2/input__credit-card-first'

2019-02-21 16:47:29 - [TEST_STEP][PASSED] - setText(findTestObject("mobileSanity/Teladoc/Page_App Page 2/input__credit-card-last"), LastName): Text 'ZZ11-vQBoqbDR' is set on object 'Object Repository/mobileSanity/Teladoc/Page_App Page 2/input__credit-card-last'

2019-02-21 16:47:29 - [MESSAGE][PASSED] - Text 'ZZ11-vQBoqbDR' is set on object 'Object Repository/mobileSanity/Teladoc/Page_App Page 2/input__credit-card-last'

2019-02-21 16:47:29 - [TEST_STEP][PASSED] - selectOptionByValue(findTestObject("mobileSanity/Teladoc/Page_App Page 2/select_MM010203040506070809101"), "12", true): All options with value '12' are selected in object 'Object Repository/mobileSanity/Teladoc/Page_App Page 2/select_MM010203040506070809101'  using regular expression

2019-02-21 16:47:29 - [MESSAGE][PASSED] - All options with value '12' are selected in object 'Object Repository/mobileSanity/Teladoc/Page_App Page 2/select_MM010203040506070809101'  using regular expression

2019-02-21 16:47:29 - [TEST_STEP][PASSED] - selectOptionByValue(findTestObject("mobileSanity/Teladoc/Page_App Page 2/select_YYYY2019202020212022202"), "2026", true): All options with value '2026' are selected in object 'Object Repository/mobileSanity/Teladoc/Page_App Page 2/select_YYYY2019202020212022202'  using regular expression

2019-02-21 16:47:30 - [MESSAGE][PASSED] - All options with value '2026' are selected in object 'Object Repository/mobileSanity/Teladoc/Page_App Page 2/select_YYYY2019202020212022202'  using regular expression

2019-02-21 16:47:30 - [TEST_STEP][PASSED] - setText(findTestObject("mobileSanity/Teladoc/Page_App Page 2/input__credit-card-number"), "4111111111111111"): Text '4111111111111111' is set on object 'Object Repository/mobileSanity/Teladoc/Page_App Page 2/input__credit-card-number'

2019-02-21 16:47:30 - [MESSAGE][PASSED] - Text '4111111111111111' is set on object 'Object Repository/mobileSanity/Teladoc/Page_App Page 2/input__credit-card-number'

2019-02-21 16:47:30 - [TEST_STEP][PASSED] - setText(findTestObject("mobileSanity/Teladoc/Page_App Page 2/input__credit-card-cvv"), "122"): Text '122' is set on object 'Object Repository/mobileSanity/Teladoc/Page_App Page 2/input__credit-card-cvv'

2019-02-21 16:47:30 - [MESSAGE][PASSED] - Text '122' is set on object 'Object Repository/mobileSanity/Teladoc/Page_App Page 2/input__credit-card-cvv'

2019-02-21 16:47:30 - [TEST_STEP][PASSED] - click(findTestObject("mobileSanity/Teladoc/Page_App Page 2/label_My billing address is th")): Object: 'Object Repository/mobileSanity/Teladoc/Page_App Page 2/label_My billing address is th' is clicked on

2019-02-21 16:47:30 - [MESSAGE][PASSED] - Object: 'Object Repository/mobileSanity/Teladoc/Page_App Page 2/label_My billing address is th' is clicked on

2019-02-21 16:47:30 - [TEST_STEP][PASSED] - click(findTestObject("mobileSanity/Teladoc/Page_App Page 2/label_I Accept Authorization f")): Object: 'Object Repository/mobileSanity/Teladoc/Page_App Page 2/label_I Accept Authorization f' is clicked on

2019-02-21 16:47:31 - [MESSAGE][PASSED] - Object: 'Object Repository/mobileSanity/Teladoc/Page_App Page 2/label_I Accept Authorization f' is clicked on

2019-02-21 16:47:31 - [TEST_STEP][PASSED] - click(findTestObject("mobileSanity/Teladoc/Page_App Page 2/a_Continue to Step 3 - Review")): Object: 'Object Repository/mobileSanity/Teladoc/Page_App Page 2/a_Continue to Step 3 - Review' is clicked on

2019-02-21 16:47:31 - [MESSAGE][PASSED] - Object: 'Object Repository/mobileSanity/Teladoc/Page_App Page 2/a_Continue to Step 3 - Review' is clicked on

2019-02-21 16:47:31 - [TEST_STEP][PASSED] - waitForPageLoad(10): Wait for page load successfully

2019-02-21 16:47:31 - [MESSAGE][PASSED] - Wait for page load successfully

2019-02-21 16:47:31 - [TEST_STEP][PASSED] - Thread.sleep(5000): null

2019-02-21 16:47:36 - [TEST_STEP][PASSED] - takeScreenshot(): Taking screenshot successfully

2019-02-21 16:47:38 - [MESSAGE][PASSED] - Taking screenshot successfully
[[ATTACHMENT|D:\\Test\\AgileTest\\AgileTest\\Reports\\mobileWeb\\teladoc\\20190221_164623\\1550738856342.png]]

2019-02-21 16:47:38 - [TEST_STEP][PASSED] - scrollToElement(findTestObject("mobileSanity/Teladoc/Page_App Page 3/label"), 10): Scroll to object 'Object Repository/mobileSanity/Teladoc/Page_App Page 3/label' successfully

2019-02-21 16:47:47 - [MESSAGE][PASSED] - Scroll to object 'Object Repository/mobileSanity/Teladoc/Page_App Page 3/label' successfully

2019-02-21 16:47:47 - [TEST_STEP][PASSED] - waitForElementClickable(findTestObject("mobileSanity/Teladoc/Page_App Page 3/label"), 10): Object 'Object Repository/mobileSanity/Teladoc/Page_App Page 3/label' is clickable

2019-02-21 16:47:48 - [MESSAGE][PASSED] - Object 'Object Repository/mobileSanity/Teladoc/Page_App Page 3/label' is clickable

2019-02-21 16:47:48 - [TEST_STEP][PASSED] - click(findTestObject("mobileSanity/Teladoc/Page_App Page 3/label")): Object: 'Object Repository/mobileSanity/Teladoc/Page_App Page 3/label' is clicked on

2019-02-21 16:47:48 - [MESSAGE][PASSED] - Object: 'Object Repository/mobileSanity/Teladoc/Page_App Page 3/label' is clicked on

2019-02-21 16:47:48 - [TEST_STEP][PASSED] - click(findTestObject("mobileSanity/Teladoc/Page_App Page 3/p_")): Object: 'Object Repository/mobileSanity/Teladoc/Page_App Page 3/p_' is clicked on

2019-02-21 16:47:48 - [MESSAGE][PASSED] - Object: 'Object Repository/mobileSanity/Teladoc/Page_App Page 3/p_' is clicked on

2019-02-21 16:47:48 - [TEST_STEP][PASSED] - click(findTestObject("mobileSanity/Teladoc/Page_App Page 3/a_Submit Your Application")): Object: 'Object Repository/mobileSanity/Teladoc/Page_App Page 3/a_Submit Your Application' is clicked on

2019-02-21 16:47:48 - [MESSAGE][PASSED] - Object: 'Object Repository/mobileSanity/Teladoc/Page_App Page 3/a_Submit Your Application' is clicked on

2019-02-21 16:47:48 - [TEST_STEP][PASSED] - takeScreenshot(): Taking screenshot successfully

2019-02-21 16:47:49 - [MESSAGE][PASSED] - Taking screenshot successfully
[[ATTACHMENT|D:\\Test\\AgileTest\\AgileTest\\Reports\\mobileWeb\\teladoc\\20190221_164623\\1550738868666.png]]

2019-02-21 16:47:49 - [TEST_STEP][PASSED] - Thread.sleep(50000): null

2019-02-21 16:48:39 - [TEST_STEP][PASSED] - takeScreenshot(): Taking screenshot successfully

2019-02-21 16:48:40 - [MESSAGE][PASSED] - Taking screenshot successfully
[[ATTACHMENT|D:\\Test\\AgileTest\\AgileTest\\Reports\\mobileWeb\\teladoc\\20190221_164623\\1550738919328.png]]

2019-02-21 16:48:40 - [TEST_STEP][PASSED] - verifyTextPresent("Congratulations", false): Text 'Congratulations' is present on page 

2019-02-21 16:48:40 - [MESSAGE][PASSED] - Text 'Congratulations' is present on page]]></system-out>
         <system-err><![CDATA[]]></system-err>
      </testcase>
      <system-out><![CDATA[2019-02-21 16:46:29 - [TEST_SUITE][PASSED] - teladoc: Test Cases/mobileWeb/Teladoc]]></system-out>
      <system-err><![CDATA[]]></system-err>
   </testsuite>
</testsuites>
