<?xml version="1.0" encoding="UTF-8"?>
<testsuites name="hbi" time="671" tests="8" failures="0" errors="0">
   <testsuite name="hbi" tests="8" failures="0" errors="0" time="671" timestamp="2019-11-05 08:00:36" hostname="Administrator - 172.30.0.53" id="Test Suites/mobileWeb/hbi">
      <properties>
         <property name="deviceName" value=""/>
         <property name="devicePlatform" value=""/>
         <property name="logFolder" value="D:\\Test\\AgileTest\\Reports\\mobileWeb\\hbi\\20191105_080032"/>
         <property name="logFiles" value="D:\\Test\\AgileTest\\Reports\\mobileWeb\\hbi\\20191105_080032\\execution0.log"/>
         <property name="attachments" value="D:\\Test\\AgileTest\\Reports\\mobileWeb\\hbi\\20191105_080032\\../Screenshots/iPhone 6/hbi/Agile One/20191105_080039/0.png, D:\\Test\\AgileTest\\Reports\\mobileWeb\\hbi\\20191105_080032\\../Screenshots/iPhone 6/hbi/Agile One/20191105_080039/1.png, D:\\Test\\AgileTest\\Reports\\mobileWeb\\hbi\\20191105_080032\\../Screenshots/iPhone 6/hbi/Agile One/20191105_080039/2.png, D:\\Test\\AgileTest\\Reports\\mobileWeb\\hbi\\20191105_080032\\../Screenshots/iPhone 6/hbi/Agile One/20191105_080039/3.png, D:\\Test\\AgileTest\\Reports\\mobileWeb\\hbi\\20191105_080032\\../Screenshots/iPhone 6/hbi/Agile One/20191105_080039/4.png, D:\\Test\\AgileTest\\Reports\\mobileWeb\\hbi\\20191105_080032\\../Screenshots/iPhone 6/hbi/Agile One/20191105_080039/5.png, D:\\Test\\AgileTest\\Reports\\mobileWeb\\hbi\\20191105_080032\\../Screenshots/iPhone 6/hbi/Agile One/20191105_080039/6.png, D:\\Test\\AgileTest\\Reports\\mobileWeb\\hbi\\20191105_080032\\../Screenshots/iPhone 6/hbi/Agile One/20191105_080039/7.png, D:\\Test\\AgileTest\\Reports\\mobileWeb\\hbi\\20191105_080032\\../Screenshots/iPhone 6/hbi/Agile One/20191105_080039/8.png, D:\\Test\\AgileTest\\Reports\\mobileWeb\\hbi\\20191105_080032\\../Screenshots/iPhone 6/hbi/Agile One/20191105_080039/9.png, D:\\Test\\AgileTest\\Reports\\mobileWeb\\hbi\\20191105_080032\\../Screenshots/iPhone 6/hbi/Legion Limited Medical/20191105_080214/0.png, D:\\Test\\AgileTest\\Reports\\mobileWeb\\hbi\\20191105_080032\\../Screenshots/iPhone 6/hbi/Legion Limited Medical/20191105_080214/1.png, D:\\Test\\AgileTest\\Reports\\mobileWeb\\hbi\\20191105_080032\\../Screenshots/iPhone 6/hbi/Legion Limited Medical/20191105_080214/2.png, D:\\Test\\AgileTest\\Reports\\mobileWeb\\hbi\\20191105_080032\\../Screenshots/iPhone 6/hbi/Legion Limited Medical/20191105_080214/3.png, D:\\Test\\AgileTest\\Reports\\mobileWeb\\hbi\\20191105_080032\\../Screenshots/iPhone 6/hbi/Legion Limited Medical/20191105_080214/4.png, D:\\Test\\AgileTest\\Reports\\mobileWeb\\hbi\\20191105_080032\\../Screenshots/iPhone 6/hbi/Legion Limited Medical/20191105_080214/5.png, D:\\Test\\AgileTest\\Reports\\mobileWeb\\hbi\\20191105_080032\\../Screenshots/iPhone 6/hbi/Legion Limited Medical/20191105_080214/6.png, D:\\Test\\AgileTest\\Reports\\mobileWeb\\hbi\\20191105_080032\\../Screenshots/iPhone 6/hbi/Legion Limited Medical/20191105_080214/7.png, D:\\Test\\AgileTest\\Reports\\mobileWeb\\hbi\\20191105_080032\\../Screenshots/iPhone 6/hbi/Legion Limited Medical/20191105_080214/8.png, D:\\Test\\AgileTest\\Reports\\mobileWeb\\hbi\\20191105_080032\\../Screenshots/iPhone 6/hbi/Legion Limited Medical/20191105_080214/9.png, D:\\Test\\AgileTest\\Reports\\mobileWeb\\hbi\\20191105_080032\\../Screenshots/iPhone 6/hbi/Cardinal Choice/20191105_080331/0.png, D:\\Test\\AgileTest\\Reports\\mobileWeb\\hbi\\20191105_080032\\../Screenshots/iPhone 6/hbi/Cardinal Choice/20191105_080331/1.png, D:\\Test\\AgileTest\\Reports\\mobileWeb\\hbi\\20191105_080032\\../Screenshots/iPhone 6/hbi/Cardinal Choice/20191105_080331/2.png, D:\\Test\\AgileTest\\Reports\\mobileWeb\\hbi\\20191105_080032\\../Screenshots/iPhone 6/hbi/Cardinal Choice/20191105_080331/3.png, D:\\Test\\AgileTest\\Reports\\mobileWeb\\hbi\\20191105_080032\\../Screenshots/iPhone 6/hbi/Cardinal Choice/20191105_080331/4.png, D:\\Test\\AgileTest\\Reports\\mobileWeb\\hbi\\20191105_080032\\../Screenshots/iPhone 6/hbi/Cardinal Choice/20191105_080331/5.png, D:\\Test\\AgileTest\\Reports\\mobileWeb\\hbi\\20191105_080032\\../Screenshots/iPhone 6/hbi/Cardinal Choice/20191105_080331/6.png, D:\\Test\\AgileTest\\Reports\\mobileWeb\\hbi\\20191105_080032\\../Screenshots/iPhone 6/hbi/Cardinal Choice/20191105_080331/7.png, D:\\Test\\AgileTest\\Reports\\mobileWeb\\hbi\\20191105_080032\\../Screenshots/iPhone 6/hbi/Cardinal Choice/20191105_080331/8.png, D:\\Test\\AgileTest\\Reports\\mobileWeb\\hbi\\20191105_080032\\../Screenshots/iPhone 6/hbi/Cardinal Choice/20191105_080331/9.png, D:\\Test\\AgileTest\\Reports\\mobileWeb\\hbi\\20191105_080032\\../Screenshots/iPhone 6/hbi/Core Shield/20191105_080454/0.png, D:\\Test\\AgileTest\\Reports\\mobileWeb\\hbi\\20191105_080032\\../Screenshots/iPhone 6/hbi/Core Shield/20191105_080454/1.png, D:\\Test\\AgileTest\\Reports\\mobileWeb\\hbi\\20191105_080032\\../Screenshots/iPhone 6/hbi/Core Shield/20191105_080454/2.png, D:\\Test\\AgileTest\\Reports\\mobileWeb\\hbi\\20191105_080032\\../Screenshots/iPhone 6/hbi/Core Shield/20191105_080454/3.png, D:\\Test\\AgileTest\\Reports\\mobileWeb\\hbi\\20191105_080032\\../Screenshots/iPhone 6/hbi/Core Shield/20191105_080454/4.png, D:\\Test\\AgileTest\\Reports\\mobileWeb\\hbi\\20191105_080032\\../Screenshots/iPhone 6/hbi/Core Shield/20191105_080454/5.png, D:\\Test\\AgileTest\\Reports\\mobileWeb\\hbi\\20191105_080032\\../Screenshots/iPhone 6/hbi/Core Shield/20191105_080454/6.png, D:\\Test\\AgileTest\\Reports\\mobileWeb\\hbi\\20191105_080032\\../Screenshots/iPhone 6/hbi/Core Shield/20191105_080454/7.png, D:\\Test\\AgileTest\\Reports\\mobileWeb\\hbi\\20191105_080032\\../Screenshots/iPhone 6/hbi/Core Shield/20191105_080454/8.png, D:\\Test\\AgileTest\\Reports\\mobileWeb\\hbi\\20191105_080032\\../Screenshots/iPhone 6/hbi/Core Shield/20191105_080454/9.png, D:\\Test\\AgileTest\\Reports\\mobileWeb\\hbi\\20191105_080032\\../Screenshots/iPhone 6/hbi/Agile Secure/20191105_080616/0.png, D:\\Test\\AgileTest\\Reports\\mobileWeb\\hbi\\20191105_080032\\../Screenshots/iPhone 6/hbi/Agile Secure/20191105_080616/1.png, D:\\Test\\AgileTest\\Reports\\mobileWeb\\hbi\\20191105_080032\\../Screenshots/iPhone 6/hbi/Agile Secure/20191105_080616/2.png, D:\\Test\\AgileTest\\Reports\\mobileWeb\\hbi\\20191105_080032\\../Screenshots/iPhone 6/hbi/Agile Secure/20191105_080616/3.png, D:\\Test\\AgileTest\\Reports\\mobileWeb\\hbi\\20191105_080032\\../Screenshots/iPhone 6/hbi/Agile Secure/20191105_080616/4.png, D:\\Test\\AgileTest\\Reports\\mobileWeb\\hbi\\20191105_080032\\../Screenshots/iPhone 6/hbi/Agile Secure/20191105_080616/5.png, D:\\Test\\AgileTest\\Reports\\mobileWeb\\hbi\\20191105_080032\\../Screenshots/iPhone 6/hbi/Agile Secure/20191105_080616/6.png, D:\\Test\\AgileTest\\Reports\\mobileWeb\\hbi\\20191105_080032\\../Screenshots/iPhone 6/hbi/Agile Secure/20191105_080616/7.png, D:\\Test\\AgileTest\\Reports\\mobileWeb\\hbi\\20191105_080032\\../Screenshots/iPhone 6/hbi/Agile Secure/20191105_080616/8.png, D:\\Test\\AgileTest\\Reports\\mobileWeb\\hbi\\20191105_080032\\../Screenshots/iPhone 6/hbi/Fixed Cash Benefit/20191105_080731/0.png, D:\\Test\\AgileTest\\Reports\\mobileWeb\\hbi\\20191105_080032\\../Screenshots/iPhone 6/hbi/Fixed Cash Benefit/20191105_080731/1.png, D:\\Test\\AgileTest\\Reports\\mobileWeb\\hbi\\20191105_080032\\../Screenshots/iPhone 6/hbi/Fixed Cash Benefit/20191105_080731/2.png, D:\\Test\\AgileTest\\Reports\\mobileWeb\\hbi\\20191105_080032\\../Screenshots/iPhone 6/hbi/Fixed Cash Benefit/20191105_080731/3.png, D:\\Test\\AgileTest\\Reports\\mobileWeb\\hbi\\20191105_080032\\../Screenshots/iPhone 6/hbi/Fixed Cash Benefit/20191105_080731/4.png, D:\\Test\\AgileTest\\Reports\\mobileWeb\\hbi\\20191105_080032\\../Screenshots/iPhone 6/hbi/Fixed Cash Benefit/20191105_080731/5.png, D:\\Test\\AgileTest\\Reports\\mobileWeb\\hbi\\20191105_080032\\../Screenshots/iPhone 6/hbi/Fixed Cash Benefit/20191105_080731/6.png, D:\\Test\\AgileTest\\Reports\\mobileWeb\\hbi\\20191105_080032\\../Screenshots/iPhone 6/hbi/Fixed Cash Benefit/20191105_080731/7.png, D:\\Test\\AgileTest\\Reports\\mobileWeb\\hbi\\20191105_080032\\../Screenshots/iPhone 6/hbi/Fixed Cash Benefit/20191105_080731/8.png, D:\\Test\\AgileTest\\Reports\\mobileWeb\\hbi\\20191105_080032\\../Screenshots/iPhone 6/hbi/Fixed Cash Benefit/20191105_080731/9.png, D:\\Test\\AgileTest\\Reports\\mobileWeb\\hbi\\20191105_080032\\../Screenshots/iPhone 6/hbi/Health Choice/20191105_080855/0.png, D:\\Test\\AgileTest\\Reports\\mobileWeb\\hbi\\20191105_080032\\../Screenshots/iPhone 6/hbi/Health Choice/20191105_080855/1.png, D:\\Test\\AgileTest\\Reports\\mobileWeb\\hbi\\20191105_080032\\../Screenshots/iPhone 6/hbi/Health Choice/20191105_080855/2.png, D:\\Test\\AgileTest\\Reports\\mobileWeb\\hbi\\20191105_080032\\../Screenshots/iPhone 6/hbi/Health Choice/20191105_080855/3.png, D:\\Test\\AgileTest\\Reports\\mobileWeb\\hbi\\20191105_080032\\../Screenshots/iPhone 6/hbi/Health Choice/20191105_080855/4.png, D:\\Test\\AgileTest\\Reports\\mobileWeb\\hbi\\20191105_080032\\../Screenshots/iPhone 6/hbi/Health Choice/20191105_080855/5.png, D:\\Test\\AgileTest\\Reports\\mobileWeb\\hbi\\20191105_080032\\../Screenshots/iPhone 6/hbi/Health Choice/20191105_080855/6.png, D:\\Test\\AgileTest\\Reports\\mobileWeb\\hbi\\20191105_080032\\../Screenshots/iPhone 6/hbi/Health Choice/20191105_080855/7.png, D:\\Test\\AgileTest\\Reports\\mobileWeb\\hbi\\20191105_080032\\../Screenshots/iPhone 6/hbi/Health Choice/20191105_080855/8.png, D:\\Test\\AgileTest\\Reports\\mobileWeb\\hbi\\20191105_080032\\../Screenshots/iPhone 6/hbi/Health Choice/20191105_080855/9.png, D:\\Test\\AgileTest\\Reports\\mobileWeb\\hbi\\20191105_080032\\../Screenshots/iPhone 6/hbi/Vitala Care/20191105_081017/0.png, D:\\Test\\AgileTest\\Reports\\mobileWeb\\hbi\\20191105_080032\\../Screenshots/iPhone 6/hbi/Vitala Care/20191105_081017/1.png, D:\\Test\\AgileTest\\Reports\\mobileWeb\\hbi\\20191105_080032\\../Screenshots/iPhone 6/hbi/Vitala Care/20191105_081017/2.png, D:\\Test\\AgileTest\\Reports\\mobileWeb\\hbi\\20191105_080032\\../Screenshots/iPhone 6/hbi/Vitala Care/20191105_081017/3.png, D:\\Test\\AgileTest\\Reports\\mobileWeb\\hbi\\20191105_080032\\../Screenshots/iPhone 6/hbi/Vitala Care/20191105_081017/4.png, D:\\Test\\AgileTest\\Reports\\mobileWeb\\hbi\\20191105_080032\\../Screenshots/iPhone 6/hbi/Vitala Care/20191105_081017/5.png, D:\\Test\\AgileTest\\Reports\\mobileWeb\\hbi\\20191105_080032\\../Screenshots/iPhone 6/hbi/Vitala Care/20191105_081017/6.png, D:\\Test\\AgileTest\\Reports\\mobileWeb\\hbi\\20191105_080032\\../Screenshots/iPhone 6/hbi/Vitala Care/20191105_081017/7.png, D:\\Test\\AgileTest\\Reports\\mobileWeb\\hbi\\20191105_080032\\../Screenshots/iPhone 6/hbi/Vitala Care/20191105_081017/8.png, D:\\Test\\AgileTest\\Reports\\mobileWeb\\hbi\\20191105_080032\\../Screenshots/iPhone 6/hbi/Vitala Care/20191105_081017/9.png, D:\\Test\\AgileTest\\Reports\\mobileWeb\\hbi\\20191105_080032\\../Screenshots/iPhone 6/hbi/Vitala Care/20191105_081017/10.png"/>
         <property name="hostName" value="Administrator - 172.30.0.53"/>
         <property name="os" value="Windows Server 2012 R2 64bit"/>
         <property name="katalonVersion" value="5.10.1.1"/>
         <property name="browser" value="Safari 11"/>
         <property name="hostAddress" value="172.30.0.53"/>
         <property name="sessionId" value="adaa990f49d677898bf705dfd67e3113"/>
         <property name="seleniumVersion" value="3.7.1"/>
         <property name="proxyInformation" value="ProxyInformation{proxyOption=NO_PROXY, proxyServerType=HTTP, password=, proxyServerAddress=, proxyServerPort=0}"/>
         <property name="platform" value="Windows Server 2012 R2"/>
      </properties>
      <testcase name="Test Cases/mobileWeb/HBI/Agile One" classname="Test Cases/mobileWeb/HBI/Agile One" status="PASSED">
         <system-out><![CDATA[2019-11-05 08:00:37 - [TEST_CASE][PASSED] - Test Cases/mobileWeb/HBI/Agile One: Test Cases/mobileWeb/HBI/Agile One

2019-11-05 08:00:38 - [TEST_STEP][PASSED] - callTestCase(findTestCase("mobileWeb/_include/get_screenPath"), ["productLine":"hbi", "carrierName":"Agile One"], CONTINUE_ON_FAILURE): Call Test Case 'Test Cases/mobileWeb/_include/get_screenPath' successfully

2019-11-05 08:00:38 - [TEST_CASE][PASSED] - Test Cases/mobileWeb/_include/get_screenPath: Test Cases/mobileWeb/_include/get_screenPath

2019-11-05 08:00:39 - [TEST_STEP][PASSED] - m = getExecutionProperties(): null

2019-11-05 08:00:39 - [TEST_STEP][PASSED] - deviceName = get("mobileEmulation").get("deviceName"): null

2019-11-05 08:00:39 - [TEST_STEP][PASSED] - println(deviceName): null

2019-11-05 08:00:39 - [TEST_STEP][PASSED] - now = new java.util.Date(): null

2019-11-05 08:00:39 - [TEST_STEP][PASSED] - mydate = now.format("yyyyMMdd_HHmmss"): null

2019-11-05 08:00:39 - [TEST_STEP][PASSED] - screenPath = "../Screenshots/": null

2019-11-05 08:00:40 - [TEST_STEP][PASSED] - screenPath = screenPath + deviceName + "/" + productLine + "/" + carrierName + "/" + mydate + "/": null

2019-11-05 08:00:40 - [TEST_STEP][PASSED] - println(screenPath): null

2019-11-05 08:00:40 - [MESSAGE][PASSED] - Call Test Case 'Test Cases/mobileWeb/_include/get_screenPath' successfully

2019-11-05 08:00:40 - [TEST_STEP][PASSED] - i = 0: null

2019-11-05 08:00:40 - [TEST_STEP][PASSED] - callTestCase(findTestCase("mobileWeb/_include/openWebSite"), [:], CONTINUE_ON_FAILURE): Call Test Case 'Test Cases/mobileWeb/_include/openWebSite' successfully

2019-11-05 08:00:40 - [TEST_CASE][PASSED] - Test Cases/mobileWeb/_include/openWebSite: Test Cases/mobileWeb/_include/openWebSite

2019-11-05 08:00:41 - [TEST_STEP][PASSED] - openBrowser(env): Browser is opened with url: 'https://praetemptatus.agilehealthinsurance.com'

2019-11-05 08:00:42 - [MESSAGE][INFO] - Starting 'Chrome' driver

2019-11-05 08:00:42 - [MESSAGE][INFO] - User set preference: ['mobileEmulation', '{deviceName=iPhone 6}']

2019-11-05 08:00:42 - [MESSAGE][INFO] - User set preference: ['args', '[--incognito, --aggressive-cache-discard, --window-size=375,677, --no-sandbox]']

2019-11-05 08:00:42 - [MESSAGE][INFO] - Action delay is set to 0 seconds

2019-11-05 08:00:48 - [MESSAGE][PASSED] - Browser is opened with url: 'https://praetemptatus.agilehealthinsurance.com'

2019-11-05 08:00:48 - [TEST_STEP][PASSED] - waitForPageLoad(20): Wait for page load successfully

2019-11-05 08:00:50 - [MESSAGE][PASSED] - Wait for page load successfully

2019-11-05 08:00:50 - [TEST_STEP][PASSED] - Thread.sleep(2000): null

2019-11-05 08:00:52 - [TEST_STEP][PASSED] - callTestCase(findTestCase("mobileWeb/_include/get_screenshot"), [:], STOP_ON_FAILURE): Call Test Case 'Test Cases/mobileWeb/_include/get_screenshot' successfully

2019-11-05 08:00:52 - [TEST_CASE][PASSED] - Test Cases/mobileWeb/_include/get_screenshot: Test Cases/mobileWeb/_include/get_screenshot

2019-11-05 08:00:52 - [TEST_STEP][PASSED] - takeScreenshot(screenPath + i + ".png"): Taking screenshot successfully

2019-11-05 08:00:54 - [MESSAGE][PASSED] - Taking screenshot successfully
[[ATTACHMENT|D:\\Test\\AgileTest\\Reports\\mobileWeb\\hbi\\20191105_080032\\../Screenshots/iPhone 6/hbi/Agile One/20191105_080039/0.png]]

2019-11-05 08:00:54 - [TEST_STEP][PASSED] - (internal.GlobalVariable.i++): null

2019-11-05 08:00:54 - [MESSAGE][PASSED] - Call Test Case 'Test Cases/mobileWeb/_include/get_screenshot' successfully

2019-11-05 08:00:54 - [MESSAGE][PASSED] - Call Test Case 'Test Cases/mobileWeb/_include/openWebSite' successfully

2019-11-05 08:00:54 - [TEST_STEP][PASSED] - callTestCase(findTestCase("mobileWeb/_include/census_hbi"), [:], CONTINUE_ON_FAILURE): Call Test Case 'Test Cases/mobileWeb/_include/census_hbi' successfully

2019-11-05 08:00:54 - [TEST_CASE][PASSED] - Test Cases/mobileWeb/_include/census_hbi: Test Cases/mobileWeb/_include/census_hbi

2019-11-05 08:00:54 - [TEST_STEP][PASSED] - click(findTestObject("mobileSanity/Common/side_nav/menu")): Object: 'Object Repository/mobileSanity/Common/side_nav/menu' is clicked on

2019-11-05 08:00:55 - [MESSAGE][PASSED] - Object: 'Object Repository/mobileSanity/Common/side_nav/menu' is clicked on

2019-11-05 08:00:55 - [TEST_STEP][PASSED] - Thread.sleep(3000): null

2019-11-05 08:00:58 - [TEST_STEP][PASSED] - callTestCase(findTestCase("mobileWeb/_include/get_screenshot"), [:], STOP_ON_FAILURE): Call Test Case 'Test Cases/mobileWeb/_include/get_screenshot' successfully

2019-11-05 08:00:58 - [TEST_CASE][PASSED] - Test Cases/mobileWeb/_include/get_screenshot: Test Cases/mobileWeb/_include/get_screenshot

2019-11-05 08:00:58 - [TEST_STEP][PASSED] - takeScreenshot(screenPath + i + ".png"): Taking screenshot successfully

2019-11-05 08:00:58 - [MESSAGE][PASSED] - Taking screenshot successfully
[[ATTACHMENT|D:\\Test\\AgileTest\\Reports\\mobileWeb\\hbi\\20191105_080032\\../Screenshots/iPhone 6/hbi/Agile One/20191105_080039/1.png]]

2019-11-05 08:00:58 - [TEST_STEP][PASSED] - (internal.GlobalVariable.i++): null

2019-11-05 08:00:58 - [MESSAGE][PASSED] - Call Test Case 'Test Cases/mobileWeb/_include/get_screenshot' successfully

2019-11-05 08:00:58 - [TEST_STEP][PASSED] - click(findTestObject("mobileSanity/Common/side_nav/nav_hbi")): Object: 'Object Repository/mobileSanity/Common/side_nav/nav_hbi' is clicked on

2019-11-05 08:00:59 - [MESSAGE][PASSED] - Object: 'Object Repository/mobileSanity/Common/side_nav/nav_hbi' is clicked on

2019-11-05 08:00:59 - [TEST_STEP][PASSED] - waitForPageLoad(10): Wait for page load successfully

2019-11-05 08:00:59 - [MESSAGE][PASSED] - Wait for page load successfully

2019-11-05 08:00:59 - [TEST_STEP][PASSED] - Thread.sleep(3000): null

2019-11-05 08:01:02 - [TEST_STEP][PASSED] - callTestCase(findTestCase("mobileWeb/_include/get_screenshot"), [:], STOP_ON_FAILURE): Call Test Case 'Test Cases/mobileWeb/_include/get_screenshot' successfully

2019-11-05 08:01:02 - [TEST_CASE][PASSED] - Test Cases/mobileWeb/_include/get_screenshot: Test Cases/mobileWeb/_include/get_screenshot

2019-11-05 08:01:02 - [TEST_STEP][PASSED] - takeScreenshot(screenPath + i + ".png"): Taking screenshot successfully

2019-11-05 08:01:03 - [MESSAGE][PASSED] - Taking screenshot successfully
[[ATTACHMENT|D:\\Test\\AgileTest\\Reports\\mobileWeb\\hbi\\20191105_080032\\../Screenshots/iPhone 6/hbi/Agile One/20191105_080039/2.png]]

2019-11-05 08:01:03 - [TEST_STEP][PASSED] - (internal.GlobalVariable.i++): null

2019-11-05 08:01:03 - [MESSAGE][PASSED] - Call Test Case 'Test Cases/mobileWeb/_include/get_screenshot' successfully

2019-11-05 08:01:03 - [TEST_STEP][PASSED] - setText(findTestObject("mobileSanity/HBI/census/input_Location_zip-input"), zipcode): Text '35215' is set on object 'Object Repository/mobileSanity/HBI/census/input_Location_zip-input'

2019-11-05 08:01:03 - [MESSAGE][PASSED] - Text '35215' is set on object 'Object Repository/mobileSanity/HBI/census/input_Location_zip-input'

2019-11-05 08:01:03 - [TEST_STEP][PASSED] - Thread.sleep(500): null

2019-11-05 08:01:03 - [TEST_STEP][PASSED] - setText(findTestObject("mobileSanity/HBI/census/input_Date of Birth_dob-0"), "12121980"): Text '12121980' is set on object 'Object Repository/mobileSanity/HBI/census/input_Date of Birth_dob-0'

2019-11-05 08:01:03 - [MESSAGE][PASSED] - Text '12121980' is set on object 'Object Repository/mobileSanity/HBI/census/input_Date of Birth_dob-0'

2019-11-05 08:01:03 - [TEST_STEP][PASSED] - click(findTestObject("mobileSanity/HBI/census/label_Male")): Object: 'Object Repository/mobileSanity/HBI/census/label_Male' is clicked on

2019-11-05 08:01:03 - [MESSAGE][PASSED] - Object: 'Object Repository/mobileSanity/HBI/census/label_Male' is clicked on

2019-11-05 08:01:03 - [TEST_STEP][PASSED] - click(findTestObject("mobileSanity/HBI/census/label_Get a Quote")): Object: 'Object Repository/mobileSanity/HBI/census/label_Get a Quote' is clicked on

2019-11-05 08:01:06 - [MESSAGE][PASSED] - Object: 'Object Repository/mobileSanity/HBI/census/label_Get a Quote' is clicked on

2019-11-05 08:01:06 - [TEST_STEP][PASSED] - waitForPageLoad(20): Wait for page load successfully

2019-11-05 08:01:06 - [MESSAGE][PASSED] - Wait for page load successfully

2019-11-05 08:01:06 - [TEST_STEP][PASSED] - Thread.sleep(3000): null

2019-11-05 08:01:09 - [TEST_STEP][PASSED] - callTestCase(findTestCase("mobileWeb/_include/get_screenshot"), [:], STOP_ON_FAILURE): Call Test Case 'Test Cases/mobileWeb/_include/get_screenshot' successfully

2019-11-05 08:01:09 - [TEST_CASE][PASSED] - Test Cases/mobileWeb/_include/get_screenshot: Test Cases/mobileWeb/_include/get_screenshot

2019-11-05 08:01:09 - [TEST_STEP][PASSED] - takeScreenshot(screenPath + i + ".png"): Taking screenshot successfully

2019-11-05 08:01:10 - [MESSAGE][PASSED] - Taking screenshot successfully
[[ATTACHMENT|D:\\Test\\AgileTest\\Reports\\mobileWeb\\hbi\\20191105_080032\\../Screenshots/iPhone 6/hbi/Agile One/20191105_080039/3.png]]

2019-11-05 08:01:10 - [TEST_STEP][PASSED] - (internal.GlobalVariable.i++): null

2019-11-05 08:01:10 - [MESSAGE][PASSED] - Call Test Case 'Test Cases/mobileWeb/_include/get_screenshot' successfully

2019-11-05 08:01:10 - [MESSAGE][PASSED] - Call Test Case 'Test Cases/mobileWeb/_include/census_hbi' successfully

2019-11-05 08:01:10 - [TEST_STEP][PASSED] - Thread.sleep(5000): null

2019-11-05 08:01:15 - [TEST_STEP][PASSED] - scrollToPosition(200, 2300): Browser is scrolled to position x = 200, y = 2300

2019-11-05 08:01:15 - [MESSAGE][PASSED] - Browser is scrolled to position x = 200, y = 2300

2019-11-05 08:01:15 - [TEST_STEP][PASSED] - click(findTestObject("mobileSanity/HBI/quote/a_Agile One 750")): Object: 'Object Repository/mobileSanity/HBI/quote/a_Agile One 750' is clicked on

2019-11-05 08:01:15 - [MESSAGE][PASSED] - Object: 'Object Repository/mobileSanity/HBI/quote/a_Agile One 750' is clicked on

2019-11-05 08:01:15 - [TEST_STEP][PASSED] - waitForPageLoad(20): Wait for page load successfully

2019-11-05 08:01:16 - [MESSAGE][PASSED] - Wait for page load successfully

2019-11-05 08:01:16 - [TEST_STEP][PASSED] - waitForElementPresent(findTestObject("mobileSanity/HBI/detail/a_Apply for This Plan"), 20): Object 'Object Repository/mobileSanity/HBI/detail/a_Apply for This Plan' is present

2019-11-05 08:01:16 - [MESSAGE][PASSED] - Object 'Object Repository/mobileSanity/HBI/detail/a_Apply for This Plan' is present

2019-11-05 08:01:16 - [TEST_STEP][PASSED] - callTestCase(findTestCase("mobileWeb/_include/get_screenshot"), [:], STOP_ON_FAILURE): Call Test Case 'Test Cases/mobileWeb/_include/get_screenshot' successfully

2019-11-05 08:01:16 - [TEST_CASE][PASSED] - Test Cases/mobileWeb/_include/get_screenshot: Test Cases/mobileWeb/_include/get_screenshot

2019-11-05 08:01:16 - [TEST_STEP][PASSED] - takeScreenshot(screenPath + i + ".png"): Taking screenshot successfully

2019-11-05 08:01:16 - [MESSAGE][PASSED] - Taking screenshot successfully
[[ATTACHMENT|D:\\Test\\AgileTest\\Reports\\mobileWeb\\hbi\\20191105_080032\\../Screenshots/iPhone 6/hbi/Agile One/20191105_080039/4.png]]

2019-11-05 08:01:16 - [TEST_STEP][PASSED] - (internal.GlobalVariable.i++): null

2019-11-05 08:01:16 - [MESSAGE][PASSED] - Call Test Case 'Test Cases/mobileWeb/_include/get_screenshot' successfully

2019-11-05 08:01:16 - [TEST_STEP][PASSED] - click(findTestObject("mobileSanity/HBI/detail/a_Apply for This Plan")): Object: 'Object Repository/mobileSanity/HBI/detail/a_Apply for This Plan' is clicked on

2019-11-05 08:01:17 - [MESSAGE][PASSED] - Object: 'Object Repository/mobileSanity/HBI/detail/a_Apply for This Plan' is clicked on

2019-11-05 08:01:17 - [TEST_STEP][PASSED] - waitForPageLoad(20): Wait for page load successfully

2019-11-05 08:01:17 - [MESSAGE][PASSED] - Wait for page load successfully

2019-11-05 08:01:17 - [TEST_STEP][PASSED] - waitForElementPresent(findTestObject("mobileSanity/HBI/Page_Apply/span_Start Secure Application"), 20): Object 'Object Repository/mobileSanity/HBI/Page_Apply/span_Start Secure Application' is present

2019-11-05 08:01:17 - [MESSAGE][PASSED] - Object 'Object Repository/mobileSanity/HBI/Page_Apply/span_Start Secure Application' is present

2019-11-05 08:01:17 - [TEST_STEP][PASSED] - callTestCase(findTestCase("mobileWeb/_include/get_screenshot"), [:], STOP_ON_FAILURE): Call Test Case 'Test Cases/mobileWeb/_include/get_screenshot' successfully

2019-11-05 08:01:17 - [TEST_CASE][PASSED] - Test Cases/mobileWeb/_include/get_screenshot: Test Cases/mobileWeb/_include/get_screenshot

2019-11-05 08:01:17 - [TEST_STEP][PASSED] - takeScreenshot(screenPath + i + ".png"): Taking screenshot successfully

2019-11-05 08:01:18 - [MESSAGE][PASSED] - Taking screenshot successfully
[[ATTACHMENT|D:\\Test\\AgileTest\\Reports\\mobileWeb\\hbi\\20191105_080032\\../Screenshots/iPhone 6/hbi/Agile One/20191105_080039/5.png]]

2019-11-05 08:01:18 - [TEST_STEP][PASSED] - (internal.GlobalVariable.i++): null

2019-11-05 08:01:18 - [MESSAGE][PASSED] - Call Test Case 'Test Cases/mobileWeb/_include/get_screenshot' successfully

2019-11-05 08:01:18 - [TEST_STEP][PASSED] - click(findTestObject("mobileSanity/HBI/Page_Apply/span_Start Secure Application")): Object: 'Object Repository/mobileSanity/HBI/Page_Apply/span_Start Secure Application' is clicked on

2019-11-05 08:01:18 - [MESSAGE][PASSED] - Object: 'Object Repository/mobileSanity/HBI/Page_Apply/span_Start Secure Application' is clicked on

2019-11-05 08:01:18 - [TEST_STEP][PASSED] - waitForPageLoad(20): Wait for page load successfully

2019-11-05 08:01:18 - [MESSAGE][PASSED] - Wait for page load successfully

2019-11-05 08:01:18 - [TEST_STEP][PASSED] - Thread.sleep(5000): null

2019-11-05 08:01:23 - [TEST_STEP][PASSED] - callTestCase(findTestCase("mobileWeb/_include/get_screenshot"), [:], STOP_ON_FAILURE): Call Test Case 'Test Cases/mobileWeb/_include/get_screenshot' successfully

2019-11-05 08:01:24 - [TEST_CASE][PASSED] - Test Cases/mobileWeb/_include/get_screenshot: Test Cases/mobileWeb/_include/get_screenshot

2019-11-05 08:01:24 - [TEST_STEP][PASSED] - takeScreenshot(screenPath + i + ".png"): Taking screenshot successfully

2019-11-05 08:01:24 - [MESSAGE][PASSED] - Taking screenshot successfully
[[ATTACHMENT|D:\\Test\\AgileTest\\Reports\\mobileWeb\\hbi\\20191105_080032\\../Screenshots/iPhone 6/hbi/Agile One/20191105_080039/6.png]]

2019-11-05 08:01:24 - [TEST_STEP][PASSED] - (internal.GlobalVariable.i++): null

2019-11-05 08:01:24 - [MESSAGE][PASSED] - Call Test Case 'Test Cases/mobileWeb/_include/get_screenshot' successfully

2019-11-05 08:01:24 - [TEST_STEP][PASSED] - callTestCase(findTestCase("mobileWeb/_include/goToEnd_hbi"), ["carrier":"agileone"], CONTINUE_ON_FAILURE): Call Test Case 'Test Cases/mobileWeb/_include/goToEnd_hbi' successfully

2019-11-05 08:01:24 - [TEST_CASE][PASSED] - Test Cases/mobileWeb/_include/goToEnd_hbi: Test Cases/mobileWeb/_include/goToEnd_hbi

2019-11-05 08:01:24 - [TEST_STEP][PASSED] - if (state == "ca"): null

2019-11-05 08:01:24 - [TEST_STEP][PASSED] - callTestCase(findTestCase("mobileWeb/_include/name"), [:], CONTINUE_ON_FAILURE): Call Test Case 'Test Cases/mobileWeb/_include/name' successfully

2019-11-05 08:01:24 - [TEST_CASE][PASSED] - Test Cases/mobileWeb/_include/name: Test Cases/mobileWeb/_include/name

2019-11-05 08:01:25 - [TEST_STEP][PASSED] - driver = getWebDriver(): null

2019-11-05 08:01:25 - [TEST_STEP][PASSED] - selenium = new com.thoughtworks.selenium.webdriven.WebDriverBackedSelenium(driver, internal.GlobalVariable.ENV): null

2019-11-05 08:01:25 - [TEST_STEP][PASSED] - FirstName = "Test-123": null

2019-11-05 08:01:25 - [TEST_STEP][PASSED] - LastName = selenium.getEval("{var x="ABCDEFGHIJKLMNOPQRSTUVWXYZabcdefghijklmnopqrstuvwxyz"; var tmp="ZZ11-"; for (i=0;i<8;i++) tmp+=x.charAt(Math.ceil(51*Math.random()));tmp;}"): null

2019-11-05 08:01:25 - [TEST_STEP][PASSED] - Address = selenium.getEval("{var x="ABCDEFGHIJKLMNOPQRSTUVWXYZabcdefghijklmnopqrstuvwxyz"; var tmp=""; for (i=0;i<8;i++) tmp+=x.charAt(Math.ceil(51*Math.random()));tmp;}"): null

2019-11-05 08:01:25 - [TEST_STEP][PASSED] - City = selenium.getEval("{var x="ABCDEFGHIJKLMNOPQRSTUVWXYZabcdefghijklmnopqrstuvwxyz"; var tmp=""; for (i=0;i<8;i++) tmp+=x.charAt(Math.ceil(51*Math.random()));tmp;}"): null

2019-11-05 08:01:25 - [TEST_STEP][PASSED] - tel1 = selenium.getEval("{var x="123456789"; var tmp=""; for (i=0;i<3;i++) tmp+=x.charAt(Math.ceil(8*Math.random()));tmp;}"): null

2019-11-05 08:01:25 - [TEST_STEP][PASSED] - tel2 = selenium.getEval("{var x="123456789"; var tmp=""; for (i=0;i<3;i++) tmp+=x.charAt(Math.ceil(8*Math.random()));tmp;}"): null

2019-11-05 08:01:25 - [TEST_STEP][PASSED] - tel3 = selenium.getEval("{var x="123456789"; var tmp=""; for (i=0;i<4;i++) tmp+=x.charAt(Math.ceil(8*Math.random()));tmp;}"): null

2019-11-05 08:01:25 - [TEST_STEP][PASSED] - Tel = selenium.getExpression(tel1 + "-" + tel2 + "-" + tel3): null

2019-11-05 08:01:25 - [TEST_STEP][PASSED] - AutoEmail = selenium.getEval("{var x="ABCDEFGHIJKLMNOPQRSTUVWXYZabcdefghijklmnopqrstuvwxyz"; var tmp="test."; for (i=0;i<8;i++) tmp+=x.charAt(Math.ceil(51*Math.random()));tmp+="@suryani.cn";}"): null

2019-11-05 08:01:25 - [TEST_STEP][PASSED] - FirstName = FirstName: null

2019-11-05 08:01:25 - [TEST_STEP][PASSED] - LastName = LastName: null

2019-11-05 08:01:25 - [TEST_STEP][PASSED] - Address = Address: null

2019-11-05 08:01:25 - [TEST_STEP][PASSED] - City = City: null

2019-11-05 08:01:25 - [TEST_STEP][PASSED] - Tel = Tel: null

2019-11-05 08:01:25 - [TEST_STEP][PASSED] - AutoEmail = AutoEmail: null

2019-11-05 08:01:25 - [TEST_STEP][PASSED] - println(FirstName): null

2019-11-05 08:01:25 - [TEST_STEP][PASSED] - println(LastName): null

2019-11-05 08:01:25 - [TEST_STEP][PASSED] - println(Address): null

2019-11-05 08:01:25 - [TEST_STEP][PASSED] - println(City): null

2019-11-05 08:01:25 - [TEST_STEP][PASSED] - println(Tel): null

2019-11-05 08:01:25 - [TEST_STEP][PASSED] - println(AutoEmail): null

2019-11-05 08:01:25 - [MESSAGE][PASSED] - Call Test Case 'Test Cases/mobileWeb/_include/name' successfully

2019-11-05 08:01:25 - [TEST_STEP][PASSED] - setText(findTestObject("mobileSanity/HBI/Page_App Page 1/input__member-P-1-firstName"), FirstName): Text 'Test-123' is set on object 'Object Repository/mobileSanity/HBI/Page_App Page 1/input__member-P-1-firstName'

2019-11-05 08:01:25 - [MESSAGE][PASSED] - Text 'Test-123' is set on object 'Object Repository/mobileSanity/HBI/Page_App Page 1/input__member-P-1-firstName'

2019-11-05 08:01:25 - [TEST_STEP][PASSED] - setText(findTestObject("mobileSanity/HBI/Page_App Page 1/input__member-P-1-lastName"), LastName): Text 'ZZ11-kIzKWygv' is set on object 'Object Repository/mobileSanity/HBI/Page_App Page 1/input__member-P-1-lastName'

2019-11-05 08:01:25 - [MESSAGE][PASSED] - Text 'ZZ11-kIzKWygv' is set on object 'Object Repository/mobileSanity/HBI/Page_App Page 1/input__member-P-1-lastName'

2019-11-05 08:01:25 - [TEST_STEP][PASSED] - if (carrier == "agileone" || carrier == "agilesecure"): Text 'test6' is set on object 'Object Repository/mobileSanity/HBI/Page_App Page 1/input__contingent-beneficiary-relationship'

2019-11-05 08:01:25 - [TEST_STEP][PASSED] - setText(findTestObject("mobileSanity/HBI/Page_App Page 1/input__primary-beneficiary-fir"), "test1"): Text 'test1' is set on object 'Object Repository/mobileSanity/HBI/Page_App Page 1/input__primary-beneficiary-fir'

2019-11-05 08:01:25 - [MESSAGE][PASSED] - Text 'test1' is set on object 'Object Repository/mobileSanity/HBI/Page_App Page 1/input__primary-beneficiary-fir'

2019-11-05 08:01:25 - [TEST_STEP][PASSED] - setText(findTestObject("mobileSanity/HBI/Page_App Page 1/input__primary-beneficiary-las"), "test2"): Text 'test2' is set on object 'Object Repository/mobileSanity/HBI/Page_App Page 1/input__primary-beneficiary-las'

2019-11-05 08:01:26 - [MESSAGE][PASSED] - Text 'test2' is set on object 'Object Repository/mobileSanity/HBI/Page_App Page 1/input__primary-beneficiary-las'

2019-11-05 08:01:26 - [TEST_STEP][PASSED] - setText(findTestObject("mobileSanity/HBI/Page_App Page 1/input__primary-beneficiary-rel"), "test3"): Text 'test3' is set on object 'Object Repository/mobileSanity/HBI/Page_App Page 1/input__primary-beneficiary-rel'

2019-11-05 08:01:26 - [MESSAGE][PASSED] - Text 'test3' is set on object 'Object Repository/mobileSanity/HBI/Page_App Page 1/input__primary-beneficiary-rel'

2019-11-05 08:01:26 - [TEST_STEP][PASSED] - setText(findTestObject("mobileSanity/HBI/Page_App Page 1/input__contingent-beneficiary-"), "test4"): Text 'test4' is set on object 'Object Repository/mobileSanity/HBI/Page_App Page 1/input__contingent-beneficiary-'

2019-11-05 08:01:26 - [MESSAGE][PASSED] - Text 'test4' is set on object 'Object Repository/mobileSanity/HBI/Page_App Page 1/input__contingent-beneficiary-'

2019-11-05 08:01:26 - [TEST_STEP][PASSED] - setText(findTestObject("mobileSanity/HBI/Page_App Page 1/input__contingent-beneficiary-_lastname"), "test5"): Text 'test5' is set on object 'Object Repository/mobileSanity/HBI/Page_App Page 1/input__contingent-beneficiary-_lastname'

2019-11-05 08:01:26 - [MESSAGE][PASSED] - Text 'test5' is set on object 'Object Repository/mobileSanity/HBI/Page_App Page 1/input__contingent-beneficiary-_lastname'

2019-11-05 08:01:26 - [TEST_STEP][PASSED] - setText(findTestObject("mobileSanity/HBI/Page_App Page 1/input__contingent-beneficiary-relationship"), "test6"): Text 'test6' is set on object 'Object Repository/mobileSanity/HBI/Page_App Page 1/input__contingent-beneficiary-relationship'

2019-11-05 08:01:26 - [MESSAGE][PASSED] - Text 'test6' is set on object 'Object Repository/mobileSanity/HBI/Page_App Page 1/input__contingent-beneficiary-relationship'

2019-11-05 08:01:26 - [TEST_STEP][PASSED] - setText(findTestObject("mobileSanity/HBI/Page_App Page 1/input__address"), Address): Text 'bWFvoJbi' is set on object 'Object Repository/mobileSanity/HBI/Page_App Page 1/input__address'

2019-11-05 08:01:27 - [MESSAGE][PASSED] - Text 'bWFvoJbi' is set on object 'Object Repository/mobileSanity/HBI/Page_App Page 1/input__address'

2019-11-05 08:01:27 - [TEST_STEP][PASSED] - setText(findTestObject("mobileSanity/HBI/Page_App Page 1/input__city"), City): Text 'nWvHRTpZ' is set on object 'Object Repository/mobileSanity/HBI/Page_App Page 1/input__city'

2019-11-05 08:01:27 - [MESSAGE][PASSED] - Text 'nWvHRTpZ' is set on object 'Object Repository/mobileSanity/HBI/Page_App Page 1/input__city'

2019-11-05 08:01:27 - [TEST_STEP][PASSED] - setText(findTestObject("mobileSanity/HBI/Page_App Page 1/input__email"), AutoEmail): Text 'test.UWbTbSPP@suryani.cn' is set on object 'Object Repository/mobileSanity/HBI/Page_App Page 1/input__email'

2019-11-05 08:01:27 - [MESSAGE][PASSED] - Text 'test.UWbTbSPP@suryani.cn' is set on object 'Object Repository/mobileSanity/HBI/Page_App Page 1/input__email'

2019-11-05 08:01:27 - [TEST_STEP][PASSED] - setText(findTestObject("mobileSanity/HBI/Page_App Page 1/input_tel"), Tel): Text '643-476-6587' is set on object 'Object Repository/mobileSanity/HBI/Page_App Page 1/input_tel'

2019-11-05 08:01:27 - [MESSAGE][PASSED] - Text '643-476-6587' is set on object 'Object Repository/mobileSanity/HBI/Page_App Page 1/input_tel'

2019-11-05 08:01:27 - [TEST_STEP][PASSED] - click(findTestObject("mobileSanity/HBI/Page_App Page 1/a_Continue to Step 2 - Payment")): Object: 'Object Repository/mobileSanity/HBI/Page_App Page 1/a_Continue to Step 2 - Payment' is clicked on

2019-11-05 08:01:27 - [MESSAGE][PASSED] - Object: 'Object Repository/mobileSanity/HBI/Page_App Page 1/a_Continue to Step 2 - Payment' is clicked on

2019-11-05 08:01:27 - [TEST_STEP][PASSED] - waitForPageLoad(20): Wait for page load successfully

2019-11-05 08:01:27 - [MESSAGE][PASSED] - Wait for page load successfully

2019-11-05 08:01:27 - [TEST_STEP][PASSED] - Thread.sleep(2000): null

2019-11-05 08:01:29 - [TEST_STEP][PASSED] - waitForElementVisible(findTestObject("mobileSanity/HBI/Page_App Page 2/input__credit-card-first"), 20): Object 'Object Repository/mobileSanity/HBI/Page_App Page 2/input__credit-card-first' is visible

2019-11-05 08:01:29 - [MESSAGE][PASSED] - Object 'Object Repository/mobileSanity/HBI/Page_App Page 2/input__credit-card-first' is visible

2019-11-05 08:01:29 - [TEST_STEP][PASSED] - callTestCase(findTestCase("mobileWeb/_include/get_screenshot"), [:], STOP_ON_FAILURE): Call Test Case 'Test Cases/mobileWeb/_include/get_screenshot' successfully

2019-11-05 08:01:29 - [TEST_CASE][PASSED] - Test Cases/mobileWeb/_include/get_screenshot: Test Cases/mobileWeb/_include/get_screenshot

2019-11-05 08:01:29 - [TEST_STEP][PASSED] - takeScreenshot(screenPath + i + ".png"): Taking screenshot successfully

2019-11-05 08:01:30 - [MESSAGE][PASSED] - Taking screenshot successfully
[[ATTACHMENT|D:\\Test\\AgileTest\\Reports\\mobileWeb\\hbi\\20191105_080032\\../Screenshots/iPhone 6/hbi/Agile One/20191105_080039/7.png]]

2019-11-05 08:01:30 - [TEST_STEP][PASSED] - (internal.GlobalVariable.i++): null

2019-11-05 08:01:30 - [MESSAGE][PASSED] - Call Test Case 'Test Cases/mobileWeb/_include/get_screenshot' successfully

2019-11-05 08:01:30 - [TEST_STEP][PASSED] - setText(findTestObject("mobileSanity/HBI/Page_App Page 2/input__credit-card-first"), FirstName): Text 'Test-123' is set on object 'Object Repository/mobileSanity/HBI/Page_App Page 2/input__credit-card-first'

2019-11-05 08:01:30 - [MESSAGE][PASSED] - Text 'Test-123' is set on object 'Object Repository/mobileSanity/HBI/Page_App Page 2/input__credit-card-first'

2019-11-05 08:01:30 - [TEST_STEP][PASSED] - setText(findTestObject("mobileSanity/HBI/Page_App Page 2/input__credit-card-last"), LastName): Text 'ZZ11-kIzKWygv' is set on object 'Object Repository/mobileSanity/HBI/Page_App Page 2/input__credit-card-last'

2019-11-05 08:01:30 - [MESSAGE][PASSED] - Text 'ZZ11-kIzKWygv' is set on object 'Object Repository/mobileSanity/HBI/Page_App Page 2/input__credit-card-last'

2019-11-05 08:01:30 - [TEST_STEP][PASSED] - selectOptionByValue(findTestObject("mobileSanity/HBI/Page_App Page 2/select_MM010203040506070809101"), "12", true): All options with value '12' are selected in object 'Object Repository/mobileSanity/HBI/Page_App Page 2/select_MM010203040506070809101'  using regular expression

2019-11-05 08:01:30 - [MESSAGE][PASSED] - All options with value '12' are selected in object 'Object Repository/mobileSanity/HBI/Page_App Page 2/select_MM010203040506070809101'  using regular expression

2019-11-05 08:01:30 - [TEST_STEP][PASSED] - selectOptionByValue(findTestObject("mobileSanity/HBI/Page_App Page 2/select_YYYY2019202020212022202"), "2026", true): All options with value '2026' are selected in object 'Object Repository/mobileSanity/HBI/Page_App Page 2/select_YYYY2019202020212022202'  using regular expression

2019-11-05 08:01:31 - [MESSAGE][PASSED] - All options with value '2026' are selected in object 'Object Repository/mobileSanity/HBI/Page_App Page 2/select_YYYY2019202020212022202'  using regular expression

2019-11-05 08:01:31 - [TEST_STEP][PASSED] - setText(findTestObject("mobileSanity/HBI/Page_App Page 2/input__credit-card-number"), "4111111111111111"): Text '4111111111111111' is set on object 'Object Repository/mobileSanity/HBI/Page_App Page 2/input__credit-card-number'

2019-11-05 08:01:31 - [MESSAGE][PASSED] - Text '4111111111111111' is set on object 'Object Repository/mobileSanity/HBI/Page_App Page 2/input__credit-card-number'

2019-11-05 08:01:31 - [TEST_STEP][PASSED] - setText(findTestObject("mobileSanity/HBI/Page_App Page 2/input__cvv"), "123"): Text '123' is set on object 'Object Repository/mobileSanity/HBI/Page_App Page 2/input__cvv'

2019-11-05 08:01:31 - [MESSAGE][PASSED] - Text '123' is set on object 'Object Repository/mobileSanity/HBI/Page_App Page 2/input__cvv'

2019-11-05 08:01:31 - [TEST_STEP][PASSED] - click(findTestObject("mobileSanity/HBI/Page_App Page 2/label_My billing address is th")): Object: 'Object Repository/mobileSanity/HBI/Page_App Page 2/label_My billing address is th' is clicked on

2019-11-05 08:01:31 - [MESSAGE][PASSED] - Object: 'Object Repository/mobileSanity/HBI/Page_App Page 2/label_My billing address is th' is clicked on

2019-11-05 08:01:31 - [TEST_STEP][PASSED] - click(findTestObject("mobileSanity/HBI/Page_App Page 2/label_I Accept Authorization f")): Object: 'Object Repository/mobileSanity/HBI/Page_App Page 2/label_I Accept Authorization f' is clicked on

2019-11-05 08:01:31 - [MESSAGE][PASSED] - Object: 'Object Repository/mobileSanity/HBI/Page_App Page 2/label_I Accept Authorization f' is clicked on

2019-11-05 08:01:31 - [TEST_STEP][PASSED] - click(findTestObject("mobileSanity/HBI/Page_App Page 2/a_Continue to Step 3 - Review")): Object: 'Object Repository/mobileSanity/HBI/Page_App Page 2/a_Continue to Step 3 - Review' is clicked on

2019-11-05 08:01:31 - [MESSAGE][PASSED] - Object: 'Object Repository/mobileSanity/HBI/Page_App Page 2/a_Continue to Step 3 - Review' is clicked on

2019-11-05 08:01:31 - [TEST_STEP][PASSED] - waitForPageLoad(20): Wait for page load successfully

2019-11-05 08:01:31 - [MESSAGE][PASSED] - Wait for page load successfully

2019-11-05 08:01:31 - [TEST_STEP][PASSED] - Thread.sleep(10000): null

2019-11-05 08:01:41 - [TEST_STEP][PASSED] - waitForElementPresent(findTestObject("mobileSanity/HBI/Page_App Page 3/label"), 20): Object 'Object Repository/mobileSanity/HBI/Page_App Page 3/label' is present

2019-11-05 08:01:42 - [MESSAGE][PASSED] - Object 'Object Repository/mobileSanity/HBI/Page_App Page 3/label' is present

2019-11-05 08:01:42 - [TEST_STEP][PASSED] - callTestCase(findTestCase("mobileWeb/_include/get_screenshot"), [:], STOP_ON_FAILURE): Call Test Case 'Test Cases/mobileWeb/_include/get_screenshot' successfully

2019-11-05 08:01:42 - [TEST_CASE][PASSED] - Test Cases/mobileWeb/_include/get_screenshot: Test Cases/mobileWeb/_include/get_screenshot

2019-11-05 08:01:42 - [TEST_STEP][PASSED] - takeScreenshot(screenPath + i + ".png"): Taking screenshot successfully

2019-11-05 08:01:42 - [MESSAGE][PASSED] - Taking screenshot successfully
[[ATTACHMENT|D:\\Test\\AgileTest\\Reports\\mobileWeb\\hbi\\20191105_080032\\../Screenshots/iPhone 6/hbi/Agile One/20191105_080039/8.png]]

2019-11-05 08:01:42 - [TEST_STEP][PASSED] - (internal.GlobalVariable.i++): null

2019-11-05 08:01:42 - [MESSAGE][PASSED] - Call Test Case 'Test Cases/mobileWeb/_include/get_screenshot' successfully

2019-11-05 08:01:42 - [TEST_STEP][PASSED] - click(findTestObject("mobileSanity/HBI/Page_App Page 3/label")): Object: 'Object Repository/mobileSanity/HBI/Page_App Page 3/label' is clicked on

2019-11-05 08:01:43 - [MESSAGE][PASSED] - Object: 'Object Repository/mobileSanity/HBI/Page_App Page 3/label' is clicked on

2019-11-05 08:01:43 - [TEST_STEP][PASSED] - click(findTestObject("mobileSanity/HBI/Page_App Page 3/p_CLICK TO SIGN")): Object: 'Object Repository/mobileSanity/HBI/Page_App Page 3/p_CLICK TO SIGN' is clicked on

2019-11-05 08:01:43 - [MESSAGE][PASSED] - Object: 'Object Repository/mobileSanity/HBI/Page_App Page 3/p_CLICK TO SIGN' is clicked on

2019-11-05 08:01:43 - [TEST_STEP][PASSED] - click(findTestObject("mobileSanity/HBI/Page_App Page 3/a_Submit Your Application")): Object: 'Object Repository/mobileSanity/HBI/Page_App Page 3/a_Submit Your Application' is clicked on

2019-11-05 08:01:43 - [MESSAGE][PASSED] - Object: 'Object Repository/mobileSanity/HBI/Page_App Page 3/a_Submit Your Application' is clicked on

2019-11-05 08:01:43 - [TEST_STEP][PASSED] - Thread.sleep(30000): null

2019-11-05 08:02:13 - [TEST_STEP][PASSED] - callTestCase(findTestCase("mobileWeb/_include/get_screenshot"), [:], STOP_ON_FAILURE): Call Test Case 'Test Cases/mobileWeb/_include/get_screenshot' successfully

2019-11-05 08:02:13 - [TEST_CASE][PASSED] - Test Cases/mobileWeb/_include/get_screenshot: Test Cases/mobileWeb/_include/get_screenshot

2019-11-05 08:02:13 - [TEST_STEP][PASSED] - takeScreenshot(screenPath + i + ".png"): Taking screenshot successfully

2019-11-05 08:02:13 - [MESSAGE][PASSED] - Taking screenshot successfully
[[ATTACHMENT|D:\\Test\\AgileTest\\Reports\\mobileWeb\\hbi\\20191105_080032\\../Screenshots/iPhone 6/hbi/Agile One/20191105_080039/9.png]]

2019-11-05 08:02:13 - [TEST_STEP][PASSED] - (internal.GlobalVariable.i++): null

2019-11-05 08:02:13 - [MESSAGE][PASSED] - Call Test Case 'Test Cases/mobileWeb/_include/get_screenshot' successfully

2019-11-05 08:02:13 - [TEST_STEP][PASSED] - verifyTextPresent("Congratulations", false): Text 'Congratulations' is present on page 

2019-11-05 08:02:13 - [MESSAGE][PASSED] - Text 'Congratulations' is present on page 

2019-11-05 08:02:13 - [MESSAGE][PASSED] - Call Test Case 'Test Cases/mobileWeb/_include/goToEnd_hbi' successfully]]></system-out>
         <system-err><![CDATA[]]></system-err>
      </testcase>
      <testcase name="Test Cases/mobileWeb/HBI/Legion Limited Medical" classname="Test Cases/mobileWeb/HBI/Legion Limited Medical" status="PASSED">
         <system-out><![CDATA[2019-11-05 08:02:13 - [TEST_CASE][PASSED] - Test Cases/mobileWeb/HBI/Legion Limited Medical: Test Cases/mobileWeb/HBI/Legion Limited Medical

2019-11-05 08:02:13 - [TEST_STEP][PASSED] - callTestCase(findTestCase("mobileWeb/_include/get_screenPath"), ["productLine":"hbi", "carrierName":"Legion Limited Medical"], CONTINUE_ON_FAILURE): Call Test Case 'Test Cases/mobileWeb/_include/get_screenPath' successfully

2019-11-05 08:02:14 - [TEST_CASE][PASSED] - Test Cases/mobileWeb/_include/get_screenPath: Test Cases/mobileWeb/_include/get_screenPath

2019-11-05 08:02:14 - [TEST_STEP][PASSED] - m = getExecutionProperties(): null

2019-11-05 08:02:14 - [TEST_STEP][PASSED] - deviceName = get("mobileEmulation").get("deviceName"): null

2019-11-05 08:02:14 - [TEST_STEP][PASSED] - println(deviceName): null

2019-11-05 08:02:14 - [TEST_STEP][PASSED] - now = new java.util.Date(): null

2019-11-05 08:02:14 - [TEST_STEP][PASSED] - mydate = now.format("yyyyMMdd_HHmmss"): null

2019-11-05 08:02:14 - [TEST_STEP][PASSED] - screenPath = "../Screenshots/": null

2019-11-05 08:02:14 - [TEST_STEP][PASSED] - screenPath = screenPath + deviceName + "/" + productLine + "/" + carrierName + "/" + mydate + "/": null

2019-11-05 08:02:14 - [TEST_STEP][PASSED] - println(screenPath): null

2019-11-05 08:02:14 - [MESSAGE][PASSED] - Call Test Case 'Test Cases/mobileWeb/_include/get_screenPath' successfully

2019-11-05 08:02:14 - [TEST_STEP][PASSED] - i = 0: null

2019-11-05 08:02:14 - [TEST_STEP][PASSED] - callTestCase(findTestCase("mobileWeb/_include/openWebSite"), [:], CONTINUE_ON_FAILURE): Call Test Case 'Test Cases/mobileWeb/_include/openWebSite' successfully

2019-11-05 08:02:14 - [TEST_CASE][PASSED] - Test Cases/mobileWeb/_include/openWebSite: Test Cases/mobileWeb/_include/openWebSite

2019-11-05 08:02:14 - [TEST_STEP][PASSED] - openBrowser(env): Browser is opened with url: 'https://praetemptatus.agilehealthinsurance.com'

2019-11-05 08:02:14 - [MESSAGE][WARNING] - A browser is already opened. Closing browser and opening a new one

2019-11-05 08:02:14 - [MESSAGE][INFO] - Starting 'Chrome' driver

2019-11-05 08:02:14 - [MESSAGE][INFO] - User set preference: ['mobileEmulation', '{deviceName=iPhone 6}']

2019-11-05 08:02:14 - [MESSAGE][INFO] - User set preference: ['args', '[--incognito, --aggressive-cache-discard, --window-size=375,677, --no-sandbox]']

2019-11-05 08:02:16 - [MESSAGE][PASSED] - Browser is opened with url: 'https://praetemptatus.agilehealthinsurance.com'

2019-11-05 08:02:16 - [TEST_STEP][PASSED] - waitForPageLoad(20): Wait for page load successfully

2019-11-05 08:02:16 - [MESSAGE][PASSED] - Wait for page load successfully

2019-11-05 08:02:16 - [TEST_STEP][PASSED] - Thread.sleep(2000): null

2019-11-05 08:02:18 - [TEST_STEP][PASSED] - callTestCase(findTestCase("mobileWeb/_include/get_screenshot"), [:], STOP_ON_FAILURE): Call Test Case 'Test Cases/mobileWeb/_include/get_screenshot' successfully

2019-11-05 08:02:18 - [TEST_CASE][PASSED] - Test Cases/mobileWeb/_include/get_screenshot: Test Cases/mobileWeb/_include/get_screenshot

2019-11-05 08:02:18 - [TEST_STEP][PASSED] - takeScreenshot(screenPath + i + ".png"): Taking screenshot successfully

2019-11-05 08:02:19 - [MESSAGE][PASSED] - Taking screenshot successfully
[[ATTACHMENT|D:\\Test\\AgileTest\\Reports\\mobileWeb\\hbi\\20191105_080032\\../Screenshots/iPhone 6/hbi/Legion Limited Medical/20191105_080214/0.png]]

2019-11-05 08:02:19 - [TEST_STEP][PASSED] - (internal.GlobalVariable.i++): null

2019-11-05 08:02:19 - [MESSAGE][PASSED] - Call Test Case 'Test Cases/mobileWeb/_include/get_screenshot' successfully

2019-11-05 08:02:19 - [MESSAGE][PASSED] - Call Test Case 'Test Cases/mobileWeb/_include/openWebSite' successfully

2019-11-05 08:02:19 - [TEST_STEP][PASSED] - callTestCase(findTestCase("mobileWeb/_include/census_hbi"), [:], CONTINUE_ON_FAILURE): Call Test Case 'Test Cases/mobileWeb/_include/census_hbi' successfully

2019-11-05 08:02:19 - [TEST_CASE][PASSED] - Test Cases/mobileWeb/_include/census_hbi: Test Cases/mobileWeb/_include/census_hbi

2019-11-05 08:02:19 - [TEST_STEP][PASSED] - click(findTestObject("mobileSanity/Common/side_nav/menu")): Object: 'Object Repository/mobileSanity/Common/side_nav/menu' is clicked on

2019-11-05 08:02:19 - [MESSAGE][PASSED] - Object: 'Object Repository/mobileSanity/Common/side_nav/menu' is clicked on

2019-11-05 08:02:19 - [TEST_STEP][PASSED] - Thread.sleep(3000): null

2019-11-05 08:02:22 - [TEST_STEP][PASSED] - callTestCase(findTestCase("mobileWeb/_include/get_screenshot"), [:], STOP_ON_FAILURE): Call Test Case 'Test Cases/mobileWeb/_include/get_screenshot' successfully

2019-11-05 08:02:23 - [TEST_CASE][PASSED] - Test Cases/mobileWeb/_include/get_screenshot: Test Cases/mobileWeb/_include/get_screenshot

2019-11-05 08:02:23 - [TEST_STEP][PASSED] - takeScreenshot(screenPath + i + ".png"): Taking screenshot successfully

2019-11-05 08:02:23 - [MESSAGE][PASSED] - Taking screenshot successfully
[[ATTACHMENT|D:\\Test\\AgileTest\\Reports\\mobileWeb\\hbi\\20191105_080032\\../Screenshots/iPhone 6/hbi/Legion Limited Medical/20191105_080214/1.png]]

2019-11-05 08:02:23 - [TEST_STEP][PASSED] - (internal.GlobalVariable.i++): null

2019-11-05 08:02:23 - [MESSAGE][PASSED] - Call Test Case 'Test Cases/mobileWeb/_include/get_screenshot' successfully

2019-11-05 08:02:23 - [TEST_STEP][PASSED] - click(findTestObject("mobileSanity/Common/side_nav/nav_hbi")): Object: 'Object Repository/mobileSanity/Common/side_nav/nav_hbi' is clicked on

2019-11-05 08:02:24 - [MESSAGE][PASSED] - Object: 'Object Repository/mobileSanity/Common/side_nav/nav_hbi' is clicked on

2019-11-05 08:02:24 - [TEST_STEP][PASSED] - waitForPageLoad(10): Wait for page load successfully

2019-11-05 08:02:24 - [MESSAGE][PASSED] - Wait for page load successfully

2019-11-05 08:02:24 - [TEST_STEP][PASSED] - Thread.sleep(3000): null

2019-11-05 08:02:27 - [TEST_STEP][PASSED] - callTestCase(findTestCase("mobileWeb/_include/get_screenshot"), [:], STOP_ON_FAILURE): Call Test Case 'Test Cases/mobileWeb/_include/get_screenshot' successfully

2019-11-05 08:02:27 - [TEST_CASE][PASSED] - Test Cases/mobileWeb/_include/get_screenshot: Test Cases/mobileWeb/_include/get_screenshot

2019-11-05 08:02:27 - [TEST_STEP][PASSED] - takeScreenshot(screenPath + i + ".png"): Taking screenshot successfully

2019-11-05 08:02:27 - [MESSAGE][PASSED] - Taking screenshot successfully
[[ATTACHMENT|D:\\Test\\AgileTest\\Reports\\mobileWeb\\hbi\\20191105_080032\\../Screenshots/iPhone 6/hbi/Legion Limited Medical/20191105_080214/2.png]]

2019-11-05 08:02:27 - [TEST_STEP][PASSED] - (internal.GlobalVariable.i++): null

2019-11-05 08:02:27 - [MESSAGE][PASSED] - Call Test Case 'Test Cases/mobileWeb/_include/get_screenshot' successfully

2019-11-05 08:02:27 - [TEST_STEP][PASSED] - setText(findTestObject("mobileSanity/HBI/census/input_Location_zip-input"), zipcode): Text '35215' is set on object 'Object Repository/mobileSanity/HBI/census/input_Location_zip-input'

2019-11-05 08:02:28 - [MESSAGE][PASSED] - Text '35215' is set on object 'Object Repository/mobileSanity/HBI/census/input_Location_zip-input'

2019-11-05 08:02:28 - [TEST_STEP][PASSED] - Thread.sleep(500): null

2019-11-05 08:02:28 - [TEST_STEP][PASSED] - setText(findTestObject("mobileSanity/HBI/census/input_Date of Birth_dob-0"), "12121980"): Text '12121980' is set on object 'Object Repository/mobileSanity/HBI/census/input_Date of Birth_dob-0'

2019-11-05 08:02:28 - [MESSAGE][PASSED] - Text '12121980' is set on object 'Object Repository/mobileSanity/HBI/census/input_Date of Birth_dob-0'

2019-11-05 08:02:28 - [TEST_STEP][PASSED] - click(findTestObject("mobileSanity/HBI/census/label_Male")): Object: 'Object Repository/mobileSanity/HBI/census/label_Male' is clicked on

2019-11-05 08:02:28 - [MESSAGE][PASSED] - Object: 'Object Repository/mobileSanity/HBI/census/label_Male' is clicked on

2019-11-05 08:02:28 - [TEST_STEP][PASSED] - click(findTestObject("mobileSanity/HBI/census/label_Get a Quote")): Object: 'Object Repository/mobileSanity/HBI/census/label_Get a Quote' is clicked on

2019-11-05 08:02:30 - [MESSAGE][PASSED] - Object: 'Object Repository/mobileSanity/HBI/census/label_Get a Quote' is clicked on

2019-11-05 08:02:30 - [TEST_STEP][PASSED] - waitForPageLoad(20): Wait for page load successfully

2019-11-05 08:02:31 - [MESSAGE][PASSED] - Wait for page load successfully

2019-11-05 08:02:31 - [TEST_STEP][PASSED] - Thread.sleep(3000): null

2019-11-05 08:02:34 - [TEST_STEP][PASSED] - callTestCase(findTestCase("mobileWeb/_include/get_screenshot"), [:], STOP_ON_FAILURE): Call Test Case 'Test Cases/mobileWeb/_include/get_screenshot' successfully

2019-11-05 08:02:34 - [TEST_CASE][PASSED] - Test Cases/mobileWeb/_include/get_screenshot: Test Cases/mobileWeb/_include/get_screenshot

2019-11-05 08:02:34 - [TEST_STEP][PASSED] - takeScreenshot(screenPath + i + ".png"): Taking screenshot successfully

2019-11-05 08:02:34 - [MESSAGE][PASSED] - Taking screenshot successfully
[[ATTACHMENT|D:\\Test\\AgileTest\\Reports\\mobileWeb\\hbi\\20191105_080032\\../Screenshots/iPhone 6/hbi/Legion Limited Medical/20191105_080214/3.png]]

2019-11-05 08:02:34 - [TEST_STEP][PASSED] - (internal.GlobalVariable.i++): null

2019-11-05 08:02:34 - [MESSAGE][PASSED] - Call Test Case 'Test Cases/mobileWeb/_include/get_screenshot' successfully

2019-11-05 08:02:34 - [MESSAGE][PASSED] - Call Test Case 'Test Cases/mobileWeb/_include/census_hbi' successfully

2019-11-05 08:02:34 - [TEST_STEP][PASSED] - click(findTestObject("mobileSanity/HBI/quote/a_Legion Limited Medical 500")): Object: 'Object Repository/mobileSanity/HBI/quote/a_Legion Limited Medical 500' is clicked on

2019-11-05 08:02:35 - [MESSAGE][PASSED] - Object: 'Object Repository/mobileSanity/HBI/quote/a_Legion Limited Medical 500' is clicked on

2019-11-05 08:02:35 - [TEST_STEP][PASSED] - waitForPageLoad(20): Wait for page load successfully

2019-11-05 08:02:35 - [MESSAGE][PASSED] - Wait for page load successfully

2019-11-05 08:02:35 - [TEST_STEP][PASSED] - callTestCase(findTestCase("mobileWeb/_include/get_screenshot"), [:], STOP_ON_FAILURE): Call Test Case 'Test Cases/mobileWeb/_include/get_screenshot' successfully

2019-11-05 08:02:35 - [TEST_CASE][PASSED] - Test Cases/mobileWeb/_include/get_screenshot: Test Cases/mobileWeb/_include/get_screenshot

2019-11-05 08:02:35 - [TEST_STEP][PASSED] - takeScreenshot(screenPath + i + ".png"): Taking screenshot successfully

2019-11-05 08:02:36 - [MESSAGE][PASSED] - Taking screenshot successfully
[[ATTACHMENT|D:\\Test\\AgileTest\\Reports\\mobileWeb\\hbi\\20191105_080032\\../Screenshots/iPhone 6/hbi/Legion Limited Medical/20191105_080214/4.png]]

2019-11-05 08:02:36 - [TEST_STEP][PASSED] - (internal.GlobalVariable.i++): null

2019-11-05 08:02:36 - [MESSAGE][PASSED] - Call Test Case 'Test Cases/mobileWeb/_include/get_screenshot' successfully

2019-11-05 08:02:36 - [TEST_STEP][PASSED] - click(findTestObject("mobileSanity/HBI/detail/a_Apply for This Plan")): Object: 'Object Repository/mobileSanity/HBI/detail/a_Apply for This Plan' is clicked on

2019-11-05 08:02:36 - [MESSAGE][PASSED] - Object: 'Object Repository/mobileSanity/HBI/detail/a_Apply for This Plan' is clicked on

2019-11-05 08:02:36 - [TEST_STEP][PASSED] - waitForPageLoad(20): Wait for page load successfully

2019-11-05 08:02:37 - [MESSAGE][PASSED] - Wait for page load successfully

2019-11-05 08:02:37 - [TEST_STEP][PASSED] - callTestCase(findTestCase("mobileWeb/_include/get_screenshot"), [:], STOP_ON_FAILURE): Call Test Case 'Test Cases/mobileWeb/_include/get_screenshot' successfully

2019-11-05 08:02:37 - [TEST_CASE][PASSED] - Test Cases/mobileWeb/_include/get_screenshot: Test Cases/mobileWeb/_include/get_screenshot

2019-11-05 08:02:37 - [TEST_STEP][PASSED] - takeScreenshot(screenPath + i + ".png"): Taking screenshot successfully

2019-11-05 08:02:37 - [MESSAGE][PASSED] - Taking screenshot successfully
[[ATTACHMENT|D:\\Test\\AgileTest\\Reports\\mobileWeb\\hbi\\20191105_080032\\../Screenshots/iPhone 6/hbi/Legion Limited Medical/20191105_080214/5.png]]

2019-11-05 08:02:37 - [TEST_STEP][PASSED] - (internal.GlobalVariable.i++): null

2019-11-05 08:02:37 - [MESSAGE][PASSED] - Call Test Case 'Test Cases/mobileWeb/_include/get_screenshot' successfully

2019-11-05 08:02:37 - [TEST_STEP][PASSED] - click(findTestObject("mobileSanity/HBI/Page_Apply/span_Start Secure Application")): Object: 'Object Repository/mobileSanity/HBI/Page_Apply/span_Start Secure Application' is clicked on

2019-11-05 08:02:38 - [MESSAGE][PASSED] - Object: 'Object Repository/mobileSanity/HBI/Page_Apply/span_Start Secure Application' is clicked on

2019-11-05 08:02:38 - [TEST_STEP][PASSED] - waitForPageLoad(20): Wait for page load successfully

2019-11-05 08:02:38 - [MESSAGE][PASSED] - Wait for page load successfully

2019-11-05 08:02:38 - [TEST_STEP][PASSED] - Thread.sleep(5000): null

2019-11-05 08:02:43 - [TEST_STEP][PASSED] - callTestCase(findTestCase("mobileWeb/_include/get_screenshot"), [:], STOP_ON_FAILURE): Call Test Case 'Test Cases/mobileWeb/_include/get_screenshot' successfully

2019-11-05 08:02:43 - [TEST_CASE][PASSED] - Test Cases/mobileWeb/_include/get_screenshot: Test Cases/mobileWeb/_include/get_screenshot

2019-11-05 08:02:43 - [TEST_STEP][PASSED] - takeScreenshot(screenPath + i + ".png"): Taking screenshot successfully

2019-11-05 08:02:44 - [MESSAGE][PASSED] - Taking screenshot successfully
[[ATTACHMENT|D:\\Test\\AgileTest\\Reports\\mobileWeb\\hbi\\20191105_080032\\../Screenshots/iPhone 6/hbi/Legion Limited Medical/20191105_080214/6.png]]

2019-11-05 08:02:44 - [TEST_STEP][PASSED] - (internal.GlobalVariable.i++): null

2019-11-05 08:02:44 - [MESSAGE][PASSED] - Call Test Case 'Test Cases/mobileWeb/_include/get_screenshot' successfully

2019-11-05 08:02:44 - [TEST_STEP][PASSED] - callTestCase(findTestCase("mobileWeb/_include/goToEnd_hbi"), ["carrier":"legionlimitedmedical"], CONTINUE_ON_FAILURE): Call Test Case 'Test Cases/mobileWeb/_include/goToEnd_hbi' successfully

2019-11-05 08:02:44 - [TEST_CASE][PASSED] - Test Cases/mobileWeb/_include/goToEnd_hbi: Test Cases/mobileWeb/_include/goToEnd_hbi

2019-11-05 08:02:44 - [TEST_STEP][PASSED] - if (state == "ca"): null

2019-11-05 08:02:44 - [TEST_STEP][PASSED] - callTestCase(findTestCase("mobileWeb/_include/name"), [:], CONTINUE_ON_FAILURE): Call Test Case 'Test Cases/mobileWeb/_include/name' successfully

2019-11-05 08:02:44 - [TEST_CASE][PASSED] - Test Cases/mobileWeb/_include/name: Test Cases/mobileWeb/_include/name

2019-11-05 08:02:44 - [TEST_STEP][PASSED] - driver = getWebDriver(): null

2019-11-05 08:02:44 - [TEST_STEP][PASSED] - selenium = new com.thoughtworks.selenium.webdriven.WebDriverBackedSelenium(driver, internal.GlobalVariable.ENV): null

2019-11-05 08:02:44 - [TEST_STEP][PASSED] - FirstName = "Test-123": null

2019-11-05 08:02:44 - [TEST_STEP][PASSED] - LastName = selenium.getEval("{var x="ABCDEFGHIJKLMNOPQRSTUVWXYZabcdefghijklmnopqrstuvwxyz"; var tmp="ZZ11-"; for (i=0;i<8;i++) tmp+=x.charAt(Math.ceil(51*Math.random()));tmp;}"): null

2019-11-05 08:02:44 - [TEST_STEP][PASSED] - Address = selenium.getEval("{var x="ABCDEFGHIJKLMNOPQRSTUVWXYZabcdefghijklmnopqrstuvwxyz"; var tmp=""; for (i=0;i<8;i++) tmp+=x.charAt(Math.ceil(51*Math.random()));tmp;}"): null

2019-11-05 08:02:44 - [TEST_STEP][PASSED] - City = selenium.getEval("{var x="ABCDEFGHIJKLMNOPQRSTUVWXYZabcdefghijklmnopqrstuvwxyz"; var tmp=""; for (i=0;i<8;i++) tmp+=x.charAt(Math.ceil(51*Math.random()));tmp;}"): null

2019-11-05 08:02:44 - [TEST_STEP][PASSED] - tel1 = selenium.getEval("{var x="123456789"; var tmp=""; for (i=0;i<3;i++) tmp+=x.charAt(Math.ceil(8*Math.random()));tmp;}"): null

2019-11-05 08:02:44 - [TEST_STEP][PASSED] - tel2 = selenium.getEval("{var x="123456789"; var tmp=""; for (i=0;i<3;i++) tmp+=x.charAt(Math.ceil(8*Math.random()));tmp;}"): null

2019-11-05 08:02:44 - [TEST_STEP][PASSED] - tel3 = selenium.getEval("{var x="123456789"; var tmp=""; for (i=0;i<4;i++) tmp+=x.charAt(Math.ceil(8*Math.random()));tmp;}"): null

2019-11-05 08:02:44 - [TEST_STEP][PASSED] - Tel = selenium.getExpression(tel1 + "-" + tel2 + "-" + tel3): null

2019-11-05 08:02:44 - [TEST_STEP][PASSED] - AutoEmail = selenium.getEval("{var x="ABCDEFGHIJKLMNOPQRSTUVWXYZabcdefghijklmnopqrstuvwxyz"; var tmp="test."; for (i=0;i<8;i++) tmp+=x.charAt(Math.ceil(51*Math.random()));tmp+="@suryani.cn";}"): null

2019-11-05 08:02:44 - [TEST_STEP][PASSED] - FirstName = FirstName: null

2019-11-05 08:02:44 - [TEST_STEP][PASSED] - LastName = LastName: null

2019-11-05 08:02:44 - [TEST_STEP][PASSED] - Address = Address: null

2019-11-05 08:02:44 - [TEST_STEP][PASSED] - City = City: null

2019-11-05 08:02:44 - [TEST_STEP][PASSED] - Tel = Tel: null

2019-11-05 08:02:44 - [TEST_STEP][PASSED] - AutoEmail = AutoEmail: null

2019-11-05 08:02:44 - [TEST_STEP][PASSED] - println(FirstName): null

2019-11-05 08:02:44 - [TEST_STEP][PASSED] - println(LastName): null

2019-11-05 08:02:44 - [TEST_STEP][PASSED] - println(Address): null

2019-11-05 08:02:44 - [TEST_STEP][PASSED] - println(City): null

2019-11-05 08:02:44 - [TEST_STEP][PASSED] - println(Tel): null

2019-11-05 08:02:44 - [TEST_STEP][PASSED] - println(AutoEmail): null

2019-11-05 08:02:44 - [MESSAGE][PASSED] - Call Test Case 'Test Cases/mobileWeb/_include/name' successfully

2019-11-05 08:02:44 - [TEST_STEP][PASSED] - setText(findTestObject("mobileSanity/HBI/Page_App Page 1/input__member-P-1-firstName"), FirstName): Text 'Test-123' is set on object 'Object Repository/mobileSanity/HBI/Page_App Page 1/input__member-P-1-firstName'

2019-11-05 08:02:44 - [MESSAGE][PASSED] - Text 'Test-123' is set on object 'Object Repository/mobileSanity/HBI/Page_App Page 1/input__member-P-1-firstName'

2019-11-05 08:02:44 - [TEST_STEP][PASSED] - setText(findTestObject("mobileSanity/HBI/Page_App Page 1/input__member-P-1-lastName"), LastName): Text 'ZZ11-FWVTzWHL' is set on object 'Object Repository/mobileSanity/HBI/Page_App Page 1/input__member-P-1-lastName'

2019-11-05 08:02:44 - [MESSAGE][PASSED] - Text 'ZZ11-FWVTzWHL' is set on object 'Object Repository/mobileSanity/HBI/Page_App Page 1/input__member-P-1-lastName'

2019-11-05 08:02:44 - [TEST_STEP][PASSED] - if (carrier == "agileone" || carrier == "agilesecure"): null

2019-11-05 08:02:44 - [TEST_STEP][PASSED] - setText(findTestObject("mobileSanity/HBI/Page_App Page 1/input__address"), Address): Text 'uBgJxRJD' is set on object 'Object Repository/mobileSanity/HBI/Page_App Page 1/input__address'

2019-11-05 08:02:44 - [MESSAGE][PASSED] - Text 'uBgJxRJD' is set on object 'Object Repository/mobileSanity/HBI/Page_App Page 1/input__address'

2019-11-05 08:02:44 - [TEST_STEP][PASSED] - setText(findTestObject("mobileSanity/HBI/Page_App Page 1/input__city"), City): Text 'GpJBnsnO' is set on object 'Object Repository/mobileSanity/HBI/Page_App Page 1/input__city'

2019-11-05 08:02:45 - [MESSAGE][PASSED] - Text 'GpJBnsnO' is set on object 'Object Repository/mobileSanity/HBI/Page_App Page 1/input__city'

2019-11-05 08:02:45 - [TEST_STEP][PASSED] - setText(findTestObject("mobileSanity/HBI/Page_App Page 1/input__email"), AutoEmail): Text 'test.HdlmgsxB@suryani.cn' is set on object 'Object Repository/mobileSanity/HBI/Page_App Page 1/input__email'

2019-11-05 08:02:45 - [MESSAGE][PASSED] - Text 'test.HdlmgsxB@suryani.cn' is set on object 'Object Repository/mobileSanity/HBI/Page_App Page 1/input__email'

2019-11-05 08:02:45 - [TEST_STEP][PASSED] - setText(findTestObject("mobileSanity/HBI/Page_App Page 1/input_tel"), Tel): Text '845-623-8433' is set on object 'Object Repository/mobileSanity/HBI/Page_App Page 1/input_tel'

2019-11-05 08:02:45 - [MESSAGE][PASSED] - Text '845-623-8433' is set on object 'Object Repository/mobileSanity/HBI/Page_App Page 1/input_tel'

2019-11-05 08:02:45 - [TEST_STEP][PASSED] - click(findTestObject("mobileSanity/HBI/Page_App Page 1/a_Continue to Step 2 - Payment")): Object: 'Object Repository/mobileSanity/HBI/Page_App Page 1/a_Continue to Step 2 - Payment' is clicked on

2019-11-05 08:02:45 - [MESSAGE][PASSED] - Object: 'Object Repository/mobileSanity/HBI/Page_App Page 1/a_Continue to Step 2 - Payment' is clicked on

2019-11-05 08:02:45 - [TEST_STEP][PASSED] - waitForPageLoad(20): Wait for page load successfully

2019-11-05 08:02:45 - [MESSAGE][PASSED] - Wait for page load successfully

2019-11-05 08:02:45 - [TEST_STEP][PASSED] - Thread.sleep(2000): null

2019-11-05 08:02:47 - [TEST_STEP][PASSED] - waitForElementVisible(findTestObject("mobileSanity/HBI/Page_App Page 2/input__credit-card-first"), 20): Object 'Object Repository/mobileSanity/HBI/Page_App Page 2/input__credit-card-first' is visible

2019-11-05 08:02:47 - [MESSAGE][PASSED] - Object 'Object Repository/mobileSanity/HBI/Page_App Page 2/input__credit-card-first' is visible

2019-11-05 08:02:47 - [TEST_STEP][PASSED] - callTestCase(findTestCase("mobileWeb/_include/get_screenshot"), [:], STOP_ON_FAILURE): Call Test Case 'Test Cases/mobileWeb/_include/get_screenshot' successfully

2019-11-05 08:02:47 - [TEST_CASE][PASSED] - Test Cases/mobileWeb/_include/get_screenshot: Test Cases/mobileWeb/_include/get_screenshot

2019-11-05 08:02:47 - [TEST_STEP][PASSED] - takeScreenshot(screenPath + i + ".png"): Taking screenshot successfully

2019-11-05 08:02:48 - [MESSAGE][PASSED] - Taking screenshot successfully
[[ATTACHMENT|D:\\Test\\AgileTest\\Reports\\mobileWeb\\hbi\\20191105_080032\\../Screenshots/iPhone 6/hbi/Legion Limited Medical/20191105_080214/7.png]]

2019-11-05 08:02:48 - [TEST_STEP][PASSED] - (internal.GlobalVariable.i++): null

2019-11-05 08:02:48 - [MESSAGE][PASSED] - Call Test Case 'Test Cases/mobileWeb/_include/get_screenshot' successfully

2019-11-05 08:02:48 - [TEST_STEP][PASSED] - setText(findTestObject("mobileSanity/HBI/Page_App Page 2/input__credit-card-first"), FirstName): Text 'Test-123' is set on object 'Object Repository/mobileSanity/HBI/Page_App Page 2/input__credit-card-first'

2019-11-05 08:02:48 - [MESSAGE][PASSED] - Text 'Test-123' is set on object 'Object Repository/mobileSanity/HBI/Page_App Page 2/input__credit-card-first'

2019-11-05 08:02:48 - [TEST_STEP][PASSED] - setText(findTestObject("mobileSanity/HBI/Page_App Page 2/input__credit-card-last"), LastName): Text 'ZZ11-FWVTzWHL' is set on object 'Object Repository/mobileSanity/HBI/Page_App Page 2/input__credit-card-last'

2019-11-05 08:02:48 - [MESSAGE][PASSED] - Text 'ZZ11-FWVTzWHL' is set on object 'Object Repository/mobileSanity/HBI/Page_App Page 2/input__credit-card-last'

2019-11-05 08:02:48 - [TEST_STEP][PASSED] - selectOptionByValue(findTestObject("mobileSanity/HBI/Page_App Page 2/select_MM010203040506070809101"), "12", true): All options with value '12' are selected in object 'Object Repository/mobileSanity/HBI/Page_App Page 2/select_MM010203040506070809101'  using regular expression

2019-11-05 08:02:48 - [MESSAGE][PASSED] - All options with value '12' are selected in object 'Object Repository/mobileSanity/HBI/Page_App Page 2/select_MM010203040506070809101'  using regular expression

2019-11-05 08:02:48 - [TEST_STEP][PASSED] - selectOptionByValue(findTestObject("mobileSanity/HBI/Page_App Page 2/select_YYYY2019202020212022202"), "2026", true): All options with value '2026' are selected in object 'Object Repository/mobileSanity/HBI/Page_App Page 2/select_YYYY2019202020212022202'  using regular expression

2019-11-05 08:02:48 - [MESSAGE][PASSED] - All options with value '2026' are selected in object 'Object Repository/mobileSanity/HBI/Page_App Page 2/select_YYYY2019202020212022202'  using regular expression

2019-11-05 08:02:48 - [TEST_STEP][PASSED] - setText(findTestObject("mobileSanity/HBI/Page_App Page 2/input__credit-card-number"), "4111111111111111"): Text '4111111111111111' is set on object 'Object Repository/mobileSanity/HBI/Page_App Page 2/input__credit-card-number'

2019-11-05 08:02:49 - [MESSAGE][PASSED] - Text '4111111111111111' is set on object 'Object Repository/mobileSanity/HBI/Page_App Page 2/input__credit-card-number'

2019-11-05 08:02:49 - [TEST_STEP][PASSED] - setText(findTestObject("mobileSanity/HBI/Page_App Page 2/input__cvv"), "123"): Text '123' is set on object 'Object Repository/mobileSanity/HBI/Page_App Page 2/input__cvv'

2019-11-05 08:02:49 - [MESSAGE][PASSED] - Text '123' is set on object 'Object Repository/mobileSanity/HBI/Page_App Page 2/input__cvv'

2019-11-05 08:02:49 - [TEST_STEP][PASSED] - click(findTestObject("mobileSanity/HBI/Page_App Page 2/label_My billing address is th")): Object: 'Object Repository/mobileSanity/HBI/Page_App Page 2/label_My billing address is th' is clicked on

2019-11-05 08:02:49 - [MESSAGE][PASSED] - Object: 'Object Repository/mobileSanity/HBI/Page_App Page 2/label_My billing address is th' is clicked on

2019-11-05 08:02:49 - [TEST_STEP][PASSED] - click(findTestObject("mobileSanity/HBI/Page_App Page 2/label_I Accept Authorization f")): Object: 'Object Repository/mobileSanity/HBI/Page_App Page 2/label_I Accept Authorization f' is clicked on

2019-11-05 08:02:49 - [MESSAGE][PASSED] - Object: 'Object Repository/mobileSanity/HBI/Page_App Page 2/label_I Accept Authorization f' is clicked on

2019-11-05 08:02:49 - [TEST_STEP][PASSED] - click(findTestObject("mobileSanity/HBI/Page_App Page 2/a_Continue to Step 3 - Review")): Object: 'Object Repository/mobileSanity/HBI/Page_App Page 2/a_Continue to Step 3 - Review' is clicked on

2019-11-05 08:02:49 - [MESSAGE][PASSED] - Object: 'Object Repository/mobileSanity/HBI/Page_App Page 2/a_Continue to Step 3 - Review' is clicked on

2019-11-05 08:02:49 - [TEST_STEP][PASSED] - waitForPageLoad(20): Wait for page load successfully

2019-11-05 08:02:49 - [MESSAGE][PASSED] - Wait for page load successfully

2019-11-05 08:02:49 - [TEST_STEP][PASSED] - Thread.sleep(10000): null

2019-11-05 08:02:59 - [TEST_STEP][PASSED] - waitForElementPresent(findTestObject("mobileSanity/HBI/Page_App Page 3/label"), 20): Object 'Object Repository/mobileSanity/HBI/Page_App Page 3/label' is present

2019-11-05 08:03:00 - [MESSAGE][PASSED] - Object 'Object Repository/mobileSanity/HBI/Page_App Page 3/label' is present

2019-11-05 08:03:00 - [TEST_STEP][PASSED] - callTestCase(findTestCase("mobileWeb/_include/get_screenshot"), [:], STOP_ON_FAILURE): Call Test Case 'Test Cases/mobileWeb/_include/get_screenshot' successfully

2019-11-05 08:03:00 - [TEST_CASE][PASSED] - Test Cases/mobileWeb/_include/get_screenshot: Test Cases/mobileWeb/_include/get_screenshot

2019-11-05 08:03:00 - [TEST_STEP][PASSED] - takeScreenshot(screenPath + i + ".png"): Taking screenshot successfully

2019-11-05 08:03:00 - [MESSAGE][PASSED] - Taking screenshot successfully
[[ATTACHMENT|D:\\Test\\AgileTest\\Reports\\mobileWeb\\hbi\\20191105_080032\\../Screenshots/iPhone 6/hbi/Legion Limited Medical/20191105_080214/8.png]]

2019-11-05 08:03:00 - [TEST_STEP][PASSED] - (internal.GlobalVariable.i++): null

2019-11-05 08:03:00 - [MESSAGE][PASSED] - Call Test Case 'Test Cases/mobileWeb/_include/get_screenshot' successfully

2019-11-05 08:03:00 - [TEST_STEP][PASSED] - click(findTestObject("mobileSanity/HBI/Page_App Page 3/label")): Object: 'Object Repository/mobileSanity/HBI/Page_App Page 3/label' is clicked on

2019-11-05 08:03:00 - [MESSAGE][PASSED] - Object: 'Object Repository/mobileSanity/HBI/Page_App Page 3/label' is clicked on

2019-11-05 08:03:00 - [TEST_STEP][PASSED] - click(findTestObject("mobileSanity/HBI/Page_App Page 3/p_CLICK TO SIGN")): Object: 'Object Repository/mobileSanity/HBI/Page_App Page 3/p_CLICK TO SIGN' is clicked on

2019-11-05 08:03:01 - [MESSAGE][PASSED] - Object: 'Object Repository/mobileSanity/HBI/Page_App Page 3/p_CLICK TO SIGN' is clicked on

2019-11-05 08:03:01 - [TEST_STEP][PASSED] - click(findTestObject("mobileSanity/HBI/Page_App Page 3/a_Submit Your Application")): Object: 'Object Repository/mobileSanity/HBI/Page_App Page 3/a_Submit Your Application' is clicked on

2019-11-05 08:03:01 - [MESSAGE][PASSED] - Object: 'Object Repository/mobileSanity/HBI/Page_App Page 3/a_Submit Your Application' is clicked on

2019-11-05 08:03:01 - [TEST_STEP][PASSED] - Thread.sleep(30000): null

2019-11-05 08:03:31 - [TEST_STEP][PASSED] - callTestCase(findTestCase("mobileWeb/_include/get_screenshot"), [:], STOP_ON_FAILURE): Call Test Case 'Test Cases/mobileWeb/_include/get_screenshot' successfully

2019-11-05 08:03:31 - [TEST_CASE][PASSED] - Test Cases/mobileWeb/_include/get_screenshot: Test Cases/mobileWeb/_include/get_screenshot

2019-11-05 08:03:31 - [TEST_STEP][PASSED] - takeScreenshot(screenPath + i + ".png"): Taking screenshot successfully

2019-11-05 08:03:31 - [MESSAGE][PASSED] - Taking screenshot successfully
[[ATTACHMENT|D:\\Test\\AgileTest\\Reports\\mobileWeb\\hbi\\20191105_080032\\../Screenshots/iPhone 6/hbi/Legion Limited Medical/20191105_080214/9.png]]

2019-11-05 08:03:31 - [TEST_STEP][PASSED] - (internal.GlobalVariable.i++): null

2019-11-05 08:03:31 - [MESSAGE][PASSED] - Call Test Case 'Test Cases/mobileWeb/_include/get_screenshot' successfully

2019-11-05 08:03:31 - [TEST_STEP][PASSED] - verifyTextPresent("Congratulations", false): Text 'Congratulations' is present on page 

2019-11-05 08:03:31 - [MESSAGE][PASSED] - Text 'Congratulations' is present on page 

2019-11-05 08:03:31 - [MESSAGE][PASSED] - Call Test Case 'Test Cases/mobileWeb/_include/goToEnd_hbi' successfully]]></system-out>
         <system-err><![CDATA[]]></system-err>
      </testcase>
      <testcase name="Test Cases/mobileWeb/HBI/Cardinal Choice" classname="Test Cases/mobileWeb/HBI/Cardinal Choice" status="PASSED">
         <system-out><![CDATA[2019-11-05 08:03:31 - [TEST_CASE][PASSED] - Test Cases/mobileWeb/HBI/Cardinal Choice: Test Cases/mobileWeb/HBI/Cardinal Choice

2019-11-05 08:03:31 - [TEST_STEP][PASSED] - callTestCase(findTestCase("mobileWeb/_include/get_screenPath"), ["productLine":"hbi", "carrierName":"Cardinal Choice"], CONTINUE_ON_FAILURE): Call Test Case 'Test Cases/mobileWeb/_include/get_screenPath' successfully

2019-11-05 08:03:31 - [TEST_CASE][PASSED] - Test Cases/mobileWeb/_include/get_screenPath: Test Cases/mobileWeb/_include/get_screenPath

2019-11-05 08:03:31 - [TEST_STEP][PASSED] - m = getExecutionProperties(): null

2019-11-05 08:03:31 - [TEST_STEP][PASSED] - deviceName = get("mobileEmulation").get("deviceName"): null

2019-11-05 08:03:31 - [TEST_STEP][PASSED] - println(deviceName): null

2019-11-05 08:03:31 - [TEST_STEP][PASSED] - now = new java.util.Date(): null

2019-11-05 08:03:31 - [TEST_STEP][PASSED] - mydate = now.format("yyyyMMdd_HHmmss"): null

2019-11-05 08:03:31 - [TEST_STEP][PASSED] - screenPath = "../Screenshots/": null

2019-11-05 08:03:31 - [TEST_STEP][PASSED] - screenPath = screenPath + deviceName + "/" + productLine + "/" + carrierName + "/" + mydate + "/": null

2019-11-05 08:03:31 - [TEST_STEP][PASSED] - println(screenPath): null

2019-11-05 08:03:31 - [MESSAGE][PASSED] - Call Test Case 'Test Cases/mobileWeb/_include/get_screenPath' successfully

2019-11-05 08:03:31 - [TEST_STEP][PASSED] - i = 0: null

2019-11-05 08:03:31 - [TEST_STEP][PASSED] - callTestCase(findTestCase("mobileWeb/_include/openWebSite"), [:], CONTINUE_ON_FAILURE): Call Test Case 'Test Cases/mobileWeb/_include/openWebSite' successfully

2019-11-05 08:03:31 - [TEST_CASE][PASSED] - Test Cases/mobileWeb/_include/openWebSite: Test Cases/mobileWeb/_include/openWebSite

2019-11-05 08:03:31 - [TEST_STEP][PASSED] - openBrowser(env): Browser is opened with url: 'https://praetemptatus.agilehealthinsurance.com'

2019-11-05 08:03:31 - [MESSAGE][WARNING] - A browser is already opened. Closing browser and opening a new one

2019-11-05 08:03:32 - [MESSAGE][INFO] - Starting 'Chrome' driver

2019-11-05 08:03:32 - [MESSAGE][INFO] - User set preference: ['mobileEmulation', '{deviceName=iPhone 6}']

2019-11-05 08:03:32 - [MESSAGE][INFO] - User set preference: ['args', '[--incognito, --aggressive-cache-discard, --window-size=375,677, --no-sandbox]']

2019-11-05 08:03:34 - [MESSAGE][PASSED] - Browser is opened with url: 'https://praetemptatus.agilehealthinsurance.com'

2019-11-05 08:03:34 - [TEST_STEP][PASSED] - waitForPageLoad(20): Wait for page load successfully

2019-11-05 08:03:35 - [MESSAGE][PASSED] - Wait for page load successfully

2019-11-05 08:03:35 - [TEST_STEP][PASSED] - Thread.sleep(2000): null

2019-11-05 08:03:37 - [TEST_STEP][PASSED] - callTestCase(findTestCase("mobileWeb/_include/get_screenshot"), [:], STOP_ON_FAILURE): Call Test Case 'Test Cases/mobileWeb/_include/get_screenshot' successfully

2019-11-05 08:03:37 - [TEST_CASE][PASSED] - Test Cases/mobileWeb/_include/get_screenshot: Test Cases/mobileWeb/_include/get_screenshot

2019-11-05 08:03:37 - [TEST_STEP][PASSED] - takeScreenshot(screenPath + i + ".png"): Taking screenshot successfully

2019-11-05 08:03:37 - [MESSAGE][PASSED] - Taking screenshot successfully
[[ATTACHMENT|D:\\Test\\AgileTest\\Reports\\mobileWeb\\hbi\\20191105_080032\\../Screenshots/iPhone 6/hbi/Cardinal Choice/20191105_080331/0.png]]

2019-11-05 08:03:37 - [TEST_STEP][PASSED] - (internal.GlobalVariable.i++): null

2019-11-05 08:03:37 - [MESSAGE][PASSED] - Call Test Case 'Test Cases/mobileWeb/_include/get_screenshot' successfully

2019-11-05 08:03:37 - [MESSAGE][PASSED] - Call Test Case 'Test Cases/mobileWeb/_include/openWebSite' successfully

2019-11-05 08:03:37 - [TEST_STEP][PASSED] - callTestCase(findTestCase("mobileWeb/_include/census_hbi"), [:], CONTINUE_ON_FAILURE): Call Test Case 'Test Cases/mobileWeb/_include/census_hbi' successfully

2019-11-05 08:03:37 - [TEST_CASE][PASSED] - Test Cases/mobileWeb/_include/census_hbi: Test Cases/mobileWeb/_include/census_hbi

2019-11-05 08:03:37 - [TEST_STEP][PASSED] - click(findTestObject("mobileSanity/Common/side_nav/menu")): Object: 'Object Repository/mobileSanity/Common/side_nav/menu' is clicked on

2019-11-05 08:03:37 - [MESSAGE][PASSED] - Object: 'Object Repository/mobileSanity/Common/side_nav/menu' is clicked on

2019-11-05 08:03:37 - [TEST_STEP][PASSED] - Thread.sleep(3000): null

2019-11-05 08:03:40 - [TEST_STEP][PASSED] - callTestCase(findTestCase("mobileWeb/_include/get_screenshot"), [:], STOP_ON_FAILURE): Call Test Case 'Test Cases/mobileWeb/_include/get_screenshot' successfully

2019-11-05 08:03:40 - [TEST_CASE][PASSED] - Test Cases/mobileWeb/_include/get_screenshot: Test Cases/mobileWeb/_include/get_screenshot

2019-11-05 08:03:40 - [TEST_STEP][PASSED] - takeScreenshot(screenPath + i + ".png"): Taking screenshot successfully

2019-11-05 08:03:41 - [MESSAGE][PASSED] - Taking screenshot successfully
[[ATTACHMENT|D:\\Test\\AgileTest\\Reports\\mobileWeb\\hbi\\20191105_080032\\../Screenshots/iPhone 6/hbi/Cardinal Choice/20191105_080331/1.png]]

2019-11-05 08:03:41 - [TEST_STEP][PASSED] - (internal.GlobalVariable.i++): null

2019-11-05 08:03:41 - [MESSAGE][PASSED] - Call Test Case 'Test Cases/mobileWeb/_include/get_screenshot' successfully

2019-11-05 08:03:41 - [TEST_STEP][PASSED] - click(findTestObject("mobileSanity/Common/side_nav/nav_hbi")): Object: 'Object Repository/mobileSanity/Common/side_nav/nav_hbi' is clicked on

2019-11-05 08:03:41 - [MESSAGE][PASSED] - Object: 'Object Repository/mobileSanity/Common/side_nav/nav_hbi' is clicked on

2019-11-05 08:03:41 - [TEST_STEP][PASSED] - waitForPageLoad(10): Wait for page load successfully

2019-11-05 08:03:41 - [MESSAGE][PASSED] - Wait for page load successfully

2019-11-05 08:03:41 - [TEST_STEP][PASSED] - Thread.sleep(3000): null

2019-11-05 08:03:44 - [TEST_STEP][PASSED] - callTestCase(findTestCase("mobileWeb/_include/get_screenshot"), [:], STOP_ON_FAILURE): Call Test Case 'Test Cases/mobileWeb/_include/get_screenshot' successfully

2019-11-05 08:03:44 - [TEST_CASE][PASSED] - Test Cases/mobileWeb/_include/get_screenshot: Test Cases/mobileWeb/_include/get_screenshot

2019-11-05 08:03:44 - [TEST_STEP][PASSED] - takeScreenshot(screenPath + i + ".png"): Taking screenshot successfully

2019-11-05 08:03:45 - [MESSAGE][PASSED] - Taking screenshot successfully
[[ATTACHMENT|D:\\Test\\AgileTest\\Reports\\mobileWeb\\hbi\\20191105_080032\\../Screenshots/iPhone 6/hbi/Cardinal Choice/20191105_080331/2.png]]

2019-11-05 08:03:45 - [TEST_STEP][PASSED] - (internal.GlobalVariable.i++): null

2019-11-05 08:03:45 - [MESSAGE][PASSED] - Call Test Case 'Test Cases/mobileWeb/_include/get_screenshot' successfully

2019-11-05 08:03:45 - [TEST_STEP][PASSED] - setText(findTestObject("mobileSanity/HBI/census/input_Location_zip-input"), zipcode): Text '35215' is set on object 'Object Repository/mobileSanity/HBI/census/input_Location_zip-input'

2019-11-05 08:03:45 - [MESSAGE][PASSED] - Text '35215' is set on object 'Object Repository/mobileSanity/HBI/census/input_Location_zip-input'

2019-11-05 08:03:45 - [TEST_STEP][PASSED] - Thread.sleep(500): null

2019-11-05 08:03:45 - [TEST_STEP][PASSED] - setText(findTestObject("mobileSanity/HBI/census/input_Date of Birth_dob-0"), "12121980"): Text '12121980' is set on object 'Object Repository/mobileSanity/HBI/census/input_Date of Birth_dob-0'

2019-11-05 08:03:45 - [MESSAGE][PASSED] - Text '12121980' is set on object 'Object Repository/mobileSanity/HBI/census/input_Date of Birth_dob-0'

2019-11-05 08:03:45 - [TEST_STEP][PASSED] - click(findTestObject("mobileSanity/HBI/census/label_Male")): Object: 'Object Repository/mobileSanity/HBI/census/label_Male' is clicked on

2019-11-05 08:03:46 - [MESSAGE][PASSED] - Object: 'Object Repository/mobileSanity/HBI/census/label_Male' is clicked on

2019-11-05 08:03:46 - [TEST_STEP][PASSED] - click(findTestObject("mobileSanity/HBI/census/label_Get a Quote")): Object: 'Object Repository/mobileSanity/HBI/census/label_Get a Quote' is clicked on

2019-11-05 08:03:47 - [MESSAGE][PASSED] - Object: 'Object Repository/mobileSanity/HBI/census/label_Get a Quote' is clicked on

2019-11-05 08:03:47 - [TEST_STEP][PASSED] - waitForPageLoad(20): Wait for page load successfully

2019-11-05 08:03:47 - [MESSAGE][PASSED] - Wait for page load successfully

2019-11-05 08:03:47 - [TEST_STEP][PASSED] - Thread.sleep(3000): null

2019-11-05 08:03:50 - [TEST_STEP][PASSED] - callTestCase(findTestCase("mobileWeb/_include/get_screenshot"), [:], STOP_ON_FAILURE): Call Test Case 'Test Cases/mobileWeb/_include/get_screenshot' successfully

2019-11-05 08:03:50 - [TEST_CASE][PASSED] - Test Cases/mobileWeb/_include/get_screenshot: Test Cases/mobileWeb/_include/get_screenshot

2019-11-05 08:03:50 - [TEST_STEP][PASSED] - takeScreenshot(screenPath + i + ".png"): Taking screenshot successfully

2019-11-05 08:03:50 - [MESSAGE][PASSED] - Taking screenshot successfully
[[ATTACHMENT|D:\\Test\\AgileTest\\Reports\\mobileWeb\\hbi\\20191105_080032\\../Screenshots/iPhone 6/hbi/Cardinal Choice/20191105_080331/3.png]]

2019-11-05 08:03:50 - [TEST_STEP][PASSED] - (internal.GlobalVariable.i++): null

2019-11-05 08:03:50 - [MESSAGE][PASSED] - Call Test Case 'Test Cases/mobileWeb/_include/get_screenshot' successfully

2019-11-05 08:03:50 - [MESSAGE][PASSED] - Call Test Case 'Test Cases/mobileWeb/_include/census_hbi' successfully

2019-11-05 08:03:50 - [TEST_STEP][PASSED] - Thread.sleep(5000): null

2019-11-05 08:03:55 - [TEST_STEP][PASSED] - scrollToPosition(200, 2300): Browser is scrolled to position x = 200, y = 2300

2019-11-05 08:03:55 - [MESSAGE][PASSED] - Browser is scrolled to position x = 200, y = 2300

2019-11-05 08:03:55 - [TEST_STEP][PASSED] - click(findTestObject("mobileSanity/HBI/quote/a_Cardinal Choice")): Object: 'Object Repository/mobileSanity/HBI/quote/a_Cardinal Choice' is clicked on

2019-11-05 08:03:57 - [MESSAGE][PASSED] - Object: 'Object Repository/mobileSanity/HBI/quote/a_Cardinal Choice' is clicked on

2019-11-05 08:03:57 - [TEST_STEP][PASSED] - waitForPageLoad(20): Wait for page load successfully

2019-11-05 08:03:57 - [MESSAGE][PASSED] - Wait for page load successfully

2019-11-05 08:03:57 - [TEST_STEP][PASSED] - callTestCase(findTestCase("mobileWeb/_include/get_screenshot"), [:], STOP_ON_FAILURE): Call Test Case 'Test Cases/mobileWeb/_include/get_screenshot' successfully

2019-11-05 08:03:57 - [TEST_CASE][PASSED] - Test Cases/mobileWeb/_include/get_screenshot: Test Cases/mobileWeb/_include/get_screenshot

2019-11-05 08:03:57 - [TEST_STEP][PASSED] - takeScreenshot(screenPath + i + ".png"): Taking screenshot successfully

2019-11-05 08:03:58 - [MESSAGE][PASSED] - Taking screenshot successfully
[[ATTACHMENT|D:\\Test\\AgileTest\\Reports\\mobileWeb\\hbi\\20191105_080032\\../Screenshots/iPhone 6/hbi/Cardinal Choice/20191105_080331/4.png]]

2019-11-05 08:03:58 - [TEST_STEP][PASSED] - (internal.GlobalVariable.i++): null

2019-11-05 08:03:58 - [MESSAGE][PASSED] - Call Test Case 'Test Cases/mobileWeb/_include/get_screenshot' successfully

2019-11-05 08:03:58 - [TEST_STEP][PASSED] - click(findTestObject("mobileSanity/HBI/detail/a_Apply for This Plan")): Object: 'Object Repository/mobileSanity/HBI/detail/a_Apply for This Plan' is clicked on

2019-11-05 08:03:58 - [MESSAGE][PASSED] - Object: 'Object Repository/mobileSanity/HBI/detail/a_Apply for This Plan' is clicked on

2019-11-05 08:03:58 - [TEST_STEP][PASSED] - waitForPageLoad(20): Wait for page load successfully

2019-11-05 08:03:59 - [MESSAGE][PASSED] - Wait for page load successfully

2019-11-05 08:03:59 - [TEST_STEP][PASSED] - callTestCase(findTestCase("mobileWeb/_include/get_screenshot"), [:], STOP_ON_FAILURE): Call Test Case 'Test Cases/mobileWeb/_include/get_screenshot' successfully

2019-11-05 08:03:59 - [TEST_CASE][PASSED] - Test Cases/mobileWeb/_include/get_screenshot: Test Cases/mobileWeb/_include/get_screenshot

2019-11-05 08:03:59 - [TEST_STEP][PASSED] - takeScreenshot(screenPath + i + ".png"): Taking screenshot successfully

2019-11-05 08:03:59 - [MESSAGE][PASSED] - Taking screenshot successfully
[[ATTACHMENT|D:\\Test\\AgileTest\\Reports\\mobileWeb\\hbi\\20191105_080032\\../Screenshots/iPhone 6/hbi/Cardinal Choice/20191105_080331/5.png]]

2019-11-05 08:03:59 - [TEST_STEP][PASSED] - (internal.GlobalVariable.i++): null

2019-11-05 08:03:59 - [MESSAGE][PASSED] - Call Test Case 'Test Cases/mobileWeb/_include/get_screenshot' successfully

2019-11-05 08:03:59 - [TEST_STEP][PASSED] - click(findTestObject("mobileSanity/HBI/Page_Apply/span_Start Secure Application")): Object: 'Object Repository/mobileSanity/HBI/Page_Apply/span_Start Secure Application' is clicked on

2019-11-05 08:04:00 - [MESSAGE][PASSED] - Object: 'Object Repository/mobileSanity/HBI/Page_Apply/span_Start Secure Application' is clicked on

2019-11-05 08:04:00 - [TEST_STEP][PASSED] - waitForPageLoad(20): Wait for page load successfully

2019-11-05 08:04:00 - [MESSAGE][PASSED] - Wait for page load successfully

2019-11-05 08:04:00 - [TEST_STEP][PASSED] - Thread.sleep(5000): null

2019-11-05 08:04:05 - [TEST_STEP][PASSED] - callTestCase(findTestCase("mobileWeb/_include/get_screenshot"), [:], STOP_ON_FAILURE): Call Test Case 'Test Cases/mobileWeb/_include/get_screenshot' successfully

2019-11-05 08:04:06 - [TEST_CASE][PASSED] - Test Cases/mobileWeb/_include/get_screenshot: Test Cases/mobileWeb/_include/get_screenshot

2019-11-05 08:04:06 - [TEST_STEP][PASSED] - takeScreenshot(screenPath + i + ".png"): Taking screenshot successfully

2019-11-05 08:04:06 - [MESSAGE][PASSED] - Taking screenshot successfully
[[ATTACHMENT|D:\\Test\\AgileTest\\Reports\\mobileWeb\\hbi\\20191105_080032\\../Screenshots/iPhone 6/hbi/Cardinal Choice/20191105_080331/6.png]]

2019-11-05 08:04:06 - [TEST_STEP][PASSED] - (internal.GlobalVariable.i++): null

2019-11-05 08:04:06 - [MESSAGE][PASSED] - Call Test Case 'Test Cases/mobileWeb/_include/get_screenshot' successfully

2019-11-05 08:04:06 - [TEST_STEP][PASSED] - callTestCase(findTestCase("mobileWeb/_include/goToEnd_hbi"), ["carrier":"cardinalchoice"], CONTINUE_ON_FAILURE): Call Test Case 'Test Cases/mobileWeb/_include/goToEnd_hbi' successfully

2019-11-05 08:04:06 - [TEST_CASE][PASSED] - Test Cases/mobileWeb/_include/goToEnd_hbi: Test Cases/mobileWeb/_include/goToEnd_hbi

2019-11-05 08:04:06 - [TEST_STEP][PASSED] - if (state == "ca"): null

2019-11-05 08:04:06 - [TEST_STEP][PASSED] - callTestCase(findTestCase("mobileWeb/_include/name"), [:], CONTINUE_ON_FAILURE): Call Test Case 'Test Cases/mobileWeb/_include/name' successfully

2019-11-05 08:04:06 - [TEST_CASE][PASSED] - Test Cases/mobileWeb/_include/name: Test Cases/mobileWeb/_include/name

2019-11-05 08:04:06 - [TEST_STEP][PASSED] - driver = getWebDriver(): null

2019-11-05 08:04:06 - [TEST_STEP][PASSED] - selenium = new com.thoughtworks.selenium.webdriven.WebDriverBackedSelenium(driver, internal.GlobalVariable.ENV): null

2019-11-05 08:04:06 - [TEST_STEP][PASSED] - FirstName = "Test-123": null

2019-11-05 08:04:06 - [TEST_STEP][PASSED] - LastName = selenium.getEval("{var x="ABCDEFGHIJKLMNOPQRSTUVWXYZabcdefghijklmnopqrstuvwxyz"; var tmp="ZZ11-"; for (i=0;i<8;i++) tmp+=x.charAt(Math.ceil(51*Math.random()));tmp;}"): null

2019-11-05 08:04:06 - [TEST_STEP][PASSED] - Address = selenium.getEval("{var x="ABCDEFGHIJKLMNOPQRSTUVWXYZabcdefghijklmnopqrstuvwxyz"; var tmp=""; for (i=0;i<8;i++) tmp+=x.charAt(Math.ceil(51*Math.random()));tmp;}"): null

2019-11-05 08:04:06 - [TEST_STEP][PASSED] - City = selenium.getEval("{var x="ABCDEFGHIJKLMNOPQRSTUVWXYZabcdefghijklmnopqrstuvwxyz"; var tmp=""; for (i=0;i<8;i++) tmp+=x.charAt(Math.ceil(51*Math.random()));tmp;}"): null

2019-11-05 08:04:06 - [TEST_STEP][PASSED] - tel1 = selenium.getEval("{var x="123456789"; var tmp=""; for (i=0;i<3;i++) tmp+=x.charAt(Math.ceil(8*Math.random()));tmp;}"): null

2019-11-05 08:04:06 - [TEST_STEP][PASSED] - tel2 = selenium.getEval("{var x="123456789"; var tmp=""; for (i=0;i<3;i++) tmp+=x.charAt(Math.ceil(8*Math.random()));tmp;}"): null

2019-11-05 08:04:06 - [TEST_STEP][PASSED] - tel3 = selenium.getEval("{var x="123456789"; var tmp=""; for (i=0;i<4;i++) tmp+=x.charAt(Math.ceil(8*Math.random()));tmp;}"): null

2019-11-05 08:04:06 - [TEST_STEP][PASSED] - Tel = selenium.getExpression(tel1 + "-" + tel2 + "-" + tel3): null

2019-11-05 08:04:06 - [TEST_STEP][PASSED] - AutoEmail = selenium.getEval("{var x="ABCDEFGHIJKLMNOPQRSTUVWXYZabcdefghijklmnopqrstuvwxyz"; var tmp="test."; for (i=0;i<8;i++) tmp+=x.charAt(Math.ceil(51*Math.random()));tmp+="@suryani.cn";}"): null

2019-11-05 08:04:06 - [TEST_STEP][PASSED] - FirstName = FirstName: null

2019-11-05 08:04:06 - [TEST_STEP][PASSED] - LastName = LastName: null

2019-11-05 08:04:06 - [TEST_STEP][PASSED] - Address = Address: null

2019-11-05 08:04:06 - [TEST_STEP][PASSED] - City = City: null

2019-11-05 08:04:06 - [TEST_STEP][PASSED] - Tel = Tel: null

2019-11-05 08:04:06 - [TEST_STEP][PASSED] - AutoEmail = AutoEmail: null

2019-11-05 08:04:06 - [TEST_STEP][PASSED] - println(FirstName): null

2019-11-05 08:04:06 - [TEST_STEP][PASSED] - println(LastName): null

2019-11-05 08:04:06 - [TEST_STEP][PASSED] - println(Address): null

2019-11-05 08:04:06 - [TEST_STEP][PASSED] - println(City): null

2019-11-05 08:04:06 - [TEST_STEP][PASSED] - println(Tel): null

2019-11-05 08:04:06 - [TEST_STEP][PASSED] - println(AutoEmail): null

2019-11-05 08:04:06 - [MESSAGE][PASSED] - Call Test Case 'Test Cases/mobileWeb/_include/name' successfully

2019-11-05 08:04:06 - [TEST_STEP][PASSED] - setText(findTestObject("mobileSanity/HBI/Page_App Page 1/input__member-P-1-firstName"), FirstName): Text 'Test-123' is set on object 'Object Repository/mobileSanity/HBI/Page_App Page 1/input__member-P-1-firstName'

2019-11-05 08:04:07 - [MESSAGE][PASSED] - Text 'Test-123' is set on object 'Object Repository/mobileSanity/HBI/Page_App Page 1/input__member-P-1-firstName'

2019-11-05 08:04:07 - [TEST_STEP][PASSED] - setText(findTestObject("mobileSanity/HBI/Page_App Page 1/input__member-P-1-lastName"), LastName): Text 'ZZ11-WbYVLNku' is set on object 'Object Repository/mobileSanity/HBI/Page_App Page 1/input__member-P-1-lastName'

2019-11-05 08:04:07 - [MESSAGE][PASSED] - Text 'ZZ11-WbYVLNku' is set on object 'Object Repository/mobileSanity/HBI/Page_App Page 1/input__member-P-1-lastName'

2019-11-05 08:04:07 - [TEST_STEP][PASSED] - if (carrier == "agileone" || carrier == "agilesecure"): null

2019-11-05 08:04:07 - [TEST_STEP][PASSED] - setText(findTestObject("mobileSanity/HBI/Page_App Page 1/input__address"), Address): Text 'JjMgqDPY' is set on object 'Object Repository/mobileSanity/HBI/Page_App Page 1/input__address'

2019-11-05 08:04:07 - [MESSAGE][PASSED] - Text 'JjMgqDPY' is set on object 'Object Repository/mobileSanity/HBI/Page_App Page 1/input__address'

2019-11-05 08:04:07 - [TEST_STEP][PASSED] - setText(findTestObject("mobileSanity/HBI/Page_App Page 1/input__city"), City): Text 'jYmjfhbe' is set on object 'Object Repository/mobileSanity/HBI/Page_App Page 1/input__city'

2019-11-05 08:04:07 - [MESSAGE][PASSED] - Text 'jYmjfhbe' is set on object 'Object Repository/mobileSanity/HBI/Page_App Page 1/input__city'

2019-11-05 08:04:07 - [TEST_STEP][PASSED] - setText(findTestObject("mobileSanity/HBI/Page_App Page 1/input__email"), AutoEmail): Text 'test.QxWYSTGt@suryani.cn' is set on object 'Object Repository/mobileSanity/HBI/Page_App Page 1/input__email'

2019-11-05 08:04:07 - [MESSAGE][PASSED] - Text 'test.QxWYSTGt@suryani.cn' is set on object 'Object Repository/mobileSanity/HBI/Page_App Page 1/input__email'

2019-11-05 08:04:07 - [TEST_STEP][PASSED] - setText(findTestObject("mobileSanity/HBI/Page_App Page 1/input_tel"), Tel): Text '996-856-6245' is set on object 'Object Repository/mobileSanity/HBI/Page_App Page 1/input_tel'

2019-11-05 08:04:08 - [MESSAGE][PASSED] - Text '996-856-6245' is set on object 'Object Repository/mobileSanity/HBI/Page_App Page 1/input_tel'

2019-11-05 08:04:08 - [TEST_STEP][PASSED] - click(findTestObject("mobileSanity/HBI/Page_App Page 1/a_Continue to Step 2 - Payment")): Object: 'Object Repository/mobileSanity/HBI/Page_App Page 1/a_Continue to Step 2 - Payment' is clicked on

2019-11-05 08:04:08 - [MESSAGE][PASSED] - Object: 'Object Repository/mobileSanity/HBI/Page_App Page 1/a_Continue to Step 2 - Payment' is clicked on

2019-11-05 08:04:08 - [TEST_STEP][PASSED] - waitForPageLoad(20): Wait for page load successfully

2019-11-05 08:04:08 - [MESSAGE][PASSED] - Wait for page load successfully

2019-11-05 08:04:08 - [TEST_STEP][PASSED] - Thread.sleep(2000): null

2019-11-05 08:04:10 - [TEST_STEP][PASSED] - waitForElementVisible(findTestObject("mobileSanity/HBI/Page_App Page 2/input__credit-card-first"), 20): Object 'Object Repository/mobileSanity/HBI/Page_App Page 2/input__credit-card-first' is visible

2019-11-05 08:04:10 - [MESSAGE][PASSED] - Object 'Object Repository/mobileSanity/HBI/Page_App Page 2/input__credit-card-first' is visible

2019-11-05 08:04:10 - [TEST_STEP][PASSED] - callTestCase(findTestCase("mobileWeb/_include/get_screenshot"), [:], STOP_ON_FAILURE): Call Test Case 'Test Cases/mobileWeb/_include/get_screenshot' successfully

2019-11-05 08:04:10 - [TEST_CASE][PASSED] - Test Cases/mobileWeb/_include/get_screenshot: Test Cases/mobileWeb/_include/get_screenshot

2019-11-05 08:04:10 - [TEST_STEP][PASSED] - takeScreenshot(screenPath + i + ".png"): Taking screenshot successfully

2019-11-05 08:04:10 - [MESSAGE][PASSED] - Taking screenshot successfully
[[ATTACHMENT|D:\\Test\\AgileTest\\Reports\\mobileWeb\\hbi\\20191105_080032\\../Screenshots/iPhone 6/hbi/Cardinal Choice/20191105_080331/7.png]]

2019-11-05 08:04:10 - [TEST_STEP][PASSED] - (internal.GlobalVariable.i++): null

2019-11-05 08:04:10 - [MESSAGE][PASSED] - Call Test Case 'Test Cases/mobileWeb/_include/get_screenshot' successfully

2019-11-05 08:04:10 - [TEST_STEP][PASSED] - setText(findTestObject("mobileSanity/HBI/Page_App Page 2/input__credit-card-first"), FirstName): Text 'Test-123' is set on object 'Object Repository/mobileSanity/HBI/Page_App Page 2/input__credit-card-first'

2019-11-05 08:04:10 - [MESSAGE][PASSED] - Text 'Test-123' is set on object 'Object Repository/mobileSanity/HBI/Page_App Page 2/input__credit-card-first'

2019-11-05 08:04:10 - [TEST_STEP][PASSED] - setText(findTestObject("mobileSanity/HBI/Page_App Page 2/input__credit-card-last"), LastName): Text 'ZZ11-WbYVLNku' is set on object 'Object Repository/mobileSanity/HBI/Page_App Page 2/input__credit-card-last'

2019-11-05 08:04:10 - [MESSAGE][PASSED] - Text 'ZZ11-WbYVLNku' is set on object 'Object Repository/mobileSanity/HBI/Page_App Page 2/input__credit-card-last'

2019-11-05 08:04:10 - [TEST_STEP][PASSED] - selectOptionByValue(findTestObject("mobileSanity/HBI/Page_App Page 2/select_MM010203040506070809101"), "12", true): All options with value '12' are selected in object 'Object Repository/mobileSanity/HBI/Page_App Page 2/select_MM010203040506070809101'  using regular expression

2019-11-05 08:04:11 - [MESSAGE][PASSED] - All options with value '12' are selected in object 'Object Repository/mobileSanity/HBI/Page_App Page 2/select_MM010203040506070809101'  using regular expression

2019-11-05 08:04:11 - [TEST_STEP][PASSED] - selectOptionByValue(findTestObject("mobileSanity/HBI/Page_App Page 2/select_YYYY2019202020212022202"), "2026", true): All options with value '2026' are selected in object 'Object Repository/mobileSanity/HBI/Page_App Page 2/select_YYYY2019202020212022202'  using regular expression

2019-11-05 08:04:11 - [MESSAGE][PASSED] - All options with value '2026' are selected in object 'Object Repository/mobileSanity/HBI/Page_App Page 2/select_YYYY2019202020212022202'  using regular expression

2019-11-05 08:04:11 - [TEST_STEP][PASSED] - setText(findTestObject("mobileSanity/HBI/Page_App Page 2/input__credit-card-number"), "4111111111111111"): Text '4111111111111111' is set on object 'Object Repository/mobileSanity/HBI/Page_App Page 2/input__credit-card-number'

2019-11-05 08:04:11 - [MESSAGE][PASSED] - Text '4111111111111111' is set on object 'Object Repository/mobileSanity/HBI/Page_App Page 2/input__credit-card-number'

2019-11-05 08:04:11 - [TEST_STEP][PASSED] - setText(findTestObject("mobileSanity/HBI/Page_App Page 2/input__cvv"), "123"): Text '123' is set on object 'Object Repository/mobileSanity/HBI/Page_App Page 2/input__cvv'

2019-11-05 08:04:12 - [MESSAGE][PASSED] - Text '123' is set on object 'Object Repository/mobileSanity/HBI/Page_App Page 2/input__cvv'

2019-11-05 08:04:12 - [TEST_STEP][PASSED] - click(findTestObject("mobileSanity/HBI/Page_App Page 2/label_My billing address is th")): Object: 'Object Repository/mobileSanity/HBI/Page_App Page 2/label_My billing address is th' is clicked on

2019-11-05 08:04:12 - [MESSAGE][PASSED] - Object: 'Object Repository/mobileSanity/HBI/Page_App Page 2/label_My billing address is th' is clicked on

2019-11-05 08:04:12 - [TEST_STEP][PASSED] - click(findTestObject("mobileSanity/HBI/Page_App Page 2/label_I Accept Authorization f")): Object: 'Object Repository/mobileSanity/HBI/Page_App Page 2/label_I Accept Authorization f' is clicked on

2019-11-05 08:04:12 - [MESSAGE][PASSED] - Object: 'Object Repository/mobileSanity/HBI/Page_App Page 2/label_I Accept Authorization f' is clicked on

2019-11-05 08:04:12 - [TEST_STEP][PASSED] - click(findTestObject("mobileSanity/HBI/Page_App Page 2/a_Continue to Step 3 - Review")): Object: 'Object Repository/mobileSanity/HBI/Page_App Page 2/a_Continue to Step 3 - Review' is clicked on

2019-11-05 08:04:12 - [MESSAGE][PASSED] - Object: 'Object Repository/mobileSanity/HBI/Page_App Page 2/a_Continue to Step 3 - Review' is clicked on

2019-11-05 08:04:12 - [TEST_STEP][PASSED] - waitForPageLoad(20): Wait for page load successfully

2019-11-05 08:04:12 - [MESSAGE][PASSED] - Wait for page load successfully

2019-11-05 08:04:12 - [TEST_STEP][PASSED] - Thread.sleep(10000): null

2019-11-05 08:04:22 - [TEST_STEP][PASSED] - waitForElementPresent(findTestObject("mobileSanity/HBI/Page_App Page 3/label"), 20): Object 'Object Repository/mobileSanity/HBI/Page_App Page 3/label' is present

2019-11-05 08:04:23 - [MESSAGE][PASSED] - Object 'Object Repository/mobileSanity/HBI/Page_App Page 3/label' is present

2019-11-05 08:04:23 - [TEST_STEP][PASSED] - callTestCase(findTestCase("mobileWeb/_include/get_screenshot"), [:], STOP_ON_FAILURE): Call Test Case 'Test Cases/mobileWeb/_include/get_screenshot' successfully

2019-11-05 08:04:23 - [TEST_CASE][PASSED] - Test Cases/mobileWeb/_include/get_screenshot: Test Cases/mobileWeb/_include/get_screenshot

2019-11-05 08:04:23 - [TEST_STEP][PASSED] - takeScreenshot(screenPath + i + ".png"): Taking screenshot successfully

2019-11-05 08:04:23 - [MESSAGE][PASSED] - Taking screenshot successfully
[[ATTACHMENT|D:\\Test\\AgileTest\\Reports\\mobileWeb\\hbi\\20191105_080032\\../Screenshots/iPhone 6/hbi/Cardinal Choice/20191105_080331/8.png]]

2019-11-05 08:04:23 - [TEST_STEP][PASSED] - (internal.GlobalVariable.i++): null

2019-11-05 08:04:23 - [MESSAGE][PASSED] - Call Test Case 'Test Cases/mobileWeb/_include/get_screenshot' successfully

2019-11-05 08:04:23 - [TEST_STEP][PASSED] - click(findTestObject("mobileSanity/HBI/Page_App Page 3/label")): Object: 'Object Repository/mobileSanity/HBI/Page_App Page 3/label' is clicked on

2019-11-05 08:04:23 - [MESSAGE][PASSED] - Object: 'Object Repository/mobileSanity/HBI/Page_App Page 3/label' is clicked on

2019-11-05 08:04:23 - [TEST_STEP][PASSED] - click(findTestObject("mobileSanity/HBI/Page_App Page 3/p_CLICK TO SIGN")): Object: 'Object Repository/mobileSanity/HBI/Page_App Page 3/p_CLICK TO SIGN' is clicked on

2019-11-05 08:04:23 - [MESSAGE][PASSED] - Object: 'Object Repository/mobileSanity/HBI/Page_App Page 3/p_CLICK TO SIGN' is clicked on

2019-11-05 08:04:23 - [TEST_STEP][PASSED] - click(findTestObject("mobileSanity/HBI/Page_App Page 3/a_Submit Your Application")): Object: 'Object Repository/mobileSanity/HBI/Page_App Page 3/a_Submit Your Application' is clicked on

2019-11-05 08:04:23 - [MESSAGE][PASSED] - Object: 'Object Repository/mobileSanity/HBI/Page_App Page 3/a_Submit Your Application' is clicked on

2019-11-05 08:04:23 - [TEST_STEP][PASSED] - Thread.sleep(30000): null

2019-11-05 08:04:53 - [TEST_STEP][PASSED] - callTestCase(findTestCase("mobileWeb/_include/get_screenshot"), [:], STOP_ON_FAILURE): Call Test Case 'Test Cases/mobileWeb/_include/get_screenshot' successfully

2019-11-05 08:04:54 - [TEST_CASE][PASSED] - Test Cases/mobileWeb/_include/get_screenshot: Test Cases/mobileWeb/_include/get_screenshot

2019-11-05 08:04:54 - [TEST_STEP][PASSED] - takeScreenshot(screenPath + i + ".png"): Taking screenshot successfully

2019-11-05 08:04:54 - [MESSAGE][PASSED] - Taking screenshot successfully
[[ATTACHMENT|D:\\Test\\AgileTest\\Reports\\mobileWeb\\hbi\\20191105_080032\\../Screenshots/iPhone 6/hbi/Cardinal Choice/20191105_080331/9.png]]

2019-11-05 08:04:54 - [TEST_STEP][PASSED] - (internal.GlobalVariable.i++): null

2019-11-05 08:04:54 - [MESSAGE][PASSED] - Call Test Case 'Test Cases/mobileWeb/_include/get_screenshot' successfully

2019-11-05 08:04:54 - [TEST_STEP][PASSED] - verifyTextPresent("Congratulations", false): Text 'Congratulations' is present on page 

2019-11-05 08:04:54 - [MESSAGE][PASSED] - Text 'Congratulations' is present on page 

2019-11-05 08:04:54 - [MESSAGE][PASSED] - Call Test Case 'Test Cases/mobileWeb/_include/goToEnd_hbi' successfully]]></system-out>
         <system-err><![CDATA[]]></system-err>
      </testcase>
      <testcase name="Test Cases/mobileWeb/HBI/Core Shield" classname="Test Cases/mobileWeb/HBI/Core Shield" status="PASSED">
         <system-out><![CDATA[2019-11-05 08:04:54 - [TEST_CASE][PASSED] - Test Cases/mobileWeb/HBI/Core Shield: Test Cases/mobileWeb/HBI/Core Shield

2019-11-05 08:04:54 - [TEST_STEP][PASSED] - callTestCase(findTestCase("mobileWeb/_include/get_screenPath"), ["productLine":"hbi", "carrierName":"Core Shield"], CONTINUE_ON_FAILURE): Call Test Case 'Test Cases/mobileWeb/_include/get_screenPath' successfully

2019-11-05 08:04:54 - [TEST_CASE][PASSED] - Test Cases/mobileWeb/_include/get_screenPath: Test Cases/mobileWeb/_include/get_screenPath

2019-11-05 08:04:54 - [TEST_STEP][PASSED] - m = getExecutionProperties(): null

2019-11-05 08:04:54 - [TEST_STEP][PASSED] - deviceName = get("mobileEmulation").get("deviceName"): null

2019-11-05 08:04:54 - [TEST_STEP][PASSED] - println(deviceName): null

2019-11-05 08:04:54 - [TEST_STEP][PASSED] - now = new java.util.Date(): null

2019-11-05 08:04:54 - [TEST_STEP][PASSED] - mydate = now.format("yyyyMMdd_HHmmss"): null

2019-11-05 08:04:54 - [TEST_STEP][PASSED] - screenPath = "../Screenshots/": null

2019-11-05 08:04:54 - [TEST_STEP][PASSED] - screenPath = screenPath + deviceName + "/" + productLine + "/" + carrierName + "/" + mydate + "/": null

2019-11-05 08:04:54 - [TEST_STEP][PASSED] - println(screenPath): null

2019-11-05 08:04:54 - [MESSAGE][PASSED] - Call Test Case 'Test Cases/mobileWeb/_include/get_screenPath' successfully

2019-11-05 08:04:54 - [TEST_STEP][PASSED] - i = 0: null

2019-11-05 08:04:54 - [TEST_STEP][PASSED] - callTestCase(findTestCase("mobileWeb/_include/openWebSite"), [:], CONTINUE_ON_FAILURE): Call Test Case 'Test Cases/mobileWeb/_include/openWebSite' successfully

2019-11-05 08:04:54 - [TEST_CASE][PASSED] - Test Cases/mobileWeb/_include/openWebSite: Test Cases/mobileWeb/_include/openWebSite

2019-11-05 08:04:54 - [TEST_STEP][PASSED] - openBrowser(env): Browser is opened with url: 'https://praetemptatus.agilehealthinsurance.com'

2019-11-05 08:04:54 - [MESSAGE][WARNING] - A browser is already opened. Closing browser and opening a new one

2019-11-05 08:04:55 - [MESSAGE][INFO] - Starting 'Chrome' driver

2019-11-05 08:04:55 - [MESSAGE][INFO] - User set preference: ['mobileEmulation', '{deviceName=iPhone 6}']

2019-11-05 08:04:55 - [MESSAGE][INFO] - User set preference: ['args', '[--incognito, --aggressive-cache-discard, --window-size=375,677, --no-sandbox]']

2019-11-05 08:04:57 - [MESSAGE][PASSED] - Browser is opened with url: 'https://praetemptatus.agilehealthinsurance.com'

2019-11-05 08:04:57 - [TEST_STEP][PASSED] - waitForPageLoad(20): Wait for page load successfully

2019-11-05 08:04:57 - [MESSAGE][PASSED] - Wait for page load successfully

2019-11-05 08:04:57 - [TEST_STEP][PASSED] - Thread.sleep(2000): null

2019-11-05 08:04:59 - [TEST_STEP][PASSED] - callTestCase(findTestCase("mobileWeb/_include/get_screenshot"), [:], STOP_ON_FAILURE): Call Test Case 'Test Cases/mobileWeb/_include/get_screenshot' successfully

2019-11-05 08:04:59 - [TEST_CASE][PASSED] - Test Cases/mobileWeb/_include/get_screenshot: Test Cases/mobileWeb/_include/get_screenshot

2019-11-05 08:05:00 - [TEST_STEP][PASSED] - takeScreenshot(screenPath + i + ".png"): Taking screenshot successfully

2019-11-05 08:05:00 - [MESSAGE][PASSED] - Taking screenshot successfully
[[ATTACHMENT|D:\\Test\\AgileTest\\Reports\\mobileWeb\\hbi\\20191105_080032\\../Screenshots/iPhone 6/hbi/Core Shield/20191105_080454/0.png]]

2019-11-05 08:05:00 - [TEST_STEP][PASSED] - (internal.GlobalVariable.i++): null

2019-11-05 08:05:00 - [MESSAGE][PASSED] - Call Test Case 'Test Cases/mobileWeb/_include/get_screenshot' successfully

2019-11-05 08:05:00 - [MESSAGE][PASSED] - Call Test Case 'Test Cases/mobileWeb/_include/openWebSite' successfully

2019-11-05 08:05:00 - [TEST_STEP][PASSED] - callTestCase(findTestCase("mobileWeb/_include/census_hbi"), [:], CONTINUE_ON_FAILURE): Call Test Case 'Test Cases/mobileWeb/_include/census_hbi' successfully

2019-11-05 08:05:00 - [TEST_CASE][PASSED] - Test Cases/mobileWeb/_include/census_hbi: Test Cases/mobileWeb/_include/census_hbi

2019-11-05 08:05:00 - [TEST_STEP][PASSED] - click(findTestObject("mobileSanity/Common/side_nav/menu")): Object: 'Object Repository/mobileSanity/Common/side_nav/menu' is clicked on

2019-11-05 08:05:00 - [MESSAGE][PASSED] - Object: 'Object Repository/mobileSanity/Common/side_nav/menu' is clicked on

2019-11-05 08:05:00 - [TEST_STEP][PASSED] - Thread.sleep(3000): null

2019-11-05 08:05:03 - [TEST_STEP][PASSED] - callTestCase(findTestCase("mobileWeb/_include/get_screenshot"), [:], STOP_ON_FAILURE): Call Test Case 'Test Cases/mobileWeb/_include/get_screenshot' successfully

2019-11-05 08:05:03 - [TEST_CASE][PASSED] - Test Cases/mobileWeb/_include/get_screenshot: Test Cases/mobileWeb/_include/get_screenshot

2019-11-05 08:05:03 - [TEST_STEP][PASSED] - takeScreenshot(screenPath + i + ".png"): Taking screenshot successfully

2019-11-05 08:05:04 - [MESSAGE][PASSED] - Taking screenshot successfully
[[ATTACHMENT|D:\\Test\\AgileTest\\Reports\\mobileWeb\\hbi\\20191105_080032\\../Screenshots/iPhone 6/hbi/Core Shield/20191105_080454/1.png]]

2019-11-05 08:05:04 - [TEST_STEP][PASSED] - (internal.GlobalVariable.i++): null

2019-11-05 08:05:04 - [MESSAGE][PASSED] - Call Test Case 'Test Cases/mobileWeb/_include/get_screenshot' successfully

2019-11-05 08:05:04 - [TEST_STEP][PASSED] - click(findTestObject("mobileSanity/Common/side_nav/nav_hbi")): Object: 'Object Repository/mobileSanity/Common/side_nav/nav_hbi' is clicked on

2019-11-05 08:05:05 - [MESSAGE][PASSED] - Object: 'Object Repository/mobileSanity/Common/side_nav/nav_hbi' is clicked on

2019-11-05 08:05:05 - [TEST_STEP][PASSED] - waitForPageLoad(10): Wait for page load successfully

2019-11-05 08:05:05 - [MESSAGE][PASSED] - Wait for page load successfully

2019-11-05 08:05:05 - [TEST_STEP][PASSED] - Thread.sleep(3000): null

2019-11-05 08:05:08 - [TEST_STEP][PASSED] - callTestCase(findTestCase("mobileWeb/_include/get_screenshot"), [:], STOP_ON_FAILURE): Call Test Case 'Test Cases/mobileWeb/_include/get_screenshot' successfully

2019-11-05 08:05:08 - [TEST_CASE][PASSED] - Test Cases/mobileWeb/_include/get_screenshot: Test Cases/mobileWeb/_include/get_screenshot

2019-11-05 08:05:08 - [TEST_STEP][PASSED] - takeScreenshot(screenPath + i + ".png"): Taking screenshot successfully

2019-11-05 08:05:08 - [MESSAGE][PASSED] - Taking screenshot successfully
[[ATTACHMENT|D:\\Test\\AgileTest\\Reports\\mobileWeb\\hbi\\20191105_080032\\../Screenshots/iPhone 6/hbi/Core Shield/20191105_080454/2.png]]

2019-11-05 08:05:08 - [TEST_STEP][PASSED] - (internal.GlobalVariable.i++): null

2019-11-05 08:05:08 - [MESSAGE][PASSED] - Call Test Case 'Test Cases/mobileWeb/_include/get_screenshot' successfully

2019-11-05 08:05:08 - [TEST_STEP][PASSED] - setText(findTestObject("mobileSanity/HBI/census/input_Location_zip-input"), zipcode): Text '35215' is set on object 'Object Repository/mobileSanity/HBI/census/input_Location_zip-input'

2019-11-05 08:05:08 - [MESSAGE][PASSED] - Text '35215' is set on object 'Object Repository/mobileSanity/HBI/census/input_Location_zip-input'

2019-11-05 08:05:08 - [TEST_STEP][PASSED] - Thread.sleep(500): null

2019-11-05 08:05:09 - [TEST_STEP][PASSED] - setText(findTestObject("mobileSanity/HBI/census/input_Date of Birth_dob-0"), "12121980"): Text '12121980' is set on object 'Object Repository/mobileSanity/HBI/census/input_Date of Birth_dob-0'

2019-11-05 08:05:09 - [MESSAGE][PASSED] - Text '12121980' is set on object 'Object Repository/mobileSanity/HBI/census/input_Date of Birth_dob-0'

2019-11-05 08:05:09 - [TEST_STEP][PASSED] - click(findTestObject("mobileSanity/HBI/census/label_Male")): Object: 'Object Repository/mobileSanity/HBI/census/label_Male' is clicked on

2019-11-05 08:05:09 - [MESSAGE][PASSED] - Object: 'Object Repository/mobileSanity/HBI/census/label_Male' is clicked on

2019-11-05 08:05:09 - [TEST_STEP][PASSED] - click(findTestObject("mobileSanity/HBI/census/label_Get a Quote")): Object: 'Object Repository/mobileSanity/HBI/census/label_Get a Quote' is clicked on

2019-11-05 08:05:10 - [MESSAGE][PASSED] - Object: 'Object Repository/mobileSanity/HBI/census/label_Get a Quote' is clicked on

2019-11-05 08:05:10 - [TEST_STEP][PASSED] - waitForPageLoad(20): Wait for page load successfully

2019-11-05 08:05:11 - [MESSAGE][PASSED] - Wait for page load successfully

2019-11-05 08:05:11 - [TEST_STEP][PASSED] - Thread.sleep(3000): null

2019-11-05 08:05:14 - [TEST_STEP][PASSED] - callTestCase(findTestCase("mobileWeb/_include/get_screenshot"), [:], STOP_ON_FAILURE): Call Test Case 'Test Cases/mobileWeb/_include/get_screenshot' successfully

2019-11-05 08:05:14 - [TEST_CASE][PASSED] - Test Cases/mobileWeb/_include/get_screenshot: Test Cases/mobileWeb/_include/get_screenshot

2019-11-05 08:05:14 - [TEST_STEP][PASSED] - takeScreenshot(screenPath + i + ".png"): Taking screenshot successfully

2019-11-05 08:05:14 - [MESSAGE][PASSED] - Taking screenshot successfully
[[ATTACHMENT|D:\\Test\\AgileTest\\Reports\\mobileWeb\\hbi\\20191105_080032\\../Screenshots/iPhone 6/hbi/Core Shield/20191105_080454/3.png]]

2019-11-05 08:05:14 - [TEST_STEP][PASSED] - (internal.GlobalVariable.i++): null

2019-11-05 08:05:14 - [MESSAGE][PASSED] - Call Test Case 'Test Cases/mobileWeb/_include/get_screenshot' successfully

2019-11-05 08:05:14 - [MESSAGE][PASSED] - Call Test Case 'Test Cases/mobileWeb/_include/census_hbi' successfully

2019-11-05 08:05:14 - [TEST_STEP][PASSED] - Thread.sleep(5000): null

2019-11-05 08:05:19 - [TEST_STEP][PASSED] - scrollToPosition(200, 2300): Browser is scrolled to position x = 200, y = 2300

2019-11-05 08:05:19 - [MESSAGE][PASSED] - Browser is scrolled to position x = 200, y = 2300

2019-11-05 08:05:19 - [TEST_STEP][PASSED] - click(findTestObject("mobileSanity/HBI/quote/a_Core Shield")): Object: 'Object Repository/mobileSanity/HBI/quote/a_Core Shield' is clicked on

2019-11-05 08:05:20 - [MESSAGE][PASSED] - Object: 'Object Repository/mobileSanity/HBI/quote/a_Core Shield' is clicked on

2019-11-05 08:05:20 - [TEST_STEP][PASSED] - waitForPageLoad(20): Wait for page load successfully

2019-11-05 08:05:20 - [MESSAGE][PASSED] - Wait for page load successfully

2019-11-05 08:05:20 - [TEST_STEP][PASSED] - callTestCase(findTestCase("mobileWeb/_include/get_screenshot"), [:], STOP_ON_FAILURE): Call Test Case 'Test Cases/mobileWeb/_include/get_screenshot' successfully

2019-11-05 08:05:20 - [TEST_CASE][PASSED] - Test Cases/mobileWeb/_include/get_screenshot: Test Cases/mobileWeb/_include/get_screenshot

2019-11-05 08:05:20 - [TEST_STEP][PASSED] - takeScreenshot(screenPath + i + ".png"): Taking screenshot successfully

2019-11-05 08:05:20 - [MESSAGE][PASSED] - Taking screenshot successfully
[[ATTACHMENT|D:\\Test\\AgileTest\\Reports\\mobileWeb\\hbi\\20191105_080032\\../Screenshots/iPhone 6/hbi/Core Shield/20191105_080454/4.png]]

2019-11-05 08:05:20 - [TEST_STEP][PASSED] - (internal.GlobalVariable.i++): null

2019-11-05 08:05:20 - [MESSAGE][PASSED] - Call Test Case 'Test Cases/mobileWeb/_include/get_screenshot' successfully

2019-11-05 08:05:20 - [TEST_STEP][PASSED] - click(findTestObject("mobileSanity/HBI/detail/a_Apply for This Plan")): Object: 'Object Repository/mobileSanity/HBI/detail/a_Apply for This Plan' is clicked on

2019-11-05 08:05:21 - [MESSAGE][PASSED] - Object: 'Object Repository/mobileSanity/HBI/detail/a_Apply for This Plan' is clicked on

2019-11-05 08:05:21 - [TEST_STEP][PASSED] - waitForPageLoad(20): Wait for page load successfully

2019-11-05 08:05:21 - [MESSAGE][PASSED] - Wait for page load successfully

2019-11-05 08:05:21 - [TEST_STEP][PASSED] - callTestCase(findTestCase("mobileWeb/_include/get_screenshot"), [:], STOP_ON_FAILURE): Call Test Case 'Test Cases/mobileWeb/_include/get_screenshot' successfully

2019-11-05 08:05:21 - [TEST_CASE][PASSED] - Test Cases/mobileWeb/_include/get_screenshot: Test Cases/mobileWeb/_include/get_screenshot

2019-11-05 08:05:21 - [TEST_STEP][PASSED] - takeScreenshot(screenPath + i + ".png"): Taking screenshot successfully

2019-11-05 08:05:22 - [MESSAGE][PASSED] - Taking screenshot successfully
[[ATTACHMENT|D:\\Test\\AgileTest\\Reports\\mobileWeb\\hbi\\20191105_080032\\../Screenshots/iPhone 6/hbi/Core Shield/20191105_080454/5.png]]

2019-11-05 08:05:22 - [TEST_STEP][PASSED] - (internal.GlobalVariable.i++): null

2019-11-05 08:05:22 - [MESSAGE][PASSED] - Call Test Case 'Test Cases/mobileWeb/_include/get_screenshot' successfully

2019-11-05 08:05:22 - [TEST_STEP][PASSED] - click(findTestObject("mobileSanity/HBI/Page_Apply/span_Start Secure Application")): Object: 'Object Repository/mobileSanity/HBI/Page_Apply/span_Start Secure Application' is clicked on

2019-11-05 08:05:23 - [MESSAGE][PASSED] - Object: 'Object Repository/mobileSanity/HBI/Page_Apply/span_Start Secure Application' is clicked on

2019-11-05 08:05:23 - [TEST_STEP][PASSED] - waitForPageLoad(20): Wait for page load successfully

2019-11-05 08:05:23 - [MESSAGE][PASSED] - Wait for page load successfully

2019-11-05 08:05:23 - [TEST_STEP][PASSED] - Thread.sleep(5000): null

2019-11-05 08:05:28 - [TEST_STEP][PASSED] - callTestCase(findTestCase("mobileWeb/_include/get_screenshot"), [:], STOP_ON_FAILURE): Call Test Case 'Test Cases/mobileWeb/_include/get_screenshot' successfully

2019-11-05 08:05:28 - [TEST_CASE][PASSED] - Test Cases/mobileWeb/_include/get_screenshot: Test Cases/mobileWeb/_include/get_screenshot

2019-11-05 08:05:28 - [TEST_STEP][PASSED] - takeScreenshot(screenPath + i + ".png"): Taking screenshot successfully

2019-11-05 08:05:28 - [MESSAGE][PASSED] - Taking screenshot successfully
[[ATTACHMENT|D:\\Test\\AgileTest\\Reports\\mobileWeb\\hbi\\20191105_080032\\../Screenshots/iPhone 6/hbi/Core Shield/20191105_080454/6.png]]

2019-11-05 08:05:28 - [TEST_STEP][PASSED] - (internal.GlobalVariable.i++): null

2019-11-05 08:05:28 - [MESSAGE][PASSED] - Call Test Case 'Test Cases/mobileWeb/_include/get_screenshot' successfully

2019-11-05 08:05:28 - [TEST_STEP][PASSED] - callTestCase(findTestCase("mobileWeb/_include/goToEnd_hbi"), ["carrier":"coreshield"], CONTINUE_ON_FAILURE): Call Test Case 'Test Cases/mobileWeb/_include/goToEnd_hbi' successfully

2019-11-05 08:05:28 - [TEST_CASE][PASSED] - Test Cases/mobileWeb/_include/goToEnd_hbi: Test Cases/mobileWeb/_include/goToEnd_hbi

2019-11-05 08:05:28 - [TEST_STEP][PASSED] - if (state == "ca"): null

2019-11-05 08:05:28 - [TEST_STEP][PASSED] - callTestCase(findTestCase("mobileWeb/_include/name"), [:], CONTINUE_ON_FAILURE): Call Test Case 'Test Cases/mobileWeb/_include/name' successfully

2019-11-05 08:05:28 - [TEST_CASE][PASSED] - Test Cases/mobileWeb/_include/name: Test Cases/mobileWeb/_include/name

2019-11-05 08:05:28 - [TEST_STEP][PASSED] - driver = getWebDriver(): null

2019-11-05 08:05:28 - [TEST_STEP][PASSED] - selenium = new com.thoughtworks.selenium.webdriven.WebDriverBackedSelenium(driver, internal.GlobalVariable.ENV): null

2019-11-05 08:05:28 - [TEST_STEP][PASSED] - FirstName = "Test-123": null

2019-11-05 08:05:28 - [TEST_STEP][PASSED] - LastName = selenium.getEval("{var x="ABCDEFGHIJKLMNOPQRSTUVWXYZabcdefghijklmnopqrstuvwxyz"; var tmp="ZZ11-"; for (i=0;i<8;i++) tmp+=x.charAt(Math.ceil(51*Math.random()));tmp;}"): null

2019-11-05 08:05:28 - [TEST_STEP][PASSED] - Address = selenium.getEval("{var x="ABCDEFGHIJKLMNOPQRSTUVWXYZabcdefghijklmnopqrstuvwxyz"; var tmp=""; for (i=0;i<8;i++) tmp+=x.charAt(Math.ceil(51*Math.random()));tmp;}"): null

2019-11-05 08:05:28 - [TEST_STEP][PASSED] - City = selenium.getEval("{var x="ABCDEFGHIJKLMNOPQRSTUVWXYZabcdefghijklmnopqrstuvwxyz"; var tmp=""; for (i=0;i<8;i++) tmp+=x.charAt(Math.ceil(51*Math.random()));tmp;}"): null

2019-11-05 08:05:28 - [TEST_STEP][PASSED] - tel1 = selenium.getEval("{var x="123456789"; var tmp=""; for (i=0;i<3;i++) tmp+=x.charAt(Math.ceil(8*Math.random()));tmp;}"): null

2019-11-05 08:05:28 - [TEST_STEP][PASSED] - tel2 = selenium.getEval("{var x="123456789"; var tmp=""; for (i=0;i<3;i++) tmp+=x.charAt(Math.ceil(8*Math.random()));tmp;}"): null

2019-11-05 08:05:28 - [TEST_STEP][PASSED] - tel3 = selenium.getEval("{var x="123456789"; var tmp=""; for (i=0;i<4;i++) tmp+=x.charAt(Math.ceil(8*Math.random()));tmp;}"): null

2019-11-05 08:05:28 - [TEST_STEP][PASSED] - Tel = selenium.getExpression(tel1 + "-" + tel2 + "-" + tel3): null

2019-11-05 08:05:28 - [TEST_STEP][PASSED] - AutoEmail = selenium.getEval("{var x="ABCDEFGHIJKLMNOPQRSTUVWXYZabcdefghijklmnopqrstuvwxyz"; var tmp="test."; for (i=0;i<8;i++) tmp+=x.charAt(Math.ceil(51*Math.random()));tmp+="@suryani.cn";}"): null

2019-11-05 08:05:28 - [TEST_STEP][PASSED] - FirstName = FirstName: null

2019-11-05 08:05:28 - [TEST_STEP][PASSED] - LastName = LastName: null

2019-11-05 08:05:28 - [TEST_STEP][PASSED] - Address = Address: null

2019-11-05 08:05:28 - [TEST_STEP][PASSED] - City = City: null

2019-11-05 08:05:28 - [TEST_STEP][PASSED] - Tel = Tel: null

2019-11-05 08:05:28 - [TEST_STEP][PASSED] - AutoEmail = AutoEmail: null

2019-11-05 08:05:28 - [TEST_STEP][PASSED] - println(FirstName): null

2019-11-05 08:05:28 - [TEST_STEP][PASSED] - println(LastName): null

2019-11-05 08:05:28 - [TEST_STEP][PASSED] - println(Address): null

2019-11-05 08:05:28 - [TEST_STEP][PASSED] - println(City): null

2019-11-05 08:05:28 - [TEST_STEP][PASSED] - println(Tel): null

2019-11-05 08:05:28 - [TEST_STEP][PASSED] - println(AutoEmail): null

2019-11-05 08:05:28 - [MESSAGE][PASSED] - Call Test Case 'Test Cases/mobileWeb/_include/name' successfully

2019-11-05 08:05:28 - [TEST_STEP][PASSED] - setText(findTestObject("mobileSanity/HBI/Page_App Page 1/input__member-P-1-firstName"), FirstName): Text 'Test-123' is set on object 'Object Repository/mobileSanity/HBI/Page_App Page 1/input__member-P-1-firstName'

2019-11-05 08:05:29 - [MESSAGE][PASSED] - Text 'Test-123' is set on object 'Object Repository/mobileSanity/HBI/Page_App Page 1/input__member-P-1-firstName'

2019-11-05 08:05:29 - [TEST_STEP][PASSED] - setText(findTestObject("mobileSanity/HBI/Page_App Page 1/input__member-P-1-lastName"), LastName): Text 'ZZ11-zYgNdQqb' is set on object 'Object Repository/mobileSanity/HBI/Page_App Page 1/input__member-P-1-lastName'

2019-11-05 08:05:29 - [MESSAGE][PASSED] - Text 'ZZ11-zYgNdQqb' is set on object 'Object Repository/mobileSanity/HBI/Page_App Page 1/input__member-P-1-lastName'

2019-11-05 08:05:29 - [TEST_STEP][PASSED] - if (carrier == "agileone" || carrier == "agilesecure"): null

2019-11-05 08:05:29 - [TEST_STEP][PASSED] - setText(findTestObject("mobileSanity/HBI/Page_App Page 1/input__address"), Address): Text 'OiZbKqsJ' is set on object 'Object Repository/mobileSanity/HBI/Page_App Page 1/input__address'

2019-11-05 08:05:29 - [MESSAGE][PASSED] - Text 'OiZbKqsJ' is set on object 'Object Repository/mobileSanity/HBI/Page_App Page 1/input__address'

2019-11-05 08:05:29 - [TEST_STEP][PASSED] - setText(findTestObject("mobileSanity/HBI/Page_App Page 1/input__city"), City): Text 'GcdtOqTr' is set on object 'Object Repository/mobileSanity/HBI/Page_App Page 1/input__city'

2019-11-05 08:05:29 - [MESSAGE][PASSED] - Text 'GcdtOqTr' is set on object 'Object Repository/mobileSanity/HBI/Page_App Page 1/input__city'

2019-11-05 08:05:29 - [TEST_STEP][PASSED] - setText(findTestObject("mobileSanity/HBI/Page_App Page 1/input__email"), AutoEmail): Text 'test.joZVBTUV@suryani.cn' is set on object 'Object Repository/mobileSanity/HBI/Page_App Page 1/input__email'

2019-11-05 08:05:29 - [MESSAGE][PASSED] - Text 'test.joZVBTUV@suryani.cn' is set on object 'Object Repository/mobileSanity/HBI/Page_App Page 1/input__email'

2019-11-05 08:05:29 - [TEST_STEP][PASSED] - setText(findTestObject("mobileSanity/HBI/Page_App Page 1/input_tel"), Tel): Text '848-864-5385' is set on object 'Object Repository/mobileSanity/HBI/Page_App Page 1/input_tel'

2019-11-05 08:05:30 - [MESSAGE][PASSED] - Text '848-864-5385' is set on object 'Object Repository/mobileSanity/HBI/Page_App Page 1/input_tel'

2019-11-05 08:05:30 - [TEST_STEP][PASSED] - click(findTestObject("mobileSanity/HBI/Page_App Page 1/a_Continue to Step 2 - Payment")): Object: 'Object Repository/mobileSanity/HBI/Page_App Page 1/a_Continue to Step 2 - Payment' is clicked on

2019-11-05 08:05:30 - [MESSAGE][PASSED] - Object: 'Object Repository/mobileSanity/HBI/Page_App Page 1/a_Continue to Step 2 - Payment' is clicked on

2019-11-05 08:05:30 - [TEST_STEP][PASSED] - waitForPageLoad(20): Wait for page load successfully

2019-11-05 08:05:30 - [MESSAGE][PASSED] - Wait for page load successfully

2019-11-05 08:05:30 - [TEST_STEP][PASSED] - Thread.sleep(2000): null

2019-11-05 08:05:32 - [TEST_STEP][PASSED] - waitForElementVisible(findTestObject("mobileSanity/HBI/Page_App Page 2/input__credit-card-first"), 20): Object 'Object Repository/mobileSanity/HBI/Page_App Page 2/input__credit-card-first' is visible

2019-11-05 08:05:32 - [MESSAGE][PASSED] - Object 'Object Repository/mobileSanity/HBI/Page_App Page 2/input__credit-card-first' is visible

2019-11-05 08:05:32 - [TEST_STEP][PASSED] - callTestCase(findTestCase("mobileWeb/_include/get_screenshot"), [:], STOP_ON_FAILURE): Call Test Case 'Test Cases/mobileWeb/_include/get_screenshot' successfully

2019-11-05 08:05:32 - [TEST_CASE][PASSED] - Test Cases/mobileWeb/_include/get_screenshot: Test Cases/mobileWeb/_include/get_screenshot

2019-11-05 08:05:32 - [TEST_STEP][PASSED] - takeScreenshot(screenPath + i + ".png"): Taking screenshot successfully

2019-11-05 08:05:32 - [MESSAGE][PASSED] - Taking screenshot successfully
[[ATTACHMENT|D:\\Test\\AgileTest\\Reports\\mobileWeb\\hbi\\20191105_080032\\../Screenshots/iPhone 6/hbi/Core Shield/20191105_080454/7.png]]

2019-11-05 08:05:32 - [TEST_STEP][PASSED] - (internal.GlobalVariable.i++): null

2019-11-05 08:05:32 - [MESSAGE][PASSED] - Call Test Case 'Test Cases/mobileWeb/_include/get_screenshot' successfully

2019-11-05 08:05:32 - [TEST_STEP][PASSED] - setText(findTestObject("mobileSanity/HBI/Page_App Page 2/input__credit-card-first"), FirstName): Text 'Test-123' is set on object 'Object Repository/mobileSanity/HBI/Page_App Page 2/input__credit-card-first'

2019-11-05 08:05:33 - [MESSAGE][PASSED] - Text 'Test-123' is set on object 'Object Repository/mobileSanity/HBI/Page_App Page 2/input__credit-card-first'

2019-11-05 08:05:33 - [TEST_STEP][PASSED] - setText(findTestObject("mobileSanity/HBI/Page_App Page 2/input__credit-card-last"), LastName): Text 'ZZ11-zYgNdQqb' is set on object 'Object Repository/mobileSanity/HBI/Page_App Page 2/input__credit-card-last'

2019-11-05 08:05:33 - [MESSAGE][PASSED] - Text 'ZZ11-zYgNdQqb' is set on object 'Object Repository/mobileSanity/HBI/Page_App Page 2/input__credit-card-last'

2019-11-05 08:05:33 - [TEST_STEP][PASSED] - selectOptionByValue(findTestObject("mobileSanity/HBI/Page_App Page 2/select_MM010203040506070809101"), "12", true): All options with value '12' are selected in object 'Object Repository/mobileSanity/HBI/Page_App Page 2/select_MM010203040506070809101'  using regular expression

2019-11-05 08:05:33 - [MESSAGE][PASSED] - All options with value '12' are selected in object 'Object Repository/mobileSanity/HBI/Page_App Page 2/select_MM010203040506070809101'  using regular expression

2019-11-05 08:05:33 - [TEST_STEP][PASSED] - selectOptionByValue(findTestObject("mobileSanity/HBI/Page_App Page 2/select_YYYY2019202020212022202"), "2026", true): All options with value '2026' are selected in object 'Object Repository/mobileSanity/HBI/Page_App Page 2/select_YYYY2019202020212022202'  using regular expression

2019-11-05 08:05:33 - [MESSAGE][PASSED] - All options with value '2026' are selected in object 'Object Repository/mobileSanity/HBI/Page_App Page 2/select_YYYY2019202020212022202'  using regular expression

2019-11-05 08:05:33 - [TEST_STEP][PASSED] - setText(findTestObject("mobileSanity/HBI/Page_App Page 2/input__credit-card-number"), "4111111111111111"): Text '4111111111111111' is set on object 'Object Repository/mobileSanity/HBI/Page_App Page 2/input__credit-card-number'

2019-11-05 08:05:33 - [MESSAGE][PASSED] - Text '4111111111111111' is set on object 'Object Repository/mobileSanity/HBI/Page_App Page 2/input__credit-card-number'

2019-11-05 08:05:33 - [TEST_STEP][PASSED] - setText(findTestObject("mobileSanity/HBI/Page_App Page 2/input__cvv"), "123"): Text '123' is set on object 'Object Repository/mobileSanity/HBI/Page_App Page 2/input__cvv'

2019-11-05 08:05:33 - [MESSAGE][PASSED] - Text '123' is set on object 'Object Repository/mobileSanity/HBI/Page_App Page 2/input__cvv'

2019-11-05 08:05:33 - [TEST_STEP][PASSED] - click(findTestObject("mobileSanity/HBI/Page_App Page 2/label_My billing address is th")): Object: 'Object Repository/mobileSanity/HBI/Page_App Page 2/label_My billing address is th' is clicked on

2019-11-05 08:05:34 - [MESSAGE][PASSED] - Object: 'Object Repository/mobileSanity/HBI/Page_App Page 2/label_My billing address is th' is clicked on

2019-11-05 08:05:34 - [TEST_STEP][PASSED] - click(findTestObject("mobileSanity/HBI/Page_App Page 2/label_I Accept Authorization f")): Object: 'Object Repository/mobileSanity/HBI/Page_App Page 2/label_I Accept Authorization f' is clicked on

2019-11-05 08:05:34 - [MESSAGE][PASSED] - Object: 'Object Repository/mobileSanity/HBI/Page_App Page 2/label_I Accept Authorization f' is clicked on

2019-11-05 08:05:34 - [TEST_STEP][PASSED] - click(findTestObject("mobileSanity/HBI/Page_App Page 2/a_Continue to Step 3 - Review")): Object: 'Object Repository/mobileSanity/HBI/Page_App Page 2/a_Continue to Step 3 - Review' is clicked on

2019-11-05 08:05:34 - [MESSAGE][PASSED] - Object: 'Object Repository/mobileSanity/HBI/Page_App Page 2/a_Continue to Step 3 - Review' is clicked on

2019-11-05 08:05:34 - [TEST_STEP][PASSED] - waitForPageLoad(20): Wait for page load successfully

2019-11-05 08:05:34 - [MESSAGE][PASSED] - Wait for page load successfully

2019-11-05 08:05:34 - [TEST_STEP][PASSED] - Thread.sleep(10000): null

2019-11-05 08:05:44 - [TEST_STEP][PASSED] - waitForElementPresent(findTestObject("mobileSanity/HBI/Page_App Page 3/label"), 20): Object 'Object Repository/mobileSanity/HBI/Page_App Page 3/label' is present

2019-11-05 08:05:44 - [MESSAGE][PASSED] - Object 'Object Repository/mobileSanity/HBI/Page_App Page 3/label' is present

2019-11-05 08:05:44 - [TEST_STEP][PASSED] - callTestCase(findTestCase("mobileWeb/_include/get_screenshot"), [:], STOP_ON_FAILURE): Call Test Case 'Test Cases/mobileWeb/_include/get_screenshot' successfully

2019-11-05 08:05:45 - [TEST_CASE][PASSED] - Test Cases/mobileWeb/_include/get_screenshot: Test Cases/mobileWeb/_include/get_screenshot

2019-11-05 08:05:45 - [TEST_STEP][PASSED] - takeScreenshot(screenPath + i + ".png"): Taking screenshot successfully

2019-11-05 08:05:45 - [MESSAGE][PASSED] - Taking screenshot successfully
[[ATTACHMENT|D:\\Test\\AgileTest\\Reports\\mobileWeb\\hbi\\20191105_080032\\../Screenshots/iPhone 6/hbi/Core Shield/20191105_080454/8.png]]

2019-11-05 08:05:45 - [TEST_STEP][PASSED] - (internal.GlobalVariable.i++): null

2019-11-05 08:05:45 - [MESSAGE][PASSED] - Call Test Case 'Test Cases/mobileWeb/_include/get_screenshot' successfully

2019-11-05 08:05:45 - [TEST_STEP][PASSED] - click(findTestObject("mobileSanity/HBI/Page_App Page 3/label")): Object: 'Object Repository/mobileSanity/HBI/Page_App Page 3/label' is clicked on

2019-11-05 08:05:45 - [MESSAGE][PASSED] - Object: 'Object Repository/mobileSanity/HBI/Page_App Page 3/label' is clicked on

2019-11-05 08:05:45 - [TEST_STEP][PASSED] - click(findTestObject("mobileSanity/HBI/Page_App Page 3/p_CLICK TO SIGN")): Object: 'Object Repository/mobileSanity/HBI/Page_App Page 3/p_CLICK TO SIGN' is clicked on

2019-11-05 08:05:45 - [MESSAGE][PASSED] - Object: 'Object Repository/mobileSanity/HBI/Page_App Page 3/p_CLICK TO SIGN' is clicked on

2019-11-05 08:05:45 - [TEST_STEP][PASSED] - click(findTestObject("mobileSanity/HBI/Page_App Page 3/a_Submit Your Application")): Object: 'Object Repository/mobileSanity/HBI/Page_App Page 3/a_Submit Your Application' is clicked on

2019-11-05 08:05:45 - [MESSAGE][PASSED] - Object: 'Object Repository/mobileSanity/HBI/Page_App Page 3/a_Submit Your Application' is clicked on

2019-11-05 08:05:45 - [TEST_STEP][PASSED] - Thread.sleep(30000): null

2019-11-05 08:06:15 - [TEST_STEP][PASSED] - callTestCase(findTestCase("mobileWeb/_include/get_screenshot"), [:], STOP_ON_FAILURE): Call Test Case 'Test Cases/mobileWeb/_include/get_screenshot' successfully

2019-11-05 08:06:15 - [TEST_CASE][PASSED] - Test Cases/mobileWeb/_include/get_screenshot: Test Cases/mobileWeb/_include/get_screenshot

2019-11-05 08:06:15 - [TEST_STEP][PASSED] - takeScreenshot(screenPath + i + ".png"): Taking screenshot successfully

2019-11-05 08:06:16 - [MESSAGE][PASSED] - Taking screenshot successfully
[[ATTACHMENT|D:\\Test\\AgileTest\\Reports\\mobileWeb\\hbi\\20191105_080032\\../Screenshots/iPhone 6/hbi/Core Shield/20191105_080454/9.png]]

2019-11-05 08:06:16 - [TEST_STEP][PASSED] - (internal.GlobalVariable.i++): null

2019-11-05 08:06:16 - [MESSAGE][PASSED] - Call Test Case 'Test Cases/mobileWeb/_include/get_screenshot' successfully

2019-11-05 08:06:16 - [TEST_STEP][PASSED] - verifyTextPresent("Congratulations", false): Text 'Congratulations' is present on page 

2019-11-05 08:06:16 - [MESSAGE][PASSED] - Text 'Congratulations' is present on page 

2019-11-05 08:06:16 - [MESSAGE][PASSED] - Call Test Case 'Test Cases/mobileWeb/_include/goToEnd_hbi' successfully]]></system-out>
         <system-err><![CDATA[]]></system-err>
      </testcase>
      <testcase name="Test Cases/mobileWeb/HBI/Agile Secure" classname="Test Cases/mobileWeb/HBI/Agile Secure" status="PASSED">
         <system-out><![CDATA[2019-11-05 08:06:16 - [TEST_CASE][PASSED] - Test Cases/mobileWeb/HBI/Agile Secure: Test Cases/mobileWeb/HBI/Agile Secure

2019-11-05 08:06:16 - [TEST_STEP][PASSED] - callTestCase(findTestCase("mobileWeb/_include/get_screenPath"), ["productLine":"hbi", "carrierName":"Agile Secure"], CONTINUE_ON_FAILURE): Call Test Case 'Test Cases/mobileWeb/_include/get_screenPath' successfully

2019-11-05 08:06:16 - [TEST_CASE][PASSED] - Test Cases/mobileWeb/_include/get_screenPath: Test Cases/mobileWeb/_include/get_screenPath

2019-11-05 08:06:16 - [TEST_STEP][PASSED] - m = getExecutionProperties(): null

2019-11-05 08:06:16 - [TEST_STEP][PASSED] - deviceName = get("mobileEmulation").get("deviceName"): null

2019-11-05 08:06:16 - [TEST_STEP][PASSED] - println(deviceName): null

2019-11-05 08:06:16 - [TEST_STEP][PASSED] - now = new java.util.Date(): null

2019-11-05 08:06:16 - [TEST_STEP][PASSED] - mydate = now.format("yyyyMMdd_HHmmss"): null

2019-11-05 08:06:16 - [TEST_STEP][PASSED] - screenPath = "../Screenshots/": null

2019-11-05 08:06:16 - [TEST_STEP][PASSED] - screenPath = screenPath + deviceName + "/" + productLine + "/" + carrierName + "/" + mydate + "/": null

2019-11-05 08:06:16 - [TEST_STEP][PASSED] - println(screenPath): null

2019-11-05 08:06:16 - [MESSAGE][PASSED] - Call Test Case 'Test Cases/mobileWeb/_include/get_screenPath' successfully

2019-11-05 08:06:16 - [TEST_STEP][PASSED] - i = 0: null

2019-11-05 08:06:16 - [TEST_STEP][PASSED] - callTestCase(findTestCase("mobileWeb/_include/openWebSite"), [:], CONTINUE_ON_FAILURE): Call Test Case 'Test Cases/mobileWeb/_include/openWebSite' successfully

2019-11-05 08:06:16 - [TEST_CASE][PASSED] - Test Cases/mobileWeb/_include/openWebSite: Test Cases/mobileWeb/_include/openWebSite

2019-11-05 08:06:16 - [TEST_STEP][PASSED] - openBrowser(env): Browser is opened with url: 'https://praetemptatus.agilehealthinsurance.com'

2019-11-05 08:06:16 - [MESSAGE][WARNING] - A browser is already opened. Closing browser and opening a new one

2019-11-05 08:06:17 - [MESSAGE][INFO] - Starting 'Chrome' driver

2019-11-05 08:06:17 - [MESSAGE][INFO] - User set preference: ['mobileEmulation', '{deviceName=iPhone 6}']

2019-11-05 08:06:17 - [MESSAGE][INFO] - User set preference: ['args', '[--incognito, --aggressive-cache-discard, --window-size=375,677, --no-sandbox]']

2019-11-05 08:06:19 - [MESSAGE][PASSED] - Browser is opened with url: 'https://praetemptatus.agilehealthinsurance.com'

2019-11-05 08:06:19 - [TEST_STEP][PASSED] - waitForPageLoad(20): Wait for page load successfully

2019-11-05 08:06:19 - [MESSAGE][PASSED] - Wait for page load successfully

2019-11-05 08:06:19 - [TEST_STEP][PASSED] - Thread.sleep(2000): null

2019-11-05 08:06:21 - [TEST_STEP][PASSED] - callTestCase(findTestCase("mobileWeb/_include/get_screenshot"), [:], STOP_ON_FAILURE): Call Test Case 'Test Cases/mobileWeb/_include/get_screenshot' successfully

2019-11-05 08:06:21 - [TEST_CASE][PASSED] - Test Cases/mobileWeb/_include/get_screenshot: Test Cases/mobileWeb/_include/get_screenshot

2019-11-05 08:06:21 - [TEST_STEP][PASSED] - takeScreenshot(screenPath + i + ".png"): Taking screenshot successfully

2019-11-05 08:06:21 - [MESSAGE][PASSED] - Taking screenshot successfully
[[ATTACHMENT|D:\\Test\\AgileTest\\Reports\\mobileWeb\\hbi\\20191105_080032\\../Screenshots/iPhone 6/hbi/Agile Secure/20191105_080616/0.png]]

2019-11-05 08:06:21 - [TEST_STEP][PASSED] - (internal.GlobalVariable.i++): null

2019-11-05 08:06:21 - [MESSAGE][PASSED] - Call Test Case 'Test Cases/mobileWeb/_include/get_screenshot' successfully

2019-11-05 08:06:21 - [MESSAGE][PASSED] - Call Test Case 'Test Cases/mobileWeb/_include/openWebSite' successfully

2019-11-05 08:06:21 - [TEST_STEP][PASSED] - callTestCase(findTestCase("mobileWeb/_include/census_hbi"), ["zipcode":"08701"], CONTINUE_ON_FAILURE): Call Test Case 'Test Cases/mobileWeb/_include/census_hbi' successfully

2019-11-05 08:06:21 - [TEST_CASE][PASSED] - Test Cases/mobileWeb/_include/census_hbi: Test Cases/mobileWeb/_include/census_hbi

2019-11-05 08:06:21 - [TEST_STEP][PASSED] - click(findTestObject("mobileSanity/Common/side_nav/menu")): Object: 'Object Repository/mobileSanity/Common/side_nav/menu' is clicked on

2019-11-05 08:06:21 - [MESSAGE][PASSED] - Object: 'Object Repository/mobileSanity/Common/side_nav/menu' is clicked on

2019-11-05 08:06:21 - [TEST_STEP][PASSED] - Thread.sleep(3000): null

2019-11-05 08:06:24 - [TEST_STEP][PASSED] - callTestCase(findTestCase("mobileWeb/_include/get_screenshot"), [:], STOP_ON_FAILURE): Call Test Case 'Test Cases/mobileWeb/_include/get_screenshot' successfully

2019-11-05 08:06:25 - [TEST_CASE][PASSED] - Test Cases/mobileWeb/_include/get_screenshot: Test Cases/mobileWeb/_include/get_screenshot

2019-11-05 08:06:25 - [TEST_STEP][PASSED] - takeScreenshot(screenPath + i + ".png"): Taking screenshot successfully

2019-11-05 08:06:25 - [MESSAGE][PASSED] - Taking screenshot successfully
[[ATTACHMENT|D:\\Test\\AgileTest\\Reports\\mobileWeb\\hbi\\20191105_080032\\../Screenshots/iPhone 6/hbi/Agile Secure/20191105_080616/1.png]]

2019-11-05 08:06:25 - [TEST_STEP][PASSED] - (internal.GlobalVariable.i++): null

2019-11-05 08:06:25 - [MESSAGE][PASSED] - Call Test Case 'Test Cases/mobileWeb/_include/get_screenshot' successfully

2019-11-05 08:06:25 - [TEST_STEP][PASSED] - click(findTestObject("mobileSanity/Common/side_nav/nav_hbi")): Object: 'Object Repository/mobileSanity/Common/side_nav/nav_hbi' is clicked on

2019-11-05 08:06:25 - [MESSAGE][PASSED] - Object: 'Object Repository/mobileSanity/Common/side_nav/nav_hbi' is clicked on

2019-11-05 08:06:25 - [TEST_STEP][PASSED] - waitForPageLoad(10): Wait for page load successfully

2019-11-05 08:06:25 - [MESSAGE][PASSED] - Wait for page load successfully

2019-11-05 08:06:25 - [TEST_STEP][PASSED] - Thread.sleep(3000): null

2019-11-05 08:06:28 - [TEST_STEP][PASSED] - callTestCase(findTestCase("mobileWeb/_include/get_screenshot"), [:], STOP_ON_FAILURE): Call Test Case 'Test Cases/mobileWeb/_include/get_screenshot' successfully

2019-11-05 08:06:29 - [TEST_CASE][PASSED] - Test Cases/mobileWeb/_include/get_screenshot: Test Cases/mobileWeb/_include/get_screenshot

2019-11-05 08:06:29 - [TEST_STEP][PASSED] - takeScreenshot(screenPath + i + ".png"): Taking screenshot successfully

2019-11-05 08:06:29 - [MESSAGE][PASSED] - Taking screenshot successfully
[[ATTACHMENT|D:\\Test\\AgileTest\\Reports\\mobileWeb\\hbi\\20191105_080032\\../Screenshots/iPhone 6/hbi/Agile Secure/20191105_080616/2.png]]

2019-11-05 08:06:29 - [TEST_STEP][PASSED] - (internal.GlobalVariable.i++): null

2019-11-05 08:06:29 - [MESSAGE][PASSED] - Call Test Case 'Test Cases/mobileWeb/_include/get_screenshot' successfully

2019-11-05 08:06:29 - [TEST_STEP][PASSED] - setText(findTestObject("mobileSanity/HBI/census/input_Location_zip-input"), zipcode): Text '08701' is set on object 'Object Repository/mobileSanity/HBI/census/input_Location_zip-input'

2019-11-05 08:06:29 - [MESSAGE][PASSED] - Text '08701' is set on object 'Object Repository/mobileSanity/HBI/census/input_Location_zip-input'

2019-11-05 08:06:29 - [TEST_STEP][PASSED] - Thread.sleep(500): null

2019-11-05 08:06:30 - [TEST_STEP][PASSED] - setText(findTestObject("mobileSanity/HBI/census/input_Date of Birth_dob-0"), "12121980"): Text '12121980' is set on object 'Object Repository/mobileSanity/HBI/census/input_Date of Birth_dob-0'

2019-11-05 08:06:30 - [MESSAGE][PASSED] - Text '12121980' is set on object 'Object Repository/mobileSanity/HBI/census/input_Date of Birth_dob-0'

2019-11-05 08:06:30 - [TEST_STEP][PASSED] - click(findTestObject("mobileSanity/HBI/census/label_Male")): Object: 'Object Repository/mobileSanity/HBI/census/label_Male' is clicked on

2019-11-05 08:06:30 - [MESSAGE][PASSED] - Object: 'Object Repository/mobileSanity/HBI/census/label_Male' is clicked on

2019-11-05 08:06:30 - [TEST_STEP][PASSED] - click(findTestObject("mobileSanity/HBI/census/label_Get a Quote")): Object: 'Object Repository/mobileSanity/HBI/census/label_Get a Quote' is clicked on

2019-11-05 08:06:31 - [MESSAGE][PASSED] - Object: 'Object Repository/mobileSanity/HBI/census/label_Get a Quote' is clicked on

2019-11-05 08:06:31 - [TEST_STEP][PASSED] - waitForPageLoad(20): Wait for page load successfully

2019-11-05 08:06:31 - [MESSAGE][PASSED] - Wait for page load successfully

2019-11-05 08:06:31 - [TEST_STEP][PASSED] - Thread.sleep(3000): null

2019-11-05 08:06:34 - [TEST_STEP][PASSED] - callTestCase(findTestCase("mobileWeb/_include/get_screenshot"), [:], STOP_ON_FAILURE): Call Test Case 'Test Cases/mobileWeb/_include/get_screenshot' successfully

2019-11-05 08:06:34 - [TEST_CASE][PASSED] - Test Cases/mobileWeb/_include/get_screenshot: Test Cases/mobileWeb/_include/get_screenshot

2019-11-05 08:06:34 - [TEST_STEP][PASSED] - takeScreenshot(screenPath + i + ".png"): Taking screenshot successfully

2019-11-05 08:06:34 - [MESSAGE][PASSED] - Taking screenshot successfully
[[ATTACHMENT|D:\\Test\\AgileTest\\Reports\\mobileWeb\\hbi\\20191105_080032\\../Screenshots/iPhone 6/hbi/Agile Secure/20191105_080616/3.png]]

2019-11-05 08:06:34 - [TEST_STEP][PASSED] - (internal.GlobalVariable.i++): null

2019-11-05 08:06:34 - [MESSAGE][PASSED] - Call Test Case 'Test Cases/mobileWeb/_include/get_screenshot' successfully

2019-11-05 08:06:34 - [MESSAGE][PASSED] - Call Test Case 'Test Cases/mobileWeb/_include/census_hbi' successfully

2019-11-05 08:06:34 - [TEST_STEP][PASSED] - click(findTestObject("mobileSanity/HBI/detail/a_Apply for This Plan")): Object: 'Object Repository/mobileSanity/HBI/detail/a_Apply for This Plan' is clicked on

2019-11-05 08:06:35 - [MESSAGE][PASSED] - Object: 'Object Repository/mobileSanity/HBI/detail/a_Apply for This Plan' is clicked on

2019-11-05 08:06:35 - [TEST_STEP][PASSED] - waitForPageLoad(20): Wait for page load successfully

2019-11-05 08:06:36 - [MESSAGE][PASSED] - Wait for page load successfully

2019-11-05 08:06:36 - [TEST_STEP][PASSED] - callTestCase(findTestCase("mobileWeb/_include/get_screenshot"), [:], STOP_ON_FAILURE): Call Test Case 'Test Cases/mobileWeb/_include/get_screenshot' successfully

2019-11-05 08:06:36 - [TEST_CASE][PASSED] - Test Cases/mobileWeb/_include/get_screenshot: Test Cases/mobileWeb/_include/get_screenshot

2019-11-05 08:06:36 - [TEST_STEP][PASSED] - takeScreenshot(screenPath + i + ".png"): Taking screenshot successfully

2019-11-05 08:06:36 - [MESSAGE][PASSED] - Taking screenshot successfully
[[ATTACHMENT|D:\\Test\\AgileTest\\Reports\\mobileWeb\\hbi\\20191105_080032\\../Screenshots/iPhone 6/hbi/Agile Secure/20191105_080616/4.png]]

2019-11-05 08:06:36 - [TEST_STEP][PASSED] - (internal.GlobalVariable.i++): null

2019-11-05 08:06:36 - [MESSAGE][PASSED] - Call Test Case 'Test Cases/mobileWeb/_include/get_screenshot' successfully

2019-11-05 08:06:36 - [TEST_STEP][PASSED] - click(findTestObject("mobileSanity/HBI/Page_Apply/span_Start Secure Application")): Object: 'Object Repository/mobileSanity/HBI/Page_Apply/span_Start Secure Application' is clicked on

2019-11-05 08:06:37 - [MESSAGE][PASSED] - Object: 'Object Repository/mobileSanity/HBI/Page_Apply/span_Start Secure Application' is clicked on

2019-11-05 08:06:37 - [TEST_STEP][PASSED] - waitForPageLoad(20): Wait for page load successfully

2019-11-05 08:06:37 - [MESSAGE][PASSED] - Wait for page load successfully

2019-11-05 08:06:37 - [TEST_STEP][PASSED] - Thread.sleep(5000): null

2019-11-05 08:06:42 - [TEST_STEP][PASSED] - callTestCase(findTestCase("mobileWeb/_include/get_screenshot"), [:], STOP_ON_FAILURE): Call Test Case 'Test Cases/mobileWeb/_include/get_screenshot' successfully

2019-11-05 08:06:42 - [TEST_CASE][PASSED] - Test Cases/mobileWeb/_include/get_screenshot: Test Cases/mobileWeb/_include/get_screenshot

2019-11-05 08:06:42 - [TEST_STEP][PASSED] - takeScreenshot(screenPath + i + ".png"): Taking screenshot successfully

2019-11-05 08:06:43 - [MESSAGE][PASSED] - Taking screenshot successfully
[[ATTACHMENT|D:\\Test\\AgileTest\\Reports\\mobileWeb\\hbi\\20191105_080032\\../Screenshots/iPhone 6/hbi/Agile Secure/20191105_080616/5.png]]

2019-11-05 08:06:43 - [TEST_STEP][PASSED] - (internal.GlobalVariable.i++): null

2019-11-05 08:06:43 - [MESSAGE][PASSED] - Call Test Case 'Test Cases/mobileWeb/_include/get_screenshot' successfully

2019-11-05 08:06:43 - [TEST_STEP][PASSED] - callTestCase(findTestCase("mobileWeb/_include/goToEnd_hbi"), ["carrier":"agilesecure"], CONTINUE_ON_FAILURE): Call Test Case 'Test Cases/mobileWeb/_include/goToEnd_hbi' successfully

2019-11-05 08:06:43 - [TEST_CASE][PASSED] - Test Cases/mobileWeb/_include/goToEnd_hbi: Test Cases/mobileWeb/_include/goToEnd_hbi

2019-11-05 08:06:43 - [TEST_STEP][PASSED] - if (state == "ca"): null

2019-11-05 08:06:43 - [TEST_STEP][PASSED] - callTestCase(findTestCase("mobileWeb/_include/name"), [:], CONTINUE_ON_FAILURE): Call Test Case 'Test Cases/mobileWeb/_include/name' successfully

2019-11-05 08:06:43 - [TEST_CASE][PASSED] - Test Cases/mobileWeb/_include/name: Test Cases/mobileWeb/_include/name

2019-11-05 08:06:43 - [TEST_STEP][PASSED] - driver = getWebDriver(): null

2019-11-05 08:06:43 - [TEST_STEP][PASSED] - selenium = new com.thoughtworks.selenium.webdriven.WebDriverBackedSelenium(driver, internal.GlobalVariable.ENV): null

2019-11-05 08:06:43 - [TEST_STEP][PASSED] - FirstName = "Test-123": null

2019-11-05 08:06:43 - [TEST_STEP][PASSED] - LastName = selenium.getEval("{var x="ABCDEFGHIJKLMNOPQRSTUVWXYZabcdefghijklmnopqrstuvwxyz"; var tmp="ZZ11-"; for (i=0;i<8;i++) tmp+=x.charAt(Math.ceil(51*Math.random()));tmp;}"): null

2019-11-05 08:06:43 - [TEST_STEP][PASSED] - Address = selenium.getEval("{var x="ABCDEFGHIJKLMNOPQRSTUVWXYZabcdefghijklmnopqrstuvwxyz"; var tmp=""; for (i=0;i<8;i++) tmp+=x.charAt(Math.ceil(51*Math.random()));tmp;}"): null

2019-11-05 08:06:43 - [TEST_STEP][PASSED] - City = selenium.getEval("{var x="ABCDEFGHIJKLMNOPQRSTUVWXYZabcdefghijklmnopqrstuvwxyz"; var tmp=""; for (i=0;i<8;i++) tmp+=x.charAt(Math.ceil(51*Math.random()));tmp;}"): null

2019-11-05 08:06:43 - [TEST_STEP][PASSED] - tel1 = selenium.getEval("{var x="123456789"; var tmp=""; for (i=0;i<3;i++) tmp+=x.charAt(Math.ceil(8*Math.random()));tmp;}"): null

2019-11-05 08:06:43 - [TEST_STEP][PASSED] - tel2 = selenium.getEval("{var x="123456789"; var tmp=""; for (i=0;i<3;i++) tmp+=x.charAt(Math.ceil(8*Math.random()));tmp;}"): null

2019-11-05 08:06:43 - [TEST_STEP][PASSED] - tel3 = selenium.getEval("{var x="123456789"; var tmp=""; for (i=0;i<4;i++) tmp+=x.charAt(Math.ceil(8*Math.random()));tmp;}"): null

2019-11-05 08:06:43 - [TEST_STEP][PASSED] - Tel = selenium.getExpression(tel1 + "-" + tel2 + "-" + tel3): null

2019-11-05 08:06:43 - [TEST_STEP][PASSED] - AutoEmail = selenium.getEval("{var x="ABCDEFGHIJKLMNOPQRSTUVWXYZabcdefghijklmnopqrstuvwxyz"; var tmp="test."; for (i=0;i<8;i++) tmp+=x.charAt(Math.ceil(51*Math.random()));tmp+="@suryani.cn";}"): null

2019-11-05 08:06:43 - [TEST_STEP][PASSED] - FirstName = FirstName: null

2019-11-05 08:06:43 - [TEST_STEP][PASSED] - LastName = LastName: null

2019-11-05 08:06:43 - [TEST_STEP][PASSED] - Address = Address: null

2019-11-05 08:06:43 - [TEST_STEP][PASSED] - City = City: null

2019-11-05 08:06:43 - [TEST_STEP][PASSED] - Tel = Tel: null

2019-11-05 08:06:43 - [TEST_STEP][PASSED] - AutoEmail = AutoEmail: null

2019-11-05 08:06:43 - [TEST_STEP][PASSED] - println(FirstName): null

2019-11-05 08:06:43 - [TEST_STEP][PASSED] - println(LastName): null

2019-11-05 08:06:43 - [TEST_STEP][PASSED] - println(Address): null

2019-11-05 08:06:43 - [TEST_STEP][PASSED] - println(City): null

2019-11-05 08:06:43 - [TEST_STEP][PASSED] - println(Tel): null

2019-11-05 08:06:43 - [TEST_STEP][PASSED] - println(AutoEmail): null

2019-11-05 08:06:43 - [MESSAGE][PASSED] - Call Test Case 'Test Cases/mobileWeb/_include/name' successfully

2019-11-05 08:06:43 - [TEST_STEP][PASSED] - setText(findTestObject("mobileSanity/HBI/Page_App Page 1/input__member-P-1-firstName"), FirstName): Text 'Test-123' is set on object 'Object Repository/mobileSanity/HBI/Page_App Page 1/input__member-P-1-firstName'

2019-11-05 08:06:43 - [MESSAGE][PASSED] - Text 'Test-123' is set on object 'Object Repository/mobileSanity/HBI/Page_App Page 1/input__member-P-1-firstName'

2019-11-05 08:06:43 - [TEST_STEP][PASSED] - setText(findTestObject("mobileSanity/HBI/Page_App Page 1/input__member-P-1-lastName"), LastName): Text 'ZZ11-UFtalFwN' is set on object 'Object Repository/mobileSanity/HBI/Page_App Page 1/input__member-P-1-lastName'

2019-11-05 08:06:43 - [MESSAGE][PASSED] - Text 'ZZ11-UFtalFwN' is set on object 'Object Repository/mobileSanity/HBI/Page_App Page 1/input__member-P-1-lastName'

2019-11-05 08:06:43 - [TEST_STEP][PASSED] - if (carrier == "agileone" || carrier == "agilesecure"): Text 'test6' is set on object 'Object Repository/mobileSanity/HBI/Page_App Page 1/input__contingent-beneficiary-relationship'

2019-11-05 08:06:43 - [TEST_STEP][PASSED] - setText(findTestObject("mobileSanity/HBI/Page_App Page 1/input__primary-beneficiary-fir"), "test1"): Text 'test1' is set on object 'Object Repository/mobileSanity/HBI/Page_App Page 1/input__primary-beneficiary-fir'

2019-11-05 08:06:43 - [MESSAGE][PASSED] - Text 'test1' is set on object 'Object Repository/mobileSanity/HBI/Page_App Page 1/input__primary-beneficiary-fir'

2019-11-05 08:06:43 - [TEST_STEP][PASSED] - setText(findTestObject("mobileSanity/HBI/Page_App Page 1/input__primary-beneficiary-las"), "test2"): Text 'test2' is set on object 'Object Repository/mobileSanity/HBI/Page_App Page 1/input__primary-beneficiary-las'

2019-11-05 08:06:44 - [MESSAGE][PASSED] - Text 'test2' is set on object 'Object Repository/mobileSanity/HBI/Page_App Page 1/input__primary-beneficiary-las'

2019-11-05 08:06:44 - [TEST_STEP][PASSED] - setText(findTestObject("mobileSanity/HBI/Page_App Page 1/input__primary-beneficiary-rel"), "test3"): Text 'test3' is set on object 'Object Repository/mobileSanity/HBI/Page_App Page 1/input__primary-beneficiary-rel'

2019-11-05 08:06:44 - [MESSAGE][PASSED] - Text 'test3' is set on object 'Object Repository/mobileSanity/HBI/Page_App Page 1/input__primary-beneficiary-rel'

2019-11-05 08:06:44 - [TEST_STEP][PASSED] - setText(findTestObject("mobileSanity/HBI/Page_App Page 1/input__contingent-beneficiary-"), "test4"): Text 'test4' is set on object 'Object Repository/mobileSanity/HBI/Page_App Page 1/input__contingent-beneficiary-'

2019-11-05 08:06:44 - [MESSAGE][PASSED] - Text 'test4' is set on object 'Object Repository/mobileSanity/HBI/Page_App Page 1/input__contingent-beneficiary-'

2019-11-05 08:06:44 - [TEST_STEP][PASSED] - setText(findTestObject("mobileSanity/HBI/Page_App Page 1/input__contingent-beneficiary-_lastname"), "test5"): Text 'test5' is set on object 'Object Repository/mobileSanity/HBI/Page_App Page 1/input__contingent-beneficiary-_lastname'

2019-11-05 08:06:44 - [MESSAGE][PASSED] - Text 'test5' is set on object 'Object Repository/mobileSanity/HBI/Page_App Page 1/input__contingent-beneficiary-_lastname'

2019-11-05 08:06:44 - [TEST_STEP][PASSED] - setText(findTestObject("mobileSanity/HBI/Page_App Page 1/input__contingent-beneficiary-relationship"), "test6"): Text 'test6' is set on object 'Object Repository/mobileSanity/HBI/Page_App Page 1/input__contingent-beneficiary-relationship'

2019-11-05 08:06:44 - [MESSAGE][PASSED] - Text 'test6' is set on object 'Object Repository/mobileSanity/HBI/Page_App Page 1/input__contingent-beneficiary-relationship'

2019-11-05 08:06:44 - [TEST_STEP][PASSED] - setText(findTestObject("mobileSanity/HBI/Page_App Page 1/input__address"), Address): Text 'siIHnWJT' is set on object 'Object Repository/mobileSanity/HBI/Page_App Page 1/input__address'

2019-11-05 08:06:44 - [MESSAGE][PASSED] - Text 'siIHnWJT' is set on object 'Object Repository/mobileSanity/HBI/Page_App Page 1/input__address'

2019-11-05 08:06:44 - [TEST_STEP][PASSED] - setText(findTestObject("mobileSanity/HBI/Page_App Page 1/input__city"), City): Text 'FoerPsXP' is set on object 'Object Repository/mobileSanity/HBI/Page_App Page 1/input__city'

2019-11-05 08:06:44 - [MESSAGE][PASSED] - Text 'FoerPsXP' is set on object 'Object Repository/mobileSanity/HBI/Page_App Page 1/input__city'

2019-11-05 08:06:44 - [TEST_STEP][PASSED] - setText(findTestObject("mobileSanity/HBI/Page_App Page 1/input__email"), AutoEmail): Text 'test.llzbICgB@suryani.cn' is set on object 'Object Repository/mobileSanity/HBI/Page_App Page 1/input__email'

2019-11-05 08:06:45 - [MESSAGE][PASSED] - Text 'test.llzbICgB@suryani.cn' is set on object 'Object Repository/mobileSanity/HBI/Page_App Page 1/input__email'

2019-11-05 08:06:45 - [TEST_STEP][PASSED] - setText(findTestObject("mobileSanity/HBI/Page_App Page 1/input_tel"), Tel): Text '843-487-7928' is set on object 'Object Repository/mobileSanity/HBI/Page_App Page 1/input_tel'

2019-11-05 08:06:45 - [MESSAGE][PASSED] - Text '843-487-7928' is set on object 'Object Repository/mobileSanity/HBI/Page_App Page 1/input_tel'

2019-11-05 08:06:45 - [TEST_STEP][PASSED] - click(findTestObject("mobileSanity/HBI/Page_App Page 1/a_Continue to Step 2 - Payment")): Object: 'Object Repository/mobileSanity/HBI/Page_App Page 1/a_Continue to Step 2 - Payment' is clicked on

2019-11-05 08:06:45 - [MESSAGE][PASSED] - Object: 'Object Repository/mobileSanity/HBI/Page_App Page 1/a_Continue to Step 2 - Payment' is clicked on

2019-11-05 08:06:45 - [TEST_STEP][PASSED] - waitForPageLoad(20): Wait for page load successfully

2019-11-05 08:06:45 - [MESSAGE][PASSED] - Wait for page load successfully

2019-11-05 08:06:45 - [TEST_STEP][PASSED] - Thread.sleep(2000): null

2019-11-05 08:06:47 - [TEST_STEP][PASSED] - waitForElementVisible(findTestObject("mobileSanity/HBI/Page_App Page 2/input__credit-card-first"), 20): Object 'Object Repository/mobileSanity/HBI/Page_App Page 2/input__credit-card-first' is visible

2019-11-05 08:06:47 - [MESSAGE][PASSED] - Object 'Object Repository/mobileSanity/HBI/Page_App Page 2/input__credit-card-first' is visible

2019-11-05 08:06:47 - [TEST_STEP][PASSED] - callTestCase(findTestCase("mobileWeb/_include/get_screenshot"), [:], STOP_ON_FAILURE): Call Test Case 'Test Cases/mobileWeb/_include/get_screenshot' successfully

2019-11-05 08:06:47 - [TEST_CASE][PASSED] - Test Cases/mobileWeb/_include/get_screenshot: Test Cases/mobileWeb/_include/get_screenshot

2019-11-05 08:06:47 - [TEST_STEP][PASSED] - takeScreenshot(screenPath + i + ".png"): Taking screenshot successfully

2019-11-05 08:06:47 - [MESSAGE][PASSED] - Taking screenshot successfully
[[ATTACHMENT|D:\\Test\\AgileTest\\Reports\\mobileWeb\\hbi\\20191105_080032\\../Screenshots/iPhone 6/hbi/Agile Secure/20191105_080616/6.png]]

2019-11-05 08:06:47 - [TEST_STEP][PASSED] - (internal.GlobalVariable.i++): null

2019-11-05 08:06:47 - [MESSAGE][PASSED] - Call Test Case 'Test Cases/mobileWeb/_include/get_screenshot' successfully

2019-11-05 08:06:47 - [TEST_STEP][PASSED] - setText(findTestObject("mobileSanity/HBI/Page_App Page 2/input__credit-card-first"), FirstName): Text 'Test-123' is set on object 'Object Repository/mobileSanity/HBI/Page_App Page 2/input__credit-card-first'

2019-11-05 08:06:48 - [MESSAGE][PASSED] - Text 'Test-123' is set on object 'Object Repository/mobileSanity/HBI/Page_App Page 2/input__credit-card-first'

2019-11-05 08:06:48 - [TEST_STEP][PASSED] - setText(findTestObject("mobileSanity/HBI/Page_App Page 2/input__credit-card-last"), LastName): Text 'ZZ11-UFtalFwN' is set on object 'Object Repository/mobileSanity/HBI/Page_App Page 2/input__credit-card-last'

2019-11-05 08:06:48 - [MESSAGE][PASSED] - Text 'ZZ11-UFtalFwN' is set on object 'Object Repository/mobileSanity/HBI/Page_App Page 2/input__credit-card-last'

2019-11-05 08:06:48 - [TEST_STEP][PASSED] - selectOptionByValue(findTestObject("mobileSanity/HBI/Page_App Page 2/select_MM010203040506070809101"), "12", true): All options with value '12' are selected in object 'Object Repository/mobileSanity/HBI/Page_App Page 2/select_MM010203040506070809101'  using regular expression

2019-11-05 08:06:48 - [MESSAGE][PASSED] - All options with value '12' are selected in object 'Object Repository/mobileSanity/HBI/Page_App Page 2/select_MM010203040506070809101'  using regular expression

2019-11-05 08:06:48 - [TEST_STEP][PASSED] - selectOptionByValue(findTestObject("mobileSanity/HBI/Page_App Page 2/select_YYYY2019202020212022202"), "2026", true): All options with value '2026' are selected in object 'Object Repository/mobileSanity/HBI/Page_App Page 2/select_YYYY2019202020212022202'  using regular expression

2019-11-05 08:06:48 - [MESSAGE][PASSED] - All options with value '2026' are selected in object 'Object Repository/mobileSanity/HBI/Page_App Page 2/select_YYYY2019202020212022202'  using regular expression

2019-11-05 08:06:48 - [TEST_STEP][PASSED] - setText(findTestObject("mobileSanity/HBI/Page_App Page 2/input__credit-card-number"), "4111111111111111"): Text '4111111111111111' is set on object 'Object Repository/mobileSanity/HBI/Page_App Page 2/input__credit-card-number'

2019-11-05 08:06:48 - [MESSAGE][PASSED] - Text '4111111111111111' is set on object 'Object Repository/mobileSanity/HBI/Page_App Page 2/input__credit-card-number'

2019-11-05 08:06:48 - [TEST_STEP][PASSED] - setText(findTestObject("mobileSanity/HBI/Page_App Page 2/input__cvv"), "123"): Text '123' is set on object 'Object Repository/mobileSanity/HBI/Page_App Page 2/input__cvv'

2019-11-05 08:06:49 - [MESSAGE][PASSED] - Text '123' is set on object 'Object Repository/mobileSanity/HBI/Page_App Page 2/input__cvv'

2019-11-05 08:06:49 - [TEST_STEP][PASSED] - click(findTestObject("mobileSanity/HBI/Page_App Page 2/label_My billing address is th")): Object: 'Object Repository/mobileSanity/HBI/Page_App Page 2/label_My billing address is th' is clicked on

2019-11-05 08:06:49 - [MESSAGE][PASSED] - Object: 'Object Repository/mobileSanity/HBI/Page_App Page 2/label_My billing address is th' is clicked on

2019-11-05 08:06:49 - [TEST_STEP][PASSED] - click(findTestObject("mobileSanity/HBI/Page_App Page 2/label_I Accept Authorization f")): Object: 'Object Repository/mobileSanity/HBI/Page_App Page 2/label_I Accept Authorization f' is clicked on

2019-11-05 08:06:49 - [MESSAGE][PASSED] - Object: 'Object Repository/mobileSanity/HBI/Page_App Page 2/label_I Accept Authorization f' is clicked on

2019-11-05 08:06:49 - [TEST_STEP][PASSED] - click(findTestObject("mobileSanity/HBI/Page_App Page 2/a_Continue to Step 3 - Review")): Object: 'Object Repository/mobileSanity/HBI/Page_App Page 2/a_Continue to Step 3 - Review' is clicked on

2019-11-05 08:06:49 - [MESSAGE][PASSED] - Object: 'Object Repository/mobileSanity/HBI/Page_App Page 2/a_Continue to Step 3 - Review' is clicked on

2019-11-05 08:06:49 - [TEST_STEP][PASSED] - waitForPageLoad(20): Wait for page load successfully

2019-11-05 08:06:49 - [MESSAGE][PASSED] - Wait for page load successfully

2019-11-05 08:06:49 - [TEST_STEP][PASSED] - Thread.sleep(10000): null

2019-11-05 08:06:59 - [TEST_STEP][PASSED] - waitForElementPresent(findTestObject("mobileSanity/HBI/Page_App Page 3/label"), 20): Object 'Object Repository/mobileSanity/HBI/Page_App Page 3/label' is present

2019-11-05 08:07:00 - [MESSAGE][PASSED] - Object 'Object Repository/mobileSanity/HBI/Page_App Page 3/label' is present

2019-11-05 08:07:00 - [TEST_STEP][PASSED] - callTestCase(findTestCase("mobileWeb/_include/get_screenshot"), [:], STOP_ON_FAILURE): Call Test Case 'Test Cases/mobileWeb/_include/get_screenshot' successfully

2019-11-05 08:07:00 - [TEST_CASE][PASSED] - Test Cases/mobileWeb/_include/get_screenshot: Test Cases/mobileWeb/_include/get_screenshot

2019-11-05 08:07:00 - [TEST_STEP][PASSED] - takeScreenshot(screenPath + i + ".png"): Taking screenshot successfully

2019-11-05 08:07:00 - [MESSAGE][PASSED] - Taking screenshot successfully
[[ATTACHMENT|D:\\Test\\AgileTest\\Reports\\mobileWeb\\hbi\\20191105_080032\\../Screenshots/iPhone 6/hbi/Agile Secure/20191105_080616/7.png]]

2019-11-05 08:07:00 - [TEST_STEP][PASSED] - (internal.GlobalVariable.i++): null

2019-11-05 08:07:00 - [MESSAGE][PASSED] - Call Test Case 'Test Cases/mobileWeb/_include/get_screenshot' successfully

2019-11-05 08:07:00 - [TEST_STEP][PASSED] - click(findTestObject("mobileSanity/HBI/Page_App Page 3/label")): Object: 'Object Repository/mobileSanity/HBI/Page_App Page 3/label' is clicked on

2019-11-05 08:07:00 - [MESSAGE][PASSED] - Object: 'Object Repository/mobileSanity/HBI/Page_App Page 3/label' is clicked on

2019-11-05 08:07:00 - [TEST_STEP][PASSED] - click(findTestObject("mobileSanity/HBI/Page_App Page 3/p_CLICK TO SIGN")): Object: 'Object Repository/mobileSanity/HBI/Page_App Page 3/p_CLICK TO SIGN' is clicked on

2019-11-05 08:07:00 - [MESSAGE][PASSED] - Object: 'Object Repository/mobileSanity/HBI/Page_App Page 3/p_CLICK TO SIGN' is clicked on

2019-11-05 08:07:00 - [TEST_STEP][PASSED] - click(findTestObject("mobileSanity/HBI/Page_App Page 3/a_Submit Your Application")): Object: 'Object Repository/mobileSanity/HBI/Page_App Page 3/a_Submit Your Application' is clicked on

2019-11-05 08:07:00 - [MESSAGE][PASSED] - Object: 'Object Repository/mobileSanity/HBI/Page_App Page 3/a_Submit Your Application' is clicked on

2019-11-05 08:07:00 - [TEST_STEP][PASSED] - Thread.sleep(30000): null

2019-11-05 08:07:30 - [TEST_STEP][PASSED] - callTestCase(findTestCase("mobileWeb/_include/get_screenshot"), [:], STOP_ON_FAILURE): Call Test Case 'Test Cases/mobileWeb/_include/get_screenshot' successfully

2019-11-05 08:07:30 - [TEST_CASE][PASSED] - Test Cases/mobileWeb/_include/get_screenshot: Test Cases/mobileWeb/_include/get_screenshot

2019-11-05 08:07:30 - [TEST_STEP][PASSED] - takeScreenshot(screenPath + i + ".png"): Taking screenshot successfully

2019-11-05 08:07:31 - [MESSAGE][PASSED] - Taking screenshot successfully
[[ATTACHMENT|D:\\Test\\AgileTest\\Reports\\mobileWeb\\hbi\\20191105_080032\\../Screenshots/iPhone 6/hbi/Agile Secure/20191105_080616/8.png]]

2019-11-05 08:07:31 - [TEST_STEP][PASSED] - (internal.GlobalVariable.i++): null

2019-11-05 08:07:31 - [MESSAGE][PASSED] - Call Test Case 'Test Cases/mobileWeb/_include/get_screenshot' successfully

2019-11-05 08:07:31 - [TEST_STEP][PASSED] - verifyTextPresent("Congratulations", false): Text 'Congratulations' is present on page 

2019-11-05 08:07:31 - [MESSAGE][PASSED] - Text 'Congratulations' is present on page 

2019-11-05 08:07:31 - [MESSAGE][PASSED] - Call Test Case 'Test Cases/mobileWeb/_include/goToEnd_hbi' successfully]]></system-out>
         <system-err><![CDATA[]]></system-err>
      </testcase>
      <testcase name="Test Cases/mobileWeb/HBI/Fixed Cash Benefit" classname="Test Cases/mobileWeb/HBI/Fixed Cash Benefit" status="PASSED">
         <system-out><![CDATA[2019-11-05 08:07:31 - [TEST_CASE][PASSED] - Test Cases/mobileWeb/HBI/Fixed Cash Benefit: Test Cases/mobileWeb/HBI/Fixed Cash Benefit

2019-11-05 08:07:31 - [TEST_STEP][PASSED] - callTestCase(findTestCase("mobileWeb/_include/get_screenPath"), ["productLine":"hbi", "carrierName":"Fixed Cash Benefit"], CONTINUE_ON_FAILURE): Call Test Case 'Test Cases/mobileWeb/_include/get_screenPath' successfully

2019-11-05 08:07:31 - [TEST_CASE][PASSED] - Test Cases/mobileWeb/_include/get_screenPath: Test Cases/mobileWeb/_include/get_screenPath

2019-11-05 08:07:31 - [TEST_STEP][PASSED] - m = getExecutionProperties(): null

2019-11-05 08:07:31 - [TEST_STEP][PASSED] - deviceName = get("mobileEmulation").get("deviceName"): null

2019-11-05 08:07:31 - [TEST_STEP][PASSED] - println(deviceName): null

2019-11-05 08:07:31 - [TEST_STEP][PASSED] - now = new java.util.Date(): null

2019-11-05 08:07:31 - [TEST_STEP][PASSED] - mydate = now.format("yyyyMMdd_HHmmss"): null

2019-11-05 08:07:31 - [TEST_STEP][PASSED] - screenPath = "../Screenshots/": null

2019-11-05 08:07:31 - [TEST_STEP][PASSED] - screenPath = screenPath + deviceName + "/" + productLine + "/" + carrierName + "/" + mydate + "/": null

2019-11-05 08:07:31 - [TEST_STEP][PASSED] - println(screenPath): null

2019-11-05 08:07:31 - [MESSAGE][PASSED] - Call Test Case 'Test Cases/mobileWeb/_include/get_screenPath' successfully

2019-11-05 08:07:31 - [TEST_STEP][PASSED] - i = 0: null

2019-11-05 08:07:31 - [TEST_STEP][PASSED] - callTestCase(findTestCase("mobileWeb/_include/openWebSite"), [:], CONTINUE_ON_FAILURE): Call Test Case 'Test Cases/mobileWeb/_include/openWebSite' successfully

2019-11-05 08:07:31 - [TEST_CASE][PASSED] - Test Cases/mobileWeb/_include/openWebSite: Test Cases/mobileWeb/_include/openWebSite

2019-11-05 08:07:31 - [TEST_STEP][PASSED] - openBrowser(env): Browser is opened with url: 'https://praetemptatus.agilehealthinsurance.com'

2019-11-05 08:07:31 - [MESSAGE][WARNING] - A browser is already opened. Closing browser and opening a new one

2019-11-05 08:07:32 - [MESSAGE][INFO] - Starting 'Chrome' driver

2019-11-05 08:07:32 - [MESSAGE][INFO] - User set preference: ['mobileEmulation', '{deviceName=iPhone 6}']

2019-11-05 08:07:32 - [MESSAGE][INFO] - User set preference: ['args', '[--incognito, --aggressive-cache-discard, --window-size=375,677, --no-sandbox]']

2019-11-05 08:07:34 - [MESSAGE][PASSED] - Browser is opened with url: 'https://praetemptatus.agilehealthinsurance.com'

2019-11-05 08:07:34 - [TEST_STEP][PASSED] - waitForPageLoad(20): Wait for page load successfully

2019-11-05 08:07:34 - [MESSAGE][PASSED] - Wait for page load successfully

2019-11-05 08:07:34 - [TEST_STEP][PASSED] - Thread.sleep(2000): null

2019-11-05 08:07:36 - [TEST_STEP][PASSED] - callTestCase(findTestCase("mobileWeb/_include/get_screenshot"), [:], STOP_ON_FAILURE): Call Test Case 'Test Cases/mobileWeb/_include/get_screenshot' successfully

2019-11-05 08:07:36 - [TEST_CASE][PASSED] - Test Cases/mobileWeb/_include/get_screenshot: Test Cases/mobileWeb/_include/get_screenshot

2019-11-05 08:07:36 - [TEST_STEP][PASSED] - takeScreenshot(screenPath + i + ".png"): Taking screenshot successfully

2019-11-05 08:07:36 - [MESSAGE][PASSED] - Taking screenshot successfully
[[ATTACHMENT|D:\\Test\\AgileTest\\Reports\\mobileWeb\\hbi\\20191105_080032\\../Screenshots/iPhone 6/hbi/Fixed Cash Benefit/20191105_080731/0.png]]

2019-11-05 08:07:36 - [TEST_STEP][PASSED] - (internal.GlobalVariable.i++): null

2019-11-05 08:07:36 - [MESSAGE][PASSED] - Call Test Case 'Test Cases/mobileWeb/_include/get_screenshot' successfully

2019-11-05 08:07:36 - [MESSAGE][PASSED] - Call Test Case 'Test Cases/mobileWeb/_include/openWebSite' successfully

2019-11-05 08:07:36 - [TEST_STEP][PASSED] - callTestCase(findTestCase("mobileWeb/_include/census_hbi"), ["zipcode":"85364"], CONTINUE_ON_FAILURE): Call Test Case 'Test Cases/mobileWeb/_include/census_hbi' successfully

2019-11-05 08:07:36 - [TEST_CASE][PASSED] - Test Cases/mobileWeb/_include/census_hbi: Test Cases/mobileWeb/_include/census_hbi

2019-11-05 08:07:36 - [TEST_STEP][PASSED] - click(findTestObject("mobileSanity/Common/side_nav/menu")): Object: 'Object Repository/mobileSanity/Common/side_nav/menu' is clicked on

2019-11-05 08:07:37 - [MESSAGE][PASSED] - Object: 'Object Repository/mobileSanity/Common/side_nav/menu' is clicked on

2019-11-05 08:07:37 - [TEST_STEP][PASSED] - Thread.sleep(3000): null

2019-11-05 08:07:40 - [TEST_STEP][PASSED] - callTestCase(findTestCase("mobileWeb/_include/get_screenshot"), [:], STOP_ON_FAILURE): Call Test Case 'Test Cases/mobileWeb/_include/get_screenshot' successfully

2019-11-05 08:07:40 - [TEST_CASE][PASSED] - Test Cases/mobileWeb/_include/get_screenshot: Test Cases/mobileWeb/_include/get_screenshot

2019-11-05 08:07:40 - [TEST_STEP][PASSED] - takeScreenshot(screenPath + i + ".png"): Taking screenshot successfully

2019-11-05 08:07:40 - [MESSAGE][PASSED] - Taking screenshot successfully
[[ATTACHMENT|D:\\Test\\AgileTest\\Reports\\mobileWeb\\hbi\\20191105_080032\\../Screenshots/iPhone 6/hbi/Fixed Cash Benefit/20191105_080731/1.png]]

2019-11-05 08:07:40 - [TEST_STEP][PASSED] - (internal.GlobalVariable.i++): null

2019-11-05 08:07:40 - [MESSAGE][PASSED] - Call Test Case 'Test Cases/mobileWeb/_include/get_screenshot' successfully

2019-11-05 08:07:40 - [TEST_STEP][PASSED] - click(findTestObject("mobileSanity/Common/side_nav/nav_hbi")): Object: 'Object Repository/mobileSanity/Common/side_nav/nav_hbi' is clicked on

2019-11-05 08:07:40 - [MESSAGE][PASSED] - Object: 'Object Repository/mobileSanity/Common/side_nav/nav_hbi' is clicked on

2019-11-05 08:07:40 - [TEST_STEP][PASSED] - waitForPageLoad(10): Wait for page load successfully

2019-11-05 08:07:40 - [MESSAGE][PASSED] - Wait for page load successfully

2019-11-05 08:07:40 - [TEST_STEP][PASSED] - Thread.sleep(3000): null

2019-11-05 08:07:44 - [TEST_STEP][PASSED] - callTestCase(findTestCase("mobileWeb/_include/get_screenshot"), [:], STOP_ON_FAILURE): Call Test Case 'Test Cases/mobileWeb/_include/get_screenshot' successfully

2019-11-05 08:07:44 - [TEST_CASE][PASSED] - Test Cases/mobileWeb/_include/get_screenshot: Test Cases/mobileWeb/_include/get_screenshot

2019-11-05 08:07:44 - [TEST_STEP][PASSED] - takeScreenshot(screenPath + i + ".png"): Taking screenshot successfully

2019-11-05 08:07:44 - [MESSAGE][PASSED] - Taking screenshot successfully
[[ATTACHMENT|D:\\Test\\AgileTest\\Reports\\mobileWeb\\hbi\\20191105_080032\\../Screenshots/iPhone 6/hbi/Fixed Cash Benefit/20191105_080731/2.png]]

2019-11-05 08:07:44 - [TEST_STEP][PASSED] - (internal.GlobalVariable.i++): null

2019-11-05 08:07:44 - [MESSAGE][PASSED] - Call Test Case 'Test Cases/mobileWeb/_include/get_screenshot' successfully

2019-11-05 08:07:44 - [TEST_STEP][PASSED] - setText(findTestObject("mobileSanity/HBI/census/input_Location_zip-input"), zipcode): Text '85364' is set on object 'Object Repository/mobileSanity/HBI/census/input_Location_zip-input'

2019-11-05 08:07:44 - [MESSAGE][PASSED] - Text '85364' is set on object 'Object Repository/mobileSanity/HBI/census/input_Location_zip-input'

2019-11-05 08:07:44 - [TEST_STEP][PASSED] - Thread.sleep(500): null

2019-11-05 08:07:45 - [TEST_STEP][PASSED] - setText(findTestObject("mobileSanity/HBI/census/input_Date of Birth_dob-0"), "12121980"): Text '12121980' is set on object 'Object Repository/mobileSanity/HBI/census/input_Date of Birth_dob-0'

2019-11-05 08:07:45 - [MESSAGE][PASSED] - Text '12121980' is set on object 'Object Repository/mobileSanity/HBI/census/input_Date of Birth_dob-0'

2019-11-05 08:07:45 - [TEST_STEP][PASSED] - click(findTestObject("mobileSanity/HBI/census/label_Male")): Object: 'Object Repository/mobileSanity/HBI/census/label_Male' is clicked on

2019-11-05 08:07:45 - [MESSAGE][PASSED] - Object: 'Object Repository/mobileSanity/HBI/census/label_Male' is clicked on

2019-11-05 08:07:45 - [TEST_STEP][PASSED] - click(findTestObject("mobileSanity/HBI/census/label_Get a Quote")): Object: 'Object Repository/mobileSanity/HBI/census/label_Get a Quote' is clicked on

2019-11-05 08:07:47 - [MESSAGE][PASSED] - Object: 'Object Repository/mobileSanity/HBI/census/label_Get a Quote' is clicked on

2019-11-05 08:07:47 - [TEST_STEP][PASSED] - waitForPageLoad(20): Wait for page load successfully

2019-11-05 08:07:48 - [MESSAGE][PASSED] - Wait for page load successfully

2019-11-05 08:07:48 - [TEST_STEP][PASSED] - Thread.sleep(3000): null

2019-11-05 08:07:51 - [TEST_STEP][PASSED] - callTestCase(findTestCase("mobileWeb/_include/get_screenshot"), [:], STOP_ON_FAILURE): Call Test Case 'Test Cases/mobileWeb/_include/get_screenshot' successfully

2019-11-05 08:07:51 - [TEST_CASE][PASSED] - Test Cases/mobileWeb/_include/get_screenshot: Test Cases/mobileWeb/_include/get_screenshot

2019-11-05 08:07:51 - [TEST_STEP][PASSED] - takeScreenshot(screenPath + i + ".png"): Taking screenshot successfully

2019-11-05 08:07:51 - [MESSAGE][PASSED] - Taking screenshot successfully
[[ATTACHMENT|D:\\Test\\AgileTest\\Reports\\mobileWeb\\hbi\\20191105_080032\\../Screenshots/iPhone 6/hbi/Fixed Cash Benefit/20191105_080731/3.png]]

2019-11-05 08:07:51 - [TEST_STEP][PASSED] - (internal.GlobalVariable.i++): null

2019-11-05 08:07:51 - [MESSAGE][PASSED] - Call Test Case 'Test Cases/mobileWeb/_include/get_screenshot' successfully

2019-11-05 08:07:51 - [MESSAGE][PASSED] - Call Test Case 'Test Cases/mobileWeb/_include/census_hbi' successfully

2019-11-05 08:07:51 - [TEST_STEP][PASSED] - Thread.sleep(5000): null

2019-11-05 08:07:56 - [TEST_STEP][PASSED] - scrollToPosition(200, 2300): Browser is scrolled to position x = 200, y = 2300

2019-11-05 08:07:56 - [MESSAGE][PASSED] - Browser is scrolled to position x = 200, y = 2300

2019-11-05 08:07:56 - [TEST_STEP][PASSED] - click(findTestObject("mobileSanity/HBI/quote/a_Fixed Cash Benefit")): Object: 'Object Repository/mobileSanity/HBI/quote/a_Fixed Cash Benefit' is clicked on

2019-11-05 08:07:57 - [MESSAGE][PASSED] - Object: 'Object Repository/mobileSanity/HBI/quote/a_Fixed Cash Benefit' is clicked on

2019-11-05 08:07:57 - [TEST_STEP][PASSED] - waitForPageLoad(20): Wait for page load successfully

2019-11-05 08:07:57 - [MESSAGE][PASSED] - Wait for page load successfully

2019-11-05 08:07:57 - [TEST_STEP][PASSED] - callTestCase(findTestCase("mobileWeb/_include/get_screenshot"), [:], STOP_ON_FAILURE): Call Test Case 'Test Cases/mobileWeb/_include/get_screenshot' successfully

2019-11-05 08:07:57 - [TEST_CASE][PASSED] - Test Cases/mobileWeb/_include/get_screenshot: Test Cases/mobileWeb/_include/get_screenshot

2019-11-05 08:07:57 - [TEST_STEP][PASSED] - takeScreenshot(screenPath + i + ".png"): Taking screenshot successfully

2019-11-05 08:07:58 - [MESSAGE][PASSED] - Taking screenshot successfully
[[ATTACHMENT|D:\\Test\\AgileTest\\Reports\\mobileWeb\\hbi\\20191105_080032\\../Screenshots/iPhone 6/hbi/Fixed Cash Benefit/20191105_080731/4.png]]

2019-11-05 08:07:58 - [TEST_STEP][PASSED] - (internal.GlobalVariable.i++): null

2019-11-05 08:07:58 - [MESSAGE][PASSED] - Call Test Case 'Test Cases/mobileWeb/_include/get_screenshot' successfully

2019-11-05 08:07:58 - [TEST_STEP][PASSED] - click(findTestObject("mobileSanity/HBI/detail/a_Apply for This Plan")): Object: 'Object Repository/mobileSanity/HBI/detail/a_Apply for This Plan' is clicked on

2019-11-05 08:07:59 - [MESSAGE][PASSED] - Object: 'Object Repository/mobileSanity/HBI/detail/a_Apply for This Plan' is clicked on

2019-11-05 08:07:59 - [TEST_STEP][PASSED] - waitForPageLoad(20): Wait for page load successfully

2019-11-05 08:07:59 - [MESSAGE][PASSED] - Wait for page load successfully

2019-11-05 08:07:59 - [TEST_STEP][PASSED] - callTestCase(findTestCase("mobileWeb/_include/get_screenshot"), [:], STOP_ON_FAILURE): Call Test Case 'Test Cases/mobileWeb/_include/get_screenshot' successfully

2019-11-05 08:07:59 - [TEST_CASE][PASSED] - Test Cases/mobileWeb/_include/get_screenshot: Test Cases/mobileWeb/_include/get_screenshot

2019-11-05 08:07:59 - [TEST_STEP][PASSED] - takeScreenshot(screenPath + i + ".png"): Taking screenshot successfully

2019-11-05 08:07:59 - [MESSAGE][PASSED] - Taking screenshot successfully
[[ATTACHMENT|D:\\Test\\AgileTest\\Reports\\mobileWeb\\hbi\\20191105_080032\\../Screenshots/iPhone 6/hbi/Fixed Cash Benefit/20191105_080731/5.png]]

2019-11-05 08:07:59 - [TEST_STEP][PASSED] - (internal.GlobalVariable.i++): null

2019-11-05 08:07:59 - [MESSAGE][PASSED] - Call Test Case 'Test Cases/mobileWeb/_include/get_screenshot' successfully

2019-11-05 08:07:59 - [TEST_STEP][PASSED] - click(findTestObject("mobileSanity/HBI/Page_Apply/span_Start Secure Application")): Object: 'Object Repository/mobileSanity/HBI/Page_Apply/span_Start Secure Application' is clicked on

2019-11-05 08:08:00 - [MESSAGE][PASSED] - Object: 'Object Repository/mobileSanity/HBI/Page_Apply/span_Start Secure Application' is clicked on

2019-11-05 08:08:00 - [TEST_STEP][PASSED] - waitForPageLoad(20): Wait for page load successfully

2019-11-05 08:08:00 - [MESSAGE][PASSED] - Wait for page load successfully

2019-11-05 08:08:00 - [TEST_STEP][PASSED] - Thread.sleep(5000): null

2019-11-05 08:08:05 - [TEST_STEP][PASSED] - callTestCase(findTestCase("mobileWeb/_include/get_screenshot"), [:], STOP_ON_FAILURE): Call Test Case 'Test Cases/mobileWeb/_include/get_screenshot' successfully

2019-11-05 08:08:06 - [TEST_CASE][PASSED] - Test Cases/mobileWeb/_include/get_screenshot: Test Cases/mobileWeb/_include/get_screenshot

2019-11-05 08:08:06 - [TEST_STEP][PASSED] - takeScreenshot(screenPath + i + ".png"): Taking screenshot successfully

2019-11-05 08:08:06 - [MESSAGE][PASSED] - Taking screenshot successfully
[[ATTACHMENT|D:\\Test\\AgileTest\\Reports\\mobileWeb\\hbi\\20191105_080032\\../Screenshots/iPhone 6/hbi/Fixed Cash Benefit/20191105_080731/6.png]]

2019-11-05 08:08:06 - [TEST_STEP][PASSED] - (internal.GlobalVariable.i++): null

2019-11-05 08:08:06 - [MESSAGE][PASSED] - Call Test Case 'Test Cases/mobileWeb/_include/get_screenshot' successfully

2019-11-05 08:08:06 - [TEST_STEP][PASSED] - callTestCase(findTestCase("mobileWeb/_include/goToEnd_hbi"), ["carrier":"FixedCashBenefit"], CONTINUE_ON_FAILURE): Call Test Case 'Test Cases/mobileWeb/_include/goToEnd_hbi' successfully

2019-11-05 08:08:06 - [TEST_CASE][PASSED] - Test Cases/mobileWeb/_include/goToEnd_hbi: Test Cases/mobileWeb/_include/goToEnd_hbi

2019-11-05 08:08:06 - [TEST_STEP][PASSED] - if (state == "ca"): null

2019-11-05 08:08:06 - [TEST_STEP][PASSED] - callTestCase(findTestCase("mobileWeb/_include/name"), [:], CONTINUE_ON_FAILURE): Call Test Case 'Test Cases/mobileWeb/_include/name' successfully

2019-11-05 08:08:06 - [TEST_CASE][PASSED] - Test Cases/mobileWeb/_include/name: Test Cases/mobileWeb/_include/name

2019-11-05 08:08:06 - [TEST_STEP][PASSED] - driver = getWebDriver(): null

2019-11-05 08:08:06 - [TEST_STEP][PASSED] - selenium = new com.thoughtworks.selenium.webdriven.WebDriverBackedSelenium(driver, internal.GlobalVariable.ENV): null

2019-11-05 08:08:06 - [TEST_STEP][PASSED] - FirstName = "Test-123": null

2019-11-05 08:08:06 - [TEST_STEP][PASSED] - LastName = selenium.getEval("{var x="ABCDEFGHIJKLMNOPQRSTUVWXYZabcdefghijklmnopqrstuvwxyz"; var tmp="ZZ11-"; for (i=0;i<8;i++) tmp+=x.charAt(Math.ceil(51*Math.random()));tmp;}"): null

2019-11-05 08:08:06 - [TEST_STEP][PASSED] - Address = selenium.getEval("{var x="ABCDEFGHIJKLMNOPQRSTUVWXYZabcdefghijklmnopqrstuvwxyz"; var tmp=""; for (i=0;i<8;i++) tmp+=x.charAt(Math.ceil(51*Math.random()));tmp;}"): null

2019-11-05 08:08:06 - [TEST_STEP][PASSED] - City = selenium.getEval("{var x="ABCDEFGHIJKLMNOPQRSTUVWXYZabcdefghijklmnopqrstuvwxyz"; var tmp=""; for (i=0;i<8;i++) tmp+=x.charAt(Math.ceil(51*Math.random()));tmp;}"): null

2019-11-05 08:08:06 - [TEST_STEP][PASSED] - tel1 = selenium.getEval("{var x="123456789"; var tmp=""; for (i=0;i<3;i++) tmp+=x.charAt(Math.ceil(8*Math.random()));tmp;}"): null

2019-11-05 08:08:06 - [TEST_STEP][PASSED] - tel2 = selenium.getEval("{var x="123456789"; var tmp=""; for (i=0;i<3;i++) tmp+=x.charAt(Math.ceil(8*Math.random()));tmp;}"): null

2019-11-05 08:08:06 - [TEST_STEP][PASSED] - tel3 = selenium.getEval("{var x="123456789"; var tmp=""; for (i=0;i<4;i++) tmp+=x.charAt(Math.ceil(8*Math.random()));tmp;}"): null

2019-11-05 08:08:06 - [TEST_STEP][PASSED] - Tel = selenium.getExpression(tel1 + "-" + tel2 + "-" + tel3): null

2019-11-05 08:08:06 - [TEST_STEP][PASSED] - AutoEmail = selenium.getEval("{var x="ABCDEFGHIJKLMNOPQRSTUVWXYZabcdefghijklmnopqrstuvwxyz"; var tmp="test."; for (i=0;i<8;i++) tmp+=x.charAt(Math.ceil(51*Math.random()));tmp+="@suryani.cn";}"): null

2019-11-05 08:08:06 - [TEST_STEP][PASSED] - FirstName = FirstName: null

2019-11-05 08:08:06 - [TEST_STEP][PASSED] - LastName = LastName: null

2019-11-05 08:08:06 - [TEST_STEP][PASSED] - Address = Address: null

2019-11-05 08:08:06 - [TEST_STEP][PASSED] - City = City: null

2019-11-05 08:08:06 - [TEST_STEP][PASSED] - Tel = Tel: null

2019-11-05 08:08:06 - [TEST_STEP][PASSED] - AutoEmail = AutoEmail: null

2019-11-05 08:08:06 - [TEST_STEP][PASSED] - println(FirstName): null

2019-11-05 08:08:06 - [TEST_STEP][PASSED] - println(LastName): null

2019-11-05 08:08:06 - [TEST_STEP][PASSED] - println(Address): null

2019-11-05 08:08:06 - [TEST_STEP][PASSED] - println(City): null

2019-11-05 08:08:06 - [TEST_STEP][PASSED] - println(Tel): null

2019-11-05 08:08:06 - [TEST_STEP][PASSED] - println(AutoEmail): null

2019-11-05 08:08:06 - [MESSAGE][PASSED] - Call Test Case 'Test Cases/mobileWeb/_include/name' successfully

2019-11-05 08:08:06 - [TEST_STEP][PASSED] - setText(findTestObject("mobileSanity/HBI/Page_App Page 1/input__member-P-1-firstName"), FirstName): Text 'Test-123' is set on object 'Object Repository/mobileSanity/HBI/Page_App Page 1/input__member-P-1-firstName'

2019-11-05 08:08:06 - [MESSAGE][PASSED] - Text 'Test-123' is set on object 'Object Repository/mobileSanity/HBI/Page_App Page 1/input__member-P-1-firstName'

2019-11-05 08:08:06 - [TEST_STEP][PASSED] - setText(findTestObject("mobileSanity/HBI/Page_App Page 1/input__member-P-1-lastName"), LastName): Text 'ZZ11-oEKEgOBz' is set on object 'Object Repository/mobileSanity/HBI/Page_App Page 1/input__member-P-1-lastName'

2019-11-05 08:08:07 - [MESSAGE][PASSED] - Text 'ZZ11-oEKEgOBz' is set on object 'Object Repository/mobileSanity/HBI/Page_App Page 1/input__member-P-1-lastName'

2019-11-05 08:08:07 - [TEST_STEP][PASSED] - if (carrier == "agileone" || carrier == "agilesecure"): null

2019-11-05 08:08:07 - [TEST_STEP][PASSED] - setText(findTestObject("mobileSanity/HBI/Page_App Page 1/input__address"), Address): Text 'YsBPhNfl' is set on object 'Object Repository/mobileSanity/HBI/Page_App Page 1/input__address'

2019-11-05 08:08:07 - [MESSAGE][PASSED] - Text 'YsBPhNfl' is set on object 'Object Repository/mobileSanity/HBI/Page_App Page 1/input__address'

2019-11-05 08:08:07 - [TEST_STEP][PASSED] - setText(findTestObject("mobileSanity/HBI/Page_App Page 1/input__city"), City): Text 'KJQLhFRC' is set on object 'Object Repository/mobileSanity/HBI/Page_App Page 1/input__city'

2019-11-05 08:08:07 - [MESSAGE][PASSED] - Text 'KJQLhFRC' is set on object 'Object Repository/mobileSanity/HBI/Page_App Page 1/input__city'

2019-11-05 08:08:07 - [TEST_STEP][PASSED] - setText(findTestObject("mobileSanity/HBI/Page_App Page 1/input__email"), AutoEmail): Text 'test.zsQBxUps@suryani.cn' is set on object 'Object Repository/mobileSanity/HBI/Page_App Page 1/input__email'

2019-11-05 08:08:08 - [MESSAGE][PASSED] - Text 'test.zsQBxUps@suryani.cn' is set on object 'Object Repository/mobileSanity/HBI/Page_App Page 1/input__email'

2019-11-05 08:08:08 - [TEST_STEP][PASSED] - setText(findTestObject("mobileSanity/HBI/Page_App Page 1/input_tel"), Tel): Text '276-984-8736' is set on object 'Object Repository/mobileSanity/HBI/Page_App Page 1/input_tel'

2019-11-05 08:08:08 - [MESSAGE][PASSED] - Text '276-984-8736' is set on object 'Object Repository/mobileSanity/HBI/Page_App Page 1/input_tel'

2019-11-05 08:08:08 - [TEST_STEP][PASSED] - click(findTestObject("mobileSanity/HBI/Page_App Page 1/a_Continue to Step 2 - Payment")): Object: 'Object Repository/mobileSanity/HBI/Page_App Page 1/a_Continue to Step 2 - Payment' is clicked on

2019-11-05 08:08:08 - [MESSAGE][PASSED] - Object: 'Object Repository/mobileSanity/HBI/Page_App Page 1/a_Continue to Step 2 - Payment' is clicked on

2019-11-05 08:08:08 - [TEST_STEP][PASSED] - waitForPageLoad(20): Wait for page load successfully

2019-11-05 08:08:08 - [MESSAGE][PASSED] - Wait for page load successfully

2019-11-05 08:08:08 - [TEST_STEP][PASSED] - Thread.sleep(2000): null

2019-11-05 08:08:10 - [TEST_STEP][PASSED] - waitForElementVisible(findTestObject("mobileSanity/HBI/Page_App Page 2/input__credit-card-first"), 20): Object 'Object Repository/mobileSanity/HBI/Page_App Page 2/input__credit-card-first' is visible

2019-11-05 08:08:10 - [MESSAGE][PASSED] - Object 'Object Repository/mobileSanity/HBI/Page_App Page 2/input__credit-card-first' is visible

2019-11-05 08:08:10 - [TEST_STEP][PASSED] - callTestCase(findTestCase("mobileWeb/_include/get_screenshot"), [:], STOP_ON_FAILURE): Call Test Case 'Test Cases/mobileWeb/_include/get_screenshot' successfully

2019-11-05 08:08:10 - [TEST_CASE][PASSED] - Test Cases/mobileWeb/_include/get_screenshot: Test Cases/mobileWeb/_include/get_screenshot

2019-11-05 08:08:10 - [TEST_STEP][PASSED] - takeScreenshot(screenPath + i + ".png"): Taking screenshot successfully

2019-11-05 08:08:11 - [MESSAGE][PASSED] - Taking screenshot successfully
[[ATTACHMENT|D:\\Test\\AgileTest\\Reports\\mobileWeb\\hbi\\20191105_080032\\../Screenshots/iPhone 6/hbi/Fixed Cash Benefit/20191105_080731/7.png]]

2019-11-05 08:08:11 - [TEST_STEP][PASSED] - (internal.GlobalVariable.i++): null

2019-11-05 08:08:11 - [MESSAGE][PASSED] - Call Test Case 'Test Cases/mobileWeb/_include/get_screenshot' successfully

2019-11-05 08:08:11 - [TEST_STEP][PASSED] - setText(findTestObject("mobileSanity/HBI/Page_App Page 2/input__credit-card-first"), FirstName): Text 'Test-123' is set on object 'Object Repository/mobileSanity/HBI/Page_App Page 2/input__credit-card-first'

2019-11-05 08:08:11 - [MESSAGE][PASSED] - Text 'Test-123' is set on object 'Object Repository/mobileSanity/HBI/Page_App Page 2/input__credit-card-first'

2019-11-05 08:08:11 - [TEST_STEP][PASSED] - setText(findTestObject("mobileSanity/HBI/Page_App Page 2/input__credit-card-last"), LastName): Text 'ZZ11-oEKEgOBz' is set on object 'Object Repository/mobileSanity/HBI/Page_App Page 2/input__credit-card-last'

2019-11-05 08:08:11 - [MESSAGE][PASSED] - Text 'ZZ11-oEKEgOBz' is set on object 'Object Repository/mobileSanity/HBI/Page_App Page 2/input__credit-card-last'

2019-11-05 08:08:11 - [TEST_STEP][PASSED] - selectOptionByValue(findTestObject("mobileSanity/HBI/Page_App Page 2/select_MM010203040506070809101"), "12", true): All options with value '12' are selected in object 'Object Repository/mobileSanity/HBI/Page_App Page 2/select_MM010203040506070809101'  using regular expression

2019-11-05 08:08:12 - [MESSAGE][PASSED] - All options with value '12' are selected in object 'Object Repository/mobileSanity/HBI/Page_App Page 2/select_MM010203040506070809101'  using regular expression

2019-11-05 08:08:12 - [TEST_STEP][PASSED] - selectOptionByValue(findTestObject("mobileSanity/HBI/Page_App Page 2/select_YYYY2019202020212022202"), "2026", true): All options with value '2026' are selected in object 'Object Repository/mobileSanity/HBI/Page_App Page 2/select_YYYY2019202020212022202'  using regular expression

2019-11-05 08:08:12 - [MESSAGE][PASSED] - All options with value '2026' are selected in object 'Object Repository/mobileSanity/HBI/Page_App Page 2/select_YYYY2019202020212022202'  using regular expression

2019-11-05 08:08:12 - [TEST_STEP][PASSED] - setText(findTestObject("mobileSanity/HBI/Page_App Page 2/input__credit-card-number"), "4111111111111111"): Text '4111111111111111' is set on object 'Object Repository/mobileSanity/HBI/Page_App Page 2/input__credit-card-number'

2019-11-05 08:08:12 - [MESSAGE][PASSED] - Text '4111111111111111' is set on object 'Object Repository/mobileSanity/HBI/Page_App Page 2/input__credit-card-number'

2019-11-05 08:08:12 - [TEST_STEP][PASSED] - setText(findTestObject("mobileSanity/HBI/Page_App Page 2/input__cvv"), "123"): Text '123' is set on object 'Object Repository/mobileSanity/HBI/Page_App Page 2/input__cvv'

2019-11-05 08:08:12 - [MESSAGE][PASSED] - Text '123' is set on object 'Object Repository/mobileSanity/HBI/Page_App Page 2/input__cvv'

2019-11-05 08:08:12 - [TEST_STEP][PASSED] - click(findTestObject("mobileSanity/HBI/Page_App Page 2/label_My billing address is th")): Object: 'Object Repository/mobileSanity/HBI/Page_App Page 2/label_My billing address is th' is clicked on

2019-11-05 08:08:12 - [MESSAGE][PASSED] - Object: 'Object Repository/mobileSanity/HBI/Page_App Page 2/label_My billing address is th' is clicked on

2019-11-05 08:08:12 - [TEST_STEP][PASSED] - click(findTestObject("mobileSanity/HBI/Page_App Page 2/label_I Accept Authorization f")): Object: 'Object Repository/mobileSanity/HBI/Page_App Page 2/label_I Accept Authorization f' is clicked on

2019-11-05 08:08:12 - [MESSAGE][PASSED] - Object: 'Object Repository/mobileSanity/HBI/Page_App Page 2/label_I Accept Authorization f' is clicked on

2019-11-05 08:08:12 - [TEST_STEP][PASSED] - click(findTestObject("mobileSanity/HBI/Page_App Page 2/a_Continue to Step 3 - Review")): Object: 'Object Repository/mobileSanity/HBI/Page_App Page 2/a_Continue to Step 3 - Review' is clicked on

2019-11-05 08:08:13 - [MESSAGE][PASSED] - Object: 'Object Repository/mobileSanity/HBI/Page_App Page 2/a_Continue to Step 3 - Review' is clicked on

2019-11-05 08:08:13 - [TEST_STEP][PASSED] - waitForPageLoad(20): Wait for page load successfully

2019-11-05 08:08:13 - [MESSAGE][PASSED] - Wait for page load successfully

2019-11-05 08:08:13 - [TEST_STEP][PASSED] - Thread.sleep(10000): null

2019-11-05 08:08:23 - [TEST_STEP][PASSED] - waitForElementPresent(findTestObject("mobileSanity/HBI/Page_App Page 3/label"), 20): Object 'Object Repository/mobileSanity/HBI/Page_App Page 3/label' is present

2019-11-05 08:08:23 - [MESSAGE][PASSED] - Object 'Object Repository/mobileSanity/HBI/Page_App Page 3/label' is present

2019-11-05 08:08:23 - [TEST_STEP][PASSED] - callTestCase(findTestCase("mobileWeb/_include/get_screenshot"), [:], STOP_ON_FAILURE): Call Test Case 'Test Cases/mobileWeb/_include/get_screenshot' successfully

2019-11-05 08:08:23 - [TEST_CASE][PASSED] - Test Cases/mobileWeb/_include/get_screenshot: Test Cases/mobileWeb/_include/get_screenshot

2019-11-05 08:08:23 - [TEST_STEP][PASSED] - takeScreenshot(screenPath + i + ".png"): Taking screenshot successfully

2019-11-05 08:08:24 - [MESSAGE][PASSED] - Taking screenshot successfully
[[ATTACHMENT|D:\\Test\\AgileTest\\Reports\\mobileWeb\\hbi\\20191105_080032\\../Screenshots/iPhone 6/hbi/Fixed Cash Benefit/20191105_080731/8.png]]

2019-11-05 08:08:24 - [TEST_STEP][PASSED] - (internal.GlobalVariable.i++): null

2019-11-05 08:08:24 - [MESSAGE][PASSED] - Call Test Case 'Test Cases/mobileWeb/_include/get_screenshot' successfully

2019-11-05 08:08:24 - [TEST_STEP][PASSED] - click(findTestObject("mobileSanity/HBI/Page_App Page 3/label")): Object: 'Object Repository/mobileSanity/HBI/Page_App Page 3/label' is clicked on

2019-11-05 08:08:24 - [MESSAGE][PASSED] - Object: 'Object Repository/mobileSanity/HBI/Page_App Page 3/label' is clicked on

2019-11-05 08:08:24 - [TEST_STEP][PASSED] - click(findTestObject("mobileSanity/HBI/Page_App Page 3/p_CLICK TO SIGN")): Object: 'Object Repository/mobileSanity/HBI/Page_App Page 3/p_CLICK TO SIGN' is clicked on

2019-11-05 08:08:24 - [MESSAGE][PASSED] - Object: 'Object Repository/mobileSanity/HBI/Page_App Page 3/p_CLICK TO SIGN' is clicked on

2019-11-05 08:08:24 - [TEST_STEP][PASSED] - click(findTestObject("mobileSanity/HBI/Page_App Page 3/a_Submit Your Application")): Object: 'Object Repository/mobileSanity/HBI/Page_App Page 3/a_Submit Your Application' is clicked on

2019-11-05 08:08:24 - [MESSAGE][PASSED] - Object: 'Object Repository/mobileSanity/HBI/Page_App Page 3/a_Submit Your Application' is clicked on

2019-11-05 08:08:24 - [TEST_STEP][PASSED] - Thread.sleep(30000): null

2019-11-05 08:08:54 - [TEST_STEP][PASSED] - callTestCase(findTestCase("mobileWeb/_include/get_screenshot"), [:], STOP_ON_FAILURE): Call Test Case 'Test Cases/mobileWeb/_include/get_screenshot' successfully

2019-11-05 08:08:54 - [TEST_CASE][PASSED] - Test Cases/mobileWeb/_include/get_screenshot: Test Cases/mobileWeb/_include/get_screenshot

2019-11-05 08:08:54 - [TEST_STEP][PASSED] - takeScreenshot(screenPath + i + ".png"): Taking screenshot successfully

2019-11-05 08:08:54 - [MESSAGE][PASSED] - Taking screenshot successfully
[[ATTACHMENT|D:\\Test\\AgileTest\\Reports\\mobileWeb\\hbi\\20191105_080032\\../Screenshots/iPhone 6/hbi/Fixed Cash Benefit/20191105_080731/9.png]]

2019-11-05 08:08:54 - [TEST_STEP][PASSED] - (internal.GlobalVariable.i++): null

2019-11-05 08:08:54 - [MESSAGE][PASSED] - Call Test Case 'Test Cases/mobileWeb/_include/get_screenshot' successfully

2019-11-05 08:08:54 - [TEST_STEP][PASSED] - verifyTextPresent("Congratulations", false): Text 'Congratulations' is present on page 

2019-11-05 08:08:54 - [MESSAGE][PASSED] - Text 'Congratulations' is present on page 

2019-11-05 08:08:54 - [MESSAGE][PASSED] - Call Test Case 'Test Cases/mobileWeb/_include/goToEnd_hbi' successfully]]></system-out>
         <system-err><![CDATA[]]></system-err>
      </testcase>
      <testcase name="Test Cases/mobileWeb/HBI/Health Choice" classname="Test Cases/mobileWeb/HBI/Health Choice" status="PASSED">
         <system-out><![CDATA[2019-11-05 08:08:54 - [TEST_CASE][PASSED] - Test Cases/mobileWeb/HBI/Health Choice: Test Cases/mobileWeb/HBI/Health Choice

2019-11-05 08:08:55 - [TEST_STEP][PASSED] - callTestCase(findTestCase("mobileWeb/_include/get_screenPath"), ["productLine":"hbi", "carrierName":"Health Choice"], CONTINUE_ON_FAILURE): Call Test Case 'Test Cases/mobileWeb/_include/get_screenPath' successfully

2019-11-05 08:08:55 - [TEST_CASE][PASSED] - Test Cases/mobileWeb/_include/get_screenPath: Test Cases/mobileWeb/_include/get_screenPath

2019-11-05 08:08:55 - [TEST_STEP][PASSED] - m = getExecutionProperties(): null

2019-11-05 08:08:55 - [TEST_STEP][PASSED] - deviceName = get("mobileEmulation").get("deviceName"): null

2019-11-05 08:08:55 - [TEST_STEP][PASSED] - println(deviceName): null

2019-11-05 08:08:55 - [TEST_STEP][PASSED] - now = new java.util.Date(): null

2019-11-05 08:08:55 - [TEST_STEP][PASSED] - mydate = now.format("yyyyMMdd_HHmmss"): null

2019-11-05 08:08:55 - [TEST_STEP][PASSED] - screenPath = "../Screenshots/": null

2019-11-05 08:08:55 - [TEST_STEP][PASSED] - screenPath = screenPath + deviceName + "/" + productLine + "/" + carrierName + "/" + mydate + "/": null

2019-11-05 08:08:55 - [TEST_STEP][PASSED] - println(screenPath): null

2019-11-05 08:08:55 - [MESSAGE][PASSED] - Call Test Case 'Test Cases/mobileWeb/_include/get_screenPath' successfully

2019-11-05 08:08:55 - [TEST_STEP][PASSED] - i = 0: null

2019-11-05 08:08:55 - [TEST_STEP][PASSED] - callTestCase(findTestCase("mobileWeb/_include/openWebSite"), [:], CONTINUE_ON_FAILURE): Call Test Case 'Test Cases/mobileWeb/_include/openWebSite' successfully

2019-11-05 08:08:55 - [TEST_CASE][PASSED] - Test Cases/mobileWeb/_include/openWebSite: Test Cases/mobileWeb/_include/openWebSite

2019-11-05 08:08:55 - [TEST_STEP][PASSED] - openBrowser(env): Browser is opened with url: 'https://praetemptatus.agilehealthinsurance.com'

2019-11-05 08:08:55 - [MESSAGE][WARNING] - A browser is already opened. Closing browser and opening a new one

2019-11-05 08:08:55 - [MESSAGE][INFO] - Starting 'Chrome' driver

2019-11-05 08:08:55 - [MESSAGE][INFO] - User set preference: ['mobileEmulation', '{deviceName=iPhone 6}']

2019-11-05 08:08:55 - [MESSAGE][INFO] - User set preference: ['args', '[--incognito, --aggressive-cache-discard, --window-size=375,677, --no-sandbox]']

2019-11-05 08:08:57 - [MESSAGE][PASSED] - Browser is opened with url: 'https://praetemptatus.agilehealthinsurance.com'

2019-11-05 08:08:57 - [TEST_STEP][PASSED] - waitForPageLoad(20): Wait for page load successfully

2019-11-05 08:08:57 - [MESSAGE][PASSED] - Wait for page load successfully

2019-11-05 08:08:57 - [TEST_STEP][PASSED] - Thread.sleep(2000): null

2019-11-05 08:08:59 - [TEST_STEP][PASSED] - callTestCase(findTestCase("mobileWeb/_include/get_screenshot"), [:], STOP_ON_FAILURE): Call Test Case 'Test Cases/mobileWeb/_include/get_screenshot' successfully

2019-11-05 08:08:59 - [TEST_CASE][PASSED] - Test Cases/mobileWeb/_include/get_screenshot: Test Cases/mobileWeb/_include/get_screenshot

2019-11-05 08:08:59 - [TEST_STEP][PASSED] - takeScreenshot(screenPath + i + ".png"): Taking screenshot successfully

2019-11-05 08:09:00 - [MESSAGE][PASSED] - Taking screenshot successfully
[[ATTACHMENT|D:\\Test\\AgileTest\\Reports\\mobileWeb\\hbi\\20191105_080032\\../Screenshots/iPhone 6/hbi/Health Choice/20191105_080855/0.png]]

2019-11-05 08:09:00 - [TEST_STEP][PASSED] - (internal.GlobalVariable.i++): null

2019-11-05 08:09:00 - [MESSAGE][PASSED] - Call Test Case 'Test Cases/mobileWeb/_include/get_screenshot' successfully

2019-11-05 08:09:00 - [MESSAGE][PASSED] - Call Test Case 'Test Cases/mobileWeb/_include/openWebSite' successfully

2019-11-05 08:09:00 - [TEST_STEP][PASSED] - callTestCase(findTestCase("mobileWeb/_include/census_hbi"), [:], CONTINUE_ON_FAILURE): Call Test Case 'Test Cases/mobileWeb/_include/census_hbi' successfully

2019-11-05 08:09:00 - [TEST_CASE][PASSED] - Test Cases/mobileWeb/_include/census_hbi: Test Cases/mobileWeb/_include/census_hbi

2019-11-05 08:09:00 - [TEST_STEP][PASSED] - click(findTestObject("mobileSanity/Common/side_nav/menu")): Object: 'Object Repository/mobileSanity/Common/side_nav/menu' is clicked on

2019-11-05 08:09:00 - [MESSAGE][PASSED] - Object: 'Object Repository/mobileSanity/Common/side_nav/menu' is clicked on

2019-11-05 08:09:00 - [TEST_STEP][PASSED] - Thread.sleep(3000): null

2019-11-05 08:09:03 - [TEST_STEP][PASSED] - callTestCase(findTestCase("mobileWeb/_include/get_screenshot"), [:], STOP_ON_FAILURE): Call Test Case 'Test Cases/mobileWeb/_include/get_screenshot' successfully

2019-11-05 08:09:03 - [TEST_CASE][PASSED] - Test Cases/mobileWeb/_include/get_screenshot: Test Cases/mobileWeb/_include/get_screenshot

2019-11-05 08:09:03 - [TEST_STEP][PASSED] - takeScreenshot(screenPath + i + ".png"): Taking screenshot successfully

2019-11-05 08:09:04 - [MESSAGE][PASSED] - Taking screenshot successfully
[[ATTACHMENT|D:\\Test\\AgileTest\\Reports\\mobileWeb\\hbi\\20191105_080032\\../Screenshots/iPhone 6/hbi/Health Choice/20191105_080855/1.png]]

2019-11-05 08:09:04 - [TEST_STEP][PASSED] - (internal.GlobalVariable.i++): null

2019-11-05 08:09:04 - [MESSAGE][PASSED] - Call Test Case 'Test Cases/mobileWeb/_include/get_screenshot' successfully

2019-11-05 08:09:04 - [TEST_STEP][PASSED] - click(findTestObject("mobileSanity/Common/side_nav/nav_hbi")): Object: 'Object Repository/mobileSanity/Common/side_nav/nav_hbi' is clicked on

2019-11-05 08:09:04 - [MESSAGE][PASSED] - Object: 'Object Repository/mobileSanity/Common/side_nav/nav_hbi' is clicked on

2019-11-05 08:09:04 - [TEST_STEP][PASSED] - waitForPageLoad(10): Wait for page load successfully

2019-11-05 08:09:04 - [MESSAGE][PASSED] - Wait for page load successfully

2019-11-05 08:09:04 - [TEST_STEP][PASSED] - Thread.sleep(3000): null

2019-11-05 08:09:07 - [TEST_STEP][PASSED] - callTestCase(findTestCase("mobileWeb/_include/get_screenshot"), [:], STOP_ON_FAILURE): Call Test Case 'Test Cases/mobileWeb/_include/get_screenshot' successfully

2019-11-05 08:09:07 - [TEST_CASE][PASSED] - Test Cases/mobileWeb/_include/get_screenshot: Test Cases/mobileWeb/_include/get_screenshot

2019-11-05 08:09:07 - [TEST_STEP][PASSED] - takeScreenshot(screenPath + i + ".png"): Taking screenshot successfully

2019-11-05 08:09:08 - [MESSAGE][PASSED] - Taking screenshot successfully
[[ATTACHMENT|D:\\Test\\AgileTest\\Reports\\mobileWeb\\hbi\\20191105_080032\\../Screenshots/iPhone 6/hbi/Health Choice/20191105_080855/2.png]]

2019-11-05 08:09:08 - [TEST_STEP][PASSED] - (internal.GlobalVariable.i++): null

2019-11-05 08:09:08 - [MESSAGE][PASSED] - Call Test Case 'Test Cases/mobileWeb/_include/get_screenshot' successfully

2019-11-05 08:09:08 - [TEST_STEP][PASSED] - setText(findTestObject("mobileSanity/HBI/census/input_Location_zip-input"), zipcode): Text '35215' is set on object 'Object Repository/mobileSanity/HBI/census/input_Location_zip-input'

2019-11-05 08:09:08 - [MESSAGE][PASSED] - Text '35215' is set on object 'Object Repository/mobileSanity/HBI/census/input_Location_zip-input'

2019-11-05 08:09:08 - [TEST_STEP][PASSED] - Thread.sleep(500): null

2019-11-05 08:09:08 - [TEST_STEP][PASSED] - setText(findTestObject("mobileSanity/HBI/census/input_Date of Birth_dob-0"), "12121980"): Text '12121980' is set on object 'Object Repository/mobileSanity/HBI/census/input_Date of Birth_dob-0'

2019-11-05 08:09:08 - [MESSAGE][PASSED] - Text '12121980' is set on object 'Object Repository/mobileSanity/HBI/census/input_Date of Birth_dob-0'

2019-11-05 08:09:08 - [TEST_STEP][PASSED] - click(findTestObject("mobileSanity/HBI/census/label_Male")): Object: 'Object Repository/mobileSanity/HBI/census/label_Male' is clicked on

2019-11-05 08:09:09 - [MESSAGE][PASSED] - Object: 'Object Repository/mobileSanity/HBI/census/label_Male' is clicked on

2019-11-05 08:09:09 - [TEST_STEP][PASSED] - click(findTestObject("mobileSanity/HBI/census/label_Get a Quote")): Object: 'Object Repository/mobileSanity/HBI/census/label_Get a Quote' is clicked on

2019-11-05 08:09:10 - [MESSAGE][PASSED] - Object: 'Object Repository/mobileSanity/HBI/census/label_Get a Quote' is clicked on

2019-11-05 08:09:10 - [TEST_STEP][PASSED] - waitForPageLoad(20): Wait for page load successfully

2019-11-05 08:09:11 - [MESSAGE][PASSED] - Wait for page load successfully

2019-11-05 08:09:11 - [TEST_STEP][PASSED] - Thread.sleep(3000): null

2019-11-05 08:09:14 - [TEST_STEP][PASSED] - callTestCase(findTestCase("mobileWeb/_include/get_screenshot"), [:], STOP_ON_FAILURE): Call Test Case 'Test Cases/mobileWeb/_include/get_screenshot' successfully

2019-11-05 08:09:14 - [TEST_CASE][PASSED] - Test Cases/mobileWeb/_include/get_screenshot: Test Cases/mobileWeb/_include/get_screenshot

2019-11-05 08:09:14 - [TEST_STEP][PASSED] - takeScreenshot(screenPath + i + ".png"): Taking screenshot successfully

2019-11-05 08:09:14 - [MESSAGE][PASSED] - Taking screenshot successfully
[[ATTACHMENT|D:\\Test\\AgileTest\\Reports\\mobileWeb\\hbi\\20191105_080032\\../Screenshots/iPhone 6/hbi/Health Choice/20191105_080855/3.png]]

2019-11-05 08:09:14 - [TEST_STEP][PASSED] - (internal.GlobalVariable.i++): null

2019-11-05 08:09:14 - [MESSAGE][PASSED] - Call Test Case 'Test Cases/mobileWeb/_include/get_screenshot' successfully

2019-11-05 08:09:14 - [MESSAGE][PASSED] - Call Test Case 'Test Cases/mobileWeb/_include/census_hbi' successfully

2019-11-05 08:09:14 - [TEST_STEP][PASSED] - Thread.sleep(5000): null

2019-11-05 08:09:19 - [TEST_STEP][PASSED] - scrollToPosition(200, 2300): Browser is scrolled to position x = 200, y = 2300

2019-11-05 08:09:19 - [MESSAGE][PASSED] - Browser is scrolled to position x = 200, y = 2300

2019-11-05 08:09:19 - [TEST_STEP][PASSED] - click(findTestObject("mobileSanity/HBI/quote/a_Health Choice")): Object: 'Object Repository/mobileSanity/HBI/quote/a_Health Choice' is clicked on

2019-11-05 08:09:20 - [MESSAGE][PASSED] - Object: 'Object Repository/mobileSanity/HBI/quote/a_Health Choice' is clicked on

2019-11-05 08:09:20 - [TEST_STEP][PASSED] - waitForPageLoad(20): Wait for page load successfully

2019-11-05 08:09:20 - [MESSAGE][PASSED] - Wait for page load successfully

2019-11-05 08:09:20 - [TEST_STEP][PASSED] - callTestCase(findTestCase("mobileWeb/_include/get_screenshot"), [:], STOP_ON_FAILURE): Call Test Case 'Test Cases/mobileWeb/_include/get_screenshot' successfully

2019-11-05 08:09:20 - [TEST_CASE][PASSED] - Test Cases/mobileWeb/_include/get_screenshot: Test Cases/mobileWeb/_include/get_screenshot

2019-11-05 08:09:20 - [TEST_STEP][PASSED] - takeScreenshot(screenPath + i + ".png"): Taking screenshot successfully

2019-11-05 08:09:20 - [MESSAGE][PASSED] - Taking screenshot successfully
[[ATTACHMENT|D:\\Test\\AgileTest\\Reports\\mobileWeb\\hbi\\20191105_080032\\../Screenshots/iPhone 6/hbi/Health Choice/20191105_080855/4.png]]

2019-11-05 08:09:20 - [TEST_STEP][PASSED] - (internal.GlobalVariable.i++): null

2019-11-05 08:09:20 - [MESSAGE][PASSED] - Call Test Case 'Test Cases/mobileWeb/_include/get_screenshot' successfully

2019-11-05 08:09:20 - [TEST_STEP][PASSED] - click(findTestObject("mobileSanity/HBI/detail/a_Apply for This Plan")): Object: 'Object Repository/mobileSanity/HBI/detail/a_Apply for This Plan' is clicked on

2019-11-05 08:09:21 - [MESSAGE][PASSED] - Object: 'Object Repository/mobileSanity/HBI/detail/a_Apply for This Plan' is clicked on

2019-11-05 08:09:21 - [TEST_STEP][PASSED] - waitForPageLoad(20): Wait for page load successfully

2019-11-05 08:09:21 - [MESSAGE][PASSED] - Wait for page load successfully

2019-11-05 08:09:21 - [TEST_STEP][PASSED] - callTestCase(findTestCase("mobileWeb/_include/get_screenshot"), [:], STOP_ON_FAILURE): Call Test Case 'Test Cases/mobileWeb/_include/get_screenshot' successfully

2019-11-05 08:09:21 - [TEST_CASE][PASSED] - Test Cases/mobileWeb/_include/get_screenshot: Test Cases/mobileWeb/_include/get_screenshot

2019-11-05 08:09:21 - [TEST_STEP][PASSED] - takeScreenshot(screenPath + i + ".png"): Taking screenshot successfully

2019-11-05 08:09:22 - [MESSAGE][PASSED] - Taking screenshot successfully
[[ATTACHMENT|D:\\Test\\AgileTest\\Reports\\mobileWeb\\hbi\\20191105_080032\\../Screenshots/iPhone 6/hbi/Health Choice/20191105_080855/5.png]]

2019-11-05 08:09:22 - [TEST_STEP][PASSED] - (internal.GlobalVariable.i++): null

2019-11-05 08:09:22 - [MESSAGE][PASSED] - Call Test Case 'Test Cases/mobileWeb/_include/get_screenshot' successfully

2019-11-05 08:09:22 - [TEST_STEP][PASSED] - click(findTestObject("mobileSanity/HBI/Page_Apply/span_Start Secure Application")): Object: 'Object Repository/mobileSanity/HBI/Page_Apply/span_Start Secure Application' is clicked on

2019-11-05 08:09:23 - [MESSAGE][PASSED] - Object: 'Object Repository/mobileSanity/HBI/Page_Apply/span_Start Secure Application' is clicked on

2019-11-05 08:09:23 - [TEST_STEP][PASSED] - waitForPageLoad(20): Wait for page load successfully

2019-11-05 08:09:23 - [MESSAGE][PASSED] - Wait for page load successfully

2019-11-05 08:09:23 - [TEST_STEP][PASSED] - Thread.sleep(5000): null

2019-11-05 08:09:28 - [TEST_STEP][PASSED] - callTestCase(findTestCase("mobileWeb/_include/get_screenshot"), [:], STOP_ON_FAILURE): Call Test Case 'Test Cases/mobileWeb/_include/get_screenshot' successfully

2019-11-05 08:09:28 - [TEST_CASE][PASSED] - Test Cases/mobileWeb/_include/get_screenshot: Test Cases/mobileWeb/_include/get_screenshot

2019-11-05 08:09:28 - [TEST_STEP][PASSED] - takeScreenshot(screenPath + i + ".png"): Taking screenshot successfully

2019-11-05 08:09:28 - [MESSAGE][PASSED] - Taking screenshot successfully
[[ATTACHMENT|D:\\Test\\AgileTest\\Reports\\mobileWeb\\hbi\\20191105_080032\\../Screenshots/iPhone 6/hbi/Health Choice/20191105_080855/6.png]]

2019-11-05 08:09:28 - [TEST_STEP][PASSED] - (internal.GlobalVariable.i++): null

2019-11-05 08:09:28 - [MESSAGE][PASSED] - Call Test Case 'Test Cases/mobileWeb/_include/get_screenshot' successfully

2019-11-05 08:09:28 - [TEST_STEP][PASSED] - callTestCase(findTestCase("mobileWeb/_include/goToEnd_hbi"), ["carrier":"healthchoiceplus"], CONTINUE_ON_FAILURE): Call Test Case 'Test Cases/mobileWeb/_include/goToEnd_hbi' successfully

2019-11-05 08:09:28 - [TEST_CASE][PASSED] - Test Cases/mobileWeb/_include/goToEnd_hbi: Test Cases/mobileWeb/_include/goToEnd_hbi

2019-11-05 08:09:28 - [TEST_STEP][PASSED] - if (state == "ca"): null

2019-11-05 08:09:28 - [TEST_STEP][PASSED] - callTestCase(findTestCase("mobileWeb/_include/name"), [:], CONTINUE_ON_FAILURE): Call Test Case 'Test Cases/mobileWeb/_include/name' successfully

2019-11-05 08:09:28 - [TEST_CASE][PASSED] - Test Cases/mobileWeb/_include/name: Test Cases/mobileWeb/_include/name

2019-11-05 08:09:28 - [TEST_STEP][PASSED] - driver = getWebDriver(): null

2019-11-05 08:09:28 - [TEST_STEP][PASSED] - selenium = new com.thoughtworks.selenium.webdriven.WebDriverBackedSelenium(driver, internal.GlobalVariable.ENV): null

2019-11-05 08:09:28 - [TEST_STEP][PASSED] - FirstName = "Test-123": null

2019-11-05 08:09:28 - [TEST_STEP][PASSED] - LastName = selenium.getEval("{var x="ABCDEFGHIJKLMNOPQRSTUVWXYZabcdefghijklmnopqrstuvwxyz"; var tmp="ZZ11-"; for (i=0;i<8;i++) tmp+=x.charAt(Math.ceil(51*Math.random()));tmp;}"): null

2019-11-05 08:09:28 - [TEST_STEP][PASSED] - Address = selenium.getEval("{var x="ABCDEFGHIJKLMNOPQRSTUVWXYZabcdefghijklmnopqrstuvwxyz"; var tmp=""; for (i=0;i<8;i++) tmp+=x.charAt(Math.ceil(51*Math.random()));tmp;}"): null

2019-11-05 08:09:28 - [TEST_STEP][PASSED] - City = selenium.getEval("{var x="ABCDEFGHIJKLMNOPQRSTUVWXYZabcdefghijklmnopqrstuvwxyz"; var tmp=""; for (i=0;i<8;i++) tmp+=x.charAt(Math.ceil(51*Math.random()));tmp;}"): null

2019-11-05 08:09:28 - [TEST_STEP][PASSED] - tel1 = selenium.getEval("{var x="123456789"; var tmp=""; for (i=0;i<3;i++) tmp+=x.charAt(Math.ceil(8*Math.random()));tmp;}"): null

2019-11-05 08:09:28 - [TEST_STEP][PASSED] - tel2 = selenium.getEval("{var x="123456789"; var tmp=""; for (i=0;i<3;i++) tmp+=x.charAt(Math.ceil(8*Math.random()));tmp;}"): null

2019-11-05 08:09:28 - [TEST_STEP][PASSED] - tel3 = selenium.getEval("{var x="123456789"; var tmp=""; for (i=0;i<4;i++) tmp+=x.charAt(Math.ceil(8*Math.random()));tmp;}"): null

2019-11-05 08:09:28 - [TEST_STEP][PASSED] - Tel = selenium.getExpression(tel1 + "-" + tel2 + "-" + tel3): null

2019-11-05 08:09:28 - [TEST_STEP][PASSED] - AutoEmail = selenium.getEval("{var x="ABCDEFGHIJKLMNOPQRSTUVWXYZabcdefghijklmnopqrstuvwxyz"; var tmp="test."; for (i=0;i<8;i++) tmp+=x.charAt(Math.ceil(51*Math.random()));tmp+="@suryani.cn";}"): null

2019-11-05 08:09:28 - [TEST_STEP][PASSED] - FirstName = FirstName: null

2019-11-05 08:09:28 - [TEST_STEP][PASSED] - LastName = LastName: null

2019-11-05 08:09:28 - [TEST_STEP][PASSED] - Address = Address: null

2019-11-05 08:09:28 - [TEST_STEP][PASSED] - City = City: null

2019-11-05 08:09:28 - [TEST_STEP][PASSED] - Tel = Tel: null

2019-11-05 08:09:28 - [TEST_STEP][PASSED] - AutoEmail = AutoEmail: null

2019-11-05 08:09:28 - [TEST_STEP][PASSED] - println(FirstName): null

2019-11-05 08:09:28 - [TEST_STEP][PASSED] - println(LastName): null

2019-11-05 08:09:28 - [TEST_STEP][PASSED] - println(Address): null

2019-11-05 08:09:28 - [TEST_STEP][PASSED] - println(City): null

2019-11-05 08:09:28 - [TEST_STEP][PASSED] - println(Tel): null

2019-11-05 08:09:28 - [TEST_STEP][PASSED] - println(AutoEmail): null

2019-11-05 08:09:28 - [MESSAGE][PASSED] - Call Test Case 'Test Cases/mobileWeb/_include/name' successfully

2019-11-05 08:09:28 - [TEST_STEP][PASSED] - setText(findTestObject("mobileSanity/HBI/Page_App Page 1/input__member-P-1-firstName"), FirstName): Text 'Test-123' is set on object 'Object Repository/mobileSanity/HBI/Page_App Page 1/input__member-P-1-firstName'

2019-11-05 08:09:28 - [MESSAGE][PASSED] - Text 'Test-123' is set on object 'Object Repository/mobileSanity/HBI/Page_App Page 1/input__member-P-1-firstName'

2019-11-05 08:09:28 - [TEST_STEP][PASSED] - setText(findTestObject("mobileSanity/HBI/Page_App Page 1/input__member-P-1-lastName"), LastName): Text 'ZZ11-DHRGnoLQ' is set on object 'Object Repository/mobileSanity/HBI/Page_App Page 1/input__member-P-1-lastName'

2019-11-05 08:09:29 - [MESSAGE][PASSED] - Text 'ZZ11-DHRGnoLQ' is set on object 'Object Repository/mobileSanity/HBI/Page_App Page 1/input__member-P-1-lastName'

2019-11-05 08:09:29 - [TEST_STEP][PASSED] - if (carrier == "agileone" || carrier == "agilesecure"): null

2019-11-05 08:09:29 - [TEST_STEP][PASSED] - setText(findTestObject("mobileSanity/HBI/Page_App Page 1/input__address"), Address): Text 'ytzxoVBm' is set on object 'Object Repository/mobileSanity/HBI/Page_App Page 1/input__address'

2019-11-05 08:09:29 - [MESSAGE][PASSED] - Text 'ytzxoVBm' is set on object 'Object Repository/mobileSanity/HBI/Page_App Page 1/input__address'

2019-11-05 08:09:29 - [TEST_STEP][PASSED] - setText(findTestObject("mobileSanity/HBI/Page_App Page 1/input__city"), City): Text 'etGITfWZ' is set on object 'Object Repository/mobileSanity/HBI/Page_App Page 1/input__city'

2019-11-05 08:09:29 - [MESSAGE][PASSED] - Text 'etGITfWZ' is set on object 'Object Repository/mobileSanity/HBI/Page_App Page 1/input__city'

2019-11-05 08:09:29 - [TEST_STEP][PASSED] - setText(findTestObject("mobileSanity/HBI/Page_App Page 1/input__email"), AutoEmail): Text 'test.OkCIXOwl@suryani.cn' is set on object 'Object Repository/mobileSanity/HBI/Page_App Page 1/input__email'

2019-11-05 08:09:29 - [MESSAGE][PASSED] - Text 'test.OkCIXOwl@suryani.cn' is set on object 'Object Repository/mobileSanity/HBI/Page_App Page 1/input__email'

2019-11-05 08:09:29 - [TEST_STEP][PASSED] - setText(findTestObject("mobileSanity/HBI/Page_App Page 1/input_tel"), Tel): Text '953-498-6234' is set on object 'Object Repository/mobileSanity/HBI/Page_App Page 1/input_tel'

2019-11-05 08:09:29 - [MESSAGE][PASSED] - Text '953-498-6234' is set on object 'Object Repository/mobileSanity/HBI/Page_App Page 1/input_tel'

2019-11-05 08:09:29 - [TEST_STEP][PASSED] - click(findTestObject("mobileSanity/HBI/Page_App Page 1/a_Continue to Step 2 - Payment")): Object: 'Object Repository/mobileSanity/HBI/Page_App Page 1/a_Continue to Step 2 - Payment' is clicked on

2019-11-05 08:09:30 - [MESSAGE][PASSED] - Object: 'Object Repository/mobileSanity/HBI/Page_App Page 1/a_Continue to Step 2 - Payment' is clicked on

2019-11-05 08:09:30 - [TEST_STEP][PASSED] - waitForPageLoad(20): Wait for page load successfully

2019-11-05 08:09:30 - [MESSAGE][PASSED] - Wait for page load successfully

2019-11-05 08:09:30 - [TEST_STEP][PASSED] - Thread.sleep(2000): null

2019-11-05 08:09:32 - [TEST_STEP][PASSED] - waitForElementVisible(findTestObject("mobileSanity/HBI/Page_App Page 2/input__credit-card-first"), 20): Object 'Object Repository/mobileSanity/HBI/Page_App Page 2/input__credit-card-first' is visible

2019-11-05 08:09:32 - [MESSAGE][PASSED] - Object 'Object Repository/mobileSanity/HBI/Page_App Page 2/input__credit-card-first' is visible

2019-11-05 08:09:32 - [TEST_STEP][PASSED] - callTestCase(findTestCase("mobileWeb/_include/get_screenshot"), [:], STOP_ON_FAILURE): Call Test Case 'Test Cases/mobileWeb/_include/get_screenshot' successfully

2019-11-05 08:09:32 - [TEST_CASE][PASSED] - Test Cases/mobileWeb/_include/get_screenshot: Test Cases/mobileWeb/_include/get_screenshot

2019-11-05 08:09:32 - [TEST_STEP][PASSED] - takeScreenshot(screenPath + i + ".png"): Taking screenshot successfully

2019-11-05 08:09:32 - [MESSAGE][PASSED] - Taking screenshot successfully
[[ATTACHMENT|D:\\Test\\AgileTest\\Reports\\mobileWeb\\hbi\\20191105_080032\\../Screenshots/iPhone 6/hbi/Health Choice/20191105_080855/7.png]]

2019-11-05 08:09:32 - [TEST_STEP][PASSED] - (internal.GlobalVariable.i++): null

2019-11-05 08:09:32 - [MESSAGE][PASSED] - Call Test Case 'Test Cases/mobileWeb/_include/get_screenshot' successfully

2019-11-05 08:09:32 - [TEST_STEP][PASSED] - setText(findTestObject("mobileSanity/HBI/Page_App Page 2/input__credit-card-first"), FirstName): Text 'Test-123' is set on object 'Object Repository/mobileSanity/HBI/Page_App Page 2/input__credit-card-first'

2019-11-05 08:09:32 - [MESSAGE][PASSED] - Text 'Test-123' is set on object 'Object Repository/mobileSanity/HBI/Page_App Page 2/input__credit-card-first'

2019-11-05 08:09:32 - [TEST_STEP][PASSED] - setText(findTestObject("mobileSanity/HBI/Page_App Page 2/input__credit-card-last"), LastName): Text 'ZZ11-DHRGnoLQ' is set on object 'Object Repository/mobileSanity/HBI/Page_App Page 2/input__credit-card-last'

2019-11-05 08:09:32 - [MESSAGE][PASSED] - Text 'ZZ11-DHRGnoLQ' is set on object 'Object Repository/mobileSanity/HBI/Page_App Page 2/input__credit-card-last'

2019-11-05 08:09:32 - [TEST_STEP][PASSED] - selectOptionByValue(findTestObject("mobileSanity/HBI/Page_App Page 2/select_MM010203040506070809101"), "12", true): All options with value '12' are selected in object 'Object Repository/mobileSanity/HBI/Page_App Page 2/select_MM010203040506070809101'  using regular expression

2019-11-05 08:09:33 - [MESSAGE][PASSED] - All options with value '12' are selected in object 'Object Repository/mobileSanity/HBI/Page_App Page 2/select_MM010203040506070809101'  using regular expression

2019-11-05 08:09:33 - [TEST_STEP][PASSED] - selectOptionByValue(findTestObject("mobileSanity/HBI/Page_App Page 2/select_YYYY2019202020212022202"), "2026", true): All options with value '2026' are selected in object 'Object Repository/mobileSanity/HBI/Page_App Page 2/select_YYYY2019202020212022202'  using regular expression

2019-11-05 08:09:33 - [MESSAGE][PASSED] - All options with value '2026' are selected in object 'Object Repository/mobileSanity/HBI/Page_App Page 2/select_YYYY2019202020212022202'  using regular expression

2019-11-05 08:09:33 - [TEST_STEP][PASSED] - setText(findTestObject("mobileSanity/HBI/Page_App Page 2/input__credit-card-number"), "4111111111111111"): Text '4111111111111111' is set on object 'Object Repository/mobileSanity/HBI/Page_App Page 2/input__credit-card-number'

2019-11-05 08:09:33 - [MESSAGE][PASSED] - Text '4111111111111111' is set on object 'Object Repository/mobileSanity/HBI/Page_App Page 2/input__credit-card-number'

2019-11-05 08:09:33 - [TEST_STEP][PASSED] - setText(findTestObject("mobileSanity/HBI/Page_App Page 2/input__cvv"), "123"): Text '123' is set on object 'Object Repository/mobileSanity/HBI/Page_App Page 2/input__cvv'

2019-11-05 08:09:33 - [MESSAGE][PASSED] - Text '123' is set on object 'Object Repository/mobileSanity/HBI/Page_App Page 2/input__cvv'

2019-11-05 08:09:33 - [TEST_STEP][PASSED] - click(findTestObject("mobileSanity/HBI/Page_App Page 2/label_My billing address is th")): Object: 'Object Repository/mobileSanity/HBI/Page_App Page 2/label_My billing address is th' is clicked on

2019-11-05 08:09:34 - [MESSAGE][PASSED] - Object: 'Object Repository/mobileSanity/HBI/Page_App Page 2/label_My billing address is th' is clicked on

2019-11-05 08:09:34 - [TEST_STEP][PASSED] - click(findTestObject("mobileSanity/HBI/Page_App Page 2/label_I Accept Authorization f")): Object: 'Object Repository/mobileSanity/HBI/Page_App Page 2/label_I Accept Authorization f' is clicked on

2019-11-05 08:09:34 - [MESSAGE][PASSED] - Object: 'Object Repository/mobileSanity/HBI/Page_App Page 2/label_I Accept Authorization f' is clicked on

2019-11-05 08:09:34 - [TEST_STEP][PASSED] - click(findTestObject("mobileSanity/HBI/Page_App Page 2/a_Continue to Step 3 - Review")): Object: 'Object Repository/mobileSanity/HBI/Page_App Page 2/a_Continue to Step 3 - Review' is clicked on

2019-11-05 08:09:34 - [MESSAGE][PASSED] - Object: 'Object Repository/mobileSanity/HBI/Page_App Page 2/a_Continue to Step 3 - Review' is clicked on

2019-11-05 08:09:34 - [TEST_STEP][PASSED] - waitForPageLoad(20): Wait for page load successfully

2019-11-05 08:09:34 - [MESSAGE][PASSED] - Wait for page load successfully

2019-11-05 08:09:34 - [TEST_STEP][PASSED] - Thread.sleep(10000): null

2019-11-05 08:09:44 - [TEST_STEP][PASSED] - waitForElementPresent(findTestObject("mobileSanity/HBI/Page_App Page 3/label"), 20): Object 'Object Repository/mobileSanity/HBI/Page_App Page 3/label' is present

2019-11-05 08:09:45 - [MESSAGE][PASSED] - Object 'Object Repository/mobileSanity/HBI/Page_App Page 3/label' is present

2019-11-05 08:09:45 - [TEST_STEP][PASSED] - callTestCase(findTestCase("mobileWeb/_include/get_screenshot"), [:], STOP_ON_FAILURE): Call Test Case 'Test Cases/mobileWeb/_include/get_screenshot' successfully

2019-11-05 08:09:45 - [TEST_CASE][PASSED] - Test Cases/mobileWeb/_include/get_screenshot: Test Cases/mobileWeb/_include/get_screenshot

2019-11-05 08:09:45 - [TEST_STEP][PASSED] - takeScreenshot(screenPath + i + ".png"): Taking screenshot successfully

2019-11-05 08:09:45 - [MESSAGE][PASSED] - Taking screenshot successfully
[[ATTACHMENT|D:\\Test\\AgileTest\\Reports\\mobileWeb\\hbi\\20191105_080032\\../Screenshots/iPhone 6/hbi/Health Choice/20191105_080855/8.png]]

2019-11-05 08:09:45 - [TEST_STEP][PASSED] - (internal.GlobalVariable.i++): null

2019-11-05 08:09:45 - [MESSAGE][PASSED] - Call Test Case 'Test Cases/mobileWeb/_include/get_screenshot' successfully

2019-11-05 08:09:45 - [TEST_STEP][PASSED] - click(findTestObject("mobileSanity/HBI/Page_App Page 3/label")): Object: 'Object Repository/mobileSanity/HBI/Page_App Page 3/label' is clicked on

2019-11-05 08:09:45 - [MESSAGE][PASSED] - Object: 'Object Repository/mobileSanity/HBI/Page_App Page 3/label' is clicked on

2019-11-05 08:09:45 - [TEST_STEP][PASSED] - click(findTestObject("mobileSanity/HBI/Page_App Page 3/p_CLICK TO SIGN")): Object: 'Object Repository/mobileSanity/HBI/Page_App Page 3/p_CLICK TO SIGN' is clicked on

2019-11-05 08:09:45 - [MESSAGE][PASSED] - Object: 'Object Repository/mobileSanity/HBI/Page_App Page 3/p_CLICK TO SIGN' is clicked on

2019-11-05 08:09:45 - [TEST_STEP][PASSED] - click(findTestObject("mobileSanity/HBI/Page_App Page 3/a_Submit Your Application")): Object: 'Object Repository/mobileSanity/HBI/Page_App Page 3/a_Submit Your Application' is clicked on

2019-11-05 08:09:45 - [MESSAGE][PASSED] - Object: 'Object Repository/mobileSanity/HBI/Page_App Page 3/a_Submit Your Application' is clicked on

2019-11-05 08:09:45 - [TEST_STEP][PASSED] - Thread.sleep(30000): null

2019-11-05 08:10:15 - [TEST_STEP][PASSED] - callTestCase(findTestCase("mobileWeb/_include/get_screenshot"), [:], STOP_ON_FAILURE): Call Test Case 'Test Cases/mobileWeb/_include/get_screenshot' successfully

2019-11-05 08:10:16 - [TEST_CASE][PASSED] - Test Cases/mobileWeb/_include/get_screenshot: Test Cases/mobileWeb/_include/get_screenshot

2019-11-05 08:10:16 - [TEST_STEP][PASSED] - takeScreenshot(screenPath + i + ".png"): Taking screenshot successfully

2019-11-05 08:10:16 - [MESSAGE][PASSED] - Taking screenshot successfully
[[ATTACHMENT|D:\\Test\\AgileTest\\Reports\\mobileWeb\\hbi\\20191105_080032\\../Screenshots/iPhone 6/hbi/Health Choice/20191105_080855/9.png]]

2019-11-05 08:10:16 - [TEST_STEP][PASSED] - (internal.GlobalVariable.i++): null

2019-11-05 08:10:16 - [MESSAGE][PASSED] - Call Test Case 'Test Cases/mobileWeb/_include/get_screenshot' successfully

2019-11-05 08:10:16 - [TEST_STEP][PASSED] - verifyTextPresent("Congratulations", false): Text 'Congratulations' is present on page 

2019-11-05 08:10:16 - [MESSAGE][PASSED] - Text 'Congratulations' is present on page 

2019-11-05 08:10:16 - [MESSAGE][PASSED] - Call Test Case 'Test Cases/mobileWeb/_include/goToEnd_hbi' successfully]]></system-out>
         <system-err><![CDATA[]]></system-err>
      </testcase>
      <testcase name="Test Cases/mobileWeb/HBI/Vitala Care" classname="Test Cases/mobileWeb/HBI/Vitala Care" status="PASSED">
         <system-out><![CDATA[2019-11-05 08:10:16 - [TEST_CASE][PASSED] - Test Cases/mobileWeb/HBI/Vitala Care: Test Cases/mobileWeb/HBI/Vitala Care

2019-11-05 08:10:16 - [TEST_STEP][PASSED] - callTestCase(findTestCase("mobileWeb/_include/get_screenPath"), ["productLine":"hbi", "carrierName":"Vitala Care"], CONTINUE_ON_FAILURE): Call Test Case 'Test Cases/mobileWeb/_include/get_screenPath' successfully

2019-11-05 08:10:16 - [TEST_CASE][PASSED] - Test Cases/mobileWeb/_include/get_screenPath: Test Cases/mobileWeb/_include/get_screenPath

2019-11-05 08:10:17 - [TEST_STEP][PASSED] - m = getExecutionProperties(): null

2019-11-05 08:10:17 - [TEST_STEP][PASSED] - deviceName = get("mobileEmulation").get("deviceName"): null

2019-11-05 08:10:17 - [TEST_STEP][PASSED] - println(deviceName): null

2019-11-05 08:10:17 - [TEST_STEP][PASSED] - now = new java.util.Date(): null

2019-11-05 08:10:17 - [TEST_STEP][PASSED] - mydate = now.format("yyyyMMdd_HHmmss"): null

2019-11-05 08:10:17 - [TEST_STEP][PASSED] - screenPath = "../Screenshots/": null

2019-11-05 08:10:17 - [TEST_STEP][PASSED] - screenPath = screenPath + deviceName + "/" + productLine + "/" + carrierName + "/" + mydate + "/": null

2019-11-05 08:10:17 - [TEST_STEP][PASSED] - println(screenPath): null

2019-11-05 08:10:17 - [MESSAGE][PASSED] - Call Test Case 'Test Cases/mobileWeb/_include/get_screenPath' successfully

2019-11-05 08:10:17 - [TEST_STEP][PASSED] - i = 0: null

2019-11-05 08:10:17 - [TEST_STEP][PASSED] - callTestCase(findTestCase("mobileWeb/_include/openWebSite"), [:], CONTINUE_ON_FAILURE): Call Test Case 'Test Cases/mobileWeb/_include/openWebSite' successfully

2019-11-05 08:10:17 - [TEST_CASE][PASSED] - Test Cases/mobileWeb/_include/openWebSite: Test Cases/mobileWeb/_include/openWebSite

2019-11-05 08:10:17 - [TEST_STEP][PASSED] - openBrowser(env): Browser is opened with url: 'https://praetemptatus.agilehealthinsurance.com'

2019-11-05 08:10:17 - [MESSAGE][WARNING] - A browser is already opened. Closing browser and opening a new one

2019-11-05 08:10:17 - [MESSAGE][INFO] - Starting 'Chrome' driver

2019-11-05 08:10:17 - [MESSAGE][INFO] - User set preference: ['mobileEmulation', '{deviceName=iPhone 6}']

2019-11-05 08:10:17 - [MESSAGE][INFO] - User set preference: ['args', '[--incognito, --aggressive-cache-discard, --window-size=375,677, --no-sandbox]']

2019-11-05 08:10:20 - [MESSAGE][PASSED] - Browser is opened with url: 'https://praetemptatus.agilehealthinsurance.com'

2019-11-05 08:10:20 - [TEST_STEP][PASSED] - waitForPageLoad(20): Wait for page load successfully

2019-11-05 08:10:20 - [MESSAGE][PASSED] - Wait for page load successfully

2019-11-05 08:10:20 - [TEST_STEP][PASSED] - Thread.sleep(2000): null

2019-11-05 08:10:22 - [TEST_STEP][PASSED] - callTestCase(findTestCase("mobileWeb/_include/get_screenshot"), [:], STOP_ON_FAILURE): Call Test Case 'Test Cases/mobileWeb/_include/get_screenshot' successfully

2019-11-05 08:10:22 - [TEST_CASE][PASSED] - Test Cases/mobileWeb/_include/get_screenshot: Test Cases/mobileWeb/_include/get_screenshot

2019-11-05 08:10:23 - [TEST_STEP][PASSED] - takeScreenshot(screenPath + i + ".png"): Taking screenshot successfully

2019-11-05 08:10:24 - [MESSAGE][PASSED] - Taking screenshot successfully
[[ATTACHMENT|D:\\Test\\AgileTest\\Reports\\mobileWeb\\hbi\\20191105_080032\\../Screenshots/iPhone 6/hbi/Vitala Care/20191105_081017/0.png]]

2019-11-05 08:10:24 - [TEST_STEP][PASSED] - (internal.GlobalVariable.i++): null

2019-11-05 08:10:24 - [MESSAGE][PASSED] - Call Test Case 'Test Cases/mobileWeb/_include/get_screenshot' successfully

2019-11-05 08:10:24 - [MESSAGE][PASSED] - Call Test Case 'Test Cases/mobileWeb/_include/openWebSite' successfully

2019-11-05 08:10:24 - [TEST_STEP][PASSED] - callTestCase(findTestCase("mobileWeb/_include/census_hbi"), ["zipcode":"90011"], CONTINUE_ON_FAILURE): Call Test Case 'Test Cases/mobileWeb/_include/census_hbi' successfully

2019-11-05 08:10:24 - [TEST_CASE][PASSED] - Test Cases/mobileWeb/_include/census_hbi: Test Cases/mobileWeb/_include/census_hbi

2019-11-05 08:10:24 - [TEST_STEP][PASSED] - click(findTestObject("mobileSanity/Common/side_nav/menu")): Object: 'Object Repository/mobileSanity/Common/side_nav/menu' is clicked on

2019-11-05 08:10:24 - [MESSAGE][PASSED] - Object: 'Object Repository/mobileSanity/Common/side_nav/menu' is clicked on

2019-11-05 08:10:24 - [TEST_STEP][PASSED] - Thread.sleep(3000): null

2019-11-05 08:10:27 - [TEST_STEP][PASSED] - callTestCase(findTestCase("mobileWeb/_include/get_screenshot"), [:], STOP_ON_FAILURE): Call Test Case 'Test Cases/mobileWeb/_include/get_screenshot' successfully

2019-11-05 08:10:27 - [TEST_CASE][PASSED] - Test Cases/mobileWeb/_include/get_screenshot: Test Cases/mobileWeb/_include/get_screenshot

2019-11-05 08:10:27 - [TEST_STEP][PASSED] - takeScreenshot(screenPath + i + ".png"): Taking screenshot successfully

2019-11-05 08:10:28 - [MESSAGE][PASSED] - Taking screenshot successfully
[[ATTACHMENT|D:\\Test\\AgileTest\\Reports\\mobileWeb\\hbi\\20191105_080032\\../Screenshots/iPhone 6/hbi/Vitala Care/20191105_081017/1.png]]

2019-11-05 08:10:28 - [TEST_STEP][PASSED] - (internal.GlobalVariable.i++): null

2019-11-05 08:10:28 - [MESSAGE][PASSED] - Call Test Case 'Test Cases/mobileWeb/_include/get_screenshot' successfully

2019-11-05 08:10:28 - [TEST_STEP][PASSED] - click(findTestObject("mobileSanity/Common/side_nav/nav_hbi")): Object: 'Object Repository/mobileSanity/Common/side_nav/nav_hbi' is clicked on

2019-11-05 08:10:28 - [MESSAGE][PASSED] - Object: 'Object Repository/mobileSanity/Common/side_nav/nav_hbi' is clicked on

2019-11-05 08:10:28 - [TEST_STEP][PASSED] - waitForPageLoad(10): Wait for page load successfully

2019-11-05 08:10:28 - [MESSAGE][PASSED] - Wait for page load successfully

2019-11-05 08:10:28 - [TEST_STEP][PASSED] - Thread.sleep(3000): null

2019-11-05 08:10:31 - [TEST_STEP][PASSED] - callTestCase(findTestCase("mobileWeb/_include/get_screenshot"), [:], STOP_ON_FAILURE): Call Test Case 'Test Cases/mobileWeb/_include/get_screenshot' successfully

2019-11-05 08:10:31 - [TEST_CASE][PASSED] - Test Cases/mobileWeb/_include/get_screenshot: Test Cases/mobileWeb/_include/get_screenshot

2019-11-05 08:10:31 - [TEST_STEP][PASSED] - takeScreenshot(screenPath + i + ".png"): Taking screenshot successfully

2019-11-05 08:10:32 - [MESSAGE][PASSED] - Taking screenshot successfully
[[ATTACHMENT|D:\\Test\\AgileTest\\Reports\\mobileWeb\\hbi\\20191105_080032\\../Screenshots/iPhone 6/hbi/Vitala Care/20191105_081017/2.png]]

2019-11-05 08:10:32 - [TEST_STEP][PASSED] - (internal.GlobalVariable.i++): null

2019-11-05 08:10:32 - [MESSAGE][PASSED] - Call Test Case 'Test Cases/mobileWeb/_include/get_screenshot' successfully

2019-11-05 08:10:32 - [TEST_STEP][PASSED] - setText(findTestObject("mobileSanity/HBI/census/input_Location_zip-input"), zipcode): Text '90011' is set on object 'Object Repository/mobileSanity/HBI/census/input_Location_zip-input'

2019-11-05 08:10:32 - [MESSAGE][PASSED] - Text '90011' is set on object 'Object Repository/mobileSanity/HBI/census/input_Location_zip-input'

2019-11-05 08:10:32 - [TEST_STEP][PASSED] - Thread.sleep(500): null

2019-11-05 08:10:32 - [TEST_STEP][PASSED] - setText(findTestObject("mobileSanity/HBI/census/input_Date of Birth_dob-0"), "12121980"): Text '12121980' is set on object 'Object Repository/mobileSanity/HBI/census/input_Date of Birth_dob-0'

2019-11-05 08:10:33 - [MESSAGE][PASSED] - Text '12121980' is set on object 'Object Repository/mobileSanity/HBI/census/input_Date of Birth_dob-0'

2019-11-05 08:10:33 - [TEST_STEP][PASSED] - click(findTestObject("mobileSanity/HBI/census/label_Male")): Object: 'Object Repository/mobileSanity/HBI/census/label_Male' is clicked on

2019-11-05 08:10:33 - [MESSAGE][PASSED] - Object: 'Object Repository/mobileSanity/HBI/census/label_Male' is clicked on

2019-11-05 08:10:33 - [TEST_STEP][PASSED] - click(findTestObject("mobileSanity/HBI/census/label_Get a Quote")): Object: 'Object Repository/mobileSanity/HBI/census/label_Get a Quote' is clicked on

2019-11-05 08:10:34 - [MESSAGE][PASSED] - Object: 'Object Repository/mobileSanity/HBI/census/label_Get a Quote' is clicked on

2019-11-05 08:10:34 - [TEST_STEP][PASSED] - waitForPageLoad(20): Wait for page load successfully

2019-11-05 08:10:34 - [MESSAGE][PASSED] - Wait for page load successfully

2019-11-05 08:10:34 - [TEST_STEP][PASSED] - Thread.sleep(3000): null

2019-11-05 08:10:37 - [TEST_STEP][PASSED] - callTestCase(findTestCase("mobileWeb/_include/get_screenshot"), [:], STOP_ON_FAILURE): Call Test Case 'Test Cases/mobileWeb/_include/get_screenshot' successfully

2019-11-05 08:10:37 - [TEST_CASE][PASSED] - Test Cases/mobileWeb/_include/get_screenshot: Test Cases/mobileWeb/_include/get_screenshot

2019-11-05 08:10:37 - [TEST_STEP][PASSED] - takeScreenshot(screenPath + i + ".png"): Taking screenshot successfully

2019-11-05 08:10:38 - [MESSAGE][PASSED] - Taking screenshot successfully
[[ATTACHMENT|D:\\Test\\AgileTest\\Reports\\mobileWeb\\hbi\\20191105_080032\\../Screenshots/iPhone 6/hbi/Vitala Care/20191105_081017/3.png]]

2019-11-05 08:10:38 - [TEST_STEP][PASSED] - (internal.GlobalVariable.i++): null

2019-11-05 08:10:38 - [MESSAGE][PASSED] - Call Test Case 'Test Cases/mobileWeb/_include/get_screenshot' successfully

2019-11-05 08:10:38 - [MESSAGE][PASSED] - Call Test Case 'Test Cases/mobileWeb/_include/census_hbi' successfully

2019-11-05 08:10:38 - [TEST_STEP][PASSED] - Thread.sleep(5000): null

2019-11-05 08:10:43 - [TEST_STEP][PASSED] - scrollToPosition(200, 2300): Browser is scrolled to position x = 200, y = 2300

2019-11-05 08:10:43 - [MESSAGE][PASSED] - Browser is scrolled to position x = 200, y = 2300

2019-11-05 08:10:43 - [TEST_STEP][PASSED] - click(findTestObject("mobileSanity/HBI/quote/a_Vitala Care")): Object: 'Object Repository/mobileSanity/HBI/quote/a_Vitala Care' is clicked on

2019-11-05 08:10:43 - [MESSAGE][PASSED] - Object: 'Object Repository/mobileSanity/HBI/quote/a_Vitala Care' is clicked on

2019-11-05 08:10:43 - [TEST_STEP][PASSED] - waitForPageLoad(20): Wait for page load successfully

2019-11-05 08:10:44 - [MESSAGE][PASSED] - Wait for page load successfully

2019-11-05 08:10:44 - [TEST_STEP][PASSED] - callTestCase(findTestCase("mobileWeb/_include/get_screenshot"), [:], STOP_ON_FAILURE): Call Test Case 'Test Cases/mobileWeb/_include/get_screenshot' successfully

2019-11-05 08:10:44 - [TEST_CASE][PASSED] - Test Cases/mobileWeb/_include/get_screenshot: Test Cases/mobileWeb/_include/get_screenshot

2019-11-05 08:10:44 - [TEST_STEP][PASSED] - takeScreenshot(screenPath + i + ".png"): Taking screenshot successfully

2019-11-05 08:10:44 - [MESSAGE][PASSED] - Taking screenshot successfully
[[ATTACHMENT|D:\\Test\\AgileTest\\Reports\\mobileWeb\\hbi\\20191105_080032\\../Screenshots/iPhone 6/hbi/Vitala Care/20191105_081017/4.png]]

2019-11-05 08:10:44 - [TEST_STEP][PASSED] - (internal.GlobalVariable.i++): null

2019-11-05 08:10:44 - [MESSAGE][PASSED] - Call Test Case 'Test Cases/mobileWeb/_include/get_screenshot' successfully

2019-11-05 08:10:44 - [TEST_STEP][PASSED] - click(findTestObject("mobileSanity/HBI/detail/a_Apply for This Plan")): Object: 'Object Repository/mobileSanity/HBI/detail/a_Apply for This Plan' is clicked on

2019-11-05 08:10:46 - [MESSAGE][PASSED] - Object: 'Object Repository/mobileSanity/HBI/detail/a_Apply for This Plan' is clicked on

2019-11-05 08:10:46 - [TEST_STEP][PASSED] - waitForPageLoad(20): Wait for page load successfully

2019-11-05 08:10:46 - [MESSAGE][PASSED] - Wait for page load successfully

2019-11-05 08:10:46 - [TEST_STEP][PASSED] - callTestCase(findTestCase("mobileWeb/_include/get_screenshot"), [:], STOP_ON_FAILURE): Call Test Case 'Test Cases/mobileWeb/_include/get_screenshot' successfully

2019-11-05 08:10:46 - [TEST_CASE][PASSED] - Test Cases/mobileWeb/_include/get_screenshot: Test Cases/mobileWeb/_include/get_screenshot

2019-11-05 08:10:46 - [TEST_STEP][PASSED] - takeScreenshot(screenPath + i + ".png"): Taking screenshot successfully

2019-11-05 08:10:46 - [MESSAGE][PASSED] - Taking screenshot successfully
[[ATTACHMENT|D:\\Test\\AgileTest\\Reports\\mobileWeb\\hbi\\20191105_080032\\../Screenshots/iPhone 6/hbi/Vitala Care/20191105_081017/5.png]]

2019-11-05 08:10:46 - [TEST_STEP][PASSED] - (internal.GlobalVariable.i++): null

2019-11-05 08:10:46 - [MESSAGE][PASSED] - Call Test Case 'Test Cases/mobileWeb/_include/get_screenshot' successfully

2019-11-05 08:10:46 - [TEST_STEP][PASSED] - click(findTestObject("mobileSanity/HBI/Page_Apply/span_Start Secure Application")): Object: 'Object Repository/mobileSanity/HBI/Page_Apply/span_Start Secure Application' is clicked on

2019-11-05 08:10:47 - [MESSAGE][PASSED] - Object: 'Object Repository/mobileSanity/HBI/Page_Apply/span_Start Secure Application' is clicked on

2019-11-05 08:10:47 - [TEST_STEP][PASSED] - waitForPageLoad(20): Wait for page load successfully

2019-11-05 08:10:47 - [MESSAGE][PASSED] - Wait for page load successfully

2019-11-05 08:10:47 - [TEST_STEP][PASSED] - Thread.sleep(5000): null

2019-11-05 08:10:52 - [TEST_STEP][PASSED] - callTestCase(findTestCase("mobileWeb/_include/get_screenshot"), [:], STOP_ON_FAILURE): Call Test Case 'Test Cases/mobileWeb/_include/get_screenshot' successfully

2019-11-05 08:10:52 - [TEST_CASE][PASSED] - Test Cases/mobileWeb/_include/get_screenshot: Test Cases/mobileWeb/_include/get_screenshot

2019-11-05 08:10:53 - [TEST_STEP][PASSED] - takeScreenshot(screenPath + i + ".png"): Taking screenshot successfully

2019-11-05 08:10:53 - [MESSAGE][PASSED] - Taking screenshot successfully
[[ATTACHMENT|D:\\Test\\AgileTest\\Reports\\mobileWeb\\hbi\\20191105_080032\\../Screenshots/iPhone 6/hbi/Vitala Care/20191105_081017/6.png]]

2019-11-05 08:10:53 - [TEST_STEP][PASSED] - (internal.GlobalVariable.i++): null

2019-11-05 08:10:53 - [MESSAGE][PASSED] - Call Test Case 'Test Cases/mobileWeb/_include/get_screenshot' successfully

2019-11-05 08:10:53 - [TEST_STEP][PASSED] - callTestCase(findTestCase("mobileWeb/_include/goToEnd_hbi"), ["state":"ca", "carrier":"vitalacare"], CONTINUE_ON_FAILURE): Call Test Case 'Test Cases/mobileWeb/_include/goToEnd_hbi' successfully

2019-11-05 08:10:53 - [TEST_CASE][PASSED] - Test Cases/mobileWeb/_include/goToEnd_hbi: Test Cases/mobileWeb/_include/goToEnd_hbi

2019-11-05 08:10:53 - [TEST_STEP][PASSED] - if (state == "ca"): Call Test Case 'Test Cases/mobileWeb/_include/get_screenshot' successfully

2019-11-05 08:10:53 - [TEST_STEP][PASSED] - Thread.sleep(3000): null

2019-11-05 08:10:56 - [TEST_STEP][PASSED] - click(findTestObject("mobileSanity/HBI/Page_App Page 1/yes_question_1")): Object: 'Object Repository/mobileSanity/HBI/Page_App Page 1/yes_question_1' is clicked on

2019-11-05 08:10:56 - [MESSAGE][PASSED] - Object: 'Object Repository/mobileSanity/HBI/Page_App Page 1/yes_question_1' is clicked on

2019-11-05 08:10:56 - [TEST_STEP][PASSED] - click(findTestObject("mobileSanity/HBI/Page_App Page 1/continue_to_app_info")): Object: 'Object Repository/mobileSanity/HBI/Page_App Page 1/continue_to_app_info' is clicked on

2019-11-05 08:10:56 - [MESSAGE][PASSED] - Object: 'Object Repository/mobileSanity/HBI/Page_App Page 1/continue_to_app_info' is clicked on

2019-11-05 08:10:56 - [TEST_STEP][PASSED] - waitForPageLoad(20): Wait for page load successfully

2019-11-05 08:10:56 - [MESSAGE][PASSED] - Wait for page load successfully

2019-11-05 08:10:56 - [TEST_STEP][PASSED] - Thread.sleep(3000): null

2019-11-05 08:10:59 - [TEST_STEP][PASSED] - callTestCase(findTestCase("mobileWeb/_include/get_screenshot"), [:], STOP_ON_FAILURE): Call Test Case 'Test Cases/mobileWeb/_include/get_screenshot' successfully

2019-11-05 08:10:59 - [TEST_CASE][PASSED] - Test Cases/mobileWeb/_include/get_screenshot: Test Cases/mobileWeb/_include/get_screenshot

2019-11-05 08:10:59 - [TEST_STEP][PASSED] - takeScreenshot(screenPath + i + ".png"): Taking screenshot successfully

2019-11-05 08:11:00 - [MESSAGE][PASSED] - Taking screenshot successfully
[[ATTACHMENT|D:\\Test\\AgileTest\\Reports\\mobileWeb\\hbi\\20191105_080032\\../Screenshots/iPhone 6/hbi/Vitala Care/20191105_081017/7.png]]

2019-11-05 08:11:00 - [TEST_STEP][PASSED] - (internal.GlobalVariable.i++): null

2019-11-05 08:11:00 - [MESSAGE][PASSED] - Call Test Case 'Test Cases/mobileWeb/_include/get_screenshot' successfully

2019-11-05 08:11:00 - [TEST_STEP][PASSED] - callTestCase(findTestCase("mobileWeb/_include/name"), [:], CONTINUE_ON_FAILURE): Call Test Case 'Test Cases/mobileWeb/_include/name' successfully

2019-11-05 08:11:00 - [TEST_CASE][PASSED] - Test Cases/mobileWeb/_include/name: Test Cases/mobileWeb/_include/name

2019-11-05 08:11:00 - [TEST_STEP][PASSED] - driver = getWebDriver(): null

2019-11-05 08:11:00 - [TEST_STEP][PASSED] - selenium = new com.thoughtworks.selenium.webdriven.WebDriverBackedSelenium(driver, internal.GlobalVariable.ENV): null

2019-11-05 08:11:00 - [TEST_STEP][PASSED] - FirstName = "Test-123": null

2019-11-05 08:11:00 - [TEST_STEP][PASSED] - LastName = selenium.getEval("{var x="ABCDEFGHIJKLMNOPQRSTUVWXYZabcdefghijklmnopqrstuvwxyz"; var tmp="ZZ11-"; for (i=0;i<8;i++) tmp+=x.charAt(Math.ceil(51*Math.random()));tmp;}"): null

2019-11-05 08:11:00 - [TEST_STEP][PASSED] - Address = selenium.getEval("{var x="ABCDEFGHIJKLMNOPQRSTUVWXYZabcdefghijklmnopqrstuvwxyz"; var tmp=""; for (i=0;i<8;i++) tmp+=x.charAt(Math.ceil(51*Math.random()));tmp;}"): null

2019-11-05 08:11:00 - [TEST_STEP][PASSED] - City = selenium.getEval("{var x="ABCDEFGHIJKLMNOPQRSTUVWXYZabcdefghijklmnopqrstuvwxyz"; var tmp=""; for (i=0;i<8;i++) tmp+=x.charAt(Math.ceil(51*Math.random()));tmp;}"): null

2019-11-05 08:11:00 - [TEST_STEP][PASSED] - tel1 = selenium.getEval("{var x="123456789"; var tmp=""; for (i=0;i<3;i++) tmp+=x.charAt(Math.ceil(8*Math.random()));tmp;}"): null

2019-11-05 08:11:00 - [TEST_STEP][PASSED] - tel2 = selenium.getEval("{var x="123456789"; var tmp=""; for (i=0;i<3;i++) tmp+=x.charAt(Math.ceil(8*Math.random()));tmp;}"): null

2019-11-05 08:11:00 - [TEST_STEP][PASSED] - tel3 = selenium.getEval("{var x="123456789"; var tmp=""; for (i=0;i<4;i++) tmp+=x.charAt(Math.ceil(8*Math.random()));tmp;}"): null

2019-11-05 08:11:00 - [TEST_STEP][PASSED] - Tel = selenium.getExpression(tel1 + "-" + tel2 + "-" + tel3): null

2019-11-05 08:11:00 - [TEST_STEP][PASSED] - AutoEmail = selenium.getEval("{var x="ABCDEFGHIJKLMNOPQRSTUVWXYZabcdefghijklmnopqrstuvwxyz"; var tmp="test."; for (i=0;i<8;i++) tmp+=x.charAt(Math.ceil(51*Math.random()));tmp+="@suryani.cn";}"): null

2019-11-05 08:11:00 - [TEST_STEP][PASSED] - FirstName = FirstName: null

2019-11-05 08:11:00 - [TEST_STEP][PASSED] - LastName = LastName: null

2019-11-05 08:11:00 - [TEST_STEP][PASSED] - Address = Address: null

2019-11-05 08:11:00 - [TEST_STEP][PASSED] - City = City: null

2019-11-05 08:11:00 - [TEST_STEP][PASSED] - Tel = Tel: null

2019-11-05 08:11:00 - [TEST_STEP][PASSED] - AutoEmail = AutoEmail: null

2019-11-05 08:11:00 - [TEST_STEP][PASSED] - println(FirstName): null

2019-11-05 08:11:00 - [TEST_STEP][PASSED] - println(LastName): null

2019-11-05 08:11:00 - [TEST_STEP][PASSED] - println(Address): null

2019-11-05 08:11:00 - [TEST_STEP][PASSED] - println(City): null

2019-11-05 08:11:00 - [TEST_STEP][PASSED] - println(Tel): null

2019-11-05 08:11:00 - [TEST_STEP][PASSED] - println(AutoEmail): null

2019-11-05 08:11:00 - [MESSAGE][PASSED] - Call Test Case 'Test Cases/mobileWeb/_include/name' successfully

2019-11-05 08:11:00 - [TEST_STEP][PASSED] - setText(findTestObject("mobileSanity/HBI/Page_App Page 1/input__member-P-1-firstName"), FirstName): Text 'Test-123' is set on object 'Object Repository/mobileSanity/HBI/Page_App Page 1/input__member-P-1-firstName'

2019-11-05 08:11:00 - [MESSAGE][PASSED] - Text 'Test-123' is set on object 'Object Repository/mobileSanity/HBI/Page_App Page 1/input__member-P-1-firstName'

2019-11-05 08:11:00 - [TEST_STEP][PASSED] - setText(findTestObject("mobileSanity/HBI/Page_App Page 1/input__member-P-1-lastName"), LastName): Text 'ZZ11-CVbbjgcg' is set on object 'Object Repository/mobileSanity/HBI/Page_App Page 1/input__member-P-1-lastName'

2019-11-05 08:11:00 - [MESSAGE][PASSED] - Text 'ZZ11-CVbbjgcg' is set on object 'Object Repository/mobileSanity/HBI/Page_App Page 1/input__member-P-1-lastName'

2019-11-05 08:11:00 - [TEST_STEP][PASSED] - if (carrier == "agileone" || carrier == "agilesecure"): null

2019-11-05 08:11:00 - [TEST_STEP][PASSED] - setText(findTestObject("mobileSanity/HBI/Page_App Page 1/input__address"), Address): Text 'BgCmdqfz' is set on object 'Object Repository/mobileSanity/HBI/Page_App Page 1/input__address'

2019-11-05 08:11:00 - [MESSAGE][PASSED] - Text 'BgCmdqfz' is set on object 'Object Repository/mobileSanity/HBI/Page_App Page 1/input__address'

2019-11-05 08:11:00 - [TEST_STEP][PASSED] - setText(findTestObject("mobileSanity/HBI/Page_App Page 1/input__city"), City): Text 'xFrYizro' is set on object 'Object Repository/mobileSanity/HBI/Page_App Page 1/input__city'

2019-11-05 08:11:01 - [MESSAGE][PASSED] - Text 'xFrYizro' is set on object 'Object Repository/mobileSanity/HBI/Page_App Page 1/input__city'

2019-11-05 08:11:01 - [TEST_STEP][PASSED] - setText(findTestObject("mobileSanity/HBI/Page_App Page 1/input__email"), AutoEmail): Text 'test.aysGKcgv@suryani.cn' is set on object 'Object Repository/mobileSanity/HBI/Page_App Page 1/input__email'

2019-11-05 08:11:01 - [MESSAGE][PASSED] - Text 'test.aysGKcgv@suryani.cn' is set on object 'Object Repository/mobileSanity/HBI/Page_App Page 1/input__email'

2019-11-05 08:11:01 - [TEST_STEP][PASSED] - setText(findTestObject("mobileSanity/HBI/Page_App Page 1/input_tel"), Tel): Text '447-779-7677' is set on object 'Object Repository/mobileSanity/HBI/Page_App Page 1/input_tel'

2019-11-05 08:11:01 - [MESSAGE][PASSED] - Text '447-779-7677' is set on object 'Object Repository/mobileSanity/HBI/Page_App Page 1/input_tel'

2019-11-05 08:11:01 - [TEST_STEP][PASSED] - click(findTestObject("mobileSanity/HBI/Page_App Page 1/a_Continue to Step 2 - Payment")): Object: 'Object Repository/mobileSanity/HBI/Page_App Page 1/a_Continue to Step 2 - Payment' is clicked on

2019-11-05 08:11:01 - [MESSAGE][PASSED] - Object: 'Object Repository/mobileSanity/HBI/Page_App Page 1/a_Continue to Step 2 - Payment' is clicked on

2019-11-05 08:11:01 - [TEST_STEP][PASSED] - waitForPageLoad(20): Wait for page load successfully

2019-11-05 08:11:01 - [MESSAGE][PASSED] - Wait for page load successfully

2019-11-05 08:11:01 - [TEST_STEP][PASSED] - Thread.sleep(2000): null

2019-11-05 08:11:03 - [TEST_STEP][PASSED] - waitForElementVisible(findTestObject("mobileSanity/HBI/Page_App Page 2/input__credit-card-first"), 20): Object 'Object Repository/mobileSanity/HBI/Page_App Page 2/input__credit-card-first' is visible

2019-11-05 08:11:03 - [MESSAGE][PASSED] - Object 'Object Repository/mobileSanity/HBI/Page_App Page 2/input__credit-card-first' is visible

2019-11-05 08:11:03 - [TEST_STEP][PASSED] - callTestCase(findTestCase("mobileWeb/_include/get_screenshot"), [:], STOP_ON_FAILURE): Call Test Case 'Test Cases/mobileWeb/_include/get_screenshot' successfully

2019-11-05 08:11:03 - [TEST_CASE][PASSED] - Test Cases/mobileWeb/_include/get_screenshot: Test Cases/mobileWeb/_include/get_screenshot

2019-11-05 08:11:03 - [TEST_STEP][PASSED] - takeScreenshot(screenPath + i + ".png"): Taking screenshot successfully

2019-11-05 08:11:04 - [MESSAGE][PASSED] - Taking screenshot successfully
[[ATTACHMENT|D:\\Test\\AgileTest\\Reports\\mobileWeb\\hbi\\20191105_080032\\../Screenshots/iPhone 6/hbi/Vitala Care/20191105_081017/8.png]]

2019-11-05 08:11:04 - [TEST_STEP][PASSED] - (internal.GlobalVariable.i++): null

2019-11-05 08:11:04 - [MESSAGE][PASSED] - Call Test Case 'Test Cases/mobileWeb/_include/get_screenshot' successfully

2019-11-05 08:11:04 - [TEST_STEP][PASSED] - setText(findTestObject("mobileSanity/HBI/Page_App Page 2/input__credit-card-first"), FirstName): Text 'Test-123' is set on object 'Object Repository/mobileSanity/HBI/Page_App Page 2/input__credit-card-first'

2019-11-05 08:11:04 - [MESSAGE][PASSED] - Text 'Test-123' is set on object 'Object Repository/mobileSanity/HBI/Page_App Page 2/input__credit-card-first'

2019-11-05 08:11:04 - [TEST_STEP][PASSED] - setText(findTestObject("mobileSanity/HBI/Page_App Page 2/input__credit-card-last"), LastName): Text 'ZZ11-CVbbjgcg' is set on object 'Object Repository/mobileSanity/HBI/Page_App Page 2/input__credit-card-last'

2019-11-05 08:11:04 - [MESSAGE][PASSED] - Text 'ZZ11-CVbbjgcg' is set on object 'Object Repository/mobileSanity/HBI/Page_App Page 2/input__credit-card-last'

2019-11-05 08:11:04 - [TEST_STEP][PASSED] - selectOptionByValue(findTestObject("mobileSanity/HBI/Page_App Page 2/select_MM010203040506070809101"), "12", true): All options with value '12' are selected in object 'Object Repository/mobileSanity/HBI/Page_App Page 2/select_MM010203040506070809101'  using regular expression

2019-11-05 08:11:04 - [MESSAGE][PASSED] - All options with value '12' are selected in object 'Object Repository/mobileSanity/HBI/Page_App Page 2/select_MM010203040506070809101'  using regular expression

2019-11-05 08:11:04 - [TEST_STEP][PASSED] - selectOptionByValue(findTestObject("mobileSanity/HBI/Page_App Page 2/select_YYYY2019202020212022202"), "2026", true): All options with value '2026' are selected in object 'Object Repository/mobileSanity/HBI/Page_App Page 2/select_YYYY2019202020212022202'  using regular expression

2019-11-05 08:11:04 - [MESSAGE][PASSED] - All options with value '2026' are selected in object 'Object Repository/mobileSanity/HBI/Page_App Page 2/select_YYYY2019202020212022202'  using regular expression

2019-11-05 08:11:04 - [TEST_STEP][PASSED] - setText(findTestObject("mobileSanity/HBI/Page_App Page 2/input__credit-card-number"), "4111111111111111"): Text '4111111111111111' is set on object 'Object Repository/mobileSanity/HBI/Page_App Page 2/input__credit-card-number'

2019-11-05 08:11:04 - [MESSAGE][PASSED] - Text '4111111111111111' is set on object 'Object Repository/mobileSanity/HBI/Page_App Page 2/input__credit-card-number'

2019-11-05 08:11:04 - [TEST_STEP][PASSED] - setText(findTestObject("mobileSanity/HBI/Page_App Page 2/input__cvv"), "123"): Text '123' is set on object 'Object Repository/mobileSanity/HBI/Page_App Page 2/input__cvv'

2019-11-05 08:11:05 - [MESSAGE][PASSED] - Text '123' is set on object 'Object Repository/mobileSanity/HBI/Page_App Page 2/input__cvv'

2019-11-05 08:11:05 - [TEST_STEP][PASSED] - click(findTestObject("mobileSanity/HBI/Page_App Page 2/label_My billing address is th")): Object: 'Object Repository/mobileSanity/HBI/Page_App Page 2/label_My billing address is th' is clicked on

2019-11-05 08:11:05 - [MESSAGE][PASSED] - Object: 'Object Repository/mobileSanity/HBI/Page_App Page 2/label_My billing address is th' is clicked on

2019-11-05 08:11:05 - [TEST_STEP][PASSED] - click(findTestObject("mobileSanity/HBI/Page_App Page 2/label_I Accept Authorization f")): Object: 'Object Repository/mobileSanity/HBI/Page_App Page 2/label_I Accept Authorization f' is clicked on

2019-11-05 08:11:05 - [MESSAGE][PASSED] - Object: 'Object Repository/mobileSanity/HBI/Page_App Page 2/label_I Accept Authorization f' is clicked on

2019-11-05 08:11:05 - [TEST_STEP][PASSED] - click(findTestObject("mobileSanity/HBI/Page_App Page 2/a_Continue to Step 3 - Review")): Object: 'Object Repository/mobileSanity/HBI/Page_App Page 2/a_Continue to Step 3 - Review' is clicked on

2019-11-05 08:11:05 - [MESSAGE][PASSED] - Object: 'Object Repository/mobileSanity/HBI/Page_App Page 2/a_Continue to Step 3 - Review' is clicked on

2019-11-05 08:11:05 - [TEST_STEP][PASSED] - waitForPageLoad(20): Wait for page load successfully

2019-11-05 08:11:05 - [MESSAGE][PASSED] - Wait for page load successfully

2019-11-05 08:11:05 - [TEST_STEP][PASSED] - Thread.sleep(10000): null

2019-11-05 08:11:15 - [TEST_STEP][PASSED] - waitForElementPresent(findTestObject("mobileSanity/HBI/Page_App Page 3/label"), 20): Object 'Object Repository/mobileSanity/HBI/Page_App Page 3/label' is present

2019-11-05 08:11:16 - [MESSAGE][PASSED] - Object 'Object Repository/mobileSanity/HBI/Page_App Page 3/label' is present

2019-11-05 08:11:16 - [TEST_STEP][PASSED] - callTestCase(findTestCase("mobileWeb/_include/get_screenshot"), [:], STOP_ON_FAILURE): Call Test Case 'Test Cases/mobileWeb/_include/get_screenshot' successfully

2019-11-05 08:11:16 - [TEST_CASE][PASSED] - Test Cases/mobileWeb/_include/get_screenshot: Test Cases/mobileWeb/_include/get_screenshot

2019-11-05 08:11:16 - [TEST_STEP][PASSED] - takeScreenshot(screenPath + i + ".png"): Taking screenshot successfully

2019-11-05 08:11:16 - [MESSAGE][PASSED] - Taking screenshot successfully
[[ATTACHMENT|D:\\Test\\AgileTest\\Reports\\mobileWeb\\hbi\\20191105_080032\\../Screenshots/iPhone 6/hbi/Vitala Care/20191105_081017/9.png]]

2019-11-05 08:11:16 - [TEST_STEP][PASSED] - (internal.GlobalVariable.i++): null

2019-11-05 08:11:16 - [MESSAGE][PASSED] - Call Test Case 'Test Cases/mobileWeb/_include/get_screenshot' successfully

2019-11-05 08:11:16 - [TEST_STEP][PASSED] - click(findTestObject("mobileSanity/HBI/Page_App Page 3/label")): Object: 'Object Repository/mobileSanity/HBI/Page_App Page 3/label' is clicked on

2019-11-05 08:11:16 - [MESSAGE][PASSED] - Object: 'Object Repository/mobileSanity/HBI/Page_App Page 3/label' is clicked on

2019-11-05 08:11:16 - [TEST_STEP][PASSED] - click(findTestObject("mobileSanity/HBI/Page_App Page 3/p_CLICK TO SIGN")): Object: 'Object Repository/mobileSanity/HBI/Page_App Page 3/p_CLICK TO SIGN' is clicked on

2019-11-05 08:11:16 - [MESSAGE][PASSED] - Object: 'Object Repository/mobileSanity/HBI/Page_App Page 3/p_CLICK TO SIGN' is clicked on

2019-11-05 08:11:16 - [TEST_STEP][PASSED] - click(findTestObject("mobileSanity/HBI/Page_App Page 3/a_Submit Your Application")): Object: 'Object Repository/mobileSanity/HBI/Page_App Page 3/a_Submit Your Application' is clicked on

2019-11-05 08:11:16 - [MESSAGE][PASSED] - Object: 'Object Repository/mobileSanity/HBI/Page_App Page 3/a_Submit Your Application' is clicked on

2019-11-05 08:11:16 - [TEST_STEP][PASSED] - Thread.sleep(30000): null

2019-11-05 08:11:46 - [TEST_STEP][PASSED] - callTestCase(findTestCase("mobileWeb/_include/get_screenshot"), [:], STOP_ON_FAILURE): Call Test Case 'Test Cases/mobileWeb/_include/get_screenshot' successfully

2019-11-05 08:11:46 - [TEST_CASE][PASSED] - Test Cases/mobileWeb/_include/get_screenshot: Test Cases/mobileWeb/_include/get_screenshot

2019-11-05 08:11:46 - [TEST_STEP][PASSED] - takeScreenshot(screenPath + i + ".png"): Taking screenshot successfully

2019-11-05 08:11:47 - [MESSAGE][PASSED] - Taking screenshot successfully
[[ATTACHMENT|D:\\Test\\AgileTest\\Reports\\mobileWeb\\hbi\\20191105_080032\\../Screenshots/iPhone 6/hbi/Vitala Care/20191105_081017/10.png]]

2019-11-05 08:11:47 - [TEST_STEP][PASSED] - (internal.GlobalVariable.i++): null

2019-11-05 08:11:47 - [MESSAGE][PASSED] - Call Test Case 'Test Cases/mobileWeb/_include/get_screenshot' successfully

2019-11-05 08:11:47 - [TEST_STEP][PASSED] - verifyTextPresent("Congratulations", false): Text 'Congratulations' is present on page 

2019-11-05 08:11:47 - [MESSAGE][PASSED] - Text 'Congratulations' is present on page 

2019-11-05 08:11:47 - [MESSAGE][PASSED] - Call Test Case 'Test Cases/mobileWeb/_include/goToEnd_hbi' successfully]]></system-out>
         <system-err><![CDATA[]]></system-err>
      </testcase>
      <system-out><![CDATA[2019-11-05 08:00:36 - [TEST_SUITE][PASSED] - hbi: Test Cases/mobileWeb/HBI/Vitala Care]]></system-out>
      <system-err><![CDATA[]]></system-err>
   </testsuite>
</testsuites>
