<?xml version="1.0" encoding="UTF-8"?>
<testsuites name="Level 1" time="191" tests="0" failures="0" errors="2">
   <testsuite name="Level 1" tests="0" failures="0" errors="2" time="191" timestamp="2019-01-11 16:33:42" hostname="denisyu - 172.16.86.34" id="Test Suites/Regression/Level 1">
      <properties>
         <property name="deviceName" value="iPhone X"/>
         <property name="devicePlatform" value=""/>
         <property name="logFolder" value="/Users/denisyu/workplace/test/AgileTest/Reports/Regression/Level 1/20190111_163318"/>
         <property name="logFiles" value="/Users/denisyu/workplace/test/AgileTest/Reports/Regression/Level 1/20190111_163318/execution0.log, /Users/denisyu/workplace/test/AgileTest/Reports/Regression/Level 1/20190111_163318/appium.log, /Users/denisyu/workplace/test/AgileTest/Reports/Regression/Level 1/20190111_163318/appium-proxy-server.log"/>
         <property name="attachments" value=""/>
         <property name="hostName" value="denisyu - 172.16.86.34"/>
         <property name="os" value="Mac OS X 64bit"/>
         <property name="katalonVersion" value="5.10.0.1"/>
         <property name="deviceOS" value="iOS"/>
         <property name="appiumVersion" value="1.8.1"/>
         <property name="sessionId" value="a6a1eb8d-aedb-4d33-8c12-bc909417ebd7"/>
         <property name="deviceId" value="null"/>
         <property name="deviceName" value="iPhone X"/>
         <property name="proxyInformation" value="ProxyInformation{proxyOption=USE_SYSTEM, proxyServerType=HTTP, password=, proxyServerAddress=, proxyServerPort=0}"/>
         <property name="deviceOSVersion" value="12.1"/>
         <property name="platform" value="Mac OS X"/>
         <property name="browser" value="Safari 12"/>
         <property name="deviceModel" value="Not available for Simulator"/>
         <property name="hostAddress" value="172.16.86.34"/>
         <property name="deviceManufacturer" value="Apple"/>
         <property name="seleniumVersion" value="3.7.1"/>
      </properties>
      <testcase name="Test Cases/Web/Level 1/Everest" classname="Test Cases/Web/Level 1/Everest" status="ERROR">
         <error type="ERROR" message="Test Cases/Web/Level 1/Everest FAILED.
Reason:
com.thoughtworks.selenium.SeleniumException: Element id=primaryCTA not found
	at com.thoughtworks.selenium.webdriven.ElementFinder.findElement(ElementFinder.java:93)
	at com.thoughtworks.selenium.webdriven.commands.Click.handleSeleneseCommand(Click.java:39)
	at com.thoughtworks.selenium.webdriven.commands.Click.handleSeleneseCommand(Click.java:26)
	at com.thoughtworks.selenium.webdriven.SeleneseCommand.apply(SeleneseCommand.java:36)
	at com.thoughtworks.selenium.webdriven.Timer.run(Timer.java:41)
	at com.thoughtworks.selenium.webdriven.WebDriverCommandProcessor.execute(WebDriverCommandProcessor.java:150)
	at com.thoughtworks.selenium.webdriven.WebDriverCommandProcessor.doCommand(WebDriverCommandProcessor.java:76)
	at com.thoughtworks.selenium.DefaultSelenium.click(DefaultSelenium.java:198)
	at com.thoughtworks.selenium.Selenium$click.call(Unknown Source)
	at Everest.run(Everest:38)
	at com.kms.katalon.core.main.ScriptEngine.run(ScriptEngine.java:194)
	at com.kms.katalon.core.main.ScriptEngine.runScriptAsRawText(ScriptEngine.java:119)
	at com.kms.katalon.core.main.TestCaseExecutor.runScript(TestCaseExecutor.java:328)
	at com.kms.katalon.core.main.TestCaseExecutor.doExecute(TestCaseExecutor.java:319)
	at com.kms.katalon.core.main.TestCaseExecutor.processExecutionPhase(TestCaseExecutor.java:298)
	at com.kms.katalon.core.main.TestCaseExecutor.accessMainPhase(TestCaseExecutor.java:290)
	at com.kms.katalon.core.main.TestCaseExecutor.execute(TestCaseExecutor.java:224)
	at com.kms.katalon.core.main.TestSuiteExecutor.accessTestCaseMainPhase(TestSuiteExecutor.java:129)
	at com.kms.katalon.core.main.TestSuiteExecutor.accessTestSuiteMainPhase(TestSuiteExecutor.java:112)
	at com.kms.katalon.core.main.TestSuiteExecutor.execute(TestSuiteExecutor.java:81)
	at com.kms.katalon.core.main.TestCaseMain.startTestSuite(TestCaseMain.java:149)
	at com.kms.katalon.core.main.TestCaseMain$startTestSuite$0.call(Unknown Source)
	at TempTestSuite1547195617926.run(TempTestSuite1547195617926.groovy:36)
Caused by: org.openqa.selenium.WebDriverException: An unknown server-side error occurred while processing the command. Original error: Element id=primaryCTA not found (WARNING: The server did not provide any stacktrace information)
Command duration or timeout: 0 milliseconds
Build info: version: '3.7.1', revision: '8a0099a', time: '2017-11-06T21:07:36.161Z'
System info: host: 'Deniss-MacBook-Pro.local', ip: 'fe80:0:0:0:1c55:699e:bcf8:d911%en0', os.name: 'Mac OS X', os.arch: 'x86_64', os.version: '10.14.2', java.version: '1.8.0_181'
Driver info: io.appium.java_client.ios.IOSDriver
Capabilities {automationName: XCUITest, browserName: Safari, databaseEnabled: false, deviceId: , deviceName: iPhone X, javascriptEnabled: true, locationContextEnabled: false, networkConnectionEnabled: false, newCommandTimeout: 1800, platform: IOS, platformName: IOS, platformVersion: 12.1, realDeviceLogger: /Applications/Katalon Studi..., takesScreenshot: true, udid: 1FBC48CC-4B26-4899-AB2C-0FD..., wdaLocalPort: 54021, webStorageEnabled: false}
Session ID: eb1d2d1d-e084-430e-9ead-258b77bded55
	at org.openqa.selenium.remote.ErrorHandler.createThrowable(ErrorHandler.java:214)
	at org.openqa.selenium.remote.ErrorHandler.throwIfResponseFailed(ErrorHandler.java:166)
	at org.openqa.selenium.remote.http.JsonHttpResponseCodec.reconstructValue(JsonHttpResponseCodec.java:40)
	at org.openqa.selenium.remote.http.AbstractHttpResponseCodec.decode(AbstractHttpResponseCodec.java:80)
	at org.openqa.selenium.remote.http.AbstractHttpResponseCodec.decode(AbstractHttpResponseCodec.java:44)
	at org.openqa.selenium.remote.HttpCommandExecutor.execute(HttpCommandExecutor.java:164)
	at io.appium.java_client.remote.AppiumCommandExecutor.execute(AppiumCommandExecutor.java:89)
	at org.openqa.selenium.remote.RemoteWebDriver.execute(RemoteWebDriver.java:600)
	at io.appium.java_client.DefaultGenericMobileDriver.execute(DefaultGenericMobileDriver.java:42)
	at io.appium.java_client.AppiumDriver.execute(AppiumDriver.java:1)
	at io.appium.java_client.ios.IOSDriver.execute(IOSDriver.java:1)
	at org.openqa.selenium.remote.RemoteWebDriver.executeScript(RemoteWebDriver.java:536)
	at com.thoughtworks.selenium.webdriven.ElementFinder.findElement(ElementFinder.java:91)
	at com.thoughtworks.selenium.webdriven.commands.Click.handleSeleneseCommand(Click.java:39)
	at com.thoughtworks.selenium.webdriven.commands.Click.handleSeleneseCommand(Click.java:26)
	at com.thoughtworks.selenium.webdriven.SeleneseCommand.apply(SeleneseCommand.java:36)
	at com.thoughtworks.selenium.webdriven.Timer.run(Timer.java:41)
	at com.thoughtworks.selenium.webdriven.WebDriverCommandProcessor.execute(WebDriverCommandProcessor.java:150)
	at com.thoughtworks.selenium.webdriven.WebDriverCommandProcessor.doCommand(WebDriverCommandProcessor.java:76)
	at com.thoughtworks.selenium.DefaultSelenium.click(DefaultSelenium.java:198)
	at com.thoughtworks.selenium.Selenium$click.call(Unknown Source)
	at Script1546076591773.run(Script1546076591773.groovy:38)
	... 13 more
"/>
         <system-out><![CDATA[2019-01-11 16:33:43 - [TEST_CASE][ERROR] - Test Cases/Web/Level 1/Everest: Test Cases/Web/Level 1/Everest FAILED.
Reason:
com.thoughtworks.selenium.SeleniumException: Element id=primaryCTA not found
	at com.thoughtworks.selenium.webdriven.ElementFinder.findElement(ElementFinder.java:93)
	at com.thoughtworks.selenium.webdriven.commands.Click.handleSeleneseCommand(Click.java:39)
	at com.thoughtworks.selenium.webdriven.commands.Click.handleSeleneseCommand(Click.java:26)
	at com.thoughtworks.selenium.webdriven.SeleneseCommand.apply(SeleneseCommand.java:36)
	at com.thoughtworks.selenium.webdriven.Timer.run(Timer.java:41)
	at com.thoughtworks.selenium.webdriven.WebDriverCommandProcessor.execute(WebDriverCommandProcessor.java:150)
	at com.thoughtworks.selenium.webdriven.WebDriverCommandProcessor.doCommand(WebDriverCommandProcessor.java:76)
	at com.thoughtworks.selenium.DefaultSelenium.click(DefaultSelenium.java:198)
	at com.thoughtworks.selenium.Selenium$click.call(Unknown Source)
	at Everest.run(Everest:38)
	at com.kms.katalon.core.main.ScriptEngine.run(ScriptEngine.java:194)
	at com.kms.katalon.core.main.ScriptEngine.runScriptAsRawText(ScriptEngine.java:119)
	at com.kms.katalon.core.main.TestCaseExecutor.runScript(TestCaseExecutor.java:328)
	at com.kms.katalon.core.main.TestCaseExecutor.doExecute(TestCaseExecutor.java:319)
	at com.kms.katalon.core.main.TestCaseExecutor.processExecutionPhase(TestCaseExecutor.java:298)
	at com.kms.katalon.core.main.TestCaseExecutor.accessMainPhase(TestCaseExecutor.java:290)
	at com.kms.katalon.core.main.TestCaseExecutor.execute(TestCaseExecutor.java:224)
	at com.kms.katalon.core.main.TestSuiteExecutor.accessTestCaseMainPhase(TestSuiteExecutor.java:129)
	at com.kms.katalon.core.main.TestSuiteExecutor.accessTestSuiteMainPhase(TestSuiteExecutor.java:112)
	at com.kms.katalon.core.main.TestSuiteExecutor.execute(TestSuiteExecutor.java:81)
	at com.kms.katalon.core.main.TestCaseMain.startTestSuite(TestCaseMain.java:149)
	at com.kms.katalon.core.main.TestCaseMain$startTestSuite$0.call(Unknown Source)
	at TempTestSuite1547195617926.run(TempTestSuite1547195617926.groovy:36)
Caused by: org.openqa.selenium.WebDriverException: An unknown server-side error occurred while processing the command. Original error: Element id=primaryCTA not found (WARNING: The server did not provide any stacktrace information)
Command duration or timeout: 0 milliseconds
Build info: version: '3.7.1', revision: '8a0099a', time: '2017-11-06T21:07:36.161Z'
System info: host: 'Deniss-MacBook-Pro.local', ip: 'fe80:0:0:0:1c55:699e:bcf8:d911%en0', os.name: 'Mac OS X', os.arch: 'x86_64', os.version: '10.14.2', java.version: '1.8.0_181'
Driver info: io.appium.java_client.ios.IOSDriver
Capabilities {automationName: XCUITest, browserName: Safari, databaseEnabled: false, deviceId: , deviceName: iPhone X, javascriptEnabled: true, locationContextEnabled: false, networkConnectionEnabled: false, newCommandTimeout: 1800, platform: IOS, platformName: IOS, platformVersion: 12.1, realDeviceLogger: /Applications/Katalon Studi..., takesScreenshot: true, udid: 1FBC48CC-4B26-4899-AB2C-0FD..., wdaLocalPort: 54021, webStorageEnabled: false}
Session ID: eb1d2d1d-e084-430e-9ead-258b77bded55
	at org.openqa.selenium.remote.ErrorHandler.createThrowable(ErrorHandler.java:214)
	at org.openqa.selenium.remote.ErrorHandler.throwIfResponseFailed(ErrorHandler.java:166)
	at org.openqa.selenium.remote.http.JsonHttpResponseCodec.reconstructValue(JsonHttpResponseCodec.java:40)
	at org.openqa.selenium.remote.http.AbstractHttpResponseCodec.decode(AbstractHttpResponseCodec.java:80)
	at org.openqa.selenium.remote.http.AbstractHttpResponseCodec.decode(AbstractHttpResponseCodec.java:44)
	at org.openqa.selenium.remote.HttpCommandExecutor.execute(HttpCommandExecutor.java:164)
	at io.appium.java_client.remote.AppiumCommandExecutor.execute(AppiumCommandExecutor.java:89)
	at org.openqa.selenium.remote.RemoteWebDriver.execute(RemoteWebDriver.java:600)
	at io.appium.java_client.DefaultGenericMobileDriver.execute(DefaultGenericMobileDriver.java:42)
	at io.appium.java_client.AppiumDriver.execute(AppiumDriver.java:1)
	at io.appium.java_client.ios.IOSDriver.execute(IOSDriver.java:1)
	at org.openqa.selenium.remote.RemoteWebDriver.executeScript(RemoteWebDriver.java:536)
	at com.thoughtworks.selenium.webdriven.ElementFinder.findElement(ElementFinder.java:91)
	at com.thoughtworks.selenium.webdriven.commands.Click.handleSeleneseCommand(Click.java:39)
	at com.thoughtworks.selenium.webdriven.commands.Click.handleSeleneseCommand(Click.java:26)
	at com.thoughtworks.selenium.webdriven.SeleneseCommand.apply(SeleneseCommand.java:36)
	at com.thoughtworks.selenium.webdriven.Timer.run(Timer.java:41)
	at com.thoughtworks.selenium.webdriven.WebDriverCommandProcessor.execute(WebDriverCommandProcessor.java:150)
	at com.thoughtworks.selenium.webdriven.WebDriverCommandProcessor.doCommand(WebDriverCommandProcessor.java:76)
	at com.thoughtworks.selenium.DefaultSelenium.click(DefaultSelenium.java:198)
	at com.thoughtworks.selenium.Selenium$click.call(Unknown Source)
	at Script1546076591773.run(Script1546076591773.groovy:38)
	... 13 more


2019-01-11 16:33:44 - [TEST_STEP][PASSED] - openBrowser("https://praetemptatus.agilehealthinsurance.com/"): Browser is opened with url: 'https://praetemptatus.agilehealthinsurance.com/'

2019-01-11 16:33:45 - [MESSAGE][INFO] - Starting 'iOS' driver

2019-01-11 16:33:45 - [MESSAGE][INFO] - User set preference: ['deviceId', '']

2019-01-11 16:33:46 - [MESSAGE][INFO] - ios_webkit_debug_proxy server started on port 54022

2019-01-11 16:33:51 - [MESSAGE][INFO] - Appium server started on port 54,024

2019-01-11 16:34:51 - [MESSAGE][PASSED] - Browser is opened with url: 'https://praetemptatus.agilehealthinsurance.com/'

2019-01-11 16:34:51 - [TEST_STEP][PASSED] - driver = getWebDriver(): null

2019-01-11 16:34:51 - [TEST_STEP][PASSED] - baseUrl = "https://praetemptatus.agilehealthinsurance.com/": null

2019-01-11 16:34:51 - [TEST_STEP][PASSED] - selenium = new com.thoughtworks.selenium.webdriven.WebDriverBackedSelenium(driver, baseUrl): null

2019-01-11 16:34:51 - [TEST_STEP][ERROR] - selenium.click("id=primaryCTA"): selenium.click("id=primaryCTA") FAILED.
Reason:
com.thoughtworks.selenium.SeleniumException: Element id=primaryCTA not found
	at com.thoughtworks.selenium.webdriven.ElementFinder.findElement(ElementFinder.java:93)
	at com.thoughtworks.selenium.webdriven.commands.Click.handleSeleneseCommand(Click.java:39)
	at com.thoughtworks.selenium.webdriven.commands.Click.handleSeleneseCommand(Click.java:26)
	at com.thoughtworks.selenium.webdriven.SeleneseCommand.apply(SeleneseCommand.java:36)
	at com.thoughtworks.selenium.webdriven.Timer.run(Timer.java:41)
	at com.thoughtworks.selenium.webdriven.WebDriverCommandProcessor.execute(WebDriverCommandProcessor.java:150)
	at com.thoughtworks.selenium.webdriven.WebDriverCommandProcessor.doCommand(WebDriverCommandProcessor.java:76)
	at com.thoughtworks.selenium.DefaultSelenium.click(DefaultSelenium.java:198)
	at com.thoughtworks.selenium.Selenium$click.call(Unknown Source)
	at Everest.run(Everest:38)
	at com.kms.katalon.core.main.ScriptEngine.run(ScriptEngine.java:194)
	at com.kms.katalon.core.main.ScriptEngine.runScriptAsRawText(ScriptEngine.java:119)
	at com.kms.katalon.core.main.TestCaseExecutor.runScript(TestCaseExecutor.java:328)
	at com.kms.katalon.core.main.TestCaseExecutor.doExecute(TestCaseExecutor.java:319)
	at com.kms.katalon.core.main.TestCaseExecutor.processExecutionPhase(TestCaseExecutor.java:298)
	at com.kms.katalon.core.main.TestCaseExecutor.accessMainPhase(TestCaseExecutor.java:290)
	at com.kms.katalon.core.main.TestCaseExecutor.execute(TestCaseExecutor.java:224)
	at com.kms.katalon.core.main.TestSuiteExecutor.accessTestCaseMainPhase(TestSuiteExecutor.java:129)
	at com.kms.katalon.core.main.TestSuiteExecutor.accessTestSuiteMainPhase(TestSuiteExecutor.java:112)
	at com.kms.katalon.core.main.TestSuiteExecutor.execute(TestSuiteExecutor.java:81)
	at com.kms.katalon.core.main.TestCaseMain.startTestSuite(TestCaseMain.java:149)
	at com.kms.katalon.core.main.TestCaseMain$startTestSuite$0.call(Unknown Source)
	at TempTestSuite1547195617926.run(TempTestSuite1547195617926.groovy:36)
Caused by: org.openqa.selenium.WebDriverException: An unknown server-side error occurred while processing the command. Original error: Element id=primaryCTA not found (WARNING: The server did not provide any stacktrace information)
Command duration or timeout: 0 milliseconds
Build info: version: '3.7.1', revision: '8a0099a', time: '2017-11-06T21:07:36.161Z'
System info: host: 'Deniss-MacBook-Pro.local', ip: 'fe80:0:0:0:1c55:699e:bcf8:d911%en0', os.name: 'Mac OS X', os.arch: 'x86_64', os.version: '10.14.2', java.version: '1.8.0_181'
Driver info: io.appium.java_client.ios.IOSDriver
Capabilities {automationName: XCUITest, browserName: Safari, databaseEnabled: false, deviceId: , deviceName: iPhone X, javascriptEnabled: true, locationContextEnabled: false, networkConnectionEnabled: false, newCommandTimeout: 1800, platform: IOS, platformName: IOS, platformVersion: 12.1, realDeviceLogger: /Applications/Katalon Studi..., takesScreenshot: true, udid: 1FBC48CC-4B26-4899-AB2C-0FD..., wdaLocalPort: 54021, webStorageEnabled: false}
Session ID: eb1d2d1d-e084-430e-9ead-258b77bded55
	at org.openqa.selenium.remote.ErrorHandler.createThrowable(ErrorHandler.java:214)
	at org.openqa.selenium.remote.ErrorHandler.throwIfResponseFailed(ErrorHandler.java:166)
	at org.openqa.selenium.remote.http.JsonHttpResponseCodec.reconstructValue(JsonHttpResponseCodec.java:40)
	at org.openqa.selenium.remote.http.AbstractHttpResponseCodec.decode(AbstractHttpResponseCodec.java:80)
	at org.openqa.selenium.remote.http.AbstractHttpResponseCodec.decode(AbstractHttpResponseCodec.java:44)
	at org.openqa.selenium.remote.HttpCommandExecutor.execute(HttpCommandExecutor.java:164)
	at io.appium.java_client.remote.AppiumCommandExecutor.execute(AppiumCommandExecutor.java:89)
	at org.openqa.selenium.remote.RemoteWebDriver.execute(RemoteWebDriver.java:600)
	at io.appium.java_client.DefaultGenericMobileDriver.execute(DefaultGenericMobileDriver.java:42)
	at io.appium.java_client.AppiumDriver.execute(AppiumDriver.java:1)
	at io.appium.java_client.ios.IOSDriver.execute(IOSDriver.java:1)
	at org.openqa.selenium.remote.RemoteWebDriver.executeScript(RemoteWebDriver.java:536)
	at com.thoughtworks.selenium.webdriven.ElementFinder.findElement(ElementFinder.java:91)
	at com.thoughtworks.selenium.webdriven.commands.Click.handleSeleneseCommand(Click.java:39)
	at com.thoughtworks.selenium.webdriven.commands.Click.handleSeleneseCommand(Click.java:26)
	at com.thoughtworks.selenium.webdriven.SeleneseCommand.apply(SeleneseCommand.java:36)
	at com.thoughtworks.selenium.webdriven.Timer.run(Timer.java:41)
	at com.thoughtworks.selenium.webdriven.WebDriverCommandProcessor.execute(WebDriverCommandProcessor.java:150)
	at com.thoughtworks.selenium.webdriven.WebDriverCommandProcessor.doCommand(WebDriverCommandProcessor.java:76)
	at com.thoughtworks.selenium.DefaultSelenium.click(DefaultSelenium.java:198)
	at com.thoughtworks.selenium.Selenium$click.call(Unknown Source)
	at Script1546076591773.run(Script1546076591773.groovy:38)
	... 13 more


2019-01-11 16:34:54 - [MESSAGE][ERROR] - selenium.click("id=primaryCTA") FAILED.
Reason:
com.thoughtworks.selenium.SeleniumException: Element id=primaryCTA not found
	at com.thoughtworks.selenium.webdriven.ElementFinder.findElement(ElementFinder.java:93)
	at com.thoughtworks.selenium.webdriven.commands.Click.handleSeleneseCommand(Click.java:39)
	at com.thoughtworks.selenium.webdriven.commands.Click.handleSeleneseCommand(Click.java:26)
	at com.thoughtworks.selenium.webdriven.SeleneseCommand.apply(SeleneseCommand.java:36)
	at com.thoughtworks.selenium.webdriven.Timer.run(Timer.java:41)
	at com.thoughtworks.selenium.webdriven.WebDriverCommandProcessor.execute(WebDriverCommandProcessor.java:150)
	at com.thoughtworks.selenium.webdriven.WebDriverCommandProcessor.doCommand(WebDriverCommandProcessor.java:76)
	at com.thoughtworks.selenium.DefaultSelenium.click(DefaultSelenium.java:198)
	at com.thoughtworks.selenium.Selenium$click.call(Unknown Source)
	at Everest.run(Everest:38)
	at com.kms.katalon.core.main.ScriptEngine.run(ScriptEngine.java:194)
	at com.kms.katalon.core.main.ScriptEngine.runScriptAsRawText(ScriptEngine.java:119)
	at com.kms.katalon.core.main.TestCaseExecutor.runScript(TestCaseExecutor.java:328)
	at com.kms.katalon.core.main.TestCaseExecutor.doExecute(TestCaseExecutor.java:319)
	at com.kms.katalon.core.main.TestCaseExecutor.processExecutionPhase(TestCaseExecutor.java:298)
	at com.kms.katalon.core.main.TestCaseExecutor.accessMainPhase(TestCaseExecutor.java:290)
	at com.kms.katalon.core.main.TestCaseExecutor.execute(TestCaseExecutor.java:224)
	at com.kms.katalon.core.main.TestSuiteExecutor.accessTestCaseMainPhase(TestSuiteExecutor.java:129)
	at com.kms.katalon.core.main.TestSuiteExecutor.accessTestSuiteMainPhase(TestSuiteExecutor.java:112)
	at com.kms.katalon.core.main.TestSuiteExecutor.execute(TestSuiteExecutor.java:81)
	at com.kms.katalon.core.main.TestCaseMain.startTestSuite(TestCaseMain.java:149)
	at com.kms.katalon.core.main.TestCaseMain$startTestSuite$0.call(Unknown Source)
	at TempTestSuite1547195617926.run(TempTestSuite1547195617926.groovy:36)
Caused by: org.openqa.selenium.WebDriverException: An unknown server-side error occurred while processing the command. Original error: Element id=primaryCTA not found (WARNING: The server did not provide any stacktrace information)
Command duration or timeout: 0 milliseconds
Build info: version: '3.7.1', revision: '8a0099a', time: '2017-11-06T21:07:36.161Z'
System info: host: 'Deniss-MacBook-Pro.local', ip: 'fe80:0:0:0:1c55:699e:bcf8:d911%en0', os.name: 'Mac OS X', os.arch: 'x86_64', os.version: '10.14.2', java.version: '1.8.0_181'
Driver info: io.appium.java_client.ios.IOSDriver
Capabilities {automationName: XCUITest, browserName: Safari, databaseEnabled: false, deviceId: , deviceName: iPhone X, javascriptEnabled: true, locationContextEnabled: false, networkConnectionEnabled: false, newCommandTimeout: 1800, platform: IOS, platformName: IOS, platformVersion: 12.1, realDeviceLogger: /Applications/Katalon Studi..., takesScreenshot: true, udid: 1FBC48CC-4B26-4899-AB2C-0FD..., wdaLocalPort: 54021, webStorageEnabled: false}
Session ID: eb1d2d1d-e084-430e-9ead-258b77bded55
	at org.openqa.selenium.remote.ErrorHandler.createThrowable(ErrorHandler.java:214)
	at org.openqa.selenium.remote.ErrorHandler.throwIfResponseFailed(ErrorHandler.java:166)
	at org.openqa.selenium.remote.http.JsonHttpResponseCodec.reconstructValue(JsonHttpResponseCodec.java:40)
	at org.openqa.selenium.remote.http.AbstractHttpResponseCodec.decode(AbstractHttpResponseCodec.java:80)
	at org.openqa.selenium.remote.http.AbstractHttpResponseCodec.decode(AbstractHttpResponseCodec.java:44)
	at org.openqa.selenium.remote.HttpCommandExecutor.execute(HttpCommandExecutor.java:164)
	at io.appium.java_client.remote.AppiumCommandExecutor.execute(AppiumCommandExecutor.java:89)
	at org.openqa.selenium.remote.RemoteWebDriver.execute(RemoteWebDriver.java:600)
	at io.appium.java_client.DefaultGenericMobileDriver.execute(DefaultGenericMobileDriver.java:42)
	at io.appium.java_client.AppiumDriver.execute(AppiumDriver.java:1)
	at io.appium.java_client.ios.IOSDriver.execute(IOSDriver.java:1)
	at org.openqa.selenium.remote.RemoteWebDriver.executeScript(RemoteWebDriver.java:536)
	at com.thoughtworks.selenium.webdriven.ElementFinder.findElement(ElementFinder.java:91)
	at com.thoughtworks.selenium.webdriven.commands.Click.handleSeleneseCommand(Click.java:39)
	at com.thoughtworks.selenium.webdriven.commands.Click.handleSeleneseCommand(Click.java:26)
	at com.thoughtworks.selenium.webdriven.SeleneseCommand.apply(SeleneseCommand.java:36)
	at com.thoughtworks.selenium.webdriven.Timer.run(Timer.java:41)
	at com.thoughtworks.selenium.webdriven.WebDriverCommandProcessor.execute(WebDriverCommandProcessor.java:150)
	at com.thoughtworks.selenium.webdriven.WebDriverCommandProcessor.doCommand(WebDriverCommandProcessor.java:76)
	at com.thoughtworks.selenium.DefaultSelenium.click(DefaultSelenium.java:198)
	at com.thoughtworks.selenium.Selenium$click.call(Unknown Source)
	at Script1546076591773.run(Script1546076591773.groovy:38)
	... 13 more]]></system-out>
         <system-err><![CDATA[2019-01-11 16:33:43 - [TEST_CASE][ERROR] - Test Cases/Web/Level 1/Everest: Test Cases/Web/Level 1/Everest FAILED.
Reason:
com.thoughtworks.selenium.SeleniumException: Element id=primaryCTA not found
	at com.thoughtworks.selenium.webdriven.ElementFinder.findElement(ElementFinder.java:93)
	at com.thoughtworks.selenium.webdriven.commands.Click.handleSeleneseCommand(Click.java:39)
	at com.thoughtworks.selenium.webdriven.commands.Click.handleSeleneseCommand(Click.java:26)
	at com.thoughtworks.selenium.webdriven.SeleneseCommand.apply(SeleneseCommand.java:36)
	at com.thoughtworks.selenium.webdriven.Timer.run(Timer.java:41)
	at com.thoughtworks.selenium.webdriven.WebDriverCommandProcessor.execute(WebDriverCommandProcessor.java:150)
	at com.thoughtworks.selenium.webdriven.WebDriverCommandProcessor.doCommand(WebDriverCommandProcessor.java:76)
	at com.thoughtworks.selenium.DefaultSelenium.click(DefaultSelenium.java:198)
	at com.thoughtworks.selenium.Selenium$click.call(Unknown Source)
	at Everest.run(Everest:38)
	at com.kms.katalon.core.main.ScriptEngine.run(ScriptEngine.java:194)
	at com.kms.katalon.core.main.ScriptEngine.runScriptAsRawText(ScriptEngine.java:119)
	at com.kms.katalon.core.main.TestCaseExecutor.runScript(TestCaseExecutor.java:328)
	at com.kms.katalon.core.main.TestCaseExecutor.doExecute(TestCaseExecutor.java:319)
	at com.kms.katalon.core.main.TestCaseExecutor.processExecutionPhase(TestCaseExecutor.java:298)
	at com.kms.katalon.core.main.TestCaseExecutor.accessMainPhase(TestCaseExecutor.java:290)
	at com.kms.katalon.core.main.TestCaseExecutor.execute(TestCaseExecutor.java:224)
	at com.kms.katalon.core.main.TestSuiteExecutor.accessTestCaseMainPhase(TestSuiteExecutor.java:129)
	at com.kms.katalon.core.main.TestSuiteExecutor.accessTestSuiteMainPhase(TestSuiteExecutor.java:112)
	at com.kms.katalon.core.main.TestSuiteExecutor.execute(TestSuiteExecutor.java:81)
	at com.kms.katalon.core.main.TestCaseMain.startTestSuite(TestCaseMain.java:149)
	at com.kms.katalon.core.main.TestCaseMain$startTestSuite$0.call(Unknown Source)
	at TempTestSuite1547195617926.run(TempTestSuite1547195617926.groovy:36)
Caused by: org.openqa.selenium.WebDriverException: An unknown server-side error occurred while processing the command. Original error: Element id=primaryCTA not found (WARNING: The server did not provide any stacktrace information)
Command duration or timeout: 0 milliseconds
Build info: version: '3.7.1', revision: '8a0099a', time: '2017-11-06T21:07:36.161Z'
System info: host: 'Deniss-MacBook-Pro.local', ip: 'fe80:0:0:0:1c55:699e:bcf8:d911%en0', os.name: 'Mac OS X', os.arch: 'x86_64', os.version: '10.14.2', java.version: '1.8.0_181'
Driver info: io.appium.java_client.ios.IOSDriver
Capabilities {automationName: XCUITest, browserName: Safari, databaseEnabled: false, deviceId: , deviceName: iPhone X, javascriptEnabled: true, locationContextEnabled: false, networkConnectionEnabled: false, newCommandTimeout: 1800, platform: IOS, platformName: IOS, platformVersion: 12.1, realDeviceLogger: /Applications/Katalon Studi..., takesScreenshot: true, udid: 1FBC48CC-4B26-4899-AB2C-0FD..., wdaLocalPort: 54021, webStorageEnabled: false}
Session ID: eb1d2d1d-e084-430e-9ead-258b77bded55
	at org.openqa.selenium.remote.ErrorHandler.createThrowable(ErrorHandler.java:214)
	at org.openqa.selenium.remote.ErrorHandler.throwIfResponseFailed(ErrorHandler.java:166)
	at org.openqa.selenium.remote.http.JsonHttpResponseCodec.reconstructValue(JsonHttpResponseCodec.java:40)
	at org.openqa.selenium.remote.http.AbstractHttpResponseCodec.decode(AbstractHttpResponseCodec.java:80)
	at org.openqa.selenium.remote.http.AbstractHttpResponseCodec.decode(AbstractHttpResponseCodec.java:44)
	at org.openqa.selenium.remote.HttpCommandExecutor.execute(HttpCommandExecutor.java:164)
	at io.appium.java_client.remote.AppiumCommandExecutor.execute(AppiumCommandExecutor.java:89)
	at org.openqa.selenium.remote.RemoteWebDriver.execute(RemoteWebDriver.java:600)
	at io.appium.java_client.DefaultGenericMobileDriver.execute(DefaultGenericMobileDriver.java:42)
	at io.appium.java_client.AppiumDriver.execute(AppiumDriver.java:1)
	at io.appium.java_client.ios.IOSDriver.execute(IOSDriver.java:1)
	at org.openqa.selenium.remote.RemoteWebDriver.executeScript(RemoteWebDriver.java:536)
	at com.thoughtworks.selenium.webdriven.ElementFinder.findElement(ElementFinder.java:91)
	at com.thoughtworks.selenium.webdriven.commands.Click.handleSeleneseCommand(Click.java:39)
	at com.thoughtworks.selenium.webdriven.commands.Click.handleSeleneseCommand(Click.java:26)
	at com.thoughtworks.selenium.webdriven.SeleneseCommand.apply(SeleneseCommand.java:36)
	at com.thoughtworks.selenium.webdriven.Timer.run(Timer.java:41)
	at com.thoughtworks.selenium.webdriven.WebDriverCommandProcessor.execute(WebDriverCommandProcessor.java:150)
	at com.thoughtworks.selenium.webdriven.WebDriverCommandProcessor.doCommand(WebDriverCommandProcessor.java:76)
	at com.thoughtworks.selenium.DefaultSelenium.click(DefaultSelenium.java:198)
	at com.thoughtworks.selenium.Selenium$click.call(Unknown Source)
	at Script1546076591773.run(Script1546076591773.groovy:38)
	... 13 more]]></system-err>
      </testcase>
      <testcase name="Test Cases/Web/Level 1/Everest" classname="Test Cases/Web/Level 1/Everest" status="ERROR">
         <error type="ERROR" message="Test Cases/Web/Level 1/Everest FAILED.
Reason:
com.thoughtworks.selenium.SeleniumException: Element id=js-see-plans not found
	at com.thoughtworks.selenium.webdriven.ElementFinder.findElement(ElementFinder.java:93)
	at com.thoughtworks.selenium.webdriven.commands.Click.handleSeleneseCommand(Click.java:39)
	at com.thoughtworks.selenium.webdriven.commands.Click.handleSeleneseCommand(Click.java:26)
	at com.thoughtworks.selenium.webdriven.SeleneseCommand.apply(SeleneseCommand.java:36)
	at com.thoughtworks.selenium.webdriven.Timer.run(Timer.java:41)
	at com.thoughtworks.selenium.webdriven.WebDriverCommandProcessor.execute(WebDriverCommandProcessor.java:150)
	at com.thoughtworks.selenium.webdriven.WebDriverCommandProcessor.doCommand(WebDriverCommandProcessor.java:76)
	at com.thoughtworks.selenium.DefaultSelenium.click(DefaultSelenium.java:198)
	at com.thoughtworks.selenium.Selenium$click.call(Unknown Source)
	at Everest.run(Everest:61)
	at com.kms.katalon.core.main.ScriptEngine.run(ScriptEngine.java:194)
	at com.kms.katalon.core.main.ScriptEngine.runScriptAsRawText(ScriptEngine.java:119)
	at com.kms.katalon.core.main.TestCaseExecutor.runScript(TestCaseExecutor.java:328)
	at com.kms.katalon.core.main.TestCaseExecutor.doExecute(TestCaseExecutor.java:319)
	at com.kms.katalon.core.main.TestCaseExecutor.processExecutionPhase(TestCaseExecutor.java:298)
	at com.kms.katalon.core.main.TestCaseExecutor.accessMainPhase(TestCaseExecutor.java:290)
	at com.kms.katalon.core.main.TestCaseExecutor.execute(TestCaseExecutor.java:224)
	at com.kms.katalon.core.main.TestSuiteExecutor.accessTestCaseMainPhase(TestSuiteExecutor.java:129)
	at com.kms.katalon.core.main.TestSuiteExecutor.accessTestSuiteMainPhase(TestSuiteExecutor.java:112)
	at com.kms.katalon.core.main.TestSuiteExecutor.execute(TestSuiteExecutor.java:81)
	at com.kms.katalon.core.main.TestCaseMain.startTestSuite(TestCaseMain.java:149)
	at com.kms.katalon.core.main.TestCaseMain$startTestSuite$0.call(Unknown Source)
	at TempTestSuite1547195617926.run(TempTestSuite1547195617926.groovy:36)
Caused by: org.openqa.selenium.WebDriverException: An unknown server-side error occurred while processing the command. Original error: Element id=js-see-plans not found (WARNING: The server did not provide any stacktrace information)
Command duration or timeout: 0 milliseconds
Build info: version: '3.7.1', revision: '8a0099a', time: '2017-11-06T21:07:36.161Z'
System info: host: 'Deniss-MacBook-Pro.local', ip: 'fe80:0:0:0:1c55:699e:bcf8:d911%en0', os.name: 'Mac OS X', os.arch: 'x86_64', os.version: '10.14.2', java.version: '1.8.0_181'
Driver info: io.appium.java_client.ios.IOSDriver
Capabilities {automationName: XCUITest, browserName: Safari, databaseEnabled: false, deviceId: , deviceName: iPhone X, javascriptEnabled: true, locationContextEnabled: false, networkConnectionEnabled: false, newCommandTimeout: 1800, platform: IOS, platformName: IOS, platformVersion: 12.1, realDeviceLogger: /Applications/Katalon Studi..., takesScreenshot: true, udid: 1FBC48CC-4B26-4899-AB2C-0FD..., wdaLocalPort: 54144, webStorageEnabled: false}
Session ID: a6a1eb8d-aedb-4d33-8c12-bc909417ebd7
	at org.openqa.selenium.remote.ErrorHandler.createThrowable(ErrorHandler.java:214)
	at org.openqa.selenium.remote.ErrorHandler.throwIfResponseFailed(ErrorHandler.java:166)
	at org.openqa.selenium.remote.http.JsonHttpResponseCodec.reconstructValue(JsonHttpResponseCodec.java:40)
	at org.openqa.selenium.remote.http.AbstractHttpResponseCodec.decode(AbstractHttpResponseCodec.java:80)
	at org.openqa.selenium.remote.http.AbstractHttpResponseCodec.decode(AbstractHttpResponseCodec.java:44)
	at org.openqa.selenium.remote.HttpCommandExecutor.execute(HttpCommandExecutor.java:164)
	at io.appium.java_client.remote.AppiumCommandExecutor.execute(AppiumCommandExecutor.java:89)
	at org.openqa.selenium.remote.RemoteWebDriver.execute(RemoteWebDriver.java:600)
	at io.appium.java_client.DefaultGenericMobileDriver.execute(DefaultGenericMobileDriver.java:42)
	at io.appium.java_client.AppiumDriver.execute(AppiumDriver.java:1)
	at io.appium.java_client.ios.IOSDriver.execute(IOSDriver.java:1)
	at org.openqa.selenium.remote.RemoteWebDriver.executeScript(RemoteWebDriver.java:536)
	at com.thoughtworks.selenium.webdriven.ElementFinder.findElement(ElementFinder.java:91)
	at com.thoughtworks.selenium.webdriven.commands.Click.handleSeleneseCommand(Click.java:39)
	at com.thoughtworks.selenium.webdriven.commands.Click.handleSeleneseCommand(Click.java:26)
	at com.thoughtworks.selenium.webdriven.SeleneseCommand.apply(SeleneseCommand.java:36)
	at com.thoughtworks.selenium.webdriven.Timer.run(Timer.java:41)
	at com.thoughtworks.selenium.webdriven.WebDriverCommandProcessor.execute(WebDriverCommandProcessor.java:150)
	at com.thoughtworks.selenium.webdriven.WebDriverCommandProcessor.doCommand(WebDriverCommandProcessor.java:76)
	at com.thoughtworks.selenium.DefaultSelenium.click(DefaultSelenium.java:198)
	at com.thoughtworks.selenium.Selenium$click.call(Unknown Source)
	at Script1546076591773.run(Script1546076591773.groovy:61)
	... 13 more
"/>
         <system-out><![CDATA[2019-01-11 16:34:56 - [TEST_CASE][ERROR] - Test Cases/Web/Level 1/Everest: Test Cases/Web/Level 1/Everest FAILED.
Reason:
com.thoughtworks.selenium.SeleniumException: Element id=js-see-plans not found
	at com.thoughtworks.selenium.webdriven.ElementFinder.findElement(ElementFinder.java:93)
	at com.thoughtworks.selenium.webdriven.commands.Click.handleSeleneseCommand(Click.java:39)
	at com.thoughtworks.selenium.webdriven.commands.Click.handleSeleneseCommand(Click.java:26)
	at com.thoughtworks.selenium.webdriven.SeleneseCommand.apply(SeleneseCommand.java:36)
	at com.thoughtworks.selenium.webdriven.Timer.run(Timer.java:41)
	at com.thoughtworks.selenium.webdriven.WebDriverCommandProcessor.execute(WebDriverCommandProcessor.java:150)
	at com.thoughtworks.selenium.webdriven.WebDriverCommandProcessor.doCommand(WebDriverCommandProcessor.java:76)
	at com.thoughtworks.selenium.DefaultSelenium.click(DefaultSelenium.java:198)
	at com.thoughtworks.selenium.Selenium$click.call(Unknown Source)
	at Everest.run(Everest:61)
	at com.kms.katalon.core.main.ScriptEngine.run(ScriptEngine.java:194)
	at com.kms.katalon.core.main.ScriptEngine.runScriptAsRawText(ScriptEngine.java:119)
	at com.kms.katalon.core.main.TestCaseExecutor.runScript(TestCaseExecutor.java:328)
	at com.kms.katalon.core.main.TestCaseExecutor.doExecute(TestCaseExecutor.java:319)
	at com.kms.katalon.core.main.TestCaseExecutor.processExecutionPhase(TestCaseExecutor.java:298)
	at com.kms.katalon.core.main.TestCaseExecutor.accessMainPhase(TestCaseExecutor.java:290)
	at com.kms.katalon.core.main.TestCaseExecutor.execute(TestCaseExecutor.java:224)
	at com.kms.katalon.core.main.TestSuiteExecutor.accessTestCaseMainPhase(TestSuiteExecutor.java:129)
	at com.kms.katalon.core.main.TestSuiteExecutor.accessTestSuiteMainPhase(TestSuiteExecutor.java:112)
	at com.kms.katalon.core.main.TestSuiteExecutor.execute(TestSuiteExecutor.java:81)
	at com.kms.katalon.core.main.TestCaseMain.startTestSuite(TestCaseMain.java:149)
	at com.kms.katalon.core.main.TestCaseMain$startTestSuite$0.call(Unknown Source)
	at TempTestSuite1547195617926.run(TempTestSuite1547195617926.groovy:36)
Caused by: org.openqa.selenium.WebDriverException: An unknown server-side error occurred while processing the command. Original error: Element id=js-see-plans not found (WARNING: The server did not provide any stacktrace information)
Command duration or timeout: 0 milliseconds
Build info: version: '3.7.1', revision: '8a0099a', time: '2017-11-06T21:07:36.161Z'
System info: host: 'Deniss-MacBook-Pro.local', ip: 'fe80:0:0:0:1c55:699e:bcf8:d911%en0', os.name: 'Mac OS X', os.arch: 'x86_64', os.version: '10.14.2', java.version: '1.8.0_181'
Driver info: io.appium.java_client.ios.IOSDriver
Capabilities {automationName: XCUITest, browserName: Safari, databaseEnabled: false, deviceId: , deviceName: iPhone X, javascriptEnabled: true, locationContextEnabled: false, networkConnectionEnabled: false, newCommandTimeout: 1800, platform: IOS, platformName: IOS, platformVersion: 12.1, realDeviceLogger: /Applications/Katalon Studi..., takesScreenshot: true, udid: 1FBC48CC-4B26-4899-AB2C-0FD..., wdaLocalPort: 54144, webStorageEnabled: false}
Session ID: a6a1eb8d-aedb-4d33-8c12-bc909417ebd7
	at org.openqa.selenium.remote.ErrorHandler.createThrowable(ErrorHandler.java:214)
	at org.openqa.selenium.remote.ErrorHandler.throwIfResponseFailed(ErrorHandler.java:166)
	at org.openqa.selenium.remote.http.JsonHttpResponseCodec.reconstructValue(JsonHttpResponseCodec.java:40)
	at org.openqa.selenium.remote.http.AbstractHttpResponseCodec.decode(AbstractHttpResponseCodec.java:80)
	at org.openqa.selenium.remote.http.AbstractHttpResponseCodec.decode(AbstractHttpResponseCodec.java:44)
	at org.openqa.selenium.remote.HttpCommandExecutor.execute(HttpCommandExecutor.java:164)
	at io.appium.java_client.remote.AppiumCommandExecutor.execute(AppiumCommandExecutor.java:89)
	at org.openqa.selenium.remote.RemoteWebDriver.execute(RemoteWebDriver.java:600)
	at io.appium.java_client.DefaultGenericMobileDriver.execute(DefaultGenericMobileDriver.java:42)
	at io.appium.java_client.AppiumDriver.execute(AppiumDriver.java:1)
	at io.appium.java_client.ios.IOSDriver.execute(IOSDriver.java:1)
	at org.openqa.selenium.remote.RemoteWebDriver.executeScript(RemoteWebDriver.java:536)
	at com.thoughtworks.selenium.webdriven.ElementFinder.findElement(ElementFinder.java:91)
	at com.thoughtworks.selenium.webdriven.commands.Click.handleSeleneseCommand(Click.java:39)
	at com.thoughtworks.selenium.webdriven.commands.Click.handleSeleneseCommand(Click.java:26)
	at com.thoughtworks.selenium.webdriven.SeleneseCommand.apply(SeleneseCommand.java:36)
	at com.thoughtworks.selenium.webdriven.Timer.run(Timer.java:41)
	at com.thoughtworks.selenium.webdriven.WebDriverCommandProcessor.execute(WebDriverCommandProcessor.java:150)
	at com.thoughtworks.selenium.webdriven.WebDriverCommandProcessor.doCommand(WebDriverCommandProcessor.java:76)
	at com.thoughtworks.selenium.DefaultSelenium.click(DefaultSelenium.java:198)
	at com.thoughtworks.selenium.Selenium$click.call(Unknown Source)
	at Script1546076591773.run(Script1546076591773.groovy:61)
	... 13 more


2019-01-11 16:34:56 - [TEST_STEP][PASSED] - openBrowser("https://praetemptatus.agilehealthinsurance.com/"): Browser is opened with url: 'https://praetemptatus.agilehealthinsurance.com/'

2019-01-11 16:34:56 - [MESSAGE][WARNING] - A browser is already opened. Closing browser and opening a new one

2019-01-11 16:34:57 - [MESSAGE][INFO] - Starting 'iOS' driver

2019-01-11 16:34:57 - [MESSAGE][INFO] - User set preference: ['deviceId', '']

2019-01-11 16:34:58 - [MESSAGE][INFO] - ios_webkit_debug_proxy server started on port 54145

2019-01-11 16:35:02 - [MESSAGE][INFO] - Appium server started on port 54,148

2019-01-11 16:35:47 - [MESSAGE][PASSED] - Browser is opened with url: 'https://praetemptatus.agilehealthinsurance.com/'

2019-01-11 16:35:47 - [TEST_STEP][PASSED] - driver = getWebDriver(): null

2019-01-11 16:35:47 - [TEST_STEP][PASSED] - baseUrl = "https://praetemptatus.agilehealthinsurance.com/": null

2019-01-11 16:35:47 - [TEST_STEP][PASSED] - selenium = new com.thoughtworks.selenium.webdriven.WebDriverBackedSelenium(driver, baseUrl): null

2019-01-11 16:35:47 - [TEST_STEP][PASSED] - selenium.click("id=primaryCTA"): null

2019-01-11 16:35:53 - [TEST_STEP][PASSED] - selenium.click("id=js-see-plans"): null

2019-01-11 16:35:55 - [TEST_STEP][PASSED] - Thread.sleep(2000): null

2019-01-11 16:35:57 - [TEST_STEP][PASSED] - selenium.click("id=zip-input"): null

2019-01-11 16:36:01 - [TEST_STEP][PASSED] - selenium.type("id=zip-input", "60602"): null

2019-01-11 16:36:04 - [TEST_STEP][PASSED] - selenium.click("xpath=(.//*[normalize-space(text()) and normalize-space(.)='Gender'])[1]/following::label[1]"): null

2019-01-11 16:36:05 - [TEST_STEP][PASSED] - selenium.click("id=dob-0"): null

2019-01-11 16:36:11 - [TEST_STEP][PASSED] - selenium.type("id=dob-0", "04/04/1980"): null

2019-01-11 16:36:25 - [TEST_STEP][PASSED] - selenium.fireEvent("id=dob-0", "blur"): null

2019-01-11 16:36:28 - [TEST_STEP][PASSED] - selenium.click("id=census-buttons-section"): null

2019-01-11 16:36:47 - [TEST_STEP][PASSED] - Thread.sleep(1000): null

2019-01-11 16:36:48 - [TEST_STEP][ERROR] - selenium.click("id=js-see-plans"): selenium.click("id=js-see-plans") FAILED.
Reason:
com.thoughtworks.selenium.SeleniumException: Element id=js-see-plans not found
	at com.thoughtworks.selenium.webdriven.ElementFinder.findElement(ElementFinder.java:93)
	at com.thoughtworks.selenium.webdriven.commands.Click.handleSeleneseCommand(Click.java:39)
	at com.thoughtworks.selenium.webdriven.commands.Click.handleSeleneseCommand(Click.java:26)
	at com.thoughtworks.selenium.webdriven.SeleneseCommand.apply(SeleneseCommand.java:36)
	at com.thoughtworks.selenium.webdriven.Timer.run(Timer.java:41)
	at com.thoughtworks.selenium.webdriven.WebDriverCommandProcessor.execute(WebDriverCommandProcessor.java:150)
	at com.thoughtworks.selenium.webdriven.WebDriverCommandProcessor.doCommand(WebDriverCommandProcessor.java:76)
	at com.thoughtworks.selenium.DefaultSelenium.click(DefaultSelenium.java:198)
	at com.thoughtworks.selenium.Selenium$click.call(Unknown Source)
	at Everest.run(Everest:61)
	at com.kms.katalon.core.main.ScriptEngine.run(ScriptEngine.java:194)
	at com.kms.katalon.core.main.ScriptEngine.runScriptAsRawText(ScriptEngine.java:119)
	at com.kms.katalon.core.main.TestCaseExecutor.runScript(TestCaseExecutor.java:328)
	at com.kms.katalon.core.main.TestCaseExecutor.doExecute(TestCaseExecutor.java:319)
	at com.kms.katalon.core.main.TestCaseExecutor.processExecutionPhase(TestCaseExecutor.java:298)
	at com.kms.katalon.core.main.TestCaseExecutor.accessMainPhase(TestCaseExecutor.java:290)
	at com.kms.katalon.core.main.TestCaseExecutor.execute(TestCaseExecutor.java:224)
	at com.kms.katalon.core.main.TestSuiteExecutor.accessTestCaseMainPhase(TestSuiteExecutor.java:129)
	at com.kms.katalon.core.main.TestSuiteExecutor.accessTestSuiteMainPhase(TestSuiteExecutor.java:112)
	at com.kms.katalon.core.main.TestSuiteExecutor.execute(TestSuiteExecutor.java:81)
	at com.kms.katalon.core.main.TestCaseMain.startTestSuite(TestCaseMain.java:149)
	at com.kms.katalon.core.main.TestCaseMain$startTestSuite$0.call(Unknown Source)
	at TempTestSuite1547195617926.run(TempTestSuite1547195617926.groovy:36)
Caused by: org.openqa.selenium.WebDriverException: An unknown server-side error occurred while processing the command. Original error: Element id=js-see-plans not found (WARNING: The server did not provide any stacktrace information)
Command duration or timeout: 0 milliseconds
Build info: version: '3.7.1', revision: '8a0099a', time: '2017-11-06T21:07:36.161Z'
System info: host: 'Deniss-MacBook-Pro.local', ip: 'fe80:0:0:0:1c55:699e:bcf8:d911%en0', os.name: 'Mac OS X', os.arch: 'x86_64', os.version: '10.14.2', java.version: '1.8.0_181'
Driver info: io.appium.java_client.ios.IOSDriver
Capabilities {automationName: XCUITest, browserName: Safari, databaseEnabled: false, deviceId: , deviceName: iPhone X, javascriptEnabled: true, locationContextEnabled: false, networkConnectionEnabled: false, newCommandTimeout: 1800, platform: IOS, platformName: IOS, platformVersion: 12.1, realDeviceLogger: /Applications/Katalon Studi..., takesScreenshot: true, udid: 1FBC48CC-4B26-4899-AB2C-0FD..., wdaLocalPort: 54144, webStorageEnabled: false}
Session ID: a6a1eb8d-aedb-4d33-8c12-bc909417ebd7
	at org.openqa.selenium.remote.ErrorHandler.createThrowable(ErrorHandler.java:214)
	at org.openqa.selenium.remote.ErrorHandler.throwIfResponseFailed(ErrorHandler.java:166)
	at org.openqa.selenium.remote.http.JsonHttpResponseCodec.reconstructValue(JsonHttpResponseCodec.java:40)
	at org.openqa.selenium.remote.http.AbstractHttpResponseCodec.decode(AbstractHttpResponseCodec.java:80)
	at org.openqa.selenium.remote.http.AbstractHttpResponseCodec.decode(AbstractHttpResponseCodec.java:44)
	at org.openqa.selenium.remote.HttpCommandExecutor.execute(HttpCommandExecutor.java:164)
	at io.appium.java_client.remote.AppiumCommandExecutor.execute(AppiumCommandExecutor.java:89)
	at org.openqa.selenium.remote.RemoteWebDriver.execute(RemoteWebDriver.java:600)
	at io.appium.java_client.DefaultGenericMobileDriver.execute(DefaultGenericMobileDriver.java:42)
	at io.appium.java_client.AppiumDriver.execute(AppiumDriver.java:1)
	at io.appium.java_client.ios.IOSDriver.execute(IOSDriver.java:1)
	at org.openqa.selenium.remote.RemoteWebDriver.executeScript(RemoteWebDriver.java:536)
	at com.thoughtworks.selenium.webdriven.ElementFinder.findElement(ElementFinder.java:91)
	at com.thoughtworks.selenium.webdriven.commands.Click.handleSeleneseCommand(Click.java:39)
	at com.thoughtworks.selenium.webdriven.commands.Click.handleSeleneseCommand(Click.java:26)
	at com.thoughtworks.selenium.webdriven.SeleneseCommand.apply(SeleneseCommand.java:36)
	at com.thoughtworks.selenium.webdriven.Timer.run(Timer.java:41)
	at com.thoughtworks.selenium.webdriven.WebDriverCommandProcessor.execute(WebDriverCommandProcessor.java:150)
	at com.thoughtworks.selenium.webdriven.WebDriverCommandProcessor.doCommand(WebDriverCommandProcessor.java:76)
	at com.thoughtworks.selenium.DefaultSelenium.click(DefaultSelenium.java:198)
	at com.thoughtworks.selenium.Selenium$click.call(Unknown Source)
	at Script1546076591773.run(Script1546076591773.groovy:61)
	... 13 more


2019-01-11 16:36:50 - [MESSAGE][ERROR] - selenium.click("id=js-see-plans") FAILED.
Reason:
com.thoughtworks.selenium.SeleniumException: Element id=js-see-plans not found
	at com.thoughtworks.selenium.webdriven.ElementFinder.findElement(ElementFinder.java:93)
	at com.thoughtworks.selenium.webdriven.commands.Click.handleSeleneseCommand(Click.java:39)
	at com.thoughtworks.selenium.webdriven.commands.Click.handleSeleneseCommand(Click.java:26)
	at com.thoughtworks.selenium.webdriven.SeleneseCommand.apply(SeleneseCommand.java:36)
	at com.thoughtworks.selenium.webdriven.Timer.run(Timer.java:41)
	at com.thoughtworks.selenium.webdriven.WebDriverCommandProcessor.execute(WebDriverCommandProcessor.java:150)
	at com.thoughtworks.selenium.webdriven.WebDriverCommandProcessor.doCommand(WebDriverCommandProcessor.java:76)
	at com.thoughtworks.selenium.DefaultSelenium.click(DefaultSelenium.java:198)
	at com.thoughtworks.selenium.Selenium$click.call(Unknown Source)
	at Everest.run(Everest:61)
	at com.kms.katalon.core.main.ScriptEngine.run(ScriptEngine.java:194)
	at com.kms.katalon.core.main.ScriptEngine.runScriptAsRawText(ScriptEngine.java:119)
	at com.kms.katalon.core.main.TestCaseExecutor.runScript(TestCaseExecutor.java:328)
	at com.kms.katalon.core.main.TestCaseExecutor.doExecute(TestCaseExecutor.java:319)
	at com.kms.katalon.core.main.TestCaseExecutor.processExecutionPhase(TestCaseExecutor.java:298)
	at com.kms.katalon.core.main.TestCaseExecutor.accessMainPhase(TestCaseExecutor.java:290)
	at com.kms.katalon.core.main.TestCaseExecutor.execute(TestCaseExecutor.java:224)
	at com.kms.katalon.core.main.TestSuiteExecutor.accessTestCaseMainPhase(TestSuiteExecutor.java:129)
	at com.kms.katalon.core.main.TestSuiteExecutor.accessTestSuiteMainPhase(TestSuiteExecutor.java:112)
	at com.kms.katalon.core.main.TestSuiteExecutor.execute(TestSuiteExecutor.java:81)
	at com.kms.katalon.core.main.TestCaseMain.startTestSuite(TestCaseMain.java:149)
	at com.kms.katalon.core.main.TestCaseMain$startTestSuite$0.call(Unknown Source)
	at TempTestSuite1547195617926.run(TempTestSuite1547195617926.groovy:36)
Caused by: org.openqa.selenium.WebDriverException: An unknown server-side error occurred while processing the command. Original error: Element id=js-see-plans not found (WARNING: The server did not provide any stacktrace information)
Command duration or timeout: 0 milliseconds
Build info: version: '3.7.1', revision: '8a0099a', time: '2017-11-06T21:07:36.161Z'
System info: host: 'Deniss-MacBook-Pro.local', ip: 'fe80:0:0:0:1c55:699e:bcf8:d911%en0', os.name: 'Mac OS X', os.arch: 'x86_64', os.version: '10.14.2', java.version: '1.8.0_181'
Driver info: io.appium.java_client.ios.IOSDriver
Capabilities {automationName: XCUITest, browserName: Safari, databaseEnabled: false, deviceId: , deviceName: iPhone X, javascriptEnabled: true, locationContextEnabled: false, networkConnectionEnabled: false, newCommandTimeout: 1800, platform: IOS, platformName: IOS, platformVersion: 12.1, realDeviceLogger: /Applications/Katalon Studi..., takesScreenshot: true, udid: 1FBC48CC-4B26-4899-AB2C-0FD..., wdaLocalPort: 54144, webStorageEnabled: false}
Session ID: a6a1eb8d-aedb-4d33-8c12-bc909417ebd7
	at org.openqa.selenium.remote.ErrorHandler.createThrowable(ErrorHandler.java:214)
	at org.openqa.selenium.remote.ErrorHandler.throwIfResponseFailed(ErrorHandler.java:166)
	at org.openqa.selenium.remote.http.JsonHttpResponseCodec.reconstructValue(JsonHttpResponseCodec.java:40)
	at org.openqa.selenium.remote.http.AbstractHttpResponseCodec.decode(AbstractHttpResponseCodec.java:80)
	at org.openqa.selenium.remote.http.AbstractHttpResponseCodec.decode(AbstractHttpResponseCodec.java:44)
	at org.openqa.selenium.remote.HttpCommandExecutor.execute(HttpCommandExecutor.java:164)
	at io.appium.java_client.remote.AppiumCommandExecutor.execute(AppiumCommandExecutor.java:89)
	at org.openqa.selenium.remote.RemoteWebDriver.execute(RemoteWebDriver.java:600)
	at io.appium.java_client.DefaultGenericMobileDriver.execute(DefaultGenericMobileDriver.java:42)
	at io.appium.java_client.AppiumDriver.execute(AppiumDriver.java:1)
	at io.appium.java_client.ios.IOSDriver.execute(IOSDriver.java:1)
	at org.openqa.selenium.remote.RemoteWebDriver.executeScript(RemoteWebDriver.java:536)
	at com.thoughtworks.selenium.webdriven.ElementFinder.findElement(ElementFinder.java:91)
	at com.thoughtworks.selenium.webdriven.commands.Click.handleSeleneseCommand(Click.java:39)
	at com.thoughtworks.selenium.webdriven.commands.Click.handleSeleneseCommand(Click.java:26)
	at com.thoughtworks.selenium.webdriven.SeleneseCommand.apply(SeleneseCommand.java:36)
	at com.thoughtworks.selenium.webdriven.Timer.run(Timer.java:41)
	at com.thoughtworks.selenium.webdriven.WebDriverCommandProcessor.execute(WebDriverCommandProcessor.java:150)
	at com.thoughtworks.selenium.webdriven.WebDriverCommandProcessor.doCommand(WebDriverCommandProcessor.java:76)
	at com.thoughtworks.selenium.DefaultSelenium.click(DefaultSelenium.java:198)
	at com.thoughtworks.selenium.Selenium$click.call(Unknown Source)
	at Script1546076591773.run(Script1546076591773.groovy:61)
	... 13 more]]></system-out>
         <system-err><![CDATA[2019-01-11 16:34:56 - [TEST_CASE][ERROR] - Test Cases/Web/Level 1/Everest: Test Cases/Web/Level 1/Everest FAILED.
Reason:
com.thoughtworks.selenium.SeleniumException: Element id=js-see-plans not found
	at com.thoughtworks.selenium.webdriven.ElementFinder.findElement(ElementFinder.java:93)
	at com.thoughtworks.selenium.webdriven.commands.Click.handleSeleneseCommand(Click.java:39)
	at com.thoughtworks.selenium.webdriven.commands.Click.handleSeleneseCommand(Click.java:26)
	at com.thoughtworks.selenium.webdriven.SeleneseCommand.apply(SeleneseCommand.java:36)
	at com.thoughtworks.selenium.webdriven.Timer.run(Timer.java:41)
	at com.thoughtworks.selenium.webdriven.WebDriverCommandProcessor.execute(WebDriverCommandProcessor.java:150)
	at com.thoughtworks.selenium.webdriven.WebDriverCommandProcessor.doCommand(WebDriverCommandProcessor.java:76)
	at com.thoughtworks.selenium.DefaultSelenium.click(DefaultSelenium.java:198)
	at com.thoughtworks.selenium.Selenium$click.call(Unknown Source)
	at Everest.run(Everest:61)
	at com.kms.katalon.core.main.ScriptEngine.run(ScriptEngine.java:194)
	at com.kms.katalon.core.main.ScriptEngine.runScriptAsRawText(ScriptEngine.java:119)
	at com.kms.katalon.core.main.TestCaseExecutor.runScript(TestCaseExecutor.java:328)
	at com.kms.katalon.core.main.TestCaseExecutor.doExecute(TestCaseExecutor.java:319)
	at com.kms.katalon.core.main.TestCaseExecutor.processExecutionPhase(TestCaseExecutor.java:298)
	at com.kms.katalon.core.main.TestCaseExecutor.accessMainPhase(TestCaseExecutor.java:290)
	at com.kms.katalon.core.main.TestCaseExecutor.execute(TestCaseExecutor.java:224)
	at com.kms.katalon.core.main.TestSuiteExecutor.accessTestCaseMainPhase(TestSuiteExecutor.java:129)
	at com.kms.katalon.core.main.TestSuiteExecutor.accessTestSuiteMainPhase(TestSuiteExecutor.java:112)
	at com.kms.katalon.core.main.TestSuiteExecutor.execute(TestSuiteExecutor.java:81)
	at com.kms.katalon.core.main.TestCaseMain.startTestSuite(TestCaseMain.java:149)
	at com.kms.katalon.core.main.TestCaseMain$startTestSuite$0.call(Unknown Source)
	at TempTestSuite1547195617926.run(TempTestSuite1547195617926.groovy:36)
Caused by: org.openqa.selenium.WebDriverException: An unknown server-side error occurred while processing the command. Original error: Element id=js-see-plans not found (WARNING: The server did not provide any stacktrace information)
Command duration or timeout: 0 milliseconds
Build info: version: '3.7.1', revision: '8a0099a', time: '2017-11-06T21:07:36.161Z'
System info: host: 'Deniss-MacBook-Pro.local', ip: 'fe80:0:0:0:1c55:699e:bcf8:d911%en0', os.name: 'Mac OS X', os.arch: 'x86_64', os.version: '10.14.2', java.version: '1.8.0_181'
Driver info: io.appium.java_client.ios.IOSDriver
Capabilities {automationName: XCUITest, browserName: Safari, databaseEnabled: false, deviceId: , deviceName: iPhone X, javascriptEnabled: true, locationContextEnabled: false, networkConnectionEnabled: false, newCommandTimeout: 1800, platform: IOS, platformName: IOS, platformVersion: 12.1, realDeviceLogger: /Applications/Katalon Studi..., takesScreenshot: true, udid: 1FBC48CC-4B26-4899-AB2C-0FD..., wdaLocalPort: 54144, webStorageEnabled: false}
Session ID: a6a1eb8d-aedb-4d33-8c12-bc909417ebd7
	at org.openqa.selenium.remote.ErrorHandler.createThrowable(ErrorHandler.java:214)
	at org.openqa.selenium.remote.ErrorHandler.throwIfResponseFailed(ErrorHandler.java:166)
	at org.openqa.selenium.remote.http.JsonHttpResponseCodec.reconstructValue(JsonHttpResponseCodec.java:40)
	at org.openqa.selenium.remote.http.AbstractHttpResponseCodec.decode(AbstractHttpResponseCodec.java:80)
	at org.openqa.selenium.remote.http.AbstractHttpResponseCodec.decode(AbstractHttpResponseCodec.java:44)
	at org.openqa.selenium.remote.HttpCommandExecutor.execute(HttpCommandExecutor.java:164)
	at io.appium.java_client.remote.AppiumCommandExecutor.execute(AppiumCommandExecutor.java:89)
	at org.openqa.selenium.remote.RemoteWebDriver.execute(RemoteWebDriver.java:600)
	at io.appium.java_client.DefaultGenericMobileDriver.execute(DefaultGenericMobileDriver.java:42)
	at io.appium.java_client.AppiumDriver.execute(AppiumDriver.java:1)
	at io.appium.java_client.ios.IOSDriver.execute(IOSDriver.java:1)
	at org.openqa.selenium.remote.RemoteWebDriver.executeScript(RemoteWebDriver.java:536)
	at com.thoughtworks.selenium.webdriven.ElementFinder.findElement(ElementFinder.java:91)
	at com.thoughtworks.selenium.webdriven.commands.Click.handleSeleneseCommand(Click.java:39)
	at com.thoughtworks.selenium.webdriven.commands.Click.handleSeleneseCommand(Click.java:26)
	at com.thoughtworks.selenium.webdriven.SeleneseCommand.apply(SeleneseCommand.java:36)
	at com.thoughtworks.selenium.webdriven.Timer.run(Timer.java:41)
	at com.thoughtworks.selenium.webdriven.WebDriverCommandProcessor.execute(WebDriverCommandProcessor.java:150)
	at com.thoughtworks.selenium.webdriven.WebDriverCommandProcessor.doCommand(WebDriverCommandProcessor.java:76)
	at com.thoughtworks.selenium.DefaultSelenium.click(DefaultSelenium.java:198)
	at com.thoughtworks.selenium.Selenium$click.call(Unknown Source)
	at Script1546076591773.run(Script1546076591773.groovy:61)
	... 13 more]]></system-err>
      </testcase>
      <system-out><![CDATA[2019-01-11 16:33:42 - [TEST_SUITE][ERROR] - Level 1: Test Cases/Web/Level 1/Everest FAILED.
Reason:
com.thoughtworks.selenium.SeleniumException: Element id=primaryCTA not found
	at com.thoughtworks.selenium.webdriven.ElementFinder.findElement(ElementFinder.java:93)
	at com.thoughtworks.selenium.webdriven.commands.Click.handleSeleneseCommand(Click.java:39)
	at com.thoughtworks.selenium.webdriven.commands.Click.handleSeleneseCommand(Click.java:26)
	at com.thoughtworks.selenium.webdriven.SeleneseCommand.apply(SeleneseCommand.java:36)
	at com.thoughtworks.selenium.webdriven.Timer.run(Timer.java:41)
	at com.thoughtworks.selenium.webdriven.WebDriverCommandProcessor.execute(WebDriverCommandProcessor.java:150)
	at com.thoughtworks.selenium.webdriven.WebDriverCommandProcessor.doCommand(WebDriverCommandProcessor.java:76)
	at com.thoughtworks.selenium.DefaultSelenium.click(DefaultSelenium.java:198)
	at com.thoughtworks.selenium.Selenium$click.call(Unknown Source)
	at Everest.run(Everest:38)
	at com.kms.katalon.core.main.ScriptEngine.run(ScriptEngine.java:194)
	at com.kms.katalon.core.main.ScriptEngine.runScriptAsRawText(ScriptEngine.java:119)
	at com.kms.katalon.core.main.TestCaseExecutor.runScript(TestCaseExecutor.java:328)
	at com.kms.katalon.core.main.TestCaseExecutor.doExecute(TestCaseExecutor.java:319)
	at com.kms.katalon.core.main.TestCaseExecutor.processExecutionPhase(TestCaseExecutor.java:298)
	at com.kms.katalon.core.main.TestCaseExecutor.accessMainPhase(TestCaseExecutor.java:290)
	at com.kms.katalon.core.main.TestCaseExecutor.execute(TestCaseExecutor.java:224)
	at com.kms.katalon.core.main.TestSuiteExecutor.accessTestCaseMainPhase(TestSuiteExecutor.java:129)
	at com.kms.katalon.core.main.TestSuiteExecutor.accessTestSuiteMainPhase(TestSuiteExecutor.java:112)
	at com.kms.katalon.core.main.TestSuiteExecutor.execute(TestSuiteExecutor.java:81)
	at com.kms.katalon.core.main.TestCaseMain.startTestSuite(TestCaseMain.java:149)
	at com.kms.katalon.core.main.TestCaseMain$startTestSuite$0.call(Unknown Source)
	at TempTestSuite1547195617926.run(TempTestSuite1547195617926.groovy:36)
Caused by: org.openqa.selenium.WebDriverException: An unknown server-side error occurred while processing the command. Original error: Element id=primaryCTA not found (WARNING: The server did not provide any stacktrace information)
Command duration or timeout: 0 milliseconds
Build info: version: '3.7.1', revision: '8a0099a', time: '2017-11-06T21:07:36.161Z'
System info: host: 'Deniss-MacBook-Pro.local', ip: 'fe80:0:0:0:1c55:699e:bcf8:d911%en0', os.name: 'Mac OS X', os.arch: 'x86_64', os.version: '10.14.2', java.version: '1.8.0_181'
Driver info: io.appium.java_client.ios.IOSDriver
Capabilities {automationName: XCUITest, browserName: Safari, databaseEnabled: false, deviceId: , deviceName: iPhone X, javascriptEnabled: true, locationContextEnabled: false, networkConnectionEnabled: false, newCommandTimeout: 1800, platform: IOS, platformName: IOS, platformVersion: 12.1, realDeviceLogger: /Applications/Katalon Studi..., takesScreenshot: true, udid: 1FBC48CC-4B26-4899-AB2C-0FD..., wdaLocalPort: 54021, webStorageEnabled: false}
Session ID: eb1d2d1d-e084-430e-9ead-258b77bded55
	at org.openqa.selenium.remote.ErrorHandler.createThrowable(ErrorHandler.java:214)
	at org.openqa.selenium.remote.ErrorHandler.throwIfResponseFailed(ErrorHandler.java:166)
	at org.openqa.selenium.remote.http.JsonHttpResponseCodec.reconstructValue(JsonHttpResponseCodec.java:40)
	at org.openqa.selenium.remote.http.AbstractHttpResponseCodec.decode(AbstractHttpResponseCodec.java:80)
	at org.openqa.selenium.remote.http.AbstractHttpResponseCodec.decode(AbstractHttpResponseCodec.java:44)
	at org.openqa.selenium.remote.HttpCommandExecutor.execute(HttpCommandExecutor.java:164)
	at io.appium.java_client.remote.AppiumCommandExecutor.execute(AppiumCommandExecutor.java:89)
	at org.openqa.selenium.remote.RemoteWebDriver.execute(RemoteWebDriver.java:600)
	at io.appium.java_client.DefaultGenericMobileDriver.execute(DefaultGenericMobileDriver.java:42)
	at io.appium.java_client.AppiumDriver.execute(AppiumDriver.java:1)
	at io.appium.java_client.ios.IOSDriver.execute(IOSDriver.java:1)
	at org.openqa.selenium.remote.RemoteWebDriver.executeScript(RemoteWebDriver.java:536)
	at com.thoughtworks.selenium.webdriven.ElementFinder.findElement(ElementFinder.java:91)
	at com.thoughtworks.selenium.webdriven.commands.Click.handleSeleneseCommand(Click.java:39)
	at com.thoughtworks.selenium.webdriven.commands.Click.handleSeleneseCommand(Click.java:26)
	at com.thoughtworks.selenium.webdriven.SeleneseCommand.apply(SeleneseCommand.java:36)
	at com.thoughtworks.selenium.webdriven.Timer.run(Timer.java:41)
	at com.thoughtworks.selenium.webdriven.WebDriverCommandProcessor.execute(WebDriverCommandProcessor.java:150)
	at com.thoughtworks.selenium.webdriven.WebDriverCommandProcessor.doCommand(WebDriverCommandProcessor.java:76)
	at com.thoughtworks.selenium.DefaultSelenium.click(DefaultSelenium.java:198)
	at com.thoughtworks.selenium.Selenium$click.call(Unknown Source)
	at Script1546076591773.run(Script1546076591773.groovy:38)
	... 13 more]]></system-out>
      <system-err><![CDATA[2019-01-11 16:33:42 - [TEST_SUITE][ERROR] - Level 1: Test Cases/Web/Level 1/Everest FAILED.
Reason:
com.thoughtworks.selenium.SeleniumException: Element id=primaryCTA not found
	at com.thoughtworks.selenium.webdriven.ElementFinder.findElement(ElementFinder.java:93)
	at com.thoughtworks.selenium.webdriven.commands.Click.handleSeleneseCommand(Click.java:39)
	at com.thoughtworks.selenium.webdriven.commands.Click.handleSeleneseCommand(Click.java:26)
	at com.thoughtworks.selenium.webdriven.SeleneseCommand.apply(SeleneseCommand.java:36)
	at com.thoughtworks.selenium.webdriven.Timer.run(Timer.java:41)
	at com.thoughtworks.selenium.webdriven.WebDriverCommandProcessor.execute(WebDriverCommandProcessor.java:150)
	at com.thoughtworks.selenium.webdriven.WebDriverCommandProcessor.doCommand(WebDriverCommandProcessor.java:76)
	at com.thoughtworks.selenium.DefaultSelenium.click(DefaultSelenium.java:198)
	at com.thoughtworks.selenium.Selenium$click.call(Unknown Source)
	at Everest.run(Everest:38)
	at com.kms.katalon.core.main.ScriptEngine.run(ScriptEngine.java:194)
	at com.kms.katalon.core.main.ScriptEngine.runScriptAsRawText(ScriptEngine.java:119)
	at com.kms.katalon.core.main.TestCaseExecutor.runScript(TestCaseExecutor.java:328)
	at com.kms.katalon.core.main.TestCaseExecutor.doExecute(TestCaseExecutor.java:319)
	at com.kms.katalon.core.main.TestCaseExecutor.processExecutionPhase(TestCaseExecutor.java:298)
	at com.kms.katalon.core.main.TestCaseExecutor.accessMainPhase(TestCaseExecutor.java:290)
	at com.kms.katalon.core.main.TestCaseExecutor.execute(TestCaseExecutor.java:224)
	at com.kms.katalon.core.main.TestSuiteExecutor.accessTestCaseMainPhase(TestSuiteExecutor.java:129)
	at com.kms.katalon.core.main.TestSuiteExecutor.accessTestSuiteMainPhase(TestSuiteExecutor.java:112)
	at com.kms.katalon.core.main.TestSuiteExecutor.execute(TestSuiteExecutor.java:81)
	at com.kms.katalon.core.main.TestCaseMain.startTestSuite(TestCaseMain.java:149)
	at com.kms.katalon.core.main.TestCaseMain$startTestSuite$0.call(Unknown Source)
	at TempTestSuite1547195617926.run(TempTestSuite1547195617926.groovy:36)
Caused by: org.openqa.selenium.WebDriverException: An unknown server-side error occurred while processing the command. Original error: Element id=primaryCTA not found (WARNING: The server did not provide any stacktrace information)
Command duration or timeout: 0 milliseconds
Build info: version: '3.7.1', revision: '8a0099a', time: '2017-11-06T21:07:36.161Z'
System info: host: 'Deniss-MacBook-Pro.local', ip: 'fe80:0:0:0:1c55:699e:bcf8:d911%en0', os.name: 'Mac OS X', os.arch: 'x86_64', os.version: '10.14.2', java.version: '1.8.0_181'
Driver info: io.appium.java_client.ios.IOSDriver
Capabilities {automationName: XCUITest, browserName: Safari, databaseEnabled: false, deviceId: , deviceName: iPhone X, javascriptEnabled: true, locationContextEnabled: false, networkConnectionEnabled: false, newCommandTimeout: 1800, platform: IOS, platformName: IOS, platformVersion: 12.1, realDeviceLogger: /Applications/Katalon Studi..., takesScreenshot: true, udid: 1FBC48CC-4B26-4899-AB2C-0FD..., wdaLocalPort: 54021, webStorageEnabled: false}
Session ID: eb1d2d1d-e084-430e-9ead-258b77bded55
	at org.openqa.selenium.remote.ErrorHandler.createThrowable(ErrorHandler.java:214)
	at org.openqa.selenium.remote.ErrorHandler.throwIfResponseFailed(ErrorHandler.java:166)
	at org.openqa.selenium.remote.http.JsonHttpResponseCodec.reconstructValue(JsonHttpResponseCodec.java:40)
	at org.openqa.selenium.remote.http.AbstractHttpResponseCodec.decode(AbstractHttpResponseCodec.java:80)
	at org.openqa.selenium.remote.http.AbstractHttpResponseCodec.decode(AbstractHttpResponseCodec.java:44)
	at org.openqa.selenium.remote.HttpCommandExecutor.execute(HttpCommandExecutor.java:164)
	at io.appium.java_client.remote.AppiumCommandExecutor.execute(AppiumCommandExecutor.java:89)
	at org.openqa.selenium.remote.RemoteWebDriver.execute(RemoteWebDriver.java:600)
	at io.appium.java_client.DefaultGenericMobileDriver.execute(DefaultGenericMobileDriver.java:42)
	at io.appium.java_client.AppiumDriver.execute(AppiumDriver.java:1)
	at io.appium.java_client.ios.IOSDriver.execute(IOSDriver.java:1)
	at org.openqa.selenium.remote.RemoteWebDriver.executeScript(RemoteWebDriver.java:536)
	at com.thoughtworks.selenium.webdriven.ElementFinder.findElement(ElementFinder.java:91)
	at com.thoughtworks.selenium.webdriven.commands.Click.handleSeleneseCommand(Click.java:39)
	at com.thoughtworks.selenium.webdriven.commands.Click.handleSeleneseCommand(Click.java:26)
	at com.thoughtworks.selenium.webdriven.SeleneseCommand.apply(SeleneseCommand.java:36)
	at com.thoughtworks.selenium.webdriven.Timer.run(Timer.java:41)
	at com.thoughtworks.selenium.webdriven.WebDriverCommandProcessor.execute(WebDriverCommandProcessor.java:150)
	at com.thoughtworks.selenium.webdriven.WebDriverCommandProcessor.doCommand(WebDriverCommandProcessor.java:76)
	at com.thoughtworks.selenium.DefaultSelenium.click(DefaultSelenium.java:198)
	at com.thoughtworks.selenium.Selenium$click.call(Unknown Source)
	at Script1546076591773.run(Script1546076591773.groovy:38)
	... 13 more]]></system-err>
   </testsuite>
</testsuites>
