<?xml version="1.0" encoding="UTF-8"?>
<testsuites name="dental" time="322" tests="3" failures="0" errors="0">
   <testsuite name="dental" tests="3" failures="0" errors="0" time="322" timestamp="2019-09-10 04:35:32" hostname="Administrator - 172.30.0.53" id="Test Suites/mobileWeb/dental">
      <properties>
         <property name="deviceName" value=""/>
         <property name="devicePlatform" value=""/>
         <property name="logFolder" value="D:\\Test\\AgileTest\\Reports\\mobileWeb\\dental\\20190910_043530"/>
         <property name="logFiles" value="D:\\Test\\AgileTest\\Reports\\mobileWeb\\dental\\20190910_043530\\execution0.log"/>
         <property name="attachments" value="D:\\Test\\AgileTest\\Reports\\mobileWeb\\dental\\20190910_043530\\../Screenshots/iPhone X/dental/National General/20190910_043533/0.png, D:\\Test\\AgileTest\\Reports\\mobileWeb\\dental\\20190910_043530\\../Screenshots/iPhone X/dental/National General/20190910_043533/1.png, D:\\Test\\AgileTest\\Reports\\mobileWeb\\dental\\20190910_043530\\../Screenshots/iPhone X/dental/National General/20190910_043533/2.png, D:\\Test\\AgileTest\\Reports\\mobileWeb\\dental\\20190910_043530\\../Screenshots/iPhone X/dental/National General/20190910_043533/3.png, D:\\Test\\AgileTest\\Reports\\mobileWeb\\dental\\20190910_043530\\../Screenshots/iPhone X/dental/National General/20190910_043533/4.png, D:\\Test\\AgileTest\\Reports\\mobileWeb\\dental\\20190910_043530\\../Screenshots/iPhone X/dental/National General/20190910_043533/5.png, D:\\Test\\AgileTest\\Reports\\mobileWeb\\dental\\20190910_043530\\../Screenshots/iPhone X/dental/National General/20190910_043533/6.png, D:\\Test\\AgileTest\\Reports\\mobileWeb\\dental\\20190910_043530\\../Screenshots/iPhone X/dental/National General/20190910_043533/7.png, D:\\Test\\AgileTest\\Reports\\mobileWeb\\dental\\20190910_043530\\../Screenshots/iPhone X/dental/National General/20190910_043533/8.png, D:\\Test\\AgileTest\\Reports\\mobileWeb\\dental\\20190910_043530\\../Screenshots/iPhone X/dental/National General/20190910_043533/9.png, D:\\Test\\AgileTest\\Reports\\mobileWeb\\dental\\20190910_043530\\../Screenshots/iPhone X/dental/Nationwide/20190910_043723/0.png, D:\\Test\\AgileTest\\Reports\\mobileWeb\\dental\\20190910_043530\\../Screenshots/iPhone X/dental/Nationwide/20190910_043723/1.png, D:\\Test\\AgileTest\\Reports\\mobileWeb\\dental\\20190910_043530\\../Screenshots/iPhone X/dental/Nationwide/20190910_043723/2.png, D:\\Test\\AgileTest\\Reports\\mobileWeb\\dental\\20190910_043530\\../Screenshots/iPhone X/dental/Nationwide/20190910_043723/3.png, D:\\Test\\AgileTest\\Reports\\mobileWeb\\dental\\20190910_043530\\../Screenshots/iPhone X/dental/Nationwide/20190910_043723/4.png, D:\\Test\\AgileTest\\Reports\\mobileWeb\\dental\\20190910_043530\\../Screenshots/iPhone X/dental/Nationwide/20190910_043723/5.png, D:\\Test\\AgileTest\\Reports\\mobileWeb\\dental\\20190910_043530\\../Screenshots/iPhone X/dental/Nationwide/20190910_043723/6.png, D:\\Test\\AgileTest\\Reports\\mobileWeb\\dental\\20190910_043530\\../Screenshots/iPhone X/dental/Nationwide/20190910_043723/7.png, D:\\Test\\AgileTest\\Reports\\mobileWeb\\dental\\20190910_043530\\../Screenshots/iPhone X/dental/Nationwide/20190910_043723/8.png, D:\\Test\\AgileTest\\Reports\\mobileWeb\\dental\\20190910_043530\\../Screenshots/iPhone X/dental/Nationwide/20190910_043723/9.png, D:\\Test\\AgileTest\\Reports\\mobileWeb\\dental\\20190910_043530\\../Screenshots/iPhone X/dental/USA Access/20190910_043918/0.png, D:\\Test\\AgileTest\\Reports\\mobileWeb\\dental\\20190910_043530\\../Screenshots/iPhone X/dental/USA Access/20190910_043918/1.png, D:\\Test\\AgileTest\\Reports\\mobileWeb\\dental\\20190910_043530\\../Screenshots/iPhone X/dental/USA Access/20190910_043918/2.png, D:\\Test\\AgileTest\\Reports\\mobileWeb\\dental\\20190910_043530\\../Screenshots/iPhone X/dental/USA Access/20190910_043918/3.png, D:\\Test\\AgileTest\\Reports\\mobileWeb\\dental\\20190910_043530\\../Screenshots/iPhone X/dental/USA Access/20190910_043918/4.png, D:\\Test\\AgileTest\\Reports\\mobileWeb\\dental\\20190910_043530\\../Screenshots/iPhone X/dental/USA Access/20190910_043918/5.png, D:\\Test\\AgileTest\\Reports\\mobileWeb\\dental\\20190910_043530\\../Screenshots/iPhone X/dental/USA Access/20190910_043918/6.png, D:\\Test\\AgileTest\\Reports\\mobileWeb\\dental\\20190910_043530\\../Screenshots/iPhone X/dental/USA Access/20190910_043918/7.png, D:\\Test\\AgileTest\\Reports\\mobileWeb\\dental\\20190910_043530\\../Screenshots/iPhone X/dental/USA Access/20190910_043918/8.png, D:\\Test\\AgileTest\\Reports\\mobileWeb\\dental\\20190910_043530\\../Screenshots/iPhone X/dental/USA Access/20190910_043918/9.png, D:\\Test\\AgileTest\\Reports\\mobileWeb\\dental\\20190910_043530\\../Screenshots/iPhone X/dental/USA Access/20190910_043918/10.png"/>
         <property name="hostName" value="Administrator - 172.30.0.53"/>
         <property name="os" value="Windows Server 2012 R2 64bit"/>
         <property name="katalonVersion" value="5.10.1.1"/>
         <property name="browser" value="Safari 11"/>
         <property name="hostAddress" value="172.30.0.53"/>
         <property name="sessionId" value="6c8e533c73fef67b7f757d8346a695bd"/>
         <property name="seleniumVersion" value="3.7.1"/>
         <property name="proxyInformation" value="ProxyInformation{proxyOption=NO_PROXY, proxyServerType=HTTP, password=, proxyServerAddress=, proxyServerPort=0}"/>
         <property name="platform" value="Windows Server 2012 R2"/>
      </properties>
      <testcase name="Test Cases/mobileWeb/Dental/National General" classname="Test Cases/mobileWeb/Dental/National General" status="PASSED">
         <system-out><![CDATA[2019-09-10 04:35:32 - [TEST_CASE][PASSED] - Test Cases/mobileWeb/Dental/National General: Test Cases/mobileWeb/Dental/National General

2019-09-10 04:35:33 - [TEST_STEP][PASSED] - callTestCase(findTestCase("mobileWeb/_include/get_screenPath"), ["productLine":"dental", "carrierName":"National General"], CONTINUE_ON_FAILURE): Call Test Case 'Test Cases/mobileWeb/_include/get_screenPath' successfully

2019-09-10 04:35:33 - [TEST_CASE][PASSED] - Test Cases/mobileWeb/_include/get_screenPath: Test Cases/mobileWeb/_include/get_screenPath

2019-09-10 04:35:33 - [TEST_STEP][PASSED] - m = getExecutionProperties(): null

2019-09-10 04:35:33 - [TEST_STEP][PASSED] - deviceName = get("mobileEmulation").get("deviceName"): null

2019-09-10 04:35:33 - [TEST_STEP][PASSED] - println(deviceName): null

2019-09-10 04:35:33 - [TEST_STEP][PASSED] - now = new java.util.Date(): null

2019-09-10 04:35:33 - [TEST_STEP][PASSED] - mydate = now.format("yyyyMMdd_HHmmss"): null

2019-09-10 04:35:34 - [TEST_STEP][PASSED] - screenPath = "../Screenshots/": null

2019-09-10 04:35:34 - [TEST_STEP][PASSED] - screenPath = screenPath + deviceName + "/" + productLine + "/" + carrierName + "/" + mydate + "/": null

2019-09-10 04:35:34 - [TEST_STEP][PASSED] - println(screenPath): null

2019-09-10 04:35:34 - [MESSAGE][PASSED] - Call Test Case 'Test Cases/mobileWeb/_include/get_screenPath' successfully

2019-09-10 04:35:34 - [TEST_STEP][PASSED] - callTestCase(findTestCase("mobileWeb/_include/openWebSite"), [:], STOP_ON_FAILURE): Call Test Case 'Test Cases/mobileWeb/_include/openWebSite' successfully

2019-09-10 04:35:34 - [TEST_CASE][PASSED] - Test Cases/mobileWeb/_include/openWebSite: Test Cases/mobileWeb/_include/openWebSite

2019-09-10 04:35:34 - [TEST_STEP][PASSED] - openBrowser(env): Browser is opened with url: 'https://praetemptatus.agilehealthinsurance.com'

2019-09-10 04:35:34 - [MESSAGE][INFO] - Starting 'Chrome' driver

2019-09-10 04:35:34 - [MESSAGE][INFO] - User set preference: ['mobileEmulation', '{deviceName=iPhone X}']

2019-09-10 04:35:34 - [MESSAGE][INFO] - User set preference: ['args', '[--incognito, --aggressive-cache-discard, --no-sandbox, --window-size=375,812]']

2019-09-10 04:35:34 - [MESSAGE][INFO] - Action delay is set to 0 seconds

2019-09-10 04:35:36 - [MESSAGE][PASSED] - Browser is opened with url: 'https://praetemptatus.agilehealthinsurance.com'

2019-09-10 04:35:36 - [TEST_STEP][PASSED] - waitForPageLoad(20): Wait for page load successfully

2019-09-10 04:35:37 - [MESSAGE][PASSED] - Wait for page load successfully

2019-09-10 04:35:37 - [TEST_STEP][PASSED] - Thread.sleep(2000): null

2019-09-10 04:35:39 - [TEST_STEP][PASSED] - callTestCase(findTestCase("mobileWeb/_include/get_screenshot"), [:], STOP_ON_FAILURE): Call Test Case 'Test Cases/mobileWeb/_include/get_screenshot' successfully

2019-09-10 04:35:39 - [TEST_CASE][PASSED] - Test Cases/mobileWeb/_include/get_screenshot: Test Cases/mobileWeb/_include/get_screenshot

2019-09-10 04:35:39 - [TEST_STEP][PASSED] - takeScreenshot(screenPath + i + ".png"): Taking screenshot successfully

2019-09-10 04:35:40 - [MESSAGE][PASSED] - Taking screenshot successfully
[[ATTACHMENT|D:\\Test\\AgileTest\\Reports\\mobileWeb\\dental\\20190910_043530\\../Screenshots/iPhone X/dental/National General/20190910_043533/0.png]]

2019-09-10 04:35:40 - [TEST_STEP][PASSED] - (internal.GlobalVariable.i++): null

2019-09-10 04:35:40 - [MESSAGE][PASSED] - Call Test Case 'Test Cases/mobileWeb/_include/get_screenshot' successfully

2019-09-10 04:35:40 - [MESSAGE][PASSED] - Call Test Case 'Test Cases/mobileWeb/_include/openWebSite' successfully

2019-09-10 04:35:40 - [TEST_STEP][PASSED] - callTestCase(findTestCase("mobileWeb/_include/census_dental"), ["zipcode":zipcode, "dob":"12/12/1980"], STOP_ON_FAILURE): Call Test Case 'Test Cases/mobileWeb/_include/census_dental' successfully

2019-09-10 04:35:40 - [TEST_CASE][PASSED] - Test Cases/mobileWeb/_include/census_dental: Test Cases/mobileWeb/_include/census_dental

2019-09-10 04:35:40 - [TEST_STEP][PASSED] - click(findTestObject("mobileSanity/Common/side_nav/menu")): Object: 'Object Repository/mobileSanity/Common/side_nav/menu' is clicked on

2019-09-10 04:35:40 - [MESSAGE][PASSED] - Object: 'Object Repository/mobileSanity/Common/side_nav/menu' is clicked on

2019-09-10 04:35:40 - [TEST_STEP][PASSED] - Thread.sleep(3000): null

2019-09-10 04:35:43 - [TEST_STEP][PASSED] - callTestCase(findTestCase("mobileWeb/_include/get_screenshot"), [:], STOP_ON_FAILURE): Call Test Case 'Test Cases/mobileWeb/_include/get_screenshot' successfully

2019-09-10 04:35:44 - [TEST_CASE][PASSED] - Test Cases/mobileWeb/_include/get_screenshot: Test Cases/mobileWeb/_include/get_screenshot

2019-09-10 04:35:44 - [TEST_STEP][PASSED] - takeScreenshot(screenPath + i + ".png"): Taking screenshot successfully

2019-09-10 04:35:44 - [MESSAGE][PASSED] - Taking screenshot successfully
[[ATTACHMENT|D:\\Test\\AgileTest\\Reports\\mobileWeb\\dental\\20190910_043530\\../Screenshots/iPhone X/dental/National General/20190910_043533/1.png]]

2019-09-10 04:35:44 - [TEST_STEP][PASSED] - (internal.GlobalVariable.i++): null

2019-09-10 04:35:44 - [MESSAGE][PASSED] - Call Test Case 'Test Cases/mobileWeb/_include/get_screenshot' successfully

2019-09-10 04:35:44 - [TEST_STEP][PASSED] - click(findTestObject("mobileSanity/Common/side_nav/nav_dental")): Object: 'Object Repository/mobileSanity/Common/side_nav/nav_dental' is clicked on

2019-09-10 04:35:45 - [MESSAGE][PASSED] - Object: 'Object Repository/mobileSanity/Common/side_nav/nav_dental' is clicked on

2019-09-10 04:35:45 - [TEST_STEP][PASSED] - waitForPageLoad(10): Wait for page load successfully

2019-09-10 04:35:45 - [MESSAGE][PASSED] - Wait for page load successfully

2019-09-10 04:35:45 - [TEST_STEP][PASSED] - callTestCase(findTestCase("mobileWeb/_include/get_screenshot"), [:], STOP_ON_FAILURE): Call Test Case 'Test Cases/mobileWeb/_include/get_screenshot' successfully

2019-09-10 04:35:45 - [TEST_CASE][PASSED] - Test Cases/mobileWeb/_include/get_screenshot: Test Cases/mobileWeb/_include/get_screenshot

2019-09-10 04:35:45 - [TEST_STEP][PASSED] - takeScreenshot(screenPath + i + ".png"): Taking screenshot successfully

2019-09-10 04:35:45 - [MESSAGE][PASSED] - Taking screenshot successfully
[[ATTACHMENT|D:\\Test\\AgileTest\\Reports\\mobileWeb\\dental\\20190910_043530\\../Screenshots/iPhone X/dental/National General/20190910_043533/2.png]]

2019-09-10 04:35:46 - [TEST_STEP][PASSED] - (internal.GlobalVariable.i++): null

2019-09-10 04:35:46 - [MESSAGE][PASSED] - Call Test Case 'Test Cases/mobileWeb/_include/get_screenshot' successfully

2019-09-10 04:35:46 - [TEST_STEP][PASSED] - sendKeys(findTestObject("mobileSanity/Dental/census/input_Location_zip-input"), zipcode): Keys '35215' sent to object: 'Object Repository/mobileSanity/Dental/census/input_Location_zip-input'

2019-09-10 04:35:46 - [MESSAGE][PASSED] - Keys '35215' sent to object: 'Object Repository/mobileSanity/Dental/census/input_Location_zip-input'

2019-09-10 04:35:46 - [TEST_STEP][PASSED] - Thread.sleep(500): null

2019-09-10 04:35:46 - [TEST_STEP][PASSED] - setText(findTestObject("mobileSanity/Dental/census/input_Date of Birth_dob-0"), "12121980"): Text '12121980' is set on object 'Object Repository/mobileSanity/Dental/census/input_Date of Birth_dob-0'

2019-09-10 04:35:46 - [MESSAGE][PASSED] - Text '12121980' is set on object 'Object Repository/mobileSanity/Dental/census/input_Date of Birth_dob-0'

2019-09-10 04:35:46 - [TEST_STEP][PASSED] - click(findTestObject("mobileSanity/Dental/census/label_Male")): Object: 'Object Repository/mobileSanity/Dental/census/label_Male' is clicked on

2019-09-10 04:35:46 - [MESSAGE][PASSED] - Object: 'Object Repository/mobileSanity/Dental/census/label_Male' is clicked on

2019-09-10 04:35:46 - [TEST_STEP][PASSED] - click(findTestObject("mobileSanity/Dental/census/label_Compare Dental Insurance")): Object: 'Object Repository/mobileSanity/Dental/census/label_Compare Dental Insurance' is clicked on

2019-09-10 04:35:48 - [MESSAGE][PASSED] - Object: 'Object Repository/mobileSanity/Dental/census/label_Compare Dental Insurance' is clicked on

2019-09-10 04:35:48 - [TEST_STEP][PASSED] - waitForPageLoad(10): Wait for page load successfully

2019-09-10 04:35:48 - [MESSAGE][PASSED] - Wait for page load successfully

2019-09-10 04:35:48 - [TEST_STEP][PASSED] - Thread.sleep(2000): null

2019-09-10 04:35:50 - [TEST_STEP][PASSED] - callTestCase(findTestCase("mobileWeb/_include/get_screenshot"), [:], STOP_ON_FAILURE): Call Test Case 'Test Cases/mobileWeb/_include/get_screenshot' successfully

2019-09-10 04:35:50 - [TEST_CASE][PASSED] - Test Cases/mobileWeb/_include/get_screenshot: Test Cases/mobileWeb/_include/get_screenshot

2019-09-10 04:35:50 - [TEST_STEP][PASSED] - takeScreenshot(screenPath + i + ".png"): Taking screenshot successfully

2019-09-10 04:35:50 - [MESSAGE][PASSED] - Taking screenshot successfully
[[ATTACHMENT|D:\\Test\\AgileTest\\Reports\\mobileWeb\\dental\\20190910_043530\\../Screenshots/iPhone X/dental/National General/20190910_043533/3.png]]

2019-09-10 04:35:50 - [TEST_STEP][PASSED] - (internal.GlobalVariable.i++): null

2019-09-10 04:35:50 - [MESSAGE][PASSED] - Call Test Case 'Test Cases/mobileWeb/_include/get_screenshot' successfully

2019-09-10 04:35:50 - [MESSAGE][PASSED] - Call Test Case 'Test Cases/mobileWeb/_include/census_dental' successfully

2019-09-10 04:35:50 - [TEST_STEP][PASSED] - click(findTestObject("mobileSanity/Dental/filter/btn_filter")): Object: 'Object Repository/mobileSanity/Dental/filter/btn_filter' is clicked on

2019-09-10 04:35:50 - [MESSAGE][PASSED] - Object: 'Object Repository/mobileSanity/Dental/filter/btn_filter' is clicked on

2019-09-10 04:35:50 - [TEST_STEP][PASSED] - waitForElementVisible(findTestObject("mobileSanity/Dental/filter/btn_company"), 10): Object 'Object Repository/mobileSanity/Dental/filter/btn_company' is visible

2019-09-10 04:35:51 - [MESSAGE][PASSED] - Object 'Object Repository/mobileSanity/Dental/filter/btn_company' is visible

2019-09-10 04:35:51 - [TEST_STEP][PASSED] - click(findTestObject("mobileSanity/Dental/filter/btn_company")): Object: 'Object Repository/mobileSanity/Dental/filter/btn_company' is clicked on

2019-09-10 04:35:51 - [MESSAGE][PASSED] - Object: 'Object Repository/mobileSanity/Dental/filter/btn_company' is clicked on

2019-09-10 04:35:51 - [TEST_STEP][PASSED] - Thread.sleep(2000): null

2019-09-10 04:35:53 - [TEST_STEP][PASSED] - click(findTestObject("mobileSanity/Dental/filter/btn_ng")): Object: 'Object Repository/mobileSanity/Dental/filter/btn_ng' is clicked on

2019-09-10 04:35:53 - [MESSAGE][PASSED] - Object: 'Object Repository/mobileSanity/Dental/filter/btn_ng' is clicked on

2019-09-10 04:35:53 - [TEST_STEP][PASSED] - waitForJQueryLoad(20, STOP_ON_FAILURE): jQuery is ready.

2019-09-10 04:35:53 - [MESSAGE][PASSED] - jQuery is ready.

2019-09-10 04:35:53 - [TEST_STEP][PASSED] - callTestCase(findTestCase("mobileWeb/_include/get_screenshot"), [:], STOP_ON_FAILURE): Call Test Case 'Test Cases/mobileWeb/_include/get_screenshot' successfully

2019-09-10 04:35:53 - [TEST_CASE][PASSED] - Test Cases/mobileWeb/_include/get_screenshot: Test Cases/mobileWeb/_include/get_screenshot

2019-09-10 04:35:53 - [TEST_STEP][PASSED] - takeScreenshot(screenPath + i + ".png"): Taking screenshot successfully

2019-09-10 04:35:54 - [MESSAGE][PASSED] - Taking screenshot successfully
[[ATTACHMENT|D:\\Test\\AgileTest\\Reports\\mobileWeb\\dental\\20190910_043530\\../Screenshots/iPhone X/dental/National General/20190910_043533/4.png]]

2019-09-10 04:35:54 - [TEST_STEP][PASSED] - (internal.GlobalVariable.i++): null

2019-09-10 04:35:54 - [MESSAGE][PASSED] - Call Test Case 'Test Cases/mobileWeb/_include/get_screenshot' successfully

2019-09-10 04:35:54 - [TEST_STEP][PASSED] - click(findTestObject("mobileSanity/Dental/filter/btn_filter")): Object: 'Object Repository/mobileSanity/Dental/filter/btn_filter' is clicked on

2019-09-10 04:35:54 - [MESSAGE][PASSED] - Object: 'Object Repository/mobileSanity/Dental/filter/btn_filter' is clicked on

2019-09-10 04:35:54 - [TEST_STEP][PASSED] - click(findTestObject("mobileSanity/Dental/quote/a_Select This Plan")): Object: 'Object Repository/mobileSanity/Dental/quote/a_Select This Plan' is clicked on

2019-09-10 04:35:54 - [MESSAGE][PASSED] - Object: 'Object Repository/mobileSanity/Dental/quote/a_Select This Plan' is clicked on

2019-09-10 04:35:54 - [TEST_STEP][PASSED] - waitForPageLoad(10): Wait for page load successfully

2019-09-10 04:35:55 - [MESSAGE][PASSED] - Wait for page load successfully

2019-09-10 04:35:55 - [TEST_STEP][PASSED] - callTestCase(findTestCase("mobileWeb/_include/get_screenshot"), [:], STOP_ON_FAILURE): Call Test Case 'Test Cases/mobileWeb/_include/get_screenshot' successfully

2019-09-10 04:35:55 - [TEST_CASE][PASSED] - Test Cases/mobileWeb/_include/get_screenshot: Test Cases/mobileWeb/_include/get_screenshot

2019-09-10 04:35:55 - [TEST_STEP][PASSED] - takeScreenshot(screenPath + i + ".png"): Taking screenshot successfully

2019-09-10 04:35:55 - [MESSAGE][PASSED] - Taking screenshot successfully
[[ATTACHMENT|D:\\Test\\AgileTest\\Reports\\mobileWeb\\dental\\20190910_043530\\../Screenshots/iPhone X/dental/National General/20190910_043533/5.png]]

2019-09-10 04:35:55 - [TEST_STEP][PASSED] - (internal.GlobalVariable.i++): null

2019-09-10 04:35:55 - [MESSAGE][PASSED] - Call Test Case 'Test Cases/mobileWeb/_include/get_screenshot' successfully

2019-09-10 04:35:55 - [TEST_STEP][PASSED] - click(findTestObject("mobileSanity/Dental/apply/span_Start Secure Application")): Object: 'Object Repository/mobileSanity/Dental/apply/span_Start Secure Application' is clicked on

2019-09-10 04:35:56 - [MESSAGE][PASSED] - Object: 'Object Repository/mobileSanity/Dental/apply/span_Start Secure Application' is clicked on

2019-09-10 04:35:56 - [TEST_STEP][PASSED] - waitForPageLoad(10): Wait for page load successfully

2019-09-10 04:35:56 - [MESSAGE][PASSED] - Wait for page load successfully

2019-09-10 04:35:56 - [TEST_STEP][PASSED] - Thread.sleep(2000): null

2019-09-10 04:35:58 - [TEST_STEP][PASSED] - callTestCase(findTestCase("mobileWeb/_include/get_screenshot"), [:], STOP_ON_FAILURE): Call Test Case 'Test Cases/mobileWeb/_include/get_screenshot' successfully

2019-09-10 04:35:58 - [TEST_CASE][PASSED] - Test Cases/mobileWeb/_include/get_screenshot: Test Cases/mobileWeb/_include/get_screenshot

2019-09-10 04:35:58 - [TEST_STEP][PASSED] - takeScreenshot(screenPath + i + ".png"): Taking screenshot successfully

2019-09-10 04:35:59 - [MESSAGE][PASSED] - Taking screenshot successfully
[[ATTACHMENT|D:\\Test\\AgileTest\\Reports\\mobileWeb\\dental\\20190910_043530\\../Screenshots/iPhone X/dental/National General/20190910_043533/6.png]]

2019-09-10 04:35:59 - [TEST_STEP][PASSED] - (internal.GlobalVariable.i++): null

2019-09-10 04:35:59 - [MESSAGE][PASSED] - Call Test Case 'Test Cases/mobileWeb/_include/get_screenshot' successfully

2019-09-10 04:35:59 - [TEST_STEP][PASSED] - callTestCase(findTestCase("mobileWeb/_include/goToEnd_dental"), ["carrier":"nationalgeneral"], CONTINUE_ON_FAILURE): Call Test Case 'Test Cases/mobileWeb/_include/goToEnd_dental' successfully

2019-09-10 04:35:59 - [TEST_CASE][PASSED] - Test Cases/mobileWeb/_include/goToEnd_dental: Test Cases/mobileWeb/_include/goToEnd_dental

2019-09-10 04:35:59 - [TEST_STEP][PASSED] - callTestCase(findTestCase("mobileWeb/_include/name"), [:], CONTINUE_ON_FAILURE): Call Test Case 'Test Cases/mobileWeb/_include/name' successfully

2019-09-10 04:35:59 - [TEST_CASE][PASSED] - Test Cases/mobileWeb/_include/name: Test Cases/mobileWeb/_include/name

2019-09-10 04:36:00 - [TEST_STEP][PASSED] - driver = getWebDriver(): null

2019-09-10 04:36:00 - [TEST_STEP][PASSED] - selenium = new com.thoughtworks.selenium.webdriven.WebDriverBackedSelenium(driver, internal.GlobalVariable.ENV): null

2019-09-10 04:36:00 - [TEST_STEP][PASSED] - FirstName = "Test-123": null

2019-09-10 04:36:00 - [TEST_STEP][PASSED] - LastName = selenium.getEval("{var x="ABCDEFGHIJKLMNOPQRSTUVWXYZabcdefghijklmnopqrstuvwxyz"; var tmp="ZZ11-"; for (i=0;i<8;i++) tmp+=x.charAt(Math.ceil(51*Math.random()));tmp;}"): null

2019-09-10 04:36:00 - [TEST_STEP][PASSED] - Address = selenium.getEval("{var x="ABCDEFGHIJKLMNOPQRSTUVWXYZabcdefghijklmnopqrstuvwxyz"; var tmp=""; for (i=0;i<8;i++) tmp+=x.charAt(Math.ceil(51*Math.random()));tmp;}"): null

2019-09-10 04:36:00 - [TEST_STEP][PASSED] - City = selenium.getEval("{var x="ABCDEFGHIJKLMNOPQRSTUVWXYZabcdefghijklmnopqrstuvwxyz"; var tmp=""; for (i=0;i<8;i++) tmp+=x.charAt(Math.ceil(51*Math.random()));tmp;}"): null

2019-09-10 04:36:00 - [TEST_STEP][PASSED] - tel1 = selenium.getEval("{var x="123456789"; var tmp=""; for (i=0;i<3;i++) tmp+=x.charAt(Math.ceil(8*Math.random()));tmp;}"): null

2019-09-10 04:36:00 - [TEST_STEP][PASSED] - tel2 = selenium.getEval("{var x="123456789"; var tmp=""; for (i=0;i<3;i++) tmp+=x.charAt(Math.ceil(8*Math.random()));tmp;}"): null

2019-09-10 04:36:00 - [TEST_STEP][PASSED] - tel3 = selenium.getEval("{var x="123456789"; var tmp=""; for (i=0;i<4;i++) tmp+=x.charAt(Math.ceil(8*Math.random()));tmp;}"): null

2019-09-10 04:36:00 - [TEST_STEP][PASSED] - Tel = selenium.getExpression(tel1 + "-" + tel2 + "-" + tel3): null

2019-09-10 04:36:00 - [TEST_STEP][PASSED] - AutoEmail = selenium.getEval("{var x="ABCDEFGHIJKLMNOPQRSTUVWXYZabcdefghijklmnopqrstuvwxyz"; var tmp="test."; for (i=0;i<8;i++) tmp+=x.charAt(Math.ceil(51*Math.random()));tmp+="@suryani.cn";}"): null

2019-09-10 04:36:00 - [TEST_STEP][PASSED] - FirstName = FirstName: null

2019-09-10 04:36:00 - [TEST_STEP][PASSED] - LastName = LastName: null

2019-09-10 04:36:00 - [TEST_STEP][PASSED] - Address = Address: null

2019-09-10 04:36:00 - [TEST_STEP][PASSED] - City = City: null

2019-09-10 04:36:00 - [TEST_STEP][PASSED] - Tel = Tel: null

2019-09-10 04:36:00 - [TEST_STEP][PASSED] - AutoEmail = AutoEmail: null

2019-09-10 04:36:00 - [TEST_STEP][PASSED] - println(FirstName): null

2019-09-10 04:36:00 - [TEST_STEP][PASSED] - println(LastName): null

2019-09-10 04:36:00 - [TEST_STEP][PASSED] - println(Address): null

2019-09-10 04:36:00 - [TEST_STEP][PASSED] - println(City): null

2019-09-10 04:36:00 - [TEST_STEP][PASSED] - println(Tel): null

2019-09-10 04:36:00 - [TEST_STEP][PASSED] - println(AutoEmail): null

2019-09-10 04:36:00 - [MESSAGE][PASSED] - Call Test Case 'Test Cases/mobileWeb/_include/name' successfully

2019-09-10 04:36:00 - [TEST_STEP][PASSED] - Thread.sleep(3000): null

2019-09-10 04:36:03 - [TEST_STEP][PASSED] - setText(findTestObject("mobileSanity/Dental/app_page1/input__member-P-1-firstName"), FirstName): Text 'Test-123' is set on object 'Object Repository/mobileSanity/Dental/app_page1/input__member-P-1-firstName'

2019-09-10 04:36:03 - [MESSAGE][PASSED] - Text 'Test-123' is set on object 'Object Repository/mobileSanity/Dental/app_page1/input__member-P-1-firstName'

2019-09-10 04:36:03 - [TEST_STEP][PASSED] - setText(findTestObject("mobileSanity/Dental/app_page1/input__member-P-1-lastName"), LastName): Text 'ZZ11-DWZpCMEc' is set on object 'Object Repository/mobileSanity/Dental/app_page1/input__member-P-1-lastName'

2019-09-10 04:36:03 - [MESSAGE][PASSED] - Text 'ZZ11-DWZpCMEc' is set on object 'Object Repository/mobileSanity/Dental/app_page1/input__member-P-1-lastName'

2019-09-10 04:36:03 - [TEST_STEP][PASSED] - setText(findTestObject("mobileSanity/Dental/app_page1/input__address"), Address): Text 'WDKSLQKw' is set on object 'Object Repository/mobileSanity/Dental/app_page1/input__address'

2019-09-10 04:36:03 - [MESSAGE][PASSED] - Text 'WDKSLQKw' is set on object 'Object Repository/mobileSanity/Dental/app_page1/input__address'

2019-09-10 04:36:03 - [TEST_STEP][PASSED] - setText(findTestObject("mobileSanity/Dental/app_page1/input__city"), City): Text 'sjMkDjDJ' is set on object 'Object Repository/mobileSanity/Dental/app_page1/input__city'

2019-09-10 04:36:04 - [MESSAGE][PASSED] - Text 'sjMkDjDJ' is set on object 'Object Repository/mobileSanity/Dental/app_page1/input__city'

2019-09-10 04:36:04 - [TEST_STEP][PASSED] - setText(findTestObject("mobileSanity/Dental/app_page1/input__email"), AutoEmail): Text 'test.rxLFjpCx@suryani.cn' is set on object 'Object Repository/mobileSanity/Dental/app_page1/input__email'

2019-09-10 04:36:04 - [MESSAGE][PASSED] - Text 'test.rxLFjpCx@suryani.cn' is set on object 'Object Repository/mobileSanity/Dental/app_page1/input__email'

2019-09-10 04:36:04 - [TEST_STEP][PASSED] - setText(findTestObject("mobileSanity/Dental/app_page1/input_phone"), Tel): Text '228-769-9674' is set on object 'Object Repository/mobileSanity/Dental/app_page1/input_phone'

2019-09-10 04:36:04 - [MESSAGE][PASSED] - Text '228-769-9674' is set on object 'Object Repository/mobileSanity/Dental/app_page1/input_phone'

2019-09-10 04:36:04 - [TEST_STEP][PASSED] - click(findTestObject("mobileSanity/Dental/app_page1/a_Continue to Step 2 - Payment")): Object: 'Object Repository/mobileSanity/Dental/app_page1/a_Continue to Step 2 - Payment' is clicked on

2019-09-10 04:36:04 - [MESSAGE][PASSED] - Object: 'Object Repository/mobileSanity/Dental/app_page1/a_Continue to Step 2 - Payment' is clicked on

2019-09-10 04:36:04 - [TEST_STEP][PASSED] - waitForPageLoad(10): Wait for page load successfully

2019-09-10 04:36:04 - [MESSAGE][PASSED] - Wait for page load successfully

2019-09-10 04:36:04 - [TEST_STEP][PASSED] - Thread.sleep(2000): null

2019-09-10 04:36:06 - [TEST_STEP][PASSED] - if (carrier == "usa"): null

2019-09-10 04:36:06 - [TEST_STEP][PASSED] - callTestCase(findTestCase("mobileWeb/_include/get_screenshot"), [:], STOP_ON_FAILURE): Call Test Case 'Test Cases/mobileWeb/_include/get_screenshot' successfully

2019-09-10 04:36:06 - [TEST_CASE][PASSED] - Test Cases/mobileWeb/_include/get_screenshot: Test Cases/mobileWeb/_include/get_screenshot

2019-09-10 04:36:06 - [TEST_STEP][PASSED] - takeScreenshot(screenPath + i + ".png"): Taking screenshot successfully

2019-09-10 04:36:07 - [MESSAGE][PASSED] - Taking screenshot successfully
[[ATTACHMENT|D:\\Test\\AgileTest\\Reports\\mobileWeb\\dental\\20190910_043530\\../Screenshots/iPhone X/dental/National General/20190910_043533/7.png]]

2019-09-10 04:36:07 - [TEST_STEP][PASSED] - (internal.GlobalVariable.i++): null

2019-09-10 04:36:07 - [MESSAGE][PASSED] - Call Test Case 'Test Cases/mobileWeb/_include/get_screenshot' successfully

2019-09-10 04:36:07 - [TEST_STEP][PASSED] - setText(findTestObject("mobileSanity/Dental/app_page2/input__credit-card-first"), FirstName): Text 'Test-123' is set on object 'Object Repository/mobileSanity/Dental/app_page2/input__credit-card-first'

2019-09-10 04:36:07 - [MESSAGE][PASSED] - Text 'Test-123' is set on object 'Object Repository/mobileSanity/Dental/app_page2/input__credit-card-first'

2019-09-10 04:36:07 - [TEST_STEP][PASSED] - setText(findTestObject("mobileSanity/Dental/app_page2/input__credit-card-last"), LastName): Text 'ZZ11-DWZpCMEc' is set on object 'Object Repository/mobileSanity/Dental/app_page2/input__credit-card-last'

2019-09-10 04:36:07 - [MESSAGE][PASSED] - Text 'ZZ11-DWZpCMEc' is set on object 'Object Repository/mobileSanity/Dental/app_page2/input__credit-card-last'

2019-09-10 04:36:07 - [TEST_STEP][PASSED] - selectOptionByValue(findTestObject("mobileSanity/Dental/app_page2/select_MM010203040506070809101"), "12", true): All options with value '12' are selected in object 'Object Repository/mobileSanity/Dental/app_page2/select_MM010203040506070809101'  using regular expression

2019-09-10 04:36:07 - [MESSAGE][PASSED] - All options with value '12' are selected in object 'Object Repository/mobileSanity/Dental/app_page2/select_MM010203040506070809101'  using regular expression

2019-09-10 04:36:07 - [TEST_STEP][PASSED] - selectOptionByValue(findTestObject("mobileSanity/Dental/app_page2/select_YYYY2019202020212022202"), "2026", true): All options with value '2026' are selected in object 'Object Repository/mobileSanity/Dental/app_page2/select_YYYY2019202020212022202'  using regular expression

2019-09-10 04:36:08 - [MESSAGE][PASSED] - All options with value '2026' are selected in object 'Object Repository/mobileSanity/Dental/app_page2/select_YYYY2019202020212022202'  using regular expression

2019-09-10 04:36:08 - [TEST_STEP][PASSED] - setText(findTestObject("mobileSanity/Dental/app_page2/input__credit-card-number"), "4111111111111111"): Text '4111111111111111' is set on object 'Object Repository/mobileSanity/Dental/app_page2/input__credit-card-number'

2019-09-10 04:36:08 - [MESSAGE][PASSED] - Text '4111111111111111' is set on object 'Object Repository/mobileSanity/Dental/app_page2/input__credit-card-number'

2019-09-10 04:36:08 - [TEST_STEP][PASSED] - setText(findTestObject("mobileSanity/Dental/app_page2/input__cvv"), "123"): Text '123' is set on object 'Object Repository/mobileSanity/Dental/app_page2/input__cvv'

2019-09-10 04:36:08 - [MESSAGE][PASSED] - Text '123' is set on object 'Object Repository/mobileSanity/Dental/app_page2/input__cvv'

2019-09-10 04:36:08 - [TEST_STEP][PASSED] - click(findTestObject("mobileSanity/Dental/app_page2/label_My billing address is th")): Object: 'Object Repository/mobileSanity/Dental/app_page2/label_My billing address is th' is clicked on

2019-09-10 04:36:08 - [MESSAGE][PASSED] - Object: 'Object Repository/mobileSanity/Dental/app_page2/label_My billing address is th' is clicked on

2019-09-10 04:36:08 - [TEST_STEP][PASSED] - click(findTestObject("mobileSanity/Dental/app_page2/label_I Accept Authorization f")): Object: 'Object Repository/mobileSanity/Dental/app_page2/label_I Accept Authorization f' is clicked on

2019-09-10 04:36:08 - [MESSAGE][PASSED] - Object: 'Object Repository/mobileSanity/Dental/app_page2/label_I Accept Authorization f' is clicked on

2019-09-10 04:36:08 - [TEST_STEP][PASSED] - click(findTestObject("mobileSanity/Dental/app_page2/a_Continue to Step 3 - Review")): Object: 'Object Repository/mobileSanity/Dental/app_page2/a_Continue to Step 3 - Review' is clicked on

2019-09-10 04:36:08 - [MESSAGE][PASSED] - Object: 'Object Repository/mobileSanity/Dental/app_page2/a_Continue to Step 3 - Review' is clicked on

2019-09-10 04:36:08 - [TEST_STEP][PASSED] - waitForPageLoad(20): Wait for page load successfully

2019-09-10 04:36:08 - [MESSAGE][PASSED] - Wait for page load successfully

2019-09-10 04:36:08 - [TEST_STEP][PASSED] - Thread.sleep(2000): null

2019-09-10 04:36:10 - [TEST_STEP][PASSED] - waitForElementClickable(findTestObject("mobileSanity/Dental/app_page3/label"), 20): Object 'Object Repository/mobileSanity/Dental/app_page3/label' is clickable

2019-09-10 04:36:10 - [MESSAGE][PASSED] - Object 'Object Repository/mobileSanity/Dental/app_page3/label' is clickable

2019-09-10 04:36:10 - [TEST_STEP][PASSED] - callTestCase(findTestCase("mobileWeb/_include/get_screenshot"), [:], STOP_ON_FAILURE): Call Test Case 'Test Cases/mobileWeb/_include/get_screenshot' successfully

2019-09-10 04:36:11 - [TEST_CASE][PASSED] - Test Cases/mobileWeb/_include/get_screenshot: Test Cases/mobileWeb/_include/get_screenshot

2019-09-10 04:36:11 - [TEST_STEP][PASSED] - takeScreenshot(screenPath + i + ".png"): Taking screenshot successfully

2019-09-10 04:36:11 - [MESSAGE][PASSED] - Taking screenshot successfully
[[ATTACHMENT|D:\\Test\\AgileTest\\Reports\\mobileWeb\\dental\\20190910_043530\\../Screenshots/iPhone X/dental/National General/20190910_043533/8.png]]

2019-09-10 04:36:11 - [TEST_STEP][PASSED] - (internal.GlobalVariable.i++): null

2019-09-10 04:36:11 - [MESSAGE][PASSED] - Call Test Case 'Test Cases/mobileWeb/_include/get_screenshot' successfully

2019-09-10 04:36:11 - [TEST_STEP][PASSED] - click(findTestObject("mobileSanity/Dental/app_page3/label")): Object: 'Object Repository/mobileSanity/Dental/app_page3/label' is clicked on

2019-09-10 04:36:11 - [MESSAGE][PASSED] - Object: 'Object Repository/mobileSanity/Dental/app_page3/label' is clicked on

2019-09-10 04:36:11 - [TEST_STEP][PASSED] - click(findTestObject("mobileSanity/Dental/app_page3/p_CLICK TO SIGN")): Object: 'Object Repository/mobileSanity/Dental/app_page3/p_CLICK TO SIGN' is clicked on

2019-09-10 04:36:11 - [MESSAGE][PASSED] - Object: 'Object Repository/mobileSanity/Dental/app_page3/p_CLICK TO SIGN' is clicked on

2019-09-10 04:36:11 - [TEST_STEP][PASSED] - click(findTestObject("mobileSanity/Dental/app_page3/a_Submit Your Application")): Object: 'Object Repository/mobileSanity/Dental/app_page3/a_Submit Your Application' is clicked on

2019-09-10 04:36:11 - [MESSAGE][PASSED] - Object: 'Object Repository/mobileSanity/Dental/app_page3/a_Submit Your Application' is clicked on

2019-09-10 04:36:11 - [TEST_STEP][PASSED] - Thread.sleep(50000): null

2019-09-10 04:37:01 - [TEST_STEP][PASSED] - waitForElementPresent(findTestObject("mobileSanity/Dental/app_page4/js-app-confirmation"), 20): Object 'Object Repository/mobileSanity/Dental/app_page4/js-app-confirmation' is not present after 20 second(s)

2019-09-10 04:37:22 - [MESSAGE][INFO] - Unable to find the element located by 'By.xpath: //*[@id = 'js-app-confirmation']'. Please recheck the objects properties to make sure the desired element is located. 

2019-09-10 04:37:22 - [MESSAGE][WARNING] - Object 'Object Repository/mobileSanity/Dental/app_page4/js-app-confirmation' is not present after 20 second(s)

2019-09-10 04:37:22 - [TEST_STEP][PASSED] - callTestCase(findTestCase("mobileWeb/_include/get_screenshot"), [:], STOP_ON_FAILURE): Call Test Case 'Test Cases/mobileWeb/_include/get_screenshot' successfully

2019-09-10 04:37:22 - [TEST_CASE][PASSED] - Test Cases/mobileWeb/_include/get_screenshot: Test Cases/mobileWeb/_include/get_screenshot

2019-09-10 04:37:22 - [TEST_STEP][PASSED] - takeScreenshot(screenPath + i + ".png"): Taking screenshot successfully

2019-09-10 04:37:22 - [MESSAGE][PASSED] - Taking screenshot successfully
[[ATTACHMENT|D:\\Test\\AgileTest\\Reports\\mobileWeb\\dental\\20190910_043530\\../Screenshots/iPhone X/dental/National General/20190910_043533/9.png]]

2019-09-10 04:37:22 - [TEST_STEP][PASSED] - (internal.GlobalVariable.i++): null

2019-09-10 04:37:22 - [MESSAGE][PASSED] - Call Test Case 'Test Cases/mobileWeb/_include/get_screenshot' successfully

2019-09-10 04:37:22 - [MESSAGE][PASSED] - Call Test Case 'Test Cases/mobileWeb/_include/goToEnd_dental' successfully]]></system-out>
         <system-err><![CDATA[]]></system-err>
      </testcase>
      <testcase name="Test Cases/mobileWeb/Dental/Nationwide" classname="Test Cases/mobileWeb/Dental/Nationwide" status="PASSED">
         <system-out><![CDATA[2019-09-10 04:37:22 - [TEST_CASE][PASSED] - Test Cases/mobileWeb/Dental/Nationwide: Test Cases/mobileWeb/Dental/Nationwide

2019-09-10 04:37:23 - [TEST_STEP][PASSED] - callTestCase(findTestCase("mobileWeb/_include/get_screenPath"), ["productLine":"dental", "carrierName":"Nationwide"], CONTINUE_ON_FAILURE): Call Test Case 'Test Cases/mobileWeb/_include/get_screenPath' successfully

2019-09-10 04:37:23 - [TEST_CASE][PASSED] - Test Cases/mobileWeb/_include/get_screenPath: Test Cases/mobileWeb/_include/get_screenPath

2019-09-10 04:37:23 - [TEST_STEP][PASSED] - m = getExecutionProperties(): null

2019-09-10 04:37:23 - [TEST_STEP][PASSED] - deviceName = get("mobileEmulation").get("deviceName"): null

2019-09-10 04:37:23 - [TEST_STEP][PASSED] - println(deviceName): null

2019-09-10 04:37:23 - [TEST_STEP][PASSED] - now = new java.util.Date(): null

2019-09-10 04:37:23 - [TEST_STEP][PASSED] - mydate = now.format("yyyyMMdd_HHmmss"): null

2019-09-10 04:37:23 - [TEST_STEP][PASSED] - screenPath = "../Screenshots/": null

2019-09-10 04:37:23 - [TEST_STEP][PASSED] - screenPath = screenPath + deviceName + "/" + productLine + "/" + carrierName + "/" + mydate + "/": null

2019-09-10 04:37:23 - [TEST_STEP][PASSED] - println(screenPath): null

2019-09-10 04:37:23 - [MESSAGE][PASSED] - Call Test Case 'Test Cases/mobileWeb/_include/get_screenPath' successfully

2019-09-10 04:37:23 - [TEST_STEP][PASSED] - i = 0: null

2019-09-10 04:37:23 - [TEST_STEP][PASSED] - callTestCase(findTestCase("mobileWeb/_include/openWebSite"), [:], STOP_ON_FAILURE): Call Test Case 'Test Cases/mobileWeb/_include/openWebSite' successfully

2019-09-10 04:37:23 - [TEST_CASE][PASSED] - Test Cases/mobileWeb/_include/openWebSite: Test Cases/mobileWeb/_include/openWebSite

2019-09-10 04:37:23 - [TEST_STEP][PASSED] - openBrowser(env): Browser is opened with url: 'https://praetemptatus.agilehealthinsurance.com'

2019-09-10 04:37:23 - [MESSAGE][WARNING] - A browser is already opened. Closing browser and opening a new one

2019-09-10 04:37:24 - [MESSAGE][INFO] - Starting 'Chrome' driver

2019-09-10 04:37:24 - [MESSAGE][INFO] - User set preference: ['mobileEmulation', '{deviceName=iPhone X}']

2019-09-10 04:37:24 - [MESSAGE][INFO] - User set preference: ['args', '[--incognito, --aggressive-cache-discard, --no-sandbox, --window-size=375,812]']

2019-09-10 04:37:26 - [MESSAGE][PASSED] - Browser is opened with url: 'https://praetemptatus.agilehealthinsurance.com'

2019-09-10 04:37:26 - [TEST_STEP][PASSED] - waitForPageLoad(20): Wait for page load successfully

2019-09-10 04:37:26 - [MESSAGE][PASSED] - Wait for page load successfully

2019-09-10 04:37:26 - [TEST_STEP][PASSED] - Thread.sleep(2000): null

2019-09-10 04:37:28 - [TEST_STEP][PASSED] - callTestCase(findTestCase("mobileWeb/_include/get_screenshot"), [:], STOP_ON_FAILURE): Call Test Case 'Test Cases/mobileWeb/_include/get_screenshot' successfully

2019-09-10 04:37:28 - [TEST_CASE][PASSED] - Test Cases/mobileWeb/_include/get_screenshot: Test Cases/mobileWeb/_include/get_screenshot

2019-09-10 04:37:28 - [TEST_STEP][PASSED] - takeScreenshot(screenPath + i + ".png"): Taking screenshot successfully

2019-09-10 04:37:29 - [MESSAGE][PASSED] - Taking screenshot successfully
[[ATTACHMENT|D:\\Test\\AgileTest\\Reports\\mobileWeb\\dental\\20190910_043530\\../Screenshots/iPhone X/dental/Nationwide/20190910_043723/0.png]]

2019-09-10 04:37:29 - [TEST_STEP][PASSED] - (internal.GlobalVariable.i++): null

2019-09-10 04:37:29 - [MESSAGE][PASSED] - Call Test Case 'Test Cases/mobileWeb/_include/get_screenshot' successfully

2019-09-10 04:37:29 - [MESSAGE][PASSED] - Call Test Case 'Test Cases/mobileWeb/_include/openWebSite' successfully

2019-09-10 04:37:29 - [TEST_STEP][PASSED] - callTestCase(findTestCase("mobileWeb/_include/census_dental"), [:], STOP_ON_FAILURE): Call Test Case 'Test Cases/mobileWeb/_include/census_dental' successfully

2019-09-10 04:37:29 - [TEST_CASE][PASSED] - Test Cases/mobileWeb/_include/census_dental: Test Cases/mobileWeb/_include/census_dental

2019-09-10 04:37:29 - [TEST_STEP][PASSED] - click(findTestObject("mobileSanity/Common/side_nav/menu")): Object: 'Object Repository/mobileSanity/Common/side_nav/menu' is clicked on

2019-09-10 04:37:29 - [MESSAGE][PASSED] - Object: 'Object Repository/mobileSanity/Common/side_nav/menu' is clicked on

2019-09-10 04:37:29 - [TEST_STEP][PASSED] - Thread.sleep(3000): null

2019-09-10 04:37:32 - [TEST_STEP][PASSED] - callTestCase(findTestCase("mobileWeb/_include/get_screenshot"), [:], STOP_ON_FAILURE): Call Test Case 'Test Cases/mobileWeb/_include/get_screenshot' successfully

2019-09-10 04:37:32 - [TEST_CASE][PASSED] - Test Cases/mobileWeb/_include/get_screenshot: Test Cases/mobileWeb/_include/get_screenshot

2019-09-10 04:37:32 - [TEST_STEP][PASSED] - takeScreenshot(screenPath + i + ".png"): Taking screenshot successfully

2019-09-10 04:37:33 - [MESSAGE][PASSED] - Taking screenshot successfully
[[ATTACHMENT|D:\\Test\\AgileTest\\Reports\\mobileWeb\\dental\\20190910_043530\\../Screenshots/iPhone X/dental/Nationwide/20190910_043723/1.png]]

2019-09-10 04:37:33 - [TEST_STEP][PASSED] - (internal.GlobalVariable.i++): null

2019-09-10 04:37:33 - [MESSAGE][PASSED] - Call Test Case 'Test Cases/mobileWeb/_include/get_screenshot' successfully

2019-09-10 04:37:33 - [TEST_STEP][PASSED] - click(findTestObject("mobileSanity/Common/side_nav/nav_dental")): Object: 'Object Repository/mobileSanity/Common/side_nav/nav_dental' is clicked on

2019-09-10 04:37:33 - [MESSAGE][PASSED] - Object: 'Object Repository/mobileSanity/Common/side_nav/nav_dental' is clicked on

2019-09-10 04:37:33 - [TEST_STEP][PASSED] - waitForPageLoad(10): Wait for page load successfully

2019-09-10 04:37:33 - [MESSAGE][PASSED] - Wait for page load successfully

2019-09-10 04:37:33 - [TEST_STEP][PASSED] - callTestCase(findTestCase("mobileWeb/_include/get_screenshot"), [:], STOP_ON_FAILURE): Call Test Case 'Test Cases/mobileWeb/_include/get_screenshot' successfully

2019-09-10 04:37:33 - [TEST_CASE][PASSED] - Test Cases/mobileWeb/_include/get_screenshot: Test Cases/mobileWeb/_include/get_screenshot

2019-09-10 04:37:33 - [TEST_STEP][PASSED] - takeScreenshot(screenPath + i + ".png"): Taking screenshot successfully

2019-09-10 04:37:34 - [MESSAGE][PASSED] - Taking screenshot successfully
[[ATTACHMENT|D:\\Test\\AgileTest\\Reports\\mobileWeb\\dental\\20190910_043530\\../Screenshots/iPhone X/dental/Nationwide/20190910_043723/2.png]]

2019-09-10 04:37:34 - [TEST_STEP][PASSED] - (internal.GlobalVariable.i++): null

2019-09-10 04:37:34 - [MESSAGE][PASSED] - Call Test Case 'Test Cases/mobileWeb/_include/get_screenshot' successfully

2019-09-10 04:37:34 - [TEST_STEP][PASSED] - sendKeys(findTestObject("mobileSanity/Dental/census/input_Location_zip-input"), zipcode): Keys '35215' sent to object: 'Object Repository/mobileSanity/Dental/census/input_Location_zip-input'

2019-09-10 04:37:34 - [MESSAGE][PASSED] - Keys '35215' sent to object: 'Object Repository/mobileSanity/Dental/census/input_Location_zip-input'

2019-09-10 04:37:34 - [TEST_STEP][PASSED] - Thread.sleep(500): null

2019-09-10 04:37:35 - [TEST_STEP][PASSED] - setText(findTestObject("mobileSanity/Dental/census/input_Date of Birth_dob-0"), "12121980"): Text '12121980' is set on object 'Object Repository/mobileSanity/Dental/census/input_Date of Birth_dob-0'

2019-09-10 04:37:35 - [MESSAGE][PASSED] - Text '12121980' is set on object 'Object Repository/mobileSanity/Dental/census/input_Date of Birth_dob-0'

2019-09-10 04:37:35 - [TEST_STEP][PASSED] - click(findTestObject("mobileSanity/Dental/census/label_Male")): Object: 'Object Repository/mobileSanity/Dental/census/label_Male' is clicked on

2019-09-10 04:37:35 - [MESSAGE][PASSED] - Object: 'Object Repository/mobileSanity/Dental/census/label_Male' is clicked on

2019-09-10 04:37:35 - [TEST_STEP][PASSED] - click(findTestObject("mobileSanity/Dental/census/label_Compare Dental Insurance")): Object: 'Object Repository/mobileSanity/Dental/census/label_Compare Dental Insurance' is clicked on

2019-09-10 04:37:36 - [MESSAGE][PASSED] - Object: 'Object Repository/mobileSanity/Dental/census/label_Compare Dental Insurance' is clicked on

2019-09-10 04:37:36 - [TEST_STEP][PASSED] - waitForPageLoad(10): Wait for page load successfully

2019-09-10 04:37:36 - [MESSAGE][PASSED] - Wait for page load successfully

2019-09-10 04:37:36 - [TEST_STEP][PASSED] - Thread.sleep(2000): null

2019-09-10 04:37:38 - [TEST_STEP][PASSED] - callTestCase(findTestCase("mobileWeb/_include/get_screenshot"), [:], STOP_ON_FAILURE): Call Test Case 'Test Cases/mobileWeb/_include/get_screenshot' successfully

2019-09-10 04:37:39 - [TEST_CASE][PASSED] - Test Cases/mobileWeb/_include/get_screenshot: Test Cases/mobileWeb/_include/get_screenshot

2019-09-10 04:37:39 - [TEST_STEP][PASSED] - takeScreenshot(screenPath + i + ".png"): Taking screenshot successfully

2019-09-10 04:37:39 - [MESSAGE][PASSED] - Taking screenshot successfully
[[ATTACHMENT|D:\\Test\\AgileTest\\Reports\\mobileWeb\\dental\\20190910_043530\\../Screenshots/iPhone X/dental/Nationwide/20190910_043723/3.png]]

2019-09-10 04:37:39 - [TEST_STEP][PASSED] - (internal.GlobalVariable.i++): null

2019-09-10 04:37:39 - [MESSAGE][PASSED] - Call Test Case 'Test Cases/mobileWeb/_include/get_screenshot' successfully

2019-09-10 04:37:39 - [MESSAGE][PASSED] - Call Test Case 'Test Cases/mobileWeb/_include/census_dental' successfully

2019-09-10 04:37:39 - [TEST_STEP][PASSED] - click(findTestObject("mobileSanity/Dental/filter/btn_filter")): Object: 'Object Repository/mobileSanity/Dental/filter/btn_filter' is clicked on

2019-09-10 04:37:39 - [MESSAGE][PASSED] - Object: 'Object Repository/mobileSanity/Dental/filter/btn_filter' is clicked on

2019-09-10 04:37:39 - [TEST_STEP][PASSED] - Thread.sleep(1000): null

2019-09-10 04:37:40 - [TEST_STEP][PASSED] - waitForElementVisible(findTestObject("mobileSanity/Dental/filter/btn_company"), 10): Object 'Object Repository/mobileSanity/Dental/filter/btn_company' is visible

2019-09-10 04:37:40 - [MESSAGE][PASSED] - Object 'Object Repository/mobileSanity/Dental/filter/btn_company' is visible

2019-09-10 04:37:40 - [TEST_STEP][PASSED] - click(findTestObject("mobileSanity/Dental/filter/btn_company")): Object: 'Object Repository/mobileSanity/Dental/filter/btn_company' is clicked on

2019-09-10 04:37:40 - [MESSAGE][PASSED] - Object: 'Object Repository/mobileSanity/Dental/filter/btn_company' is clicked on

2019-09-10 04:37:40 - [TEST_STEP][PASSED] - Thread.sleep(2000): null

2019-09-10 04:37:42 - [TEST_STEP][PASSED] - click(findTestObject("mobileSanity/Dental/filter/btn_nationwide")): Object: 'Object Repository/mobileSanity/Dental/filter/btn_nationwide' is clicked on

2019-09-10 04:37:42 - [MESSAGE][PASSED] - Object: 'Object Repository/mobileSanity/Dental/filter/btn_nationwide' is clicked on

2019-09-10 04:37:42 - [TEST_STEP][PASSED] - waitForJQueryLoad(20, STOP_ON_FAILURE): jQuery is ready.

2019-09-10 04:37:43 - [MESSAGE][PASSED] - jQuery is ready.

2019-09-10 04:37:43 - [TEST_STEP][PASSED] - callTestCase(findTestCase("mobileWeb/_include/get_screenshot"), [:], STOP_ON_FAILURE): Call Test Case 'Test Cases/mobileWeb/_include/get_screenshot' successfully

2019-09-10 04:37:43 - [TEST_CASE][PASSED] - Test Cases/mobileWeb/_include/get_screenshot: Test Cases/mobileWeb/_include/get_screenshot

2019-09-10 04:37:43 - [TEST_STEP][PASSED] - takeScreenshot(screenPath + i + ".png"): Taking screenshot successfully

2019-09-10 04:37:44 - [MESSAGE][PASSED] - Taking screenshot successfully
[[ATTACHMENT|D:\\Test\\AgileTest\\Reports\\mobileWeb\\dental\\20190910_043530\\../Screenshots/iPhone X/dental/Nationwide/20190910_043723/4.png]]

2019-09-10 04:37:44 - [TEST_STEP][PASSED] - (internal.GlobalVariable.i++): null

2019-09-10 04:37:44 - [MESSAGE][PASSED] - Call Test Case 'Test Cases/mobileWeb/_include/get_screenshot' successfully

2019-09-10 04:37:44 - [TEST_STEP][PASSED] - click(findTestObject("mobileSanity/Dental/filter/btn_filter")): Object: 'Object Repository/mobileSanity/Dental/filter/btn_filter' is clicked on

2019-09-10 04:37:44 - [MESSAGE][PASSED] - Object: 'Object Repository/mobileSanity/Dental/filter/btn_filter' is clicked on

2019-09-10 04:37:44 - [TEST_STEP][PASSED] - click(findTestObject("mobileSanity/Dental/quote/a_Select This Plan")): Object: 'Object Repository/mobileSanity/Dental/quote/a_Select This Plan' is clicked on

2019-09-10 04:37:44 - [MESSAGE][PASSED] - Object: 'Object Repository/mobileSanity/Dental/quote/a_Select This Plan' is clicked on

2019-09-10 04:37:44 - [TEST_STEP][PASSED] - waitForPageLoad(10): Wait for page load successfully

2019-09-10 04:37:44 - [MESSAGE][PASSED] - Wait for page load successfully

2019-09-10 04:37:44 - [TEST_STEP][PASSED] - callTestCase(findTestCase("mobileWeb/_include/get_screenshot"), [:], STOP_ON_FAILURE): Call Test Case 'Test Cases/mobileWeb/_include/get_screenshot' successfully

2019-09-10 04:37:44 - [TEST_CASE][PASSED] - Test Cases/mobileWeb/_include/get_screenshot: Test Cases/mobileWeb/_include/get_screenshot

2019-09-10 04:37:44 - [TEST_STEP][PASSED] - takeScreenshot(screenPath + i + ".png"): Taking screenshot successfully

2019-09-10 04:37:45 - [MESSAGE][PASSED] - Taking screenshot successfully
[[ATTACHMENT|D:\\Test\\AgileTest\\Reports\\mobileWeb\\dental\\20190910_043530\\../Screenshots/iPhone X/dental/Nationwide/20190910_043723/5.png]]

2019-09-10 04:37:45 - [TEST_STEP][PASSED] - (internal.GlobalVariable.i++): null

2019-09-10 04:37:45 - [MESSAGE][PASSED] - Call Test Case 'Test Cases/mobileWeb/_include/get_screenshot' successfully

2019-09-10 04:37:45 - [TEST_STEP][PASSED] - click(findTestObject("mobileSanity/Dental/apply/span_Start Secure Application")): Object: 'Object Repository/mobileSanity/Dental/apply/span_Start Secure Application' is clicked on

2019-09-10 04:37:46 - [MESSAGE][PASSED] - Object: 'Object Repository/mobileSanity/Dental/apply/span_Start Secure Application' is clicked on

2019-09-10 04:37:46 - [TEST_STEP][PASSED] - waitForPageLoad(10): Wait for page load successfully

2019-09-10 04:37:46 - [MESSAGE][PASSED] - Wait for page load successfully

2019-09-10 04:37:46 - [TEST_STEP][PASSED] - callTestCase(findTestCase("mobileWeb/_include/get_screenshot"), [:], STOP_ON_FAILURE): Call Test Case 'Test Cases/mobileWeb/_include/get_screenshot' successfully

2019-09-10 04:37:46 - [TEST_CASE][PASSED] - Test Cases/mobileWeb/_include/get_screenshot: Test Cases/mobileWeb/_include/get_screenshot

2019-09-10 04:37:46 - [TEST_STEP][PASSED] - takeScreenshot(screenPath + i + ".png"): Taking screenshot successfully

2019-09-10 04:37:47 - [MESSAGE][PASSED] - Taking screenshot successfully
[[ATTACHMENT|D:\\Test\\AgileTest\\Reports\\mobileWeb\\dental\\20190910_043530\\../Screenshots/iPhone X/dental/Nationwide/20190910_043723/6.png]]

2019-09-10 04:37:47 - [TEST_STEP][PASSED] - (internal.GlobalVariable.i++): null

2019-09-10 04:37:47 - [MESSAGE][PASSED] - Call Test Case 'Test Cases/mobileWeb/_include/get_screenshot' successfully

2019-09-10 04:37:47 - [TEST_STEP][PASSED] - callTestCase(findTestCase("mobileWeb/_include/goToEnd_dental"), ["carrier":"nationwide"], STOP_ON_FAILURE): Call Test Case 'Test Cases/mobileWeb/_include/goToEnd_dental' successfully

2019-09-10 04:37:47 - [TEST_CASE][PASSED] - Test Cases/mobileWeb/_include/goToEnd_dental: Test Cases/mobileWeb/_include/goToEnd_dental

2019-09-10 04:37:47 - [TEST_STEP][PASSED] - callTestCase(findTestCase("mobileWeb/_include/name"), [:], CONTINUE_ON_FAILURE): Call Test Case 'Test Cases/mobileWeb/_include/name' successfully

2019-09-10 04:37:47 - [TEST_CASE][PASSED] - Test Cases/mobileWeb/_include/name: Test Cases/mobileWeb/_include/name

2019-09-10 04:37:47 - [TEST_STEP][PASSED] - driver = getWebDriver(): null

2019-09-10 04:37:47 - [TEST_STEP][PASSED] - selenium = new com.thoughtworks.selenium.webdriven.WebDriverBackedSelenium(driver, internal.GlobalVariable.ENV): null

2019-09-10 04:37:47 - [TEST_STEP][PASSED] - FirstName = "Test-123": null

2019-09-10 04:37:47 - [TEST_STEP][PASSED] - LastName = selenium.getEval("{var x="ABCDEFGHIJKLMNOPQRSTUVWXYZabcdefghijklmnopqrstuvwxyz"; var tmp="ZZ11-"; for (i=0;i<8;i++) tmp+=x.charAt(Math.ceil(51*Math.random()));tmp;}"): null

2019-09-10 04:37:47 - [TEST_STEP][PASSED] - Address = selenium.getEval("{var x="ABCDEFGHIJKLMNOPQRSTUVWXYZabcdefghijklmnopqrstuvwxyz"; var tmp=""; for (i=0;i<8;i++) tmp+=x.charAt(Math.ceil(51*Math.random()));tmp;}"): null

2019-09-10 04:37:47 - [TEST_STEP][PASSED] - City = selenium.getEval("{var x="ABCDEFGHIJKLMNOPQRSTUVWXYZabcdefghijklmnopqrstuvwxyz"; var tmp=""; for (i=0;i<8;i++) tmp+=x.charAt(Math.ceil(51*Math.random()));tmp;}"): null

2019-09-10 04:37:47 - [TEST_STEP][PASSED] - tel1 = selenium.getEval("{var x="123456789"; var tmp=""; for (i=0;i<3;i++) tmp+=x.charAt(Math.ceil(8*Math.random()));tmp;}"): null

2019-09-10 04:37:47 - [TEST_STEP][PASSED] - tel2 = selenium.getEval("{var x="123456789"; var tmp=""; for (i=0;i<3;i++) tmp+=x.charAt(Math.ceil(8*Math.random()));tmp;}"): null

2019-09-10 04:37:47 - [TEST_STEP][PASSED] - tel3 = selenium.getEval("{var x="123456789"; var tmp=""; for (i=0;i<4;i++) tmp+=x.charAt(Math.ceil(8*Math.random()));tmp;}"): null

2019-09-10 04:37:47 - [TEST_STEP][PASSED] - Tel = selenium.getExpression(tel1 + "-" + tel2 + "-" + tel3): null

2019-09-10 04:37:47 - [TEST_STEP][PASSED] - AutoEmail = selenium.getEval("{var x="ABCDEFGHIJKLMNOPQRSTUVWXYZabcdefghijklmnopqrstuvwxyz"; var tmp="test."; for (i=0;i<8;i++) tmp+=x.charAt(Math.ceil(51*Math.random()));tmp+="@suryani.cn";}"): null

2019-09-10 04:37:47 - [TEST_STEP][PASSED] - FirstName = FirstName: null

2019-09-10 04:37:47 - [TEST_STEP][PASSED] - LastName = LastName: null

2019-09-10 04:37:47 - [TEST_STEP][PASSED] - Address = Address: null

2019-09-10 04:37:47 - [TEST_STEP][PASSED] - City = City: null

2019-09-10 04:37:47 - [TEST_STEP][PASSED] - Tel = Tel: null

2019-09-10 04:37:47 - [TEST_STEP][PASSED] - AutoEmail = AutoEmail: null

2019-09-10 04:37:47 - [TEST_STEP][PASSED] - println(FirstName): null

2019-09-10 04:37:47 - [TEST_STEP][PASSED] - println(LastName): null

2019-09-10 04:37:47 - [TEST_STEP][PASSED] - println(Address): null

2019-09-10 04:37:47 - [TEST_STEP][PASSED] - println(City): null

2019-09-10 04:37:47 - [TEST_STEP][PASSED] - println(Tel): null

2019-09-10 04:37:47 - [TEST_STEP][PASSED] - println(AutoEmail): null

2019-09-10 04:37:47 - [MESSAGE][PASSED] - Call Test Case 'Test Cases/mobileWeb/_include/name' successfully

2019-09-10 04:37:47 - [TEST_STEP][PASSED] - Thread.sleep(3000): null

2019-09-10 04:37:50 - [TEST_STEP][PASSED] - setText(findTestObject("mobileSanity/Dental/app_page1/input__member-P-1-firstName"), FirstName): Text 'Test-123' is set on object 'Object Repository/mobileSanity/Dental/app_page1/input__member-P-1-firstName'

2019-09-10 04:37:50 - [MESSAGE][PASSED] - Text 'Test-123' is set on object 'Object Repository/mobileSanity/Dental/app_page1/input__member-P-1-firstName'

2019-09-10 04:37:50 - [TEST_STEP][PASSED] - setText(findTestObject("mobileSanity/Dental/app_page1/input__member-P-1-lastName"), LastName): Text 'ZZ11-EdzlhBLm' is set on object 'Object Repository/mobileSanity/Dental/app_page1/input__member-P-1-lastName'

2019-09-10 04:37:50 - [MESSAGE][PASSED] - Text 'ZZ11-EdzlhBLm' is set on object 'Object Repository/mobileSanity/Dental/app_page1/input__member-P-1-lastName'

2019-09-10 04:37:50 - [TEST_STEP][PASSED] - setText(findTestObject("mobileSanity/Dental/app_page1/input__address"), Address): Text 'DbReOWPr' is set on object 'Object Repository/mobileSanity/Dental/app_page1/input__address'

2019-09-10 04:37:50 - [MESSAGE][PASSED] - Text 'DbReOWPr' is set on object 'Object Repository/mobileSanity/Dental/app_page1/input__address'

2019-09-10 04:37:50 - [TEST_STEP][PASSED] - setText(findTestObject("mobileSanity/Dental/app_page1/input__city"), City): Text 'qtjnPJzs' is set on object 'Object Repository/mobileSanity/Dental/app_page1/input__city'

2019-09-10 04:37:51 - [MESSAGE][PASSED] - Text 'qtjnPJzs' is set on object 'Object Repository/mobileSanity/Dental/app_page1/input__city'

2019-09-10 04:37:51 - [TEST_STEP][PASSED] - setText(findTestObject("mobileSanity/Dental/app_page1/input__email"), AutoEmail): Text 'test.mIBMkvdE@suryani.cn' is set on object 'Object Repository/mobileSanity/Dental/app_page1/input__email'

2019-09-10 04:37:51 - [MESSAGE][PASSED] - Text 'test.mIBMkvdE@suryani.cn' is set on object 'Object Repository/mobileSanity/Dental/app_page1/input__email'

2019-09-10 04:37:51 - [TEST_STEP][PASSED] - setText(findTestObject("mobileSanity/Dental/app_page1/input_phone"), Tel): Text '733-467-7668' is set on object 'Object Repository/mobileSanity/Dental/app_page1/input_phone'

2019-09-10 04:37:51 - [MESSAGE][PASSED] - Text '733-467-7668' is set on object 'Object Repository/mobileSanity/Dental/app_page1/input_phone'

2019-09-10 04:37:51 - [TEST_STEP][PASSED] - click(findTestObject("mobileSanity/Dental/app_page1/a_Continue to Step 2 - Payment")): Object: 'Object Repository/mobileSanity/Dental/app_page1/a_Continue to Step 2 - Payment' is clicked on

2019-09-10 04:37:51 - [MESSAGE][PASSED] - Object: 'Object Repository/mobileSanity/Dental/app_page1/a_Continue to Step 2 - Payment' is clicked on

2019-09-10 04:37:51 - [TEST_STEP][PASSED] - waitForPageLoad(10): Wait for page load successfully

2019-09-10 04:37:51 - [MESSAGE][PASSED] - Wait for page load successfully

2019-09-10 04:37:51 - [TEST_STEP][PASSED] - Thread.sleep(2000): null

2019-09-10 04:37:53 - [TEST_STEP][PASSED] - if (carrier == "usa"): null

2019-09-10 04:37:53 - [TEST_STEP][PASSED] - callTestCase(findTestCase("mobileWeb/_include/get_screenshot"), [:], STOP_ON_FAILURE): Call Test Case 'Test Cases/mobileWeb/_include/get_screenshot' successfully

2019-09-10 04:37:53 - [TEST_CASE][PASSED] - Test Cases/mobileWeb/_include/get_screenshot: Test Cases/mobileWeb/_include/get_screenshot

2019-09-10 04:37:53 - [TEST_STEP][PASSED] - takeScreenshot(screenPath + i + ".png"): Taking screenshot successfully

2019-09-10 04:37:54 - [MESSAGE][PASSED] - Taking screenshot successfully
[[ATTACHMENT|D:\\Test\\AgileTest\\Reports\\mobileWeb\\dental\\20190910_043530\\../Screenshots/iPhone X/dental/Nationwide/20190910_043723/7.png]]

2019-09-10 04:37:54 - [TEST_STEP][PASSED] - (internal.GlobalVariable.i++): null

2019-09-10 04:37:54 - [MESSAGE][PASSED] - Call Test Case 'Test Cases/mobileWeb/_include/get_screenshot' successfully

2019-09-10 04:37:54 - [TEST_STEP][PASSED] - setText(findTestObject("mobileSanity/Dental/app_page2/input__credit-card-first"), FirstName): Text 'Test-123' is set on object 'Object Repository/mobileSanity/Dental/app_page2/input__credit-card-first'

2019-09-10 04:37:54 - [MESSAGE][PASSED] - Text 'Test-123' is set on object 'Object Repository/mobileSanity/Dental/app_page2/input__credit-card-first'

2019-09-10 04:37:54 - [TEST_STEP][PASSED] - setText(findTestObject("mobileSanity/Dental/app_page2/input__credit-card-last"), LastName): Text 'ZZ11-EdzlhBLm' is set on object 'Object Repository/mobileSanity/Dental/app_page2/input__credit-card-last'

2019-09-10 04:37:54 - [MESSAGE][PASSED] - Text 'ZZ11-EdzlhBLm' is set on object 'Object Repository/mobileSanity/Dental/app_page2/input__credit-card-last'

2019-09-10 04:37:54 - [TEST_STEP][PASSED] - selectOptionByValue(findTestObject("mobileSanity/Dental/app_page2/select_MM010203040506070809101"), "12", true): All options with value '12' are selected in object 'Object Repository/mobileSanity/Dental/app_page2/select_MM010203040506070809101'  using regular expression

2019-09-10 04:37:54 - [MESSAGE][PASSED] - All options with value '12' are selected in object 'Object Repository/mobileSanity/Dental/app_page2/select_MM010203040506070809101'  using regular expression

2019-09-10 04:37:54 - [TEST_STEP][PASSED] - selectOptionByValue(findTestObject("mobileSanity/Dental/app_page2/select_YYYY2019202020212022202"), "2026", true): All options with value '2026' are selected in object 'Object Repository/mobileSanity/Dental/app_page2/select_YYYY2019202020212022202'  using regular expression

2019-09-10 04:37:55 - [MESSAGE][PASSED] - All options with value '2026' are selected in object 'Object Repository/mobileSanity/Dental/app_page2/select_YYYY2019202020212022202'  using regular expression

2019-09-10 04:37:55 - [TEST_STEP][PASSED] - setText(findTestObject("mobileSanity/Dental/app_page2/input__credit-card-number"), "4111111111111111"): Text '4111111111111111' is set on object 'Object Repository/mobileSanity/Dental/app_page2/input__credit-card-number'

2019-09-10 04:37:55 - [MESSAGE][PASSED] - Text '4111111111111111' is set on object 'Object Repository/mobileSanity/Dental/app_page2/input__credit-card-number'

2019-09-10 04:37:55 - [TEST_STEP][PASSED] - setText(findTestObject("mobileSanity/Dental/app_page2/input__cvv"), "123"): Text '123' is set on object 'Object Repository/mobileSanity/Dental/app_page2/input__cvv'

2019-09-10 04:37:55 - [MESSAGE][PASSED] - Text '123' is set on object 'Object Repository/mobileSanity/Dental/app_page2/input__cvv'

2019-09-10 04:37:55 - [TEST_STEP][PASSED] - click(findTestObject("mobileSanity/Dental/app_page2/label_My billing address is th")): Object: 'Object Repository/mobileSanity/Dental/app_page2/label_My billing address is th' is clicked on

2019-09-10 04:37:55 - [MESSAGE][PASSED] - Object: 'Object Repository/mobileSanity/Dental/app_page2/label_My billing address is th' is clicked on

2019-09-10 04:37:55 - [TEST_STEP][PASSED] - click(findTestObject("mobileSanity/Dental/app_page2/label_I Accept Authorization f")): Object: 'Object Repository/mobileSanity/Dental/app_page2/label_I Accept Authorization f' is clicked on

2019-09-10 04:37:55 - [MESSAGE][PASSED] - Object: 'Object Repository/mobileSanity/Dental/app_page2/label_I Accept Authorization f' is clicked on

2019-09-10 04:37:55 - [TEST_STEP][PASSED] - click(findTestObject("mobileSanity/Dental/app_page2/a_Continue to Step 3 - Review")): Object: 'Object Repository/mobileSanity/Dental/app_page2/a_Continue to Step 3 - Review' is clicked on

2019-09-10 04:37:55 - [MESSAGE][PASSED] - Object: 'Object Repository/mobileSanity/Dental/app_page2/a_Continue to Step 3 - Review' is clicked on

2019-09-10 04:37:55 - [TEST_STEP][PASSED] - waitForPageLoad(20): Wait for page load successfully

2019-09-10 04:37:55 - [MESSAGE][PASSED] - Wait for page load successfully

2019-09-10 04:37:55 - [TEST_STEP][PASSED] - Thread.sleep(2000): null

2019-09-10 04:37:57 - [TEST_STEP][PASSED] - waitForElementClickable(findTestObject("mobileSanity/Dental/app_page3/label"), 20): Object 'Object Repository/mobileSanity/Dental/app_page3/label' is clickable

2019-09-10 04:38:06 - [MESSAGE][PASSED] - Object 'Object Repository/mobileSanity/Dental/app_page3/label' is clickable

2019-09-10 04:38:06 - [TEST_STEP][PASSED] - callTestCase(findTestCase("mobileWeb/_include/get_screenshot"), [:], STOP_ON_FAILURE): Call Test Case 'Test Cases/mobileWeb/_include/get_screenshot' successfully

2019-09-10 04:38:06 - [TEST_CASE][PASSED] - Test Cases/mobileWeb/_include/get_screenshot: Test Cases/mobileWeb/_include/get_screenshot

2019-09-10 04:38:06 - [TEST_STEP][PASSED] - takeScreenshot(screenPath + i + ".png"): Taking screenshot successfully

2019-09-10 04:38:07 - [MESSAGE][PASSED] - Taking screenshot successfully
[[ATTACHMENT|D:\\Test\\AgileTest\\Reports\\mobileWeb\\dental\\20190910_043530\\../Screenshots/iPhone X/dental/Nationwide/20190910_043723/8.png]]

2019-09-10 04:38:07 - [TEST_STEP][PASSED] - (internal.GlobalVariable.i++): null

2019-09-10 04:38:07 - [MESSAGE][PASSED] - Call Test Case 'Test Cases/mobileWeb/_include/get_screenshot' successfully

2019-09-10 04:38:07 - [TEST_STEP][PASSED] - click(findTestObject("mobileSanity/Dental/app_page3/label")): Object: 'Object Repository/mobileSanity/Dental/app_page3/label' is clicked on

2019-09-10 04:38:07 - [MESSAGE][PASSED] - Object: 'Object Repository/mobileSanity/Dental/app_page3/label' is clicked on

2019-09-10 04:38:07 - [TEST_STEP][PASSED] - click(findTestObject("mobileSanity/Dental/app_page3/p_CLICK TO SIGN")): Object: 'Object Repository/mobileSanity/Dental/app_page3/p_CLICK TO SIGN' is clicked on

2019-09-10 04:38:07 - [MESSAGE][PASSED] - Object: 'Object Repository/mobileSanity/Dental/app_page3/p_CLICK TO SIGN' is clicked on

2019-09-10 04:38:07 - [TEST_STEP][PASSED] - click(findTestObject("mobileSanity/Dental/app_page3/a_Submit Your Application")): Object: 'Object Repository/mobileSanity/Dental/app_page3/a_Submit Your Application' is clicked on

2019-09-10 04:38:07 - [MESSAGE][PASSED] - Object: 'Object Repository/mobileSanity/Dental/app_page3/a_Submit Your Application' is clicked on

2019-09-10 04:38:07 - [TEST_STEP][PASSED] - Thread.sleep(50000): null

2019-09-10 04:38:57 - [TEST_STEP][PASSED] - waitForElementPresent(findTestObject("mobileSanity/Dental/app_page4/js-app-confirmation"), 20): Object 'Object Repository/mobileSanity/Dental/app_page4/js-app-confirmation' is not present after 20 second(s)

2019-09-10 04:39:17 - [MESSAGE][INFO] - Unable to find the element located by 'By.xpath: //*[@id = 'js-app-confirmation']'. Please recheck the objects properties to make sure the desired element is located. 

2019-09-10 04:39:17 - [MESSAGE][WARNING] - Object 'Object Repository/mobileSanity/Dental/app_page4/js-app-confirmation' is not present after 20 second(s)

2019-09-10 04:39:17 - [TEST_STEP][PASSED] - callTestCase(findTestCase("mobileWeb/_include/get_screenshot"), [:], STOP_ON_FAILURE): Call Test Case 'Test Cases/mobileWeb/_include/get_screenshot' successfully

2019-09-10 04:39:17 - [TEST_CASE][PASSED] - Test Cases/mobileWeb/_include/get_screenshot: Test Cases/mobileWeb/_include/get_screenshot

2019-09-10 04:39:17 - [TEST_STEP][PASSED] - takeScreenshot(screenPath + i + ".png"): Taking screenshot successfully

2019-09-10 04:39:18 - [MESSAGE][PASSED] - Taking screenshot successfully
[[ATTACHMENT|D:\\Test\\AgileTest\\Reports\\mobileWeb\\dental\\20190910_043530\\../Screenshots/iPhone X/dental/Nationwide/20190910_043723/9.png]]

2019-09-10 04:39:18 - [TEST_STEP][PASSED] - (internal.GlobalVariable.i++): null

2019-09-10 04:39:18 - [MESSAGE][PASSED] - Call Test Case 'Test Cases/mobileWeb/_include/get_screenshot' successfully

2019-09-10 04:39:18 - [MESSAGE][PASSED] - Call Test Case 'Test Cases/mobileWeb/_include/goToEnd_dental' successfully]]></system-out>
         <system-err><![CDATA[]]></system-err>
      </testcase>
      <testcase name="Test Cases/mobileWeb/Dental/USA Access" classname="Test Cases/mobileWeb/Dental/USA Access" status="PASSED">
         <system-out><![CDATA[2019-09-10 04:39:18 - [TEST_CASE][PASSED] - Test Cases/mobileWeb/Dental/USA Access: Test Cases/mobileWeb/Dental/USA Access

2019-09-10 04:39:18 - [TEST_STEP][PASSED] - callTestCase(findTestCase("mobileWeb/_include/get_screenPath"), ["productLine":"dental", "carrierName":"USA Access"], CONTINUE_ON_FAILURE): Call Test Case 'Test Cases/mobileWeb/_include/get_screenPath' successfully

2019-09-10 04:39:18 - [TEST_CASE][PASSED] - Test Cases/mobileWeb/_include/get_screenPath: Test Cases/mobileWeb/_include/get_screenPath

2019-09-10 04:39:18 - [TEST_STEP][PASSED] - m = getExecutionProperties(): null

2019-09-10 04:39:18 - [TEST_STEP][PASSED] - deviceName = get("mobileEmulation").get("deviceName"): null

2019-09-10 04:39:18 - [TEST_STEP][PASSED] - println(deviceName): null

2019-09-10 04:39:18 - [TEST_STEP][PASSED] - now = new java.util.Date(): null

2019-09-10 04:39:18 - [TEST_STEP][PASSED] - mydate = now.format("yyyyMMdd_HHmmss"): null

2019-09-10 04:39:18 - [TEST_STEP][PASSED] - screenPath = "../Screenshots/": null

2019-09-10 04:39:18 - [TEST_STEP][PASSED] - screenPath = screenPath + deviceName + "/" + productLine + "/" + carrierName + "/" + mydate + "/": null

2019-09-10 04:39:18 - [TEST_STEP][PASSED] - println(screenPath): null

2019-09-10 04:39:18 - [MESSAGE][PASSED] - Call Test Case 'Test Cases/mobileWeb/_include/get_screenPath' successfully

2019-09-10 04:39:18 - [TEST_STEP][PASSED] - i = 0: null

2019-09-10 04:39:18 - [TEST_STEP][PASSED] - callTestCase(findTestCase("mobileWeb/_include/openWebSite"), [:], STOP_ON_FAILURE): Call Test Case 'Test Cases/mobileWeb/_include/openWebSite' successfully

2019-09-10 04:39:18 - [TEST_CASE][PASSED] - Test Cases/mobileWeb/_include/openWebSite: Test Cases/mobileWeb/_include/openWebSite

2019-09-10 04:39:18 - [TEST_STEP][PASSED] - openBrowser(env): Browser is opened with url: 'https://praetemptatus.agilehealthinsurance.com'

2019-09-10 04:39:18 - [MESSAGE][WARNING] - A browser is already opened. Closing browser and opening a new one

2019-09-10 04:39:19 - [MESSAGE][INFO] - Starting 'Chrome' driver

2019-09-10 04:39:19 - [MESSAGE][INFO] - User set preference: ['mobileEmulation', '{deviceName=iPhone X}']

2019-09-10 04:39:19 - [MESSAGE][INFO] - User set preference: ['args', '[--incognito, --aggressive-cache-discard, --no-sandbox, --window-size=375,812]']

2019-09-10 04:39:21 - [MESSAGE][PASSED] - Browser is opened with url: 'https://praetemptatus.agilehealthinsurance.com'

2019-09-10 04:39:21 - [TEST_STEP][PASSED] - waitForPageLoad(20): Wait for page load successfully

2019-09-10 04:39:21 - [MESSAGE][PASSED] - Wait for page load successfully

2019-09-10 04:39:21 - [TEST_STEP][PASSED] - Thread.sleep(2000): null

2019-09-10 04:39:23 - [TEST_STEP][PASSED] - callTestCase(findTestCase("mobileWeb/_include/get_screenshot"), [:], STOP_ON_FAILURE): Call Test Case 'Test Cases/mobileWeb/_include/get_screenshot' successfully

2019-09-10 04:39:23 - [TEST_CASE][PASSED] - Test Cases/mobileWeb/_include/get_screenshot: Test Cases/mobileWeb/_include/get_screenshot

2019-09-10 04:39:23 - [TEST_STEP][PASSED] - takeScreenshot(screenPath + i + ".png"): Taking screenshot successfully

2019-09-10 04:39:24 - [MESSAGE][PASSED] - Taking screenshot successfully
[[ATTACHMENT|D:\\Test\\AgileTest\\Reports\\mobileWeb\\dental\\20190910_043530\\../Screenshots/iPhone X/dental/USA Access/20190910_043918/0.png]]

2019-09-10 04:39:24 - [TEST_STEP][PASSED] - (internal.GlobalVariable.i++): null

2019-09-10 04:39:24 - [MESSAGE][PASSED] - Call Test Case 'Test Cases/mobileWeb/_include/get_screenshot' successfully

2019-09-10 04:39:24 - [MESSAGE][PASSED] - Call Test Case 'Test Cases/mobileWeb/_include/openWebSite' successfully

2019-09-10 04:39:24 - [TEST_STEP][PASSED] - callTestCase(findTestCase("mobileWeb/_include/census_dental"), [:], STOP_ON_FAILURE): Call Test Case 'Test Cases/mobileWeb/_include/census_dental' successfully

2019-09-10 04:39:24 - [TEST_CASE][PASSED] - Test Cases/mobileWeb/_include/census_dental: Test Cases/mobileWeb/_include/census_dental

2019-09-10 04:39:24 - [TEST_STEP][PASSED] - click(findTestObject("mobileSanity/Common/side_nav/menu")): Object: 'Object Repository/mobileSanity/Common/side_nav/menu' is clicked on

2019-09-10 04:39:24 - [MESSAGE][PASSED] - Object: 'Object Repository/mobileSanity/Common/side_nav/menu' is clicked on

2019-09-10 04:39:24 - [TEST_STEP][PASSED] - Thread.sleep(3000): null

2019-09-10 04:39:27 - [TEST_STEP][PASSED] - callTestCase(findTestCase("mobileWeb/_include/get_screenshot"), [:], STOP_ON_FAILURE): Call Test Case 'Test Cases/mobileWeb/_include/get_screenshot' successfully

2019-09-10 04:39:27 - [TEST_CASE][PASSED] - Test Cases/mobileWeb/_include/get_screenshot: Test Cases/mobileWeb/_include/get_screenshot

2019-09-10 04:39:27 - [TEST_STEP][PASSED] - takeScreenshot(screenPath + i + ".png"): Taking screenshot successfully

2019-09-10 04:39:28 - [MESSAGE][PASSED] - Taking screenshot successfully
[[ATTACHMENT|D:\\Test\\AgileTest\\Reports\\mobileWeb\\dental\\20190910_043530\\../Screenshots/iPhone X/dental/USA Access/20190910_043918/1.png]]

2019-09-10 04:39:28 - [TEST_STEP][PASSED] - (internal.GlobalVariable.i++): null

2019-09-10 04:39:28 - [MESSAGE][PASSED] - Call Test Case 'Test Cases/mobileWeb/_include/get_screenshot' successfully

2019-09-10 04:39:28 - [TEST_STEP][PASSED] - click(findTestObject("mobileSanity/Common/side_nav/nav_dental")): Object: 'Object Repository/mobileSanity/Common/side_nav/nav_dental' is clicked on

2019-09-10 04:39:28 - [MESSAGE][PASSED] - Object: 'Object Repository/mobileSanity/Common/side_nav/nav_dental' is clicked on

2019-09-10 04:39:28 - [TEST_STEP][PASSED] - waitForPageLoad(10): Wait for page load successfully

2019-09-10 04:39:28 - [MESSAGE][PASSED] - Wait for page load successfully

2019-09-10 04:39:28 - [TEST_STEP][PASSED] - callTestCase(findTestCase("mobileWeb/_include/get_screenshot"), [:], STOP_ON_FAILURE): Call Test Case 'Test Cases/mobileWeb/_include/get_screenshot' successfully

2019-09-10 04:39:28 - [TEST_CASE][PASSED] - Test Cases/mobileWeb/_include/get_screenshot: Test Cases/mobileWeb/_include/get_screenshot

2019-09-10 04:39:28 - [TEST_STEP][PASSED] - takeScreenshot(screenPath + i + ".png"): Taking screenshot successfully

2019-09-10 04:39:29 - [MESSAGE][PASSED] - Taking screenshot successfully
[[ATTACHMENT|D:\\Test\\AgileTest\\Reports\\mobileWeb\\dental\\20190910_043530\\../Screenshots/iPhone X/dental/USA Access/20190910_043918/2.png]]

2019-09-10 04:39:29 - [TEST_STEP][PASSED] - (internal.GlobalVariable.i++): null

2019-09-10 04:39:29 - [MESSAGE][PASSED] - Call Test Case 'Test Cases/mobileWeb/_include/get_screenshot' successfully

2019-09-10 04:39:29 - [TEST_STEP][PASSED] - sendKeys(findTestObject("mobileSanity/Dental/census/input_Location_zip-input"), zipcode): Keys '35215' sent to object: 'Object Repository/mobileSanity/Dental/census/input_Location_zip-input'

2019-09-10 04:39:29 - [MESSAGE][PASSED] - Keys '35215' sent to object: 'Object Repository/mobileSanity/Dental/census/input_Location_zip-input'

2019-09-10 04:39:29 - [TEST_STEP][PASSED] - Thread.sleep(500): null

2019-09-10 04:39:29 - [TEST_STEP][PASSED] - setText(findTestObject("mobileSanity/Dental/census/input_Date of Birth_dob-0"), "12121980"): Text '12121980' is set on object 'Object Repository/mobileSanity/Dental/census/input_Date of Birth_dob-0'

2019-09-10 04:39:30 - [MESSAGE][PASSED] - Text '12121980' is set on object 'Object Repository/mobileSanity/Dental/census/input_Date of Birth_dob-0'

2019-09-10 04:39:30 - [TEST_STEP][PASSED] - click(findTestObject("mobileSanity/Dental/census/label_Male")): Object: 'Object Repository/mobileSanity/Dental/census/label_Male' is clicked on

2019-09-10 04:39:30 - [MESSAGE][PASSED] - Object: 'Object Repository/mobileSanity/Dental/census/label_Male' is clicked on

2019-09-10 04:39:30 - [TEST_STEP][PASSED] - click(findTestObject("mobileSanity/Dental/census/label_Compare Dental Insurance")): Object: 'Object Repository/mobileSanity/Dental/census/label_Compare Dental Insurance' is clicked on

2019-09-10 04:39:31 - [MESSAGE][PASSED] - Object: 'Object Repository/mobileSanity/Dental/census/label_Compare Dental Insurance' is clicked on

2019-09-10 04:39:31 - [TEST_STEP][PASSED] - waitForPageLoad(10): Wait for page load successfully

2019-09-10 04:39:31 - [MESSAGE][PASSED] - Wait for page load successfully

2019-09-10 04:39:31 - [TEST_STEP][PASSED] - Thread.sleep(2000): null

2019-09-10 04:39:33 - [TEST_STEP][PASSED] - callTestCase(findTestCase("mobileWeb/_include/get_screenshot"), [:], STOP_ON_FAILURE): Call Test Case 'Test Cases/mobileWeb/_include/get_screenshot' successfully

2019-09-10 04:39:33 - [TEST_CASE][PASSED] - Test Cases/mobileWeb/_include/get_screenshot: Test Cases/mobileWeb/_include/get_screenshot

2019-09-10 04:39:33 - [TEST_STEP][PASSED] - takeScreenshot(screenPath + i + ".png"): Taking screenshot successfully

2019-09-10 04:39:33 - [MESSAGE][PASSED] - Taking screenshot successfully
[[ATTACHMENT|D:\\Test\\AgileTest\\Reports\\mobileWeb\\dental\\20190910_043530\\../Screenshots/iPhone X/dental/USA Access/20190910_043918/3.png]]

2019-09-10 04:39:33 - [TEST_STEP][PASSED] - (internal.GlobalVariable.i++): null

2019-09-10 04:39:33 - [MESSAGE][PASSED] - Call Test Case 'Test Cases/mobileWeb/_include/get_screenshot' successfully

2019-09-10 04:39:33 - [MESSAGE][PASSED] - Call Test Case 'Test Cases/mobileWeb/_include/census_dental' successfully

2019-09-10 04:39:33 - [TEST_STEP][PASSED] - comment("-------------quote page--------------------"): -------------quote page--------------------

2019-09-10 04:39:33 - [MESSAGE][INFO] - -------------quote page--------------------

2019-09-10 04:39:33 - [TEST_STEP][PASSED] - click(findTestObject("mobileSanity/Dental/filter/btn_filter")): Object: 'Object Repository/mobileSanity/Dental/filter/btn_filter' is clicked on

2019-09-10 04:39:34 - [MESSAGE][PASSED] - Object: 'Object Repository/mobileSanity/Dental/filter/btn_filter' is clicked on

2019-09-10 04:39:34 - [TEST_STEP][PASSED] - waitForElementVisible(findTestObject("mobileSanity/Dental/filter/btn_company"), 10): Object 'Object Repository/mobileSanity/Dental/filter/btn_company' is visible

2019-09-10 04:39:34 - [MESSAGE][PASSED] - Object 'Object Repository/mobileSanity/Dental/filter/btn_company' is visible

2019-09-10 04:39:34 - [TEST_STEP][PASSED] - click(findTestObject("mobileSanity/Dental/filter/btn_company")): Object: 'Object Repository/mobileSanity/Dental/filter/btn_company' is clicked on

2019-09-10 04:39:34 - [MESSAGE][PASSED] - Object: 'Object Repository/mobileSanity/Dental/filter/btn_company' is clicked on

2019-09-10 04:39:34 - [TEST_STEP][PASSED] - Thread.sleep(2000): null

2019-09-10 04:39:36 - [TEST_STEP][PASSED] - click(findTestObject("mobileSanity/Dental/filter/btn_usa")): Object: 'Object Repository/mobileSanity/Dental/filter/btn_usa' is clicked on

2019-09-10 04:39:36 - [MESSAGE][PASSED] - Object: 'Object Repository/mobileSanity/Dental/filter/btn_usa' is clicked on

2019-09-10 04:39:36 - [TEST_STEP][PASSED] - waitForJQueryLoad(20, STOP_ON_FAILURE): jQuery is ready.

2019-09-10 04:39:36 - [MESSAGE][PASSED] - jQuery is ready.

2019-09-10 04:39:36 - [TEST_STEP][PASSED] - callTestCase(findTestCase("mobileWeb/_include/get_screenshot"), [:], STOP_ON_FAILURE): Call Test Case 'Test Cases/mobileWeb/_include/get_screenshot' successfully

2019-09-10 04:39:36 - [TEST_CASE][PASSED] - Test Cases/mobileWeb/_include/get_screenshot: Test Cases/mobileWeb/_include/get_screenshot

2019-09-10 04:39:36 - [TEST_STEP][PASSED] - takeScreenshot(screenPath + i + ".png"): Taking screenshot successfully

2019-09-10 04:39:37 - [MESSAGE][PASSED] - Taking screenshot successfully
[[ATTACHMENT|D:\\Test\\AgileTest\\Reports\\mobileWeb\\dental\\20190910_043530\\../Screenshots/iPhone X/dental/USA Access/20190910_043918/4.png]]

2019-09-10 04:39:37 - [TEST_STEP][PASSED] - (internal.GlobalVariable.i++): null

2019-09-10 04:39:37 - [MESSAGE][PASSED] - Call Test Case 'Test Cases/mobileWeb/_include/get_screenshot' successfully

2019-09-10 04:39:37 - [TEST_STEP][PASSED] - click(findTestObject("mobileSanity/Dental/filter/btn_filter")): Object: 'Object Repository/mobileSanity/Dental/filter/btn_filter' is clicked on

2019-09-10 04:39:37 - [MESSAGE][PASSED] - Object: 'Object Repository/mobileSanity/Dental/filter/btn_filter' is clicked on

2019-09-10 04:39:37 - [TEST_STEP][PASSED] - click(findTestObject("mobileSanity/Dental/quote/a_Select This Plan")): Object: 'Object Repository/mobileSanity/Dental/quote/a_Select This Plan' is clicked on

2019-09-10 04:39:38 - [MESSAGE][PASSED] - Object: 'Object Repository/mobileSanity/Dental/quote/a_Select This Plan' is clicked on

2019-09-10 04:39:38 - [TEST_STEP][PASSED] - waitForPageLoad(10): Wait for page load successfully

2019-09-10 04:39:38 - [MESSAGE][PASSED] - Wait for page load successfully

2019-09-10 04:39:38 - [TEST_STEP][PASSED] - callTestCase(findTestCase("mobileWeb/_include/get_screenshot"), [:], STOP_ON_FAILURE): Call Test Case 'Test Cases/mobileWeb/_include/get_screenshot' successfully

2019-09-10 04:39:38 - [TEST_CASE][PASSED] - Test Cases/mobileWeb/_include/get_screenshot: Test Cases/mobileWeb/_include/get_screenshot

2019-09-10 04:39:38 - [TEST_STEP][PASSED] - takeScreenshot(screenPath + i + ".png"): Taking screenshot successfully

2019-09-10 04:39:39 - [MESSAGE][PASSED] - Taking screenshot successfully
[[ATTACHMENT|D:\\Test\\AgileTest\\Reports\\mobileWeb\\dental\\20190910_043530\\../Screenshots/iPhone X/dental/USA Access/20190910_043918/5.png]]

2019-09-10 04:39:39 - [TEST_STEP][PASSED] - (internal.GlobalVariable.i++): null

2019-09-10 04:39:39 - [MESSAGE][PASSED] - Call Test Case 'Test Cases/mobileWeb/_include/get_screenshot' successfully

2019-09-10 04:39:39 - [TEST_STEP][PASSED] - click(findTestObject("mobileSanity/Dental/apply/span_Start Secure Application")): Object: 'Object Repository/mobileSanity/Dental/apply/span_Start Secure Application' is clicked on

2019-09-10 04:39:39 - [MESSAGE][PASSED] - Object: 'Object Repository/mobileSanity/Dental/apply/span_Start Secure Application' is clicked on

2019-09-10 04:39:39 - [TEST_STEP][PASSED] - waitForPageLoad(10): Wait for page load successfully

2019-09-10 04:39:39 - [MESSAGE][PASSED] - Wait for page load successfully

2019-09-10 04:39:39 - [TEST_STEP][PASSED] - callTestCase(findTestCase("mobileWeb/_include/get_screenshot"), [:], STOP_ON_FAILURE): Call Test Case 'Test Cases/mobileWeb/_include/get_screenshot' successfully

2019-09-10 04:39:40 - [TEST_CASE][PASSED] - Test Cases/mobileWeb/_include/get_screenshot: Test Cases/mobileWeb/_include/get_screenshot

2019-09-10 04:39:40 - [TEST_STEP][PASSED] - takeScreenshot(screenPath + i + ".png"): Taking screenshot successfully

2019-09-10 04:39:40 - [MESSAGE][PASSED] - Taking screenshot successfully
[[ATTACHMENT|D:\\Test\\AgileTest\\Reports\\mobileWeb\\dental\\20190910_043530\\../Screenshots/iPhone X/dental/USA Access/20190910_043918/6.png]]

2019-09-10 04:39:40 - [TEST_STEP][PASSED] - (internal.GlobalVariable.i++): null

2019-09-10 04:39:40 - [MESSAGE][PASSED] - Call Test Case 'Test Cases/mobileWeb/_include/get_screenshot' successfully

2019-09-10 04:39:40 - [TEST_STEP][PASSED] - callTestCase(findTestCase("mobileWeb/_include/goToEnd_dental"), ["carrier":"usa"], STOP_ON_FAILURE): Call Test Case 'Test Cases/mobileWeb/_include/goToEnd_dental' successfully

2019-09-10 04:39:40 - [TEST_CASE][PASSED] - Test Cases/mobileWeb/_include/goToEnd_dental: Test Cases/mobileWeb/_include/goToEnd_dental

2019-09-10 04:39:40 - [TEST_STEP][PASSED] - callTestCase(findTestCase("mobileWeb/_include/name"), [:], CONTINUE_ON_FAILURE): Call Test Case 'Test Cases/mobileWeb/_include/name' successfully

2019-09-10 04:39:40 - [TEST_CASE][PASSED] - Test Cases/mobileWeb/_include/name: Test Cases/mobileWeb/_include/name

2019-09-10 04:39:40 - [TEST_STEP][PASSED] - driver = getWebDriver(): null

2019-09-10 04:39:40 - [TEST_STEP][PASSED] - selenium = new com.thoughtworks.selenium.webdriven.WebDriverBackedSelenium(driver, internal.GlobalVariable.ENV): null

2019-09-10 04:39:40 - [TEST_STEP][PASSED] - FirstName = "Test-123": null

2019-09-10 04:39:40 - [TEST_STEP][PASSED] - LastName = selenium.getEval("{var x="ABCDEFGHIJKLMNOPQRSTUVWXYZabcdefghijklmnopqrstuvwxyz"; var tmp="ZZ11-"; for (i=0;i<8;i++) tmp+=x.charAt(Math.ceil(51*Math.random()));tmp;}"): null

2019-09-10 04:39:40 - [TEST_STEP][PASSED] - Address = selenium.getEval("{var x="ABCDEFGHIJKLMNOPQRSTUVWXYZabcdefghijklmnopqrstuvwxyz"; var tmp=""; for (i=0;i<8;i++) tmp+=x.charAt(Math.ceil(51*Math.random()));tmp;}"): null

2019-09-10 04:39:40 - [TEST_STEP][PASSED] - City = selenium.getEval("{var x="ABCDEFGHIJKLMNOPQRSTUVWXYZabcdefghijklmnopqrstuvwxyz"; var tmp=""; for (i=0;i<8;i++) tmp+=x.charAt(Math.ceil(51*Math.random()));tmp;}"): null

2019-09-10 04:39:40 - [TEST_STEP][PASSED] - tel1 = selenium.getEval("{var x="123456789"; var tmp=""; for (i=0;i<3;i++) tmp+=x.charAt(Math.ceil(8*Math.random()));tmp;}"): null

2019-09-10 04:39:40 - [TEST_STEP][PASSED] - tel2 = selenium.getEval("{var x="123456789"; var tmp=""; for (i=0;i<3;i++) tmp+=x.charAt(Math.ceil(8*Math.random()));tmp;}"): null

2019-09-10 04:39:40 - [TEST_STEP][PASSED] - tel3 = selenium.getEval("{var x="123456789"; var tmp=""; for (i=0;i<4;i++) tmp+=x.charAt(Math.ceil(8*Math.random()));tmp;}"): null

2019-09-10 04:39:40 - [TEST_STEP][PASSED] - Tel = selenium.getExpression(tel1 + "-" + tel2 + "-" + tel3): null

2019-09-10 04:39:40 - [TEST_STEP][PASSED] - AutoEmail = selenium.getEval("{var x="ABCDEFGHIJKLMNOPQRSTUVWXYZabcdefghijklmnopqrstuvwxyz"; var tmp="test."; for (i=0;i<8;i++) tmp+=x.charAt(Math.ceil(51*Math.random()));tmp+="@suryani.cn";}"): null

2019-09-10 04:39:41 - [TEST_STEP][PASSED] - FirstName = FirstName: null

2019-09-10 04:39:41 - [TEST_STEP][PASSED] - LastName = LastName: null

2019-09-10 04:39:41 - [TEST_STEP][PASSED] - Address = Address: null

2019-09-10 04:39:41 - [TEST_STEP][PASSED] - City = City: null

2019-09-10 04:39:41 - [TEST_STEP][PASSED] - Tel = Tel: null

2019-09-10 04:39:41 - [TEST_STEP][PASSED] - AutoEmail = AutoEmail: null

2019-09-10 04:39:41 - [TEST_STEP][PASSED] - println(FirstName): null

2019-09-10 04:39:41 - [TEST_STEP][PASSED] - println(LastName): null

2019-09-10 04:39:41 - [TEST_STEP][PASSED] - println(Address): null

2019-09-10 04:39:41 - [TEST_STEP][PASSED] - println(City): null

2019-09-10 04:39:41 - [TEST_STEP][PASSED] - println(Tel): null

2019-09-10 04:39:41 - [TEST_STEP][PASSED] - println(AutoEmail): null

2019-09-10 04:39:41 - [MESSAGE][PASSED] - Call Test Case 'Test Cases/mobileWeb/_include/name' successfully

2019-09-10 04:39:41 - [TEST_STEP][PASSED] - Thread.sleep(3000): null

2019-09-10 04:39:44 - [TEST_STEP][PASSED] - setText(findTestObject("mobileSanity/Dental/app_page1/input__member-P-1-firstName"), FirstName): Text 'Test-123' is set on object 'Object Repository/mobileSanity/Dental/app_page1/input__member-P-1-firstName'

2019-09-10 04:39:44 - [MESSAGE][PASSED] - Text 'Test-123' is set on object 'Object Repository/mobileSanity/Dental/app_page1/input__member-P-1-firstName'

2019-09-10 04:39:44 - [TEST_STEP][PASSED] - setText(findTestObject("mobileSanity/Dental/app_page1/input__member-P-1-lastName"), LastName): Text 'ZZ11-WRqrUrmv' is set on object 'Object Repository/mobileSanity/Dental/app_page1/input__member-P-1-lastName'

2019-09-10 04:39:44 - [MESSAGE][PASSED] - Text 'ZZ11-WRqrUrmv' is set on object 'Object Repository/mobileSanity/Dental/app_page1/input__member-P-1-lastName'

2019-09-10 04:39:44 - [TEST_STEP][PASSED] - setText(findTestObject("mobileSanity/Dental/app_page1/input__address"), Address): Text 'VgJYlXNW' is set on object 'Object Repository/mobileSanity/Dental/app_page1/input__address'

2019-09-10 04:39:44 - [MESSAGE][PASSED] - Text 'VgJYlXNW' is set on object 'Object Repository/mobileSanity/Dental/app_page1/input__address'

2019-09-10 04:39:44 - [TEST_STEP][PASSED] - setText(findTestObject("mobileSanity/Dental/app_page1/input__city"), City): Text 'FkRBBsQR' is set on object 'Object Repository/mobileSanity/Dental/app_page1/input__city'

2019-09-10 04:39:44 - [MESSAGE][PASSED] - Text 'FkRBBsQR' is set on object 'Object Repository/mobileSanity/Dental/app_page1/input__city'

2019-09-10 04:39:44 - [TEST_STEP][PASSED] - setText(findTestObject("mobileSanity/Dental/app_page1/input__email"), AutoEmail): Text 'test.PaOCitxG@suryani.cn' is set on object 'Object Repository/mobileSanity/Dental/app_page1/input__email'

2019-09-10 04:39:44 - [MESSAGE][PASSED] - Text 'test.PaOCitxG@suryani.cn' is set on object 'Object Repository/mobileSanity/Dental/app_page1/input__email'

2019-09-10 04:39:44 - [TEST_STEP][PASSED] - setText(findTestObject("mobileSanity/Dental/app_page1/input_phone"), Tel): Text '783-398-4768' is set on object 'Object Repository/mobileSanity/Dental/app_page1/input_phone'

2019-09-10 04:39:45 - [MESSAGE][PASSED] - Text '783-398-4768' is set on object 'Object Repository/mobileSanity/Dental/app_page1/input_phone'

2019-09-10 04:39:45 - [TEST_STEP][PASSED] - click(findTestObject("mobileSanity/Dental/app_page1/a_Continue to Step 2 - Payment")): Object: 'Object Repository/mobileSanity/Dental/app_page1/a_Continue to Step 2 - Payment' is clicked on

2019-09-10 04:39:45 - [MESSAGE][PASSED] - Object: 'Object Repository/mobileSanity/Dental/app_page1/a_Continue to Step 2 - Payment' is clicked on

2019-09-10 04:39:45 - [TEST_STEP][PASSED] - waitForPageLoad(10): Wait for page load successfully

2019-09-10 04:39:45 - [MESSAGE][PASSED] - Wait for page load successfully

2019-09-10 04:39:45 - [TEST_STEP][PASSED] - Thread.sleep(2000): null

2019-09-10 04:39:47 - [TEST_STEP][PASSED] - if (carrier == "usa"): null

2019-09-10 04:39:47 - [TEST_STEP][PASSED] - callTestCase(findTestCase("mobileWeb/_include/get_screenshot"), [:], STOP_ON_FAILURE): Call Test Case 'Test Cases/mobileWeb/_include/get_screenshot' successfully

2019-09-10 04:39:47 - [TEST_CASE][PASSED] - Test Cases/mobileWeb/_include/get_screenshot: Test Cases/mobileWeb/_include/get_screenshot

2019-09-10 04:39:47 - [TEST_STEP][PASSED] - takeScreenshot(screenPath + i + ".png"): Taking screenshot successfully

2019-09-10 04:39:47 - [MESSAGE][PASSED] - Taking screenshot successfully
[[ATTACHMENT|D:\\Test\\AgileTest\\Reports\\mobileWeb\\dental\\20190910_043530\\../Screenshots/iPhone X/dental/USA Access/20190910_043918/7.png]]

2019-09-10 04:39:47 - [TEST_STEP][PASSED] - (internal.GlobalVariable.i++): null

2019-09-10 04:39:47 - [MESSAGE][PASSED] - Call Test Case 'Test Cases/mobileWeb/_include/get_screenshot' successfully

2019-09-10 04:39:47 - [TEST_STEP][PASSED] - click(findTestObject("mobileSanity/Dental/app_page2/membership/label_ihaveread")): Object: 'Object Repository/mobileSanity/Dental/app_page2/membership/label_ihaveread' is clicked on

2019-09-10 04:39:47 - [MESSAGE][PASSED] - Object: 'Object Repository/mobileSanity/Dental/app_page2/membership/label_ihaveread' is clicked on

2019-09-10 04:39:47 - [TEST_STEP][PASSED] - click(findTestObject("mobileSanity/Dental/app_page2/membership/a_ok")): Object: 'Object Repository/mobileSanity/Dental/app_page2/membership/a_ok' is clicked on

2019-09-10 04:39:47 - [MESSAGE][PASSED] - Object: 'Object Repository/mobileSanity/Dental/app_page2/membership/a_ok' is clicked on

2019-09-10 04:39:47 - [TEST_STEP][PASSED] - Thread.sleep(3000): null

2019-09-10 04:39:50 - [TEST_STEP][PASSED] - callTestCase(findTestCase("mobileWeb/_include/get_screenshot"), [:], STOP_ON_FAILURE): Call Test Case 'Test Cases/mobileWeb/_include/get_screenshot' successfully

2019-09-10 04:39:51 - [TEST_CASE][PASSED] - Test Cases/mobileWeb/_include/get_screenshot: Test Cases/mobileWeb/_include/get_screenshot

2019-09-10 04:39:51 - [TEST_STEP][PASSED] - takeScreenshot(screenPath + i + ".png"): Taking screenshot successfully

2019-09-10 04:39:51 - [MESSAGE][PASSED] - Taking screenshot successfully
[[ATTACHMENT|D:\\Test\\AgileTest\\Reports\\mobileWeb\\dental\\20190910_043530\\../Screenshots/iPhone X/dental/USA Access/20190910_043918/8.png]]

2019-09-10 04:39:51 - [TEST_STEP][PASSED] - (internal.GlobalVariable.i++): null

2019-09-10 04:39:51 - [MESSAGE][PASSED] - Call Test Case 'Test Cases/mobileWeb/_include/get_screenshot' successfully

2019-09-10 04:39:51 - [TEST_STEP][PASSED] - setText(findTestObject("mobileSanity/Dental/app_page2/input__credit-card-first"), FirstName): Text 'Test-123' is set on object 'Object Repository/mobileSanity/Dental/app_page2/input__credit-card-first'

2019-09-10 04:39:51 - [MESSAGE][PASSED] - Text 'Test-123' is set on object 'Object Repository/mobileSanity/Dental/app_page2/input__credit-card-first'

2019-09-10 04:39:51 - [TEST_STEP][PASSED] - setText(findTestObject("mobileSanity/Dental/app_page2/input__credit-card-last"), LastName): Text 'ZZ11-WRqrUrmv' is set on object 'Object Repository/mobileSanity/Dental/app_page2/input__credit-card-last'

2019-09-10 04:39:51 - [MESSAGE][PASSED] - Text 'ZZ11-WRqrUrmv' is set on object 'Object Repository/mobileSanity/Dental/app_page2/input__credit-card-last'

2019-09-10 04:39:51 - [TEST_STEP][PASSED] - selectOptionByValue(findTestObject("mobileSanity/Dental/app_page2/select_MM010203040506070809101"), "12", true): All options with value '12' are selected in object 'Object Repository/mobileSanity/Dental/app_page2/select_MM010203040506070809101'  using regular expression

2019-09-10 04:39:52 - [MESSAGE][PASSED] - All options with value '12' are selected in object 'Object Repository/mobileSanity/Dental/app_page2/select_MM010203040506070809101'  using regular expression

2019-09-10 04:39:52 - [TEST_STEP][PASSED] - selectOptionByValue(findTestObject("mobileSanity/Dental/app_page2/select_YYYY2019202020212022202"), "2026", true): All options with value '2026' are selected in object 'Object Repository/mobileSanity/Dental/app_page2/select_YYYY2019202020212022202'  using regular expression

2019-09-10 04:39:52 - [MESSAGE][PASSED] - All options with value '2026' are selected in object 'Object Repository/mobileSanity/Dental/app_page2/select_YYYY2019202020212022202'  using regular expression

2019-09-10 04:39:52 - [TEST_STEP][PASSED] - setText(findTestObject("mobileSanity/Dental/app_page2/input__credit-card-number"), "4111111111111111"): Text '4111111111111111' is set on object 'Object Repository/mobileSanity/Dental/app_page2/input__credit-card-number'

2019-09-10 04:39:52 - [MESSAGE][PASSED] - Text '4111111111111111' is set on object 'Object Repository/mobileSanity/Dental/app_page2/input__credit-card-number'

2019-09-10 04:39:52 - [TEST_STEP][PASSED] - setText(findTestObject("mobileSanity/Dental/app_page2/input__cvv"), "123"): Text '123' is set on object 'Object Repository/mobileSanity/Dental/app_page2/input__cvv'

2019-09-10 04:39:52 - [MESSAGE][PASSED] - Text '123' is set on object 'Object Repository/mobileSanity/Dental/app_page2/input__cvv'

2019-09-10 04:39:52 - [TEST_STEP][PASSED] - click(findTestObject("mobileSanity/Dental/app_page2/label_My billing address is th")): Object: 'Object Repository/mobileSanity/Dental/app_page2/label_My billing address is th' is clicked on

2019-09-10 04:39:52 - [MESSAGE][PASSED] - Object: 'Object Repository/mobileSanity/Dental/app_page2/label_My billing address is th' is clicked on

2019-09-10 04:39:52 - [TEST_STEP][PASSED] - click(findTestObject("mobileSanity/Dental/app_page2/label_I Accept Authorization f")): Object: 'Object Repository/mobileSanity/Dental/app_page2/label_I Accept Authorization f' is clicked on

2019-09-10 04:39:52 - [MESSAGE][PASSED] - Object: 'Object Repository/mobileSanity/Dental/app_page2/label_I Accept Authorization f' is clicked on

2019-09-10 04:39:52 - [TEST_STEP][PASSED] - click(findTestObject("mobileSanity/Dental/app_page2/a_Continue to Step 3 - Review")): Object: 'Object Repository/mobileSanity/Dental/app_page2/a_Continue to Step 3 - Review' is clicked on

2019-09-10 04:39:52 - [MESSAGE][PASSED] - Object: 'Object Repository/mobileSanity/Dental/app_page2/a_Continue to Step 3 - Review' is clicked on

2019-09-10 04:39:52 - [TEST_STEP][PASSED] - waitForPageLoad(20): Wait for page load successfully

2019-09-10 04:39:53 - [MESSAGE][PASSED] - Wait for page load successfully

2019-09-10 04:39:53 - [TEST_STEP][PASSED] - Thread.sleep(2000): null

2019-09-10 04:39:55 - [TEST_STEP][PASSED] - waitForElementClickable(findTestObject("mobileSanity/Dental/app_page3/label"), 20): Object 'Object Repository/mobileSanity/Dental/app_page3/label' is clickable

2019-09-10 04:40:03 - [MESSAGE][PASSED] - Object 'Object Repository/mobileSanity/Dental/app_page3/label' is clickable

2019-09-10 04:40:03 - [TEST_STEP][PASSED] - callTestCase(findTestCase("mobileWeb/_include/get_screenshot"), [:], STOP_ON_FAILURE): Call Test Case 'Test Cases/mobileWeb/_include/get_screenshot' successfully

2019-09-10 04:40:03 - [TEST_CASE][PASSED] - Test Cases/mobileWeb/_include/get_screenshot: Test Cases/mobileWeb/_include/get_screenshot

2019-09-10 04:40:03 - [TEST_STEP][PASSED] - takeScreenshot(screenPath + i + ".png"): Taking screenshot successfully

2019-09-10 04:40:03 - [MESSAGE][PASSED] - Taking screenshot successfully
[[ATTACHMENT|D:\\Test\\AgileTest\\Reports\\mobileWeb\\dental\\20190910_043530\\../Screenshots/iPhone X/dental/USA Access/20190910_043918/9.png]]

2019-09-10 04:40:03 - [TEST_STEP][PASSED] - (internal.GlobalVariable.i++): null

2019-09-10 04:40:03 - [MESSAGE][PASSED] - Call Test Case 'Test Cases/mobileWeb/_include/get_screenshot' successfully

2019-09-10 04:40:03 - [TEST_STEP][PASSED] - click(findTestObject("mobileSanity/Dental/app_page3/label")): Object: 'Object Repository/mobileSanity/Dental/app_page3/label' is clicked on

2019-09-10 04:40:03 - [MESSAGE][PASSED] - Object: 'Object Repository/mobileSanity/Dental/app_page3/label' is clicked on

2019-09-10 04:40:03 - [TEST_STEP][PASSED] - click(findTestObject("mobileSanity/Dental/app_page3/p_CLICK TO SIGN")): Object: 'Object Repository/mobileSanity/Dental/app_page3/p_CLICK TO SIGN' is clicked on

2019-09-10 04:40:04 - [MESSAGE][PASSED] - Object: 'Object Repository/mobileSanity/Dental/app_page3/p_CLICK TO SIGN' is clicked on

2019-09-10 04:40:04 - [TEST_STEP][PASSED] - click(findTestObject("mobileSanity/Dental/app_page3/a_Submit Your Application")): Object: 'Object Repository/mobileSanity/Dental/app_page3/a_Submit Your Application' is clicked on

2019-09-10 04:40:04 - [MESSAGE][PASSED] - Object: 'Object Repository/mobileSanity/Dental/app_page3/a_Submit Your Application' is clicked on

2019-09-10 04:40:04 - [TEST_STEP][PASSED] - Thread.sleep(50000): null

2019-09-10 04:40:54 - [TEST_STEP][PASSED] - waitForElementPresent(findTestObject("mobileSanity/Dental/app_page4/js-app-confirmation"), 20): Object 'Object Repository/mobileSanity/Dental/app_page4/js-app-confirmation' is present

2019-09-10 04:40:54 - [MESSAGE][PASSED] - Object 'Object Repository/mobileSanity/Dental/app_page4/js-app-confirmation' is present

2019-09-10 04:40:54 - [TEST_STEP][PASSED] - callTestCase(findTestCase("mobileWeb/_include/get_screenshot"), [:], STOP_ON_FAILURE): Call Test Case 'Test Cases/mobileWeb/_include/get_screenshot' successfully

2019-09-10 04:40:54 - [TEST_CASE][PASSED] - Test Cases/mobileWeb/_include/get_screenshot: Test Cases/mobileWeb/_include/get_screenshot

2019-09-10 04:40:54 - [TEST_STEP][PASSED] - takeScreenshot(screenPath + i + ".png"): Taking screenshot successfully

2019-09-10 04:40:54 - [MESSAGE][PASSED] - Taking screenshot successfully
[[ATTACHMENT|D:\\Test\\AgileTest\\Reports\\mobileWeb\\dental\\20190910_043530\\../Screenshots/iPhone X/dental/USA Access/20190910_043918/10.png]]

2019-09-10 04:40:54 - [TEST_STEP][PASSED] - (internal.GlobalVariable.i++): null

2019-09-10 04:40:54 - [MESSAGE][PASSED] - Call Test Case 'Test Cases/mobileWeb/_include/get_screenshot' successfully

2019-09-10 04:40:54 - [MESSAGE][PASSED] - Call Test Case 'Test Cases/mobileWeb/_include/goToEnd_dental' successfully]]></system-out>
         <system-err><![CDATA[]]></system-err>
      </testcase>
      <system-out><![CDATA[2019-09-10 04:35:32 - [TEST_SUITE][PASSED] - dental: Test Cases/mobileWeb/Dental/USA Access]]></system-out>
      <system-err><![CDATA[]]></system-err>
   </testsuite>
</testsuites>
