<?xml version="1.0" encoding="UTF-8"?>
<testsuites name="mobileSanity" time="453" tests="1" failures="0" errors="0">
   <testsuite name="mobileSanity" tests="1" failures="0" errors="0" time="453" timestamp="2019-01-11 17:10:22" hostname="denisyu - 172.16.86.34" id="Test Suites/mobileWeb/mobileSanity">
      <properties>
         <property name="deviceName" value="iPhone X"/>
         <property name="devicePlatform" value=""/>
         <property name="logFolder" value="/Users/denisyu/workplace/test/AgileTest/Reports/mobileWeb/mobileSanity/20190111_171017"/>
         <property name="logFiles" value="/Users/denisyu/workplace/test/AgileTest/Reports/mobileWeb/mobileSanity/20190111_171017/execution0.log, /Users/denisyu/workplace/test/AgileTest/Reports/mobileWeb/mobileSanity/20190111_171017/appium.log, /Users/denisyu/workplace/test/AgileTest/Reports/mobileWeb/mobileSanity/20190111_171017/appium-proxy-server.log"/>
         <property name="attachments" value=""/>
         <property name="hostName" value="denisyu - 172.16.86.34"/>
         <property name="os" value="Mac OS X 64bit"/>
         <property name="katalonVersion" value="5.10.0.1"/>
         <property name="deviceOS" value="iOS"/>
         <property name="appiumVersion" value="1.8.1"/>
         <property name="sessionId" value="c65015ab-b603-4e76-b40c-a8193947451b"/>
         <property name="deviceId" value="null"/>
         <property name="deviceName" value="iPhone X"/>
         <property name="proxyInformation" value="ProxyInformation{proxyOption=USE_SYSTEM, proxyServerType=HTTP, password=, proxyServerAddress=, proxyServerPort=0}"/>
         <property name="deviceOSVersion" value="12.1"/>
         <property name="platform" value="Mac OS X"/>
         <property name="browser" value="Safari 12"/>
         <property name="deviceModel" value="Not available for Simulator"/>
         <property name="hostAddress" value="172.16.86.34"/>
         <property name="deviceManufacturer" value="Apple"/>
         <property name="seleniumVersion" value="3.7.1"/>
      </properties>
      <testcase name="Test Cases/mobileWeb/stm/Slaico" classname="Test Cases/mobileWeb/stm/Slaico" status="PASSED">
         <system-out><![CDATA[2019-01-11 17:10:23 - [TEST_CASE][PASSED] - Test Cases/mobileWeb/stm/Slaico: Test Cases/mobileWeb/stm/Slaico

2019-01-11 17:10:24 - [TEST_STEP][PASSED] - openBrowser(""): Browser is opened with url: ''

2019-01-11 17:10:25 - [MESSAGE][INFO] - Starting 'iOS' driver

2019-01-11 17:10:25 - [MESSAGE][INFO] - User set preference: ['deviceId', '']

2019-01-11 17:10:26 - [MESSAGE][INFO] - ios_webkit_debug_proxy server started on port 56264

2019-01-11 17:10:31 - [MESSAGE][INFO] - Appium server started on port 56,266

2019-01-11 17:14:47 - [MESSAGE][PASSED] - Browser is opened with url: ''

2019-01-11 17:14:47 - [TEST_STEP][PASSED] - navigateToUrl("https://praetemptatus.agilehealthinsurance.com/"): Navigate to 'https://praetemptatus.agilehealthinsurance.com/' successfully

2019-01-11 17:14:59 - [MESSAGE][PASSED] - Navigate to 'https://praetemptatus.agilehealthinsurance.com/' successfully

2019-01-11 17:14:59 - [TEST_STEP][PASSED] - click(findTestObject("Object Repository/mobileSanity/STM/Page_Find Health Insurance for 2018/a_Quote  Save Today")): Object: 'Object Repository/mobileSanity/STM/Page_Find Health Insurance for 2018/a_Quote  Save Today' is clicked on

2019-01-11 17:15:24 - [MESSAGE][PASSED] - Object: 'Object Repository/mobileSanity/STM/Page_Find Health Insurance for 2018/a_Quote  Save Today' is clicked on

2019-01-11 17:15:24 - [TEST_STEP][PASSED] - setText(findTestObject("Object Repository/mobileSanity/STM/Page_2018 Health Insurance Get a Sh/input_Location_zip-input"), "60602"): Text '60602' is set on object 'Object Repository/mobileSanity/STM/Page_2018 Health Insurance Get a Sh/input_Location_zip-input'

2019-01-11 17:15:33 - [MESSAGE][PASSED] - Text '60602' is set on object 'Object Repository/mobileSanity/STM/Page_2018 Health Insurance Get a Sh/input_Location_zip-input'

2019-01-11 17:15:33 - [TEST_STEP][PASSED] - setText(findTestObject("Object Repository/mobileSanity/STM/Page_2018 Health Insurance Get a Sh/input_Date of Birth_dob-0"), "03/03/1987"): Text '03/03/1987' is set on object 'Object Repository/mobileSanity/STM/Page_2018 Health Insurance Get a Sh/input_Date of Birth_dob-0'

2019-01-11 17:15:43 - [MESSAGE][PASSED] - Text '03/03/1987' is set on object 'Object Repository/mobileSanity/STM/Page_2018 Health Insurance Get a Sh/input_Date of Birth_dob-0'

2019-01-11 17:15:43 - [TEST_STEP][PASSED] - click(findTestObject("Object Repository/mobileSanity/STM/Page_2018 Health Insurance Get a Sh/label_Male")): Object: 'Object Repository/mobileSanity/STM/Page_2018 Health Insurance Get a Sh/label_Male' is clicked on

2019-01-11 17:15:45 - [MESSAGE][PASSED] - Object: 'Object Repository/mobileSanity/STM/Page_2018 Health Insurance Get a Sh/label_Male' is clicked on

2019-01-11 17:15:45 - [TEST_STEP][PASSED] - click(findTestObject("Object Repository/mobileSanity/STM/Page_2018 Health Insurance Get a Sh/label_Compare Plans")): Object: 'Object Repository/mobileSanity/STM/Page_2018 Health Insurance Get a Sh/label_Compare Plans' is clicked on

2019-01-11 17:15:47 - [MESSAGE][PASSED] - Object: 'Object Repository/mobileSanity/STM/Page_2018 Health Insurance Get a Sh/label_Compare Plans' is clicked on

2019-01-11 17:15:47 - [TEST_STEP][PASSED] - Thread.sleep(4000): null

2019-01-11 17:15:51 - [TEST_STEP][PASSED] - scrollToElement(findTestObject("mobileSanity/STM/Page_Short Term Health Insurance Qu/a_Standard Life Select STM Pla"), 1000): Scroll to object 'Object Repository/mobileSanity/STM/Page_Short Term Health Insurance Qu/a_Standard Life Select STM Pla' successfully

2019-01-11 17:15:54 - [MESSAGE][PASSED] - Scroll to object 'Object Repository/mobileSanity/STM/Page_Short Term Health Insurance Qu/a_Standard Life Select STM Pla' successfully

2019-01-11 17:15:54 - [TEST_STEP][PASSED] - click(findTestObject("Object Repository/mobileSanity/STM/Page_Short Term Health Insurance Qu/a_Standard Life Select STM Pla")): Object: 'Object Repository/mobileSanity/STM/Page_Short Term Health Insurance Qu/a_Standard Life Select STM Pla' is clicked on

2019-01-11 17:16:02 - [MESSAGE][PASSED] - Object: 'Object Repository/mobileSanity/STM/Page_Short Term Health Insurance Qu/a_Standard Life Select STM Pla' is clicked on

2019-01-11 17:16:02 - [TEST_STEP][PASSED] - Thread.sleep(2000): null

2019-01-11 17:16:04 - [TEST_STEP][PASSED] - waitForElementVisible(findTestObject("Object Repository/mobileSanity/STM/Page_Standard Life Select STM Plan/a_Apply for This Plan"), 0): Object 'Object Repository/mobileSanity/STM/Page_Standard Life Select STM Plan/a_Apply for This Plan' is visible

2019-01-11 17:16:04 - [MESSAGE][WARNING] - Timeout '0' is invalid. Using default page load timeout: '60'

2019-01-11 17:16:05 - [MESSAGE][PASSED] - Object 'Object Repository/mobileSanity/STM/Page_Standard Life Select STM Plan/a_Apply for This Plan' is visible

2019-01-11 17:16:05 - [TEST_STEP][PASSED] - click(findTestObject("Object Repository/mobileSanity/STM/Page_Standard Life Select STM Plan/a_Apply for This Plan")): Object: 'Object Repository/mobileSanity/STM/Page_Standard Life Select STM Plan/a_Apply for This Plan' is clicked on

2019-01-11 17:16:06 - [MESSAGE][PASSED] - Object: 'Object Repository/mobileSanity/STM/Page_Standard Life Select STM Plan/a_Apply for This Plan' is clicked on

2019-01-11 17:16:06 - [TEST_STEP][PASSED] - waitForElementVisible(findTestObject("Object Repository/mobileSanity/STM/Page_Standard Life Select STM Plan/a_Start Secure Application"), 0): Object 'Object Repository/mobileSanity/STM/Page_Standard Life Select STM Plan/a_Start Secure Application' is visible

2019-01-11 17:16:06 - [MESSAGE][WARNING] - Timeout '0' is invalid. Using default page load timeout: '60'

2019-01-11 17:16:07 - [MESSAGE][PASSED] - Object 'Object Repository/mobileSanity/STM/Page_Standard Life Select STM Plan/a_Start Secure Application' is visible

2019-01-11 17:16:07 - [TEST_STEP][PASSED] - click(findTestObject("Object Repository/mobileSanity/STM/Page_Standard Life Select STM Plan/a_Start Secure Application")): Object: 'Object Repository/mobileSanity/STM/Page_Standard Life Select STM Plan/a_Start Secure Application' is clicked on

2019-01-11 17:16:08 - [MESSAGE][PASSED] - Object: 'Object Repository/mobileSanity/STM/Page_Standard Life Select STM Plan/a_Start Secure Application' is clicked on

2019-01-11 17:16:08 - [TEST_STEP][PASSED] - waitForPageLoad(0): Wait for page load successfully

2019-01-11 17:16:08 - [MESSAGE][WARNING] - Timeout '0' is invalid. Using default page load timeout: '60'

2019-01-11 17:16:11 - [MESSAGE][PASSED] - Wait for page load successfully

2019-01-11 17:16:11 - [TEST_STEP][PASSED] - Thread.sleep(1000): null

2019-01-11 17:16:12 - [TEST_STEP][PASSED] - click(findTestObject("Object Repository/mobileSanity/STM/Page_App Page 1 - Standard Life Sel/button_No")): Object: 'Object Repository/mobileSanity/STM/Page_App Page 1 - Standard Life Sel/button_No' is clicked on

2019-01-11 17:16:15 - [MESSAGE][PASSED] - Object: 'Object Repository/mobileSanity/STM/Page_App Page 1 - Standard Life Sel/button_No' is clicked on

2019-01-11 17:16:15 - [TEST_STEP][PASSED] - waitForElementVisible(findTestObject("Object Repository/mobileSanity/STM/Page_App Page 1 - Standard Life Sel/button_No2"), 0): Object 'Object Repository/mobileSanity/STM/Page_App Page 1 - Standard Life Sel/button_No2' is visible

2019-01-11 17:16:15 - [MESSAGE][WARNING] - Timeout '0' is invalid. Using default page load timeout: '60'

2019-01-11 17:16:17 - [MESSAGE][PASSED] - Object 'Object Repository/mobileSanity/STM/Page_App Page 1 - Standard Life Sel/button_No2' is visible

2019-01-11 17:16:17 - [TEST_STEP][PASSED] - click(findTestObject("Object Repository/mobileSanity/STM/Page_App Page 1 - Standard Life Sel/button_No2")): Object: 'Object Repository/mobileSanity/STM/Page_App Page 1 - Standard Life Sel/button_No2' is clicked on

2019-01-11 17:16:18 - [MESSAGE][PASSED] - Object: 'Object Repository/mobileSanity/STM/Page_App Page 1 - Standard Life Sel/button_No2' is clicked on

2019-01-11 17:16:18 - [TEST_STEP][PASSED] - waitForElementVisible(findTestObject("Object Repository/mobileSanity/STM/Page_App Page 1 - Standard Life Sel/button_No3"), 0): Object 'Object Repository/mobileSanity/STM/Page_App Page 1 - Standard Life Sel/button_No3' is visible

2019-01-11 17:16:18 - [MESSAGE][WARNING] - Timeout '0' is invalid. Using default page load timeout: '60'

2019-01-11 17:16:24 - [MESSAGE][PASSED] - Object 'Object Repository/mobileSanity/STM/Page_App Page 1 - Standard Life Sel/button_No3' is visible

2019-01-11 17:16:24 - [TEST_STEP][PASSED] - click(findTestObject("Object Repository/mobileSanity/STM/Page_App Page 1 - Standard Life Sel/button_No3")): Object: 'Object Repository/mobileSanity/STM/Page_App Page 1 - Standard Life Sel/button_No3' is clicked on

2019-01-11 17:16:28 - [MESSAGE][PASSED] - Object: 'Object Repository/mobileSanity/STM/Page_App Page 1 - Standard Life Sel/button_No3' is clicked on

2019-01-11 17:16:28 - [TEST_STEP][PASSED] - waitForElementVisible(findTestObject("Object Repository/mobileSanity/STM/Page_App Page 1 - Standard Life Sel/button_No4"), 0): Object 'Object Repository/mobileSanity/STM/Page_App Page 1 - Standard Life Sel/button_No4' is visible

2019-01-11 17:16:28 - [MESSAGE][WARNING] - Timeout '0' is invalid. Using default page load timeout: '60'

2019-01-11 17:16:29 - [MESSAGE][PASSED] - Object 'Object Repository/mobileSanity/STM/Page_App Page 1 - Standard Life Sel/button_No4' is visible

2019-01-11 17:16:29 - [TEST_STEP][PASSED] - click(findTestObject("Object Repository/mobileSanity/STM/Page_App Page 1 - Standard Life Sel/button_No4")): Object: 'Object Repository/mobileSanity/STM/Page_App Page 1 - Standard Life Sel/button_No4' is clicked on

2019-01-11 17:16:31 - [MESSAGE][PASSED] - Object: 'Object Repository/mobileSanity/STM/Page_App Page 1 - Standard Life Sel/button_No4' is clicked on

2019-01-11 17:16:31 - [TEST_STEP][PASSED] - waitForElementVisible(findTestObject("Object Repository/mobileSanity/STM/Page_App Page 1 - Standard Life Sel/button_No5"), 0): Object 'Object Repository/mobileSanity/STM/Page_App Page 1 - Standard Life Sel/button_No5' is visible

2019-01-11 17:16:31 - [MESSAGE][WARNING] - Timeout '0' is invalid. Using default page load timeout: '60'

2019-01-11 17:16:32 - [MESSAGE][PASSED] - Object 'Object Repository/mobileSanity/STM/Page_App Page 1 - Standard Life Sel/button_No5' is visible

2019-01-11 17:16:32 - [TEST_STEP][PASSED] - click(findTestObject("Object Repository/mobileSanity/STM/Page_App Page 1 - Standard Life Sel/button_No5")): Object: 'Object Repository/mobileSanity/STM/Page_App Page 1 - Standard Life Sel/button_No5' is clicked on

2019-01-11 17:16:36 - [MESSAGE][PASSED] - Object: 'Object Repository/mobileSanity/STM/Page_App Page 1 - Standard Life Sel/button_No5' is clicked on

2019-01-11 17:16:36 - [TEST_STEP][PASSED] - waitForElementVisible(findTestObject("Object Repository/mobileSanity/STM/Page_App Page 1 - Standard Life Sel/button_No6"), 0): Object 'Object Repository/mobileSanity/STM/Page_App Page 1 - Standard Life Sel/button_No6' is visible

2019-01-11 17:16:36 - [MESSAGE][WARNING] - Timeout '0' is invalid. Using default page load timeout: '60'

2019-01-11 17:16:40 - [MESSAGE][PASSED] - Object 'Object Repository/mobileSanity/STM/Page_App Page 1 - Standard Life Sel/button_No6' is visible

2019-01-11 17:16:40 - [TEST_STEP][PASSED] - click(findTestObject("Object Repository/mobileSanity/STM/Page_App Page 1 - Standard Life Sel/button_No6")): Object: 'Object Repository/mobileSanity/STM/Page_App Page 1 - Standard Life Sel/button_No6' is clicked on

2019-01-11 17:16:44 - [MESSAGE][PASSED] - Object: 'Object Repository/mobileSanity/STM/Page_App Page 1 - Standard Life Sel/button_No6' is clicked on

2019-01-11 17:16:44 - [TEST_STEP][PASSED] - waitForElementVisible(findTestObject("Object Repository/mobileSanity/STM/Page_App Page 1 - Standard Life Sel/a_Continue"), 0): Object 'Object Repository/mobileSanity/STM/Page_App Page 1 - Standard Life Sel/a_Continue' is visible

2019-01-11 17:16:44 - [MESSAGE][WARNING] - Timeout '0' is invalid. Using default page load timeout: '60'

2019-01-11 17:16:48 - [MESSAGE][PASSED] - Object 'Object Repository/mobileSanity/STM/Page_App Page 1 - Standard Life Sel/a_Continue' is visible

2019-01-11 17:16:48 - [TEST_STEP][PASSED] - click(findTestObject("Object Repository/mobileSanity/STM/Page_App Page 1 - Standard Life Sel/a_Continue")): Object: 'Object Repository/mobileSanity/STM/Page_App Page 1 - Standard Life Sel/a_Continue' is clicked on

2019-01-11 17:16:50 - [MESSAGE][PASSED] - Object: 'Object Repository/mobileSanity/STM/Page_App Page 1 - Standard Life Sel/a_Continue' is clicked on

2019-01-11 17:16:50 - [TEST_STEP][PASSED] - click(findTestObject("Object Repository/mobileSanity/STM/Page_App Page 1 - Standard Life Sel/a_Autofill App Info")): Object: 'Object Repository/mobileSanity/STM/Page_App Page 1 - Standard Life Sel/a_Autofill App Info' is clicked on

2019-01-11 17:16:51 - [MESSAGE][PASSED] - Object: 'Object Repository/mobileSanity/STM/Page_App Page 1 - Standard Life Sel/a_Autofill App Info' is clicked on

2019-01-11 17:16:51 - [TEST_STEP][PASSED] - Thread.sleep(1000): null

2019-01-11 17:16:52 - [TEST_STEP][PASSED] - click(findTestObject("Object Repository/mobileSanity/STM/Page_App Page 2 - Standard Life Sel/a_Continue to Step 3 - Payment")): Object: 'Object Repository/mobileSanity/STM/Page_App Page 2 - Standard Life Sel/a_Continue to Step 3 - Payment' is clicked on

2019-01-11 17:16:55 - [MESSAGE][PASSED] - Object: 'Object Repository/mobileSanity/STM/Page_App Page 2 - Standard Life Sel/a_Continue to Step 3 - Payment' is clicked on

2019-01-11 17:16:55 - [TEST_STEP][PASSED] - Thread.sleep(2000): null

2019-01-11 17:16:57 - [TEST_STEP][PASSED] - setText(findTestObject("mobileSanity/STM/Page_App Page 3 - Standard Life Sel/input__credit-card-cvv"), "123"): Text '123' is set on object 'Object Repository/mobileSanity/STM/Page_App Page 3 - Standard Life Sel/input__credit-card-cvv'

2019-01-11 17:17:05 - [MESSAGE][PASSED] - Text '123' is set on object 'Object Repository/mobileSanity/STM/Page_App Page 3 - Standard Life Sel/input__credit-card-cvv'

2019-01-11 17:17:05 - [TEST_STEP][PASSED] - click(findTestObject("Object Repository/mobileSanity/STM/Page_App Page 3 - Standard Life Sel/label_I Accept Authorization f")): Object: 'Object Repository/mobileSanity/STM/Page_App Page 3 - Standard Life Sel/label_I Accept Authorization f' is clicked on

2019-01-11 17:17:08 - [MESSAGE][PASSED] - Object: 'Object Repository/mobileSanity/STM/Page_App Page 3 - Standard Life Sel/label_I Accept Authorization f' is clicked on

2019-01-11 17:17:08 - [TEST_STEP][PASSED] - click(findTestObject("Object Repository/mobileSanity/STM/Page_App Page 3 - Standard Life Sel/a_Continue to Step 4 - Review")): Object: 'Object Repository/mobileSanity/STM/Page_App Page 3 - Standard Life Sel/a_Continue to Step 4 - Review' is clicked on

2019-01-11 17:17:12 - [MESSAGE][PASSED] - Object: 'Object Repository/mobileSanity/STM/Page_App Page 3 - Standard Life Sel/a_Continue to Step 4 - Review' is clicked on

2019-01-11 17:17:12 - [TEST_STEP][PASSED] - click(findTestObject("Object Repository/mobileSanity/STM/Page_App Page 4 - Standard Life Sel/label")): Object: 'Object Repository/mobileSanity/STM/Page_App Page 4 - Standard Life Sel/label' is clicked on

2019-01-11 17:17:21 - [MESSAGE][PASSED] - Object: 'Object Repository/mobileSanity/STM/Page_App Page 4 - Standard Life Sel/label' is clicked on

2019-01-11 17:17:21 - [TEST_STEP][PASSED] - click(findTestObject("Object Repository/mobileSanity/STM/Page_App Page 4 - Standard Life Sel/div_CLICK TO SIGN")): Object: 'Object Repository/mobileSanity/STM/Page_App Page 4 - Standard Life Sel/div_CLICK TO SIGN' is clicked on

2019-01-11 17:17:25 - [MESSAGE][PASSED] - Object: 'Object Repository/mobileSanity/STM/Page_App Page 4 - Standard Life Sel/div_CLICK TO SIGN' is clicked on

2019-01-11 17:17:25 - [TEST_STEP][PASSED] - click(findTestObject("Object Repository/mobileSanity/STM/Page_App Page 4 - Standard Life Sel/a_Submit Your Application")): Object: 'Object Repository/mobileSanity/STM/Page_App Page 4 - Standard Life Sel/a_Submit Your Application' is clicked on

2019-01-11 17:17:29 - [MESSAGE][PASSED] - Object: 'Object Repository/mobileSanity/STM/Page_App Page 4 - Standard Life Sel/a_Submit Your Application' is clicked on

2019-01-11 17:17:29 - [TEST_STEP][PASSED] - Thread.sleep(2000): null

2019-01-11 17:17:31 - [TEST_STEP][PASSED] - click(findTestObject("Object Repository/mobileSanity/STM/Page_App Page 6 - Standard Life Sel/span_Standard Life Select STM")): Object: 'Object Repository/mobileSanity/STM/Page_App Page 6 - Standard Life Sel/span_Standard Life Select STM' is clicked on

2019-01-11 17:17:49 - [MESSAGE][PASSED] - Object: 'Object Repository/mobileSanity/STM/Page_App Page 6 - Standard Life Sel/span_Standard Life Select STM' is clicked on

2019-01-11 17:17:49 - [TEST_STEP][PASSED] - click(findTestObject("Object Repository/mobileSanity/STM/Page_App Page 6 - Standard Life Sel/span_approved")): Object: 'Object Repository/mobileSanity/STM/Page_App Page 6 - Standard Life Sel/span_approved' is clicked on

2019-01-11 17:17:52 - [MESSAGE][PASSED] - Object: 'Object Repository/mobileSanity/STM/Page_App Page 6 - Standard Life Sel/span_approved' is clicked on]]></system-out>
         <system-err><![CDATA[]]></system-err>
      </testcase>
      <system-out><![CDATA[2019-01-11 17:10:22 - [TEST_SUITE][PASSED] - mobileSanity: Test Cases/mobileWeb/stm/Slaico]]></system-out>
      <system-err><![CDATA[]]></system-err>
   </testsuite>
</testsuites>
