<?xml version="1.0" encoding="UTF-8"?>
<testsuites name="dental" time="1695" tests="0" failures="3" errors="0">
   <testsuite name="dental" tests="0" failures="3" errors="0" time="1695" timestamp="2019-11-17 08:00:33" hostname="Administrator - 172.30.0.53" id="Test Suites/mobileWeb/dental">
      <properties>
         <property name="deviceName" value=""/>
         <property name="devicePlatform" value=""/>
         <property name="logFolder" value="D:\\Test\\AgileTest\\Reports\\mobileWeb\\dental\\20191117_080028"/>
         <property name="logFiles" value="D:\\Test\\AgileTest\\Reports\\mobileWeb\\dental\\20191117_080028\\execution0.log"/>
         <property name="attachments" value="D:\\Test\\AgileTest\\Reports\\mobileWeb\\dental\\20191117_080028\\../Screenshots/iPhone 6/dental/National General/20191117_080038/0.png, D:\\Test\\AgileTest\\Reports\\mobileWeb\\dental\\20191117_080028\\../Screenshots/iPhone 6/dental/National General/20191117_080038/1.png, D:\\Test\\AgileTest\\Reports\\mobileWeb\\dental\\20191117_080028\\../Screenshots/iPhone 6/dental/National General/20191117_080038/2.png, D:\\Test\\AgileTest\\Reports\\mobileWeb\\dental\\20191117_080028\\../Screenshots/iPhone 6/dental/National General/20191117_080038/3.png, D:\\Test\\AgileTest\\Reports\\mobileWeb\\dental\\20191117_080028\\../Screenshots/iPhone 6/dental/National General/20191117_080038/4.png, D:\\Test\\AgileTest\\Reports\\mobileWeb\\dental\\20191117_080028\\1573995668751.png, D:\\Test\\AgileTest\\Reports\\mobileWeb\\dental\\20191117_080028\\../Screenshots/iPhone 6/dental/National General/20191117_080038/5.png, D:\\Test\\AgileTest\\Reports\\mobileWeb\\dental\\20191117_080028\\1573995690055.png, D:\\Test\\AgileTest\\Reports\\mobileWeb\\dental\\20191117_080028\\../Screenshots/iPhone 6/dental/National General/20191117_080038/6.png, D:\\Test\\AgileTest\\Reports\\mobileWeb\\dental\\20191117_080028\\1573995716960.png, D:\\Test\\AgileTest\\Reports\\mobileWeb\\dental\\20191117_080028\\1573995737748.png, D:\\Test\\AgileTest\\Reports\\mobileWeb\\dental\\20191117_080028\\1573995758528.png, D:\\Test\\AgileTest\\Reports\\mobileWeb\\dental\\20191117_080028\\1573995779297.png, D:\\Test\\AgileTest\\Reports\\mobileWeb\\dental\\20191117_080028\\1573995800050.png, D:\\Test\\AgileTest\\Reports\\mobileWeb\\dental\\20191117_080028\\1573995820780.png, D:\\Test\\AgileTest\\Reports\\mobileWeb\\dental\\20191117_080028\\1573995841586.png, D:\\Test\\AgileTest\\Reports\\mobileWeb\\dental\\20191117_080028\\../Screenshots/iPhone 6/dental/National General/20191117_080038/7.png, D:\\Test\\AgileTest\\Reports\\mobileWeb\\dental\\20191117_080028\\1573995864791.png, D:\\Test\\AgileTest\\Reports\\mobileWeb\\dental\\20191117_080028\\1573995885548.png, D:\\Test\\AgileTest\\Reports\\mobileWeb\\dental\\20191117_080028\\1573995906335.png, D:\\Test\\AgileTest\\Reports\\mobileWeb\\dental\\20191117_080028\\1573995927113.png, D:\\Test\\AgileTest\\Reports\\mobileWeb\\dental\\20191117_080028\\1573995947856.png, D:\\Test\\AgileTest\\Reports\\mobileWeb\\dental\\20191117_080028\\1573995968612.png, D:\\Test\\AgileTest\\Reports\\mobileWeb\\dental\\20191117_080028\\1573995989372.png, D:\\Test\\AgileTest\\Reports\\mobileWeb\\dental\\20191117_080028\\1573996010193.png, D:\\Test\\AgileTest\\Reports\\mobileWeb\\dental\\20191117_080028\\1573996034212.png, D:\\Test\\AgileTest\\Reports\\mobileWeb\\dental\\20191117_080028\\../Screenshots/iPhone 6/dental/National General/20191117_080038/8.png, D:\\Test\\AgileTest\\Reports\\mobileWeb\\dental\\20191117_080028\\1573996079639.png, D:\\Test\\AgileTest\\Reports\\mobileWeb\\dental\\20191117_080028\\1573996101221.png, D:\\Test\\AgileTest\\Reports\\mobileWeb\\dental\\20191117_080028\\1573996123379.png, D:\\Test\\AgileTest\\Reports\\mobileWeb\\dental\\20191117_080028\\../Screenshots/iPhone 6/dental/National General/20191117_080038/9.png, D:\\Test\\AgileTest\\Reports\\mobileWeb\\dental\\20191117_080028\\../Screenshots/iPhone 6/dental/Nationwide/20191117_080954/0.png, D:\\Test\\AgileTest\\Reports\\mobileWeb\\dental\\20191117_080028\\../Screenshots/iPhone 6/dental/Nationwide/20191117_080954/1.png, D:\\Test\\AgileTest\\Reports\\mobileWeb\\dental\\20191117_080028\\../Screenshots/iPhone 6/dental/Nationwide/20191117_080954/2.png, D:\\Test\\AgileTest\\Reports\\mobileWeb\\dental\\20191117_080028\\../Screenshots/iPhone 6/dental/Nationwide/20191117_080954/3.png, D:\\Test\\AgileTest\\Reports\\mobileWeb\\dental\\20191117_080028\\../Screenshots/iPhone 6/dental/Nationwide/20191117_080954/4.png, D:\\Test\\AgileTest\\Reports\\mobileWeb\\dental\\20191117_080028\\1573996233714.png, D:\\Test\\AgileTest\\Reports\\mobileWeb\\dental\\20191117_080028\\../Screenshots/iPhone 6/dental/Nationwide/20191117_080954/5.png, D:\\Test\\AgileTest\\Reports\\mobileWeb\\dental\\20191117_080028\\1573996254958.png, D:\\Test\\AgileTest\\Reports\\mobileWeb\\dental\\20191117_080028\\../Screenshots/iPhone 6/dental/Nationwide/20191117_080954/6.png, D:\\Test\\AgileTest\\Reports\\mobileWeb\\dental\\20191117_080028\\1573996279319.png, D:\\Test\\AgileTest\\Reports\\mobileWeb\\dental\\20191117_080028\\1573996300058.png, D:\\Test\\AgileTest\\Reports\\mobileWeb\\dental\\20191117_080028\\1573996320816.png, D:\\Test\\AgileTest\\Reports\\mobileWeb\\dental\\20191117_080028\\1573996341574.png, D:\\Test\\AgileTest\\Reports\\mobileWeb\\dental\\20191117_080028\\1573996362313.png, D:\\Test\\AgileTest\\Reports\\mobileWeb\\dental\\20191117_080028\\1573996383073.png, D:\\Test\\AgileTest\\Reports\\mobileWeb\\dental\\20191117_080028\\1573996403861.png, D:\\Test\\AgileTest\\Reports\\mobileWeb\\dental\\20191117_080028\\../Screenshots/iPhone 6/dental/Nationwide/20191117_080954/7.png, D:\\Test\\AgileTest\\Reports\\mobileWeb\\dental\\20191117_080028\\1573996427031.png, D:\\Test\\AgileTest\\Reports\\mobileWeb\\dental\\20191117_080028\\1573996447790.png, D:\\Test\\AgileTest\\Reports\\mobileWeb\\dental\\20191117_080028\\1573996468540.png, D:\\Test\\AgileTest\\Reports\\mobileWeb\\dental\\20191117_080028\\1573996489277.png, D:\\Test\\AgileTest\\Reports\\mobileWeb\\dental\\20191117_080028\\1573996510057.png, D:\\Test\\AgileTest\\Reports\\mobileWeb\\dental\\20191117_080028\\1573996530843.png, D:\\Test\\AgileTest\\Reports\\mobileWeb\\dental\\20191117_080028\\1573996551748.png, D:\\Test\\AgileTest\\Reports\\mobileWeb\\dental\\20191117_080028\\1573996572529.png, D:\\Test\\AgileTest\\Reports\\mobileWeb\\dental\\20191117_080028\\1573996593391.png, D:\\Test\\AgileTest\\Reports\\mobileWeb\\dental\\20191117_080028\\../Screenshots/iPhone 6/dental/Nationwide/20191117_080954/8.png, D:\\Test\\AgileTest\\Reports\\mobileWeb\\dental\\20191117_080028\\1573996636974.png, D:\\Test\\AgileTest\\Reports\\mobileWeb\\dental\\20191117_080028\\1573996657738.png, D:\\Test\\AgileTest\\Reports\\mobileWeb\\dental\\20191117_080028\\1573996678479.png, D:\\Test\\AgileTest\\Reports\\mobileWeb\\dental\\20191117_080028\\../Screenshots/iPhone 6/dental/Nationwide/20191117_080954/9.png, D:\\Test\\AgileTest\\Reports\\mobileWeb\\dental\\20191117_080028\\../Screenshots/iPhone 6/dental/USA Access/20191117_081909/0.png, D:\\Test\\AgileTest\\Reports\\mobileWeb\\dental\\20191117_080028\\../Screenshots/iPhone 6/dental/USA Access/20191117_081909/1.png, D:\\Test\\AgileTest\\Reports\\mobileWeb\\dental\\20191117_080028\\../Screenshots/iPhone 6/dental/USA Access/20191117_081909/2.png, D:\\Test\\AgileTest\\Reports\\mobileWeb\\dental\\20191117_080028\\../Screenshots/iPhone 6/dental/USA Access/20191117_081909/3.png, D:\\Test\\AgileTest\\Reports\\mobileWeb\\dental\\20191117_080028\\../Screenshots/iPhone 6/dental/USA Access/20191117_081909/4.png, D:\\Test\\AgileTest\\Reports\\mobileWeb\\dental\\20191117_080028\\1573996766839.png, D:\\Test\\AgileTest\\Reports\\mobileWeb\\dental\\20191117_080028\\../Screenshots/iPhone 6/dental/USA Access/20191117_081909/5.png, D:\\Test\\AgileTest\\Reports\\mobileWeb\\dental\\20191117_080028\\1573996788100.png, D:\\Test\\AgileTest\\Reports\\mobileWeb\\dental\\20191117_080028\\../Screenshots/iPhone 6/dental/USA Access/20191117_081909/6.png, D:\\Test\\AgileTest\\Reports\\mobileWeb\\dental\\20191117_080028\\1573996812554.png, D:\\Test\\AgileTest\\Reports\\mobileWeb\\dental\\20191117_080028\\1573996833392.png, D:\\Test\\AgileTest\\Reports\\mobileWeb\\dental\\20191117_080028\\1573996854183.png, D:\\Test\\AgileTest\\Reports\\mobileWeb\\dental\\20191117_080028\\1573996874983.png, D:\\Test\\AgileTest\\Reports\\mobileWeb\\dental\\20191117_080028\\1573996895739.png, D:\\Test\\AgileTest\\Reports\\mobileWeb\\dental\\20191117_080028\\1573996916507.png, D:\\Test\\AgileTest\\Reports\\mobileWeb\\dental\\20191117_080028\\1573996937389.png, D:\\Test\\AgileTest\\Reports\\mobileWeb\\dental\\20191117_080028\\../Screenshots/iPhone 6/dental/USA Access/20191117_081909/7.png, D:\\Test\\AgileTest\\Reports\\mobileWeb\\dental\\20191117_080028\\1573996960609.png, D:\\Test\\AgileTest\\Reports\\mobileWeb\\dental\\20191117_080028\\1573996981387.png, D:\\Test\\AgileTest\\Reports\\mobileWeb\\dental\\20191117_080028\\../Screenshots/iPhone 6/dental/USA Access/20191117_081909/8.png, D:\\Test\\AgileTest\\Reports\\mobileWeb\\dental\\20191117_080028\\1573997005586.png, D:\\Test\\AgileTest\\Reports\\mobileWeb\\dental\\20191117_080028\\1573997026373.png, D:\\Test\\AgileTest\\Reports\\mobileWeb\\dental\\20191117_080028\\1573997047177.png, D:\\Test\\AgileTest\\Reports\\mobileWeb\\dental\\20191117_080028\\1573997067978.png, D:\\Test\\AgileTest\\Reports\\mobileWeb\\dental\\20191117_080028\\1573997088805.png, D:\\Test\\AgileTest\\Reports\\mobileWeb\\dental\\20191117_080028\\1573997109586.png, D:\\Test\\AgileTest\\Reports\\mobileWeb\\dental\\20191117_080028\\1573997130466.png, D:\\Test\\AgileTest\\Reports\\mobileWeb\\dental\\20191117_080028\\1573997151392.png, D:\\Test\\AgileTest\\Reports\\mobileWeb\\dental\\20191117_080028\\1573997172162.png, D:\\Test\\AgileTest\\Reports\\mobileWeb\\dental\\20191117_080028\\../Screenshots/iPhone 6/dental/USA Access/20191117_081909/9.png, D:\\Test\\AgileTest\\Reports\\mobileWeb\\dental\\20191117_080028\\1573997215791.png, D:\\Test\\AgileTest\\Reports\\mobileWeb\\dental\\20191117_080028\\1573997236592.png, D:\\Test\\AgileTest\\Reports\\mobileWeb\\dental\\20191117_080028\\1573997257358.png, D:\\Test\\AgileTest\\Reports\\mobileWeb\\dental\\20191117_080028\\../Screenshots/iPhone 6/dental/USA Access/20191117_081909/10.png"/>
         <property name="hostName" value="Administrator - 172.30.0.53"/>
         <property name="os" value="Windows Server 2012 R2 64bit"/>
         <property name="katalonVersion" value="5.10.1.1"/>
         <property name="browser" value="Safari 11"/>
         <property name="hostAddress" value="172.30.0.53"/>
         <property name="sessionId" value="6b9bd64a5fbe02bd2c66435035f45589"/>
         <property name="seleniumVersion" value="3.7.1"/>
         <property name="proxyInformation" value="ProxyInformation{proxyOption=NO_PROXY, proxyServerType=HTTP, password=, proxyServerAddress=, proxyServerPort=0}"/>
         <property name="platform" value="Windows Server 2012 R2"/>
      </properties>
      <testcase name="Test Cases/mobileWeb/Dental/National General" classname="Test Cases/mobileWeb/Dental/National General" status="FAILED">
         <failure type="FAILED" message="Test Cases/mobileWeb/Dental/National General FAILED.
Reason:
com.kms.katalon.core.exception.StepFailedException: Unable to click on object 'Object Repository/mobileSanity/Dental/quote/a_Select This Plan' (Root cause: org.openqa.selenium.WebDriverException: unknown error: Element &lt;a href=&quot;/dental-insurance/apply/nationalgeneral-dental-essentials-al&quot; class=&quot;js-buy-plan quote-plan-buy&quot;>...&lt;/a> is not clickable at point (187, 645). Other element would receive the click: &lt;iframe src=&quot;https://secure.livechatinc.com/licence/11465608/v2/open_chat.cgi?license=11465608&amp;amp;group=0&amp;amp;embedded=1&amp;amp;widget_version=3&amp;amp;unique_groups=0&quot; allowtransparency=&quot;true&quot; allow=&quot;autoplay&quot; id=&quot;chat-widget&quot; name=&quot;chat-widget&quot; scrolling=&quot;no&quot; role=&quot;application&quot; aria-label=&quot;LiveChat chat widget&quot; style=&quot;width: 100%; height: 100%; min-height: 0px; min-width: 0px; margin: 0px; padding: 0px; background-image: none; background-position: 0% 0%; background-size: initial; background-attachment: scroll; background-origin: initial; background-clip: initial; background-color: rgba(0, 0, 0, 0); border-width: 0px; float: none; position: absolute; top: 0px; left: 0px; bottom: 0px; right: 0px; transition: none 0s ease 0s !important;&quot;>&lt;/iframe>
  (Session info: chrome=78.0.3904.70)
  (Driver info: chromedriver=2.43.600210 (68dcf5eebde37173d4027fa8635e332711d2874a),platform=Windows NT 6.3.9600 x86_64) (WARNING: The server did not provide any stacktrace information)
Command duration or timeout: 0 milliseconds
Build info: version: '3.7.1', revision: '8a0099a', time: '2017-11-06T21:07:36.161Z'
System info: host: 'WIN-U215233FMVE', ip: '172.30.0.53', os.name: 'Windows Server 2012 R2', os.arch: 'amd64', os.version: '6.3', java.version: '1.8.0_181'
Driver info: com.kms.katalon.selenium.driver.CChromeDriver
Capabilities {acceptInsecureCerts: false, acceptSslCerts: false, applicationCacheEnabled: false, browserConnectionEnabled: false, browserName: chrome, chrome: {chromedriverVersion: 2.43.600210 (68dcf5eebde371..., userDataDir: C:\Users\ADMINI~1\AppData\L...}, cssSelectorsEnabled: true, databaseEnabled: false, goog:chromeOptions: {debuggerAddress: localhost:53335}, handlesAlerts: true, hasTouchScreen: true, javascriptEnabled: true, locationContextEnabled: true, mobileEmulationEnabled: true, nativeEvents: true, networkConnectionEnabled: false, pageLoadStrategy: normal, platform: XP, platformName: XP, rotatable: false, setWindowRect: true, takesHeapSnapshot: true, takesScreenshot: true, unexpectedAlertBehaviour: , unhandledPromptBehavior: , version: 78.0.3904.70, webStorageEnabled: true}
Session ID: a2aa0c4514b711bb5ee0433769b098fe)
	at com.kms.katalon.core.keyword.internal.KeywordMain.stepFailed(KeywordMain.groovy:32)
	at com.kms.katalon.core.webui.keyword.internal.WebUIKeywordMain.stepFailed(WebUIKeywordMain.groovy:65)
	at com.kms.katalon.core.webui.keyword.internal.WebUIKeywordMain.runKeyword(WebUIKeywordMain.groovy:27)
	at com.kms.katalon.core.webui.keyword.builtin.ClickKeyword.click(ClickKeyword.groovy:86)
	at com.kms.katalon.core.webui.keyword.builtin.ClickKeyword.execute(ClickKeyword.groovy:67)
	at com.kms.katalon.core.keyword.internal.KeywordExecutor.executeKeywordForPlatform(KeywordExecutor.groovy:53)
	at com.kms.katalon.core.webui.keyword.WebUiBuiltInKeywords.click(WebUiBuiltInKeywords.groovy:616)
	at com.kms.katalon.core.webui.keyword.WebUiBuiltInKeywords$click$2.call(Unknown Source)
	at National General.run(National General:40)
	at com.kms.katalon.core.main.ScriptEngine.run(ScriptEngine.java:194)
	at com.kms.katalon.core.main.ScriptEngine.runScriptAsRawText(ScriptEngine.java:119)
	at com.kms.katalon.core.main.TestCaseExecutor.runScript(TestCaseExecutor.java:328)
	at com.kms.katalon.core.main.TestCaseExecutor.doExecute(TestCaseExecutor.java:319)
	at com.kms.katalon.core.main.TestCaseExecutor.processExecutionPhase(TestCaseExecutor.java:298)
	at com.kms.katalon.core.main.TestCaseExecutor.accessMainPhase(TestCaseExecutor.java:290)
	at com.kms.katalon.core.main.TestCaseExecutor.execute(TestCaseExecutor.java:224)
	at com.kms.katalon.core.main.TestSuiteExecutor.accessTestCaseMainPhase(TestSuiteExecutor.java:129)
	at com.kms.katalon.core.main.TestSuiteExecutor.accessTestSuiteMainPhase(TestSuiteExecutor.java:112)
	at com.kms.katalon.core.main.TestSuiteExecutor.execute(TestSuiteExecutor.java:81)
	at com.kms.katalon.core.main.TestCaseMain.startTestSuite(TestCaseMain.java:149)
	at com.kms.katalon.core.main.TestCaseMain$startTestSuite$0.call(Unknown Source)
	at TempTestSuite1573995628848.run(TempTestSuite1573995628848.groovy:36)
"/>
         <system-out><![CDATA[2019-11-17 08:00:34 - [TEST_CASE][FAILED] - Test Cases/mobileWeb/Dental/National General: Test Cases/mobileWeb/Dental/National General FAILED.
Reason:
com.kms.katalon.core.exception.StepFailedException: Unable to click on object 'Object Repository/mobileSanity/Dental/quote/a_Select This Plan' (Root cause: org.openqa.selenium.WebDriverException: unknown error: Element <a href="/dental-insurance/apply/nationalgeneral-dental-essentials-al" class="js-buy-plan quote-plan-buy">...</a> is not clickable at point (187, 645). Other element would receive the click: <iframe src="https://secure.livechatinc.com/licence/11465608/v2/open_chat.cgi?license=11465608&amp;group=0&amp;embedded=1&amp;widget_version=3&amp;unique_groups=0" allowtransparency="true" allow="autoplay" id="chat-widget" name="chat-widget" scrolling="no" role="application" aria-label="LiveChat chat widget" style="width: 100%; height: 100%; min-height: 0px; min-width: 0px; margin: 0px; padding: 0px; background-image: none; background-position: 0% 0%; background-size: initial; background-attachment: scroll; background-origin: initial; background-clip: initial; background-color: rgba(0, 0, 0, 0); border-width: 0px; float: none; position: absolute; top: 0px; left: 0px; bottom: 0px; right: 0px; transition: none 0s ease 0s !important;"></iframe>
  (Session info: chrome=78.0.3904.70)
  (Driver info: chromedriver=2.43.600210 (68dcf5eebde37173d4027fa8635e332711d2874a),platform=Windows NT 6.3.9600 x86_64) (WARNING: The server did not provide any stacktrace information)
Command duration or timeout: 0 milliseconds
Build info: version: '3.7.1', revision: '8a0099a', time: '2017-11-06T21:07:36.161Z'
System info: host: 'WIN-U215233FMVE', ip: '172.30.0.53', os.name: 'Windows Server 2012 R2', os.arch: 'amd64', os.version: '6.3', java.version: '1.8.0_181'
Driver info: com.kms.katalon.selenium.driver.CChromeDriver
Capabilities {acceptInsecureCerts: false, acceptSslCerts: false, applicationCacheEnabled: false, browserConnectionEnabled: false, browserName: chrome, chrome: {chromedriverVersion: 2.43.600210 (68dcf5eebde371..., userDataDir: C:\Users\ADMINI~1\AppData\L...}, cssSelectorsEnabled: true, databaseEnabled: false, goog:chromeOptions: {debuggerAddress: localhost:53335}, handlesAlerts: true, hasTouchScreen: true, javascriptEnabled: true, locationContextEnabled: true, mobileEmulationEnabled: true, nativeEvents: true, networkConnectionEnabled: false, pageLoadStrategy: normal, platform: XP, platformName: XP, rotatable: false, setWindowRect: true, takesHeapSnapshot: true, takesScreenshot: true, unexpectedAlertBehaviour: , unhandledPromptBehavior: , version: 78.0.3904.70, webStorageEnabled: true}
Session ID: a2aa0c4514b711bb5ee0433769b098fe)
	at com.kms.katalon.core.keyword.internal.KeywordMain.stepFailed(KeywordMain.groovy:32)
	at com.kms.katalon.core.webui.keyword.internal.WebUIKeywordMain.stepFailed(WebUIKeywordMain.groovy:65)
	at com.kms.katalon.core.webui.keyword.internal.WebUIKeywordMain.runKeyword(WebUIKeywordMain.groovy:27)
	at com.kms.katalon.core.webui.keyword.builtin.ClickKeyword.click(ClickKeyword.groovy:86)
	at com.kms.katalon.core.webui.keyword.builtin.ClickKeyword.execute(ClickKeyword.groovy:67)
	at com.kms.katalon.core.keyword.internal.KeywordExecutor.executeKeywordForPlatform(KeywordExecutor.groovy:53)
	at com.kms.katalon.core.webui.keyword.WebUiBuiltInKeywords.click(WebUiBuiltInKeywords.groovy:616)
	at com.kms.katalon.core.webui.keyword.WebUiBuiltInKeywords$click$2.call(Unknown Source)
	at National General.run(National General:40)
	at com.kms.katalon.core.main.ScriptEngine.run(ScriptEngine.java:194)
	at com.kms.katalon.core.main.ScriptEngine.runScriptAsRawText(ScriptEngine.java:119)
	at com.kms.katalon.core.main.TestCaseExecutor.runScript(TestCaseExecutor.java:328)
	at com.kms.katalon.core.main.TestCaseExecutor.doExecute(TestCaseExecutor.java:319)
	at com.kms.katalon.core.main.TestCaseExecutor.processExecutionPhase(TestCaseExecutor.java:298)
	at com.kms.katalon.core.main.TestCaseExecutor.accessMainPhase(TestCaseExecutor.java:290)
	at com.kms.katalon.core.main.TestCaseExecutor.execute(TestCaseExecutor.java:224)
	at com.kms.katalon.core.main.TestSuiteExecutor.accessTestCaseMainPhase(TestSuiteExecutor.java:129)
	at com.kms.katalon.core.main.TestSuiteExecutor.accessTestSuiteMainPhase(TestSuiteExecutor.java:112)
	at com.kms.katalon.core.main.TestSuiteExecutor.execute(TestSuiteExecutor.java:81)
	at com.kms.katalon.core.main.TestCaseMain.startTestSuite(TestCaseMain.java:149)
	at com.kms.katalon.core.main.TestCaseMain$startTestSuite$0.call(Unknown Source)
	at TempTestSuite1573995628848.run(TempTestSuite1573995628848.groovy:36)


2019-11-17 08:00:35 - [TEST_STEP][PASSED] - callTestCase(findTestCase("mobileWeb/_include/get_screenPath"), ["productLine":"dental", "carrierName":"National General"], CONTINUE_ON_FAILURE): Call Test Case 'Test Cases/mobileWeb/_include/get_screenPath' successfully

2019-11-17 08:00:36 - [TEST_CASE][PASSED] - Test Cases/mobileWeb/_include/get_screenPath: Test Cases/mobileWeb/_include/get_screenPath

2019-11-17 08:00:38 - [TEST_STEP][PASSED] - m = getExecutionProperties(): null

2019-11-17 08:00:38 - [TEST_STEP][PASSED] - deviceName = get("mobileEmulation").get("deviceName"): null

2019-11-17 08:00:38 - [TEST_STEP][PASSED] - println(deviceName): null

2019-11-17 08:00:38 - [TEST_STEP][PASSED] - now = new java.util.Date(): null

2019-11-17 08:00:38 - [TEST_STEP][PASSED] - mydate = now.format("yyyyMMdd_HHmmss"): null

2019-11-17 08:00:38 - [TEST_STEP][PASSED] - screenPath = "../Screenshots/": null

2019-11-17 08:00:38 - [TEST_STEP][PASSED] - screenPath = screenPath + deviceName + "/" + productLine + "/" + carrierName + "/" + mydate + "/": null

2019-11-17 08:00:38 - [TEST_STEP][PASSED] - println(screenPath): null

2019-11-17 08:00:38 - [MESSAGE][PASSED] - Call Test Case 'Test Cases/mobileWeb/_include/get_screenPath' successfully

2019-11-17 08:00:38 - [TEST_STEP][PASSED] - callTestCase(findTestCase("mobileWeb/_include/openWebSite"), [:], STOP_ON_FAILURE): Call Test Case 'Test Cases/mobileWeb/_include/openWebSite' successfully

2019-11-17 08:00:38 - [TEST_CASE][PASSED] - Test Cases/mobileWeb/_include/openWebSite: Test Cases/mobileWeb/_include/openWebSite

2019-11-17 08:00:38 - [TEST_STEP][PASSED] - openBrowser(env): Browser is opened with url: 'https://praetemptatus.agilehealthinsurance.com'

2019-11-17 08:00:39 - [MESSAGE][INFO] - Starting 'Chrome' driver

2019-11-17 08:00:39 - [MESSAGE][INFO] - User set preference: ['mobileEmulation', '{deviceName=iPhone 6}']

2019-11-17 08:00:39 - [MESSAGE][INFO] - User set preference: ['args', '[--incognito, --aggressive-cache-discard, --window-size=375,677, --no-sandbox]']

2019-11-17 08:00:39 - [MESSAGE][INFO] - Action delay is set to 0 seconds

2019-11-17 08:00:44 - [MESSAGE][PASSED] - Browser is opened with url: 'https://praetemptatus.agilehealthinsurance.com'

2019-11-17 08:00:44 - [TEST_STEP][PASSED] - waitForPageLoad(20): Wait for page load successfully

2019-11-17 08:00:46 - [MESSAGE][PASSED] - Wait for page load successfully

2019-11-17 08:00:46 - [TEST_STEP][PASSED] - callTestCase(findTestCase("mobileWeb/_include/get_screenshot"), [:], STOP_ON_FAILURE): Call Test Case 'Test Cases/mobileWeb/_include/get_screenshot' successfully

2019-11-17 08:00:46 - [TEST_CASE][PASSED] - Test Cases/mobileWeb/_include/get_screenshot: Test Cases/mobileWeb/_include/get_screenshot

2019-11-17 08:00:46 - [TEST_STEP][PASSED] - takeScreenshot(screenPath + i + ".png"): Taking screenshot successfully

2019-11-17 08:00:47 - [MESSAGE][PASSED] - Taking screenshot successfully
[[ATTACHMENT|D:\\Test\\AgileTest\\Reports\\mobileWeb\\dental\\20191117_080028\\../Screenshots/iPhone 6/dental/National General/20191117_080038/0.png]]

2019-11-17 08:00:47 - [TEST_STEP][PASSED] - (internal.GlobalVariable.i++): null

2019-11-17 08:00:47 - [MESSAGE][PASSED] - Call Test Case 'Test Cases/mobileWeb/_include/get_screenshot' successfully

2019-11-17 08:00:47 - [MESSAGE][PASSED] - Call Test Case 'Test Cases/mobileWeb/_include/openWebSite' successfully

2019-11-17 08:00:47 - [TEST_STEP][PASSED] - callTestCase(findTestCase("mobileWeb/_include/census_dental"), ["zipcode":zipcode, "dob":"12/12/1980"], STOP_ON_FAILURE): Call Test Case 'Test Cases/mobileWeb/_include/census_dental' successfully

2019-11-17 08:00:47 - [TEST_CASE][PASSED] - Test Cases/mobileWeb/_include/census_dental: Test Cases/mobileWeb/_include/census_dental

2019-11-17 08:00:47 - [TEST_STEP][PASSED] - click(findTestObject("mobileSanity/Common/side_nav/menu")): Object: 'Object Repository/mobileSanity/Common/side_nav/menu' is clicked on

2019-11-17 08:00:47 - [MESSAGE][PASSED] - Object: 'Object Repository/mobileSanity/Common/side_nav/menu' is clicked on

2019-11-17 08:00:47 - [TEST_STEP][PASSED] - Thread.sleep(3000): null

2019-11-17 08:00:50 - [TEST_STEP][PASSED] - callTestCase(findTestCase("mobileWeb/_include/get_screenshot"), [:], STOP_ON_FAILURE): Call Test Case 'Test Cases/mobileWeb/_include/get_screenshot' successfully

2019-11-17 08:00:50 - [TEST_CASE][PASSED] - Test Cases/mobileWeb/_include/get_screenshot: Test Cases/mobileWeb/_include/get_screenshot

2019-11-17 08:00:50 - [TEST_STEP][PASSED] - takeScreenshot(screenPath + i + ".png"): Taking screenshot successfully

2019-11-17 08:00:52 - [MESSAGE][PASSED] - Taking screenshot successfully
[[ATTACHMENT|D:\\Test\\AgileTest\\Reports\\mobileWeb\\dental\\20191117_080028\\../Screenshots/iPhone 6/dental/National General/20191117_080038/1.png]]

2019-11-17 08:00:52 - [TEST_STEP][PASSED] - (internal.GlobalVariable.i++): null

2019-11-17 08:00:52 - [MESSAGE][PASSED] - Call Test Case 'Test Cases/mobileWeb/_include/get_screenshot' successfully

2019-11-17 08:00:52 - [TEST_STEP][PASSED] - click(findTestObject("mobileSanity/Common/side_nav/nav_dental")): Object: 'Object Repository/mobileSanity/Common/side_nav/nav_dental' is clicked on

2019-11-17 08:00:54 - [MESSAGE][PASSED] - Object: 'Object Repository/mobileSanity/Common/side_nav/nav_dental' is clicked on

2019-11-17 08:00:54 - [TEST_STEP][PASSED] - waitForPageLoad(10): Wait for page load successfully

2019-11-17 08:00:54 - [MESSAGE][PASSED] - Wait for page load successfully

2019-11-17 08:00:54 - [TEST_STEP][PASSED] - callTestCase(findTestCase("mobileWeb/_include/get_screenshot"), [:], STOP_ON_FAILURE): Call Test Case 'Test Cases/mobileWeb/_include/get_screenshot' successfully

2019-11-17 08:00:54 - [TEST_CASE][PASSED] - Test Cases/mobileWeb/_include/get_screenshot: Test Cases/mobileWeb/_include/get_screenshot

2019-11-17 08:00:54 - [TEST_STEP][PASSED] - takeScreenshot(screenPath + i + ".png"): Taking screenshot successfully

2019-11-17 08:00:55 - [MESSAGE][PASSED] - Taking screenshot successfully
[[ATTACHMENT|D:\\Test\\AgileTest\\Reports\\mobileWeb\\dental\\20191117_080028\\../Screenshots/iPhone 6/dental/National General/20191117_080038/2.png]]

2019-11-17 08:00:55 - [TEST_STEP][PASSED] - (internal.GlobalVariable.i++): null

2019-11-17 08:00:55 - [MESSAGE][PASSED] - Call Test Case 'Test Cases/mobileWeb/_include/get_screenshot' successfully

2019-11-17 08:00:55 - [TEST_STEP][PASSED] - sendKeys(findTestObject("mobileSanity/Dental/census/input_Location_zip-input"), zipcode): Keys '35215' sent to object: 'Object Repository/mobileSanity/Dental/census/input_Location_zip-input'

2019-11-17 08:00:55 - [MESSAGE][PASSED] - Keys '35215' sent to object: 'Object Repository/mobileSanity/Dental/census/input_Location_zip-input'

2019-11-17 08:00:55 - [TEST_STEP][PASSED] - Thread.sleep(500): null

2019-11-17 08:00:56 - [TEST_STEP][PASSED] - setText(findTestObject("mobileSanity/Dental/census/input_Date of Birth_dob-0"), "12121980"): Text '12121980' is set on object 'Object Repository/mobileSanity/Dental/census/input_Date of Birth_dob-0'

2019-11-17 08:00:56 - [MESSAGE][PASSED] - Text '12121980' is set on object 'Object Repository/mobileSanity/Dental/census/input_Date of Birth_dob-0'

2019-11-17 08:00:56 - [TEST_STEP][PASSED] - click(findTestObject("mobileSanity/Dental/census/label_Male")): Object: 'Object Repository/mobileSanity/Dental/census/label_Male' is clicked on

2019-11-17 08:00:56 - [MESSAGE][PASSED] - Object: 'Object Repository/mobileSanity/Dental/census/label_Male' is clicked on

2019-11-17 08:00:56 - [TEST_STEP][PASSED] - click(findTestObject("mobileSanity/Dental/census/label_Compare Dental Insurance")): Object: 'Object Repository/mobileSanity/Dental/census/label_Compare Dental Insurance' is clicked on

2019-11-17 08:01:01 - [MESSAGE][PASSED] - Object: 'Object Repository/mobileSanity/Dental/census/label_Compare Dental Insurance' is clicked on

2019-11-17 08:01:01 - [TEST_STEP][PASSED] - waitForPageLoad(10): Wait for page load successfully

2019-11-17 08:01:02 - [MESSAGE][PASSED] - Wait for page load successfully

2019-11-17 08:01:02 - [TEST_STEP][PASSED] - Thread.sleep(2000): null

2019-11-17 08:01:04 - [TEST_STEP][PASSED] - callTestCase(findTestCase("mobileWeb/_include/get_screenshot"), [:], STOP_ON_FAILURE): Call Test Case 'Test Cases/mobileWeb/_include/get_screenshot' successfully

2019-11-17 08:01:04 - [TEST_CASE][PASSED] - Test Cases/mobileWeb/_include/get_screenshot: Test Cases/mobileWeb/_include/get_screenshot

2019-11-17 08:01:04 - [TEST_STEP][PASSED] - takeScreenshot(screenPath + i + ".png"): Taking screenshot successfully

2019-11-17 08:01:05 - [MESSAGE][PASSED] - Taking screenshot successfully
[[ATTACHMENT|D:\\Test\\AgileTest\\Reports\\mobileWeb\\dental\\20191117_080028\\../Screenshots/iPhone 6/dental/National General/20191117_080038/3.png]]

2019-11-17 08:01:05 - [TEST_STEP][PASSED] - (internal.GlobalVariable.i++): null

2019-11-17 08:01:05 - [MESSAGE][PASSED] - Call Test Case 'Test Cases/mobileWeb/_include/get_screenshot' successfully

2019-11-17 08:01:05 - [MESSAGE][PASSED] - Call Test Case 'Test Cases/mobileWeb/_include/census_dental' successfully

2019-11-17 08:01:05 - [TEST_STEP][PASSED] - click(findTestObject("mobileSanity/Dental/filter/btn_filter")): Object: 'Object Repository/mobileSanity/Dental/filter/btn_filter' is clicked on

2019-11-17 08:01:05 - [MESSAGE][PASSED] - Object: 'Object Repository/mobileSanity/Dental/filter/btn_filter' is clicked on

2019-11-17 08:01:05 - [TEST_STEP][PASSED] - waitForElementVisible(findTestObject("mobileSanity/Dental/filter/btn_company"), 10): Object 'Object Repository/mobileSanity/Dental/filter/btn_company' is visible

2019-11-17 08:01:05 - [MESSAGE][PASSED] - Object 'Object Repository/mobileSanity/Dental/filter/btn_company' is visible

2019-11-17 08:01:05 - [TEST_STEP][PASSED] - click(findTestObject("mobileSanity/Dental/filter/btn_company")): Object: 'Object Repository/mobileSanity/Dental/filter/btn_company' is clicked on

2019-11-17 08:01:05 - [MESSAGE][PASSED] - Object: 'Object Repository/mobileSanity/Dental/filter/btn_company' is clicked on

2019-11-17 08:01:05 - [TEST_STEP][PASSED] - Thread.sleep(2000): null

2019-11-17 08:01:07 - [TEST_STEP][PASSED] - click(findTestObject("mobileSanity/Dental/filter/btn_ng")): Object: 'Object Repository/mobileSanity/Dental/filter/btn_ng' is clicked on

2019-11-17 08:01:07 - [MESSAGE][PASSED] - Object: 'Object Repository/mobileSanity/Dental/filter/btn_ng' is clicked on

2019-11-17 08:01:07 - [TEST_STEP][PASSED] - waitForJQueryLoad(20, STOP_ON_FAILURE): jQuery is ready.

2019-11-17 08:01:08 - [MESSAGE][PASSED] - jQuery is ready.

2019-11-17 08:01:08 - [TEST_STEP][PASSED] - callTestCase(findTestCase("mobileWeb/_include/get_screenshot"), [:], STOP_ON_FAILURE): Call Test Case 'Test Cases/mobileWeb/_include/get_screenshot' successfully

2019-11-17 08:01:08 - [TEST_CASE][PASSED] - Test Cases/mobileWeb/_include/get_screenshot: Test Cases/mobileWeb/_include/get_screenshot

2019-11-17 08:01:08 - [TEST_STEP][PASSED] - takeScreenshot(screenPath + i + ".png"): Taking screenshot successfully

2019-11-17 08:01:08 - [MESSAGE][PASSED] - Taking screenshot successfully
[[ATTACHMENT|D:\\Test\\AgileTest\\Reports\\mobileWeb\\dental\\20191117_080028\\../Screenshots/iPhone 6/dental/National General/20191117_080038/4.png]]

2019-11-17 08:01:08 - [TEST_STEP][PASSED] - (internal.GlobalVariable.i++): null

2019-11-17 08:01:08 - [MESSAGE][PASSED] - Call Test Case 'Test Cases/mobileWeb/_include/get_screenshot' successfully

2019-11-17 08:01:08 - [TEST_STEP][PASSED] - click(findTestObject("mobileSanity/Dental/filter/btn_filter")): Object: 'Object Repository/mobileSanity/Dental/filter/btn_filter' is clicked on

2019-11-17 08:01:08 - [MESSAGE][PASSED] - Object: 'Object Repository/mobileSanity/Dental/filter/btn_filter' is clicked on

2019-11-17 08:01:08 - [TEST_STEP][FAILED] - click(findTestObject("mobileSanity/Dental/quote/a_Select This Plan")): Unable to click on object 'Object Repository/mobileSanity/Dental/quote/a_Select This Plan' (Root cause: org.openqa.selenium.WebDriverException: unknown error: Element <a href="/dental-insurance/apply/nationalgeneral-dental-essentials-al" class="js-buy-plan quote-plan-buy">...</a> is not clickable at point (187, 645). Other element would receive the click: <iframe src="https://secure.livechatinc.com/licence/11465608/v2/open_chat.cgi?license=11465608&amp;group=0&amp;embedded=1&amp;widget_version=3&amp;unique_groups=0" allowtransparency="true" allow="autoplay" id="chat-widget" name="chat-widget" scrolling="no" role="application" aria-label="LiveChat chat widget" style="width: 100%; height: 100%; min-height: 0px; min-width: 0px; margin: 0px; padding: 0px; background-image: none; background-position: 0% 0%; background-size: initial; background-attachment: scroll; background-origin: initial; background-clip: initial; background-color: rgba(0, 0, 0, 0); border-width: 0px; float: none; position: absolute; top: 0px; left: 0px; bottom: 0px; right: 0px; transition: none 0s ease 0s !important;"></iframe>
  (Session info: chrome=78.0.3904.70)
  (Driver info: chromedriver=2.43.600210 (68dcf5eebde37173d4027fa8635e332711d2874a),platform=Windows NT 6.3.9600 x86_64) (WARNING: The server did not provide any stacktrace information)
Command duration or timeout: 0 milliseconds
Build info: version: '3.7.1', revision: '8a0099a', time: '2017-11-06T21:07:36.161Z'
System info: host: 'WIN-U215233FMVE', ip: '172.30.0.53', os.name: 'Windows Server 2012 R2', os.arch: 'amd64', os.version: '6.3', java.version: '1.8.0_181'
Driver info: com.kms.katalon.selenium.driver.CChromeDriver
Capabilities {acceptInsecureCerts: false, acceptSslCerts: false, applicationCacheEnabled: false, browserConnectionEnabled: false, browserName: chrome, chrome: {chromedriverVersion: 2.43.600210 (68dcf5eebde371..., userDataDir: C:\Users\ADMINI~1\AppData\L...}, cssSelectorsEnabled: true, databaseEnabled: false, goog:chromeOptions: {debuggerAddress: localhost:53335}, handlesAlerts: true, hasTouchScreen: true, javascriptEnabled: true, locationContextEnabled: true, mobileEmulationEnabled: true, nativeEvents: true, networkConnectionEnabled: false, pageLoadStrategy: normal, platform: XP, platformName: XP, rotatable: false, setWindowRect: true, takesHeapSnapshot: true, takesScreenshot: true, unexpectedAlertBehaviour: , unhandledPromptBehavior: , version: 78.0.3904.70, webStorageEnabled: true}
Session ID: a2aa0c4514b711bb5ee0433769b098fe)

2019-11-17 08:01:09 - [MESSAGE][FAILED] - Unable to click on object 'Object Repository/mobileSanity/Dental/quote/a_Select This Plan' (Root cause: org.openqa.selenium.WebDriverException: unknown error: Element <a href="/dental-insurance/apply/nationalgeneral-dental-essentials-al" class="js-buy-plan quote-plan-buy">...</a> is not clickable at point (187, 645). Other element would receive the click: <iframe src="https://secure.livechatinc.com/licence/11465608/v2/open_chat.cgi?license=11465608&amp;group=0&amp;embedded=1&amp;widget_version=3&amp;unique_groups=0" allowtransparency="true" allow="autoplay" id="chat-widget" name="chat-widget" scrolling="no" role="application" aria-label="LiveChat chat widget" style="width: 100%; height: 100%; min-height: 0px; min-width: 0px; margin: 0px; padding: 0px; background-image: none; background-position: 0% 0%; background-size: initial; background-attachment: scroll; background-origin: initial; background-clip: initial; background-color: rgba(0, 0, 0, 0); border-width: 0px; float: none; position: absolute; top: 0px; left: 0px; bottom: 0px; right: 0px; transition: none 0s ease 0s !important;"></iframe>
  (Session info: chrome=78.0.3904.70)
  (Driver info: chromedriver=2.43.600210 (68dcf5eebde37173d4027fa8635e332711d2874a),platform=Windows NT 6.3.9600 x86_64) (WARNING: The server did not provide any stacktrace information)
Command duration or timeout: 0 milliseconds
Build info: version: '3.7.1', revision: '8a0099a', time: '2017-11-06T21:07:36.161Z'
System info: host: 'WIN-U215233FMVE', ip: '172.30.0.53', os.name: 'Windows Server 2012 R2', os.arch: 'amd64', os.version: '6.3', java.version: '1.8.0_181'
Driver info: com.kms.katalon.selenium.driver.CChromeDriver
Capabilities {acceptInsecureCerts: false, acceptSslCerts: false, applicationCacheEnabled: false, browserConnectionEnabled: false, browserName: chrome, chrome: {chromedriverVersion: 2.43.600210 (68dcf5eebde371..., userDataDir: C:\Users\ADMINI~1\AppData\L...}, cssSelectorsEnabled: true, databaseEnabled: false, goog:chromeOptions: {debuggerAddress: localhost:53335}, handlesAlerts: true, hasTouchScreen: true, javascriptEnabled: true, locationContextEnabled: true, mobileEmulationEnabled: true, nativeEvents: true, networkConnectionEnabled: false, pageLoadStrategy: normal, platform: XP, platformName: XP, rotatable: false, setWindowRect: true, takesHeapSnapshot: true, takesScreenshot: true, unexpectedAlertBehaviour: , unhandledPromptBehavior: , version: 78.0.3904.70, webStorageEnabled: true}
Session ID: a2aa0c4514b711bb5ee0433769b098fe)
[[ATTACHMENT|D:\\Test\\AgileTest\\Reports\\mobileWeb\\dental\\20191117_080028\\1573995668751.png]]

2019-11-17 08:01:09 - [TEST_STEP][PASSED] - waitForPageLoad(10): Wait for page load successfully

2019-11-17 08:01:09 - [MESSAGE][PASSED] - Wait for page load successfully

2019-11-17 08:01:09 - [TEST_STEP][PASSED] - callTestCase(findTestCase("mobileWeb/_include/get_screenshot"), [:], STOP_ON_FAILURE): Call Test Case 'Test Cases/mobileWeb/_include/get_screenshot' successfully

2019-11-17 08:01:09 - [TEST_CASE][PASSED] - Test Cases/mobileWeb/_include/get_screenshot: Test Cases/mobileWeb/_include/get_screenshot

2019-11-17 08:01:09 - [TEST_STEP][PASSED] - takeScreenshot(screenPath + i + ".png"): Taking screenshot successfully

2019-11-17 08:01:09 - [MESSAGE][PASSED] - Taking screenshot successfully
[[ATTACHMENT|D:\\Test\\AgileTest\\Reports\\mobileWeb\\dental\\20191117_080028\\../Screenshots/iPhone 6/dental/National General/20191117_080038/5.png]]

2019-11-17 08:01:09 - [TEST_STEP][PASSED] - (internal.GlobalVariable.i++): null

2019-11-17 08:01:09 - [MESSAGE][PASSED] - Call Test Case 'Test Cases/mobileWeb/_include/get_screenshot' successfully

2019-11-17 08:01:09 - [TEST_STEP][FAILED] - click(findTestObject("mobileSanity/Dental/apply/span_Start Secure Application")): Unable to click on object 'Object Repository/mobileSanity/Dental/apply/span_Start Secure Application' (Root cause: com.kms.katalon.core.webui.exception.WebElementNotFoundException: Web element with id: 'Object Repository/mobileSanity/Dental/apply/span_Start Secure Application' located by 'By.xpath: //span[(text() = 'Start Secure Application' or . = 'Start Secure Application')]' not found)

2019-11-17 08:01:30 - [MESSAGE][INFO] - Unable to find the element located by 'By.xpath: //span[(text() = 'Start Secure Application' or . = 'Start Secure Application')]'. Please recheck the objects properties to make sure the desired element is located. 

2019-11-17 08:01:30 - [MESSAGE][FAILED] - Unable to click on object 'Object Repository/mobileSanity/Dental/apply/span_Start Secure Application' (Root cause: com.kms.katalon.core.webui.exception.WebElementNotFoundException: Web element with id: 'Object Repository/mobileSanity/Dental/apply/span_Start Secure Application' located by 'By.xpath: //span[(text() = 'Start Secure Application' or . = 'Start Secure Application')]' not found)
[[ATTACHMENT|D:\\Test\\AgileTest\\Reports\\mobileWeb\\dental\\20191117_080028\\1573995690055.png]]

2019-11-17 08:01:30 - [TEST_STEP][PASSED] - waitForPageLoad(10): Wait for page load successfully

2019-11-17 08:01:30 - [MESSAGE][PASSED] - Wait for page load successfully

2019-11-17 08:01:30 - [TEST_STEP][PASSED] - Thread.sleep(2000): null

2019-11-17 08:01:32 - [TEST_STEP][PASSED] - callTestCase(findTestCase("mobileWeb/_include/get_screenshot"), [:], STOP_ON_FAILURE): Call Test Case 'Test Cases/mobileWeb/_include/get_screenshot' successfully

2019-11-17 08:01:32 - [TEST_CASE][PASSED] - Test Cases/mobileWeb/_include/get_screenshot: Test Cases/mobileWeb/_include/get_screenshot

2019-11-17 08:01:32 - [TEST_STEP][PASSED] - takeScreenshot(screenPath + i + ".png"): Taking screenshot successfully

2019-11-17 08:01:32 - [MESSAGE][PASSED] - Taking screenshot successfully
[[ATTACHMENT|D:\\Test\\AgileTest\\Reports\\mobileWeb\\dental\\20191117_080028\\../Screenshots/iPhone 6/dental/National General/20191117_080038/6.png]]

2019-11-17 08:01:32 - [TEST_STEP][PASSED] - (internal.GlobalVariable.i++): null

2019-11-17 08:01:32 - [MESSAGE][PASSED] - Call Test Case 'Test Cases/mobileWeb/_include/get_screenshot' successfully

2019-11-17 08:01:32 - [TEST_STEP][FAILED] - callTestCase(findTestCase("mobileWeb/_include/goToEnd_dental"), ["carrier":"nationalgeneral"], CONTINUE_ON_FAILURE): callTestCase(findTestCase("mobileWeb/_include/goToEnd_dental"), ["carrier":"nationalgeneral"], CONTINUE_ON_FAILURE) FAILED.
Reason:
com.kms.katalon.core.exception.StepFailedException: Unable to click on object 'Object Repository/mobileSanity/Dental/quote/a_Select This Plan' (Root cause: org.openqa.selenium.WebDriverException: unknown error: Element <a href="/dental-insurance/apply/nationalgeneral-dental-essentials-al" class="js-buy-plan quote-plan-buy">...</a> is not clickable at point (187, 645). Other element would receive the click: <iframe src="https://secure.livechatinc.com/licence/11465608/v2/open_chat.cgi?license=11465608&amp;group=0&amp;embedded=1&amp;widget_version=3&amp;unique_groups=0" allowtransparency="true" allow="autoplay" id="chat-widget" name="chat-widget" scrolling="no" role="application" aria-label="LiveChat chat widget" style="width: 100%; height: 100%; min-height: 0px; min-width: 0px; margin: 0px; padding: 0px; background-image: none; background-position: 0% 0%; background-size: initial; background-attachment: scroll; background-origin: initial; background-clip: initial; background-color: rgba(0, 0, 0, 0); border-width: 0px; float: none; position: absolute; top: 0px; left: 0px; bottom: 0px; right: 0px; transition: none 0s ease 0s !important;"></iframe>
  (Session info: chrome=78.0.3904.70)
  (Driver info: chromedriver=2.43.600210 (68dcf5eebde37173d4027fa8635e332711d2874a),platform=Windows NT 6.3.9600 x86_64) (WARNING: The server did not provide any stacktrace information)
Command duration or timeout: 0 milliseconds
Build info: version: '3.7.1', revision: '8a0099a', time: '2017-11-06T21:07:36.161Z'
System info: host: 'WIN-U215233FMVE', ip: '172.30.0.53', os.name: 'Windows Server 2012 R2', os.arch: 'amd64', os.version: '6.3', java.version: '1.8.0_181'
Driver info: com.kms.katalon.selenium.driver.CChromeDriver
Capabilities {acceptInsecureCerts: false, acceptSslCerts: false, applicationCacheEnabled: false, browserConnectionEnabled: false, browserName: chrome, chrome: {chromedriverVersion: 2.43.600210 (68dcf5eebde371..., userDataDir: C:\Users\ADMINI~1\AppData\L...}, cssSelectorsEnabled: true, databaseEnabled: false, goog:chromeOptions: {debuggerAddress: localhost:53335}, handlesAlerts: true, hasTouchScreen: true, javascriptEnabled: true, locationContextEnabled: true, mobileEmulationEnabled: true, nativeEvents: true, networkConnectionEnabled: false, pageLoadStrategy: normal, platform: XP, platformName: XP, rotatable: false, setWindowRect: true, takesHeapSnapshot: true, takesScreenshot: true, unexpectedAlertBehaviour: , unhandledPromptBehavior: , version: 78.0.3904.70, webStorageEnabled: true}
Session ID: a2aa0c4514b711bb5ee0433769b098fe)
	at com.kms.katalon.core.keyword.internal.KeywordMain.stepFailed(KeywordMain.groovy:32)
	at com.kms.katalon.core.webui.keyword.internal.WebUIKeywordMain.stepFailed(WebUIKeywordMain.groovy:65)
	at com.kms.katalon.core.webui.keyword.internal.WebUIKeywordMain.runKeyword(WebUIKeywordMain.groovy:27)
	at com.kms.katalon.core.webui.keyword.builtin.ClickKeyword.click(ClickKeyword.groovy:86)
	at com.kms.katalon.core.webui.keyword.builtin.ClickKeyword.execute(ClickKeyword.groovy:67)
	at com.kms.katalon.core.keyword.internal.KeywordExecutor.executeKeywordForPlatform(KeywordExecutor.groovy:53)
	at com.kms.katalon.core.webui.keyword.WebUiBuiltInKeywords.click(WebUiBuiltInKeywords.groovy:616)
	at com.kms.katalon.core.webui.keyword.WebUiBuiltInKeywords$click$2.call(Unknown Source)
	at National General.run(National General:40)
	at com.kms.katalon.core.main.ScriptEngine.run(ScriptEngine.java:194)
	at com.kms.katalon.core.main.ScriptEngine.runScriptAsRawText(ScriptEngine.java:119)
	at com.kms.katalon.core.main.TestCaseExecutor.runScript(TestCaseExecutor.java:328)
	at com.kms.katalon.core.main.TestCaseExecutor.doExecute(TestCaseExecutor.java:319)
	at com.kms.katalon.core.main.TestCaseExecutor.processExecutionPhase(TestCaseExecutor.java:298)
	at com.kms.katalon.core.main.TestCaseExecutor.accessMainPhase(TestCaseExecutor.java:290)
	at com.kms.katalon.core.main.TestCaseExecutor.execute(TestCaseExecutor.java:224)
	at com.kms.katalon.core.main.TestSuiteExecutor.accessTestCaseMainPhase(TestSuiteExecutor.java:129)
	at com.kms.katalon.core.main.TestSuiteExecutor.accessTestSuiteMainPhase(TestSuiteExecutor.java:112)
	at com.kms.katalon.core.main.TestSuiteExecutor.execute(TestSuiteExecutor.java:81)
	at com.kms.katalon.core.main.TestCaseMain.startTestSuite(TestCaseMain.java:149)
	at com.kms.katalon.core.main.TestCaseMain$startTestSuite$0.call(Unknown Source)
	at TempTestSuite1573995628848.run(TempTestSuite1573995628848.groovy:36)


2019-11-17 08:01:32 - [TEST_CASE][FAILED] - Test Cases/mobileWeb/_include/goToEnd_dental: Test Cases/mobileWeb/_include/goToEnd_dental FAILED.
Reason:
com.kms.katalon.core.exception.StepFailedException: Unable to set text 'Test-123' of object 'Object Repository/mobileSanity/Dental/app_page1/input__member-P-1-firstName' (Root cause: com.kms.katalon.core.webui.exception.WebElementNotFoundException: Web element with id: 'Object Repository/mobileSanity/Dental/app_page1/input__member-P-1-firstName' located by 'By.xpath: //input[@id = 'member-P-1-firstName' and @type = 'text']' not found)
	at com.kms.katalon.core.keyword.internal.KeywordMain.stepFailed(KeywordMain.groovy:32)
	at com.kms.katalon.core.webui.keyword.internal.WebUIKeywordMain.stepFailed(WebUIKeywordMain.groovy:65)
	at com.kms.katalon.core.webui.keyword.internal.WebUIKeywordMain.runKeyword(WebUIKeywordMain.groovy:27)
	at com.kms.katalon.core.webui.keyword.builtin.SetTextKeyword.setText(SetTextKeyword.groovy:65)
	at com.kms.katalon.core.webui.keyword.builtin.SetTextKeyword.execute(SetTextKeyword.groovy:37)
	at com.kms.katalon.core.keyword.internal.KeywordExecutor.executeKeywordForPlatform(KeywordExecutor.groovy:53)
	at com.kms.katalon.core.webui.keyword.WebUiBuiltInKeywords.setText(WebUiBuiltInKeywords.groovy:950)
	at com.kms.katalon.core.webui.keyword.WebUiBuiltInKeywords$setText$4.call(Unknown Source)
	at goToEnd_dental.run(goToEnd_dental:20)
	at com.kms.katalon.core.main.ScriptEngine.run(ScriptEngine.java:194)
	at com.kms.katalon.core.main.ScriptEngine.runScriptAsRawText(ScriptEngine.java:119)
	at com.kms.katalon.core.main.TestCaseExecutor.runScript(TestCaseExecutor.java:328)
	at com.kms.katalon.core.main.TestCaseExecutor.doExecute(TestCaseExecutor.java:319)
	at com.kms.katalon.core.main.TestCaseExecutor.processExecutionPhase(TestCaseExecutor.java:298)
	at com.kms.katalon.core.main.TestCaseExecutor.accessMainPhase(TestCaseExecutor.java:290)
	at com.kms.katalon.core.main.TestCaseExecutor.execute(TestCaseExecutor.java:224)
	at com.kms.katalon.core.main.TestCaseMain.runTestCase(TestCaseMain.java:106)
	at com.kms.katalon.core.keyword.builtin.CallTestCaseKeyword$_callTestCase_closure1.doCall(CallTestCaseKeyword.groovy:59)
	at com.kms.katalon.core.keyword.builtin.CallTestCaseKeyword$_callTestCase_closure1.call(CallTestCaseKeyword.groovy)
	at com.kms.katalon.core.keyword.internal.KeywordMain.runKeyword(KeywordMain.groovy:54)
	at com.kms.katalon.core.keyword.builtin.CallTestCaseKeyword.callTestCase(CallTestCaseKeyword.groovy:80)
	at com.kms.katalon.core.keyword.builtin.CallTestCaseKeyword.execute(CallTestCaseKeyword.groovy:44)
	at com.kms.katalon.core.keyword.internal.KeywordExecutor.executeKeywordForPlatform(KeywordExecutor.groovy:53)
	at com.kms.katalon.core.keyword.BuiltinKeywords.callTestCase(BuiltinKeywords.groovy:334)
	at National General.run(National General:54)
	at com.kms.katalon.core.main.ScriptEngine.run(ScriptEngine.java:194)
	at com.kms.katalon.core.main.ScriptEngine.runScriptAsRawText(ScriptEngine.java:119)
	at com.kms.katalon.core.main.TestCaseExecutor.runScript(TestCaseExecutor.java:328)
	at com.kms.katalon.core.main.TestCaseExecutor.doExecute(TestCaseExecutor.java:319)
	at com.kms.katalon.core.main.TestCaseExecutor.processExecutionPhase(TestCaseExecutor.java:298)
	at com.kms.katalon.core.main.TestCaseExecutor.accessMainPhase(TestCaseExecutor.java:290)
	at com.kms.katalon.core.main.TestCaseExecutor.execute(TestCaseExecutor.java:224)
	at com.kms.katalon.core.main.TestSuiteExecutor.accessTestCaseMainPhase(TestSuiteExecutor.java:129)
	at com.kms.katalon.core.main.TestSuiteExecutor.accessTestSuiteMainPhase(TestSuiteExecutor.java:112)
	at com.kms.katalon.core.main.TestSuiteExecutor.execute(TestSuiteExecutor.java:81)
	at com.kms.katalon.core.main.TestCaseMain.startTestSuite(TestCaseMain.java:149)
	at com.kms.katalon.core.main.TestCaseMain$startTestSuite$0.call(Unknown Source)
	at TempTestSuite1573995628848.run(TempTestSuite1573995628848.groovy:36)


2019-11-17 08:01:33 - [TEST_STEP][PASSED] - callTestCase(findTestCase("mobileWeb/_include/name"), [:], CONTINUE_ON_FAILURE): Call Test Case 'Test Cases/mobileWeb/_include/name' successfully

2019-11-17 08:01:33 - [TEST_CASE][PASSED] - Test Cases/mobileWeb/_include/name: Test Cases/mobileWeb/_include/name

2019-11-17 08:01:33 - [TEST_STEP][PASSED] - driver = getWebDriver(): null

2019-11-17 08:01:33 - [TEST_STEP][PASSED] - selenium = new com.thoughtworks.selenium.webdriven.WebDriverBackedSelenium(driver, internal.GlobalVariable.ENV): null

2019-11-17 08:01:33 - [TEST_STEP][PASSED] - FirstName = "Test-123": null

2019-11-17 08:01:33 - [TEST_STEP][PASSED] - LastName = selenium.getEval("{var x="ABCDEFGHIJKLMNOPQRSTUVWXYZabcdefghijklmnopqrstuvwxyz"; var tmp="ZZ11-"; for (i=0;i<8;i++) tmp+=x.charAt(Math.ceil(51*Math.random()));tmp;}"): null

2019-11-17 08:01:33 - [TEST_STEP][PASSED] - Address = selenium.getEval("{var x="ABCDEFGHIJKLMNOPQRSTUVWXYZabcdefghijklmnopqrstuvwxyz"; var tmp=""; for (i=0;i<8;i++) tmp+=x.charAt(Math.ceil(51*Math.random()));tmp;}"): null

2019-11-17 08:01:33 - [TEST_STEP][PASSED] - City = selenium.getEval("{var x="ABCDEFGHIJKLMNOPQRSTUVWXYZabcdefghijklmnopqrstuvwxyz"; var tmp=""; for (i=0;i<8;i++) tmp+=x.charAt(Math.ceil(51*Math.random()));tmp;}"): null

2019-11-17 08:01:33 - [TEST_STEP][PASSED] - tel1 = selenium.getEval("{var x="123456789"; var tmp=""; for (i=0;i<3;i++) tmp+=x.charAt(Math.ceil(8*Math.random()));tmp;}"): null

2019-11-17 08:01:33 - [TEST_STEP][PASSED] - tel2 = selenium.getEval("{var x="123456789"; var tmp=""; for (i=0;i<3;i++) tmp+=x.charAt(Math.ceil(8*Math.random()));tmp;}"): null

2019-11-17 08:01:33 - [TEST_STEP][PASSED] - tel3 = selenium.getEval("{var x="123456789"; var tmp=""; for (i=0;i<4;i++) tmp+=x.charAt(Math.ceil(8*Math.random()));tmp;}"): null

2019-11-17 08:01:33 - [TEST_STEP][PASSED] - Tel = selenium.getExpression(tel1 + "-" + tel2 + "-" + tel3): null

2019-11-17 08:01:33 - [TEST_STEP][PASSED] - AutoEmail = selenium.getEval("{var x="ABCDEFGHIJKLMNOPQRSTUVWXYZabcdefghijklmnopqrstuvwxyz"; var tmp="test."; for (i=0;i<8;i++) tmp+=x.charAt(Math.ceil(51*Math.random()));tmp+="@suryani.cn";}"): null

2019-11-17 08:01:33 - [TEST_STEP][PASSED] - FirstName = FirstName: null

2019-11-17 08:01:33 - [TEST_STEP][PASSED] - LastName = LastName: null

2019-11-17 08:01:33 - [TEST_STEP][PASSED] - Address = Address: null

2019-11-17 08:01:33 - [TEST_STEP][PASSED] - City = City: null

2019-11-17 08:01:33 - [TEST_STEP][PASSED] - Tel = Tel: null

2019-11-17 08:01:33 - [TEST_STEP][PASSED] - AutoEmail = AutoEmail: null

2019-11-17 08:01:33 - [TEST_STEP][PASSED] - println(FirstName): null

2019-11-17 08:01:33 - [TEST_STEP][PASSED] - println(LastName): null

2019-11-17 08:01:33 - [TEST_STEP][PASSED] - println(Address): null

2019-11-17 08:01:33 - [TEST_STEP][PASSED] - println(City): null

2019-11-17 08:01:33 - [TEST_STEP][PASSED] - println(Tel): null

2019-11-17 08:01:33 - [TEST_STEP][PASSED] - println(AutoEmail): null

2019-11-17 08:01:33 - [MESSAGE][PASSED] - Call Test Case 'Test Cases/mobileWeb/_include/name' successfully

2019-11-17 08:01:33 - [TEST_STEP][PASSED] - Thread.sleep(3000): null

2019-11-17 08:01:36 - [TEST_STEP][FAILED] - setText(findTestObject("mobileSanity/Dental/app_page1/input__member-P-1-firstName"), FirstName): Unable to set text 'Test-123' of object 'Object Repository/mobileSanity/Dental/app_page1/input__member-P-1-firstName' (Root cause: com.kms.katalon.core.webui.exception.WebElementNotFoundException: Web element with id: 'Object Repository/mobileSanity/Dental/app_page1/input__member-P-1-firstName' located by 'By.xpath: //input[@id = 'member-P-1-firstName' and @type = 'text']' not found)

2019-11-17 08:01:56 - [MESSAGE][INFO] - Unable to find the element located by 'By.xpath: //input[@id = 'member-P-1-firstName' and @type = 'text']'. Please recheck the objects properties to make sure the desired element is located. 

2019-11-17 08:01:57 - [MESSAGE][FAILED] - Unable to set text 'Test-123' of object 'Object Repository/mobileSanity/Dental/app_page1/input__member-P-1-firstName' (Root cause: com.kms.katalon.core.webui.exception.WebElementNotFoundException: Web element with id: 'Object Repository/mobileSanity/Dental/app_page1/input__member-P-1-firstName' located by 'By.xpath: //input[@id = 'member-P-1-firstName' and @type = 'text']' not found)
[[ATTACHMENT|D:\\Test\\AgileTest\\Reports\\mobileWeb\\dental\\20191117_080028\\1573995716960.png]]

2019-11-17 08:01:57 - [TEST_STEP][FAILED] - setText(findTestObject("mobileSanity/Dental/app_page1/input__member-P-1-lastName"), LastName): Unable to set text 'ZZ11-rMaJNNIZ' of object 'Object Repository/mobileSanity/Dental/app_page1/input__member-P-1-lastName' (Root cause: com.kms.katalon.core.webui.exception.WebElementNotFoundException: Web element with id: 'Object Repository/mobileSanity/Dental/app_page1/input__member-P-1-lastName' located by 'By.xpath: //input[@id = 'member-P-1-lastName' and @type = 'text']' not found)

2019-11-17 08:02:17 - [MESSAGE][INFO] - Unable to find the element located by 'By.xpath: //input[@id = 'member-P-1-lastName' and @type = 'text']'. Please recheck the objects properties to make sure the desired element is located. 

2019-11-17 08:02:18 - [MESSAGE][FAILED] - Unable to set text 'ZZ11-rMaJNNIZ' of object 'Object Repository/mobileSanity/Dental/app_page1/input__member-P-1-lastName' (Root cause: com.kms.katalon.core.webui.exception.WebElementNotFoundException: Web element with id: 'Object Repository/mobileSanity/Dental/app_page1/input__member-P-1-lastName' located by 'By.xpath: //input[@id = 'member-P-1-lastName' and @type = 'text']' not found)
[[ATTACHMENT|D:\\Test\\AgileTest\\Reports\\mobileWeb\\dental\\20191117_080028\\1573995737748.png]]

2019-11-17 08:02:18 - [TEST_STEP][FAILED] - setText(findTestObject("mobileSanity/Dental/app_page1/input__address"), Address): Unable to set text 'NYkblRug' of object 'Object Repository/mobileSanity/Dental/app_page1/input__address' (Root cause: com.kms.katalon.core.webui.exception.WebElementNotFoundException: Web element with id: 'Object Repository/mobileSanity/Dental/app_page1/input__address' located by 'By.xpath: //input[@type = 'text' and @id = 'address']' not found)

2019-11-17 08:02:38 - [MESSAGE][INFO] - Unable to find the element located by 'By.xpath: //input[@type = 'text' and @id = 'address']'. Please recheck the objects properties to make sure the desired element is located. 

2019-11-17 08:02:38 - [MESSAGE][FAILED] - Unable to set text 'NYkblRug' of object 'Object Repository/mobileSanity/Dental/app_page1/input__address' (Root cause: com.kms.katalon.core.webui.exception.WebElementNotFoundException: Web element with id: 'Object Repository/mobileSanity/Dental/app_page1/input__address' located by 'By.xpath: //input[@type = 'text' and @id = 'address']' not found)
[[ATTACHMENT|D:\\Test\\AgileTest\\Reports\\mobileWeb\\dental\\20191117_080028\\1573995758528.png]]

2019-11-17 08:02:38 - [TEST_STEP][FAILED] - setText(findTestObject("mobileSanity/Dental/app_page1/input__city"), City): Unable to set text 'RcfRpVZN' of object 'Object Repository/mobileSanity/Dental/app_page1/input__city' (Root cause: com.kms.katalon.core.webui.exception.WebElementNotFoundException: Web element with id: 'Object Repository/mobileSanity/Dental/app_page1/input__city' located by 'By.xpath: //input[@type = 'text' and @id = 'city']' not found)

2019-11-17 08:02:59 - [MESSAGE][INFO] - Unable to find the element located by 'By.xpath: //input[@type = 'text' and @id = 'city']'. Please recheck the objects properties to make sure the desired element is located. 

2019-11-17 08:02:59 - [MESSAGE][FAILED] - Unable to set text 'RcfRpVZN' of object 'Object Repository/mobileSanity/Dental/app_page1/input__city' (Root cause: com.kms.katalon.core.webui.exception.WebElementNotFoundException: Web element with id: 'Object Repository/mobileSanity/Dental/app_page1/input__city' located by 'By.xpath: //input[@type = 'text' and @id = 'city']' not found)
[[ATTACHMENT|D:\\Test\\AgileTest\\Reports\\mobileWeb\\dental\\20191117_080028\\1573995779297.png]]

2019-11-17 08:02:59 - [TEST_STEP][FAILED] - setText(findTestObject("mobileSanity/Dental/app_page1/input__email"), AutoEmail): Unable to set text 'test.mKfNRukb@suryani.cn' of object 'Object Repository/mobileSanity/Dental/app_page1/input__email' (Root cause: com.kms.katalon.core.webui.exception.WebElementNotFoundException: Web element with id: 'Object Repository/mobileSanity/Dental/app_page1/input__email' located by 'By.xpath: //input[@type = 'email' and @id = 'email']' not found)

2019-11-17 08:03:20 - [MESSAGE][INFO] - Unable to find the element located by 'By.xpath: //input[@type = 'email' and @id = 'email']'. Please recheck the objects properties to make sure the desired element is located. 

2019-11-17 08:03:20 - [MESSAGE][FAILED] - Unable to set text 'test.mKfNRukb@suryani.cn' of object 'Object Repository/mobileSanity/Dental/app_page1/input__email' (Root cause: com.kms.katalon.core.webui.exception.WebElementNotFoundException: Web element with id: 'Object Repository/mobileSanity/Dental/app_page1/input__email' located by 'By.xpath: //input[@type = 'email' and @id = 'email']' not found)
[[ATTACHMENT|D:\\Test\\AgileTest\\Reports\\mobileWeb\\dental\\20191117_080028\\1573995800050.png]]

2019-11-17 08:03:20 - [TEST_STEP][FAILED] - setText(findTestObject("mobileSanity/Dental/app_page1/input_phone"), Tel): Unable to set text '559-777-4366' of object 'Object Repository/mobileSanity/Dental/app_page1/input_phone' (Root cause: com.kms.katalon.core.webui.exception.WebElementNotFoundException: Web element with id: 'Object Repository/mobileSanity/Dental/app_page1/input_phone' located by 'By.xpath: //input[@id = 'primaryPhone']' not found)

2019-11-17 08:03:40 - [MESSAGE][INFO] - Unable to find the element located by 'By.xpath: //input[@id = 'primaryPhone']'. Please recheck the objects properties to make sure the desired element is located. 

2019-11-17 08:03:41 - [MESSAGE][FAILED] - Unable to set text '559-777-4366' of object 'Object Repository/mobileSanity/Dental/app_page1/input_phone' (Root cause: com.kms.katalon.core.webui.exception.WebElementNotFoundException: Web element with id: 'Object Repository/mobileSanity/Dental/app_page1/input_phone' located by 'By.xpath: //input[@id = 'primaryPhone']' not found)
[[ATTACHMENT|D:\\Test\\AgileTest\\Reports\\mobileWeb\\dental\\20191117_080028\\1573995820780.png]]

2019-11-17 08:03:41 - [TEST_STEP][FAILED] - click(findTestObject("mobileSanity/Dental/app_page1/a_Continue to Step 2 - Payment")): Unable to click on object 'Object Repository/mobileSanity/Dental/app_page1/a_Continue to Step 2 - Payment' (Root cause: com.kms.katalon.core.webui.exception.WebElementNotFoundException: Web element with id: 'Object Repository/mobileSanity/Dental/app_page1/a_Continue to Step 2 - Payment' located by 'By.xpath: //a[@id = 'js-app-continue-link' and @type = 'submit']' not found)

2019-11-17 08:04:01 - [MESSAGE][INFO] - Unable to find the element located by 'By.xpath: //a[@id = 'js-app-continue-link' and @type = 'submit']'. Please recheck the objects properties to make sure the desired element is located. 

2019-11-17 08:04:01 - [MESSAGE][FAILED] - Unable to click on object 'Object Repository/mobileSanity/Dental/app_page1/a_Continue to Step 2 - Payment' (Root cause: com.kms.katalon.core.webui.exception.WebElementNotFoundException: Web element with id: 'Object Repository/mobileSanity/Dental/app_page1/a_Continue to Step 2 - Payment' located by 'By.xpath: //a[@id = 'js-app-continue-link' and @type = 'submit']' not found)
[[ATTACHMENT|D:\\Test\\AgileTest\\Reports\\mobileWeb\\dental\\20191117_080028\\1573995841586.png]]

2019-11-17 08:04:01 - [TEST_STEP][PASSED] - waitForPageLoad(10): Wait for page load successfully

2019-11-17 08:04:01 - [MESSAGE][PASSED] - Wait for page load successfully

2019-11-17 08:04:01 - [TEST_STEP][PASSED] - Thread.sleep(2000): null

2019-11-17 08:04:03 - [TEST_STEP][PASSED] - if (carrier == "usa"): null

2019-11-17 08:04:03 - [TEST_STEP][PASSED] - callTestCase(findTestCase("mobileWeb/_include/get_screenshot"), [:], STOP_ON_FAILURE): Call Test Case 'Test Cases/mobileWeb/_include/get_screenshot' successfully

2019-11-17 08:04:04 - [TEST_CASE][PASSED] - Test Cases/mobileWeb/_include/get_screenshot: Test Cases/mobileWeb/_include/get_screenshot

2019-11-17 08:04:04 - [TEST_STEP][PASSED] - takeScreenshot(screenPath + i + ".png"): Taking screenshot successfully

2019-11-17 08:04:04 - [MESSAGE][PASSED] - Taking screenshot successfully
[[ATTACHMENT|D:\\Test\\AgileTest\\Reports\\mobileWeb\\dental\\20191117_080028\\../Screenshots/iPhone 6/dental/National General/20191117_080038/7.png]]

2019-11-17 08:04:04 - [TEST_STEP][PASSED] - (internal.GlobalVariable.i++): null

2019-11-17 08:04:04 - [MESSAGE][PASSED] - Call Test Case 'Test Cases/mobileWeb/_include/get_screenshot' successfully

2019-11-17 08:04:04 - [TEST_STEP][FAILED] - setText(findTestObject("mobileSanity/Dental/app_page2/input__credit-card-first"), FirstName): Unable to set text 'Test-123' of object 'Object Repository/mobileSanity/Dental/app_page2/input__credit-card-first' (Root cause: com.kms.katalon.core.webui.exception.WebElementNotFoundException: Web element with id: 'Object Repository/mobileSanity/Dental/app_page2/input__credit-card-first' located by 'By.xpath: //input[@type = 'text' and @id = 'credit-card-first']' not found)

2019-11-17 08:04:24 - [MESSAGE][INFO] - Unable to find the element located by 'By.xpath: //input[@type = 'text' and @id = 'credit-card-first']'. Please recheck the objects properties to make sure the desired element is located. 

2019-11-17 08:04:25 - [MESSAGE][FAILED] - Unable to set text 'Test-123' of object 'Object Repository/mobileSanity/Dental/app_page2/input__credit-card-first' (Root cause: com.kms.katalon.core.webui.exception.WebElementNotFoundException: Web element with id: 'Object Repository/mobileSanity/Dental/app_page2/input__credit-card-first' located by 'By.xpath: //input[@type = 'text' and @id = 'credit-card-first']' not found)
[[ATTACHMENT|D:\\Test\\AgileTest\\Reports\\mobileWeb\\dental\\20191117_080028\\1573995864791.png]]

2019-11-17 08:04:25 - [TEST_STEP][FAILED] - setText(findTestObject("mobileSanity/Dental/app_page2/input__credit-card-last"), LastName): Unable to set text 'ZZ11-rMaJNNIZ' of object 'Object Repository/mobileSanity/Dental/app_page2/input__credit-card-last' (Root cause: com.kms.katalon.core.webui.exception.WebElementNotFoundException: Web element with id: 'Object Repository/mobileSanity/Dental/app_page2/input__credit-card-last' located by 'By.xpath: //input[@type = 'text' and @id = 'credit-card-last']' not found)

2019-11-17 08:04:45 - [MESSAGE][INFO] - Unable to find the element located by 'By.xpath: //input[@type = 'text' and @id = 'credit-card-last']'. Please recheck the objects properties to make sure the desired element is located. 

2019-11-17 08:04:45 - [MESSAGE][FAILED] - Unable to set text 'ZZ11-rMaJNNIZ' of object 'Object Repository/mobileSanity/Dental/app_page2/input__credit-card-last' (Root cause: com.kms.katalon.core.webui.exception.WebElementNotFoundException: Web element with id: 'Object Repository/mobileSanity/Dental/app_page2/input__credit-card-last' located by 'By.xpath: //input[@type = 'text' and @id = 'credit-card-last']' not found)
[[ATTACHMENT|D:\\Test\\AgileTest\\Reports\\mobileWeb\\dental\\20191117_080028\\1573995885548.png]]

2019-11-17 08:04:45 - [TEST_STEP][FAILED] - selectOptionByValue(findTestObject("mobileSanity/Dental/app_page2/select_MM010203040506070809101"), "12", true): Unable to select option by value '12' of object 'Object Repository/mobileSanity/Dental/app_page2/select_MM010203040506070809101'  using regular expression (Root cause: com.kms.katalon.core.webui.exception.WebElementNotFoundException: Web element with id: 'Object Repository/mobileSanity/Dental/app_page2/select_MM010203040506070809101' located by 'By.xpath: //select[@id = 'expiration-month' and (text() = 'MM010203040506070809101112' or . = 'MM010203040506070809101112')]' not found)

2019-11-17 08:05:06 - [MESSAGE][INFO] - Unable to find the element located by 'By.xpath: //select[@id = 'expiration-month' and (text() = 'MM010203040506070809101112' or . = 'MM010203040506070809101112')]'. Please recheck the objects properties to make sure the desired element is located. 

2019-11-17 08:05:06 - [MESSAGE][FAILED] - Unable to select option by value '12' of object 'Object Repository/mobileSanity/Dental/app_page2/select_MM010203040506070809101'  using regular expression (Root cause: com.kms.katalon.core.webui.exception.WebElementNotFoundException: Web element with id: 'Object Repository/mobileSanity/Dental/app_page2/select_MM010203040506070809101' located by 'By.xpath: //select[@id = 'expiration-month' and (text() = 'MM010203040506070809101112' or . = 'MM010203040506070809101112')]' not found)
[[ATTACHMENT|D:\\Test\\AgileTest\\Reports\\mobileWeb\\dental\\20191117_080028\\1573995906335.png]]

2019-11-17 08:05:06 - [TEST_STEP][FAILED] - selectOptionByValue(findTestObject("mobileSanity/Dental/app_page2/select_YYYY2019202020212022202"), "2026", true): Unable to select option by value '2026' of object 'Object Repository/mobileSanity/Dental/app_page2/select_YYYY2019202020212022202'  using regular expression (Root cause: com.kms.katalon.core.webui.exception.WebElementNotFoundException: Web element with id: 'Object Repository/mobileSanity/Dental/app_page2/select_YYYY2019202020212022202' located by 'By.xpath: //select[@id = 'expiration-year' and (text() = 'YYYY20192020202120222023202420252026202720282029' or . = 'YYYY20192020202120222023202420252026202720282029')]' not found)

2019-11-17 08:05:27 - [MESSAGE][INFO] - Unable to find the element located by 'By.xpath: //select[@id = 'expiration-year' and (text() = 'YYYY20192020202120222023202420252026202720282029' or . = 'YYYY20192020202120222023202420252026202720282029')]'. Please recheck the objects properties to make sure the desired element is located. 

2019-11-17 08:05:27 - [MESSAGE][FAILED] - Unable to select option by value '2026' of object 'Object Repository/mobileSanity/Dental/app_page2/select_YYYY2019202020212022202'  using regular expression (Root cause: com.kms.katalon.core.webui.exception.WebElementNotFoundException: Web element with id: 'Object Repository/mobileSanity/Dental/app_page2/select_YYYY2019202020212022202' located by 'By.xpath: //select[@id = 'expiration-year' and (text() = 'YYYY20192020202120222023202420252026202720282029' or . = 'YYYY20192020202120222023202420252026202720282029')]' not found)
[[ATTACHMENT|D:\\Test\\AgileTest\\Reports\\mobileWeb\\dental\\20191117_080028\\1573995927113.png]]

2019-11-17 08:05:27 - [TEST_STEP][FAILED] - setText(findTestObject("mobileSanity/Dental/app_page2/input__credit-card-number"), "4111111111111111"): Unable to set text '4111111111111111' of object 'Object Repository/mobileSanity/Dental/app_page2/input__credit-card-number' (Root cause: com.kms.katalon.core.webui.exception.WebElementNotFoundException: Web element with id: 'Object Repository/mobileSanity/Dental/app_page2/input__credit-card-number' located by 'By.xpath: //input[@id = 'credit-card-number']' not found)

2019-11-17 08:05:47 - [MESSAGE][INFO] - Unable to find the element located by 'By.xpath: //input[@id = 'credit-card-number']'. Please recheck the objects properties to make sure the desired element is located. 

2019-11-17 08:05:48 - [MESSAGE][FAILED] - Unable to set text '4111111111111111' of object 'Object Repository/mobileSanity/Dental/app_page2/input__credit-card-number' (Root cause: com.kms.katalon.core.webui.exception.WebElementNotFoundException: Web element with id: 'Object Repository/mobileSanity/Dental/app_page2/input__credit-card-number' located by 'By.xpath: //input[@id = 'credit-card-number']' not found)
[[ATTACHMENT|D:\\Test\\AgileTest\\Reports\\mobileWeb\\dental\\20191117_080028\\1573995947856.png]]

2019-11-17 08:05:48 - [TEST_STEP][FAILED] - setText(findTestObject("mobileSanity/Dental/app_page2/input__cvv"), "123"): Unable to set text '123' of object 'Object Repository/mobileSanity/Dental/app_page2/input__cvv' (Root cause: com.kms.katalon.core.webui.exception.WebElementNotFoundException: Web element with id: 'Object Repository/mobileSanity/Dental/app_page2/input__cvv' located by 'By.xpath: //input[@id = 'credit-card-cvv']' not found)

2019-11-17 08:06:08 - [MESSAGE][INFO] - Unable to find the element located by 'By.xpath: //input[@id = 'credit-card-cvv']'. Please recheck the objects properties to make sure the desired element is located. 

2019-11-17 08:06:09 - [MESSAGE][FAILED] - Unable to set text '123' of object 'Object Repository/mobileSanity/Dental/app_page2/input__cvv' (Root cause: com.kms.katalon.core.webui.exception.WebElementNotFoundException: Web element with id: 'Object Repository/mobileSanity/Dental/app_page2/input__cvv' located by 'By.xpath: //input[@id = 'credit-card-cvv']' not found)
[[ATTACHMENT|D:\\Test\\AgileTest\\Reports\\mobileWeb\\dental\\20191117_080028\\1573995968612.png]]

2019-11-17 08:06:09 - [TEST_STEP][FAILED] - click(findTestObject("mobileSanity/Dental/app_page2/label_My billing address is th")): Unable to click on object 'Object Repository/mobileSanity/Dental/app_page2/label_My billing address is th' (Root cause: com.kms.katalon.core.webui.exception.WebElementNotFoundException: Web element with id: 'Object Repository/mobileSanity/Dental/app_page2/label_My billing address is th' located by 'By.xpath: //label[(text() = 'My billing address is the same as my contact information address.' or . = 'My billing address is the same as my contact information address.')]' not found)

2019-11-17 08:06:29 - [MESSAGE][INFO] - Unable to find the element located by 'By.xpath: //label[(text() = 'My billing address is the same as my contact information address.' or . = 'My billing address is the same as my contact information address.')]'. Please recheck the objects properties to make sure the desired element is located. 

2019-11-17 08:06:29 - [MESSAGE][FAILED] - Unable to click on object 'Object Repository/mobileSanity/Dental/app_page2/label_My billing address is th' (Root cause: com.kms.katalon.core.webui.exception.WebElementNotFoundException: Web element with id: 'Object Repository/mobileSanity/Dental/app_page2/label_My billing address is th' located by 'By.xpath: //label[(text() = 'My billing address is the same as my contact information address.' or . = 'My billing address is the same as my contact information address.')]' not found)
[[ATTACHMENT|D:\\Test\\AgileTest\\Reports\\mobileWeb\\dental\\20191117_080028\\1573995989372.png]]

2019-11-17 08:06:29 - [TEST_STEP][FAILED] - click(findTestObject("mobileSanity/Dental/app_page2/label_I Accept Authorization f")): Unable to click on object 'Object Repository/mobileSanity/Dental/app_page2/label_I Accept Authorization f' (Root cause: com.kms.katalon.core.webui.exception.WebElementNotFoundException: Web element with id: 'Object Repository/mobileSanity/Dental/app_page2/label_I Accept Authorization f' located by 'By.xpath: //label[(text() = 'I Accept Authorization for Automatic Credit Card Payment*' or . = 'I Accept Authorization for Automatic Credit Card Payment*')]' not found)

2019-11-17 08:06:50 - [MESSAGE][INFO] - Unable to find the element located by 'By.xpath: //label[(text() = 'I Accept Authorization for Automatic Credit Card Payment*' or . = 'I Accept Authorization for Automatic Credit Card Payment*')]'. Please recheck the objects properties to make sure the desired element is located. 

2019-11-17 08:06:50 - [MESSAGE][FAILED] - Unable to click on object 'Object Repository/mobileSanity/Dental/app_page2/label_I Accept Authorization f' (Root cause: com.kms.katalon.core.webui.exception.WebElementNotFoundException: Web element with id: 'Object Repository/mobileSanity/Dental/app_page2/label_I Accept Authorization f' located by 'By.xpath: //label[(text() = 'I Accept Authorization for Automatic Credit Card Payment*' or . = 'I Accept Authorization for Automatic Credit Card Payment*')]' not found)
[[ATTACHMENT|D:\\Test\\AgileTest\\Reports\\mobileWeb\\dental\\20191117_080028\\1573996010193.png]]

2019-11-17 08:06:50 - [TEST_STEP][FAILED] - click(findTestObject("mobileSanity/Dental/app_page2/a_Continue to Step 3 - Review")): Unable to click on object 'Object Repository/mobileSanity/Dental/app_page2/a_Continue to Step 3 - Review' (Root cause: com.kms.katalon.core.webui.exception.WebElementNotFoundException: Web element with id: 'Object Repository/mobileSanity/Dental/app_page2/a_Continue to Step 3 - Review' located by 'By.xpath: //a[@id = 'js-app-continue-link' and @type = 'submit']' not found)

2019-11-17 08:07:14 - [MESSAGE][INFO] - Unable to find the element located by 'By.xpath: //a[@id = 'js-app-continue-link' and @type = 'submit']'. Please recheck the objects properties to make sure the desired element is located. 

2019-11-17 08:07:14 - [MESSAGE][FAILED] - Unable to click on object 'Object Repository/mobileSanity/Dental/app_page2/a_Continue to Step 3 - Review' (Root cause: com.kms.katalon.core.webui.exception.WebElementNotFoundException: Web element with id: 'Object Repository/mobileSanity/Dental/app_page2/a_Continue to Step 3 - Review' located by 'By.xpath: //a[@id = 'js-app-continue-link' and @type = 'submit']' not found)
[[ATTACHMENT|D:\\Test\\AgileTest\\Reports\\mobileWeb\\dental\\20191117_080028\\1573996034212.png]]

2019-11-17 08:07:14 - [TEST_STEP][PASSED] - waitForPageLoad(20): Wait for page load successfully

2019-11-17 08:07:14 - [MESSAGE][PASSED] - Wait for page load successfully

2019-11-17 08:07:14 - [TEST_STEP][PASSED] - Thread.sleep(2000): null

2019-11-17 08:07:16 - [TEST_STEP][PASSED] - waitForElementClickable(findTestObject("mobileSanity/Dental/app_page3/label"), 20): Web element with id: 'Object Repository/mobileSanity/Dental/app_page3/label' located by 'By.xpath: //*[@id = 'consent-checkbox-0']' not found

2019-11-17 08:07:37 - [MESSAGE][INFO] - Unable to find the element located by 'By.xpath: //*[@id = 'consent-checkbox-0']'. Please recheck the objects properties to make sure the desired element is located. 

2019-11-17 08:07:37 - [MESSAGE][WARNING] - Web element with id: 'Object Repository/mobileSanity/Dental/app_page3/label' located by 'By.xpath: //*[@id = 'consent-checkbox-0']' not found

2019-11-17 08:07:37 - [TEST_STEP][PASSED] - callTestCase(findTestCase("mobileWeb/_include/get_screenshot"), [:], STOP_ON_FAILURE): Call Test Case 'Test Cases/mobileWeb/_include/get_screenshot' successfully

2019-11-17 08:07:37 - [TEST_CASE][PASSED] - Test Cases/mobileWeb/_include/get_screenshot: Test Cases/mobileWeb/_include/get_screenshot

2019-11-17 08:07:37 - [TEST_STEP][PASSED] - takeScreenshot(screenPath + i + ".png"): Taking screenshot successfully

2019-11-17 08:07:38 - [MESSAGE][PASSED] - Taking screenshot successfully
[[ATTACHMENT|D:\\Test\\AgileTest\\Reports\\mobileWeb\\dental\\20191117_080028\\../Screenshots/iPhone 6/dental/National General/20191117_080038/8.png]]

2019-11-17 08:07:38 - [TEST_STEP][PASSED] - (internal.GlobalVariable.i++): null

2019-11-17 08:07:38 - [MESSAGE][PASSED] - Call Test Case 'Test Cases/mobileWeb/_include/get_screenshot' successfully

2019-11-17 08:07:38 - [TEST_STEP][FAILED] - click(findTestObject("mobileSanity/Dental/app_page3/label")): Unable to click on object 'Object Repository/mobileSanity/Dental/app_page3/label' (Root cause: com.kms.katalon.core.webui.exception.WebElementNotFoundException: Web element with id: 'Object Repository/mobileSanity/Dental/app_page3/label' located by 'By.xpath: //*[@id = 'consent-checkbox-0']' not found)

2019-11-17 08:07:59 - [MESSAGE][INFO] - Unable to find the element located by 'By.xpath: //*[@id = 'consent-checkbox-0']'. Please recheck the objects properties to make sure the desired element is located. 

2019-11-17 08:08:00 - [MESSAGE][FAILED] - Unable to click on object 'Object Repository/mobileSanity/Dental/app_page3/label' (Root cause: com.kms.katalon.core.webui.exception.WebElementNotFoundException: Web element with id: 'Object Repository/mobileSanity/Dental/app_page3/label' located by 'By.xpath: //*[@id = 'consent-checkbox-0']' not found)
[[ATTACHMENT|D:\\Test\\AgileTest\\Reports\\mobileWeb\\dental\\20191117_080028\\1573996079639.png]]

2019-11-17 08:08:00 - [TEST_STEP][FAILED] - click(findTestObject("mobileSanity/Dental/app_page3/p_CLICK TO SIGN")): Unable to click on object 'Object Repository/mobileSanity/Dental/app_page3/p_CLICK TO SIGN' (Root cause: com.kms.katalon.core.webui.exception.WebElementNotFoundException: Web element with id: 'Object Repository/mobileSanity/Dental/app_page3/p_CLICK TO SIGN' located by 'By.xpath: //*[@id = 'js-signature-tab']' not found)

2019-11-17 08:08:21 - [MESSAGE][INFO] - Unable to find the element located by 'By.xpath: //*[@id = 'js-signature-tab']'. Please recheck the objects properties to make sure the desired element is located. 

2019-11-17 08:08:21 - [MESSAGE][FAILED] - Unable to click on object 'Object Repository/mobileSanity/Dental/app_page3/p_CLICK TO SIGN' (Root cause: com.kms.katalon.core.webui.exception.WebElementNotFoundException: Web element with id: 'Object Repository/mobileSanity/Dental/app_page3/p_CLICK TO SIGN' located by 'By.xpath: //*[@id = 'js-signature-tab']' not found)
[[ATTACHMENT|D:\\Test\\AgileTest\\Reports\\mobileWeb\\dental\\20191117_080028\\1573996101221.png]]

2019-11-17 08:08:21 - [TEST_STEP][FAILED] - click(findTestObject("mobileSanity/Dental/app_page3/a_Submit Your Application")): Unable to click on object 'Object Repository/mobileSanity/Dental/app_page3/a_Submit Your Application' (Root cause: com.kms.katalon.core.webui.exception.WebElementNotFoundException: Web element with id: 'Object Repository/mobileSanity/Dental/app_page3/a_Submit Your Application' located by 'By.xpath: //a[@id = 'js-app-continue-link' and @type = 'submit']' not found)

2019-11-17 08:08:43 - [MESSAGE][INFO] - Unable to find the element located by 'By.xpath: //a[@id = 'js-app-continue-link' and @type = 'submit']'. Please recheck the objects properties to make sure the desired element is located. 

2019-11-17 08:08:43 - [MESSAGE][FAILED] - Unable to click on object 'Object Repository/mobileSanity/Dental/app_page3/a_Submit Your Application' (Root cause: com.kms.katalon.core.webui.exception.WebElementNotFoundException: Web element with id: 'Object Repository/mobileSanity/Dental/app_page3/a_Submit Your Application' located by 'By.xpath: //a[@id = 'js-app-continue-link' and @type = 'submit']' not found)
[[ATTACHMENT|D:\\Test\\AgileTest\\Reports\\mobileWeb\\dental\\20191117_080028\\1573996123379.png]]

2019-11-17 08:08:43 - [TEST_STEP][PASSED] - Thread.sleep(50000): null

2019-11-17 08:09:33 - [TEST_STEP][PASSED] - waitForElementPresent(findTestObject("mobileSanity/Dental/app_page4/js-app-confirmation"), 20): Object 'Object Repository/mobileSanity/Dental/app_page4/js-app-confirmation' is not present after 20 second(s)

2019-11-17 08:09:54 - [MESSAGE][INFO] - Unable to find the element located by 'By.xpath: //*[@id = 'js-app-confirmation']'. Please recheck the objects properties to make sure the desired element is located. 

2019-11-17 08:09:54 - [MESSAGE][WARNING] - Object 'Object Repository/mobileSanity/Dental/app_page4/js-app-confirmation' is not present after 20 second(s)

2019-11-17 08:09:54 - [TEST_STEP][FAILED] - callTestCase(findTestCase("mobileWeb/_include/get_screenshot"), [:], STOP_ON_FAILURE): callTestCase(findTestCase("mobileWeb/_include/get_screenshot"), [:], STOP_ON_FAILURE) FAILED.
Reason:
com.kms.katalon.core.exception.StepFailedException: Unable to set text 'Test-123' of object 'Object Repository/mobileSanity/Dental/app_page1/input__member-P-1-firstName' (Root cause: com.kms.katalon.core.webui.exception.WebElementNotFoundException: Web element with id: 'Object Repository/mobileSanity/Dental/app_page1/input__member-P-1-firstName' located by 'By.xpath: //input[@id = 'member-P-1-firstName' and @type = 'text']' not found)
	at com.kms.katalon.core.keyword.internal.KeywordMain.stepFailed(KeywordMain.groovy:32)
	at com.kms.katalon.core.webui.keyword.internal.WebUIKeywordMain.stepFailed(WebUIKeywordMain.groovy:65)
	at com.kms.katalon.core.webui.keyword.internal.WebUIKeywordMain.runKeyword(WebUIKeywordMain.groovy:27)
	at com.kms.katalon.core.webui.keyword.builtin.SetTextKeyword.setText(SetTextKeyword.groovy:65)
	at com.kms.katalon.core.webui.keyword.builtin.SetTextKeyword.execute(SetTextKeyword.groovy:37)
	at com.kms.katalon.core.keyword.internal.KeywordExecutor.executeKeywordForPlatform(KeywordExecutor.groovy:53)
	at com.kms.katalon.core.webui.keyword.WebUiBuiltInKeywords.setText(WebUiBuiltInKeywords.groovy:950)
	at com.kms.katalon.core.webui.keyword.WebUiBuiltInKeywords$setText$4.call(Unknown Source)
	at goToEnd_dental.run(goToEnd_dental:20)
	at com.kms.katalon.core.main.ScriptEngine.run(ScriptEngine.java:194)
	at com.kms.katalon.core.main.ScriptEngine.runScriptAsRawText(ScriptEngine.java:119)
	at com.kms.katalon.core.main.TestCaseExecutor.runScript(TestCaseExecutor.java:328)
	at com.kms.katalon.core.main.TestCaseExecutor.doExecute(TestCaseExecutor.java:319)
	at com.kms.katalon.core.main.TestCaseExecutor.processExecutionPhase(TestCaseExecutor.java:298)
	at com.kms.katalon.core.main.TestCaseExecutor.accessMainPhase(TestCaseExecutor.java:290)
	at com.kms.katalon.core.main.TestCaseExecutor.execute(TestCaseExecutor.java:224)
	at com.kms.katalon.core.main.TestCaseMain.runTestCase(TestCaseMain.java:106)
	at com.kms.katalon.core.keyword.builtin.CallTestCaseKeyword$_callTestCase_closure1.doCall(CallTestCaseKeyword.groovy:59)
	at com.kms.katalon.core.keyword.builtin.CallTestCaseKeyword$_callTestCase_closure1.call(CallTestCaseKeyword.groovy)
	at com.kms.katalon.core.keyword.internal.KeywordMain.runKeyword(KeywordMain.groovy:54)
	at com.kms.katalon.core.keyword.builtin.CallTestCaseKeyword.callTestCase(CallTestCaseKeyword.groovy:80)
	at com.kms.katalon.core.keyword.builtin.CallTestCaseKeyword.execute(CallTestCaseKeyword.groovy:44)
	at com.kms.katalon.core.keyword.internal.KeywordExecutor.executeKeywordForPlatform(KeywordExecutor.groovy:53)
	at com.kms.katalon.core.keyword.BuiltinKeywords.callTestCase(BuiltinKeywords.groovy:334)
	at National General.run(National General:54)
	at com.kms.katalon.core.main.ScriptEngine.run(ScriptEngine.java:194)
	at com.kms.katalon.core.main.ScriptEngine.runScriptAsRawText(ScriptEngine.java:119)
	at com.kms.katalon.core.main.TestCaseExecutor.runScript(TestCaseExecutor.java:328)
	at com.kms.katalon.core.main.TestCaseExecutor.doExecute(TestCaseExecutor.java:319)
	at com.kms.katalon.core.main.TestCaseExecutor.processExecutionPhase(TestCaseExecutor.java:298)
	at com.kms.katalon.core.main.TestCaseExecutor.accessMainPhase(TestCaseExecutor.java:290)
	at com.kms.katalon.core.main.TestCaseExecutor.execute(TestCaseExecutor.java:224)
	at com.kms.katalon.core.main.TestSuiteExecutor.accessTestCaseMainPhase(TestSuiteExecutor.java:129)
	at com.kms.katalon.core.main.TestSuiteExecutor.accessTestSuiteMainPhase(TestSuiteExecutor.java:112)
	at com.kms.katalon.core.main.TestSuiteExecutor.execute(TestSuiteExecutor.java:81)
	at com.kms.katalon.core.main.TestCaseMain.startTestSuite(TestCaseMain.java:149)
	at com.kms.katalon.core.main.TestCaseMain$startTestSuite$0.call(Unknown Source)
	at TempTestSuite1573995628848.run(TempTestSuite1573995628848.groovy:36)


2019-11-17 08:09:54 - [TEST_CASE][PASSED] - Test Cases/mobileWeb/_include/get_screenshot: Test Cases/mobileWeb/_include/get_screenshot

2019-11-17 08:09:54 - [TEST_STEP][PASSED] - takeScreenshot(screenPath + i + ".png"): Taking screenshot successfully

2019-11-17 08:09:54 - [MESSAGE][PASSED] - Taking screenshot successfully
[[ATTACHMENT|D:\\Test\\AgileTest\\Reports\\mobileWeb\\dental\\20191117_080028\\../Screenshots/iPhone 6/dental/National General/20191117_080038/9.png]]

2019-11-17 08:09:54 - [TEST_STEP][PASSED] - (internal.GlobalVariable.i++): null

2019-11-17 08:09:54 - [MESSAGE][PASSED] - Call Test Case 'Test Cases/mobileWeb/_include/get_screenshot' successfully

2019-11-17 08:09:54 - [MESSAGE][FAILED] - callTestCase(findTestCase("mobileWeb/_include/get_screenshot"), [:], STOP_ON_FAILURE) FAILED.
Reason:
com.kms.katalon.core.exception.StepFailedException: Unable to set text 'Test-123' of object 'Object Repository/mobileSanity/Dental/app_page1/input__member-P-1-firstName' (Root cause: com.kms.katalon.core.webui.exception.WebElementNotFoundException: Web element with id: 'Object Repository/mobileSanity/Dental/app_page1/input__member-P-1-firstName' located by 'By.xpath: //input[@id = 'member-P-1-firstName' and @type = 'text']' not found)
	at com.kms.katalon.core.keyword.internal.KeywordMain.stepFailed(KeywordMain.groovy:32)
	at com.kms.katalon.core.webui.keyword.internal.WebUIKeywordMain.stepFailed(WebUIKeywordMain.groovy:65)
	at com.kms.katalon.core.webui.keyword.internal.WebUIKeywordMain.runKeyword(WebUIKeywordMain.groovy:27)
	at com.kms.katalon.core.webui.keyword.builtin.SetTextKeyword.setText(SetTextKeyword.groovy:65)
	at com.kms.katalon.core.webui.keyword.builtin.SetTextKeyword.execute(SetTextKeyword.groovy:37)
	at com.kms.katalon.core.keyword.internal.KeywordExecutor.executeKeywordForPlatform(KeywordExecutor.groovy:53)
	at com.kms.katalon.core.webui.keyword.WebUiBuiltInKeywords.setText(WebUiBuiltInKeywords.groovy:950)
	at com.kms.katalon.core.webui.keyword.WebUiBuiltInKeywords$setText$4.call(Unknown Source)
	at goToEnd_dental.run(goToEnd_dental:20)
	at com.kms.katalon.core.main.ScriptEngine.run(ScriptEngine.java:194)
	at com.kms.katalon.core.main.ScriptEngine.runScriptAsRawText(ScriptEngine.java:119)
	at com.kms.katalon.core.main.TestCaseExecutor.runScript(TestCaseExecutor.java:328)
	at com.kms.katalon.core.main.TestCaseExecutor.doExecute(TestCaseExecutor.java:319)
	at com.kms.katalon.core.main.TestCaseExecutor.processExecutionPhase(TestCaseExecutor.java:298)
	at com.kms.katalon.core.main.TestCaseExecutor.accessMainPhase(TestCaseExecutor.java:290)
	at com.kms.katalon.core.main.TestCaseExecutor.execute(TestCaseExecutor.java:224)
	at com.kms.katalon.core.main.TestCaseMain.runTestCase(TestCaseMain.java:106)
	at com.kms.katalon.core.keyword.builtin.CallTestCaseKeyword$_callTestCase_closure1.doCall(CallTestCaseKeyword.groovy:59)
	at com.kms.katalon.core.keyword.builtin.CallTestCaseKeyword$_callTestCase_closure1.call(CallTestCaseKeyword.groovy)
	at com.kms.katalon.core.keyword.internal.KeywordMain.runKeyword(KeywordMain.groovy:54)
	at com.kms.katalon.core.keyword.builtin.CallTestCaseKeyword.callTestCase(CallTestCaseKeyword.groovy:80)
	at com.kms.katalon.core.keyword.builtin.CallTestCaseKeyword.execute(CallTestCaseKeyword.groovy:44)
	at com.kms.katalon.core.keyword.internal.KeywordExecutor.executeKeywordForPlatform(KeywordExecutor.groovy:53)
	at com.kms.katalon.core.keyword.BuiltinKeywords.callTestCase(BuiltinKeywords.groovy:334)
	at National General.run(National General:54)
	at com.kms.katalon.core.main.ScriptEngine.run(ScriptEngine.java:194)
	at com.kms.katalon.core.main.ScriptEngine.runScriptAsRawText(ScriptEngine.java:119)
	at com.kms.katalon.core.main.TestCaseExecutor.runScript(TestCaseExecutor.java:328)
	at com.kms.katalon.core.main.TestCaseExecutor.doExecute(TestCaseExecutor.java:319)
	at com.kms.katalon.core.main.TestCaseExecutor.processExecutionPhase(TestCaseExecutor.java:298)
	at com.kms.katalon.core.main.TestCaseExecutor.accessMainPhase(TestCaseExecutor.java:290)
	at com.kms.katalon.core.main.TestCaseExecutor.execute(TestCaseExecutor.java:224)
	at com.kms.katalon.core.main.TestSuiteExecutor.accessTestCaseMainPhase(TestSuiteExecutor.java:129)
	at com.kms.katalon.core.main.TestSuiteExecutor.accessTestSuiteMainPhase(TestSuiteExecutor.java:112)
	at com.kms.katalon.core.main.TestSuiteExecutor.execute(TestSuiteExecutor.java:81)
	at com.kms.katalon.core.main.TestCaseMain.startTestSuite(TestCaseMain.java:149)
	at com.kms.katalon.core.main.TestCaseMain$startTestSuite$0.call(Unknown Source)
	at TempTestSuite1573995628848.run(TempTestSuite1573995628848.groovy:36)


2019-11-17 08:09:54 - [MESSAGE][FAILED] - Unable to call Test Case 'Test Cases/mobileWeb/_include/goToEnd_dental' (Root cause: com.kms.katalon.core.exception.StepFailedException: Call Test Case 'Test Cases/mobileWeb/_include/goToEnd_dental' failed)

2019-11-17 08:09:54 - [MESSAGE][FAILED] - callTestCase(findTestCase("mobileWeb/_include/goToEnd_dental"), ["carrier":"nationalgeneral"], CONTINUE_ON_FAILURE) FAILED.
Reason:
com.kms.katalon.core.exception.StepFailedException: Unable to click on object 'Object Repository/mobileSanity/Dental/quote/a_Select This Plan' (Root cause: org.openqa.selenium.WebDriverException: unknown error: Element <a href="/dental-insurance/apply/nationalgeneral-dental-essentials-al" class="js-buy-plan quote-plan-buy">...</a> is not clickable at point (187, 645). Other element would receive the click: <iframe src="https://secure.livechatinc.com/licence/11465608/v2/open_chat.cgi?license=11465608&amp;group=0&amp;embedded=1&amp;widget_version=3&amp;unique_groups=0" allowtransparency="true" allow="autoplay" id="chat-widget" name="chat-widget" scrolling="no" role="application" aria-label="LiveChat chat widget" style="width: 100%; height: 100%; min-height: 0px; min-width: 0px; margin: 0px; padding: 0px; background-image: none; background-position: 0% 0%; background-size: initial; background-attachment: scroll; background-origin: initial; background-clip: initial; background-color: rgba(0, 0, 0, 0); border-width: 0px; float: none; position: absolute; top: 0px; left: 0px; bottom: 0px; right: 0px; transition: none 0s ease 0s !important;"></iframe>
  (Session info: chrome=78.0.3904.70)
  (Driver info: chromedriver=2.43.600210 (68dcf5eebde37173d4027fa8635e332711d2874a),platform=Windows NT 6.3.9600 x86_64) (WARNING: The server did not provide any stacktrace information)
Command duration or timeout: 0 milliseconds
Build info: version: '3.7.1', revision: '8a0099a', time: '2017-11-06T21:07:36.161Z'
System info: host: 'WIN-U215233FMVE', ip: '172.30.0.53', os.name: 'Windows Server 2012 R2', os.arch: 'amd64', os.version: '6.3', java.version: '1.8.0_181'
Driver info: com.kms.katalon.selenium.driver.CChromeDriver
Capabilities {acceptInsecureCerts: false, acceptSslCerts: false, applicationCacheEnabled: false, browserConnectionEnabled: false, browserName: chrome, chrome: {chromedriverVersion: 2.43.600210 (68dcf5eebde371..., userDataDir: C:\Users\ADMINI~1\AppData\L...}, cssSelectorsEnabled: true, databaseEnabled: false, goog:chromeOptions: {debuggerAddress: localhost:53335}, handlesAlerts: true, hasTouchScreen: true, javascriptEnabled: true, locationContextEnabled: true, mobileEmulationEnabled: true, nativeEvents: true, networkConnectionEnabled: false, pageLoadStrategy: normal, platform: XP, platformName: XP, rotatable: false, setWindowRect: true, takesHeapSnapshot: true, takesScreenshot: true, unexpectedAlertBehaviour: , unhandledPromptBehavior: , version: 78.0.3904.70, webStorageEnabled: true}
Session ID: a2aa0c4514b711bb5ee0433769b098fe)
	at com.kms.katalon.core.keyword.internal.KeywordMain.stepFailed(KeywordMain.groovy:32)
	at com.kms.katalon.core.webui.keyword.internal.WebUIKeywordMain.stepFailed(WebUIKeywordMain.groovy:65)
	at com.kms.katalon.core.webui.keyword.internal.WebUIKeywordMain.runKeyword(WebUIKeywordMain.groovy:27)
	at com.kms.katalon.core.webui.keyword.builtin.ClickKeyword.click(ClickKeyword.groovy:86)
	at com.kms.katalon.core.webui.keyword.builtin.ClickKeyword.execute(ClickKeyword.groovy:67)
	at com.kms.katalon.core.keyword.internal.KeywordExecutor.executeKeywordForPlatform(KeywordExecutor.groovy:53)
	at com.kms.katalon.core.webui.keyword.WebUiBuiltInKeywords.click(WebUiBuiltInKeywords.groovy:616)
	at com.kms.katalon.core.webui.keyword.WebUiBuiltInKeywords$click$2.call(Unknown Source)
	at National General.run(National General:40)
	at com.kms.katalon.core.main.ScriptEngine.run(ScriptEngine.java:194)
	at com.kms.katalon.core.main.ScriptEngine.runScriptAsRawText(ScriptEngine.java:119)
	at com.kms.katalon.core.main.TestCaseExecutor.runScript(TestCaseExecutor.java:328)
	at com.kms.katalon.core.main.TestCaseExecutor.doExecute(TestCaseExecutor.java:319)
	at com.kms.katalon.core.main.TestCaseExecutor.processExecutionPhase(TestCaseExecutor.java:298)
	at com.kms.katalon.core.main.TestCaseExecutor.accessMainPhase(TestCaseExecutor.java:290)
	at com.kms.katalon.core.main.TestCaseExecutor.execute(TestCaseExecutor.java:224)
	at com.kms.katalon.core.main.TestSuiteExecutor.accessTestCaseMainPhase(TestSuiteExecutor.java:129)
	at com.kms.katalon.core.main.TestSuiteExecutor.accessTestSuiteMainPhase(TestSuiteExecutor.java:112)
	at com.kms.katalon.core.main.TestSuiteExecutor.execute(TestSuiteExecutor.java:81)
	at com.kms.katalon.core.main.TestCaseMain.startTestSuite(TestCaseMain.java:149)
	at com.kms.katalon.core.main.TestCaseMain$startTestSuite$0.call(Unknown Source)
	at TempTestSuite1573995628848.run(TempTestSuite1573995628848.groovy:36)]]></system-out>
         <system-err><![CDATA[2019-11-17 08:00:34 - [TEST_CASE][FAILED] - Test Cases/mobileWeb/Dental/National General: Test Cases/mobileWeb/Dental/National General FAILED.
Reason:
com.kms.katalon.core.exception.StepFailedException: Unable to click on object 'Object Repository/mobileSanity/Dental/quote/a_Select This Plan' (Root cause: org.openqa.selenium.WebDriverException: unknown error: Element <a href="/dental-insurance/apply/nationalgeneral-dental-essentials-al" class="js-buy-plan quote-plan-buy">...</a> is not clickable at point (187, 645). Other element would receive the click: <iframe src="https://secure.livechatinc.com/licence/11465608/v2/open_chat.cgi?license=11465608&amp;group=0&amp;embedded=1&amp;widget_version=3&amp;unique_groups=0" allowtransparency="true" allow="autoplay" id="chat-widget" name="chat-widget" scrolling="no" role="application" aria-label="LiveChat chat widget" style="width: 100%; height: 100%; min-height: 0px; min-width: 0px; margin: 0px; padding: 0px; background-image: none; background-position: 0% 0%; background-size: initial; background-attachment: scroll; background-origin: initial; background-clip: initial; background-color: rgba(0, 0, 0, 0); border-width: 0px; float: none; position: absolute; top: 0px; left: 0px; bottom: 0px; right: 0px; transition: none 0s ease 0s !important;"></iframe>
  (Session info: chrome=78.0.3904.70)
  (Driver info: chromedriver=2.43.600210 (68dcf5eebde37173d4027fa8635e332711d2874a),platform=Windows NT 6.3.9600 x86_64) (WARNING: The server did not provide any stacktrace information)
Command duration or timeout: 0 milliseconds
Build info: version: '3.7.1', revision: '8a0099a', time: '2017-11-06T21:07:36.161Z'
System info: host: 'WIN-U215233FMVE', ip: '172.30.0.53', os.name: 'Windows Server 2012 R2', os.arch: 'amd64', os.version: '6.3', java.version: '1.8.0_181'
Driver info: com.kms.katalon.selenium.driver.CChromeDriver
Capabilities {acceptInsecureCerts: false, acceptSslCerts: false, applicationCacheEnabled: false, browserConnectionEnabled: false, browserName: chrome, chrome: {chromedriverVersion: 2.43.600210 (68dcf5eebde371..., userDataDir: C:\Users\ADMINI~1\AppData\L...}, cssSelectorsEnabled: true, databaseEnabled: false, goog:chromeOptions: {debuggerAddress: localhost:53335}, handlesAlerts: true, hasTouchScreen: true, javascriptEnabled: true, locationContextEnabled: true, mobileEmulationEnabled: true, nativeEvents: true, networkConnectionEnabled: false, pageLoadStrategy: normal, platform: XP, platformName: XP, rotatable: false, setWindowRect: true, takesHeapSnapshot: true, takesScreenshot: true, unexpectedAlertBehaviour: , unhandledPromptBehavior: , version: 78.0.3904.70, webStorageEnabled: true}
Session ID: a2aa0c4514b711bb5ee0433769b098fe)
	at com.kms.katalon.core.keyword.internal.KeywordMain.stepFailed(KeywordMain.groovy:32)
	at com.kms.katalon.core.webui.keyword.internal.WebUIKeywordMain.stepFailed(WebUIKeywordMain.groovy:65)
	at com.kms.katalon.core.webui.keyword.internal.WebUIKeywordMain.runKeyword(WebUIKeywordMain.groovy:27)
	at com.kms.katalon.core.webui.keyword.builtin.ClickKeyword.click(ClickKeyword.groovy:86)
	at com.kms.katalon.core.webui.keyword.builtin.ClickKeyword.execute(ClickKeyword.groovy:67)
	at com.kms.katalon.core.keyword.internal.KeywordExecutor.executeKeywordForPlatform(KeywordExecutor.groovy:53)
	at com.kms.katalon.core.webui.keyword.WebUiBuiltInKeywords.click(WebUiBuiltInKeywords.groovy:616)
	at com.kms.katalon.core.webui.keyword.WebUiBuiltInKeywords$click$2.call(Unknown Source)
	at National General.run(National General:40)
	at com.kms.katalon.core.main.ScriptEngine.run(ScriptEngine.java:194)
	at com.kms.katalon.core.main.ScriptEngine.runScriptAsRawText(ScriptEngine.java:119)
	at com.kms.katalon.core.main.TestCaseExecutor.runScript(TestCaseExecutor.java:328)
	at com.kms.katalon.core.main.TestCaseExecutor.doExecute(TestCaseExecutor.java:319)
	at com.kms.katalon.core.main.TestCaseExecutor.processExecutionPhase(TestCaseExecutor.java:298)
	at com.kms.katalon.core.main.TestCaseExecutor.accessMainPhase(TestCaseExecutor.java:290)
	at com.kms.katalon.core.main.TestCaseExecutor.execute(TestCaseExecutor.java:224)
	at com.kms.katalon.core.main.TestSuiteExecutor.accessTestCaseMainPhase(TestSuiteExecutor.java:129)
	at com.kms.katalon.core.main.TestSuiteExecutor.accessTestSuiteMainPhase(TestSuiteExecutor.java:112)
	at com.kms.katalon.core.main.TestSuiteExecutor.execute(TestSuiteExecutor.java:81)
	at com.kms.katalon.core.main.TestCaseMain.startTestSuite(TestCaseMain.java:149)
	at com.kms.katalon.core.main.TestCaseMain$startTestSuite$0.call(Unknown Source)
	at TempTestSuite1573995628848.run(TempTestSuite1573995628848.groovy:36)]]></system-err>
      </testcase>
      <testcase name="Test Cases/mobileWeb/Dental/Nationwide" classname="Test Cases/mobileWeb/Dental/Nationwide" status="FAILED">
         <failure type="FAILED" message="Test Cases/mobileWeb/Dental/Nationwide FAILED.
Reason:
com.kms.katalon.core.exception.StepFailedException: Unable to click on object 'Object Repository/mobileSanity/Dental/quote/a_Select This Plan' (Root cause: org.openqa.selenium.WebDriverException: unknown error: Element &lt;a href=&quot;/dental-insurance/apply/foundation-dental-protector-i-al&quot; class=&quot;js-buy-plan quote-plan-buy&quot;>...&lt;/a> is not clickable at point (187, 645). Other element would receive the click: &lt;iframe src=&quot;https://secure.livechatinc.com/licence/11465608/v2/open_chat.cgi?license=11465608&amp;amp;group=0&amp;amp;embedded=1&amp;amp;widget_version=3&amp;amp;unique_groups=0&quot; allowtransparency=&quot;true&quot; allow=&quot;autoplay&quot; id=&quot;chat-widget&quot; name=&quot;chat-widget&quot; scrolling=&quot;no&quot; role=&quot;application&quot; aria-label=&quot;LiveChat chat widget&quot; style=&quot;width: 100%; height: 100%; min-height: 0px; min-width: 0px; margin: 0px; padding: 0px; background-image: none; background-position: 0% 0%; background-size: initial; background-attachment: scroll; background-origin: initial; background-clip: initial; background-color: rgba(0, 0, 0, 0); border-width: 0px; float: none; position: absolute; top: 0px; left: 0px; bottom: 0px; right: 0px; transition: none 0s ease 0s !important;&quot;>&lt;/iframe>
  (Session info: chrome=78.0.3904.70)
  (Driver info: chromedriver=2.43.600210 (68dcf5eebde37173d4027fa8635e332711d2874a),platform=Windows NT 6.3.9600 x86_64) (WARNING: The server did not provide any stacktrace information)
Command duration or timeout: 0 milliseconds
Build info: version: '3.7.1', revision: '8a0099a', time: '2017-11-06T21:07:36.161Z'
System info: host: 'WIN-U215233FMVE', ip: '172.30.0.53', os.name: 'Windows Server 2012 R2', os.arch: 'amd64', os.version: '6.3', java.version: '1.8.0_181'
Driver info: com.kms.katalon.selenium.driver.CChromeDriver
Capabilities {acceptInsecureCerts: false, acceptSslCerts: false, applicationCacheEnabled: false, browserConnectionEnabled: false, browserName: chrome, chrome: {chromedriverVersion: 2.43.600210 (68dcf5eebde371..., userDataDir: C:\Users\ADMINI~1\AppData\L...}, cssSelectorsEnabled: true, databaseEnabled: false, goog:chromeOptions: {debuggerAddress: localhost:54751}, handlesAlerts: true, hasTouchScreen: true, javascriptEnabled: true, locationContextEnabled: true, mobileEmulationEnabled: true, nativeEvents: true, networkConnectionEnabled: false, pageLoadStrategy: normal, platform: XP, platformName: XP, rotatable: false, setWindowRect: true, takesHeapSnapshot: true, takesScreenshot: true, unexpectedAlertBehaviour: , unhandledPromptBehavior: , version: 78.0.3904.70, webStorageEnabled: true}
Session ID: 2d9979bba807298bed104037cf2412a1)
	at com.kms.katalon.core.keyword.internal.KeywordMain.stepFailed(KeywordMain.groovy:32)
	at com.kms.katalon.core.webui.keyword.internal.WebUIKeywordMain.stepFailed(WebUIKeywordMain.groovy:65)
	at com.kms.katalon.core.webui.keyword.internal.WebUIKeywordMain.runKeyword(WebUIKeywordMain.groovy:27)
	at com.kms.katalon.core.webui.keyword.builtin.ClickKeyword.click(ClickKeyword.groovy:86)
	at com.kms.katalon.core.webui.keyword.builtin.ClickKeyword.execute(ClickKeyword.groovy:67)
	at com.kms.katalon.core.keyword.internal.KeywordExecutor.executeKeywordForPlatform(KeywordExecutor.groovy:53)
	at com.kms.katalon.core.webui.keyword.WebUiBuiltInKeywords.click(WebUiBuiltInKeywords.groovy:616)
	at com.kms.katalon.core.webui.keyword.WebUiBuiltInKeywords$click$2.call(Unknown Source)
	at Nationwide.run(Nationwide:40)
	at com.kms.katalon.core.main.ScriptEngine.run(ScriptEngine.java:194)
	at com.kms.katalon.core.main.ScriptEngine.runScriptAsRawText(ScriptEngine.java:119)
	at com.kms.katalon.core.main.TestCaseExecutor.runScript(TestCaseExecutor.java:328)
	at com.kms.katalon.core.main.TestCaseExecutor.doExecute(TestCaseExecutor.java:319)
	at com.kms.katalon.core.main.TestCaseExecutor.processExecutionPhase(TestCaseExecutor.java:298)
	at com.kms.katalon.core.main.TestCaseExecutor.accessMainPhase(TestCaseExecutor.java:290)
	at com.kms.katalon.core.main.TestCaseExecutor.execute(TestCaseExecutor.java:224)
	at com.kms.katalon.core.main.TestSuiteExecutor.accessTestCaseMainPhase(TestSuiteExecutor.java:129)
	at com.kms.katalon.core.main.TestSuiteExecutor.accessTestSuiteMainPhase(TestSuiteExecutor.java:112)
	at com.kms.katalon.core.main.TestSuiteExecutor.execute(TestSuiteExecutor.java:81)
	at com.kms.katalon.core.main.TestCaseMain.startTestSuite(TestCaseMain.java:149)
	at com.kms.katalon.core.main.TestCaseMain$startTestSuite$0.call(Unknown Source)
	at TempTestSuite1573995628848.run(TempTestSuite1573995628848.groovy:36)
"/>
         <system-out><![CDATA[2019-11-17 08:09:54 - [TEST_CASE][FAILED] - Test Cases/mobileWeb/Dental/Nationwide: Test Cases/mobileWeb/Dental/Nationwide FAILED.
Reason:
com.kms.katalon.core.exception.StepFailedException: Unable to click on object 'Object Repository/mobileSanity/Dental/quote/a_Select This Plan' (Root cause: org.openqa.selenium.WebDriverException: unknown error: Element <a href="/dental-insurance/apply/foundation-dental-protector-i-al" class="js-buy-plan quote-plan-buy">...</a> is not clickable at point (187, 645). Other element would receive the click: <iframe src="https://secure.livechatinc.com/licence/11465608/v2/open_chat.cgi?license=11465608&amp;group=0&amp;embedded=1&amp;widget_version=3&amp;unique_groups=0" allowtransparency="true" allow="autoplay" id="chat-widget" name="chat-widget" scrolling="no" role="application" aria-label="LiveChat chat widget" style="width: 100%; height: 100%; min-height: 0px; min-width: 0px; margin: 0px; padding: 0px; background-image: none; background-position: 0% 0%; background-size: initial; background-attachment: scroll; background-origin: initial; background-clip: initial; background-color: rgba(0, 0, 0, 0); border-width: 0px; float: none; position: absolute; top: 0px; left: 0px; bottom: 0px; right: 0px; transition: none 0s ease 0s !important;"></iframe>
  (Session info: chrome=78.0.3904.70)
  (Driver info: chromedriver=2.43.600210 (68dcf5eebde37173d4027fa8635e332711d2874a),platform=Windows NT 6.3.9600 x86_64) (WARNING: The server did not provide any stacktrace information)
Command duration or timeout: 0 milliseconds
Build info: version: '3.7.1', revision: '8a0099a', time: '2017-11-06T21:07:36.161Z'
System info: host: 'WIN-U215233FMVE', ip: '172.30.0.53', os.name: 'Windows Server 2012 R2', os.arch: 'amd64', os.version: '6.3', java.version: '1.8.0_181'
Driver info: com.kms.katalon.selenium.driver.CChromeDriver
Capabilities {acceptInsecureCerts: false, acceptSslCerts: false, applicationCacheEnabled: false, browserConnectionEnabled: false, browserName: chrome, chrome: {chromedriverVersion: 2.43.600210 (68dcf5eebde371..., userDataDir: C:\Users\ADMINI~1\AppData\L...}, cssSelectorsEnabled: true, databaseEnabled: false, goog:chromeOptions: {debuggerAddress: localhost:54751}, handlesAlerts: true, hasTouchScreen: true, javascriptEnabled: true, locationContextEnabled: true, mobileEmulationEnabled: true, nativeEvents: true, networkConnectionEnabled: false, pageLoadStrategy: normal, platform: XP, platformName: XP, rotatable: false, setWindowRect: true, takesHeapSnapshot: true, takesScreenshot: true, unexpectedAlertBehaviour: , unhandledPromptBehavior: , version: 78.0.3904.70, webStorageEnabled: true}
Session ID: 2d9979bba807298bed104037cf2412a1)
	at com.kms.katalon.core.keyword.internal.KeywordMain.stepFailed(KeywordMain.groovy:32)
	at com.kms.katalon.core.webui.keyword.internal.WebUIKeywordMain.stepFailed(WebUIKeywordMain.groovy:65)
	at com.kms.katalon.core.webui.keyword.internal.WebUIKeywordMain.runKeyword(WebUIKeywordMain.groovy:27)
	at com.kms.katalon.core.webui.keyword.builtin.ClickKeyword.click(ClickKeyword.groovy:86)
	at com.kms.katalon.core.webui.keyword.builtin.ClickKeyword.execute(ClickKeyword.groovy:67)
	at com.kms.katalon.core.keyword.internal.KeywordExecutor.executeKeywordForPlatform(KeywordExecutor.groovy:53)
	at com.kms.katalon.core.webui.keyword.WebUiBuiltInKeywords.click(WebUiBuiltInKeywords.groovy:616)
	at com.kms.katalon.core.webui.keyword.WebUiBuiltInKeywords$click$2.call(Unknown Source)
	at Nationwide.run(Nationwide:40)
	at com.kms.katalon.core.main.ScriptEngine.run(ScriptEngine.java:194)
	at com.kms.katalon.core.main.ScriptEngine.runScriptAsRawText(ScriptEngine.java:119)
	at com.kms.katalon.core.main.TestCaseExecutor.runScript(TestCaseExecutor.java:328)
	at com.kms.katalon.core.main.TestCaseExecutor.doExecute(TestCaseExecutor.java:319)
	at com.kms.katalon.core.main.TestCaseExecutor.processExecutionPhase(TestCaseExecutor.java:298)
	at com.kms.katalon.core.main.TestCaseExecutor.accessMainPhase(TestCaseExecutor.java:290)
	at com.kms.katalon.core.main.TestCaseExecutor.execute(TestCaseExecutor.java:224)
	at com.kms.katalon.core.main.TestSuiteExecutor.accessTestCaseMainPhase(TestSuiteExecutor.java:129)
	at com.kms.katalon.core.main.TestSuiteExecutor.accessTestSuiteMainPhase(TestSuiteExecutor.java:112)
	at com.kms.katalon.core.main.TestSuiteExecutor.execute(TestSuiteExecutor.java:81)
	at com.kms.katalon.core.main.TestCaseMain.startTestSuite(TestCaseMain.java:149)
	at com.kms.katalon.core.main.TestCaseMain$startTestSuite$0.call(Unknown Source)
	at TempTestSuite1573995628848.run(TempTestSuite1573995628848.groovy:36)


2019-11-17 08:09:54 - [TEST_STEP][PASSED] - callTestCase(findTestCase("mobileWeb/_include/get_screenPath"), ["productLine":"dental", "carrierName":"Nationwide"], CONTINUE_ON_FAILURE): Call Test Case 'Test Cases/mobileWeb/_include/get_screenPath' successfully

2019-11-17 08:09:54 - [TEST_CASE][PASSED] - Test Cases/mobileWeb/_include/get_screenPath: Test Cases/mobileWeb/_include/get_screenPath

2019-11-17 08:09:54 - [TEST_STEP][PASSED] - m = getExecutionProperties(): null

2019-11-17 08:09:54 - [TEST_STEP][PASSED] - deviceName = get("mobileEmulation").get("deviceName"): null

2019-11-17 08:09:54 - [TEST_STEP][PASSED] - println(deviceName): null

2019-11-17 08:09:54 - [TEST_STEP][PASSED] - now = new java.util.Date(): null

2019-11-17 08:09:54 - [TEST_STEP][PASSED] - mydate = now.format("yyyyMMdd_HHmmss"): null

2019-11-17 08:09:54 - [TEST_STEP][PASSED] - screenPath = "../Screenshots/": null

2019-11-17 08:09:54 - [TEST_STEP][PASSED] - screenPath = screenPath + deviceName + "/" + productLine + "/" + carrierName + "/" + mydate + "/": null

2019-11-17 08:09:54 - [TEST_STEP][PASSED] - println(screenPath): null

2019-11-17 08:09:54 - [MESSAGE][PASSED] - Call Test Case 'Test Cases/mobileWeb/_include/get_screenPath' successfully

2019-11-17 08:09:54 - [TEST_STEP][PASSED] - i = 0: null

2019-11-17 08:09:54 - [TEST_STEP][PASSED] - callTestCase(findTestCase("mobileWeb/_include/openWebSite"), [:], STOP_ON_FAILURE): Call Test Case 'Test Cases/mobileWeb/_include/openWebSite' successfully

2019-11-17 08:09:54 - [TEST_CASE][PASSED] - Test Cases/mobileWeb/_include/openWebSite: Test Cases/mobileWeb/_include/openWebSite

2019-11-17 08:09:54 - [TEST_STEP][PASSED] - openBrowser(env): Browser is opened with url: 'https://praetemptatus.agilehealthinsurance.com'

2019-11-17 08:09:54 - [MESSAGE][WARNING] - A browser is already opened. Closing browser and opening a new one

2019-11-17 08:09:55 - [MESSAGE][INFO] - Starting 'Chrome' driver

2019-11-17 08:09:55 - [MESSAGE][INFO] - User set preference: ['mobileEmulation', '{deviceName=iPhone 6}']

2019-11-17 08:09:55 - [MESSAGE][INFO] - User set preference: ['args', '[--incognito, --aggressive-cache-discard, --window-size=375,677, --no-sandbox]']

2019-11-17 08:09:57 - [MESSAGE][PASSED] - Browser is opened with url: 'https://praetemptatus.agilehealthinsurance.com'

2019-11-17 08:09:57 - [TEST_STEP][PASSED] - waitForPageLoad(20): Wait for page load successfully

2019-11-17 08:09:57 - [MESSAGE][PASSED] - Wait for page load successfully

2019-11-17 08:09:57 - [TEST_STEP][PASSED] - callTestCase(findTestCase("mobileWeb/_include/get_screenshot"), [:], STOP_ON_FAILURE): Call Test Case 'Test Cases/mobileWeb/_include/get_screenshot' successfully

2019-11-17 08:09:57 - [TEST_CASE][PASSED] - Test Cases/mobileWeb/_include/get_screenshot: Test Cases/mobileWeb/_include/get_screenshot

2019-11-17 08:09:57 - [TEST_STEP][PASSED] - takeScreenshot(screenPath + i + ".png"): Taking screenshot successfully

2019-11-17 08:09:58 - [MESSAGE][PASSED] - Taking screenshot successfully
[[ATTACHMENT|D:\\Test\\AgileTest\\Reports\\mobileWeb\\dental\\20191117_080028\\../Screenshots/iPhone 6/dental/Nationwide/20191117_080954/0.png]]

2019-11-17 08:09:58 - [TEST_STEP][PASSED] - (internal.GlobalVariable.i++): null

2019-11-17 08:09:58 - [MESSAGE][PASSED] - Call Test Case 'Test Cases/mobileWeb/_include/get_screenshot' successfully

2019-11-17 08:09:58 - [MESSAGE][PASSED] - Call Test Case 'Test Cases/mobileWeb/_include/openWebSite' successfully

2019-11-17 08:09:58 - [TEST_STEP][PASSED] - callTestCase(findTestCase("mobileWeb/_include/census_dental"), [:], STOP_ON_FAILURE): Call Test Case 'Test Cases/mobileWeb/_include/census_dental' successfully

2019-11-17 08:09:58 - [TEST_CASE][PASSED] - Test Cases/mobileWeb/_include/census_dental: Test Cases/mobileWeb/_include/census_dental

2019-11-17 08:09:58 - [TEST_STEP][PASSED] - click(findTestObject("mobileSanity/Common/side_nav/menu")): Object: 'Object Repository/mobileSanity/Common/side_nav/menu' is clicked on

2019-11-17 08:09:58 - [MESSAGE][PASSED] - Object: 'Object Repository/mobileSanity/Common/side_nav/menu' is clicked on

2019-11-17 08:09:58 - [TEST_STEP][PASSED] - Thread.sleep(3000): null

2019-11-17 08:10:01 - [TEST_STEP][PASSED] - callTestCase(findTestCase("mobileWeb/_include/get_screenshot"), [:], STOP_ON_FAILURE): Call Test Case 'Test Cases/mobileWeb/_include/get_screenshot' successfully

2019-11-17 08:10:01 - [TEST_CASE][PASSED] - Test Cases/mobileWeb/_include/get_screenshot: Test Cases/mobileWeb/_include/get_screenshot

2019-11-17 08:10:01 - [TEST_STEP][PASSED] - takeScreenshot(screenPath + i + ".png"): Taking screenshot successfully

2019-11-17 08:10:02 - [MESSAGE][PASSED] - Taking screenshot successfully
[[ATTACHMENT|D:\\Test\\AgileTest\\Reports\\mobileWeb\\dental\\20191117_080028\\../Screenshots/iPhone 6/dental/Nationwide/20191117_080954/1.png]]

2019-11-17 08:10:02 - [TEST_STEP][PASSED] - (internal.GlobalVariable.i++): null

2019-11-17 08:10:02 - [MESSAGE][PASSED] - Call Test Case 'Test Cases/mobileWeb/_include/get_screenshot' successfully

2019-11-17 08:10:02 - [TEST_STEP][PASSED] - click(findTestObject("mobileSanity/Common/side_nav/nav_dental")): Object: 'Object Repository/mobileSanity/Common/side_nav/nav_dental' is clicked on

2019-11-17 08:10:02 - [MESSAGE][PASSED] - Object: 'Object Repository/mobileSanity/Common/side_nav/nav_dental' is clicked on

2019-11-17 08:10:02 - [TEST_STEP][PASSED] - waitForPageLoad(10): Wait for page load successfully

2019-11-17 08:10:02 - [MESSAGE][PASSED] - Wait for page load successfully

2019-11-17 08:10:02 - [TEST_STEP][PASSED] - callTestCase(findTestCase("mobileWeb/_include/get_screenshot"), [:], STOP_ON_FAILURE): Call Test Case 'Test Cases/mobileWeb/_include/get_screenshot' successfully

2019-11-17 08:10:02 - [TEST_CASE][PASSED] - Test Cases/mobileWeb/_include/get_screenshot: Test Cases/mobileWeb/_include/get_screenshot

2019-11-17 08:10:02 - [TEST_STEP][PASSED] - takeScreenshot(screenPath + i + ".png"): Taking screenshot successfully

2019-11-17 08:10:03 - [MESSAGE][PASSED] - Taking screenshot successfully
[[ATTACHMENT|D:\\Test\\AgileTest\\Reports\\mobileWeb\\dental\\20191117_080028\\../Screenshots/iPhone 6/dental/Nationwide/20191117_080954/2.png]]

2019-11-17 08:10:03 - [TEST_STEP][PASSED] - (internal.GlobalVariable.i++): null

2019-11-17 08:10:03 - [MESSAGE][PASSED] - Call Test Case 'Test Cases/mobileWeb/_include/get_screenshot' successfully

2019-11-17 08:10:03 - [TEST_STEP][PASSED] - sendKeys(findTestObject("mobileSanity/Dental/census/input_Location_zip-input"), zipcode): Keys '35215' sent to object: 'Object Repository/mobileSanity/Dental/census/input_Location_zip-input'

2019-11-17 08:10:03 - [MESSAGE][PASSED] - Keys '35215' sent to object: 'Object Repository/mobileSanity/Dental/census/input_Location_zip-input'

2019-11-17 08:10:03 - [TEST_STEP][PASSED] - Thread.sleep(500): null

2019-11-17 08:10:03 - [TEST_STEP][PASSED] - setText(findTestObject("mobileSanity/Dental/census/input_Date of Birth_dob-0"), "12121980"): Text '12121980' is set on object 'Object Repository/mobileSanity/Dental/census/input_Date of Birth_dob-0'

2019-11-17 08:10:04 - [MESSAGE][PASSED] - Text '12121980' is set on object 'Object Repository/mobileSanity/Dental/census/input_Date of Birth_dob-0'

2019-11-17 08:10:04 - [TEST_STEP][PASSED] - click(findTestObject("mobileSanity/Dental/census/label_Male")): Object: 'Object Repository/mobileSanity/Dental/census/label_Male' is clicked on

2019-11-17 08:10:04 - [MESSAGE][PASSED] - Object: 'Object Repository/mobileSanity/Dental/census/label_Male' is clicked on

2019-11-17 08:10:04 - [TEST_STEP][PASSED] - click(findTestObject("mobileSanity/Dental/census/label_Compare Dental Insurance")): Object: 'Object Repository/mobileSanity/Dental/census/label_Compare Dental Insurance' is clicked on

2019-11-17 08:10:04 - [MESSAGE][PASSED] - Object: 'Object Repository/mobileSanity/Dental/census/label_Compare Dental Insurance' is clicked on

2019-11-17 08:10:04 - [TEST_STEP][PASSED] - waitForPageLoad(10): Wait for page load successfully

2019-11-17 08:10:04 - [MESSAGE][PASSED] - Wait for page load successfully

2019-11-17 08:10:04 - [TEST_STEP][PASSED] - Thread.sleep(2000): null

2019-11-17 08:10:06 - [TEST_STEP][PASSED] - callTestCase(findTestCase("mobileWeb/_include/get_screenshot"), [:], STOP_ON_FAILURE): Call Test Case 'Test Cases/mobileWeb/_include/get_screenshot' successfully

2019-11-17 08:10:06 - [TEST_CASE][PASSED] - Test Cases/mobileWeb/_include/get_screenshot: Test Cases/mobileWeb/_include/get_screenshot

2019-11-17 08:10:06 - [TEST_STEP][PASSED] - takeScreenshot(screenPath + i + ".png"): Taking screenshot successfully

2019-11-17 08:10:06 - [MESSAGE][PASSED] - Taking screenshot successfully
[[ATTACHMENT|D:\\Test\\AgileTest\\Reports\\mobileWeb\\dental\\20191117_080028\\../Screenshots/iPhone 6/dental/Nationwide/20191117_080954/3.png]]

2019-11-17 08:10:06 - [TEST_STEP][PASSED] - (internal.GlobalVariable.i++): null

2019-11-17 08:10:06 - [MESSAGE][PASSED] - Call Test Case 'Test Cases/mobileWeb/_include/get_screenshot' successfully

2019-11-17 08:10:06 - [MESSAGE][PASSED] - Call Test Case 'Test Cases/mobileWeb/_include/census_dental' successfully

2019-11-17 08:10:06 - [TEST_STEP][PASSED] - click(findTestObject("mobileSanity/Dental/filter/btn_filter")): Object: 'Object Repository/mobileSanity/Dental/filter/btn_filter' is clicked on

2019-11-17 08:10:28 - [MESSAGE][PASSED] - Object: 'Object Repository/mobileSanity/Dental/filter/btn_filter' is clicked on

2019-11-17 08:10:28 - [TEST_STEP][PASSED] - Thread.sleep(1000): null

2019-11-17 08:10:29 - [TEST_STEP][PASSED] - waitForElementVisible(findTestObject("mobileSanity/Dental/filter/btn_company"), 10): Object 'Object Repository/mobileSanity/Dental/filter/btn_company' is visible

2019-11-17 08:10:29 - [MESSAGE][PASSED] - Object 'Object Repository/mobileSanity/Dental/filter/btn_company' is visible

2019-11-17 08:10:29 - [TEST_STEP][PASSED] - click(findTestObject("mobileSanity/Dental/filter/btn_company")): Object: 'Object Repository/mobileSanity/Dental/filter/btn_company' is clicked on

2019-11-17 08:10:30 - [MESSAGE][PASSED] - Object: 'Object Repository/mobileSanity/Dental/filter/btn_company' is clicked on

2019-11-17 08:10:30 - [TEST_STEP][PASSED] - Thread.sleep(2000): null

2019-11-17 08:10:32 - [TEST_STEP][PASSED] - click(findTestObject("mobileSanity/Dental/filter/btn_nationwide")): Object: 'Object Repository/mobileSanity/Dental/filter/btn_nationwide' is clicked on

2019-11-17 08:10:32 - [MESSAGE][PASSED] - Object: 'Object Repository/mobileSanity/Dental/filter/btn_nationwide' is clicked on

2019-11-17 08:10:32 - [TEST_STEP][PASSED] - waitForJQueryLoad(20, STOP_ON_FAILURE): jQuery is ready.

2019-11-17 08:10:33 - [MESSAGE][PASSED] - jQuery is ready.

2019-11-17 08:10:33 - [TEST_STEP][PASSED] - callTestCase(findTestCase("mobileWeb/_include/get_screenshot"), [:], STOP_ON_FAILURE): Call Test Case 'Test Cases/mobileWeb/_include/get_screenshot' successfully

2019-11-17 08:10:33 - [TEST_CASE][PASSED] - Test Cases/mobileWeb/_include/get_screenshot: Test Cases/mobileWeb/_include/get_screenshot

2019-11-17 08:10:33 - [TEST_STEP][PASSED] - takeScreenshot(screenPath + i + ".png"): Taking screenshot successfully

2019-11-17 08:10:33 - [MESSAGE][PASSED] - Taking screenshot successfully
[[ATTACHMENT|D:\\Test\\AgileTest\\Reports\\mobileWeb\\dental\\20191117_080028\\../Screenshots/iPhone 6/dental/Nationwide/20191117_080954/4.png]]

2019-11-17 08:10:33 - [TEST_STEP][PASSED] - (internal.GlobalVariable.i++): null

2019-11-17 08:10:33 - [MESSAGE][PASSED] - Call Test Case 'Test Cases/mobileWeb/_include/get_screenshot' successfully

2019-11-17 08:10:33 - [TEST_STEP][PASSED] - click(findTestObject("mobileSanity/Dental/filter/btn_filter")): Object: 'Object Repository/mobileSanity/Dental/filter/btn_filter' is clicked on

2019-11-17 08:10:33 - [MESSAGE][PASSED] - Object: 'Object Repository/mobileSanity/Dental/filter/btn_filter' is clicked on

2019-11-17 08:10:33 - [TEST_STEP][FAILED] - click(findTestObject("mobileSanity/Dental/quote/a_Select This Plan")): Unable to click on object 'Object Repository/mobileSanity/Dental/quote/a_Select This Plan' (Root cause: org.openqa.selenium.WebDriverException: unknown error: Element <a href="/dental-insurance/apply/foundation-dental-protector-i-al" class="js-buy-plan quote-plan-buy">...</a> is not clickable at point (187, 645). Other element would receive the click: <iframe src="https://secure.livechatinc.com/licence/11465608/v2/open_chat.cgi?license=11465608&amp;group=0&amp;embedded=1&amp;widget_version=3&amp;unique_groups=0" allowtransparency="true" allow="autoplay" id="chat-widget" name="chat-widget" scrolling="no" role="application" aria-label="LiveChat chat widget" style="width: 100%; height: 100%; min-height: 0px; min-width: 0px; margin: 0px; padding: 0px; background-image: none; background-position: 0% 0%; background-size: initial; background-attachment: scroll; background-origin: initial; background-clip: initial; background-color: rgba(0, 0, 0, 0); border-width: 0px; float: none; position: absolute; top: 0px; left: 0px; bottom: 0px; right: 0px; transition: none 0s ease 0s !important;"></iframe>
  (Session info: chrome=78.0.3904.70)
  (Driver info: chromedriver=2.43.600210 (68dcf5eebde37173d4027fa8635e332711d2874a),platform=Windows NT 6.3.9600 x86_64) (WARNING: The server did not provide any stacktrace information)
Command duration or timeout: 0 milliseconds
Build info: version: '3.7.1', revision: '8a0099a', time: '2017-11-06T21:07:36.161Z'
System info: host: 'WIN-U215233FMVE', ip: '172.30.0.53', os.name: 'Windows Server 2012 R2', os.arch: 'amd64', os.version: '6.3', java.version: '1.8.0_181'
Driver info: com.kms.katalon.selenium.driver.CChromeDriver
Capabilities {acceptInsecureCerts: false, acceptSslCerts: false, applicationCacheEnabled: false, browserConnectionEnabled: false, browserName: chrome, chrome: {chromedriverVersion: 2.43.600210 (68dcf5eebde371..., userDataDir: C:\Users\ADMINI~1\AppData\L...}, cssSelectorsEnabled: true, databaseEnabled: false, goog:chromeOptions: {debuggerAddress: localhost:54751}, handlesAlerts: true, hasTouchScreen: true, javascriptEnabled: true, locationContextEnabled: true, mobileEmulationEnabled: true, nativeEvents: true, networkConnectionEnabled: false, pageLoadStrategy: normal, platform: XP, platformName: XP, rotatable: false, setWindowRect: true, takesHeapSnapshot: true, takesScreenshot: true, unexpectedAlertBehaviour: , unhandledPromptBehavior: , version: 78.0.3904.70, webStorageEnabled: true}
Session ID: 2d9979bba807298bed104037cf2412a1)

2019-11-17 08:10:34 - [MESSAGE][FAILED] - Unable to click on object 'Object Repository/mobileSanity/Dental/quote/a_Select This Plan' (Root cause: org.openqa.selenium.WebDriverException: unknown error: Element <a href="/dental-insurance/apply/foundation-dental-protector-i-al" class="js-buy-plan quote-plan-buy">...</a> is not clickable at point (187, 645). Other element would receive the click: <iframe src="https://secure.livechatinc.com/licence/11465608/v2/open_chat.cgi?license=11465608&amp;group=0&amp;embedded=1&amp;widget_version=3&amp;unique_groups=0" allowtransparency="true" allow="autoplay" id="chat-widget" name="chat-widget" scrolling="no" role="application" aria-label="LiveChat chat widget" style="width: 100%; height: 100%; min-height: 0px; min-width: 0px; margin: 0px; padding: 0px; background-image: none; background-position: 0% 0%; background-size: initial; background-attachment: scroll; background-origin: initial; background-clip: initial; background-color: rgba(0, 0, 0, 0); border-width: 0px; float: none; position: absolute; top: 0px; left: 0px; bottom: 0px; right: 0px; transition: none 0s ease 0s !important;"></iframe>
  (Session info: chrome=78.0.3904.70)
  (Driver info: chromedriver=2.43.600210 (68dcf5eebde37173d4027fa8635e332711d2874a),platform=Windows NT 6.3.9600 x86_64) (WARNING: The server did not provide any stacktrace information)
Command duration or timeout: 0 milliseconds
Build info: version: '3.7.1', revision: '8a0099a', time: '2017-11-06T21:07:36.161Z'
System info: host: 'WIN-U215233FMVE', ip: '172.30.0.53', os.name: 'Windows Server 2012 R2', os.arch: 'amd64', os.version: '6.3', java.version: '1.8.0_181'
Driver info: com.kms.katalon.selenium.driver.CChromeDriver
Capabilities {acceptInsecureCerts: false, acceptSslCerts: false, applicationCacheEnabled: false, browserConnectionEnabled: false, browserName: chrome, chrome: {chromedriverVersion: 2.43.600210 (68dcf5eebde371..., userDataDir: C:\Users\ADMINI~1\AppData\L...}, cssSelectorsEnabled: true, databaseEnabled: false, goog:chromeOptions: {debuggerAddress: localhost:54751}, handlesAlerts: true, hasTouchScreen: true, javascriptEnabled: true, locationContextEnabled: true, mobileEmulationEnabled: true, nativeEvents: true, networkConnectionEnabled: false, pageLoadStrategy: normal, platform: XP, platformName: XP, rotatable: false, setWindowRect: true, takesHeapSnapshot: true, takesScreenshot: true, unexpectedAlertBehaviour: , unhandledPromptBehavior: , version: 78.0.3904.70, webStorageEnabled: true}
Session ID: 2d9979bba807298bed104037cf2412a1)
[[ATTACHMENT|D:\\Test\\AgileTest\\Reports\\mobileWeb\\dental\\20191117_080028\\1573996233714.png]]

2019-11-17 08:10:34 - [TEST_STEP][PASSED] - waitForPageLoad(10): Wait for page load successfully

2019-11-17 08:10:34 - [MESSAGE][PASSED] - Wait for page load successfully

2019-11-17 08:10:34 - [TEST_STEP][PASSED] - callTestCase(findTestCase("mobileWeb/_include/get_screenshot"), [:], STOP_ON_FAILURE): Call Test Case 'Test Cases/mobileWeb/_include/get_screenshot' successfully

2019-11-17 08:10:34 - [TEST_CASE][PASSED] - Test Cases/mobileWeb/_include/get_screenshot: Test Cases/mobileWeb/_include/get_screenshot

2019-11-17 08:10:34 - [TEST_STEP][PASSED] - takeScreenshot(screenPath + i + ".png"): Taking screenshot successfully

2019-11-17 08:10:34 - [MESSAGE][PASSED] - Taking screenshot successfully
[[ATTACHMENT|D:\\Test\\AgileTest\\Reports\\mobileWeb\\dental\\20191117_080028\\../Screenshots/iPhone 6/dental/Nationwide/20191117_080954/5.png]]

2019-11-17 08:10:34 - [TEST_STEP][PASSED] - (internal.GlobalVariable.i++): null

2019-11-17 08:10:34 - [MESSAGE][PASSED] - Call Test Case 'Test Cases/mobileWeb/_include/get_screenshot' successfully

2019-11-17 08:10:34 - [TEST_STEP][FAILED] - click(findTestObject("mobileSanity/Dental/apply/span_Start Secure Application")): Unable to click on object 'Object Repository/mobileSanity/Dental/apply/span_Start Secure Application' (Root cause: com.kms.katalon.core.webui.exception.WebElementNotFoundException: Web element with id: 'Object Repository/mobileSanity/Dental/apply/span_Start Secure Application' located by 'By.xpath: //span[(text() = 'Start Secure Application' or . = 'Start Secure Application')]' not found)

2019-11-17 08:10:54 - [MESSAGE][INFO] - Unable to find the element located by 'By.xpath: //span[(text() = 'Start Secure Application' or . = 'Start Secure Application')]'. Please recheck the objects properties to make sure the desired element is located. 

2019-11-17 08:10:55 - [MESSAGE][FAILED] - Unable to click on object 'Object Repository/mobileSanity/Dental/apply/span_Start Secure Application' (Root cause: com.kms.katalon.core.webui.exception.WebElementNotFoundException: Web element with id: 'Object Repository/mobileSanity/Dental/apply/span_Start Secure Application' located by 'By.xpath: //span[(text() = 'Start Secure Application' or . = 'Start Secure Application')]' not found)
[[ATTACHMENT|D:\\Test\\AgileTest\\Reports\\mobileWeb\\dental\\20191117_080028\\1573996254958.png]]

2019-11-17 08:10:55 - [TEST_STEP][PASSED] - waitForPageLoad(10): Wait for page load successfully

2019-11-17 08:10:55 - [MESSAGE][PASSED] - Wait for page load successfully

2019-11-17 08:10:55 - [TEST_STEP][PASSED] - callTestCase(findTestCase("mobileWeb/_include/get_screenshot"), [:], STOP_ON_FAILURE): Call Test Case 'Test Cases/mobileWeb/_include/get_screenshot' successfully

2019-11-17 08:10:55 - [TEST_CASE][PASSED] - Test Cases/mobileWeb/_include/get_screenshot: Test Cases/mobileWeb/_include/get_screenshot

2019-11-17 08:10:55 - [TEST_STEP][PASSED] - takeScreenshot(screenPath + i + ".png"): Taking screenshot successfully

2019-11-17 08:10:55 - [MESSAGE][PASSED] - Taking screenshot successfully
[[ATTACHMENT|D:\\Test\\AgileTest\\Reports\\mobileWeb\\dental\\20191117_080028\\../Screenshots/iPhone 6/dental/Nationwide/20191117_080954/6.png]]

2019-11-17 08:10:55 - [TEST_STEP][PASSED] - (internal.GlobalVariable.i++): null

2019-11-17 08:10:55 - [MESSAGE][PASSED] - Call Test Case 'Test Cases/mobileWeb/_include/get_screenshot' successfully

2019-11-17 08:10:55 - [TEST_STEP][FAILED] - callTestCase(findTestCase("mobileWeb/_include/goToEnd_dental"), ["carrier":"nationwide"], STOP_ON_FAILURE): callTestCase(findTestCase("mobileWeb/_include/goToEnd_dental"), ["carrier":"nationwide"], STOP_ON_FAILURE) FAILED.
Reason:
com.kms.katalon.core.exception.StepFailedException: Unable to click on object 'Object Repository/mobileSanity/Dental/quote/a_Select This Plan' (Root cause: org.openqa.selenium.WebDriverException: unknown error: Element <a href="/dental-insurance/apply/foundation-dental-protector-i-al" class="js-buy-plan quote-plan-buy">...</a> is not clickable at point (187, 645). Other element would receive the click: <iframe src="https://secure.livechatinc.com/licence/11465608/v2/open_chat.cgi?license=11465608&amp;group=0&amp;embedded=1&amp;widget_version=3&amp;unique_groups=0" allowtransparency="true" allow="autoplay" id="chat-widget" name="chat-widget" scrolling="no" role="application" aria-label="LiveChat chat widget" style="width: 100%; height: 100%; min-height: 0px; min-width: 0px; margin: 0px; padding: 0px; background-image: none; background-position: 0% 0%; background-size: initial; background-attachment: scroll; background-origin: initial; background-clip: initial; background-color: rgba(0, 0, 0, 0); border-width: 0px; float: none; position: absolute; top: 0px; left: 0px; bottom: 0px; right: 0px; transition: none 0s ease 0s !important;"></iframe>
  (Session info: chrome=78.0.3904.70)
  (Driver info: chromedriver=2.43.600210 (68dcf5eebde37173d4027fa8635e332711d2874a),platform=Windows NT 6.3.9600 x86_64) (WARNING: The server did not provide any stacktrace information)
Command duration or timeout: 0 milliseconds
Build info: version: '3.7.1', revision: '8a0099a', time: '2017-11-06T21:07:36.161Z'
System info: host: 'WIN-U215233FMVE', ip: '172.30.0.53', os.name: 'Windows Server 2012 R2', os.arch: 'amd64', os.version: '6.3', java.version: '1.8.0_181'
Driver info: com.kms.katalon.selenium.driver.CChromeDriver
Capabilities {acceptInsecureCerts: false, acceptSslCerts: false, applicationCacheEnabled: false, browserConnectionEnabled: false, browserName: chrome, chrome: {chromedriverVersion: 2.43.600210 (68dcf5eebde371..., userDataDir: C:\Users\ADMINI~1\AppData\L...}, cssSelectorsEnabled: true, databaseEnabled: false, goog:chromeOptions: {debuggerAddress: localhost:54751}, handlesAlerts: true, hasTouchScreen: true, javascriptEnabled: true, locationContextEnabled: true, mobileEmulationEnabled: true, nativeEvents: true, networkConnectionEnabled: false, pageLoadStrategy: normal, platform: XP, platformName: XP, rotatable: false, setWindowRect: true, takesHeapSnapshot: true, takesScreenshot: true, unexpectedAlertBehaviour: , unhandledPromptBehavior: , version: 78.0.3904.70, webStorageEnabled: true}
Session ID: 2d9979bba807298bed104037cf2412a1)
	at com.kms.katalon.core.keyword.internal.KeywordMain.stepFailed(KeywordMain.groovy:32)
	at com.kms.katalon.core.webui.keyword.internal.WebUIKeywordMain.stepFailed(WebUIKeywordMain.groovy:65)
	at com.kms.katalon.core.webui.keyword.internal.WebUIKeywordMain.runKeyword(WebUIKeywordMain.groovy:27)
	at com.kms.katalon.core.webui.keyword.builtin.ClickKeyword.click(ClickKeyword.groovy:86)
	at com.kms.katalon.core.webui.keyword.builtin.ClickKeyword.execute(ClickKeyword.groovy:67)
	at com.kms.katalon.core.keyword.internal.KeywordExecutor.executeKeywordForPlatform(KeywordExecutor.groovy:53)
	at com.kms.katalon.core.webui.keyword.WebUiBuiltInKeywords.click(WebUiBuiltInKeywords.groovy:616)
	at com.kms.katalon.core.webui.keyword.WebUiBuiltInKeywords$click$2.call(Unknown Source)
	at Nationwide.run(Nationwide:40)
	at com.kms.katalon.core.main.ScriptEngine.run(ScriptEngine.java:194)
	at com.kms.katalon.core.main.ScriptEngine.runScriptAsRawText(ScriptEngine.java:119)
	at com.kms.katalon.core.main.TestCaseExecutor.runScript(TestCaseExecutor.java:328)
	at com.kms.katalon.core.main.TestCaseExecutor.doExecute(TestCaseExecutor.java:319)
	at com.kms.katalon.core.main.TestCaseExecutor.processExecutionPhase(TestCaseExecutor.java:298)
	at com.kms.katalon.core.main.TestCaseExecutor.accessMainPhase(TestCaseExecutor.java:290)
	at com.kms.katalon.core.main.TestCaseExecutor.execute(TestCaseExecutor.java:224)
	at com.kms.katalon.core.main.TestSuiteExecutor.accessTestCaseMainPhase(TestSuiteExecutor.java:129)
	at com.kms.katalon.core.main.TestSuiteExecutor.accessTestSuiteMainPhase(TestSuiteExecutor.java:112)
	at com.kms.katalon.core.main.TestSuiteExecutor.execute(TestSuiteExecutor.java:81)
	at com.kms.katalon.core.main.TestCaseMain.startTestSuite(TestCaseMain.java:149)
	at com.kms.katalon.core.main.TestCaseMain$startTestSuite$0.call(Unknown Source)
	at TempTestSuite1573995628848.run(TempTestSuite1573995628848.groovy:36)


2019-11-17 08:10:55 - [TEST_CASE][FAILED] - Test Cases/mobileWeb/_include/goToEnd_dental: Test Cases/mobileWeb/_include/goToEnd_dental FAILED.
Reason:
com.kms.katalon.core.exception.StepFailedException: Unable to set text 'Test-123' of object 'Object Repository/mobileSanity/Dental/app_page1/input__member-P-1-firstName' (Root cause: com.kms.katalon.core.webui.exception.WebElementNotFoundException: Web element with id: 'Object Repository/mobileSanity/Dental/app_page1/input__member-P-1-firstName' located by 'By.xpath: //input[@id = 'member-P-1-firstName' and @type = 'text']' not found)
	at com.kms.katalon.core.keyword.internal.KeywordMain.stepFailed(KeywordMain.groovy:32)
	at com.kms.katalon.core.webui.keyword.internal.WebUIKeywordMain.stepFailed(WebUIKeywordMain.groovy:65)
	at com.kms.katalon.core.webui.keyword.internal.WebUIKeywordMain.runKeyword(WebUIKeywordMain.groovy:27)
	at com.kms.katalon.core.webui.keyword.builtin.SetTextKeyword.setText(SetTextKeyword.groovy:65)
	at com.kms.katalon.core.webui.keyword.builtin.SetTextKeyword.execute(SetTextKeyword.groovy:37)
	at com.kms.katalon.core.keyword.internal.KeywordExecutor.executeKeywordForPlatform(KeywordExecutor.groovy:53)
	at com.kms.katalon.core.webui.keyword.WebUiBuiltInKeywords.setText(WebUiBuiltInKeywords.groovy:950)
	at com.kms.katalon.core.webui.keyword.WebUiBuiltInKeywords$setText$4.call(Unknown Source)
	at goToEnd_dental.run(goToEnd_dental:20)
	at com.kms.katalon.core.main.ScriptEngine.run(ScriptEngine.java:194)
	at com.kms.katalon.core.main.ScriptEngine.runScriptAsRawText(ScriptEngine.java:119)
	at com.kms.katalon.core.main.TestCaseExecutor.runScript(TestCaseExecutor.java:328)
	at com.kms.katalon.core.main.TestCaseExecutor.doExecute(TestCaseExecutor.java:319)
	at com.kms.katalon.core.main.TestCaseExecutor.processExecutionPhase(TestCaseExecutor.java:298)
	at com.kms.katalon.core.main.TestCaseExecutor.accessMainPhase(TestCaseExecutor.java:290)
	at com.kms.katalon.core.main.TestCaseExecutor.execute(TestCaseExecutor.java:224)
	at com.kms.katalon.core.main.TestCaseMain.runTestCase(TestCaseMain.java:106)
	at com.kms.katalon.core.keyword.builtin.CallTestCaseKeyword$_callTestCase_closure1.doCall(CallTestCaseKeyword.groovy:59)
	at com.kms.katalon.core.keyword.builtin.CallTestCaseKeyword$_callTestCase_closure1.call(CallTestCaseKeyword.groovy)
	at com.kms.katalon.core.keyword.internal.KeywordMain.runKeyword(KeywordMain.groovy:54)
	at com.kms.katalon.core.keyword.builtin.CallTestCaseKeyword.callTestCase(CallTestCaseKeyword.groovy:80)
	at com.kms.katalon.core.keyword.builtin.CallTestCaseKeyword.execute(CallTestCaseKeyword.groovy:44)
	at com.kms.katalon.core.keyword.internal.KeywordExecutor.executeKeywordForPlatform(KeywordExecutor.groovy:53)
	at com.kms.katalon.core.keyword.BuiltinKeywords.callTestCase(BuiltinKeywords.groovy:334)
	at Nationwide.run(Nationwide:52)
	at com.kms.katalon.core.main.ScriptEngine.run(ScriptEngine.java:194)
	at com.kms.katalon.core.main.ScriptEngine.runScriptAsRawText(ScriptEngine.java:119)
	at com.kms.katalon.core.main.TestCaseExecutor.runScript(TestCaseExecutor.java:328)
	at com.kms.katalon.core.main.TestCaseExecutor.doExecute(TestCaseExecutor.java:319)
	at com.kms.katalon.core.main.TestCaseExecutor.processExecutionPhase(TestCaseExecutor.java:298)
	at com.kms.katalon.core.main.TestCaseExecutor.accessMainPhase(TestCaseExecutor.java:290)
	at com.kms.katalon.core.main.TestCaseExecutor.execute(TestCaseExecutor.java:224)
	at com.kms.katalon.core.main.TestSuiteExecutor.accessTestCaseMainPhase(TestSuiteExecutor.java:129)
	at com.kms.katalon.core.main.TestSuiteExecutor.accessTestSuiteMainPhase(TestSuiteExecutor.java:112)
	at com.kms.katalon.core.main.TestSuiteExecutor.execute(TestSuiteExecutor.java:81)
	at com.kms.katalon.core.main.TestCaseMain.startTestSuite(TestCaseMain.java:149)
	at com.kms.katalon.core.main.TestCaseMain$startTestSuite$0.call(Unknown Source)
	at TempTestSuite1573995628848.run(TempTestSuite1573995628848.groovy:36)


2019-11-17 08:10:55 - [TEST_STEP][PASSED] - callTestCase(findTestCase("mobileWeb/_include/name"), [:], CONTINUE_ON_FAILURE): Call Test Case 'Test Cases/mobileWeb/_include/name' successfully

2019-11-17 08:10:55 - [TEST_CASE][PASSED] - Test Cases/mobileWeb/_include/name: Test Cases/mobileWeb/_include/name

2019-11-17 08:10:55 - [TEST_STEP][PASSED] - driver = getWebDriver(): null

2019-11-17 08:10:55 - [TEST_STEP][PASSED] - selenium = new com.thoughtworks.selenium.webdriven.WebDriverBackedSelenium(driver, internal.GlobalVariable.ENV): null

2019-11-17 08:10:55 - [TEST_STEP][PASSED] - FirstName = "Test-123": null

2019-11-17 08:10:55 - [TEST_STEP][PASSED] - LastName = selenium.getEval("{var x="ABCDEFGHIJKLMNOPQRSTUVWXYZabcdefghijklmnopqrstuvwxyz"; var tmp="ZZ11-"; for (i=0;i<8;i++) tmp+=x.charAt(Math.ceil(51*Math.random()));tmp;}"): null

2019-11-17 08:10:55 - [TEST_STEP][PASSED] - Address = selenium.getEval("{var x="ABCDEFGHIJKLMNOPQRSTUVWXYZabcdefghijklmnopqrstuvwxyz"; var tmp=""; for (i=0;i<8;i++) tmp+=x.charAt(Math.ceil(51*Math.random()));tmp;}"): null

2019-11-17 08:10:55 - [TEST_STEP][PASSED] - City = selenium.getEval("{var x="ABCDEFGHIJKLMNOPQRSTUVWXYZabcdefghijklmnopqrstuvwxyz"; var tmp=""; for (i=0;i<8;i++) tmp+=x.charAt(Math.ceil(51*Math.random()));tmp;}"): null

2019-11-17 08:10:55 - [TEST_STEP][PASSED] - tel1 = selenium.getEval("{var x="123456789"; var tmp=""; for (i=0;i<3;i++) tmp+=x.charAt(Math.ceil(8*Math.random()));tmp;}"): null

2019-11-17 08:10:55 - [TEST_STEP][PASSED] - tel2 = selenium.getEval("{var x="123456789"; var tmp=""; for (i=0;i<3;i++) tmp+=x.charAt(Math.ceil(8*Math.random()));tmp;}"): null

2019-11-17 08:10:55 - [TEST_STEP][PASSED] - tel3 = selenium.getEval("{var x="123456789"; var tmp=""; for (i=0;i<4;i++) tmp+=x.charAt(Math.ceil(8*Math.random()));tmp;}"): null

2019-11-17 08:10:55 - [TEST_STEP][PASSED] - Tel = selenium.getExpression(tel1 + "-" + tel2 + "-" + tel3): null

2019-11-17 08:10:55 - [TEST_STEP][PASSED] - AutoEmail = selenium.getEval("{var x="ABCDEFGHIJKLMNOPQRSTUVWXYZabcdefghijklmnopqrstuvwxyz"; var tmp="test."; for (i=0;i<8;i++) tmp+=x.charAt(Math.ceil(51*Math.random()));tmp+="@suryani.cn";}"): null

2019-11-17 08:10:55 - [TEST_STEP][PASSED] - FirstName = FirstName: null

2019-11-17 08:10:55 - [TEST_STEP][PASSED] - LastName = LastName: null

2019-11-17 08:10:55 - [TEST_STEP][PASSED] - Address = Address: null

2019-11-17 08:10:55 - [TEST_STEP][PASSED] - City = City: null

2019-11-17 08:10:55 - [TEST_STEP][PASSED] - Tel = Tel: null

2019-11-17 08:10:55 - [TEST_STEP][PASSED] - AutoEmail = AutoEmail: null

2019-11-17 08:10:55 - [TEST_STEP][PASSED] - println(FirstName): null

2019-11-17 08:10:55 - [TEST_STEP][PASSED] - println(LastName): null

2019-11-17 08:10:55 - [TEST_STEP][PASSED] - println(Address): null

2019-11-17 08:10:55 - [TEST_STEP][PASSED] - println(City): null

2019-11-17 08:10:55 - [TEST_STEP][PASSED] - println(Tel): null

2019-11-17 08:10:55 - [TEST_STEP][PASSED] - println(AutoEmail): null

2019-11-17 08:10:55 - [MESSAGE][PASSED] - Call Test Case 'Test Cases/mobileWeb/_include/name' successfully

2019-11-17 08:10:55 - [TEST_STEP][PASSED] - Thread.sleep(3000): null

2019-11-17 08:10:58 - [TEST_STEP][FAILED] - setText(findTestObject("mobileSanity/Dental/app_page1/input__member-P-1-firstName"), FirstName): Unable to set text 'Test-123' of object 'Object Repository/mobileSanity/Dental/app_page1/input__member-P-1-firstName' (Root cause: com.kms.katalon.core.webui.exception.WebElementNotFoundException: Web element with id: 'Object Repository/mobileSanity/Dental/app_page1/input__member-P-1-firstName' located by 'By.xpath: //input[@id = 'member-P-1-firstName' and @type = 'text']' not found)

2019-11-17 08:11:19 - [MESSAGE][INFO] - Unable to find the element located by 'By.xpath: //input[@id = 'member-P-1-firstName' and @type = 'text']'. Please recheck the objects properties to make sure the desired element is located. 

2019-11-17 08:11:19 - [MESSAGE][FAILED] - Unable to set text 'Test-123' of object 'Object Repository/mobileSanity/Dental/app_page1/input__member-P-1-firstName' (Root cause: com.kms.katalon.core.webui.exception.WebElementNotFoundException: Web element with id: 'Object Repository/mobileSanity/Dental/app_page1/input__member-P-1-firstName' located by 'By.xpath: //input[@id = 'member-P-1-firstName' and @type = 'text']' not found)
[[ATTACHMENT|D:\\Test\\AgileTest\\Reports\\mobileWeb\\dental\\20191117_080028\\1573996279319.png]]

2019-11-17 08:11:19 - [TEST_STEP][FAILED] - setText(findTestObject("mobileSanity/Dental/app_page1/input__member-P-1-lastName"), LastName): Unable to set text 'ZZ11-NTiayUHm' of object 'Object Repository/mobileSanity/Dental/app_page1/input__member-P-1-lastName' (Root cause: com.kms.katalon.core.webui.exception.WebElementNotFoundException: Web element with id: 'Object Repository/mobileSanity/Dental/app_page1/input__member-P-1-lastName' located by 'By.xpath: //input[@id = 'member-P-1-lastName' and @type = 'text']' not found)

2019-11-17 08:11:40 - [MESSAGE][INFO] - Unable to find the element located by 'By.xpath: //input[@id = 'member-P-1-lastName' and @type = 'text']'. Please recheck the objects properties to make sure the desired element is located. 

2019-11-17 08:11:40 - [MESSAGE][FAILED] - Unable to set text 'ZZ11-NTiayUHm' of object 'Object Repository/mobileSanity/Dental/app_page1/input__member-P-1-lastName' (Root cause: com.kms.katalon.core.webui.exception.WebElementNotFoundException: Web element with id: 'Object Repository/mobileSanity/Dental/app_page1/input__member-P-1-lastName' located by 'By.xpath: //input[@id = 'member-P-1-lastName' and @type = 'text']' not found)
[[ATTACHMENT|D:\\Test\\AgileTest\\Reports\\mobileWeb\\dental\\20191117_080028\\1573996300058.png]]

2019-11-17 08:11:40 - [TEST_STEP][FAILED] - setText(findTestObject("mobileSanity/Dental/app_page1/input__address"), Address): Unable to set text 'tjDXtKWX' of object 'Object Repository/mobileSanity/Dental/app_page1/input__address' (Root cause: com.kms.katalon.core.webui.exception.WebElementNotFoundException: Web element with id: 'Object Repository/mobileSanity/Dental/app_page1/input__address' located by 'By.xpath: //input[@type = 'text' and @id = 'address']' not found)

2019-11-17 08:12:00 - [MESSAGE][INFO] - Unable to find the element located by 'By.xpath: //input[@type = 'text' and @id = 'address']'. Please recheck the objects properties to make sure the desired element is located. 

2019-11-17 08:12:01 - [MESSAGE][FAILED] - Unable to set text 'tjDXtKWX' of object 'Object Repository/mobileSanity/Dental/app_page1/input__address' (Root cause: com.kms.katalon.core.webui.exception.WebElementNotFoundException: Web element with id: 'Object Repository/mobileSanity/Dental/app_page1/input__address' located by 'By.xpath: //input[@type = 'text' and @id = 'address']' not found)
[[ATTACHMENT|D:\\Test\\AgileTest\\Reports\\mobileWeb\\dental\\20191117_080028\\1573996320816.png]]

2019-11-17 08:12:01 - [TEST_STEP][FAILED] - setText(findTestObject("mobileSanity/Dental/app_page1/input__city"), City): Unable to set text 'nfOTczvg' of object 'Object Repository/mobileSanity/Dental/app_page1/input__city' (Root cause: com.kms.katalon.core.webui.exception.WebElementNotFoundException: Web element with id: 'Object Repository/mobileSanity/Dental/app_page1/input__city' located by 'By.xpath: //input[@type = 'text' and @id = 'city']' not found)

2019-11-17 08:12:21 - [MESSAGE][INFO] - Unable to find the element located by 'By.xpath: //input[@type = 'text' and @id = 'city']'. Please recheck the objects properties to make sure the desired element is located. 

2019-11-17 08:12:21 - [MESSAGE][FAILED] - Unable to set text 'nfOTczvg' of object 'Object Repository/mobileSanity/Dental/app_page1/input__city' (Root cause: com.kms.katalon.core.webui.exception.WebElementNotFoundException: Web element with id: 'Object Repository/mobileSanity/Dental/app_page1/input__city' located by 'By.xpath: //input[@type = 'text' and @id = 'city']' not found)
[[ATTACHMENT|D:\\Test\\AgileTest\\Reports\\mobileWeb\\dental\\20191117_080028\\1573996341574.png]]

2019-11-17 08:12:21 - [TEST_STEP][FAILED] - setText(findTestObject("mobileSanity/Dental/app_page1/input__email"), AutoEmail): Unable to set text 'test.dDXImiqW@suryani.cn' of object 'Object Repository/mobileSanity/Dental/app_page1/input__email' (Root cause: com.kms.katalon.core.webui.exception.WebElementNotFoundException: Web element with id: 'Object Repository/mobileSanity/Dental/app_page1/input__email' located by 'By.xpath: //input[@type = 'email' and @id = 'email']' not found)

2019-11-17 08:12:42 - [MESSAGE][INFO] - Unable to find the element located by 'By.xpath: //input[@type = 'email' and @id = 'email']'. Please recheck the objects properties to make sure the desired element is located. 

2019-11-17 08:12:42 - [MESSAGE][FAILED] - Unable to set text 'test.dDXImiqW@suryani.cn' of object 'Object Repository/mobileSanity/Dental/app_page1/input__email' (Root cause: com.kms.katalon.core.webui.exception.WebElementNotFoundException: Web element with id: 'Object Repository/mobileSanity/Dental/app_page1/input__email' located by 'By.xpath: //input[@type = 'email' and @id = 'email']' not found)
[[ATTACHMENT|D:\\Test\\AgileTest\\Reports\\mobileWeb\\dental\\20191117_080028\\1573996362313.png]]

2019-11-17 08:12:42 - [TEST_STEP][FAILED] - setText(findTestObject("mobileSanity/Dental/app_page1/input_phone"), Tel): Unable to set text '432-529-2454' of object 'Object Repository/mobileSanity/Dental/app_page1/input_phone' (Root cause: com.kms.katalon.core.webui.exception.WebElementNotFoundException: Web element with id: 'Object Repository/mobileSanity/Dental/app_page1/input_phone' located by 'By.xpath: //input[@id = 'primaryPhone']' not found)

2019-11-17 08:13:03 - [MESSAGE][INFO] - Unable to find the element located by 'By.xpath: //input[@id = 'primaryPhone']'. Please recheck the objects properties to make sure the desired element is located. 

2019-11-17 08:13:03 - [MESSAGE][FAILED] - Unable to set text '432-529-2454' of object 'Object Repository/mobileSanity/Dental/app_page1/input_phone' (Root cause: com.kms.katalon.core.webui.exception.WebElementNotFoundException: Web element with id: 'Object Repository/mobileSanity/Dental/app_page1/input_phone' located by 'By.xpath: //input[@id = 'primaryPhone']' not found)
[[ATTACHMENT|D:\\Test\\AgileTest\\Reports\\mobileWeb\\dental\\20191117_080028\\1573996383073.png]]

2019-11-17 08:13:03 - [TEST_STEP][FAILED] - click(findTestObject("mobileSanity/Dental/app_page1/a_Continue to Step 2 - Payment")): Unable to click on object 'Object Repository/mobileSanity/Dental/app_page1/a_Continue to Step 2 - Payment' (Root cause: com.kms.katalon.core.webui.exception.WebElementNotFoundException: Web element with id: 'Object Repository/mobileSanity/Dental/app_page1/a_Continue to Step 2 - Payment' located by 'By.xpath: //a[@id = 'js-app-continue-link' and @type = 'submit']' not found)

2019-11-17 08:13:23 - [MESSAGE][INFO] - Unable to find the element located by 'By.xpath: //a[@id = 'js-app-continue-link' and @type = 'submit']'. Please recheck the objects properties to make sure the desired element is located. 

2019-11-17 08:13:24 - [MESSAGE][FAILED] - Unable to click on object 'Object Repository/mobileSanity/Dental/app_page1/a_Continue to Step 2 - Payment' (Root cause: com.kms.katalon.core.webui.exception.WebElementNotFoundException: Web element with id: 'Object Repository/mobileSanity/Dental/app_page1/a_Continue to Step 2 - Payment' located by 'By.xpath: //a[@id = 'js-app-continue-link' and @type = 'submit']' not found)
[[ATTACHMENT|D:\\Test\\AgileTest\\Reports\\mobileWeb\\dental\\20191117_080028\\1573996403861.png]]

2019-11-17 08:13:24 - [TEST_STEP][PASSED] - waitForPageLoad(10): Wait for page load successfully

2019-11-17 08:13:24 - [MESSAGE][PASSED] - Wait for page load successfully

2019-11-17 08:13:24 - [TEST_STEP][PASSED] - Thread.sleep(2000): null

2019-11-17 08:13:26 - [TEST_STEP][PASSED] - if (carrier == "usa"): null

2019-11-17 08:13:26 - [TEST_STEP][PASSED] - callTestCase(findTestCase("mobileWeb/_include/get_screenshot"), [:], STOP_ON_FAILURE): Call Test Case 'Test Cases/mobileWeb/_include/get_screenshot' successfully

2019-11-17 08:13:26 - [TEST_CASE][PASSED] - Test Cases/mobileWeb/_include/get_screenshot: Test Cases/mobileWeb/_include/get_screenshot

2019-11-17 08:13:26 - [TEST_STEP][PASSED] - takeScreenshot(screenPath + i + ".png"): Taking screenshot successfully

2019-11-17 08:13:26 - [MESSAGE][PASSED] - Taking screenshot successfully
[[ATTACHMENT|D:\\Test\\AgileTest\\Reports\\mobileWeb\\dental\\20191117_080028\\../Screenshots/iPhone 6/dental/Nationwide/20191117_080954/7.png]]

2019-11-17 08:13:26 - [TEST_STEP][PASSED] - (internal.GlobalVariable.i++): null

2019-11-17 08:13:26 - [MESSAGE][PASSED] - Call Test Case 'Test Cases/mobileWeb/_include/get_screenshot' successfully

2019-11-17 08:13:26 - [TEST_STEP][FAILED] - setText(findTestObject("mobileSanity/Dental/app_page2/input__credit-card-first"), FirstName): Unable to set text 'Test-123' of object 'Object Repository/mobileSanity/Dental/app_page2/input__credit-card-first' (Root cause: com.kms.katalon.core.webui.exception.WebElementNotFoundException: Web element with id: 'Object Repository/mobileSanity/Dental/app_page2/input__credit-card-first' located by 'By.xpath: //input[@type = 'text' and @id = 'credit-card-first']' not found)

2019-11-17 08:13:47 - [MESSAGE][INFO] - Unable to find the element located by 'By.xpath: //input[@type = 'text' and @id = 'credit-card-first']'. Please recheck the objects properties to make sure the desired element is located. 

2019-11-17 08:13:47 - [MESSAGE][FAILED] - Unable to set text 'Test-123' of object 'Object Repository/mobileSanity/Dental/app_page2/input__credit-card-first' (Root cause: com.kms.katalon.core.webui.exception.WebElementNotFoundException: Web element with id: 'Object Repository/mobileSanity/Dental/app_page2/input__credit-card-first' located by 'By.xpath: //input[@type = 'text' and @id = 'credit-card-first']' not found)
[[ATTACHMENT|D:\\Test\\AgileTest\\Reports\\mobileWeb\\dental\\20191117_080028\\1573996427031.png]]

2019-11-17 08:13:47 - [TEST_STEP][FAILED] - setText(findTestObject("mobileSanity/Dental/app_page2/input__credit-card-last"), LastName): Unable to set text 'ZZ11-NTiayUHm' of object 'Object Repository/mobileSanity/Dental/app_page2/input__credit-card-last' (Root cause: com.kms.katalon.core.webui.exception.WebElementNotFoundException: Web element with id: 'Object Repository/mobileSanity/Dental/app_page2/input__credit-card-last' located by 'By.xpath: //input[@type = 'text' and @id = 'credit-card-last']' not found)

2019-11-17 08:14:07 - [MESSAGE][INFO] - Unable to find the element located by 'By.xpath: //input[@type = 'text' and @id = 'credit-card-last']'. Please recheck the objects properties to make sure the desired element is located. 

2019-11-17 08:14:08 - [MESSAGE][FAILED] - Unable to set text 'ZZ11-NTiayUHm' of object 'Object Repository/mobileSanity/Dental/app_page2/input__credit-card-last' (Root cause: com.kms.katalon.core.webui.exception.WebElementNotFoundException: Web element with id: 'Object Repository/mobileSanity/Dental/app_page2/input__credit-card-last' located by 'By.xpath: //input[@type = 'text' and @id = 'credit-card-last']' not found)
[[ATTACHMENT|D:\\Test\\AgileTest\\Reports\\mobileWeb\\dental\\20191117_080028\\1573996447790.png]]

2019-11-17 08:14:08 - [TEST_STEP][FAILED] - selectOptionByValue(findTestObject("mobileSanity/Dental/app_page2/select_MM010203040506070809101"), "12", true): Unable to select option by value '12' of object 'Object Repository/mobileSanity/Dental/app_page2/select_MM010203040506070809101'  using regular expression (Root cause: com.kms.katalon.core.webui.exception.WebElementNotFoundException: Web element with id: 'Object Repository/mobileSanity/Dental/app_page2/select_MM010203040506070809101' located by 'By.xpath: //select[@id = 'expiration-month' and (text() = 'MM010203040506070809101112' or . = 'MM010203040506070809101112')]' not found)

2019-11-17 08:14:28 - [MESSAGE][INFO] - Unable to find the element located by 'By.xpath: //select[@id = 'expiration-month' and (text() = 'MM010203040506070809101112' or . = 'MM010203040506070809101112')]'. Please recheck the objects properties to make sure the desired element is located. 

2019-11-17 08:14:28 - [MESSAGE][FAILED] - Unable to select option by value '12' of object 'Object Repository/mobileSanity/Dental/app_page2/select_MM010203040506070809101'  using regular expression (Root cause: com.kms.katalon.core.webui.exception.WebElementNotFoundException: Web element with id: 'Object Repository/mobileSanity/Dental/app_page2/select_MM010203040506070809101' located by 'By.xpath: //select[@id = 'expiration-month' and (text() = 'MM010203040506070809101112' or . = 'MM010203040506070809101112')]' not found)
[[ATTACHMENT|D:\\Test\\AgileTest\\Reports\\mobileWeb\\dental\\20191117_080028\\1573996468540.png]]

2019-11-17 08:14:28 - [TEST_STEP][FAILED] - selectOptionByValue(findTestObject("mobileSanity/Dental/app_page2/select_YYYY2019202020212022202"), "2026", true): Unable to select option by value '2026' of object 'Object Repository/mobileSanity/Dental/app_page2/select_YYYY2019202020212022202'  using regular expression (Root cause: com.kms.katalon.core.webui.exception.WebElementNotFoundException: Web element with id: 'Object Repository/mobileSanity/Dental/app_page2/select_YYYY2019202020212022202' located by 'By.xpath: //select[@id = 'expiration-year' and (text() = 'YYYY20192020202120222023202420252026202720282029' or . = 'YYYY20192020202120222023202420252026202720282029')]' not found)

2019-11-17 08:14:49 - [MESSAGE][INFO] - Unable to find the element located by 'By.xpath: //select[@id = 'expiration-year' and (text() = 'YYYY20192020202120222023202420252026202720282029' or . = 'YYYY20192020202120222023202420252026202720282029')]'. Please recheck the objects properties to make sure the desired element is located. 

2019-11-17 08:14:49 - [MESSAGE][FAILED] - Unable to select option by value '2026' of object 'Object Repository/mobileSanity/Dental/app_page2/select_YYYY2019202020212022202'  using regular expression (Root cause: com.kms.katalon.core.webui.exception.WebElementNotFoundException: Web element with id: 'Object Repository/mobileSanity/Dental/app_page2/select_YYYY2019202020212022202' located by 'By.xpath: //select[@id = 'expiration-year' and (text() = 'YYYY20192020202120222023202420252026202720282029' or . = 'YYYY20192020202120222023202420252026202720282029')]' not found)
[[ATTACHMENT|D:\\Test\\AgileTest\\Reports\\mobileWeb\\dental\\20191117_080028\\1573996489277.png]]

2019-11-17 08:14:49 - [TEST_STEP][FAILED] - setText(findTestObject("mobileSanity/Dental/app_page2/input__credit-card-number"), "4111111111111111"): Unable to set text '4111111111111111' of object 'Object Repository/mobileSanity/Dental/app_page2/input__credit-card-number' (Root cause: com.kms.katalon.core.webui.exception.WebElementNotFoundException: Web element with id: 'Object Repository/mobileSanity/Dental/app_page2/input__credit-card-number' located by 'By.xpath: //input[@id = 'credit-card-number']' not found)

2019-11-17 08:15:10 - [MESSAGE][INFO] - Unable to find the element located by 'By.xpath: //input[@id = 'credit-card-number']'. Please recheck the objects properties to make sure the desired element is located. 

2019-11-17 08:15:10 - [MESSAGE][FAILED] - Unable to set text '4111111111111111' of object 'Object Repository/mobileSanity/Dental/app_page2/input__credit-card-number' (Root cause: com.kms.katalon.core.webui.exception.WebElementNotFoundException: Web element with id: 'Object Repository/mobileSanity/Dental/app_page2/input__credit-card-number' located by 'By.xpath: //input[@id = 'credit-card-number']' not found)
[[ATTACHMENT|D:\\Test\\AgileTest\\Reports\\mobileWeb\\dental\\20191117_080028\\1573996510057.png]]

2019-11-17 08:15:10 - [TEST_STEP][FAILED] - setText(findTestObject("mobileSanity/Dental/app_page2/input__cvv"), "123"): Unable to set text '123' of object 'Object Repository/mobileSanity/Dental/app_page2/input__cvv' (Root cause: com.kms.katalon.core.webui.exception.WebElementNotFoundException: Web element with id: 'Object Repository/mobileSanity/Dental/app_page2/input__cvv' located by 'By.xpath: //input[@id = 'credit-card-cvv']' not found)

2019-11-17 08:15:30 - [MESSAGE][INFO] - Unable to find the element located by 'By.xpath: //input[@id = 'credit-card-cvv']'. Please recheck the objects properties to make sure the desired element is located. 

2019-11-17 08:15:31 - [MESSAGE][FAILED] - Unable to set text '123' of object 'Object Repository/mobileSanity/Dental/app_page2/input__cvv' (Root cause: com.kms.katalon.core.webui.exception.WebElementNotFoundException: Web element with id: 'Object Repository/mobileSanity/Dental/app_page2/input__cvv' located by 'By.xpath: //input[@id = 'credit-card-cvv']' not found)
[[ATTACHMENT|D:\\Test\\AgileTest\\Reports\\mobileWeb\\dental\\20191117_080028\\1573996530843.png]]

2019-11-17 08:15:31 - [TEST_STEP][FAILED] - click(findTestObject("mobileSanity/Dental/app_page2/label_My billing address is th")): Unable to click on object 'Object Repository/mobileSanity/Dental/app_page2/label_My billing address is th' (Root cause: com.kms.katalon.core.webui.exception.WebElementNotFoundException: Web element with id: 'Object Repository/mobileSanity/Dental/app_page2/label_My billing address is th' located by 'By.xpath: //label[(text() = 'My billing address is the same as my contact information address.' or . = 'My billing address is the same as my contact information address.')]' not found)

2019-11-17 08:15:51 - [MESSAGE][INFO] - Unable to find the element located by 'By.xpath: //label[(text() = 'My billing address is the same as my contact information address.' or . = 'My billing address is the same as my contact information address.')]'. Please recheck the objects properties to make sure the desired element is located. 

2019-11-17 08:15:52 - [MESSAGE][FAILED] - Unable to click on object 'Object Repository/mobileSanity/Dental/app_page2/label_My billing address is th' (Root cause: com.kms.katalon.core.webui.exception.WebElementNotFoundException: Web element with id: 'Object Repository/mobileSanity/Dental/app_page2/label_My billing address is th' located by 'By.xpath: //label[(text() = 'My billing address is the same as my contact information address.' or . = 'My billing address is the same as my contact information address.')]' not found)
[[ATTACHMENT|D:\\Test\\AgileTest\\Reports\\mobileWeb\\dental\\20191117_080028\\1573996551748.png]]

2019-11-17 08:15:52 - [TEST_STEP][FAILED] - click(findTestObject("mobileSanity/Dental/app_page2/label_I Accept Authorization f")): Unable to click on object 'Object Repository/mobileSanity/Dental/app_page2/label_I Accept Authorization f' (Root cause: com.kms.katalon.core.webui.exception.WebElementNotFoundException: Web element with id: 'Object Repository/mobileSanity/Dental/app_page2/label_I Accept Authorization f' located by 'By.xpath: //label[(text() = 'I Accept Authorization for Automatic Credit Card Payment*' or . = 'I Accept Authorization for Automatic Credit Card Payment*')]' not found)

2019-11-17 08:16:12 - [MESSAGE][INFO] - Unable to find the element located by 'By.xpath: //label[(text() = 'I Accept Authorization for Automatic Credit Card Payment*' or . = 'I Accept Authorization for Automatic Credit Card Payment*')]'. Please recheck the objects properties to make sure the desired element is located. 

2019-11-17 08:16:12 - [MESSAGE][FAILED] - Unable to click on object 'Object Repository/mobileSanity/Dental/app_page2/label_I Accept Authorization f' (Root cause: com.kms.katalon.core.webui.exception.WebElementNotFoundException: Web element with id: 'Object Repository/mobileSanity/Dental/app_page2/label_I Accept Authorization f' located by 'By.xpath: //label[(text() = 'I Accept Authorization for Automatic Credit Card Payment*' or . = 'I Accept Authorization for Automatic Credit Card Payment*')]' not found)
[[ATTACHMENT|D:\\Test\\AgileTest\\Reports\\mobileWeb\\dental\\20191117_080028\\1573996572529.png]]

2019-11-17 08:16:12 - [TEST_STEP][FAILED] - click(findTestObject("mobileSanity/Dental/app_page2/a_Continue to Step 3 - Review")): Unable to click on object 'Object Repository/mobileSanity/Dental/app_page2/a_Continue to Step 3 - Review' (Root cause: com.kms.katalon.core.webui.exception.WebElementNotFoundException: Web element with id: 'Object Repository/mobileSanity/Dental/app_page2/a_Continue to Step 3 - Review' located by 'By.xpath: //a[@id = 'js-app-continue-link' and @type = 'submit']' not found)

2019-11-17 08:16:33 - [MESSAGE][INFO] - Unable to find the element located by 'By.xpath: //a[@id = 'js-app-continue-link' and @type = 'submit']'. Please recheck the objects properties to make sure the desired element is located. 

2019-11-17 08:16:33 - [MESSAGE][FAILED] - Unable to click on object 'Object Repository/mobileSanity/Dental/app_page2/a_Continue to Step 3 - Review' (Root cause: com.kms.katalon.core.webui.exception.WebElementNotFoundException: Web element with id: 'Object Repository/mobileSanity/Dental/app_page2/a_Continue to Step 3 - Review' located by 'By.xpath: //a[@id = 'js-app-continue-link' and @type = 'submit']' not found)
[[ATTACHMENT|D:\\Test\\AgileTest\\Reports\\mobileWeb\\dental\\20191117_080028\\1573996593391.png]]

2019-11-17 08:16:33 - [TEST_STEP][PASSED] - waitForPageLoad(20): Wait for page load successfully

2019-11-17 08:16:33 - [MESSAGE][PASSED] - Wait for page load successfully

2019-11-17 08:16:33 - [TEST_STEP][PASSED] - Thread.sleep(2000): null

2019-11-17 08:16:35 - [TEST_STEP][PASSED] - waitForElementClickable(findTestObject("mobileSanity/Dental/app_page3/label"), 20): Web element with id: 'Object Repository/mobileSanity/Dental/app_page3/label' located by 'By.xpath: //*[@id = 'consent-checkbox-0']' not found

2019-11-17 08:16:56 - [MESSAGE][INFO] - Unable to find the element located by 'By.xpath: //*[@id = 'consent-checkbox-0']'. Please recheck the objects properties to make sure the desired element is located. 

2019-11-17 08:16:56 - [MESSAGE][WARNING] - Web element with id: 'Object Repository/mobileSanity/Dental/app_page3/label' located by 'By.xpath: //*[@id = 'consent-checkbox-0']' not found

2019-11-17 08:16:56 - [TEST_STEP][PASSED] - callTestCase(findTestCase("mobileWeb/_include/get_screenshot"), [:], STOP_ON_FAILURE): Call Test Case 'Test Cases/mobileWeb/_include/get_screenshot' successfully

2019-11-17 08:16:56 - [TEST_CASE][PASSED] - Test Cases/mobileWeb/_include/get_screenshot: Test Cases/mobileWeb/_include/get_screenshot

2019-11-17 08:16:56 - [TEST_STEP][PASSED] - takeScreenshot(screenPath + i + ".png"): Taking screenshot successfully

2019-11-17 08:16:56 - [MESSAGE][PASSED] - Taking screenshot successfully
[[ATTACHMENT|D:\\Test\\AgileTest\\Reports\\mobileWeb\\dental\\20191117_080028\\../Screenshots/iPhone 6/dental/Nationwide/20191117_080954/8.png]]

2019-11-17 08:16:56 - [TEST_STEP][PASSED] - (internal.GlobalVariable.i++): null

2019-11-17 08:16:56 - [MESSAGE][PASSED] - Call Test Case 'Test Cases/mobileWeb/_include/get_screenshot' successfully

2019-11-17 08:16:56 - [TEST_STEP][FAILED] - click(findTestObject("mobileSanity/Dental/app_page3/label")): Unable to click on object 'Object Repository/mobileSanity/Dental/app_page3/label' (Root cause: com.kms.katalon.core.webui.exception.WebElementNotFoundException: Web element with id: 'Object Repository/mobileSanity/Dental/app_page3/label' located by 'By.xpath: //*[@id = 'consent-checkbox-0']' not found)

2019-11-17 08:17:16 - [MESSAGE][INFO] - Unable to find the element located by 'By.xpath: //*[@id = 'consent-checkbox-0']'. Please recheck the objects properties to make sure the desired element is located. 

2019-11-17 08:17:17 - [MESSAGE][FAILED] - Unable to click on object 'Object Repository/mobileSanity/Dental/app_page3/label' (Root cause: com.kms.katalon.core.webui.exception.WebElementNotFoundException: Web element with id: 'Object Repository/mobileSanity/Dental/app_page3/label' located by 'By.xpath: //*[@id = 'consent-checkbox-0']' not found)
[[ATTACHMENT|D:\\Test\\AgileTest\\Reports\\mobileWeb\\dental\\20191117_080028\\1573996636974.png]]

2019-11-17 08:17:17 - [TEST_STEP][FAILED] - click(findTestObject("mobileSanity/Dental/app_page3/p_CLICK TO SIGN")): Unable to click on object 'Object Repository/mobileSanity/Dental/app_page3/p_CLICK TO SIGN' (Root cause: com.kms.katalon.core.webui.exception.WebElementNotFoundException: Web element with id: 'Object Repository/mobileSanity/Dental/app_page3/p_CLICK TO SIGN' located by 'By.xpath: //*[@id = 'js-signature-tab']' not found)

2019-11-17 08:17:37 - [MESSAGE][INFO] - Unable to find the element located by 'By.xpath: //*[@id = 'js-signature-tab']'. Please recheck the objects properties to make sure the desired element is located. 

2019-11-17 08:17:38 - [MESSAGE][FAILED] - Unable to click on object 'Object Repository/mobileSanity/Dental/app_page3/p_CLICK TO SIGN' (Root cause: com.kms.katalon.core.webui.exception.WebElementNotFoundException: Web element with id: 'Object Repository/mobileSanity/Dental/app_page3/p_CLICK TO SIGN' located by 'By.xpath: //*[@id = 'js-signature-tab']' not found)
[[ATTACHMENT|D:\\Test\\AgileTest\\Reports\\mobileWeb\\dental\\20191117_080028\\1573996657738.png]]

2019-11-17 08:17:38 - [TEST_STEP][FAILED] - click(findTestObject("mobileSanity/Dental/app_page3/a_Submit Your Application")): Unable to click on object 'Object Repository/mobileSanity/Dental/app_page3/a_Submit Your Application' (Root cause: com.kms.katalon.core.webui.exception.WebElementNotFoundException: Web element with id: 'Object Repository/mobileSanity/Dental/app_page3/a_Submit Your Application' located by 'By.xpath: //a[@id = 'js-app-continue-link' and @type = 'submit']' not found)

2019-11-17 08:17:58 - [MESSAGE][INFO] - Unable to find the element located by 'By.xpath: //a[@id = 'js-app-continue-link' and @type = 'submit']'. Please recheck the objects properties to make sure the desired element is located. 

2019-11-17 08:17:58 - [MESSAGE][FAILED] - Unable to click on object 'Object Repository/mobileSanity/Dental/app_page3/a_Submit Your Application' (Root cause: com.kms.katalon.core.webui.exception.WebElementNotFoundException: Web element with id: 'Object Repository/mobileSanity/Dental/app_page3/a_Submit Your Application' located by 'By.xpath: //a[@id = 'js-app-continue-link' and @type = 'submit']' not found)
[[ATTACHMENT|D:\\Test\\AgileTest\\Reports\\mobileWeb\\dental\\20191117_080028\\1573996678479.png]]

2019-11-17 08:17:58 - [TEST_STEP][PASSED] - Thread.sleep(50000): null

2019-11-17 08:18:48 - [TEST_STEP][PASSED] - waitForElementPresent(findTestObject("mobileSanity/Dental/app_page4/js-app-confirmation"), 20): Object 'Object Repository/mobileSanity/Dental/app_page4/js-app-confirmation' is not present after 20 second(s)

2019-11-17 08:19:09 - [MESSAGE][INFO] - Unable to find the element located by 'By.xpath: //*[@id = 'js-app-confirmation']'. Please recheck the objects properties to make sure the desired element is located. 

2019-11-17 08:19:09 - [MESSAGE][WARNING] - Object 'Object Repository/mobileSanity/Dental/app_page4/js-app-confirmation' is not present after 20 second(s)

2019-11-17 08:19:09 - [TEST_STEP][FAILED] - callTestCase(findTestCase("mobileWeb/_include/get_screenshot"), [:], STOP_ON_FAILURE): callTestCase(findTestCase("mobileWeb/_include/get_screenshot"), [:], STOP_ON_FAILURE) FAILED.
Reason:
com.kms.katalon.core.exception.StepFailedException: Unable to set text 'Test-123' of object 'Object Repository/mobileSanity/Dental/app_page1/input__member-P-1-firstName' (Root cause: com.kms.katalon.core.webui.exception.WebElementNotFoundException: Web element with id: 'Object Repository/mobileSanity/Dental/app_page1/input__member-P-1-firstName' located by 'By.xpath: //input[@id = 'member-P-1-firstName' and @type = 'text']' not found)
	at com.kms.katalon.core.keyword.internal.KeywordMain.stepFailed(KeywordMain.groovy:32)
	at com.kms.katalon.core.webui.keyword.internal.WebUIKeywordMain.stepFailed(WebUIKeywordMain.groovy:65)
	at com.kms.katalon.core.webui.keyword.internal.WebUIKeywordMain.runKeyword(WebUIKeywordMain.groovy:27)
	at com.kms.katalon.core.webui.keyword.builtin.SetTextKeyword.setText(SetTextKeyword.groovy:65)
	at com.kms.katalon.core.webui.keyword.builtin.SetTextKeyword.execute(SetTextKeyword.groovy:37)
	at com.kms.katalon.core.keyword.internal.KeywordExecutor.executeKeywordForPlatform(KeywordExecutor.groovy:53)
	at com.kms.katalon.core.webui.keyword.WebUiBuiltInKeywords.setText(WebUiBuiltInKeywords.groovy:950)
	at com.kms.katalon.core.webui.keyword.WebUiBuiltInKeywords$setText$4.call(Unknown Source)
	at goToEnd_dental.run(goToEnd_dental:20)
	at com.kms.katalon.core.main.ScriptEngine.run(ScriptEngine.java:194)
	at com.kms.katalon.core.main.ScriptEngine.runScriptAsRawText(ScriptEngine.java:119)
	at com.kms.katalon.core.main.TestCaseExecutor.runScript(TestCaseExecutor.java:328)
	at com.kms.katalon.core.main.TestCaseExecutor.doExecute(TestCaseExecutor.java:319)
	at com.kms.katalon.core.main.TestCaseExecutor.processExecutionPhase(TestCaseExecutor.java:298)
	at com.kms.katalon.core.main.TestCaseExecutor.accessMainPhase(TestCaseExecutor.java:290)
	at com.kms.katalon.core.main.TestCaseExecutor.execute(TestCaseExecutor.java:224)
	at com.kms.katalon.core.main.TestCaseMain.runTestCase(TestCaseMain.java:106)
	at com.kms.katalon.core.keyword.builtin.CallTestCaseKeyword$_callTestCase_closure1.doCall(CallTestCaseKeyword.groovy:59)
	at com.kms.katalon.core.keyword.builtin.CallTestCaseKeyword$_callTestCase_closure1.call(CallTestCaseKeyword.groovy)
	at com.kms.katalon.core.keyword.internal.KeywordMain.runKeyword(KeywordMain.groovy:54)
	at com.kms.katalon.core.keyword.builtin.CallTestCaseKeyword.callTestCase(CallTestCaseKeyword.groovy:80)
	at com.kms.katalon.core.keyword.builtin.CallTestCaseKeyword.execute(CallTestCaseKeyword.groovy:44)
	at com.kms.katalon.core.keyword.internal.KeywordExecutor.executeKeywordForPlatform(KeywordExecutor.groovy:53)
	at com.kms.katalon.core.keyword.BuiltinKeywords.callTestCase(BuiltinKeywords.groovy:334)
	at Nationwide.run(Nationwide:52)
	at com.kms.katalon.core.main.ScriptEngine.run(ScriptEngine.java:194)
	at com.kms.katalon.core.main.ScriptEngine.runScriptAsRawText(ScriptEngine.java:119)
	at com.kms.katalon.core.main.TestCaseExecutor.runScript(TestCaseExecutor.java:328)
	at com.kms.katalon.core.main.TestCaseExecutor.doExecute(TestCaseExecutor.java:319)
	at com.kms.katalon.core.main.TestCaseExecutor.processExecutionPhase(TestCaseExecutor.java:298)
	at com.kms.katalon.core.main.TestCaseExecutor.accessMainPhase(TestCaseExecutor.java:290)
	at com.kms.katalon.core.main.TestCaseExecutor.execute(TestCaseExecutor.java:224)
	at com.kms.katalon.core.main.TestSuiteExecutor.accessTestCaseMainPhase(TestSuiteExecutor.java:129)
	at com.kms.katalon.core.main.TestSuiteExecutor.accessTestSuiteMainPhase(TestSuiteExecutor.java:112)
	at com.kms.katalon.core.main.TestSuiteExecutor.execute(TestSuiteExecutor.java:81)
	at com.kms.katalon.core.main.TestCaseMain.startTestSuite(TestCaseMain.java:149)
	at com.kms.katalon.core.main.TestCaseMain$startTestSuite$0.call(Unknown Source)
	at TempTestSuite1573995628848.run(TempTestSuite1573995628848.groovy:36)


2019-11-17 08:19:09 - [TEST_CASE][PASSED] - Test Cases/mobileWeb/_include/get_screenshot: Test Cases/mobileWeb/_include/get_screenshot

2019-11-17 08:19:09 - [TEST_STEP][PASSED] - takeScreenshot(screenPath + i + ".png"): Taking screenshot successfully

2019-11-17 08:19:09 - [MESSAGE][PASSED] - Taking screenshot successfully
[[ATTACHMENT|D:\\Test\\AgileTest\\Reports\\mobileWeb\\dental\\20191117_080028\\../Screenshots/iPhone 6/dental/Nationwide/20191117_080954/9.png]]

2019-11-17 08:19:09 - [TEST_STEP][PASSED] - (internal.GlobalVariable.i++): null

2019-11-17 08:19:09 - [MESSAGE][PASSED] - Call Test Case 'Test Cases/mobileWeb/_include/get_screenshot' successfully

2019-11-17 08:19:09 - [MESSAGE][FAILED] - callTestCase(findTestCase("mobileWeb/_include/get_screenshot"), [:], STOP_ON_FAILURE) FAILED.
Reason:
com.kms.katalon.core.exception.StepFailedException: Unable to set text 'Test-123' of object 'Object Repository/mobileSanity/Dental/app_page1/input__member-P-1-firstName' (Root cause: com.kms.katalon.core.webui.exception.WebElementNotFoundException: Web element with id: 'Object Repository/mobileSanity/Dental/app_page1/input__member-P-1-firstName' located by 'By.xpath: //input[@id = 'member-P-1-firstName' and @type = 'text']' not found)
	at com.kms.katalon.core.keyword.internal.KeywordMain.stepFailed(KeywordMain.groovy:32)
	at com.kms.katalon.core.webui.keyword.internal.WebUIKeywordMain.stepFailed(WebUIKeywordMain.groovy:65)
	at com.kms.katalon.core.webui.keyword.internal.WebUIKeywordMain.runKeyword(WebUIKeywordMain.groovy:27)
	at com.kms.katalon.core.webui.keyword.builtin.SetTextKeyword.setText(SetTextKeyword.groovy:65)
	at com.kms.katalon.core.webui.keyword.builtin.SetTextKeyword.execute(SetTextKeyword.groovy:37)
	at com.kms.katalon.core.keyword.internal.KeywordExecutor.executeKeywordForPlatform(KeywordExecutor.groovy:53)
	at com.kms.katalon.core.webui.keyword.WebUiBuiltInKeywords.setText(WebUiBuiltInKeywords.groovy:950)
	at com.kms.katalon.core.webui.keyword.WebUiBuiltInKeywords$setText$4.call(Unknown Source)
	at goToEnd_dental.run(goToEnd_dental:20)
	at com.kms.katalon.core.main.ScriptEngine.run(ScriptEngine.java:194)
	at com.kms.katalon.core.main.ScriptEngine.runScriptAsRawText(ScriptEngine.java:119)
	at com.kms.katalon.core.main.TestCaseExecutor.runScript(TestCaseExecutor.java:328)
	at com.kms.katalon.core.main.TestCaseExecutor.doExecute(TestCaseExecutor.java:319)
	at com.kms.katalon.core.main.TestCaseExecutor.processExecutionPhase(TestCaseExecutor.java:298)
	at com.kms.katalon.core.main.TestCaseExecutor.accessMainPhase(TestCaseExecutor.java:290)
	at com.kms.katalon.core.main.TestCaseExecutor.execute(TestCaseExecutor.java:224)
	at com.kms.katalon.core.main.TestCaseMain.runTestCase(TestCaseMain.java:106)
	at com.kms.katalon.core.keyword.builtin.CallTestCaseKeyword$_callTestCase_closure1.doCall(CallTestCaseKeyword.groovy:59)
	at com.kms.katalon.core.keyword.builtin.CallTestCaseKeyword$_callTestCase_closure1.call(CallTestCaseKeyword.groovy)
	at com.kms.katalon.core.keyword.internal.KeywordMain.runKeyword(KeywordMain.groovy:54)
	at com.kms.katalon.core.keyword.builtin.CallTestCaseKeyword.callTestCase(CallTestCaseKeyword.groovy:80)
	at com.kms.katalon.core.keyword.builtin.CallTestCaseKeyword.execute(CallTestCaseKeyword.groovy:44)
	at com.kms.katalon.core.keyword.internal.KeywordExecutor.executeKeywordForPlatform(KeywordExecutor.groovy:53)
	at com.kms.katalon.core.keyword.BuiltinKeywords.callTestCase(BuiltinKeywords.groovy:334)
	at Nationwide.run(Nationwide:52)
	at com.kms.katalon.core.main.ScriptEngine.run(ScriptEngine.java:194)
	at com.kms.katalon.core.main.ScriptEngine.runScriptAsRawText(ScriptEngine.java:119)
	at com.kms.katalon.core.main.TestCaseExecutor.runScript(TestCaseExecutor.java:328)
	at com.kms.katalon.core.main.TestCaseExecutor.doExecute(TestCaseExecutor.java:319)
	at com.kms.katalon.core.main.TestCaseExecutor.processExecutionPhase(TestCaseExecutor.java:298)
	at com.kms.katalon.core.main.TestCaseExecutor.accessMainPhase(TestCaseExecutor.java:290)
	at com.kms.katalon.core.main.TestCaseExecutor.execute(TestCaseExecutor.java:224)
	at com.kms.katalon.core.main.TestSuiteExecutor.accessTestCaseMainPhase(TestSuiteExecutor.java:129)
	at com.kms.katalon.core.main.TestSuiteExecutor.accessTestSuiteMainPhase(TestSuiteExecutor.java:112)
	at com.kms.katalon.core.main.TestSuiteExecutor.execute(TestSuiteExecutor.java:81)
	at com.kms.katalon.core.main.TestCaseMain.startTestSuite(TestCaseMain.java:149)
	at com.kms.katalon.core.main.TestCaseMain$startTestSuite$0.call(Unknown Source)
	at TempTestSuite1573995628848.run(TempTestSuite1573995628848.groovy:36)


2019-11-17 08:19:09 - [MESSAGE][FAILED] - Unable to call Test Case 'Test Cases/mobileWeb/_include/goToEnd_dental' (Root cause: com.kms.katalon.core.exception.StepFailedException: Call Test Case 'Test Cases/mobileWeb/_include/goToEnd_dental' failed)

2019-11-17 08:19:09 - [MESSAGE][FAILED] - callTestCase(findTestCase("mobileWeb/_include/goToEnd_dental"), ["carrier":"nationwide"], STOP_ON_FAILURE) FAILED.
Reason:
com.kms.katalon.core.exception.StepFailedException: Unable to click on object 'Object Repository/mobileSanity/Dental/quote/a_Select This Plan' (Root cause: org.openqa.selenium.WebDriverException: unknown error: Element <a href="/dental-insurance/apply/foundation-dental-protector-i-al" class="js-buy-plan quote-plan-buy">...</a> is not clickable at point (187, 645). Other element would receive the click: <iframe src="https://secure.livechatinc.com/licence/11465608/v2/open_chat.cgi?license=11465608&amp;group=0&amp;embedded=1&amp;widget_version=3&amp;unique_groups=0" allowtransparency="true" allow="autoplay" id="chat-widget" name="chat-widget" scrolling="no" role="application" aria-label="LiveChat chat widget" style="width: 100%; height: 100%; min-height: 0px; min-width: 0px; margin: 0px; padding: 0px; background-image: none; background-position: 0% 0%; background-size: initial; background-attachment: scroll; background-origin: initial; background-clip: initial; background-color: rgba(0, 0, 0, 0); border-width: 0px; float: none; position: absolute; top: 0px; left: 0px; bottom: 0px; right: 0px; transition: none 0s ease 0s !important;"></iframe>
  (Session info: chrome=78.0.3904.70)
  (Driver info: chromedriver=2.43.600210 (68dcf5eebde37173d4027fa8635e332711d2874a),platform=Windows NT 6.3.9600 x86_64) (WARNING: The server did not provide any stacktrace information)
Command duration or timeout: 0 milliseconds
Build info: version: '3.7.1', revision: '8a0099a', time: '2017-11-06T21:07:36.161Z'
System info: host: 'WIN-U215233FMVE', ip: '172.30.0.53', os.name: 'Windows Server 2012 R2', os.arch: 'amd64', os.version: '6.3', java.version: '1.8.0_181'
Driver info: com.kms.katalon.selenium.driver.CChromeDriver
Capabilities {acceptInsecureCerts: false, acceptSslCerts: false, applicationCacheEnabled: false, browserConnectionEnabled: false, browserName: chrome, chrome: {chromedriverVersion: 2.43.600210 (68dcf5eebde371..., userDataDir: C:\Users\ADMINI~1\AppData\L...}, cssSelectorsEnabled: true, databaseEnabled: false, goog:chromeOptions: {debuggerAddress: localhost:54751}, handlesAlerts: true, hasTouchScreen: true, javascriptEnabled: true, locationContextEnabled: true, mobileEmulationEnabled: true, nativeEvents: true, networkConnectionEnabled: false, pageLoadStrategy: normal, platform: XP, platformName: XP, rotatable: false, setWindowRect: true, takesHeapSnapshot: true, takesScreenshot: true, unexpectedAlertBehaviour: , unhandledPromptBehavior: , version: 78.0.3904.70, webStorageEnabled: true}
Session ID: 2d9979bba807298bed104037cf2412a1)
	at com.kms.katalon.core.keyword.internal.KeywordMain.stepFailed(KeywordMain.groovy:32)
	at com.kms.katalon.core.webui.keyword.internal.WebUIKeywordMain.stepFailed(WebUIKeywordMain.groovy:65)
	at com.kms.katalon.core.webui.keyword.internal.WebUIKeywordMain.runKeyword(WebUIKeywordMain.groovy:27)
	at com.kms.katalon.core.webui.keyword.builtin.ClickKeyword.click(ClickKeyword.groovy:86)
	at com.kms.katalon.core.webui.keyword.builtin.ClickKeyword.execute(ClickKeyword.groovy:67)
	at com.kms.katalon.core.keyword.internal.KeywordExecutor.executeKeywordForPlatform(KeywordExecutor.groovy:53)
	at com.kms.katalon.core.webui.keyword.WebUiBuiltInKeywords.click(WebUiBuiltInKeywords.groovy:616)
	at com.kms.katalon.core.webui.keyword.WebUiBuiltInKeywords$click$2.call(Unknown Source)
	at Nationwide.run(Nationwide:40)
	at com.kms.katalon.core.main.ScriptEngine.run(ScriptEngine.java:194)
	at com.kms.katalon.core.main.ScriptEngine.runScriptAsRawText(ScriptEngine.java:119)
	at com.kms.katalon.core.main.TestCaseExecutor.runScript(TestCaseExecutor.java:328)
	at com.kms.katalon.core.main.TestCaseExecutor.doExecute(TestCaseExecutor.java:319)
	at com.kms.katalon.core.main.TestCaseExecutor.processExecutionPhase(TestCaseExecutor.java:298)
	at com.kms.katalon.core.main.TestCaseExecutor.accessMainPhase(TestCaseExecutor.java:290)
	at com.kms.katalon.core.main.TestCaseExecutor.execute(TestCaseExecutor.java:224)
	at com.kms.katalon.core.main.TestSuiteExecutor.accessTestCaseMainPhase(TestSuiteExecutor.java:129)
	at com.kms.katalon.core.main.TestSuiteExecutor.accessTestSuiteMainPhase(TestSuiteExecutor.java:112)
	at com.kms.katalon.core.main.TestSuiteExecutor.execute(TestSuiteExecutor.java:81)
	at com.kms.katalon.core.main.TestCaseMain.startTestSuite(TestCaseMain.java:149)
	at com.kms.katalon.core.main.TestCaseMain$startTestSuite$0.call(Unknown Source)
	at TempTestSuite1573995628848.run(TempTestSuite1573995628848.groovy:36)]]></system-out>
         <system-err><![CDATA[2019-11-17 08:09:54 - [TEST_CASE][FAILED] - Test Cases/mobileWeb/Dental/Nationwide: Test Cases/mobileWeb/Dental/Nationwide FAILED.
Reason:
com.kms.katalon.core.exception.StepFailedException: Unable to click on object 'Object Repository/mobileSanity/Dental/quote/a_Select This Plan' (Root cause: org.openqa.selenium.WebDriverException: unknown error: Element <a href="/dental-insurance/apply/foundation-dental-protector-i-al" class="js-buy-plan quote-plan-buy">...</a> is not clickable at point (187, 645). Other element would receive the click: <iframe src="https://secure.livechatinc.com/licence/11465608/v2/open_chat.cgi?license=11465608&amp;group=0&amp;embedded=1&amp;widget_version=3&amp;unique_groups=0" allowtransparency="true" allow="autoplay" id="chat-widget" name="chat-widget" scrolling="no" role="application" aria-label="LiveChat chat widget" style="width: 100%; height: 100%; min-height: 0px; min-width: 0px; margin: 0px; padding: 0px; background-image: none; background-position: 0% 0%; background-size: initial; background-attachment: scroll; background-origin: initial; background-clip: initial; background-color: rgba(0, 0, 0, 0); border-width: 0px; float: none; position: absolute; top: 0px; left: 0px; bottom: 0px; right: 0px; transition: none 0s ease 0s !important;"></iframe>
  (Session info: chrome=78.0.3904.70)
  (Driver info: chromedriver=2.43.600210 (68dcf5eebde37173d4027fa8635e332711d2874a),platform=Windows NT 6.3.9600 x86_64) (WARNING: The server did not provide any stacktrace information)
Command duration or timeout: 0 milliseconds
Build info: version: '3.7.1', revision: '8a0099a', time: '2017-11-06T21:07:36.161Z'
System info: host: 'WIN-U215233FMVE', ip: '172.30.0.53', os.name: 'Windows Server 2012 R2', os.arch: 'amd64', os.version: '6.3', java.version: '1.8.0_181'
Driver info: com.kms.katalon.selenium.driver.CChromeDriver
Capabilities {acceptInsecureCerts: false, acceptSslCerts: false, applicationCacheEnabled: false, browserConnectionEnabled: false, browserName: chrome, chrome: {chromedriverVersion: 2.43.600210 (68dcf5eebde371..., userDataDir: C:\Users\ADMINI~1\AppData\L...}, cssSelectorsEnabled: true, databaseEnabled: false, goog:chromeOptions: {debuggerAddress: localhost:54751}, handlesAlerts: true, hasTouchScreen: true, javascriptEnabled: true, locationContextEnabled: true, mobileEmulationEnabled: true, nativeEvents: true, networkConnectionEnabled: false, pageLoadStrategy: normal, platform: XP, platformName: XP, rotatable: false, setWindowRect: true, takesHeapSnapshot: true, takesScreenshot: true, unexpectedAlertBehaviour: , unhandledPromptBehavior: , version: 78.0.3904.70, webStorageEnabled: true}
Session ID: 2d9979bba807298bed104037cf2412a1)
	at com.kms.katalon.core.keyword.internal.KeywordMain.stepFailed(KeywordMain.groovy:32)
	at com.kms.katalon.core.webui.keyword.internal.WebUIKeywordMain.stepFailed(WebUIKeywordMain.groovy:65)
	at com.kms.katalon.core.webui.keyword.internal.WebUIKeywordMain.runKeyword(WebUIKeywordMain.groovy:27)
	at com.kms.katalon.core.webui.keyword.builtin.ClickKeyword.click(ClickKeyword.groovy:86)
	at com.kms.katalon.core.webui.keyword.builtin.ClickKeyword.execute(ClickKeyword.groovy:67)
	at com.kms.katalon.core.keyword.internal.KeywordExecutor.executeKeywordForPlatform(KeywordExecutor.groovy:53)
	at com.kms.katalon.core.webui.keyword.WebUiBuiltInKeywords.click(WebUiBuiltInKeywords.groovy:616)
	at com.kms.katalon.core.webui.keyword.WebUiBuiltInKeywords$click$2.call(Unknown Source)
	at Nationwide.run(Nationwide:40)
	at com.kms.katalon.core.main.ScriptEngine.run(ScriptEngine.java:194)
	at com.kms.katalon.core.main.ScriptEngine.runScriptAsRawText(ScriptEngine.java:119)
	at com.kms.katalon.core.main.TestCaseExecutor.runScript(TestCaseExecutor.java:328)
	at com.kms.katalon.core.main.TestCaseExecutor.doExecute(TestCaseExecutor.java:319)
	at com.kms.katalon.core.main.TestCaseExecutor.processExecutionPhase(TestCaseExecutor.java:298)
	at com.kms.katalon.core.main.TestCaseExecutor.accessMainPhase(TestCaseExecutor.java:290)
	at com.kms.katalon.core.main.TestCaseExecutor.execute(TestCaseExecutor.java:224)
	at com.kms.katalon.core.main.TestSuiteExecutor.accessTestCaseMainPhase(TestSuiteExecutor.java:129)
	at com.kms.katalon.core.main.TestSuiteExecutor.accessTestSuiteMainPhase(TestSuiteExecutor.java:112)
	at com.kms.katalon.core.main.TestSuiteExecutor.execute(TestSuiteExecutor.java:81)
	at com.kms.katalon.core.main.TestCaseMain.startTestSuite(TestCaseMain.java:149)
	at com.kms.katalon.core.main.TestCaseMain$startTestSuite$0.call(Unknown Source)
	at TempTestSuite1573995628848.run(TempTestSuite1573995628848.groovy:36)]]></system-err>
      </testcase>
      <testcase name="Test Cases/mobileWeb/Dental/USA Access" classname="Test Cases/mobileWeb/Dental/USA Access" status="FAILED">
         <failure type="FAILED" message="Test Cases/mobileWeb/Dental/USA Access FAILED.
Reason:
com.kms.katalon.core.exception.StepFailedException: Unable to click on object 'Object Repository/mobileSanity/Dental/quote/a_Select This Plan' (Root cause: org.openqa.selenium.WebDriverException: unknown error: Element &lt;a href=&quot;/dental-insurance/apply/usa-plus-dental-vision-al&quot; class=&quot;js-buy-plan quote-plan-buy&quot;>...&lt;/a> is not clickable at point (187, 645). Other element would receive the click: &lt;iframe src=&quot;https://secure.livechatinc.com/licence/11465608/v2/open_chat.cgi?license=11465608&amp;amp;group=0&amp;amp;embedded=1&amp;amp;widget_version=3&amp;amp;unique_groups=0&quot; allowtransparency=&quot;true&quot; allow=&quot;autoplay&quot; id=&quot;chat-widget&quot; name=&quot;chat-widget&quot; scrolling=&quot;no&quot; role=&quot;application&quot; aria-label=&quot;LiveChat chat widget&quot; style=&quot;width: 100%; height: 100%; min-height: 0px; min-width: 0px; margin: 0px; padding: 0px; background-image: none; background-position: 0% 0%; background-size: initial; background-attachment: scroll; background-origin: initial; background-clip: initial; background-color: rgba(0, 0, 0, 0); border-width: 0px; float: none; position: absolute; top: 0px; left: 0px; bottom: 0px; right: 0px; transition: none 0s ease 0s !important;&quot;>&lt;/iframe>
  (Session info: chrome=78.0.3904.70)
  (Driver info: chromedriver=2.43.600210 (68dcf5eebde37173d4027fa8635e332711d2874a),platform=Windows NT 6.3.9600 x86_64) (WARNING: The server did not provide any stacktrace information)
Command duration or timeout: 0 milliseconds
Build info: version: '3.7.1', revision: '8a0099a', time: '2017-11-06T21:07:36.161Z'
System info: host: 'WIN-U215233FMVE', ip: '172.30.0.53', os.name: 'Windows Server 2012 R2', os.arch: 'amd64', os.version: '6.3', java.version: '1.8.0_181'
Driver info: com.kms.katalon.selenium.driver.CChromeDriver
Capabilities {acceptInsecureCerts: false, acceptSslCerts: false, applicationCacheEnabled: false, browserConnectionEnabled: false, browserName: chrome, chrome: {chromedriverVersion: 2.43.600210 (68dcf5eebde371..., userDataDir: C:\Users\ADMINI~1\AppData\L...}, cssSelectorsEnabled: true, databaseEnabled: false, goog:chromeOptions: {debuggerAddress: localhost:54924}, handlesAlerts: true, hasTouchScreen: true, javascriptEnabled: true, locationContextEnabled: true, mobileEmulationEnabled: true, nativeEvents: true, networkConnectionEnabled: false, pageLoadStrategy: normal, platform: XP, platformName: XP, rotatable: false, setWindowRect: true, takesHeapSnapshot: true, takesScreenshot: true, unexpectedAlertBehaviour: , unhandledPromptBehavior: , version: 78.0.3904.70, webStorageEnabled: true}
Session ID: 6b9bd64a5fbe02bd2c66435035f45589)
	at com.kms.katalon.core.keyword.internal.KeywordMain.stepFailed(KeywordMain.groovy:32)
	at com.kms.katalon.core.webui.keyword.internal.WebUIKeywordMain.stepFailed(WebUIKeywordMain.groovy:65)
	at com.kms.katalon.core.webui.keyword.internal.WebUIKeywordMain.runKeyword(WebUIKeywordMain.groovy:27)
	at com.kms.katalon.core.webui.keyword.builtin.ClickKeyword.click(ClickKeyword.groovy:86)
	at com.kms.katalon.core.webui.keyword.builtin.ClickKeyword.execute(ClickKeyword.groovy:67)
	at com.kms.katalon.core.keyword.internal.KeywordExecutor.executeKeywordForPlatform(KeywordExecutor.groovy:53)
	at com.kms.katalon.core.webui.keyword.WebUiBuiltInKeywords.click(WebUiBuiltInKeywords.groovy:616)
	at com.kms.katalon.core.webui.keyword.WebUiBuiltInKeywords$click$2.call(Unknown Source)
	at USA Access.run(USA Access:43)
	at com.kms.katalon.core.main.ScriptEngine.run(ScriptEngine.java:194)
	at com.kms.katalon.core.main.ScriptEngine.runScriptAsRawText(ScriptEngine.java:119)
	at com.kms.katalon.core.main.TestCaseExecutor.runScript(TestCaseExecutor.java:328)
	at com.kms.katalon.core.main.TestCaseExecutor.doExecute(TestCaseExecutor.java:319)
	at com.kms.katalon.core.main.TestCaseExecutor.processExecutionPhase(TestCaseExecutor.java:298)
	at com.kms.katalon.core.main.TestCaseExecutor.accessMainPhase(TestCaseExecutor.java:290)
	at com.kms.katalon.core.main.TestCaseExecutor.execute(TestCaseExecutor.java:224)
	at com.kms.katalon.core.main.TestSuiteExecutor.accessTestCaseMainPhase(TestSuiteExecutor.java:129)
	at com.kms.katalon.core.main.TestSuiteExecutor.accessTestSuiteMainPhase(TestSuiteExecutor.java:112)
	at com.kms.katalon.core.main.TestSuiteExecutor.execute(TestSuiteExecutor.java:81)
	at com.kms.katalon.core.main.TestCaseMain.startTestSuite(TestCaseMain.java:149)
	at com.kms.katalon.core.main.TestCaseMain$startTestSuite$0.call(Unknown Source)
	at TempTestSuite1573995628848.run(TempTestSuite1573995628848.groovy:36)
"/>
         <system-out><![CDATA[2019-11-17 08:19:09 - [TEST_CASE][FAILED] - Test Cases/mobileWeb/Dental/USA Access: Test Cases/mobileWeb/Dental/USA Access FAILED.
Reason:
com.kms.katalon.core.exception.StepFailedException: Unable to click on object 'Object Repository/mobileSanity/Dental/quote/a_Select This Plan' (Root cause: org.openqa.selenium.WebDriverException: unknown error: Element <a href="/dental-insurance/apply/usa-plus-dental-vision-al" class="js-buy-plan quote-plan-buy">...</a> is not clickable at point (187, 645). Other element would receive the click: <iframe src="https://secure.livechatinc.com/licence/11465608/v2/open_chat.cgi?license=11465608&amp;group=0&amp;embedded=1&amp;widget_version=3&amp;unique_groups=0" allowtransparency="true" allow="autoplay" id="chat-widget" name="chat-widget" scrolling="no" role="application" aria-label="LiveChat chat widget" style="width: 100%; height: 100%; min-height: 0px; min-width: 0px; margin: 0px; padding: 0px; background-image: none; background-position: 0% 0%; background-size: initial; background-attachment: scroll; background-origin: initial; background-clip: initial; background-color: rgba(0, 0, 0, 0); border-width: 0px; float: none; position: absolute; top: 0px; left: 0px; bottom: 0px; right: 0px; transition: none 0s ease 0s !important;"></iframe>
  (Session info: chrome=78.0.3904.70)
  (Driver info: chromedriver=2.43.600210 (68dcf5eebde37173d4027fa8635e332711d2874a),platform=Windows NT 6.3.9600 x86_64) (WARNING: The server did not provide any stacktrace information)
Command duration or timeout: 0 milliseconds
Build info: version: '3.7.1', revision: '8a0099a', time: '2017-11-06T21:07:36.161Z'
System info: host: 'WIN-U215233FMVE', ip: '172.30.0.53', os.name: 'Windows Server 2012 R2', os.arch: 'amd64', os.version: '6.3', java.version: '1.8.0_181'
Driver info: com.kms.katalon.selenium.driver.CChromeDriver
Capabilities {acceptInsecureCerts: false, acceptSslCerts: false, applicationCacheEnabled: false, browserConnectionEnabled: false, browserName: chrome, chrome: {chromedriverVersion: 2.43.600210 (68dcf5eebde371..., userDataDir: C:\Users\ADMINI~1\AppData\L...}, cssSelectorsEnabled: true, databaseEnabled: false, goog:chromeOptions: {debuggerAddress: localhost:54924}, handlesAlerts: true, hasTouchScreen: true, javascriptEnabled: true, locationContextEnabled: true, mobileEmulationEnabled: true, nativeEvents: true, networkConnectionEnabled: false, pageLoadStrategy: normal, platform: XP, platformName: XP, rotatable: false, setWindowRect: true, takesHeapSnapshot: true, takesScreenshot: true, unexpectedAlertBehaviour: , unhandledPromptBehavior: , version: 78.0.3904.70, webStorageEnabled: true}
Session ID: 6b9bd64a5fbe02bd2c66435035f45589)
	at com.kms.katalon.core.keyword.internal.KeywordMain.stepFailed(KeywordMain.groovy:32)
	at com.kms.katalon.core.webui.keyword.internal.WebUIKeywordMain.stepFailed(WebUIKeywordMain.groovy:65)
	at com.kms.katalon.core.webui.keyword.internal.WebUIKeywordMain.runKeyword(WebUIKeywordMain.groovy:27)
	at com.kms.katalon.core.webui.keyword.builtin.ClickKeyword.click(ClickKeyword.groovy:86)
	at com.kms.katalon.core.webui.keyword.builtin.ClickKeyword.execute(ClickKeyword.groovy:67)
	at com.kms.katalon.core.keyword.internal.KeywordExecutor.executeKeywordForPlatform(KeywordExecutor.groovy:53)
	at com.kms.katalon.core.webui.keyword.WebUiBuiltInKeywords.click(WebUiBuiltInKeywords.groovy:616)
	at com.kms.katalon.core.webui.keyword.WebUiBuiltInKeywords$click$2.call(Unknown Source)
	at USA Access.run(USA Access:43)
	at com.kms.katalon.core.main.ScriptEngine.run(ScriptEngine.java:194)
	at com.kms.katalon.core.main.ScriptEngine.runScriptAsRawText(ScriptEngine.java:119)
	at com.kms.katalon.core.main.TestCaseExecutor.runScript(TestCaseExecutor.java:328)
	at com.kms.katalon.core.main.TestCaseExecutor.doExecute(TestCaseExecutor.java:319)
	at com.kms.katalon.core.main.TestCaseExecutor.processExecutionPhase(TestCaseExecutor.java:298)
	at com.kms.katalon.core.main.TestCaseExecutor.accessMainPhase(TestCaseExecutor.java:290)
	at com.kms.katalon.core.main.TestCaseExecutor.execute(TestCaseExecutor.java:224)
	at com.kms.katalon.core.main.TestSuiteExecutor.accessTestCaseMainPhase(TestSuiteExecutor.java:129)
	at com.kms.katalon.core.main.TestSuiteExecutor.accessTestSuiteMainPhase(TestSuiteExecutor.java:112)
	at com.kms.katalon.core.main.TestSuiteExecutor.execute(TestSuiteExecutor.java:81)
	at com.kms.katalon.core.main.TestCaseMain.startTestSuite(TestCaseMain.java:149)
	at com.kms.katalon.core.main.TestCaseMain$startTestSuite$0.call(Unknown Source)
	at TempTestSuite1573995628848.run(TempTestSuite1573995628848.groovy:36)


2019-11-17 08:19:09 - [TEST_STEP][PASSED] - callTestCase(findTestCase("mobileWeb/_include/get_screenPath"), ["productLine":"dental", "carrierName":"USA Access"], CONTINUE_ON_FAILURE): Call Test Case 'Test Cases/mobileWeb/_include/get_screenPath' successfully

2019-11-17 08:19:09 - [TEST_CASE][PASSED] - Test Cases/mobileWeb/_include/get_screenPath: Test Cases/mobileWeb/_include/get_screenPath

2019-11-17 08:19:09 - [TEST_STEP][PASSED] - m = getExecutionProperties(): null

2019-11-17 08:19:09 - [TEST_STEP][PASSED] - deviceName = get("mobileEmulation").get("deviceName"): null

2019-11-17 08:19:09 - [TEST_STEP][PASSED] - println(deviceName): null

2019-11-17 08:19:09 - [TEST_STEP][PASSED] - now = new java.util.Date(): null

2019-11-17 08:19:09 - [TEST_STEP][PASSED] - mydate = now.format("yyyyMMdd_HHmmss"): null

2019-11-17 08:19:09 - [TEST_STEP][PASSED] - screenPath = "../Screenshots/": null

2019-11-17 08:19:09 - [TEST_STEP][PASSED] - screenPath = screenPath + deviceName + "/" + productLine + "/" + carrierName + "/" + mydate + "/": null

2019-11-17 08:19:09 - [TEST_STEP][PASSED] - println(screenPath): null

2019-11-17 08:19:09 - [MESSAGE][PASSED] - Call Test Case 'Test Cases/mobileWeb/_include/get_screenPath' successfully

2019-11-17 08:19:09 - [TEST_STEP][PASSED] - i = 0: null

2019-11-17 08:19:09 - [TEST_STEP][PASSED] - callTestCase(findTestCase("mobileWeb/_include/openWebSite"), [:], STOP_ON_FAILURE): Call Test Case 'Test Cases/mobileWeb/_include/openWebSite' successfully

2019-11-17 08:19:10 - [TEST_CASE][PASSED] - Test Cases/mobileWeb/_include/openWebSite: Test Cases/mobileWeb/_include/openWebSite

2019-11-17 08:19:10 - [TEST_STEP][PASSED] - openBrowser(env): Browser is opened with url: 'https://praetemptatus.agilehealthinsurance.com'

2019-11-17 08:19:10 - [MESSAGE][WARNING] - A browser is already opened. Closing browser and opening a new one

2019-11-17 08:19:10 - [MESSAGE][INFO] - Starting 'Chrome' driver

2019-11-17 08:19:10 - [MESSAGE][INFO] - User set preference: ['mobileEmulation', '{deviceName=iPhone 6}']

2019-11-17 08:19:10 - [MESSAGE][INFO] - User set preference: ['args', '[--incognito, --aggressive-cache-discard, --window-size=375,677, --no-sandbox]']

2019-11-17 08:19:12 - [MESSAGE][PASSED] - Browser is opened with url: 'https://praetemptatus.agilehealthinsurance.com'

2019-11-17 08:19:12 - [TEST_STEP][PASSED] - waitForPageLoad(20): Wait for page load successfully

2019-11-17 08:19:12 - [MESSAGE][PASSED] - Wait for page load successfully

2019-11-17 08:19:12 - [TEST_STEP][PASSED] - callTestCase(findTestCase("mobileWeb/_include/get_screenshot"), [:], STOP_ON_FAILURE): Call Test Case 'Test Cases/mobileWeb/_include/get_screenshot' successfully

2019-11-17 08:19:12 - [TEST_CASE][PASSED] - Test Cases/mobileWeb/_include/get_screenshot: Test Cases/mobileWeb/_include/get_screenshot

2019-11-17 08:19:12 - [TEST_STEP][PASSED] - takeScreenshot(screenPath + i + ".png"): Taking screenshot successfully

2019-11-17 08:19:13 - [MESSAGE][PASSED] - Taking screenshot successfully
[[ATTACHMENT|D:\\Test\\AgileTest\\Reports\\mobileWeb\\dental\\20191117_080028\\../Screenshots/iPhone 6/dental/USA Access/20191117_081909/0.png]]

2019-11-17 08:19:13 - [TEST_STEP][PASSED] - (internal.GlobalVariable.i++): null

2019-11-17 08:19:13 - [MESSAGE][PASSED] - Call Test Case 'Test Cases/mobileWeb/_include/get_screenshot' successfully

2019-11-17 08:19:13 - [MESSAGE][PASSED] - Call Test Case 'Test Cases/mobileWeb/_include/openWebSite' successfully

2019-11-17 08:19:13 - [TEST_STEP][PASSED] - callTestCase(findTestCase("mobileWeb/_include/census_dental"), [:], STOP_ON_FAILURE): Call Test Case 'Test Cases/mobileWeb/_include/census_dental' successfully

2019-11-17 08:19:13 - [TEST_CASE][PASSED] - Test Cases/mobileWeb/_include/census_dental: Test Cases/mobileWeb/_include/census_dental

2019-11-17 08:19:13 - [TEST_STEP][PASSED] - click(findTestObject("mobileSanity/Common/side_nav/menu")): Object: 'Object Repository/mobileSanity/Common/side_nav/menu' is clicked on

2019-11-17 08:19:14 - [MESSAGE][PASSED] - Object: 'Object Repository/mobileSanity/Common/side_nav/menu' is clicked on

2019-11-17 08:19:14 - [TEST_STEP][PASSED] - Thread.sleep(3000): null

2019-11-17 08:19:17 - [TEST_STEP][PASSED] - callTestCase(findTestCase("mobileWeb/_include/get_screenshot"), [:], STOP_ON_FAILURE): Call Test Case 'Test Cases/mobileWeb/_include/get_screenshot' successfully

2019-11-17 08:19:17 - [TEST_CASE][PASSED] - Test Cases/mobileWeb/_include/get_screenshot: Test Cases/mobileWeb/_include/get_screenshot

2019-11-17 08:19:17 - [TEST_STEP][PASSED] - takeScreenshot(screenPath + i + ".png"): Taking screenshot successfully

2019-11-17 08:19:17 - [MESSAGE][PASSED] - Taking screenshot successfully
[[ATTACHMENT|D:\\Test\\AgileTest\\Reports\\mobileWeb\\dental\\20191117_080028\\../Screenshots/iPhone 6/dental/USA Access/20191117_081909/1.png]]

2019-11-17 08:19:17 - [TEST_STEP][PASSED] - (internal.GlobalVariable.i++): null

2019-11-17 08:19:17 - [MESSAGE][PASSED] - Call Test Case 'Test Cases/mobileWeb/_include/get_screenshot' successfully

2019-11-17 08:19:17 - [TEST_STEP][PASSED] - click(findTestObject("mobileSanity/Common/side_nav/nav_dental")): Object: 'Object Repository/mobileSanity/Common/side_nav/nav_dental' is clicked on

2019-11-17 08:19:18 - [MESSAGE][PASSED] - Object: 'Object Repository/mobileSanity/Common/side_nav/nav_dental' is clicked on

2019-11-17 08:19:18 - [TEST_STEP][PASSED] - waitForPageLoad(10): Wait for page load successfully

2019-11-17 08:19:18 - [MESSAGE][PASSED] - Wait for page load successfully

2019-11-17 08:19:18 - [TEST_STEP][PASSED] - callTestCase(findTestCase("mobileWeb/_include/get_screenshot"), [:], STOP_ON_FAILURE): Call Test Case 'Test Cases/mobileWeb/_include/get_screenshot' successfully

2019-11-17 08:19:18 - [TEST_CASE][PASSED] - Test Cases/mobileWeb/_include/get_screenshot: Test Cases/mobileWeb/_include/get_screenshot

2019-11-17 08:19:18 - [TEST_STEP][PASSED] - takeScreenshot(screenPath + i + ".png"): Taking screenshot successfully

2019-11-17 08:19:19 - [MESSAGE][PASSED] - Taking screenshot successfully
[[ATTACHMENT|D:\\Test\\AgileTest\\Reports\\mobileWeb\\dental\\20191117_080028\\../Screenshots/iPhone 6/dental/USA Access/20191117_081909/2.png]]

2019-11-17 08:19:19 - [TEST_STEP][PASSED] - (internal.GlobalVariable.i++): null

2019-11-17 08:19:19 - [MESSAGE][PASSED] - Call Test Case 'Test Cases/mobileWeb/_include/get_screenshot' successfully

2019-11-17 08:19:19 - [TEST_STEP][PASSED] - sendKeys(findTestObject("mobileSanity/Dental/census/input_Location_zip-input"), zipcode): Keys '35215' sent to object: 'Object Repository/mobileSanity/Dental/census/input_Location_zip-input'

2019-11-17 08:19:19 - [MESSAGE][PASSED] - Keys '35215' sent to object: 'Object Repository/mobileSanity/Dental/census/input_Location_zip-input'

2019-11-17 08:19:19 - [TEST_STEP][PASSED] - Thread.sleep(500): null

2019-11-17 08:19:19 - [TEST_STEP][PASSED] - setText(findTestObject("mobileSanity/Dental/census/input_Date of Birth_dob-0"), "12121980"): Text '12121980' is set on object 'Object Repository/mobileSanity/Dental/census/input_Date of Birth_dob-0'

2019-11-17 08:19:19 - [MESSAGE][PASSED] - Text '12121980' is set on object 'Object Repository/mobileSanity/Dental/census/input_Date of Birth_dob-0'

2019-11-17 08:19:19 - [TEST_STEP][PASSED] - click(findTestObject("mobileSanity/Dental/census/label_Male")): Object: 'Object Repository/mobileSanity/Dental/census/label_Male' is clicked on

2019-11-17 08:19:19 - [MESSAGE][PASSED] - Object: 'Object Repository/mobileSanity/Dental/census/label_Male' is clicked on

2019-11-17 08:19:19 - [TEST_STEP][PASSED] - click(findTestObject("mobileSanity/Dental/census/label_Compare Dental Insurance")): Object: 'Object Repository/mobileSanity/Dental/census/label_Compare Dental Insurance' is clicked on

2019-11-17 08:19:20 - [MESSAGE][PASSED] - Object: 'Object Repository/mobileSanity/Dental/census/label_Compare Dental Insurance' is clicked on

2019-11-17 08:19:20 - [TEST_STEP][PASSED] - waitForPageLoad(10): Wait for page load successfully

2019-11-17 08:19:20 - [MESSAGE][PASSED] - Wait for page load successfully

2019-11-17 08:19:20 - [TEST_STEP][PASSED] - Thread.sleep(2000): null

2019-11-17 08:19:22 - [TEST_STEP][PASSED] - callTestCase(findTestCase("mobileWeb/_include/get_screenshot"), [:], STOP_ON_FAILURE): Call Test Case 'Test Cases/mobileWeb/_include/get_screenshot' successfully

2019-11-17 08:19:23 - [TEST_CASE][PASSED] - Test Cases/mobileWeb/_include/get_screenshot: Test Cases/mobileWeb/_include/get_screenshot

2019-11-17 08:19:23 - [TEST_STEP][PASSED] - takeScreenshot(screenPath + i + ".png"): Taking screenshot successfully

2019-11-17 08:19:23 - [MESSAGE][PASSED] - Taking screenshot successfully
[[ATTACHMENT|D:\\Test\\AgileTest\\Reports\\mobileWeb\\dental\\20191117_080028\\../Screenshots/iPhone 6/dental/USA Access/20191117_081909/3.png]]

2019-11-17 08:19:23 - [TEST_STEP][PASSED] - (internal.GlobalVariable.i++): null

2019-11-17 08:19:23 - [MESSAGE][PASSED] - Call Test Case 'Test Cases/mobileWeb/_include/get_screenshot' successfully

2019-11-17 08:19:23 - [MESSAGE][PASSED] - Call Test Case 'Test Cases/mobileWeb/_include/census_dental' successfully

2019-11-17 08:19:23 - [TEST_STEP][PASSED] - comment("-------------quote page--------------------"): -------------quote page--------------------

2019-11-17 08:19:23 - [MESSAGE][INFO] - -------------quote page--------------------

2019-11-17 08:19:23 - [TEST_STEP][PASSED] - click(findTestObject("mobileSanity/Dental/filter/btn_filter")): Object: 'Object Repository/mobileSanity/Dental/filter/btn_filter' is clicked on

2019-11-17 08:19:23 - [MESSAGE][PASSED] - Object: 'Object Repository/mobileSanity/Dental/filter/btn_filter' is clicked on

2019-11-17 08:19:23 - [TEST_STEP][PASSED] - waitForElementVisible(findTestObject("mobileSanity/Dental/filter/btn_company"), 10): Object 'Object Repository/mobileSanity/Dental/filter/btn_company' is visible

2019-11-17 08:19:23 - [MESSAGE][PASSED] - Object 'Object Repository/mobileSanity/Dental/filter/btn_company' is visible

2019-11-17 08:19:23 - [TEST_STEP][PASSED] - click(findTestObject("mobileSanity/Dental/filter/btn_company")): Object: 'Object Repository/mobileSanity/Dental/filter/btn_company' is clicked on

2019-11-17 08:19:23 - [MESSAGE][PASSED] - Object: 'Object Repository/mobileSanity/Dental/filter/btn_company' is clicked on

2019-11-17 08:19:23 - [TEST_STEP][PASSED] - Thread.sleep(2000): null

2019-11-17 08:19:25 - [TEST_STEP][PASSED] - click(findTestObject("mobileSanity/Dental/filter/btn_usa")): Object: 'Object Repository/mobileSanity/Dental/filter/btn_usa' is clicked on

2019-11-17 08:19:25 - [MESSAGE][PASSED] - Object: 'Object Repository/mobileSanity/Dental/filter/btn_usa' is clicked on

2019-11-17 08:19:25 - [TEST_STEP][PASSED] - waitForJQueryLoad(20, STOP_ON_FAILURE): jQuery is ready.

2019-11-17 08:19:26 - [MESSAGE][PASSED] - jQuery is ready.

2019-11-17 08:19:26 - [TEST_STEP][PASSED] - callTestCase(findTestCase("mobileWeb/_include/get_screenshot"), [:], STOP_ON_FAILURE): Call Test Case 'Test Cases/mobileWeb/_include/get_screenshot' successfully

2019-11-17 08:19:26 - [TEST_CASE][PASSED] - Test Cases/mobileWeb/_include/get_screenshot: Test Cases/mobileWeb/_include/get_screenshot

2019-11-17 08:19:26 - [TEST_STEP][PASSED] - takeScreenshot(screenPath + i + ".png"): Taking screenshot successfully

2019-11-17 08:19:26 - [MESSAGE][PASSED] - Taking screenshot successfully
[[ATTACHMENT|D:\\Test\\AgileTest\\Reports\\mobileWeb\\dental\\20191117_080028\\../Screenshots/iPhone 6/dental/USA Access/20191117_081909/4.png]]

2019-11-17 08:19:26 - [TEST_STEP][PASSED] - (internal.GlobalVariable.i++): null

2019-11-17 08:19:26 - [MESSAGE][PASSED] - Call Test Case 'Test Cases/mobileWeb/_include/get_screenshot' successfully

2019-11-17 08:19:26 - [TEST_STEP][PASSED] - click(findTestObject("mobileSanity/Dental/filter/btn_filter")): Object: 'Object Repository/mobileSanity/Dental/filter/btn_filter' is clicked on

2019-11-17 08:19:26 - [MESSAGE][PASSED] - Object: 'Object Repository/mobileSanity/Dental/filter/btn_filter' is clicked on

2019-11-17 08:19:26 - [TEST_STEP][FAILED] - click(findTestObject("mobileSanity/Dental/quote/a_Select This Plan")): Unable to click on object 'Object Repository/mobileSanity/Dental/quote/a_Select This Plan' (Root cause: org.openqa.selenium.WebDriverException: unknown error: Element <a href="/dental-insurance/apply/usa-plus-dental-vision-al" class="js-buy-plan quote-plan-buy">...</a> is not clickable at point (187, 645). Other element would receive the click: <iframe src="https://secure.livechatinc.com/licence/11465608/v2/open_chat.cgi?license=11465608&amp;group=0&amp;embedded=1&amp;widget_version=3&amp;unique_groups=0" allowtransparency="true" allow="autoplay" id="chat-widget" name="chat-widget" scrolling="no" role="application" aria-label="LiveChat chat widget" style="width: 100%; height: 100%; min-height: 0px; min-width: 0px; margin: 0px; padding: 0px; background-image: none; background-position: 0% 0%; background-size: initial; background-attachment: scroll; background-origin: initial; background-clip: initial; background-color: rgba(0, 0, 0, 0); border-width: 0px; float: none; position: absolute; top: 0px; left: 0px; bottom: 0px; right: 0px; transition: none 0s ease 0s !important;"></iframe>
  (Session info: chrome=78.0.3904.70)
  (Driver info: chromedriver=2.43.600210 (68dcf5eebde37173d4027fa8635e332711d2874a),platform=Windows NT 6.3.9600 x86_64) (WARNING: The server did not provide any stacktrace information)
Command duration or timeout: 0 milliseconds
Build info: version: '3.7.1', revision: '8a0099a', time: '2017-11-06T21:07:36.161Z'
System info: host: 'WIN-U215233FMVE', ip: '172.30.0.53', os.name: 'Windows Server 2012 R2', os.arch: 'amd64', os.version: '6.3', java.version: '1.8.0_181'
Driver info: com.kms.katalon.selenium.driver.CChromeDriver
Capabilities {acceptInsecureCerts: false, acceptSslCerts: false, applicationCacheEnabled: false, browserConnectionEnabled: false, browserName: chrome, chrome: {chromedriverVersion: 2.43.600210 (68dcf5eebde371..., userDataDir: C:\Users\ADMINI~1\AppData\L...}, cssSelectorsEnabled: true, databaseEnabled: false, goog:chromeOptions: {debuggerAddress: localhost:54924}, handlesAlerts: true, hasTouchScreen: true, javascriptEnabled: true, locationContextEnabled: true, mobileEmulationEnabled: true, nativeEvents: true, networkConnectionEnabled: false, pageLoadStrategy: normal, platform: XP, platformName: XP, rotatable: false, setWindowRect: true, takesHeapSnapshot: true, takesScreenshot: true, unexpectedAlertBehaviour: , unhandledPromptBehavior: , version: 78.0.3904.70, webStorageEnabled: true}
Session ID: 6b9bd64a5fbe02bd2c66435035f45589)

2019-11-17 08:19:27 - [MESSAGE][FAILED] - Unable to click on object 'Object Repository/mobileSanity/Dental/quote/a_Select This Plan' (Root cause: org.openqa.selenium.WebDriverException: unknown error: Element <a href="/dental-insurance/apply/usa-plus-dental-vision-al" class="js-buy-plan quote-plan-buy">...</a> is not clickable at point (187, 645). Other element would receive the click: <iframe src="https://secure.livechatinc.com/licence/11465608/v2/open_chat.cgi?license=11465608&amp;group=0&amp;embedded=1&amp;widget_version=3&amp;unique_groups=0" allowtransparency="true" allow="autoplay" id="chat-widget" name="chat-widget" scrolling="no" role="application" aria-label="LiveChat chat widget" style="width: 100%; height: 100%; min-height: 0px; min-width: 0px; margin: 0px; padding: 0px; background-image: none; background-position: 0% 0%; background-size: initial; background-attachment: scroll; background-origin: initial; background-clip: initial; background-color: rgba(0, 0, 0, 0); border-width: 0px; float: none; position: absolute; top: 0px; left: 0px; bottom: 0px; right: 0px; transition: none 0s ease 0s !important;"></iframe>
  (Session info: chrome=78.0.3904.70)
  (Driver info: chromedriver=2.43.600210 (68dcf5eebde37173d4027fa8635e332711d2874a),platform=Windows NT 6.3.9600 x86_64) (WARNING: The server did not provide any stacktrace information)
Command duration or timeout: 0 milliseconds
Build info: version: '3.7.1', revision: '8a0099a', time: '2017-11-06T21:07:36.161Z'
System info: host: 'WIN-U215233FMVE', ip: '172.30.0.53', os.name: 'Windows Server 2012 R2', os.arch: 'amd64', os.version: '6.3', java.version: '1.8.0_181'
Driver info: com.kms.katalon.selenium.driver.CChromeDriver
Capabilities {acceptInsecureCerts: false, acceptSslCerts: false, applicationCacheEnabled: false, browserConnectionEnabled: false, browserName: chrome, chrome: {chromedriverVersion: 2.43.600210 (68dcf5eebde371..., userDataDir: C:\Users\ADMINI~1\AppData\L...}, cssSelectorsEnabled: true, databaseEnabled: false, goog:chromeOptions: {debuggerAddress: localhost:54924}, handlesAlerts: true, hasTouchScreen: true, javascriptEnabled: true, locationContextEnabled: true, mobileEmulationEnabled: true, nativeEvents: true, networkConnectionEnabled: false, pageLoadStrategy: normal, platform: XP, platformName: XP, rotatable: false, setWindowRect: true, takesHeapSnapshot: true, takesScreenshot: true, unexpectedAlertBehaviour: , unhandledPromptBehavior: , version: 78.0.3904.70, webStorageEnabled: true}
Session ID: 6b9bd64a5fbe02bd2c66435035f45589)
[[ATTACHMENT|D:\\Test\\AgileTest\\Reports\\mobileWeb\\dental\\20191117_080028\\1573996766839.png]]

2019-11-17 08:19:27 - [TEST_STEP][PASSED] - waitForPageLoad(10): Wait for page load successfully

2019-11-17 08:19:27 - [MESSAGE][PASSED] - Wait for page load successfully

2019-11-17 08:19:27 - [TEST_STEP][PASSED] - callTestCase(findTestCase("mobileWeb/_include/get_screenshot"), [:], STOP_ON_FAILURE): Call Test Case 'Test Cases/mobileWeb/_include/get_screenshot' successfully

2019-11-17 08:19:27 - [TEST_CASE][PASSED] - Test Cases/mobileWeb/_include/get_screenshot: Test Cases/mobileWeb/_include/get_screenshot

2019-11-17 08:19:27 - [TEST_STEP][PASSED] - takeScreenshot(screenPath + i + ".png"): Taking screenshot successfully

2019-11-17 08:19:27 - [MESSAGE][PASSED] - Taking screenshot successfully
[[ATTACHMENT|D:\\Test\\AgileTest\\Reports\\mobileWeb\\dental\\20191117_080028\\../Screenshots/iPhone 6/dental/USA Access/20191117_081909/5.png]]

2019-11-17 08:19:27 - [TEST_STEP][PASSED] - (internal.GlobalVariable.i++): null

2019-11-17 08:19:27 - [MESSAGE][PASSED] - Call Test Case 'Test Cases/mobileWeb/_include/get_screenshot' successfully

2019-11-17 08:19:27 - [TEST_STEP][FAILED] - click(findTestObject("mobileSanity/Dental/apply/span_Start Secure Application")): Unable to click on object 'Object Repository/mobileSanity/Dental/apply/span_Start Secure Application' (Root cause: com.kms.katalon.core.webui.exception.WebElementNotFoundException: Web element with id: 'Object Repository/mobileSanity/Dental/apply/span_Start Secure Application' located by 'By.xpath: //span[(text() = 'Start Secure Application' or . = 'Start Secure Application')]' not found)

2019-11-17 08:19:48 - [MESSAGE][INFO] - Unable to find the element located by 'By.xpath: //span[(text() = 'Start Secure Application' or . = 'Start Secure Application')]'. Please recheck the objects properties to make sure the desired element is located. 

2019-11-17 08:19:48 - [MESSAGE][FAILED] - Unable to click on object 'Object Repository/mobileSanity/Dental/apply/span_Start Secure Application' (Root cause: com.kms.katalon.core.webui.exception.WebElementNotFoundException: Web element with id: 'Object Repository/mobileSanity/Dental/apply/span_Start Secure Application' located by 'By.xpath: //span[(text() = 'Start Secure Application' or . = 'Start Secure Application')]' not found)
[[ATTACHMENT|D:\\Test\\AgileTest\\Reports\\mobileWeb\\dental\\20191117_080028\\1573996788100.png]]

2019-11-17 08:19:48 - [TEST_STEP][PASSED] - waitForPageLoad(10): Wait for page load successfully

2019-11-17 08:19:48 - [MESSAGE][PASSED] - Wait for page load successfully

2019-11-17 08:19:48 - [TEST_STEP][PASSED] - callTestCase(findTestCase("mobileWeb/_include/get_screenshot"), [:], STOP_ON_FAILURE): Call Test Case 'Test Cases/mobileWeb/_include/get_screenshot' successfully

2019-11-17 08:19:48 - [TEST_CASE][PASSED] - Test Cases/mobileWeb/_include/get_screenshot: Test Cases/mobileWeb/_include/get_screenshot

2019-11-17 08:19:48 - [TEST_STEP][PASSED] - takeScreenshot(screenPath + i + ".png"): Taking screenshot successfully

2019-11-17 08:19:48 - [MESSAGE][PASSED] - Taking screenshot successfully
[[ATTACHMENT|D:\\Test\\AgileTest\\Reports\\mobileWeb\\dental\\20191117_080028\\../Screenshots/iPhone 6/dental/USA Access/20191117_081909/6.png]]

2019-11-17 08:19:48 - [TEST_STEP][PASSED] - (internal.GlobalVariable.i++): null

2019-11-17 08:19:48 - [MESSAGE][PASSED] - Call Test Case 'Test Cases/mobileWeb/_include/get_screenshot' successfully

2019-11-17 08:19:48 - [TEST_STEP][FAILED] - callTestCase(findTestCase("mobileWeb/_include/goToEnd_dental"), ["carrier":"usa"], STOP_ON_FAILURE): callTestCase(findTestCase("mobileWeb/_include/goToEnd_dental"), ["carrier":"usa"], STOP_ON_FAILURE) FAILED.
Reason:
com.kms.katalon.core.exception.StepFailedException: Unable to click on object 'Object Repository/mobileSanity/Dental/quote/a_Select This Plan' (Root cause: org.openqa.selenium.WebDriverException: unknown error: Element <a href="/dental-insurance/apply/usa-plus-dental-vision-al" class="js-buy-plan quote-plan-buy">...</a> is not clickable at point (187, 645). Other element would receive the click: <iframe src="https://secure.livechatinc.com/licence/11465608/v2/open_chat.cgi?license=11465608&amp;group=0&amp;embedded=1&amp;widget_version=3&amp;unique_groups=0" allowtransparency="true" allow="autoplay" id="chat-widget" name="chat-widget" scrolling="no" role="application" aria-label="LiveChat chat widget" style="width: 100%; height: 100%; min-height: 0px; min-width: 0px; margin: 0px; padding: 0px; background-image: none; background-position: 0% 0%; background-size: initial; background-attachment: scroll; background-origin: initial; background-clip: initial; background-color: rgba(0, 0, 0, 0); border-width: 0px; float: none; position: absolute; top: 0px; left: 0px; bottom: 0px; right: 0px; transition: none 0s ease 0s !important;"></iframe>
  (Session info: chrome=78.0.3904.70)
  (Driver info: chromedriver=2.43.600210 (68dcf5eebde37173d4027fa8635e332711d2874a),platform=Windows NT 6.3.9600 x86_64) (WARNING: The server did not provide any stacktrace information)
Command duration or timeout: 0 milliseconds
Build info: version: '3.7.1', revision: '8a0099a', time: '2017-11-06T21:07:36.161Z'
System info: host: 'WIN-U215233FMVE', ip: '172.30.0.53', os.name: 'Windows Server 2012 R2', os.arch: 'amd64', os.version: '6.3', java.version: '1.8.0_181'
Driver info: com.kms.katalon.selenium.driver.CChromeDriver
Capabilities {acceptInsecureCerts: false, acceptSslCerts: false, applicationCacheEnabled: false, browserConnectionEnabled: false, browserName: chrome, chrome: {chromedriverVersion: 2.43.600210 (68dcf5eebde371..., userDataDir: C:\Users\ADMINI~1\AppData\L...}, cssSelectorsEnabled: true, databaseEnabled: false, goog:chromeOptions: {debuggerAddress: localhost:54924}, handlesAlerts: true, hasTouchScreen: true, javascriptEnabled: true, locationContextEnabled: true, mobileEmulationEnabled: true, nativeEvents: true, networkConnectionEnabled: false, pageLoadStrategy: normal, platform: XP, platformName: XP, rotatable: false, setWindowRect: true, takesHeapSnapshot: true, takesScreenshot: true, unexpectedAlertBehaviour: , unhandledPromptBehavior: , version: 78.0.3904.70, webStorageEnabled: true}
Session ID: 6b9bd64a5fbe02bd2c66435035f45589)
	at com.kms.katalon.core.keyword.internal.KeywordMain.stepFailed(KeywordMain.groovy:32)
	at com.kms.katalon.core.webui.keyword.internal.WebUIKeywordMain.stepFailed(WebUIKeywordMain.groovy:65)
	at com.kms.katalon.core.webui.keyword.internal.WebUIKeywordMain.runKeyword(WebUIKeywordMain.groovy:27)
	at com.kms.katalon.core.webui.keyword.builtin.ClickKeyword.click(ClickKeyword.groovy:86)
	at com.kms.katalon.core.webui.keyword.builtin.ClickKeyword.execute(ClickKeyword.groovy:67)
	at com.kms.katalon.core.keyword.internal.KeywordExecutor.executeKeywordForPlatform(KeywordExecutor.groovy:53)
	at com.kms.katalon.core.webui.keyword.WebUiBuiltInKeywords.click(WebUiBuiltInKeywords.groovy:616)
	at com.kms.katalon.core.webui.keyword.WebUiBuiltInKeywords$click$2.call(Unknown Source)
	at USA Access.run(USA Access:43)
	at com.kms.katalon.core.main.ScriptEngine.run(ScriptEngine.java:194)
	at com.kms.katalon.core.main.ScriptEngine.runScriptAsRawText(ScriptEngine.java:119)
	at com.kms.katalon.core.main.TestCaseExecutor.runScript(TestCaseExecutor.java:328)
	at com.kms.katalon.core.main.TestCaseExecutor.doExecute(TestCaseExecutor.java:319)
	at com.kms.katalon.core.main.TestCaseExecutor.processExecutionPhase(TestCaseExecutor.java:298)
	at com.kms.katalon.core.main.TestCaseExecutor.accessMainPhase(TestCaseExecutor.java:290)
	at com.kms.katalon.core.main.TestCaseExecutor.execute(TestCaseExecutor.java:224)
	at com.kms.katalon.core.main.TestSuiteExecutor.accessTestCaseMainPhase(TestSuiteExecutor.java:129)
	at com.kms.katalon.core.main.TestSuiteExecutor.accessTestSuiteMainPhase(TestSuiteExecutor.java:112)
	at com.kms.katalon.core.main.TestSuiteExecutor.execute(TestSuiteExecutor.java:81)
	at com.kms.katalon.core.main.TestCaseMain.startTestSuite(TestCaseMain.java:149)
	at com.kms.katalon.core.main.TestCaseMain$startTestSuite$0.call(Unknown Source)
	at TempTestSuite1573995628848.run(TempTestSuite1573995628848.groovy:36)


2019-11-17 08:19:48 - [TEST_CASE][FAILED] - Test Cases/mobileWeb/_include/goToEnd_dental: Test Cases/mobileWeb/_include/goToEnd_dental FAILED.
Reason:
com.kms.katalon.core.exception.StepFailedException: Unable to set text 'Test-123' of object 'Object Repository/mobileSanity/Dental/app_page1/input__member-P-1-firstName' (Root cause: com.kms.katalon.core.webui.exception.WebElementNotFoundException: Web element with id: 'Object Repository/mobileSanity/Dental/app_page1/input__member-P-1-firstName' located by 'By.xpath: //input[@id = 'member-P-1-firstName' and @type = 'text']' not found)
	at com.kms.katalon.core.keyword.internal.KeywordMain.stepFailed(KeywordMain.groovy:32)
	at com.kms.katalon.core.webui.keyword.internal.WebUIKeywordMain.stepFailed(WebUIKeywordMain.groovy:65)
	at com.kms.katalon.core.webui.keyword.internal.WebUIKeywordMain.runKeyword(WebUIKeywordMain.groovy:27)
	at com.kms.katalon.core.webui.keyword.builtin.SetTextKeyword.setText(SetTextKeyword.groovy:65)
	at com.kms.katalon.core.webui.keyword.builtin.SetTextKeyword.execute(SetTextKeyword.groovy:37)
	at com.kms.katalon.core.keyword.internal.KeywordExecutor.executeKeywordForPlatform(KeywordExecutor.groovy:53)
	at com.kms.katalon.core.webui.keyword.WebUiBuiltInKeywords.setText(WebUiBuiltInKeywords.groovy:950)
	at com.kms.katalon.core.webui.keyword.WebUiBuiltInKeywords$setText$4.call(Unknown Source)
	at goToEnd_dental.run(goToEnd_dental:20)
	at com.kms.katalon.core.main.ScriptEngine.run(ScriptEngine.java:194)
	at com.kms.katalon.core.main.ScriptEngine.runScriptAsRawText(ScriptEngine.java:119)
	at com.kms.katalon.core.main.TestCaseExecutor.runScript(TestCaseExecutor.java:328)
	at com.kms.katalon.core.main.TestCaseExecutor.doExecute(TestCaseExecutor.java:319)
	at com.kms.katalon.core.main.TestCaseExecutor.processExecutionPhase(TestCaseExecutor.java:298)
	at com.kms.katalon.core.main.TestCaseExecutor.accessMainPhase(TestCaseExecutor.java:290)
	at com.kms.katalon.core.main.TestCaseExecutor.execute(TestCaseExecutor.java:224)
	at com.kms.katalon.core.main.TestCaseMain.runTestCase(TestCaseMain.java:106)
	at com.kms.katalon.core.keyword.builtin.CallTestCaseKeyword$_callTestCase_closure1.doCall(CallTestCaseKeyword.groovy:59)
	at com.kms.katalon.core.keyword.builtin.CallTestCaseKeyword$_callTestCase_closure1.call(CallTestCaseKeyword.groovy)
	at com.kms.katalon.core.keyword.internal.KeywordMain.runKeyword(KeywordMain.groovy:54)
	at com.kms.katalon.core.keyword.builtin.CallTestCaseKeyword.callTestCase(CallTestCaseKeyword.groovy:80)
	at com.kms.katalon.core.keyword.builtin.CallTestCaseKeyword.execute(CallTestCaseKeyword.groovy:44)
	at com.kms.katalon.core.keyword.internal.KeywordExecutor.executeKeywordForPlatform(KeywordExecutor.groovy:53)
	at com.kms.katalon.core.keyword.BuiltinKeywords.callTestCase(BuiltinKeywords.groovy:334)
	at USA Access.run(USA Access:55)
	at com.kms.katalon.core.main.ScriptEngine.run(ScriptEngine.java:194)
	at com.kms.katalon.core.main.ScriptEngine.runScriptAsRawText(ScriptEngine.java:119)
	at com.kms.katalon.core.main.TestCaseExecutor.runScript(TestCaseExecutor.java:328)
	at com.kms.katalon.core.main.TestCaseExecutor.doExecute(TestCaseExecutor.java:319)
	at com.kms.katalon.core.main.TestCaseExecutor.processExecutionPhase(TestCaseExecutor.java:298)
	at com.kms.katalon.core.main.TestCaseExecutor.accessMainPhase(TestCaseExecutor.java:290)
	at com.kms.katalon.core.main.TestCaseExecutor.execute(TestCaseExecutor.java:224)
	at com.kms.katalon.core.main.TestSuiteExecutor.accessTestCaseMainPhase(TestSuiteExecutor.java:129)
	at com.kms.katalon.core.main.TestSuiteExecutor.accessTestSuiteMainPhase(TestSuiteExecutor.java:112)
	at com.kms.katalon.core.main.TestSuiteExecutor.execute(TestSuiteExecutor.java:81)
	at com.kms.katalon.core.main.TestCaseMain.startTestSuite(TestCaseMain.java:149)
	at com.kms.katalon.core.main.TestCaseMain$startTestSuite$0.call(Unknown Source)
	at TempTestSuite1573995628848.run(TempTestSuite1573995628848.groovy:36)


2019-11-17 08:19:48 - [TEST_STEP][PASSED] - callTestCase(findTestCase("mobileWeb/_include/name"), [:], CONTINUE_ON_FAILURE): Call Test Case 'Test Cases/mobileWeb/_include/name' successfully

2019-11-17 08:19:49 - [TEST_CASE][PASSED] - Test Cases/mobileWeb/_include/name: Test Cases/mobileWeb/_include/name

2019-11-17 08:19:49 - [TEST_STEP][PASSED] - driver = getWebDriver(): null

2019-11-17 08:19:49 - [TEST_STEP][PASSED] - selenium = new com.thoughtworks.selenium.webdriven.WebDriverBackedSelenium(driver, internal.GlobalVariable.ENV): null

2019-11-17 08:19:49 - [TEST_STEP][PASSED] - FirstName = "Test-123": null

2019-11-17 08:19:49 - [TEST_STEP][PASSED] - LastName = selenium.getEval("{var x="ABCDEFGHIJKLMNOPQRSTUVWXYZabcdefghijklmnopqrstuvwxyz"; var tmp="ZZ11-"; for (i=0;i<8;i++) tmp+=x.charAt(Math.ceil(51*Math.random()));tmp;}"): null

2019-11-17 08:19:49 - [TEST_STEP][PASSED] - Address = selenium.getEval("{var x="ABCDEFGHIJKLMNOPQRSTUVWXYZabcdefghijklmnopqrstuvwxyz"; var tmp=""; for (i=0;i<8;i++) tmp+=x.charAt(Math.ceil(51*Math.random()));tmp;}"): null

2019-11-17 08:19:49 - [TEST_STEP][PASSED] - City = selenium.getEval("{var x="ABCDEFGHIJKLMNOPQRSTUVWXYZabcdefghijklmnopqrstuvwxyz"; var tmp=""; for (i=0;i<8;i++) tmp+=x.charAt(Math.ceil(51*Math.random()));tmp;}"): null

2019-11-17 08:19:49 - [TEST_STEP][PASSED] - tel1 = selenium.getEval("{var x="123456789"; var tmp=""; for (i=0;i<3;i++) tmp+=x.charAt(Math.ceil(8*Math.random()));tmp;}"): null

2019-11-17 08:19:49 - [TEST_STEP][PASSED] - tel2 = selenium.getEval("{var x="123456789"; var tmp=""; for (i=0;i<3;i++) tmp+=x.charAt(Math.ceil(8*Math.random()));tmp;}"): null

2019-11-17 08:19:49 - [TEST_STEP][PASSED] - tel3 = selenium.getEval("{var x="123456789"; var tmp=""; for (i=0;i<4;i++) tmp+=x.charAt(Math.ceil(8*Math.random()));tmp;}"): null

2019-11-17 08:19:49 - [TEST_STEP][PASSED] - Tel = selenium.getExpression(tel1 + "-" + tel2 + "-" + tel3): null

2019-11-17 08:19:49 - [TEST_STEP][PASSED] - AutoEmail = selenium.getEval("{var x="ABCDEFGHIJKLMNOPQRSTUVWXYZabcdefghijklmnopqrstuvwxyz"; var tmp="test."; for (i=0;i<8;i++) tmp+=x.charAt(Math.ceil(51*Math.random()));tmp+="@suryani.cn";}"): null

2019-11-17 08:19:49 - [TEST_STEP][PASSED] - FirstName = FirstName: null

2019-11-17 08:19:49 - [TEST_STEP][PASSED] - LastName = LastName: null

2019-11-17 08:19:49 - [TEST_STEP][PASSED] - Address = Address: null

2019-11-17 08:19:49 - [TEST_STEP][PASSED] - City = City: null

2019-11-17 08:19:49 - [TEST_STEP][PASSED] - Tel = Tel: null

2019-11-17 08:19:49 - [TEST_STEP][PASSED] - AutoEmail = AutoEmail: null

2019-11-17 08:19:49 - [TEST_STEP][PASSED] - println(FirstName): null

2019-11-17 08:19:49 - [TEST_STEP][PASSED] - println(LastName): null

2019-11-17 08:19:49 - [TEST_STEP][PASSED] - println(Address): null

2019-11-17 08:19:49 - [TEST_STEP][PASSED] - println(City): null

2019-11-17 08:19:49 - [TEST_STEP][PASSED] - println(Tel): null

2019-11-17 08:19:49 - [TEST_STEP][PASSED] - println(AutoEmail): null

2019-11-17 08:19:49 - [MESSAGE][PASSED] - Call Test Case 'Test Cases/mobileWeb/_include/name' successfully

2019-11-17 08:19:49 - [TEST_STEP][PASSED] - Thread.sleep(3000): null

2019-11-17 08:19:52 - [TEST_STEP][FAILED] - setText(findTestObject("mobileSanity/Dental/app_page1/input__member-P-1-firstName"), FirstName): Unable to set text 'Test-123' of object 'Object Repository/mobileSanity/Dental/app_page1/input__member-P-1-firstName' (Root cause: com.kms.katalon.core.webui.exception.WebElementNotFoundException: Web element with id: 'Object Repository/mobileSanity/Dental/app_page1/input__member-P-1-firstName' located by 'By.xpath: //input[@id = 'member-P-1-firstName' and @type = 'text']' not found)

2019-11-17 08:20:12 - [MESSAGE][INFO] - Unable to find the element located by 'By.xpath: //input[@id = 'member-P-1-firstName' and @type = 'text']'. Please recheck the objects properties to make sure the desired element is located. 

2019-11-17 08:20:12 - [MESSAGE][FAILED] - Unable to set text 'Test-123' of object 'Object Repository/mobileSanity/Dental/app_page1/input__member-P-1-firstName' (Root cause: com.kms.katalon.core.webui.exception.WebElementNotFoundException: Web element with id: 'Object Repository/mobileSanity/Dental/app_page1/input__member-P-1-firstName' located by 'By.xpath: //input[@id = 'member-P-1-firstName' and @type = 'text']' not found)
[[ATTACHMENT|D:\\Test\\AgileTest\\Reports\\mobileWeb\\dental\\20191117_080028\\1573996812554.png]]

2019-11-17 08:20:12 - [TEST_STEP][FAILED] - setText(findTestObject("mobileSanity/Dental/app_page1/input__member-P-1-lastName"), LastName): Unable to set text 'ZZ11-yJqFbvFS' of object 'Object Repository/mobileSanity/Dental/app_page1/input__member-P-1-lastName' (Root cause: com.kms.katalon.core.webui.exception.WebElementNotFoundException: Web element with id: 'Object Repository/mobileSanity/Dental/app_page1/input__member-P-1-lastName' located by 'By.xpath: //input[@id = 'member-P-1-lastName' and @type = 'text']' not found)

2019-11-17 08:20:33 - [MESSAGE][INFO] - Unable to find the element located by 'By.xpath: //input[@id = 'member-P-1-lastName' and @type = 'text']'. Please recheck the objects properties to make sure the desired element is located. 

2019-11-17 08:20:33 - [MESSAGE][FAILED] - Unable to set text 'ZZ11-yJqFbvFS' of object 'Object Repository/mobileSanity/Dental/app_page1/input__member-P-1-lastName' (Root cause: com.kms.katalon.core.webui.exception.WebElementNotFoundException: Web element with id: 'Object Repository/mobileSanity/Dental/app_page1/input__member-P-1-lastName' located by 'By.xpath: //input[@id = 'member-P-1-lastName' and @type = 'text']' not found)
[[ATTACHMENT|D:\\Test\\AgileTest\\Reports\\mobileWeb\\dental\\20191117_080028\\1573996833392.png]]

2019-11-17 08:20:33 - [TEST_STEP][FAILED] - setText(findTestObject("mobileSanity/Dental/app_page1/input__address"), Address): Unable to set text 'ZJfEMLeh' of object 'Object Repository/mobileSanity/Dental/app_page1/input__address' (Root cause: com.kms.katalon.core.webui.exception.WebElementNotFoundException: Web element with id: 'Object Repository/mobileSanity/Dental/app_page1/input__address' located by 'By.xpath: //input[@type = 'text' and @id = 'address']' not found)

2019-11-17 08:20:54 - [MESSAGE][INFO] - Unable to find the element located by 'By.xpath: //input[@type = 'text' and @id = 'address']'. Please recheck the objects properties to make sure the desired element is located. 

2019-11-17 08:20:54 - [MESSAGE][FAILED] - Unable to set text 'ZJfEMLeh' of object 'Object Repository/mobileSanity/Dental/app_page1/input__address' (Root cause: com.kms.katalon.core.webui.exception.WebElementNotFoundException: Web element with id: 'Object Repository/mobileSanity/Dental/app_page1/input__address' located by 'By.xpath: //input[@type = 'text' and @id = 'address']' not found)
[[ATTACHMENT|D:\\Test\\AgileTest\\Reports\\mobileWeb\\dental\\20191117_080028\\1573996854183.png]]

2019-11-17 08:20:54 - [TEST_STEP][FAILED] - setText(findTestObject("mobileSanity/Dental/app_page1/input__city"), City): Unable to set text 'FWiouMik' of object 'Object Repository/mobileSanity/Dental/app_page1/input__city' (Root cause: com.kms.katalon.core.webui.exception.WebElementNotFoundException: Web element with id: 'Object Repository/mobileSanity/Dental/app_page1/input__city' located by 'By.xpath: //input[@type = 'text' and @id = 'city']' not found)

2019-11-17 08:21:14 - [MESSAGE][INFO] - Unable to find the element located by 'By.xpath: //input[@type = 'text' and @id = 'city']'. Please recheck the objects properties to make sure the desired element is located. 

2019-11-17 08:21:15 - [MESSAGE][FAILED] - Unable to set text 'FWiouMik' of object 'Object Repository/mobileSanity/Dental/app_page1/input__city' (Root cause: com.kms.katalon.core.webui.exception.WebElementNotFoundException: Web element with id: 'Object Repository/mobileSanity/Dental/app_page1/input__city' located by 'By.xpath: //input[@type = 'text' and @id = 'city']' not found)
[[ATTACHMENT|D:\\Test\\AgileTest\\Reports\\mobileWeb\\dental\\20191117_080028\\1573996874983.png]]

2019-11-17 08:21:15 - [TEST_STEP][FAILED] - setText(findTestObject("mobileSanity/Dental/app_page1/input__email"), AutoEmail): Unable to set text 'test.eZtgjxDT@suryani.cn' of object 'Object Repository/mobileSanity/Dental/app_page1/input__email' (Root cause: com.kms.katalon.core.webui.exception.WebElementNotFoundException: Web element with id: 'Object Repository/mobileSanity/Dental/app_page1/input__email' located by 'By.xpath: //input[@type = 'email' and @id = 'email']' not found)

2019-11-17 08:21:35 - [MESSAGE][INFO] - Unable to find the element located by 'By.xpath: //input[@type = 'email' and @id = 'email']'. Please recheck the objects properties to make sure the desired element is located. 

2019-11-17 08:21:36 - [MESSAGE][FAILED] - Unable to set text 'test.eZtgjxDT@suryani.cn' of object 'Object Repository/mobileSanity/Dental/app_page1/input__email' (Root cause: com.kms.katalon.core.webui.exception.WebElementNotFoundException: Web element with id: 'Object Repository/mobileSanity/Dental/app_page1/input__email' located by 'By.xpath: //input[@type = 'email' and @id = 'email']' not found)
[[ATTACHMENT|D:\\Test\\AgileTest\\Reports\\mobileWeb\\dental\\20191117_080028\\1573996895739.png]]

2019-11-17 08:21:36 - [TEST_STEP][FAILED] - setText(findTestObject("mobileSanity/Dental/app_page1/input_phone"), Tel): Unable to set text '398-439-8395' of object 'Object Repository/mobileSanity/Dental/app_page1/input_phone' (Root cause: com.kms.katalon.core.webui.exception.WebElementNotFoundException: Web element with id: 'Object Repository/mobileSanity/Dental/app_page1/input_phone' located by 'By.xpath: //input[@id = 'primaryPhone']' not found)

2019-11-17 08:21:56 - [MESSAGE][INFO] - Unable to find the element located by 'By.xpath: //input[@id = 'primaryPhone']'. Please recheck the objects properties to make sure the desired element is located. 

2019-11-17 08:21:56 - [MESSAGE][FAILED] - Unable to set text '398-439-8395' of object 'Object Repository/mobileSanity/Dental/app_page1/input_phone' (Root cause: com.kms.katalon.core.webui.exception.WebElementNotFoundException: Web element with id: 'Object Repository/mobileSanity/Dental/app_page1/input_phone' located by 'By.xpath: //input[@id = 'primaryPhone']' not found)
[[ATTACHMENT|D:\\Test\\AgileTest\\Reports\\mobileWeb\\dental\\20191117_080028\\1573996916507.png]]

2019-11-17 08:21:56 - [TEST_STEP][FAILED] - click(findTestObject("mobileSanity/Dental/app_page1/a_Continue to Step 2 - Payment")): Unable to click on object 'Object Repository/mobileSanity/Dental/app_page1/a_Continue to Step 2 - Payment' (Root cause: com.kms.katalon.core.webui.exception.WebElementNotFoundException: Web element with id: 'Object Repository/mobileSanity/Dental/app_page1/a_Continue to Step 2 - Payment' located by 'By.xpath: //a[@id = 'js-app-continue-link' and @type = 'submit']' not found)

2019-11-17 08:22:17 - [MESSAGE][INFO] - Unable to find the element located by 'By.xpath: //a[@id = 'js-app-continue-link' and @type = 'submit']'. Please recheck the objects properties to make sure the desired element is located. 

2019-11-17 08:22:17 - [MESSAGE][FAILED] - Unable to click on object 'Object Repository/mobileSanity/Dental/app_page1/a_Continue to Step 2 - Payment' (Root cause: com.kms.katalon.core.webui.exception.WebElementNotFoundException: Web element with id: 'Object Repository/mobileSanity/Dental/app_page1/a_Continue to Step 2 - Payment' located by 'By.xpath: //a[@id = 'js-app-continue-link' and @type = 'submit']' not found)
[[ATTACHMENT|D:\\Test\\AgileTest\\Reports\\mobileWeb\\dental\\20191117_080028\\1573996937389.png]]

2019-11-17 08:22:17 - [TEST_STEP][PASSED] - waitForPageLoad(10): Wait for page load successfully

2019-11-17 08:22:17 - [MESSAGE][PASSED] - Wait for page load successfully

2019-11-17 08:22:17 - [TEST_STEP][PASSED] - Thread.sleep(2000): null

2019-11-17 08:22:19 - [TEST_STEP][FAILED] - if (carrier == "usa"): null

2019-11-17 08:22:19 - [TEST_STEP][PASSED] - callTestCase(findTestCase("mobileWeb/_include/get_screenshot"), [:], STOP_ON_FAILURE): Call Test Case 'Test Cases/mobileWeb/_include/get_screenshot' successfully

2019-11-17 08:22:19 - [TEST_CASE][PASSED] - Test Cases/mobileWeb/_include/get_screenshot: Test Cases/mobileWeb/_include/get_screenshot

2019-11-17 08:22:19 - [TEST_STEP][PASSED] - takeScreenshot(screenPath + i + ".png"): Taking screenshot successfully

2019-11-17 08:22:20 - [MESSAGE][PASSED] - Taking screenshot successfully
[[ATTACHMENT|D:\\Test\\AgileTest\\Reports\\mobileWeb\\dental\\20191117_080028\\../Screenshots/iPhone 6/dental/USA Access/20191117_081909/7.png]]

2019-11-17 08:22:20 - [TEST_STEP][PASSED] - (internal.GlobalVariable.i++): null

2019-11-17 08:22:20 - [MESSAGE][PASSED] - Call Test Case 'Test Cases/mobileWeb/_include/get_screenshot' successfully

2019-11-17 08:22:20 - [TEST_STEP][FAILED] - click(findTestObject("mobileSanity/Dental/app_page2/membership/label_ihaveread")): Unable to click on object 'Object Repository/mobileSanity/Dental/app_page2/membership/label_ihaveread' (Root cause: com.kms.katalon.core.webui.exception.WebElementNotFoundException: Web element with id: 'Object Repository/mobileSanity/Dental/app_page2/membership/label_ihaveread' located by 'By.xpath: //*[@id = 'js-fraud-warning-agree-label']' not found)

2019-11-17 08:22:40 - [MESSAGE][INFO] - Unable to find the element located by 'By.xpath: //*[@id = 'js-fraud-warning-agree-label']'. Please recheck the objects properties to make sure the desired element is located. 

2019-11-17 08:22:40 - [MESSAGE][FAILED] - Unable to click on object 'Object Repository/mobileSanity/Dental/app_page2/membership/label_ihaveread' (Root cause: com.kms.katalon.core.webui.exception.WebElementNotFoundException: Web element with id: 'Object Repository/mobileSanity/Dental/app_page2/membership/label_ihaveread' located by 'By.xpath: //*[@id = 'js-fraud-warning-agree-label']' not found)
[[ATTACHMENT|D:\\Test\\AgileTest\\Reports\\mobileWeb\\dental\\20191117_080028\\1573996960609.png]]

2019-11-17 08:22:40 - [TEST_STEP][FAILED] - click(findTestObject("mobileSanity/Dental/app_page2/membership/a_ok")): Unable to click on object 'Object Repository/mobileSanity/Dental/app_page2/membership/a_ok' (Root cause: com.kms.katalon.core.webui.exception.WebElementNotFoundException: Web element with id: 'Object Repository/mobileSanity/Dental/app_page2/membership/a_ok' located by 'By.xpath: //*[@id = 'fraud-warning-ok']' not found)

2019-11-17 08:23:01 - [MESSAGE][INFO] - Unable to find the element located by 'By.xpath: //*[@id = 'fraud-warning-ok']'. Please recheck the objects properties to make sure the desired element is located. 

2019-11-17 08:23:01 - [MESSAGE][FAILED] - Unable to click on object 'Object Repository/mobileSanity/Dental/app_page2/membership/a_ok' (Root cause: com.kms.katalon.core.webui.exception.WebElementNotFoundException: Web element with id: 'Object Repository/mobileSanity/Dental/app_page2/membership/a_ok' located by 'By.xpath: //*[@id = 'fraud-warning-ok']' not found)
[[ATTACHMENT|D:\\Test\\AgileTest\\Reports\\mobileWeb\\dental\\20191117_080028\\1573996981387.png]]

2019-11-17 08:23:01 - [TEST_STEP][PASSED] - Thread.sleep(3000): null

2019-11-17 08:23:04 - [TEST_STEP][PASSED] - callTestCase(findTestCase("mobileWeb/_include/get_screenshot"), [:], STOP_ON_FAILURE): Call Test Case 'Test Cases/mobileWeb/_include/get_screenshot' successfully

2019-11-17 08:23:04 - [TEST_CASE][PASSED] - Test Cases/mobileWeb/_include/get_screenshot: Test Cases/mobileWeb/_include/get_screenshot

2019-11-17 08:23:04 - [TEST_STEP][PASSED] - takeScreenshot(screenPath + i + ".png"): Taking screenshot successfully

2019-11-17 08:23:05 - [MESSAGE][PASSED] - Taking screenshot successfully
[[ATTACHMENT|D:\\Test\\AgileTest\\Reports\\mobileWeb\\dental\\20191117_080028\\../Screenshots/iPhone 6/dental/USA Access/20191117_081909/8.png]]

2019-11-17 08:23:05 - [TEST_STEP][PASSED] - (internal.GlobalVariable.i++): null

2019-11-17 08:23:05 - [MESSAGE][PASSED] - Call Test Case 'Test Cases/mobileWeb/_include/get_screenshot' successfully

2019-11-17 08:23:05 - [TEST_STEP][FAILED] - setText(findTestObject("mobileSanity/Dental/app_page2/input__credit-card-first"), FirstName): Unable to set text 'Test-123' of object 'Object Repository/mobileSanity/Dental/app_page2/input__credit-card-first' (Root cause: com.kms.katalon.core.webui.exception.WebElementNotFoundException: Web element with id: 'Object Repository/mobileSanity/Dental/app_page2/input__credit-card-first' located by 'By.xpath: //input[@type = 'text' and @id = 'credit-card-first']' not found)

2019-11-17 08:23:25 - [MESSAGE][INFO] - Unable to find the element located by 'By.xpath: //input[@type = 'text' and @id = 'credit-card-first']'. Please recheck the objects properties to make sure the desired element is located. 

2019-11-17 08:23:25 - [MESSAGE][FAILED] - Unable to set text 'Test-123' of object 'Object Repository/mobileSanity/Dental/app_page2/input__credit-card-first' (Root cause: com.kms.katalon.core.webui.exception.WebElementNotFoundException: Web element with id: 'Object Repository/mobileSanity/Dental/app_page2/input__credit-card-first' located by 'By.xpath: //input[@type = 'text' and @id = 'credit-card-first']' not found)
[[ATTACHMENT|D:\\Test\\AgileTest\\Reports\\mobileWeb\\dental\\20191117_080028\\1573997005586.png]]

2019-11-17 08:23:25 - [TEST_STEP][FAILED] - setText(findTestObject("mobileSanity/Dental/app_page2/input__credit-card-last"), LastName): Unable to set text 'ZZ11-yJqFbvFS' of object 'Object Repository/mobileSanity/Dental/app_page2/input__credit-card-last' (Root cause: com.kms.katalon.core.webui.exception.WebElementNotFoundException: Web element with id: 'Object Repository/mobileSanity/Dental/app_page2/input__credit-card-last' located by 'By.xpath: //input[@type = 'text' and @id = 'credit-card-last']' not found)

2019-11-17 08:23:46 - [MESSAGE][INFO] - Unable to find the element located by 'By.xpath: //input[@type = 'text' and @id = 'credit-card-last']'. Please recheck the objects properties to make sure the desired element is located. 

2019-11-17 08:23:46 - [MESSAGE][FAILED] - Unable to set text 'ZZ11-yJqFbvFS' of object 'Object Repository/mobileSanity/Dental/app_page2/input__credit-card-last' (Root cause: com.kms.katalon.core.webui.exception.WebElementNotFoundException: Web element with id: 'Object Repository/mobileSanity/Dental/app_page2/input__credit-card-last' located by 'By.xpath: //input[@type = 'text' and @id = 'credit-card-last']' not found)
[[ATTACHMENT|D:\\Test\\AgileTest\\Reports\\mobileWeb\\dental\\20191117_080028\\1573997026373.png]]

2019-11-17 08:23:46 - [TEST_STEP][FAILED] - selectOptionByValue(findTestObject("mobileSanity/Dental/app_page2/select_MM010203040506070809101"), "12", true): Unable to select option by value '12' of object 'Object Repository/mobileSanity/Dental/app_page2/select_MM010203040506070809101'  using regular expression (Root cause: com.kms.katalon.core.webui.exception.WebElementNotFoundException: Web element with id: 'Object Repository/mobileSanity/Dental/app_page2/select_MM010203040506070809101' located by 'By.xpath: //select[@id = 'expiration-month' and (text() = 'MM010203040506070809101112' or . = 'MM010203040506070809101112')]' not found)

2019-11-17 08:24:07 - [MESSAGE][INFO] - Unable to find the element located by 'By.xpath: //select[@id = 'expiration-month' and (text() = 'MM010203040506070809101112' or . = 'MM010203040506070809101112')]'. Please recheck the objects properties to make sure the desired element is located. 

2019-11-17 08:24:07 - [MESSAGE][FAILED] - Unable to select option by value '12' of object 'Object Repository/mobileSanity/Dental/app_page2/select_MM010203040506070809101'  using regular expression (Root cause: com.kms.katalon.core.webui.exception.WebElementNotFoundException: Web element with id: 'Object Repository/mobileSanity/Dental/app_page2/select_MM010203040506070809101' located by 'By.xpath: //select[@id = 'expiration-month' and (text() = 'MM010203040506070809101112' or . = 'MM010203040506070809101112')]' not found)
[[ATTACHMENT|D:\\Test\\AgileTest\\Reports\\mobileWeb\\dental\\20191117_080028\\1573997047177.png]]

2019-11-17 08:24:07 - [TEST_STEP][FAILED] - selectOptionByValue(findTestObject("mobileSanity/Dental/app_page2/select_YYYY2019202020212022202"), "2026", true): Unable to select option by value '2026' of object 'Object Repository/mobileSanity/Dental/app_page2/select_YYYY2019202020212022202'  using regular expression (Root cause: com.kms.katalon.core.webui.exception.WebElementNotFoundException: Web element with id: 'Object Repository/mobileSanity/Dental/app_page2/select_YYYY2019202020212022202' located by 'By.xpath: //select[@id = 'expiration-year' and (text() = 'YYYY20192020202120222023202420252026202720282029' or . = 'YYYY20192020202120222023202420252026202720282029')]' not found)

2019-11-17 08:24:27 - [MESSAGE][INFO] - Unable to find the element located by 'By.xpath: //select[@id = 'expiration-year' and (text() = 'YYYY20192020202120222023202420252026202720282029' or . = 'YYYY20192020202120222023202420252026202720282029')]'. Please recheck the objects properties to make sure the desired element is located. 

2019-11-17 08:24:28 - [MESSAGE][FAILED] - Unable to select option by value '2026' of object 'Object Repository/mobileSanity/Dental/app_page2/select_YYYY2019202020212022202'  using regular expression (Root cause: com.kms.katalon.core.webui.exception.WebElementNotFoundException: Web element with id: 'Object Repository/mobileSanity/Dental/app_page2/select_YYYY2019202020212022202' located by 'By.xpath: //select[@id = 'expiration-year' and (text() = 'YYYY20192020202120222023202420252026202720282029' or . = 'YYYY20192020202120222023202420252026202720282029')]' not found)
[[ATTACHMENT|D:\\Test\\AgileTest\\Reports\\mobileWeb\\dental\\20191117_080028\\1573997067978.png]]

2019-11-17 08:24:28 - [TEST_STEP][FAILED] - setText(findTestObject("mobileSanity/Dental/app_page2/input__credit-card-number"), "4111111111111111"): Unable to set text '4111111111111111' of object 'Object Repository/mobileSanity/Dental/app_page2/input__credit-card-number' (Root cause: com.kms.katalon.core.webui.exception.WebElementNotFoundException: Web element with id: 'Object Repository/mobileSanity/Dental/app_page2/input__credit-card-number' located by 'By.xpath: //input[@id = 'credit-card-number']' not found)

2019-11-17 08:24:48 - [MESSAGE][INFO] - Unable to find the element located by 'By.xpath: //input[@id = 'credit-card-number']'. Please recheck the objects properties to make sure the desired element is located. 

2019-11-17 08:24:49 - [MESSAGE][FAILED] - Unable to set text '4111111111111111' of object 'Object Repository/mobileSanity/Dental/app_page2/input__credit-card-number' (Root cause: com.kms.katalon.core.webui.exception.WebElementNotFoundException: Web element with id: 'Object Repository/mobileSanity/Dental/app_page2/input__credit-card-number' located by 'By.xpath: //input[@id = 'credit-card-number']' not found)
[[ATTACHMENT|D:\\Test\\AgileTest\\Reports\\mobileWeb\\dental\\20191117_080028\\1573997088805.png]]

2019-11-17 08:24:49 - [TEST_STEP][FAILED] - setText(findTestObject("mobileSanity/Dental/app_page2/input__cvv"), "123"): Unable to set text '123' of object 'Object Repository/mobileSanity/Dental/app_page2/input__cvv' (Root cause: com.kms.katalon.core.webui.exception.WebElementNotFoundException: Web element with id: 'Object Repository/mobileSanity/Dental/app_page2/input__cvv' located by 'By.xpath: //input[@id = 'credit-card-cvv']' not found)

2019-11-17 08:25:09 - [MESSAGE][INFO] - Unable to find the element located by 'By.xpath: //input[@id = 'credit-card-cvv']'. Please recheck the objects properties to make sure the desired element is located. 

2019-11-17 08:25:09 - [MESSAGE][FAILED] - Unable to set text '123' of object 'Object Repository/mobileSanity/Dental/app_page2/input__cvv' (Root cause: com.kms.katalon.core.webui.exception.WebElementNotFoundException: Web element with id: 'Object Repository/mobileSanity/Dental/app_page2/input__cvv' located by 'By.xpath: //input[@id = 'credit-card-cvv']' not found)
[[ATTACHMENT|D:\\Test\\AgileTest\\Reports\\mobileWeb\\dental\\20191117_080028\\1573997109586.png]]

2019-11-17 08:25:09 - [TEST_STEP][FAILED] - click(findTestObject("mobileSanity/Dental/app_page2/label_My billing address is th")): Unable to click on object 'Object Repository/mobileSanity/Dental/app_page2/label_My billing address is th' (Root cause: com.kms.katalon.core.webui.exception.WebElementNotFoundException: Web element with id: 'Object Repository/mobileSanity/Dental/app_page2/label_My billing address is th' located by 'By.xpath: //label[(text() = 'My billing address is the same as my contact information address.' or . = 'My billing address is the same as my contact information address.')]' not found)

2019-11-17 08:25:30 - [MESSAGE][INFO] - Unable to find the element located by 'By.xpath: //label[(text() = 'My billing address is the same as my contact information address.' or . = 'My billing address is the same as my contact information address.')]'. Please recheck the objects properties to make sure the desired element is located. 

2019-11-17 08:25:30 - [MESSAGE][FAILED] - Unable to click on object 'Object Repository/mobileSanity/Dental/app_page2/label_My billing address is th' (Root cause: com.kms.katalon.core.webui.exception.WebElementNotFoundException: Web element with id: 'Object Repository/mobileSanity/Dental/app_page2/label_My billing address is th' located by 'By.xpath: //label[(text() = 'My billing address is the same as my contact information address.' or . = 'My billing address is the same as my contact information address.')]' not found)
[[ATTACHMENT|D:\\Test\\AgileTest\\Reports\\mobileWeb\\dental\\20191117_080028\\1573997130466.png]]

2019-11-17 08:25:30 - [TEST_STEP][FAILED] - click(findTestObject("mobileSanity/Dental/app_page2/label_I Accept Authorization f")): Unable to click on object 'Object Repository/mobileSanity/Dental/app_page2/label_I Accept Authorization f' (Root cause: com.kms.katalon.core.webui.exception.WebElementNotFoundException: Web element with id: 'Object Repository/mobileSanity/Dental/app_page2/label_I Accept Authorization f' located by 'By.xpath: //label[(text() = 'I Accept Authorization for Automatic Credit Card Payment*' or . = 'I Accept Authorization for Automatic Credit Card Payment*')]' not found)

2019-11-17 08:25:51 - [MESSAGE][INFO] - Unable to find the element located by 'By.xpath: //label[(text() = 'I Accept Authorization for Automatic Credit Card Payment*' or . = 'I Accept Authorization for Automatic Credit Card Payment*')]'. Please recheck the objects properties to make sure the desired element is located. 

2019-11-17 08:25:51 - [MESSAGE][FAILED] - Unable to click on object 'Object Repository/mobileSanity/Dental/app_page2/label_I Accept Authorization f' (Root cause: com.kms.katalon.core.webui.exception.WebElementNotFoundException: Web element with id: 'Object Repository/mobileSanity/Dental/app_page2/label_I Accept Authorization f' located by 'By.xpath: //label[(text() = 'I Accept Authorization for Automatic Credit Card Payment*' or . = 'I Accept Authorization for Automatic Credit Card Payment*')]' not found)
[[ATTACHMENT|D:\\Test\\AgileTest\\Reports\\mobileWeb\\dental\\20191117_080028\\1573997151392.png]]

2019-11-17 08:25:51 - [TEST_STEP][FAILED] - click(findTestObject("mobileSanity/Dental/app_page2/a_Continue to Step 3 - Review")): Unable to click on object 'Object Repository/mobileSanity/Dental/app_page2/a_Continue to Step 3 - Review' (Root cause: com.kms.katalon.core.webui.exception.WebElementNotFoundException: Web element with id: 'Object Repository/mobileSanity/Dental/app_page2/a_Continue to Step 3 - Review' located by 'By.xpath: //a[@id = 'js-app-continue-link' and @type = 'submit']' not found)

2019-11-17 08:26:12 - [MESSAGE][INFO] - Unable to find the element located by 'By.xpath: //a[@id = 'js-app-continue-link' and @type = 'submit']'. Please recheck the objects properties to make sure the desired element is located. 

2019-11-17 08:26:12 - [MESSAGE][FAILED] - Unable to click on object 'Object Repository/mobileSanity/Dental/app_page2/a_Continue to Step 3 - Review' (Root cause: com.kms.katalon.core.webui.exception.WebElementNotFoundException: Web element with id: 'Object Repository/mobileSanity/Dental/app_page2/a_Continue to Step 3 - Review' located by 'By.xpath: //a[@id = 'js-app-continue-link' and @type = 'submit']' not found)
[[ATTACHMENT|D:\\Test\\AgileTest\\Reports\\mobileWeb\\dental\\20191117_080028\\1573997172162.png]]

2019-11-17 08:26:12 - [TEST_STEP][PASSED] - waitForPageLoad(20): Wait for page load successfully

2019-11-17 08:26:12 - [MESSAGE][PASSED] - Wait for page load successfully

2019-11-17 08:26:12 - [TEST_STEP][PASSED] - Thread.sleep(2000): null

2019-11-17 08:26:14 - [TEST_STEP][PASSED] - waitForElementClickable(findTestObject("mobileSanity/Dental/app_page3/label"), 20): Web element with id: 'Object Repository/mobileSanity/Dental/app_page3/label' located by 'By.xpath: //*[@id = 'consent-checkbox-0']' not found

2019-11-17 08:26:34 - [MESSAGE][INFO] - Unable to find the element located by 'By.xpath: //*[@id = 'consent-checkbox-0']'. Please recheck the objects properties to make sure the desired element is located. 

2019-11-17 08:26:34 - [MESSAGE][WARNING] - Web element with id: 'Object Repository/mobileSanity/Dental/app_page3/label' located by 'By.xpath: //*[@id = 'consent-checkbox-0']' not found

2019-11-17 08:26:34 - [TEST_STEP][PASSED] - callTestCase(findTestCase("mobileWeb/_include/get_screenshot"), [:], STOP_ON_FAILURE): Call Test Case 'Test Cases/mobileWeb/_include/get_screenshot' successfully

2019-11-17 08:26:35 - [TEST_CASE][PASSED] - Test Cases/mobileWeb/_include/get_screenshot: Test Cases/mobileWeb/_include/get_screenshot

2019-11-17 08:26:35 - [TEST_STEP][PASSED] - takeScreenshot(screenPath + i + ".png"): Taking screenshot successfully

2019-11-17 08:26:35 - [MESSAGE][PASSED] - Taking screenshot successfully
[[ATTACHMENT|D:\\Test\\AgileTest\\Reports\\mobileWeb\\dental\\20191117_080028\\../Screenshots/iPhone 6/dental/USA Access/20191117_081909/9.png]]

2019-11-17 08:26:35 - [TEST_STEP][PASSED] - (internal.GlobalVariable.i++): null

2019-11-17 08:26:35 - [MESSAGE][PASSED] - Call Test Case 'Test Cases/mobileWeb/_include/get_screenshot' successfully

2019-11-17 08:26:35 - [TEST_STEP][FAILED] - click(findTestObject("mobileSanity/Dental/app_page3/label")): Unable to click on object 'Object Repository/mobileSanity/Dental/app_page3/label' (Root cause: com.kms.katalon.core.webui.exception.WebElementNotFoundException: Web element with id: 'Object Repository/mobileSanity/Dental/app_page3/label' located by 'By.xpath: //*[@id = 'consent-checkbox-0']' not found)

2019-11-17 08:26:55 - [MESSAGE][INFO] - Unable to find the element located by 'By.xpath: //*[@id = 'consent-checkbox-0']'. Please recheck the objects properties to make sure the desired element is located. 

2019-11-17 08:26:56 - [MESSAGE][FAILED] - Unable to click on object 'Object Repository/mobileSanity/Dental/app_page3/label' (Root cause: com.kms.katalon.core.webui.exception.WebElementNotFoundException: Web element with id: 'Object Repository/mobileSanity/Dental/app_page3/label' located by 'By.xpath: //*[@id = 'consent-checkbox-0']' not found)
[[ATTACHMENT|D:\\Test\\AgileTest\\Reports\\mobileWeb\\dental\\20191117_080028\\1573997215791.png]]

2019-11-17 08:26:56 - [TEST_STEP][FAILED] - click(findTestObject("mobileSanity/Dental/app_page3/p_CLICK TO SIGN")): Unable to click on object 'Object Repository/mobileSanity/Dental/app_page3/p_CLICK TO SIGN' (Root cause: com.kms.katalon.core.webui.exception.WebElementNotFoundException: Web element with id: 'Object Repository/mobileSanity/Dental/app_page3/p_CLICK TO SIGN' located by 'By.xpath: //*[@id = 'js-signature-tab']' not found)

2019-11-17 08:27:16 - [MESSAGE][INFO] - Unable to find the element located by 'By.xpath: //*[@id = 'js-signature-tab']'. Please recheck the objects properties to make sure the desired element is located. 

2019-11-17 08:27:16 - [MESSAGE][FAILED] - Unable to click on object 'Object Repository/mobileSanity/Dental/app_page3/p_CLICK TO SIGN' (Root cause: com.kms.katalon.core.webui.exception.WebElementNotFoundException: Web element with id: 'Object Repository/mobileSanity/Dental/app_page3/p_CLICK TO SIGN' located by 'By.xpath: //*[@id = 'js-signature-tab']' not found)
[[ATTACHMENT|D:\\Test\\AgileTest\\Reports\\mobileWeb\\dental\\20191117_080028\\1573997236592.png]]

2019-11-17 08:27:16 - [TEST_STEP][FAILED] - click(findTestObject("mobileSanity/Dental/app_page3/a_Submit Your Application")): Unable to click on object 'Object Repository/mobileSanity/Dental/app_page3/a_Submit Your Application' (Root cause: com.kms.katalon.core.webui.exception.WebElementNotFoundException: Web element with id: 'Object Repository/mobileSanity/Dental/app_page3/a_Submit Your Application' located by 'By.xpath: //a[@id = 'js-app-continue-link' and @type = 'submit']' not found)

2019-11-17 08:27:37 - [MESSAGE][INFO] - Unable to find the element located by 'By.xpath: //a[@id = 'js-app-continue-link' and @type = 'submit']'. Please recheck the objects properties to make sure the desired element is located. 

2019-11-17 08:27:37 - [MESSAGE][FAILED] - Unable to click on object 'Object Repository/mobileSanity/Dental/app_page3/a_Submit Your Application' (Root cause: com.kms.katalon.core.webui.exception.WebElementNotFoundException: Web element with id: 'Object Repository/mobileSanity/Dental/app_page3/a_Submit Your Application' located by 'By.xpath: //a[@id = 'js-app-continue-link' and @type = 'submit']' not found)
[[ATTACHMENT|D:\\Test\\AgileTest\\Reports\\mobileWeb\\dental\\20191117_080028\\1573997257358.png]]

2019-11-17 08:27:37 - [TEST_STEP][PASSED] - Thread.sleep(50000): null

2019-11-17 08:28:27 - [TEST_STEP][PASSED] - waitForElementPresent(findTestObject("mobileSanity/Dental/app_page4/js-app-confirmation"), 20): Object 'Object Repository/mobileSanity/Dental/app_page4/js-app-confirmation' is not present after 20 second(s)

2019-11-17 08:28:48 - [MESSAGE][INFO] - Unable to find the element located by 'By.xpath: //*[@id = 'js-app-confirmation']'. Please recheck the objects properties to make sure the desired element is located. 

2019-11-17 08:28:48 - [MESSAGE][WARNING] - Object 'Object Repository/mobileSanity/Dental/app_page4/js-app-confirmation' is not present after 20 second(s)

2019-11-17 08:28:48 - [TEST_STEP][FAILED] - callTestCase(findTestCase("mobileWeb/_include/get_screenshot"), [:], STOP_ON_FAILURE): callTestCase(findTestCase("mobileWeb/_include/get_screenshot"), [:], STOP_ON_FAILURE) FAILED.
Reason:
com.kms.katalon.core.exception.StepFailedException: Unable to set text 'Test-123' of object 'Object Repository/mobileSanity/Dental/app_page1/input__member-P-1-firstName' (Root cause: com.kms.katalon.core.webui.exception.WebElementNotFoundException: Web element with id: 'Object Repository/mobileSanity/Dental/app_page1/input__member-P-1-firstName' located by 'By.xpath: //input[@id = 'member-P-1-firstName' and @type = 'text']' not found)
	at com.kms.katalon.core.keyword.internal.KeywordMain.stepFailed(KeywordMain.groovy:32)
	at com.kms.katalon.core.webui.keyword.internal.WebUIKeywordMain.stepFailed(WebUIKeywordMain.groovy:65)
	at com.kms.katalon.core.webui.keyword.internal.WebUIKeywordMain.runKeyword(WebUIKeywordMain.groovy:27)
	at com.kms.katalon.core.webui.keyword.builtin.SetTextKeyword.setText(SetTextKeyword.groovy:65)
	at com.kms.katalon.core.webui.keyword.builtin.SetTextKeyword.execute(SetTextKeyword.groovy:37)
	at com.kms.katalon.core.keyword.internal.KeywordExecutor.executeKeywordForPlatform(KeywordExecutor.groovy:53)
	at com.kms.katalon.core.webui.keyword.WebUiBuiltInKeywords.setText(WebUiBuiltInKeywords.groovy:950)
	at com.kms.katalon.core.webui.keyword.WebUiBuiltInKeywords$setText$4.call(Unknown Source)
	at goToEnd_dental.run(goToEnd_dental:20)
	at com.kms.katalon.core.main.ScriptEngine.run(ScriptEngine.java:194)
	at com.kms.katalon.core.main.ScriptEngine.runScriptAsRawText(ScriptEngine.java:119)
	at com.kms.katalon.core.main.TestCaseExecutor.runScript(TestCaseExecutor.java:328)
	at com.kms.katalon.core.main.TestCaseExecutor.doExecute(TestCaseExecutor.java:319)
	at com.kms.katalon.core.main.TestCaseExecutor.processExecutionPhase(TestCaseExecutor.java:298)
	at com.kms.katalon.core.main.TestCaseExecutor.accessMainPhase(TestCaseExecutor.java:290)
	at com.kms.katalon.core.main.TestCaseExecutor.execute(TestCaseExecutor.java:224)
	at com.kms.katalon.core.main.TestCaseMain.runTestCase(TestCaseMain.java:106)
	at com.kms.katalon.core.keyword.builtin.CallTestCaseKeyword$_callTestCase_closure1.doCall(CallTestCaseKeyword.groovy:59)
	at com.kms.katalon.core.keyword.builtin.CallTestCaseKeyword$_callTestCase_closure1.call(CallTestCaseKeyword.groovy)
	at com.kms.katalon.core.keyword.internal.KeywordMain.runKeyword(KeywordMain.groovy:54)
	at com.kms.katalon.core.keyword.builtin.CallTestCaseKeyword.callTestCase(CallTestCaseKeyword.groovy:80)
	at com.kms.katalon.core.keyword.builtin.CallTestCaseKeyword.execute(CallTestCaseKeyword.groovy:44)
	at com.kms.katalon.core.keyword.internal.KeywordExecutor.executeKeywordForPlatform(KeywordExecutor.groovy:53)
	at com.kms.katalon.core.keyword.BuiltinKeywords.callTestCase(BuiltinKeywords.groovy:334)
	at USA Access.run(USA Access:55)
	at com.kms.katalon.core.main.ScriptEngine.run(ScriptEngine.java:194)
	at com.kms.katalon.core.main.ScriptEngine.runScriptAsRawText(ScriptEngine.java:119)
	at com.kms.katalon.core.main.TestCaseExecutor.runScript(TestCaseExecutor.java:328)
	at com.kms.katalon.core.main.TestCaseExecutor.doExecute(TestCaseExecutor.java:319)
	at com.kms.katalon.core.main.TestCaseExecutor.processExecutionPhase(TestCaseExecutor.java:298)
	at com.kms.katalon.core.main.TestCaseExecutor.accessMainPhase(TestCaseExecutor.java:290)
	at com.kms.katalon.core.main.TestCaseExecutor.execute(TestCaseExecutor.java:224)
	at com.kms.katalon.core.main.TestSuiteExecutor.accessTestCaseMainPhase(TestSuiteExecutor.java:129)
	at com.kms.katalon.core.main.TestSuiteExecutor.accessTestSuiteMainPhase(TestSuiteExecutor.java:112)
	at com.kms.katalon.core.main.TestSuiteExecutor.execute(TestSuiteExecutor.java:81)
	at com.kms.katalon.core.main.TestCaseMain.startTestSuite(TestCaseMain.java:149)
	at com.kms.katalon.core.main.TestCaseMain$startTestSuite$0.call(Unknown Source)
	at TempTestSuite1573995628848.run(TempTestSuite1573995628848.groovy:36)


2019-11-17 08:28:48 - [TEST_CASE][PASSED] - Test Cases/mobileWeb/_include/get_screenshot: Test Cases/mobileWeb/_include/get_screenshot

2019-11-17 08:28:48 - [TEST_STEP][PASSED] - takeScreenshot(screenPath + i + ".png"): Taking screenshot successfully

2019-11-17 08:28:48 - [MESSAGE][PASSED] - Taking screenshot successfully
[[ATTACHMENT|D:\\Test\\AgileTest\\Reports\\mobileWeb\\dental\\20191117_080028\\../Screenshots/iPhone 6/dental/USA Access/20191117_081909/10.png]]

2019-11-17 08:28:48 - [TEST_STEP][PASSED] - (internal.GlobalVariable.i++): null

2019-11-17 08:28:48 - [MESSAGE][PASSED] - Call Test Case 'Test Cases/mobileWeb/_include/get_screenshot' successfully

2019-11-17 08:28:48 - [MESSAGE][FAILED] - callTestCase(findTestCase("mobileWeb/_include/get_screenshot"), [:], STOP_ON_FAILURE) FAILED.
Reason:
com.kms.katalon.core.exception.StepFailedException: Unable to set text 'Test-123' of object 'Object Repository/mobileSanity/Dental/app_page1/input__member-P-1-firstName' (Root cause: com.kms.katalon.core.webui.exception.WebElementNotFoundException: Web element with id: 'Object Repository/mobileSanity/Dental/app_page1/input__member-P-1-firstName' located by 'By.xpath: //input[@id = 'member-P-1-firstName' and @type = 'text']' not found)
	at com.kms.katalon.core.keyword.internal.KeywordMain.stepFailed(KeywordMain.groovy:32)
	at com.kms.katalon.core.webui.keyword.internal.WebUIKeywordMain.stepFailed(WebUIKeywordMain.groovy:65)
	at com.kms.katalon.core.webui.keyword.internal.WebUIKeywordMain.runKeyword(WebUIKeywordMain.groovy:27)
	at com.kms.katalon.core.webui.keyword.builtin.SetTextKeyword.setText(SetTextKeyword.groovy:65)
	at com.kms.katalon.core.webui.keyword.builtin.SetTextKeyword.execute(SetTextKeyword.groovy:37)
	at com.kms.katalon.core.keyword.internal.KeywordExecutor.executeKeywordForPlatform(KeywordExecutor.groovy:53)
	at com.kms.katalon.core.webui.keyword.WebUiBuiltInKeywords.setText(WebUiBuiltInKeywords.groovy:950)
	at com.kms.katalon.core.webui.keyword.WebUiBuiltInKeywords$setText$4.call(Unknown Source)
	at goToEnd_dental.run(goToEnd_dental:20)
	at com.kms.katalon.core.main.ScriptEngine.run(ScriptEngine.java:194)
	at com.kms.katalon.core.main.ScriptEngine.runScriptAsRawText(ScriptEngine.java:119)
	at com.kms.katalon.core.main.TestCaseExecutor.runScript(TestCaseExecutor.java:328)
	at com.kms.katalon.core.main.TestCaseExecutor.doExecute(TestCaseExecutor.java:319)
	at com.kms.katalon.core.main.TestCaseExecutor.processExecutionPhase(TestCaseExecutor.java:298)
	at com.kms.katalon.core.main.TestCaseExecutor.accessMainPhase(TestCaseExecutor.java:290)
	at com.kms.katalon.core.main.TestCaseExecutor.execute(TestCaseExecutor.java:224)
	at com.kms.katalon.core.main.TestCaseMain.runTestCase(TestCaseMain.java:106)
	at com.kms.katalon.core.keyword.builtin.CallTestCaseKeyword$_callTestCase_closure1.doCall(CallTestCaseKeyword.groovy:59)
	at com.kms.katalon.core.keyword.builtin.CallTestCaseKeyword$_callTestCase_closure1.call(CallTestCaseKeyword.groovy)
	at com.kms.katalon.core.keyword.internal.KeywordMain.runKeyword(KeywordMain.groovy:54)
	at com.kms.katalon.core.keyword.builtin.CallTestCaseKeyword.callTestCase(CallTestCaseKeyword.groovy:80)
	at com.kms.katalon.core.keyword.builtin.CallTestCaseKeyword.execute(CallTestCaseKeyword.groovy:44)
	at com.kms.katalon.core.keyword.internal.KeywordExecutor.executeKeywordForPlatform(KeywordExecutor.groovy:53)
	at com.kms.katalon.core.keyword.BuiltinKeywords.callTestCase(BuiltinKeywords.groovy:334)
	at USA Access.run(USA Access:55)
	at com.kms.katalon.core.main.ScriptEngine.run(ScriptEngine.java:194)
	at com.kms.katalon.core.main.ScriptEngine.runScriptAsRawText(ScriptEngine.java:119)
	at com.kms.katalon.core.main.TestCaseExecutor.runScript(TestCaseExecutor.java:328)
	at com.kms.katalon.core.main.TestCaseExecutor.doExecute(TestCaseExecutor.java:319)
	at com.kms.katalon.core.main.TestCaseExecutor.processExecutionPhase(TestCaseExecutor.java:298)
	at com.kms.katalon.core.main.TestCaseExecutor.accessMainPhase(TestCaseExecutor.java:290)
	at com.kms.katalon.core.main.TestCaseExecutor.execute(TestCaseExecutor.java:224)
	at com.kms.katalon.core.main.TestSuiteExecutor.accessTestCaseMainPhase(TestSuiteExecutor.java:129)
	at com.kms.katalon.core.main.TestSuiteExecutor.accessTestSuiteMainPhase(TestSuiteExecutor.java:112)
	at com.kms.katalon.core.main.TestSuiteExecutor.execute(TestSuiteExecutor.java:81)
	at com.kms.katalon.core.main.TestCaseMain.startTestSuite(TestCaseMain.java:149)
	at com.kms.katalon.core.main.TestCaseMain$startTestSuite$0.call(Unknown Source)
	at TempTestSuite1573995628848.run(TempTestSuite1573995628848.groovy:36)


2019-11-17 08:28:48 - [MESSAGE][FAILED] - Unable to call Test Case 'Test Cases/mobileWeb/_include/goToEnd_dental' (Root cause: com.kms.katalon.core.exception.StepFailedException: Call Test Case 'Test Cases/mobileWeb/_include/goToEnd_dental' failed)

2019-11-17 08:28:48 - [MESSAGE][FAILED] - callTestCase(findTestCase("mobileWeb/_include/goToEnd_dental"), ["carrier":"usa"], STOP_ON_FAILURE) FAILED.
Reason:
com.kms.katalon.core.exception.StepFailedException: Unable to click on object 'Object Repository/mobileSanity/Dental/quote/a_Select This Plan' (Root cause: org.openqa.selenium.WebDriverException: unknown error: Element <a href="/dental-insurance/apply/usa-plus-dental-vision-al" class="js-buy-plan quote-plan-buy">...</a> is not clickable at point (187, 645). Other element would receive the click: <iframe src="https://secure.livechatinc.com/licence/11465608/v2/open_chat.cgi?license=11465608&amp;group=0&amp;embedded=1&amp;widget_version=3&amp;unique_groups=0" allowtransparency="true" allow="autoplay" id="chat-widget" name="chat-widget" scrolling="no" role="application" aria-label="LiveChat chat widget" style="width: 100%; height: 100%; min-height: 0px; min-width: 0px; margin: 0px; padding: 0px; background-image: none; background-position: 0% 0%; background-size: initial; background-attachment: scroll; background-origin: initial; background-clip: initial; background-color: rgba(0, 0, 0, 0); border-width: 0px; float: none; position: absolute; top: 0px; left: 0px; bottom: 0px; right: 0px; transition: none 0s ease 0s !important;"></iframe>
  (Session info: chrome=78.0.3904.70)
  (Driver info: chromedriver=2.43.600210 (68dcf5eebde37173d4027fa8635e332711d2874a),platform=Windows NT 6.3.9600 x86_64) (WARNING: The server did not provide any stacktrace information)
Command duration or timeout: 0 milliseconds
Build info: version: '3.7.1', revision: '8a0099a', time: '2017-11-06T21:07:36.161Z'
System info: host: 'WIN-U215233FMVE', ip: '172.30.0.53', os.name: 'Windows Server 2012 R2', os.arch: 'amd64', os.version: '6.3', java.version: '1.8.0_181'
Driver info: com.kms.katalon.selenium.driver.CChromeDriver
Capabilities {acceptInsecureCerts: false, acceptSslCerts: false, applicationCacheEnabled: false, browserConnectionEnabled: false, browserName: chrome, chrome: {chromedriverVersion: 2.43.600210 (68dcf5eebde371..., userDataDir: C:\Users\ADMINI~1\AppData\L...}, cssSelectorsEnabled: true, databaseEnabled: false, goog:chromeOptions: {debuggerAddress: localhost:54924}, handlesAlerts: true, hasTouchScreen: true, javascriptEnabled: true, locationContextEnabled: true, mobileEmulationEnabled: true, nativeEvents: true, networkConnectionEnabled: false, pageLoadStrategy: normal, platform: XP, platformName: XP, rotatable: false, setWindowRect: true, takesHeapSnapshot: true, takesScreenshot: true, unexpectedAlertBehaviour: , unhandledPromptBehavior: , version: 78.0.3904.70, webStorageEnabled: true}
Session ID: 6b9bd64a5fbe02bd2c66435035f45589)
	at com.kms.katalon.core.keyword.internal.KeywordMain.stepFailed(KeywordMain.groovy:32)
	at com.kms.katalon.core.webui.keyword.internal.WebUIKeywordMain.stepFailed(WebUIKeywordMain.groovy:65)
	at com.kms.katalon.core.webui.keyword.internal.WebUIKeywordMain.runKeyword(WebUIKeywordMain.groovy:27)
	at com.kms.katalon.core.webui.keyword.builtin.ClickKeyword.click(ClickKeyword.groovy:86)
	at com.kms.katalon.core.webui.keyword.builtin.ClickKeyword.execute(ClickKeyword.groovy:67)
	at com.kms.katalon.core.keyword.internal.KeywordExecutor.executeKeywordForPlatform(KeywordExecutor.groovy:53)
	at com.kms.katalon.core.webui.keyword.WebUiBuiltInKeywords.click(WebUiBuiltInKeywords.groovy:616)
	at com.kms.katalon.core.webui.keyword.WebUiBuiltInKeywords$click$2.call(Unknown Source)
	at USA Access.run(USA Access:43)
	at com.kms.katalon.core.main.ScriptEngine.run(ScriptEngine.java:194)
	at com.kms.katalon.core.main.ScriptEngine.runScriptAsRawText(ScriptEngine.java:119)
	at com.kms.katalon.core.main.TestCaseExecutor.runScript(TestCaseExecutor.java:328)
	at com.kms.katalon.core.main.TestCaseExecutor.doExecute(TestCaseExecutor.java:319)
	at com.kms.katalon.core.main.TestCaseExecutor.processExecutionPhase(TestCaseExecutor.java:298)
	at com.kms.katalon.core.main.TestCaseExecutor.accessMainPhase(TestCaseExecutor.java:290)
	at com.kms.katalon.core.main.TestCaseExecutor.execute(TestCaseExecutor.java:224)
	at com.kms.katalon.core.main.TestSuiteExecutor.accessTestCaseMainPhase(TestSuiteExecutor.java:129)
	at com.kms.katalon.core.main.TestSuiteExecutor.accessTestSuiteMainPhase(TestSuiteExecutor.java:112)
	at com.kms.katalon.core.main.TestSuiteExecutor.execute(TestSuiteExecutor.java:81)
	at com.kms.katalon.core.main.TestCaseMain.startTestSuite(TestCaseMain.java:149)
	at com.kms.katalon.core.main.TestCaseMain$startTestSuite$0.call(Unknown Source)
	at TempTestSuite1573995628848.run(TempTestSuite1573995628848.groovy:36)]]></system-out>
         <system-err><![CDATA[2019-11-17 08:19:09 - [TEST_CASE][FAILED] - Test Cases/mobileWeb/Dental/USA Access: Test Cases/mobileWeb/Dental/USA Access FAILED.
Reason:
com.kms.katalon.core.exception.StepFailedException: Unable to click on object 'Object Repository/mobileSanity/Dental/quote/a_Select This Plan' (Root cause: org.openqa.selenium.WebDriverException: unknown error: Element <a href="/dental-insurance/apply/usa-plus-dental-vision-al" class="js-buy-plan quote-plan-buy">...</a> is not clickable at point (187, 645). Other element would receive the click: <iframe src="https://secure.livechatinc.com/licence/11465608/v2/open_chat.cgi?license=11465608&amp;group=0&amp;embedded=1&amp;widget_version=3&amp;unique_groups=0" allowtransparency="true" allow="autoplay" id="chat-widget" name="chat-widget" scrolling="no" role="application" aria-label="LiveChat chat widget" style="width: 100%; height: 100%; min-height: 0px; min-width: 0px; margin: 0px; padding: 0px; background-image: none; background-position: 0% 0%; background-size: initial; background-attachment: scroll; background-origin: initial; background-clip: initial; background-color: rgba(0, 0, 0, 0); border-width: 0px; float: none; position: absolute; top: 0px; left: 0px; bottom: 0px; right: 0px; transition: none 0s ease 0s !important;"></iframe>
  (Session info: chrome=78.0.3904.70)
  (Driver info: chromedriver=2.43.600210 (68dcf5eebde37173d4027fa8635e332711d2874a),platform=Windows NT 6.3.9600 x86_64) (WARNING: The server did not provide any stacktrace information)
Command duration or timeout: 0 milliseconds
Build info: version: '3.7.1', revision: '8a0099a', time: '2017-11-06T21:07:36.161Z'
System info: host: 'WIN-U215233FMVE', ip: '172.30.0.53', os.name: 'Windows Server 2012 R2', os.arch: 'amd64', os.version: '6.3', java.version: '1.8.0_181'
Driver info: com.kms.katalon.selenium.driver.CChromeDriver
Capabilities {acceptInsecureCerts: false, acceptSslCerts: false, applicationCacheEnabled: false, browserConnectionEnabled: false, browserName: chrome, chrome: {chromedriverVersion: 2.43.600210 (68dcf5eebde371..., userDataDir: C:\Users\ADMINI~1\AppData\L...}, cssSelectorsEnabled: true, databaseEnabled: false, goog:chromeOptions: {debuggerAddress: localhost:54924}, handlesAlerts: true, hasTouchScreen: true, javascriptEnabled: true, locationContextEnabled: true, mobileEmulationEnabled: true, nativeEvents: true, networkConnectionEnabled: false, pageLoadStrategy: normal, platform: XP, platformName: XP, rotatable: false, setWindowRect: true, takesHeapSnapshot: true, takesScreenshot: true, unexpectedAlertBehaviour: , unhandledPromptBehavior: , version: 78.0.3904.70, webStorageEnabled: true}
Session ID: 6b9bd64a5fbe02bd2c66435035f45589)
	at com.kms.katalon.core.keyword.internal.KeywordMain.stepFailed(KeywordMain.groovy:32)
	at com.kms.katalon.core.webui.keyword.internal.WebUIKeywordMain.stepFailed(WebUIKeywordMain.groovy:65)
	at com.kms.katalon.core.webui.keyword.internal.WebUIKeywordMain.runKeyword(WebUIKeywordMain.groovy:27)
	at com.kms.katalon.core.webui.keyword.builtin.ClickKeyword.click(ClickKeyword.groovy:86)
	at com.kms.katalon.core.webui.keyword.builtin.ClickKeyword.execute(ClickKeyword.groovy:67)
	at com.kms.katalon.core.keyword.internal.KeywordExecutor.executeKeywordForPlatform(KeywordExecutor.groovy:53)
	at com.kms.katalon.core.webui.keyword.WebUiBuiltInKeywords.click(WebUiBuiltInKeywords.groovy:616)
	at com.kms.katalon.core.webui.keyword.WebUiBuiltInKeywords$click$2.call(Unknown Source)
	at USA Access.run(USA Access:43)
	at com.kms.katalon.core.main.ScriptEngine.run(ScriptEngine.java:194)
	at com.kms.katalon.core.main.ScriptEngine.runScriptAsRawText(ScriptEngine.java:119)
	at com.kms.katalon.core.main.TestCaseExecutor.runScript(TestCaseExecutor.java:328)
	at com.kms.katalon.core.main.TestCaseExecutor.doExecute(TestCaseExecutor.java:319)
	at com.kms.katalon.core.main.TestCaseExecutor.processExecutionPhase(TestCaseExecutor.java:298)
	at com.kms.katalon.core.main.TestCaseExecutor.accessMainPhase(TestCaseExecutor.java:290)
	at com.kms.katalon.core.main.TestCaseExecutor.execute(TestCaseExecutor.java:224)
	at com.kms.katalon.core.main.TestSuiteExecutor.accessTestCaseMainPhase(TestSuiteExecutor.java:129)
	at com.kms.katalon.core.main.TestSuiteExecutor.accessTestSuiteMainPhase(TestSuiteExecutor.java:112)
	at com.kms.katalon.core.main.TestSuiteExecutor.execute(TestSuiteExecutor.java:81)
	at com.kms.katalon.core.main.TestCaseMain.startTestSuite(TestCaseMain.java:149)
	at com.kms.katalon.core.main.TestCaseMain$startTestSuite$0.call(Unknown Source)
	at TempTestSuite1573995628848.run(TempTestSuite1573995628848.groovy:36)]]></system-err>
      </testcase>
      <system-out><![CDATA[2019-11-17 08:00:33 - [TEST_SUITE][FAILED] - dental: Test Cases/mobileWeb/Dental/National General FAILED.
Reason:
com.kms.katalon.core.exception.StepFailedException: Unable to click on object 'Object Repository/mobileSanity/Dental/quote/a_Select This Plan' (Root cause: org.openqa.selenium.WebDriverException: unknown error: Element <a href="/dental-insurance/apply/nationalgeneral-dental-essentials-al" class="js-buy-plan quote-plan-buy">...</a> is not clickable at point (187, 645). Other element would receive the click: <iframe src="https://secure.livechatinc.com/licence/11465608/v2/open_chat.cgi?license=11465608&amp;group=0&amp;embedded=1&amp;widget_version=3&amp;unique_groups=0" allowtransparency="true" allow="autoplay" id="chat-widget" name="chat-widget" scrolling="no" role="application" aria-label="LiveChat chat widget" style="width: 100%; height: 100%; min-height: 0px; min-width: 0px; margin: 0px; padding: 0px; background-image: none; background-position: 0% 0%; background-size: initial; background-attachment: scroll; background-origin: initial; background-clip: initial; background-color: rgba(0, 0, 0, 0); border-width: 0px; float: none; position: absolute; top: 0px; left: 0px; bottom: 0px; right: 0px; transition: none 0s ease 0s !important;"></iframe>
  (Session info: chrome=78.0.3904.70)
  (Driver info: chromedriver=2.43.600210 (68dcf5eebde37173d4027fa8635e332711d2874a),platform=Windows NT 6.3.9600 x86_64) (WARNING: The server did not provide any stacktrace information)
Command duration or timeout: 0 milliseconds
Build info: version: '3.7.1', revision: '8a0099a', time: '2017-11-06T21:07:36.161Z'
System info: host: 'WIN-U215233FMVE', ip: '172.30.0.53', os.name: 'Windows Server 2012 R2', os.arch: 'amd64', os.version: '6.3', java.version: '1.8.0_181'
Driver info: com.kms.katalon.selenium.driver.CChromeDriver
Capabilities {acceptInsecureCerts: false, acceptSslCerts: false, applicationCacheEnabled: false, browserConnectionEnabled: false, browserName: chrome, chrome: {chromedriverVersion: 2.43.600210 (68dcf5eebde371..., userDataDir: C:\Users\ADMINI~1\AppData\L...}, cssSelectorsEnabled: true, databaseEnabled: false, goog:chromeOptions: {debuggerAddress: localhost:53335}, handlesAlerts: true, hasTouchScreen: true, javascriptEnabled: true, locationContextEnabled: true, mobileEmulationEnabled: true, nativeEvents: true, networkConnectionEnabled: false, pageLoadStrategy: normal, platform: XP, platformName: XP, rotatable: false, setWindowRect: true, takesHeapSnapshot: true, takesScreenshot: true, unexpectedAlertBehaviour: , unhandledPromptBehavior: , version: 78.0.3904.70, webStorageEnabled: true}
Session ID: a2aa0c4514b711bb5ee0433769b098fe)
	at com.kms.katalon.core.keyword.internal.KeywordMain.stepFailed(KeywordMain.groovy:32)
	at com.kms.katalon.core.webui.keyword.internal.WebUIKeywordMain.stepFailed(WebUIKeywordMain.groovy:65)
	at com.kms.katalon.core.webui.keyword.internal.WebUIKeywordMain.runKeyword(WebUIKeywordMain.groovy:27)
	at com.kms.katalon.core.webui.keyword.builtin.ClickKeyword.click(ClickKeyword.groovy:86)
	at com.kms.katalon.core.webui.keyword.builtin.ClickKeyword.execute(ClickKeyword.groovy:67)
	at com.kms.katalon.core.keyword.internal.KeywordExecutor.executeKeywordForPlatform(KeywordExecutor.groovy:53)
	at com.kms.katalon.core.webui.keyword.WebUiBuiltInKeywords.click(WebUiBuiltInKeywords.groovy:616)
	at com.kms.katalon.core.webui.keyword.WebUiBuiltInKeywords$click$2.call(Unknown Source)
	at National General.run(National General:40)
	at com.kms.katalon.core.main.ScriptEngine.run(ScriptEngine.java:194)
	at com.kms.katalon.core.main.ScriptEngine.runScriptAsRawText(ScriptEngine.java:119)
	at com.kms.katalon.core.main.TestCaseExecutor.runScript(TestCaseExecutor.java:328)
	at com.kms.katalon.core.main.TestCaseExecutor.doExecute(TestCaseExecutor.java:319)
	at com.kms.katalon.core.main.TestCaseExecutor.processExecutionPhase(TestCaseExecutor.java:298)
	at com.kms.katalon.core.main.TestCaseExecutor.accessMainPhase(TestCaseExecutor.java:290)
	at com.kms.katalon.core.main.TestCaseExecutor.execute(TestCaseExecutor.java:224)
	at com.kms.katalon.core.main.TestSuiteExecutor.accessTestCaseMainPhase(TestSuiteExecutor.java:129)
	at com.kms.katalon.core.main.TestSuiteExecutor.accessTestSuiteMainPhase(TestSuiteExecutor.java:112)
	at com.kms.katalon.core.main.TestSuiteExecutor.execute(TestSuiteExecutor.java:81)
	at com.kms.katalon.core.main.TestCaseMain.startTestSuite(TestCaseMain.java:149)
	at com.kms.katalon.core.main.TestCaseMain$startTestSuite$0.call(Unknown Source)
	at TempTestSuite1573995628848.run(TempTestSuite1573995628848.groovy:36)]]></system-out>
      <system-err><![CDATA[2019-11-17 08:00:33 - [TEST_SUITE][FAILED] - dental: Test Cases/mobileWeb/Dental/National General FAILED.
Reason:
com.kms.katalon.core.exception.StepFailedException: Unable to click on object 'Object Repository/mobileSanity/Dental/quote/a_Select This Plan' (Root cause: org.openqa.selenium.WebDriverException: unknown error: Element <a href="/dental-insurance/apply/nationalgeneral-dental-essentials-al" class="js-buy-plan quote-plan-buy">...</a> is not clickable at point (187, 645). Other element would receive the click: <iframe src="https://secure.livechatinc.com/licence/11465608/v2/open_chat.cgi?license=11465608&amp;group=0&amp;embedded=1&amp;widget_version=3&amp;unique_groups=0" allowtransparency="true" allow="autoplay" id="chat-widget" name="chat-widget" scrolling="no" role="application" aria-label="LiveChat chat widget" style="width: 100%; height: 100%; min-height: 0px; min-width: 0px; margin: 0px; padding: 0px; background-image: none; background-position: 0% 0%; background-size: initial; background-attachment: scroll; background-origin: initial; background-clip: initial; background-color: rgba(0, 0, 0, 0); border-width: 0px; float: none; position: absolute; top: 0px; left: 0px; bottom: 0px; right: 0px; transition: none 0s ease 0s !important;"></iframe>
  (Session info: chrome=78.0.3904.70)
  (Driver info: chromedriver=2.43.600210 (68dcf5eebde37173d4027fa8635e332711d2874a),platform=Windows NT 6.3.9600 x86_64) (WARNING: The server did not provide any stacktrace information)
Command duration or timeout: 0 milliseconds
Build info: version: '3.7.1', revision: '8a0099a', time: '2017-11-06T21:07:36.161Z'
System info: host: 'WIN-U215233FMVE', ip: '172.30.0.53', os.name: 'Windows Server 2012 R2', os.arch: 'amd64', os.version: '6.3', java.version: '1.8.0_181'
Driver info: com.kms.katalon.selenium.driver.CChromeDriver
Capabilities {acceptInsecureCerts: false, acceptSslCerts: false, applicationCacheEnabled: false, browserConnectionEnabled: false, browserName: chrome, chrome: {chromedriverVersion: 2.43.600210 (68dcf5eebde371..., userDataDir: C:\Users\ADMINI~1\AppData\L...}, cssSelectorsEnabled: true, databaseEnabled: false, goog:chromeOptions: {debuggerAddress: localhost:53335}, handlesAlerts: true, hasTouchScreen: true, javascriptEnabled: true, locationContextEnabled: true, mobileEmulationEnabled: true, nativeEvents: true, networkConnectionEnabled: false, pageLoadStrategy: normal, platform: XP, platformName: XP, rotatable: false, setWindowRect: true, takesHeapSnapshot: true, takesScreenshot: true, unexpectedAlertBehaviour: , unhandledPromptBehavior: , version: 78.0.3904.70, webStorageEnabled: true}
Session ID: a2aa0c4514b711bb5ee0433769b098fe)
	at com.kms.katalon.core.keyword.internal.KeywordMain.stepFailed(KeywordMain.groovy:32)
	at com.kms.katalon.core.webui.keyword.internal.WebUIKeywordMain.stepFailed(WebUIKeywordMain.groovy:65)
	at com.kms.katalon.core.webui.keyword.internal.WebUIKeywordMain.runKeyword(WebUIKeywordMain.groovy:27)
	at com.kms.katalon.core.webui.keyword.builtin.ClickKeyword.click(ClickKeyword.groovy:86)
	at com.kms.katalon.core.webui.keyword.builtin.ClickKeyword.execute(ClickKeyword.groovy:67)
	at com.kms.katalon.core.keyword.internal.KeywordExecutor.executeKeywordForPlatform(KeywordExecutor.groovy:53)
	at com.kms.katalon.core.webui.keyword.WebUiBuiltInKeywords.click(WebUiBuiltInKeywords.groovy:616)
	at com.kms.katalon.core.webui.keyword.WebUiBuiltInKeywords$click$2.call(Unknown Source)
	at National General.run(National General:40)
	at com.kms.katalon.core.main.ScriptEngine.run(ScriptEngine.java:194)
	at com.kms.katalon.core.main.ScriptEngine.runScriptAsRawText(ScriptEngine.java:119)
	at com.kms.katalon.core.main.TestCaseExecutor.runScript(TestCaseExecutor.java:328)
	at com.kms.katalon.core.main.TestCaseExecutor.doExecute(TestCaseExecutor.java:319)
	at com.kms.katalon.core.main.TestCaseExecutor.processExecutionPhase(TestCaseExecutor.java:298)
	at com.kms.katalon.core.main.TestCaseExecutor.accessMainPhase(TestCaseExecutor.java:290)
	at com.kms.katalon.core.main.TestCaseExecutor.execute(TestCaseExecutor.java:224)
	at com.kms.katalon.core.main.TestSuiteExecutor.accessTestCaseMainPhase(TestSuiteExecutor.java:129)
	at com.kms.katalon.core.main.TestSuiteExecutor.accessTestSuiteMainPhase(TestSuiteExecutor.java:112)
	at com.kms.katalon.core.main.TestSuiteExecutor.execute(TestSuiteExecutor.java:81)
	at com.kms.katalon.core.main.TestCaseMain.startTestSuite(TestCaseMain.java:149)
	at com.kms.katalon.core.main.TestCaseMain$startTestSuite$0.call(Unknown Source)
	at TempTestSuite1573995628848.run(TempTestSuite1573995628848.groovy:36)]]></system-err>
   </testsuite>
</testsuites>
