<?xml version="1.0" encoding="UTF-8"?>
<testsuites name="hbi" time="643" tests="0" failures="6" errors="0">
   <testsuite name="hbi" tests="0" failures="6" errors="0" time="643" timestamp="2019-03-11 17:57:54" hostname="denisyu - 172.16.86.34" id="Test Suites/mobileWeb/hbi">
      <properties>
         <property name="deviceName" value=""/>
         <property name="devicePlatform" value=""/>
         <property name="logFolder" value="/Users/denisyu/workplace/test/AgileTest/Reports/mobileWeb/hbi/20190311_175719"/>
         <property name="logFiles" value="/Users/denisyu/workplace/test/AgileTest/Reports/mobileWeb/hbi/20190311_175719/execution0.log"/>
         <property name="attachments" value="../Screenshots/mobileWeb/hbi/Agile One/20190311_175756/0.png, /Users/denisyu/workplace/test/AgileTest/Reports/mobileWeb/hbi/20190311_175719/1552298323205.png, /Users/denisyu/workplace/test/AgileTest/Reports/mobileWeb/hbi/20190311_175719/1552298349247.png, ../Screenshots/mobileWeb/hbi/Legion Limited Medical/20190311_175909/0.png, ../Screenshots/mobileWeb/hbi/Legion Limited Medical/20190311_175909/1.png, ../Screenshots/mobileWeb/hbi/Legion Limited Medical/20190311_175909/2.png, ../Screenshots/mobileWeb/hbi/Legion Limited Medical/20190311_175909/3.png, ../Screenshots/mobileWeb/hbi/Legion Limited Medical/20190311_175909/4.png, ../Screenshots/mobileWeb/hbi/Legion Limited Medical/20190311_175909/5.png, ../Screenshots/mobileWeb/hbi/Legion Limited Medical/20190311_175909/6.png, ../Screenshots/mobileWeb/hbi/Legion Limited Medical/20190311_175909/7.png, /Users/denisyu/workplace/test/AgileTest/Reports/mobileWeb/hbi/20190311_175719/1552298486387.png, ../Screenshots/mobileWeb/hbi/Cardinal Choice/20190311_180126/0.png, ../Screenshots/mobileWeb/hbi/Cardinal Choice/20190311_180126/1.png, ../Screenshots/mobileWeb/hbi/Cardinal Choice/20190311_180126/2.png, ../Screenshots/mobileWeb/hbi/Cardinal Choice/20190311_180126/3.png, ../Screenshots/mobileWeb/hbi/Cardinal Choice/20190311_180126/4.png, ../Screenshots/mobileWeb/hbi/Cardinal Choice/20190311_180126/5.png, ../Screenshots/mobileWeb/hbi/Cardinal Choice/20190311_180126/6.png, ../Screenshots/mobileWeb/hbi/Cardinal Choice/20190311_180126/7.png, /Users/denisyu/workplace/test/AgileTest/Reports/mobileWeb/hbi/20190311_175719/1552298624992.png, ../Screenshots/mobileWeb/hbi/Core Shield/20190311_180345/0.png, ../Screenshots/mobileWeb/hbi/Core Shield/20190311_180345/1.png, ../Screenshots/mobileWeb/hbi/Core Shield/20190311_180345/2.png, ../Screenshots/mobileWeb/hbi/Core Shield/20190311_180345/3.png, ../Screenshots/mobileWeb/hbi/Core Shield/20190311_180345/4.png, ../Screenshots/mobileWeb/hbi/Core Shield/20190311_180345/5.png, ../Screenshots/mobileWeb/hbi/Core Shield/20190311_180345/6.png, ../Screenshots/mobileWeb/hbi/Core Shield/20190311_180345/7.png, /Users/denisyu/workplace/test/AgileTest/Reports/mobileWeb/hbi/20190311_175719/1552298765305.png, ../Screenshots/mobileWeb/hbi/Agile Secure/20190311_180606/0.png, ../Screenshots/mobileWeb/hbi/Agile Secure/20190311_180606/1.png, ../Screenshots/mobileWeb/hbi/Agile Secure/20190311_180606/2.png, ../Screenshots/mobileWeb/hbi/Agile Secure/20190311_180606/3.png, ../Screenshots/mobileWeb/hbi/Agile Secure/20190311_180606/4.png, ../Screenshots/mobileWeb/hbi/Agile Secure/20190311_180606/5.png, ../Screenshots/mobileWeb/hbi/Agile Secure/20190311_180606/6.png, /Users/denisyu/workplace/test/AgileTest/Reports/mobileWeb/hbi/20190311_175719/1552298823106.png, ../Screenshots/mobileWeb/hbi/Fixed Cash Benefit/20190311_180703/0.png, ../Screenshots/mobileWeb/hbi/Fixed Cash Benefit/20190311_180703/1.png, ../Screenshots/mobileWeb/hbi/Fixed Cash Benefit/20190311_180703/2.png, ../Screenshots/mobileWeb/hbi/Fixed Cash Benefit/20190311_180703/3.png, ../Screenshots/mobileWeb/hbi/Fixed Cash Benefit/20190311_180703/4.png, ../Screenshots/mobileWeb/hbi/Fixed Cash Benefit/20190311_180703/5.png, ../Screenshots/mobileWeb/hbi/Fixed Cash Benefit/20190311_180703/6.png, ../Screenshots/mobileWeb/hbi/Fixed Cash Benefit/20190311_180703/7.png, /Users/denisyu/workplace/test/AgileTest/Reports/mobileWeb/hbi/20190311_175719/1552298917017.png"/>
         <property name="hostName" value="denisyu - 172.16.86.34"/>
         <property name="os" value="Mac OS X 64bit"/>
         <property name="katalonVersion" value="5.10.1.1"/>
         <property name="browser" value="Safari 11"/>
         <property name="hostAddress" value="172.16.86.34"/>
         <property name="sessionId" value="6ed68fa1e07e7cabfaae7fcd7ab94918"/>
         <property name="seleniumVersion" value="3.7.1"/>
         <property name="proxyInformation" value="ProxyInformation{proxyOption=NO_PROXY, proxyServerType=HTTP, password=, proxyServerAddress=, proxyServerPort=0}"/>
         <property name="platform" value="Mac OS X"/>
      </properties>
      <testcase name="Test Cases/mobileWeb/HBI/Agile One" classname="Test Cases/mobileWeb/HBI/Agile One" status="FAILED">
         <failure type="FAILED" message="Test Cases/mobileWeb/HBI/Agile One FAILED.
Reason:
com.kms.katalon.core.exception.StepFailedException: Unable to click on object 'Object Repository/mobileSanity/Common/side_nav/nav_hbi' (Root cause: org.openqa.selenium.ElementNotVisibleException: element not interactable
  (Session info: chrome=72.0.3626.121)
  (Driver info: chromedriver=2.43.600229 (3fae4d0cda5334b4f533bede5a4787f7b832d052),platform=Mac OS X 10.14.2 x86_64) (WARNING: The server did not provide any stacktrace information)
Command duration or timeout: 0 milliseconds
Build info: version: '3.7.1', revision: '8a0099a', time: '2017-11-06T21:07:36.161Z'
System info: host: 'Deniss-MacBook-Pro.local', ip: 'fe80:0:0:0:18db:5ed3:b3d6:93e7%en0', os.name: 'Mac OS X', os.arch: 'x86_64', os.version: '10.14.2', java.version: '1.8.0_181'
Driver info: com.kms.katalon.selenium.driver.CChromeDriver
Capabilities {acceptInsecureCerts: false, acceptSslCerts: false, applicationCacheEnabled: false, browserConnectionEnabled: false, browserName: chrome, chrome: {chromedriverVersion: 2.43.600229 (3fae4d0cda5334..., userDataDir: /var/folders/95/4qsvf70n5s5...}, cssSelectorsEnabled: true, databaseEnabled: false, goog:chromeOptions: {debuggerAddress: localhost:54892}, handlesAlerts: true, hasTouchScreen: true, javascriptEnabled: true, locationContextEnabled: true, mobileEmulationEnabled: true, nativeEvents: true, networkConnectionEnabled: false, pageLoadStrategy: normal, platform: MAC, platformName: MAC, rotatable: false, setWindowRect: true, takesHeapSnapshot: true, takesScreenshot: true, unexpectedAlertBehaviour: , unhandledPromptBehavior: , version: 72.0.3626.121, webStorageEnabled: true}
Session ID: 6dcd4efa18b40b20b5bdd00008723992)
	at com.kms.katalon.core.keyword.internal.KeywordMain.stepFailed(KeywordMain.groovy:36)
	at com.kms.katalon.core.webui.keyword.internal.WebUIKeywordMain.stepFailed(WebUIKeywordMain.groovy:65)
	at com.kms.katalon.core.webui.keyword.internal.WebUIKeywordMain.runKeyword(WebUIKeywordMain.groovy:27)
	at com.kms.katalon.core.webui.keyword.builtin.ClickKeyword.click(ClickKeyword.groovy:86)
	at com.kms.katalon.core.webui.keyword.builtin.ClickKeyword.execute(ClickKeyword.groovy:67)
	at com.kms.katalon.core.keyword.internal.KeywordExecutor.executeKeywordForPlatform(KeywordExecutor.groovy:53)
	at com.kms.katalon.core.webui.keyword.WebUiBuiltInKeywords.click(WebUiBuiltInKeywords.groovy:616)
	at com.kms.katalon.core.webui.keyword.WebUiBuiltInKeywords$click$3.call(Unknown Source)
	at census_hbi.run(census_hbi:20)
	at com.kms.katalon.core.main.ScriptEngine.run(ScriptEngine.java:194)
	at com.kms.katalon.core.main.ScriptEngine.runScriptAsRawText(ScriptEngine.java:119)
	at com.kms.katalon.core.main.TestCaseExecutor.runScript(TestCaseExecutor.java:328)
	at com.kms.katalon.core.main.TestCaseExecutor.doExecute(TestCaseExecutor.java:319)
	at com.kms.katalon.core.main.TestCaseExecutor.processExecutionPhase(TestCaseExecutor.java:298)
	at com.kms.katalon.core.main.TestCaseExecutor.accessMainPhase(TestCaseExecutor.java:290)
	at com.kms.katalon.core.main.TestCaseExecutor.execute(TestCaseExecutor.java:224)
	at com.kms.katalon.core.main.TestCaseMain.runTestCase(TestCaseMain.java:106)
	at com.kms.katalon.core.keyword.builtin.CallTestCaseKeyword$_callTestCase_closure1.doCall(CallTestCaseKeyword.groovy:59)
	at com.kms.katalon.core.keyword.builtin.CallTestCaseKeyword$_callTestCase_closure1.call(CallTestCaseKeyword.groovy)
	at com.kms.katalon.core.keyword.internal.KeywordMain.runKeyword(KeywordMain.groovy:54)
	at com.kms.katalon.core.keyword.builtin.CallTestCaseKeyword.callTestCase(CallTestCaseKeyword.groovy:80)
	at com.kms.katalon.core.keyword.builtin.CallTestCaseKeyword.execute(CallTestCaseKeyword.groovy:44)
	at com.kms.katalon.core.keyword.internal.KeywordExecutor.executeKeywordForPlatform(KeywordExecutor.groovy:53)
	at com.kms.katalon.core.keyword.BuiltinKeywords.callTestCase(BuiltinKeywords.groovy:334)
	at Agile One.run(Agile One:27)
	at com.kms.katalon.core.main.ScriptEngine.run(ScriptEngine.java:194)
	at com.kms.katalon.core.main.ScriptEngine.runScriptAsRawText(ScriptEngine.java:119)
	at com.kms.katalon.core.main.TestCaseExecutor.runScript(TestCaseExecutor.java:328)
	at com.kms.katalon.core.main.TestCaseExecutor.doExecute(TestCaseExecutor.java:319)
	at com.kms.katalon.core.main.TestCaseExecutor.processExecutionPhase(TestCaseExecutor.java:298)
	at com.kms.katalon.core.main.TestCaseExecutor.accessMainPhase(TestCaseExecutor.java:290)
	at com.kms.katalon.core.main.TestCaseExecutor.execute(TestCaseExecutor.java:224)
	at com.kms.katalon.core.main.TestSuiteExecutor.accessTestCaseMainPhase(TestSuiteExecutor.java:129)
	at com.kms.katalon.core.main.TestSuiteExecutor.accessTestSuiteMainPhase(TestSuiteExecutor.java:112)
	at com.kms.katalon.core.main.TestSuiteExecutor.execute(TestSuiteExecutor.java:81)
	at com.kms.katalon.core.main.TestCaseMain.startTestSuite(TestCaseMain.java:149)
	at com.kms.katalon.core.main.TestCaseMain$startTestSuite$0.call(Unknown Source)
	at TempTestSuite1552298249283.run(TempTestSuite1552298249283.groovy:36)
"/>
         <system-out><![CDATA[2019-03-11 17:57:55 - [TEST_CASE][FAILED] - Test Cases/mobileWeb/HBI/Agile One: Test Cases/mobileWeb/HBI/Agile One FAILED.
Reason:
com.kms.katalon.core.exception.StepFailedException: Unable to click on object 'Object Repository/mobileSanity/Common/side_nav/nav_hbi' (Root cause: org.openqa.selenium.ElementNotVisibleException: element not interactable
  (Session info: chrome=72.0.3626.121)
  (Driver info: chromedriver=2.43.600229 (3fae4d0cda5334b4f533bede5a4787f7b832d052),platform=Mac OS X 10.14.2 x86_64) (WARNING: The server did not provide any stacktrace information)
Command duration or timeout: 0 milliseconds
Build info: version: '3.7.1', revision: '8a0099a', time: '2017-11-06T21:07:36.161Z'
System info: host: 'Deniss-MacBook-Pro.local', ip: 'fe80:0:0:0:18db:5ed3:b3d6:93e7%en0', os.name: 'Mac OS X', os.arch: 'x86_64', os.version: '10.14.2', java.version: '1.8.0_181'
Driver info: com.kms.katalon.selenium.driver.CChromeDriver
Capabilities {acceptInsecureCerts: false, acceptSslCerts: false, applicationCacheEnabled: false, browserConnectionEnabled: false, browserName: chrome, chrome: {chromedriverVersion: 2.43.600229 (3fae4d0cda5334..., userDataDir: /var/folders/95/4qsvf70n5s5...}, cssSelectorsEnabled: true, databaseEnabled: false, goog:chromeOptions: {debuggerAddress: localhost:54892}, handlesAlerts: true, hasTouchScreen: true, javascriptEnabled: true, locationContextEnabled: true, mobileEmulationEnabled: true, nativeEvents: true, networkConnectionEnabled: false, pageLoadStrategy: normal, platform: MAC, platformName: MAC, rotatable: false, setWindowRect: true, takesHeapSnapshot: true, takesScreenshot: true, unexpectedAlertBehaviour: , unhandledPromptBehavior: , version: 72.0.3626.121, webStorageEnabled: true}
Session ID: 6dcd4efa18b40b20b5bdd00008723992)
	at com.kms.katalon.core.keyword.internal.KeywordMain.stepFailed(KeywordMain.groovy:36)
	at com.kms.katalon.core.webui.keyword.internal.WebUIKeywordMain.stepFailed(WebUIKeywordMain.groovy:65)
	at com.kms.katalon.core.webui.keyword.internal.WebUIKeywordMain.runKeyword(WebUIKeywordMain.groovy:27)
	at com.kms.katalon.core.webui.keyword.builtin.ClickKeyword.click(ClickKeyword.groovy:86)
	at com.kms.katalon.core.webui.keyword.builtin.ClickKeyword.execute(ClickKeyword.groovy:67)
	at com.kms.katalon.core.keyword.internal.KeywordExecutor.executeKeywordForPlatform(KeywordExecutor.groovy:53)
	at com.kms.katalon.core.webui.keyword.WebUiBuiltInKeywords.click(WebUiBuiltInKeywords.groovy:616)
	at com.kms.katalon.core.webui.keyword.WebUiBuiltInKeywords$click$3.call(Unknown Source)
	at census_hbi.run(census_hbi:20)
	at com.kms.katalon.core.main.ScriptEngine.run(ScriptEngine.java:194)
	at com.kms.katalon.core.main.ScriptEngine.runScriptAsRawText(ScriptEngine.java:119)
	at com.kms.katalon.core.main.TestCaseExecutor.runScript(TestCaseExecutor.java:328)
	at com.kms.katalon.core.main.TestCaseExecutor.doExecute(TestCaseExecutor.java:319)
	at com.kms.katalon.core.main.TestCaseExecutor.processExecutionPhase(TestCaseExecutor.java:298)
	at com.kms.katalon.core.main.TestCaseExecutor.accessMainPhase(TestCaseExecutor.java:290)
	at com.kms.katalon.core.main.TestCaseExecutor.execute(TestCaseExecutor.java:224)
	at com.kms.katalon.core.main.TestCaseMain.runTestCase(TestCaseMain.java:106)
	at com.kms.katalon.core.keyword.builtin.CallTestCaseKeyword$_callTestCase_closure1.doCall(CallTestCaseKeyword.groovy:59)
	at com.kms.katalon.core.keyword.builtin.CallTestCaseKeyword$_callTestCase_closure1.call(CallTestCaseKeyword.groovy)
	at com.kms.katalon.core.keyword.internal.KeywordMain.runKeyword(KeywordMain.groovy:54)
	at com.kms.katalon.core.keyword.builtin.CallTestCaseKeyword.callTestCase(CallTestCaseKeyword.groovy:80)
	at com.kms.katalon.core.keyword.builtin.CallTestCaseKeyword.execute(CallTestCaseKeyword.groovy:44)
	at com.kms.katalon.core.keyword.internal.KeywordExecutor.executeKeywordForPlatform(KeywordExecutor.groovy:53)
	at com.kms.katalon.core.keyword.BuiltinKeywords.callTestCase(BuiltinKeywords.groovy:334)
	at Agile One.run(Agile One:27)
	at com.kms.katalon.core.main.ScriptEngine.run(ScriptEngine.java:194)
	at com.kms.katalon.core.main.ScriptEngine.runScriptAsRawText(ScriptEngine.java:119)
	at com.kms.katalon.core.main.TestCaseExecutor.runScript(TestCaseExecutor.java:328)
	at com.kms.katalon.core.main.TestCaseExecutor.doExecute(TestCaseExecutor.java:319)
	at com.kms.katalon.core.main.TestCaseExecutor.processExecutionPhase(TestCaseExecutor.java:298)
	at com.kms.katalon.core.main.TestCaseExecutor.accessMainPhase(TestCaseExecutor.java:290)
	at com.kms.katalon.core.main.TestCaseExecutor.execute(TestCaseExecutor.java:224)
	at com.kms.katalon.core.main.TestSuiteExecutor.accessTestCaseMainPhase(TestSuiteExecutor.java:129)
	at com.kms.katalon.core.main.TestSuiteExecutor.accessTestSuiteMainPhase(TestSuiteExecutor.java:112)
	at com.kms.katalon.core.main.TestSuiteExecutor.execute(TestSuiteExecutor.java:81)
	at com.kms.katalon.core.main.TestCaseMain.startTestSuite(TestCaseMain.java:149)
	at com.kms.katalon.core.main.TestCaseMain$startTestSuite$0.call(Unknown Source)
	at TempTestSuite1552298249283.run(TempTestSuite1552298249283.groovy:36)


2019-03-11 17:57:56 - [TEST_STEP][PASSED] - now = new java.util.Date(): null

2019-03-11 17:57:56 - [TEST_STEP][PASSED] - mydate = now.format("yyyyMMdd_HHmmss"): null

2019-03-11 17:57:56 - [TEST_STEP][PASSED] - screenPath = hbiPath + "Agile One/" + mydate + "/": null

2019-03-11 17:57:56 - [TEST_STEP][PASSED] - i = 0: null

2019-03-11 17:57:56 - [TEST_STEP][PASSED] - callTestCase(findTestCase("mobileWeb/_include/openWebSite"), [:], CONTINUE_ON_FAILURE): Call Test Case 'Test Cases/mobileWeb/_include/openWebSite' successfully

2019-03-11 17:57:56 - [TEST_CASE][PASSED] - Test Cases/mobileWeb/_include/openWebSite: Test Cases/mobileWeb/_include/openWebSite

2019-03-11 17:57:56 - [TEST_STEP][PASSED] - openBrowser(""): Browser is opened with url: ''

2019-03-11 17:57:58 - [MESSAGE][INFO] - Starting 'Chrome' driver

2019-03-11 17:57:58 - [MESSAGE][INFO] - User set preference: ['mobileEmulation', '{deviceName=iPhone 8}']

2019-03-11 17:57:58 - [MESSAGE][INFO] - User set preference: ['args', '[--incognito, --aggressive-cache-discard]']

2019-03-11 17:57:58 - [MESSAGE][INFO] - Action delay is set to 0 seconds

2019-03-11 17:58:05 - [MESSAGE][PASSED] - Browser is opened with url: ''

2019-03-11 17:58:05 - [TEST_STEP][PASSED] - navigateToUrl(ENV): Navigate to 'https://praetemptatus.agilehealthinsurance.com' successfully

2019-03-11 17:58:38 - [MESSAGE][PASSED] - Navigate to 'https://praetemptatus.agilehealthinsurance.com' successfully

2019-03-11 17:58:38 - [TEST_STEP][PASSED] - waitForPageLoad(10): Wait for page load successfully

2019-03-11 17:58:38 - [MESSAGE][PASSED] - Wait for page load successfully

2019-03-11 17:58:38 - [TEST_STEP][PASSED] - callTestCase(findTestCase("mobileWeb/_include/get_screenshot"), [:], STOP_ON_FAILURE): Call Test Case 'Test Cases/mobileWeb/_include/get_screenshot' successfully

2019-03-11 17:58:38 - [TEST_CASE][PASSED] - Test Cases/mobileWeb/_include/get_screenshot: Test Cases/mobileWeb/_include/get_screenshot

2019-03-11 17:58:38 - [TEST_STEP][PASSED] - takeScreenshot(screenPath + i + ".png"): Taking screenshot successfully

2019-03-11 17:58:39 - [MESSAGE][PASSED] - Taking screenshot successfully
[[ATTACHMENT|../Screenshots/mobileWeb/hbi/Agile One/20190311_175756/0.png]]

2019-03-11 17:58:39 - [TEST_STEP][PASSED] - (internal.GlobalVariable.i++): null

2019-03-11 17:58:39 - [MESSAGE][PASSED] - Call Test Case 'Test Cases/mobileWeb/_include/get_screenshot' successfully

2019-03-11 17:58:39 - [MESSAGE][PASSED] - Call Test Case 'Test Cases/mobileWeb/_include/openWebSite' successfully

2019-03-11 17:58:39 - [TEST_STEP][FAILED] - callTestCase(findTestCase("mobileWeb/_include/census_hbi"), [:], CONTINUE_ON_FAILURE): Unable to call Test Case 'Test Cases/mobileWeb/_include/census_hbi' (Root cause: com.kms.katalon.core.exception.StepFailedException: Call Test Case 'Test Cases/mobileWeb/_include/census_hbi' failed)

2019-03-11 17:58:39 - [TEST_CASE][FAILED] - Test Cases/mobileWeb/_include/census_hbi: Test Cases/mobileWeb/_include/census_hbi FAILED.
Reason:
com.kms.katalon.core.exception.StepFailedException: Unable to click on object 'Object Repository/mobileSanity/Common/side_nav/nav_hbi' (Root cause: org.openqa.selenium.ElementNotVisibleException: element not interactable
  (Session info: chrome=72.0.3626.121)
  (Driver info: chromedriver=2.43.600229 (3fae4d0cda5334b4f533bede5a4787f7b832d052),platform=Mac OS X 10.14.2 x86_64) (WARNING: The server did not provide any stacktrace information)
Command duration or timeout: 0 milliseconds
Build info: version: '3.7.1', revision: '8a0099a', time: '2017-11-06T21:07:36.161Z'
System info: host: 'Deniss-MacBook-Pro.local', ip: 'fe80:0:0:0:18db:5ed3:b3d6:93e7%en0', os.name: 'Mac OS X', os.arch: 'x86_64', os.version: '10.14.2', java.version: '1.8.0_181'
Driver info: com.kms.katalon.selenium.driver.CChromeDriver
Capabilities {acceptInsecureCerts: false, acceptSslCerts: false, applicationCacheEnabled: false, browserConnectionEnabled: false, browserName: chrome, chrome: {chromedriverVersion: 2.43.600229 (3fae4d0cda5334..., userDataDir: /var/folders/95/4qsvf70n5s5...}, cssSelectorsEnabled: true, databaseEnabled: false, goog:chromeOptions: {debuggerAddress: localhost:54892}, handlesAlerts: true, hasTouchScreen: true, javascriptEnabled: true, locationContextEnabled: true, mobileEmulationEnabled: true, nativeEvents: true, networkConnectionEnabled: false, pageLoadStrategy: normal, platform: MAC, platformName: MAC, rotatable: false, setWindowRect: true, takesHeapSnapshot: true, takesScreenshot: true, unexpectedAlertBehaviour: , unhandledPromptBehavior: , version: 72.0.3626.121, webStorageEnabled: true}
Session ID: 6dcd4efa18b40b20b5bdd00008723992)
	at com.kms.katalon.core.keyword.internal.KeywordMain.stepFailed(KeywordMain.groovy:36)
	at com.kms.katalon.core.webui.keyword.internal.WebUIKeywordMain.stepFailed(WebUIKeywordMain.groovy:65)
	at com.kms.katalon.core.webui.keyword.internal.WebUIKeywordMain.runKeyword(WebUIKeywordMain.groovy:27)
	at com.kms.katalon.core.webui.keyword.builtin.ClickKeyword.click(ClickKeyword.groovy:86)
	at com.kms.katalon.core.webui.keyword.builtin.ClickKeyword.execute(ClickKeyword.groovy:67)
	at com.kms.katalon.core.keyword.internal.KeywordExecutor.executeKeywordForPlatform(KeywordExecutor.groovy:53)
	at com.kms.katalon.core.webui.keyword.WebUiBuiltInKeywords.click(WebUiBuiltInKeywords.groovy:616)
	at com.kms.katalon.core.webui.keyword.WebUiBuiltInKeywords$click$3.call(Unknown Source)
	at census_hbi.run(census_hbi:20)
	at com.kms.katalon.core.main.ScriptEngine.run(ScriptEngine.java:194)
	at com.kms.katalon.core.main.ScriptEngine.runScriptAsRawText(ScriptEngine.java:119)
	at com.kms.katalon.core.main.TestCaseExecutor.runScript(TestCaseExecutor.java:328)
	at com.kms.katalon.core.main.TestCaseExecutor.doExecute(TestCaseExecutor.java:319)
	at com.kms.katalon.core.main.TestCaseExecutor.processExecutionPhase(TestCaseExecutor.java:298)
	at com.kms.katalon.core.main.TestCaseExecutor.accessMainPhase(TestCaseExecutor.java:290)
	at com.kms.katalon.core.main.TestCaseExecutor.execute(TestCaseExecutor.java:224)
	at com.kms.katalon.core.main.TestCaseMain.runTestCase(TestCaseMain.java:106)
	at com.kms.katalon.core.keyword.builtin.CallTestCaseKeyword$_callTestCase_closure1.doCall(CallTestCaseKeyword.groovy:59)
	at com.kms.katalon.core.keyword.builtin.CallTestCaseKeyword$_callTestCase_closure1.call(CallTestCaseKeyword.groovy)
	at com.kms.katalon.core.keyword.internal.KeywordMain.runKeyword(KeywordMain.groovy:54)
	at com.kms.katalon.core.keyword.builtin.CallTestCaseKeyword.callTestCase(CallTestCaseKeyword.groovy:80)
	at com.kms.katalon.core.keyword.builtin.CallTestCaseKeyword.execute(CallTestCaseKeyword.groovy:44)
	at com.kms.katalon.core.keyword.internal.KeywordExecutor.executeKeywordForPlatform(KeywordExecutor.groovy:53)
	at com.kms.katalon.core.keyword.BuiltinKeywords.callTestCase(BuiltinKeywords.groovy:334)
	at Agile One.run(Agile One:27)
	at com.kms.katalon.core.main.ScriptEngine.run(ScriptEngine.java:194)
	at com.kms.katalon.core.main.ScriptEngine.runScriptAsRawText(ScriptEngine.java:119)
	at com.kms.katalon.core.main.TestCaseExecutor.runScript(TestCaseExecutor.java:328)
	at com.kms.katalon.core.main.TestCaseExecutor.doExecute(TestCaseExecutor.java:319)
	at com.kms.katalon.core.main.TestCaseExecutor.processExecutionPhase(TestCaseExecutor.java:298)
	at com.kms.katalon.core.main.TestCaseExecutor.accessMainPhase(TestCaseExecutor.java:290)
	at com.kms.katalon.core.main.TestCaseExecutor.execute(TestCaseExecutor.java:224)
	at com.kms.katalon.core.main.TestSuiteExecutor.accessTestCaseMainPhase(TestSuiteExecutor.java:129)
	at com.kms.katalon.core.main.TestSuiteExecutor.accessTestSuiteMainPhase(TestSuiteExecutor.java:112)
	at com.kms.katalon.core.main.TestSuiteExecutor.execute(TestSuiteExecutor.java:81)
	at com.kms.katalon.core.main.TestCaseMain.startTestSuite(TestCaseMain.java:149)
	at com.kms.katalon.core.main.TestCaseMain$startTestSuite$0.call(Unknown Source)
	at TempTestSuite1552298249283.run(TempTestSuite1552298249283.groovy:36)


2019-03-11 17:58:39 - [TEST_STEP][PASSED] - click(findTestObject("mobileSanity/Common/side_nav/menu")): Object: 'Object Repository/mobileSanity/Common/side_nav/menu' is clicked on

2019-03-11 17:58:40 - [MESSAGE][PASSED] - Object: 'Object Repository/mobileSanity/Common/side_nav/menu' is clicked on

2019-03-11 17:58:40 - [TEST_STEP][PASSED] - Thread.sleep(3000): null

2019-03-11 17:58:43 - [TEST_STEP][FAILED] - click(findTestObject("mobileSanity/Common/side_nav/nav_hbi")): click(findTestObject("mobileSanity/Common/side_nav/nav_hbi")) FAILED.
Reason:
com.kms.katalon.core.exception.StepFailedException: Unable to click on object 'Object Repository/mobileSanity/Common/side_nav/nav_hbi' (Root cause: org.openqa.selenium.ElementNotVisibleException: element not interactable
  (Session info: chrome=72.0.3626.121)
  (Driver info: chromedriver=2.43.600229 (3fae4d0cda5334b4f533bede5a4787f7b832d052),platform=Mac OS X 10.14.2 x86_64) (WARNING: The server did not provide any stacktrace information)
Command duration or timeout: 0 milliseconds
Build info: version: '3.7.1', revision: '8a0099a', time: '2017-11-06T21:07:36.161Z'
System info: host: 'Deniss-MacBook-Pro.local', ip: 'fe80:0:0:0:18db:5ed3:b3d6:93e7%en0', os.name: 'Mac OS X', os.arch: 'x86_64', os.version: '10.14.2', java.version: '1.8.0_181'
Driver info: com.kms.katalon.selenium.driver.CChromeDriver
Capabilities {acceptInsecureCerts: false, acceptSslCerts: false, applicationCacheEnabled: false, browserConnectionEnabled: false, browserName: chrome, chrome: {chromedriverVersion: 2.43.600229 (3fae4d0cda5334..., userDataDir: /var/folders/95/4qsvf70n5s5...}, cssSelectorsEnabled: true, databaseEnabled: false, goog:chromeOptions: {debuggerAddress: localhost:54892}, handlesAlerts: true, hasTouchScreen: true, javascriptEnabled: true, locationContextEnabled: true, mobileEmulationEnabled: true, nativeEvents: true, networkConnectionEnabled: false, pageLoadStrategy: normal, platform: MAC, platformName: MAC, rotatable: false, setWindowRect: true, takesHeapSnapshot: true, takesScreenshot: true, unexpectedAlertBehaviour: , unhandledPromptBehavior: , version: 72.0.3626.121, webStorageEnabled: true}
Session ID: 6dcd4efa18b40b20b5bdd00008723992)
	at com.kms.katalon.core.keyword.internal.KeywordMain.stepFailed(KeywordMain.groovy:36)
	at com.kms.katalon.core.webui.keyword.internal.WebUIKeywordMain.stepFailed(WebUIKeywordMain.groovy:65)
	at com.kms.katalon.core.webui.keyword.internal.WebUIKeywordMain.runKeyword(WebUIKeywordMain.groovy:27)
	at com.kms.katalon.core.webui.keyword.builtin.ClickKeyword.click(ClickKeyword.groovy:86)
	at com.kms.katalon.core.webui.keyword.builtin.ClickKeyword.execute(ClickKeyword.groovy:67)
	at com.kms.katalon.core.keyword.internal.KeywordExecutor.executeKeywordForPlatform(KeywordExecutor.groovy:53)
	at com.kms.katalon.core.webui.keyword.WebUiBuiltInKeywords.click(WebUiBuiltInKeywords.groovy:616)
	at com.kms.katalon.core.webui.keyword.WebUiBuiltInKeywords$click$3.call(Unknown Source)
	at census_hbi.run(census_hbi:20)
	at com.kms.katalon.core.main.ScriptEngine.run(ScriptEngine.java:194)
	at com.kms.katalon.core.main.ScriptEngine.runScriptAsRawText(ScriptEngine.java:119)
	at com.kms.katalon.core.main.TestCaseExecutor.runScript(TestCaseExecutor.java:328)
	at com.kms.katalon.core.main.TestCaseExecutor.doExecute(TestCaseExecutor.java:319)
	at com.kms.katalon.core.main.TestCaseExecutor.processExecutionPhase(TestCaseExecutor.java:298)
	at com.kms.katalon.core.main.TestCaseExecutor.accessMainPhase(TestCaseExecutor.java:290)
	at com.kms.katalon.core.main.TestCaseExecutor.execute(TestCaseExecutor.java:224)
	at com.kms.katalon.core.main.TestCaseMain.runTestCase(TestCaseMain.java:106)
	at com.kms.katalon.core.keyword.builtin.CallTestCaseKeyword$_callTestCase_closure1.doCall(CallTestCaseKeyword.groovy:59)
	at com.kms.katalon.core.keyword.builtin.CallTestCaseKeyword$_callTestCase_closure1.call(CallTestCaseKeyword.groovy)
	at com.kms.katalon.core.keyword.internal.KeywordMain.runKeyword(KeywordMain.groovy:54)
	at com.kms.katalon.core.keyword.builtin.CallTestCaseKeyword.callTestCase(CallTestCaseKeyword.groovy:80)
	at com.kms.katalon.core.keyword.builtin.CallTestCaseKeyword.execute(CallTestCaseKeyword.groovy:44)
	at com.kms.katalon.core.keyword.internal.KeywordExecutor.executeKeywordForPlatform(KeywordExecutor.groovy:53)
	at com.kms.katalon.core.keyword.BuiltinKeywords.callTestCase(BuiltinKeywords.groovy:334)
	at Agile One.run(Agile One:27)
	at com.kms.katalon.core.main.ScriptEngine.run(ScriptEngine.java:194)
	at com.kms.katalon.core.main.ScriptEngine.runScriptAsRawText(ScriptEngine.java:119)
	at com.kms.katalon.core.main.TestCaseExecutor.runScript(TestCaseExecutor.java:328)
	at com.kms.katalon.core.main.TestCaseExecutor.doExecute(TestCaseExecutor.java:319)
	at com.kms.katalon.core.main.TestCaseExecutor.processExecutionPhase(TestCaseExecutor.java:298)
	at com.kms.katalon.core.main.TestCaseExecutor.accessMainPhase(TestCaseExecutor.java:290)
	at com.kms.katalon.core.main.TestCaseExecutor.execute(TestCaseExecutor.java:224)
	at com.kms.katalon.core.main.TestSuiteExecutor.accessTestCaseMainPhase(TestSuiteExecutor.java:129)
	at com.kms.katalon.core.main.TestSuiteExecutor.accessTestSuiteMainPhase(TestSuiteExecutor.java:112)
	at com.kms.katalon.core.main.TestSuiteExecutor.execute(TestSuiteExecutor.java:81)
	at com.kms.katalon.core.main.TestCaseMain.startTestSuite(TestCaseMain.java:149)
	at com.kms.katalon.core.main.TestCaseMain$startTestSuite$0.call(Unknown Source)
	at TempTestSuite1552298249283.run(TempTestSuite1552298249283.groovy:36)


2019-03-11 17:58:43 - [MESSAGE][FAILED] - Unable to click on object 'Object Repository/mobileSanity/Common/side_nav/nav_hbi' (Root cause: org.openqa.selenium.ElementNotVisibleException: element not interactable
  (Session info: chrome=72.0.3626.121)
  (Driver info: chromedriver=2.43.600229 (3fae4d0cda5334b4f533bede5a4787f7b832d052),platform=Mac OS X 10.14.2 x86_64) (WARNING: The server did not provide any stacktrace information)
Command duration or timeout: 0 milliseconds
Build info: version: '3.7.1', revision: '8a0099a', time: '2017-11-06T21:07:36.161Z'
System info: host: 'Deniss-MacBook-Pro.local', ip: 'fe80:0:0:0:18db:5ed3:b3d6:93e7%en0', os.name: 'Mac OS X', os.arch: 'x86_64', os.version: '10.14.2', java.version: '1.8.0_181'
Driver info: com.kms.katalon.selenium.driver.CChromeDriver
Capabilities {acceptInsecureCerts: false, acceptSslCerts: false, applicationCacheEnabled: false, browserConnectionEnabled: false, browserName: chrome, chrome: {chromedriverVersion: 2.43.600229 (3fae4d0cda5334..., userDataDir: /var/folders/95/4qsvf70n5s5...}, cssSelectorsEnabled: true, databaseEnabled: false, goog:chromeOptions: {debuggerAddress: localhost:54892}, handlesAlerts: true, hasTouchScreen: true, javascriptEnabled: true, locationContextEnabled: true, mobileEmulationEnabled: true, nativeEvents: true, networkConnectionEnabled: false, pageLoadStrategy: normal, platform: MAC, platformName: MAC, rotatable: false, setWindowRect: true, takesHeapSnapshot: true, takesScreenshot: true, unexpectedAlertBehaviour: , unhandledPromptBehavior: , version: 72.0.3626.121, webStorageEnabled: true}
Session ID: 6dcd4efa18b40b20b5bdd00008723992)
[[ATTACHMENT|/Users/denisyu/workplace/test/AgileTest/Reports/mobileWeb/hbi/20190311_175719/1552298323205.png]]

2019-03-11 17:58:43 - [MESSAGE][FAILED] - click(findTestObject("mobileSanity/Common/side_nav/nav_hbi")) FAILED.
Reason:
com.kms.katalon.core.exception.StepFailedException: Unable to click on object 'Object Repository/mobileSanity/Common/side_nav/nav_hbi' (Root cause: org.openqa.selenium.ElementNotVisibleException: element not interactable
  (Session info: chrome=72.0.3626.121)
  (Driver info: chromedriver=2.43.600229 (3fae4d0cda5334b4f533bede5a4787f7b832d052),platform=Mac OS X 10.14.2 x86_64) (WARNING: The server did not provide any stacktrace information)
Command duration or timeout: 0 milliseconds
Build info: version: '3.7.1', revision: '8a0099a', time: '2017-11-06T21:07:36.161Z'
System info: host: 'Deniss-MacBook-Pro.local', ip: 'fe80:0:0:0:18db:5ed3:b3d6:93e7%en0', os.name: 'Mac OS X', os.arch: 'x86_64', os.version: '10.14.2', java.version: '1.8.0_181'
Driver info: com.kms.katalon.selenium.driver.CChromeDriver
Capabilities {acceptInsecureCerts: false, acceptSslCerts: false, applicationCacheEnabled: false, browserConnectionEnabled: false, browserName: chrome, chrome: {chromedriverVersion: 2.43.600229 (3fae4d0cda5334..., userDataDir: /var/folders/95/4qsvf70n5s5...}, cssSelectorsEnabled: true, databaseEnabled: false, goog:chromeOptions: {debuggerAddress: localhost:54892}, handlesAlerts: true, hasTouchScreen: true, javascriptEnabled: true, locationContextEnabled: true, mobileEmulationEnabled: true, nativeEvents: true, networkConnectionEnabled: false, pageLoadStrategy: normal, platform: MAC, platformName: MAC, rotatable: false, setWindowRect: true, takesHeapSnapshot: true, takesScreenshot: true, unexpectedAlertBehaviour: , unhandledPromptBehavior: , version: 72.0.3626.121, webStorageEnabled: true}
Session ID: 6dcd4efa18b40b20b5bdd00008723992)
	at com.kms.katalon.core.keyword.internal.KeywordMain.stepFailed(KeywordMain.groovy:36)
	at com.kms.katalon.core.webui.keyword.internal.WebUIKeywordMain.stepFailed(WebUIKeywordMain.groovy:65)
	at com.kms.katalon.core.webui.keyword.internal.WebUIKeywordMain.runKeyword(WebUIKeywordMain.groovy:27)
	at com.kms.katalon.core.webui.keyword.builtin.ClickKeyword.click(ClickKeyword.groovy:86)
	at com.kms.katalon.core.webui.keyword.builtin.ClickKeyword.execute(ClickKeyword.groovy:67)
	at com.kms.katalon.core.keyword.internal.KeywordExecutor.executeKeywordForPlatform(KeywordExecutor.groovy:53)
	at com.kms.katalon.core.webui.keyword.WebUiBuiltInKeywords.click(WebUiBuiltInKeywords.groovy:616)
	at com.kms.katalon.core.webui.keyword.WebUiBuiltInKeywords$click$3.call(Unknown Source)
	at census_hbi.run(census_hbi:20)
	at com.kms.katalon.core.main.ScriptEngine.run(ScriptEngine.java:194)
	at com.kms.katalon.core.main.ScriptEngine.runScriptAsRawText(ScriptEngine.java:119)
	at com.kms.katalon.core.main.TestCaseExecutor.runScript(TestCaseExecutor.java:328)
	at com.kms.katalon.core.main.TestCaseExecutor.doExecute(TestCaseExecutor.java:319)
	at com.kms.katalon.core.main.TestCaseExecutor.processExecutionPhase(TestCaseExecutor.java:298)
	at com.kms.katalon.core.main.TestCaseExecutor.accessMainPhase(TestCaseExecutor.java:290)
	at com.kms.katalon.core.main.TestCaseExecutor.execute(TestCaseExecutor.java:224)
	at com.kms.katalon.core.main.TestCaseMain.runTestCase(TestCaseMain.java:106)
	at com.kms.katalon.core.keyword.builtin.CallTestCaseKeyword$_callTestCase_closure1.doCall(CallTestCaseKeyword.groovy:59)
	at com.kms.katalon.core.keyword.builtin.CallTestCaseKeyword$_callTestCase_closure1.call(CallTestCaseKeyword.groovy)
	at com.kms.katalon.core.keyword.internal.KeywordMain.runKeyword(KeywordMain.groovy:54)
	at com.kms.katalon.core.keyword.builtin.CallTestCaseKeyword.callTestCase(CallTestCaseKeyword.groovy:80)
	at com.kms.katalon.core.keyword.builtin.CallTestCaseKeyword.execute(CallTestCaseKeyword.groovy:44)
	at com.kms.katalon.core.keyword.internal.KeywordExecutor.executeKeywordForPlatform(KeywordExecutor.groovy:53)
	at com.kms.katalon.core.keyword.BuiltinKeywords.callTestCase(BuiltinKeywords.groovy:334)
	at Agile One.run(Agile One:27)
	at com.kms.katalon.core.main.ScriptEngine.run(ScriptEngine.java:194)
	at com.kms.katalon.core.main.ScriptEngine.runScriptAsRawText(ScriptEngine.java:119)
	at com.kms.katalon.core.main.TestCaseExecutor.runScript(TestCaseExecutor.java:328)
	at com.kms.katalon.core.main.TestCaseExecutor.doExecute(TestCaseExecutor.java:319)
	at com.kms.katalon.core.main.TestCaseExecutor.processExecutionPhase(TestCaseExecutor.java:298)
	at com.kms.katalon.core.main.TestCaseExecutor.accessMainPhase(TestCaseExecutor.java:290)
	at com.kms.katalon.core.main.TestCaseExecutor.execute(TestCaseExecutor.java:224)
	at com.kms.katalon.core.main.TestSuiteExecutor.accessTestCaseMainPhase(TestSuiteExecutor.java:129)
	at com.kms.katalon.core.main.TestSuiteExecutor.accessTestSuiteMainPhase(TestSuiteExecutor.java:112)
	at com.kms.katalon.core.main.TestSuiteExecutor.execute(TestSuiteExecutor.java:81)
	at com.kms.katalon.core.main.TestCaseMain.startTestSuite(TestCaseMain.java:149)
	at com.kms.katalon.core.main.TestCaseMain$startTestSuite$0.call(Unknown Source)
	at TempTestSuite1552298249283.run(TempTestSuite1552298249283.groovy:36)


2019-03-11 17:58:43 - [MESSAGE][FAILED] - Unable to call Test Case 'Test Cases/mobileWeb/_include/census_hbi' (Root cause: com.kms.katalon.core.exception.StepFailedException: Call Test Case 'Test Cases/mobileWeb/_include/census_hbi' failed)

2019-03-11 17:58:43 - [TEST_STEP][PASSED] - Thread.sleep(5000): null

2019-03-11 17:58:48 - [TEST_STEP][PASSED] - scrollToPosition(200, 2300): Browser is scrolled to position x = 200, y = 2300

2019-03-11 17:58:48 - [MESSAGE][PASSED] - Browser is scrolled to position x = 200, y = 2300

2019-03-11 17:58:48 - [TEST_STEP][FAILED] - click(findTestObject("mobileSanity/HBI/quote/a_Agile One 750")): click(findTestObject("mobileSanity/HBI/quote/a_Agile One 750")) FAILED.
Reason:
com.kms.katalon.core.exception.StepFailedException: Unable to click on object 'Object Repository/mobileSanity/Common/side_nav/nav_hbi' (Root cause: org.openqa.selenium.ElementNotVisibleException: element not interactable
  (Session info: chrome=72.0.3626.121)
  (Driver info: chromedriver=2.43.600229 (3fae4d0cda5334b4f533bede5a4787f7b832d052),platform=Mac OS X 10.14.2 x86_64) (WARNING: The server did not provide any stacktrace information)
Command duration or timeout: 0 milliseconds
Build info: version: '3.7.1', revision: '8a0099a', time: '2017-11-06T21:07:36.161Z'
System info: host: 'Deniss-MacBook-Pro.local', ip: 'fe80:0:0:0:18db:5ed3:b3d6:93e7%en0', os.name: 'Mac OS X', os.arch: 'x86_64', os.version: '10.14.2', java.version: '1.8.0_181'
Driver info: com.kms.katalon.selenium.driver.CChromeDriver
Capabilities {acceptInsecureCerts: false, acceptSslCerts: false, applicationCacheEnabled: false, browserConnectionEnabled: false, browserName: chrome, chrome: {chromedriverVersion: 2.43.600229 (3fae4d0cda5334..., userDataDir: /var/folders/95/4qsvf70n5s5...}, cssSelectorsEnabled: true, databaseEnabled: false, goog:chromeOptions: {debuggerAddress: localhost:54892}, handlesAlerts: true, hasTouchScreen: true, javascriptEnabled: true, locationContextEnabled: true, mobileEmulationEnabled: true, nativeEvents: true, networkConnectionEnabled: false, pageLoadStrategy: normal, platform: MAC, platformName: MAC, rotatable: false, setWindowRect: true, takesHeapSnapshot: true, takesScreenshot: true, unexpectedAlertBehaviour: , unhandledPromptBehavior: , version: 72.0.3626.121, webStorageEnabled: true}
Session ID: 6dcd4efa18b40b20b5bdd00008723992)
	at com.kms.katalon.core.keyword.internal.KeywordMain.stepFailed(KeywordMain.groovy:36)
	at com.kms.katalon.core.webui.keyword.internal.WebUIKeywordMain.stepFailed(WebUIKeywordMain.groovy:65)
	at com.kms.katalon.core.webui.keyword.internal.WebUIKeywordMain.runKeyword(WebUIKeywordMain.groovy:27)
	at com.kms.katalon.core.webui.keyword.builtin.ClickKeyword.click(ClickKeyword.groovy:86)
	at com.kms.katalon.core.webui.keyword.builtin.ClickKeyword.execute(ClickKeyword.groovy:67)
	at com.kms.katalon.core.keyword.internal.KeywordExecutor.executeKeywordForPlatform(KeywordExecutor.groovy:53)
	at com.kms.katalon.core.webui.keyword.WebUiBuiltInKeywords.click(WebUiBuiltInKeywords.groovy:616)
	at com.kms.katalon.core.webui.keyword.WebUiBuiltInKeywords$click$3.call(Unknown Source)
	at census_hbi.run(census_hbi:20)
	at com.kms.katalon.core.main.ScriptEngine.run(ScriptEngine.java:194)
	at com.kms.katalon.core.main.ScriptEngine.runScriptAsRawText(ScriptEngine.java:119)
	at com.kms.katalon.core.main.TestCaseExecutor.runScript(TestCaseExecutor.java:328)
	at com.kms.katalon.core.main.TestCaseExecutor.doExecute(TestCaseExecutor.java:319)
	at com.kms.katalon.core.main.TestCaseExecutor.processExecutionPhase(TestCaseExecutor.java:298)
	at com.kms.katalon.core.main.TestCaseExecutor.accessMainPhase(TestCaseExecutor.java:290)
	at com.kms.katalon.core.main.TestCaseExecutor.execute(TestCaseExecutor.java:224)
	at com.kms.katalon.core.main.TestCaseMain.runTestCase(TestCaseMain.java:106)
	at com.kms.katalon.core.keyword.builtin.CallTestCaseKeyword$_callTestCase_closure1.doCall(CallTestCaseKeyword.groovy:59)
	at com.kms.katalon.core.keyword.builtin.CallTestCaseKeyword$_callTestCase_closure1.call(CallTestCaseKeyword.groovy)
	at com.kms.katalon.core.keyword.internal.KeywordMain.runKeyword(KeywordMain.groovy:54)
	at com.kms.katalon.core.keyword.builtin.CallTestCaseKeyword.callTestCase(CallTestCaseKeyword.groovy:80)
	at com.kms.katalon.core.keyword.builtin.CallTestCaseKeyword.execute(CallTestCaseKeyword.groovy:44)
	at com.kms.katalon.core.keyword.internal.KeywordExecutor.executeKeywordForPlatform(KeywordExecutor.groovy:53)
	at com.kms.katalon.core.keyword.BuiltinKeywords.callTestCase(BuiltinKeywords.groovy:334)
	at Agile One.run(Agile One:27)
	at com.kms.katalon.core.main.ScriptEngine.run(ScriptEngine.java:194)
	at com.kms.katalon.core.main.ScriptEngine.runScriptAsRawText(ScriptEngine.java:119)
	at com.kms.katalon.core.main.TestCaseExecutor.runScript(TestCaseExecutor.java:328)
	at com.kms.katalon.core.main.TestCaseExecutor.doExecute(TestCaseExecutor.java:319)
	at com.kms.katalon.core.main.TestCaseExecutor.processExecutionPhase(TestCaseExecutor.java:298)
	at com.kms.katalon.core.main.TestCaseExecutor.accessMainPhase(TestCaseExecutor.java:290)
	at com.kms.katalon.core.main.TestCaseExecutor.execute(TestCaseExecutor.java:224)
	at com.kms.katalon.core.main.TestSuiteExecutor.accessTestCaseMainPhase(TestSuiteExecutor.java:129)
	at com.kms.katalon.core.main.TestSuiteExecutor.accessTestSuiteMainPhase(TestSuiteExecutor.java:112)
	at com.kms.katalon.core.main.TestSuiteExecutor.execute(TestSuiteExecutor.java:81)
	at com.kms.katalon.core.main.TestCaseMain.startTestSuite(TestCaseMain.java:149)
	at com.kms.katalon.core.main.TestCaseMain$startTestSuite$0.call(Unknown Source)
	at TempTestSuite1552298249283.run(TempTestSuite1552298249283.groovy:36)


2019-03-11 17:59:09 - [MESSAGE][INFO] - Unable to find the element located by 'By.xpath: //li[@class='js-plan plan js-plan-responsive' and @data-id='agileone-al-750']/div[2]/table/tbody/tr/td/a'. Please recheck the objects properties to make sure the desired element is located. 

2019-03-11 17:59:09 - [MESSAGE][FAILED] - Unable to click on object 'Object Repository/mobileSanity/HBI/quote/a_Agile One 750' (Root cause: com.kms.katalon.core.webui.exception.WebElementNotFoundException: Web element with id: 'Object Repository/mobileSanity/HBI/quote/a_Agile One 750' located by 'By.xpath: //li[@class='js-plan plan js-plan-responsive' and @data-id='agileone-al-750']/div[2]/table/tbody/tr/td/a' not found)
[[ATTACHMENT|/Users/denisyu/workplace/test/AgileTest/Reports/mobileWeb/hbi/20190311_175719/1552298349247.png]]

2019-03-11 17:59:09 - [MESSAGE][FAILED] - click(findTestObject("mobileSanity/HBI/quote/a_Agile One 750")) FAILED.
Reason:
com.kms.katalon.core.exception.StepFailedException: Unable to click on object 'Object Repository/mobileSanity/Common/side_nav/nav_hbi' (Root cause: org.openqa.selenium.ElementNotVisibleException: element not interactable
  (Session info: chrome=72.0.3626.121)
  (Driver info: chromedriver=2.43.600229 (3fae4d0cda5334b4f533bede5a4787f7b832d052),platform=Mac OS X 10.14.2 x86_64) (WARNING: The server did not provide any stacktrace information)
Command duration or timeout: 0 milliseconds
Build info: version: '3.7.1', revision: '8a0099a', time: '2017-11-06T21:07:36.161Z'
System info: host: 'Deniss-MacBook-Pro.local', ip: 'fe80:0:0:0:18db:5ed3:b3d6:93e7%en0', os.name: 'Mac OS X', os.arch: 'x86_64', os.version: '10.14.2', java.version: '1.8.0_181'
Driver info: com.kms.katalon.selenium.driver.CChromeDriver
Capabilities {acceptInsecureCerts: false, acceptSslCerts: false, applicationCacheEnabled: false, browserConnectionEnabled: false, browserName: chrome, chrome: {chromedriverVersion: 2.43.600229 (3fae4d0cda5334..., userDataDir: /var/folders/95/4qsvf70n5s5...}, cssSelectorsEnabled: true, databaseEnabled: false, goog:chromeOptions: {debuggerAddress: localhost:54892}, handlesAlerts: true, hasTouchScreen: true, javascriptEnabled: true, locationContextEnabled: true, mobileEmulationEnabled: true, nativeEvents: true, networkConnectionEnabled: false, pageLoadStrategy: normal, platform: MAC, platformName: MAC, rotatable: false, setWindowRect: true, takesHeapSnapshot: true, takesScreenshot: true, unexpectedAlertBehaviour: , unhandledPromptBehavior: , version: 72.0.3626.121, webStorageEnabled: true}
Session ID: 6dcd4efa18b40b20b5bdd00008723992)
	at com.kms.katalon.core.keyword.internal.KeywordMain.stepFailed(KeywordMain.groovy:36)
	at com.kms.katalon.core.webui.keyword.internal.WebUIKeywordMain.stepFailed(WebUIKeywordMain.groovy:65)
	at com.kms.katalon.core.webui.keyword.internal.WebUIKeywordMain.runKeyword(WebUIKeywordMain.groovy:27)
	at com.kms.katalon.core.webui.keyword.builtin.ClickKeyword.click(ClickKeyword.groovy:86)
	at com.kms.katalon.core.webui.keyword.builtin.ClickKeyword.execute(ClickKeyword.groovy:67)
	at com.kms.katalon.core.keyword.internal.KeywordExecutor.executeKeywordForPlatform(KeywordExecutor.groovy:53)
	at com.kms.katalon.core.webui.keyword.WebUiBuiltInKeywords.click(WebUiBuiltInKeywords.groovy:616)
	at com.kms.katalon.core.webui.keyword.WebUiBuiltInKeywords$click$3.call(Unknown Source)
	at census_hbi.run(census_hbi:20)
	at com.kms.katalon.core.main.ScriptEngine.run(ScriptEngine.java:194)
	at com.kms.katalon.core.main.ScriptEngine.runScriptAsRawText(ScriptEngine.java:119)
	at com.kms.katalon.core.main.TestCaseExecutor.runScript(TestCaseExecutor.java:328)
	at com.kms.katalon.core.main.TestCaseExecutor.doExecute(TestCaseExecutor.java:319)
	at com.kms.katalon.core.main.TestCaseExecutor.processExecutionPhase(TestCaseExecutor.java:298)
	at com.kms.katalon.core.main.TestCaseExecutor.accessMainPhase(TestCaseExecutor.java:290)
	at com.kms.katalon.core.main.TestCaseExecutor.execute(TestCaseExecutor.java:224)
	at com.kms.katalon.core.main.TestCaseMain.runTestCase(TestCaseMain.java:106)
	at com.kms.katalon.core.keyword.builtin.CallTestCaseKeyword$_callTestCase_closure1.doCall(CallTestCaseKeyword.groovy:59)
	at com.kms.katalon.core.keyword.builtin.CallTestCaseKeyword$_callTestCase_closure1.call(CallTestCaseKeyword.groovy)
	at com.kms.katalon.core.keyword.internal.KeywordMain.runKeyword(KeywordMain.groovy:54)
	at com.kms.katalon.core.keyword.builtin.CallTestCaseKeyword.callTestCase(CallTestCaseKeyword.groovy:80)
	at com.kms.katalon.core.keyword.builtin.CallTestCaseKeyword.execute(CallTestCaseKeyword.groovy:44)
	at com.kms.katalon.core.keyword.internal.KeywordExecutor.executeKeywordForPlatform(KeywordExecutor.groovy:53)
	at com.kms.katalon.core.keyword.BuiltinKeywords.callTestCase(BuiltinKeywords.groovy:334)
	at Agile One.run(Agile One:27)
	at com.kms.katalon.core.main.ScriptEngine.run(ScriptEngine.java:194)
	at com.kms.katalon.core.main.ScriptEngine.runScriptAsRawText(ScriptEngine.java:119)
	at com.kms.katalon.core.main.TestCaseExecutor.runScript(TestCaseExecutor.java:328)
	at com.kms.katalon.core.main.TestCaseExecutor.doExecute(TestCaseExecutor.java:319)
	at com.kms.katalon.core.main.TestCaseExecutor.processExecutionPhase(TestCaseExecutor.java:298)
	at com.kms.katalon.core.main.TestCaseExecutor.accessMainPhase(TestCaseExecutor.java:290)
	at com.kms.katalon.core.main.TestCaseExecutor.execute(TestCaseExecutor.java:224)
	at com.kms.katalon.core.main.TestSuiteExecutor.accessTestCaseMainPhase(TestSuiteExecutor.java:129)
	at com.kms.katalon.core.main.TestSuiteExecutor.accessTestSuiteMainPhase(TestSuiteExecutor.java:112)
	at com.kms.katalon.core.main.TestSuiteExecutor.execute(TestSuiteExecutor.java:81)
	at com.kms.katalon.core.main.TestCaseMain.startTestSuite(TestCaseMain.java:149)
	at com.kms.katalon.core.main.TestCaseMain$startTestSuite$0.call(Unknown Source)
	at TempTestSuite1552298249283.run(TempTestSuite1552298249283.groovy:36)]]></system-out>
         <system-err><![CDATA[2019-03-11 17:57:55 - [TEST_CASE][FAILED] - Test Cases/mobileWeb/HBI/Agile One: Test Cases/mobileWeb/HBI/Agile One FAILED.
Reason:
com.kms.katalon.core.exception.StepFailedException: Unable to click on object 'Object Repository/mobileSanity/Common/side_nav/nav_hbi' (Root cause: org.openqa.selenium.ElementNotVisibleException: element not interactable
  (Session info: chrome=72.0.3626.121)
  (Driver info: chromedriver=2.43.600229 (3fae4d0cda5334b4f533bede5a4787f7b832d052),platform=Mac OS X 10.14.2 x86_64) (WARNING: The server did not provide any stacktrace information)
Command duration or timeout: 0 milliseconds
Build info: version: '3.7.1', revision: '8a0099a', time: '2017-11-06T21:07:36.161Z'
System info: host: 'Deniss-MacBook-Pro.local', ip: 'fe80:0:0:0:18db:5ed3:b3d6:93e7%en0', os.name: 'Mac OS X', os.arch: 'x86_64', os.version: '10.14.2', java.version: '1.8.0_181'
Driver info: com.kms.katalon.selenium.driver.CChromeDriver
Capabilities {acceptInsecureCerts: false, acceptSslCerts: false, applicationCacheEnabled: false, browserConnectionEnabled: false, browserName: chrome, chrome: {chromedriverVersion: 2.43.600229 (3fae4d0cda5334..., userDataDir: /var/folders/95/4qsvf70n5s5...}, cssSelectorsEnabled: true, databaseEnabled: false, goog:chromeOptions: {debuggerAddress: localhost:54892}, handlesAlerts: true, hasTouchScreen: true, javascriptEnabled: true, locationContextEnabled: true, mobileEmulationEnabled: true, nativeEvents: true, networkConnectionEnabled: false, pageLoadStrategy: normal, platform: MAC, platformName: MAC, rotatable: false, setWindowRect: true, takesHeapSnapshot: true, takesScreenshot: true, unexpectedAlertBehaviour: , unhandledPromptBehavior: , version: 72.0.3626.121, webStorageEnabled: true}
Session ID: 6dcd4efa18b40b20b5bdd00008723992)
	at com.kms.katalon.core.keyword.internal.KeywordMain.stepFailed(KeywordMain.groovy:36)
	at com.kms.katalon.core.webui.keyword.internal.WebUIKeywordMain.stepFailed(WebUIKeywordMain.groovy:65)
	at com.kms.katalon.core.webui.keyword.internal.WebUIKeywordMain.runKeyword(WebUIKeywordMain.groovy:27)
	at com.kms.katalon.core.webui.keyword.builtin.ClickKeyword.click(ClickKeyword.groovy:86)
	at com.kms.katalon.core.webui.keyword.builtin.ClickKeyword.execute(ClickKeyword.groovy:67)
	at com.kms.katalon.core.keyword.internal.KeywordExecutor.executeKeywordForPlatform(KeywordExecutor.groovy:53)
	at com.kms.katalon.core.webui.keyword.WebUiBuiltInKeywords.click(WebUiBuiltInKeywords.groovy:616)
	at com.kms.katalon.core.webui.keyword.WebUiBuiltInKeywords$click$3.call(Unknown Source)
	at census_hbi.run(census_hbi:20)
	at com.kms.katalon.core.main.ScriptEngine.run(ScriptEngine.java:194)
	at com.kms.katalon.core.main.ScriptEngine.runScriptAsRawText(ScriptEngine.java:119)
	at com.kms.katalon.core.main.TestCaseExecutor.runScript(TestCaseExecutor.java:328)
	at com.kms.katalon.core.main.TestCaseExecutor.doExecute(TestCaseExecutor.java:319)
	at com.kms.katalon.core.main.TestCaseExecutor.processExecutionPhase(TestCaseExecutor.java:298)
	at com.kms.katalon.core.main.TestCaseExecutor.accessMainPhase(TestCaseExecutor.java:290)
	at com.kms.katalon.core.main.TestCaseExecutor.execute(TestCaseExecutor.java:224)
	at com.kms.katalon.core.main.TestCaseMain.runTestCase(TestCaseMain.java:106)
	at com.kms.katalon.core.keyword.builtin.CallTestCaseKeyword$_callTestCase_closure1.doCall(CallTestCaseKeyword.groovy:59)
	at com.kms.katalon.core.keyword.builtin.CallTestCaseKeyword$_callTestCase_closure1.call(CallTestCaseKeyword.groovy)
	at com.kms.katalon.core.keyword.internal.KeywordMain.runKeyword(KeywordMain.groovy:54)
	at com.kms.katalon.core.keyword.builtin.CallTestCaseKeyword.callTestCase(CallTestCaseKeyword.groovy:80)
	at com.kms.katalon.core.keyword.builtin.CallTestCaseKeyword.execute(CallTestCaseKeyword.groovy:44)
	at com.kms.katalon.core.keyword.internal.KeywordExecutor.executeKeywordForPlatform(KeywordExecutor.groovy:53)
	at com.kms.katalon.core.keyword.BuiltinKeywords.callTestCase(BuiltinKeywords.groovy:334)
	at Agile One.run(Agile One:27)
	at com.kms.katalon.core.main.ScriptEngine.run(ScriptEngine.java:194)
	at com.kms.katalon.core.main.ScriptEngine.runScriptAsRawText(ScriptEngine.java:119)
	at com.kms.katalon.core.main.TestCaseExecutor.runScript(TestCaseExecutor.java:328)
	at com.kms.katalon.core.main.TestCaseExecutor.doExecute(TestCaseExecutor.java:319)
	at com.kms.katalon.core.main.TestCaseExecutor.processExecutionPhase(TestCaseExecutor.java:298)
	at com.kms.katalon.core.main.TestCaseExecutor.accessMainPhase(TestCaseExecutor.java:290)
	at com.kms.katalon.core.main.TestCaseExecutor.execute(TestCaseExecutor.java:224)
	at com.kms.katalon.core.main.TestSuiteExecutor.accessTestCaseMainPhase(TestSuiteExecutor.java:129)
	at com.kms.katalon.core.main.TestSuiteExecutor.accessTestSuiteMainPhase(TestSuiteExecutor.java:112)
	at com.kms.katalon.core.main.TestSuiteExecutor.execute(TestSuiteExecutor.java:81)
	at com.kms.katalon.core.main.TestCaseMain.startTestSuite(TestCaseMain.java:149)
	at com.kms.katalon.core.main.TestCaseMain$startTestSuite$0.call(Unknown Source)
	at TempTestSuite1552298249283.run(TempTestSuite1552298249283.groovy:36)]]></system-err>
      </testcase>
      <testcase name="Test Cases/mobileWeb/HBI/Legion Limited Medical" classname="Test Cases/mobileWeb/HBI/Legion Limited Medical" status="FAILED">
         <failure type="FAILED" message="Test Cases/mobileWeb/HBI/Legion Limited Medical FAILED.
Reason:
com.kms.katalon.core.exception.StepFailedException: Unable to click on object 'Object Repository/mobileSanity/HBI/Page_App Page 3/label' (Root cause: org.openqa.selenium.WebDriverException: unknown error: Element &lt;label for=&quot;consent-checkbox-0&quot;>&lt;/label> is not clickable at point (71, 654). Other element would receive the click: &lt;div class=&quot;col-md-11 terms-cell&quot; id=&quot;consent-checkbox-0-label&quot;>...&lt;/div>
  (Session info: chrome=72.0.3626.121)
  (Driver info: chromedriver=2.43.600229 (3fae4d0cda5334b4f533bede5a4787f7b832d052),platform=Mac OS X 10.14.2 x86_64) (WARNING: The server did not provide any stacktrace information)
Command duration or timeout: 0 milliseconds
Build info: version: '3.7.1', revision: '8a0099a', time: '2017-11-06T21:07:36.161Z'
System info: host: 'Deniss-MacBook-Pro.local', ip: 'fe80:0:0:0:18db:5ed3:b3d6:93e7%en0', os.name: 'Mac OS X', os.arch: 'x86_64', os.version: '10.14.2', java.version: '1.8.0_181'
Driver info: com.kms.katalon.selenium.driver.CChromeDriver
Capabilities {acceptInsecureCerts: false, acceptSslCerts: false, applicationCacheEnabled: false, browserConnectionEnabled: false, browserName: chrome, chrome: {chromedriverVersion: 2.43.600229 (3fae4d0cda5334..., userDataDir: /var/folders/95/4qsvf70n5s5...}, cssSelectorsEnabled: true, databaseEnabled: false, goog:chromeOptions: {debuggerAddress: localhost:55410}, handlesAlerts: true, hasTouchScreen: true, javascriptEnabled: true, locationContextEnabled: true, mobileEmulationEnabled: true, nativeEvents: true, networkConnectionEnabled: false, pageLoadStrategy: normal, platform: MAC, platformName: MAC, rotatable: false, setWindowRect: true, takesHeapSnapshot: true, takesScreenshot: true, unexpectedAlertBehaviour: , unhandledPromptBehavior: , version: 72.0.3626.121, webStorageEnabled: true}
Session ID: 6b3cc80f61bee91396c50e9080d836eb)
	at com.kms.katalon.core.keyword.internal.KeywordMain.stepFailed(KeywordMain.groovy:36)
	at com.kms.katalon.core.webui.keyword.internal.WebUIKeywordMain.stepFailed(WebUIKeywordMain.groovy:65)
	at com.kms.katalon.core.webui.keyword.internal.WebUIKeywordMain.runKeyword(WebUIKeywordMain.groovy:27)
	at com.kms.katalon.core.webui.keyword.builtin.ClickKeyword.click(ClickKeyword.groovy:86)
	at com.kms.katalon.core.webui.keyword.builtin.ClickKeyword.execute(ClickKeyword.groovy:67)
	at com.kms.katalon.core.keyword.internal.KeywordExecutor.executeKeywordForPlatform(KeywordExecutor.groovy:53)
	at com.kms.katalon.core.webui.keyword.WebUiBuiltInKeywords.click(WebUiBuiltInKeywords.groovy:616)
	at com.kms.katalon.core.webui.keyword.WebUiBuiltInKeywords$click$3.call(Unknown Source)
	at goToEnd_hbi.run(goToEnd_hbi:85)
	at com.kms.katalon.core.main.ScriptEngine.run(ScriptEngine.java:194)
	at com.kms.katalon.core.main.ScriptEngine.runScriptAsRawText(ScriptEngine.java:119)
	at com.kms.katalon.core.main.TestCaseExecutor.runScript(TestCaseExecutor.java:328)
	at com.kms.katalon.core.main.TestCaseExecutor.doExecute(TestCaseExecutor.java:319)
	at com.kms.katalon.core.main.TestCaseExecutor.processExecutionPhase(TestCaseExecutor.java:298)
	at com.kms.katalon.core.main.TestCaseExecutor.accessMainPhase(TestCaseExecutor.java:290)
	at com.kms.katalon.core.main.TestCaseExecutor.execute(TestCaseExecutor.java:224)
	at com.kms.katalon.core.main.TestCaseMain.runTestCase(TestCaseMain.java:106)
	at com.kms.katalon.core.keyword.builtin.CallTestCaseKeyword$_callTestCase_closure1.doCall(CallTestCaseKeyword.groovy:59)
	at com.kms.katalon.core.keyword.builtin.CallTestCaseKeyword$_callTestCase_closure1.call(CallTestCaseKeyword.groovy)
	at com.kms.katalon.core.keyword.internal.KeywordMain.runKeyword(KeywordMain.groovy:54)
	at com.kms.katalon.core.keyword.builtin.CallTestCaseKeyword.callTestCase(CallTestCaseKeyword.groovy:80)
	at com.kms.katalon.core.keyword.builtin.CallTestCaseKeyword.execute(CallTestCaseKeyword.groovy:44)
	at com.kms.katalon.core.keyword.internal.KeywordExecutor.executeKeywordForPlatform(KeywordExecutor.groovy:53)
	at com.kms.katalon.core.keyword.BuiltinKeywords.callTestCase(BuiltinKeywords.groovy:334)
	at Legion Limited Medical.run(Legion Limited Medical:45)
	at com.kms.katalon.core.main.ScriptEngine.run(ScriptEngine.java:194)
	at com.kms.katalon.core.main.ScriptEngine.runScriptAsRawText(ScriptEngine.java:119)
	at com.kms.katalon.core.main.TestCaseExecutor.runScript(TestCaseExecutor.java:328)
	at com.kms.katalon.core.main.TestCaseExecutor.doExecute(TestCaseExecutor.java:319)
	at com.kms.katalon.core.main.TestCaseExecutor.processExecutionPhase(TestCaseExecutor.java:298)
	at com.kms.katalon.core.main.TestCaseExecutor.accessMainPhase(TestCaseExecutor.java:290)
	at com.kms.katalon.core.main.TestCaseExecutor.execute(TestCaseExecutor.java:224)
	at com.kms.katalon.core.main.TestSuiteExecutor.accessTestCaseMainPhase(TestSuiteExecutor.java:129)
	at com.kms.katalon.core.main.TestSuiteExecutor.accessTestSuiteMainPhase(TestSuiteExecutor.java:112)
	at com.kms.katalon.core.main.TestSuiteExecutor.execute(TestSuiteExecutor.java:81)
	at com.kms.katalon.core.main.TestCaseMain.startTestSuite(TestCaseMain.java:149)
	at com.kms.katalon.core.main.TestCaseMain$startTestSuite$0.call(Unknown Source)
	at TempTestSuite1552298249283.run(TempTestSuite1552298249283.groovy:36)
"/>
         <system-out><![CDATA[2019-03-11 17:59:09 - [TEST_CASE][FAILED] - Test Cases/mobileWeb/HBI/Legion Limited Medical: Test Cases/mobileWeb/HBI/Legion Limited Medical FAILED.
Reason:
com.kms.katalon.core.exception.StepFailedException: Unable to click on object 'Object Repository/mobileSanity/HBI/Page_App Page 3/label' (Root cause: org.openqa.selenium.WebDriverException: unknown error: Element <label for="consent-checkbox-0"></label> is not clickable at point (71, 654). Other element would receive the click: <div class="col-md-11 terms-cell" id="consent-checkbox-0-label">...</div>
  (Session info: chrome=72.0.3626.121)
  (Driver info: chromedriver=2.43.600229 (3fae4d0cda5334b4f533bede5a4787f7b832d052),platform=Mac OS X 10.14.2 x86_64) (WARNING: The server did not provide any stacktrace information)
Command duration or timeout: 0 milliseconds
Build info: version: '3.7.1', revision: '8a0099a', time: '2017-11-06T21:07:36.161Z'
System info: host: 'Deniss-MacBook-Pro.local', ip: 'fe80:0:0:0:18db:5ed3:b3d6:93e7%en0', os.name: 'Mac OS X', os.arch: 'x86_64', os.version: '10.14.2', java.version: '1.8.0_181'
Driver info: com.kms.katalon.selenium.driver.CChromeDriver
Capabilities {acceptInsecureCerts: false, acceptSslCerts: false, applicationCacheEnabled: false, browserConnectionEnabled: false, browserName: chrome, chrome: {chromedriverVersion: 2.43.600229 (3fae4d0cda5334..., userDataDir: /var/folders/95/4qsvf70n5s5...}, cssSelectorsEnabled: true, databaseEnabled: false, goog:chromeOptions: {debuggerAddress: localhost:55410}, handlesAlerts: true, hasTouchScreen: true, javascriptEnabled: true, locationContextEnabled: true, mobileEmulationEnabled: true, nativeEvents: true, networkConnectionEnabled: false, pageLoadStrategy: normal, platform: MAC, platformName: MAC, rotatable: false, setWindowRect: true, takesHeapSnapshot: true, takesScreenshot: true, unexpectedAlertBehaviour: , unhandledPromptBehavior: , version: 72.0.3626.121, webStorageEnabled: true}
Session ID: 6b3cc80f61bee91396c50e9080d836eb)
	at com.kms.katalon.core.keyword.internal.KeywordMain.stepFailed(KeywordMain.groovy:36)
	at com.kms.katalon.core.webui.keyword.internal.WebUIKeywordMain.stepFailed(WebUIKeywordMain.groovy:65)
	at com.kms.katalon.core.webui.keyword.internal.WebUIKeywordMain.runKeyword(WebUIKeywordMain.groovy:27)
	at com.kms.katalon.core.webui.keyword.builtin.ClickKeyword.click(ClickKeyword.groovy:86)
	at com.kms.katalon.core.webui.keyword.builtin.ClickKeyword.execute(ClickKeyword.groovy:67)
	at com.kms.katalon.core.keyword.internal.KeywordExecutor.executeKeywordForPlatform(KeywordExecutor.groovy:53)
	at com.kms.katalon.core.webui.keyword.WebUiBuiltInKeywords.click(WebUiBuiltInKeywords.groovy:616)
	at com.kms.katalon.core.webui.keyword.WebUiBuiltInKeywords$click$3.call(Unknown Source)
	at goToEnd_hbi.run(goToEnd_hbi:85)
	at com.kms.katalon.core.main.ScriptEngine.run(ScriptEngine.java:194)
	at com.kms.katalon.core.main.ScriptEngine.runScriptAsRawText(ScriptEngine.java:119)
	at com.kms.katalon.core.main.TestCaseExecutor.runScript(TestCaseExecutor.java:328)
	at com.kms.katalon.core.main.TestCaseExecutor.doExecute(TestCaseExecutor.java:319)
	at com.kms.katalon.core.main.TestCaseExecutor.processExecutionPhase(TestCaseExecutor.java:298)
	at com.kms.katalon.core.main.TestCaseExecutor.accessMainPhase(TestCaseExecutor.java:290)
	at com.kms.katalon.core.main.TestCaseExecutor.execute(TestCaseExecutor.java:224)
	at com.kms.katalon.core.main.TestCaseMain.runTestCase(TestCaseMain.java:106)
	at com.kms.katalon.core.keyword.builtin.CallTestCaseKeyword$_callTestCase_closure1.doCall(CallTestCaseKeyword.groovy:59)
	at com.kms.katalon.core.keyword.builtin.CallTestCaseKeyword$_callTestCase_closure1.call(CallTestCaseKeyword.groovy)
	at com.kms.katalon.core.keyword.internal.KeywordMain.runKeyword(KeywordMain.groovy:54)
	at com.kms.katalon.core.keyword.builtin.CallTestCaseKeyword.callTestCase(CallTestCaseKeyword.groovy:80)
	at com.kms.katalon.core.keyword.builtin.CallTestCaseKeyword.execute(CallTestCaseKeyword.groovy:44)
	at com.kms.katalon.core.keyword.internal.KeywordExecutor.executeKeywordForPlatform(KeywordExecutor.groovy:53)
	at com.kms.katalon.core.keyword.BuiltinKeywords.callTestCase(BuiltinKeywords.groovy:334)
	at Legion Limited Medical.run(Legion Limited Medical:45)
	at com.kms.katalon.core.main.ScriptEngine.run(ScriptEngine.java:194)
	at com.kms.katalon.core.main.ScriptEngine.runScriptAsRawText(ScriptEngine.java:119)
	at com.kms.katalon.core.main.TestCaseExecutor.runScript(TestCaseExecutor.java:328)
	at com.kms.katalon.core.main.TestCaseExecutor.doExecute(TestCaseExecutor.java:319)
	at com.kms.katalon.core.main.TestCaseExecutor.processExecutionPhase(TestCaseExecutor.java:298)
	at com.kms.katalon.core.main.TestCaseExecutor.accessMainPhase(TestCaseExecutor.java:290)
	at com.kms.katalon.core.main.TestCaseExecutor.execute(TestCaseExecutor.java:224)
	at com.kms.katalon.core.main.TestSuiteExecutor.accessTestCaseMainPhase(TestSuiteExecutor.java:129)
	at com.kms.katalon.core.main.TestSuiteExecutor.accessTestSuiteMainPhase(TestSuiteExecutor.java:112)
	at com.kms.katalon.core.main.TestSuiteExecutor.execute(TestSuiteExecutor.java:81)
	at com.kms.katalon.core.main.TestCaseMain.startTestSuite(TestCaseMain.java:149)
	at com.kms.katalon.core.main.TestCaseMain$startTestSuite$0.call(Unknown Source)
	at TempTestSuite1552298249283.run(TempTestSuite1552298249283.groovy:36)


2019-03-11 17:59:09 - [TEST_STEP][PASSED] - now = new java.util.Date(): null

2019-03-11 17:59:09 - [TEST_STEP][PASSED] - mydate = now.format("yyyyMMdd_HHmmss"): null

2019-03-11 17:59:09 - [TEST_STEP][PASSED] - screenPath = hbiPath + "Legion Limited Medical/" + mydate + "/": null

2019-03-11 17:59:09 - [TEST_STEP][PASSED] - i = 0: null

2019-03-11 17:59:09 - [TEST_STEP][PASSED] - callTestCase(findTestCase("mobileWeb/_include/openWebSite"), [:], CONTINUE_ON_FAILURE): Call Test Case 'Test Cases/mobileWeb/_include/openWebSite' successfully

2019-03-11 17:59:09 - [TEST_CASE][PASSED] - Test Cases/mobileWeb/_include/openWebSite: Test Cases/mobileWeb/_include/openWebSite

2019-03-11 17:59:09 - [TEST_STEP][PASSED] - openBrowser(""): Browser is opened with url: ''

2019-03-11 17:59:09 - [MESSAGE][WARNING] - A browser is already opened. Closing browser and opening a new one

2019-03-11 17:59:10 - [MESSAGE][INFO] - Starting 'Chrome' driver

2019-03-11 17:59:10 - [MESSAGE][INFO] - User set preference: ['mobileEmulation', '{deviceName=iPhone 8}']

2019-03-11 17:59:10 - [MESSAGE][INFO] - User set preference: ['args', '[--incognito, --aggressive-cache-discard]']

2019-03-11 17:59:11 - [MESSAGE][PASSED] - Browser is opened with url: ''

2019-03-11 17:59:11 - [TEST_STEP][PASSED] - navigateToUrl(ENV): Navigate to 'https://praetemptatus.agilehealthinsurance.com' successfully

2019-03-11 17:59:15 - [MESSAGE][PASSED] - Navigate to 'https://praetemptatus.agilehealthinsurance.com' successfully

2019-03-11 17:59:15 - [TEST_STEP][PASSED] - waitForPageLoad(10): Wait for page load successfully

2019-03-11 17:59:15 - [MESSAGE][PASSED] - Wait for page load successfully

2019-03-11 17:59:15 - [TEST_STEP][PASSED] - callTestCase(findTestCase("mobileWeb/_include/get_screenshot"), [:], STOP_ON_FAILURE): Call Test Case 'Test Cases/mobileWeb/_include/get_screenshot' successfully

2019-03-11 17:59:15 - [TEST_CASE][PASSED] - Test Cases/mobileWeb/_include/get_screenshot: Test Cases/mobileWeb/_include/get_screenshot

2019-03-11 17:59:15 - [TEST_STEP][PASSED] - takeScreenshot(screenPath + i + ".png"): Taking screenshot successfully

2019-03-11 17:59:15 - [MESSAGE][PASSED] - Taking screenshot successfully
[[ATTACHMENT|../Screenshots/mobileWeb/hbi/Legion Limited Medical/20190311_175909/0.png]]

2019-03-11 17:59:15 - [TEST_STEP][PASSED] - (internal.GlobalVariable.i++): null

2019-03-11 17:59:15 - [MESSAGE][PASSED] - Call Test Case 'Test Cases/mobileWeb/_include/get_screenshot' successfully

2019-03-11 17:59:15 - [MESSAGE][PASSED] - Call Test Case 'Test Cases/mobileWeb/_include/openWebSite' successfully

2019-03-11 17:59:15 - [TEST_STEP][PASSED] - callTestCase(findTestCase("mobileWeb/_include/census_hbi"), [:], CONTINUE_ON_FAILURE): Call Test Case 'Test Cases/mobileWeb/_include/census_hbi' successfully

2019-03-11 17:59:15 - [TEST_CASE][PASSED] - Test Cases/mobileWeb/_include/census_hbi: Test Cases/mobileWeb/_include/census_hbi

2019-03-11 17:59:15 - [TEST_STEP][PASSED] - click(findTestObject("mobileSanity/Common/side_nav/menu")): Object: 'Object Repository/mobileSanity/Common/side_nav/menu' is clicked on

2019-03-11 17:59:16 - [MESSAGE][PASSED] - Object: 'Object Repository/mobileSanity/Common/side_nav/menu' is clicked on

2019-03-11 17:59:16 - [TEST_STEP][PASSED] - Thread.sleep(3000): null

2019-03-11 17:59:19 - [TEST_STEP][PASSED] - click(findTestObject("mobileSanity/Common/side_nav/nav_hbi")): Object: 'Object Repository/mobileSanity/Common/side_nav/nav_hbi' is clicked on

2019-03-11 17:59:23 - [MESSAGE][PASSED] - Object: 'Object Repository/mobileSanity/Common/side_nav/nav_hbi' is clicked on

2019-03-11 17:59:23 - [TEST_STEP][PASSED] - waitForPageLoad(10): Wait for page load successfully

2019-03-11 17:59:23 - [MESSAGE][PASSED] - Wait for page load successfully

2019-03-11 17:59:23 - [TEST_STEP][PASSED] - callTestCase(findTestCase("mobileWeb/_include/get_screenshot"), [:], STOP_ON_FAILURE): Call Test Case 'Test Cases/mobileWeb/_include/get_screenshot' successfully

2019-03-11 17:59:23 - [TEST_CASE][PASSED] - Test Cases/mobileWeb/_include/get_screenshot: Test Cases/mobileWeb/_include/get_screenshot

2019-03-11 17:59:23 - [TEST_STEP][PASSED] - takeScreenshot(screenPath + i + ".png"): Taking screenshot successfully

2019-03-11 17:59:23 - [MESSAGE][PASSED] - Taking screenshot successfully
[[ATTACHMENT|../Screenshots/mobileWeb/hbi/Legion Limited Medical/20190311_175909/1.png]]

2019-03-11 17:59:23 - [TEST_STEP][PASSED] - (internal.GlobalVariable.i++): null

2019-03-11 17:59:23 - [MESSAGE][PASSED] - Call Test Case 'Test Cases/mobileWeb/_include/get_screenshot' successfully

2019-03-11 17:59:23 - [TEST_STEP][PASSED] - setText(findTestObject("mobileSanity/HBI/census/input_Location_zip-input"), zipcode): Text '35215' is set on object 'Object Repository/mobileSanity/HBI/census/input_Location_zip-input'

2019-03-11 17:59:24 - [MESSAGE][PASSED] - Text '35215' is set on object 'Object Repository/mobileSanity/HBI/census/input_Location_zip-input'

2019-03-11 17:59:24 - [TEST_STEP][PASSED] - Thread.sleep(500): null

2019-03-11 17:59:24 - [TEST_STEP][PASSED] - setText(findTestObject("mobileSanity/HBI/census/input_Date of Birth_dob-0"), "12/12/1980"): Text '12/12/1980' is set on object 'Object Repository/mobileSanity/HBI/census/input_Date of Birth_dob-0'

2019-03-11 17:59:24 - [MESSAGE][PASSED] - Text '12/12/1980' is set on object 'Object Repository/mobileSanity/HBI/census/input_Date of Birth_dob-0'

2019-03-11 17:59:24 - [TEST_STEP][PASSED] - click(findTestObject("mobileSanity/HBI/census/label_Male")): Object: 'Object Repository/mobileSanity/HBI/census/label_Male' is clicked on

2019-03-11 17:59:25 - [MESSAGE][PASSED] - Object: 'Object Repository/mobileSanity/HBI/census/label_Male' is clicked on

2019-03-11 17:59:25 - [TEST_STEP][PASSED] - click(findTestObject("mobileSanity/HBI/census/label_Get a Quote")): Object: 'Object Repository/mobileSanity/HBI/census/label_Get a Quote' is clicked on

2019-03-11 17:59:25 - [MESSAGE][PASSED] - Object: 'Object Repository/mobileSanity/HBI/census/label_Get a Quote' is clicked on

2019-03-11 17:59:25 - [TEST_STEP][PASSED] - waitForPageLoad(10): Wait for page load successfully

2019-03-11 17:59:25 - [MESSAGE][PASSED] - Wait for page load successfully

2019-03-11 17:59:25 - [TEST_STEP][PASSED] - callTestCase(findTestCase("mobileWeb/_include/get_screenshot"), [:], STOP_ON_FAILURE): Call Test Case 'Test Cases/mobileWeb/_include/get_screenshot' successfully

2019-03-11 17:59:25 - [TEST_CASE][PASSED] - Test Cases/mobileWeb/_include/get_screenshot: Test Cases/mobileWeb/_include/get_screenshot

2019-03-11 17:59:25 - [TEST_STEP][PASSED] - takeScreenshot(screenPath + i + ".png"): Taking screenshot successfully

2019-03-11 17:59:32 - [MESSAGE][PASSED] - Taking screenshot successfully
[[ATTACHMENT|../Screenshots/mobileWeb/hbi/Legion Limited Medical/20190311_175909/2.png]]

2019-03-11 17:59:32 - [TEST_STEP][PASSED] - (internal.GlobalVariable.i++): null

2019-03-11 17:59:32 - [MESSAGE][PASSED] - Call Test Case 'Test Cases/mobileWeb/_include/get_screenshot' successfully

2019-03-11 17:59:32 - [MESSAGE][PASSED] - Call Test Case 'Test Cases/mobileWeb/_include/census_hbi' successfully

2019-03-11 17:59:32 - [TEST_STEP][PASSED] - click(findTestObject("mobileSanity/HBI/quote/a_Legion Limited Medical 500")): Object: 'Object Repository/mobileSanity/HBI/quote/a_Legion Limited Medical 500' is clicked on

2019-03-11 18:00:49 - [MESSAGE][PASSED] - Object: 'Object Repository/mobileSanity/HBI/quote/a_Legion Limited Medical 500' is clicked on

2019-03-11 18:00:49 - [TEST_STEP][PASSED] - waitForPageLoad(10): Wait for page load successfully

2019-03-11 18:00:49 - [MESSAGE][PASSED] - Wait for page load successfully

2019-03-11 18:00:49 - [TEST_STEP][PASSED] - callTestCase(findTestCase("mobileWeb/_include/get_screenshot"), [:], STOP_ON_FAILURE): Call Test Case 'Test Cases/mobileWeb/_include/get_screenshot' successfully

2019-03-11 18:00:49 - [TEST_CASE][PASSED] - Test Cases/mobileWeb/_include/get_screenshot: Test Cases/mobileWeb/_include/get_screenshot

2019-03-11 18:00:49 - [TEST_STEP][PASSED] - takeScreenshot(screenPath + i + ".png"): Taking screenshot successfully

2019-03-11 18:00:50 - [MESSAGE][PASSED] - Taking screenshot successfully
[[ATTACHMENT|../Screenshots/mobileWeb/hbi/Legion Limited Medical/20190311_175909/3.png]]

2019-03-11 18:00:50 - [TEST_STEP][PASSED] - (internal.GlobalVariable.i++): null

2019-03-11 18:00:50 - [MESSAGE][PASSED] - Call Test Case 'Test Cases/mobileWeb/_include/get_screenshot' successfully

2019-03-11 18:00:50 - [TEST_STEP][PASSED] - click(findTestObject("mobileSanity/HBI/detail/a_Apply for This Plan")): Object: 'Object Repository/mobileSanity/HBI/detail/a_Apply for This Plan' is clicked on

2019-03-11 18:00:52 - [MESSAGE][PASSED] - Object: 'Object Repository/mobileSanity/HBI/detail/a_Apply for This Plan' is clicked on

2019-03-11 18:00:52 - [TEST_STEP][PASSED] - waitForPageLoad(10): Wait for page load successfully

2019-03-11 18:00:53 - [MESSAGE][PASSED] - Wait for page load successfully

2019-03-11 18:00:53 - [TEST_STEP][PASSED] - callTestCase(findTestCase("mobileWeb/_include/get_screenshot"), [:], STOP_ON_FAILURE): Call Test Case 'Test Cases/mobileWeb/_include/get_screenshot' successfully

2019-03-11 18:00:53 - [TEST_CASE][PASSED] - Test Cases/mobileWeb/_include/get_screenshot: Test Cases/mobileWeb/_include/get_screenshot

2019-03-11 18:00:53 - [TEST_STEP][PASSED] - takeScreenshot(screenPath + i + ".png"): Taking screenshot successfully

2019-03-11 18:00:53 - [MESSAGE][PASSED] - Taking screenshot successfully
[[ATTACHMENT|../Screenshots/mobileWeb/hbi/Legion Limited Medical/20190311_175909/4.png]]

2019-03-11 18:00:54 - [TEST_STEP][PASSED] - (internal.GlobalVariable.i++): null

2019-03-11 18:00:54 - [MESSAGE][PASSED] - Call Test Case 'Test Cases/mobileWeb/_include/get_screenshot' successfully

2019-03-11 18:00:54 - [TEST_STEP][PASSED] - click(findTestObject("mobileSanity/HBI/Page_Apply/span_Start Secure Application")): Object: 'Object Repository/mobileSanity/HBI/Page_Apply/span_Start Secure Application' is clicked on

2019-03-11 18:00:56 - [MESSAGE][PASSED] - Object: 'Object Repository/mobileSanity/HBI/Page_Apply/span_Start Secure Application' is clicked on

2019-03-11 18:00:56 - [TEST_STEP][PASSED] - waitForPageLoad(10): Wait for page load successfully

2019-03-11 18:00:56 - [MESSAGE][PASSED] - Wait for page load successfully

2019-03-11 18:00:56 - [TEST_STEP][PASSED] - callTestCase(findTestCase("mobileWeb/_include/get_screenshot"), [:], STOP_ON_FAILURE): Call Test Case 'Test Cases/mobileWeb/_include/get_screenshot' successfully

2019-03-11 18:00:56 - [TEST_CASE][PASSED] - Test Cases/mobileWeb/_include/get_screenshot: Test Cases/mobileWeb/_include/get_screenshot

2019-03-11 18:00:56 - [TEST_STEP][PASSED] - takeScreenshot(screenPath + i + ".png"): Taking screenshot successfully

2019-03-11 18:00:57 - [MESSAGE][PASSED] - Taking screenshot successfully
[[ATTACHMENT|../Screenshots/mobileWeb/hbi/Legion Limited Medical/20190311_175909/5.png]]

2019-03-11 18:00:57 - [TEST_STEP][PASSED] - (internal.GlobalVariable.i++): null

2019-03-11 18:00:57 - [MESSAGE][PASSED] - Call Test Case 'Test Cases/mobileWeb/_include/get_screenshot' successfully

2019-03-11 18:00:57 - [TEST_STEP][FAILED] - callTestCase(findTestCase("mobileWeb/_include/goToEnd_hbi"), ["carrier":"legionlimitedmedical"], CONTINUE_ON_FAILURE): callTestCase(findTestCase("mobileWeb/_include/goToEnd_hbi"), ["carrier":"legionlimitedmedical"], CONTINUE_ON_FAILURE) FAILED.
Reason:
com.kms.katalon.core.exception.StepFailedException: Unable to click on object 'Object Repository/mobileSanity/HBI/Page_App Page 3/label' (Root cause: org.openqa.selenium.WebDriverException: unknown error: Element <label for="consent-checkbox-0"></label> is not clickable at point (71, 654). Other element would receive the click: <div class="col-md-11 terms-cell" id="consent-checkbox-0-label">...</div>
  (Session info: chrome=72.0.3626.121)
  (Driver info: chromedriver=2.43.600229 (3fae4d0cda5334b4f533bede5a4787f7b832d052),platform=Mac OS X 10.14.2 x86_64) (WARNING: The server did not provide any stacktrace information)
Command duration or timeout: 0 milliseconds
Build info: version: '3.7.1', revision: '8a0099a', time: '2017-11-06T21:07:36.161Z'
System info: host: 'Deniss-MacBook-Pro.local', ip: 'fe80:0:0:0:18db:5ed3:b3d6:93e7%en0', os.name: 'Mac OS X', os.arch: 'x86_64', os.version: '10.14.2', java.version: '1.8.0_181'
Driver info: com.kms.katalon.selenium.driver.CChromeDriver
Capabilities {acceptInsecureCerts: false, acceptSslCerts: false, applicationCacheEnabled: false, browserConnectionEnabled: false, browserName: chrome, chrome: {chromedriverVersion: 2.43.600229 (3fae4d0cda5334..., userDataDir: /var/folders/95/4qsvf70n5s5...}, cssSelectorsEnabled: true, databaseEnabled: false, goog:chromeOptions: {debuggerAddress: localhost:55410}, handlesAlerts: true, hasTouchScreen: true, javascriptEnabled: true, locationContextEnabled: true, mobileEmulationEnabled: true, nativeEvents: true, networkConnectionEnabled: false, pageLoadStrategy: normal, platform: MAC, platformName: MAC, rotatable: false, setWindowRect: true, takesHeapSnapshot: true, takesScreenshot: true, unexpectedAlertBehaviour: , unhandledPromptBehavior: , version: 72.0.3626.121, webStorageEnabled: true}
Session ID: 6b3cc80f61bee91396c50e9080d836eb)
	at com.kms.katalon.core.keyword.internal.KeywordMain.stepFailed(KeywordMain.groovy:36)
	at com.kms.katalon.core.webui.keyword.internal.WebUIKeywordMain.stepFailed(WebUIKeywordMain.groovy:65)
	at com.kms.katalon.core.webui.keyword.internal.WebUIKeywordMain.runKeyword(WebUIKeywordMain.groovy:27)
	at com.kms.katalon.core.webui.keyword.builtin.ClickKeyword.click(ClickKeyword.groovy:86)
	at com.kms.katalon.core.webui.keyword.builtin.ClickKeyword.execute(ClickKeyword.groovy:67)
	at com.kms.katalon.core.keyword.internal.KeywordExecutor.executeKeywordForPlatform(KeywordExecutor.groovy:53)
	at com.kms.katalon.core.webui.keyword.WebUiBuiltInKeywords.click(WebUiBuiltInKeywords.groovy:616)
	at com.kms.katalon.core.webui.keyword.WebUiBuiltInKeywords$click$3.call(Unknown Source)
	at goToEnd_hbi.run(goToEnd_hbi:85)
	at com.kms.katalon.core.main.ScriptEngine.run(ScriptEngine.java:194)
	at com.kms.katalon.core.main.ScriptEngine.runScriptAsRawText(ScriptEngine.java:119)
	at com.kms.katalon.core.main.TestCaseExecutor.runScript(TestCaseExecutor.java:328)
	at com.kms.katalon.core.main.TestCaseExecutor.doExecute(TestCaseExecutor.java:319)
	at com.kms.katalon.core.main.TestCaseExecutor.processExecutionPhase(TestCaseExecutor.java:298)
	at com.kms.katalon.core.main.TestCaseExecutor.accessMainPhase(TestCaseExecutor.java:290)
	at com.kms.katalon.core.main.TestCaseExecutor.execute(TestCaseExecutor.java:224)
	at com.kms.katalon.core.main.TestCaseMain.runTestCase(TestCaseMain.java:106)
	at com.kms.katalon.core.keyword.builtin.CallTestCaseKeyword$_callTestCase_closure1.doCall(CallTestCaseKeyword.groovy:59)
	at com.kms.katalon.core.keyword.builtin.CallTestCaseKeyword$_callTestCase_closure1.call(CallTestCaseKeyword.groovy)
	at com.kms.katalon.core.keyword.internal.KeywordMain.runKeyword(KeywordMain.groovy:54)
	at com.kms.katalon.core.keyword.builtin.CallTestCaseKeyword.callTestCase(CallTestCaseKeyword.groovy:80)
	at com.kms.katalon.core.keyword.builtin.CallTestCaseKeyword.execute(CallTestCaseKeyword.groovy:44)
	at com.kms.katalon.core.keyword.internal.KeywordExecutor.executeKeywordForPlatform(KeywordExecutor.groovy:53)
	at com.kms.katalon.core.keyword.BuiltinKeywords.callTestCase(BuiltinKeywords.groovy:334)
	at Legion Limited Medical.run(Legion Limited Medical:45)
	at com.kms.katalon.core.main.ScriptEngine.run(ScriptEngine.java:194)
	at com.kms.katalon.core.main.ScriptEngine.runScriptAsRawText(ScriptEngine.java:119)
	at com.kms.katalon.core.main.TestCaseExecutor.runScript(TestCaseExecutor.java:328)
	at com.kms.katalon.core.main.TestCaseExecutor.doExecute(TestCaseExecutor.java:319)
	at com.kms.katalon.core.main.TestCaseExecutor.processExecutionPhase(TestCaseExecutor.java:298)
	at com.kms.katalon.core.main.TestCaseExecutor.accessMainPhase(TestCaseExecutor.java:290)
	at com.kms.katalon.core.main.TestCaseExecutor.execute(TestCaseExecutor.java:224)
	at com.kms.katalon.core.main.TestSuiteExecutor.accessTestCaseMainPhase(TestSuiteExecutor.java:129)
	at com.kms.katalon.core.main.TestSuiteExecutor.accessTestSuiteMainPhase(TestSuiteExecutor.java:112)
	at com.kms.katalon.core.main.TestSuiteExecutor.execute(TestSuiteExecutor.java:81)
	at com.kms.katalon.core.main.TestCaseMain.startTestSuite(TestCaseMain.java:149)
	at com.kms.katalon.core.main.TestCaseMain$startTestSuite$0.call(Unknown Source)
	at TempTestSuite1552298249283.run(TempTestSuite1552298249283.groovy:36)


2019-03-11 18:00:57 - [TEST_CASE][FAILED] - Test Cases/mobileWeb/_include/goToEnd_hbi: Test Cases/mobileWeb/_include/goToEnd_hbi FAILED.
Reason:
com.kms.katalon.core.exception.StepFailedException: Unable to click on object 'Object Repository/mobileSanity/HBI/Page_App Page 3/label' (Root cause: org.openqa.selenium.WebDriverException: unknown error: Element <label for="consent-checkbox-0"></label> is not clickable at point (71, 654). Other element would receive the click: <div class="col-md-11 terms-cell" id="consent-checkbox-0-label">...</div>
  (Session info: chrome=72.0.3626.121)
  (Driver info: chromedriver=2.43.600229 (3fae4d0cda5334b4f533bede5a4787f7b832d052),platform=Mac OS X 10.14.2 x86_64) (WARNING: The server did not provide any stacktrace information)
Command duration or timeout: 0 milliseconds
Build info: version: '3.7.1', revision: '8a0099a', time: '2017-11-06T21:07:36.161Z'
System info: host: 'Deniss-MacBook-Pro.local', ip: 'fe80:0:0:0:18db:5ed3:b3d6:93e7%en0', os.name: 'Mac OS X', os.arch: 'x86_64', os.version: '10.14.2', java.version: '1.8.0_181'
Driver info: com.kms.katalon.selenium.driver.CChromeDriver
Capabilities {acceptInsecureCerts: false, acceptSslCerts: false, applicationCacheEnabled: false, browserConnectionEnabled: false, browserName: chrome, chrome: {chromedriverVersion: 2.43.600229 (3fae4d0cda5334..., userDataDir: /var/folders/95/4qsvf70n5s5...}, cssSelectorsEnabled: true, databaseEnabled: false, goog:chromeOptions: {debuggerAddress: localhost:55410}, handlesAlerts: true, hasTouchScreen: true, javascriptEnabled: true, locationContextEnabled: true, mobileEmulationEnabled: true, nativeEvents: true, networkConnectionEnabled: false, pageLoadStrategy: normal, platform: MAC, platformName: MAC, rotatable: false, setWindowRect: true, takesHeapSnapshot: true, takesScreenshot: true, unexpectedAlertBehaviour: , unhandledPromptBehavior: , version: 72.0.3626.121, webStorageEnabled: true}
Session ID: 6b3cc80f61bee91396c50e9080d836eb)
	at com.kms.katalon.core.keyword.internal.KeywordMain.stepFailed(KeywordMain.groovy:36)
	at com.kms.katalon.core.webui.keyword.internal.WebUIKeywordMain.stepFailed(WebUIKeywordMain.groovy:65)
	at com.kms.katalon.core.webui.keyword.internal.WebUIKeywordMain.runKeyword(WebUIKeywordMain.groovy:27)
	at com.kms.katalon.core.webui.keyword.builtin.ClickKeyword.click(ClickKeyword.groovy:86)
	at com.kms.katalon.core.webui.keyword.builtin.ClickKeyword.execute(ClickKeyword.groovy:67)
	at com.kms.katalon.core.keyword.internal.KeywordExecutor.executeKeywordForPlatform(KeywordExecutor.groovy:53)
	at com.kms.katalon.core.webui.keyword.WebUiBuiltInKeywords.click(WebUiBuiltInKeywords.groovy:616)
	at com.kms.katalon.core.webui.keyword.WebUiBuiltInKeywords$click$3.call(Unknown Source)
	at goToEnd_hbi.run(goToEnd_hbi:85)
	at com.kms.katalon.core.main.ScriptEngine.run(ScriptEngine.java:194)
	at com.kms.katalon.core.main.ScriptEngine.runScriptAsRawText(ScriptEngine.java:119)
	at com.kms.katalon.core.main.TestCaseExecutor.runScript(TestCaseExecutor.java:328)
	at com.kms.katalon.core.main.TestCaseExecutor.doExecute(TestCaseExecutor.java:319)
	at com.kms.katalon.core.main.TestCaseExecutor.processExecutionPhase(TestCaseExecutor.java:298)
	at com.kms.katalon.core.main.TestCaseExecutor.accessMainPhase(TestCaseExecutor.java:290)
	at com.kms.katalon.core.main.TestCaseExecutor.execute(TestCaseExecutor.java:224)
	at com.kms.katalon.core.main.TestCaseMain.runTestCase(TestCaseMain.java:106)
	at com.kms.katalon.core.keyword.builtin.CallTestCaseKeyword$_callTestCase_closure1.doCall(CallTestCaseKeyword.groovy:59)
	at com.kms.katalon.core.keyword.builtin.CallTestCaseKeyword$_callTestCase_closure1.call(CallTestCaseKeyword.groovy)
	at com.kms.katalon.core.keyword.internal.KeywordMain.runKeyword(KeywordMain.groovy:54)
	at com.kms.katalon.core.keyword.builtin.CallTestCaseKeyword.callTestCase(CallTestCaseKeyword.groovy:80)
	at com.kms.katalon.core.keyword.builtin.CallTestCaseKeyword.execute(CallTestCaseKeyword.groovy:44)
	at com.kms.katalon.core.keyword.internal.KeywordExecutor.executeKeywordForPlatform(KeywordExecutor.groovy:53)
	at com.kms.katalon.core.keyword.BuiltinKeywords.callTestCase(BuiltinKeywords.groovy:334)
	at Legion Limited Medical.run(Legion Limited Medical:45)
	at com.kms.katalon.core.main.ScriptEngine.run(ScriptEngine.java:194)
	at com.kms.katalon.core.main.ScriptEngine.runScriptAsRawText(ScriptEngine.java:119)
	at com.kms.katalon.core.main.TestCaseExecutor.runScript(TestCaseExecutor.java:328)
	at com.kms.katalon.core.main.TestCaseExecutor.doExecute(TestCaseExecutor.java:319)
	at com.kms.katalon.core.main.TestCaseExecutor.processExecutionPhase(TestCaseExecutor.java:298)
	at com.kms.katalon.core.main.TestCaseExecutor.accessMainPhase(TestCaseExecutor.java:290)
	at com.kms.katalon.core.main.TestCaseExecutor.execute(TestCaseExecutor.java:224)
	at com.kms.katalon.core.main.TestSuiteExecutor.accessTestCaseMainPhase(TestSuiteExecutor.java:129)
	at com.kms.katalon.core.main.TestSuiteExecutor.accessTestSuiteMainPhase(TestSuiteExecutor.java:112)
	at com.kms.katalon.core.main.TestSuiteExecutor.execute(TestSuiteExecutor.java:81)
	at com.kms.katalon.core.main.TestCaseMain.startTestSuite(TestCaseMain.java:149)
	at com.kms.katalon.core.main.TestCaseMain$startTestSuite$0.call(Unknown Source)
	at TempTestSuite1552298249283.run(TempTestSuite1552298249283.groovy:36)


2019-03-11 18:00:57 - [TEST_STEP][PASSED] - callTestCase(findTestCase("mobileWeb/_include/name"), [:], CONTINUE_ON_FAILURE): Call Test Case 'Test Cases/mobileWeb/_include/name' successfully

2019-03-11 18:00:57 - [TEST_CASE][PASSED] - Test Cases/mobileWeb/_include/name: Test Cases/mobileWeb/_include/name

2019-03-11 18:00:58 - [TEST_STEP][PASSED] - driver = getWebDriver(): null

2019-03-11 18:00:58 - [TEST_STEP][PASSED] - selenium = new com.thoughtworks.selenium.webdriven.WebDriverBackedSelenium(driver, internal.GlobalVariable.ENV): null

2019-03-11 18:00:58 - [TEST_STEP][PASSED] - FirstName = "Test-123": null

2019-03-11 18:00:58 - [TEST_STEP][PASSED] - LastName = selenium.getEval("{var x="ABCDEFGHIJKLMNOPQRSTUVWXYZabcdefghijklmnopqrstuvwxyz"; var tmp="ZZ11-"; for (i=0;i<8;i++) tmp+=x.charAt(Math.ceil(51*Math.random()));tmp;}"): null

2019-03-11 18:00:58 - [TEST_STEP][PASSED] - Address = selenium.getEval("{var x="ABCDEFGHIJKLMNOPQRSTUVWXYZabcdefghijklmnopqrstuvwxyz"; var tmp=""; for (i=0;i<8;i++) tmp+=x.charAt(Math.ceil(51*Math.random()));tmp;}"): null

2019-03-11 18:00:58 - [TEST_STEP][PASSED] - City = selenium.getEval("{var x="ABCDEFGHIJKLMNOPQRSTUVWXYZabcdefghijklmnopqrstuvwxyz"; var tmp=""; for (i=0;i<8;i++) tmp+=x.charAt(Math.ceil(51*Math.random()));tmp;}"): null

2019-03-11 18:00:58 - [TEST_STEP][PASSED] - tel1 = selenium.getEval("{var x="123456789"; var tmp=""; for (i=0;i<3;i++) tmp+=x.charAt(Math.ceil(8*Math.random()));tmp;}"): null

2019-03-11 18:00:58 - [TEST_STEP][PASSED] - tel2 = selenium.getEval("{var x="123456789"; var tmp=""; for (i=0;i<3;i++) tmp+=x.charAt(Math.ceil(8*Math.random()));tmp;}"): null

2019-03-11 18:00:58 - [TEST_STEP][PASSED] - tel3 = selenium.getEval("{var x="123456789"; var tmp=""; for (i=0;i<4;i++) tmp+=x.charAt(Math.ceil(8*Math.random()));tmp;}"): null

2019-03-11 18:00:58 - [TEST_STEP][PASSED] - Tel = selenium.getExpression(tel1 + "-" + tel2 + "-" + tel3): null

2019-03-11 18:00:58 - [TEST_STEP][PASSED] - AutoEmail = selenium.getEval("{var x="ABCDEFGHIJKLMNOPQRSTUVWXYZabcdefghijklmnopqrstuvwxyz"; var tmp="test."; for (i=0;i<8;i++) tmp+=x.charAt(Math.ceil(51*Math.random()));tmp+="@suryani.cn";}"): null

2019-03-11 18:00:58 - [TEST_STEP][PASSED] - FirstName = FirstName: null

2019-03-11 18:00:58 - [TEST_STEP][PASSED] - LastName = LastName: null

2019-03-11 18:00:58 - [TEST_STEP][PASSED] - Address = Address: null

2019-03-11 18:00:58 - [TEST_STEP][PASSED] - City = City: null

2019-03-11 18:00:58 - [TEST_STEP][PASSED] - Tel = Tel: null

2019-03-11 18:00:58 - [TEST_STEP][PASSED] - AutoEmail = AutoEmail: null

2019-03-11 18:00:58 - [TEST_STEP][PASSED] - println(FirstName): null

2019-03-11 18:00:58 - [TEST_STEP][PASSED] - println(LastName): null

2019-03-11 18:00:58 - [TEST_STEP][PASSED] - println(Address): null

2019-03-11 18:00:58 - [TEST_STEP][PASSED] - println(City): null

2019-03-11 18:00:58 - [TEST_STEP][PASSED] - println(Tel): null

2019-03-11 18:00:58 - [TEST_STEP][PASSED] - println(AutoEmail): null

2019-03-11 18:00:58 - [MESSAGE][PASSED] - Call Test Case 'Test Cases/mobileWeb/_include/name' successfully

2019-03-11 18:00:58 - [TEST_STEP][PASSED] - setText(findTestObject("mobileSanity/HBI/Page_App Page 1/input__member-P-1-firstName"), FirstName): Text 'Test-123' is set on object 'Object Repository/mobileSanity/HBI/Page_App Page 1/input__member-P-1-firstName'

2019-03-11 18:00:59 - [MESSAGE][PASSED] - Text 'Test-123' is set on object 'Object Repository/mobileSanity/HBI/Page_App Page 1/input__member-P-1-firstName'

2019-03-11 18:00:59 - [TEST_STEP][PASSED] - setText(findTestObject("mobileSanity/HBI/Page_App Page 1/input__member-P-1-lastName"), LastName): Text 'ZZ11-RCRgXjhU' is set on object 'Object Repository/mobileSanity/HBI/Page_App Page 1/input__member-P-1-lastName'

2019-03-11 18:00:59 - [MESSAGE][PASSED] - Text 'ZZ11-RCRgXjhU' is set on object 'Object Repository/mobileSanity/HBI/Page_App Page 1/input__member-P-1-lastName'

2019-03-11 18:00:59 - [TEST_STEP][PASSED] - if (carrier == "agileone" || carrier == "agilesecure"): null

2019-03-11 18:00:59 - [TEST_STEP][PASSED] - setText(findTestObject("mobileSanity/HBI/Page_App Page 1/input__address"), Address): Text 'hlzUeFSi' is set on object 'Object Repository/mobileSanity/HBI/Page_App Page 1/input__address'

2019-03-11 18:00:59 - [MESSAGE][PASSED] - Text 'hlzUeFSi' is set on object 'Object Repository/mobileSanity/HBI/Page_App Page 1/input__address'

2019-03-11 18:00:59 - [TEST_STEP][PASSED] - setText(findTestObject("mobileSanity/HBI/Page_App Page 1/input__city"), City): Text 'DfvcuhVh' is set on object 'Object Repository/mobileSanity/HBI/Page_App Page 1/input__city'

2019-03-11 18:01:00 - [MESSAGE][PASSED] - Text 'DfvcuhVh' is set on object 'Object Repository/mobileSanity/HBI/Page_App Page 1/input__city'

2019-03-11 18:01:00 - [TEST_STEP][PASSED] - setText(findTestObject("mobileSanity/HBI/Page_App Page 1/input__email"), AutoEmail): Text 'test.pxNjTFQe@suryani.cn' is set on object 'Object Repository/mobileSanity/HBI/Page_App Page 1/input__email'

2019-03-11 18:01:00 - [MESSAGE][PASSED] - Text 'test.pxNjTFQe@suryani.cn' is set on object 'Object Repository/mobileSanity/HBI/Page_App Page 1/input__email'

2019-03-11 18:01:00 - [TEST_STEP][PASSED] - setText(findTestObject("mobileSanity/HBI/Page_App Page 1/input_tel"), Tel): Text '772-352-9879' is set on object 'Object Repository/mobileSanity/HBI/Page_App Page 1/input_tel'

2019-03-11 18:01:00 - [MESSAGE][PASSED] - Text '772-352-9879' is set on object 'Object Repository/mobileSanity/HBI/Page_App Page 1/input_tel'

2019-03-11 18:01:00 - [TEST_STEP][PASSED] - click(findTestObject("mobileSanity/HBI/Page_App Page 1/a_Continue to Step 2 - Payment")): Object: 'Object Repository/mobileSanity/HBI/Page_App Page 1/a_Continue to Step 2 - Payment' is clicked on

2019-03-11 18:01:00 - [MESSAGE][PASSED] - Object: 'Object Repository/mobileSanity/HBI/Page_App Page 1/a_Continue to Step 2 - Payment' is clicked on

2019-03-11 18:01:00 - [TEST_STEP][PASSED] - waitForPageLoad(10): Wait for page load successfully

2019-03-11 18:01:00 - [MESSAGE][PASSED] - Wait for page load successfully

2019-03-11 18:01:00 - [TEST_STEP][PASSED] - callTestCase(findTestCase("mobileWeb/_include/get_screenshot"), [:], STOP_ON_FAILURE): Call Test Case 'Test Cases/mobileWeb/_include/get_screenshot' successfully

2019-03-11 18:01:00 - [TEST_CASE][PASSED] - Test Cases/mobileWeb/_include/get_screenshot: Test Cases/mobileWeb/_include/get_screenshot

2019-03-11 18:01:01 - [TEST_STEP][PASSED] - takeScreenshot(screenPath + i + ".png"): Taking screenshot successfully

2019-03-11 18:01:01 - [MESSAGE][PASSED] - Taking screenshot successfully
[[ATTACHMENT|../Screenshots/mobileWeb/hbi/Legion Limited Medical/20190311_175909/6.png]]

2019-03-11 18:01:01 - [TEST_STEP][PASSED] - (internal.GlobalVariable.i++): null

2019-03-11 18:01:01 - [MESSAGE][PASSED] - Call Test Case 'Test Cases/mobileWeb/_include/get_screenshot' successfully

2019-03-11 18:01:01 - [TEST_STEP][PASSED] - setText(findTestObject("mobileSanity/HBI/Page_App Page 2/input__credit-card-first"), FirstName): Text 'Test-123' is set on object 'Object Repository/mobileSanity/HBI/Page_App Page 2/input__credit-card-first'

2019-03-11 18:01:02 - [MESSAGE][PASSED] - Text 'Test-123' is set on object 'Object Repository/mobileSanity/HBI/Page_App Page 2/input__credit-card-first'

2019-03-11 18:01:02 - [TEST_STEP][PASSED] - setText(findTestObject("mobileSanity/HBI/Page_App Page 2/input__credit-card-last"), LastName): Text 'ZZ11-RCRgXjhU' is set on object 'Object Repository/mobileSanity/HBI/Page_App Page 2/input__credit-card-last'

2019-03-11 18:01:02 - [MESSAGE][PASSED] - Text 'ZZ11-RCRgXjhU' is set on object 'Object Repository/mobileSanity/HBI/Page_App Page 2/input__credit-card-last'

2019-03-11 18:01:02 - [TEST_STEP][PASSED] - selectOptionByValue(findTestObject("mobileSanity/HBI/Page_App Page 2/select_MM010203040506070809101"), "12", true): All options with value '12' are selected in object 'Object Repository/mobileSanity/HBI/Page_App Page 2/select_MM010203040506070809101'  using regular expression

2019-03-11 18:01:03 - [MESSAGE][PASSED] - All options with value '12' are selected in object 'Object Repository/mobileSanity/HBI/Page_App Page 2/select_MM010203040506070809101'  using regular expression

2019-03-11 18:01:03 - [TEST_STEP][PASSED] - selectOptionByValue(findTestObject("mobileSanity/HBI/Page_App Page 2/select_YYYY2019202020212022202"), "2026", true): All options with value '2026' are selected in object 'Object Repository/mobileSanity/HBI/Page_App Page 2/select_YYYY2019202020212022202'  using regular expression

2019-03-11 18:01:03 - [MESSAGE][PASSED] - All options with value '2026' are selected in object 'Object Repository/mobileSanity/HBI/Page_App Page 2/select_YYYY2019202020212022202'  using regular expression

2019-03-11 18:01:03 - [TEST_STEP][PASSED] - setText(findTestObject("mobileSanity/HBI/Page_App Page 2/input__credit-card-number"), "4111111111111111"): Text '4111111111111111' is set on object 'Object Repository/mobileSanity/HBI/Page_App Page 2/input__credit-card-number'

2019-03-11 18:01:03 - [MESSAGE][PASSED] - Text '4111111111111111' is set on object 'Object Repository/mobileSanity/HBI/Page_App Page 2/input__credit-card-number'

2019-03-11 18:01:03 - [TEST_STEP][PASSED] - setText(findTestObject("mobileSanity/HBI/Page_App Page 2/input__cvv"), "123"): Text '123' is set on object 'Object Repository/mobileSanity/HBI/Page_App Page 2/input__cvv'

2019-03-11 18:01:04 - [MESSAGE][PASSED] - Text '123' is set on object 'Object Repository/mobileSanity/HBI/Page_App Page 2/input__cvv'

2019-03-11 18:01:04 - [TEST_STEP][PASSED] - click(findTestObject("mobileSanity/HBI/Page_App Page 2/label_My billing address is th")): Object: 'Object Repository/mobileSanity/HBI/Page_App Page 2/label_My billing address is th' is clicked on

2019-03-11 18:01:04 - [MESSAGE][PASSED] - Object: 'Object Repository/mobileSanity/HBI/Page_App Page 2/label_My billing address is th' is clicked on

2019-03-11 18:01:04 - [TEST_STEP][PASSED] - click(findTestObject("mobileSanity/HBI/Page_App Page 2/label_I Accept Authorization f")): Object: 'Object Repository/mobileSanity/HBI/Page_App Page 2/label_I Accept Authorization f' is clicked on

2019-03-11 18:01:04 - [MESSAGE][PASSED] - Object: 'Object Repository/mobileSanity/HBI/Page_App Page 2/label_I Accept Authorization f' is clicked on

2019-03-11 18:01:04 - [TEST_STEP][PASSED] - click(findTestObject("mobileSanity/HBI/Page_App Page 2/a_Continue to Step 3 - Review")): Object: 'Object Repository/mobileSanity/HBI/Page_App Page 2/a_Continue to Step 3 - Review' is clicked on

2019-03-11 18:01:04 - [MESSAGE][PASSED] - Object: 'Object Repository/mobileSanity/HBI/Page_App Page 2/a_Continue to Step 3 - Review' is clicked on

2019-03-11 18:01:04 - [TEST_STEP][PASSED] - waitForPageLoad(10): Wait for page load successfully

2019-03-11 18:01:04 - [MESSAGE][PASSED] - Wait for page load successfully

2019-03-11 18:01:04 - [TEST_STEP][PASSED] - callTestCase(findTestCase("mobileWeb/_include/get_screenshot"), [:], STOP_ON_FAILURE): Call Test Case 'Test Cases/mobileWeb/_include/get_screenshot' successfully

2019-03-11 18:01:04 - [TEST_CASE][PASSED] - Test Cases/mobileWeb/_include/get_screenshot: Test Cases/mobileWeb/_include/get_screenshot

2019-03-11 18:01:04 - [TEST_STEP][PASSED] - takeScreenshot(screenPath + i + ".png"): Taking screenshot successfully

2019-03-11 18:01:04 - [MESSAGE][PASSED] - Taking screenshot successfully
[[ATTACHMENT|../Screenshots/mobileWeb/hbi/Legion Limited Medical/20190311_175909/7.png]]

2019-03-11 18:01:04 - [TEST_STEP][PASSED] - (internal.GlobalVariable.i++): null

2019-03-11 18:01:04 - [MESSAGE][PASSED] - Call Test Case 'Test Cases/mobileWeb/_include/get_screenshot' successfully

2019-03-11 18:01:04 - [TEST_STEP][PASSED] - if (test.MobileKeywords.isElementPresent_Web(findTestObject("mobileSanity/HBI/Page_App Page 2/a_No Thanks"), 10)): test.MobileKeywords.isElementPresent_Web is PASSED

2019-03-11 18:01:26 - [MESSAGE][INFO] - Unable to find the element located by 'By.xpath: //a[@type = 'submit' and (text() = 'No Thanks' or . = 'No Thanks')]'. Please recheck the objects properties to make sure the desired element is located. 

2019-03-11 18:01:26 - [MESSAGE][PASSED] - test.MobileKeywords.isElementPresent_Web is PASSED

2019-03-11 18:01:26 - [TEST_STEP][PASSED] - waitForPageLoad(10): Wait for page load successfully

2019-03-11 18:01:26 - [MESSAGE][PASSED] - Wait for page load successfully

2019-03-11 18:01:26 - [TEST_STEP][FAILED] - click(findTestObject("mobileSanity/HBI/Page_App Page 3/label")): click(findTestObject("mobileSanity/HBI/Page_App Page 3/label")) FAILED.
Reason:
com.kms.katalon.core.exception.StepFailedException: Unable to click on object 'Object Repository/mobileSanity/HBI/Page_App Page 3/label' (Root cause: org.openqa.selenium.WebDriverException: unknown error: Element <label for="consent-checkbox-0"></label> is not clickable at point (71, 654). Other element would receive the click: <div class="col-md-11 terms-cell" id="consent-checkbox-0-label">...</div>
  (Session info: chrome=72.0.3626.121)
  (Driver info: chromedriver=2.43.600229 (3fae4d0cda5334b4f533bede5a4787f7b832d052),platform=Mac OS X 10.14.2 x86_64) (WARNING: The server did not provide any stacktrace information)
Command duration or timeout: 0 milliseconds
Build info: version: '3.7.1', revision: '8a0099a', time: '2017-11-06T21:07:36.161Z'
System info: host: 'Deniss-MacBook-Pro.local', ip: 'fe80:0:0:0:18db:5ed3:b3d6:93e7%en0', os.name: 'Mac OS X', os.arch: 'x86_64', os.version: '10.14.2', java.version: '1.8.0_181'
Driver info: com.kms.katalon.selenium.driver.CChromeDriver
Capabilities {acceptInsecureCerts: false, acceptSslCerts: false, applicationCacheEnabled: false, browserConnectionEnabled: false, browserName: chrome, chrome: {chromedriverVersion: 2.43.600229 (3fae4d0cda5334..., userDataDir: /var/folders/95/4qsvf70n5s5...}, cssSelectorsEnabled: true, databaseEnabled: false, goog:chromeOptions: {debuggerAddress: localhost:55410}, handlesAlerts: true, hasTouchScreen: true, javascriptEnabled: true, locationContextEnabled: true, mobileEmulationEnabled: true, nativeEvents: true, networkConnectionEnabled: false, pageLoadStrategy: normal, platform: MAC, platformName: MAC, rotatable: false, setWindowRect: true, takesHeapSnapshot: true, takesScreenshot: true, unexpectedAlertBehaviour: , unhandledPromptBehavior: , version: 72.0.3626.121, webStorageEnabled: true}
Session ID: 6b3cc80f61bee91396c50e9080d836eb)
	at com.kms.katalon.core.keyword.internal.KeywordMain.stepFailed(KeywordMain.groovy:36)
	at com.kms.katalon.core.webui.keyword.internal.WebUIKeywordMain.stepFailed(WebUIKeywordMain.groovy:65)
	at com.kms.katalon.core.webui.keyword.internal.WebUIKeywordMain.runKeyword(WebUIKeywordMain.groovy:27)
	at com.kms.katalon.core.webui.keyword.builtin.ClickKeyword.click(ClickKeyword.groovy:86)
	at com.kms.katalon.core.webui.keyword.builtin.ClickKeyword.execute(ClickKeyword.groovy:67)
	at com.kms.katalon.core.keyword.internal.KeywordExecutor.executeKeywordForPlatform(KeywordExecutor.groovy:53)
	at com.kms.katalon.core.webui.keyword.WebUiBuiltInKeywords.click(WebUiBuiltInKeywords.groovy:616)
	at com.kms.katalon.core.webui.keyword.WebUiBuiltInKeywords$click$3.call(Unknown Source)
	at goToEnd_hbi.run(goToEnd_hbi:85)
	at com.kms.katalon.core.main.ScriptEngine.run(ScriptEngine.java:194)
	at com.kms.katalon.core.main.ScriptEngine.runScriptAsRawText(ScriptEngine.java:119)
	at com.kms.katalon.core.main.TestCaseExecutor.runScript(TestCaseExecutor.java:328)
	at com.kms.katalon.core.main.TestCaseExecutor.doExecute(TestCaseExecutor.java:319)
	at com.kms.katalon.core.main.TestCaseExecutor.processExecutionPhase(TestCaseExecutor.java:298)
	at com.kms.katalon.core.main.TestCaseExecutor.accessMainPhase(TestCaseExecutor.java:290)
	at com.kms.katalon.core.main.TestCaseExecutor.execute(TestCaseExecutor.java:224)
	at com.kms.katalon.core.main.TestCaseMain.runTestCase(TestCaseMain.java:106)
	at com.kms.katalon.core.keyword.builtin.CallTestCaseKeyword$_callTestCase_closure1.doCall(CallTestCaseKeyword.groovy:59)
	at com.kms.katalon.core.keyword.builtin.CallTestCaseKeyword$_callTestCase_closure1.call(CallTestCaseKeyword.groovy)
	at com.kms.katalon.core.keyword.internal.KeywordMain.runKeyword(KeywordMain.groovy:54)
	at com.kms.katalon.core.keyword.builtin.CallTestCaseKeyword.callTestCase(CallTestCaseKeyword.groovy:80)
	at com.kms.katalon.core.keyword.builtin.CallTestCaseKeyword.execute(CallTestCaseKeyword.groovy:44)
	at com.kms.katalon.core.keyword.internal.KeywordExecutor.executeKeywordForPlatform(KeywordExecutor.groovy:53)
	at com.kms.katalon.core.keyword.BuiltinKeywords.callTestCase(BuiltinKeywords.groovy:334)
	at Legion Limited Medical.run(Legion Limited Medical:45)
	at com.kms.katalon.core.main.ScriptEngine.run(ScriptEngine.java:194)
	at com.kms.katalon.core.main.ScriptEngine.runScriptAsRawText(ScriptEngine.java:119)
	at com.kms.katalon.core.main.TestCaseExecutor.runScript(TestCaseExecutor.java:328)
	at com.kms.katalon.core.main.TestCaseExecutor.doExecute(TestCaseExecutor.java:319)
	at com.kms.katalon.core.main.TestCaseExecutor.processExecutionPhase(TestCaseExecutor.java:298)
	at com.kms.katalon.core.main.TestCaseExecutor.accessMainPhase(TestCaseExecutor.java:290)
	at com.kms.katalon.core.main.TestCaseExecutor.execute(TestCaseExecutor.java:224)
	at com.kms.katalon.core.main.TestSuiteExecutor.accessTestCaseMainPhase(TestSuiteExecutor.java:129)
	at com.kms.katalon.core.main.TestSuiteExecutor.accessTestSuiteMainPhase(TestSuiteExecutor.java:112)
	at com.kms.katalon.core.main.TestSuiteExecutor.execute(TestSuiteExecutor.java:81)
	at com.kms.katalon.core.main.TestCaseMain.startTestSuite(TestCaseMain.java:149)
	at com.kms.katalon.core.main.TestCaseMain$startTestSuite$0.call(Unknown Source)
	at TempTestSuite1552298249283.run(TempTestSuite1552298249283.groovy:36)


2019-03-11 18:01:26 - [MESSAGE][FAILED] - Unable to click on object 'Object Repository/mobileSanity/HBI/Page_App Page 3/label' (Root cause: org.openqa.selenium.WebDriverException: unknown error: Element <label for="consent-checkbox-0"></label> is not clickable at point (71, 654). Other element would receive the click: <div class="col-md-11 terms-cell" id="consent-checkbox-0-label">...</div>
  (Session info: chrome=72.0.3626.121)
  (Driver info: chromedriver=2.43.600229 (3fae4d0cda5334b4f533bede5a4787f7b832d052),platform=Mac OS X 10.14.2 x86_64) (WARNING: The server did not provide any stacktrace information)
Command duration or timeout: 0 milliseconds
Build info: version: '3.7.1', revision: '8a0099a', time: '2017-11-06T21:07:36.161Z'
System info: host: 'Deniss-MacBook-Pro.local', ip: 'fe80:0:0:0:18db:5ed3:b3d6:93e7%en0', os.name: 'Mac OS X', os.arch: 'x86_64', os.version: '10.14.2', java.version: '1.8.0_181'
Driver info: com.kms.katalon.selenium.driver.CChromeDriver
Capabilities {acceptInsecureCerts: false, acceptSslCerts: false, applicationCacheEnabled: false, browserConnectionEnabled: false, browserName: chrome, chrome: {chromedriverVersion: 2.43.600229 (3fae4d0cda5334..., userDataDir: /var/folders/95/4qsvf70n5s5...}, cssSelectorsEnabled: true, databaseEnabled: false, goog:chromeOptions: {debuggerAddress: localhost:55410}, handlesAlerts: true, hasTouchScreen: true, javascriptEnabled: true, locationContextEnabled: true, mobileEmulationEnabled: true, nativeEvents: true, networkConnectionEnabled: false, pageLoadStrategy: normal, platform: MAC, platformName: MAC, rotatable: false, setWindowRect: true, takesHeapSnapshot: true, takesScreenshot: true, unexpectedAlertBehaviour: , unhandledPromptBehavior: , version: 72.0.3626.121, webStorageEnabled: true}
Session ID: 6b3cc80f61bee91396c50e9080d836eb)
[[ATTACHMENT|/Users/denisyu/workplace/test/AgileTest/Reports/mobileWeb/hbi/20190311_175719/1552298486387.png]]

2019-03-11 18:01:26 - [MESSAGE][FAILED] - click(findTestObject("mobileSanity/HBI/Page_App Page 3/label")) FAILED.
Reason:
com.kms.katalon.core.exception.StepFailedException: Unable to click on object 'Object Repository/mobileSanity/HBI/Page_App Page 3/label' (Root cause: org.openqa.selenium.WebDriverException: unknown error: Element <label for="consent-checkbox-0"></label> is not clickable at point (71, 654). Other element would receive the click: <div class="col-md-11 terms-cell" id="consent-checkbox-0-label">...</div>
  (Session info: chrome=72.0.3626.121)
  (Driver info: chromedriver=2.43.600229 (3fae4d0cda5334b4f533bede5a4787f7b832d052),platform=Mac OS X 10.14.2 x86_64) (WARNING: The server did not provide any stacktrace information)
Command duration or timeout: 0 milliseconds
Build info: version: '3.7.1', revision: '8a0099a', time: '2017-11-06T21:07:36.161Z'
System info: host: 'Deniss-MacBook-Pro.local', ip: 'fe80:0:0:0:18db:5ed3:b3d6:93e7%en0', os.name: 'Mac OS X', os.arch: 'x86_64', os.version: '10.14.2', java.version: '1.8.0_181'
Driver info: com.kms.katalon.selenium.driver.CChromeDriver
Capabilities {acceptInsecureCerts: false, acceptSslCerts: false, applicationCacheEnabled: false, browserConnectionEnabled: false, browserName: chrome, chrome: {chromedriverVersion: 2.43.600229 (3fae4d0cda5334..., userDataDir: /var/folders/95/4qsvf70n5s5...}, cssSelectorsEnabled: true, databaseEnabled: false, goog:chromeOptions: {debuggerAddress: localhost:55410}, handlesAlerts: true, hasTouchScreen: true, javascriptEnabled: true, locationContextEnabled: true, mobileEmulationEnabled: true, nativeEvents: true, networkConnectionEnabled: false, pageLoadStrategy: normal, platform: MAC, platformName: MAC, rotatable: false, setWindowRect: true, takesHeapSnapshot: true, takesScreenshot: true, unexpectedAlertBehaviour: , unhandledPromptBehavior: , version: 72.0.3626.121, webStorageEnabled: true}
Session ID: 6b3cc80f61bee91396c50e9080d836eb)
	at com.kms.katalon.core.keyword.internal.KeywordMain.stepFailed(KeywordMain.groovy:36)
	at com.kms.katalon.core.webui.keyword.internal.WebUIKeywordMain.stepFailed(WebUIKeywordMain.groovy:65)
	at com.kms.katalon.core.webui.keyword.internal.WebUIKeywordMain.runKeyword(WebUIKeywordMain.groovy:27)
	at com.kms.katalon.core.webui.keyword.builtin.ClickKeyword.click(ClickKeyword.groovy:86)
	at com.kms.katalon.core.webui.keyword.builtin.ClickKeyword.execute(ClickKeyword.groovy:67)
	at com.kms.katalon.core.keyword.internal.KeywordExecutor.executeKeywordForPlatform(KeywordExecutor.groovy:53)
	at com.kms.katalon.core.webui.keyword.WebUiBuiltInKeywords.click(WebUiBuiltInKeywords.groovy:616)
	at com.kms.katalon.core.webui.keyword.WebUiBuiltInKeywords$click$3.call(Unknown Source)
	at goToEnd_hbi.run(goToEnd_hbi:85)
	at com.kms.katalon.core.main.ScriptEngine.run(ScriptEngine.java:194)
	at com.kms.katalon.core.main.ScriptEngine.runScriptAsRawText(ScriptEngine.java:119)
	at com.kms.katalon.core.main.TestCaseExecutor.runScript(TestCaseExecutor.java:328)
	at com.kms.katalon.core.main.TestCaseExecutor.doExecute(TestCaseExecutor.java:319)
	at com.kms.katalon.core.main.TestCaseExecutor.processExecutionPhase(TestCaseExecutor.java:298)
	at com.kms.katalon.core.main.TestCaseExecutor.accessMainPhase(TestCaseExecutor.java:290)
	at com.kms.katalon.core.main.TestCaseExecutor.execute(TestCaseExecutor.java:224)
	at com.kms.katalon.core.main.TestCaseMain.runTestCase(TestCaseMain.java:106)
	at com.kms.katalon.core.keyword.builtin.CallTestCaseKeyword$_callTestCase_closure1.doCall(CallTestCaseKeyword.groovy:59)
	at com.kms.katalon.core.keyword.builtin.CallTestCaseKeyword$_callTestCase_closure1.call(CallTestCaseKeyword.groovy)
	at com.kms.katalon.core.keyword.internal.KeywordMain.runKeyword(KeywordMain.groovy:54)
	at com.kms.katalon.core.keyword.builtin.CallTestCaseKeyword.callTestCase(CallTestCaseKeyword.groovy:80)
	at com.kms.katalon.core.keyword.builtin.CallTestCaseKeyword.execute(CallTestCaseKeyword.groovy:44)
	at com.kms.katalon.core.keyword.internal.KeywordExecutor.executeKeywordForPlatform(KeywordExecutor.groovy:53)
	at com.kms.katalon.core.keyword.BuiltinKeywords.callTestCase(BuiltinKeywords.groovy:334)
	at Legion Limited Medical.run(Legion Limited Medical:45)
	at com.kms.katalon.core.main.ScriptEngine.run(ScriptEngine.java:194)
	at com.kms.katalon.core.main.ScriptEngine.runScriptAsRawText(ScriptEngine.java:119)
	at com.kms.katalon.core.main.TestCaseExecutor.runScript(TestCaseExecutor.java:328)
	at com.kms.katalon.core.main.TestCaseExecutor.doExecute(TestCaseExecutor.java:319)
	at com.kms.katalon.core.main.TestCaseExecutor.processExecutionPhase(TestCaseExecutor.java:298)
	at com.kms.katalon.core.main.TestCaseExecutor.accessMainPhase(TestCaseExecutor.java:290)
	at com.kms.katalon.core.main.TestCaseExecutor.execute(TestCaseExecutor.java:224)
	at com.kms.katalon.core.main.TestSuiteExecutor.accessTestCaseMainPhase(TestSuiteExecutor.java:129)
	at com.kms.katalon.core.main.TestSuiteExecutor.accessTestSuiteMainPhase(TestSuiteExecutor.java:112)
	at com.kms.katalon.core.main.TestSuiteExecutor.execute(TestSuiteExecutor.java:81)
	at com.kms.katalon.core.main.TestCaseMain.startTestSuite(TestCaseMain.java:149)
	at com.kms.katalon.core.main.TestCaseMain$startTestSuite$0.call(Unknown Source)
	at TempTestSuite1552298249283.run(TempTestSuite1552298249283.groovy:36)


2019-03-11 18:01:26 - [MESSAGE][FAILED] - Unable to call Test Case 'Test Cases/mobileWeb/_include/goToEnd_hbi' (Root cause: com.kms.katalon.core.exception.StepFailedException: Call Test Case 'Test Cases/mobileWeb/_include/goToEnd_hbi' failed)

2019-03-11 18:01:26 - [MESSAGE][FAILED] - callTestCase(findTestCase("mobileWeb/_include/goToEnd_hbi"), ["carrier":"legionlimitedmedical"], CONTINUE_ON_FAILURE) FAILED.
Reason:
com.kms.katalon.core.exception.StepFailedException: Unable to click on object 'Object Repository/mobileSanity/HBI/Page_App Page 3/label' (Root cause: org.openqa.selenium.WebDriverException: unknown error: Element <label for="consent-checkbox-0"></label> is not clickable at point (71, 654). Other element would receive the click: <div class="col-md-11 terms-cell" id="consent-checkbox-0-label">...</div>
  (Session info: chrome=72.0.3626.121)
  (Driver info: chromedriver=2.43.600229 (3fae4d0cda5334b4f533bede5a4787f7b832d052),platform=Mac OS X 10.14.2 x86_64) (WARNING: The server did not provide any stacktrace information)
Command duration or timeout: 0 milliseconds
Build info: version: '3.7.1', revision: '8a0099a', time: '2017-11-06T21:07:36.161Z'
System info: host: 'Deniss-MacBook-Pro.local', ip: 'fe80:0:0:0:18db:5ed3:b3d6:93e7%en0', os.name: 'Mac OS X', os.arch: 'x86_64', os.version: '10.14.2', java.version: '1.8.0_181'
Driver info: com.kms.katalon.selenium.driver.CChromeDriver
Capabilities {acceptInsecureCerts: false, acceptSslCerts: false, applicationCacheEnabled: false, browserConnectionEnabled: false, browserName: chrome, chrome: {chromedriverVersion: 2.43.600229 (3fae4d0cda5334..., userDataDir: /var/folders/95/4qsvf70n5s5...}, cssSelectorsEnabled: true, databaseEnabled: false, goog:chromeOptions: {debuggerAddress: localhost:55410}, handlesAlerts: true, hasTouchScreen: true, javascriptEnabled: true, locationContextEnabled: true, mobileEmulationEnabled: true, nativeEvents: true, networkConnectionEnabled: false, pageLoadStrategy: normal, platform: MAC, platformName: MAC, rotatable: false, setWindowRect: true, takesHeapSnapshot: true, takesScreenshot: true, unexpectedAlertBehaviour: , unhandledPromptBehavior: , version: 72.0.3626.121, webStorageEnabled: true}
Session ID: 6b3cc80f61bee91396c50e9080d836eb)
	at com.kms.katalon.core.keyword.internal.KeywordMain.stepFailed(KeywordMain.groovy:36)
	at com.kms.katalon.core.webui.keyword.internal.WebUIKeywordMain.stepFailed(WebUIKeywordMain.groovy:65)
	at com.kms.katalon.core.webui.keyword.internal.WebUIKeywordMain.runKeyword(WebUIKeywordMain.groovy:27)
	at com.kms.katalon.core.webui.keyword.builtin.ClickKeyword.click(ClickKeyword.groovy:86)
	at com.kms.katalon.core.webui.keyword.builtin.ClickKeyword.execute(ClickKeyword.groovy:67)
	at com.kms.katalon.core.keyword.internal.KeywordExecutor.executeKeywordForPlatform(KeywordExecutor.groovy:53)
	at com.kms.katalon.core.webui.keyword.WebUiBuiltInKeywords.click(WebUiBuiltInKeywords.groovy:616)
	at com.kms.katalon.core.webui.keyword.WebUiBuiltInKeywords$click$3.call(Unknown Source)
	at goToEnd_hbi.run(goToEnd_hbi:85)
	at com.kms.katalon.core.main.ScriptEngine.run(ScriptEngine.java:194)
	at com.kms.katalon.core.main.ScriptEngine.runScriptAsRawText(ScriptEngine.java:119)
	at com.kms.katalon.core.main.TestCaseExecutor.runScript(TestCaseExecutor.java:328)
	at com.kms.katalon.core.main.TestCaseExecutor.doExecute(TestCaseExecutor.java:319)
	at com.kms.katalon.core.main.TestCaseExecutor.processExecutionPhase(TestCaseExecutor.java:298)
	at com.kms.katalon.core.main.TestCaseExecutor.accessMainPhase(TestCaseExecutor.java:290)
	at com.kms.katalon.core.main.TestCaseExecutor.execute(TestCaseExecutor.java:224)
	at com.kms.katalon.core.main.TestCaseMain.runTestCase(TestCaseMain.java:106)
	at com.kms.katalon.core.keyword.builtin.CallTestCaseKeyword$_callTestCase_closure1.doCall(CallTestCaseKeyword.groovy:59)
	at com.kms.katalon.core.keyword.builtin.CallTestCaseKeyword$_callTestCase_closure1.call(CallTestCaseKeyword.groovy)
	at com.kms.katalon.core.keyword.internal.KeywordMain.runKeyword(KeywordMain.groovy:54)
	at com.kms.katalon.core.keyword.builtin.CallTestCaseKeyword.callTestCase(CallTestCaseKeyword.groovy:80)
	at com.kms.katalon.core.keyword.builtin.CallTestCaseKeyword.execute(CallTestCaseKeyword.groovy:44)
	at com.kms.katalon.core.keyword.internal.KeywordExecutor.executeKeywordForPlatform(KeywordExecutor.groovy:53)
	at com.kms.katalon.core.keyword.BuiltinKeywords.callTestCase(BuiltinKeywords.groovy:334)
	at Legion Limited Medical.run(Legion Limited Medical:45)
	at com.kms.katalon.core.main.ScriptEngine.run(ScriptEngine.java:194)
	at com.kms.katalon.core.main.ScriptEngine.runScriptAsRawText(ScriptEngine.java:119)
	at com.kms.katalon.core.main.TestCaseExecutor.runScript(TestCaseExecutor.java:328)
	at com.kms.katalon.core.main.TestCaseExecutor.doExecute(TestCaseExecutor.java:319)
	at com.kms.katalon.core.main.TestCaseExecutor.processExecutionPhase(TestCaseExecutor.java:298)
	at com.kms.katalon.core.main.TestCaseExecutor.accessMainPhase(TestCaseExecutor.java:290)
	at com.kms.katalon.core.main.TestCaseExecutor.execute(TestCaseExecutor.java:224)
	at com.kms.katalon.core.main.TestSuiteExecutor.accessTestCaseMainPhase(TestSuiteExecutor.java:129)
	at com.kms.katalon.core.main.TestSuiteExecutor.accessTestSuiteMainPhase(TestSuiteExecutor.java:112)
	at com.kms.katalon.core.main.TestSuiteExecutor.execute(TestSuiteExecutor.java:81)
	at com.kms.katalon.core.main.TestCaseMain.startTestSuite(TestCaseMain.java:149)
	at com.kms.katalon.core.main.TestCaseMain$startTestSuite$0.call(Unknown Source)
	at TempTestSuite1552298249283.run(TempTestSuite1552298249283.groovy:36)]]></system-out>
         <system-err><![CDATA[2019-03-11 17:59:09 - [TEST_CASE][FAILED] - Test Cases/mobileWeb/HBI/Legion Limited Medical: Test Cases/mobileWeb/HBI/Legion Limited Medical FAILED.
Reason:
com.kms.katalon.core.exception.StepFailedException: Unable to click on object 'Object Repository/mobileSanity/HBI/Page_App Page 3/label' (Root cause: org.openqa.selenium.WebDriverException: unknown error: Element <label for="consent-checkbox-0"></label> is not clickable at point (71, 654). Other element would receive the click: <div class="col-md-11 terms-cell" id="consent-checkbox-0-label">...</div>
  (Session info: chrome=72.0.3626.121)
  (Driver info: chromedriver=2.43.600229 (3fae4d0cda5334b4f533bede5a4787f7b832d052),platform=Mac OS X 10.14.2 x86_64) (WARNING: The server did not provide any stacktrace information)
Command duration or timeout: 0 milliseconds
Build info: version: '3.7.1', revision: '8a0099a', time: '2017-11-06T21:07:36.161Z'
System info: host: 'Deniss-MacBook-Pro.local', ip: 'fe80:0:0:0:18db:5ed3:b3d6:93e7%en0', os.name: 'Mac OS X', os.arch: 'x86_64', os.version: '10.14.2', java.version: '1.8.0_181'
Driver info: com.kms.katalon.selenium.driver.CChromeDriver
Capabilities {acceptInsecureCerts: false, acceptSslCerts: false, applicationCacheEnabled: false, browserConnectionEnabled: false, browserName: chrome, chrome: {chromedriverVersion: 2.43.600229 (3fae4d0cda5334..., userDataDir: /var/folders/95/4qsvf70n5s5...}, cssSelectorsEnabled: true, databaseEnabled: false, goog:chromeOptions: {debuggerAddress: localhost:55410}, handlesAlerts: true, hasTouchScreen: true, javascriptEnabled: true, locationContextEnabled: true, mobileEmulationEnabled: true, nativeEvents: true, networkConnectionEnabled: false, pageLoadStrategy: normal, platform: MAC, platformName: MAC, rotatable: false, setWindowRect: true, takesHeapSnapshot: true, takesScreenshot: true, unexpectedAlertBehaviour: , unhandledPromptBehavior: , version: 72.0.3626.121, webStorageEnabled: true}
Session ID: 6b3cc80f61bee91396c50e9080d836eb)
	at com.kms.katalon.core.keyword.internal.KeywordMain.stepFailed(KeywordMain.groovy:36)
	at com.kms.katalon.core.webui.keyword.internal.WebUIKeywordMain.stepFailed(WebUIKeywordMain.groovy:65)
	at com.kms.katalon.core.webui.keyword.internal.WebUIKeywordMain.runKeyword(WebUIKeywordMain.groovy:27)
	at com.kms.katalon.core.webui.keyword.builtin.ClickKeyword.click(ClickKeyword.groovy:86)
	at com.kms.katalon.core.webui.keyword.builtin.ClickKeyword.execute(ClickKeyword.groovy:67)
	at com.kms.katalon.core.keyword.internal.KeywordExecutor.executeKeywordForPlatform(KeywordExecutor.groovy:53)
	at com.kms.katalon.core.webui.keyword.WebUiBuiltInKeywords.click(WebUiBuiltInKeywords.groovy:616)
	at com.kms.katalon.core.webui.keyword.WebUiBuiltInKeywords$click$3.call(Unknown Source)
	at goToEnd_hbi.run(goToEnd_hbi:85)
	at com.kms.katalon.core.main.ScriptEngine.run(ScriptEngine.java:194)
	at com.kms.katalon.core.main.ScriptEngine.runScriptAsRawText(ScriptEngine.java:119)
	at com.kms.katalon.core.main.TestCaseExecutor.runScript(TestCaseExecutor.java:328)
	at com.kms.katalon.core.main.TestCaseExecutor.doExecute(TestCaseExecutor.java:319)
	at com.kms.katalon.core.main.TestCaseExecutor.processExecutionPhase(TestCaseExecutor.java:298)
	at com.kms.katalon.core.main.TestCaseExecutor.accessMainPhase(TestCaseExecutor.java:290)
	at com.kms.katalon.core.main.TestCaseExecutor.execute(TestCaseExecutor.java:224)
	at com.kms.katalon.core.main.TestCaseMain.runTestCase(TestCaseMain.java:106)
	at com.kms.katalon.core.keyword.builtin.CallTestCaseKeyword$_callTestCase_closure1.doCall(CallTestCaseKeyword.groovy:59)
	at com.kms.katalon.core.keyword.builtin.CallTestCaseKeyword$_callTestCase_closure1.call(CallTestCaseKeyword.groovy)
	at com.kms.katalon.core.keyword.internal.KeywordMain.runKeyword(KeywordMain.groovy:54)
	at com.kms.katalon.core.keyword.builtin.CallTestCaseKeyword.callTestCase(CallTestCaseKeyword.groovy:80)
	at com.kms.katalon.core.keyword.builtin.CallTestCaseKeyword.execute(CallTestCaseKeyword.groovy:44)
	at com.kms.katalon.core.keyword.internal.KeywordExecutor.executeKeywordForPlatform(KeywordExecutor.groovy:53)
	at com.kms.katalon.core.keyword.BuiltinKeywords.callTestCase(BuiltinKeywords.groovy:334)
	at Legion Limited Medical.run(Legion Limited Medical:45)
	at com.kms.katalon.core.main.ScriptEngine.run(ScriptEngine.java:194)
	at com.kms.katalon.core.main.ScriptEngine.runScriptAsRawText(ScriptEngine.java:119)
	at com.kms.katalon.core.main.TestCaseExecutor.runScript(TestCaseExecutor.java:328)
	at com.kms.katalon.core.main.TestCaseExecutor.doExecute(TestCaseExecutor.java:319)
	at com.kms.katalon.core.main.TestCaseExecutor.processExecutionPhase(TestCaseExecutor.java:298)
	at com.kms.katalon.core.main.TestCaseExecutor.accessMainPhase(TestCaseExecutor.java:290)
	at com.kms.katalon.core.main.TestCaseExecutor.execute(TestCaseExecutor.java:224)
	at com.kms.katalon.core.main.TestSuiteExecutor.accessTestCaseMainPhase(TestSuiteExecutor.java:129)
	at com.kms.katalon.core.main.TestSuiteExecutor.accessTestSuiteMainPhase(TestSuiteExecutor.java:112)
	at com.kms.katalon.core.main.TestSuiteExecutor.execute(TestSuiteExecutor.java:81)
	at com.kms.katalon.core.main.TestCaseMain.startTestSuite(TestCaseMain.java:149)
	at com.kms.katalon.core.main.TestCaseMain$startTestSuite$0.call(Unknown Source)
	at TempTestSuite1552298249283.run(TempTestSuite1552298249283.groovy:36)]]></system-err>
      </testcase>
      <testcase name="Test Cases/mobileWeb/HBI/Cardinal Choice" classname="Test Cases/mobileWeb/HBI/Cardinal Choice" status="FAILED">
         <failure type="FAILED" message="Test Cases/mobileWeb/HBI/Cardinal Choice FAILED.
Reason:
com.kms.katalon.core.exception.StepFailedException: Unable to click on object 'Object Repository/mobileSanity/HBI/Page_App Page 3/label' (Root cause: org.openqa.selenium.WebDriverException: unknown error: Element &lt;label for=&quot;consent-checkbox-0&quot;>&lt;/label> is not clickable at point (71, 654). Other element would receive the click: &lt;div class=&quot;col-md-11 terms-cell&quot; id=&quot;consent-checkbox-0-label&quot;>...&lt;/div>
  (Session info: chrome=72.0.3626.121)
  (Driver info: chromedriver=2.43.600229 (3fae4d0cda5334b4f533bede5a4787f7b832d052),platform=Mac OS X 10.14.2 x86_64) (WARNING: The server did not provide any stacktrace information)
Command duration or timeout: 0 milliseconds
Build info: version: '3.7.1', revision: '8a0099a', time: '2017-11-06T21:07:36.161Z'
System info: host: 'Deniss-MacBook-Pro.local', ip: 'fe80:0:0:0:18db:5ed3:b3d6:93e7%en0', os.name: 'Mac OS X', os.arch: 'x86_64', os.version: '10.14.2', java.version: '1.8.0_181'
Driver info: com.kms.katalon.selenium.driver.CChromeDriver
Capabilities {acceptInsecureCerts: false, acceptSslCerts: false, applicationCacheEnabled: false, browserConnectionEnabled: false, browserName: chrome, chrome: {chromedriverVersion: 2.43.600229 (3fae4d0cda5334..., userDataDir: /var/folders/95/4qsvf70n5s5...}, cssSelectorsEnabled: true, databaseEnabled: false, goog:chromeOptions: {debuggerAddress: localhost:56307}, handlesAlerts: true, hasTouchScreen: true, javascriptEnabled: true, locationContextEnabled: true, mobileEmulationEnabled: true, nativeEvents: true, networkConnectionEnabled: false, pageLoadStrategy: normal, platform: MAC, platformName: MAC, rotatable: false, setWindowRect: true, takesHeapSnapshot: true, takesScreenshot: true, unexpectedAlertBehaviour: , unhandledPromptBehavior: , version: 72.0.3626.121, webStorageEnabled: true}
Session ID: db03d6bb0761972eda1ac8247e31c60b)
	at com.kms.katalon.core.keyword.internal.KeywordMain.stepFailed(KeywordMain.groovy:36)
	at com.kms.katalon.core.webui.keyword.internal.WebUIKeywordMain.stepFailed(WebUIKeywordMain.groovy:65)
	at com.kms.katalon.core.webui.keyword.internal.WebUIKeywordMain.runKeyword(WebUIKeywordMain.groovy:27)
	at com.kms.katalon.core.webui.keyword.builtin.ClickKeyword.click(ClickKeyword.groovy:86)
	at com.kms.katalon.core.webui.keyword.builtin.ClickKeyword.execute(ClickKeyword.groovy:67)
	at com.kms.katalon.core.keyword.internal.KeywordExecutor.executeKeywordForPlatform(KeywordExecutor.groovy:53)
	at com.kms.katalon.core.webui.keyword.WebUiBuiltInKeywords.click(WebUiBuiltInKeywords.groovy:616)
	at com.kms.katalon.core.webui.keyword.WebUiBuiltInKeywords$click$3.call(Unknown Source)
	at goToEnd_hbi.run(goToEnd_hbi:85)
	at com.kms.katalon.core.main.ScriptEngine.run(ScriptEngine.java:194)
	at com.kms.katalon.core.main.ScriptEngine.runScriptAsRawText(ScriptEngine.java:119)
	at com.kms.katalon.core.main.TestCaseExecutor.runScript(TestCaseExecutor.java:328)
	at com.kms.katalon.core.main.TestCaseExecutor.doExecute(TestCaseExecutor.java:319)
	at com.kms.katalon.core.main.TestCaseExecutor.processExecutionPhase(TestCaseExecutor.java:298)
	at com.kms.katalon.core.main.TestCaseExecutor.accessMainPhase(TestCaseExecutor.java:290)
	at com.kms.katalon.core.main.TestCaseExecutor.execute(TestCaseExecutor.java:224)
	at com.kms.katalon.core.main.TestCaseMain.runTestCase(TestCaseMain.java:106)
	at com.kms.katalon.core.keyword.builtin.CallTestCaseKeyword$_callTestCase_closure1.doCall(CallTestCaseKeyword.groovy:59)
	at com.kms.katalon.core.keyword.builtin.CallTestCaseKeyword$_callTestCase_closure1.call(CallTestCaseKeyword.groovy)
	at com.kms.katalon.core.keyword.internal.KeywordMain.runKeyword(KeywordMain.groovy:54)
	at com.kms.katalon.core.keyword.builtin.CallTestCaseKeyword.callTestCase(CallTestCaseKeyword.groovy:80)
	at com.kms.katalon.core.keyword.builtin.CallTestCaseKeyword.execute(CallTestCaseKeyword.groovy:44)
	at com.kms.katalon.core.keyword.internal.KeywordExecutor.executeKeywordForPlatform(KeywordExecutor.groovy:53)
	at com.kms.katalon.core.keyword.BuiltinKeywords.callTestCase(BuiltinKeywords.groovy:334)
	at Cardinal Choice.run(Cardinal Choice:53)
	at com.kms.katalon.core.main.ScriptEngine.run(ScriptEngine.java:194)
	at com.kms.katalon.core.main.ScriptEngine.runScriptAsRawText(ScriptEngine.java:119)
	at com.kms.katalon.core.main.TestCaseExecutor.runScript(TestCaseExecutor.java:328)
	at com.kms.katalon.core.main.TestCaseExecutor.doExecute(TestCaseExecutor.java:319)
	at com.kms.katalon.core.main.TestCaseExecutor.processExecutionPhase(TestCaseExecutor.java:298)
	at com.kms.katalon.core.main.TestCaseExecutor.accessMainPhase(TestCaseExecutor.java:290)
	at com.kms.katalon.core.main.TestCaseExecutor.execute(TestCaseExecutor.java:224)
	at com.kms.katalon.core.main.TestSuiteExecutor.accessTestCaseMainPhase(TestSuiteExecutor.java:129)
	at com.kms.katalon.core.main.TestSuiteExecutor.accessTestSuiteMainPhase(TestSuiteExecutor.java:112)
	at com.kms.katalon.core.main.TestSuiteExecutor.execute(TestSuiteExecutor.java:81)
	at com.kms.katalon.core.main.TestCaseMain.startTestSuite(TestCaseMain.java:149)
	at com.kms.katalon.core.main.TestCaseMain$startTestSuite$0.call(Unknown Source)
	at TempTestSuite1552298249283.run(TempTestSuite1552298249283.groovy:36)
"/>
         <system-out><![CDATA[2019-03-11 18:01:26 - [TEST_CASE][FAILED] - Test Cases/mobileWeb/HBI/Cardinal Choice: Test Cases/mobileWeb/HBI/Cardinal Choice FAILED.
Reason:
com.kms.katalon.core.exception.StepFailedException: Unable to click on object 'Object Repository/mobileSanity/HBI/Page_App Page 3/label' (Root cause: org.openqa.selenium.WebDriverException: unknown error: Element <label for="consent-checkbox-0"></label> is not clickable at point (71, 654). Other element would receive the click: <div class="col-md-11 terms-cell" id="consent-checkbox-0-label">...</div>
  (Session info: chrome=72.0.3626.121)
  (Driver info: chromedriver=2.43.600229 (3fae4d0cda5334b4f533bede5a4787f7b832d052),platform=Mac OS X 10.14.2 x86_64) (WARNING: The server did not provide any stacktrace information)
Command duration or timeout: 0 milliseconds
Build info: version: '3.7.1', revision: '8a0099a', time: '2017-11-06T21:07:36.161Z'
System info: host: 'Deniss-MacBook-Pro.local', ip: 'fe80:0:0:0:18db:5ed3:b3d6:93e7%en0', os.name: 'Mac OS X', os.arch: 'x86_64', os.version: '10.14.2', java.version: '1.8.0_181'
Driver info: com.kms.katalon.selenium.driver.CChromeDriver
Capabilities {acceptInsecureCerts: false, acceptSslCerts: false, applicationCacheEnabled: false, browserConnectionEnabled: false, browserName: chrome, chrome: {chromedriverVersion: 2.43.600229 (3fae4d0cda5334..., userDataDir: /var/folders/95/4qsvf70n5s5...}, cssSelectorsEnabled: true, databaseEnabled: false, goog:chromeOptions: {debuggerAddress: localhost:56307}, handlesAlerts: true, hasTouchScreen: true, javascriptEnabled: true, locationContextEnabled: true, mobileEmulationEnabled: true, nativeEvents: true, networkConnectionEnabled: false, pageLoadStrategy: normal, platform: MAC, platformName: MAC, rotatable: false, setWindowRect: true, takesHeapSnapshot: true, takesScreenshot: true, unexpectedAlertBehaviour: , unhandledPromptBehavior: , version: 72.0.3626.121, webStorageEnabled: true}
Session ID: db03d6bb0761972eda1ac8247e31c60b)
	at com.kms.katalon.core.keyword.internal.KeywordMain.stepFailed(KeywordMain.groovy:36)
	at com.kms.katalon.core.webui.keyword.internal.WebUIKeywordMain.stepFailed(WebUIKeywordMain.groovy:65)
	at com.kms.katalon.core.webui.keyword.internal.WebUIKeywordMain.runKeyword(WebUIKeywordMain.groovy:27)
	at com.kms.katalon.core.webui.keyword.builtin.ClickKeyword.click(ClickKeyword.groovy:86)
	at com.kms.katalon.core.webui.keyword.builtin.ClickKeyword.execute(ClickKeyword.groovy:67)
	at com.kms.katalon.core.keyword.internal.KeywordExecutor.executeKeywordForPlatform(KeywordExecutor.groovy:53)
	at com.kms.katalon.core.webui.keyword.WebUiBuiltInKeywords.click(WebUiBuiltInKeywords.groovy:616)
	at com.kms.katalon.core.webui.keyword.WebUiBuiltInKeywords$click$3.call(Unknown Source)
	at goToEnd_hbi.run(goToEnd_hbi:85)
	at com.kms.katalon.core.main.ScriptEngine.run(ScriptEngine.java:194)
	at com.kms.katalon.core.main.ScriptEngine.runScriptAsRawText(ScriptEngine.java:119)
	at com.kms.katalon.core.main.TestCaseExecutor.runScript(TestCaseExecutor.java:328)
	at com.kms.katalon.core.main.TestCaseExecutor.doExecute(TestCaseExecutor.java:319)
	at com.kms.katalon.core.main.TestCaseExecutor.processExecutionPhase(TestCaseExecutor.java:298)
	at com.kms.katalon.core.main.TestCaseExecutor.accessMainPhase(TestCaseExecutor.java:290)
	at com.kms.katalon.core.main.TestCaseExecutor.execute(TestCaseExecutor.java:224)
	at com.kms.katalon.core.main.TestCaseMain.runTestCase(TestCaseMain.java:106)
	at com.kms.katalon.core.keyword.builtin.CallTestCaseKeyword$_callTestCase_closure1.doCall(CallTestCaseKeyword.groovy:59)
	at com.kms.katalon.core.keyword.builtin.CallTestCaseKeyword$_callTestCase_closure1.call(CallTestCaseKeyword.groovy)
	at com.kms.katalon.core.keyword.internal.KeywordMain.runKeyword(KeywordMain.groovy:54)
	at com.kms.katalon.core.keyword.builtin.CallTestCaseKeyword.callTestCase(CallTestCaseKeyword.groovy:80)
	at com.kms.katalon.core.keyword.builtin.CallTestCaseKeyword.execute(CallTestCaseKeyword.groovy:44)
	at com.kms.katalon.core.keyword.internal.KeywordExecutor.executeKeywordForPlatform(KeywordExecutor.groovy:53)
	at com.kms.katalon.core.keyword.BuiltinKeywords.callTestCase(BuiltinKeywords.groovy:334)
	at Cardinal Choice.run(Cardinal Choice:53)
	at com.kms.katalon.core.main.ScriptEngine.run(ScriptEngine.java:194)
	at com.kms.katalon.core.main.ScriptEngine.runScriptAsRawText(ScriptEngine.java:119)
	at com.kms.katalon.core.main.TestCaseExecutor.runScript(TestCaseExecutor.java:328)
	at com.kms.katalon.core.main.TestCaseExecutor.doExecute(TestCaseExecutor.java:319)
	at com.kms.katalon.core.main.TestCaseExecutor.processExecutionPhase(TestCaseExecutor.java:298)
	at com.kms.katalon.core.main.TestCaseExecutor.accessMainPhase(TestCaseExecutor.java:290)
	at com.kms.katalon.core.main.TestCaseExecutor.execute(TestCaseExecutor.java:224)
	at com.kms.katalon.core.main.TestSuiteExecutor.accessTestCaseMainPhase(TestSuiteExecutor.java:129)
	at com.kms.katalon.core.main.TestSuiteExecutor.accessTestSuiteMainPhase(TestSuiteExecutor.java:112)
	at com.kms.katalon.core.main.TestSuiteExecutor.execute(TestSuiteExecutor.java:81)
	at com.kms.katalon.core.main.TestCaseMain.startTestSuite(TestCaseMain.java:149)
	at com.kms.katalon.core.main.TestCaseMain$startTestSuite$0.call(Unknown Source)
	at TempTestSuite1552298249283.run(TempTestSuite1552298249283.groovy:36)


2019-03-11 18:01:26 - [TEST_STEP][PASSED] - now = new java.util.Date(): null

2019-03-11 18:01:26 - [TEST_STEP][PASSED] - mydate = now.format("yyyyMMdd_HHmmss"): null

2019-03-11 18:01:26 - [TEST_STEP][PASSED] - screenPath = hbiPath + "Cardinal Choice/" + mydate + "/": null

2019-03-11 18:01:26 - [TEST_STEP][PASSED] - i = 0: null

2019-03-11 18:01:26 - [TEST_STEP][PASSED] - callTestCase(findTestCase("mobileWeb/_include/openWebSite"), [:], CONTINUE_ON_FAILURE): Call Test Case 'Test Cases/mobileWeb/_include/openWebSite' successfully

2019-03-11 18:01:26 - [TEST_CASE][PASSED] - Test Cases/mobileWeb/_include/openWebSite: Test Cases/mobileWeb/_include/openWebSite

2019-03-11 18:01:26 - [TEST_STEP][PASSED] - openBrowser(""): Browser is opened with url: ''

2019-03-11 18:01:26 - [MESSAGE][WARNING] - A browser is already opened. Closing browser and opening a new one

2019-03-11 18:01:27 - [MESSAGE][INFO] - Starting 'Chrome' driver

2019-03-11 18:01:27 - [MESSAGE][INFO] - User set preference: ['mobileEmulation', '{deviceName=iPhone 8}']

2019-03-11 18:01:27 - [MESSAGE][INFO] - User set preference: ['args', '[--incognito, --aggressive-cache-discard]']

2019-03-11 18:01:28 - [MESSAGE][PASSED] - Browser is opened with url: ''

2019-03-11 18:01:28 - [TEST_STEP][PASSED] - navigateToUrl(ENV): Navigate to 'https://praetemptatus.agilehealthinsurance.com' successfully

2019-03-11 18:01:31 - [MESSAGE][PASSED] - Navigate to 'https://praetemptatus.agilehealthinsurance.com' successfully

2019-03-11 18:01:31 - [TEST_STEP][PASSED] - waitForPageLoad(10): Wait for page load successfully

2019-03-11 18:01:31 - [MESSAGE][PASSED] - Wait for page load successfully

2019-03-11 18:01:31 - [TEST_STEP][PASSED] - callTestCase(findTestCase("mobileWeb/_include/get_screenshot"), [:], STOP_ON_FAILURE): Call Test Case 'Test Cases/mobileWeb/_include/get_screenshot' successfully

2019-03-11 18:01:32 - [TEST_CASE][PASSED] - Test Cases/mobileWeb/_include/get_screenshot: Test Cases/mobileWeb/_include/get_screenshot

2019-03-11 18:01:32 - [TEST_STEP][PASSED] - takeScreenshot(screenPath + i + ".png"): Taking screenshot successfully

2019-03-11 18:01:33 - [MESSAGE][PASSED] - Taking screenshot successfully
[[ATTACHMENT|../Screenshots/mobileWeb/hbi/Cardinal Choice/20190311_180126/0.png]]

2019-03-11 18:01:33 - [TEST_STEP][PASSED] - (internal.GlobalVariable.i++): null

2019-03-11 18:01:33 - [MESSAGE][PASSED] - Call Test Case 'Test Cases/mobileWeb/_include/get_screenshot' successfully

2019-03-11 18:01:33 - [MESSAGE][PASSED] - Call Test Case 'Test Cases/mobileWeb/_include/openWebSite' successfully

2019-03-11 18:01:33 - [TEST_STEP][PASSED] - callTestCase(findTestCase("mobileWeb/_include/census_hbi"), [:], CONTINUE_ON_FAILURE): Call Test Case 'Test Cases/mobileWeb/_include/census_hbi' successfully

2019-03-11 18:01:33 - [TEST_CASE][PASSED] - Test Cases/mobileWeb/_include/census_hbi: Test Cases/mobileWeb/_include/census_hbi

2019-03-11 18:01:33 - [TEST_STEP][PASSED] - click(findTestObject("mobileSanity/Common/side_nav/menu")): Object: 'Object Repository/mobileSanity/Common/side_nav/menu' is clicked on

2019-03-11 18:01:33 - [MESSAGE][PASSED] - Object: 'Object Repository/mobileSanity/Common/side_nav/menu' is clicked on

2019-03-11 18:01:33 - [TEST_STEP][PASSED] - Thread.sleep(3000): null

2019-03-11 18:01:36 - [TEST_STEP][PASSED] - click(findTestObject("mobileSanity/Common/side_nav/nav_hbi")): Object: 'Object Repository/mobileSanity/Common/side_nav/nav_hbi' is clicked on

2019-03-11 18:01:37 - [MESSAGE][PASSED] - Object: 'Object Repository/mobileSanity/Common/side_nav/nav_hbi' is clicked on

2019-03-11 18:01:37 - [TEST_STEP][PASSED] - waitForPageLoad(10): Wait for page load successfully

2019-03-11 18:01:37 - [MESSAGE][PASSED] - Wait for page load successfully

2019-03-11 18:01:37 - [TEST_STEP][PASSED] - callTestCase(findTestCase("mobileWeb/_include/get_screenshot"), [:], STOP_ON_FAILURE): Call Test Case 'Test Cases/mobileWeb/_include/get_screenshot' successfully

2019-03-11 18:01:37 - [TEST_CASE][PASSED] - Test Cases/mobileWeb/_include/get_screenshot: Test Cases/mobileWeb/_include/get_screenshot

2019-03-11 18:01:37 - [TEST_STEP][PASSED] - takeScreenshot(screenPath + i + ".png"): Taking screenshot successfully

2019-03-11 18:01:38 - [MESSAGE][PASSED] - Taking screenshot successfully
[[ATTACHMENT|../Screenshots/mobileWeb/hbi/Cardinal Choice/20190311_180126/1.png]]

2019-03-11 18:01:38 - [TEST_STEP][PASSED] - (internal.GlobalVariable.i++): null

2019-03-11 18:01:38 - [MESSAGE][PASSED] - Call Test Case 'Test Cases/mobileWeb/_include/get_screenshot' successfully

2019-03-11 18:01:38 - [TEST_STEP][PASSED] - setText(findTestObject("mobileSanity/HBI/census/input_Location_zip-input"), zipcode): Text '35215' is set on object 'Object Repository/mobileSanity/HBI/census/input_Location_zip-input'

2019-03-11 18:01:38 - [MESSAGE][PASSED] - Text '35215' is set on object 'Object Repository/mobileSanity/HBI/census/input_Location_zip-input'

2019-03-11 18:01:38 - [TEST_STEP][PASSED] - Thread.sleep(500): null

2019-03-11 18:01:39 - [TEST_STEP][PASSED] - setText(findTestObject("mobileSanity/HBI/census/input_Date of Birth_dob-0"), "12/12/1980"): Text '12/12/1980' is set on object 'Object Repository/mobileSanity/HBI/census/input_Date of Birth_dob-0'

2019-03-11 18:01:39 - [MESSAGE][PASSED] - Text '12/12/1980' is set on object 'Object Repository/mobileSanity/HBI/census/input_Date of Birth_dob-0'

2019-03-11 18:01:39 - [TEST_STEP][PASSED] - click(findTestObject("mobileSanity/HBI/census/label_Male")): Object: 'Object Repository/mobileSanity/HBI/census/label_Male' is clicked on

2019-03-11 18:01:39 - [MESSAGE][PASSED] - Object: 'Object Repository/mobileSanity/HBI/census/label_Male' is clicked on

2019-03-11 18:01:39 - [TEST_STEP][PASSED] - click(findTestObject("mobileSanity/HBI/census/label_Get a Quote")): Object: 'Object Repository/mobileSanity/HBI/census/label_Get a Quote' is clicked on

2019-03-11 18:01:39 - [MESSAGE][PASSED] - Object: 'Object Repository/mobileSanity/HBI/census/label_Get a Quote' is clicked on

2019-03-11 18:01:39 - [TEST_STEP][PASSED] - waitForPageLoad(10): Wait for page load successfully

2019-03-11 18:01:39 - [MESSAGE][PASSED] - Wait for page load successfully

2019-03-11 18:01:39 - [TEST_STEP][PASSED] - callTestCase(findTestCase("mobileWeb/_include/get_screenshot"), [:], STOP_ON_FAILURE): Call Test Case 'Test Cases/mobileWeb/_include/get_screenshot' successfully

2019-03-11 18:01:39 - [TEST_CASE][PASSED] - Test Cases/mobileWeb/_include/get_screenshot: Test Cases/mobileWeb/_include/get_screenshot

2019-03-11 18:01:39 - [TEST_STEP][PASSED] - takeScreenshot(screenPath + i + ".png"): Taking screenshot successfully

2019-03-11 18:01:45 - [MESSAGE][PASSED] - Taking screenshot successfully
[[ATTACHMENT|../Screenshots/mobileWeb/hbi/Cardinal Choice/20190311_180126/2.png]]

2019-03-11 18:01:45 - [TEST_STEP][PASSED] - (internal.GlobalVariable.i++): null

2019-03-11 18:01:45 - [MESSAGE][PASSED] - Call Test Case 'Test Cases/mobileWeb/_include/get_screenshot' successfully

2019-03-11 18:01:45 - [MESSAGE][PASSED] - Call Test Case 'Test Cases/mobileWeb/_include/census_hbi' successfully

2019-03-11 18:01:45 - [TEST_STEP][PASSED] - Thread.sleep(5000): null

2019-03-11 18:01:50 - [TEST_STEP][PASSED] - scrollToPosition(200, 2300): Browser is scrolled to position x = 200, y = 2300

2019-03-11 18:01:50 - [MESSAGE][PASSED] - Browser is scrolled to position x = 200, y = 2300

2019-03-11 18:01:50 - [TEST_STEP][PASSED] - click(findTestObject("mobileSanity/HBI/quote/a_Cardinal Choice")): Object: 'Object Repository/mobileSanity/HBI/quote/a_Cardinal Choice' is clicked on

2019-03-11 18:03:09 - [MESSAGE][PASSED] - Object: 'Object Repository/mobileSanity/HBI/quote/a_Cardinal Choice' is clicked on

2019-03-11 18:03:09 - [TEST_STEP][PASSED] - waitForPageLoad(10): Wait for page load successfully

2019-03-11 18:03:09 - [MESSAGE][PASSED] - Wait for page load successfully

2019-03-11 18:03:09 - [TEST_STEP][PASSED] - callTestCase(findTestCase("mobileWeb/_include/get_screenshot"), [:], STOP_ON_FAILURE): Call Test Case 'Test Cases/mobileWeb/_include/get_screenshot' successfully

2019-03-11 18:03:09 - [TEST_CASE][PASSED] - Test Cases/mobileWeb/_include/get_screenshot: Test Cases/mobileWeb/_include/get_screenshot

2019-03-11 18:03:09 - [TEST_STEP][PASSED] - takeScreenshot(screenPath + i + ".png"): Taking screenshot successfully

2019-03-11 18:03:10 - [MESSAGE][PASSED] - Taking screenshot successfully
[[ATTACHMENT|../Screenshots/mobileWeb/hbi/Cardinal Choice/20190311_180126/3.png]]

2019-03-11 18:03:10 - [TEST_STEP][PASSED] - (internal.GlobalVariable.i++): null

2019-03-11 18:03:10 - [MESSAGE][PASSED] - Call Test Case 'Test Cases/mobileWeb/_include/get_screenshot' successfully

2019-03-11 18:03:10 - [TEST_STEP][PASSED] - click(findTestObject("mobileSanity/HBI/detail/a_Apply for This Plan")): Object: 'Object Repository/mobileSanity/HBI/detail/a_Apply for This Plan' is clicked on

2019-03-11 18:03:11 - [MESSAGE][PASSED] - Object: 'Object Repository/mobileSanity/HBI/detail/a_Apply for This Plan' is clicked on

2019-03-11 18:03:11 - [TEST_STEP][PASSED] - waitForPageLoad(10): Wait for page load successfully

2019-03-11 18:03:11 - [MESSAGE][PASSED] - Wait for page load successfully

2019-03-11 18:03:11 - [TEST_STEP][PASSED] - callTestCase(findTestCase("mobileWeb/_include/get_screenshot"), [:], STOP_ON_FAILURE): Call Test Case 'Test Cases/mobileWeb/_include/get_screenshot' successfully

2019-03-11 18:03:11 - [TEST_CASE][PASSED] - Test Cases/mobileWeb/_include/get_screenshot: Test Cases/mobileWeb/_include/get_screenshot

2019-03-11 18:03:11 - [TEST_STEP][PASSED] - takeScreenshot(screenPath + i + ".png"): Taking screenshot successfully

2019-03-11 18:03:12 - [MESSAGE][PASSED] - Taking screenshot successfully
[[ATTACHMENT|../Screenshots/mobileWeb/hbi/Cardinal Choice/20190311_180126/4.png]]

2019-03-11 18:03:12 - [TEST_STEP][PASSED] - (internal.GlobalVariable.i++): null

2019-03-11 18:03:12 - [MESSAGE][PASSED] - Call Test Case 'Test Cases/mobileWeb/_include/get_screenshot' successfully

2019-03-11 18:03:12 - [TEST_STEP][PASSED] - click(findTestObject("mobileSanity/HBI/Page_Apply/span_Start Secure Application")): Object: 'Object Repository/mobileSanity/HBI/Page_Apply/span_Start Secure Application' is clicked on

2019-03-11 18:03:14 - [MESSAGE][PASSED] - Object: 'Object Repository/mobileSanity/HBI/Page_Apply/span_Start Secure Application' is clicked on

2019-03-11 18:03:14 - [TEST_STEP][PASSED] - waitForPageLoad(10): Wait for page load successfully

2019-03-11 18:03:14 - [MESSAGE][PASSED] - Wait for page load successfully

2019-03-11 18:03:14 - [TEST_STEP][PASSED] - callTestCase(findTestCase("mobileWeb/_include/get_screenshot"), [:], STOP_ON_FAILURE): Call Test Case 'Test Cases/mobileWeb/_include/get_screenshot' successfully

2019-03-11 18:03:14 - [TEST_CASE][PASSED] - Test Cases/mobileWeb/_include/get_screenshot: Test Cases/mobileWeb/_include/get_screenshot

2019-03-11 18:03:14 - [TEST_STEP][PASSED] - takeScreenshot(screenPath + i + ".png"): Taking screenshot successfully

2019-03-11 18:03:15 - [MESSAGE][PASSED] - Taking screenshot successfully
[[ATTACHMENT|../Screenshots/mobileWeb/hbi/Cardinal Choice/20190311_180126/5.png]]

2019-03-11 18:03:15 - [TEST_STEP][PASSED] - (internal.GlobalVariable.i++): null

2019-03-11 18:03:15 - [MESSAGE][PASSED] - Call Test Case 'Test Cases/mobileWeb/_include/get_screenshot' successfully

2019-03-11 18:03:15 - [TEST_STEP][FAILED] - callTestCase(findTestCase("mobileWeb/_include/goToEnd_hbi"), ["carrier":"cardinalchoice"], CONTINUE_ON_FAILURE): callTestCase(findTestCase("mobileWeb/_include/goToEnd_hbi"), ["carrier":"cardinalchoice"], CONTINUE_ON_FAILURE) FAILED.
Reason:
com.kms.katalon.core.exception.StepFailedException: Unable to click on object 'Object Repository/mobileSanity/HBI/Page_App Page 3/label' (Root cause: org.openqa.selenium.WebDriverException: unknown error: Element <label for="consent-checkbox-0"></label> is not clickable at point (71, 654). Other element would receive the click: <div class="col-md-11 terms-cell" id="consent-checkbox-0-label">...</div>
  (Session info: chrome=72.0.3626.121)
  (Driver info: chromedriver=2.43.600229 (3fae4d0cda5334b4f533bede5a4787f7b832d052),platform=Mac OS X 10.14.2 x86_64) (WARNING: The server did not provide any stacktrace information)
Command duration or timeout: 0 milliseconds
Build info: version: '3.7.1', revision: '8a0099a', time: '2017-11-06T21:07:36.161Z'
System info: host: 'Deniss-MacBook-Pro.local', ip: 'fe80:0:0:0:18db:5ed3:b3d6:93e7%en0', os.name: 'Mac OS X', os.arch: 'x86_64', os.version: '10.14.2', java.version: '1.8.0_181'
Driver info: com.kms.katalon.selenium.driver.CChromeDriver
Capabilities {acceptInsecureCerts: false, acceptSslCerts: false, applicationCacheEnabled: false, browserConnectionEnabled: false, browserName: chrome, chrome: {chromedriverVersion: 2.43.600229 (3fae4d0cda5334..., userDataDir: /var/folders/95/4qsvf70n5s5...}, cssSelectorsEnabled: true, databaseEnabled: false, goog:chromeOptions: {debuggerAddress: localhost:56307}, handlesAlerts: true, hasTouchScreen: true, javascriptEnabled: true, locationContextEnabled: true, mobileEmulationEnabled: true, nativeEvents: true, networkConnectionEnabled: false, pageLoadStrategy: normal, platform: MAC, platformName: MAC, rotatable: false, setWindowRect: true, takesHeapSnapshot: true, takesScreenshot: true, unexpectedAlertBehaviour: , unhandledPromptBehavior: , version: 72.0.3626.121, webStorageEnabled: true}
Session ID: db03d6bb0761972eda1ac8247e31c60b)
	at com.kms.katalon.core.keyword.internal.KeywordMain.stepFailed(KeywordMain.groovy:36)
	at com.kms.katalon.core.webui.keyword.internal.WebUIKeywordMain.stepFailed(WebUIKeywordMain.groovy:65)
	at com.kms.katalon.core.webui.keyword.internal.WebUIKeywordMain.runKeyword(WebUIKeywordMain.groovy:27)
	at com.kms.katalon.core.webui.keyword.builtin.ClickKeyword.click(ClickKeyword.groovy:86)
	at com.kms.katalon.core.webui.keyword.builtin.ClickKeyword.execute(ClickKeyword.groovy:67)
	at com.kms.katalon.core.keyword.internal.KeywordExecutor.executeKeywordForPlatform(KeywordExecutor.groovy:53)
	at com.kms.katalon.core.webui.keyword.WebUiBuiltInKeywords.click(WebUiBuiltInKeywords.groovy:616)
	at com.kms.katalon.core.webui.keyword.WebUiBuiltInKeywords$click$3.call(Unknown Source)
	at goToEnd_hbi.run(goToEnd_hbi:85)
	at com.kms.katalon.core.main.ScriptEngine.run(ScriptEngine.java:194)
	at com.kms.katalon.core.main.ScriptEngine.runScriptAsRawText(ScriptEngine.java:119)
	at com.kms.katalon.core.main.TestCaseExecutor.runScript(TestCaseExecutor.java:328)
	at com.kms.katalon.core.main.TestCaseExecutor.doExecute(TestCaseExecutor.java:319)
	at com.kms.katalon.core.main.TestCaseExecutor.processExecutionPhase(TestCaseExecutor.java:298)
	at com.kms.katalon.core.main.TestCaseExecutor.accessMainPhase(TestCaseExecutor.java:290)
	at com.kms.katalon.core.main.TestCaseExecutor.execute(TestCaseExecutor.java:224)
	at com.kms.katalon.core.main.TestCaseMain.runTestCase(TestCaseMain.java:106)
	at com.kms.katalon.core.keyword.builtin.CallTestCaseKeyword$_callTestCase_closure1.doCall(CallTestCaseKeyword.groovy:59)
	at com.kms.katalon.core.keyword.builtin.CallTestCaseKeyword$_callTestCase_closure1.call(CallTestCaseKeyword.groovy)
	at com.kms.katalon.core.keyword.internal.KeywordMain.runKeyword(KeywordMain.groovy:54)
	at com.kms.katalon.core.keyword.builtin.CallTestCaseKeyword.callTestCase(CallTestCaseKeyword.groovy:80)
	at com.kms.katalon.core.keyword.builtin.CallTestCaseKeyword.execute(CallTestCaseKeyword.groovy:44)
	at com.kms.katalon.core.keyword.internal.KeywordExecutor.executeKeywordForPlatform(KeywordExecutor.groovy:53)
	at com.kms.katalon.core.keyword.BuiltinKeywords.callTestCase(BuiltinKeywords.groovy:334)
	at Cardinal Choice.run(Cardinal Choice:53)
	at com.kms.katalon.core.main.ScriptEngine.run(ScriptEngine.java:194)
	at com.kms.katalon.core.main.ScriptEngine.runScriptAsRawText(ScriptEngine.java:119)
	at com.kms.katalon.core.main.TestCaseExecutor.runScript(TestCaseExecutor.java:328)
	at com.kms.katalon.core.main.TestCaseExecutor.doExecute(TestCaseExecutor.java:319)
	at com.kms.katalon.core.main.TestCaseExecutor.processExecutionPhase(TestCaseExecutor.java:298)
	at com.kms.katalon.core.main.TestCaseExecutor.accessMainPhase(TestCaseExecutor.java:290)
	at com.kms.katalon.core.main.TestCaseExecutor.execute(TestCaseExecutor.java:224)
	at com.kms.katalon.core.main.TestSuiteExecutor.accessTestCaseMainPhase(TestSuiteExecutor.java:129)
	at com.kms.katalon.core.main.TestSuiteExecutor.accessTestSuiteMainPhase(TestSuiteExecutor.java:112)
	at com.kms.katalon.core.main.TestSuiteExecutor.execute(TestSuiteExecutor.java:81)
	at com.kms.katalon.core.main.TestCaseMain.startTestSuite(TestCaseMain.java:149)
	at com.kms.katalon.core.main.TestCaseMain$startTestSuite$0.call(Unknown Source)
	at TempTestSuite1552298249283.run(TempTestSuite1552298249283.groovy:36)


2019-03-11 18:03:15 - [TEST_CASE][FAILED] - Test Cases/mobileWeb/_include/goToEnd_hbi: Test Cases/mobileWeb/_include/goToEnd_hbi FAILED.
Reason:
com.kms.katalon.core.exception.StepFailedException: Unable to click on object 'Object Repository/mobileSanity/HBI/Page_App Page 3/label' (Root cause: org.openqa.selenium.WebDriverException: unknown error: Element <label for="consent-checkbox-0"></label> is not clickable at point (71, 654). Other element would receive the click: <div class="col-md-11 terms-cell" id="consent-checkbox-0-label">...</div>
  (Session info: chrome=72.0.3626.121)
  (Driver info: chromedriver=2.43.600229 (3fae4d0cda5334b4f533bede5a4787f7b832d052),platform=Mac OS X 10.14.2 x86_64) (WARNING: The server did not provide any stacktrace information)
Command duration or timeout: 0 milliseconds
Build info: version: '3.7.1', revision: '8a0099a', time: '2017-11-06T21:07:36.161Z'
System info: host: 'Deniss-MacBook-Pro.local', ip: 'fe80:0:0:0:18db:5ed3:b3d6:93e7%en0', os.name: 'Mac OS X', os.arch: 'x86_64', os.version: '10.14.2', java.version: '1.8.0_181'
Driver info: com.kms.katalon.selenium.driver.CChromeDriver
Capabilities {acceptInsecureCerts: false, acceptSslCerts: false, applicationCacheEnabled: false, browserConnectionEnabled: false, browserName: chrome, chrome: {chromedriverVersion: 2.43.600229 (3fae4d0cda5334..., userDataDir: /var/folders/95/4qsvf70n5s5...}, cssSelectorsEnabled: true, databaseEnabled: false, goog:chromeOptions: {debuggerAddress: localhost:56307}, handlesAlerts: true, hasTouchScreen: true, javascriptEnabled: true, locationContextEnabled: true, mobileEmulationEnabled: true, nativeEvents: true, networkConnectionEnabled: false, pageLoadStrategy: normal, platform: MAC, platformName: MAC, rotatable: false, setWindowRect: true, takesHeapSnapshot: true, takesScreenshot: true, unexpectedAlertBehaviour: , unhandledPromptBehavior: , version: 72.0.3626.121, webStorageEnabled: true}
Session ID: db03d6bb0761972eda1ac8247e31c60b)
	at com.kms.katalon.core.keyword.internal.KeywordMain.stepFailed(KeywordMain.groovy:36)
	at com.kms.katalon.core.webui.keyword.internal.WebUIKeywordMain.stepFailed(WebUIKeywordMain.groovy:65)
	at com.kms.katalon.core.webui.keyword.internal.WebUIKeywordMain.runKeyword(WebUIKeywordMain.groovy:27)
	at com.kms.katalon.core.webui.keyword.builtin.ClickKeyword.click(ClickKeyword.groovy:86)
	at com.kms.katalon.core.webui.keyword.builtin.ClickKeyword.execute(ClickKeyword.groovy:67)
	at com.kms.katalon.core.keyword.internal.KeywordExecutor.executeKeywordForPlatform(KeywordExecutor.groovy:53)
	at com.kms.katalon.core.webui.keyword.WebUiBuiltInKeywords.click(WebUiBuiltInKeywords.groovy:616)
	at com.kms.katalon.core.webui.keyword.WebUiBuiltInKeywords$click$3.call(Unknown Source)
	at goToEnd_hbi.run(goToEnd_hbi:85)
	at com.kms.katalon.core.main.ScriptEngine.run(ScriptEngine.java:194)
	at com.kms.katalon.core.main.ScriptEngine.runScriptAsRawText(ScriptEngine.java:119)
	at com.kms.katalon.core.main.TestCaseExecutor.runScript(TestCaseExecutor.java:328)
	at com.kms.katalon.core.main.TestCaseExecutor.doExecute(TestCaseExecutor.java:319)
	at com.kms.katalon.core.main.TestCaseExecutor.processExecutionPhase(TestCaseExecutor.java:298)
	at com.kms.katalon.core.main.TestCaseExecutor.accessMainPhase(TestCaseExecutor.java:290)
	at com.kms.katalon.core.main.TestCaseExecutor.execute(TestCaseExecutor.java:224)
	at com.kms.katalon.core.main.TestCaseMain.runTestCase(TestCaseMain.java:106)
	at com.kms.katalon.core.keyword.builtin.CallTestCaseKeyword$_callTestCase_closure1.doCall(CallTestCaseKeyword.groovy:59)
	at com.kms.katalon.core.keyword.builtin.CallTestCaseKeyword$_callTestCase_closure1.call(CallTestCaseKeyword.groovy)
	at com.kms.katalon.core.keyword.internal.KeywordMain.runKeyword(KeywordMain.groovy:54)
	at com.kms.katalon.core.keyword.builtin.CallTestCaseKeyword.callTestCase(CallTestCaseKeyword.groovy:80)
	at com.kms.katalon.core.keyword.builtin.CallTestCaseKeyword.execute(CallTestCaseKeyword.groovy:44)
	at com.kms.katalon.core.keyword.internal.KeywordExecutor.executeKeywordForPlatform(KeywordExecutor.groovy:53)
	at com.kms.katalon.core.keyword.BuiltinKeywords.callTestCase(BuiltinKeywords.groovy:334)
	at Cardinal Choice.run(Cardinal Choice:53)
	at com.kms.katalon.core.main.ScriptEngine.run(ScriptEngine.java:194)
	at com.kms.katalon.core.main.ScriptEngine.runScriptAsRawText(ScriptEngine.java:119)
	at com.kms.katalon.core.main.TestCaseExecutor.runScript(TestCaseExecutor.java:328)
	at com.kms.katalon.core.main.TestCaseExecutor.doExecute(TestCaseExecutor.java:319)
	at com.kms.katalon.core.main.TestCaseExecutor.processExecutionPhase(TestCaseExecutor.java:298)
	at com.kms.katalon.core.main.TestCaseExecutor.accessMainPhase(TestCaseExecutor.java:290)
	at com.kms.katalon.core.main.TestCaseExecutor.execute(TestCaseExecutor.java:224)
	at com.kms.katalon.core.main.TestSuiteExecutor.accessTestCaseMainPhase(TestSuiteExecutor.java:129)
	at com.kms.katalon.core.main.TestSuiteExecutor.accessTestSuiteMainPhase(TestSuiteExecutor.java:112)
	at com.kms.katalon.core.main.TestSuiteExecutor.execute(TestSuiteExecutor.java:81)
	at com.kms.katalon.core.main.TestCaseMain.startTestSuite(TestCaseMain.java:149)
	at com.kms.katalon.core.main.TestCaseMain$startTestSuite$0.call(Unknown Source)
	at TempTestSuite1552298249283.run(TempTestSuite1552298249283.groovy:36)


2019-03-11 18:03:15 - [TEST_STEP][PASSED] - callTestCase(findTestCase("mobileWeb/_include/name"), [:], CONTINUE_ON_FAILURE): Call Test Case 'Test Cases/mobileWeb/_include/name' successfully

2019-03-11 18:03:15 - [TEST_CASE][PASSED] - Test Cases/mobileWeb/_include/name: Test Cases/mobileWeb/_include/name

2019-03-11 18:03:15 - [TEST_STEP][PASSED] - driver = getWebDriver(): null

2019-03-11 18:03:15 - [TEST_STEP][PASSED] - selenium = new com.thoughtworks.selenium.webdriven.WebDriverBackedSelenium(driver, internal.GlobalVariable.ENV): null

2019-03-11 18:03:15 - [TEST_STEP][PASSED] - FirstName = "Test-123": null

2019-03-11 18:03:15 - [TEST_STEP][PASSED] - LastName = selenium.getEval("{var x="ABCDEFGHIJKLMNOPQRSTUVWXYZabcdefghijklmnopqrstuvwxyz"; var tmp="ZZ11-"; for (i=0;i<8;i++) tmp+=x.charAt(Math.ceil(51*Math.random()));tmp;}"): null

2019-03-11 18:03:15 - [TEST_STEP][PASSED] - Address = selenium.getEval("{var x="ABCDEFGHIJKLMNOPQRSTUVWXYZabcdefghijklmnopqrstuvwxyz"; var tmp=""; for (i=0;i<8;i++) tmp+=x.charAt(Math.ceil(51*Math.random()));tmp;}"): null

2019-03-11 18:03:15 - [TEST_STEP][PASSED] - City = selenium.getEval("{var x="ABCDEFGHIJKLMNOPQRSTUVWXYZabcdefghijklmnopqrstuvwxyz"; var tmp=""; for (i=0;i<8;i++) tmp+=x.charAt(Math.ceil(51*Math.random()));tmp;}"): null

2019-03-11 18:03:15 - [TEST_STEP][PASSED] - tel1 = selenium.getEval("{var x="123456789"; var tmp=""; for (i=0;i<3;i++) tmp+=x.charAt(Math.ceil(8*Math.random()));tmp;}"): null

2019-03-11 18:03:15 - [TEST_STEP][PASSED] - tel2 = selenium.getEval("{var x="123456789"; var tmp=""; for (i=0;i<3;i++) tmp+=x.charAt(Math.ceil(8*Math.random()));tmp;}"): null

2019-03-11 18:03:15 - [TEST_STEP][PASSED] - tel3 = selenium.getEval("{var x="123456789"; var tmp=""; for (i=0;i<4;i++) tmp+=x.charAt(Math.ceil(8*Math.random()));tmp;}"): null

2019-03-11 18:03:15 - [TEST_STEP][PASSED] - Tel = selenium.getExpression(tel1 + "-" + tel2 + "-" + tel3): null

2019-03-11 18:03:15 - [TEST_STEP][PASSED] - AutoEmail = selenium.getEval("{var x="ABCDEFGHIJKLMNOPQRSTUVWXYZabcdefghijklmnopqrstuvwxyz"; var tmp="test."; for (i=0;i<8;i++) tmp+=x.charAt(Math.ceil(51*Math.random()));tmp+="@suryani.cn";}"): null

2019-03-11 18:03:15 - [TEST_STEP][PASSED] - FirstName = FirstName: null

2019-03-11 18:03:15 - [TEST_STEP][PASSED] - LastName = LastName: null

2019-03-11 18:03:15 - [TEST_STEP][PASSED] - Address = Address: null

2019-03-11 18:03:15 - [TEST_STEP][PASSED] - City = City: null

2019-03-11 18:03:15 - [TEST_STEP][PASSED] - Tel = Tel: null

2019-03-11 18:03:15 - [TEST_STEP][PASSED] - AutoEmail = AutoEmail: null

2019-03-11 18:03:15 - [TEST_STEP][PASSED] - println(FirstName): null

2019-03-11 18:03:15 - [TEST_STEP][PASSED] - println(LastName): null

2019-03-11 18:03:15 - [TEST_STEP][PASSED] - println(Address): null

2019-03-11 18:03:15 - [TEST_STEP][PASSED] - println(City): null

2019-03-11 18:03:15 - [TEST_STEP][PASSED] - println(Tel): null

2019-03-11 18:03:15 - [TEST_STEP][PASSED] - println(AutoEmail): null

2019-03-11 18:03:15 - [MESSAGE][PASSED] - Call Test Case 'Test Cases/mobileWeb/_include/name' successfully

2019-03-11 18:03:15 - [TEST_STEP][PASSED] - setText(findTestObject("mobileSanity/HBI/Page_App Page 1/input__member-P-1-firstName"), FirstName): Text 'Test-123' is set on object 'Object Repository/mobileSanity/HBI/Page_App Page 1/input__member-P-1-firstName'

2019-03-11 18:03:17 - [MESSAGE][PASSED] - Text 'Test-123' is set on object 'Object Repository/mobileSanity/HBI/Page_App Page 1/input__member-P-1-firstName'

2019-03-11 18:03:17 - [TEST_STEP][PASSED] - setText(findTestObject("mobileSanity/HBI/Page_App Page 1/input__member-P-1-lastName"), LastName): Text 'ZZ11-oiGaibEp' is set on object 'Object Repository/mobileSanity/HBI/Page_App Page 1/input__member-P-1-lastName'

2019-03-11 18:03:17 - [MESSAGE][PASSED] - Text 'ZZ11-oiGaibEp' is set on object 'Object Repository/mobileSanity/HBI/Page_App Page 1/input__member-P-1-lastName'

2019-03-11 18:03:17 - [TEST_STEP][PASSED] - if (carrier == "agileone" || carrier == "agilesecure"): null

2019-03-11 18:03:17 - [TEST_STEP][PASSED] - setText(findTestObject("mobileSanity/HBI/Page_App Page 1/input__address"), Address): Text 'IjgujhLc' is set on object 'Object Repository/mobileSanity/HBI/Page_App Page 1/input__address'

2019-03-11 18:03:17 - [MESSAGE][PASSED] - Text 'IjgujhLc' is set on object 'Object Repository/mobileSanity/HBI/Page_App Page 1/input__address'

2019-03-11 18:03:17 - [TEST_STEP][PASSED] - setText(findTestObject("mobileSanity/HBI/Page_App Page 1/input__city"), City): Text 'CPfWhomK' is set on object 'Object Repository/mobileSanity/HBI/Page_App Page 1/input__city'

2019-03-11 18:03:17 - [MESSAGE][PASSED] - Text 'CPfWhomK' is set on object 'Object Repository/mobileSanity/HBI/Page_App Page 1/input__city'

2019-03-11 18:03:17 - [TEST_STEP][PASSED] - setText(findTestObject("mobileSanity/HBI/Page_App Page 1/input__email"), AutoEmail): Text 'test.aCVUChiW@suryani.cn' is set on object 'Object Repository/mobileSanity/HBI/Page_App Page 1/input__email'

2019-03-11 18:03:18 - [MESSAGE][PASSED] - Text 'test.aCVUChiW@suryani.cn' is set on object 'Object Repository/mobileSanity/HBI/Page_App Page 1/input__email'

2019-03-11 18:03:18 - [TEST_STEP][PASSED] - setText(findTestObject("mobileSanity/HBI/Page_App Page 1/input_tel"), Tel): Text '999-358-7775' is set on object 'Object Repository/mobileSanity/HBI/Page_App Page 1/input_tel'

2019-03-11 18:03:18 - [MESSAGE][PASSED] - Text '999-358-7775' is set on object 'Object Repository/mobileSanity/HBI/Page_App Page 1/input_tel'

2019-03-11 18:03:18 - [TEST_STEP][PASSED] - click(findTestObject("mobileSanity/HBI/Page_App Page 1/a_Continue to Step 2 - Payment")): Object: 'Object Repository/mobileSanity/HBI/Page_App Page 1/a_Continue to Step 2 - Payment' is clicked on

2019-03-11 18:03:18 - [MESSAGE][PASSED] - Object: 'Object Repository/mobileSanity/HBI/Page_App Page 1/a_Continue to Step 2 - Payment' is clicked on

2019-03-11 18:03:18 - [TEST_STEP][PASSED] - waitForPageLoad(10): Wait for page load successfully

2019-03-11 18:03:18 - [MESSAGE][PASSED] - Wait for page load successfully

2019-03-11 18:03:18 - [TEST_STEP][PASSED] - callTestCase(findTestCase("mobileWeb/_include/get_screenshot"), [:], STOP_ON_FAILURE): Call Test Case 'Test Cases/mobileWeb/_include/get_screenshot' successfully

2019-03-11 18:03:18 - [TEST_CASE][PASSED] - Test Cases/mobileWeb/_include/get_screenshot: Test Cases/mobileWeb/_include/get_screenshot

2019-03-11 18:03:18 - [TEST_STEP][PASSED] - takeScreenshot(screenPath + i + ".png"): Taking screenshot successfully

2019-03-11 18:03:19 - [MESSAGE][PASSED] - Taking screenshot successfully
[[ATTACHMENT|../Screenshots/mobileWeb/hbi/Cardinal Choice/20190311_180126/6.png]]

2019-03-11 18:03:19 - [TEST_STEP][PASSED] - (internal.GlobalVariable.i++): null

2019-03-11 18:03:19 - [MESSAGE][PASSED] - Call Test Case 'Test Cases/mobileWeb/_include/get_screenshot' successfully

2019-03-11 18:03:19 - [TEST_STEP][PASSED] - setText(findTestObject("mobileSanity/HBI/Page_App Page 2/input__credit-card-first"), FirstName): Text 'Test-123' is set on object 'Object Repository/mobileSanity/HBI/Page_App Page 2/input__credit-card-first'

2019-03-11 18:03:20 - [MESSAGE][PASSED] - Text 'Test-123' is set on object 'Object Repository/mobileSanity/HBI/Page_App Page 2/input__credit-card-first'

2019-03-11 18:03:20 - [TEST_STEP][PASSED] - setText(findTestObject("mobileSanity/HBI/Page_App Page 2/input__credit-card-last"), LastName): Text 'ZZ11-oiGaibEp' is set on object 'Object Repository/mobileSanity/HBI/Page_App Page 2/input__credit-card-last'

2019-03-11 18:03:20 - [MESSAGE][PASSED] - Text 'ZZ11-oiGaibEp' is set on object 'Object Repository/mobileSanity/HBI/Page_App Page 2/input__credit-card-last'

2019-03-11 18:03:20 - [TEST_STEP][PASSED] - selectOptionByValue(findTestObject("mobileSanity/HBI/Page_App Page 2/select_MM010203040506070809101"), "12", true): All options with value '12' are selected in object 'Object Repository/mobileSanity/HBI/Page_App Page 2/select_MM010203040506070809101'  using regular expression

2019-03-11 18:03:21 - [MESSAGE][PASSED] - All options with value '12' are selected in object 'Object Repository/mobileSanity/HBI/Page_App Page 2/select_MM010203040506070809101'  using regular expression

2019-03-11 18:03:21 - [TEST_STEP][PASSED] - selectOptionByValue(findTestObject("mobileSanity/HBI/Page_App Page 2/select_YYYY2019202020212022202"), "2026", true): All options with value '2026' are selected in object 'Object Repository/mobileSanity/HBI/Page_App Page 2/select_YYYY2019202020212022202'  using regular expression

2019-03-11 18:03:21 - [MESSAGE][PASSED] - All options with value '2026' are selected in object 'Object Repository/mobileSanity/HBI/Page_App Page 2/select_YYYY2019202020212022202'  using regular expression

2019-03-11 18:03:21 - [TEST_STEP][PASSED] - setText(findTestObject("mobileSanity/HBI/Page_App Page 2/input__credit-card-number"), "4111111111111111"): Text '4111111111111111' is set on object 'Object Repository/mobileSanity/HBI/Page_App Page 2/input__credit-card-number'

2019-03-11 18:03:22 - [MESSAGE][PASSED] - Text '4111111111111111' is set on object 'Object Repository/mobileSanity/HBI/Page_App Page 2/input__credit-card-number'

2019-03-11 18:03:22 - [TEST_STEP][PASSED] - setText(findTestObject("mobileSanity/HBI/Page_App Page 2/input__cvv"), "123"): Text '123' is set on object 'Object Repository/mobileSanity/HBI/Page_App Page 2/input__cvv'

2019-03-11 18:03:22 - [MESSAGE][PASSED] - Text '123' is set on object 'Object Repository/mobileSanity/HBI/Page_App Page 2/input__cvv'

2019-03-11 18:03:22 - [TEST_STEP][PASSED] - click(findTestObject("mobileSanity/HBI/Page_App Page 2/label_My billing address is th")): Object: 'Object Repository/mobileSanity/HBI/Page_App Page 2/label_My billing address is th' is clicked on

2019-03-11 18:03:22 - [MESSAGE][PASSED] - Object: 'Object Repository/mobileSanity/HBI/Page_App Page 2/label_My billing address is th' is clicked on

2019-03-11 18:03:22 - [TEST_STEP][PASSED] - click(findTestObject("mobileSanity/HBI/Page_App Page 2/label_I Accept Authorization f")): Object: 'Object Repository/mobileSanity/HBI/Page_App Page 2/label_I Accept Authorization f' is clicked on

2019-03-11 18:03:22 - [MESSAGE][PASSED] - Object: 'Object Repository/mobileSanity/HBI/Page_App Page 2/label_I Accept Authorization f' is clicked on

2019-03-11 18:03:22 - [TEST_STEP][PASSED] - click(findTestObject("mobileSanity/HBI/Page_App Page 2/a_Continue to Step 3 - Review")): Object: 'Object Repository/mobileSanity/HBI/Page_App Page 2/a_Continue to Step 3 - Review' is clicked on

2019-03-11 18:03:22 - [MESSAGE][PASSED] - Object: 'Object Repository/mobileSanity/HBI/Page_App Page 2/a_Continue to Step 3 - Review' is clicked on

2019-03-11 18:03:22 - [TEST_STEP][PASSED] - waitForPageLoad(10): Wait for page load successfully

2019-03-11 18:03:22 - [MESSAGE][PASSED] - Wait for page load successfully

2019-03-11 18:03:22 - [TEST_STEP][PASSED] - callTestCase(findTestCase("mobileWeb/_include/get_screenshot"), [:], STOP_ON_FAILURE): Call Test Case 'Test Cases/mobileWeb/_include/get_screenshot' successfully

2019-03-11 18:03:23 - [TEST_CASE][PASSED] - Test Cases/mobileWeb/_include/get_screenshot: Test Cases/mobileWeb/_include/get_screenshot

2019-03-11 18:03:23 - [TEST_STEP][PASSED] - takeScreenshot(screenPath + i + ".png"): Taking screenshot successfully

2019-03-11 18:03:23 - [MESSAGE][PASSED] - Taking screenshot successfully
[[ATTACHMENT|../Screenshots/mobileWeb/hbi/Cardinal Choice/20190311_180126/7.png]]

2019-03-11 18:03:23 - [TEST_STEP][PASSED] - (internal.GlobalVariable.i++): null

2019-03-11 18:03:23 - [MESSAGE][PASSED] - Call Test Case 'Test Cases/mobileWeb/_include/get_screenshot' successfully

2019-03-11 18:03:23 - [TEST_STEP][PASSED] - if (test.MobileKeywords.isElementPresent_Web(findTestObject("mobileSanity/HBI/Page_App Page 2/a_No Thanks"), 10)): test.MobileKeywords.isElementPresent_Web is PASSED

2019-03-11 18:03:44 - [MESSAGE][INFO] - Unable to find the element located by 'By.xpath: //a[@type = 'submit' and (text() = 'No Thanks' or . = 'No Thanks')]'. Please recheck the objects properties to make sure the desired element is located. 

2019-03-11 18:03:44 - [MESSAGE][PASSED] - test.MobileKeywords.isElementPresent_Web is PASSED

2019-03-11 18:03:44 - [TEST_STEP][PASSED] - waitForPageLoad(10): Wait for page load successfully

2019-03-11 18:03:44 - [MESSAGE][PASSED] - Wait for page load successfully

2019-03-11 18:03:44 - [TEST_STEP][FAILED] - click(findTestObject("mobileSanity/HBI/Page_App Page 3/label")): click(findTestObject("mobileSanity/HBI/Page_App Page 3/label")) FAILED.
Reason:
com.kms.katalon.core.exception.StepFailedException: Unable to click on object 'Object Repository/mobileSanity/HBI/Page_App Page 3/label' (Root cause: org.openqa.selenium.WebDriverException: unknown error: Element <label for="consent-checkbox-0"></label> is not clickable at point (71, 654). Other element would receive the click: <div class="col-md-11 terms-cell" id="consent-checkbox-0-label">...</div>
  (Session info: chrome=72.0.3626.121)
  (Driver info: chromedriver=2.43.600229 (3fae4d0cda5334b4f533bede5a4787f7b832d052),platform=Mac OS X 10.14.2 x86_64) (WARNING: The server did not provide any stacktrace information)
Command duration or timeout: 0 milliseconds
Build info: version: '3.7.1', revision: '8a0099a', time: '2017-11-06T21:07:36.161Z'
System info: host: 'Deniss-MacBook-Pro.local', ip: 'fe80:0:0:0:18db:5ed3:b3d6:93e7%en0', os.name: 'Mac OS X', os.arch: 'x86_64', os.version: '10.14.2', java.version: '1.8.0_181'
Driver info: com.kms.katalon.selenium.driver.CChromeDriver
Capabilities {acceptInsecureCerts: false, acceptSslCerts: false, applicationCacheEnabled: false, browserConnectionEnabled: false, browserName: chrome, chrome: {chromedriverVersion: 2.43.600229 (3fae4d0cda5334..., userDataDir: /var/folders/95/4qsvf70n5s5...}, cssSelectorsEnabled: true, databaseEnabled: false, goog:chromeOptions: {debuggerAddress: localhost:56307}, handlesAlerts: true, hasTouchScreen: true, javascriptEnabled: true, locationContextEnabled: true, mobileEmulationEnabled: true, nativeEvents: true, networkConnectionEnabled: false, pageLoadStrategy: normal, platform: MAC, platformName: MAC, rotatable: false, setWindowRect: true, takesHeapSnapshot: true, takesScreenshot: true, unexpectedAlertBehaviour: , unhandledPromptBehavior: , version: 72.0.3626.121, webStorageEnabled: true}
Session ID: db03d6bb0761972eda1ac8247e31c60b)
	at com.kms.katalon.core.keyword.internal.KeywordMain.stepFailed(KeywordMain.groovy:36)
	at com.kms.katalon.core.webui.keyword.internal.WebUIKeywordMain.stepFailed(WebUIKeywordMain.groovy:65)
	at com.kms.katalon.core.webui.keyword.internal.WebUIKeywordMain.runKeyword(WebUIKeywordMain.groovy:27)
	at com.kms.katalon.core.webui.keyword.builtin.ClickKeyword.click(ClickKeyword.groovy:86)
	at com.kms.katalon.core.webui.keyword.builtin.ClickKeyword.execute(ClickKeyword.groovy:67)
	at com.kms.katalon.core.keyword.internal.KeywordExecutor.executeKeywordForPlatform(KeywordExecutor.groovy:53)
	at com.kms.katalon.core.webui.keyword.WebUiBuiltInKeywords.click(WebUiBuiltInKeywords.groovy:616)
	at com.kms.katalon.core.webui.keyword.WebUiBuiltInKeywords$click$3.call(Unknown Source)
	at goToEnd_hbi.run(goToEnd_hbi:85)
	at com.kms.katalon.core.main.ScriptEngine.run(ScriptEngine.java:194)
	at com.kms.katalon.core.main.ScriptEngine.runScriptAsRawText(ScriptEngine.java:119)
	at com.kms.katalon.core.main.TestCaseExecutor.runScript(TestCaseExecutor.java:328)
	at com.kms.katalon.core.main.TestCaseExecutor.doExecute(TestCaseExecutor.java:319)
	at com.kms.katalon.core.main.TestCaseExecutor.processExecutionPhase(TestCaseExecutor.java:298)
	at com.kms.katalon.core.main.TestCaseExecutor.accessMainPhase(TestCaseExecutor.java:290)
	at com.kms.katalon.core.main.TestCaseExecutor.execute(TestCaseExecutor.java:224)
	at com.kms.katalon.core.main.TestCaseMain.runTestCase(TestCaseMain.java:106)
	at com.kms.katalon.core.keyword.builtin.CallTestCaseKeyword$_callTestCase_closure1.doCall(CallTestCaseKeyword.groovy:59)
	at com.kms.katalon.core.keyword.builtin.CallTestCaseKeyword$_callTestCase_closure1.call(CallTestCaseKeyword.groovy)
	at com.kms.katalon.core.keyword.internal.KeywordMain.runKeyword(KeywordMain.groovy:54)
	at com.kms.katalon.core.keyword.builtin.CallTestCaseKeyword.callTestCase(CallTestCaseKeyword.groovy:80)
	at com.kms.katalon.core.keyword.builtin.CallTestCaseKeyword.execute(CallTestCaseKeyword.groovy:44)
	at com.kms.katalon.core.keyword.internal.KeywordExecutor.executeKeywordForPlatform(KeywordExecutor.groovy:53)
	at com.kms.katalon.core.keyword.BuiltinKeywords.callTestCase(BuiltinKeywords.groovy:334)
	at Cardinal Choice.run(Cardinal Choice:53)
	at com.kms.katalon.core.main.ScriptEngine.run(ScriptEngine.java:194)
	at com.kms.katalon.core.main.ScriptEngine.runScriptAsRawText(ScriptEngine.java:119)
	at com.kms.katalon.core.main.TestCaseExecutor.runScript(TestCaseExecutor.java:328)
	at com.kms.katalon.core.main.TestCaseExecutor.doExecute(TestCaseExecutor.java:319)
	at com.kms.katalon.core.main.TestCaseExecutor.processExecutionPhase(TestCaseExecutor.java:298)
	at com.kms.katalon.core.main.TestCaseExecutor.accessMainPhase(TestCaseExecutor.java:290)
	at com.kms.katalon.core.main.TestCaseExecutor.execute(TestCaseExecutor.java:224)
	at com.kms.katalon.core.main.TestSuiteExecutor.accessTestCaseMainPhase(TestSuiteExecutor.java:129)
	at com.kms.katalon.core.main.TestSuiteExecutor.accessTestSuiteMainPhase(TestSuiteExecutor.java:112)
	at com.kms.katalon.core.main.TestSuiteExecutor.execute(TestSuiteExecutor.java:81)
	at com.kms.katalon.core.main.TestCaseMain.startTestSuite(TestCaseMain.java:149)
	at com.kms.katalon.core.main.TestCaseMain$startTestSuite$0.call(Unknown Source)
	at TempTestSuite1552298249283.run(TempTestSuite1552298249283.groovy:36)


2019-03-11 18:03:45 - [MESSAGE][FAILED] - Unable to click on object 'Object Repository/mobileSanity/HBI/Page_App Page 3/label' (Root cause: org.openqa.selenium.WebDriverException: unknown error: Element <label for="consent-checkbox-0"></label> is not clickable at point (71, 654). Other element would receive the click: <div class="col-md-11 terms-cell" id="consent-checkbox-0-label">...</div>
  (Session info: chrome=72.0.3626.121)
  (Driver info: chromedriver=2.43.600229 (3fae4d0cda5334b4f533bede5a4787f7b832d052),platform=Mac OS X 10.14.2 x86_64) (WARNING: The server did not provide any stacktrace information)
Command duration or timeout: 0 milliseconds
Build info: version: '3.7.1', revision: '8a0099a', time: '2017-11-06T21:07:36.161Z'
System info: host: 'Deniss-MacBook-Pro.local', ip: 'fe80:0:0:0:18db:5ed3:b3d6:93e7%en0', os.name: 'Mac OS X', os.arch: 'x86_64', os.version: '10.14.2', java.version: '1.8.0_181'
Driver info: com.kms.katalon.selenium.driver.CChromeDriver
Capabilities {acceptInsecureCerts: false, acceptSslCerts: false, applicationCacheEnabled: false, browserConnectionEnabled: false, browserName: chrome, chrome: {chromedriverVersion: 2.43.600229 (3fae4d0cda5334..., userDataDir: /var/folders/95/4qsvf70n5s5...}, cssSelectorsEnabled: true, databaseEnabled: false, goog:chromeOptions: {debuggerAddress: localhost:56307}, handlesAlerts: true, hasTouchScreen: true, javascriptEnabled: true, locationContextEnabled: true, mobileEmulationEnabled: true, nativeEvents: true, networkConnectionEnabled: false, pageLoadStrategy: normal, platform: MAC, platformName: MAC, rotatable: false, setWindowRect: true, takesHeapSnapshot: true, takesScreenshot: true, unexpectedAlertBehaviour: , unhandledPromptBehavior: , version: 72.0.3626.121, webStorageEnabled: true}
Session ID: db03d6bb0761972eda1ac8247e31c60b)
[[ATTACHMENT|/Users/denisyu/workplace/test/AgileTest/Reports/mobileWeb/hbi/20190311_175719/1552298624992.png]]

2019-03-11 18:03:45 - [MESSAGE][FAILED] - click(findTestObject("mobileSanity/HBI/Page_App Page 3/label")) FAILED.
Reason:
com.kms.katalon.core.exception.StepFailedException: Unable to click on object 'Object Repository/mobileSanity/HBI/Page_App Page 3/label' (Root cause: org.openqa.selenium.WebDriverException: unknown error: Element <label for="consent-checkbox-0"></label> is not clickable at point (71, 654). Other element would receive the click: <div class="col-md-11 terms-cell" id="consent-checkbox-0-label">...</div>
  (Session info: chrome=72.0.3626.121)
  (Driver info: chromedriver=2.43.600229 (3fae4d0cda5334b4f533bede5a4787f7b832d052),platform=Mac OS X 10.14.2 x86_64) (WARNING: The server did not provide any stacktrace information)
Command duration or timeout: 0 milliseconds
Build info: version: '3.7.1', revision: '8a0099a', time: '2017-11-06T21:07:36.161Z'
System info: host: 'Deniss-MacBook-Pro.local', ip: 'fe80:0:0:0:18db:5ed3:b3d6:93e7%en0', os.name: 'Mac OS X', os.arch: 'x86_64', os.version: '10.14.2', java.version: '1.8.0_181'
Driver info: com.kms.katalon.selenium.driver.CChromeDriver
Capabilities {acceptInsecureCerts: false, acceptSslCerts: false, applicationCacheEnabled: false, browserConnectionEnabled: false, browserName: chrome, chrome: {chromedriverVersion: 2.43.600229 (3fae4d0cda5334..., userDataDir: /var/folders/95/4qsvf70n5s5...}, cssSelectorsEnabled: true, databaseEnabled: false, goog:chromeOptions: {debuggerAddress: localhost:56307}, handlesAlerts: true, hasTouchScreen: true, javascriptEnabled: true, locationContextEnabled: true, mobileEmulationEnabled: true, nativeEvents: true, networkConnectionEnabled: false, pageLoadStrategy: normal, platform: MAC, platformName: MAC, rotatable: false, setWindowRect: true, takesHeapSnapshot: true, takesScreenshot: true, unexpectedAlertBehaviour: , unhandledPromptBehavior: , version: 72.0.3626.121, webStorageEnabled: true}
Session ID: db03d6bb0761972eda1ac8247e31c60b)
	at com.kms.katalon.core.keyword.internal.KeywordMain.stepFailed(KeywordMain.groovy:36)
	at com.kms.katalon.core.webui.keyword.internal.WebUIKeywordMain.stepFailed(WebUIKeywordMain.groovy:65)
	at com.kms.katalon.core.webui.keyword.internal.WebUIKeywordMain.runKeyword(WebUIKeywordMain.groovy:27)
	at com.kms.katalon.core.webui.keyword.builtin.ClickKeyword.click(ClickKeyword.groovy:86)
	at com.kms.katalon.core.webui.keyword.builtin.ClickKeyword.execute(ClickKeyword.groovy:67)
	at com.kms.katalon.core.keyword.internal.KeywordExecutor.executeKeywordForPlatform(KeywordExecutor.groovy:53)
	at com.kms.katalon.core.webui.keyword.WebUiBuiltInKeywords.click(WebUiBuiltInKeywords.groovy:616)
	at com.kms.katalon.core.webui.keyword.WebUiBuiltInKeywords$click$3.call(Unknown Source)
	at goToEnd_hbi.run(goToEnd_hbi:85)
	at com.kms.katalon.core.main.ScriptEngine.run(ScriptEngine.java:194)
	at com.kms.katalon.core.main.ScriptEngine.runScriptAsRawText(ScriptEngine.java:119)
	at com.kms.katalon.core.main.TestCaseExecutor.runScript(TestCaseExecutor.java:328)
	at com.kms.katalon.core.main.TestCaseExecutor.doExecute(TestCaseExecutor.java:319)
	at com.kms.katalon.core.main.TestCaseExecutor.processExecutionPhase(TestCaseExecutor.java:298)
	at com.kms.katalon.core.main.TestCaseExecutor.accessMainPhase(TestCaseExecutor.java:290)
	at com.kms.katalon.core.main.TestCaseExecutor.execute(TestCaseExecutor.java:224)
	at com.kms.katalon.core.main.TestCaseMain.runTestCase(TestCaseMain.java:106)
	at com.kms.katalon.core.keyword.builtin.CallTestCaseKeyword$_callTestCase_closure1.doCall(CallTestCaseKeyword.groovy:59)
	at com.kms.katalon.core.keyword.builtin.CallTestCaseKeyword$_callTestCase_closure1.call(CallTestCaseKeyword.groovy)
	at com.kms.katalon.core.keyword.internal.KeywordMain.runKeyword(KeywordMain.groovy:54)
	at com.kms.katalon.core.keyword.builtin.CallTestCaseKeyword.callTestCase(CallTestCaseKeyword.groovy:80)
	at com.kms.katalon.core.keyword.builtin.CallTestCaseKeyword.execute(CallTestCaseKeyword.groovy:44)
	at com.kms.katalon.core.keyword.internal.KeywordExecutor.executeKeywordForPlatform(KeywordExecutor.groovy:53)
	at com.kms.katalon.core.keyword.BuiltinKeywords.callTestCase(BuiltinKeywords.groovy:334)
	at Cardinal Choice.run(Cardinal Choice:53)
	at com.kms.katalon.core.main.ScriptEngine.run(ScriptEngine.java:194)
	at com.kms.katalon.core.main.ScriptEngine.runScriptAsRawText(ScriptEngine.java:119)
	at com.kms.katalon.core.main.TestCaseExecutor.runScript(TestCaseExecutor.java:328)
	at com.kms.katalon.core.main.TestCaseExecutor.doExecute(TestCaseExecutor.java:319)
	at com.kms.katalon.core.main.TestCaseExecutor.processExecutionPhase(TestCaseExecutor.java:298)
	at com.kms.katalon.core.main.TestCaseExecutor.accessMainPhase(TestCaseExecutor.java:290)
	at com.kms.katalon.core.main.TestCaseExecutor.execute(TestCaseExecutor.java:224)
	at com.kms.katalon.core.main.TestSuiteExecutor.accessTestCaseMainPhase(TestSuiteExecutor.java:129)
	at com.kms.katalon.core.main.TestSuiteExecutor.accessTestSuiteMainPhase(TestSuiteExecutor.java:112)
	at com.kms.katalon.core.main.TestSuiteExecutor.execute(TestSuiteExecutor.java:81)
	at com.kms.katalon.core.main.TestCaseMain.startTestSuite(TestCaseMain.java:149)
	at com.kms.katalon.core.main.TestCaseMain$startTestSuite$0.call(Unknown Source)
	at TempTestSuite1552298249283.run(TempTestSuite1552298249283.groovy:36)


2019-03-11 18:03:45 - [MESSAGE][FAILED] - Unable to call Test Case 'Test Cases/mobileWeb/_include/goToEnd_hbi' (Root cause: com.kms.katalon.core.exception.StepFailedException: Call Test Case 'Test Cases/mobileWeb/_include/goToEnd_hbi' failed)

2019-03-11 18:03:45 - [MESSAGE][FAILED] - callTestCase(findTestCase("mobileWeb/_include/goToEnd_hbi"), ["carrier":"cardinalchoice"], CONTINUE_ON_FAILURE) FAILED.
Reason:
com.kms.katalon.core.exception.StepFailedException: Unable to click on object 'Object Repository/mobileSanity/HBI/Page_App Page 3/label' (Root cause: org.openqa.selenium.WebDriverException: unknown error: Element <label for="consent-checkbox-0"></label> is not clickable at point (71, 654). Other element would receive the click: <div class="col-md-11 terms-cell" id="consent-checkbox-0-label">...</div>
  (Session info: chrome=72.0.3626.121)
  (Driver info: chromedriver=2.43.600229 (3fae4d0cda5334b4f533bede5a4787f7b832d052),platform=Mac OS X 10.14.2 x86_64) (WARNING: The server did not provide any stacktrace information)
Command duration or timeout: 0 milliseconds
Build info: version: '3.7.1', revision: '8a0099a', time: '2017-11-06T21:07:36.161Z'
System info: host: 'Deniss-MacBook-Pro.local', ip: 'fe80:0:0:0:18db:5ed3:b3d6:93e7%en0', os.name: 'Mac OS X', os.arch: 'x86_64', os.version: '10.14.2', java.version: '1.8.0_181'
Driver info: com.kms.katalon.selenium.driver.CChromeDriver
Capabilities {acceptInsecureCerts: false, acceptSslCerts: false, applicationCacheEnabled: false, browserConnectionEnabled: false, browserName: chrome, chrome: {chromedriverVersion: 2.43.600229 (3fae4d0cda5334..., userDataDir: /var/folders/95/4qsvf70n5s5...}, cssSelectorsEnabled: true, databaseEnabled: false, goog:chromeOptions: {debuggerAddress: localhost:56307}, handlesAlerts: true, hasTouchScreen: true, javascriptEnabled: true, locationContextEnabled: true, mobileEmulationEnabled: true, nativeEvents: true, networkConnectionEnabled: false, pageLoadStrategy: normal, platform: MAC, platformName: MAC, rotatable: false, setWindowRect: true, takesHeapSnapshot: true, takesScreenshot: true, unexpectedAlertBehaviour: , unhandledPromptBehavior: , version: 72.0.3626.121, webStorageEnabled: true}
Session ID: db03d6bb0761972eda1ac8247e31c60b)
	at com.kms.katalon.core.keyword.internal.KeywordMain.stepFailed(KeywordMain.groovy:36)
	at com.kms.katalon.core.webui.keyword.internal.WebUIKeywordMain.stepFailed(WebUIKeywordMain.groovy:65)
	at com.kms.katalon.core.webui.keyword.internal.WebUIKeywordMain.runKeyword(WebUIKeywordMain.groovy:27)
	at com.kms.katalon.core.webui.keyword.builtin.ClickKeyword.click(ClickKeyword.groovy:86)
	at com.kms.katalon.core.webui.keyword.builtin.ClickKeyword.execute(ClickKeyword.groovy:67)
	at com.kms.katalon.core.keyword.internal.KeywordExecutor.executeKeywordForPlatform(KeywordExecutor.groovy:53)
	at com.kms.katalon.core.webui.keyword.WebUiBuiltInKeywords.click(WebUiBuiltInKeywords.groovy:616)
	at com.kms.katalon.core.webui.keyword.WebUiBuiltInKeywords$click$3.call(Unknown Source)
	at goToEnd_hbi.run(goToEnd_hbi:85)
	at com.kms.katalon.core.main.ScriptEngine.run(ScriptEngine.java:194)
	at com.kms.katalon.core.main.ScriptEngine.runScriptAsRawText(ScriptEngine.java:119)
	at com.kms.katalon.core.main.TestCaseExecutor.runScript(TestCaseExecutor.java:328)
	at com.kms.katalon.core.main.TestCaseExecutor.doExecute(TestCaseExecutor.java:319)
	at com.kms.katalon.core.main.TestCaseExecutor.processExecutionPhase(TestCaseExecutor.java:298)
	at com.kms.katalon.core.main.TestCaseExecutor.accessMainPhase(TestCaseExecutor.java:290)
	at com.kms.katalon.core.main.TestCaseExecutor.execute(TestCaseExecutor.java:224)
	at com.kms.katalon.core.main.TestCaseMain.runTestCase(TestCaseMain.java:106)
	at com.kms.katalon.core.keyword.builtin.CallTestCaseKeyword$_callTestCase_closure1.doCall(CallTestCaseKeyword.groovy:59)
	at com.kms.katalon.core.keyword.builtin.CallTestCaseKeyword$_callTestCase_closure1.call(CallTestCaseKeyword.groovy)
	at com.kms.katalon.core.keyword.internal.KeywordMain.runKeyword(KeywordMain.groovy:54)
	at com.kms.katalon.core.keyword.builtin.CallTestCaseKeyword.callTestCase(CallTestCaseKeyword.groovy:80)
	at com.kms.katalon.core.keyword.builtin.CallTestCaseKeyword.execute(CallTestCaseKeyword.groovy:44)
	at com.kms.katalon.core.keyword.internal.KeywordExecutor.executeKeywordForPlatform(KeywordExecutor.groovy:53)
	at com.kms.katalon.core.keyword.BuiltinKeywords.callTestCase(BuiltinKeywords.groovy:334)
	at Cardinal Choice.run(Cardinal Choice:53)
	at com.kms.katalon.core.main.ScriptEngine.run(ScriptEngine.java:194)
	at com.kms.katalon.core.main.ScriptEngine.runScriptAsRawText(ScriptEngine.java:119)
	at com.kms.katalon.core.main.TestCaseExecutor.runScript(TestCaseExecutor.java:328)
	at com.kms.katalon.core.main.TestCaseExecutor.doExecute(TestCaseExecutor.java:319)
	at com.kms.katalon.core.main.TestCaseExecutor.processExecutionPhase(TestCaseExecutor.java:298)
	at com.kms.katalon.core.main.TestCaseExecutor.accessMainPhase(TestCaseExecutor.java:290)
	at com.kms.katalon.core.main.TestCaseExecutor.execute(TestCaseExecutor.java:224)
	at com.kms.katalon.core.main.TestSuiteExecutor.accessTestCaseMainPhase(TestSuiteExecutor.java:129)
	at com.kms.katalon.core.main.TestSuiteExecutor.accessTestSuiteMainPhase(TestSuiteExecutor.java:112)
	at com.kms.katalon.core.main.TestSuiteExecutor.execute(TestSuiteExecutor.java:81)
	at com.kms.katalon.core.main.TestCaseMain.startTestSuite(TestCaseMain.java:149)
	at com.kms.katalon.core.main.TestCaseMain$startTestSuite$0.call(Unknown Source)
	at TempTestSuite1552298249283.run(TempTestSuite1552298249283.groovy:36)]]></system-out>
         <system-err><![CDATA[2019-03-11 18:01:26 - [TEST_CASE][FAILED] - Test Cases/mobileWeb/HBI/Cardinal Choice: Test Cases/mobileWeb/HBI/Cardinal Choice FAILED.
Reason:
com.kms.katalon.core.exception.StepFailedException: Unable to click on object 'Object Repository/mobileSanity/HBI/Page_App Page 3/label' (Root cause: org.openqa.selenium.WebDriverException: unknown error: Element <label for="consent-checkbox-0"></label> is not clickable at point (71, 654). Other element would receive the click: <div class="col-md-11 terms-cell" id="consent-checkbox-0-label">...</div>
  (Session info: chrome=72.0.3626.121)
  (Driver info: chromedriver=2.43.600229 (3fae4d0cda5334b4f533bede5a4787f7b832d052),platform=Mac OS X 10.14.2 x86_64) (WARNING: The server did not provide any stacktrace information)
Command duration or timeout: 0 milliseconds
Build info: version: '3.7.1', revision: '8a0099a', time: '2017-11-06T21:07:36.161Z'
System info: host: 'Deniss-MacBook-Pro.local', ip: 'fe80:0:0:0:18db:5ed3:b3d6:93e7%en0', os.name: 'Mac OS X', os.arch: 'x86_64', os.version: '10.14.2', java.version: '1.8.0_181'
Driver info: com.kms.katalon.selenium.driver.CChromeDriver
Capabilities {acceptInsecureCerts: false, acceptSslCerts: false, applicationCacheEnabled: false, browserConnectionEnabled: false, browserName: chrome, chrome: {chromedriverVersion: 2.43.600229 (3fae4d0cda5334..., userDataDir: /var/folders/95/4qsvf70n5s5...}, cssSelectorsEnabled: true, databaseEnabled: false, goog:chromeOptions: {debuggerAddress: localhost:56307}, handlesAlerts: true, hasTouchScreen: true, javascriptEnabled: true, locationContextEnabled: true, mobileEmulationEnabled: true, nativeEvents: true, networkConnectionEnabled: false, pageLoadStrategy: normal, platform: MAC, platformName: MAC, rotatable: false, setWindowRect: true, takesHeapSnapshot: true, takesScreenshot: true, unexpectedAlertBehaviour: , unhandledPromptBehavior: , version: 72.0.3626.121, webStorageEnabled: true}
Session ID: db03d6bb0761972eda1ac8247e31c60b)
	at com.kms.katalon.core.keyword.internal.KeywordMain.stepFailed(KeywordMain.groovy:36)
	at com.kms.katalon.core.webui.keyword.internal.WebUIKeywordMain.stepFailed(WebUIKeywordMain.groovy:65)
	at com.kms.katalon.core.webui.keyword.internal.WebUIKeywordMain.runKeyword(WebUIKeywordMain.groovy:27)
	at com.kms.katalon.core.webui.keyword.builtin.ClickKeyword.click(ClickKeyword.groovy:86)
	at com.kms.katalon.core.webui.keyword.builtin.ClickKeyword.execute(ClickKeyword.groovy:67)
	at com.kms.katalon.core.keyword.internal.KeywordExecutor.executeKeywordForPlatform(KeywordExecutor.groovy:53)
	at com.kms.katalon.core.webui.keyword.WebUiBuiltInKeywords.click(WebUiBuiltInKeywords.groovy:616)
	at com.kms.katalon.core.webui.keyword.WebUiBuiltInKeywords$click$3.call(Unknown Source)
	at goToEnd_hbi.run(goToEnd_hbi:85)
	at com.kms.katalon.core.main.ScriptEngine.run(ScriptEngine.java:194)
	at com.kms.katalon.core.main.ScriptEngine.runScriptAsRawText(ScriptEngine.java:119)
	at com.kms.katalon.core.main.TestCaseExecutor.runScript(TestCaseExecutor.java:328)
	at com.kms.katalon.core.main.TestCaseExecutor.doExecute(TestCaseExecutor.java:319)
	at com.kms.katalon.core.main.TestCaseExecutor.processExecutionPhase(TestCaseExecutor.java:298)
	at com.kms.katalon.core.main.TestCaseExecutor.accessMainPhase(TestCaseExecutor.java:290)
	at com.kms.katalon.core.main.TestCaseExecutor.execute(TestCaseExecutor.java:224)
	at com.kms.katalon.core.main.TestCaseMain.runTestCase(TestCaseMain.java:106)
	at com.kms.katalon.core.keyword.builtin.CallTestCaseKeyword$_callTestCase_closure1.doCall(CallTestCaseKeyword.groovy:59)
	at com.kms.katalon.core.keyword.builtin.CallTestCaseKeyword$_callTestCase_closure1.call(CallTestCaseKeyword.groovy)
	at com.kms.katalon.core.keyword.internal.KeywordMain.runKeyword(KeywordMain.groovy:54)
	at com.kms.katalon.core.keyword.builtin.CallTestCaseKeyword.callTestCase(CallTestCaseKeyword.groovy:80)
	at com.kms.katalon.core.keyword.builtin.CallTestCaseKeyword.execute(CallTestCaseKeyword.groovy:44)
	at com.kms.katalon.core.keyword.internal.KeywordExecutor.executeKeywordForPlatform(KeywordExecutor.groovy:53)
	at com.kms.katalon.core.keyword.BuiltinKeywords.callTestCase(BuiltinKeywords.groovy:334)
	at Cardinal Choice.run(Cardinal Choice:53)
	at com.kms.katalon.core.main.ScriptEngine.run(ScriptEngine.java:194)
	at com.kms.katalon.core.main.ScriptEngine.runScriptAsRawText(ScriptEngine.java:119)
	at com.kms.katalon.core.main.TestCaseExecutor.runScript(TestCaseExecutor.java:328)
	at com.kms.katalon.core.main.TestCaseExecutor.doExecute(TestCaseExecutor.java:319)
	at com.kms.katalon.core.main.TestCaseExecutor.processExecutionPhase(TestCaseExecutor.java:298)
	at com.kms.katalon.core.main.TestCaseExecutor.accessMainPhase(TestCaseExecutor.java:290)
	at com.kms.katalon.core.main.TestCaseExecutor.execute(TestCaseExecutor.java:224)
	at com.kms.katalon.core.main.TestSuiteExecutor.accessTestCaseMainPhase(TestSuiteExecutor.java:129)
	at com.kms.katalon.core.main.TestSuiteExecutor.accessTestSuiteMainPhase(TestSuiteExecutor.java:112)
	at com.kms.katalon.core.main.TestSuiteExecutor.execute(TestSuiteExecutor.java:81)
	at com.kms.katalon.core.main.TestCaseMain.startTestSuite(TestCaseMain.java:149)
	at com.kms.katalon.core.main.TestCaseMain$startTestSuite$0.call(Unknown Source)
	at TempTestSuite1552298249283.run(TempTestSuite1552298249283.groovy:36)]]></system-err>
      </testcase>
      <testcase name="Test Cases/mobileWeb/HBI/Core Shield" classname="Test Cases/mobileWeb/HBI/Core Shield" status="FAILED">
         <failure type="FAILED" message="Test Cases/mobileWeb/HBI/Core Shield FAILED.
Reason:
com.kms.katalon.core.exception.StepFailedException: Unable to click on object 'Object Repository/mobileSanity/HBI/Page_App Page 3/label' (Root cause: org.openqa.selenium.WebDriverException: unknown error: Element &lt;label for=&quot;consent-checkbox-0&quot;>&lt;/label> is not clickable at point (71, 12). Other element would receive the click: &lt;div class=&quot;col-md-11 terms-cell&quot; id=&quot;consent-checkbox-0-label&quot;>...&lt;/div>
  (Session info: chrome=72.0.3626.121)
  (Driver info: chromedriver=2.43.600229 (3fae4d0cda5334b4f533bede5a4787f7b832d052),platform=Mac OS X 10.14.2 x86_64) (WARNING: The server did not provide any stacktrace information)
Command duration or timeout: 0 milliseconds
Build info: version: '3.7.1', revision: '8a0099a', time: '2017-11-06T21:07:36.161Z'
System info: host: 'Deniss-MacBook-Pro.local', ip: 'fe80:0:0:0:18db:5ed3:b3d6:93e7%en0', os.name: 'Mac OS X', os.arch: 'x86_64', os.version: '10.14.2', java.version: '1.8.0_181'
Driver info: com.kms.katalon.selenium.driver.CChromeDriver
Capabilities {acceptInsecureCerts: false, acceptSslCerts: false, applicationCacheEnabled: false, browserConnectionEnabled: false, browserName: chrome, chrome: {chromedriverVersion: 2.43.600229 (3fae4d0cda5334..., userDataDir: /var/folders/95/4qsvf70n5s5...}, cssSelectorsEnabled: true, databaseEnabled: false, goog:chromeOptions: {debuggerAddress: localhost:57585}, handlesAlerts: true, hasTouchScreen: true, javascriptEnabled: true, locationContextEnabled: true, mobileEmulationEnabled: true, nativeEvents: true, networkConnectionEnabled: false, pageLoadStrategy: normal, platform: MAC, platformName: MAC, rotatable: false, setWindowRect: true, takesHeapSnapshot: true, takesScreenshot: true, unexpectedAlertBehaviour: , unhandledPromptBehavior: , version: 72.0.3626.121, webStorageEnabled: true}
Session ID: a19184fb4eb89a74c12651886cd61d03)
	at com.kms.katalon.core.keyword.internal.KeywordMain.stepFailed(KeywordMain.groovy:36)
	at com.kms.katalon.core.webui.keyword.internal.WebUIKeywordMain.stepFailed(WebUIKeywordMain.groovy:65)
	at com.kms.katalon.core.webui.keyword.internal.WebUIKeywordMain.runKeyword(WebUIKeywordMain.groovy:27)
	at com.kms.katalon.core.webui.keyword.builtin.ClickKeyword.click(ClickKeyword.groovy:86)
	at com.kms.katalon.core.webui.keyword.builtin.ClickKeyword.execute(ClickKeyword.groovy:67)
	at com.kms.katalon.core.keyword.internal.KeywordExecutor.executeKeywordForPlatform(KeywordExecutor.groovy:53)
	at com.kms.katalon.core.webui.keyword.WebUiBuiltInKeywords.click(WebUiBuiltInKeywords.groovy:616)
	at com.kms.katalon.core.webui.keyword.WebUiBuiltInKeywords$click$3.call(Unknown Source)
	at goToEnd_hbi.run(goToEnd_hbi:85)
	at com.kms.katalon.core.main.ScriptEngine.run(ScriptEngine.java:194)
	at com.kms.katalon.core.main.ScriptEngine.runScriptAsRawText(ScriptEngine.java:119)
	at com.kms.katalon.core.main.TestCaseExecutor.runScript(TestCaseExecutor.java:328)
	at com.kms.katalon.core.main.TestCaseExecutor.doExecute(TestCaseExecutor.java:319)
	at com.kms.katalon.core.main.TestCaseExecutor.processExecutionPhase(TestCaseExecutor.java:298)
	at com.kms.katalon.core.main.TestCaseExecutor.accessMainPhase(TestCaseExecutor.java:290)
	at com.kms.katalon.core.main.TestCaseExecutor.execute(TestCaseExecutor.java:224)
	at com.kms.katalon.core.main.TestCaseMain.runTestCase(TestCaseMain.java:106)
	at com.kms.katalon.core.keyword.builtin.CallTestCaseKeyword$_callTestCase_closure1.doCall(CallTestCaseKeyword.groovy:59)
	at com.kms.katalon.core.keyword.builtin.CallTestCaseKeyword$_callTestCase_closure1.call(CallTestCaseKeyword.groovy)
	at com.kms.katalon.core.keyword.internal.KeywordMain.runKeyword(KeywordMain.groovy:54)
	at com.kms.katalon.core.keyword.builtin.CallTestCaseKeyword.callTestCase(CallTestCaseKeyword.groovy:80)
	at com.kms.katalon.core.keyword.builtin.CallTestCaseKeyword.execute(CallTestCaseKeyword.groovy:44)
	at com.kms.katalon.core.keyword.internal.KeywordExecutor.executeKeywordForPlatform(KeywordExecutor.groovy:53)
	at com.kms.katalon.core.keyword.BuiltinKeywords.callTestCase(BuiltinKeywords.groovy:334)
	at Core Shield.run(Core Shield:50)
	at com.kms.katalon.core.main.ScriptEngine.run(ScriptEngine.java:194)
	at com.kms.katalon.core.main.ScriptEngine.runScriptAsRawText(ScriptEngine.java:119)
	at com.kms.katalon.core.main.TestCaseExecutor.runScript(TestCaseExecutor.java:328)
	at com.kms.katalon.core.main.TestCaseExecutor.doExecute(TestCaseExecutor.java:319)
	at com.kms.katalon.core.main.TestCaseExecutor.processExecutionPhase(TestCaseExecutor.java:298)
	at com.kms.katalon.core.main.TestCaseExecutor.accessMainPhase(TestCaseExecutor.java:290)
	at com.kms.katalon.core.main.TestCaseExecutor.execute(TestCaseExecutor.java:224)
	at com.kms.katalon.core.main.TestSuiteExecutor.accessTestCaseMainPhase(TestSuiteExecutor.java:129)
	at com.kms.katalon.core.main.TestSuiteExecutor.accessTestSuiteMainPhase(TestSuiteExecutor.java:112)
	at com.kms.katalon.core.main.TestSuiteExecutor.execute(TestSuiteExecutor.java:81)
	at com.kms.katalon.core.main.TestCaseMain.startTestSuite(TestCaseMain.java:149)
	at com.kms.katalon.core.main.TestCaseMain$startTestSuite$0.call(Unknown Source)
	at TempTestSuite1552298249283.run(TempTestSuite1552298249283.groovy:36)
"/>
         <system-out><![CDATA[2019-03-11 18:03:45 - [TEST_CASE][FAILED] - Test Cases/mobileWeb/HBI/Core Shield: Test Cases/mobileWeb/HBI/Core Shield FAILED.
Reason:
com.kms.katalon.core.exception.StepFailedException: Unable to click on object 'Object Repository/mobileSanity/HBI/Page_App Page 3/label' (Root cause: org.openqa.selenium.WebDriverException: unknown error: Element <label for="consent-checkbox-0"></label> is not clickable at point (71, 12). Other element would receive the click: <div class="col-md-11 terms-cell" id="consent-checkbox-0-label">...</div>
  (Session info: chrome=72.0.3626.121)
  (Driver info: chromedriver=2.43.600229 (3fae4d0cda5334b4f533bede5a4787f7b832d052),platform=Mac OS X 10.14.2 x86_64) (WARNING: The server did not provide any stacktrace information)
Command duration or timeout: 0 milliseconds
Build info: version: '3.7.1', revision: '8a0099a', time: '2017-11-06T21:07:36.161Z'
System info: host: 'Deniss-MacBook-Pro.local', ip: 'fe80:0:0:0:18db:5ed3:b3d6:93e7%en0', os.name: 'Mac OS X', os.arch: 'x86_64', os.version: '10.14.2', java.version: '1.8.0_181'
Driver info: com.kms.katalon.selenium.driver.CChromeDriver
Capabilities {acceptInsecureCerts: false, acceptSslCerts: false, applicationCacheEnabled: false, browserConnectionEnabled: false, browserName: chrome, chrome: {chromedriverVersion: 2.43.600229 (3fae4d0cda5334..., userDataDir: /var/folders/95/4qsvf70n5s5...}, cssSelectorsEnabled: true, databaseEnabled: false, goog:chromeOptions: {debuggerAddress: localhost:57585}, handlesAlerts: true, hasTouchScreen: true, javascriptEnabled: true, locationContextEnabled: true, mobileEmulationEnabled: true, nativeEvents: true, networkConnectionEnabled: false, pageLoadStrategy: normal, platform: MAC, platformName: MAC, rotatable: false, setWindowRect: true, takesHeapSnapshot: true, takesScreenshot: true, unexpectedAlertBehaviour: , unhandledPromptBehavior: , version: 72.0.3626.121, webStorageEnabled: true}
Session ID: a19184fb4eb89a74c12651886cd61d03)
	at com.kms.katalon.core.keyword.internal.KeywordMain.stepFailed(KeywordMain.groovy:36)
	at com.kms.katalon.core.webui.keyword.internal.WebUIKeywordMain.stepFailed(WebUIKeywordMain.groovy:65)
	at com.kms.katalon.core.webui.keyword.internal.WebUIKeywordMain.runKeyword(WebUIKeywordMain.groovy:27)
	at com.kms.katalon.core.webui.keyword.builtin.ClickKeyword.click(ClickKeyword.groovy:86)
	at com.kms.katalon.core.webui.keyword.builtin.ClickKeyword.execute(ClickKeyword.groovy:67)
	at com.kms.katalon.core.keyword.internal.KeywordExecutor.executeKeywordForPlatform(KeywordExecutor.groovy:53)
	at com.kms.katalon.core.webui.keyword.WebUiBuiltInKeywords.click(WebUiBuiltInKeywords.groovy:616)
	at com.kms.katalon.core.webui.keyword.WebUiBuiltInKeywords$click$3.call(Unknown Source)
	at goToEnd_hbi.run(goToEnd_hbi:85)
	at com.kms.katalon.core.main.ScriptEngine.run(ScriptEngine.java:194)
	at com.kms.katalon.core.main.ScriptEngine.runScriptAsRawText(ScriptEngine.java:119)
	at com.kms.katalon.core.main.TestCaseExecutor.runScript(TestCaseExecutor.java:328)
	at com.kms.katalon.core.main.TestCaseExecutor.doExecute(TestCaseExecutor.java:319)
	at com.kms.katalon.core.main.TestCaseExecutor.processExecutionPhase(TestCaseExecutor.java:298)
	at com.kms.katalon.core.main.TestCaseExecutor.accessMainPhase(TestCaseExecutor.java:290)
	at com.kms.katalon.core.main.TestCaseExecutor.execute(TestCaseExecutor.java:224)
	at com.kms.katalon.core.main.TestCaseMain.runTestCase(TestCaseMain.java:106)
	at com.kms.katalon.core.keyword.builtin.CallTestCaseKeyword$_callTestCase_closure1.doCall(CallTestCaseKeyword.groovy:59)
	at com.kms.katalon.core.keyword.builtin.CallTestCaseKeyword$_callTestCase_closure1.call(CallTestCaseKeyword.groovy)
	at com.kms.katalon.core.keyword.internal.KeywordMain.runKeyword(KeywordMain.groovy:54)
	at com.kms.katalon.core.keyword.builtin.CallTestCaseKeyword.callTestCase(CallTestCaseKeyword.groovy:80)
	at com.kms.katalon.core.keyword.builtin.CallTestCaseKeyword.execute(CallTestCaseKeyword.groovy:44)
	at com.kms.katalon.core.keyword.internal.KeywordExecutor.executeKeywordForPlatform(KeywordExecutor.groovy:53)
	at com.kms.katalon.core.keyword.BuiltinKeywords.callTestCase(BuiltinKeywords.groovy:334)
	at Core Shield.run(Core Shield:50)
	at com.kms.katalon.core.main.ScriptEngine.run(ScriptEngine.java:194)
	at com.kms.katalon.core.main.ScriptEngine.runScriptAsRawText(ScriptEngine.java:119)
	at com.kms.katalon.core.main.TestCaseExecutor.runScript(TestCaseExecutor.java:328)
	at com.kms.katalon.core.main.TestCaseExecutor.doExecute(TestCaseExecutor.java:319)
	at com.kms.katalon.core.main.TestCaseExecutor.processExecutionPhase(TestCaseExecutor.java:298)
	at com.kms.katalon.core.main.TestCaseExecutor.accessMainPhase(TestCaseExecutor.java:290)
	at com.kms.katalon.core.main.TestCaseExecutor.execute(TestCaseExecutor.java:224)
	at com.kms.katalon.core.main.TestSuiteExecutor.accessTestCaseMainPhase(TestSuiteExecutor.java:129)
	at com.kms.katalon.core.main.TestSuiteExecutor.accessTestSuiteMainPhase(TestSuiteExecutor.java:112)
	at com.kms.katalon.core.main.TestSuiteExecutor.execute(TestSuiteExecutor.java:81)
	at com.kms.katalon.core.main.TestCaseMain.startTestSuite(TestCaseMain.java:149)
	at com.kms.katalon.core.main.TestCaseMain$startTestSuite$0.call(Unknown Source)
	at TempTestSuite1552298249283.run(TempTestSuite1552298249283.groovy:36)


2019-03-11 18:03:45 - [TEST_STEP][PASSED] - now = new java.util.Date(): null

2019-03-11 18:03:45 - [TEST_STEP][PASSED] - mydate = now.format("yyyyMMdd_HHmmss"): null

2019-03-11 18:03:45 - [TEST_STEP][PASSED] - screenPath = hbiPath + "Core Shield/" + mydate + "/": null

2019-03-11 18:03:45 - [TEST_STEP][PASSED] - i = 0: null

2019-03-11 18:03:45 - [TEST_STEP][PASSED] - callTestCase(findTestCase("mobileWeb/_include/openWebSite"), [:], CONTINUE_ON_FAILURE): Call Test Case 'Test Cases/mobileWeb/_include/openWebSite' successfully

2019-03-11 18:03:45 - [TEST_CASE][PASSED] - Test Cases/mobileWeb/_include/openWebSite: Test Cases/mobileWeb/_include/openWebSite

2019-03-11 18:03:45 - [TEST_STEP][PASSED] - openBrowser(""): Browser is opened with url: ''

2019-03-11 18:03:45 - [MESSAGE][WARNING] - A browser is already opened. Closing browser and opening a new one

2019-03-11 18:03:45 - [MESSAGE][INFO] - Starting 'Chrome' driver

2019-03-11 18:03:45 - [MESSAGE][INFO] - User set preference: ['mobileEmulation', '{deviceName=iPhone 8}']

2019-03-11 18:03:45 - [MESSAGE][INFO] - User set preference: ['args', '[--incognito, --aggressive-cache-discard]']

2019-03-11 18:03:47 - [MESSAGE][PASSED] - Browser is opened with url: ''

2019-03-11 18:03:47 - [TEST_STEP][PASSED] - navigateToUrl(ENV): Navigate to 'https://praetemptatus.agilehealthinsurance.com' successfully

2019-03-11 18:03:52 - [MESSAGE][PASSED] - Navigate to 'https://praetemptatus.agilehealthinsurance.com' successfully

2019-03-11 18:03:52 - [TEST_STEP][PASSED] - waitForPageLoad(10): Wait for page load successfully

2019-03-11 18:03:52 - [MESSAGE][PASSED] - Wait for page load successfully

2019-03-11 18:03:52 - [TEST_STEP][PASSED] - callTestCase(findTestCase("mobileWeb/_include/get_screenshot"), [:], STOP_ON_FAILURE): Call Test Case 'Test Cases/mobileWeb/_include/get_screenshot' successfully

2019-03-11 18:03:52 - [TEST_CASE][PASSED] - Test Cases/mobileWeb/_include/get_screenshot: Test Cases/mobileWeb/_include/get_screenshot

2019-03-11 18:03:52 - [TEST_STEP][PASSED] - takeScreenshot(screenPath + i + ".png"): Taking screenshot successfully

2019-03-11 18:03:52 - [MESSAGE][PASSED] - Taking screenshot successfully
[[ATTACHMENT|../Screenshots/mobileWeb/hbi/Core Shield/20190311_180345/0.png]]

2019-03-11 18:03:52 - [TEST_STEP][PASSED] - (internal.GlobalVariable.i++): null

2019-03-11 18:03:52 - [MESSAGE][PASSED] - Call Test Case 'Test Cases/mobileWeb/_include/get_screenshot' successfully

2019-03-11 18:03:52 - [MESSAGE][PASSED] - Call Test Case 'Test Cases/mobileWeb/_include/openWebSite' successfully

2019-03-11 18:03:52 - [TEST_STEP][PASSED] - callTestCase(findTestCase("mobileWeb/_include/census_hbi"), [:], CONTINUE_ON_FAILURE): Call Test Case 'Test Cases/mobileWeb/_include/census_hbi' successfully

2019-03-11 18:03:52 - [TEST_CASE][PASSED] - Test Cases/mobileWeb/_include/census_hbi: Test Cases/mobileWeb/_include/census_hbi

2019-03-11 18:03:52 - [TEST_STEP][PASSED] - click(findTestObject("mobileSanity/Common/side_nav/menu")): Object: 'Object Repository/mobileSanity/Common/side_nav/menu' is clicked on

2019-03-11 18:03:53 - [MESSAGE][PASSED] - Object: 'Object Repository/mobileSanity/Common/side_nav/menu' is clicked on

2019-03-11 18:03:53 - [TEST_STEP][PASSED] - Thread.sleep(3000): null

2019-03-11 18:03:56 - [TEST_STEP][PASSED] - click(findTestObject("mobileSanity/Common/side_nav/nav_hbi")): Object: 'Object Repository/mobileSanity/Common/side_nav/nav_hbi' is clicked on

2019-03-11 18:03:58 - [MESSAGE][PASSED] - Object: 'Object Repository/mobileSanity/Common/side_nav/nav_hbi' is clicked on

2019-03-11 18:03:58 - [TEST_STEP][PASSED] - waitForPageLoad(10): Wait for page load successfully

2019-03-11 18:03:58 - [MESSAGE][PASSED] - Wait for page load successfully

2019-03-11 18:03:58 - [TEST_STEP][PASSED] - callTestCase(findTestCase("mobileWeb/_include/get_screenshot"), [:], STOP_ON_FAILURE): Call Test Case 'Test Cases/mobileWeb/_include/get_screenshot' successfully

2019-03-11 18:03:58 - [TEST_CASE][PASSED] - Test Cases/mobileWeb/_include/get_screenshot: Test Cases/mobileWeb/_include/get_screenshot

2019-03-11 18:03:58 - [TEST_STEP][PASSED] - takeScreenshot(screenPath + i + ".png"): Taking screenshot successfully

2019-03-11 18:03:59 - [MESSAGE][PASSED] - Taking screenshot successfully
[[ATTACHMENT|../Screenshots/mobileWeb/hbi/Core Shield/20190311_180345/1.png]]

2019-03-11 18:03:59 - [TEST_STEP][PASSED] - (internal.GlobalVariable.i++): null

2019-03-11 18:03:59 - [MESSAGE][PASSED] - Call Test Case 'Test Cases/mobileWeb/_include/get_screenshot' successfully

2019-03-11 18:03:59 - [TEST_STEP][PASSED] - setText(findTestObject("mobileSanity/HBI/census/input_Location_zip-input"), zipcode): Text '35215' is set on object 'Object Repository/mobileSanity/HBI/census/input_Location_zip-input'

2019-03-11 18:03:59 - [MESSAGE][PASSED] - Text '35215' is set on object 'Object Repository/mobileSanity/HBI/census/input_Location_zip-input'

2019-03-11 18:03:59 - [TEST_STEP][PASSED] - Thread.sleep(500): null

2019-03-11 18:04:00 - [TEST_STEP][PASSED] - setText(findTestObject("mobileSanity/HBI/census/input_Date of Birth_dob-0"), "12/12/1980"): Text '12/12/1980' is set on object 'Object Repository/mobileSanity/HBI/census/input_Date of Birth_dob-0'

2019-03-11 18:04:00 - [MESSAGE][PASSED] - Text '12/12/1980' is set on object 'Object Repository/mobileSanity/HBI/census/input_Date of Birth_dob-0'

2019-03-11 18:04:00 - [TEST_STEP][PASSED] - click(findTestObject("mobileSanity/HBI/census/label_Male")): Object: 'Object Repository/mobileSanity/HBI/census/label_Male' is clicked on

2019-03-11 18:04:00 - [MESSAGE][PASSED] - Object: 'Object Repository/mobileSanity/HBI/census/label_Male' is clicked on

2019-03-11 18:04:00 - [TEST_STEP][PASSED] - click(findTestObject("mobileSanity/HBI/census/label_Get a Quote")): Object: 'Object Repository/mobileSanity/HBI/census/label_Get a Quote' is clicked on

2019-03-11 18:04:00 - [MESSAGE][PASSED] - Object: 'Object Repository/mobileSanity/HBI/census/label_Get a Quote' is clicked on

2019-03-11 18:04:00 - [TEST_STEP][PASSED] - waitForPageLoad(10): Wait for page load successfully

2019-03-11 18:04:00 - [MESSAGE][PASSED] - Wait for page load successfully

2019-03-11 18:04:00 - [TEST_STEP][PASSED] - callTestCase(findTestCase("mobileWeb/_include/get_screenshot"), [:], STOP_ON_FAILURE): Call Test Case 'Test Cases/mobileWeb/_include/get_screenshot' successfully

2019-03-11 18:04:00 - [TEST_CASE][PASSED] - Test Cases/mobileWeb/_include/get_screenshot: Test Cases/mobileWeb/_include/get_screenshot

2019-03-11 18:04:00 - [TEST_STEP][PASSED] - takeScreenshot(screenPath + i + ".png"): Taking screenshot successfully

2019-03-11 18:04:07 - [MESSAGE][PASSED] - Taking screenshot successfully
[[ATTACHMENT|../Screenshots/mobileWeb/hbi/Core Shield/20190311_180345/2.png]]

2019-03-11 18:04:07 - [TEST_STEP][PASSED] - (internal.GlobalVariable.i++): null

2019-03-11 18:04:07 - [MESSAGE][PASSED] - Call Test Case 'Test Cases/mobileWeb/_include/get_screenshot' successfully

2019-03-11 18:04:07 - [MESSAGE][PASSED] - Call Test Case 'Test Cases/mobileWeb/_include/census_hbi' successfully

2019-03-11 18:04:07 - [TEST_STEP][PASSED] - Thread.sleep(5000): null

2019-03-11 18:04:12 - [TEST_STEP][PASSED] - scrollToPosition(200, 2300): Browser is scrolled to position x = 200, y = 2300

2019-03-11 18:04:12 - [MESSAGE][PASSED] - Browser is scrolled to position x = 200, y = 2300

2019-03-11 18:04:12 - [TEST_STEP][PASSED] - click(findTestObject("mobileSanity/HBI/quote/a_Core Shield")): Object: 'Object Repository/mobileSanity/HBI/quote/a_Core Shield' is clicked on

2019-03-11 18:05:28 - [MESSAGE][PASSED] - Object: 'Object Repository/mobileSanity/HBI/quote/a_Core Shield' is clicked on

2019-03-11 18:05:28 - [TEST_STEP][PASSED] - waitForPageLoad(10): Wait for page load successfully

2019-03-11 18:05:28 - [MESSAGE][PASSED] - Wait for page load successfully

2019-03-11 18:05:28 - [TEST_STEP][PASSED] - callTestCase(findTestCase("mobileWeb/_include/get_screenshot"), [:], STOP_ON_FAILURE): Call Test Case 'Test Cases/mobileWeb/_include/get_screenshot' successfully

2019-03-11 18:05:28 - [TEST_CASE][PASSED] - Test Cases/mobileWeb/_include/get_screenshot: Test Cases/mobileWeb/_include/get_screenshot

2019-03-11 18:05:28 - [TEST_STEP][PASSED] - takeScreenshot(screenPath + i + ".png"): Taking screenshot successfully

2019-03-11 18:05:29 - [MESSAGE][PASSED] - Taking screenshot successfully
[[ATTACHMENT|../Screenshots/mobileWeb/hbi/Core Shield/20190311_180345/3.png]]

2019-03-11 18:05:29 - [TEST_STEP][PASSED] - (internal.GlobalVariable.i++): null

2019-03-11 18:05:29 - [MESSAGE][PASSED] - Call Test Case 'Test Cases/mobileWeb/_include/get_screenshot' successfully

2019-03-11 18:05:29 - [TEST_STEP][PASSED] - click(findTestObject("mobileSanity/HBI/detail/a_Apply for This Plan")): Object: 'Object Repository/mobileSanity/HBI/detail/a_Apply for This Plan' is clicked on

2019-03-11 18:05:31 - [MESSAGE][PASSED] - Object: 'Object Repository/mobileSanity/HBI/detail/a_Apply for This Plan' is clicked on

2019-03-11 18:05:31 - [TEST_STEP][PASSED] - waitForPageLoad(10): Wait for page load successfully

2019-03-11 18:05:31 - [MESSAGE][PASSED] - Wait for page load successfully

2019-03-11 18:05:31 - [TEST_STEP][PASSED] - callTestCase(findTestCase("mobileWeb/_include/get_screenshot"), [:], STOP_ON_FAILURE): Call Test Case 'Test Cases/mobileWeb/_include/get_screenshot' successfully

2019-03-11 18:05:31 - [TEST_CASE][PASSED] - Test Cases/mobileWeb/_include/get_screenshot: Test Cases/mobileWeb/_include/get_screenshot

2019-03-11 18:05:31 - [TEST_STEP][PASSED] - takeScreenshot(screenPath + i + ".png"): Taking screenshot successfully

2019-03-11 18:05:32 - [MESSAGE][PASSED] - Taking screenshot successfully
[[ATTACHMENT|../Screenshots/mobileWeb/hbi/Core Shield/20190311_180345/4.png]]

2019-03-11 18:05:32 - [TEST_STEP][PASSED] - (internal.GlobalVariable.i++): null

2019-03-11 18:05:32 - [MESSAGE][PASSED] - Call Test Case 'Test Cases/mobileWeb/_include/get_screenshot' successfully

2019-03-11 18:05:32 - [TEST_STEP][PASSED] - click(findTestObject("mobileSanity/HBI/Page_Apply/span_Start Secure Application")): Object: 'Object Repository/mobileSanity/HBI/Page_Apply/span_Start Secure Application' is clicked on

2019-03-11 18:05:34 - [MESSAGE][PASSED] - Object: 'Object Repository/mobileSanity/HBI/Page_Apply/span_Start Secure Application' is clicked on

2019-03-11 18:05:34 - [TEST_STEP][PASSED] - waitForPageLoad(10): Wait for page load successfully

2019-03-11 18:05:34 - [MESSAGE][PASSED] - Wait for page load successfully

2019-03-11 18:05:34 - [TEST_STEP][PASSED] - callTestCase(findTestCase("mobileWeb/_include/get_screenshot"), [:], STOP_ON_FAILURE): Call Test Case 'Test Cases/mobileWeb/_include/get_screenshot' successfully

2019-03-11 18:05:34 - [TEST_CASE][PASSED] - Test Cases/mobileWeb/_include/get_screenshot: Test Cases/mobileWeb/_include/get_screenshot

2019-03-11 18:05:34 - [TEST_STEP][PASSED] - takeScreenshot(screenPath + i + ".png"): Taking screenshot successfully

2019-03-11 18:05:35 - [MESSAGE][PASSED] - Taking screenshot successfully
[[ATTACHMENT|../Screenshots/mobileWeb/hbi/Core Shield/20190311_180345/5.png]]

2019-03-11 18:05:35 - [TEST_STEP][PASSED] - (internal.GlobalVariable.i++): null

2019-03-11 18:05:35 - [MESSAGE][PASSED] - Call Test Case 'Test Cases/mobileWeb/_include/get_screenshot' successfully

2019-03-11 18:05:35 - [TEST_STEP][FAILED] - callTestCase(findTestCase("mobileWeb/_include/goToEnd_hbi"), ["carrier":"coreshield"], CONTINUE_ON_FAILURE): callTestCase(findTestCase("mobileWeb/_include/goToEnd_hbi"), ["carrier":"coreshield"], CONTINUE_ON_FAILURE) FAILED.
Reason:
com.kms.katalon.core.exception.StepFailedException: Unable to click on object 'Object Repository/mobileSanity/HBI/Page_App Page 3/label' (Root cause: org.openqa.selenium.WebDriverException: unknown error: Element <label for="consent-checkbox-0"></label> is not clickable at point (71, 12). Other element would receive the click: <div class="col-md-11 terms-cell" id="consent-checkbox-0-label">...</div>
  (Session info: chrome=72.0.3626.121)
  (Driver info: chromedriver=2.43.600229 (3fae4d0cda5334b4f533bede5a4787f7b832d052),platform=Mac OS X 10.14.2 x86_64) (WARNING: The server did not provide any stacktrace information)
Command duration or timeout: 0 milliseconds
Build info: version: '3.7.1', revision: '8a0099a', time: '2017-11-06T21:07:36.161Z'
System info: host: 'Deniss-MacBook-Pro.local', ip: 'fe80:0:0:0:18db:5ed3:b3d6:93e7%en0', os.name: 'Mac OS X', os.arch: 'x86_64', os.version: '10.14.2', java.version: '1.8.0_181'
Driver info: com.kms.katalon.selenium.driver.CChromeDriver
Capabilities {acceptInsecureCerts: false, acceptSslCerts: false, applicationCacheEnabled: false, browserConnectionEnabled: false, browserName: chrome, chrome: {chromedriverVersion: 2.43.600229 (3fae4d0cda5334..., userDataDir: /var/folders/95/4qsvf70n5s5...}, cssSelectorsEnabled: true, databaseEnabled: false, goog:chromeOptions: {debuggerAddress: localhost:57585}, handlesAlerts: true, hasTouchScreen: true, javascriptEnabled: true, locationContextEnabled: true, mobileEmulationEnabled: true, nativeEvents: true, networkConnectionEnabled: false, pageLoadStrategy: normal, platform: MAC, platformName: MAC, rotatable: false, setWindowRect: true, takesHeapSnapshot: true, takesScreenshot: true, unexpectedAlertBehaviour: , unhandledPromptBehavior: , version: 72.0.3626.121, webStorageEnabled: true}
Session ID: a19184fb4eb89a74c12651886cd61d03)
	at com.kms.katalon.core.keyword.internal.KeywordMain.stepFailed(KeywordMain.groovy:36)
	at com.kms.katalon.core.webui.keyword.internal.WebUIKeywordMain.stepFailed(WebUIKeywordMain.groovy:65)
	at com.kms.katalon.core.webui.keyword.internal.WebUIKeywordMain.runKeyword(WebUIKeywordMain.groovy:27)
	at com.kms.katalon.core.webui.keyword.builtin.ClickKeyword.click(ClickKeyword.groovy:86)
	at com.kms.katalon.core.webui.keyword.builtin.ClickKeyword.execute(ClickKeyword.groovy:67)
	at com.kms.katalon.core.keyword.internal.KeywordExecutor.executeKeywordForPlatform(KeywordExecutor.groovy:53)
	at com.kms.katalon.core.webui.keyword.WebUiBuiltInKeywords.click(WebUiBuiltInKeywords.groovy:616)
	at com.kms.katalon.core.webui.keyword.WebUiBuiltInKeywords$click$3.call(Unknown Source)
	at goToEnd_hbi.run(goToEnd_hbi:85)
	at com.kms.katalon.core.main.ScriptEngine.run(ScriptEngine.java:194)
	at com.kms.katalon.core.main.ScriptEngine.runScriptAsRawText(ScriptEngine.java:119)
	at com.kms.katalon.core.main.TestCaseExecutor.runScript(TestCaseExecutor.java:328)
	at com.kms.katalon.core.main.TestCaseExecutor.doExecute(TestCaseExecutor.java:319)
	at com.kms.katalon.core.main.TestCaseExecutor.processExecutionPhase(TestCaseExecutor.java:298)
	at com.kms.katalon.core.main.TestCaseExecutor.accessMainPhase(TestCaseExecutor.java:290)
	at com.kms.katalon.core.main.TestCaseExecutor.execute(TestCaseExecutor.java:224)
	at com.kms.katalon.core.main.TestCaseMain.runTestCase(TestCaseMain.java:106)
	at com.kms.katalon.core.keyword.builtin.CallTestCaseKeyword$_callTestCase_closure1.doCall(CallTestCaseKeyword.groovy:59)
	at com.kms.katalon.core.keyword.builtin.CallTestCaseKeyword$_callTestCase_closure1.call(CallTestCaseKeyword.groovy)
	at com.kms.katalon.core.keyword.internal.KeywordMain.runKeyword(KeywordMain.groovy:54)
	at com.kms.katalon.core.keyword.builtin.CallTestCaseKeyword.callTestCase(CallTestCaseKeyword.groovy:80)
	at com.kms.katalon.core.keyword.builtin.CallTestCaseKeyword.execute(CallTestCaseKeyword.groovy:44)
	at com.kms.katalon.core.keyword.internal.KeywordExecutor.executeKeywordForPlatform(KeywordExecutor.groovy:53)
	at com.kms.katalon.core.keyword.BuiltinKeywords.callTestCase(BuiltinKeywords.groovy:334)
	at Core Shield.run(Core Shield:50)
	at com.kms.katalon.core.main.ScriptEngine.run(ScriptEngine.java:194)
	at com.kms.katalon.core.main.ScriptEngine.runScriptAsRawText(ScriptEngine.java:119)
	at com.kms.katalon.core.main.TestCaseExecutor.runScript(TestCaseExecutor.java:328)
	at com.kms.katalon.core.main.TestCaseExecutor.doExecute(TestCaseExecutor.java:319)
	at com.kms.katalon.core.main.TestCaseExecutor.processExecutionPhase(TestCaseExecutor.java:298)
	at com.kms.katalon.core.main.TestCaseExecutor.accessMainPhase(TestCaseExecutor.java:290)
	at com.kms.katalon.core.main.TestCaseExecutor.execute(TestCaseExecutor.java:224)
	at com.kms.katalon.core.main.TestSuiteExecutor.accessTestCaseMainPhase(TestSuiteExecutor.java:129)
	at com.kms.katalon.core.main.TestSuiteExecutor.accessTestSuiteMainPhase(TestSuiteExecutor.java:112)
	at com.kms.katalon.core.main.TestSuiteExecutor.execute(TestSuiteExecutor.java:81)
	at com.kms.katalon.core.main.TestCaseMain.startTestSuite(TestCaseMain.java:149)
	at com.kms.katalon.core.main.TestCaseMain$startTestSuite$0.call(Unknown Source)
	at TempTestSuite1552298249283.run(TempTestSuite1552298249283.groovy:36)


2019-03-11 18:05:35 - [TEST_CASE][FAILED] - Test Cases/mobileWeb/_include/goToEnd_hbi: Test Cases/mobileWeb/_include/goToEnd_hbi FAILED.
Reason:
com.kms.katalon.core.exception.StepFailedException: Unable to click on object 'Object Repository/mobileSanity/HBI/Page_App Page 3/label' (Root cause: org.openqa.selenium.WebDriverException: unknown error: Element <label for="consent-checkbox-0"></label> is not clickable at point (71, 12). Other element would receive the click: <div class="col-md-11 terms-cell" id="consent-checkbox-0-label">...</div>
  (Session info: chrome=72.0.3626.121)
  (Driver info: chromedriver=2.43.600229 (3fae4d0cda5334b4f533bede5a4787f7b832d052),platform=Mac OS X 10.14.2 x86_64) (WARNING: The server did not provide any stacktrace information)
Command duration or timeout: 0 milliseconds
Build info: version: '3.7.1', revision: '8a0099a', time: '2017-11-06T21:07:36.161Z'
System info: host: 'Deniss-MacBook-Pro.local', ip: 'fe80:0:0:0:18db:5ed3:b3d6:93e7%en0', os.name: 'Mac OS X', os.arch: 'x86_64', os.version: '10.14.2', java.version: '1.8.0_181'
Driver info: com.kms.katalon.selenium.driver.CChromeDriver
Capabilities {acceptInsecureCerts: false, acceptSslCerts: false, applicationCacheEnabled: false, browserConnectionEnabled: false, browserName: chrome, chrome: {chromedriverVersion: 2.43.600229 (3fae4d0cda5334..., userDataDir: /var/folders/95/4qsvf70n5s5...}, cssSelectorsEnabled: true, databaseEnabled: false, goog:chromeOptions: {debuggerAddress: localhost:57585}, handlesAlerts: true, hasTouchScreen: true, javascriptEnabled: true, locationContextEnabled: true, mobileEmulationEnabled: true, nativeEvents: true, networkConnectionEnabled: false, pageLoadStrategy: normal, platform: MAC, platformName: MAC, rotatable: false, setWindowRect: true, takesHeapSnapshot: true, takesScreenshot: true, unexpectedAlertBehaviour: , unhandledPromptBehavior: , version: 72.0.3626.121, webStorageEnabled: true}
Session ID: a19184fb4eb89a74c12651886cd61d03)
	at com.kms.katalon.core.keyword.internal.KeywordMain.stepFailed(KeywordMain.groovy:36)
	at com.kms.katalon.core.webui.keyword.internal.WebUIKeywordMain.stepFailed(WebUIKeywordMain.groovy:65)
	at com.kms.katalon.core.webui.keyword.internal.WebUIKeywordMain.runKeyword(WebUIKeywordMain.groovy:27)
	at com.kms.katalon.core.webui.keyword.builtin.ClickKeyword.click(ClickKeyword.groovy:86)
	at com.kms.katalon.core.webui.keyword.builtin.ClickKeyword.execute(ClickKeyword.groovy:67)
	at com.kms.katalon.core.keyword.internal.KeywordExecutor.executeKeywordForPlatform(KeywordExecutor.groovy:53)
	at com.kms.katalon.core.webui.keyword.WebUiBuiltInKeywords.click(WebUiBuiltInKeywords.groovy:616)
	at com.kms.katalon.core.webui.keyword.WebUiBuiltInKeywords$click$3.call(Unknown Source)
	at goToEnd_hbi.run(goToEnd_hbi:85)
	at com.kms.katalon.core.main.ScriptEngine.run(ScriptEngine.java:194)
	at com.kms.katalon.core.main.ScriptEngine.runScriptAsRawText(ScriptEngine.java:119)
	at com.kms.katalon.core.main.TestCaseExecutor.runScript(TestCaseExecutor.java:328)
	at com.kms.katalon.core.main.TestCaseExecutor.doExecute(TestCaseExecutor.java:319)
	at com.kms.katalon.core.main.TestCaseExecutor.processExecutionPhase(TestCaseExecutor.java:298)
	at com.kms.katalon.core.main.TestCaseExecutor.accessMainPhase(TestCaseExecutor.java:290)
	at com.kms.katalon.core.main.TestCaseExecutor.execute(TestCaseExecutor.java:224)
	at com.kms.katalon.core.main.TestCaseMain.runTestCase(TestCaseMain.java:106)
	at com.kms.katalon.core.keyword.builtin.CallTestCaseKeyword$_callTestCase_closure1.doCall(CallTestCaseKeyword.groovy:59)
	at com.kms.katalon.core.keyword.builtin.CallTestCaseKeyword$_callTestCase_closure1.call(CallTestCaseKeyword.groovy)
	at com.kms.katalon.core.keyword.internal.KeywordMain.runKeyword(KeywordMain.groovy:54)
	at com.kms.katalon.core.keyword.builtin.CallTestCaseKeyword.callTestCase(CallTestCaseKeyword.groovy:80)
	at com.kms.katalon.core.keyword.builtin.CallTestCaseKeyword.execute(CallTestCaseKeyword.groovy:44)
	at com.kms.katalon.core.keyword.internal.KeywordExecutor.executeKeywordForPlatform(KeywordExecutor.groovy:53)
	at com.kms.katalon.core.keyword.BuiltinKeywords.callTestCase(BuiltinKeywords.groovy:334)
	at Core Shield.run(Core Shield:50)
	at com.kms.katalon.core.main.ScriptEngine.run(ScriptEngine.java:194)
	at com.kms.katalon.core.main.ScriptEngine.runScriptAsRawText(ScriptEngine.java:119)
	at com.kms.katalon.core.main.TestCaseExecutor.runScript(TestCaseExecutor.java:328)
	at com.kms.katalon.core.main.TestCaseExecutor.doExecute(TestCaseExecutor.java:319)
	at com.kms.katalon.core.main.TestCaseExecutor.processExecutionPhase(TestCaseExecutor.java:298)
	at com.kms.katalon.core.main.TestCaseExecutor.accessMainPhase(TestCaseExecutor.java:290)
	at com.kms.katalon.core.main.TestCaseExecutor.execute(TestCaseExecutor.java:224)
	at com.kms.katalon.core.main.TestSuiteExecutor.accessTestCaseMainPhase(TestSuiteExecutor.java:129)
	at com.kms.katalon.core.main.TestSuiteExecutor.accessTestSuiteMainPhase(TestSuiteExecutor.java:112)
	at com.kms.katalon.core.main.TestSuiteExecutor.execute(TestSuiteExecutor.java:81)
	at com.kms.katalon.core.main.TestCaseMain.startTestSuite(TestCaseMain.java:149)
	at com.kms.katalon.core.main.TestCaseMain$startTestSuite$0.call(Unknown Source)
	at TempTestSuite1552298249283.run(TempTestSuite1552298249283.groovy:36)


2019-03-11 18:05:35 - [TEST_STEP][PASSED] - callTestCase(findTestCase("mobileWeb/_include/name"), [:], CONTINUE_ON_FAILURE): Call Test Case 'Test Cases/mobileWeb/_include/name' successfully

2019-03-11 18:05:35 - [TEST_CASE][PASSED] - Test Cases/mobileWeb/_include/name: Test Cases/mobileWeb/_include/name

2019-03-11 18:05:35 - [TEST_STEP][PASSED] - driver = getWebDriver(): null

2019-03-11 18:05:35 - [TEST_STEP][PASSED] - selenium = new com.thoughtworks.selenium.webdriven.WebDriverBackedSelenium(driver, internal.GlobalVariable.ENV): null

2019-03-11 18:05:35 - [TEST_STEP][PASSED] - FirstName = "Test-123": null

2019-03-11 18:05:35 - [TEST_STEP][PASSED] - LastName = selenium.getEval("{var x="ABCDEFGHIJKLMNOPQRSTUVWXYZabcdefghijklmnopqrstuvwxyz"; var tmp="ZZ11-"; for (i=0;i<8;i++) tmp+=x.charAt(Math.ceil(51*Math.random()));tmp;}"): null

2019-03-11 18:05:35 - [TEST_STEP][PASSED] - Address = selenium.getEval("{var x="ABCDEFGHIJKLMNOPQRSTUVWXYZabcdefghijklmnopqrstuvwxyz"; var tmp=""; for (i=0;i<8;i++) tmp+=x.charAt(Math.ceil(51*Math.random()));tmp;}"): null

2019-03-11 18:05:35 - [TEST_STEP][PASSED] - City = selenium.getEval("{var x="ABCDEFGHIJKLMNOPQRSTUVWXYZabcdefghijklmnopqrstuvwxyz"; var tmp=""; for (i=0;i<8;i++) tmp+=x.charAt(Math.ceil(51*Math.random()));tmp;}"): null

2019-03-11 18:05:35 - [TEST_STEP][PASSED] - tel1 = selenium.getEval("{var x="123456789"; var tmp=""; for (i=0;i<3;i++) tmp+=x.charAt(Math.ceil(8*Math.random()));tmp;}"): null

2019-03-11 18:05:35 - [TEST_STEP][PASSED] - tel2 = selenium.getEval("{var x="123456789"; var tmp=""; for (i=0;i<3;i++) tmp+=x.charAt(Math.ceil(8*Math.random()));tmp;}"): null

2019-03-11 18:05:35 - [TEST_STEP][PASSED] - tel3 = selenium.getEval("{var x="123456789"; var tmp=""; for (i=0;i<4;i++) tmp+=x.charAt(Math.ceil(8*Math.random()));tmp;}"): null

2019-03-11 18:05:35 - [TEST_STEP][PASSED] - Tel = selenium.getExpression(tel1 + "-" + tel2 + "-" + tel3): null

2019-03-11 18:05:35 - [TEST_STEP][PASSED] - AutoEmail = selenium.getEval("{var x="ABCDEFGHIJKLMNOPQRSTUVWXYZabcdefghijklmnopqrstuvwxyz"; var tmp="test."; for (i=0;i<8;i++) tmp+=x.charAt(Math.ceil(51*Math.random()));tmp+="@suryani.cn";}"): null

2019-03-11 18:05:35 - [TEST_STEP][PASSED] - FirstName = FirstName: null

2019-03-11 18:05:35 - [TEST_STEP][PASSED] - LastName = LastName: null

2019-03-11 18:05:35 - [TEST_STEP][PASSED] - Address = Address: null

2019-03-11 18:05:35 - [TEST_STEP][PASSED] - City = City: null

2019-03-11 18:05:35 - [TEST_STEP][PASSED] - Tel = Tel: null

2019-03-11 18:05:35 - [TEST_STEP][PASSED] - AutoEmail = AutoEmail: null

2019-03-11 18:05:35 - [TEST_STEP][PASSED] - println(FirstName): null

2019-03-11 18:05:35 - [TEST_STEP][PASSED] - println(LastName): null

2019-03-11 18:05:35 - [TEST_STEP][PASSED] - println(Address): null

2019-03-11 18:05:35 - [TEST_STEP][PASSED] - println(City): null

2019-03-11 18:05:35 - [TEST_STEP][PASSED] - println(Tel): null

2019-03-11 18:05:35 - [TEST_STEP][PASSED] - println(AutoEmail): null

2019-03-11 18:05:35 - [MESSAGE][PASSED] - Call Test Case 'Test Cases/mobileWeb/_include/name' successfully

2019-03-11 18:05:35 - [TEST_STEP][PASSED] - setText(findTestObject("mobileSanity/HBI/Page_App Page 1/input__member-P-1-firstName"), FirstName): Text 'Test-123' is set on object 'Object Repository/mobileSanity/HBI/Page_App Page 1/input__member-P-1-firstName'

2019-03-11 18:05:36 - [MESSAGE][PASSED] - Text 'Test-123' is set on object 'Object Repository/mobileSanity/HBI/Page_App Page 1/input__member-P-1-firstName'

2019-03-11 18:05:36 - [TEST_STEP][PASSED] - setText(findTestObject("mobileSanity/HBI/Page_App Page 1/input__member-P-1-lastName"), LastName): Text 'ZZ11-NzXOfvNw' is set on object 'Object Repository/mobileSanity/HBI/Page_App Page 1/input__member-P-1-lastName'

2019-03-11 18:05:37 - [MESSAGE][PASSED] - Text 'ZZ11-NzXOfvNw' is set on object 'Object Repository/mobileSanity/HBI/Page_App Page 1/input__member-P-1-lastName'

2019-03-11 18:05:37 - [TEST_STEP][PASSED] - if (carrier == "agileone" || carrier == "agilesecure"): null

2019-03-11 18:05:37 - [TEST_STEP][PASSED] - setText(findTestObject("mobileSanity/HBI/Page_App Page 1/input__address"), Address): Text 'BsVOidLR' is set on object 'Object Repository/mobileSanity/HBI/Page_App Page 1/input__address'

2019-03-11 18:05:38 - [MESSAGE][PASSED] - Text 'BsVOidLR' is set on object 'Object Repository/mobileSanity/HBI/Page_App Page 1/input__address'

2019-03-11 18:05:38 - [TEST_STEP][PASSED] - setText(findTestObject("mobileSanity/HBI/Page_App Page 1/input__city"), City): Text 'beZtfvWN' is set on object 'Object Repository/mobileSanity/HBI/Page_App Page 1/input__city'

2019-03-11 18:05:38 - [MESSAGE][PASSED] - Text 'beZtfvWN' is set on object 'Object Repository/mobileSanity/HBI/Page_App Page 1/input__city'

2019-03-11 18:05:38 - [TEST_STEP][PASSED] - setText(findTestObject("mobileSanity/HBI/Page_App Page 1/input__email"), AutoEmail): Text 'test.HUTftpND@suryani.cn' is set on object 'Object Repository/mobileSanity/HBI/Page_App Page 1/input__email'

2019-03-11 18:05:38 - [MESSAGE][PASSED] - Text 'test.HUTftpND@suryani.cn' is set on object 'Object Repository/mobileSanity/HBI/Page_App Page 1/input__email'

2019-03-11 18:05:38 - [TEST_STEP][PASSED] - setText(findTestObject("mobileSanity/HBI/Page_App Page 1/input_tel"), Tel): Text '563-395-6532' is set on object 'Object Repository/mobileSanity/HBI/Page_App Page 1/input_tel'

2019-03-11 18:05:38 - [MESSAGE][PASSED] - Text '563-395-6532' is set on object 'Object Repository/mobileSanity/HBI/Page_App Page 1/input_tel'

2019-03-11 18:05:38 - [TEST_STEP][PASSED] - click(findTestObject("mobileSanity/HBI/Page_App Page 1/a_Continue to Step 2 - Payment")): Object: 'Object Repository/mobileSanity/HBI/Page_App Page 1/a_Continue to Step 2 - Payment' is clicked on

2019-03-11 18:05:39 - [MESSAGE][PASSED] - Object: 'Object Repository/mobileSanity/HBI/Page_App Page 1/a_Continue to Step 2 - Payment' is clicked on

2019-03-11 18:05:39 - [TEST_STEP][PASSED] - waitForPageLoad(10): Wait for page load successfully

2019-03-11 18:05:39 - [MESSAGE][PASSED] - Wait for page load successfully

2019-03-11 18:05:39 - [TEST_STEP][PASSED] - callTestCase(findTestCase("mobileWeb/_include/get_screenshot"), [:], STOP_ON_FAILURE): Call Test Case 'Test Cases/mobileWeb/_include/get_screenshot' successfully

2019-03-11 18:05:39 - [TEST_CASE][PASSED] - Test Cases/mobileWeb/_include/get_screenshot: Test Cases/mobileWeb/_include/get_screenshot

2019-03-11 18:05:39 - [TEST_STEP][PASSED] - takeScreenshot(screenPath + i + ".png"): Taking screenshot successfully

2019-03-11 18:05:39 - [MESSAGE][PASSED] - Taking screenshot successfully
[[ATTACHMENT|../Screenshots/mobileWeb/hbi/Core Shield/20190311_180345/6.png]]

2019-03-11 18:05:39 - [TEST_STEP][PASSED] - (internal.GlobalVariable.i++): null

2019-03-11 18:05:39 - [MESSAGE][PASSED] - Call Test Case 'Test Cases/mobileWeb/_include/get_screenshot' successfully

2019-03-11 18:05:39 - [TEST_STEP][PASSED] - setText(findTestObject("mobileSanity/HBI/Page_App Page 2/input__credit-card-first"), FirstName): Text 'Test-123' is set on object 'Object Repository/mobileSanity/HBI/Page_App Page 2/input__credit-card-first'

2019-03-11 18:05:40 - [MESSAGE][PASSED] - Text 'Test-123' is set on object 'Object Repository/mobileSanity/HBI/Page_App Page 2/input__credit-card-first'

2019-03-11 18:05:40 - [TEST_STEP][PASSED] - setText(findTestObject("mobileSanity/HBI/Page_App Page 2/input__credit-card-last"), LastName): Text 'ZZ11-NzXOfvNw' is set on object 'Object Repository/mobileSanity/HBI/Page_App Page 2/input__credit-card-last'

2019-03-11 18:05:40 - [MESSAGE][PASSED] - Text 'ZZ11-NzXOfvNw' is set on object 'Object Repository/mobileSanity/HBI/Page_App Page 2/input__credit-card-last'

2019-03-11 18:05:40 - [TEST_STEP][PASSED] - selectOptionByValue(findTestObject("mobileSanity/HBI/Page_App Page 2/select_MM010203040506070809101"), "12", true): All options with value '12' are selected in object 'Object Repository/mobileSanity/HBI/Page_App Page 2/select_MM010203040506070809101'  using regular expression

2019-03-11 18:05:41 - [MESSAGE][PASSED] - All options with value '12' are selected in object 'Object Repository/mobileSanity/HBI/Page_App Page 2/select_MM010203040506070809101'  using regular expression

2019-03-11 18:05:41 - [TEST_STEP][PASSED] - selectOptionByValue(findTestObject("mobileSanity/HBI/Page_App Page 2/select_YYYY2019202020212022202"), "2026", true): All options with value '2026' are selected in object 'Object Repository/mobileSanity/HBI/Page_App Page 2/select_YYYY2019202020212022202'  using regular expression

2019-03-11 18:05:41 - [MESSAGE][PASSED] - All options with value '2026' are selected in object 'Object Repository/mobileSanity/HBI/Page_App Page 2/select_YYYY2019202020212022202'  using regular expression

2019-03-11 18:05:41 - [TEST_STEP][PASSED] - setText(findTestObject("mobileSanity/HBI/Page_App Page 2/input__credit-card-number"), "4111111111111111"): Text '4111111111111111' is set on object 'Object Repository/mobileSanity/HBI/Page_App Page 2/input__credit-card-number'

2019-03-11 18:05:42 - [MESSAGE][PASSED] - Text '4111111111111111' is set on object 'Object Repository/mobileSanity/HBI/Page_App Page 2/input__credit-card-number'

2019-03-11 18:05:42 - [TEST_STEP][PASSED] - setText(findTestObject("mobileSanity/HBI/Page_App Page 2/input__cvv"), "123"): Text '123' is set on object 'Object Repository/mobileSanity/HBI/Page_App Page 2/input__cvv'

2019-03-11 18:05:42 - [MESSAGE][PASSED] - Text '123' is set on object 'Object Repository/mobileSanity/HBI/Page_App Page 2/input__cvv'

2019-03-11 18:05:42 - [TEST_STEP][PASSED] - click(findTestObject("mobileSanity/HBI/Page_App Page 2/label_My billing address is th")): Object: 'Object Repository/mobileSanity/HBI/Page_App Page 2/label_My billing address is th' is clicked on

2019-03-11 18:05:42 - [MESSAGE][PASSED] - Object: 'Object Repository/mobileSanity/HBI/Page_App Page 2/label_My billing address is th' is clicked on

2019-03-11 18:05:42 - [TEST_STEP][PASSED] - click(findTestObject("mobileSanity/HBI/Page_App Page 2/label_I Accept Authorization f")): Object: 'Object Repository/mobileSanity/HBI/Page_App Page 2/label_I Accept Authorization f' is clicked on

2019-03-11 18:05:42 - [MESSAGE][PASSED] - Object: 'Object Repository/mobileSanity/HBI/Page_App Page 2/label_I Accept Authorization f' is clicked on

2019-03-11 18:05:42 - [TEST_STEP][PASSED] - click(findTestObject("mobileSanity/HBI/Page_App Page 2/a_Continue to Step 3 - Review")): Object: 'Object Repository/mobileSanity/HBI/Page_App Page 2/a_Continue to Step 3 - Review' is clicked on

2019-03-11 18:05:42 - [MESSAGE][PASSED] - Object: 'Object Repository/mobileSanity/HBI/Page_App Page 2/a_Continue to Step 3 - Review' is clicked on

2019-03-11 18:05:42 - [TEST_STEP][PASSED] - waitForPageLoad(10): Wait for page load successfully

2019-03-11 18:05:42 - [MESSAGE][PASSED] - Wait for page load successfully

2019-03-11 18:05:42 - [TEST_STEP][PASSED] - callTestCase(findTestCase("mobileWeb/_include/get_screenshot"), [:], STOP_ON_FAILURE): Call Test Case 'Test Cases/mobileWeb/_include/get_screenshot' successfully

2019-03-11 18:05:42 - [TEST_CASE][PASSED] - Test Cases/mobileWeb/_include/get_screenshot: Test Cases/mobileWeb/_include/get_screenshot

2019-03-11 18:05:42 - [TEST_STEP][PASSED] - takeScreenshot(screenPath + i + ".png"): Taking screenshot successfully

2019-03-11 18:05:43 - [MESSAGE][PASSED] - Taking screenshot successfully
[[ATTACHMENT|../Screenshots/mobileWeb/hbi/Core Shield/20190311_180345/7.png]]

2019-03-11 18:05:43 - [TEST_STEP][PASSED] - (internal.GlobalVariable.i++): null

2019-03-11 18:05:43 - [MESSAGE][PASSED] - Call Test Case 'Test Cases/mobileWeb/_include/get_screenshot' successfully

2019-03-11 18:05:43 - [TEST_STEP][PASSED] - if (test.MobileKeywords.isElementPresent_Web(findTestObject("mobileSanity/HBI/Page_App Page 2/a_No Thanks"), 10)): test.MobileKeywords.isElementPresent_Web is PASSED

2019-03-11 18:06:05 - [MESSAGE][INFO] - Unable to find the element located by 'By.xpath: //a[@type = 'submit' and (text() = 'No Thanks' or . = 'No Thanks')]'. Please recheck the objects properties to make sure the desired element is located. 

2019-03-11 18:06:05 - [MESSAGE][PASSED] - test.MobileKeywords.isElementPresent_Web is PASSED

2019-03-11 18:06:05 - [TEST_STEP][PASSED] - waitForPageLoad(10): Wait for page load successfully

2019-03-11 18:06:05 - [MESSAGE][PASSED] - Wait for page load successfully

2019-03-11 18:06:05 - [TEST_STEP][FAILED] - click(findTestObject("mobileSanity/HBI/Page_App Page 3/label")): click(findTestObject("mobileSanity/HBI/Page_App Page 3/label")) FAILED.
Reason:
com.kms.katalon.core.exception.StepFailedException: Unable to click on object 'Object Repository/mobileSanity/HBI/Page_App Page 3/label' (Root cause: org.openqa.selenium.WebDriverException: unknown error: Element <label for="consent-checkbox-0"></label> is not clickable at point (71, 12). Other element would receive the click: <div class="col-md-11 terms-cell" id="consent-checkbox-0-label">...</div>
  (Session info: chrome=72.0.3626.121)
  (Driver info: chromedriver=2.43.600229 (3fae4d0cda5334b4f533bede5a4787f7b832d052),platform=Mac OS X 10.14.2 x86_64) (WARNING: The server did not provide any stacktrace information)
Command duration or timeout: 0 milliseconds
Build info: version: '3.7.1', revision: '8a0099a', time: '2017-11-06T21:07:36.161Z'
System info: host: 'Deniss-MacBook-Pro.local', ip: 'fe80:0:0:0:18db:5ed3:b3d6:93e7%en0', os.name: 'Mac OS X', os.arch: 'x86_64', os.version: '10.14.2', java.version: '1.8.0_181'
Driver info: com.kms.katalon.selenium.driver.CChromeDriver
Capabilities {acceptInsecureCerts: false, acceptSslCerts: false, applicationCacheEnabled: false, browserConnectionEnabled: false, browserName: chrome, chrome: {chromedriverVersion: 2.43.600229 (3fae4d0cda5334..., userDataDir: /var/folders/95/4qsvf70n5s5...}, cssSelectorsEnabled: true, databaseEnabled: false, goog:chromeOptions: {debuggerAddress: localhost:57585}, handlesAlerts: true, hasTouchScreen: true, javascriptEnabled: true, locationContextEnabled: true, mobileEmulationEnabled: true, nativeEvents: true, networkConnectionEnabled: false, pageLoadStrategy: normal, platform: MAC, platformName: MAC, rotatable: false, setWindowRect: true, takesHeapSnapshot: true, takesScreenshot: true, unexpectedAlertBehaviour: , unhandledPromptBehavior: , version: 72.0.3626.121, webStorageEnabled: true}
Session ID: a19184fb4eb89a74c12651886cd61d03)
	at com.kms.katalon.core.keyword.internal.KeywordMain.stepFailed(KeywordMain.groovy:36)
	at com.kms.katalon.core.webui.keyword.internal.WebUIKeywordMain.stepFailed(WebUIKeywordMain.groovy:65)
	at com.kms.katalon.core.webui.keyword.internal.WebUIKeywordMain.runKeyword(WebUIKeywordMain.groovy:27)
	at com.kms.katalon.core.webui.keyword.builtin.ClickKeyword.click(ClickKeyword.groovy:86)
	at com.kms.katalon.core.webui.keyword.builtin.ClickKeyword.execute(ClickKeyword.groovy:67)
	at com.kms.katalon.core.keyword.internal.KeywordExecutor.executeKeywordForPlatform(KeywordExecutor.groovy:53)
	at com.kms.katalon.core.webui.keyword.WebUiBuiltInKeywords.click(WebUiBuiltInKeywords.groovy:616)
	at com.kms.katalon.core.webui.keyword.WebUiBuiltInKeywords$click$3.call(Unknown Source)
	at goToEnd_hbi.run(goToEnd_hbi:85)
	at com.kms.katalon.core.main.ScriptEngine.run(ScriptEngine.java:194)
	at com.kms.katalon.core.main.ScriptEngine.runScriptAsRawText(ScriptEngine.java:119)
	at com.kms.katalon.core.main.TestCaseExecutor.runScript(TestCaseExecutor.java:328)
	at com.kms.katalon.core.main.TestCaseExecutor.doExecute(TestCaseExecutor.java:319)
	at com.kms.katalon.core.main.TestCaseExecutor.processExecutionPhase(TestCaseExecutor.java:298)
	at com.kms.katalon.core.main.TestCaseExecutor.accessMainPhase(TestCaseExecutor.java:290)
	at com.kms.katalon.core.main.TestCaseExecutor.execute(TestCaseExecutor.java:224)
	at com.kms.katalon.core.main.TestCaseMain.runTestCase(TestCaseMain.java:106)
	at com.kms.katalon.core.keyword.builtin.CallTestCaseKeyword$_callTestCase_closure1.doCall(CallTestCaseKeyword.groovy:59)
	at com.kms.katalon.core.keyword.builtin.CallTestCaseKeyword$_callTestCase_closure1.call(CallTestCaseKeyword.groovy)
	at com.kms.katalon.core.keyword.internal.KeywordMain.runKeyword(KeywordMain.groovy:54)
	at com.kms.katalon.core.keyword.builtin.CallTestCaseKeyword.callTestCase(CallTestCaseKeyword.groovy:80)
	at com.kms.katalon.core.keyword.builtin.CallTestCaseKeyword.execute(CallTestCaseKeyword.groovy:44)
	at com.kms.katalon.core.keyword.internal.KeywordExecutor.executeKeywordForPlatform(KeywordExecutor.groovy:53)
	at com.kms.katalon.core.keyword.BuiltinKeywords.callTestCase(BuiltinKeywords.groovy:334)
	at Core Shield.run(Core Shield:50)
	at com.kms.katalon.core.main.ScriptEngine.run(ScriptEngine.java:194)
	at com.kms.katalon.core.main.ScriptEngine.runScriptAsRawText(ScriptEngine.java:119)
	at com.kms.katalon.core.main.TestCaseExecutor.runScript(TestCaseExecutor.java:328)
	at com.kms.katalon.core.main.TestCaseExecutor.doExecute(TestCaseExecutor.java:319)
	at com.kms.katalon.core.main.TestCaseExecutor.processExecutionPhase(TestCaseExecutor.java:298)
	at com.kms.katalon.core.main.TestCaseExecutor.accessMainPhase(TestCaseExecutor.java:290)
	at com.kms.katalon.core.main.TestCaseExecutor.execute(TestCaseExecutor.java:224)
	at com.kms.katalon.core.main.TestSuiteExecutor.accessTestCaseMainPhase(TestSuiteExecutor.java:129)
	at com.kms.katalon.core.main.TestSuiteExecutor.accessTestSuiteMainPhase(TestSuiteExecutor.java:112)
	at com.kms.katalon.core.main.TestSuiteExecutor.execute(TestSuiteExecutor.java:81)
	at com.kms.katalon.core.main.TestCaseMain.startTestSuite(TestCaseMain.java:149)
	at com.kms.katalon.core.main.TestCaseMain$startTestSuite$0.call(Unknown Source)
	at TempTestSuite1552298249283.run(TempTestSuite1552298249283.groovy:36)


2019-03-11 18:06:05 - [MESSAGE][FAILED] - Unable to click on object 'Object Repository/mobileSanity/HBI/Page_App Page 3/label' (Root cause: org.openqa.selenium.WebDriverException: unknown error: Element <label for="consent-checkbox-0"></label> is not clickable at point (71, 12). Other element would receive the click: <div class="col-md-11 terms-cell" id="consent-checkbox-0-label">...</div>
  (Session info: chrome=72.0.3626.121)
  (Driver info: chromedriver=2.43.600229 (3fae4d0cda5334b4f533bede5a4787f7b832d052),platform=Mac OS X 10.14.2 x86_64) (WARNING: The server did not provide any stacktrace information)
Command duration or timeout: 0 milliseconds
Build info: version: '3.7.1', revision: '8a0099a', time: '2017-11-06T21:07:36.161Z'
System info: host: 'Deniss-MacBook-Pro.local', ip: 'fe80:0:0:0:18db:5ed3:b3d6:93e7%en0', os.name: 'Mac OS X', os.arch: 'x86_64', os.version: '10.14.2', java.version: '1.8.0_181'
Driver info: com.kms.katalon.selenium.driver.CChromeDriver
Capabilities {acceptInsecureCerts: false, acceptSslCerts: false, applicationCacheEnabled: false, browserConnectionEnabled: false, browserName: chrome, chrome: {chromedriverVersion: 2.43.600229 (3fae4d0cda5334..., userDataDir: /var/folders/95/4qsvf70n5s5...}, cssSelectorsEnabled: true, databaseEnabled: false, goog:chromeOptions: {debuggerAddress: localhost:57585}, handlesAlerts: true, hasTouchScreen: true, javascriptEnabled: true, locationContextEnabled: true, mobileEmulationEnabled: true, nativeEvents: true, networkConnectionEnabled: false, pageLoadStrategy: normal, platform: MAC, platformName: MAC, rotatable: false, setWindowRect: true, takesHeapSnapshot: true, takesScreenshot: true, unexpectedAlertBehaviour: , unhandledPromptBehavior: , version: 72.0.3626.121, webStorageEnabled: true}
Session ID: a19184fb4eb89a74c12651886cd61d03)
[[ATTACHMENT|/Users/denisyu/workplace/test/AgileTest/Reports/mobileWeb/hbi/20190311_175719/1552298765305.png]]

2019-03-11 18:06:05 - [MESSAGE][FAILED] - click(findTestObject("mobileSanity/HBI/Page_App Page 3/label")) FAILED.
Reason:
com.kms.katalon.core.exception.StepFailedException: Unable to click on object 'Object Repository/mobileSanity/HBI/Page_App Page 3/label' (Root cause: org.openqa.selenium.WebDriverException: unknown error: Element <label for="consent-checkbox-0"></label> is not clickable at point (71, 12). Other element would receive the click: <div class="col-md-11 terms-cell" id="consent-checkbox-0-label">...</div>
  (Session info: chrome=72.0.3626.121)
  (Driver info: chromedriver=2.43.600229 (3fae4d0cda5334b4f533bede5a4787f7b832d052),platform=Mac OS X 10.14.2 x86_64) (WARNING: The server did not provide any stacktrace information)
Command duration or timeout: 0 milliseconds
Build info: version: '3.7.1', revision: '8a0099a', time: '2017-11-06T21:07:36.161Z'
System info: host: 'Deniss-MacBook-Pro.local', ip: 'fe80:0:0:0:18db:5ed3:b3d6:93e7%en0', os.name: 'Mac OS X', os.arch: 'x86_64', os.version: '10.14.2', java.version: '1.8.0_181'
Driver info: com.kms.katalon.selenium.driver.CChromeDriver
Capabilities {acceptInsecureCerts: false, acceptSslCerts: false, applicationCacheEnabled: false, browserConnectionEnabled: false, browserName: chrome, chrome: {chromedriverVersion: 2.43.600229 (3fae4d0cda5334..., userDataDir: /var/folders/95/4qsvf70n5s5...}, cssSelectorsEnabled: true, databaseEnabled: false, goog:chromeOptions: {debuggerAddress: localhost:57585}, handlesAlerts: true, hasTouchScreen: true, javascriptEnabled: true, locationContextEnabled: true, mobileEmulationEnabled: true, nativeEvents: true, networkConnectionEnabled: false, pageLoadStrategy: normal, platform: MAC, platformName: MAC, rotatable: false, setWindowRect: true, takesHeapSnapshot: true, takesScreenshot: true, unexpectedAlertBehaviour: , unhandledPromptBehavior: , version: 72.0.3626.121, webStorageEnabled: true}
Session ID: a19184fb4eb89a74c12651886cd61d03)
	at com.kms.katalon.core.keyword.internal.KeywordMain.stepFailed(KeywordMain.groovy:36)
	at com.kms.katalon.core.webui.keyword.internal.WebUIKeywordMain.stepFailed(WebUIKeywordMain.groovy:65)
	at com.kms.katalon.core.webui.keyword.internal.WebUIKeywordMain.runKeyword(WebUIKeywordMain.groovy:27)
	at com.kms.katalon.core.webui.keyword.builtin.ClickKeyword.click(ClickKeyword.groovy:86)
	at com.kms.katalon.core.webui.keyword.builtin.ClickKeyword.execute(ClickKeyword.groovy:67)
	at com.kms.katalon.core.keyword.internal.KeywordExecutor.executeKeywordForPlatform(KeywordExecutor.groovy:53)
	at com.kms.katalon.core.webui.keyword.WebUiBuiltInKeywords.click(WebUiBuiltInKeywords.groovy:616)
	at com.kms.katalon.core.webui.keyword.WebUiBuiltInKeywords$click$3.call(Unknown Source)
	at goToEnd_hbi.run(goToEnd_hbi:85)
	at com.kms.katalon.core.main.ScriptEngine.run(ScriptEngine.java:194)
	at com.kms.katalon.core.main.ScriptEngine.runScriptAsRawText(ScriptEngine.java:119)
	at com.kms.katalon.core.main.TestCaseExecutor.runScript(TestCaseExecutor.java:328)
	at com.kms.katalon.core.main.TestCaseExecutor.doExecute(TestCaseExecutor.java:319)
	at com.kms.katalon.core.main.TestCaseExecutor.processExecutionPhase(TestCaseExecutor.java:298)
	at com.kms.katalon.core.main.TestCaseExecutor.accessMainPhase(TestCaseExecutor.java:290)
	at com.kms.katalon.core.main.TestCaseExecutor.execute(TestCaseExecutor.java:224)
	at com.kms.katalon.core.main.TestCaseMain.runTestCase(TestCaseMain.java:106)
	at com.kms.katalon.core.keyword.builtin.CallTestCaseKeyword$_callTestCase_closure1.doCall(CallTestCaseKeyword.groovy:59)
	at com.kms.katalon.core.keyword.builtin.CallTestCaseKeyword$_callTestCase_closure1.call(CallTestCaseKeyword.groovy)
	at com.kms.katalon.core.keyword.internal.KeywordMain.runKeyword(KeywordMain.groovy:54)
	at com.kms.katalon.core.keyword.builtin.CallTestCaseKeyword.callTestCase(CallTestCaseKeyword.groovy:80)
	at com.kms.katalon.core.keyword.builtin.CallTestCaseKeyword.execute(CallTestCaseKeyword.groovy:44)
	at com.kms.katalon.core.keyword.internal.KeywordExecutor.executeKeywordForPlatform(KeywordExecutor.groovy:53)
	at com.kms.katalon.core.keyword.BuiltinKeywords.callTestCase(BuiltinKeywords.groovy:334)
	at Core Shield.run(Core Shield:50)
	at com.kms.katalon.core.main.ScriptEngine.run(ScriptEngine.java:194)
	at com.kms.katalon.core.main.ScriptEngine.runScriptAsRawText(ScriptEngine.java:119)
	at com.kms.katalon.core.main.TestCaseExecutor.runScript(TestCaseExecutor.java:328)
	at com.kms.katalon.core.main.TestCaseExecutor.doExecute(TestCaseExecutor.java:319)
	at com.kms.katalon.core.main.TestCaseExecutor.processExecutionPhase(TestCaseExecutor.java:298)
	at com.kms.katalon.core.main.TestCaseExecutor.accessMainPhase(TestCaseExecutor.java:290)
	at com.kms.katalon.core.main.TestCaseExecutor.execute(TestCaseExecutor.java:224)
	at com.kms.katalon.core.main.TestSuiteExecutor.accessTestCaseMainPhase(TestSuiteExecutor.java:129)
	at com.kms.katalon.core.main.TestSuiteExecutor.accessTestSuiteMainPhase(TestSuiteExecutor.java:112)
	at com.kms.katalon.core.main.TestSuiteExecutor.execute(TestSuiteExecutor.java:81)
	at com.kms.katalon.core.main.TestCaseMain.startTestSuite(TestCaseMain.java:149)
	at com.kms.katalon.core.main.TestCaseMain$startTestSuite$0.call(Unknown Source)
	at TempTestSuite1552298249283.run(TempTestSuite1552298249283.groovy:36)


2019-03-11 18:06:05 - [MESSAGE][FAILED] - Unable to call Test Case 'Test Cases/mobileWeb/_include/goToEnd_hbi' (Root cause: com.kms.katalon.core.exception.StepFailedException: Call Test Case 'Test Cases/mobileWeb/_include/goToEnd_hbi' failed)

2019-03-11 18:06:05 - [MESSAGE][FAILED] - callTestCase(findTestCase("mobileWeb/_include/goToEnd_hbi"), ["carrier":"coreshield"], CONTINUE_ON_FAILURE) FAILED.
Reason:
com.kms.katalon.core.exception.StepFailedException: Unable to click on object 'Object Repository/mobileSanity/HBI/Page_App Page 3/label' (Root cause: org.openqa.selenium.WebDriverException: unknown error: Element <label for="consent-checkbox-0"></label> is not clickable at point (71, 12). Other element would receive the click: <div class="col-md-11 terms-cell" id="consent-checkbox-0-label">...</div>
  (Session info: chrome=72.0.3626.121)
  (Driver info: chromedriver=2.43.600229 (3fae4d0cda5334b4f533bede5a4787f7b832d052),platform=Mac OS X 10.14.2 x86_64) (WARNING: The server did not provide any stacktrace information)
Command duration or timeout: 0 milliseconds
Build info: version: '3.7.1', revision: '8a0099a', time: '2017-11-06T21:07:36.161Z'
System info: host: 'Deniss-MacBook-Pro.local', ip: 'fe80:0:0:0:18db:5ed3:b3d6:93e7%en0', os.name: 'Mac OS X', os.arch: 'x86_64', os.version: '10.14.2', java.version: '1.8.0_181'
Driver info: com.kms.katalon.selenium.driver.CChromeDriver
Capabilities {acceptInsecureCerts: false, acceptSslCerts: false, applicationCacheEnabled: false, browserConnectionEnabled: false, browserName: chrome, chrome: {chromedriverVersion: 2.43.600229 (3fae4d0cda5334..., userDataDir: /var/folders/95/4qsvf70n5s5...}, cssSelectorsEnabled: true, databaseEnabled: false, goog:chromeOptions: {debuggerAddress: localhost:57585}, handlesAlerts: true, hasTouchScreen: true, javascriptEnabled: true, locationContextEnabled: true, mobileEmulationEnabled: true, nativeEvents: true, networkConnectionEnabled: false, pageLoadStrategy: normal, platform: MAC, platformName: MAC, rotatable: false, setWindowRect: true, takesHeapSnapshot: true, takesScreenshot: true, unexpectedAlertBehaviour: , unhandledPromptBehavior: , version: 72.0.3626.121, webStorageEnabled: true}
Session ID: a19184fb4eb89a74c12651886cd61d03)
	at com.kms.katalon.core.keyword.internal.KeywordMain.stepFailed(KeywordMain.groovy:36)
	at com.kms.katalon.core.webui.keyword.internal.WebUIKeywordMain.stepFailed(WebUIKeywordMain.groovy:65)
	at com.kms.katalon.core.webui.keyword.internal.WebUIKeywordMain.runKeyword(WebUIKeywordMain.groovy:27)
	at com.kms.katalon.core.webui.keyword.builtin.ClickKeyword.click(ClickKeyword.groovy:86)
	at com.kms.katalon.core.webui.keyword.builtin.ClickKeyword.execute(ClickKeyword.groovy:67)
	at com.kms.katalon.core.keyword.internal.KeywordExecutor.executeKeywordForPlatform(KeywordExecutor.groovy:53)
	at com.kms.katalon.core.webui.keyword.WebUiBuiltInKeywords.click(WebUiBuiltInKeywords.groovy:616)
	at com.kms.katalon.core.webui.keyword.WebUiBuiltInKeywords$click$3.call(Unknown Source)
	at goToEnd_hbi.run(goToEnd_hbi:85)
	at com.kms.katalon.core.main.ScriptEngine.run(ScriptEngine.java:194)
	at com.kms.katalon.core.main.ScriptEngine.runScriptAsRawText(ScriptEngine.java:119)
	at com.kms.katalon.core.main.TestCaseExecutor.runScript(TestCaseExecutor.java:328)
	at com.kms.katalon.core.main.TestCaseExecutor.doExecute(TestCaseExecutor.java:319)
	at com.kms.katalon.core.main.TestCaseExecutor.processExecutionPhase(TestCaseExecutor.java:298)
	at com.kms.katalon.core.main.TestCaseExecutor.accessMainPhase(TestCaseExecutor.java:290)
	at com.kms.katalon.core.main.TestCaseExecutor.execute(TestCaseExecutor.java:224)
	at com.kms.katalon.core.main.TestCaseMain.runTestCase(TestCaseMain.java:106)
	at com.kms.katalon.core.keyword.builtin.CallTestCaseKeyword$_callTestCase_closure1.doCall(CallTestCaseKeyword.groovy:59)
	at com.kms.katalon.core.keyword.builtin.CallTestCaseKeyword$_callTestCase_closure1.call(CallTestCaseKeyword.groovy)
	at com.kms.katalon.core.keyword.internal.KeywordMain.runKeyword(KeywordMain.groovy:54)
	at com.kms.katalon.core.keyword.builtin.CallTestCaseKeyword.callTestCase(CallTestCaseKeyword.groovy:80)
	at com.kms.katalon.core.keyword.builtin.CallTestCaseKeyword.execute(CallTestCaseKeyword.groovy:44)
	at com.kms.katalon.core.keyword.internal.KeywordExecutor.executeKeywordForPlatform(KeywordExecutor.groovy:53)
	at com.kms.katalon.core.keyword.BuiltinKeywords.callTestCase(BuiltinKeywords.groovy:334)
	at Core Shield.run(Core Shield:50)
	at com.kms.katalon.core.main.ScriptEngine.run(ScriptEngine.java:194)
	at com.kms.katalon.core.main.ScriptEngine.runScriptAsRawText(ScriptEngine.java:119)
	at com.kms.katalon.core.main.TestCaseExecutor.runScript(TestCaseExecutor.java:328)
	at com.kms.katalon.core.main.TestCaseExecutor.doExecute(TestCaseExecutor.java:319)
	at com.kms.katalon.core.main.TestCaseExecutor.processExecutionPhase(TestCaseExecutor.java:298)
	at com.kms.katalon.core.main.TestCaseExecutor.accessMainPhase(TestCaseExecutor.java:290)
	at com.kms.katalon.core.main.TestCaseExecutor.execute(TestCaseExecutor.java:224)
	at com.kms.katalon.core.main.TestSuiteExecutor.accessTestCaseMainPhase(TestSuiteExecutor.java:129)
	at com.kms.katalon.core.main.TestSuiteExecutor.accessTestSuiteMainPhase(TestSuiteExecutor.java:112)
	at com.kms.katalon.core.main.TestSuiteExecutor.execute(TestSuiteExecutor.java:81)
	at com.kms.katalon.core.main.TestCaseMain.startTestSuite(TestCaseMain.java:149)
	at com.kms.katalon.core.main.TestCaseMain$startTestSuite$0.call(Unknown Source)
	at TempTestSuite1552298249283.run(TempTestSuite1552298249283.groovy:36)]]></system-out>
         <system-err><![CDATA[2019-03-11 18:03:45 - [TEST_CASE][FAILED] - Test Cases/mobileWeb/HBI/Core Shield: Test Cases/mobileWeb/HBI/Core Shield FAILED.
Reason:
com.kms.katalon.core.exception.StepFailedException: Unable to click on object 'Object Repository/mobileSanity/HBI/Page_App Page 3/label' (Root cause: org.openqa.selenium.WebDriverException: unknown error: Element <label for="consent-checkbox-0"></label> is not clickable at point (71, 12). Other element would receive the click: <div class="col-md-11 terms-cell" id="consent-checkbox-0-label">...</div>
  (Session info: chrome=72.0.3626.121)
  (Driver info: chromedriver=2.43.600229 (3fae4d0cda5334b4f533bede5a4787f7b832d052),platform=Mac OS X 10.14.2 x86_64) (WARNING: The server did not provide any stacktrace information)
Command duration or timeout: 0 milliseconds
Build info: version: '3.7.1', revision: '8a0099a', time: '2017-11-06T21:07:36.161Z'
System info: host: 'Deniss-MacBook-Pro.local', ip: 'fe80:0:0:0:18db:5ed3:b3d6:93e7%en0', os.name: 'Mac OS X', os.arch: 'x86_64', os.version: '10.14.2', java.version: '1.8.0_181'
Driver info: com.kms.katalon.selenium.driver.CChromeDriver
Capabilities {acceptInsecureCerts: false, acceptSslCerts: false, applicationCacheEnabled: false, browserConnectionEnabled: false, browserName: chrome, chrome: {chromedriverVersion: 2.43.600229 (3fae4d0cda5334..., userDataDir: /var/folders/95/4qsvf70n5s5...}, cssSelectorsEnabled: true, databaseEnabled: false, goog:chromeOptions: {debuggerAddress: localhost:57585}, handlesAlerts: true, hasTouchScreen: true, javascriptEnabled: true, locationContextEnabled: true, mobileEmulationEnabled: true, nativeEvents: true, networkConnectionEnabled: false, pageLoadStrategy: normal, platform: MAC, platformName: MAC, rotatable: false, setWindowRect: true, takesHeapSnapshot: true, takesScreenshot: true, unexpectedAlertBehaviour: , unhandledPromptBehavior: , version: 72.0.3626.121, webStorageEnabled: true}
Session ID: a19184fb4eb89a74c12651886cd61d03)
	at com.kms.katalon.core.keyword.internal.KeywordMain.stepFailed(KeywordMain.groovy:36)
	at com.kms.katalon.core.webui.keyword.internal.WebUIKeywordMain.stepFailed(WebUIKeywordMain.groovy:65)
	at com.kms.katalon.core.webui.keyword.internal.WebUIKeywordMain.runKeyword(WebUIKeywordMain.groovy:27)
	at com.kms.katalon.core.webui.keyword.builtin.ClickKeyword.click(ClickKeyword.groovy:86)
	at com.kms.katalon.core.webui.keyword.builtin.ClickKeyword.execute(ClickKeyword.groovy:67)
	at com.kms.katalon.core.keyword.internal.KeywordExecutor.executeKeywordForPlatform(KeywordExecutor.groovy:53)
	at com.kms.katalon.core.webui.keyword.WebUiBuiltInKeywords.click(WebUiBuiltInKeywords.groovy:616)
	at com.kms.katalon.core.webui.keyword.WebUiBuiltInKeywords$click$3.call(Unknown Source)
	at goToEnd_hbi.run(goToEnd_hbi:85)
	at com.kms.katalon.core.main.ScriptEngine.run(ScriptEngine.java:194)
	at com.kms.katalon.core.main.ScriptEngine.runScriptAsRawText(ScriptEngine.java:119)
	at com.kms.katalon.core.main.TestCaseExecutor.runScript(TestCaseExecutor.java:328)
	at com.kms.katalon.core.main.TestCaseExecutor.doExecute(TestCaseExecutor.java:319)
	at com.kms.katalon.core.main.TestCaseExecutor.processExecutionPhase(TestCaseExecutor.java:298)
	at com.kms.katalon.core.main.TestCaseExecutor.accessMainPhase(TestCaseExecutor.java:290)
	at com.kms.katalon.core.main.TestCaseExecutor.execute(TestCaseExecutor.java:224)
	at com.kms.katalon.core.main.TestCaseMain.runTestCase(TestCaseMain.java:106)
	at com.kms.katalon.core.keyword.builtin.CallTestCaseKeyword$_callTestCase_closure1.doCall(CallTestCaseKeyword.groovy:59)
	at com.kms.katalon.core.keyword.builtin.CallTestCaseKeyword$_callTestCase_closure1.call(CallTestCaseKeyword.groovy)
	at com.kms.katalon.core.keyword.internal.KeywordMain.runKeyword(KeywordMain.groovy:54)
	at com.kms.katalon.core.keyword.builtin.CallTestCaseKeyword.callTestCase(CallTestCaseKeyword.groovy:80)
	at com.kms.katalon.core.keyword.builtin.CallTestCaseKeyword.execute(CallTestCaseKeyword.groovy:44)
	at com.kms.katalon.core.keyword.internal.KeywordExecutor.executeKeywordForPlatform(KeywordExecutor.groovy:53)
	at com.kms.katalon.core.keyword.BuiltinKeywords.callTestCase(BuiltinKeywords.groovy:334)
	at Core Shield.run(Core Shield:50)
	at com.kms.katalon.core.main.ScriptEngine.run(ScriptEngine.java:194)
	at com.kms.katalon.core.main.ScriptEngine.runScriptAsRawText(ScriptEngine.java:119)
	at com.kms.katalon.core.main.TestCaseExecutor.runScript(TestCaseExecutor.java:328)
	at com.kms.katalon.core.main.TestCaseExecutor.doExecute(TestCaseExecutor.java:319)
	at com.kms.katalon.core.main.TestCaseExecutor.processExecutionPhase(TestCaseExecutor.java:298)
	at com.kms.katalon.core.main.TestCaseExecutor.accessMainPhase(TestCaseExecutor.java:290)
	at com.kms.katalon.core.main.TestCaseExecutor.execute(TestCaseExecutor.java:224)
	at com.kms.katalon.core.main.TestSuiteExecutor.accessTestCaseMainPhase(TestSuiteExecutor.java:129)
	at com.kms.katalon.core.main.TestSuiteExecutor.accessTestSuiteMainPhase(TestSuiteExecutor.java:112)
	at com.kms.katalon.core.main.TestSuiteExecutor.execute(TestSuiteExecutor.java:81)
	at com.kms.katalon.core.main.TestCaseMain.startTestSuite(TestCaseMain.java:149)
	at com.kms.katalon.core.main.TestCaseMain$startTestSuite$0.call(Unknown Source)
	at TempTestSuite1552298249283.run(TempTestSuite1552298249283.groovy:36)]]></system-err>
      </testcase>
      <testcase name="Test Cases/mobileWeb/HBI/Agile Secure" classname="Test Cases/mobileWeb/HBI/Agile Secure" status="FAILED">
         <failure type="FAILED" message="Test Cases/mobileWeb/HBI/Agile Secure FAILED.
Reason:
com.kms.katalon.core.exception.StepFailedException: Unable to click on object 'Object Repository/mobileSanity/HBI/Page_App Page 3/label' (Root cause: org.openqa.selenium.WebDriverException: unknown error: Element &lt;label for=&quot;consent-checkbox-0&quot;>&lt;/label> is not clickable at point (71, 12). Other element would receive the click: &lt;div class=&quot;col-md-11 terms-cell&quot; id=&quot;consent-checkbox-0-label&quot;>...&lt;/div>
  (Session info: chrome=72.0.3626.121)
  (Driver info: chromedriver=2.43.600229 (3fae4d0cda5334b4f533bede5a4787f7b832d052),platform=Mac OS X 10.14.2 x86_64) (WARNING: The server did not provide any stacktrace information)
Command duration or timeout: 0 milliseconds
Build info: version: '3.7.1', revision: '8a0099a', time: '2017-11-06T21:07:36.161Z'
System info: host: 'Deniss-MacBook-Pro.local', ip: 'fe80:0:0:0:18db:5ed3:b3d6:93e7%en0', os.name: 'Mac OS X', os.arch: 'x86_64', os.version: '10.14.2', java.version: '1.8.0_181'
Driver info: com.kms.katalon.selenium.driver.CChromeDriver
Capabilities {acceptInsecureCerts: false, acceptSslCerts: false, applicationCacheEnabled: false, browserConnectionEnabled: false, browserName: chrome, chrome: {chromedriverVersion: 2.43.600229 (3fae4d0cda5334..., userDataDir: /var/folders/95/4qsvf70n5s5...}, cssSelectorsEnabled: true, databaseEnabled: false, goog:chromeOptions: {debuggerAddress: localhost:58912}, handlesAlerts: true, hasTouchScreen: true, javascriptEnabled: true, locationContextEnabled: true, mobileEmulationEnabled: true, nativeEvents: true, networkConnectionEnabled: false, pageLoadStrategy: normal, platform: MAC, platformName: MAC, rotatable: false, setWindowRect: true, takesHeapSnapshot: true, takesScreenshot: true, unexpectedAlertBehaviour: , unhandledPromptBehavior: , version: 72.0.3626.121, webStorageEnabled: true}
Session ID: 9089da59cec73bb91e6adf4698d07601)
	at com.kms.katalon.core.keyword.internal.KeywordMain.stepFailed(KeywordMain.groovy:36)
	at com.kms.katalon.core.webui.keyword.internal.WebUIKeywordMain.stepFailed(WebUIKeywordMain.groovy:65)
	at com.kms.katalon.core.webui.keyword.internal.WebUIKeywordMain.runKeyword(WebUIKeywordMain.groovy:27)
	at com.kms.katalon.core.webui.keyword.builtin.ClickKeyword.click(ClickKeyword.groovy:86)
	at com.kms.katalon.core.webui.keyword.builtin.ClickKeyword.execute(ClickKeyword.groovy:67)
	at com.kms.katalon.core.keyword.internal.KeywordExecutor.executeKeywordForPlatform(KeywordExecutor.groovy:53)
	at com.kms.katalon.core.webui.keyword.WebUiBuiltInKeywords.click(WebUiBuiltInKeywords.groovy:616)
	at com.kms.katalon.core.webui.keyword.WebUiBuiltInKeywords$click$3.call(Unknown Source)
	at goToEnd_hbi.run(goToEnd_hbi:85)
	at com.kms.katalon.core.main.ScriptEngine.run(ScriptEngine.java:194)
	at com.kms.katalon.core.main.ScriptEngine.runScriptAsRawText(ScriptEngine.java:119)
	at com.kms.katalon.core.main.TestCaseExecutor.runScript(TestCaseExecutor.java:328)
	at com.kms.katalon.core.main.TestCaseExecutor.doExecute(TestCaseExecutor.java:319)
	at com.kms.katalon.core.main.TestCaseExecutor.processExecutionPhase(TestCaseExecutor.java:298)
	at com.kms.katalon.core.main.TestCaseExecutor.accessMainPhase(TestCaseExecutor.java:290)
	at com.kms.katalon.core.main.TestCaseExecutor.execute(TestCaseExecutor.java:224)
	at com.kms.katalon.core.main.TestCaseMain.runTestCase(TestCaseMain.java:106)
	at com.kms.katalon.core.keyword.builtin.CallTestCaseKeyword$_callTestCase_closure1.doCall(CallTestCaseKeyword.groovy:59)
	at com.kms.katalon.core.keyword.builtin.CallTestCaseKeyword$_callTestCase_closure1.call(CallTestCaseKeyword.groovy)
	at com.kms.katalon.core.keyword.internal.KeywordMain.runKeyword(KeywordMain.groovy:54)
	at com.kms.katalon.core.keyword.builtin.CallTestCaseKeyword.callTestCase(CallTestCaseKeyword.groovy:80)
	at com.kms.katalon.core.keyword.builtin.CallTestCaseKeyword.execute(CallTestCaseKeyword.groovy:44)
	at com.kms.katalon.core.keyword.internal.KeywordExecutor.executeKeywordForPlatform(KeywordExecutor.groovy:53)
	at com.kms.katalon.core.keyword.BuiltinKeywords.callTestCase(BuiltinKeywords.groovy:334)
	at Agile Secure.run(Agile Secure:41)
	at com.kms.katalon.core.main.ScriptEngine.run(ScriptEngine.java:194)
	at com.kms.katalon.core.main.ScriptEngine.runScriptAsRawText(ScriptEngine.java:119)
	at com.kms.katalon.core.main.TestCaseExecutor.runScript(TestCaseExecutor.java:328)
	at com.kms.katalon.core.main.TestCaseExecutor.doExecute(TestCaseExecutor.java:319)
	at com.kms.katalon.core.main.TestCaseExecutor.processExecutionPhase(TestCaseExecutor.java:298)
	at com.kms.katalon.core.main.TestCaseExecutor.accessMainPhase(TestCaseExecutor.java:290)
	at com.kms.katalon.core.main.TestCaseExecutor.execute(TestCaseExecutor.java:224)
	at com.kms.katalon.core.main.TestSuiteExecutor.accessTestCaseMainPhase(TestSuiteExecutor.java:129)
	at com.kms.katalon.core.main.TestSuiteExecutor.accessTestSuiteMainPhase(TestSuiteExecutor.java:112)
	at com.kms.katalon.core.main.TestSuiteExecutor.execute(TestSuiteExecutor.java:81)
	at com.kms.katalon.core.main.TestCaseMain.startTestSuite(TestCaseMain.java:149)
	at com.kms.katalon.core.main.TestCaseMain$startTestSuite$0.call(Unknown Source)
	at TempTestSuite1552298249283.run(TempTestSuite1552298249283.groovy:36)
"/>
         <system-out><![CDATA[2019-03-11 18:06:05 - [TEST_CASE][FAILED] - Test Cases/mobileWeb/HBI/Agile Secure: Test Cases/mobileWeb/HBI/Agile Secure FAILED.
Reason:
com.kms.katalon.core.exception.StepFailedException: Unable to click on object 'Object Repository/mobileSanity/HBI/Page_App Page 3/label' (Root cause: org.openqa.selenium.WebDriverException: unknown error: Element <label for="consent-checkbox-0"></label> is not clickable at point (71, 12). Other element would receive the click: <div class="col-md-11 terms-cell" id="consent-checkbox-0-label">...</div>
  (Session info: chrome=72.0.3626.121)
  (Driver info: chromedriver=2.43.600229 (3fae4d0cda5334b4f533bede5a4787f7b832d052),platform=Mac OS X 10.14.2 x86_64) (WARNING: The server did not provide any stacktrace information)
Command duration or timeout: 0 milliseconds
Build info: version: '3.7.1', revision: '8a0099a', time: '2017-11-06T21:07:36.161Z'
System info: host: 'Deniss-MacBook-Pro.local', ip: 'fe80:0:0:0:18db:5ed3:b3d6:93e7%en0', os.name: 'Mac OS X', os.arch: 'x86_64', os.version: '10.14.2', java.version: '1.8.0_181'
Driver info: com.kms.katalon.selenium.driver.CChromeDriver
Capabilities {acceptInsecureCerts: false, acceptSslCerts: false, applicationCacheEnabled: false, browserConnectionEnabled: false, browserName: chrome, chrome: {chromedriverVersion: 2.43.600229 (3fae4d0cda5334..., userDataDir: /var/folders/95/4qsvf70n5s5...}, cssSelectorsEnabled: true, databaseEnabled: false, goog:chromeOptions: {debuggerAddress: localhost:58912}, handlesAlerts: true, hasTouchScreen: true, javascriptEnabled: true, locationContextEnabled: true, mobileEmulationEnabled: true, nativeEvents: true, networkConnectionEnabled: false, pageLoadStrategy: normal, platform: MAC, platformName: MAC, rotatable: false, setWindowRect: true, takesHeapSnapshot: true, takesScreenshot: true, unexpectedAlertBehaviour: , unhandledPromptBehavior: , version: 72.0.3626.121, webStorageEnabled: true}
Session ID: 9089da59cec73bb91e6adf4698d07601)
	at com.kms.katalon.core.keyword.internal.KeywordMain.stepFailed(KeywordMain.groovy:36)
	at com.kms.katalon.core.webui.keyword.internal.WebUIKeywordMain.stepFailed(WebUIKeywordMain.groovy:65)
	at com.kms.katalon.core.webui.keyword.internal.WebUIKeywordMain.runKeyword(WebUIKeywordMain.groovy:27)
	at com.kms.katalon.core.webui.keyword.builtin.ClickKeyword.click(ClickKeyword.groovy:86)
	at com.kms.katalon.core.webui.keyword.builtin.ClickKeyword.execute(ClickKeyword.groovy:67)
	at com.kms.katalon.core.keyword.internal.KeywordExecutor.executeKeywordForPlatform(KeywordExecutor.groovy:53)
	at com.kms.katalon.core.webui.keyword.WebUiBuiltInKeywords.click(WebUiBuiltInKeywords.groovy:616)
	at com.kms.katalon.core.webui.keyword.WebUiBuiltInKeywords$click$3.call(Unknown Source)
	at goToEnd_hbi.run(goToEnd_hbi:85)
	at com.kms.katalon.core.main.ScriptEngine.run(ScriptEngine.java:194)
	at com.kms.katalon.core.main.ScriptEngine.runScriptAsRawText(ScriptEngine.java:119)
	at com.kms.katalon.core.main.TestCaseExecutor.runScript(TestCaseExecutor.java:328)
	at com.kms.katalon.core.main.TestCaseExecutor.doExecute(TestCaseExecutor.java:319)
	at com.kms.katalon.core.main.TestCaseExecutor.processExecutionPhase(TestCaseExecutor.java:298)
	at com.kms.katalon.core.main.TestCaseExecutor.accessMainPhase(TestCaseExecutor.java:290)
	at com.kms.katalon.core.main.TestCaseExecutor.execute(TestCaseExecutor.java:224)
	at com.kms.katalon.core.main.TestCaseMain.runTestCase(TestCaseMain.java:106)
	at com.kms.katalon.core.keyword.builtin.CallTestCaseKeyword$_callTestCase_closure1.doCall(CallTestCaseKeyword.groovy:59)
	at com.kms.katalon.core.keyword.builtin.CallTestCaseKeyword$_callTestCase_closure1.call(CallTestCaseKeyword.groovy)
	at com.kms.katalon.core.keyword.internal.KeywordMain.runKeyword(KeywordMain.groovy:54)
	at com.kms.katalon.core.keyword.builtin.CallTestCaseKeyword.callTestCase(CallTestCaseKeyword.groovy:80)
	at com.kms.katalon.core.keyword.builtin.CallTestCaseKeyword.execute(CallTestCaseKeyword.groovy:44)
	at com.kms.katalon.core.keyword.internal.KeywordExecutor.executeKeywordForPlatform(KeywordExecutor.groovy:53)
	at com.kms.katalon.core.keyword.BuiltinKeywords.callTestCase(BuiltinKeywords.groovy:334)
	at Agile Secure.run(Agile Secure:41)
	at com.kms.katalon.core.main.ScriptEngine.run(ScriptEngine.java:194)
	at com.kms.katalon.core.main.ScriptEngine.runScriptAsRawText(ScriptEngine.java:119)
	at com.kms.katalon.core.main.TestCaseExecutor.runScript(TestCaseExecutor.java:328)
	at com.kms.katalon.core.main.TestCaseExecutor.doExecute(TestCaseExecutor.java:319)
	at com.kms.katalon.core.main.TestCaseExecutor.processExecutionPhase(TestCaseExecutor.java:298)
	at com.kms.katalon.core.main.TestCaseExecutor.accessMainPhase(TestCaseExecutor.java:290)
	at com.kms.katalon.core.main.TestCaseExecutor.execute(TestCaseExecutor.java:224)
	at com.kms.katalon.core.main.TestSuiteExecutor.accessTestCaseMainPhase(TestSuiteExecutor.java:129)
	at com.kms.katalon.core.main.TestSuiteExecutor.accessTestSuiteMainPhase(TestSuiteExecutor.java:112)
	at com.kms.katalon.core.main.TestSuiteExecutor.execute(TestSuiteExecutor.java:81)
	at com.kms.katalon.core.main.TestCaseMain.startTestSuite(TestCaseMain.java:149)
	at com.kms.katalon.core.main.TestCaseMain$startTestSuite$0.call(Unknown Source)
	at TempTestSuite1552298249283.run(TempTestSuite1552298249283.groovy:36)


2019-03-11 18:06:06 - [TEST_STEP][PASSED] - now = new java.util.Date(): null

2019-03-11 18:06:06 - [TEST_STEP][PASSED] - mydate = now.format("yyyyMMdd_HHmmss"): null

2019-03-11 18:06:06 - [TEST_STEP][PASSED] - screenPath = hbiPath + "Agile Secure/" + mydate + "/": null

2019-03-11 18:06:06 - [TEST_STEP][PASSED] - i = 0: null

2019-03-11 18:06:06 - [TEST_STEP][PASSED] - callTestCase(findTestCase("mobileWeb/_include/openWebSite"), [:], CONTINUE_ON_FAILURE): Call Test Case 'Test Cases/mobileWeb/_include/openWebSite' successfully

2019-03-11 18:06:06 - [TEST_CASE][PASSED] - Test Cases/mobileWeb/_include/openWebSite: Test Cases/mobileWeb/_include/openWebSite

2019-03-11 18:06:06 - [TEST_STEP][PASSED] - openBrowser(""): Browser is opened with url: ''

2019-03-11 18:06:06 - [MESSAGE][WARNING] - A browser is already opened. Closing browser and opening a new one

2019-03-11 18:06:06 - [MESSAGE][INFO] - Starting 'Chrome' driver

2019-03-11 18:06:06 - [MESSAGE][INFO] - User set preference: ['mobileEmulation', '{deviceName=iPhone 8}']

2019-03-11 18:06:06 - [MESSAGE][INFO] - User set preference: ['args', '[--incognito, --aggressive-cache-discard]']

2019-03-11 18:06:08 - [MESSAGE][PASSED] - Browser is opened with url: ''

2019-03-11 18:06:08 - [TEST_STEP][PASSED] - navigateToUrl(ENV): Navigate to 'https://praetemptatus.agilehealthinsurance.com' successfully

2019-03-11 18:06:12 - [MESSAGE][PASSED] - Navigate to 'https://praetemptatus.agilehealthinsurance.com' successfully

2019-03-11 18:06:12 - [TEST_STEP][PASSED] - waitForPageLoad(10): Wait for page load successfully

2019-03-11 18:06:12 - [MESSAGE][PASSED] - Wait for page load successfully

2019-03-11 18:06:12 - [TEST_STEP][PASSED] - callTestCase(findTestCase("mobileWeb/_include/get_screenshot"), [:], STOP_ON_FAILURE): Call Test Case 'Test Cases/mobileWeb/_include/get_screenshot' successfully

2019-03-11 18:06:12 - [TEST_CASE][PASSED] - Test Cases/mobileWeb/_include/get_screenshot: Test Cases/mobileWeb/_include/get_screenshot

2019-03-11 18:06:12 - [TEST_STEP][PASSED] - takeScreenshot(screenPath + i + ".png"): Taking screenshot successfully

2019-03-11 18:06:13 - [MESSAGE][PASSED] - Taking screenshot successfully
[[ATTACHMENT|../Screenshots/mobileWeb/hbi/Agile Secure/20190311_180606/0.png]]

2019-03-11 18:06:13 - [TEST_STEP][PASSED] - (internal.GlobalVariable.i++): null

2019-03-11 18:06:13 - [MESSAGE][PASSED] - Call Test Case 'Test Cases/mobileWeb/_include/get_screenshot' successfully

2019-03-11 18:06:13 - [MESSAGE][PASSED] - Call Test Case 'Test Cases/mobileWeb/_include/openWebSite' successfully

2019-03-11 18:06:13 - [TEST_STEP][PASSED] - callTestCase(findTestCase("mobileWeb/_include/census_hbi"), ["zipcode":"08701"], CONTINUE_ON_FAILURE): Call Test Case 'Test Cases/mobileWeb/_include/census_hbi' successfully

2019-03-11 18:06:13 - [TEST_CASE][PASSED] - Test Cases/mobileWeb/_include/census_hbi: Test Cases/mobileWeb/_include/census_hbi

2019-03-11 18:06:13 - [TEST_STEP][PASSED] - click(findTestObject("mobileSanity/Common/side_nav/menu")): Object: 'Object Repository/mobileSanity/Common/side_nav/menu' is clicked on

2019-03-11 18:06:14 - [MESSAGE][PASSED] - Object: 'Object Repository/mobileSanity/Common/side_nav/menu' is clicked on

2019-03-11 18:06:14 - [TEST_STEP][PASSED] - Thread.sleep(3000): null

2019-03-11 18:06:17 - [TEST_STEP][PASSED] - click(findTestObject("mobileSanity/Common/side_nav/nav_hbi")): Object: 'Object Repository/mobileSanity/Common/side_nav/nav_hbi' is clicked on

2019-03-11 18:06:20 - [MESSAGE][PASSED] - Object: 'Object Repository/mobileSanity/Common/side_nav/nav_hbi' is clicked on

2019-03-11 18:06:20 - [TEST_STEP][PASSED] - waitForPageLoad(10): Wait for page load successfully

2019-03-11 18:06:20 - [MESSAGE][PASSED] - Wait for page load successfully

2019-03-11 18:06:20 - [TEST_STEP][PASSED] - callTestCase(findTestCase("mobileWeb/_include/get_screenshot"), [:], STOP_ON_FAILURE): Call Test Case 'Test Cases/mobileWeb/_include/get_screenshot' successfully

2019-03-11 18:06:20 - [TEST_CASE][PASSED] - Test Cases/mobileWeb/_include/get_screenshot: Test Cases/mobileWeb/_include/get_screenshot

2019-03-11 18:06:20 - [TEST_STEP][PASSED] - takeScreenshot(screenPath + i + ".png"): Taking screenshot successfully

2019-03-11 18:06:20 - [MESSAGE][PASSED] - Taking screenshot successfully
[[ATTACHMENT|../Screenshots/mobileWeb/hbi/Agile Secure/20190311_180606/1.png]]

2019-03-11 18:06:20 - [TEST_STEP][PASSED] - (internal.GlobalVariable.i++): null

2019-03-11 18:06:20 - [MESSAGE][PASSED] - Call Test Case 'Test Cases/mobileWeb/_include/get_screenshot' successfully

2019-03-11 18:06:20 - [TEST_STEP][PASSED] - setText(findTestObject("mobileSanity/HBI/census/input_Location_zip-input"), zipcode): Text '08701' is set on object 'Object Repository/mobileSanity/HBI/census/input_Location_zip-input'

2019-03-11 18:06:21 - [MESSAGE][PASSED] - Text '08701' is set on object 'Object Repository/mobileSanity/HBI/census/input_Location_zip-input'

2019-03-11 18:06:21 - [TEST_STEP][PASSED] - Thread.sleep(500): null

2019-03-11 18:06:21 - [TEST_STEP][PASSED] - setText(findTestObject("mobileSanity/HBI/census/input_Date of Birth_dob-0"), "12/12/1980"): Text '12/12/1980' is set on object 'Object Repository/mobileSanity/HBI/census/input_Date of Birth_dob-0'

2019-03-11 18:06:21 - [MESSAGE][PASSED] - Text '12/12/1980' is set on object 'Object Repository/mobileSanity/HBI/census/input_Date of Birth_dob-0'

2019-03-11 18:06:21 - [TEST_STEP][PASSED] - click(findTestObject("mobileSanity/HBI/census/label_Male")): Object: 'Object Repository/mobileSanity/HBI/census/label_Male' is clicked on

2019-03-11 18:06:21 - [MESSAGE][PASSED] - Object: 'Object Repository/mobileSanity/HBI/census/label_Male' is clicked on

2019-03-11 18:06:21 - [TEST_STEP][PASSED] - click(findTestObject("mobileSanity/HBI/census/label_Get a Quote")): Object: 'Object Repository/mobileSanity/HBI/census/label_Get a Quote' is clicked on

2019-03-11 18:06:21 - [MESSAGE][PASSED] - Object: 'Object Repository/mobileSanity/HBI/census/label_Get a Quote' is clicked on

2019-03-11 18:06:21 - [TEST_STEP][PASSED] - waitForPageLoad(10): Wait for page load successfully

2019-03-11 18:06:21 - [MESSAGE][PASSED] - Wait for page load successfully

2019-03-11 18:06:21 - [TEST_STEP][PASSED] - callTestCase(findTestCase("mobileWeb/_include/get_screenshot"), [:], STOP_ON_FAILURE): Call Test Case 'Test Cases/mobileWeb/_include/get_screenshot' successfully

2019-03-11 18:06:22 - [TEST_CASE][PASSED] - Test Cases/mobileWeb/_include/get_screenshot: Test Cases/mobileWeb/_include/get_screenshot

2019-03-11 18:06:22 - [TEST_STEP][PASSED] - takeScreenshot(screenPath + i + ".png"): Taking screenshot successfully

2019-03-11 18:06:25 - [MESSAGE][PASSED] - Taking screenshot successfully
[[ATTACHMENT|../Screenshots/mobileWeb/hbi/Agile Secure/20190311_180606/2.png]]

2019-03-11 18:06:25 - [TEST_STEP][PASSED] - (internal.GlobalVariable.i++): null

2019-03-11 18:06:25 - [MESSAGE][PASSED] - Call Test Case 'Test Cases/mobileWeb/_include/get_screenshot' successfully

2019-03-11 18:06:25 - [MESSAGE][PASSED] - Call Test Case 'Test Cases/mobileWeb/_include/census_hbi' successfully

2019-03-11 18:06:25 - [TEST_STEP][PASSED] - click(findTestObject("mobileSanity/HBI/detail/a_Apply for This Plan")): Object: 'Object Repository/mobileSanity/HBI/detail/a_Apply for This Plan' is clicked on

2019-03-11 18:06:29 - [MESSAGE][PASSED] - Object: 'Object Repository/mobileSanity/HBI/detail/a_Apply for This Plan' is clicked on

2019-03-11 18:06:29 - [TEST_STEP][PASSED] - waitForPageLoad(10): Wait for page load successfully

2019-03-11 18:06:29 - [MESSAGE][PASSED] - Wait for page load successfully

2019-03-11 18:06:29 - [TEST_STEP][PASSED] - callTestCase(findTestCase("mobileWeb/_include/get_screenshot"), [:], STOP_ON_FAILURE): Call Test Case 'Test Cases/mobileWeb/_include/get_screenshot' successfully

2019-03-11 18:06:29 - [TEST_CASE][PASSED] - Test Cases/mobileWeb/_include/get_screenshot: Test Cases/mobileWeb/_include/get_screenshot

2019-03-11 18:06:29 - [TEST_STEP][PASSED] - takeScreenshot(screenPath + i + ".png"): Taking screenshot successfully

2019-03-11 18:06:30 - [MESSAGE][PASSED] - Taking screenshot successfully
[[ATTACHMENT|../Screenshots/mobileWeb/hbi/Agile Secure/20190311_180606/3.png]]

2019-03-11 18:06:30 - [TEST_STEP][PASSED] - (internal.GlobalVariable.i++): null

2019-03-11 18:06:30 - [MESSAGE][PASSED] - Call Test Case 'Test Cases/mobileWeb/_include/get_screenshot' successfully

2019-03-11 18:06:30 - [TEST_STEP][PASSED] - click(findTestObject("mobileSanity/HBI/Page_Apply/span_Start Secure Application")): Object: 'Object Repository/mobileSanity/HBI/Page_Apply/span_Start Secure Application' is clicked on

2019-03-11 18:06:32 - [MESSAGE][PASSED] - Object: 'Object Repository/mobileSanity/HBI/Page_Apply/span_Start Secure Application' is clicked on

2019-03-11 18:06:32 - [TEST_STEP][PASSED] - waitForPageLoad(10): Wait for page load successfully

2019-03-11 18:06:32 - [MESSAGE][PASSED] - Wait for page load successfully

2019-03-11 18:06:32 - [TEST_STEP][PASSED] - callTestCase(findTestCase("mobileWeb/_include/get_screenshot"), [:], STOP_ON_FAILURE): Call Test Case 'Test Cases/mobileWeb/_include/get_screenshot' successfully

2019-03-11 18:06:32 - [TEST_CASE][PASSED] - Test Cases/mobileWeb/_include/get_screenshot: Test Cases/mobileWeb/_include/get_screenshot

2019-03-11 18:06:32 - [TEST_STEP][PASSED] - takeScreenshot(screenPath + i + ".png"): Taking screenshot successfully

2019-03-11 18:06:33 - [MESSAGE][PASSED] - Taking screenshot successfully
[[ATTACHMENT|../Screenshots/mobileWeb/hbi/Agile Secure/20190311_180606/4.png]]

2019-03-11 18:06:33 - [TEST_STEP][PASSED] - (internal.GlobalVariable.i++): null

2019-03-11 18:06:33 - [MESSAGE][PASSED] - Call Test Case 'Test Cases/mobileWeb/_include/get_screenshot' successfully

2019-03-11 18:06:33 - [TEST_STEP][FAILED] - callTestCase(findTestCase("mobileWeb/_include/goToEnd_hbi"), ["carrier":"agilesecure"], CONTINUE_ON_FAILURE): callTestCase(findTestCase("mobileWeb/_include/goToEnd_hbi"), ["carrier":"agilesecure"], CONTINUE_ON_FAILURE) FAILED.
Reason:
com.kms.katalon.core.exception.StepFailedException: Unable to click on object 'Object Repository/mobileSanity/HBI/Page_App Page 3/label' (Root cause: org.openqa.selenium.WebDriverException: unknown error: Element <label for="consent-checkbox-0"></label> is not clickable at point (71, 12). Other element would receive the click: <div class="col-md-11 terms-cell" id="consent-checkbox-0-label">...</div>
  (Session info: chrome=72.0.3626.121)
  (Driver info: chromedriver=2.43.600229 (3fae4d0cda5334b4f533bede5a4787f7b832d052),platform=Mac OS X 10.14.2 x86_64) (WARNING: The server did not provide any stacktrace information)
Command duration or timeout: 0 milliseconds
Build info: version: '3.7.1', revision: '8a0099a', time: '2017-11-06T21:07:36.161Z'
System info: host: 'Deniss-MacBook-Pro.local', ip: 'fe80:0:0:0:18db:5ed3:b3d6:93e7%en0', os.name: 'Mac OS X', os.arch: 'x86_64', os.version: '10.14.2', java.version: '1.8.0_181'
Driver info: com.kms.katalon.selenium.driver.CChromeDriver
Capabilities {acceptInsecureCerts: false, acceptSslCerts: false, applicationCacheEnabled: false, browserConnectionEnabled: false, browserName: chrome, chrome: {chromedriverVersion: 2.43.600229 (3fae4d0cda5334..., userDataDir: /var/folders/95/4qsvf70n5s5...}, cssSelectorsEnabled: true, databaseEnabled: false, goog:chromeOptions: {debuggerAddress: localhost:58912}, handlesAlerts: true, hasTouchScreen: true, javascriptEnabled: true, locationContextEnabled: true, mobileEmulationEnabled: true, nativeEvents: true, networkConnectionEnabled: false, pageLoadStrategy: normal, platform: MAC, platformName: MAC, rotatable: false, setWindowRect: true, takesHeapSnapshot: true, takesScreenshot: true, unexpectedAlertBehaviour: , unhandledPromptBehavior: , version: 72.0.3626.121, webStorageEnabled: true}
Session ID: 9089da59cec73bb91e6adf4698d07601)
	at com.kms.katalon.core.keyword.internal.KeywordMain.stepFailed(KeywordMain.groovy:36)
	at com.kms.katalon.core.webui.keyword.internal.WebUIKeywordMain.stepFailed(WebUIKeywordMain.groovy:65)
	at com.kms.katalon.core.webui.keyword.internal.WebUIKeywordMain.runKeyword(WebUIKeywordMain.groovy:27)
	at com.kms.katalon.core.webui.keyword.builtin.ClickKeyword.click(ClickKeyword.groovy:86)
	at com.kms.katalon.core.webui.keyword.builtin.ClickKeyword.execute(ClickKeyword.groovy:67)
	at com.kms.katalon.core.keyword.internal.KeywordExecutor.executeKeywordForPlatform(KeywordExecutor.groovy:53)
	at com.kms.katalon.core.webui.keyword.WebUiBuiltInKeywords.click(WebUiBuiltInKeywords.groovy:616)
	at com.kms.katalon.core.webui.keyword.WebUiBuiltInKeywords$click$3.call(Unknown Source)
	at goToEnd_hbi.run(goToEnd_hbi:85)
	at com.kms.katalon.core.main.ScriptEngine.run(ScriptEngine.java:194)
	at com.kms.katalon.core.main.ScriptEngine.runScriptAsRawText(ScriptEngine.java:119)
	at com.kms.katalon.core.main.TestCaseExecutor.runScript(TestCaseExecutor.java:328)
	at com.kms.katalon.core.main.TestCaseExecutor.doExecute(TestCaseExecutor.java:319)
	at com.kms.katalon.core.main.TestCaseExecutor.processExecutionPhase(TestCaseExecutor.java:298)
	at com.kms.katalon.core.main.TestCaseExecutor.accessMainPhase(TestCaseExecutor.java:290)
	at com.kms.katalon.core.main.TestCaseExecutor.execute(TestCaseExecutor.java:224)
	at com.kms.katalon.core.main.TestCaseMain.runTestCase(TestCaseMain.java:106)
	at com.kms.katalon.core.keyword.builtin.CallTestCaseKeyword$_callTestCase_closure1.doCall(CallTestCaseKeyword.groovy:59)
	at com.kms.katalon.core.keyword.builtin.CallTestCaseKeyword$_callTestCase_closure1.call(CallTestCaseKeyword.groovy)
	at com.kms.katalon.core.keyword.internal.KeywordMain.runKeyword(KeywordMain.groovy:54)
	at com.kms.katalon.core.keyword.builtin.CallTestCaseKeyword.callTestCase(CallTestCaseKeyword.groovy:80)
	at com.kms.katalon.core.keyword.builtin.CallTestCaseKeyword.execute(CallTestCaseKeyword.groovy:44)
	at com.kms.katalon.core.keyword.internal.KeywordExecutor.executeKeywordForPlatform(KeywordExecutor.groovy:53)
	at com.kms.katalon.core.keyword.BuiltinKeywords.callTestCase(BuiltinKeywords.groovy:334)
	at Agile Secure.run(Agile Secure:41)
	at com.kms.katalon.core.main.ScriptEngine.run(ScriptEngine.java:194)
	at com.kms.katalon.core.main.ScriptEngine.runScriptAsRawText(ScriptEngine.java:119)
	at com.kms.katalon.core.main.TestCaseExecutor.runScript(TestCaseExecutor.java:328)
	at com.kms.katalon.core.main.TestCaseExecutor.doExecute(TestCaseExecutor.java:319)
	at com.kms.katalon.core.main.TestCaseExecutor.processExecutionPhase(TestCaseExecutor.java:298)
	at com.kms.katalon.core.main.TestCaseExecutor.accessMainPhase(TestCaseExecutor.java:290)
	at com.kms.katalon.core.main.TestCaseExecutor.execute(TestCaseExecutor.java:224)
	at com.kms.katalon.core.main.TestSuiteExecutor.accessTestCaseMainPhase(TestSuiteExecutor.java:129)
	at com.kms.katalon.core.main.TestSuiteExecutor.accessTestSuiteMainPhase(TestSuiteExecutor.java:112)
	at com.kms.katalon.core.main.TestSuiteExecutor.execute(TestSuiteExecutor.java:81)
	at com.kms.katalon.core.main.TestCaseMain.startTestSuite(TestCaseMain.java:149)
	at com.kms.katalon.core.main.TestCaseMain$startTestSuite$0.call(Unknown Source)
	at TempTestSuite1552298249283.run(TempTestSuite1552298249283.groovy:36)


2019-03-11 18:06:33 - [TEST_CASE][FAILED] - Test Cases/mobileWeb/_include/goToEnd_hbi: Test Cases/mobileWeb/_include/goToEnd_hbi FAILED.
Reason:
com.kms.katalon.core.exception.StepFailedException: Unable to click on object 'Object Repository/mobileSanity/HBI/Page_App Page 3/label' (Root cause: org.openqa.selenium.WebDriverException: unknown error: Element <label for="consent-checkbox-0"></label> is not clickable at point (71, 12). Other element would receive the click: <div class="col-md-11 terms-cell" id="consent-checkbox-0-label">...</div>
  (Session info: chrome=72.0.3626.121)
  (Driver info: chromedriver=2.43.600229 (3fae4d0cda5334b4f533bede5a4787f7b832d052),platform=Mac OS X 10.14.2 x86_64) (WARNING: The server did not provide any stacktrace information)
Command duration or timeout: 0 milliseconds
Build info: version: '3.7.1', revision: '8a0099a', time: '2017-11-06T21:07:36.161Z'
System info: host: 'Deniss-MacBook-Pro.local', ip: 'fe80:0:0:0:18db:5ed3:b3d6:93e7%en0', os.name: 'Mac OS X', os.arch: 'x86_64', os.version: '10.14.2', java.version: '1.8.0_181'
Driver info: com.kms.katalon.selenium.driver.CChromeDriver
Capabilities {acceptInsecureCerts: false, acceptSslCerts: false, applicationCacheEnabled: false, browserConnectionEnabled: false, browserName: chrome, chrome: {chromedriverVersion: 2.43.600229 (3fae4d0cda5334..., userDataDir: /var/folders/95/4qsvf70n5s5...}, cssSelectorsEnabled: true, databaseEnabled: false, goog:chromeOptions: {debuggerAddress: localhost:58912}, handlesAlerts: true, hasTouchScreen: true, javascriptEnabled: true, locationContextEnabled: true, mobileEmulationEnabled: true, nativeEvents: true, networkConnectionEnabled: false, pageLoadStrategy: normal, platform: MAC, platformName: MAC, rotatable: false, setWindowRect: true, takesHeapSnapshot: true, takesScreenshot: true, unexpectedAlertBehaviour: , unhandledPromptBehavior: , version: 72.0.3626.121, webStorageEnabled: true}
Session ID: 9089da59cec73bb91e6adf4698d07601)
	at com.kms.katalon.core.keyword.internal.KeywordMain.stepFailed(KeywordMain.groovy:36)
	at com.kms.katalon.core.webui.keyword.internal.WebUIKeywordMain.stepFailed(WebUIKeywordMain.groovy:65)
	at com.kms.katalon.core.webui.keyword.internal.WebUIKeywordMain.runKeyword(WebUIKeywordMain.groovy:27)
	at com.kms.katalon.core.webui.keyword.builtin.ClickKeyword.click(ClickKeyword.groovy:86)
	at com.kms.katalon.core.webui.keyword.builtin.ClickKeyword.execute(ClickKeyword.groovy:67)
	at com.kms.katalon.core.keyword.internal.KeywordExecutor.executeKeywordForPlatform(KeywordExecutor.groovy:53)
	at com.kms.katalon.core.webui.keyword.WebUiBuiltInKeywords.click(WebUiBuiltInKeywords.groovy:616)
	at com.kms.katalon.core.webui.keyword.WebUiBuiltInKeywords$click$3.call(Unknown Source)
	at goToEnd_hbi.run(goToEnd_hbi:85)
	at com.kms.katalon.core.main.ScriptEngine.run(ScriptEngine.java:194)
	at com.kms.katalon.core.main.ScriptEngine.runScriptAsRawText(ScriptEngine.java:119)
	at com.kms.katalon.core.main.TestCaseExecutor.runScript(TestCaseExecutor.java:328)
	at com.kms.katalon.core.main.TestCaseExecutor.doExecute(TestCaseExecutor.java:319)
	at com.kms.katalon.core.main.TestCaseExecutor.processExecutionPhase(TestCaseExecutor.java:298)
	at com.kms.katalon.core.main.TestCaseExecutor.accessMainPhase(TestCaseExecutor.java:290)
	at com.kms.katalon.core.main.TestCaseExecutor.execute(TestCaseExecutor.java:224)
	at com.kms.katalon.core.main.TestCaseMain.runTestCase(TestCaseMain.java:106)
	at com.kms.katalon.core.keyword.builtin.CallTestCaseKeyword$_callTestCase_closure1.doCall(CallTestCaseKeyword.groovy:59)
	at com.kms.katalon.core.keyword.builtin.CallTestCaseKeyword$_callTestCase_closure1.call(CallTestCaseKeyword.groovy)
	at com.kms.katalon.core.keyword.internal.KeywordMain.runKeyword(KeywordMain.groovy:54)
	at com.kms.katalon.core.keyword.builtin.CallTestCaseKeyword.callTestCase(CallTestCaseKeyword.groovy:80)
	at com.kms.katalon.core.keyword.builtin.CallTestCaseKeyword.execute(CallTestCaseKeyword.groovy:44)
	at com.kms.katalon.core.keyword.internal.KeywordExecutor.executeKeywordForPlatform(KeywordExecutor.groovy:53)
	at com.kms.katalon.core.keyword.BuiltinKeywords.callTestCase(BuiltinKeywords.groovy:334)
	at Agile Secure.run(Agile Secure:41)
	at com.kms.katalon.core.main.ScriptEngine.run(ScriptEngine.java:194)
	at com.kms.katalon.core.main.ScriptEngine.runScriptAsRawText(ScriptEngine.java:119)
	at com.kms.katalon.core.main.TestCaseExecutor.runScript(TestCaseExecutor.java:328)
	at com.kms.katalon.core.main.TestCaseExecutor.doExecute(TestCaseExecutor.java:319)
	at com.kms.katalon.core.main.TestCaseExecutor.processExecutionPhase(TestCaseExecutor.java:298)
	at com.kms.katalon.core.main.TestCaseExecutor.accessMainPhase(TestCaseExecutor.java:290)
	at com.kms.katalon.core.main.TestCaseExecutor.execute(TestCaseExecutor.java:224)
	at com.kms.katalon.core.main.TestSuiteExecutor.accessTestCaseMainPhase(TestSuiteExecutor.java:129)
	at com.kms.katalon.core.main.TestSuiteExecutor.accessTestSuiteMainPhase(TestSuiteExecutor.java:112)
	at com.kms.katalon.core.main.TestSuiteExecutor.execute(TestSuiteExecutor.java:81)
	at com.kms.katalon.core.main.TestCaseMain.startTestSuite(TestCaseMain.java:149)
	at com.kms.katalon.core.main.TestCaseMain$startTestSuite$0.call(Unknown Source)
	at TempTestSuite1552298249283.run(TempTestSuite1552298249283.groovy:36)


2019-03-11 18:06:33 - [TEST_STEP][PASSED] - callTestCase(findTestCase("mobileWeb/_include/name"), [:], CONTINUE_ON_FAILURE): Call Test Case 'Test Cases/mobileWeb/_include/name' successfully

2019-03-11 18:06:33 - [TEST_CASE][PASSED] - Test Cases/mobileWeb/_include/name: Test Cases/mobileWeb/_include/name

2019-03-11 18:06:33 - [TEST_STEP][PASSED] - driver = getWebDriver(): null

2019-03-11 18:06:33 - [TEST_STEP][PASSED] - selenium = new com.thoughtworks.selenium.webdriven.WebDriverBackedSelenium(driver, internal.GlobalVariable.ENV): null

2019-03-11 18:06:33 - [TEST_STEP][PASSED] - FirstName = "Test-123": null

2019-03-11 18:06:33 - [TEST_STEP][PASSED] - LastName = selenium.getEval("{var x="ABCDEFGHIJKLMNOPQRSTUVWXYZabcdefghijklmnopqrstuvwxyz"; var tmp="ZZ11-"; for (i=0;i<8;i++) tmp+=x.charAt(Math.ceil(51*Math.random()));tmp;}"): null

2019-03-11 18:06:33 - [TEST_STEP][PASSED] - Address = selenium.getEval("{var x="ABCDEFGHIJKLMNOPQRSTUVWXYZabcdefghijklmnopqrstuvwxyz"; var tmp=""; for (i=0;i<8;i++) tmp+=x.charAt(Math.ceil(51*Math.random()));tmp;}"): null

2019-03-11 18:06:33 - [TEST_STEP][PASSED] - City = selenium.getEval("{var x="ABCDEFGHIJKLMNOPQRSTUVWXYZabcdefghijklmnopqrstuvwxyz"; var tmp=""; for (i=0;i<8;i++) tmp+=x.charAt(Math.ceil(51*Math.random()));tmp;}"): null

2019-03-11 18:06:33 - [TEST_STEP][PASSED] - tel1 = selenium.getEval("{var x="123456789"; var tmp=""; for (i=0;i<3;i++) tmp+=x.charAt(Math.ceil(8*Math.random()));tmp;}"): null

2019-03-11 18:06:33 - [TEST_STEP][PASSED] - tel2 = selenium.getEval("{var x="123456789"; var tmp=""; for (i=0;i<3;i++) tmp+=x.charAt(Math.ceil(8*Math.random()));tmp;}"): null

2019-03-11 18:06:33 - [TEST_STEP][PASSED] - tel3 = selenium.getEval("{var x="123456789"; var tmp=""; for (i=0;i<4;i++) tmp+=x.charAt(Math.ceil(8*Math.random()));tmp;}"): null

2019-03-11 18:06:33 - [TEST_STEP][PASSED] - Tel = selenium.getExpression(tel1 + "-" + tel2 + "-" + tel3): null

2019-03-11 18:06:33 - [TEST_STEP][PASSED] - AutoEmail = selenium.getEval("{var x="ABCDEFGHIJKLMNOPQRSTUVWXYZabcdefghijklmnopqrstuvwxyz"; var tmp="test."; for (i=0;i<8;i++) tmp+=x.charAt(Math.ceil(51*Math.random()));tmp+="@suryani.cn";}"): null

2019-03-11 18:06:33 - [TEST_STEP][PASSED] - FirstName = FirstName: null

2019-03-11 18:06:33 - [TEST_STEP][PASSED] - LastName = LastName: null

2019-03-11 18:06:33 - [TEST_STEP][PASSED] - Address = Address: null

2019-03-11 18:06:33 - [TEST_STEP][PASSED] - City = City: null

2019-03-11 18:06:33 - [TEST_STEP][PASSED] - Tel = Tel: null

2019-03-11 18:06:33 - [TEST_STEP][PASSED] - AutoEmail = AutoEmail: null

2019-03-11 18:06:33 - [TEST_STEP][PASSED] - println(FirstName): null

2019-03-11 18:06:33 - [TEST_STEP][PASSED] - println(LastName): null

2019-03-11 18:06:33 - [TEST_STEP][PASSED] - println(Address): null

2019-03-11 18:06:33 - [TEST_STEP][PASSED] - println(City): null

2019-03-11 18:06:33 - [TEST_STEP][PASSED] - println(Tel): null

2019-03-11 18:06:33 - [TEST_STEP][PASSED] - println(AutoEmail): null

2019-03-11 18:06:33 - [MESSAGE][PASSED] - Call Test Case 'Test Cases/mobileWeb/_include/name' successfully

2019-03-11 18:06:33 - [TEST_STEP][PASSED] - setText(findTestObject("mobileSanity/HBI/Page_App Page 1/input__member-P-1-firstName"), FirstName): Text 'Test-123' is set on object 'Object Repository/mobileSanity/HBI/Page_App Page 1/input__member-P-1-firstName'

2019-03-11 18:06:35 - [MESSAGE][PASSED] - Text 'Test-123' is set on object 'Object Repository/mobileSanity/HBI/Page_App Page 1/input__member-P-1-firstName'

2019-03-11 18:06:35 - [TEST_STEP][PASSED] - setText(findTestObject("mobileSanity/HBI/Page_App Page 1/input__member-P-1-lastName"), LastName): Text 'ZZ11-jtmyhTzR' is set on object 'Object Repository/mobileSanity/HBI/Page_App Page 1/input__member-P-1-lastName'

2019-03-11 18:06:35 - [MESSAGE][PASSED] - Text 'ZZ11-jtmyhTzR' is set on object 'Object Repository/mobileSanity/HBI/Page_App Page 1/input__member-P-1-lastName'

2019-03-11 18:06:35 - [TEST_STEP][PASSED] - if (carrier == "agileone" || carrier == "agilesecure"): Text 'test6' is set on object 'Object Repository/mobileSanity/HBI/Page_App Page 1/input__contingent-beneficiary-relationship'

2019-03-11 18:06:35 - [TEST_STEP][PASSED] - setText(findTestObject("mobileSanity/HBI/Page_App Page 1/input__primary-beneficiary-fir"), "test1"): Text 'test1' is set on object 'Object Repository/mobileSanity/HBI/Page_App Page 1/input__primary-beneficiary-fir'

2019-03-11 18:06:36 - [MESSAGE][PASSED] - Text 'test1' is set on object 'Object Repository/mobileSanity/HBI/Page_App Page 1/input__primary-beneficiary-fir'

2019-03-11 18:06:36 - [TEST_STEP][PASSED] - setText(findTestObject("mobileSanity/HBI/Page_App Page 1/input__primary-beneficiary-las"), "test2"): Text 'test2' is set on object 'Object Repository/mobileSanity/HBI/Page_App Page 1/input__primary-beneficiary-las'

2019-03-11 18:06:36 - [MESSAGE][PASSED] - Text 'test2' is set on object 'Object Repository/mobileSanity/HBI/Page_App Page 1/input__primary-beneficiary-las'

2019-03-11 18:06:36 - [TEST_STEP][PASSED] - setText(findTestObject("mobileSanity/HBI/Page_App Page 1/input__primary-beneficiary-rel"), "test3"): Text 'test3' is set on object 'Object Repository/mobileSanity/HBI/Page_App Page 1/input__primary-beneficiary-rel'

2019-03-11 18:06:36 - [MESSAGE][PASSED] - Text 'test3' is set on object 'Object Repository/mobileSanity/HBI/Page_App Page 1/input__primary-beneficiary-rel'

2019-03-11 18:06:36 - [TEST_STEP][PASSED] - setText(findTestObject("mobileSanity/HBI/Page_App Page 1/input__contingent-beneficiary-"), "test4"): Text 'test4' is set on object 'Object Repository/mobileSanity/HBI/Page_App Page 1/input__contingent-beneficiary-'

2019-03-11 18:06:36 - [MESSAGE][PASSED] - Text 'test4' is set on object 'Object Repository/mobileSanity/HBI/Page_App Page 1/input__contingent-beneficiary-'

2019-03-11 18:06:36 - [TEST_STEP][PASSED] - setText(findTestObject("mobileSanity/HBI/Page_App Page 1/input__contingent-beneficiary-_lastname"), "test5"): Text 'test5' is set on object 'Object Repository/mobileSanity/HBI/Page_App Page 1/input__contingent-beneficiary-_lastname'

2019-03-11 18:06:36 - [MESSAGE][PASSED] - Text 'test5' is set on object 'Object Repository/mobileSanity/HBI/Page_App Page 1/input__contingent-beneficiary-_lastname'

2019-03-11 18:06:36 - [TEST_STEP][PASSED] - setText(findTestObject("mobileSanity/HBI/Page_App Page 1/input__contingent-beneficiary-relationship"), "test6"): Text 'test6' is set on object 'Object Repository/mobileSanity/HBI/Page_App Page 1/input__contingent-beneficiary-relationship'

2019-03-11 18:06:37 - [MESSAGE][PASSED] - Text 'test6' is set on object 'Object Repository/mobileSanity/HBI/Page_App Page 1/input__contingent-beneficiary-relationship'

2019-03-11 18:06:37 - [TEST_STEP][PASSED] - setText(findTestObject("mobileSanity/HBI/Page_App Page 1/input__address"), Address): Text 'ozuGefhE' is set on object 'Object Repository/mobileSanity/HBI/Page_App Page 1/input__address'

2019-03-11 18:06:37 - [MESSAGE][PASSED] - Text 'ozuGefhE' is set on object 'Object Repository/mobileSanity/HBI/Page_App Page 1/input__address'

2019-03-11 18:06:37 - [TEST_STEP][PASSED] - setText(findTestObject("mobileSanity/HBI/Page_App Page 1/input__city"), City): Text 'ZoIHnbVD' is set on object 'Object Repository/mobileSanity/HBI/Page_App Page 1/input__city'

2019-03-11 18:06:37 - [MESSAGE][PASSED] - Text 'ZoIHnbVD' is set on object 'Object Repository/mobileSanity/HBI/Page_App Page 1/input__city'

2019-03-11 18:06:37 - [TEST_STEP][PASSED] - setText(findTestObject("mobileSanity/HBI/Page_App Page 1/input__email"), AutoEmail): Text 'test.OxsHmFvw@suryani.cn' is set on object 'Object Repository/mobileSanity/HBI/Page_App Page 1/input__email'

2019-03-11 18:06:37 - [MESSAGE][PASSED] - Text 'test.OxsHmFvw@suryani.cn' is set on object 'Object Repository/mobileSanity/HBI/Page_App Page 1/input__email'

2019-03-11 18:06:37 - [TEST_STEP][PASSED] - setText(findTestObject("mobileSanity/HBI/Page_App Page 1/input_tel"), Tel): Text '428-366-3366' is set on object 'Object Repository/mobileSanity/HBI/Page_App Page 1/input_tel'

2019-03-11 18:06:37 - [MESSAGE][PASSED] - Text '428-366-3366' is set on object 'Object Repository/mobileSanity/HBI/Page_App Page 1/input_tel'

2019-03-11 18:06:37 - [TEST_STEP][PASSED] - click(findTestObject("mobileSanity/HBI/Page_App Page 1/a_Continue to Step 2 - Payment")): Object: 'Object Repository/mobileSanity/HBI/Page_App Page 1/a_Continue to Step 2 - Payment' is clicked on

2019-03-11 18:06:38 - [MESSAGE][PASSED] - Object: 'Object Repository/mobileSanity/HBI/Page_App Page 1/a_Continue to Step 2 - Payment' is clicked on

2019-03-11 18:06:38 - [TEST_STEP][PASSED] - waitForPageLoad(10): Wait for page load successfully

2019-03-11 18:06:38 - [MESSAGE][PASSED] - Wait for page load successfully

2019-03-11 18:06:38 - [TEST_STEP][PASSED] - callTestCase(findTestCase("mobileWeb/_include/get_screenshot"), [:], STOP_ON_FAILURE): Call Test Case 'Test Cases/mobileWeb/_include/get_screenshot' successfully

2019-03-11 18:06:38 - [TEST_CASE][PASSED] - Test Cases/mobileWeb/_include/get_screenshot: Test Cases/mobileWeb/_include/get_screenshot

2019-03-11 18:06:38 - [TEST_STEP][PASSED] - takeScreenshot(screenPath + i + ".png"): Taking screenshot successfully

2019-03-11 18:06:38 - [MESSAGE][PASSED] - Taking screenshot successfully
[[ATTACHMENT|../Screenshots/mobileWeb/hbi/Agile Secure/20190311_180606/5.png]]

2019-03-11 18:06:38 - [TEST_STEP][PASSED] - (internal.GlobalVariable.i++): null

2019-03-11 18:06:38 - [MESSAGE][PASSED] - Call Test Case 'Test Cases/mobileWeb/_include/get_screenshot' successfully

2019-03-11 18:06:38 - [TEST_STEP][PASSED] - setText(findTestObject("mobileSanity/HBI/Page_App Page 2/input__credit-card-first"), FirstName): Text 'Test-123' is set on object 'Object Repository/mobileSanity/HBI/Page_App Page 2/input__credit-card-first'

2019-03-11 18:06:39 - [MESSAGE][PASSED] - Text 'Test-123' is set on object 'Object Repository/mobileSanity/HBI/Page_App Page 2/input__credit-card-first'

2019-03-11 18:06:39 - [TEST_STEP][PASSED] - setText(findTestObject("mobileSanity/HBI/Page_App Page 2/input__credit-card-last"), LastName): Text 'ZZ11-jtmyhTzR' is set on object 'Object Repository/mobileSanity/HBI/Page_App Page 2/input__credit-card-last'

2019-03-11 18:06:40 - [MESSAGE][PASSED] - Text 'ZZ11-jtmyhTzR' is set on object 'Object Repository/mobileSanity/HBI/Page_App Page 2/input__credit-card-last'

2019-03-11 18:06:40 - [TEST_STEP][PASSED] - selectOptionByValue(findTestObject("mobileSanity/HBI/Page_App Page 2/select_MM010203040506070809101"), "12", true): All options with value '12' are selected in object 'Object Repository/mobileSanity/HBI/Page_App Page 2/select_MM010203040506070809101'  using regular expression

2019-03-11 18:06:40 - [MESSAGE][PASSED] - All options with value '12' are selected in object 'Object Repository/mobileSanity/HBI/Page_App Page 2/select_MM010203040506070809101'  using regular expression

2019-03-11 18:06:40 - [TEST_STEP][PASSED] - selectOptionByValue(findTestObject("mobileSanity/HBI/Page_App Page 2/select_YYYY2019202020212022202"), "2026", true): All options with value '2026' are selected in object 'Object Repository/mobileSanity/HBI/Page_App Page 2/select_YYYY2019202020212022202'  using regular expression

2019-03-11 18:06:40 - [MESSAGE][PASSED] - All options with value '2026' are selected in object 'Object Repository/mobileSanity/HBI/Page_App Page 2/select_YYYY2019202020212022202'  using regular expression

2019-03-11 18:06:40 - [TEST_STEP][PASSED] - setText(findTestObject("mobileSanity/HBI/Page_App Page 2/input__credit-card-number"), "4111111111111111"): Text '4111111111111111' is set on object 'Object Repository/mobileSanity/HBI/Page_App Page 2/input__credit-card-number'

2019-03-11 18:06:40 - [MESSAGE][PASSED] - Text '4111111111111111' is set on object 'Object Repository/mobileSanity/HBI/Page_App Page 2/input__credit-card-number'

2019-03-11 18:06:40 - [TEST_STEP][PASSED] - setText(findTestObject("mobileSanity/HBI/Page_App Page 2/input__cvv"), "123"): Text '123' is set on object 'Object Repository/mobileSanity/HBI/Page_App Page 2/input__cvv'

2019-03-11 18:06:40 - [MESSAGE][PASSED] - Text '123' is set on object 'Object Repository/mobileSanity/HBI/Page_App Page 2/input__cvv'

2019-03-11 18:06:40 - [TEST_STEP][PASSED] - click(findTestObject("mobileSanity/HBI/Page_App Page 2/label_My billing address is th")): Object: 'Object Repository/mobileSanity/HBI/Page_App Page 2/label_My billing address is th' is clicked on

2019-03-11 18:06:41 - [MESSAGE][PASSED] - Object: 'Object Repository/mobileSanity/HBI/Page_App Page 2/label_My billing address is th' is clicked on

2019-03-11 18:06:41 - [TEST_STEP][PASSED] - click(findTestObject("mobileSanity/HBI/Page_App Page 2/label_I Accept Authorization f")): Object: 'Object Repository/mobileSanity/HBI/Page_App Page 2/label_I Accept Authorization f' is clicked on

2019-03-11 18:06:41 - [MESSAGE][PASSED] - Object: 'Object Repository/mobileSanity/HBI/Page_App Page 2/label_I Accept Authorization f' is clicked on

2019-03-11 18:06:41 - [TEST_STEP][PASSED] - click(findTestObject("mobileSanity/HBI/Page_App Page 2/a_Continue to Step 3 - Review")): Object: 'Object Repository/mobileSanity/HBI/Page_App Page 2/a_Continue to Step 3 - Review' is clicked on

2019-03-11 18:06:41 - [MESSAGE][PASSED] - Object: 'Object Repository/mobileSanity/HBI/Page_App Page 2/a_Continue to Step 3 - Review' is clicked on

2019-03-11 18:06:41 - [TEST_STEP][PASSED] - waitForPageLoad(10): Wait for page load successfully

2019-03-11 18:06:41 - [MESSAGE][PASSED] - Wait for page load successfully

2019-03-11 18:06:41 - [TEST_STEP][PASSED] - callTestCase(findTestCase("mobileWeb/_include/get_screenshot"), [:], STOP_ON_FAILURE): Call Test Case 'Test Cases/mobileWeb/_include/get_screenshot' successfully

2019-03-11 18:06:41 - [TEST_CASE][PASSED] - Test Cases/mobileWeb/_include/get_screenshot: Test Cases/mobileWeb/_include/get_screenshot

2019-03-11 18:06:41 - [TEST_STEP][PASSED] - takeScreenshot(screenPath + i + ".png"): Taking screenshot successfully

2019-03-11 18:06:41 - [MESSAGE][PASSED] - Taking screenshot successfully
[[ATTACHMENT|../Screenshots/mobileWeb/hbi/Agile Secure/20190311_180606/6.png]]

2019-03-11 18:06:41 - [TEST_STEP][PASSED] - (internal.GlobalVariable.i++): null

2019-03-11 18:06:41 - [MESSAGE][PASSED] - Call Test Case 'Test Cases/mobileWeb/_include/get_screenshot' successfully

2019-03-11 18:06:41 - [TEST_STEP][PASSED] - if (test.MobileKeywords.isElementPresent_Web(findTestObject("mobileSanity/HBI/Page_App Page 2/a_No Thanks"), 10)): test.MobileKeywords.isElementPresent_Web is PASSED

2019-03-11 18:07:03 - [MESSAGE][INFO] - Unable to find the element located by 'By.xpath: //a[@type = 'submit' and (text() = 'No Thanks' or . = 'No Thanks')]'. Please recheck the objects properties to make sure the desired element is located. 

2019-03-11 18:07:03 - [MESSAGE][PASSED] - test.MobileKeywords.isElementPresent_Web is PASSED

2019-03-11 18:07:03 - [TEST_STEP][PASSED] - waitForPageLoad(10): Wait for page load successfully

2019-03-11 18:07:03 - [MESSAGE][PASSED] - Wait for page load successfully

2019-03-11 18:07:03 - [TEST_STEP][FAILED] - click(findTestObject("mobileSanity/HBI/Page_App Page 3/label")): click(findTestObject("mobileSanity/HBI/Page_App Page 3/label")) FAILED.
Reason:
com.kms.katalon.core.exception.StepFailedException: Unable to click on object 'Object Repository/mobileSanity/HBI/Page_App Page 3/label' (Root cause: org.openqa.selenium.WebDriverException: unknown error: Element <label for="consent-checkbox-0"></label> is not clickable at point (71, 12). Other element would receive the click: <div class="col-md-11 terms-cell" id="consent-checkbox-0-label">...</div>
  (Session info: chrome=72.0.3626.121)
  (Driver info: chromedriver=2.43.600229 (3fae4d0cda5334b4f533bede5a4787f7b832d052),platform=Mac OS X 10.14.2 x86_64) (WARNING: The server did not provide any stacktrace information)
Command duration or timeout: 0 milliseconds
Build info: version: '3.7.1', revision: '8a0099a', time: '2017-11-06T21:07:36.161Z'
System info: host: 'Deniss-MacBook-Pro.local', ip: 'fe80:0:0:0:18db:5ed3:b3d6:93e7%en0', os.name: 'Mac OS X', os.arch: 'x86_64', os.version: '10.14.2', java.version: '1.8.0_181'
Driver info: com.kms.katalon.selenium.driver.CChromeDriver
Capabilities {acceptInsecureCerts: false, acceptSslCerts: false, applicationCacheEnabled: false, browserConnectionEnabled: false, browserName: chrome, chrome: {chromedriverVersion: 2.43.600229 (3fae4d0cda5334..., userDataDir: /var/folders/95/4qsvf70n5s5...}, cssSelectorsEnabled: true, databaseEnabled: false, goog:chromeOptions: {debuggerAddress: localhost:58912}, handlesAlerts: true, hasTouchScreen: true, javascriptEnabled: true, locationContextEnabled: true, mobileEmulationEnabled: true, nativeEvents: true, networkConnectionEnabled: false, pageLoadStrategy: normal, platform: MAC, platformName: MAC, rotatable: false, setWindowRect: true, takesHeapSnapshot: true, takesScreenshot: true, unexpectedAlertBehaviour: , unhandledPromptBehavior: , version: 72.0.3626.121, webStorageEnabled: true}
Session ID: 9089da59cec73bb91e6adf4698d07601)
	at com.kms.katalon.core.keyword.internal.KeywordMain.stepFailed(KeywordMain.groovy:36)
	at com.kms.katalon.core.webui.keyword.internal.WebUIKeywordMain.stepFailed(WebUIKeywordMain.groovy:65)
	at com.kms.katalon.core.webui.keyword.internal.WebUIKeywordMain.runKeyword(WebUIKeywordMain.groovy:27)
	at com.kms.katalon.core.webui.keyword.builtin.ClickKeyword.click(ClickKeyword.groovy:86)
	at com.kms.katalon.core.webui.keyword.builtin.ClickKeyword.execute(ClickKeyword.groovy:67)
	at com.kms.katalon.core.keyword.internal.KeywordExecutor.executeKeywordForPlatform(KeywordExecutor.groovy:53)
	at com.kms.katalon.core.webui.keyword.WebUiBuiltInKeywords.click(WebUiBuiltInKeywords.groovy:616)
	at com.kms.katalon.core.webui.keyword.WebUiBuiltInKeywords$click$3.call(Unknown Source)
	at goToEnd_hbi.run(goToEnd_hbi:85)
	at com.kms.katalon.core.main.ScriptEngine.run(ScriptEngine.java:194)
	at com.kms.katalon.core.main.ScriptEngine.runScriptAsRawText(ScriptEngine.java:119)
	at com.kms.katalon.core.main.TestCaseExecutor.runScript(TestCaseExecutor.java:328)
	at com.kms.katalon.core.main.TestCaseExecutor.doExecute(TestCaseExecutor.java:319)
	at com.kms.katalon.core.main.TestCaseExecutor.processExecutionPhase(TestCaseExecutor.java:298)
	at com.kms.katalon.core.main.TestCaseExecutor.accessMainPhase(TestCaseExecutor.java:290)
	at com.kms.katalon.core.main.TestCaseExecutor.execute(TestCaseExecutor.java:224)
	at com.kms.katalon.core.main.TestCaseMain.runTestCase(TestCaseMain.java:106)
	at com.kms.katalon.core.keyword.builtin.CallTestCaseKeyword$_callTestCase_closure1.doCall(CallTestCaseKeyword.groovy:59)
	at com.kms.katalon.core.keyword.builtin.CallTestCaseKeyword$_callTestCase_closure1.call(CallTestCaseKeyword.groovy)
	at com.kms.katalon.core.keyword.internal.KeywordMain.runKeyword(KeywordMain.groovy:54)
	at com.kms.katalon.core.keyword.builtin.CallTestCaseKeyword.callTestCase(CallTestCaseKeyword.groovy:80)
	at com.kms.katalon.core.keyword.builtin.CallTestCaseKeyword.execute(CallTestCaseKeyword.groovy:44)
	at com.kms.katalon.core.keyword.internal.KeywordExecutor.executeKeywordForPlatform(KeywordExecutor.groovy:53)
	at com.kms.katalon.core.keyword.BuiltinKeywords.callTestCase(BuiltinKeywords.groovy:334)
	at Agile Secure.run(Agile Secure:41)
	at com.kms.katalon.core.main.ScriptEngine.run(ScriptEngine.java:194)
	at com.kms.katalon.core.main.ScriptEngine.runScriptAsRawText(ScriptEngine.java:119)
	at com.kms.katalon.core.main.TestCaseExecutor.runScript(TestCaseExecutor.java:328)
	at com.kms.katalon.core.main.TestCaseExecutor.doExecute(TestCaseExecutor.java:319)
	at com.kms.katalon.core.main.TestCaseExecutor.processExecutionPhase(TestCaseExecutor.java:298)
	at com.kms.katalon.core.main.TestCaseExecutor.accessMainPhase(TestCaseExecutor.java:290)
	at com.kms.katalon.core.main.TestCaseExecutor.execute(TestCaseExecutor.java:224)
	at com.kms.katalon.core.main.TestSuiteExecutor.accessTestCaseMainPhase(TestSuiteExecutor.java:129)
	at com.kms.katalon.core.main.TestSuiteExecutor.accessTestSuiteMainPhase(TestSuiteExecutor.java:112)
	at com.kms.katalon.core.main.TestSuiteExecutor.execute(TestSuiteExecutor.java:81)
	at com.kms.katalon.core.main.TestCaseMain.startTestSuite(TestCaseMain.java:149)
	at com.kms.katalon.core.main.TestCaseMain$startTestSuite$0.call(Unknown Source)
	at TempTestSuite1552298249283.run(TempTestSuite1552298249283.groovy:36)


2019-03-11 18:07:03 - [MESSAGE][FAILED] - Unable to click on object 'Object Repository/mobileSanity/HBI/Page_App Page 3/label' (Root cause: org.openqa.selenium.WebDriverException: unknown error: Element <label for="consent-checkbox-0"></label> is not clickable at point (71, 12). Other element would receive the click: <div class="col-md-11 terms-cell" id="consent-checkbox-0-label">...</div>
  (Session info: chrome=72.0.3626.121)
  (Driver info: chromedriver=2.43.600229 (3fae4d0cda5334b4f533bede5a4787f7b832d052),platform=Mac OS X 10.14.2 x86_64) (WARNING: The server did not provide any stacktrace information)
Command duration or timeout: 0 milliseconds
Build info: version: '3.7.1', revision: '8a0099a', time: '2017-11-06T21:07:36.161Z'
System info: host: 'Deniss-MacBook-Pro.local', ip: 'fe80:0:0:0:18db:5ed3:b3d6:93e7%en0', os.name: 'Mac OS X', os.arch: 'x86_64', os.version: '10.14.2', java.version: '1.8.0_181'
Driver info: com.kms.katalon.selenium.driver.CChromeDriver
Capabilities {acceptInsecureCerts: false, acceptSslCerts: false, applicationCacheEnabled: false, browserConnectionEnabled: false, browserName: chrome, chrome: {chromedriverVersion: 2.43.600229 (3fae4d0cda5334..., userDataDir: /var/folders/95/4qsvf70n5s5...}, cssSelectorsEnabled: true, databaseEnabled: false, goog:chromeOptions: {debuggerAddress: localhost:58912}, handlesAlerts: true, hasTouchScreen: true, javascriptEnabled: true, locationContextEnabled: true, mobileEmulationEnabled: true, nativeEvents: true, networkConnectionEnabled: false, pageLoadStrategy: normal, platform: MAC, platformName: MAC, rotatable: false, setWindowRect: true, takesHeapSnapshot: true, takesScreenshot: true, unexpectedAlertBehaviour: , unhandledPromptBehavior: , version: 72.0.3626.121, webStorageEnabled: true}
Session ID: 9089da59cec73bb91e6adf4698d07601)
[[ATTACHMENT|/Users/denisyu/workplace/test/AgileTest/Reports/mobileWeb/hbi/20190311_175719/1552298823106.png]]

2019-03-11 18:07:03 - [MESSAGE][FAILED] - click(findTestObject("mobileSanity/HBI/Page_App Page 3/label")) FAILED.
Reason:
com.kms.katalon.core.exception.StepFailedException: Unable to click on object 'Object Repository/mobileSanity/HBI/Page_App Page 3/label' (Root cause: org.openqa.selenium.WebDriverException: unknown error: Element <label for="consent-checkbox-0"></label> is not clickable at point (71, 12). Other element would receive the click: <div class="col-md-11 terms-cell" id="consent-checkbox-0-label">...</div>
  (Session info: chrome=72.0.3626.121)
  (Driver info: chromedriver=2.43.600229 (3fae4d0cda5334b4f533bede5a4787f7b832d052),platform=Mac OS X 10.14.2 x86_64) (WARNING: The server did not provide any stacktrace information)
Command duration or timeout: 0 milliseconds
Build info: version: '3.7.1', revision: '8a0099a', time: '2017-11-06T21:07:36.161Z'
System info: host: 'Deniss-MacBook-Pro.local', ip: 'fe80:0:0:0:18db:5ed3:b3d6:93e7%en0', os.name: 'Mac OS X', os.arch: 'x86_64', os.version: '10.14.2', java.version: '1.8.0_181'
Driver info: com.kms.katalon.selenium.driver.CChromeDriver
Capabilities {acceptInsecureCerts: false, acceptSslCerts: false, applicationCacheEnabled: false, browserConnectionEnabled: false, browserName: chrome, chrome: {chromedriverVersion: 2.43.600229 (3fae4d0cda5334..., userDataDir: /var/folders/95/4qsvf70n5s5...}, cssSelectorsEnabled: true, databaseEnabled: false, goog:chromeOptions: {debuggerAddress: localhost:58912}, handlesAlerts: true, hasTouchScreen: true, javascriptEnabled: true, locationContextEnabled: true, mobileEmulationEnabled: true, nativeEvents: true, networkConnectionEnabled: false, pageLoadStrategy: normal, platform: MAC, platformName: MAC, rotatable: false, setWindowRect: true, takesHeapSnapshot: true, takesScreenshot: true, unexpectedAlertBehaviour: , unhandledPromptBehavior: , version: 72.0.3626.121, webStorageEnabled: true}
Session ID: 9089da59cec73bb91e6adf4698d07601)
	at com.kms.katalon.core.keyword.internal.KeywordMain.stepFailed(KeywordMain.groovy:36)
	at com.kms.katalon.core.webui.keyword.internal.WebUIKeywordMain.stepFailed(WebUIKeywordMain.groovy:65)
	at com.kms.katalon.core.webui.keyword.internal.WebUIKeywordMain.runKeyword(WebUIKeywordMain.groovy:27)
	at com.kms.katalon.core.webui.keyword.builtin.ClickKeyword.click(ClickKeyword.groovy:86)
	at com.kms.katalon.core.webui.keyword.builtin.ClickKeyword.execute(ClickKeyword.groovy:67)
	at com.kms.katalon.core.keyword.internal.KeywordExecutor.executeKeywordForPlatform(KeywordExecutor.groovy:53)
	at com.kms.katalon.core.webui.keyword.WebUiBuiltInKeywords.click(WebUiBuiltInKeywords.groovy:616)
	at com.kms.katalon.core.webui.keyword.WebUiBuiltInKeywords$click$3.call(Unknown Source)
	at goToEnd_hbi.run(goToEnd_hbi:85)
	at com.kms.katalon.core.main.ScriptEngine.run(ScriptEngine.java:194)
	at com.kms.katalon.core.main.ScriptEngine.runScriptAsRawText(ScriptEngine.java:119)
	at com.kms.katalon.core.main.TestCaseExecutor.runScript(TestCaseExecutor.java:328)
	at com.kms.katalon.core.main.TestCaseExecutor.doExecute(TestCaseExecutor.java:319)
	at com.kms.katalon.core.main.TestCaseExecutor.processExecutionPhase(TestCaseExecutor.java:298)
	at com.kms.katalon.core.main.TestCaseExecutor.accessMainPhase(TestCaseExecutor.java:290)
	at com.kms.katalon.core.main.TestCaseExecutor.execute(TestCaseExecutor.java:224)
	at com.kms.katalon.core.main.TestCaseMain.runTestCase(TestCaseMain.java:106)
	at com.kms.katalon.core.keyword.builtin.CallTestCaseKeyword$_callTestCase_closure1.doCall(CallTestCaseKeyword.groovy:59)
	at com.kms.katalon.core.keyword.builtin.CallTestCaseKeyword$_callTestCase_closure1.call(CallTestCaseKeyword.groovy)
	at com.kms.katalon.core.keyword.internal.KeywordMain.runKeyword(KeywordMain.groovy:54)
	at com.kms.katalon.core.keyword.builtin.CallTestCaseKeyword.callTestCase(CallTestCaseKeyword.groovy:80)
	at com.kms.katalon.core.keyword.builtin.CallTestCaseKeyword.execute(CallTestCaseKeyword.groovy:44)
	at com.kms.katalon.core.keyword.internal.KeywordExecutor.executeKeywordForPlatform(KeywordExecutor.groovy:53)
	at com.kms.katalon.core.keyword.BuiltinKeywords.callTestCase(BuiltinKeywords.groovy:334)
	at Agile Secure.run(Agile Secure:41)
	at com.kms.katalon.core.main.ScriptEngine.run(ScriptEngine.java:194)
	at com.kms.katalon.core.main.ScriptEngine.runScriptAsRawText(ScriptEngine.java:119)
	at com.kms.katalon.core.main.TestCaseExecutor.runScript(TestCaseExecutor.java:328)
	at com.kms.katalon.core.main.TestCaseExecutor.doExecute(TestCaseExecutor.java:319)
	at com.kms.katalon.core.main.TestCaseExecutor.processExecutionPhase(TestCaseExecutor.java:298)
	at com.kms.katalon.core.main.TestCaseExecutor.accessMainPhase(TestCaseExecutor.java:290)
	at com.kms.katalon.core.main.TestCaseExecutor.execute(TestCaseExecutor.java:224)
	at com.kms.katalon.core.main.TestSuiteExecutor.accessTestCaseMainPhase(TestSuiteExecutor.java:129)
	at com.kms.katalon.core.main.TestSuiteExecutor.accessTestSuiteMainPhase(TestSuiteExecutor.java:112)
	at com.kms.katalon.core.main.TestSuiteExecutor.execute(TestSuiteExecutor.java:81)
	at com.kms.katalon.core.main.TestCaseMain.startTestSuite(TestCaseMain.java:149)
	at com.kms.katalon.core.main.TestCaseMain$startTestSuite$0.call(Unknown Source)
	at TempTestSuite1552298249283.run(TempTestSuite1552298249283.groovy:36)


2019-03-11 18:07:03 - [MESSAGE][FAILED] - Unable to call Test Case 'Test Cases/mobileWeb/_include/goToEnd_hbi' (Root cause: com.kms.katalon.core.exception.StepFailedException: Call Test Case 'Test Cases/mobileWeb/_include/goToEnd_hbi' failed)

2019-03-11 18:07:03 - [MESSAGE][FAILED] - callTestCase(findTestCase("mobileWeb/_include/goToEnd_hbi"), ["carrier":"agilesecure"], CONTINUE_ON_FAILURE) FAILED.
Reason:
com.kms.katalon.core.exception.StepFailedException: Unable to click on object 'Object Repository/mobileSanity/HBI/Page_App Page 3/label' (Root cause: org.openqa.selenium.WebDriverException: unknown error: Element <label for="consent-checkbox-0"></label> is not clickable at point (71, 12). Other element would receive the click: <div class="col-md-11 terms-cell" id="consent-checkbox-0-label">...</div>
  (Session info: chrome=72.0.3626.121)
  (Driver info: chromedriver=2.43.600229 (3fae4d0cda5334b4f533bede5a4787f7b832d052),platform=Mac OS X 10.14.2 x86_64) (WARNING: The server did not provide any stacktrace information)
Command duration or timeout: 0 milliseconds
Build info: version: '3.7.1', revision: '8a0099a', time: '2017-11-06T21:07:36.161Z'
System info: host: 'Deniss-MacBook-Pro.local', ip: 'fe80:0:0:0:18db:5ed3:b3d6:93e7%en0', os.name: 'Mac OS X', os.arch: 'x86_64', os.version: '10.14.2', java.version: '1.8.0_181'
Driver info: com.kms.katalon.selenium.driver.CChromeDriver
Capabilities {acceptInsecureCerts: false, acceptSslCerts: false, applicationCacheEnabled: false, browserConnectionEnabled: false, browserName: chrome, chrome: {chromedriverVersion: 2.43.600229 (3fae4d0cda5334..., userDataDir: /var/folders/95/4qsvf70n5s5...}, cssSelectorsEnabled: true, databaseEnabled: false, goog:chromeOptions: {debuggerAddress: localhost:58912}, handlesAlerts: true, hasTouchScreen: true, javascriptEnabled: true, locationContextEnabled: true, mobileEmulationEnabled: true, nativeEvents: true, networkConnectionEnabled: false, pageLoadStrategy: normal, platform: MAC, platformName: MAC, rotatable: false, setWindowRect: true, takesHeapSnapshot: true, takesScreenshot: true, unexpectedAlertBehaviour: , unhandledPromptBehavior: , version: 72.0.3626.121, webStorageEnabled: true}
Session ID: 9089da59cec73bb91e6adf4698d07601)
	at com.kms.katalon.core.keyword.internal.KeywordMain.stepFailed(KeywordMain.groovy:36)
	at com.kms.katalon.core.webui.keyword.internal.WebUIKeywordMain.stepFailed(WebUIKeywordMain.groovy:65)
	at com.kms.katalon.core.webui.keyword.internal.WebUIKeywordMain.runKeyword(WebUIKeywordMain.groovy:27)
	at com.kms.katalon.core.webui.keyword.builtin.ClickKeyword.click(ClickKeyword.groovy:86)
	at com.kms.katalon.core.webui.keyword.builtin.ClickKeyword.execute(ClickKeyword.groovy:67)
	at com.kms.katalon.core.keyword.internal.KeywordExecutor.executeKeywordForPlatform(KeywordExecutor.groovy:53)
	at com.kms.katalon.core.webui.keyword.WebUiBuiltInKeywords.click(WebUiBuiltInKeywords.groovy:616)
	at com.kms.katalon.core.webui.keyword.WebUiBuiltInKeywords$click$3.call(Unknown Source)
	at goToEnd_hbi.run(goToEnd_hbi:85)
	at com.kms.katalon.core.main.ScriptEngine.run(ScriptEngine.java:194)
	at com.kms.katalon.core.main.ScriptEngine.runScriptAsRawText(ScriptEngine.java:119)
	at com.kms.katalon.core.main.TestCaseExecutor.runScript(TestCaseExecutor.java:328)
	at com.kms.katalon.core.main.TestCaseExecutor.doExecute(TestCaseExecutor.java:319)
	at com.kms.katalon.core.main.TestCaseExecutor.processExecutionPhase(TestCaseExecutor.java:298)
	at com.kms.katalon.core.main.TestCaseExecutor.accessMainPhase(TestCaseExecutor.java:290)
	at com.kms.katalon.core.main.TestCaseExecutor.execute(TestCaseExecutor.java:224)
	at com.kms.katalon.core.main.TestCaseMain.runTestCase(TestCaseMain.java:106)
	at com.kms.katalon.core.keyword.builtin.CallTestCaseKeyword$_callTestCase_closure1.doCall(CallTestCaseKeyword.groovy:59)
	at com.kms.katalon.core.keyword.builtin.CallTestCaseKeyword$_callTestCase_closure1.call(CallTestCaseKeyword.groovy)
	at com.kms.katalon.core.keyword.internal.KeywordMain.runKeyword(KeywordMain.groovy:54)
	at com.kms.katalon.core.keyword.builtin.CallTestCaseKeyword.callTestCase(CallTestCaseKeyword.groovy:80)
	at com.kms.katalon.core.keyword.builtin.CallTestCaseKeyword.execute(CallTestCaseKeyword.groovy:44)
	at com.kms.katalon.core.keyword.internal.KeywordExecutor.executeKeywordForPlatform(KeywordExecutor.groovy:53)
	at com.kms.katalon.core.keyword.BuiltinKeywords.callTestCase(BuiltinKeywords.groovy:334)
	at Agile Secure.run(Agile Secure:41)
	at com.kms.katalon.core.main.ScriptEngine.run(ScriptEngine.java:194)
	at com.kms.katalon.core.main.ScriptEngine.runScriptAsRawText(ScriptEngine.java:119)
	at com.kms.katalon.core.main.TestCaseExecutor.runScript(TestCaseExecutor.java:328)
	at com.kms.katalon.core.main.TestCaseExecutor.doExecute(TestCaseExecutor.java:319)
	at com.kms.katalon.core.main.TestCaseExecutor.processExecutionPhase(TestCaseExecutor.java:298)
	at com.kms.katalon.core.main.TestCaseExecutor.accessMainPhase(TestCaseExecutor.java:290)
	at com.kms.katalon.core.main.TestCaseExecutor.execute(TestCaseExecutor.java:224)
	at com.kms.katalon.core.main.TestSuiteExecutor.accessTestCaseMainPhase(TestSuiteExecutor.java:129)
	at com.kms.katalon.core.main.TestSuiteExecutor.accessTestSuiteMainPhase(TestSuiteExecutor.java:112)
	at com.kms.katalon.core.main.TestSuiteExecutor.execute(TestSuiteExecutor.java:81)
	at com.kms.katalon.core.main.TestCaseMain.startTestSuite(TestCaseMain.java:149)
	at com.kms.katalon.core.main.TestCaseMain$startTestSuite$0.call(Unknown Source)
	at TempTestSuite1552298249283.run(TempTestSuite1552298249283.groovy:36)]]></system-out>
         <system-err><![CDATA[2019-03-11 18:06:05 - [TEST_CASE][FAILED] - Test Cases/mobileWeb/HBI/Agile Secure: Test Cases/mobileWeb/HBI/Agile Secure FAILED.
Reason:
com.kms.katalon.core.exception.StepFailedException: Unable to click on object 'Object Repository/mobileSanity/HBI/Page_App Page 3/label' (Root cause: org.openqa.selenium.WebDriverException: unknown error: Element <label for="consent-checkbox-0"></label> is not clickable at point (71, 12). Other element would receive the click: <div class="col-md-11 terms-cell" id="consent-checkbox-0-label">...</div>
  (Session info: chrome=72.0.3626.121)
  (Driver info: chromedriver=2.43.600229 (3fae4d0cda5334b4f533bede5a4787f7b832d052),platform=Mac OS X 10.14.2 x86_64) (WARNING: The server did not provide any stacktrace information)
Command duration or timeout: 0 milliseconds
Build info: version: '3.7.1', revision: '8a0099a', time: '2017-11-06T21:07:36.161Z'
System info: host: 'Deniss-MacBook-Pro.local', ip: 'fe80:0:0:0:18db:5ed3:b3d6:93e7%en0', os.name: 'Mac OS X', os.arch: 'x86_64', os.version: '10.14.2', java.version: '1.8.0_181'
Driver info: com.kms.katalon.selenium.driver.CChromeDriver
Capabilities {acceptInsecureCerts: false, acceptSslCerts: false, applicationCacheEnabled: false, browserConnectionEnabled: false, browserName: chrome, chrome: {chromedriverVersion: 2.43.600229 (3fae4d0cda5334..., userDataDir: /var/folders/95/4qsvf70n5s5...}, cssSelectorsEnabled: true, databaseEnabled: false, goog:chromeOptions: {debuggerAddress: localhost:58912}, handlesAlerts: true, hasTouchScreen: true, javascriptEnabled: true, locationContextEnabled: true, mobileEmulationEnabled: true, nativeEvents: true, networkConnectionEnabled: false, pageLoadStrategy: normal, platform: MAC, platformName: MAC, rotatable: false, setWindowRect: true, takesHeapSnapshot: true, takesScreenshot: true, unexpectedAlertBehaviour: , unhandledPromptBehavior: , version: 72.0.3626.121, webStorageEnabled: true}
Session ID: 9089da59cec73bb91e6adf4698d07601)
	at com.kms.katalon.core.keyword.internal.KeywordMain.stepFailed(KeywordMain.groovy:36)
	at com.kms.katalon.core.webui.keyword.internal.WebUIKeywordMain.stepFailed(WebUIKeywordMain.groovy:65)
	at com.kms.katalon.core.webui.keyword.internal.WebUIKeywordMain.runKeyword(WebUIKeywordMain.groovy:27)
	at com.kms.katalon.core.webui.keyword.builtin.ClickKeyword.click(ClickKeyword.groovy:86)
	at com.kms.katalon.core.webui.keyword.builtin.ClickKeyword.execute(ClickKeyword.groovy:67)
	at com.kms.katalon.core.keyword.internal.KeywordExecutor.executeKeywordForPlatform(KeywordExecutor.groovy:53)
	at com.kms.katalon.core.webui.keyword.WebUiBuiltInKeywords.click(WebUiBuiltInKeywords.groovy:616)
	at com.kms.katalon.core.webui.keyword.WebUiBuiltInKeywords$click$3.call(Unknown Source)
	at goToEnd_hbi.run(goToEnd_hbi:85)
	at com.kms.katalon.core.main.ScriptEngine.run(ScriptEngine.java:194)
	at com.kms.katalon.core.main.ScriptEngine.runScriptAsRawText(ScriptEngine.java:119)
	at com.kms.katalon.core.main.TestCaseExecutor.runScript(TestCaseExecutor.java:328)
	at com.kms.katalon.core.main.TestCaseExecutor.doExecute(TestCaseExecutor.java:319)
	at com.kms.katalon.core.main.TestCaseExecutor.processExecutionPhase(TestCaseExecutor.java:298)
	at com.kms.katalon.core.main.TestCaseExecutor.accessMainPhase(TestCaseExecutor.java:290)
	at com.kms.katalon.core.main.TestCaseExecutor.execute(TestCaseExecutor.java:224)
	at com.kms.katalon.core.main.TestCaseMain.runTestCase(TestCaseMain.java:106)
	at com.kms.katalon.core.keyword.builtin.CallTestCaseKeyword$_callTestCase_closure1.doCall(CallTestCaseKeyword.groovy:59)
	at com.kms.katalon.core.keyword.builtin.CallTestCaseKeyword$_callTestCase_closure1.call(CallTestCaseKeyword.groovy)
	at com.kms.katalon.core.keyword.internal.KeywordMain.runKeyword(KeywordMain.groovy:54)
	at com.kms.katalon.core.keyword.builtin.CallTestCaseKeyword.callTestCase(CallTestCaseKeyword.groovy:80)
	at com.kms.katalon.core.keyword.builtin.CallTestCaseKeyword.execute(CallTestCaseKeyword.groovy:44)
	at com.kms.katalon.core.keyword.internal.KeywordExecutor.executeKeywordForPlatform(KeywordExecutor.groovy:53)
	at com.kms.katalon.core.keyword.BuiltinKeywords.callTestCase(BuiltinKeywords.groovy:334)
	at Agile Secure.run(Agile Secure:41)
	at com.kms.katalon.core.main.ScriptEngine.run(ScriptEngine.java:194)
	at com.kms.katalon.core.main.ScriptEngine.runScriptAsRawText(ScriptEngine.java:119)
	at com.kms.katalon.core.main.TestCaseExecutor.runScript(TestCaseExecutor.java:328)
	at com.kms.katalon.core.main.TestCaseExecutor.doExecute(TestCaseExecutor.java:319)
	at com.kms.katalon.core.main.TestCaseExecutor.processExecutionPhase(TestCaseExecutor.java:298)
	at com.kms.katalon.core.main.TestCaseExecutor.accessMainPhase(TestCaseExecutor.java:290)
	at com.kms.katalon.core.main.TestCaseExecutor.execute(TestCaseExecutor.java:224)
	at com.kms.katalon.core.main.TestSuiteExecutor.accessTestCaseMainPhase(TestSuiteExecutor.java:129)
	at com.kms.katalon.core.main.TestSuiteExecutor.accessTestSuiteMainPhase(TestSuiteExecutor.java:112)
	at com.kms.katalon.core.main.TestSuiteExecutor.execute(TestSuiteExecutor.java:81)
	at com.kms.katalon.core.main.TestCaseMain.startTestSuite(TestCaseMain.java:149)
	at com.kms.katalon.core.main.TestCaseMain$startTestSuite$0.call(Unknown Source)
	at TempTestSuite1552298249283.run(TempTestSuite1552298249283.groovy:36)]]></system-err>
      </testcase>
      <testcase name="Test Cases/mobileWeb/HBI/Fixed Cash Benefit" classname="Test Cases/mobileWeb/HBI/Fixed Cash Benefit" status="FAILED">
         <failure type="FAILED" message="Test Cases/mobileWeb/HBI/Fixed Cash Benefit FAILED.
Reason:
com.kms.katalon.core.exception.StepFailedException: Unable to click on object 'Object Repository/mobileSanity/HBI/Page_App Page 3/label' (Root cause: org.openqa.selenium.WebDriverException: unknown error: Element &lt;label for=&quot;consent-checkbox-0&quot;>&lt;/label> is not clickable at point (71, 12). Other element would receive the click: &lt;div class=&quot;col-md-11 terms-cell&quot; id=&quot;consent-checkbox-0-label&quot;>...&lt;/div>
  (Session info: chrome=72.0.3626.121)
  (Driver info: chromedriver=2.43.600229 (3fae4d0cda5334b4f533bede5a4787f7b832d052),platform=Mac OS X 10.14.2 x86_64) (WARNING: The server did not provide any stacktrace information)
Command duration or timeout: 0 milliseconds
Build info: version: '3.7.1', revision: '8a0099a', time: '2017-11-06T21:07:36.161Z'
System info: host: 'Deniss-MacBook-Pro.local', ip: 'fe80:0:0:0:18db:5ed3:b3d6:93e7%en0', os.name: 'Mac OS X', os.arch: 'x86_64', os.version: '10.14.2', java.version: '1.8.0_181'
Driver info: com.kms.katalon.selenium.driver.CChromeDriver
Capabilities {acceptInsecureCerts: false, acceptSslCerts: false, applicationCacheEnabled: false, browserConnectionEnabled: false, browserName: chrome, chrome: {chromedriverVersion: 2.43.600229 (3fae4d0cda5334..., userDataDir: /var/folders/95/4qsvf70n5s5...}, cssSelectorsEnabled: true, databaseEnabled: false, goog:chromeOptions: {debuggerAddress: localhost:59526}, handlesAlerts: true, hasTouchScreen: true, javascriptEnabled: true, locationContextEnabled: true, mobileEmulationEnabled: true, nativeEvents: true, networkConnectionEnabled: false, pageLoadStrategy: normal, platform: MAC, platformName: MAC, rotatable: false, setWindowRect: true, takesHeapSnapshot: true, takesScreenshot: true, unexpectedAlertBehaviour: , unhandledPromptBehavior: , version: 72.0.3626.121, webStorageEnabled: true}
Session ID: 6ed68fa1e07e7cabfaae7fcd7ab94918)
	at com.kms.katalon.core.keyword.internal.KeywordMain.stepFailed(KeywordMain.groovy:36)
	at com.kms.katalon.core.webui.keyword.internal.WebUIKeywordMain.stepFailed(WebUIKeywordMain.groovy:65)
	at com.kms.katalon.core.webui.keyword.internal.WebUIKeywordMain.runKeyword(WebUIKeywordMain.groovy:27)
	at com.kms.katalon.core.webui.keyword.builtin.ClickKeyword.click(ClickKeyword.groovy:86)
	at com.kms.katalon.core.webui.keyword.builtin.ClickKeyword.execute(ClickKeyword.groovy:67)
	at com.kms.katalon.core.keyword.internal.KeywordExecutor.executeKeywordForPlatform(KeywordExecutor.groovy:53)
	at com.kms.katalon.core.webui.keyword.WebUiBuiltInKeywords.click(WebUiBuiltInKeywords.groovy:616)
	at com.kms.katalon.core.webui.keyword.WebUiBuiltInKeywords$click$3.call(Unknown Source)
	at goToEnd_hbi.run(goToEnd_hbi:85)
	at com.kms.katalon.core.main.ScriptEngine.run(ScriptEngine.java:194)
	at com.kms.katalon.core.main.ScriptEngine.runScriptAsRawText(ScriptEngine.java:119)
	at com.kms.katalon.core.main.TestCaseExecutor.runScript(TestCaseExecutor.java:328)
	at com.kms.katalon.core.main.TestCaseExecutor.doExecute(TestCaseExecutor.java:319)
	at com.kms.katalon.core.main.TestCaseExecutor.processExecutionPhase(TestCaseExecutor.java:298)
	at com.kms.katalon.core.main.TestCaseExecutor.accessMainPhase(TestCaseExecutor.java:290)
	at com.kms.katalon.core.main.TestCaseExecutor.execute(TestCaseExecutor.java:224)
	at com.kms.katalon.core.main.TestCaseMain.runTestCase(TestCaseMain.java:106)
	at com.kms.katalon.core.keyword.builtin.CallTestCaseKeyword$_callTestCase_closure1.doCall(CallTestCaseKeyword.groovy:59)
	at com.kms.katalon.core.keyword.builtin.CallTestCaseKeyword$_callTestCase_closure1.call(CallTestCaseKeyword.groovy)
	at com.kms.katalon.core.keyword.internal.KeywordMain.runKeyword(KeywordMain.groovy:54)
	at com.kms.katalon.core.keyword.builtin.CallTestCaseKeyword.callTestCase(CallTestCaseKeyword.groovy:80)
	at com.kms.katalon.core.keyword.builtin.CallTestCaseKeyword.execute(CallTestCaseKeyword.groovy:44)
	at com.kms.katalon.core.keyword.internal.KeywordExecutor.executeKeywordForPlatform(KeywordExecutor.groovy:53)
	at com.kms.katalon.core.keyword.BuiltinKeywords.callTestCase(BuiltinKeywords.groovy:334)
	at Fixed Cash Benefit.run(Fixed Cash Benefit:49)
	at com.kms.katalon.core.main.ScriptEngine.run(ScriptEngine.java:194)
	at com.kms.katalon.core.main.ScriptEngine.runScriptAsRawText(ScriptEngine.java:119)
	at com.kms.katalon.core.main.TestCaseExecutor.runScript(TestCaseExecutor.java:328)
	at com.kms.katalon.core.main.TestCaseExecutor.doExecute(TestCaseExecutor.java:319)
	at com.kms.katalon.core.main.TestCaseExecutor.processExecutionPhase(TestCaseExecutor.java:298)
	at com.kms.katalon.core.main.TestCaseExecutor.accessMainPhase(TestCaseExecutor.java:290)
	at com.kms.katalon.core.main.TestCaseExecutor.execute(TestCaseExecutor.java:224)
	at com.kms.katalon.core.main.TestSuiteExecutor.accessTestCaseMainPhase(TestSuiteExecutor.java:129)
	at com.kms.katalon.core.main.TestSuiteExecutor.accessTestSuiteMainPhase(TestSuiteExecutor.java:112)
	at com.kms.katalon.core.main.TestSuiteExecutor.execute(TestSuiteExecutor.java:81)
	at com.kms.katalon.core.main.TestCaseMain.startTestSuite(TestCaseMain.java:149)
	at com.kms.katalon.core.main.TestCaseMain$startTestSuite$0.call(Unknown Source)
	at TempTestSuite1552298249283.run(TempTestSuite1552298249283.groovy:36)
"/>
         <system-out><![CDATA[2019-03-11 18:07:03 - [TEST_CASE][FAILED] - Test Cases/mobileWeb/HBI/Fixed Cash Benefit: Test Cases/mobileWeb/HBI/Fixed Cash Benefit FAILED.
Reason:
com.kms.katalon.core.exception.StepFailedException: Unable to click on object 'Object Repository/mobileSanity/HBI/Page_App Page 3/label' (Root cause: org.openqa.selenium.WebDriverException: unknown error: Element <label for="consent-checkbox-0"></label> is not clickable at point (71, 12). Other element would receive the click: <div class="col-md-11 terms-cell" id="consent-checkbox-0-label">...</div>
  (Session info: chrome=72.0.3626.121)
  (Driver info: chromedriver=2.43.600229 (3fae4d0cda5334b4f533bede5a4787f7b832d052),platform=Mac OS X 10.14.2 x86_64) (WARNING: The server did not provide any stacktrace information)
Command duration or timeout: 0 milliseconds
Build info: version: '3.7.1', revision: '8a0099a', time: '2017-11-06T21:07:36.161Z'
System info: host: 'Deniss-MacBook-Pro.local', ip: 'fe80:0:0:0:18db:5ed3:b3d6:93e7%en0', os.name: 'Mac OS X', os.arch: 'x86_64', os.version: '10.14.2', java.version: '1.8.0_181'
Driver info: com.kms.katalon.selenium.driver.CChromeDriver
Capabilities {acceptInsecureCerts: false, acceptSslCerts: false, applicationCacheEnabled: false, browserConnectionEnabled: false, browserName: chrome, chrome: {chromedriverVersion: 2.43.600229 (3fae4d0cda5334..., userDataDir: /var/folders/95/4qsvf70n5s5...}, cssSelectorsEnabled: true, databaseEnabled: false, goog:chromeOptions: {debuggerAddress: localhost:59526}, handlesAlerts: true, hasTouchScreen: true, javascriptEnabled: true, locationContextEnabled: true, mobileEmulationEnabled: true, nativeEvents: true, networkConnectionEnabled: false, pageLoadStrategy: normal, platform: MAC, platformName: MAC, rotatable: false, setWindowRect: true, takesHeapSnapshot: true, takesScreenshot: true, unexpectedAlertBehaviour: , unhandledPromptBehavior: , version: 72.0.3626.121, webStorageEnabled: true}
Session ID: 6ed68fa1e07e7cabfaae7fcd7ab94918)
	at com.kms.katalon.core.keyword.internal.KeywordMain.stepFailed(KeywordMain.groovy:36)
	at com.kms.katalon.core.webui.keyword.internal.WebUIKeywordMain.stepFailed(WebUIKeywordMain.groovy:65)
	at com.kms.katalon.core.webui.keyword.internal.WebUIKeywordMain.runKeyword(WebUIKeywordMain.groovy:27)
	at com.kms.katalon.core.webui.keyword.builtin.ClickKeyword.click(ClickKeyword.groovy:86)
	at com.kms.katalon.core.webui.keyword.builtin.ClickKeyword.execute(ClickKeyword.groovy:67)
	at com.kms.katalon.core.keyword.internal.KeywordExecutor.executeKeywordForPlatform(KeywordExecutor.groovy:53)
	at com.kms.katalon.core.webui.keyword.WebUiBuiltInKeywords.click(WebUiBuiltInKeywords.groovy:616)
	at com.kms.katalon.core.webui.keyword.WebUiBuiltInKeywords$click$3.call(Unknown Source)
	at goToEnd_hbi.run(goToEnd_hbi:85)
	at com.kms.katalon.core.main.ScriptEngine.run(ScriptEngine.java:194)
	at com.kms.katalon.core.main.ScriptEngine.runScriptAsRawText(ScriptEngine.java:119)
	at com.kms.katalon.core.main.TestCaseExecutor.runScript(TestCaseExecutor.java:328)
	at com.kms.katalon.core.main.TestCaseExecutor.doExecute(TestCaseExecutor.java:319)
	at com.kms.katalon.core.main.TestCaseExecutor.processExecutionPhase(TestCaseExecutor.java:298)
	at com.kms.katalon.core.main.TestCaseExecutor.accessMainPhase(TestCaseExecutor.java:290)
	at com.kms.katalon.core.main.TestCaseExecutor.execute(TestCaseExecutor.java:224)
	at com.kms.katalon.core.main.TestCaseMain.runTestCase(TestCaseMain.java:106)
	at com.kms.katalon.core.keyword.builtin.CallTestCaseKeyword$_callTestCase_closure1.doCall(CallTestCaseKeyword.groovy:59)
	at com.kms.katalon.core.keyword.builtin.CallTestCaseKeyword$_callTestCase_closure1.call(CallTestCaseKeyword.groovy)
	at com.kms.katalon.core.keyword.internal.KeywordMain.runKeyword(KeywordMain.groovy:54)
	at com.kms.katalon.core.keyword.builtin.CallTestCaseKeyword.callTestCase(CallTestCaseKeyword.groovy:80)
	at com.kms.katalon.core.keyword.builtin.CallTestCaseKeyword.execute(CallTestCaseKeyword.groovy:44)
	at com.kms.katalon.core.keyword.internal.KeywordExecutor.executeKeywordForPlatform(KeywordExecutor.groovy:53)
	at com.kms.katalon.core.keyword.BuiltinKeywords.callTestCase(BuiltinKeywords.groovy:334)
	at Fixed Cash Benefit.run(Fixed Cash Benefit:49)
	at com.kms.katalon.core.main.ScriptEngine.run(ScriptEngine.java:194)
	at com.kms.katalon.core.main.ScriptEngine.runScriptAsRawText(ScriptEngine.java:119)
	at com.kms.katalon.core.main.TestCaseExecutor.runScript(TestCaseExecutor.java:328)
	at com.kms.katalon.core.main.TestCaseExecutor.doExecute(TestCaseExecutor.java:319)
	at com.kms.katalon.core.main.TestCaseExecutor.processExecutionPhase(TestCaseExecutor.java:298)
	at com.kms.katalon.core.main.TestCaseExecutor.accessMainPhase(TestCaseExecutor.java:290)
	at com.kms.katalon.core.main.TestCaseExecutor.execute(TestCaseExecutor.java:224)
	at com.kms.katalon.core.main.TestSuiteExecutor.accessTestCaseMainPhase(TestSuiteExecutor.java:129)
	at com.kms.katalon.core.main.TestSuiteExecutor.accessTestSuiteMainPhase(TestSuiteExecutor.java:112)
	at com.kms.katalon.core.main.TestSuiteExecutor.execute(TestSuiteExecutor.java:81)
	at com.kms.katalon.core.main.TestCaseMain.startTestSuite(TestCaseMain.java:149)
	at com.kms.katalon.core.main.TestCaseMain$startTestSuite$0.call(Unknown Source)
	at TempTestSuite1552298249283.run(TempTestSuite1552298249283.groovy:36)


2019-03-11 18:07:03 - [TEST_STEP][PASSED] - now = new java.util.Date(): null

2019-03-11 18:07:03 - [TEST_STEP][PASSED] - mydate = now.format("yyyyMMdd_HHmmss"): null

2019-03-11 18:07:03 - [TEST_STEP][PASSED] - screenPath = hbiPath + "Fixed Cash Benefit/" + mydate + "/": null

2019-03-11 18:07:03 - [TEST_STEP][PASSED] - i = 0: null

2019-03-11 18:07:03 - [TEST_STEP][PASSED] - callTestCase(findTestCase("mobileWeb/_include/openWebSite"), [:], CONTINUE_ON_FAILURE): Call Test Case 'Test Cases/mobileWeb/_include/openWebSite' successfully

2019-03-11 18:07:03 - [TEST_CASE][PASSED] - Test Cases/mobileWeb/_include/openWebSite: Test Cases/mobileWeb/_include/openWebSite

2019-03-11 18:07:03 - [TEST_STEP][PASSED] - openBrowser(""): Browser is opened with url: ''

2019-03-11 18:07:03 - [MESSAGE][WARNING] - A browser is already opened. Closing browser and opening a new one

2019-03-11 18:07:03 - [MESSAGE][INFO] - Starting 'Chrome' driver

2019-03-11 18:07:03 - [MESSAGE][INFO] - User set preference: ['mobileEmulation', '{deviceName=iPhone 8}']

2019-03-11 18:07:03 - [MESSAGE][INFO] - User set preference: ['args', '[--incognito, --aggressive-cache-discard]']

2019-03-11 18:07:05 - [MESSAGE][PASSED] - Browser is opened with url: ''

2019-03-11 18:07:05 - [TEST_STEP][PASSED] - navigateToUrl(ENV): Navigate to 'https://praetemptatus.agilehealthinsurance.com' successfully

2019-03-11 18:07:10 - [MESSAGE][PASSED] - Navigate to 'https://praetemptatus.agilehealthinsurance.com' successfully

2019-03-11 18:07:10 - [TEST_STEP][PASSED] - waitForPageLoad(10): Wait for page load successfully

2019-03-11 18:07:10 - [MESSAGE][PASSED] - Wait for page load successfully

2019-03-11 18:07:10 - [TEST_STEP][PASSED] - callTestCase(findTestCase("mobileWeb/_include/get_screenshot"), [:], STOP_ON_FAILURE): Call Test Case 'Test Cases/mobileWeb/_include/get_screenshot' successfully

2019-03-11 18:07:10 - [TEST_CASE][PASSED] - Test Cases/mobileWeb/_include/get_screenshot: Test Cases/mobileWeb/_include/get_screenshot

2019-03-11 18:07:10 - [TEST_STEP][PASSED] - takeScreenshot(screenPath + i + ".png"): Taking screenshot successfully

2019-03-11 18:07:11 - [MESSAGE][PASSED] - Taking screenshot successfully
[[ATTACHMENT|../Screenshots/mobileWeb/hbi/Fixed Cash Benefit/20190311_180703/0.png]]

2019-03-11 18:07:11 - [TEST_STEP][PASSED] - (internal.GlobalVariable.i++): null

2019-03-11 18:07:11 - [MESSAGE][PASSED] - Call Test Case 'Test Cases/mobileWeb/_include/get_screenshot' successfully

2019-03-11 18:07:11 - [MESSAGE][PASSED] - Call Test Case 'Test Cases/mobileWeb/_include/openWebSite' successfully

2019-03-11 18:07:11 - [TEST_STEP][PASSED] - callTestCase(findTestCase("mobileWeb/_include/census_hbi"), ["zipcode":"72209"], CONTINUE_ON_FAILURE): Call Test Case 'Test Cases/mobileWeb/_include/census_hbi' successfully

2019-03-11 18:07:11 - [TEST_CASE][PASSED] - Test Cases/mobileWeb/_include/census_hbi: Test Cases/mobileWeb/_include/census_hbi

2019-03-11 18:07:11 - [TEST_STEP][PASSED] - click(findTestObject("mobileSanity/Common/side_nav/menu")): Object: 'Object Repository/mobileSanity/Common/side_nav/menu' is clicked on

2019-03-11 18:07:12 - [MESSAGE][PASSED] - Object: 'Object Repository/mobileSanity/Common/side_nav/menu' is clicked on

2019-03-11 18:07:12 - [TEST_STEP][PASSED] - Thread.sleep(3000): null

2019-03-11 18:07:15 - [TEST_STEP][PASSED] - click(findTestObject("mobileSanity/Common/side_nav/nav_hbi")): Object: 'Object Repository/mobileSanity/Common/side_nav/nav_hbi' is clicked on

2019-03-11 18:07:18 - [MESSAGE][PASSED] - Object: 'Object Repository/mobileSanity/Common/side_nav/nav_hbi' is clicked on

2019-03-11 18:07:18 - [TEST_STEP][PASSED] - waitForPageLoad(10): Wait for page load successfully

2019-03-11 18:07:18 - [MESSAGE][PASSED] - Wait for page load successfully

2019-03-11 18:07:18 - [TEST_STEP][PASSED] - callTestCase(findTestCase("mobileWeb/_include/get_screenshot"), [:], STOP_ON_FAILURE): Call Test Case 'Test Cases/mobileWeb/_include/get_screenshot' successfully

2019-03-11 18:07:19 - [TEST_CASE][PASSED] - Test Cases/mobileWeb/_include/get_screenshot: Test Cases/mobileWeb/_include/get_screenshot

2019-03-11 18:07:19 - [TEST_STEP][PASSED] - takeScreenshot(screenPath + i + ".png"): Taking screenshot successfully

2019-03-11 18:07:19 - [MESSAGE][PASSED] - Taking screenshot successfully
[[ATTACHMENT|../Screenshots/mobileWeb/hbi/Fixed Cash Benefit/20190311_180703/1.png]]

2019-03-11 18:07:19 - [TEST_STEP][PASSED] - (internal.GlobalVariable.i++): null

2019-03-11 18:07:19 - [MESSAGE][PASSED] - Call Test Case 'Test Cases/mobileWeb/_include/get_screenshot' successfully

2019-03-11 18:07:19 - [TEST_STEP][PASSED] - setText(findTestObject("mobileSanity/HBI/census/input_Location_zip-input"), zipcode): Text '72209' is set on object 'Object Repository/mobileSanity/HBI/census/input_Location_zip-input'

2019-03-11 18:07:20 - [MESSAGE][PASSED] - Text '72209' is set on object 'Object Repository/mobileSanity/HBI/census/input_Location_zip-input'

2019-03-11 18:07:20 - [TEST_STEP][PASSED] - Thread.sleep(500): null

2019-03-11 18:07:20 - [TEST_STEP][PASSED] - setText(findTestObject("mobileSanity/HBI/census/input_Date of Birth_dob-0"), "12/12/1980"): Text '12/12/1980' is set on object 'Object Repository/mobileSanity/HBI/census/input_Date of Birth_dob-0'

2019-03-11 18:07:20 - [MESSAGE][PASSED] - Text '12/12/1980' is set on object 'Object Repository/mobileSanity/HBI/census/input_Date of Birth_dob-0'

2019-03-11 18:07:20 - [TEST_STEP][PASSED] - click(findTestObject("mobileSanity/HBI/census/label_Male")): Object: 'Object Repository/mobileSanity/HBI/census/label_Male' is clicked on

2019-03-11 18:07:20 - [MESSAGE][PASSED] - Object: 'Object Repository/mobileSanity/HBI/census/label_Male' is clicked on

2019-03-11 18:07:20 - [TEST_STEP][PASSED] - click(findTestObject("mobileSanity/HBI/census/label_Get a Quote")): Object: 'Object Repository/mobileSanity/HBI/census/label_Get a Quote' is clicked on

2019-03-11 18:07:20 - [MESSAGE][PASSED] - Object: 'Object Repository/mobileSanity/HBI/census/label_Get a Quote' is clicked on

2019-03-11 18:07:20 - [TEST_STEP][PASSED] - waitForPageLoad(10): Wait for page load successfully

2019-03-11 18:07:20 - [MESSAGE][PASSED] - Wait for page load successfully

2019-03-11 18:07:20 - [TEST_STEP][PASSED] - callTestCase(findTestCase("mobileWeb/_include/get_screenshot"), [:], STOP_ON_FAILURE): Call Test Case 'Test Cases/mobileWeb/_include/get_screenshot' successfully

2019-03-11 18:07:21 - [TEST_CASE][PASSED] - Test Cases/mobileWeb/_include/get_screenshot: Test Cases/mobileWeb/_include/get_screenshot

2019-03-11 18:07:21 - [TEST_STEP][PASSED] - takeScreenshot(screenPath + i + ".png"): Taking screenshot successfully

2019-03-11 18:07:29 - [MESSAGE][PASSED] - Taking screenshot successfully
[[ATTACHMENT|../Screenshots/mobileWeb/hbi/Fixed Cash Benefit/20190311_180703/2.png]]

2019-03-11 18:07:29 - [TEST_STEP][PASSED] - (internal.GlobalVariable.i++): null

2019-03-11 18:07:29 - [MESSAGE][PASSED] - Call Test Case 'Test Cases/mobileWeb/_include/get_screenshot' successfully

2019-03-11 18:07:29 - [MESSAGE][PASSED] - Call Test Case 'Test Cases/mobileWeb/_include/census_hbi' successfully

2019-03-11 18:07:29 - [TEST_STEP][PASSED] - Thread.sleep(5000): null

2019-03-11 18:07:34 - [TEST_STEP][PASSED] - scrollToPosition(200, 2300): Browser is scrolled to position x = 200, y = 2300

2019-03-11 18:07:34 - [MESSAGE][PASSED] - Browser is scrolled to position x = 200, y = 2300

2019-03-11 18:07:34 - [TEST_STEP][PASSED] - click(findTestObject("mobileSanity/HBI/quote/a_Fixed Cash Benefit")): Object: 'Object Repository/mobileSanity/HBI/quote/a_Fixed Cash Benefit' is clicked on

2019-03-11 18:07:40 - [MESSAGE][PASSED] - Object: 'Object Repository/mobileSanity/HBI/quote/a_Fixed Cash Benefit' is clicked on

2019-03-11 18:07:40 - [TEST_STEP][PASSED] - waitForPageLoad(10): Wait for page load successfully

2019-03-11 18:07:40 - [MESSAGE][PASSED] - Wait for page load successfully

2019-03-11 18:07:40 - [TEST_STEP][PASSED] - callTestCase(findTestCase("mobileWeb/_include/get_screenshot"), [:], STOP_ON_FAILURE): Call Test Case 'Test Cases/mobileWeb/_include/get_screenshot' successfully

2019-03-11 18:07:40 - [TEST_CASE][PASSED] - Test Cases/mobileWeb/_include/get_screenshot: Test Cases/mobileWeb/_include/get_screenshot

2019-03-11 18:07:40 - [TEST_STEP][PASSED] - takeScreenshot(screenPath + i + ".png"): Taking screenshot successfully

2019-03-11 18:07:41 - [MESSAGE][PASSED] - Taking screenshot successfully
[[ATTACHMENT|../Screenshots/mobileWeb/hbi/Fixed Cash Benefit/20190311_180703/3.png]]

2019-03-11 18:07:41 - [TEST_STEP][PASSED] - (internal.GlobalVariable.i++): null

2019-03-11 18:07:41 - [MESSAGE][PASSED] - Call Test Case 'Test Cases/mobileWeb/_include/get_screenshot' successfully

2019-03-11 18:07:41 - [TEST_STEP][PASSED] - click(findTestObject("mobileSanity/HBI/detail/a_Apply for This Plan")): Object: 'Object Repository/mobileSanity/HBI/detail/a_Apply for This Plan' is clicked on

2019-03-11 18:07:44 - [MESSAGE][PASSED] - Object: 'Object Repository/mobileSanity/HBI/detail/a_Apply for This Plan' is clicked on

2019-03-11 18:07:44 - [TEST_STEP][PASSED] - waitForPageLoad(10): Wait for page load successfully

2019-03-11 18:07:44 - [MESSAGE][PASSED] - Wait for page load successfully

2019-03-11 18:07:44 - [TEST_STEP][PASSED] - callTestCase(findTestCase("mobileWeb/_include/get_screenshot"), [:], STOP_ON_FAILURE): Call Test Case 'Test Cases/mobileWeb/_include/get_screenshot' successfully

2019-03-11 18:07:44 - [TEST_CASE][PASSED] - Test Cases/mobileWeb/_include/get_screenshot: Test Cases/mobileWeb/_include/get_screenshot

2019-03-11 18:07:44 - [TEST_STEP][PASSED] - takeScreenshot(screenPath + i + ".png"): Taking screenshot successfully

2019-03-11 18:08:05 - [MESSAGE][PASSED] - Taking screenshot successfully
[[ATTACHMENT|../Screenshots/mobileWeb/hbi/Fixed Cash Benefit/20190311_180703/4.png]]

2019-03-11 18:08:05 - [TEST_STEP][PASSED] - (internal.GlobalVariable.i++): null

2019-03-11 18:08:05 - [MESSAGE][PASSED] - Call Test Case 'Test Cases/mobileWeb/_include/get_screenshot' successfully

2019-03-11 18:08:05 - [TEST_STEP][PASSED] - click(findTestObject("mobileSanity/HBI/Page_Apply/span_Start Secure Application")): Object: 'Object Repository/mobileSanity/HBI/Page_Apply/span_Start Secure Application' is clicked on

2019-03-11 18:08:08 - [MESSAGE][PASSED] - Object: 'Object Repository/mobileSanity/HBI/Page_Apply/span_Start Secure Application' is clicked on

2019-03-11 18:08:08 - [TEST_STEP][PASSED] - waitForPageLoad(10): Wait for page load successfully

2019-03-11 18:08:08 - [MESSAGE][PASSED] - Wait for page load successfully

2019-03-11 18:08:08 - [TEST_STEP][PASSED] - callTestCase(findTestCase("mobileWeb/_include/get_screenshot"), [:], STOP_ON_FAILURE): Call Test Case 'Test Cases/mobileWeb/_include/get_screenshot' successfully

2019-03-11 18:08:08 - [TEST_CASE][PASSED] - Test Cases/mobileWeb/_include/get_screenshot: Test Cases/mobileWeb/_include/get_screenshot

2019-03-11 18:08:08 - [TEST_STEP][PASSED] - takeScreenshot(screenPath + i + ".png"): Taking screenshot successfully

2019-03-11 18:08:09 - [MESSAGE][PASSED] - Taking screenshot successfully
[[ATTACHMENT|../Screenshots/mobileWeb/hbi/Fixed Cash Benefit/20190311_180703/5.png]]

2019-03-11 18:08:09 - [TEST_STEP][PASSED] - (internal.GlobalVariable.i++): null

2019-03-11 18:08:09 - [MESSAGE][PASSED] - Call Test Case 'Test Cases/mobileWeb/_include/get_screenshot' successfully

2019-03-11 18:08:09 - [TEST_STEP][FAILED] - callTestCase(findTestCase("mobileWeb/_include/goToEnd_hbi"), ["carrier":"FixedCashBenefit"], CONTINUE_ON_FAILURE): callTestCase(findTestCase("mobileWeb/_include/goToEnd_hbi"), ["carrier":"FixedCashBenefit"], CONTINUE_ON_FAILURE) FAILED.
Reason:
com.kms.katalon.core.exception.StepFailedException: Unable to click on object 'Object Repository/mobileSanity/HBI/Page_App Page 3/label' (Root cause: org.openqa.selenium.WebDriverException: unknown error: Element <label for="consent-checkbox-0"></label> is not clickable at point (71, 12). Other element would receive the click: <div class="col-md-11 terms-cell" id="consent-checkbox-0-label">...</div>
  (Session info: chrome=72.0.3626.121)
  (Driver info: chromedriver=2.43.600229 (3fae4d0cda5334b4f533bede5a4787f7b832d052),platform=Mac OS X 10.14.2 x86_64) (WARNING: The server did not provide any stacktrace information)
Command duration or timeout: 0 milliseconds
Build info: version: '3.7.1', revision: '8a0099a', time: '2017-11-06T21:07:36.161Z'
System info: host: 'Deniss-MacBook-Pro.local', ip: 'fe80:0:0:0:18db:5ed3:b3d6:93e7%en0', os.name: 'Mac OS X', os.arch: 'x86_64', os.version: '10.14.2', java.version: '1.8.0_181'
Driver info: com.kms.katalon.selenium.driver.CChromeDriver
Capabilities {acceptInsecureCerts: false, acceptSslCerts: false, applicationCacheEnabled: false, browserConnectionEnabled: false, browserName: chrome, chrome: {chromedriverVersion: 2.43.600229 (3fae4d0cda5334..., userDataDir: /var/folders/95/4qsvf70n5s5...}, cssSelectorsEnabled: true, databaseEnabled: false, goog:chromeOptions: {debuggerAddress: localhost:59526}, handlesAlerts: true, hasTouchScreen: true, javascriptEnabled: true, locationContextEnabled: true, mobileEmulationEnabled: true, nativeEvents: true, networkConnectionEnabled: false, pageLoadStrategy: normal, platform: MAC, platformName: MAC, rotatable: false, setWindowRect: true, takesHeapSnapshot: true, takesScreenshot: true, unexpectedAlertBehaviour: , unhandledPromptBehavior: , version: 72.0.3626.121, webStorageEnabled: true}
Session ID: 6ed68fa1e07e7cabfaae7fcd7ab94918)
	at com.kms.katalon.core.keyword.internal.KeywordMain.stepFailed(KeywordMain.groovy:36)
	at com.kms.katalon.core.webui.keyword.internal.WebUIKeywordMain.stepFailed(WebUIKeywordMain.groovy:65)
	at com.kms.katalon.core.webui.keyword.internal.WebUIKeywordMain.runKeyword(WebUIKeywordMain.groovy:27)
	at com.kms.katalon.core.webui.keyword.builtin.ClickKeyword.click(ClickKeyword.groovy:86)
	at com.kms.katalon.core.webui.keyword.builtin.ClickKeyword.execute(ClickKeyword.groovy:67)
	at com.kms.katalon.core.keyword.internal.KeywordExecutor.executeKeywordForPlatform(KeywordExecutor.groovy:53)
	at com.kms.katalon.core.webui.keyword.WebUiBuiltInKeywords.click(WebUiBuiltInKeywords.groovy:616)
	at com.kms.katalon.core.webui.keyword.WebUiBuiltInKeywords$click$3.call(Unknown Source)
	at goToEnd_hbi.run(goToEnd_hbi:85)
	at com.kms.katalon.core.main.ScriptEngine.run(ScriptEngine.java:194)
	at com.kms.katalon.core.main.ScriptEngine.runScriptAsRawText(ScriptEngine.java:119)
	at com.kms.katalon.core.main.TestCaseExecutor.runScript(TestCaseExecutor.java:328)
	at com.kms.katalon.core.main.TestCaseExecutor.doExecute(TestCaseExecutor.java:319)
	at com.kms.katalon.core.main.TestCaseExecutor.processExecutionPhase(TestCaseExecutor.java:298)
	at com.kms.katalon.core.main.TestCaseExecutor.accessMainPhase(TestCaseExecutor.java:290)
	at com.kms.katalon.core.main.TestCaseExecutor.execute(TestCaseExecutor.java:224)
	at com.kms.katalon.core.main.TestCaseMain.runTestCase(TestCaseMain.java:106)
	at com.kms.katalon.core.keyword.builtin.CallTestCaseKeyword$_callTestCase_closure1.doCall(CallTestCaseKeyword.groovy:59)
	at com.kms.katalon.core.keyword.builtin.CallTestCaseKeyword$_callTestCase_closure1.call(CallTestCaseKeyword.groovy)
	at com.kms.katalon.core.keyword.internal.KeywordMain.runKeyword(KeywordMain.groovy:54)
	at com.kms.katalon.core.keyword.builtin.CallTestCaseKeyword.callTestCase(CallTestCaseKeyword.groovy:80)
	at com.kms.katalon.core.keyword.builtin.CallTestCaseKeyword.execute(CallTestCaseKeyword.groovy:44)
	at com.kms.katalon.core.keyword.internal.KeywordExecutor.executeKeywordForPlatform(KeywordExecutor.groovy:53)
	at com.kms.katalon.core.keyword.BuiltinKeywords.callTestCase(BuiltinKeywords.groovy:334)
	at Fixed Cash Benefit.run(Fixed Cash Benefit:49)
	at com.kms.katalon.core.main.ScriptEngine.run(ScriptEngine.java:194)
	at com.kms.katalon.core.main.ScriptEngine.runScriptAsRawText(ScriptEngine.java:119)
	at com.kms.katalon.core.main.TestCaseExecutor.runScript(TestCaseExecutor.java:328)
	at com.kms.katalon.core.main.TestCaseExecutor.doExecute(TestCaseExecutor.java:319)
	at com.kms.katalon.core.main.TestCaseExecutor.processExecutionPhase(TestCaseExecutor.java:298)
	at com.kms.katalon.core.main.TestCaseExecutor.accessMainPhase(TestCaseExecutor.java:290)
	at com.kms.katalon.core.main.TestCaseExecutor.execute(TestCaseExecutor.java:224)
	at com.kms.katalon.core.main.TestSuiteExecutor.accessTestCaseMainPhase(TestSuiteExecutor.java:129)
	at com.kms.katalon.core.main.TestSuiteExecutor.accessTestSuiteMainPhase(TestSuiteExecutor.java:112)
	at com.kms.katalon.core.main.TestSuiteExecutor.execute(TestSuiteExecutor.java:81)
	at com.kms.katalon.core.main.TestCaseMain.startTestSuite(TestCaseMain.java:149)
	at com.kms.katalon.core.main.TestCaseMain$startTestSuite$0.call(Unknown Source)
	at TempTestSuite1552298249283.run(TempTestSuite1552298249283.groovy:36)


2019-03-11 18:08:09 - [TEST_CASE][FAILED] - Test Cases/mobileWeb/_include/goToEnd_hbi: Test Cases/mobileWeb/_include/goToEnd_hbi FAILED.
Reason:
com.kms.katalon.core.exception.StepFailedException: Unable to click on object 'Object Repository/mobileSanity/HBI/Page_App Page 3/label' (Root cause: org.openqa.selenium.WebDriverException: unknown error: Element <label for="consent-checkbox-0"></label> is not clickable at point (71, 12). Other element would receive the click: <div class="col-md-11 terms-cell" id="consent-checkbox-0-label">...</div>
  (Session info: chrome=72.0.3626.121)
  (Driver info: chromedriver=2.43.600229 (3fae4d0cda5334b4f533bede5a4787f7b832d052),platform=Mac OS X 10.14.2 x86_64) (WARNING: The server did not provide any stacktrace information)
Command duration or timeout: 0 milliseconds
Build info: version: '3.7.1', revision: '8a0099a', time: '2017-11-06T21:07:36.161Z'
System info: host: 'Deniss-MacBook-Pro.local', ip: 'fe80:0:0:0:18db:5ed3:b3d6:93e7%en0', os.name: 'Mac OS X', os.arch: 'x86_64', os.version: '10.14.2', java.version: '1.8.0_181'
Driver info: com.kms.katalon.selenium.driver.CChromeDriver
Capabilities {acceptInsecureCerts: false, acceptSslCerts: false, applicationCacheEnabled: false, browserConnectionEnabled: false, browserName: chrome, chrome: {chromedriverVersion: 2.43.600229 (3fae4d0cda5334..., userDataDir: /var/folders/95/4qsvf70n5s5...}, cssSelectorsEnabled: true, databaseEnabled: false, goog:chromeOptions: {debuggerAddress: localhost:59526}, handlesAlerts: true, hasTouchScreen: true, javascriptEnabled: true, locationContextEnabled: true, mobileEmulationEnabled: true, nativeEvents: true, networkConnectionEnabled: false, pageLoadStrategy: normal, platform: MAC, platformName: MAC, rotatable: false, setWindowRect: true, takesHeapSnapshot: true, takesScreenshot: true, unexpectedAlertBehaviour: , unhandledPromptBehavior: , version: 72.0.3626.121, webStorageEnabled: true}
Session ID: 6ed68fa1e07e7cabfaae7fcd7ab94918)
	at com.kms.katalon.core.keyword.internal.KeywordMain.stepFailed(KeywordMain.groovy:36)
	at com.kms.katalon.core.webui.keyword.internal.WebUIKeywordMain.stepFailed(WebUIKeywordMain.groovy:65)
	at com.kms.katalon.core.webui.keyword.internal.WebUIKeywordMain.runKeyword(WebUIKeywordMain.groovy:27)
	at com.kms.katalon.core.webui.keyword.builtin.ClickKeyword.click(ClickKeyword.groovy:86)
	at com.kms.katalon.core.webui.keyword.builtin.ClickKeyword.execute(ClickKeyword.groovy:67)
	at com.kms.katalon.core.keyword.internal.KeywordExecutor.executeKeywordForPlatform(KeywordExecutor.groovy:53)
	at com.kms.katalon.core.webui.keyword.WebUiBuiltInKeywords.click(WebUiBuiltInKeywords.groovy:616)
	at com.kms.katalon.core.webui.keyword.WebUiBuiltInKeywords$click$3.call(Unknown Source)
	at goToEnd_hbi.run(goToEnd_hbi:85)
	at com.kms.katalon.core.main.ScriptEngine.run(ScriptEngine.java:194)
	at com.kms.katalon.core.main.ScriptEngine.runScriptAsRawText(ScriptEngine.java:119)
	at com.kms.katalon.core.main.TestCaseExecutor.runScript(TestCaseExecutor.java:328)
	at com.kms.katalon.core.main.TestCaseExecutor.doExecute(TestCaseExecutor.java:319)
	at com.kms.katalon.core.main.TestCaseExecutor.processExecutionPhase(TestCaseExecutor.java:298)
	at com.kms.katalon.core.main.TestCaseExecutor.accessMainPhase(TestCaseExecutor.java:290)
	at com.kms.katalon.core.main.TestCaseExecutor.execute(TestCaseExecutor.java:224)
	at com.kms.katalon.core.main.TestCaseMain.runTestCase(TestCaseMain.java:106)
	at com.kms.katalon.core.keyword.builtin.CallTestCaseKeyword$_callTestCase_closure1.doCall(CallTestCaseKeyword.groovy:59)
	at com.kms.katalon.core.keyword.builtin.CallTestCaseKeyword$_callTestCase_closure1.call(CallTestCaseKeyword.groovy)
	at com.kms.katalon.core.keyword.internal.KeywordMain.runKeyword(KeywordMain.groovy:54)
	at com.kms.katalon.core.keyword.builtin.CallTestCaseKeyword.callTestCase(CallTestCaseKeyword.groovy:80)
	at com.kms.katalon.core.keyword.builtin.CallTestCaseKeyword.execute(CallTestCaseKeyword.groovy:44)
	at com.kms.katalon.core.keyword.internal.KeywordExecutor.executeKeywordForPlatform(KeywordExecutor.groovy:53)
	at com.kms.katalon.core.keyword.BuiltinKeywords.callTestCase(BuiltinKeywords.groovy:334)
	at Fixed Cash Benefit.run(Fixed Cash Benefit:49)
	at com.kms.katalon.core.main.ScriptEngine.run(ScriptEngine.java:194)
	at com.kms.katalon.core.main.ScriptEngine.runScriptAsRawText(ScriptEngine.java:119)
	at com.kms.katalon.core.main.TestCaseExecutor.runScript(TestCaseExecutor.java:328)
	at com.kms.katalon.core.main.TestCaseExecutor.doExecute(TestCaseExecutor.java:319)
	at com.kms.katalon.core.main.TestCaseExecutor.processExecutionPhase(TestCaseExecutor.java:298)
	at com.kms.katalon.core.main.TestCaseExecutor.accessMainPhase(TestCaseExecutor.java:290)
	at com.kms.katalon.core.main.TestCaseExecutor.execute(TestCaseExecutor.java:224)
	at com.kms.katalon.core.main.TestSuiteExecutor.accessTestCaseMainPhase(TestSuiteExecutor.java:129)
	at com.kms.katalon.core.main.TestSuiteExecutor.accessTestSuiteMainPhase(TestSuiteExecutor.java:112)
	at com.kms.katalon.core.main.TestSuiteExecutor.execute(TestSuiteExecutor.java:81)
	at com.kms.katalon.core.main.TestCaseMain.startTestSuite(TestCaseMain.java:149)
	at com.kms.katalon.core.main.TestCaseMain$startTestSuite$0.call(Unknown Source)
	at TempTestSuite1552298249283.run(TempTestSuite1552298249283.groovy:36)


2019-03-11 18:08:09 - [TEST_STEP][PASSED] - callTestCase(findTestCase("mobileWeb/_include/name"), [:], CONTINUE_ON_FAILURE): Call Test Case 'Test Cases/mobileWeb/_include/name' successfully

2019-03-11 18:08:09 - [TEST_CASE][PASSED] - Test Cases/mobileWeb/_include/name: Test Cases/mobileWeb/_include/name

2019-03-11 18:08:09 - [TEST_STEP][PASSED] - driver = getWebDriver(): null

2019-03-11 18:08:09 - [TEST_STEP][PASSED] - selenium = new com.thoughtworks.selenium.webdriven.WebDriverBackedSelenium(driver, internal.GlobalVariable.ENV): null

2019-03-11 18:08:10 - [TEST_STEP][PASSED] - FirstName = "Test-123": null

2019-03-11 18:08:10 - [TEST_STEP][PASSED] - LastName = selenium.getEval("{var x="ABCDEFGHIJKLMNOPQRSTUVWXYZabcdefghijklmnopqrstuvwxyz"; var tmp="ZZ11-"; for (i=0;i<8;i++) tmp+=x.charAt(Math.ceil(51*Math.random()));tmp;}"): null

2019-03-11 18:08:10 - [TEST_STEP][PASSED] - Address = selenium.getEval("{var x="ABCDEFGHIJKLMNOPQRSTUVWXYZabcdefghijklmnopqrstuvwxyz"; var tmp=""; for (i=0;i<8;i++) tmp+=x.charAt(Math.ceil(51*Math.random()));tmp;}"): null

2019-03-11 18:08:10 - [TEST_STEP][PASSED] - City = selenium.getEval("{var x="ABCDEFGHIJKLMNOPQRSTUVWXYZabcdefghijklmnopqrstuvwxyz"; var tmp=""; for (i=0;i<8;i++) tmp+=x.charAt(Math.ceil(51*Math.random()));tmp;}"): null

2019-03-11 18:08:10 - [TEST_STEP][PASSED] - tel1 = selenium.getEval("{var x="123456789"; var tmp=""; for (i=0;i<3;i++) tmp+=x.charAt(Math.ceil(8*Math.random()));tmp;}"): null

2019-03-11 18:08:10 - [TEST_STEP][PASSED] - tel2 = selenium.getEval("{var x="123456789"; var tmp=""; for (i=0;i<3;i++) tmp+=x.charAt(Math.ceil(8*Math.random()));tmp;}"): null

2019-03-11 18:08:10 - [TEST_STEP][PASSED] - tel3 = selenium.getEval("{var x="123456789"; var tmp=""; for (i=0;i<4;i++) tmp+=x.charAt(Math.ceil(8*Math.random()));tmp;}"): null

2019-03-11 18:08:10 - [TEST_STEP][PASSED] - Tel = selenium.getExpression(tel1 + "-" + tel2 + "-" + tel3): null

2019-03-11 18:08:10 - [TEST_STEP][PASSED] - AutoEmail = selenium.getEval("{var x="ABCDEFGHIJKLMNOPQRSTUVWXYZabcdefghijklmnopqrstuvwxyz"; var tmp="test."; for (i=0;i<8;i++) tmp+=x.charAt(Math.ceil(51*Math.random()));tmp+="@suryani.cn";}"): null

2019-03-11 18:08:10 - [TEST_STEP][PASSED] - FirstName = FirstName: null

2019-03-11 18:08:10 - [TEST_STEP][PASSED] - LastName = LastName: null

2019-03-11 18:08:10 - [TEST_STEP][PASSED] - Address = Address: null

2019-03-11 18:08:10 - [TEST_STEP][PASSED] - City = City: null

2019-03-11 18:08:10 - [TEST_STEP][PASSED] - Tel = Tel: null

2019-03-11 18:08:10 - [TEST_STEP][PASSED] - AutoEmail = AutoEmail: null

2019-03-11 18:08:10 - [TEST_STEP][PASSED] - println(FirstName): null

2019-03-11 18:08:10 - [TEST_STEP][PASSED] - println(LastName): null

2019-03-11 18:08:10 - [TEST_STEP][PASSED] - println(Address): null

2019-03-11 18:08:10 - [TEST_STEP][PASSED] - println(City): null

2019-03-11 18:08:10 - [TEST_STEP][PASSED] - println(Tel): null

2019-03-11 18:08:10 - [TEST_STEP][PASSED] - println(AutoEmail): null

2019-03-11 18:08:10 - [MESSAGE][PASSED] - Call Test Case 'Test Cases/mobileWeb/_include/name' successfully

2019-03-11 18:08:10 - [TEST_STEP][PASSED] - setText(findTestObject("mobileSanity/HBI/Page_App Page 1/input__member-P-1-firstName"), FirstName): Text 'Test-123' is set on object 'Object Repository/mobileSanity/HBI/Page_App Page 1/input__member-P-1-firstName'

2019-03-11 18:08:11 - [MESSAGE][PASSED] - Text 'Test-123' is set on object 'Object Repository/mobileSanity/HBI/Page_App Page 1/input__member-P-1-firstName'

2019-03-11 18:08:11 - [TEST_STEP][PASSED] - setText(findTestObject("mobileSanity/HBI/Page_App Page 1/input__member-P-1-lastName"), LastName): Text 'ZZ11-vXZLGTpL' is set on object 'Object Repository/mobileSanity/HBI/Page_App Page 1/input__member-P-1-lastName'

2019-03-11 18:08:11 - [MESSAGE][PASSED] - Text 'ZZ11-vXZLGTpL' is set on object 'Object Repository/mobileSanity/HBI/Page_App Page 1/input__member-P-1-lastName'

2019-03-11 18:08:11 - [TEST_STEP][PASSED] - if (carrier == "agileone" || carrier == "agilesecure"): null

2019-03-11 18:08:11 - [TEST_STEP][PASSED] - setText(findTestObject("mobileSanity/HBI/Page_App Page 1/input__address"), Address): Text 'DmeLdhjY' is set on object 'Object Repository/mobileSanity/HBI/Page_App Page 1/input__address'

2019-03-11 18:08:11 - [MESSAGE][PASSED] - Text 'DmeLdhjY' is set on object 'Object Repository/mobileSanity/HBI/Page_App Page 1/input__address'

2019-03-11 18:08:11 - [TEST_STEP][PASSED] - setText(findTestObject("mobileSanity/HBI/Page_App Page 1/input__city"), City): Text 'lSLLkdxb' is set on object 'Object Repository/mobileSanity/HBI/Page_App Page 1/input__city'

2019-03-11 18:08:11 - [MESSAGE][PASSED] - Text 'lSLLkdxb' is set on object 'Object Repository/mobileSanity/HBI/Page_App Page 1/input__city'

2019-03-11 18:08:11 - [TEST_STEP][PASSED] - setText(findTestObject("mobileSanity/HBI/Page_App Page 1/input__email"), AutoEmail): Text 'test.RevhIuuY@suryani.cn' is set on object 'Object Repository/mobileSanity/HBI/Page_App Page 1/input__email'

2019-03-11 18:08:12 - [MESSAGE][PASSED] - Text 'test.RevhIuuY@suryani.cn' is set on object 'Object Repository/mobileSanity/HBI/Page_App Page 1/input__email'

2019-03-11 18:08:12 - [TEST_STEP][PASSED] - setText(findTestObject("mobileSanity/HBI/Page_App Page 1/input_tel"), Tel): Text '987-395-4498' is set on object 'Object Repository/mobileSanity/HBI/Page_App Page 1/input_tel'

2019-03-11 18:08:12 - [MESSAGE][PASSED] - Text '987-395-4498' is set on object 'Object Repository/mobileSanity/HBI/Page_App Page 1/input_tel'

2019-03-11 18:08:12 - [TEST_STEP][PASSED] - click(findTestObject("mobileSanity/HBI/Page_App Page 1/a_Continue to Step 2 - Payment")): Object: 'Object Repository/mobileSanity/HBI/Page_App Page 1/a_Continue to Step 2 - Payment' is clicked on

2019-03-11 18:08:12 - [MESSAGE][PASSED] - Object: 'Object Repository/mobileSanity/HBI/Page_App Page 1/a_Continue to Step 2 - Payment' is clicked on

2019-03-11 18:08:12 - [TEST_STEP][PASSED] - waitForPageLoad(10): Wait for page load successfully

2019-03-11 18:08:12 - [MESSAGE][PASSED] - Wait for page load successfully

2019-03-11 18:08:12 - [TEST_STEP][PASSED] - callTestCase(findTestCase("mobileWeb/_include/get_screenshot"), [:], STOP_ON_FAILURE): Call Test Case 'Test Cases/mobileWeb/_include/get_screenshot' successfully

2019-03-11 18:08:12 - [TEST_CASE][PASSED] - Test Cases/mobileWeb/_include/get_screenshot: Test Cases/mobileWeb/_include/get_screenshot

2019-03-11 18:08:12 - [TEST_STEP][PASSED] - takeScreenshot(screenPath + i + ".png"): Taking screenshot successfully

2019-03-11 18:08:12 - [MESSAGE][PASSED] - Taking screenshot successfully
[[ATTACHMENT|../Screenshots/mobileWeb/hbi/Fixed Cash Benefit/20190311_180703/6.png]]

2019-03-11 18:08:12 - [TEST_STEP][PASSED] - (internal.GlobalVariable.i++): null

2019-03-11 18:08:12 - [MESSAGE][PASSED] - Call Test Case 'Test Cases/mobileWeb/_include/get_screenshot' successfully

2019-03-11 18:08:12 - [TEST_STEP][PASSED] - setText(findTestObject("mobileSanity/HBI/Page_App Page 2/input__credit-card-first"), FirstName): Text 'Test-123' is set on object 'Object Repository/mobileSanity/HBI/Page_App Page 2/input__credit-card-first'

2019-03-11 18:08:13 - [MESSAGE][PASSED] - Text 'Test-123' is set on object 'Object Repository/mobileSanity/HBI/Page_App Page 2/input__credit-card-first'

2019-03-11 18:08:13 - [TEST_STEP][PASSED] - setText(findTestObject("mobileSanity/HBI/Page_App Page 2/input__credit-card-last"), LastName): Text 'ZZ11-vXZLGTpL' is set on object 'Object Repository/mobileSanity/HBI/Page_App Page 2/input__credit-card-last'

2019-03-11 18:08:13 - [MESSAGE][PASSED] - Text 'ZZ11-vXZLGTpL' is set on object 'Object Repository/mobileSanity/HBI/Page_App Page 2/input__credit-card-last'

2019-03-11 18:08:13 - [TEST_STEP][PASSED] - selectOptionByValue(findTestObject("mobileSanity/HBI/Page_App Page 2/select_MM010203040506070809101"), "12", true): All options with value '12' are selected in object 'Object Repository/mobileSanity/HBI/Page_App Page 2/select_MM010203040506070809101'  using regular expression

2019-03-11 18:08:14 - [MESSAGE][PASSED] - All options with value '12' are selected in object 'Object Repository/mobileSanity/HBI/Page_App Page 2/select_MM010203040506070809101'  using regular expression

2019-03-11 18:08:14 - [TEST_STEP][PASSED] - selectOptionByValue(findTestObject("mobileSanity/HBI/Page_App Page 2/select_YYYY2019202020212022202"), "2026", true): All options with value '2026' are selected in object 'Object Repository/mobileSanity/HBI/Page_App Page 2/select_YYYY2019202020212022202'  using regular expression

2019-03-11 18:08:14 - [MESSAGE][PASSED] - All options with value '2026' are selected in object 'Object Repository/mobileSanity/HBI/Page_App Page 2/select_YYYY2019202020212022202'  using regular expression

2019-03-11 18:08:14 - [TEST_STEP][PASSED] - setText(findTestObject("mobileSanity/HBI/Page_App Page 2/input__credit-card-number"), "4111111111111111"): Text '4111111111111111' is set on object 'Object Repository/mobileSanity/HBI/Page_App Page 2/input__credit-card-number'

2019-03-11 18:08:14 - [MESSAGE][PASSED] - Text '4111111111111111' is set on object 'Object Repository/mobileSanity/HBI/Page_App Page 2/input__credit-card-number'

2019-03-11 18:08:14 - [TEST_STEP][PASSED] - setText(findTestObject("mobileSanity/HBI/Page_App Page 2/input__cvv"), "123"): Text '123' is set on object 'Object Repository/mobileSanity/HBI/Page_App Page 2/input__cvv'

2019-03-11 18:08:14 - [MESSAGE][PASSED] - Text '123' is set on object 'Object Repository/mobileSanity/HBI/Page_App Page 2/input__cvv'

2019-03-11 18:08:14 - [TEST_STEP][PASSED] - click(findTestObject("mobileSanity/HBI/Page_App Page 2/label_My billing address is th")): Object: 'Object Repository/mobileSanity/HBI/Page_App Page 2/label_My billing address is th' is clicked on

2019-03-11 18:08:14 - [MESSAGE][PASSED] - Object: 'Object Repository/mobileSanity/HBI/Page_App Page 2/label_My billing address is th' is clicked on

2019-03-11 18:08:14 - [TEST_STEP][PASSED] - click(findTestObject("mobileSanity/HBI/Page_App Page 2/label_I Accept Authorization f")): Object: 'Object Repository/mobileSanity/HBI/Page_App Page 2/label_I Accept Authorization f' is clicked on

2019-03-11 18:08:14 - [MESSAGE][PASSED] - Object: 'Object Repository/mobileSanity/HBI/Page_App Page 2/label_I Accept Authorization f' is clicked on

2019-03-11 18:08:14 - [TEST_STEP][PASSED] - click(findTestObject("mobileSanity/HBI/Page_App Page 2/a_Continue to Step 3 - Review")): Object: 'Object Repository/mobileSanity/HBI/Page_App Page 2/a_Continue to Step 3 - Review' is clicked on

2019-03-11 18:08:15 - [MESSAGE][PASSED] - Object: 'Object Repository/mobileSanity/HBI/Page_App Page 2/a_Continue to Step 3 - Review' is clicked on

2019-03-11 18:08:15 - [TEST_STEP][PASSED] - waitForPageLoad(10): Wait for page load successfully

2019-03-11 18:08:15 - [MESSAGE][PASSED] - Wait for page load successfully

2019-03-11 18:08:15 - [TEST_STEP][PASSED] - callTestCase(findTestCase("mobileWeb/_include/get_screenshot"), [:], STOP_ON_FAILURE): Call Test Case 'Test Cases/mobileWeb/_include/get_screenshot' successfully

2019-03-11 18:08:15 - [TEST_CASE][PASSED] - Test Cases/mobileWeb/_include/get_screenshot: Test Cases/mobileWeb/_include/get_screenshot

2019-03-11 18:08:15 - [TEST_STEP][PASSED] - takeScreenshot(screenPath + i + ".png"): Taking screenshot successfully

2019-03-11 18:08:16 - [MESSAGE][PASSED] - Taking screenshot successfully
[[ATTACHMENT|../Screenshots/mobileWeb/hbi/Fixed Cash Benefit/20190311_180703/7.png]]

2019-03-11 18:08:16 - [TEST_STEP][PASSED] - (internal.GlobalVariable.i++): null

2019-03-11 18:08:16 - [MESSAGE][PASSED] - Call Test Case 'Test Cases/mobileWeb/_include/get_screenshot' successfully

2019-03-11 18:08:16 - [TEST_STEP][PASSED] - if (test.MobileKeywords.isElementPresent_Web(findTestObject("mobileSanity/HBI/Page_App Page 2/a_No Thanks"), 10)): test.MobileKeywords.isElementPresent_Web is PASSED

2019-03-11 18:08:36 - [MESSAGE][INFO] - Unable to find the element located by 'By.xpath: //a[@type = 'submit' and (text() = 'No Thanks' or . = 'No Thanks')]'. Please recheck the objects properties to make sure the desired element is located. 

2019-03-11 18:08:36 - [MESSAGE][PASSED] - test.MobileKeywords.isElementPresent_Web is PASSED

2019-03-11 18:08:36 - [TEST_STEP][PASSED] - waitForPageLoad(10): Wait for page load successfully

2019-03-11 18:08:36 - [MESSAGE][PASSED] - Wait for page load successfully

2019-03-11 18:08:36 - [TEST_STEP][FAILED] - click(findTestObject("mobileSanity/HBI/Page_App Page 3/label")): click(findTestObject("mobileSanity/HBI/Page_App Page 3/label")) FAILED.
Reason:
com.kms.katalon.core.exception.StepFailedException: Unable to click on object 'Object Repository/mobileSanity/HBI/Page_App Page 3/label' (Root cause: org.openqa.selenium.WebDriverException: unknown error: Element <label for="consent-checkbox-0"></label> is not clickable at point (71, 12). Other element would receive the click: <div class="col-md-11 terms-cell" id="consent-checkbox-0-label">...</div>
  (Session info: chrome=72.0.3626.121)
  (Driver info: chromedriver=2.43.600229 (3fae4d0cda5334b4f533bede5a4787f7b832d052),platform=Mac OS X 10.14.2 x86_64) (WARNING: The server did not provide any stacktrace information)
Command duration or timeout: 0 milliseconds
Build info: version: '3.7.1', revision: '8a0099a', time: '2017-11-06T21:07:36.161Z'
System info: host: 'Deniss-MacBook-Pro.local', ip: 'fe80:0:0:0:18db:5ed3:b3d6:93e7%en0', os.name: 'Mac OS X', os.arch: 'x86_64', os.version: '10.14.2', java.version: '1.8.0_181'
Driver info: com.kms.katalon.selenium.driver.CChromeDriver
Capabilities {acceptInsecureCerts: false, acceptSslCerts: false, applicationCacheEnabled: false, browserConnectionEnabled: false, browserName: chrome, chrome: {chromedriverVersion: 2.43.600229 (3fae4d0cda5334..., userDataDir: /var/folders/95/4qsvf70n5s5...}, cssSelectorsEnabled: true, databaseEnabled: false, goog:chromeOptions: {debuggerAddress: localhost:59526}, handlesAlerts: true, hasTouchScreen: true, javascriptEnabled: true, locationContextEnabled: true, mobileEmulationEnabled: true, nativeEvents: true, networkConnectionEnabled: false, pageLoadStrategy: normal, platform: MAC, platformName: MAC, rotatable: false, setWindowRect: true, takesHeapSnapshot: true, takesScreenshot: true, unexpectedAlertBehaviour: , unhandledPromptBehavior: , version: 72.0.3626.121, webStorageEnabled: true}
Session ID: 6ed68fa1e07e7cabfaae7fcd7ab94918)
	at com.kms.katalon.core.keyword.internal.KeywordMain.stepFailed(KeywordMain.groovy:36)
	at com.kms.katalon.core.webui.keyword.internal.WebUIKeywordMain.stepFailed(WebUIKeywordMain.groovy:65)
	at com.kms.katalon.core.webui.keyword.internal.WebUIKeywordMain.runKeyword(WebUIKeywordMain.groovy:27)
	at com.kms.katalon.core.webui.keyword.builtin.ClickKeyword.click(ClickKeyword.groovy:86)
	at com.kms.katalon.core.webui.keyword.builtin.ClickKeyword.execute(ClickKeyword.groovy:67)
	at com.kms.katalon.core.keyword.internal.KeywordExecutor.executeKeywordForPlatform(KeywordExecutor.groovy:53)
	at com.kms.katalon.core.webui.keyword.WebUiBuiltInKeywords.click(WebUiBuiltInKeywords.groovy:616)
	at com.kms.katalon.core.webui.keyword.WebUiBuiltInKeywords$click$3.call(Unknown Source)
	at goToEnd_hbi.run(goToEnd_hbi:85)
	at com.kms.katalon.core.main.ScriptEngine.run(ScriptEngine.java:194)
	at com.kms.katalon.core.main.ScriptEngine.runScriptAsRawText(ScriptEngine.java:119)
	at com.kms.katalon.core.main.TestCaseExecutor.runScript(TestCaseExecutor.java:328)
	at com.kms.katalon.core.main.TestCaseExecutor.doExecute(TestCaseExecutor.java:319)
	at com.kms.katalon.core.main.TestCaseExecutor.processExecutionPhase(TestCaseExecutor.java:298)
	at com.kms.katalon.core.main.TestCaseExecutor.accessMainPhase(TestCaseExecutor.java:290)
	at com.kms.katalon.core.main.TestCaseExecutor.execute(TestCaseExecutor.java:224)
	at com.kms.katalon.core.main.TestCaseMain.runTestCase(TestCaseMain.java:106)
	at com.kms.katalon.core.keyword.builtin.CallTestCaseKeyword$_callTestCase_closure1.doCall(CallTestCaseKeyword.groovy:59)
	at com.kms.katalon.core.keyword.builtin.CallTestCaseKeyword$_callTestCase_closure1.call(CallTestCaseKeyword.groovy)
	at com.kms.katalon.core.keyword.internal.KeywordMain.runKeyword(KeywordMain.groovy:54)
	at com.kms.katalon.core.keyword.builtin.CallTestCaseKeyword.callTestCase(CallTestCaseKeyword.groovy:80)
	at com.kms.katalon.core.keyword.builtin.CallTestCaseKeyword.execute(CallTestCaseKeyword.groovy:44)
	at com.kms.katalon.core.keyword.internal.KeywordExecutor.executeKeywordForPlatform(KeywordExecutor.groovy:53)
	at com.kms.katalon.core.keyword.BuiltinKeywords.callTestCase(BuiltinKeywords.groovy:334)
	at Fixed Cash Benefit.run(Fixed Cash Benefit:49)
	at com.kms.katalon.core.main.ScriptEngine.run(ScriptEngine.java:194)
	at com.kms.katalon.core.main.ScriptEngine.runScriptAsRawText(ScriptEngine.java:119)
	at com.kms.katalon.core.main.TestCaseExecutor.runScript(TestCaseExecutor.java:328)
	at com.kms.katalon.core.main.TestCaseExecutor.doExecute(TestCaseExecutor.java:319)
	at com.kms.katalon.core.main.TestCaseExecutor.processExecutionPhase(TestCaseExecutor.java:298)
	at com.kms.katalon.core.main.TestCaseExecutor.accessMainPhase(TestCaseExecutor.java:290)
	at com.kms.katalon.core.main.TestCaseExecutor.execute(TestCaseExecutor.java:224)
	at com.kms.katalon.core.main.TestSuiteExecutor.accessTestCaseMainPhase(TestSuiteExecutor.java:129)
	at com.kms.katalon.core.main.TestSuiteExecutor.accessTestSuiteMainPhase(TestSuiteExecutor.java:112)
	at com.kms.katalon.core.main.TestSuiteExecutor.execute(TestSuiteExecutor.java:81)
	at com.kms.katalon.core.main.TestCaseMain.startTestSuite(TestCaseMain.java:149)
	at com.kms.katalon.core.main.TestCaseMain$startTestSuite$0.call(Unknown Source)
	at TempTestSuite1552298249283.run(TempTestSuite1552298249283.groovy:36)


2019-03-11 18:08:37 - [MESSAGE][FAILED] - Unable to click on object 'Object Repository/mobileSanity/HBI/Page_App Page 3/label' (Root cause: org.openqa.selenium.WebDriverException: unknown error: Element <label for="consent-checkbox-0"></label> is not clickable at point (71, 12). Other element would receive the click: <div class="col-md-11 terms-cell" id="consent-checkbox-0-label">...</div>
  (Session info: chrome=72.0.3626.121)
  (Driver info: chromedriver=2.43.600229 (3fae4d0cda5334b4f533bede5a4787f7b832d052),platform=Mac OS X 10.14.2 x86_64) (WARNING: The server did not provide any stacktrace information)
Command duration or timeout: 0 milliseconds
Build info: version: '3.7.1', revision: '8a0099a', time: '2017-11-06T21:07:36.161Z'
System info: host: 'Deniss-MacBook-Pro.local', ip: 'fe80:0:0:0:18db:5ed3:b3d6:93e7%en0', os.name: 'Mac OS X', os.arch: 'x86_64', os.version: '10.14.2', java.version: '1.8.0_181'
Driver info: com.kms.katalon.selenium.driver.CChromeDriver
Capabilities {acceptInsecureCerts: false, acceptSslCerts: false, applicationCacheEnabled: false, browserConnectionEnabled: false, browserName: chrome, chrome: {chromedriverVersion: 2.43.600229 (3fae4d0cda5334..., userDataDir: /var/folders/95/4qsvf70n5s5...}, cssSelectorsEnabled: true, databaseEnabled: false, goog:chromeOptions: {debuggerAddress: localhost:59526}, handlesAlerts: true, hasTouchScreen: true, javascriptEnabled: true, locationContextEnabled: true, mobileEmulationEnabled: true, nativeEvents: true, networkConnectionEnabled: false, pageLoadStrategy: normal, platform: MAC, platformName: MAC, rotatable: false, setWindowRect: true, takesHeapSnapshot: true, takesScreenshot: true, unexpectedAlertBehaviour: , unhandledPromptBehavior: , version: 72.0.3626.121, webStorageEnabled: true}
Session ID: 6ed68fa1e07e7cabfaae7fcd7ab94918)
[[ATTACHMENT|/Users/denisyu/workplace/test/AgileTest/Reports/mobileWeb/hbi/20190311_175719/1552298917017.png]]

2019-03-11 18:08:37 - [MESSAGE][FAILED] - click(findTestObject("mobileSanity/HBI/Page_App Page 3/label")) FAILED.
Reason:
com.kms.katalon.core.exception.StepFailedException: Unable to click on object 'Object Repository/mobileSanity/HBI/Page_App Page 3/label' (Root cause: org.openqa.selenium.WebDriverException: unknown error: Element <label for="consent-checkbox-0"></label> is not clickable at point (71, 12). Other element would receive the click: <div class="col-md-11 terms-cell" id="consent-checkbox-0-label">...</div>
  (Session info: chrome=72.0.3626.121)
  (Driver info: chromedriver=2.43.600229 (3fae4d0cda5334b4f533bede5a4787f7b832d052),platform=Mac OS X 10.14.2 x86_64) (WARNING: The server did not provide any stacktrace information)
Command duration or timeout: 0 milliseconds
Build info: version: '3.7.1', revision: '8a0099a', time: '2017-11-06T21:07:36.161Z'
System info: host: 'Deniss-MacBook-Pro.local', ip: 'fe80:0:0:0:18db:5ed3:b3d6:93e7%en0', os.name: 'Mac OS X', os.arch: 'x86_64', os.version: '10.14.2', java.version: '1.8.0_181'
Driver info: com.kms.katalon.selenium.driver.CChromeDriver
Capabilities {acceptInsecureCerts: false, acceptSslCerts: false, applicationCacheEnabled: false, browserConnectionEnabled: false, browserName: chrome, chrome: {chromedriverVersion: 2.43.600229 (3fae4d0cda5334..., userDataDir: /var/folders/95/4qsvf70n5s5...}, cssSelectorsEnabled: true, databaseEnabled: false, goog:chromeOptions: {debuggerAddress: localhost:59526}, handlesAlerts: true, hasTouchScreen: true, javascriptEnabled: true, locationContextEnabled: true, mobileEmulationEnabled: true, nativeEvents: true, networkConnectionEnabled: false, pageLoadStrategy: normal, platform: MAC, platformName: MAC, rotatable: false, setWindowRect: true, takesHeapSnapshot: true, takesScreenshot: true, unexpectedAlertBehaviour: , unhandledPromptBehavior: , version: 72.0.3626.121, webStorageEnabled: true}
Session ID: 6ed68fa1e07e7cabfaae7fcd7ab94918)
	at com.kms.katalon.core.keyword.internal.KeywordMain.stepFailed(KeywordMain.groovy:36)
	at com.kms.katalon.core.webui.keyword.internal.WebUIKeywordMain.stepFailed(WebUIKeywordMain.groovy:65)
	at com.kms.katalon.core.webui.keyword.internal.WebUIKeywordMain.runKeyword(WebUIKeywordMain.groovy:27)
	at com.kms.katalon.core.webui.keyword.builtin.ClickKeyword.click(ClickKeyword.groovy:86)
	at com.kms.katalon.core.webui.keyword.builtin.ClickKeyword.execute(ClickKeyword.groovy:67)
	at com.kms.katalon.core.keyword.internal.KeywordExecutor.executeKeywordForPlatform(KeywordExecutor.groovy:53)
	at com.kms.katalon.core.webui.keyword.WebUiBuiltInKeywords.click(WebUiBuiltInKeywords.groovy:616)
	at com.kms.katalon.core.webui.keyword.WebUiBuiltInKeywords$click$3.call(Unknown Source)
	at goToEnd_hbi.run(goToEnd_hbi:85)
	at com.kms.katalon.core.main.ScriptEngine.run(ScriptEngine.java:194)
	at com.kms.katalon.core.main.ScriptEngine.runScriptAsRawText(ScriptEngine.java:119)
	at com.kms.katalon.core.main.TestCaseExecutor.runScript(TestCaseExecutor.java:328)
	at com.kms.katalon.core.main.TestCaseExecutor.doExecute(TestCaseExecutor.java:319)
	at com.kms.katalon.core.main.TestCaseExecutor.processExecutionPhase(TestCaseExecutor.java:298)
	at com.kms.katalon.core.main.TestCaseExecutor.accessMainPhase(TestCaseExecutor.java:290)
	at com.kms.katalon.core.main.TestCaseExecutor.execute(TestCaseExecutor.java:224)
	at com.kms.katalon.core.main.TestCaseMain.runTestCase(TestCaseMain.java:106)
	at com.kms.katalon.core.keyword.builtin.CallTestCaseKeyword$_callTestCase_closure1.doCall(CallTestCaseKeyword.groovy:59)
	at com.kms.katalon.core.keyword.builtin.CallTestCaseKeyword$_callTestCase_closure1.call(CallTestCaseKeyword.groovy)
	at com.kms.katalon.core.keyword.internal.KeywordMain.runKeyword(KeywordMain.groovy:54)
	at com.kms.katalon.core.keyword.builtin.CallTestCaseKeyword.callTestCase(CallTestCaseKeyword.groovy:80)
	at com.kms.katalon.core.keyword.builtin.CallTestCaseKeyword.execute(CallTestCaseKeyword.groovy:44)
	at com.kms.katalon.core.keyword.internal.KeywordExecutor.executeKeywordForPlatform(KeywordExecutor.groovy:53)
	at com.kms.katalon.core.keyword.BuiltinKeywords.callTestCase(BuiltinKeywords.groovy:334)
	at Fixed Cash Benefit.run(Fixed Cash Benefit:49)
	at com.kms.katalon.core.main.ScriptEngine.run(ScriptEngine.java:194)
	at com.kms.katalon.core.main.ScriptEngine.runScriptAsRawText(ScriptEngine.java:119)
	at com.kms.katalon.core.main.TestCaseExecutor.runScript(TestCaseExecutor.java:328)
	at com.kms.katalon.core.main.TestCaseExecutor.doExecute(TestCaseExecutor.java:319)
	at com.kms.katalon.core.main.TestCaseExecutor.processExecutionPhase(TestCaseExecutor.java:298)
	at com.kms.katalon.core.main.TestCaseExecutor.accessMainPhase(TestCaseExecutor.java:290)
	at com.kms.katalon.core.main.TestCaseExecutor.execute(TestCaseExecutor.java:224)
	at com.kms.katalon.core.main.TestSuiteExecutor.accessTestCaseMainPhase(TestSuiteExecutor.java:129)
	at com.kms.katalon.core.main.TestSuiteExecutor.accessTestSuiteMainPhase(TestSuiteExecutor.java:112)
	at com.kms.katalon.core.main.TestSuiteExecutor.execute(TestSuiteExecutor.java:81)
	at com.kms.katalon.core.main.TestCaseMain.startTestSuite(TestCaseMain.java:149)
	at com.kms.katalon.core.main.TestCaseMain$startTestSuite$0.call(Unknown Source)
	at TempTestSuite1552298249283.run(TempTestSuite1552298249283.groovy:36)


2019-03-11 18:08:37 - [MESSAGE][FAILED] - Unable to call Test Case 'Test Cases/mobileWeb/_include/goToEnd_hbi' (Root cause: com.kms.katalon.core.exception.StepFailedException: Call Test Case 'Test Cases/mobileWeb/_include/goToEnd_hbi' failed)

2019-03-11 18:08:37 - [MESSAGE][FAILED] - callTestCase(findTestCase("mobileWeb/_include/goToEnd_hbi"), ["carrier":"FixedCashBenefit"], CONTINUE_ON_FAILURE) FAILED.
Reason:
com.kms.katalon.core.exception.StepFailedException: Unable to click on object 'Object Repository/mobileSanity/HBI/Page_App Page 3/label' (Root cause: org.openqa.selenium.WebDriverException: unknown error: Element <label for="consent-checkbox-0"></label> is not clickable at point (71, 12). Other element would receive the click: <div class="col-md-11 terms-cell" id="consent-checkbox-0-label">...</div>
  (Session info: chrome=72.0.3626.121)
  (Driver info: chromedriver=2.43.600229 (3fae4d0cda5334b4f533bede5a4787f7b832d052),platform=Mac OS X 10.14.2 x86_64) (WARNING: The server did not provide any stacktrace information)
Command duration or timeout: 0 milliseconds
Build info: version: '3.7.1', revision: '8a0099a', time: '2017-11-06T21:07:36.161Z'
System info: host: 'Deniss-MacBook-Pro.local', ip: 'fe80:0:0:0:18db:5ed3:b3d6:93e7%en0', os.name: 'Mac OS X', os.arch: 'x86_64', os.version: '10.14.2', java.version: '1.8.0_181'
Driver info: com.kms.katalon.selenium.driver.CChromeDriver
Capabilities {acceptInsecureCerts: false, acceptSslCerts: false, applicationCacheEnabled: false, browserConnectionEnabled: false, browserName: chrome, chrome: {chromedriverVersion: 2.43.600229 (3fae4d0cda5334..., userDataDir: /var/folders/95/4qsvf70n5s5...}, cssSelectorsEnabled: true, databaseEnabled: false, goog:chromeOptions: {debuggerAddress: localhost:59526}, handlesAlerts: true, hasTouchScreen: true, javascriptEnabled: true, locationContextEnabled: true, mobileEmulationEnabled: true, nativeEvents: true, networkConnectionEnabled: false, pageLoadStrategy: normal, platform: MAC, platformName: MAC, rotatable: false, setWindowRect: true, takesHeapSnapshot: true, takesScreenshot: true, unexpectedAlertBehaviour: , unhandledPromptBehavior: , version: 72.0.3626.121, webStorageEnabled: true}
Session ID: 6ed68fa1e07e7cabfaae7fcd7ab94918)
	at com.kms.katalon.core.keyword.internal.KeywordMain.stepFailed(KeywordMain.groovy:36)
	at com.kms.katalon.core.webui.keyword.internal.WebUIKeywordMain.stepFailed(WebUIKeywordMain.groovy:65)
	at com.kms.katalon.core.webui.keyword.internal.WebUIKeywordMain.runKeyword(WebUIKeywordMain.groovy:27)
	at com.kms.katalon.core.webui.keyword.builtin.ClickKeyword.click(ClickKeyword.groovy:86)
	at com.kms.katalon.core.webui.keyword.builtin.ClickKeyword.execute(ClickKeyword.groovy:67)
	at com.kms.katalon.core.keyword.internal.KeywordExecutor.executeKeywordForPlatform(KeywordExecutor.groovy:53)
	at com.kms.katalon.core.webui.keyword.WebUiBuiltInKeywords.click(WebUiBuiltInKeywords.groovy:616)
	at com.kms.katalon.core.webui.keyword.WebUiBuiltInKeywords$click$3.call(Unknown Source)
	at goToEnd_hbi.run(goToEnd_hbi:85)
	at com.kms.katalon.core.main.ScriptEngine.run(ScriptEngine.java:194)
	at com.kms.katalon.core.main.ScriptEngine.runScriptAsRawText(ScriptEngine.java:119)
	at com.kms.katalon.core.main.TestCaseExecutor.runScript(TestCaseExecutor.java:328)
	at com.kms.katalon.core.main.TestCaseExecutor.doExecute(TestCaseExecutor.java:319)
	at com.kms.katalon.core.main.TestCaseExecutor.processExecutionPhase(TestCaseExecutor.java:298)
	at com.kms.katalon.core.main.TestCaseExecutor.accessMainPhase(TestCaseExecutor.java:290)
	at com.kms.katalon.core.main.TestCaseExecutor.execute(TestCaseExecutor.java:224)
	at com.kms.katalon.core.main.TestCaseMain.runTestCase(TestCaseMain.java:106)
	at com.kms.katalon.core.keyword.builtin.CallTestCaseKeyword$_callTestCase_closure1.doCall(CallTestCaseKeyword.groovy:59)
	at com.kms.katalon.core.keyword.builtin.CallTestCaseKeyword$_callTestCase_closure1.call(CallTestCaseKeyword.groovy)
	at com.kms.katalon.core.keyword.internal.KeywordMain.runKeyword(KeywordMain.groovy:54)
	at com.kms.katalon.core.keyword.builtin.CallTestCaseKeyword.callTestCase(CallTestCaseKeyword.groovy:80)
	at com.kms.katalon.core.keyword.builtin.CallTestCaseKeyword.execute(CallTestCaseKeyword.groovy:44)
	at com.kms.katalon.core.keyword.internal.KeywordExecutor.executeKeywordForPlatform(KeywordExecutor.groovy:53)
	at com.kms.katalon.core.keyword.BuiltinKeywords.callTestCase(BuiltinKeywords.groovy:334)
	at Fixed Cash Benefit.run(Fixed Cash Benefit:49)
	at com.kms.katalon.core.main.ScriptEngine.run(ScriptEngine.java:194)
	at com.kms.katalon.core.main.ScriptEngine.runScriptAsRawText(ScriptEngine.java:119)
	at com.kms.katalon.core.main.TestCaseExecutor.runScript(TestCaseExecutor.java:328)
	at com.kms.katalon.core.main.TestCaseExecutor.doExecute(TestCaseExecutor.java:319)
	at com.kms.katalon.core.main.TestCaseExecutor.processExecutionPhase(TestCaseExecutor.java:298)
	at com.kms.katalon.core.main.TestCaseExecutor.accessMainPhase(TestCaseExecutor.java:290)
	at com.kms.katalon.core.main.TestCaseExecutor.execute(TestCaseExecutor.java:224)
	at com.kms.katalon.core.main.TestSuiteExecutor.accessTestCaseMainPhase(TestSuiteExecutor.java:129)
	at com.kms.katalon.core.main.TestSuiteExecutor.accessTestSuiteMainPhase(TestSuiteExecutor.java:112)
	at com.kms.katalon.core.main.TestSuiteExecutor.execute(TestSuiteExecutor.java:81)
	at com.kms.katalon.core.main.TestCaseMain.startTestSuite(TestCaseMain.java:149)
	at com.kms.katalon.core.main.TestCaseMain$startTestSuite$0.call(Unknown Source)
	at TempTestSuite1552298249283.run(TempTestSuite1552298249283.groovy:36)]]></system-out>
         <system-err><![CDATA[2019-03-11 18:07:03 - [TEST_CASE][FAILED] - Test Cases/mobileWeb/HBI/Fixed Cash Benefit: Test Cases/mobileWeb/HBI/Fixed Cash Benefit FAILED.
Reason:
com.kms.katalon.core.exception.StepFailedException: Unable to click on object 'Object Repository/mobileSanity/HBI/Page_App Page 3/label' (Root cause: org.openqa.selenium.WebDriverException: unknown error: Element <label for="consent-checkbox-0"></label> is not clickable at point (71, 12). Other element would receive the click: <div class="col-md-11 terms-cell" id="consent-checkbox-0-label">...</div>
  (Session info: chrome=72.0.3626.121)
  (Driver info: chromedriver=2.43.600229 (3fae4d0cda5334b4f533bede5a4787f7b832d052),platform=Mac OS X 10.14.2 x86_64) (WARNING: The server did not provide any stacktrace information)
Command duration or timeout: 0 milliseconds
Build info: version: '3.7.1', revision: '8a0099a', time: '2017-11-06T21:07:36.161Z'
System info: host: 'Deniss-MacBook-Pro.local', ip: 'fe80:0:0:0:18db:5ed3:b3d6:93e7%en0', os.name: 'Mac OS X', os.arch: 'x86_64', os.version: '10.14.2', java.version: '1.8.0_181'
Driver info: com.kms.katalon.selenium.driver.CChromeDriver
Capabilities {acceptInsecureCerts: false, acceptSslCerts: false, applicationCacheEnabled: false, browserConnectionEnabled: false, browserName: chrome, chrome: {chromedriverVersion: 2.43.600229 (3fae4d0cda5334..., userDataDir: /var/folders/95/4qsvf70n5s5...}, cssSelectorsEnabled: true, databaseEnabled: false, goog:chromeOptions: {debuggerAddress: localhost:59526}, handlesAlerts: true, hasTouchScreen: true, javascriptEnabled: true, locationContextEnabled: true, mobileEmulationEnabled: true, nativeEvents: true, networkConnectionEnabled: false, pageLoadStrategy: normal, platform: MAC, platformName: MAC, rotatable: false, setWindowRect: true, takesHeapSnapshot: true, takesScreenshot: true, unexpectedAlertBehaviour: , unhandledPromptBehavior: , version: 72.0.3626.121, webStorageEnabled: true}
Session ID: 6ed68fa1e07e7cabfaae7fcd7ab94918)
	at com.kms.katalon.core.keyword.internal.KeywordMain.stepFailed(KeywordMain.groovy:36)
	at com.kms.katalon.core.webui.keyword.internal.WebUIKeywordMain.stepFailed(WebUIKeywordMain.groovy:65)
	at com.kms.katalon.core.webui.keyword.internal.WebUIKeywordMain.runKeyword(WebUIKeywordMain.groovy:27)
	at com.kms.katalon.core.webui.keyword.builtin.ClickKeyword.click(ClickKeyword.groovy:86)
	at com.kms.katalon.core.webui.keyword.builtin.ClickKeyword.execute(ClickKeyword.groovy:67)
	at com.kms.katalon.core.keyword.internal.KeywordExecutor.executeKeywordForPlatform(KeywordExecutor.groovy:53)
	at com.kms.katalon.core.webui.keyword.WebUiBuiltInKeywords.click(WebUiBuiltInKeywords.groovy:616)
	at com.kms.katalon.core.webui.keyword.WebUiBuiltInKeywords$click$3.call(Unknown Source)
	at goToEnd_hbi.run(goToEnd_hbi:85)
	at com.kms.katalon.core.main.ScriptEngine.run(ScriptEngine.java:194)
	at com.kms.katalon.core.main.ScriptEngine.runScriptAsRawText(ScriptEngine.java:119)
	at com.kms.katalon.core.main.TestCaseExecutor.runScript(TestCaseExecutor.java:328)
	at com.kms.katalon.core.main.TestCaseExecutor.doExecute(TestCaseExecutor.java:319)
	at com.kms.katalon.core.main.TestCaseExecutor.processExecutionPhase(TestCaseExecutor.java:298)
	at com.kms.katalon.core.main.TestCaseExecutor.accessMainPhase(TestCaseExecutor.java:290)
	at com.kms.katalon.core.main.TestCaseExecutor.execute(TestCaseExecutor.java:224)
	at com.kms.katalon.core.main.TestCaseMain.runTestCase(TestCaseMain.java:106)
	at com.kms.katalon.core.keyword.builtin.CallTestCaseKeyword$_callTestCase_closure1.doCall(CallTestCaseKeyword.groovy:59)
	at com.kms.katalon.core.keyword.builtin.CallTestCaseKeyword$_callTestCase_closure1.call(CallTestCaseKeyword.groovy)
	at com.kms.katalon.core.keyword.internal.KeywordMain.runKeyword(KeywordMain.groovy:54)
	at com.kms.katalon.core.keyword.builtin.CallTestCaseKeyword.callTestCase(CallTestCaseKeyword.groovy:80)
	at com.kms.katalon.core.keyword.builtin.CallTestCaseKeyword.execute(CallTestCaseKeyword.groovy:44)
	at com.kms.katalon.core.keyword.internal.KeywordExecutor.executeKeywordForPlatform(KeywordExecutor.groovy:53)
	at com.kms.katalon.core.keyword.BuiltinKeywords.callTestCase(BuiltinKeywords.groovy:334)
	at Fixed Cash Benefit.run(Fixed Cash Benefit:49)
	at com.kms.katalon.core.main.ScriptEngine.run(ScriptEngine.java:194)
	at com.kms.katalon.core.main.ScriptEngine.runScriptAsRawText(ScriptEngine.java:119)
	at com.kms.katalon.core.main.TestCaseExecutor.runScript(TestCaseExecutor.java:328)
	at com.kms.katalon.core.main.TestCaseExecutor.doExecute(TestCaseExecutor.java:319)
	at com.kms.katalon.core.main.TestCaseExecutor.processExecutionPhase(TestCaseExecutor.java:298)
	at com.kms.katalon.core.main.TestCaseExecutor.accessMainPhase(TestCaseExecutor.java:290)
	at com.kms.katalon.core.main.TestCaseExecutor.execute(TestCaseExecutor.java:224)
	at com.kms.katalon.core.main.TestSuiteExecutor.accessTestCaseMainPhase(TestSuiteExecutor.java:129)
	at com.kms.katalon.core.main.TestSuiteExecutor.accessTestSuiteMainPhase(TestSuiteExecutor.java:112)
	at com.kms.katalon.core.main.TestSuiteExecutor.execute(TestSuiteExecutor.java:81)
	at com.kms.katalon.core.main.TestCaseMain.startTestSuite(TestCaseMain.java:149)
	at com.kms.katalon.core.main.TestCaseMain$startTestSuite$0.call(Unknown Source)
	at TempTestSuite1552298249283.run(TempTestSuite1552298249283.groovy:36)]]></system-err>
      </testcase>
      <system-out><![CDATA[2019-03-11 17:57:54 - [TEST_SUITE][FAILED] - hbi: Test Cases/mobileWeb/HBI/Agile One FAILED.
Reason:
com.kms.katalon.core.exception.StepFailedException: Unable to click on object 'Object Repository/mobileSanity/Common/side_nav/nav_hbi' (Root cause: org.openqa.selenium.ElementNotVisibleException: element not interactable
  (Session info: chrome=72.0.3626.121)
  (Driver info: chromedriver=2.43.600229 (3fae4d0cda5334b4f533bede5a4787f7b832d052),platform=Mac OS X 10.14.2 x86_64) (WARNING: The server did not provide any stacktrace information)
Command duration or timeout: 0 milliseconds
Build info: version: '3.7.1', revision: '8a0099a', time: '2017-11-06T21:07:36.161Z'
System info: host: 'Deniss-MacBook-Pro.local', ip: 'fe80:0:0:0:18db:5ed3:b3d6:93e7%en0', os.name: 'Mac OS X', os.arch: 'x86_64', os.version: '10.14.2', java.version: '1.8.0_181'
Driver info: com.kms.katalon.selenium.driver.CChromeDriver
Capabilities {acceptInsecureCerts: false, acceptSslCerts: false, applicationCacheEnabled: false, browserConnectionEnabled: false, browserName: chrome, chrome: {chromedriverVersion: 2.43.600229 (3fae4d0cda5334..., userDataDir: /var/folders/95/4qsvf70n5s5...}, cssSelectorsEnabled: true, databaseEnabled: false, goog:chromeOptions: {debuggerAddress: localhost:54892}, handlesAlerts: true, hasTouchScreen: true, javascriptEnabled: true, locationContextEnabled: true, mobileEmulationEnabled: true, nativeEvents: true, networkConnectionEnabled: false, pageLoadStrategy: normal, platform: MAC, platformName: MAC, rotatable: false, setWindowRect: true, takesHeapSnapshot: true, takesScreenshot: true, unexpectedAlertBehaviour: , unhandledPromptBehavior: , version: 72.0.3626.121, webStorageEnabled: true}
Session ID: 6dcd4efa18b40b20b5bdd00008723992)
	at com.kms.katalon.core.keyword.internal.KeywordMain.stepFailed(KeywordMain.groovy:36)
	at com.kms.katalon.core.webui.keyword.internal.WebUIKeywordMain.stepFailed(WebUIKeywordMain.groovy:65)
	at com.kms.katalon.core.webui.keyword.internal.WebUIKeywordMain.runKeyword(WebUIKeywordMain.groovy:27)
	at com.kms.katalon.core.webui.keyword.builtin.ClickKeyword.click(ClickKeyword.groovy:86)
	at com.kms.katalon.core.webui.keyword.builtin.ClickKeyword.execute(ClickKeyword.groovy:67)
	at com.kms.katalon.core.keyword.internal.KeywordExecutor.executeKeywordForPlatform(KeywordExecutor.groovy:53)
	at com.kms.katalon.core.webui.keyword.WebUiBuiltInKeywords.click(WebUiBuiltInKeywords.groovy:616)
	at com.kms.katalon.core.webui.keyword.WebUiBuiltInKeywords$click$3.call(Unknown Source)
	at census_hbi.run(census_hbi:20)
	at com.kms.katalon.core.main.ScriptEngine.run(ScriptEngine.java:194)
	at com.kms.katalon.core.main.ScriptEngine.runScriptAsRawText(ScriptEngine.java:119)
	at com.kms.katalon.core.main.TestCaseExecutor.runScript(TestCaseExecutor.java:328)
	at com.kms.katalon.core.main.TestCaseExecutor.doExecute(TestCaseExecutor.java:319)
	at com.kms.katalon.core.main.TestCaseExecutor.processExecutionPhase(TestCaseExecutor.java:298)
	at com.kms.katalon.core.main.TestCaseExecutor.accessMainPhase(TestCaseExecutor.java:290)
	at com.kms.katalon.core.main.TestCaseExecutor.execute(TestCaseExecutor.java:224)
	at com.kms.katalon.core.main.TestCaseMain.runTestCase(TestCaseMain.java:106)
	at com.kms.katalon.core.keyword.builtin.CallTestCaseKeyword$_callTestCase_closure1.doCall(CallTestCaseKeyword.groovy:59)
	at com.kms.katalon.core.keyword.builtin.CallTestCaseKeyword$_callTestCase_closure1.call(CallTestCaseKeyword.groovy)
	at com.kms.katalon.core.keyword.internal.KeywordMain.runKeyword(KeywordMain.groovy:54)
	at com.kms.katalon.core.keyword.builtin.CallTestCaseKeyword.callTestCase(CallTestCaseKeyword.groovy:80)
	at com.kms.katalon.core.keyword.builtin.CallTestCaseKeyword.execute(CallTestCaseKeyword.groovy:44)
	at com.kms.katalon.core.keyword.internal.KeywordExecutor.executeKeywordForPlatform(KeywordExecutor.groovy:53)
	at com.kms.katalon.core.keyword.BuiltinKeywords.callTestCase(BuiltinKeywords.groovy:334)
	at Agile One.run(Agile One:27)
	at com.kms.katalon.core.main.ScriptEngine.run(ScriptEngine.java:194)
	at com.kms.katalon.core.main.ScriptEngine.runScriptAsRawText(ScriptEngine.java:119)
	at com.kms.katalon.core.main.TestCaseExecutor.runScript(TestCaseExecutor.java:328)
	at com.kms.katalon.core.main.TestCaseExecutor.doExecute(TestCaseExecutor.java:319)
	at com.kms.katalon.core.main.TestCaseExecutor.processExecutionPhase(TestCaseExecutor.java:298)
	at com.kms.katalon.core.main.TestCaseExecutor.accessMainPhase(TestCaseExecutor.java:290)
	at com.kms.katalon.core.main.TestCaseExecutor.execute(TestCaseExecutor.java:224)
	at com.kms.katalon.core.main.TestSuiteExecutor.accessTestCaseMainPhase(TestSuiteExecutor.java:129)
	at com.kms.katalon.core.main.TestSuiteExecutor.accessTestSuiteMainPhase(TestSuiteExecutor.java:112)
	at com.kms.katalon.core.main.TestSuiteExecutor.execute(TestSuiteExecutor.java:81)
	at com.kms.katalon.core.main.TestCaseMain.startTestSuite(TestCaseMain.java:149)
	at com.kms.katalon.core.main.TestCaseMain$startTestSuite$0.call(Unknown Source)
	at TempTestSuite1552298249283.run(TempTestSuite1552298249283.groovy:36)]]></system-out>
      <system-err><![CDATA[2019-03-11 17:57:54 - [TEST_SUITE][FAILED] - hbi: Test Cases/mobileWeb/HBI/Agile One FAILED.
Reason:
com.kms.katalon.core.exception.StepFailedException: Unable to click on object 'Object Repository/mobileSanity/Common/side_nav/nav_hbi' (Root cause: org.openqa.selenium.ElementNotVisibleException: element not interactable
  (Session info: chrome=72.0.3626.121)
  (Driver info: chromedriver=2.43.600229 (3fae4d0cda5334b4f533bede5a4787f7b832d052),platform=Mac OS X 10.14.2 x86_64) (WARNING: The server did not provide any stacktrace information)
Command duration or timeout: 0 milliseconds
Build info: version: '3.7.1', revision: '8a0099a', time: '2017-11-06T21:07:36.161Z'
System info: host: 'Deniss-MacBook-Pro.local', ip: 'fe80:0:0:0:18db:5ed3:b3d6:93e7%en0', os.name: 'Mac OS X', os.arch: 'x86_64', os.version: '10.14.2', java.version: '1.8.0_181'
Driver info: com.kms.katalon.selenium.driver.CChromeDriver
Capabilities {acceptInsecureCerts: false, acceptSslCerts: false, applicationCacheEnabled: false, browserConnectionEnabled: false, browserName: chrome, chrome: {chromedriverVersion: 2.43.600229 (3fae4d0cda5334..., userDataDir: /var/folders/95/4qsvf70n5s5...}, cssSelectorsEnabled: true, databaseEnabled: false, goog:chromeOptions: {debuggerAddress: localhost:54892}, handlesAlerts: true, hasTouchScreen: true, javascriptEnabled: true, locationContextEnabled: true, mobileEmulationEnabled: true, nativeEvents: true, networkConnectionEnabled: false, pageLoadStrategy: normal, platform: MAC, platformName: MAC, rotatable: false, setWindowRect: true, takesHeapSnapshot: true, takesScreenshot: true, unexpectedAlertBehaviour: , unhandledPromptBehavior: , version: 72.0.3626.121, webStorageEnabled: true}
Session ID: 6dcd4efa18b40b20b5bdd00008723992)
	at com.kms.katalon.core.keyword.internal.KeywordMain.stepFailed(KeywordMain.groovy:36)
	at com.kms.katalon.core.webui.keyword.internal.WebUIKeywordMain.stepFailed(WebUIKeywordMain.groovy:65)
	at com.kms.katalon.core.webui.keyword.internal.WebUIKeywordMain.runKeyword(WebUIKeywordMain.groovy:27)
	at com.kms.katalon.core.webui.keyword.builtin.ClickKeyword.click(ClickKeyword.groovy:86)
	at com.kms.katalon.core.webui.keyword.builtin.ClickKeyword.execute(ClickKeyword.groovy:67)
	at com.kms.katalon.core.keyword.internal.KeywordExecutor.executeKeywordForPlatform(KeywordExecutor.groovy:53)
	at com.kms.katalon.core.webui.keyword.WebUiBuiltInKeywords.click(WebUiBuiltInKeywords.groovy:616)
	at com.kms.katalon.core.webui.keyword.WebUiBuiltInKeywords$click$3.call(Unknown Source)
	at census_hbi.run(census_hbi:20)
	at com.kms.katalon.core.main.ScriptEngine.run(ScriptEngine.java:194)
	at com.kms.katalon.core.main.ScriptEngine.runScriptAsRawText(ScriptEngine.java:119)
	at com.kms.katalon.core.main.TestCaseExecutor.runScript(TestCaseExecutor.java:328)
	at com.kms.katalon.core.main.TestCaseExecutor.doExecute(TestCaseExecutor.java:319)
	at com.kms.katalon.core.main.TestCaseExecutor.processExecutionPhase(TestCaseExecutor.java:298)
	at com.kms.katalon.core.main.TestCaseExecutor.accessMainPhase(TestCaseExecutor.java:290)
	at com.kms.katalon.core.main.TestCaseExecutor.execute(TestCaseExecutor.java:224)
	at com.kms.katalon.core.main.TestCaseMain.runTestCase(TestCaseMain.java:106)
	at com.kms.katalon.core.keyword.builtin.CallTestCaseKeyword$_callTestCase_closure1.doCall(CallTestCaseKeyword.groovy:59)
	at com.kms.katalon.core.keyword.builtin.CallTestCaseKeyword$_callTestCase_closure1.call(CallTestCaseKeyword.groovy)
	at com.kms.katalon.core.keyword.internal.KeywordMain.runKeyword(KeywordMain.groovy:54)
	at com.kms.katalon.core.keyword.builtin.CallTestCaseKeyword.callTestCase(CallTestCaseKeyword.groovy:80)
	at com.kms.katalon.core.keyword.builtin.CallTestCaseKeyword.execute(CallTestCaseKeyword.groovy:44)
	at com.kms.katalon.core.keyword.internal.KeywordExecutor.executeKeywordForPlatform(KeywordExecutor.groovy:53)
	at com.kms.katalon.core.keyword.BuiltinKeywords.callTestCase(BuiltinKeywords.groovy:334)
	at Agile One.run(Agile One:27)
	at com.kms.katalon.core.main.ScriptEngine.run(ScriptEngine.java:194)
	at com.kms.katalon.core.main.ScriptEngine.runScriptAsRawText(ScriptEngine.java:119)
	at com.kms.katalon.core.main.TestCaseExecutor.runScript(TestCaseExecutor.java:328)
	at com.kms.katalon.core.main.TestCaseExecutor.doExecute(TestCaseExecutor.java:319)
	at com.kms.katalon.core.main.TestCaseExecutor.processExecutionPhase(TestCaseExecutor.java:298)
	at com.kms.katalon.core.main.TestCaseExecutor.accessMainPhase(TestCaseExecutor.java:290)
	at com.kms.katalon.core.main.TestCaseExecutor.execute(TestCaseExecutor.java:224)
	at com.kms.katalon.core.main.TestSuiteExecutor.accessTestCaseMainPhase(TestSuiteExecutor.java:129)
	at com.kms.katalon.core.main.TestSuiteExecutor.accessTestSuiteMainPhase(TestSuiteExecutor.java:112)
	at com.kms.katalon.core.main.TestSuiteExecutor.execute(TestSuiteExecutor.java:81)
	at com.kms.katalon.core.main.TestCaseMain.startTestSuite(TestCaseMain.java:149)
	at com.kms.katalon.core.main.TestCaseMain$startTestSuite$0.call(Unknown Source)
	at TempTestSuite1552298249283.run(TempTestSuite1552298249283.groovy:36)]]></system-err>
   </testsuite>
</testsuites>
