<?xml version="1.0" encoding="UTF-8"?>
<testsuites name="hbi" time="805" tests="8" failures="0" errors="0">
   <testsuite name="hbi" tests="8" failures="0" errors="0" time="805" timestamp="2019-12-17 08:11:41" hostname="Administrator - 172.30.0.53" id="Test Suites/AHI/hbi">
      <properties>
         <property name="deviceName" value=""/>
         <property name="devicePlatform" value=""/>
         <property name="logFolder" value="D:\\Test\\AgileTest\\Reports\\AHI\\hbi\\20191217_080033"/>
         <property name="logFiles" value="D:\\Test\\AgileTest\\Reports\\AHI\\hbi\\20191217_080033\\execution0.log"/>
         <property name="attachments" value="D:\\Test\\AgileTest\\Reports\\AHI\\hbi\\20191217_080033\\../Screenshots/iPhone 6/hbi/Agile One/20191217_081142/0.png, D:\\Test\\AgileTest\\Reports\\AHI\\hbi\\20191217_080033\\../Screenshots/iPhone 6/hbi/Agile One/20191217_081142/1.png, D:\\Test\\AgileTest\\Reports\\AHI\\hbi\\20191217_080033\\../Screenshots/iPhone 6/hbi/Agile One/20191217_081142/2.png, D:\\Test\\AgileTest\\Reports\\AHI\\hbi\\20191217_080033\\../Screenshots/iPhone 6/hbi/Agile One/20191217_081142/3.png, D:\\Test\\AgileTest\\Reports\\AHI\\hbi\\20191217_080033\\../Screenshots/iPhone 6/hbi/Agile One/20191217_081142/4.png, D:\\Test\\AgileTest\\Reports\\AHI\\hbi\\20191217_080033\\../Screenshots/iPhone 6/hbi/Agile One/20191217_081142/5.png, D:\\Test\\AgileTest\\Reports\\AHI\\hbi\\20191217_080033\\../Screenshots/iPhone 6/hbi/Agile One/20191217_081142/6.png, D:\\Test\\AgileTest\\Reports\\AHI\\hbi\\20191217_080033\\../Screenshots/iPhone 6/hbi/Agile One/20191217_081142/7.png, D:\\Test\\AgileTest\\Reports\\AHI\\hbi\\20191217_080033\\../Screenshots/iPhone 6/hbi/Agile One/20191217_081142/8.png, D:\\Test\\AgileTest\\Reports\\AHI\\hbi\\20191217_080033\\../Screenshots/iPhone 6/hbi/Agile One/20191217_081142/9.png, D:\\Test\\AgileTest\\Reports\\AHI\\hbi\\20191217_080033\\../Screenshots/iPhone 6/hbi/Legion Limited Medical/20191217_081328/0.png, D:\\Test\\AgileTest\\Reports\\AHI\\hbi\\20191217_080033\\../Screenshots/iPhone 6/hbi/Legion Limited Medical/20191217_081328/1.png, D:\\Test\\AgileTest\\Reports\\AHI\\hbi\\20191217_080033\\../Screenshots/iPhone 6/hbi/Legion Limited Medical/20191217_081328/2.png, D:\\Test\\AgileTest\\Reports\\AHI\\hbi\\20191217_080033\\../Screenshots/iPhone 6/hbi/Legion Limited Medical/20191217_081328/3.png, D:\\Test\\AgileTest\\Reports\\AHI\\hbi\\20191217_080033\\../Screenshots/iPhone 6/hbi/Legion Limited Medical/20191217_081328/4.png, D:\\Test\\AgileTest\\Reports\\AHI\\hbi\\20191217_080033\\../Screenshots/iPhone 6/hbi/Legion Limited Medical/20191217_081328/5.png, D:\\Test\\AgileTest\\Reports\\AHI\\hbi\\20191217_080033\\../Screenshots/iPhone 6/hbi/Legion Limited Medical/20191217_081328/6.png, D:\\Test\\AgileTest\\Reports\\AHI\\hbi\\20191217_080033\\../Screenshots/iPhone 6/hbi/Legion Limited Medical/20191217_081328/7.png, D:\\Test\\AgileTest\\Reports\\AHI\\hbi\\20191217_080033\\../Screenshots/iPhone 6/hbi/Legion Limited Medical/20191217_081328/8.png, D:\\Test\\AgileTest\\Reports\\AHI\\hbi\\20191217_080033\\../Screenshots/iPhone 6/hbi/Legion Limited Medical/20191217_081328/9.png, D:\\Test\\AgileTest\\Reports\\AHI\\hbi\\20191217_080033\\../Screenshots/iPhone 6/hbi/Cardinal Choice/20191217_081505/0.png, D:\\Test\\AgileTest\\Reports\\AHI\\hbi\\20191217_080033\\../Screenshots/iPhone 6/hbi/Cardinal Choice/20191217_081505/1.png, D:\\Test\\AgileTest\\Reports\\AHI\\hbi\\20191217_080033\\../Screenshots/iPhone 6/hbi/Cardinal Choice/20191217_081505/2.png, D:\\Test\\AgileTest\\Reports\\AHI\\hbi\\20191217_080033\\../Screenshots/iPhone 6/hbi/Cardinal Choice/20191217_081505/3.png, D:\\Test\\AgileTest\\Reports\\AHI\\hbi\\20191217_080033\\../Screenshots/iPhone 6/hbi/Cardinal Choice/20191217_081505/4.png, D:\\Test\\AgileTest\\Reports\\AHI\\hbi\\20191217_080033\\../Screenshots/iPhone 6/hbi/Cardinal Choice/20191217_081505/5.png, D:\\Test\\AgileTest\\Reports\\AHI\\hbi\\20191217_080033\\../Screenshots/iPhone 6/hbi/Cardinal Choice/20191217_081505/6.png, D:\\Test\\AgileTest\\Reports\\AHI\\hbi\\20191217_080033\\../Screenshots/iPhone 6/hbi/Cardinal Choice/20191217_081505/7.png, D:\\Test\\AgileTest\\Reports\\AHI\\hbi\\20191217_080033\\../Screenshots/iPhone 6/hbi/Cardinal Choice/20191217_081505/8.png, D:\\Test\\AgileTest\\Reports\\AHI\\hbi\\20191217_080033\\../Screenshots/iPhone 6/hbi/Cardinal Choice/20191217_081505/9.png, D:\\Test\\AgileTest\\Reports\\AHI\\hbi\\20191217_080033\\../Screenshots/iPhone 6/hbi/Core Shield/20191217_081649/0.png, D:\\Test\\AgileTest\\Reports\\AHI\\hbi\\20191217_080033\\../Screenshots/iPhone 6/hbi/Core Shield/20191217_081649/1.png, D:\\Test\\AgileTest\\Reports\\AHI\\hbi\\20191217_080033\\../Screenshots/iPhone 6/hbi/Core Shield/20191217_081649/2.png, D:\\Test\\AgileTest\\Reports\\AHI\\hbi\\20191217_080033\\../Screenshots/iPhone 6/hbi/Core Shield/20191217_081649/3.png, D:\\Test\\AgileTest\\Reports\\AHI\\hbi\\20191217_080033\\../Screenshots/iPhone 6/hbi/Core Shield/20191217_081649/4.png, D:\\Test\\AgileTest\\Reports\\AHI\\hbi\\20191217_080033\\../Screenshots/iPhone 6/hbi/Core Shield/20191217_081649/5.png, D:\\Test\\AgileTest\\Reports\\AHI\\hbi\\20191217_080033\\../Screenshots/iPhone 6/hbi/Core Shield/20191217_081649/6.png, D:\\Test\\AgileTest\\Reports\\AHI\\hbi\\20191217_080033\\../Screenshots/iPhone 6/hbi/Core Shield/20191217_081649/7.png, D:\\Test\\AgileTest\\Reports\\AHI\\hbi\\20191217_080033\\../Screenshots/iPhone 6/hbi/Core Shield/20191217_081649/8.png, D:\\Test\\AgileTest\\Reports\\AHI\\hbi\\20191217_080033\\../Screenshots/iPhone 6/hbi/Core Shield/20191217_081649/9.png, D:\\Test\\AgileTest\\Reports\\AHI\\hbi\\20191217_080033\\../Screenshots/iPhone 6/hbi/Agile Secure/20191217_081844/0.png, D:\\Test\\AgileTest\\Reports\\AHI\\hbi\\20191217_080033\\../Screenshots/iPhone 6/hbi/Agile Secure/20191217_081844/1.png, D:\\Test\\AgileTest\\Reports\\AHI\\hbi\\20191217_080033\\../Screenshots/iPhone 6/hbi/Agile Secure/20191217_081844/2.png, D:\\Test\\AgileTest\\Reports\\AHI\\hbi\\20191217_080033\\../Screenshots/iPhone 6/hbi/Agile Secure/20191217_081844/3.png, D:\\Test\\AgileTest\\Reports\\AHI\\hbi\\20191217_080033\\../Screenshots/iPhone 6/hbi/Agile Secure/20191217_081844/4.png, D:\\Test\\AgileTest\\Reports\\AHI\\hbi\\20191217_080033\\../Screenshots/iPhone 6/hbi/Agile Secure/20191217_081844/5.png, D:\\Test\\AgileTest\\Reports\\AHI\\hbi\\20191217_080033\\../Screenshots/iPhone 6/hbi/Agile Secure/20191217_081844/6.png, D:\\Test\\AgileTest\\Reports\\AHI\\hbi\\20191217_080033\\../Screenshots/iPhone 6/hbi/Agile Secure/20191217_081844/7.png, D:\\Test\\AgileTest\\Reports\\AHI\\hbi\\20191217_080033\\../Screenshots/iPhone 6/hbi/Agile Secure/20191217_081844/8.png, D:\\Test\\AgileTest\\Reports\\AHI\\hbi\\20191217_080033\\../Screenshots/iPhone 6/hbi/Fixed Cash Benefit/20191217_082029/0.png, D:\\Test\\AgileTest\\Reports\\AHI\\hbi\\20191217_080033\\../Screenshots/iPhone 6/hbi/Fixed Cash Benefit/20191217_082029/1.png, D:\\Test\\AgileTest\\Reports\\AHI\\hbi\\20191217_080033\\../Screenshots/iPhone 6/hbi/Fixed Cash Benefit/20191217_082029/2.png, D:\\Test\\AgileTest\\Reports\\AHI\\hbi\\20191217_080033\\../Screenshots/iPhone 6/hbi/Fixed Cash Benefit/20191217_082029/3.png, D:\\Test\\AgileTest\\Reports\\AHI\\hbi\\20191217_080033\\../Screenshots/iPhone 6/hbi/Fixed Cash Benefit/20191217_082029/4.png, D:\\Test\\AgileTest\\Reports\\AHI\\hbi\\20191217_080033\\../Screenshots/iPhone 6/hbi/Fixed Cash Benefit/20191217_082029/5.png, D:\\Test\\AgileTest\\Reports\\AHI\\hbi\\20191217_080033\\../Screenshots/iPhone 6/hbi/Fixed Cash Benefit/20191217_082029/6.png, D:\\Test\\AgileTest\\Reports\\AHI\\hbi\\20191217_080033\\../Screenshots/iPhone 6/hbi/Fixed Cash Benefit/20191217_082029/7.png, D:\\Test\\AgileTest\\Reports\\AHI\\hbi\\20191217_080033\\../Screenshots/iPhone 6/hbi/Fixed Cash Benefit/20191217_082029/8.png, D:\\Test\\AgileTest\\Reports\\AHI\\hbi\\20191217_080033\\../Screenshots/iPhone 6/hbi/Fixed Cash Benefit/20191217_082029/9.png, D:\\Test\\AgileTest\\Reports\\AHI\\hbi\\20191217_080033\\../Screenshots/iPhone 6/hbi/Health Choice/20191217_082201/0.png, D:\\Test\\AgileTest\\Reports\\AHI\\hbi\\20191217_080033\\../Screenshots/iPhone 6/hbi/Health Choice/20191217_082201/1.png, D:\\Test\\AgileTest\\Reports\\AHI\\hbi\\20191217_080033\\../Screenshots/iPhone 6/hbi/Health Choice/20191217_082201/2.png, D:\\Test\\AgileTest\\Reports\\AHI\\hbi\\20191217_080033\\../Screenshots/iPhone 6/hbi/Health Choice/20191217_082201/3.png, D:\\Test\\AgileTest\\Reports\\AHI\\hbi\\20191217_080033\\../Screenshots/iPhone 6/hbi/Health Choice/20191217_082201/4.png, D:\\Test\\AgileTest\\Reports\\AHI\\hbi\\20191217_080033\\../Screenshots/iPhone 6/hbi/Health Choice/20191217_082201/5.png, D:\\Test\\AgileTest\\Reports\\AHI\\hbi\\20191217_080033\\../Screenshots/iPhone 6/hbi/Health Choice/20191217_082201/6.png, D:\\Test\\AgileTest\\Reports\\AHI\\hbi\\20191217_080033\\../Screenshots/iPhone 6/hbi/Health Choice/20191217_082201/7.png, D:\\Test\\AgileTest\\Reports\\AHI\\hbi\\20191217_080033\\../Screenshots/iPhone 6/hbi/Health Choice/20191217_082201/8.png, D:\\Test\\AgileTest\\Reports\\AHI\\hbi\\20191217_080033\\../Screenshots/iPhone 6/hbi/Health Choice/20191217_082201/9.png, D:\\Test\\AgileTest\\Reports\\AHI\\hbi\\20191217_080033\\../Screenshots/iPhone 6/hbi/Vitala Care/20191217_082330/0.png, D:\\Test\\AgileTest\\Reports\\AHI\\hbi\\20191217_080033\\../Screenshots/iPhone 6/hbi/Vitala Care/20191217_082330/1.png, D:\\Test\\AgileTest\\Reports\\AHI\\hbi\\20191217_080033\\../Screenshots/iPhone 6/hbi/Vitala Care/20191217_082330/2.png, D:\\Test\\AgileTest\\Reports\\AHI\\hbi\\20191217_080033\\../Screenshots/iPhone 6/hbi/Vitala Care/20191217_082330/3.png, D:\\Test\\AgileTest\\Reports\\AHI\\hbi\\20191217_080033\\../Screenshots/iPhone 6/hbi/Vitala Care/20191217_082330/4.png, D:\\Test\\AgileTest\\Reports\\AHI\\hbi\\20191217_080033\\../Screenshots/iPhone 6/hbi/Vitala Care/20191217_082330/5.png, D:\\Test\\AgileTest\\Reports\\AHI\\hbi\\20191217_080033\\../Screenshots/iPhone 6/hbi/Vitala Care/20191217_082330/6.png, D:\\Test\\AgileTest\\Reports\\AHI\\hbi\\20191217_080033\\../Screenshots/iPhone 6/hbi/Vitala Care/20191217_082330/7.png, D:\\Test\\AgileTest\\Reports\\AHI\\hbi\\20191217_080033\\../Screenshots/iPhone 6/hbi/Vitala Care/20191217_082330/8.png, D:\\Test\\AgileTest\\Reports\\AHI\\hbi\\20191217_080033\\../Screenshots/iPhone 6/hbi/Vitala Care/20191217_082330/9.png, D:\\Test\\AgileTest\\Reports\\AHI\\hbi\\20191217_080033\\../Screenshots/iPhone 6/hbi/Vitala Care/20191217_082330/10.png"/>
         <property name="hostName" value="Administrator - 172.30.0.53"/>
         <property name="os" value="Windows Server 2012 R2 64bit"/>
         <property name="katalonVersion" value="5.10.1.1"/>
         <property name="browser" value="Safari 11"/>
         <property name="hostAddress" value="172.30.0.53"/>
         <property name="sessionId" value="97338518e754fe8046411fec4dac5192"/>
         <property name="seleniumVersion" value="3.7.1"/>
         <property name="proxyInformation" value="ProxyInformation{proxyOption=NO_PROXY, proxyServerType=HTTP, password=, proxyServerAddress=, proxyServerPort=0}"/>
         <property name="platform" value="Windows Server 2012 R2"/>
      </properties>
      <testcase name="Test Cases/AHI/HBI/Agile One" classname="Test Cases/AHI/HBI/Agile One" status="PASSED">
         <system-out><![CDATA[2019-12-17 08:11:41 - [TEST_CASE][PASSED] - Test Cases/AHI/HBI/Agile One: Test Cases/AHI/HBI/Agile One

2019-12-17 08:11:42 - [TEST_STEP][PASSED] - callTestCase(findTestCase("AHI/_include/get_screenPath"), ["productLine":"hbi", "carrierName":"Agile One"], CONTINUE_ON_FAILURE): Call Test Case 'Test Cases/AHI/_include/get_screenPath' successfully

2019-12-17 08:11:42 - [TEST_CASE][PASSED] - Test Cases/AHI/_include/get_screenPath: Test Cases/AHI/_include/get_screenPath

2019-12-17 08:11:42 - [TEST_STEP][PASSED] - m = getExecutionProperties(): null

2019-12-17 08:11:42 - [TEST_STEP][PASSED] - deviceName = get("mobileEmulation").get("deviceName"): null

2019-12-17 08:11:42 - [TEST_STEP][PASSED] - println(deviceName): null

2019-12-17 08:11:42 - [TEST_STEP][PASSED] - now = new java.util.Date(): null

2019-12-17 08:11:42 - [TEST_STEP][PASSED] - mydate = now.format("yyyyMMdd_HHmmss"): null

2019-12-17 08:11:42 - [TEST_STEP][PASSED] - screenPath = "../Screenshots/": null

2019-12-17 08:11:42 - [TEST_STEP][PASSED] - screenPath = screenPath + deviceName + "/" + productLine + "/" + carrierName + "/" + mydate + "/": null

2019-12-17 08:11:42 - [TEST_STEP][PASSED] - println(screenPath): null

2019-12-17 08:11:42 - [MESSAGE][PASSED] - Call Test Case 'Test Cases/AHI/_include/get_screenPath' successfully

2019-12-17 08:11:42 - [TEST_STEP][PASSED] - i = 0: null

2019-12-17 08:11:42 - [TEST_STEP][PASSED] - callTestCase(findTestCase("AHI/_include/openWebSite"), [:], CONTINUE_ON_FAILURE): Call Test Case 'Test Cases/AHI/_include/openWebSite' successfully

2019-12-17 08:11:42 - [TEST_CASE][PASSED] - Test Cases/AHI/_include/openWebSite: Test Cases/AHI/_include/openWebSite

2019-12-17 08:11:43 - [TEST_STEP][PASSED] - openBrowser(env): Browser is opened with url: 'https://praetemptatus.agilehealthinsurance.com'

2019-12-17 08:11:43 - [MESSAGE][INFO] - Starting 'Chrome' driver

2019-12-17 08:11:43 - [MESSAGE][INFO] - User set preference: ['mobileEmulation', '{deviceName=iPhone 6}']

2019-12-17 08:11:43 - [MESSAGE][INFO] - User set preference: ['args', '[--incognito, --aggressive-cache-discard, --window-size=375,677, --no-sandbox]']

2019-12-17 08:11:43 - [MESSAGE][INFO] - Action delay is set to 0 seconds

2019-12-17 08:11:47 - [MESSAGE][PASSED] - Browser is opened with url: 'https://praetemptatus.agilehealthinsurance.com'

2019-12-17 08:11:47 - [TEST_STEP][PASSED] - waitForPageLoad(20): Wait for page load successfully

2019-12-17 08:11:47 - [MESSAGE][PASSED] - Wait for page load successfully

2019-12-17 08:11:47 - [TEST_STEP][PASSED] - callTestCase(findTestCase("AHI/_include/get_screenshot"), [:], STOP_ON_FAILURE): Call Test Case 'Test Cases/AHI/_include/get_screenshot' successfully

2019-12-17 08:11:47 - [TEST_CASE][PASSED] - Test Cases/AHI/_include/get_screenshot: Test Cases/AHI/_include/get_screenshot

2019-12-17 08:11:47 - [TEST_STEP][PASSED] - takeScreenshot(screenPath + i + ".png"): Taking screenshot successfully

2019-12-17 08:11:49 - [MESSAGE][PASSED] - Taking screenshot successfully
[[ATTACHMENT|D:\\Test\\AgileTest\\Reports\\AHI\\hbi\\20191217_080033\\../Screenshots/iPhone 6/hbi/Agile One/20191217_081142/0.png]]

2019-12-17 08:11:49 - [TEST_STEP][PASSED] - (internal.GlobalVariable.i++): null

2019-12-17 08:11:49 - [MESSAGE][PASSED] - Call Test Case 'Test Cases/AHI/_include/get_screenshot' successfully

2019-12-17 08:11:49 - [MESSAGE][PASSED] - Call Test Case 'Test Cases/AHI/_include/openWebSite' successfully

2019-12-17 08:11:49 - [TEST_STEP][PASSED] - callTestCase(findTestCase("AHI/_include/census_hbi"), [:], CONTINUE_ON_FAILURE): Call Test Case 'Test Cases/AHI/_include/census_hbi' successfully

2019-12-17 08:11:49 - [TEST_CASE][PASSED] - Test Cases/AHI/_include/census_hbi: Test Cases/AHI/_include/census_hbi

2019-12-17 08:11:49 - [TEST_STEP][PASSED] - click(findTestObject("mobileSanity/Common/side_nav/menu")): Object: 'Object Repository/mobileSanity/Common/side_nav/menu' is clicked on

2019-12-17 08:11:49 - [MESSAGE][PASSED] - Object: 'Object Repository/mobileSanity/Common/side_nav/menu' is clicked on

2019-12-17 08:11:49 - [TEST_STEP][PASSED] - Thread.sleep(3000): null

2019-12-17 08:11:52 - [TEST_STEP][PASSED] - callTestCase(findTestCase("AHI/_include/get_screenshot"), [:], STOP_ON_FAILURE): Call Test Case 'Test Cases/AHI/_include/get_screenshot' successfully

2019-12-17 08:11:52 - [TEST_CASE][PASSED] - Test Cases/AHI/_include/get_screenshot: Test Cases/AHI/_include/get_screenshot

2019-12-17 08:11:52 - [TEST_STEP][PASSED] - takeScreenshot(screenPath + i + ".png"): Taking screenshot successfully

2019-12-17 08:11:53 - [MESSAGE][PASSED] - Taking screenshot successfully
[[ATTACHMENT|D:\\Test\\AgileTest\\Reports\\AHI\\hbi\\20191217_080033\\../Screenshots/iPhone 6/hbi/Agile One/20191217_081142/1.png]]

2019-12-17 08:11:53 - [TEST_STEP][PASSED] - (internal.GlobalVariable.i++): null

2019-12-17 08:11:53 - [MESSAGE][PASSED] - Call Test Case 'Test Cases/AHI/_include/get_screenshot' successfully

2019-12-17 08:11:53 - [TEST_STEP][PASSED] - click(findTestObject("mobileSanity/Common/side_nav/nav_hbi")): Object: 'Object Repository/mobileSanity/Common/side_nav/nav_hbi' is clicked on

2019-12-17 08:11:54 - [MESSAGE][PASSED] - Object: 'Object Repository/mobileSanity/Common/side_nav/nav_hbi' is clicked on

2019-12-17 08:11:54 - [TEST_STEP][PASSED] - waitForPageLoad(10): Wait for page load successfully

2019-12-17 08:11:54 - [MESSAGE][PASSED] - Wait for page load successfully

2019-12-17 08:11:54 - [TEST_STEP][PASSED] - Thread.sleep(3000): null

2019-12-17 08:11:57 - [TEST_STEP][PASSED] - callTestCase(findTestCase("AHI/_include/get_screenshot"), [:], STOP_ON_FAILURE): Call Test Case 'Test Cases/AHI/_include/get_screenshot' successfully

2019-12-17 08:11:57 - [TEST_CASE][PASSED] - Test Cases/AHI/_include/get_screenshot: Test Cases/AHI/_include/get_screenshot

2019-12-17 08:11:57 - [TEST_STEP][PASSED] - takeScreenshot(screenPath + i + ".png"): Taking screenshot successfully

2019-12-17 08:11:58 - [MESSAGE][PASSED] - Taking screenshot successfully
[[ATTACHMENT|D:\\Test\\AgileTest\\Reports\\AHI\\hbi\\20191217_080033\\../Screenshots/iPhone 6/hbi/Agile One/20191217_081142/2.png]]

2019-12-17 08:11:58 - [TEST_STEP][PASSED] - (internal.GlobalVariable.i++): null

2019-12-17 08:11:58 - [MESSAGE][PASSED] - Call Test Case 'Test Cases/AHI/_include/get_screenshot' successfully

2019-12-17 08:11:58 - [TEST_STEP][PASSED] - setText(findTestObject("mobileSanity/HBI/census/input_Location_zip-input"), zipcode): Text '35215' is set on object 'Object Repository/mobileSanity/HBI/census/input_Location_zip-input'

2019-12-17 08:11:58 - [MESSAGE][PASSED] - Text '35215' is set on object 'Object Repository/mobileSanity/HBI/census/input_Location_zip-input'

2019-12-17 08:11:58 - [TEST_STEP][PASSED] - Thread.sleep(500): null

2019-12-17 08:11:58 - [TEST_STEP][PASSED] - setText(findTestObject("mobileSanity/HBI/census/input_Date of Birth_dob-0"), "12121980"): Text '12121980' is set on object 'Object Repository/mobileSanity/HBI/census/input_Date of Birth_dob-0'

2019-12-17 08:11:59 - [MESSAGE][PASSED] - Text '12121980' is set on object 'Object Repository/mobileSanity/HBI/census/input_Date of Birth_dob-0'

2019-12-17 08:11:59 - [TEST_STEP][PASSED] - click(findTestObject("mobileSanity/HBI/census/label_Male")): Object: 'Object Repository/mobileSanity/HBI/census/label_Male' is clicked on

2019-12-17 08:11:59 - [MESSAGE][PASSED] - Object: 'Object Repository/mobileSanity/HBI/census/label_Male' is clicked on

2019-12-17 08:11:59 - [TEST_STEP][PASSED] - click(findTestObject("mobileSanity/HBI/census/label_Get a Quote")): Object: 'Object Repository/mobileSanity/HBI/census/label_Get a Quote' is clicked on

2019-12-17 08:12:00 - [MESSAGE][PASSED] - Object: 'Object Repository/mobileSanity/HBI/census/label_Get a Quote' is clicked on

2019-12-17 08:12:00 - [TEST_STEP][PASSED] - waitForPageLoad(20): Wait for page load successfully

2019-12-17 08:12:01 - [MESSAGE][PASSED] - Wait for page load successfully

2019-12-17 08:12:01 - [TEST_STEP][PASSED] - Thread.sleep(3000): null

2019-12-17 08:12:04 - [TEST_STEP][PASSED] - callTestCase(findTestCase("AHI/_include/check_quoteleadform"), [:], STOP_ON_FAILURE): Call Test Case 'Test Cases/AHI/_include/check_quoteleadform' successfully

2019-12-17 08:12:04 - [TEST_CASE][PASSED] - Test Cases/AHI/_include/check_quoteleadform: Test Cases/AHI/_include/check_quoteleadform

2019-12-17 08:12:04 - [TEST_STEP][PASSED] - callTestCase(findTestCase("AHI/_include/name"), [:], CONTINUE_ON_FAILURE): Call Test Case 'Test Cases/AHI/_include/name' successfully

2019-12-17 08:12:04 - [TEST_CASE][PASSED] - Test Cases/AHI/_include/name: Test Cases/AHI/_include/name

2019-12-17 08:12:05 - [TEST_STEP][PASSED] - driver = getWebDriver(): null

2019-12-17 08:12:05 - [TEST_STEP][PASSED] - selenium = new com.thoughtworks.selenium.webdriven.WebDriverBackedSelenium(driver, internal.GlobalVariable.ENV): null

2019-12-17 08:12:05 - [TEST_STEP][PASSED] - FirstName = "Test-123": null

2019-12-17 08:12:05 - [TEST_STEP][PASSED] - LastName = selenium.getEval("{var x="ABCDEFGHIJKLMNOPQRSTUVWXYZabcdefghijklmnopqrstuvwxyz"; var tmp="ZZ11-"; for (i=0;i<8;i++) tmp+=x.charAt(Math.ceil(51*Math.random()));tmp;}"): null

2019-12-17 08:12:05 - [TEST_STEP][PASSED] - Address = selenium.getEval("{var x="ABCDEFGHIJKLMNOPQRSTUVWXYZabcdefghijklmnopqrstuvwxyz"; var tmp=""; for (i=0;i<8;i++) tmp+=x.charAt(Math.ceil(51*Math.random()));tmp;}"): null

2019-12-17 08:12:05 - [TEST_STEP][PASSED] - City = selenium.getEval("{var x="ABCDEFGHIJKLMNOPQRSTUVWXYZabcdefghijklmnopqrstuvwxyz"; var tmp=""; for (i=0;i<8;i++) tmp+=x.charAt(Math.ceil(51*Math.random()));tmp;}"): null

2019-12-17 08:12:05 - [TEST_STEP][PASSED] - tel1 = selenium.getEval("{var x="123456789"; var tmp=""; for (i=0;i<3;i++) tmp+=x.charAt(Math.ceil(8*Math.random()));tmp;}"): null

2019-12-17 08:12:05 - [TEST_STEP][PASSED] - tel2 = selenium.getEval("{var x="123456789"; var tmp=""; for (i=0;i<3;i++) tmp+=x.charAt(Math.ceil(8*Math.random()));tmp;}"): null

2019-12-17 08:12:05 - [TEST_STEP][PASSED] - tel3 = selenium.getEval("{var x="123456789"; var tmp=""; for (i=0;i<4;i++) tmp+=x.charAt(Math.ceil(8*Math.random()));tmp;}"): null

2019-12-17 08:12:05 - [TEST_STEP][PASSED] - Tel = selenium.getExpression(tel1 + "-" + tel2 + "-" + tel3): null

2019-12-17 08:12:05 - [TEST_STEP][PASSED] - AutoEmail = selenium.getEval("{var x="ABCDEFGHIJKLMNOPQRSTUVWXYZabcdefghijklmnopqrstuvwxyz"; var tmp="test."; for (i=0;i<8;i++) tmp+=x.charAt(Math.ceil(51*Math.random()));tmp+="@suryani.cn";}"): null

2019-12-17 08:12:05 - [TEST_STEP][PASSED] - FirstName = FirstName: null

2019-12-17 08:12:05 - [TEST_STEP][PASSED] - LastName = LastName: null

2019-12-17 08:12:05 - [TEST_STEP][PASSED] - Address = Address: null

2019-12-17 08:12:05 - [TEST_STEP][PASSED] - City = City: null

2019-12-17 08:12:05 - [TEST_STEP][PASSED] - Tel = Tel: null

2019-12-17 08:12:05 - [TEST_STEP][PASSED] - AutoEmail = AutoEmail: null

2019-12-17 08:12:05 - [TEST_STEP][PASSED] - println(FirstName): null

2019-12-17 08:12:05 - [TEST_STEP][PASSED] - println(LastName): null

2019-12-17 08:12:05 - [TEST_STEP][PASSED] - println(Address): null

2019-12-17 08:12:05 - [TEST_STEP][PASSED] - println(City): null

2019-12-17 08:12:05 - [TEST_STEP][PASSED] - println(Tel): null

2019-12-17 08:12:05 - [TEST_STEP][PASSED] - println(AutoEmail): null

2019-12-17 08:12:05 - [MESSAGE][PASSED] - Call Test Case 'Test Cases/AHI/_include/name' successfully

2019-12-17 08:12:05 - [TEST_STEP][PASSED] - leadform_exist = test.MobileKeywords.isElementPresent_Web(findTestObject("mobileSanity/quote lead form/lead_form"), 20): test.MobileKeywords.isElementPresent_Web is PASSED

2019-12-17 08:12:05 - [MESSAGE][PASSED] - test.MobileKeywords.isElementPresent_Web is PASSED

2019-12-17 08:12:05 - [TEST_STEP][PASSED] - if (leadform_exist): null

2019-12-17 08:12:05 - [TEST_STEP][PASSED] - setText(findTestObject("mobileSanity/quote lead form/first"), FirstName): Text 'Test-123' is set on object 'Object Repository/mobileSanity/quote lead form/first'

2019-12-17 08:12:05 - [MESSAGE][PASSED] - Text 'Test-123' is set on object 'Object Repository/mobileSanity/quote lead form/first'

2019-12-17 08:12:05 - [TEST_STEP][PASSED] - setText(findTestObject("mobileSanity/quote lead form/last"), LastName): Text 'ZZ11-HKQgLNGs' is set on object 'Object Repository/mobileSanity/quote lead form/last'

2019-12-17 08:12:06 - [MESSAGE][PASSED] - Text 'ZZ11-HKQgLNGs' is set on object 'Object Repository/mobileSanity/quote lead form/last'

2019-12-17 08:12:06 - [TEST_STEP][PASSED] - setText(findTestObject("mobileSanity/quote lead form/email"), AutoEmail): Text 'test.ZYOXgwMw@suryani.cn' is set on object 'Object Repository/mobileSanity/quote lead form/email'

2019-12-17 08:12:06 - [MESSAGE][PASSED] - Text 'test.ZYOXgwMw@suryani.cn' is set on object 'Object Repository/mobileSanity/quote lead form/email'

2019-12-17 08:12:06 - [TEST_STEP][PASSED] - setText(findTestObject("mobileSanity/quote lead form/phone"), Tel): Text '953-593-8634' is set on object 'Object Repository/mobileSanity/quote lead form/phone'

2019-12-17 08:12:06 - [MESSAGE][PASSED] - Text '953-593-8634' is set on object 'Object Repository/mobileSanity/quote lead form/phone'

2019-12-17 08:12:06 - [TEST_STEP][PASSED] - click(findTestObject("mobileSanity/quote lead form/submit")): Object: 'Object Repository/mobileSanity/quote lead form/submit' is clicked on

2019-12-17 08:12:07 - [MESSAGE][PASSED] - Object: 'Object Repository/mobileSanity/quote lead form/submit' is clicked on

2019-12-17 08:12:07 - [TEST_STEP][PASSED] - Thread.sleep(3000): null

2019-12-17 08:12:10 - [MESSAGE][PASSED] - Call Test Case 'Test Cases/AHI/_include/check_quoteleadform' successfully

2019-12-17 08:12:10 - [TEST_STEP][PASSED] - callTestCase(findTestCase("AHI/_include/get_screenshot"), [:], STOP_ON_FAILURE): Call Test Case 'Test Cases/AHI/_include/get_screenshot' successfully

2019-12-17 08:12:10 - [TEST_CASE][PASSED] - Test Cases/AHI/_include/get_screenshot: Test Cases/AHI/_include/get_screenshot

2019-12-17 08:12:10 - [TEST_STEP][PASSED] - takeScreenshot(screenPath + i + ".png"): Taking screenshot successfully

2019-12-17 08:12:10 - [MESSAGE][PASSED] - Taking screenshot successfully
[[ATTACHMENT|D:\\Test\\AgileTest\\Reports\\AHI\\hbi\\20191217_080033\\../Screenshots/iPhone 6/hbi/Agile One/20191217_081142/3.png]]

2019-12-17 08:12:10 - [TEST_STEP][PASSED] - (internal.GlobalVariable.i++): null

2019-12-17 08:12:10 - [MESSAGE][PASSED] - Call Test Case 'Test Cases/AHI/_include/get_screenshot' successfully

2019-12-17 08:12:10 - [MESSAGE][PASSED] - Call Test Case 'Test Cases/AHI/_include/census_hbi' successfully

2019-12-17 08:12:10 - [TEST_STEP][PASSED] - Thread.sleep(5000): null

2019-12-17 08:12:15 - [TEST_STEP][PASSED] - scrollToPosition(200, 2300): Browser is scrolled to position x = 200, y = 2300

2019-12-17 08:12:16 - [MESSAGE][PASSED] - Browser is scrolled to position x = 200, y = 2300

2019-12-17 08:12:16 - [TEST_STEP][PASSED] - click(findTestObject("mobileSanity/HBI/quote/a_Agile One 750")): Object: 'Object Repository/mobileSanity/HBI/quote/a_Agile One 750' is clicked on

2019-12-17 08:12:19 - [MESSAGE][PASSED] - Object: 'Object Repository/mobileSanity/HBI/quote/a_Agile One 750' is clicked on

2019-12-17 08:12:19 - [TEST_STEP][PASSED] - waitForPageLoad(20): Wait for page load successfully

2019-12-17 08:12:20 - [MESSAGE][PASSED] - Wait for page load successfully

2019-12-17 08:12:20 - [TEST_STEP][PASSED] - waitForElementPresent(findTestObject("mobileSanity/HBI/detail/a_Apply for This Plan"), 20): Object 'Object Repository/mobileSanity/HBI/detail/a_Apply for This Plan' is present

2019-12-17 08:12:20 - [MESSAGE][PASSED] - Object 'Object Repository/mobileSanity/HBI/detail/a_Apply for This Plan' is present

2019-12-17 08:12:20 - [TEST_STEP][PASSED] - callTestCase(findTestCase("AHI/_include/get_screenshot"), [:], STOP_ON_FAILURE): Call Test Case 'Test Cases/AHI/_include/get_screenshot' successfully

2019-12-17 08:12:20 - [TEST_CASE][PASSED] - Test Cases/AHI/_include/get_screenshot: Test Cases/AHI/_include/get_screenshot

2019-12-17 08:12:21 - [TEST_STEP][PASSED] - takeScreenshot(screenPath + i + ".png"): Taking screenshot successfully

2019-12-17 08:12:21 - [MESSAGE][PASSED] - Taking screenshot successfully
[[ATTACHMENT|D:\\Test\\AgileTest\\Reports\\AHI\\hbi\\20191217_080033\\../Screenshots/iPhone 6/hbi/Agile One/20191217_081142/4.png]]

2019-12-17 08:12:21 - [TEST_STEP][PASSED] - (internal.GlobalVariable.i++): null

2019-12-17 08:12:21 - [MESSAGE][PASSED] - Call Test Case 'Test Cases/AHI/_include/get_screenshot' successfully

2019-12-17 08:12:21 - [TEST_STEP][PASSED] - click(findTestObject("mobileSanity/HBI/detail/a_Apply for This Plan")): Object: 'Object Repository/mobileSanity/HBI/detail/a_Apply for This Plan' is clicked on

2019-12-17 08:12:22 - [MESSAGE][PASSED] - Object: 'Object Repository/mobileSanity/HBI/detail/a_Apply for This Plan' is clicked on

2019-12-17 08:12:22 - [TEST_STEP][PASSED] - waitForPageLoad(20): Wait for page load successfully

2019-12-17 08:12:22 - [MESSAGE][PASSED] - Wait for page load successfully

2019-12-17 08:12:22 - [TEST_STEP][PASSED] - waitForElementPresent(findTestObject("mobileSanity/HBI/Page_Apply/span_Start Secure Application"), 20): Object 'Object Repository/mobileSanity/HBI/Page_Apply/span_Start Secure Application' is present

2019-12-17 08:12:22 - [MESSAGE][PASSED] - Object 'Object Repository/mobileSanity/HBI/Page_Apply/span_Start Secure Application' is present

2019-12-17 08:12:22 - [TEST_STEP][PASSED] - callTestCase(findTestCase("AHI/_include/get_screenshot"), [:], STOP_ON_FAILURE): Call Test Case 'Test Cases/AHI/_include/get_screenshot' successfully

2019-12-17 08:12:22 - [TEST_CASE][PASSED] - Test Cases/AHI/_include/get_screenshot: Test Cases/AHI/_include/get_screenshot

2019-12-17 08:12:22 - [TEST_STEP][PASSED] - takeScreenshot(screenPath + i + ".png"): Taking screenshot successfully

2019-12-17 08:12:23 - [MESSAGE][PASSED] - Taking screenshot successfully
[[ATTACHMENT|D:\\Test\\AgileTest\\Reports\\AHI\\hbi\\20191217_080033\\../Screenshots/iPhone 6/hbi/Agile One/20191217_081142/5.png]]

2019-12-17 08:12:23 - [TEST_STEP][PASSED] - (internal.GlobalVariable.i++): null

2019-12-17 08:12:23 - [MESSAGE][PASSED] - Call Test Case 'Test Cases/AHI/_include/get_screenshot' successfully

2019-12-17 08:12:23 - [TEST_STEP][PASSED] - click(findTestObject("mobileSanity/HBI/Page_Apply/span_Start Secure Application")): Object: 'Object Repository/mobileSanity/HBI/Page_Apply/span_Start Secure Application' is clicked on

2019-12-17 08:12:24 - [MESSAGE][PASSED] - Object: 'Object Repository/mobileSanity/HBI/Page_Apply/span_Start Secure Application' is clicked on

2019-12-17 08:12:24 - [TEST_STEP][PASSED] - waitForPageLoad(20): Wait for page load successfully

2019-12-17 08:12:25 - [MESSAGE][PASSED] - Wait for page load successfully

2019-12-17 08:12:25 - [TEST_STEP][PASSED] - Thread.sleep(5000): null

2019-12-17 08:12:30 - [TEST_STEP][PASSED] - callTestCase(findTestCase("AHI/_include/get_screenshot"), [:], STOP_ON_FAILURE): Call Test Case 'Test Cases/AHI/_include/get_screenshot' successfully

2019-12-17 08:12:30 - [TEST_CASE][PASSED] - Test Cases/AHI/_include/get_screenshot: Test Cases/AHI/_include/get_screenshot

2019-12-17 08:12:30 - [TEST_STEP][PASSED] - takeScreenshot(screenPath + i + ".png"): Taking screenshot successfully

2019-12-17 08:12:31 - [MESSAGE][PASSED] - Taking screenshot successfully
[[ATTACHMENT|D:\\Test\\AgileTest\\Reports\\AHI\\hbi\\20191217_080033\\../Screenshots/iPhone 6/hbi/Agile One/20191217_081142/6.png]]

2019-12-17 08:12:31 - [TEST_STEP][PASSED] - (internal.GlobalVariable.i++): null

2019-12-17 08:12:31 - [MESSAGE][PASSED] - Call Test Case 'Test Cases/AHI/_include/get_screenshot' successfully

2019-12-17 08:12:31 - [TEST_STEP][PASSED] - callTestCase(findTestCase("AHI/_include/goToEnd_hbi"), ["carrier":"agileone"], CONTINUE_ON_FAILURE): Call Test Case 'Test Cases/AHI/_include/goToEnd_hbi' successfully

2019-12-17 08:12:31 - [TEST_CASE][PASSED] - Test Cases/AHI/_include/goToEnd_hbi: Test Cases/AHI/_include/goToEnd_hbi

2019-12-17 08:12:31 - [TEST_STEP][PASSED] - if (state == "ca"): null

2019-12-17 08:12:31 - [TEST_STEP][PASSED] - callTestCase(findTestCase("AHI/_include/name"), [:], CONTINUE_ON_FAILURE): Call Test Case 'Test Cases/AHI/_include/name' successfully

2019-12-17 08:12:31 - [TEST_CASE][PASSED] - Test Cases/AHI/_include/name: Test Cases/AHI/_include/name

2019-12-17 08:12:31 - [TEST_STEP][PASSED] - driver = getWebDriver(): null

2019-12-17 08:12:31 - [TEST_STEP][PASSED] - selenium = new com.thoughtworks.selenium.webdriven.WebDriverBackedSelenium(driver, internal.GlobalVariable.ENV): null

2019-12-17 08:12:31 - [TEST_STEP][PASSED] - FirstName = "Test-123": null

2019-12-17 08:12:31 - [TEST_STEP][PASSED] - LastName = selenium.getEval("{var x="ABCDEFGHIJKLMNOPQRSTUVWXYZabcdefghijklmnopqrstuvwxyz"; var tmp="ZZ11-"; for (i=0;i<8;i++) tmp+=x.charAt(Math.ceil(51*Math.random()));tmp;}"): null

2019-12-17 08:12:31 - [TEST_STEP][PASSED] - Address = selenium.getEval("{var x="ABCDEFGHIJKLMNOPQRSTUVWXYZabcdefghijklmnopqrstuvwxyz"; var tmp=""; for (i=0;i<8;i++) tmp+=x.charAt(Math.ceil(51*Math.random()));tmp;}"): null

2019-12-17 08:12:31 - [TEST_STEP][PASSED] - City = selenium.getEval("{var x="ABCDEFGHIJKLMNOPQRSTUVWXYZabcdefghijklmnopqrstuvwxyz"; var tmp=""; for (i=0;i<8;i++) tmp+=x.charAt(Math.ceil(51*Math.random()));tmp;}"): null

2019-12-17 08:12:31 - [TEST_STEP][PASSED] - tel1 = selenium.getEval("{var x="123456789"; var tmp=""; for (i=0;i<3;i++) tmp+=x.charAt(Math.ceil(8*Math.random()));tmp;}"): null

2019-12-17 08:12:31 - [TEST_STEP][PASSED] - tel2 = selenium.getEval("{var x="123456789"; var tmp=""; for (i=0;i<3;i++) tmp+=x.charAt(Math.ceil(8*Math.random()));tmp;}"): null

2019-12-17 08:12:31 - [TEST_STEP][PASSED] - tel3 = selenium.getEval("{var x="123456789"; var tmp=""; for (i=0;i<4;i++) tmp+=x.charAt(Math.ceil(8*Math.random()));tmp;}"): null

2019-12-17 08:12:31 - [TEST_STEP][PASSED] - Tel = selenium.getExpression(tel1 + "-" + tel2 + "-" + tel3): null

2019-12-17 08:12:31 - [TEST_STEP][PASSED] - AutoEmail = selenium.getEval("{var x="ABCDEFGHIJKLMNOPQRSTUVWXYZabcdefghijklmnopqrstuvwxyz"; var tmp="test."; for (i=0;i<8;i++) tmp+=x.charAt(Math.ceil(51*Math.random()));tmp+="@suryani.cn";}"): null

2019-12-17 08:12:31 - [TEST_STEP][PASSED] - FirstName = FirstName: null

2019-12-17 08:12:31 - [TEST_STEP][PASSED] - LastName = LastName: null

2019-12-17 08:12:31 - [TEST_STEP][PASSED] - Address = Address: null

2019-12-17 08:12:31 - [TEST_STEP][PASSED] - City = City: null

2019-12-17 08:12:31 - [TEST_STEP][PASSED] - Tel = Tel: null

2019-12-17 08:12:31 - [TEST_STEP][PASSED] - AutoEmail = AutoEmail: null

2019-12-17 08:12:31 - [TEST_STEP][PASSED] - println(FirstName): null

2019-12-17 08:12:31 - [TEST_STEP][PASSED] - println(LastName): null

2019-12-17 08:12:31 - [TEST_STEP][PASSED] - println(Address): null

2019-12-17 08:12:31 - [TEST_STEP][PASSED] - println(City): null

2019-12-17 08:12:31 - [TEST_STEP][PASSED] - println(Tel): null

2019-12-17 08:12:31 - [TEST_STEP][PASSED] - println(AutoEmail): null

2019-12-17 08:12:31 - [MESSAGE][PASSED] - Call Test Case 'Test Cases/AHI/_include/name' successfully

2019-12-17 08:12:31 - [TEST_STEP][PASSED] - setText(findTestObject("mobileSanity/HBI/Page_App Page 1/input__member-P-1-firstName"), FirstName): Text 'Test-123' is set on object 'Object Repository/mobileSanity/HBI/Page_App Page 1/input__member-P-1-firstName'

2019-12-17 08:12:31 - [MESSAGE][PASSED] - Text 'Test-123' is set on object 'Object Repository/mobileSanity/HBI/Page_App Page 1/input__member-P-1-firstName'

2019-12-17 08:12:31 - [TEST_STEP][PASSED] - setText(findTestObject("mobileSanity/HBI/Page_App Page 1/input__member-P-1-lastName"), LastName): Text 'ZZ11-yFBoaVjY' is set on object 'Object Repository/mobileSanity/HBI/Page_App Page 1/input__member-P-1-lastName'

2019-12-17 08:12:31 - [MESSAGE][PASSED] - Text 'ZZ11-yFBoaVjY' is set on object 'Object Repository/mobileSanity/HBI/Page_App Page 1/input__member-P-1-lastName'

2019-12-17 08:12:31 - [TEST_STEP][PASSED] - if (carrier == "agileone" || carrier == "agilesecure"): Text 'test6' is set on object 'Object Repository/mobileSanity/HBI/Page_App Page 1/input__contingent-beneficiary-relationship'

2019-12-17 08:12:31 - [TEST_STEP][PASSED] - setText(findTestObject("mobileSanity/HBI/Page_App Page 1/input__primary-beneficiary-fir"), "test1"): Text 'test1' is set on object 'Object Repository/mobileSanity/HBI/Page_App Page 1/input__primary-beneficiary-fir'

2019-12-17 08:12:32 - [MESSAGE][PASSED] - Text 'test1' is set on object 'Object Repository/mobileSanity/HBI/Page_App Page 1/input__primary-beneficiary-fir'

2019-12-17 08:12:32 - [TEST_STEP][PASSED] - setText(findTestObject("mobileSanity/HBI/Page_App Page 1/input__primary-beneficiary-las"), "test2"): Text 'test2' is set on object 'Object Repository/mobileSanity/HBI/Page_App Page 1/input__primary-beneficiary-las'

2019-12-17 08:12:32 - [MESSAGE][PASSED] - Text 'test2' is set on object 'Object Repository/mobileSanity/HBI/Page_App Page 1/input__primary-beneficiary-las'

2019-12-17 08:12:32 - [TEST_STEP][PASSED] - setText(findTestObject("mobileSanity/HBI/Page_App Page 1/input__primary-beneficiary-rel"), "test3"): Text 'test3' is set on object 'Object Repository/mobileSanity/HBI/Page_App Page 1/input__primary-beneficiary-rel'

2019-12-17 08:12:32 - [MESSAGE][PASSED] - Text 'test3' is set on object 'Object Repository/mobileSanity/HBI/Page_App Page 1/input__primary-beneficiary-rel'

2019-12-17 08:12:32 - [TEST_STEP][PASSED] - setText(findTestObject("mobileSanity/HBI/Page_App Page 1/input__contingent-beneficiary-"), "test4"): Text 'test4' is set on object 'Object Repository/mobileSanity/HBI/Page_App Page 1/input__contingent-beneficiary-'

2019-12-17 08:12:32 - [MESSAGE][PASSED] - Text 'test4' is set on object 'Object Repository/mobileSanity/HBI/Page_App Page 1/input__contingent-beneficiary-'

2019-12-17 08:12:32 - [TEST_STEP][PASSED] - setText(findTestObject("mobileSanity/HBI/Page_App Page 1/input__contingent-beneficiary-_lastname"), "test5"): Text 'test5' is set on object 'Object Repository/mobileSanity/HBI/Page_App Page 1/input__contingent-beneficiary-_lastname'

2019-12-17 08:12:32 - [MESSAGE][PASSED] - Text 'test5' is set on object 'Object Repository/mobileSanity/HBI/Page_App Page 1/input__contingent-beneficiary-_lastname'

2019-12-17 08:12:32 - [TEST_STEP][PASSED] - setText(findTestObject("mobileSanity/HBI/Page_App Page 1/input__contingent-beneficiary-relationship"), "test6"): Text 'test6' is set on object 'Object Repository/mobileSanity/HBI/Page_App Page 1/input__contingent-beneficiary-relationship'

2019-12-17 08:12:32 - [MESSAGE][PASSED] - Text 'test6' is set on object 'Object Repository/mobileSanity/HBI/Page_App Page 1/input__contingent-beneficiary-relationship'

2019-12-17 08:12:32 - [TEST_STEP][PASSED] - setText(findTestObject("mobileSanity/HBI/Page_App Page 1/input__address"), Address): Text 'kIVJyrbD' is set on object 'Object Repository/mobileSanity/HBI/Page_App Page 1/input__address'

2019-12-17 08:12:32 - [MESSAGE][PASSED] - Text 'kIVJyrbD' is set on object 'Object Repository/mobileSanity/HBI/Page_App Page 1/input__address'

2019-12-17 08:12:32 - [TEST_STEP][PASSED] - setText(findTestObject("mobileSanity/HBI/Page_App Page 1/input__city"), City): Text 'sxzcdeht' is set on object 'Object Repository/mobileSanity/HBI/Page_App Page 1/input__city'

2019-12-17 08:12:33 - [MESSAGE][PASSED] - Text 'sxzcdeht' is set on object 'Object Repository/mobileSanity/HBI/Page_App Page 1/input__city'

2019-12-17 08:12:33 - [TEST_STEP][PASSED] - setText(findTestObject("mobileSanity/HBI/Page_App Page 1/input__email"), AutoEmail): Text 'test.NCykKejo@suryani.cn' is set on object 'Object Repository/mobileSanity/HBI/Page_App Page 1/input__email'

2019-12-17 08:12:33 - [MESSAGE][PASSED] - Text 'test.NCykKejo@suryani.cn' is set on object 'Object Repository/mobileSanity/HBI/Page_App Page 1/input__email'

2019-12-17 08:12:33 - [TEST_STEP][PASSED] - setText(findTestObject("mobileSanity/HBI/Page_App Page 1/input_tel"), Tel): Text '775-465-5584' is set on object 'Object Repository/mobileSanity/HBI/Page_App Page 1/input_tel'

2019-12-17 08:12:33 - [MESSAGE][PASSED] - Text '775-465-5584' is set on object 'Object Repository/mobileSanity/HBI/Page_App Page 1/input_tel'

2019-12-17 08:12:33 - [TEST_STEP][PASSED] - Thread.sleep(5000): null

2019-12-17 08:12:38 - [TEST_STEP][PASSED] - click(findTestObject("mobileSanity/HBI/Page_App Page 1/a_Continue to Step 2 - Payment")): Object: 'Object Repository/mobileSanity/HBI/Page_App Page 1/a_Continue to Step 2 - Payment' is clicked on

2019-12-17 08:12:38 - [MESSAGE][PASSED] - Object: 'Object Repository/mobileSanity/HBI/Page_App Page 1/a_Continue to Step 2 - Payment' is clicked on

2019-12-17 08:12:38 - [TEST_STEP][PASSED] - waitForPageLoad(20): Wait for page load successfully

2019-12-17 08:12:39 - [MESSAGE][PASSED] - Wait for page load successfully

2019-12-17 08:12:39 - [TEST_STEP][PASSED] - Thread.sleep(2000): null

2019-12-17 08:12:41 - [TEST_STEP][PASSED] - waitForElementVisible(findTestObject("mobileSanity/HBI/Page_App Page 2/input__credit-card-first"), 20): Object 'Object Repository/mobileSanity/HBI/Page_App Page 2/input__credit-card-first' is visible

2019-12-17 08:12:41 - [MESSAGE][PASSED] - Object 'Object Repository/mobileSanity/HBI/Page_App Page 2/input__credit-card-first' is visible

2019-12-17 08:12:41 - [TEST_STEP][PASSED] - callTestCase(findTestCase("AHI/_include/get_screenshot"), [:], STOP_ON_FAILURE): Call Test Case 'Test Cases/AHI/_include/get_screenshot' successfully

2019-12-17 08:12:41 - [TEST_CASE][PASSED] - Test Cases/AHI/_include/get_screenshot: Test Cases/AHI/_include/get_screenshot

2019-12-17 08:12:41 - [TEST_STEP][PASSED] - takeScreenshot(screenPath + i + ".png"): Taking screenshot successfully

2019-12-17 08:12:41 - [MESSAGE][PASSED] - Taking screenshot successfully
[[ATTACHMENT|D:\\Test\\AgileTest\\Reports\\AHI\\hbi\\20191217_080033\\../Screenshots/iPhone 6/hbi/Agile One/20191217_081142/7.png]]

2019-12-17 08:12:41 - [TEST_STEP][PASSED] - (internal.GlobalVariable.i++): null

2019-12-17 08:12:41 - [MESSAGE][PASSED] - Call Test Case 'Test Cases/AHI/_include/get_screenshot' successfully

2019-12-17 08:12:41 - [TEST_STEP][PASSED] - setText(findTestObject("mobileSanity/HBI/Page_App Page 2/input__credit-card-first"), FirstName): Text 'Test-123' is set on object 'Object Repository/mobileSanity/HBI/Page_App Page 2/input__credit-card-first'

2019-12-17 08:12:41 - [MESSAGE][PASSED] - Text 'Test-123' is set on object 'Object Repository/mobileSanity/HBI/Page_App Page 2/input__credit-card-first'

2019-12-17 08:12:41 - [TEST_STEP][PASSED] - setText(findTestObject("mobileSanity/HBI/Page_App Page 2/input__credit-card-last"), LastName): Text 'ZZ11-yFBoaVjY' is set on object 'Object Repository/mobileSanity/HBI/Page_App Page 2/input__credit-card-last'

2019-12-17 08:12:42 - [MESSAGE][PASSED] - Text 'ZZ11-yFBoaVjY' is set on object 'Object Repository/mobileSanity/HBI/Page_App Page 2/input__credit-card-last'

2019-12-17 08:12:42 - [TEST_STEP][PASSED] - selectOptionByValue(findTestObject("mobileSanity/HBI/Page_App Page 2/select_MM010203040506070809101"), "12", true): All options with value '12' are selected in object 'Object Repository/mobileSanity/HBI/Page_App Page 2/select_MM010203040506070809101'  using regular expression

2019-12-17 08:12:42 - [MESSAGE][PASSED] - All options with value '12' are selected in object 'Object Repository/mobileSanity/HBI/Page_App Page 2/select_MM010203040506070809101'  using regular expression

2019-12-17 08:12:42 - [TEST_STEP][PASSED] - selectOptionByValue(findTestObject("mobileSanity/HBI/Page_App Page 2/select_YYYY2019202020212022202"), "2026", true): All options with value '2026' are selected in object 'Object Repository/mobileSanity/HBI/Page_App Page 2/select_YYYY2019202020212022202'  using regular expression

2019-12-17 08:12:43 - [MESSAGE][PASSED] - All options with value '2026' are selected in object 'Object Repository/mobileSanity/HBI/Page_App Page 2/select_YYYY2019202020212022202'  using regular expression

2019-12-17 08:12:43 - [TEST_STEP][PASSED] - setText(findTestObject("mobileSanity/HBI/Page_App Page 2/input__credit-card-number"), "4111111111111111"): Text '4111111111111111' is set on object 'Object Repository/mobileSanity/HBI/Page_App Page 2/input__credit-card-number'

2019-12-17 08:12:43 - [MESSAGE][PASSED] - Text '4111111111111111' is set on object 'Object Repository/mobileSanity/HBI/Page_App Page 2/input__credit-card-number'

2019-12-17 08:12:43 - [TEST_STEP][PASSED] - setText(findTestObject("mobileSanity/HBI/Page_App Page 2/input__cvv"), "123"): Text '123' is set on object 'Object Repository/mobileSanity/HBI/Page_App Page 2/input__cvv'

2019-12-17 08:12:43 - [MESSAGE][PASSED] - Text '123' is set on object 'Object Repository/mobileSanity/HBI/Page_App Page 2/input__cvv'

2019-12-17 08:12:43 - [TEST_STEP][PASSED] - click(findTestObject("mobileSanity/HBI/Page_App Page 2/label_My billing address is th")): Object: 'Object Repository/mobileSanity/HBI/Page_App Page 2/label_My billing address is th' is clicked on

2019-12-17 08:12:44 - [MESSAGE][PASSED] - Object: 'Object Repository/mobileSanity/HBI/Page_App Page 2/label_My billing address is th' is clicked on

2019-12-17 08:12:44 - [TEST_STEP][PASSED] - click(findTestObject("mobileSanity/HBI/Page_App Page 2/label_I Accept Authorization f")): Object: 'Object Repository/mobileSanity/HBI/Page_App Page 2/label_I Accept Authorization f' is clicked on

2019-12-17 08:12:44 - [MESSAGE][PASSED] - Object: 'Object Repository/mobileSanity/HBI/Page_App Page 2/label_I Accept Authorization f' is clicked on

2019-12-17 08:12:44 - [TEST_STEP][PASSED] - click(findTestObject("mobileSanity/HBI/Page_App Page 2/a_Continue to Step 3 - Review")): Object: 'Object Repository/mobileSanity/HBI/Page_App Page 2/a_Continue to Step 3 - Review' is clicked on

2019-12-17 08:12:45 - [MESSAGE][PASSED] - Object: 'Object Repository/mobileSanity/HBI/Page_App Page 2/a_Continue to Step 3 - Review' is clicked on

2019-12-17 08:12:45 - [TEST_STEP][PASSED] - waitForPageLoad(20): Wait for page load successfully

2019-12-17 08:12:45 - [MESSAGE][PASSED] - Wait for page load successfully

2019-12-17 08:12:45 - [TEST_STEP][PASSED] - Thread.sleep(10000): null

2019-12-17 08:12:55 - [TEST_STEP][PASSED] - waitForElementPresent(findTestObject("mobileSanity/HBI/Page_App Page 3/label"), 20): Object 'Object Repository/mobileSanity/HBI/Page_App Page 3/label' is present

2019-12-17 08:12:55 - [MESSAGE][PASSED] - Object 'Object Repository/mobileSanity/HBI/Page_App Page 3/label' is present

2019-12-17 08:12:55 - [TEST_STEP][PASSED] - callTestCase(findTestCase("AHI/_include/get_screenshot"), [:], STOP_ON_FAILURE): Call Test Case 'Test Cases/AHI/_include/get_screenshot' successfully

2019-12-17 08:12:56 - [TEST_CASE][PASSED] - Test Cases/AHI/_include/get_screenshot: Test Cases/AHI/_include/get_screenshot

2019-12-17 08:12:56 - [TEST_STEP][PASSED] - takeScreenshot(screenPath + i + ".png"): Taking screenshot successfully

2019-12-17 08:12:56 - [MESSAGE][PASSED] - Taking screenshot successfully
[[ATTACHMENT|D:\\Test\\AgileTest\\Reports\\AHI\\hbi\\20191217_080033\\../Screenshots/iPhone 6/hbi/Agile One/20191217_081142/8.png]]

2019-12-17 08:12:56 - [TEST_STEP][PASSED] - (internal.GlobalVariable.i++): null

2019-12-17 08:12:56 - [MESSAGE][PASSED] - Call Test Case 'Test Cases/AHI/_include/get_screenshot' successfully

2019-12-17 08:12:56 - [TEST_STEP][PASSED] - click(findTestObject("mobileSanity/HBI/Page_App Page 3/label")): Object: 'Object Repository/mobileSanity/HBI/Page_App Page 3/label' is clicked on

2019-12-17 08:12:56 - [MESSAGE][PASSED] - Object: 'Object Repository/mobileSanity/HBI/Page_App Page 3/label' is clicked on

2019-12-17 08:12:56 - [TEST_STEP][PASSED] - click(findTestObject("mobileSanity/HBI/Page_App Page 3/p_CLICK TO SIGN")): Object: 'Object Repository/mobileSanity/HBI/Page_App Page 3/p_CLICK TO SIGN' is clicked on

2019-12-17 08:12:56 - [MESSAGE][PASSED] - Object: 'Object Repository/mobileSanity/HBI/Page_App Page 3/p_CLICK TO SIGN' is clicked on

2019-12-17 08:12:56 - [TEST_STEP][PASSED] - click(findTestObject("mobileSanity/HBI/Page_App Page 3/a_Submit Your Application")): Object: 'Object Repository/mobileSanity/HBI/Page_App Page 3/a_Submit Your Application' is clicked on

2019-12-17 08:12:57 - [MESSAGE][PASSED] - Object: 'Object Repository/mobileSanity/HBI/Page_App Page 3/a_Submit Your Application' is clicked on

2019-12-17 08:12:57 - [TEST_STEP][PASSED] - Thread.sleep(30000): null

2019-12-17 08:13:27 - [TEST_STEP][PASSED] - callTestCase(findTestCase("AHI/_include/get_screenshot"), [:], STOP_ON_FAILURE): Call Test Case 'Test Cases/AHI/_include/get_screenshot' successfully

2019-12-17 08:13:27 - [TEST_CASE][PASSED] - Test Cases/AHI/_include/get_screenshot: Test Cases/AHI/_include/get_screenshot

2019-12-17 08:13:27 - [TEST_STEP][PASSED] - takeScreenshot(screenPath + i + ".png"): Taking screenshot successfully

2019-12-17 08:13:27 - [MESSAGE][PASSED] - Taking screenshot successfully
[[ATTACHMENT|D:\\Test\\AgileTest\\Reports\\AHI\\hbi\\20191217_080033\\../Screenshots/iPhone 6/hbi/Agile One/20191217_081142/9.png]]

2019-12-17 08:13:27 - [TEST_STEP][PASSED] - (internal.GlobalVariable.i++): null

2019-12-17 08:13:27 - [MESSAGE][PASSED] - Call Test Case 'Test Cases/AHI/_include/get_screenshot' successfully

2019-12-17 08:13:27 - [TEST_STEP][PASSED] - verifyTextPresent("Congratulations", false): Text 'Congratulations' is present on page 

2019-12-17 08:13:27 - [MESSAGE][PASSED] - Text 'Congratulations' is present on page 

2019-12-17 08:13:27 - [MESSAGE][PASSED] - Call Test Case 'Test Cases/AHI/_include/goToEnd_hbi' successfully]]></system-out>
         <system-err><![CDATA[]]></system-err>
      </testcase>
      <testcase name="Test Cases/AHI/HBI/Legion Limited Medical" classname="Test Cases/AHI/HBI/Legion Limited Medical" status="PASSED">
         <system-out><![CDATA[2019-12-17 08:13:27 - [TEST_CASE][PASSED] - Test Cases/AHI/HBI/Legion Limited Medical: Test Cases/AHI/HBI/Legion Limited Medical

2019-12-17 08:13:28 - [TEST_STEP][PASSED] - callTestCase(findTestCase("AHI/_include/get_screenPath"), ["productLine":"hbi", "carrierName":"Legion Limited Medical"], CONTINUE_ON_FAILURE): Call Test Case 'Test Cases/AHI/_include/get_screenPath' successfully

2019-12-17 08:13:28 - [TEST_CASE][PASSED] - Test Cases/AHI/_include/get_screenPath: Test Cases/AHI/_include/get_screenPath

2019-12-17 08:13:28 - [TEST_STEP][PASSED] - m = getExecutionProperties(): null

2019-12-17 08:13:28 - [TEST_STEP][PASSED] - deviceName = get("mobileEmulation").get("deviceName"): null

2019-12-17 08:13:28 - [TEST_STEP][PASSED] - println(deviceName): null

2019-12-17 08:13:28 - [TEST_STEP][PASSED] - now = new java.util.Date(): null

2019-12-17 08:13:28 - [TEST_STEP][PASSED] - mydate = now.format("yyyyMMdd_HHmmss"): null

2019-12-17 08:13:28 - [TEST_STEP][PASSED] - screenPath = "../Screenshots/": null

2019-12-17 08:13:28 - [TEST_STEP][PASSED] - screenPath = screenPath + deviceName + "/" + productLine + "/" + carrierName + "/" + mydate + "/": null

2019-12-17 08:13:28 - [TEST_STEP][PASSED] - println(screenPath): null

2019-12-17 08:13:28 - [MESSAGE][PASSED] - Call Test Case 'Test Cases/AHI/_include/get_screenPath' successfully

2019-12-17 08:13:28 - [TEST_STEP][PASSED] - i = 0: null

2019-12-17 08:13:28 - [TEST_STEP][PASSED] - callTestCase(findTestCase("AHI/_include/openWebSite"), [:], CONTINUE_ON_FAILURE): Call Test Case 'Test Cases/AHI/_include/openWebSite' successfully

2019-12-17 08:13:28 - [TEST_CASE][PASSED] - Test Cases/AHI/_include/openWebSite: Test Cases/AHI/_include/openWebSite

2019-12-17 08:13:28 - [TEST_STEP][PASSED] - openBrowser(env): Browser is opened with url: 'https://praetemptatus.agilehealthinsurance.com'

2019-12-17 08:13:28 - [MESSAGE][WARNING] - A browser is already opened. Closing browser and opening a new one

2019-12-17 08:13:29 - [MESSAGE][INFO] - Starting 'Chrome' driver

2019-12-17 08:13:29 - [MESSAGE][INFO] - User set preference: ['mobileEmulation', '{deviceName=iPhone 6}']

2019-12-17 08:13:29 - [MESSAGE][INFO] - User set preference: ['args', '[--incognito, --aggressive-cache-discard, --window-size=375,677, --no-sandbox]']

2019-12-17 08:13:32 - [MESSAGE][PASSED] - Browser is opened with url: 'https://praetemptatus.agilehealthinsurance.com'

2019-12-17 08:13:32 - [TEST_STEP][PASSED] - waitForPageLoad(20): Wait for page load successfully

2019-12-17 08:13:32 - [MESSAGE][PASSED] - Wait for page load successfully

2019-12-17 08:13:32 - [TEST_STEP][PASSED] - callTestCase(findTestCase("AHI/_include/get_screenshot"), [:], STOP_ON_FAILURE): Call Test Case 'Test Cases/AHI/_include/get_screenshot' successfully

2019-12-17 08:13:32 - [TEST_CASE][PASSED] - Test Cases/AHI/_include/get_screenshot: Test Cases/AHI/_include/get_screenshot

2019-12-17 08:13:32 - [TEST_STEP][PASSED] - takeScreenshot(screenPath + i + ".png"): Taking screenshot successfully

2019-12-17 08:13:33 - [MESSAGE][PASSED] - Taking screenshot successfully
[[ATTACHMENT|D:\\Test\\AgileTest\\Reports\\AHI\\hbi\\20191217_080033\\../Screenshots/iPhone 6/hbi/Legion Limited Medical/20191217_081328/0.png]]

2019-12-17 08:13:33 - [TEST_STEP][PASSED] - (internal.GlobalVariable.i++): null

2019-12-17 08:13:33 - [MESSAGE][PASSED] - Call Test Case 'Test Cases/AHI/_include/get_screenshot' successfully

2019-12-17 08:13:33 - [MESSAGE][PASSED] - Call Test Case 'Test Cases/AHI/_include/openWebSite' successfully

2019-12-17 08:13:33 - [TEST_STEP][PASSED] - callTestCase(findTestCase("AHI/_include/census_hbi"), [:], CONTINUE_ON_FAILURE): Call Test Case 'Test Cases/AHI/_include/census_hbi' successfully

2019-12-17 08:13:33 - [TEST_CASE][PASSED] - Test Cases/AHI/_include/census_hbi: Test Cases/AHI/_include/census_hbi

2019-12-17 08:13:33 - [TEST_STEP][PASSED] - click(findTestObject("mobileSanity/Common/side_nav/menu")): Object: 'Object Repository/mobileSanity/Common/side_nav/menu' is clicked on

2019-12-17 08:13:33 - [MESSAGE][PASSED] - Object: 'Object Repository/mobileSanity/Common/side_nav/menu' is clicked on

2019-12-17 08:13:33 - [TEST_STEP][PASSED] - Thread.sleep(3000): null

2019-12-17 08:13:36 - [TEST_STEP][PASSED] - callTestCase(findTestCase("AHI/_include/get_screenshot"), [:], STOP_ON_FAILURE): Call Test Case 'Test Cases/AHI/_include/get_screenshot' successfully

2019-12-17 08:13:36 - [TEST_CASE][PASSED] - Test Cases/AHI/_include/get_screenshot: Test Cases/AHI/_include/get_screenshot

2019-12-17 08:13:36 - [TEST_STEP][PASSED] - takeScreenshot(screenPath + i + ".png"): Taking screenshot successfully

2019-12-17 08:13:37 - [MESSAGE][PASSED] - Taking screenshot successfully
[[ATTACHMENT|D:\\Test\\AgileTest\\Reports\\AHI\\hbi\\20191217_080033\\../Screenshots/iPhone 6/hbi/Legion Limited Medical/20191217_081328/1.png]]

2019-12-17 08:13:37 - [TEST_STEP][PASSED] - (internal.GlobalVariable.i++): null

2019-12-17 08:13:37 - [MESSAGE][PASSED] - Call Test Case 'Test Cases/AHI/_include/get_screenshot' successfully

2019-12-17 08:13:37 - [TEST_STEP][PASSED] - click(findTestObject("mobileSanity/Common/side_nav/nav_hbi")): Object: 'Object Repository/mobileSanity/Common/side_nav/nav_hbi' is clicked on

2019-12-17 08:13:38 - [MESSAGE][PASSED] - Object: 'Object Repository/mobileSanity/Common/side_nav/nav_hbi' is clicked on

2019-12-17 08:13:38 - [TEST_STEP][PASSED] - waitForPageLoad(10): Wait for page load successfully

2019-12-17 08:13:38 - [MESSAGE][PASSED] - Wait for page load successfully

2019-12-17 08:13:38 - [TEST_STEP][PASSED] - Thread.sleep(3000): null

2019-12-17 08:13:41 - [TEST_STEP][PASSED] - callTestCase(findTestCase("AHI/_include/get_screenshot"), [:], STOP_ON_FAILURE): Call Test Case 'Test Cases/AHI/_include/get_screenshot' successfully

2019-12-17 08:13:41 - [TEST_CASE][PASSED] - Test Cases/AHI/_include/get_screenshot: Test Cases/AHI/_include/get_screenshot

2019-12-17 08:13:41 - [TEST_STEP][PASSED] - takeScreenshot(screenPath + i + ".png"): Taking screenshot successfully

2019-12-17 08:13:41 - [MESSAGE][PASSED] - Taking screenshot successfully
[[ATTACHMENT|D:\\Test\\AgileTest\\Reports\\AHI\\hbi\\20191217_080033\\../Screenshots/iPhone 6/hbi/Legion Limited Medical/20191217_081328/2.png]]

2019-12-17 08:13:41 - [TEST_STEP][PASSED] - (internal.GlobalVariable.i++): null

2019-12-17 08:13:41 - [MESSAGE][PASSED] - Call Test Case 'Test Cases/AHI/_include/get_screenshot' successfully

2019-12-17 08:13:41 - [TEST_STEP][PASSED] - setText(findTestObject("mobileSanity/HBI/census/input_Location_zip-input"), zipcode): Text '35215' is set on object 'Object Repository/mobileSanity/HBI/census/input_Location_zip-input'

2019-12-17 08:13:41 - [MESSAGE][PASSED] - Text '35215' is set on object 'Object Repository/mobileSanity/HBI/census/input_Location_zip-input'

2019-12-17 08:13:41 - [TEST_STEP][PASSED] - Thread.sleep(500): null

2019-12-17 08:13:42 - [TEST_STEP][PASSED] - setText(findTestObject("mobileSanity/HBI/census/input_Date of Birth_dob-0"), "12121980"): Text '12121980' is set on object 'Object Repository/mobileSanity/HBI/census/input_Date of Birth_dob-0'

2019-12-17 08:13:42 - [MESSAGE][PASSED] - Text '12121980' is set on object 'Object Repository/mobileSanity/HBI/census/input_Date of Birth_dob-0'

2019-12-17 08:13:42 - [TEST_STEP][PASSED] - click(findTestObject("mobileSanity/HBI/census/label_Male")): Object: 'Object Repository/mobileSanity/HBI/census/label_Male' is clicked on

2019-12-17 08:13:42 - [MESSAGE][PASSED] - Object: 'Object Repository/mobileSanity/HBI/census/label_Male' is clicked on

2019-12-17 08:13:42 - [TEST_STEP][PASSED] - click(findTestObject("mobileSanity/HBI/census/label_Get a Quote")): Object: 'Object Repository/mobileSanity/HBI/census/label_Get a Quote' is clicked on

2019-12-17 08:13:43 - [MESSAGE][PASSED] - Object: 'Object Repository/mobileSanity/HBI/census/label_Get a Quote' is clicked on

2019-12-17 08:13:43 - [TEST_STEP][PASSED] - waitForPageLoad(20): Wait for page load successfully

2019-12-17 08:13:43 - [MESSAGE][PASSED] - Wait for page load successfully

2019-12-17 08:13:43 - [TEST_STEP][PASSED] - Thread.sleep(3000): null

2019-12-17 08:13:46 - [TEST_STEP][PASSED] - callTestCase(findTestCase("AHI/_include/check_quoteleadform"), [:], STOP_ON_FAILURE): Call Test Case 'Test Cases/AHI/_include/check_quoteleadform' successfully

2019-12-17 08:13:46 - [TEST_CASE][PASSED] - Test Cases/AHI/_include/check_quoteleadform: Test Cases/AHI/_include/check_quoteleadform

2019-12-17 08:13:46 - [TEST_STEP][PASSED] - callTestCase(findTestCase("AHI/_include/name"), [:], CONTINUE_ON_FAILURE): Call Test Case 'Test Cases/AHI/_include/name' successfully

2019-12-17 08:13:46 - [TEST_CASE][PASSED] - Test Cases/AHI/_include/name: Test Cases/AHI/_include/name

2019-12-17 08:13:46 - [TEST_STEP][PASSED] - driver = getWebDriver(): null

2019-12-17 08:13:46 - [TEST_STEP][PASSED] - selenium = new com.thoughtworks.selenium.webdriven.WebDriverBackedSelenium(driver, internal.GlobalVariable.ENV): null

2019-12-17 08:13:46 - [TEST_STEP][PASSED] - FirstName = "Test-123": null

2019-12-17 08:13:46 - [TEST_STEP][PASSED] - LastName = selenium.getEval("{var x="ABCDEFGHIJKLMNOPQRSTUVWXYZabcdefghijklmnopqrstuvwxyz"; var tmp="ZZ11-"; for (i=0;i<8;i++) tmp+=x.charAt(Math.ceil(51*Math.random()));tmp;}"): null

2019-12-17 08:13:46 - [TEST_STEP][PASSED] - Address = selenium.getEval("{var x="ABCDEFGHIJKLMNOPQRSTUVWXYZabcdefghijklmnopqrstuvwxyz"; var tmp=""; for (i=0;i<8;i++) tmp+=x.charAt(Math.ceil(51*Math.random()));tmp;}"): null

2019-12-17 08:13:46 - [TEST_STEP][PASSED] - City = selenium.getEval("{var x="ABCDEFGHIJKLMNOPQRSTUVWXYZabcdefghijklmnopqrstuvwxyz"; var tmp=""; for (i=0;i<8;i++) tmp+=x.charAt(Math.ceil(51*Math.random()));tmp;}"): null

2019-12-17 08:13:46 - [TEST_STEP][PASSED] - tel1 = selenium.getEval("{var x="123456789"; var tmp=""; for (i=0;i<3;i++) tmp+=x.charAt(Math.ceil(8*Math.random()));tmp;}"): null

2019-12-17 08:13:46 - [TEST_STEP][PASSED] - tel2 = selenium.getEval("{var x="123456789"; var tmp=""; for (i=0;i<3;i++) tmp+=x.charAt(Math.ceil(8*Math.random()));tmp;}"): null

2019-12-17 08:13:46 - [TEST_STEP][PASSED] - tel3 = selenium.getEval("{var x="123456789"; var tmp=""; for (i=0;i<4;i++) tmp+=x.charAt(Math.ceil(8*Math.random()));tmp;}"): null

2019-12-17 08:13:46 - [TEST_STEP][PASSED] - Tel = selenium.getExpression(tel1 + "-" + tel2 + "-" + tel3): null

2019-12-17 08:13:46 - [TEST_STEP][PASSED] - AutoEmail = selenium.getEval("{var x="ABCDEFGHIJKLMNOPQRSTUVWXYZabcdefghijklmnopqrstuvwxyz"; var tmp="test."; for (i=0;i<8;i++) tmp+=x.charAt(Math.ceil(51*Math.random()));tmp+="@suryani.cn";}"): null

2019-12-17 08:13:46 - [TEST_STEP][PASSED] - FirstName = FirstName: null

2019-12-17 08:13:46 - [TEST_STEP][PASSED] - LastName = LastName: null

2019-12-17 08:13:46 - [TEST_STEP][PASSED] - Address = Address: null

2019-12-17 08:13:46 - [TEST_STEP][PASSED] - City = City: null

2019-12-17 08:13:46 - [TEST_STEP][PASSED] - Tel = Tel: null

2019-12-17 08:13:46 - [TEST_STEP][PASSED] - AutoEmail = AutoEmail: null

2019-12-17 08:13:46 - [TEST_STEP][PASSED] - println(FirstName): null

2019-12-17 08:13:46 - [TEST_STEP][PASSED] - println(LastName): null

2019-12-17 08:13:46 - [TEST_STEP][PASSED] - println(Address): null

2019-12-17 08:13:46 - [TEST_STEP][PASSED] - println(City): null

2019-12-17 08:13:46 - [TEST_STEP][PASSED] - println(Tel): null

2019-12-17 08:13:46 - [TEST_STEP][PASSED] - println(AutoEmail): null

2019-12-17 08:13:46 - [MESSAGE][PASSED] - Call Test Case 'Test Cases/AHI/_include/name' successfully

2019-12-17 08:13:46 - [TEST_STEP][PASSED] - leadform_exist = test.MobileKeywords.isElementPresent_Web(findTestObject("mobileSanity/quote lead form/lead_form"), 20): test.MobileKeywords.isElementPresent_Web is PASSED

2019-12-17 08:13:46 - [MESSAGE][PASSED] - test.MobileKeywords.isElementPresent_Web is PASSED

2019-12-17 08:13:46 - [TEST_STEP][PASSED] - if (leadform_exist): null

2019-12-17 08:13:46 - [TEST_STEP][PASSED] - setText(findTestObject("mobileSanity/quote lead form/first"), FirstName): Text 'Test-123' is set on object 'Object Repository/mobileSanity/quote lead form/first'

2019-12-17 08:13:46 - [MESSAGE][PASSED] - Text 'Test-123' is set on object 'Object Repository/mobileSanity/quote lead form/first'

2019-12-17 08:13:46 - [TEST_STEP][PASSED] - setText(findTestObject("mobileSanity/quote lead form/last"), LastName): Text 'ZZ11-XOgMVTOL' is set on object 'Object Repository/mobileSanity/quote lead form/last'

2019-12-17 08:13:47 - [MESSAGE][PASSED] - Text 'ZZ11-XOgMVTOL' is set on object 'Object Repository/mobileSanity/quote lead form/last'

2019-12-17 08:13:47 - [TEST_STEP][PASSED] - setText(findTestObject("mobileSanity/quote lead form/email"), AutoEmail): Text 'test.XFXatZYo@suryani.cn' is set on object 'Object Repository/mobileSanity/quote lead form/email'

2019-12-17 08:13:47 - [MESSAGE][PASSED] - Text 'test.XFXatZYo@suryani.cn' is set on object 'Object Repository/mobileSanity/quote lead form/email'

2019-12-17 08:13:47 - [TEST_STEP][PASSED] - setText(findTestObject("mobileSanity/quote lead form/phone"), Tel): Text '293-229-2476' is set on object 'Object Repository/mobileSanity/quote lead form/phone'

2019-12-17 08:13:47 - [MESSAGE][PASSED] - Text '293-229-2476' is set on object 'Object Repository/mobileSanity/quote lead form/phone'

2019-12-17 08:13:47 - [TEST_STEP][PASSED] - click(findTestObject("mobileSanity/quote lead form/submit")): Object: 'Object Repository/mobileSanity/quote lead form/submit' is clicked on

2019-12-17 08:13:47 - [MESSAGE][PASSED] - Object: 'Object Repository/mobileSanity/quote lead form/submit' is clicked on

2019-12-17 08:13:47 - [TEST_STEP][PASSED] - Thread.sleep(3000): null

2019-12-17 08:13:50 - [MESSAGE][PASSED] - Call Test Case 'Test Cases/AHI/_include/check_quoteleadform' successfully

2019-12-17 08:13:50 - [TEST_STEP][PASSED] - callTestCase(findTestCase("AHI/_include/get_screenshot"), [:], STOP_ON_FAILURE): Call Test Case 'Test Cases/AHI/_include/get_screenshot' successfully

2019-12-17 08:13:50 - [TEST_CASE][PASSED] - Test Cases/AHI/_include/get_screenshot: Test Cases/AHI/_include/get_screenshot

2019-12-17 08:13:50 - [TEST_STEP][PASSED] - takeScreenshot(screenPath + i + ".png"): Taking screenshot successfully

2019-12-17 08:13:51 - [MESSAGE][PASSED] - Taking screenshot successfully
[[ATTACHMENT|D:\\Test\\AgileTest\\Reports\\AHI\\hbi\\20191217_080033\\../Screenshots/iPhone 6/hbi/Legion Limited Medical/20191217_081328/3.png]]

2019-12-17 08:13:51 - [TEST_STEP][PASSED] - (internal.GlobalVariable.i++): null

2019-12-17 08:13:51 - [MESSAGE][PASSED] - Call Test Case 'Test Cases/AHI/_include/get_screenshot' successfully

2019-12-17 08:13:51 - [MESSAGE][PASSED] - Call Test Case 'Test Cases/AHI/_include/census_hbi' successfully

2019-12-17 08:13:51 - [TEST_STEP][PASSED] - click(findTestObject("mobileSanity/HBI/quote/a_Legion Limited Medical 500")): Object: 'Object Repository/mobileSanity/HBI/quote/a_Legion Limited Medical 500' is clicked on

2019-12-17 08:13:51 - [MESSAGE][PASSED] - Object: 'Object Repository/mobileSanity/HBI/quote/a_Legion Limited Medical 500' is clicked on

2019-12-17 08:13:51 - [TEST_STEP][PASSED] - waitForPageLoad(20): Wait for page load successfully

2019-12-17 08:13:52 - [MESSAGE][PASSED] - Wait for page load successfully

2019-12-17 08:13:52 - [TEST_STEP][PASSED] - callTestCase(findTestCase("AHI/_include/get_screenshot"), [:], STOP_ON_FAILURE): Call Test Case 'Test Cases/AHI/_include/get_screenshot' successfully

2019-12-17 08:13:52 - [TEST_CASE][PASSED] - Test Cases/AHI/_include/get_screenshot: Test Cases/AHI/_include/get_screenshot

2019-12-17 08:13:52 - [TEST_STEP][PASSED] - takeScreenshot(screenPath + i + ".png"): Taking screenshot successfully

2019-12-17 08:13:52 - [MESSAGE][PASSED] - Taking screenshot successfully
[[ATTACHMENT|D:\\Test\\AgileTest\\Reports\\AHI\\hbi\\20191217_080033\\../Screenshots/iPhone 6/hbi/Legion Limited Medical/20191217_081328/4.png]]

2019-12-17 08:13:52 - [TEST_STEP][PASSED] - (internal.GlobalVariable.i++): null

2019-12-17 08:13:52 - [MESSAGE][PASSED] - Call Test Case 'Test Cases/AHI/_include/get_screenshot' successfully

2019-12-17 08:13:52 - [TEST_STEP][PASSED] - click(findTestObject("mobileSanity/HBI/detail/a_Apply for This Plan")): Object: 'Object Repository/mobileSanity/HBI/detail/a_Apply for This Plan' is clicked on

2019-12-17 08:13:53 - [MESSAGE][PASSED] - Object: 'Object Repository/mobileSanity/HBI/detail/a_Apply for This Plan' is clicked on

2019-12-17 08:13:53 - [TEST_STEP][PASSED] - waitForPageLoad(20): Wait for page load successfully

2019-12-17 08:13:53 - [MESSAGE][PASSED] - Wait for page load successfully

2019-12-17 08:13:53 - [TEST_STEP][PASSED] - callTestCase(findTestCase("AHI/_include/get_screenshot"), [:], STOP_ON_FAILURE): Call Test Case 'Test Cases/AHI/_include/get_screenshot' successfully

2019-12-17 08:13:53 - [TEST_CASE][PASSED] - Test Cases/AHI/_include/get_screenshot: Test Cases/AHI/_include/get_screenshot

2019-12-17 08:13:53 - [TEST_STEP][PASSED] - takeScreenshot(screenPath + i + ".png"): Taking screenshot successfully

2019-12-17 08:13:54 - [MESSAGE][PASSED] - Taking screenshot successfully
[[ATTACHMENT|D:\\Test\\AgileTest\\Reports\\AHI\\hbi\\20191217_080033\\../Screenshots/iPhone 6/hbi/Legion Limited Medical/20191217_081328/5.png]]

2019-12-17 08:13:54 - [TEST_STEP][PASSED] - (internal.GlobalVariable.i++): null

2019-12-17 08:13:54 - [MESSAGE][PASSED] - Call Test Case 'Test Cases/AHI/_include/get_screenshot' successfully

2019-12-17 08:13:54 - [TEST_STEP][PASSED] - click(findTestObject("mobileSanity/HBI/Page_Apply/span_Start Secure Application")): Object: 'Object Repository/mobileSanity/HBI/Page_Apply/span_Start Secure Application' is clicked on

2019-12-17 08:13:55 - [MESSAGE][PASSED] - Object: 'Object Repository/mobileSanity/HBI/Page_Apply/span_Start Secure Application' is clicked on

2019-12-17 08:13:55 - [TEST_STEP][PASSED] - waitForPageLoad(20): Wait for page load successfully

2019-12-17 08:13:57 - [MESSAGE][PASSED] - Wait for page load successfully

2019-12-17 08:13:57 - [TEST_STEP][PASSED] - Thread.sleep(5000): null

2019-12-17 08:14:02 - [TEST_STEP][PASSED] - callTestCase(findTestCase("AHI/_include/get_screenshot"), [:], STOP_ON_FAILURE): Call Test Case 'Test Cases/AHI/_include/get_screenshot' successfully

2019-12-17 08:14:02 - [TEST_CASE][PASSED] - Test Cases/AHI/_include/get_screenshot: Test Cases/AHI/_include/get_screenshot

2019-12-17 08:14:02 - [TEST_STEP][PASSED] - takeScreenshot(screenPath + i + ".png"): Taking screenshot successfully

2019-12-17 08:14:02 - [MESSAGE][PASSED] - Taking screenshot successfully
[[ATTACHMENT|D:\\Test\\AgileTest\\Reports\\AHI\\hbi\\20191217_080033\\../Screenshots/iPhone 6/hbi/Legion Limited Medical/20191217_081328/6.png]]

2019-12-17 08:14:02 - [TEST_STEP][PASSED] - (internal.GlobalVariable.i++): null

2019-12-17 08:14:02 - [MESSAGE][PASSED] - Call Test Case 'Test Cases/AHI/_include/get_screenshot' successfully

2019-12-17 08:14:02 - [TEST_STEP][PASSED] - callTestCase(findTestCase("AHI/_include/goToEnd_hbi"), ["carrier":"legionlimitedmedical"], CONTINUE_ON_FAILURE): Call Test Case 'Test Cases/AHI/_include/goToEnd_hbi' successfully

2019-12-17 08:14:02 - [TEST_CASE][PASSED] - Test Cases/AHI/_include/goToEnd_hbi: Test Cases/AHI/_include/goToEnd_hbi

2019-12-17 08:14:02 - [TEST_STEP][PASSED] - if (state == "ca"): null

2019-12-17 08:14:02 - [TEST_STEP][PASSED] - callTestCase(findTestCase("AHI/_include/name"), [:], CONTINUE_ON_FAILURE): Call Test Case 'Test Cases/AHI/_include/name' successfully

2019-12-17 08:14:02 - [TEST_CASE][PASSED] - Test Cases/AHI/_include/name: Test Cases/AHI/_include/name

2019-12-17 08:14:02 - [TEST_STEP][PASSED] - driver = getWebDriver(): null

2019-12-17 08:14:02 - [TEST_STEP][PASSED] - selenium = new com.thoughtworks.selenium.webdriven.WebDriverBackedSelenium(driver, internal.GlobalVariable.ENV): null

2019-12-17 08:14:02 - [TEST_STEP][PASSED] - FirstName = "Test-123": null

2019-12-17 08:14:02 - [TEST_STEP][PASSED] - LastName = selenium.getEval("{var x="ABCDEFGHIJKLMNOPQRSTUVWXYZabcdefghijklmnopqrstuvwxyz"; var tmp="ZZ11-"; for (i=0;i<8;i++) tmp+=x.charAt(Math.ceil(51*Math.random()));tmp;}"): null

2019-12-17 08:14:02 - [TEST_STEP][PASSED] - Address = selenium.getEval("{var x="ABCDEFGHIJKLMNOPQRSTUVWXYZabcdefghijklmnopqrstuvwxyz"; var tmp=""; for (i=0;i<8;i++) tmp+=x.charAt(Math.ceil(51*Math.random()));tmp;}"): null

2019-12-17 08:14:02 - [TEST_STEP][PASSED] - City = selenium.getEval("{var x="ABCDEFGHIJKLMNOPQRSTUVWXYZabcdefghijklmnopqrstuvwxyz"; var tmp=""; for (i=0;i<8;i++) tmp+=x.charAt(Math.ceil(51*Math.random()));tmp;}"): null

2019-12-17 08:14:02 - [TEST_STEP][PASSED] - tel1 = selenium.getEval("{var x="123456789"; var tmp=""; for (i=0;i<3;i++) tmp+=x.charAt(Math.ceil(8*Math.random()));tmp;}"): null

2019-12-17 08:14:02 - [TEST_STEP][PASSED] - tel2 = selenium.getEval("{var x="123456789"; var tmp=""; for (i=0;i<3;i++) tmp+=x.charAt(Math.ceil(8*Math.random()));tmp;}"): null

2019-12-17 08:14:02 - [TEST_STEP][PASSED] - tel3 = selenium.getEval("{var x="123456789"; var tmp=""; for (i=0;i<4;i++) tmp+=x.charAt(Math.ceil(8*Math.random()));tmp;}"): null

2019-12-17 08:14:02 - [TEST_STEP][PASSED] - Tel = selenium.getExpression(tel1 + "-" + tel2 + "-" + tel3): null

2019-12-17 08:14:02 - [TEST_STEP][PASSED] - AutoEmail = selenium.getEval("{var x="ABCDEFGHIJKLMNOPQRSTUVWXYZabcdefghijklmnopqrstuvwxyz"; var tmp="test."; for (i=0;i<8;i++) tmp+=x.charAt(Math.ceil(51*Math.random()));tmp+="@suryani.cn";}"): null

2019-12-17 08:14:02 - [TEST_STEP][PASSED] - FirstName = FirstName: null

2019-12-17 08:14:02 - [TEST_STEP][PASSED] - LastName = LastName: null

2019-12-17 08:14:02 - [TEST_STEP][PASSED] - Address = Address: null

2019-12-17 08:14:02 - [TEST_STEP][PASSED] - City = City: null

2019-12-17 08:14:02 - [TEST_STEP][PASSED] - Tel = Tel: null

2019-12-17 08:14:02 - [TEST_STEP][PASSED] - AutoEmail = AutoEmail: null

2019-12-17 08:14:02 - [TEST_STEP][PASSED] - println(FirstName): null

2019-12-17 08:14:02 - [TEST_STEP][PASSED] - println(LastName): null

2019-12-17 08:14:02 - [TEST_STEP][PASSED] - println(Address): null

2019-12-17 08:14:02 - [TEST_STEP][PASSED] - println(City): null

2019-12-17 08:14:02 - [TEST_STEP][PASSED] - println(Tel): null

2019-12-17 08:14:02 - [TEST_STEP][PASSED] - println(AutoEmail): null

2019-12-17 08:14:02 - [MESSAGE][PASSED] - Call Test Case 'Test Cases/AHI/_include/name' successfully

2019-12-17 08:14:02 - [TEST_STEP][PASSED] - setText(findTestObject("mobileSanity/HBI/Page_App Page 1/input__member-P-1-firstName"), FirstName): Text 'Test-123' is set on object 'Object Repository/mobileSanity/HBI/Page_App Page 1/input__member-P-1-firstName'

2019-12-17 08:14:03 - [MESSAGE][PASSED] - Text 'Test-123' is set on object 'Object Repository/mobileSanity/HBI/Page_App Page 1/input__member-P-1-firstName'

2019-12-17 08:14:03 - [TEST_STEP][PASSED] - setText(findTestObject("mobileSanity/HBI/Page_App Page 1/input__member-P-1-lastName"), LastName): Text 'ZZ11-Pcyntfak' is set on object 'Object Repository/mobileSanity/HBI/Page_App Page 1/input__member-P-1-lastName'

2019-12-17 08:14:04 - [MESSAGE][PASSED] - Text 'ZZ11-Pcyntfak' is set on object 'Object Repository/mobileSanity/HBI/Page_App Page 1/input__member-P-1-lastName'

2019-12-17 08:14:04 - [TEST_STEP][PASSED] - if (carrier == "agileone" || carrier == "agilesecure"): null

2019-12-17 08:14:04 - [TEST_STEP][PASSED] - setText(findTestObject("mobileSanity/HBI/Page_App Page 1/input__address"), Address): Text 'INQswpQx' is set on object 'Object Repository/mobileSanity/HBI/Page_App Page 1/input__address'

2019-12-17 08:14:04 - [MESSAGE][PASSED] - Text 'INQswpQx' is set on object 'Object Repository/mobileSanity/HBI/Page_App Page 1/input__address'

2019-12-17 08:14:04 - [TEST_STEP][PASSED] - setText(findTestObject("mobileSanity/HBI/Page_App Page 1/input__city"), City): Text 'HFffeuLq' is set on object 'Object Repository/mobileSanity/HBI/Page_App Page 1/input__city'

2019-12-17 08:14:05 - [MESSAGE][PASSED] - Text 'HFffeuLq' is set on object 'Object Repository/mobileSanity/HBI/Page_App Page 1/input__city'

2019-12-17 08:14:05 - [TEST_STEP][PASSED] - setText(findTestObject("mobileSanity/HBI/Page_App Page 1/input__email"), AutoEmail): Text 'test.NcykbsaV@suryani.cn' is set on object 'Object Repository/mobileSanity/HBI/Page_App Page 1/input__email'

2019-12-17 08:14:05 - [MESSAGE][PASSED] - Text 'test.NcykbsaV@suryani.cn' is set on object 'Object Repository/mobileSanity/HBI/Page_App Page 1/input__email'

2019-12-17 08:14:05 - [TEST_STEP][PASSED] - setText(findTestObject("mobileSanity/HBI/Page_App Page 1/input_tel"), Tel): Text '578-699-5563' is set on object 'Object Repository/mobileSanity/HBI/Page_App Page 1/input_tel'

2019-12-17 08:14:05 - [MESSAGE][PASSED] - Text '578-699-5563' is set on object 'Object Repository/mobileSanity/HBI/Page_App Page 1/input_tel'

2019-12-17 08:14:05 - [TEST_STEP][PASSED] - Thread.sleep(5000): null

2019-12-17 08:14:10 - [TEST_STEP][PASSED] - click(findTestObject("mobileSanity/HBI/Page_App Page 1/a_Continue to Step 2 - Payment")): Object: 'Object Repository/mobileSanity/HBI/Page_App Page 1/a_Continue to Step 2 - Payment' is clicked on

2019-12-17 08:14:11 - [MESSAGE][PASSED] - Object: 'Object Repository/mobileSanity/HBI/Page_App Page 1/a_Continue to Step 2 - Payment' is clicked on

2019-12-17 08:14:11 - [TEST_STEP][PASSED] - waitForPageLoad(20): Wait for page load successfully

2019-12-17 08:14:11 - [MESSAGE][PASSED] - Wait for page load successfully

2019-12-17 08:14:11 - [TEST_STEP][PASSED] - Thread.sleep(2000): null

2019-12-17 08:14:13 - [TEST_STEP][PASSED] - waitForElementVisible(findTestObject("mobileSanity/HBI/Page_App Page 2/input__credit-card-first"), 20): Object 'Object Repository/mobileSanity/HBI/Page_App Page 2/input__credit-card-first' is visible

2019-12-17 08:14:13 - [MESSAGE][PASSED] - Object 'Object Repository/mobileSanity/HBI/Page_App Page 2/input__credit-card-first' is visible

2019-12-17 08:14:13 - [TEST_STEP][PASSED] - callTestCase(findTestCase("AHI/_include/get_screenshot"), [:], STOP_ON_FAILURE): Call Test Case 'Test Cases/AHI/_include/get_screenshot' successfully

2019-12-17 08:14:14 - [TEST_CASE][PASSED] - Test Cases/AHI/_include/get_screenshot: Test Cases/AHI/_include/get_screenshot

2019-12-17 08:14:14 - [TEST_STEP][PASSED] - takeScreenshot(screenPath + i + ".png"): Taking screenshot successfully

2019-12-17 08:14:14 - [MESSAGE][PASSED] - Taking screenshot successfully
[[ATTACHMENT|D:\\Test\\AgileTest\\Reports\\AHI\\hbi\\20191217_080033\\../Screenshots/iPhone 6/hbi/Legion Limited Medical/20191217_081328/7.png]]

2019-12-17 08:14:14 - [TEST_STEP][PASSED] - (internal.GlobalVariable.i++): null

2019-12-17 08:14:14 - [MESSAGE][PASSED] - Call Test Case 'Test Cases/AHI/_include/get_screenshot' successfully

2019-12-17 08:14:14 - [TEST_STEP][PASSED] - setText(findTestObject("mobileSanity/HBI/Page_App Page 2/input__credit-card-first"), FirstName): Text 'Test-123' is set on object 'Object Repository/mobileSanity/HBI/Page_App Page 2/input__credit-card-first'

2019-12-17 08:14:14 - [MESSAGE][PASSED] - Text 'Test-123' is set on object 'Object Repository/mobileSanity/HBI/Page_App Page 2/input__credit-card-first'

2019-12-17 08:14:14 - [TEST_STEP][PASSED] - setText(findTestObject("mobileSanity/HBI/Page_App Page 2/input__credit-card-last"), LastName): Text 'ZZ11-Pcyntfak' is set on object 'Object Repository/mobileSanity/HBI/Page_App Page 2/input__credit-card-last'

2019-12-17 08:14:19 - [MESSAGE][PASSED] - Text 'ZZ11-Pcyntfak' is set on object 'Object Repository/mobileSanity/HBI/Page_App Page 2/input__credit-card-last'

2019-12-17 08:14:19 - [TEST_STEP][PASSED] - selectOptionByValue(findTestObject("mobileSanity/HBI/Page_App Page 2/select_MM010203040506070809101"), "12", true): All options with value '12' are selected in object 'Object Repository/mobileSanity/HBI/Page_App Page 2/select_MM010203040506070809101'  using regular expression

2019-12-17 08:14:20 - [MESSAGE][PASSED] - All options with value '12' are selected in object 'Object Repository/mobileSanity/HBI/Page_App Page 2/select_MM010203040506070809101'  using regular expression

2019-12-17 08:14:20 - [TEST_STEP][PASSED] - selectOptionByValue(findTestObject("mobileSanity/HBI/Page_App Page 2/select_YYYY2019202020212022202"), "2026", true): All options with value '2026' are selected in object 'Object Repository/mobileSanity/HBI/Page_App Page 2/select_YYYY2019202020212022202'  using regular expression

2019-12-17 08:14:21 - [MESSAGE][PASSED] - All options with value '2026' are selected in object 'Object Repository/mobileSanity/HBI/Page_App Page 2/select_YYYY2019202020212022202'  using regular expression

2019-12-17 08:14:21 - [TEST_STEP][PASSED] - setText(findTestObject("mobileSanity/HBI/Page_App Page 2/input__credit-card-number"), "4111111111111111"): Text '4111111111111111' is set on object 'Object Repository/mobileSanity/HBI/Page_App Page 2/input__credit-card-number'

2019-12-17 08:14:21 - [MESSAGE][PASSED] - Text '4111111111111111' is set on object 'Object Repository/mobileSanity/HBI/Page_App Page 2/input__credit-card-number'

2019-12-17 08:14:21 - [TEST_STEP][PASSED] - setText(findTestObject("mobileSanity/HBI/Page_App Page 2/input__cvv"), "123"): Text '123' is set on object 'Object Repository/mobileSanity/HBI/Page_App Page 2/input__cvv'

2019-12-17 08:14:22 - [MESSAGE][PASSED] - Text '123' is set on object 'Object Repository/mobileSanity/HBI/Page_App Page 2/input__cvv'

2019-12-17 08:14:22 - [TEST_STEP][PASSED] - click(findTestObject("mobileSanity/HBI/Page_App Page 2/label_My billing address is th")): Object: 'Object Repository/mobileSanity/HBI/Page_App Page 2/label_My billing address is th' is clicked on

2019-12-17 08:14:22 - [MESSAGE][PASSED] - Object: 'Object Repository/mobileSanity/HBI/Page_App Page 2/label_My billing address is th' is clicked on

2019-12-17 08:14:22 - [TEST_STEP][PASSED] - click(findTestObject("mobileSanity/HBI/Page_App Page 2/label_I Accept Authorization f")): Object: 'Object Repository/mobileSanity/HBI/Page_App Page 2/label_I Accept Authorization f' is clicked on

2019-12-17 08:14:22 - [MESSAGE][PASSED] - Object: 'Object Repository/mobileSanity/HBI/Page_App Page 2/label_I Accept Authorization f' is clicked on

2019-12-17 08:14:22 - [TEST_STEP][PASSED] - click(findTestObject("mobileSanity/HBI/Page_App Page 2/a_Continue to Step 3 - Review")): Object: 'Object Repository/mobileSanity/HBI/Page_App Page 2/a_Continue to Step 3 - Review' is clicked on

2019-12-17 08:14:22 - [MESSAGE][PASSED] - Object: 'Object Repository/mobileSanity/HBI/Page_App Page 2/a_Continue to Step 3 - Review' is clicked on

2019-12-17 08:14:22 - [TEST_STEP][PASSED] - waitForPageLoad(20): Wait for page load successfully

2019-12-17 08:14:23 - [MESSAGE][PASSED] - Wait for page load successfully

2019-12-17 08:14:23 - [TEST_STEP][PASSED] - Thread.sleep(10000): null

2019-12-17 08:14:33 - [TEST_STEP][PASSED] - waitForElementPresent(findTestObject("mobileSanity/HBI/Page_App Page 3/label"), 20): Object 'Object Repository/mobileSanity/HBI/Page_App Page 3/label' is present

2019-12-17 08:14:33 - [MESSAGE][PASSED] - Object 'Object Repository/mobileSanity/HBI/Page_App Page 3/label' is present

2019-12-17 08:14:33 - [TEST_STEP][PASSED] - callTestCase(findTestCase("AHI/_include/get_screenshot"), [:], STOP_ON_FAILURE): Call Test Case 'Test Cases/AHI/_include/get_screenshot' successfully

2019-12-17 08:14:33 - [TEST_CASE][PASSED] - Test Cases/AHI/_include/get_screenshot: Test Cases/AHI/_include/get_screenshot

2019-12-17 08:14:34 - [TEST_STEP][PASSED] - takeScreenshot(screenPath + i + ".png"): Taking screenshot successfully

2019-12-17 08:14:34 - [MESSAGE][PASSED] - Taking screenshot successfully
[[ATTACHMENT|D:\\Test\\AgileTest\\Reports\\AHI\\hbi\\20191217_080033\\../Screenshots/iPhone 6/hbi/Legion Limited Medical/20191217_081328/8.png]]

2019-12-17 08:14:34 - [TEST_STEP][PASSED] - (internal.GlobalVariable.i++): null

2019-12-17 08:14:34 - [MESSAGE][PASSED] - Call Test Case 'Test Cases/AHI/_include/get_screenshot' successfully

2019-12-17 08:14:34 - [TEST_STEP][PASSED] - click(findTestObject("mobileSanity/HBI/Page_App Page 3/label")): Object: 'Object Repository/mobileSanity/HBI/Page_App Page 3/label' is clicked on

2019-12-17 08:14:34 - [MESSAGE][PASSED] - Object: 'Object Repository/mobileSanity/HBI/Page_App Page 3/label' is clicked on

2019-12-17 08:14:34 - [TEST_STEP][PASSED] - click(findTestObject("mobileSanity/HBI/Page_App Page 3/p_CLICK TO SIGN")): Object: 'Object Repository/mobileSanity/HBI/Page_App Page 3/p_CLICK TO SIGN' is clicked on

2019-12-17 08:14:34 - [MESSAGE][PASSED] - Object: 'Object Repository/mobileSanity/HBI/Page_App Page 3/p_CLICK TO SIGN' is clicked on

2019-12-17 08:14:34 - [TEST_STEP][PASSED] - click(findTestObject("mobileSanity/HBI/Page_App Page 3/a_Submit Your Application")): Object: 'Object Repository/mobileSanity/HBI/Page_App Page 3/a_Submit Your Application' is clicked on

2019-12-17 08:14:35 - [MESSAGE][PASSED] - Object: 'Object Repository/mobileSanity/HBI/Page_App Page 3/a_Submit Your Application' is clicked on

2019-12-17 08:14:35 - [TEST_STEP][PASSED] - Thread.sleep(30000): null

2019-12-17 08:15:05 - [TEST_STEP][PASSED] - callTestCase(findTestCase("AHI/_include/get_screenshot"), [:], STOP_ON_FAILURE): Call Test Case 'Test Cases/AHI/_include/get_screenshot' successfully

2019-12-17 08:15:05 - [TEST_CASE][PASSED] - Test Cases/AHI/_include/get_screenshot: Test Cases/AHI/_include/get_screenshot

2019-12-17 08:15:05 - [TEST_STEP][PASSED] - takeScreenshot(screenPath + i + ".png"): Taking screenshot successfully

2019-12-17 08:15:05 - [MESSAGE][PASSED] - Taking screenshot successfully
[[ATTACHMENT|D:\\Test\\AgileTest\\Reports\\AHI\\hbi\\20191217_080033\\../Screenshots/iPhone 6/hbi/Legion Limited Medical/20191217_081328/9.png]]

2019-12-17 08:15:05 - [TEST_STEP][PASSED] - (internal.GlobalVariable.i++): null

2019-12-17 08:15:05 - [MESSAGE][PASSED] - Call Test Case 'Test Cases/AHI/_include/get_screenshot' successfully

2019-12-17 08:15:05 - [TEST_STEP][PASSED] - verifyTextPresent("Congratulations", false): Text 'Congratulations' is present on page 

2019-12-17 08:15:05 - [MESSAGE][PASSED] - Text 'Congratulations' is present on page 

2019-12-17 08:15:05 - [MESSAGE][PASSED] - Call Test Case 'Test Cases/AHI/_include/goToEnd_hbi' successfully]]></system-out>
         <system-err><![CDATA[]]></system-err>
      </testcase>
      <testcase name="Test Cases/AHI/HBI/Cardinal Choice" classname="Test Cases/AHI/HBI/Cardinal Choice" status="PASSED">
         <system-out><![CDATA[2019-12-17 08:15:05 - [TEST_CASE][PASSED] - Test Cases/AHI/HBI/Cardinal Choice: Test Cases/AHI/HBI/Cardinal Choice

2019-12-17 08:15:05 - [TEST_STEP][PASSED] - callTestCase(findTestCase("AHI/_include/get_screenPath"), ["productLine":"hbi", "carrierName":"Cardinal Choice"], CONTINUE_ON_FAILURE): Call Test Case 'Test Cases/AHI/_include/get_screenPath' successfully

2019-12-17 08:15:05 - [TEST_CASE][PASSED] - Test Cases/AHI/_include/get_screenPath: Test Cases/AHI/_include/get_screenPath

2019-12-17 08:15:05 - [TEST_STEP][PASSED] - m = getExecutionProperties(): null

2019-12-17 08:15:05 - [TEST_STEP][PASSED] - deviceName = get("mobileEmulation").get("deviceName"): null

2019-12-17 08:15:05 - [TEST_STEP][PASSED] - println(deviceName): null

2019-12-17 08:15:05 - [TEST_STEP][PASSED] - now = new java.util.Date(): null

2019-12-17 08:15:05 - [TEST_STEP][PASSED] - mydate = now.format("yyyyMMdd_HHmmss"): null

2019-12-17 08:15:05 - [TEST_STEP][PASSED] - screenPath = "../Screenshots/": null

2019-12-17 08:15:05 - [TEST_STEP][PASSED] - screenPath = screenPath + deviceName + "/" + productLine + "/" + carrierName + "/" + mydate + "/": null

2019-12-17 08:15:05 - [TEST_STEP][PASSED] - println(screenPath): null

2019-12-17 08:15:05 - [MESSAGE][PASSED] - Call Test Case 'Test Cases/AHI/_include/get_screenPath' successfully

2019-12-17 08:15:05 - [TEST_STEP][PASSED] - i = 0: null

2019-12-17 08:15:05 - [TEST_STEP][PASSED] - callTestCase(findTestCase("AHI/_include/openWebSite"), [:], CONTINUE_ON_FAILURE): Call Test Case 'Test Cases/AHI/_include/openWebSite' successfully

2019-12-17 08:15:05 - [TEST_CASE][PASSED] - Test Cases/AHI/_include/openWebSite: Test Cases/AHI/_include/openWebSite

2019-12-17 08:15:06 - [TEST_STEP][PASSED] - openBrowser(env): Browser is opened with url: 'https://praetemptatus.agilehealthinsurance.com'

2019-12-17 08:15:06 - [MESSAGE][WARNING] - A browser is already opened. Closing browser and opening a new one

2019-12-17 08:15:07 - [MESSAGE][INFO] - Starting 'Chrome' driver

2019-12-17 08:15:07 - [MESSAGE][INFO] - User set preference: ['mobileEmulation', '{deviceName=iPhone 6}']

2019-12-17 08:15:07 - [MESSAGE][INFO] - User set preference: ['args', '[--incognito, --aggressive-cache-discard, --window-size=375,677, --no-sandbox]']

2019-12-17 08:15:10 - [MESSAGE][PASSED] - Browser is opened with url: 'https://praetemptatus.agilehealthinsurance.com'

2019-12-17 08:15:10 - [TEST_STEP][PASSED] - waitForPageLoad(20): Wait for page load successfully

2019-12-17 08:15:10 - [MESSAGE][PASSED] - Wait for page load successfully

2019-12-17 08:15:10 - [TEST_STEP][PASSED] - callTestCase(findTestCase("AHI/_include/get_screenshot"), [:], STOP_ON_FAILURE): Call Test Case 'Test Cases/AHI/_include/get_screenshot' successfully

2019-12-17 08:15:10 - [TEST_CASE][PASSED] - Test Cases/AHI/_include/get_screenshot: Test Cases/AHI/_include/get_screenshot

2019-12-17 08:15:10 - [TEST_STEP][PASSED] - takeScreenshot(screenPath + i + ".png"): Taking screenshot successfully

2019-12-17 08:15:11 - [MESSAGE][PASSED] - Taking screenshot successfully
[[ATTACHMENT|D:\\Test\\AgileTest\\Reports\\AHI\\hbi\\20191217_080033\\../Screenshots/iPhone 6/hbi/Cardinal Choice/20191217_081505/0.png]]

2019-12-17 08:15:11 - [TEST_STEP][PASSED] - (internal.GlobalVariable.i++): null

2019-12-17 08:15:11 - [MESSAGE][PASSED] - Call Test Case 'Test Cases/AHI/_include/get_screenshot' successfully

2019-12-17 08:15:11 - [MESSAGE][PASSED] - Call Test Case 'Test Cases/AHI/_include/openWebSite' successfully

2019-12-17 08:15:11 - [TEST_STEP][PASSED] - callTestCase(findTestCase("AHI/_include/census_hbi"), [:], CONTINUE_ON_FAILURE): Call Test Case 'Test Cases/AHI/_include/census_hbi' successfully

2019-12-17 08:15:11 - [TEST_CASE][PASSED] - Test Cases/AHI/_include/census_hbi: Test Cases/AHI/_include/census_hbi

2019-12-17 08:15:11 - [TEST_STEP][PASSED] - click(findTestObject("mobileSanity/Common/side_nav/menu")): Object: 'Object Repository/mobileSanity/Common/side_nav/menu' is clicked on

2019-12-17 08:15:11 - [MESSAGE][PASSED] - Object: 'Object Repository/mobileSanity/Common/side_nav/menu' is clicked on

2019-12-17 08:15:11 - [TEST_STEP][PASSED] - Thread.sleep(3000): null

2019-12-17 08:15:14 - [TEST_STEP][PASSED] - callTestCase(findTestCase("AHI/_include/get_screenshot"), [:], STOP_ON_FAILURE): Call Test Case 'Test Cases/AHI/_include/get_screenshot' successfully

2019-12-17 08:15:14 - [TEST_CASE][PASSED] - Test Cases/AHI/_include/get_screenshot: Test Cases/AHI/_include/get_screenshot

2019-12-17 08:15:14 - [TEST_STEP][PASSED] - takeScreenshot(screenPath + i + ".png"): Taking screenshot successfully

2019-12-17 08:15:14 - [MESSAGE][PASSED] - Taking screenshot successfully
[[ATTACHMENT|D:\\Test\\AgileTest\\Reports\\AHI\\hbi\\20191217_080033\\../Screenshots/iPhone 6/hbi/Cardinal Choice/20191217_081505/1.png]]

2019-12-17 08:15:14 - [TEST_STEP][PASSED] - (internal.GlobalVariable.i++): null

2019-12-17 08:15:14 - [MESSAGE][PASSED] - Call Test Case 'Test Cases/AHI/_include/get_screenshot' successfully

2019-12-17 08:15:14 - [TEST_STEP][PASSED] - click(findTestObject("mobileSanity/Common/side_nav/nav_hbi")): Object: 'Object Repository/mobileSanity/Common/side_nav/nav_hbi' is clicked on

2019-12-17 08:15:15 - [MESSAGE][PASSED] - Object: 'Object Repository/mobileSanity/Common/side_nav/nav_hbi' is clicked on

2019-12-17 08:15:15 - [TEST_STEP][PASSED] - waitForPageLoad(10): Wait for page load successfully

2019-12-17 08:15:16 - [MESSAGE][PASSED] - Wait for page load successfully

2019-12-17 08:15:16 - [TEST_STEP][PASSED] - Thread.sleep(3000): null

2019-12-17 08:15:19 - [TEST_STEP][PASSED] - callTestCase(findTestCase("AHI/_include/get_screenshot"), [:], STOP_ON_FAILURE): Call Test Case 'Test Cases/AHI/_include/get_screenshot' successfully

2019-12-17 08:15:19 - [TEST_CASE][PASSED] - Test Cases/AHI/_include/get_screenshot: Test Cases/AHI/_include/get_screenshot

2019-12-17 08:15:19 - [TEST_STEP][PASSED] - takeScreenshot(screenPath + i + ".png"): Taking screenshot successfully

2019-12-17 08:15:19 - [MESSAGE][PASSED] - Taking screenshot successfully
[[ATTACHMENT|D:\\Test\\AgileTest\\Reports\\AHI\\hbi\\20191217_080033\\../Screenshots/iPhone 6/hbi/Cardinal Choice/20191217_081505/2.png]]

2019-12-17 08:15:19 - [TEST_STEP][PASSED] - (internal.GlobalVariable.i++): null

2019-12-17 08:15:19 - [MESSAGE][PASSED] - Call Test Case 'Test Cases/AHI/_include/get_screenshot' successfully

2019-12-17 08:15:19 - [TEST_STEP][PASSED] - setText(findTestObject("mobileSanity/HBI/census/input_Location_zip-input"), zipcode): Text '35215' is set on object 'Object Repository/mobileSanity/HBI/census/input_Location_zip-input'

2019-12-17 08:15:19 - [MESSAGE][PASSED] - Text '35215' is set on object 'Object Repository/mobileSanity/HBI/census/input_Location_zip-input'

2019-12-17 08:15:19 - [TEST_STEP][PASSED] - Thread.sleep(500): null

2019-12-17 08:15:20 - [TEST_STEP][PASSED] - setText(findTestObject("mobileSanity/HBI/census/input_Date of Birth_dob-0"), "12121980"): Text '12121980' is set on object 'Object Repository/mobileSanity/HBI/census/input_Date of Birth_dob-0'

2019-12-17 08:15:20 - [MESSAGE][PASSED] - Text '12121980' is set on object 'Object Repository/mobileSanity/HBI/census/input_Date of Birth_dob-0'

2019-12-17 08:15:20 - [TEST_STEP][PASSED] - click(findTestObject("mobileSanity/HBI/census/label_Male")): Object: 'Object Repository/mobileSanity/HBI/census/label_Male' is clicked on

2019-12-17 08:15:20 - [MESSAGE][PASSED] - Object: 'Object Repository/mobileSanity/HBI/census/label_Male' is clicked on

2019-12-17 08:15:20 - [TEST_STEP][PASSED] - click(findTestObject("mobileSanity/HBI/census/label_Get a Quote")): Object: 'Object Repository/mobileSanity/HBI/census/label_Get a Quote' is clicked on

2019-12-17 08:15:21 - [MESSAGE][PASSED] - Object: 'Object Repository/mobileSanity/HBI/census/label_Get a Quote' is clicked on

2019-12-17 08:15:21 - [TEST_STEP][PASSED] - waitForPageLoad(20): Wait for page load successfully

2019-12-17 08:15:24 - [MESSAGE][PASSED] - Wait for page load successfully

2019-12-17 08:15:24 - [TEST_STEP][PASSED] - Thread.sleep(3000): null

2019-12-17 08:15:27 - [TEST_STEP][PASSED] - callTestCase(findTestCase("AHI/_include/check_quoteleadform"), [:], STOP_ON_FAILURE): Call Test Case 'Test Cases/AHI/_include/check_quoteleadform' successfully

2019-12-17 08:15:27 - [TEST_CASE][PASSED] - Test Cases/AHI/_include/check_quoteleadform: Test Cases/AHI/_include/check_quoteleadform

2019-12-17 08:15:27 - [TEST_STEP][PASSED] - callTestCase(findTestCase("AHI/_include/name"), [:], CONTINUE_ON_FAILURE): Call Test Case 'Test Cases/AHI/_include/name' successfully

2019-12-17 08:15:27 - [TEST_CASE][PASSED] - Test Cases/AHI/_include/name: Test Cases/AHI/_include/name

2019-12-17 08:15:27 - [TEST_STEP][PASSED] - driver = getWebDriver(): null

2019-12-17 08:15:27 - [TEST_STEP][PASSED] - selenium = new com.thoughtworks.selenium.webdriven.WebDriverBackedSelenium(driver, internal.GlobalVariable.ENV): null

2019-12-17 08:15:27 - [TEST_STEP][PASSED] - FirstName = "Test-123": null

2019-12-17 08:15:27 - [TEST_STEP][PASSED] - LastName = selenium.getEval("{var x="ABCDEFGHIJKLMNOPQRSTUVWXYZabcdefghijklmnopqrstuvwxyz"; var tmp="ZZ11-"; for (i=0;i<8;i++) tmp+=x.charAt(Math.ceil(51*Math.random()));tmp;}"): null

2019-12-17 08:15:27 - [TEST_STEP][PASSED] - Address = selenium.getEval("{var x="ABCDEFGHIJKLMNOPQRSTUVWXYZabcdefghijklmnopqrstuvwxyz"; var tmp=""; for (i=0;i<8;i++) tmp+=x.charAt(Math.ceil(51*Math.random()));tmp;}"): null

2019-12-17 08:15:27 - [TEST_STEP][PASSED] - City = selenium.getEval("{var x="ABCDEFGHIJKLMNOPQRSTUVWXYZabcdefghijklmnopqrstuvwxyz"; var tmp=""; for (i=0;i<8;i++) tmp+=x.charAt(Math.ceil(51*Math.random()));tmp;}"): null

2019-12-17 08:15:27 - [TEST_STEP][PASSED] - tel1 = selenium.getEval("{var x="123456789"; var tmp=""; for (i=0;i<3;i++) tmp+=x.charAt(Math.ceil(8*Math.random()));tmp;}"): null

2019-12-17 08:15:27 - [TEST_STEP][PASSED] - tel2 = selenium.getEval("{var x="123456789"; var tmp=""; for (i=0;i<3;i++) tmp+=x.charAt(Math.ceil(8*Math.random()));tmp;}"): null

2019-12-17 08:15:27 - [TEST_STEP][PASSED] - tel3 = selenium.getEval("{var x="123456789"; var tmp=""; for (i=0;i<4;i++) tmp+=x.charAt(Math.ceil(8*Math.random()));tmp;}"): null

2019-12-17 08:15:27 - [TEST_STEP][PASSED] - Tel = selenium.getExpression(tel1 + "-" + tel2 + "-" + tel3): null

2019-12-17 08:15:27 - [TEST_STEP][PASSED] - AutoEmail = selenium.getEval("{var x="ABCDEFGHIJKLMNOPQRSTUVWXYZabcdefghijklmnopqrstuvwxyz"; var tmp="test."; for (i=0;i<8;i++) tmp+=x.charAt(Math.ceil(51*Math.random()));tmp+="@suryani.cn";}"): null

2019-12-17 08:15:27 - [TEST_STEP][PASSED] - FirstName = FirstName: null

2019-12-17 08:15:27 - [TEST_STEP][PASSED] - LastName = LastName: null

2019-12-17 08:15:27 - [TEST_STEP][PASSED] - Address = Address: null

2019-12-17 08:15:27 - [TEST_STEP][PASSED] - City = City: null

2019-12-17 08:15:27 - [TEST_STEP][PASSED] - Tel = Tel: null

2019-12-17 08:15:27 - [TEST_STEP][PASSED] - AutoEmail = AutoEmail: null

2019-12-17 08:15:27 - [TEST_STEP][PASSED] - println(FirstName): null

2019-12-17 08:15:27 - [TEST_STEP][PASSED] - println(LastName): null

2019-12-17 08:15:27 - [TEST_STEP][PASSED] - println(Address): null

2019-12-17 08:15:27 - [TEST_STEP][PASSED] - println(City): null

2019-12-17 08:15:27 - [TEST_STEP][PASSED] - println(Tel): null

2019-12-17 08:15:27 - [TEST_STEP][PASSED] - println(AutoEmail): null

2019-12-17 08:15:27 - [MESSAGE][PASSED] - Call Test Case 'Test Cases/AHI/_include/name' successfully

2019-12-17 08:15:27 - [TEST_STEP][PASSED] - leadform_exist = test.MobileKeywords.isElementPresent_Web(findTestObject("mobileSanity/quote lead form/lead_form"), 20): test.MobileKeywords.isElementPresent_Web is PASSED

2019-12-17 08:15:27 - [MESSAGE][PASSED] - test.MobileKeywords.isElementPresent_Web is PASSED

2019-12-17 08:15:27 - [TEST_STEP][PASSED] - if (leadform_exist): null

2019-12-17 08:15:27 - [TEST_STEP][PASSED] - setText(findTestObject("mobileSanity/quote lead form/first"), FirstName): Text 'Test-123' is set on object 'Object Repository/mobileSanity/quote lead form/first'

2019-12-17 08:15:27 - [MESSAGE][PASSED] - Text 'Test-123' is set on object 'Object Repository/mobileSanity/quote lead form/first'

2019-12-17 08:15:27 - [TEST_STEP][PASSED] - setText(findTestObject("mobileSanity/quote lead form/last"), LastName): Text 'ZZ11-qKUIEgse' is set on object 'Object Repository/mobileSanity/quote lead form/last'

2019-12-17 08:15:27 - [MESSAGE][PASSED] - Text 'ZZ11-qKUIEgse' is set on object 'Object Repository/mobileSanity/quote lead form/last'

2019-12-17 08:15:27 - [TEST_STEP][PASSED] - setText(findTestObject("mobileSanity/quote lead form/email"), AutoEmail): Text 'test.tFLrNtzV@suryani.cn' is set on object 'Object Repository/mobileSanity/quote lead form/email'

2019-12-17 08:15:27 - [MESSAGE][PASSED] - Text 'test.tFLrNtzV@suryani.cn' is set on object 'Object Repository/mobileSanity/quote lead form/email'

2019-12-17 08:15:27 - [TEST_STEP][PASSED] - setText(findTestObject("mobileSanity/quote lead form/phone"), Tel): Text '237-392-2353' is set on object 'Object Repository/mobileSanity/quote lead form/phone'

2019-12-17 08:15:27 - [MESSAGE][PASSED] - Text '237-392-2353' is set on object 'Object Repository/mobileSanity/quote lead form/phone'

2019-12-17 08:15:27 - [TEST_STEP][PASSED] - click(findTestObject("mobileSanity/quote lead form/submit")): Object: 'Object Repository/mobileSanity/quote lead form/submit' is clicked on

2019-12-17 08:15:28 - [MESSAGE][PASSED] - Object: 'Object Repository/mobileSanity/quote lead form/submit' is clicked on

2019-12-17 08:15:28 - [TEST_STEP][PASSED] - Thread.sleep(3000): null

2019-12-17 08:15:31 - [MESSAGE][PASSED] - Call Test Case 'Test Cases/AHI/_include/check_quoteleadform' successfully

2019-12-17 08:15:31 - [TEST_STEP][PASSED] - callTestCase(findTestCase("AHI/_include/get_screenshot"), [:], STOP_ON_FAILURE): Call Test Case 'Test Cases/AHI/_include/get_screenshot' successfully

2019-12-17 08:15:31 - [TEST_CASE][PASSED] - Test Cases/AHI/_include/get_screenshot: Test Cases/AHI/_include/get_screenshot

2019-12-17 08:15:31 - [TEST_STEP][PASSED] - takeScreenshot(screenPath + i + ".png"): Taking screenshot successfully

2019-12-17 08:15:31 - [MESSAGE][PASSED] - Taking screenshot successfully
[[ATTACHMENT|D:\\Test\\AgileTest\\Reports\\AHI\\hbi\\20191217_080033\\../Screenshots/iPhone 6/hbi/Cardinal Choice/20191217_081505/3.png]]

2019-12-17 08:15:31 - [TEST_STEP][PASSED] - (internal.GlobalVariable.i++): null

2019-12-17 08:15:31 - [MESSAGE][PASSED] - Call Test Case 'Test Cases/AHI/_include/get_screenshot' successfully

2019-12-17 08:15:31 - [MESSAGE][PASSED] - Call Test Case 'Test Cases/AHI/_include/census_hbi' successfully

2019-12-17 08:15:31 - [TEST_STEP][PASSED] - Thread.sleep(5000): null

2019-12-17 08:15:36 - [TEST_STEP][PASSED] - scrollToPosition(200, 2300): Browser is scrolled to position x = 200, y = 2300

2019-12-17 08:15:36 - [MESSAGE][PASSED] - Browser is scrolled to position x = 200, y = 2300

2019-12-17 08:15:36 - [TEST_STEP][PASSED] - click(findTestObject("mobileSanity/HBI/quote/a_Cardinal Choice")): Object: 'Object Repository/mobileSanity/HBI/quote/a_Cardinal Choice' is clicked on

2019-12-17 08:15:38 - [MESSAGE][PASSED] - Object: 'Object Repository/mobileSanity/HBI/quote/a_Cardinal Choice' is clicked on

2019-12-17 08:15:38 - [TEST_STEP][PASSED] - waitForPageLoad(20): Wait for page load successfully

2019-12-17 08:15:38 - [MESSAGE][PASSED] - Wait for page load successfully

2019-12-17 08:15:38 - [TEST_STEP][PASSED] - callTestCase(findTestCase("AHI/_include/get_screenshot"), [:], STOP_ON_FAILURE): Call Test Case 'Test Cases/AHI/_include/get_screenshot' successfully

2019-12-17 08:15:39 - [TEST_CASE][PASSED] - Test Cases/AHI/_include/get_screenshot: Test Cases/AHI/_include/get_screenshot

2019-12-17 08:15:39 - [TEST_STEP][PASSED] - takeScreenshot(screenPath + i + ".png"): Taking screenshot successfully

2019-12-17 08:15:39 - [MESSAGE][PASSED] - Taking screenshot successfully
[[ATTACHMENT|D:\\Test\\AgileTest\\Reports\\AHI\\hbi\\20191217_080033\\../Screenshots/iPhone 6/hbi/Cardinal Choice/20191217_081505/4.png]]

2019-12-17 08:15:39 - [TEST_STEP][PASSED] - (internal.GlobalVariable.i++): null

2019-12-17 08:15:39 - [MESSAGE][PASSED] - Call Test Case 'Test Cases/AHI/_include/get_screenshot' successfully

2019-12-17 08:15:39 - [TEST_STEP][PASSED] - click(findTestObject("mobileSanity/HBI/detail/a_Apply for This Plan")): Object: 'Object Repository/mobileSanity/HBI/detail/a_Apply for This Plan' is clicked on

2019-12-17 08:15:40 - [MESSAGE][PASSED] - Object: 'Object Repository/mobileSanity/HBI/detail/a_Apply for This Plan' is clicked on

2019-12-17 08:15:40 - [TEST_STEP][PASSED] - waitForPageLoad(20): Wait for page load successfully

2019-12-17 08:15:41 - [MESSAGE][PASSED] - Wait for page load successfully

2019-12-17 08:15:41 - [TEST_STEP][PASSED] - callTestCase(findTestCase("AHI/_include/get_screenshot"), [:], STOP_ON_FAILURE): Call Test Case 'Test Cases/AHI/_include/get_screenshot' successfully

2019-12-17 08:15:42 - [TEST_CASE][PASSED] - Test Cases/AHI/_include/get_screenshot: Test Cases/AHI/_include/get_screenshot

2019-12-17 08:15:42 - [TEST_STEP][PASSED] - takeScreenshot(screenPath + i + ".png"): Taking screenshot successfully

2019-12-17 08:15:42 - [MESSAGE][PASSED] - Taking screenshot successfully
[[ATTACHMENT|D:\\Test\\AgileTest\\Reports\\AHI\\hbi\\20191217_080033\\../Screenshots/iPhone 6/hbi/Cardinal Choice/20191217_081505/5.png]]

2019-12-17 08:15:42 - [TEST_STEP][PASSED] - (internal.GlobalVariable.i++): null

2019-12-17 08:15:42 - [MESSAGE][PASSED] - Call Test Case 'Test Cases/AHI/_include/get_screenshot' successfully

2019-12-17 08:15:42 - [TEST_STEP][PASSED] - click(findTestObject("mobileSanity/HBI/Page_Apply/span_Start Secure Application")): Object: 'Object Repository/mobileSanity/HBI/Page_Apply/span_Start Secure Application' is clicked on

2019-12-17 08:15:42 - [MESSAGE][PASSED] - Object: 'Object Repository/mobileSanity/HBI/Page_Apply/span_Start Secure Application' is clicked on

2019-12-17 08:15:42 - [TEST_STEP][PASSED] - waitForPageLoad(20): Wait for page load successfully

2019-12-17 08:15:44 - [MESSAGE][PASSED] - Wait for page load successfully

2019-12-17 08:15:44 - [TEST_STEP][PASSED] - Thread.sleep(5000): null

2019-12-17 08:15:49 - [TEST_STEP][PASSED] - callTestCase(findTestCase("AHI/_include/get_screenshot"), [:], STOP_ON_FAILURE): Call Test Case 'Test Cases/AHI/_include/get_screenshot' successfully

2019-12-17 08:15:49 - [TEST_CASE][PASSED] - Test Cases/AHI/_include/get_screenshot: Test Cases/AHI/_include/get_screenshot

2019-12-17 08:15:49 - [TEST_STEP][PASSED] - takeScreenshot(screenPath + i + ".png"): Taking screenshot successfully

2019-12-17 08:15:49 - [MESSAGE][PASSED] - Taking screenshot successfully
[[ATTACHMENT|D:\\Test\\AgileTest\\Reports\\AHI\\hbi\\20191217_080033\\../Screenshots/iPhone 6/hbi/Cardinal Choice/20191217_081505/6.png]]

2019-12-17 08:15:49 - [TEST_STEP][PASSED] - (internal.GlobalVariable.i++): null

2019-12-17 08:15:49 - [MESSAGE][PASSED] - Call Test Case 'Test Cases/AHI/_include/get_screenshot' successfully

2019-12-17 08:15:49 - [TEST_STEP][PASSED] - callTestCase(findTestCase("AHI/_include/goToEnd_hbi"), ["carrier":"cardinalchoice"], CONTINUE_ON_FAILURE): Call Test Case 'Test Cases/AHI/_include/goToEnd_hbi' successfully

2019-12-17 08:15:49 - [TEST_CASE][PASSED] - Test Cases/AHI/_include/goToEnd_hbi: Test Cases/AHI/_include/goToEnd_hbi

2019-12-17 08:15:49 - [TEST_STEP][PASSED] - if (state == "ca"): null

2019-12-17 08:15:49 - [TEST_STEP][PASSED] - callTestCase(findTestCase("AHI/_include/name"), [:], CONTINUE_ON_FAILURE): Call Test Case 'Test Cases/AHI/_include/name' successfully

2019-12-17 08:15:49 - [TEST_CASE][PASSED] - Test Cases/AHI/_include/name: Test Cases/AHI/_include/name

2019-12-17 08:15:49 - [TEST_STEP][PASSED] - driver = getWebDriver(): null

2019-12-17 08:15:49 - [TEST_STEP][PASSED] - selenium = new com.thoughtworks.selenium.webdriven.WebDriverBackedSelenium(driver, internal.GlobalVariable.ENV): null

2019-12-17 08:15:50 - [TEST_STEP][PASSED] - FirstName = "Test-123": null

2019-12-17 08:15:50 - [TEST_STEP][PASSED] - LastName = selenium.getEval("{var x="ABCDEFGHIJKLMNOPQRSTUVWXYZabcdefghijklmnopqrstuvwxyz"; var tmp="ZZ11-"; for (i=0;i<8;i++) tmp+=x.charAt(Math.ceil(51*Math.random()));tmp;}"): null

2019-12-17 08:15:50 - [TEST_STEP][PASSED] - Address = selenium.getEval("{var x="ABCDEFGHIJKLMNOPQRSTUVWXYZabcdefghijklmnopqrstuvwxyz"; var tmp=""; for (i=0;i<8;i++) tmp+=x.charAt(Math.ceil(51*Math.random()));tmp;}"): null

2019-12-17 08:15:50 - [TEST_STEP][PASSED] - City = selenium.getEval("{var x="ABCDEFGHIJKLMNOPQRSTUVWXYZabcdefghijklmnopqrstuvwxyz"; var tmp=""; for (i=0;i<8;i++) tmp+=x.charAt(Math.ceil(51*Math.random()));tmp;}"): null

2019-12-17 08:15:50 - [TEST_STEP][PASSED] - tel1 = selenium.getEval("{var x="123456789"; var tmp=""; for (i=0;i<3;i++) tmp+=x.charAt(Math.ceil(8*Math.random()));tmp;}"): null

2019-12-17 08:15:50 - [TEST_STEP][PASSED] - tel2 = selenium.getEval("{var x="123456789"; var tmp=""; for (i=0;i<3;i++) tmp+=x.charAt(Math.ceil(8*Math.random()));tmp;}"): null

2019-12-17 08:15:50 - [TEST_STEP][PASSED] - tel3 = selenium.getEval("{var x="123456789"; var tmp=""; for (i=0;i<4;i++) tmp+=x.charAt(Math.ceil(8*Math.random()));tmp;}"): null

2019-12-17 08:15:50 - [TEST_STEP][PASSED] - Tel = selenium.getExpression(tel1 + "-" + tel2 + "-" + tel3): null

2019-12-17 08:15:50 - [TEST_STEP][PASSED] - AutoEmail = selenium.getEval("{var x="ABCDEFGHIJKLMNOPQRSTUVWXYZabcdefghijklmnopqrstuvwxyz"; var tmp="test."; for (i=0;i<8;i++) tmp+=x.charAt(Math.ceil(51*Math.random()));tmp+="@suryani.cn";}"): null

2019-12-17 08:15:50 - [TEST_STEP][PASSED] - FirstName = FirstName: null

2019-12-17 08:15:50 - [TEST_STEP][PASSED] - LastName = LastName: null

2019-12-17 08:15:50 - [TEST_STEP][PASSED] - Address = Address: null

2019-12-17 08:15:50 - [TEST_STEP][PASSED] - City = City: null

2019-12-17 08:15:50 - [TEST_STEP][PASSED] - Tel = Tel: null

2019-12-17 08:15:50 - [TEST_STEP][PASSED] - AutoEmail = AutoEmail: null

2019-12-17 08:15:50 - [TEST_STEP][PASSED] - println(FirstName): null

2019-12-17 08:15:50 - [TEST_STEP][PASSED] - println(LastName): null

2019-12-17 08:15:50 - [TEST_STEP][PASSED] - println(Address): null

2019-12-17 08:15:50 - [TEST_STEP][PASSED] - println(City): null

2019-12-17 08:15:50 - [TEST_STEP][PASSED] - println(Tel): null

2019-12-17 08:15:50 - [TEST_STEP][PASSED] - println(AutoEmail): null

2019-12-17 08:15:50 - [MESSAGE][PASSED] - Call Test Case 'Test Cases/AHI/_include/name' successfully

2019-12-17 08:15:50 - [TEST_STEP][PASSED] - setText(findTestObject("mobileSanity/HBI/Page_App Page 1/input__member-P-1-firstName"), FirstName): Text 'Test-123' is set on object 'Object Repository/mobileSanity/HBI/Page_App Page 1/input__member-P-1-firstName'

2019-12-17 08:15:51 - [MESSAGE][PASSED] - Text 'Test-123' is set on object 'Object Repository/mobileSanity/HBI/Page_App Page 1/input__member-P-1-firstName'

2019-12-17 08:15:51 - [TEST_STEP][PASSED] - setText(findTestObject("mobileSanity/HBI/Page_App Page 1/input__member-P-1-lastName"), LastName): Text 'ZZ11-Xjnmhbph' is set on object 'Object Repository/mobileSanity/HBI/Page_App Page 1/input__member-P-1-lastName'

2019-12-17 08:15:54 - [MESSAGE][PASSED] - Text 'ZZ11-Xjnmhbph' is set on object 'Object Repository/mobileSanity/HBI/Page_App Page 1/input__member-P-1-lastName'

2019-12-17 08:15:54 - [TEST_STEP][PASSED] - if (carrier == "agileone" || carrier == "agilesecure"): null

2019-12-17 08:15:54 - [TEST_STEP][PASSED] - setText(findTestObject("mobileSanity/HBI/Page_App Page 1/input__address"), Address): Text 'MPWaIThQ' is set on object 'Object Repository/mobileSanity/HBI/Page_App Page 1/input__address'

2019-12-17 08:15:54 - [MESSAGE][PASSED] - Text 'MPWaIThQ' is set on object 'Object Repository/mobileSanity/HBI/Page_App Page 1/input__address'

2019-12-17 08:15:54 - [TEST_STEP][PASSED] - setText(findTestObject("mobileSanity/HBI/Page_App Page 1/input__city"), City): Text 'VLfWfaij' is set on object 'Object Repository/mobileSanity/HBI/Page_App Page 1/input__city'

2019-12-17 08:15:54 - [MESSAGE][PASSED] - Text 'VLfWfaij' is set on object 'Object Repository/mobileSanity/HBI/Page_App Page 1/input__city'

2019-12-17 08:15:54 - [TEST_STEP][PASSED] - setText(findTestObject("mobileSanity/HBI/Page_App Page 1/input__email"), AutoEmail): Text 'test.OHcRydeR@suryani.cn' is set on object 'Object Repository/mobileSanity/HBI/Page_App Page 1/input__email'

2019-12-17 08:15:55 - [MESSAGE][PASSED] - Text 'test.OHcRydeR@suryani.cn' is set on object 'Object Repository/mobileSanity/HBI/Page_App Page 1/input__email'

2019-12-17 08:15:55 - [TEST_STEP][PASSED] - setText(findTestObject("mobileSanity/HBI/Page_App Page 1/input_tel"), Tel): Text '948-265-4862' is set on object 'Object Repository/mobileSanity/HBI/Page_App Page 1/input_tel'

2019-12-17 08:15:55 - [MESSAGE][PASSED] - Text '948-265-4862' is set on object 'Object Repository/mobileSanity/HBI/Page_App Page 1/input_tel'

2019-12-17 08:15:55 - [TEST_STEP][PASSED] - Thread.sleep(5000): null

2019-12-17 08:16:00 - [TEST_STEP][PASSED] - click(findTestObject("mobileSanity/HBI/Page_App Page 1/a_Continue to Step 2 - Payment")): Object: 'Object Repository/mobileSanity/HBI/Page_App Page 1/a_Continue to Step 2 - Payment' is clicked on

2019-12-17 08:16:01 - [MESSAGE][PASSED] - Object: 'Object Repository/mobileSanity/HBI/Page_App Page 1/a_Continue to Step 2 - Payment' is clicked on

2019-12-17 08:16:01 - [TEST_STEP][PASSED] - waitForPageLoad(20): Wait for page load successfully

2019-12-17 08:16:01 - [MESSAGE][PASSED] - Wait for page load successfully

2019-12-17 08:16:01 - [TEST_STEP][PASSED] - Thread.sleep(2000): null

2019-12-17 08:16:03 - [TEST_STEP][PASSED] - waitForElementVisible(findTestObject("mobileSanity/HBI/Page_App Page 2/input__credit-card-first"), 20): Object 'Object Repository/mobileSanity/HBI/Page_App Page 2/input__credit-card-first' is visible

2019-12-17 08:16:03 - [MESSAGE][PASSED] - Object 'Object Repository/mobileSanity/HBI/Page_App Page 2/input__credit-card-first' is visible

2019-12-17 08:16:03 - [TEST_STEP][PASSED] - callTestCase(findTestCase("AHI/_include/get_screenshot"), [:], STOP_ON_FAILURE): Call Test Case 'Test Cases/AHI/_include/get_screenshot' successfully

2019-12-17 08:16:03 - [TEST_CASE][PASSED] - Test Cases/AHI/_include/get_screenshot: Test Cases/AHI/_include/get_screenshot

2019-12-17 08:16:03 - [TEST_STEP][PASSED] - takeScreenshot(screenPath + i + ".png"): Taking screenshot successfully

2019-12-17 08:16:03 - [MESSAGE][PASSED] - Taking screenshot successfully
[[ATTACHMENT|D:\\Test\\AgileTest\\Reports\\AHI\\hbi\\20191217_080033\\../Screenshots/iPhone 6/hbi/Cardinal Choice/20191217_081505/7.png]]

2019-12-17 08:16:03 - [TEST_STEP][PASSED] - (internal.GlobalVariable.i++): null

2019-12-17 08:16:03 - [MESSAGE][PASSED] - Call Test Case 'Test Cases/AHI/_include/get_screenshot' successfully

2019-12-17 08:16:03 - [TEST_STEP][PASSED] - setText(findTestObject("mobileSanity/HBI/Page_App Page 2/input__credit-card-first"), FirstName): Text 'Test-123' is set on object 'Object Repository/mobileSanity/HBI/Page_App Page 2/input__credit-card-first'

2019-12-17 08:16:03 - [MESSAGE][PASSED] - Text 'Test-123' is set on object 'Object Repository/mobileSanity/HBI/Page_App Page 2/input__credit-card-first'

2019-12-17 08:16:03 - [TEST_STEP][PASSED] - setText(findTestObject("mobileSanity/HBI/Page_App Page 2/input__credit-card-last"), LastName): Text 'ZZ11-Xjnmhbph' is set on object 'Object Repository/mobileSanity/HBI/Page_App Page 2/input__credit-card-last'

2019-12-17 08:16:04 - [MESSAGE][PASSED] - Text 'ZZ11-Xjnmhbph' is set on object 'Object Repository/mobileSanity/HBI/Page_App Page 2/input__credit-card-last'

2019-12-17 08:16:04 - [TEST_STEP][PASSED] - selectOptionByValue(findTestObject("mobileSanity/HBI/Page_App Page 2/select_MM010203040506070809101"), "12", true): All options with value '12' are selected in object 'Object Repository/mobileSanity/HBI/Page_App Page 2/select_MM010203040506070809101'  using regular expression

2019-12-17 08:16:04 - [MESSAGE][PASSED] - All options with value '12' are selected in object 'Object Repository/mobileSanity/HBI/Page_App Page 2/select_MM010203040506070809101'  using regular expression

2019-12-17 08:16:04 - [TEST_STEP][PASSED] - selectOptionByValue(findTestObject("mobileSanity/HBI/Page_App Page 2/select_YYYY2019202020212022202"), "2026", true): All options with value '2026' are selected in object 'Object Repository/mobileSanity/HBI/Page_App Page 2/select_YYYY2019202020212022202'  using regular expression

2019-12-17 08:16:04 - [MESSAGE][PASSED] - All options with value '2026' are selected in object 'Object Repository/mobileSanity/HBI/Page_App Page 2/select_YYYY2019202020212022202'  using regular expression

2019-12-17 08:16:04 - [TEST_STEP][PASSED] - setText(findTestObject("mobileSanity/HBI/Page_App Page 2/input__credit-card-number"), "4111111111111111"): Text '4111111111111111' is set on object 'Object Repository/mobileSanity/HBI/Page_App Page 2/input__credit-card-number'

2019-12-17 08:16:05 - [MESSAGE][PASSED] - Text '4111111111111111' is set on object 'Object Repository/mobileSanity/HBI/Page_App Page 2/input__credit-card-number'

2019-12-17 08:16:05 - [TEST_STEP][PASSED] - setText(findTestObject("mobileSanity/HBI/Page_App Page 2/input__cvv"), "123"): Text '123' is set on object 'Object Repository/mobileSanity/HBI/Page_App Page 2/input__cvv'

2019-12-17 08:16:05 - [MESSAGE][PASSED] - Text '123' is set on object 'Object Repository/mobileSanity/HBI/Page_App Page 2/input__cvv'

2019-12-17 08:16:05 - [TEST_STEP][PASSED] - click(findTestObject("mobileSanity/HBI/Page_App Page 2/label_My billing address is th")): Object: 'Object Repository/mobileSanity/HBI/Page_App Page 2/label_My billing address is th' is clicked on

2019-12-17 08:16:05 - [MESSAGE][PASSED] - Object: 'Object Repository/mobileSanity/HBI/Page_App Page 2/label_My billing address is th' is clicked on

2019-12-17 08:16:05 - [TEST_STEP][PASSED] - click(findTestObject("mobileSanity/HBI/Page_App Page 2/label_I Accept Authorization f")): Object: 'Object Repository/mobileSanity/HBI/Page_App Page 2/label_I Accept Authorization f' is clicked on

2019-12-17 08:16:05 - [MESSAGE][PASSED] - Object: 'Object Repository/mobileSanity/HBI/Page_App Page 2/label_I Accept Authorization f' is clicked on

2019-12-17 08:16:05 - [TEST_STEP][PASSED] - click(findTestObject("mobileSanity/HBI/Page_App Page 2/a_Continue to Step 3 - Review")): Object: 'Object Repository/mobileSanity/HBI/Page_App Page 2/a_Continue to Step 3 - Review' is clicked on

2019-12-17 08:16:05 - [MESSAGE][PASSED] - Object: 'Object Repository/mobileSanity/HBI/Page_App Page 2/a_Continue to Step 3 - Review' is clicked on

2019-12-17 08:16:05 - [TEST_STEP][PASSED] - waitForPageLoad(20): Wait for page load successfully

2019-12-17 08:16:05 - [MESSAGE][PASSED] - Wait for page load successfully

2019-12-17 08:16:05 - [TEST_STEP][PASSED] - Thread.sleep(10000): null

2019-12-17 08:16:15 - [TEST_STEP][PASSED] - waitForElementPresent(findTestObject("mobileSanity/HBI/Page_App Page 3/label"), 20): Object 'Object Repository/mobileSanity/HBI/Page_App Page 3/label' is present

2019-12-17 08:16:16 - [MESSAGE][PASSED] - Object 'Object Repository/mobileSanity/HBI/Page_App Page 3/label' is present

2019-12-17 08:16:16 - [TEST_STEP][PASSED] - callTestCase(findTestCase("AHI/_include/get_screenshot"), [:], STOP_ON_FAILURE): Call Test Case 'Test Cases/AHI/_include/get_screenshot' successfully

2019-12-17 08:16:16 - [TEST_CASE][PASSED] - Test Cases/AHI/_include/get_screenshot: Test Cases/AHI/_include/get_screenshot

2019-12-17 08:16:16 - [TEST_STEP][PASSED] - takeScreenshot(screenPath + i + ".png"): Taking screenshot successfully

2019-12-17 08:16:17 - [MESSAGE][PASSED] - Taking screenshot successfully
[[ATTACHMENT|D:\\Test\\AgileTest\\Reports\\AHI\\hbi\\20191217_080033\\../Screenshots/iPhone 6/hbi/Cardinal Choice/20191217_081505/8.png]]

2019-12-17 08:16:17 - [TEST_STEP][PASSED] - (internal.GlobalVariable.i++): null

2019-12-17 08:16:17 - [MESSAGE][PASSED] - Call Test Case 'Test Cases/AHI/_include/get_screenshot' successfully

2019-12-17 08:16:17 - [TEST_STEP][PASSED] - click(findTestObject("mobileSanity/HBI/Page_App Page 3/label")): Object: 'Object Repository/mobileSanity/HBI/Page_App Page 3/label' is clicked on

2019-12-17 08:16:17 - [MESSAGE][PASSED] - Object: 'Object Repository/mobileSanity/HBI/Page_App Page 3/label' is clicked on

2019-12-17 08:16:17 - [TEST_STEP][PASSED] - click(findTestObject("mobileSanity/HBI/Page_App Page 3/p_CLICK TO SIGN")): Object: 'Object Repository/mobileSanity/HBI/Page_App Page 3/p_CLICK TO SIGN' is clicked on

2019-12-17 08:16:17 - [MESSAGE][PASSED] - Object: 'Object Repository/mobileSanity/HBI/Page_App Page 3/p_CLICK TO SIGN' is clicked on

2019-12-17 08:16:17 - [TEST_STEP][PASSED] - click(findTestObject("mobileSanity/HBI/Page_App Page 3/a_Submit Your Application")): Object: 'Object Repository/mobileSanity/HBI/Page_App Page 3/a_Submit Your Application' is clicked on

2019-12-17 08:16:18 - [MESSAGE][PASSED] - Object: 'Object Repository/mobileSanity/HBI/Page_App Page 3/a_Submit Your Application' is clicked on

2019-12-17 08:16:18 - [TEST_STEP][PASSED] - Thread.sleep(30000): null

2019-12-17 08:16:48 - [TEST_STEP][PASSED] - callTestCase(findTestCase("AHI/_include/get_screenshot"), [:], STOP_ON_FAILURE): Call Test Case 'Test Cases/AHI/_include/get_screenshot' successfully

2019-12-17 08:16:48 - [TEST_CASE][PASSED] - Test Cases/AHI/_include/get_screenshot: Test Cases/AHI/_include/get_screenshot

2019-12-17 08:16:48 - [TEST_STEP][PASSED] - takeScreenshot(screenPath + i + ".png"): Taking screenshot successfully

2019-12-17 08:16:48 - [MESSAGE][PASSED] - Taking screenshot successfully
[[ATTACHMENT|D:\\Test\\AgileTest\\Reports\\AHI\\hbi\\20191217_080033\\../Screenshots/iPhone 6/hbi/Cardinal Choice/20191217_081505/9.png]]

2019-12-17 08:16:48 - [TEST_STEP][PASSED] - (internal.GlobalVariable.i++): null

2019-12-17 08:16:48 - [MESSAGE][PASSED] - Call Test Case 'Test Cases/AHI/_include/get_screenshot' successfully

2019-12-17 08:16:48 - [TEST_STEP][PASSED] - verifyTextPresent("Congratulations", false): Text 'Congratulations' is present on page 

2019-12-17 08:16:49 - [MESSAGE][PASSED] - Text 'Congratulations' is present on page 

2019-12-17 08:16:49 - [MESSAGE][PASSED] - Call Test Case 'Test Cases/AHI/_include/goToEnd_hbi' successfully]]></system-out>
         <system-err><![CDATA[]]></system-err>
      </testcase>
      <testcase name="Test Cases/AHI/HBI/Core Shield" classname="Test Cases/AHI/HBI/Core Shield" status="PASSED">
         <system-out><![CDATA[2019-12-17 08:16:49 - [TEST_CASE][PASSED] - Test Cases/AHI/HBI/Core Shield: Test Cases/AHI/HBI/Core Shield

2019-12-17 08:16:49 - [TEST_STEP][PASSED] - callTestCase(findTestCase("AHI/_include/get_screenPath"), ["productLine":"hbi", "carrierName":"Core Shield"], CONTINUE_ON_FAILURE): Call Test Case 'Test Cases/AHI/_include/get_screenPath' successfully

2019-12-17 08:16:49 - [TEST_CASE][PASSED] - Test Cases/AHI/_include/get_screenPath: Test Cases/AHI/_include/get_screenPath

2019-12-17 08:16:49 - [TEST_STEP][PASSED] - m = getExecutionProperties(): null

2019-12-17 08:16:49 - [TEST_STEP][PASSED] - deviceName = get("mobileEmulation").get("deviceName"): null

2019-12-17 08:16:49 - [TEST_STEP][PASSED] - println(deviceName): null

2019-12-17 08:16:49 - [TEST_STEP][PASSED] - now = new java.util.Date(): null

2019-12-17 08:16:49 - [TEST_STEP][PASSED] - mydate = now.format("yyyyMMdd_HHmmss"): null

2019-12-17 08:16:49 - [TEST_STEP][PASSED] - screenPath = "../Screenshots/": null

2019-12-17 08:16:49 - [TEST_STEP][PASSED] - screenPath = screenPath + deviceName + "/" + productLine + "/" + carrierName + "/" + mydate + "/": null

2019-12-17 08:16:49 - [TEST_STEP][PASSED] - println(screenPath): null

2019-12-17 08:16:49 - [MESSAGE][PASSED] - Call Test Case 'Test Cases/AHI/_include/get_screenPath' successfully

2019-12-17 08:16:49 - [TEST_STEP][PASSED] - i = 0: null

2019-12-17 08:16:49 - [TEST_STEP][PASSED] - callTestCase(findTestCase("AHI/_include/openWebSite"), [:], CONTINUE_ON_FAILURE): Call Test Case 'Test Cases/AHI/_include/openWebSite' successfully

2019-12-17 08:16:49 - [TEST_CASE][PASSED] - Test Cases/AHI/_include/openWebSite: Test Cases/AHI/_include/openWebSite

2019-12-17 08:16:49 - [TEST_STEP][PASSED] - openBrowser(env): Browser is opened with url: 'https://praetemptatus.agilehealthinsurance.com'

2019-12-17 08:16:49 - [MESSAGE][WARNING] - A browser is already opened. Closing browser and opening a new one

2019-12-17 08:16:50 - [MESSAGE][INFO] - Starting 'Chrome' driver

2019-12-17 08:16:50 - [MESSAGE][INFO] - User set preference: ['mobileEmulation', '{deviceName=iPhone 6}']

2019-12-17 08:16:50 - [MESSAGE][INFO] - User set preference: ['args', '[--incognito, --aggressive-cache-discard, --window-size=375,677, --no-sandbox]']

2019-12-17 08:16:53 - [MESSAGE][PASSED] - Browser is opened with url: 'https://praetemptatus.agilehealthinsurance.com'

2019-12-17 08:16:53 - [TEST_STEP][PASSED] - waitForPageLoad(20): Wait for page load successfully

2019-12-17 08:16:53 - [MESSAGE][PASSED] - Wait for page load successfully

2019-12-17 08:16:53 - [TEST_STEP][PASSED] - callTestCase(findTestCase("AHI/_include/get_screenshot"), [:], STOP_ON_FAILURE): Call Test Case 'Test Cases/AHI/_include/get_screenshot' successfully

2019-12-17 08:16:53 - [TEST_CASE][PASSED] - Test Cases/AHI/_include/get_screenshot: Test Cases/AHI/_include/get_screenshot

2019-12-17 08:16:53 - [TEST_STEP][PASSED] - takeScreenshot(screenPath + i + ".png"): Taking screenshot successfully

2019-12-17 08:16:54 - [MESSAGE][PASSED] - Taking screenshot successfully
[[ATTACHMENT|D:\\Test\\AgileTest\\Reports\\AHI\\hbi\\20191217_080033\\../Screenshots/iPhone 6/hbi/Core Shield/20191217_081649/0.png]]

2019-12-17 08:16:54 - [TEST_STEP][PASSED] - (internal.GlobalVariable.i++): null

2019-12-17 08:16:54 - [MESSAGE][PASSED] - Call Test Case 'Test Cases/AHI/_include/get_screenshot' successfully

2019-12-17 08:16:54 - [MESSAGE][PASSED] - Call Test Case 'Test Cases/AHI/_include/openWebSite' successfully

2019-12-17 08:16:54 - [TEST_STEP][PASSED] - callTestCase(findTestCase("AHI/_include/census_hbi"), [:], CONTINUE_ON_FAILURE): Call Test Case 'Test Cases/AHI/_include/census_hbi' successfully

2019-12-17 08:16:54 - [TEST_CASE][PASSED] - Test Cases/AHI/_include/census_hbi: Test Cases/AHI/_include/census_hbi

2019-12-17 08:16:54 - [TEST_STEP][PASSED] - click(findTestObject("mobileSanity/Common/side_nav/menu")): Object: 'Object Repository/mobileSanity/Common/side_nav/menu' is clicked on

2019-12-17 08:16:54 - [MESSAGE][PASSED] - Object: 'Object Repository/mobileSanity/Common/side_nav/menu' is clicked on

2019-12-17 08:16:54 - [TEST_STEP][PASSED] - Thread.sleep(3000): null

2019-12-17 08:16:57 - [TEST_STEP][PASSED] - callTestCase(findTestCase("AHI/_include/get_screenshot"), [:], STOP_ON_FAILURE): Call Test Case 'Test Cases/AHI/_include/get_screenshot' successfully

2019-12-17 08:16:57 - [TEST_CASE][PASSED] - Test Cases/AHI/_include/get_screenshot: Test Cases/AHI/_include/get_screenshot

2019-12-17 08:16:57 - [TEST_STEP][PASSED] - takeScreenshot(screenPath + i + ".png"): Taking screenshot successfully

2019-12-17 08:16:58 - [MESSAGE][PASSED] - Taking screenshot successfully
[[ATTACHMENT|D:\\Test\\AgileTest\\Reports\\AHI\\hbi\\20191217_080033\\../Screenshots/iPhone 6/hbi/Core Shield/20191217_081649/1.png]]

2019-12-17 08:16:58 - [TEST_STEP][PASSED] - (internal.GlobalVariable.i++): null

2019-12-17 08:16:58 - [MESSAGE][PASSED] - Call Test Case 'Test Cases/AHI/_include/get_screenshot' successfully

2019-12-17 08:16:58 - [TEST_STEP][PASSED] - click(findTestObject("mobileSanity/Common/side_nav/nav_hbi")): Object: 'Object Repository/mobileSanity/Common/side_nav/nav_hbi' is clicked on

2019-12-17 08:16:58 - [MESSAGE][PASSED] - Object: 'Object Repository/mobileSanity/Common/side_nav/nav_hbi' is clicked on

2019-12-17 08:16:58 - [TEST_STEP][PASSED] - waitForPageLoad(10): Wait for page load successfully

2019-12-17 08:16:58 - [MESSAGE][PASSED] - Wait for page load successfully

2019-12-17 08:16:58 - [TEST_STEP][PASSED] - Thread.sleep(3000): null

2019-12-17 08:17:01 - [TEST_STEP][PASSED] - callTestCase(findTestCase("AHI/_include/get_screenshot"), [:], STOP_ON_FAILURE): Call Test Case 'Test Cases/AHI/_include/get_screenshot' successfully

2019-12-17 08:17:01 - [TEST_CASE][PASSED] - Test Cases/AHI/_include/get_screenshot: Test Cases/AHI/_include/get_screenshot

2019-12-17 08:17:01 - [TEST_STEP][PASSED] - takeScreenshot(screenPath + i + ".png"): Taking screenshot successfully

2019-12-17 08:17:02 - [MESSAGE][PASSED] - Taking screenshot successfully
[[ATTACHMENT|D:\\Test\\AgileTest\\Reports\\AHI\\hbi\\20191217_080033\\../Screenshots/iPhone 6/hbi/Core Shield/20191217_081649/2.png]]

2019-12-17 08:17:02 - [TEST_STEP][PASSED] - (internal.GlobalVariable.i++): null

2019-12-17 08:17:02 - [MESSAGE][PASSED] - Call Test Case 'Test Cases/AHI/_include/get_screenshot' successfully

2019-12-17 08:17:02 - [TEST_STEP][PASSED] - setText(findTestObject("mobileSanity/HBI/census/input_Location_zip-input"), zipcode): Text '35215' is set on object 'Object Repository/mobileSanity/HBI/census/input_Location_zip-input'

2019-12-17 08:17:02 - [MESSAGE][PASSED] - Text '35215' is set on object 'Object Repository/mobileSanity/HBI/census/input_Location_zip-input'

2019-12-17 08:17:02 - [TEST_STEP][PASSED] - Thread.sleep(500): null

2019-12-17 08:17:02 - [TEST_STEP][PASSED] - setText(findTestObject("mobileSanity/HBI/census/input_Date of Birth_dob-0"), "12121980"): Text '12121980' is set on object 'Object Repository/mobileSanity/HBI/census/input_Date of Birth_dob-0'

2019-12-17 08:17:03 - [MESSAGE][PASSED] - Text '12121980' is set on object 'Object Repository/mobileSanity/HBI/census/input_Date of Birth_dob-0'

2019-12-17 08:17:03 - [TEST_STEP][PASSED] - click(findTestObject("mobileSanity/HBI/census/label_Male")): Object: 'Object Repository/mobileSanity/HBI/census/label_Male' is clicked on

2019-12-17 08:17:03 - [MESSAGE][PASSED] - Object: 'Object Repository/mobileSanity/HBI/census/label_Male' is clicked on

2019-12-17 08:17:03 - [TEST_STEP][PASSED] - click(findTestObject("mobileSanity/HBI/census/label_Get a Quote")): Object: 'Object Repository/mobileSanity/HBI/census/label_Get a Quote' is clicked on

2019-12-17 08:17:04 - [MESSAGE][PASSED] - Object: 'Object Repository/mobileSanity/HBI/census/label_Get a Quote' is clicked on

2019-12-17 08:17:04 - [TEST_STEP][PASSED] - waitForPageLoad(20): Wait for page load successfully

2019-12-17 08:17:04 - [MESSAGE][PASSED] - Wait for page load successfully

2019-12-17 08:17:04 - [TEST_STEP][PASSED] - Thread.sleep(3000): null

2019-12-17 08:17:07 - [TEST_STEP][PASSED] - callTestCase(findTestCase("AHI/_include/check_quoteleadform"), [:], STOP_ON_FAILURE): Call Test Case 'Test Cases/AHI/_include/check_quoteleadform' successfully

2019-12-17 08:17:07 - [TEST_CASE][PASSED] - Test Cases/AHI/_include/check_quoteleadform: Test Cases/AHI/_include/check_quoteleadform

2019-12-17 08:17:07 - [TEST_STEP][PASSED] - callTestCase(findTestCase("AHI/_include/name"), [:], CONTINUE_ON_FAILURE): Call Test Case 'Test Cases/AHI/_include/name' successfully

2019-12-17 08:17:07 - [TEST_CASE][PASSED] - Test Cases/AHI/_include/name: Test Cases/AHI/_include/name

2019-12-17 08:17:07 - [TEST_STEP][PASSED] - driver = getWebDriver(): null

2019-12-17 08:17:07 - [TEST_STEP][PASSED] - selenium = new com.thoughtworks.selenium.webdriven.WebDriverBackedSelenium(driver, internal.GlobalVariable.ENV): null

2019-12-17 08:17:07 - [TEST_STEP][PASSED] - FirstName = "Test-123": null

2019-12-17 08:17:07 - [TEST_STEP][PASSED] - LastName = selenium.getEval("{var x="ABCDEFGHIJKLMNOPQRSTUVWXYZabcdefghijklmnopqrstuvwxyz"; var tmp="ZZ11-"; for (i=0;i<8;i++) tmp+=x.charAt(Math.ceil(51*Math.random()));tmp;}"): null

2019-12-17 08:17:07 - [TEST_STEP][PASSED] - Address = selenium.getEval("{var x="ABCDEFGHIJKLMNOPQRSTUVWXYZabcdefghijklmnopqrstuvwxyz"; var tmp=""; for (i=0;i<8;i++) tmp+=x.charAt(Math.ceil(51*Math.random()));tmp;}"): null

2019-12-17 08:17:07 - [TEST_STEP][PASSED] - City = selenium.getEval("{var x="ABCDEFGHIJKLMNOPQRSTUVWXYZabcdefghijklmnopqrstuvwxyz"; var tmp=""; for (i=0;i<8;i++) tmp+=x.charAt(Math.ceil(51*Math.random()));tmp;}"): null

2019-12-17 08:17:07 - [TEST_STEP][PASSED] - tel1 = selenium.getEval("{var x="123456789"; var tmp=""; for (i=0;i<3;i++) tmp+=x.charAt(Math.ceil(8*Math.random()));tmp;}"): null

2019-12-17 08:17:07 - [TEST_STEP][PASSED] - tel2 = selenium.getEval("{var x="123456789"; var tmp=""; for (i=0;i<3;i++) tmp+=x.charAt(Math.ceil(8*Math.random()));tmp;}"): null

2019-12-17 08:17:07 - [TEST_STEP][PASSED] - tel3 = selenium.getEval("{var x="123456789"; var tmp=""; for (i=0;i<4;i++) tmp+=x.charAt(Math.ceil(8*Math.random()));tmp;}"): null

2019-12-17 08:17:07 - [TEST_STEP][PASSED] - Tel = selenium.getExpression(tel1 + "-" + tel2 + "-" + tel3): null

2019-12-17 08:17:07 - [TEST_STEP][PASSED] - AutoEmail = selenium.getEval("{var x="ABCDEFGHIJKLMNOPQRSTUVWXYZabcdefghijklmnopqrstuvwxyz"; var tmp="test."; for (i=0;i<8;i++) tmp+=x.charAt(Math.ceil(51*Math.random()));tmp+="@suryani.cn";}"): null

2019-12-17 08:17:07 - [TEST_STEP][PASSED] - FirstName = FirstName: null

2019-12-17 08:17:07 - [TEST_STEP][PASSED] - LastName = LastName: null

2019-12-17 08:17:07 - [TEST_STEP][PASSED] - Address = Address: null

2019-12-17 08:17:07 - [TEST_STEP][PASSED] - City = City: null

2019-12-17 08:17:07 - [TEST_STEP][PASSED] - Tel = Tel: null

2019-12-17 08:17:07 - [TEST_STEP][PASSED] - AutoEmail = AutoEmail: null

2019-12-17 08:17:07 - [TEST_STEP][PASSED] - println(FirstName): null

2019-12-17 08:17:07 - [TEST_STEP][PASSED] - println(LastName): null

2019-12-17 08:17:07 - [TEST_STEP][PASSED] - println(Address): null

2019-12-17 08:17:07 - [TEST_STEP][PASSED] - println(City): null

2019-12-17 08:17:07 - [TEST_STEP][PASSED] - println(Tel): null

2019-12-17 08:17:07 - [TEST_STEP][PASSED] - println(AutoEmail): null

2019-12-17 08:17:07 - [MESSAGE][PASSED] - Call Test Case 'Test Cases/AHI/_include/name' successfully

2019-12-17 08:17:07 - [TEST_STEP][PASSED] - leadform_exist = test.MobileKeywords.isElementPresent_Web(findTestObject("mobileSanity/quote lead form/lead_form"), 20): test.MobileKeywords.isElementPresent_Web is PASSED

2019-12-17 08:17:07 - [MESSAGE][PASSED] - test.MobileKeywords.isElementPresent_Web is PASSED

2019-12-17 08:17:07 - [TEST_STEP][PASSED] - if (leadform_exist): null

2019-12-17 08:17:07 - [TEST_STEP][PASSED] - setText(findTestObject("mobileSanity/quote lead form/first"), FirstName): Text 'Test-123' is set on object 'Object Repository/mobileSanity/quote lead form/first'

2019-12-17 08:17:07 - [MESSAGE][PASSED] - Text 'Test-123' is set on object 'Object Repository/mobileSanity/quote lead form/first'

2019-12-17 08:17:07 - [TEST_STEP][PASSED] - setText(findTestObject("mobileSanity/quote lead form/last"), LastName): Text 'ZZ11-hPdprRRU' is set on object 'Object Repository/mobileSanity/quote lead form/last'

2019-12-17 08:17:07 - [MESSAGE][PASSED] - Text 'ZZ11-hPdprRRU' is set on object 'Object Repository/mobileSanity/quote lead form/last'

2019-12-17 08:17:07 - [TEST_STEP][PASSED] - setText(findTestObject("mobileSanity/quote lead form/email"), AutoEmail): Text 'test.XXcweXHY@suryani.cn' is set on object 'Object Repository/mobileSanity/quote lead form/email'

2019-12-17 08:17:07 - [MESSAGE][PASSED] - Text 'test.XXcweXHY@suryani.cn' is set on object 'Object Repository/mobileSanity/quote lead form/email'

2019-12-17 08:17:07 - [TEST_STEP][PASSED] - setText(findTestObject("mobileSanity/quote lead form/phone"), Tel): Text '586-865-6633' is set on object 'Object Repository/mobileSanity/quote lead form/phone'

2019-12-17 08:17:08 - [MESSAGE][PASSED] - Text '586-865-6633' is set on object 'Object Repository/mobileSanity/quote lead form/phone'

2019-12-17 08:17:08 - [TEST_STEP][PASSED] - click(findTestObject("mobileSanity/quote lead form/submit")): Object: 'Object Repository/mobileSanity/quote lead form/submit' is clicked on

2019-12-17 08:17:08 - [MESSAGE][PASSED] - Object: 'Object Repository/mobileSanity/quote lead form/submit' is clicked on

2019-12-17 08:17:08 - [TEST_STEP][PASSED] - Thread.sleep(3000): null

2019-12-17 08:17:11 - [MESSAGE][PASSED] - Call Test Case 'Test Cases/AHI/_include/check_quoteleadform' successfully

2019-12-17 08:17:11 - [TEST_STEP][PASSED] - callTestCase(findTestCase("AHI/_include/get_screenshot"), [:], STOP_ON_FAILURE): Call Test Case 'Test Cases/AHI/_include/get_screenshot' successfully

2019-12-17 08:17:11 - [TEST_CASE][PASSED] - Test Cases/AHI/_include/get_screenshot: Test Cases/AHI/_include/get_screenshot

2019-12-17 08:17:11 - [TEST_STEP][PASSED] - takeScreenshot(screenPath + i + ".png"): Taking screenshot successfully

2019-12-17 08:17:11 - [MESSAGE][PASSED] - Taking screenshot successfully
[[ATTACHMENT|D:\\Test\\AgileTest\\Reports\\AHI\\hbi\\20191217_080033\\../Screenshots/iPhone 6/hbi/Core Shield/20191217_081649/3.png]]

2019-12-17 08:17:11 - [TEST_STEP][PASSED] - (internal.GlobalVariable.i++): null

2019-12-17 08:17:11 - [MESSAGE][PASSED] - Call Test Case 'Test Cases/AHI/_include/get_screenshot' successfully

2019-12-17 08:17:11 - [MESSAGE][PASSED] - Call Test Case 'Test Cases/AHI/_include/census_hbi' successfully

2019-12-17 08:17:11 - [TEST_STEP][PASSED] - Thread.sleep(5000): null

2019-12-17 08:17:16 - [TEST_STEP][PASSED] - scrollToPosition(200, 2300): Browser is scrolled to position x = 200, y = 2300

2019-12-17 08:17:16 - [MESSAGE][PASSED] - Browser is scrolled to position x = 200, y = 2300

2019-12-17 08:17:16 - [TEST_STEP][PASSED] - click(findTestObject("mobileSanity/HBI/quote/a_Core Shield")): Object: 'Object Repository/mobileSanity/HBI/quote/a_Core Shield' is clicked on

2019-12-17 08:17:17 - [MESSAGE][PASSED] - Object: 'Object Repository/mobileSanity/HBI/quote/a_Core Shield' is clicked on

2019-12-17 08:17:17 - [TEST_STEP][PASSED] - waitForPageLoad(20): Wait for page load successfully

2019-12-17 08:17:17 - [MESSAGE][PASSED] - Wait for page load successfully

2019-12-17 08:17:17 - [TEST_STEP][PASSED] - callTestCase(findTestCase("AHI/_include/get_screenshot"), [:], STOP_ON_FAILURE): Call Test Case 'Test Cases/AHI/_include/get_screenshot' successfully

2019-12-17 08:17:17 - [TEST_CASE][PASSED] - Test Cases/AHI/_include/get_screenshot: Test Cases/AHI/_include/get_screenshot

2019-12-17 08:17:17 - [TEST_STEP][PASSED] - takeScreenshot(screenPath + i + ".png"): Taking screenshot successfully

2019-12-17 08:17:18 - [MESSAGE][PASSED] - Taking screenshot successfully
[[ATTACHMENT|D:\\Test\\AgileTest\\Reports\\AHI\\hbi\\20191217_080033\\../Screenshots/iPhone 6/hbi/Core Shield/20191217_081649/4.png]]

2019-12-17 08:17:18 - [TEST_STEP][PASSED] - (internal.GlobalVariable.i++): null

2019-12-17 08:17:18 - [MESSAGE][PASSED] - Call Test Case 'Test Cases/AHI/_include/get_screenshot' successfully

2019-12-17 08:17:18 - [TEST_STEP][PASSED] - click(findTestObject("mobileSanity/HBI/detail/a_Apply for This Plan")): Object: 'Object Repository/mobileSanity/HBI/detail/a_Apply for This Plan' is clicked on

2019-12-17 08:17:18 - [MESSAGE][PASSED] - Object: 'Object Repository/mobileSanity/HBI/detail/a_Apply for This Plan' is clicked on

2019-12-17 08:17:18 - [TEST_STEP][PASSED] - waitForPageLoad(20): Wait for page load successfully

2019-12-17 08:17:19 - [MESSAGE][PASSED] - Wait for page load successfully

2019-12-17 08:17:19 - [TEST_STEP][PASSED] - callTestCase(findTestCase("AHI/_include/get_screenshot"), [:], STOP_ON_FAILURE): Call Test Case 'Test Cases/AHI/_include/get_screenshot' successfully

2019-12-17 08:17:19 - [TEST_CASE][PASSED] - Test Cases/AHI/_include/get_screenshot: Test Cases/AHI/_include/get_screenshot

2019-12-17 08:17:19 - [TEST_STEP][PASSED] - takeScreenshot(screenPath + i + ".png"): Taking screenshot successfully

2019-12-17 08:17:19 - [MESSAGE][PASSED] - Taking screenshot successfully
[[ATTACHMENT|D:\\Test\\AgileTest\\Reports\\AHI\\hbi\\20191217_080033\\../Screenshots/iPhone 6/hbi/Core Shield/20191217_081649/5.png]]

2019-12-17 08:17:19 - [TEST_STEP][PASSED] - (internal.GlobalVariable.i++): null

2019-12-17 08:17:19 - [MESSAGE][PASSED] - Call Test Case 'Test Cases/AHI/_include/get_screenshot' successfully

2019-12-17 08:17:19 - [TEST_STEP][PASSED] - click(findTestObject("mobileSanity/HBI/Page_Apply/span_Start Secure Application")): Object: 'Object Repository/mobileSanity/HBI/Page_Apply/span_Start Secure Application' is clicked on

2019-12-17 08:17:20 - [MESSAGE][PASSED] - Object: 'Object Repository/mobileSanity/HBI/Page_Apply/span_Start Secure Application' is clicked on

2019-12-17 08:17:20 - [TEST_STEP][PASSED] - waitForPageLoad(20): Wait for page load successfully

2019-12-17 08:17:21 - [MESSAGE][PASSED] - Wait for page load successfully

2019-12-17 08:17:21 - [TEST_STEP][PASSED] - Thread.sleep(5000): null

2019-12-17 08:17:26 - [TEST_STEP][PASSED] - callTestCase(findTestCase("AHI/_include/get_screenshot"), [:], STOP_ON_FAILURE): Call Test Case 'Test Cases/AHI/_include/get_screenshot' successfully

2019-12-17 08:17:26 - [TEST_CASE][PASSED] - Test Cases/AHI/_include/get_screenshot: Test Cases/AHI/_include/get_screenshot

2019-12-17 08:17:26 - [TEST_STEP][PASSED] - takeScreenshot(screenPath + i + ".png"): Taking screenshot successfully

2019-12-17 08:17:28 - [MESSAGE][PASSED] - Taking screenshot successfully
[[ATTACHMENT|D:\\Test\\AgileTest\\Reports\\AHI\\hbi\\20191217_080033\\../Screenshots/iPhone 6/hbi/Core Shield/20191217_081649/6.png]]

2019-12-17 08:17:28 - [TEST_STEP][PASSED] - (internal.GlobalVariable.i++): null

2019-12-17 08:17:28 - [MESSAGE][PASSED] - Call Test Case 'Test Cases/AHI/_include/get_screenshot' successfully

2019-12-17 08:17:28 - [TEST_STEP][PASSED] - callTestCase(findTestCase("AHI/_include/goToEnd_hbi"), ["carrier":"coreshield"], CONTINUE_ON_FAILURE): Call Test Case 'Test Cases/AHI/_include/goToEnd_hbi' successfully

2019-12-17 08:17:28 - [TEST_CASE][PASSED] - Test Cases/AHI/_include/goToEnd_hbi: Test Cases/AHI/_include/goToEnd_hbi

2019-12-17 08:17:28 - [TEST_STEP][PASSED] - if (state == "ca"): null

2019-12-17 08:17:28 - [TEST_STEP][PASSED] - callTestCase(findTestCase("AHI/_include/name"), [:], CONTINUE_ON_FAILURE): Call Test Case 'Test Cases/AHI/_include/name' successfully

2019-12-17 08:17:28 - [TEST_CASE][PASSED] - Test Cases/AHI/_include/name: Test Cases/AHI/_include/name

2019-12-17 08:17:28 - [TEST_STEP][PASSED] - driver = getWebDriver(): null

2019-12-17 08:17:28 - [TEST_STEP][PASSED] - selenium = new com.thoughtworks.selenium.webdriven.WebDriverBackedSelenium(driver, internal.GlobalVariable.ENV): null

2019-12-17 08:17:28 - [TEST_STEP][PASSED] - FirstName = "Test-123": null

2019-12-17 08:17:28 - [TEST_STEP][PASSED] - LastName = selenium.getEval("{var x="ABCDEFGHIJKLMNOPQRSTUVWXYZabcdefghijklmnopqrstuvwxyz"; var tmp="ZZ11-"; for (i=0;i<8;i++) tmp+=x.charAt(Math.ceil(51*Math.random()));tmp;}"): null

2019-12-17 08:17:29 - [TEST_STEP][PASSED] - Address = selenium.getEval("{var x="ABCDEFGHIJKLMNOPQRSTUVWXYZabcdefghijklmnopqrstuvwxyz"; var tmp=""; for (i=0;i<8;i++) tmp+=x.charAt(Math.ceil(51*Math.random()));tmp;}"): null

2019-12-17 08:17:29 - [TEST_STEP][PASSED] - City = selenium.getEval("{var x="ABCDEFGHIJKLMNOPQRSTUVWXYZabcdefghijklmnopqrstuvwxyz"; var tmp=""; for (i=0;i<8;i++) tmp+=x.charAt(Math.ceil(51*Math.random()));tmp;}"): null

2019-12-17 08:17:29 - [TEST_STEP][PASSED] - tel1 = selenium.getEval("{var x="123456789"; var tmp=""; for (i=0;i<3;i++) tmp+=x.charAt(Math.ceil(8*Math.random()));tmp;}"): null

2019-12-17 08:17:29 - [TEST_STEP][PASSED] - tel2 = selenium.getEval("{var x="123456789"; var tmp=""; for (i=0;i<3;i++) tmp+=x.charAt(Math.ceil(8*Math.random()));tmp;}"): null

2019-12-17 08:17:29 - [TEST_STEP][PASSED] - tel3 = selenium.getEval("{var x="123456789"; var tmp=""; for (i=0;i<4;i++) tmp+=x.charAt(Math.ceil(8*Math.random()));tmp;}"): null

2019-12-17 08:17:29 - [TEST_STEP][PASSED] - Tel = selenium.getExpression(tel1 + "-" + tel2 + "-" + tel3): null

2019-12-17 08:17:29 - [TEST_STEP][PASSED] - AutoEmail = selenium.getEval("{var x="ABCDEFGHIJKLMNOPQRSTUVWXYZabcdefghijklmnopqrstuvwxyz"; var tmp="test."; for (i=0;i<8;i++) tmp+=x.charAt(Math.ceil(51*Math.random()));tmp+="@suryani.cn";}"): null

2019-12-17 08:17:29 - [TEST_STEP][PASSED] - FirstName = FirstName: null

2019-12-17 08:17:29 - [TEST_STEP][PASSED] - LastName = LastName: null

2019-12-17 08:17:29 - [TEST_STEP][PASSED] - Address = Address: null

2019-12-17 08:17:29 - [TEST_STEP][PASSED] - City = City: null

2019-12-17 08:17:29 - [TEST_STEP][PASSED] - Tel = Tel: null

2019-12-17 08:17:29 - [TEST_STEP][PASSED] - AutoEmail = AutoEmail: null

2019-12-17 08:17:29 - [TEST_STEP][PASSED] - println(FirstName): null

2019-12-17 08:17:29 - [TEST_STEP][PASSED] - println(LastName): null

2019-12-17 08:17:29 - [TEST_STEP][PASSED] - println(Address): null

2019-12-17 08:17:29 - [TEST_STEP][PASSED] - println(City): null

2019-12-17 08:17:29 - [TEST_STEP][PASSED] - println(Tel): null

2019-12-17 08:17:29 - [TEST_STEP][PASSED] - println(AutoEmail): null

2019-12-17 08:17:29 - [MESSAGE][PASSED] - Call Test Case 'Test Cases/AHI/_include/name' successfully

2019-12-17 08:17:29 - [TEST_STEP][PASSED] - setText(findTestObject("mobileSanity/HBI/Page_App Page 1/input__member-P-1-firstName"), FirstName): Text 'Test-123' is set on object 'Object Repository/mobileSanity/HBI/Page_App Page 1/input__member-P-1-firstName'

2019-12-17 08:17:30 - [MESSAGE][PASSED] - Text 'Test-123' is set on object 'Object Repository/mobileSanity/HBI/Page_App Page 1/input__member-P-1-firstName'

2019-12-17 08:17:30 - [TEST_STEP][PASSED] - setText(findTestObject("mobileSanity/HBI/Page_App Page 1/input__member-P-1-lastName"), LastName): Text 'ZZ11-DJBqnIUg' is set on object 'Object Repository/mobileSanity/HBI/Page_App Page 1/input__member-P-1-lastName'

2019-12-17 08:17:30 - [MESSAGE][PASSED] - Text 'ZZ11-DJBqnIUg' is set on object 'Object Repository/mobileSanity/HBI/Page_App Page 1/input__member-P-1-lastName'

2019-12-17 08:17:30 - [TEST_STEP][PASSED] - if (carrier == "agileone" || carrier == "agilesecure"): null

2019-12-17 08:17:30 - [TEST_STEP][PASSED] - setText(findTestObject("mobileSanity/HBI/Page_App Page 1/input__address"), Address): Text 'vWqCjgMW' is set on object 'Object Repository/mobileSanity/HBI/Page_App Page 1/input__address'

2019-12-17 08:17:31 - [MESSAGE][PASSED] - Text 'vWqCjgMW' is set on object 'Object Repository/mobileSanity/HBI/Page_App Page 1/input__address'

2019-12-17 08:17:31 - [TEST_STEP][PASSED] - setText(findTestObject("mobileSanity/HBI/Page_App Page 1/input__city"), City): Text 'aqFORDba' is set on object 'Object Repository/mobileSanity/HBI/Page_App Page 1/input__city'

2019-12-17 08:17:32 - [MESSAGE][PASSED] - Text 'aqFORDba' is set on object 'Object Repository/mobileSanity/HBI/Page_App Page 1/input__city'

2019-12-17 08:17:32 - [TEST_STEP][PASSED] - setText(findTestObject("mobileSanity/HBI/Page_App Page 1/input__email"), AutoEmail): Text 'test.CpzljIQU@suryani.cn' is set on object 'Object Repository/mobileSanity/HBI/Page_App Page 1/input__email'

2019-12-17 08:17:35 - [MESSAGE][PASSED] - Text 'test.CpzljIQU@suryani.cn' is set on object 'Object Repository/mobileSanity/HBI/Page_App Page 1/input__email'

2019-12-17 08:17:35 - [TEST_STEP][PASSED] - setText(findTestObject("mobileSanity/HBI/Page_App Page 1/input_tel"), Tel): Text '933-598-4737' is set on object 'Object Repository/mobileSanity/HBI/Page_App Page 1/input_tel'

2019-12-17 08:17:36 - [MESSAGE][PASSED] - Text '933-598-4737' is set on object 'Object Repository/mobileSanity/HBI/Page_App Page 1/input_tel'

2019-12-17 08:17:36 - [TEST_STEP][PASSED] - Thread.sleep(5000): null

2019-12-17 08:17:41 - [TEST_STEP][PASSED] - click(findTestObject("mobileSanity/HBI/Page_App Page 1/a_Continue to Step 2 - Payment")): Object: 'Object Repository/mobileSanity/HBI/Page_App Page 1/a_Continue to Step 2 - Payment' is clicked on

2019-12-17 08:17:42 - [MESSAGE][PASSED] - Object: 'Object Repository/mobileSanity/HBI/Page_App Page 1/a_Continue to Step 2 - Payment' is clicked on

2019-12-17 08:17:42 - [TEST_STEP][PASSED] - waitForPageLoad(20): Wait for page load successfully

2019-12-17 08:17:42 - [MESSAGE][PASSED] - Wait for page load successfully

2019-12-17 08:17:42 - [TEST_STEP][PASSED] - Thread.sleep(2000): null

2019-12-17 08:17:44 - [TEST_STEP][PASSED] - waitForElementVisible(findTestObject("mobileSanity/HBI/Page_App Page 2/input__credit-card-first"), 20): Object 'Object Repository/mobileSanity/HBI/Page_App Page 2/input__credit-card-first' is visible

2019-12-17 08:17:46 - [MESSAGE][PASSED] - Object 'Object Repository/mobileSanity/HBI/Page_App Page 2/input__credit-card-first' is visible

2019-12-17 08:17:46 - [TEST_STEP][PASSED] - callTestCase(findTestCase("AHI/_include/get_screenshot"), [:], STOP_ON_FAILURE): Call Test Case 'Test Cases/AHI/_include/get_screenshot' successfully

2019-12-17 08:17:46 - [TEST_CASE][PASSED] - Test Cases/AHI/_include/get_screenshot: Test Cases/AHI/_include/get_screenshot

2019-12-17 08:17:46 - [TEST_STEP][PASSED] - takeScreenshot(screenPath + i + ".png"): Taking screenshot successfully

2019-12-17 08:17:47 - [MESSAGE][PASSED] - Taking screenshot successfully
[[ATTACHMENT|D:\\Test\\AgileTest\\Reports\\AHI\\hbi\\20191217_080033\\../Screenshots/iPhone 6/hbi/Core Shield/20191217_081649/7.png]]

2019-12-17 08:17:47 - [TEST_STEP][PASSED] - (internal.GlobalVariable.i++): null

2019-12-17 08:17:47 - [MESSAGE][PASSED] - Call Test Case 'Test Cases/AHI/_include/get_screenshot' successfully

2019-12-17 08:17:47 - [TEST_STEP][PASSED] - setText(findTestObject("mobileSanity/HBI/Page_App Page 2/input__credit-card-first"), FirstName): Text 'Test-123' is set on object 'Object Repository/mobileSanity/HBI/Page_App Page 2/input__credit-card-first'

2019-12-17 08:17:48 - [MESSAGE][PASSED] - Text 'Test-123' is set on object 'Object Repository/mobileSanity/HBI/Page_App Page 2/input__credit-card-first'

2019-12-17 08:17:48 - [TEST_STEP][PASSED] - setText(findTestObject("mobileSanity/HBI/Page_App Page 2/input__credit-card-last"), LastName): Text 'ZZ11-DJBqnIUg' is set on object 'Object Repository/mobileSanity/HBI/Page_App Page 2/input__credit-card-last'

2019-12-17 08:17:48 - [MESSAGE][PASSED] - Text 'ZZ11-DJBqnIUg' is set on object 'Object Repository/mobileSanity/HBI/Page_App Page 2/input__credit-card-last'

2019-12-17 08:17:48 - [TEST_STEP][PASSED] - selectOptionByValue(findTestObject("mobileSanity/HBI/Page_App Page 2/select_MM010203040506070809101"), "12", true): All options with value '12' are selected in object 'Object Repository/mobileSanity/HBI/Page_App Page 2/select_MM010203040506070809101'  using regular expression

2019-12-17 08:17:49 - [MESSAGE][PASSED] - All options with value '12' are selected in object 'Object Repository/mobileSanity/HBI/Page_App Page 2/select_MM010203040506070809101'  using regular expression

2019-12-17 08:17:49 - [TEST_STEP][PASSED] - selectOptionByValue(findTestObject("mobileSanity/HBI/Page_App Page 2/select_YYYY2019202020212022202"), "2026", true): All options with value '2026' are selected in object 'Object Repository/mobileSanity/HBI/Page_App Page 2/select_YYYY2019202020212022202'  using regular expression

2019-12-17 08:17:49 - [MESSAGE][PASSED] - All options with value '2026' are selected in object 'Object Repository/mobileSanity/HBI/Page_App Page 2/select_YYYY2019202020212022202'  using regular expression

2019-12-17 08:17:49 - [TEST_STEP][PASSED] - setText(findTestObject("mobileSanity/HBI/Page_App Page 2/input__credit-card-number"), "4111111111111111"): Text '4111111111111111' is set on object 'Object Repository/mobileSanity/HBI/Page_App Page 2/input__credit-card-number'

2019-12-17 08:17:50 - [MESSAGE][PASSED] - Text '4111111111111111' is set on object 'Object Repository/mobileSanity/HBI/Page_App Page 2/input__credit-card-number'

2019-12-17 08:17:50 - [TEST_STEP][PASSED] - setText(findTestObject("mobileSanity/HBI/Page_App Page 2/input__cvv"), "123"): Text '123' is set on object 'Object Repository/mobileSanity/HBI/Page_App Page 2/input__cvv'

2019-12-17 08:17:50 - [MESSAGE][PASSED] - Text '123' is set on object 'Object Repository/mobileSanity/HBI/Page_App Page 2/input__cvv'

2019-12-17 08:17:50 - [TEST_STEP][PASSED] - click(findTestObject("mobileSanity/HBI/Page_App Page 2/label_My billing address is th")): Object: 'Object Repository/mobileSanity/HBI/Page_App Page 2/label_My billing address is th' is clicked on

2019-12-17 08:17:51 - [MESSAGE][PASSED] - Object: 'Object Repository/mobileSanity/HBI/Page_App Page 2/label_My billing address is th' is clicked on

2019-12-17 08:17:51 - [TEST_STEP][PASSED] - click(findTestObject("mobileSanity/HBI/Page_App Page 2/label_I Accept Authorization f")): Object: 'Object Repository/mobileSanity/HBI/Page_App Page 2/label_I Accept Authorization f' is clicked on

2019-12-17 08:17:51 - [MESSAGE][PASSED] - Object: 'Object Repository/mobileSanity/HBI/Page_App Page 2/label_I Accept Authorization f' is clicked on

2019-12-17 08:17:51 - [TEST_STEP][PASSED] - click(findTestObject("mobileSanity/HBI/Page_App Page 2/a_Continue to Step 3 - Review")): Object: 'Object Repository/mobileSanity/HBI/Page_App Page 2/a_Continue to Step 3 - Review' is clicked on

2019-12-17 08:17:52 - [MESSAGE][PASSED] - Object: 'Object Repository/mobileSanity/HBI/Page_App Page 2/a_Continue to Step 3 - Review' is clicked on

2019-12-17 08:17:52 - [TEST_STEP][PASSED] - waitForPageLoad(20): Wait for page load successfully

2019-12-17 08:17:54 - [MESSAGE][PASSED] - Wait for page load successfully

2019-12-17 08:17:54 - [TEST_STEP][PASSED] - Thread.sleep(10000): null

2019-12-17 08:18:04 - [TEST_STEP][PASSED] - waitForElementPresent(findTestObject("mobileSanity/HBI/Page_App Page 3/label"), 20): Object 'Object Repository/mobileSanity/HBI/Page_App Page 3/label' is present

2019-12-17 08:18:05 - [MESSAGE][PASSED] - Object 'Object Repository/mobileSanity/HBI/Page_App Page 3/label' is present

2019-12-17 08:18:05 - [TEST_STEP][PASSED] - callTestCase(findTestCase("AHI/_include/get_screenshot"), [:], STOP_ON_FAILURE): Call Test Case 'Test Cases/AHI/_include/get_screenshot' successfully

2019-12-17 08:18:05 - [TEST_CASE][PASSED] - Test Cases/AHI/_include/get_screenshot: Test Cases/AHI/_include/get_screenshot

2019-12-17 08:18:05 - [TEST_STEP][PASSED] - takeScreenshot(screenPath + i + ".png"): Taking screenshot successfully

2019-12-17 08:18:07 - [MESSAGE][PASSED] - Taking screenshot successfully
[[ATTACHMENT|D:\\Test\\AgileTest\\Reports\\AHI\\hbi\\20191217_080033\\../Screenshots/iPhone 6/hbi/Core Shield/20191217_081649/8.png]]

2019-12-17 08:18:07 - [TEST_STEP][PASSED] - (internal.GlobalVariable.i++): null

2019-12-17 08:18:07 - [MESSAGE][PASSED] - Call Test Case 'Test Cases/AHI/_include/get_screenshot' successfully

2019-12-17 08:18:07 - [TEST_STEP][PASSED] - click(findTestObject("mobileSanity/HBI/Page_App Page 3/label")): Object: 'Object Repository/mobileSanity/HBI/Page_App Page 3/label' is clicked on

2019-12-17 08:18:08 - [MESSAGE][PASSED] - Object: 'Object Repository/mobileSanity/HBI/Page_App Page 3/label' is clicked on

2019-12-17 08:18:08 - [TEST_STEP][PASSED] - click(findTestObject("mobileSanity/HBI/Page_App Page 3/p_CLICK TO SIGN")): Object: 'Object Repository/mobileSanity/HBI/Page_App Page 3/p_CLICK TO SIGN' is clicked on

2019-12-17 08:18:10 - [MESSAGE][PASSED] - Object: 'Object Repository/mobileSanity/HBI/Page_App Page 3/p_CLICK TO SIGN' is clicked on

2019-12-17 08:18:10 - [TEST_STEP][PASSED] - click(findTestObject("mobileSanity/HBI/Page_App Page 3/a_Submit Your Application")): Object: 'Object Repository/mobileSanity/HBI/Page_App Page 3/a_Submit Your Application' is clicked on

2019-12-17 08:18:12 - [MESSAGE][PASSED] - Object: 'Object Repository/mobileSanity/HBI/Page_App Page 3/a_Submit Your Application' is clicked on

2019-12-17 08:18:12 - [TEST_STEP][PASSED] - Thread.sleep(30000): null

2019-12-17 08:18:42 - [TEST_STEP][PASSED] - callTestCase(findTestCase("AHI/_include/get_screenshot"), [:], STOP_ON_FAILURE): Call Test Case 'Test Cases/AHI/_include/get_screenshot' successfully

2019-12-17 08:18:42 - [TEST_CASE][PASSED] - Test Cases/AHI/_include/get_screenshot: Test Cases/AHI/_include/get_screenshot

2019-12-17 08:18:42 - [TEST_STEP][PASSED] - takeScreenshot(screenPath + i + ".png"): Taking screenshot successfully

2019-12-17 08:18:44 - [MESSAGE][PASSED] - Taking screenshot successfully
[[ATTACHMENT|D:\\Test\\AgileTest\\Reports\\AHI\\hbi\\20191217_080033\\../Screenshots/iPhone 6/hbi/Core Shield/20191217_081649/9.png]]

2019-12-17 08:18:44 - [TEST_STEP][PASSED] - (internal.GlobalVariable.i++): null

2019-12-17 08:18:44 - [MESSAGE][PASSED] - Call Test Case 'Test Cases/AHI/_include/get_screenshot' successfully

2019-12-17 08:18:44 - [TEST_STEP][PASSED] - verifyTextPresent("Congratulations", false): Text 'Congratulations' is present on page 

2019-12-17 08:18:44 - [MESSAGE][PASSED] - Text 'Congratulations' is present on page 

2019-12-17 08:18:44 - [MESSAGE][PASSED] - Call Test Case 'Test Cases/AHI/_include/goToEnd_hbi' successfully]]></system-out>
         <system-err><![CDATA[]]></system-err>
      </testcase>
      <testcase name="Test Cases/AHI/HBI/Agile Secure" classname="Test Cases/AHI/HBI/Agile Secure" status="PASSED">
         <system-out><![CDATA[2019-12-17 08:18:44 - [TEST_CASE][PASSED] - Test Cases/AHI/HBI/Agile Secure: Test Cases/AHI/HBI/Agile Secure

2019-12-17 08:18:44 - [TEST_STEP][PASSED] - callTestCase(findTestCase("AHI/_include/get_screenPath"), ["productLine":"hbi", "carrierName":"Agile Secure"], CONTINUE_ON_FAILURE): Call Test Case 'Test Cases/AHI/_include/get_screenPath' successfully

2019-12-17 08:18:44 - [TEST_CASE][PASSED] - Test Cases/AHI/_include/get_screenPath: Test Cases/AHI/_include/get_screenPath

2019-12-17 08:18:44 - [TEST_STEP][PASSED] - m = getExecutionProperties(): null

2019-12-17 08:18:44 - [TEST_STEP][PASSED] - deviceName = get("mobileEmulation").get("deviceName"): null

2019-12-17 08:18:44 - [TEST_STEP][PASSED] - println(deviceName): null

2019-12-17 08:18:44 - [TEST_STEP][PASSED] - now = new java.util.Date(): null

2019-12-17 08:18:44 - [TEST_STEP][PASSED] - mydate = now.format("yyyyMMdd_HHmmss"): null

2019-12-17 08:18:44 - [TEST_STEP][PASSED] - screenPath = "../Screenshots/": null

2019-12-17 08:18:44 - [TEST_STEP][PASSED] - screenPath = screenPath + deviceName + "/" + productLine + "/" + carrierName + "/" + mydate + "/": null

2019-12-17 08:18:44 - [TEST_STEP][PASSED] - println(screenPath): null

2019-12-17 08:18:44 - [MESSAGE][PASSED] - Call Test Case 'Test Cases/AHI/_include/get_screenPath' successfully

2019-12-17 08:18:44 - [TEST_STEP][PASSED] - i = 0: null

2019-12-17 08:18:44 - [TEST_STEP][PASSED] - callTestCase(findTestCase("AHI/_include/openWebSite"), [:], CONTINUE_ON_FAILURE): Call Test Case 'Test Cases/AHI/_include/openWebSite' successfully

2019-12-17 08:18:45 - [TEST_CASE][PASSED] - Test Cases/AHI/_include/openWebSite: Test Cases/AHI/_include/openWebSite

2019-12-17 08:18:45 - [TEST_STEP][PASSED] - openBrowser(env): Browser is opened with url: 'https://praetemptatus.agilehealthinsurance.com'

2019-12-17 08:18:45 - [MESSAGE][WARNING] - A browser is already opened. Closing browser and opening a new one

2019-12-17 08:18:47 - [MESSAGE][INFO] - Starting 'Chrome' driver

2019-12-17 08:18:47 - [MESSAGE][INFO] - User set preference: ['mobileEmulation', '{deviceName=iPhone 6}']

2019-12-17 08:18:47 - [MESSAGE][INFO] - User set preference: ['args', '[--incognito, --aggressive-cache-discard, --window-size=375,677, --no-sandbox]']

2019-12-17 08:18:51 - [MESSAGE][PASSED] - Browser is opened with url: 'https://praetemptatus.agilehealthinsurance.com'

2019-12-17 08:18:51 - [TEST_STEP][PASSED] - waitForPageLoad(20): Wait for page load successfully

2019-12-17 08:18:51 - [MESSAGE][PASSED] - Wait for page load successfully

2019-12-17 08:18:51 - [TEST_STEP][PASSED] - callTestCase(findTestCase("AHI/_include/get_screenshot"), [:], STOP_ON_FAILURE): Call Test Case 'Test Cases/AHI/_include/get_screenshot' successfully

2019-12-17 08:18:51 - [TEST_CASE][PASSED] - Test Cases/AHI/_include/get_screenshot: Test Cases/AHI/_include/get_screenshot

2019-12-17 08:18:51 - [TEST_STEP][PASSED] - takeScreenshot(screenPath + i + ".png"): Taking screenshot successfully

2019-12-17 08:18:53 - [MESSAGE][PASSED] - Taking screenshot successfully
[[ATTACHMENT|D:\\Test\\AgileTest\\Reports\\AHI\\hbi\\20191217_080033\\../Screenshots/iPhone 6/hbi/Agile Secure/20191217_081844/0.png]]

2019-12-17 08:18:53 - [TEST_STEP][PASSED] - (internal.GlobalVariable.i++): null

2019-12-17 08:18:53 - [MESSAGE][PASSED] - Call Test Case 'Test Cases/AHI/_include/get_screenshot' successfully

2019-12-17 08:18:53 - [MESSAGE][PASSED] - Call Test Case 'Test Cases/AHI/_include/openWebSite' successfully

2019-12-17 08:18:53 - [TEST_STEP][PASSED] - callTestCase(findTestCase("AHI/_include/census_hbi"), ["zipcode":"08701"], CONTINUE_ON_FAILURE): Call Test Case 'Test Cases/AHI/_include/census_hbi' successfully

2019-12-17 08:18:53 - [TEST_CASE][PASSED] - Test Cases/AHI/_include/census_hbi: Test Cases/AHI/_include/census_hbi

2019-12-17 08:18:53 - [TEST_STEP][PASSED] - click(findTestObject("mobileSanity/Common/side_nav/menu")): Object: 'Object Repository/mobileSanity/Common/side_nav/menu' is clicked on

2019-12-17 08:18:53 - [MESSAGE][PASSED] - Object: 'Object Repository/mobileSanity/Common/side_nav/menu' is clicked on

2019-12-17 08:18:53 - [TEST_STEP][PASSED] - Thread.sleep(3000): null

2019-12-17 08:18:56 - [TEST_STEP][PASSED] - callTestCase(findTestCase("AHI/_include/get_screenshot"), [:], STOP_ON_FAILURE): Call Test Case 'Test Cases/AHI/_include/get_screenshot' successfully

2019-12-17 08:18:56 - [TEST_CASE][PASSED] - Test Cases/AHI/_include/get_screenshot: Test Cases/AHI/_include/get_screenshot

2019-12-17 08:18:56 - [TEST_STEP][PASSED] - takeScreenshot(screenPath + i + ".png"): Taking screenshot successfully

2019-12-17 08:18:57 - [MESSAGE][PASSED] - Taking screenshot successfully
[[ATTACHMENT|D:\\Test\\AgileTest\\Reports\\AHI\\hbi\\20191217_080033\\../Screenshots/iPhone 6/hbi/Agile Secure/20191217_081844/1.png]]

2019-12-17 08:18:57 - [TEST_STEP][PASSED] - (internal.GlobalVariable.i++): null

2019-12-17 08:18:57 - [MESSAGE][PASSED] - Call Test Case 'Test Cases/AHI/_include/get_screenshot' successfully

2019-12-17 08:18:57 - [TEST_STEP][PASSED] - click(findTestObject("mobileSanity/Common/side_nav/nav_hbi")): Object: 'Object Repository/mobileSanity/Common/side_nav/nav_hbi' is clicked on

2019-12-17 08:18:57 - [MESSAGE][PASSED] - Object: 'Object Repository/mobileSanity/Common/side_nav/nav_hbi' is clicked on

2019-12-17 08:18:57 - [TEST_STEP][PASSED] - waitForPageLoad(10): Wait for page load successfully

2019-12-17 08:18:58 - [MESSAGE][PASSED] - Wait for page load successfully

2019-12-17 08:18:58 - [TEST_STEP][PASSED] - Thread.sleep(3000): null

2019-12-17 08:19:01 - [TEST_STEP][PASSED] - callTestCase(findTestCase("AHI/_include/get_screenshot"), [:], STOP_ON_FAILURE): Call Test Case 'Test Cases/AHI/_include/get_screenshot' successfully

2019-12-17 08:19:01 - [TEST_CASE][PASSED] - Test Cases/AHI/_include/get_screenshot: Test Cases/AHI/_include/get_screenshot

2019-12-17 08:19:01 - [TEST_STEP][PASSED] - takeScreenshot(screenPath + i + ".png"): Taking screenshot successfully

2019-12-17 08:19:01 - [MESSAGE][PASSED] - Taking screenshot successfully
[[ATTACHMENT|D:\\Test\\AgileTest\\Reports\\AHI\\hbi\\20191217_080033\\../Screenshots/iPhone 6/hbi/Agile Secure/20191217_081844/2.png]]

2019-12-17 08:19:01 - [TEST_STEP][PASSED] - (internal.GlobalVariable.i++): null

2019-12-17 08:19:01 - [MESSAGE][PASSED] - Call Test Case 'Test Cases/AHI/_include/get_screenshot' successfully

2019-12-17 08:19:01 - [TEST_STEP][PASSED] - setText(findTestObject("mobileSanity/HBI/census/input_Location_zip-input"), zipcode): Text '08701' is set on object 'Object Repository/mobileSanity/HBI/census/input_Location_zip-input'

2019-12-17 08:19:01 - [MESSAGE][PASSED] - Text '08701' is set on object 'Object Repository/mobileSanity/HBI/census/input_Location_zip-input'

2019-12-17 08:19:01 - [TEST_STEP][PASSED] - Thread.sleep(500): null

2019-12-17 08:19:02 - [TEST_STEP][PASSED] - setText(findTestObject("mobileSanity/HBI/census/input_Date of Birth_dob-0"), "12121980"): Text '12121980' is set on object 'Object Repository/mobileSanity/HBI/census/input_Date of Birth_dob-0'

2019-12-17 08:19:02 - [MESSAGE][PASSED] - Text '12121980' is set on object 'Object Repository/mobileSanity/HBI/census/input_Date of Birth_dob-0'

2019-12-17 08:19:02 - [TEST_STEP][PASSED] - click(findTestObject("mobileSanity/HBI/census/label_Male")): Object: 'Object Repository/mobileSanity/HBI/census/label_Male' is clicked on

2019-12-17 08:19:02 - [MESSAGE][PASSED] - Object: 'Object Repository/mobileSanity/HBI/census/label_Male' is clicked on

2019-12-17 08:19:02 - [TEST_STEP][PASSED] - click(findTestObject("mobileSanity/HBI/census/label_Get a Quote")): Object: 'Object Repository/mobileSanity/HBI/census/label_Get a Quote' is clicked on

2019-12-17 08:19:03 - [MESSAGE][PASSED] - Object: 'Object Repository/mobileSanity/HBI/census/label_Get a Quote' is clicked on

2019-12-17 08:19:03 - [TEST_STEP][PASSED] - waitForPageLoad(20): Wait for page load successfully

2019-12-17 08:19:03 - [MESSAGE][PASSED] - Wait for page load successfully

2019-12-17 08:19:03 - [TEST_STEP][PASSED] - Thread.sleep(3000): null

2019-12-17 08:19:06 - [TEST_STEP][PASSED] - callTestCase(findTestCase("AHI/_include/check_quoteleadform"), [:], STOP_ON_FAILURE): Call Test Case 'Test Cases/AHI/_include/check_quoteleadform' successfully

2019-12-17 08:19:06 - [TEST_CASE][PASSED] - Test Cases/AHI/_include/check_quoteleadform: Test Cases/AHI/_include/check_quoteleadform

2019-12-17 08:19:06 - [TEST_STEP][PASSED] - callTestCase(findTestCase("AHI/_include/name"), [:], CONTINUE_ON_FAILURE): Call Test Case 'Test Cases/AHI/_include/name' successfully

2019-12-17 08:19:06 - [TEST_CASE][PASSED] - Test Cases/AHI/_include/name: Test Cases/AHI/_include/name

2019-12-17 08:19:07 - [TEST_STEP][PASSED] - driver = getWebDriver(): null

2019-12-17 08:19:07 - [TEST_STEP][PASSED] - selenium = new com.thoughtworks.selenium.webdriven.WebDriverBackedSelenium(driver, internal.GlobalVariable.ENV): null

2019-12-17 08:19:07 - [TEST_STEP][PASSED] - FirstName = "Test-123": null

2019-12-17 08:19:07 - [TEST_STEP][PASSED] - LastName = selenium.getEval("{var x="ABCDEFGHIJKLMNOPQRSTUVWXYZabcdefghijklmnopqrstuvwxyz"; var tmp="ZZ11-"; for (i=0;i<8;i++) tmp+=x.charAt(Math.ceil(51*Math.random()));tmp;}"): null

2019-12-17 08:19:07 - [TEST_STEP][PASSED] - Address = selenium.getEval("{var x="ABCDEFGHIJKLMNOPQRSTUVWXYZabcdefghijklmnopqrstuvwxyz"; var tmp=""; for (i=0;i<8;i++) tmp+=x.charAt(Math.ceil(51*Math.random()));tmp;}"): null

2019-12-17 08:19:07 - [TEST_STEP][PASSED] - City = selenium.getEval("{var x="ABCDEFGHIJKLMNOPQRSTUVWXYZabcdefghijklmnopqrstuvwxyz"; var tmp=""; for (i=0;i<8;i++) tmp+=x.charAt(Math.ceil(51*Math.random()));tmp;}"): null

2019-12-17 08:19:07 - [TEST_STEP][PASSED] - tel1 = selenium.getEval("{var x="123456789"; var tmp=""; for (i=0;i<3;i++) tmp+=x.charAt(Math.ceil(8*Math.random()));tmp;}"): null

2019-12-17 08:19:07 - [TEST_STEP][PASSED] - tel2 = selenium.getEval("{var x="123456789"; var tmp=""; for (i=0;i<3;i++) tmp+=x.charAt(Math.ceil(8*Math.random()));tmp;}"): null

2019-12-17 08:19:07 - [TEST_STEP][PASSED] - tel3 = selenium.getEval("{var x="123456789"; var tmp=""; for (i=0;i<4;i++) tmp+=x.charAt(Math.ceil(8*Math.random()));tmp;}"): null

2019-12-17 08:19:07 - [TEST_STEP][PASSED] - Tel = selenium.getExpression(tel1 + "-" + tel2 + "-" + tel3): null

2019-12-17 08:19:07 - [TEST_STEP][PASSED] - AutoEmail = selenium.getEval("{var x="ABCDEFGHIJKLMNOPQRSTUVWXYZabcdefghijklmnopqrstuvwxyz"; var tmp="test."; for (i=0;i<8;i++) tmp+=x.charAt(Math.ceil(51*Math.random()));tmp+="@suryani.cn";}"): null

2019-12-17 08:19:07 - [TEST_STEP][PASSED] - FirstName = FirstName: null

2019-12-17 08:19:07 - [TEST_STEP][PASSED] - LastName = LastName: null

2019-12-17 08:19:07 - [TEST_STEP][PASSED] - Address = Address: null

2019-12-17 08:19:07 - [TEST_STEP][PASSED] - City = City: null

2019-12-17 08:19:07 - [TEST_STEP][PASSED] - Tel = Tel: null

2019-12-17 08:19:07 - [TEST_STEP][PASSED] - AutoEmail = AutoEmail: null

2019-12-17 08:19:07 - [TEST_STEP][PASSED] - println(FirstName): null

2019-12-17 08:19:07 - [TEST_STEP][PASSED] - println(LastName): null

2019-12-17 08:19:07 - [TEST_STEP][PASSED] - println(Address): null

2019-12-17 08:19:07 - [TEST_STEP][PASSED] - println(City): null

2019-12-17 08:19:07 - [TEST_STEP][PASSED] - println(Tel): null

2019-12-17 08:19:07 - [TEST_STEP][PASSED] - println(AutoEmail): null

2019-12-17 08:19:07 - [MESSAGE][PASSED] - Call Test Case 'Test Cases/AHI/_include/name' successfully

2019-12-17 08:19:07 - [TEST_STEP][PASSED] - leadform_exist = test.MobileKeywords.isElementPresent_Web(findTestObject("mobileSanity/quote lead form/lead_form"), 20): test.MobileKeywords.isElementPresent_Web is PASSED

2019-12-17 08:19:27 - [MESSAGE][INFO] - Unable to find the element located by 'By.xpath: //*[@id = 'lightboxLeadForm']'. Please recheck the objects properties to make sure the desired element is located. 

2019-12-17 08:19:27 - [MESSAGE][PASSED] - test.MobileKeywords.isElementPresent_Web is PASSED

2019-12-17 08:19:27 - [TEST_STEP][PASSED] - if (leadform_exist): null

2019-12-17 08:19:27 - [MESSAGE][PASSED] - Call Test Case 'Test Cases/AHI/_include/check_quoteleadform' successfully

2019-12-17 08:19:27 - [TEST_STEP][PASSED] - callTestCase(findTestCase("AHI/_include/get_screenshot"), [:], STOP_ON_FAILURE): Call Test Case 'Test Cases/AHI/_include/get_screenshot' successfully

2019-12-17 08:19:27 - [TEST_CASE][PASSED] - Test Cases/AHI/_include/get_screenshot: Test Cases/AHI/_include/get_screenshot

2019-12-17 08:19:27 - [TEST_STEP][PASSED] - takeScreenshot(screenPath + i + ".png"): Taking screenshot successfully

2019-12-17 08:19:28 - [MESSAGE][PASSED] - Taking screenshot successfully
[[ATTACHMENT|D:\\Test\\AgileTest\\Reports\\AHI\\hbi\\20191217_080033\\../Screenshots/iPhone 6/hbi/Agile Secure/20191217_081844/3.png]]

2019-12-17 08:19:28 - [TEST_STEP][PASSED] - (internal.GlobalVariable.i++): null

2019-12-17 08:19:28 - [MESSAGE][PASSED] - Call Test Case 'Test Cases/AHI/_include/get_screenshot' successfully

2019-12-17 08:19:28 - [MESSAGE][PASSED] - Call Test Case 'Test Cases/AHI/_include/census_hbi' successfully

2019-12-17 08:19:28 - [TEST_STEP][PASSED] - click(findTestObject("mobileSanity/HBI/detail/a_Apply for This Plan")): Object: 'Object Repository/mobileSanity/HBI/detail/a_Apply for This Plan' is clicked on

2019-12-17 08:19:28 - [MESSAGE][PASSED] - Object: 'Object Repository/mobileSanity/HBI/detail/a_Apply for This Plan' is clicked on

2019-12-17 08:19:28 - [TEST_STEP][PASSED] - waitForPageLoad(20): Wait for page load successfully

2019-12-17 08:19:28 - [MESSAGE][PASSED] - Wait for page load successfully

2019-12-17 08:19:28 - [TEST_STEP][PASSED] - callTestCase(findTestCase("AHI/_include/get_screenshot"), [:], STOP_ON_FAILURE): Call Test Case 'Test Cases/AHI/_include/get_screenshot' successfully

2019-12-17 08:19:28 - [TEST_CASE][PASSED] - Test Cases/AHI/_include/get_screenshot: Test Cases/AHI/_include/get_screenshot

2019-12-17 08:19:28 - [TEST_STEP][PASSED] - takeScreenshot(screenPath + i + ".png"): Taking screenshot successfully

2019-12-17 08:19:29 - [MESSAGE][PASSED] - Taking screenshot successfully
[[ATTACHMENT|D:\\Test\\AgileTest\\Reports\\AHI\\hbi\\20191217_080033\\../Screenshots/iPhone 6/hbi/Agile Secure/20191217_081844/4.png]]

2019-12-17 08:19:29 - [TEST_STEP][PASSED] - (internal.GlobalVariable.i++): null

2019-12-17 08:19:29 - [MESSAGE][PASSED] - Call Test Case 'Test Cases/AHI/_include/get_screenshot' successfully

2019-12-17 08:19:29 - [TEST_STEP][PASSED] - click(findTestObject("mobileSanity/HBI/Page_Apply/span_Start Secure Application")): Object: 'Object Repository/mobileSanity/HBI/Page_Apply/span_Start Secure Application' is clicked on

2019-12-17 08:19:30 - [MESSAGE][PASSED] - Object: 'Object Repository/mobileSanity/HBI/Page_Apply/span_Start Secure Application' is clicked on

2019-12-17 08:19:30 - [TEST_STEP][PASSED] - waitForPageLoad(20): Wait for page load successfully

2019-12-17 08:19:30 - [MESSAGE][PASSED] - Wait for page load successfully

2019-12-17 08:19:30 - [TEST_STEP][PASSED] - Thread.sleep(5000): null

2019-12-17 08:19:35 - [TEST_STEP][PASSED] - callTestCase(findTestCase("AHI/_include/get_screenshot"), [:], STOP_ON_FAILURE): Call Test Case 'Test Cases/AHI/_include/get_screenshot' successfully

2019-12-17 08:19:35 - [TEST_CASE][PASSED] - Test Cases/AHI/_include/get_screenshot: Test Cases/AHI/_include/get_screenshot

2019-12-17 08:19:35 - [TEST_STEP][PASSED] - takeScreenshot(screenPath + i + ".png"): Taking screenshot successfully

2019-12-17 08:19:36 - [MESSAGE][PASSED] - Taking screenshot successfully
[[ATTACHMENT|D:\\Test\\AgileTest\\Reports\\AHI\\hbi\\20191217_080033\\../Screenshots/iPhone 6/hbi/Agile Secure/20191217_081844/5.png]]

2019-12-17 08:19:36 - [TEST_STEP][PASSED] - (internal.GlobalVariable.i++): null

2019-12-17 08:19:36 - [MESSAGE][PASSED] - Call Test Case 'Test Cases/AHI/_include/get_screenshot' successfully

2019-12-17 08:19:36 - [TEST_STEP][PASSED] - callTestCase(findTestCase("AHI/_include/goToEnd_hbi"), ["carrier":"agilesecure"], CONTINUE_ON_FAILURE): Call Test Case 'Test Cases/AHI/_include/goToEnd_hbi' successfully

2019-12-17 08:19:36 - [TEST_CASE][PASSED] - Test Cases/AHI/_include/goToEnd_hbi: Test Cases/AHI/_include/goToEnd_hbi

2019-12-17 08:19:36 - [TEST_STEP][PASSED] - if (state == "ca"): null

2019-12-17 08:19:36 - [TEST_STEP][PASSED] - callTestCase(findTestCase("AHI/_include/name"), [:], CONTINUE_ON_FAILURE): Call Test Case 'Test Cases/AHI/_include/name' successfully

2019-12-17 08:19:36 - [TEST_CASE][PASSED] - Test Cases/AHI/_include/name: Test Cases/AHI/_include/name

2019-12-17 08:19:36 - [TEST_STEP][PASSED] - driver = getWebDriver(): null

2019-12-17 08:19:36 - [TEST_STEP][PASSED] - selenium = new com.thoughtworks.selenium.webdriven.WebDriverBackedSelenium(driver, internal.GlobalVariable.ENV): null

2019-12-17 08:19:36 - [TEST_STEP][PASSED] - FirstName = "Test-123": null

2019-12-17 08:19:36 - [TEST_STEP][PASSED] - LastName = selenium.getEval("{var x="ABCDEFGHIJKLMNOPQRSTUVWXYZabcdefghijklmnopqrstuvwxyz"; var tmp="ZZ11-"; for (i=0;i<8;i++) tmp+=x.charAt(Math.ceil(51*Math.random()));tmp;}"): null

2019-12-17 08:19:36 - [TEST_STEP][PASSED] - Address = selenium.getEval("{var x="ABCDEFGHIJKLMNOPQRSTUVWXYZabcdefghijklmnopqrstuvwxyz"; var tmp=""; for (i=0;i<8;i++) tmp+=x.charAt(Math.ceil(51*Math.random()));tmp;}"): null

2019-12-17 08:19:36 - [TEST_STEP][PASSED] - City = selenium.getEval("{var x="ABCDEFGHIJKLMNOPQRSTUVWXYZabcdefghijklmnopqrstuvwxyz"; var tmp=""; for (i=0;i<8;i++) tmp+=x.charAt(Math.ceil(51*Math.random()));tmp;}"): null

2019-12-17 08:19:36 - [TEST_STEP][PASSED] - tel1 = selenium.getEval("{var x="123456789"; var tmp=""; for (i=0;i<3;i++) tmp+=x.charAt(Math.ceil(8*Math.random()));tmp;}"): null

2019-12-17 08:19:36 - [TEST_STEP][PASSED] - tel2 = selenium.getEval("{var x="123456789"; var tmp=""; for (i=0;i<3;i++) tmp+=x.charAt(Math.ceil(8*Math.random()));tmp;}"): null

2019-12-17 08:19:36 - [TEST_STEP][PASSED] - tel3 = selenium.getEval("{var x="123456789"; var tmp=""; for (i=0;i<4;i++) tmp+=x.charAt(Math.ceil(8*Math.random()));tmp;}"): null

2019-12-17 08:19:36 - [TEST_STEP][PASSED] - Tel = selenium.getExpression(tel1 + "-" + tel2 + "-" + tel3): null

2019-12-17 08:19:36 - [TEST_STEP][PASSED] - AutoEmail = selenium.getEval("{var x="ABCDEFGHIJKLMNOPQRSTUVWXYZabcdefghijklmnopqrstuvwxyz"; var tmp="test."; for (i=0;i<8;i++) tmp+=x.charAt(Math.ceil(51*Math.random()));tmp+="@suryani.cn";}"): null

2019-12-17 08:19:36 - [TEST_STEP][PASSED] - FirstName = FirstName: null

2019-12-17 08:19:36 - [TEST_STEP][PASSED] - LastName = LastName: null

2019-12-17 08:19:36 - [TEST_STEP][PASSED] - Address = Address: null

2019-12-17 08:19:36 - [TEST_STEP][PASSED] - City = City: null

2019-12-17 08:19:36 - [TEST_STEP][PASSED] - Tel = Tel: null

2019-12-17 08:19:36 - [TEST_STEP][PASSED] - AutoEmail = AutoEmail: null

2019-12-17 08:19:36 - [TEST_STEP][PASSED] - println(FirstName): null

2019-12-17 08:19:36 - [TEST_STEP][PASSED] - println(LastName): null

2019-12-17 08:19:36 - [TEST_STEP][PASSED] - println(Address): null

2019-12-17 08:19:36 - [TEST_STEP][PASSED] - println(City): null

2019-12-17 08:19:36 - [TEST_STEP][PASSED] - println(Tel): null

2019-12-17 08:19:36 - [TEST_STEP][PASSED] - println(AutoEmail): null

2019-12-17 08:19:36 - [MESSAGE][PASSED] - Call Test Case 'Test Cases/AHI/_include/name' successfully

2019-12-17 08:19:36 - [TEST_STEP][PASSED] - setText(findTestObject("mobileSanity/HBI/Page_App Page 1/input__member-P-1-firstName"), FirstName): Text 'Test-123' is set on object 'Object Repository/mobileSanity/HBI/Page_App Page 1/input__member-P-1-firstName'

2019-12-17 08:19:36 - [MESSAGE][PASSED] - Text 'Test-123' is set on object 'Object Repository/mobileSanity/HBI/Page_App Page 1/input__member-P-1-firstName'

2019-12-17 08:19:36 - [TEST_STEP][PASSED] - setText(findTestObject("mobileSanity/HBI/Page_App Page 1/input__member-P-1-lastName"), LastName): Text 'ZZ11-OZnCozXV' is set on object 'Object Repository/mobileSanity/HBI/Page_App Page 1/input__member-P-1-lastName'

2019-12-17 08:19:36 - [MESSAGE][PASSED] - Text 'ZZ11-OZnCozXV' is set on object 'Object Repository/mobileSanity/HBI/Page_App Page 1/input__member-P-1-lastName'

2019-12-17 08:19:36 - [TEST_STEP][PASSED] - if (carrier == "agileone" || carrier == "agilesecure"): Text 'test6' is set on object 'Object Repository/mobileSanity/HBI/Page_App Page 1/input__contingent-beneficiary-relationship'

2019-12-17 08:19:36 - [TEST_STEP][PASSED] - setText(findTestObject("mobileSanity/HBI/Page_App Page 1/input__primary-beneficiary-fir"), "test1"): Text 'test1' is set on object 'Object Repository/mobileSanity/HBI/Page_App Page 1/input__primary-beneficiary-fir'

2019-12-17 08:19:36 - [MESSAGE][PASSED] - Text 'test1' is set on object 'Object Repository/mobileSanity/HBI/Page_App Page 1/input__primary-beneficiary-fir'

2019-12-17 08:19:36 - [TEST_STEP][PASSED] - setText(findTestObject("mobileSanity/HBI/Page_App Page 1/input__primary-beneficiary-las"), "test2"): Text 'test2' is set on object 'Object Repository/mobileSanity/HBI/Page_App Page 1/input__primary-beneficiary-las'

2019-12-17 08:19:36 - [MESSAGE][PASSED] - Text 'test2' is set on object 'Object Repository/mobileSanity/HBI/Page_App Page 1/input__primary-beneficiary-las'

2019-12-17 08:19:36 - [TEST_STEP][PASSED] - setText(findTestObject("mobileSanity/HBI/Page_App Page 1/input__primary-beneficiary-rel"), "test3"): Text 'test3' is set on object 'Object Repository/mobileSanity/HBI/Page_App Page 1/input__primary-beneficiary-rel'

2019-12-17 08:19:36 - [MESSAGE][PASSED] - Text 'test3' is set on object 'Object Repository/mobileSanity/HBI/Page_App Page 1/input__primary-beneficiary-rel'

2019-12-17 08:19:36 - [TEST_STEP][PASSED] - setText(findTestObject("mobileSanity/HBI/Page_App Page 1/input__contingent-beneficiary-"), "test4"): Text 'test4' is set on object 'Object Repository/mobileSanity/HBI/Page_App Page 1/input__contingent-beneficiary-'

2019-12-17 08:19:37 - [MESSAGE][PASSED] - Text 'test4' is set on object 'Object Repository/mobileSanity/HBI/Page_App Page 1/input__contingent-beneficiary-'

2019-12-17 08:19:37 - [TEST_STEP][PASSED] - setText(findTestObject("mobileSanity/HBI/Page_App Page 1/input__contingent-beneficiary-_lastname"), "test5"): Text 'test5' is set on object 'Object Repository/mobileSanity/HBI/Page_App Page 1/input__contingent-beneficiary-_lastname'

2019-12-17 08:19:37 - [MESSAGE][PASSED] - Text 'test5' is set on object 'Object Repository/mobileSanity/HBI/Page_App Page 1/input__contingent-beneficiary-_lastname'

2019-12-17 08:19:37 - [TEST_STEP][PASSED] - setText(findTestObject("mobileSanity/HBI/Page_App Page 1/input__contingent-beneficiary-relationship"), "test6"): Text 'test6' is set on object 'Object Repository/mobileSanity/HBI/Page_App Page 1/input__contingent-beneficiary-relationship'

2019-12-17 08:19:37 - [MESSAGE][PASSED] - Text 'test6' is set on object 'Object Repository/mobileSanity/HBI/Page_App Page 1/input__contingent-beneficiary-relationship'

2019-12-17 08:19:37 - [TEST_STEP][PASSED] - setText(findTestObject("mobileSanity/HBI/Page_App Page 1/input__address"), Address): Text 'YJEUNRwK' is set on object 'Object Repository/mobileSanity/HBI/Page_App Page 1/input__address'

2019-12-17 08:19:37 - [MESSAGE][PASSED] - Text 'YJEUNRwK' is set on object 'Object Repository/mobileSanity/HBI/Page_App Page 1/input__address'

2019-12-17 08:19:37 - [TEST_STEP][PASSED] - setText(findTestObject("mobileSanity/HBI/Page_App Page 1/input__city"), City): Text 'MXaVwfFU' is set on object 'Object Repository/mobileSanity/HBI/Page_App Page 1/input__city'

2019-12-17 08:19:37 - [MESSAGE][PASSED] - Text 'MXaVwfFU' is set on object 'Object Repository/mobileSanity/HBI/Page_App Page 1/input__city'

2019-12-17 08:19:37 - [TEST_STEP][PASSED] - setText(findTestObject("mobileSanity/HBI/Page_App Page 1/input__email"), AutoEmail): Text 'test.MlaMncfp@suryani.cn' is set on object 'Object Repository/mobileSanity/HBI/Page_App Page 1/input__email'

2019-12-17 08:19:38 - [MESSAGE][PASSED] - Text 'test.MlaMncfp@suryani.cn' is set on object 'Object Repository/mobileSanity/HBI/Page_App Page 1/input__email'

2019-12-17 08:19:38 - [TEST_STEP][PASSED] - setText(findTestObject("mobileSanity/HBI/Page_App Page 1/input_tel"), Tel): Text '233-934-3775' is set on object 'Object Repository/mobileSanity/HBI/Page_App Page 1/input_tel'

2019-12-17 08:19:38 - [MESSAGE][PASSED] - Text '233-934-3775' is set on object 'Object Repository/mobileSanity/HBI/Page_App Page 1/input_tel'

2019-12-17 08:19:38 - [TEST_STEP][PASSED] - Thread.sleep(5000): null

2019-12-17 08:19:43 - [TEST_STEP][PASSED] - click(findTestObject("mobileSanity/HBI/Page_App Page 1/a_Continue to Step 2 - Payment")): Object: 'Object Repository/mobileSanity/HBI/Page_App Page 1/a_Continue to Step 2 - Payment' is clicked on

2019-12-17 08:19:43 - [MESSAGE][PASSED] - Object: 'Object Repository/mobileSanity/HBI/Page_App Page 1/a_Continue to Step 2 - Payment' is clicked on

2019-12-17 08:19:43 - [TEST_STEP][PASSED] - waitForPageLoad(20): Wait for page load successfully

2019-12-17 08:19:43 - [MESSAGE][PASSED] - Wait for page load successfully

2019-12-17 08:19:43 - [TEST_STEP][PASSED] - Thread.sleep(2000): null

2019-12-17 08:19:45 - [TEST_STEP][PASSED] - waitForElementVisible(findTestObject("mobileSanity/HBI/Page_App Page 2/input__credit-card-first"), 20): Object 'Object Repository/mobileSanity/HBI/Page_App Page 2/input__credit-card-first' is visible

2019-12-17 08:19:45 - [MESSAGE][PASSED] - Object 'Object Repository/mobileSanity/HBI/Page_App Page 2/input__credit-card-first' is visible

2019-12-17 08:19:45 - [TEST_STEP][PASSED] - callTestCase(findTestCase("AHI/_include/get_screenshot"), [:], STOP_ON_FAILURE): Call Test Case 'Test Cases/AHI/_include/get_screenshot' successfully

2019-12-17 08:19:45 - [TEST_CASE][PASSED] - Test Cases/AHI/_include/get_screenshot: Test Cases/AHI/_include/get_screenshot

2019-12-17 08:19:45 - [TEST_STEP][PASSED] - takeScreenshot(screenPath + i + ".png"): Taking screenshot successfully

2019-12-17 08:19:45 - [MESSAGE][PASSED] - Taking screenshot successfully
[[ATTACHMENT|D:\\Test\\AgileTest\\Reports\\AHI\\hbi\\20191217_080033\\../Screenshots/iPhone 6/hbi/Agile Secure/20191217_081844/6.png]]

2019-12-17 08:19:45 - [TEST_STEP][PASSED] - (internal.GlobalVariable.i++): null

2019-12-17 08:19:45 - [MESSAGE][PASSED] - Call Test Case 'Test Cases/AHI/_include/get_screenshot' successfully

2019-12-17 08:19:45 - [TEST_STEP][PASSED] - setText(findTestObject("mobileSanity/HBI/Page_App Page 2/input__credit-card-first"), FirstName): Text 'Test-123' is set on object 'Object Repository/mobileSanity/HBI/Page_App Page 2/input__credit-card-first'

2019-12-17 08:19:46 - [MESSAGE][PASSED] - Text 'Test-123' is set on object 'Object Repository/mobileSanity/HBI/Page_App Page 2/input__credit-card-first'

2019-12-17 08:19:46 - [TEST_STEP][PASSED] - setText(findTestObject("mobileSanity/HBI/Page_App Page 2/input__credit-card-last"), LastName): Text 'ZZ11-OZnCozXV' is set on object 'Object Repository/mobileSanity/HBI/Page_App Page 2/input__credit-card-last'

2019-12-17 08:19:46 - [MESSAGE][PASSED] - Text 'ZZ11-OZnCozXV' is set on object 'Object Repository/mobileSanity/HBI/Page_App Page 2/input__credit-card-last'

2019-12-17 08:19:46 - [TEST_STEP][PASSED] - selectOptionByValue(findTestObject("mobileSanity/HBI/Page_App Page 2/select_MM010203040506070809101"), "12", true): All options with value '12' are selected in object 'Object Repository/mobileSanity/HBI/Page_App Page 2/select_MM010203040506070809101'  using regular expression

2019-12-17 08:19:46 - [MESSAGE][PASSED] - All options with value '12' are selected in object 'Object Repository/mobileSanity/HBI/Page_App Page 2/select_MM010203040506070809101'  using regular expression

2019-12-17 08:19:46 - [TEST_STEP][PASSED] - selectOptionByValue(findTestObject("mobileSanity/HBI/Page_App Page 2/select_YYYY2019202020212022202"), "2026", true): All options with value '2026' are selected in object 'Object Repository/mobileSanity/HBI/Page_App Page 2/select_YYYY2019202020212022202'  using regular expression

2019-12-17 08:19:47 - [MESSAGE][PASSED] - All options with value '2026' are selected in object 'Object Repository/mobileSanity/HBI/Page_App Page 2/select_YYYY2019202020212022202'  using regular expression

2019-12-17 08:19:47 - [TEST_STEP][PASSED] - setText(findTestObject("mobileSanity/HBI/Page_App Page 2/input__credit-card-number"), "4111111111111111"): Text '4111111111111111' is set on object 'Object Repository/mobileSanity/HBI/Page_App Page 2/input__credit-card-number'

2019-12-17 08:19:47 - [MESSAGE][PASSED] - Text '4111111111111111' is set on object 'Object Repository/mobileSanity/HBI/Page_App Page 2/input__credit-card-number'

2019-12-17 08:19:47 - [TEST_STEP][PASSED] - setText(findTestObject("mobileSanity/HBI/Page_App Page 2/input__cvv"), "123"): Text '123' is set on object 'Object Repository/mobileSanity/HBI/Page_App Page 2/input__cvv'

2019-12-17 08:19:47 - [MESSAGE][PASSED] - Text '123' is set on object 'Object Repository/mobileSanity/HBI/Page_App Page 2/input__cvv'

2019-12-17 08:19:47 - [TEST_STEP][PASSED] - click(findTestObject("mobileSanity/HBI/Page_App Page 2/label_My billing address is th")): Object: 'Object Repository/mobileSanity/HBI/Page_App Page 2/label_My billing address is th' is clicked on

2019-12-17 08:19:47 - [MESSAGE][PASSED] - Object: 'Object Repository/mobileSanity/HBI/Page_App Page 2/label_My billing address is th' is clicked on

2019-12-17 08:19:47 - [TEST_STEP][PASSED] - click(findTestObject("mobileSanity/HBI/Page_App Page 2/label_I Accept Authorization f")): Object: 'Object Repository/mobileSanity/HBI/Page_App Page 2/label_I Accept Authorization f' is clicked on

2019-12-17 08:19:47 - [MESSAGE][PASSED] - Object: 'Object Repository/mobileSanity/HBI/Page_App Page 2/label_I Accept Authorization f' is clicked on

2019-12-17 08:19:47 - [TEST_STEP][PASSED] - click(findTestObject("mobileSanity/HBI/Page_App Page 2/a_Continue to Step 3 - Review")): Object: 'Object Repository/mobileSanity/HBI/Page_App Page 2/a_Continue to Step 3 - Review' is clicked on

2019-12-17 08:19:47 - [MESSAGE][PASSED] - Object: 'Object Repository/mobileSanity/HBI/Page_App Page 2/a_Continue to Step 3 - Review' is clicked on

2019-12-17 08:19:47 - [TEST_STEP][PASSED] - waitForPageLoad(20): Wait for page load successfully

2019-12-17 08:19:47 - [MESSAGE][PASSED] - Wait for page load successfully

2019-12-17 08:19:47 - [TEST_STEP][PASSED] - Thread.sleep(10000): null

2019-12-17 08:19:57 - [TEST_STEP][PASSED] - waitForElementPresent(findTestObject("mobileSanity/HBI/Page_App Page 3/label"), 20): Object 'Object Repository/mobileSanity/HBI/Page_App Page 3/label' is present

2019-12-17 08:19:58 - [MESSAGE][PASSED] - Object 'Object Repository/mobileSanity/HBI/Page_App Page 3/label' is present

2019-12-17 08:19:58 - [TEST_STEP][PASSED] - callTestCase(findTestCase("AHI/_include/get_screenshot"), [:], STOP_ON_FAILURE): Call Test Case 'Test Cases/AHI/_include/get_screenshot' successfully

2019-12-17 08:19:58 - [TEST_CASE][PASSED] - Test Cases/AHI/_include/get_screenshot: Test Cases/AHI/_include/get_screenshot

2019-12-17 08:19:58 - [TEST_STEP][PASSED] - takeScreenshot(screenPath + i + ".png"): Taking screenshot successfully

2019-12-17 08:19:58 - [MESSAGE][PASSED] - Taking screenshot successfully
[[ATTACHMENT|D:\\Test\\AgileTest\\Reports\\AHI\\hbi\\20191217_080033\\../Screenshots/iPhone 6/hbi/Agile Secure/20191217_081844/7.png]]

2019-12-17 08:19:58 - [TEST_STEP][PASSED] - (internal.GlobalVariable.i++): null

2019-12-17 08:19:58 - [MESSAGE][PASSED] - Call Test Case 'Test Cases/AHI/_include/get_screenshot' successfully

2019-12-17 08:19:58 - [TEST_STEP][PASSED] - click(findTestObject("mobileSanity/HBI/Page_App Page 3/label")): Object: 'Object Repository/mobileSanity/HBI/Page_App Page 3/label' is clicked on

2019-12-17 08:19:58 - [MESSAGE][PASSED] - Object: 'Object Repository/mobileSanity/HBI/Page_App Page 3/label' is clicked on

2019-12-17 08:19:58 - [TEST_STEP][PASSED] - click(findTestObject("mobileSanity/HBI/Page_App Page 3/p_CLICK TO SIGN")): Object: 'Object Repository/mobileSanity/HBI/Page_App Page 3/p_CLICK TO SIGN' is clicked on

2019-12-17 08:19:58 - [MESSAGE][PASSED] - Object: 'Object Repository/mobileSanity/HBI/Page_App Page 3/p_CLICK TO SIGN' is clicked on

2019-12-17 08:19:58 - [TEST_STEP][PASSED] - click(findTestObject("mobileSanity/HBI/Page_App Page 3/a_Submit Your Application")): Object: 'Object Repository/mobileSanity/HBI/Page_App Page 3/a_Submit Your Application' is clicked on

2019-12-17 08:19:58 - [MESSAGE][PASSED] - Object: 'Object Repository/mobileSanity/HBI/Page_App Page 3/a_Submit Your Application' is clicked on

2019-12-17 08:19:58 - [TEST_STEP][PASSED] - Thread.sleep(30000): null

2019-12-17 08:20:28 - [TEST_STEP][PASSED] - callTestCase(findTestCase("AHI/_include/get_screenshot"), [:], STOP_ON_FAILURE): Call Test Case 'Test Cases/AHI/_include/get_screenshot' successfully

2019-12-17 08:20:29 - [TEST_CASE][PASSED] - Test Cases/AHI/_include/get_screenshot: Test Cases/AHI/_include/get_screenshot

2019-12-17 08:20:29 - [TEST_STEP][PASSED] - takeScreenshot(screenPath + i + ".png"): Taking screenshot successfully

2019-12-17 08:20:29 - [MESSAGE][PASSED] - Taking screenshot successfully
[[ATTACHMENT|D:\\Test\\AgileTest\\Reports\\AHI\\hbi\\20191217_080033\\../Screenshots/iPhone 6/hbi/Agile Secure/20191217_081844/8.png]]

2019-12-17 08:20:29 - [TEST_STEP][PASSED] - (internal.GlobalVariable.i++): null

2019-12-17 08:20:29 - [MESSAGE][PASSED] - Call Test Case 'Test Cases/AHI/_include/get_screenshot' successfully

2019-12-17 08:20:29 - [TEST_STEP][PASSED] - verifyTextPresent("Congratulations", false): Text 'Congratulations' is present on page 

2019-12-17 08:20:29 - [MESSAGE][PASSED] - Text 'Congratulations' is present on page 

2019-12-17 08:20:29 - [MESSAGE][PASSED] - Call Test Case 'Test Cases/AHI/_include/goToEnd_hbi' successfully]]></system-out>
         <system-err><![CDATA[]]></system-err>
      </testcase>
      <testcase name="Test Cases/AHI/HBI/Fixed Cash Benefit" classname="Test Cases/AHI/HBI/Fixed Cash Benefit" status="PASSED">
         <system-out><![CDATA[2019-12-17 08:20:29 - [TEST_CASE][PASSED] - Test Cases/AHI/HBI/Fixed Cash Benefit: Test Cases/AHI/HBI/Fixed Cash Benefit

2019-12-17 08:20:29 - [TEST_STEP][PASSED] - callTestCase(findTestCase("AHI/_include/get_screenPath"), ["productLine":"hbi", "carrierName":"Fixed Cash Benefit"], CONTINUE_ON_FAILURE): Call Test Case 'Test Cases/AHI/_include/get_screenPath' successfully

2019-12-17 08:20:29 - [TEST_CASE][PASSED] - Test Cases/AHI/_include/get_screenPath: Test Cases/AHI/_include/get_screenPath

2019-12-17 08:20:29 - [TEST_STEP][PASSED] - m = getExecutionProperties(): null

2019-12-17 08:20:29 - [TEST_STEP][PASSED] - deviceName = get("mobileEmulation").get("deviceName"): null

2019-12-17 08:20:29 - [TEST_STEP][PASSED] - println(deviceName): null

2019-12-17 08:20:29 - [TEST_STEP][PASSED] - now = new java.util.Date(): null

2019-12-17 08:20:29 - [TEST_STEP][PASSED] - mydate = now.format("yyyyMMdd_HHmmss"): null

2019-12-17 08:20:29 - [TEST_STEP][PASSED] - screenPath = "../Screenshots/": null

2019-12-17 08:20:29 - [TEST_STEP][PASSED] - screenPath = screenPath + deviceName + "/" + productLine + "/" + carrierName + "/" + mydate + "/": null

2019-12-17 08:20:29 - [TEST_STEP][PASSED] - println(screenPath): null

2019-12-17 08:20:29 - [MESSAGE][PASSED] - Call Test Case 'Test Cases/AHI/_include/get_screenPath' successfully

2019-12-17 08:20:29 - [TEST_STEP][PASSED] - i = 0: null

2019-12-17 08:20:29 - [TEST_STEP][PASSED] - callTestCase(findTestCase("AHI/_include/openWebSite"), [:], CONTINUE_ON_FAILURE): Call Test Case 'Test Cases/AHI/_include/openWebSite' successfully

2019-12-17 08:20:29 - [TEST_CASE][PASSED] - Test Cases/AHI/_include/openWebSite: Test Cases/AHI/_include/openWebSite

2019-12-17 08:20:29 - [TEST_STEP][PASSED] - openBrowser(env): Browser is opened with url: 'https://praetemptatus.agilehealthinsurance.com'

2019-12-17 08:20:29 - [MESSAGE][WARNING] - A browser is already opened. Closing browser and opening a new one

2019-12-17 08:20:31 - [MESSAGE][INFO] - Starting 'Chrome' driver

2019-12-17 08:20:31 - [MESSAGE][INFO] - User set preference: ['mobileEmulation', '{deviceName=iPhone 6}']

2019-12-17 08:20:31 - [MESSAGE][INFO] - User set preference: ['args', '[--incognito, --aggressive-cache-discard, --window-size=375,677, --no-sandbox]']

2019-12-17 08:20:33 - [MESSAGE][PASSED] - Browser is opened with url: 'https://praetemptatus.agilehealthinsurance.com'

2019-12-17 08:20:33 - [TEST_STEP][PASSED] - waitForPageLoad(20): Wait for page load successfully

2019-12-17 08:20:33 - [MESSAGE][PASSED] - Wait for page load successfully

2019-12-17 08:20:33 - [TEST_STEP][PASSED] - callTestCase(findTestCase("AHI/_include/get_screenshot"), [:], STOP_ON_FAILURE): Call Test Case 'Test Cases/AHI/_include/get_screenshot' successfully

2019-12-17 08:20:33 - [TEST_CASE][PASSED] - Test Cases/AHI/_include/get_screenshot: Test Cases/AHI/_include/get_screenshot

2019-12-17 08:20:33 - [TEST_STEP][PASSED] - takeScreenshot(screenPath + i + ".png"): Taking screenshot successfully

2019-12-17 08:20:34 - [MESSAGE][PASSED] - Taking screenshot successfully
[[ATTACHMENT|D:\\Test\\AgileTest\\Reports\\AHI\\hbi\\20191217_080033\\../Screenshots/iPhone 6/hbi/Fixed Cash Benefit/20191217_082029/0.png]]

2019-12-17 08:20:34 - [TEST_STEP][PASSED] - (internal.GlobalVariable.i++): null

2019-12-17 08:20:34 - [MESSAGE][PASSED] - Call Test Case 'Test Cases/AHI/_include/get_screenshot' successfully

2019-12-17 08:20:34 - [MESSAGE][PASSED] - Call Test Case 'Test Cases/AHI/_include/openWebSite' successfully

2019-12-17 08:20:34 - [TEST_STEP][PASSED] - callTestCase(findTestCase("AHI/_include/census_hbi"), ["zipcode":"85364"], CONTINUE_ON_FAILURE): Call Test Case 'Test Cases/AHI/_include/census_hbi' successfully

2019-12-17 08:20:34 - [TEST_CASE][PASSED] - Test Cases/AHI/_include/census_hbi: Test Cases/AHI/_include/census_hbi

2019-12-17 08:20:35 - [TEST_STEP][PASSED] - click(findTestObject("mobileSanity/Common/side_nav/menu")): Object: 'Object Repository/mobileSanity/Common/side_nav/menu' is clicked on

2019-12-17 08:20:35 - [MESSAGE][PASSED] - Object: 'Object Repository/mobileSanity/Common/side_nav/menu' is clicked on

2019-12-17 08:20:35 - [TEST_STEP][PASSED] - Thread.sleep(3000): null

2019-12-17 08:20:38 - [TEST_STEP][PASSED] - callTestCase(findTestCase("AHI/_include/get_screenshot"), [:], STOP_ON_FAILURE): Call Test Case 'Test Cases/AHI/_include/get_screenshot' successfully

2019-12-17 08:20:38 - [TEST_CASE][PASSED] - Test Cases/AHI/_include/get_screenshot: Test Cases/AHI/_include/get_screenshot

2019-12-17 08:20:38 - [TEST_STEP][PASSED] - takeScreenshot(screenPath + i + ".png"): Taking screenshot successfully

2019-12-17 08:20:38 - [MESSAGE][PASSED] - Taking screenshot successfully
[[ATTACHMENT|D:\\Test\\AgileTest\\Reports\\AHI\\hbi\\20191217_080033\\../Screenshots/iPhone 6/hbi/Fixed Cash Benefit/20191217_082029/1.png]]

2019-12-17 08:20:38 - [TEST_STEP][PASSED] - (internal.GlobalVariable.i++): null

2019-12-17 08:20:38 - [MESSAGE][PASSED] - Call Test Case 'Test Cases/AHI/_include/get_screenshot' successfully

2019-12-17 08:20:38 - [TEST_STEP][PASSED] - click(findTestObject("mobileSanity/Common/side_nav/nav_hbi")): Object: 'Object Repository/mobileSanity/Common/side_nav/nav_hbi' is clicked on

2019-12-17 08:20:39 - [MESSAGE][PASSED] - Object: 'Object Repository/mobileSanity/Common/side_nav/nav_hbi' is clicked on

2019-12-17 08:20:39 - [TEST_STEP][PASSED] - waitForPageLoad(10): Wait for page load successfully

2019-12-17 08:20:39 - [MESSAGE][PASSED] - Wait for page load successfully

2019-12-17 08:20:39 - [TEST_STEP][PASSED] - Thread.sleep(3000): null

2019-12-17 08:20:42 - [TEST_STEP][PASSED] - callTestCase(findTestCase("AHI/_include/get_screenshot"), [:], STOP_ON_FAILURE): Call Test Case 'Test Cases/AHI/_include/get_screenshot' successfully

2019-12-17 08:20:42 - [TEST_CASE][PASSED] - Test Cases/AHI/_include/get_screenshot: Test Cases/AHI/_include/get_screenshot

2019-12-17 08:20:42 - [TEST_STEP][PASSED] - takeScreenshot(screenPath + i + ".png"): Taking screenshot successfully

2019-12-17 08:20:43 - [MESSAGE][PASSED] - Taking screenshot successfully
[[ATTACHMENT|D:\\Test\\AgileTest\\Reports\\AHI\\hbi\\20191217_080033\\../Screenshots/iPhone 6/hbi/Fixed Cash Benefit/20191217_082029/2.png]]

2019-12-17 08:20:43 - [TEST_STEP][PASSED] - (internal.GlobalVariable.i++): null

2019-12-17 08:20:43 - [MESSAGE][PASSED] - Call Test Case 'Test Cases/AHI/_include/get_screenshot' successfully

2019-12-17 08:20:43 - [TEST_STEP][PASSED] - setText(findTestObject("mobileSanity/HBI/census/input_Location_zip-input"), zipcode): Text '85364' is set on object 'Object Repository/mobileSanity/HBI/census/input_Location_zip-input'

2019-12-17 08:20:43 - [MESSAGE][PASSED] - Text '85364' is set on object 'Object Repository/mobileSanity/HBI/census/input_Location_zip-input'

2019-12-17 08:20:43 - [TEST_STEP][PASSED] - Thread.sleep(500): null

2019-12-17 08:20:43 - [TEST_STEP][PASSED] - setText(findTestObject("mobileSanity/HBI/census/input_Date of Birth_dob-0"), "12121980"): Text '12121980' is set on object 'Object Repository/mobileSanity/HBI/census/input_Date of Birth_dob-0'

2019-12-17 08:20:44 - [MESSAGE][PASSED] - Text '12121980' is set on object 'Object Repository/mobileSanity/HBI/census/input_Date of Birth_dob-0'

2019-12-17 08:20:44 - [TEST_STEP][PASSED] - click(findTestObject("mobileSanity/HBI/census/label_Male")): Object: 'Object Repository/mobileSanity/HBI/census/label_Male' is clicked on

2019-12-17 08:20:44 - [MESSAGE][PASSED] - Object: 'Object Repository/mobileSanity/HBI/census/label_Male' is clicked on

2019-12-17 08:20:44 - [TEST_STEP][PASSED] - click(findTestObject("mobileSanity/HBI/census/label_Get a Quote")): Object: 'Object Repository/mobileSanity/HBI/census/label_Get a Quote' is clicked on

2019-12-17 08:20:45 - [MESSAGE][PASSED] - Object: 'Object Repository/mobileSanity/HBI/census/label_Get a Quote' is clicked on

2019-12-17 08:20:45 - [TEST_STEP][PASSED] - waitForPageLoad(20): Wait for page load successfully

2019-12-17 08:20:46 - [MESSAGE][PASSED] - Wait for page load successfully

2019-12-17 08:20:46 - [TEST_STEP][PASSED] - Thread.sleep(3000): null

2019-12-17 08:20:49 - [TEST_STEP][PASSED] - callTestCase(findTestCase("AHI/_include/check_quoteleadform"), [:], STOP_ON_FAILURE): Call Test Case 'Test Cases/AHI/_include/check_quoteleadform' successfully

2019-12-17 08:20:49 - [TEST_CASE][PASSED] - Test Cases/AHI/_include/check_quoteleadform: Test Cases/AHI/_include/check_quoteleadform

2019-12-17 08:20:49 - [TEST_STEP][PASSED] - callTestCase(findTestCase("AHI/_include/name"), [:], CONTINUE_ON_FAILURE): Call Test Case 'Test Cases/AHI/_include/name' successfully

2019-12-17 08:20:49 - [TEST_CASE][PASSED] - Test Cases/AHI/_include/name: Test Cases/AHI/_include/name

2019-12-17 08:20:49 - [TEST_STEP][PASSED] - driver = getWebDriver(): null

2019-12-17 08:20:49 - [TEST_STEP][PASSED] - selenium = new com.thoughtworks.selenium.webdriven.WebDriverBackedSelenium(driver, internal.GlobalVariable.ENV): null

2019-12-17 08:20:49 - [TEST_STEP][PASSED] - FirstName = "Test-123": null

2019-12-17 08:20:49 - [TEST_STEP][PASSED] - LastName = selenium.getEval("{var x="ABCDEFGHIJKLMNOPQRSTUVWXYZabcdefghijklmnopqrstuvwxyz"; var tmp="ZZ11-"; for (i=0;i<8;i++) tmp+=x.charAt(Math.ceil(51*Math.random()));tmp;}"): null

2019-12-17 08:20:49 - [TEST_STEP][PASSED] - Address = selenium.getEval("{var x="ABCDEFGHIJKLMNOPQRSTUVWXYZabcdefghijklmnopqrstuvwxyz"; var tmp=""; for (i=0;i<8;i++) tmp+=x.charAt(Math.ceil(51*Math.random()));tmp;}"): null

2019-12-17 08:20:49 - [TEST_STEP][PASSED] - City = selenium.getEval("{var x="ABCDEFGHIJKLMNOPQRSTUVWXYZabcdefghijklmnopqrstuvwxyz"; var tmp=""; for (i=0;i<8;i++) tmp+=x.charAt(Math.ceil(51*Math.random()));tmp;}"): null

2019-12-17 08:20:49 - [TEST_STEP][PASSED] - tel1 = selenium.getEval("{var x="123456789"; var tmp=""; for (i=0;i<3;i++) tmp+=x.charAt(Math.ceil(8*Math.random()));tmp;}"): null

2019-12-17 08:20:49 - [TEST_STEP][PASSED] - tel2 = selenium.getEval("{var x="123456789"; var tmp=""; for (i=0;i<3;i++) tmp+=x.charAt(Math.ceil(8*Math.random()));tmp;}"): null

2019-12-17 08:20:49 - [TEST_STEP][PASSED] - tel3 = selenium.getEval("{var x="123456789"; var tmp=""; for (i=0;i<4;i++) tmp+=x.charAt(Math.ceil(8*Math.random()));tmp;}"): null

2019-12-17 08:20:49 - [TEST_STEP][PASSED] - Tel = selenium.getExpression(tel1 + "-" + tel2 + "-" + tel3): null

2019-12-17 08:20:49 - [TEST_STEP][PASSED] - AutoEmail = selenium.getEval("{var x="ABCDEFGHIJKLMNOPQRSTUVWXYZabcdefghijklmnopqrstuvwxyz"; var tmp="test."; for (i=0;i<8;i++) tmp+=x.charAt(Math.ceil(51*Math.random()));tmp+="@suryani.cn";}"): null

2019-12-17 08:20:49 - [TEST_STEP][PASSED] - FirstName = FirstName: null

2019-12-17 08:20:49 - [TEST_STEP][PASSED] - LastName = LastName: null

2019-12-17 08:20:49 - [TEST_STEP][PASSED] - Address = Address: null

2019-12-17 08:20:49 - [TEST_STEP][PASSED] - City = City: null

2019-12-17 08:20:49 - [TEST_STEP][PASSED] - Tel = Tel: null

2019-12-17 08:20:49 - [TEST_STEP][PASSED] - AutoEmail = AutoEmail: null

2019-12-17 08:20:49 - [TEST_STEP][PASSED] - println(FirstName): null

2019-12-17 08:20:49 - [TEST_STEP][PASSED] - println(LastName): null

2019-12-17 08:20:49 - [TEST_STEP][PASSED] - println(Address): null

2019-12-17 08:20:49 - [TEST_STEP][PASSED] - println(City): null

2019-12-17 08:20:49 - [TEST_STEP][PASSED] - println(Tel): null

2019-12-17 08:20:49 - [TEST_STEP][PASSED] - println(AutoEmail): null

2019-12-17 08:20:49 - [MESSAGE][PASSED] - Call Test Case 'Test Cases/AHI/_include/name' successfully

2019-12-17 08:20:49 - [TEST_STEP][PASSED] - leadform_exist = test.MobileKeywords.isElementPresent_Web(findTestObject("mobileSanity/quote lead form/lead_form"), 20): test.MobileKeywords.isElementPresent_Web is PASSED

2019-12-17 08:20:49 - [MESSAGE][PASSED] - test.MobileKeywords.isElementPresent_Web is PASSED

2019-12-17 08:20:49 - [TEST_STEP][PASSED] - if (leadform_exist): null

2019-12-17 08:20:49 - [TEST_STEP][PASSED] - setText(findTestObject("mobileSanity/quote lead form/first"), FirstName): Text 'Test-123' is set on object 'Object Repository/mobileSanity/quote lead form/first'

2019-12-17 08:20:50 - [MESSAGE][PASSED] - Text 'Test-123' is set on object 'Object Repository/mobileSanity/quote lead form/first'

2019-12-17 08:20:50 - [TEST_STEP][PASSED] - setText(findTestObject("mobileSanity/quote lead form/last"), LastName): Text 'ZZ11-MdyjoKiN' is set on object 'Object Repository/mobileSanity/quote lead form/last'

2019-12-17 08:20:50 - [MESSAGE][PASSED] - Text 'ZZ11-MdyjoKiN' is set on object 'Object Repository/mobileSanity/quote lead form/last'

2019-12-17 08:20:50 - [TEST_STEP][PASSED] - setText(findTestObject("mobileSanity/quote lead form/email"), AutoEmail): Text 'test.bghrahCa@suryani.cn' is set on object 'Object Repository/mobileSanity/quote lead form/email'

2019-12-17 08:20:50 - [MESSAGE][PASSED] - Text 'test.bghrahCa@suryani.cn' is set on object 'Object Repository/mobileSanity/quote lead form/email'

2019-12-17 08:20:50 - [TEST_STEP][PASSED] - setText(findTestObject("mobileSanity/quote lead form/phone"), Tel): Text '829-679-5872' is set on object 'Object Repository/mobileSanity/quote lead form/phone'

2019-12-17 08:20:50 - [MESSAGE][PASSED] - Text '829-679-5872' is set on object 'Object Repository/mobileSanity/quote lead form/phone'

2019-12-17 08:20:50 - [TEST_STEP][PASSED] - click(findTestObject("mobileSanity/quote lead form/submit")): Object: 'Object Repository/mobileSanity/quote lead form/submit' is clicked on

2019-12-17 08:20:51 - [MESSAGE][PASSED] - Object: 'Object Repository/mobileSanity/quote lead form/submit' is clicked on

2019-12-17 08:20:51 - [TEST_STEP][PASSED] - Thread.sleep(3000): null

2019-12-17 08:20:54 - [MESSAGE][PASSED] - Call Test Case 'Test Cases/AHI/_include/check_quoteleadform' successfully

2019-12-17 08:20:54 - [TEST_STEP][PASSED] - callTestCase(findTestCase("AHI/_include/get_screenshot"), [:], STOP_ON_FAILURE): Call Test Case 'Test Cases/AHI/_include/get_screenshot' successfully

2019-12-17 08:20:54 - [TEST_CASE][PASSED] - Test Cases/AHI/_include/get_screenshot: Test Cases/AHI/_include/get_screenshot

2019-12-17 08:20:54 - [TEST_STEP][PASSED] - takeScreenshot(screenPath + i + ".png"): Taking screenshot successfully

2019-12-17 08:20:54 - [MESSAGE][PASSED] - Taking screenshot successfully
[[ATTACHMENT|D:\\Test\\AgileTest\\Reports\\AHI\\hbi\\20191217_080033\\../Screenshots/iPhone 6/hbi/Fixed Cash Benefit/20191217_082029/3.png]]

2019-12-17 08:20:54 - [TEST_STEP][PASSED] - (internal.GlobalVariable.i++): null

2019-12-17 08:20:54 - [MESSAGE][PASSED] - Call Test Case 'Test Cases/AHI/_include/get_screenshot' successfully

2019-12-17 08:20:54 - [MESSAGE][PASSED] - Call Test Case 'Test Cases/AHI/_include/census_hbi' successfully

2019-12-17 08:20:54 - [TEST_STEP][PASSED] - Thread.sleep(5000): null

2019-12-17 08:20:59 - [TEST_STEP][PASSED] - scrollToPosition(200, 2300): Browser is scrolled to position x = 200, y = 2300

2019-12-17 08:20:59 - [MESSAGE][PASSED] - Browser is scrolled to position x = 200, y = 2300

2019-12-17 08:20:59 - [TEST_STEP][PASSED] - click(findTestObject("mobileSanity/HBI/quote/a_Fixed Cash Benefit")): Object: 'Object Repository/mobileSanity/HBI/quote/a_Fixed Cash Benefit' is clicked on

2019-12-17 08:21:00 - [MESSAGE][PASSED] - Object: 'Object Repository/mobileSanity/HBI/quote/a_Fixed Cash Benefit' is clicked on

2019-12-17 08:21:00 - [TEST_STEP][PASSED] - waitForPageLoad(20): Wait for page load successfully

2019-12-17 08:21:00 - [MESSAGE][PASSED] - Wait for page load successfully

2019-12-17 08:21:00 - [TEST_STEP][PASSED] - callTestCase(findTestCase("AHI/_include/get_screenshot"), [:], STOP_ON_FAILURE): Call Test Case 'Test Cases/AHI/_include/get_screenshot' successfully

2019-12-17 08:21:00 - [TEST_CASE][PASSED] - Test Cases/AHI/_include/get_screenshot: Test Cases/AHI/_include/get_screenshot

2019-12-17 08:21:00 - [TEST_STEP][PASSED] - takeScreenshot(screenPath + i + ".png"): Taking screenshot successfully

2019-12-17 08:21:00 - [MESSAGE][PASSED] - Taking screenshot successfully
[[ATTACHMENT|D:\\Test\\AgileTest\\Reports\\AHI\\hbi\\20191217_080033\\../Screenshots/iPhone 6/hbi/Fixed Cash Benefit/20191217_082029/4.png]]

2019-12-17 08:21:00 - [TEST_STEP][PASSED] - (internal.GlobalVariable.i++): null

2019-12-17 08:21:00 - [MESSAGE][PASSED] - Call Test Case 'Test Cases/AHI/_include/get_screenshot' successfully

2019-12-17 08:21:00 - [TEST_STEP][PASSED] - click(findTestObject("mobileSanity/HBI/detail/a_Apply for This Plan")): Object: 'Object Repository/mobileSanity/HBI/detail/a_Apply for This Plan' is clicked on

2019-12-17 08:21:01 - [MESSAGE][PASSED] - Object: 'Object Repository/mobileSanity/HBI/detail/a_Apply for This Plan' is clicked on

2019-12-17 08:21:01 - [TEST_STEP][PASSED] - waitForPageLoad(20): Wait for page load successfully

2019-12-17 08:21:01 - [MESSAGE][PASSED] - Wait for page load successfully

2019-12-17 08:21:01 - [TEST_STEP][PASSED] - callTestCase(findTestCase("AHI/_include/get_screenshot"), [:], STOP_ON_FAILURE): Call Test Case 'Test Cases/AHI/_include/get_screenshot' successfully

2019-12-17 08:21:01 - [TEST_CASE][PASSED] - Test Cases/AHI/_include/get_screenshot: Test Cases/AHI/_include/get_screenshot

2019-12-17 08:21:01 - [TEST_STEP][PASSED] - takeScreenshot(screenPath + i + ".png"): Taking screenshot successfully

2019-12-17 08:21:02 - [MESSAGE][PASSED] - Taking screenshot successfully
[[ATTACHMENT|D:\\Test\\AgileTest\\Reports\\AHI\\hbi\\20191217_080033\\../Screenshots/iPhone 6/hbi/Fixed Cash Benefit/20191217_082029/5.png]]

2019-12-17 08:21:02 - [TEST_STEP][PASSED] - (internal.GlobalVariable.i++): null

2019-12-17 08:21:02 - [MESSAGE][PASSED] - Call Test Case 'Test Cases/AHI/_include/get_screenshot' successfully

2019-12-17 08:21:02 - [TEST_STEP][PASSED] - click(findTestObject("mobileSanity/HBI/Page_Apply/span_Start Secure Application")): Object: 'Object Repository/mobileSanity/HBI/Page_Apply/span_Start Secure Application' is clicked on

2019-12-17 08:21:02 - [MESSAGE][PASSED] - Object: 'Object Repository/mobileSanity/HBI/Page_Apply/span_Start Secure Application' is clicked on

2019-12-17 08:21:02 - [TEST_STEP][PASSED] - waitForPageLoad(20): Wait for page load successfully

2019-12-17 08:21:03 - [MESSAGE][PASSED] - Wait for page load successfully

2019-12-17 08:21:03 - [TEST_STEP][PASSED] - Thread.sleep(5000): null

2019-12-17 08:21:08 - [TEST_STEP][PASSED] - callTestCase(findTestCase("AHI/_include/get_screenshot"), [:], STOP_ON_FAILURE): Call Test Case 'Test Cases/AHI/_include/get_screenshot' successfully

2019-12-17 08:21:08 - [TEST_CASE][PASSED] - Test Cases/AHI/_include/get_screenshot: Test Cases/AHI/_include/get_screenshot

2019-12-17 08:21:08 - [TEST_STEP][PASSED] - takeScreenshot(screenPath + i + ".png"): Taking screenshot successfully

2019-12-17 08:21:08 - [MESSAGE][PASSED] - Taking screenshot successfully
[[ATTACHMENT|D:\\Test\\AgileTest\\Reports\\AHI\\hbi\\20191217_080033\\../Screenshots/iPhone 6/hbi/Fixed Cash Benefit/20191217_082029/6.png]]

2019-12-17 08:21:08 - [TEST_STEP][PASSED] - (internal.GlobalVariable.i++): null

2019-12-17 08:21:08 - [MESSAGE][PASSED] - Call Test Case 'Test Cases/AHI/_include/get_screenshot' successfully

2019-12-17 08:21:08 - [TEST_STEP][PASSED] - callTestCase(findTestCase("AHI/_include/goToEnd_hbi"), ["carrier":"FixedCashBenefit"], CONTINUE_ON_FAILURE): Call Test Case 'Test Cases/AHI/_include/goToEnd_hbi' successfully

2019-12-17 08:21:08 - [TEST_CASE][PASSED] - Test Cases/AHI/_include/goToEnd_hbi: Test Cases/AHI/_include/goToEnd_hbi

2019-12-17 08:21:08 - [TEST_STEP][PASSED] - if (state == "ca"): null

2019-12-17 08:21:08 - [TEST_STEP][PASSED] - callTestCase(findTestCase("AHI/_include/name"), [:], CONTINUE_ON_FAILURE): Call Test Case 'Test Cases/AHI/_include/name' successfully

2019-12-17 08:21:08 - [TEST_CASE][PASSED] - Test Cases/AHI/_include/name: Test Cases/AHI/_include/name

2019-12-17 08:21:08 - [TEST_STEP][PASSED] - driver = getWebDriver(): null

2019-12-17 08:21:08 - [TEST_STEP][PASSED] - selenium = new com.thoughtworks.selenium.webdriven.WebDriverBackedSelenium(driver, internal.GlobalVariable.ENV): null

2019-12-17 08:21:08 - [TEST_STEP][PASSED] - FirstName = "Test-123": null

2019-12-17 08:21:08 - [TEST_STEP][PASSED] - LastName = selenium.getEval("{var x="ABCDEFGHIJKLMNOPQRSTUVWXYZabcdefghijklmnopqrstuvwxyz"; var tmp="ZZ11-"; for (i=0;i<8;i++) tmp+=x.charAt(Math.ceil(51*Math.random()));tmp;}"): null

2019-12-17 08:21:08 - [TEST_STEP][PASSED] - Address = selenium.getEval("{var x="ABCDEFGHIJKLMNOPQRSTUVWXYZabcdefghijklmnopqrstuvwxyz"; var tmp=""; for (i=0;i<8;i++) tmp+=x.charAt(Math.ceil(51*Math.random()));tmp;}"): null

2019-12-17 08:21:08 - [TEST_STEP][PASSED] - City = selenium.getEval("{var x="ABCDEFGHIJKLMNOPQRSTUVWXYZabcdefghijklmnopqrstuvwxyz"; var tmp=""; for (i=0;i<8;i++) tmp+=x.charAt(Math.ceil(51*Math.random()));tmp;}"): null

2019-12-17 08:21:08 - [TEST_STEP][PASSED] - tel1 = selenium.getEval("{var x="123456789"; var tmp=""; for (i=0;i<3;i++) tmp+=x.charAt(Math.ceil(8*Math.random()));tmp;}"): null

2019-12-17 08:21:08 - [TEST_STEP][PASSED] - tel2 = selenium.getEval("{var x="123456789"; var tmp=""; for (i=0;i<3;i++) tmp+=x.charAt(Math.ceil(8*Math.random()));tmp;}"): null

2019-12-17 08:21:08 - [TEST_STEP][PASSED] - tel3 = selenium.getEval("{var x="123456789"; var tmp=""; for (i=0;i<4;i++) tmp+=x.charAt(Math.ceil(8*Math.random()));tmp;}"): null

2019-12-17 08:21:08 - [TEST_STEP][PASSED] - Tel = selenium.getExpression(tel1 + "-" + tel2 + "-" + tel3): null

2019-12-17 08:21:08 - [TEST_STEP][PASSED] - AutoEmail = selenium.getEval("{var x="ABCDEFGHIJKLMNOPQRSTUVWXYZabcdefghijklmnopqrstuvwxyz"; var tmp="test."; for (i=0;i<8;i++) tmp+=x.charAt(Math.ceil(51*Math.random()));tmp+="@suryani.cn";}"): null

2019-12-17 08:21:08 - [TEST_STEP][PASSED] - FirstName = FirstName: null

2019-12-17 08:21:08 - [TEST_STEP][PASSED] - LastName = LastName: null

2019-12-17 08:21:08 - [TEST_STEP][PASSED] - Address = Address: null

2019-12-17 08:21:08 - [TEST_STEP][PASSED] - City = City: null

2019-12-17 08:21:08 - [TEST_STEP][PASSED] - Tel = Tel: null

2019-12-17 08:21:08 - [TEST_STEP][PASSED] - AutoEmail = AutoEmail: null

2019-12-17 08:21:08 - [TEST_STEP][PASSED] - println(FirstName): null

2019-12-17 08:21:08 - [TEST_STEP][PASSED] - println(LastName): null

2019-12-17 08:21:08 - [TEST_STEP][PASSED] - println(Address): null

2019-12-17 08:21:08 - [TEST_STEP][PASSED] - println(City): null

2019-12-17 08:21:08 - [TEST_STEP][PASSED] - println(Tel): null

2019-12-17 08:21:08 - [TEST_STEP][PASSED] - println(AutoEmail): null

2019-12-17 08:21:08 - [MESSAGE][PASSED] - Call Test Case 'Test Cases/AHI/_include/name' successfully

2019-12-17 08:21:08 - [TEST_STEP][PASSED] - setText(findTestObject("mobileSanity/HBI/Page_App Page 1/input__member-P-1-firstName"), FirstName): Text 'Test-123' is set on object 'Object Repository/mobileSanity/HBI/Page_App Page 1/input__member-P-1-firstName'

2019-12-17 08:21:08 - [MESSAGE][PASSED] - Text 'Test-123' is set on object 'Object Repository/mobileSanity/HBI/Page_App Page 1/input__member-P-1-firstName'

2019-12-17 08:21:08 - [TEST_STEP][PASSED] - setText(findTestObject("mobileSanity/HBI/Page_App Page 1/input__member-P-1-lastName"), LastName): Text 'ZZ11-FEKjFoZb' is set on object 'Object Repository/mobileSanity/HBI/Page_App Page 1/input__member-P-1-lastName'

2019-12-17 08:21:09 - [MESSAGE][PASSED] - Text 'ZZ11-FEKjFoZb' is set on object 'Object Repository/mobileSanity/HBI/Page_App Page 1/input__member-P-1-lastName'

2019-12-17 08:21:09 - [TEST_STEP][PASSED] - if (carrier == "agileone" || carrier == "agilesecure"): null

2019-12-17 08:21:09 - [TEST_STEP][PASSED] - setText(findTestObject("mobileSanity/HBI/Page_App Page 1/input__address"), Address): Text 'XcIjptIM' is set on object 'Object Repository/mobileSanity/HBI/Page_App Page 1/input__address'

2019-12-17 08:21:09 - [MESSAGE][PASSED] - Text 'XcIjptIM' is set on object 'Object Repository/mobileSanity/HBI/Page_App Page 1/input__address'

2019-12-17 08:21:09 - [TEST_STEP][PASSED] - setText(findTestObject("mobileSanity/HBI/Page_App Page 1/input__city"), City): Text 'aBaMrLRo' is set on object 'Object Repository/mobileSanity/HBI/Page_App Page 1/input__city'

2019-12-17 08:21:09 - [MESSAGE][PASSED] - Text 'aBaMrLRo' is set on object 'Object Repository/mobileSanity/HBI/Page_App Page 1/input__city'

2019-12-17 08:21:09 - [TEST_STEP][PASSED] - setText(findTestObject("mobileSanity/HBI/Page_App Page 1/input__email"), AutoEmail): Text 'test.ImRlejFa@suryani.cn' is set on object 'Object Repository/mobileSanity/HBI/Page_App Page 1/input__email'

2019-12-17 08:21:09 - [MESSAGE][PASSED] - Text 'test.ImRlejFa@suryani.cn' is set on object 'Object Repository/mobileSanity/HBI/Page_App Page 1/input__email'

2019-12-17 08:21:09 - [TEST_STEP][PASSED] - setText(findTestObject("mobileSanity/HBI/Page_App Page 1/input_tel"), Tel): Text '744-985-4952' is set on object 'Object Repository/mobileSanity/HBI/Page_App Page 1/input_tel'

2019-12-17 08:21:09 - [MESSAGE][PASSED] - Text '744-985-4952' is set on object 'Object Repository/mobileSanity/HBI/Page_App Page 1/input_tel'

2019-12-17 08:21:09 - [TEST_STEP][PASSED] - Thread.sleep(5000): null

2019-12-17 08:21:14 - [TEST_STEP][PASSED] - click(findTestObject("mobileSanity/HBI/Page_App Page 1/a_Continue to Step 2 - Payment")): Object: 'Object Repository/mobileSanity/HBI/Page_App Page 1/a_Continue to Step 2 - Payment' is clicked on

2019-12-17 08:21:15 - [MESSAGE][PASSED] - Object: 'Object Repository/mobileSanity/HBI/Page_App Page 1/a_Continue to Step 2 - Payment' is clicked on

2019-12-17 08:21:15 - [TEST_STEP][PASSED] - waitForPageLoad(20): Wait for page load successfully

2019-12-17 08:21:15 - [MESSAGE][PASSED] - Wait for page load successfully

2019-12-17 08:21:15 - [TEST_STEP][PASSED] - Thread.sleep(2000): null

2019-12-17 08:21:17 - [TEST_STEP][PASSED] - waitForElementVisible(findTestObject("mobileSanity/HBI/Page_App Page 2/input__credit-card-first"), 20): Object 'Object Repository/mobileSanity/HBI/Page_App Page 2/input__credit-card-first' is visible

2019-12-17 08:21:17 - [MESSAGE][PASSED] - Object 'Object Repository/mobileSanity/HBI/Page_App Page 2/input__credit-card-first' is visible

2019-12-17 08:21:17 - [TEST_STEP][PASSED] - callTestCase(findTestCase("AHI/_include/get_screenshot"), [:], STOP_ON_FAILURE): Call Test Case 'Test Cases/AHI/_include/get_screenshot' successfully

2019-12-17 08:21:17 - [TEST_CASE][PASSED] - Test Cases/AHI/_include/get_screenshot: Test Cases/AHI/_include/get_screenshot

2019-12-17 08:21:17 - [TEST_STEP][PASSED] - takeScreenshot(screenPath + i + ".png"): Taking screenshot successfully

2019-12-17 08:21:17 - [MESSAGE][PASSED] - Taking screenshot successfully
[[ATTACHMENT|D:\\Test\\AgileTest\\Reports\\AHI\\hbi\\20191217_080033\\../Screenshots/iPhone 6/hbi/Fixed Cash Benefit/20191217_082029/7.png]]

2019-12-17 08:21:17 - [TEST_STEP][PASSED] - (internal.GlobalVariable.i++): null

2019-12-17 08:21:17 - [MESSAGE][PASSED] - Call Test Case 'Test Cases/AHI/_include/get_screenshot' successfully

2019-12-17 08:21:17 - [TEST_STEP][PASSED] - setText(findTestObject("mobileSanity/HBI/Page_App Page 2/input__credit-card-first"), FirstName): Text 'Test-123' is set on object 'Object Repository/mobileSanity/HBI/Page_App Page 2/input__credit-card-first'

2019-12-17 08:21:17 - [MESSAGE][PASSED] - Text 'Test-123' is set on object 'Object Repository/mobileSanity/HBI/Page_App Page 2/input__credit-card-first'

2019-12-17 08:21:17 - [TEST_STEP][PASSED] - setText(findTestObject("mobileSanity/HBI/Page_App Page 2/input__credit-card-last"), LastName): Text 'ZZ11-FEKjFoZb' is set on object 'Object Repository/mobileSanity/HBI/Page_App Page 2/input__credit-card-last'

2019-12-17 08:21:17 - [MESSAGE][PASSED] - Text 'ZZ11-FEKjFoZb' is set on object 'Object Repository/mobileSanity/HBI/Page_App Page 2/input__credit-card-last'

2019-12-17 08:21:17 - [TEST_STEP][PASSED] - selectOptionByValue(findTestObject("mobileSanity/HBI/Page_App Page 2/select_MM010203040506070809101"), "12", true): All options with value '12' are selected in object 'Object Repository/mobileSanity/HBI/Page_App Page 2/select_MM010203040506070809101'  using regular expression

2019-12-17 08:21:18 - [MESSAGE][PASSED] - All options with value '12' are selected in object 'Object Repository/mobileSanity/HBI/Page_App Page 2/select_MM010203040506070809101'  using regular expression

2019-12-17 08:21:18 - [TEST_STEP][PASSED] - selectOptionByValue(findTestObject("mobileSanity/HBI/Page_App Page 2/select_YYYY2019202020212022202"), "2026", true): All options with value '2026' are selected in object 'Object Repository/mobileSanity/HBI/Page_App Page 2/select_YYYY2019202020212022202'  using regular expression

2019-12-17 08:21:18 - [MESSAGE][PASSED] - All options with value '2026' are selected in object 'Object Repository/mobileSanity/HBI/Page_App Page 2/select_YYYY2019202020212022202'  using regular expression

2019-12-17 08:21:18 - [TEST_STEP][PASSED] - setText(findTestObject("mobileSanity/HBI/Page_App Page 2/input__credit-card-number"), "4111111111111111"): Text '4111111111111111' is set on object 'Object Repository/mobileSanity/HBI/Page_App Page 2/input__credit-card-number'

2019-12-17 08:21:18 - [MESSAGE][PASSED] - Text '4111111111111111' is set on object 'Object Repository/mobileSanity/HBI/Page_App Page 2/input__credit-card-number'

2019-12-17 08:21:18 - [TEST_STEP][PASSED] - setText(findTestObject("mobileSanity/HBI/Page_App Page 2/input__cvv"), "123"): Text '123' is set on object 'Object Repository/mobileSanity/HBI/Page_App Page 2/input__cvv'

2019-12-17 08:21:18 - [MESSAGE][PASSED] - Text '123' is set on object 'Object Repository/mobileSanity/HBI/Page_App Page 2/input__cvv'

2019-12-17 08:21:18 - [TEST_STEP][PASSED] - click(findTestObject("mobileSanity/HBI/Page_App Page 2/label_My billing address is th")): Object: 'Object Repository/mobileSanity/HBI/Page_App Page 2/label_My billing address is th' is clicked on

2019-12-17 08:21:18 - [MESSAGE][PASSED] - Object: 'Object Repository/mobileSanity/HBI/Page_App Page 2/label_My billing address is th' is clicked on

2019-12-17 08:21:18 - [TEST_STEP][PASSED] - click(findTestObject("mobileSanity/HBI/Page_App Page 2/label_I Accept Authorization f")): Object: 'Object Repository/mobileSanity/HBI/Page_App Page 2/label_I Accept Authorization f' is clicked on

2019-12-17 08:21:19 - [MESSAGE][PASSED] - Object: 'Object Repository/mobileSanity/HBI/Page_App Page 2/label_I Accept Authorization f' is clicked on

2019-12-17 08:21:19 - [TEST_STEP][PASSED] - click(findTestObject("mobileSanity/HBI/Page_App Page 2/a_Continue to Step 3 - Review")): Object: 'Object Repository/mobileSanity/HBI/Page_App Page 2/a_Continue to Step 3 - Review' is clicked on

2019-12-17 08:21:19 - [MESSAGE][PASSED] - Object: 'Object Repository/mobileSanity/HBI/Page_App Page 2/a_Continue to Step 3 - Review' is clicked on

2019-12-17 08:21:19 - [TEST_STEP][PASSED] - waitForPageLoad(20): Wait for page load successfully

2019-12-17 08:21:19 - [MESSAGE][PASSED] - Wait for page load successfully

2019-12-17 08:21:19 - [TEST_STEP][PASSED] - Thread.sleep(10000): null

2019-12-17 08:21:29 - [TEST_STEP][PASSED] - waitForElementPresent(findTestObject("mobileSanity/HBI/Page_App Page 3/label"), 20): Object 'Object Repository/mobileSanity/HBI/Page_App Page 3/label' is present

2019-12-17 08:21:29 - [MESSAGE][PASSED] - Object 'Object Repository/mobileSanity/HBI/Page_App Page 3/label' is present

2019-12-17 08:21:29 - [TEST_STEP][PASSED] - callTestCase(findTestCase("AHI/_include/get_screenshot"), [:], STOP_ON_FAILURE): Call Test Case 'Test Cases/AHI/_include/get_screenshot' successfully

2019-12-17 08:21:29 - [TEST_CASE][PASSED] - Test Cases/AHI/_include/get_screenshot: Test Cases/AHI/_include/get_screenshot

2019-12-17 08:21:29 - [TEST_STEP][PASSED] - takeScreenshot(screenPath + i + ".png"): Taking screenshot successfully

2019-12-17 08:21:29 - [MESSAGE][PASSED] - Taking screenshot successfully
[[ATTACHMENT|D:\\Test\\AgileTest\\Reports\\AHI\\hbi\\20191217_080033\\../Screenshots/iPhone 6/hbi/Fixed Cash Benefit/20191217_082029/8.png]]

2019-12-17 08:21:29 - [TEST_STEP][PASSED] - (internal.GlobalVariable.i++): null

2019-12-17 08:21:29 - [MESSAGE][PASSED] - Call Test Case 'Test Cases/AHI/_include/get_screenshot' successfully

2019-12-17 08:21:29 - [TEST_STEP][PASSED] - click(findTestObject("mobileSanity/HBI/Page_App Page 3/label")): Object: 'Object Repository/mobileSanity/HBI/Page_App Page 3/label' is clicked on

2019-12-17 08:21:30 - [MESSAGE][PASSED] - Object: 'Object Repository/mobileSanity/HBI/Page_App Page 3/label' is clicked on

2019-12-17 08:21:30 - [TEST_STEP][PASSED] - click(findTestObject("mobileSanity/HBI/Page_App Page 3/p_CLICK TO SIGN")): Object: 'Object Repository/mobileSanity/HBI/Page_App Page 3/p_CLICK TO SIGN' is clicked on

2019-12-17 08:21:30 - [MESSAGE][PASSED] - Object: 'Object Repository/mobileSanity/HBI/Page_App Page 3/p_CLICK TO SIGN' is clicked on

2019-12-17 08:21:30 - [TEST_STEP][PASSED] - click(findTestObject("mobileSanity/HBI/Page_App Page 3/a_Submit Your Application")): Object: 'Object Repository/mobileSanity/HBI/Page_App Page 3/a_Submit Your Application' is clicked on

2019-12-17 08:21:30 - [MESSAGE][PASSED] - Object: 'Object Repository/mobileSanity/HBI/Page_App Page 3/a_Submit Your Application' is clicked on

2019-12-17 08:21:30 - [TEST_STEP][PASSED] - Thread.sleep(30000): null

2019-12-17 08:22:00 - [TEST_STEP][PASSED] - callTestCase(findTestCase("AHI/_include/get_screenshot"), [:], STOP_ON_FAILURE): Call Test Case 'Test Cases/AHI/_include/get_screenshot' successfully

2019-12-17 08:22:00 - [TEST_CASE][PASSED] - Test Cases/AHI/_include/get_screenshot: Test Cases/AHI/_include/get_screenshot

2019-12-17 08:22:00 - [TEST_STEP][PASSED] - takeScreenshot(screenPath + i + ".png"): Taking screenshot successfully

2019-12-17 08:22:00 - [MESSAGE][PASSED] - Taking screenshot successfully
[[ATTACHMENT|D:\\Test\\AgileTest\\Reports\\AHI\\hbi\\20191217_080033\\../Screenshots/iPhone 6/hbi/Fixed Cash Benefit/20191217_082029/9.png]]

2019-12-17 08:22:00 - [TEST_STEP][PASSED] - (internal.GlobalVariable.i++): null

2019-12-17 08:22:00 - [MESSAGE][PASSED] - Call Test Case 'Test Cases/AHI/_include/get_screenshot' successfully

2019-12-17 08:22:00 - [TEST_STEP][PASSED] - verifyTextPresent("Congratulations", false): Text 'Congratulations' is present on page 

2019-12-17 08:22:00 - [MESSAGE][PASSED] - Text 'Congratulations' is present on page 

2019-12-17 08:22:00 - [MESSAGE][PASSED] - Call Test Case 'Test Cases/AHI/_include/goToEnd_hbi' successfully]]></system-out>
         <system-err><![CDATA[]]></system-err>
      </testcase>
      <testcase name="Test Cases/AHI/HBI/Health Choice" classname="Test Cases/AHI/HBI/Health Choice" status="PASSED">
         <system-out><![CDATA[2019-12-17 08:22:00 - [TEST_CASE][PASSED] - Test Cases/AHI/HBI/Health Choice: Test Cases/AHI/HBI/Health Choice

2019-12-17 08:22:00 - [TEST_STEP][PASSED] - callTestCase(findTestCase("AHI/_include/get_screenPath"), ["productLine":"hbi", "carrierName":"Health Choice"], CONTINUE_ON_FAILURE): Call Test Case 'Test Cases/AHI/_include/get_screenPath' successfully

2019-12-17 08:22:01 - [TEST_CASE][PASSED] - Test Cases/AHI/_include/get_screenPath: Test Cases/AHI/_include/get_screenPath

2019-12-17 08:22:01 - [TEST_STEP][PASSED] - m = getExecutionProperties(): null

2019-12-17 08:22:01 - [TEST_STEP][PASSED] - deviceName = get("mobileEmulation").get("deviceName"): null

2019-12-17 08:22:01 - [TEST_STEP][PASSED] - println(deviceName): null

2019-12-17 08:22:01 - [TEST_STEP][PASSED] - now = new java.util.Date(): null

2019-12-17 08:22:01 - [TEST_STEP][PASSED] - mydate = now.format("yyyyMMdd_HHmmss"): null

2019-12-17 08:22:01 - [TEST_STEP][PASSED] - screenPath = "../Screenshots/": null

2019-12-17 08:22:01 - [TEST_STEP][PASSED] - screenPath = screenPath + deviceName + "/" + productLine + "/" + carrierName + "/" + mydate + "/": null

2019-12-17 08:22:01 - [TEST_STEP][PASSED] - println(screenPath): null

2019-12-17 08:22:01 - [MESSAGE][PASSED] - Call Test Case 'Test Cases/AHI/_include/get_screenPath' successfully

2019-12-17 08:22:01 - [TEST_STEP][PASSED] - i = 0: null

2019-12-17 08:22:01 - [TEST_STEP][PASSED] - callTestCase(findTestCase("AHI/_include/openWebSite"), [:], CONTINUE_ON_FAILURE): Call Test Case 'Test Cases/AHI/_include/openWebSite' successfully

2019-12-17 08:22:01 - [TEST_CASE][PASSED] - Test Cases/AHI/_include/openWebSite: Test Cases/AHI/_include/openWebSite

2019-12-17 08:22:01 - [TEST_STEP][PASSED] - openBrowser(env): Browser is opened with url: 'https://praetemptatus.agilehealthinsurance.com'

2019-12-17 08:22:01 - [MESSAGE][WARNING] - A browser is already opened. Closing browser and opening a new one

2019-12-17 08:22:02 - [MESSAGE][INFO] - Starting 'Chrome' driver

2019-12-17 08:22:02 - [MESSAGE][INFO] - User set preference: ['mobileEmulation', '{deviceName=iPhone 6}']

2019-12-17 08:22:02 - [MESSAGE][INFO] - User set preference: ['args', '[--incognito, --aggressive-cache-discard, --window-size=375,677, --no-sandbox]']

2019-12-17 08:22:04 - [MESSAGE][PASSED] - Browser is opened with url: 'https://praetemptatus.agilehealthinsurance.com'

2019-12-17 08:22:04 - [TEST_STEP][PASSED] - waitForPageLoad(20): Wait for page load successfully

2019-12-17 08:22:04 - [MESSAGE][PASSED] - Wait for page load successfully

2019-12-17 08:22:04 - [TEST_STEP][PASSED] - callTestCase(findTestCase("AHI/_include/get_screenshot"), [:], STOP_ON_FAILURE): Call Test Case 'Test Cases/AHI/_include/get_screenshot' successfully

2019-12-17 08:22:04 - [TEST_CASE][PASSED] - Test Cases/AHI/_include/get_screenshot: Test Cases/AHI/_include/get_screenshot

2019-12-17 08:22:04 - [TEST_STEP][PASSED] - takeScreenshot(screenPath + i + ".png"): Taking screenshot successfully

2019-12-17 08:22:06 - [MESSAGE][PASSED] - Taking screenshot successfully
[[ATTACHMENT|D:\\Test\\AgileTest\\Reports\\AHI\\hbi\\20191217_080033\\../Screenshots/iPhone 6/hbi/Health Choice/20191217_082201/0.png]]

2019-12-17 08:22:06 - [TEST_STEP][PASSED] - (internal.GlobalVariable.i++): null

2019-12-17 08:22:06 - [MESSAGE][PASSED] - Call Test Case 'Test Cases/AHI/_include/get_screenshot' successfully

2019-12-17 08:22:06 - [MESSAGE][PASSED] - Call Test Case 'Test Cases/AHI/_include/openWebSite' successfully

2019-12-17 08:22:06 - [TEST_STEP][PASSED] - callTestCase(findTestCase("AHI/_include/census_hbi"), [:], CONTINUE_ON_FAILURE): Call Test Case 'Test Cases/AHI/_include/census_hbi' successfully

2019-12-17 08:22:06 - [TEST_CASE][PASSED] - Test Cases/AHI/_include/census_hbi: Test Cases/AHI/_include/census_hbi

2019-12-17 08:22:06 - [TEST_STEP][PASSED] - click(findTestObject("mobileSanity/Common/side_nav/menu")): Object: 'Object Repository/mobileSanity/Common/side_nav/menu' is clicked on

2019-12-17 08:22:06 - [MESSAGE][PASSED] - Object: 'Object Repository/mobileSanity/Common/side_nav/menu' is clicked on

2019-12-17 08:22:06 - [TEST_STEP][PASSED] - Thread.sleep(3000): null

2019-12-17 08:22:09 - [TEST_STEP][PASSED] - callTestCase(findTestCase("AHI/_include/get_screenshot"), [:], STOP_ON_FAILURE): Call Test Case 'Test Cases/AHI/_include/get_screenshot' successfully

2019-12-17 08:22:09 - [TEST_CASE][PASSED] - Test Cases/AHI/_include/get_screenshot: Test Cases/AHI/_include/get_screenshot

2019-12-17 08:22:09 - [TEST_STEP][PASSED] - takeScreenshot(screenPath + i + ".png"): Taking screenshot successfully

2019-12-17 08:22:09 - [MESSAGE][PASSED] - Taking screenshot successfully
[[ATTACHMENT|D:\\Test\\AgileTest\\Reports\\AHI\\hbi\\20191217_080033\\../Screenshots/iPhone 6/hbi/Health Choice/20191217_082201/1.png]]

2019-12-17 08:22:09 - [TEST_STEP][PASSED] - (internal.GlobalVariable.i++): null

2019-12-17 08:22:09 - [MESSAGE][PASSED] - Call Test Case 'Test Cases/AHI/_include/get_screenshot' successfully

2019-12-17 08:22:09 - [TEST_STEP][PASSED] - click(findTestObject("mobileSanity/Common/side_nav/nav_hbi")): Object: 'Object Repository/mobileSanity/Common/side_nav/nav_hbi' is clicked on

2019-12-17 08:22:10 - [MESSAGE][PASSED] - Object: 'Object Repository/mobileSanity/Common/side_nav/nav_hbi' is clicked on

2019-12-17 08:22:10 - [TEST_STEP][PASSED] - waitForPageLoad(10): Wait for page load successfully

2019-12-17 08:22:11 - [MESSAGE][PASSED] - Wait for page load successfully

2019-12-17 08:22:11 - [TEST_STEP][PASSED] - Thread.sleep(3000): null

2019-12-17 08:22:14 - [TEST_STEP][PASSED] - callTestCase(findTestCase("AHI/_include/get_screenshot"), [:], STOP_ON_FAILURE): Call Test Case 'Test Cases/AHI/_include/get_screenshot' successfully

2019-12-17 08:22:14 - [TEST_CASE][PASSED] - Test Cases/AHI/_include/get_screenshot: Test Cases/AHI/_include/get_screenshot

2019-12-17 08:22:14 - [TEST_STEP][PASSED] - takeScreenshot(screenPath + i + ".png"): Taking screenshot successfully

2019-12-17 08:22:14 - [MESSAGE][PASSED] - Taking screenshot successfully
[[ATTACHMENT|D:\\Test\\AgileTest\\Reports\\AHI\\hbi\\20191217_080033\\../Screenshots/iPhone 6/hbi/Health Choice/20191217_082201/2.png]]

2019-12-17 08:22:14 - [TEST_STEP][PASSED] - (internal.GlobalVariable.i++): null

2019-12-17 08:22:14 - [MESSAGE][PASSED] - Call Test Case 'Test Cases/AHI/_include/get_screenshot' successfully

2019-12-17 08:22:14 - [TEST_STEP][PASSED] - setText(findTestObject("mobileSanity/HBI/census/input_Location_zip-input"), zipcode): Text '35215' is set on object 'Object Repository/mobileSanity/HBI/census/input_Location_zip-input'

2019-12-17 08:22:14 - [MESSAGE][PASSED] - Text '35215' is set on object 'Object Repository/mobileSanity/HBI/census/input_Location_zip-input'

2019-12-17 08:22:14 - [TEST_STEP][PASSED] - Thread.sleep(500): null

2019-12-17 08:22:15 - [TEST_STEP][PASSED] - setText(findTestObject("mobileSanity/HBI/census/input_Date of Birth_dob-0"), "12121980"): Text '12121980' is set on object 'Object Repository/mobileSanity/HBI/census/input_Date of Birth_dob-0'

2019-12-17 08:22:15 - [MESSAGE][PASSED] - Text '12121980' is set on object 'Object Repository/mobileSanity/HBI/census/input_Date of Birth_dob-0'

2019-12-17 08:22:15 - [TEST_STEP][PASSED] - click(findTestObject("mobileSanity/HBI/census/label_Male")): Object: 'Object Repository/mobileSanity/HBI/census/label_Male' is clicked on

2019-12-17 08:22:15 - [MESSAGE][PASSED] - Object: 'Object Repository/mobileSanity/HBI/census/label_Male' is clicked on

2019-12-17 08:22:15 - [TEST_STEP][PASSED] - click(findTestObject("mobileSanity/HBI/census/label_Get a Quote")): Object: 'Object Repository/mobileSanity/HBI/census/label_Get a Quote' is clicked on

2019-12-17 08:22:16 - [MESSAGE][PASSED] - Object: 'Object Repository/mobileSanity/HBI/census/label_Get a Quote' is clicked on

2019-12-17 08:22:16 - [TEST_STEP][PASSED] - waitForPageLoad(20): Wait for page load successfully

2019-12-17 08:22:16 - [MESSAGE][PASSED] - Wait for page load successfully

2019-12-17 08:22:16 - [TEST_STEP][PASSED] - Thread.sleep(3000): null

2019-12-17 08:22:19 - [TEST_STEP][PASSED] - callTestCase(findTestCase("AHI/_include/check_quoteleadform"), [:], STOP_ON_FAILURE): Call Test Case 'Test Cases/AHI/_include/check_quoteleadform' successfully

2019-12-17 08:22:19 - [TEST_CASE][PASSED] - Test Cases/AHI/_include/check_quoteleadform: Test Cases/AHI/_include/check_quoteleadform

2019-12-17 08:22:19 - [TEST_STEP][PASSED] - callTestCase(findTestCase("AHI/_include/name"), [:], CONTINUE_ON_FAILURE): Call Test Case 'Test Cases/AHI/_include/name' successfully

2019-12-17 08:22:19 - [TEST_CASE][PASSED] - Test Cases/AHI/_include/name: Test Cases/AHI/_include/name

2019-12-17 08:22:19 - [TEST_STEP][PASSED] - driver = getWebDriver(): null

2019-12-17 08:22:19 - [TEST_STEP][PASSED] - selenium = new com.thoughtworks.selenium.webdriven.WebDriverBackedSelenium(driver, internal.GlobalVariable.ENV): null

2019-12-17 08:22:19 - [TEST_STEP][PASSED] - FirstName = "Test-123": null

2019-12-17 08:22:19 - [TEST_STEP][PASSED] - LastName = selenium.getEval("{var x="ABCDEFGHIJKLMNOPQRSTUVWXYZabcdefghijklmnopqrstuvwxyz"; var tmp="ZZ11-"; for (i=0;i<8;i++) tmp+=x.charAt(Math.ceil(51*Math.random()));tmp;}"): null

2019-12-17 08:22:19 - [TEST_STEP][PASSED] - Address = selenium.getEval("{var x="ABCDEFGHIJKLMNOPQRSTUVWXYZabcdefghijklmnopqrstuvwxyz"; var tmp=""; for (i=0;i<8;i++) tmp+=x.charAt(Math.ceil(51*Math.random()));tmp;}"): null

2019-12-17 08:22:19 - [TEST_STEP][PASSED] - City = selenium.getEval("{var x="ABCDEFGHIJKLMNOPQRSTUVWXYZabcdefghijklmnopqrstuvwxyz"; var tmp=""; for (i=0;i<8;i++) tmp+=x.charAt(Math.ceil(51*Math.random()));tmp;}"): null

2019-12-17 08:22:19 - [TEST_STEP][PASSED] - tel1 = selenium.getEval("{var x="123456789"; var tmp=""; for (i=0;i<3;i++) tmp+=x.charAt(Math.ceil(8*Math.random()));tmp;}"): null

2019-12-17 08:22:19 - [TEST_STEP][PASSED] - tel2 = selenium.getEval("{var x="123456789"; var tmp=""; for (i=0;i<3;i++) tmp+=x.charAt(Math.ceil(8*Math.random()));tmp;}"): null

2019-12-17 08:22:19 - [TEST_STEP][PASSED] - tel3 = selenium.getEval("{var x="123456789"; var tmp=""; for (i=0;i<4;i++) tmp+=x.charAt(Math.ceil(8*Math.random()));tmp;}"): null

2019-12-17 08:22:19 - [TEST_STEP][PASSED] - Tel = selenium.getExpression(tel1 + "-" + tel2 + "-" + tel3): null

2019-12-17 08:22:19 - [TEST_STEP][PASSED] - AutoEmail = selenium.getEval("{var x="ABCDEFGHIJKLMNOPQRSTUVWXYZabcdefghijklmnopqrstuvwxyz"; var tmp="test."; for (i=0;i<8;i++) tmp+=x.charAt(Math.ceil(51*Math.random()));tmp+="@suryani.cn";}"): null

2019-12-17 08:22:19 - [TEST_STEP][PASSED] - FirstName = FirstName: null

2019-12-17 08:22:19 - [TEST_STEP][PASSED] - LastName = LastName: null

2019-12-17 08:22:19 - [TEST_STEP][PASSED] - Address = Address: null

2019-12-17 08:22:19 - [TEST_STEP][PASSED] - City = City: null

2019-12-17 08:22:19 - [TEST_STEP][PASSED] - Tel = Tel: null

2019-12-17 08:22:19 - [TEST_STEP][PASSED] - AutoEmail = AutoEmail: null

2019-12-17 08:22:19 - [TEST_STEP][PASSED] - println(FirstName): null

2019-12-17 08:22:19 - [TEST_STEP][PASSED] - println(LastName): null

2019-12-17 08:22:19 - [TEST_STEP][PASSED] - println(Address): null

2019-12-17 08:22:19 - [TEST_STEP][PASSED] - println(City): null

2019-12-17 08:22:19 - [TEST_STEP][PASSED] - println(Tel): null

2019-12-17 08:22:19 - [TEST_STEP][PASSED] - println(AutoEmail): null

2019-12-17 08:22:19 - [MESSAGE][PASSED] - Call Test Case 'Test Cases/AHI/_include/name' successfully

2019-12-17 08:22:19 - [TEST_STEP][PASSED] - leadform_exist = test.MobileKeywords.isElementPresent_Web(findTestObject("mobileSanity/quote lead form/lead_form"), 20): test.MobileKeywords.isElementPresent_Web is PASSED

2019-12-17 08:22:19 - [MESSAGE][PASSED] - test.MobileKeywords.isElementPresent_Web is PASSED

2019-12-17 08:22:19 - [TEST_STEP][PASSED] - if (leadform_exist): null

2019-12-17 08:22:19 - [TEST_STEP][PASSED] - setText(findTestObject("mobileSanity/quote lead form/first"), FirstName): Text 'Test-123' is set on object 'Object Repository/mobileSanity/quote lead form/first'

2019-12-17 08:22:20 - [MESSAGE][PASSED] - Text 'Test-123' is set on object 'Object Repository/mobileSanity/quote lead form/first'

2019-12-17 08:22:20 - [TEST_STEP][PASSED] - setText(findTestObject("mobileSanity/quote lead form/last"), LastName): Text 'ZZ11-ULvEZHVg' is set on object 'Object Repository/mobileSanity/quote lead form/last'

2019-12-17 08:22:20 - [MESSAGE][PASSED] - Text 'ZZ11-ULvEZHVg' is set on object 'Object Repository/mobileSanity/quote lead form/last'

2019-12-17 08:22:20 - [TEST_STEP][PASSED] - setText(findTestObject("mobileSanity/quote lead form/email"), AutoEmail): Text 'test.zaubzNGl@suryani.cn' is set on object 'Object Repository/mobileSanity/quote lead form/email'

2019-12-17 08:22:20 - [MESSAGE][PASSED] - Text 'test.zaubzNGl@suryani.cn' is set on object 'Object Repository/mobileSanity/quote lead form/email'

2019-12-17 08:22:20 - [TEST_STEP][PASSED] - setText(findTestObject("mobileSanity/quote lead form/phone"), Tel): Text '867-858-3482' is set on object 'Object Repository/mobileSanity/quote lead form/phone'

2019-12-17 08:22:20 - [MESSAGE][PASSED] - Text '867-858-3482' is set on object 'Object Repository/mobileSanity/quote lead form/phone'

2019-12-17 08:22:20 - [TEST_STEP][PASSED] - click(findTestObject("mobileSanity/quote lead form/submit")): Object: 'Object Repository/mobileSanity/quote lead form/submit' is clicked on

2019-12-17 08:22:20 - [MESSAGE][PASSED] - Object: 'Object Repository/mobileSanity/quote lead form/submit' is clicked on

2019-12-17 08:22:20 - [TEST_STEP][PASSED] - Thread.sleep(3000): null

2019-12-17 08:22:23 - [MESSAGE][PASSED] - Call Test Case 'Test Cases/AHI/_include/check_quoteleadform' successfully

2019-12-17 08:22:23 - [TEST_STEP][PASSED] - callTestCase(findTestCase("AHI/_include/get_screenshot"), [:], STOP_ON_FAILURE): Call Test Case 'Test Cases/AHI/_include/get_screenshot' successfully

2019-12-17 08:22:23 - [TEST_CASE][PASSED] - Test Cases/AHI/_include/get_screenshot: Test Cases/AHI/_include/get_screenshot

2019-12-17 08:22:23 - [TEST_STEP][PASSED] - takeScreenshot(screenPath + i + ".png"): Taking screenshot successfully

2019-12-17 08:22:24 - [MESSAGE][PASSED] - Taking screenshot successfully
[[ATTACHMENT|D:\\Test\\AgileTest\\Reports\\AHI\\hbi\\20191217_080033\\../Screenshots/iPhone 6/hbi/Health Choice/20191217_082201/3.png]]

2019-12-17 08:22:24 - [TEST_STEP][PASSED] - (internal.GlobalVariable.i++): null

2019-12-17 08:22:24 - [MESSAGE][PASSED] - Call Test Case 'Test Cases/AHI/_include/get_screenshot' successfully

2019-12-17 08:22:24 - [MESSAGE][PASSED] - Call Test Case 'Test Cases/AHI/_include/census_hbi' successfully

2019-12-17 08:22:24 - [TEST_STEP][PASSED] - Thread.sleep(5000): null

2019-12-17 08:22:29 - [TEST_STEP][PASSED] - scrollToPosition(200, 2300): Browser is scrolled to position x = 200, y = 2300

2019-12-17 08:22:29 - [MESSAGE][PASSED] - Browser is scrolled to position x = 200, y = 2300

2019-12-17 08:22:29 - [TEST_STEP][PASSED] - click(findTestObject("mobileSanity/HBI/quote/a_Health Choice")): Object: 'Object Repository/mobileSanity/HBI/quote/a_Health Choice' is clicked on

2019-12-17 08:22:29 - [MESSAGE][PASSED] - Object: 'Object Repository/mobileSanity/HBI/quote/a_Health Choice' is clicked on

2019-12-17 08:22:29 - [TEST_STEP][PASSED] - waitForPageLoad(20): Wait for page load successfully

2019-12-17 08:22:30 - [MESSAGE][PASSED] - Wait for page load successfully

2019-12-17 08:22:30 - [TEST_STEP][PASSED] - callTestCase(findTestCase("AHI/_include/get_screenshot"), [:], STOP_ON_FAILURE): Call Test Case 'Test Cases/AHI/_include/get_screenshot' successfully

2019-12-17 08:22:30 - [TEST_CASE][PASSED] - Test Cases/AHI/_include/get_screenshot: Test Cases/AHI/_include/get_screenshot

2019-12-17 08:22:30 - [TEST_STEP][PASSED] - takeScreenshot(screenPath + i + ".png"): Taking screenshot successfully

2019-12-17 08:22:30 - [MESSAGE][PASSED] - Taking screenshot successfully
[[ATTACHMENT|D:\\Test\\AgileTest\\Reports\\AHI\\hbi\\20191217_080033\\../Screenshots/iPhone 6/hbi/Health Choice/20191217_082201/4.png]]

2019-12-17 08:22:30 - [TEST_STEP][PASSED] - (internal.GlobalVariable.i++): null

2019-12-17 08:22:30 - [MESSAGE][PASSED] - Call Test Case 'Test Cases/AHI/_include/get_screenshot' successfully

2019-12-17 08:22:30 - [TEST_STEP][PASSED] - click(findTestObject("mobileSanity/HBI/detail/a_Apply for This Plan")): Object: 'Object Repository/mobileSanity/HBI/detail/a_Apply for This Plan' is clicked on

2019-12-17 08:22:31 - [MESSAGE][PASSED] - Object: 'Object Repository/mobileSanity/HBI/detail/a_Apply for This Plan' is clicked on

2019-12-17 08:22:31 - [TEST_STEP][PASSED] - waitForPageLoad(20): Wait for page load successfully

2019-12-17 08:22:31 - [MESSAGE][PASSED] - Wait for page load successfully

2019-12-17 08:22:31 - [TEST_STEP][PASSED] - callTestCase(findTestCase("AHI/_include/get_screenshot"), [:], STOP_ON_FAILURE): Call Test Case 'Test Cases/AHI/_include/get_screenshot' successfully

2019-12-17 08:22:31 - [TEST_CASE][PASSED] - Test Cases/AHI/_include/get_screenshot: Test Cases/AHI/_include/get_screenshot

2019-12-17 08:22:31 - [TEST_STEP][PASSED] - takeScreenshot(screenPath + i + ".png"): Taking screenshot successfully

2019-12-17 08:22:31 - [MESSAGE][PASSED] - Taking screenshot successfully
[[ATTACHMENT|D:\\Test\\AgileTest\\Reports\\AHI\\hbi\\20191217_080033\\../Screenshots/iPhone 6/hbi/Health Choice/20191217_082201/5.png]]

2019-12-17 08:22:31 - [TEST_STEP][PASSED] - (internal.GlobalVariable.i++): null

2019-12-17 08:22:31 - [MESSAGE][PASSED] - Call Test Case 'Test Cases/AHI/_include/get_screenshot' successfully

2019-12-17 08:22:31 - [TEST_STEP][PASSED] - click(findTestObject("mobileSanity/HBI/Page_Apply/span_Start Secure Application")): Object: 'Object Repository/mobileSanity/HBI/Page_Apply/span_Start Secure Application' is clicked on

2019-12-17 08:22:32 - [MESSAGE][PASSED] - Object: 'Object Repository/mobileSanity/HBI/Page_Apply/span_Start Secure Application' is clicked on

2019-12-17 08:22:32 - [TEST_STEP][PASSED] - waitForPageLoad(20): Wait for page load successfully

2019-12-17 08:22:32 - [MESSAGE][PASSED] - Wait for page load successfully

2019-12-17 08:22:32 - [TEST_STEP][PASSED] - Thread.sleep(5000): null

2019-12-17 08:22:37 - [TEST_STEP][PASSED] - callTestCase(findTestCase("AHI/_include/get_screenshot"), [:], STOP_ON_FAILURE): Call Test Case 'Test Cases/AHI/_include/get_screenshot' successfully

2019-12-17 08:22:37 - [TEST_CASE][PASSED] - Test Cases/AHI/_include/get_screenshot: Test Cases/AHI/_include/get_screenshot

2019-12-17 08:22:37 - [TEST_STEP][PASSED] - takeScreenshot(screenPath + i + ".png"): Taking screenshot successfully

2019-12-17 08:22:37 - [MESSAGE][PASSED] - Taking screenshot successfully
[[ATTACHMENT|D:\\Test\\AgileTest\\Reports\\AHI\\hbi\\20191217_080033\\../Screenshots/iPhone 6/hbi/Health Choice/20191217_082201/6.png]]

2019-12-17 08:22:37 - [TEST_STEP][PASSED] - (internal.GlobalVariable.i++): null

2019-12-17 08:22:37 - [MESSAGE][PASSED] - Call Test Case 'Test Cases/AHI/_include/get_screenshot' successfully

2019-12-17 08:22:37 - [TEST_STEP][PASSED] - callTestCase(findTestCase("AHI/_include/goToEnd_hbi"), ["carrier":"healthchoiceplus"], CONTINUE_ON_FAILURE): Call Test Case 'Test Cases/AHI/_include/goToEnd_hbi' successfully

2019-12-17 08:22:37 - [TEST_CASE][PASSED] - Test Cases/AHI/_include/goToEnd_hbi: Test Cases/AHI/_include/goToEnd_hbi

2019-12-17 08:22:37 - [TEST_STEP][PASSED] - if (state == "ca"): null

2019-12-17 08:22:37 - [TEST_STEP][PASSED] - callTestCase(findTestCase("AHI/_include/name"), [:], CONTINUE_ON_FAILURE): Call Test Case 'Test Cases/AHI/_include/name' successfully

2019-12-17 08:22:37 - [TEST_CASE][PASSED] - Test Cases/AHI/_include/name: Test Cases/AHI/_include/name

2019-12-17 08:22:37 - [TEST_STEP][PASSED] - driver = getWebDriver(): null

2019-12-17 08:22:37 - [TEST_STEP][PASSED] - selenium = new com.thoughtworks.selenium.webdriven.WebDriverBackedSelenium(driver, internal.GlobalVariable.ENV): null

2019-12-17 08:22:37 - [TEST_STEP][PASSED] - FirstName = "Test-123": null

2019-12-17 08:22:37 - [TEST_STEP][PASSED] - LastName = selenium.getEval("{var x="ABCDEFGHIJKLMNOPQRSTUVWXYZabcdefghijklmnopqrstuvwxyz"; var tmp="ZZ11-"; for (i=0;i<8;i++) tmp+=x.charAt(Math.ceil(51*Math.random()));tmp;}"): null

2019-12-17 08:22:37 - [TEST_STEP][PASSED] - Address = selenium.getEval("{var x="ABCDEFGHIJKLMNOPQRSTUVWXYZabcdefghijklmnopqrstuvwxyz"; var tmp=""; for (i=0;i<8;i++) tmp+=x.charAt(Math.ceil(51*Math.random()));tmp;}"): null

2019-12-17 08:22:37 - [TEST_STEP][PASSED] - City = selenium.getEval("{var x="ABCDEFGHIJKLMNOPQRSTUVWXYZabcdefghijklmnopqrstuvwxyz"; var tmp=""; for (i=0;i<8;i++) tmp+=x.charAt(Math.ceil(51*Math.random()));tmp;}"): null

2019-12-17 08:22:37 - [TEST_STEP][PASSED] - tel1 = selenium.getEval("{var x="123456789"; var tmp=""; for (i=0;i<3;i++) tmp+=x.charAt(Math.ceil(8*Math.random()));tmp;}"): null

2019-12-17 08:22:38 - [TEST_STEP][PASSED] - tel2 = selenium.getEval("{var x="123456789"; var tmp=""; for (i=0;i<3;i++) tmp+=x.charAt(Math.ceil(8*Math.random()));tmp;}"): null

2019-12-17 08:22:38 - [TEST_STEP][PASSED] - tel3 = selenium.getEval("{var x="123456789"; var tmp=""; for (i=0;i<4;i++) tmp+=x.charAt(Math.ceil(8*Math.random()));tmp;}"): null

2019-12-17 08:22:38 - [TEST_STEP][PASSED] - Tel = selenium.getExpression(tel1 + "-" + tel2 + "-" + tel3): null

2019-12-17 08:22:38 - [TEST_STEP][PASSED] - AutoEmail = selenium.getEval("{var x="ABCDEFGHIJKLMNOPQRSTUVWXYZabcdefghijklmnopqrstuvwxyz"; var tmp="test."; for (i=0;i<8;i++) tmp+=x.charAt(Math.ceil(51*Math.random()));tmp+="@suryani.cn";}"): null

2019-12-17 08:22:38 - [TEST_STEP][PASSED] - FirstName = FirstName: null

2019-12-17 08:22:38 - [TEST_STEP][PASSED] - LastName = LastName: null

2019-12-17 08:22:38 - [TEST_STEP][PASSED] - Address = Address: null

2019-12-17 08:22:38 - [TEST_STEP][PASSED] - City = City: null

2019-12-17 08:22:38 - [TEST_STEP][PASSED] - Tel = Tel: null

2019-12-17 08:22:38 - [TEST_STEP][PASSED] - AutoEmail = AutoEmail: null

2019-12-17 08:22:38 - [TEST_STEP][PASSED] - println(FirstName): null

2019-12-17 08:22:38 - [TEST_STEP][PASSED] - println(LastName): null

2019-12-17 08:22:38 - [TEST_STEP][PASSED] - println(Address): null

2019-12-17 08:22:38 - [TEST_STEP][PASSED] - println(City): null

2019-12-17 08:22:38 - [TEST_STEP][PASSED] - println(Tel): null

2019-12-17 08:22:38 - [TEST_STEP][PASSED] - println(AutoEmail): null

2019-12-17 08:22:38 - [MESSAGE][PASSED] - Call Test Case 'Test Cases/AHI/_include/name' successfully

2019-12-17 08:22:38 - [TEST_STEP][PASSED] - setText(findTestObject("mobileSanity/HBI/Page_App Page 1/input__member-P-1-firstName"), FirstName): Text 'Test-123' is set on object 'Object Repository/mobileSanity/HBI/Page_App Page 1/input__member-P-1-firstName'

2019-12-17 08:22:38 - [MESSAGE][PASSED] - Text 'Test-123' is set on object 'Object Repository/mobileSanity/HBI/Page_App Page 1/input__member-P-1-firstName'

2019-12-17 08:22:38 - [TEST_STEP][PASSED] - setText(findTestObject("mobileSanity/HBI/Page_App Page 1/input__member-P-1-lastName"), LastName): Text 'ZZ11-MptJWagj' is set on object 'Object Repository/mobileSanity/HBI/Page_App Page 1/input__member-P-1-lastName'

2019-12-17 08:22:38 - [MESSAGE][PASSED] - Text 'ZZ11-MptJWagj' is set on object 'Object Repository/mobileSanity/HBI/Page_App Page 1/input__member-P-1-lastName'

2019-12-17 08:22:38 - [TEST_STEP][PASSED] - if (carrier == "agileone" || carrier == "agilesecure"): null

2019-12-17 08:22:38 - [TEST_STEP][PASSED] - setText(findTestObject("mobileSanity/HBI/Page_App Page 1/input__address"), Address): Text 'mhjrmjVe' is set on object 'Object Repository/mobileSanity/HBI/Page_App Page 1/input__address'

2019-12-17 08:22:38 - [MESSAGE][PASSED] - Text 'mhjrmjVe' is set on object 'Object Repository/mobileSanity/HBI/Page_App Page 1/input__address'

2019-12-17 08:22:38 - [TEST_STEP][PASSED] - setText(findTestObject("mobileSanity/HBI/Page_App Page 1/input__city"), City): Text 'RqUaqrkC' is set on object 'Object Repository/mobileSanity/HBI/Page_App Page 1/input__city'

2019-12-17 08:22:38 - [MESSAGE][PASSED] - Text 'RqUaqrkC' is set on object 'Object Repository/mobileSanity/HBI/Page_App Page 1/input__city'

2019-12-17 08:22:38 - [TEST_STEP][PASSED] - setText(findTestObject("mobileSanity/HBI/Page_App Page 1/input__email"), AutoEmail): Text 'test.vpyQSkUa@suryani.cn' is set on object 'Object Repository/mobileSanity/HBI/Page_App Page 1/input__email'

2019-12-17 08:22:38 - [MESSAGE][PASSED] - Text 'test.vpyQSkUa@suryani.cn' is set on object 'Object Repository/mobileSanity/HBI/Page_App Page 1/input__email'

2019-12-17 08:22:38 - [TEST_STEP][PASSED] - setText(findTestObject("mobileSanity/HBI/Page_App Page 1/input_tel"), Tel): Text '559-974-6268' is set on object 'Object Repository/mobileSanity/HBI/Page_App Page 1/input_tel'

2019-12-17 08:22:38 - [MESSAGE][PASSED] - Text '559-974-6268' is set on object 'Object Repository/mobileSanity/HBI/Page_App Page 1/input_tel'

2019-12-17 08:22:38 - [TEST_STEP][PASSED] - Thread.sleep(5000): null

2019-12-17 08:22:43 - [TEST_STEP][PASSED] - click(findTestObject("mobileSanity/HBI/Page_App Page 1/a_Continue to Step 2 - Payment")): Object: 'Object Repository/mobileSanity/HBI/Page_App Page 1/a_Continue to Step 2 - Payment' is clicked on

2019-12-17 08:22:44 - [MESSAGE][PASSED] - Object: 'Object Repository/mobileSanity/HBI/Page_App Page 1/a_Continue to Step 2 - Payment' is clicked on

2019-12-17 08:22:44 - [TEST_STEP][PASSED] - waitForPageLoad(20): Wait for page load successfully

2019-12-17 08:22:44 - [MESSAGE][PASSED] - Wait for page load successfully

2019-12-17 08:22:44 - [TEST_STEP][PASSED] - Thread.sleep(2000): null

2019-12-17 08:22:46 - [TEST_STEP][PASSED] - waitForElementVisible(findTestObject("mobileSanity/HBI/Page_App Page 2/input__credit-card-first"), 20): Object 'Object Repository/mobileSanity/HBI/Page_App Page 2/input__credit-card-first' is visible

2019-12-17 08:22:46 - [MESSAGE][PASSED] - Object 'Object Repository/mobileSanity/HBI/Page_App Page 2/input__credit-card-first' is visible

2019-12-17 08:22:46 - [TEST_STEP][PASSED] - callTestCase(findTestCase("AHI/_include/get_screenshot"), [:], STOP_ON_FAILURE): Call Test Case 'Test Cases/AHI/_include/get_screenshot' successfully

2019-12-17 08:22:46 - [TEST_CASE][PASSED] - Test Cases/AHI/_include/get_screenshot: Test Cases/AHI/_include/get_screenshot

2019-12-17 08:22:46 - [TEST_STEP][PASSED] - takeScreenshot(screenPath + i + ".png"): Taking screenshot successfully

2019-12-17 08:22:46 - [MESSAGE][PASSED] - Taking screenshot successfully
[[ATTACHMENT|D:\\Test\\AgileTest\\Reports\\AHI\\hbi\\20191217_080033\\../Screenshots/iPhone 6/hbi/Health Choice/20191217_082201/7.png]]

2019-12-17 08:22:46 - [TEST_STEP][PASSED] - (internal.GlobalVariable.i++): null

2019-12-17 08:22:46 - [MESSAGE][PASSED] - Call Test Case 'Test Cases/AHI/_include/get_screenshot' successfully

2019-12-17 08:22:46 - [TEST_STEP][PASSED] - setText(findTestObject("mobileSanity/HBI/Page_App Page 2/input__credit-card-first"), FirstName): Text 'Test-123' is set on object 'Object Repository/mobileSanity/HBI/Page_App Page 2/input__credit-card-first'

2019-12-17 08:22:46 - [MESSAGE][PASSED] - Text 'Test-123' is set on object 'Object Repository/mobileSanity/HBI/Page_App Page 2/input__credit-card-first'

2019-12-17 08:22:46 - [TEST_STEP][PASSED] - setText(findTestObject("mobileSanity/HBI/Page_App Page 2/input__credit-card-last"), LastName): Text 'ZZ11-MptJWagj' is set on object 'Object Repository/mobileSanity/HBI/Page_App Page 2/input__credit-card-last'

2019-12-17 08:22:46 - [MESSAGE][PASSED] - Text 'ZZ11-MptJWagj' is set on object 'Object Repository/mobileSanity/HBI/Page_App Page 2/input__credit-card-last'

2019-12-17 08:22:46 - [TEST_STEP][PASSED] - selectOptionByValue(findTestObject("mobileSanity/HBI/Page_App Page 2/select_MM010203040506070809101"), "12", true): All options with value '12' are selected in object 'Object Repository/mobileSanity/HBI/Page_App Page 2/select_MM010203040506070809101'  using regular expression

2019-12-17 08:22:47 - [MESSAGE][PASSED] - All options with value '12' are selected in object 'Object Repository/mobileSanity/HBI/Page_App Page 2/select_MM010203040506070809101'  using regular expression

2019-12-17 08:22:47 - [TEST_STEP][PASSED] - selectOptionByValue(findTestObject("mobileSanity/HBI/Page_App Page 2/select_YYYY2019202020212022202"), "2026", true): All options with value '2026' are selected in object 'Object Repository/mobileSanity/HBI/Page_App Page 2/select_YYYY2019202020212022202'  using regular expression

2019-12-17 08:22:47 - [MESSAGE][PASSED] - All options with value '2026' are selected in object 'Object Repository/mobileSanity/HBI/Page_App Page 2/select_YYYY2019202020212022202'  using regular expression

2019-12-17 08:22:47 - [TEST_STEP][PASSED] - setText(findTestObject("mobileSanity/HBI/Page_App Page 2/input__credit-card-number"), "4111111111111111"): Text '4111111111111111' is set on object 'Object Repository/mobileSanity/HBI/Page_App Page 2/input__credit-card-number'

2019-12-17 08:22:47 - [MESSAGE][PASSED] - Text '4111111111111111' is set on object 'Object Repository/mobileSanity/HBI/Page_App Page 2/input__credit-card-number'

2019-12-17 08:22:47 - [TEST_STEP][PASSED] - setText(findTestObject("mobileSanity/HBI/Page_App Page 2/input__cvv"), "123"): Text '123' is set on object 'Object Repository/mobileSanity/HBI/Page_App Page 2/input__cvv'

2019-12-17 08:22:47 - [MESSAGE][PASSED] - Text '123' is set on object 'Object Repository/mobileSanity/HBI/Page_App Page 2/input__cvv'

2019-12-17 08:22:47 - [TEST_STEP][PASSED] - click(findTestObject("mobileSanity/HBI/Page_App Page 2/label_My billing address is th")): Object: 'Object Repository/mobileSanity/HBI/Page_App Page 2/label_My billing address is th' is clicked on

2019-12-17 08:22:47 - [MESSAGE][PASSED] - Object: 'Object Repository/mobileSanity/HBI/Page_App Page 2/label_My billing address is th' is clicked on

2019-12-17 08:22:47 - [TEST_STEP][PASSED] - click(findTestObject("mobileSanity/HBI/Page_App Page 2/label_I Accept Authorization f")): Object: 'Object Repository/mobileSanity/HBI/Page_App Page 2/label_I Accept Authorization f' is clicked on

2019-12-17 08:22:47 - [MESSAGE][PASSED] - Object: 'Object Repository/mobileSanity/HBI/Page_App Page 2/label_I Accept Authorization f' is clicked on

2019-12-17 08:22:47 - [TEST_STEP][PASSED] - click(findTestObject("mobileSanity/HBI/Page_App Page 2/a_Continue to Step 3 - Review")): Object: 'Object Repository/mobileSanity/HBI/Page_App Page 2/a_Continue to Step 3 - Review' is clicked on

2019-12-17 08:22:48 - [MESSAGE][PASSED] - Object: 'Object Repository/mobileSanity/HBI/Page_App Page 2/a_Continue to Step 3 - Review' is clicked on

2019-12-17 08:22:48 - [TEST_STEP][PASSED] - waitForPageLoad(20): Wait for page load successfully

2019-12-17 08:22:48 - [MESSAGE][PASSED] - Wait for page load successfully

2019-12-17 08:22:48 - [TEST_STEP][PASSED] - Thread.sleep(10000): null

2019-12-17 08:22:58 - [TEST_STEP][PASSED] - waitForElementPresent(findTestObject("mobileSanity/HBI/Page_App Page 3/label"), 20): Object 'Object Repository/mobileSanity/HBI/Page_App Page 3/label' is present

2019-12-17 08:22:58 - [MESSAGE][PASSED] - Object 'Object Repository/mobileSanity/HBI/Page_App Page 3/label' is present

2019-12-17 08:22:58 - [TEST_STEP][PASSED] - callTestCase(findTestCase("AHI/_include/get_screenshot"), [:], STOP_ON_FAILURE): Call Test Case 'Test Cases/AHI/_include/get_screenshot' successfully

2019-12-17 08:22:59 - [TEST_CASE][PASSED] - Test Cases/AHI/_include/get_screenshot: Test Cases/AHI/_include/get_screenshot

2019-12-17 08:22:59 - [TEST_STEP][PASSED] - takeScreenshot(screenPath + i + ".png"): Taking screenshot successfully

2019-12-17 08:22:59 - [MESSAGE][PASSED] - Taking screenshot successfully
[[ATTACHMENT|D:\\Test\\AgileTest\\Reports\\AHI\\hbi\\20191217_080033\\../Screenshots/iPhone 6/hbi/Health Choice/20191217_082201/8.png]]

2019-12-17 08:22:59 - [TEST_STEP][PASSED] - (internal.GlobalVariable.i++): null

2019-12-17 08:22:59 - [MESSAGE][PASSED] - Call Test Case 'Test Cases/AHI/_include/get_screenshot' successfully

2019-12-17 08:22:59 - [TEST_STEP][PASSED] - click(findTestObject("mobileSanity/HBI/Page_App Page 3/label")): Object: 'Object Repository/mobileSanity/HBI/Page_App Page 3/label' is clicked on

2019-12-17 08:22:59 - [MESSAGE][PASSED] - Object: 'Object Repository/mobileSanity/HBI/Page_App Page 3/label' is clicked on

2019-12-17 08:22:59 - [TEST_STEP][PASSED] - click(findTestObject("mobileSanity/HBI/Page_App Page 3/p_CLICK TO SIGN")): Object: 'Object Repository/mobileSanity/HBI/Page_App Page 3/p_CLICK TO SIGN' is clicked on

2019-12-17 08:22:59 - [MESSAGE][PASSED] - Object: 'Object Repository/mobileSanity/HBI/Page_App Page 3/p_CLICK TO SIGN' is clicked on

2019-12-17 08:22:59 - [TEST_STEP][PASSED] - click(findTestObject("mobileSanity/HBI/Page_App Page 3/a_Submit Your Application")): Object: 'Object Repository/mobileSanity/HBI/Page_App Page 3/a_Submit Your Application' is clicked on

2019-12-17 08:22:59 - [MESSAGE][PASSED] - Object: 'Object Repository/mobileSanity/HBI/Page_App Page 3/a_Submit Your Application' is clicked on

2019-12-17 08:22:59 - [TEST_STEP][PASSED] - Thread.sleep(30000): null

2019-12-17 08:23:29 - [TEST_STEP][PASSED] - callTestCase(findTestCase("AHI/_include/get_screenshot"), [:], STOP_ON_FAILURE): Call Test Case 'Test Cases/AHI/_include/get_screenshot' successfully

2019-12-17 08:23:29 - [TEST_CASE][PASSED] - Test Cases/AHI/_include/get_screenshot: Test Cases/AHI/_include/get_screenshot

2019-12-17 08:23:29 - [TEST_STEP][PASSED] - takeScreenshot(screenPath + i + ".png"): Taking screenshot successfully

2019-12-17 08:23:30 - [MESSAGE][PASSED] - Taking screenshot successfully
[[ATTACHMENT|D:\\Test\\AgileTest\\Reports\\AHI\\hbi\\20191217_080033\\../Screenshots/iPhone 6/hbi/Health Choice/20191217_082201/9.png]]

2019-12-17 08:23:30 - [TEST_STEP][PASSED] - (internal.GlobalVariable.i++): null

2019-12-17 08:23:30 - [MESSAGE][PASSED] - Call Test Case 'Test Cases/AHI/_include/get_screenshot' successfully

2019-12-17 08:23:30 - [TEST_STEP][PASSED] - verifyTextPresent("Congratulations", false): Text 'Congratulations' is present on page 

2019-12-17 08:23:30 - [MESSAGE][PASSED] - Text 'Congratulations' is present on page 

2019-12-17 08:23:30 - [MESSAGE][PASSED] - Call Test Case 'Test Cases/AHI/_include/goToEnd_hbi' successfully]]></system-out>
         <system-err><![CDATA[]]></system-err>
      </testcase>
      <testcase name="Test Cases/AHI/HBI/Vitala Care" classname="Test Cases/AHI/HBI/Vitala Care" status="PASSED">
         <system-out><![CDATA[2019-12-17 08:23:30 - [TEST_CASE][PASSED] - Test Cases/AHI/HBI/Vitala Care: Test Cases/AHI/HBI/Vitala Care

2019-12-17 08:23:30 - [TEST_STEP][PASSED] - callTestCase(findTestCase("AHI/_include/get_screenPath"), ["productLine":"hbi", "carrierName":"Vitala Care"], CONTINUE_ON_FAILURE): Call Test Case 'Test Cases/AHI/_include/get_screenPath' successfully

2019-12-17 08:23:30 - [TEST_CASE][PASSED] - Test Cases/AHI/_include/get_screenPath: Test Cases/AHI/_include/get_screenPath

2019-12-17 08:23:30 - [TEST_STEP][PASSED] - m = getExecutionProperties(): null

2019-12-17 08:23:30 - [TEST_STEP][PASSED] - deviceName = get("mobileEmulation").get("deviceName"): null

2019-12-17 08:23:30 - [TEST_STEP][PASSED] - println(deviceName): null

2019-12-17 08:23:30 - [TEST_STEP][PASSED] - now = new java.util.Date(): null

2019-12-17 08:23:30 - [TEST_STEP][PASSED] - mydate = now.format("yyyyMMdd_HHmmss"): null

2019-12-17 08:23:30 - [TEST_STEP][PASSED] - screenPath = "../Screenshots/": null

2019-12-17 08:23:30 - [TEST_STEP][PASSED] - screenPath = screenPath + deviceName + "/" + productLine + "/" + carrierName + "/" + mydate + "/": null

2019-12-17 08:23:30 - [TEST_STEP][PASSED] - println(screenPath): null

2019-12-17 08:23:30 - [MESSAGE][PASSED] - Call Test Case 'Test Cases/AHI/_include/get_screenPath' successfully

2019-12-17 08:23:30 - [TEST_STEP][PASSED] - i = 0: null

2019-12-17 08:23:30 - [TEST_STEP][PASSED] - callTestCase(findTestCase("AHI/_include/openWebSite"), [:], CONTINUE_ON_FAILURE): Call Test Case 'Test Cases/AHI/_include/openWebSite' successfully

2019-12-17 08:23:30 - [TEST_CASE][PASSED] - Test Cases/AHI/_include/openWebSite: Test Cases/AHI/_include/openWebSite

2019-12-17 08:23:30 - [TEST_STEP][PASSED] - openBrowser(env): Browser is opened with url: 'https://praetemptatus.agilehealthinsurance.com'

2019-12-17 08:23:30 - [MESSAGE][WARNING] - A browser is already opened. Closing browser and opening a new one

2019-12-17 08:23:31 - [MESSAGE][INFO] - Starting 'Chrome' driver

2019-12-17 08:23:31 - [MESSAGE][INFO] - User set preference: ['mobileEmulation', '{deviceName=iPhone 6}']

2019-12-17 08:23:31 - [MESSAGE][INFO] - User set preference: ['args', '[--incognito, --aggressive-cache-discard, --window-size=375,677, --no-sandbox]']

2019-12-17 08:23:34 - [MESSAGE][PASSED] - Browser is opened with url: 'https://praetemptatus.agilehealthinsurance.com'

2019-12-17 08:23:34 - [TEST_STEP][PASSED] - waitForPageLoad(20): Wait for page load successfully

2019-12-17 08:23:34 - [MESSAGE][PASSED] - Wait for page load successfully

2019-12-17 08:23:34 - [TEST_STEP][PASSED] - callTestCase(findTestCase("AHI/_include/get_screenshot"), [:], STOP_ON_FAILURE): Call Test Case 'Test Cases/AHI/_include/get_screenshot' successfully

2019-12-17 08:23:34 - [TEST_CASE][PASSED] - Test Cases/AHI/_include/get_screenshot: Test Cases/AHI/_include/get_screenshot

2019-12-17 08:23:34 - [TEST_STEP][PASSED] - takeScreenshot(screenPath + i + ".png"): Taking screenshot successfully

2019-12-17 08:23:36 - [MESSAGE][PASSED] - Taking screenshot successfully
[[ATTACHMENT|D:\\Test\\AgileTest\\Reports\\AHI\\hbi\\20191217_080033\\../Screenshots/iPhone 6/hbi/Vitala Care/20191217_082330/0.png]]

2019-12-17 08:23:36 - [TEST_STEP][PASSED] - (internal.GlobalVariable.i++): null

2019-12-17 08:23:36 - [MESSAGE][PASSED] - Call Test Case 'Test Cases/AHI/_include/get_screenshot' successfully

2019-12-17 08:23:36 - [MESSAGE][PASSED] - Call Test Case 'Test Cases/AHI/_include/openWebSite' successfully

2019-12-17 08:23:36 - [TEST_STEP][PASSED] - callTestCase(findTestCase("AHI/_include/census_hbi"), ["zipcode":"90011"], CONTINUE_ON_FAILURE): Call Test Case 'Test Cases/AHI/_include/census_hbi' successfully

2019-12-17 08:23:36 - [TEST_CASE][PASSED] - Test Cases/AHI/_include/census_hbi: Test Cases/AHI/_include/census_hbi

2019-12-17 08:23:36 - [TEST_STEP][PASSED] - click(findTestObject("mobileSanity/Common/side_nav/menu")): Object: 'Object Repository/mobileSanity/Common/side_nav/menu' is clicked on

2019-12-17 08:23:36 - [MESSAGE][PASSED] - Object: 'Object Repository/mobileSanity/Common/side_nav/menu' is clicked on

2019-12-17 08:23:36 - [TEST_STEP][PASSED] - Thread.sleep(3000): null

2019-12-17 08:23:39 - [TEST_STEP][PASSED] - callTestCase(findTestCase("AHI/_include/get_screenshot"), [:], STOP_ON_FAILURE): Call Test Case 'Test Cases/AHI/_include/get_screenshot' successfully

2019-12-17 08:23:39 - [TEST_CASE][PASSED] - Test Cases/AHI/_include/get_screenshot: Test Cases/AHI/_include/get_screenshot

2019-12-17 08:23:39 - [TEST_STEP][PASSED] - takeScreenshot(screenPath + i + ".png"): Taking screenshot successfully

2019-12-17 08:23:40 - [MESSAGE][PASSED] - Taking screenshot successfully
[[ATTACHMENT|D:\\Test\\AgileTest\\Reports\\AHI\\hbi\\20191217_080033\\../Screenshots/iPhone 6/hbi/Vitala Care/20191217_082330/1.png]]

2019-12-17 08:23:40 - [TEST_STEP][PASSED] - (internal.GlobalVariable.i++): null

2019-12-17 08:23:40 - [MESSAGE][PASSED] - Call Test Case 'Test Cases/AHI/_include/get_screenshot' successfully

2019-12-17 08:23:40 - [TEST_STEP][PASSED] - click(findTestObject("mobileSanity/Common/side_nav/nav_hbi")): Object: 'Object Repository/mobileSanity/Common/side_nav/nav_hbi' is clicked on

2019-12-17 08:23:40 - [MESSAGE][PASSED] - Object: 'Object Repository/mobileSanity/Common/side_nav/nav_hbi' is clicked on

2019-12-17 08:23:40 - [TEST_STEP][PASSED] - waitForPageLoad(10): Wait for page load successfully

2019-12-17 08:23:40 - [MESSAGE][PASSED] - Wait for page load successfully

2019-12-17 08:23:40 - [TEST_STEP][PASSED] - Thread.sleep(3000): null

2019-12-17 08:23:43 - [TEST_STEP][PASSED] - callTestCase(findTestCase("AHI/_include/get_screenshot"), [:], STOP_ON_FAILURE): Call Test Case 'Test Cases/AHI/_include/get_screenshot' successfully

2019-12-17 08:23:44 - [TEST_CASE][PASSED] - Test Cases/AHI/_include/get_screenshot: Test Cases/AHI/_include/get_screenshot

2019-12-17 08:23:44 - [TEST_STEP][PASSED] - takeScreenshot(screenPath + i + ".png"): Taking screenshot successfully

2019-12-17 08:23:44 - [MESSAGE][PASSED] - Taking screenshot successfully
[[ATTACHMENT|D:\\Test\\AgileTest\\Reports\\AHI\\hbi\\20191217_080033\\../Screenshots/iPhone 6/hbi/Vitala Care/20191217_082330/2.png]]

2019-12-17 08:23:44 - [TEST_STEP][PASSED] - (internal.GlobalVariable.i++): null

2019-12-17 08:23:44 - [MESSAGE][PASSED] - Call Test Case 'Test Cases/AHI/_include/get_screenshot' successfully

2019-12-17 08:23:44 - [TEST_STEP][PASSED] - setText(findTestObject("mobileSanity/HBI/census/input_Location_zip-input"), zipcode): Text '90011' is set on object 'Object Repository/mobileSanity/HBI/census/input_Location_zip-input'

2019-12-17 08:23:44 - [MESSAGE][PASSED] - Text '90011' is set on object 'Object Repository/mobileSanity/HBI/census/input_Location_zip-input'

2019-12-17 08:23:44 - [TEST_STEP][PASSED] - Thread.sleep(500): null

2019-12-17 08:23:45 - [TEST_STEP][PASSED] - setText(findTestObject("mobileSanity/HBI/census/input_Date of Birth_dob-0"), "12121980"): Text '12121980' is set on object 'Object Repository/mobileSanity/HBI/census/input_Date of Birth_dob-0'

2019-12-17 08:23:45 - [MESSAGE][PASSED] - Text '12121980' is set on object 'Object Repository/mobileSanity/HBI/census/input_Date of Birth_dob-0'

2019-12-17 08:23:45 - [TEST_STEP][PASSED] - click(findTestObject("mobileSanity/HBI/census/label_Male")): Object: 'Object Repository/mobileSanity/HBI/census/label_Male' is clicked on

2019-12-17 08:23:45 - [MESSAGE][PASSED] - Object: 'Object Repository/mobileSanity/HBI/census/label_Male' is clicked on

2019-12-17 08:23:45 - [TEST_STEP][PASSED] - click(findTestObject("mobileSanity/HBI/census/label_Get a Quote")): Object: 'Object Repository/mobileSanity/HBI/census/label_Get a Quote' is clicked on

2019-12-17 08:23:45 - [MESSAGE][PASSED] - Object: 'Object Repository/mobileSanity/HBI/census/label_Get a Quote' is clicked on

2019-12-17 08:23:45 - [TEST_STEP][PASSED] - waitForPageLoad(20): Wait for page load successfully

2019-12-17 08:23:46 - [MESSAGE][PASSED] - Wait for page load successfully

2019-12-17 08:23:46 - [TEST_STEP][PASSED] - Thread.sleep(3000): null

2019-12-17 08:23:49 - [TEST_STEP][PASSED] - callTestCase(findTestCase("AHI/_include/check_quoteleadform"), [:], STOP_ON_FAILURE): Call Test Case 'Test Cases/AHI/_include/check_quoteleadform' successfully

2019-12-17 08:23:49 - [TEST_CASE][PASSED] - Test Cases/AHI/_include/check_quoteleadform: Test Cases/AHI/_include/check_quoteleadform

2019-12-17 08:23:49 - [TEST_STEP][PASSED] - callTestCase(findTestCase("AHI/_include/name"), [:], CONTINUE_ON_FAILURE): Call Test Case 'Test Cases/AHI/_include/name' successfully

2019-12-17 08:23:49 - [TEST_CASE][PASSED] - Test Cases/AHI/_include/name: Test Cases/AHI/_include/name

2019-12-17 08:23:49 - [TEST_STEP][PASSED] - driver = getWebDriver(): null

2019-12-17 08:23:49 - [TEST_STEP][PASSED] - selenium = new com.thoughtworks.selenium.webdriven.WebDriverBackedSelenium(driver, internal.GlobalVariable.ENV): null

2019-12-17 08:23:49 - [TEST_STEP][PASSED] - FirstName = "Test-123": null

2019-12-17 08:23:49 - [TEST_STEP][PASSED] - LastName = selenium.getEval("{var x="ABCDEFGHIJKLMNOPQRSTUVWXYZabcdefghijklmnopqrstuvwxyz"; var tmp="ZZ11-"; for (i=0;i<8;i++) tmp+=x.charAt(Math.ceil(51*Math.random()));tmp;}"): null

2019-12-17 08:23:49 - [TEST_STEP][PASSED] - Address = selenium.getEval("{var x="ABCDEFGHIJKLMNOPQRSTUVWXYZabcdefghijklmnopqrstuvwxyz"; var tmp=""; for (i=0;i<8;i++) tmp+=x.charAt(Math.ceil(51*Math.random()));tmp;}"): null

2019-12-17 08:23:49 - [TEST_STEP][PASSED] - City = selenium.getEval("{var x="ABCDEFGHIJKLMNOPQRSTUVWXYZabcdefghijklmnopqrstuvwxyz"; var tmp=""; for (i=0;i<8;i++) tmp+=x.charAt(Math.ceil(51*Math.random()));tmp;}"): null

2019-12-17 08:23:49 - [TEST_STEP][PASSED] - tel1 = selenium.getEval("{var x="123456789"; var tmp=""; for (i=0;i<3;i++) tmp+=x.charAt(Math.ceil(8*Math.random()));tmp;}"): null

2019-12-17 08:23:49 - [TEST_STEP][PASSED] - tel2 = selenium.getEval("{var x="123456789"; var tmp=""; for (i=0;i<3;i++) tmp+=x.charAt(Math.ceil(8*Math.random()));tmp;}"): null

2019-12-17 08:23:49 - [TEST_STEP][PASSED] - tel3 = selenium.getEval("{var x="123456789"; var tmp=""; for (i=0;i<4;i++) tmp+=x.charAt(Math.ceil(8*Math.random()));tmp;}"): null

2019-12-17 08:23:49 - [TEST_STEP][PASSED] - Tel = selenium.getExpression(tel1 + "-" + tel2 + "-" + tel3): null

2019-12-17 08:23:49 - [TEST_STEP][PASSED] - AutoEmail = selenium.getEval("{var x="ABCDEFGHIJKLMNOPQRSTUVWXYZabcdefghijklmnopqrstuvwxyz"; var tmp="test."; for (i=0;i<8;i++) tmp+=x.charAt(Math.ceil(51*Math.random()));tmp+="@suryani.cn";}"): null

2019-12-17 08:23:49 - [TEST_STEP][PASSED] - FirstName = FirstName: null

2019-12-17 08:23:49 - [TEST_STEP][PASSED] - LastName = LastName: null

2019-12-17 08:23:49 - [TEST_STEP][PASSED] - Address = Address: null

2019-12-17 08:23:49 - [TEST_STEP][PASSED] - City = City: null

2019-12-17 08:23:49 - [TEST_STEP][PASSED] - Tel = Tel: null

2019-12-17 08:23:49 - [TEST_STEP][PASSED] - AutoEmail = AutoEmail: null

2019-12-17 08:23:49 - [TEST_STEP][PASSED] - println(FirstName): null

2019-12-17 08:23:49 - [TEST_STEP][PASSED] - println(LastName): null

2019-12-17 08:23:49 - [TEST_STEP][PASSED] - println(Address): null

2019-12-17 08:23:49 - [TEST_STEP][PASSED] - println(City): null

2019-12-17 08:23:49 - [TEST_STEP][PASSED] - println(Tel): null

2019-12-17 08:23:49 - [TEST_STEP][PASSED] - println(AutoEmail): null

2019-12-17 08:23:49 - [MESSAGE][PASSED] - Call Test Case 'Test Cases/AHI/_include/name' successfully

2019-12-17 08:23:49 - [TEST_STEP][PASSED] - leadform_exist = test.MobileKeywords.isElementPresent_Web(findTestObject("mobileSanity/quote lead form/lead_form"), 20): test.MobileKeywords.isElementPresent_Web is PASSED

2019-12-17 08:23:49 - [MESSAGE][PASSED] - test.MobileKeywords.isElementPresent_Web is PASSED

2019-12-17 08:23:49 - [TEST_STEP][PASSED] - if (leadform_exist): null

2019-12-17 08:23:49 - [TEST_STEP][PASSED] - setText(findTestObject("mobileSanity/quote lead form/first"), FirstName): Text 'Test-123' is set on object 'Object Repository/mobileSanity/quote lead form/first'

2019-12-17 08:23:49 - [MESSAGE][PASSED] - Text 'Test-123' is set on object 'Object Repository/mobileSanity/quote lead form/first'

2019-12-17 08:23:49 - [TEST_STEP][PASSED] - setText(findTestObject("mobileSanity/quote lead form/last"), LastName): Text 'ZZ11-jORctKWs' is set on object 'Object Repository/mobileSanity/quote lead form/last'

2019-12-17 08:23:49 - [MESSAGE][PASSED] - Text 'ZZ11-jORctKWs' is set on object 'Object Repository/mobileSanity/quote lead form/last'

2019-12-17 08:23:49 - [TEST_STEP][PASSED] - setText(findTestObject("mobileSanity/quote lead form/email"), AutoEmail): Text 'test.ywIgnwws@suryani.cn' is set on object 'Object Repository/mobileSanity/quote lead form/email'

2019-12-17 08:23:49 - [MESSAGE][PASSED] - Text 'test.ywIgnwws@suryani.cn' is set on object 'Object Repository/mobileSanity/quote lead form/email'

2019-12-17 08:23:49 - [TEST_STEP][PASSED] - setText(findTestObject("mobileSanity/quote lead form/phone"), Tel): Text '674-896-8899' is set on object 'Object Repository/mobileSanity/quote lead form/phone'

2019-12-17 08:23:49 - [MESSAGE][PASSED] - Text '674-896-8899' is set on object 'Object Repository/mobileSanity/quote lead form/phone'

2019-12-17 08:23:49 - [TEST_STEP][PASSED] - click(findTestObject("mobileSanity/quote lead form/submit")): Object: 'Object Repository/mobileSanity/quote lead form/submit' is clicked on

2019-12-17 08:23:49 - [MESSAGE][PASSED] - Object: 'Object Repository/mobileSanity/quote lead form/submit' is clicked on

2019-12-17 08:23:49 - [TEST_STEP][PASSED] - Thread.sleep(3000): null

2019-12-17 08:23:53 - [MESSAGE][PASSED] - Call Test Case 'Test Cases/AHI/_include/check_quoteleadform' successfully

2019-12-17 08:23:53 - [TEST_STEP][PASSED] - callTestCase(findTestCase("AHI/_include/get_screenshot"), [:], STOP_ON_FAILURE): Call Test Case 'Test Cases/AHI/_include/get_screenshot' successfully

2019-12-17 08:23:53 - [TEST_CASE][PASSED] - Test Cases/AHI/_include/get_screenshot: Test Cases/AHI/_include/get_screenshot

2019-12-17 08:23:53 - [TEST_STEP][PASSED] - takeScreenshot(screenPath + i + ".png"): Taking screenshot successfully

2019-12-17 08:23:53 - [MESSAGE][PASSED] - Taking screenshot successfully
[[ATTACHMENT|D:\\Test\\AgileTest\\Reports\\AHI\\hbi\\20191217_080033\\../Screenshots/iPhone 6/hbi/Vitala Care/20191217_082330/3.png]]

2019-12-17 08:23:53 - [TEST_STEP][PASSED] - (internal.GlobalVariable.i++): null

2019-12-17 08:23:53 - [MESSAGE][PASSED] - Call Test Case 'Test Cases/AHI/_include/get_screenshot' successfully

2019-12-17 08:23:53 - [MESSAGE][PASSED] - Call Test Case 'Test Cases/AHI/_include/census_hbi' successfully

2019-12-17 08:23:53 - [TEST_STEP][PASSED] - Thread.sleep(5000): null

2019-12-17 08:23:58 - [TEST_STEP][PASSED] - scrollToPosition(200, 2300): Browser is scrolled to position x = 200, y = 2300

2019-12-17 08:23:58 - [MESSAGE][PASSED] - Browser is scrolled to position x = 200, y = 2300

2019-12-17 08:23:58 - [TEST_STEP][PASSED] - click(findTestObject("mobileSanity/HBI/quote/a_Vitala Care")): Object: 'Object Repository/mobileSanity/HBI/quote/a_Vitala Care' is clicked on

2019-12-17 08:23:58 - [MESSAGE][PASSED] - Object: 'Object Repository/mobileSanity/HBI/quote/a_Vitala Care' is clicked on

2019-12-17 08:23:58 - [TEST_STEP][PASSED] - waitForPageLoad(20): Wait for page load successfully

2019-12-17 08:23:59 - [MESSAGE][PASSED] - Wait for page load successfully

2019-12-17 08:23:59 - [TEST_STEP][PASSED] - callTestCase(findTestCase("AHI/_include/get_screenshot"), [:], STOP_ON_FAILURE): Call Test Case 'Test Cases/AHI/_include/get_screenshot' successfully

2019-12-17 08:23:59 - [TEST_CASE][PASSED] - Test Cases/AHI/_include/get_screenshot: Test Cases/AHI/_include/get_screenshot

2019-12-17 08:23:59 - [TEST_STEP][PASSED] - takeScreenshot(screenPath + i + ".png"): Taking screenshot successfully

2019-12-17 08:23:59 - [MESSAGE][PASSED] - Taking screenshot successfully
[[ATTACHMENT|D:\\Test\\AgileTest\\Reports\\AHI\\hbi\\20191217_080033\\../Screenshots/iPhone 6/hbi/Vitala Care/20191217_082330/4.png]]

2019-12-17 08:23:59 - [TEST_STEP][PASSED] - (internal.GlobalVariable.i++): null

2019-12-17 08:23:59 - [MESSAGE][PASSED] - Call Test Case 'Test Cases/AHI/_include/get_screenshot' successfully

2019-12-17 08:23:59 - [TEST_STEP][PASSED] - click(findTestObject("mobileSanity/HBI/detail/a_Apply for This Plan")): Object: 'Object Repository/mobileSanity/HBI/detail/a_Apply for This Plan' is clicked on

2019-12-17 08:24:00 - [MESSAGE][PASSED] - Object: 'Object Repository/mobileSanity/HBI/detail/a_Apply for This Plan' is clicked on

2019-12-17 08:24:00 - [TEST_STEP][PASSED] - waitForPageLoad(20): Wait for page load successfully

2019-12-17 08:24:00 - [MESSAGE][PASSED] - Wait for page load successfully

2019-12-17 08:24:00 - [TEST_STEP][PASSED] - callTestCase(findTestCase("AHI/_include/get_screenshot"), [:], STOP_ON_FAILURE): Call Test Case 'Test Cases/AHI/_include/get_screenshot' successfully

2019-12-17 08:24:00 - [TEST_CASE][PASSED] - Test Cases/AHI/_include/get_screenshot: Test Cases/AHI/_include/get_screenshot

2019-12-17 08:24:00 - [TEST_STEP][PASSED] - takeScreenshot(screenPath + i + ".png"): Taking screenshot successfully

2019-12-17 08:24:00 - [MESSAGE][PASSED] - Taking screenshot successfully
[[ATTACHMENT|D:\\Test\\AgileTest\\Reports\\AHI\\hbi\\20191217_080033\\../Screenshots/iPhone 6/hbi/Vitala Care/20191217_082330/5.png]]

2019-12-17 08:24:00 - [TEST_STEP][PASSED] - (internal.GlobalVariable.i++): null

2019-12-17 08:24:00 - [MESSAGE][PASSED] - Call Test Case 'Test Cases/AHI/_include/get_screenshot' successfully

2019-12-17 08:24:00 - [TEST_STEP][PASSED] - click(findTestObject("mobileSanity/HBI/Page_Apply/span_Start Secure Application")): Object: 'Object Repository/mobileSanity/HBI/Page_Apply/span_Start Secure Application' is clicked on

2019-12-17 08:24:01 - [MESSAGE][PASSED] - Object: 'Object Repository/mobileSanity/HBI/Page_Apply/span_Start Secure Application' is clicked on

2019-12-17 08:24:01 - [TEST_STEP][PASSED] - waitForPageLoad(20): Wait for page load successfully

2019-12-17 08:24:01 - [MESSAGE][PASSED] - Wait for page load successfully

2019-12-17 08:24:01 - [TEST_STEP][PASSED] - Thread.sleep(5000): null

2019-12-17 08:24:06 - [TEST_STEP][PASSED] - callTestCase(findTestCase("AHI/_include/get_screenshot"), [:], STOP_ON_FAILURE): Call Test Case 'Test Cases/AHI/_include/get_screenshot' successfully

2019-12-17 08:24:06 - [TEST_CASE][PASSED] - Test Cases/AHI/_include/get_screenshot: Test Cases/AHI/_include/get_screenshot

2019-12-17 08:24:06 - [TEST_STEP][PASSED] - takeScreenshot(screenPath + i + ".png"): Taking screenshot successfully

2019-12-17 08:24:06 - [MESSAGE][PASSED] - Taking screenshot successfully
[[ATTACHMENT|D:\\Test\\AgileTest\\Reports\\AHI\\hbi\\20191217_080033\\../Screenshots/iPhone 6/hbi/Vitala Care/20191217_082330/6.png]]

2019-12-17 08:24:06 - [TEST_STEP][PASSED] - (internal.GlobalVariable.i++): null

2019-12-17 08:24:06 - [MESSAGE][PASSED] - Call Test Case 'Test Cases/AHI/_include/get_screenshot' successfully

2019-12-17 08:24:06 - [TEST_STEP][PASSED] - callTestCase(findTestCase("AHI/_include/goToEnd_hbi"), ["state":"ca", "carrier":"vitalacare"], CONTINUE_ON_FAILURE): Call Test Case 'Test Cases/AHI/_include/goToEnd_hbi' successfully

2019-12-17 08:24:06 - [TEST_CASE][PASSED] - Test Cases/AHI/_include/goToEnd_hbi: Test Cases/AHI/_include/goToEnd_hbi

2019-12-17 08:24:06 - [TEST_STEP][PASSED] - if (state == "ca"): Call Test Case 'Test Cases/AHI/_include/get_screenshot' successfully

2019-12-17 08:24:06 - [TEST_STEP][PASSED] - Thread.sleep(3000): null

2019-12-17 08:24:09 - [TEST_STEP][PASSED] - click(findTestObject("mobileSanity/HBI/Page_App Page 1/yes_question_1")): Object: 'Object Repository/mobileSanity/HBI/Page_App Page 1/yes_question_1' is clicked on

2019-12-17 08:24:09 - [MESSAGE][PASSED] - Object: 'Object Repository/mobileSanity/HBI/Page_App Page 1/yes_question_1' is clicked on

2019-12-17 08:24:09 - [TEST_STEP][PASSED] - click(findTestObject("mobileSanity/HBI/Page_App Page 1/continue_to_app_info")): Object: 'Object Repository/mobileSanity/HBI/Page_App Page 1/continue_to_app_info' is clicked on

2019-12-17 08:24:10 - [MESSAGE][PASSED] - Object: 'Object Repository/mobileSanity/HBI/Page_App Page 1/continue_to_app_info' is clicked on

2019-12-17 08:24:10 - [TEST_STEP][PASSED] - waitForPageLoad(20): Wait for page load successfully

2019-12-17 08:24:10 - [MESSAGE][PASSED] - Wait for page load successfully

2019-12-17 08:24:10 - [TEST_STEP][PASSED] - Thread.sleep(3000): null

2019-12-17 08:24:13 - [TEST_STEP][PASSED] - callTestCase(findTestCase("AHI/_include/get_screenshot"), [:], STOP_ON_FAILURE): Call Test Case 'Test Cases/AHI/_include/get_screenshot' successfully

2019-12-17 08:24:13 - [TEST_CASE][PASSED] - Test Cases/AHI/_include/get_screenshot: Test Cases/AHI/_include/get_screenshot

2019-12-17 08:24:13 - [TEST_STEP][PASSED] - takeScreenshot(screenPath + i + ".png"): Taking screenshot successfully

2019-12-17 08:24:13 - [MESSAGE][PASSED] - Taking screenshot successfully
[[ATTACHMENT|D:\\Test\\AgileTest\\Reports\\AHI\\hbi\\20191217_080033\\../Screenshots/iPhone 6/hbi/Vitala Care/20191217_082330/7.png]]

2019-12-17 08:24:13 - [TEST_STEP][PASSED] - (internal.GlobalVariable.i++): null

2019-12-17 08:24:13 - [MESSAGE][PASSED] - Call Test Case 'Test Cases/AHI/_include/get_screenshot' successfully

2019-12-17 08:24:13 - [TEST_STEP][PASSED] - callTestCase(findTestCase("AHI/_include/name"), [:], CONTINUE_ON_FAILURE): Call Test Case 'Test Cases/AHI/_include/name' successfully

2019-12-17 08:24:13 - [TEST_CASE][PASSED] - Test Cases/AHI/_include/name: Test Cases/AHI/_include/name

2019-12-17 08:24:13 - [TEST_STEP][PASSED] - driver = getWebDriver(): null

2019-12-17 08:24:13 - [TEST_STEP][PASSED] - selenium = new com.thoughtworks.selenium.webdriven.WebDriverBackedSelenium(driver, internal.GlobalVariable.ENV): null

2019-12-17 08:24:13 - [TEST_STEP][PASSED] - FirstName = "Test-123": null

2019-12-17 08:24:13 - [TEST_STEP][PASSED] - LastName = selenium.getEval("{var x="ABCDEFGHIJKLMNOPQRSTUVWXYZabcdefghijklmnopqrstuvwxyz"; var tmp="ZZ11-"; for (i=0;i<8;i++) tmp+=x.charAt(Math.ceil(51*Math.random()));tmp;}"): null

2019-12-17 08:24:13 - [TEST_STEP][PASSED] - Address = selenium.getEval("{var x="ABCDEFGHIJKLMNOPQRSTUVWXYZabcdefghijklmnopqrstuvwxyz"; var tmp=""; for (i=0;i<8;i++) tmp+=x.charAt(Math.ceil(51*Math.random()));tmp;}"): null

2019-12-17 08:24:13 - [TEST_STEP][PASSED] - City = selenium.getEval("{var x="ABCDEFGHIJKLMNOPQRSTUVWXYZabcdefghijklmnopqrstuvwxyz"; var tmp=""; for (i=0;i<8;i++) tmp+=x.charAt(Math.ceil(51*Math.random()));tmp;}"): null

2019-12-17 08:24:13 - [TEST_STEP][PASSED] - tel1 = selenium.getEval("{var x="123456789"; var tmp=""; for (i=0;i<3;i++) tmp+=x.charAt(Math.ceil(8*Math.random()));tmp;}"): null

2019-12-17 08:24:13 - [TEST_STEP][PASSED] - tel2 = selenium.getEval("{var x="123456789"; var tmp=""; for (i=0;i<3;i++) tmp+=x.charAt(Math.ceil(8*Math.random()));tmp;}"): null

2019-12-17 08:24:13 - [TEST_STEP][PASSED] - tel3 = selenium.getEval("{var x="123456789"; var tmp=""; for (i=0;i<4;i++) tmp+=x.charAt(Math.ceil(8*Math.random()));tmp;}"): null

2019-12-17 08:24:13 - [TEST_STEP][PASSED] - Tel = selenium.getExpression(tel1 + "-" + tel2 + "-" + tel3): null

2019-12-17 08:24:13 - [TEST_STEP][PASSED] - AutoEmail = selenium.getEval("{var x="ABCDEFGHIJKLMNOPQRSTUVWXYZabcdefghijklmnopqrstuvwxyz"; var tmp="test."; for (i=0;i<8;i++) tmp+=x.charAt(Math.ceil(51*Math.random()));tmp+="@suryani.cn";}"): null

2019-12-17 08:24:13 - [TEST_STEP][PASSED] - FirstName = FirstName: null

2019-12-17 08:24:13 - [TEST_STEP][PASSED] - LastName = LastName: null

2019-12-17 08:24:13 - [TEST_STEP][PASSED] - Address = Address: null

2019-12-17 08:24:13 - [TEST_STEP][PASSED] - City = City: null

2019-12-17 08:24:13 - [TEST_STEP][PASSED] - Tel = Tel: null

2019-12-17 08:24:13 - [TEST_STEP][PASSED] - AutoEmail = AutoEmail: null

2019-12-17 08:24:13 - [TEST_STEP][PASSED] - println(FirstName): null

2019-12-17 08:24:13 - [TEST_STEP][PASSED] - println(LastName): null

2019-12-17 08:24:13 - [TEST_STEP][PASSED] - println(Address): null

2019-12-17 08:24:13 - [TEST_STEP][PASSED] - println(City): null

2019-12-17 08:24:13 - [TEST_STEP][PASSED] - println(Tel): null

2019-12-17 08:24:13 - [TEST_STEP][PASSED] - println(AutoEmail): null

2019-12-17 08:24:13 - [MESSAGE][PASSED] - Call Test Case 'Test Cases/AHI/_include/name' successfully

2019-12-17 08:24:13 - [TEST_STEP][PASSED] - setText(findTestObject("mobileSanity/HBI/Page_App Page 1/input__member-P-1-firstName"), FirstName): Text 'Test-123' is set on object 'Object Repository/mobileSanity/HBI/Page_App Page 1/input__member-P-1-firstName'

2019-12-17 08:24:13 - [MESSAGE][PASSED] - Text 'Test-123' is set on object 'Object Repository/mobileSanity/HBI/Page_App Page 1/input__member-P-1-firstName'

2019-12-17 08:24:13 - [TEST_STEP][PASSED] - setText(findTestObject("mobileSanity/HBI/Page_App Page 1/input__member-P-1-lastName"), LastName): Text 'ZZ11-KzvmxOCP' is set on object 'Object Repository/mobileSanity/HBI/Page_App Page 1/input__member-P-1-lastName'

2019-12-17 08:24:13 - [MESSAGE][PASSED] - Text 'ZZ11-KzvmxOCP' is set on object 'Object Repository/mobileSanity/HBI/Page_App Page 1/input__member-P-1-lastName'

2019-12-17 08:24:13 - [TEST_STEP][PASSED] - if (carrier == "agileone" || carrier == "agilesecure"): null

2019-12-17 08:24:13 - [TEST_STEP][PASSED] - setText(findTestObject("mobileSanity/HBI/Page_App Page 1/input__address"), Address): Text 'PWzokxZy' is set on object 'Object Repository/mobileSanity/HBI/Page_App Page 1/input__address'

2019-12-17 08:24:14 - [MESSAGE][PASSED] - Text 'PWzokxZy' is set on object 'Object Repository/mobileSanity/HBI/Page_App Page 1/input__address'

2019-12-17 08:24:14 - [TEST_STEP][PASSED] - setText(findTestObject("mobileSanity/HBI/Page_App Page 1/input__city"), City): Text 'eNTEiRPB' is set on object 'Object Repository/mobileSanity/HBI/Page_App Page 1/input__city'

2019-12-17 08:24:14 - [MESSAGE][PASSED] - Text 'eNTEiRPB' is set on object 'Object Repository/mobileSanity/HBI/Page_App Page 1/input__city'

2019-12-17 08:24:14 - [TEST_STEP][PASSED] - setText(findTestObject("mobileSanity/HBI/Page_App Page 1/input__email"), AutoEmail): Text 'test.HytkzITz@suryani.cn' is set on object 'Object Repository/mobileSanity/HBI/Page_App Page 1/input__email'

2019-12-17 08:24:14 - [MESSAGE][PASSED] - Text 'test.HytkzITz@suryani.cn' is set on object 'Object Repository/mobileSanity/HBI/Page_App Page 1/input__email'

2019-12-17 08:24:14 - [TEST_STEP][PASSED] - setText(findTestObject("mobileSanity/HBI/Page_App Page 1/input_tel"), Tel): Text '287-389-3649' is set on object 'Object Repository/mobileSanity/HBI/Page_App Page 1/input_tel'

2019-12-17 08:24:14 - [MESSAGE][PASSED] - Text '287-389-3649' is set on object 'Object Repository/mobileSanity/HBI/Page_App Page 1/input_tel'

2019-12-17 08:24:14 - [TEST_STEP][PASSED] - Thread.sleep(5000): null

2019-12-17 08:24:19 - [TEST_STEP][PASSED] - click(findTestObject("mobileSanity/HBI/Page_App Page 1/a_Continue to Step 2 - Payment")): Object: 'Object Repository/mobileSanity/HBI/Page_App Page 1/a_Continue to Step 2 - Payment' is clicked on

2019-12-17 08:24:19 - [MESSAGE][PASSED] - Object: 'Object Repository/mobileSanity/HBI/Page_App Page 1/a_Continue to Step 2 - Payment' is clicked on

2019-12-17 08:24:19 - [TEST_STEP][PASSED] - waitForPageLoad(20): Wait for page load successfully

2019-12-17 08:24:19 - [MESSAGE][PASSED] - Wait for page load successfully

2019-12-17 08:24:19 - [TEST_STEP][PASSED] - Thread.sleep(2000): null

2019-12-17 08:24:21 - [TEST_STEP][PASSED] - waitForElementVisible(findTestObject("mobileSanity/HBI/Page_App Page 2/input__credit-card-first"), 20): Object 'Object Repository/mobileSanity/HBI/Page_App Page 2/input__credit-card-first' is visible

2019-12-17 08:24:21 - [MESSAGE][PASSED] - Object 'Object Repository/mobileSanity/HBI/Page_App Page 2/input__credit-card-first' is visible

2019-12-17 08:24:21 - [TEST_STEP][PASSED] - callTestCase(findTestCase("AHI/_include/get_screenshot"), [:], STOP_ON_FAILURE): Call Test Case 'Test Cases/AHI/_include/get_screenshot' successfully

2019-12-17 08:24:21 - [TEST_CASE][PASSED] - Test Cases/AHI/_include/get_screenshot: Test Cases/AHI/_include/get_screenshot

2019-12-17 08:24:21 - [TEST_STEP][PASSED] - takeScreenshot(screenPath + i + ".png"): Taking screenshot successfully

2019-12-17 08:24:22 - [MESSAGE][PASSED] - Taking screenshot successfully
[[ATTACHMENT|D:\\Test\\AgileTest\\Reports\\AHI\\hbi\\20191217_080033\\../Screenshots/iPhone 6/hbi/Vitala Care/20191217_082330/8.png]]

2019-12-17 08:24:22 - [TEST_STEP][PASSED] - (internal.GlobalVariable.i++): null

2019-12-17 08:24:22 - [MESSAGE][PASSED] - Call Test Case 'Test Cases/AHI/_include/get_screenshot' successfully

2019-12-17 08:24:22 - [TEST_STEP][PASSED] - setText(findTestObject("mobileSanity/HBI/Page_App Page 2/input__credit-card-first"), FirstName): Text 'Test-123' is set on object 'Object Repository/mobileSanity/HBI/Page_App Page 2/input__credit-card-first'

2019-12-17 08:24:22 - [MESSAGE][PASSED] - Text 'Test-123' is set on object 'Object Repository/mobileSanity/HBI/Page_App Page 2/input__credit-card-first'

2019-12-17 08:24:22 - [TEST_STEP][PASSED] - setText(findTestObject("mobileSanity/HBI/Page_App Page 2/input__credit-card-last"), LastName): Text 'ZZ11-KzvmxOCP' is set on object 'Object Repository/mobileSanity/HBI/Page_App Page 2/input__credit-card-last'

2019-12-17 08:24:22 - [MESSAGE][PASSED] - Text 'ZZ11-KzvmxOCP' is set on object 'Object Repository/mobileSanity/HBI/Page_App Page 2/input__credit-card-last'

2019-12-17 08:24:22 - [TEST_STEP][PASSED] - selectOptionByValue(findTestObject("mobileSanity/HBI/Page_App Page 2/select_MM010203040506070809101"), "12", true): All options with value '12' are selected in object 'Object Repository/mobileSanity/HBI/Page_App Page 2/select_MM010203040506070809101'  using regular expression

2019-12-17 08:24:22 - [MESSAGE][PASSED] - All options with value '12' are selected in object 'Object Repository/mobileSanity/HBI/Page_App Page 2/select_MM010203040506070809101'  using regular expression

2019-12-17 08:24:22 - [TEST_STEP][PASSED] - selectOptionByValue(findTestObject("mobileSanity/HBI/Page_App Page 2/select_YYYY2019202020212022202"), "2026", true): All options with value '2026' are selected in object 'Object Repository/mobileSanity/HBI/Page_App Page 2/select_YYYY2019202020212022202'  using regular expression

2019-12-17 08:24:23 - [MESSAGE][PASSED] - All options with value '2026' are selected in object 'Object Repository/mobileSanity/HBI/Page_App Page 2/select_YYYY2019202020212022202'  using regular expression

2019-12-17 08:24:23 - [TEST_STEP][PASSED] - setText(findTestObject("mobileSanity/HBI/Page_App Page 2/input__credit-card-number"), "4111111111111111"): Text '4111111111111111' is set on object 'Object Repository/mobileSanity/HBI/Page_App Page 2/input__credit-card-number'

2019-12-17 08:24:23 - [MESSAGE][PASSED] - Text '4111111111111111' is set on object 'Object Repository/mobileSanity/HBI/Page_App Page 2/input__credit-card-number'

2019-12-17 08:24:23 - [TEST_STEP][PASSED] - setText(findTestObject("mobileSanity/HBI/Page_App Page 2/input__cvv"), "123"): Text '123' is set on object 'Object Repository/mobileSanity/HBI/Page_App Page 2/input__cvv'

2019-12-17 08:24:23 - [MESSAGE][PASSED] - Text '123' is set on object 'Object Repository/mobileSanity/HBI/Page_App Page 2/input__cvv'

2019-12-17 08:24:23 - [TEST_STEP][PASSED] - click(findTestObject("mobileSanity/HBI/Page_App Page 2/label_My billing address is th")): Object: 'Object Repository/mobileSanity/HBI/Page_App Page 2/label_My billing address is th' is clicked on

2019-12-17 08:24:23 - [MESSAGE][PASSED] - Object: 'Object Repository/mobileSanity/HBI/Page_App Page 2/label_My billing address is th' is clicked on

2019-12-17 08:24:23 - [TEST_STEP][PASSED] - click(findTestObject("mobileSanity/HBI/Page_App Page 2/label_I Accept Authorization f")): Object: 'Object Repository/mobileSanity/HBI/Page_App Page 2/label_I Accept Authorization f' is clicked on

2019-12-17 08:24:23 - [MESSAGE][PASSED] - Object: 'Object Repository/mobileSanity/HBI/Page_App Page 2/label_I Accept Authorization f' is clicked on

2019-12-17 08:24:23 - [TEST_STEP][PASSED] - click(findTestObject("mobileSanity/HBI/Page_App Page 2/a_Continue to Step 3 - Review")): Object: 'Object Repository/mobileSanity/HBI/Page_App Page 2/a_Continue to Step 3 - Review' is clicked on

2019-12-17 08:24:23 - [MESSAGE][PASSED] - Object: 'Object Repository/mobileSanity/HBI/Page_App Page 2/a_Continue to Step 3 - Review' is clicked on

2019-12-17 08:24:23 - [TEST_STEP][PASSED] - waitForPageLoad(20): Wait for page load successfully

2019-12-17 08:24:25 - [MESSAGE][PASSED] - Wait for page load successfully

2019-12-17 08:24:25 - [TEST_STEP][PASSED] - Thread.sleep(10000): null

2019-12-17 08:24:35 - [TEST_STEP][PASSED] - waitForElementPresent(findTestObject("mobileSanity/HBI/Page_App Page 3/label"), 20): Object 'Object Repository/mobileSanity/HBI/Page_App Page 3/label' is present

2019-12-17 08:24:35 - [MESSAGE][PASSED] - Object 'Object Repository/mobileSanity/HBI/Page_App Page 3/label' is present

2019-12-17 08:24:35 - [TEST_STEP][PASSED] - callTestCase(findTestCase("AHI/_include/get_screenshot"), [:], STOP_ON_FAILURE): Call Test Case 'Test Cases/AHI/_include/get_screenshot' successfully

2019-12-17 08:24:35 - [TEST_CASE][PASSED] - Test Cases/AHI/_include/get_screenshot: Test Cases/AHI/_include/get_screenshot

2019-12-17 08:24:35 - [TEST_STEP][PASSED] - takeScreenshot(screenPath + i + ".png"): Taking screenshot successfully

2019-12-17 08:24:35 - [MESSAGE][PASSED] - Taking screenshot successfully
[[ATTACHMENT|D:\\Test\\AgileTest\\Reports\\AHI\\hbi\\20191217_080033\\../Screenshots/iPhone 6/hbi/Vitala Care/20191217_082330/9.png]]

2019-12-17 08:24:35 - [TEST_STEP][PASSED] - (internal.GlobalVariable.i++): null

2019-12-17 08:24:35 - [MESSAGE][PASSED] - Call Test Case 'Test Cases/AHI/_include/get_screenshot' successfully

2019-12-17 08:24:35 - [TEST_STEP][PASSED] - click(findTestObject("mobileSanity/HBI/Page_App Page 3/label")): Object: 'Object Repository/mobileSanity/HBI/Page_App Page 3/label' is clicked on

2019-12-17 08:24:35 - [MESSAGE][PASSED] - Object: 'Object Repository/mobileSanity/HBI/Page_App Page 3/label' is clicked on

2019-12-17 08:24:35 - [TEST_STEP][PASSED] - click(findTestObject("mobileSanity/HBI/Page_App Page 3/p_CLICK TO SIGN")): Object: 'Object Repository/mobileSanity/HBI/Page_App Page 3/p_CLICK TO SIGN' is clicked on

2019-12-17 08:24:35 - [MESSAGE][PASSED] - Object: 'Object Repository/mobileSanity/HBI/Page_App Page 3/p_CLICK TO SIGN' is clicked on

2019-12-17 08:24:35 - [TEST_STEP][PASSED] - click(findTestObject("mobileSanity/HBI/Page_App Page 3/a_Submit Your Application")): Object: 'Object Repository/mobileSanity/HBI/Page_App Page 3/a_Submit Your Application' is clicked on

2019-12-17 08:24:35 - [MESSAGE][PASSED] - Object: 'Object Repository/mobileSanity/HBI/Page_App Page 3/a_Submit Your Application' is clicked on

2019-12-17 08:24:35 - [TEST_STEP][PASSED] - Thread.sleep(30000): null

2019-12-17 08:25:05 - [TEST_STEP][PASSED] - callTestCase(findTestCase("AHI/_include/get_screenshot"), [:], STOP_ON_FAILURE): Call Test Case 'Test Cases/AHI/_include/get_screenshot' successfully

2019-12-17 08:25:05 - [TEST_CASE][PASSED] - Test Cases/AHI/_include/get_screenshot: Test Cases/AHI/_include/get_screenshot

2019-12-17 08:25:05 - [TEST_STEP][PASSED] - takeScreenshot(screenPath + i + ".png"): Taking screenshot successfully

2019-12-17 08:25:06 - [MESSAGE][PASSED] - Taking screenshot successfully
[[ATTACHMENT|D:\\Test\\AgileTest\\Reports\\AHI\\hbi\\20191217_080033\\../Screenshots/iPhone 6/hbi/Vitala Care/20191217_082330/10.png]]

2019-12-17 08:25:06 - [TEST_STEP][PASSED] - (internal.GlobalVariable.i++): null

2019-12-17 08:25:06 - [MESSAGE][PASSED] - Call Test Case 'Test Cases/AHI/_include/get_screenshot' successfully

2019-12-17 08:25:06 - [TEST_STEP][PASSED] - verifyTextPresent("Congratulations", false): Text 'Congratulations' is present on page 

2019-12-17 08:25:06 - [MESSAGE][PASSED] - Text 'Congratulations' is present on page 

2019-12-17 08:25:06 - [MESSAGE][PASSED] - Call Test Case 'Test Cases/AHI/_include/goToEnd_hbi' successfully]]></system-out>
         <system-err><![CDATA[]]></system-err>
      </testcase>
      <system-out><![CDATA[2019-12-17 08:11:41 - [TEST_SUITE][PASSED] - hbi: Test Cases/AHI/HBI/Vitala Care]]></system-out>
      <system-err><![CDATA[]]></system-err>
   </testsuite>
</testsuites>
