<?xml version="1.0" encoding="UTF-8"?>
<testsuites name="HIFA" time="366" tests="3" failures="0" errors="0">
   <testsuite name="HIFA" tests="3" failures="0" errors="0" time="366" timestamp="2020-03-24 08:04:48" hostname="Administrator - 172.30.0.53" id="Test Suites/PrivateLabel/HIFA">
      <properties>
         <property name="deviceName" value=""/>
         <property name="devicePlatform" value=""/>
         <property name="logFolder" value="D:\\Test\\AgileTest\\Reports\\PrivateLabel\\HIFA\\20200324_080037"/>
         <property name="logFiles" value="D:\\Test\\AgileTest\\Reports\\PrivateLabel\\HIFA\\20200324_080037\\execution0.log"/>
         <property name="attachments" value="D:\\Test\\AgileTest\\Reports\\PrivateLabel\\HIFA\\20200324_080037\\../Screenshots/iPhone 6/HIFA/Health Choice/20200324_080450/0.png, D:\\Test\\AgileTest\\Reports\\PrivateLabel\\HIFA\\20200324_080037\\../Screenshots/iPhone 6/HIFA/Health Choice/20200324_080450/1.png, D:\\Test\\AgileTest\\Reports\\PrivateLabel\\HIFA\\20200324_080037\\../Screenshots/iPhone 6/HIFA/Health Choice/20200324_080450/2.png, D:\\Test\\AgileTest\\Reports\\PrivateLabel\\HIFA\\20200324_080037\\../Screenshots/iPhone 6/HIFA/Health Choice/20200324_080450/3.png, D:\\Test\\AgileTest\\Reports\\PrivateLabel\\HIFA\\20200324_080037\\../Screenshots/iPhone 6/HIFA/Health Choice/20200324_080450/4.png, D:\\Test\\AgileTest\\Reports\\PrivateLabel\\HIFA\\20200324_080037\\../Screenshots/iPhone 6/HIFA/Health Choice/20200324_080450/5.png, D:\\Test\\AgileTest\\Reports\\PrivateLabel\\HIFA\\20200324_080037\\../Screenshots/iPhone 6/HIFA/Health Choice/20200324_080450/6.png, D:\\Test\\AgileTest\\Reports\\PrivateLabel\\HIFA\\20200324_080037\\../Screenshots/iPhone 6/HIFA/Health Choice/20200324_080450/7.png, D:\\Test\\AgileTest\\Reports\\PrivateLabel\\HIFA\\20200324_080037\\../Screenshots/iPhone 6/HIFA/Health Choice/20200324_080450/8.png, D:\\Test\\AgileTest\\Reports\\PrivateLabel\\HIFA\\20200324_080037\\../Screenshots/iPhone 6/HIFA/Health Choice/20200324_080450/9.png, D:\\Test\\AgileTest\\Reports\\PrivateLabel\\HIFA\\20200324_080037\\../Screenshots/iPhone 6/HIFA/Vitala Care/20200324_080632/0.png, D:\\Test\\AgileTest\\Reports\\PrivateLabel\\HIFA\\20200324_080037\\../Screenshots/iPhone 6/HIFA/Vitala Care/20200324_080632/1.png, D:\\Test\\AgileTest\\Reports\\PrivateLabel\\HIFA\\20200324_080037\\../Screenshots/iPhone 6/HIFA/Vitala Care/20200324_080632/2.png, D:\\Test\\AgileTest\\Reports\\PrivateLabel\\HIFA\\20200324_080037\\../Screenshots/iPhone 6/HIFA/Vitala Care/20200324_080632/3.png, D:\\Test\\AgileTest\\Reports\\PrivateLabel\\HIFA\\20200324_080037\\../Screenshots/iPhone 6/HIFA/Vitala Care/20200324_080632/4.png, D:\\Test\\AgileTest\\Reports\\PrivateLabel\\HIFA\\20200324_080037\\../Screenshots/iPhone 6/HIFA/Vitala Care/20200324_080632/5.png, D:\\Test\\AgileTest\\Reports\\PrivateLabel\\HIFA\\20200324_080037\\../Screenshots/iPhone 6/HIFA/Vitala Care/20200324_080632/6.png, D:\\Test\\AgileTest\\Reports\\PrivateLabel\\HIFA\\20200324_080037\\../Screenshots/iPhone 6/HIFA/Vitala Care/20200324_080632/7.png, D:\\Test\\AgileTest\\Reports\\PrivateLabel\\HIFA\\20200324_080037\\../Screenshots/iPhone 6/HIFA/Vitala Care/20200324_080632/8.png, D:\\Test\\AgileTest\\Reports\\PrivateLabel\\HIFA\\20200324_080037\\../Screenshots/iPhone 6/HIFA/Vitala Care/20200324_080632/9.png, D:\\Test\\AgileTest\\Reports\\PrivateLabel\\HIFA\\20200324_080037\\../Screenshots/iPhone 6/HIFA/Vitala Care/20200324_080632/10.png, D:\\Test\\AgileTest\\Reports\\PrivateLabel\\HIFA\\20200324_080037\\../Screenshots/iPhone 6/HIFA/AdvantHealth/20200324_080828/0.png, D:\\Test\\AgileTest\\Reports\\PrivateLabel\\HIFA\\20200324_080037\\../Screenshots/iPhone 6/HIFA/AdvantHealth/20200324_080828/1.png, D:\\Test\\AgileTest\\Reports\\PrivateLabel\\HIFA\\20200324_080037\\../Screenshots/iPhone 6/HIFA/AdvantHealth/20200324_080828/2.png, D:\\Test\\AgileTest\\Reports\\PrivateLabel\\HIFA\\20200324_080037\\../Screenshots/iPhone 6/HIFA/AdvantHealth/20200324_080828/3.png, D:\\Test\\AgileTest\\Reports\\PrivateLabel\\HIFA\\20200324_080037\\../Screenshots/iPhone 6/HIFA/AdvantHealth/20200324_080828/4.png, D:\\Test\\AgileTest\\Reports\\PrivateLabel\\HIFA\\20200324_080037\\../Screenshots/iPhone 6/HIFA/AdvantHealth/20200324_080828/5.png, D:\\Test\\AgileTest\\Reports\\PrivateLabel\\HIFA\\20200324_080037\\../Screenshots/iPhone 6/HIFA/AdvantHealth/20200324_080828/6.png, D:\\Test\\AgileTest\\Reports\\PrivateLabel\\HIFA\\20200324_080037\\../Screenshots/iPhone 6/HIFA/AdvantHealth/20200324_080828/7.png, D:\\Test\\AgileTest\\Reports\\PrivateLabel\\HIFA\\20200324_080037\\../Screenshots/iPhone 6/HIFA/AdvantHealth/20200324_080828/8.png, D:\\Test\\AgileTest\\Reports\\PrivateLabel\\HIFA\\20200324_080037\\../Screenshots/iPhone 6/HIFA/AdvantHealth/20200324_080828/9.png, D:\\Test\\AgileTest\\Reports\\PrivateLabel\\HIFA\\20200324_080037\\../Screenshots/iPhone 6/HIFA/AdvantHealth/20200324_080828/10.png"/>
         <property name="hostName" value="Administrator - 172.30.0.53"/>
         <property name="os" value="Windows Server 2012 R2 64bit"/>
         <property name="katalonVersion" value="5.10.1.1"/>
         <property name="browser" value="Safari 11"/>
         <property name="hostAddress" value="172.30.0.53"/>
         <property name="sessionId" value="27920a304881edbf4260c61e50bd331e"/>
         <property name="seleniumVersion" value="3.7.1"/>
         <property name="proxyInformation" value="ProxyInformation{proxyOption=NO_PROXY, proxyServerType=HTTP, password=, proxyServerAddress=, proxyServerPort=0}"/>
         <property name="platform" value="Windows Server 2012 R2"/>
      </properties>
      <testcase name="Test Cases/PL Site/HIFA/hbi/Health Choice" classname="Test Cases/PL Site/HIFA/hbi/Health Choice" status="PASSED">
         <system-out><![CDATA[2020-03-24 08:04:49 - [TEST_CASE][PASSED] - Test Cases/PL Site/HIFA/hbi/Health Choice: Test Cases/PL Site/HIFA/hbi/Health Choice

2020-03-24 08:04:49 - [TEST_STEP][PASSED] - callTestCase(findTestCase("AHI/_include/get_screenPath"), ["productLine":"HIFA", "carrierName":"Health Choice"], CONTINUE_ON_FAILURE): Call Test Case 'Test Cases/AHI/_include/get_screenPath' successfully

2020-03-24 08:04:50 - [TEST_CASE][PASSED] - Test Cases/AHI/_include/get_screenPath: Test Cases/AHI/_include/get_screenPath

2020-03-24 08:04:50 - [TEST_STEP][PASSED] - m = getExecutionProperties(): null

2020-03-24 08:04:50 - [TEST_STEP][PASSED] - deviceName = get("mobileEmulation").get("deviceName"): null

2020-03-24 08:04:50 - [TEST_STEP][PASSED] - println(deviceName): null

2020-03-24 08:04:50 - [TEST_STEP][PASSED] - now = new java.util.Date(): null

2020-03-24 08:04:50 - [TEST_STEP][PASSED] - mydate = now.format("yyyyMMdd_HHmmss"): null

2020-03-24 08:04:50 - [TEST_STEP][PASSED] - screenPath = "../Screenshots/": null

2020-03-24 08:04:50 - [TEST_STEP][PASSED] - screenPath = screenPath + deviceName + "/" + productLine + "/" + carrierName + "/" + mydate + "/": null

2020-03-24 08:04:50 - [TEST_STEP][PASSED] - println(screenPath): null

2020-03-24 08:04:50 - [MESSAGE][PASSED] - Call Test Case 'Test Cases/AHI/_include/get_screenPath' successfully

2020-03-24 08:04:50 - [TEST_STEP][PASSED] - i = 0: null

2020-03-24 08:04:50 - [TEST_STEP][PASSED] - callTestCase(findTestCase("AHI/_include/openWebSite"), ["env":"https://hifa--qa.storefront.mybenefitskeeper.com"], STOP_ON_FAILURE): Call Test Case 'Test Cases/AHI/_include/openWebSite' successfully

2020-03-24 08:04:50 - [TEST_CASE][PASSED] - Test Cases/AHI/_include/openWebSite: Test Cases/AHI/_include/openWebSite

2020-03-24 08:04:50 - [TEST_STEP][PASSED] - openBrowser(env): Browser is opened with url: 'https://hifa--qa.storefront.mybenefitskeeper.com'

2020-03-24 08:04:51 - [MESSAGE][INFO] - Starting 'Chrome' driver

2020-03-24 08:04:51 - [MESSAGE][INFO] - User set preference: ['mobileEmulation', '{deviceName=iPhone 6}']

2020-03-24 08:04:51 - [MESSAGE][INFO] - User set preference: ['args', '[--incognito, --aggressive-cache-discard, --window-size=375,677, --no-sandbox, --ignore-certificate-errors]']

2020-03-24 08:04:51 - [MESSAGE][INFO] - Action delay is set to 0 seconds

2020-03-24 08:04:55 - [MESSAGE][PASSED] - Browser is opened with url: 'https://hifa--qa.storefront.mybenefitskeeper.com'

2020-03-24 08:04:55 - [TEST_STEP][PASSED] - waitForPageLoad(20): Wait for page load successfully

2020-03-24 08:04:56 - [MESSAGE][PASSED] - Wait for page load successfully

2020-03-24 08:04:56 - [TEST_STEP][PASSED] - callTestCase(findTestCase("AHI/_include/get_screenshot"), [:], STOP_ON_FAILURE): Call Test Case 'Test Cases/AHI/_include/get_screenshot' successfully

2020-03-24 08:04:56 - [TEST_CASE][PASSED] - Test Cases/AHI/_include/get_screenshot: Test Cases/AHI/_include/get_screenshot

2020-03-24 08:04:56 - [TEST_STEP][PASSED] - Thread.sleep(1000): null

2020-03-24 08:04:57 - [TEST_STEP][PASSED] - takeScreenshot(screenPath + i + ".png"): Taking screenshot successfully

2020-03-24 08:04:57 - [MESSAGE][PASSED] - Taking screenshot successfully
[[ATTACHMENT|D:\\Test\\AgileTest\\Reports\\PrivateLabel\\HIFA\\20200324_080037\\../Screenshots/iPhone 6/HIFA/Health Choice/20200324_080450/0.png]]

2020-03-24 08:04:57 - [TEST_STEP][PASSED] - (internal.GlobalVariable.i++): null

2020-03-24 08:04:57 - [MESSAGE][PASSED] - Call Test Case 'Test Cases/AHI/_include/get_screenshot' successfully

2020-03-24 08:04:57 - [MESSAGE][PASSED] - Call Test Case 'Test Cases/AHI/_include/openWebSite' successfully

2020-03-24 08:04:57 - [TEST_STEP][PASSED] - callTestCase(findTestCase("PL Site/_include/census_hbi"), ["zipcode":"35215"], CONTINUE_ON_FAILURE): Call Test Case 'Test Cases/PL Site/_include/census_hbi' successfully

2020-03-24 08:04:57 - [TEST_CASE][PASSED] - Test Cases/PL Site/_include/census_hbi: Test Cases/PL Site/_include/census_hbi

2020-03-24 08:04:58 - [TEST_STEP][PASSED] - click(findTestObject("mobileSanity/Common/side_nav/menu")): Object: 'Object Repository/mobileSanity/Common/side_nav/menu' is clicked on

2020-03-24 08:04:58 - [MESSAGE][PASSED] - Object: 'Object Repository/mobileSanity/Common/side_nav/menu' is clicked on

2020-03-24 08:04:58 - [TEST_STEP][PASSED] - Thread.sleep(3000): null

2020-03-24 08:05:01 - [TEST_STEP][PASSED] - callTestCase(findTestCase("AHI/_include/get_screenshot"), [:], STOP_ON_FAILURE): Call Test Case 'Test Cases/AHI/_include/get_screenshot' successfully

2020-03-24 08:05:01 - [TEST_CASE][PASSED] - Test Cases/AHI/_include/get_screenshot: Test Cases/AHI/_include/get_screenshot

2020-03-24 08:05:01 - [TEST_STEP][PASSED] - Thread.sleep(1000): null

2020-03-24 08:05:02 - [TEST_STEP][PASSED] - takeScreenshot(screenPath + i + ".png"): Taking screenshot successfully

2020-03-24 08:05:03 - [MESSAGE][PASSED] - Taking screenshot successfully
[[ATTACHMENT|D:\\Test\\AgileTest\\Reports\\PrivateLabel\\HIFA\\20200324_080037\\../Screenshots/iPhone 6/HIFA/Health Choice/20200324_080450/1.png]]

2020-03-24 08:05:03 - [TEST_STEP][PASSED] - (internal.GlobalVariable.i++): null

2020-03-24 08:05:03 - [MESSAGE][PASSED] - Call Test Case 'Test Cases/AHI/_include/get_screenshot' successfully

2020-03-24 08:05:03 - [TEST_STEP][PASSED] - click(findTestObject("PLSite/pl_nav_hbi")): Object: 'Object Repository/PLSite/pl_nav_hbi' is clicked on

2020-03-24 08:05:04 - [MESSAGE][PASSED] - Object: 'Object Repository/PLSite/pl_nav_hbi' is clicked on

2020-03-24 08:05:04 - [TEST_STEP][PASSED] - waitForPageLoad(10): Wait for page load successfully

2020-03-24 08:05:04 - [MESSAGE][PASSED] - Wait for page load successfully

2020-03-24 08:05:04 - [TEST_STEP][PASSED] - Thread.sleep(3000): null

2020-03-24 08:05:07 - [TEST_STEP][PASSED] - callTestCase(findTestCase("AHI/_include/get_screenshot"), [:], STOP_ON_FAILURE): Call Test Case 'Test Cases/AHI/_include/get_screenshot' successfully

2020-03-24 08:05:07 - [TEST_CASE][PASSED] - Test Cases/AHI/_include/get_screenshot: Test Cases/AHI/_include/get_screenshot

2020-03-24 08:05:07 - [TEST_STEP][PASSED] - Thread.sleep(1000): null

2020-03-24 08:05:08 - [TEST_STEP][PASSED] - takeScreenshot(screenPath + i + ".png"): Taking screenshot successfully

2020-03-24 08:05:09 - [MESSAGE][PASSED] - Taking screenshot successfully
[[ATTACHMENT|D:\\Test\\AgileTest\\Reports\\PrivateLabel\\HIFA\\20200324_080037\\../Screenshots/iPhone 6/HIFA/Health Choice/20200324_080450/2.png]]

2020-03-24 08:05:09 - [TEST_STEP][PASSED] - (internal.GlobalVariable.i++): null

2020-03-24 08:05:09 - [MESSAGE][PASSED] - Call Test Case 'Test Cases/AHI/_include/get_screenshot' successfully

2020-03-24 08:05:09 - [TEST_STEP][PASSED] - setText(findTestObject("mobileSanity/HBI/census/input_Location_zip-input"), zipcode): Text '35215' is set on object 'Object Repository/mobileSanity/HBI/census/input_Location_zip-input'

2020-03-24 08:05:10 - [MESSAGE][PASSED] - Text '35215' is set on object 'Object Repository/mobileSanity/HBI/census/input_Location_zip-input'

2020-03-24 08:05:10 - [TEST_STEP][PASSED] - Thread.sleep(500): null

2020-03-24 08:05:10 - [TEST_STEP][PASSED] - setText(findTestObject("mobileSanity/HBI/census/input_Date of Birth_dob-0"), "12121980"): Text '12121980' is set on object 'Object Repository/mobileSanity/HBI/census/input_Date of Birth_dob-0'

2020-03-24 08:05:10 - [MESSAGE][PASSED] - Text '12121980' is set on object 'Object Repository/mobileSanity/HBI/census/input_Date of Birth_dob-0'

2020-03-24 08:05:10 - [TEST_STEP][PASSED] - click(findTestObject("mobileSanity/HBI/census/label_Male")): Object: 'Object Repository/mobileSanity/HBI/census/label_Male' is clicked on

2020-03-24 08:05:10 - [MESSAGE][PASSED] - Object: 'Object Repository/mobileSanity/HBI/census/label_Male' is clicked on

2020-03-24 08:05:11 - [TEST_STEP][PASSED] - click(findTestObject("mobileSanity/HBI/census/label_Get a Quote")): Object: 'Object Repository/mobileSanity/HBI/census/label_Get a Quote' is clicked on

2020-03-24 08:05:12 - [MESSAGE][PASSED] - Object: 'Object Repository/mobileSanity/HBI/census/label_Get a Quote' is clicked on

2020-03-24 08:05:12 - [TEST_STEP][PASSED] - waitForPageLoad(20): Wait for page load successfully

2020-03-24 08:05:12 - [MESSAGE][PASSED] - Wait for page load successfully

2020-03-24 08:05:12 - [TEST_STEP][PASSED] - Thread.sleep(3000): null

2020-03-24 08:05:15 - [TEST_STEP][PASSED] - callTestCase(findTestCase("AHI/_include/check_quoteleadform"), [:], STOP_ON_FAILURE): Call Test Case 'Test Cases/AHI/_include/check_quoteleadform' successfully

2020-03-24 08:05:15 - [TEST_CASE][PASSED] - Test Cases/AHI/_include/check_quoteleadform: Test Cases/AHI/_include/check_quoteleadform

2020-03-24 08:05:15 - [TEST_STEP][PASSED] - callTestCase(findTestCase("AHI/_include/name"), [:], CONTINUE_ON_FAILURE): Call Test Case 'Test Cases/AHI/_include/name' successfully

2020-03-24 08:05:15 - [TEST_CASE][PASSED] - Test Cases/AHI/_include/name: Test Cases/AHI/_include/name

2020-03-24 08:05:16 - [TEST_STEP][PASSED] - driver = getWebDriver(): null

2020-03-24 08:05:16 - [TEST_STEP][PASSED] - selenium = new com.thoughtworks.selenium.webdriven.WebDriverBackedSelenium(driver, internal.GlobalVariable.ENV): null

2020-03-24 08:05:16 - [TEST_STEP][PASSED] - FirstName = "Test-123": null

2020-03-24 08:05:16 - [TEST_STEP][PASSED] - LastName = selenium.getEval("{var x="ABCDEFGHIJKLMNOPQRSTUVWXYZabcdefghijklmnopqrstuvwxyz"; var tmp="ZZ11-"; for (i=0;i<8;i++) tmp+=x.charAt(Math.ceil(51*Math.random()));tmp;}"): null

2020-03-24 08:05:16 - [TEST_STEP][PASSED] - Address = selenium.getEval("{var x="ABCDEFGHIJKLMNOPQRSTUVWXYZabcdefghijklmnopqrstuvwxyz"; var tmp=""; for (i=0;i<8;i++) tmp+=x.charAt(Math.ceil(51*Math.random()));tmp;}"): null

2020-03-24 08:05:16 - [TEST_STEP][PASSED] - City = selenium.getEval("{var x="ABCDEFGHIJKLMNOPQRSTUVWXYZabcdefghijklmnopqrstuvwxyz"; var tmp=""; for (i=0;i<8;i++) tmp+=x.charAt(Math.ceil(51*Math.random()));tmp;}"): null

2020-03-24 08:05:16 - [TEST_STEP][PASSED] - tel1 = selenium.getEval("{var x="123456789"; var tmp=""; for (i=0;i<3;i++) tmp+=x.charAt(Math.ceil(8*Math.random()));tmp;}"): null

2020-03-24 08:05:16 - [TEST_STEP][PASSED] - tel2 = selenium.getEval("{var x="123456789"; var tmp=""; for (i=0;i<3;i++) tmp+=x.charAt(Math.ceil(8*Math.random()));tmp;}"): null

2020-03-24 08:05:16 - [TEST_STEP][PASSED] - tel3 = selenium.getEval("{var x="123456789"; var tmp=""; for (i=0;i<4;i++) tmp+=x.charAt(Math.ceil(8*Math.random()));tmp;}"): null

2020-03-24 08:05:16 - [TEST_STEP][PASSED] - Tel = selenium.getExpression(tel1 + "-" + tel2 + "-" + tel3): null

2020-03-24 08:05:16 - [TEST_STEP][PASSED] - AutoEmail = selenium.getEval("{var x="ABCDEFGHIJKLMNOPQRSTUVWXYZabcdefghijklmnopqrstuvwxyz"; var tmp="test."; for (i=0;i<8;i++) tmp+=x.charAt(Math.ceil(51*Math.random()));tmp+="@suryani.cn";}"): null

2020-03-24 08:05:16 - [TEST_STEP][PASSED] - FirstName = FirstName: null

2020-03-24 08:05:16 - [TEST_STEP][PASSED] - LastName = LastName: null

2020-03-24 08:05:16 - [TEST_STEP][PASSED] - Address = Address: null

2020-03-24 08:05:16 - [TEST_STEP][PASSED] - City = City: null

2020-03-24 08:05:16 - [TEST_STEP][PASSED] - Tel = Tel: null

2020-03-24 08:05:16 - [TEST_STEP][PASSED] - AutoEmail = AutoEmail: null

2020-03-24 08:05:16 - [TEST_STEP][PASSED] - println(FirstName): null

2020-03-24 08:05:16 - [TEST_STEP][PASSED] - println(LastName): null

2020-03-24 08:05:16 - [TEST_STEP][PASSED] - println(Address): null

2020-03-24 08:05:16 - [TEST_STEP][PASSED] - println(City): null

2020-03-24 08:05:16 - [TEST_STEP][PASSED] - println(Tel): null

2020-03-24 08:05:16 - [TEST_STEP][PASSED] - println(AutoEmail): null

2020-03-24 08:05:16 - [MESSAGE][PASSED] - Call Test Case 'Test Cases/AHI/_include/name' successfully

2020-03-24 08:05:16 - [TEST_STEP][PASSED] - leadform_exist = test.MobileKeywords.isElementPresent_Web(findTestObject("mobileSanity/quote lead form/lead_form"), 20): test.MobileKeywords.isElementPresent_Web is PASSED

2020-03-24 08:05:42 - [MESSAGE][INFO] - Unable to find the element located by 'By.xpath: //*[@id = 'lightboxLeadForm']'. Please recheck the objects properties to make sure the desired element is located. 

2020-03-24 08:05:42 - [MESSAGE][PASSED] - test.MobileKeywords.isElementPresent_Web is PASSED

2020-03-24 08:05:42 - [TEST_STEP][PASSED] - if (leadform_exist): null

2020-03-24 08:05:42 - [MESSAGE][PASSED] - Call Test Case 'Test Cases/AHI/_include/check_quoteleadform' successfully

2020-03-24 08:05:42 - [TEST_STEP][PASSED] - callTestCase(findTestCase("AHI/_include/get_screenshot"), [:], STOP_ON_FAILURE): Call Test Case 'Test Cases/AHI/_include/get_screenshot' successfully

2020-03-24 08:05:42 - [TEST_CASE][PASSED] - Test Cases/AHI/_include/get_screenshot: Test Cases/AHI/_include/get_screenshot

2020-03-24 08:05:42 - [TEST_STEP][PASSED] - Thread.sleep(1000): null

2020-03-24 08:05:43 - [TEST_STEP][PASSED] - takeScreenshot(screenPath + i + ".png"): Taking screenshot successfully

2020-03-24 08:05:43 - [MESSAGE][PASSED] - Taking screenshot successfully
[[ATTACHMENT|D:\\Test\\AgileTest\\Reports\\PrivateLabel\\HIFA\\20200324_080037\\../Screenshots/iPhone 6/HIFA/Health Choice/20200324_080450/3.png]]

2020-03-24 08:05:43 - [TEST_STEP][PASSED] - (internal.GlobalVariable.i++): null

2020-03-24 08:05:43 - [MESSAGE][PASSED] - Call Test Case 'Test Cases/AHI/_include/get_screenshot' successfully

2020-03-24 08:05:43 - [MESSAGE][PASSED] - Call Test Case 'Test Cases/PL Site/_include/census_hbi' successfully

2020-03-24 08:05:43 - [TEST_STEP][PASSED] - Thread.sleep(5000): null

2020-03-24 08:05:48 - [TEST_STEP][PASSED] - scrollToPosition(200, 2300): Browser is scrolled to position x = 200, y = 2300

2020-03-24 08:05:48 - [MESSAGE][PASSED] - Browser is scrolled to position x = 200, y = 2300

2020-03-24 08:05:48 - [TEST_STEP][PASSED] - click(findTestObject("mobileSanity/HBI/quote/a_Health Choice")): Object: 'Object Repository/mobileSanity/HBI/quote/a_Health Choice' is clicked on

2020-03-24 08:05:49 - [MESSAGE][PASSED] - Object: 'Object Repository/mobileSanity/HBI/quote/a_Health Choice' is clicked on

2020-03-24 08:05:49 - [TEST_STEP][PASSED] - waitForPageLoad(10): Wait for page load successfully

2020-03-24 08:05:49 - [MESSAGE][PASSED] - Wait for page load successfully

2020-03-24 08:05:49 - [TEST_STEP][PASSED] - callTestCase(findTestCase("AHI/_include/get_screenshot"), [:], STOP_ON_FAILURE): Call Test Case 'Test Cases/AHI/_include/get_screenshot' successfully

2020-03-24 08:05:50 - [TEST_CASE][PASSED] - Test Cases/AHI/_include/get_screenshot: Test Cases/AHI/_include/get_screenshot

2020-03-24 08:05:50 - [TEST_STEP][PASSED] - Thread.sleep(1000): null

2020-03-24 08:05:51 - [TEST_STEP][PASSED] - takeScreenshot(screenPath + i + ".png"): Taking screenshot successfully

2020-03-24 08:05:51 - [MESSAGE][PASSED] - Taking screenshot successfully
[[ATTACHMENT|D:\\Test\\AgileTest\\Reports\\PrivateLabel\\HIFA\\20200324_080037\\../Screenshots/iPhone 6/HIFA/Health Choice/20200324_080450/4.png]]

2020-03-24 08:05:51 - [TEST_STEP][PASSED] - (internal.GlobalVariable.i++): null

2020-03-24 08:05:51 - [MESSAGE][PASSED] - Call Test Case 'Test Cases/AHI/_include/get_screenshot' successfully

2020-03-24 08:05:51 - [TEST_STEP][PASSED] - click(findTestObject("mobileSanity/HBI/detail/a_Apply for This Plan")): Object: 'Object Repository/mobileSanity/HBI/detail/a_Apply for This Plan' is clicked on

2020-03-24 08:05:52 - [MESSAGE][PASSED] - Object: 'Object Repository/mobileSanity/HBI/detail/a_Apply for This Plan' is clicked on

2020-03-24 08:05:52 - [TEST_STEP][PASSED] - waitForPageLoad(10): Wait for page load successfully

2020-03-24 08:05:52 - [MESSAGE][PASSED] - Wait for page load successfully

2020-03-24 08:05:52 - [TEST_STEP][PASSED] - callTestCase(findTestCase("AHI/_include/get_screenshot"), [:], STOP_ON_FAILURE): Call Test Case 'Test Cases/AHI/_include/get_screenshot' successfully

2020-03-24 08:05:52 - [TEST_CASE][PASSED] - Test Cases/AHI/_include/get_screenshot: Test Cases/AHI/_include/get_screenshot

2020-03-24 08:05:52 - [TEST_STEP][PASSED] - Thread.sleep(1000): null

2020-03-24 08:05:54 - [TEST_STEP][PASSED] - takeScreenshot(screenPath + i + ".png"): Taking screenshot successfully

2020-03-24 08:05:55 - [MESSAGE][PASSED] - Taking screenshot successfully
[[ATTACHMENT|D:\\Test\\AgileTest\\Reports\\PrivateLabel\\HIFA\\20200324_080037\\../Screenshots/iPhone 6/HIFA/Health Choice/20200324_080450/5.png]]

2020-03-24 08:05:55 - [TEST_STEP][PASSED] - (internal.GlobalVariable.i++): null

2020-03-24 08:05:55 - [MESSAGE][PASSED] - Call Test Case 'Test Cases/AHI/_include/get_screenshot' successfully

2020-03-24 08:05:55 - [TEST_STEP][PASSED] - click(findTestObject("mobileSanity/HBI/Page_Apply/span_Start Secure Application")): Object: 'Object Repository/mobileSanity/HBI/Page_Apply/span_Start Secure Application' is clicked on

2020-03-24 08:05:56 - [MESSAGE][PASSED] - Object: 'Object Repository/mobileSanity/HBI/Page_Apply/span_Start Secure Application' is clicked on

2020-03-24 08:05:56 - [TEST_STEP][PASSED] - waitForPageLoad(10): Wait for page load successfully

2020-03-24 08:05:56 - [MESSAGE][PASSED] - Wait for page load successfully

2020-03-24 08:05:56 - [TEST_STEP][PASSED] - callTestCase(findTestCase("AHI/_include/get_screenshot"), [:], STOP_ON_FAILURE): Call Test Case 'Test Cases/AHI/_include/get_screenshot' successfully

2020-03-24 08:05:56 - [TEST_CASE][PASSED] - Test Cases/AHI/_include/get_screenshot: Test Cases/AHI/_include/get_screenshot

2020-03-24 08:05:56 - [TEST_STEP][PASSED] - Thread.sleep(1000): null

2020-03-24 08:05:57 - [TEST_STEP][PASSED] - takeScreenshot(screenPath + i + ".png"): Taking screenshot successfully

2020-03-24 08:05:57 - [MESSAGE][PASSED] - Taking screenshot successfully
[[ATTACHMENT|D:\\Test\\AgileTest\\Reports\\PrivateLabel\\HIFA\\20200324_080037\\../Screenshots/iPhone 6/HIFA/Health Choice/20200324_080450/6.png]]

2020-03-24 08:05:57 - [TEST_STEP][PASSED] - (internal.GlobalVariable.i++): null

2020-03-24 08:05:57 - [MESSAGE][PASSED] - Call Test Case 'Test Cases/AHI/_include/get_screenshot' successfully

2020-03-24 08:05:57 - [TEST_STEP][PASSED] - callTestCase(findTestCase("AHI/_include/goToEnd_hbi"), ["carrier":"healthchoiceplus"], CONTINUE_ON_FAILURE): Call Test Case 'Test Cases/AHI/_include/goToEnd_hbi' successfully

2020-03-24 08:05:58 - [TEST_CASE][PASSED] - Test Cases/AHI/_include/goToEnd_hbi: Test Cases/AHI/_include/goToEnd_hbi

2020-03-24 08:05:58 - [TEST_STEP][PASSED] - if (state == "ca"): null

2020-03-24 08:05:58 - [TEST_STEP][PASSED] - callTestCase(findTestCase("AHI/_include/name"), [:], CONTINUE_ON_FAILURE): Call Test Case 'Test Cases/AHI/_include/name' successfully

2020-03-24 08:05:58 - [TEST_CASE][PASSED] - Test Cases/AHI/_include/name: Test Cases/AHI/_include/name

2020-03-24 08:05:58 - [TEST_STEP][PASSED] - driver = getWebDriver(): null

2020-03-24 08:05:58 - [TEST_STEP][PASSED] - selenium = new com.thoughtworks.selenium.webdriven.WebDriverBackedSelenium(driver, internal.GlobalVariable.ENV): null

2020-03-24 08:05:58 - [TEST_STEP][PASSED] - FirstName = "Test-123": null

2020-03-24 08:05:58 - [TEST_STEP][PASSED] - LastName = selenium.getEval("{var x="ABCDEFGHIJKLMNOPQRSTUVWXYZabcdefghijklmnopqrstuvwxyz"; var tmp="ZZ11-"; for (i=0;i<8;i++) tmp+=x.charAt(Math.ceil(51*Math.random()));tmp;}"): null

2020-03-24 08:05:59 - [TEST_STEP][PASSED] - Address = selenium.getEval("{var x="ABCDEFGHIJKLMNOPQRSTUVWXYZabcdefghijklmnopqrstuvwxyz"; var tmp=""; for (i=0;i<8;i++) tmp+=x.charAt(Math.ceil(51*Math.random()));tmp;}"): null

2020-03-24 08:05:59 - [TEST_STEP][PASSED] - City = selenium.getEval("{var x="ABCDEFGHIJKLMNOPQRSTUVWXYZabcdefghijklmnopqrstuvwxyz"; var tmp=""; for (i=0;i<8;i++) tmp+=x.charAt(Math.ceil(51*Math.random()));tmp;}"): null

2020-03-24 08:05:59 - [TEST_STEP][PASSED] - tel1 = selenium.getEval("{var x="123456789"; var tmp=""; for (i=0;i<3;i++) tmp+=x.charAt(Math.ceil(8*Math.random()));tmp;}"): null

2020-03-24 08:05:59 - [TEST_STEP][PASSED] - tel2 = selenium.getEval("{var x="123456789"; var tmp=""; for (i=0;i<3;i++) tmp+=x.charAt(Math.ceil(8*Math.random()));tmp;}"): null

2020-03-24 08:05:59 - [TEST_STEP][PASSED] - tel3 = selenium.getEval("{var x="123456789"; var tmp=""; for (i=0;i<4;i++) tmp+=x.charAt(Math.ceil(8*Math.random()));tmp;}"): null

2020-03-24 08:05:59 - [TEST_STEP][PASSED] - Tel = selenium.getExpression(tel1 + "-" + tel2 + "-" + tel3): null

2020-03-24 08:05:59 - [TEST_STEP][PASSED] - AutoEmail = selenium.getEval("{var x="ABCDEFGHIJKLMNOPQRSTUVWXYZabcdefghijklmnopqrstuvwxyz"; var tmp="test."; for (i=0;i<8;i++) tmp+=x.charAt(Math.ceil(51*Math.random()));tmp+="@suryani.cn";}"): null

2020-03-24 08:05:59 - [TEST_STEP][PASSED] - FirstName = FirstName: null

2020-03-24 08:05:59 - [TEST_STEP][PASSED] - LastName = LastName: null

2020-03-24 08:05:59 - [TEST_STEP][PASSED] - Address = Address: null

2020-03-24 08:05:59 - [TEST_STEP][PASSED] - City = City: null

2020-03-24 08:05:59 - [TEST_STEP][PASSED] - Tel = Tel: null

2020-03-24 08:05:59 - [TEST_STEP][PASSED] - AutoEmail = AutoEmail: null

2020-03-24 08:05:59 - [TEST_STEP][PASSED] - println(FirstName): null

2020-03-24 08:05:59 - [TEST_STEP][PASSED] - println(LastName): null

2020-03-24 08:05:59 - [TEST_STEP][PASSED] - println(Address): null

2020-03-24 08:05:59 - [TEST_STEP][PASSED] - println(City): null

2020-03-24 08:05:59 - [TEST_STEP][PASSED] - println(Tel): null

2020-03-24 08:05:59 - [TEST_STEP][PASSED] - println(AutoEmail): null

2020-03-24 08:05:59 - [MESSAGE][PASSED] - Call Test Case 'Test Cases/AHI/_include/name' successfully

2020-03-24 08:05:59 - [TEST_STEP][PASSED] - setText(findTestObject("mobileSanity/HBI/Page_App Page 1/input__member-P-1-firstName"), FirstName): Text 'Test-123' is set on object 'Object Repository/mobileSanity/HBI/Page_App Page 1/input__member-P-1-firstName'

2020-03-24 08:06:00 - [MESSAGE][PASSED] - Text 'Test-123' is set on object 'Object Repository/mobileSanity/HBI/Page_App Page 1/input__member-P-1-firstName'

2020-03-24 08:06:00 - [TEST_STEP][PASSED] - setText(findTestObject("mobileSanity/HBI/Page_App Page 1/input__member-P-1-lastName"), LastName): Text 'ZZ11-mnKLfPHM' is set on object 'Object Repository/mobileSanity/HBI/Page_App Page 1/input__member-P-1-lastName'

2020-03-24 08:06:00 - [MESSAGE][PASSED] - Text 'ZZ11-mnKLfPHM' is set on object 'Object Repository/mobileSanity/HBI/Page_App Page 1/input__member-P-1-lastName'

2020-03-24 08:06:00 - [TEST_STEP][PASSED] - if (carrier == "agileone" || carrier == "agilesecure"): null

2020-03-24 08:06:00 - [TEST_STEP][PASSED] - setText(findTestObject("mobileSanity/HBI/Page_App Page 1/input__address"), Address): Text 'tGrHezea' is set on object 'Object Repository/mobileSanity/HBI/Page_App Page 1/input__address'

2020-03-24 08:06:01 - [MESSAGE][PASSED] - Text 'tGrHezea' is set on object 'Object Repository/mobileSanity/HBI/Page_App Page 1/input__address'

2020-03-24 08:06:01 - [TEST_STEP][PASSED] - setText(findTestObject("mobileSanity/HBI/Page_App Page 1/input__city"), City): Text 'nQGeMFdd' is set on object 'Object Repository/mobileSanity/HBI/Page_App Page 1/input__city'

2020-03-24 08:06:01 - [MESSAGE][PASSED] - Text 'nQGeMFdd' is set on object 'Object Repository/mobileSanity/HBI/Page_App Page 1/input__city'

2020-03-24 08:06:01 - [TEST_STEP][PASSED] - setText(findTestObject("mobileSanity/HBI/Page_App Page 1/input__email"), AutoEmail): Text 'test.jEXailVd@suryani.cn' is set on object 'Object Repository/mobileSanity/HBI/Page_App Page 1/input__email'

2020-03-24 08:06:02 - [MESSAGE][PASSED] - Text 'test.jEXailVd@suryani.cn' is set on object 'Object Repository/mobileSanity/HBI/Page_App Page 1/input__email'

2020-03-24 08:06:02 - [TEST_STEP][PASSED] - setText(findTestObject("mobileSanity/HBI/Page_App Page 1/input_tel"), Tel): Text '663-356-2538' is set on object 'Object Repository/mobileSanity/HBI/Page_App Page 1/input_tel'

2020-03-24 08:06:02 - [MESSAGE][PASSED] - Text '663-356-2538' is set on object 'Object Repository/mobileSanity/HBI/Page_App Page 1/input_tel'

2020-03-24 08:06:02 - [TEST_STEP][PASSED] - Thread.sleep(5000): null

2020-03-24 08:06:07 - [TEST_STEP][PASSED] - click(findTestObject("mobileSanity/HBI/Page_App Page 1/a_Continue to Step 2 - Payment")): Object: 'Object Repository/mobileSanity/HBI/Page_App Page 1/a_Continue to Step 2 - Payment' is clicked on

2020-03-24 08:06:07 - [MESSAGE][PASSED] - Object: 'Object Repository/mobileSanity/HBI/Page_App Page 1/a_Continue to Step 2 - Payment' is clicked on

2020-03-24 08:06:07 - [TEST_STEP][PASSED] - waitForPageLoad(20): Wait for page load successfully

2020-03-24 08:06:07 - [MESSAGE][PASSED] - Wait for page load successfully

2020-03-24 08:06:07 - [TEST_STEP][PASSED] - Thread.sleep(2000): null

2020-03-24 08:06:09 - [TEST_STEP][PASSED] - waitForElementVisible(findTestObject("mobileSanity/HBI/Page_App Page 2/input__credit-card-first"), 20): Object 'Object Repository/mobileSanity/HBI/Page_App Page 2/input__credit-card-first' is visible

2020-03-24 08:06:10 - [MESSAGE][PASSED] - Object 'Object Repository/mobileSanity/HBI/Page_App Page 2/input__credit-card-first' is visible

2020-03-24 08:06:10 - [TEST_STEP][PASSED] - callTestCase(findTestCase("AHI/_include/get_screenshot"), [:], STOP_ON_FAILURE): Call Test Case 'Test Cases/AHI/_include/get_screenshot' successfully

2020-03-24 08:06:10 - [TEST_CASE][PASSED] - Test Cases/AHI/_include/get_screenshot: Test Cases/AHI/_include/get_screenshot

2020-03-24 08:06:10 - [TEST_STEP][PASSED] - Thread.sleep(1000): null

2020-03-24 08:06:11 - [TEST_STEP][PASSED] - takeScreenshot(screenPath + i + ".png"): Taking screenshot successfully

2020-03-24 08:06:11 - [MESSAGE][PASSED] - Taking screenshot successfully
[[ATTACHMENT|D:\\Test\\AgileTest\\Reports\\PrivateLabel\\HIFA\\20200324_080037\\../Screenshots/iPhone 6/HIFA/Health Choice/20200324_080450/7.png]]

2020-03-24 08:06:11 - [TEST_STEP][PASSED] - (internal.GlobalVariable.i++): null

2020-03-24 08:06:11 - [MESSAGE][PASSED] - Call Test Case 'Test Cases/AHI/_include/get_screenshot' successfully

2020-03-24 08:06:11 - [TEST_STEP][PASSED] - setText(findTestObject("mobileSanity/HBI/Page_App Page 2/input__credit-card-first"), FirstName): Text 'Test-123' is set on object 'Object Repository/mobileSanity/HBI/Page_App Page 2/input__credit-card-first'

2020-03-24 08:06:11 - [MESSAGE][PASSED] - Text 'Test-123' is set on object 'Object Repository/mobileSanity/HBI/Page_App Page 2/input__credit-card-first'

2020-03-24 08:06:11 - [TEST_STEP][PASSED] - setText(findTestObject("mobileSanity/HBI/Page_App Page 2/input__credit-card-last"), LastName): Text 'ZZ11-mnKLfPHM' is set on object 'Object Repository/mobileSanity/HBI/Page_App Page 2/input__credit-card-last'

2020-03-24 08:06:12 - [MESSAGE][PASSED] - Text 'ZZ11-mnKLfPHM' is set on object 'Object Repository/mobileSanity/HBI/Page_App Page 2/input__credit-card-last'

2020-03-24 08:06:12 - [TEST_STEP][PASSED] - selectOptionByValue(findTestObject("mobileSanity/HBI/Page_App Page 2/select_MM010203040506070809101"), "12", true): All options with value '12' are selected in object 'Object Repository/mobileSanity/HBI/Page_App Page 2/select_MM010203040506070809101'  using regular expression

2020-03-24 08:06:12 - [MESSAGE][PASSED] - All options with value '12' are selected in object 'Object Repository/mobileSanity/HBI/Page_App Page 2/select_MM010203040506070809101'  using regular expression

2020-03-24 08:06:12 - [TEST_STEP][PASSED] - selectOptionByValue(findTestObject("mobileSanity/HBI/Page_App Page 2/select_YYYY2019202020212022202"), "2026", true): All options with value '2026' are selected in object 'Object Repository/mobileSanity/HBI/Page_App Page 2/select_YYYY2019202020212022202'  using regular expression

2020-03-24 08:06:13 - [MESSAGE][PASSED] - All options with value '2026' are selected in object 'Object Repository/mobileSanity/HBI/Page_App Page 2/select_YYYY2019202020212022202'  using regular expression

2020-03-24 08:06:13 - [TEST_STEP][PASSED] - setText(findTestObject("mobileSanity/HBI/Page_App Page 2/input__credit-card-number"), "4111111111111111"): Text '4111111111111111' is set on object 'Object Repository/mobileSanity/HBI/Page_App Page 2/input__credit-card-number'

2020-03-24 08:06:13 - [MESSAGE][PASSED] - Text '4111111111111111' is set on object 'Object Repository/mobileSanity/HBI/Page_App Page 2/input__credit-card-number'

2020-03-24 08:06:13 - [TEST_STEP][PASSED] - setText(findTestObject("mobileSanity/HBI/Page_App Page 2/input__cvv"), "123"): Text '123' is set on object 'Object Repository/mobileSanity/HBI/Page_App Page 2/input__cvv'

2020-03-24 08:06:14 - [MESSAGE][PASSED] - Text '123' is set on object 'Object Repository/mobileSanity/HBI/Page_App Page 2/input__cvv'

2020-03-24 08:06:14 - [TEST_STEP][PASSED] - click(findTestObject("mobileSanity/HBI/Page_App Page 2/label_My billing address is th")): Object: 'Object Repository/mobileSanity/HBI/Page_App Page 2/label_My billing address is th' is clicked on

2020-03-24 08:06:14 - [MESSAGE][PASSED] - Object: 'Object Repository/mobileSanity/HBI/Page_App Page 2/label_My billing address is th' is clicked on

2020-03-24 08:06:14 - [TEST_STEP][PASSED] - click(findTestObject("mobileSanity/HBI/Page_App Page 2/label_I Accept Authorization f")): Object: 'Object Repository/mobileSanity/HBI/Page_App Page 2/label_I Accept Authorization f' is clicked on

2020-03-24 08:06:14 - [MESSAGE][PASSED] - Object: 'Object Repository/mobileSanity/HBI/Page_App Page 2/label_I Accept Authorization f' is clicked on

2020-03-24 08:06:14 - [TEST_STEP][PASSED] - click(findTestObject("mobileSanity/HBI/Page_App Page 2/a_Continue to Step 3 - Review")): Object: 'Object Repository/mobileSanity/HBI/Page_App Page 2/a_Continue to Step 3 - Review' is clicked on

2020-03-24 08:06:14 - [MESSAGE][PASSED] - Object: 'Object Repository/mobileSanity/HBI/Page_App Page 2/a_Continue to Step 3 - Review' is clicked on

2020-03-24 08:06:14 - [TEST_STEP][PASSED] - waitForPageLoad(20): Wait for page load successfully

2020-03-24 08:06:14 - [MESSAGE][PASSED] - Wait for page load successfully

2020-03-24 08:06:14 - [TEST_STEP][PASSED] - Thread.sleep(10000): null

2020-03-24 08:06:24 - [TEST_STEP][PASSED] - waitForElementPresent(findTestObject("mobileSanity/HBI/Page_App Page 3/label"), 20): Object 'Object Repository/mobileSanity/HBI/Page_App Page 3/label' is present

2020-03-24 08:06:26 - [MESSAGE][PASSED] - Object 'Object Repository/mobileSanity/HBI/Page_App Page 3/label' is present

2020-03-24 08:06:26 - [TEST_STEP][PASSED] - callTestCase(findTestCase("AHI/_include/get_screenshot"), [:], STOP_ON_FAILURE): Call Test Case 'Test Cases/AHI/_include/get_screenshot' successfully

2020-03-24 08:06:26 - [TEST_CASE][PASSED] - Test Cases/AHI/_include/get_screenshot: Test Cases/AHI/_include/get_screenshot

2020-03-24 08:06:26 - [TEST_STEP][PASSED] - Thread.sleep(1000): null

2020-03-24 08:06:27 - [TEST_STEP][PASSED] - takeScreenshot(screenPath + i + ".png"): Taking screenshot successfully

2020-03-24 08:06:27 - [MESSAGE][PASSED] - Taking screenshot successfully
[[ATTACHMENT|D:\\Test\\AgileTest\\Reports\\PrivateLabel\\HIFA\\20200324_080037\\../Screenshots/iPhone 6/HIFA/Health Choice/20200324_080450/8.png]]

2020-03-24 08:06:27 - [TEST_STEP][PASSED] - (internal.GlobalVariable.i++): null

2020-03-24 08:06:27 - [MESSAGE][PASSED] - Call Test Case 'Test Cases/AHI/_include/get_screenshot' successfully

2020-03-24 08:06:27 - [TEST_STEP][PASSED] - click(findTestObject("mobileSanity/HBI/Page_App Page 3/label")): Object: 'Object Repository/mobileSanity/HBI/Page_App Page 3/label' is clicked on

2020-03-24 08:06:27 - [MESSAGE][PASSED] - Object: 'Object Repository/mobileSanity/HBI/Page_App Page 3/label' is clicked on

2020-03-24 08:06:27 - [TEST_STEP][PASSED] - click(findTestObject("mobileSanity/HBI/Page_App Page 3/p_CLICK TO SIGN")): Object: 'Object Repository/mobileSanity/HBI/Page_App Page 3/p_CLICK TO SIGN' is clicked on

2020-03-24 08:06:27 - [MESSAGE][PASSED] - Object: 'Object Repository/mobileSanity/HBI/Page_App Page 3/p_CLICK TO SIGN' is clicked on

2020-03-24 08:06:27 - [TEST_STEP][PASSED] - click(findTestObject("mobileSanity/HBI/Page_App Page 3/a_Submit Your Application")): Object: 'Object Repository/mobileSanity/HBI/Page_App Page 3/a_Submit Your Application' is clicked on

2020-03-24 08:06:28 - [MESSAGE][PASSED] - Object: 'Object Repository/mobileSanity/HBI/Page_App Page 3/a_Submit Your Application' is clicked on

2020-03-24 08:06:28 - [TEST_STEP][PASSED] - waitForElementPresent(findTestObject("mobileSanity/Common/app-confirmation"), 20): Object 'Object Repository/mobileSanity/Common/app-confirmation' is present

2020-03-24 08:06:30 - [MESSAGE][PASSED] - Object 'Object Repository/mobileSanity/Common/app-confirmation' is present

2020-03-24 08:06:30 - [TEST_STEP][PASSED] - callTestCase(findTestCase("AHI/_include/get_screenshot"), [:], STOP_ON_FAILURE): Call Test Case 'Test Cases/AHI/_include/get_screenshot' successfully

2020-03-24 08:06:30 - [TEST_CASE][PASSED] - Test Cases/AHI/_include/get_screenshot: Test Cases/AHI/_include/get_screenshot

2020-03-24 08:06:30 - [TEST_STEP][PASSED] - Thread.sleep(1000): null

2020-03-24 08:06:31 - [TEST_STEP][PASSED] - takeScreenshot(screenPath + i + ".png"): Taking screenshot successfully

2020-03-24 08:06:32 - [MESSAGE][PASSED] - Taking screenshot successfully
[[ATTACHMENT|D:\\Test\\AgileTest\\Reports\\PrivateLabel\\HIFA\\20200324_080037\\../Screenshots/iPhone 6/HIFA/Health Choice/20200324_080450/9.png]]

2020-03-24 08:06:32 - [TEST_STEP][PASSED] - (internal.GlobalVariable.i++): null

2020-03-24 08:06:32 - [MESSAGE][PASSED] - Call Test Case 'Test Cases/AHI/_include/get_screenshot' successfully

2020-03-24 08:06:32 - [MESSAGE][PASSED] - Call Test Case 'Test Cases/AHI/_include/goToEnd_hbi' successfully]]></system-out>
         <system-err><![CDATA[]]></system-err>
      </testcase>
      <testcase name="Test Cases/PL Site/HIFA/hbi/Vitala Care" classname="Test Cases/PL Site/HIFA/hbi/Vitala Care" status="PASSED">
         <system-out><![CDATA[2020-03-24 08:06:32 - [TEST_CASE][PASSED] - Test Cases/PL Site/HIFA/hbi/Vitala Care: Test Cases/PL Site/HIFA/hbi/Vitala Care

2020-03-24 08:06:32 - [TEST_STEP][PASSED] - callTestCase(findTestCase("AHI/_include/get_screenPath"), ["productLine":"HIFA", "carrierName":"Vitala Care"], CONTINUE_ON_FAILURE): Call Test Case 'Test Cases/AHI/_include/get_screenPath' successfully

2020-03-24 08:06:32 - [TEST_CASE][PASSED] - Test Cases/AHI/_include/get_screenPath: Test Cases/AHI/_include/get_screenPath

2020-03-24 08:06:32 - [TEST_STEP][PASSED] - m = getExecutionProperties(): null

2020-03-24 08:06:32 - [TEST_STEP][PASSED] - deviceName = get("mobileEmulation").get("deviceName"): null

2020-03-24 08:06:32 - [TEST_STEP][PASSED] - println(deviceName): null

2020-03-24 08:06:32 - [TEST_STEP][PASSED] - now = new java.util.Date(): null

2020-03-24 08:06:32 - [TEST_STEP][PASSED] - mydate = now.format("yyyyMMdd_HHmmss"): null

2020-03-24 08:06:32 - [TEST_STEP][PASSED] - screenPath = "../Screenshots/": null

2020-03-24 08:06:32 - [TEST_STEP][PASSED] - screenPath = screenPath + deviceName + "/" + productLine + "/" + carrierName + "/" + mydate + "/": null

2020-03-24 08:06:32 - [TEST_STEP][PASSED] - println(screenPath): null

2020-03-24 08:06:32 - [MESSAGE][PASSED] - Call Test Case 'Test Cases/AHI/_include/get_screenPath' successfully

2020-03-24 08:06:32 - [TEST_STEP][PASSED] - i = 0: null

2020-03-24 08:06:32 - [TEST_STEP][PASSED] - callTestCase(findTestCase("AHI/_include/openWebSite"), ["env":"https://hifa--qa.storefront.mybenefitskeeper.com"], STOP_ON_FAILURE): Call Test Case 'Test Cases/AHI/_include/openWebSite' successfully

2020-03-24 08:06:32 - [TEST_CASE][PASSED] - Test Cases/AHI/_include/openWebSite: Test Cases/AHI/_include/openWebSite

2020-03-24 08:06:32 - [TEST_STEP][PASSED] - openBrowser(env): Browser is opened with url: 'https://hifa--qa.storefront.mybenefitskeeper.com'

2020-03-24 08:06:32 - [MESSAGE][WARNING] - A browser is already opened. Closing browser and opening a new one

2020-03-24 08:06:33 - [MESSAGE][INFO] - Starting 'Chrome' driver

2020-03-24 08:06:33 - [MESSAGE][INFO] - User set preference: ['mobileEmulation', '{deviceName=iPhone 6}']

2020-03-24 08:06:33 - [MESSAGE][INFO] - User set preference: ['args', '[--incognito, --aggressive-cache-discard, --window-size=375,677, --no-sandbox, --ignore-certificate-errors]']

2020-03-24 08:06:40 - [MESSAGE][PASSED] - Browser is opened with url: 'https://hifa--qa.storefront.mybenefitskeeper.com'

2020-03-24 08:06:40 - [TEST_STEP][PASSED] - waitForPageLoad(20): Wait for page load successfully

2020-03-24 08:06:40 - [MESSAGE][PASSED] - Wait for page load successfully

2020-03-24 08:06:40 - [TEST_STEP][PASSED] - callTestCase(findTestCase("AHI/_include/get_screenshot"), [:], STOP_ON_FAILURE): Call Test Case 'Test Cases/AHI/_include/get_screenshot' successfully

2020-03-24 08:06:40 - [TEST_CASE][PASSED] - Test Cases/AHI/_include/get_screenshot: Test Cases/AHI/_include/get_screenshot

2020-03-24 08:06:40 - [TEST_STEP][PASSED] - Thread.sleep(1000): null

2020-03-24 08:06:41 - [TEST_STEP][PASSED] - takeScreenshot(screenPath + i + ".png"): Taking screenshot successfully

2020-03-24 08:06:41 - [MESSAGE][PASSED] - Taking screenshot successfully
[[ATTACHMENT|D:\\Test\\AgileTest\\Reports\\PrivateLabel\\HIFA\\20200324_080037\\../Screenshots/iPhone 6/HIFA/Vitala Care/20200324_080632/0.png]]

2020-03-24 08:06:41 - [TEST_STEP][PASSED] - (internal.GlobalVariable.i++): null

2020-03-24 08:06:41 - [MESSAGE][PASSED] - Call Test Case 'Test Cases/AHI/_include/get_screenshot' successfully

2020-03-24 08:06:41 - [MESSAGE][PASSED] - Call Test Case 'Test Cases/AHI/_include/openWebSite' successfully

2020-03-24 08:06:41 - [TEST_STEP][PASSED] - callTestCase(findTestCase("PL Site/_include/census_hbi"), ["zipcode":"90011"], CONTINUE_ON_FAILURE): Call Test Case 'Test Cases/PL Site/_include/census_hbi' successfully

2020-03-24 08:06:41 - [TEST_CASE][PASSED] - Test Cases/PL Site/_include/census_hbi: Test Cases/PL Site/_include/census_hbi

2020-03-24 08:06:42 - [TEST_STEP][PASSED] - click(findTestObject("mobileSanity/Common/side_nav/menu")): Object: 'Object Repository/mobileSanity/Common/side_nav/menu' is clicked on

2020-03-24 08:06:42 - [MESSAGE][PASSED] - Object: 'Object Repository/mobileSanity/Common/side_nav/menu' is clicked on

2020-03-24 08:06:42 - [TEST_STEP][PASSED] - Thread.sleep(3000): null

2020-03-24 08:06:45 - [TEST_STEP][PASSED] - callTestCase(findTestCase("AHI/_include/get_screenshot"), [:], STOP_ON_FAILURE): Call Test Case 'Test Cases/AHI/_include/get_screenshot' successfully

2020-03-24 08:06:45 - [TEST_CASE][PASSED] - Test Cases/AHI/_include/get_screenshot: Test Cases/AHI/_include/get_screenshot

2020-03-24 08:06:45 - [TEST_STEP][PASSED] - Thread.sleep(1000): null

2020-03-24 08:06:46 - [TEST_STEP][PASSED] - takeScreenshot(screenPath + i + ".png"): Taking screenshot successfully

2020-03-24 08:06:46 - [MESSAGE][PASSED] - Taking screenshot successfully
[[ATTACHMENT|D:\\Test\\AgileTest\\Reports\\PrivateLabel\\HIFA\\20200324_080037\\../Screenshots/iPhone 6/HIFA/Vitala Care/20200324_080632/1.png]]

2020-03-24 08:06:46 - [TEST_STEP][PASSED] - (internal.GlobalVariable.i++): null

2020-03-24 08:06:46 - [MESSAGE][PASSED] - Call Test Case 'Test Cases/AHI/_include/get_screenshot' successfully

2020-03-24 08:06:46 - [TEST_STEP][PASSED] - click(findTestObject("PLSite/pl_nav_hbi")): Object: 'Object Repository/PLSite/pl_nav_hbi' is clicked on

2020-03-24 08:06:47 - [MESSAGE][PASSED] - Object: 'Object Repository/PLSite/pl_nav_hbi' is clicked on

2020-03-24 08:06:47 - [TEST_STEP][PASSED] - waitForPageLoad(10): Wait for page load successfully

2020-03-24 08:06:48 - [MESSAGE][PASSED] - Wait for page load successfully

2020-03-24 08:06:48 - [TEST_STEP][PASSED] - Thread.sleep(3000): null

2020-03-24 08:06:51 - [TEST_STEP][PASSED] - callTestCase(findTestCase("AHI/_include/get_screenshot"), [:], STOP_ON_FAILURE): Call Test Case 'Test Cases/AHI/_include/get_screenshot' successfully

2020-03-24 08:06:51 - [TEST_CASE][PASSED] - Test Cases/AHI/_include/get_screenshot: Test Cases/AHI/_include/get_screenshot

2020-03-24 08:06:51 - [TEST_STEP][PASSED] - Thread.sleep(1000): null

2020-03-24 08:06:52 - [TEST_STEP][PASSED] - takeScreenshot(screenPath + i + ".png"): Taking screenshot successfully

2020-03-24 08:06:52 - [MESSAGE][PASSED] - Taking screenshot successfully
[[ATTACHMENT|D:\\Test\\AgileTest\\Reports\\PrivateLabel\\HIFA\\20200324_080037\\../Screenshots/iPhone 6/HIFA/Vitala Care/20200324_080632/2.png]]

2020-03-24 08:06:52 - [TEST_STEP][PASSED] - (internal.GlobalVariable.i++): null

2020-03-24 08:06:52 - [MESSAGE][PASSED] - Call Test Case 'Test Cases/AHI/_include/get_screenshot' successfully

2020-03-24 08:06:52 - [TEST_STEP][PASSED] - setText(findTestObject("mobileSanity/HBI/census/input_Location_zip-input"), zipcode): Text '90011' is set on object 'Object Repository/mobileSanity/HBI/census/input_Location_zip-input'

2020-03-24 08:06:52 - [MESSAGE][PASSED] - Text '90011' is set on object 'Object Repository/mobileSanity/HBI/census/input_Location_zip-input'

2020-03-24 08:06:52 - [TEST_STEP][PASSED] - Thread.sleep(500): null

2020-03-24 08:06:53 - [TEST_STEP][PASSED] - setText(findTestObject("mobileSanity/HBI/census/input_Date of Birth_dob-0"), "12121980"): Text '12121980' is set on object 'Object Repository/mobileSanity/HBI/census/input_Date of Birth_dob-0'

2020-03-24 08:06:53 - [MESSAGE][PASSED] - Text '12121980' is set on object 'Object Repository/mobileSanity/HBI/census/input_Date of Birth_dob-0'

2020-03-24 08:06:53 - [TEST_STEP][PASSED] - click(findTestObject("mobileSanity/HBI/census/label_Male")): Object: 'Object Repository/mobileSanity/HBI/census/label_Male' is clicked on

2020-03-24 08:06:53 - [MESSAGE][PASSED] - Object: 'Object Repository/mobileSanity/HBI/census/label_Male' is clicked on

2020-03-24 08:06:53 - [TEST_STEP][PASSED] - click(findTestObject("mobileSanity/HBI/census/label_Get a Quote")): Object: 'Object Repository/mobileSanity/HBI/census/label_Get a Quote' is clicked on

2020-03-24 08:06:54 - [MESSAGE][PASSED] - Object: 'Object Repository/mobileSanity/HBI/census/label_Get a Quote' is clicked on

2020-03-24 08:06:54 - [TEST_STEP][PASSED] - waitForPageLoad(20): Wait for page load successfully

2020-03-24 08:06:54 - [MESSAGE][PASSED] - Wait for page load successfully

2020-03-24 08:06:54 - [TEST_STEP][PASSED] - Thread.sleep(3000): null

2020-03-24 08:06:57 - [TEST_STEP][PASSED] - callTestCase(findTestCase("AHI/_include/check_quoteleadform"), [:], STOP_ON_FAILURE): Call Test Case 'Test Cases/AHI/_include/check_quoteleadform' successfully

2020-03-24 08:06:58 - [TEST_CASE][PASSED] - Test Cases/AHI/_include/check_quoteleadform: Test Cases/AHI/_include/check_quoteleadform

2020-03-24 08:06:58 - [TEST_STEP][PASSED] - callTestCase(findTestCase("AHI/_include/name"), [:], CONTINUE_ON_FAILURE): Call Test Case 'Test Cases/AHI/_include/name' successfully

2020-03-24 08:06:58 - [TEST_CASE][PASSED] - Test Cases/AHI/_include/name: Test Cases/AHI/_include/name

2020-03-24 08:06:58 - [TEST_STEP][PASSED] - driver = getWebDriver(): null

2020-03-24 08:06:58 - [TEST_STEP][PASSED] - selenium = new com.thoughtworks.selenium.webdriven.WebDriverBackedSelenium(driver, internal.GlobalVariable.ENV): null

2020-03-24 08:06:58 - [TEST_STEP][PASSED] - FirstName = "Test-123": null

2020-03-24 08:06:58 - [TEST_STEP][PASSED] - LastName = selenium.getEval("{var x="ABCDEFGHIJKLMNOPQRSTUVWXYZabcdefghijklmnopqrstuvwxyz"; var tmp="ZZ11-"; for (i=0;i<8;i++) tmp+=x.charAt(Math.ceil(51*Math.random()));tmp;}"): null

2020-03-24 08:06:58 - [TEST_STEP][PASSED] - Address = selenium.getEval("{var x="ABCDEFGHIJKLMNOPQRSTUVWXYZabcdefghijklmnopqrstuvwxyz"; var tmp=""; for (i=0;i<8;i++) tmp+=x.charAt(Math.ceil(51*Math.random()));tmp;}"): null

2020-03-24 08:06:58 - [TEST_STEP][PASSED] - City = selenium.getEval("{var x="ABCDEFGHIJKLMNOPQRSTUVWXYZabcdefghijklmnopqrstuvwxyz"; var tmp=""; for (i=0;i<8;i++) tmp+=x.charAt(Math.ceil(51*Math.random()));tmp;}"): null

2020-03-24 08:06:58 - [TEST_STEP][PASSED] - tel1 = selenium.getEval("{var x="123456789"; var tmp=""; for (i=0;i<3;i++) tmp+=x.charAt(Math.ceil(8*Math.random()));tmp;}"): null

2020-03-24 08:06:58 - [TEST_STEP][PASSED] - tel2 = selenium.getEval("{var x="123456789"; var tmp=""; for (i=0;i<3;i++) tmp+=x.charAt(Math.ceil(8*Math.random()));tmp;}"): null

2020-03-24 08:06:58 - [TEST_STEP][PASSED] - tel3 = selenium.getEval("{var x="123456789"; var tmp=""; for (i=0;i<4;i++) tmp+=x.charAt(Math.ceil(8*Math.random()));tmp;}"): null

2020-03-24 08:06:59 - [TEST_STEP][PASSED] - Tel = selenium.getExpression(tel1 + "-" + tel2 + "-" + tel3): null

2020-03-24 08:06:59 - [TEST_STEP][PASSED] - AutoEmail = selenium.getEval("{var x="ABCDEFGHIJKLMNOPQRSTUVWXYZabcdefghijklmnopqrstuvwxyz"; var tmp="test."; for (i=0;i<8;i++) tmp+=x.charAt(Math.ceil(51*Math.random()));tmp+="@suryani.cn";}"): null

2020-03-24 08:06:59 - [TEST_STEP][PASSED] - FirstName = FirstName: null

2020-03-24 08:06:59 - [TEST_STEP][PASSED] - LastName = LastName: null

2020-03-24 08:06:59 - [TEST_STEP][PASSED] - Address = Address: null

2020-03-24 08:06:59 - [TEST_STEP][PASSED] - City = City: null

2020-03-24 08:06:59 - [TEST_STEP][PASSED] - Tel = Tel: null

2020-03-24 08:06:59 - [TEST_STEP][PASSED] - AutoEmail = AutoEmail: null

2020-03-24 08:06:59 - [TEST_STEP][PASSED] - println(FirstName): null

2020-03-24 08:06:59 - [TEST_STEP][PASSED] - println(LastName): null

2020-03-24 08:06:59 - [TEST_STEP][PASSED] - println(Address): null

2020-03-24 08:06:59 - [TEST_STEP][PASSED] - println(City): null

2020-03-24 08:06:59 - [TEST_STEP][PASSED] - println(Tel): null

2020-03-24 08:06:59 - [TEST_STEP][PASSED] - println(AutoEmail): null

2020-03-24 08:06:59 - [MESSAGE][PASSED] - Call Test Case 'Test Cases/AHI/_include/name' successfully

2020-03-24 08:06:59 - [TEST_STEP][PASSED] - leadform_exist = test.MobileKeywords.isElementPresent_Web(findTestObject("mobileSanity/quote lead form/lead_form"), 20): test.MobileKeywords.isElementPresent_Web is PASSED

2020-03-24 08:07:25 - [MESSAGE][INFO] - Unable to find the element located by 'By.xpath: //*[@id = 'lightboxLeadForm']'. Please recheck the objects properties to make sure the desired element is located. 

2020-03-24 08:07:25 - [MESSAGE][PASSED] - test.MobileKeywords.isElementPresent_Web is PASSED

2020-03-24 08:07:25 - [TEST_STEP][PASSED] - if (leadform_exist): null

2020-03-24 08:07:25 - [MESSAGE][PASSED] - Call Test Case 'Test Cases/AHI/_include/check_quoteleadform' successfully

2020-03-24 08:07:25 - [TEST_STEP][PASSED] - callTestCase(findTestCase("AHI/_include/get_screenshot"), [:], STOP_ON_FAILURE): Call Test Case 'Test Cases/AHI/_include/get_screenshot' successfully

2020-03-24 08:07:25 - [TEST_CASE][PASSED] - Test Cases/AHI/_include/get_screenshot: Test Cases/AHI/_include/get_screenshot

2020-03-24 08:07:25 - [TEST_STEP][PASSED] - Thread.sleep(1000): null

2020-03-24 08:07:26 - [TEST_STEP][PASSED] - takeScreenshot(screenPath + i + ".png"): Taking screenshot successfully

2020-03-24 08:07:27 - [MESSAGE][PASSED] - Taking screenshot successfully
[[ATTACHMENT|D:\\Test\\AgileTest\\Reports\\PrivateLabel\\HIFA\\20200324_080037\\../Screenshots/iPhone 6/HIFA/Vitala Care/20200324_080632/3.png]]

2020-03-24 08:07:27 - [TEST_STEP][PASSED] - (internal.GlobalVariable.i++): null

2020-03-24 08:07:27 - [MESSAGE][PASSED] - Call Test Case 'Test Cases/AHI/_include/get_screenshot' successfully

2020-03-24 08:07:27 - [MESSAGE][PASSED] - Call Test Case 'Test Cases/PL Site/_include/census_hbi' successfully

2020-03-24 08:07:27 - [TEST_STEP][PASSED] - Thread.sleep(5000): null

2020-03-24 08:07:32 - [TEST_STEP][PASSED] - scrollToPosition(200, 2300): Browser is scrolled to position x = 200, y = 2300

2020-03-24 08:07:32 - [MESSAGE][PASSED] - Browser is scrolled to position x = 200, y = 2300

2020-03-24 08:07:32 - [TEST_STEP][PASSED] - click(findTestObject("mobileSanity/HBI/quote/a_Vitala Care")): Object: 'Object Repository/mobileSanity/HBI/quote/a_Vitala Care' is clicked on

2020-03-24 08:07:33 - [MESSAGE][PASSED] - Object: 'Object Repository/mobileSanity/HBI/quote/a_Vitala Care' is clicked on

2020-03-24 08:07:33 - [TEST_STEP][PASSED] - waitForPageLoad(10): Wait for page load successfully

2020-03-24 08:07:33 - [MESSAGE][PASSED] - Wait for page load successfully

2020-03-24 08:07:33 - [TEST_STEP][PASSED] - callTestCase(findTestCase("AHI/_include/get_screenshot"), [:], STOP_ON_FAILURE): Call Test Case 'Test Cases/AHI/_include/get_screenshot' successfully

2020-03-24 08:07:33 - [TEST_CASE][PASSED] - Test Cases/AHI/_include/get_screenshot: Test Cases/AHI/_include/get_screenshot

2020-03-24 08:07:33 - [TEST_STEP][PASSED] - Thread.sleep(1000): null

2020-03-24 08:07:34 - [TEST_STEP][PASSED] - takeScreenshot(screenPath + i + ".png"): Taking screenshot successfully

2020-03-24 08:07:35 - [MESSAGE][PASSED] - Taking screenshot successfully
[[ATTACHMENT|D:\\Test\\AgileTest\\Reports\\PrivateLabel\\HIFA\\20200324_080037\\../Screenshots/iPhone 6/HIFA/Vitala Care/20200324_080632/4.png]]

2020-03-24 08:07:35 - [TEST_STEP][PASSED] - (internal.GlobalVariable.i++): null

2020-03-24 08:07:35 - [MESSAGE][PASSED] - Call Test Case 'Test Cases/AHI/_include/get_screenshot' successfully

2020-03-24 08:07:35 - [TEST_STEP][PASSED] - click(findTestObject("mobileSanity/HBI/detail/a_Apply for This Plan")): Object: 'Object Repository/mobileSanity/HBI/detail/a_Apply for This Plan' is clicked on

2020-03-24 08:07:35 - [MESSAGE][PASSED] - Object: 'Object Repository/mobileSanity/HBI/detail/a_Apply for This Plan' is clicked on

2020-03-24 08:07:35 - [TEST_STEP][PASSED] - waitForPageLoad(10): Wait for page load successfully

2020-03-24 08:07:35 - [MESSAGE][PASSED] - Wait for page load successfully

2020-03-24 08:07:35 - [TEST_STEP][PASSED] - callTestCase(findTestCase("AHI/_include/get_screenshot"), [:], STOP_ON_FAILURE): Call Test Case 'Test Cases/AHI/_include/get_screenshot' successfully

2020-03-24 08:07:36 - [TEST_CASE][PASSED] - Test Cases/AHI/_include/get_screenshot: Test Cases/AHI/_include/get_screenshot

2020-03-24 08:07:36 - [TEST_STEP][PASSED] - Thread.sleep(1000): null

2020-03-24 08:07:37 - [TEST_STEP][PASSED] - takeScreenshot(screenPath + i + ".png"): Taking screenshot successfully

2020-03-24 08:07:37 - [MESSAGE][PASSED] - Taking screenshot successfully
[[ATTACHMENT|D:\\Test\\AgileTest\\Reports\\PrivateLabel\\HIFA\\20200324_080037\\../Screenshots/iPhone 6/HIFA/Vitala Care/20200324_080632/5.png]]

2020-03-24 08:07:37 - [TEST_STEP][PASSED] - (internal.GlobalVariable.i++): null

2020-03-24 08:07:37 - [MESSAGE][PASSED] - Call Test Case 'Test Cases/AHI/_include/get_screenshot' successfully

2020-03-24 08:07:37 - [TEST_STEP][PASSED] - click(findTestObject("mobileSanity/HBI/Page_Apply/span_Start Secure Application")): Object: 'Object Repository/mobileSanity/HBI/Page_Apply/span_Start Secure Application' is clicked on

2020-03-24 08:07:38 - [MESSAGE][PASSED] - Object: 'Object Repository/mobileSanity/HBI/Page_Apply/span_Start Secure Application' is clicked on

2020-03-24 08:07:38 - [TEST_STEP][PASSED] - waitForPageLoad(10): Wait for page load successfully

2020-03-24 08:07:38 - [MESSAGE][PASSED] - Wait for page load successfully

2020-03-24 08:07:38 - [TEST_STEP][PASSED] - callTestCase(findTestCase("AHI/_include/get_screenshot"), [:], STOP_ON_FAILURE): Call Test Case 'Test Cases/AHI/_include/get_screenshot' successfully

2020-03-24 08:07:38 - [TEST_CASE][PASSED] - Test Cases/AHI/_include/get_screenshot: Test Cases/AHI/_include/get_screenshot

2020-03-24 08:07:38 - [TEST_STEP][PASSED] - Thread.sleep(1000): null

2020-03-24 08:07:39 - [TEST_STEP][PASSED] - takeScreenshot(screenPath + i + ".png"): Taking screenshot successfully

2020-03-24 08:07:40 - [MESSAGE][PASSED] - Taking screenshot successfully
[[ATTACHMENT|D:\\Test\\AgileTest\\Reports\\PrivateLabel\\HIFA\\20200324_080037\\../Screenshots/iPhone 6/HIFA/Vitala Care/20200324_080632/6.png]]

2020-03-24 08:07:40 - [TEST_STEP][PASSED] - (internal.GlobalVariable.i++): null

2020-03-24 08:07:40 - [MESSAGE][PASSED] - Call Test Case 'Test Cases/AHI/_include/get_screenshot' successfully

2020-03-24 08:07:40 - [TEST_STEP][PASSED] - callTestCase(findTestCase("AHI/_include/goToEnd_hbi"), ["carrier":"vitalacare", "state":"ca"], CONTINUE_ON_FAILURE): Call Test Case 'Test Cases/AHI/_include/goToEnd_hbi' successfully

2020-03-24 08:07:40 - [TEST_CASE][PASSED] - Test Cases/AHI/_include/goToEnd_hbi: Test Cases/AHI/_include/goToEnd_hbi

2020-03-24 08:07:40 - [TEST_STEP][PASSED] - if (state == "ca"): Call Test Case 'Test Cases/AHI/_include/get_screenshot' successfully

2020-03-24 08:07:40 - [TEST_STEP][PASSED] - Thread.sleep(3000): null

2020-03-24 08:07:43 - [TEST_STEP][PASSED] - click(findTestObject("mobileSanity/HBI/Page_App Page 1/yes_question_1")): Object: 'Object Repository/mobileSanity/HBI/Page_App Page 1/yes_question_1' is clicked on

2020-03-24 08:07:44 - [MESSAGE][PASSED] - Object: 'Object Repository/mobileSanity/HBI/Page_App Page 1/yes_question_1' is clicked on

2020-03-24 08:07:44 - [TEST_STEP][PASSED] - click(findTestObject("mobileSanity/HBI/Page_App Page 1/continue_to_app_info")): Object: 'Object Repository/mobileSanity/HBI/Page_App Page 1/continue_to_app_info' is clicked on

2020-03-24 08:07:44 - [MESSAGE][PASSED] - Object: 'Object Repository/mobileSanity/HBI/Page_App Page 1/continue_to_app_info' is clicked on

2020-03-24 08:07:44 - [TEST_STEP][PASSED] - waitForPageLoad(20): Wait for page load successfully

2020-03-24 08:07:44 - [MESSAGE][PASSED] - Wait for page load successfully

2020-03-24 08:07:44 - [TEST_STEP][PASSED] - Thread.sleep(3000): null

2020-03-24 08:07:47 - [TEST_STEP][PASSED] - callTestCase(findTestCase("AHI/_include/get_screenshot"), [:], STOP_ON_FAILURE): Call Test Case 'Test Cases/AHI/_include/get_screenshot' successfully

2020-03-24 08:07:47 - [TEST_CASE][PASSED] - Test Cases/AHI/_include/get_screenshot: Test Cases/AHI/_include/get_screenshot

2020-03-24 08:07:47 - [TEST_STEP][PASSED] - Thread.sleep(1000): null

2020-03-24 08:07:48 - [TEST_STEP][PASSED] - takeScreenshot(screenPath + i + ".png"): Taking screenshot successfully

2020-03-24 08:07:49 - [MESSAGE][PASSED] - Taking screenshot successfully
[[ATTACHMENT|D:\\Test\\AgileTest\\Reports\\PrivateLabel\\HIFA\\20200324_080037\\../Screenshots/iPhone 6/HIFA/Vitala Care/20200324_080632/7.png]]

2020-03-24 08:07:49 - [TEST_STEP][PASSED] - (internal.GlobalVariable.i++): null

2020-03-24 08:07:49 - [MESSAGE][PASSED] - Call Test Case 'Test Cases/AHI/_include/get_screenshot' successfully

2020-03-24 08:07:49 - [TEST_STEP][PASSED] - callTestCase(findTestCase("AHI/_include/name"), [:], CONTINUE_ON_FAILURE): Call Test Case 'Test Cases/AHI/_include/name' successfully

2020-03-24 08:07:49 - [TEST_CASE][PASSED] - Test Cases/AHI/_include/name: Test Cases/AHI/_include/name

2020-03-24 08:07:49 - [TEST_STEP][PASSED] - driver = getWebDriver(): null

2020-03-24 08:07:49 - [TEST_STEP][PASSED] - selenium = new com.thoughtworks.selenium.webdriven.WebDriverBackedSelenium(driver, internal.GlobalVariable.ENV): null

2020-03-24 08:07:49 - [TEST_STEP][PASSED] - FirstName = "Test-123": null

2020-03-24 08:07:49 - [TEST_STEP][PASSED] - LastName = selenium.getEval("{var x="ABCDEFGHIJKLMNOPQRSTUVWXYZabcdefghijklmnopqrstuvwxyz"; var tmp="ZZ11-"; for (i=0;i<8;i++) tmp+=x.charAt(Math.ceil(51*Math.random()));tmp;}"): null

2020-03-24 08:07:49 - [TEST_STEP][PASSED] - Address = selenium.getEval("{var x="ABCDEFGHIJKLMNOPQRSTUVWXYZabcdefghijklmnopqrstuvwxyz"; var tmp=""; for (i=0;i<8;i++) tmp+=x.charAt(Math.ceil(51*Math.random()));tmp;}"): null

2020-03-24 08:07:49 - [TEST_STEP][PASSED] - City = selenium.getEval("{var x="ABCDEFGHIJKLMNOPQRSTUVWXYZabcdefghijklmnopqrstuvwxyz"; var tmp=""; for (i=0;i<8;i++) tmp+=x.charAt(Math.ceil(51*Math.random()));tmp;}"): null

2020-03-24 08:07:49 - [TEST_STEP][PASSED] - tel1 = selenium.getEval("{var x="123456789"; var tmp=""; for (i=0;i<3;i++) tmp+=x.charAt(Math.ceil(8*Math.random()));tmp;}"): null

2020-03-24 08:07:49 - [TEST_STEP][PASSED] - tel2 = selenium.getEval("{var x="123456789"; var tmp=""; for (i=0;i<3;i++) tmp+=x.charAt(Math.ceil(8*Math.random()));tmp;}"): null

2020-03-24 08:07:49 - [TEST_STEP][PASSED] - tel3 = selenium.getEval("{var x="123456789"; var tmp=""; for (i=0;i<4;i++) tmp+=x.charAt(Math.ceil(8*Math.random()));tmp;}"): null

2020-03-24 08:07:49 - [TEST_STEP][PASSED] - Tel = selenium.getExpression(tel1 + "-" + tel2 + "-" + tel3): null

2020-03-24 08:07:49 - [TEST_STEP][PASSED] - AutoEmail = selenium.getEval("{var x="ABCDEFGHIJKLMNOPQRSTUVWXYZabcdefghijklmnopqrstuvwxyz"; var tmp="test."; for (i=0;i<8;i++) tmp+=x.charAt(Math.ceil(51*Math.random()));tmp+="@suryani.cn";}"): null

2020-03-24 08:07:49 - [TEST_STEP][PASSED] - FirstName = FirstName: null

2020-03-24 08:07:49 - [TEST_STEP][PASSED] - LastName = LastName: null

2020-03-24 08:07:49 - [TEST_STEP][PASSED] - Address = Address: null

2020-03-24 08:07:49 - [TEST_STEP][PASSED] - City = City: null

2020-03-24 08:07:49 - [TEST_STEP][PASSED] - Tel = Tel: null

2020-03-24 08:07:49 - [TEST_STEP][PASSED] - AutoEmail = AutoEmail: null

2020-03-24 08:07:49 - [TEST_STEP][PASSED] - println(FirstName): null

2020-03-24 08:07:49 - [TEST_STEP][PASSED] - println(LastName): null

2020-03-24 08:07:49 - [TEST_STEP][PASSED] - println(Address): null

2020-03-24 08:07:49 - [TEST_STEP][PASSED] - println(City): null

2020-03-24 08:07:49 - [TEST_STEP][PASSED] - println(Tel): null

2020-03-24 08:07:49 - [TEST_STEP][PASSED] - println(AutoEmail): null

2020-03-24 08:07:49 - [MESSAGE][PASSED] - Call Test Case 'Test Cases/AHI/_include/name' successfully

2020-03-24 08:07:49 - [TEST_STEP][PASSED] - setText(findTestObject("mobileSanity/HBI/Page_App Page 1/input__member-P-1-firstName"), FirstName): Text 'Test-123' is set on object 'Object Repository/mobileSanity/HBI/Page_App Page 1/input__member-P-1-firstName'

2020-03-24 08:07:49 - [MESSAGE][PASSED] - Text 'Test-123' is set on object 'Object Repository/mobileSanity/HBI/Page_App Page 1/input__member-P-1-firstName'

2020-03-24 08:07:49 - [TEST_STEP][PASSED] - setText(findTestObject("mobileSanity/HBI/Page_App Page 1/input__member-P-1-lastName"), LastName): Text 'ZZ11-qSHsFGML' is set on object 'Object Repository/mobileSanity/HBI/Page_App Page 1/input__member-P-1-lastName'

2020-03-24 08:07:50 - [MESSAGE][PASSED] - Text 'ZZ11-qSHsFGML' is set on object 'Object Repository/mobileSanity/HBI/Page_App Page 1/input__member-P-1-lastName'

2020-03-24 08:07:50 - [TEST_STEP][PASSED] - if (carrier == "agileone" || carrier == "agilesecure"): null

2020-03-24 08:07:50 - [TEST_STEP][PASSED] - setText(findTestObject("mobileSanity/HBI/Page_App Page 1/input__address"), Address): Text 'JKHuEHLF' is set on object 'Object Repository/mobileSanity/HBI/Page_App Page 1/input__address'

2020-03-24 08:07:51 - [MESSAGE][PASSED] - Text 'JKHuEHLF' is set on object 'Object Repository/mobileSanity/HBI/Page_App Page 1/input__address'

2020-03-24 08:07:51 - [TEST_STEP][PASSED] - setText(findTestObject("mobileSanity/HBI/Page_App Page 1/input__city"), City): Text 'yotOJUbj' is set on object 'Object Repository/mobileSanity/HBI/Page_App Page 1/input__city'

2020-03-24 08:07:51 - [MESSAGE][PASSED] - Text 'yotOJUbj' is set on object 'Object Repository/mobileSanity/HBI/Page_App Page 1/input__city'

2020-03-24 08:07:51 - [TEST_STEP][PASSED] - setText(findTestObject("mobileSanity/HBI/Page_App Page 1/input__email"), AutoEmail): Text 'test.tsNSvmQj@suryani.cn' is set on object 'Object Repository/mobileSanity/HBI/Page_App Page 1/input__email'

2020-03-24 08:07:52 - [MESSAGE][PASSED] - Text 'test.tsNSvmQj@suryani.cn' is set on object 'Object Repository/mobileSanity/HBI/Page_App Page 1/input__email'

2020-03-24 08:07:52 - [TEST_STEP][PASSED] - setText(findTestObject("mobileSanity/HBI/Page_App Page 1/input_tel"), Tel): Text '559-437-7484' is set on object 'Object Repository/mobileSanity/HBI/Page_App Page 1/input_tel'

2020-03-24 08:07:52 - [MESSAGE][PASSED] - Text '559-437-7484' is set on object 'Object Repository/mobileSanity/HBI/Page_App Page 1/input_tel'

2020-03-24 08:07:52 - [TEST_STEP][PASSED] - Thread.sleep(5000): null

2020-03-24 08:07:57 - [TEST_STEP][PASSED] - click(findTestObject("mobileSanity/HBI/Page_App Page 1/a_Continue to Step 2 - Payment")): Object: 'Object Repository/mobileSanity/HBI/Page_App Page 1/a_Continue to Step 2 - Payment' is clicked on

2020-03-24 08:07:57 - [MESSAGE][PASSED] - Object: 'Object Repository/mobileSanity/HBI/Page_App Page 1/a_Continue to Step 2 - Payment' is clicked on

2020-03-24 08:07:57 - [TEST_STEP][PASSED] - waitForPageLoad(20): Wait for page load successfully

2020-03-24 08:07:57 - [MESSAGE][PASSED] - Wait for page load successfully

2020-03-24 08:07:57 - [TEST_STEP][PASSED] - Thread.sleep(2000): null

2020-03-24 08:07:59 - [TEST_STEP][PASSED] - waitForElementVisible(findTestObject("mobileSanity/HBI/Page_App Page 2/input__credit-card-first"), 20): Object 'Object Repository/mobileSanity/HBI/Page_App Page 2/input__credit-card-first' is visible

2020-03-24 08:07:59 - [MESSAGE][PASSED] - Object 'Object Repository/mobileSanity/HBI/Page_App Page 2/input__credit-card-first' is visible

2020-03-24 08:07:59 - [TEST_STEP][PASSED] - callTestCase(findTestCase("AHI/_include/get_screenshot"), [:], STOP_ON_FAILURE): Call Test Case 'Test Cases/AHI/_include/get_screenshot' successfully

2020-03-24 08:08:00 - [TEST_CASE][PASSED] - Test Cases/AHI/_include/get_screenshot: Test Cases/AHI/_include/get_screenshot

2020-03-24 08:08:00 - [TEST_STEP][PASSED] - Thread.sleep(1000): null

2020-03-24 08:08:01 - [TEST_STEP][PASSED] - takeScreenshot(screenPath + i + ".png"): Taking screenshot successfully

2020-03-24 08:08:01 - [MESSAGE][PASSED] - Taking screenshot successfully
[[ATTACHMENT|D:\\Test\\AgileTest\\Reports\\PrivateLabel\\HIFA\\20200324_080037\\../Screenshots/iPhone 6/HIFA/Vitala Care/20200324_080632/8.png]]

2020-03-24 08:08:01 - [TEST_STEP][PASSED] - (internal.GlobalVariable.i++): null

2020-03-24 08:08:01 - [MESSAGE][PASSED] - Call Test Case 'Test Cases/AHI/_include/get_screenshot' successfully

2020-03-24 08:08:01 - [TEST_STEP][PASSED] - setText(findTestObject("mobileSanity/HBI/Page_App Page 2/input__credit-card-first"), FirstName): Text 'Test-123' is set on object 'Object Repository/mobileSanity/HBI/Page_App Page 2/input__credit-card-first'

2020-03-24 08:08:02 - [MESSAGE][PASSED] - Text 'Test-123' is set on object 'Object Repository/mobileSanity/HBI/Page_App Page 2/input__credit-card-first'

2020-03-24 08:08:02 - [TEST_STEP][PASSED] - setText(findTestObject("mobileSanity/HBI/Page_App Page 2/input__credit-card-last"), LastName): Text 'ZZ11-qSHsFGML' is set on object 'Object Repository/mobileSanity/HBI/Page_App Page 2/input__credit-card-last'

2020-03-24 08:08:04 - [MESSAGE][PASSED] - Text 'ZZ11-qSHsFGML' is set on object 'Object Repository/mobileSanity/HBI/Page_App Page 2/input__credit-card-last'

2020-03-24 08:08:04 - [TEST_STEP][PASSED] - selectOptionByValue(findTestObject("mobileSanity/HBI/Page_App Page 2/select_MM010203040506070809101"), "12", true): All options with value '12' are selected in object 'Object Repository/mobileSanity/HBI/Page_App Page 2/select_MM010203040506070809101'  using regular expression

2020-03-24 08:08:05 - [MESSAGE][PASSED] - All options with value '12' are selected in object 'Object Repository/mobileSanity/HBI/Page_App Page 2/select_MM010203040506070809101'  using regular expression

2020-03-24 08:08:05 - [TEST_STEP][PASSED] - selectOptionByValue(findTestObject("mobileSanity/HBI/Page_App Page 2/select_YYYY2019202020212022202"), "2026", true): All options with value '2026' are selected in object 'Object Repository/mobileSanity/HBI/Page_App Page 2/select_YYYY2019202020212022202'  using regular expression

2020-03-24 08:08:06 - [MESSAGE][PASSED] - All options with value '2026' are selected in object 'Object Repository/mobileSanity/HBI/Page_App Page 2/select_YYYY2019202020212022202'  using regular expression

2020-03-24 08:08:06 - [TEST_STEP][PASSED] - setText(findTestObject("mobileSanity/HBI/Page_App Page 2/input__credit-card-number"), "4111111111111111"): Text '4111111111111111' is set on object 'Object Repository/mobileSanity/HBI/Page_App Page 2/input__credit-card-number'

2020-03-24 08:08:08 - [MESSAGE][PASSED] - Text '4111111111111111' is set on object 'Object Repository/mobileSanity/HBI/Page_App Page 2/input__credit-card-number'

2020-03-24 08:08:08 - [TEST_STEP][PASSED] - setText(findTestObject("mobileSanity/HBI/Page_App Page 2/input__cvv"), "123"): Text '123' is set on object 'Object Repository/mobileSanity/HBI/Page_App Page 2/input__cvv'

2020-03-24 08:08:09 - [MESSAGE][PASSED] - Text '123' is set on object 'Object Repository/mobileSanity/HBI/Page_App Page 2/input__cvv'

2020-03-24 08:08:09 - [TEST_STEP][PASSED] - click(findTestObject("mobileSanity/HBI/Page_App Page 2/label_My billing address is th")): Object: 'Object Repository/mobileSanity/HBI/Page_App Page 2/label_My billing address is th' is clicked on

2020-03-24 08:08:09 - [MESSAGE][PASSED] - Object: 'Object Repository/mobileSanity/HBI/Page_App Page 2/label_My billing address is th' is clicked on

2020-03-24 08:08:09 - [TEST_STEP][PASSED] - click(findTestObject("mobileSanity/HBI/Page_App Page 2/label_I Accept Authorization f")): Object: 'Object Repository/mobileSanity/HBI/Page_App Page 2/label_I Accept Authorization f' is clicked on

2020-03-24 08:08:09 - [MESSAGE][PASSED] - Object: 'Object Repository/mobileSanity/HBI/Page_App Page 2/label_I Accept Authorization f' is clicked on

2020-03-24 08:08:09 - [TEST_STEP][PASSED] - click(findTestObject("mobileSanity/HBI/Page_App Page 2/a_Continue to Step 3 - Review")): Object: 'Object Repository/mobileSanity/HBI/Page_App Page 2/a_Continue to Step 3 - Review' is clicked on

2020-03-24 08:08:10 - [MESSAGE][PASSED] - Object: 'Object Repository/mobileSanity/HBI/Page_App Page 2/a_Continue to Step 3 - Review' is clicked on

2020-03-24 08:08:10 - [TEST_STEP][PASSED] - waitForPageLoad(20): Wait for page load successfully

2020-03-24 08:08:10 - [MESSAGE][PASSED] - Wait for page load successfully

2020-03-24 08:08:10 - [TEST_STEP][PASSED] - Thread.sleep(10000): null

2020-03-24 08:08:20 - [TEST_STEP][PASSED] - waitForElementPresent(findTestObject("mobileSanity/HBI/Page_App Page 3/label"), 20): Object 'Object Repository/mobileSanity/HBI/Page_App Page 3/label' is present

2020-03-24 08:08:22 - [MESSAGE][PASSED] - Object 'Object Repository/mobileSanity/HBI/Page_App Page 3/label' is present

2020-03-24 08:08:22 - [TEST_STEP][PASSED] - callTestCase(findTestCase("AHI/_include/get_screenshot"), [:], STOP_ON_FAILURE): Call Test Case 'Test Cases/AHI/_include/get_screenshot' successfully

2020-03-24 08:08:22 - [TEST_CASE][PASSED] - Test Cases/AHI/_include/get_screenshot: Test Cases/AHI/_include/get_screenshot

2020-03-24 08:08:22 - [TEST_STEP][PASSED] - Thread.sleep(1000): null

2020-03-24 08:08:23 - [TEST_STEP][PASSED] - takeScreenshot(screenPath + i + ".png"): Taking screenshot successfully

2020-03-24 08:08:23 - [MESSAGE][PASSED] - Taking screenshot successfully
[[ATTACHMENT|D:\\Test\\AgileTest\\Reports\\PrivateLabel\\HIFA\\20200324_080037\\../Screenshots/iPhone 6/HIFA/Vitala Care/20200324_080632/9.png]]

2020-03-24 08:08:23 - [TEST_STEP][PASSED] - (internal.GlobalVariable.i++): null

2020-03-24 08:08:23 - [MESSAGE][PASSED] - Call Test Case 'Test Cases/AHI/_include/get_screenshot' successfully

2020-03-24 08:08:23 - [TEST_STEP][PASSED] - click(findTestObject("mobileSanity/HBI/Page_App Page 3/label")): Object: 'Object Repository/mobileSanity/HBI/Page_App Page 3/label' is clicked on

2020-03-24 08:08:23 - [MESSAGE][PASSED] - Object: 'Object Repository/mobileSanity/HBI/Page_App Page 3/label' is clicked on

2020-03-24 08:08:23 - [TEST_STEP][PASSED] - click(findTestObject("mobileSanity/HBI/Page_App Page 3/p_CLICK TO SIGN")): Object: 'Object Repository/mobileSanity/HBI/Page_App Page 3/p_CLICK TO SIGN' is clicked on

2020-03-24 08:08:23 - [MESSAGE][PASSED] - Object: 'Object Repository/mobileSanity/HBI/Page_App Page 3/p_CLICK TO SIGN' is clicked on

2020-03-24 08:08:23 - [TEST_STEP][PASSED] - click(findTestObject("mobileSanity/HBI/Page_App Page 3/a_Submit Your Application")): Object: 'Object Repository/mobileSanity/HBI/Page_App Page 3/a_Submit Your Application' is clicked on

2020-03-24 08:08:24 - [MESSAGE][PASSED] - Object: 'Object Repository/mobileSanity/HBI/Page_App Page 3/a_Submit Your Application' is clicked on

2020-03-24 08:08:24 - [TEST_STEP][PASSED] - waitForElementPresent(findTestObject("mobileSanity/Common/app-confirmation"), 20): Object 'Object Repository/mobileSanity/Common/app-confirmation' is present

2020-03-24 08:08:26 - [MESSAGE][PASSED] - Object 'Object Repository/mobileSanity/Common/app-confirmation' is present

2020-03-24 08:08:26 - [TEST_STEP][PASSED] - callTestCase(findTestCase("AHI/_include/get_screenshot"), [:], STOP_ON_FAILURE): Call Test Case 'Test Cases/AHI/_include/get_screenshot' successfully

2020-03-24 08:08:26 - [TEST_CASE][PASSED] - Test Cases/AHI/_include/get_screenshot: Test Cases/AHI/_include/get_screenshot

2020-03-24 08:08:26 - [TEST_STEP][PASSED] - Thread.sleep(1000): null

2020-03-24 08:08:27 - [TEST_STEP][PASSED] - takeScreenshot(screenPath + i + ".png"): Taking screenshot successfully

2020-03-24 08:08:28 - [MESSAGE][PASSED] - Taking screenshot successfully
[[ATTACHMENT|D:\\Test\\AgileTest\\Reports\\PrivateLabel\\HIFA\\20200324_080037\\../Screenshots/iPhone 6/HIFA/Vitala Care/20200324_080632/10.png]]

2020-03-24 08:08:28 - [TEST_STEP][PASSED] - (internal.GlobalVariable.i++): null

2020-03-24 08:08:28 - [MESSAGE][PASSED] - Call Test Case 'Test Cases/AHI/_include/get_screenshot' successfully

2020-03-24 08:08:28 - [MESSAGE][PASSED] - Call Test Case 'Test Cases/AHI/_include/goToEnd_hbi' successfully]]></system-out>
         <system-err><![CDATA[]]></system-err>
      </testcase>
      <testcase name="Test Cases/PL Site/HIFA/stm/AdvantHealth" classname="Test Cases/PL Site/HIFA/stm/AdvantHealth" status="PASSED">
         <system-out><![CDATA[2020-03-24 08:08:28 - [TEST_CASE][PASSED] - Test Cases/PL Site/HIFA/stm/AdvantHealth: Test Cases/PL Site/HIFA/stm/AdvantHealth

2020-03-24 08:08:28 - [TEST_STEP][PASSED] - callTestCase(findTestCase("AHI/_include/get_screenPath"), ["productLine":"HIFA", "carrierName":"AdvantHealth"], CONTINUE_ON_FAILURE): Call Test Case 'Test Cases/AHI/_include/get_screenPath' successfully

2020-03-24 08:08:28 - [TEST_CASE][PASSED] - Test Cases/AHI/_include/get_screenPath: Test Cases/AHI/_include/get_screenPath

2020-03-24 08:08:28 - [TEST_STEP][PASSED] - m = getExecutionProperties(): null

2020-03-24 08:08:28 - [TEST_STEP][PASSED] - deviceName = get("mobileEmulation").get("deviceName"): null

2020-03-24 08:08:28 - [TEST_STEP][PASSED] - println(deviceName): null

2020-03-24 08:08:28 - [TEST_STEP][PASSED] - now = new java.util.Date(): null

2020-03-24 08:08:28 - [TEST_STEP][PASSED] - mydate = now.format("yyyyMMdd_HHmmss"): null

2020-03-24 08:08:28 - [TEST_STEP][PASSED] - screenPath = "../Screenshots/": null

2020-03-24 08:08:28 - [TEST_STEP][PASSED] - screenPath = screenPath + deviceName + "/" + productLine + "/" + carrierName + "/" + mydate + "/": null

2020-03-24 08:08:28 - [TEST_STEP][PASSED] - println(screenPath): null

2020-03-24 08:08:28 - [MESSAGE][PASSED] - Call Test Case 'Test Cases/AHI/_include/get_screenPath' successfully

2020-03-24 08:08:29 - [TEST_STEP][PASSED] - i = 0: null

2020-03-24 08:08:29 - [TEST_STEP][PASSED] - callTestCase(findTestCase("AHI/_include/openWebSite"), ["env":"https://hifa--qa.storefront.mybenefitskeeper.com"], CONTINUE_ON_FAILURE): Call Test Case 'Test Cases/AHI/_include/openWebSite' successfully

2020-03-24 08:08:29 - [TEST_CASE][PASSED] - Test Cases/AHI/_include/openWebSite: Test Cases/AHI/_include/openWebSite

2020-03-24 08:08:29 - [TEST_STEP][PASSED] - openBrowser(env): Browser is opened with url: 'https://hifa--qa.storefront.mybenefitskeeper.com'

2020-03-24 08:08:29 - [MESSAGE][WARNING] - A browser is already opened. Closing browser and opening a new one

2020-03-24 08:08:31 - [MESSAGE][INFO] - Starting 'Chrome' driver

2020-03-24 08:08:31 - [MESSAGE][INFO] - User set preference: ['mobileEmulation', '{deviceName=iPhone 6}']

2020-03-24 08:08:31 - [MESSAGE][INFO] - User set preference: ['args', '[--incognito, --aggressive-cache-discard, --window-size=375,677, --no-sandbox, --ignore-certificate-errors]']

2020-03-24 08:08:40 - [MESSAGE][PASSED] - Browser is opened with url: 'https://hifa--qa.storefront.mybenefitskeeper.com'

2020-03-24 08:08:40 - [TEST_STEP][PASSED] - waitForPageLoad(20): Wait for page load successfully

2020-03-24 08:08:40 - [MESSAGE][PASSED] - Wait for page load successfully

2020-03-24 08:08:40 - [TEST_STEP][PASSED] - callTestCase(findTestCase("AHI/_include/get_screenshot"), [:], STOP_ON_FAILURE): Call Test Case 'Test Cases/AHI/_include/get_screenshot' successfully

2020-03-24 08:08:40 - [TEST_CASE][PASSED] - Test Cases/AHI/_include/get_screenshot: Test Cases/AHI/_include/get_screenshot

2020-03-24 08:08:40 - [TEST_STEP][PASSED] - Thread.sleep(1000): null

2020-03-24 08:08:41 - [TEST_STEP][PASSED] - takeScreenshot(screenPath + i + ".png"): Taking screenshot successfully

2020-03-24 08:08:42 - [MESSAGE][PASSED] - Taking screenshot successfully
[[ATTACHMENT|D:\\Test\\AgileTest\\Reports\\PrivateLabel\\HIFA\\20200324_080037\\../Screenshots/iPhone 6/HIFA/AdvantHealth/20200324_080828/0.png]]

2020-03-24 08:08:42 - [TEST_STEP][PASSED] - (internal.GlobalVariable.i++): null

2020-03-24 08:08:42 - [MESSAGE][PASSED] - Call Test Case 'Test Cases/AHI/_include/get_screenshot' successfully

2020-03-24 08:08:42 - [MESSAGE][PASSED] - Call Test Case 'Test Cases/AHI/_include/openWebSite' successfully

2020-03-24 08:08:42 - [TEST_STEP][PASSED] - callTestCase(findTestCase("AHI/_include/census_stm"), ["zipcode":"35215"], STOP_ON_FAILURE): Call Test Case 'Test Cases/AHI/_include/census_stm' successfully

2020-03-24 08:08:42 - [TEST_CASE][PASSED] - Test Cases/AHI/_include/census_stm: Test Cases/AHI/_include/census_stm

2020-03-24 08:08:42 - [TEST_STEP][PASSED] - waitForElementClickable(findTestObject("mobileSanity/STM/Home Page/a_Quote  Save Today"), 10): Object 'Object Repository/mobileSanity/STM/Home Page/a_Quote  Save Today' is clickable

2020-03-24 08:08:42 - [MESSAGE][PASSED] - Object 'Object Repository/mobileSanity/STM/Home Page/a_Quote  Save Today' is clickable

2020-03-24 08:08:42 - [TEST_STEP][PASSED] - click(findTestObject("mobileSanity/STM/Home Page/a_Quote  Save Today")): Object: 'Object Repository/mobileSanity/STM/Home Page/a_Quote  Save Today' is clicked on

2020-03-24 08:08:43 - [MESSAGE][PASSED] - Object: 'Object Repository/mobileSanity/STM/Home Page/a_Quote  Save Today' is clicked on

2020-03-24 08:08:43 - [TEST_STEP][PASSED] - waitForElementPresent(findTestObject("mobileSanity/STM/STM Census Page/input_Location_zip-input"), 20): Object 'Object Repository/mobileSanity/STM/STM Census Page/input_Location_zip-input' is present

2020-03-24 08:08:43 - [MESSAGE][PASSED] - Object 'Object Repository/mobileSanity/STM/STM Census Page/input_Location_zip-input' is present

2020-03-24 08:08:43 - [TEST_STEP][PASSED] - callTestCase(findTestCase("AHI/_include/get_screenshot"), [:], STOP_ON_FAILURE): Call Test Case 'Test Cases/AHI/_include/get_screenshot' successfully

2020-03-24 08:08:43 - [TEST_CASE][PASSED] - Test Cases/AHI/_include/get_screenshot: Test Cases/AHI/_include/get_screenshot

2020-03-24 08:08:43 - [TEST_STEP][PASSED] - Thread.sleep(1000): null

2020-03-24 08:08:44 - [TEST_STEP][PASSED] - takeScreenshot(screenPath + i + ".png"): Taking screenshot successfully

2020-03-24 08:08:44 - [MESSAGE][PASSED] - Taking screenshot successfully
[[ATTACHMENT|D:\\Test\\AgileTest\\Reports\\PrivateLabel\\HIFA\\20200324_080037\\../Screenshots/iPhone 6/HIFA/AdvantHealth/20200324_080828/1.png]]

2020-03-24 08:08:44 - [TEST_STEP][PASSED] - (internal.GlobalVariable.i++): null

2020-03-24 08:08:44 - [MESSAGE][PASSED] - Call Test Case 'Test Cases/AHI/_include/get_screenshot' successfully

2020-03-24 08:08:44 - [TEST_STEP][PASSED] - setText(findTestObject("mobileSanity/STM/STM Census Page/input_Location_zip-input"), zipcode): Text '35215' is set on object 'Object Repository/mobileSanity/STM/STM Census Page/input_Location_zip-input'

2020-03-24 08:08:45 - [MESSAGE][PASSED] - Text '35215' is set on object 'Object Repository/mobileSanity/STM/STM Census Page/input_Location_zip-input'

2020-03-24 08:08:45 - [TEST_STEP][PASSED] - Thread.sleep(500): null

2020-03-24 08:08:45 - [TEST_STEP][PASSED] - setText(findTestObject("mobileSanity/STM/STM Census Page/input_Date of Birth_dob-0"), "03031987"): Text '03031987' is set on object 'Object Repository/mobileSanity/STM/STM Census Page/input_Date of Birth_dob-0'

2020-03-24 08:08:46 - [MESSAGE][PASSED] - Text '03031987' is set on object 'Object Repository/mobileSanity/STM/STM Census Page/input_Date of Birth_dob-0'

2020-03-24 08:08:46 - [TEST_STEP][PASSED] - click(findTestObject("mobileSanity/STM/STM Census Page/label_Male")): Object: 'Object Repository/mobileSanity/STM/STM Census Page/label_Male' is clicked on

2020-03-24 08:08:46 - [MESSAGE][PASSED] - Object: 'Object Repository/mobileSanity/STM/STM Census Page/label_Male' is clicked on

2020-03-24 08:08:46 - [TEST_STEP][PASSED] - Thread.sleep(2000): null

2020-03-24 08:08:48 - [TEST_STEP][PASSED] - click(findTestObject("mobileSanity/STM/STM Census Page/label_Compare Plans")): Object: 'Object Repository/mobileSanity/STM/STM Census Page/label_Compare Plans' is clicked on

2020-03-24 08:08:49 - [MESSAGE][PASSED] - Object: 'Object Repository/mobileSanity/STM/STM Census Page/label_Compare Plans' is clicked on

2020-03-24 08:08:49 - [TEST_STEP][PASSED] - waitForElementVisible(findTestObject("mobileSanity/STM/STM Quote Page/button_sort"), 20): Object 'Object Repository/mobileSanity/STM/STM Quote Page/button_sort' is visible

2020-03-24 08:08:53 - [MESSAGE][PASSED] - Object 'Object Repository/mobileSanity/STM/STM Quote Page/button_sort' is visible

2020-03-24 08:08:53 - [TEST_STEP][PASSED] - Thread.sleep(3000): null

2020-03-24 08:08:56 - [TEST_STEP][PASSED] - callTestCase(findTestCase("AHI/_include/get_screenshot"), [:], STOP_ON_FAILURE): Call Test Case 'Test Cases/AHI/_include/get_screenshot' successfully

2020-03-24 08:08:56 - [TEST_CASE][PASSED] - Test Cases/AHI/_include/get_screenshot: Test Cases/AHI/_include/get_screenshot

2020-03-24 08:08:56 - [TEST_STEP][PASSED] - Thread.sleep(1000): null

2020-03-24 08:08:57 - [TEST_STEP][PASSED] - takeScreenshot(screenPath + i + ".png"): Taking screenshot successfully

2020-03-24 08:08:57 - [MESSAGE][PASSED] - Taking screenshot successfully
[[ATTACHMENT|D:\\Test\\AgileTest\\Reports\\PrivateLabel\\HIFA\\20200324_080037\\../Screenshots/iPhone 6/HIFA/AdvantHealth/20200324_080828/2.png]]

2020-03-24 08:08:57 - [TEST_STEP][PASSED] - (internal.GlobalVariable.i++): null

2020-03-24 08:08:57 - [MESSAGE][PASSED] - Call Test Case 'Test Cases/AHI/_include/get_screenshot' successfully

2020-03-24 08:08:57 - [TEST_STEP][PASSED] - Thread.sleep(1000): null

2020-03-24 08:08:58 - [MESSAGE][PASSED] - Call Test Case 'Test Cases/AHI/_include/census_stm' successfully

2020-03-24 08:08:58 - [TEST_STEP][PASSED] - callTestCase(findTestCase("AHI/_include/goToDetail_stm"), ["carrier":"advanthealth"], STOP_ON_FAILURE): Call Test Case 'Test Cases/AHI/_include/goToDetail_stm' successfully

2020-03-24 08:08:59 - [TEST_CASE][PASSED] - Test Cases/AHI/_include/goToDetail_stm: Test Cases/AHI/_include/goToDetail_stm

2020-03-24 08:08:59 - [TEST_STEP][PASSED] - driver = getWebDriver(): null

2020-03-24 08:08:59 - [TEST_STEP][PASSED] - selenium = new com.thoughtworks.selenium.webdriven.WebDriverBackedSelenium(driver, internal.GlobalVariable.ENV): null

2020-03-24 08:08:59 - [TEST_STEP][PASSED] - a_plan_name = "xpath=//a[contains(@href,'/term-health-insurance/plan/" + carrier + "')]": null

2020-03-24 08:08:59 - [TEST_STEP][PASSED] - println(a_plan_name): null

2020-03-24 08:08:59 - [TEST_STEP][PASSED] - selenium.click(a_plan_name): null

2020-03-24 08:09:00 - [TEST_STEP][PASSED] - waitForPageLoad(20): Wait for page load successfully

2020-03-24 08:09:00 - [MESSAGE][PASSED] - Wait for page load successfully

2020-03-24 08:09:00 - [TEST_STEP][PASSED] - Thread.sleep(2000): null

2020-03-24 08:09:02 - [TEST_STEP][PASSED] - callTestCase(findTestCase("AHI/_include/get_screenshot"), [:], STOP_ON_FAILURE): Call Test Case 'Test Cases/AHI/_include/get_screenshot' successfully

2020-03-24 08:09:02 - [TEST_CASE][PASSED] - Test Cases/AHI/_include/get_screenshot: Test Cases/AHI/_include/get_screenshot

2020-03-24 08:09:02 - [TEST_STEP][PASSED] - Thread.sleep(1000): null

2020-03-24 08:09:03 - [TEST_STEP][PASSED] - takeScreenshot(screenPath + i + ".png"): Taking screenshot successfully

2020-03-24 08:09:04 - [MESSAGE][PASSED] - Taking screenshot successfully
[[ATTACHMENT|D:\\Test\\AgileTest\\Reports\\PrivateLabel\\HIFA\\20200324_080037\\../Screenshots/iPhone 6/HIFA/AdvantHealth/20200324_080828/3.png]]

2020-03-24 08:09:04 - [TEST_STEP][PASSED] - (internal.GlobalVariable.i++): null

2020-03-24 08:09:04 - [MESSAGE][PASSED] - Call Test Case 'Test Cases/AHI/_include/get_screenshot' successfully

2020-03-24 08:09:04 - [MESSAGE][PASSED] - Call Test Case 'Test Cases/AHI/_include/goToDetail_stm' successfully

2020-03-24 08:09:04 - [TEST_STEP][PASSED] - callTestCase(findTestCase("AHI/_include/apply_stm"), [:], STOP_ON_FAILURE): Call Test Case 'Test Cases/AHI/_include/apply_stm' successfully

2020-03-24 08:09:04 - [TEST_CASE][PASSED] - Test Cases/AHI/_include/apply_stm: Test Cases/AHI/_include/apply_stm

2020-03-24 08:09:05 - [TEST_STEP][PASSED] - waitForElementVisible(findTestObject("mobileSanity/STM/STM PlanDetail Page/a_Apply for This Plan"), 5): Object 'Object Repository/mobileSanity/STM/STM PlanDetail Page/a_Apply for This Plan' is visible

2020-03-24 08:09:05 - [MESSAGE][PASSED] - Object 'Object Repository/mobileSanity/STM/STM PlanDetail Page/a_Apply for This Plan' is visible

2020-03-24 08:09:05 - [TEST_STEP][PASSED] - click(findTestObject("mobileSanity/STM/STM PlanDetail Page/a_Apply for This Plan")): Object: 'Object Repository/mobileSanity/STM/STM PlanDetail Page/a_Apply for This Plan' is clicked on

2020-03-24 08:09:07 - [MESSAGE][PASSED] - Object: 'Object Repository/mobileSanity/STM/STM PlanDetail Page/a_Apply for This Plan' is clicked on

2020-03-24 08:09:07 - [TEST_STEP][PASSED] - waitForPageLoad(10): Wait for page load successfully

2020-03-24 08:09:07 - [MESSAGE][PASSED] - Wait for page load successfully

2020-03-24 08:09:07 - [TEST_STEP][PASSED] - Thread.sleep(2000): null

2020-03-24 08:09:09 - [TEST_STEP][PASSED] - callTestCase(findTestCase("AHI/_include/get_screenshot"), [:], STOP_ON_FAILURE): Call Test Case 'Test Cases/AHI/_include/get_screenshot' successfully

2020-03-24 08:09:09 - [TEST_CASE][PASSED] - Test Cases/AHI/_include/get_screenshot: Test Cases/AHI/_include/get_screenshot

2020-03-24 08:09:09 - [TEST_STEP][PASSED] - Thread.sleep(1000): null

2020-03-24 08:09:10 - [TEST_STEP][PASSED] - takeScreenshot(screenPath + i + ".png"): Taking screenshot successfully

2020-03-24 08:09:10 - [MESSAGE][PASSED] - Taking screenshot successfully
[[ATTACHMENT|D:\\Test\\AgileTest\\Reports\\PrivateLabel\\HIFA\\20200324_080037\\../Screenshots/iPhone 6/HIFA/AdvantHealth/20200324_080828/4.png]]

2020-03-24 08:09:10 - [TEST_STEP][PASSED] - (internal.GlobalVariable.i++): null

2020-03-24 08:09:10 - [MESSAGE][PASSED] - Call Test Case 'Test Cases/AHI/_include/get_screenshot' successfully

2020-03-24 08:09:10 - [TEST_STEP][PASSED] - waitForElementVisible(findTestObject("mobileSanity/STM/STM Apply Page/a_Start Secure Application"), 5): Object 'Object Repository/mobileSanity/STM/STM Apply Page/a_Start Secure Application' is visible

2020-03-24 08:09:11 - [MESSAGE][PASSED] - Object 'Object Repository/mobileSanity/STM/STM Apply Page/a_Start Secure Application' is visible

2020-03-24 08:09:11 - [TEST_STEP][PASSED] - click(findTestObject("mobileSanity/STM/STM Apply Page/a_Start Secure Application")): Object: 'Object Repository/mobileSanity/STM/STM Apply Page/a_Start Secure Application' is clicked on

2020-03-24 08:09:11 - [MESSAGE][PASSED] - Object: 'Object Repository/mobileSanity/STM/STM Apply Page/a_Start Secure Application' is clicked on

2020-03-24 08:09:11 - [TEST_STEP][PASSED] - waitForPageLoad(20): Wait for page load successfully

2020-03-24 08:09:11 - [MESSAGE][PASSED] - Wait for page load successfully

2020-03-24 08:09:11 - [TEST_STEP][PASSED] - Thread.sleep(2000): null

2020-03-24 08:09:13 - [TEST_STEP][PASSED] - callTestCase(findTestCase("AHI/_include/get_screenshot"), [:], STOP_ON_FAILURE): Call Test Case 'Test Cases/AHI/_include/get_screenshot' successfully

2020-03-24 08:09:13 - [TEST_CASE][PASSED] - Test Cases/AHI/_include/get_screenshot: Test Cases/AHI/_include/get_screenshot

2020-03-24 08:09:13 - [TEST_STEP][PASSED] - Thread.sleep(1000): null

2020-03-24 08:09:14 - [TEST_STEP][PASSED] - takeScreenshot(screenPath + i + ".png"): Taking screenshot successfully

2020-03-24 08:09:15 - [MESSAGE][PASSED] - Taking screenshot successfully
[[ATTACHMENT|D:\\Test\\AgileTest\\Reports\\PrivateLabel\\HIFA\\20200324_080037\\../Screenshots/iPhone 6/HIFA/AdvantHealth/20200324_080828/5.png]]

2020-03-24 08:09:15 - [TEST_STEP][PASSED] - (internal.GlobalVariable.i++): null

2020-03-24 08:09:15 - [MESSAGE][PASSED] - Call Test Case 'Test Cases/AHI/_include/get_screenshot' successfully

2020-03-24 08:09:15 - [MESSAGE][PASSED] - Call Test Case 'Test Cases/AHI/_include/apply_stm' successfully

2020-03-24 08:09:15 - [TEST_STEP][PASSED] - callTestCase(findTestCase("AHI/_include/goToEnd_stm_autofill"), [:], STOP_ON_FAILURE): Call Test Case 'Test Cases/AHI/_include/goToEnd_stm_autofill' successfully

2020-03-24 08:09:15 - [TEST_CASE][PASSED] - Test Cases/AHI/_include/goToEnd_stm_autofill: Test Cases/AHI/_include/goToEnd_stm_autofill

2020-03-24 08:09:16 - [TEST_STEP][PASSED] - callTestCase(findTestCase("AHI/_include/name"), [:], CONTINUE_ON_FAILURE): Call Test Case 'Test Cases/AHI/_include/name' successfully

2020-03-24 08:09:16 - [TEST_CASE][PASSED] - Test Cases/AHI/_include/name: Test Cases/AHI/_include/name

2020-03-24 08:09:16 - [TEST_STEP][PASSED] - driver = getWebDriver(): null

2020-03-24 08:09:16 - [TEST_STEP][PASSED] - selenium = new com.thoughtworks.selenium.webdriven.WebDriverBackedSelenium(driver, internal.GlobalVariable.ENV): null

2020-03-24 08:09:16 - [TEST_STEP][PASSED] - FirstName = "Test-123": null

2020-03-24 08:09:16 - [TEST_STEP][PASSED] - LastName = selenium.getEval("{var x="ABCDEFGHIJKLMNOPQRSTUVWXYZabcdefghijklmnopqrstuvwxyz"; var tmp="ZZ11-"; for (i=0;i<8;i++) tmp+=x.charAt(Math.ceil(51*Math.random()));tmp;}"): null

2020-03-24 08:09:16 - [TEST_STEP][PASSED] - Address = selenium.getEval("{var x="ABCDEFGHIJKLMNOPQRSTUVWXYZabcdefghijklmnopqrstuvwxyz"; var tmp=""; for (i=0;i<8;i++) tmp+=x.charAt(Math.ceil(51*Math.random()));tmp;}"): null

2020-03-24 08:09:16 - [TEST_STEP][PASSED] - City = selenium.getEval("{var x="ABCDEFGHIJKLMNOPQRSTUVWXYZabcdefghijklmnopqrstuvwxyz"; var tmp=""; for (i=0;i<8;i++) tmp+=x.charAt(Math.ceil(51*Math.random()));tmp;}"): null

2020-03-24 08:09:16 - [TEST_STEP][PASSED] - tel1 = selenium.getEval("{var x="123456789"; var tmp=""; for (i=0;i<3;i++) tmp+=x.charAt(Math.ceil(8*Math.random()));tmp;}"): null

2020-03-24 08:09:16 - [TEST_STEP][PASSED] - tel2 = selenium.getEval("{var x="123456789"; var tmp=""; for (i=0;i<3;i++) tmp+=x.charAt(Math.ceil(8*Math.random()));tmp;}"): null

2020-03-24 08:09:16 - [TEST_STEP][PASSED] - tel3 = selenium.getEval("{var x="123456789"; var tmp=""; for (i=0;i<4;i++) tmp+=x.charAt(Math.ceil(8*Math.random()));tmp;}"): null

2020-03-24 08:09:16 - [TEST_STEP][PASSED] - Tel = selenium.getExpression(tel1 + "-" + tel2 + "-" + tel3): null

2020-03-24 08:09:16 - [TEST_STEP][PASSED] - AutoEmail = selenium.getEval("{var x="ABCDEFGHIJKLMNOPQRSTUVWXYZabcdefghijklmnopqrstuvwxyz"; var tmp="test."; for (i=0;i<8;i++) tmp+=x.charAt(Math.ceil(51*Math.random()));tmp+="@suryani.cn";}"): null

2020-03-24 08:09:16 - [TEST_STEP][PASSED] - FirstName = FirstName: null

2020-03-24 08:09:16 - [TEST_STEP][PASSED] - LastName = LastName: null

2020-03-24 08:09:16 - [TEST_STEP][PASSED] - Address = Address: null

2020-03-24 08:09:16 - [TEST_STEP][PASSED] - City = City: null

2020-03-24 08:09:16 - [TEST_STEP][PASSED] - Tel = Tel: null

2020-03-24 08:09:16 - [TEST_STEP][PASSED] - AutoEmail = AutoEmail: null

2020-03-24 08:09:16 - [TEST_STEP][PASSED] - println(FirstName): null

2020-03-24 08:09:16 - [TEST_STEP][PASSED] - println(LastName): null

2020-03-24 08:09:16 - [TEST_STEP][PASSED] - println(Address): null

2020-03-24 08:09:16 - [TEST_STEP][PASSED] - println(City): null

2020-03-24 08:09:16 - [TEST_STEP][PASSED] - println(Tel): null

2020-03-24 08:09:16 - [TEST_STEP][PASSED] - println(AutoEmail): null

2020-03-24 08:09:16 - [MESSAGE][PASSED] - Call Test Case 'Test Cases/AHI/_include/name' successfully

2020-03-24 08:09:16 - [TEST_STEP][PASSED] - try: Call Test Case 'Test Cases/AHI/_include/get_screenshot' successfully

2020-03-24 08:09:16 - [TEST_STEP][PASSED] - if (verifyTextPresent("Month Duration Acknowledgement", false)): Call Test Case 'Test Cases/AHI/_include/get_screenshot' successfully

2020-03-24 08:09:16 - [MESSAGE][PASSED] - Text 'Month Duration Acknowledgement' is present on page 

2020-03-24 08:09:16 - [TEST_STEP][PASSED] - click(findTestObject("mobileSanity/STM/Page_App Page 1/label_By checking this box I u")): Object: 'Object Repository/mobileSanity/STM/Page_App Page 1/label_By checking this box I u' is clicked on

2020-03-24 08:09:16 - [MESSAGE][PASSED] - Object: 'Object Repository/mobileSanity/STM/Page_App Page 1/label_By checking this box I u' is clicked on

2020-03-24 08:09:16 - [TEST_STEP][PASSED] - click(findTestObject("mobileSanity/STM/Page_App Page 1/button_Continue to Application")): Object: 'Object Repository/mobileSanity/STM/Page_App Page 1/button_Continue to Application' is clicked on

2020-03-24 08:09:17 - [MESSAGE][PASSED] - Object: 'Object Repository/mobileSanity/STM/Page_App Page 1/button_Continue to Application' is clicked on

2020-03-24 08:09:17 - [TEST_STEP][PASSED] - waitForPageLoad(20): Wait for page load successfully

2020-03-24 08:09:17 - [MESSAGE][PASSED] - Wait for page load successfully

2020-03-24 08:09:17 - [TEST_STEP][PASSED] - Thread.sleep(5000): null

2020-03-24 08:09:22 - [TEST_STEP][PASSED] - callTestCase(findTestCase("AHI/_include/get_screenshot"), [:], STOP_ON_FAILURE): Call Test Case 'Test Cases/AHI/_include/get_screenshot' successfully

2020-03-24 08:09:22 - [TEST_CASE][PASSED] - Test Cases/AHI/_include/get_screenshot: Test Cases/AHI/_include/get_screenshot

2020-03-24 08:09:22 - [TEST_STEP][PASSED] - Thread.sleep(1000): null

2020-03-24 08:09:23 - [TEST_STEP][PASSED] - takeScreenshot(screenPath + i + ".png"): Taking screenshot successfully

2020-03-24 08:09:23 - [MESSAGE][PASSED] - Taking screenshot successfully
[[ATTACHMENT|D:\\Test\\AgileTest\\Reports\\PrivateLabel\\HIFA\\20200324_080037\\../Screenshots/iPhone 6/HIFA/AdvantHealth/20200324_080828/6.png]]

2020-03-24 08:09:23 - [TEST_STEP][PASSED] - (internal.GlobalVariable.i++): null

2020-03-24 08:09:23 - [MESSAGE][PASSED] - Call Test Case 'Test Cases/AHI/_include/get_screenshot' successfully

2020-03-24 08:09:23 - [TEST_STEP][PASSED] - waitForPageLoad(10): Wait for page load successfully

2020-03-24 08:09:23 - [MESSAGE][PASSED] - Wait for page load successfully

2020-03-24 08:09:23 - [TEST_STEP][PASSED] - Thread.sleep(3000): null

2020-03-24 08:09:26 - [TEST_STEP][PASSED] - waitForElementVisible(findTestObject("mobileSanity/STM/Page_App Page 1/a_Autofill App Info"), 20): Object 'Object Repository/mobileSanity/STM/Page_App Page 1/a_Autofill App Info' is visible

2020-03-24 08:09:27 - [MESSAGE][PASSED] - Object 'Object Repository/mobileSanity/STM/Page_App Page 1/a_Autofill App Info' is visible

2020-03-24 08:09:27 - [TEST_STEP][PASSED] - click(findTestObject("mobileSanity/STM/Page_App Page 1/a_Autofill App Info")): Object: 'Object Repository/mobileSanity/STM/Page_App Page 1/a_Autofill App Info' is clicked on

2020-03-24 08:09:27 - [MESSAGE][PASSED] - Object: 'Object Repository/mobileSanity/STM/Page_App Page 1/a_Autofill App Info' is clicked on

2020-03-24 08:09:27 - [TEST_STEP][PASSED] - Thread.sleep(1000): null

2020-03-24 08:09:28 - [TEST_STEP][PASSED] - click(findTestObject("mobileSanity/STM/Page_App Page 1/a_Autofill App Info")): Object: 'Object Repository/mobileSanity/STM/Page_App Page 1/a_Autofill App Info' is clicked on

2020-03-24 08:09:28 - [MESSAGE][PASSED] - Object: 'Object Repository/mobileSanity/STM/Page_App Page 1/a_Autofill App Info' is clicked on

2020-03-24 08:09:28 - [TEST_STEP][PASSED] - Thread.sleep(1000): null

2020-03-24 08:09:29 - [TEST_STEP][PASSED] - waitForElementVisible(findTestObject("mobileSanity/STM/Page_App Page 1/a_Continue"), 20): Object 'Object Repository/mobileSanity/STM/Page_App Page 1/a_Continue' is visible

2020-03-24 08:09:29 - [MESSAGE][PASSED] - Object 'Object Repository/mobileSanity/STM/Page_App Page 1/a_Continue' is visible

2020-03-24 08:09:29 - [TEST_STEP][PASSED] - click(findTestObject("mobileSanity/STM/Page_App Page 1/a_Continue")): Object: 'Object Repository/mobileSanity/STM/Page_App Page 1/a_Continue' is clicked on

2020-03-24 08:09:29 - [MESSAGE][PASSED] - Object: 'Object Repository/mobileSanity/STM/Page_App Page 1/a_Continue' is clicked on

2020-03-24 08:09:29 - [TEST_STEP][PASSED] - waitForPageLoad(20): Wait for page load successfully

2020-03-24 08:09:29 - [MESSAGE][PASSED] - Wait for page load successfully

2020-03-24 08:09:29 - [TEST_STEP][PASSED] - Thread.sleep(5000): null

2020-03-24 08:09:34 - [TEST_STEP][PASSED] - callTestCase(findTestCase("AHI/_include/get_screenshot"), [:], STOP_ON_FAILURE): Call Test Case 'Test Cases/AHI/_include/get_screenshot' successfully

2020-03-24 08:09:34 - [TEST_CASE][PASSED] - Test Cases/AHI/_include/get_screenshot: Test Cases/AHI/_include/get_screenshot

2020-03-24 08:09:34 - [TEST_STEP][PASSED] - Thread.sleep(1000): null

2020-03-24 08:09:35 - [TEST_STEP][PASSED] - takeScreenshot(screenPath + i + ".png"): Taking screenshot successfully

2020-03-24 08:09:36 - [MESSAGE][PASSED] - Taking screenshot successfully
[[ATTACHMENT|D:\\Test\\AgileTest\\Reports\\PrivateLabel\\HIFA\\20200324_080037\\../Screenshots/iPhone 6/HIFA/AdvantHealth/20200324_080828/7.png]]

2020-03-24 08:09:36 - [TEST_STEP][PASSED] - (internal.GlobalVariable.i++): null

2020-03-24 08:09:36 - [MESSAGE][PASSED] - Call Test Case 'Test Cases/AHI/_include/get_screenshot' successfully

2020-03-24 08:09:36 - [TEST_STEP][PASSED] - click(findTestObject("mobileSanity/STM/Page_App Page 2/a_Continue to Step 3 - Payment")): Object: 'Object Repository/mobileSanity/STM/Page_App Page 2/a_Continue to Step 3 - Payment' is clicked on

2020-03-24 08:09:36 - [MESSAGE][PASSED] - Object: 'Object Repository/mobileSanity/STM/Page_App Page 2/a_Continue to Step 3 - Payment' is clicked on

2020-03-24 08:09:36 - [TEST_STEP][PASSED] - waitForPageLoad(20): Wait for page load successfully

2020-03-24 08:09:36 - [MESSAGE][PASSED] - Wait for page load successfully

2020-03-24 08:09:36 - [TEST_STEP][PASSED] - waitForElementVisible(findTestObject("mobileSanity/STM/Page_App Page 3/input__credit-card-cvv"), 20): Object 'Object Repository/mobileSanity/STM/Page_App Page 3/input__credit-card-cvv' is visible

2020-03-24 08:09:37 - [MESSAGE][PASSED] - Object 'Object Repository/mobileSanity/STM/Page_App Page 3/input__credit-card-cvv' is visible

2020-03-24 08:09:37 - [TEST_STEP][PASSED] - Thread.sleep(2000): null

2020-03-24 08:09:39 - [TEST_STEP][PASSED] - callTestCase(findTestCase("AHI/_include/get_screenshot"), [:], STOP_ON_FAILURE): Call Test Case 'Test Cases/AHI/_include/get_screenshot' successfully

2020-03-24 08:09:39 - [TEST_CASE][PASSED] - Test Cases/AHI/_include/get_screenshot: Test Cases/AHI/_include/get_screenshot

2020-03-24 08:09:39 - [TEST_STEP][PASSED] - Thread.sleep(1000): null

2020-03-24 08:09:40 - [TEST_STEP][PASSED] - takeScreenshot(screenPath + i + ".png"): Taking screenshot successfully

2020-03-24 08:09:41 - [MESSAGE][PASSED] - Taking screenshot successfully
[[ATTACHMENT|D:\\Test\\AgileTest\\Reports\\PrivateLabel\\HIFA\\20200324_080037\\../Screenshots/iPhone 6/HIFA/AdvantHealth/20200324_080828/8.png]]

2020-03-24 08:09:41 - [TEST_STEP][PASSED] - (internal.GlobalVariable.i++): null

2020-03-24 08:09:41 - [MESSAGE][PASSED] - Call Test Case 'Test Cases/AHI/_include/get_screenshot' successfully

2020-03-24 08:09:41 - [TEST_STEP][PASSED] - clearText(findTestObject("mobileSanity/STM/Page_App Page 3/input__credit-card-cvv")): Text of object 'Object Repository/mobileSanity/STM/Page_App Page 3/input__credit-card-cvv' is cleared

2020-03-24 08:09:42 - [MESSAGE][PASSED] - Text of object 'Object Repository/mobileSanity/STM/Page_App Page 3/input__credit-card-cvv' is cleared

2020-03-24 08:09:42 - [TEST_STEP][PASSED] - setText(findTestObject("mobileSanity/STM/Page_App Page 3/input__credit-card-cvv"), "123"): Text '123' is set on object 'Object Repository/mobileSanity/STM/Page_App Page 3/input__credit-card-cvv'

2020-03-24 08:09:42 - [MESSAGE][PASSED] - Text '123' is set on object 'Object Repository/mobileSanity/STM/Page_App Page 3/input__credit-card-cvv'

2020-03-24 08:09:42 - [TEST_STEP][PASSED] - click(findTestObject("mobileSanity/STM/Page_App Page 3/label_I Accept Authorization f")): Object: 'Object Repository/mobileSanity/STM/Page_App Page 3/label_I Accept Authorization f' is clicked on

2020-03-24 08:09:42 - [MESSAGE][PASSED] - Object: 'Object Repository/mobileSanity/STM/Page_App Page 3/label_I Accept Authorization f' is clicked on

2020-03-24 08:09:42 - [TEST_STEP][PASSED] - click(findTestObject("mobileSanity/STM/Page_App Page 3/a_Continue to Step 4 - Review")): Object: 'Object Repository/mobileSanity/STM/Page_App Page 3/a_Continue to Step 4 - Review' is clicked on

2020-03-24 08:09:43 - [MESSAGE][PASSED] - Object: 'Object Repository/mobileSanity/STM/Page_App Page 3/a_Continue to Step 4 - Review' is clicked on

2020-03-24 08:09:43 - [TEST_STEP][PASSED] - waitForPageLoad(10): Wait for page load successfully

2020-03-24 08:09:43 - [MESSAGE][PASSED] - Wait for page load successfully

2020-03-24 08:09:43 - [TEST_STEP][PASSED] - waitForElementClickable(findTestObject("mobileSanity/STM/Page_App Page 4/label"), 10): Object 'Object Repository/mobileSanity/STM/Page_App Page 4/label' is clickable

2020-03-24 08:09:43 - [MESSAGE][PASSED] - Object 'Object Repository/mobileSanity/STM/Page_App Page 4/label' is clickable

2020-03-24 08:09:43 - [TEST_STEP][PASSED] - Thread.sleep(2000): null

2020-03-24 08:09:45 - [TEST_STEP][PASSED] - callTestCase(findTestCase("AHI/_include/get_screenshot"), [:], STOP_ON_FAILURE): Call Test Case 'Test Cases/AHI/_include/get_screenshot' successfully

2020-03-24 08:09:46 - [TEST_CASE][PASSED] - Test Cases/AHI/_include/get_screenshot: Test Cases/AHI/_include/get_screenshot

2020-03-24 08:09:46 - [TEST_STEP][PASSED] - Thread.sleep(1000): null

2020-03-24 08:09:48 - [TEST_STEP][PASSED] - takeScreenshot(screenPath + i + ".png"): Taking screenshot successfully

2020-03-24 08:09:48 - [MESSAGE][PASSED] - Taking screenshot successfully
[[ATTACHMENT|D:\\Test\\AgileTest\\Reports\\PrivateLabel\\HIFA\\20200324_080037\\../Screenshots/iPhone 6/HIFA/AdvantHealth/20200324_080828/9.png]]

2020-03-24 08:09:48 - [TEST_STEP][PASSED] - (internal.GlobalVariable.i++): null

2020-03-24 08:09:48 - [MESSAGE][PASSED] - Call Test Case 'Test Cases/AHI/_include/get_screenshot' successfully

2020-03-24 08:09:48 - [TEST_STEP][PASSED] - click(findTestObject("mobileSanity/STM/Page_App Page 4/label")): Object: 'Object Repository/mobileSanity/STM/Page_App Page 4/label' is clicked on

2020-03-24 08:09:50 - [MESSAGE][PASSED] - Object: 'Object Repository/mobileSanity/STM/Page_App Page 4/label' is clicked on

2020-03-24 08:09:50 - [TEST_STEP][PASSED] - click(findTestObject("mobileSanity/STM/Page_App Page 4/div_CLICK TO SIGN")): Object: 'Object Repository/mobileSanity/STM/Page_App Page 4/div_CLICK TO SIGN' is clicked on

2020-03-24 08:09:50 - [MESSAGE][PASSED] - Object: 'Object Repository/mobileSanity/STM/Page_App Page 4/div_CLICK TO SIGN' is clicked on

2020-03-24 08:09:50 - [TEST_STEP][PASSED] - click(findTestObject("mobileSanity/STM/Page_App Page 4/a_Submit Your Application")): Object: 'Object Repository/mobileSanity/STM/Page_App Page 4/a_Submit Your Application' is clicked on

2020-03-24 08:09:51 - [MESSAGE][PASSED] - Object: 'Object Repository/mobileSanity/STM/Page_App Page 4/a_Submit Your Application' is clicked on

2020-03-24 08:09:51 - [TEST_STEP][PASSED] - waitForElementPresent(findTestObject("mobileSanity/Common/app-confirmation"), 50): Object 'Object Repository/mobileSanity/Common/app-confirmation' is not present after 50 second(s)

2020-03-24 08:10:52 - [MESSAGE][INFO] - Unable to find the element located by 'By.xpath: //*[@id = 'app-confirmation']'. Please recheck the objects properties to make sure the desired element is located. 

2020-03-24 08:10:52 - [MESSAGE][WARNING] - Object 'Object Repository/mobileSanity/Common/app-confirmation' is not present after 50 second(s)

2020-03-24 08:10:52 - [TEST_STEP][PASSED] - callTestCase(findTestCase("AHI/_include/get_screenshot"), [:], STOP_ON_FAILURE): Call Test Case 'Test Cases/AHI/_include/get_screenshot' successfully

2020-03-24 08:10:52 - [TEST_CASE][PASSED] - Test Cases/AHI/_include/get_screenshot: Test Cases/AHI/_include/get_screenshot

2020-03-24 08:10:52 - [TEST_STEP][PASSED] - Thread.sleep(1000): null

2020-03-24 08:10:53 - [TEST_STEP][PASSED] - takeScreenshot(screenPath + i + ".png"): Taking screenshot successfully

2020-03-24 08:10:54 - [MESSAGE][PASSED] - Taking screenshot successfully
[[ATTACHMENT|D:\\Test\\AgileTest\\Reports\\PrivateLabel\\HIFA\\20200324_080037\\../Screenshots/iPhone 6/HIFA/AdvantHealth/20200324_080828/10.png]]

2020-03-24 08:10:54 - [TEST_STEP][PASSED] - (internal.GlobalVariable.i++): null

2020-03-24 08:10:54 - [MESSAGE][PASSED] - Call Test Case 'Test Cases/AHI/_include/get_screenshot' successfully

2020-03-24 08:10:54 - [MESSAGE][PASSED] - Call Test Case 'Test Cases/AHI/_include/goToEnd_stm_autofill' successfully]]></system-out>
         <system-err><![CDATA[]]></system-err>
      </testcase>
      <system-out><![CDATA[2020-03-24 08:04:48 - [TEST_SUITE][PASSED] - HIFA: Test Cases/PL Site/HIFA/stm/AdvantHealth]]></system-out>
      <system-err><![CDATA[]]></system-err>
   </testsuite>
</testsuites>
