<?xml version="1.0" encoding="UTF-8"?>
<testsuites name="hic" time="495" tests="8" failures="0" errors="0">
   <testsuite name="hic" tests="8" failures="0" errors="0" time="495" timestamp="2020-03-09 23:42:28" hostname="Administrator - 172.30.0.53" id="Test Suites/HIC/hic">
      <properties>
         <property name="deviceName" value=""/>
         <property name="devicePlatform" value=""/>
         <property name="logFolder" value="D:\\Test\\AgileTest\\Reports\\HIC\\hic\\20200309_233514"/>
         <property name="logFiles" value="D:\\Test\\AgileTest\\Reports\\HIC\\hic\\20200309_233514\\execution0.log"/>
         <property name="attachments" value="D:\\Test\\AgileTest\\Reports\\HIC\\hic\\20200309_233514\\../Screenshots/iPhone X/HIC/ACA/ACA/20200309_234229/0.png, D:\\Test\\AgileTest\\Reports\\HIC\\hic\\20200309_233514\\../Screenshots/iPhone X/HIC/ACA/ACA/20200309_234229/1.png, D:\\Test\\AgileTest\\Reports\\HIC\\hic\\20200309_233514\\../Screenshots/iPhone X/HIC/ACA/ACA/20200309_234229/2.png, D:\\Test\\AgileTest\\Reports\\HIC\\hic\\20200309_233514\\../Screenshots/iPhone X/HIC/Cancer/Cancer/20200309_234246/0.png, D:\\Test\\AgileTest\\Reports\\HIC\\hic\\20200309_233514\\../Screenshots/iPhone X/HIC/Cancer/Cancer/20200309_234246/1.png, D:\\Test\\AgileTest\\Reports\\HIC\\hic\\20200309_233514\\../Screenshots/iPhone X/HIC/Cancer/Cancer/20200309_234246/2.png, D:\\Test\\AgileTest\\Reports\\HIC\\hic\\20200309_233514\\../Screenshots/iPhone X/HIC/Cancer/Cancer/20200309_234246/3.png, D:\\Test\\AgileTest\\Reports\\HIC\\hic\\20200309_233514\\../Screenshots/iPhone X/HIC/Cancer/Cancer/20200309_234246/4.png, D:\\Test\\AgileTest\\Reports\\HIC\\hic\\20200309_233514\\../Screenshots/iPhone X/HIC/Cancer/Cancer/20200309_234246/5.png, D:\\Test\\AgileTest\\Reports\\HIC\\hic\\20200309_233514\\../Screenshots/iPhone X/HIC/Cancer/Cancer/20200309_234246/6.png, D:\\Test\\AgileTest\\Reports\\HIC\\hic\\20200309_233514\\../Screenshots/iPhone X/HIC/Cancer/Cancer/20200309_234246/7.png, D:\\Test\\AgileTest\\Reports\\HIC\\hic\\20200309_233514\\../Screenshots/iPhone X/HIC/Cancer/Cancer/20200309_234246/8.png, D:\\Test\\AgileTest\\Reports\\HIC\\hic\\20200309_233514\\../Screenshots/iPhone X/HIC/Cancer/Cancer/20200309_234246/9.png, D:\\Test\\AgileTest\\Reports\\HIC\\hic\\20200309_233514\\../Screenshots/iPhone X/HIC/Cancer/Cancer/20200309_234246/10.png, D:\\Test\\AgileTest\\Reports\\HIC\\hic\\20200309_233514\\../Screenshots/iPhone X/HIC/Dental/USA Access/20200309_234408/0.png, D:\\Test\\AgileTest\\Reports\\HIC\\hic\\20200309_233514\\../Screenshots/iPhone X/HIC/Dental/USA Access/20200309_234408/1.png, D:\\Test\\AgileTest\\Reports\\HIC\\hic\\20200309_233514\\../Screenshots/iPhone X/HIC/Dental/USA Access/20200309_234408/2.png, D:\\Test\\AgileTest\\Reports\\HIC\\hic\\20200309_233514\\../Screenshots/iPhone X/HIC/Dental/USA Access/20200309_234408/3.png, D:\\Test\\AgileTest\\Reports\\HIC\\hic\\20200309_233514\\../Screenshots/iPhone X/HIC/Dental/USA Access/20200309_234408/4.png, D:\\Test\\AgileTest\\Reports\\HIC\\hic\\20200309_233514\\../Screenshots/iPhone X/HIC/Dental/USA Access/20200309_234408/5.png, D:\\Test\\AgileTest\\Reports\\HIC\\hic\\20200309_233514\\../Screenshots/iPhone X/HIC/Dental/USA Access/20200309_234408/6.png, D:\\Test\\AgileTest\\Reports\\HIC\\hic\\20200309_233514\\../Screenshots/iPhone X/HIC/Dental/USA Access/20200309_234408/7.png, D:\\Test\\AgileTest\\Reports\\HIC\\hic\\20200309_233514\\../Screenshots/iPhone X/HIC/Dental/USA Access/20200309_234408/8.png, D:\\Test\\AgileTest\\Reports\\HIC\\hic\\20200309_233514\\../Screenshots/iPhone X/HIC/Dental/USA Access/20200309_234408/9.png, D:\\Test\\AgileTest\\Reports\\HIC\\hic\\20200309_233514\\../Screenshots/iPhone X/HIC/HBI/HBI/20200309_234636/0.png, D:\\Test\\AgileTest\\Reports\\HIC\\hic\\20200309_233514\\../Screenshots/iPhone X/HIC/HBI/HBI/20200309_234636/1.png, D:\\Test\\AgileTest\\Reports\\HIC\\hic\\20200309_233514\\../Screenshots/iPhone X/HIC/HBI/HBI/20200309_234636/2.png, D:\\Test\\AgileTest\\Reports\\HIC\\hic\\20200309_233514\\../Screenshots/iPhone X/HIC/Medicare/Medicare/20200309_234653/0.png, D:\\Test\\AgileTest\\Reports\\HIC\\hic\\20200309_233514\\../Screenshots/iPhone X/HIC/Medicare/Medicare/20200309_234653/1.png, D:\\Test\\AgileTest\\Reports\\HIC\\hic\\20200309_233514\\../Screenshots/iPhone X/HIC/Medicare/Medicare/20200309_234653/2.png, D:\\Test\\AgileTest\\Reports\\HIC\\hic\\20200309_233514\\../Screenshots/iPhone X/HIC/Pet/Pet/20200309_234719/0.png, D:\\Test\\AgileTest\\Reports\\HIC\\hic\\20200309_233514\\../Screenshots/iPhone X/HIC/Pet/Pet/20200309_234719/1.png, D:\\Test\\AgileTest\\Reports\\HIC\\hic\\20200309_233514\\../Screenshots/iPhone X/HIC/Pet/Pet/20200309_234719/2.png, D:\\Test\\AgileTest\\Reports\\HIC\\hic\\20200309_233514\\../Screenshots/iPhone X/HIC/Pet/Pet/20200309_234719/3.png, D:\\Test\\AgileTest\\Reports\\HIC\\hic\\20200309_233514\\../Screenshots/iPhone X/HIC/Pet/Pet/20200309_234719/4.png, D:\\Test\\AgileTest\\Reports\\HIC\\hic\\20200309_233514\\../Screenshots/iPhone X/HIC/Pet/Pet/20200309_234719/5.png, D:\\Test\\AgileTest\\Reports\\HIC\\hic\\20200309_233514\\../Screenshots/iPhone X/HIC/Pet/Pet/20200309_234719/6.png, D:\\Test\\AgileTest\\Reports\\HIC\\hic\\20200309_233514\\../Screenshots/iPhone X/HIC/Pet/Pet/20200309_234719/7.png, D:\\Test\\AgileTest\\Reports\\HIC\\hic\\20200309_233514\\../Screenshots/iPhone X/HIC/Pet/Pet/20200309_234719/8.png, D:\\Test\\AgileTest\\Reports\\HIC\\hic\\20200309_233514\\../Screenshots/iPhone X/HIC/Pet/Pet/20200309_234719/9.png, D:\\Test\\AgileTest\\Reports\\HIC\\hic\\20200309_233514\\../Screenshots/iPhone X/HIC/Pet/Pet/20200309_234719/10.png, D:\\Test\\AgileTest\\Reports\\HIC\\hic\\20200309_233514\\../Screenshots/iPhone X/HIC/STM/STM/20200309_234837/0.png, D:\\Test\\AgileTest\\Reports\\HIC\\hic\\20200309_233514\\../Screenshots/iPhone X/HIC/STM/STM/20200309_234837/1.png, D:\\Test\\AgileTest\\Reports\\HIC\\hic\\20200309_233514\\../Screenshots/iPhone X/HIC/STM/STM/20200309_234837/2.png, D:\\Test\\AgileTest\\Reports\\HIC\\hic\\20200309_233514\\../Screenshots/iPhone X/HIC/Teladoc/Teladoc/20200309_234854/0.png, D:\\Test\\AgileTest\\Reports\\HIC\\hic\\20200309_233514\\../Screenshots/iPhone X/HIC/Teladoc/Teladoc/20200309_234854/1.png, D:\\Test\\AgileTest\\Reports\\HIC\\hic\\20200309_233514\\../Screenshots/iPhone X/HIC/Teladoc/Teladoc/20200309_234854/2.png, D:\\Test\\AgileTest\\Reports\\HIC\\hic\\20200309_233514\\../Screenshots/iPhone X/HIC/Teladoc/Teladoc/20200309_234854/3.png, D:\\Test\\AgileTest\\Reports\\HIC\\hic\\20200309_233514\\../Screenshots/iPhone X/HIC/Teladoc/Teladoc/20200309_234854/4.png, D:\\Test\\AgileTest\\Reports\\HIC\\hic\\20200309_233514\\../Screenshots/iPhone X/HIC/Teladoc/Teladoc/20200309_234854/5.png, D:\\Test\\AgileTest\\Reports\\HIC\\hic\\20200309_233514\\../Screenshots/iPhone X/HIC/Teladoc/Teladoc/20200309_234854/6.png, D:\\Test\\AgileTest\\Reports\\HIC\\hic\\20200309_233514\\../Screenshots/iPhone X/HIC/Teladoc/Teladoc/20200309_234854/7.png"/>
         <property name="hostName" value="Administrator - 172.30.0.53"/>
         <property name="os" value="Windows Server 2012 R2 64bit"/>
         <property name="katalonVersion" value="5.10.1.1"/>
         <property name="browser" value="Safari 11"/>
         <property name="hostAddress" value="172.30.0.53"/>
         <property name="sessionId" value="a815e15a01583ba3c261e4944db5df48"/>
         <property name="seleniumVersion" value="3.7.1"/>
         <property name="proxyInformation" value="ProxyInformation{proxyOption=NO_PROXY, proxyServerType=HTTP, password=, proxyServerAddress=, proxyServerPort=0}"/>
         <property name="platform" value="Windows Server 2012 R2"/>
      </properties>
      <testcase name="Test Cases/HIC/New/ACA" classname="Test Cases/HIC/New/ACA" status="PASSED">
         <system-out><![CDATA[2020-03-09 23:42:29 - [TEST_CASE][PASSED] - Test Cases/HIC/New/ACA: Test Cases/HIC/New/ACA

2020-03-09 23:42:29 - [TEST_STEP][PASSED] - callTestCase(findTestCase("HIC/_include/get_hicScreenPath"), ["project":"HIC", "productLine":"ACA", "carrierName":"ACA"], CONTINUE_ON_FAILURE): Call Test Case 'Test Cases/HIC/_include/get_hicScreenPath' successfully

2020-03-09 23:42:29 - [TEST_CASE][PASSED] - Test Cases/HIC/_include/get_hicScreenPath: Test Cases/HIC/_include/get_hicScreenPath

2020-03-09 23:42:29 - [TEST_STEP][PASSED] - m = getExecutionProperties(): null

2020-03-09 23:42:29 - [TEST_STEP][PASSED] - deviceName = get("mobileEmulation").get("deviceName"): null

2020-03-09 23:42:29 - [TEST_STEP][PASSED] - println(deviceName): null

2020-03-09 23:42:29 - [TEST_STEP][PASSED] - now = new java.util.Date(): null

2020-03-09 23:42:29 - [TEST_STEP][PASSED] - mydate = now.format("yyyyMMdd_HHmmss"): null

2020-03-09 23:42:29 - [TEST_STEP][PASSED] - screenPath = "../Screenshots/": null

2020-03-09 23:42:29 - [TEST_STEP][PASSED] - screenPath = screenPath + deviceName + "/" + project + "/" + productLine + "/" + carrierName + "/" + mydate + "/": null

2020-03-09 23:42:29 - [TEST_STEP][PASSED] - println(screenPath): null

2020-03-09 23:42:29 - [MESSAGE][PASSED] - Call Test Case 'Test Cases/HIC/_include/get_hicScreenPath' successfully

2020-03-09 23:42:29 - [TEST_STEP][PASSED] - i = 0: null

2020-03-09 23:42:29 - [TEST_STEP][PASSED] - callTestCase(findTestCase("AHI/_include/openWebSite"), ["env":env], CONTINUE_ON_FAILURE): Call Test Case 'Test Cases/AHI/_include/openWebSite' successfully

2020-03-09 23:42:30 - [TEST_CASE][PASSED] - Test Cases/AHI/_include/openWebSite: Test Cases/AHI/_include/openWebSite

2020-03-09 23:42:30 - [TEST_STEP][PASSED] - openBrowser(env): Browser is opened with url: 'https://qa.healthinsurance.com'

2020-03-09 23:42:30 - [MESSAGE][INFO] - Starting 'Chrome' driver

2020-03-09 23:42:30 - [MESSAGE][INFO] - User set preference: ['mobileEmulation', '{deviceName=iPhone X}']

2020-03-09 23:42:30 - [MESSAGE][INFO] - User set preference: ['args', '[--incognito, --aggressive-cache-discard, --no-sandbox, --window-size=375,812, --ignore-certificate-errors]']

2020-03-09 23:42:30 - [MESSAGE][INFO] - Action delay is set to 0 seconds

2020-03-09 23:42:33 - [MESSAGE][PASSED] - Browser is opened with url: 'https://qa.healthinsurance.com'

2020-03-09 23:42:33 - [TEST_STEP][PASSED] - waitForPageLoad(20): Wait for page load successfully

2020-03-09 23:42:33 - [MESSAGE][PASSED] - Wait for page load successfully

2020-03-09 23:42:34 - [TEST_STEP][PASSED] - callTestCase(findTestCase("AHI/_include/get_screenshot"), [:], STOP_ON_FAILURE): Call Test Case 'Test Cases/AHI/_include/get_screenshot' successfully

2020-03-09 23:42:34 - [TEST_CASE][PASSED] - Test Cases/AHI/_include/get_screenshot: Test Cases/AHI/_include/get_screenshot

2020-03-09 23:42:34 - [TEST_STEP][PASSED] - Thread.sleep(1000): null

2020-03-09 23:42:35 - [TEST_STEP][PASSED] - takeScreenshot(screenPath + i + ".png"): Taking screenshot successfully

2020-03-09 23:42:35 - [MESSAGE][PASSED] - Taking screenshot successfully
[[ATTACHMENT|D:\\Test\\AgileTest\\Reports\\HIC\\hic\\20200309_233514\\../Screenshots/iPhone X/HIC/ACA/ACA/20200309_234229/0.png]]

2020-03-09 23:42:35 - [TEST_STEP][PASSED] - (internal.GlobalVariable.i++): null

2020-03-09 23:42:35 - [MESSAGE][PASSED] - Call Test Case 'Test Cases/AHI/_include/get_screenshot' successfully

2020-03-09 23:42:35 - [MESSAGE][PASSED] - Call Test Case 'Test Cases/AHI/_include/openWebSite' successfully

2020-03-09 23:42:35 - [TEST_STEP][PASSED] - driver = getWebDriver(): null

2020-03-09 23:42:35 - [TEST_STEP][PASSED] - baseUrl = env: null

2020-03-09 23:42:35 - [TEST_STEP][PASSED] - selenium = new com.thoughtworks.selenium.webdriven.WebDriverBackedSelenium(driver, baseUrl): null

2020-03-09 23:42:35 - [TEST_STEP][PASSED] - selenium.click("id=product-lines"): null

2020-03-09 23:42:36 - [TEST_STEP][PASSED] - selenium.click("//*[@id='product-lines']/following::div/button[contains(text(),'ACA Health Insurance')]"): null

2020-03-09 23:42:36 - [TEST_STEP][PASSED] - selenium.click("//button[contains(text(),'COMPARE HEALTHPLANS')]"): null

2020-03-09 23:42:36 - [TEST_STEP][PASSED] - for ([second = 0, second < 10, (second++)]): null

2020-03-09 23:42:36 - [TEST_STEP][PASSED] - try: null

2020-03-09 23:42:36 - [TEST_STEP][PASSED] - if (selenium.isElementPresent("id=zip")): null

2020-03-09 23:42:36 - [TEST_STEP][PASSED] - Thread.sleep(1000): null

2020-03-09 23:42:37 - [TEST_STEP][PASSED] - try: null

2020-03-09 23:42:37 - [TEST_STEP][PASSED] - if (selenium.isElementPresent("id=zip")): null

2020-03-09 23:42:37 - [TEST_STEP][PASSED] - break: null

2020-03-09 23:42:37 - [TEST_STEP][PASSED] - callTestCase(findTestCase("AHI/_include/get_screenshot"), [:], STOP_ON_FAILURE): Call Test Case 'Test Cases/AHI/_include/get_screenshot' successfully

2020-03-09 23:42:37 - [TEST_CASE][PASSED] - Test Cases/AHI/_include/get_screenshot: Test Cases/AHI/_include/get_screenshot

2020-03-09 23:42:37 - [TEST_STEP][PASSED] - Thread.sleep(1000): null

2020-03-09 23:42:38 - [TEST_STEP][PASSED] - takeScreenshot(screenPath + i + ".png"): Taking screenshot successfully

2020-03-09 23:42:39 - [MESSAGE][PASSED] - Taking screenshot successfully
[[ATTACHMENT|D:\\Test\\AgileTest\\Reports\\HIC\\hic\\20200309_233514\\../Screenshots/iPhone X/HIC/ACA/ACA/20200309_234229/1.png]]

2020-03-09 23:42:39 - [TEST_STEP][PASSED] - (internal.GlobalVariable.i++): null

2020-03-09 23:42:39 - [MESSAGE][PASSED] - Call Test Case 'Test Cases/AHI/_include/get_screenshot' successfully

2020-03-09 23:42:39 - [TEST_STEP][PASSED] - setText(findTestObject("hic/medicare/zip"), "33186"): Text '33186' is set on object 'Object Repository/hic/medicare/zip'

2020-03-09 23:42:39 - [MESSAGE][PASSED] - Text '33186' is set on object 'Object Repository/hic/medicare/zip'

2020-03-09 23:42:39 - [TEST_STEP][PASSED] - Thread.sleep(3000): null

2020-03-09 23:42:42 - [TEST_STEP][PASSED] - selenium.click("//button[contains(text(),'Compare Plans')]"): null

2020-03-09 23:42:44 - [TEST_STEP][PASSED] - for ([second = 0, second < 10, (second++)]): null

2020-03-09 23:42:44 - [TEST_STEP][PASSED] - try: null

2020-03-09 23:42:44 - [TEST_STEP][PASSED] - if (selenium.isElementPresent("id=js-census-bar")): null

2020-03-09 23:42:44 - [TEST_STEP][PASSED] - break: null

2020-03-09 23:42:44 - [TEST_STEP][PASSED] - callTestCase(findTestCase("AHI/_include/get_screenshot"), [:], STOP_ON_FAILURE): Call Test Case 'Test Cases/AHI/_include/get_screenshot' successfully

2020-03-09 23:42:44 - [TEST_CASE][PASSED] - Test Cases/AHI/_include/get_screenshot: Test Cases/AHI/_include/get_screenshot

2020-03-09 23:42:44 - [TEST_STEP][PASSED] - Thread.sleep(1000): null

2020-03-09 23:42:45 - [TEST_STEP][PASSED] - takeScreenshot(screenPath + i + ".png"): Taking screenshot successfully

2020-03-09 23:42:45 - [MESSAGE][PASSED] - Taking screenshot successfully
[[ATTACHMENT|D:\\Test\\AgileTest\\Reports\\HIC\\hic\\20200309_233514\\../Screenshots/iPhone X/HIC/ACA/ACA/20200309_234229/2.png]]

2020-03-09 23:42:45 - [TEST_STEP][PASSED] - (internal.GlobalVariable.i++): null

2020-03-09 23:42:45 - [MESSAGE][PASSED] - Call Test Case 'Test Cases/AHI/_include/get_screenshot' successfully]]></system-out>
         <system-err><![CDATA[]]></system-err>
      </testcase>
      <testcase name="Test Cases/HIC/New/Cancer" classname="Test Cases/HIC/New/Cancer" status="PASSED">
         <system-out><![CDATA[2020-03-09 23:42:45 - [TEST_CASE][PASSED] - Test Cases/HIC/New/Cancer: Test Cases/HIC/New/Cancer

2020-03-09 23:42:46 - [TEST_STEP][PASSED] - callTestCase(findTestCase("HIC/_include/get_hicScreenPath"), ["project":"HIC", "productLine":"Cancer", "carrierName":"Cancer"], CONTINUE_ON_FAILURE): Call Test Case 'Test Cases/HIC/_include/get_hicScreenPath' successfully

2020-03-09 23:42:46 - [TEST_CASE][PASSED] - Test Cases/HIC/_include/get_hicScreenPath: Test Cases/HIC/_include/get_hicScreenPath

2020-03-09 23:42:46 - [TEST_STEP][PASSED] - m = getExecutionProperties(): null

2020-03-09 23:42:46 - [TEST_STEP][PASSED] - deviceName = get("mobileEmulation").get("deviceName"): null

2020-03-09 23:42:46 - [TEST_STEP][PASSED] - println(deviceName): null

2020-03-09 23:42:46 - [TEST_STEP][PASSED] - now = new java.util.Date(): null

2020-03-09 23:42:46 - [TEST_STEP][PASSED] - mydate = now.format("yyyyMMdd_HHmmss"): null

2020-03-09 23:42:46 - [TEST_STEP][PASSED] - screenPath = "../Screenshots/": null

2020-03-09 23:42:46 - [TEST_STEP][PASSED] - screenPath = screenPath + deviceName + "/" + project + "/" + productLine + "/" + carrierName + "/" + mydate + "/": null

2020-03-09 23:42:46 - [TEST_STEP][PASSED] - println(screenPath): null

2020-03-09 23:42:46 - [MESSAGE][PASSED] - Call Test Case 'Test Cases/HIC/_include/get_hicScreenPath' successfully

2020-03-09 23:42:46 - [TEST_STEP][PASSED] - i = 0: null

2020-03-09 23:42:46 - [TEST_STEP][PASSED] - callTestCase(findTestCase("AHI/_include/openWebSite"), ["env":env], CONTINUE_ON_FAILURE): Call Test Case 'Test Cases/AHI/_include/openWebSite' successfully

2020-03-09 23:42:46 - [TEST_CASE][PASSED] - Test Cases/AHI/_include/openWebSite: Test Cases/AHI/_include/openWebSite

2020-03-09 23:42:46 - [TEST_STEP][PASSED] - openBrowser(env): Browser is opened with url: 'https://qa.healthinsurance.com'

2020-03-09 23:42:46 - [MESSAGE][WARNING] - A browser is already opened. Closing browser and opening a new one

2020-03-09 23:42:46 - [MESSAGE][INFO] - Starting 'Chrome' driver

2020-03-09 23:42:46 - [MESSAGE][INFO] - User set preference: ['mobileEmulation', '{deviceName=iPhone X}']

2020-03-09 23:42:46 - [MESSAGE][INFO] - User set preference: ['args', '[--incognito, --aggressive-cache-discard, --no-sandbox, --window-size=375,812, --ignore-certificate-errors]']

2020-03-09 23:42:49 - [MESSAGE][PASSED] - Browser is opened with url: 'https://qa.healthinsurance.com'

2020-03-09 23:42:49 - [TEST_STEP][PASSED] - waitForPageLoad(20): Wait for page load successfully

2020-03-09 23:42:49 - [MESSAGE][PASSED] - Wait for page load successfully

2020-03-09 23:42:49 - [TEST_STEP][PASSED] - callTestCase(findTestCase("AHI/_include/get_screenshot"), [:], STOP_ON_FAILURE): Call Test Case 'Test Cases/AHI/_include/get_screenshot' successfully

2020-03-09 23:42:49 - [TEST_CASE][PASSED] - Test Cases/AHI/_include/get_screenshot: Test Cases/AHI/_include/get_screenshot

2020-03-09 23:42:49 - [TEST_STEP][PASSED] - Thread.sleep(1000): null

2020-03-09 23:42:50 - [TEST_STEP][PASSED] - takeScreenshot(screenPath + i + ".png"): Taking screenshot successfully

2020-03-09 23:42:50 - [MESSAGE][PASSED] - Taking screenshot successfully
[[ATTACHMENT|D:\\Test\\AgileTest\\Reports\\HIC\\hic\\20200309_233514\\../Screenshots/iPhone X/HIC/Cancer/Cancer/20200309_234246/0.png]]

2020-03-09 23:42:50 - [TEST_STEP][PASSED] - (internal.GlobalVariable.i++): null

2020-03-09 23:42:50 - [MESSAGE][PASSED] - Call Test Case 'Test Cases/AHI/_include/get_screenshot' successfully

2020-03-09 23:42:50 - [MESSAGE][PASSED] - Call Test Case 'Test Cases/AHI/_include/openWebSite' successfully

2020-03-09 23:42:50 - [TEST_STEP][PASSED] - driver = getWebDriver(): null

2020-03-09 23:42:50 - [TEST_STEP][PASSED] - baseUrl = env: null

2020-03-09 23:42:50 - [TEST_STEP][PASSED] - selenium = new com.thoughtworks.selenium.webdriven.WebDriverBackedSelenium(driver, baseUrl): null

2020-03-09 23:42:50 - [TEST_STEP][PASSED] - selenium.click("id=product-lines"): null

2020-03-09 23:42:50 - [TEST_STEP][PASSED] - selenium.click("//*[@id='product-lines']/following::div/button[contains(text(),'Cancer Insurance')]"): null

2020-03-09 23:42:50 - [TEST_STEP][PASSED] - selenium.click("//button[contains(text(),'COMPARE HEALTHPLANS')]"): null

2020-03-09 23:42:51 - [TEST_STEP][PASSED] - for ([second = 0, second < 10, (second++)]): null

2020-03-09 23:42:51 - [TEST_STEP][PASSED] - try: null

2020-03-09 23:42:51 - [TEST_STEP][PASSED] - if (selenium.isElementPresent("//a[@class='front-door-quote-button']")): null

2020-03-09 23:42:52 - [TEST_STEP][PASSED] - break: null

2020-03-09 23:42:52 - [TEST_STEP][PASSED] - callTestCase(findTestCase("AHI/_include/get_screenshot"), [:], STOP_ON_FAILURE): Call Test Case 'Test Cases/AHI/_include/get_screenshot' successfully

2020-03-09 23:42:52 - [TEST_CASE][PASSED] - Test Cases/AHI/_include/get_screenshot: Test Cases/AHI/_include/get_screenshot

2020-03-09 23:42:52 - [TEST_STEP][PASSED] - Thread.sleep(1000): null

2020-03-09 23:42:53 - [TEST_STEP][PASSED] - takeScreenshot(screenPath + i + ".png"): Taking screenshot successfully

2020-03-09 23:42:53 - [MESSAGE][PASSED] - Taking screenshot successfully
[[ATTACHMENT|D:\\Test\\AgileTest\\Reports\\HIC\\hic\\20200309_233514\\../Screenshots/iPhone X/HIC/Cancer/Cancer/20200309_234246/1.png]]

2020-03-09 23:42:53 - [TEST_STEP][PASSED] - (internal.GlobalVariable.i++): null

2020-03-09 23:42:53 - [MESSAGE][PASSED] - Call Test Case 'Test Cases/AHI/_include/get_screenshot' successfully

2020-03-09 23:42:53 - [TEST_STEP][PASSED] - selenium.click("//a[@class='front-door-quote-button']"): null

2020-03-09 23:42:54 - [TEST_STEP][PASSED] - for ([second = 0, second < 20, (second++)]): null

2020-03-09 23:42:54 - [TEST_STEP][PASSED] - try: null

2020-03-09 23:42:54 - [TEST_STEP][PASSED] - if (selenium.isElementPresent("id=zip-input")): null

2020-03-09 23:42:55 - [TEST_STEP][PASSED] - break: null

2020-03-09 23:42:55 - [TEST_STEP][PASSED] - callTestCase(findTestCase("AHI/_include/get_screenshot"), [:], STOP_ON_FAILURE): Call Test Case 'Test Cases/AHI/_include/get_screenshot' successfully

2020-03-09 23:42:55 - [TEST_CASE][PASSED] - Test Cases/AHI/_include/get_screenshot: Test Cases/AHI/_include/get_screenshot

2020-03-09 23:42:55 - [TEST_STEP][PASSED] - Thread.sleep(1000): null

2020-03-09 23:42:56 - [TEST_STEP][PASSED] - takeScreenshot(screenPath + i + ".png"): Taking screenshot successfully

2020-03-09 23:42:56 - [MESSAGE][PASSED] - Taking screenshot successfully
[[ATTACHMENT|D:\\Test\\AgileTest\\Reports\\HIC\\hic\\20200309_233514\\../Screenshots/iPhone X/HIC/Cancer/Cancer/20200309_234246/2.png]]

2020-03-09 23:42:56 - [TEST_STEP][PASSED] - (internal.GlobalVariable.i++): null

2020-03-09 23:42:56 - [MESSAGE][PASSED] - Call Test Case 'Test Cases/AHI/_include/get_screenshot' successfully

2020-03-09 23:42:56 - [TEST_STEP][PASSED] - sendKeys(findTestObject("mobileSanity/Cancer Insurance/zip"), "35216"): Keys '35216' sent to object: 'Object Repository/mobileSanity/Cancer Insurance/zip'

2020-03-09 23:42:56 - [MESSAGE][PASSED] - Keys '35216' sent to object: 'Object Repository/mobileSanity/Cancer Insurance/zip'

2020-03-09 23:42:56 - [TEST_STEP][PASSED] - sendKeys(findTestObject("mobileSanity/Cancer Insurance/dob-0"), "01/01/1990"): Keys '01/01/1990' sent to object: 'Object Repository/mobileSanity/Cancer Insurance/dob-0'

2020-03-09 23:42:56 - [MESSAGE][PASSED] - Keys '01/01/1990' sent to object: 'Object Repository/mobileSanity/Cancer Insurance/dob-0'

2020-03-09 23:42:56 - [TEST_STEP][PASSED] - Thread.sleep(2000): null

2020-03-09 23:42:58 - [TEST_STEP][PASSED] - selenium.click("//label[@for='gender-m-0']"): null

2020-03-09 23:42:59 - [TEST_STEP][PASSED] - Thread.sleep(3000): null

2020-03-09 23:43:02 - [TEST_STEP][PASSED] - selenium.click("id=js-see-plans"): null

2020-03-09 23:43:02 - [TEST_STEP][PASSED] - for ([second = 0, second < 20, (second++)]): null

2020-03-09 23:43:02 - [TEST_STEP][PASSED] - try: null

2020-03-09 23:43:02 - [TEST_STEP][PASSED] - if (selenium.isElementPresent("xpath=//h1[contains(text(),'3 Cancer Insurance Policies Found')]")): null

2020-03-09 23:43:03 - [TEST_STEP][PASSED] - Thread.sleep(1000): null

2020-03-09 23:43:04 - [TEST_STEP][PASSED] - try: null

2020-03-09 23:43:04 - [TEST_STEP][PASSED] - if (selenium.isElementPresent("xpath=//h1[contains(text(),'3 Cancer Insurance Policies Found')]")): null

2020-03-09 23:43:04 - [TEST_STEP][PASSED] - Thread.sleep(1000): null

2020-03-09 23:43:05 - [TEST_STEP][PASSED] - try: null

2020-03-09 23:43:05 - [TEST_STEP][PASSED] - if (selenium.isElementPresent("xpath=//h1[contains(text(),'3 Cancer Insurance Policies Found')]")): null

2020-03-09 23:43:05 - [TEST_STEP][PASSED] - Thread.sleep(1000): null

2020-03-09 23:43:06 - [TEST_STEP][PASSED] - try: null

2020-03-09 23:43:06 - [TEST_STEP][PASSED] - if (selenium.isElementPresent("xpath=//h1[contains(text(),'3 Cancer Insurance Policies Found')]")): null

2020-03-09 23:43:06 - [TEST_STEP][PASSED] - Thread.sleep(1000): null

2020-03-09 23:43:07 - [TEST_STEP][PASSED] - try: null

2020-03-09 23:43:07 - [TEST_STEP][PASSED] - if (selenium.isElementPresent("xpath=//h1[contains(text(),'3 Cancer Insurance Policies Found')]")): null

2020-03-09 23:43:07 - [TEST_STEP][PASSED] - Thread.sleep(1000): null

2020-03-09 23:43:08 - [TEST_STEP][PASSED] - try: null

2020-03-09 23:43:08 - [TEST_STEP][PASSED] - if (selenium.isElementPresent("xpath=//h1[contains(text(),'3 Cancer Insurance Policies Found')]")): null

2020-03-09 23:43:08 - [TEST_STEP][PASSED] - Thread.sleep(1000): null

2020-03-09 23:43:09 - [TEST_STEP][PASSED] - try: null

2020-03-09 23:43:09 - [TEST_STEP][PASSED] - if (selenium.isElementPresent("xpath=//h1[contains(text(),'3 Cancer Insurance Policies Found')]")): null

2020-03-09 23:43:09 - [TEST_STEP][PASSED] - Thread.sleep(1000): null

2020-03-09 23:43:10 - [TEST_STEP][PASSED] - try: null

2020-03-09 23:43:10 - [TEST_STEP][PASSED] - if (selenium.isElementPresent("xpath=//h1[contains(text(),'3 Cancer Insurance Policies Found')]")): null

2020-03-09 23:43:10 - [TEST_STEP][PASSED] - Thread.sleep(1000): null

2020-03-09 23:43:11 - [TEST_STEP][PASSED] - try: null

2020-03-09 23:43:11 - [TEST_STEP][PASSED] - if (selenium.isElementPresent("xpath=//h1[contains(text(),'3 Cancer Insurance Policies Found')]")): null

2020-03-09 23:43:11 - [TEST_STEP][PASSED] - Thread.sleep(1000): null

2020-03-09 23:43:12 - [TEST_STEP][PASSED] - try: null

2020-03-09 23:43:12 - [TEST_STEP][PASSED] - if (selenium.isElementPresent("xpath=//h1[contains(text(),'3 Cancer Insurance Policies Found')]")): null

2020-03-09 23:43:12 - [TEST_STEP][PASSED] - Thread.sleep(1000): null

2020-03-09 23:43:13 - [TEST_STEP][PASSED] - try: null

2020-03-09 23:43:13 - [TEST_STEP][PASSED] - if (selenium.isElementPresent("xpath=//h1[contains(text(),'3 Cancer Insurance Policies Found')]")): null

2020-03-09 23:43:13 - [TEST_STEP][PASSED] - Thread.sleep(1000): null

2020-03-09 23:43:14 - [TEST_STEP][PASSED] - try: null

2020-03-09 23:43:14 - [TEST_STEP][PASSED] - if (selenium.isElementPresent("xpath=//h1[contains(text(),'3 Cancer Insurance Policies Found')]")): null

2020-03-09 23:43:14 - [TEST_STEP][PASSED] - Thread.sleep(1000): null

2020-03-09 23:43:15 - [TEST_STEP][PASSED] - try: null

2020-03-09 23:43:15 - [TEST_STEP][PASSED] - if (selenium.isElementPresent("xpath=//h1[contains(text(),'3 Cancer Insurance Policies Found')]")): null

2020-03-09 23:43:15 - [TEST_STEP][PASSED] - Thread.sleep(1000): null

2020-03-09 23:43:16 - [TEST_STEP][PASSED] - try: null

2020-03-09 23:43:16 - [TEST_STEP][PASSED] - if (selenium.isElementPresent("xpath=//h1[contains(text(),'3 Cancer Insurance Policies Found')]")): null

2020-03-09 23:43:16 - [TEST_STEP][PASSED] - Thread.sleep(1000): null

2020-03-09 23:43:17 - [TEST_STEP][PASSED] - try: null

2020-03-09 23:43:17 - [TEST_STEP][PASSED] - if (selenium.isElementPresent("xpath=//h1[contains(text(),'3 Cancer Insurance Policies Found')]")): null

2020-03-09 23:43:17 - [TEST_STEP][PASSED] - Thread.sleep(1000): null

2020-03-09 23:43:18 - [TEST_STEP][PASSED] - try: null

2020-03-09 23:43:18 - [TEST_STEP][PASSED] - if (selenium.isElementPresent("xpath=//h1[contains(text(),'3 Cancer Insurance Policies Found')]")): null

2020-03-09 23:43:18 - [TEST_STEP][PASSED] - Thread.sleep(1000): null

2020-03-09 23:43:19 - [TEST_STEP][PASSED] - try: null

2020-03-09 23:43:19 - [TEST_STEP][PASSED] - if (selenium.isElementPresent("xpath=//h1[contains(text(),'3 Cancer Insurance Policies Found')]")): null

2020-03-09 23:43:19 - [TEST_STEP][PASSED] - Thread.sleep(1000): null

2020-03-09 23:43:20 - [TEST_STEP][PASSED] - try: null

2020-03-09 23:43:20 - [TEST_STEP][PASSED] - if (selenium.isElementPresent("xpath=//h1[contains(text(),'3 Cancer Insurance Policies Found')]")): null

2020-03-09 23:43:20 - [TEST_STEP][PASSED] - Thread.sleep(1000): null

2020-03-09 23:43:21 - [TEST_STEP][PASSED] - try: null

2020-03-09 23:43:21 - [TEST_STEP][PASSED] - if (selenium.isElementPresent("xpath=//h1[contains(text(),'3 Cancer Insurance Policies Found')]")): null

2020-03-09 23:43:21 - [TEST_STEP][PASSED] - Thread.sleep(1000): null

2020-03-09 23:43:22 - [TEST_STEP][PASSED] - try: null

2020-03-09 23:43:22 - [TEST_STEP][PASSED] - if (selenium.isElementPresent("xpath=//h1[contains(text(),'3 Cancer Insurance Policies Found')]")): null

2020-03-09 23:43:22 - [TEST_STEP][PASSED] - Thread.sleep(1000): null

2020-03-09 23:43:23 - [TEST_STEP][PASSED] - callTestCase(findTestCase("AHI/_include/get_screenshot"), [:], STOP_ON_FAILURE): Call Test Case 'Test Cases/AHI/_include/get_screenshot' successfully

2020-03-09 23:43:23 - [TEST_CASE][PASSED] - Test Cases/AHI/_include/get_screenshot: Test Cases/AHI/_include/get_screenshot

2020-03-09 23:43:23 - [TEST_STEP][PASSED] - Thread.sleep(1000): null

2020-03-09 23:43:24 - [TEST_STEP][PASSED] - takeScreenshot(screenPath + i + ".png"): Taking screenshot successfully

2020-03-09 23:43:25 - [MESSAGE][PASSED] - Taking screenshot successfully
[[ATTACHMENT|D:\\Test\\AgileTest\\Reports\\HIC\\hic\\20200309_233514\\../Screenshots/iPhone X/HIC/Cancer/Cancer/20200309_234246/3.png]]

2020-03-09 23:43:25 - [TEST_STEP][PASSED] - (internal.GlobalVariable.i++): null

2020-03-09 23:43:25 - [MESSAGE][PASSED] - Call Test Case 'Test Cases/AHI/_include/get_screenshot' successfully

2020-03-09 23:43:25 - [TEST_STEP][PASSED] - selenium.click("xpath=(//a[contains(text(),'Option 1')])[1]"): null

2020-03-09 23:43:26 - [TEST_STEP][PASSED] - for ([second = 0, second < 20, (second++)]): null

2020-03-09 23:43:26 - [TEST_STEP][PASSED] - try: null

2020-03-09 23:43:26 - [TEST_STEP][PASSED] - if (selenium.isElementPresent("id=plan-details-primary-apply")): null

2020-03-09 23:43:27 - [TEST_STEP][PASSED] - break: null

2020-03-09 23:43:27 - [TEST_STEP][PASSED] - callTestCase(findTestCase("AHI/_include/get_screenshot"), [:], STOP_ON_FAILURE): Call Test Case 'Test Cases/AHI/_include/get_screenshot' successfully

2020-03-09 23:43:27 - [TEST_CASE][PASSED] - Test Cases/AHI/_include/get_screenshot: Test Cases/AHI/_include/get_screenshot

2020-03-09 23:43:27 - [TEST_STEP][PASSED] - Thread.sleep(1000): null

2020-03-09 23:43:28 - [TEST_STEP][PASSED] - takeScreenshot(screenPath + i + ".png"): Taking screenshot successfully

2020-03-09 23:43:28 - [MESSAGE][PASSED] - Taking screenshot successfully
[[ATTACHMENT|D:\\Test\\AgileTest\\Reports\\HIC\\hic\\20200309_233514\\../Screenshots/iPhone X/HIC/Cancer/Cancer/20200309_234246/4.png]]

2020-03-09 23:43:28 - [TEST_STEP][PASSED] - (internal.GlobalVariable.i++): null

2020-03-09 23:43:28 - [MESSAGE][PASSED] - Call Test Case 'Test Cases/AHI/_include/get_screenshot' successfully

2020-03-09 23:43:28 - [TEST_STEP][PASSED] - selenium.click("id=plan-details-primary-apply"): null

2020-03-09 23:43:29 - [TEST_STEP][PASSED] - for ([second = 0, second < 20, (second++)]): null

2020-03-09 23:43:29 - [TEST_STEP][PASSED] - try: null

2020-03-09 23:43:29 - [TEST_STEP][PASSED] - if (selenium.isElementPresent("id=applyButton")): null

2020-03-09 23:43:29 - [TEST_STEP][PASSED] - break: null

2020-03-09 23:43:29 - [TEST_STEP][PASSED] - callTestCase(findTestCase("AHI/_include/get_screenshot"), [:], STOP_ON_FAILURE): Call Test Case 'Test Cases/AHI/_include/get_screenshot' successfully

2020-03-09 23:43:29 - [TEST_CASE][PASSED] - Test Cases/AHI/_include/get_screenshot: Test Cases/AHI/_include/get_screenshot

2020-03-09 23:43:29 - [TEST_STEP][PASSED] - Thread.sleep(1000): null

2020-03-09 23:43:30 - [TEST_STEP][PASSED] - takeScreenshot(screenPath + i + ".png"): Taking screenshot successfully

2020-03-09 23:43:31 - [MESSAGE][PASSED] - Taking screenshot successfully
[[ATTACHMENT|D:\\Test\\AgileTest\\Reports\\HIC\\hic\\20200309_233514\\../Screenshots/iPhone X/HIC/Cancer/Cancer/20200309_234246/5.png]]

2020-03-09 23:43:31 - [TEST_STEP][PASSED] - (internal.GlobalVariable.i++): null

2020-03-09 23:43:31 - [MESSAGE][PASSED] - Call Test Case 'Test Cases/AHI/_include/get_screenshot' successfully

2020-03-09 23:43:31 - [TEST_STEP][PASSED] - selenium.click("id=applyButton"): null

2020-03-09 23:43:31 - [TEST_STEP][PASSED] - for ([second = 0, second < 20, (second++)]): null

2020-03-09 23:43:31 - [TEST_STEP][PASSED] - try: null

2020-03-09 23:43:31 - [TEST_STEP][PASSED] - if (selenium.isElementPresent("id=member-P-1-firstName")): null

2020-03-09 23:43:32 - [TEST_STEP][PASSED] - Thread.sleep(1000): null

2020-03-09 23:43:33 - [TEST_STEP][PASSED] - try: null

2020-03-09 23:43:33 - [TEST_STEP][PASSED] - if (selenium.isElementPresent("id=member-P-1-firstName")): null

2020-03-09 23:43:33 - [TEST_STEP][PASSED] - break: null

2020-03-09 23:43:33 - [TEST_STEP][PASSED] - callTestCase(findTestCase("AHI/_include/get_screenshot"), [:], STOP_ON_FAILURE): Call Test Case 'Test Cases/AHI/_include/get_screenshot' successfully

2020-03-09 23:43:33 - [TEST_CASE][PASSED] - Test Cases/AHI/_include/get_screenshot: Test Cases/AHI/_include/get_screenshot

2020-03-09 23:43:33 - [TEST_STEP][PASSED] - Thread.sleep(1000): null

2020-03-09 23:43:34 - [TEST_STEP][PASSED] - takeScreenshot(screenPath + i + ".png"): Taking screenshot successfully

2020-03-09 23:43:35 - [MESSAGE][PASSED] - Taking screenshot successfully
[[ATTACHMENT|D:\\Test\\AgileTest\\Reports\\HIC\\hic\\20200309_233514\\../Screenshots/iPhone X/HIC/Cancer/Cancer/20200309_234246/6.png]]

2020-03-09 23:43:35 - [TEST_STEP][PASSED] - (internal.GlobalVariable.i++): null

2020-03-09 23:43:35 - [MESSAGE][PASSED] - Call Test Case 'Test Cases/AHI/_include/get_screenshot' successfully

2020-03-09 23:43:35 - [TEST_STEP][PASSED] - callTestCase(findTestCase("AHI/_include/name"), [:], STOP_ON_FAILURE): Call Test Case 'Test Cases/AHI/_include/name' successfully

2020-03-09 23:43:35 - [TEST_CASE][PASSED] - Test Cases/AHI/_include/name: Test Cases/AHI/_include/name

2020-03-09 23:43:35 - [TEST_STEP][PASSED] - driver = getWebDriver(): null

2020-03-09 23:43:35 - [TEST_STEP][PASSED] - selenium = new com.thoughtworks.selenium.webdriven.WebDriverBackedSelenium(driver, internal.GlobalVariable.ENV): null

2020-03-09 23:43:35 - [TEST_STEP][PASSED] - FirstName = "Test-123": null

2020-03-09 23:43:35 - [TEST_STEP][PASSED] - LastName = selenium.getEval("{var x="ABCDEFGHIJKLMNOPQRSTUVWXYZabcdefghijklmnopqrstuvwxyz"; var tmp="ZZ11-"; for (i=0;i<8;i++) tmp+=x.charAt(Math.ceil(51*Math.random()));tmp;}"): null

2020-03-09 23:43:35 - [TEST_STEP][PASSED] - Address = selenium.getEval("{var x="ABCDEFGHIJKLMNOPQRSTUVWXYZabcdefghijklmnopqrstuvwxyz"; var tmp=""; for (i=0;i<8;i++) tmp+=x.charAt(Math.ceil(51*Math.random()));tmp;}"): null

2020-03-09 23:43:35 - [TEST_STEP][PASSED] - City = selenium.getEval("{var x="ABCDEFGHIJKLMNOPQRSTUVWXYZabcdefghijklmnopqrstuvwxyz"; var tmp=""; for (i=0;i<8;i++) tmp+=x.charAt(Math.ceil(51*Math.random()));tmp;}"): null

2020-03-09 23:43:35 - [TEST_STEP][PASSED] - tel1 = selenium.getEval("{var x="123456789"; var tmp=""; for (i=0;i<3;i++) tmp+=x.charAt(Math.ceil(8*Math.random()));tmp;}"): null

2020-03-09 23:43:35 - [TEST_STEP][PASSED] - tel2 = selenium.getEval("{var x="123456789"; var tmp=""; for (i=0;i<3;i++) tmp+=x.charAt(Math.ceil(8*Math.random()));tmp;}"): null

2020-03-09 23:43:35 - [TEST_STEP][PASSED] - tel3 = selenium.getEval("{var x="123456789"; var tmp=""; for (i=0;i<4;i++) tmp+=x.charAt(Math.ceil(8*Math.random()));tmp;}"): null

2020-03-09 23:43:35 - [TEST_STEP][PASSED] - Tel = selenium.getExpression(tel1 + "-" + tel2 + "-" + tel3): null

2020-03-09 23:43:35 - [TEST_STEP][PASSED] - AutoEmail = selenium.getEval("{var x="ABCDEFGHIJKLMNOPQRSTUVWXYZabcdefghijklmnopqrstuvwxyz"; var tmp="test."; for (i=0;i<8;i++) tmp+=x.charAt(Math.ceil(51*Math.random()));tmp+="@suryani.cn";}"): null

2020-03-09 23:43:35 - [TEST_STEP][PASSED] - FirstName = FirstName: null

2020-03-09 23:43:35 - [TEST_STEP][PASSED] - LastName = LastName: null

2020-03-09 23:43:35 - [TEST_STEP][PASSED] - Address = Address: null

2020-03-09 23:43:35 - [TEST_STEP][PASSED] - City = City: null

2020-03-09 23:43:35 - [TEST_STEP][PASSED] - Tel = Tel: null

2020-03-09 23:43:35 - [TEST_STEP][PASSED] - AutoEmail = AutoEmail: null

2020-03-09 23:43:35 - [TEST_STEP][PASSED] - println(FirstName): null

2020-03-09 23:43:35 - [TEST_STEP][PASSED] - println(LastName): null

2020-03-09 23:43:35 - [TEST_STEP][PASSED] - println(Address): null

2020-03-09 23:43:35 - [TEST_STEP][PASSED] - println(City): null

2020-03-09 23:43:35 - [TEST_STEP][PASSED] - println(Tel): null

2020-03-09 23:43:35 - [TEST_STEP][PASSED] - println(AutoEmail): null

2020-03-09 23:43:35 - [MESSAGE][PASSED] - Call Test Case 'Test Cases/AHI/_include/name' successfully

2020-03-09 23:43:35 - [TEST_STEP][PASSED] - selenium.type("id=member-P-1-firstName", FirstName): null

2020-03-09 23:43:35 - [TEST_STEP][PASSED] - selenium.type("id=member-P-1-lastName", LastName): null

2020-03-09 23:43:35 - [TEST_STEP][PASSED] - selenium.type("id=address", Address): null

2020-03-09 23:43:35 - [TEST_STEP][PASSED] - selenium.type("id=city", City): null

2020-03-09 23:43:35 - [TEST_STEP][PASSED] - selenium.type("id=email", AutoEmail): null

2020-03-09 23:43:36 - [TEST_STEP][PASSED] - selenium.type("id=primaryPhone", Tel): null

2020-03-09 23:43:36 - [TEST_STEP][PASSED] - selenium.click("id=js-app-continue-link"): null

2020-03-09 23:43:36 - [TEST_STEP][PASSED] - for ([second = 0, second < 20, (second++)]): null

2020-03-09 23:43:36 - [TEST_STEP][PASSED] - try: null

2020-03-09 23:43:36 - [TEST_STEP][PASSED] - if (selenium.isElementPresent("xpath=(//*[@class='js-question js-app-page-medical-question-wrapper'])[1]/div/button[1]")): null

2020-03-09 23:43:36 - [TEST_STEP][PASSED] - Thread.sleep(1000): null

2020-03-09 23:43:37 - [TEST_STEP][PASSED] - try: null

2020-03-09 23:43:37 - [TEST_STEP][PASSED] - if (selenium.isElementPresent("xpath=(//*[@class='js-question js-app-page-medical-question-wrapper'])[1]/div/button[1]")): null

2020-03-09 23:43:37 - [TEST_STEP][PASSED] - break: null

2020-03-09 23:43:37 - [TEST_STEP][PASSED] - callTestCase(findTestCase("AHI/_include/get_screenshot"), [:], STOP_ON_FAILURE): Call Test Case 'Test Cases/AHI/_include/get_screenshot' successfully

2020-03-09 23:43:37 - [TEST_CASE][PASSED] - Test Cases/AHI/_include/get_screenshot: Test Cases/AHI/_include/get_screenshot

2020-03-09 23:43:37 - [TEST_STEP][PASSED] - Thread.sleep(1000): null

2020-03-09 23:43:38 - [TEST_STEP][PASSED] - takeScreenshot(screenPath + i + ".png"): Taking screenshot successfully

2020-03-09 23:43:39 - [MESSAGE][PASSED] - Taking screenshot successfully
[[ATTACHMENT|D:\\Test\\AgileTest\\Reports\\HIC\\hic\\20200309_233514\\../Screenshots/iPhone X/HIC/Cancer/Cancer/20200309_234246/7.png]]

2020-03-09 23:43:39 - [TEST_STEP][PASSED] - (internal.GlobalVariable.i++): null

2020-03-09 23:43:39 - [MESSAGE][PASSED] - Call Test Case 'Test Cases/AHI/_include/get_screenshot' successfully

2020-03-09 23:43:39 - [TEST_STEP][PASSED] - for ([i = 1, i < 12, (i++)]): null

2020-03-09 23:43:39 - [TEST_STEP][PASSED] - selenium.click("xpath=(//*[@class='js-question js-app-page-medical-question-wrapper'])[" + i + "]/div/button[1]"): null

2020-03-09 23:43:39 - [TEST_STEP][PASSED] - selenium.click("xpath=(//*[@class='js-question js-app-page-medical-question-wrapper'])[" + i + "]/div/button[1]"): null

2020-03-09 23:43:39 - [TEST_STEP][PASSED] - selenium.click("xpath=(//*[@class='js-question js-app-page-medical-question-wrapper'])[" + i + "]/div/button[1]"): null

2020-03-09 23:43:39 - [TEST_STEP][PASSED] - selenium.click("xpath=(//*[@class='js-question js-app-page-medical-question-wrapper'])[" + i + "]/div/button[1]"): null

2020-03-09 23:43:39 - [TEST_STEP][PASSED] - selenium.click("xpath=(//*[@class='js-question js-app-page-medical-question-wrapper'])[" + i + "]/div/button[1]"): null

2020-03-09 23:43:40 - [TEST_STEP][PASSED] - selenium.click("xpath=(//*[@class='js-question js-app-page-medical-question-wrapper'])[" + i + "]/div/button[1]"): null

2020-03-09 23:43:40 - [TEST_STEP][PASSED] - selenium.click("xpath=(//*[@class='js-question js-app-page-medical-question-wrapper'])[" + i + "]/div/button[1]"): null

2020-03-09 23:43:40 - [TEST_STEP][PASSED] - selenium.click("xpath=(//*[@class='js-question js-app-page-medical-question-wrapper'])[" + i + "]/div/button[1]"): null

2020-03-09 23:43:40 - [TEST_STEP][PASSED] - selenium.click("xpath=(//*[@class='js-question js-app-page-medical-question-wrapper'])[" + i + "]/div/button[1]"): null

2020-03-09 23:43:40 - [TEST_STEP][PASSED] - selenium.click("xpath=(//*[@class='js-question js-app-page-medical-question-wrapper'])[" + i + "]/div/button[1]"): null

2020-03-09 23:43:41 - [TEST_STEP][PASSED] - selenium.click("xpath=(//*[@class='js-question js-app-page-medical-question-wrapper'])[" + i + "]/div/button[1]"): null

2020-03-09 23:43:41 - [TEST_STEP][PASSED] - selenium.click("id=js-app-continue-link"): null

2020-03-09 23:43:41 - [TEST_STEP][PASSED] - for ([second = 0, second < 20, (second++)]): null

2020-03-09 23:43:41 - [TEST_STEP][PASSED] - try: null

2020-03-09 23:43:41 - [TEST_STEP][PASSED] - if (selenium.isElementPresent("id=credit-card-number")): null

2020-03-09 23:43:41 - [TEST_STEP][PASSED] - Thread.sleep(1000): null

2020-03-09 23:43:42 - [TEST_STEP][PASSED] - try: null

2020-03-09 23:43:42 - [TEST_STEP][PASSED] - if (selenium.isElementPresent("id=credit-card-number")): null

2020-03-09 23:43:42 - [TEST_STEP][PASSED] - break: null

2020-03-09 23:43:42 - [TEST_STEP][PASSED] - callTestCase(findTestCase("AHI/_include/get_screenshot"), [:], STOP_ON_FAILURE): Call Test Case 'Test Cases/AHI/_include/get_screenshot' successfully

2020-03-09 23:43:42 - [TEST_CASE][PASSED] - Test Cases/AHI/_include/get_screenshot: Test Cases/AHI/_include/get_screenshot

2020-03-09 23:43:42 - [TEST_STEP][PASSED] - Thread.sleep(1000): null

2020-03-09 23:43:43 - [TEST_STEP][PASSED] - takeScreenshot(screenPath + i + ".png"): Taking screenshot successfully

2020-03-09 23:43:44 - [MESSAGE][PASSED] - Taking screenshot successfully
[[ATTACHMENT|D:\\Test\\AgileTest\\Reports\\HIC\\hic\\20200309_233514\\../Screenshots/iPhone X/HIC/Cancer/Cancer/20200309_234246/8.png]]

2020-03-09 23:43:44 - [TEST_STEP][PASSED] - (internal.GlobalVariable.i++): null

2020-03-09 23:43:44 - [MESSAGE][PASSED] - Call Test Case 'Test Cases/AHI/_include/get_screenshot' successfully

2020-03-09 23:43:44 - [TEST_STEP][PASSED] - selenium.type("id=credit-card-number", "4111123123123123"): null

2020-03-09 23:43:44 - [TEST_STEP][PASSED] - selenium.type("id=credit-card-first", "test"): null

2020-03-09 23:43:44 - [TEST_STEP][PASSED] - selenium.type("id=credit-card-last", "test"): null

2020-03-09 23:43:44 - [TEST_STEP][PASSED] - selenium.select("id=expiration-month", "12"): null

2020-03-09 23:43:44 - [TEST_STEP][PASSED] - selenium.select("id=expiration-year", "2026"): null

2020-03-09 23:43:45 - [TEST_STEP][PASSED] - selenium.type("id=credit-card-cvv", "123"): null

2020-03-09 23:43:45 - [TEST_STEP][PASSED] - selenium.type("id=credit-card-number", "4111123123123123"): null

2020-03-09 23:43:45 - [TEST_STEP][PASSED] - selenium.click("id=js-same-billing"): null

2020-03-09 23:43:45 - [TEST_STEP][PASSED] - selenium.click("id=credit-payment-authorization"): null

2020-03-09 23:43:45 - [TEST_STEP][PASSED] - selenium.click("id=js-app-continue-link"): null

2020-03-09 23:43:45 - [TEST_STEP][PASSED] - for ([second = 0, second < 20, (second++)]): null

2020-03-09 23:43:45 - [TEST_STEP][PASSED] - try: null

2020-03-09 23:43:45 - [TEST_STEP][PASSED] - if (selenium.isElementPresent("id=consent-checkbox-0")): null

2020-03-09 23:43:45 - [TEST_STEP][PASSED] - Thread.sleep(1000): null

2020-03-09 23:43:46 - [TEST_STEP][PASSED] - try: null

2020-03-09 23:43:46 - [TEST_STEP][PASSED] - if (selenium.isElementPresent("id=consent-checkbox-0")): null

2020-03-09 23:43:47 - [TEST_STEP][PASSED] - Thread.sleep(1000): null

2020-03-09 23:43:48 - [TEST_STEP][PASSED] - try: null

2020-03-09 23:43:48 - [TEST_STEP][PASSED] - if (selenium.isElementPresent("id=consent-checkbox-0")): null

2020-03-09 23:43:48 - [TEST_STEP][PASSED] - Thread.sleep(1000): null

2020-03-09 23:43:49 - [TEST_STEP][PASSED] - try: null

2020-03-09 23:43:49 - [TEST_STEP][PASSED] - if (selenium.isElementPresent("id=consent-checkbox-0")): null

2020-03-09 23:43:49 - [TEST_STEP][PASSED] - break: null

2020-03-09 23:43:49 - [TEST_STEP][PASSED] - callTestCase(findTestCase("AHI/_include/get_screenshot"), [:], STOP_ON_FAILURE): Call Test Case 'Test Cases/AHI/_include/get_screenshot' successfully

2020-03-09 23:43:49 - [TEST_CASE][PASSED] - Test Cases/AHI/_include/get_screenshot: Test Cases/AHI/_include/get_screenshot

2020-03-09 23:43:49 - [TEST_STEP][PASSED] - Thread.sleep(1000): null

2020-03-09 23:43:50 - [TEST_STEP][PASSED] - takeScreenshot(screenPath + i + ".png"): Taking screenshot successfully

2020-03-09 23:43:50 - [MESSAGE][PASSED] - Taking screenshot successfully
[[ATTACHMENT|D:\\Test\\AgileTest\\Reports\\HIC\\hic\\20200309_233514\\../Screenshots/iPhone X/HIC/Cancer/Cancer/20200309_234246/9.png]]

2020-03-09 23:43:50 - [TEST_STEP][PASSED] - (internal.GlobalVariable.i++): null

2020-03-09 23:43:50 - [MESSAGE][PASSED] - Call Test Case 'Test Cases/AHI/_include/get_screenshot' successfully

2020-03-09 23:43:50 - [TEST_STEP][PASSED] - selenium.click("id=consent-checkbox-0"): null

2020-03-09 23:43:51 - [TEST_STEP][PASSED] - selenium.click("id=js-signature-tab"): null

2020-03-09 23:43:51 - [TEST_STEP][PASSED] - selenium.click("id=js-app-continue-link"): null

2020-03-09 23:43:51 - [TEST_STEP][PASSED] - for ([second = 0, second < 30, (second++)]): null

2020-03-09 23:43:51 - [TEST_STEP][PASSED] - try: null

2020-03-09 23:43:51 - [TEST_STEP][PASSED] - if (selenium.isElementPresent("xpath=//h2[contains(text(),'Thank You')]")): null

2020-03-09 23:43:51 - [TEST_STEP][PASSED] - Thread.sleep(1000): null

2020-03-09 23:43:52 - [TEST_STEP][PASSED] - try: null

2020-03-09 23:43:52 - [TEST_STEP][PASSED] - if (selenium.isElementPresent("xpath=//h2[contains(text(),'Thank You')]")): null

2020-03-09 23:43:52 - [TEST_STEP][PASSED] - Thread.sleep(1000): null

2020-03-09 23:43:53 - [TEST_STEP][PASSED] - try: null

2020-03-09 23:43:53 - [TEST_STEP][PASSED] - if (selenium.isElementPresent("xpath=//h2[contains(text(),'Thank You')]")): null

2020-03-09 23:43:53 - [TEST_STEP][PASSED] - Thread.sleep(1000): null

2020-03-09 23:43:54 - [TEST_STEP][PASSED] - try: null

2020-03-09 23:43:54 - [TEST_STEP][PASSED] - if (selenium.isElementPresent("xpath=//h2[contains(text(),'Thank You')]")): null

2020-03-09 23:43:54 - [TEST_STEP][PASSED] - Thread.sleep(1000): null

2020-03-09 23:43:55 - [TEST_STEP][PASSED] - try: null

2020-03-09 23:43:55 - [TEST_STEP][PASSED] - if (selenium.isElementPresent("xpath=//h2[contains(text(),'Thank You')]")): null

2020-03-09 23:43:55 - [TEST_STEP][PASSED] - Thread.sleep(1000): null

2020-03-09 23:43:56 - [TEST_STEP][PASSED] - try: null

2020-03-09 23:43:56 - [TEST_STEP][PASSED] - if (selenium.isElementPresent("xpath=//h2[contains(text(),'Thank You')]")): null

2020-03-09 23:43:56 - [TEST_STEP][PASSED] - Thread.sleep(1000): null

2020-03-09 23:43:57 - [TEST_STEP][PASSED] - try: null

2020-03-09 23:43:57 - [TEST_STEP][PASSED] - if (selenium.isElementPresent("xpath=//h2[contains(text(),'Thank You')]")): null

2020-03-09 23:43:57 - [TEST_STEP][PASSED] - Thread.sleep(1000): null

2020-03-09 23:43:58 - [TEST_STEP][PASSED] - try: null

2020-03-09 23:43:58 - [TEST_STEP][PASSED] - if (selenium.isElementPresent("xpath=//h2[contains(text(),'Thank You')]")): null

2020-03-09 23:43:58 - [TEST_STEP][PASSED] - Thread.sleep(1000): null

2020-03-09 23:43:59 - [TEST_STEP][PASSED] - try: null

2020-03-09 23:43:59 - [TEST_STEP][PASSED] - if (selenium.isElementPresent("xpath=//h2[contains(text(),'Thank You')]")): null

2020-03-09 23:43:59 - [TEST_STEP][PASSED] - Thread.sleep(1000): null

2020-03-09 23:44:00 - [TEST_STEP][PASSED] - try: null

2020-03-09 23:44:00 - [TEST_STEP][PASSED] - if (selenium.isElementPresent("xpath=//h2[contains(text(),'Thank You')]")): null

2020-03-09 23:44:00 - [TEST_STEP][PASSED] - Thread.sleep(1000): null

2020-03-09 23:44:01 - [TEST_STEP][PASSED] - try: null

2020-03-09 23:44:01 - [TEST_STEP][PASSED] - if (selenium.isElementPresent("xpath=//h2[contains(text(),'Thank You')]")): null

2020-03-09 23:44:01 - [TEST_STEP][PASSED] - Thread.sleep(1000): null

2020-03-09 23:44:02 - [TEST_STEP][PASSED] - try: null

2020-03-09 23:44:02 - [TEST_STEP][PASSED] - if (selenium.isElementPresent("xpath=//h2[contains(text(),'Thank You')]")): null

2020-03-09 23:44:02 - [TEST_STEP][PASSED] - Thread.sleep(1000): null

2020-03-09 23:44:03 - [TEST_STEP][PASSED] - try: null

2020-03-09 23:44:03 - [TEST_STEP][PASSED] - if (selenium.isElementPresent("xpath=//h2[contains(text(),'Thank You')]")): null

2020-03-09 23:44:03 - [TEST_STEP][PASSED] - Thread.sleep(1000): null

2020-03-09 23:44:04 - [TEST_STEP][PASSED] - try: null

2020-03-09 23:44:04 - [TEST_STEP][PASSED] - if (selenium.isElementPresent("xpath=//h2[contains(text(),'Thank You')]")): null

2020-03-09 23:44:04 - [TEST_STEP][PASSED] - Thread.sleep(1000): null

2020-03-09 23:44:05 - [TEST_STEP][PASSED] - try: null

2020-03-09 23:44:05 - [TEST_STEP][PASSED] - if (selenium.isElementPresent("xpath=//h2[contains(text(),'Thank You')]")): null

2020-03-09 23:44:05 - [TEST_STEP][PASSED] - Thread.sleep(1000): null

2020-03-09 23:44:06 - [TEST_STEP][PASSED] - try: null

2020-03-09 23:44:06 - [TEST_STEP][PASSED] - if (selenium.isElementPresent("xpath=//h2[contains(text(),'Thank You')]")): null

2020-03-09 23:44:06 - [TEST_STEP][PASSED] - break: null

2020-03-09 23:44:06 - [TEST_STEP][PASSED] - callTestCase(findTestCase("AHI/_include/get_screenshot"), [:], STOP_ON_FAILURE): Call Test Case 'Test Cases/AHI/_include/get_screenshot' successfully

2020-03-09 23:44:06 - [TEST_CASE][PASSED] - Test Cases/AHI/_include/get_screenshot: Test Cases/AHI/_include/get_screenshot

2020-03-09 23:44:06 - [TEST_STEP][PASSED] - Thread.sleep(1000): null

2020-03-09 23:44:07 - [TEST_STEP][PASSED] - takeScreenshot(screenPath + i + ".png"): Taking screenshot successfully

2020-03-09 23:44:08 - [MESSAGE][PASSED] - Taking screenshot successfully
[[ATTACHMENT|D:\\Test\\AgileTest\\Reports\\HIC\\hic\\20200309_233514\\../Screenshots/iPhone X/HIC/Cancer/Cancer/20200309_234246/10.png]]

2020-03-09 23:44:08 - [TEST_STEP][PASSED] - (internal.GlobalVariable.i++): null

2020-03-09 23:44:08 - [MESSAGE][PASSED] - Call Test Case 'Test Cases/AHI/_include/get_screenshot' successfully]]></system-out>
         <system-err><![CDATA[]]></system-err>
      </testcase>
      <testcase name="Test Cases/HIC/New/Dental" classname="Test Cases/HIC/New/Dental" status="PASSED">
         <system-out><![CDATA[2020-03-09 23:44:08 - [TEST_CASE][PASSED] - Test Cases/HIC/New/Dental: Test Cases/HIC/New/Dental

2020-03-09 23:44:08 - [TEST_STEP][PASSED] - callTestCase(findTestCase("HIC/_include/get_hicScreenPath"), ["project":"HIC", "productLine":"Dental", "carrierName":"USA Access"], CONTINUE_ON_FAILURE): Call Test Case 'Test Cases/HIC/_include/get_hicScreenPath' successfully

2020-03-09 23:44:08 - [TEST_CASE][PASSED] - Test Cases/HIC/_include/get_hicScreenPath: Test Cases/HIC/_include/get_hicScreenPath

2020-03-09 23:44:08 - [TEST_STEP][PASSED] - m = getExecutionProperties(): null

2020-03-09 23:44:08 - [TEST_STEP][PASSED] - deviceName = get("mobileEmulation").get("deviceName"): null

2020-03-09 23:44:08 - [TEST_STEP][PASSED] - println(deviceName): null

2020-03-09 23:44:08 - [TEST_STEP][PASSED] - now = new java.util.Date(): null

2020-03-09 23:44:08 - [TEST_STEP][PASSED] - mydate = now.format("yyyyMMdd_HHmmss"): null

2020-03-09 23:44:08 - [TEST_STEP][PASSED] - screenPath = "../Screenshots/": null

2020-03-09 23:44:08 - [TEST_STEP][PASSED] - screenPath = screenPath + deviceName + "/" + project + "/" + productLine + "/" + carrierName + "/" + mydate + "/": null

2020-03-09 23:44:08 - [TEST_STEP][PASSED] - println(screenPath): null

2020-03-09 23:44:08 - [MESSAGE][PASSED] - Call Test Case 'Test Cases/HIC/_include/get_hicScreenPath' successfully

2020-03-09 23:44:08 - [TEST_STEP][PASSED] - i = 0: null

2020-03-09 23:44:08 - [TEST_STEP][PASSED] - callTestCase(findTestCase("AHI/_include/openWebSite"), ["env":env], CONTINUE_ON_FAILURE): Call Test Case 'Test Cases/AHI/_include/openWebSite' successfully

2020-03-09 23:44:08 - [TEST_CASE][PASSED] - Test Cases/AHI/_include/openWebSite: Test Cases/AHI/_include/openWebSite

2020-03-09 23:44:08 - [TEST_STEP][PASSED] - openBrowser(env): Browser is opened with url: 'https://qa.healthinsurance.com'

2020-03-09 23:44:08 - [MESSAGE][WARNING] - A browser is already opened. Closing browser and opening a new one

2020-03-09 23:44:09 - [MESSAGE][INFO] - Starting 'Chrome' driver

2020-03-09 23:44:09 - [MESSAGE][INFO] - User set preference: ['mobileEmulation', '{deviceName=iPhone X}']

2020-03-09 23:44:09 - [MESSAGE][INFO] - User set preference: ['args', '[--incognito, --aggressive-cache-discard, --no-sandbox, --window-size=375,812, --ignore-certificate-errors]']

2020-03-09 23:44:12 - [MESSAGE][PASSED] - Browser is opened with url: 'https://qa.healthinsurance.com'

2020-03-09 23:44:12 - [TEST_STEP][PASSED] - waitForPageLoad(20): Wait for page load successfully

2020-03-09 23:44:12 - [MESSAGE][PASSED] - Wait for page load successfully

2020-03-09 23:44:12 - [TEST_STEP][PASSED] - callTestCase(findTestCase("AHI/_include/get_screenshot"), [:], STOP_ON_FAILURE): Call Test Case 'Test Cases/AHI/_include/get_screenshot' successfully

2020-03-09 23:44:12 - [TEST_CASE][PASSED] - Test Cases/AHI/_include/get_screenshot: Test Cases/AHI/_include/get_screenshot

2020-03-09 23:44:12 - [TEST_STEP][PASSED] - Thread.sleep(1000): null

2020-03-09 23:44:13 - [TEST_STEP][PASSED] - takeScreenshot(screenPath + i + ".png"): Taking screenshot successfully

2020-03-09 23:44:13 - [MESSAGE][PASSED] - Taking screenshot successfully
[[ATTACHMENT|D:\\Test\\AgileTest\\Reports\\HIC\\hic\\20200309_233514\\../Screenshots/iPhone X/HIC/Dental/USA Access/20200309_234408/0.png]]

2020-03-09 23:44:13 - [TEST_STEP][PASSED] - (internal.GlobalVariable.i++): null

2020-03-09 23:44:13 - [MESSAGE][PASSED] - Call Test Case 'Test Cases/AHI/_include/get_screenshot' successfully

2020-03-09 23:44:13 - [MESSAGE][PASSED] - Call Test Case 'Test Cases/AHI/_include/openWebSite' successfully

2020-03-09 23:44:13 - [TEST_STEP][PASSED] - driver = getWebDriver(): null

2020-03-09 23:44:13 - [TEST_STEP][PASSED] - baseUrl = env: null

2020-03-09 23:44:13 - [TEST_STEP][PASSED] - selenium = new com.thoughtworks.selenium.webdriven.WebDriverBackedSelenium(driver, baseUrl): null

2020-03-09 23:44:13 - [TEST_STEP][PASSED] - selenium.click("id=product-lines"): null

2020-03-09 23:44:13 - [TEST_STEP][PASSED] - selenium.click("//*[@id='product-lines']/following::div/button[contains(text(),'Dental')]"): null

2020-03-09 23:44:13 - [TEST_STEP][PASSED] - selenium.click("//button[contains(text(),'COMPARE HEALTHPLANS')]"): null

2020-03-09 23:44:14 - [TEST_STEP][PASSED] - for ([second = 0, second < 10, (second++)]): null

2020-03-09 23:44:14 - [TEST_STEP][PASSED] - try: null

2020-03-09 23:44:14 - [TEST_STEP][PASSED] - if (selenium.isElementPresent("id=zip")): null

2020-03-09 23:44:14 - [TEST_STEP][PASSED] - Thread.sleep(1000): null

2020-03-09 23:44:15 - [TEST_STEP][PASSED] - try: null

2020-03-09 23:44:15 - [TEST_STEP][PASSED] - if (selenium.isElementPresent("id=zip")): null

2020-03-09 23:44:15 - [TEST_STEP][PASSED] - break: null

2020-03-09 23:44:15 - [TEST_STEP][PASSED] - callTestCase(findTestCase("AHI/_include/get_screenshot"), [:], STOP_ON_FAILURE): Call Test Case 'Test Cases/AHI/_include/get_screenshot' successfully

2020-03-09 23:44:15 - [TEST_CASE][PASSED] - Test Cases/AHI/_include/get_screenshot: Test Cases/AHI/_include/get_screenshot

2020-03-09 23:44:15 - [TEST_STEP][PASSED] - Thread.sleep(1000): null

2020-03-09 23:44:16 - [TEST_STEP][PASSED] - takeScreenshot(screenPath + i + ".png"): Taking screenshot successfully

2020-03-09 23:44:16 - [MESSAGE][PASSED] - Taking screenshot successfully
[[ATTACHMENT|D:\\Test\\AgileTest\\Reports\\HIC\\hic\\20200309_233514\\../Screenshots/iPhone X/HIC/Dental/USA Access/20200309_234408/1.png]]

2020-03-09 23:44:16 - [TEST_STEP][PASSED] - (internal.GlobalVariable.i++): null

2020-03-09 23:44:16 - [MESSAGE][PASSED] - Call Test Case 'Test Cases/AHI/_include/get_screenshot' successfully

2020-03-09 23:44:16 - [TEST_STEP][PASSED] - Thread.sleep(2000): null

2020-03-09 23:44:18 - [TEST_STEP][PASSED] - callTestCase(findTestCase("HIC/_include/stm_census"), ["zipcode":"35215"], STOP_ON_FAILURE): Call Test Case 'Test Cases/HIC/_include/stm_census' successfully

2020-03-09 23:44:18 - [TEST_CASE][PASSED] - Test Cases/HIC/_include/stm_census: Test Cases/HIC/_include/stm_census

2020-03-09 23:44:18 - [TEST_STEP][PASSED] - Thread.sleep(2000): null

2020-03-09 23:44:20 - [TEST_STEP][PASSED] - setText(findTestObject("hic/stm/census/zip"), zipcode): Text '35215' is set on object 'Object Repository/hic/stm/census/zip'

2020-03-09 23:44:21 - [MESSAGE][PASSED] - Text '35215' is set on object 'Object Repository/hic/stm/census/zip'

2020-03-09 23:44:21 - [TEST_STEP][PASSED] - Thread.sleep(500): null

2020-03-09 23:44:21 - [TEST_STEP][PASSED] - setText(findTestObject("hic/stm/census/primaryDOB"), "03031987"): Text '03031987' is set on object 'Object Repository/hic/stm/census/primaryDOB'

2020-03-09 23:44:21 - [MESSAGE][PASSED] - Text '03031987' is set on object 'Object Repository/hic/stm/census/primaryDOB'

2020-03-09 23:44:21 - [TEST_STEP][PASSED] - click(findTestObject("hic/stm/census/female")): Object: 'Object Repository/hic/stm/census/female' is clicked on

2020-03-09 23:44:22 - [MESSAGE][PASSED] - Object: 'Object Repository/hic/stm/census/female' is clicked on

2020-03-09 23:44:22 - [TEST_STEP][PASSED] - Thread.sleep(3000): null

2020-03-09 23:44:25 - [TEST_STEP][PASSED] - waitForElementClickable(findTestObject("hic/stm/census/submitButton"), 20): Object 'Object Repository/hic/stm/census/submitButton' is clickable

2020-03-09 23:44:25 - [MESSAGE][PASSED] - Object 'Object Repository/hic/stm/census/submitButton' is clickable

2020-03-09 23:44:25 - [TEST_STEP][PASSED] - click(findTestObject("hic/stm/census/submitButton")): Object: 'Object Repository/hic/stm/census/submitButton' is clicked on

2020-03-09 23:44:26 - [MESSAGE][PASSED] - Object: 'Object Repository/hic/stm/census/submitButton' is clicked on

2020-03-09 23:44:26 - [TEST_STEP][PASSED] - Thread.sleep(6000): null

2020-03-09 23:44:32 - [TEST_STEP][PASSED] - callTestCase(findTestCase("AHI/_include/check_quoteleadform"), [:], STOP_ON_FAILURE): Call Test Case 'Test Cases/AHI/_include/check_quoteleadform' successfully

2020-03-09 23:44:32 - [TEST_CASE][PASSED] - Test Cases/AHI/_include/check_quoteleadform: Test Cases/AHI/_include/check_quoteleadform

2020-03-09 23:44:32 - [TEST_STEP][PASSED] - callTestCase(findTestCase("AHI/_include/name"), [:], CONTINUE_ON_FAILURE): Call Test Case 'Test Cases/AHI/_include/name' successfully

2020-03-09 23:44:32 - [TEST_CASE][PASSED] - Test Cases/AHI/_include/name: Test Cases/AHI/_include/name

2020-03-09 23:44:32 - [TEST_STEP][PASSED] - driver = getWebDriver(): null

2020-03-09 23:44:32 - [TEST_STEP][PASSED] - selenium = new com.thoughtworks.selenium.webdriven.WebDriverBackedSelenium(driver, internal.GlobalVariable.ENV): null

2020-03-09 23:44:32 - [TEST_STEP][PASSED] - FirstName = "Test-123": null

2020-03-09 23:44:32 - [TEST_STEP][PASSED] - LastName = selenium.getEval("{var x="ABCDEFGHIJKLMNOPQRSTUVWXYZabcdefghijklmnopqrstuvwxyz"; var tmp="ZZ11-"; for (i=0;i<8;i++) tmp+=x.charAt(Math.ceil(51*Math.random()));tmp;}"): null

2020-03-09 23:44:32 - [TEST_STEP][PASSED] - Address = selenium.getEval("{var x="ABCDEFGHIJKLMNOPQRSTUVWXYZabcdefghijklmnopqrstuvwxyz"; var tmp=""; for (i=0;i<8;i++) tmp+=x.charAt(Math.ceil(51*Math.random()));tmp;}"): null

2020-03-09 23:44:32 - [TEST_STEP][PASSED] - City = selenium.getEval("{var x="ABCDEFGHIJKLMNOPQRSTUVWXYZabcdefghijklmnopqrstuvwxyz"; var tmp=""; for (i=0;i<8;i++) tmp+=x.charAt(Math.ceil(51*Math.random()));tmp;}"): null

2020-03-09 23:44:32 - [TEST_STEP][PASSED] - tel1 = selenium.getEval("{var x="123456789"; var tmp=""; for (i=0;i<3;i++) tmp+=x.charAt(Math.ceil(8*Math.random()));tmp;}"): null

2020-03-09 23:44:32 - [TEST_STEP][PASSED] - tel2 = selenium.getEval("{var x="123456789"; var tmp=""; for (i=0;i<3;i++) tmp+=x.charAt(Math.ceil(8*Math.random()));tmp;}"): null

2020-03-09 23:44:32 - [TEST_STEP][PASSED] - tel3 = selenium.getEval("{var x="123456789"; var tmp=""; for (i=0;i<4;i++) tmp+=x.charAt(Math.ceil(8*Math.random()));tmp;}"): null

2020-03-09 23:44:32 - [TEST_STEP][PASSED] - Tel = selenium.getExpression(tel1 + "-" + tel2 + "-" + tel3): null

2020-03-09 23:44:32 - [TEST_STEP][PASSED] - AutoEmail = selenium.getEval("{var x="ABCDEFGHIJKLMNOPQRSTUVWXYZabcdefghijklmnopqrstuvwxyz"; var tmp="test."; for (i=0;i<8;i++) tmp+=x.charAt(Math.ceil(51*Math.random()));tmp+="@suryani.cn";}"): null

2020-03-09 23:44:32 - [TEST_STEP][PASSED] - FirstName = FirstName: null

2020-03-09 23:44:32 - [TEST_STEP][PASSED] - LastName = LastName: null

2020-03-09 23:44:32 - [TEST_STEP][PASSED] - Address = Address: null

2020-03-09 23:44:32 - [TEST_STEP][PASSED] - City = City: null

2020-03-09 23:44:32 - [TEST_STEP][PASSED] - Tel = Tel: null

2020-03-09 23:44:32 - [TEST_STEP][PASSED] - AutoEmail = AutoEmail: null

2020-03-09 23:44:32 - [TEST_STEP][PASSED] - println(FirstName): null

2020-03-09 23:44:32 - [TEST_STEP][PASSED] - println(LastName): null

2020-03-09 23:44:32 - [TEST_STEP][PASSED] - println(Address): null

2020-03-09 23:44:32 - [TEST_STEP][PASSED] - println(City): null

2020-03-09 23:44:32 - [TEST_STEP][PASSED] - println(Tel): null

2020-03-09 23:44:32 - [TEST_STEP][PASSED] - println(AutoEmail): null

2020-03-09 23:44:32 - [MESSAGE][PASSED] - Call Test Case 'Test Cases/AHI/_include/name' successfully

2020-03-09 23:44:32 - [TEST_STEP][PASSED] - leadform_exist = test.MobileKeywords.isElementPresent_Web(findTestObject("mobileSanity/quote lead form/lead_form"), 20): test.MobileKeywords.isElementPresent_Web is PASSED

2020-03-09 23:44:53 - [MESSAGE][INFO] - Unable to find the element located by 'By.xpath: //*[@id = 'lightboxLeadForm']'. Please recheck the objects properties to make sure the desired element is located. 

2020-03-09 23:44:53 - [MESSAGE][PASSED] - test.MobileKeywords.isElementPresent_Web is PASSED

2020-03-09 23:44:53 - [TEST_STEP][PASSED] - if (leadform_exist): null

2020-03-09 23:44:53 - [MESSAGE][PASSED] - Call Test Case 'Test Cases/AHI/_include/check_quoteleadform' successfully

2020-03-09 23:44:53 - [TEST_STEP][PASSED] - callTestCase(findTestCase("AHI/_include/get_screenshot"), [:], STOP_ON_FAILURE): Call Test Case 'Test Cases/AHI/_include/get_screenshot' successfully

2020-03-09 23:44:53 - [TEST_CASE][PASSED] - Test Cases/AHI/_include/get_screenshot: Test Cases/AHI/_include/get_screenshot

2020-03-09 23:44:53 - [TEST_STEP][PASSED] - Thread.sleep(1000): null

2020-03-09 23:44:54 - [TEST_STEP][PASSED] - takeScreenshot(screenPath + i + ".png"): Taking screenshot successfully

2020-03-09 23:44:55 - [MESSAGE][PASSED] - Taking screenshot successfully
[[ATTACHMENT|D:\\Test\\AgileTest\\Reports\\HIC\\hic\\20200309_233514\\../Screenshots/iPhone X/HIC/Dental/USA Access/20200309_234408/2.png]]

2020-03-09 23:44:55 - [TEST_STEP][PASSED] - (internal.GlobalVariable.i++): null

2020-03-09 23:44:55 - [MESSAGE][PASSED] - Call Test Case 'Test Cases/AHI/_include/get_screenshot' successfully

2020-03-09 23:44:55 - [TEST_STEP][PASSED] - Thread.sleep(1000): null

2020-03-09 23:44:56 - [MESSAGE][PASSED] - Call Test Case 'Test Cases/HIC/_include/stm_census' successfully

2020-03-09 23:44:56 - [TEST_STEP][PASSED] - click(findTestObject("mobileSanity/Dental/filter/btn_filter")): Object: 'Object Repository/mobileSanity/Dental/filter/btn_filter' is clicked on

2020-03-09 23:44:56 - [MESSAGE][PASSED] - Object: 'Object Repository/mobileSanity/Dental/filter/btn_filter' is clicked on

2020-03-09 23:44:56 - [TEST_STEP][PASSED] - waitForElementVisible(findTestObject("mobileSanity/Dental/filter/btn_company"), 10): Object 'Object Repository/mobileSanity/Dental/filter/btn_company' is visible

2020-03-09 23:44:56 - [MESSAGE][PASSED] - Object 'Object Repository/mobileSanity/Dental/filter/btn_company' is visible

2020-03-09 23:44:56 - [TEST_STEP][PASSED] - click(findTestObject("mobileSanity/Dental/filter/btn_company")): Object: 'Object Repository/mobileSanity/Dental/filter/btn_company' is clicked on

2020-03-09 23:44:56 - [MESSAGE][PASSED] - Object: 'Object Repository/mobileSanity/Dental/filter/btn_company' is clicked on

2020-03-09 23:44:56 - [TEST_STEP][PASSED] - Thread.sleep(2000): null

2020-03-09 23:44:58 - [TEST_STEP][PASSED] - click(findTestObject("mobileSanity/Dental/filter/btn_usa")): Object: 'Object Repository/mobileSanity/Dental/filter/btn_usa' is clicked on

2020-03-09 23:44:58 - [MESSAGE][PASSED] - Object: 'Object Repository/mobileSanity/Dental/filter/btn_usa' is clicked on

2020-03-09 23:44:58 - [TEST_STEP][PASSED] - waitForJQueryLoad(20, STOP_ON_FAILURE): jQuery is ready.

2020-03-09 23:44:59 - [MESSAGE][PASSED] - jQuery is ready.

2020-03-09 23:44:59 - [TEST_STEP][PASSED] - callTestCase(findTestCase("AHI/_include/get_screenshot"), [:], STOP_ON_FAILURE): Call Test Case 'Test Cases/AHI/_include/get_screenshot' successfully

2020-03-09 23:44:59 - [TEST_CASE][PASSED] - Test Cases/AHI/_include/get_screenshot: Test Cases/AHI/_include/get_screenshot

2020-03-09 23:44:59 - [TEST_STEP][PASSED] - Thread.sleep(1000): null

2020-03-09 23:45:00 - [TEST_STEP][PASSED] - takeScreenshot(screenPath + i + ".png"): Taking screenshot successfully

2020-03-09 23:45:01 - [MESSAGE][PASSED] - Taking screenshot successfully
[[ATTACHMENT|D:\\Test\\AgileTest\\Reports\\HIC\\hic\\20200309_233514\\../Screenshots/iPhone X/HIC/Dental/USA Access/20200309_234408/3.png]]

2020-03-09 23:45:01 - [TEST_STEP][PASSED] - (internal.GlobalVariable.i++): null

2020-03-09 23:45:01 - [MESSAGE][PASSED] - Call Test Case 'Test Cases/AHI/_include/get_screenshot' successfully

2020-03-09 23:45:01 - [TEST_STEP][PASSED] - click(findTestObject("mobileSanity/Dental/filter/btn_filter")): Object: 'Object Repository/mobileSanity/Dental/filter/btn_filter' is clicked on

2020-03-09 23:45:01 - [MESSAGE][PASSED] - Object: 'Object Repository/mobileSanity/Dental/filter/btn_filter' is clicked on

2020-03-09 23:45:01 - [TEST_STEP][PASSED] - Thread.sleep(2000): null

2020-03-09 23:45:03 - [TEST_STEP][PASSED] - scrollToPosition(0, 600): Browser is scrolled to position x = 0, y = 600

2020-03-09 23:45:03 - [MESSAGE][PASSED] - Browser is scrolled to position x = 0, y = 600

2020-03-09 23:45:03 - [TEST_STEP][PASSED] - Thread.sleep(2000): null

2020-03-09 23:45:05 - [TEST_STEP][PASSED] - click(findTestObject("mobileSanity/Dental/quote/a_Select This Plan")): Object: 'Object Repository/mobileSanity/Dental/quote/a_Select This Plan' is clicked on

2020-03-09 23:45:05 - [MESSAGE][PASSED] - Object: 'Object Repository/mobileSanity/Dental/quote/a_Select This Plan' is clicked on

2020-03-09 23:45:05 - [TEST_STEP][PASSED] - waitForPageLoad(10): Wait for page load successfully

2020-03-09 23:45:06 - [MESSAGE][PASSED] - Wait for page load successfully

2020-03-09 23:45:06 - [TEST_STEP][PASSED] - callTestCase(findTestCase("AHI/_include/get_screenshot"), [:], STOP_ON_FAILURE): Call Test Case 'Test Cases/AHI/_include/get_screenshot' successfully

2020-03-09 23:45:06 - [TEST_CASE][PASSED] - Test Cases/AHI/_include/get_screenshot: Test Cases/AHI/_include/get_screenshot

2020-03-09 23:45:06 - [TEST_STEP][PASSED] - Thread.sleep(1000): null

2020-03-09 23:45:07 - [TEST_STEP][PASSED] - takeScreenshot(screenPath + i + ".png"): Taking screenshot successfully

2020-03-09 23:45:08 - [MESSAGE][PASSED] - Taking screenshot successfully
[[ATTACHMENT|D:\\Test\\AgileTest\\Reports\\HIC\\hic\\20200309_233514\\../Screenshots/iPhone X/HIC/Dental/USA Access/20200309_234408/4.png]]

2020-03-09 23:45:08 - [TEST_STEP][PASSED] - (internal.GlobalVariable.i++): null

2020-03-09 23:45:08 - [MESSAGE][PASSED] - Call Test Case 'Test Cases/AHI/_include/get_screenshot' successfully

2020-03-09 23:45:08 - [TEST_STEP][PASSED] - Thread.sleep(2000): null

2020-03-09 23:45:10 - [TEST_STEP][PASSED] - click(findTestObject("mobileSanity/Dental/apply/span_Start Secure Application")): Object: 'Object Repository/mobileSanity/Dental/apply/span_Start Secure Application' is clicked on

2020-03-09 23:45:10 - [MESSAGE][PASSED] - Object: 'Object Repository/mobileSanity/Dental/apply/span_Start Secure Application' is clicked on

2020-03-09 23:45:10 - [TEST_STEP][PASSED] - waitForPageLoad(10): Wait for page load successfully

2020-03-09 23:45:10 - [MESSAGE][PASSED] - Wait for page load successfully

2020-03-09 23:45:10 - [TEST_STEP][PASSED] - Thread.sleep(2000): null

2020-03-09 23:45:12 - [TEST_STEP][PASSED] - callTestCase(findTestCase("AHI/_include/get_screenshot"), [:], STOP_ON_FAILURE): Call Test Case 'Test Cases/AHI/_include/get_screenshot' successfully

2020-03-09 23:45:12 - [TEST_CASE][PASSED] - Test Cases/AHI/_include/get_screenshot: Test Cases/AHI/_include/get_screenshot

2020-03-09 23:45:12 - [TEST_STEP][PASSED] - Thread.sleep(1000): null

2020-03-09 23:45:13 - [TEST_STEP][PASSED] - takeScreenshot(screenPath + i + ".png"): Taking screenshot successfully

2020-03-09 23:45:14 - [MESSAGE][PASSED] - Taking screenshot successfully
[[ATTACHMENT|D:\\Test\\AgileTest\\Reports\\HIC\\hic\\20200309_233514\\../Screenshots/iPhone X/HIC/Dental/USA Access/20200309_234408/5.png]]

2020-03-09 23:45:14 - [TEST_STEP][PASSED] - (internal.GlobalVariable.i++): null

2020-03-09 23:45:14 - [MESSAGE][PASSED] - Call Test Case 'Test Cases/AHI/_include/get_screenshot' successfully

2020-03-09 23:45:14 - [TEST_STEP][PASSED] - callTestCase(findTestCase("AHI/_include/goToEnd_dental"), ["carrier":"usa"], CONTINUE_ON_FAILURE): Call Test Case 'Test Cases/AHI/_include/goToEnd_dental' successfully

2020-03-09 23:45:14 - [TEST_CASE][PASSED] - Test Cases/AHI/_include/goToEnd_dental: Test Cases/AHI/_include/goToEnd_dental

2020-03-09 23:45:14 - [TEST_STEP][PASSED] - callTestCase(findTestCase("AHI/_include/name"), [:], CONTINUE_ON_FAILURE): Call Test Case 'Test Cases/AHI/_include/name' successfully

2020-03-09 23:45:14 - [TEST_CASE][PASSED] - Test Cases/AHI/_include/name: Test Cases/AHI/_include/name

2020-03-09 23:45:14 - [TEST_STEP][PASSED] - driver = getWebDriver(): null

2020-03-09 23:45:14 - [TEST_STEP][PASSED] - selenium = new com.thoughtworks.selenium.webdriven.WebDriverBackedSelenium(driver, internal.GlobalVariable.ENV): null

2020-03-09 23:45:14 - [TEST_STEP][PASSED] - FirstName = "Test-123": null

2020-03-09 23:45:14 - [TEST_STEP][PASSED] - LastName = selenium.getEval("{var x="ABCDEFGHIJKLMNOPQRSTUVWXYZabcdefghijklmnopqrstuvwxyz"; var tmp="ZZ11-"; for (i=0;i<8;i++) tmp+=x.charAt(Math.ceil(51*Math.random()));tmp;}"): null

2020-03-09 23:45:14 - [TEST_STEP][PASSED] - Address = selenium.getEval("{var x="ABCDEFGHIJKLMNOPQRSTUVWXYZabcdefghijklmnopqrstuvwxyz"; var tmp=""; for (i=0;i<8;i++) tmp+=x.charAt(Math.ceil(51*Math.random()));tmp;}"): null

2020-03-09 23:45:14 - [TEST_STEP][PASSED] - City = selenium.getEval("{var x="ABCDEFGHIJKLMNOPQRSTUVWXYZabcdefghijklmnopqrstuvwxyz"; var tmp=""; for (i=0;i<8;i++) tmp+=x.charAt(Math.ceil(51*Math.random()));tmp;}"): null

2020-03-09 23:45:14 - [TEST_STEP][PASSED] - tel1 = selenium.getEval("{var x="123456789"; var tmp=""; for (i=0;i<3;i++) tmp+=x.charAt(Math.ceil(8*Math.random()));tmp;}"): null

2020-03-09 23:45:14 - [TEST_STEP][PASSED] - tel2 = selenium.getEval("{var x="123456789"; var tmp=""; for (i=0;i<3;i++) tmp+=x.charAt(Math.ceil(8*Math.random()));tmp;}"): null

2020-03-09 23:45:14 - [TEST_STEP][PASSED] - tel3 = selenium.getEval("{var x="123456789"; var tmp=""; for (i=0;i<4;i++) tmp+=x.charAt(Math.ceil(8*Math.random()));tmp;}"): null

2020-03-09 23:45:14 - [TEST_STEP][PASSED] - Tel = selenium.getExpression(tel1 + "-" + tel2 + "-" + tel3): null

2020-03-09 23:45:14 - [TEST_STEP][PASSED] - AutoEmail = selenium.getEval("{var x="ABCDEFGHIJKLMNOPQRSTUVWXYZabcdefghijklmnopqrstuvwxyz"; var tmp="test."; for (i=0;i<8;i++) tmp+=x.charAt(Math.ceil(51*Math.random()));tmp+="@suryani.cn";}"): null

2020-03-09 23:45:14 - [TEST_STEP][PASSED] - FirstName = FirstName: null

2020-03-09 23:45:14 - [TEST_STEP][PASSED] - LastName = LastName: null

2020-03-09 23:45:14 - [TEST_STEP][PASSED] - Address = Address: null

2020-03-09 23:45:14 - [TEST_STEP][PASSED] - City = City: null

2020-03-09 23:45:14 - [TEST_STEP][PASSED] - Tel = Tel: null

2020-03-09 23:45:14 - [TEST_STEP][PASSED] - AutoEmail = AutoEmail: null

2020-03-09 23:45:14 - [TEST_STEP][PASSED] - println(FirstName): null

2020-03-09 23:45:14 - [TEST_STEP][PASSED] - println(LastName): null

2020-03-09 23:45:14 - [TEST_STEP][PASSED] - println(Address): null

2020-03-09 23:45:14 - [TEST_STEP][PASSED] - println(City): null

2020-03-09 23:45:14 - [TEST_STEP][PASSED] - println(Tel): null

2020-03-09 23:45:14 - [TEST_STEP][PASSED] - println(AutoEmail): null

2020-03-09 23:45:14 - [MESSAGE][PASSED] - Call Test Case 'Test Cases/AHI/_include/name' successfully

2020-03-09 23:45:14 - [TEST_STEP][PASSED] - Thread.sleep(3000): null

2020-03-09 23:45:17 - [TEST_STEP][PASSED] - setText(findTestObject("mobileSanity/Dental/app_page1/input__member-P-1-firstName"), FirstName): Text 'Test-123' is set on object 'Object Repository/mobileSanity/Dental/app_page1/input__member-P-1-firstName'

2020-03-09 23:45:18 - [MESSAGE][PASSED] - Text 'Test-123' is set on object 'Object Repository/mobileSanity/Dental/app_page1/input__member-P-1-firstName'

2020-03-09 23:45:18 - [TEST_STEP][PASSED] - setText(findTestObject("mobileSanity/Dental/app_page1/input__member-P-1-lastName"), LastName): Text 'ZZ11-yqPWniKR' is set on object 'Object Repository/mobileSanity/Dental/app_page1/input__member-P-1-lastName'

2020-03-09 23:45:18 - [MESSAGE][PASSED] - Text 'ZZ11-yqPWniKR' is set on object 'Object Repository/mobileSanity/Dental/app_page1/input__member-P-1-lastName'

2020-03-09 23:45:18 - [TEST_STEP][PASSED] - setText(findTestObject("mobileSanity/Dental/app_page1/input__address"), Address): Text 'VaGGXhmi' is set on object 'Object Repository/mobileSanity/Dental/app_page1/input__address'

2020-03-09 23:45:18 - [MESSAGE][PASSED] - Text 'VaGGXhmi' is set on object 'Object Repository/mobileSanity/Dental/app_page1/input__address'

2020-03-09 23:45:18 - [TEST_STEP][PASSED] - setText(findTestObject("mobileSanity/Dental/app_page1/input__city"), City): Text 'KipJWVas' is set on object 'Object Repository/mobileSanity/Dental/app_page1/input__city'

2020-03-09 23:45:18 - [MESSAGE][PASSED] - Text 'KipJWVas' is set on object 'Object Repository/mobileSanity/Dental/app_page1/input__city'

2020-03-09 23:45:18 - [TEST_STEP][PASSED] - setText(findTestObject("mobileSanity/Dental/app_page1/input__email"), AutoEmail): Text 'test.NnFxBsxj@suryani.cn' is set on object 'Object Repository/mobileSanity/Dental/app_page1/input__email'

2020-03-09 23:45:19 - [MESSAGE][PASSED] - Text 'test.NnFxBsxj@suryani.cn' is set on object 'Object Repository/mobileSanity/Dental/app_page1/input__email'

2020-03-09 23:45:19 - [TEST_STEP][PASSED] - setText(findTestObject("mobileSanity/Dental/app_page1/input_phone"), Tel): Text '677-793-4265' is set on object 'Object Repository/mobileSanity/Dental/app_page1/input_phone'

2020-03-09 23:45:19 - [MESSAGE][PASSED] - Text '677-793-4265' is set on object 'Object Repository/mobileSanity/Dental/app_page1/input_phone'

2020-03-09 23:45:19 - [TEST_STEP][PASSED] - click(findTestObject("mobileSanity/Dental/app_page1/a_Continue to Step 2 - Payment")): Object: 'Object Repository/mobileSanity/Dental/app_page1/a_Continue to Step 2 - Payment' is clicked on

2020-03-09 23:45:19 - [MESSAGE][PASSED] - Object: 'Object Repository/mobileSanity/Dental/app_page1/a_Continue to Step 2 - Payment' is clicked on

2020-03-09 23:45:19 - [TEST_STEP][PASSED] - waitForPageLoad(10): Wait for page load successfully

2020-03-09 23:45:19 - [MESSAGE][PASSED] - Wait for page load successfully

2020-03-09 23:45:19 - [TEST_STEP][PASSED] - Thread.sleep(2000): null

2020-03-09 23:45:21 - [TEST_STEP][PASSED] - if (carrier == "usa"): null

2020-03-09 23:45:21 - [TEST_STEP][PASSED] - callTestCase(findTestCase("AHI/_include/get_screenshot"), [:], STOP_ON_FAILURE): Call Test Case 'Test Cases/AHI/_include/get_screenshot' successfully

2020-03-09 23:45:22 - [TEST_CASE][PASSED] - Test Cases/AHI/_include/get_screenshot: Test Cases/AHI/_include/get_screenshot

2020-03-09 23:45:22 - [TEST_STEP][PASSED] - Thread.sleep(1000): null

2020-03-09 23:45:23 - [TEST_STEP][PASSED] - takeScreenshot(screenPath + i + ".png"): Taking screenshot successfully

2020-03-09 23:45:23 - [MESSAGE][PASSED] - Taking screenshot successfully
[[ATTACHMENT|D:\\Test\\AgileTest\\Reports\\HIC\\hic\\20200309_233514\\../Screenshots/iPhone X/HIC/Dental/USA Access/20200309_234408/6.png]]

2020-03-09 23:45:23 - [TEST_STEP][PASSED] - (internal.GlobalVariable.i++): null

2020-03-09 23:45:23 - [MESSAGE][PASSED] - Call Test Case 'Test Cases/AHI/_include/get_screenshot' successfully

2020-03-09 23:45:23 - [TEST_STEP][PASSED] - click(findTestObject("mobileSanity/Dental/app_page2/membership/label_ihaveread")): Object: 'Object Repository/mobileSanity/Dental/app_page2/membership/label_ihaveread' is clicked on

2020-03-09 23:45:23 - [MESSAGE][PASSED] - Object: 'Object Repository/mobileSanity/Dental/app_page2/membership/label_ihaveread' is clicked on

2020-03-09 23:45:23 - [TEST_STEP][PASSED] - click(findTestObject("mobileSanity/Dental/app_page2/membership/a_ok")): Object: 'Object Repository/mobileSanity/Dental/app_page2/membership/a_ok' is clicked on

2020-03-09 23:45:23 - [MESSAGE][PASSED] - Object: 'Object Repository/mobileSanity/Dental/app_page2/membership/a_ok' is clicked on

2020-03-09 23:45:23 - [TEST_STEP][PASSED] - Thread.sleep(3000): null

2020-03-09 23:45:26 - [TEST_STEP][PASSED] - callTestCase(findTestCase("AHI/_include/get_screenshot"), [:], STOP_ON_FAILURE): Call Test Case 'Test Cases/AHI/_include/get_screenshot' successfully

2020-03-09 23:45:26 - [TEST_CASE][PASSED] - Test Cases/AHI/_include/get_screenshot: Test Cases/AHI/_include/get_screenshot

2020-03-09 23:45:26 - [TEST_STEP][PASSED] - Thread.sleep(1000): null

2020-03-09 23:45:27 - [TEST_STEP][PASSED] - takeScreenshot(screenPath + i + ".png"): Taking screenshot successfully

2020-03-09 23:45:28 - [MESSAGE][PASSED] - Taking screenshot successfully
[[ATTACHMENT|D:\\Test\\AgileTest\\Reports\\HIC\\hic\\20200309_233514\\../Screenshots/iPhone X/HIC/Dental/USA Access/20200309_234408/7.png]]

2020-03-09 23:45:28 - [TEST_STEP][PASSED] - (internal.GlobalVariable.i++): null

2020-03-09 23:45:28 - [MESSAGE][PASSED] - Call Test Case 'Test Cases/AHI/_include/get_screenshot' successfully

2020-03-09 23:45:28 - [TEST_STEP][PASSED] - setText(findTestObject("mobileSanity/Dental/app_page2/input__credit-card-first"), FirstName): Text 'Test-123' is set on object 'Object Repository/mobileSanity/Dental/app_page2/input__credit-card-first'

2020-03-09 23:45:28 - [MESSAGE][PASSED] - Text 'Test-123' is set on object 'Object Repository/mobileSanity/Dental/app_page2/input__credit-card-first'

2020-03-09 23:45:28 - [TEST_STEP][PASSED] - setText(findTestObject("mobileSanity/Dental/app_page2/input__credit-card-last"), LastName): Text 'ZZ11-yqPWniKR' is set on object 'Object Repository/mobileSanity/Dental/app_page2/input__credit-card-last'

2020-03-09 23:45:29 - [MESSAGE][PASSED] - Text 'ZZ11-yqPWniKR' is set on object 'Object Repository/mobileSanity/Dental/app_page2/input__credit-card-last'

2020-03-09 23:45:29 - [TEST_STEP][PASSED] - selectOptionByValue(findTestObject("mobileSanity/Dental/app_page2/select_MM010203040506070809101"), "12", true): All options with value '12' are selected in object 'Object Repository/mobileSanity/Dental/app_page2/select_MM010203040506070809101'  using regular expression

2020-03-09 23:45:29 - [MESSAGE][PASSED] - All options with value '12' are selected in object 'Object Repository/mobileSanity/Dental/app_page2/select_MM010203040506070809101'  using regular expression

2020-03-09 23:45:29 - [TEST_STEP][PASSED] - selectOptionByValue(findTestObject("mobileSanity/Dental/app_page2/select_YYYY2019202020212022202"), "2026", true): All options with value '2026' are selected in object 'Object Repository/mobileSanity/Dental/app_page2/select_YYYY2019202020212022202'  using regular expression

2020-03-09 23:45:30 - [MESSAGE][PASSED] - All options with value '2026' are selected in object 'Object Repository/mobileSanity/Dental/app_page2/select_YYYY2019202020212022202'  using regular expression

2020-03-09 23:45:30 - [TEST_STEP][PASSED] - setText(findTestObject("mobileSanity/Dental/app_page2/input__credit-card-number"), "4111111111111111"): Text '4111111111111111' is set on object 'Object Repository/mobileSanity/Dental/app_page2/input__credit-card-number'

2020-03-09 23:45:30 - [MESSAGE][PASSED] - Text '4111111111111111' is set on object 'Object Repository/mobileSanity/Dental/app_page2/input__credit-card-number'

2020-03-09 23:45:30 - [TEST_STEP][PASSED] - setText(findTestObject("mobileSanity/Dental/app_page2/input__cvv"), "123"): Text '123' is set on object 'Object Repository/mobileSanity/Dental/app_page2/input__cvv'

2020-03-09 23:45:30 - [MESSAGE][PASSED] - Text '123' is set on object 'Object Repository/mobileSanity/Dental/app_page2/input__cvv'

2020-03-09 23:45:30 - [TEST_STEP][PASSED] - click(findTestObject("mobileSanity/Dental/app_page2/label_My billing address is th")): Object: 'Object Repository/mobileSanity/Dental/app_page2/label_My billing address is th' is clicked on

2020-03-09 23:45:30 - [MESSAGE][PASSED] - Object: 'Object Repository/mobileSanity/Dental/app_page2/label_My billing address is th' is clicked on

2020-03-09 23:45:30 - [TEST_STEP][PASSED] - click(findTestObject("mobileSanity/Dental/app_page2/label_I Accept Authorization f")): Object: 'Object Repository/mobileSanity/Dental/app_page2/label_I Accept Authorization f' is clicked on

2020-03-09 23:45:30 - [MESSAGE][PASSED] - Object: 'Object Repository/mobileSanity/Dental/app_page2/label_I Accept Authorization f' is clicked on

2020-03-09 23:45:30 - [TEST_STEP][PASSED] - click(findTestObject("mobileSanity/Dental/app_page2/a_Continue to Step 3 - Review")): Object: 'Object Repository/mobileSanity/Dental/app_page2/a_Continue to Step 3 - Review' is clicked on

2020-03-09 23:45:31 - [MESSAGE][PASSED] - Object: 'Object Repository/mobileSanity/Dental/app_page2/a_Continue to Step 3 - Review' is clicked on

2020-03-09 23:45:31 - [TEST_STEP][PASSED] - waitForPageLoad(20): Wait for page load successfully

2020-03-09 23:45:31 - [MESSAGE][PASSED] - Wait for page load successfully

2020-03-09 23:45:31 - [TEST_STEP][PASSED] - Thread.sleep(2000): null

2020-03-09 23:45:33 - [TEST_STEP][PASSED] - waitForElementClickable(findTestObject("mobileSanity/Dental/app_page3/label"), 20): Object 'Object Repository/mobileSanity/Dental/app_page3/label' is clickable

2020-03-09 23:45:42 - [MESSAGE][PASSED] - Object 'Object Repository/mobileSanity/Dental/app_page3/label' is clickable

2020-03-09 23:45:42 - [TEST_STEP][PASSED] - callTestCase(findTestCase("AHI/_include/get_screenshot"), [:], STOP_ON_FAILURE): Call Test Case 'Test Cases/AHI/_include/get_screenshot' successfully

2020-03-09 23:45:42 - [TEST_CASE][PASSED] - Test Cases/AHI/_include/get_screenshot: Test Cases/AHI/_include/get_screenshot

2020-03-09 23:45:42 - [TEST_STEP][PASSED] - Thread.sleep(1000): null

2020-03-09 23:45:43 - [TEST_STEP][PASSED] - takeScreenshot(screenPath + i + ".png"): Taking screenshot successfully

2020-03-09 23:45:43 - [MESSAGE][PASSED] - Taking screenshot successfully
[[ATTACHMENT|D:\\Test\\AgileTest\\Reports\\HIC\\hic\\20200309_233514\\../Screenshots/iPhone X/HIC/Dental/USA Access/20200309_234408/8.png]]

2020-03-09 23:45:43 - [TEST_STEP][PASSED] - (internal.GlobalVariable.i++): null

2020-03-09 23:45:43 - [MESSAGE][PASSED] - Call Test Case 'Test Cases/AHI/_include/get_screenshot' successfully

2020-03-09 23:45:43 - [TEST_STEP][PASSED] - click(findTestObject("mobileSanity/Dental/app_page3/label")): Object: 'Object Repository/mobileSanity/Dental/app_page3/label' is clicked on

2020-03-09 23:45:43 - [MESSAGE][PASSED] - Object: 'Object Repository/mobileSanity/Dental/app_page3/label' is clicked on

2020-03-09 23:45:43 - [TEST_STEP][PASSED] - click(findTestObject("mobileSanity/Dental/app_page3/p_CLICK TO SIGN")): Object: 'Object Repository/mobileSanity/Dental/app_page3/p_CLICK TO SIGN' is clicked on

2020-03-09 23:45:44 - [MESSAGE][PASSED] - Object: 'Object Repository/mobileSanity/Dental/app_page3/p_CLICK TO SIGN' is clicked on

2020-03-09 23:45:44 - [TEST_STEP][PASSED] - click(findTestObject("mobileSanity/Dental/app_page3/a_Submit Your Application")): Object: 'Object Repository/mobileSanity/Dental/app_page3/a_Submit Your Application' is clicked on

2020-03-09 23:45:44 - [MESSAGE][PASSED] - Object: 'Object Repository/mobileSanity/Dental/app_page3/a_Submit Your Application' is clicked on

2020-03-09 23:45:44 - [TEST_STEP][PASSED] - Thread.sleep(50000): null

2020-03-09 23:46:34 - [TEST_STEP][PASSED] - waitForElementPresent(findTestObject("mobileSanity/Dental/app_page4/js-app-confirmation"), 20): Object 'Object Repository/mobileSanity/Dental/app_page4/js-app-confirmation' is present

2020-03-09 23:46:34 - [MESSAGE][PASSED] - Object 'Object Repository/mobileSanity/Dental/app_page4/js-app-confirmation' is present

2020-03-09 23:46:34 - [TEST_STEP][PASSED] - callTestCase(findTestCase("AHI/_include/get_screenshot"), [:], STOP_ON_FAILURE): Call Test Case 'Test Cases/AHI/_include/get_screenshot' successfully

2020-03-09 23:46:34 - [TEST_CASE][PASSED] - Test Cases/AHI/_include/get_screenshot: Test Cases/AHI/_include/get_screenshot

2020-03-09 23:46:34 - [TEST_STEP][PASSED] - Thread.sleep(1000): null

2020-03-09 23:46:35 - [TEST_STEP][PASSED] - takeScreenshot(screenPath + i + ".png"): Taking screenshot successfully

2020-03-09 23:46:35 - [MESSAGE][PASSED] - Taking screenshot successfully
[[ATTACHMENT|D:\\Test\\AgileTest\\Reports\\HIC\\hic\\20200309_233514\\../Screenshots/iPhone X/HIC/Dental/USA Access/20200309_234408/9.png]]

2020-03-09 23:46:35 - [TEST_STEP][PASSED] - (internal.GlobalVariable.i++): null

2020-03-09 23:46:35 - [MESSAGE][PASSED] - Call Test Case 'Test Cases/AHI/_include/get_screenshot' successfully

2020-03-09 23:46:35 - [MESSAGE][PASSED] - Call Test Case 'Test Cases/AHI/_include/goToEnd_dental' successfully]]></system-out>
         <system-err><![CDATA[]]></system-err>
      </testcase>
      <testcase name="Test Cases/HIC/New/HBI" classname="Test Cases/HIC/New/HBI" status="PASSED">
         <system-out><![CDATA[2020-03-09 23:46:35 - [TEST_CASE][PASSED] - Test Cases/HIC/New/HBI: Test Cases/HIC/New/HBI

2020-03-09 23:46:36 - [TEST_STEP][PASSED] - callTestCase(findTestCase("HIC/_include/get_hicScreenPath"), ["project":"HIC", "productLine":"HBI", "carrierName":"HBI"], CONTINUE_ON_FAILURE): Call Test Case 'Test Cases/HIC/_include/get_hicScreenPath' successfully

2020-03-09 23:46:36 - [TEST_CASE][PASSED] - Test Cases/HIC/_include/get_hicScreenPath: Test Cases/HIC/_include/get_hicScreenPath

2020-03-09 23:46:36 - [TEST_STEP][PASSED] - m = getExecutionProperties(): null

2020-03-09 23:46:36 - [TEST_STEP][PASSED] - deviceName = get("mobileEmulation").get("deviceName"): null

2020-03-09 23:46:36 - [TEST_STEP][PASSED] - println(deviceName): null

2020-03-09 23:46:36 - [TEST_STEP][PASSED] - now = new java.util.Date(): null

2020-03-09 23:46:36 - [TEST_STEP][PASSED] - mydate = now.format("yyyyMMdd_HHmmss"): null

2020-03-09 23:46:36 - [TEST_STEP][PASSED] - screenPath = "../Screenshots/": null

2020-03-09 23:46:36 - [TEST_STEP][PASSED] - screenPath = screenPath + deviceName + "/" + project + "/" + productLine + "/" + carrierName + "/" + mydate + "/": null

2020-03-09 23:46:36 - [TEST_STEP][PASSED] - println(screenPath): null

2020-03-09 23:46:36 - [MESSAGE][PASSED] - Call Test Case 'Test Cases/HIC/_include/get_hicScreenPath' successfully

2020-03-09 23:46:36 - [TEST_STEP][PASSED] - i = 0: null

2020-03-09 23:46:36 - [TEST_STEP][PASSED] - callTestCase(findTestCase("AHI/_include/openWebSite"), ["env":env], CONTINUE_ON_FAILURE): Call Test Case 'Test Cases/AHI/_include/openWebSite' successfully

2020-03-09 23:46:36 - [TEST_CASE][PASSED] - Test Cases/AHI/_include/openWebSite: Test Cases/AHI/_include/openWebSite

2020-03-09 23:46:36 - [TEST_STEP][PASSED] - openBrowser(env): Browser is opened with url: 'https://qa.healthinsurance.com'

2020-03-09 23:46:36 - [MESSAGE][WARNING] - A browser is already opened. Closing browser and opening a new one

2020-03-09 23:46:36 - [MESSAGE][INFO] - Starting 'Chrome' driver

2020-03-09 23:46:36 - [MESSAGE][INFO] - User set preference: ['mobileEmulation', '{deviceName=iPhone X}']

2020-03-09 23:46:36 - [MESSAGE][INFO] - User set preference: ['args', '[--incognito, --aggressive-cache-discard, --no-sandbox, --window-size=375,812, --ignore-certificate-errors]']

2020-03-09 23:46:39 - [MESSAGE][PASSED] - Browser is opened with url: 'https://qa.healthinsurance.com'

2020-03-09 23:46:39 - [TEST_STEP][PASSED] - waitForPageLoad(20): Wait for page load successfully

2020-03-09 23:46:39 - [MESSAGE][PASSED] - Wait for page load successfully

2020-03-09 23:46:39 - [TEST_STEP][PASSED] - callTestCase(findTestCase("AHI/_include/get_screenshot"), [:], STOP_ON_FAILURE): Call Test Case 'Test Cases/AHI/_include/get_screenshot' successfully

2020-03-09 23:46:39 - [TEST_CASE][PASSED] - Test Cases/AHI/_include/get_screenshot: Test Cases/AHI/_include/get_screenshot

2020-03-09 23:46:39 - [TEST_STEP][PASSED] - Thread.sleep(1000): null

2020-03-09 23:46:40 - [TEST_STEP][PASSED] - takeScreenshot(screenPath + i + ".png"): Taking screenshot successfully

2020-03-09 23:46:40 - [MESSAGE][PASSED] - Taking screenshot successfully
[[ATTACHMENT|D:\\Test\\AgileTest\\Reports\\HIC\\hic\\20200309_233514\\../Screenshots/iPhone X/HIC/HBI/HBI/20200309_234636/0.png]]

2020-03-09 23:46:40 - [TEST_STEP][PASSED] - (internal.GlobalVariable.i++): null

2020-03-09 23:46:40 - [MESSAGE][PASSED] - Call Test Case 'Test Cases/AHI/_include/get_screenshot' successfully

2020-03-09 23:46:40 - [MESSAGE][PASSED] - Call Test Case 'Test Cases/AHI/_include/openWebSite' successfully

2020-03-09 23:46:40 - [TEST_STEP][PASSED] - driver = getWebDriver(): null

2020-03-09 23:46:40 - [TEST_STEP][PASSED] - baseUrl = env: null

2020-03-09 23:46:40 - [TEST_STEP][PASSED] - selenium = new com.thoughtworks.selenium.webdriven.WebDriverBackedSelenium(driver, baseUrl): null

2020-03-09 23:46:40 - [TEST_STEP][PASSED] - selenium.click("id=product-lines"): null

2020-03-09 23:46:40 - [TEST_STEP][PASSED] - selenium.click("//*[@id='product-lines']/following::div/button[contains(text(),'Hospital Indemnity Plans')]"): null

2020-03-09 23:46:40 - [TEST_STEP][PASSED] - selenium.click("//button[contains(text(),'COMPARE HEALTHPLANS')]"): null

2020-03-09 23:46:41 - [TEST_STEP][PASSED] - for ([second = 0, second < 10, (second++)]): null

2020-03-09 23:46:41 - [TEST_STEP][PASSED] - try: null

2020-03-09 23:46:41 - [TEST_STEP][PASSED] - if (selenium.isElementPresent("xpath=//button[contains(text(),'GET QUOTES')]")): null

2020-03-09 23:46:41 - [TEST_STEP][PASSED] - Thread.sleep(1000): null

2020-03-09 23:46:42 - [TEST_STEP][PASSED] - try: null

2020-03-09 23:46:42 - [TEST_STEP][PASSED] - if (selenium.isElementPresent("xpath=//button[contains(text(),'GET QUOTES')]")): null

2020-03-09 23:46:42 - [TEST_STEP][PASSED] - break: null

2020-03-09 23:46:42 - [TEST_STEP][PASSED] - callTestCase(findTestCase("AHI/_include/get_screenshot"), [:], STOP_ON_FAILURE): Call Test Case 'Test Cases/AHI/_include/get_screenshot' successfully

2020-03-09 23:46:42 - [TEST_CASE][PASSED] - Test Cases/AHI/_include/get_screenshot: Test Cases/AHI/_include/get_screenshot

2020-03-09 23:46:42 - [TEST_STEP][PASSED] - Thread.sleep(1000): null

2020-03-09 23:46:43 - [TEST_STEP][PASSED] - takeScreenshot(screenPath + i + ".png"): Taking screenshot successfully

2020-03-09 23:46:43 - [MESSAGE][PASSED] - Taking screenshot successfully
[[ATTACHMENT|D:\\Test\\AgileTest\\Reports\\HIC\\hic\\20200309_233514\\../Screenshots/iPhone X/HIC/HBI/HBI/20200309_234636/1.png]]

2020-03-09 23:46:43 - [TEST_STEP][PASSED] - (internal.GlobalVariable.i++): null

2020-03-09 23:46:43 - [MESSAGE][PASSED] - Call Test Case 'Test Cases/AHI/_include/get_screenshot' successfully

2020-03-09 23:46:43 - [TEST_STEP][PASSED] - selenium.click("xpath=//button[contains(text(),'GET QUOTES')]"): null

2020-03-09 23:46:44 - [TEST_STEP][PASSED] - Thread.sleep(3000): null

2020-03-09 23:46:47 - [TEST_STEP][PASSED] - selenium.selectWindow("HealthInsurance.net | Get a Quote"): null

2020-03-09 23:46:48 - [TEST_STEP][PASSED] - Thread.sleep(3000): null

2020-03-09 23:46:51 - [TEST_STEP][PASSED] - callTestCase(findTestCase("AHI/_include/get_screenshot"), [:], STOP_ON_FAILURE): Call Test Case 'Test Cases/AHI/_include/get_screenshot' successfully

2020-03-09 23:46:51 - [TEST_CASE][PASSED] - Test Cases/AHI/_include/get_screenshot: Test Cases/AHI/_include/get_screenshot

2020-03-09 23:46:51 - [TEST_STEP][PASSED] - Thread.sleep(1000): null

2020-03-09 23:46:52 - [TEST_STEP][PASSED] - takeScreenshot(screenPath + i + ".png"): Taking screenshot successfully

2020-03-09 23:46:53 - [MESSAGE][PASSED] - Taking screenshot successfully
[[ATTACHMENT|D:\\Test\\AgileTest\\Reports\\HIC\\hic\\20200309_233514\\../Screenshots/iPhone X/HIC/HBI/HBI/20200309_234636/2.png]]

2020-03-09 23:46:53 - [TEST_STEP][PASSED] - (internal.GlobalVariable.i++): null

2020-03-09 23:46:53 - [MESSAGE][PASSED] - Call Test Case 'Test Cases/AHI/_include/get_screenshot' successfully]]></system-out>
         <system-err><![CDATA[]]></system-err>
      </testcase>
      <testcase name="Test Cases/HIC/New/Medicare" classname="Test Cases/HIC/New/Medicare" status="PASSED">
         <system-out><![CDATA[2020-03-09 23:46:53 - [TEST_CASE][PASSED] - Test Cases/HIC/New/Medicare: Test Cases/HIC/New/Medicare

2020-03-09 23:46:53 - [TEST_STEP][PASSED] - callTestCase(findTestCase("HIC/_include/get_hicScreenPath"), ["project":"HIC", "productLine":"Medicare", "carrierName":"Medicare"], CONTINUE_ON_FAILURE): Call Test Case 'Test Cases/HIC/_include/get_hicScreenPath' successfully

2020-03-09 23:46:53 - [TEST_CASE][PASSED] - Test Cases/HIC/_include/get_hicScreenPath: Test Cases/HIC/_include/get_hicScreenPath

2020-03-09 23:46:53 - [TEST_STEP][PASSED] - m = getExecutionProperties(): null

2020-03-09 23:46:53 - [TEST_STEP][PASSED] - deviceName = get("mobileEmulation").get("deviceName"): null

2020-03-09 23:46:53 - [TEST_STEP][PASSED] - println(deviceName): null

2020-03-09 23:46:53 - [TEST_STEP][PASSED] - now = new java.util.Date(): null

2020-03-09 23:46:53 - [TEST_STEP][PASSED] - mydate = now.format("yyyyMMdd_HHmmss"): null

2020-03-09 23:46:53 - [TEST_STEP][PASSED] - screenPath = "../Screenshots/": null

2020-03-09 23:46:53 - [TEST_STEP][PASSED] - screenPath = screenPath + deviceName + "/" + project + "/" + productLine + "/" + carrierName + "/" + mydate + "/": null

2020-03-09 23:46:53 - [TEST_STEP][PASSED] - println(screenPath): null

2020-03-09 23:46:53 - [MESSAGE][PASSED] - Call Test Case 'Test Cases/HIC/_include/get_hicScreenPath' successfully

2020-03-09 23:46:53 - [TEST_STEP][PASSED] - i = 0: null

2020-03-09 23:46:53 - [TEST_STEP][PASSED] - callTestCase(findTestCase("AHI/_include/openWebSite"), ["env":env], CONTINUE_ON_FAILURE): Call Test Case 'Test Cases/AHI/_include/openWebSite' successfully

2020-03-09 23:46:53 - [TEST_CASE][PASSED] - Test Cases/AHI/_include/openWebSite: Test Cases/AHI/_include/openWebSite

2020-03-09 23:46:53 - [TEST_STEP][PASSED] - openBrowser(env): Browser is opened with url: 'https://qa.healthinsurance.com/'

2020-03-09 23:46:53 - [MESSAGE][WARNING] - A browser is already opened. Closing browser and opening a new one

2020-03-09 23:46:54 - [MESSAGE][INFO] - Starting 'Chrome' driver

2020-03-09 23:46:54 - [MESSAGE][INFO] - User set preference: ['mobileEmulation', '{deviceName=iPhone X}']

2020-03-09 23:46:54 - [MESSAGE][INFO] - User set preference: ['args', '[--incognito, --aggressive-cache-discard, --no-sandbox, --window-size=375,812, --ignore-certificate-errors]']

2020-03-09 23:46:56 - [MESSAGE][PASSED] - Browser is opened with url: 'https://qa.healthinsurance.com/'

2020-03-09 23:46:56 - [TEST_STEP][PASSED] - waitForPageLoad(20): Wait for page load successfully

2020-03-09 23:46:56 - [MESSAGE][PASSED] - Wait for page load successfully

2020-03-09 23:46:56 - [TEST_STEP][PASSED] - callTestCase(findTestCase("AHI/_include/get_screenshot"), [:], STOP_ON_FAILURE): Call Test Case 'Test Cases/AHI/_include/get_screenshot' successfully

2020-03-09 23:46:56 - [TEST_CASE][PASSED] - Test Cases/AHI/_include/get_screenshot: Test Cases/AHI/_include/get_screenshot

2020-03-09 23:46:56 - [TEST_STEP][PASSED] - Thread.sleep(1000): null

2020-03-09 23:46:57 - [TEST_STEP][PASSED] - takeScreenshot(screenPath + i + ".png"): Taking screenshot successfully

2020-03-09 23:46:57 - [MESSAGE][PASSED] - Taking screenshot successfully
[[ATTACHMENT|D:\\Test\\AgileTest\\Reports\\HIC\\hic\\20200309_233514\\../Screenshots/iPhone X/HIC/Medicare/Medicare/20200309_234653/0.png]]

2020-03-09 23:46:57 - [TEST_STEP][PASSED] - (internal.GlobalVariable.i++): null

2020-03-09 23:46:57 - [MESSAGE][PASSED] - Call Test Case 'Test Cases/AHI/_include/get_screenshot' successfully

2020-03-09 23:46:57 - [MESSAGE][PASSED] - Call Test Case 'Test Cases/AHI/_include/openWebSite' successfully

2020-03-09 23:46:57 - [TEST_STEP][PASSED] - driver = getWebDriver(): null

2020-03-09 23:46:57 - [TEST_STEP][PASSED] - baseUrl = env: null

2020-03-09 23:46:57 - [TEST_STEP][PASSED] - selenium = new com.thoughtworks.selenium.webdriven.WebDriverBackedSelenium(driver, baseUrl): null

2020-03-09 23:46:57 - [TEST_STEP][PASSED] - selenium.click("//button[contains(text(),'COMPARE HEALTHPLANS')]"): null

2020-03-09 23:46:57 - [TEST_STEP][PASSED] - for ([second = 0, second < 10, (second++)]): null

2020-03-09 23:46:57 - [TEST_STEP][PASSED] - try: null

2020-03-09 23:46:57 - [TEST_STEP][PASSED] - if (selenium.isElementPresent("id=zip")): null

2020-03-09 23:46:57 - [TEST_STEP][PASSED] - Thread.sleep(1000): null

2020-03-09 23:46:58 - [TEST_STEP][PASSED] - try: null

2020-03-09 23:46:58 - [TEST_STEP][PASSED] - if (selenium.isElementPresent("id=zip")): null

2020-03-09 23:46:59 - [TEST_STEP][PASSED] - break: null

2020-03-09 23:46:59 - [TEST_STEP][PASSED] - callTestCase(findTestCase("AHI/_include/get_screenshot"), [:], STOP_ON_FAILURE): Call Test Case 'Test Cases/AHI/_include/get_screenshot' successfully

2020-03-09 23:46:59 - [TEST_CASE][PASSED] - Test Cases/AHI/_include/get_screenshot: Test Cases/AHI/_include/get_screenshot

2020-03-09 23:46:59 - [TEST_STEP][PASSED] - Thread.sleep(1000): null

2020-03-09 23:47:00 - [TEST_STEP][PASSED] - takeScreenshot(screenPath + i + ".png"): Taking screenshot successfully

2020-03-09 23:47:00 - [MESSAGE][PASSED] - Taking screenshot successfully
[[ATTACHMENT|D:\\Test\\AgileTest\\Reports\\HIC\\hic\\20200309_233514\\../Screenshots/iPhone X/HIC/Medicare/Medicare/20200309_234653/1.png]]

2020-03-09 23:47:00 - [TEST_STEP][PASSED] - (internal.GlobalVariable.i++): null

2020-03-09 23:47:00 - [MESSAGE][PASSED] - Call Test Case 'Test Cases/AHI/_include/get_screenshot' successfully

2020-03-09 23:47:00 - [TEST_STEP][PASSED] - setText(findTestObject("hic/medicare/zip"), "33186"): Text '33186' is set on object 'Object Repository/hic/medicare/zip'

2020-03-09 23:47:01 - [MESSAGE][PASSED] - Text '33186' is set on object 'Object Repository/hic/medicare/zip'

2020-03-09 23:47:01 - [TEST_STEP][PASSED] - Thread.sleep(3000): null

2020-03-09 23:47:04 - [TEST_STEP][PASSED] - selenium.click("//button[contains(text(),'Compare Plans')]"): null

2020-03-09 23:47:06 - [TEST_STEP][PASSED] - for ([second = 0, second < 10, (second++)]): null

2020-03-09 23:47:06 - [TEST_STEP][PASSED] - try: null

2020-03-09 23:47:06 - [TEST_STEP][PASSED] - if (selenium.isElementPresent("id=planTypeSelect")): null

2020-03-09 23:47:06 - [TEST_STEP][PASSED] - Thread.sleep(1000): null

2020-03-09 23:47:07 - [TEST_STEP][PASSED] - try: null

2020-03-09 23:47:07 - [TEST_STEP][PASSED] - if (selenium.isElementPresent("id=planTypeSelect")): null

2020-03-09 23:47:07 - [TEST_STEP][PASSED] - Thread.sleep(1000): null

2020-03-09 23:47:08 - [TEST_STEP][PASSED] - try: null

2020-03-09 23:47:08 - [TEST_STEP][PASSED] - if (selenium.isElementPresent("id=planTypeSelect")): null

2020-03-09 23:47:08 - [TEST_STEP][PASSED] - Thread.sleep(1000): null

2020-03-09 23:47:09 - [TEST_STEP][PASSED] - try: null

2020-03-09 23:47:09 - [TEST_STEP][PASSED] - if (selenium.isElementPresent("id=planTypeSelect")): null

2020-03-09 23:47:10 - [TEST_STEP][PASSED] - Thread.sleep(1000): null

2020-03-09 23:47:11 - [TEST_STEP][PASSED] - try: null

2020-03-09 23:47:11 - [TEST_STEP][PASSED] - if (selenium.isElementPresent("id=planTypeSelect")): null

2020-03-09 23:47:11 - [TEST_STEP][PASSED] - Thread.sleep(1000): null

2020-03-09 23:47:12 - [TEST_STEP][PASSED] - try: null

2020-03-09 23:47:12 - [TEST_STEP][PASSED] - if (selenium.isElementPresent("id=planTypeSelect")): null

2020-03-09 23:47:12 - [TEST_STEP][PASSED] - Thread.sleep(1000): null

2020-03-09 23:47:13 - [TEST_STEP][PASSED] - try: null

2020-03-09 23:47:13 - [TEST_STEP][PASSED] - if (selenium.isElementPresent("id=planTypeSelect")): null

2020-03-09 23:47:13 - [TEST_STEP][PASSED] - Thread.sleep(1000): null

2020-03-09 23:47:14 - [TEST_STEP][PASSED] - try: null

2020-03-09 23:47:14 - [TEST_STEP][PASSED] - if (selenium.isElementPresent("id=planTypeSelect")): null

2020-03-09 23:47:14 - [TEST_STEP][PASSED] - Thread.sleep(1000): null

2020-03-09 23:47:15 - [TEST_STEP][PASSED] - try: null

2020-03-09 23:47:15 - [TEST_STEP][PASSED] - if (selenium.isElementPresent("id=planTypeSelect")): null

2020-03-09 23:47:15 - [TEST_STEP][PASSED] - Thread.sleep(1000): null

2020-03-09 23:47:16 - [TEST_STEP][PASSED] - try: null

2020-03-09 23:47:16 - [TEST_STEP][PASSED] - if (selenium.isElementPresent("id=planTypeSelect")): null

2020-03-09 23:47:16 - [TEST_STEP][PASSED] - Thread.sleep(1000): null

2020-03-09 23:47:17 - [TEST_STEP][PASSED] - callTestCase(findTestCase("AHI/_include/get_screenshot"), [:], STOP_ON_FAILURE): Call Test Case 'Test Cases/AHI/_include/get_screenshot' successfully

2020-03-09 23:47:17 - [TEST_CASE][PASSED] - Test Cases/AHI/_include/get_screenshot: Test Cases/AHI/_include/get_screenshot

2020-03-09 23:47:17 - [TEST_STEP][PASSED] - Thread.sleep(1000): null

2020-03-09 23:47:18 - [TEST_STEP][PASSED] - takeScreenshot(screenPath + i + ".png"): Taking screenshot successfully

2020-03-09 23:47:18 - [MESSAGE][PASSED] - Taking screenshot successfully
[[ATTACHMENT|D:\\Test\\AgileTest\\Reports\\HIC\\hic\\20200309_233514\\../Screenshots/iPhone X/HIC/Medicare/Medicare/20200309_234653/2.png]]

2020-03-09 23:47:18 - [TEST_STEP][PASSED] - (internal.GlobalVariable.i++): null

2020-03-09 23:47:18 - [MESSAGE][PASSED] - Call Test Case 'Test Cases/AHI/_include/get_screenshot' successfully]]></system-out>
         <system-err><![CDATA[]]></system-err>
      </testcase>
      <testcase name="Test Cases/HIC/New/Pet" classname="Test Cases/HIC/New/Pet" status="PASSED">
         <system-out><![CDATA[2020-03-09 23:47:18 - [TEST_CASE][PASSED] - Test Cases/HIC/New/Pet: Test Cases/HIC/New/Pet

2020-03-09 23:47:19 - [TEST_STEP][PASSED] - callTestCase(findTestCase("HIC/_include/get_hicScreenPath"), ["project":"HIC", "productLine":"Pet", "carrierName":"Pet"], CONTINUE_ON_FAILURE): Call Test Case 'Test Cases/HIC/_include/get_hicScreenPath' successfully

2020-03-09 23:47:19 - [TEST_CASE][PASSED] - Test Cases/HIC/_include/get_hicScreenPath: Test Cases/HIC/_include/get_hicScreenPath

2020-03-09 23:47:19 - [TEST_STEP][PASSED] - m = getExecutionProperties(): null

2020-03-09 23:47:19 - [TEST_STEP][PASSED] - deviceName = get("mobileEmulation").get("deviceName"): null

2020-03-09 23:47:19 - [TEST_STEP][PASSED] - println(deviceName): null

2020-03-09 23:47:19 - [TEST_STEP][PASSED] - now = new java.util.Date(): null

2020-03-09 23:47:19 - [TEST_STEP][PASSED] - mydate = now.format("yyyyMMdd_HHmmss"): null

2020-03-09 23:47:19 - [TEST_STEP][PASSED] - screenPath = "../Screenshots/": null

2020-03-09 23:47:19 - [TEST_STEP][PASSED] - screenPath = screenPath + deviceName + "/" + project + "/" + productLine + "/" + carrierName + "/" + mydate + "/": null

2020-03-09 23:47:19 - [TEST_STEP][PASSED] - println(screenPath): null

2020-03-09 23:47:19 - [MESSAGE][PASSED] - Call Test Case 'Test Cases/HIC/_include/get_hicScreenPath' successfully

2020-03-09 23:47:19 - [TEST_STEP][PASSED] - i = 0: null

2020-03-09 23:47:19 - [TEST_STEP][PASSED] - callTestCase(findTestCase("AHI/_include/openWebSite"), ["env":env], CONTINUE_ON_FAILURE): Call Test Case 'Test Cases/AHI/_include/openWebSite' successfully

2020-03-09 23:47:19 - [TEST_CASE][PASSED] - Test Cases/AHI/_include/openWebSite: Test Cases/AHI/_include/openWebSite

2020-03-09 23:47:19 - [TEST_STEP][PASSED] - openBrowser(env): Browser is opened with url: 'https://qa.healthinsurance.com'

2020-03-09 23:47:19 - [MESSAGE][WARNING] - A browser is already opened. Closing browser and opening a new one

2020-03-09 23:47:20 - [MESSAGE][INFO] - Starting 'Chrome' driver

2020-03-09 23:47:20 - [MESSAGE][INFO] - User set preference: ['mobileEmulation', '{deviceName=iPhone X}']

2020-03-09 23:47:20 - [MESSAGE][INFO] - User set preference: ['args', '[--incognito, --aggressive-cache-discard, --no-sandbox, --window-size=375,812, --ignore-certificate-errors]']

2020-03-09 23:47:22 - [MESSAGE][PASSED] - Browser is opened with url: 'https://qa.healthinsurance.com'

2020-03-09 23:47:22 - [TEST_STEP][PASSED] - waitForPageLoad(20): Wait for page load successfully

2020-03-09 23:47:22 - [MESSAGE][PASSED] - Wait for page load successfully

2020-03-09 23:47:22 - [TEST_STEP][PASSED] - callTestCase(findTestCase("AHI/_include/get_screenshot"), [:], STOP_ON_FAILURE): Call Test Case 'Test Cases/AHI/_include/get_screenshot' successfully

2020-03-09 23:47:22 - [TEST_CASE][PASSED] - Test Cases/AHI/_include/get_screenshot: Test Cases/AHI/_include/get_screenshot

2020-03-09 23:47:22 - [TEST_STEP][PASSED] - Thread.sleep(1000): null

2020-03-09 23:47:23 - [TEST_STEP][PASSED] - takeScreenshot(screenPath + i + ".png"): Taking screenshot successfully

2020-03-09 23:47:24 - [MESSAGE][PASSED] - Taking screenshot successfully
[[ATTACHMENT|D:\\Test\\AgileTest\\Reports\\HIC\\hic\\20200309_233514\\../Screenshots/iPhone X/HIC/Pet/Pet/20200309_234719/0.png]]

2020-03-09 23:47:24 - [TEST_STEP][PASSED] - (internal.GlobalVariable.i++): null

2020-03-09 23:47:24 - [MESSAGE][PASSED] - Call Test Case 'Test Cases/AHI/_include/get_screenshot' successfully

2020-03-09 23:47:24 - [MESSAGE][PASSED] - Call Test Case 'Test Cases/AHI/_include/openWebSite' successfully

2020-03-09 23:47:24 - [TEST_STEP][PASSED] - driver = getWebDriver(): null

2020-03-09 23:47:24 - [TEST_STEP][PASSED] - baseUrl = env: null

2020-03-09 23:47:24 - [TEST_STEP][PASSED] - selenium = new com.thoughtworks.selenium.webdriven.WebDriverBackedSelenium(driver, baseUrl): null

2020-03-09 23:47:24 - [TEST_STEP][PASSED] - selenium.click("id=product-lines"): null

2020-03-09 23:47:24 - [TEST_STEP][PASSED] - selenium.click("//*[@id='product-lines']/following::div/button[contains(text(),'Pet Insurance')]"): null

2020-03-09 23:47:24 - [TEST_STEP][PASSED] - selenium.click("//button[contains(text(),'COMPARE HEALTHPLANS')]"): null

2020-03-09 23:47:25 - [TEST_STEP][PASSED] - for ([second = 0, second < 20, (second++)]): null

2020-03-09 23:47:25 - [TEST_STEP][PASSED] - try: null

2020-03-09 23:47:25 - [TEST_STEP][PASSED] - if (selenium.isElementPresent("id=zip-input")): null

2020-03-09 23:47:26 - [TEST_STEP][PASSED] - break: null

2020-03-09 23:47:26 - [TEST_STEP][PASSED] - callTestCase(findTestCase("AHI/_include/get_screenshot"), [:], STOP_ON_FAILURE): Call Test Case 'Test Cases/AHI/_include/get_screenshot' successfully

2020-03-09 23:47:26 - [TEST_CASE][PASSED] - Test Cases/AHI/_include/get_screenshot: Test Cases/AHI/_include/get_screenshot

2020-03-09 23:47:26 - [TEST_STEP][PASSED] - Thread.sleep(1000): null

2020-03-09 23:47:27 - [TEST_STEP][PASSED] - takeScreenshot(screenPath + i + ".png"): Taking screenshot successfully

2020-03-09 23:47:29 - [MESSAGE][PASSED] - Taking screenshot successfully
[[ATTACHMENT|D:\\Test\\AgileTest\\Reports\\HIC\\hic\\20200309_233514\\../Screenshots/iPhone X/HIC/Pet/Pet/20200309_234719/1.png]]

2020-03-09 23:47:29 - [TEST_STEP][PASSED] - (internal.GlobalVariable.i++): null

2020-03-09 23:47:29 - [MESSAGE][PASSED] - Call Test Case 'Test Cases/AHI/_include/get_screenshot' successfully

2020-03-09 23:47:29 - [TEST_STEP][PASSED] - sendKeys(findTestObject("mobileSanity/Cancer Insurance/zip"), "35216"): Keys '35216' sent to object: 'Object Repository/mobileSanity/Cancer Insurance/zip'

2020-03-09 23:47:29 - [MESSAGE][PASSED] - Keys '35216' sent to object: 'Object Repository/mobileSanity/Cancer Insurance/zip'

2020-03-09 23:47:29 - [TEST_STEP][PASSED] - Thread.sleep(3000): null

2020-03-09 23:47:32 - [TEST_STEP][PASSED] - selenium.click("id=js-see-plans"): null

2020-03-09 23:47:32 - [TEST_STEP][PASSED] - for ([second = 0, second < 20, (second++)]): null

2020-03-09 23:47:32 - [TEST_STEP][PASSED] - try: null

2020-03-09 23:47:32 - [TEST_STEP][PASSED] - if (selenium.isElementPresent("id=name-input")): null

2020-03-09 23:47:33 - [TEST_STEP][PASSED] - Thread.sleep(1000): null

2020-03-09 23:47:34 - [TEST_STEP][PASSED] - try: null

2020-03-09 23:47:34 - [TEST_STEP][PASSED] - if (selenium.isElementPresent("id=name-input")): null

2020-03-09 23:47:34 - [TEST_STEP][PASSED] - break: null

2020-03-09 23:47:34 - [TEST_STEP][PASSED] - callTestCase(findTestCase("AHI/_include/get_screenshot"), [:], STOP_ON_FAILURE): Call Test Case 'Test Cases/AHI/_include/get_screenshot' successfully

2020-03-09 23:47:34 - [TEST_CASE][PASSED] - Test Cases/AHI/_include/get_screenshot: Test Cases/AHI/_include/get_screenshot

2020-03-09 23:47:34 - [TEST_STEP][PASSED] - Thread.sleep(1000): null

2020-03-09 23:47:35 - [TEST_STEP][PASSED] - takeScreenshot(screenPath + i + ".png"): Taking screenshot successfully

2020-03-09 23:47:35 - [MESSAGE][PASSED] - Taking screenshot successfully
[[ATTACHMENT|D:\\Test\\AgileTest\\Reports\\HIC\\hic\\20200309_233514\\../Screenshots/iPhone X/HIC/Pet/Pet/20200309_234719/2.png]]

2020-03-09 23:47:35 - [TEST_STEP][PASSED] - (internal.GlobalVariable.i++): null

2020-03-09 23:47:35 - [MESSAGE][PASSED] - Call Test Case 'Test Cases/AHI/_include/get_screenshot' successfully

2020-03-09 23:47:35 - [TEST_STEP][PASSED] - setText(findTestObject("mobileSanity/Pet Insurance/name-input"), "Test cat"): Text 'Test cat' is set on object 'Object Repository/mobileSanity/Pet Insurance/name-input'

2020-03-09 23:47:35 - [MESSAGE][PASSED] - Text 'Test cat' is set on object 'Object Repository/mobileSanity/Pet Insurance/name-input'

2020-03-09 23:47:35 - [TEST_STEP][PASSED] - selenium.click("id=js-continue"): null

2020-03-09 23:47:36 - [TEST_STEP][PASSED] - for ([second = 0, second < 20, (second++)]): null

2020-03-09 23:47:36 - [TEST_STEP][PASSED] - try: null

2020-03-09 23:47:36 - [TEST_STEP][PASSED] - if (selenium.isElementPresent("xpath=//label[@for='p-cat']")): null

2020-03-09 23:47:36 - [TEST_STEP][PASSED] - Thread.sleep(1000): null

2020-03-09 23:47:37 - [TEST_STEP][PASSED] - try: null

2020-03-09 23:47:37 - [TEST_STEP][PASSED] - if (selenium.isElementPresent("xpath=//label[@for='p-cat']")): null

2020-03-09 23:47:37 - [TEST_STEP][PASSED] - break: null

2020-03-09 23:47:37 - [TEST_STEP][PASSED] - callTestCase(findTestCase("AHI/_include/get_screenshot"), [:], STOP_ON_FAILURE): Call Test Case 'Test Cases/AHI/_include/get_screenshot' successfully

2020-03-09 23:47:37 - [TEST_CASE][PASSED] - Test Cases/AHI/_include/get_screenshot: Test Cases/AHI/_include/get_screenshot

2020-03-09 23:47:37 - [TEST_STEP][PASSED] - Thread.sleep(1000): null

2020-03-09 23:47:38 - [TEST_STEP][PASSED] - takeScreenshot(screenPath + i + ".png"): Taking screenshot successfully

2020-03-09 23:47:38 - [MESSAGE][PASSED] - Taking screenshot successfully
[[ATTACHMENT|D:\\Test\\AgileTest\\Reports\\HIC\\hic\\20200309_233514\\../Screenshots/iPhone X/HIC/Pet/Pet/20200309_234719/3.png]]

2020-03-09 23:47:38 - [TEST_STEP][PASSED] - (internal.GlobalVariable.i++): null

2020-03-09 23:47:38 - [MESSAGE][PASSED] - Call Test Case 'Test Cases/AHI/_include/get_screenshot' successfully

2020-03-09 23:47:38 - [TEST_STEP][PASSED] - selenium.click("//label[@for='p-cat']"): null

2020-03-09 23:47:38 - [TEST_STEP][PASSED] - for ([second = 0, second < 20, (second++)]): null

2020-03-09 23:47:38 - [TEST_STEP][PASSED] - try: null

2020-03-09 23:47:38 - [TEST_STEP][PASSED] - if (selenium.isElementPresent("id=dob-mm-input")): null

2020-03-09 23:47:38 - [TEST_STEP][PASSED] - Thread.sleep(1000): null

2020-03-09 23:47:39 - [TEST_STEP][PASSED] - try: null

2020-03-09 23:47:39 - [TEST_STEP][PASSED] - if (selenium.isElementPresent("id=dob-mm-input")): null

2020-03-09 23:47:40 - [TEST_STEP][PASSED] - break: null

2020-03-09 23:47:40 - [TEST_STEP][PASSED] - callTestCase(findTestCase("AHI/_include/get_screenshot"), [:], STOP_ON_FAILURE): Call Test Case 'Test Cases/AHI/_include/get_screenshot' successfully

2020-03-09 23:47:40 - [TEST_CASE][PASSED] - Test Cases/AHI/_include/get_screenshot: Test Cases/AHI/_include/get_screenshot

2020-03-09 23:47:40 - [TEST_STEP][PASSED] - Thread.sleep(1000): null

2020-03-09 23:47:41 - [TEST_STEP][PASSED] - takeScreenshot(screenPath + i + ".png"): Taking screenshot successfully

2020-03-09 23:47:41 - [MESSAGE][PASSED] - Taking screenshot successfully
[[ATTACHMENT|D:\\Test\\AgileTest\\Reports\\HIC\\hic\\20200309_233514\\../Screenshots/iPhone X/HIC/Pet/Pet/20200309_234719/4.png]]

2020-03-09 23:47:41 - [TEST_STEP][PASSED] - (internal.GlobalVariable.i++): null

2020-03-09 23:47:41 - [MESSAGE][PASSED] - Call Test Case 'Test Cases/AHI/_include/get_screenshot' successfully

2020-03-09 23:47:41 - [TEST_STEP][PASSED] - setText(findTestObject("mobileSanity/Pet Insurance/dob-mm-input"), "01"): Text '01' is set on object 'Object Repository/mobileSanity/Pet Insurance/dob-mm-input'

2020-03-09 23:47:41 - [MESSAGE][PASSED] - Text '01' is set on object 'Object Repository/mobileSanity/Pet Insurance/dob-mm-input'

2020-03-09 23:47:41 - [TEST_STEP][PASSED] - setText(findTestObject("mobileSanity/Pet Insurance/dob-dd-input"), "01"): Text '01' is set on object 'Object Repository/mobileSanity/Pet Insurance/dob-dd-input'

2020-03-09 23:47:41 - [MESSAGE][PASSED] - Text '01' is set on object 'Object Repository/mobileSanity/Pet Insurance/dob-dd-input'

2020-03-09 23:47:41 - [TEST_STEP][PASSED] - setText(findTestObject("mobileSanity/Pet Insurance/dob-yyyy-input"), "2016"): Text '2016' is set on object 'Object Repository/mobileSanity/Pet Insurance/dob-yyyy-input'

2020-03-09 23:47:42 - [MESSAGE][PASSED] - Text '2016' is set on object 'Object Repository/mobileSanity/Pet Insurance/dob-yyyy-input'

2020-03-09 23:47:42 - [TEST_STEP][PASSED] - for ([second = 0, second < 20, (second++)]): null

2020-03-09 23:47:42 - [TEST_STEP][PASSED] - try: null

2020-03-09 23:47:42 - [TEST_STEP][PASSED] - if (selenium.isElementPresent("xpath=//label[@for='p-no']")): null

2020-03-09 23:47:42 - [TEST_STEP][PASSED] - Thread.sleep(1000): null

2020-03-09 23:47:43 - [TEST_STEP][PASSED] - try: null

2020-03-09 23:47:43 - [TEST_STEP][PASSED] - if (selenium.isElementPresent("xpath=//label[@for='p-no']")): null

2020-03-09 23:47:43 - [TEST_STEP][PASSED] - break: null

2020-03-09 23:47:43 - [TEST_STEP][PASSED] - callTestCase(findTestCase("AHI/_include/get_screenshot"), [:], STOP_ON_FAILURE): Call Test Case 'Test Cases/AHI/_include/get_screenshot' successfully

2020-03-09 23:47:43 - [TEST_CASE][PASSED] - Test Cases/AHI/_include/get_screenshot: Test Cases/AHI/_include/get_screenshot

2020-03-09 23:47:43 - [TEST_STEP][PASSED] - Thread.sleep(1000): null

2020-03-09 23:47:44 - [TEST_STEP][PASSED] - takeScreenshot(screenPath + i + ".png"): Taking screenshot successfully

2020-03-09 23:47:44 - [MESSAGE][PASSED] - Taking screenshot successfully
[[ATTACHMENT|D:\\Test\\AgileTest\\Reports\\HIC\\hic\\20200309_233514\\../Screenshots/iPhone X/HIC/Pet/Pet/20200309_234719/5.png]]

2020-03-09 23:47:44 - [TEST_STEP][PASSED] - (internal.GlobalVariable.i++): null

2020-03-09 23:47:44 - [MESSAGE][PASSED] - Call Test Case 'Test Cases/AHI/_include/get_screenshot' successfully

2020-03-09 23:47:44 - [TEST_STEP][PASSED] - selenium.click("//label[@for='p-no']"): null

2020-03-09 23:47:44 - [TEST_STEP][PASSED] - for ([second = 0, second < 20, (second++)]): null

2020-03-09 23:47:44 - [TEST_STEP][PASSED] - try: null

2020-03-09 23:47:44 - [TEST_STEP][PASSED] - if (selenium.isElementPresent("id=applyCta")): null

2020-03-09 23:47:46 - [TEST_STEP][PASSED] - break: null

2020-03-09 23:47:46 - [TEST_STEP][PASSED] - callTestCase(findTestCase("AHI/_include/get_screenshot"), [:], STOP_ON_FAILURE): Call Test Case 'Test Cases/AHI/_include/get_screenshot' successfully

2020-03-09 23:47:46 - [TEST_CASE][PASSED] - Test Cases/AHI/_include/get_screenshot: Test Cases/AHI/_include/get_screenshot

2020-03-09 23:47:46 - [TEST_STEP][PASSED] - Thread.sleep(1000): null

2020-03-09 23:47:47 - [TEST_STEP][PASSED] - takeScreenshot(screenPath + i + ".png"): Taking screenshot successfully

2020-03-09 23:47:47 - [MESSAGE][PASSED] - Taking screenshot successfully
[[ATTACHMENT|D:\\Test\\AgileTest\\Reports\\HIC\\hic\\20200309_233514\\../Screenshots/iPhone X/HIC/Pet/Pet/20200309_234719/6.png]]

2020-03-09 23:47:47 - [TEST_STEP][PASSED] - (internal.GlobalVariable.i++): null

2020-03-09 23:47:47 - [MESSAGE][PASSED] - Call Test Case 'Test Cases/AHI/_include/get_screenshot' successfully

2020-03-09 23:47:47 - [TEST_STEP][PASSED] - selenium.click("id=applyCta"): null

2020-03-09 23:47:48 - [TEST_STEP][PASSED] - for ([second = 0, second < 20, (second++)]): null

2020-03-09 23:47:48 - [TEST_STEP][PASSED] - try: null

2020-03-09 23:47:48 - [TEST_STEP][PASSED] - if (selenium.isElementPresent("id=member-P-1-firstName")): null

2020-03-09 23:47:49 - [TEST_STEP][PASSED] - Thread.sleep(1000): null

2020-03-09 23:47:50 - [TEST_STEP][PASSED] - try: null

2020-03-09 23:47:50 - [TEST_STEP][PASSED] - if (selenium.isElementPresent("id=member-P-1-firstName")): null

2020-03-09 23:47:50 - [TEST_STEP][PASSED] - break: null

2020-03-09 23:47:50 - [TEST_STEP][PASSED] - callTestCase(findTestCase("AHI/_include/get_screenshot"), [:], STOP_ON_FAILURE): Call Test Case 'Test Cases/AHI/_include/get_screenshot' successfully

2020-03-09 23:47:50 - [TEST_CASE][PASSED] - Test Cases/AHI/_include/get_screenshot: Test Cases/AHI/_include/get_screenshot

2020-03-09 23:47:50 - [TEST_STEP][PASSED] - Thread.sleep(1000): null

2020-03-09 23:47:51 - [TEST_STEP][PASSED] - takeScreenshot(screenPath + i + ".png"): Taking screenshot successfully

2020-03-09 23:47:51 - [MESSAGE][PASSED] - Taking screenshot successfully
[[ATTACHMENT|D:\\Test\\AgileTest\\Reports\\HIC\\hic\\20200309_233514\\../Screenshots/iPhone X/HIC/Pet/Pet/20200309_234719/7.png]]

2020-03-09 23:47:51 - [TEST_STEP][PASSED] - (internal.GlobalVariable.i++): null

2020-03-09 23:47:51 - [MESSAGE][PASSED] - Call Test Case 'Test Cases/AHI/_include/get_screenshot' successfully

2020-03-09 23:47:51 - [TEST_STEP][PASSED] - callTestCase(findTestCase("AHI/_include/name"), [:], STOP_ON_FAILURE): Call Test Case 'Test Cases/AHI/_include/name' successfully

2020-03-09 23:47:51 - [TEST_CASE][PASSED] - Test Cases/AHI/_include/name: Test Cases/AHI/_include/name

2020-03-09 23:47:51 - [TEST_STEP][PASSED] - driver = getWebDriver(): null

2020-03-09 23:47:51 - [TEST_STEP][PASSED] - selenium = new com.thoughtworks.selenium.webdriven.WebDriverBackedSelenium(driver, internal.GlobalVariable.ENV): null

2020-03-09 23:47:51 - [TEST_STEP][PASSED] - FirstName = "Test-123": null

2020-03-09 23:47:51 - [TEST_STEP][PASSED] - LastName = selenium.getEval("{var x="ABCDEFGHIJKLMNOPQRSTUVWXYZabcdefghijklmnopqrstuvwxyz"; var tmp="ZZ11-"; for (i=0;i<8;i++) tmp+=x.charAt(Math.ceil(51*Math.random()));tmp;}"): null

2020-03-09 23:47:51 - [TEST_STEP][PASSED] - Address = selenium.getEval("{var x="ABCDEFGHIJKLMNOPQRSTUVWXYZabcdefghijklmnopqrstuvwxyz"; var tmp=""; for (i=0;i<8;i++) tmp+=x.charAt(Math.ceil(51*Math.random()));tmp;}"): null

2020-03-09 23:47:51 - [TEST_STEP][PASSED] - City = selenium.getEval("{var x="ABCDEFGHIJKLMNOPQRSTUVWXYZabcdefghijklmnopqrstuvwxyz"; var tmp=""; for (i=0;i<8;i++) tmp+=x.charAt(Math.ceil(51*Math.random()));tmp;}"): null

2020-03-09 23:47:51 - [TEST_STEP][PASSED] - tel1 = selenium.getEval("{var x="123456789"; var tmp=""; for (i=0;i<3;i++) tmp+=x.charAt(Math.ceil(8*Math.random()));tmp;}"): null

2020-03-09 23:47:51 - [TEST_STEP][PASSED] - tel2 = selenium.getEval("{var x="123456789"; var tmp=""; for (i=0;i<3;i++) tmp+=x.charAt(Math.ceil(8*Math.random()));tmp;}"): null

2020-03-09 23:47:51 - [TEST_STEP][PASSED] - tel3 = selenium.getEval("{var x="123456789"; var tmp=""; for (i=0;i<4;i++) tmp+=x.charAt(Math.ceil(8*Math.random()));tmp;}"): null

2020-03-09 23:47:51 - [TEST_STEP][PASSED] - Tel = selenium.getExpression(tel1 + "-" + tel2 + "-" + tel3): null

2020-03-09 23:47:51 - [TEST_STEP][PASSED] - AutoEmail = selenium.getEval("{var x="ABCDEFGHIJKLMNOPQRSTUVWXYZabcdefghijklmnopqrstuvwxyz"; var tmp="test."; for (i=0;i<8;i++) tmp+=x.charAt(Math.ceil(51*Math.random()));tmp+="@suryani.cn";}"): null

2020-03-09 23:47:52 - [TEST_STEP][PASSED] - FirstName = FirstName: null

2020-03-09 23:47:52 - [TEST_STEP][PASSED] - LastName = LastName: null

2020-03-09 23:47:52 - [TEST_STEP][PASSED] - Address = Address: null

2020-03-09 23:47:52 - [TEST_STEP][PASSED] - City = City: null

2020-03-09 23:47:52 - [TEST_STEP][PASSED] - Tel = Tel: null

2020-03-09 23:47:52 - [TEST_STEP][PASSED] - AutoEmail = AutoEmail: null

2020-03-09 23:47:52 - [TEST_STEP][PASSED] - println(FirstName): null

2020-03-09 23:47:52 - [TEST_STEP][PASSED] - println(LastName): null

2020-03-09 23:47:52 - [TEST_STEP][PASSED] - println(Address): null

2020-03-09 23:47:52 - [TEST_STEP][PASSED] - println(City): null

2020-03-09 23:47:52 - [TEST_STEP][PASSED] - println(Tel): null

2020-03-09 23:47:52 - [TEST_STEP][PASSED] - println(AutoEmail): null

2020-03-09 23:47:52 - [MESSAGE][PASSED] - Call Test Case 'Test Cases/AHI/_include/name' successfully

2020-03-09 23:47:52 - [TEST_STEP][PASSED] - selenium.type("id=member-P-1-firstName", FirstName): null

2020-03-09 23:47:52 - [TEST_STEP][PASSED] - selenium.type("id=member-P-1-lastName", LastName): null

2020-03-09 23:47:52 - [TEST_STEP][PASSED] - selenium.type("id=address", Address): null

2020-03-09 23:47:52 - [TEST_STEP][PASSED] - selenium.type("id=city", City): null

2020-03-09 23:47:52 - [TEST_STEP][PASSED] - selenium.type("id=email", AutoEmail): null

2020-03-09 23:47:52 - [TEST_STEP][PASSED] - selenium.type("id=primaryPhone", Tel): null

2020-03-09 23:47:52 - [TEST_STEP][PASSED] - selenium.click("id=pet-veterinary-clinic-flag"): null

2020-03-09 23:47:53 - [TEST_STEP][PASSED] - Thread.sleep(2000): null

2020-03-09 23:47:55 - [TEST_STEP][PASSED] - selenium.click("id=js-app-continue-link"): null

2020-03-09 23:47:55 - [TEST_STEP][PASSED] - for ([second = 0, second < 20, (second++)]): null

2020-03-09 23:47:55 - [TEST_STEP][PASSED] - try: null

2020-03-09 23:47:55 - [TEST_STEP][PASSED] - if (selenium.isElementPresent("id=credit-card-number")): null

2020-03-09 23:47:55 - [TEST_STEP][PASSED] - Thread.sleep(1000): null

2020-03-09 23:47:56 - [TEST_STEP][PASSED] - try: null

2020-03-09 23:47:56 - [TEST_STEP][PASSED] - if (selenium.isElementPresent("id=credit-card-number")): null

2020-03-09 23:47:56 - [TEST_STEP][PASSED] - break: null

2020-03-09 23:47:56 - [TEST_STEP][PASSED] - callTestCase(findTestCase("AHI/_include/get_screenshot"), [:], STOP_ON_FAILURE): Call Test Case 'Test Cases/AHI/_include/get_screenshot' successfully

2020-03-09 23:47:56 - [TEST_CASE][PASSED] - Test Cases/AHI/_include/get_screenshot: Test Cases/AHI/_include/get_screenshot

2020-03-09 23:47:56 - [TEST_STEP][PASSED] - Thread.sleep(1000): null

2020-03-09 23:47:57 - [TEST_STEP][PASSED] - takeScreenshot(screenPath + i + ".png"): Taking screenshot successfully

2020-03-09 23:47:58 - [MESSAGE][PASSED] - Taking screenshot successfully
[[ATTACHMENT|D:\\Test\\AgileTest\\Reports\\HIC\\hic\\20200309_233514\\../Screenshots/iPhone X/HIC/Pet/Pet/20200309_234719/8.png]]

2020-03-09 23:47:58 - [TEST_STEP][PASSED] - (internal.GlobalVariable.i++): null

2020-03-09 23:47:58 - [MESSAGE][PASSED] - Call Test Case 'Test Cases/AHI/_include/get_screenshot' successfully

2020-03-09 23:47:58 - [TEST_STEP][PASSED] - selenium.type("id=credit-card-number", "4111111111111111"): null

2020-03-09 23:47:58 - [TEST_STEP][PASSED] - selenium.type("id=credit-card-first", "test"): null

2020-03-09 23:47:58 - [TEST_STEP][PASSED] - selenium.type("id=credit-card-last", "test"): null

2020-03-09 23:47:58 - [TEST_STEP][PASSED] - selenium.select("id=expiration-month", "12"): null

2020-03-09 23:47:58 - [TEST_STEP][PASSED] - selenium.select("id=expiration-year", "2026"): null

2020-03-09 23:47:58 - [TEST_STEP][PASSED] - selenium.type("id=credit-card-cvv", "123"): null

2020-03-09 23:47:59 - [TEST_STEP][PASSED] - selenium.type("id=credit-card-number", "4111111111111111"): null

2020-03-09 23:47:59 - [TEST_STEP][PASSED] - selenium.click("id=js-same-billing"): null

2020-03-09 23:47:59 - [TEST_STEP][PASSED] - selenium.click("id=credit-payment-authorization"): null

2020-03-09 23:47:59 - [TEST_STEP][PASSED] - selenium.click("id=js-app-continue-link"): null

2020-03-09 23:47:59 - [TEST_STEP][PASSED] - for ([second = 0, second < 20, (second++)]): null

2020-03-09 23:47:59 - [TEST_STEP][PASSED] - try: null

2020-03-09 23:47:59 - [TEST_STEP][PASSED] - if (selenium.isElementPresent("id=consent-checkbox-0")): null

2020-03-09 23:47:59 - [TEST_STEP][PASSED] - Thread.sleep(1000): null

2020-03-09 23:48:00 - [TEST_STEP][PASSED] - try: null

2020-03-09 23:48:00 - [TEST_STEP][PASSED] - if (selenium.isElementPresent("id=consent-checkbox-0")): null

2020-03-09 23:48:00 - [TEST_STEP][PASSED] - Thread.sleep(1000): null

2020-03-09 23:48:01 - [TEST_STEP][PASSED] - try: null

2020-03-09 23:48:01 - [TEST_STEP][PASSED] - if (selenium.isElementPresent("id=consent-checkbox-0")): null

2020-03-09 23:48:01 - [TEST_STEP][PASSED] - break: null

2020-03-09 23:48:01 - [TEST_STEP][PASSED] - callTestCase(findTestCase("AHI/_include/get_screenshot"), [:], STOP_ON_FAILURE): Call Test Case 'Test Cases/AHI/_include/get_screenshot' successfully

2020-03-09 23:48:01 - [TEST_CASE][PASSED] - Test Cases/AHI/_include/get_screenshot: Test Cases/AHI/_include/get_screenshot

2020-03-09 23:48:01 - [TEST_STEP][PASSED] - Thread.sleep(1000): null

2020-03-09 23:48:02 - [TEST_STEP][PASSED] - takeScreenshot(screenPath + i + ".png"): Taking screenshot successfully

2020-03-09 23:48:03 - [MESSAGE][PASSED] - Taking screenshot successfully
[[ATTACHMENT|D:\\Test\\AgileTest\\Reports\\HIC\\hic\\20200309_233514\\../Screenshots/iPhone X/HIC/Pet/Pet/20200309_234719/9.png]]

2020-03-09 23:48:03 - [TEST_STEP][PASSED] - (internal.GlobalVariable.i++): null

2020-03-09 23:48:03 - [MESSAGE][PASSED] - Call Test Case 'Test Cases/AHI/_include/get_screenshot' successfully

2020-03-09 23:48:03 - [TEST_STEP][PASSED] - selenium.click("id=consent-checkbox-0"): null

2020-03-09 23:48:03 - [TEST_STEP][PASSED] - selenium.click("id=consent-checkbox-1"): null

2020-03-09 23:48:03 - [TEST_STEP][PASSED] - selenium.click("id=consent-checkbox-2"): null

2020-03-09 23:48:03 - [TEST_STEP][PASSED] - selenium.click("id=consent-checkbox-3"): null

2020-03-09 23:48:04 - [TEST_STEP][PASSED] - selenium.click("id=js-signature-tab"): null

2020-03-09 23:48:04 - [TEST_STEP][PASSED] - selenium.click("id=js-app-continue-link"): null

2020-03-09 23:48:04 - [TEST_STEP][PASSED] - for ([second = 0, second < 30, (second++)]): null

2020-03-09 23:48:04 - [TEST_STEP][PASSED] - try: null

2020-03-09 23:48:04 - [TEST_STEP][PASSED] - if (selenium.isElementPresent("xpath=//h2[contains(text(),'Thank You')]")): null

2020-03-09 23:48:04 - [TEST_STEP][PASSED] - Thread.sleep(1000): null

2020-03-09 23:48:05 - [TEST_STEP][PASSED] - try: null

2020-03-09 23:48:05 - [TEST_STEP][PASSED] - if (selenium.isElementPresent("xpath=//h2[contains(text(),'Thank You')]")): null

2020-03-09 23:48:05 - [TEST_STEP][PASSED] - Thread.sleep(1000): null

2020-03-09 23:48:06 - [TEST_STEP][PASSED] - try: null

2020-03-09 23:48:06 - [TEST_STEP][PASSED] - if (selenium.isElementPresent("xpath=//h2[contains(text(),'Thank You')]")): null

2020-03-09 23:48:06 - [TEST_STEP][PASSED] - Thread.sleep(1000): null

2020-03-09 23:48:07 - [TEST_STEP][PASSED] - try: null

2020-03-09 23:48:07 - [TEST_STEP][PASSED] - if (selenium.isElementPresent("xpath=//h2[contains(text(),'Thank You')]")): null

2020-03-09 23:48:07 - [TEST_STEP][PASSED] - Thread.sleep(1000): null

2020-03-09 23:48:08 - [TEST_STEP][PASSED] - try: null

2020-03-09 23:48:08 - [TEST_STEP][PASSED] - if (selenium.isElementPresent("xpath=//h2[contains(text(),'Thank You')]")): null

2020-03-09 23:48:08 - [TEST_STEP][PASSED] - Thread.sleep(1000): null

2020-03-09 23:48:09 - [TEST_STEP][PASSED] - try: null

2020-03-09 23:48:09 - [TEST_STEP][PASSED] - if (selenium.isElementPresent("xpath=//h2[contains(text(),'Thank You')]")): null

2020-03-09 23:48:09 - [TEST_STEP][PASSED] - Thread.sleep(1000): null

2020-03-09 23:48:10 - [TEST_STEP][PASSED] - try: null

2020-03-09 23:48:10 - [TEST_STEP][PASSED] - if (selenium.isElementPresent("xpath=//h2[contains(text(),'Thank You')]")): null

2020-03-09 23:48:10 - [TEST_STEP][PASSED] - Thread.sleep(1000): null

2020-03-09 23:48:11 - [TEST_STEP][PASSED] - try: null

2020-03-09 23:48:11 - [TEST_STEP][PASSED] - if (selenium.isElementPresent("xpath=//h2[contains(text(),'Thank You')]")): null

2020-03-09 23:48:11 - [TEST_STEP][PASSED] - Thread.sleep(1000): null

2020-03-09 23:48:12 - [TEST_STEP][PASSED] - try: null

2020-03-09 23:48:12 - [TEST_STEP][PASSED] - if (selenium.isElementPresent("xpath=//h2[contains(text(),'Thank You')]")): null

2020-03-09 23:48:12 - [TEST_STEP][PASSED] - Thread.sleep(1000): null

2020-03-09 23:48:13 - [TEST_STEP][PASSED] - try: null

2020-03-09 23:48:13 - [TEST_STEP][PASSED] - if (selenium.isElementPresent("xpath=//h2[contains(text(),'Thank You')]")): null

2020-03-09 23:48:13 - [TEST_STEP][PASSED] - Thread.sleep(1000): null

2020-03-09 23:48:14 - [TEST_STEP][PASSED] - try: null

2020-03-09 23:48:14 - [TEST_STEP][PASSED] - if (selenium.isElementPresent("xpath=//h2[contains(text(),'Thank You')]")): null

2020-03-09 23:48:14 - [TEST_STEP][PASSED] - Thread.sleep(1000): null

2020-03-09 23:48:15 - [TEST_STEP][PASSED] - try: null

2020-03-09 23:48:15 - [TEST_STEP][PASSED] - if (selenium.isElementPresent("xpath=//h2[contains(text(),'Thank You')]")): null

2020-03-09 23:48:15 - [TEST_STEP][PASSED] - Thread.sleep(1000): null

2020-03-09 23:48:16 - [TEST_STEP][PASSED] - try: null

2020-03-09 23:48:16 - [TEST_STEP][PASSED] - if (selenium.isElementPresent("xpath=//h2[contains(text(),'Thank You')]")): null

2020-03-09 23:48:16 - [TEST_STEP][PASSED] - Thread.sleep(1000): null

2020-03-09 23:48:17 - [TEST_STEP][PASSED] - try: null

2020-03-09 23:48:17 - [TEST_STEP][PASSED] - if (selenium.isElementPresent("xpath=//h2[contains(text(),'Thank You')]")): null

2020-03-09 23:48:17 - [TEST_STEP][PASSED] - Thread.sleep(1000): null

2020-03-09 23:48:18 - [TEST_STEP][PASSED] - try: null

2020-03-09 23:48:18 - [TEST_STEP][PASSED] - if (selenium.isElementPresent("xpath=//h2[contains(text(),'Thank You')]")): null

2020-03-09 23:48:18 - [TEST_STEP][PASSED] - Thread.sleep(1000): null

2020-03-09 23:48:19 - [TEST_STEP][PASSED] - try: null

2020-03-09 23:48:19 - [TEST_STEP][PASSED] - if (selenium.isElementPresent("xpath=//h2[contains(text(),'Thank You')]")): null

2020-03-09 23:48:19 - [TEST_STEP][PASSED] - Thread.sleep(1000): null

2020-03-09 23:48:20 - [TEST_STEP][PASSED] - try: null

2020-03-09 23:48:20 - [TEST_STEP][PASSED] - if (selenium.isElementPresent("xpath=//h2[contains(text(),'Thank You')]")): null

2020-03-09 23:48:20 - [TEST_STEP][PASSED] - Thread.sleep(1000): null

2020-03-09 23:48:21 - [TEST_STEP][PASSED] - try: null

2020-03-09 23:48:21 - [TEST_STEP][PASSED] - if (selenium.isElementPresent("xpath=//h2[contains(text(),'Thank You')]")): null

2020-03-09 23:48:21 - [TEST_STEP][PASSED] - Thread.sleep(1000): null

2020-03-09 23:48:22 - [TEST_STEP][PASSED] - try: null

2020-03-09 23:48:22 - [TEST_STEP][PASSED] - if (selenium.isElementPresent("xpath=//h2[contains(text(),'Thank You')]")): null

2020-03-09 23:48:23 - [TEST_STEP][PASSED] - Thread.sleep(1000): null

2020-03-09 23:48:24 - [TEST_STEP][PASSED] - try: null

2020-03-09 23:48:24 - [TEST_STEP][PASSED] - if (selenium.isElementPresent("xpath=//h2[contains(text(),'Thank You')]")): null

2020-03-09 23:48:24 - [TEST_STEP][PASSED] - Thread.sleep(1000): null

2020-03-09 23:48:25 - [TEST_STEP][PASSED] - try: null

2020-03-09 23:48:25 - [TEST_STEP][PASSED] - if (selenium.isElementPresent("xpath=//h2[contains(text(),'Thank You')]")): null

2020-03-09 23:48:25 - [TEST_STEP][PASSED] - Thread.sleep(1000): null

2020-03-09 23:48:26 - [TEST_STEP][PASSED] - try: null

2020-03-09 23:48:26 - [TEST_STEP][PASSED] - if (selenium.isElementPresent("xpath=//h2[contains(text(),'Thank You')]")): null

2020-03-09 23:48:26 - [TEST_STEP][PASSED] - Thread.sleep(1000): null

2020-03-09 23:48:27 - [TEST_STEP][PASSED] - try: null

2020-03-09 23:48:27 - [TEST_STEP][PASSED] - if (selenium.isElementPresent("xpath=//h2[contains(text(),'Thank You')]")): null

2020-03-09 23:48:27 - [TEST_STEP][PASSED] - Thread.sleep(1000): null

2020-03-09 23:48:28 - [TEST_STEP][PASSED] - try: null

2020-03-09 23:48:28 - [TEST_STEP][PASSED] - if (selenium.isElementPresent("xpath=//h2[contains(text(),'Thank You')]")): null

2020-03-09 23:48:28 - [TEST_STEP][PASSED] - Thread.sleep(1000): null

2020-03-09 23:48:29 - [TEST_STEP][PASSED] - try: null

2020-03-09 23:48:29 - [TEST_STEP][PASSED] - if (selenium.isElementPresent("xpath=//h2[contains(text(),'Thank You')]")): null

2020-03-09 23:48:29 - [TEST_STEP][PASSED] - Thread.sleep(1000): null

2020-03-09 23:48:30 - [TEST_STEP][PASSED] - try: null

2020-03-09 23:48:30 - [TEST_STEP][PASSED] - if (selenium.isElementPresent("xpath=//h2[contains(text(),'Thank You')]")): null

2020-03-09 23:48:31 - [TEST_STEP][PASSED] - Thread.sleep(1000): null

2020-03-09 23:48:32 - [TEST_STEP][PASSED] - try: null

2020-03-09 23:48:32 - [TEST_STEP][PASSED] - if (selenium.isElementPresent("xpath=//h2[contains(text(),'Thank You')]")): null

2020-03-09 23:48:32 - [TEST_STEP][PASSED] - Thread.sleep(1000): null

2020-03-09 23:48:33 - [TEST_STEP][PASSED] - try: null

2020-03-09 23:48:33 - [TEST_STEP][PASSED] - if (selenium.isElementPresent("xpath=//h2[contains(text(),'Thank You')]")): null

2020-03-09 23:48:33 - [TEST_STEP][PASSED] - Thread.sleep(1000): null

2020-03-09 23:48:34 - [TEST_STEP][PASSED] - try: null

2020-03-09 23:48:34 - [TEST_STEP][PASSED] - if (selenium.isElementPresent("xpath=//h2[contains(text(),'Thank You')]")): null

2020-03-09 23:48:34 - [TEST_STEP][PASSED] - Thread.sleep(1000): null

2020-03-09 23:48:35 - [TEST_STEP][PASSED] - try: null

2020-03-09 23:48:35 - [TEST_STEP][PASSED] - if (selenium.isElementPresent("xpath=//h2[contains(text(),'Thank You')]")): null

2020-03-09 23:48:35 - [TEST_STEP][PASSED] - Thread.sleep(1000): null

2020-03-09 23:48:36 - [TEST_STEP][PASSED] - callTestCase(findTestCase("AHI/_include/get_screenshot"), [:], STOP_ON_FAILURE): Call Test Case 'Test Cases/AHI/_include/get_screenshot' successfully

2020-03-09 23:48:36 - [TEST_CASE][PASSED] - Test Cases/AHI/_include/get_screenshot: Test Cases/AHI/_include/get_screenshot

2020-03-09 23:48:36 - [TEST_STEP][PASSED] - Thread.sleep(1000): null

2020-03-09 23:48:37 - [TEST_STEP][PASSED] - takeScreenshot(screenPath + i + ".png"): Taking screenshot successfully

2020-03-09 23:48:37 - [MESSAGE][PASSED] - Taking screenshot successfully
[[ATTACHMENT|D:\\Test\\AgileTest\\Reports\\HIC\\hic\\20200309_233514\\../Screenshots/iPhone X/HIC/Pet/Pet/20200309_234719/10.png]]

2020-03-09 23:48:37 - [TEST_STEP][PASSED] - (internal.GlobalVariable.i++): null

2020-03-09 23:48:37 - [MESSAGE][PASSED] - Call Test Case 'Test Cases/AHI/_include/get_screenshot' successfully]]></system-out>
         <system-err><![CDATA[]]></system-err>
      </testcase>
      <testcase name="Test Cases/HIC/New/STM" classname="Test Cases/HIC/New/STM" status="PASSED">
         <system-out><![CDATA[2020-03-09 23:48:37 - [TEST_CASE][PASSED] - Test Cases/HIC/New/STM: Test Cases/HIC/New/STM

2020-03-09 23:48:37 - [TEST_STEP][PASSED] - callTestCase(findTestCase("HIC/_include/get_hicScreenPath"), ["project":"HIC", "productLine":"STM", "carrierName":"STM"], CONTINUE_ON_FAILURE): Call Test Case 'Test Cases/HIC/_include/get_hicScreenPath' successfully

2020-03-09 23:48:37 - [TEST_CASE][PASSED] - Test Cases/HIC/_include/get_hicScreenPath: Test Cases/HIC/_include/get_hicScreenPath

2020-03-09 23:48:37 - [TEST_STEP][PASSED] - m = getExecutionProperties(): null

2020-03-09 23:48:37 - [TEST_STEP][PASSED] - deviceName = get("mobileEmulation").get("deviceName"): null

2020-03-09 23:48:37 - [TEST_STEP][PASSED] - println(deviceName): null

2020-03-09 23:48:37 - [TEST_STEP][PASSED] - now = new java.util.Date(): null

2020-03-09 23:48:37 - [TEST_STEP][PASSED] - mydate = now.format("yyyyMMdd_HHmmss"): null

2020-03-09 23:48:37 - [TEST_STEP][PASSED] - screenPath = "../Screenshots/": null

2020-03-09 23:48:37 - [TEST_STEP][PASSED] - screenPath = screenPath + deviceName + "/" + project + "/" + productLine + "/" + carrierName + "/" + mydate + "/": null

2020-03-09 23:48:37 - [TEST_STEP][PASSED] - println(screenPath): null

2020-03-09 23:48:37 - [MESSAGE][PASSED] - Call Test Case 'Test Cases/HIC/_include/get_hicScreenPath' successfully

2020-03-09 23:48:37 - [TEST_STEP][PASSED] - i = 0: null

2020-03-09 23:48:37 - [TEST_STEP][PASSED] - callTestCase(findTestCase("AHI/_include/openWebSite"), ["env":env], CONTINUE_ON_FAILURE): Call Test Case 'Test Cases/AHI/_include/openWebSite' successfully

2020-03-09 23:48:38 - [TEST_CASE][PASSED] - Test Cases/AHI/_include/openWebSite: Test Cases/AHI/_include/openWebSite

2020-03-09 23:48:38 - [TEST_STEP][PASSED] - openBrowser(env): Browser is opened with url: 'https://qa.healthinsurance.com'

2020-03-09 23:48:38 - [MESSAGE][WARNING] - A browser is already opened. Closing browser and opening a new one

2020-03-09 23:48:38 - [MESSAGE][INFO] - Starting 'Chrome' driver

2020-03-09 23:48:38 - [MESSAGE][INFO] - User set preference: ['mobileEmulation', '{deviceName=iPhone X}']

2020-03-09 23:48:38 - [MESSAGE][INFO] - User set preference: ['args', '[--incognito, --aggressive-cache-discard, --no-sandbox, --window-size=375,812, --ignore-certificate-errors]']

2020-03-09 23:48:40 - [MESSAGE][PASSED] - Browser is opened with url: 'https://qa.healthinsurance.com'

2020-03-09 23:48:40 - [TEST_STEP][PASSED] - waitForPageLoad(20): Wait for page load successfully

2020-03-09 23:48:40 - [MESSAGE][PASSED] - Wait for page load successfully

2020-03-09 23:48:40 - [TEST_STEP][PASSED] - callTestCase(findTestCase("AHI/_include/get_screenshot"), [:], STOP_ON_FAILURE): Call Test Case 'Test Cases/AHI/_include/get_screenshot' successfully

2020-03-09 23:48:40 - [TEST_CASE][PASSED] - Test Cases/AHI/_include/get_screenshot: Test Cases/AHI/_include/get_screenshot

2020-03-09 23:48:40 - [TEST_STEP][PASSED] - Thread.sleep(1000): null

2020-03-09 23:48:41 - [TEST_STEP][PASSED] - takeScreenshot(screenPath + i + ".png"): Taking screenshot successfully

2020-03-09 23:48:42 - [MESSAGE][PASSED] - Taking screenshot successfully
[[ATTACHMENT|D:\\Test\\AgileTest\\Reports\\HIC\\hic\\20200309_233514\\../Screenshots/iPhone X/HIC/STM/STM/20200309_234837/0.png]]

2020-03-09 23:48:42 - [TEST_STEP][PASSED] - (internal.GlobalVariable.i++): null

2020-03-09 23:48:42 - [MESSAGE][PASSED] - Call Test Case 'Test Cases/AHI/_include/get_screenshot' successfully

2020-03-09 23:48:42 - [MESSAGE][PASSED] - Call Test Case 'Test Cases/AHI/_include/openWebSite' successfully

2020-03-09 23:48:42 - [TEST_STEP][PASSED] - driver = getWebDriver(): null

2020-03-09 23:48:42 - [TEST_STEP][PASSED] - baseUrl = env: null

2020-03-09 23:48:42 - [TEST_STEP][PASSED] - selenium = new com.thoughtworks.selenium.webdriven.WebDriverBackedSelenium(driver, baseUrl): null

2020-03-09 23:48:42 - [TEST_STEP][PASSED] - selenium.click("id=product-lines"): null

2020-03-09 23:48:42 - [TEST_STEP][PASSED] - selenium.click("//*[@id='product-lines']/following::div/button[contains(text(),'Short Term Insurance')]"): null

2020-03-09 23:48:42 - [TEST_STEP][PASSED] - selenium.click("//button[contains(text(),'COMPARE HEALTHPLANS')]"): null

2020-03-09 23:48:42 - [TEST_STEP][PASSED] - for ([second = 0, second < 10, (second++)]): null

2020-03-09 23:48:42 - [TEST_STEP][PASSED] - try: null

2020-03-09 23:48:42 - [TEST_STEP][PASSED] - if (selenium.isElementPresent("xpath=//button[contains(text(),'GET QUOTES')]")): null

2020-03-09 23:48:42 - [TEST_STEP][PASSED] - Thread.sleep(1000): null

2020-03-09 23:48:43 - [TEST_STEP][PASSED] - try: null

2020-03-09 23:48:43 - [TEST_STEP][PASSED] - if (selenium.isElementPresent("xpath=//button[contains(text(),'GET QUOTES')]")): null

2020-03-09 23:48:44 - [TEST_STEP][PASSED] - break: null

2020-03-09 23:48:44 - [TEST_STEP][PASSED] - callTestCase(findTestCase("AHI/_include/get_screenshot"), [:], STOP_ON_FAILURE): Call Test Case 'Test Cases/AHI/_include/get_screenshot' successfully

2020-03-09 23:48:44 - [TEST_CASE][PASSED] - Test Cases/AHI/_include/get_screenshot: Test Cases/AHI/_include/get_screenshot

2020-03-09 23:48:44 - [TEST_STEP][PASSED] - Thread.sleep(1000): null

2020-03-09 23:48:45 - [TEST_STEP][PASSED] - takeScreenshot(screenPath + i + ".png"): Taking screenshot successfully

2020-03-09 23:48:45 - [MESSAGE][PASSED] - Taking screenshot successfully
[[ATTACHMENT|D:\\Test\\AgileTest\\Reports\\HIC\\hic\\20200309_233514\\../Screenshots/iPhone X/HIC/STM/STM/20200309_234837/1.png]]

2020-03-09 23:48:45 - [TEST_STEP][PASSED] - (internal.GlobalVariable.i++): null

2020-03-09 23:48:45 - [MESSAGE][PASSED] - Call Test Case 'Test Cases/AHI/_include/get_screenshot' successfully

2020-03-09 23:48:45 - [TEST_STEP][PASSED] - selenium.click("xpath=//button[contains(text(),'GET QUOTES')]"): null

2020-03-09 23:48:45 - [TEST_STEP][PASSED] - Thread.sleep(3000): null

2020-03-09 23:48:48 - [TEST_STEP][PASSED] - selenium.selectWindow("HealthInsurance.net | Get a Quote"): null

2020-03-09 23:48:49 - [TEST_STEP][PASSED] - Thread.sleep(3000): null

2020-03-09 23:48:52 - [TEST_STEP][PASSED] - callTestCase(findTestCase("AHI/_include/get_screenshot"), [:], STOP_ON_FAILURE): Call Test Case 'Test Cases/AHI/_include/get_screenshot' successfully

2020-03-09 23:48:52 - [TEST_CASE][PASSED] - Test Cases/AHI/_include/get_screenshot: Test Cases/AHI/_include/get_screenshot

2020-03-09 23:48:52 - [TEST_STEP][PASSED] - Thread.sleep(1000): null

2020-03-09 23:48:53 - [TEST_STEP][PASSED] - takeScreenshot(screenPath + i + ".png"): Taking screenshot successfully

2020-03-09 23:48:54 - [MESSAGE][PASSED] - Taking screenshot successfully
[[ATTACHMENT|D:\\Test\\AgileTest\\Reports\\HIC\\hic\\20200309_233514\\../Screenshots/iPhone X/HIC/STM/STM/20200309_234837/2.png]]

2020-03-09 23:48:54 - [TEST_STEP][PASSED] - (internal.GlobalVariable.i++): null

2020-03-09 23:48:54 - [MESSAGE][PASSED] - Call Test Case 'Test Cases/AHI/_include/get_screenshot' successfully]]></system-out>
         <system-err><![CDATA[]]></system-err>
      </testcase>
      <testcase name="Test Cases/HIC/New/Teladoc" classname="Test Cases/HIC/New/Teladoc" status="PASSED">
         <system-out><![CDATA[2020-03-09 23:48:54 - [TEST_CASE][PASSED] - Test Cases/HIC/New/Teladoc: Test Cases/HIC/New/Teladoc

2020-03-09 23:48:54 - [TEST_STEP][PASSED] - callTestCase(findTestCase("HIC/_include/get_hicScreenPath"), ["project":"HIC", "productLine":"Teladoc", "carrierName":"Teladoc"], CONTINUE_ON_FAILURE): Call Test Case 'Test Cases/HIC/_include/get_hicScreenPath' successfully

2020-03-09 23:48:54 - [TEST_CASE][PASSED] - Test Cases/HIC/_include/get_hicScreenPath: Test Cases/HIC/_include/get_hicScreenPath

2020-03-09 23:48:54 - [TEST_STEP][PASSED] - m = getExecutionProperties(): null

2020-03-09 23:48:54 - [TEST_STEP][PASSED] - deviceName = get("mobileEmulation").get("deviceName"): null

2020-03-09 23:48:54 - [TEST_STEP][PASSED] - println(deviceName): null

2020-03-09 23:48:54 - [TEST_STEP][PASSED] - now = new java.util.Date(): null

2020-03-09 23:48:54 - [TEST_STEP][PASSED] - mydate = now.format("yyyyMMdd_HHmmss"): null

2020-03-09 23:48:54 - [TEST_STEP][PASSED] - screenPath = "../Screenshots/": null

2020-03-09 23:48:54 - [TEST_STEP][PASSED] - screenPath = screenPath + deviceName + "/" + project + "/" + productLine + "/" + carrierName + "/" + mydate + "/": null

2020-03-09 23:48:54 - [TEST_STEP][PASSED] - println(screenPath): null

2020-03-09 23:48:54 - [MESSAGE][PASSED] - Call Test Case 'Test Cases/HIC/_include/get_hicScreenPath' successfully

2020-03-09 23:48:54 - [TEST_STEP][PASSED] - i = 0: null

2020-03-09 23:48:54 - [TEST_STEP][PASSED] - callTestCase(findTestCase("AHI/_include/openWebSite"), ["env":env], CONTINUE_ON_FAILURE): Call Test Case 'Test Cases/AHI/_include/openWebSite' successfully

2020-03-09 23:48:54 - [TEST_CASE][PASSED] - Test Cases/AHI/_include/openWebSite: Test Cases/AHI/_include/openWebSite

2020-03-09 23:48:54 - [TEST_STEP][PASSED] - openBrowser(env): Browser is opened with url: 'https://qa.healthinsurance.com'

2020-03-09 23:48:54 - [MESSAGE][WARNING] - A browser is already opened. Closing browser and opening a new one

2020-03-09 23:48:55 - [MESSAGE][INFO] - Starting 'Chrome' driver

2020-03-09 23:48:55 - [MESSAGE][INFO] - User set preference: ['mobileEmulation', '{deviceName=iPhone X}']

2020-03-09 23:48:55 - [MESSAGE][INFO] - User set preference: ['args', '[--incognito, --aggressive-cache-discard, --no-sandbox, --window-size=375,812, --ignore-certificate-errors]']

2020-03-09 23:48:58 - [MESSAGE][PASSED] - Browser is opened with url: 'https://qa.healthinsurance.com'

2020-03-09 23:48:58 - [TEST_STEP][PASSED] - waitForPageLoad(20): Wait for page load successfully

2020-03-09 23:48:58 - [MESSAGE][PASSED] - Wait for page load successfully

2020-03-09 23:48:58 - [TEST_STEP][PASSED] - callTestCase(findTestCase("AHI/_include/get_screenshot"), [:], STOP_ON_FAILURE): Call Test Case 'Test Cases/AHI/_include/get_screenshot' successfully

2020-03-09 23:48:58 - [TEST_CASE][PASSED] - Test Cases/AHI/_include/get_screenshot: Test Cases/AHI/_include/get_screenshot

2020-03-09 23:48:58 - [TEST_STEP][PASSED] - Thread.sleep(1000): null

2020-03-09 23:48:59 - [TEST_STEP][PASSED] - takeScreenshot(screenPath + i + ".png"): Taking screenshot successfully

2020-03-09 23:48:59 - [MESSAGE][PASSED] - Taking screenshot successfully
[[ATTACHMENT|D:\\Test\\AgileTest\\Reports\\HIC\\hic\\20200309_233514\\../Screenshots/iPhone X/HIC/Teladoc/Teladoc/20200309_234854/0.png]]

2020-03-09 23:48:59 - [TEST_STEP][PASSED] - (internal.GlobalVariable.i++): null

2020-03-09 23:48:59 - [MESSAGE][PASSED] - Call Test Case 'Test Cases/AHI/_include/get_screenshot' successfully

2020-03-09 23:48:59 - [MESSAGE][PASSED] - Call Test Case 'Test Cases/AHI/_include/openWebSite' successfully

2020-03-09 23:48:59 - [TEST_STEP][PASSED] - driver = getWebDriver(): null

2020-03-09 23:48:59 - [TEST_STEP][PASSED] - baseUrl = env: null

2020-03-09 23:48:59 - [TEST_STEP][PASSED] - selenium = new com.thoughtworks.selenium.webdriven.WebDriverBackedSelenium(driver, baseUrl): null

2020-03-09 23:48:59 - [TEST_STEP][PASSED] - selenium.click("id=product-lines"): null

2020-03-09 23:49:00 - [TEST_STEP][PASSED] - selenium.click("//*[@id='product-lines']/following::div/button[contains(text(),'Telemedicine')]"): null

2020-03-09 23:49:00 - [TEST_STEP][PASSED] - selenium.click("//button[contains(text(),'COMPARE HEALTHPLANS')]"): null

2020-03-09 23:49:00 - [TEST_STEP][PASSED] - for ([second = 0, second < 10, (second++)]): null

2020-03-09 23:49:00 - [TEST_STEP][PASSED] - try: null

2020-03-09 23:49:00 - [TEST_STEP][PASSED] - if (selenium.isElementPresent("id=zip")): null

2020-03-09 23:49:00 - [TEST_STEP][PASSED] - Thread.sleep(1000): null

2020-03-09 23:49:01 - [TEST_STEP][PASSED] - try: null

2020-03-09 23:49:01 - [TEST_STEP][PASSED] - if (selenium.isElementPresent("id=zip")): null

2020-03-09 23:49:01 - [TEST_STEP][PASSED] - break: null

2020-03-09 23:49:01 - [TEST_STEP][PASSED] - callTestCase(findTestCase("AHI/_include/get_screenshot"), [:], STOP_ON_FAILURE): Call Test Case 'Test Cases/AHI/_include/get_screenshot' successfully

2020-03-09 23:49:01 - [TEST_CASE][PASSED] - Test Cases/AHI/_include/get_screenshot: Test Cases/AHI/_include/get_screenshot

2020-03-09 23:49:01 - [TEST_STEP][PASSED] - Thread.sleep(1000): null

2020-03-09 23:49:02 - [TEST_STEP][PASSED] - takeScreenshot(screenPath + i + ".png"): Taking screenshot successfully

2020-03-09 23:49:02 - [MESSAGE][PASSED] - Taking screenshot successfully
[[ATTACHMENT|D:\\Test\\AgileTest\\Reports\\HIC\\hic\\20200309_233514\\../Screenshots/iPhone X/HIC/Teladoc/Teladoc/20200309_234854/1.png]]

2020-03-09 23:49:02 - [TEST_STEP][PASSED] - (internal.GlobalVariable.i++): null

2020-03-09 23:49:02 - [MESSAGE][PASSED] - Call Test Case 'Test Cases/AHI/_include/get_screenshot' successfully

2020-03-09 23:49:02 - [TEST_STEP][PASSED] - Thread.sleep(2000): null

2020-03-09 23:49:04 - [TEST_STEP][PASSED] - setText(findTestObject("hic/stm/census/zip"), "33186"): Text '33186' is set on object 'Object Repository/hic/stm/census/zip'

2020-03-09 23:49:05 - [MESSAGE][PASSED] - Text '33186' is set on object 'Object Repository/hic/stm/census/zip'

2020-03-09 23:49:05 - [TEST_STEP][PASSED] - Thread.sleep(500): null

2020-03-09 23:49:05 - [TEST_STEP][PASSED] - setText(findTestObject("hic/stm/census/primaryDOB"), "03031987"): Text '03031987' is set on object 'Object Repository/hic/stm/census/primaryDOB'

2020-03-09 23:49:06 - [MESSAGE][PASSED] - Text '03031987' is set on object 'Object Repository/hic/stm/census/primaryDOB'

2020-03-09 23:49:06 - [TEST_STEP][PASSED] - click(findTestObject("hic/stm/census/female")): Object: 'Object Repository/hic/stm/census/female' is clicked on

2020-03-09 23:49:06 - [MESSAGE][PASSED] - Object: 'Object Repository/hic/stm/census/female' is clicked on

2020-03-09 23:49:06 - [TEST_STEP][PASSED] - Thread.sleep(3000): null

2020-03-09 23:49:09 - [TEST_STEP][PASSED] - click(findTestObject("hic/teladoc/seePlans")): Object: 'Object Repository/hic/teladoc/seePlans' is clicked on

2020-03-09 23:49:10 - [MESSAGE][PASSED] - Object: 'Object Repository/hic/teladoc/seePlans' is clicked on

2020-03-09 23:49:10 - [TEST_STEP][PASSED] - Thread.sleep(6000): null

2020-03-09 23:49:16 - [TEST_STEP][PASSED] - callTestCase(findTestCase("AHI/_include/get_screenshot"), [:], STOP_ON_FAILURE): Call Test Case 'Test Cases/AHI/_include/get_screenshot' successfully

2020-03-09 23:49:16 - [TEST_CASE][PASSED] - Test Cases/AHI/_include/get_screenshot: Test Cases/AHI/_include/get_screenshot

2020-03-09 23:49:16 - [TEST_STEP][PASSED] - Thread.sleep(1000): null

2020-03-09 23:49:17 - [TEST_STEP][PASSED] - takeScreenshot(screenPath + i + ".png"): Taking screenshot successfully

2020-03-09 23:49:18 - [MESSAGE][PASSED] - Taking screenshot successfully
[[ATTACHMENT|D:\\Test\\AgileTest\\Reports\\HIC\\hic\\20200309_233514\\../Screenshots/iPhone X/HIC/Teladoc/Teladoc/20200309_234854/2.png]]

2020-03-09 23:49:18 - [TEST_STEP][PASSED] - (internal.GlobalVariable.i++): null

2020-03-09 23:49:18 - [MESSAGE][PASSED] - Call Test Case 'Test Cases/AHI/_include/get_screenshot' successfully

2020-03-09 23:49:18 - [TEST_STEP][PASSED] - Thread.sleep(1000): null

2020-03-09 23:49:19 - [TEST_STEP][PASSED] - click(findTestObject("mobileSanity/Teladoc/census/get_a_quote")): Object: 'Object Repository/mobileSanity/Teladoc/census/get_a_quote' is clicked on

2020-03-09 23:49:19 - [MESSAGE][PASSED] - Object: 'Object Repository/mobileSanity/Teladoc/census/get_a_quote' is clicked on

2020-03-09 23:49:19 - [TEST_STEP][PASSED] - waitForPageLoad(20): Wait for page load successfully

2020-03-09 23:49:20 - [MESSAGE][PASSED] - Wait for page load successfully

2020-03-09 23:49:20 - [TEST_STEP][PASSED] - waitForElementVisible(findTestObject("mobileSanity/Teladoc/apply_button"), 20): Object 'Object Repository/mobileSanity/Teladoc/apply_button' is visible

2020-03-09 23:49:20 - [MESSAGE][PASSED] - Object 'Object Repository/mobileSanity/Teladoc/apply_button' is visible

2020-03-09 23:49:20 - [TEST_STEP][PASSED] - callTestCase(findTestCase("AHI/_include/get_screenshot"), [:], STOP_ON_FAILURE): Call Test Case 'Test Cases/AHI/_include/get_screenshot' successfully

2020-03-09 23:49:20 - [TEST_CASE][PASSED] - Test Cases/AHI/_include/get_screenshot: Test Cases/AHI/_include/get_screenshot

2020-03-09 23:49:20 - [TEST_STEP][PASSED] - Thread.sleep(1000): null

2020-03-09 23:49:21 - [TEST_STEP][PASSED] - takeScreenshot(screenPath + i + ".png"): Taking screenshot successfully

2020-03-09 23:49:22 - [MESSAGE][PASSED] - Taking screenshot successfully
[[ATTACHMENT|D:\\Test\\AgileTest\\Reports\\HIC\\hic\\20200309_233514\\../Screenshots/iPhone X/HIC/Teladoc/Teladoc/20200309_234854/3.png]]

2020-03-09 23:49:22 - [TEST_STEP][PASSED] - (internal.GlobalVariable.i++): null

2020-03-09 23:49:22 - [MESSAGE][PASSED] - Call Test Case 'Test Cases/AHI/_include/get_screenshot' successfully

2020-03-09 23:49:22 - [TEST_STEP][PASSED] - click(findTestObject("mobileSanity/Teladoc/apply_button")): Object: 'Object Repository/mobileSanity/Teladoc/apply_button' is clicked on

2020-03-09 23:49:22 - [MESSAGE][PASSED] - Object: 'Object Repository/mobileSanity/Teladoc/apply_button' is clicked on

2020-03-09 23:49:22 - [TEST_STEP][PASSED] - waitForPageLoad(20): Wait for page load successfully

2020-03-09 23:49:22 - [MESSAGE][PASSED] - Wait for page load successfully

2020-03-09 23:49:22 - [TEST_STEP][PASSED] - waitForElementPresent(findTestObject("mobileSanity/Teladoc/Page_App Page 1/input__member-P-1-firstName"), 20): Object 'Object Repository/mobileSanity/Teladoc/Page_App Page 1/input__member-P-1-firstName' is present

2020-03-09 23:49:23 - [MESSAGE][PASSED] - Object 'Object Repository/mobileSanity/Teladoc/Page_App Page 1/input__member-P-1-firstName' is present

2020-03-09 23:49:23 - [TEST_STEP][PASSED] - callTestCase(findTestCase("AHI/_include/get_screenshot"), [:], STOP_ON_FAILURE): Call Test Case 'Test Cases/AHI/_include/get_screenshot' successfully

2020-03-09 23:49:23 - [TEST_CASE][PASSED] - Test Cases/AHI/_include/get_screenshot: Test Cases/AHI/_include/get_screenshot

2020-03-09 23:49:23 - [TEST_STEP][PASSED] - Thread.sleep(1000): null

2020-03-09 23:49:24 - [TEST_STEP][PASSED] - takeScreenshot(screenPath + i + ".png"): Taking screenshot successfully

2020-03-09 23:49:24 - [MESSAGE][PASSED] - Taking screenshot successfully
[[ATTACHMENT|D:\\Test\\AgileTest\\Reports\\HIC\\hic\\20200309_233514\\../Screenshots/iPhone X/HIC/Teladoc/Teladoc/20200309_234854/4.png]]

2020-03-09 23:49:24 - [TEST_STEP][PASSED] - (internal.GlobalVariable.i++): null

2020-03-09 23:49:24 - [MESSAGE][PASSED] - Call Test Case 'Test Cases/AHI/_include/get_screenshot' successfully

2020-03-09 23:49:24 - [TEST_STEP][PASSED] - callTestCase(findTestCase("AHI/_include/name"), [:], STOP_ON_FAILURE): Call Test Case 'Test Cases/AHI/_include/name' successfully

2020-03-09 23:49:24 - [TEST_CASE][PASSED] - Test Cases/AHI/_include/name: Test Cases/AHI/_include/name

2020-03-09 23:49:24 - [TEST_STEP][PASSED] - driver = getWebDriver(): null

2020-03-09 23:49:24 - [TEST_STEP][PASSED] - selenium = new com.thoughtworks.selenium.webdriven.WebDriverBackedSelenium(driver, internal.GlobalVariable.ENV): null

2020-03-09 23:49:24 - [TEST_STEP][PASSED] - FirstName = "Test-123": null

2020-03-09 23:49:24 - [TEST_STEP][PASSED] - LastName = selenium.getEval("{var x="ABCDEFGHIJKLMNOPQRSTUVWXYZabcdefghijklmnopqrstuvwxyz"; var tmp="ZZ11-"; for (i=0;i<8;i++) tmp+=x.charAt(Math.ceil(51*Math.random()));tmp;}"): null

2020-03-09 23:49:24 - [TEST_STEP][PASSED] - Address = selenium.getEval("{var x="ABCDEFGHIJKLMNOPQRSTUVWXYZabcdefghijklmnopqrstuvwxyz"; var tmp=""; for (i=0;i<8;i++) tmp+=x.charAt(Math.ceil(51*Math.random()));tmp;}"): null

2020-03-09 23:49:25 - [TEST_STEP][PASSED] - City = selenium.getEval("{var x="ABCDEFGHIJKLMNOPQRSTUVWXYZabcdefghijklmnopqrstuvwxyz"; var tmp=""; for (i=0;i<8;i++) tmp+=x.charAt(Math.ceil(51*Math.random()));tmp;}"): null

2020-03-09 23:49:25 - [TEST_STEP][PASSED] - tel1 = selenium.getEval("{var x="123456789"; var tmp=""; for (i=0;i<3;i++) tmp+=x.charAt(Math.ceil(8*Math.random()));tmp;}"): null

2020-03-09 23:49:25 - [TEST_STEP][PASSED] - tel2 = selenium.getEval("{var x="123456789"; var tmp=""; for (i=0;i<3;i++) tmp+=x.charAt(Math.ceil(8*Math.random()));tmp;}"): null

2020-03-09 23:49:25 - [TEST_STEP][PASSED] - tel3 = selenium.getEval("{var x="123456789"; var tmp=""; for (i=0;i<4;i++) tmp+=x.charAt(Math.ceil(8*Math.random()));tmp;}"): null

2020-03-09 23:49:25 - [TEST_STEP][PASSED] - Tel = selenium.getExpression(tel1 + "-" + tel2 + "-" + tel3): null

2020-03-09 23:49:25 - [TEST_STEP][PASSED] - AutoEmail = selenium.getEval("{var x="ABCDEFGHIJKLMNOPQRSTUVWXYZabcdefghijklmnopqrstuvwxyz"; var tmp="test."; for (i=0;i<8;i++) tmp+=x.charAt(Math.ceil(51*Math.random()));tmp+="@suryani.cn";}"): null

2020-03-09 23:49:25 - [TEST_STEP][PASSED] - FirstName = FirstName: null

2020-03-09 23:49:25 - [TEST_STEP][PASSED] - LastName = LastName: null

2020-03-09 23:49:25 - [TEST_STEP][PASSED] - Address = Address: null

2020-03-09 23:49:25 - [TEST_STEP][PASSED] - City = City: null

2020-03-09 23:49:25 - [TEST_STEP][PASSED] - Tel = Tel: null

2020-03-09 23:49:25 - [TEST_STEP][PASSED] - AutoEmail = AutoEmail: null

2020-03-09 23:49:25 - [TEST_STEP][PASSED] - println(FirstName): null

2020-03-09 23:49:25 - [TEST_STEP][PASSED] - println(LastName): null

2020-03-09 23:49:25 - [TEST_STEP][PASSED] - println(Address): null

2020-03-09 23:49:25 - [TEST_STEP][PASSED] - println(City): null

2020-03-09 23:49:25 - [TEST_STEP][PASSED] - println(Tel): null

2020-03-09 23:49:25 - [TEST_STEP][PASSED] - println(AutoEmail): null

2020-03-09 23:49:25 - [MESSAGE][PASSED] - Call Test Case 'Test Cases/AHI/_include/name' successfully

2020-03-09 23:49:25 - [TEST_STEP][PASSED] - setText(findTestObject("mobileSanity/Teladoc/Page_App Page 1/input__member-P-1-firstName"), FirstName): Text 'Test-123' is set on object 'Object Repository/mobileSanity/Teladoc/Page_App Page 1/input__member-P-1-firstName'

2020-03-09 23:49:25 - [MESSAGE][PASSED] - Text 'Test-123' is set on object 'Object Repository/mobileSanity/Teladoc/Page_App Page 1/input__member-P-1-firstName'

2020-03-09 23:49:25 - [TEST_STEP][PASSED] - setText(findTestObject("mobileSanity/Teladoc/Page_App Page 1/input__member-P-1-lastName"), LastName): Text 'ZZ11-qIlrNBPN' is set on object 'Object Repository/mobileSanity/Teladoc/Page_App Page 1/input__member-P-1-lastName'

2020-03-09 23:49:25 - [MESSAGE][PASSED] - Text 'ZZ11-qIlrNBPN' is set on object 'Object Repository/mobileSanity/Teladoc/Page_App Page 1/input__member-P-1-lastName'

2020-03-09 23:49:25 - [TEST_STEP][PASSED] - selectOptionByValue(findTestObject("mobileSanity/Teladoc/Page_App Page 1/select_01020304050607"), "05", true): All options with value '05' are selected in object 'Object Repository/mobileSanity/Teladoc/Page_App Page 1/select_01020304050607'  using regular expression

2020-03-09 23:49:26 - [MESSAGE][PASSED] - All options with value '05' are selected in object 'Object Repository/mobileSanity/Teladoc/Page_App Page 1/select_01020304050607'  using regular expression

2020-03-09 23:49:26 - [TEST_STEP][PASSED] - selectOptionByValue(findTestObject("mobileSanity/Teladoc/Page_App Page 1/select_00102030405060708091011"), "06", true): All options with value '06' are selected in object 'Object Repository/mobileSanity/Teladoc/Page_App Page 1/select_00102030405060708091011'  using regular expression

2020-03-09 23:49:26 - [MESSAGE][PASSED] - All options with value '06' are selected in object 'Object Repository/mobileSanity/Teladoc/Page_App Page 1/select_00102030405060708091011'  using regular expression

2020-03-09 23:49:26 - [TEST_STEP][PASSED] - setText(findTestObject("mobileSanity/Teladoc/Page_App Page 1/input_lbs"), "180"): Text '180' is set on object 'Object Repository/mobileSanity/Teladoc/Page_App Page 1/input_lbs'

2020-03-09 23:49:26 - [MESSAGE][PASSED] - Text '180' is set on object 'Object Repository/mobileSanity/Teladoc/Page_App Page 1/input_lbs'

2020-03-09 23:49:26 - [TEST_STEP][PASSED] - setText(findTestObject("mobileSanity/Teladoc/Page_App Page 1/input__address"), Address): Text 'exXFpcOg' is set on object 'Object Repository/mobileSanity/Teladoc/Page_App Page 1/input__address'

2020-03-09 23:49:26 - [MESSAGE][PASSED] - Text 'exXFpcOg' is set on object 'Object Repository/mobileSanity/Teladoc/Page_App Page 1/input__address'

2020-03-09 23:49:26 - [TEST_STEP][PASSED] - setText(findTestObject("mobileSanity/Teladoc/Page_App Page 1/input__city"), City): Text 'pMyBUxEp' is set on object 'Object Repository/mobileSanity/Teladoc/Page_App Page 1/input__city'

2020-03-09 23:49:27 - [MESSAGE][PASSED] - Text 'pMyBUxEp' is set on object 'Object Repository/mobileSanity/Teladoc/Page_App Page 1/input__city'

2020-03-09 23:49:27 - [TEST_STEP][PASSED] - setText(findTestObject("mobileSanity/Teladoc/Page_App Page 1/input__email"), AutoEmail): Text 'test.WqXZkkDy@suryani.cn' is set on object 'Object Repository/mobileSanity/Teladoc/Page_App Page 1/input__email'

2020-03-09 23:49:27 - [MESSAGE][PASSED] - Text 'test.WqXZkkDy@suryani.cn' is set on object 'Object Repository/mobileSanity/Teladoc/Page_App Page 1/input__email'

2020-03-09 23:49:27 - [TEST_STEP][PASSED] - setText(findTestObject("mobileSanity/Teladoc/Page_App Page 1/input_phone number"), Tel): Text '735-537-3533' is set on object 'Object Repository/mobileSanity/Teladoc/Page_App Page 1/input_phone number'

2020-03-09 23:49:27 - [MESSAGE][PASSED] - Text '735-537-3533' is set on object 'Object Repository/mobileSanity/Teladoc/Page_App Page 1/input_phone number'

2020-03-09 23:49:27 - [TEST_STEP][PASSED] - Thread.sleep(2000): null

2020-03-09 23:49:29 - [TEST_STEP][PASSED] - scrollToElement(findTestObject("mobileSanity/Teladoc/Page_App Page 1/a_Continue to Step 2 - Payment"), 10): Scroll to object 'Object Repository/mobileSanity/Teladoc/Page_App Page 1/a_Continue to Step 2 - Payment' successfully

2020-03-09 23:49:29 - [MESSAGE][PASSED] - Scroll to object 'Object Repository/mobileSanity/Teladoc/Page_App Page 1/a_Continue to Step 2 - Payment' successfully

2020-03-09 23:49:29 - [TEST_STEP][PASSED] - click(findTestObject("mobileSanity/Teladoc/Page_App Page 1/a_Continue to Step 2 - Payment")): Object: 'Object Repository/mobileSanity/Teladoc/Page_App Page 1/a_Continue to Step 2 - Payment' is clicked on

2020-03-09 23:49:29 - [MESSAGE][PASSED] - Object: 'Object Repository/mobileSanity/Teladoc/Page_App Page 1/a_Continue to Step 2 - Payment' is clicked on

2020-03-09 23:49:29 - [TEST_STEP][PASSED] - waitForPageLoad(20): Wait for page load successfully

2020-03-09 23:49:29 - [MESSAGE][PASSED] - Wait for page load successfully

2020-03-09 23:49:29 - [TEST_STEP][PASSED] - waitForElementVisible(findTestObject("mobileSanity/Teladoc/Page_App Page 2/input__credit-card-first"), 20): Object 'Object Repository/mobileSanity/Teladoc/Page_App Page 2/input__credit-card-first' is visible

2020-03-09 23:49:30 - [MESSAGE][PASSED] - Object 'Object Repository/mobileSanity/Teladoc/Page_App Page 2/input__credit-card-first' is visible

2020-03-09 23:49:30 - [TEST_STEP][PASSED] - callTestCase(findTestCase("AHI/_include/get_screenshot"), [:], STOP_ON_FAILURE): Call Test Case 'Test Cases/AHI/_include/get_screenshot' successfully

2020-03-09 23:49:30 - [TEST_CASE][PASSED] - Test Cases/AHI/_include/get_screenshot: Test Cases/AHI/_include/get_screenshot

2020-03-09 23:49:30 - [TEST_STEP][PASSED] - Thread.sleep(1000): null

2020-03-09 23:49:31 - [TEST_STEP][PASSED] - takeScreenshot(screenPath + i + ".png"): Taking screenshot successfully

2020-03-09 23:49:32 - [MESSAGE][PASSED] - Taking screenshot successfully
[[ATTACHMENT|D:\\Test\\AgileTest\\Reports\\HIC\\hic\\20200309_233514\\../Screenshots/iPhone X/HIC/Teladoc/Teladoc/20200309_234854/5.png]]

2020-03-09 23:49:32 - [TEST_STEP][PASSED] - (internal.GlobalVariable.i++): null

2020-03-09 23:49:32 - [MESSAGE][PASSED] - Call Test Case 'Test Cases/AHI/_include/get_screenshot' successfully

2020-03-09 23:49:32 - [TEST_STEP][PASSED] - setText(findTestObject("mobileSanity/Teladoc/Page_App Page 2/input__credit-card-first"), FirstName): Text 'Test-123' is set on object 'Object Repository/mobileSanity/Teladoc/Page_App Page 2/input__credit-card-first'

2020-03-09 23:49:32 - [MESSAGE][PASSED] - Text 'Test-123' is set on object 'Object Repository/mobileSanity/Teladoc/Page_App Page 2/input__credit-card-first'

2020-03-09 23:49:32 - [TEST_STEP][PASSED] - setText(findTestObject("mobileSanity/Teladoc/Page_App Page 2/input__credit-card-last"), LastName): Text 'ZZ11-qIlrNBPN' is set on object 'Object Repository/mobileSanity/Teladoc/Page_App Page 2/input__credit-card-last'

2020-03-09 23:49:32 - [MESSAGE][PASSED] - Text 'ZZ11-qIlrNBPN' is set on object 'Object Repository/mobileSanity/Teladoc/Page_App Page 2/input__credit-card-last'

2020-03-09 23:49:32 - [TEST_STEP][PASSED] - selectOptionByValue(findTestObject("mobileSanity/Teladoc/Page_App Page 2/select_MM010203040506070809101"), "12", true): All options with value '12' are selected in object 'Object Repository/mobileSanity/Teladoc/Page_App Page 2/select_MM010203040506070809101'  using regular expression

2020-03-09 23:49:33 - [MESSAGE][PASSED] - All options with value '12' are selected in object 'Object Repository/mobileSanity/Teladoc/Page_App Page 2/select_MM010203040506070809101'  using regular expression

2020-03-09 23:49:33 - [TEST_STEP][PASSED] - selectOptionByValue(findTestObject("mobileSanity/Teladoc/Page_App Page 2/select_YYYY2019202020212022202"), "2026", true): All options with value '2026' are selected in object 'Object Repository/mobileSanity/Teladoc/Page_App Page 2/select_YYYY2019202020212022202'  using regular expression

2020-03-09 23:49:33 - [MESSAGE][PASSED] - All options with value '2026' are selected in object 'Object Repository/mobileSanity/Teladoc/Page_App Page 2/select_YYYY2019202020212022202'  using regular expression

2020-03-09 23:49:33 - [TEST_STEP][PASSED] - setText(findTestObject("mobileSanity/Teladoc/Page_App Page 2/input__credit-card-number"), "4111111111111111"): Text '4111111111111111' is set on object 'Object Repository/mobileSanity/Teladoc/Page_App Page 2/input__credit-card-number'

2020-03-09 23:49:33 - [MESSAGE][PASSED] - Text '4111111111111111' is set on object 'Object Repository/mobileSanity/Teladoc/Page_App Page 2/input__credit-card-number'

2020-03-09 23:49:33 - [TEST_STEP][PASSED] - setText(findTestObject("mobileSanity/Teladoc/Page_App Page 2/input__credit-card-cvv"), "122"): Text '122' is set on object 'Object Repository/mobileSanity/Teladoc/Page_App Page 2/input__credit-card-cvv'

2020-03-09 23:49:33 - [MESSAGE][PASSED] - Text '122' is set on object 'Object Repository/mobileSanity/Teladoc/Page_App Page 2/input__credit-card-cvv'

2020-03-09 23:49:33 - [TEST_STEP][PASSED] - click(findTestObject("mobileSanity/Teladoc/Page_App Page 2/label_My billing address is th")): Object: 'Object Repository/mobileSanity/Teladoc/Page_App Page 2/label_My billing address is th' is clicked on

2020-03-09 23:49:33 - [MESSAGE][PASSED] - Object: 'Object Repository/mobileSanity/Teladoc/Page_App Page 2/label_My billing address is th' is clicked on

2020-03-09 23:49:33 - [TEST_STEP][PASSED] - click(findTestObject("mobileSanity/Teladoc/Page_App Page 2/label_I Accept Authorization f")): Object: 'Object Repository/mobileSanity/Teladoc/Page_App Page 2/label_I Accept Authorization f' is clicked on

2020-03-09 23:49:34 - [MESSAGE][PASSED] - Object: 'Object Repository/mobileSanity/Teladoc/Page_App Page 2/label_I Accept Authorization f' is clicked on

2020-03-09 23:49:34 - [TEST_STEP][PASSED] - click(findTestObject("mobileSanity/Teladoc/Page_App Page 2/a_Continue to Step 3 - Review")): Object: 'Object Repository/mobileSanity/Teladoc/Page_App Page 2/a_Continue to Step 3 - Review' is clicked on

2020-03-09 23:49:34 - [MESSAGE][PASSED] - Object: 'Object Repository/mobileSanity/Teladoc/Page_App Page 2/a_Continue to Step 3 - Review' is clicked on

2020-03-09 23:49:34 - [TEST_STEP][PASSED] - waitForPageLoad(20): Wait for page load successfully

2020-03-09 23:49:34 - [MESSAGE][PASSED] - Wait for page load successfully

2020-03-09 23:49:34 - [TEST_STEP][PASSED] - waitForElementPresent(findTestObject("mobileSanity/Teladoc/Page_App Page 3/label"), 20): Object 'Object Repository/mobileSanity/Teladoc/Page_App Page 3/label' is present

2020-03-09 23:49:45 - [MESSAGE][PASSED] - Object 'Object Repository/mobileSanity/Teladoc/Page_App Page 3/label' is present

2020-03-09 23:49:45 - [TEST_STEP][PASSED] - Thread.sleep(5000): null

2020-03-09 23:49:50 - [TEST_STEP][PASSED] - callTestCase(findTestCase("AHI/_include/get_screenshot"), [:], STOP_ON_FAILURE): Call Test Case 'Test Cases/AHI/_include/get_screenshot' successfully

2020-03-09 23:49:50 - [TEST_CASE][PASSED] - Test Cases/AHI/_include/get_screenshot: Test Cases/AHI/_include/get_screenshot

2020-03-09 23:49:50 - [TEST_STEP][PASSED] - Thread.sleep(1000): null

2020-03-09 23:49:51 - [TEST_STEP][PASSED] - takeScreenshot(screenPath + i + ".png"): Taking screenshot successfully

2020-03-09 23:49:51 - [MESSAGE][PASSED] - Taking screenshot successfully
[[ATTACHMENT|D:\\Test\\AgileTest\\Reports\\HIC\\hic\\20200309_233514\\../Screenshots/iPhone X/HIC/Teladoc/Teladoc/20200309_234854/6.png]]

2020-03-09 23:49:51 - [TEST_STEP][PASSED] - (internal.GlobalVariable.i++): null

2020-03-09 23:49:51 - [MESSAGE][PASSED] - Call Test Case 'Test Cases/AHI/_include/get_screenshot' successfully

2020-03-09 23:49:51 - [TEST_STEP][PASSED] - scrollToElement(findTestObject("mobileSanity/Teladoc/Page_App Page 3/label"), 10): Scroll to object 'Object Repository/mobileSanity/Teladoc/Page_App Page 3/label' successfully

2020-03-09 23:49:51 - [MESSAGE][PASSED] - Scroll to object 'Object Repository/mobileSanity/Teladoc/Page_App Page 3/label' successfully

2020-03-09 23:49:51 - [TEST_STEP][PASSED] - waitForElementClickable(findTestObject("mobileSanity/Teladoc/Page_App Page 3/label"), 10): Object 'Object Repository/mobileSanity/Teladoc/Page_App Page 3/label' is clickable

2020-03-09 23:49:51 - [MESSAGE][PASSED] - Object 'Object Repository/mobileSanity/Teladoc/Page_App Page 3/label' is clickable

2020-03-09 23:49:51 - [TEST_STEP][PASSED] - click(findTestObject("mobileSanity/Teladoc/Page_App Page 3/label")): Object: 'Object Repository/mobileSanity/Teladoc/Page_App Page 3/label' is clicked on

2020-03-09 23:49:52 - [MESSAGE][PASSED] - Object: 'Object Repository/mobileSanity/Teladoc/Page_App Page 3/label' is clicked on

2020-03-09 23:49:52 - [TEST_STEP][PASSED] - click(findTestObject("mobileSanity/Teladoc/Page_App Page 3/p_")): Object: 'Object Repository/mobileSanity/Teladoc/Page_App Page 3/p_' is clicked on

2020-03-09 23:49:52 - [MESSAGE][PASSED] - Object: 'Object Repository/mobileSanity/Teladoc/Page_App Page 3/p_' is clicked on

2020-03-09 23:49:52 - [TEST_STEP][PASSED] - click(findTestObject("mobileSanity/Teladoc/Page_App Page 3/a_Submit Your Application")): Object: 'Object Repository/mobileSanity/Teladoc/Page_App Page 3/a_Submit Your Application' is clicked on

2020-03-09 23:49:52 - [MESSAGE][PASSED] - Object: 'Object Repository/mobileSanity/Teladoc/Page_App Page 3/a_Submit Your Application' is clicked on

2020-03-09 23:49:52 - [TEST_STEP][PASSED] - Thread.sleep(50000): null

2020-03-09 23:50:42 - [TEST_STEP][PASSED] - callTestCase(findTestCase("AHI/_include/get_screenshot"), [:], STOP_ON_FAILURE): Call Test Case 'Test Cases/AHI/_include/get_screenshot' successfully

2020-03-09 23:50:42 - [TEST_CASE][PASSED] - Test Cases/AHI/_include/get_screenshot: Test Cases/AHI/_include/get_screenshot

2020-03-09 23:50:42 - [TEST_STEP][PASSED] - Thread.sleep(1000): null

2020-03-09 23:50:43 - [TEST_STEP][PASSED] - takeScreenshot(screenPath + i + ".png"): Taking screenshot successfully

2020-03-09 23:50:43 - [MESSAGE][PASSED] - Taking screenshot successfully
[[ATTACHMENT|D:\\Test\\AgileTest\\Reports\\HIC\\hic\\20200309_233514\\../Screenshots/iPhone X/HIC/Teladoc/Teladoc/20200309_234854/7.png]]

2020-03-09 23:50:43 - [TEST_STEP][PASSED] - (internal.GlobalVariable.i++): null

2020-03-09 23:50:43 - [MESSAGE][PASSED] - Call Test Case 'Test Cases/AHI/_include/get_screenshot' successfully

2020-03-09 23:50:43 - [TEST_STEP][PASSED] - verifyTextPresent("Congratulations", false): Text 'Congratulations' is present on page 

2020-03-09 23:50:44 - [MESSAGE][PASSED] - Text 'Congratulations' is present on page]]></system-out>
         <system-err><![CDATA[]]></system-err>
      </testcase>
      <system-out><![CDATA[2020-03-09 23:42:28 - [TEST_SUITE][PASSED] - hic: Test Cases/HIC/New/Teladoc]]></system-out>
      <system-err><![CDATA[]]></system-err>
   </testsuite>
</testsuites>
