<?xml version="1.0" encoding="UTF-8"?>
<testsuites name="PremierSMI" time="515" tests="4" failures="0" errors="0">
   <testsuite name="PremierSMI" tests="4" failures="0" errors="0" time="515" timestamp="2020-04-23 08:13:42" hostname="Administrator - 172.30.0.53" id="Test Suites/PrivateLabel/PremierSMI">
      <properties>
         <property name="deviceName" value=""/>
         <property name="devicePlatform" value=""/>
         <property name="logFolder" value="D:\\Test\\AgileTest\\Reports\\PrivateLabel\\PremierSMI\\20200423_080048"/>
         <property name="logFiles" value="D:\\Test\\AgileTest\\Reports\\PrivateLabel\\PremierSMI\\20200423_080048\\execution0.log"/>
         <property name="attachments" value="D:\\Test\\AgileTest\\Reports\\PrivateLabel\\PremierSMI\\20200423_080048\\../Screenshots/iPhone 6/PremierSMI/AdvantHealth/20200423_081343/0.png, D:\\Test\\AgileTest\\Reports\\PrivateLabel\\PremierSMI\\20200423_080048\\../Screenshots/iPhone 6/PremierSMI/AdvantHealth/20200423_081343/1.png, D:\\Test\\AgileTest\\Reports\\PrivateLabel\\PremierSMI\\20200423_080048\\../Screenshots/iPhone 6/PremierSMI/AdvantHealth/20200423_081343/2.png, D:\\Test\\AgileTest\\Reports\\PrivateLabel\\PremierSMI\\20200423_080048\\../Screenshots/iPhone 6/PremierSMI/AdvantHealth/20200423_081343/3.png, D:\\Test\\AgileTest\\Reports\\PrivateLabel\\PremierSMI\\20200423_080048\\../Screenshots/iPhone 6/PremierSMI/AdvantHealth/20200423_081343/4.png, D:\\Test\\AgileTest\\Reports\\PrivateLabel\\PremierSMI\\20200423_080048\\../Screenshots/iPhone 6/PremierSMI/AdvantHealth/20200423_081343/5.png, D:\\Test\\AgileTest\\Reports\\PrivateLabel\\PremierSMI\\20200423_080048\\../Screenshots/iPhone 6/PremierSMI/AdvantHealth/20200423_081343/6.png, D:\\Test\\AgileTest\\Reports\\PrivateLabel\\PremierSMI\\20200423_080048\\../Screenshots/iPhone 6/PremierSMI/AdvantHealth/20200423_081343/7.png, D:\\Test\\AgileTest\\Reports\\PrivateLabel\\PremierSMI\\20200423_080048\\../Screenshots/iPhone 6/PremierSMI/AdvantHealth/20200423_081343/8.png, D:\\Test\\AgileTest\\Reports\\PrivateLabel\\PremierSMI\\20200423_080048\\../Screenshots/iPhone 6/PremierSMI/AdvantHealth/20200423_081343/9.png, D:\\Test\\AgileTest\\Reports\\PrivateLabel\\PremierSMI\\20200423_080048\\../Screenshots/iPhone 6/PremierSMI/AdvantHealth/20200423_081343/10.png, D:\\Test\\AgileTest\\Reports\\PrivateLabel\\PremierSMI\\20200423_080048\\../Screenshots/iPhone 6/PremierSMI/Aspen/20200423_081606/0.png, D:\\Test\\AgileTest\\Reports\\PrivateLabel\\PremierSMI\\20200423_080048\\../Screenshots/iPhone 6/PremierSMI/Aspen/20200423_081606/1.png, D:\\Test\\AgileTest\\Reports\\PrivateLabel\\PremierSMI\\20200423_080048\\../Screenshots/iPhone 6/PremierSMI/Aspen/20200423_081606/2.png, D:\\Test\\AgileTest\\Reports\\PrivateLabel\\PremierSMI\\20200423_080048\\../Screenshots/iPhone 6/PremierSMI/Aspen/20200423_081606/3.png, D:\\Test\\AgileTest\\Reports\\PrivateLabel\\PremierSMI\\20200423_080048\\../Screenshots/iPhone 6/PremierSMI/Aspen/20200423_081606/4.png, D:\\Test\\AgileTest\\Reports\\PrivateLabel\\PremierSMI\\20200423_080048\\../Screenshots/iPhone 6/PremierSMI/Aspen/20200423_081606/5.png, D:\\Test\\AgileTest\\Reports\\PrivateLabel\\PremierSMI\\20200423_080048\\../Screenshots/iPhone 6/PremierSMI/Aspen/20200423_081606/6.png, D:\\Test\\AgileTest\\Reports\\PrivateLabel\\PremierSMI\\20200423_080048\\../Screenshots/iPhone 6/PremierSMI/Aspen/20200423_081606/7.png, D:\\Test\\AgileTest\\Reports\\PrivateLabel\\PremierSMI\\20200423_080048\\../Screenshots/iPhone 6/PremierSMI/Aspen/20200423_081606/8.png, D:\\Test\\AgileTest\\Reports\\PrivateLabel\\PremierSMI\\20200423_080048\\../Screenshots/iPhone 6/PremierSMI/Aspen/20200423_081606/9.png, D:\\Test\\AgileTest\\Reports\\PrivateLabel\\PremierSMI\\20200423_080048\\../Screenshots/iPhone 6/PremierSMI/Aspen/20200423_081606/10.png, D:\\Test\\AgileTest\\Reports\\PrivateLabel\\PremierSMI\\20200423_080048\\../Screenshots/iPhone 6/PremierSMI/Health Choice/20200423_081813/0.png, D:\\Test\\AgileTest\\Reports\\PrivateLabel\\PremierSMI\\20200423_080048\\../Screenshots/iPhone 6/PremierSMI/Health Choice/20200423_081813/1.png, D:\\Test\\AgileTest\\Reports\\PrivateLabel\\PremierSMI\\20200423_080048\\../Screenshots/iPhone 6/PremierSMI/Health Choice/20200423_081813/2.png, D:\\Test\\AgileTest\\Reports\\PrivateLabel\\PremierSMI\\20200423_080048\\../Screenshots/iPhone 6/PremierSMI/Health Choice/20200423_081813/3.png, D:\\Test\\AgileTest\\Reports\\PrivateLabel\\PremierSMI\\20200423_080048\\../Screenshots/iPhone 6/PremierSMI/Health Choice/20200423_081813/4.png, D:\\Test\\AgileTest\\Reports\\PrivateLabel\\PremierSMI\\20200423_080048\\../Screenshots/iPhone 6/PremierSMI/Health Choice/20200423_081813/5.png, D:\\Test\\AgileTest\\Reports\\PrivateLabel\\PremierSMI\\20200423_080048\\../Screenshots/iPhone 6/PremierSMI/Health Choice/20200423_081813/6.png, D:\\Test\\AgileTest\\Reports\\PrivateLabel\\PremierSMI\\20200423_080048\\../Screenshots/iPhone 6/PremierSMI/Health Choice/20200423_081813/7.png, D:\\Test\\AgileTest\\Reports\\PrivateLabel\\PremierSMI\\20200423_080048\\../Screenshots/iPhone 6/PremierSMI/Health Choice/20200423_081813/8.png, D:\\Test\\AgileTest\\Reports\\PrivateLabel\\PremierSMI\\20200423_080048\\../Screenshots/iPhone 6/PremierSMI/Health Choice/20200423_081813/9.png, D:\\Test\\AgileTest\\Reports\\PrivateLabel\\PremierSMI\\20200423_080048\\../Screenshots/iPhone 6/PremierSMI/Legion/20200423_082018/0.png, D:\\Test\\AgileTest\\Reports\\PrivateLabel\\PremierSMI\\20200423_080048\\../Screenshots/iPhone 6/PremierSMI/Legion/20200423_082018/1.png, D:\\Test\\AgileTest\\Reports\\PrivateLabel\\PremierSMI\\20200423_080048\\../Screenshots/iPhone 6/PremierSMI/Legion/20200423_082018/2.png, D:\\Test\\AgileTest\\Reports\\PrivateLabel\\PremierSMI\\20200423_080048\\../Screenshots/iPhone 6/PremierSMI/Legion/20200423_082018/3.png, D:\\Test\\AgileTest\\Reports\\PrivateLabel\\PremierSMI\\20200423_080048\\../Screenshots/iPhone 6/PremierSMI/Legion/20200423_082018/4.png, D:\\Test\\AgileTest\\Reports\\PrivateLabel\\PremierSMI\\20200423_080048\\../Screenshots/iPhone 6/PremierSMI/Legion/20200423_082018/5.png, D:\\Test\\AgileTest\\Reports\\PrivateLabel\\PremierSMI\\20200423_080048\\../Screenshots/iPhone 6/PremierSMI/Legion/20200423_082018/6.png, D:\\Test\\AgileTest\\Reports\\PrivateLabel\\PremierSMI\\20200423_080048\\../Screenshots/iPhone 6/PremierSMI/Legion/20200423_082018/7.png, D:\\Test\\AgileTest\\Reports\\PrivateLabel\\PremierSMI\\20200423_080048\\../Screenshots/iPhone 6/PremierSMI/Legion/20200423_082018/8.png, D:\\Test\\AgileTest\\Reports\\PrivateLabel\\PremierSMI\\20200423_080048\\../Screenshots/iPhone 6/PremierSMI/Legion/20200423_082018/9.png"/>
         <property name="hostName" value="Administrator - 172.30.0.53"/>
         <property name="os" value="Windows Server 2012 R2 64bit"/>
         <property name="katalonVersion" value="5.10.1.1"/>
         <property name="browser" value="Safari 11"/>
         <property name="hostAddress" value="172.30.0.53"/>
         <property name="sessionId" value="b5bd97ca1638e094971a97a5128b1d0a"/>
         <property name="seleniumVersion" value="3.7.1"/>
         <property name="proxyInformation" value="ProxyInformation{proxyOption=NO_PROXY, proxyServerType=HTTP, password=, proxyServerAddress=, proxyServerPort=0}"/>
         <property name="platform" value="Windows Server 2012 R2"/>
      </properties>
      <testcase name="Test Cases/PL Site/PremierSMI/AdvantHealth" classname="Test Cases/PL Site/PremierSMI/AdvantHealth" status="PASSED">
         <system-out><![CDATA[2020-04-23 08:13:42 - [TEST_CASE][PASSED] - Test Cases/PL Site/PremierSMI/AdvantHealth: Test Cases/PL Site/PremierSMI/AdvantHealth

2020-04-23 08:13:42 - [TEST_STEP][PASSED] - callTestCase(findTestCase("AHI/_include/get_screenPath"), ["productLine":"PremierSMI", "carrierName":"AdvantHealth"], CONTINUE_ON_FAILURE): Call Test Case 'Test Cases/AHI/_include/get_screenPath' successfully

2020-04-23 08:13:43 - [TEST_CASE][PASSED] - Test Cases/AHI/_include/get_screenPath: Test Cases/AHI/_include/get_screenPath

2020-04-23 08:13:43 - [TEST_STEP][PASSED] - m = getExecutionProperties(): null

2020-04-23 08:13:43 - [TEST_STEP][PASSED] - deviceName = get("mobileEmulation").get("deviceName"): null

2020-04-23 08:13:43 - [TEST_STEP][PASSED] - println(deviceName): null

2020-04-23 08:13:43 - [TEST_STEP][PASSED] - now = new java.util.Date(): null

2020-04-23 08:13:43 - [TEST_STEP][PASSED] - mydate = now.format("yyyyMMdd_HHmmss"): null

2020-04-23 08:13:43 - [TEST_STEP][PASSED] - screenPath = "../Screenshots/": null

2020-04-23 08:13:43 - [TEST_STEP][PASSED] - screenPath = screenPath + deviceName + "/" + productLine + "/" + carrierName + "/" + mydate + "/": null

2020-04-23 08:13:43 - [TEST_STEP][PASSED] - println(screenPath): null

2020-04-23 08:13:43 - [MESSAGE][PASSED] - Call Test Case 'Test Cases/AHI/_include/get_screenPath' successfully

2020-04-23 08:13:43 - [TEST_STEP][PASSED] - i = 0: null

2020-04-23 08:13:43 - [TEST_STEP][PASSED] - callTestCase(findTestCase("AHI/_include/openWebSite"), ["env":"https://premiersmi--qa.storefront.mybenefitskeeper.com"], CONTINUE_ON_FAILURE): Call Test Case 'Test Cases/AHI/_include/openWebSite' successfully

2020-04-23 08:13:43 - [TEST_CASE][PASSED] - Test Cases/AHI/_include/openWebSite: Test Cases/AHI/_include/openWebSite

2020-04-23 08:13:43 - [TEST_STEP][PASSED] - openBrowser(env): Browser is opened with url: 'https://premiersmi--qa.storefront.mybenefitskeeper.com'

2020-04-23 08:13:44 - [MESSAGE][INFO] - Starting 'Chrome' driver

2020-04-23 08:13:44 - [MESSAGE][INFO] - User set preference: ['mobileEmulation', '{deviceName=iPhone 6}']

2020-04-23 08:13:44 - [MESSAGE][INFO] - User set preference: ['args', '[--incognito, --aggressive-cache-discard, --window-size=375,677, --no-sandbox, --ignore-certificate-errors]']

2020-04-23 08:13:44 - [MESSAGE][INFO] - Action delay is set to 0 seconds

2020-04-23 08:13:59 - [MESSAGE][PASSED] - Browser is opened with url: 'https://premiersmi--qa.storefront.mybenefitskeeper.com'

2020-04-23 08:13:59 - [TEST_STEP][PASSED] - waitForPageLoad(20): Wait for page load successfully

2020-04-23 08:14:00 - [MESSAGE][PASSED] - Wait for page load successfully

2020-04-23 08:14:00 - [TEST_STEP][PASSED] - callTestCase(findTestCase("AHI/_include/get_screenshot"), [:], STOP_ON_FAILURE): Call Test Case 'Test Cases/AHI/_include/get_screenshot' successfully

2020-04-23 08:14:00 - [TEST_CASE][PASSED] - Test Cases/AHI/_include/get_screenshot: Test Cases/AHI/_include/get_screenshot

2020-04-23 08:14:00 - [TEST_STEP][PASSED] - Thread.sleep(1000): null

2020-04-23 08:14:01 - [TEST_STEP][PASSED] - takeScreenshot(screenPath + i + ".png"): Taking screenshot successfully

2020-04-23 08:14:02 - [MESSAGE][PASSED] - Taking screenshot successfully
[[ATTACHMENT|D:\\Test\\AgileTest\\Reports\\PrivateLabel\\PremierSMI\\20200423_080048\\../Screenshots/iPhone 6/PremierSMI/AdvantHealth/20200423_081343/0.png]]

2020-04-23 08:14:02 - [TEST_STEP][PASSED] - (internal.GlobalVariable.i++): null

2020-04-23 08:14:02 - [MESSAGE][PASSED] - Call Test Case 'Test Cases/AHI/_include/get_screenshot' successfully

2020-04-23 08:14:02 - [MESSAGE][PASSED] - Call Test Case 'Test Cases/AHI/_include/openWebSite' successfully

2020-04-23 08:14:02 - [TEST_STEP][PASSED] - callTestCase(findTestCase("AHI/_include/census_stm"), ["zipcode":"35215"], STOP_ON_FAILURE): Call Test Case 'Test Cases/AHI/_include/census_stm' successfully

2020-04-23 08:14:02 - [TEST_CASE][PASSED] - Test Cases/AHI/_include/census_stm: Test Cases/AHI/_include/census_stm

2020-04-23 08:14:02 - [TEST_STEP][PASSED] - waitForElementClickable(findTestObject("mobileSanity/STM/Home Page/a_Quote  Save Today"), 10): Object 'Object Repository/mobileSanity/STM/Home Page/a_Quote  Save Today' is clickable

2020-04-23 08:14:02 - [MESSAGE][PASSED] - Object 'Object Repository/mobileSanity/STM/Home Page/a_Quote  Save Today' is clickable

2020-04-23 08:14:02 - [TEST_STEP][PASSED] - click(findTestObject("mobileSanity/STM/Home Page/a_Quote  Save Today")): Object: 'Object Repository/mobileSanity/STM/Home Page/a_Quote  Save Today' is clicked on

2020-04-23 08:14:03 - [MESSAGE][PASSED] - Object: 'Object Repository/mobileSanity/STM/Home Page/a_Quote  Save Today' is clicked on

2020-04-23 08:14:03 - [TEST_STEP][PASSED] - waitForElementPresent(findTestObject("mobileSanity/STM/STM Census Page/input_Location_zip-input"), 20): Object 'Object Repository/mobileSanity/STM/STM Census Page/input_Location_zip-input' is present

2020-04-23 08:14:03 - [MESSAGE][PASSED] - Object 'Object Repository/mobileSanity/STM/STM Census Page/input_Location_zip-input' is present

2020-04-23 08:14:03 - [TEST_STEP][PASSED] - callTestCase(findTestCase("AHI/_include/get_screenshot"), [:], STOP_ON_FAILURE): Call Test Case 'Test Cases/AHI/_include/get_screenshot' successfully

2020-04-23 08:14:03 - [TEST_CASE][PASSED] - Test Cases/AHI/_include/get_screenshot: Test Cases/AHI/_include/get_screenshot

2020-04-23 08:14:03 - [TEST_STEP][PASSED] - Thread.sleep(1000): null

2020-04-23 08:14:04 - [TEST_STEP][PASSED] - takeScreenshot(screenPath + i + ".png"): Taking screenshot successfully

2020-04-23 08:14:04 - [MESSAGE][PASSED] - Taking screenshot successfully
[[ATTACHMENT|D:\\Test\\AgileTest\\Reports\\PrivateLabel\\PremierSMI\\20200423_080048\\../Screenshots/iPhone 6/PremierSMI/AdvantHealth/20200423_081343/1.png]]

2020-04-23 08:14:04 - [TEST_STEP][PASSED] - (internal.GlobalVariable.i++): null

2020-04-23 08:14:04 - [MESSAGE][PASSED] - Call Test Case 'Test Cases/AHI/_include/get_screenshot' successfully

2020-04-23 08:14:04 - [TEST_STEP][PASSED] - setText(findTestObject("mobileSanity/STM/STM Census Page/input_Location_zip-input"), zipcode): Text '35215' is set on object 'Object Repository/mobileSanity/STM/STM Census Page/input_Location_zip-input'

2020-04-23 08:14:05 - [MESSAGE][PASSED] - Text '35215' is set on object 'Object Repository/mobileSanity/STM/STM Census Page/input_Location_zip-input'

2020-04-23 08:14:05 - [TEST_STEP][PASSED] - Thread.sleep(500): null

2020-04-23 08:14:05 - [TEST_STEP][PASSED] - setText(findTestObject("mobileSanity/STM/STM Census Page/input_Date of Birth_dob-0"), "03031987"): Text '03031987' is set on object 'Object Repository/mobileSanity/STM/STM Census Page/input_Date of Birth_dob-0'

2020-04-23 08:14:06 - [MESSAGE][PASSED] - Text '03031987' is set on object 'Object Repository/mobileSanity/STM/STM Census Page/input_Date of Birth_dob-0'

2020-04-23 08:14:06 - [TEST_STEP][PASSED] - click(findTestObject("mobileSanity/STM/STM Census Page/label_Male")): Object: 'Object Repository/mobileSanity/STM/STM Census Page/label_Male' is clicked on

2020-04-23 08:14:06 - [MESSAGE][PASSED] - Object: 'Object Repository/mobileSanity/STM/STM Census Page/label_Male' is clicked on

2020-04-23 08:14:06 - [TEST_STEP][PASSED] - Thread.sleep(2000): null

2020-04-23 08:14:08 - [TEST_STEP][PASSED] - click(findTestObject("mobileSanity/STM/STM Census Page/label_Compare Plans")): Object: 'Object Repository/mobileSanity/STM/STM Census Page/label_Compare Plans' is clicked on

2020-04-23 08:14:13 - [MESSAGE][PASSED] - Object: 'Object Repository/mobileSanity/STM/STM Census Page/label_Compare Plans' is clicked on

2020-04-23 08:14:13 - [TEST_STEP][PASSED] - waitForElementVisible(findTestObject("mobileSanity/STM/STM Quote Page/button_sort"), 20): Object 'Object Repository/mobileSanity/STM/STM Quote Page/button_sort' is visible

2020-04-23 08:14:14 - [MESSAGE][PASSED] - Object 'Object Repository/mobileSanity/STM/STM Quote Page/button_sort' is visible

2020-04-23 08:14:14 - [TEST_STEP][PASSED] - Thread.sleep(3000): null

2020-04-23 08:14:17 - [TEST_STEP][PASSED] - callTestCase(findTestCase("AHI/_include/get_screenshot"), [:], STOP_ON_FAILURE): Call Test Case 'Test Cases/AHI/_include/get_screenshot' successfully

2020-04-23 08:14:17 - [TEST_CASE][PASSED] - Test Cases/AHI/_include/get_screenshot: Test Cases/AHI/_include/get_screenshot

2020-04-23 08:14:17 - [TEST_STEP][PASSED] - Thread.sleep(1000): null

2020-04-23 08:14:18 - [TEST_STEP][PASSED] - takeScreenshot(screenPath + i + ".png"): Taking screenshot successfully

2020-04-23 08:14:18 - [MESSAGE][PASSED] - Taking screenshot successfully
[[ATTACHMENT|D:\\Test\\AgileTest\\Reports\\PrivateLabel\\PremierSMI\\20200423_080048\\../Screenshots/iPhone 6/PremierSMI/AdvantHealth/20200423_081343/2.png]]

2020-04-23 08:14:18 - [TEST_STEP][PASSED] - (internal.GlobalVariable.i++): null

2020-04-23 08:14:18 - [MESSAGE][PASSED] - Call Test Case 'Test Cases/AHI/_include/get_screenshot' successfully

2020-04-23 08:14:18 - [TEST_STEP][PASSED] - Thread.sleep(1000): null

2020-04-23 08:14:19 - [MESSAGE][PASSED] - Call Test Case 'Test Cases/AHI/_include/census_stm' successfully

2020-04-23 08:14:19 - [TEST_STEP][PASSED] - callTestCase(findTestCase("AHI/_include/goToDetail_stm"), ["carrier":"advanthealth"], STOP_ON_FAILURE): Call Test Case 'Test Cases/AHI/_include/goToDetail_stm' successfully

2020-04-23 08:14:20 - [TEST_CASE][PASSED] - Test Cases/AHI/_include/goToDetail_stm: Test Cases/AHI/_include/goToDetail_stm

2020-04-23 08:14:20 - [TEST_STEP][PASSED] - driver = getWebDriver(): null

2020-04-23 08:14:20 - [TEST_STEP][PASSED] - selenium = new com.thoughtworks.selenium.webdriven.WebDriverBackedSelenium(driver, internal.GlobalVariable.ENV): null

2020-04-23 08:14:20 - [TEST_STEP][PASSED] - a_plan_name = "xpath=//a[contains(@href,'/term-health-insurance/plan/" + carrier + "')]": null

2020-04-23 08:14:20 - [TEST_STEP][PASSED] - println(a_plan_name): null

2020-04-23 08:14:20 - [TEST_STEP][PASSED] - selenium.click(a_plan_name): null

2020-04-23 08:14:21 - [TEST_STEP][PASSED] - waitForPageLoad(20): Wait for page load successfully

2020-04-23 08:14:21 - [MESSAGE][PASSED] - Wait for page load successfully

2020-04-23 08:14:21 - [TEST_STEP][PASSED] - Thread.sleep(2000): null

2020-04-23 08:14:23 - [TEST_STEP][PASSED] - callTestCase(findTestCase("AHI/_include/get_screenshot"), [:], STOP_ON_FAILURE): Call Test Case 'Test Cases/AHI/_include/get_screenshot' successfully

2020-04-23 08:14:23 - [TEST_CASE][PASSED] - Test Cases/AHI/_include/get_screenshot: Test Cases/AHI/_include/get_screenshot

2020-04-23 08:14:23 - [TEST_STEP][PASSED] - Thread.sleep(1000): null

2020-04-23 08:14:24 - [TEST_STEP][PASSED] - takeScreenshot(screenPath + i + ".png"): Taking screenshot successfully

2020-04-23 08:14:25 - [MESSAGE][PASSED] - Taking screenshot successfully
[[ATTACHMENT|D:\\Test\\AgileTest\\Reports\\PrivateLabel\\PremierSMI\\20200423_080048\\../Screenshots/iPhone 6/PremierSMI/AdvantHealth/20200423_081343/3.png]]

2020-04-23 08:14:25 - [TEST_STEP][PASSED] - (internal.GlobalVariable.i++): null

2020-04-23 08:14:25 - [MESSAGE][PASSED] - Call Test Case 'Test Cases/AHI/_include/get_screenshot' successfully

2020-04-23 08:14:25 - [MESSAGE][PASSED] - Call Test Case 'Test Cases/AHI/_include/goToDetail_stm' successfully

2020-04-23 08:14:25 - [TEST_STEP][PASSED] - callTestCase(findTestCase("AHI/_include/apply_stm"), [:], STOP_ON_FAILURE): Call Test Case 'Test Cases/AHI/_include/apply_stm' successfully

2020-04-23 08:14:25 - [TEST_CASE][PASSED] - Test Cases/AHI/_include/apply_stm: Test Cases/AHI/_include/apply_stm

2020-04-23 08:14:26 - [TEST_STEP][PASSED] - waitForElementVisible(findTestObject("mobileSanity/STM/STM PlanDetail Page/a_Apply for This Plan"), 5): Object 'Object Repository/mobileSanity/STM/STM PlanDetail Page/a_Apply for This Plan' is visible

2020-04-23 08:14:26 - [MESSAGE][PASSED] - Object 'Object Repository/mobileSanity/STM/STM PlanDetail Page/a_Apply for This Plan' is visible

2020-04-23 08:14:26 - [TEST_STEP][PASSED] - click(findTestObject("mobileSanity/STM/STM PlanDetail Page/a_Apply for This Plan")): Object: 'Object Repository/mobileSanity/STM/STM PlanDetail Page/a_Apply for This Plan' is clicked on

2020-04-23 08:14:29 - [MESSAGE][PASSED] - Object: 'Object Repository/mobileSanity/STM/STM PlanDetail Page/a_Apply for This Plan' is clicked on

2020-04-23 08:14:29 - [TEST_STEP][PASSED] - waitForPageLoad(10): Wait for page load successfully

2020-04-23 08:14:29 - [MESSAGE][PASSED] - Wait for page load successfully

2020-04-23 08:14:29 - [TEST_STEP][PASSED] - Thread.sleep(2000): null

2020-04-23 08:14:31 - [TEST_STEP][PASSED] - callTestCase(findTestCase("AHI/_include/get_screenshot"), [:], STOP_ON_FAILURE): Call Test Case 'Test Cases/AHI/_include/get_screenshot' successfully

2020-04-23 08:14:31 - [TEST_CASE][PASSED] - Test Cases/AHI/_include/get_screenshot: Test Cases/AHI/_include/get_screenshot

2020-04-23 08:14:31 - [TEST_STEP][PASSED] - Thread.sleep(1000): null

2020-04-23 08:14:32 - [TEST_STEP][PASSED] - takeScreenshot(screenPath + i + ".png"): Taking screenshot successfully

2020-04-23 08:14:33 - [MESSAGE][PASSED] - Taking screenshot successfully
[[ATTACHMENT|D:\\Test\\AgileTest\\Reports\\PrivateLabel\\PremierSMI\\20200423_080048\\../Screenshots/iPhone 6/PremierSMI/AdvantHealth/20200423_081343/4.png]]

2020-04-23 08:14:33 - [TEST_STEP][PASSED] - (internal.GlobalVariable.i++): null

2020-04-23 08:14:33 - [MESSAGE][PASSED] - Call Test Case 'Test Cases/AHI/_include/get_screenshot' successfully

2020-04-23 08:14:33 - [TEST_STEP][PASSED] - waitForElementVisible(findTestObject("mobileSanity/STM/STM Apply Page/a_Start Secure Application"), 5): Object 'Object Repository/mobileSanity/STM/STM Apply Page/a_Start Secure Application' is visible

2020-04-23 08:14:33 - [MESSAGE][PASSED] - Object 'Object Repository/mobileSanity/STM/STM Apply Page/a_Start Secure Application' is visible

2020-04-23 08:14:33 - [TEST_STEP][PASSED] - click(findTestObject("mobileSanity/STM/STM Apply Page/a_Start Secure Application")): Object: 'Object Repository/mobileSanity/STM/STM Apply Page/a_Start Secure Application' is clicked on

2020-04-23 08:14:34 - [MESSAGE][PASSED] - Object: 'Object Repository/mobileSanity/STM/STM Apply Page/a_Start Secure Application' is clicked on

2020-04-23 08:14:34 - [TEST_STEP][PASSED] - waitForPageLoad(20): Wait for page load successfully

2020-04-23 08:14:34 - [MESSAGE][PASSED] - Wait for page load successfully

2020-04-23 08:14:34 - [TEST_STEP][PASSED] - Thread.sleep(2000): null

2020-04-23 08:14:36 - [TEST_STEP][PASSED] - callTestCase(findTestCase("AHI/_include/get_screenshot"), [:], STOP_ON_FAILURE): Call Test Case 'Test Cases/AHI/_include/get_screenshot' successfully

2020-04-23 08:14:36 - [TEST_CASE][PASSED] - Test Cases/AHI/_include/get_screenshot: Test Cases/AHI/_include/get_screenshot

2020-04-23 08:14:36 - [TEST_STEP][PASSED] - Thread.sleep(1000): null

2020-04-23 08:14:37 - [TEST_STEP][PASSED] - takeScreenshot(screenPath + i + ".png"): Taking screenshot successfully

2020-04-23 08:14:37 - [MESSAGE][PASSED] - Taking screenshot successfully
[[ATTACHMENT|D:\\Test\\AgileTest\\Reports\\PrivateLabel\\PremierSMI\\20200423_080048\\../Screenshots/iPhone 6/PremierSMI/AdvantHealth/20200423_081343/5.png]]

2020-04-23 08:14:37 - [TEST_STEP][PASSED] - (internal.GlobalVariable.i++): null

2020-04-23 08:14:37 - [MESSAGE][PASSED] - Call Test Case 'Test Cases/AHI/_include/get_screenshot' successfully

2020-04-23 08:14:37 - [MESSAGE][PASSED] - Call Test Case 'Test Cases/AHI/_include/apply_stm' successfully

2020-04-23 08:14:37 - [TEST_STEP][PASSED] - callTestCase(findTestCase("AHI/_include/goToEnd_stm_autofill"), [:], STOP_ON_FAILURE): Call Test Case 'Test Cases/AHI/_include/goToEnd_stm_autofill' successfully

2020-04-23 08:14:37 - [TEST_CASE][PASSED] - Test Cases/AHI/_include/goToEnd_stm_autofill: Test Cases/AHI/_include/goToEnd_stm_autofill

2020-04-23 08:14:38 - [TEST_STEP][PASSED] - callTestCase(findTestCase("AHI/_include/name"), [:], CONTINUE_ON_FAILURE): Call Test Case 'Test Cases/AHI/_include/name' successfully

2020-04-23 08:14:38 - [TEST_CASE][PASSED] - Test Cases/AHI/_include/name: Test Cases/AHI/_include/name

2020-04-23 08:14:38 - [TEST_STEP][PASSED] - driver = getWebDriver(): null

2020-04-23 08:14:38 - [TEST_STEP][PASSED] - selenium = new com.thoughtworks.selenium.webdriven.WebDriverBackedSelenium(driver, internal.GlobalVariable.ENV): null

2020-04-23 08:14:38 - [TEST_STEP][PASSED] - FirstName = "Test-123": null

2020-04-23 08:14:38 - [TEST_STEP][PASSED] - LastName = selenium.getEval("{var x="ABCDEFGHIJKLMNOPQRSTUVWXYZabcdefghijklmnopqrstuvwxyz"; var tmp="ZZ11-"; for (i=0;i<8;i++) tmp+=x.charAt(Math.ceil(51*Math.random()));tmp;}"): null

2020-04-23 08:14:38 - [TEST_STEP][PASSED] - Address = selenium.getEval("{var x="ABCDEFGHIJKLMNOPQRSTUVWXYZabcdefghijklmnopqrstuvwxyz"; var tmp=""; for (i=0;i<8;i++) tmp+=x.charAt(Math.ceil(51*Math.random()));tmp;}"): null

2020-04-23 08:14:38 - [TEST_STEP][PASSED] - City = selenium.getEval("{var x="ABCDEFGHIJKLMNOPQRSTUVWXYZabcdefghijklmnopqrstuvwxyz"; var tmp=""; for (i=0;i<8;i++) tmp+=x.charAt(Math.ceil(51*Math.random()));tmp;}"): null

2020-04-23 08:14:38 - [TEST_STEP][PASSED] - tel1 = selenium.getEval("{var x="123456789"; var tmp=""; for (i=0;i<3;i++) tmp+=x.charAt(Math.ceil(8*Math.random()));tmp;}"): null

2020-04-23 08:14:38 - [TEST_STEP][PASSED] - tel2 = selenium.getEval("{var x="123456789"; var tmp=""; for (i=0;i<3;i++) tmp+=x.charAt(Math.ceil(8*Math.random()));tmp;}"): null

2020-04-23 08:14:38 - [TEST_STEP][PASSED] - tel3 = selenium.getEval("{var x="123456789"; var tmp=""; for (i=0;i<4;i++) tmp+=x.charAt(Math.ceil(8*Math.random()));tmp;}"): null

2020-04-23 08:14:38 - [TEST_STEP][PASSED] - Tel = selenium.getExpression(tel1 + "-" + tel2 + "-" + tel3): null

2020-04-23 08:14:38 - [TEST_STEP][PASSED] - AutoEmail = selenium.getEval("{var x="ABCDEFGHIJKLMNOPQRSTUVWXYZabcdefghijklmnopqrstuvwxyz"; var tmp="test."; for (i=0;i<8;i++) tmp+=x.charAt(Math.ceil(51*Math.random()));tmp+="@suryani.cn";}"): null

2020-04-23 08:14:38 - [TEST_STEP][PASSED] - FirstName = FirstName: null

2020-04-23 08:14:38 - [TEST_STEP][PASSED] - LastName = LastName: null

2020-04-23 08:14:38 - [TEST_STEP][PASSED] - Address = Address: null

2020-04-23 08:14:38 - [TEST_STEP][PASSED] - City = City: null

2020-04-23 08:14:38 - [TEST_STEP][PASSED] - Tel = Tel: null

2020-04-23 08:14:38 - [TEST_STEP][PASSED] - AutoEmail = AutoEmail: null

2020-04-23 08:14:38 - [TEST_STEP][PASSED] - println(FirstName): null

2020-04-23 08:14:38 - [TEST_STEP][PASSED] - println(LastName): null

2020-04-23 08:14:38 - [TEST_STEP][PASSED] - println(Address): null

2020-04-23 08:14:38 - [TEST_STEP][PASSED] - println(City): null

2020-04-23 08:14:38 - [TEST_STEP][PASSED] - println(Tel): null

2020-04-23 08:14:38 - [TEST_STEP][PASSED] - println(AutoEmail): null

2020-04-23 08:14:38 - [MESSAGE][PASSED] - Call Test Case 'Test Cases/AHI/_include/name' successfully

2020-04-23 08:14:38 - [TEST_STEP][PASSED] - try: Call Test Case 'Test Cases/AHI/_include/get_screenshot' successfully

2020-04-23 08:14:38 - [TEST_STEP][PASSED] - if (verifyTextPresent("Month Duration Acknowledgement", false)): Call Test Case 'Test Cases/AHI/_include/get_screenshot' successfully

2020-04-23 08:14:39 - [MESSAGE][PASSED] - Text 'Month Duration Acknowledgement' is present on page 

2020-04-23 08:14:39 - [TEST_STEP][PASSED] - click(findTestObject("mobileSanity/STM/Page_App Page 1/label_By checking this box I u")): Object: 'Object Repository/mobileSanity/STM/Page_App Page 1/label_By checking this box I u' is clicked on

2020-04-23 08:14:39 - [MESSAGE][PASSED] - Object: 'Object Repository/mobileSanity/STM/Page_App Page 1/label_By checking this box I u' is clicked on

2020-04-23 08:14:39 - [TEST_STEP][PASSED] - click(findTestObject("mobileSanity/STM/Page_App Page 1/button_Continue to Application")): Object: 'Object Repository/mobileSanity/STM/Page_App Page 1/button_Continue to Application' is clicked on

2020-04-23 08:14:39 - [MESSAGE][PASSED] - Object: 'Object Repository/mobileSanity/STM/Page_App Page 1/button_Continue to Application' is clicked on

2020-04-23 08:14:40 - [TEST_STEP][PASSED] - waitForPageLoad(20): Wait for page load successfully

2020-04-23 08:14:40 - [MESSAGE][PASSED] - Wait for page load successfully

2020-04-23 08:14:40 - [TEST_STEP][PASSED] - Thread.sleep(5000): null

2020-04-23 08:14:45 - [TEST_STEP][PASSED] - callTestCase(findTestCase("AHI/_include/get_screenshot"), [:], STOP_ON_FAILURE): Call Test Case 'Test Cases/AHI/_include/get_screenshot' successfully

2020-04-23 08:14:45 - [TEST_CASE][PASSED] - Test Cases/AHI/_include/get_screenshot: Test Cases/AHI/_include/get_screenshot

2020-04-23 08:14:45 - [TEST_STEP][PASSED] - Thread.sleep(1000): null

2020-04-23 08:14:46 - [TEST_STEP][PASSED] - takeScreenshot(screenPath + i + ".png"): Taking screenshot successfully

2020-04-23 08:14:46 - [MESSAGE][PASSED] - Taking screenshot successfully
[[ATTACHMENT|D:\\Test\\AgileTest\\Reports\\PrivateLabel\\PremierSMI\\20200423_080048\\../Screenshots/iPhone 6/PremierSMI/AdvantHealth/20200423_081343/6.png]]

2020-04-23 08:14:46 - [TEST_STEP][PASSED] - (internal.GlobalVariable.i++): null

2020-04-23 08:14:46 - [MESSAGE][PASSED] - Call Test Case 'Test Cases/AHI/_include/get_screenshot' successfully

2020-04-23 08:14:46 - [TEST_STEP][PASSED] - waitForPageLoad(10): Wait for page load successfully

2020-04-23 08:14:46 - [MESSAGE][PASSED] - Wait for page load successfully

2020-04-23 08:14:46 - [TEST_STEP][PASSED] - Thread.sleep(3000): null

2020-04-23 08:14:49 - [TEST_STEP][PASSED] - waitForElementVisible(findTestObject("mobileSanity/STM/Page_App Page 1/a_Autofill App Info"), 20): Object 'Object Repository/mobileSanity/STM/Page_App Page 1/a_Autofill App Info' is visible

2020-04-23 08:14:49 - [MESSAGE][PASSED] - Object 'Object Repository/mobileSanity/STM/Page_App Page 1/a_Autofill App Info' is visible

2020-04-23 08:14:49 - [TEST_STEP][PASSED] - click(findTestObject("mobileSanity/STM/Page_App Page 1/a_Autofill App Info")): Object: 'Object Repository/mobileSanity/STM/Page_App Page 1/a_Autofill App Info' is clicked on

2020-04-23 08:14:49 - [MESSAGE][PASSED] - Object: 'Object Repository/mobileSanity/STM/Page_App Page 1/a_Autofill App Info' is clicked on

2020-04-23 08:14:49 - [TEST_STEP][PASSED] - Thread.sleep(1000): null

2020-04-23 08:14:50 - [TEST_STEP][PASSED] - click(findTestObject("mobileSanity/STM/Page_App Page 1/a_Autofill App Info")): Object: 'Object Repository/mobileSanity/STM/Page_App Page 1/a_Autofill App Info' is clicked on

2020-04-23 08:14:50 - [MESSAGE][PASSED] - Object: 'Object Repository/mobileSanity/STM/Page_App Page 1/a_Autofill App Info' is clicked on

2020-04-23 08:14:50 - [TEST_STEP][PASSED] - Thread.sleep(1000): null

2020-04-23 08:14:51 - [TEST_STEP][PASSED] - waitForElementVisible(findTestObject("mobileSanity/STM/Page_App Page 1/a_Continue"), 20): Object 'Object Repository/mobileSanity/STM/Page_App Page 1/a_Continue' is visible

2020-04-23 08:14:52 - [MESSAGE][PASSED] - Object 'Object Repository/mobileSanity/STM/Page_App Page 1/a_Continue' is visible

2020-04-23 08:14:52 - [TEST_STEP][PASSED] - click(findTestObject("mobileSanity/STM/Page_App Page 1/a_Continue")): Object: 'Object Repository/mobileSanity/STM/Page_App Page 1/a_Continue' is clicked on

2020-04-23 08:14:52 - [MESSAGE][PASSED] - Object: 'Object Repository/mobileSanity/STM/Page_App Page 1/a_Continue' is clicked on

2020-04-23 08:14:52 - [TEST_STEP][PASSED] - waitForPageLoad(20): Wait for page load successfully

2020-04-23 08:14:52 - [MESSAGE][PASSED] - Wait for page load successfully

2020-04-23 08:14:52 - [TEST_STEP][PASSED] - Thread.sleep(5000): null

2020-04-23 08:14:57 - [TEST_STEP][PASSED] - callTestCase(findTestCase("AHI/_include/get_screenshot"), [:], STOP_ON_FAILURE): Call Test Case 'Test Cases/AHI/_include/get_screenshot' successfully

2020-04-23 08:14:57 - [TEST_CASE][PASSED] - Test Cases/AHI/_include/get_screenshot: Test Cases/AHI/_include/get_screenshot

2020-04-23 08:14:57 - [TEST_STEP][PASSED] - Thread.sleep(1000): null

2020-04-23 08:14:58 - [TEST_STEP][PASSED] - takeScreenshot(screenPath + i + ".png"): Taking screenshot successfully

2020-04-23 08:14:58 - [MESSAGE][PASSED] - Taking screenshot successfully
[[ATTACHMENT|D:\\Test\\AgileTest\\Reports\\PrivateLabel\\PremierSMI\\20200423_080048\\../Screenshots/iPhone 6/PremierSMI/AdvantHealth/20200423_081343/7.png]]

2020-04-23 08:14:58 - [TEST_STEP][PASSED] - (internal.GlobalVariable.i++): null

2020-04-23 08:14:58 - [MESSAGE][PASSED] - Call Test Case 'Test Cases/AHI/_include/get_screenshot' successfully

2020-04-23 08:14:58 - [TEST_STEP][PASSED] - click(findTestObject("mobileSanity/STM/Page_App Page 2/a_Continue to Step 3 - Payment")): Object: 'Object Repository/mobileSanity/STM/Page_App Page 2/a_Continue to Step 3 - Payment' is clicked on

2020-04-23 08:14:59 - [MESSAGE][PASSED] - Object: 'Object Repository/mobileSanity/STM/Page_App Page 2/a_Continue to Step 3 - Payment' is clicked on

2020-04-23 08:14:59 - [TEST_STEP][PASSED] - waitForPageLoad(20): Wait for page load successfully

2020-04-23 08:14:59 - [MESSAGE][PASSED] - Wait for page load successfully

2020-04-23 08:14:59 - [TEST_STEP][PASSED] - waitForElementVisible(findTestObject("mobileSanity/STM/Page_App Page 3/input__credit-card-cvv"), 20): Object 'Object Repository/mobileSanity/STM/Page_App Page 3/input__credit-card-cvv' is visible

2020-04-23 08:15:00 - [MESSAGE][PASSED] - Object 'Object Repository/mobileSanity/STM/Page_App Page 3/input__credit-card-cvv' is visible

2020-04-23 08:15:00 - [TEST_STEP][PASSED] - Thread.sleep(2000): null

2020-04-23 08:15:02 - [TEST_STEP][PASSED] - callTestCase(findTestCase("AHI/_include/get_screenshot"), [:], STOP_ON_FAILURE): Call Test Case 'Test Cases/AHI/_include/get_screenshot' successfully

2020-04-23 08:15:02 - [TEST_CASE][PASSED] - Test Cases/AHI/_include/get_screenshot: Test Cases/AHI/_include/get_screenshot

2020-04-23 08:15:02 - [TEST_STEP][PASSED] - Thread.sleep(1000): null

2020-04-23 08:15:03 - [TEST_STEP][PASSED] - takeScreenshot(screenPath + i + ".png"): Taking screenshot successfully

2020-04-23 08:15:03 - [MESSAGE][PASSED] - Taking screenshot successfully
[[ATTACHMENT|D:\\Test\\AgileTest\\Reports\\PrivateLabel\\PremierSMI\\20200423_080048\\../Screenshots/iPhone 6/PremierSMI/AdvantHealth/20200423_081343/8.png]]

2020-04-23 08:15:03 - [TEST_STEP][PASSED] - (internal.GlobalVariable.i++): null

2020-04-23 08:15:03 - [MESSAGE][PASSED] - Call Test Case 'Test Cases/AHI/_include/get_screenshot' successfully

2020-04-23 08:15:03 - [TEST_STEP][PASSED] - clearText(findTestObject("mobileSanity/STM/Page_App Page 3/input__credit-card-cvv")): Text of object 'Object Repository/mobileSanity/STM/Page_App Page 3/input__credit-card-cvv' is cleared

2020-04-23 08:15:03 - [MESSAGE][PASSED] - Text of object 'Object Repository/mobileSanity/STM/Page_App Page 3/input__credit-card-cvv' is cleared

2020-04-23 08:15:03 - [TEST_STEP][PASSED] - setText(findTestObject("mobileSanity/STM/Page_App Page 3/input__credit-card-cvv"), "123"): Text '123' is set on object 'Object Repository/mobileSanity/STM/Page_App Page 3/input__credit-card-cvv'

2020-04-23 08:15:04 - [MESSAGE][PASSED] - Text '123' is set on object 'Object Repository/mobileSanity/STM/Page_App Page 3/input__credit-card-cvv'

2020-04-23 08:15:04 - [TEST_STEP][PASSED] - click(findTestObject("mobileSanity/STM/Page_App Page 3/label_I Accept Authorization f")): Object: 'Object Repository/mobileSanity/STM/Page_App Page 3/label_I Accept Authorization f' is clicked on

2020-04-23 08:15:04 - [MESSAGE][PASSED] - Object: 'Object Repository/mobileSanity/STM/Page_App Page 3/label_I Accept Authorization f' is clicked on

2020-04-23 08:15:04 - [TEST_STEP][PASSED] - click(findTestObject("mobileSanity/STM/Page_App Page 3/a_Continue to Step 4 - Review")): Object: 'Object Repository/mobileSanity/STM/Page_App Page 3/a_Continue to Step 4 - Review' is clicked on

2020-04-23 08:15:04 - [MESSAGE][PASSED] - Object: 'Object Repository/mobileSanity/STM/Page_App Page 3/a_Continue to Step 4 - Review' is clicked on

2020-04-23 08:15:04 - [TEST_STEP][PASSED] - waitForPageLoad(10): Wait for page load successfully

2020-04-23 08:15:04 - [MESSAGE][PASSED] - Wait for page load successfully

2020-04-23 08:15:04 - [TEST_STEP][PASSED] - waitForElementClickable(findTestObject("mobileSanity/STM/Page_App Page 4/label"), 10): Object 'Object Repository/mobileSanity/STM/Page_App Page 4/label' is clickable

2020-04-23 08:15:05 - [MESSAGE][PASSED] - Object 'Object Repository/mobileSanity/STM/Page_App Page 4/label' is clickable

2020-04-23 08:15:05 - [TEST_STEP][PASSED] - Thread.sleep(2000): null

2020-04-23 08:15:07 - [TEST_STEP][PASSED] - callTestCase(findTestCase("AHI/_include/get_screenshot"), [:], STOP_ON_FAILURE): Call Test Case 'Test Cases/AHI/_include/get_screenshot' successfully

2020-04-23 08:15:07 - [TEST_CASE][PASSED] - Test Cases/AHI/_include/get_screenshot: Test Cases/AHI/_include/get_screenshot

2020-04-23 08:15:07 - [TEST_STEP][PASSED] - Thread.sleep(1000): null

2020-04-23 08:15:08 - [TEST_STEP][PASSED] - takeScreenshot(screenPath + i + ".png"): Taking screenshot successfully

2020-04-23 08:15:09 - [MESSAGE][PASSED] - Taking screenshot successfully
[[ATTACHMENT|D:\\Test\\AgileTest\\Reports\\PrivateLabel\\PremierSMI\\20200423_080048\\../Screenshots/iPhone 6/PremierSMI/AdvantHealth/20200423_081343/9.png]]

2020-04-23 08:15:09 - [TEST_STEP][PASSED] - (internal.GlobalVariable.i++): null

2020-04-23 08:15:09 - [MESSAGE][PASSED] - Call Test Case 'Test Cases/AHI/_include/get_screenshot' successfully

2020-04-23 08:15:09 - [TEST_STEP][PASSED] - click(findTestObject("mobileSanity/STM/Page_App Page 4/label")): Object: 'Object Repository/mobileSanity/STM/Page_App Page 4/label' is clicked on

2020-04-23 08:15:09 - [MESSAGE][PASSED] - Object: 'Object Repository/mobileSanity/STM/Page_App Page 4/label' is clicked on

2020-04-23 08:15:09 - [TEST_STEP][PASSED] - click(findTestObject("mobileSanity/STM/Page_App Page 4/div_CLICK TO SIGN")): Object: 'Object Repository/mobileSanity/STM/Page_App Page 4/div_CLICK TO SIGN' is clicked on

2020-04-23 08:15:09 - [MESSAGE][PASSED] - Object: 'Object Repository/mobileSanity/STM/Page_App Page 4/div_CLICK TO SIGN' is clicked on

2020-04-23 08:15:09 - [TEST_STEP][PASSED] - click(findTestObject("mobileSanity/STM/Page_App Page 4/a_Submit Your Application")): Object: 'Object Repository/mobileSanity/STM/Page_App Page 4/a_Submit Your Application' is clicked on

2020-04-23 08:15:09 - [MESSAGE][PASSED] - Object: 'Object Repository/mobileSanity/STM/Page_App Page 4/a_Submit Your Application' is clicked on

2020-04-23 08:15:09 - [TEST_STEP][PASSED] - waitForElementPresent(findTestObject("mobileSanity/Common/app-confirmation"), 50): Object 'Object Repository/mobileSanity/Common/app-confirmation' is not present after 50 second(s)

2020-04-23 08:16:04 - [MESSAGE][INFO] - Unable to find the element located by 'By.xpath: //*[@id = 'app-confirmation']'. Please recheck the objects properties to make sure the desired element is located. 

2020-04-23 08:16:04 - [MESSAGE][WARNING] - Object 'Object Repository/mobileSanity/Common/app-confirmation' is not present after 50 second(s)

2020-04-23 08:16:04 - [TEST_STEP][PASSED] - callTestCase(findTestCase("AHI/_include/get_screenshot"), [:], STOP_ON_FAILURE): Call Test Case 'Test Cases/AHI/_include/get_screenshot' successfully

2020-04-23 08:16:04 - [TEST_CASE][PASSED] - Test Cases/AHI/_include/get_screenshot: Test Cases/AHI/_include/get_screenshot

2020-04-23 08:16:04 - [TEST_STEP][PASSED] - Thread.sleep(1000): null

2020-04-23 08:16:05 - [TEST_STEP][PASSED] - takeScreenshot(screenPath + i + ".png"): Taking screenshot successfully

2020-04-23 08:16:05 - [MESSAGE][PASSED] - Taking screenshot successfully
[[ATTACHMENT|D:\\Test\\AgileTest\\Reports\\PrivateLabel\\PremierSMI\\20200423_080048\\../Screenshots/iPhone 6/PremierSMI/AdvantHealth/20200423_081343/10.png]]

2020-04-23 08:16:05 - [TEST_STEP][PASSED] - (internal.GlobalVariable.i++): null

2020-04-23 08:16:05 - [MESSAGE][PASSED] - Call Test Case 'Test Cases/AHI/_include/get_screenshot' successfully

2020-04-23 08:16:05 - [MESSAGE][PASSED] - Call Test Case 'Test Cases/AHI/_include/goToEnd_stm_autofill' successfully]]></system-out>
         <system-err><![CDATA[]]></system-err>
      </testcase>
      <testcase name="Test Cases/PL Site/PremierSMI/Aspen" classname="Test Cases/PL Site/PremierSMI/Aspen" status="PASSED">
         <system-out><![CDATA[2020-04-23 08:16:05 - [TEST_CASE][PASSED] - Test Cases/PL Site/PremierSMI/Aspen: Test Cases/PL Site/PremierSMI/Aspen

2020-04-23 08:16:06 - [TEST_STEP][PASSED] - callTestCase(findTestCase("AHI/_include/get_screenPath"), ["productLine":"PremierSMI", "carrierName":"Aspen"], CONTINUE_ON_FAILURE): Call Test Case 'Test Cases/AHI/_include/get_screenPath' successfully

2020-04-23 08:16:06 - [TEST_CASE][PASSED] - Test Cases/AHI/_include/get_screenPath: Test Cases/AHI/_include/get_screenPath

2020-04-23 08:16:06 - [TEST_STEP][PASSED] - m = getExecutionProperties(): null

2020-04-23 08:16:06 - [TEST_STEP][PASSED] - deviceName = get("mobileEmulation").get("deviceName"): null

2020-04-23 08:16:06 - [TEST_STEP][PASSED] - println(deviceName): null

2020-04-23 08:16:06 - [TEST_STEP][PASSED] - now = new java.util.Date(): null

2020-04-23 08:16:06 - [TEST_STEP][PASSED] - mydate = now.format("yyyyMMdd_HHmmss"): null

2020-04-23 08:16:06 - [TEST_STEP][PASSED] - screenPath = "../Screenshots/": null

2020-04-23 08:16:06 - [TEST_STEP][PASSED] - screenPath = screenPath + deviceName + "/" + productLine + "/" + carrierName + "/" + mydate + "/": null

2020-04-23 08:16:06 - [TEST_STEP][PASSED] - println(screenPath): null

2020-04-23 08:16:06 - [MESSAGE][PASSED] - Call Test Case 'Test Cases/AHI/_include/get_screenPath' successfully

2020-04-23 08:16:06 - [TEST_STEP][PASSED] - i = 0: null

2020-04-23 08:16:06 - [TEST_STEP][PASSED] - callTestCase(findTestCase("AHI/_include/openWebSite"), ["env":"https://premiersmi--qa.storefront.mybenefitskeeper.com"], CONTINUE_ON_FAILURE): Call Test Case 'Test Cases/AHI/_include/openWebSite' successfully

2020-04-23 08:16:06 - [TEST_CASE][PASSED] - Test Cases/AHI/_include/openWebSite: Test Cases/AHI/_include/openWebSite

2020-04-23 08:16:06 - [TEST_STEP][PASSED] - openBrowser(env): Browser is opened with url: 'https://premiersmi--qa.storefront.mybenefitskeeper.com'

2020-04-23 08:16:06 - [MESSAGE][WARNING] - A browser is already opened. Closing browser and opening a new one

2020-04-23 08:16:07 - [MESSAGE][INFO] - Starting 'Chrome' driver

2020-04-23 08:16:07 - [MESSAGE][INFO] - User set preference: ['mobileEmulation', '{deviceName=iPhone 6}']

2020-04-23 08:16:07 - [MESSAGE][INFO] - User set preference: ['args', '[--incognito, --aggressive-cache-discard, --window-size=375,677, --no-sandbox, --ignore-certificate-errors]']

2020-04-23 08:16:18 - [MESSAGE][PASSED] - Browser is opened with url: 'https://premiersmi--qa.storefront.mybenefitskeeper.com'

2020-04-23 08:16:18 - [TEST_STEP][PASSED] - waitForPageLoad(20): Wait for page load successfully

2020-04-23 08:16:18 - [MESSAGE][PASSED] - Wait for page load successfully

2020-04-23 08:16:18 - [TEST_STEP][PASSED] - callTestCase(findTestCase("AHI/_include/get_screenshot"), [:], STOP_ON_FAILURE): Call Test Case 'Test Cases/AHI/_include/get_screenshot' successfully

2020-04-23 08:16:18 - [TEST_CASE][PASSED] - Test Cases/AHI/_include/get_screenshot: Test Cases/AHI/_include/get_screenshot

2020-04-23 08:16:18 - [TEST_STEP][PASSED] - Thread.sleep(1000): null

2020-04-23 08:16:19 - [TEST_STEP][PASSED] - takeScreenshot(screenPath + i + ".png"): Taking screenshot successfully

2020-04-23 08:16:20 - [MESSAGE][PASSED] - Taking screenshot successfully
[[ATTACHMENT|D:\\Test\\AgileTest\\Reports\\PrivateLabel\\PremierSMI\\20200423_080048\\../Screenshots/iPhone 6/PremierSMI/Aspen/20200423_081606/0.png]]

2020-04-23 08:16:20 - [TEST_STEP][PASSED] - (internal.GlobalVariable.i++): null

2020-04-23 08:16:20 - [MESSAGE][PASSED] - Call Test Case 'Test Cases/AHI/_include/get_screenshot' successfully

2020-04-23 08:16:20 - [MESSAGE][PASSED] - Call Test Case 'Test Cases/AHI/_include/openWebSite' successfully

2020-04-23 08:16:20 - [TEST_STEP][PASSED] - callTestCase(findTestCase("AHI/_include/census_stm"), ["zipcode":"35215"], STOP_ON_FAILURE): Call Test Case 'Test Cases/AHI/_include/census_stm' successfully

2020-04-23 08:16:20 - [TEST_CASE][PASSED] - Test Cases/AHI/_include/census_stm: Test Cases/AHI/_include/census_stm

2020-04-23 08:16:20 - [TEST_STEP][PASSED] - waitForElementClickable(findTestObject("mobileSanity/STM/Home Page/a_Quote  Save Today"), 10): Object 'Object Repository/mobileSanity/STM/Home Page/a_Quote  Save Today' is clickable

2020-04-23 08:16:20 - [MESSAGE][PASSED] - Object 'Object Repository/mobileSanity/STM/Home Page/a_Quote  Save Today' is clickable

2020-04-23 08:16:20 - [TEST_STEP][PASSED] - click(findTestObject("mobileSanity/STM/Home Page/a_Quote  Save Today")): Object: 'Object Repository/mobileSanity/STM/Home Page/a_Quote  Save Today' is clicked on

2020-04-23 08:16:20 - [MESSAGE][PASSED] - Object: 'Object Repository/mobileSanity/STM/Home Page/a_Quote  Save Today' is clicked on

2020-04-23 08:16:20 - [TEST_STEP][PASSED] - waitForElementPresent(findTestObject("mobileSanity/STM/STM Census Page/input_Location_zip-input"), 20): Object 'Object Repository/mobileSanity/STM/STM Census Page/input_Location_zip-input' is present

2020-04-23 08:16:21 - [MESSAGE][PASSED] - Object 'Object Repository/mobileSanity/STM/STM Census Page/input_Location_zip-input' is present

2020-04-23 08:16:21 - [TEST_STEP][PASSED] - callTestCase(findTestCase("AHI/_include/get_screenshot"), [:], STOP_ON_FAILURE): Call Test Case 'Test Cases/AHI/_include/get_screenshot' successfully

2020-04-23 08:16:21 - [TEST_CASE][PASSED] - Test Cases/AHI/_include/get_screenshot: Test Cases/AHI/_include/get_screenshot

2020-04-23 08:16:21 - [TEST_STEP][PASSED] - Thread.sleep(1000): null

2020-04-23 08:16:22 - [TEST_STEP][PASSED] - takeScreenshot(screenPath + i + ".png"): Taking screenshot successfully

2020-04-23 08:16:22 - [MESSAGE][PASSED] - Taking screenshot successfully
[[ATTACHMENT|D:\\Test\\AgileTest\\Reports\\PrivateLabel\\PremierSMI\\20200423_080048\\../Screenshots/iPhone 6/PremierSMI/Aspen/20200423_081606/1.png]]

2020-04-23 08:16:22 - [TEST_STEP][PASSED] - (internal.GlobalVariable.i++): null

2020-04-23 08:16:22 - [MESSAGE][PASSED] - Call Test Case 'Test Cases/AHI/_include/get_screenshot' successfully

2020-04-23 08:16:22 - [TEST_STEP][PASSED] - setText(findTestObject("mobileSanity/STM/STM Census Page/input_Location_zip-input"), zipcode): Text '35215' is set on object 'Object Repository/mobileSanity/STM/STM Census Page/input_Location_zip-input'

2020-04-23 08:16:22 - [MESSAGE][PASSED] - Text '35215' is set on object 'Object Repository/mobileSanity/STM/STM Census Page/input_Location_zip-input'

2020-04-23 08:16:22 - [TEST_STEP][PASSED] - Thread.sleep(500): null

2020-04-23 08:16:23 - [TEST_STEP][PASSED] - setText(findTestObject("mobileSanity/STM/STM Census Page/input_Date of Birth_dob-0"), "03031987"): Text '03031987' is set on object 'Object Repository/mobileSanity/STM/STM Census Page/input_Date of Birth_dob-0'

2020-04-23 08:16:23 - [MESSAGE][PASSED] - Text '03031987' is set on object 'Object Repository/mobileSanity/STM/STM Census Page/input_Date of Birth_dob-0'

2020-04-23 08:16:23 - [TEST_STEP][PASSED] - click(findTestObject("mobileSanity/STM/STM Census Page/label_Male")): Object: 'Object Repository/mobileSanity/STM/STM Census Page/label_Male' is clicked on

2020-04-23 08:16:23 - [MESSAGE][PASSED] - Object: 'Object Repository/mobileSanity/STM/STM Census Page/label_Male' is clicked on

2020-04-23 08:16:23 - [TEST_STEP][PASSED] - Thread.sleep(2000): null

2020-04-23 08:16:25 - [TEST_STEP][PASSED] - click(findTestObject("mobileSanity/STM/STM Census Page/label_Compare Plans")): Object: 'Object Repository/mobileSanity/STM/STM Census Page/label_Compare Plans' is clicked on

2020-04-23 08:16:27 - [MESSAGE][PASSED] - Object: 'Object Repository/mobileSanity/STM/STM Census Page/label_Compare Plans' is clicked on

2020-04-23 08:16:27 - [TEST_STEP][PASSED] - waitForElementVisible(findTestObject("mobileSanity/STM/STM Quote Page/button_sort"), 20): Object 'Object Repository/mobileSanity/STM/STM Quote Page/button_sort' is visible

2020-04-23 08:16:27 - [MESSAGE][PASSED] - Object 'Object Repository/mobileSanity/STM/STM Quote Page/button_sort' is visible

2020-04-23 08:16:27 - [TEST_STEP][PASSED] - Thread.sleep(3000): null

2020-04-23 08:16:30 - [TEST_STEP][PASSED] - callTestCase(findTestCase("AHI/_include/get_screenshot"), [:], STOP_ON_FAILURE): Call Test Case 'Test Cases/AHI/_include/get_screenshot' successfully

2020-04-23 08:16:30 - [TEST_CASE][PASSED] - Test Cases/AHI/_include/get_screenshot: Test Cases/AHI/_include/get_screenshot

2020-04-23 08:16:30 - [TEST_STEP][PASSED] - Thread.sleep(1000): null

2020-04-23 08:16:31 - [TEST_STEP][PASSED] - takeScreenshot(screenPath + i + ".png"): Taking screenshot successfully

2020-04-23 08:16:32 - [MESSAGE][PASSED] - Taking screenshot successfully
[[ATTACHMENT|D:\\Test\\AgileTest\\Reports\\PrivateLabel\\PremierSMI\\20200423_080048\\../Screenshots/iPhone 6/PremierSMI/Aspen/20200423_081606/2.png]]

2020-04-23 08:16:32 - [TEST_STEP][PASSED] - (internal.GlobalVariable.i++): null

2020-04-23 08:16:32 - [MESSAGE][PASSED] - Call Test Case 'Test Cases/AHI/_include/get_screenshot' successfully

2020-04-23 08:16:32 - [TEST_STEP][PASSED] - Thread.sleep(1000): null

2020-04-23 08:16:33 - [MESSAGE][PASSED] - Call Test Case 'Test Cases/AHI/_include/census_stm' successfully

2020-04-23 08:16:33 - [TEST_STEP][PASSED] - callTestCase(findTestCase("AHI/_include/goToDetail_stm"), ["carrier":"aspen"], STOP_ON_FAILURE): Call Test Case 'Test Cases/AHI/_include/goToDetail_stm' successfully

2020-04-23 08:16:33 - [TEST_CASE][PASSED] - Test Cases/AHI/_include/goToDetail_stm: Test Cases/AHI/_include/goToDetail_stm

2020-04-23 08:16:33 - [TEST_STEP][PASSED] - driver = getWebDriver(): null

2020-04-23 08:16:33 - [TEST_STEP][PASSED] - selenium = new com.thoughtworks.selenium.webdriven.WebDriverBackedSelenium(driver, internal.GlobalVariable.ENV): null

2020-04-23 08:16:33 - [TEST_STEP][PASSED] - a_plan_name = "xpath=//a[contains(@href,'/term-health-insurance/plan/" + carrier + "')]": null

2020-04-23 08:16:33 - [TEST_STEP][PASSED] - println(a_plan_name): null

2020-04-23 08:16:33 - [TEST_STEP][PASSED] - selenium.click(a_plan_name): null

2020-04-23 08:16:34 - [TEST_STEP][PASSED] - waitForPageLoad(20): Wait for page load successfully

2020-04-23 08:16:34 - [MESSAGE][PASSED] - Wait for page load successfully

2020-04-23 08:16:34 - [TEST_STEP][PASSED] - Thread.sleep(2000): null

2020-04-23 08:16:36 - [TEST_STEP][PASSED] - callTestCase(findTestCase("AHI/_include/get_screenshot"), [:], STOP_ON_FAILURE): Call Test Case 'Test Cases/AHI/_include/get_screenshot' successfully

2020-04-23 08:16:36 - [TEST_CASE][PASSED] - Test Cases/AHI/_include/get_screenshot: Test Cases/AHI/_include/get_screenshot

2020-04-23 08:16:36 - [TEST_STEP][PASSED] - Thread.sleep(1000): null

2020-04-23 08:16:37 - [TEST_STEP][PASSED] - takeScreenshot(screenPath + i + ".png"): Taking screenshot successfully

2020-04-23 08:16:38 - [MESSAGE][PASSED] - Taking screenshot successfully
[[ATTACHMENT|D:\\Test\\AgileTest\\Reports\\PrivateLabel\\PremierSMI\\20200423_080048\\../Screenshots/iPhone 6/PremierSMI/Aspen/20200423_081606/3.png]]

2020-04-23 08:16:38 - [TEST_STEP][PASSED] - (internal.GlobalVariable.i++): null

2020-04-23 08:16:38 - [MESSAGE][PASSED] - Call Test Case 'Test Cases/AHI/_include/get_screenshot' successfully

2020-04-23 08:16:38 - [MESSAGE][PASSED] - Call Test Case 'Test Cases/AHI/_include/goToDetail_stm' successfully

2020-04-23 08:16:38 - [TEST_STEP][PASSED] - callTestCase(findTestCase("AHI/_include/apply_stm"), [:], STOP_ON_FAILURE): Call Test Case 'Test Cases/AHI/_include/apply_stm' successfully

2020-04-23 08:16:38 - [TEST_CASE][PASSED] - Test Cases/AHI/_include/apply_stm: Test Cases/AHI/_include/apply_stm

2020-04-23 08:16:38 - [TEST_STEP][PASSED] - waitForElementVisible(findTestObject("mobileSanity/STM/STM PlanDetail Page/a_Apply for This Plan"), 5): Object 'Object Repository/mobileSanity/STM/STM PlanDetail Page/a_Apply for This Plan' is visible

2020-04-23 08:16:38 - [MESSAGE][PASSED] - Object 'Object Repository/mobileSanity/STM/STM PlanDetail Page/a_Apply for This Plan' is visible

2020-04-23 08:16:38 - [TEST_STEP][PASSED] - click(findTestObject("mobileSanity/STM/STM PlanDetail Page/a_Apply for This Plan")): Object: 'Object Repository/mobileSanity/STM/STM PlanDetail Page/a_Apply for This Plan' is clicked on

2020-04-23 08:16:38 - [MESSAGE][PASSED] - Object: 'Object Repository/mobileSanity/STM/STM PlanDetail Page/a_Apply for This Plan' is clicked on

2020-04-23 08:16:38 - [TEST_STEP][PASSED] - waitForPageLoad(10): Wait for page load successfully

2020-04-23 08:16:38 - [MESSAGE][PASSED] - Wait for page load successfully

2020-04-23 08:16:38 - [TEST_STEP][PASSED] - Thread.sleep(2000): null

2020-04-23 08:16:41 - [TEST_STEP][PASSED] - callTestCase(findTestCase("AHI/_include/get_screenshot"), [:], STOP_ON_FAILURE): Call Test Case 'Test Cases/AHI/_include/get_screenshot' successfully

2020-04-23 08:16:41 - [TEST_CASE][PASSED] - Test Cases/AHI/_include/get_screenshot: Test Cases/AHI/_include/get_screenshot

2020-04-23 08:16:41 - [TEST_STEP][PASSED] - Thread.sleep(1000): null

2020-04-23 08:16:42 - [TEST_STEP][PASSED] - takeScreenshot(screenPath + i + ".png"): Taking screenshot successfully

2020-04-23 08:16:42 - [MESSAGE][PASSED] - Taking screenshot successfully
[[ATTACHMENT|D:\\Test\\AgileTest\\Reports\\PrivateLabel\\PremierSMI\\20200423_080048\\../Screenshots/iPhone 6/PremierSMI/Aspen/20200423_081606/4.png]]

2020-04-23 08:16:42 - [TEST_STEP][PASSED] - (internal.GlobalVariable.i++): null

2020-04-23 08:16:42 - [MESSAGE][PASSED] - Call Test Case 'Test Cases/AHI/_include/get_screenshot' successfully

2020-04-23 08:16:42 - [TEST_STEP][PASSED] - waitForElementVisible(findTestObject("mobileSanity/STM/STM Apply Page/a_Start Secure Application"), 5): Object 'Object Repository/mobileSanity/STM/STM Apply Page/a_Start Secure Application' is visible

2020-04-23 08:16:42 - [MESSAGE][PASSED] - Object 'Object Repository/mobileSanity/STM/STM Apply Page/a_Start Secure Application' is visible

2020-04-23 08:16:42 - [TEST_STEP][PASSED] - click(findTestObject("mobileSanity/STM/STM Apply Page/a_Start Secure Application")): Object: 'Object Repository/mobileSanity/STM/STM Apply Page/a_Start Secure Application' is clicked on

2020-04-23 08:16:43 - [MESSAGE][PASSED] - Object: 'Object Repository/mobileSanity/STM/STM Apply Page/a_Start Secure Application' is clicked on

2020-04-23 08:16:43 - [TEST_STEP][PASSED] - waitForPageLoad(20): Wait for page load successfully

2020-04-23 08:16:43 - [MESSAGE][PASSED] - Wait for page load successfully

2020-04-23 08:16:43 - [TEST_STEP][PASSED] - Thread.sleep(2000): null

2020-04-23 08:16:45 - [TEST_STEP][PASSED] - callTestCase(findTestCase("AHI/_include/get_screenshot"), [:], STOP_ON_FAILURE): Call Test Case 'Test Cases/AHI/_include/get_screenshot' successfully

2020-04-23 08:16:45 - [TEST_CASE][PASSED] - Test Cases/AHI/_include/get_screenshot: Test Cases/AHI/_include/get_screenshot

2020-04-23 08:16:45 - [TEST_STEP][PASSED] - Thread.sleep(1000): null

2020-04-23 08:16:46 - [TEST_STEP][PASSED] - takeScreenshot(screenPath + i + ".png"): Taking screenshot successfully

2020-04-23 08:16:47 - [MESSAGE][PASSED] - Taking screenshot successfully
[[ATTACHMENT|D:\\Test\\AgileTest\\Reports\\PrivateLabel\\PremierSMI\\20200423_080048\\../Screenshots/iPhone 6/PremierSMI/Aspen/20200423_081606/5.png]]

2020-04-23 08:16:47 - [TEST_STEP][PASSED] - (internal.GlobalVariable.i++): null

2020-04-23 08:16:47 - [MESSAGE][PASSED] - Call Test Case 'Test Cases/AHI/_include/get_screenshot' successfully

2020-04-23 08:16:47 - [MESSAGE][PASSED] - Call Test Case 'Test Cases/AHI/_include/apply_stm' successfully

2020-04-23 08:16:47 - [TEST_STEP][PASSED] - callTestCase(findTestCase("AHI/_include/goToEnd_stm_autofill"), [:], STOP_ON_FAILURE): Call Test Case 'Test Cases/AHI/_include/goToEnd_stm_autofill' successfully

2020-04-23 08:16:47 - [TEST_CASE][PASSED] - Test Cases/AHI/_include/goToEnd_stm_autofill: Test Cases/AHI/_include/goToEnd_stm_autofill

2020-04-23 08:16:47 - [TEST_STEP][PASSED] - callTestCase(findTestCase("AHI/_include/name"), [:], CONTINUE_ON_FAILURE): Call Test Case 'Test Cases/AHI/_include/name' successfully

2020-04-23 08:16:47 - [TEST_CASE][PASSED] - Test Cases/AHI/_include/name: Test Cases/AHI/_include/name

2020-04-23 08:16:47 - [TEST_STEP][PASSED] - driver = getWebDriver(): null

2020-04-23 08:16:47 - [TEST_STEP][PASSED] - selenium = new com.thoughtworks.selenium.webdriven.WebDriverBackedSelenium(driver, internal.GlobalVariable.ENV): null

2020-04-23 08:16:47 - [TEST_STEP][PASSED] - FirstName = "Test-123": null

2020-04-23 08:16:47 - [TEST_STEP][PASSED] - LastName = selenium.getEval("{var x="ABCDEFGHIJKLMNOPQRSTUVWXYZabcdefghijklmnopqrstuvwxyz"; var tmp="ZZ11-"; for (i=0;i<8;i++) tmp+=x.charAt(Math.ceil(51*Math.random()));tmp;}"): null

2020-04-23 08:16:47 - [TEST_STEP][PASSED] - Address = selenium.getEval("{var x="ABCDEFGHIJKLMNOPQRSTUVWXYZabcdefghijklmnopqrstuvwxyz"; var tmp=""; for (i=0;i<8;i++) tmp+=x.charAt(Math.ceil(51*Math.random()));tmp;}"): null

2020-04-23 08:16:47 - [TEST_STEP][PASSED] - City = selenium.getEval("{var x="ABCDEFGHIJKLMNOPQRSTUVWXYZabcdefghijklmnopqrstuvwxyz"; var tmp=""; for (i=0;i<8;i++) tmp+=x.charAt(Math.ceil(51*Math.random()));tmp;}"): null

2020-04-23 08:16:47 - [TEST_STEP][PASSED] - tel1 = selenium.getEval("{var x="123456789"; var tmp=""; for (i=0;i<3;i++) tmp+=x.charAt(Math.ceil(8*Math.random()));tmp;}"): null

2020-04-23 08:16:47 - [TEST_STEP][PASSED] - tel2 = selenium.getEval("{var x="123456789"; var tmp=""; for (i=0;i<3;i++) tmp+=x.charAt(Math.ceil(8*Math.random()));tmp;}"): null

2020-04-23 08:16:47 - [TEST_STEP][PASSED] - tel3 = selenium.getEval("{var x="123456789"; var tmp=""; for (i=0;i<4;i++) tmp+=x.charAt(Math.ceil(8*Math.random()));tmp;}"): null

2020-04-23 08:16:47 - [TEST_STEP][PASSED] - Tel = selenium.getExpression(tel1 + "-" + tel2 + "-" + tel3): null

2020-04-23 08:16:47 - [TEST_STEP][PASSED] - AutoEmail = selenium.getEval("{var x="ABCDEFGHIJKLMNOPQRSTUVWXYZabcdefghijklmnopqrstuvwxyz"; var tmp="test."; for (i=0;i<8;i++) tmp+=x.charAt(Math.ceil(51*Math.random()));tmp+="@suryani.cn";}"): null

2020-04-23 08:16:47 - [TEST_STEP][PASSED] - FirstName = FirstName: null

2020-04-23 08:16:47 - [TEST_STEP][PASSED] - LastName = LastName: null

2020-04-23 08:16:47 - [TEST_STEP][PASSED] - Address = Address: null

2020-04-23 08:16:47 - [TEST_STEP][PASSED] - City = City: null

2020-04-23 08:16:47 - [TEST_STEP][PASSED] - Tel = Tel: null

2020-04-23 08:16:47 - [TEST_STEP][PASSED] - AutoEmail = AutoEmail: null

2020-04-23 08:16:47 - [TEST_STEP][PASSED] - println(FirstName): null

2020-04-23 08:16:47 - [TEST_STEP][PASSED] - println(LastName): null

2020-04-23 08:16:47 - [TEST_STEP][PASSED] - println(Address): null

2020-04-23 08:16:47 - [TEST_STEP][PASSED] - println(City): null

2020-04-23 08:16:47 - [TEST_STEP][PASSED] - println(Tel): null

2020-04-23 08:16:47 - [TEST_STEP][PASSED] - println(AutoEmail): null

2020-04-23 08:16:47 - [MESSAGE][PASSED] - Call Test Case 'Test Cases/AHI/_include/name' successfully

2020-04-23 08:16:47 - [TEST_STEP][PASSED] - try: Call Test Case 'Test Cases/AHI/_include/get_screenshot' successfully

2020-04-23 08:16:47 - [TEST_STEP][PASSED] - if (verifyTextPresent("Month Duration Acknowledgement", false)): Call Test Case 'Test Cases/AHI/_include/get_screenshot' successfully

2020-04-23 08:16:47 - [MESSAGE][PASSED] - Text 'Month Duration Acknowledgement' is present on page 

2020-04-23 08:16:47 - [TEST_STEP][PASSED] - click(findTestObject("mobileSanity/STM/Page_App Page 1/label_By checking this box I u")): Object: 'Object Repository/mobileSanity/STM/Page_App Page 1/label_By checking this box I u' is clicked on

2020-04-23 08:16:48 - [MESSAGE][PASSED] - Object: 'Object Repository/mobileSanity/STM/Page_App Page 1/label_By checking this box I u' is clicked on

2020-04-23 08:16:48 - [TEST_STEP][PASSED] - click(findTestObject("mobileSanity/STM/Page_App Page 1/button_Continue to Application")): Object: 'Object Repository/mobileSanity/STM/Page_App Page 1/button_Continue to Application' is clicked on

2020-04-23 08:16:48 - [MESSAGE][PASSED] - Object: 'Object Repository/mobileSanity/STM/Page_App Page 1/button_Continue to Application' is clicked on

2020-04-23 08:16:48 - [TEST_STEP][PASSED] - waitForPageLoad(20): Wait for page load successfully

2020-04-23 08:16:48 - [MESSAGE][PASSED] - Wait for page load successfully

2020-04-23 08:16:48 - [TEST_STEP][PASSED] - Thread.sleep(5000): null

2020-04-23 08:16:53 - [TEST_STEP][PASSED] - callTestCase(findTestCase("AHI/_include/get_screenshot"), [:], STOP_ON_FAILURE): Call Test Case 'Test Cases/AHI/_include/get_screenshot' successfully

2020-04-23 08:16:53 - [TEST_CASE][PASSED] - Test Cases/AHI/_include/get_screenshot: Test Cases/AHI/_include/get_screenshot

2020-04-23 08:16:53 - [TEST_STEP][PASSED] - Thread.sleep(1000): null

2020-04-23 08:16:54 - [TEST_STEP][PASSED] - takeScreenshot(screenPath + i + ".png"): Taking screenshot successfully

2020-04-23 08:16:55 - [MESSAGE][PASSED] - Taking screenshot successfully
[[ATTACHMENT|D:\\Test\\AgileTest\\Reports\\PrivateLabel\\PremierSMI\\20200423_080048\\../Screenshots/iPhone 6/PremierSMI/Aspen/20200423_081606/6.png]]

2020-04-23 08:16:55 - [TEST_STEP][PASSED] - (internal.GlobalVariable.i++): null

2020-04-23 08:16:55 - [MESSAGE][PASSED] - Call Test Case 'Test Cases/AHI/_include/get_screenshot' successfully

2020-04-23 08:16:55 - [TEST_STEP][PASSED] - waitForPageLoad(10): Wait for page load successfully

2020-04-23 08:16:55 - [MESSAGE][PASSED] - Wait for page load successfully

2020-04-23 08:16:55 - [TEST_STEP][PASSED] - Thread.sleep(3000): null

2020-04-23 08:16:58 - [TEST_STEP][PASSED] - waitForElementVisible(findTestObject("mobileSanity/STM/Page_App Page 1/a_Autofill App Info"), 20): Object 'Object Repository/mobileSanity/STM/Page_App Page 1/a_Autofill App Info' is visible

2020-04-23 08:16:58 - [MESSAGE][PASSED] - Object 'Object Repository/mobileSanity/STM/Page_App Page 1/a_Autofill App Info' is visible

2020-04-23 08:16:58 - [TEST_STEP][PASSED] - click(findTestObject("mobileSanity/STM/Page_App Page 1/a_Autofill App Info")): Object: 'Object Repository/mobileSanity/STM/Page_App Page 1/a_Autofill App Info' is clicked on

2020-04-23 08:16:58 - [MESSAGE][PASSED] - Object: 'Object Repository/mobileSanity/STM/Page_App Page 1/a_Autofill App Info' is clicked on

2020-04-23 08:16:58 - [TEST_STEP][PASSED] - Thread.sleep(1000): null

2020-04-23 08:16:59 - [TEST_STEP][PASSED] - click(findTestObject("mobileSanity/STM/Page_App Page 1/a_Autofill App Info")): Object: 'Object Repository/mobileSanity/STM/Page_App Page 1/a_Autofill App Info' is clicked on

2020-04-23 08:17:00 - [MESSAGE][PASSED] - Object: 'Object Repository/mobileSanity/STM/Page_App Page 1/a_Autofill App Info' is clicked on

2020-04-23 08:17:00 - [TEST_STEP][PASSED] - Thread.sleep(1000): null

2020-04-23 08:17:01 - [TEST_STEP][PASSED] - waitForElementVisible(findTestObject("mobileSanity/STM/Page_App Page 1/a_Continue"), 20): Object 'Object Repository/mobileSanity/STM/Page_App Page 1/a_Continue' is visible

2020-04-23 08:17:01 - [MESSAGE][PASSED] - Object 'Object Repository/mobileSanity/STM/Page_App Page 1/a_Continue' is visible

2020-04-23 08:17:01 - [TEST_STEP][PASSED] - click(findTestObject("mobileSanity/STM/Page_App Page 1/a_Continue")): Object: 'Object Repository/mobileSanity/STM/Page_App Page 1/a_Continue' is clicked on

2020-04-23 08:17:01 - [MESSAGE][PASSED] - Object: 'Object Repository/mobileSanity/STM/Page_App Page 1/a_Continue' is clicked on

2020-04-23 08:17:01 - [TEST_STEP][PASSED] - waitForPageLoad(20): Wait for page load successfully

2020-04-23 08:17:01 - [MESSAGE][PASSED] - Wait for page load successfully

2020-04-23 08:17:01 - [TEST_STEP][PASSED] - Thread.sleep(5000): null

2020-04-23 08:17:06 - [TEST_STEP][PASSED] - callTestCase(findTestCase("AHI/_include/get_screenshot"), [:], STOP_ON_FAILURE): Call Test Case 'Test Cases/AHI/_include/get_screenshot' successfully

2020-04-23 08:17:06 - [TEST_CASE][PASSED] - Test Cases/AHI/_include/get_screenshot: Test Cases/AHI/_include/get_screenshot

2020-04-23 08:17:06 - [TEST_STEP][PASSED] - Thread.sleep(1000): null

2020-04-23 08:17:07 - [TEST_STEP][PASSED] - takeScreenshot(screenPath + i + ".png"): Taking screenshot successfully

2020-04-23 08:17:07 - [MESSAGE][PASSED] - Taking screenshot successfully
[[ATTACHMENT|D:\\Test\\AgileTest\\Reports\\PrivateLabel\\PremierSMI\\20200423_080048\\../Screenshots/iPhone 6/PremierSMI/Aspen/20200423_081606/7.png]]

2020-04-23 08:17:07 - [TEST_STEP][PASSED] - (internal.GlobalVariable.i++): null

2020-04-23 08:17:07 - [MESSAGE][PASSED] - Call Test Case 'Test Cases/AHI/_include/get_screenshot' successfully

2020-04-23 08:17:07 - [TEST_STEP][PASSED] - click(findTestObject("mobileSanity/STM/Page_App Page 2/a_Continue to Step 3 - Payment")): Object: 'Object Repository/mobileSanity/STM/Page_App Page 2/a_Continue to Step 3 - Payment' is clicked on

2020-04-23 08:17:08 - [MESSAGE][PASSED] - Object: 'Object Repository/mobileSanity/STM/Page_App Page 2/a_Continue to Step 3 - Payment' is clicked on

2020-04-23 08:17:08 - [TEST_STEP][PASSED] - waitForPageLoad(20): Wait for page load successfully

2020-04-23 08:17:08 - [MESSAGE][PASSED] - Wait for page load successfully

2020-04-23 08:17:08 - [TEST_STEP][PASSED] - waitForElementVisible(findTestObject("mobileSanity/STM/Page_App Page 3/input__credit-card-cvv"), 20): Object 'Object Repository/mobileSanity/STM/Page_App Page 3/input__credit-card-cvv' is visible

2020-04-23 08:17:08 - [MESSAGE][PASSED] - Object 'Object Repository/mobileSanity/STM/Page_App Page 3/input__credit-card-cvv' is visible

2020-04-23 08:17:08 - [TEST_STEP][PASSED] - Thread.sleep(2000): null

2020-04-23 08:17:10 - [TEST_STEP][PASSED] - callTestCase(findTestCase("AHI/_include/get_screenshot"), [:], STOP_ON_FAILURE): Call Test Case 'Test Cases/AHI/_include/get_screenshot' successfully

2020-04-23 08:17:10 - [TEST_CASE][PASSED] - Test Cases/AHI/_include/get_screenshot: Test Cases/AHI/_include/get_screenshot

2020-04-23 08:17:10 - [TEST_STEP][PASSED] - Thread.sleep(1000): null

2020-04-23 08:17:11 - [TEST_STEP][PASSED] - takeScreenshot(screenPath + i + ".png"): Taking screenshot successfully

2020-04-23 08:17:12 - [MESSAGE][PASSED] - Taking screenshot successfully
[[ATTACHMENT|D:\\Test\\AgileTest\\Reports\\PrivateLabel\\PremierSMI\\20200423_080048\\../Screenshots/iPhone 6/PremierSMI/Aspen/20200423_081606/8.png]]

2020-04-23 08:17:12 - [TEST_STEP][PASSED] - (internal.GlobalVariable.i++): null

2020-04-23 08:17:12 - [MESSAGE][PASSED] - Call Test Case 'Test Cases/AHI/_include/get_screenshot' successfully

2020-04-23 08:17:12 - [TEST_STEP][PASSED] - clearText(findTestObject("mobileSanity/STM/Page_App Page 3/input__credit-card-cvv")): Text of object 'Object Repository/mobileSanity/STM/Page_App Page 3/input__credit-card-cvv' is cleared

2020-04-23 08:17:12 - [MESSAGE][PASSED] - Text of object 'Object Repository/mobileSanity/STM/Page_App Page 3/input__credit-card-cvv' is cleared

2020-04-23 08:17:12 - [TEST_STEP][PASSED] - setText(findTestObject("mobileSanity/STM/Page_App Page 3/input__credit-card-cvv"), "123"): Text '123' is set on object 'Object Repository/mobileSanity/STM/Page_App Page 3/input__credit-card-cvv'

2020-04-23 08:17:12 - [MESSAGE][PASSED] - Text '123' is set on object 'Object Repository/mobileSanity/STM/Page_App Page 3/input__credit-card-cvv'

2020-04-23 08:17:12 - [TEST_STEP][PASSED] - click(findTestObject("mobileSanity/STM/Page_App Page 3/label_I Accept Authorization f")): Object: 'Object Repository/mobileSanity/STM/Page_App Page 3/label_I Accept Authorization f' is clicked on

2020-04-23 08:17:12 - [MESSAGE][PASSED] - Object: 'Object Repository/mobileSanity/STM/Page_App Page 3/label_I Accept Authorization f' is clicked on

2020-04-23 08:17:12 - [TEST_STEP][PASSED] - click(findTestObject("mobileSanity/STM/Page_App Page 3/a_Continue to Step 4 - Review")): Object: 'Object Repository/mobileSanity/STM/Page_App Page 3/a_Continue to Step 4 - Review' is clicked on

2020-04-23 08:17:12 - [MESSAGE][PASSED] - Object: 'Object Repository/mobileSanity/STM/Page_App Page 3/a_Continue to Step 4 - Review' is clicked on

2020-04-23 08:17:12 - [TEST_STEP][PASSED] - waitForPageLoad(10): Wait for page load successfully

2020-04-23 08:17:12 - [MESSAGE][PASSED] - Wait for page load successfully

2020-04-23 08:17:12 - [TEST_STEP][PASSED] - waitForElementClickable(findTestObject("mobileSanity/STM/Page_App Page 4/label"), 10): Object 'Object Repository/mobileSanity/STM/Page_App Page 4/label' is clickable

2020-04-23 08:17:13 - [MESSAGE][PASSED] - Object 'Object Repository/mobileSanity/STM/Page_App Page 4/label' is clickable

2020-04-23 08:17:13 - [TEST_STEP][PASSED] - Thread.sleep(2000): null

2020-04-23 08:17:15 - [TEST_STEP][PASSED] - callTestCase(findTestCase("AHI/_include/get_screenshot"), [:], STOP_ON_FAILURE): Call Test Case 'Test Cases/AHI/_include/get_screenshot' successfully

2020-04-23 08:17:15 - [TEST_CASE][PASSED] - Test Cases/AHI/_include/get_screenshot: Test Cases/AHI/_include/get_screenshot

2020-04-23 08:17:15 - [TEST_STEP][PASSED] - Thread.sleep(1000): null

2020-04-23 08:17:16 - [TEST_STEP][PASSED] - takeScreenshot(screenPath + i + ".png"): Taking screenshot successfully

2020-04-23 08:17:17 - [MESSAGE][PASSED] - Taking screenshot successfully
[[ATTACHMENT|D:\\Test\\AgileTest\\Reports\\PrivateLabel\\PremierSMI\\20200423_080048\\../Screenshots/iPhone 6/PremierSMI/Aspen/20200423_081606/9.png]]

2020-04-23 08:17:17 - [TEST_STEP][PASSED] - (internal.GlobalVariable.i++): null

2020-04-23 08:17:17 - [MESSAGE][PASSED] - Call Test Case 'Test Cases/AHI/_include/get_screenshot' successfully

2020-04-23 08:17:17 - [TEST_STEP][PASSED] - click(findTestObject("mobileSanity/STM/Page_App Page 4/label")): Object: 'Object Repository/mobileSanity/STM/Page_App Page 4/label' is clicked on

2020-04-23 08:17:17 - [MESSAGE][PASSED] - Object: 'Object Repository/mobileSanity/STM/Page_App Page 4/label' is clicked on

2020-04-23 08:17:17 - [TEST_STEP][PASSED] - click(findTestObject("mobileSanity/STM/Page_App Page 4/div_CLICK TO SIGN")): Object: 'Object Repository/mobileSanity/STM/Page_App Page 4/div_CLICK TO SIGN' is clicked on

2020-04-23 08:17:17 - [MESSAGE][PASSED] - Object: 'Object Repository/mobileSanity/STM/Page_App Page 4/div_CLICK TO SIGN' is clicked on

2020-04-23 08:17:17 - [TEST_STEP][PASSED] - click(findTestObject("mobileSanity/STM/Page_App Page 4/a_Submit Your Application")): Object: 'Object Repository/mobileSanity/STM/Page_App Page 4/a_Submit Your Application' is clicked on

2020-04-23 08:17:17 - [MESSAGE][PASSED] - Object: 'Object Repository/mobileSanity/STM/Page_App Page 4/a_Submit Your Application' is clicked on

2020-04-23 08:17:17 - [TEST_STEP][PASSED] - waitForElementPresent(findTestObject("mobileSanity/Common/app-confirmation"), 50): Object 'Object Repository/mobileSanity/Common/app-confirmation' is not present after 50 second(s)

2020-04-23 08:18:11 - [MESSAGE][INFO] - Unable to find the element located by 'By.xpath: //*[@id = 'app-confirmation']'. Please recheck the objects properties to make sure the desired element is located. 

2020-04-23 08:18:11 - [MESSAGE][WARNING] - Object 'Object Repository/mobileSanity/Common/app-confirmation' is not present after 50 second(s)

2020-04-23 08:18:11 - [TEST_STEP][PASSED] - callTestCase(findTestCase("AHI/_include/get_screenshot"), [:], STOP_ON_FAILURE): Call Test Case 'Test Cases/AHI/_include/get_screenshot' successfully

2020-04-23 08:18:11 - [TEST_CASE][PASSED] - Test Cases/AHI/_include/get_screenshot: Test Cases/AHI/_include/get_screenshot

2020-04-23 08:18:11 - [TEST_STEP][PASSED] - Thread.sleep(1000): null

2020-04-23 08:18:12 - [TEST_STEP][PASSED] - takeScreenshot(screenPath + i + ".png"): Taking screenshot successfully

2020-04-23 08:18:13 - [MESSAGE][PASSED] - Taking screenshot successfully
[[ATTACHMENT|D:\\Test\\AgileTest\\Reports\\PrivateLabel\\PremierSMI\\20200423_080048\\../Screenshots/iPhone 6/PremierSMI/Aspen/20200423_081606/10.png]]

2020-04-23 08:18:13 - [TEST_STEP][PASSED] - (internal.GlobalVariable.i++): null

2020-04-23 08:18:13 - [MESSAGE][PASSED] - Call Test Case 'Test Cases/AHI/_include/get_screenshot' successfully

2020-04-23 08:18:13 - [MESSAGE][PASSED] - Call Test Case 'Test Cases/AHI/_include/goToEnd_stm_autofill' successfully]]></system-out>
         <system-err><![CDATA[]]></system-err>
      </testcase>
      <testcase name="Test Cases/PL Site/PremierSMI/Health Choice" classname="Test Cases/PL Site/PremierSMI/Health Choice" status="PASSED">
         <system-out><![CDATA[2020-04-23 08:18:13 - [TEST_CASE][PASSED] - Test Cases/PL Site/PremierSMI/Health Choice: Test Cases/PL Site/PremierSMI/Health Choice

2020-04-23 08:18:13 - [TEST_STEP][PASSED] - callTestCase(findTestCase("AHI/_include/get_screenPath"), ["productLine":"PremierSMI", "carrierName":"Health Choice"], CONTINUE_ON_FAILURE): Call Test Case 'Test Cases/AHI/_include/get_screenPath' successfully

2020-04-23 08:18:13 - [TEST_CASE][PASSED] - Test Cases/AHI/_include/get_screenPath: Test Cases/AHI/_include/get_screenPath

2020-04-23 08:18:13 - [TEST_STEP][PASSED] - m = getExecutionProperties(): null

2020-04-23 08:18:13 - [TEST_STEP][PASSED] - deviceName = get("mobileEmulation").get("deviceName"): null

2020-04-23 08:18:13 - [TEST_STEP][PASSED] - println(deviceName): null

2020-04-23 08:18:13 - [TEST_STEP][PASSED] - now = new java.util.Date(): null

2020-04-23 08:18:13 - [TEST_STEP][PASSED] - mydate = now.format("yyyyMMdd_HHmmss"): null

2020-04-23 08:18:13 - [TEST_STEP][PASSED] - screenPath = "../Screenshots/": null

2020-04-23 08:18:13 - [TEST_STEP][PASSED] - screenPath = screenPath + deviceName + "/" + productLine + "/" + carrierName + "/" + mydate + "/": null

2020-04-23 08:18:13 - [TEST_STEP][PASSED] - println(screenPath): null

2020-04-23 08:18:13 - [MESSAGE][PASSED] - Call Test Case 'Test Cases/AHI/_include/get_screenPath' successfully

2020-04-23 08:18:13 - [TEST_STEP][PASSED] - i = 0: null

2020-04-23 08:18:13 - [TEST_STEP][PASSED] - callTestCase(findTestCase("AHI/_include/openWebSite"), ["env":"https://premiersmi--qa.storefront.mybenefitskeeper.com"], STOP_ON_FAILURE): Call Test Case 'Test Cases/AHI/_include/openWebSite' successfully

2020-04-23 08:18:13 - [TEST_CASE][PASSED] - Test Cases/AHI/_include/openWebSite: Test Cases/AHI/_include/openWebSite

2020-04-23 08:18:13 - [TEST_STEP][PASSED] - openBrowser(env): Browser is opened with url: 'https://premiersmi--qa.storefront.mybenefitskeeper.com'

2020-04-23 08:18:13 - [MESSAGE][WARNING] - A browser is already opened. Closing browser and opening a new one

2020-04-23 08:18:14 - [MESSAGE][INFO] - Starting 'Chrome' driver

2020-04-23 08:18:14 - [MESSAGE][INFO] - User set preference: ['mobileEmulation', '{deviceName=iPhone 6}']

2020-04-23 08:18:14 - [MESSAGE][INFO] - User set preference: ['args', '[--incognito, --aggressive-cache-discard, --window-size=375,677, --no-sandbox, --ignore-certificate-errors]']

2020-04-23 08:18:29 - [MESSAGE][PASSED] - Browser is opened with url: 'https://premiersmi--qa.storefront.mybenefitskeeper.com'

2020-04-23 08:18:29 - [TEST_STEP][PASSED] - waitForPageLoad(20): Wait for page load successfully

2020-04-23 08:18:29 - [MESSAGE][PASSED] - Wait for page load successfully

2020-04-23 08:18:29 - [TEST_STEP][PASSED] - callTestCase(findTestCase("AHI/_include/get_screenshot"), [:], STOP_ON_FAILURE): Call Test Case 'Test Cases/AHI/_include/get_screenshot' successfully

2020-04-23 08:18:29 - [TEST_CASE][PASSED] - Test Cases/AHI/_include/get_screenshot: Test Cases/AHI/_include/get_screenshot

2020-04-23 08:18:29 - [TEST_STEP][PASSED] - Thread.sleep(1000): null

2020-04-23 08:18:30 - [TEST_STEP][PASSED] - takeScreenshot(screenPath + i + ".png"): Taking screenshot successfully

2020-04-23 08:18:30 - [MESSAGE][PASSED] - Taking screenshot successfully
[[ATTACHMENT|D:\\Test\\AgileTest\\Reports\\PrivateLabel\\PremierSMI\\20200423_080048\\../Screenshots/iPhone 6/PremierSMI/Health Choice/20200423_081813/0.png]]

2020-04-23 08:18:30 - [TEST_STEP][PASSED] - (internal.GlobalVariable.i++): null

2020-04-23 08:18:30 - [MESSAGE][PASSED] - Call Test Case 'Test Cases/AHI/_include/get_screenshot' successfully

2020-04-23 08:18:30 - [MESSAGE][PASSED] - Call Test Case 'Test Cases/AHI/_include/openWebSite' successfully

2020-04-23 08:18:30 - [TEST_STEP][PASSED] - callTestCase(findTestCase("PL Site/_include/census_hbi"), ["zipcode":"35215"], CONTINUE_ON_FAILURE): Call Test Case 'Test Cases/PL Site/_include/census_hbi' successfully

2020-04-23 08:18:31 - [TEST_CASE][PASSED] - Test Cases/PL Site/_include/census_hbi: Test Cases/PL Site/_include/census_hbi

2020-04-23 08:18:31 - [TEST_STEP][PASSED] - click(findTestObject("mobileSanity/Common/side_nav/menu")): Object: 'Object Repository/mobileSanity/Common/side_nav/menu' is clicked on

2020-04-23 08:18:31 - [MESSAGE][PASSED] - Object: 'Object Repository/mobileSanity/Common/side_nav/menu' is clicked on

2020-04-23 08:18:31 - [TEST_STEP][PASSED] - Thread.sleep(3000): null

2020-04-23 08:18:34 - [TEST_STEP][PASSED] - callTestCase(findTestCase("AHI/_include/get_screenshot"), [:], STOP_ON_FAILURE): Call Test Case 'Test Cases/AHI/_include/get_screenshot' successfully

2020-04-23 08:18:34 - [TEST_CASE][PASSED] - Test Cases/AHI/_include/get_screenshot: Test Cases/AHI/_include/get_screenshot

2020-04-23 08:18:34 - [TEST_STEP][PASSED] - Thread.sleep(1000): null

2020-04-23 08:18:35 - [TEST_STEP][PASSED] - takeScreenshot(screenPath + i + ".png"): Taking screenshot successfully

2020-04-23 08:18:35 - [MESSAGE][PASSED] - Taking screenshot successfully
[[ATTACHMENT|D:\\Test\\AgileTest\\Reports\\PrivateLabel\\PremierSMI\\20200423_080048\\../Screenshots/iPhone 6/PremierSMI/Health Choice/20200423_081813/1.png]]

2020-04-23 08:18:35 - [TEST_STEP][PASSED] - (internal.GlobalVariable.i++): null

2020-04-23 08:18:35 - [MESSAGE][PASSED] - Call Test Case 'Test Cases/AHI/_include/get_screenshot' successfully

2020-04-23 08:18:35 - [TEST_STEP][PASSED] - click(findTestObject("PLSite/pl_nav_hbi")): Object: 'Object Repository/PLSite/pl_nav_hbi' is clicked on

2020-04-23 08:18:36 - [MESSAGE][PASSED] - Object: 'Object Repository/PLSite/pl_nav_hbi' is clicked on

2020-04-23 08:18:36 - [TEST_STEP][PASSED] - waitForPageLoad(10): Wait for page load successfully

2020-04-23 08:18:36 - [MESSAGE][PASSED] - Wait for page load successfully

2020-04-23 08:18:36 - [TEST_STEP][PASSED] - Thread.sleep(3000): null

2020-04-23 08:18:39 - [TEST_STEP][PASSED] - callTestCase(findTestCase("AHI/_include/get_screenshot"), [:], STOP_ON_FAILURE): Call Test Case 'Test Cases/AHI/_include/get_screenshot' successfully

2020-04-23 08:18:39 - [TEST_CASE][PASSED] - Test Cases/AHI/_include/get_screenshot: Test Cases/AHI/_include/get_screenshot

2020-04-23 08:18:39 - [TEST_STEP][PASSED] - Thread.sleep(1000): null

2020-04-23 08:18:40 - [TEST_STEP][PASSED] - takeScreenshot(screenPath + i + ".png"): Taking screenshot successfully

2020-04-23 08:18:41 - [MESSAGE][PASSED] - Taking screenshot successfully
[[ATTACHMENT|D:\\Test\\AgileTest\\Reports\\PrivateLabel\\PremierSMI\\20200423_080048\\../Screenshots/iPhone 6/PremierSMI/Health Choice/20200423_081813/2.png]]

2020-04-23 08:18:41 - [TEST_STEP][PASSED] - (internal.GlobalVariable.i++): null

2020-04-23 08:18:41 - [MESSAGE][PASSED] - Call Test Case 'Test Cases/AHI/_include/get_screenshot' successfully

2020-04-23 08:18:41 - [TEST_STEP][PASSED] - setText(findTestObject("mobileSanity/HBI/census/input_Location_zip-input"), zipcode): Text '35215' is set on object 'Object Repository/mobileSanity/HBI/census/input_Location_zip-input'

2020-04-23 08:18:41 - [MESSAGE][PASSED] - Text '35215' is set on object 'Object Repository/mobileSanity/HBI/census/input_Location_zip-input'

2020-04-23 08:18:41 - [TEST_STEP][PASSED] - Thread.sleep(500): null

2020-04-23 08:18:42 - [TEST_STEP][PASSED] - setText(findTestObject("mobileSanity/HBI/census/input_Date of Birth_dob-0"), "12121980"): Text '12121980' is set on object 'Object Repository/mobileSanity/HBI/census/input_Date of Birth_dob-0'

2020-04-23 08:18:42 - [MESSAGE][PASSED] - Text '12121980' is set on object 'Object Repository/mobileSanity/HBI/census/input_Date of Birth_dob-0'

2020-04-23 08:18:42 - [TEST_STEP][PASSED] - click(findTestObject("mobileSanity/HBI/census/label_Male")): Object: 'Object Repository/mobileSanity/HBI/census/label_Male' is clicked on

2020-04-23 08:18:42 - [MESSAGE][PASSED] - Object: 'Object Repository/mobileSanity/HBI/census/label_Male' is clicked on

2020-04-23 08:18:42 - [TEST_STEP][PASSED] - click(findTestObject("mobileSanity/HBI/census/label_Get a Quote")): Object: 'Object Repository/mobileSanity/HBI/census/label_Get a Quote' is clicked on

2020-04-23 08:18:43 - [MESSAGE][PASSED] - Object: 'Object Repository/mobileSanity/HBI/census/label_Get a Quote' is clicked on

2020-04-23 08:18:43 - [TEST_STEP][PASSED] - waitForPageLoad(20): Wait for page load successfully

2020-04-23 08:18:43 - [MESSAGE][PASSED] - Wait for page load successfully

2020-04-23 08:18:43 - [TEST_STEP][PASSED] - Thread.sleep(3000): null

2020-04-23 08:18:46 - [TEST_STEP][PASSED] - callTestCase(findTestCase("AHI/_include/check_quoteleadform"), [:], STOP_ON_FAILURE): Call Test Case 'Test Cases/AHI/_include/check_quoteleadform' successfully

2020-04-23 08:18:47 - [TEST_CASE][PASSED] - Test Cases/AHI/_include/check_quoteleadform: Test Cases/AHI/_include/check_quoteleadform

2020-04-23 08:18:47 - [TEST_STEP][PASSED] - callTestCase(findTestCase("AHI/_include/name"), [:], CONTINUE_ON_FAILURE): Call Test Case 'Test Cases/AHI/_include/name' successfully

2020-04-23 08:18:47 - [TEST_CASE][PASSED] - Test Cases/AHI/_include/name: Test Cases/AHI/_include/name

2020-04-23 08:18:47 - [TEST_STEP][PASSED] - driver = getWebDriver(): null

2020-04-23 08:18:47 - [TEST_STEP][PASSED] - selenium = new com.thoughtworks.selenium.webdriven.WebDriverBackedSelenium(driver, internal.GlobalVariable.ENV): null

2020-04-23 08:18:47 - [TEST_STEP][PASSED] - FirstName = "Test-123": null

2020-04-23 08:18:47 - [TEST_STEP][PASSED] - LastName = selenium.getEval("{var x="ABCDEFGHIJKLMNOPQRSTUVWXYZabcdefghijklmnopqrstuvwxyz"; var tmp="ZZ11-"; for (i=0;i<8;i++) tmp+=x.charAt(Math.ceil(51*Math.random()));tmp;}"): null

2020-04-23 08:18:47 - [TEST_STEP][PASSED] - Address = selenium.getEval("{var x="ABCDEFGHIJKLMNOPQRSTUVWXYZabcdefghijklmnopqrstuvwxyz"; var tmp=""; for (i=0;i<8;i++) tmp+=x.charAt(Math.ceil(51*Math.random()));tmp;}"): null

2020-04-23 08:18:47 - [TEST_STEP][PASSED] - City = selenium.getEval("{var x="ABCDEFGHIJKLMNOPQRSTUVWXYZabcdefghijklmnopqrstuvwxyz"; var tmp=""; for (i=0;i<8;i++) tmp+=x.charAt(Math.ceil(51*Math.random()));tmp;}"): null

2020-04-23 08:18:47 - [TEST_STEP][PASSED] - tel1 = selenium.getEval("{var x="123456789"; var tmp=""; for (i=0;i<3;i++) tmp+=x.charAt(Math.ceil(8*Math.random()));tmp;}"): null

2020-04-23 08:18:47 - [TEST_STEP][PASSED] - tel2 = selenium.getEval("{var x="123456789"; var tmp=""; for (i=0;i<3;i++) tmp+=x.charAt(Math.ceil(8*Math.random()));tmp;}"): null

2020-04-23 08:18:47 - [TEST_STEP][PASSED] - tel3 = selenium.getEval("{var x="123456789"; var tmp=""; for (i=0;i<4;i++) tmp+=x.charAt(Math.ceil(8*Math.random()));tmp;}"): null

2020-04-23 08:18:47 - [TEST_STEP][PASSED] - Tel = selenium.getExpression(tel1 + "-" + tel2 + "-" + tel3): null

2020-04-23 08:18:47 - [TEST_STEP][PASSED] - AutoEmail = selenium.getEval("{var x="ABCDEFGHIJKLMNOPQRSTUVWXYZabcdefghijklmnopqrstuvwxyz"; var tmp="test."; for (i=0;i<8;i++) tmp+=x.charAt(Math.ceil(51*Math.random()));tmp+="@suryani.cn";}"): null

2020-04-23 08:18:47 - [TEST_STEP][PASSED] - FirstName = FirstName: null

2020-04-23 08:18:47 - [TEST_STEP][PASSED] - LastName = LastName: null

2020-04-23 08:18:47 - [TEST_STEP][PASSED] - Address = Address: null

2020-04-23 08:18:47 - [TEST_STEP][PASSED] - City = City: null

2020-04-23 08:18:47 - [TEST_STEP][PASSED] - Tel = Tel: null

2020-04-23 08:18:47 - [TEST_STEP][PASSED] - AutoEmail = AutoEmail: null

2020-04-23 08:18:47 - [TEST_STEP][PASSED] - println(FirstName): null

2020-04-23 08:18:47 - [TEST_STEP][PASSED] - println(LastName): null

2020-04-23 08:18:47 - [TEST_STEP][PASSED] - println(Address): null

2020-04-23 08:18:47 - [TEST_STEP][PASSED] - println(City): null

2020-04-23 08:18:47 - [TEST_STEP][PASSED] - println(Tel): null

2020-04-23 08:18:47 - [TEST_STEP][PASSED] - println(AutoEmail): null

2020-04-23 08:18:47 - [MESSAGE][PASSED] - Call Test Case 'Test Cases/AHI/_include/name' successfully

2020-04-23 08:18:47 - [TEST_STEP][PASSED] - leadform_exist = test.MobileKeywords.isElementPresent_Web(findTestObject("mobileSanity/quote lead form/lead_form"), 20): test.MobileKeywords.isElementPresent_Web is PASSED

2020-04-23 08:19:09 - [MESSAGE][INFO] - Unable to find the element located by 'By.xpath: //*[@id = 'lightboxLeadForm']'. Please recheck the objects properties to make sure the desired element is located. 

2020-04-23 08:19:09 - [MESSAGE][PASSED] - test.MobileKeywords.isElementPresent_Web is PASSED

2020-04-23 08:19:09 - [TEST_STEP][PASSED] - if (leadform_exist): null

2020-04-23 08:19:09 - [MESSAGE][PASSED] - Call Test Case 'Test Cases/AHI/_include/check_quoteleadform' successfully

2020-04-23 08:19:09 - [TEST_STEP][PASSED] - callTestCase(findTestCase("AHI/_include/get_screenshot"), [:], STOP_ON_FAILURE): Call Test Case 'Test Cases/AHI/_include/get_screenshot' successfully

2020-04-23 08:19:09 - [TEST_CASE][PASSED] - Test Cases/AHI/_include/get_screenshot: Test Cases/AHI/_include/get_screenshot

2020-04-23 08:19:09 - [TEST_STEP][PASSED] - Thread.sleep(1000): null

2020-04-23 08:19:10 - [TEST_STEP][PASSED] - takeScreenshot(screenPath + i + ".png"): Taking screenshot successfully

2020-04-23 08:19:10 - [MESSAGE][PASSED] - Taking screenshot successfully
[[ATTACHMENT|D:\\Test\\AgileTest\\Reports\\PrivateLabel\\PremierSMI\\20200423_080048\\../Screenshots/iPhone 6/PremierSMI/Health Choice/20200423_081813/3.png]]

2020-04-23 08:19:10 - [TEST_STEP][PASSED] - (internal.GlobalVariable.i++): null

2020-04-23 08:19:10 - [MESSAGE][PASSED] - Call Test Case 'Test Cases/AHI/_include/get_screenshot' successfully

2020-04-23 08:19:10 - [MESSAGE][PASSED] - Call Test Case 'Test Cases/PL Site/_include/census_hbi' successfully

2020-04-23 08:19:10 - [TEST_STEP][PASSED] - Thread.sleep(5000): null

2020-04-23 08:19:15 - [TEST_STEP][PASSED] - scrollToPosition(200, 2300): Browser is scrolled to position x = 200, y = 2300

2020-04-23 08:19:15 - [MESSAGE][PASSED] - Browser is scrolled to position x = 200, y = 2300

2020-04-23 08:19:15 - [TEST_STEP][PASSED] - click(findTestObject("mobileSanity/HBI/quote/a_Health Choice")): Object: 'Object Repository/mobileSanity/HBI/quote/a_Health Choice' is clicked on

2020-04-23 08:19:22 - [MESSAGE][PASSED] - Object: 'Object Repository/mobileSanity/HBI/quote/a_Health Choice' is clicked on

2020-04-23 08:19:22 - [TEST_STEP][PASSED] - waitForPageLoad(10): Wait for page load successfully

2020-04-23 08:19:22 - [MESSAGE][PASSED] - Wait for page load successfully

2020-04-23 08:19:22 - [TEST_STEP][PASSED] - callTestCase(findTestCase("AHI/_include/get_screenshot"), [:], STOP_ON_FAILURE): Call Test Case 'Test Cases/AHI/_include/get_screenshot' successfully

2020-04-23 08:19:22 - [TEST_CASE][PASSED] - Test Cases/AHI/_include/get_screenshot: Test Cases/AHI/_include/get_screenshot

2020-04-23 08:19:22 - [TEST_STEP][PASSED] - Thread.sleep(1000): null

2020-04-23 08:19:23 - [TEST_STEP][PASSED] - takeScreenshot(screenPath + i + ".png"): Taking screenshot successfully

2020-04-23 08:19:23 - [MESSAGE][PASSED] - Taking screenshot successfully
[[ATTACHMENT|D:\\Test\\AgileTest\\Reports\\PrivateLabel\\PremierSMI\\20200423_080048\\../Screenshots/iPhone 6/PremierSMI/Health Choice/20200423_081813/4.png]]

2020-04-23 08:19:23 - [TEST_STEP][PASSED] - (internal.GlobalVariable.i++): null

2020-04-23 08:19:23 - [MESSAGE][PASSED] - Call Test Case 'Test Cases/AHI/_include/get_screenshot' successfully

2020-04-23 08:19:23 - [TEST_STEP][PASSED] - click(findTestObject("mobileSanity/HBI/detail/a_Apply for This Plan")): Object: 'Object Repository/mobileSanity/HBI/detail/a_Apply for This Plan' is clicked on

2020-04-23 08:19:24 - [MESSAGE][PASSED] - Object: 'Object Repository/mobileSanity/HBI/detail/a_Apply for This Plan' is clicked on

2020-04-23 08:19:24 - [TEST_STEP][PASSED] - waitForPageLoad(10): Wait for page load successfully

2020-04-23 08:19:24 - [MESSAGE][PASSED] - Wait for page load successfully

2020-04-23 08:19:24 - [TEST_STEP][PASSED] - callTestCase(findTestCase("AHI/_include/get_screenshot"), [:], STOP_ON_FAILURE): Call Test Case 'Test Cases/AHI/_include/get_screenshot' successfully

2020-04-23 08:19:24 - [TEST_CASE][PASSED] - Test Cases/AHI/_include/get_screenshot: Test Cases/AHI/_include/get_screenshot

2020-04-23 08:19:24 - [TEST_STEP][PASSED] - Thread.sleep(1000): null

2020-04-23 08:19:25 - [TEST_STEP][PASSED] - takeScreenshot(screenPath + i + ".png"): Taking screenshot successfully

2020-04-23 08:19:25 - [MESSAGE][PASSED] - Taking screenshot successfully
[[ATTACHMENT|D:\\Test\\AgileTest\\Reports\\PrivateLabel\\PremierSMI\\20200423_080048\\../Screenshots/iPhone 6/PremierSMI/Health Choice/20200423_081813/5.png]]

2020-04-23 08:19:25 - [TEST_STEP][PASSED] - (internal.GlobalVariable.i++): null

2020-04-23 08:19:25 - [MESSAGE][PASSED] - Call Test Case 'Test Cases/AHI/_include/get_screenshot' successfully

2020-04-23 08:19:25 - [TEST_STEP][PASSED] - click(findTestObject("mobileSanity/HBI/Page_Apply/span_Start Secure Application")): Object: 'Object Repository/mobileSanity/HBI/Page_Apply/span_Start Secure Application' is clicked on

2020-04-23 08:19:26 - [MESSAGE][PASSED] - Object: 'Object Repository/mobileSanity/HBI/Page_Apply/span_Start Secure Application' is clicked on

2020-04-23 08:19:26 - [TEST_STEP][PASSED] - waitForPageLoad(10): Wait for page load successfully

2020-04-23 08:19:26 - [MESSAGE][PASSED] - Wait for page load successfully

2020-04-23 08:19:26 - [TEST_STEP][PASSED] - callTestCase(findTestCase("AHI/_include/get_screenshot"), [:], STOP_ON_FAILURE): Call Test Case 'Test Cases/AHI/_include/get_screenshot' successfully

2020-04-23 08:19:26 - [TEST_CASE][PASSED] - Test Cases/AHI/_include/get_screenshot: Test Cases/AHI/_include/get_screenshot

2020-04-23 08:19:26 - [TEST_STEP][PASSED] - Thread.sleep(1000): null

2020-04-23 08:19:27 - [TEST_STEP][PASSED] - takeScreenshot(screenPath + i + ".png"): Taking screenshot successfully

2020-04-23 08:19:27 - [MESSAGE][PASSED] - Taking screenshot successfully
[[ATTACHMENT|D:\\Test\\AgileTest\\Reports\\PrivateLabel\\PremierSMI\\20200423_080048\\../Screenshots/iPhone 6/PremierSMI/Health Choice/20200423_081813/6.png]]

2020-04-23 08:19:27 - [TEST_STEP][PASSED] - (internal.GlobalVariable.i++): null

2020-04-23 08:19:27 - [MESSAGE][PASSED] - Call Test Case 'Test Cases/AHI/_include/get_screenshot' successfully

2020-04-23 08:19:27 - [TEST_STEP][PASSED] - callTestCase(findTestCase("AHI/_include/goToEnd_hbi"), ["carrier":"healthchoiceplus"], CONTINUE_ON_FAILURE): Call Test Case 'Test Cases/AHI/_include/goToEnd_hbi' successfully

2020-04-23 08:19:27 - [TEST_CASE][PASSED] - Test Cases/AHI/_include/goToEnd_hbi: Test Cases/AHI/_include/goToEnd_hbi

2020-04-23 08:19:28 - [TEST_STEP][PASSED] - if (state == "ca"): null

2020-04-23 08:19:28 - [TEST_STEP][PASSED] - callTestCase(findTestCase("AHI/_include/name"), [:], CONTINUE_ON_FAILURE): Call Test Case 'Test Cases/AHI/_include/name' successfully

2020-04-23 08:19:28 - [TEST_CASE][PASSED] - Test Cases/AHI/_include/name: Test Cases/AHI/_include/name

2020-04-23 08:19:28 - [TEST_STEP][PASSED] - driver = getWebDriver(): null

2020-04-23 08:19:28 - [TEST_STEP][PASSED] - selenium = new com.thoughtworks.selenium.webdriven.WebDriverBackedSelenium(driver, internal.GlobalVariable.ENV): null

2020-04-23 08:19:28 - [TEST_STEP][PASSED] - FirstName = "Test-123": null

2020-04-23 08:19:28 - [TEST_STEP][PASSED] - LastName = selenium.getEval("{var x="ABCDEFGHIJKLMNOPQRSTUVWXYZabcdefghijklmnopqrstuvwxyz"; var tmp="ZZ11-"; for (i=0;i<8;i++) tmp+=x.charAt(Math.ceil(51*Math.random()));tmp;}"): null

2020-04-23 08:19:28 - [TEST_STEP][PASSED] - Address = selenium.getEval("{var x="ABCDEFGHIJKLMNOPQRSTUVWXYZabcdefghijklmnopqrstuvwxyz"; var tmp=""; for (i=0;i<8;i++) tmp+=x.charAt(Math.ceil(51*Math.random()));tmp;}"): null

2020-04-23 08:19:28 - [TEST_STEP][PASSED] - City = selenium.getEval("{var x="ABCDEFGHIJKLMNOPQRSTUVWXYZabcdefghijklmnopqrstuvwxyz"; var tmp=""; for (i=0;i<8;i++) tmp+=x.charAt(Math.ceil(51*Math.random()));tmp;}"): null

2020-04-23 08:19:28 - [TEST_STEP][PASSED] - tel1 = selenium.getEval("{var x="123456789"; var tmp=""; for (i=0;i<3;i++) tmp+=x.charAt(Math.ceil(8*Math.random()));tmp;}"): null

2020-04-23 08:19:28 - [TEST_STEP][PASSED] - tel2 = selenium.getEval("{var x="123456789"; var tmp=""; for (i=0;i<3;i++) tmp+=x.charAt(Math.ceil(8*Math.random()));tmp;}"): null

2020-04-23 08:19:28 - [TEST_STEP][PASSED] - tel3 = selenium.getEval("{var x="123456789"; var tmp=""; for (i=0;i<4;i++) tmp+=x.charAt(Math.ceil(8*Math.random()));tmp;}"): null

2020-04-23 08:19:28 - [TEST_STEP][PASSED] - Tel = selenium.getExpression(tel1 + "-" + tel2 + "-" + tel3): null

2020-04-23 08:19:28 - [TEST_STEP][PASSED] - AutoEmail = selenium.getEval("{var x="ABCDEFGHIJKLMNOPQRSTUVWXYZabcdefghijklmnopqrstuvwxyz"; var tmp="test."; for (i=0;i<8;i++) tmp+=x.charAt(Math.ceil(51*Math.random()));tmp+="@suryani.cn";}"): null

2020-04-23 08:19:28 - [TEST_STEP][PASSED] - FirstName = FirstName: null

2020-04-23 08:19:28 - [TEST_STEP][PASSED] - LastName = LastName: null

2020-04-23 08:19:28 - [TEST_STEP][PASSED] - Address = Address: null

2020-04-23 08:19:28 - [TEST_STEP][PASSED] - City = City: null

2020-04-23 08:19:28 - [TEST_STEP][PASSED] - Tel = Tel: null

2020-04-23 08:19:28 - [TEST_STEP][PASSED] - AutoEmail = AutoEmail: null

2020-04-23 08:19:28 - [TEST_STEP][PASSED] - println(FirstName): null

2020-04-23 08:19:28 - [TEST_STEP][PASSED] - println(LastName): null

2020-04-23 08:19:28 - [TEST_STEP][PASSED] - println(Address): null

2020-04-23 08:19:28 - [TEST_STEP][PASSED] - println(City): null

2020-04-23 08:19:28 - [TEST_STEP][PASSED] - println(Tel): null

2020-04-23 08:19:28 - [TEST_STEP][PASSED] - println(AutoEmail): null

2020-04-23 08:19:28 - [MESSAGE][PASSED] - Call Test Case 'Test Cases/AHI/_include/name' successfully

2020-04-23 08:19:28 - [TEST_STEP][PASSED] - setText(findTestObject("mobileSanity/HBI/Page_App Page 1/input__member-P-1-firstName"), FirstName): Text 'Test-123' is set on object 'Object Repository/mobileSanity/HBI/Page_App Page 1/input__member-P-1-firstName'

2020-04-23 08:19:28 - [MESSAGE][PASSED] - Text 'Test-123' is set on object 'Object Repository/mobileSanity/HBI/Page_App Page 1/input__member-P-1-firstName'

2020-04-23 08:19:28 - [TEST_STEP][PASSED] - setText(findTestObject("mobileSanity/HBI/Page_App Page 1/input__member-P-1-lastName"), LastName): Text 'ZZ11-dSDmaCJN' is set on object 'Object Repository/mobileSanity/HBI/Page_App Page 1/input__member-P-1-lastName'

2020-04-23 08:19:29 - [MESSAGE][PASSED] - Text 'ZZ11-dSDmaCJN' is set on object 'Object Repository/mobileSanity/HBI/Page_App Page 1/input__member-P-1-lastName'

2020-04-23 08:19:29 - [TEST_STEP][PASSED] - if (carrier == "agileone" || carrier == "agilesecure"): null

2020-04-23 08:19:29 - [TEST_STEP][PASSED] - setText(findTestObject("mobileSanity/HBI/Page_App Page 1/input__address"), Address): Text 'khiPdalH' is set on object 'Object Repository/mobileSanity/HBI/Page_App Page 1/input__address'

2020-04-23 08:19:29 - [MESSAGE][PASSED] - Text 'khiPdalH' is set on object 'Object Repository/mobileSanity/HBI/Page_App Page 1/input__address'

2020-04-23 08:19:29 - [TEST_STEP][PASSED] - setText(findTestObject("mobileSanity/HBI/Page_App Page 1/input__city"), City): Text 'YcZKiBXw' is set on object 'Object Repository/mobileSanity/HBI/Page_App Page 1/input__city'

2020-04-23 08:19:30 - [MESSAGE][PASSED] - Text 'YcZKiBXw' is set on object 'Object Repository/mobileSanity/HBI/Page_App Page 1/input__city'

2020-04-23 08:19:30 - [TEST_STEP][PASSED] - setText(findTestObject("mobileSanity/HBI/Page_App Page 1/input__email"), AutoEmail): Text 'test.XIXqJCqO@suryani.cn' is set on object 'Object Repository/mobileSanity/HBI/Page_App Page 1/input__email'

2020-04-23 08:19:30 - [MESSAGE][PASSED] - Text 'test.XIXqJCqO@suryani.cn' is set on object 'Object Repository/mobileSanity/HBI/Page_App Page 1/input__email'

2020-04-23 08:19:30 - [TEST_STEP][PASSED] - setText(findTestObject("mobileSanity/HBI/Page_App Page 1/input_tel"), Tel): Text '584-534-4794' is set on object 'Object Repository/mobileSanity/HBI/Page_App Page 1/input_tel'

2020-04-23 08:19:30 - [MESSAGE][PASSED] - Text '584-534-4794' is set on object 'Object Repository/mobileSanity/HBI/Page_App Page 1/input_tel'

2020-04-23 08:19:30 - [TEST_STEP][PASSED] - Thread.sleep(5000): null

2020-04-23 08:19:35 - [TEST_STEP][PASSED] - click(findTestObject("mobileSanity/HBI/Page_App Page 1/a_Continue to Step 2 - Payment")): Object: 'Object Repository/mobileSanity/HBI/Page_App Page 1/a_Continue to Step 2 - Payment' is clicked on

2020-04-23 08:19:36 - [MESSAGE][PASSED] - Object: 'Object Repository/mobileSanity/HBI/Page_App Page 1/a_Continue to Step 2 - Payment' is clicked on

2020-04-23 08:19:36 - [TEST_STEP][PASSED] - waitForPageLoad(20): Wait for page load successfully

2020-04-23 08:19:36 - [MESSAGE][PASSED] - Wait for page load successfully

2020-04-23 08:19:36 - [TEST_STEP][PASSED] - Thread.sleep(2000): null

2020-04-23 08:19:38 - [TEST_STEP][PASSED] - waitForElementVisible(findTestObject("mobileSanity/HBI/Page_App Page 2/input__credit-card-first"), 20): Object 'Object Repository/mobileSanity/HBI/Page_App Page 2/input__credit-card-first' is visible

2020-04-23 08:19:38 - [MESSAGE][PASSED] - Object 'Object Repository/mobileSanity/HBI/Page_App Page 2/input__credit-card-first' is visible

2020-04-23 08:19:38 - [TEST_STEP][PASSED] - callTestCase(findTestCase("AHI/_include/get_screenshot"), [:], STOP_ON_FAILURE): Call Test Case 'Test Cases/AHI/_include/get_screenshot' successfully

2020-04-23 08:19:38 - [TEST_CASE][PASSED] - Test Cases/AHI/_include/get_screenshot: Test Cases/AHI/_include/get_screenshot

2020-04-23 08:19:38 - [TEST_STEP][PASSED] - Thread.sleep(1000): null

2020-04-23 08:19:39 - [TEST_STEP][PASSED] - takeScreenshot(screenPath + i + ".png"): Taking screenshot successfully

2020-04-23 08:19:39 - [MESSAGE][PASSED] - Taking screenshot successfully
[[ATTACHMENT|D:\\Test\\AgileTest\\Reports\\PrivateLabel\\PremierSMI\\20200423_080048\\../Screenshots/iPhone 6/PremierSMI/Health Choice/20200423_081813/7.png]]

2020-04-23 08:19:39 - [TEST_STEP][PASSED] - (internal.GlobalVariable.i++): null

2020-04-23 08:19:39 - [MESSAGE][PASSED] - Call Test Case 'Test Cases/AHI/_include/get_screenshot' successfully

2020-04-23 08:19:39 - [TEST_STEP][PASSED] - setText(findTestObject("mobileSanity/HBI/Page_App Page 2/input__credit-card-first"), FirstName): Text 'Test-123' is set on object 'Object Repository/mobileSanity/HBI/Page_App Page 2/input__credit-card-first'

2020-04-23 08:19:39 - [MESSAGE][PASSED] - Text 'Test-123' is set on object 'Object Repository/mobileSanity/HBI/Page_App Page 2/input__credit-card-first'

2020-04-23 08:19:39 - [TEST_STEP][PASSED] - setText(findTestObject("mobileSanity/HBI/Page_App Page 2/input__credit-card-last"), LastName): Text 'ZZ11-dSDmaCJN' is set on object 'Object Repository/mobileSanity/HBI/Page_App Page 2/input__credit-card-last'

2020-04-23 08:19:40 - [MESSAGE][PASSED] - Text 'ZZ11-dSDmaCJN' is set on object 'Object Repository/mobileSanity/HBI/Page_App Page 2/input__credit-card-last'

2020-04-23 08:19:40 - [TEST_STEP][PASSED] - selectOptionByValue(findTestObject("mobileSanity/HBI/Page_App Page 2/select_MM010203040506070809101"), "12", true): All options with value '12' are selected in object 'Object Repository/mobileSanity/HBI/Page_App Page 2/select_MM010203040506070809101'  using regular expression

2020-04-23 08:19:41 - [MESSAGE][PASSED] - All options with value '12' are selected in object 'Object Repository/mobileSanity/HBI/Page_App Page 2/select_MM010203040506070809101'  using regular expression

2020-04-23 08:19:41 - [TEST_STEP][PASSED] - selectOptionByValue(findTestObject("mobileSanity/HBI/Page_App Page 2/select_YYYY2019202020212022202"), "2026", true): All options with value '2026' are selected in object 'Object Repository/mobileSanity/HBI/Page_App Page 2/select_YYYY2019202020212022202'  using regular expression

2020-04-23 08:19:41 - [MESSAGE][PASSED] - All options with value '2026' are selected in object 'Object Repository/mobileSanity/HBI/Page_App Page 2/select_YYYY2019202020212022202'  using regular expression

2020-04-23 08:19:41 - [TEST_STEP][PASSED] - setText(findTestObject("mobileSanity/HBI/Page_App Page 2/input__credit-card-number"), "4111111111111111"): Text '4111111111111111' is set on object 'Object Repository/mobileSanity/HBI/Page_App Page 2/input__credit-card-number'

2020-04-23 08:19:41 - [MESSAGE][PASSED] - Text '4111111111111111' is set on object 'Object Repository/mobileSanity/HBI/Page_App Page 2/input__credit-card-number'

2020-04-23 08:19:41 - [TEST_STEP][PASSED] - setText(findTestObject("mobileSanity/HBI/Page_App Page 2/input__cvv"), "123"): Text '123' is set on object 'Object Repository/mobileSanity/HBI/Page_App Page 2/input__cvv'

2020-04-23 08:19:42 - [MESSAGE][PASSED] - Text '123' is set on object 'Object Repository/mobileSanity/HBI/Page_App Page 2/input__cvv'

2020-04-23 08:19:42 - [TEST_STEP][PASSED] - click(findTestObject("mobileSanity/HBI/Page_App Page 2/label_My billing address is th")): Object: 'Object Repository/mobileSanity/HBI/Page_App Page 2/label_My billing address is th' is clicked on

2020-04-23 08:19:42 - [MESSAGE][PASSED] - Object: 'Object Repository/mobileSanity/HBI/Page_App Page 2/label_My billing address is th' is clicked on

2020-04-23 08:19:42 - [TEST_STEP][PASSED] - click(findTestObject("mobileSanity/HBI/Page_App Page 2/label_I Accept Authorization f")): Object: 'Object Repository/mobileSanity/HBI/Page_App Page 2/label_I Accept Authorization f' is clicked on

2020-04-23 08:19:42 - [MESSAGE][PASSED] - Object: 'Object Repository/mobileSanity/HBI/Page_App Page 2/label_I Accept Authorization f' is clicked on

2020-04-23 08:19:42 - [TEST_STEP][PASSED] - click(findTestObject("mobileSanity/HBI/Page_App Page 2/a_Continue to Step 3 - Review")): Object: 'Object Repository/mobileSanity/HBI/Page_App Page 2/a_Continue to Step 3 - Review' is clicked on

2020-04-23 08:19:42 - [MESSAGE][PASSED] - Object: 'Object Repository/mobileSanity/HBI/Page_App Page 2/a_Continue to Step 3 - Review' is clicked on

2020-04-23 08:19:42 - [TEST_STEP][PASSED] - waitForPageLoad(20): Wait for page load successfully

2020-04-23 08:19:42 - [MESSAGE][PASSED] - Wait for page load successfully

2020-04-23 08:19:42 - [TEST_STEP][PASSED] - Thread.sleep(10000): null

2020-04-23 08:19:52 - [TEST_STEP][PASSED] - waitForElementPresent(findTestObject("mobileSanity/HBI/Page_App Page 3/label"), 20): Object 'Object Repository/mobileSanity/HBI/Page_App Page 3/label' is present

2020-04-23 08:19:53 - [MESSAGE][PASSED] - Object 'Object Repository/mobileSanity/HBI/Page_App Page 3/label' is present

2020-04-23 08:19:53 - [TEST_STEP][PASSED] - callTestCase(findTestCase("AHI/_include/get_screenshot"), [:], STOP_ON_FAILURE): Call Test Case 'Test Cases/AHI/_include/get_screenshot' successfully

2020-04-23 08:19:53 - [TEST_CASE][PASSED] - Test Cases/AHI/_include/get_screenshot: Test Cases/AHI/_include/get_screenshot

2020-04-23 08:19:53 - [TEST_STEP][PASSED] - Thread.sleep(1000): null

2020-04-23 08:19:54 - [TEST_STEP][PASSED] - takeScreenshot(screenPath + i + ".png"): Taking screenshot successfully

2020-04-23 08:19:54 - [MESSAGE][PASSED] - Taking screenshot successfully
[[ATTACHMENT|D:\\Test\\AgileTest\\Reports\\PrivateLabel\\PremierSMI\\20200423_080048\\../Screenshots/iPhone 6/PremierSMI/Health Choice/20200423_081813/8.png]]

2020-04-23 08:19:54 - [TEST_STEP][PASSED] - (internal.GlobalVariable.i++): null

2020-04-23 08:19:54 - [MESSAGE][PASSED] - Call Test Case 'Test Cases/AHI/_include/get_screenshot' successfully

2020-04-23 08:19:54 - [TEST_STEP][PASSED] - click(findTestObject("mobileSanity/HBI/Page_App Page 3/label")): Object: 'Object Repository/mobileSanity/HBI/Page_App Page 3/label' is clicked on

2020-04-23 08:19:54 - [MESSAGE][PASSED] - Object: 'Object Repository/mobileSanity/HBI/Page_App Page 3/label' is clicked on

2020-04-23 08:19:54 - [TEST_STEP][PASSED] - click(findTestObject("mobileSanity/HBI/Page_App Page 3/p_CLICK TO SIGN")): Object: 'Object Repository/mobileSanity/HBI/Page_App Page 3/p_CLICK TO SIGN' is clicked on

2020-04-23 08:19:54 - [MESSAGE][PASSED] - Object: 'Object Repository/mobileSanity/HBI/Page_App Page 3/p_CLICK TO SIGN' is clicked on

2020-04-23 08:19:54 - [TEST_STEP][PASSED] - click(findTestObject("mobileSanity/HBI/Page_App Page 3/a_Submit Your Application")): Object: 'Object Repository/mobileSanity/HBI/Page_App Page 3/a_Submit Your Application' is clicked on

2020-04-23 08:19:55 - [MESSAGE][PASSED] - Object: 'Object Repository/mobileSanity/HBI/Page_App Page 3/a_Submit Your Application' is clicked on

2020-04-23 08:19:55 - [TEST_STEP][PASSED] - waitForElementPresent(findTestObject("mobileSanity/Common/app-confirmation"), 20): Object 'Object Repository/mobileSanity/Common/app-confirmation' is not present after 20 second(s)

2020-04-23 08:20:16 - [MESSAGE][INFO] - Unable to find the element located by 'By.xpath: //*[@id = 'app-confirmation']'. Please recheck the objects properties to make sure the desired element is located. 

2020-04-23 08:20:16 - [MESSAGE][WARNING] - Object 'Object Repository/mobileSanity/Common/app-confirmation' is not present after 20 second(s)

2020-04-23 08:20:16 - [TEST_STEP][PASSED] - callTestCase(findTestCase("AHI/_include/get_screenshot"), [:], STOP_ON_FAILURE): Call Test Case 'Test Cases/AHI/_include/get_screenshot' successfully

2020-04-23 08:20:16 - [TEST_CASE][PASSED] - Test Cases/AHI/_include/get_screenshot: Test Cases/AHI/_include/get_screenshot

2020-04-23 08:20:16 - [TEST_STEP][PASSED] - Thread.sleep(1000): null

2020-04-23 08:20:17 - [TEST_STEP][PASSED] - takeScreenshot(screenPath + i + ".png"): Taking screenshot successfully

2020-04-23 08:20:18 - [MESSAGE][PASSED] - Taking screenshot successfully
[[ATTACHMENT|D:\\Test\\AgileTest\\Reports\\PrivateLabel\\PremierSMI\\20200423_080048\\../Screenshots/iPhone 6/PremierSMI/Health Choice/20200423_081813/9.png]]

2020-04-23 08:20:18 - [TEST_STEP][PASSED] - (internal.GlobalVariable.i++): null

2020-04-23 08:20:18 - [MESSAGE][PASSED] - Call Test Case 'Test Cases/AHI/_include/get_screenshot' successfully

2020-04-23 08:20:18 - [MESSAGE][PASSED] - Call Test Case 'Test Cases/AHI/_include/goToEnd_hbi' successfully]]></system-out>
         <system-err><![CDATA[]]></system-err>
      </testcase>
      <testcase name="Test Cases/PL Site/PremierSMI/Legion" classname="Test Cases/PL Site/PremierSMI/Legion" status="PASSED">
         <system-out><![CDATA[2020-04-23 08:20:18 - [TEST_CASE][PASSED] - Test Cases/PL Site/PremierSMI/Legion: Test Cases/PL Site/PremierSMI/Legion

2020-04-23 08:20:18 - [TEST_STEP][PASSED] - callTestCase(findTestCase("AHI/_include/get_screenPath"), ["productLine":"PremierSMI", "carrierName":"Legion"], CONTINUE_ON_FAILURE): Call Test Case 'Test Cases/AHI/_include/get_screenPath' successfully

2020-04-23 08:20:18 - [TEST_CASE][PASSED] - Test Cases/AHI/_include/get_screenPath: Test Cases/AHI/_include/get_screenPath

2020-04-23 08:20:18 - [TEST_STEP][PASSED] - m = getExecutionProperties(): null

2020-04-23 08:20:18 - [TEST_STEP][PASSED] - deviceName = get("mobileEmulation").get("deviceName"): null

2020-04-23 08:20:18 - [TEST_STEP][PASSED] - println(deviceName): null

2020-04-23 08:20:18 - [TEST_STEP][PASSED] - now = new java.util.Date(): null

2020-04-23 08:20:18 - [TEST_STEP][PASSED] - mydate = now.format("yyyyMMdd_HHmmss"): null

2020-04-23 08:20:18 - [TEST_STEP][PASSED] - screenPath = "../Screenshots/": null

2020-04-23 08:20:18 - [TEST_STEP][PASSED] - screenPath = screenPath + deviceName + "/" + productLine + "/" + carrierName + "/" + mydate + "/": null

2020-04-23 08:20:18 - [TEST_STEP][PASSED] - println(screenPath): null

2020-04-23 08:20:18 - [MESSAGE][PASSED] - Call Test Case 'Test Cases/AHI/_include/get_screenPath' successfully

2020-04-23 08:20:18 - [TEST_STEP][PASSED] - i = 0: null

2020-04-23 08:20:18 - [TEST_STEP][PASSED] - callTestCase(findTestCase("AHI/_include/openWebSite"), ["env":"https://premiersmi--qa.storefront.mybenefitskeeper.com"], STOP_ON_FAILURE): Call Test Case 'Test Cases/AHI/_include/openWebSite' successfully

2020-04-23 08:20:18 - [TEST_CASE][PASSED] - Test Cases/AHI/_include/openWebSite: Test Cases/AHI/_include/openWebSite

2020-04-23 08:20:18 - [TEST_STEP][PASSED] - openBrowser(env): Browser is opened with url: 'https://premiersmi--qa.storefront.mybenefitskeeper.com'

2020-04-23 08:20:18 - [MESSAGE][WARNING] - A browser is already opened. Closing browser and opening a new one

2020-04-23 08:20:20 - [MESSAGE][INFO] - Starting 'Chrome' driver

2020-04-23 08:20:20 - [MESSAGE][INFO] - User set preference: ['mobileEmulation', '{deviceName=iPhone 6}']

2020-04-23 08:20:20 - [MESSAGE][INFO] - User set preference: ['args', '[--incognito, --aggressive-cache-discard, --window-size=375,677, --no-sandbox, --ignore-certificate-errors]']

2020-04-23 08:20:32 - [MESSAGE][PASSED] - Browser is opened with url: 'https://premiersmi--qa.storefront.mybenefitskeeper.com'

2020-04-23 08:20:32 - [TEST_STEP][PASSED] - waitForPageLoad(20): Wait for page load successfully

2020-04-23 08:20:32 - [MESSAGE][PASSED] - Wait for page load successfully

2020-04-23 08:20:32 - [TEST_STEP][PASSED] - callTestCase(findTestCase("AHI/_include/get_screenshot"), [:], STOP_ON_FAILURE): Call Test Case 'Test Cases/AHI/_include/get_screenshot' successfully

2020-04-23 08:20:32 - [TEST_CASE][PASSED] - Test Cases/AHI/_include/get_screenshot: Test Cases/AHI/_include/get_screenshot

2020-04-23 08:20:32 - [TEST_STEP][PASSED] - Thread.sleep(1000): null

2020-04-23 08:20:33 - [TEST_STEP][PASSED] - takeScreenshot(screenPath + i + ".png"): Taking screenshot successfully

2020-04-23 08:20:34 - [MESSAGE][PASSED] - Taking screenshot successfully
[[ATTACHMENT|D:\\Test\\AgileTest\\Reports\\PrivateLabel\\PremierSMI\\20200423_080048\\../Screenshots/iPhone 6/PremierSMI/Legion/20200423_082018/0.png]]

2020-04-23 08:20:34 - [TEST_STEP][PASSED] - (internal.GlobalVariable.i++): null

2020-04-23 08:20:34 - [MESSAGE][PASSED] - Call Test Case 'Test Cases/AHI/_include/get_screenshot' successfully

2020-04-23 08:20:34 - [MESSAGE][PASSED] - Call Test Case 'Test Cases/AHI/_include/openWebSite' successfully

2020-04-23 08:20:34 - [TEST_STEP][PASSED] - callTestCase(findTestCase("PL Site/_include/census_hbi"), ["zipcode":"35215"], CONTINUE_ON_FAILURE): Call Test Case 'Test Cases/PL Site/_include/census_hbi' successfully

2020-04-23 08:20:34 - [TEST_CASE][PASSED] - Test Cases/PL Site/_include/census_hbi: Test Cases/PL Site/_include/census_hbi

2020-04-23 08:20:34 - [TEST_STEP][PASSED] - click(findTestObject("mobileSanity/Common/side_nav/menu")): Object: 'Object Repository/mobileSanity/Common/side_nav/menu' is clicked on

2020-04-23 08:20:34 - [MESSAGE][PASSED] - Object: 'Object Repository/mobileSanity/Common/side_nav/menu' is clicked on

2020-04-23 08:20:34 - [TEST_STEP][PASSED] - Thread.sleep(3000): null

2020-04-23 08:20:37 - [TEST_STEP][PASSED] - callTestCase(findTestCase("AHI/_include/get_screenshot"), [:], STOP_ON_FAILURE): Call Test Case 'Test Cases/AHI/_include/get_screenshot' successfully

2020-04-23 08:20:37 - [TEST_CASE][PASSED] - Test Cases/AHI/_include/get_screenshot: Test Cases/AHI/_include/get_screenshot

2020-04-23 08:20:37 - [TEST_STEP][PASSED] - Thread.sleep(1000): null

2020-04-23 08:20:38 - [TEST_STEP][PASSED] - takeScreenshot(screenPath + i + ".png"): Taking screenshot successfully

2020-04-23 08:20:39 - [MESSAGE][PASSED] - Taking screenshot successfully
[[ATTACHMENT|D:\\Test\\AgileTest\\Reports\\PrivateLabel\\PremierSMI\\20200423_080048\\../Screenshots/iPhone 6/PremierSMI/Legion/20200423_082018/1.png]]

2020-04-23 08:20:39 - [TEST_STEP][PASSED] - (internal.GlobalVariable.i++): null

2020-04-23 08:20:39 - [MESSAGE][PASSED] - Call Test Case 'Test Cases/AHI/_include/get_screenshot' successfully

2020-04-23 08:20:39 - [TEST_STEP][PASSED] - click(findTestObject("PLSite/pl_nav_hbi")): Object: 'Object Repository/PLSite/pl_nav_hbi' is clicked on

2020-04-23 08:20:39 - [MESSAGE][PASSED] - Object: 'Object Repository/PLSite/pl_nav_hbi' is clicked on

2020-04-23 08:20:39 - [TEST_STEP][PASSED] - waitForPageLoad(10): Wait for page load successfully

2020-04-23 08:20:39 - [MESSAGE][PASSED] - Wait for page load successfully

2020-04-23 08:20:39 - [TEST_STEP][PASSED] - Thread.sleep(3000): null

2020-04-23 08:20:42 - [TEST_STEP][PASSED] - callTestCase(findTestCase("AHI/_include/get_screenshot"), [:], STOP_ON_FAILURE): Call Test Case 'Test Cases/AHI/_include/get_screenshot' successfully

2020-04-23 08:20:42 - [TEST_CASE][PASSED] - Test Cases/AHI/_include/get_screenshot: Test Cases/AHI/_include/get_screenshot

2020-04-23 08:20:42 - [TEST_STEP][PASSED] - Thread.sleep(1000): null

2020-04-23 08:20:43 - [TEST_STEP][PASSED] - takeScreenshot(screenPath + i + ".png"): Taking screenshot successfully

2020-04-23 08:20:44 - [MESSAGE][PASSED] - Taking screenshot successfully
[[ATTACHMENT|D:\\Test\\AgileTest\\Reports\\PrivateLabel\\PremierSMI\\20200423_080048\\../Screenshots/iPhone 6/PremierSMI/Legion/20200423_082018/2.png]]

2020-04-23 08:20:44 - [TEST_STEP][PASSED] - (internal.GlobalVariable.i++): null

2020-04-23 08:20:44 - [MESSAGE][PASSED] - Call Test Case 'Test Cases/AHI/_include/get_screenshot' successfully

2020-04-23 08:20:44 - [TEST_STEP][PASSED] - setText(findTestObject("mobileSanity/HBI/census/input_Location_zip-input"), zipcode): Text '35215' is set on object 'Object Repository/mobileSanity/HBI/census/input_Location_zip-input'

2020-04-23 08:20:44 - [MESSAGE][PASSED] - Text '35215' is set on object 'Object Repository/mobileSanity/HBI/census/input_Location_zip-input'

2020-04-23 08:20:44 - [TEST_STEP][PASSED] - Thread.sleep(500): null

2020-04-23 08:20:45 - [TEST_STEP][PASSED] - setText(findTestObject("mobileSanity/HBI/census/input_Date of Birth_dob-0"), "12121980"): Text '12121980' is set on object 'Object Repository/mobileSanity/HBI/census/input_Date of Birth_dob-0'

2020-04-23 08:20:45 - [MESSAGE][PASSED] - Text '12121980' is set on object 'Object Repository/mobileSanity/HBI/census/input_Date of Birth_dob-0'

2020-04-23 08:20:45 - [TEST_STEP][PASSED] - click(findTestObject("mobileSanity/HBI/census/label_Male")): Object: 'Object Repository/mobileSanity/HBI/census/label_Male' is clicked on

2020-04-23 08:20:45 - [MESSAGE][PASSED] - Object: 'Object Repository/mobileSanity/HBI/census/label_Male' is clicked on

2020-04-23 08:20:45 - [TEST_STEP][PASSED] - click(findTestObject("mobileSanity/HBI/census/label_Get a Quote")): Object: 'Object Repository/mobileSanity/HBI/census/label_Get a Quote' is clicked on

2020-04-23 08:20:46 - [MESSAGE][PASSED] - Object: 'Object Repository/mobileSanity/HBI/census/label_Get a Quote' is clicked on

2020-04-23 08:20:46 - [TEST_STEP][PASSED] - waitForPageLoad(20): Wait for page load successfully

2020-04-23 08:20:46 - [MESSAGE][PASSED] - Wait for page load successfully

2020-04-23 08:20:46 - [TEST_STEP][PASSED] - Thread.sleep(3000): null

2020-04-23 08:20:49 - [TEST_STEP][PASSED] - callTestCase(findTestCase("AHI/_include/check_quoteleadform"), [:], STOP_ON_FAILURE): Call Test Case 'Test Cases/AHI/_include/check_quoteleadform' successfully

2020-04-23 08:20:49 - [TEST_CASE][PASSED] - Test Cases/AHI/_include/check_quoteleadform: Test Cases/AHI/_include/check_quoteleadform

2020-04-23 08:20:49 - [TEST_STEP][PASSED] - callTestCase(findTestCase("AHI/_include/name"), [:], CONTINUE_ON_FAILURE): Call Test Case 'Test Cases/AHI/_include/name' successfully

2020-04-23 08:20:49 - [TEST_CASE][PASSED] - Test Cases/AHI/_include/name: Test Cases/AHI/_include/name

2020-04-23 08:20:49 - [TEST_STEP][PASSED] - driver = getWebDriver(): null

2020-04-23 08:20:49 - [TEST_STEP][PASSED] - selenium = new com.thoughtworks.selenium.webdriven.WebDriverBackedSelenium(driver, internal.GlobalVariable.ENV): null

2020-04-23 08:20:49 - [TEST_STEP][PASSED] - FirstName = "Test-123": null

2020-04-23 08:20:49 - [TEST_STEP][PASSED] - LastName = selenium.getEval("{var x="ABCDEFGHIJKLMNOPQRSTUVWXYZabcdefghijklmnopqrstuvwxyz"; var tmp="ZZ11-"; for (i=0;i<8;i++) tmp+=x.charAt(Math.ceil(51*Math.random()));tmp;}"): null

2020-04-23 08:20:49 - [TEST_STEP][PASSED] - Address = selenium.getEval("{var x="ABCDEFGHIJKLMNOPQRSTUVWXYZabcdefghijklmnopqrstuvwxyz"; var tmp=""; for (i=0;i<8;i++) tmp+=x.charAt(Math.ceil(51*Math.random()));tmp;}"): null

2020-04-23 08:20:49 - [TEST_STEP][PASSED] - City = selenium.getEval("{var x="ABCDEFGHIJKLMNOPQRSTUVWXYZabcdefghijklmnopqrstuvwxyz"; var tmp=""; for (i=0;i<8;i++) tmp+=x.charAt(Math.ceil(51*Math.random()));tmp;}"): null

2020-04-23 08:20:49 - [TEST_STEP][PASSED] - tel1 = selenium.getEval("{var x="123456789"; var tmp=""; for (i=0;i<3;i++) tmp+=x.charAt(Math.ceil(8*Math.random()));tmp;}"): null

2020-04-23 08:20:49 - [TEST_STEP][PASSED] - tel2 = selenium.getEval("{var x="123456789"; var tmp=""; for (i=0;i<3;i++) tmp+=x.charAt(Math.ceil(8*Math.random()));tmp;}"): null

2020-04-23 08:20:49 - [TEST_STEP][PASSED] - tel3 = selenium.getEval("{var x="123456789"; var tmp=""; for (i=0;i<4;i++) tmp+=x.charAt(Math.ceil(8*Math.random()));tmp;}"): null

2020-04-23 08:20:49 - [TEST_STEP][PASSED] - Tel = selenium.getExpression(tel1 + "-" + tel2 + "-" + tel3): null

2020-04-23 08:20:49 - [TEST_STEP][PASSED] - AutoEmail = selenium.getEval("{var x="ABCDEFGHIJKLMNOPQRSTUVWXYZabcdefghijklmnopqrstuvwxyz"; var tmp="test."; for (i=0;i<8;i++) tmp+=x.charAt(Math.ceil(51*Math.random()));tmp+="@suryani.cn";}"): null

2020-04-23 08:20:49 - [TEST_STEP][PASSED] - FirstName = FirstName: null

2020-04-23 08:20:49 - [TEST_STEP][PASSED] - LastName = LastName: null

2020-04-23 08:20:49 - [TEST_STEP][PASSED] - Address = Address: null

2020-04-23 08:20:49 - [TEST_STEP][PASSED] - City = City: null

2020-04-23 08:20:49 - [TEST_STEP][PASSED] - Tel = Tel: null

2020-04-23 08:20:49 - [TEST_STEP][PASSED] - AutoEmail = AutoEmail: null

2020-04-23 08:20:49 - [TEST_STEP][PASSED] - println(FirstName): null

2020-04-23 08:20:49 - [TEST_STEP][PASSED] - println(LastName): null

2020-04-23 08:20:49 - [TEST_STEP][PASSED] - println(Address): null

2020-04-23 08:20:49 - [TEST_STEP][PASSED] - println(City): null

2020-04-23 08:20:49 - [TEST_STEP][PASSED] - println(Tel): null

2020-04-23 08:20:49 - [TEST_STEP][PASSED] - println(AutoEmail): null

2020-04-23 08:20:49 - [MESSAGE][PASSED] - Call Test Case 'Test Cases/AHI/_include/name' successfully

2020-04-23 08:20:49 - [TEST_STEP][PASSED] - leadform_exist = test.MobileKeywords.isElementPresent_Web(findTestObject("mobileSanity/quote lead form/lead_form"), 20): test.MobileKeywords.isElementPresent_Web is PASSED

2020-04-23 08:21:10 - [MESSAGE][INFO] - Unable to find the element located by 'By.xpath: //*[@id = 'lightboxLeadForm']'. Please recheck the objects properties to make sure the desired element is located. 

2020-04-23 08:21:10 - [MESSAGE][PASSED] - test.MobileKeywords.isElementPresent_Web is PASSED

2020-04-23 08:21:10 - [TEST_STEP][PASSED] - if (leadform_exist): null

2020-04-23 08:21:10 - [MESSAGE][PASSED] - Call Test Case 'Test Cases/AHI/_include/check_quoteleadform' successfully

2020-04-23 08:21:10 - [TEST_STEP][PASSED] - callTestCase(findTestCase("AHI/_include/get_screenshot"), [:], STOP_ON_FAILURE): Call Test Case 'Test Cases/AHI/_include/get_screenshot' successfully

2020-04-23 08:21:10 - [TEST_CASE][PASSED] - Test Cases/AHI/_include/get_screenshot: Test Cases/AHI/_include/get_screenshot

2020-04-23 08:21:10 - [TEST_STEP][PASSED] - Thread.sleep(1000): null

2020-04-23 08:21:11 - [TEST_STEP][PASSED] - takeScreenshot(screenPath + i + ".png"): Taking screenshot successfully

2020-04-23 08:21:12 - [MESSAGE][PASSED] - Taking screenshot successfully
[[ATTACHMENT|D:\\Test\\AgileTest\\Reports\\PrivateLabel\\PremierSMI\\20200423_080048\\../Screenshots/iPhone 6/PremierSMI/Legion/20200423_082018/3.png]]

2020-04-23 08:21:12 - [TEST_STEP][PASSED] - (internal.GlobalVariable.i++): null

2020-04-23 08:21:12 - [MESSAGE][PASSED] - Call Test Case 'Test Cases/AHI/_include/get_screenshot' successfully

2020-04-23 08:21:12 - [MESSAGE][PASSED] - Call Test Case 'Test Cases/PL Site/_include/census_hbi' successfully

2020-04-23 08:21:12 - [TEST_STEP][PASSED] - Thread.sleep(5000): null

2020-04-23 08:21:17 - [TEST_STEP][PASSED] - scrollToPosition(200, 2300): Browser is scrolled to position x = 200, y = 2300

2020-04-23 08:21:17 - [MESSAGE][PASSED] - Browser is scrolled to position x = 200, y = 2300

2020-04-23 08:21:17 - [TEST_STEP][PASSED] - click(findTestObject("mobileSanity/HBI/quote/a_Legion Limited Medical 500")): Object: 'Object Repository/mobileSanity/HBI/quote/a_Legion Limited Medical 500' is clicked on

2020-04-23 08:21:20 - [MESSAGE][PASSED] - Object: 'Object Repository/mobileSanity/HBI/quote/a_Legion Limited Medical 500' is clicked on

2020-04-23 08:21:20 - [TEST_STEP][PASSED] - waitForPageLoad(10): Wait for page load successfully

2020-04-23 08:21:20 - [MESSAGE][PASSED] - Wait for page load successfully

2020-04-23 08:21:20 - [TEST_STEP][PASSED] - callTestCase(findTestCase("AHI/_include/get_screenshot"), [:], STOP_ON_FAILURE): Call Test Case 'Test Cases/AHI/_include/get_screenshot' successfully

2020-04-23 08:21:20 - [TEST_CASE][PASSED] - Test Cases/AHI/_include/get_screenshot: Test Cases/AHI/_include/get_screenshot

2020-04-23 08:21:20 - [TEST_STEP][PASSED] - Thread.sleep(1000): null

2020-04-23 08:21:21 - [TEST_STEP][PASSED] - takeScreenshot(screenPath + i + ".png"): Taking screenshot successfully

2020-04-23 08:21:22 - [MESSAGE][PASSED] - Taking screenshot successfully
[[ATTACHMENT|D:\\Test\\AgileTest\\Reports\\PrivateLabel\\PremierSMI\\20200423_080048\\../Screenshots/iPhone 6/PremierSMI/Legion/20200423_082018/4.png]]

2020-04-23 08:21:22 - [TEST_STEP][PASSED] - (internal.GlobalVariable.i++): null

2020-04-23 08:21:22 - [MESSAGE][PASSED] - Call Test Case 'Test Cases/AHI/_include/get_screenshot' successfully

2020-04-23 08:21:22 - [TEST_STEP][PASSED] - click(findTestObject("mobileSanity/HBI/detail/a_Apply for This Plan")): Object: 'Object Repository/mobileSanity/HBI/detail/a_Apply for This Plan' is clicked on

2020-04-23 08:21:22 - [MESSAGE][PASSED] - Object: 'Object Repository/mobileSanity/HBI/detail/a_Apply for This Plan' is clicked on

2020-04-23 08:21:22 - [TEST_STEP][PASSED] - waitForPageLoad(10): Wait for page load successfully

2020-04-23 08:21:22 - [MESSAGE][PASSED] - Wait for page load successfully

2020-04-23 08:21:22 - [TEST_STEP][PASSED] - callTestCase(findTestCase("AHI/_include/get_screenshot"), [:], STOP_ON_FAILURE): Call Test Case 'Test Cases/AHI/_include/get_screenshot' successfully

2020-04-23 08:21:22 - [TEST_CASE][PASSED] - Test Cases/AHI/_include/get_screenshot: Test Cases/AHI/_include/get_screenshot

2020-04-23 08:21:22 - [TEST_STEP][PASSED] - Thread.sleep(1000): null

2020-04-23 08:21:23 - [TEST_STEP][PASSED] - takeScreenshot(screenPath + i + ".png"): Taking screenshot successfully

2020-04-23 08:21:24 - [MESSAGE][PASSED] - Taking screenshot successfully
[[ATTACHMENT|D:\\Test\\AgileTest\\Reports\\PrivateLabel\\PremierSMI\\20200423_080048\\../Screenshots/iPhone 6/PremierSMI/Legion/20200423_082018/5.png]]

2020-04-23 08:21:24 - [TEST_STEP][PASSED] - (internal.GlobalVariable.i++): null

2020-04-23 08:21:24 - [MESSAGE][PASSED] - Call Test Case 'Test Cases/AHI/_include/get_screenshot' successfully

2020-04-23 08:21:24 - [TEST_STEP][PASSED] - click(findTestObject("mobileSanity/HBI/Page_Apply/span_Start Secure Application")): Object: 'Object Repository/mobileSanity/HBI/Page_Apply/span_Start Secure Application' is clicked on

2020-04-23 08:21:24 - [MESSAGE][PASSED] - Object: 'Object Repository/mobileSanity/HBI/Page_Apply/span_Start Secure Application' is clicked on

2020-04-23 08:21:24 - [TEST_STEP][PASSED] - waitForPageLoad(10): Wait for page load successfully

2020-04-23 08:21:24 - [MESSAGE][PASSED] - Wait for page load successfully

2020-04-23 08:21:24 - [TEST_STEP][PASSED] - callTestCase(findTestCase("AHI/_include/get_screenshot"), [:], STOP_ON_FAILURE): Call Test Case 'Test Cases/AHI/_include/get_screenshot' successfully

2020-04-23 08:21:24 - [TEST_CASE][PASSED] - Test Cases/AHI/_include/get_screenshot: Test Cases/AHI/_include/get_screenshot

2020-04-23 08:21:24 - [TEST_STEP][PASSED] - Thread.sleep(1000): null

2020-04-23 08:21:25 - [TEST_STEP][PASSED] - takeScreenshot(screenPath + i + ".png"): Taking screenshot successfully

2020-04-23 08:21:26 - [MESSAGE][PASSED] - Taking screenshot successfully
[[ATTACHMENT|D:\\Test\\AgileTest\\Reports\\PrivateLabel\\PremierSMI\\20200423_080048\\../Screenshots/iPhone 6/PremierSMI/Legion/20200423_082018/6.png]]

2020-04-23 08:21:26 - [TEST_STEP][PASSED] - (internal.GlobalVariable.i++): null

2020-04-23 08:21:26 - [MESSAGE][PASSED] - Call Test Case 'Test Cases/AHI/_include/get_screenshot' successfully

2020-04-23 08:21:26 - [TEST_STEP][PASSED] - callTestCase(findTestCase("AHI/_include/goToEnd_hbi"), ["carrier":"legion"], CONTINUE_ON_FAILURE): Call Test Case 'Test Cases/AHI/_include/goToEnd_hbi' successfully

2020-04-23 08:21:26 - [TEST_CASE][PASSED] - Test Cases/AHI/_include/goToEnd_hbi: Test Cases/AHI/_include/goToEnd_hbi

2020-04-23 08:21:26 - [TEST_STEP][PASSED] - if (state == "ca"): null

2020-04-23 08:21:26 - [TEST_STEP][PASSED] - callTestCase(findTestCase("AHI/_include/name"), [:], CONTINUE_ON_FAILURE): Call Test Case 'Test Cases/AHI/_include/name' successfully

2020-04-23 08:21:26 - [TEST_CASE][PASSED] - Test Cases/AHI/_include/name: Test Cases/AHI/_include/name

2020-04-23 08:21:26 - [TEST_STEP][PASSED] - driver = getWebDriver(): null

2020-04-23 08:21:26 - [TEST_STEP][PASSED] - selenium = new com.thoughtworks.selenium.webdriven.WebDriverBackedSelenium(driver, internal.GlobalVariable.ENV): null

2020-04-23 08:21:26 - [TEST_STEP][PASSED] - FirstName = "Test-123": null

2020-04-23 08:21:26 - [TEST_STEP][PASSED] - LastName = selenium.getEval("{var x="ABCDEFGHIJKLMNOPQRSTUVWXYZabcdefghijklmnopqrstuvwxyz"; var tmp="ZZ11-"; for (i=0;i<8;i++) tmp+=x.charAt(Math.ceil(51*Math.random()));tmp;}"): null

2020-04-23 08:21:26 - [TEST_STEP][PASSED] - Address = selenium.getEval("{var x="ABCDEFGHIJKLMNOPQRSTUVWXYZabcdefghijklmnopqrstuvwxyz"; var tmp=""; for (i=0;i<8;i++) tmp+=x.charAt(Math.ceil(51*Math.random()));tmp;}"): null

2020-04-23 08:21:26 - [TEST_STEP][PASSED] - City = selenium.getEval("{var x="ABCDEFGHIJKLMNOPQRSTUVWXYZabcdefghijklmnopqrstuvwxyz"; var tmp=""; for (i=0;i<8;i++) tmp+=x.charAt(Math.ceil(51*Math.random()));tmp;}"): null

2020-04-23 08:21:26 - [TEST_STEP][PASSED] - tel1 = selenium.getEval("{var x="123456789"; var tmp=""; for (i=0;i<3;i++) tmp+=x.charAt(Math.ceil(8*Math.random()));tmp;}"): null

2020-04-23 08:21:26 - [TEST_STEP][PASSED] - tel2 = selenium.getEval("{var x="123456789"; var tmp=""; for (i=0;i<3;i++) tmp+=x.charAt(Math.ceil(8*Math.random()));tmp;}"): null

2020-04-23 08:21:26 - [TEST_STEP][PASSED] - tel3 = selenium.getEval("{var x="123456789"; var tmp=""; for (i=0;i<4;i++) tmp+=x.charAt(Math.ceil(8*Math.random()));tmp;}"): null

2020-04-23 08:21:26 - [TEST_STEP][PASSED] - Tel = selenium.getExpression(tel1 + "-" + tel2 + "-" + tel3): null

2020-04-23 08:21:26 - [TEST_STEP][PASSED] - AutoEmail = selenium.getEval("{var x="ABCDEFGHIJKLMNOPQRSTUVWXYZabcdefghijklmnopqrstuvwxyz"; var tmp="test."; for (i=0;i<8;i++) tmp+=x.charAt(Math.ceil(51*Math.random()));tmp+="@suryani.cn";}"): null

2020-04-23 08:21:26 - [TEST_STEP][PASSED] - FirstName = FirstName: null

2020-04-23 08:21:26 - [TEST_STEP][PASSED] - LastName = LastName: null

2020-04-23 08:21:26 - [TEST_STEP][PASSED] - Address = Address: null

2020-04-23 08:21:26 - [TEST_STEP][PASSED] - City = City: null

2020-04-23 08:21:26 - [TEST_STEP][PASSED] - Tel = Tel: null

2020-04-23 08:21:26 - [TEST_STEP][PASSED] - AutoEmail = AutoEmail: null

2020-04-23 08:21:26 - [TEST_STEP][PASSED] - println(FirstName): null

2020-04-23 08:21:26 - [TEST_STEP][PASSED] - println(LastName): null

2020-04-23 08:21:26 - [TEST_STEP][PASSED] - println(Address): null

2020-04-23 08:21:26 - [TEST_STEP][PASSED] - println(City): null

2020-04-23 08:21:26 - [TEST_STEP][PASSED] - println(Tel): null

2020-04-23 08:21:26 - [TEST_STEP][PASSED] - println(AutoEmail): null

2020-04-23 08:21:26 - [MESSAGE][PASSED] - Call Test Case 'Test Cases/AHI/_include/name' successfully

2020-04-23 08:21:26 - [TEST_STEP][PASSED] - setText(findTestObject("mobileSanity/HBI/Page_App Page 1/input__member-P-1-firstName"), FirstName): Text 'Test-123' is set on object 'Object Repository/mobileSanity/HBI/Page_App Page 1/input__member-P-1-firstName'

2020-04-23 08:21:26 - [MESSAGE][PASSED] - Text 'Test-123' is set on object 'Object Repository/mobileSanity/HBI/Page_App Page 1/input__member-P-1-firstName'

2020-04-23 08:21:26 - [TEST_STEP][PASSED] - setText(findTestObject("mobileSanity/HBI/Page_App Page 1/input__member-P-1-lastName"), LastName): Text 'ZZ11-xbfiqfKB' is set on object 'Object Repository/mobileSanity/HBI/Page_App Page 1/input__member-P-1-lastName'

2020-04-23 08:21:27 - [MESSAGE][PASSED] - Text 'ZZ11-xbfiqfKB' is set on object 'Object Repository/mobileSanity/HBI/Page_App Page 1/input__member-P-1-lastName'

2020-04-23 08:21:27 - [TEST_STEP][PASSED] - if (carrier == "agileone" || carrier == "agilesecure"): null

2020-04-23 08:21:27 - [TEST_STEP][PASSED] - setText(findTestObject("mobileSanity/HBI/Page_App Page 1/input__address"), Address): Text 'LxroogTy' is set on object 'Object Repository/mobileSanity/HBI/Page_App Page 1/input__address'

2020-04-23 08:21:27 - [MESSAGE][PASSED] - Text 'LxroogTy' is set on object 'Object Repository/mobileSanity/HBI/Page_App Page 1/input__address'

2020-04-23 08:21:27 - [TEST_STEP][PASSED] - setText(findTestObject("mobileSanity/HBI/Page_App Page 1/input__city"), City): Text 'GZmwRJMI' is set on object 'Object Repository/mobileSanity/HBI/Page_App Page 1/input__city'

2020-04-23 08:21:27 - [MESSAGE][PASSED] - Text 'GZmwRJMI' is set on object 'Object Repository/mobileSanity/HBI/Page_App Page 1/input__city'

2020-04-23 08:21:27 - [TEST_STEP][PASSED] - setText(findTestObject("mobileSanity/HBI/Page_App Page 1/input__email"), AutoEmail): Text 'test.wpbgwlXG@suryani.cn' is set on object 'Object Repository/mobileSanity/HBI/Page_App Page 1/input__email'

2020-04-23 08:21:28 - [MESSAGE][PASSED] - Text 'test.wpbgwlXG@suryani.cn' is set on object 'Object Repository/mobileSanity/HBI/Page_App Page 1/input__email'

2020-04-23 08:21:28 - [TEST_STEP][PASSED] - setText(findTestObject("mobileSanity/HBI/Page_App Page 1/input_tel"), Tel): Text '566-788-9479' is set on object 'Object Repository/mobileSanity/HBI/Page_App Page 1/input_tel'

2020-04-23 08:21:28 - [MESSAGE][PASSED] - Text '566-788-9479' is set on object 'Object Repository/mobileSanity/HBI/Page_App Page 1/input_tel'

2020-04-23 08:21:28 - [TEST_STEP][PASSED] - Thread.sleep(5000): null

2020-04-23 08:21:33 - [TEST_STEP][PASSED] - click(findTestObject("mobileSanity/HBI/Page_App Page 1/a_Continue to Step 2 - Payment")): Object: 'Object Repository/mobileSanity/HBI/Page_App Page 1/a_Continue to Step 2 - Payment' is clicked on

2020-04-23 08:21:33 - [MESSAGE][PASSED] - Object: 'Object Repository/mobileSanity/HBI/Page_App Page 1/a_Continue to Step 2 - Payment' is clicked on

2020-04-23 08:21:33 - [TEST_STEP][PASSED] - waitForPageLoad(20): Wait for page load successfully

2020-04-23 08:21:33 - [MESSAGE][PASSED] - Wait for page load successfully

2020-04-23 08:21:33 - [TEST_STEP][PASSED] - Thread.sleep(2000): null

2020-04-23 08:21:35 - [TEST_STEP][PASSED] - waitForElementVisible(findTestObject("mobileSanity/HBI/Page_App Page 2/input__credit-card-first"), 20): Object 'Object Repository/mobileSanity/HBI/Page_App Page 2/input__credit-card-first' is visible

2020-04-23 08:21:36 - [MESSAGE][PASSED] - Object 'Object Repository/mobileSanity/HBI/Page_App Page 2/input__credit-card-first' is visible

2020-04-23 08:21:36 - [TEST_STEP][PASSED] - callTestCase(findTestCase("AHI/_include/get_screenshot"), [:], STOP_ON_FAILURE): Call Test Case 'Test Cases/AHI/_include/get_screenshot' successfully

2020-04-23 08:21:36 - [TEST_CASE][PASSED] - Test Cases/AHI/_include/get_screenshot: Test Cases/AHI/_include/get_screenshot

2020-04-23 08:21:36 - [TEST_STEP][PASSED] - Thread.sleep(1000): null

2020-04-23 08:21:37 - [TEST_STEP][PASSED] - takeScreenshot(screenPath + i + ".png"): Taking screenshot successfully

2020-04-23 08:21:37 - [MESSAGE][PASSED] - Taking screenshot successfully
[[ATTACHMENT|D:\\Test\\AgileTest\\Reports\\PrivateLabel\\PremierSMI\\20200423_080048\\../Screenshots/iPhone 6/PremierSMI/Legion/20200423_082018/7.png]]

2020-04-23 08:21:37 - [TEST_STEP][PASSED] - (internal.GlobalVariable.i++): null

2020-04-23 08:21:37 - [MESSAGE][PASSED] - Call Test Case 'Test Cases/AHI/_include/get_screenshot' successfully

2020-04-23 08:21:37 - [TEST_STEP][PASSED] - setText(findTestObject("mobileSanity/HBI/Page_App Page 2/input__credit-card-first"), FirstName): Text 'Test-123' is set on object 'Object Repository/mobileSanity/HBI/Page_App Page 2/input__credit-card-first'

2020-04-23 08:21:38 - [MESSAGE][PASSED] - Text 'Test-123' is set on object 'Object Repository/mobileSanity/HBI/Page_App Page 2/input__credit-card-first'

2020-04-23 08:21:38 - [TEST_STEP][PASSED] - setText(findTestObject("mobileSanity/HBI/Page_App Page 2/input__credit-card-last"), LastName): Text 'ZZ11-xbfiqfKB' is set on object 'Object Repository/mobileSanity/HBI/Page_App Page 2/input__credit-card-last'

2020-04-23 08:21:38 - [MESSAGE][PASSED] - Text 'ZZ11-xbfiqfKB' is set on object 'Object Repository/mobileSanity/HBI/Page_App Page 2/input__credit-card-last'

2020-04-23 08:21:38 - [TEST_STEP][PASSED] - selectOptionByValue(findTestObject("mobileSanity/HBI/Page_App Page 2/select_MM010203040506070809101"), "12", true): All options with value '12' are selected in object 'Object Repository/mobileSanity/HBI/Page_App Page 2/select_MM010203040506070809101'  using regular expression

2020-04-23 08:21:39 - [MESSAGE][PASSED] - All options with value '12' are selected in object 'Object Repository/mobileSanity/HBI/Page_App Page 2/select_MM010203040506070809101'  using regular expression

2020-04-23 08:21:39 - [TEST_STEP][PASSED] - selectOptionByValue(findTestObject("mobileSanity/HBI/Page_App Page 2/select_YYYY2019202020212022202"), "2026", true): All options with value '2026' are selected in object 'Object Repository/mobileSanity/HBI/Page_App Page 2/select_YYYY2019202020212022202'  using regular expression

2020-04-23 08:21:39 - [MESSAGE][PASSED] - All options with value '2026' are selected in object 'Object Repository/mobileSanity/HBI/Page_App Page 2/select_YYYY2019202020212022202'  using regular expression

2020-04-23 08:21:39 - [TEST_STEP][PASSED] - setText(findTestObject("mobileSanity/HBI/Page_App Page 2/input__credit-card-number"), "4111111111111111"): Text '4111111111111111' is set on object 'Object Repository/mobileSanity/HBI/Page_App Page 2/input__credit-card-number'

2020-04-23 08:21:39 - [MESSAGE][PASSED] - Text '4111111111111111' is set on object 'Object Repository/mobileSanity/HBI/Page_App Page 2/input__credit-card-number'

2020-04-23 08:21:39 - [TEST_STEP][PASSED] - setText(findTestObject("mobileSanity/HBI/Page_App Page 2/input__cvv"), "123"): Text '123' is set on object 'Object Repository/mobileSanity/HBI/Page_App Page 2/input__cvv'

2020-04-23 08:21:40 - [MESSAGE][PASSED] - Text '123' is set on object 'Object Repository/mobileSanity/HBI/Page_App Page 2/input__cvv'

2020-04-23 08:21:40 - [TEST_STEP][PASSED] - click(findTestObject("mobileSanity/HBI/Page_App Page 2/label_My billing address is th")): Object: 'Object Repository/mobileSanity/HBI/Page_App Page 2/label_My billing address is th' is clicked on

2020-04-23 08:21:40 - [MESSAGE][PASSED] - Object: 'Object Repository/mobileSanity/HBI/Page_App Page 2/label_My billing address is th' is clicked on

2020-04-23 08:21:40 - [TEST_STEP][PASSED] - click(findTestObject("mobileSanity/HBI/Page_App Page 2/label_I Accept Authorization f")): Object: 'Object Repository/mobileSanity/HBI/Page_App Page 2/label_I Accept Authorization f' is clicked on

2020-04-23 08:21:40 - [MESSAGE][PASSED] - Object: 'Object Repository/mobileSanity/HBI/Page_App Page 2/label_I Accept Authorization f' is clicked on

2020-04-23 08:21:40 - [TEST_STEP][PASSED] - click(findTestObject("mobileSanity/HBI/Page_App Page 2/a_Continue to Step 3 - Review")): Object: 'Object Repository/mobileSanity/HBI/Page_App Page 2/a_Continue to Step 3 - Review' is clicked on

2020-04-23 08:21:40 - [MESSAGE][PASSED] - Object: 'Object Repository/mobileSanity/HBI/Page_App Page 2/a_Continue to Step 3 - Review' is clicked on

2020-04-23 08:21:40 - [TEST_STEP][PASSED] - waitForPageLoad(20): Wait for page load successfully

2020-04-23 08:21:40 - [MESSAGE][PASSED] - Wait for page load successfully

2020-04-23 08:21:40 - [TEST_STEP][PASSED] - Thread.sleep(10000): null

2020-04-23 08:21:50 - [TEST_STEP][PASSED] - waitForElementPresent(findTestObject("mobileSanity/HBI/Page_App Page 3/label"), 20): Object 'Object Repository/mobileSanity/HBI/Page_App Page 3/label' is present

2020-04-23 08:21:51 - [MESSAGE][PASSED] - Object 'Object Repository/mobileSanity/HBI/Page_App Page 3/label' is present

2020-04-23 08:21:51 - [TEST_STEP][PASSED] - callTestCase(findTestCase("AHI/_include/get_screenshot"), [:], STOP_ON_FAILURE): Call Test Case 'Test Cases/AHI/_include/get_screenshot' successfully

2020-04-23 08:21:51 - [TEST_CASE][PASSED] - Test Cases/AHI/_include/get_screenshot: Test Cases/AHI/_include/get_screenshot

2020-04-23 08:21:51 - [TEST_STEP][PASSED] - Thread.sleep(1000): null

2020-04-23 08:21:52 - [TEST_STEP][PASSED] - takeScreenshot(screenPath + i + ".png"): Taking screenshot successfully

2020-04-23 08:21:52 - [MESSAGE][PASSED] - Taking screenshot successfully
[[ATTACHMENT|D:\\Test\\AgileTest\\Reports\\PrivateLabel\\PremierSMI\\20200423_080048\\../Screenshots/iPhone 6/PremierSMI/Legion/20200423_082018/8.png]]

2020-04-23 08:21:52 - [TEST_STEP][PASSED] - (internal.GlobalVariable.i++): null

2020-04-23 08:21:52 - [MESSAGE][PASSED] - Call Test Case 'Test Cases/AHI/_include/get_screenshot' successfully

2020-04-23 08:21:52 - [TEST_STEP][PASSED] - click(findTestObject("mobileSanity/HBI/Page_App Page 3/label")): Object: 'Object Repository/mobileSanity/HBI/Page_App Page 3/label' is clicked on

2020-04-23 08:21:52 - [MESSAGE][PASSED] - Object: 'Object Repository/mobileSanity/HBI/Page_App Page 3/label' is clicked on

2020-04-23 08:21:52 - [TEST_STEP][PASSED] - click(findTestObject("mobileSanity/HBI/Page_App Page 3/p_CLICK TO SIGN")): Object: 'Object Repository/mobileSanity/HBI/Page_App Page 3/p_CLICK TO SIGN' is clicked on

2020-04-23 08:21:53 - [MESSAGE][PASSED] - Object: 'Object Repository/mobileSanity/HBI/Page_App Page 3/p_CLICK TO SIGN' is clicked on

2020-04-23 08:21:53 - [TEST_STEP][PASSED] - click(findTestObject("mobileSanity/HBI/Page_App Page 3/a_Submit Your Application")): Object: 'Object Repository/mobileSanity/HBI/Page_App Page 3/a_Submit Your Application' is clicked on

2020-04-23 08:21:53 - [MESSAGE][PASSED] - Object: 'Object Repository/mobileSanity/HBI/Page_App Page 3/a_Submit Your Application' is clicked on

2020-04-23 08:21:53 - [TEST_STEP][PASSED] - waitForElementPresent(findTestObject("mobileSanity/Common/app-confirmation"), 20): Object 'Object Repository/mobileSanity/Common/app-confirmation' is not present after 20 second(s)

2020-04-23 08:22:14 - [MESSAGE][INFO] - Unable to find the element located by 'By.xpath: //*[@id = 'app-confirmation']'. Please recheck the objects properties to make sure the desired element is located. 

2020-04-23 08:22:14 - [MESSAGE][WARNING] - Object 'Object Repository/mobileSanity/Common/app-confirmation' is not present after 20 second(s)

2020-04-23 08:22:14 - [TEST_STEP][PASSED] - callTestCase(findTestCase("AHI/_include/get_screenshot"), [:], STOP_ON_FAILURE): Call Test Case 'Test Cases/AHI/_include/get_screenshot' successfully

2020-04-23 08:22:14 - [TEST_CASE][PASSED] - Test Cases/AHI/_include/get_screenshot: Test Cases/AHI/_include/get_screenshot

2020-04-23 08:22:14 - [TEST_STEP][PASSED] - Thread.sleep(1000): null

2020-04-23 08:22:15 - [TEST_STEP][PASSED] - takeScreenshot(screenPath + i + ".png"): Taking screenshot successfully

2020-04-23 08:22:16 - [MESSAGE][PASSED] - Taking screenshot successfully
[[ATTACHMENT|D:\\Test\\AgileTest\\Reports\\PrivateLabel\\PremierSMI\\20200423_080048\\../Screenshots/iPhone 6/PremierSMI/Legion/20200423_082018/9.png]]

2020-04-23 08:22:16 - [TEST_STEP][PASSED] - (internal.GlobalVariable.i++): null

2020-04-23 08:22:16 - [MESSAGE][PASSED] - Call Test Case 'Test Cases/AHI/_include/get_screenshot' successfully

2020-04-23 08:22:16 - [MESSAGE][PASSED] - Call Test Case 'Test Cases/AHI/_include/goToEnd_hbi' successfully]]></system-out>
         <system-err><![CDATA[]]></system-err>
      </testcase>
      <system-out><![CDATA[2020-04-23 08:13:42 - [TEST_SUITE][PASSED] - PremierSMI: Test Cases/PL Site/PremierSMI/Legion]]></system-out>
      <system-err><![CDATA[]]></system-err>
   </testsuite>
</testsuites>
