<?xml version="1.0" encoding="UTF-8" standalone="yes"?>
<testsuites name="stm" time="951" tests="6" failures="2" errors="0">
    <testsuite name="stm" tests="6" failures="2" errors="0" time="951" timestamp="2019-09-05 13:11:04" hostname="sofee.yu - windows10.microdone.cn" id="Test Suites/mobileWeb/stm">
        <properties>
            <property name="deviceName" value=""/>
            <property name="devicePlatform" value=""/>
            <property name="logFolder" value="D:\\Test\\AgileTest\\AgileTest\\Reports\\mobileWeb\\stm\\20190905_131101"/>
            <property name="logFiles" value="D:\\Test\\AgileTest\\AgileTest\\Reports\\mobileWeb\\stm\\20190905_131101\\execution0.log"/>
            <property name="attachments" value="D:\\Test\\AgileTest\\AgileTest\\Reports\\mobileWeb\\stm\\20190905_131101\\../Screenshots/iPhone X/stm/Salico/20190905_131106/0.png, D:\\Test\\AgileTest\\AgileTest\\Reports\\mobileWeb\\stm\\20190905_131101\\../Screenshots/iPhone X/stm/Salico/20190905_131106/1.png, D:\\Test\\AgileTest\\AgileTest\\Reports\\mobileWeb\\stm\\20190905_131101\\../Screenshots/iPhone X/stm/Salico/20190905_131106/2.png, D:\\Test\\AgileTest\\AgileTest\\Reports\\mobileWeb\\stm\\20190905_131101\\../Screenshots/iPhone X/stm/Salico/20190905_131106/3.png, D:\\Test\\AgileTest\\AgileTest\\Reports\\mobileWeb\\stm\\20190905_131101\\../Screenshots/iPhone X/stm/Salico/20190905_131106/4.png, D:\\Test\\AgileTest\\AgileTest\\Reports\\mobileWeb\\stm\\20190905_131101\\../Screenshots/iPhone X/stm/Salico/20190905_131106/5.png, D:\\Test\\AgileTest\\AgileTest\\Reports\\mobileWeb\\stm\\20190905_131101\\../Screenshots/iPhone X/stm/Salico/20190905_131106/6.png, D:\\Test\\AgileTest\\AgileTest\\Reports\\mobileWeb\\stm\\20190905_131101\\1567660336735.png, D:\\Test\\AgileTest\\AgileTest\\Reports\\mobileWeb\\stm\\20190905_131101\\../Screenshots/iPhone X/stm/Salico/20190905_131106/7.png, D:\\Test\\AgileTest\\AgileTest\\Reports\\mobileWeb\\stm\\20190905_131101\\../Screenshots/iPhone X/stm/Salico/20190905_131106/8.png, D:\\Test\\AgileTest\\AgileTest\\Reports\\mobileWeb\\stm\\20190905_131101\\../Screenshots/iPhone X/stm/Salico/20190905_131106/9.png, D:\\Test\\AgileTest\\AgileTest\\Reports\\mobileWeb\\stm\\20190905_131101\\../Screenshots/iPhone X/stm/Salico/20190905_131106/10.png, D:\\Test\\AgileTest\\AgileTest\\Reports\\mobileWeb\\stm\\20190905_131101\\../Screenshots/iPhone X/stm/AdvantHealth/20190905_131307/0.png, D:\\Test\\AgileTest\\AgileTest\\Reports\\mobileWeb\\stm\\20190905_131101\\../Screenshots/iPhone X/stm/AdvantHealth/20190905_131307/1.png, D:\\Test\\AgileTest\\AgileTest\\Reports\\mobileWeb\\stm\\20190905_131101\\../Screenshots/iPhone X/stm/AdvantHealth/20190905_131307/2.png, D:\\Test\\AgileTest\\AgileTest\\Reports\\mobileWeb\\stm\\20190905_131101\\../Screenshots/iPhone X/stm/AdvantHealth/20190905_131307/3.png, D:\\Test\\AgileTest\\AgileTest\\Reports\\mobileWeb\\stm\\20190905_131101\\../Screenshots/iPhone X/stm/AdvantHealth/20190905_131307/4.png, D:\\Test\\AgileTest\\AgileTest\\Reports\\mobileWeb\\stm\\20190905_131101\\../Screenshots/iPhone X/stm/AdvantHealth/20190905_131307/5.png, D:\\Test\\AgileTest\\AgileTest\\Reports\\mobileWeb\\stm\\20190905_131101\\../Screenshots/iPhone X/stm/AdvantHealth/20190905_131307/6.png, D:\\Test\\AgileTest\\AgileTest\\Reports\\mobileWeb\\stm\\20190905_131101\\../Screenshots/iPhone X/stm/AdvantHealth/20190905_131307/7.png, D:\\Test\\AgileTest\\AgileTest\\Reports\\mobileWeb\\stm\\20190905_131101\\../Screenshots/iPhone X/stm/AdvantHealth/20190905_131307/8.png, D:\\Test\\AgileTest\\AgileTest\\Reports\\mobileWeb\\stm\\20190905_131101\\../Screenshots/iPhone X/stm/AdvantHealth/20190905_131307/9.png, D:\\Test\\AgileTest\\AgileTest\\Reports\\mobileWeb\\stm\\20190905_131101\\../Screenshots/iPhone X/stm/AdvantHealth/20190905_131307/10.png, D:\\Test\\AgileTest\\AgileTest\\Reports\\mobileWeb\\stm\\20190905_131101\\../Screenshots/iPhone X/stm/AdvantHealth/20190905_131307/11.png, D:\\Test\\AgileTest\\AgileTest\\Reports\\mobileWeb\\stm\\20190905_131101\\../Screenshots/iPhone X/stm/Companion/20190905_131456/0.png, D:\\Test\\AgileTest\\AgileTest\\Reports\\mobileWeb\\stm\\20190905_131101\\../Screenshots/iPhone X/stm/Companion/20190905_131456/1.png, D:\\Test\\AgileTest\\AgileTest\\Reports\\mobileWeb\\stm\\20190905_131101\\../Screenshots/iPhone X/stm/Companion/20190905_131456/2.png, D:\\Test\\AgileTest\\AgileTest\\Reports\\mobileWeb\\stm\\20190905_131101\\../Screenshots/iPhone X/stm/Companion/20190905_131456/3.png, D:\\Test\\AgileTest\\AgileTest\\Reports\\mobileWeb\\stm\\20190905_131101\\../Screenshots/iPhone X/stm/Companion/20190905_131456/4.png, D:\\Test\\AgileTest\\AgileTest\\Reports\\mobileWeb\\stm\\20190905_131101\\../Screenshots/iPhone X/stm/Companion/20190905_131456/5.png, D:\\Test\\AgileTest\\AgileTest\\Reports\\mobileWeb\\stm\\20190905_131101\\../Screenshots/iPhone X/stm/Companion/20190905_131456/6.png, D:\\Test\\AgileTest\\AgileTest\\Reports\\mobileWeb\\stm\\20190905_131101\\1567660561932.png, D:\\Test\\AgileTest\\AgileTest\\Reports\\mobileWeb\\stm\\20190905_131101\\../Screenshots/iPhone X/stm/Companion/20190905_131456/7.png, D:\\Test\\AgileTest\\AgileTest\\Reports\\mobileWeb\\stm\\20190905_131101\\../Screenshots/iPhone X/stm/Companion/20190905_131456/8.png, D:\\Test\\AgileTest\\AgileTest\\Reports\\mobileWeb\\stm\\20190905_131101\\../Screenshots/iPhone X/stm/Companion/20190905_131456/9.png, D:\\Test\\AgileTest\\AgileTest\\Reports\\mobileWeb\\stm\\20190905_131101\\../Screenshots/iPhone X/stm/Companion/20190905_131456/10.png, D:\\Test\\AgileTest\\AgileTest\\Reports\\mobileWeb\\stm\\20190905_131101\\1567660642038.png, D:\\Test\\AgileTest\\AgileTest\\Reports\\mobileWeb\\stm\\20190905_131101\\1567660642747.png, D:\\Test\\AgileTest\\AgileTest\\Reports\\mobileWeb\\stm\\20190905_131101\\../Screenshots/iPhone X/stm/Everest/20190905_131723/0.png, D:\\Test\\AgileTest\\AgileTest\\Reports\\mobileWeb\\stm\\20190905_131101\\../Screenshots/iPhone X/stm/Everest/20190905_131723/1.png, D:\\Test\\AgileTest\\AgileTest\\Reports\\mobileWeb\\stm\\20190905_131101\\../Screenshots/iPhone X/stm/Everest/20190905_131723/2.png, D:\\Test\\AgileTest\\AgileTest\\Reports\\mobileWeb\\stm\\20190905_131101\\../Screenshots/iPhone X/stm/Everest/20190905_131723/3.png, D:\\Test\\AgileTest\\AgileTest\\Reports\\mobileWeb\\stm\\20190905_131101\\../Screenshots/iPhone X/stm/Everest/20190905_131723/4.png, D:\\Test\\AgileTest\\AgileTest\\Reports\\mobileWeb\\stm\\20190905_131101\\../Screenshots/iPhone X/stm/Everest/20190905_131723/5.png, D:\\Test\\AgileTest\\AgileTest\\Reports\\mobileWeb\\stm\\20190905_131101\\../Screenshots/iPhone X/stm/Everest/20190905_131723/6.png, D:\\Test\\AgileTest\\AgileTest\\Reports\\mobileWeb\\stm\\20190905_131101\\1567660692038.png, D:\\Test\\AgileTest\\AgileTest\\Reports\\mobileWeb\\stm\\20190905_131101\\../Screenshots/iPhone X/stm/Everest/20190905_131723/7.png, D:\\Test\\AgileTest\\AgileTest\\Reports\\mobileWeb\\stm\\20190905_131101\\../Screenshots/iPhone X/stm/Everest/20190905_131723/8.png, D:\\Test\\AgileTest\\AgileTest\\Reports\\mobileWeb\\stm\\20190905_131101\\../Screenshots/iPhone X/stm/Everest/20190905_131723/9.png, D:\\Test\\AgileTest\\AgileTest\\Reports\\mobileWeb\\stm\\20190905_131101\\../Screenshots/iPhone X/stm/Everest/20190905_131723/10.png, D:\\Test\\AgileTest\\AgileTest\\Reports\\mobileWeb\\stm\\20190905_131101\\../Screenshots/iPhone X/stm/Everest Prime/20190905_131903/0.png, D:\\Test\\AgileTest\\AgileTest\\Reports\\mobileWeb\\stm\\20190905_131101\\../Screenshots/iPhone X/stm/Everest Prime/20190905_131903/1.png, D:\\Test\\AgileTest\\AgileTest\\Reports\\mobileWeb\\stm\\20190905_131101\\../Screenshots/iPhone X/stm/Everest Prime/20190905_131903/2.png, D:\\Test\\AgileTest\\AgileTest\\Reports\\mobileWeb\\stm\\20190905_131101\\../Screenshots/iPhone X/stm/Everest Prime/20190905_131903/3.png, D:\\Test\\AgileTest\\AgileTest\\Reports\\mobileWeb\\stm\\20190905_131101\\../Screenshots/iPhone X/stm/Everest Prime/20190905_131903/4.png, D:\\Test\\AgileTest\\AgileTest\\Reports\\mobileWeb\\stm\\20190905_131101\\../Screenshots/iPhone X/stm/Everest Prime/20190905_131903/5.png, D:\\Test\\AgileTest\\AgileTest\\Reports\\mobileWeb\\stm\\20190905_131101\\../Screenshots/iPhone X/stm/Everest Prime/20190905_131903/6.png, D:\\Test\\AgileTest\\AgileTest\\Reports\\mobileWeb\\stm\\20190905_131101\\1567660790077.png, D:\\Test\\AgileTest\\AgileTest\\Reports\\mobileWeb\\stm\\20190905_131101\\../Screenshots/iPhone X/stm/Everest Prime/20190905_131903/7.png, D:\\Test\\AgileTest\\AgileTest\\Reports\\mobileWeb\\stm\\20190905_131101\\../Screenshots/iPhone X/stm/Everest Prime/20190905_131903/8.png, D:\\Test\\AgileTest\\AgileTest\\Reports\\mobileWeb\\stm\\20190905_131101\\../Screenshots/iPhone X/stm/Everest Prime/20190905_131903/9.png, D:\\Test\\AgileTest\\AgileTest\\Reports\\mobileWeb\\stm\\20190905_131101\\../Screenshots/iPhone X/stm/Everest Prime/20190905_131903/10.png, D:\\Test\\AgileTest\\AgileTest\\Reports\\mobileWeb\\stm\\20190905_131101\\../Screenshots/iPhone X/stm/LifeShield/20190905_132040/0.png, D:\\Test\\AgileTest\\AgileTest\\Reports\\mobileWeb\\stm\\20190905_131101\\../Screenshots/iPhone X/stm/LifeShield/20190905_132040/1.png, D:\\Test\\AgileTest\\AgileTest\\Reports\\mobileWeb\\stm\\20190905_131101\\../Screenshots/iPhone X/stm/LifeShield/20190905_132040/2.png, D:\\Test\\AgileTest\\AgileTest\\Reports\\mobileWeb\\stm\\20190905_131101\\../Screenshots/iPhone X/stm/LifeShield/20190905_132040/3.png, D:\\Test\\AgileTest\\AgileTest\\Reports\\mobileWeb\\stm\\20190905_131101\\../Screenshots/iPhone X/stm/LifeShield/20190905_132040/4.png, D:\\Test\\AgileTest\\AgileTest\\Reports\\mobileWeb\\stm\\20190905_131101\\../Screenshots/iPhone X/stm/LifeShield/20190905_132040/5.png, D:\\Test\\AgileTest\\AgileTest\\Reports\\mobileWeb\\stm\\20190905_131101\\../Screenshots/iPhone X/stm/LifeShield/20190905_132040/6.png, D:\\Test\\AgileTest\\AgileTest\\Reports\\mobileWeb\\stm\\20190905_131101\\1567660890256.png, D:\\Test\\AgileTest\\AgileTest\\Reports\\mobileWeb\\stm\\20190905_131101\\../Screenshots/iPhone X/stm/LifeShield/20190905_132040/7.png, D:\\Test\\AgileTest\\AgileTest\\Reports\\mobileWeb\\stm\\20190905_131101\\../Screenshots/iPhone X/stm/LifeShield/20190905_132040/8.png, D:\\Test\\AgileTest\\AgileTest\\Reports\\mobileWeb\\stm\\20190905_131101\\../Screenshots/iPhone X/stm/LifeShield/20190905_132040/9.png, D:\\Test\\AgileTest\\AgileTest\\Reports\\mobileWeb\\stm\\20190905_131101\\../Screenshots/iPhone X/stm/LifeShield/20190905_132040/10.png, D:\\Test\\AgileTest\\AgileTest\\Reports\\mobileWeb\\stm\\20190905_131101\\../Screenshots/iPhone X/stm/National General/20190905_132221/0.png, D:\\Test\\AgileTest\\AgileTest\\Reports\\mobileWeb\\stm\\20190905_131101\\../Screenshots/iPhone X/stm/National General/20190905_132221/1.png, D:\\Test\\AgileTest\\AgileTest\\Reports\\mobileWeb\\stm\\20190905_131101\\../Screenshots/iPhone X/stm/National General/20190905_132221/2.png, D:\\Test\\AgileTest\\AgileTest\\Reports\\mobileWeb\\stm\\20190905_131101\\../Screenshots/iPhone X/stm/National General/20190905_132221/3.png, D:\\Test\\AgileTest\\AgileTest\\Reports\\mobileWeb\\stm\\20190905_131101\\../Screenshots/iPhone X/stm/National General/20190905_132221/4.png, D:\\Test\\AgileTest\\AgileTest\\Reports\\mobileWeb\\stm\\20190905_131101\\../Screenshots/iPhone X/stm/National General/20190905_132221/5.png, D:\\Test\\AgileTest\\AgileTest\\Reports\\mobileWeb\\stm\\20190905_131101\\../Screenshots/iPhone X/stm/National General/20190905_132221/6.png, D:\\Test\\AgileTest\\AgileTest\\Reports\\mobileWeb\\stm\\20190905_131101\\../Screenshots/iPhone X/stm/National General/20190905_132221/7.png, D:\\Test\\AgileTest\\AgileTest\\Reports\\mobileWeb\\stm\\20190905_131101\\../Screenshots/iPhone X/stm/National General/20190905_132221/8.png, D:\\Test\\AgileTest\\AgileTest\\Reports\\mobileWeb\\stm\\20190905_131101\\../Screenshots/iPhone X/stm/National General/20190905_132221/9.png, D:\\Test\\AgileTest\\AgileTest\\Reports\\mobileWeb\\stm\\20190905_131101\\../Screenshots/iPhone X/stm/National General/20190905_132221/10.png, D:\\Test\\AgileTest\\AgileTest\\Reports\\mobileWeb\\stm\\20190905_131101\\../Screenshots/iPhone X/stm/National General/20190905_132221/11.png, D:\\Test\\AgileTest\\AgileTest\\Reports\\mobileWeb\\stm\\20190905_131101\\1567661098095.png, D:\\Test\\AgileTest\\AgileTest\\Reports\\mobileWeb\\stm\\20190905_131101\\1567661098801.png, D:\\Test\\AgileTest\\AgileTest\\Reports\\mobileWeb\\stm\\20190905_131101\\../Screenshots/iPhone X/stm/Aspen/20190905_132500/0.png, D:\\Test\\AgileTest\\AgileTest\\Reports\\mobileWeb\\stm\\20190905_131101\\../Screenshots/iPhone X/stm/Aspen/20190905_132500/1.png, D:\\Test\\AgileTest\\AgileTest\\Reports\\mobileWeb\\stm\\20190905_131101\\../Screenshots/iPhone X/stm/Aspen/20190905_132500/2.png, D:\\Test\\AgileTest\\AgileTest\\Reports\\mobileWeb\\stm\\20190905_131101\\../Screenshots/iPhone X/stm/Aspen/20190905_132500/3.png, D:\\Test\\AgileTest\\AgileTest\\Reports\\mobileWeb\\stm\\20190905_131101\\../Screenshots/iPhone X/stm/Aspen/20190905_132500/4.png, D:\\Test\\AgileTest\\AgileTest\\Reports\\mobileWeb\\stm\\20190905_131101\\../Screenshots/iPhone X/stm/Aspen/20190905_132500/5.png, D:\\Test\\AgileTest\\AgileTest\\Reports\\mobileWeb\\stm\\20190905_131101\\../Screenshots/iPhone X/stm/Aspen/20190905_132500/6.png, D:\\Test\\AgileTest\\AgileTest\\Reports\\mobileWeb\\stm\\20190905_131101\\1567661165109.png, D:\\Test\\AgileTest\\AgileTest\\Reports\\mobileWeb\\stm\\20190905_131101\\../Screenshots/iPhone X/stm/Aspen/20190905_132500/7.png, D:\\Test\\AgileTest\\AgileTest\\Reports\\mobileWeb\\stm\\20190905_131101\\../Screenshots/iPhone X/stm/Aspen/20190905_132500/8.png, D:\\Test\\AgileTest\\AgileTest\\Reports\\mobileWeb\\stm\\20190905_131101\\../Screenshots/iPhone X/stm/Aspen/20190905_132500/9.png, D:\\Test\\AgileTest\\AgileTest\\Reports\\mobileWeb\\stm\\20190905_131101\\../Screenshots/iPhone X/stm/Aspen/20190905_132500/10.png"/>
            <property name="hostName" value="sofee.yu - windows10.microdone.cn"/>
            <property name="os" value="Windows 7 64bit"/>
            <property name="katalonVersion" value="6.2.2.4"/>
            <property name="browser" value="Safari 11"/>
            <property name="hostAddress" value="172.16.86.47"/>
            <property name="sessionId" value="41f29113b0a20ee6efa3541c00786018"/>
            <property name="seleniumVersion" value="3.141.59"/>
            <property name="proxyInformation" value="ProxyInformation{proxyOption=NO_PROXY, proxyServerType=HTTP, password=, proxyServerAddress=, proxyServerPort=0}"/>
            <property name="platform" value="Windows 7"/>
        </properties>
        <testcase name="Test Cases/mobileWeb/stm/Slaico" classname="Test Cases/mobileWeb/stm/Slaico" status="PASSED">
            <system-out>2019-09-05 13:11:04 - [TEST_CASE][PASSED] - Test Cases/mobileWeb/stm/Slaico: Test Cases/mobileWeb/stm/Slaico&#xD;
&#xD;
2019-09-05 13:11:05 - [TEST_STEP][PASSED] - callTestCase(findTestCase("mobileWeb/_include/get_screenPath"), ["productLine":"stm", "carrierName":"Salico"], CONTINUE_ON_FAILURE): Call Test Case 'Test Cases/mobileWeb/_include/get_screenPath' successfully&#xD;
&#xD;
2019-09-05 13:11:05 - [TEST_CASE][PASSED] - Test Cases/mobileWeb/_include/get_screenPath: Test Cases/mobileWeb/_include/get_screenPath&#xD;
&#xD;
2019-09-05 13:11:06 - [TEST_STEP][PASSED] - m = getExecutionProperties(): null&#xD;
&#xD;
2019-09-05 13:11:06 - [TEST_STEP][PASSED] - deviceName = get("mobileEmulation").get("deviceName"): null&#xD;
&#xD;
2019-09-05 13:11:06 - [TEST_STEP][PASSED] - println(deviceName): null&#xD;
&#xD;
2019-09-05 13:11:06 - [TEST_STEP][PASSED] - now = new java.util.Date(): null&#xD;
&#xD;
2019-09-05 13:11:06 - [TEST_STEP][PASSED] - mydate = now.format("yyyyMMdd_HHmmss"): null&#xD;
&#xD;
2019-09-05 13:11:06 - [TEST_STEP][PASSED] - screenPath = "../Screenshots/": null&#xD;
&#xD;
2019-09-05 13:11:06 - [TEST_STEP][PASSED] - screenPath = screenPath + deviceName + "/" + productLine + "/" + carrierName + "/" + mydate + "/": null&#xD;
&#xD;
2019-09-05 13:11:06 - [TEST_STEP][PASSED] - println(screenPath): null&#xD;
&#xD;
2019-09-05 13:11:06 - [MESSAGE][PASSED] - Call Test Case 'Test Cases/mobileWeb/_include/get_screenPath' successfully&#xD;
&#xD;
2019-09-05 13:11:06 - [TEST_STEP][PASSED] - i = 0: null&#xD;
&#xD;
2019-09-05 13:11:06 - [TEST_STEP][PASSED] - callTestCase(findTestCase("mobileWeb/_include/openWebSite"), [:], STOP_ON_FAILURE): Call Test Case 'Test Cases/mobileWeb/_include/openWebSite' successfully&#xD;
&#xD;
2019-09-05 13:11:06 - [TEST_CASE][PASSED] - Test Cases/mobileWeb/_include/openWebSite: Test Cases/mobileWeb/_include/openWebSite&#xD;
&#xD;
2019-09-05 13:11:06 - [TEST_STEP][PASSED] - openBrowser(env): Browser is opened with url: 'https://praetemptatus.agilehealthinsurance.com'&#xD;
&#xD;
2019-09-05 13:11:07 - [MESSAGE][INFO] - Starting 'Chrome' driver&#xD;
&#xD;
2019-09-05 13:11:07 - [MESSAGE][INFO] - User set preference: ['mobileEmulation', '{deviceName=iPhone X}']&#xD;
&#xD;
2019-09-05 13:11:07 - [MESSAGE][INFO] - User set preference: ['args', '[--incognito, --aggressive-cache-discard, --no-sandbox, --window-size=375,812]']&#xD;
&#xD;
2019-09-05 13:11:07 - [MESSAGE][INFO] - Action delay is set to 0 seconds&#xD;
&#xD;
2019-09-05 13:11:14 - [MESSAGE][PASSED] - Browser is opened with url: 'https://praetemptatus.agilehealthinsurance.com'&#xD;
&#xD;
2019-09-05 13:11:14 - [TEST_STEP][PASSED] - waitForPageLoad(20): Wait for page load successfully&#xD;
&#xD;
2019-09-05 13:11:14 - [MESSAGE][PASSED] - Wait for page load successfully&#xD;
&#xD;
2019-09-05 13:11:14 - [TEST_STEP][PASSED] - callTestCase(findTestCase("mobileWeb/_include/get_screenshot"), [:], STOP_ON_FAILURE): Call Test Case 'Test Cases/mobileWeb/_include/get_screenshot' successfully&#xD;
&#xD;
2019-09-05 13:11:14 - [TEST_CASE][PASSED] - Test Cases/mobileWeb/_include/get_screenshot: Test Cases/mobileWeb/_include/get_screenshot&#xD;
&#xD;
2019-09-05 13:11:14 - [TEST_STEP][PASSED] - takeScreenshot(screenPath + i + ".png"): Taking screenshot successfully&#xD;
&#xD;
2019-09-05 13:11:16 - [MESSAGE][PASSED] - Taking screenshot successfully&#xD;
[[ATTACHMENT|D:\\Test\\AgileTest\\AgileTest\\Reports\\mobileWeb\\stm\\20190905_131101\\../Screenshots/iPhone X/stm/Salico/20190905_131106/0.png]]&#xD;
&#xD;
2019-09-05 13:11:16 - [TEST_STEP][PASSED] - (internal.GlobalVariable.i++): null&#xD;
&#xD;
2019-09-05 13:11:16 - [MESSAGE][PASSED] - Call Test Case 'Test Cases/mobileWeb/_include/get_screenshot' successfully&#xD;
&#xD;
2019-09-05 13:11:16 - [MESSAGE][PASSED] - Call Test Case 'Test Cases/mobileWeb/_include/openWebSite' successfully&#xD;
&#xD;
2019-09-05 13:11:16 - [TEST_STEP][PASSED] - callTestCase(findTestCase("mobileWeb/_include/census_stm"), ["zipcode":"60602"], STOP_ON_FAILURE): Call Test Case 'Test Cases/mobileWeb/_include/census_stm' successfully&#xD;
&#xD;
2019-09-05 13:11:16 - [TEST_CASE][PASSED] - Test Cases/mobileWeb/_include/census_stm: Test Cases/mobileWeb/_include/census_stm&#xD;
&#xD;
2019-09-05 13:11:16 - [TEST_STEP][PASSED] - waitForElementClickable(findTestObject("mobileSanity/STM/Home Page/a_Quote  Save Today"), 10): Object 'Object Repository/mobileSanity/STM/Home Page/a_Quote  Save Today' is clickable&#xD;
&#xD;
2019-09-05 13:11:17 - [MESSAGE][PASSED] - Object 'Object Repository/mobileSanity/STM/Home Page/a_Quote  Save Today' is clickable&#xD;
&#xD;
2019-09-05 13:11:17 - [TEST_STEP][PASSED] - click(findTestObject("mobileSanity/STM/Home Page/a_Quote  Save Today")): Object: 'Object Repository/mobileSanity/STM/Home Page/a_Quote  Save Today' is clicked on&#xD;
&#xD;
2019-09-05 13:11:18 - [MESSAGE][PASSED] - Object: 'Object Repository/mobileSanity/STM/Home Page/a_Quote  Save Today' is clicked on&#xD;
&#xD;
2019-09-05 13:11:18 - [TEST_STEP][PASSED] - waitForPageLoad(10): Wait for page load successfully&#xD;
&#xD;
2019-09-05 13:11:19 - [MESSAGE][PASSED] - Wait for page load successfully&#xD;
&#xD;
2019-09-05 13:11:19 - [TEST_STEP][PASSED] - callTestCase(findTestCase("mobileWeb/_include/get_screenshot"), [:], STOP_ON_FAILURE): Call Test Case 'Test Cases/mobileWeb/_include/get_screenshot' successfully&#xD;
&#xD;
2019-09-05 13:11:19 - [TEST_CASE][PASSED] - Test Cases/mobileWeb/_include/get_screenshot: Test Cases/mobileWeb/_include/get_screenshot&#xD;
&#xD;
2019-09-05 13:11:19 - [TEST_STEP][PASSED] - takeScreenshot(screenPath + i + ".png"): Taking screenshot successfully&#xD;
&#xD;
2019-09-05 13:11:20 - [MESSAGE][PASSED] - Taking screenshot successfully&#xD;
[[ATTACHMENT|D:\\Test\\AgileTest\\AgileTest\\Reports\\mobileWeb\\stm\\20190905_131101\\../Screenshots/iPhone X/stm/Salico/20190905_131106/1.png]]&#xD;
&#xD;
2019-09-05 13:11:20 - [TEST_STEP][PASSED] - (internal.GlobalVariable.i++): null&#xD;
&#xD;
2019-09-05 13:11:20 - [MESSAGE][PASSED] - Call Test Case 'Test Cases/mobileWeb/_include/get_screenshot' successfully&#xD;
&#xD;
2019-09-05 13:11:20 - [TEST_STEP][PASSED] - setText(findTestObject("mobileSanity/STM/STM Census Page/input_Location_zip-input"), zipcode): Text '60602' is set on object 'Object Repository/mobileSanity/STM/STM Census Page/input_Location_zip-input'&#xD;
&#xD;
2019-09-05 13:11:21 - [MESSAGE][PASSED] - Text '60602' is set on object 'Object Repository/mobileSanity/STM/STM Census Page/input_Location_zip-input'&#xD;
&#xD;
2019-09-05 13:11:21 - [TEST_STEP][PASSED] - Thread.sleep(500): null&#xD;
&#xD;
2019-09-05 13:11:21 - [TEST_STEP][PASSED] - setText(findTestObject("mobileSanity/STM/STM Census Page/input_Date of Birth_dob-0"), "03031987"): Text '03031987' is set on object 'Object Repository/mobileSanity/STM/STM Census Page/input_Date of Birth_dob-0'&#xD;
&#xD;
2019-09-05 13:11:21 - [MESSAGE][PASSED] - Text '03031987' is set on object 'Object Repository/mobileSanity/STM/STM Census Page/input_Date of Birth_dob-0'&#xD;
&#xD;
2019-09-05 13:11:21 - [TEST_STEP][PASSED] - click(findTestObject("mobileSanity/STM/STM Census Page/label_Male")): Object: 'Object Repository/mobileSanity/STM/STM Census Page/label_Male' is clicked on&#xD;
&#xD;
2019-09-05 13:11:22 - [MESSAGE][PASSED] - Object: 'Object Repository/mobileSanity/STM/STM Census Page/label_Male' is clicked on&#xD;
&#xD;
2019-09-05 13:11:22 - [TEST_STEP][PASSED] - click(findTestObject("mobileSanity/STM/STM Census Page/label_Compare Plans")): Object: 'Object Repository/mobileSanity/STM/STM Census Page/label_Compare Plans' is clicked on&#xD;
&#xD;
2019-09-05 13:11:22 - [MESSAGE][PASSED] - Object: 'Object Repository/mobileSanity/STM/STM Census Page/label_Compare Plans' is clicked on&#xD;
&#xD;
2019-09-05 13:11:22 - [TEST_STEP][PASSED] - waitForElementVisible(findTestObject("mobileSanity/STM/STM Quote Page/button_sort"), 20): Web element with id: 'Object Repository/mobileSanity/STM/STM Quote Page/button_sort' located by 'By.xpath: //*[@class = 'js-toggle-others c-filter-toggle-v3 ']' not found&#xD;
&#xD;
2019-09-05 13:11:43 - [MESSAGE][INFO] - Unable to find the element located by 'By.xpath: //*[@class = 'js-toggle-others c-filter-toggle-v3 ']'. Please recheck the objects properties to make sure the desired element is located. &#xD;
&#xD;
2019-09-05 13:11:43 - [MESSAGE][WARNING] - Web element with id: 'Object Repository/mobileSanity/STM/STM Quote Page/button_sort' located by 'By.xpath: //*[@class = 'js-toggle-others c-filter-toggle-v3 ']' not found&#xD;
&#xD;
2019-09-05 13:11:43 - [TEST_STEP][PASSED] - Thread.sleep(3000): null&#xD;
&#xD;
2019-09-05 13:11:46 - [TEST_STEP][PASSED] - callTestCase(findTestCase("mobileWeb/_include/get_screenshot"), [:], STOP_ON_FAILURE): Call Test Case 'Test Cases/mobileWeb/_include/get_screenshot' successfully&#xD;
&#xD;
2019-09-05 13:11:46 - [TEST_CASE][PASSED] - Test Cases/mobileWeb/_include/get_screenshot: Test Cases/mobileWeb/_include/get_screenshot&#xD;
&#xD;
2019-09-05 13:11:46 - [TEST_STEP][PASSED] - takeScreenshot(screenPath + i + ".png"): Taking screenshot successfully&#xD;
&#xD;
2019-09-05 13:11:47 - [MESSAGE][PASSED] - Taking screenshot successfully&#xD;
[[ATTACHMENT|D:\\Test\\AgileTest\\AgileTest\\Reports\\mobileWeb\\stm\\20190905_131101\\../Screenshots/iPhone X/stm/Salico/20190905_131106/2.png]]&#xD;
&#xD;
2019-09-05 13:11:47 - [TEST_STEP][PASSED] - (internal.GlobalVariable.i++): null&#xD;
&#xD;
2019-09-05 13:11:47 - [MESSAGE][PASSED] - Call Test Case 'Test Cases/mobileWeb/_include/get_screenshot' successfully&#xD;
&#xD;
2019-09-05 13:11:47 - [TEST_STEP][PASSED] - Thread.sleep(1000): null&#xD;
&#xD;
2019-09-05 13:11:48 - [MESSAGE][PASSED] - Call Test Case 'Test Cases/mobileWeb/_include/census_stm' successfully&#xD;
&#xD;
2019-09-05 13:11:48 - [TEST_STEP][PASSED] - callTestCase(findTestCase("mobileWeb/_include/filter_stm"), ["carrier":"slaico"], STOP_ON_FAILURE): Call Test Case 'Test Cases/mobileWeb/_include/filter_stm' successfully&#xD;
&#xD;
2019-09-05 13:11:48 - [TEST_CASE][PASSED] - Test Cases/mobileWeb/_include/filter_stm: Test Cases/mobileWeb/_include/filter_stm&#xD;
&#xD;
2019-09-05 13:11:49 - [TEST_STEP][PASSED] - driver = getWebDriver(): null&#xD;
&#xD;
2019-09-05 13:11:49 - [TEST_STEP][PASSED] - selenium = new com.thoughtworks.selenium.webdriven.WebDriverBackedSelenium(driver, internal.GlobalVariable.ENV): null&#xD;
&#xD;
2019-09-05 13:11:49 - [TEST_STEP][PASSED] - Thread.sleep(1000): null&#xD;
&#xD;
2019-09-05 13:11:50 - [TEST_STEP][PASSED] - click(findTestObject("mobileSanity/STM/STM Quote Page/button_filters")): Object: 'Object Repository/mobileSanity/STM/STM Quote Page/button_filters' is clicked on&#xD;
&#xD;
2019-09-05 13:11:50 - [MESSAGE][PASSED] - Object: 'Object Repository/mobileSanity/STM/STM Quote Page/button_filters' is clicked on&#xD;
&#xD;
2019-09-05 13:11:50 - [TEST_STEP][PASSED] - Thread.sleep(1000): null&#xD;
&#xD;
2019-09-05 13:11:51 - [TEST_STEP][PASSED] - click(findTestObject("mobileSanity/STM/STM Quote Page/i_Insurance company")): Object: 'Object Repository/mobileSanity/STM/STM Quote Page/i_Insurance company' is clicked on&#xD;
&#xD;
2019-09-05 13:11:51 - [MESSAGE][PASSED] - Object: 'Object Repository/mobileSanity/STM/STM Quote Page/i_Insurance company' is clicked on&#xD;
&#xD;
2019-09-05 13:11:51 - [TEST_STEP][PASSED] - Thread.sleep(1000): null&#xD;
&#xD;
2019-09-05 13:11:52 - [TEST_STEP][PASSED] - filter_carrier = "//input[@name='filter[carrier]' and @value='" + carrier + "']/following::label": null&#xD;
&#xD;
2019-09-05 13:11:52 - [TEST_STEP][PASSED] - println(filter_carrier): null&#xD;
&#xD;
2019-09-05 13:11:52 - [TEST_STEP][PASSED] - test.MobileKeywords.clickJS_ByXpath(filter_carrier): test.MobileKeywords.clickJS_ByXpath is PASSED&#xD;
&#xD;
2019-09-05 13:11:53 - [MESSAGE][PASSED] - Execute JavaScript 'arguments[0].click()' successfully&#xD;
&#xD;
2019-09-05 13:11:53 - [MESSAGE][PASSED] - test.MobileKeywords.clickJS_ByXpath is PASSED&#xD;
&#xD;
2019-09-05 13:11:53 - [TEST_STEP][PASSED] - Thread.sleep(1000): null&#xD;
&#xD;
2019-09-05 13:11:54 - [TEST_STEP][PASSED] - scrollToElement(findTestObject("mobileSanity/STM/STM Quote Page/a_Show Plans"), 1000): Scroll to object 'Object Repository/mobileSanity/STM/STM Quote Page/a_Show Plans' successfully&#xD;
&#xD;
2019-09-05 13:11:54 - [MESSAGE][PASSED] - Scroll to object 'Object Repository/mobileSanity/STM/STM Quote Page/a_Show Plans' successfully&#xD;
&#xD;
2019-09-05 13:11:54 - [TEST_STEP][PASSED] - click(findTestObject("mobileSanity/STM/STM Quote Page/a_Show Plans")): Object: 'Object Repository/mobileSanity/STM/STM Quote Page/a_Show Plans' is clicked on&#xD;
&#xD;
2019-09-05 13:11:54 - [MESSAGE][PASSED] - Object: 'Object Repository/mobileSanity/STM/STM Quote Page/a_Show Plans' is clicked on&#xD;
&#xD;
2019-09-05 13:11:54 - [TEST_STEP][PASSED] - waitForJQueryLoad(20, STOP_ON_FAILURE): jQuery is ready.&#xD;
&#xD;
2019-09-05 13:11:55 - [MESSAGE][PASSED] - jQuery is ready.&#xD;
&#xD;
2019-09-05 13:11:55 - [TEST_STEP][PASSED] - Thread.sleep(2000): null&#xD;
&#xD;
2019-09-05 13:11:57 - [TEST_STEP][PASSED] - callTestCase(findTestCase("mobileWeb/_include/get_screenshot"), [:], STOP_ON_FAILURE): Call Test Case 'Test Cases/mobileWeb/_include/get_screenshot' successfully&#xD;
&#xD;
2019-09-05 13:11:57 - [TEST_CASE][PASSED] - Test Cases/mobileWeb/_include/get_screenshot: Test Cases/mobileWeb/_include/get_screenshot&#xD;
&#xD;
2019-09-05 13:11:57 - [TEST_STEP][PASSED] - takeScreenshot(screenPath + i + ".png"): Taking screenshot successfully&#xD;
&#xD;
2019-09-05 13:11:58 - [MESSAGE][PASSED] - Taking screenshot successfully&#xD;
[[ATTACHMENT|D:\\Test\\AgileTest\\AgileTest\\Reports\\mobileWeb\\stm\\20190905_131101\\../Screenshots/iPhone X/stm/Salico/20190905_131106/3.png]]&#xD;
&#xD;
2019-09-05 13:11:58 - [TEST_STEP][PASSED] - (internal.GlobalVariable.i++): null&#xD;
&#xD;
2019-09-05 13:11:58 - [MESSAGE][PASSED] - Call Test Case 'Test Cases/mobileWeb/_include/get_screenshot' successfully&#xD;
&#xD;
2019-09-05 13:11:58 - [MESSAGE][PASSED] - Call Test Case 'Test Cases/mobileWeb/_include/filter_stm' successfully&#xD;
&#xD;
2019-09-05 13:11:58 - [TEST_STEP][PASSED] - callTestCase(findTestCase("mobileWeb/_include/goToDetail_stm"), ["carrier":"slaico"], STOP_ON_FAILURE): Call Test Case 'Test Cases/mobileWeb/_include/goToDetail_stm' successfully&#xD;
&#xD;
2019-09-05 13:11:58 - [TEST_CASE][PASSED] - Test Cases/mobileWeb/_include/goToDetail_stm: Test Cases/mobileWeb/_include/goToDetail_stm&#xD;
&#xD;
2019-09-05 13:11:58 - [TEST_STEP][PASSED] - driver = getWebDriver(): null&#xD;
&#xD;
2019-09-05 13:11:58 - [TEST_STEP][PASSED] - selenium = new com.thoughtworks.selenium.webdriven.WebDriverBackedSelenium(driver, internal.GlobalVariable.ENV): null&#xD;
&#xD;
2019-09-05 13:11:58 - [TEST_STEP][PASSED] - a_plan_name = "xpath=//a[contains(@href,'/term-health-insurance/plan/" + carrier + "')]": null&#xD;
&#xD;
2019-09-05 13:11:58 - [TEST_STEP][PASSED] - println(a_plan_name): null&#xD;
&#xD;
2019-09-05 13:11:58 - [TEST_STEP][PASSED] - selenium.click(a_plan_name): null&#xD;
&#xD;
2019-09-05 13:12:02 - [TEST_STEP][PASSED] - waitForPageLoad(20): Wait for page load successfully&#xD;
&#xD;
2019-09-05 13:12:02 - [MESSAGE][PASSED] - Wait for page load successfully&#xD;
&#xD;
2019-09-05 13:12:02 - [TEST_STEP][PASSED] - Thread.sleep(2000): null&#xD;
&#xD;
2019-09-05 13:12:04 - [TEST_STEP][PASSED] - callTestCase(findTestCase("mobileWeb/_include/get_screenshot"), [:], STOP_ON_FAILURE): Call Test Case 'Test Cases/mobileWeb/_include/get_screenshot' successfully&#xD;
&#xD;
2019-09-05 13:12:05 - [TEST_CASE][PASSED] - Test Cases/mobileWeb/_include/get_screenshot: Test Cases/mobileWeb/_include/get_screenshot&#xD;
&#xD;
2019-09-05 13:12:05 - [TEST_STEP][PASSED] - takeScreenshot(screenPath + i + ".png"): Taking screenshot successfully&#xD;
&#xD;
2019-09-05 13:12:05 - [MESSAGE][PASSED] - Taking screenshot successfully&#xD;
[[ATTACHMENT|D:\\Test\\AgileTest\\AgileTest\\Reports\\mobileWeb\\stm\\20190905_131101\\../Screenshots/iPhone X/stm/Salico/20190905_131106/4.png]]&#xD;
&#xD;
2019-09-05 13:12:05 - [TEST_STEP][PASSED] - (internal.GlobalVariable.i++): null&#xD;
&#xD;
2019-09-05 13:12:05 - [MESSAGE][PASSED] - Call Test Case 'Test Cases/mobileWeb/_include/get_screenshot' successfully&#xD;
&#xD;
2019-09-05 13:12:05 - [MESSAGE][PASSED] - Call Test Case 'Test Cases/mobileWeb/_include/goToDetail_stm' successfully&#xD;
&#xD;
2019-09-05 13:12:05 - [TEST_STEP][PASSED] - callTestCase(findTestCase("mobileWeb/_include/apply_stm"), [:], STOP_ON_FAILURE): Call Test Case 'Test Cases/mobileWeb/_include/apply_stm' successfully&#xD;
&#xD;
2019-09-05 13:12:05 - [TEST_CASE][PASSED] - Test Cases/mobileWeb/_include/apply_stm: Test Cases/mobileWeb/_include/apply_stm&#xD;
&#xD;
2019-09-05 13:12:06 - [TEST_STEP][PASSED] - waitForElementVisible(findTestObject("mobileSanity/STM/STM PlanDetail Page/a_Apply for This Plan"), 5): Object 'Object Repository/mobileSanity/STM/STM PlanDetail Page/a_Apply for This Plan' is visible&#xD;
&#xD;
2019-09-05 13:12:06 - [MESSAGE][PASSED] - Object 'Object Repository/mobileSanity/STM/STM PlanDetail Page/a_Apply for This Plan' is visible&#xD;
&#xD;
2019-09-05 13:12:06 - [TEST_STEP][PASSED] - click(findTestObject("mobileSanity/STM/STM PlanDetail Page/a_Apply for This Plan")): Object: 'Object Repository/mobileSanity/STM/STM PlanDetail Page/a_Apply for This Plan' is clicked on&#xD;
&#xD;
2019-09-05 13:12:07 - [MESSAGE][PASSED] - Object: 'Object Repository/mobileSanity/STM/STM PlanDetail Page/a_Apply for This Plan' is clicked on&#xD;
&#xD;
2019-09-05 13:12:07 - [TEST_STEP][PASSED] - waitForPageLoad(10): Wait for page load successfully&#xD;
&#xD;
2019-09-05 13:12:07 - [MESSAGE][PASSED] - Wait for page load successfully&#xD;
&#xD;
2019-09-05 13:12:07 - [TEST_STEP][PASSED] - Thread.sleep(2000): null&#xD;
&#xD;
2019-09-05 13:12:09 - [TEST_STEP][PASSED] - callTestCase(findTestCase("mobileWeb/_include/get_screenshot"), [:], STOP_ON_FAILURE): Call Test Case 'Test Cases/mobileWeb/_include/get_screenshot' successfully&#xD;
&#xD;
2019-09-05 13:12:09 - [TEST_CASE][PASSED] - Test Cases/mobileWeb/_include/get_screenshot: Test Cases/mobileWeb/_include/get_screenshot&#xD;
&#xD;
2019-09-05 13:12:09 - [TEST_STEP][PASSED] - takeScreenshot(screenPath + i + ".png"): Taking screenshot successfully&#xD;
&#xD;
2019-09-05 13:12:10 - [MESSAGE][PASSED] - Taking screenshot successfully&#xD;
[[ATTACHMENT|D:\\Test\\AgileTest\\AgileTest\\Reports\\mobileWeb\\stm\\20190905_131101\\../Screenshots/iPhone X/stm/Salico/20190905_131106/5.png]]&#xD;
&#xD;
2019-09-05 13:12:10 - [TEST_STEP][PASSED] - (internal.GlobalVariable.i++): null&#xD;
&#xD;
2019-09-05 13:12:10 - [MESSAGE][PASSED] - Call Test Case 'Test Cases/mobileWeb/_include/get_screenshot' successfully&#xD;
&#xD;
2019-09-05 13:12:10 - [TEST_STEP][PASSED] - waitForElementVisible(findTestObject("mobileSanity/STM/STM Apply Page/a_Start Secure Application"), 5): Object 'Object Repository/mobileSanity/STM/STM Apply Page/a_Start Secure Application' is visible&#xD;
&#xD;
2019-09-05 13:12:10 - [MESSAGE][PASSED] - Object 'Object Repository/mobileSanity/STM/STM Apply Page/a_Start Secure Application' is visible&#xD;
&#xD;
2019-09-05 13:12:10 - [TEST_STEP][PASSED] - click(findTestObject("mobileSanity/STM/STM Apply Page/a_Start Secure Application")): Object: 'Object Repository/mobileSanity/STM/STM Apply Page/a_Start Secure Application' is clicked on&#xD;
&#xD;
2019-09-05 13:12:12 - [MESSAGE][PASSED] - Object: 'Object Repository/mobileSanity/STM/STM Apply Page/a_Start Secure Application' is clicked on&#xD;
&#xD;
2019-09-05 13:12:12 - [TEST_STEP][PASSED] - waitForPageLoad(20): Wait for page load successfully&#xD;
&#xD;
2019-09-05 13:12:12 - [MESSAGE][PASSED] - Wait for page load successfully&#xD;
&#xD;
2019-09-05 13:12:12 - [TEST_STEP][PASSED] - Thread.sleep(2000): null&#xD;
&#xD;
2019-09-05 13:12:14 - [TEST_STEP][PASSED] - callTestCase(findTestCase("mobileWeb/_include/get_screenshot"), [:], STOP_ON_FAILURE): Call Test Case 'Test Cases/mobileWeb/_include/get_screenshot' successfully&#xD;
&#xD;
2019-09-05 13:12:14 - [TEST_CASE][PASSED] - Test Cases/mobileWeb/_include/get_screenshot: Test Cases/mobileWeb/_include/get_screenshot&#xD;
&#xD;
2019-09-05 13:12:14 - [TEST_STEP][PASSED] - takeScreenshot(screenPath + i + ".png"): Taking screenshot successfully&#xD;
&#xD;
2019-09-05 13:12:14 - [MESSAGE][PASSED] - Taking screenshot successfully&#xD;
[[ATTACHMENT|D:\\Test\\AgileTest\\AgileTest\\Reports\\mobileWeb\\stm\\20190905_131101\\../Screenshots/iPhone X/stm/Salico/20190905_131106/6.png]]&#xD;
&#xD;
2019-09-05 13:12:14 - [TEST_STEP][PASSED] - (internal.GlobalVariable.i++): null&#xD;
&#xD;
2019-09-05 13:12:14 - [MESSAGE][PASSED] - Call Test Case 'Test Cases/mobileWeb/_include/get_screenshot' successfully&#xD;
&#xD;
2019-09-05 13:12:14 - [MESSAGE][PASSED] - Call Test Case 'Test Cases/mobileWeb/_include/apply_stm' successfully&#xD;
&#xD;
2019-09-05 13:12:14 - [TEST_STEP][PASSED] - callTestCase(findTestCase("mobileWeb/_include/goToEnd_stm_autofill"), [:], STOP_ON_FAILURE): Call Test Case 'Test Cases/mobileWeb/_include/goToEnd_stm_autofill' successfully&#xD;
&#xD;
2019-09-05 13:12:15 - [TEST_CASE][PASSED] - Test Cases/mobileWeb/_include/goToEnd_stm_autofill: Test Cases/mobileWeb/_include/goToEnd_stm_autofill&#xD;
&#xD;
2019-09-05 13:12:15 - [TEST_STEP][PASSED] - callTestCase(findTestCase("mobileWeb/_include/name"), [:], CONTINUE_ON_FAILURE): Call Test Case 'Test Cases/mobileWeb/_include/name' successfully&#xD;
&#xD;
2019-09-05 13:12:15 - [TEST_CASE][PASSED] - Test Cases/mobileWeb/_include/name: Test Cases/mobileWeb/_include/name&#xD;
&#xD;
2019-09-05 13:12:15 - [TEST_STEP][PASSED] - driver = getWebDriver(): null&#xD;
&#xD;
2019-09-05 13:12:15 - [TEST_STEP][PASSED] - selenium = new com.thoughtworks.selenium.webdriven.WebDriverBackedSelenium(driver, internal.GlobalVariable.ENV): null&#xD;
&#xD;
2019-09-05 13:12:15 - [TEST_STEP][PASSED] - FirstName = "Test-123": null&#xD;
&#xD;
2019-09-05 13:12:15 - [TEST_STEP][PASSED] - LastName = selenium.getEval("{var x="ABCDEFGHIJKLMNOPQRSTUVWXYZabcdefghijklmnopqrstuvwxyz"; var tmp="ZZ11-"; for (i=0;i&lt;8;i++) tmp+=x.charAt(Math.ceil(51*Math.random()));tmp;}"): null&#xD;
&#xD;
2019-09-05 13:12:15 - [TEST_STEP][PASSED] - Address = selenium.getEval("{var x="ABCDEFGHIJKLMNOPQRSTUVWXYZabcdefghijklmnopqrstuvwxyz"; var tmp=""; for (i=0;i&lt;8;i++) tmp+=x.charAt(Math.ceil(51*Math.random()));tmp;}"): null&#xD;
&#xD;
2019-09-05 13:12:15 - [TEST_STEP][PASSED] - City = selenium.getEval("{var x="ABCDEFGHIJKLMNOPQRSTUVWXYZabcdefghijklmnopqrstuvwxyz"; var tmp=""; for (i=0;i&lt;8;i++) tmp+=x.charAt(Math.ceil(51*Math.random()));tmp;}"): null&#xD;
&#xD;
2019-09-05 13:12:15 - [TEST_STEP][PASSED] - tel1 = selenium.getEval("{var x="123456789"; var tmp=""; for (i=0;i&lt;3;i++) tmp+=x.charAt(Math.ceil(8*Math.random()));tmp;}"): null&#xD;
&#xD;
2019-09-05 13:12:15 - [TEST_STEP][PASSED] - tel2 = selenium.getEval("{var x="123456789"; var tmp=""; for (i=0;i&lt;3;i++) tmp+=x.charAt(Math.ceil(8*Math.random()));tmp;}"): null&#xD;
&#xD;
2019-09-05 13:12:15 - [TEST_STEP][PASSED] - tel3 = selenium.getEval("{var x="123456789"; var tmp=""; for (i=0;i&lt;4;i++) tmp+=x.charAt(Math.ceil(8*Math.random()));tmp;}"): null&#xD;
&#xD;
2019-09-05 13:12:15 - [TEST_STEP][PASSED] - Tel = selenium.getExpression(tel1 + "-" + tel2 + "-" + tel3): null&#xD;
&#xD;
2019-09-05 13:12:15 - [TEST_STEP][PASSED] - AutoEmail = selenium.getEval("{var x="ABCDEFGHIJKLMNOPQRSTUVWXYZabcdefghijklmnopqrstuvwxyz"; var tmp="test."; for (i=0;i&lt;8;i++) tmp+=x.charAt(Math.ceil(51*Math.random()));tmp+="@suryani.cn";}"): null&#xD;
&#xD;
2019-09-05 13:12:15 - [TEST_STEP][PASSED] - FirstName = FirstName: null&#xD;
&#xD;
2019-09-05 13:12:15 - [TEST_STEP][PASSED] - LastName = LastName: null&#xD;
&#xD;
2019-09-05 13:12:15 - [TEST_STEP][PASSED] - Address = Address: null&#xD;
&#xD;
2019-09-05 13:12:15 - [TEST_STEP][PASSED] - City = City: null&#xD;
&#xD;
2019-09-05 13:12:15 - [TEST_STEP][PASSED] - Tel = Tel: null&#xD;
&#xD;
2019-09-05 13:12:15 - [TEST_STEP][PASSED] - AutoEmail = AutoEmail: null&#xD;
&#xD;
2019-09-05 13:12:15 - [TEST_STEP][PASSED] - println(FirstName): null&#xD;
&#xD;
2019-09-05 13:12:15 - [TEST_STEP][PASSED] - println(LastName): null&#xD;
&#xD;
2019-09-05 13:12:15 - [TEST_STEP][PASSED] - println(Address): null&#xD;
&#xD;
2019-09-05 13:12:15 - [TEST_STEP][PASSED] - println(City): null&#xD;
&#xD;
2019-09-05 13:12:15 - [TEST_STEP][PASSED] - println(Tel): null&#xD;
&#xD;
2019-09-05 13:12:15 - [TEST_STEP][PASSED] - println(AutoEmail): null&#xD;
&#xD;
2019-09-05 13:12:15 - [MESSAGE][PASSED] - Call Test Case 'Test Cases/mobileWeb/_include/name' successfully&#xD;
&#xD;
2019-09-05 13:12:15 - [TEST_STEP][FAILED] - try: Unable to verify text 'Month Duration Acknowledgement' is present  (Root cause: com.kms.katalon.core.exception.StepFailedException: Unable to verify text 'Month Duration Acknowledgement' is present &#xD;
	at com.kms.katalon.core.webui.keyword.internal.WebUIKeywordMain.stepFailed(WebUIKeywordMain.groovy:64)&#xD;
	at com.kms.katalon.core.webui.keyword.internal.WebUIKeywordMain.runKeyword(WebUIKeywordMain.groovy:26)&#xD;
	at com.kms.katalon.core.webui.keyword.builtin.VerifyTextPresentKeyword.verifyTextPresent(VerifyTextPresentKeyword.groovy:83)&#xD;
	at com.kms.katalon.core.webui.keyword.builtin.VerifyTextPresentKeyword.execute(VerifyTextPresentKeyword.groovy:68)&#xD;
	at com.kms.katalon.core.keyword.internal.KeywordExecutor.executeKeywordForPlatform(KeywordExecutor.groovy:56)&#xD;
	at com.kms.katalon.core.webui.keyword.WebUiBuiltInKeywords.verifyTextPresent(WebUiBuiltInKeywords.groovy:1693)&#xD;
	at com.kms.katalon.core.webui.keyword.WebUiBuiltInKeywords$verifyTextPresent$9.call(Unknown Source)&#xD;
	at goToEnd_stm_autofill.run(goToEnd_stm_autofill:19)&#xD;
	at com.kms.katalon.core.main.ScriptEngine.run(ScriptEngine.java:194)&#xD;
	at com.kms.katalon.core.main.ScriptEngine.runScriptAsRawText(ScriptEngine.java:119)&#xD;
	at com.kms.katalon.core.main.TestCaseExecutor.runScript(TestCaseExecutor.java:337)&#xD;
	at com.kms.katalon.core.main.TestCaseExecutor.doExecute(TestCaseExecutor.java:328)&#xD;
	at com.kms.katalon.core.main.TestCaseExecutor.processExecutionPhase(TestCaseExecutor.java:307)&#xD;
	at com.kms.katalon.core.main.TestCaseExecutor.accessMainPhase(TestCaseExecutor.java:299)&#xD;
	at com.kms.katalon.core.main.TestCaseExecutor.execute(TestCaseExecutor.java:233)&#xD;
	at com.kms.katalon.core.main.TestCaseMain.runTestCase(TestCaseMain.java:114)&#xD;
	at com.kms.katalon.core.keyword.builtin.CallTestCaseKeyword$_callTestCase_closure1.doCall(CallTestCaseKeyword.groovy:59)&#xD;
	at com.kms.katalon.core.keyword.builtin.CallTestCaseKeyword$_callTestCase_closure1.call(CallTestCaseKeyword.groovy)&#xD;
	at com.kms.katalon.core.keyword.internal.KeywordMain.runKeyword(KeywordMain.groovy:68)&#xD;
	at com.kms.katalon.core.keyword.builtin.CallTestCaseKeyword.callTestCase(CallTestCaseKeyword.groovy:81)&#xD;
	at com.kms.katalon.core.keyword.builtin.CallTestCaseKeyword.execute(CallTestCaseKeyword.groovy:44)&#xD;
	at com.kms.katalon.core.keyword.internal.KeywordExecutor.executeKeywordForPlatform(KeywordExecutor.groovy:56)&#xD;
	at com.kms.katalon.core.keyword.BuiltinKeywords.callTestCase(BuiltinKeywords.groovy:334)&#xD;
	at Slaico.run(Slaico:32)&#xD;
	at com.kms.katalon.core.main.ScriptEngine.run(ScriptEngine.java:194)&#xD;
	at com.kms.katalon.core.main.ScriptEngine.runScriptAsRawText(ScriptEngine.java:119)&#xD;
	at com.kms.katalon.core.main.TestCaseExecutor.runScript(TestCaseExecutor.java:337)&#xD;
	at com.kms.katalon.core.main.TestCaseExecutor.doExecute(TestCaseExecutor.java:328)&#xD;
	at com.kms.katalon.core.main.TestCaseExecutor.processExecutionPhase(TestCaseExecutor.java:307)&#xD;
	at com.kms.katalon.core.main.TestCaseExecutor.accessMainPhase(TestCaseExecutor.java:299)&#xD;
	at com.kms.katalon.core.main.TestCaseExecutor.execute(TestCaseExecutor.java:233)&#xD;
	at com.kms.katalon.core.main.TestSuiteExecutor.accessTestCaseMainPhase(TestSuiteExecutor.java:133)&#xD;
	at com.kms.katalon.core.main.TestSuiteExecutor.accessTestSuiteMainPhase(TestSuiteExecutor.java:116)&#xD;
	at com.kms.katalon.core.main.TestSuiteExecutor.execute(TestSuiteExecutor.java:83)&#xD;
	at com.kms.katalon.core.main.TestCaseMain.startTestSuite(TestCaseMain.java:157)&#xD;
	at com.kms.katalon.core.main.TestCaseMain$startTestSuite$0.call(Unknown Source)&#xD;
	at TempTestSuite1567660261320.run(TempTestSuite1567660261320.groovy:35)&#xD;
Caused by: com.kms.katalon.core.exception.StepFailedException: Text 'Month Duration Acknowledgement' is not present on page &#xD;
	at com.kms.katalon.core.webui.keyword.internal.WebUIKeywordMain.stepFailed(WebUIKeywordMain.groovy:64)&#xD;
	at com.kms.katalon.core.webui.keyword.builtin.VerifyTextPresentKeyword$_verifyTextPresent_closure1.doCall(VerifyTextPresentKeyword.groovy:79)&#xD;
	at com.kms.katalon.core.webui.keyword.builtin.VerifyTextPresentKeyword$_verifyTextPresent_closure1.call(VerifyTextPresentKeyword.groovy)&#xD;
	at com.kms.katalon.core.webui.keyword.internal.WebUIKeywordMain.runKeyword(WebUIKeywordMain.groovy:20)&#xD;
	... 35 more&#xD;
)&#xD;
&#xD;
2019-09-05 13:12:15 - [TEST_STEP][FAILED] - if (verifyTextPresent("Month Duration Acknowledgement", false)): Unable to verify text 'Month Duration Acknowledgement' is present  (Root cause: com.kms.katalon.core.exception.StepFailedException: Unable to verify text 'Month Duration Acknowledgement' is present &#xD;
	at com.kms.katalon.core.webui.keyword.internal.WebUIKeywordMain.stepFailed(WebUIKeywordMain.groovy:64)&#xD;
	at com.kms.katalon.core.webui.keyword.internal.WebUIKeywordMain.runKeyword(WebUIKeywordMain.groovy:26)&#xD;
	at com.kms.katalon.core.webui.keyword.builtin.VerifyTextPresentKeyword.verifyTextPresent(VerifyTextPresentKeyword.groovy:83)&#xD;
	at com.kms.katalon.core.webui.keyword.builtin.VerifyTextPresentKeyword.execute(VerifyTextPresentKeyword.groovy:68)&#xD;
	at com.kms.katalon.core.keyword.internal.KeywordExecutor.executeKeywordForPlatform(KeywordExecutor.groovy:56)&#xD;
	at com.kms.katalon.core.webui.keyword.WebUiBuiltInKeywords.verifyTextPresent(WebUiBuiltInKeywords.groovy:1693)&#xD;
	at com.kms.katalon.core.webui.keyword.WebUiBuiltInKeywords$verifyTextPresent$9.call(Unknown Source)&#xD;
	at goToEnd_stm_autofill.run(goToEnd_stm_autofill:19)&#xD;
	at com.kms.katalon.core.main.ScriptEngine.run(ScriptEngine.java:194)&#xD;
	at com.kms.katalon.core.main.ScriptEngine.runScriptAsRawText(ScriptEngine.java:119)&#xD;
	at com.kms.katalon.core.main.TestCaseExecutor.runScript(TestCaseExecutor.java:337)&#xD;
	at com.kms.katalon.core.main.TestCaseExecutor.doExecute(TestCaseExecutor.java:328)&#xD;
	at com.kms.katalon.core.main.TestCaseExecutor.processExecutionPhase(TestCaseExecutor.java:307)&#xD;
	at com.kms.katalon.core.main.TestCaseExecutor.accessMainPhase(TestCaseExecutor.java:299)&#xD;
	at com.kms.katalon.core.main.TestCaseExecutor.execute(TestCaseExecutor.java:233)&#xD;
	at com.kms.katalon.core.main.TestCaseMain.runTestCase(TestCaseMain.java:114)&#xD;
	at com.kms.katalon.core.keyword.builtin.CallTestCaseKeyword$_callTestCase_closure1.doCall(CallTestCaseKeyword.groovy:59)&#xD;
	at com.kms.katalon.core.keyword.builtin.CallTestCaseKeyword$_callTestCase_closure1.call(CallTestCaseKeyword.groovy)&#xD;
	at com.kms.katalon.core.keyword.internal.KeywordMain.runKeyword(KeywordMain.groovy:68)&#xD;
	at com.kms.katalon.core.keyword.builtin.CallTestCaseKeyword.callTestCase(CallTestCaseKeyword.groovy:81)&#xD;
	at com.kms.katalon.core.keyword.builtin.CallTestCaseKeyword.execute(CallTestCaseKeyword.groovy:44)&#xD;
	at com.kms.katalon.core.keyword.internal.KeywordExecutor.executeKeywordForPlatform(KeywordExecutor.groovy:56)&#xD;
	at com.kms.katalon.core.keyword.BuiltinKeywords.callTestCase(BuiltinKeywords.groovy:334)&#xD;
	at Slaico.run(Slaico:32)&#xD;
	at com.kms.katalon.core.main.ScriptEngine.run(ScriptEngine.java:194)&#xD;
	at com.kms.katalon.core.main.ScriptEngine.runScriptAsRawText(ScriptEngine.java:119)&#xD;
	at com.kms.katalon.core.main.TestCaseExecutor.runScript(TestCaseExecutor.java:337)&#xD;
	at com.kms.katalon.core.main.TestCaseExecutor.doExecute(TestCaseExecutor.java:328)&#xD;
	at com.kms.katalon.core.main.TestCaseExecutor.processExecutionPhase(TestCaseExecutor.java:307)&#xD;
	at com.kms.katalon.core.main.TestCaseExecutor.accessMainPhase(TestCaseExecutor.java:299)&#xD;
	at com.kms.katalon.core.main.TestCaseExecutor.execute(TestCaseExecutor.java:233)&#xD;
	at com.kms.katalon.core.main.TestSuiteExecutor.accessTestCaseMainPhase(TestSuiteExecutor.java:133)&#xD;
	at com.kms.katalon.core.main.TestSuiteExecutor.accessTestSuiteMainPhase(TestSuiteExecutor.java:116)&#xD;
	at com.kms.katalon.core.main.TestSuiteExecutor.execute(TestSuiteExecutor.java:83)&#xD;
	at com.kms.katalon.core.main.TestCaseMain.startTestSuite(TestCaseMain.java:157)&#xD;
	at com.kms.katalon.core.main.TestCaseMain$startTestSuite$0.call(Unknown Source)&#xD;
	at TempTestSuite1567660261320.run(TempTestSuite1567660261320.groovy:35)&#xD;
Caused by: com.kms.katalon.core.exception.StepFailedException: Text 'Month Duration Acknowledgement' is not present on page &#xD;
	at com.kms.katalon.core.webui.keyword.internal.WebUIKeywordMain.stepFailed(WebUIKeywordMain.groovy:64)&#xD;
	at com.kms.katalon.core.webui.keyword.builtin.VerifyTextPresentKeyword$_verifyTextPresent_closure1.doCall(VerifyTextPresentKeyword.groovy:79)&#xD;
	at com.kms.katalon.core.webui.keyword.builtin.VerifyTextPresentKeyword$_verifyTextPresent_closure1.call(VerifyTextPresentKeyword.groovy)&#xD;
	at com.kms.katalon.core.webui.keyword.internal.WebUIKeywordMain.runKeyword(WebUIKeywordMain.groovy:20)&#xD;
	... 35 more&#xD;
)&#xD;
&#xD;
2019-09-05 13:12:16 - [MESSAGE][FAILED] - Text 'Month Duration Acknowledgement' is not present on page  (Root cause: com.kms.katalon.core.exception.StepFailedException: Text 'Month Duration Acknowledgement' is not present on page &#xD;
	at com.kms.katalon.core.webui.keyword.internal.WebUIKeywordMain.stepFailed(WebUIKeywordMain.groovy:64)&#xD;
	at com.kms.katalon.core.webui.keyword.builtin.VerifyTextPresentKeyword$_verifyTextPresent_closure1.doCall(VerifyTextPresentKeyword.groovy:79)&#xD;
	at com.kms.katalon.core.webui.keyword.builtin.VerifyTextPresentKeyword$_verifyTextPresent_closure1.call(VerifyTextPresentKeyword.groovy)&#xD;
	at com.kms.katalon.core.webui.keyword.internal.WebUIKeywordMain.runKeyword(WebUIKeywordMain.groovy:20)&#xD;
	at com.kms.katalon.core.webui.keyword.builtin.VerifyTextPresentKeyword.verifyTextPresent(VerifyTextPresentKeyword.groovy:83)&#xD;
	at com.kms.katalon.core.webui.keyword.builtin.VerifyTextPresentKeyword.execute(VerifyTextPresentKeyword.groovy:68)&#xD;
	at com.kms.katalon.core.keyword.internal.KeywordExecutor.executeKeywordForPlatform(KeywordExecutor.groovy:56)&#xD;
	at com.kms.katalon.core.webui.keyword.WebUiBuiltInKeywords.verifyTextPresent(WebUiBuiltInKeywords.groovy:1693)&#xD;
	at com.kms.katalon.core.webui.keyword.WebUiBuiltInKeywords$verifyTextPresent$9.call(Unknown Source)&#xD;
	at goToEnd_stm_autofill.run(goToEnd_stm_autofill:19)&#xD;
	at com.kms.katalon.core.main.ScriptEngine.run(ScriptEngine.java:194)&#xD;
	at com.kms.katalon.core.main.ScriptEngine.runScriptAsRawText(ScriptEngine.java:119)&#xD;
	at com.kms.katalon.core.main.TestCaseExecutor.runScript(TestCaseExecutor.java:337)&#xD;
	at com.kms.katalon.core.main.TestCaseExecutor.doExecute(TestCaseExecutor.java:328)&#xD;
	at com.kms.katalon.core.main.TestCaseExecutor.processExecutionPhase(TestCaseExecutor.java:307)&#xD;
	at com.kms.katalon.core.main.TestCaseExecutor.accessMainPhase(TestCaseExecutor.java:299)&#xD;
	at com.kms.katalon.core.main.TestCaseExecutor.execute(TestCaseExecutor.java:233)&#xD;
	at com.kms.katalon.core.main.TestCaseMain.runTestCase(TestCaseMain.java:114)&#xD;
	at com.kms.katalon.core.keyword.builtin.CallTestCaseKeyword$_callTestCase_closure1.doCall(CallTestCaseKeyword.groovy:59)&#xD;
	at com.kms.katalon.core.keyword.builtin.CallTestCaseKeyword$_callTestCase_closure1.call(CallTestCaseKeyword.groovy)&#xD;
	at com.kms.katalon.core.keyword.internal.KeywordMain.runKeyword(KeywordMain.groovy:68)&#xD;
	at com.kms.katalon.core.keyword.builtin.CallTestCaseKeyword.callTestCase(CallTestCaseKeyword.groovy:81)&#xD;
	at com.kms.katalon.core.keyword.builtin.CallTestCaseKeyword.execute(CallTestCaseKeyword.groovy:44)&#xD;
	at com.kms.katalon.core.keyword.internal.KeywordExecutor.executeKeywordForPlatform(KeywordExecutor.groovy:56)&#xD;
	at com.kms.katalon.core.keyword.BuiltinKeywords.callTestCase(BuiltinKeywords.groovy:334)&#xD;
	at Slaico.run(Slaico:32)&#xD;
	at com.kms.katalon.core.main.ScriptEngine.run(ScriptEngine.java:194)&#xD;
	at com.kms.katalon.core.main.ScriptEngine.runScriptAsRawText(ScriptEngine.java:119)&#xD;
	at com.kms.katalon.core.main.TestCaseExecutor.runScript(TestCaseExecutor.java:337)&#xD;
	at com.kms.katalon.core.main.TestCaseExecutor.doExecute(TestCaseExecutor.java:328)&#xD;
	at com.kms.katalon.core.main.TestCaseExecutor.processExecutionPhase(TestCaseExecutor.java:307)&#xD;
	at com.kms.katalon.core.main.TestCaseExecutor.accessMainPhase(TestCaseExecutor.java:299)&#xD;
	at com.kms.katalon.core.main.TestCaseExecutor.execute(TestCaseExecutor.java:233)&#xD;
	at com.kms.katalon.core.main.TestSuiteExecutor.accessTestCaseMainPhase(TestSuiteExecutor.java:133)&#xD;
	at com.kms.katalon.core.main.TestSuiteExecutor.accessTestSuiteMainPhase(TestSuiteExecutor.java:116)&#xD;
	at com.kms.katalon.core.main.TestSuiteExecutor.execute(TestSuiteExecutor.java:83)&#xD;
	at com.kms.katalon.core.main.TestCaseMain.startTestSuite(TestCaseMain.java:157)&#xD;
	at com.kms.katalon.core.main.TestCaseMain$startTestSuite$0.call(Unknown Source)&#xD;
	at TempTestSuite1567660261320.run(TempTestSuite1567660261320.groovy:35)&#xD;
)&#xD;
&#xD;
2019-09-05 13:12:17 - [MESSAGE][FAILED] - Unable to verify text 'Month Duration Acknowledgement' is present  (Root cause: com.kms.katalon.core.exception.StepFailedException: Unable to verify text 'Month Duration Acknowledgement' is present &#xD;
	at com.kms.katalon.core.webui.keyword.internal.WebUIKeywordMain.stepFailed(WebUIKeywordMain.groovy:64)&#xD;
	at com.kms.katalon.core.webui.keyword.internal.WebUIKeywordMain.runKeyword(WebUIKeywordMain.groovy:26)&#xD;
	at com.kms.katalon.core.webui.keyword.builtin.VerifyTextPresentKeyword.verifyTextPresent(VerifyTextPresentKeyword.groovy:83)&#xD;
	at com.kms.katalon.core.webui.keyword.builtin.VerifyTextPresentKeyword.execute(VerifyTextPresentKeyword.groovy:68)&#xD;
	at com.kms.katalon.core.keyword.internal.KeywordExecutor.executeKeywordForPlatform(KeywordExecutor.groovy:56)&#xD;
	at com.kms.katalon.core.webui.keyword.WebUiBuiltInKeywords.verifyTextPresent(WebUiBuiltInKeywords.groovy:1693)&#xD;
	at com.kms.katalon.core.webui.keyword.WebUiBuiltInKeywords$verifyTextPresent$9.call(Unknown Source)&#xD;
	at goToEnd_stm_autofill.run(goToEnd_stm_autofill:19)&#xD;
	at com.kms.katalon.core.main.ScriptEngine.run(ScriptEngine.java:194)&#xD;
	at com.kms.katalon.core.main.ScriptEngine.runScriptAsRawText(ScriptEngine.java:119)&#xD;
	at com.kms.katalon.core.main.TestCaseExecutor.runScript(TestCaseExecutor.java:337)&#xD;
	at com.kms.katalon.core.main.TestCaseExecutor.doExecute(TestCaseExecutor.java:328)&#xD;
	at com.kms.katalon.core.main.TestCaseExecutor.processExecutionPhase(TestCaseExecutor.java:307)&#xD;
	at com.kms.katalon.core.main.TestCaseExecutor.accessMainPhase(TestCaseExecutor.java:299)&#xD;
	at com.kms.katalon.core.main.TestCaseExecutor.execute(TestCaseExecutor.java:233)&#xD;
	at com.kms.katalon.core.main.TestCaseMain.runTestCase(TestCaseMain.java:114)&#xD;
	at com.kms.katalon.core.keyword.builtin.CallTestCaseKeyword$_callTestCase_closure1.doCall(CallTestCaseKeyword.groovy:59)&#xD;
	at com.kms.katalon.core.keyword.builtin.CallTestCaseKeyword$_callTestCase_closure1.call(CallTestCaseKeyword.groovy)&#xD;
	at com.kms.katalon.core.keyword.internal.KeywordMain.runKeyword(KeywordMain.groovy:68)&#xD;
	at com.kms.katalon.core.keyword.builtin.CallTestCaseKeyword.callTestCase(CallTestCaseKeyword.groovy:81)&#xD;
	at com.kms.katalon.core.keyword.builtin.CallTestCaseKeyword.execute(CallTestCaseKeyword.groovy:44)&#xD;
	at com.kms.katalon.core.keyword.internal.KeywordExecutor.executeKeywordForPlatform(KeywordExecutor.groovy:56)&#xD;
	at com.kms.katalon.core.keyword.BuiltinKeywords.callTestCase(BuiltinKeywords.groovy:334)&#xD;
	at Slaico.run(Slaico:32)&#xD;
	at com.kms.katalon.core.main.ScriptEngine.run(ScriptEngine.java:194)&#xD;
	at com.kms.katalon.core.main.ScriptEngine.runScriptAsRawText(ScriptEngine.java:119)&#xD;
	at com.kms.katalon.core.main.TestCaseExecutor.runScript(TestCaseExecutor.java:337)&#xD;
	at com.kms.katalon.core.main.TestCaseExecutor.doExecute(TestCaseExecutor.java:328)&#xD;
	at com.kms.katalon.core.main.TestCaseExecutor.processExecutionPhase(TestCaseExecutor.java:307)&#xD;
	at com.kms.katalon.core.main.TestCaseExecutor.accessMainPhase(TestCaseExecutor.java:299)&#xD;
	at com.kms.katalon.core.main.TestCaseExecutor.execute(TestCaseExecutor.java:233)&#xD;
	at com.kms.katalon.core.main.TestSuiteExecutor.accessTestCaseMainPhase(TestSuiteExecutor.java:133)&#xD;
	at com.kms.katalon.core.main.TestSuiteExecutor.accessTestSuiteMainPhase(TestSuiteExecutor.java:116)&#xD;
	at com.kms.katalon.core.main.TestSuiteExecutor.execute(TestSuiteExecutor.java:83)&#xD;
	at com.kms.katalon.core.main.TestCaseMain.startTestSuite(TestCaseMain.java:157)&#xD;
	at com.kms.katalon.core.main.TestCaseMain$startTestSuite$0.call(Unknown Source)&#xD;
	at TempTestSuite1567660261320.run(TempTestSuite1567660261320.groovy:35)&#xD;
Caused by: com.kms.katalon.core.exception.StepFailedException: Text 'Month Duration Acknowledgement' is not present on page &#xD;
	at com.kms.katalon.core.webui.keyword.internal.WebUIKeywordMain.stepFailed(WebUIKeywordMain.groovy:64)&#xD;
	at com.kms.katalon.core.webui.keyword.builtin.VerifyTextPresentKeyword$_verifyTextPresent_closure1.doCall(VerifyTextPresentKeyword.groovy:79)&#xD;
	at com.kms.katalon.core.webui.keyword.builtin.VerifyTextPresentKeyword$_verifyTextPresent_closure1.call(VerifyTextPresentKeyword.groovy)&#xD;
	at com.kms.katalon.core.webui.keyword.internal.WebUIKeywordMain.runKeyword(WebUIKeywordMain.groovy:20)&#xD;
	... 35 more&#xD;
)&#xD;
[[ATTACHMENT|D:\\Test\\AgileTest\\AgileTest\\Reports\\mobileWeb\\stm\\20190905_131101\\1567660336735.png]]&#xD;
&#xD;
2019-09-05 13:12:17 - [TEST_STEP][PASSED] - catch (Exception e): null&#xD;
&#xD;
2019-09-05 13:12:17 - [TEST_STEP][PASSED] - println("no consecutive"): null&#xD;
&#xD;
2019-09-05 13:12:17 - [TEST_STEP][PASSED] - waitForPageLoad(10): Wait for page load successfully&#xD;
&#xD;
2019-09-05 13:12:17 - [MESSAGE][PASSED] - Wait for page load successfully&#xD;
&#xD;
2019-09-05 13:12:17 - [TEST_STEP][PASSED] - Thread.sleep(3000): null&#xD;
&#xD;
2019-09-05 13:12:20 - [TEST_STEP][PASSED] - waitForElementVisible(findTestObject("mobileSanity/STM/Page_App Page 1/a_Autofill App Info"), 20): Object 'Object Repository/mobileSanity/STM/Page_App Page 1/a_Autofill App Info' is visible&#xD;
&#xD;
2019-09-05 13:12:20 - [MESSAGE][PASSED] - Object 'Object Repository/mobileSanity/STM/Page_App Page 1/a_Autofill App Info' is visible&#xD;
&#xD;
2019-09-05 13:12:20 - [TEST_STEP][PASSED] - click(findTestObject("mobileSanity/STM/Page_App Page 1/a_Autofill App Info")): Object: 'Object Repository/mobileSanity/STM/Page_App Page 1/a_Autofill App Info' is clicked on&#xD;
&#xD;
2019-09-05 13:12:20 - [MESSAGE][PASSED] - Object: 'Object Repository/mobileSanity/STM/Page_App Page 1/a_Autofill App Info' is clicked on&#xD;
&#xD;
2019-09-05 13:12:20 - [TEST_STEP][PASSED] - Thread.sleep(1000): null&#xD;
&#xD;
2019-09-05 13:12:21 - [TEST_STEP][PASSED] - click(findTestObject("mobileSanity/STM/Page_App Page 1/a_Autofill App Info")): Object: 'Object Repository/mobileSanity/STM/Page_App Page 1/a_Autofill App Info' is clicked on&#xD;
&#xD;
2019-09-05 13:12:22 - [MESSAGE][PASSED] - Object: 'Object Repository/mobileSanity/STM/Page_App Page 1/a_Autofill App Info' is clicked on&#xD;
&#xD;
2019-09-05 13:12:22 - [TEST_STEP][PASSED] - Thread.sleep(1000): null&#xD;
&#xD;
2019-09-05 13:12:23 - [TEST_STEP][PASSED] - waitForElementVisible(findTestObject("mobileSanity/STM/Page_App Page 1/a_Continue"), 20): Object 'Object Repository/mobileSanity/STM/Page_App Page 1/a_Continue' is visible&#xD;
&#xD;
2019-09-05 13:12:23 - [MESSAGE][PASSED] - Object 'Object Repository/mobileSanity/STM/Page_App Page 1/a_Continue' is visible&#xD;
&#xD;
2019-09-05 13:12:23 - [TEST_STEP][PASSED] - click(findTestObject("mobileSanity/STM/Page_App Page 1/a_Continue")): Object: 'Object Repository/mobileSanity/STM/Page_App Page 1/a_Continue' is clicked on&#xD;
&#xD;
2019-09-05 13:12:23 - [MESSAGE][PASSED] - Object: 'Object Repository/mobileSanity/STM/Page_App Page 1/a_Continue' is clicked on&#xD;
&#xD;
2019-09-05 13:12:23 - [TEST_STEP][PASSED] - waitForPageLoad(20): Wait for page load successfully&#xD;
&#xD;
2019-09-05 13:12:23 - [MESSAGE][PASSED] - Wait for page load successfully&#xD;
&#xD;
2019-09-05 13:12:23 - [TEST_STEP][PASSED] - Thread.sleep(2000): null&#xD;
&#xD;
2019-09-05 13:12:25 - [TEST_STEP][PASSED] - callTestCase(findTestCase("mobileWeb/_include/get_screenshot"), [:], STOP_ON_FAILURE): Call Test Case 'Test Cases/mobileWeb/_include/get_screenshot' successfully&#xD;
&#xD;
2019-09-05 13:12:25 - [TEST_CASE][PASSED] - Test Cases/mobileWeb/_include/get_screenshot: Test Cases/mobileWeb/_include/get_screenshot&#xD;
&#xD;
2019-09-05 13:12:25 - [TEST_STEP][PASSED] - takeScreenshot(screenPath + i + ".png"): Taking screenshot successfully&#xD;
&#xD;
2019-09-05 13:12:26 - [MESSAGE][PASSED] - Taking screenshot successfully&#xD;
[[ATTACHMENT|D:\\Test\\AgileTest\\AgileTest\\Reports\\mobileWeb\\stm\\20190905_131101\\../Screenshots/iPhone X/stm/Salico/20190905_131106/7.png]]&#xD;
&#xD;
2019-09-05 13:12:26 - [TEST_STEP][PASSED] - (internal.GlobalVariable.i++): null&#xD;
&#xD;
2019-09-05 13:12:26 - [MESSAGE][PASSED] - Call Test Case 'Test Cases/mobileWeb/_include/get_screenshot' successfully&#xD;
&#xD;
2019-09-05 13:12:26 - [TEST_STEP][PASSED] - click(findTestObject("mobileSanity/STM/Page_App Page 2/a_Continue to Step 3 - Payment")): Object: 'Object Repository/mobileSanity/STM/Page_App Page 2/a_Continue to Step 3 - Payment' is clicked on&#xD;
&#xD;
2019-09-05 13:12:26 - [MESSAGE][PASSED] - Object: 'Object Repository/mobileSanity/STM/Page_App Page 2/a_Continue to Step 3 - Payment' is clicked on&#xD;
&#xD;
2019-09-05 13:12:26 - [TEST_STEP][PASSED] - waitForPageLoad(20): Wait for page load successfully&#xD;
&#xD;
2019-09-05 13:12:26 - [MESSAGE][PASSED] - Wait for page load successfully&#xD;
&#xD;
2019-09-05 13:12:26 - [TEST_STEP][PASSED] - waitForElementVisible(findTestObject("mobileSanity/STM/Page_App Page 3/input__credit-card-cvv"), 20): Object 'Object Repository/mobileSanity/STM/Page_App Page 3/input__credit-card-cvv' is visible&#xD;
&#xD;
2019-09-05 13:12:27 - [MESSAGE][PASSED] - Object 'Object Repository/mobileSanity/STM/Page_App Page 3/input__credit-card-cvv' is visible&#xD;
&#xD;
2019-09-05 13:12:27 - [TEST_STEP][PASSED] - Thread.sleep(2000): null&#xD;
&#xD;
2019-09-05 13:12:29 - [TEST_STEP][PASSED] - callTestCase(findTestCase("mobileWeb/_include/get_screenshot"), [:], STOP_ON_FAILURE): Call Test Case 'Test Cases/mobileWeb/_include/get_screenshot' successfully&#xD;
&#xD;
2019-09-05 13:12:29 - [TEST_CASE][PASSED] - Test Cases/mobileWeb/_include/get_screenshot: Test Cases/mobileWeb/_include/get_screenshot&#xD;
&#xD;
2019-09-05 13:12:29 - [TEST_STEP][PASSED] - takeScreenshot(screenPath + i + ".png"): Taking screenshot successfully&#xD;
&#xD;
2019-09-05 13:12:30 - [MESSAGE][PASSED] - Taking screenshot successfully&#xD;
[[ATTACHMENT|D:\\Test\\AgileTest\\AgileTest\\Reports\\mobileWeb\\stm\\20190905_131101\\../Screenshots/iPhone X/stm/Salico/20190905_131106/8.png]]&#xD;
&#xD;
2019-09-05 13:12:30 - [TEST_STEP][PASSED] - (internal.GlobalVariable.i++): null&#xD;
&#xD;
2019-09-05 13:12:30 - [MESSAGE][PASSED] - Call Test Case 'Test Cases/mobileWeb/_include/get_screenshot' successfully&#xD;
&#xD;
2019-09-05 13:12:30 - [TEST_STEP][PASSED] - clearText(findTestObject("mobileSanity/STM/Page_App Page 3/input__credit-card-cvv")): Text of object 'Object Repository/mobileSanity/STM/Page_App Page 3/input__credit-card-cvv' is cleared&#xD;
&#xD;
2019-09-05 13:12:30 - [MESSAGE][PASSED] - Text of object 'Object Repository/mobileSanity/STM/Page_App Page 3/input__credit-card-cvv' is cleared&#xD;
&#xD;
2019-09-05 13:12:30 - [TEST_STEP][PASSED] - setText(findTestObject("mobileSanity/STM/Page_App Page 3/input__credit-card-cvv"), "123"): Text '123' is set on object 'Object Repository/mobileSanity/STM/Page_App Page 3/input__credit-card-cvv'&#xD;
&#xD;
2019-09-05 13:12:30 - [MESSAGE][PASSED] - Text '123' is set on object 'Object Repository/mobileSanity/STM/Page_App Page 3/input__credit-card-cvv'&#xD;
&#xD;
2019-09-05 13:12:30 - [TEST_STEP][PASSED] - click(findTestObject("mobileSanity/STM/Page_App Page 3/label_I Accept Authorization f")): Object: 'Object Repository/mobileSanity/STM/Page_App Page 3/label_I Accept Authorization f' is clicked on&#xD;
&#xD;
2019-09-05 13:12:30 - [MESSAGE][PASSED] - Object: 'Object Repository/mobileSanity/STM/Page_App Page 3/label_I Accept Authorization f' is clicked on&#xD;
&#xD;
2019-09-05 13:12:30 - [TEST_STEP][PASSED] - click(findTestObject("mobileSanity/STM/Page_App Page 3/a_Continue to Step 4 - Review")): Object: 'Object Repository/mobileSanity/STM/Page_App Page 3/a_Continue to Step 4 - Review' is clicked on&#xD;
&#xD;
2019-09-05 13:12:30 - [MESSAGE][PASSED] - Object: 'Object Repository/mobileSanity/STM/Page_App Page 3/a_Continue to Step 4 - Review' is clicked on&#xD;
&#xD;
2019-09-05 13:12:30 - [TEST_STEP][PASSED] - waitForPageLoad(10): Wait for page load successfully&#xD;
&#xD;
2019-09-05 13:12:30 - [MESSAGE][PASSED] - Wait for page load successfully&#xD;
&#xD;
2019-09-05 13:12:30 - [TEST_STEP][PASSED] - waitForElementClickable(findTestObject("mobileSanity/STM/Page_App Page 4/label"), 10): Object 'Object Repository/mobileSanity/STM/Page_App Page 4/label' is clickable&#xD;
&#xD;
2019-09-05 13:12:33 - [MESSAGE][PASSED] - Object 'Object Repository/mobileSanity/STM/Page_App Page 4/label' is clickable&#xD;
&#xD;
2019-09-05 13:12:33 - [TEST_STEP][PASSED] - Thread.sleep(2000): null&#xD;
&#xD;
2019-09-05 13:12:35 - [TEST_STEP][PASSED] - callTestCase(findTestCase("mobileWeb/_include/get_screenshot"), [:], STOP_ON_FAILURE): Call Test Case 'Test Cases/mobileWeb/_include/get_screenshot' successfully&#xD;
&#xD;
2019-09-05 13:12:35 - [TEST_CASE][PASSED] - Test Cases/mobileWeb/_include/get_screenshot: Test Cases/mobileWeb/_include/get_screenshot&#xD;
&#xD;
2019-09-05 13:12:35 - [TEST_STEP][PASSED] - takeScreenshot(screenPath + i + ".png"): Taking screenshot successfully&#xD;
&#xD;
2019-09-05 13:12:35 - [MESSAGE][PASSED] - Taking screenshot successfully&#xD;
[[ATTACHMENT|D:\\Test\\AgileTest\\AgileTest\\Reports\\mobileWeb\\stm\\20190905_131101\\../Screenshots/iPhone X/stm/Salico/20190905_131106/9.png]]&#xD;
&#xD;
2019-09-05 13:12:35 - [TEST_STEP][PASSED] - (internal.GlobalVariable.i++): null&#xD;
&#xD;
2019-09-05 13:12:35 - [MESSAGE][PASSED] - Call Test Case 'Test Cases/mobileWeb/_include/get_screenshot' successfully&#xD;
&#xD;
2019-09-05 13:12:36 - [TEST_STEP][PASSED] - click(findTestObject("mobileSanity/STM/Page_App Page 4/label")): Object: 'Object Repository/mobileSanity/STM/Page_App Page 4/label' is clicked on&#xD;
&#xD;
2019-09-05 13:12:36 - [MESSAGE][PASSED] - Object: 'Object Repository/mobileSanity/STM/Page_App Page 4/label' is clicked on&#xD;
&#xD;
2019-09-05 13:12:36 - [TEST_STEP][PASSED] - click(findTestObject("mobileSanity/STM/Page_App Page 4/div_CLICK TO SIGN")): Object: 'Object Repository/mobileSanity/STM/Page_App Page 4/div_CLICK TO SIGN' is clicked on&#xD;
&#xD;
2019-09-05 13:12:36 - [MESSAGE][PASSED] - Object: 'Object Repository/mobileSanity/STM/Page_App Page 4/div_CLICK TO SIGN' is clicked on&#xD;
&#xD;
2019-09-05 13:12:36 - [TEST_STEP][PASSED] - click(findTestObject("mobileSanity/STM/Page_App Page 4/a_Submit Your Application")): Object: 'Object Repository/mobileSanity/STM/Page_App Page 4/a_Submit Your Application' is clicked on&#xD;
&#xD;
2019-09-05 13:12:36 - [MESSAGE][PASSED] - Object: 'Object Repository/mobileSanity/STM/Page_App Page 4/a_Submit Your Application' is clicked on&#xD;
&#xD;
2019-09-05 13:12:36 - [TEST_STEP][PASSED] - Thread.sleep(30000): null&#xD;
&#xD;
2019-09-05 13:13:06 - [TEST_STEP][PASSED] - callTestCase(findTestCase("mobileWeb/_include/get_screenshot"), [:], STOP_ON_FAILURE): Call Test Case 'Test Cases/mobileWeb/_include/get_screenshot' successfully&#xD;
&#xD;
2019-09-05 13:13:06 - [TEST_CASE][PASSED] - Test Cases/mobileWeb/_include/get_screenshot: Test Cases/mobileWeb/_include/get_screenshot&#xD;
&#xD;
2019-09-05 13:13:06 - [TEST_STEP][PASSED] - takeScreenshot(screenPath + i + ".png"): Taking screenshot successfully&#xD;
&#xD;
2019-09-05 13:13:07 - [MESSAGE][PASSED] - Taking screenshot successfully&#xD;
[[ATTACHMENT|D:\\Test\\AgileTest\\AgileTest\\Reports\\mobileWeb\\stm\\20190905_131101\\../Screenshots/iPhone X/stm/Salico/20190905_131106/10.png]]&#xD;
&#xD;
2019-09-05 13:13:07 - [TEST_STEP][PASSED] - (internal.GlobalVariable.i++): null&#xD;
&#xD;
2019-09-05 13:13:07 - [MESSAGE][PASSED] - Call Test Case 'Test Cases/mobileWeb/_include/get_screenshot' successfully&#xD;
&#xD;
2019-09-05 13:13:07 - [TEST_STEP][PASSED] - waitForElementPresent(findTestObject("mobileSanity/STM/Page_App Page 6/span_planName"), 30): Object 'Object Repository/mobileSanity/STM/Page_App Page 6/span_planName' is present&#xD;
&#xD;
2019-09-05 13:13:07 - [MESSAGE][PASSED] - Object 'Object Repository/mobileSanity/STM/Page_App Page 6/span_planName' is present&#xD;
&#xD;
2019-09-05 13:13:07 - [TEST_STEP][PASSED] - verifyElementPresent(findTestObject("mobileSanity/STM/Page_App Page 6/span_planName"), 20): Object 'Object Repository/mobileSanity/STM/Page_App Page 6/span_planName' is present&#xD;
&#xD;
2019-09-05 13:13:07 - [MESSAGE][PASSED] - Object 'Object Repository/mobileSanity/STM/Page_App Page 6/span_planName' is present&#xD;
&#xD;
2019-09-05 13:13:07 - [TEST_STEP][PASSED] - verifyElementPresent(findTestObject("mobileSanity/STM/Page_App Page 6/span_approved"), 20): Object 'Object Repository/mobileSanity/STM/Page_App Page 6/span_approved' is present&#xD;
&#xD;
2019-09-05 13:13:07 - [MESSAGE][PASSED] - Object 'Object Repository/mobileSanity/STM/Page_App Page 6/span_approved' is present&#xD;
&#xD;
2019-09-05 13:13:07 - [MESSAGE][PASSED] - Call Test Case 'Test Cases/mobileWeb/_include/goToEnd_stm_autofill' successfully</system-out>
            <system-err></system-err>
        </testcase>
        <testcase name="Test Cases/mobileWeb/stm/AdvantHealth" classname="Test Cases/mobileWeb/stm/AdvantHealth" status="PASSED">
            <system-out>2019-09-05 13:13:07 - [TEST_CASE][PASSED] - Test Cases/mobileWeb/stm/AdvantHealth: Test Cases/mobileWeb/stm/AdvantHealth&#xD;
&#xD;
2019-09-05 13:13:07 - [TEST_STEP][PASSED] - callTestCase(findTestCase("mobileWeb/_include/get_screenPath"), ["productLine":"stm", "carrierName":"AdvantHealth"], CONTINUE_ON_FAILURE): Call Test Case 'Test Cases/mobileWeb/_include/get_screenPath' successfully&#xD;
&#xD;
2019-09-05 13:13:07 - [TEST_CASE][PASSED] - Test Cases/mobileWeb/_include/get_screenPath: Test Cases/mobileWeb/_include/get_screenPath&#xD;
&#xD;
2019-09-05 13:13:07 - [TEST_STEP][PASSED] - m = getExecutionProperties(): null&#xD;
&#xD;
2019-09-05 13:13:07 - [TEST_STEP][PASSED] - deviceName = get("mobileEmulation").get("deviceName"): null&#xD;
&#xD;
2019-09-05 13:13:07 - [TEST_STEP][PASSED] - println(deviceName): null&#xD;
&#xD;
2019-09-05 13:13:07 - [TEST_STEP][PASSED] - now = new java.util.Date(): null&#xD;
&#xD;
2019-09-05 13:13:07 - [TEST_STEP][PASSED] - mydate = now.format("yyyyMMdd_HHmmss"): null&#xD;
&#xD;
2019-09-05 13:13:07 - [TEST_STEP][PASSED] - screenPath = "../Screenshots/": null&#xD;
&#xD;
2019-09-05 13:13:07 - [TEST_STEP][PASSED] - screenPath = screenPath + deviceName + "/" + productLine + "/" + carrierName + "/" + mydate + "/": null&#xD;
&#xD;
2019-09-05 13:13:07 - [TEST_STEP][PASSED] - println(screenPath): null&#xD;
&#xD;
2019-09-05 13:13:07 - [MESSAGE][PASSED] - Call Test Case 'Test Cases/mobileWeb/_include/get_screenPath' successfully&#xD;
&#xD;
2019-09-05 13:13:07 - [TEST_STEP][PASSED] - i = 0: null&#xD;
&#xD;
2019-09-05 13:13:07 - [TEST_STEP][PASSED] - callTestCase(findTestCase("mobileWeb/_include/openWebSite"), [:], CONTINUE_ON_FAILURE): Call Test Case 'Test Cases/mobileWeb/_include/openWebSite' successfully&#xD;
&#xD;
2019-09-05 13:13:07 - [TEST_CASE][PASSED] - Test Cases/mobileWeb/_include/openWebSite: Test Cases/mobileWeb/_include/openWebSite&#xD;
&#xD;
2019-09-05 13:13:07 - [TEST_STEP][PASSED] - openBrowser(env): Browser is opened with url: 'https://praetemptatus.agilehealthinsurance.com'&#xD;
&#xD;
2019-09-05 13:13:07 - [MESSAGE][WARNING] - A browser is already opened. Closing browser and opening a new one&#xD;
&#xD;
2019-09-05 13:13:08 - [MESSAGE][INFO] - Starting 'Chrome' driver&#xD;
&#xD;
2019-09-05 13:13:08 - [MESSAGE][INFO] - User set preference: ['mobileEmulation', '{deviceName=iPhone X}']&#xD;
&#xD;
2019-09-05 13:13:08 - [MESSAGE][INFO] - User set preference: ['args', '[--incognito, --aggressive-cache-discard, --no-sandbox, --window-size=375,812]']&#xD;
&#xD;
2019-09-05 13:13:14 - [MESSAGE][PASSED] - Browser is opened with url: 'https://praetemptatus.agilehealthinsurance.com'&#xD;
&#xD;
2019-09-05 13:13:14 - [TEST_STEP][PASSED] - waitForPageLoad(20): Wait for page load successfully&#xD;
&#xD;
2019-09-05 13:13:14 - [MESSAGE][PASSED] - Wait for page load successfully&#xD;
&#xD;
2019-09-05 13:13:14 - [TEST_STEP][PASSED] - callTestCase(findTestCase("mobileWeb/_include/get_screenshot"), [:], STOP_ON_FAILURE): Call Test Case 'Test Cases/mobileWeb/_include/get_screenshot' successfully&#xD;
&#xD;
2019-09-05 13:13:14 - [TEST_CASE][PASSED] - Test Cases/mobileWeb/_include/get_screenshot: Test Cases/mobileWeb/_include/get_screenshot&#xD;
&#xD;
2019-09-05 13:13:14 - [TEST_STEP][PASSED] - takeScreenshot(screenPath + i + ".png"): Taking screenshot successfully&#xD;
&#xD;
2019-09-05 13:13:16 - [MESSAGE][PASSED] - Taking screenshot successfully&#xD;
[[ATTACHMENT|D:\\Test\\AgileTest\\AgileTest\\Reports\\mobileWeb\\stm\\20190905_131101\\../Screenshots/iPhone X/stm/AdvantHealth/20190905_131307/0.png]]&#xD;
&#xD;
2019-09-05 13:13:16 - [TEST_STEP][PASSED] - (internal.GlobalVariable.i++): null&#xD;
&#xD;
2019-09-05 13:13:16 - [MESSAGE][PASSED] - Call Test Case 'Test Cases/mobileWeb/_include/get_screenshot' successfully&#xD;
&#xD;
2019-09-05 13:13:16 - [MESSAGE][PASSED] - Call Test Case 'Test Cases/mobileWeb/_include/openWebSite' successfully&#xD;
&#xD;
2019-09-05 13:13:16 - [TEST_STEP][PASSED] - callTestCase(findTestCase("mobileWeb/_include/census_stm"), ["zipcode":"35215"], STOP_ON_FAILURE): Call Test Case 'Test Cases/mobileWeb/_include/census_stm' successfully&#xD;
&#xD;
2019-09-05 13:13:16 - [TEST_CASE][PASSED] - Test Cases/mobileWeb/_include/census_stm: Test Cases/mobileWeb/_include/census_stm&#xD;
&#xD;
2019-09-05 13:13:16 - [TEST_STEP][PASSED] - waitForElementClickable(findTestObject("mobileSanity/STM/Home Page/a_Quote  Save Today"), 10): Object 'Object Repository/mobileSanity/STM/Home Page/a_Quote  Save Today' is clickable&#xD;
&#xD;
2019-09-05 13:13:17 - [MESSAGE][PASSED] - Object 'Object Repository/mobileSanity/STM/Home Page/a_Quote  Save Today' is clickable&#xD;
&#xD;
2019-09-05 13:13:17 - [TEST_STEP][PASSED] - click(findTestObject("mobileSanity/STM/Home Page/a_Quote  Save Today")): Object: 'Object Repository/mobileSanity/STM/Home Page/a_Quote  Save Today' is clicked on&#xD;
&#xD;
2019-09-05 13:13:17 - [MESSAGE][PASSED] - Object: 'Object Repository/mobileSanity/STM/Home Page/a_Quote  Save Today' is clicked on&#xD;
&#xD;
2019-09-05 13:13:17 - [TEST_STEP][PASSED] - waitForPageLoad(10): Wait for page load successfully&#xD;
&#xD;
2019-09-05 13:13:18 - [MESSAGE][PASSED] - Wait for page load successfully&#xD;
&#xD;
2019-09-05 13:13:18 - [TEST_STEP][PASSED] - callTestCase(findTestCase("mobileWeb/_include/get_screenshot"), [:], STOP_ON_FAILURE): Call Test Case 'Test Cases/mobileWeb/_include/get_screenshot' successfully&#xD;
&#xD;
2019-09-05 13:13:18 - [TEST_CASE][PASSED] - Test Cases/mobileWeb/_include/get_screenshot: Test Cases/mobileWeb/_include/get_screenshot&#xD;
&#xD;
2019-09-05 13:13:18 - [TEST_STEP][PASSED] - takeScreenshot(screenPath + i + ".png"): Taking screenshot successfully&#xD;
&#xD;
2019-09-05 13:13:19 - [MESSAGE][PASSED] - Taking screenshot successfully&#xD;
[[ATTACHMENT|D:\\Test\\AgileTest\\AgileTest\\Reports\\mobileWeb\\stm\\20190905_131101\\../Screenshots/iPhone X/stm/AdvantHealth/20190905_131307/1.png]]&#xD;
&#xD;
2019-09-05 13:13:19 - [TEST_STEP][PASSED] - (internal.GlobalVariable.i++): null&#xD;
&#xD;
2019-09-05 13:13:19 - [MESSAGE][PASSED] - Call Test Case 'Test Cases/mobileWeb/_include/get_screenshot' successfully&#xD;
&#xD;
2019-09-05 13:13:19 - [TEST_STEP][PASSED] - setText(findTestObject("mobileSanity/STM/STM Census Page/input_Location_zip-input"), zipcode): Text '35215' is set on object 'Object Repository/mobileSanity/STM/STM Census Page/input_Location_zip-input'&#xD;
&#xD;
2019-09-05 13:13:19 - [MESSAGE][PASSED] - Text '35215' is set on object 'Object Repository/mobileSanity/STM/STM Census Page/input_Location_zip-input'&#xD;
&#xD;
2019-09-05 13:13:19 - [TEST_STEP][PASSED] - Thread.sleep(500): null&#xD;
&#xD;
2019-09-05 13:13:19 - [TEST_STEP][PASSED] - setText(findTestObject("mobileSanity/STM/STM Census Page/input_Date of Birth_dob-0"), "03031987"): Text '03031987' is set on object 'Object Repository/mobileSanity/STM/STM Census Page/input_Date of Birth_dob-0'&#xD;
&#xD;
2019-09-05 13:13:20 - [MESSAGE][PASSED] - Text '03031987' is set on object 'Object Repository/mobileSanity/STM/STM Census Page/input_Date of Birth_dob-0'&#xD;
&#xD;
2019-09-05 13:13:20 - [TEST_STEP][PASSED] - click(findTestObject("mobileSanity/STM/STM Census Page/label_Male")): Object: 'Object Repository/mobileSanity/STM/STM Census Page/label_Male' is clicked on&#xD;
&#xD;
2019-09-05 13:13:20 - [MESSAGE][PASSED] - Object: 'Object Repository/mobileSanity/STM/STM Census Page/label_Male' is clicked on&#xD;
&#xD;
2019-09-05 13:13:20 - [TEST_STEP][PASSED] - click(findTestObject("mobileSanity/STM/STM Census Page/label_Compare Plans")): Object: 'Object Repository/mobileSanity/STM/STM Census Page/label_Compare Plans' is clicked on&#xD;
&#xD;
2019-09-05 13:13:20 - [MESSAGE][PASSED] - Object: 'Object Repository/mobileSanity/STM/STM Census Page/label_Compare Plans' is clicked on&#xD;
&#xD;
2019-09-05 13:13:20 - [TEST_STEP][PASSED] - waitForElementVisible(findTestObject("mobileSanity/STM/STM Quote Page/button_sort"), 20): Object 'Object Repository/mobileSanity/STM/STM Quote Page/button_sort' is visible&#xD;
&#xD;
2019-09-05 13:13:24 - [MESSAGE][PASSED] - Object 'Object Repository/mobileSanity/STM/STM Quote Page/button_sort' is visible&#xD;
&#xD;
2019-09-05 13:13:24 - [TEST_STEP][PASSED] - Thread.sleep(3000): null&#xD;
&#xD;
2019-09-05 13:13:27 - [TEST_STEP][PASSED] - callTestCase(findTestCase("mobileWeb/_include/get_screenshot"), [:], STOP_ON_FAILURE): Call Test Case 'Test Cases/mobileWeb/_include/get_screenshot' successfully&#xD;
&#xD;
2019-09-05 13:13:27 - [TEST_CASE][PASSED] - Test Cases/mobileWeb/_include/get_screenshot: Test Cases/mobileWeb/_include/get_screenshot&#xD;
&#xD;
2019-09-05 13:13:27 - [TEST_STEP][PASSED] - takeScreenshot(screenPath + i + ".png"): Taking screenshot successfully&#xD;
&#xD;
2019-09-05 13:13:28 - [MESSAGE][PASSED] - Taking screenshot successfully&#xD;
[[ATTACHMENT|D:\\Test\\AgileTest\\AgileTest\\Reports\\mobileWeb\\stm\\20190905_131101\\../Screenshots/iPhone X/stm/AdvantHealth/20190905_131307/2.png]]&#xD;
&#xD;
2019-09-05 13:13:28 - [TEST_STEP][PASSED] - (internal.GlobalVariable.i++): null&#xD;
&#xD;
2019-09-05 13:13:28 - [MESSAGE][PASSED] - Call Test Case 'Test Cases/mobileWeb/_include/get_screenshot' successfully&#xD;
&#xD;
2019-09-05 13:13:28 - [TEST_STEP][PASSED] - Thread.sleep(1000): null&#xD;
&#xD;
2019-09-05 13:13:29 - [MESSAGE][PASSED] - Call Test Case 'Test Cases/mobileWeb/_include/census_stm' successfully&#xD;
&#xD;
2019-09-05 13:13:29 - [TEST_STEP][PASSED] - callTestCase(findTestCase("mobileWeb/_include/filter_stm"), ["carrier":"advanthealth"], STOP_ON_FAILURE): Call Test Case 'Test Cases/mobileWeb/_include/filter_stm' successfully&#xD;
&#xD;
2019-09-05 13:13:29 - [TEST_CASE][PASSED] - Test Cases/mobileWeb/_include/filter_stm: Test Cases/mobileWeb/_include/filter_stm&#xD;
&#xD;
2019-09-05 13:13:29 - [TEST_STEP][PASSED] - driver = getWebDriver(): null&#xD;
&#xD;
2019-09-05 13:13:29 - [TEST_STEP][PASSED] - selenium = new com.thoughtworks.selenium.webdriven.WebDriverBackedSelenium(driver, internal.GlobalVariable.ENV): null&#xD;
&#xD;
2019-09-05 13:13:29 - [TEST_STEP][PASSED] - Thread.sleep(1000): null&#xD;
&#xD;
2019-09-05 13:13:30 - [TEST_STEP][PASSED] - click(findTestObject("mobileSanity/STM/STM Quote Page/button_filters")): Object: 'Object Repository/mobileSanity/STM/STM Quote Page/button_filters' is clicked on&#xD;
&#xD;
2019-09-05 13:13:31 - [MESSAGE][PASSED] - Object: 'Object Repository/mobileSanity/STM/STM Quote Page/button_filters' is clicked on&#xD;
&#xD;
2019-09-05 13:13:31 - [TEST_STEP][PASSED] - Thread.sleep(1000): null&#xD;
&#xD;
2019-09-05 13:13:32 - [TEST_STEP][PASSED] - click(findTestObject("mobileSanity/STM/STM Quote Page/i_Insurance company")): Object: 'Object Repository/mobileSanity/STM/STM Quote Page/i_Insurance company' is clicked on&#xD;
&#xD;
2019-09-05 13:13:32 - [MESSAGE][PASSED] - Object: 'Object Repository/mobileSanity/STM/STM Quote Page/i_Insurance company' is clicked on&#xD;
&#xD;
2019-09-05 13:13:32 - [TEST_STEP][PASSED] - Thread.sleep(1000): null&#xD;
&#xD;
2019-09-05 13:13:33 - [TEST_STEP][PASSED] - filter_carrier = "//input[@name='filter[carrier]' and @value='" + carrier + "']/following::label": null&#xD;
&#xD;
2019-09-05 13:13:33 - [TEST_STEP][PASSED] - println(filter_carrier): null&#xD;
&#xD;
2019-09-05 13:13:33 - [TEST_STEP][PASSED] - test.MobileKeywords.clickJS_ByXpath(filter_carrier): test.MobileKeywords.clickJS_ByXpath is PASSED&#xD;
&#xD;
2019-09-05 13:13:33 - [MESSAGE][PASSED] - Execute JavaScript 'arguments[0].click()' successfully&#xD;
&#xD;
2019-09-05 13:13:33 - [MESSAGE][PASSED] - test.MobileKeywords.clickJS_ByXpath is PASSED&#xD;
&#xD;
2019-09-05 13:13:33 - [TEST_STEP][PASSED] - Thread.sleep(1000): null&#xD;
&#xD;
2019-09-05 13:13:34 - [TEST_STEP][PASSED] - scrollToElement(findTestObject("mobileSanity/STM/STM Quote Page/a_Show Plans"), 1000): Scroll to object 'Object Repository/mobileSanity/STM/STM Quote Page/a_Show Plans' successfully&#xD;
&#xD;
2019-09-05 13:13:34 - [MESSAGE][PASSED] - Scroll to object 'Object Repository/mobileSanity/STM/STM Quote Page/a_Show Plans' successfully&#xD;
&#xD;
2019-09-05 13:13:34 - [TEST_STEP][PASSED] - click(findTestObject("mobileSanity/STM/STM Quote Page/a_Show Plans")): Object: 'Object Repository/mobileSanity/STM/STM Quote Page/a_Show Plans' is clicked on&#xD;
&#xD;
2019-09-05 13:13:35 - [MESSAGE][PASSED] - Object: 'Object Repository/mobileSanity/STM/STM Quote Page/a_Show Plans' is clicked on&#xD;
&#xD;
2019-09-05 13:13:35 - [TEST_STEP][PASSED] - waitForJQueryLoad(20, STOP_ON_FAILURE): jQuery is ready.&#xD;
&#xD;
2019-09-05 13:13:35 - [MESSAGE][PASSED] - jQuery is ready.&#xD;
&#xD;
2019-09-05 13:13:35 - [TEST_STEP][PASSED] - Thread.sleep(2000): null&#xD;
&#xD;
2019-09-05 13:13:37 - [TEST_STEP][PASSED] - callTestCase(findTestCase("mobileWeb/_include/get_screenshot"), [:], STOP_ON_FAILURE): Call Test Case 'Test Cases/mobileWeb/_include/get_screenshot' successfully&#xD;
&#xD;
2019-09-05 13:13:37 - [TEST_CASE][PASSED] - Test Cases/mobileWeb/_include/get_screenshot: Test Cases/mobileWeb/_include/get_screenshot&#xD;
&#xD;
2019-09-05 13:13:37 - [TEST_STEP][PASSED] - takeScreenshot(screenPath + i + ".png"): Taking screenshot successfully&#xD;
&#xD;
2019-09-05 13:13:38 - [MESSAGE][PASSED] - Taking screenshot successfully&#xD;
[[ATTACHMENT|D:\\Test\\AgileTest\\AgileTest\\Reports\\mobileWeb\\stm\\20190905_131101\\../Screenshots/iPhone X/stm/AdvantHealth/20190905_131307/3.png]]&#xD;
&#xD;
2019-09-05 13:13:38 - [TEST_STEP][PASSED] - (internal.GlobalVariable.i++): null&#xD;
&#xD;
2019-09-05 13:13:38 - [MESSAGE][PASSED] - Call Test Case 'Test Cases/mobileWeb/_include/get_screenshot' successfully&#xD;
&#xD;
2019-09-05 13:13:38 - [MESSAGE][PASSED] - Call Test Case 'Test Cases/mobileWeb/_include/filter_stm' successfully&#xD;
&#xD;
2019-09-05 13:13:38 - [TEST_STEP][PASSED] - callTestCase(findTestCase("mobileWeb/_include/goToDetail_stm"), ["carrier":"advanthealth"], STOP_ON_FAILURE): Call Test Case 'Test Cases/mobileWeb/_include/goToDetail_stm' successfully&#xD;
&#xD;
2019-09-05 13:13:38 - [TEST_CASE][PASSED] - Test Cases/mobileWeb/_include/goToDetail_stm: Test Cases/mobileWeb/_include/goToDetail_stm&#xD;
&#xD;
2019-09-05 13:13:38 - [TEST_STEP][PASSED] - driver = getWebDriver(): null&#xD;
&#xD;
2019-09-05 13:13:38 - [TEST_STEP][PASSED] - selenium = new com.thoughtworks.selenium.webdriven.WebDriverBackedSelenium(driver, internal.GlobalVariable.ENV): null&#xD;
&#xD;
2019-09-05 13:13:38 - [TEST_STEP][PASSED] - a_plan_name = "xpath=//a[contains(@href,'/term-health-insurance/plan/" + carrier + "')]": null&#xD;
&#xD;
2019-09-05 13:13:38 - [TEST_STEP][PASSED] - println(a_plan_name): null&#xD;
&#xD;
2019-09-05 13:13:38 - [TEST_STEP][PASSED] - selenium.click(a_plan_name): null&#xD;
&#xD;
2019-09-05 13:13:43 - [TEST_STEP][PASSED] - waitForPageLoad(20): Wait for page load successfully&#xD;
&#xD;
2019-09-05 13:13:43 - [MESSAGE][PASSED] - Wait for page load successfully&#xD;
&#xD;
2019-09-05 13:13:43 - [TEST_STEP][PASSED] - Thread.sleep(2000): null&#xD;
&#xD;
2019-09-05 13:13:45 - [TEST_STEP][PASSED] - callTestCase(findTestCase("mobileWeb/_include/get_screenshot"), [:], STOP_ON_FAILURE): Call Test Case 'Test Cases/mobileWeb/_include/get_screenshot' successfully&#xD;
&#xD;
2019-09-05 13:13:45 - [TEST_CASE][PASSED] - Test Cases/mobileWeb/_include/get_screenshot: Test Cases/mobileWeb/_include/get_screenshot&#xD;
&#xD;
2019-09-05 13:13:45 - [TEST_STEP][PASSED] - takeScreenshot(screenPath + i + ".png"): Taking screenshot successfully&#xD;
&#xD;
2019-09-05 13:13:45 - [MESSAGE][PASSED] - Taking screenshot successfully&#xD;
[[ATTACHMENT|D:\\Test\\AgileTest\\AgileTest\\Reports\\mobileWeb\\stm\\20190905_131101\\../Screenshots/iPhone X/stm/AdvantHealth/20190905_131307/4.png]]&#xD;
&#xD;
2019-09-05 13:13:45 - [TEST_STEP][PASSED] - (internal.GlobalVariable.i++): null&#xD;
&#xD;
2019-09-05 13:13:45 - [MESSAGE][PASSED] - Call Test Case 'Test Cases/mobileWeb/_include/get_screenshot' successfully&#xD;
&#xD;
2019-09-05 13:13:45 - [MESSAGE][PASSED] - Call Test Case 'Test Cases/mobileWeb/_include/goToDetail_stm' successfully&#xD;
&#xD;
2019-09-05 13:13:45 - [TEST_STEP][PASSED] - callTestCase(findTestCase("mobileWeb/_include/apply_stm"), [:], STOP_ON_FAILURE): Call Test Case 'Test Cases/mobileWeb/_include/apply_stm' successfully&#xD;
&#xD;
2019-09-05 13:13:45 - [TEST_CASE][PASSED] - Test Cases/mobileWeb/_include/apply_stm: Test Cases/mobileWeb/_include/apply_stm&#xD;
&#xD;
2019-09-05 13:13:45 - [TEST_STEP][PASSED] - waitForElementVisible(findTestObject("mobileSanity/STM/STM PlanDetail Page/a_Apply for This Plan"), 5): Object 'Object Repository/mobileSanity/STM/STM PlanDetail Page/a_Apply for This Plan' is visible&#xD;
&#xD;
2019-09-05 13:13:46 - [MESSAGE][PASSED] - Object 'Object Repository/mobileSanity/STM/STM PlanDetail Page/a_Apply for This Plan' is visible&#xD;
&#xD;
2019-09-05 13:13:46 - [TEST_STEP][PASSED] - click(findTestObject("mobileSanity/STM/STM PlanDetail Page/a_Apply for This Plan")): Object: 'Object Repository/mobileSanity/STM/STM PlanDetail Page/a_Apply for This Plan' is clicked on&#xD;
&#xD;
2019-09-05 13:13:47 - [MESSAGE][PASSED] - Object: 'Object Repository/mobileSanity/STM/STM PlanDetail Page/a_Apply for This Plan' is clicked on&#xD;
&#xD;
2019-09-05 13:13:47 - [TEST_STEP][PASSED] - waitForPageLoad(10): Wait for page load successfully&#xD;
&#xD;
2019-09-05 13:13:48 - [MESSAGE][PASSED] - Wait for page load successfully&#xD;
&#xD;
2019-09-05 13:13:48 - [TEST_STEP][PASSED] - Thread.sleep(2000): null&#xD;
&#xD;
2019-09-05 13:13:50 - [TEST_STEP][PASSED] - callTestCase(findTestCase("mobileWeb/_include/get_screenshot"), [:], STOP_ON_FAILURE): Call Test Case 'Test Cases/mobileWeb/_include/get_screenshot' successfully&#xD;
&#xD;
2019-09-05 13:13:50 - [TEST_CASE][PASSED] - Test Cases/mobileWeb/_include/get_screenshot: Test Cases/mobileWeb/_include/get_screenshot&#xD;
&#xD;
2019-09-05 13:13:50 - [TEST_STEP][PASSED] - takeScreenshot(screenPath + i + ".png"): Taking screenshot successfully&#xD;
&#xD;
2019-09-05 13:13:50 - [MESSAGE][PASSED] - Taking screenshot successfully&#xD;
[[ATTACHMENT|D:\\Test\\AgileTest\\AgileTest\\Reports\\mobileWeb\\stm\\20190905_131101\\../Screenshots/iPhone X/stm/AdvantHealth/20190905_131307/5.png]]&#xD;
&#xD;
2019-09-05 13:13:50 - [TEST_STEP][PASSED] - (internal.GlobalVariable.i++): null&#xD;
&#xD;
2019-09-05 13:13:50 - [MESSAGE][PASSED] - Call Test Case 'Test Cases/mobileWeb/_include/get_screenshot' successfully&#xD;
&#xD;
2019-09-05 13:13:50 - [TEST_STEP][PASSED] - waitForElementVisible(findTestObject("mobileSanity/STM/STM Apply Page/a_Start Secure Application"), 5): Object 'Object Repository/mobileSanity/STM/STM Apply Page/a_Start Secure Application' is visible&#xD;
&#xD;
2019-09-05 13:13:50 - [MESSAGE][PASSED] - Object 'Object Repository/mobileSanity/STM/STM Apply Page/a_Start Secure Application' is visible&#xD;
&#xD;
2019-09-05 13:13:50 - [TEST_STEP][PASSED] - click(findTestObject("mobileSanity/STM/STM Apply Page/a_Start Secure Application")): Object: 'Object Repository/mobileSanity/STM/STM Apply Page/a_Start Secure Application' is clicked on&#xD;
&#xD;
2019-09-05 13:13:52 - [MESSAGE][PASSED] - Object: 'Object Repository/mobileSanity/STM/STM Apply Page/a_Start Secure Application' is clicked on&#xD;
&#xD;
2019-09-05 13:13:52 - [TEST_STEP][PASSED] - waitForPageLoad(20): Wait for page load successfully&#xD;
&#xD;
2019-09-05 13:13:52 - [MESSAGE][PASSED] - Wait for page load successfully&#xD;
&#xD;
2019-09-05 13:13:52 - [TEST_STEP][PASSED] - Thread.sleep(2000): null&#xD;
&#xD;
2019-09-05 13:13:54 - [TEST_STEP][PASSED] - callTestCase(findTestCase("mobileWeb/_include/get_screenshot"), [:], STOP_ON_FAILURE): Call Test Case 'Test Cases/mobileWeb/_include/get_screenshot' successfully&#xD;
&#xD;
2019-09-05 13:13:54 - [TEST_CASE][PASSED] - Test Cases/mobileWeb/_include/get_screenshot: Test Cases/mobileWeb/_include/get_screenshot&#xD;
&#xD;
2019-09-05 13:13:54 - [TEST_STEP][PASSED] - takeScreenshot(screenPath + i + ".png"): Taking screenshot successfully&#xD;
&#xD;
2019-09-05 13:13:55 - [MESSAGE][PASSED] - Taking screenshot successfully&#xD;
[[ATTACHMENT|D:\\Test\\AgileTest\\AgileTest\\Reports\\mobileWeb\\stm\\20190905_131101\\../Screenshots/iPhone X/stm/AdvantHealth/20190905_131307/6.png]]&#xD;
&#xD;
2019-09-05 13:13:55 - [TEST_STEP][PASSED] - (internal.GlobalVariable.i++): null&#xD;
&#xD;
2019-09-05 13:13:55 - [MESSAGE][PASSED] - Call Test Case 'Test Cases/mobileWeb/_include/get_screenshot' successfully&#xD;
&#xD;
2019-09-05 13:13:55 - [MESSAGE][PASSED] - Call Test Case 'Test Cases/mobileWeb/_include/apply_stm' successfully&#xD;
&#xD;
2019-09-05 13:13:55 - [TEST_STEP][PASSED] - callTestCase(findTestCase("mobileWeb/_include/goToEnd_stm_autofill"), [:], STOP_ON_FAILURE): Call Test Case 'Test Cases/mobileWeb/_include/goToEnd_stm_autofill' successfully&#xD;
&#xD;
2019-09-05 13:13:55 - [TEST_CASE][PASSED] - Test Cases/mobileWeb/_include/goToEnd_stm_autofill: Test Cases/mobileWeb/_include/goToEnd_stm_autofill&#xD;
&#xD;
2019-09-05 13:13:55 - [TEST_STEP][PASSED] - callTestCase(findTestCase("mobileWeb/_include/name"), [:], CONTINUE_ON_FAILURE): Call Test Case 'Test Cases/mobileWeb/_include/name' successfully&#xD;
&#xD;
2019-09-05 13:13:55 - [TEST_CASE][PASSED] - Test Cases/mobileWeb/_include/name: Test Cases/mobileWeb/_include/name&#xD;
&#xD;
2019-09-05 13:13:55 - [TEST_STEP][PASSED] - driver = getWebDriver(): null&#xD;
&#xD;
2019-09-05 13:13:55 - [TEST_STEP][PASSED] - selenium = new com.thoughtworks.selenium.webdriven.WebDriverBackedSelenium(driver, internal.GlobalVariable.ENV): null&#xD;
&#xD;
2019-09-05 13:13:55 - [TEST_STEP][PASSED] - FirstName = "Test-123": null&#xD;
&#xD;
2019-09-05 13:13:55 - [TEST_STEP][PASSED] - LastName = selenium.getEval("{var x="ABCDEFGHIJKLMNOPQRSTUVWXYZabcdefghijklmnopqrstuvwxyz"; var tmp="ZZ11-"; for (i=0;i&lt;8;i++) tmp+=x.charAt(Math.ceil(51*Math.random()));tmp;}"): null&#xD;
&#xD;
2019-09-05 13:13:55 - [TEST_STEP][PASSED] - Address = selenium.getEval("{var x="ABCDEFGHIJKLMNOPQRSTUVWXYZabcdefghijklmnopqrstuvwxyz"; var tmp=""; for (i=0;i&lt;8;i++) tmp+=x.charAt(Math.ceil(51*Math.random()));tmp;}"): null&#xD;
&#xD;
2019-09-05 13:13:55 - [TEST_STEP][PASSED] - City = selenium.getEval("{var x="ABCDEFGHIJKLMNOPQRSTUVWXYZabcdefghijklmnopqrstuvwxyz"; var tmp=""; for (i=0;i&lt;8;i++) tmp+=x.charAt(Math.ceil(51*Math.random()));tmp;}"): null&#xD;
&#xD;
2019-09-05 13:13:55 - [TEST_STEP][PASSED] - tel1 = selenium.getEval("{var x="123456789"; var tmp=""; for (i=0;i&lt;3;i++) tmp+=x.charAt(Math.ceil(8*Math.random()));tmp;}"): null&#xD;
&#xD;
2019-09-05 13:13:55 - [TEST_STEP][PASSED] - tel2 = selenium.getEval("{var x="123456789"; var tmp=""; for (i=0;i&lt;3;i++) tmp+=x.charAt(Math.ceil(8*Math.random()));tmp;}"): null&#xD;
&#xD;
2019-09-05 13:13:55 - [TEST_STEP][PASSED] - tel3 = selenium.getEval("{var x="123456789"; var tmp=""; for (i=0;i&lt;4;i++) tmp+=x.charAt(Math.ceil(8*Math.random()));tmp;}"): null&#xD;
&#xD;
2019-09-05 13:13:55 - [TEST_STEP][PASSED] - Tel = selenium.getExpression(tel1 + "-" + tel2 + "-" + tel3): null&#xD;
&#xD;
2019-09-05 13:13:55 - [TEST_STEP][PASSED] - AutoEmail = selenium.getEval("{var x="ABCDEFGHIJKLMNOPQRSTUVWXYZabcdefghijklmnopqrstuvwxyz"; var tmp="test."; for (i=0;i&lt;8;i++) tmp+=x.charAt(Math.ceil(51*Math.random()));tmp+="@suryani.cn";}"): null&#xD;
&#xD;
2019-09-05 13:13:55 - [TEST_STEP][PASSED] - FirstName = FirstName: null&#xD;
&#xD;
2019-09-05 13:13:55 - [TEST_STEP][PASSED] - LastName = LastName: null&#xD;
&#xD;
2019-09-05 13:13:55 - [TEST_STEP][PASSED] - Address = Address: null&#xD;
&#xD;
2019-09-05 13:13:55 - [TEST_STEP][PASSED] - City = City: null&#xD;
&#xD;
2019-09-05 13:13:55 - [TEST_STEP][PASSED] - Tel = Tel: null&#xD;
&#xD;
2019-09-05 13:13:55 - [TEST_STEP][PASSED] - AutoEmail = AutoEmail: null&#xD;
&#xD;
2019-09-05 13:13:55 - [TEST_STEP][PASSED] - println(FirstName): null&#xD;
&#xD;
2019-09-05 13:13:55 - [TEST_STEP][PASSED] - println(LastName): null&#xD;
&#xD;
2019-09-05 13:13:55 - [TEST_STEP][PASSED] - println(Address): null&#xD;
&#xD;
2019-09-05 13:13:55 - [TEST_STEP][PASSED] - println(City): null&#xD;
&#xD;
2019-09-05 13:13:55 - [TEST_STEP][PASSED] - println(Tel): null&#xD;
&#xD;
2019-09-05 13:13:55 - [TEST_STEP][PASSED] - println(AutoEmail): null&#xD;
&#xD;
2019-09-05 13:13:55 - [MESSAGE][PASSED] - Call Test Case 'Test Cases/mobileWeb/_include/name' successfully&#xD;
&#xD;
2019-09-05 13:13:55 - [TEST_STEP][PASSED] - try: Call Test Case 'Test Cases/mobileWeb/_include/get_screenshot' successfully&#xD;
&#xD;
2019-09-05 13:13:55 - [TEST_STEP][PASSED] - if (verifyTextPresent("Month Duration Acknowledgement", false)): Call Test Case 'Test Cases/mobileWeb/_include/get_screenshot' successfully&#xD;
&#xD;
2019-09-05 13:13:56 - [MESSAGE][PASSED] - Text 'Month Duration Acknowledgement' is present on page &#xD;
&#xD;
2019-09-05 13:13:56 - [TEST_STEP][PASSED] - click(findTestObject("mobileSanity/STM/Page_App Page 1/label_By checking this box I u")): Object: 'Object Repository/mobileSanity/STM/Page_App Page 1/label_By checking this box I u' is clicked on&#xD;
&#xD;
2019-09-05 13:13:56 - [MESSAGE][PASSED] - Object: 'Object Repository/mobileSanity/STM/Page_App Page 1/label_By checking this box I u' is clicked on&#xD;
&#xD;
2019-09-05 13:13:56 - [TEST_STEP][PASSED] - click(findTestObject("mobileSanity/STM/Page_App Page 1/button_Continue to Application")): Object: 'Object Repository/mobileSanity/STM/Page_App Page 1/button_Continue to Application' is clicked on&#xD;
&#xD;
2019-09-05 13:13:57 - [MESSAGE][PASSED] - Object: 'Object Repository/mobileSanity/STM/Page_App Page 1/button_Continue to Application' is clicked on&#xD;
&#xD;
2019-09-05 13:13:57 - [TEST_STEP][PASSED] - waitForPageLoad(20): Wait for page load successfully&#xD;
&#xD;
2019-09-05 13:13:57 - [MESSAGE][PASSED] - Wait for page load successfully&#xD;
&#xD;
2019-09-05 13:13:57 - [TEST_STEP][PASSED] - Thread.sleep(5000): null&#xD;
&#xD;
2019-09-05 13:14:02 - [TEST_STEP][PASSED] - callTestCase(findTestCase("mobileWeb/_include/get_screenshot"), [:], STOP_ON_FAILURE): Call Test Case 'Test Cases/mobileWeb/_include/get_screenshot' successfully&#xD;
&#xD;
2019-09-05 13:14:02 - [TEST_CASE][PASSED] - Test Cases/mobileWeb/_include/get_screenshot: Test Cases/mobileWeb/_include/get_screenshot&#xD;
&#xD;
2019-09-05 13:14:02 - [TEST_STEP][PASSED] - takeScreenshot(screenPath + i + ".png"): Taking screenshot successfully&#xD;
&#xD;
2019-09-05 13:14:03 - [MESSAGE][PASSED] - Taking screenshot successfully&#xD;
[[ATTACHMENT|D:\\Test\\AgileTest\\AgileTest\\Reports\\mobileWeb\\stm\\20190905_131101\\../Screenshots/iPhone X/stm/AdvantHealth/20190905_131307/7.png]]&#xD;
&#xD;
2019-09-05 13:14:03 - [TEST_STEP][PASSED] - (internal.GlobalVariable.i++): null&#xD;
&#xD;
2019-09-05 13:14:03 - [MESSAGE][PASSED] - Call Test Case 'Test Cases/mobileWeb/_include/get_screenshot' successfully&#xD;
&#xD;
2019-09-05 13:14:03 - [TEST_STEP][PASSED] - waitForPageLoad(10): Wait for page load successfully&#xD;
&#xD;
2019-09-05 13:14:03 - [MESSAGE][PASSED] - Wait for page load successfully&#xD;
&#xD;
2019-09-05 13:14:03 - [TEST_STEP][PASSED] - Thread.sleep(3000): null&#xD;
&#xD;
2019-09-05 13:14:06 - [TEST_STEP][PASSED] - waitForElementVisible(findTestObject("mobileSanity/STM/Page_App Page 1/a_Autofill App Info"), 20): Object 'Object Repository/mobileSanity/STM/Page_App Page 1/a_Autofill App Info' is visible&#xD;
&#xD;
2019-09-05 13:14:06 - [MESSAGE][PASSED] - Object 'Object Repository/mobileSanity/STM/Page_App Page 1/a_Autofill App Info' is visible&#xD;
&#xD;
2019-09-05 13:14:06 - [TEST_STEP][PASSED] - click(findTestObject("mobileSanity/STM/Page_App Page 1/a_Autofill App Info")): Object: 'Object Repository/mobileSanity/STM/Page_App Page 1/a_Autofill App Info' is clicked on&#xD;
&#xD;
2019-09-05 13:14:06 - [MESSAGE][PASSED] - Object: 'Object Repository/mobileSanity/STM/Page_App Page 1/a_Autofill App Info' is clicked on&#xD;
&#xD;
2019-09-05 13:14:06 - [TEST_STEP][PASSED] - Thread.sleep(1000): null&#xD;
&#xD;
2019-09-05 13:14:07 - [TEST_STEP][PASSED] - click(findTestObject("mobileSanity/STM/Page_App Page 1/a_Autofill App Info")): Object: 'Object Repository/mobileSanity/STM/Page_App Page 1/a_Autofill App Info' is clicked on&#xD;
&#xD;
2019-09-05 13:14:07 - [MESSAGE][PASSED] - Object: 'Object Repository/mobileSanity/STM/Page_App Page 1/a_Autofill App Info' is clicked on&#xD;
&#xD;
2019-09-05 13:14:07 - [TEST_STEP][PASSED] - Thread.sleep(1000): null&#xD;
&#xD;
2019-09-05 13:14:08 - [TEST_STEP][PASSED] - waitForElementVisible(findTestObject("mobileSanity/STM/Page_App Page 1/a_Continue"), 20): Object 'Object Repository/mobileSanity/STM/Page_App Page 1/a_Continue' is visible&#xD;
&#xD;
2019-09-05 13:14:09 - [MESSAGE][PASSED] - Object 'Object Repository/mobileSanity/STM/Page_App Page 1/a_Continue' is visible&#xD;
&#xD;
2019-09-05 13:14:09 - [TEST_STEP][PASSED] - click(findTestObject("mobileSanity/STM/Page_App Page 1/a_Continue")): Object: 'Object Repository/mobileSanity/STM/Page_App Page 1/a_Continue' is clicked on&#xD;
&#xD;
2019-09-05 13:14:09 - [MESSAGE][PASSED] - Object: 'Object Repository/mobileSanity/STM/Page_App Page 1/a_Continue' is clicked on&#xD;
&#xD;
2019-09-05 13:14:09 - [TEST_STEP][PASSED] - waitForPageLoad(20): Wait for page load successfully&#xD;
&#xD;
2019-09-05 13:14:09 - [MESSAGE][PASSED] - Wait for page load successfully&#xD;
&#xD;
2019-09-05 13:14:09 - [TEST_STEP][PASSED] - Thread.sleep(2000): null&#xD;
&#xD;
2019-09-05 13:14:11 - [TEST_STEP][PASSED] - callTestCase(findTestCase("mobileWeb/_include/get_screenshot"), [:], STOP_ON_FAILURE): Call Test Case 'Test Cases/mobileWeb/_include/get_screenshot' successfully&#xD;
&#xD;
2019-09-05 13:14:11 - [TEST_CASE][PASSED] - Test Cases/mobileWeb/_include/get_screenshot: Test Cases/mobileWeb/_include/get_screenshot&#xD;
&#xD;
2019-09-05 13:14:11 - [TEST_STEP][PASSED] - takeScreenshot(screenPath + i + ".png"): Taking screenshot successfully&#xD;
&#xD;
2019-09-05 13:14:12 - [MESSAGE][PASSED] - Taking screenshot successfully&#xD;
[[ATTACHMENT|D:\\Test\\AgileTest\\AgileTest\\Reports\\mobileWeb\\stm\\20190905_131101\\../Screenshots/iPhone X/stm/AdvantHealth/20190905_131307/8.png]]&#xD;
&#xD;
2019-09-05 13:14:12 - [TEST_STEP][PASSED] - (internal.GlobalVariable.i++): null&#xD;
&#xD;
2019-09-05 13:14:12 - [MESSAGE][PASSED] - Call Test Case 'Test Cases/mobileWeb/_include/get_screenshot' successfully&#xD;
&#xD;
2019-09-05 13:14:12 - [TEST_STEP][PASSED] - click(findTestObject("mobileSanity/STM/Page_App Page 2/a_Continue to Step 3 - Payment")): Object: 'Object Repository/mobileSanity/STM/Page_App Page 2/a_Continue to Step 3 - Payment' is clicked on&#xD;
&#xD;
2019-09-05 13:14:12 - [MESSAGE][PASSED] - Object: 'Object Repository/mobileSanity/STM/Page_App Page 2/a_Continue to Step 3 - Payment' is clicked on&#xD;
&#xD;
2019-09-05 13:14:12 - [TEST_STEP][PASSED] - waitForPageLoad(20): Wait for page load successfully&#xD;
&#xD;
2019-09-05 13:14:12 - [MESSAGE][PASSED] - Wait for page load successfully&#xD;
&#xD;
2019-09-05 13:14:12 - [TEST_STEP][PASSED] - waitForElementVisible(findTestObject("mobileSanity/STM/Page_App Page 3/input__credit-card-cvv"), 20): Object 'Object Repository/mobileSanity/STM/Page_App Page 3/input__credit-card-cvv' is visible&#xD;
&#xD;
2019-09-05 13:14:14 - [MESSAGE][PASSED] - Object 'Object Repository/mobileSanity/STM/Page_App Page 3/input__credit-card-cvv' is visible&#xD;
&#xD;
2019-09-05 13:14:14 - [TEST_STEP][PASSED] - Thread.sleep(2000): null&#xD;
&#xD;
2019-09-05 13:14:16 - [TEST_STEP][PASSED] - callTestCase(findTestCase("mobileWeb/_include/get_screenshot"), [:], STOP_ON_FAILURE): Call Test Case 'Test Cases/mobileWeb/_include/get_screenshot' successfully&#xD;
&#xD;
2019-09-05 13:14:16 - [TEST_CASE][PASSED] - Test Cases/mobileWeb/_include/get_screenshot: Test Cases/mobileWeb/_include/get_screenshot&#xD;
&#xD;
2019-09-05 13:14:16 - [TEST_STEP][PASSED] - takeScreenshot(screenPath + i + ".png"): Taking screenshot successfully&#xD;
&#xD;
2019-09-05 13:14:17 - [MESSAGE][PASSED] - Taking screenshot successfully&#xD;
[[ATTACHMENT|D:\\Test\\AgileTest\\AgileTest\\Reports\\mobileWeb\\stm\\20190905_131101\\../Screenshots/iPhone X/stm/AdvantHealth/20190905_131307/9.png]]&#xD;
&#xD;
2019-09-05 13:14:17 - [TEST_STEP][PASSED] - (internal.GlobalVariable.i++): null&#xD;
&#xD;
2019-09-05 13:14:17 - [MESSAGE][PASSED] - Call Test Case 'Test Cases/mobileWeb/_include/get_screenshot' successfully&#xD;
&#xD;
2019-09-05 13:14:17 - [TEST_STEP][PASSED] - clearText(findTestObject("mobileSanity/STM/Page_App Page 3/input__credit-card-cvv")): Text of object 'Object Repository/mobileSanity/STM/Page_App Page 3/input__credit-card-cvv' is cleared&#xD;
&#xD;
2019-09-05 13:14:17 - [MESSAGE][PASSED] - Text of object 'Object Repository/mobileSanity/STM/Page_App Page 3/input__credit-card-cvv' is cleared&#xD;
&#xD;
2019-09-05 13:14:17 - [TEST_STEP][PASSED] - setText(findTestObject("mobileSanity/STM/Page_App Page 3/input__credit-card-cvv"), "123"): Text '123' is set on object 'Object Repository/mobileSanity/STM/Page_App Page 3/input__credit-card-cvv'&#xD;
&#xD;
2019-09-05 13:14:17 - [MESSAGE][PASSED] - Text '123' is set on object 'Object Repository/mobileSanity/STM/Page_App Page 3/input__credit-card-cvv'&#xD;
&#xD;
2019-09-05 13:14:17 - [TEST_STEP][PASSED] - click(findTestObject("mobileSanity/STM/Page_App Page 3/label_I Accept Authorization f")): Object: 'Object Repository/mobileSanity/STM/Page_App Page 3/label_I Accept Authorization f' is clicked on&#xD;
&#xD;
2019-09-05 13:14:18 - [MESSAGE][PASSED] - Object: 'Object Repository/mobileSanity/STM/Page_App Page 3/label_I Accept Authorization f' is clicked on&#xD;
&#xD;
2019-09-05 13:14:18 - [TEST_STEP][PASSED] - click(findTestObject("mobileSanity/STM/Page_App Page 3/a_Continue to Step 4 - Review")): Object: 'Object Repository/mobileSanity/STM/Page_App Page 3/a_Continue to Step 4 - Review' is clicked on&#xD;
&#xD;
2019-09-05 13:14:18 - [MESSAGE][PASSED] - Object: 'Object Repository/mobileSanity/STM/Page_App Page 3/a_Continue to Step 4 - Review' is clicked on&#xD;
&#xD;
2019-09-05 13:14:18 - [TEST_STEP][PASSED] - waitForPageLoad(10): Wait for page load successfully&#xD;
&#xD;
2019-09-05 13:14:18 - [MESSAGE][PASSED] - Wait for page load successfully&#xD;
&#xD;
2019-09-05 13:14:18 - [TEST_STEP][PASSED] - waitForElementClickable(findTestObject("mobileSanity/STM/Page_App Page 4/label"), 10): Object 'Object Repository/mobileSanity/STM/Page_App Page 4/label' is clickable&#xD;
&#xD;
2019-09-05 13:14:22 - [MESSAGE][PASSED] - Object 'Object Repository/mobileSanity/STM/Page_App Page 4/label' is clickable&#xD;
&#xD;
2019-09-05 13:14:22 - [TEST_STEP][PASSED] - Thread.sleep(2000): null&#xD;
&#xD;
2019-09-05 13:14:24 - [TEST_STEP][PASSED] - callTestCase(findTestCase("mobileWeb/_include/get_screenshot"), [:], STOP_ON_FAILURE): Call Test Case 'Test Cases/mobileWeb/_include/get_screenshot' successfully&#xD;
&#xD;
2019-09-05 13:14:24 - [TEST_CASE][PASSED] - Test Cases/mobileWeb/_include/get_screenshot: Test Cases/mobileWeb/_include/get_screenshot&#xD;
&#xD;
2019-09-05 13:14:24 - [TEST_STEP][PASSED] - takeScreenshot(screenPath + i + ".png"): Taking screenshot successfully&#xD;
&#xD;
2019-09-05 13:14:25 - [MESSAGE][PASSED] - Taking screenshot successfully&#xD;
[[ATTACHMENT|D:\\Test\\AgileTest\\AgileTest\\Reports\\mobileWeb\\stm\\20190905_131101\\../Screenshots/iPhone X/stm/AdvantHealth/20190905_131307/10.png]]&#xD;
&#xD;
2019-09-05 13:14:25 - [TEST_STEP][PASSED] - (internal.GlobalVariable.i++): null&#xD;
&#xD;
2019-09-05 13:14:25 - [MESSAGE][PASSED] - Call Test Case 'Test Cases/mobileWeb/_include/get_screenshot' successfully&#xD;
&#xD;
2019-09-05 13:14:25 - [TEST_STEP][PASSED] - click(findTestObject("mobileSanity/STM/Page_App Page 4/label")): Object: 'Object Repository/mobileSanity/STM/Page_App Page 4/label' is clicked on&#xD;
&#xD;
2019-09-05 13:14:25 - [MESSAGE][PASSED] - Object: 'Object Repository/mobileSanity/STM/Page_App Page 4/label' is clicked on&#xD;
&#xD;
2019-09-05 13:14:25 - [TEST_STEP][PASSED] - click(findTestObject("mobileSanity/STM/Page_App Page 4/div_CLICK TO SIGN")): Object: 'Object Repository/mobileSanity/STM/Page_App Page 4/div_CLICK TO SIGN' is clicked on&#xD;
&#xD;
2019-09-05 13:14:25 - [MESSAGE][PASSED] - Object: 'Object Repository/mobileSanity/STM/Page_App Page 4/div_CLICK TO SIGN' is clicked on&#xD;
&#xD;
2019-09-05 13:14:25 - [TEST_STEP][PASSED] - click(findTestObject("mobileSanity/STM/Page_App Page 4/a_Submit Your Application")): Object: 'Object Repository/mobileSanity/STM/Page_App Page 4/a_Submit Your Application' is clicked on&#xD;
&#xD;
2019-09-05 13:14:25 - [MESSAGE][PASSED] - Object: 'Object Repository/mobileSanity/STM/Page_App Page 4/a_Submit Your Application' is clicked on&#xD;
&#xD;
2019-09-05 13:14:25 - [TEST_STEP][PASSED] - Thread.sleep(30000): null&#xD;
&#xD;
2019-09-05 13:14:55 - [TEST_STEP][PASSED] - callTestCase(findTestCase("mobileWeb/_include/get_screenshot"), [:], STOP_ON_FAILURE): Call Test Case 'Test Cases/mobileWeb/_include/get_screenshot' successfully&#xD;
&#xD;
2019-09-05 13:14:55 - [TEST_CASE][PASSED] - Test Cases/mobileWeb/_include/get_screenshot: Test Cases/mobileWeb/_include/get_screenshot&#xD;
&#xD;
2019-09-05 13:14:55 - [TEST_STEP][PASSED] - takeScreenshot(screenPath + i + ".png"): Taking screenshot successfully&#xD;
&#xD;
2019-09-05 13:14:56 - [MESSAGE][PASSED] - Taking screenshot successfully&#xD;
[[ATTACHMENT|D:\\Test\\AgileTest\\AgileTest\\Reports\\mobileWeb\\stm\\20190905_131101\\../Screenshots/iPhone X/stm/AdvantHealth/20190905_131307/11.png]]&#xD;
&#xD;
2019-09-05 13:14:56 - [TEST_STEP][PASSED] - (internal.GlobalVariable.i++): null&#xD;
&#xD;
2019-09-05 13:14:56 - [MESSAGE][PASSED] - Call Test Case 'Test Cases/mobileWeb/_include/get_screenshot' successfully&#xD;
&#xD;
2019-09-05 13:14:56 - [TEST_STEP][PASSED] - waitForElementPresent(findTestObject("mobileSanity/STM/Page_App Page 6/span_planName"), 30): Object 'Object Repository/mobileSanity/STM/Page_App Page 6/span_planName' is present&#xD;
&#xD;
2019-09-05 13:14:56 - [MESSAGE][PASSED] - Object 'Object Repository/mobileSanity/STM/Page_App Page 6/span_planName' is present&#xD;
&#xD;
2019-09-05 13:14:56 - [TEST_STEP][PASSED] - verifyElementPresent(findTestObject("mobileSanity/STM/Page_App Page 6/span_planName"), 20): Object 'Object Repository/mobileSanity/STM/Page_App Page 6/span_planName' is present&#xD;
&#xD;
2019-09-05 13:14:56 - [MESSAGE][PASSED] - Object 'Object Repository/mobileSanity/STM/Page_App Page 6/span_planName' is present&#xD;
&#xD;
2019-09-05 13:14:56 - [TEST_STEP][PASSED] - verifyElementPresent(findTestObject("mobileSanity/STM/Page_App Page 6/span_approved"), 20): Object 'Object Repository/mobileSanity/STM/Page_App Page 6/span_approved' is present&#xD;
&#xD;
2019-09-05 13:14:56 - [MESSAGE][PASSED] - Object 'Object Repository/mobileSanity/STM/Page_App Page 6/span_approved' is present&#xD;
&#xD;
2019-09-05 13:14:56 - [MESSAGE][PASSED] - Call Test Case 'Test Cases/mobileWeb/_include/goToEnd_stm_autofill' successfully</system-out>
            <system-err></system-err>
        </testcase>
        <testcase name="Test Cases/mobileWeb/stm/Companion" classname="Test Cases/mobileWeb/stm/Companion" status="FAILED">
            <failure type="FAILED" message="Test Cases/mobileWeb/stm/Companion FAILED.&#xA;Reason:&#xA;com.kms.katalon.core.exception.StepFailedException: Call Test Case 'Test Cases/mobileWeb/_include/goToEnd_stm_autofill' failed&#xD;&#xA;&#x9;at com.kms.katalon.core.keyword.builtin.CallTestCaseKeyword$_callTestCase_closure1.doCall(CallTestCaseKeyword.groovy:63)&#xD;&#xA;&#x9;at com.kms.katalon.core.keyword.builtin.CallTestCaseKeyword$_callTestCase_closure1.call(CallTestCaseKeyword.groovy)&#xD;&#xA;&#x9;at com.kms.katalon.core.keyword.internal.KeywordMain.runKeyword(KeywordMain.groovy:68)&#xD;&#xA;&#x9;at com.kms.katalon.core.keyword.builtin.CallTestCaseKeyword.callTestCase(CallTestCaseKeyword.groovy:81)&#xD;&#xA;&#x9;at com.kms.katalon.core.keyword.builtin.CallTestCaseKeyword.execute(CallTestCaseKeyword.groovy:44)&#xD;&#xA;&#x9;at com.kms.katalon.core.keyword.internal.KeywordExecutor.executeKeywordForPlatform(KeywordExecutor.groovy:56)&#xD;&#xA;&#x9;at com.kms.katalon.core.keyword.BuiltinKeywords.callTestCase(BuiltinKeywords.groovy:334)&#xD;&#xA;&#x9;at Companion.run(Companion:31)&#xD;&#xA;&#x9;at com.kms.katalon.core.main.ScriptEngine.run(ScriptEngine.java:194)&#xD;&#xA;&#x9;at com.kms.katalon.core.main.ScriptEngine.runScriptAsRawText(ScriptEngine.java:119)&#xD;&#xA;&#x9;at com.kms.katalon.core.main.TestCaseExecutor.runScript(TestCaseExecutor.java:337)&#xD;&#xA;&#x9;at com.kms.katalon.core.main.TestCaseExecutor.doExecute(TestCaseExecutor.java:328)&#xD;&#xA;&#x9;at com.kms.katalon.core.main.TestCaseExecutor.processExecutionPhase(TestCaseExecutor.java:307)&#xD;&#xA;&#x9;at com.kms.katalon.core.main.TestCaseExecutor.accessMainPhase(TestCaseExecutor.java:299)&#xD;&#xA;&#x9;at com.kms.katalon.core.main.TestCaseExecutor.execute(TestCaseExecutor.java:233)&#xD;&#xA;&#x9;at com.kms.katalon.core.main.TestSuiteExecutor.accessTestCaseMainPhase(TestSuiteExecutor.java:133)&#xD;&#xA;&#x9;at com.kms.katalon.core.main.TestSuiteExecutor.accessTestSuiteMainPhase(TestSuiteExecutor.java:116)&#xD;&#xA;&#x9;at com.kms.katalon.core.main.TestSuiteExecutor.execute(TestSuiteExecutor.java:83)&#xD;&#xA;&#x9;at com.kms.katalon.core.main.TestCaseMain.startTestSuite(TestCaseMain.java:157)&#xD;&#xA;&#x9;at com.kms.katalon.core.main.TestCaseMain$startTestSuite$0.call(Unknown Source)&#xD;&#xA;&#x9;at TempTestSuite1567660261320.run(TempTestSuite1567660261320.groovy:35)&#xD;&#xA;Caused by: com.kms.katalon.core.exception.StepFailedException: Unable to verify object 'Object Repository/mobileSanity/STM/Page_App Page 6/span_approved' is present&#xD;&#xA;&#x9;at com.kms.katalon.core.webui.keyword.internal.WebUIKeywordMain.stepFailed(WebUIKeywordMain.groovy:64)&#xD;&#xA;&#x9;at com.kms.katalon.core.webui.keyword.internal.WebUIKeywordMain.runKeyword(WebUIKeywordMain.groovy:26)&#xD;&#xA;&#x9;at com.kms.katalon.core.webui.keyword.builtin.VerifyElementPresentKeyword.verifyElementPresent(VerifyElementPresentKeyword.groovy:92)&#xD;&#xA;&#x9;at com.kms.katalon.core.webui.keyword.builtin.VerifyElementPresentKeyword.execute(VerifyElementPresentKeyword.groovy:68)&#xD;&#xA;&#x9;at com.kms.katalon.core.keyword.internal.KeywordExecutor.executeKeywordForPlatform(KeywordExecutor.groovy:56)&#xD;&#xA;&#x9;at com.kms.katalon.core.webui.keyword.WebUiBuiltInKeywords.verifyElementPresent(WebUiBuiltInKeywords.groovy:1434)&#xD;&#xA;&#x9;at com.kms.katalon.core.webui.keyword.WebUiBuiltInKeywords$verifyElementPresent$12.call(Unknown Source)&#xD;&#xA;&#x9;at goToEnd_stm_autofill.run(goToEnd_stm_autofill:101)&#xD;&#xA;&#x9;at com.kms.katalon.core.main.ScriptEngine.run(ScriptEngine.java:194)&#xD;&#xA;&#x9;at com.kms.katalon.core.main.ScriptEngine.runScriptAsRawText(ScriptEngine.java:119)&#xD;&#xA;&#x9;at com.kms.katalon.core.main.TestCaseExecutor.runScript(TestCaseExecutor.java:337)&#xD;&#xA;&#x9;at com.kms.katalon.core.main.TestCaseExecutor.doExecute(TestCaseExecutor.java:328)&#xD;&#xA;&#x9;at com.kms.katalon.core.main.TestCaseExecutor.processExecutionPhase(TestCaseExecutor.java:307)&#xD;&#xA;&#x9;at com.kms.katalon.core.main.TestCaseExecutor.accessMainPhase(TestCaseExecutor.java:299)&#xD;&#xA;&#x9;at com.kms.katalon.core.main.TestCaseExecutor.execute(TestCaseExecutor.java:233)&#xD;&#xA;&#x9;at com.kms.katalon.core.main.TestCaseMain.runTestCase(TestCaseMain.java:114)&#xD;&#xA;&#x9;at com.kms.katalon.core.keyword.builtin.CallTestCaseKeyword$_callTestCase_closure1.doCall(CallTestCaseKeyword.groovy:59)&#xD;&#xA;&#x9;... 20 more&#xD;&#xA;Caused by: com.kms.katalon.core.exception.StepFailedException: com.kms.katalon.core.webui.exception.WebElementNotFoundException: Web element with id: 'Object Repository/mobileSanity/STM/Page_App Page 6/span_approved' located by 'By.xpath: //span[(text() = 'approved' or . = 'approved')]' not found&#xD;&#xA;&#x9;at com.kms.katalon.core.webui.keyword.internal.WebUIKeywordMain.stepFailed(WebUIKeywordMain.groovy:64)&#xD;&#xA;&#x9;at com.kms.katalon.core.webui.keyword.builtin.VerifyElementPresentKeyword$_verifyElementPresent_closure1.doCall(VerifyElementPresentKeyword.groovy:85)&#xD;&#xA;&#x9;at com.kms.katalon.core.webui.keyword.builtin.VerifyElementPresentKeyword$_verifyElementPresent_closure1.call(VerifyElementPresentKeyword.groovy)&#xD;&#xA;&#x9;at com.kms.katalon.core.webui.keyword.internal.WebUIKeywordMain.runKeyword(WebUIKeywordMain.groovy:20)&#xD;&#xA;&#x9;... 35 more&#xD;&#xA;"/>
            <system-out>2019-09-05 13:14:56 - [TEST_CASE][FAILED] - Test Cases/mobileWeb/stm/Companion: Test Cases/mobileWeb/stm/Companion FAILED.
Reason:
com.kms.katalon.core.exception.StepFailedException: Call Test Case 'Test Cases/mobileWeb/_include/goToEnd_stm_autofill' failed&#xD;
	at com.kms.katalon.core.keyword.builtin.CallTestCaseKeyword$_callTestCase_closure1.doCall(CallTestCaseKeyword.groovy:63)&#xD;
	at com.kms.katalon.core.keyword.builtin.CallTestCaseKeyword$_callTestCase_closure1.call(CallTestCaseKeyword.groovy)&#xD;
	at com.kms.katalon.core.keyword.internal.KeywordMain.runKeyword(KeywordMain.groovy:68)&#xD;
	at com.kms.katalon.core.keyword.builtin.CallTestCaseKeyword.callTestCase(CallTestCaseKeyword.groovy:81)&#xD;
	at com.kms.katalon.core.keyword.builtin.CallTestCaseKeyword.execute(CallTestCaseKeyword.groovy:44)&#xD;
	at com.kms.katalon.core.keyword.internal.KeywordExecutor.executeKeywordForPlatform(KeywordExecutor.groovy:56)&#xD;
	at com.kms.katalon.core.keyword.BuiltinKeywords.callTestCase(BuiltinKeywords.groovy:334)&#xD;
	at Companion.run(Companion:31)&#xD;
	at com.kms.katalon.core.main.ScriptEngine.run(ScriptEngine.java:194)&#xD;
	at com.kms.katalon.core.main.ScriptEngine.runScriptAsRawText(ScriptEngine.java:119)&#xD;
	at com.kms.katalon.core.main.TestCaseExecutor.runScript(TestCaseExecutor.java:337)&#xD;
	at com.kms.katalon.core.main.TestCaseExecutor.doExecute(TestCaseExecutor.java:328)&#xD;
	at com.kms.katalon.core.main.TestCaseExecutor.processExecutionPhase(TestCaseExecutor.java:307)&#xD;
	at com.kms.katalon.core.main.TestCaseExecutor.accessMainPhase(TestCaseExecutor.java:299)&#xD;
	at com.kms.katalon.core.main.TestCaseExecutor.execute(TestCaseExecutor.java:233)&#xD;
	at com.kms.katalon.core.main.TestSuiteExecutor.accessTestCaseMainPhase(TestSuiteExecutor.java:133)&#xD;
	at com.kms.katalon.core.main.TestSuiteExecutor.accessTestSuiteMainPhase(TestSuiteExecutor.java:116)&#xD;
	at com.kms.katalon.core.main.TestSuiteExecutor.execute(TestSuiteExecutor.java:83)&#xD;
	at com.kms.katalon.core.main.TestCaseMain.startTestSuite(TestCaseMain.java:157)&#xD;
	at com.kms.katalon.core.main.TestCaseMain$startTestSuite$0.call(Unknown Source)&#xD;
	at TempTestSuite1567660261320.run(TempTestSuite1567660261320.groovy:35)&#xD;
Caused by: com.kms.katalon.core.exception.StepFailedException: Unable to verify object 'Object Repository/mobileSanity/STM/Page_App Page 6/span_approved' is present&#xD;
	at com.kms.katalon.core.webui.keyword.internal.WebUIKeywordMain.stepFailed(WebUIKeywordMain.groovy:64)&#xD;
	at com.kms.katalon.core.webui.keyword.internal.WebUIKeywordMain.runKeyword(WebUIKeywordMain.groovy:26)&#xD;
	at com.kms.katalon.core.webui.keyword.builtin.VerifyElementPresentKeyword.verifyElementPresent(VerifyElementPresentKeyword.groovy:92)&#xD;
	at com.kms.katalon.core.webui.keyword.builtin.VerifyElementPresentKeyword.execute(VerifyElementPresentKeyword.groovy:68)&#xD;
	at com.kms.katalon.core.keyword.internal.KeywordExecutor.executeKeywordForPlatform(KeywordExecutor.groovy:56)&#xD;
	at com.kms.katalon.core.webui.keyword.WebUiBuiltInKeywords.verifyElementPresent(WebUiBuiltInKeywords.groovy:1434)&#xD;
	at com.kms.katalon.core.webui.keyword.WebUiBuiltInKeywords$verifyElementPresent$12.call(Unknown Source)&#xD;
	at goToEnd_stm_autofill.run(goToEnd_stm_autofill:101)&#xD;
	at com.kms.katalon.core.main.ScriptEngine.run(ScriptEngine.java:194)&#xD;
	at com.kms.katalon.core.main.ScriptEngine.runScriptAsRawText(ScriptEngine.java:119)&#xD;
	at com.kms.katalon.core.main.TestCaseExecutor.runScript(TestCaseExecutor.java:337)&#xD;
	at com.kms.katalon.core.main.TestCaseExecutor.doExecute(TestCaseExecutor.java:328)&#xD;
	at com.kms.katalon.core.main.TestCaseExecutor.processExecutionPhase(TestCaseExecutor.java:307)&#xD;
	at com.kms.katalon.core.main.TestCaseExecutor.accessMainPhase(TestCaseExecutor.java:299)&#xD;
	at com.kms.katalon.core.main.TestCaseExecutor.execute(TestCaseExecutor.java:233)&#xD;
	at com.kms.katalon.core.main.TestCaseMain.runTestCase(TestCaseMain.java:114)&#xD;
	at com.kms.katalon.core.keyword.builtin.CallTestCaseKeyword$_callTestCase_closure1.doCall(CallTestCaseKeyword.groovy:59)&#xD;
	... 20 more&#xD;
Caused by: com.kms.katalon.core.exception.StepFailedException: com.kms.katalon.core.webui.exception.WebElementNotFoundException: Web element with id: 'Object Repository/mobileSanity/STM/Page_App Page 6/span_approved' located by 'By.xpath: //span[(text() = 'approved' or . = 'approved')]' not found&#xD;
	at com.kms.katalon.core.webui.keyword.internal.WebUIKeywordMain.stepFailed(WebUIKeywordMain.groovy:64)&#xD;
	at com.kms.katalon.core.webui.keyword.builtin.VerifyElementPresentKeyword$_verifyElementPresent_closure1.doCall(VerifyElementPresentKeyword.groovy:85)&#xD;
	at com.kms.katalon.core.webui.keyword.builtin.VerifyElementPresentKeyword$_verifyElementPresent_closure1.call(VerifyElementPresentKeyword.groovy)&#xD;
	at com.kms.katalon.core.webui.keyword.internal.WebUIKeywordMain.runKeyword(WebUIKeywordMain.groovy:20)&#xD;
	... 35 more&#xD;
&#xD;
&#xD;
2019-09-05 13:14:56 - [TEST_STEP][PASSED] - callTestCase(findTestCase("mobileWeb/_include/get_screenPath"), ["productLine":"stm", "carrierName":"Companion"], CONTINUE_ON_FAILURE): Call Test Case 'Test Cases/mobileWeb/_include/get_screenPath' successfully&#xD;
&#xD;
2019-09-05 13:14:56 - [TEST_CASE][PASSED] - Test Cases/mobileWeb/_include/get_screenPath: Test Cases/mobileWeb/_include/get_screenPath&#xD;
&#xD;
2019-09-05 13:14:56 - [TEST_STEP][PASSED] - m = getExecutionProperties(): null&#xD;
&#xD;
2019-09-05 13:14:56 - [TEST_STEP][PASSED] - deviceName = get("mobileEmulation").get("deviceName"): null&#xD;
&#xD;
2019-09-05 13:14:56 - [TEST_STEP][PASSED] - println(deviceName): null&#xD;
&#xD;
2019-09-05 13:14:56 - [TEST_STEP][PASSED] - now = new java.util.Date(): null&#xD;
&#xD;
2019-09-05 13:14:56 - [TEST_STEP][PASSED] - mydate = now.format("yyyyMMdd_HHmmss"): null&#xD;
&#xD;
2019-09-05 13:14:56 - [TEST_STEP][PASSED] - screenPath = "../Screenshots/": null&#xD;
&#xD;
2019-09-05 13:14:56 - [TEST_STEP][PASSED] - screenPath = screenPath + deviceName + "/" + productLine + "/" + carrierName + "/" + mydate + "/": null&#xD;
&#xD;
2019-09-05 13:14:56 - [TEST_STEP][PASSED] - println(screenPath): null&#xD;
&#xD;
2019-09-05 13:14:56 - [MESSAGE][PASSED] - Call Test Case 'Test Cases/mobileWeb/_include/get_screenPath' successfully&#xD;
&#xD;
2019-09-05 13:14:56 - [TEST_STEP][PASSED] - i = 0: null&#xD;
&#xD;
2019-09-05 13:14:56 - [TEST_STEP][PASSED] - callTestCase(findTestCase("mobileWeb/_include/openWebSite"), [:], CONTINUE_ON_FAILURE): Call Test Case 'Test Cases/mobileWeb/_include/openWebSite' successfully&#xD;
&#xD;
2019-09-05 13:14:56 - [TEST_CASE][PASSED] - Test Cases/mobileWeb/_include/openWebSite: Test Cases/mobileWeb/_include/openWebSite&#xD;
&#xD;
2019-09-05 13:14:56 - [TEST_STEP][PASSED] - openBrowser(env): Browser is opened with url: 'https://praetemptatus.agilehealthinsurance.com'&#xD;
&#xD;
2019-09-05 13:14:56 - [MESSAGE][WARNING] - A browser is already opened. Closing browser and opening a new one&#xD;
&#xD;
2019-09-05 13:14:57 - [MESSAGE][INFO] - Starting 'Chrome' driver&#xD;
&#xD;
2019-09-05 13:14:57 - [MESSAGE][INFO] - User set preference: ['mobileEmulation', '{deviceName=iPhone X}']&#xD;
&#xD;
2019-09-05 13:14:57 - [MESSAGE][INFO] - User set preference: ['args', '[--incognito, --aggressive-cache-discard, --no-sandbox, --window-size=375,812]']&#xD;
&#xD;
2019-09-05 13:15:03 - [MESSAGE][PASSED] - Browser is opened with url: 'https://praetemptatus.agilehealthinsurance.com'&#xD;
&#xD;
2019-09-05 13:15:03 - [TEST_STEP][PASSED] - waitForPageLoad(20): Wait for page load successfully&#xD;
&#xD;
2019-09-05 13:15:03 - [MESSAGE][PASSED] - Wait for page load successfully&#xD;
&#xD;
2019-09-05 13:15:03 - [TEST_STEP][PASSED] - callTestCase(findTestCase("mobileWeb/_include/get_screenshot"), [:], STOP_ON_FAILURE): Call Test Case 'Test Cases/mobileWeb/_include/get_screenshot' successfully&#xD;
&#xD;
2019-09-05 13:15:03 - [TEST_CASE][PASSED] - Test Cases/mobileWeb/_include/get_screenshot: Test Cases/mobileWeb/_include/get_screenshot&#xD;
&#xD;
2019-09-05 13:15:03 - [TEST_STEP][PASSED] - takeScreenshot(screenPath + i + ".png"): Taking screenshot successfully&#xD;
&#xD;
2019-09-05 13:15:04 - [MESSAGE][PASSED] - Taking screenshot successfully&#xD;
[[ATTACHMENT|D:\\Test\\AgileTest\\AgileTest\\Reports\\mobileWeb\\stm\\20190905_131101\\../Screenshots/iPhone X/stm/Companion/20190905_131456/0.png]]&#xD;
&#xD;
2019-09-05 13:15:04 - [TEST_STEP][PASSED] - (internal.GlobalVariable.i++): null&#xD;
&#xD;
2019-09-05 13:15:04 - [MESSAGE][PASSED] - Call Test Case 'Test Cases/mobileWeb/_include/get_screenshot' successfully&#xD;
&#xD;
2019-09-05 13:15:04 - [MESSAGE][PASSED] - Call Test Case 'Test Cases/mobileWeb/_include/openWebSite' successfully&#xD;
&#xD;
2019-09-05 13:15:04 - [TEST_STEP][PASSED] - callTestCase(findTestCase("mobileWeb/_include/census_stm"), [:], CONTINUE_ON_FAILURE): Call Test Case 'Test Cases/mobileWeb/_include/census_stm' successfully&#xD;
&#xD;
2019-09-05 13:15:04 - [TEST_CASE][PASSED] - Test Cases/mobileWeb/_include/census_stm: Test Cases/mobileWeb/_include/census_stm&#xD;
&#xD;
2019-09-05 13:15:04 - [TEST_STEP][PASSED] - waitForElementClickable(findTestObject("mobileSanity/STM/Home Page/a_Quote  Save Today"), 10): Object 'Object Repository/mobileSanity/STM/Home Page/a_Quote  Save Today' is clickable&#xD;
&#xD;
2019-09-05 13:15:04 - [MESSAGE][PASSED] - Object 'Object Repository/mobileSanity/STM/Home Page/a_Quote  Save Today' is clickable&#xD;
&#xD;
2019-09-05 13:15:04 - [TEST_STEP][PASSED] - click(findTestObject("mobileSanity/STM/Home Page/a_Quote  Save Today")): Object: 'Object Repository/mobileSanity/STM/Home Page/a_Quote  Save Today' is clicked on&#xD;
&#xD;
2019-09-05 13:15:05 - [MESSAGE][PASSED] - Object: 'Object Repository/mobileSanity/STM/Home Page/a_Quote  Save Today' is clicked on&#xD;
&#xD;
2019-09-05 13:15:05 - [TEST_STEP][PASSED] - waitForPageLoad(10): Wait for page load successfully&#xD;
&#xD;
2019-09-05 13:15:05 - [MESSAGE][PASSED] - Wait for page load successfully&#xD;
&#xD;
2019-09-05 13:15:05 - [TEST_STEP][PASSED] - callTestCase(findTestCase("mobileWeb/_include/get_screenshot"), [:], STOP_ON_FAILURE): Call Test Case 'Test Cases/mobileWeb/_include/get_screenshot' successfully&#xD;
&#xD;
2019-09-05 13:15:05 - [TEST_CASE][PASSED] - Test Cases/mobileWeb/_include/get_screenshot: Test Cases/mobileWeb/_include/get_screenshot&#xD;
&#xD;
2019-09-05 13:15:05 - [TEST_STEP][PASSED] - takeScreenshot(screenPath + i + ".png"): Taking screenshot successfully&#xD;
&#xD;
2019-09-05 13:15:06 - [MESSAGE][PASSED] - Taking screenshot successfully&#xD;
[[ATTACHMENT|D:\\Test\\AgileTest\\AgileTest\\Reports\\mobileWeb\\stm\\20190905_131101\\../Screenshots/iPhone X/stm/Companion/20190905_131456/1.png]]&#xD;
&#xD;
2019-09-05 13:15:06 - [TEST_STEP][PASSED] - (internal.GlobalVariable.i++): null&#xD;
&#xD;
2019-09-05 13:15:06 - [MESSAGE][PASSED] - Call Test Case 'Test Cases/mobileWeb/_include/get_screenshot' successfully&#xD;
&#xD;
2019-09-05 13:15:06 - [TEST_STEP][PASSED] - setText(findTestObject("mobileSanity/STM/STM Census Page/input_Location_zip-input"), zipcode): Text '35215' is set on object 'Object Repository/mobileSanity/STM/STM Census Page/input_Location_zip-input'&#xD;
&#xD;
2019-09-05 13:15:07 - [MESSAGE][PASSED] - Text '35215' is set on object 'Object Repository/mobileSanity/STM/STM Census Page/input_Location_zip-input'&#xD;
&#xD;
2019-09-05 13:15:07 - [TEST_STEP][PASSED] - Thread.sleep(500): null&#xD;
&#xD;
2019-09-05 13:15:07 - [TEST_STEP][PASSED] - setText(findTestObject("mobileSanity/STM/STM Census Page/input_Date of Birth_dob-0"), "03031987"): Text '03031987' is set on object 'Object Repository/mobileSanity/STM/STM Census Page/input_Date of Birth_dob-0'&#xD;
&#xD;
2019-09-05 13:15:07 - [MESSAGE][PASSED] - Text '03031987' is set on object 'Object Repository/mobileSanity/STM/STM Census Page/input_Date of Birth_dob-0'&#xD;
&#xD;
2019-09-05 13:15:07 - [TEST_STEP][PASSED] - click(findTestObject("mobileSanity/STM/STM Census Page/label_Male")): Object: 'Object Repository/mobileSanity/STM/STM Census Page/label_Male' is clicked on&#xD;
&#xD;
2019-09-05 13:15:07 - [MESSAGE][PASSED] - Object: 'Object Repository/mobileSanity/STM/STM Census Page/label_Male' is clicked on&#xD;
&#xD;
2019-09-05 13:15:07 - [TEST_STEP][PASSED] - click(findTestObject("mobileSanity/STM/STM Census Page/label_Compare Plans")): Object: 'Object Repository/mobileSanity/STM/STM Census Page/label_Compare Plans' is clicked on&#xD;
&#xD;
2019-09-05 13:15:08 - [MESSAGE][PASSED] - Object: 'Object Repository/mobileSanity/STM/STM Census Page/label_Compare Plans' is clicked on&#xD;
&#xD;
2019-09-05 13:15:08 - [TEST_STEP][PASSED] - waitForElementVisible(findTestObject("mobileSanity/STM/STM Quote Page/button_sort"), 20): Web element with id: 'Object Repository/mobileSanity/STM/STM Quote Page/button_sort' located by 'By.xpath: //*[@class = 'js-toggle-others c-filter-toggle-v3 ']' not found&#xD;
&#xD;
2019-09-05 13:15:29 - [MESSAGE][INFO] - Unable to find the element located by 'By.xpath: //*[@class = 'js-toggle-others c-filter-toggle-v3 ']'. Please recheck the objects properties to make sure the desired element is located. &#xD;
&#xD;
2019-09-05 13:15:29 - [MESSAGE][WARNING] - Web element with id: 'Object Repository/mobileSanity/STM/STM Quote Page/button_sort' located by 'By.xpath: //*[@class = 'js-toggle-others c-filter-toggle-v3 ']' not found&#xD;
&#xD;
2019-09-05 13:15:29 - [TEST_STEP][PASSED] - Thread.sleep(3000): null&#xD;
&#xD;
2019-09-05 13:15:32 - [TEST_STEP][PASSED] - callTestCase(findTestCase("mobileWeb/_include/get_screenshot"), [:], STOP_ON_FAILURE): Call Test Case 'Test Cases/mobileWeb/_include/get_screenshot' successfully&#xD;
&#xD;
2019-09-05 13:15:32 - [TEST_CASE][PASSED] - Test Cases/mobileWeb/_include/get_screenshot: Test Cases/mobileWeb/_include/get_screenshot&#xD;
&#xD;
2019-09-05 13:15:32 - [TEST_STEP][PASSED] - takeScreenshot(screenPath + i + ".png"): Taking screenshot successfully&#xD;
&#xD;
2019-09-05 13:15:33 - [MESSAGE][PASSED] - Taking screenshot successfully&#xD;
[[ATTACHMENT|D:\\Test\\AgileTest\\AgileTest\\Reports\\mobileWeb\\stm\\20190905_131101\\../Screenshots/iPhone X/stm/Companion/20190905_131456/2.png]]&#xD;
&#xD;
2019-09-05 13:15:33 - [TEST_STEP][PASSED] - (internal.GlobalVariable.i++): null&#xD;
&#xD;
2019-09-05 13:15:33 - [MESSAGE][PASSED] - Call Test Case 'Test Cases/mobileWeb/_include/get_screenshot' successfully&#xD;
&#xD;
2019-09-05 13:15:33 - [TEST_STEP][PASSED] - Thread.sleep(1000): null&#xD;
&#xD;
2019-09-05 13:15:34 - [MESSAGE][PASSED] - Call Test Case 'Test Cases/mobileWeb/_include/census_stm' successfully&#xD;
&#xD;
2019-09-05 13:15:34 - [TEST_STEP][PASSED] - callTestCase(findTestCase("mobileWeb/_include/filter_stm"), ["carrier":"pivotcompanion"], STOP_ON_FAILURE): Call Test Case 'Test Cases/mobileWeb/_include/filter_stm' successfully&#xD;
&#xD;
2019-09-05 13:15:34 - [TEST_CASE][PASSED] - Test Cases/mobileWeb/_include/filter_stm: Test Cases/mobileWeb/_include/filter_stm&#xD;
&#xD;
2019-09-05 13:15:34 - [TEST_STEP][PASSED] - driver = getWebDriver(): null&#xD;
&#xD;
2019-09-05 13:15:34 - [TEST_STEP][PASSED] - selenium = new com.thoughtworks.selenium.webdriven.WebDriverBackedSelenium(driver, internal.GlobalVariable.ENV): null&#xD;
&#xD;
2019-09-05 13:15:34 - [TEST_STEP][PASSED] - Thread.sleep(1000): null&#xD;
&#xD;
2019-09-05 13:15:35 - [TEST_STEP][PASSED] - click(findTestObject("mobileSanity/STM/STM Quote Page/button_filters")): Object: 'Object Repository/mobileSanity/STM/STM Quote Page/button_filters' is clicked on&#xD;
&#xD;
2019-09-05 13:15:35 - [MESSAGE][PASSED] - Object: 'Object Repository/mobileSanity/STM/STM Quote Page/button_filters' is clicked on&#xD;
&#xD;
2019-09-05 13:15:35 - [TEST_STEP][PASSED] - Thread.sleep(1000): null&#xD;
&#xD;
2019-09-05 13:15:36 - [TEST_STEP][PASSED] - click(findTestObject("mobileSanity/STM/STM Quote Page/i_Insurance company")): Object: 'Object Repository/mobileSanity/STM/STM Quote Page/i_Insurance company' is clicked on&#xD;
&#xD;
2019-09-05 13:15:37 - [MESSAGE][PASSED] - Object: 'Object Repository/mobileSanity/STM/STM Quote Page/i_Insurance company' is clicked on&#xD;
&#xD;
2019-09-05 13:15:37 - [TEST_STEP][PASSED] - Thread.sleep(1000): null&#xD;
&#xD;
2019-09-05 13:15:38 - [TEST_STEP][PASSED] - filter_carrier = "//input[@name='filter[carrier]' and @value='" + carrier + "']/following::label": null&#xD;
&#xD;
2019-09-05 13:15:38 - [TEST_STEP][PASSED] - println(filter_carrier): null&#xD;
&#xD;
2019-09-05 13:15:38 - [TEST_STEP][PASSED] - test.MobileKeywords.clickJS_ByXpath(filter_carrier): test.MobileKeywords.clickJS_ByXpath is PASSED&#xD;
&#xD;
2019-09-05 13:15:38 - [MESSAGE][PASSED] - Execute JavaScript 'arguments[0].click()' successfully&#xD;
&#xD;
2019-09-05 13:15:38 - [MESSAGE][PASSED] - test.MobileKeywords.clickJS_ByXpath is PASSED&#xD;
&#xD;
2019-09-05 13:15:38 - [TEST_STEP][PASSED] - Thread.sleep(1000): null&#xD;
&#xD;
2019-09-05 13:15:39 - [TEST_STEP][PASSED] - scrollToElement(findTestObject("mobileSanity/STM/STM Quote Page/a_Show Plans"), 1000): Scroll to object 'Object Repository/mobileSanity/STM/STM Quote Page/a_Show Plans' successfully&#xD;
&#xD;
2019-09-05 13:15:39 - [MESSAGE][PASSED] - Scroll to object 'Object Repository/mobileSanity/STM/STM Quote Page/a_Show Plans' successfully&#xD;
&#xD;
2019-09-05 13:15:39 - [TEST_STEP][PASSED] - click(findTestObject("mobileSanity/STM/STM Quote Page/a_Show Plans")): Object: 'Object Repository/mobileSanity/STM/STM Quote Page/a_Show Plans' is clicked on&#xD;
&#xD;
2019-09-05 13:15:39 - [MESSAGE][PASSED] - Object: 'Object Repository/mobileSanity/STM/STM Quote Page/a_Show Plans' is clicked on&#xD;
&#xD;
2019-09-05 13:15:39 - [TEST_STEP][PASSED] - waitForJQueryLoad(20, STOP_ON_FAILURE): jQuery is ready.&#xD;
&#xD;
2019-09-05 13:15:40 - [MESSAGE][PASSED] - jQuery is ready.&#xD;
&#xD;
2019-09-05 13:15:40 - [TEST_STEP][PASSED] - Thread.sleep(2000): null&#xD;
&#xD;
2019-09-05 13:15:42 - [TEST_STEP][PASSED] - callTestCase(findTestCase("mobileWeb/_include/get_screenshot"), [:], STOP_ON_FAILURE): Call Test Case 'Test Cases/mobileWeb/_include/get_screenshot' successfully&#xD;
&#xD;
2019-09-05 13:15:42 - [TEST_CASE][PASSED] - Test Cases/mobileWeb/_include/get_screenshot: Test Cases/mobileWeb/_include/get_screenshot&#xD;
&#xD;
2019-09-05 13:15:42 - [TEST_STEP][PASSED] - takeScreenshot(screenPath + i + ".png"): Taking screenshot successfully&#xD;
&#xD;
2019-09-05 13:15:43 - [MESSAGE][PASSED] - Taking screenshot successfully&#xD;
[[ATTACHMENT|D:\\Test\\AgileTest\\AgileTest\\Reports\\mobileWeb\\stm\\20190905_131101\\../Screenshots/iPhone X/stm/Companion/20190905_131456/3.png]]&#xD;
&#xD;
2019-09-05 13:15:43 - [TEST_STEP][PASSED] - (internal.GlobalVariable.i++): null&#xD;
&#xD;
2019-09-05 13:15:43 - [MESSAGE][PASSED] - Call Test Case 'Test Cases/mobileWeb/_include/get_screenshot' successfully&#xD;
&#xD;
2019-09-05 13:15:43 - [MESSAGE][PASSED] - Call Test Case 'Test Cases/mobileWeb/_include/filter_stm' successfully&#xD;
&#xD;
2019-09-05 13:15:43 - [TEST_STEP][PASSED] - callTestCase(findTestCase("mobileWeb/_include/goToDetail_stm"), ["carrier":"pivot-health-choice"], STOP_ON_FAILURE): Call Test Case 'Test Cases/mobileWeb/_include/goToDetail_stm' successfully&#xD;
&#xD;
2019-09-05 13:15:43 - [TEST_CASE][PASSED] - Test Cases/mobileWeb/_include/goToDetail_stm: Test Cases/mobileWeb/_include/goToDetail_stm&#xD;
&#xD;
2019-09-05 13:15:43 - [TEST_STEP][PASSED] - driver = getWebDriver(): null&#xD;
&#xD;
2019-09-05 13:15:43 - [TEST_STEP][PASSED] - selenium = new com.thoughtworks.selenium.webdriven.WebDriverBackedSelenium(driver, internal.GlobalVariable.ENV): null&#xD;
&#xD;
2019-09-05 13:15:43 - [TEST_STEP][PASSED] - a_plan_name = "xpath=//a[contains(@href,'/term-health-insurance/plan/" + carrier + "')]": null&#xD;
&#xD;
2019-09-05 13:15:43 - [TEST_STEP][PASSED] - println(a_plan_name): null&#xD;
&#xD;
2019-09-05 13:15:43 - [TEST_STEP][PASSED] - selenium.click(a_plan_name): null&#xD;
&#xD;
2019-09-05 13:15:47 - [TEST_STEP][PASSED] - waitForPageLoad(20): Wait for page load successfully&#xD;
&#xD;
2019-09-05 13:15:47 - [MESSAGE][PASSED] - Wait for page load successfully&#xD;
&#xD;
2019-09-05 13:15:47 - [TEST_STEP][PASSED] - Thread.sleep(2000): null&#xD;
&#xD;
2019-09-05 13:15:49 - [TEST_STEP][PASSED] - callTestCase(findTestCase("mobileWeb/_include/get_screenshot"), [:], STOP_ON_FAILURE): Call Test Case 'Test Cases/mobileWeb/_include/get_screenshot' successfully&#xD;
&#xD;
2019-09-05 13:15:49 - [TEST_CASE][PASSED] - Test Cases/mobileWeb/_include/get_screenshot: Test Cases/mobileWeb/_include/get_screenshot&#xD;
&#xD;
2019-09-05 13:15:49 - [TEST_STEP][PASSED] - takeScreenshot(screenPath + i + ".png"): Taking screenshot successfully&#xD;
&#xD;
2019-09-05 13:15:50 - [MESSAGE][PASSED] - Taking screenshot successfully&#xD;
[[ATTACHMENT|D:\\Test\\AgileTest\\AgileTest\\Reports\\mobileWeb\\stm\\20190905_131101\\../Screenshots/iPhone X/stm/Companion/20190905_131456/4.png]]&#xD;
&#xD;
2019-09-05 13:15:50 - [TEST_STEP][PASSED] - (internal.GlobalVariable.i++): null&#xD;
&#xD;
2019-09-05 13:15:50 - [MESSAGE][PASSED] - Call Test Case 'Test Cases/mobileWeb/_include/get_screenshot' successfully&#xD;
&#xD;
2019-09-05 13:15:50 - [MESSAGE][PASSED] - Call Test Case 'Test Cases/mobileWeb/_include/goToDetail_stm' successfully&#xD;
&#xD;
2019-09-05 13:15:50 - [TEST_STEP][PASSED] - callTestCase(findTestCase("mobileWeb/_include/apply_stm"), [:], STOP_ON_FAILURE): Call Test Case 'Test Cases/mobileWeb/_include/apply_stm' successfully&#xD;
&#xD;
2019-09-05 13:15:50 - [TEST_CASE][PASSED] - Test Cases/mobileWeb/_include/apply_stm: Test Cases/mobileWeb/_include/apply_stm&#xD;
&#xD;
2019-09-05 13:15:50 - [TEST_STEP][PASSED] - waitForElementVisible(findTestObject("mobileSanity/STM/STM PlanDetail Page/a_Apply for This Plan"), 5): Object 'Object Repository/mobileSanity/STM/STM PlanDetail Page/a_Apply for This Plan' is visible&#xD;
&#xD;
2019-09-05 13:15:50 - [MESSAGE][PASSED] - Object 'Object Repository/mobileSanity/STM/STM PlanDetail Page/a_Apply for This Plan' is visible&#xD;
&#xD;
2019-09-05 13:15:50 - [TEST_STEP][PASSED] - click(findTestObject("mobileSanity/STM/STM PlanDetail Page/a_Apply for This Plan")): Object: 'Object Repository/mobileSanity/STM/STM PlanDetail Page/a_Apply for This Plan' is clicked on&#xD;
&#xD;
2019-09-05 13:15:51 - [MESSAGE][PASSED] - Object: 'Object Repository/mobileSanity/STM/STM PlanDetail Page/a_Apply for This Plan' is clicked on&#xD;
&#xD;
2019-09-05 13:15:51 - [TEST_STEP][PASSED] - waitForPageLoad(10): Wait for page load successfully&#xD;
&#xD;
2019-09-05 13:15:52 - [MESSAGE][PASSED] - Wait for page load successfully&#xD;
&#xD;
2019-09-05 13:15:52 - [TEST_STEP][PASSED] - Thread.sleep(2000): null&#xD;
&#xD;
2019-09-05 13:15:54 - [TEST_STEP][PASSED] - callTestCase(findTestCase("mobileWeb/_include/get_screenshot"), [:], STOP_ON_FAILURE): Call Test Case 'Test Cases/mobileWeb/_include/get_screenshot' successfully&#xD;
&#xD;
2019-09-05 13:15:54 - [TEST_CASE][PASSED] - Test Cases/mobileWeb/_include/get_screenshot: Test Cases/mobileWeb/_include/get_screenshot&#xD;
&#xD;
2019-09-05 13:15:54 - [TEST_STEP][PASSED] - takeScreenshot(screenPath + i + ".png"): Taking screenshot successfully&#xD;
&#xD;
2019-09-05 13:15:54 - [MESSAGE][PASSED] - Taking screenshot successfully&#xD;
[[ATTACHMENT|D:\\Test\\AgileTest\\AgileTest\\Reports\\mobileWeb\\stm\\20190905_131101\\../Screenshots/iPhone X/stm/Companion/20190905_131456/5.png]]&#xD;
&#xD;
2019-09-05 13:15:54 - [TEST_STEP][PASSED] - (internal.GlobalVariable.i++): null&#xD;
&#xD;
2019-09-05 13:15:54 - [MESSAGE][PASSED] - Call Test Case 'Test Cases/mobileWeb/_include/get_screenshot' successfully&#xD;
&#xD;
2019-09-05 13:15:54 - [TEST_STEP][PASSED] - waitForElementVisible(findTestObject("mobileSanity/STM/STM Apply Page/a_Start Secure Application"), 5): Object 'Object Repository/mobileSanity/STM/STM Apply Page/a_Start Secure Application' is visible&#xD;
&#xD;
2019-09-05 13:15:55 - [MESSAGE][PASSED] - Object 'Object Repository/mobileSanity/STM/STM Apply Page/a_Start Secure Application' is visible&#xD;
&#xD;
2019-09-05 13:15:55 - [TEST_STEP][PASSED] - click(findTestObject("mobileSanity/STM/STM Apply Page/a_Start Secure Application")): Object: 'Object Repository/mobileSanity/STM/STM Apply Page/a_Start Secure Application' is clicked on&#xD;
&#xD;
2019-09-05 13:15:57 - [MESSAGE][PASSED] - Object: 'Object Repository/mobileSanity/STM/STM Apply Page/a_Start Secure Application' is clicked on&#xD;
&#xD;
2019-09-05 13:15:57 - [TEST_STEP][PASSED] - waitForPageLoad(20): Wait for page load successfully&#xD;
&#xD;
2019-09-05 13:15:58 - [MESSAGE][PASSED] - Wait for page load successfully&#xD;
&#xD;
2019-09-05 13:15:58 - [TEST_STEP][PASSED] - Thread.sleep(2000): null&#xD;
&#xD;
2019-09-05 13:16:00 - [TEST_STEP][PASSED] - callTestCase(findTestCase("mobileWeb/_include/get_screenshot"), [:], STOP_ON_FAILURE): Call Test Case 'Test Cases/mobileWeb/_include/get_screenshot' successfully&#xD;
&#xD;
2019-09-05 13:16:00 - [TEST_CASE][PASSED] - Test Cases/mobileWeb/_include/get_screenshot: Test Cases/mobileWeb/_include/get_screenshot&#xD;
&#xD;
2019-09-05 13:16:00 - [TEST_STEP][PASSED] - takeScreenshot(screenPath + i + ".png"): Taking screenshot successfully&#xD;
&#xD;
2019-09-05 13:16:01 - [MESSAGE][PASSED] - Taking screenshot successfully&#xD;
[[ATTACHMENT|D:\\Test\\AgileTest\\AgileTest\\Reports\\mobileWeb\\stm\\20190905_131101\\../Screenshots/iPhone X/stm/Companion/20190905_131456/6.png]]&#xD;
&#xD;
2019-09-05 13:16:01 - [TEST_STEP][PASSED] - (internal.GlobalVariable.i++): null&#xD;
&#xD;
2019-09-05 13:16:01 - [MESSAGE][PASSED] - Call Test Case 'Test Cases/mobileWeb/_include/get_screenshot' successfully&#xD;
&#xD;
2019-09-05 13:16:01 - [MESSAGE][PASSED] - Call Test Case 'Test Cases/mobileWeb/_include/apply_stm' successfully&#xD;
&#xD;
2019-09-05 13:16:01 - [TEST_STEP][FAILED] - callTestCase(findTestCase("mobileWeb/_include/goToEnd_stm_autofill"), [:], STOP_ON_FAILURE): Unable to call Test Case 'Test Cases/mobileWeb/_include/goToEnd_stm_autofill' (Root cause: com.kms.katalon.core.exception.StepFailedException: Call Test Case 'Test Cases/mobileWeb/_include/goToEnd_stm_autofill' failed&#xD;
	at com.kms.katalon.core.keyword.builtin.CallTestCaseKeyword$_callTestCase_closure1.doCall(CallTestCaseKeyword.groovy:63)&#xD;
	at com.kms.katalon.core.keyword.builtin.CallTestCaseKeyword$_callTestCase_closure1.call(CallTestCaseKeyword.groovy)&#xD;
	at com.kms.katalon.core.keyword.internal.KeywordMain.runKeyword(KeywordMain.groovy:68)&#xD;
	at com.kms.katalon.core.keyword.builtin.CallTestCaseKeyword.callTestCase(CallTestCaseKeyword.groovy:81)&#xD;
	at com.kms.katalon.core.keyword.builtin.CallTestCaseKeyword.execute(CallTestCaseKeyword.groovy:44)&#xD;
	at com.kms.katalon.core.keyword.internal.KeywordExecutor.executeKeywordForPlatform(KeywordExecutor.groovy:56)&#xD;
	at com.kms.katalon.core.keyword.BuiltinKeywords.callTestCase(BuiltinKeywords.groovy:334)&#xD;
	at Companion.run(Companion:31)&#xD;
	at com.kms.katalon.core.main.ScriptEngine.run(ScriptEngine.java:194)&#xD;
	at com.kms.katalon.core.main.ScriptEngine.runScriptAsRawText(ScriptEngine.java:119)&#xD;
	at com.kms.katalon.core.main.TestCaseExecutor.runScript(TestCaseExecutor.java:337)&#xD;
	at com.kms.katalon.core.main.TestCaseExecutor.doExecute(TestCaseExecutor.java:328)&#xD;
	at com.kms.katalon.core.main.TestCaseExecutor.processExecutionPhase(TestCaseExecutor.java:307)&#xD;
	at com.kms.katalon.core.main.TestCaseExecutor.accessMainPhase(TestCaseExecutor.java:299)&#xD;
	at com.kms.katalon.core.main.TestCaseExecutor.execute(TestCaseExecutor.java:233)&#xD;
	at com.kms.katalon.core.main.TestSuiteExecutor.accessTestCaseMainPhase(TestSuiteExecutor.java:133)&#xD;
	at com.kms.katalon.core.main.TestSuiteExecutor.accessTestSuiteMainPhase(TestSuiteExecutor.java:116)&#xD;
	at com.kms.katalon.core.main.TestSuiteExecutor.execute(TestSuiteExecutor.java:83)&#xD;
	at com.kms.katalon.core.main.TestCaseMain.startTestSuite(TestCaseMain.java:157)&#xD;
	at com.kms.katalon.core.main.TestCaseMain$startTestSuite$0.call(Unknown Source)&#xD;
	at TempTestSuite1567660261320.run(TempTestSuite1567660261320.groovy:35)&#xD;
Caused by: com.kms.katalon.core.exception.StepFailedException: Unable to verify object 'Object Repository/mobileSanity/STM/Page_App Page 6/span_approved' is present&#xD;
	at com.kms.katalon.core.webui.keyword.internal.WebUIKeywordMain.stepFailed(WebUIKeywordMain.groovy:64)&#xD;
	at com.kms.katalon.core.webui.keyword.internal.WebUIKeywordMain.runKeyword(WebUIKeywordMain.groovy:26)&#xD;
	at com.kms.katalon.core.webui.keyword.builtin.VerifyElementPresentKeyword.verifyElementPresent(VerifyElementPresentKeyword.groovy:92)&#xD;
	at com.kms.katalon.core.webui.keyword.builtin.VerifyElementPresentKeyword.execute(VerifyElementPresentKeyword.groovy:68)&#xD;
	at com.kms.katalon.core.keyword.internal.KeywordExecutor.executeKeywordForPlatform(KeywordExecutor.groovy:56)&#xD;
	at com.kms.katalon.core.webui.keyword.WebUiBuiltInKeywords.verifyElementPresent(WebUiBuiltInKeywords.groovy:1434)&#xD;
	at com.kms.katalon.core.webui.keyword.WebUiBuiltInKeywords$verifyElementPresent$12.call(Unknown Source)&#xD;
	at goToEnd_stm_autofill.run(goToEnd_stm_autofill:101)&#xD;
	at com.kms.katalon.core.main.ScriptEngine.run(ScriptEngine.java:194)&#xD;
	at com.kms.katalon.core.main.ScriptEngine.runScriptAsRawText(ScriptEngine.java:119)&#xD;
	at com.kms.katalon.core.main.TestCaseExecutor.runScript(TestCaseExecutor.java:337)&#xD;
	at com.kms.katalon.core.main.TestCaseExecutor.doExecute(TestCaseExecutor.java:328)&#xD;
	at com.kms.katalon.core.main.TestCaseExecutor.processExecutionPhase(TestCaseExecutor.java:307)&#xD;
	at com.kms.katalon.core.main.TestCaseExecutor.accessMainPhase(TestCaseExecutor.java:299)&#xD;
	at com.kms.katalon.core.main.TestCaseExecutor.execute(TestCaseExecutor.java:233)&#xD;
	at com.kms.katalon.core.main.TestCaseMain.runTestCase(TestCaseMain.java:114)&#xD;
	at com.kms.katalon.core.keyword.builtin.CallTestCaseKeyword$_callTestCase_closure1.doCall(CallTestCaseKeyword.groovy:59)&#xD;
	... 20 more&#xD;
Caused by: com.kms.katalon.core.exception.StepFailedException: com.kms.katalon.core.webui.exception.WebElementNotFoundException: Web element with id: 'Object Repository/mobileSanity/STM/Page_App Page 6/span_approved' located by 'By.xpath: //span[(text() = 'approved' or . = 'approved')]' not found&#xD;
	at com.kms.katalon.core.webui.keyword.internal.WebUIKeywordMain.stepFailed(WebUIKeywordMain.groovy:64)&#xD;
	at com.kms.katalon.core.webui.keyword.builtin.VerifyElementPresentKeyword$_verifyElementPresent_closure1.doCall(VerifyElementPresentKeyword.groovy:85)&#xD;
	at com.kms.katalon.core.webui.keyword.builtin.VerifyElementPresentKeyword$_verifyElementPresent_closure1.call(VerifyElementPresentKeyword.groovy)&#xD;
	at com.kms.katalon.core.webui.keyword.internal.WebUIKeywordMain.runKeyword(WebUIKeywordMain.groovy:20)&#xD;
	... 35 more&#xD;
)&#xD;
&#xD;
2019-09-05 13:16:01 - [TEST_CASE][FAILED] - Test Cases/mobileWeb/_include/goToEnd_stm_autofill: Test Cases/mobileWeb/_include/goToEnd_stm_autofill FAILED.
Reason:
com.kms.katalon.core.exception.StepFailedException: Unable to verify object 'Object Repository/mobileSanity/STM/Page_App Page 6/span_approved' is present&#xD;
	at com.kms.katalon.core.webui.keyword.internal.WebUIKeywordMain.stepFailed(WebUIKeywordMain.groovy:64)&#xD;
	at com.kms.katalon.core.webui.keyword.internal.WebUIKeywordMain.runKeyword(WebUIKeywordMain.groovy:26)&#xD;
	at com.kms.katalon.core.webui.keyword.builtin.VerifyElementPresentKeyword.verifyElementPresent(VerifyElementPresentKeyword.groovy:92)&#xD;
	at com.kms.katalon.core.webui.keyword.builtin.VerifyElementPresentKeyword.execute(VerifyElementPresentKeyword.groovy:68)&#xD;
	at com.kms.katalon.core.keyword.internal.KeywordExecutor.executeKeywordForPlatform(KeywordExecutor.groovy:56)&#xD;
	at com.kms.katalon.core.webui.keyword.WebUiBuiltInKeywords.verifyElementPresent(WebUiBuiltInKeywords.groovy:1434)&#xD;
	at com.kms.katalon.core.webui.keyword.WebUiBuiltInKeywords$verifyElementPresent$12.call(Unknown Source)&#xD;
	at goToEnd_stm_autofill.run(goToEnd_stm_autofill:101)&#xD;
	at com.kms.katalon.core.main.ScriptEngine.run(ScriptEngine.java:194)&#xD;
	at com.kms.katalon.core.main.ScriptEngine.runScriptAsRawText(ScriptEngine.java:119)&#xD;
	at com.kms.katalon.core.main.TestCaseExecutor.runScript(TestCaseExecutor.java:337)&#xD;
	at com.kms.katalon.core.main.TestCaseExecutor.doExecute(TestCaseExecutor.java:328)&#xD;
	at com.kms.katalon.core.main.TestCaseExecutor.processExecutionPhase(TestCaseExecutor.java:307)&#xD;
	at com.kms.katalon.core.main.TestCaseExecutor.accessMainPhase(TestCaseExecutor.java:299)&#xD;
	at com.kms.katalon.core.main.TestCaseExecutor.execute(TestCaseExecutor.java:233)&#xD;
	at com.kms.katalon.core.main.TestCaseMain.runTestCase(TestCaseMain.java:114)&#xD;
	at com.kms.katalon.core.keyword.builtin.CallTestCaseKeyword$_callTestCase_closure1.doCall(CallTestCaseKeyword.groovy:59)&#xD;
	at com.kms.katalon.core.keyword.builtin.CallTestCaseKeyword$_callTestCase_closure1.call(CallTestCaseKeyword.groovy)&#xD;
	at com.kms.katalon.core.keyword.internal.KeywordMain.runKeyword(KeywordMain.groovy:68)&#xD;
	at com.kms.katalon.core.keyword.builtin.CallTestCaseKeyword.callTestCase(CallTestCaseKeyword.groovy:81)&#xD;
	at com.kms.katalon.core.keyword.builtin.CallTestCaseKeyword.execute(CallTestCaseKeyword.groovy:44)&#xD;
	at com.kms.katalon.core.keyword.internal.KeywordExecutor.executeKeywordForPlatform(KeywordExecutor.groovy:56)&#xD;
	at com.kms.katalon.core.keyword.BuiltinKeywords.callTestCase(BuiltinKeywords.groovy:334)&#xD;
	at Companion.run(Companion:31)&#xD;
	at com.kms.katalon.core.main.ScriptEngine.run(ScriptEngine.java:194)&#xD;
	at com.kms.katalon.core.main.ScriptEngine.runScriptAsRawText(ScriptEngine.java:119)&#xD;
	at com.kms.katalon.core.main.TestCaseExecutor.runScript(TestCaseExecutor.java:337)&#xD;
	at com.kms.katalon.core.main.TestCaseExecutor.doExecute(TestCaseExecutor.java:328)&#xD;
	at com.kms.katalon.core.main.TestCaseExecutor.processExecutionPhase(TestCaseExecutor.java:307)&#xD;
	at com.kms.katalon.core.main.TestCaseExecutor.accessMainPhase(TestCaseExecutor.java:299)&#xD;
	at com.kms.katalon.core.main.TestCaseExecutor.execute(TestCaseExecutor.java:233)&#xD;
	at com.kms.katalon.core.main.TestSuiteExecutor.accessTestCaseMainPhase(TestSuiteExecutor.java:133)&#xD;
	at com.kms.katalon.core.main.TestSuiteExecutor.accessTestSuiteMainPhase(TestSuiteExecutor.java:116)&#xD;
	at com.kms.katalon.core.main.TestSuiteExecutor.execute(TestSuiteExecutor.java:83)&#xD;
	at com.kms.katalon.core.main.TestCaseMain.startTestSuite(TestCaseMain.java:157)&#xD;
	at com.kms.katalon.core.main.TestCaseMain$startTestSuite$0.call(Unknown Source)&#xD;
	at TempTestSuite1567660261320.run(TempTestSuite1567660261320.groovy:35)&#xD;
Caused by: com.kms.katalon.core.exception.StepFailedException: com.kms.katalon.core.webui.exception.WebElementNotFoundException: Web element with id: 'Object Repository/mobileSanity/STM/Page_App Page 6/span_approved' located by 'By.xpath: //span[(text() = 'approved' or . = 'approved')]' not found&#xD;
	at com.kms.katalon.core.webui.keyword.internal.WebUIKeywordMain.stepFailed(WebUIKeywordMain.groovy:64)&#xD;
	at com.kms.katalon.core.webui.keyword.builtin.VerifyElementPresentKeyword$_verifyElementPresent_closure1.doCall(VerifyElementPresentKeyword.groovy:85)&#xD;
	at com.kms.katalon.core.webui.keyword.builtin.VerifyElementPresentKeyword$_verifyElementPresent_closure1.call(VerifyElementPresentKeyword.groovy)&#xD;
	at com.kms.katalon.core.webui.keyword.internal.WebUIKeywordMain.runKeyword(WebUIKeywordMain.groovy:20)&#xD;
	... 35 more&#xD;
&#xD;
&#xD;
2019-09-05 13:16:01 - [TEST_STEP][PASSED] - callTestCase(findTestCase("mobileWeb/_include/name"), [:], CONTINUE_ON_FAILURE): Call Test Case 'Test Cases/mobileWeb/_include/name' successfully&#xD;
&#xD;
2019-09-05 13:16:01 - [TEST_CASE][PASSED] - Test Cases/mobileWeb/_include/name: Test Cases/mobileWeb/_include/name&#xD;
&#xD;
2019-09-05 13:16:01 - [TEST_STEP][PASSED] - driver = getWebDriver(): null&#xD;
&#xD;
2019-09-05 13:16:01 - [TEST_STEP][PASSED] - selenium = new com.thoughtworks.selenium.webdriven.WebDriverBackedSelenium(driver, internal.GlobalVariable.ENV): null&#xD;
&#xD;
2019-09-05 13:16:01 - [TEST_STEP][PASSED] - FirstName = "Test-123": null&#xD;
&#xD;
2019-09-05 13:16:01 - [TEST_STEP][PASSED] - LastName = selenium.getEval("{var x="ABCDEFGHIJKLMNOPQRSTUVWXYZabcdefghijklmnopqrstuvwxyz"; var tmp="ZZ11-"; for (i=0;i&lt;8;i++) tmp+=x.charAt(Math.ceil(51*Math.random()));tmp;}"): null&#xD;
&#xD;
2019-09-05 13:16:01 - [TEST_STEP][PASSED] - Address = selenium.getEval("{var x="ABCDEFGHIJKLMNOPQRSTUVWXYZabcdefghijklmnopqrstuvwxyz"; var tmp=""; for (i=0;i&lt;8;i++) tmp+=x.charAt(Math.ceil(51*Math.random()));tmp;}"): null&#xD;
&#xD;
2019-09-05 13:16:01 - [TEST_STEP][PASSED] - City = selenium.getEval("{var x="ABCDEFGHIJKLMNOPQRSTUVWXYZabcdefghijklmnopqrstuvwxyz"; var tmp=""; for (i=0;i&lt;8;i++) tmp+=x.charAt(Math.ceil(51*Math.random()));tmp;}"): null&#xD;
&#xD;
2019-09-05 13:16:01 - [TEST_STEP][PASSED] - tel1 = selenium.getEval("{var x="123456789"; var tmp=""; for (i=0;i&lt;3;i++) tmp+=x.charAt(Math.ceil(8*Math.random()));tmp;}"): null&#xD;
&#xD;
2019-09-05 13:16:01 - [TEST_STEP][PASSED] - tel2 = selenium.getEval("{var x="123456789"; var tmp=""; for (i=0;i&lt;3;i++) tmp+=x.charAt(Math.ceil(8*Math.random()));tmp;}"): null&#xD;
&#xD;
2019-09-05 13:16:01 - [TEST_STEP][PASSED] - tel3 = selenium.getEval("{var x="123456789"; var tmp=""; for (i=0;i&lt;4;i++) tmp+=x.charAt(Math.ceil(8*Math.random()));tmp;}"): null&#xD;
&#xD;
2019-09-05 13:16:01 - [TEST_STEP][PASSED] - Tel = selenium.getExpression(tel1 + "-" + tel2 + "-" + tel3): null&#xD;
&#xD;
2019-09-05 13:16:01 - [TEST_STEP][PASSED] - AutoEmail = selenium.getEval("{var x="ABCDEFGHIJKLMNOPQRSTUVWXYZabcdefghijklmnopqrstuvwxyz"; var tmp="test."; for (i=0;i&lt;8;i++) tmp+=x.charAt(Math.ceil(51*Math.random()));tmp+="@suryani.cn";}"): null&#xD;
&#xD;
2019-09-05 13:16:01 - [TEST_STEP][PASSED] - FirstName = FirstName: null&#xD;
&#xD;
2019-09-05 13:16:01 - [TEST_STEP][PASSED] - LastName = LastName: null&#xD;
&#xD;
2019-09-05 13:16:01 - [TEST_STEP][PASSED] - Address = Address: null&#xD;
&#xD;
2019-09-05 13:16:01 - [TEST_STEP][PASSED] - City = City: null&#xD;
&#xD;
2019-09-05 13:16:01 - [TEST_STEP][PASSED] - Tel = Tel: null&#xD;
&#xD;
2019-09-05 13:16:01 - [TEST_STEP][PASSED] - AutoEmail = AutoEmail: null&#xD;
&#xD;
2019-09-05 13:16:01 - [TEST_STEP][PASSED] - println(FirstName): null&#xD;
&#xD;
2019-09-05 13:16:01 - [TEST_STEP][PASSED] - println(LastName): null&#xD;
&#xD;
2019-09-05 13:16:01 - [TEST_STEP][PASSED] - println(Address): null&#xD;
&#xD;
2019-09-05 13:16:01 - [TEST_STEP][PASSED] - println(City): null&#xD;
&#xD;
2019-09-05 13:16:01 - [TEST_STEP][PASSED] - println(Tel): null&#xD;
&#xD;
2019-09-05 13:16:01 - [TEST_STEP][PASSED] - println(AutoEmail): null&#xD;
&#xD;
2019-09-05 13:16:01 - [MESSAGE][PASSED] - Call Test Case 'Test Cases/mobileWeb/_include/name' successfully&#xD;
&#xD;
2019-09-05 13:16:01 - [TEST_STEP][FAILED] - try: Unable to verify text 'Month Duration Acknowledgement' is present  (Root cause: com.kms.katalon.core.exception.StepFailedException: Unable to verify text 'Month Duration Acknowledgement' is present &#xD;
	at com.kms.katalon.core.webui.keyword.internal.WebUIKeywordMain.stepFailed(WebUIKeywordMain.groovy:64)&#xD;
	at com.kms.katalon.core.webui.keyword.internal.WebUIKeywordMain.runKeyword(WebUIKeywordMain.groovy:26)&#xD;
	at com.kms.katalon.core.webui.keyword.builtin.VerifyTextPresentKeyword.verifyTextPresent(VerifyTextPresentKeyword.groovy:83)&#xD;
	at com.kms.katalon.core.webui.keyword.builtin.VerifyTextPresentKeyword.execute(VerifyTextPresentKeyword.groovy:68)&#xD;
	at com.kms.katalon.core.keyword.internal.KeywordExecutor.executeKeywordForPlatform(KeywordExecutor.groovy:56)&#xD;
	at com.kms.katalon.core.webui.keyword.WebUiBuiltInKeywords.verifyTextPresent(WebUiBuiltInKeywords.groovy:1693)&#xD;
	at com.kms.katalon.core.webui.keyword.WebUiBuiltInKeywords$verifyTextPresent$9.call(Unknown Source)&#xD;
	at goToEnd_stm_autofill.run(goToEnd_stm_autofill:19)&#xD;
	at com.kms.katalon.core.main.ScriptEngine.run(ScriptEngine.java:194)&#xD;
	at com.kms.katalon.core.main.ScriptEngine.runScriptAsRawText(ScriptEngine.java:119)&#xD;
	at com.kms.katalon.core.main.TestCaseExecutor.runScript(TestCaseExecutor.java:337)&#xD;
	at com.kms.katalon.core.main.TestCaseExecutor.doExecute(TestCaseExecutor.java:328)&#xD;
	at com.kms.katalon.core.main.TestCaseExecutor.processExecutionPhase(TestCaseExecutor.java:307)&#xD;
	at com.kms.katalon.core.main.TestCaseExecutor.accessMainPhase(TestCaseExecutor.java:299)&#xD;
	at com.kms.katalon.core.main.TestCaseExecutor.execute(TestCaseExecutor.java:233)&#xD;
	at com.kms.katalon.core.main.TestCaseMain.runTestCase(TestCaseMain.java:114)&#xD;
	at com.kms.katalon.core.keyword.builtin.CallTestCaseKeyword$_callTestCase_closure1.doCall(CallTestCaseKeyword.groovy:59)&#xD;
	at com.kms.katalon.core.keyword.builtin.CallTestCaseKeyword$_callTestCase_closure1.call(CallTestCaseKeyword.groovy)&#xD;
	at com.kms.katalon.core.keyword.internal.KeywordMain.runKeyword(KeywordMain.groovy:68)&#xD;
	at com.kms.katalon.core.keyword.builtin.CallTestCaseKeyword.callTestCase(CallTestCaseKeyword.groovy:81)&#xD;
	at com.kms.katalon.core.keyword.builtin.CallTestCaseKeyword.execute(CallTestCaseKeyword.groovy:44)&#xD;
	at com.kms.katalon.core.keyword.internal.KeywordExecutor.executeKeywordForPlatform(KeywordExecutor.groovy:56)&#xD;
	at com.kms.katalon.core.keyword.BuiltinKeywords.callTestCase(BuiltinKeywords.groovy:334)&#xD;
	at Companion.run(Companion:31)&#xD;
	at com.kms.katalon.core.main.ScriptEngine.run(ScriptEngine.java:194)&#xD;
	at com.kms.katalon.core.main.ScriptEngine.runScriptAsRawText(ScriptEngine.java:119)&#xD;
	at com.kms.katalon.core.main.TestCaseExecutor.runScript(TestCaseExecutor.java:337)&#xD;
	at com.kms.katalon.core.main.TestCaseExecutor.doExecute(TestCaseExecutor.java:328)&#xD;
	at com.kms.katalon.core.main.TestCaseExecutor.processExecutionPhase(TestCaseExecutor.java:307)&#xD;
	at com.kms.katalon.core.main.TestCaseExecutor.accessMainPhase(TestCaseExecutor.java:299)&#xD;
	at com.kms.katalon.core.main.TestCaseExecutor.execute(TestCaseExecutor.java:233)&#xD;
	at com.kms.katalon.core.main.TestSuiteExecutor.accessTestCaseMainPhase(TestSuiteExecutor.java:133)&#xD;
	at com.kms.katalon.core.main.TestSuiteExecutor.accessTestSuiteMainPhase(TestSuiteExecutor.java:116)&#xD;
	at com.kms.katalon.core.main.TestSuiteExecutor.execute(TestSuiteExecutor.java:83)&#xD;
	at com.kms.katalon.core.main.TestCaseMain.startTestSuite(TestCaseMain.java:157)&#xD;
	at com.kms.katalon.core.main.TestCaseMain$startTestSuite$0.call(Unknown Source)&#xD;
	at TempTestSuite1567660261320.run(TempTestSuite1567660261320.groovy:35)&#xD;
Caused by: com.kms.katalon.core.exception.StepFailedException: Text 'Month Duration Acknowledgement' is not present on page &#xD;
	at com.kms.katalon.core.webui.keyword.internal.WebUIKeywordMain.stepFailed(WebUIKeywordMain.groovy:64)&#xD;
	at com.kms.katalon.core.webui.keyword.builtin.VerifyTextPresentKeyword$_verifyTextPresent_closure1.doCall(VerifyTextPresentKeyword.groovy:79)&#xD;
	at com.kms.katalon.core.webui.keyword.builtin.VerifyTextPresentKeyword$_verifyTextPresent_closure1.call(VerifyTextPresentKeyword.groovy)&#xD;
	at com.kms.katalon.core.webui.keyword.internal.WebUIKeywordMain.runKeyword(WebUIKeywordMain.groovy:20)&#xD;
	... 35 more&#xD;
)&#xD;
&#xD;
2019-09-05 13:16:01 - [TEST_STEP][FAILED] - if (verifyTextPresent("Month Duration Acknowledgement", false)): Unable to verify text 'Month Duration Acknowledgement' is present  (Root cause: com.kms.katalon.core.exception.StepFailedException: Unable to verify text 'Month Duration Acknowledgement' is present &#xD;
	at com.kms.katalon.core.webui.keyword.internal.WebUIKeywordMain.stepFailed(WebUIKeywordMain.groovy:64)&#xD;
	at com.kms.katalon.core.webui.keyword.internal.WebUIKeywordMain.runKeyword(WebUIKeywordMain.groovy:26)&#xD;
	at com.kms.katalon.core.webui.keyword.builtin.VerifyTextPresentKeyword.verifyTextPresent(VerifyTextPresentKeyword.groovy:83)&#xD;
	at com.kms.katalon.core.webui.keyword.builtin.VerifyTextPresentKeyword.execute(VerifyTextPresentKeyword.groovy:68)&#xD;
	at com.kms.katalon.core.keyword.internal.KeywordExecutor.executeKeywordForPlatform(KeywordExecutor.groovy:56)&#xD;
	at com.kms.katalon.core.webui.keyword.WebUiBuiltInKeywords.verifyTextPresent(WebUiBuiltInKeywords.groovy:1693)&#xD;
	at com.kms.katalon.core.webui.keyword.WebUiBuiltInKeywords$verifyTextPresent$9.call(Unknown Source)&#xD;
	at goToEnd_stm_autofill.run(goToEnd_stm_autofill:19)&#xD;
	at com.kms.katalon.core.main.ScriptEngine.run(ScriptEngine.java:194)&#xD;
	at com.kms.katalon.core.main.ScriptEngine.runScriptAsRawText(ScriptEngine.java:119)&#xD;
	at com.kms.katalon.core.main.TestCaseExecutor.runScript(TestCaseExecutor.java:337)&#xD;
	at com.kms.katalon.core.main.TestCaseExecutor.doExecute(TestCaseExecutor.java:328)&#xD;
	at com.kms.katalon.core.main.TestCaseExecutor.processExecutionPhase(TestCaseExecutor.java:307)&#xD;
	at com.kms.katalon.core.main.TestCaseExecutor.accessMainPhase(TestCaseExecutor.java:299)&#xD;
	at com.kms.katalon.core.main.TestCaseExecutor.execute(TestCaseExecutor.java:233)&#xD;
	at com.kms.katalon.core.main.TestCaseMain.runTestCase(TestCaseMain.java:114)&#xD;
	at com.kms.katalon.core.keyword.builtin.CallTestCaseKeyword$_callTestCase_closure1.doCall(CallTestCaseKeyword.groovy:59)&#xD;
	at com.kms.katalon.core.keyword.builtin.CallTestCaseKeyword$_callTestCase_closure1.call(CallTestCaseKeyword.groovy)&#xD;
	at com.kms.katalon.core.keyword.internal.KeywordMain.runKeyword(KeywordMain.groovy:68)&#xD;
	at com.kms.katalon.core.keyword.builtin.CallTestCaseKeyword.callTestCase(CallTestCaseKeyword.groovy:81)&#xD;
	at com.kms.katalon.core.keyword.builtin.CallTestCaseKeyword.execute(CallTestCaseKeyword.groovy:44)&#xD;
	at com.kms.katalon.core.keyword.internal.KeywordExecutor.executeKeywordForPlatform(KeywordExecutor.groovy:56)&#xD;
	at com.kms.katalon.core.keyword.BuiltinKeywords.callTestCase(BuiltinKeywords.groovy:334)&#xD;
	at Companion.run(Companion:31)&#xD;
	at com.kms.katalon.core.main.ScriptEngine.run(ScriptEngine.java:194)&#xD;
	at com.kms.katalon.core.main.ScriptEngine.runScriptAsRawText(ScriptEngine.java:119)&#xD;
	at com.kms.katalon.core.main.TestCaseExecutor.runScript(TestCaseExecutor.java:337)&#xD;
	at com.kms.katalon.core.main.TestCaseExecutor.doExecute(TestCaseExecutor.java:328)&#xD;
	at com.kms.katalon.core.main.TestCaseExecutor.processExecutionPhase(TestCaseExecutor.java:307)&#xD;
	at com.kms.katalon.core.main.TestCaseExecutor.accessMainPhase(TestCaseExecutor.java:299)&#xD;
	at com.kms.katalon.core.main.TestCaseExecutor.execute(TestCaseExecutor.java:233)&#xD;
	at com.kms.katalon.core.main.TestSuiteExecutor.accessTestCaseMainPhase(TestSuiteExecutor.java:133)&#xD;
	at com.kms.katalon.core.main.TestSuiteExecutor.accessTestSuiteMainPhase(TestSuiteExecutor.java:116)&#xD;
	at com.kms.katalon.core.main.TestSuiteExecutor.execute(TestSuiteExecutor.java:83)&#xD;
	at com.kms.katalon.core.main.TestCaseMain.startTestSuite(TestCaseMain.java:157)&#xD;
	at com.kms.katalon.core.main.TestCaseMain$startTestSuite$0.call(Unknown Source)&#xD;
	at TempTestSuite1567660261320.run(TempTestSuite1567660261320.groovy:35)&#xD;
Caused by: com.kms.katalon.core.exception.StepFailedException: Text 'Month Duration Acknowledgement' is not present on page &#xD;
	at com.kms.katalon.core.webui.keyword.internal.WebUIKeywordMain.stepFailed(WebUIKeywordMain.groovy:64)&#xD;
	at com.kms.katalon.core.webui.keyword.builtin.VerifyTextPresentKeyword$_verifyTextPresent_closure1.doCall(VerifyTextPresentKeyword.groovy:79)&#xD;
	at com.kms.katalon.core.webui.keyword.builtin.VerifyTextPresentKeyword$_verifyTextPresent_closure1.call(VerifyTextPresentKeyword.groovy)&#xD;
	at com.kms.katalon.core.webui.keyword.internal.WebUIKeywordMain.runKeyword(WebUIKeywordMain.groovy:20)&#xD;
	... 35 more&#xD;
)&#xD;
&#xD;
2019-09-05 13:16:01 - [MESSAGE][FAILED] - Text 'Month Duration Acknowledgement' is not present on page  (Root cause: com.kms.katalon.core.exception.StepFailedException: Text 'Month Duration Acknowledgement' is not present on page &#xD;
	at com.kms.katalon.core.webui.keyword.internal.WebUIKeywordMain.stepFailed(WebUIKeywordMain.groovy:64)&#xD;
	at com.kms.katalon.core.webui.keyword.builtin.VerifyTextPresentKeyword$_verifyTextPresent_closure1.doCall(VerifyTextPresentKeyword.groovy:79)&#xD;
	at com.kms.katalon.core.webui.keyword.builtin.VerifyTextPresentKeyword$_verifyTextPresent_closure1.call(VerifyTextPresentKeyword.groovy)&#xD;
	at com.kms.katalon.core.webui.keyword.internal.WebUIKeywordMain.runKeyword(WebUIKeywordMain.groovy:20)&#xD;
	at com.kms.katalon.core.webui.keyword.builtin.VerifyTextPresentKeyword.verifyTextPresent(VerifyTextPresentKeyword.groovy:83)&#xD;
	at com.kms.katalon.core.webui.keyword.builtin.VerifyTextPresentKeyword.execute(VerifyTextPresentKeyword.groovy:68)&#xD;
	at com.kms.katalon.core.keyword.internal.KeywordExecutor.executeKeywordForPlatform(KeywordExecutor.groovy:56)&#xD;
	at com.kms.katalon.core.webui.keyword.WebUiBuiltInKeywords.verifyTextPresent(WebUiBuiltInKeywords.groovy:1693)&#xD;
	at com.kms.katalon.core.webui.keyword.WebUiBuiltInKeywords$verifyTextPresent$9.call(Unknown Source)&#xD;
	at goToEnd_stm_autofill.run(goToEnd_stm_autofill:19)&#xD;
	at com.kms.katalon.core.main.ScriptEngine.run(ScriptEngine.java:194)&#xD;
	at com.kms.katalon.core.main.ScriptEngine.runScriptAsRawText(ScriptEngine.java:119)&#xD;
	at com.kms.katalon.core.main.TestCaseExecutor.runScript(TestCaseExecutor.java:337)&#xD;
	at com.kms.katalon.core.main.TestCaseExecutor.doExecute(TestCaseExecutor.java:328)&#xD;
	at com.kms.katalon.core.main.TestCaseExecutor.processExecutionPhase(TestCaseExecutor.java:307)&#xD;
	at com.kms.katalon.core.main.TestCaseExecutor.accessMainPhase(TestCaseExecutor.java:299)&#xD;
	at com.kms.katalon.core.main.TestCaseExecutor.execute(TestCaseExecutor.java:233)&#xD;
	at com.kms.katalon.core.main.TestCaseMain.runTestCase(TestCaseMain.java:114)&#xD;
	at com.kms.katalon.core.keyword.builtin.CallTestCaseKeyword$_callTestCase_closure1.doCall(CallTestCaseKeyword.groovy:59)&#xD;
	at com.kms.katalon.core.keyword.builtin.CallTestCaseKeyword$_callTestCase_closure1.call(CallTestCaseKeyword.groovy)&#xD;
	at com.kms.katalon.core.keyword.internal.KeywordMain.runKeyword(KeywordMain.groovy:68)&#xD;
	at com.kms.katalon.core.keyword.builtin.CallTestCaseKeyword.callTestCase(CallTestCaseKeyword.groovy:81)&#xD;
	at com.kms.katalon.core.keyword.builtin.CallTestCaseKeyword.execute(CallTestCaseKeyword.groovy:44)&#xD;
	at com.kms.katalon.core.keyword.internal.KeywordExecutor.executeKeywordForPlatform(KeywordExecutor.groovy:56)&#xD;
	at com.kms.katalon.core.keyword.BuiltinKeywords.callTestCase(BuiltinKeywords.groovy:334)&#xD;
	at Companion.run(Companion:31)&#xD;
	at com.kms.katalon.core.main.ScriptEngine.run(ScriptEngine.java:194)&#xD;
	at com.kms.katalon.core.main.ScriptEngine.runScriptAsRawText(ScriptEngine.java:119)&#xD;
	at com.kms.katalon.core.main.TestCaseExecutor.runScript(TestCaseExecutor.java:337)&#xD;
	at com.kms.katalon.core.main.TestCaseExecutor.doExecute(TestCaseExecutor.java:328)&#xD;
	at com.kms.katalon.core.main.TestCaseExecutor.processExecutionPhase(TestCaseExecutor.java:307)&#xD;
	at com.kms.katalon.core.main.TestCaseExecutor.accessMainPhase(TestCaseExecutor.java:299)&#xD;
	at com.kms.katalon.core.main.TestCaseExecutor.execute(TestCaseExecutor.java:233)&#xD;
	at com.kms.katalon.core.main.TestSuiteExecutor.accessTestCaseMainPhase(TestSuiteExecutor.java:133)&#xD;
	at com.kms.katalon.core.main.TestSuiteExecutor.accessTestSuiteMainPhase(TestSuiteExecutor.java:116)&#xD;
	at com.kms.katalon.core.main.TestSuiteExecutor.execute(TestSuiteExecutor.java:83)&#xD;
	at com.kms.katalon.core.main.TestCaseMain.startTestSuite(TestCaseMain.java:157)&#xD;
	at com.kms.katalon.core.main.TestCaseMain$startTestSuite$0.call(Unknown Source)&#xD;
	at TempTestSuite1567660261320.run(TempTestSuite1567660261320.groovy:35)&#xD;
)&#xD;
&#xD;
2019-09-05 13:16:02 - [MESSAGE][FAILED] - Unable to verify text 'Month Duration Acknowledgement' is present  (Root cause: com.kms.katalon.core.exception.StepFailedException: Unable to verify text 'Month Duration Acknowledgement' is present &#xD;
	at com.kms.katalon.core.webui.keyword.internal.WebUIKeywordMain.stepFailed(WebUIKeywordMain.groovy:64)&#xD;
	at com.kms.katalon.core.webui.keyword.internal.WebUIKeywordMain.runKeyword(WebUIKeywordMain.groovy:26)&#xD;
	at com.kms.katalon.core.webui.keyword.builtin.VerifyTextPresentKeyword.verifyTextPresent(VerifyTextPresentKeyword.groovy:83)&#xD;
	at com.kms.katalon.core.webui.keyword.builtin.VerifyTextPresentKeyword.execute(VerifyTextPresentKeyword.groovy:68)&#xD;
	at com.kms.katalon.core.keyword.internal.KeywordExecutor.executeKeywordForPlatform(KeywordExecutor.groovy:56)&#xD;
	at com.kms.katalon.core.webui.keyword.WebUiBuiltInKeywords.verifyTextPresent(WebUiBuiltInKeywords.groovy:1693)&#xD;
	at com.kms.katalon.core.webui.keyword.WebUiBuiltInKeywords$verifyTextPresent$9.call(Unknown Source)&#xD;
	at goToEnd_stm_autofill.run(goToEnd_stm_autofill:19)&#xD;
	at com.kms.katalon.core.main.ScriptEngine.run(ScriptEngine.java:194)&#xD;
	at com.kms.katalon.core.main.ScriptEngine.runScriptAsRawText(ScriptEngine.java:119)&#xD;
	at com.kms.katalon.core.main.TestCaseExecutor.runScript(TestCaseExecutor.java:337)&#xD;
	at com.kms.katalon.core.main.TestCaseExecutor.doExecute(TestCaseExecutor.java:328)&#xD;
	at com.kms.katalon.core.main.TestCaseExecutor.processExecutionPhase(TestCaseExecutor.java:307)&#xD;
	at com.kms.katalon.core.main.TestCaseExecutor.accessMainPhase(TestCaseExecutor.java:299)&#xD;
	at com.kms.katalon.core.main.TestCaseExecutor.execute(TestCaseExecutor.java:233)&#xD;
	at com.kms.katalon.core.main.TestCaseMain.runTestCase(TestCaseMain.java:114)&#xD;
	at com.kms.katalon.core.keyword.builtin.CallTestCaseKeyword$_callTestCase_closure1.doCall(CallTestCaseKeyword.groovy:59)&#xD;
	at com.kms.katalon.core.keyword.builtin.CallTestCaseKeyword$_callTestCase_closure1.call(CallTestCaseKeyword.groovy)&#xD;
	at com.kms.katalon.core.keyword.internal.KeywordMain.runKeyword(KeywordMain.groovy:68)&#xD;
	at com.kms.katalon.core.keyword.builtin.CallTestCaseKeyword.callTestCase(CallTestCaseKeyword.groovy:81)&#xD;
	at com.kms.katalon.core.keyword.builtin.CallTestCaseKeyword.execute(CallTestCaseKeyword.groovy:44)&#xD;
	at com.kms.katalon.core.keyword.internal.KeywordExecutor.executeKeywordForPlatform(KeywordExecutor.groovy:56)&#xD;
	at com.kms.katalon.core.keyword.BuiltinKeywords.callTestCase(BuiltinKeywords.groovy:334)&#xD;
	at Companion.run(Companion:31)&#xD;
	at com.kms.katalon.core.main.ScriptEngine.run(ScriptEngine.java:194)&#xD;
	at com.kms.katalon.core.main.ScriptEngine.runScriptAsRawText(ScriptEngine.java:119)&#xD;
	at com.kms.katalon.core.main.TestCaseExecutor.runScript(TestCaseExecutor.java:337)&#xD;
	at com.kms.katalon.core.main.TestCaseExecutor.doExecute(TestCaseExecutor.java:328)&#xD;
	at com.kms.katalon.core.main.TestCaseExecutor.processExecutionPhase(TestCaseExecutor.java:307)&#xD;
	at com.kms.katalon.core.main.TestCaseExecutor.accessMainPhase(TestCaseExecutor.java:299)&#xD;
	at com.kms.katalon.core.main.TestCaseExecutor.execute(TestCaseExecutor.java:233)&#xD;
	at com.kms.katalon.core.main.TestSuiteExecutor.accessTestCaseMainPhase(TestSuiteExecutor.java:133)&#xD;
	at com.kms.katalon.core.main.TestSuiteExecutor.accessTestSuiteMainPhase(TestSuiteExecutor.java:116)&#xD;
	at com.kms.katalon.core.main.TestSuiteExecutor.execute(TestSuiteExecutor.java:83)&#xD;
	at com.kms.katalon.core.main.TestCaseMain.startTestSuite(TestCaseMain.java:157)&#xD;
	at com.kms.katalon.core.main.TestCaseMain$startTestSuite$0.call(Unknown Source)&#xD;
	at TempTestSuite1567660261320.run(TempTestSuite1567660261320.groovy:35)&#xD;
Caused by: com.kms.katalon.core.exception.StepFailedException: Text 'Month Duration Acknowledgement' is not present on page &#xD;
	at com.kms.katalon.core.webui.keyword.internal.WebUIKeywordMain.stepFailed(WebUIKeywordMain.groovy:64)&#xD;
	at com.kms.katalon.core.webui.keyword.builtin.VerifyTextPresentKeyword$_verifyTextPresent_closure1.doCall(VerifyTextPresentKeyword.groovy:79)&#xD;
	at com.kms.katalon.core.webui.keyword.builtin.VerifyTextPresentKeyword$_verifyTextPresent_closure1.call(VerifyTextPresentKeyword.groovy)&#xD;
	at com.kms.katalon.core.webui.keyword.internal.WebUIKeywordMain.runKeyword(WebUIKeywordMain.groovy:20)&#xD;
	... 35 more&#xD;
)&#xD;
[[ATTACHMENT|D:\\Test\\AgileTest\\AgileTest\\Reports\\mobileWeb\\stm\\20190905_131101\\1567660561932.png]]&#xD;
&#xD;
2019-09-05 13:16:03 - [TEST_STEP][PASSED] - catch (Exception e): null&#xD;
&#xD;
2019-09-05 13:16:03 - [TEST_STEP][PASSED] - println("no consecutive"): null&#xD;
&#xD;
2019-09-05 13:16:03 - [TEST_STEP][PASSED] - waitForPageLoad(10): Wait for page load successfully&#xD;
&#xD;
2019-09-05 13:16:03 - [MESSAGE][PASSED] - Wait for page load successfully&#xD;
&#xD;
2019-09-05 13:16:03 - [TEST_STEP][PASSED] - Thread.sleep(3000): null&#xD;
&#xD;
2019-09-05 13:16:06 - [TEST_STEP][PASSED] - waitForElementVisible(findTestObject("mobileSanity/STM/Page_App Page 1/a_Autofill App Info"), 20): Object 'Object Repository/mobileSanity/STM/Page_App Page 1/a_Autofill App Info' is visible&#xD;
&#xD;
2019-09-05 13:16:06 - [MESSAGE][PASSED] - Object 'Object Repository/mobileSanity/STM/Page_App Page 1/a_Autofill App Info' is visible&#xD;
&#xD;
2019-09-05 13:16:06 - [TEST_STEP][PASSED] - click(findTestObject("mobileSanity/STM/Page_App Page 1/a_Autofill App Info")): Object: 'Object Repository/mobileSanity/STM/Page_App Page 1/a_Autofill App Info' is clicked on&#xD;
&#xD;
2019-09-05 13:16:06 - [MESSAGE][PASSED] - Object: 'Object Repository/mobileSanity/STM/Page_App Page 1/a_Autofill App Info' is clicked on&#xD;
&#xD;
2019-09-05 13:16:06 - [TEST_STEP][PASSED] - Thread.sleep(1000): null&#xD;
&#xD;
2019-09-05 13:16:07 - [TEST_STEP][PASSED] - click(findTestObject("mobileSanity/STM/Page_App Page 1/a_Autofill App Info")): Object: 'Object Repository/mobileSanity/STM/Page_App Page 1/a_Autofill App Info' is clicked on&#xD;
&#xD;
2019-09-05 13:16:07 - [MESSAGE][PASSED] - Object: 'Object Repository/mobileSanity/STM/Page_App Page 1/a_Autofill App Info' is clicked on&#xD;
&#xD;
2019-09-05 13:16:07 - [TEST_STEP][PASSED] - Thread.sleep(1000): null&#xD;
&#xD;
2019-09-05 13:16:08 - [TEST_STEP][PASSED] - waitForElementVisible(findTestObject("mobileSanity/STM/Page_App Page 1/a_Continue"), 20): Object 'Object Repository/mobileSanity/STM/Page_App Page 1/a_Continue' is visible&#xD;
&#xD;
2019-09-05 13:16:08 - [MESSAGE][PASSED] - Object 'Object Repository/mobileSanity/STM/Page_App Page 1/a_Continue' is visible&#xD;
&#xD;
2019-09-05 13:16:08 - [TEST_STEP][PASSED] - click(findTestObject("mobileSanity/STM/Page_App Page 1/a_Continue")): Object: 'Object Repository/mobileSanity/STM/Page_App Page 1/a_Continue' is clicked on&#xD;
&#xD;
2019-09-05 13:16:09 - [MESSAGE][PASSED] - Object: 'Object Repository/mobileSanity/STM/Page_App Page 1/a_Continue' is clicked on&#xD;
&#xD;
2019-09-05 13:16:09 - [TEST_STEP][PASSED] - waitForPageLoad(20): Wait for page load successfully&#xD;
&#xD;
2019-09-05 13:16:09 - [MESSAGE][PASSED] - Wait for page load successfully&#xD;
&#xD;
2019-09-05 13:16:09 - [TEST_STEP][PASSED] - Thread.sleep(2000): null&#xD;
&#xD;
2019-09-05 13:16:11 - [TEST_STEP][PASSED] - callTestCase(findTestCase("mobileWeb/_include/get_screenshot"), [:], STOP_ON_FAILURE): Call Test Case 'Test Cases/mobileWeb/_include/get_screenshot' successfully&#xD;
&#xD;
2019-09-05 13:16:11 - [TEST_CASE][PASSED] - Test Cases/mobileWeb/_include/get_screenshot: Test Cases/mobileWeb/_include/get_screenshot&#xD;
&#xD;
2019-09-05 13:16:11 - [TEST_STEP][PASSED] - takeScreenshot(screenPath + i + ".png"): Taking screenshot successfully&#xD;
&#xD;
2019-09-05 13:16:11 - [MESSAGE][PASSED] - Taking screenshot successfully&#xD;
[[ATTACHMENT|D:\\Test\\AgileTest\\AgileTest\\Reports\\mobileWeb\\stm\\20190905_131101\\../Screenshots/iPhone X/stm/Companion/20190905_131456/7.png]]&#xD;
&#xD;
2019-09-05 13:16:11 - [TEST_STEP][PASSED] - (internal.GlobalVariable.i++): null&#xD;
&#xD;
2019-09-05 13:16:11 - [MESSAGE][PASSED] - Call Test Case 'Test Cases/mobileWeb/_include/get_screenshot' successfully&#xD;
&#xD;
2019-09-05 13:16:11 - [TEST_STEP][PASSED] - click(findTestObject("mobileSanity/STM/Page_App Page 2/a_Continue to Step 3 - Payment")): Object: 'Object Repository/mobileSanity/STM/Page_App Page 2/a_Continue to Step 3 - Payment' is clicked on&#xD;
&#xD;
2019-09-05 13:16:12 - [MESSAGE][PASSED] - Object: 'Object Repository/mobileSanity/STM/Page_App Page 2/a_Continue to Step 3 - Payment' is clicked on&#xD;
&#xD;
2019-09-05 13:16:12 - [TEST_STEP][PASSED] - waitForPageLoad(20): Wait for page load successfully&#xD;
&#xD;
2019-09-05 13:16:12 - [MESSAGE][PASSED] - Wait for page load successfully&#xD;
&#xD;
2019-09-05 13:16:12 - [TEST_STEP][PASSED] - waitForElementVisible(findTestObject("mobileSanity/STM/Page_App Page 3/input__credit-card-cvv"), 20): Object 'Object Repository/mobileSanity/STM/Page_App Page 3/input__credit-card-cvv' is visible&#xD;
&#xD;
2019-09-05 13:16:13 - [MESSAGE][PASSED] - Object 'Object Repository/mobileSanity/STM/Page_App Page 3/input__credit-card-cvv' is visible&#xD;
&#xD;
2019-09-05 13:16:13 - [TEST_STEP][PASSED] - Thread.sleep(2000): null&#xD;
&#xD;
2019-09-05 13:16:15 - [TEST_STEP][PASSED] - callTestCase(findTestCase("mobileWeb/_include/get_screenshot"), [:], STOP_ON_FAILURE): Call Test Case 'Test Cases/mobileWeb/_include/get_screenshot' successfully&#xD;
&#xD;
2019-09-05 13:16:15 - [TEST_CASE][PASSED] - Test Cases/mobileWeb/_include/get_screenshot: Test Cases/mobileWeb/_include/get_screenshot&#xD;
&#xD;
2019-09-05 13:16:15 - [TEST_STEP][PASSED] - takeScreenshot(screenPath + i + ".png"): Taking screenshot successfully&#xD;
&#xD;
2019-09-05 13:16:15 - [MESSAGE][PASSED] - Taking screenshot successfully&#xD;
[[ATTACHMENT|D:\\Test\\AgileTest\\AgileTest\\Reports\\mobileWeb\\stm\\20190905_131101\\../Screenshots/iPhone X/stm/Companion/20190905_131456/8.png]]&#xD;
&#xD;
2019-09-05 13:16:15 - [TEST_STEP][PASSED] - (internal.GlobalVariable.i++): null&#xD;
&#xD;
2019-09-05 13:16:15 - [MESSAGE][PASSED] - Call Test Case 'Test Cases/mobileWeb/_include/get_screenshot' successfully&#xD;
&#xD;
2019-09-05 13:16:15 - [TEST_STEP][PASSED] - clearText(findTestObject("mobileSanity/STM/Page_App Page 3/input__credit-card-cvv")): Text of object 'Object Repository/mobileSanity/STM/Page_App Page 3/input__credit-card-cvv' is cleared&#xD;
&#xD;
2019-09-05 13:16:15 - [MESSAGE][PASSED] - Text of object 'Object Repository/mobileSanity/STM/Page_App Page 3/input__credit-card-cvv' is cleared&#xD;
&#xD;
2019-09-05 13:16:15 - [TEST_STEP][PASSED] - setText(findTestObject("mobileSanity/STM/Page_App Page 3/input__credit-card-cvv"), "123"): Text '123' is set on object 'Object Repository/mobileSanity/STM/Page_App Page 3/input__credit-card-cvv'&#xD;
&#xD;
2019-09-05 13:16:16 - [MESSAGE][PASSED] - Text '123' is set on object 'Object Repository/mobileSanity/STM/Page_App Page 3/input__credit-card-cvv'&#xD;
&#xD;
2019-09-05 13:16:16 - [TEST_STEP][PASSED] - click(findTestObject("mobileSanity/STM/Page_App Page 3/label_I Accept Authorization f")): Object: 'Object Repository/mobileSanity/STM/Page_App Page 3/label_I Accept Authorization f' is clicked on&#xD;
&#xD;
2019-09-05 13:16:16 - [MESSAGE][PASSED] - Object: 'Object Repository/mobileSanity/STM/Page_App Page 3/label_I Accept Authorization f' is clicked on&#xD;
&#xD;
2019-09-05 13:16:16 - [TEST_STEP][PASSED] - click(findTestObject("mobileSanity/STM/Page_App Page 3/a_Continue to Step 4 - Review")): Object: 'Object Repository/mobileSanity/STM/Page_App Page 3/a_Continue to Step 4 - Review' is clicked on&#xD;
&#xD;
2019-09-05 13:16:16 - [MESSAGE][PASSED] - Object: 'Object Repository/mobileSanity/STM/Page_App Page 3/a_Continue to Step 4 - Review' is clicked on&#xD;
&#xD;
2019-09-05 13:16:16 - [TEST_STEP][PASSED] - waitForPageLoad(10): Wait for page load successfully&#xD;
&#xD;
2019-09-05 13:16:16 - [MESSAGE][PASSED] - Wait for page load successfully&#xD;
&#xD;
2019-09-05 13:16:16 - [TEST_STEP][PASSED] - waitForElementClickable(findTestObject("mobileSanity/STM/Page_App Page 4/label"), 10): Web element with id: 'Object Repository/mobileSanity/STM/Page_App Page 4/label' located by 'By.xpath: //input[@id = 'consent-checkbox-0']' not found&#xD;
&#xD;
2019-09-05 13:16:27 - [MESSAGE][INFO] - Unable to find the element located by 'By.xpath: //input[@id = 'consent-checkbox-0']'. Please recheck the objects properties to make sure the desired element is located. &#xD;
&#xD;
2019-09-05 13:16:27 - [MESSAGE][WARNING] - Web element with id: 'Object Repository/mobileSanity/STM/Page_App Page 4/label' located by 'By.xpath: //input[@id = 'consent-checkbox-0']' not found&#xD;
&#xD;
2019-09-05 13:16:27 - [TEST_STEP][PASSED] - Thread.sleep(2000): null&#xD;
&#xD;
2019-09-05 13:16:29 - [TEST_STEP][PASSED] - callTestCase(findTestCase("mobileWeb/_include/get_screenshot"), [:], STOP_ON_FAILURE): Call Test Case 'Test Cases/mobileWeb/_include/get_screenshot' successfully&#xD;
&#xD;
2019-09-05 13:16:29 - [TEST_CASE][PASSED] - Test Cases/mobileWeb/_include/get_screenshot: Test Cases/mobileWeb/_include/get_screenshot&#xD;
&#xD;
2019-09-05 13:16:29 - [TEST_STEP][PASSED] - takeScreenshot(screenPath + i + ".png"): Taking screenshot successfully&#xD;
&#xD;
2019-09-05 13:16:29 - [MESSAGE][PASSED] - Taking screenshot successfully&#xD;
[[ATTACHMENT|D:\\Test\\AgileTest\\AgileTest\\Reports\\mobileWeb\\stm\\20190905_131101\\../Screenshots/iPhone X/stm/Companion/20190905_131456/9.png]]&#xD;
&#xD;
2019-09-05 13:16:29 - [TEST_STEP][PASSED] - (internal.GlobalVariable.i++): null&#xD;
&#xD;
2019-09-05 13:16:29 - [MESSAGE][PASSED] - Call Test Case 'Test Cases/mobileWeb/_include/get_screenshot' successfully&#xD;
&#xD;
2019-09-05 13:16:29 - [TEST_STEP][PASSED] - click(findTestObject("mobileSanity/STM/Page_App Page 4/label")): Object: 'Object Repository/mobileSanity/STM/Page_App Page 4/label' is clicked on&#xD;
&#xD;
2019-09-05 13:16:30 - [MESSAGE][PASSED] - Object: 'Object Repository/mobileSanity/STM/Page_App Page 4/label' is clicked on&#xD;
&#xD;
2019-09-05 13:16:30 - [TEST_STEP][PASSED] - click(findTestObject("mobileSanity/STM/Page_App Page 4/div_CLICK TO SIGN")): Object: 'Object Repository/mobileSanity/STM/Page_App Page 4/div_CLICK TO SIGN' is clicked on&#xD;
&#xD;
2019-09-05 13:16:30 - [MESSAGE][PASSED] - Object: 'Object Repository/mobileSanity/STM/Page_App Page 4/div_CLICK TO SIGN' is clicked on&#xD;
&#xD;
2019-09-05 13:16:30 - [TEST_STEP][PASSED] - click(findTestObject("mobileSanity/STM/Page_App Page 4/a_Submit Your Application")): Object: 'Object Repository/mobileSanity/STM/Page_App Page 4/a_Submit Your Application' is clicked on&#xD;
&#xD;
2019-09-05 13:16:30 - [MESSAGE][PASSED] - Object: 'Object Repository/mobileSanity/STM/Page_App Page 4/a_Submit Your Application' is clicked on&#xD;
&#xD;
2019-09-05 13:16:30 - [TEST_STEP][PASSED] - Thread.sleep(30000): null&#xD;
&#xD;
2019-09-05 13:17:00 - [TEST_STEP][PASSED] - callTestCase(findTestCase("mobileWeb/_include/get_screenshot"), [:], STOP_ON_FAILURE): Call Test Case 'Test Cases/mobileWeb/_include/get_screenshot' successfully&#xD;
&#xD;
2019-09-05 13:17:00 - [TEST_CASE][PASSED] - Test Cases/mobileWeb/_include/get_screenshot: Test Cases/mobileWeb/_include/get_screenshot&#xD;
&#xD;
2019-09-05 13:17:00 - [TEST_STEP][PASSED] - takeScreenshot(screenPath + i + ".png"): Taking screenshot successfully&#xD;
&#xD;
2019-09-05 13:17:01 - [MESSAGE][PASSED] - Taking screenshot successfully&#xD;
[[ATTACHMENT|D:\\Test\\AgileTest\\AgileTest\\Reports\\mobileWeb\\stm\\20190905_131101\\../Screenshots/iPhone X/stm/Companion/20190905_131456/10.png]]&#xD;
&#xD;
2019-09-05 13:17:01 - [TEST_STEP][PASSED] - (internal.GlobalVariable.i++): null&#xD;
&#xD;
2019-09-05 13:17:01 - [MESSAGE][PASSED] - Call Test Case 'Test Cases/mobileWeb/_include/get_screenshot' successfully&#xD;
&#xD;
2019-09-05 13:17:01 - [TEST_STEP][PASSED] - waitForElementPresent(findTestObject("mobileSanity/STM/Page_App Page 6/span_planName"), 30): Object 'Object Repository/mobileSanity/STM/Page_App Page 6/span_planName' is present&#xD;
&#xD;
2019-09-05 13:17:01 - [MESSAGE][PASSED] - Object 'Object Repository/mobileSanity/STM/Page_App Page 6/span_planName' is present&#xD;
&#xD;
2019-09-05 13:17:01 - [TEST_STEP][PASSED] - verifyElementPresent(findTestObject("mobileSanity/STM/Page_App Page 6/span_planName"), 20): Object 'Object Repository/mobileSanity/STM/Page_App Page 6/span_planName' is present&#xD;
&#xD;
2019-09-05 13:17:01 - [MESSAGE][PASSED] - Object 'Object Repository/mobileSanity/STM/Page_App Page 6/span_planName' is present&#xD;
&#xD;
2019-09-05 13:17:01 - [TEST_STEP][FAILED] - verifyElementPresent(findTestObject("mobileSanity/STM/Page_App Page 6/span_approved"), 20): Unable to verify object 'Object Repository/mobileSanity/STM/Page_App Page 6/span_approved' is present (Root cause: com.kms.katalon.core.exception.StepFailedException: Unable to verify object 'Object Repository/mobileSanity/STM/Page_App Page 6/span_approved' is present&#xD;
	at com.kms.katalon.core.webui.keyword.internal.WebUIKeywordMain.stepFailed(WebUIKeywordMain.groovy:64)&#xD;
	at com.kms.katalon.core.webui.keyword.internal.WebUIKeywordMain.runKeyword(WebUIKeywordMain.groovy:26)&#xD;
	at com.kms.katalon.core.webui.keyword.builtin.VerifyElementPresentKeyword.verifyElementPresent(VerifyElementPresentKeyword.groovy:92)&#xD;
	at com.kms.katalon.core.webui.keyword.builtin.VerifyElementPresentKeyword.execute(VerifyElementPresentKeyword.groovy:68)&#xD;
	at com.kms.katalon.core.keyword.internal.KeywordExecutor.executeKeywordForPlatform(KeywordExecutor.groovy:56)&#xD;
	at com.kms.katalon.core.webui.keyword.WebUiBuiltInKeywords.verifyElementPresent(WebUiBuiltInKeywords.groovy:1434)&#xD;
	at com.kms.katalon.core.webui.keyword.WebUiBuiltInKeywords$verifyElementPresent$12.call(Unknown Source)&#xD;
	at goToEnd_stm_autofill.run(goToEnd_stm_autofill:101)&#xD;
	at com.kms.katalon.core.main.ScriptEngine.run(ScriptEngine.java:194)&#xD;
	at com.kms.katalon.core.main.ScriptEngine.runScriptAsRawText(ScriptEngine.java:119)&#xD;
	at com.kms.katalon.core.main.TestCaseExecutor.runScript(TestCaseExecutor.java:337)&#xD;
	at com.kms.katalon.core.main.TestCaseExecutor.doExecute(TestCaseExecutor.java:328)&#xD;
	at com.kms.katalon.core.main.TestCaseExecutor.processExecutionPhase(TestCaseExecutor.java:307)&#xD;
	at com.kms.katalon.core.main.TestCaseExecutor.accessMainPhase(TestCaseExecutor.java:299)&#xD;
	at com.kms.katalon.core.main.TestCaseExecutor.execute(TestCaseExecutor.java:233)&#xD;
	at com.kms.katalon.core.main.TestCaseMain.runTestCase(TestCaseMain.java:114)&#xD;
	at com.kms.katalon.core.keyword.builtin.CallTestCaseKeyword$_callTestCase_closure1.doCall(CallTestCaseKeyword.groovy:59)&#xD;
	at com.kms.katalon.core.keyword.builtin.CallTestCaseKeyword$_callTestCase_closure1.call(CallTestCaseKeyword.groovy)&#xD;
	at com.kms.katalon.core.keyword.internal.KeywordMain.runKeyword(KeywordMain.groovy:68)&#xD;
	at com.kms.katalon.core.keyword.builtin.CallTestCaseKeyword.callTestCase(CallTestCaseKeyword.groovy:81)&#xD;
	at com.kms.katalon.core.keyword.builtin.CallTestCaseKeyword.execute(CallTestCaseKeyword.groovy:44)&#xD;
	at com.kms.katalon.core.keyword.internal.KeywordExecutor.executeKeywordForPlatform(KeywordExecutor.groovy:56)&#xD;
	at com.kms.katalon.core.keyword.BuiltinKeywords.callTestCase(BuiltinKeywords.groovy:334)&#xD;
	at Companion.run(Companion:31)&#xD;
	at com.kms.katalon.core.main.ScriptEngine.run(ScriptEngine.java:194)&#xD;
	at com.kms.katalon.core.main.ScriptEngine.runScriptAsRawText(ScriptEngine.java:119)&#xD;
	at com.kms.katalon.core.main.TestCaseExecutor.runScript(TestCaseExecutor.java:337)&#xD;
	at com.kms.katalon.core.main.TestCaseExecutor.doExecute(TestCaseExecutor.java:328)&#xD;
	at com.kms.katalon.core.main.TestCaseExecutor.processExecutionPhase(TestCaseExecutor.java:307)&#xD;
	at com.kms.katalon.core.main.TestCaseExecutor.accessMainPhase(TestCaseExecutor.java:299)&#xD;
	at com.kms.katalon.core.main.TestCaseExecutor.execute(TestCaseExecutor.java:233)&#xD;
	at com.kms.katalon.core.main.TestSuiteExecutor.accessTestCaseMainPhase(TestSuiteExecutor.java:133)&#xD;
	at com.kms.katalon.core.main.TestSuiteExecutor.accessTestSuiteMainPhase(TestSuiteExecutor.java:116)&#xD;
	at com.kms.katalon.core.main.TestSuiteExecutor.execute(TestSuiteExecutor.java:83)&#xD;
	at com.kms.katalon.core.main.TestCaseMain.startTestSuite(TestCaseMain.java:157)&#xD;
	at com.kms.katalon.core.main.TestCaseMain$startTestSuite$0.call(Unknown Source)&#xD;
	at TempTestSuite1567660261320.run(TempTestSuite1567660261320.groovy:35)&#xD;
Caused by: com.kms.katalon.core.exception.StepFailedException: com.kms.katalon.core.webui.exception.WebElementNotFoundException: Web element with id: 'Object Repository/mobileSanity/STM/Page_App Page 6/span_approved' located by 'By.xpath: //span[(text() = 'approved' or . = 'approved')]' not found&#xD;
	at com.kms.katalon.core.webui.keyword.internal.WebUIKeywordMain.stepFailed(WebUIKeywordMain.groovy:64)&#xD;
	at com.kms.katalon.core.webui.keyword.builtin.VerifyElementPresentKeyword$_verifyElementPresent_closure1.doCall(VerifyElementPresentKeyword.groovy:85)&#xD;
	at com.kms.katalon.core.webui.keyword.builtin.VerifyElementPresentKeyword$_verifyElementPresent_closure1.call(VerifyElementPresentKeyword.groovy)&#xD;
	at com.kms.katalon.core.webui.keyword.internal.WebUIKeywordMain.runKeyword(WebUIKeywordMain.groovy:20)&#xD;
	... 35 more&#xD;
)&#xD;
&#xD;
2019-09-05 13:17:22 - [MESSAGE][INFO] - Unable to find the element located by 'By.xpath: //span[(text() = 'approved' or . = 'approved')]'. Please recheck the objects properties to make sure the desired element is located. &#xD;
&#xD;
2019-09-05 13:17:22 - [MESSAGE][FAILED] - com.kms.katalon.core.webui.exception.WebElementNotFoundException: Web element with id: 'Object Repository/mobileSanity/STM/Page_App Page 6/span_approved' located by 'By.xpath: //span[(text() = 'approved' or . = 'approved')]' not found (Root cause: com.kms.katalon.core.exception.StepFailedException: com.kms.katalon.core.webui.exception.WebElementNotFoundException: Web element with id: 'Object Repository/mobileSanity/STM/Page_App Page 6/span_approved' located by 'By.xpath: //span[(text() = 'approved' or . = 'approved')]' not found&#xD;
	at com.kms.katalon.core.webui.keyword.internal.WebUIKeywordMain.stepFailed(WebUIKeywordMain.groovy:64)&#xD;
	at com.kms.katalon.core.webui.keyword.builtin.VerifyElementPresentKeyword$_verifyElementPresent_closure1.doCall(VerifyElementPresentKeyword.groovy:85)&#xD;
	at com.kms.katalon.core.webui.keyword.builtin.VerifyElementPresentKeyword$_verifyElementPresent_closure1.call(VerifyElementPresentKeyword.groovy)&#xD;
	at com.kms.katalon.core.webui.keyword.internal.WebUIKeywordMain.runKeyword(WebUIKeywordMain.groovy:20)&#xD;
	at com.kms.katalon.core.webui.keyword.builtin.VerifyElementPresentKeyword.verifyElementPresent(VerifyElementPresentKeyword.groovy:92)&#xD;
	at com.kms.katalon.core.webui.keyword.builtin.VerifyElementPresentKeyword.execute(VerifyElementPresentKeyword.groovy:68)&#xD;
	at com.kms.katalon.core.keyword.internal.KeywordExecutor.executeKeywordForPlatform(KeywordExecutor.groovy:56)&#xD;
	at com.kms.katalon.core.webui.keyword.WebUiBuiltInKeywords.verifyElementPresent(WebUiBuiltInKeywords.groovy:1434)&#xD;
	at com.kms.katalon.core.webui.keyword.WebUiBuiltInKeywords$verifyElementPresent$12.call(Unknown Source)&#xD;
	at goToEnd_stm_autofill.run(goToEnd_stm_autofill:101)&#xD;
	at com.kms.katalon.core.main.ScriptEngine.run(ScriptEngine.java:194)&#xD;
	at com.kms.katalon.core.main.ScriptEngine.runScriptAsRawText(ScriptEngine.java:119)&#xD;
	at com.kms.katalon.core.main.TestCaseExecutor.runScript(TestCaseExecutor.java:337)&#xD;
	at com.kms.katalon.core.main.TestCaseExecutor.doExecute(TestCaseExecutor.java:328)&#xD;
	at com.kms.katalon.core.main.TestCaseExecutor.processExecutionPhase(TestCaseExecutor.java:307)&#xD;
	at com.kms.katalon.core.main.TestCaseExecutor.accessMainPhase(TestCaseExecutor.java:299)&#xD;
	at com.kms.katalon.core.main.TestCaseExecutor.execute(TestCaseExecutor.java:233)&#xD;
	at com.kms.katalon.core.main.TestCaseMain.runTestCase(TestCaseMain.java:114)&#xD;
	at com.kms.katalon.core.keyword.builtin.CallTestCaseKeyword$_callTestCase_closure1.doCall(CallTestCaseKeyword.groovy:59)&#xD;
	at com.kms.katalon.core.keyword.builtin.CallTestCaseKeyword$_callTestCase_closure1.call(CallTestCaseKeyword.groovy)&#xD;
	at com.kms.katalon.core.keyword.internal.KeywordMain.runKeyword(KeywordMain.groovy:68)&#xD;
	at com.kms.katalon.core.keyword.builtin.CallTestCaseKeyword.callTestCase(CallTestCaseKeyword.groovy:81)&#xD;
	at com.kms.katalon.core.keyword.builtin.CallTestCaseKeyword.execute(CallTestCaseKeyword.groovy:44)&#xD;
	at com.kms.katalon.core.keyword.internal.KeywordExecutor.executeKeywordForPlatform(KeywordExecutor.groovy:56)&#xD;
	at com.kms.katalon.core.keyword.BuiltinKeywords.callTestCase(BuiltinKeywords.groovy:334)&#xD;
	at Companion.run(Companion:31)&#xD;
	at com.kms.katalon.core.main.ScriptEngine.run(ScriptEngine.java:194)&#xD;
	at com.kms.katalon.core.main.ScriptEngine.runScriptAsRawText(ScriptEngine.java:119)&#xD;
	at com.kms.katalon.core.main.TestCaseExecutor.runScript(TestCaseExecutor.java:337)&#xD;
	at com.kms.katalon.core.main.TestCaseExecutor.doExecute(TestCaseExecutor.java:328)&#xD;
	at com.kms.katalon.core.main.TestCaseExecutor.processExecutionPhase(TestCaseExecutor.java:307)&#xD;
	at com.kms.katalon.core.main.TestCaseExecutor.accessMainPhase(TestCaseExecutor.java:299)&#xD;
	at com.kms.katalon.core.main.TestCaseExecutor.execute(TestCaseExecutor.java:233)&#xD;
	at com.kms.katalon.core.main.TestSuiteExecutor.accessTestCaseMainPhase(TestSuiteExecutor.java:133)&#xD;
	at com.kms.katalon.core.main.TestSuiteExecutor.accessTestSuiteMainPhase(TestSuiteExecutor.java:116)&#xD;
	at com.kms.katalon.core.main.TestSuiteExecutor.execute(TestSuiteExecutor.java:83)&#xD;
	at com.kms.katalon.core.main.TestCaseMain.startTestSuite(TestCaseMain.java:157)&#xD;
	at com.kms.katalon.core.main.TestCaseMain$startTestSuite$0.call(Unknown Source)&#xD;
	at TempTestSuite1567660261320.run(TempTestSuite1567660261320.groovy:35)&#xD;
)&#xD;
[[ATTACHMENT|D:\\Test\\AgileTest\\AgileTest\\Reports\\mobileWeb\\stm\\20190905_131101\\1567660642038.png]]&#xD;
&#xD;
2019-09-05 13:17:23 - [MESSAGE][FAILED] - Unable to verify object 'Object Repository/mobileSanity/STM/Page_App Page 6/span_approved' is present (Root cause: com.kms.katalon.core.exception.StepFailedException: Unable to verify object 'Object Repository/mobileSanity/STM/Page_App Page 6/span_approved' is present&#xD;
	at com.kms.katalon.core.webui.keyword.internal.WebUIKeywordMain.stepFailed(WebUIKeywordMain.groovy:64)&#xD;
	at com.kms.katalon.core.webui.keyword.internal.WebUIKeywordMain.runKeyword(WebUIKeywordMain.groovy:26)&#xD;
	at com.kms.katalon.core.webui.keyword.builtin.VerifyElementPresentKeyword.verifyElementPresent(VerifyElementPresentKeyword.groovy:92)&#xD;
	at com.kms.katalon.core.webui.keyword.builtin.VerifyElementPresentKeyword.execute(VerifyElementPresentKeyword.groovy:68)&#xD;
	at com.kms.katalon.core.keyword.internal.KeywordExecutor.executeKeywordForPlatform(KeywordExecutor.groovy:56)&#xD;
	at com.kms.katalon.core.webui.keyword.WebUiBuiltInKeywords.verifyElementPresent(WebUiBuiltInKeywords.groovy:1434)&#xD;
	at com.kms.katalon.core.webui.keyword.WebUiBuiltInKeywords$verifyElementPresent$12.call(Unknown Source)&#xD;
	at goToEnd_stm_autofill.run(goToEnd_stm_autofill:101)&#xD;
	at com.kms.katalon.core.main.ScriptEngine.run(ScriptEngine.java:194)&#xD;
	at com.kms.katalon.core.main.ScriptEngine.runScriptAsRawText(ScriptEngine.java:119)&#xD;
	at com.kms.katalon.core.main.TestCaseExecutor.runScript(TestCaseExecutor.java:337)&#xD;
	at com.kms.katalon.core.main.TestCaseExecutor.doExecute(TestCaseExecutor.java:328)&#xD;
	at com.kms.katalon.core.main.TestCaseExecutor.processExecutionPhase(TestCaseExecutor.java:307)&#xD;
	at com.kms.katalon.core.main.TestCaseExecutor.accessMainPhase(TestCaseExecutor.java:299)&#xD;
	at com.kms.katalon.core.main.TestCaseExecutor.execute(TestCaseExecutor.java:233)&#xD;
	at com.kms.katalon.core.main.TestCaseMain.runTestCase(TestCaseMain.java:114)&#xD;
	at com.kms.katalon.core.keyword.builtin.CallTestCaseKeyword$_callTestCase_closure1.doCall(CallTestCaseKeyword.groovy:59)&#xD;
	at com.kms.katalon.core.keyword.builtin.CallTestCaseKeyword$_callTestCase_closure1.call(CallTestCaseKeyword.groovy)&#xD;
	at com.kms.katalon.core.keyword.internal.KeywordMain.runKeyword(KeywordMain.groovy:68)&#xD;
	at com.kms.katalon.core.keyword.builtin.CallTestCaseKeyword.callTestCase(CallTestCaseKeyword.groovy:81)&#xD;
	at com.kms.katalon.core.keyword.builtin.CallTestCaseKeyword.execute(CallTestCaseKeyword.groovy:44)&#xD;
	at com.kms.katalon.core.keyword.internal.KeywordExecutor.executeKeywordForPlatform(KeywordExecutor.groovy:56)&#xD;
	at com.kms.katalon.core.keyword.BuiltinKeywords.callTestCase(BuiltinKeywords.groovy:334)&#xD;
	at Companion.run(Companion:31)&#xD;
	at com.kms.katalon.core.main.ScriptEngine.run(ScriptEngine.java:194)&#xD;
	at com.kms.katalon.core.main.ScriptEngine.runScriptAsRawText(ScriptEngine.java:119)&#xD;
	at com.kms.katalon.core.main.TestCaseExecutor.runScript(TestCaseExecutor.java:337)&#xD;
	at com.kms.katalon.core.main.TestCaseExecutor.doExecute(TestCaseExecutor.java:328)&#xD;
	at com.kms.katalon.core.main.TestCaseExecutor.processExecutionPhase(TestCaseExecutor.java:307)&#xD;
	at com.kms.katalon.core.main.TestCaseExecutor.accessMainPhase(TestCaseExecutor.java:299)&#xD;
	at com.kms.katalon.core.main.TestCaseExecutor.execute(TestCaseExecutor.java:233)&#xD;
	at com.kms.katalon.core.main.TestSuiteExecutor.accessTestCaseMainPhase(TestSuiteExecutor.java:133)&#xD;
	at com.kms.katalon.core.main.TestSuiteExecutor.accessTestSuiteMainPhase(TestSuiteExecutor.java:116)&#xD;
	at com.kms.katalon.core.main.TestSuiteExecutor.execute(TestSuiteExecutor.java:83)&#xD;
	at com.kms.katalon.core.main.TestCaseMain.startTestSuite(TestCaseMain.java:157)&#xD;
	at com.kms.katalon.core.main.TestCaseMain$startTestSuite$0.call(Unknown Source)&#xD;
	at TempTestSuite1567660261320.run(TempTestSuite1567660261320.groovy:35)&#xD;
Caused by: com.kms.katalon.core.exception.StepFailedException: com.kms.katalon.core.webui.exception.WebElementNotFoundException: Web element with id: 'Object Repository/mobileSanity/STM/Page_App Page 6/span_approved' located by 'By.xpath: //span[(text() = 'approved' or . = 'approved')]' not found&#xD;
	at com.kms.katalon.core.webui.keyword.internal.WebUIKeywordMain.stepFailed(WebUIKeywordMain.groovy:64)&#xD;
	at com.kms.katalon.core.webui.keyword.builtin.VerifyElementPresentKeyword$_verifyElementPresent_closure1.doCall(VerifyElementPresentKeyword.groovy:85)&#xD;
	at com.kms.katalon.core.webui.keyword.builtin.VerifyElementPresentKeyword$_verifyElementPresent_closure1.call(VerifyElementPresentKeyword.groovy)&#xD;
	at com.kms.katalon.core.webui.keyword.internal.WebUIKeywordMain.runKeyword(WebUIKeywordMain.groovy:20)&#xD;
	... 35 more&#xD;
)&#xD;
[[ATTACHMENT|D:\\Test\\AgileTest\\AgileTest\\Reports\\mobileWeb\\stm\\20190905_131101\\1567660642747.png]]&#xD;
&#xD;
2019-09-05 13:17:23 - [MESSAGE][FAILED] - Unable to call Test Case 'Test Cases/mobileWeb/_include/goToEnd_stm_autofill' (Root cause: com.kms.katalon.core.exception.StepFailedException: Call Test Case 'Test Cases/mobileWeb/_include/goToEnd_stm_autofill' failed&#xD;
	at com.kms.katalon.core.keyword.builtin.CallTestCaseKeyword$_callTestCase_closure1.doCall(CallTestCaseKeyword.groovy:63)&#xD;
	at com.kms.katalon.core.keyword.builtin.CallTestCaseKeyword$_callTestCase_closure1.call(CallTestCaseKeyword.groovy)&#xD;
	at com.kms.katalon.core.keyword.internal.KeywordMain.runKeyword(KeywordMain.groovy:68)&#xD;
	at com.kms.katalon.core.keyword.builtin.CallTestCaseKeyword.callTestCase(CallTestCaseKeyword.groovy:81)&#xD;
	at com.kms.katalon.core.keyword.builtin.CallTestCaseKeyword.execute(CallTestCaseKeyword.groovy:44)&#xD;
	at com.kms.katalon.core.keyword.internal.KeywordExecutor.executeKeywordForPlatform(KeywordExecutor.groovy:56)&#xD;
	at com.kms.katalon.core.keyword.BuiltinKeywords.callTestCase(BuiltinKeywords.groovy:334)&#xD;
	at Companion.run(Companion:31)&#xD;
	at com.kms.katalon.core.main.ScriptEngine.run(ScriptEngine.java:194)&#xD;
	at com.kms.katalon.core.main.ScriptEngine.runScriptAsRawText(ScriptEngine.java:119)&#xD;
	at com.kms.katalon.core.main.TestCaseExecutor.runScript(TestCaseExecutor.java:337)&#xD;
	at com.kms.katalon.core.main.TestCaseExecutor.doExecute(TestCaseExecutor.java:328)&#xD;
	at com.kms.katalon.core.main.TestCaseExecutor.processExecutionPhase(TestCaseExecutor.java:307)&#xD;
	at com.kms.katalon.core.main.TestCaseExecutor.accessMainPhase(TestCaseExecutor.java:299)&#xD;
	at com.kms.katalon.core.main.TestCaseExecutor.execute(TestCaseExecutor.java:233)&#xD;
	at com.kms.katalon.core.main.TestSuiteExecutor.accessTestCaseMainPhase(TestSuiteExecutor.java:133)&#xD;
	at com.kms.katalon.core.main.TestSuiteExecutor.accessTestSuiteMainPhase(TestSuiteExecutor.java:116)&#xD;
	at com.kms.katalon.core.main.TestSuiteExecutor.execute(TestSuiteExecutor.java:83)&#xD;
	at com.kms.katalon.core.main.TestCaseMain.startTestSuite(TestCaseMain.java:157)&#xD;
	at com.kms.katalon.core.main.TestCaseMain$startTestSuite$0.call(Unknown Source)&#xD;
	at TempTestSuite1567660261320.run(TempTestSuite1567660261320.groovy:35)&#xD;
Caused by: com.kms.katalon.core.exception.StepFailedException: Unable to verify object 'Object Repository/mobileSanity/STM/Page_App Page 6/span_approved' is present&#xD;
	at com.kms.katalon.core.webui.keyword.internal.WebUIKeywordMain.stepFailed(WebUIKeywordMain.groovy:64)&#xD;
	at com.kms.katalon.core.webui.keyword.internal.WebUIKeywordMain.runKeyword(WebUIKeywordMain.groovy:26)&#xD;
	at com.kms.katalon.core.webui.keyword.builtin.VerifyElementPresentKeyword.verifyElementPresent(VerifyElementPresentKeyword.groovy:92)&#xD;
	at com.kms.katalon.core.webui.keyword.builtin.VerifyElementPresentKeyword.execute(VerifyElementPresentKeyword.groovy:68)&#xD;
	at com.kms.katalon.core.keyword.internal.KeywordExecutor.executeKeywordForPlatform(KeywordExecutor.groovy:56)&#xD;
	at com.kms.katalon.core.webui.keyword.WebUiBuiltInKeywords.verifyElementPresent(WebUiBuiltInKeywords.groovy:1434)&#xD;
	at com.kms.katalon.core.webui.keyword.WebUiBuiltInKeywords$verifyElementPresent$12.call(Unknown Source)&#xD;
	at goToEnd_stm_autofill.run(goToEnd_stm_autofill:101)&#xD;
	at com.kms.katalon.core.main.ScriptEngine.run(ScriptEngine.java:194)&#xD;
	at com.kms.katalon.core.main.ScriptEngine.runScriptAsRawText(ScriptEngine.java:119)&#xD;
	at com.kms.katalon.core.main.TestCaseExecutor.runScript(TestCaseExecutor.java:337)&#xD;
	at com.kms.katalon.core.main.TestCaseExecutor.doExecute(TestCaseExecutor.java:328)&#xD;
	at com.kms.katalon.core.main.TestCaseExecutor.processExecutionPhase(TestCaseExecutor.java:307)&#xD;
	at com.kms.katalon.core.main.TestCaseExecutor.accessMainPhase(TestCaseExecutor.java:299)&#xD;
	at com.kms.katalon.core.main.TestCaseExecutor.execute(TestCaseExecutor.java:233)&#xD;
	at com.kms.katalon.core.main.TestCaseMain.runTestCase(TestCaseMain.java:114)&#xD;
	at com.kms.katalon.core.keyword.builtin.CallTestCaseKeyword$_callTestCase_closure1.doCall(CallTestCaseKeyword.groovy:59)&#xD;
	... 20 more&#xD;
Caused by: com.kms.katalon.core.exception.StepFailedException: com.kms.katalon.core.webui.exception.WebElementNotFoundException: Web element with id: 'Object Repository/mobileSanity/STM/Page_App Page 6/span_approved' located by 'By.xpath: //span[(text() = 'approved' or . = 'approved')]' not found&#xD;
	at com.kms.katalon.core.webui.keyword.internal.WebUIKeywordMain.stepFailed(WebUIKeywordMain.groovy:64)&#xD;
	at com.kms.katalon.core.webui.keyword.builtin.VerifyElementPresentKeyword$_verifyElementPresent_closure1.doCall(VerifyElementPresentKeyword.groovy:85)&#xD;
	at com.kms.katalon.core.webui.keyword.builtin.VerifyElementPresentKeyword$_verifyElementPresent_closure1.call(VerifyElementPresentKeyword.groovy)&#xD;
	at com.kms.katalon.core.webui.keyword.internal.WebUIKeywordMain.runKeyword(WebUIKeywordMain.groovy:20)&#xD;
	... 35 more&#xD;
)</system-out>
            <system-err>2019-09-05 13:14:56 - [TEST_CASE][FAILED] - Test Cases/mobileWeb/stm/Companion: Test Cases/mobileWeb/stm/Companion FAILED.
Reason:
com.kms.katalon.core.exception.StepFailedException: Call Test Case 'Test Cases/mobileWeb/_include/goToEnd_stm_autofill' failed&#xD;
	at com.kms.katalon.core.keyword.builtin.CallTestCaseKeyword$_callTestCase_closure1.doCall(CallTestCaseKeyword.groovy:63)&#xD;
	at com.kms.katalon.core.keyword.builtin.CallTestCaseKeyword$_callTestCase_closure1.call(CallTestCaseKeyword.groovy)&#xD;
	at com.kms.katalon.core.keyword.internal.KeywordMain.runKeyword(KeywordMain.groovy:68)&#xD;
	at com.kms.katalon.core.keyword.builtin.CallTestCaseKeyword.callTestCase(CallTestCaseKeyword.groovy:81)&#xD;
	at com.kms.katalon.core.keyword.builtin.CallTestCaseKeyword.execute(CallTestCaseKeyword.groovy:44)&#xD;
	at com.kms.katalon.core.keyword.internal.KeywordExecutor.executeKeywordForPlatform(KeywordExecutor.groovy:56)&#xD;
	at com.kms.katalon.core.keyword.BuiltinKeywords.callTestCase(BuiltinKeywords.groovy:334)&#xD;
	at Companion.run(Companion:31)&#xD;
	at com.kms.katalon.core.main.ScriptEngine.run(ScriptEngine.java:194)&#xD;
	at com.kms.katalon.core.main.ScriptEngine.runScriptAsRawText(ScriptEngine.java:119)&#xD;
	at com.kms.katalon.core.main.TestCaseExecutor.runScript(TestCaseExecutor.java:337)&#xD;
	at com.kms.katalon.core.main.TestCaseExecutor.doExecute(TestCaseExecutor.java:328)&#xD;
	at com.kms.katalon.core.main.TestCaseExecutor.processExecutionPhase(TestCaseExecutor.java:307)&#xD;
	at com.kms.katalon.core.main.TestCaseExecutor.accessMainPhase(TestCaseExecutor.java:299)&#xD;
	at com.kms.katalon.core.main.TestCaseExecutor.execute(TestCaseExecutor.java:233)&#xD;
	at com.kms.katalon.core.main.TestSuiteExecutor.accessTestCaseMainPhase(TestSuiteExecutor.java:133)&#xD;
	at com.kms.katalon.core.main.TestSuiteExecutor.accessTestSuiteMainPhase(TestSuiteExecutor.java:116)&#xD;
	at com.kms.katalon.core.main.TestSuiteExecutor.execute(TestSuiteExecutor.java:83)&#xD;
	at com.kms.katalon.core.main.TestCaseMain.startTestSuite(TestCaseMain.java:157)&#xD;
	at com.kms.katalon.core.main.TestCaseMain$startTestSuite$0.call(Unknown Source)&#xD;
	at TempTestSuite1567660261320.run(TempTestSuite1567660261320.groovy:35)&#xD;
Caused by: com.kms.katalon.core.exception.StepFailedException: Unable to verify object 'Object Repository/mobileSanity/STM/Page_App Page 6/span_approved' is present&#xD;
	at com.kms.katalon.core.webui.keyword.internal.WebUIKeywordMain.stepFailed(WebUIKeywordMain.groovy:64)&#xD;
	at com.kms.katalon.core.webui.keyword.internal.WebUIKeywordMain.runKeyword(WebUIKeywordMain.groovy:26)&#xD;
	at com.kms.katalon.core.webui.keyword.builtin.VerifyElementPresentKeyword.verifyElementPresent(VerifyElementPresentKeyword.groovy:92)&#xD;
	at com.kms.katalon.core.webui.keyword.builtin.VerifyElementPresentKeyword.execute(VerifyElementPresentKeyword.groovy:68)&#xD;
	at com.kms.katalon.core.keyword.internal.KeywordExecutor.executeKeywordForPlatform(KeywordExecutor.groovy:56)&#xD;
	at com.kms.katalon.core.webui.keyword.WebUiBuiltInKeywords.verifyElementPresent(WebUiBuiltInKeywords.groovy:1434)&#xD;
	at com.kms.katalon.core.webui.keyword.WebUiBuiltInKeywords$verifyElementPresent$12.call(Unknown Source)&#xD;
	at goToEnd_stm_autofill.run(goToEnd_stm_autofill:101)&#xD;
	at com.kms.katalon.core.main.ScriptEngine.run(ScriptEngine.java:194)&#xD;
	at com.kms.katalon.core.main.ScriptEngine.runScriptAsRawText(ScriptEngine.java:119)&#xD;
	at com.kms.katalon.core.main.TestCaseExecutor.runScript(TestCaseExecutor.java:337)&#xD;
	at com.kms.katalon.core.main.TestCaseExecutor.doExecute(TestCaseExecutor.java:328)&#xD;
	at com.kms.katalon.core.main.TestCaseExecutor.processExecutionPhase(TestCaseExecutor.java:307)&#xD;
	at com.kms.katalon.core.main.TestCaseExecutor.accessMainPhase(TestCaseExecutor.java:299)&#xD;
	at com.kms.katalon.core.main.TestCaseExecutor.execute(TestCaseExecutor.java:233)&#xD;
	at com.kms.katalon.core.main.TestCaseMain.runTestCase(TestCaseMain.java:114)&#xD;
	at com.kms.katalon.core.keyword.builtin.CallTestCaseKeyword$_callTestCase_closure1.doCall(CallTestCaseKeyword.groovy:59)&#xD;
	... 20 more&#xD;
Caused by: com.kms.katalon.core.exception.StepFailedException: com.kms.katalon.core.webui.exception.WebElementNotFoundException: Web element with id: 'Object Repository/mobileSanity/STM/Page_App Page 6/span_approved' located by 'By.xpath: //span[(text() = 'approved' or . = 'approved')]' not found&#xD;
	at com.kms.katalon.core.webui.keyword.internal.WebUIKeywordMain.stepFailed(WebUIKeywordMain.groovy:64)&#xD;
	at com.kms.katalon.core.webui.keyword.builtin.VerifyElementPresentKeyword$_verifyElementPresent_closure1.doCall(VerifyElementPresentKeyword.groovy:85)&#xD;
	at com.kms.katalon.core.webui.keyword.builtin.VerifyElementPresentKeyword$_verifyElementPresent_closure1.call(VerifyElementPresentKeyword.groovy)&#xD;
	at com.kms.katalon.core.webui.keyword.internal.WebUIKeywordMain.runKeyword(WebUIKeywordMain.groovy:20)&#xD;
	... 35 more</system-err>
        </testcase>
        <testcase name="Test Cases/mobileWeb/stm/Everest" classname="Test Cases/mobileWeb/stm/Everest" status="PASSED">
            <system-out>2019-09-05 13:17:23 - [TEST_CASE][PASSED] - Test Cases/mobileWeb/stm/Everest: Test Cases/mobileWeb/stm/Everest&#xD;
&#xD;
2019-09-05 13:17:23 - [TEST_STEP][PASSED] - callTestCase(findTestCase("mobileWeb/_include/get_screenPath"), ["productLine":"stm", "carrierName":"Everest"], CONTINUE_ON_FAILURE): Call Test Case 'Test Cases/mobileWeb/_include/get_screenPath' successfully&#xD;
&#xD;
2019-09-05 13:17:23 - [TEST_CASE][PASSED] - Test Cases/mobileWeb/_include/get_screenPath: Test Cases/mobileWeb/_include/get_screenPath&#xD;
&#xD;
2019-09-05 13:17:23 - [TEST_STEP][PASSED] - m = getExecutionProperties(): null&#xD;
&#xD;
2019-09-05 13:17:23 - [TEST_STEP][PASSED] - deviceName = get("mobileEmulation").get("deviceName"): null&#xD;
&#xD;
2019-09-05 13:17:23 - [TEST_STEP][PASSED] - println(deviceName): null&#xD;
&#xD;
2019-09-05 13:17:23 - [TEST_STEP][PASSED] - now = new java.util.Date(): null&#xD;
&#xD;
2019-09-05 13:17:23 - [TEST_STEP][PASSED] - mydate = now.format("yyyyMMdd_HHmmss"): null&#xD;
&#xD;
2019-09-05 13:17:23 - [TEST_STEP][PASSED] - screenPath = "../Screenshots/": null&#xD;
&#xD;
2019-09-05 13:17:23 - [TEST_STEP][PASSED] - screenPath = screenPath + deviceName + "/" + productLine + "/" + carrierName + "/" + mydate + "/": null&#xD;
&#xD;
2019-09-05 13:17:23 - [TEST_STEP][PASSED] - println(screenPath): null&#xD;
&#xD;
2019-09-05 13:17:23 - [MESSAGE][PASSED] - Call Test Case 'Test Cases/mobileWeb/_include/get_screenPath' successfully&#xD;
&#xD;
2019-09-05 13:17:23 - [TEST_STEP][PASSED] - i = 0: null&#xD;
&#xD;
2019-09-05 13:17:23 - [TEST_STEP][PASSED] - callTestCase(findTestCase("mobileWeb/_include/openWebSite"), [:], STOP_ON_FAILURE): Call Test Case 'Test Cases/mobileWeb/_include/openWebSite' successfully&#xD;
&#xD;
2019-09-05 13:17:24 - [TEST_CASE][PASSED] - Test Cases/mobileWeb/_include/openWebSite: Test Cases/mobileWeb/_include/openWebSite&#xD;
&#xD;
2019-09-05 13:17:24 - [TEST_STEP][PASSED] - openBrowser(env): Browser is opened with url: 'https://praetemptatus.agilehealthinsurance.com'&#xD;
&#xD;
2019-09-05 13:17:24 - [MESSAGE][WARNING] - A browser is already opened. Closing browser and opening a new one&#xD;
&#xD;
2019-09-05 13:17:24 - [MESSAGE][INFO] - Starting 'Chrome' driver&#xD;
&#xD;
2019-09-05 13:17:24 - [MESSAGE][INFO] - User set preference: ['mobileEmulation', '{deviceName=iPhone X}']&#xD;
&#xD;
2019-09-05 13:17:24 - [MESSAGE][INFO] - User set preference: ['args', '[--incognito, --aggressive-cache-discard, --no-sandbox, --window-size=375,812]']&#xD;
&#xD;
2019-09-05 13:17:30 - [MESSAGE][PASSED] - Browser is opened with url: 'https://praetemptatus.agilehealthinsurance.com'&#xD;
&#xD;
2019-09-05 13:17:30 - [TEST_STEP][PASSED] - waitForPageLoad(20): Wait for page load successfully&#xD;
&#xD;
2019-09-05 13:17:30 - [MESSAGE][PASSED] - Wait for page load successfully&#xD;
&#xD;
2019-09-05 13:17:30 - [TEST_STEP][PASSED] - callTestCase(findTestCase("mobileWeb/_include/get_screenshot"), [:], STOP_ON_FAILURE): Call Test Case 'Test Cases/mobileWeb/_include/get_screenshot' successfully&#xD;
&#xD;
2019-09-05 13:17:30 - [TEST_CASE][PASSED] - Test Cases/mobileWeb/_include/get_screenshot: Test Cases/mobileWeb/_include/get_screenshot&#xD;
&#xD;
2019-09-05 13:17:30 - [TEST_STEP][PASSED] - takeScreenshot(screenPath + i + ".png"): Taking screenshot successfully&#xD;
&#xD;
2019-09-05 13:17:31 - [MESSAGE][PASSED] - Taking screenshot successfully&#xD;
[[ATTACHMENT|D:\\Test\\AgileTest\\AgileTest\\Reports\\mobileWeb\\stm\\20190905_131101\\../Screenshots/iPhone X/stm/Everest/20190905_131723/0.png]]&#xD;
&#xD;
2019-09-05 13:17:31 - [TEST_STEP][PASSED] - (internal.GlobalVariable.i++): null&#xD;
&#xD;
2019-09-05 13:17:31 - [MESSAGE][PASSED] - Call Test Case 'Test Cases/mobileWeb/_include/get_screenshot' successfully&#xD;
&#xD;
2019-09-05 13:17:31 - [MESSAGE][PASSED] - Call Test Case 'Test Cases/mobileWeb/_include/openWebSite' successfully&#xD;
&#xD;
2019-09-05 13:17:31 - [TEST_STEP][PASSED] - callTestCase(findTestCase("mobileWeb/_include/census_stm"), ["zipcode":"83709"], STOP_ON_FAILURE): Call Test Case 'Test Cases/mobileWeb/_include/census_stm' successfully&#xD;
&#xD;
2019-09-05 13:17:31 - [TEST_CASE][PASSED] - Test Cases/mobileWeb/_include/census_stm: Test Cases/mobileWeb/_include/census_stm&#xD;
&#xD;
2019-09-05 13:17:31 - [TEST_STEP][PASSED] - waitForElementClickable(findTestObject("mobileSanity/STM/Home Page/a_Quote  Save Today"), 10): Object 'Object Repository/mobileSanity/STM/Home Page/a_Quote  Save Today' is clickable&#xD;
&#xD;
2019-09-05 13:17:31 - [MESSAGE][PASSED] - Object 'Object Repository/mobileSanity/STM/Home Page/a_Quote  Save Today' is clickable&#xD;
&#xD;
2019-09-05 13:17:31 - [TEST_STEP][PASSED] - click(findTestObject("mobileSanity/STM/Home Page/a_Quote  Save Today")): Object: 'Object Repository/mobileSanity/STM/Home Page/a_Quote  Save Today' is clicked on&#xD;
&#xD;
2019-09-05 13:17:32 - [MESSAGE][PASSED] - Object: 'Object Repository/mobileSanity/STM/Home Page/a_Quote  Save Today' is clicked on&#xD;
&#xD;
2019-09-05 13:17:32 - [TEST_STEP][PASSED] - waitForPageLoad(10): Wait for page load successfully&#xD;
&#xD;
2019-09-05 13:17:32 - [MESSAGE][PASSED] - Wait for page load successfully&#xD;
&#xD;
2019-09-05 13:17:32 - [TEST_STEP][PASSED] - callTestCase(findTestCase("mobileWeb/_include/get_screenshot"), [:], STOP_ON_FAILURE): Call Test Case 'Test Cases/mobileWeb/_include/get_screenshot' successfully&#xD;
&#xD;
2019-09-05 13:17:32 - [TEST_CASE][PASSED] - Test Cases/mobileWeb/_include/get_screenshot: Test Cases/mobileWeb/_include/get_screenshot&#xD;
&#xD;
2019-09-05 13:17:32 - [TEST_STEP][PASSED] - takeScreenshot(screenPath + i + ".png"): Taking screenshot successfully&#xD;
&#xD;
2019-09-05 13:17:34 - [MESSAGE][PASSED] - Taking screenshot successfully&#xD;
[[ATTACHMENT|D:\\Test\\AgileTest\\AgileTest\\Reports\\mobileWeb\\stm\\20190905_131101\\../Screenshots/iPhone X/stm/Everest/20190905_131723/1.png]]&#xD;
&#xD;
2019-09-05 13:17:34 - [TEST_STEP][PASSED] - (internal.GlobalVariable.i++): null&#xD;
&#xD;
2019-09-05 13:17:34 - [MESSAGE][PASSED] - Call Test Case 'Test Cases/mobileWeb/_include/get_screenshot' successfully&#xD;
&#xD;
2019-09-05 13:17:34 - [TEST_STEP][PASSED] - setText(findTestObject("mobileSanity/STM/STM Census Page/input_Location_zip-input"), zipcode): Text '83709' is set on object 'Object Repository/mobileSanity/STM/STM Census Page/input_Location_zip-input'&#xD;
&#xD;
2019-09-05 13:17:34 - [MESSAGE][PASSED] - Text '83709' is set on object 'Object Repository/mobileSanity/STM/STM Census Page/input_Location_zip-input'&#xD;
&#xD;
2019-09-05 13:17:34 - [TEST_STEP][PASSED] - Thread.sleep(500): null&#xD;
&#xD;
2019-09-05 13:17:34 - [TEST_STEP][PASSED] - setText(findTestObject("mobileSanity/STM/STM Census Page/input_Date of Birth_dob-0"), "03031987"): Text '03031987' is set on object 'Object Repository/mobileSanity/STM/STM Census Page/input_Date of Birth_dob-0'&#xD;
&#xD;
2019-09-05 13:17:35 - [MESSAGE][PASSED] - Text '03031987' is set on object 'Object Repository/mobileSanity/STM/STM Census Page/input_Date of Birth_dob-0'&#xD;
&#xD;
2019-09-05 13:17:35 - [TEST_STEP][PASSED] - click(findTestObject("mobileSanity/STM/STM Census Page/label_Male")): Object: 'Object Repository/mobileSanity/STM/STM Census Page/label_Male' is clicked on&#xD;
&#xD;
2019-09-05 13:17:35 - [MESSAGE][PASSED] - Object: 'Object Repository/mobileSanity/STM/STM Census Page/label_Male' is clicked on&#xD;
&#xD;
2019-09-05 13:17:35 - [TEST_STEP][PASSED] - click(findTestObject("mobileSanity/STM/STM Census Page/label_Compare Plans")): Object: 'Object Repository/mobileSanity/STM/STM Census Page/label_Compare Plans' is clicked on&#xD;
&#xD;
2019-09-05 13:17:35 - [MESSAGE][PASSED] - Object: 'Object Repository/mobileSanity/STM/STM Census Page/label_Compare Plans' is clicked on&#xD;
&#xD;
2019-09-05 13:17:35 - [TEST_STEP][PASSED] - waitForElementVisible(findTestObject("mobileSanity/STM/STM Quote Page/button_sort"), 20): Object 'Object Repository/mobileSanity/STM/STM Quote Page/button_sort' is visible&#xD;
&#xD;
2019-09-05 13:17:41 - [MESSAGE][PASSED] - Object 'Object Repository/mobileSanity/STM/STM Quote Page/button_sort' is visible&#xD;
&#xD;
2019-09-05 13:17:41 - [TEST_STEP][PASSED] - Thread.sleep(3000): null&#xD;
&#xD;
2019-09-05 13:17:44 - [TEST_STEP][PASSED] - callTestCase(findTestCase("mobileWeb/_include/get_screenshot"), [:], STOP_ON_FAILURE): Call Test Case 'Test Cases/mobileWeb/_include/get_screenshot' successfully&#xD;
&#xD;
2019-09-05 13:17:44 - [TEST_CASE][PASSED] - Test Cases/mobileWeb/_include/get_screenshot: Test Cases/mobileWeb/_include/get_screenshot&#xD;
&#xD;
2019-09-05 13:17:44 - [TEST_STEP][PASSED] - takeScreenshot(screenPath + i + ".png"): Taking screenshot successfully&#xD;
&#xD;
2019-09-05 13:17:44 - [MESSAGE][PASSED] - Taking screenshot successfully&#xD;
[[ATTACHMENT|D:\\Test\\AgileTest\\AgileTest\\Reports\\mobileWeb\\stm\\20190905_131101\\../Screenshots/iPhone X/stm/Everest/20190905_131723/2.png]]&#xD;
&#xD;
2019-09-05 13:17:44 - [TEST_STEP][PASSED] - (internal.GlobalVariable.i++): null&#xD;
&#xD;
2019-09-05 13:17:44 - [MESSAGE][PASSED] - Call Test Case 'Test Cases/mobileWeb/_include/get_screenshot' successfully&#xD;
&#xD;
2019-09-05 13:17:44 - [TEST_STEP][PASSED] - Thread.sleep(1000): null&#xD;
&#xD;
2019-09-05 13:17:45 - [MESSAGE][PASSED] - Call Test Case 'Test Cases/mobileWeb/_include/census_stm' successfully&#xD;
&#xD;
2019-09-05 13:17:45 - [TEST_STEP][PASSED] - callTestCase(findTestCase("mobileWeb/_include/filter_stm"), ["carrier":"everest-one"], STOP_ON_FAILURE): Call Test Case 'Test Cases/mobileWeb/_include/filter_stm' successfully&#xD;
&#xD;
2019-09-05 13:17:45 - [TEST_CASE][PASSED] - Test Cases/mobileWeb/_include/filter_stm: Test Cases/mobileWeb/_include/filter_stm&#xD;
&#xD;
2019-09-05 13:17:45 - [TEST_STEP][PASSED] - driver = getWebDriver(): null&#xD;
&#xD;
2019-09-05 13:17:45 - [TEST_STEP][PASSED] - selenium = new com.thoughtworks.selenium.webdriven.WebDriverBackedSelenium(driver, internal.GlobalVariable.ENV): null&#xD;
&#xD;
2019-09-05 13:17:46 - [TEST_STEP][PASSED] - Thread.sleep(1000): null&#xD;
&#xD;
2019-09-05 13:17:47 - [TEST_STEP][PASSED] - click(findTestObject("mobileSanity/STM/STM Quote Page/button_filters")): Object: 'Object Repository/mobileSanity/STM/STM Quote Page/button_filters' is clicked on&#xD;
&#xD;
2019-09-05 13:17:47 - [MESSAGE][PASSED] - Object: 'Object Repository/mobileSanity/STM/STM Quote Page/button_filters' is clicked on&#xD;
&#xD;
2019-09-05 13:17:47 - [TEST_STEP][PASSED] - Thread.sleep(1000): null&#xD;
&#xD;
2019-09-05 13:17:48 - [TEST_STEP][PASSED] - click(findTestObject("mobileSanity/STM/STM Quote Page/i_Insurance company")): Object: 'Object Repository/mobileSanity/STM/STM Quote Page/i_Insurance company' is clicked on&#xD;
&#xD;
2019-09-05 13:17:48 - [MESSAGE][PASSED] - Object: 'Object Repository/mobileSanity/STM/STM Quote Page/i_Insurance company' is clicked on&#xD;
&#xD;
2019-09-05 13:17:48 - [TEST_STEP][PASSED] - Thread.sleep(1000): null&#xD;
&#xD;
2019-09-05 13:17:49 - [TEST_STEP][PASSED] - filter_carrier = "//input[@name='filter[carrier]' and @value='" + carrier + "']/following::label": null&#xD;
&#xD;
2019-09-05 13:17:49 - [TEST_STEP][PASSED] - println(filter_carrier): null&#xD;
&#xD;
2019-09-05 13:17:49 - [TEST_STEP][PASSED] - test.MobileKeywords.clickJS_ByXpath(filter_carrier): test.MobileKeywords.clickJS_ByXpath is PASSED&#xD;
&#xD;
2019-09-05 13:17:49 - [MESSAGE][PASSED] - Execute JavaScript 'arguments[0].click()' successfully&#xD;
&#xD;
2019-09-05 13:17:49 - [MESSAGE][PASSED] - test.MobileKeywords.clickJS_ByXpath is PASSED&#xD;
&#xD;
2019-09-05 13:17:49 - [TEST_STEP][PASSED] - Thread.sleep(1000): null&#xD;
&#xD;
2019-09-05 13:17:50 - [TEST_STEP][PASSED] - scrollToElement(findTestObject("mobileSanity/STM/STM Quote Page/a_Show Plans"), 1000): Scroll to object 'Object Repository/mobileSanity/STM/STM Quote Page/a_Show Plans' successfully&#xD;
&#xD;
2019-09-05 13:17:50 - [MESSAGE][PASSED] - Scroll to object 'Object Repository/mobileSanity/STM/STM Quote Page/a_Show Plans' successfully&#xD;
&#xD;
2019-09-05 13:17:50 - [TEST_STEP][PASSED] - click(findTestObject("mobileSanity/STM/STM Quote Page/a_Show Plans")): Object: 'Object Repository/mobileSanity/STM/STM Quote Page/a_Show Plans' is clicked on&#xD;
&#xD;
2019-09-05 13:17:51 - [MESSAGE][PASSED] - Object: 'Object Repository/mobileSanity/STM/STM Quote Page/a_Show Plans' is clicked on&#xD;
&#xD;
2019-09-05 13:17:51 - [TEST_STEP][PASSED] - waitForJQueryLoad(20, STOP_ON_FAILURE): jQuery is ready.&#xD;
&#xD;
2019-09-05 13:17:51 - [MESSAGE][PASSED] - jQuery is ready.&#xD;
&#xD;
2019-09-05 13:17:51 - [TEST_STEP][PASSED] - Thread.sleep(2000): null&#xD;
&#xD;
2019-09-05 13:17:53 - [TEST_STEP][PASSED] - callTestCase(findTestCase("mobileWeb/_include/get_screenshot"), [:], STOP_ON_FAILURE): Call Test Case 'Test Cases/mobileWeb/_include/get_screenshot' successfully&#xD;
&#xD;
2019-09-05 13:17:53 - [TEST_CASE][PASSED] - Test Cases/mobileWeb/_include/get_screenshot: Test Cases/mobileWeb/_include/get_screenshot&#xD;
&#xD;
2019-09-05 13:17:53 - [TEST_STEP][PASSED] - takeScreenshot(screenPath + i + ".png"): Taking screenshot successfully&#xD;
&#xD;
2019-09-05 13:17:54 - [MESSAGE][PASSED] - Taking screenshot successfully&#xD;
[[ATTACHMENT|D:\\Test\\AgileTest\\AgileTest\\Reports\\mobileWeb\\stm\\20190905_131101\\../Screenshots/iPhone X/stm/Everest/20190905_131723/3.png]]&#xD;
&#xD;
2019-09-05 13:17:54 - [TEST_STEP][PASSED] - (internal.GlobalVariable.i++): null&#xD;
&#xD;
2019-09-05 13:17:54 - [MESSAGE][PASSED] - Call Test Case 'Test Cases/mobileWeb/_include/get_screenshot' successfully&#xD;
&#xD;
2019-09-05 13:17:54 - [MESSAGE][PASSED] - Call Test Case 'Test Cases/mobileWeb/_include/filter_stm' successfully&#xD;
&#xD;
2019-09-05 13:17:54 - [TEST_STEP][PASSED] - callTestCase(findTestCase("mobileWeb/_include/goToDetail_stm"), ["carrier":"everest-one"], STOP_ON_FAILURE): Call Test Case 'Test Cases/mobileWeb/_include/goToDetail_stm' successfully&#xD;
&#xD;
2019-09-05 13:17:54 - [TEST_CASE][PASSED] - Test Cases/mobileWeb/_include/goToDetail_stm: Test Cases/mobileWeb/_include/goToDetail_stm&#xD;
&#xD;
2019-09-05 13:17:54 - [TEST_STEP][PASSED] - driver = getWebDriver(): null&#xD;
&#xD;
2019-09-05 13:17:54 - [TEST_STEP][PASSED] - selenium = new com.thoughtworks.selenium.webdriven.WebDriverBackedSelenium(driver, internal.GlobalVariable.ENV): null&#xD;
&#xD;
2019-09-05 13:17:54 - [TEST_STEP][PASSED] - a_plan_name = "xpath=//a[contains(@href,'/term-health-insurance/plan/" + carrier + "')]": null&#xD;
&#xD;
2019-09-05 13:17:54 - [TEST_STEP][PASSED] - println(a_plan_name): null&#xD;
&#xD;
2019-09-05 13:17:54 - [TEST_STEP][PASSED] - selenium.click(a_plan_name): null&#xD;
&#xD;
2019-09-05 13:17:58 - [TEST_STEP][PASSED] - waitForPageLoad(20): Wait for page load successfully&#xD;
&#xD;
2019-09-05 13:17:59 - [MESSAGE][PASSED] - Wait for page load successfully&#xD;
&#xD;
2019-09-05 13:17:59 - [TEST_STEP][PASSED] - Thread.sleep(2000): null&#xD;
&#xD;
2019-09-05 13:18:01 - [TEST_STEP][PASSED] - callTestCase(findTestCase("mobileWeb/_include/get_screenshot"), [:], STOP_ON_FAILURE): Call Test Case 'Test Cases/mobileWeb/_include/get_screenshot' successfully&#xD;
&#xD;
2019-09-05 13:18:01 - [TEST_CASE][PASSED] - Test Cases/mobileWeb/_include/get_screenshot: Test Cases/mobileWeb/_include/get_screenshot&#xD;
&#xD;
2019-09-05 13:18:01 - [TEST_STEP][PASSED] - takeScreenshot(screenPath + i + ".png"): Taking screenshot successfully&#xD;
&#xD;
2019-09-05 13:18:01 - [MESSAGE][PASSED] - Taking screenshot successfully&#xD;
[[ATTACHMENT|D:\\Test\\AgileTest\\AgileTest\\Reports\\mobileWeb\\stm\\20190905_131101\\../Screenshots/iPhone X/stm/Everest/20190905_131723/4.png]]&#xD;
&#xD;
2019-09-05 13:18:01 - [TEST_STEP][PASSED] - (internal.GlobalVariable.i++): null&#xD;
&#xD;
2019-09-05 13:18:01 - [MESSAGE][PASSED] - Call Test Case 'Test Cases/mobileWeb/_include/get_screenshot' successfully&#xD;
&#xD;
2019-09-05 13:18:01 - [MESSAGE][PASSED] - Call Test Case 'Test Cases/mobileWeb/_include/goToDetail_stm' successfully&#xD;
&#xD;
2019-09-05 13:18:01 - [TEST_STEP][PASSED] - callTestCase(findTestCase("mobileWeb/_include/apply_stm"), [:], STOP_ON_FAILURE): Call Test Case 'Test Cases/mobileWeb/_include/apply_stm' successfully&#xD;
&#xD;
2019-09-05 13:18:02 - [TEST_CASE][PASSED] - Test Cases/mobileWeb/_include/apply_stm: Test Cases/mobileWeb/_include/apply_stm&#xD;
&#xD;
2019-09-05 13:18:02 - [TEST_STEP][PASSED] - waitForElementVisible(findTestObject("mobileSanity/STM/STM PlanDetail Page/a_Apply for This Plan"), 5): Object 'Object Repository/mobileSanity/STM/STM PlanDetail Page/a_Apply for This Plan' is visible&#xD;
&#xD;
2019-09-05 13:18:02 - [MESSAGE][PASSED] - Object 'Object Repository/mobileSanity/STM/STM PlanDetail Page/a_Apply for This Plan' is visible&#xD;
&#xD;
2019-09-05 13:18:02 - [TEST_STEP][PASSED] - click(findTestObject("mobileSanity/STM/STM PlanDetail Page/a_Apply for This Plan")): Object: 'Object Repository/mobileSanity/STM/STM PlanDetail Page/a_Apply for This Plan' is clicked on&#xD;
&#xD;
2019-09-05 13:18:03 - [MESSAGE][PASSED] - Object: 'Object Repository/mobileSanity/STM/STM PlanDetail Page/a_Apply for This Plan' is clicked on&#xD;
&#xD;
2019-09-05 13:18:03 - [TEST_STEP][PASSED] - waitForPageLoad(10): Wait for page load successfully&#xD;
&#xD;
2019-09-05 13:18:03 - [MESSAGE][PASSED] - Wait for page load successfully&#xD;
&#xD;
2019-09-05 13:18:03 - [TEST_STEP][PASSED] - Thread.sleep(2000): null&#xD;
&#xD;
2019-09-05 13:18:05 - [TEST_STEP][PASSED] - callTestCase(findTestCase("mobileWeb/_include/get_screenshot"), [:], STOP_ON_FAILURE): Call Test Case 'Test Cases/mobileWeb/_include/get_screenshot' successfully&#xD;
&#xD;
2019-09-05 13:18:05 - [TEST_CASE][PASSED] - Test Cases/mobileWeb/_include/get_screenshot: Test Cases/mobileWeb/_include/get_screenshot&#xD;
&#xD;
2019-09-05 13:18:05 - [TEST_STEP][PASSED] - takeScreenshot(screenPath + i + ".png"): Taking screenshot successfully&#xD;
&#xD;
2019-09-05 13:18:06 - [MESSAGE][PASSED] - Taking screenshot successfully&#xD;
[[ATTACHMENT|D:\\Test\\AgileTest\\AgileTest\\Reports\\mobileWeb\\stm\\20190905_131101\\../Screenshots/iPhone X/stm/Everest/20190905_131723/5.png]]&#xD;
&#xD;
2019-09-05 13:18:06 - [TEST_STEP][PASSED] - (internal.GlobalVariable.i++): null&#xD;
&#xD;
2019-09-05 13:18:06 - [MESSAGE][PASSED] - Call Test Case 'Test Cases/mobileWeb/_include/get_screenshot' successfully&#xD;
&#xD;
2019-09-05 13:18:06 - [TEST_STEP][PASSED] - waitForElementVisible(findTestObject("mobileSanity/STM/STM Apply Page/a_Start Secure Application"), 5): Object 'Object Repository/mobileSanity/STM/STM Apply Page/a_Start Secure Application' is visible&#xD;
&#xD;
2019-09-05 13:18:06 - [MESSAGE][PASSED] - Object 'Object Repository/mobileSanity/STM/STM Apply Page/a_Start Secure Application' is visible&#xD;
&#xD;
2019-09-05 13:18:06 - [TEST_STEP][PASSED] - click(findTestObject("mobileSanity/STM/STM Apply Page/a_Start Secure Application")): Object: 'Object Repository/mobileSanity/STM/STM Apply Page/a_Start Secure Application' is clicked on&#xD;
&#xD;
2019-09-05 13:18:08 - [MESSAGE][PASSED] - Object: 'Object Repository/mobileSanity/STM/STM Apply Page/a_Start Secure Application' is clicked on&#xD;
&#xD;
2019-09-05 13:18:08 - [TEST_STEP][PASSED] - waitForPageLoad(20): Wait for page load successfully&#xD;
&#xD;
2019-09-05 13:18:08 - [MESSAGE][PASSED] - Wait for page load successfully&#xD;
&#xD;
2019-09-05 13:18:08 - [TEST_STEP][PASSED] - Thread.sleep(2000): null&#xD;
&#xD;
2019-09-05 13:18:10 - [TEST_STEP][PASSED] - callTestCase(findTestCase("mobileWeb/_include/get_screenshot"), [:], STOP_ON_FAILURE): Call Test Case 'Test Cases/mobileWeb/_include/get_screenshot' successfully&#xD;
&#xD;
2019-09-05 13:18:10 - [TEST_CASE][PASSED] - Test Cases/mobileWeb/_include/get_screenshot: Test Cases/mobileWeb/_include/get_screenshot&#xD;
&#xD;
2019-09-05 13:18:10 - [TEST_STEP][PASSED] - takeScreenshot(screenPath + i + ".png"): Taking screenshot successfully&#xD;
&#xD;
2019-09-05 13:18:10 - [MESSAGE][PASSED] - Taking screenshot successfully&#xD;
[[ATTACHMENT|D:\\Test\\AgileTest\\AgileTest\\Reports\\mobileWeb\\stm\\20190905_131101\\../Screenshots/iPhone X/stm/Everest/20190905_131723/6.png]]&#xD;
&#xD;
2019-09-05 13:18:10 - [TEST_STEP][PASSED] - (internal.GlobalVariable.i++): null&#xD;
&#xD;
2019-09-05 13:18:10 - [MESSAGE][PASSED] - Call Test Case 'Test Cases/mobileWeb/_include/get_screenshot' successfully&#xD;
&#xD;
2019-09-05 13:18:10 - [MESSAGE][PASSED] - Call Test Case 'Test Cases/mobileWeb/_include/apply_stm' successfully&#xD;
&#xD;
2019-09-05 13:18:10 - [TEST_STEP][PASSED] - callTestCase(findTestCase("mobileWeb/_include/goToEnd_stm_autofill"), [:], STOP_ON_FAILURE): Call Test Case 'Test Cases/mobileWeb/_include/goToEnd_stm_autofill' successfully&#xD;
&#xD;
2019-09-05 13:18:10 - [TEST_CASE][PASSED] - Test Cases/mobileWeb/_include/goToEnd_stm_autofill: Test Cases/mobileWeb/_include/goToEnd_stm_autofill&#xD;
&#xD;
2019-09-05 13:18:11 - [TEST_STEP][PASSED] - callTestCase(findTestCase("mobileWeb/_include/name"), [:], CONTINUE_ON_FAILURE): Call Test Case 'Test Cases/mobileWeb/_include/name' successfully&#xD;
&#xD;
2019-09-05 13:18:11 - [TEST_CASE][PASSED] - Test Cases/mobileWeb/_include/name: Test Cases/mobileWeb/_include/name&#xD;
&#xD;
2019-09-05 13:18:11 - [TEST_STEP][PASSED] - driver = getWebDriver(): null&#xD;
&#xD;
2019-09-05 13:18:11 - [TEST_STEP][PASSED] - selenium = new com.thoughtworks.selenium.webdriven.WebDriverBackedSelenium(driver, internal.GlobalVariable.ENV): null&#xD;
&#xD;
2019-09-05 13:18:11 - [TEST_STEP][PASSED] - FirstName = "Test-123": null&#xD;
&#xD;
2019-09-05 13:18:11 - [TEST_STEP][PASSED] - LastName = selenium.getEval("{var x="ABCDEFGHIJKLMNOPQRSTUVWXYZabcdefghijklmnopqrstuvwxyz"; var tmp="ZZ11-"; for (i=0;i&lt;8;i++) tmp+=x.charAt(Math.ceil(51*Math.random()));tmp;}"): null&#xD;
&#xD;
2019-09-05 13:18:11 - [TEST_STEP][PASSED] - Address = selenium.getEval("{var x="ABCDEFGHIJKLMNOPQRSTUVWXYZabcdefghijklmnopqrstuvwxyz"; var tmp=""; for (i=0;i&lt;8;i++) tmp+=x.charAt(Math.ceil(51*Math.random()));tmp;}"): null&#xD;
&#xD;
2019-09-05 13:18:11 - [TEST_STEP][PASSED] - City = selenium.getEval("{var x="ABCDEFGHIJKLMNOPQRSTUVWXYZabcdefghijklmnopqrstuvwxyz"; var tmp=""; for (i=0;i&lt;8;i++) tmp+=x.charAt(Math.ceil(51*Math.random()));tmp;}"): null&#xD;
&#xD;
2019-09-05 13:18:11 - [TEST_STEP][PASSED] - tel1 = selenium.getEval("{var x="123456789"; var tmp=""; for (i=0;i&lt;3;i++) tmp+=x.charAt(Math.ceil(8*Math.random()));tmp;}"): null&#xD;
&#xD;
2019-09-05 13:18:11 - [TEST_STEP][PASSED] - tel2 = selenium.getEval("{var x="123456789"; var tmp=""; for (i=0;i&lt;3;i++) tmp+=x.charAt(Math.ceil(8*Math.random()));tmp;}"): null&#xD;
&#xD;
2019-09-05 13:18:11 - [TEST_STEP][PASSED] - tel3 = selenium.getEval("{var x="123456789"; var tmp=""; for (i=0;i&lt;4;i++) tmp+=x.charAt(Math.ceil(8*Math.random()));tmp;}"): null&#xD;
&#xD;
2019-09-05 13:18:11 - [TEST_STEP][PASSED] - Tel = selenium.getExpression(tel1 + "-" + tel2 + "-" + tel3): null&#xD;
&#xD;
2019-09-05 13:18:11 - [TEST_STEP][PASSED] - AutoEmail = selenium.getEval("{var x="ABCDEFGHIJKLMNOPQRSTUVWXYZabcdefghijklmnopqrstuvwxyz"; var tmp="test."; for (i=0;i&lt;8;i++) tmp+=x.charAt(Math.ceil(51*Math.random()));tmp+="@suryani.cn";}"): null&#xD;
&#xD;
2019-09-05 13:18:11 - [TEST_STEP][PASSED] - FirstName = FirstName: null&#xD;
&#xD;
2019-09-05 13:18:11 - [TEST_STEP][PASSED] - LastName = LastName: null&#xD;
&#xD;
2019-09-05 13:18:11 - [TEST_STEP][PASSED] - Address = Address: null&#xD;
&#xD;
2019-09-05 13:18:11 - [TEST_STEP][PASSED] - City = City: null&#xD;
&#xD;
2019-09-05 13:18:11 - [TEST_STEP][PASSED] - Tel = Tel: null&#xD;
&#xD;
2019-09-05 13:18:11 - [TEST_STEP][PASSED] - AutoEmail = AutoEmail: null&#xD;
&#xD;
2019-09-05 13:18:11 - [TEST_STEP][PASSED] - println(FirstName): null&#xD;
&#xD;
2019-09-05 13:18:11 - [TEST_STEP][PASSED] - println(LastName): null&#xD;
&#xD;
2019-09-05 13:18:11 - [TEST_STEP][PASSED] - println(Address): null&#xD;
&#xD;
2019-09-05 13:18:11 - [TEST_STEP][PASSED] - println(City): null&#xD;
&#xD;
2019-09-05 13:18:11 - [TEST_STEP][PASSED] - println(Tel): null&#xD;
&#xD;
2019-09-05 13:18:11 - [TEST_STEP][PASSED] - println(AutoEmail): null&#xD;
&#xD;
2019-09-05 13:18:11 - [MESSAGE][PASSED] - Call Test Case 'Test Cases/mobileWeb/_include/name' successfully&#xD;
&#xD;
2019-09-05 13:18:11 - [TEST_STEP][FAILED] - try: Unable to verify text 'Month Duration Acknowledgement' is present  (Root cause: com.kms.katalon.core.exception.StepFailedException: Unable to verify text 'Month Duration Acknowledgement' is present &#xD;
	at com.kms.katalon.core.webui.keyword.internal.WebUIKeywordMain.stepFailed(WebUIKeywordMain.groovy:64)&#xD;
	at com.kms.katalon.core.webui.keyword.internal.WebUIKeywordMain.runKeyword(WebUIKeywordMain.groovy:26)&#xD;
	at com.kms.katalon.core.webui.keyword.builtin.VerifyTextPresentKeyword.verifyTextPresent(VerifyTextPresentKeyword.groovy:83)&#xD;
	at com.kms.katalon.core.webui.keyword.builtin.VerifyTextPresentKeyword.execute(VerifyTextPresentKeyword.groovy:68)&#xD;
	at com.kms.katalon.core.keyword.internal.KeywordExecutor.executeKeywordForPlatform(KeywordExecutor.groovy:56)&#xD;
	at com.kms.katalon.core.webui.keyword.WebUiBuiltInKeywords.verifyTextPresent(WebUiBuiltInKeywords.groovy:1693)&#xD;
	at com.kms.katalon.core.webui.keyword.WebUiBuiltInKeywords$verifyTextPresent$9.call(Unknown Source)&#xD;
	at goToEnd_stm_autofill.run(goToEnd_stm_autofill:19)&#xD;
	at com.kms.katalon.core.main.ScriptEngine.run(ScriptEngine.java:194)&#xD;
	at com.kms.katalon.core.main.ScriptEngine.runScriptAsRawText(ScriptEngine.java:119)&#xD;
	at com.kms.katalon.core.main.TestCaseExecutor.runScript(TestCaseExecutor.java:337)&#xD;
	at com.kms.katalon.core.main.TestCaseExecutor.doExecute(TestCaseExecutor.java:328)&#xD;
	at com.kms.katalon.core.main.TestCaseExecutor.processExecutionPhase(TestCaseExecutor.java:307)&#xD;
	at com.kms.katalon.core.main.TestCaseExecutor.accessMainPhase(TestCaseExecutor.java:299)&#xD;
	at com.kms.katalon.core.main.TestCaseExecutor.execute(TestCaseExecutor.java:233)&#xD;
	at com.kms.katalon.core.main.TestCaseMain.runTestCase(TestCaseMain.java:114)&#xD;
	at com.kms.katalon.core.keyword.builtin.CallTestCaseKeyword$_callTestCase_closure1.doCall(CallTestCaseKeyword.groovy:59)&#xD;
	at com.kms.katalon.core.keyword.builtin.CallTestCaseKeyword$_callTestCase_closure1.call(CallTestCaseKeyword.groovy)&#xD;
	at com.kms.katalon.core.keyword.internal.KeywordMain.runKeyword(KeywordMain.groovy:68)&#xD;
	at com.kms.katalon.core.keyword.builtin.CallTestCaseKeyword.callTestCase(CallTestCaseKeyword.groovy:81)&#xD;
	at com.kms.katalon.core.keyword.builtin.CallTestCaseKeyword.execute(CallTestCaseKeyword.groovy:44)&#xD;
	at com.kms.katalon.core.keyword.internal.KeywordExecutor.executeKeywordForPlatform(KeywordExecutor.groovy:56)&#xD;
	at com.kms.katalon.core.keyword.BuiltinKeywords.callTestCase(BuiltinKeywords.groovy:334)&#xD;
	at Everest.run(Everest:31)&#xD;
	at com.kms.katalon.core.main.ScriptEngine.run(ScriptEngine.java:194)&#xD;
	at com.kms.katalon.core.main.ScriptEngine.runScriptAsRawText(ScriptEngine.java:119)&#xD;
	at com.kms.katalon.core.main.TestCaseExecutor.runScript(TestCaseExecutor.java:337)&#xD;
	at com.kms.katalon.core.main.TestCaseExecutor.doExecute(TestCaseExecutor.java:328)&#xD;
	at com.kms.katalon.core.main.TestCaseExecutor.processExecutionPhase(TestCaseExecutor.java:307)&#xD;
	at com.kms.katalon.core.main.TestCaseExecutor.accessMainPhase(TestCaseExecutor.java:299)&#xD;
	at com.kms.katalon.core.main.TestCaseExecutor.execute(TestCaseExecutor.java:233)&#xD;
	at com.kms.katalon.core.main.TestSuiteExecutor.accessTestCaseMainPhase(TestSuiteExecutor.java:133)&#xD;
	at com.kms.katalon.core.main.TestSuiteExecutor.accessTestSuiteMainPhase(TestSuiteExecutor.java:116)&#xD;
	at com.kms.katalon.core.main.TestSuiteExecutor.execute(TestSuiteExecutor.java:83)&#xD;
	at com.kms.katalon.core.main.TestCaseMain.startTestSuite(TestCaseMain.java:157)&#xD;
	at com.kms.katalon.core.main.TestCaseMain$startTestSuite$0.call(Unknown Source)&#xD;
	at TempTestSuite1567660261320.run(TempTestSuite1567660261320.groovy:35)&#xD;
Caused by: com.kms.katalon.core.exception.StepFailedException: Text 'Month Duration Acknowledgement' is not present on page &#xD;
	at com.kms.katalon.core.webui.keyword.internal.WebUIKeywordMain.stepFailed(WebUIKeywordMain.groovy:64)&#xD;
	at com.kms.katalon.core.webui.keyword.builtin.VerifyTextPresentKeyword$_verifyTextPresent_closure1.doCall(VerifyTextPresentKeyword.groovy:79)&#xD;
	at com.kms.katalon.core.webui.keyword.builtin.VerifyTextPresentKeyword$_verifyTextPresent_closure1.call(VerifyTextPresentKeyword.groovy)&#xD;
	at com.kms.katalon.core.webui.keyword.internal.WebUIKeywordMain.runKeyword(WebUIKeywordMain.groovy:20)&#xD;
	... 35 more&#xD;
)&#xD;
&#xD;
2019-09-05 13:18:11 - [TEST_STEP][FAILED] - if (verifyTextPresent("Month Duration Acknowledgement", false)): Unable to verify text 'Month Duration Acknowledgement' is present  (Root cause: com.kms.katalon.core.exception.StepFailedException: Unable to verify text 'Month Duration Acknowledgement' is present &#xD;
	at com.kms.katalon.core.webui.keyword.internal.WebUIKeywordMain.stepFailed(WebUIKeywordMain.groovy:64)&#xD;
	at com.kms.katalon.core.webui.keyword.internal.WebUIKeywordMain.runKeyword(WebUIKeywordMain.groovy:26)&#xD;
	at com.kms.katalon.core.webui.keyword.builtin.VerifyTextPresentKeyword.verifyTextPresent(VerifyTextPresentKeyword.groovy:83)&#xD;
	at com.kms.katalon.core.webui.keyword.builtin.VerifyTextPresentKeyword.execute(VerifyTextPresentKeyword.groovy:68)&#xD;
	at com.kms.katalon.core.keyword.internal.KeywordExecutor.executeKeywordForPlatform(KeywordExecutor.groovy:56)&#xD;
	at com.kms.katalon.core.webui.keyword.WebUiBuiltInKeywords.verifyTextPresent(WebUiBuiltInKeywords.groovy:1693)&#xD;
	at com.kms.katalon.core.webui.keyword.WebUiBuiltInKeywords$verifyTextPresent$9.call(Unknown Source)&#xD;
	at goToEnd_stm_autofill.run(goToEnd_stm_autofill:19)&#xD;
	at com.kms.katalon.core.main.ScriptEngine.run(ScriptEngine.java:194)&#xD;
	at com.kms.katalon.core.main.ScriptEngine.runScriptAsRawText(ScriptEngine.java:119)&#xD;
	at com.kms.katalon.core.main.TestCaseExecutor.runScript(TestCaseExecutor.java:337)&#xD;
	at com.kms.katalon.core.main.TestCaseExecutor.doExecute(TestCaseExecutor.java:328)&#xD;
	at com.kms.katalon.core.main.TestCaseExecutor.processExecutionPhase(TestCaseExecutor.java:307)&#xD;
	at com.kms.katalon.core.main.TestCaseExecutor.accessMainPhase(TestCaseExecutor.java:299)&#xD;
	at com.kms.katalon.core.main.TestCaseExecutor.execute(TestCaseExecutor.java:233)&#xD;
	at com.kms.katalon.core.main.TestCaseMain.runTestCase(TestCaseMain.java:114)&#xD;
	at com.kms.katalon.core.keyword.builtin.CallTestCaseKeyword$_callTestCase_closure1.doCall(CallTestCaseKeyword.groovy:59)&#xD;
	at com.kms.katalon.core.keyword.builtin.CallTestCaseKeyword$_callTestCase_closure1.call(CallTestCaseKeyword.groovy)&#xD;
	at com.kms.katalon.core.keyword.internal.KeywordMain.runKeyword(KeywordMain.groovy:68)&#xD;
	at com.kms.katalon.core.keyword.builtin.CallTestCaseKeyword.callTestCase(CallTestCaseKeyword.groovy:81)&#xD;
	at com.kms.katalon.core.keyword.builtin.CallTestCaseKeyword.execute(CallTestCaseKeyword.groovy:44)&#xD;
	at com.kms.katalon.core.keyword.internal.KeywordExecutor.executeKeywordForPlatform(KeywordExecutor.groovy:56)&#xD;
	at com.kms.katalon.core.keyword.BuiltinKeywords.callTestCase(BuiltinKeywords.groovy:334)&#xD;
	at Everest.run(Everest:31)&#xD;
	at com.kms.katalon.core.main.ScriptEngine.run(ScriptEngine.java:194)&#xD;
	at com.kms.katalon.core.main.ScriptEngine.runScriptAsRawText(ScriptEngine.java:119)&#xD;
	at com.kms.katalon.core.main.TestCaseExecutor.runScript(TestCaseExecutor.java:337)&#xD;
	at com.kms.katalon.core.main.TestCaseExecutor.doExecute(TestCaseExecutor.java:328)&#xD;
	at com.kms.katalon.core.main.TestCaseExecutor.processExecutionPhase(TestCaseExecutor.java:307)&#xD;
	at com.kms.katalon.core.main.TestCaseExecutor.accessMainPhase(TestCaseExecutor.java:299)&#xD;
	at com.kms.katalon.core.main.TestCaseExecutor.execute(TestCaseExecutor.java:233)&#xD;
	at com.kms.katalon.core.main.TestSuiteExecutor.accessTestCaseMainPhase(TestSuiteExecutor.java:133)&#xD;
	at com.kms.katalon.core.main.TestSuiteExecutor.accessTestSuiteMainPhase(TestSuiteExecutor.java:116)&#xD;
	at com.kms.katalon.core.main.TestSuiteExecutor.execute(TestSuiteExecutor.java:83)&#xD;
	at com.kms.katalon.core.main.TestCaseMain.startTestSuite(TestCaseMain.java:157)&#xD;
	at com.kms.katalon.core.main.TestCaseMain$startTestSuite$0.call(Unknown Source)&#xD;
	at TempTestSuite1567660261320.run(TempTestSuite1567660261320.groovy:35)&#xD;
Caused by: com.kms.katalon.core.exception.StepFailedException: Text 'Month Duration Acknowledgement' is not present on page &#xD;
	at com.kms.katalon.core.webui.keyword.internal.WebUIKeywordMain.stepFailed(WebUIKeywordMain.groovy:64)&#xD;
	at com.kms.katalon.core.webui.keyword.builtin.VerifyTextPresentKeyword$_verifyTextPresent_closure1.doCall(VerifyTextPresentKeyword.groovy:79)&#xD;
	at com.kms.katalon.core.webui.keyword.builtin.VerifyTextPresentKeyword$_verifyTextPresent_closure1.call(VerifyTextPresentKeyword.groovy)&#xD;
	at com.kms.katalon.core.webui.keyword.internal.WebUIKeywordMain.runKeyword(WebUIKeywordMain.groovy:20)&#xD;
	... 35 more&#xD;
)&#xD;
&#xD;
2019-09-05 13:18:11 - [MESSAGE][FAILED] - Text 'Month Duration Acknowledgement' is not present on page  (Root cause: com.kms.katalon.core.exception.StepFailedException: Text 'Month Duration Acknowledgement' is not present on page &#xD;
	at com.kms.katalon.core.webui.keyword.internal.WebUIKeywordMain.stepFailed(WebUIKeywordMain.groovy:64)&#xD;
	at com.kms.katalon.core.webui.keyword.builtin.VerifyTextPresentKeyword$_verifyTextPresent_closure1.doCall(VerifyTextPresentKeyword.groovy:79)&#xD;
	at com.kms.katalon.core.webui.keyword.builtin.VerifyTextPresentKeyword$_verifyTextPresent_closure1.call(VerifyTextPresentKeyword.groovy)&#xD;
	at com.kms.katalon.core.webui.keyword.internal.WebUIKeywordMain.runKeyword(WebUIKeywordMain.groovy:20)&#xD;
	at com.kms.katalon.core.webui.keyword.builtin.VerifyTextPresentKeyword.verifyTextPresent(VerifyTextPresentKeyword.groovy:83)&#xD;
	at com.kms.katalon.core.webui.keyword.builtin.VerifyTextPresentKeyword.execute(VerifyTextPresentKeyword.groovy:68)&#xD;
	at com.kms.katalon.core.keyword.internal.KeywordExecutor.executeKeywordForPlatform(KeywordExecutor.groovy:56)&#xD;
	at com.kms.katalon.core.webui.keyword.WebUiBuiltInKeywords.verifyTextPresent(WebUiBuiltInKeywords.groovy:1693)&#xD;
	at com.kms.katalon.core.webui.keyword.WebUiBuiltInKeywords$verifyTextPresent$9.call(Unknown Source)&#xD;
	at goToEnd_stm_autofill.run(goToEnd_stm_autofill:19)&#xD;
	at com.kms.katalon.core.main.ScriptEngine.run(ScriptEngine.java:194)&#xD;
	at com.kms.katalon.core.main.ScriptEngine.runScriptAsRawText(ScriptEngine.java:119)&#xD;
	at com.kms.katalon.core.main.TestCaseExecutor.runScript(TestCaseExecutor.java:337)&#xD;
	at com.kms.katalon.core.main.TestCaseExecutor.doExecute(TestCaseExecutor.java:328)&#xD;
	at com.kms.katalon.core.main.TestCaseExecutor.processExecutionPhase(TestCaseExecutor.java:307)&#xD;
	at com.kms.katalon.core.main.TestCaseExecutor.accessMainPhase(TestCaseExecutor.java:299)&#xD;
	at com.kms.katalon.core.main.TestCaseExecutor.execute(TestCaseExecutor.java:233)&#xD;
	at com.kms.katalon.core.main.TestCaseMain.runTestCase(TestCaseMain.java:114)&#xD;
	at com.kms.katalon.core.keyword.builtin.CallTestCaseKeyword$_callTestCase_closure1.doCall(CallTestCaseKeyword.groovy:59)&#xD;
	at com.kms.katalon.core.keyword.builtin.CallTestCaseKeyword$_callTestCase_closure1.call(CallTestCaseKeyword.groovy)&#xD;
	at com.kms.katalon.core.keyword.internal.KeywordMain.runKeyword(KeywordMain.groovy:68)&#xD;
	at com.kms.katalon.core.keyword.builtin.CallTestCaseKeyword.callTestCase(CallTestCaseKeyword.groovy:81)&#xD;
	at com.kms.katalon.core.keyword.builtin.CallTestCaseKeyword.execute(CallTestCaseKeyword.groovy:44)&#xD;
	at com.kms.katalon.core.keyword.internal.KeywordExecutor.executeKeywordForPlatform(KeywordExecutor.groovy:56)&#xD;
	at com.kms.katalon.core.keyword.BuiltinKeywords.callTestCase(BuiltinKeywords.groovy:334)&#xD;
	at Everest.run(Everest:31)&#xD;
	at com.kms.katalon.core.main.ScriptEngine.run(ScriptEngine.java:194)&#xD;
	at com.kms.katalon.core.main.ScriptEngine.runScriptAsRawText(ScriptEngine.java:119)&#xD;
	at com.kms.katalon.core.main.TestCaseExecutor.runScript(TestCaseExecutor.java:337)&#xD;
	at com.kms.katalon.core.main.TestCaseExecutor.doExecute(TestCaseExecutor.java:328)&#xD;
	at com.kms.katalon.core.main.TestCaseExecutor.processExecutionPhase(TestCaseExecutor.java:307)&#xD;
	at com.kms.katalon.core.main.TestCaseExecutor.accessMainPhase(TestCaseExecutor.java:299)&#xD;
	at com.kms.katalon.core.main.TestCaseExecutor.execute(TestCaseExecutor.java:233)&#xD;
	at com.kms.katalon.core.main.TestSuiteExecutor.accessTestCaseMainPhase(TestSuiteExecutor.java:133)&#xD;
	at com.kms.katalon.core.main.TestSuiteExecutor.accessTestSuiteMainPhase(TestSuiteExecutor.java:116)&#xD;
	at com.kms.katalon.core.main.TestSuiteExecutor.execute(TestSuiteExecutor.java:83)&#xD;
	at com.kms.katalon.core.main.TestCaseMain.startTestSuite(TestCaseMain.java:157)&#xD;
	at com.kms.katalon.core.main.TestCaseMain$startTestSuite$0.call(Unknown Source)&#xD;
	at TempTestSuite1567660261320.run(TempTestSuite1567660261320.groovy:35)&#xD;
)&#xD;
&#xD;
2019-09-05 13:18:12 - [MESSAGE][FAILED] - Unable to verify text 'Month Duration Acknowledgement' is present  (Root cause: com.kms.katalon.core.exception.StepFailedException: Unable to verify text 'Month Duration Acknowledgement' is present &#xD;
	at com.kms.katalon.core.webui.keyword.internal.WebUIKeywordMain.stepFailed(WebUIKeywordMain.groovy:64)&#xD;
	at com.kms.katalon.core.webui.keyword.internal.WebUIKeywordMain.runKeyword(WebUIKeywordMain.groovy:26)&#xD;
	at com.kms.katalon.core.webui.keyword.builtin.VerifyTextPresentKeyword.verifyTextPresent(VerifyTextPresentKeyword.groovy:83)&#xD;
	at com.kms.katalon.core.webui.keyword.builtin.VerifyTextPresentKeyword.execute(VerifyTextPresentKeyword.groovy:68)&#xD;
	at com.kms.katalon.core.keyword.internal.KeywordExecutor.executeKeywordForPlatform(KeywordExecutor.groovy:56)&#xD;
	at com.kms.katalon.core.webui.keyword.WebUiBuiltInKeywords.verifyTextPresent(WebUiBuiltInKeywords.groovy:1693)&#xD;
	at com.kms.katalon.core.webui.keyword.WebUiBuiltInKeywords$verifyTextPresent$9.call(Unknown Source)&#xD;
	at goToEnd_stm_autofill.run(goToEnd_stm_autofill:19)&#xD;
	at com.kms.katalon.core.main.ScriptEngine.run(ScriptEngine.java:194)&#xD;
	at com.kms.katalon.core.main.ScriptEngine.runScriptAsRawText(ScriptEngine.java:119)&#xD;
	at com.kms.katalon.core.main.TestCaseExecutor.runScript(TestCaseExecutor.java:337)&#xD;
	at com.kms.katalon.core.main.TestCaseExecutor.doExecute(TestCaseExecutor.java:328)&#xD;
	at com.kms.katalon.core.main.TestCaseExecutor.processExecutionPhase(TestCaseExecutor.java:307)&#xD;
	at com.kms.katalon.core.main.TestCaseExecutor.accessMainPhase(TestCaseExecutor.java:299)&#xD;
	at com.kms.katalon.core.main.TestCaseExecutor.execute(TestCaseExecutor.java:233)&#xD;
	at com.kms.katalon.core.main.TestCaseMain.runTestCase(TestCaseMain.java:114)&#xD;
	at com.kms.katalon.core.keyword.builtin.CallTestCaseKeyword$_callTestCase_closure1.doCall(CallTestCaseKeyword.groovy:59)&#xD;
	at com.kms.katalon.core.keyword.builtin.CallTestCaseKeyword$_callTestCase_closure1.call(CallTestCaseKeyword.groovy)&#xD;
	at com.kms.katalon.core.keyword.internal.KeywordMain.runKeyword(KeywordMain.groovy:68)&#xD;
	at com.kms.katalon.core.keyword.builtin.CallTestCaseKeyword.callTestCase(CallTestCaseKeyword.groovy:81)&#xD;
	at com.kms.katalon.core.keyword.builtin.CallTestCaseKeyword.execute(CallTestCaseKeyword.groovy:44)&#xD;
	at com.kms.katalon.core.keyword.internal.KeywordExecutor.executeKeywordForPlatform(KeywordExecutor.groovy:56)&#xD;
	at com.kms.katalon.core.keyword.BuiltinKeywords.callTestCase(BuiltinKeywords.groovy:334)&#xD;
	at Everest.run(Everest:31)&#xD;
	at com.kms.katalon.core.main.ScriptEngine.run(ScriptEngine.java:194)&#xD;
	at com.kms.katalon.core.main.ScriptEngine.runScriptAsRawText(ScriptEngine.java:119)&#xD;
	at com.kms.katalon.core.main.TestCaseExecutor.runScript(TestCaseExecutor.java:337)&#xD;
	at com.kms.katalon.core.main.TestCaseExecutor.doExecute(TestCaseExecutor.java:328)&#xD;
	at com.kms.katalon.core.main.TestCaseExecutor.processExecutionPhase(TestCaseExecutor.java:307)&#xD;
	at com.kms.katalon.core.main.TestCaseExecutor.accessMainPhase(TestCaseExecutor.java:299)&#xD;
	at com.kms.katalon.core.main.TestCaseExecutor.execute(TestCaseExecutor.java:233)&#xD;
	at com.kms.katalon.core.main.TestSuiteExecutor.accessTestCaseMainPhase(TestSuiteExecutor.java:133)&#xD;
	at com.kms.katalon.core.main.TestSuiteExecutor.accessTestSuiteMainPhase(TestSuiteExecutor.java:116)&#xD;
	at com.kms.katalon.core.main.TestSuiteExecutor.execute(TestSuiteExecutor.java:83)&#xD;
	at com.kms.katalon.core.main.TestCaseMain.startTestSuite(TestCaseMain.java:157)&#xD;
	at com.kms.katalon.core.main.TestCaseMain$startTestSuite$0.call(Unknown Source)&#xD;
	at TempTestSuite1567660261320.run(TempTestSuite1567660261320.groovy:35)&#xD;
Caused by: com.kms.katalon.core.exception.StepFailedException: Text 'Month Duration Acknowledgement' is not present on page &#xD;
	at com.kms.katalon.core.webui.keyword.internal.WebUIKeywordMain.stepFailed(WebUIKeywordMain.groovy:64)&#xD;
	at com.kms.katalon.core.webui.keyword.builtin.VerifyTextPresentKeyword$_verifyTextPresent_closure1.doCall(VerifyTextPresentKeyword.groovy:79)&#xD;
	at com.kms.katalon.core.webui.keyword.builtin.VerifyTextPresentKeyword$_verifyTextPresent_closure1.call(VerifyTextPresentKeyword.groovy)&#xD;
	at com.kms.katalon.core.webui.keyword.internal.WebUIKeywordMain.runKeyword(WebUIKeywordMain.groovy:20)&#xD;
	... 35 more&#xD;
)&#xD;
[[ATTACHMENT|D:\\Test\\AgileTest\\AgileTest\\Reports\\mobileWeb\\stm\\20190905_131101\\1567660692038.png]]&#xD;
&#xD;
2019-09-05 13:18:13 - [TEST_STEP][PASSED] - catch (Exception e): null&#xD;
&#xD;
2019-09-05 13:18:13 - [TEST_STEP][PASSED] - println("no consecutive"): null&#xD;
&#xD;
2019-09-05 13:18:13 - [TEST_STEP][PASSED] - waitForPageLoad(10): Wait for page load successfully&#xD;
&#xD;
2019-09-05 13:18:13 - [MESSAGE][PASSED] - Wait for page load successfully&#xD;
&#xD;
2019-09-05 13:18:13 - [TEST_STEP][PASSED] - Thread.sleep(3000): null&#xD;
&#xD;
2019-09-05 13:18:16 - [TEST_STEP][PASSED] - waitForElementVisible(findTestObject("mobileSanity/STM/Page_App Page 1/a_Autofill App Info"), 20): Object 'Object Repository/mobileSanity/STM/Page_App Page 1/a_Autofill App Info' is visible&#xD;
&#xD;
2019-09-05 13:18:16 - [MESSAGE][PASSED] - Object 'Object Repository/mobileSanity/STM/Page_App Page 1/a_Autofill App Info' is visible&#xD;
&#xD;
2019-09-05 13:18:16 - [TEST_STEP][PASSED] - click(findTestObject("mobileSanity/STM/Page_App Page 1/a_Autofill App Info")): Object: 'Object Repository/mobileSanity/STM/Page_App Page 1/a_Autofill App Info' is clicked on&#xD;
&#xD;
2019-09-05 13:18:17 - [MESSAGE][PASSED] - Object: 'Object Repository/mobileSanity/STM/Page_App Page 1/a_Autofill App Info' is clicked on&#xD;
&#xD;
2019-09-05 13:18:17 - [TEST_STEP][PASSED] - Thread.sleep(1000): null&#xD;
&#xD;
2019-09-05 13:18:18 - [TEST_STEP][PASSED] - click(findTestObject("mobileSanity/STM/Page_App Page 1/a_Autofill App Info")): Object: 'Object Repository/mobileSanity/STM/Page_App Page 1/a_Autofill App Info' is clicked on&#xD;
&#xD;
2019-09-05 13:18:18 - [MESSAGE][PASSED] - Object: 'Object Repository/mobileSanity/STM/Page_App Page 1/a_Autofill App Info' is clicked on&#xD;
&#xD;
2019-09-05 13:18:18 - [TEST_STEP][PASSED] - Thread.sleep(1000): null&#xD;
&#xD;
2019-09-05 13:18:19 - [TEST_STEP][PASSED] - waitForElementVisible(findTestObject("mobileSanity/STM/Page_App Page 1/a_Continue"), 20): Object 'Object Repository/mobileSanity/STM/Page_App Page 1/a_Continue' is visible&#xD;
&#xD;
2019-09-05 13:18:19 - [MESSAGE][PASSED] - Object 'Object Repository/mobileSanity/STM/Page_App Page 1/a_Continue' is visible&#xD;
&#xD;
2019-09-05 13:18:19 - [TEST_STEP][PASSED] - click(findTestObject("mobileSanity/STM/Page_App Page 1/a_Continue")): Object: 'Object Repository/mobileSanity/STM/Page_App Page 1/a_Continue' is clicked on&#xD;
&#xD;
2019-09-05 13:18:19 - [MESSAGE][PASSED] - Object: 'Object Repository/mobileSanity/STM/Page_App Page 1/a_Continue' is clicked on&#xD;
&#xD;
2019-09-05 13:18:19 - [TEST_STEP][PASSED] - waitForPageLoad(20): Wait for page load successfully&#xD;
&#xD;
2019-09-05 13:18:19 - [MESSAGE][PASSED] - Wait for page load successfully&#xD;
&#xD;
2019-09-05 13:18:19 - [TEST_STEP][PASSED] - Thread.sleep(2000): null&#xD;
&#xD;
2019-09-05 13:18:21 - [TEST_STEP][PASSED] - callTestCase(findTestCase("mobileWeb/_include/get_screenshot"), [:], STOP_ON_FAILURE): Call Test Case 'Test Cases/mobileWeb/_include/get_screenshot' successfully&#xD;
&#xD;
2019-09-05 13:18:21 - [TEST_CASE][PASSED] - Test Cases/mobileWeb/_include/get_screenshot: Test Cases/mobileWeb/_include/get_screenshot&#xD;
&#xD;
2019-09-05 13:18:21 - [TEST_STEP][PASSED] - takeScreenshot(screenPath + i + ".png"): Taking screenshot successfully&#xD;
&#xD;
2019-09-05 13:18:22 - [MESSAGE][PASSED] - Taking screenshot successfully&#xD;
[[ATTACHMENT|D:\\Test\\AgileTest\\AgileTest\\Reports\\mobileWeb\\stm\\20190905_131101\\../Screenshots/iPhone X/stm/Everest/20190905_131723/7.png]]&#xD;
&#xD;
2019-09-05 13:18:22 - [TEST_STEP][PASSED] - (internal.GlobalVariable.i++): null&#xD;
&#xD;
2019-09-05 13:18:22 - [MESSAGE][PASSED] - Call Test Case 'Test Cases/mobileWeb/_include/get_screenshot' successfully&#xD;
&#xD;
2019-09-05 13:18:22 - [TEST_STEP][PASSED] - click(findTestObject("mobileSanity/STM/Page_App Page 2/a_Continue to Step 3 - Payment")): Object: 'Object Repository/mobileSanity/STM/Page_App Page 2/a_Continue to Step 3 - Payment' is clicked on&#xD;
&#xD;
2019-09-05 13:18:22 - [MESSAGE][PASSED] - Object: 'Object Repository/mobileSanity/STM/Page_App Page 2/a_Continue to Step 3 - Payment' is clicked on&#xD;
&#xD;
2019-09-05 13:18:22 - [TEST_STEP][PASSED] - waitForPageLoad(20): Wait for page load successfully&#xD;
&#xD;
2019-09-05 13:18:22 - [MESSAGE][PASSED] - Wait for page load successfully&#xD;
&#xD;
2019-09-05 13:18:22 - [TEST_STEP][PASSED] - waitForElementVisible(findTestObject("mobileSanity/STM/Page_App Page 3/input__credit-card-cvv"), 20): Object 'Object Repository/mobileSanity/STM/Page_App Page 3/input__credit-card-cvv' is visible&#xD;
&#xD;
2019-09-05 13:18:23 - [MESSAGE][PASSED] - Object 'Object Repository/mobileSanity/STM/Page_App Page 3/input__credit-card-cvv' is visible&#xD;
&#xD;
2019-09-05 13:18:23 - [TEST_STEP][PASSED] - Thread.sleep(2000): null&#xD;
&#xD;
2019-09-05 13:18:25 - [TEST_STEP][PASSED] - callTestCase(findTestCase("mobileWeb/_include/get_screenshot"), [:], STOP_ON_FAILURE): Call Test Case 'Test Cases/mobileWeb/_include/get_screenshot' successfully&#xD;
&#xD;
2019-09-05 13:18:25 - [TEST_CASE][PASSED] - Test Cases/mobileWeb/_include/get_screenshot: Test Cases/mobileWeb/_include/get_screenshot&#xD;
&#xD;
2019-09-05 13:18:25 - [TEST_STEP][PASSED] - takeScreenshot(screenPath + i + ".png"): Taking screenshot successfully&#xD;
&#xD;
2019-09-05 13:18:26 - [MESSAGE][PASSED] - Taking screenshot successfully&#xD;
[[ATTACHMENT|D:\\Test\\AgileTest\\AgileTest\\Reports\\mobileWeb\\stm\\20190905_131101\\../Screenshots/iPhone X/stm/Everest/20190905_131723/8.png]]&#xD;
&#xD;
2019-09-05 13:18:26 - [TEST_STEP][PASSED] - (internal.GlobalVariable.i++): null&#xD;
&#xD;
2019-09-05 13:18:26 - [MESSAGE][PASSED] - Call Test Case 'Test Cases/mobileWeb/_include/get_screenshot' successfully&#xD;
&#xD;
2019-09-05 13:18:26 - [TEST_STEP][PASSED] - clearText(findTestObject("mobileSanity/STM/Page_App Page 3/input__credit-card-cvv")): Text of object 'Object Repository/mobileSanity/STM/Page_App Page 3/input__credit-card-cvv' is cleared&#xD;
&#xD;
2019-09-05 13:18:26 - [MESSAGE][PASSED] - Text of object 'Object Repository/mobileSanity/STM/Page_App Page 3/input__credit-card-cvv' is cleared&#xD;
&#xD;
2019-09-05 13:18:26 - [TEST_STEP][PASSED] - setText(findTestObject("mobileSanity/STM/Page_App Page 3/input__credit-card-cvv"), "123"): Text '123' is set on object 'Object Repository/mobileSanity/STM/Page_App Page 3/input__credit-card-cvv'&#xD;
&#xD;
2019-09-05 13:18:26 - [MESSAGE][PASSED] - Text '123' is set on object 'Object Repository/mobileSanity/STM/Page_App Page 3/input__credit-card-cvv'&#xD;
&#xD;
2019-09-05 13:18:26 - [TEST_STEP][PASSED] - click(findTestObject("mobileSanity/STM/Page_App Page 3/label_I Accept Authorization f")): Object: 'Object Repository/mobileSanity/STM/Page_App Page 3/label_I Accept Authorization f' is clicked on&#xD;
&#xD;
2019-09-05 13:18:26 - [MESSAGE][PASSED] - Object: 'Object Repository/mobileSanity/STM/Page_App Page 3/label_I Accept Authorization f' is clicked on&#xD;
&#xD;
2019-09-05 13:18:26 - [TEST_STEP][PASSED] - click(findTestObject("mobileSanity/STM/Page_App Page 3/a_Continue to Step 4 - Review")): Object: 'Object Repository/mobileSanity/STM/Page_App Page 3/a_Continue to Step 4 - Review' is clicked on&#xD;
&#xD;
2019-09-05 13:18:26 - [MESSAGE][PASSED] - Object: 'Object Repository/mobileSanity/STM/Page_App Page 3/a_Continue to Step 4 - Review' is clicked on&#xD;
&#xD;
2019-09-05 13:18:26 - [TEST_STEP][PASSED] - waitForPageLoad(10): Wait for page load successfully&#xD;
&#xD;
2019-09-05 13:18:26 - [MESSAGE][PASSED] - Wait for page load successfully&#xD;
&#xD;
2019-09-05 13:18:26 - [TEST_STEP][PASSED] - waitForElementClickable(findTestObject("mobileSanity/STM/Page_App Page 4/label"), 10): Object 'Object Repository/mobileSanity/STM/Page_App Page 4/label' is clickable&#xD;
&#xD;
2019-09-05 13:18:29 - [MESSAGE][PASSED] - Object 'Object Repository/mobileSanity/STM/Page_App Page 4/label' is clickable&#xD;
&#xD;
2019-09-05 13:18:29 - [TEST_STEP][PASSED] - Thread.sleep(2000): null&#xD;
&#xD;
2019-09-05 13:18:31 - [TEST_STEP][PASSED] - callTestCase(findTestCase("mobileWeb/_include/get_screenshot"), [:], STOP_ON_FAILURE): Call Test Case 'Test Cases/mobileWeb/_include/get_screenshot' successfully&#xD;
&#xD;
2019-09-05 13:18:31 - [TEST_CASE][PASSED] - Test Cases/mobileWeb/_include/get_screenshot: Test Cases/mobileWeb/_include/get_screenshot&#xD;
&#xD;
2019-09-05 13:18:31 - [TEST_STEP][PASSED] - takeScreenshot(screenPath + i + ".png"): Taking screenshot successfully&#xD;
&#xD;
2019-09-05 13:18:31 - [MESSAGE][PASSED] - Taking screenshot successfully&#xD;
[[ATTACHMENT|D:\\Test\\AgileTest\\AgileTest\\Reports\\mobileWeb\\stm\\20190905_131101\\../Screenshots/iPhone X/stm/Everest/20190905_131723/9.png]]&#xD;
&#xD;
2019-09-05 13:18:31 - [TEST_STEP][PASSED] - (internal.GlobalVariable.i++): null&#xD;
&#xD;
2019-09-05 13:18:31 - [MESSAGE][PASSED] - Call Test Case 'Test Cases/mobileWeb/_include/get_screenshot' successfully&#xD;
&#xD;
2019-09-05 13:18:31 - [TEST_STEP][PASSED] - click(findTestObject("mobileSanity/STM/Page_App Page 4/label")): Object: 'Object Repository/mobileSanity/STM/Page_App Page 4/label' is clicked on&#xD;
&#xD;
2019-09-05 13:18:31 - [MESSAGE][PASSED] - Object: 'Object Repository/mobileSanity/STM/Page_App Page 4/label' is clicked on&#xD;
&#xD;
2019-09-05 13:18:31 - [TEST_STEP][PASSED] - click(findTestObject("mobileSanity/STM/Page_App Page 4/div_CLICK TO SIGN")): Object: 'Object Repository/mobileSanity/STM/Page_App Page 4/div_CLICK TO SIGN' is clicked on&#xD;
&#xD;
2019-09-05 13:18:32 - [MESSAGE][PASSED] - Object: 'Object Repository/mobileSanity/STM/Page_App Page 4/div_CLICK TO SIGN' is clicked on&#xD;
&#xD;
2019-09-05 13:18:32 - [TEST_STEP][PASSED] - click(findTestObject("mobileSanity/STM/Page_App Page 4/a_Submit Your Application")): Object: 'Object Repository/mobileSanity/STM/Page_App Page 4/a_Submit Your Application' is clicked on&#xD;
&#xD;
2019-09-05 13:18:32 - [MESSAGE][PASSED] - Object: 'Object Repository/mobileSanity/STM/Page_App Page 4/a_Submit Your Application' is clicked on&#xD;
&#xD;
2019-09-05 13:18:32 - [TEST_STEP][PASSED] - Thread.sleep(30000): null&#xD;
&#xD;
2019-09-05 13:19:02 - [TEST_STEP][PASSED] - callTestCase(findTestCase("mobileWeb/_include/get_screenshot"), [:], STOP_ON_FAILURE): Call Test Case 'Test Cases/mobileWeb/_include/get_screenshot' successfully&#xD;
&#xD;
2019-09-05 13:19:02 - [TEST_CASE][PASSED] - Test Cases/mobileWeb/_include/get_screenshot: Test Cases/mobileWeb/_include/get_screenshot&#xD;
&#xD;
2019-09-05 13:19:02 - [TEST_STEP][PASSED] - takeScreenshot(screenPath + i + ".png"): Taking screenshot successfully&#xD;
&#xD;
2019-09-05 13:19:03 - [MESSAGE][PASSED] - Taking screenshot successfully&#xD;
[[ATTACHMENT|D:\\Test\\AgileTest\\AgileTest\\Reports\\mobileWeb\\stm\\20190905_131101\\../Screenshots/iPhone X/stm/Everest/20190905_131723/10.png]]&#xD;
&#xD;
2019-09-05 13:19:03 - [TEST_STEP][PASSED] - (internal.GlobalVariable.i++): null&#xD;
&#xD;
2019-09-05 13:19:03 - [MESSAGE][PASSED] - Call Test Case 'Test Cases/mobileWeb/_include/get_screenshot' successfully&#xD;
&#xD;
2019-09-05 13:19:03 - [TEST_STEP][PASSED] - waitForElementPresent(findTestObject("mobileSanity/STM/Page_App Page 6/span_planName"), 30): Object 'Object Repository/mobileSanity/STM/Page_App Page 6/span_planName' is present&#xD;
&#xD;
2019-09-05 13:19:03 - [MESSAGE][PASSED] - Object 'Object Repository/mobileSanity/STM/Page_App Page 6/span_planName' is present&#xD;
&#xD;
2019-09-05 13:19:03 - [TEST_STEP][PASSED] - verifyElementPresent(findTestObject("mobileSanity/STM/Page_App Page 6/span_planName"), 20): Object 'Object Repository/mobileSanity/STM/Page_App Page 6/span_planName' is present&#xD;
&#xD;
2019-09-05 13:19:03 - [MESSAGE][PASSED] - Object 'Object Repository/mobileSanity/STM/Page_App Page 6/span_planName' is present&#xD;
&#xD;
2019-09-05 13:19:03 - [TEST_STEP][PASSED] - verifyElementPresent(findTestObject("mobileSanity/STM/Page_App Page 6/span_approved"), 20): Object 'Object Repository/mobileSanity/STM/Page_App Page 6/span_approved' is present&#xD;
&#xD;
2019-09-05 13:19:03 - [MESSAGE][PASSED] - Object 'Object Repository/mobileSanity/STM/Page_App Page 6/span_approved' is present&#xD;
&#xD;
2019-09-05 13:19:03 - [MESSAGE][PASSED] - Call Test Case 'Test Cases/mobileWeb/_include/goToEnd_stm_autofill' successfully</system-out>
            <system-err></system-err>
        </testcase>
        <testcase name="Test Cases/mobileWeb/stm/Everest Prime" classname="Test Cases/mobileWeb/stm/Everest Prime" status="PASSED">
            <system-out>2019-09-05 13:19:03 - [TEST_CASE][PASSED] - Test Cases/mobileWeb/stm/Everest Prime: Test Cases/mobileWeb/stm/Everest Prime&#xD;
&#xD;
2019-09-05 13:19:03 - [TEST_STEP][PASSED] - callTestCase(findTestCase("mobileWeb/_include/get_screenPath"), ["productLine":"stm", "carrierName":"Everest Prime"], CONTINUE_ON_FAILURE): Call Test Case 'Test Cases/mobileWeb/_include/get_screenPath' successfully&#xD;
&#xD;
2019-09-05 13:19:03 - [TEST_CASE][PASSED] - Test Cases/mobileWeb/_include/get_screenPath: Test Cases/mobileWeb/_include/get_screenPath&#xD;
&#xD;
2019-09-05 13:19:03 - [TEST_STEP][PASSED] - m = getExecutionProperties(): null&#xD;
&#xD;
2019-09-05 13:19:03 - [TEST_STEP][PASSED] - deviceName = get("mobileEmulation").get("deviceName"): null&#xD;
&#xD;
2019-09-05 13:19:03 - [TEST_STEP][PASSED] - println(deviceName): null&#xD;
&#xD;
2019-09-05 13:19:03 - [TEST_STEP][PASSED] - now = new java.util.Date(): null&#xD;
&#xD;
2019-09-05 13:19:03 - [TEST_STEP][PASSED] - mydate = now.format("yyyyMMdd_HHmmss"): null&#xD;
&#xD;
2019-09-05 13:19:03 - [TEST_STEP][PASSED] - screenPath = "../Screenshots/": null&#xD;
&#xD;
2019-09-05 13:19:03 - [TEST_STEP][PASSED] - screenPath = screenPath + deviceName + "/" + productLine + "/" + carrierName + "/" + mydate + "/": null&#xD;
&#xD;
2019-09-05 13:19:03 - [TEST_STEP][PASSED] - println(screenPath): null&#xD;
&#xD;
2019-09-05 13:19:03 - [MESSAGE][PASSED] - Call Test Case 'Test Cases/mobileWeb/_include/get_screenPath' successfully&#xD;
&#xD;
2019-09-05 13:19:03 - [TEST_STEP][PASSED] - i = 0: null&#xD;
&#xD;
2019-09-05 13:19:03 - [TEST_STEP][PASSED] - callTestCase(findTestCase("mobileWeb/_include/openWebSite"), [:], CONTINUE_ON_FAILURE): Call Test Case 'Test Cases/mobileWeb/_include/openWebSite' successfully&#xD;
&#xD;
2019-09-05 13:19:03 - [TEST_CASE][PASSED] - Test Cases/mobileWeb/_include/openWebSite: Test Cases/mobileWeb/_include/openWebSite&#xD;
&#xD;
2019-09-05 13:19:03 - [TEST_STEP][PASSED] - openBrowser(env): Browser is opened with url: 'https://praetemptatus.agilehealthinsurance.com'&#xD;
&#xD;
2019-09-05 13:19:03 - [MESSAGE][WARNING] - A browser is already opened. Closing browser and opening a new one&#xD;
&#xD;
2019-09-05 13:19:04 - [MESSAGE][INFO] - Starting 'Chrome' driver&#xD;
&#xD;
2019-09-05 13:19:04 - [MESSAGE][INFO] - User set preference: ['mobileEmulation', '{deviceName=iPhone X}']&#xD;
&#xD;
2019-09-05 13:19:04 - [MESSAGE][INFO] - User set preference: ['args', '[--incognito, --aggressive-cache-discard, --no-sandbox, --window-size=375,812]']&#xD;
&#xD;
2019-09-05 13:19:09 - [MESSAGE][PASSED] - Browser is opened with url: 'https://praetemptatus.agilehealthinsurance.com'&#xD;
&#xD;
2019-09-05 13:19:09 - [TEST_STEP][PASSED] - waitForPageLoad(20): Wait for page load successfully&#xD;
&#xD;
2019-09-05 13:19:09 - [MESSAGE][PASSED] - Wait for page load successfully&#xD;
&#xD;
2019-09-05 13:19:09 - [TEST_STEP][PASSED] - callTestCase(findTestCase("mobileWeb/_include/get_screenshot"), [:], STOP_ON_FAILURE): Call Test Case 'Test Cases/mobileWeb/_include/get_screenshot' successfully&#xD;
&#xD;
2019-09-05 13:19:09 - [TEST_CASE][PASSED] - Test Cases/mobileWeb/_include/get_screenshot: Test Cases/mobileWeb/_include/get_screenshot&#xD;
&#xD;
2019-09-05 13:19:09 - [TEST_STEP][PASSED] - takeScreenshot(screenPath + i + ".png"): Taking screenshot successfully&#xD;
&#xD;
2019-09-05 13:19:10 - [MESSAGE][PASSED] - Taking screenshot successfully&#xD;
[[ATTACHMENT|D:\\Test\\AgileTest\\AgileTest\\Reports\\mobileWeb\\stm\\20190905_131101\\../Screenshots/iPhone X/stm/Everest Prime/20190905_131903/0.png]]&#xD;
&#xD;
2019-09-05 13:19:10 - [TEST_STEP][PASSED] - (internal.GlobalVariable.i++): null&#xD;
&#xD;
2019-09-05 13:19:10 - [MESSAGE][PASSED] - Call Test Case 'Test Cases/mobileWeb/_include/get_screenshot' successfully&#xD;
&#xD;
2019-09-05 13:19:10 - [MESSAGE][PASSED] - Call Test Case 'Test Cases/mobileWeb/_include/openWebSite' successfully&#xD;
&#xD;
2019-09-05 13:19:10 - [TEST_STEP][PASSED] - callTestCase(findTestCase("mobileWeb/_include/census_stm"), [:], CONTINUE_ON_FAILURE): Call Test Case 'Test Cases/mobileWeb/_include/census_stm' successfully&#xD;
&#xD;
2019-09-05 13:19:10 - [TEST_CASE][PASSED] - Test Cases/mobileWeb/_include/census_stm: Test Cases/mobileWeb/_include/census_stm&#xD;
&#xD;
2019-09-05 13:19:10 - [TEST_STEP][PASSED] - waitForElementClickable(findTestObject("mobileSanity/STM/Home Page/a_Quote  Save Today"), 10): Object 'Object Repository/mobileSanity/STM/Home Page/a_Quote  Save Today' is clickable&#xD;
&#xD;
2019-09-05 13:19:11 - [MESSAGE][PASSED] - Object 'Object Repository/mobileSanity/STM/Home Page/a_Quote  Save Today' is clickable&#xD;
&#xD;
2019-09-05 13:19:11 - [TEST_STEP][PASSED] - click(findTestObject("mobileSanity/STM/Home Page/a_Quote  Save Today")): Object: 'Object Repository/mobileSanity/STM/Home Page/a_Quote  Save Today' is clicked on&#xD;
&#xD;
2019-09-05 13:19:12 - [MESSAGE][PASSED] - Object: 'Object Repository/mobileSanity/STM/Home Page/a_Quote  Save Today' is clicked on&#xD;
&#xD;
2019-09-05 13:19:12 - [TEST_STEP][PASSED] - waitForPageLoad(10): Wait for page load successfully&#xD;
&#xD;
2019-09-05 13:19:12 - [MESSAGE][PASSED] - Wait for page load successfully&#xD;
&#xD;
2019-09-05 13:19:12 - [TEST_STEP][PASSED] - callTestCase(findTestCase("mobileWeb/_include/get_screenshot"), [:], STOP_ON_FAILURE): Call Test Case 'Test Cases/mobileWeb/_include/get_screenshot' successfully&#xD;
&#xD;
2019-09-05 13:19:12 - [TEST_CASE][PASSED] - Test Cases/mobileWeb/_include/get_screenshot: Test Cases/mobileWeb/_include/get_screenshot&#xD;
&#xD;
2019-09-05 13:19:12 - [TEST_STEP][PASSED] - takeScreenshot(screenPath + i + ".png"): Taking screenshot successfully&#xD;
&#xD;
2019-09-05 13:19:13 - [MESSAGE][PASSED] - Taking screenshot successfully&#xD;
[[ATTACHMENT|D:\\Test\\AgileTest\\AgileTest\\Reports\\mobileWeb\\stm\\20190905_131101\\../Screenshots/iPhone X/stm/Everest Prime/20190905_131903/1.png]]&#xD;
&#xD;
2019-09-05 13:19:13 - [TEST_STEP][PASSED] - (internal.GlobalVariable.i++): null&#xD;
&#xD;
2019-09-05 13:19:13 - [MESSAGE][PASSED] - Call Test Case 'Test Cases/mobileWeb/_include/get_screenshot' successfully&#xD;
&#xD;
2019-09-05 13:19:13 - [TEST_STEP][PASSED] - setText(findTestObject("mobileSanity/STM/STM Census Page/input_Location_zip-input"), zipcode): Text '35215' is set on object 'Object Repository/mobileSanity/STM/STM Census Page/input_Location_zip-input'&#xD;
&#xD;
2019-09-05 13:19:13 - [MESSAGE][PASSED] - Text '35215' is set on object 'Object Repository/mobileSanity/STM/STM Census Page/input_Location_zip-input'&#xD;
&#xD;
2019-09-05 13:19:13 - [TEST_STEP][PASSED] - Thread.sleep(500): null&#xD;
&#xD;
2019-09-05 13:19:14 - [TEST_STEP][PASSED] - setText(findTestObject("mobileSanity/STM/STM Census Page/input_Date of Birth_dob-0"), "03031987"): Text '03031987' is set on object 'Object Repository/mobileSanity/STM/STM Census Page/input_Date of Birth_dob-0'&#xD;
&#xD;
2019-09-05 13:19:14 - [MESSAGE][PASSED] - Text '03031987' is set on object 'Object Repository/mobileSanity/STM/STM Census Page/input_Date of Birth_dob-0'&#xD;
&#xD;
2019-09-05 13:19:14 - [TEST_STEP][PASSED] - click(findTestObject("mobileSanity/STM/STM Census Page/label_Male")): Object: 'Object Repository/mobileSanity/STM/STM Census Page/label_Male' is clicked on&#xD;
&#xD;
2019-09-05 13:19:14 - [MESSAGE][PASSED] - Object: 'Object Repository/mobileSanity/STM/STM Census Page/label_Male' is clicked on&#xD;
&#xD;
2019-09-05 13:19:14 - [TEST_STEP][PASSED] - click(findTestObject("mobileSanity/STM/STM Census Page/label_Compare Plans")): Object: 'Object Repository/mobileSanity/STM/STM Census Page/label_Compare Plans' is clicked on&#xD;
&#xD;
2019-09-05 13:19:14 - [MESSAGE][PASSED] - Object: 'Object Repository/mobileSanity/STM/STM Census Page/label_Compare Plans' is clicked on&#xD;
&#xD;
2019-09-05 13:19:14 - [TEST_STEP][PASSED] - waitForElementVisible(findTestObject("mobileSanity/STM/STM Quote Page/button_sort"), 20): Object 'Object Repository/mobileSanity/STM/STM Quote Page/button_sort' is visible&#xD;
&#xD;
2019-09-05 13:19:19 - [MESSAGE][PASSED] - Object 'Object Repository/mobileSanity/STM/STM Quote Page/button_sort' is visible&#xD;
&#xD;
2019-09-05 13:19:19 - [TEST_STEP][PASSED] - Thread.sleep(3000): null&#xD;
&#xD;
2019-09-05 13:19:22 - [TEST_STEP][PASSED] - callTestCase(findTestCase("mobileWeb/_include/get_screenshot"), [:], STOP_ON_FAILURE): Call Test Case 'Test Cases/mobileWeb/_include/get_screenshot' successfully&#xD;
&#xD;
2019-09-05 13:19:22 - [TEST_CASE][PASSED] - Test Cases/mobileWeb/_include/get_screenshot: Test Cases/mobileWeb/_include/get_screenshot&#xD;
&#xD;
2019-09-05 13:19:22 - [TEST_STEP][PASSED] - takeScreenshot(screenPath + i + ".png"): Taking screenshot successfully&#xD;
&#xD;
2019-09-05 13:19:23 - [MESSAGE][PASSED] - Taking screenshot successfully&#xD;
[[ATTACHMENT|D:\\Test\\AgileTest\\AgileTest\\Reports\\mobileWeb\\stm\\20190905_131101\\../Screenshots/iPhone X/stm/Everest Prime/20190905_131903/2.png]]&#xD;
&#xD;
2019-09-05 13:19:23 - [TEST_STEP][PASSED] - (internal.GlobalVariable.i++): null&#xD;
&#xD;
2019-09-05 13:19:23 - [MESSAGE][PASSED] - Call Test Case 'Test Cases/mobileWeb/_include/get_screenshot' successfully&#xD;
&#xD;
2019-09-05 13:19:23 - [TEST_STEP][PASSED] - Thread.sleep(1000): null&#xD;
&#xD;
2019-09-05 13:19:24 - [MESSAGE][PASSED] - Call Test Case 'Test Cases/mobileWeb/_include/census_stm' successfully&#xD;
&#xD;
2019-09-05 13:19:24 - [TEST_STEP][PASSED] - callTestCase(findTestCase("mobileWeb/_include/filter_stm"), ["carrier":"everest"], STOP_ON_FAILURE): Call Test Case 'Test Cases/mobileWeb/_include/filter_stm' successfully&#xD;
&#xD;
2019-09-05 13:19:24 - [TEST_CASE][PASSED] - Test Cases/mobileWeb/_include/filter_stm: Test Cases/mobileWeb/_include/filter_stm&#xD;
&#xD;
2019-09-05 13:19:24 - [TEST_STEP][PASSED] - driver = getWebDriver(): null&#xD;
&#xD;
2019-09-05 13:19:24 - [TEST_STEP][PASSED] - selenium = new com.thoughtworks.selenium.webdriven.WebDriverBackedSelenium(driver, internal.GlobalVariable.ENV): null&#xD;
&#xD;
2019-09-05 13:19:24 - [TEST_STEP][PASSED] - Thread.sleep(1000): null&#xD;
&#xD;
2019-09-05 13:19:25 - [TEST_STEP][PASSED] - click(findTestObject("mobileSanity/STM/STM Quote Page/button_filters")): Object: 'Object Repository/mobileSanity/STM/STM Quote Page/button_filters' is clicked on&#xD;
&#xD;
2019-09-05 13:19:25 - [MESSAGE][PASSED] - Object: 'Object Repository/mobileSanity/STM/STM Quote Page/button_filters' is clicked on&#xD;
&#xD;
2019-09-05 13:19:25 - [TEST_STEP][PASSED] - Thread.sleep(1000): null&#xD;
&#xD;
2019-09-05 13:19:26 - [TEST_STEP][PASSED] - click(findTestObject("mobileSanity/STM/STM Quote Page/i_Insurance company")): Object: 'Object Repository/mobileSanity/STM/STM Quote Page/i_Insurance company' is clicked on&#xD;
&#xD;
2019-09-05 13:19:26 - [MESSAGE][PASSED] - Object: 'Object Repository/mobileSanity/STM/STM Quote Page/i_Insurance company' is clicked on&#xD;
&#xD;
2019-09-05 13:19:26 - [TEST_STEP][PASSED] - Thread.sleep(1000): null&#xD;
&#xD;
2019-09-05 13:19:27 - [TEST_STEP][PASSED] - filter_carrier = "//input[@name='filter[carrier]' and @value='" + carrier + "']/following::label": null&#xD;
&#xD;
2019-09-05 13:19:27 - [TEST_STEP][PASSED] - println(filter_carrier): null&#xD;
&#xD;
2019-09-05 13:19:27 - [TEST_STEP][PASSED] - test.MobileKeywords.clickJS_ByXpath(filter_carrier): test.MobileKeywords.clickJS_ByXpath is PASSED&#xD;
&#xD;
2019-09-05 13:19:27 - [MESSAGE][PASSED] - Execute JavaScript 'arguments[0].click()' successfully&#xD;
&#xD;
2019-09-05 13:19:27 - [MESSAGE][PASSED] - test.MobileKeywords.clickJS_ByXpath is PASSED&#xD;
&#xD;
2019-09-05 13:19:27 - [TEST_STEP][PASSED] - Thread.sleep(1000): null&#xD;
&#xD;
2019-09-05 13:19:28 - [TEST_STEP][PASSED] - scrollToElement(findTestObject("mobileSanity/STM/STM Quote Page/a_Show Plans"), 1000): Scroll to object 'Object Repository/mobileSanity/STM/STM Quote Page/a_Show Plans' successfully&#xD;
&#xD;
2019-09-05 13:19:28 - [MESSAGE][PASSED] - Scroll to object 'Object Repository/mobileSanity/STM/STM Quote Page/a_Show Plans' successfully&#xD;
&#xD;
2019-09-05 13:19:28 - [TEST_STEP][PASSED] - click(findTestObject("mobileSanity/STM/STM Quote Page/a_Show Plans")): Object: 'Object Repository/mobileSanity/STM/STM Quote Page/a_Show Plans' is clicked on&#xD;
&#xD;
2019-09-05 13:19:29 - [MESSAGE][PASSED] - Object: 'Object Repository/mobileSanity/STM/STM Quote Page/a_Show Plans' is clicked on&#xD;
&#xD;
2019-09-05 13:19:29 - [TEST_STEP][PASSED] - waitForJQueryLoad(20, STOP_ON_FAILURE): jQuery is ready.&#xD;
&#xD;
2019-09-05 13:19:29 - [MESSAGE][PASSED] - jQuery is ready.&#xD;
&#xD;
2019-09-05 13:19:29 - [TEST_STEP][PASSED] - Thread.sleep(2000): null&#xD;
&#xD;
2019-09-05 13:19:31 - [TEST_STEP][PASSED] - callTestCase(findTestCase("mobileWeb/_include/get_screenshot"), [:], STOP_ON_FAILURE): Call Test Case 'Test Cases/mobileWeb/_include/get_screenshot' successfully&#xD;
&#xD;
2019-09-05 13:19:31 - [TEST_CASE][PASSED] - Test Cases/mobileWeb/_include/get_screenshot: Test Cases/mobileWeb/_include/get_screenshot&#xD;
&#xD;
2019-09-05 13:19:31 - [TEST_STEP][PASSED] - takeScreenshot(screenPath + i + ".png"): Taking screenshot successfully&#xD;
&#xD;
2019-09-05 13:19:32 - [MESSAGE][PASSED] - Taking screenshot successfully&#xD;
[[ATTACHMENT|D:\\Test\\AgileTest\\AgileTest\\Reports\\mobileWeb\\stm\\20190905_131101\\../Screenshots/iPhone X/stm/Everest Prime/20190905_131903/3.png]]&#xD;
&#xD;
2019-09-05 13:19:32 - [TEST_STEP][PASSED] - (internal.GlobalVariable.i++): null&#xD;
&#xD;
2019-09-05 13:19:32 - [MESSAGE][PASSED] - Call Test Case 'Test Cases/mobileWeb/_include/get_screenshot' successfully&#xD;
&#xD;
2019-09-05 13:19:32 - [MESSAGE][PASSED] - Call Test Case 'Test Cases/mobileWeb/_include/filter_stm' successfully&#xD;
&#xD;
2019-09-05 13:19:32 - [TEST_STEP][PASSED] - callTestCase(findTestCase("mobileWeb/_include/goToDetail_stm"), ["carrier":"everest"], STOP_ON_FAILURE): Call Test Case 'Test Cases/mobileWeb/_include/goToDetail_stm' successfully&#xD;
&#xD;
2019-09-05 13:19:32 - [TEST_CASE][PASSED] - Test Cases/mobileWeb/_include/goToDetail_stm: Test Cases/mobileWeb/_include/goToDetail_stm&#xD;
&#xD;
2019-09-05 13:19:32 - [TEST_STEP][PASSED] - driver = getWebDriver(): null&#xD;
&#xD;
2019-09-05 13:19:32 - [TEST_STEP][PASSED] - selenium = new com.thoughtworks.selenium.webdriven.WebDriverBackedSelenium(driver, internal.GlobalVariable.ENV): null&#xD;
&#xD;
2019-09-05 13:19:32 - [TEST_STEP][PASSED] - a_plan_name = "xpath=//a[contains(@href,'/term-health-insurance/plan/" + carrier + "')]": null&#xD;
&#xD;
2019-09-05 13:19:32 - [TEST_STEP][PASSED] - println(a_plan_name): null&#xD;
&#xD;
2019-09-05 13:19:32 - [TEST_STEP][PASSED] - selenium.click(a_plan_name): null&#xD;
&#xD;
2019-09-05 13:19:36 - [TEST_STEP][PASSED] - waitForPageLoad(20): Wait for page load successfully&#xD;
&#xD;
2019-09-05 13:19:36 - [MESSAGE][PASSED] - Wait for page load successfully&#xD;
&#xD;
2019-09-05 13:19:36 - [TEST_STEP][PASSED] - Thread.sleep(2000): null&#xD;
&#xD;
2019-09-05 13:19:38 - [TEST_STEP][PASSED] - callTestCase(findTestCase("mobileWeb/_include/get_screenshot"), [:], STOP_ON_FAILURE): Call Test Case 'Test Cases/mobileWeb/_include/get_screenshot' successfully&#xD;
&#xD;
2019-09-05 13:19:38 - [TEST_CASE][PASSED] - Test Cases/mobileWeb/_include/get_screenshot: Test Cases/mobileWeb/_include/get_screenshot&#xD;
&#xD;
2019-09-05 13:19:38 - [TEST_STEP][PASSED] - takeScreenshot(screenPath + i + ".png"): Taking screenshot successfully&#xD;
&#xD;
2019-09-05 13:19:39 - [MESSAGE][PASSED] - Taking screenshot successfully&#xD;
[[ATTACHMENT|D:\\Test\\AgileTest\\AgileTest\\Reports\\mobileWeb\\stm\\20190905_131101\\../Screenshots/iPhone X/stm/Everest Prime/20190905_131903/4.png]]&#xD;
&#xD;
2019-09-05 13:19:39 - [TEST_STEP][PASSED] - (internal.GlobalVariable.i++): null&#xD;
&#xD;
2019-09-05 13:19:39 - [MESSAGE][PASSED] - Call Test Case 'Test Cases/mobileWeb/_include/get_screenshot' successfully&#xD;
&#xD;
2019-09-05 13:19:39 - [MESSAGE][PASSED] - Call Test Case 'Test Cases/mobileWeb/_include/goToDetail_stm' successfully&#xD;
&#xD;
2019-09-05 13:19:39 - [TEST_STEP][PASSED] - callTestCase(findTestCase("mobileWeb/_include/apply_stm"), [:], STOP_ON_FAILURE): Call Test Case 'Test Cases/mobileWeb/_include/apply_stm' successfully&#xD;
&#xD;
2019-09-05 13:19:39 - [TEST_CASE][PASSED] - Test Cases/mobileWeb/_include/apply_stm: Test Cases/mobileWeb/_include/apply_stm&#xD;
&#xD;
2019-09-05 13:19:39 - [TEST_STEP][PASSED] - waitForElementVisible(findTestObject("mobileSanity/STM/STM PlanDetail Page/a_Apply for This Plan"), 5): Object 'Object Repository/mobileSanity/STM/STM PlanDetail Page/a_Apply for This Plan' is visible&#xD;
&#xD;
2019-09-05 13:19:39 - [MESSAGE][PASSED] - Object 'Object Repository/mobileSanity/STM/STM PlanDetail Page/a_Apply for This Plan' is visible&#xD;
&#xD;
2019-09-05 13:19:39 - [TEST_STEP][PASSED] - click(findTestObject("mobileSanity/STM/STM PlanDetail Page/a_Apply for This Plan")): Object: 'Object Repository/mobileSanity/STM/STM PlanDetail Page/a_Apply for This Plan' is clicked on&#xD;
&#xD;
2019-09-05 13:19:40 - [MESSAGE][PASSED] - Object: 'Object Repository/mobileSanity/STM/STM PlanDetail Page/a_Apply for This Plan' is clicked on&#xD;
&#xD;
2019-09-05 13:19:40 - [TEST_STEP][PASSED] - waitForPageLoad(10): Wait for page load successfully&#xD;
&#xD;
2019-09-05 13:19:41 - [MESSAGE][PASSED] - Wait for page load successfully&#xD;
&#xD;
2019-09-05 13:19:41 - [TEST_STEP][PASSED] - Thread.sleep(2000): null&#xD;
&#xD;
2019-09-05 13:19:43 - [TEST_STEP][PASSED] - callTestCase(findTestCase("mobileWeb/_include/get_screenshot"), [:], STOP_ON_FAILURE): Call Test Case 'Test Cases/mobileWeb/_include/get_screenshot' successfully&#xD;
&#xD;
2019-09-05 13:19:43 - [TEST_CASE][PASSED] - Test Cases/mobileWeb/_include/get_screenshot: Test Cases/mobileWeb/_include/get_screenshot&#xD;
&#xD;
2019-09-05 13:19:43 - [TEST_STEP][PASSED] - takeScreenshot(screenPath + i + ".png"): Taking screenshot successfully&#xD;
&#xD;
2019-09-05 13:19:44 - [MESSAGE][PASSED] - Taking screenshot successfully&#xD;
[[ATTACHMENT|D:\\Test\\AgileTest\\AgileTest\\Reports\\mobileWeb\\stm\\20190905_131101\\../Screenshots/iPhone X/stm/Everest Prime/20190905_131903/5.png]]&#xD;
&#xD;
2019-09-05 13:19:44 - [TEST_STEP][PASSED] - (internal.GlobalVariable.i++): null&#xD;
&#xD;
2019-09-05 13:19:44 - [MESSAGE][PASSED] - Call Test Case 'Test Cases/mobileWeb/_include/get_screenshot' successfully&#xD;
&#xD;
2019-09-05 13:19:44 - [TEST_STEP][PASSED] - waitForElementVisible(findTestObject("mobileSanity/STM/STM Apply Page/a_Start Secure Application"), 5): Object 'Object Repository/mobileSanity/STM/STM Apply Page/a_Start Secure Application' is visible&#xD;
&#xD;
2019-09-05 13:19:44 - [MESSAGE][PASSED] - Object 'Object Repository/mobileSanity/STM/STM Apply Page/a_Start Secure Application' is visible&#xD;
&#xD;
2019-09-05 13:19:44 - [TEST_STEP][PASSED] - click(findTestObject("mobileSanity/STM/STM Apply Page/a_Start Secure Application")): Object: 'Object Repository/mobileSanity/STM/STM Apply Page/a_Start Secure Application' is clicked on&#xD;
&#xD;
2019-09-05 13:19:45 - [MESSAGE][PASSED] - Object: 'Object Repository/mobileSanity/STM/STM Apply Page/a_Start Secure Application' is clicked on&#xD;
&#xD;
2019-09-05 13:19:45 - [TEST_STEP][PASSED] - waitForPageLoad(20): Wait for page load successfully&#xD;
&#xD;
2019-09-05 13:19:46 - [MESSAGE][PASSED] - Wait for page load successfully&#xD;
&#xD;
2019-09-05 13:19:46 - [TEST_STEP][PASSED] - Thread.sleep(2000): null&#xD;
&#xD;
2019-09-05 13:19:48 - [TEST_STEP][PASSED] - callTestCase(findTestCase("mobileWeb/_include/get_screenshot"), [:], STOP_ON_FAILURE): Call Test Case 'Test Cases/mobileWeb/_include/get_screenshot' successfully&#xD;
&#xD;
2019-09-05 13:19:48 - [TEST_CASE][PASSED] - Test Cases/mobileWeb/_include/get_screenshot: Test Cases/mobileWeb/_include/get_screenshot&#xD;
&#xD;
2019-09-05 13:19:48 - [TEST_STEP][PASSED] - takeScreenshot(screenPath + i + ".png"): Taking screenshot successfully&#xD;
&#xD;
2019-09-05 13:19:49 - [MESSAGE][PASSED] - Taking screenshot successfully&#xD;
[[ATTACHMENT|D:\\Test\\AgileTest\\AgileTest\\Reports\\mobileWeb\\stm\\20190905_131101\\../Screenshots/iPhone X/stm/Everest Prime/20190905_131903/6.png]]&#xD;
&#xD;
2019-09-05 13:19:49 - [TEST_STEP][PASSED] - (internal.GlobalVariable.i++): null&#xD;
&#xD;
2019-09-05 13:19:49 - [MESSAGE][PASSED] - Call Test Case 'Test Cases/mobileWeb/_include/get_screenshot' successfully&#xD;
&#xD;
2019-09-05 13:19:49 - [MESSAGE][PASSED] - Call Test Case 'Test Cases/mobileWeb/_include/apply_stm' successfully&#xD;
&#xD;
2019-09-05 13:19:49 - [TEST_STEP][PASSED] - callTestCase(findTestCase("mobileWeb/_include/goToEnd_stm_autofill"), [:], STOP_ON_FAILURE): Call Test Case 'Test Cases/mobileWeb/_include/goToEnd_stm_autofill' successfully&#xD;
&#xD;
2019-09-05 13:19:49 - [TEST_CASE][PASSED] - Test Cases/mobileWeb/_include/goToEnd_stm_autofill: Test Cases/mobileWeb/_include/goToEnd_stm_autofill&#xD;
&#xD;
2019-09-05 13:19:49 - [TEST_STEP][PASSED] - callTestCase(findTestCase("mobileWeb/_include/name"), [:], CONTINUE_ON_FAILURE): Call Test Case 'Test Cases/mobileWeb/_include/name' successfully&#xD;
&#xD;
2019-09-05 13:19:49 - [TEST_CASE][PASSED] - Test Cases/mobileWeb/_include/name: Test Cases/mobileWeb/_include/name&#xD;
&#xD;
2019-09-05 13:19:49 - [TEST_STEP][PASSED] - driver = getWebDriver(): null&#xD;
&#xD;
2019-09-05 13:19:49 - [TEST_STEP][PASSED] - selenium = new com.thoughtworks.selenium.webdriven.WebDriverBackedSelenium(driver, internal.GlobalVariable.ENV): null&#xD;
&#xD;
2019-09-05 13:19:49 - [TEST_STEP][PASSED] - FirstName = "Test-123": null&#xD;
&#xD;
2019-09-05 13:19:49 - [TEST_STEP][PASSED] - LastName = selenium.getEval("{var x="ABCDEFGHIJKLMNOPQRSTUVWXYZabcdefghijklmnopqrstuvwxyz"; var tmp="ZZ11-"; for (i=0;i&lt;8;i++) tmp+=x.charAt(Math.ceil(51*Math.random()));tmp;}"): null&#xD;
&#xD;
2019-09-05 13:19:49 - [TEST_STEP][PASSED] - Address = selenium.getEval("{var x="ABCDEFGHIJKLMNOPQRSTUVWXYZabcdefghijklmnopqrstuvwxyz"; var tmp=""; for (i=0;i&lt;8;i++) tmp+=x.charAt(Math.ceil(51*Math.random()));tmp;}"): null&#xD;
&#xD;
2019-09-05 13:19:49 - [TEST_STEP][PASSED] - City = selenium.getEval("{var x="ABCDEFGHIJKLMNOPQRSTUVWXYZabcdefghijklmnopqrstuvwxyz"; var tmp=""; for (i=0;i&lt;8;i++) tmp+=x.charAt(Math.ceil(51*Math.random()));tmp;}"): null&#xD;
&#xD;
2019-09-05 13:19:49 - [TEST_STEP][PASSED] - tel1 = selenium.getEval("{var x="123456789"; var tmp=""; for (i=0;i&lt;3;i++) tmp+=x.charAt(Math.ceil(8*Math.random()));tmp;}"): null&#xD;
&#xD;
2019-09-05 13:19:49 - [TEST_STEP][PASSED] - tel2 = selenium.getEval("{var x="123456789"; var tmp=""; for (i=0;i&lt;3;i++) tmp+=x.charAt(Math.ceil(8*Math.random()));tmp;}"): null&#xD;
&#xD;
2019-09-05 13:19:49 - [TEST_STEP][PASSED] - tel3 = selenium.getEval("{var x="123456789"; var tmp=""; for (i=0;i&lt;4;i++) tmp+=x.charAt(Math.ceil(8*Math.random()));tmp;}"): null&#xD;
&#xD;
2019-09-05 13:19:49 - [TEST_STEP][PASSED] - Tel = selenium.getExpression(tel1 + "-" + tel2 + "-" + tel3): null&#xD;
&#xD;
2019-09-05 13:19:49 - [TEST_STEP][PASSED] - AutoEmail = selenium.getEval("{var x="ABCDEFGHIJKLMNOPQRSTUVWXYZabcdefghijklmnopqrstuvwxyz"; var tmp="test."; for (i=0;i&lt;8;i++) tmp+=x.charAt(Math.ceil(51*Math.random()));tmp+="@suryani.cn";}"): null&#xD;
&#xD;
2019-09-05 13:19:49 - [TEST_STEP][PASSED] - FirstName = FirstName: null&#xD;
&#xD;
2019-09-05 13:19:49 - [TEST_STEP][PASSED] - LastName = LastName: null&#xD;
&#xD;
2019-09-05 13:19:49 - [TEST_STEP][PASSED] - Address = Address: null&#xD;
&#xD;
2019-09-05 13:19:49 - [TEST_STEP][PASSED] - City = City: null&#xD;
&#xD;
2019-09-05 13:19:49 - [TEST_STEP][PASSED] - Tel = Tel: null&#xD;
&#xD;
2019-09-05 13:19:49 - [TEST_STEP][PASSED] - AutoEmail = AutoEmail: null&#xD;
&#xD;
2019-09-05 13:19:49 - [TEST_STEP][PASSED] - println(FirstName): null&#xD;
&#xD;
2019-09-05 13:19:49 - [TEST_STEP][PASSED] - println(LastName): null&#xD;
&#xD;
2019-09-05 13:19:49 - [TEST_STEP][PASSED] - println(Address): null&#xD;
&#xD;
2019-09-05 13:19:49 - [TEST_STEP][PASSED] - println(City): null&#xD;
&#xD;
2019-09-05 13:19:49 - [TEST_STEP][PASSED] - println(Tel): null&#xD;
&#xD;
2019-09-05 13:19:49 - [TEST_STEP][PASSED] - println(AutoEmail): null&#xD;
&#xD;
2019-09-05 13:19:49 - [MESSAGE][PASSED] - Call Test Case 'Test Cases/mobileWeb/_include/name' successfully&#xD;
&#xD;
2019-09-05 13:19:49 - [TEST_STEP][FAILED] - try: Unable to verify text 'Month Duration Acknowledgement' is present  (Root cause: com.kms.katalon.core.exception.StepFailedException: Unable to verify text 'Month Duration Acknowledgement' is present &#xD;
	at com.kms.katalon.core.webui.keyword.internal.WebUIKeywordMain.stepFailed(WebUIKeywordMain.groovy:64)&#xD;
	at com.kms.katalon.core.webui.keyword.internal.WebUIKeywordMain.runKeyword(WebUIKeywordMain.groovy:26)&#xD;
	at com.kms.katalon.core.webui.keyword.builtin.VerifyTextPresentKeyword.verifyTextPresent(VerifyTextPresentKeyword.groovy:83)&#xD;
	at com.kms.katalon.core.webui.keyword.builtin.VerifyTextPresentKeyword.execute(VerifyTextPresentKeyword.groovy:68)&#xD;
	at com.kms.katalon.core.keyword.internal.KeywordExecutor.executeKeywordForPlatform(KeywordExecutor.groovy:56)&#xD;
	at com.kms.katalon.core.webui.keyword.WebUiBuiltInKeywords.verifyTextPresent(WebUiBuiltInKeywords.groovy:1693)&#xD;
	at com.kms.katalon.core.webui.keyword.WebUiBuiltInKeywords$verifyTextPresent$9.call(Unknown Source)&#xD;
	at goToEnd_stm_autofill.run(goToEnd_stm_autofill:19)&#xD;
	at com.kms.katalon.core.main.ScriptEngine.run(ScriptEngine.java:194)&#xD;
	at com.kms.katalon.core.main.ScriptEngine.runScriptAsRawText(ScriptEngine.java:119)&#xD;
	at com.kms.katalon.core.main.TestCaseExecutor.runScript(TestCaseExecutor.java:337)&#xD;
	at com.kms.katalon.core.main.TestCaseExecutor.doExecute(TestCaseExecutor.java:328)&#xD;
	at com.kms.katalon.core.main.TestCaseExecutor.processExecutionPhase(TestCaseExecutor.java:307)&#xD;
	at com.kms.katalon.core.main.TestCaseExecutor.accessMainPhase(TestCaseExecutor.java:299)&#xD;
	at com.kms.katalon.core.main.TestCaseExecutor.execute(TestCaseExecutor.java:233)&#xD;
	at com.kms.katalon.core.main.TestCaseMain.runTestCase(TestCaseMain.java:114)&#xD;
	at com.kms.katalon.core.keyword.builtin.CallTestCaseKeyword$_callTestCase_closure1.doCall(CallTestCaseKeyword.groovy:59)&#xD;
	at com.kms.katalon.core.keyword.builtin.CallTestCaseKeyword$_callTestCase_closure1.call(CallTestCaseKeyword.groovy)&#xD;
	at com.kms.katalon.core.keyword.internal.KeywordMain.runKeyword(KeywordMain.groovy:68)&#xD;
	at com.kms.katalon.core.keyword.builtin.CallTestCaseKeyword.callTestCase(CallTestCaseKeyword.groovy:81)&#xD;
	at com.kms.katalon.core.keyword.builtin.CallTestCaseKeyword.execute(CallTestCaseKeyword.groovy:44)&#xD;
	at com.kms.katalon.core.keyword.internal.KeywordExecutor.executeKeywordForPlatform(KeywordExecutor.groovy:56)&#xD;
	at com.kms.katalon.core.keyword.BuiltinKeywords.callTestCase(BuiltinKeywords.groovy:334)&#xD;
	at Everest Prime.run(Everest Prime:31)&#xD;
	at com.kms.katalon.core.main.ScriptEngine.run(ScriptEngine.java:194)&#xD;
	at com.kms.katalon.core.main.ScriptEngine.runScriptAsRawText(ScriptEngine.java:119)&#xD;
	at com.kms.katalon.core.main.TestCaseExecutor.runScript(TestCaseExecutor.java:337)&#xD;
	at com.kms.katalon.core.main.TestCaseExecutor.doExecute(TestCaseExecutor.java:328)&#xD;
	at com.kms.katalon.core.main.TestCaseExecutor.processExecutionPhase(TestCaseExecutor.java:307)&#xD;
	at com.kms.katalon.core.main.TestCaseExecutor.accessMainPhase(TestCaseExecutor.java:299)&#xD;
	at com.kms.katalon.core.main.TestCaseExecutor.execute(TestCaseExecutor.java:233)&#xD;
	at com.kms.katalon.core.main.TestSuiteExecutor.accessTestCaseMainPhase(TestSuiteExecutor.java:133)&#xD;
	at com.kms.katalon.core.main.TestSuiteExecutor.accessTestSuiteMainPhase(TestSuiteExecutor.java:116)&#xD;
	at com.kms.katalon.core.main.TestSuiteExecutor.execute(TestSuiteExecutor.java:83)&#xD;
	at com.kms.katalon.core.main.TestCaseMain.startTestSuite(TestCaseMain.java:157)&#xD;
	at com.kms.katalon.core.main.TestCaseMain$startTestSuite$0.call(Unknown Source)&#xD;
	at TempTestSuite1567660261320.run(TempTestSuite1567660261320.groovy:35)&#xD;
Caused by: com.kms.katalon.core.exception.StepFailedException: Text 'Month Duration Acknowledgement' is not present on page &#xD;
	at com.kms.katalon.core.webui.keyword.internal.WebUIKeywordMain.stepFailed(WebUIKeywordMain.groovy:64)&#xD;
	at com.kms.katalon.core.webui.keyword.builtin.VerifyTextPresentKeyword$_verifyTextPresent_closure1.doCall(VerifyTextPresentKeyword.groovy:79)&#xD;
	at com.kms.katalon.core.webui.keyword.builtin.VerifyTextPresentKeyword$_verifyTextPresent_closure1.call(VerifyTextPresentKeyword.groovy)&#xD;
	at com.kms.katalon.core.webui.keyword.internal.WebUIKeywordMain.runKeyword(WebUIKeywordMain.groovy:20)&#xD;
	... 35 more&#xD;
)&#xD;
&#xD;
2019-09-05 13:19:49 - [TEST_STEP][FAILED] - if (verifyTextPresent("Month Duration Acknowledgement", false)): Unable to verify text 'Month Duration Acknowledgement' is present  (Root cause: com.kms.katalon.core.exception.StepFailedException: Unable to verify text 'Month Duration Acknowledgement' is present &#xD;
	at com.kms.katalon.core.webui.keyword.internal.WebUIKeywordMain.stepFailed(WebUIKeywordMain.groovy:64)&#xD;
	at com.kms.katalon.core.webui.keyword.internal.WebUIKeywordMain.runKeyword(WebUIKeywordMain.groovy:26)&#xD;
	at com.kms.katalon.core.webui.keyword.builtin.VerifyTextPresentKeyword.verifyTextPresent(VerifyTextPresentKeyword.groovy:83)&#xD;
	at com.kms.katalon.core.webui.keyword.builtin.VerifyTextPresentKeyword.execute(VerifyTextPresentKeyword.groovy:68)&#xD;
	at com.kms.katalon.core.keyword.internal.KeywordExecutor.executeKeywordForPlatform(KeywordExecutor.groovy:56)&#xD;
	at com.kms.katalon.core.webui.keyword.WebUiBuiltInKeywords.verifyTextPresent(WebUiBuiltInKeywords.groovy:1693)&#xD;
	at com.kms.katalon.core.webui.keyword.WebUiBuiltInKeywords$verifyTextPresent$9.call(Unknown Source)&#xD;
	at goToEnd_stm_autofill.run(goToEnd_stm_autofill:19)&#xD;
	at com.kms.katalon.core.main.ScriptEngine.run(ScriptEngine.java:194)&#xD;
	at com.kms.katalon.core.main.ScriptEngine.runScriptAsRawText(ScriptEngine.java:119)&#xD;
	at com.kms.katalon.core.main.TestCaseExecutor.runScript(TestCaseExecutor.java:337)&#xD;
	at com.kms.katalon.core.main.TestCaseExecutor.doExecute(TestCaseExecutor.java:328)&#xD;
	at com.kms.katalon.core.main.TestCaseExecutor.processExecutionPhase(TestCaseExecutor.java:307)&#xD;
	at com.kms.katalon.core.main.TestCaseExecutor.accessMainPhase(TestCaseExecutor.java:299)&#xD;
	at com.kms.katalon.core.main.TestCaseExecutor.execute(TestCaseExecutor.java:233)&#xD;
	at com.kms.katalon.core.main.TestCaseMain.runTestCase(TestCaseMain.java:114)&#xD;
	at com.kms.katalon.core.keyword.builtin.CallTestCaseKeyword$_callTestCase_closure1.doCall(CallTestCaseKeyword.groovy:59)&#xD;
	at com.kms.katalon.core.keyword.builtin.CallTestCaseKeyword$_callTestCase_closure1.call(CallTestCaseKeyword.groovy)&#xD;
	at com.kms.katalon.core.keyword.internal.KeywordMain.runKeyword(KeywordMain.groovy:68)&#xD;
	at com.kms.katalon.core.keyword.builtin.CallTestCaseKeyword.callTestCase(CallTestCaseKeyword.groovy:81)&#xD;
	at com.kms.katalon.core.keyword.builtin.CallTestCaseKeyword.execute(CallTestCaseKeyword.groovy:44)&#xD;
	at com.kms.katalon.core.keyword.internal.KeywordExecutor.executeKeywordForPlatform(KeywordExecutor.groovy:56)&#xD;
	at com.kms.katalon.core.keyword.BuiltinKeywords.callTestCase(BuiltinKeywords.groovy:334)&#xD;
	at Everest Prime.run(Everest Prime:31)&#xD;
	at com.kms.katalon.core.main.ScriptEngine.run(ScriptEngine.java:194)&#xD;
	at com.kms.katalon.core.main.ScriptEngine.runScriptAsRawText(ScriptEngine.java:119)&#xD;
	at com.kms.katalon.core.main.TestCaseExecutor.runScript(TestCaseExecutor.java:337)&#xD;
	at com.kms.katalon.core.main.TestCaseExecutor.doExecute(TestCaseExecutor.java:328)&#xD;
	at com.kms.katalon.core.main.TestCaseExecutor.processExecutionPhase(TestCaseExecutor.java:307)&#xD;
	at com.kms.katalon.core.main.TestCaseExecutor.accessMainPhase(TestCaseExecutor.java:299)&#xD;
	at com.kms.katalon.core.main.TestCaseExecutor.execute(TestCaseExecutor.java:233)&#xD;
	at com.kms.katalon.core.main.TestSuiteExecutor.accessTestCaseMainPhase(TestSuiteExecutor.java:133)&#xD;
	at com.kms.katalon.core.main.TestSuiteExecutor.accessTestSuiteMainPhase(TestSuiteExecutor.java:116)&#xD;
	at com.kms.katalon.core.main.TestSuiteExecutor.execute(TestSuiteExecutor.java:83)&#xD;
	at com.kms.katalon.core.main.TestCaseMain.startTestSuite(TestCaseMain.java:157)&#xD;
	at com.kms.katalon.core.main.TestCaseMain$startTestSuite$0.call(Unknown Source)&#xD;
	at TempTestSuite1567660261320.run(TempTestSuite1567660261320.groovy:35)&#xD;
Caused by: com.kms.katalon.core.exception.StepFailedException: Text 'Month Duration Acknowledgement' is not present on page &#xD;
	at com.kms.katalon.core.webui.keyword.internal.WebUIKeywordMain.stepFailed(WebUIKeywordMain.groovy:64)&#xD;
	at com.kms.katalon.core.webui.keyword.builtin.VerifyTextPresentKeyword$_verifyTextPresent_closure1.doCall(VerifyTextPresentKeyword.groovy:79)&#xD;
	at com.kms.katalon.core.webui.keyword.builtin.VerifyTextPresentKeyword$_verifyTextPresent_closure1.call(VerifyTextPresentKeyword.groovy)&#xD;
	at com.kms.katalon.core.webui.keyword.internal.WebUIKeywordMain.runKeyword(WebUIKeywordMain.groovy:20)&#xD;
	... 35 more&#xD;
)&#xD;
&#xD;
2019-09-05 13:19:49 - [MESSAGE][FAILED] - Text 'Month Duration Acknowledgement' is not present on page  (Root cause: com.kms.katalon.core.exception.StepFailedException: Text 'Month Duration Acknowledgement' is not present on page &#xD;
	at com.kms.katalon.core.webui.keyword.internal.WebUIKeywordMain.stepFailed(WebUIKeywordMain.groovy:64)&#xD;
	at com.kms.katalon.core.webui.keyword.builtin.VerifyTextPresentKeyword$_verifyTextPresent_closure1.doCall(VerifyTextPresentKeyword.groovy:79)&#xD;
	at com.kms.katalon.core.webui.keyword.builtin.VerifyTextPresentKeyword$_verifyTextPresent_closure1.call(VerifyTextPresentKeyword.groovy)&#xD;
	at com.kms.katalon.core.webui.keyword.internal.WebUIKeywordMain.runKeyword(WebUIKeywordMain.groovy:20)&#xD;
	at com.kms.katalon.core.webui.keyword.builtin.VerifyTextPresentKeyword.verifyTextPresent(VerifyTextPresentKeyword.groovy:83)&#xD;
	at com.kms.katalon.core.webui.keyword.builtin.VerifyTextPresentKeyword.execute(VerifyTextPresentKeyword.groovy:68)&#xD;
	at com.kms.katalon.core.keyword.internal.KeywordExecutor.executeKeywordForPlatform(KeywordExecutor.groovy:56)&#xD;
	at com.kms.katalon.core.webui.keyword.WebUiBuiltInKeywords.verifyTextPresent(WebUiBuiltInKeywords.groovy:1693)&#xD;
	at com.kms.katalon.core.webui.keyword.WebUiBuiltInKeywords$verifyTextPresent$9.call(Unknown Source)&#xD;
	at goToEnd_stm_autofill.run(goToEnd_stm_autofill:19)&#xD;
	at com.kms.katalon.core.main.ScriptEngine.run(ScriptEngine.java:194)&#xD;
	at com.kms.katalon.core.main.ScriptEngine.runScriptAsRawText(ScriptEngine.java:119)&#xD;
	at com.kms.katalon.core.main.TestCaseExecutor.runScript(TestCaseExecutor.java:337)&#xD;
	at com.kms.katalon.core.main.TestCaseExecutor.doExecute(TestCaseExecutor.java:328)&#xD;
	at com.kms.katalon.core.main.TestCaseExecutor.processExecutionPhase(TestCaseExecutor.java:307)&#xD;
	at com.kms.katalon.core.main.TestCaseExecutor.accessMainPhase(TestCaseExecutor.java:299)&#xD;
	at com.kms.katalon.core.main.TestCaseExecutor.execute(TestCaseExecutor.java:233)&#xD;
	at com.kms.katalon.core.main.TestCaseMain.runTestCase(TestCaseMain.java:114)&#xD;
	at com.kms.katalon.core.keyword.builtin.CallTestCaseKeyword$_callTestCase_closure1.doCall(CallTestCaseKeyword.groovy:59)&#xD;
	at com.kms.katalon.core.keyword.builtin.CallTestCaseKeyword$_callTestCase_closure1.call(CallTestCaseKeyword.groovy)&#xD;
	at com.kms.katalon.core.keyword.internal.KeywordMain.runKeyword(KeywordMain.groovy:68)&#xD;
	at com.kms.katalon.core.keyword.builtin.CallTestCaseKeyword.callTestCase(CallTestCaseKeyword.groovy:81)&#xD;
	at com.kms.katalon.core.keyword.builtin.CallTestCaseKeyword.execute(CallTestCaseKeyword.groovy:44)&#xD;
	at com.kms.katalon.core.keyword.internal.KeywordExecutor.executeKeywordForPlatform(KeywordExecutor.groovy:56)&#xD;
	at com.kms.katalon.core.keyword.BuiltinKeywords.callTestCase(BuiltinKeywords.groovy:334)&#xD;
	at Everest Prime.run(Everest Prime:31)&#xD;
	at com.kms.katalon.core.main.ScriptEngine.run(ScriptEngine.java:194)&#xD;
	at com.kms.katalon.core.main.ScriptEngine.runScriptAsRawText(ScriptEngine.java:119)&#xD;
	at com.kms.katalon.core.main.TestCaseExecutor.runScript(TestCaseExecutor.java:337)&#xD;
	at com.kms.katalon.core.main.TestCaseExecutor.doExecute(TestCaseExecutor.java:328)&#xD;
	at com.kms.katalon.core.main.TestCaseExecutor.processExecutionPhase(TestCaseExecutor.java:307)&#xD;
	at com.kms.katalon.core.main.TestCaseExecutor.accessMainPhase(TestCaseExecutor.java:299)&#xD;
	at com.kms.katalon.core.main.TestCaseExecutor.execute(TestCaseExecutor.java:233)&#xD;
	at com.kms.katalon.core.main.TestSuiteExecutor.accessTestCaseMainPhase(TestSuiteExecutor.java:133)&#xD;
	at com.kms.katalon.core.main.TestSuiteExecutor.accessTestSuiteMainPhase(TestSuiteExecutor.java:116)&#xD;
	at com.kms.katalon.core.main.TestSuiteExecutor.execute(TestSuiteExecutor.java:83)&#xD;
	at com.kms.katalon.core.main.TestCaseMain.startTestSuite(TestCaseMain.java:157)&#xD;
	at com.kms.katalon.core.main.TestCaseMain$startTestSuite$0.call(Unknown Source)&#xD;
	at TempTestSuite1567660261320.run(TempTestSuite1567660261320.groovy:35)&#xD;
)&#xD;
&#xD;
2019-09-05 13:19:50 - [MESSAGE][FAILED] - Unable to verify text 'Month Duration Acknowledgement' is present  (Root cause: com.kms.katalon.core.exception.StepFailedException: Unable to verify text 'Month Duration Acknowledgement' is present &#xD;
	at com.kms.katalon.core.webui.keyword.internal.WebUIKeywordMain.stepFailed(WebUIKeywordMain.groovy:64)&#xD;
	at com.kms.katalon.core.webui.keyword.internal.WebUIKeywordMain.runKeyword(WebUIKeywordMain.groovy:26)&#xD;
	at com.kms.katalon.core.webui.keyword.builtin.VerifyTextPresentKeyword.verifyTextPresent(VerifyTextPresentKeyword.groovy:83)&#xD;
	at com.kms.katalon.core.webui.keyword.builtin.VerifyTextPresentKeyword.execute(VerifyTextPresentKeyword.groovy:68)&#xD;
	at com.kms.katalon.core.keyword.internal.KeywordExecutor.executeKeywordForPlatform(KeywordExecutor.groovy:56)&#xD;
	at com.kms.katalon.core.webui.keyword.WebUiBuiltInKeywords.verifyTextPresent(WebUiBuiltInKeywords.groovy:1693)&#xD;
	at com.kms.katalon.core.webui.keyword.WebUiBuiltInKeywords$verifyTextPresent$9.call(Unknown Source)&#xD;
	at goToEnd_stm_autofill.run(goToEnd_stm_autofill:19)&#xD;
	at com.kms.katalon.core.main.ScriptEngine.run(ScriptEngine.java:194)&#xD;
	at com.kms.katalon.core.main.ScriptEngine.runScriptAsRawText(ScriptEngine.java:119)&#xD;
	at com.kms.katalon.core.main.TestCaseExecutor.runScript(TestCaseExecutor.java:337)&#xD;
	at com.kms.katalon.core.main.TestCaseExecutor.doExecute(TestCaseExecutor.java:328)&#xD;
	at com.kms.katalon.core.main.TestCaseExecutor.processExecutionPhase(TestCaseExecutor.java:307)&#xD;
	at com.kms.katalon.core.main.TestCaseExecutor.accessMainPhase(TestCaseExecutor.java:299)&#xD;
	at com.kms.katalon.core.main.TestCaseExecutor.execute(TestCaseExecutor.java:233)&#xD;
	at com.kms.katalon.core.main.TestCaseMain.runTestCase(TestCaseMain.java:114)&#xD;
	at com.kms.katalon.core.keyword.builtin.CallTestCaseKeyword$_callTestCase_closure1.doCall(CallTestCaseKeyword.groovy:59)&#xD;
	at com.kms.katalon.core.keyword.builtin.CallTestCaseKeyword$_callTestCase_closure1.call(CallTestCaseKeyword.groovy)&#xD;
	at com.kms.katalon.core.keyword.internal.KeywordMain.runKeyword(KeywordMain.groovy:68)&#xD;
	at com.kms.katalon.core.keyword.builtin.CallTestCaseKeyword.callTestCase(CallTestCaseKeyword.groovy:81)&#xD;
	at com.kms.katalon.core.keyword.builtin.CallTestCaseKeyword.execute(CallTestCaseKeyword.groovy:44)&#xD;
	at com.kms.katalon.core.keyword.internal.KeywordExecutor.executeKeywordForPlatform(KeywordExecutor.groovy:56)&#xD;
	at com.kms.katalon.core.keyword.BuiltinKeywords.callTestCase(BuiltinKeywords.groovy:334)&#xD;
	at Everest Prime.run(Everest Prime:31)&#xD;
	at com.kms.katalon.core.main.ScriptEngine.run(ScriptEngine.java:194)&#xD;
	at com.kms.katalon.core.main.ScriptEngine.runScriptAsRawText(ScriptEngine.java:119)&#xD;
	at com.kms.katalon.core.main.TestCaseExecutor.runScript(TestCaseExecutor.java:337)&#xD;
	at com.kms.katalon.core.main.TestCaseExecutor.doExecute(TestCaseExecutor.java:328)&#xD;
	at com.kms.katalon.core.main.TestCaseExecutor.processExecutionPhase(TestCaseExecutor.java:307)&#xD;
	at com.kms.katalon.core.main.TestCaseExecutor.accessMainPhase(TestCaseExecutor.java:299)&#xD;
	at com.kms.katalon.core.main.TestCaseExecutor.execute(TestCaseExecutor.java:233)&#xD;
	at com.kms.katalon.core.main.TestSuiteExecutor.accessTestCaseMainPhase(TestSuiteExecutor.java:133)&#xD;
	at com.kms.katalon.core.main.TestSuiteExecutor.accessTestSuiteMainPhase(TestSuiteExecutor.java:116)&#xD;
	at com.kms.katalon.core.main.TestSuiteExecutor.execute(TestSuiteExecutor.java:83)&#xD;
	at com.kms.katalon.core.main.TestCaseMain.startTestSuite(TestCaseMain.java:157)&#xD;
	at com.kms.katalon.core.main.TestCaseMain$startTestSuite$0.call(Unknown Source)&#xD;
	at TempTestSuite1567660261320.run(TempTestSuite1567660261320.groovy:35)&#xD;
Caused by: com.kms.katalon.core.exception.StepFailedException: Text 'Month Duration Acknowledgement' is not present on page &#xD;
	at com.kms.katalon.core.webui.keyword.internal.WebUIKeywordMain.stepFailed(WebUIKeywordMain.groovy:64)&#xD;
	at com.kms.katalon.core.webui.keyword.builtin.VerifyTextPresentKeyword$_verifyTextPresent_closure1.doCall(VerifyTextPresentKeyword.groovy:79)&#xD;
	at com.kms.katalon.core.webui.keyword.builtin.VerifyTextPresentKeyword$_verifyTextPresent_closure1.call(VerifyTextPresentKeyword.groovy)&#xD;
	at com.kms.katalon.core.webui.keyword.internal.WebUIKeywordMain.runKeyword(WebUIKeywordMain.groovy:20)&#xD;
	... 35 more&#xD;
)&#xD;
[[ATTACHMENT|D:\\Test\\AgileTest\\AgileTest\\Reports\\mobileWeb\\stm\\20190905_131101\\1567660790077.png]]&#xD;
&#xD;
2019-09-05 13:19:52 - [TEST_STEP][PASSED] - catch (Exception e): null&#xD;
&#xD;
2019-09-05 13:19:52 - [TEST_STEP][PASSED] - println("no consecutive"): null&#xD;
&#xD;
2019-09-05 13:19:52 - [TEST_STEP][PASSED] - waitForPageLoad(10): Wait for page load successfully&#xD;
&#xD;
2019-09-05 13:19:52 - [MESSAGE][PASSED] - Wait for page load successfully&#xD;
&#xD;
2019-09-05 13:19:52 - [TEST_STEP][PASSED] - Thread.sleep(3000): null&#xD;
&#xD;
2019-09-05 13:19:55 - [TEST_STEP][PASSED] - waitForElementVisible(findTestObject("mobileSanity/STM/Page_App Page 1/a_Autofill App Info"), 20): Object 'Object Repository/mobileSanity/STM/Page_App Page 1/a_Autofill App Info' is visible&#xD;
&#xD;
2019-09-05 13:19:55 - [MESSAGE][PASSED] - Object 'Object Repository/mobileSanity/STM/Page_App Page 1/a_Autofill App Info' is visible&#xD;
&#xD;
2019-09-05 13:19:55 - [TEST_STEP][PASSED] - click(findTestObject("mobileSanity/STM/Page_App Page 1/a_Autofill App Info")): Object: 'Object Repository/mobileSanity/STM/Page_App Page 1/a_Autofill App Info' is clicked on&#xD;
&#xD;
2019-09-05 13:19:55 - [MESSAGE][PASSED] - Object: 'Object Repository/mobileSanity/STM/Page_App Page 1/a_Autofill App Info' is clicked on&#xD;
&#xD;
2019-09-05 13:19:55 - [TEST_STEP][PASSED] - Thread.sleep(1000): null&#xD;
&#xD;
2019-09-05 13:19:56 - [TEST_STEP][PASSED] - click(findTestObject("mobileSanity/STM/Page_App Page 1/a_Autofill App Info")): Object: 'Object Repository/mobileSanity/STM/Page_App Page 1/a_Autofill App Info' is clicked on&#xD;
&#xD;
2019-09-05 13:19:56 - [MESSAGE][PASSED] - Object: 'Object Repository/mobileSanity/STM/Page_App Page 1/a_Autofill App Info' is clicked on&#xD;
&#xD;
2019-09-05 13:19:56 - [TEST_STEP][PASSED] - Thread.sleep(1000): null&#xD;
&#xD;
2019-09-05 13:19:57 - [TEST_STEP][PASSED] - waitForElementVisible(findTestObject("mobileSanity/STM/Page_App Page 1/a_Continue"), 20): Object 'Object Repository/mobileSanity/STM/Page_App Page 1/a_Continue' is visible&#xD;
&#xD;
2019-09-05 13:19:57 - [MESSAGE][PASSED] - Object 'Object Repository/mobileSanity/STM/Page_App Page 1/a_Continue' is visible&#xD;
&#xD;
2019-09-05 13:19:57 - [TEST_STEP][PASSED] - click(findTestObject("mobileSanity/STM/Page_App Page 1/a_Continue")): Object: 'Object Repository/mobileSanity/STM/Page_App Page 1/a_Continue' is clicked on&#xD;
&#xD;
2019-09-05 13:19:57 - [MESSAGE][PASSED] - Object: 'Object Repository/mobileSanity/STM/Page_App Page 1/a_Continue' is clicked on&#xD;
&#xD;
2019-09-05 13:19:57 - [TEST_STEP][PASSED] - waitForPageLoad(20): Wait for page load successfully&#xD;
&#xD;
2019-09-05 13:19:57 - [MESSAGE][PASSED] - Wait for page load successfully&#xD;
&#xD;
2019-09-05 13:19:57 - [TEST_STEP][PASSED] - Thread.sleep(2000): null&#xD;
&#xD;
2019-09-05 13:19:59 - [TEST_STEP][PASSED] - callTestCase(findTestCase("mobileWeb/_include/get_screenshot"), [:], STOP_ON_FAILURE): Call Test Case 'Test Cases/mobileWeb/_include/get_screenshot' successfully&#xD;
&#xD;
2019-09-05 13:19:59 - [TEST_CASE][PASSED] - Test Cases/mobileWeb/_include/get_screenshot: Test Cases/mobileWeb/_include/get_screenshot&#xD;
&#xD;
2019-09-05 13:19:59 - [TEST_STEP][PASSED] - takeScreenshot(screenPath + i + ".png"): Taking screenshot successfully&#xD;
&#xD;
2019-09-05 13:20:00 - [MESSAGE][PASSED] - Taking screenshot successfully&#xD;
[[ATTACHMENT|D:\\Test\\AgileTest\\AgileTest\\Reports\\mobileWeb\\stm\\20190905_131101\\../Screenshots/iPhone X/stm/Everest Prime/20190905_131903/7.png]]&#xD;
&#xD;
2019-09-05 13:20:00 - [TEST_STEP][PASSED] - (internal.GlobalVariable.i++): null&#xD;
&#xD;
2019-09-05 13:20:00 - [MESSAGE][PASSED] - Call Test Case 'Test Cases/mobileWeb/_include/get_screenshot' successfully&#xD;
&#xD;
2019-09-05 13:20:00 - [TEST_STEP][PASSED] - click(findTestObject("mobileSanity/STM/Page_App Page 2/a_Continue to Step 3 - Payment")): Object: 'Object Repository/mobileSanity/STM/Page_App Page 2/a_Continue to Step 3 - Payment' is clicked on&#xD;
&#xD;
2019-09-05 13:20:00 - [MESSAGE][PASSED] - Object: 'Object Repository/mobileSanity/STM/Page_App Page 2/a_Continue to Step 3 - Payment' is clicked on&#xD;
&#xD;
2019-09-05 13:20:00 - [TEST_STEP][PASSED] - waitForPageLoad(20): Wait for page load successfully&#xD;
&#xD;
2019-09-05 13:20:00 - [MESSAGE][PASSED] - Wait for page load successfully&#xD;
&#xD;
2019-09-05 13:20:00 - [TEST_STEP][PASSED] - waitForElementVisible(findTestObject("mobileSanity/STM/Page_App Page 3/input__credit-card-cvv"), 20): Object 'Object Repository/mobileSanity/STM/Page_App Page 3/input__credit-card-cvv' is visible&#xD;
&#xD;
2019-09-05 13:20:01 - [MESSAGE][PASSED] - Object 'Object Repository/mobileSanity/STM/Page_App Page 3/input__credit-card-cvv' is visible&#xD;
&#xD;
2019-09-05 13:20:01 - [TEST_STEP][PASSED] - Thread.sleep(2000): null&#xD;
&#xD;
2019-09-05 13:20:03 - [TEST_STEP][PASSED] - callTestCase(findTestCase("mobileWeb/_include/get_screenshot"), [:], STOP_ON_FAILURE): Call Test Case 'Test Cases/mobileWeb/_include/get_screenshot' successfully&#xD;
&#xD;
2019-09-05 13:20:03 - [TEST_CASE][PASSED] - Test Cases/mobileWeb/_include/get_screenshot: Test Cases/mobileWeb/_include/get_screenshot&#xD;
&#xD;
2019-09-05 13:20:03 - [TEST_STEP][PASSED] - takeScreenshot(screenPath + i + ".png"): Taking screenshot successfully&#xD;
&#xD;
2019-09-05 13:20:04 - [MESSAGE][PASSED] - Taking screenshot successfully&#xD;
[[ATTACHMENT|D:\\Test\\AgileTest\\AgileTest\\Reports\\mobileWeb\\stm\\20190905_131101\\../Screenshots/iPhone X/stm/Everest Prime/20190905_131903/8.png]]&#xD;
&#xD;
2019-09-05 13:20:04 - [TEST_STEP][PASSED] - (internal.GlobalVariable.i++): null&#xD;
&#xD;
2019-09-05 13:20:04 - [MESSAGE][PASSED] - Call Test Case 'Test Cases/mobileWeb/_include/get_screenshot' successfully&#xD;
&#xD;
2019-09-05 13:20:04 - [TEST_STEP][PASSED] - clearText(findTestObject("mobileSanity/STM/Page_App Page 3/input__credit-card-cvv")): Text of object 'Object Repository/mobileSanity/STM/Page_App Page 3/input__credit-card-cvv' is cleared&#xD;
&#xD;
2019-09-05 13:20:04 - [MESSAGE][PASSED] - Text of object 'Object Repository/mobileSanity/STM/Page_App Page 3/input__credit-card-cvv' is cleared&#xD;
&#xD;
2019-09-05 13:20:04 - [TEST_STEP][PASSED] - setText(findTestObject("mobileSanity/STM/Page_App Page 3/input__credit-card-cvv"), "123"): Text '123' is set on object 'Object Repository/mobileSanity/STM/Page_App Page 3/input__credit-card-cvv'&#xD;
&#xD;
2019-09-05 13:20:04 - [MESSAGE][PASSED] - Text '123' is set on object 'Object Repository/mobileSanity/STM/Page_App Page 3/input__credit-card-cvv'&#xD;
&#xD;
2019-09-05 13:20:04 - [TEST_STEP][PASSED] - click(findTestObject("mobileSanity/STM/Page_App Page 3/label_I Accept Authorization f")): Object: 'Object Repository/mobileSanity/STM/Page_App Page 3/label_I Accept Authorization f' is clicked on&#xD;
&#xD;
2019-09-05 13:20:04 - [MESSAGE][PASSED] - Object: 'Object Repository/mobileSanity/STM/Page_App Page 3/label_I Accept Authorization f' is clicked on&#xD;
&#xD;
2019-09-05 13:20:04 - [TEST_STEP][PASSED] - click(findTestObject("mobileSanity/STM/Page_App Page 3/a_Continue to Step 4 - Review")): Object: 'Object Repository/mobileSanity/STM/Page_App Page 3/a_Continue to Step 4 - Review' is clicked on&#xD;
&#xD;
2019-09-05 13:20:05 - [MESSAGE][PASSED] - Object: 'Object Repository/mobileSanity/STM/Page_App Page 3/a_Continue to Step 4 - Review' is clicked on&#xD;
&#xD;
2019-09-05 13:20:05 - [TEST_STEP][PASSED] - waitForPageLoad(10): Wait for page load successfully&#xD;
&#xD;
2019-09-05 13:20:05 - [MESSAGE][PASSED] - Wait for page load successfully&#xD;
&#xD;
2019-09-05 13:20:05 - [TEST_STEP][PASSED] - waitForElementClickable(findTestObject("mobileSanity/STM/Page_App Page 4/label"), 10): Object 'Object Repository/mobileSanity/STM/Page_App Page 4/label' is clickable&#xD;
&#xD;
2019-09-05 13:20:06 - [MESSAGE][PASSED] - Object 'Object Repository/mobileSanity/STM/Page_App Page 4/label' is clickable&#xD;
&#xD;
2019-09-05 13:20:06 - [TEST_STEP][PASSED] - Thread.sleep(2000): null&#xD;
&#xD;
2019-09-05 13:20:08 - [TEST_STEP][PASSED] - callTestCase(findTestCase("mobileWeb/_include/get_screenshot"), [:], STOP_ON_FAILURE): Call Test Case 'Test Cases/mobileWeb/_include/get_screenshot' successfully&#xD;
&#xD;
2019-09-05 13:20:08 - [TEST_CASE][PASSED] - Test Cases/mobileWeb/_include/get_screenshot: Test Cases/mobileWeb/_include/get_screenshot&#xD;
&#xD;
2019-09-05 13:20:08 - [TEST_STEP][PASSED] - takeScreenshot(screenPath + i + ".png"): Taking screenshot successfully&#xD;
&#xD;
2019-09-05 13:20:09 - [MESSAGE][PASSED] - Taking screenshot successfully&#xD;
[[ATTACHMENT|D:\\Test\\AgileTest\\AgileTest\\Reports\\mobileWeb\\stm\\20190905_131101\\../Screenshots/iPhone X/stm/Everest Prime/20190905_131903/9.png]]&#xD;
&#xD;
2019-09-05 13:20:09 - [TEST_STEP][PASSED] - (internal.GlobalVariable.i++): null&#xD;
&#xD;
2019-09-05 13:20:09 - [MESSAGE][PASSED] - Call Test Case 'Test Cases/mobileWeb/_include/get_screenshot' successfully&#xD;
&#xD;
2019-09-05 13:20:09 - [TEST_STEP][PASSED] - click(findTestObject("mobileSanity/STM/Page_App Page 4/label")): Object: 'Object Repository/mobileSanity/STM/Page_App Page 4/label' is clicked on&#xD;
&#xD;
2019-09-05 13:20:09 - [MESSAGE][PASSED] - Object: 'Object Repository/mobileSanity/STM/Page_App Page 4/label' is clicked on&#xD;
&#xD;
2019-09-05 13:20:09 - [TEST_STEP][PASSED] - click(findTestObject("mobileSanity/STM/Page_App Page 4/div_CLICK TO SIGN")): Object: 'Object Repository/mobileSanity/STM/Page_App Page 4/div_CLICK TO SIGN' is clicked on&#xD;
&#xD;
2019-09-05 13:20:09 - [MESSAGE][PASSED] - Object: 'Object Repository/mobileSanity/STM/Page_App Page 4/div_CLICK TO SIGN' is clicked on&#xD;
&#xD;
2019-09-05 13:20:09 - [TEST_STEP][PASSED] - click(findTestObject("mobileSanity/STM/Page_App Page 4/a_Submit Your Application")): Object: 'Object Repository/mobileSanity/STM/Page_App Page 4/a_Submit Your Application' is clicked on&#xD;
&#xD;
2019-09-05 13:20:09 - [MESSAGE][PASSED] - Object: 'Object Repository/mobileSanity/STM/Page_App Page 4/a_Submit Your Application' is clicked on&#xD;
&#xD;
2019-09-05 13:20:09 - [TEST_STEP][PASSED] - Thread.sleep(30000): null&#xD;
&#xD;
2019-09-05 13:20:39 - [TEST_STEP][PASSED] - callTestCase(findTestCase("mobileWeb/_include/get_screenshot"), [:], STOP_ON_FAILURE): Call Test Case 'Test Cases/mobileWeb/_include/get_screenshot' successfully&#xD;
&#xD;
2019-09-05 13:20:39 - [TEST_CASE][PASSED] - Test Cases/mobileWeb/_include/get_screenshot: Test Cases/mobileWeb/_include/get_screenshot&#xD;
&#xD;
2019-09-05 13:20:39 - [TEST_STEP][PASSED] - takeScreenshot(screenPath + i + ".png"): Taking screenshot successfully&#xD;
&#xD;
2019-09-05 13:20:40 - [MESSAGE][PASSED] - Taking screenshot successfully&#xD;
[[ATTACHMENT|D:\\Test\\AgileTest\\AgileTest\\Reports\\mobileWeb\\stm\\20190905_131101\\../Screenshots/iPhone X/stm/Everest Prime/20190905_131903/10.png]]&#xD;
&#xD;
2019-09-05 13:20:40 - [TEST_STEP][PASSED] - (internal.GlobalVariable.i++): null&#xD;
&#xD;
2019-09-05 13:20:40 - [MESSAGE][PASSED] - Call Test Case 'Test Cases/mobileWeb/_include/get_screenshot' successfully&#xD;
&#xD;
2019-09-05 13:20:40 - [TEST_STEP][PASSED] - waitForElementPresent(findTestObject("mobileSanity/STM/Page_App Page 6/span_planName"), 30): Object 'Object Repository/mobileSanity/STM/Page_App Page 6/span_planName' is present&#xD;
&#xD;
2019-09-05 13:20:40 - [MESSAGE][PASSED] - Object 'Object Repository/mobileSanity/STM/Page_App Page 6/span_planName' is present&#xD;
&#xD;
2019-09-05 13:20:40 - [TEST_STEP][PASSED] - verifyElementPresent(findTestObject("mobileSanity/STM/Page_App Page 6/span_planName"), 20): Object 'Object Repository/mobileSanity/STM/Page_App Page 6/span_planName' is present&#xD;
&#xD;
2019-09-05 13:20:40 - [MESSAGE][PASSED] - Object 'Object Repository/mobileSanity/STM/Page_App Page 6/span_planName' is present&#xD;
&#xD;
2019-09-05 13:20:40 - [TEST_STEP][PASSED] - verifyElementPresent(findTestObject("mobileSanity/STM/Page_App Page 6/span_approved"), 20): Object 'Object Repository/mobileSanity/STM/Page_App Page 6/span_approved' is present&#xD;
&#xD;
2019-09-05 13:20:40 - [MESSAGE][PASSED] - Object 'Object Repository/mobileSanity/STM/Page_App Page 6/span_approved' is present&#xD;
&#xD;
2019-09-05 13:20:40 - [MESSAGE][PASSED] - Call Test Case 'Test Cases/mobileWeb/_include/goToEnd_stm_autofill' successfully</system-out>
            <system-err></system-err>
        </testcase>
        <testcase name="Test Cases/mobileWeb/stm/LifeShield" classname="Test Cases/mobileWeb/stm/LifeShield" status="PASSED">
            <system-out>2019-09-05 13:20:40 - [TEST_CASE][PASSED] - Test Cases/mobileWeb/stm/LifeShield: Test Cases/mobileWeb/stm/LifeShield&#xD;
&#xD;
2019-09-05 13:20:40 - [TEST_STEP][PASSED] - callTestCase(findTestCase("mobileWeb/_include/get_screenPath"), ["productLine":"stm", "carrierName":"LifeShield"], CONTINUE_ON_FAILURE): Call Test Case 'Test Cases/mobileWeb/_include/get_screenPath' successfully&#xD;
&#xD;
2019-09-05 13:20:40 - [TEST_CASE][PASSED] - Test Cases/mobileWeb/_include/get_screenPath: Test Cases/mobileWeb/_include/get_screenPath&#xD;
&#xD;
2019-09-05 13:20:40 - [TEST_STEP][PASSED] - m = getExecutionProperties(): null&#xD;
&#xD;
2019-09-05 13:20:40 - [TEST_STEP][PASSED] - deviceName = get("mobileEmulation").get("deviceName"): null&#xD;
&#xD;
2019-09-05 13:20:40 - [TEST_STEP][PASSED] - println(deviceName): null&#xD;
&#xD;
2019-09-05 13:20:40 - [TEST_STEP][PASSED] - now = new java.util.Date(): null&#xD;
&#xD;
2019-09-05 13:20:40 - [TEST_STEP][PASSED] - mydate = now.format("yyyyMMdd_HHmmss"): null&#xD;
&#xD;
2019-09-05 13:20:40 - [TEST_STEP][PASSED] - screenPath = "../Screenshots/": null&#xD;
&#xD;
2019-09-05 13:20:40 - [TEST_STEP][PASSED] - screenPath = screenPath + deviceName + "/" + productLine + "/" + carrierName + "/" + mydate + "/": null&#xD;
&#xD;
2019-09-05 13:20:40 - [TEST_STEP][PASSED] - println(screenPath): null&#xD;
&#xD;
2019-09-05 13:20:40 - [MESSAGE][PASSED] - Call Test Case 'Test Cases/mobileWeb/_include/get_screenPath' successfully&#xD;
&#xD;
2019-09-05 13:20:40 - [TEST_STEP][PASSED] - i = 0: null&#xD;
&#xD;
2019-09-05 13:20:40 - [TEST_STEP][PASSED] - callTestCase(findTestCase("mobileWeb/_include/openWebSite"), [:], STOP_ON_FAILURE): Call Test Case 'Test Cases/mobileWeb/_include/openWebSite' successfully&#xD;
&#xD;
2019-09-05 13:20:40 - [TEST_CASE][PASSED] - Test Cases/mobileWeb/_include/openWebSite: Test Cases/mobileWeb/_include/openWebSite&#xD;
&#xD;
2019-09-05 13:20:40 - [TEST_STEP][PASSED] - openBrowser(env): Browser is opened with url: 'https://praetemptatus.agilehealthinsurance.com'&#xD;
&#xD;
2019-09-05 13:20:40 - [MESSAGE][WARNING] - A browser is already opened. Closing browser and opening a new one&#xD;
&#xD;
2019-09-05 13:20:41 - [MESSAGE][INFO] - Starting 'Chrome' driver&#xD;
&#xD;
2019-09-05 13:20:41 - [MESSAGE][INFO] - User set preference: ['mobileEmulation', '{deviceName=iPhone X}']&#xD;
&#xD;
2019-09-05 13:20:41 - [MESSAGE][INFO] - User set preference: ['args', '[--incognito, --aggressive-cache-discard, --no-sandbox, --window-size=375,812]']&#xD;
&#xD;
2019-09-05 13:20:46 - [MESSAGE][PASSED] - Browser is opened with url: 'https://praetemptatus.agilehealthinsurance.com'&#xD;
&#xD;
2019-09-05 13:20:46 - [TEST_STEP][PASSED] - waitForPageLoad(20): Wait for page load successfully&#xD;
&#xD;
2019-09-05 13:20:46 - [MESSAGE][PASSED] - Wait for page load successfully&#xD;
&#xD;
2019-09-05 13:20:46 - [TEST_STEP][PASSED] - callTestCase(findTestCase("mobileWeb/_include/get_screenshot"), [:], STOP_ON_FAILURE): Call Test Case 'Test Cases/mobileWeb/_include/get_screenshot' successfully&#xD;
&#xD;
2019-09-05 13:20:47 - [TEST_CASE][PASSED] - Test Cases/mobileWeb/_include/get_screenshot: Test Cases/mobileWeb/_include/get_screenshot&#xD;
&#xD;
2019-09-05 13:20:47 - [TEST_STEP][PASSED] - takeScreenshot(screenPath + i + ".png"): Taking screenshot successfully&#xD;
&#xD;
2019-09-05 13:20:48 - [MESSAGE][PASSED] - Taking screenshot successfully&#xD;
[[ATTACHMENT|D:\\Test\\AgileTest\\AgileTest\\Reports\\mobileWeb\\stm\\20190905_131101\\../Screenshots/iPhone X/stm/LifeShield/20190905_132040/0.png]]&#xD;
&#xD;
2019-09-05 13:20:48 - [TEST_STEP][PASSED] - (internal.GlobalVariable.i++): null&#xD;
&#xD;
2019-09-05 13:20:48 - [MESSAGE][PASSED] - Call Test Case 'Test Cases/mobileWeb/_include/get_screenshot' successfully&#xD;
&#xD;
2019-09-05 13:20:48 - [MESSAGE][PASSED] - Call Test Case 'Test Cases/mobileWeb/_include/openWebSite' successfully&#xD;
&#xD;
2019-09-05 13:20:48 - [TEST_STEP][PASSED] - callTestCase(findTestCase("mobileWeb/_include/census_stm"), ["zipcode":"60602"], STOP_ON_FAILURE): Call Test Case 'Test Cases/mobileWeb/_include/census_stm' successfully&#xD;
&#xD;
2019-09-05 13:20:48 - [TEST_CASE][PASSED] - Test Cases/mobileWeb/_include/census_stm: Test Cases/mobileWeb/_include/census_stm&#xD;
&#xD;
2019-09-05 13:20:48 - [TEST_STEP][PASSED] - waitForElementClickable(findTestObject("mobileSanity/STM/Home Page/a_Quote  Save Today"), 10): Object 'Object Repository/mobileSanity/STM/Home Page/a_Quote  Save Today' is clickable&#xD;
&#xD;
2019-09-05 13:20:48 - [MESSAGE][PASSED] - Object 'Object Repository/mobileSanity/STM/Home Page/a_Quote  Save Today' is clickable&#xD;
&#xD;
2019-09-05 13:20:48 - [TEST_STEP][PASSED] - click(findTestObject("mobileSanity/STM/Home Page/a_Quote  Save Today")): Object: 'Object Repository/mobileSanity/STM/Home Page/a_Quote  Save Today' is clicked on&#xD;
&#xD;
2019-09-05 13:20:49 - [MESSAGE][PASSED] - Object: 'Object Repository/mobileSanity/STM/Home Page/a_Quote  Save Today' is clicked on&#xD;
&#xD;
2019-09-05 13:20:49 - [TEST_STEP][PASSED] - waitForPageLoad(10): Wait for page load successfully&#xD;
&#xD;
2019-09-05 13:20:49 - [MESSAGE][PASSED] - Wait for page load successfully&#xD;
&#xD;
2019-09-05 13:20:49 - [TEST_STEP][PASSED] - callTestCase(findTestCase("mobileWeb/_include/get_screenshot"), [:], STOP_ON_FAILURE): Call Test Case 'Test Cases/mobileWeb/_include/get_screenshot' successfully&#xD;
&#xD;
2019-09-05 13:20:49 - [TEST_CASE][PASSED] - Test Cases/mobileWeb/_include/get_screenshot: Test Cases/mobileWeb/_include/get_screenshot&#xD;
&#xD;
2019-09-05 13:20:49 - [TEST_STEP][PASSED] - takeScreenshot(screenPath + i + ".png"): Taking screenshot successfully&#xD;
&#xD;
2019-09-05 13:20:50 - [MESSAGE][PASSED] - Taking screenshot successfully&#xD;
[[ATTACHMENT|D:\\Test\\AgileTest\\AgileTest\\Reports\\mobileWeb\\stm\\20190905_131101\\../Screenshots/iPhone X/stm/LifeShield/20190905_132040/1.png]]&#xD;
&#xD;
2019-09-05 13:20:50 - [TEST_STEP][PASSED] - (internal.GlobalVariable.i++): null&#xD;
&#xD;
2019-09-05 13:20:50 - [MESSAGE][PASSED] - Call Test Case 'Test Cases/mobileWeb/_include/get_screenshot' successfully&#xD;
&#xD;
2019-09-05 13:20:50 - [TEST_STEP][PASSED] - setText(findTestObject("mobileSanity/STM/STM Census Page/input_Location_zip-input"), zipcode): Text '60602' is set on object 'Object Repository/mobileSanity/STM/STM Census Page/input_Location_zip-input'&#xD;
&#xD;
2019-09-05 13:20:50 - [MESSAGE][PASSED] - Text '60602' is set on object 'Object Repository/mobileSanity/STM/STM Census Page/input_Location_zip-input'&#xD;
&#xD;
2019-09-05 13:20:50 - [TEST_STEP][PASSED] - Thread.sleep(500): null&#xD;
&#xD;
2019-09-05 13:20:51 - [TEST_STEP][PASSED] - setText(findTestObject("mobileSanity/STM/STM Census Page/input_Date of Birth_dob-0"), "03031987"): Text '03031987' is set on object 'Object Repository/mobileSanity/STM/STM Census Page/input_Date of Birth_dob-0'&#xD;
&#xD;
2019-09-05 13:20:51 - [MESSAGE][PASSED] - Text '03031987' is set on object 'Object Repository/mobileSanity/STM/STM Census Page/input_Date of Birth_dob-0'&#xD;
&#xD;
2019-09-05 13:20:51 - [TEST_STEP][PASSED] - click(findTestObject("mobileSanity/STM/STM Census Page/label_Male")): Object: 'Object Repository/mobileSanity/STM/STM Census Page/label_Male' is clicked on&#xD;
&#xD;
2019-09-05 13:20:51 - [MESSAGE][PASSED] - Object: 'Object Repository/mobileSanity/STM/STM Census Page/label_Male' is clicked on&#xD;
&#xD;
2019-09-05 13:20:51 - [TEST_STEP][PASSED] - click(findTestObject("mobileSanity/STM/STM Census Page/label_Compare Plans")): Object: 'Object Repository/mobileSanity/STM/STM Census Page/label_Compare Plans' is clicked on&#xD;
&#xD;
2019-09-05 13:20:52 - [MESSAGE][PASSED] - Object: 'Object Repository/mobileSanity/STM/STM Census Page/label_Compare Plans' is clicked on&#xD;
&#xD;
2019-09-05 13:20:52 - [TEST_STEP][PASSED] - waitForElementVisible(findTestObject("mobileSanity/STM/STM Quote Page/button_sort"), 20): Object 'Object Repository/mobileSanity/STM/STM Quote Page/button_sort' is visible&#xD;
&#xD;
2019-09-05 13:20:58 - [MESSAGE][PASSED] - Object 'Object Repository/mobileSanity/STM/STM Quote Page/button_sort' is visible&#xD;
&#xD;
2019-09-05 13:20:58 - [TEST_STEP][PASSED] - Thread.sleep(3000): null&#xD;
&#xD;
2019-09-05 13:21:01 - [TEST_STEP][PASSED] - callTestCase(findTestCase("mobileWeb/_include/get_screenshot"), [:], STOP_ON_FAILURE): Call Test Case 'Test Cases/mobileWeb/_include/get_screenshot' successfully&#xD;
&#xD;
2019-09-05 13:21:01 - [TEST_CASE][PASSED] - Test Cases/mobileWeb/_include/get_screenshot: Test Cases/mobileWeb/_include/get_screenshot&#xD;
&#xD;
2019-09-05 13:21:01 - [TEST_STEP][PASSED] - takeScreenshot(screenPath + i + ".png"): Taking screenshot successfully&#xD;
&#xD;
2019-09-05 13:21:02 - [MESSAGE][PASSED] - Taking screenshot successfully&#xD;
[[ATTACHMENT|D:\\Test\\AgileTest\\AgileTest\\Reports\\mobileWeb\\stm\\20190905_131101\\../Screenshots/iPhone X/stm/LifeShield/20190905_132040/2.png]]&#xD;
&#xD;
2019-09-05 13:21:02 - [TEST_STEP][PASSED] - (internal.GlobalVariable.i++): null&#xD;
&#xD;
2019-09-05 13:21:02 - [MESSAGE][PASSED] - Call Test Case 'Test Cases/mobileWeb/_include/get_screenshot' successfully&#xD;
&#xD;
2019-09-05 13:21:02 - [TEST_STEP][PASSED] - Thread.sleep(1000): null&#xD;
&#xD;
2019-09-05 13:21:03 - [MESSAGE][PASSED] - Call Test Case 'Test Cases/mobileWeb/_include/census_stm' successfully&#xD;
&#xD;
2019-09-05 13:21:03 - [TEST_STEP][PASSED] - callTestCase(findTestCase("mobileWeb/_include/filter_stm"), ["carrier":"lifeshield"], STOP_ON_FAILURE): Call Test Case 'Test Cases/mobileWeb/_include/filter_stm' successfully&#xD;
&#xD;
2019-09-05 13:21:03 - [TEST_CASE][PASSED] - Test Cases/mobileWeb/_include/filter_stm: Test Cases/mobileWeb/_include/filter_stm&#xD;
&#xD;
2019-09-05 13:21:03 - [TEST_STEP][PASSED] - driver = getWebDriver(): null&#xD;
&#xD;
2019-09-05 13:21:03 - [TEST_STEP][PASSED] - selenium = new com.thoughtworks.selenium.webdriven.WebDriverBackedSelenium(driver, internal.GlobalVariable.ENV): null&#xD;
&#xD;
2019-09-05 13:21:03 - [TEST_STEP][PASSED] - Thread.sleep(1000): null&#xD;
&#xD;
2019-09-05 13:21:04 - [TEST_STEP][PASSED] - click(findTestObject("mobileSanity/STM/STM Quote Page/button_filters")): Object: 'Object Repository/mobileSanity/STM/STM Quote Page/button_filters' is clicked on&#xD;
&#xD;
2019-09-05 13:21:04 - [MESSAGE][PASSED] - Object: 'Object Repository/mobileSanity/STM/STM Quote Page/button_filters' is clicked on&#xD;
&#xD;
2019-09-05 13:21:04 - [TEST_STEP][PASSED] - Thread.sleep(1000): null&#xD;
&#xD;
2019-09-05 13:21:05 - [TEST_STEP][PASSED] - click(findTestObject("mobileSanity/STM/STM Quote Page/i_Insurance company")): Object: 'Object Repository/mobileSanity/STM/STM Quote Page/i_Insurance company' is clicked on&#xD;
&#xD;
2019-09-05 13:21:05 - [MESSAGE][PASSED] - Object: 'Object Repository/mobileSanity/STM/STM Quote Page/i_Insurance company' is clicked on&#xD;
&#xD;
2019-09-05 13:21:05 - [TEST_STEP][PASSED] - Thread.sleep(1000): null&#xD;
&#xD;
2019-09-05 13:21:06 - [TEST_STEP][PASSED] - filter_carrier = "//input[@name='filter[carrier]' and @value='" + carrier + "']/following::label": null&#xD;
&#xD;
2019-09-05 13:21:06 - [TEST_STEP][PASSED] - println(filter_carrier): null&#xD;
&#xD;
2019-09-05 13:21:06 - [TEST_STEP][PASSED] - test.MobileKeywords.clickJS_ByXpath(filter_carrier): test.MobileKeywords.clickJS_ByXpath is PASSED&#xD;
&#xD;
2019-09-05 13:21:07 - [MESSAGE][PASSED] - Execute JavaScript 'arguments[0].click()' successfully&#xD;
&#xD;
2019-09-05 13:21:07 - [MESSAGE][PASSED] - test.MobileKeywords.clickJS_ByXpath is PASSED&#xD;
&#xD;
2019-09-05 13:21:07 - [TEST_STEP][PASSED] - Thread.sleep(1000): null&#xD;
&#xD;
2019-09-05 13:21:08 - [TEST_STEP][PASSED] - scrollToElement(findTestObject("mobileSanity/STM/STM Quote Page/a_Show Plans"), 1000): Scroll to object 'Object Repository/mobileSanity/STM/STM Quote Page/a_Show Plans' successfully&#xD;
&#xD;
2019-09-05 13:21:08 - [MESSAGE][PASSED] - Scroll to object 'Object Repository/mobileSanity/STM/STM Quote Page/a_Show Plans' successfully&#xD;
&#xD;
2019-09-05 13:21:08 - [TEST_STEP][PASSED] - click(findTestObject("mobileSanity/STM/STM Quote Page/a_Show Plans")): Object: 'Object Repository/mobileSanity/STM/STM Quote Page/a_Show Plans' is clicked on&#xD;
&#xD;
2019-09-05 13:21:08 - [MESSAGE][PASSED] - Object: 'Object Repository/mobileSanity/STM/STM Quote Page/a_Show Plans' is clicked on&#xD;
&#xD;
2019-09-05 13:21:08 - [TEST_STEP][PASSED] - waitForJQueryLoad(20, STOP_ON_FAILURE): jQuery is ready.&#xD;
&#xD;
2019-09-05 13:21:09 - [MESSAGE][PASSED] - jQuery is ready.&#xD;
&#xD;
2019-09-05 13:21:09 - [TEST_STEP][PASSED] - Thread.sleep(2000): null&#xD;
&#xD;
2019-09-05 13:21:11 - [TEST_STEP][PASSED] - callTestCase(findTestCase("mobileWeb/_include/get_screenshot"), [:], STOP_ON_FAILURE): Call Test Case 'Test Cases/mobileWeb/_include/get_screenshot' successfully&#xD;
&#xD;
2019-09-05 13:21:11 - [TEST_CASE][PASSED] - Test Cases/mobileWeb/_include/get_screenshot: Test Cases/mobileWeb/_include/get_screenshot&#xD;
&#xD;
2019-09-05 13:21:11 - [TEST_STEP][PASSED] - takeScreenshot(screenPath + i + ".png"): Taking screenshot successfully&#xD;
&#xD;
2019-09-05 13:21:11 - [MESSAGE][PASSED] - Taking screenshot successfully&#xD;
[[ATTACHMENT|D:\\Test\\AgileTest\\AgileTest\\Reports\\mobileWeb\\stm\\20190905_131101\\../Screenshots/iPhone X/stm/LifeShield/20190905_132040/3.png]]&#xD;
&#xD;
2019-09-05 13:21:11 - [TEST_STEP][PASSED] - (internal.GlobalVariable.i++): null&#xD;
&#xD;
2019-09-05 13:21:11 - [MESSAGE][PASSED] - Call Test Case 'Test Cases/mobileWeb/_include/get_screenshot' successfully&#xD;
&#xD;
2019-09-05 13:21:11 - [MESSAGE][PASSED] - Call Test Case 'Test Cases/mobileWeb/_include/filter_stm' successfully&#xD;
&#xD;
2019-09-05 13:21:11 - [TEST_STEP][PASSED] - callTestCase(findTestCase("mobileWeb/_include/goToDetail_stm"), ["carrier":"lifeshield"], STOP_ON_FAILURE): Call Test Case 'Test Cases/mobileWeb/_include/goToDetail_stm' successfully&#xD;
&#xD;
2019-09-05 13:21:11 - [TEST_CASE][PASSED] - Test Cases/mobileWeb/_include/goToDetail_stm: Test Cases/mobileWeb/_include/goToDetail_stm&#xD;
&#xD;
2019-09-05 13:21:11 - [TEST_STEP][PASSED] - driver = getWebDriver(): null&#xD;
&#xD;
2019-09-05 13:21:11 - [TEST_STEP][PASSED] - selenium = new com.thoughtworks.selenium.webdriven.WebDriverBackedSelenium(driver, internal.GlobalVariable.ENV): null&#xD;
&#xD;
2019-09-05 13:21:11 - [TEST_STEP][PASSED] - a_plan_name = "xpath=//a[contains(@href,'/term-health-insurance/plan/" + carrier + "')]": null&#xD;
&#xD;
2019-09-05 13:21:11 - [TEST_STEP][PASSED] - println(a_plan_name): null&#xD;
&#xD;
2019-09-05 13:21:11 - [TEST_STEP][PASSED] - selenium.click(a_plan_name): null&#xD;
&#xD;
2019-09-05 13:21:16 - [TEST_STEP][PASSED] - waitForPageLoad(20): Wait for page load successfully&#xD;
&#xD;
2019-09-05 13:21:16 - [MESSAGE][PASSED] - Wait for page load successfully&#xD;
&#xD;
2019-09-05 13:21:16 - [TEST_STEP][PASSED] - Thread.sleep(2000): null&#xD;
&#xD;
2019-09-05 13:21:18 - [TEST_STEP][PASSED] - callTestCase(findTestCase("mobileWeb/_include/get_screenshot"), [:], STOP_ON_FAILURE): Call Test Case 'Test Cases/mobileWeb/_include/get_screenshot' successfully&#xD;
&#xD;
2019-09-05 13:21:18 - [TEST_CASE][PASSED] - Test Cases/mobileWeb/_include/get_screenshot: Test Cases/mobileWeb/_include/get_screenshot&#xD;
&#xD;
2019-09-05 13:21:18 - [TEST_STEP][PASSED] - takeScreenshot(screenPath + i + ".png"): Taking screenshot successfully&#xD;
&#xD;
2019-09-05 13:21:19 - [MESSAGE][PASSED] - Taking screenshot successfully&#xD;
[[ATTACHMENT|D:\\Test\\AgileTest\\AgileTest\\Reports\\mobileWeb\\stm\\20190905_131101\\../Screenshots/iPhone X/stm/LifeShield/20190905_132040/4.png]]&#xD;
&#xD;
2019-09-05 13:21:19 - [TEST_STEP][PASSED] - (internal.GlobalVariable.i++): null&#xD;
&#xD;
2019-09-05 13:21:19 - [MESSAGE][PASSED] - Call Test Case 'Test Cases/mobileWeb/_include/get_screenshot' successfully&#xD;
&#xD;
2019-09-05 13:21:19 - [MESSAGE][PASSED] - Call Test Case 'Test Cases/mobileWeb/_include/goToDetail_stm' successfully&#xD;
&#xD;
2019-09-05 13:21:19 - [TEST_STEP][PASSED] - callTestCase(findTestCase("mobileWeb/_include/apply_stm"), [:], STOP_ON_FAILURE): Call Test Case 'Test Cases/mobileWeb/_include/apply_stm' successfully&#xD;
&#xD;
2019-09-05 13:21:19 - [TEST_CASE][PASSED] - Test Cases/mobileWeb/_include/apply_stm: Test Cases/mobileWeb/_include/apply_stm&#xD;
&#xD;
2019-09-05 13:21:19 - [TEST_STEP][PASSED] - waitForElementVisible(findTestObject("mobileSanity/STM/STM PlanDetail Page/a_Apply for This Plan"), 5): Object 'Object Repository/mobileSanity/STM/STM PlanDetail Page/a_Apply for This Plan' is visible&#xD;
&#xD;
2019-09-05 13:21:19 - [MESSAGE][PASSED] - Object 'Object Repository/mobileSanity/STM/STM PlanDetail Page/a_Apply for This Plan' is visible&#xD;
&#xD;
2019-09-05 13:21:19 - [TEST_STEP][PASSED] - click(findTestObject("mobileSanity/STM/STM PlanDetail Page/a_Apply for This Plan")): Object: 'Object Repository/mobileSanity/STM/STM PlanDetail Page/a_Apply for This Plan' is clicked on&#xD;
&#xD;
2019-09-05 13:21:20 - [MESSAGE][PASSED] - Object: 'Object Repository/mobileSanity/STM/STM PlanDetail Page/a_Apply for This Plan' is clicked on&#xD;
&#xD;
2019-09-05 13:21:20 - [TEST_STEP][PASSED] - waitForPageLoad(10): Wait for page load successfully&#xD;
&#xD;
2019-09-05 13:21:21 - [MESSAGE][PASSED] - Wait for page load successfully&#xD;
&#xD;
2019-09-05 13:21:21 - [TEST_STEP][PASSED] - Thread.sleep(2000): null&#xD;
&#xD;
2019-09-05 13:21:23 - [TEST_STEP][PASSED] - callTestCase(findTestCase("mobileWeb/_include/get_screenshot"), [:], STOP_ON_FAILURE): Call Test Case 'Test Cases/mobileWeb/_include/get_screenshot' successfully&#xD;
&#xD;
2019-09-05 13:21:23 - [TEST_CASE][PASSED] - Test Cases/mobileWeb/_include/get_screenshot: Test Cases/mobileWeb/_include/get_screenshot&#xD;
&#xD;
2019-09-05 13:21:23 - [TEST_STEP][PASSED] - takeScreenshot(screenPath + i + ".png"): Taking screenshot successfully&#xD;
&#xD;
2019-09-05 13:21:23 - [MESSAGE][PASSED] - Taking screenshot successfully&#xD;
[[ATTACHMENT|D:\\Test\\AgileTest\\AgileTest\\Reports\\mobileWeb\\stm\\20190905_131101\\../Screenshots/iPhone X/stm/LifeShield/20190905_132040/5.png]]&#xD;
&#xD;
2019-09-05 13:21:23 - [TEST_STEP][PASSED] - (internal.GlobalVariable.i++): null&#xD;
&#xD;
2019-09-05 13:21:23 - [MESSAGE][PASSED] - Call Test Case 'Test Cases/mobileWeb/_include/get_screenshot' successfully&#xD;
&#xD;
2019-09-05 13:21:23 - [TEST_STEP][PASSED] - waitForElementVisible(findTestObject("mobileSanity/STM/STM Apply Page/a_Start Secure Application"), 5): Object 'Object Repository/mobileSanity/STM/STM Apply Page/a_Start Secure Application' is visible&#xD;
&#xD;
2019-09-05 13:21:23 - [MESSAGE][PASSED] - Object 'Object Repository/mobileSanity/STM/STM Apply Page/a_Start Secure Application' is visible&#xD;
&#xD;
2019-09-05 13:21:23 - [TEST_STEP][PASSED] - click(findTestObject("mobileSanity/STM/STM Apply Page/a_Start Secure Application")): Object: 'Object Repository/mobileSanity/STM/STM Apply Page/a_Start Secure Application' is clicked on&#xD;
&#xD;
2019-09-05 13:21:25 - [MESSAGE][PASSED] - Object: 'Object Repository/mobileSanity/STM/STM Apply Page/a_Start Secure Application' is clicked on&#xD;
&#xD;
2019-09-05 13:21:25 - [TEST_STEP][PASSED] - waitForPageLoad(20): Wait for page load successfully&#xD;
&#xD;
2019-09-05 13:21:25 - [MESSAGE][PASSED] - Wait for page load successfully&#xD;
&#xD;
2019-09-05 13:21:25 - [TEST_STEP][PASSED] - Thread.sleep(2000): null&#xD;
&#xD;
2019-09-05 13:21:27 - [TEST_STEP][PASSED] - callTestCase(findTestCase("mobileWeb/_include/get_screenshot"), [:], STOP_ON_FAILURE): Call Test Case 'Test Cases/mobileWeb/_include/get_screenshot' successfully&#xD;
&#xD;
2019-09-05 13:21:27 - [TEST_CASE][PASSED] - Test Cases/mobileWeb/_include/get_screenshot: Test Cases/mobileWeb/_include/get_screenshot&#xD;
&#xD;
2019-09-05 13:21:27 - [TEST_STEP][PASSED] - takeScreenshot(screenPath + i + ".png"): Taking screenshot successfully&#xD;
&#xD;
2019-09-05 13:21:28 - [MESSAGE][PASSED] - Taking screenshot successfully&#xD;
[[ATTACHMENT|D:\\Test\\AgileTest\\AgileTest\\Reports\\mobileWeb\\stm\\20190905_131101\\../Screenshots/iPhone X/stm/LifeShield/20190905_132040/6.png]]&#xD;
&#xD;
2019-09-05 13:21:28 - [TEST_STEP][PASSED] - (internal.GlobalVariable.i++): null&#xD;
&#xD;
2019-09-05 13:21:28 - [MESSAGE][PASSED] - Call Test Case 'Test Cases/mobileWeb/_include/get_screenshot' successfully&#xD;
&#xD;
2019-09-05 13:21:28 - [MESSAGE][PASSED] - Call Test Case 'Test Cases/mobileWeb/_include/apply_stm' successfully&#xD;
&#xD;
2019-09-05 13:21:28 - [TEST_STEP][PASSED] - callTestCase(findTestCase("mobileWeb/_include/goToEnd_stm_autofill"), [:], STOP_ON_FAILURE): Call Test Case 'Test Cases/mobileWeb/_include/goToEnd_stm_autofill' successfully&#xD;
&#xD;
2019-09-05 13:21:28 - [TEST_CASE][PASSED] - Test Cases/mobileWeb/_include/goToEnd_stm_autofill: Test Cases/mobileWeb/_include/goToEnd_stm_autofill&#xD;
&#xD;
2019-09-05 13:21:28 - [TEST_STEP][PASSED] - callTestCase(findTestCase("mobileWeb/_include/name"), [:], CONTINUE_ON_FAILURE): Call Test Case 'Test Cases/mobileWeb/_include/name' successfully&#xD;
&#xD;
2019-09-05 13:21:28 - [TEST_CASE][PASSED] - Test Cases/mobileWeb/_include/name: Test Cases/mobileWeb/_include/name&#xD;
&#xD;
2019-09-05 13:21:28 - [TEST_STEP][PASSED] - driver = getWebDriver(): null&#xD;
&#xD;
2019-09-05 13:21:28 - [TEST_STEP][PASSED] - selenium = new com.thoughtworks.selenium.webdriven.WebDriverBackedSelenium(driver, internal.GlobalVariable.ENV): null&#xD;
&#xD;
2019-09-05 13:21:28 - [TEST_STEP][PASSED] - FirstName = "Test-123": null&#xD;
&#xD;
2019-09-05 13:21:28 - [TEST_STEP][PASSED] - LastName = selenium.getEval("{var x="ABCDEFGHIJKLMNOPQRSTUVWXYZabcdefghijklmnopqrstuvwxyz"; var tmp="ZZ11-"; for (i=0;i&lt;8;i++) tmp+=x.charAt(Math.ceil(51*Math.random()));tmp;}"): null&#xD;
&#xD;
2019-09-05 13:21:28 - [TEST_STEP][PASSED] - Address = selenium.getEval("{var x="ABCDEFGHIJKLMNOPQRSTUVWXYZabcdefghijklmnopqrstuvwxyz"; var tmp=""; for (i=0;i&lt;8;i++) tmp+=x.charAt(Math.ceil(51*Math.random()));tmp;}"): null&#xD;
&#xD;
2019-09-05 13:21:28 - [TEST_STEP][PASSED] - City = selenium.getEval("{var x="ABCDEFGHIJKLMNOPQRSTUVWXYZabcdefghijklmnopqrstuvwxyz"; var tmp=""; for (i=0;i&lt;8;i++) tmp+=x.charAt(Math.ceil(51*Math.random()));tmp;}"): null&#xD;
&#xD;
2019-09-05 13:21:28 - [TEST_STEP][PASSED] - tel1 = selenium.getEval("{var x="123456789"; var tmp=""; for (i=0;i&lt;3;i++) tmp+=x.charAt(Math.ceil(8*Math.random()));tmp;}"): null&#xD;
&#xD;
2019-09-05 13:21:28 - [TEST_STEP][PASSED] - tel2 = selenium.getEval("{var x="123456789"; var tmp=""; for (i=0;i&lt;3;i++) tmp+=x.charAt(Math.ceil(8*Math.random()));tmp;}"): null&#xD;
&#xD;
2019-09-05 13:21:28 - [TEST_STEP][PASSED] - tel3 = selenium.getEval("{var x="123456789"; var tmp=""; for (i=0;i&lt;4;i++) tmp+=x.charAt(Math.ceil(8*Math.random()));tmp;}"): null&#xD;
&#xD;
2019-09-05 13:21:28 - [TEST_STEP][PASSED] - Tel = selenium.getExpression(tel1 + "-" + tel2 + "-" + tel3): null&#xD;
&#xD;
2019-09-05 13:21:28 - [TEST_STEP][PASSED] - AutoEmail = selenium.getEval("{var x="ABCDEFGHIJKLMNOPQRSTUVWXYZabcdefghijklmnopqrstuvwxyz"; var tmp="test."; for (i=0;i&lt;8;i++) tmp+=x.charAt(Math.ceil(51*Math.random()));tmp+="@suryani.cn";}"): null&#xD;
&#xD;
2019-09-05 13:21:28 - [TEST_STEP][PASSED] - FirstName = FirstName: null&#xD;
&#xD;
2019-09-05 13:21:28 - [TEST_STEP][PASSED] - LastName = LastName: null&#xD;
&#xD;
2019-09-05 13:21:28 - [TEST_STEP][PASSED] - Address = Address: null&#xD;
&#xD;
2019-09-05 13:21:28 - [TEST_STEP][PASSED] - City = City: null&#xD;
&#xD;
2019-09-05 13:21:28 - [TEST_STEP][PASSED] - Tel = Tel: null&#xD;
&#xD;
2019-09-05 13:21:28 - [TEST_STEP][PASSED] - AutoEmail = AutoEmail: null&#xD;
&#xD;
2019-09-05 13:21:28 - [TEST_STEP][PASSED] - println(FirstName): null&#xD;
&#xD;
2019-09-05 13:21:28 - [TEST_STEP][PASSED] - println(LastName): null&#xD;
&#xD;
2019-09-05 13:21:28 - [TEST_STEP][PASSED] - println(Address): null&#xD;
&#xD;
2019-09-05 13:21:28 - [TEST_STEP][PASSED] - println(City): null&#xD;
&#xD;
2019-09-05 13:21:28 - [TEST_STEP][PASSED] - println(Tel): null&#xD;
&#xD;
2019-09-05 13:21:28 - [TEST_STEP][PASSED] - println(AutoEmail): null&#xD;
&#xD;
2019-09-05 13:21:28 - [MESSAGE][PASSED] - Call Test Case 'Test Cases/mobileWeb/_include/name' successfully&#xD;
&#xD;
2019-09-05 13:21:29 - [TEST_STEP][FAILED] - try: Unable to verify text 'Month Duration Acknowledgement' is present  (Root cause: com.kms.katalon.core.exception.StepFailedException: Unable to verify text 'Month Duration Acknowledgement' is present &#xD;
	at com.kms.katalon.core.webui.keyword.internal.WebUIKeywordMain.stepFailed(WebUIKeywordMain.groovy:64)&#xD;
	at com.kms.katalon.core.webui.keyword.internal.WebUIKeywordMain.runKeyword(WebUIKeywordMain.groovy:26)&#xD;
	at com.kms.katalon.core.webui.keyword.builtin.VerifyTextPresentKeyword.verifyTextPresent(VerifyTextPresentKeyword.groovy:83)&#xD;
	at com.kms.katalon.core.webui.keyword.builtin.VerifyTextPresentKeyword.execute(VerifyTextPresentKeyword.groovy:68)&#xD;
	at com.kms.katalon.core.keyword.internal.KeywordExecutor.executeKeywordForPlatform(KeywordExecutor.groovy:56)&#xD;
	at com.kms.katalon.core.webui.keyword.WebUiBuiltInKeywords.verifyTextPresent(WebUiBuiltInKeywords.groovy:1693)&#xD;
	at com.kms.katalon.core.webui.keyword.WebUiBuiltInKeywords$verifyTextPresent$9.call(Unknown Source)&#xD;
	at goToEnd_stm_autofill.run(goToEnd_stm_autofill:19)&#xD;
	at com.kms.katalon.core.main.ScriptEngine.run(ScriptEngine.java:194)&#xD;
	at com.kms.katalon.core.main.ScriptEngine.runScriptAsRawText(ScriptEngine.java:119)&#xD;
	at com.kms.katalon.core.main.TestCaseExecutor.runScript(TestCaseExecutor.java:337)&#xD;
	at com.kms.katalon.core.main.TestCaseExecutor.doExecute(TestCaseExecutor.java:328)&#xD;
	at com.kms.katalon.core.main.TestCaseExecutor.processExecutionPhase(TestCaseExecutor.java:307)&#xD;
	at com.kms.katalon.core.main.TestCaseExecutor.accessMainPhase(TestCaseExecutor.java:299)&#xD;
	at com.kms.katalon.core.main.TestCaseExecutor.execute(TestCaseExecutor.java:233)&#xD;
	at com.kms.katalon.core.main.TestCaseMain.runTestCase(TestCaseMain.java:114)&#xD;
	at com.kms.katalon.core.keyword.builtin.CallTestCaseKeyword$_callTestCase_closure1.doCall(CallTestCaseKeyword.groovy:59)&#xD;
	at com.kms.katalon.core.keyword.builtin.CallTestCaseKeyword$_callTestCase_closure1.call(CallTestCaseKeyword.groovy)&#xD;
	at com.kms.katalon.core.keyword.internal.KeywordMain.runKeyword(KeywordMain.groovy:68)&#xD;
	at com.kms.katalon.core.keyword.builtin.CallTestCaseKeyword.callTestCase(CallTestCaseKeyword.groovy:81)&#xD;
	at com.kms.katalon.core.keyword.builtin.CallTestCaseKeyword.execute(CallTestCaseKeyword.groovy:44)&#xD;
	at com.kms.katalon.core.keyword.internal.KeywordExecutor.executeKeywordForPlatform(KeywordExecutor.groovy:56)&#xD;
	at com.kms.katalon.core.keyword.BuiltinKeywords.callTestCase(BuiltinKeywords.groovy:334)&#xD;
	at LifeShield.run(LifeShield:31)&#xD;
	at com.kms.katalon.core.main.ScriptEngine.run(ScriptEngine.java:194)&#xD;
	at com.kms.katalon.core.main.ScriptEngine.runScriptAsRawText(ScriptEngine.java:119)&#xD;
	at com.kms.katalon.core.main.TestCaseExecutor.runScript(TestCaseExecutor.java:337)&#xD;
	at com.kms.katalon.core.main.TestCaseExecutor.doExecute(TestCaseExecutor.java:328)&#xD;
	at com.kms.katalon.core.main.TestCaseExecutor.processExecutionPhase(TestCaseExecutor.java:307)&#xD;
	at com.kms.katalon.core.main.TestCaseExecutor.accessMainPhase(TestCaseExecutor.java:299)&#xD;
	at com.kms.katalon.core.main.TestCaseExecutor.execute(TestCaseExecutor.java:233)&#xD;
	at com.kms.katalon.core.main.TestSuiteExecutor.accessTestCaseMainPhase(TestSuiteExecutor.java:133)&#xD;
	at com.kms.katalon.core.main.TestSuiteExecutor.accessTestSuiteMainPhase(TestSuiteExecutor.java:116)&#xD;
	at com.kms.katalon.core.main.TestSuiteExecutor.execute(TestSuiteExecutor.java:83)&#xD;
	at com.kms.katalon.core.main.TestCaseMain.startTestSuite(TestCaseMain.java:157)&#xD;
	at com.kms.katalon.core.main.TestCaseMain$startTestSuite$0.call(Unknown Source)&#xD;
	at TempTestSuite1567660261320.run(TempTestSuite1567660261320.groovy:35)&#xD;
Caused by: com.kms.katalon.core.exception.StepFailedException: Text 'Month Duration Acknowledgement' is not present on page &#xD;
	at com.kms.katalon.core.webui.keyword.internal.WebUIKeywordMain.stepFailed(WebUIKeywordMain.groovy:64)&#xD;
	at com.kms.katalon.core.webui.keyword.builtin.VerifyTextPresentKeyword$_verifyTextPresent_closure1.doCall(VerifyTextPresentKeyword.groovy:79)&#xD;
	at com.kms.katalon.core.webui.keyword.builtin.VerifyTextPresentKeyword$_verifyTextPresent_closure1.call(VerifyTextPresentKeyword.groovy)&#xD;
	at com.kms.katalon.core.webui.keyword.internal.WebUIKeywordMain.runKeyword(WebUIKeywordMain.groovy:20)&#xD;
	... 35 more&#xD;
)&#xD;
&#xD;
2019-09-05 13:21:29 - [TEST_STEP][FAILED] - if (verifyTextPresent("Month Duration Acknowledgement", false)): Unable to verify text 'Month Duration Acknowledgement' is present  (Root cause: com.kms.katalon.core.exception.StepFailedException: Unable to verify text 'Month Duration Acknowledgement' is present &#xD;
	at com.kms.katalon.core.webui.keyword.internal.WebUIKeywordMain.stepFailed(WebUIKeywordMain.groovy:64)&#xD;
	at com.kms.katalon.core.webui.keyword.internal.WebUIKeywordMain.runKeyword(WebUIKeywordMain.groovy:26)&#xD;
	at com.kms.katalon.core.webui.keyword.builtin.VerifyTextPresentKeyword.verifyTextPresent(VerifyTextPresentKeyword.groovy:83)&#xD;
	at com.kms.katalon.core.webui.keyword.builtin.VerifyTextPresentKeyword.execute(VerifyTextPresentKeyword.groovy:68)&#xD;
	at com.kms.katalon.core.keyword.internal.KeywordExecutor.executeKeywordForPlatform(KeywordExecutor.groovy:56)&#xD;
	at com.kms.katalon.core.webui.keyword.WebUiBuiltInKeywords.verifyTextPresent(WebUiBuiltInKeywords.groovy:1693)&#xD;
	at com.kms.katalon.core.webui.keyword.WebUiBuiltInKeywords$verifyTextPresent$9.call(Unknown Source)&#xD;
	at goToEnd_stm_autofill.run(goToEnd_stm_autofill:19)&#xD;
	at com.kms.katalon.core.main.ScriptEngine.run(ScriptEngine.java:194)&#xD;
	at com.kms.katalon.core.main.ScriptEngine.runScriptAsRawText(ScriptEngine.java:119)&#xD;
	at com.kms.katalon.core.main.TestCaseExecutor.runScript(TestCaseExecutor.java:337)&#xD;
	at com.kms.katalon.core.main.TestCaseExecutor.doExecute(TestCaseExecutor.java:328)&#xD;
	at com.kms.katalon.core.main.TestCaseExecutor.processExecutionPhase(TestCaseExecutor.java:307)&#xD;
	at com.kms.katalon.core.main.TestCaseExecutor.accessMainPhase(TestCaseExecutor.java:299)&#xD;
	at com.kms.katalon.core.main.TestCaseExecutor.execute(TestCaseExecutor.java:233)&#xD;
	at com.kms.katalon.core.main.TestCaseMain.runTestCase(TestCaseMain.java:114)&#xD;
	at com.kms.katalon.core.keyword.builtin.CallTestCaseKeyword$_callTestCase_closure1.doCall(CallTestCaseKeyword.groovy:59)&#xD;
	at com.kms.katalon.core.keyword.builtin.CallTestCaseKeyword$_callTestCase_closure1.call(CallTestCaseKeyword.groovy)&#xD;
	at com.kms.katalon.core.keyword.internal.KeywordMain.runKeyword(KeywordMain.groovy:68)&#xD;
	at com.kms.katalon.core.keyword.builtin.CallTestCaseKeyword.callTestCase(CallTestCaseKeyword.groovy:81)&#xD;
	at com.kms.katalon.core.keyword.builtin.CallTestCaseKeyword.execute(CallTestCaseKeyword.groovy:44)&#xD;
	at com.kms.katalon.core.keyword.internal.KeywordExecutor.executeKeywordForPlatform(KeywordExecutor.groovy:56)&#xD;
	at com.kms.katalon.core.keyword.BuiltinKeywords.callTestCase(BuiltinKeywords.groovy:334)&#xD;
	at LifeShield.run(LifeShield:31)&#xD;
	at com.kms.katalon.core.main.ScriptEngine.run(ScriptEngine.java:194)&#xD;
	at com.kms.katalon.core.main.ScriptEngine.runScriptAsRawText(ScriptEngine.java:119)&#xD;
	at com.kms.katalon.core.main.TestCaseExecutor.runScript(TestCaseExecutor.java:337)&#xD;
	at com.kms.katalon.core.main.TestCaseExecutor.doExecute(TestCaseExecutor.java:328)&#xD;
	at com.kms.katalon.core.main.TestCaseExecutor.processExecutionPhase(TestCaseExecutor.java:307)&#xD;
	at com.kms.katalon.core.main.TestCaseExecutor.accessMainPhase(TestCaseExecutor.java:299)&#xD;
	at com.kms.katalon.core.main.TestCaseExecutor.execute(TestCaseExecutor.java:233)&#xD;
	at com.kms.katalon.core.main.TestSuiteExecutor.accessTestCaseMainPhase(TestSuiteExecutor.java:133)&#xD;
	at com.kms.katalon.core.main.TestSuiteExecutor.accessTestSuiteMainPhase(TestSuiteExecutor.java:116)&#xD;
	at com.kms.katalon.core.main.TestSuiteExecutor.execute(TestSuiteExecutor.java:83)&#xD;
	at com.kms.katalon.core.main.TestCaseMain.startTestSuite(TestCaseMain.java:157)&#xD;
	at com.kms.katalon.core.main.TestCaseMain$startTestSuite$0.call(Unknown Source)&#xD;
	at TempTestSuite1567660261320.run(TempTestSuite1567660261320.groovy:35)&#xD;
Caused by: com.kms.katalon.core.exception.StepFailedException: Text 'Month Duration Acknowledgement' is not present on page &#xD;
	at com.kms.katalon.core.webui.keyword.internal.WebUIKeywordMain.stepFailed(WebUIKeywordMain.groovy:64)&#xD;
	at com.kms.katalon.core.webui.keyword.builtin.VerifyTextPresentKeyword$_verifyTextPresent_closure1.doCall(VerifyTextPresentKeyword.groovy:79)&#xD;
	at com.kms.katalon.core.webui.keyword.builtin.VerifyTextPresentKeyword$_verifyTextPresent_closure1.call(VerifyTextPresentKeyword.groovy)&#xD;
	at com.kms.katalon.core.webui.keyword.internal.WebUIKeywordMain.runKeyword(WebUIKeywordMain.groovy:20)&#xD;
	... 35 more&#xD;
)&#xD;
&#xD;
2019-09-05 13:21:29 - [MESSAGE][FAILED] - Text 'Month Duration Acknowledgement' is not present on page  (Root cause: com.kms.katalon.core.exception.StepFailedException: Text 'Month Duration Acknowledgement' is not present on page &#xD;
	at com.kms.katalon.core.webui.keyword.internal.WebUIKeywordMain.stepFailed(WebUIKeywordMain.groovy:64)&#xD;
	at com.kms.katalon.core.webui.keyword.builtin.VerifyTextPresentKeyword$_verifyTextPresent_closure1.doCall(VerifyTextPresentKeyword.groovy:79)&#xD;
	at com.kms.katalon.core.webui.keyword.builtin.VerifyTextPresentKeyword$_verifyTextPresent_closure1.call(VerifyTextPresentKeyword.groovy)&#xD;
	at com.kms.katalon.core.webui.keyword.internal.WebUIKeywordMain.runKeyword(WebUIKeywordMain.groovy:20)&#xD;
	at com.kms.katalon.core.webui.keyword.builtin.VerifyTextPresentKeyword.verifyTextPresent(VerifyTextPresentKeyword.groovy:83)&#xD;
	at com.kms.katalon.core.webui.keyword.builtin.VerifyTextPresentKeyword.execute(VerifyTextPresentKeyword.groovy:68)&#xD;
	at com.kms.katalon.core.keyword.internal.KeywordExecutor.executeKeywordForPlatform(KeywordExecutor.groovy:56)&#xD;
	at com.kms.katalon.core.webui.keyword.WebUiBuiltInKeywords.verifyTextPresent(WebUiBuiltInKeywords.groovy:1693)&#xD;
	at com.kms.katalon.core.webui.keyword.WebUiBuiltInKeywords$verifyTextPresent$9.call(Unknown Source)&#xD;
	at goToEnd_stm_autofill.run(goToEnd_stm_autofill:19)&#xD;
	at com.kms.katalon.core.main.ScriptEngine.run(ScriptEngine.java:194)&#xD;
	at com.kms.katalon.core.main.ScriptEngine.runScriptAsRawText(ScriptEngine.java:119)&#xD;
	at com.kms.katalon.core.main.TestCaseExecutor.runScript(TestCaseExecutor.java:337)&#xD;
	at com.kms.katalon.core.main.TestCaseExecutor.doExecute(TestCaseExecutor.java:328)&#xD;
	at com.kms.katalon.core.main.TestCaseExecutor.processExecutionPhase(TestCaseExecutor.java:307)&#xD;
	at com.kms.katalon.core.main.TestCaseExecutor.accessMainPhase(TestCaseExecutor.java:299)&#xD;
	at com.kms.katalon.core.main.TestCaseExecutor.execute(TestCaseExecutor.java:233)&#xD;
	at com.kms.katalon.core.main.TestCaseMain.runTestCase(TestCaseMain.java:114)&#xD;
	at com.kms.katalon.core.keyword.builtin.CallTestCaseKeyword$_callTestCase_closure1.doCall(CallTestCaseKeyword.groovy:59)&#xD;
	at com.kms.katalon.core.keyword.builtin.CallTestCaseKeyword$_callTestCase_closure1.call(CallTestCaseKeyword.groovy)&#xD;
	at com.kms.katalon.core.keyword.internal.KeywordMain.runKeyword(KeywordMain.groovy:68)&#xD;
	at com.kms.katalon.core.keyword.builtin.CallTestCaseKeyword.callTestCase(CallTestCaseKeyword.groovy:81)&#xD;
	at com.kms.katalon.core.keyword.builtin.CallTestCaseKeyword.execute(CallTestCaseKeyword.groovy:44)&#xD;
	at com.kms.katalon.core.keyword.internal.KeywordExecutor.executeKeywordForPlatform(KeywordExecutor.groovy:56)&#xD;
	at com.kms.katalon.core.keyword.BuiltinKeywords.callTestCase(BuiltinKeywords.groovy:334)&#xD;
	at LifeShield.run(LifeShield:31)&#xD;
	at com.kms.katalon.core.main.ScriptEngine.run(ScriptEngine.java:194)&#xD;
	at com.kms.katalon.core.main.ScriptEngine.runScriptAsRawText(ScriptEngine.java:119)&#xD;
	at com.kms.katalon.core.main.TestCaseExecutor.runScript(TestCaseExecutor.java:337)&#xD;
	at com.kms.katalon.core.main.TestCaseExecutor.doExecute(TestCaseExecutor.java:328)&#xD;
	at com.kms.katalon.core.main.TestCaseExecutor.processExecutionPhase(TestCaseExecutor.java:307)&#xD;
	at com.kms.katalon.core.main.TestCaseExecutor.accessMainPhase(TestCaseExecutor.java:299)&#xD;
	at com.kms.katalon.core.main.TestCaseExecutor.execute(TestCaseExecutor.java:233)&#xD;
	at com.kms.katalon.core.main.TestSuiteExecutor.accessTestCaseMainPhase(TestSuiteExecutor.java:133)&#xD;
	at com.kms.katalon.core.main.TestSuiteExecutor.accessTestSuiteMainPhase(TestSuiteExecutor.java:116)&#xD;
	at com.kms.katalon.core.main.TestSuiteExecutor.execute(TestSuiteExecutor.java:83)&#xD;
	at com.kms.katalon.core.main.TestCaseMain.startTestSuite(TestCaseMain.java:157)&#xD;
	at com.kms.katalon.core.main.TestCaseMain$startTestSuite$0.call(Unknown Source)&#xD;
	at TempTestSuite1567660261320.run(TempTestSuite1567660261320.groovy:35)&#xD;
)&#xD;
&#xD;
2019-09-05 13:21:30 - [MESSAGE][FAILED] - Unable to verify text 'Month Duration Acknowledgement' is present  (Root cause: com.kms.katalon.core.exception.StepFailedException: Unable to verify text 'Month Duration Acknowledgement' is present &#xD;
	at com.kms.katalon.core.webui.keyword.internal.WebUIKeywordMain.stepFailed(WebUIKeywordMain.groovy:64)&#xD;
	at com.kms.katalon.core.webui.keyword.internal.WebUIKeywordMain.runKeyword(WebUIKeywordMain.groovy:26)&#xD;
	at com.kms.katalon.core.webui.keyword.builtin.VerifyTextPresentKeyword.verifyTextPresent(VerifyTextPresentKeyword.groovy:83)&#xD;
	at com.kms.katalon.core.webui.keyword.builtin.VerifyTextPresentKeyword.execute(VerifyTextPresentKeyword.groovy:68)&#xD;
	at com.kms.katalon.core.keyword.internal.KeywordExecutor.executeKeywordForPlatform(KeywordExecutor.groovy:56)&#xD;
	at com.kms.katalon.core.webui.keyword.WebUiBuiltInKeywords.verifyTextPresent(WebUiBuiltInKeywords.groovy:1693)&#xD;
	at com.kms.katalon.core.webui.keyword.WebUiBuiltInKeywords$verifyTextPresent$9.call(Unknown Source)&#xD;
	at goToEnd_stm_autofill.run(goToEnd_stm_autofill:19)&#xD;
	at com.kms.katalon.core.main.ScriptEngine.run(ScriptEngine.java:194)&#xD;
	at com.kms.katalon.core.main.ScriptEngine.runScriptAsRawText(ScriptEngine.java:119)&#xD;
	at com.kms.katalon.core.main.TestCaseExecutor.runScript(TestCaseExecutor.java:337)&#xD;
	at com.kms.katalon.core.main.TestCaseExecutor.doExecute(TestCaseExecutor.java:328)&#xD;
	at com.kms.katalon.core.main.TestCaseExecutor.processExecutionPhase(TestCaseExecutor.java:307)&#xD;
	at com.kms.katalon.core.main.TestCaseExecutor.accessMainPhase(TestCaseExecutor.java:299)&#xD;
	at com.kms.katalon.core.main.TestCaseExecutor.execute(TestCaseExecutor.java:233)&#xD;
	at com.kms.katalon.core.main.TestCaseMain.runTestCase(TestCaseMain.java:114)&#xD;
	at com.kms.katalon.core.keyword.builtin.CallTestCaseKeyword$_callTestCase_closure1.doCall(CallTestCaseKeyword.groovy:59)&#xD;
	at com.kms.katalon.core.keyword.builtin.CallTestCaseKeyword$_callTestCase_closure1.call(CallTestCaseKeyword.groovy)&#xD;
	at com.kms.katalon.core.keyword.internal.KeywordMain.runKeyword(KeywordMain.groovy:68)&#xD;
	at com.kms.katalon.core.keyword.builtin.CallTestCaseKeyword.callTestCase(CallTestCaseKeyword.groovy:81)&#xD;
	at com.kms.katalon.core.keyword.builtin.CallTestCaseKeyword.execute(CallTestCaseKeyword.groovy:44)&#xD;
	at com.kms.katalon.core.keyword.internal.KeywordExecutor.executeKeywordForPlatform(KeywordExecutor.groovy:56)&#xD;
	at com.kms.katalon.core.keyword.BuiltinKeywords.callTestCase(BuiltinKeywords.groovy:334)&#xD;
	at LifeShield.run(LifeShield:31)&#xD;
	at com.kms.katalon.core.main.ScriptEngine.run(ScriptEngine.java:194)&#xD;
	at com.kms.katalon.core.main.ScriptEngine.runScriptAsRawText(ScriptEngine.java:119)&#xD;
	at com.kms.katalon.core.main.TestCaseExecutor.runScript(TestCaseExecutor.java:337)&#xD;
	at com.kms.katalon.core.main.TestCaseExecutor.doExecute(TestCaseExecutor.java:328)&#xD;
	at com.kms.katalon.core.main.TestCaseExecutor.processExecutionPhase(TestCaseExecutor.java:307)&#xD;
	at com.kms.katalon.core.main.TestCaseExecutor.accessMainPhase(TestCaseExecutor.java:299)&#xD;
	at com.kms.katalon.core.main.TestCaseExecutor.execute(TestCaseExecutor.java:233)&#xD;
	at com.kms.katalon.core.main.TestSuiteExecutor.accessTestCaseMainPhase(TestSuiteExecutor.java:133)&#xD;
	at com.kms.katalon.core.main.TestSuiteExecutor.accessTestSuiteMainPhase(TestSuiteExecutor.java:116)&#xD;
	at com.kms.katalon.core.main.TestSuiteExecutor.execute(TestSuiteExecutor.java:83)&#xD;
	at com.kms.katalon.core.main.TestCaseMain.startTestSuite(TestCaseMain.java:157)&#xD;
	at com.kms.katalon.core.main.TestCaseMain$startTestSuite$0.call(Unknown Source)&#xD;
	at TempTestSuite1567660261320.run(TempTestSuite1567660261320.groovy:35)&#xD;
Caused by: com.kms.katalon.core.exception.StepFailedException: Text 'Month Duration Acknowledgement' is not present on page &#xD;
	at com.kms.katalon.core.webui.keyword.internal.WebUIKeywordMain.stepFailed(WebUIKeywordMain.groovy:64)&#xD;
	at com.kms.katalon.core.webui.keyword.builtin.VerifyTextPresentKeyword$_verifyTextPresent_closure1.doCall(VerifyTextPresentKeyword.groovy:79)&#xD;
	at com.kms.katalon.core.webui.keyword.builtin.VerifyTextPresentKeyword$_verifyTextPresent_closure1.call(VerifyTextPresentKeyword.groovy)&#xD;
	at com.kms.katalon.core.webui.keyword.internal.WebUIKeywordMain.runKeyword(WebUIKeywordMain.groovy:20)&#xD;
	... 35 more&#xD;
)&#xD;
[[ATTACHMENT|D:\\Test\\AgileTest\\AgileTest\\Reports\\mobileWeb\\stm\\20190905_131101\\1567660890256.png]]&#xD;
&#xD;
2019-09-05 13:21:32 - [TEST_STEP][PASSED] - catch (Exception e): null&#xD;
&#xD;
2019-09-05 13:21:32 - [TEST_STEP][PASSED] - println("no consecutive"): null&#xD;
&#xD;
2019-09-05 13:21:32 - [TEST_STEP][PASSED] - waitForPageLoad(10): Wait for page load successfully&#xD;
&#xD;
2019-09-05 13:21:32 - [MESSAGE][PASSED] - Wait for page load successfully&#xD;
&#xD;
2019-09-05 13:21:32 - [TEST_STEP][PASSED] - Thread.sleep(3000): null&#xD;
&#xD;
2019-09-05 13:21:35 - [TEST_STEP][PASSED] - waitForElementVisible(findTestObject("mobileSanity/STM/Page_App Page 1/a_Autofill App Info"), 20): Object 'Object Repository/mobileSanity/STM/Page_App Page 1/a_Autofill App Info' is visible&#xD;
&#xD;
2019-09-05 13:21:35 - [MESSAGE][PASSED] - Object 'Object Repository/mobileSanity/STM/Page_App Page 1/a_Autofill App Info' is visible&#xD;
&#xD;
2019-09-05 13:21:35 - [TEST_STEP][PASSED] - click(findTestObject("mobileSanity/STM/Page_App Page 1/a_Autofill App Info")): Object: 'Object Repository/mobileSanity/STM/Page_App Page 1/a_Autofill App Info' is clicked on&#xD;
&#xD;
2019-09-05 13:21:35 - [MESSAGE][PASSED] - Object: 'Object Repository/mobileSanity/STM/Page_App Page 1/a_Autofill App Info' is clicked on&#xD;
&#xD;
2019-09-05 13:21:35 - [TEST_STEP][PASSED] - Thread.sleep(1000): null&#xD;
&#xD;
2019-09-05 13:21:36 - [TEST_STEP][PASSED] - click(findTestObject("mobileSanity/STM/Page_App Page 1/a_Autofill App Info")): Object: 'Object Repository/mobileSanity/STM/Page_App Page 1/a_Autofill App Info' is clicked on&#xD;
&#xD;
2019-09-05 13:21:36 - [MESSAGE][PASSED] - Object: 'Object Repository/mobileSanity/STM/Page_App Page 1/a_Autofill App Info' is clicked on&#xD;
&#xD;
2019-09-05 13:21:36 - [TEST_STEP][PASSED] - Thread.sleep(1000): null&#xD;
&#xD;
2019-09-05 13:21:37 - [TEST_STEP][PASSED] - waitForElementVisible(findTestObject("mobileSanity/STM/Page_App Page 1/a_Continue"), 20): Object 'Object Repository/mobileSanity/STM/Page_App Page 1/a_Continue' is visible&#xD;
&#xD;
2019-09-05 13:21:37 - [MESSAGE][PASSED] - Object 'Object Repository/mobileSanity/STM/Page_App Page 1/a_Continue' is visible&#xD;
&#xD;
2019-09-05 13:21:37 - [TEST_STEP][PASSED] - click(findTestObject("mobileSanity/STM/Page_App Page 1/a_Continue")): Object: 'Object Repository/mobileSanity/STM/Page_App Page 1/a_Continue' is clicked on&#xD;
&#xD;
2019-09-05 13:21:38 - [MESSAGE][PASSED] - Object: 'Object Repository/mobileSanity/STM/Page_App Page 1/a_Continue' is clicked on&#xD;
&#xD;
2019-09-05 13:21:38 - [TEST_STEP][PASSED] - waitForPageLoad(20): Wait for page load successfully&#xD;
&#xD;
2019-09-05 13:21:38 - [MESSAGE][PASSED] - Wait for page load successfully&#xD;
&#xD;
2019-09-05 13:21:38 - [TEST_STEP][PASSED] - Thread.sleep(2000): null&#xD;
&#xD;
2019-09-05 13:21:40 - [TEST_STEP][PASSED] - callTestCase(findTestCase("mobileWeb/_include/get_screenshot"), [:], STOP_ON_FAILURE): Call Test Case 'Test Cases/mobileWeb/_include/get_screenshot' successfully&#xD;
&#xD;
2019-09-05 13:21:40 - [TEST_CASE][PASSED] - Test Cases/mobileWeb/_include/get_screenshot: Test Cases/mobileWeb/_include/get_screenshot&#xD;
&#xD;
2019-09-05 13:21:40 - [TEST_STEP][PASSED] - takeScreenshot(screenPath + i + ".png"): Taking screenshot successfully&#xD;
&#xD;
2019-09-05 13:21:40 - [MESSAGE][PASSED] - Taking screenshot successfully&#xD;
[[ATTACHMENT|D:\\Test\\AgileTest\\AgileTest\\Reports\\mobileWeb\\stm\\20190905_131101\\../Screenshots/iPhone X/stm/LifeShield/20190905_132040/7.png]]&#xD;
&#xD;
2019-09-05 13:21:40 - [TEST_STEP][PASSED] - (internal.GlobalVariable.i++): null&#xD;
&#xD;
2019-09-05 13:21:40 - [MESSAGE][PASSED] - Call Test Case 'Test Cases/mobileWeb/_include/get_screenshot' successfully&#xD;
&#xD;
2019-09-05 13:21:40 - [TEST_STEP][PASSED] - click(findTestObject("mobileSanity/STM/Page_App Page 2/a_Continue to Step 3 - Payment")): Object: 'Object Repository/mobileSanity/STM/Page_App Page 2/a_Continue to Step 3 - Payment' is clicked on&#xD;
&#xD;
2019-09-05 13:21:40 - [MESSAGE][PASSED] - Object: 'Object Repository/mobileSanity/STM/Page_App Page 2/a_Continue to Step 3 - Payment' is clicked on&#xD;
&#xD;
2019-09-05 13:21:40 - [TEST_STEP][PASSED] - waitForPageLoad(20): Wait for page load successfully&#xD;
&#xD;
2019-09-05 13:21:40 - [MESSAGE][PASSED] - Wait for page load successfully&#xD;
&#xD;
2019-09-05 13:21:40 - [TEST_STEP][PASSED] - waitForElementVisible(findTestObject("mobileSanity/STM/Page_App Page 3/input__credit-card-cvv"), 20): Object 'Object Repository/mobileSanity/STM/Page_App Page 3/input__credit-card-cvv' is visible&#xD;
&#xD;
2019-09-05 13:21:42 - [MESSAGE][PASSED] - Object 'Object Repository/mobileSanity/STM/Page_App Page 3/input__credit-card-cvv' is visible&#xD;
&#xD;
2019-09-05 13:21:42 - [TEST_STEP][PASSED] - Thread.sleep(2000): null&#xD;
&#xD;
2019-09-05 13:21:44 - [TEST_STEP][PASSED] - callTestCase(findTestCase("mobileWeb/_include/get_screenshot"), [:], STOP_ON_FAILURE): Call Test Case 'Test Cases/mobileWeb/_include/get_screenshot' successfully&#xD;
&#xD;
2019-09-05 13:21:44 - [TEST_CASE][PASSED] - Test Cases/mobileWeb/_include/get_screenshot: Test Cases/mobileWeb/_include/get_screenshot&#xD;
&#xD;
2019-09-05 13:21:44 - [TEST_STEP][PASSED] - takeScreenshot(screenPath + i + ".png"): Taking screenshot successfully&#xD;
&#xD;
2019-09-05 13:21:44 - [MESSAGE][PASSED] - Taking screenshot successfully&#xD;
[[ATTACHMENT|D:\\Test\\AgileTest\\AgileTest\\Reports\\mobileWeb\\stm\\20190905_131101\\../Screenshots/iPhone X/stm/LifeShield/20190905_132040/8.png]]&#xD;
&#xD;
2019-09-05 13:21:44 - [TEST_STEP][PASSED] - (internal.GlobalVariable.i++): null&#xD;
&#xD;
2019-09-05 13:21:44 - [MESSAGE][PASSED] - Call Test Case 'Test Cases/mobileWeb/_include/get_screenshot' successfully&#xD;
&#xD;
2019-09-05 13:21:44 - [TEST_STEP][PASSED] - clearText(findTestObject("mobileSanity/STM/Page_App Page 3/input__credit-card-cvv")): Text of object 'Object Repository/mobileSanity/STM/Page_App Page 3/input__credit-card-cvv' is cleared&#xD;
&#xD;
2019-09-05 13:21:44 - [MESSAGE][PASSED] - Text of object 'Object Repository/mobileSanity/STM/Page_App Page 3/input__credit-card-cvv' is cleared&#xD;
&#xD;
2019-09-05 13:21:44 - [TEST_STEP][PASSED] - setText(findTestObject("mobileSanity/STM/Page_App Page 3/input__credit-card-cvv"), "123"): Text '123' is set on object 'Object Repository/mobileSanity/STM/Page_App Page 3/input__credit-card-cvv'&#xD;
&#xD;
2019-09-05 13:21:44 - [MESSAGE][PASSED] - Text '123' is set on object 'Object Repository/mobileSanity/STM/Page_App Page 3/input__credit-card-cvv'&#xD;
&#xD;
2019-09-05 13:21:44 - [TEST_STEP][PASSED] - click(findTestObject("mobileSanity/STM/Page_App Page 3/label_I Accept Authorization f")): Object: 'Object Repository/mobileSanity/STM/Page_App Page 3/label_I Accept Authorization f' is clicked on&#xD;
&#xD;
2019-09-05 13:21:45 - [MESSAGE][PASSED] - Object: 'Object Repository/mobileSanity/STM/Page_App Page 3/label_I Accept Authorization f' is clicked on&#xD;
&#xD;
2019-09-05 13:21:45 - [TEST_STEP][PASSED] - click(findTestObject("mobileSanity/STM/Page_App Page 3/a_Continue to Step 4 - Review")): Object: 'Object Repository/mobileSanity/STM/Page_App Page 3/a_Continue to Step 4 - Review' is clicked on&#xD;
&#xD;
2019-09-05 13:21:45 - [MESSAGE][PASSED] - Object: 'Object Repository/mobileSanity/STM/Page_App Page 3/a_Continue to Step 4 - Review' is clicked on&#xD;
&#xD;
2019-09-05 13:21:45 - [TEST_STEP][PASSED] - waitForPageLoad(10): Wait for page load successfully&#xD;
&#xD;
2019-09-05 13:21:45 - [MESSAGE][PASSED] - Wait for page load successfully&#xD;
&#xD;
2019-09-05 13:21:45 - [TEST_STEP][PASSED] - waitForElementClickable(findTestObject("mobileSanity/STM/Page_App Page 4/label"), 10): Object 'Object Repository/mobileSanity/STM/Page_App Page 4/label' is clickable&#xD;
&#xD;
2019-09-05 13:21:46 - [MESSAGE][PASSED] - Object 'Object Repository/mobileSanity/STM/Page_App Page 4/label' is clickable&#xD;
&#xD;
2019-09-05 13:21:46 - [TEST_STEP][PASSED] - Thread.sleep(2000): null&#xD;
&#xD;
2019-09-05 13:21:48 - [TEST_STEP][PASSED] - callTestCase(findTestCase("mobileWeb/_include/get_screenshot"), [:], STOP_ON_FAILURE): Call Test Case 'Test Cases/mobileWeb/_include/get_screenshot' successfully&#xD;
&#xD;
2019-09-05 13:21:48 - [TEST_CASE][PASSED] - Test Cases/mobileWeb/_include/get_screenshot: Test Cases/mobileWeb/_include/get_screenshot&#xD;
&#xD;
2019-09-05 13:21:48 - [TEST_STEP][PASSED] - takeScreenshot(screenPath + i + ".png"): Taking screenshot successfully&#xD;
&#xD;
2019-09-05 13:21:49 - [MESSAGE][PASSED] - Taking screenshot successfully&#xD;
[[ATTACHMENT|D:\\Test\\AgileTest\\AgileTest\\Reports\\mobileWeb\\stm\\20190905_131101\\../Screenshots/iPhone X/stm/LifeShield/20190905_132040/9.png]]&#xD;
&#xD;
2019-09-05 13:21:49 - [TEST_STEP][PASSED] - (internal.GlobalVariable.i++): null&#xD;
&#xD;
2019-09-05 13:21:49 - [MESSAGE][PASSED] - Call Test Case 'Test Cases/mobileWeb/_include/get_screenshot' successfully&#xD;
&#xD;
2019-09-05 13:21:49 - [TEST_STEP][PASSED] - click(findTestObject("mobileSanity/STM/Page_App Page 4/label")): Object: 'Object Repository/mobileSanity/STM/Page_App Page 4/label' is clicked on&#xD;
&#xD;
2019-09-05 13:21:49 - [MESSAGE][PASSED] - Object: 'Object Repository/mobileSanity/STM/Page_App Page 4/label' is clicked on&#xD;
&#xD;
2019-09-05 13:21:49 - [TEST_STEP][PASSED] - click(findTestObject("mobileSanity/STM/Page_App Page 4/div_CLICK TO SIGN")): Object: 'Object Repository/mobileSanity/STM/Page_App Page 4/div_CLICK TO SIGN' is clicked on&#xD;
&#xD;
2019-09-05 13:21:49 - [MESSAGE][PASSED] - Object: 'Object Repository/mobileSanity/STM/Page_App Page 4/div_CLICK TO SIGN' is clicked on&#xD;
&#xD;
2019-09-05 13:21:49 - [TEST_STEP][PASSED] - click(findTestObject("mobileSanity/STM/Page_App Page 4/a_Submit Your Application")): Object: 'Object Repository/mobileSanity/STM/Page_App Page 4/a_Submit Your Application' is clicked on&#xD;
&#xD;
2019-09-05 13:21:49 - [MESSAGE][PASSED] - Object: 'Object Repository/mobileSanity/STM/Page_App Page 4/a_Submit Your Application' is clicked on&#xD;
&#xD;
2019-09-05 13:21:49 - [TEST_STEP][PASSED] - Thread.sleep(30000): null&#xD;
&#xD;
2019-09-05 13:22:19 - [TEST_STEP][PASSED] - callTestCase(findTestCase("mobileWeb/_include/get_screenshot"), [:], STOP_ON_FAILURE): Call Test Case 'Test Cases/mobileWeb/_include/get_screenshot' successfully&#xD;
&#xD;
2019-09-05 13:22:20 - [TEST_CASE][PASSED] - Test Cases/mobileWeb/_include/get_screenshot: Test Cases/mobileWeb/_include/get_screenshot&#xD;
&#xD;
2019-09-05 13:22:20 - [TEST_STEP][PASSED] - takeScreenshot(screenPath + i + ".png"): Taking screenshot successfully&#xD;
&#xD;
2019-09-05 13:22:20 - [MESSAGE][PASSED] - Taking screenshot successfully&#xD;
[[ATTACHMENT|D:\\Test\\AgileTest\\AgileTest\\Reports\\mobileWeb\\stm\\20190905_131101\\../Screenshots/iPhone X/stm/LifeShield/20190905_132040/10.png]]&#xD;
&#xD;
2019-09-05 13:22:20 - [TEST_STEP][PASSED] - (internal.GlobalVariable.i++): null&#xD;
&#xD;
2019-09-05 13:22:20 - [MESSAGE][PASSED] - Call Test Case 'Test Cases/mobileWeb/_include/get_screenshot' successfully&#xD;
&#xD;
2019-09-05 13:22:20 - [TEST_STEP][PASSED] - waitForElementPresent(findTestObject("mobileSanity/STM/Page_App Page 6/span_planName"), 30): Object 'Object Repository/mobileSanity/STM/Page_App Page 6/span_planName' is present&#xD;
&#xD;
2019-09-05 13:22:20 - [MESSAGE][PASSED] - Object 'Object Repository/mobileSanity/STM/Page_App Page 6/span_planName' is present&#xD;
&#xD;
2019-09-05 13:22:20 - [TEST_STEP][PASSED] - verifyElementPresent(findTestObject("mobileSanity/STM/Page_App Page 6/span_planName"), 20): Object 'Object Repository/mobileSanity/STM/Page_App Page 6/span_planName' is present&#xD;
&#xD;
2019-09-05 13:22:20 - [MESSAGE][PASSED] - Object 'Object Repository/mobileSanity/STM/Page_App Page 6/span_planName' is present&#xD;
&#xD;
2019-09-05 13:22:20 - [TEST_STEP][PASSED] - verifyElementPresent(findTestObject("mobileSanity/STM/Page_App Page 6/span_approved"), 20): Object 'Object Repository/mobileSanity/STM/Page_App Page 6/span_approved' is present&#xD;
&#xD;
2019-09-05 13:22:20 - [MESSAGE][PASSED] - Object 'Object Repository/mobileSanity/STM/Page_App Page 6/span_approved' is present&#xD;
&#xD;
2019-09-05 13:22:20 - [MESSAGE][PASSED] - Call Test Case 'Test Cases/mobileWeb/_include/goToEnd_stm_autofill' successfully</system-out>
            <system-err></system-err>
        </testcase>
        <testcase name="Test Cases/mobileWeb/stm/NationalGeneral" classname="Test Cases/mobileWeb/stm/NationalGeneral" status="FAILED">
            <failure type="FAILED" message="Test Cases/mobileWeb/stm/NationalGeneral FAILED.&#xA;Reason:&#xA;com.kms.katalon.core.exception.StepFailedException: Call Test Case 'Test Cases/mobileWeb/_include/goToEnd_stm_autofill' failed&#xD;&#xA;&#x9;at com.kms.katalon.core.keyword.builtin.CallTestCaseKeyword$_callTestCase_closure1.doCall(CallTestCaseKeyword.groovy:63)&#xD;&#xA;&#x9;at com.kms.katalon.core.keyword.builtin.CallTestCaseKeyword$_callTestCase_closure1.call(CallTestCaseKeyword.groovy)&#xD;&#xA;&#x9;at com.kms.katalon.core.keyword.internal.KeywordMain.runKeyword(KeywordMain.groovy:68)&#xD;&#xA;&#x9;at com.kms.katalon.core.keyword.builtin.CallTestCaseKeyword.callTestCase(CallTestCaseKeyword.groovy:81)&#xD;&#xA;&#x9;at com.kms.katalon.core.keyword.builtin.CallTestCaseKeyword.execute(CallTestCaseKeyword.groovy:44)&#xD;&#xA;&#x9;at com.kms.katalon.core.keyword.internal.KeywordExecutor.executeKeywordForPlatform(KeywordExecutor.groovy:56)&#xD;&#xA;&#x9;at com.kms.katalon.core.keyword.BuiltinKeywords.callTestCase(BuiltinKeywords.groovy:334)&#xD;&#xA;&#x9;at NationalGeneral.run(NationalGeneral:31)&#xD;&#xA;&#x9;at com.kms.katalon.core.main.ScriptEngine.run(ScriptEngine.java:194)&#xD;&#xA;&#x9;at com.kms.katalon.core.main.ScriptEngine.runScriptAsRawText(ScriptEngine.java:119)&#xD;&#xA;&#x9;at com.kms.katalon.core.main.TestCaseExecutor.runScript(TestCaseExecutor.java:337)&#xD;&#xA;&#x9;at com.kms.katalon.core.main.TestCaseExecutor.doExecute(TestCaseExecutor.java:328)&#xD;&#xA;&#x9;at com.kms.katalon.core.main.TestCaseExecutor.processExecutionPhase(TestCaseExecutor.java:307)&#xD;&#xA;&#x9;at com.kms.katalon.core.main.TestCaseExecutor.accessMainPhase(TestCaseExecutor.java:299)&#xD;&#xA;&#x9;at com.kms.katalon.core.main.TestCaseExecutor.execute(TestCaseExecutor.java:233)&#xD;&#xA;&#x9;at com.kms.katalon.core.main.TestSuiteExecutor.accessTestCaseMainPhase(TestSuiteExecutor.java:133)&#xD;&#xA;&#x9;at com.kms.katalon.core.main.TestSuiteExecutor.accessTestSuiteMainPhase(TestSuiteExecutor.java:116)&#xD;&#xA;&#x9;at com.kms.katalon.core.main.TestSuiteExecutor.execute(TestSuiteExecutor.java:83)&#xD;&#xA;&#x9;at com.kms.katalon.core.main.TestCaseMain.startTestSuite(TestCaseMain.java:157)&#xD;&#xA;&#x9;at com.kms.katalon.core.main.TestCaseMain$startTestSuite$0.call(Unknown Source)&#xD;&#xA;&#x9;at TempTestSuite1567660261320.run(TempTestSuite1567660261320.groovy:35)&#xD;&#xA;Caused by: com.kms.katalon.core.exception.StepFailedException: Unable to verify object 'Object Repository/mobileSanity/STM/Page_App Page 6/span_planName' is present&#xD;&#xA;&#x9;at com.kms.katalon.core.webui.keyword.internal.WebUIKeywordMain.stepFailed(WebUIKeywordMain.groovy:64)&#xD;&#xA;&#x9;at com.kms.katalon.core.webui.keyword.internal.WebUIKeywordMain.runKeyword(WebUIKeywordMain.groovy:26)&#xD;&#xA;&#x9;at com.kms.katalon.core.webui.keyword.builtin.VerifyElementPresentKeyword.verifyElementPresent(VerifyElementPresentKeyword.groovy:92)&#xD;&#xA;&#x9;at com.kms.katalon.core.webui.keyword.builtin.VerifyElementPresentKeyword.execute(VerifyElementPresentKeyword.groovy:68)&#xD;&#xA;&#x9;at com.kms.katalon.core.keyword.internal.KeywordExecutor.executeKeywordForPlatform(KeywordExecutor.groovy:56)&#xD;&#xA;&#x9;at com.kms.katalon.core.webui.keyword.WebUiBuiltInKeywords.verifyElementPresent(WebUiBuiltInKeywords.groovy:1434)&#xD;&#xA;&#x9;at com.kms.katalon.core.webui.keyword.WebUiBuiltInKeywords$verifyElementPresent$12.call(Unknown Source)&#xD;&#xA;&#x9;at goToEnd_stm_autofill.run(goToEnd_stm_autofill:99)&#xD;&#xA;&#x9;at com.kms.katalon.core.main.ScriptEngine.run(ScriptEngine.java:194)&#xD;&#xA;&#x9;at com.kms.katalon.core.main.ScriptEngine.runScriptAsRawText(ScriptEngine.java:119)&#xD;&#xA;&#x9;at com.kms.katalon.core.main.TestCaseExecutor.runScript(TestCaseExecutor.java:337)&#xD;&#xA;&#x9;at com.kms.katalon.core.main.TestCaseExecutor.doExecute(TestCaseExecutor.java:328)&#xD;&#xA;&#x9;at com.kms.katalon.core.main.TestCaseExecutor.processExecutionPhase(TestCaseExecutor.java:307)&#xD;&#xA;&#x9;at com.kms.katalon.core.main.TestCaseExecutor.accessMainPhase(TestCaseExecutor.java:299)&#xD;&#xA;&#x9;at com.kms.katalon.core.main.TestCaseExecutor.execute(TestCaseExecutor.java:233)&#xD;&#xA;&#x9;at com.kms.katalon.core.main.TestCaseMain.runTestCase(TestCaseMain.java:114)&#xD;&#xA;&#x9;at com.kms.katalon.core.keyword.builtin.CallTestCaseKeyword$_callTestCase_closure1.doCall(CallTestCaseKeyword.groovy:59)&#xD;&#xA;&#x9;... 20 more&#xD;&#xA;Caused by: com.kms.katalon.core.exception.StepFailedException: com.kms.katalon.core.webui.exception.WebElementNotFoundException: Web element with id: 'Object Repository/mobileSanity/STM/Page_App Page 6/span_planName' located by 'By.xpath: id(&quot;js-app-confirmation&quot;)/div[@class=&quot;app-confirmation-main&quot;]/div[@class=&quot;app-confirmation-container&quot;]/p[@class=&quot;reset&quot;]/span[@class=&quot;emphasize&quot;]' not found&#xD;&#xA;&#x9;at com.kms.katalon.core.webui.keyword.internal.WebUIKeywordMain.stepFailed(WebUIKeywordMain.groovy:64)&#xD;&#xA;&#x9;at com.kms.katalon.core.webui.keyword.builtin.VerifyElementPresentKeyword$_verifyElementPresent_closure1.doCall(VerifyElementPresentKeyword.groovy:85)&#xD;&#xA;&#x9;at com.kms.katalon.core.webui.keyword.builtin.VerifyElementPresentKeyword$_verifyElementPresent_closure1.call(VerifyElementPresentKeyword.groovy)&#xD;&#xA;&#x9;at com.kms.katalon.core.webui.keyword.internal.WebUIKeywordMain.runKeyword(WebUIKeywordMain.groovy:20)&#xD;&#xA;&#x9;... 35 more&#xD;&#xA;"/>
            <system-out>2019-09-05 13:22:20 - [TEST_CASE][FAILED] - Test Cases/mobileWeb/stm/NationalGeneral: Test Cases/mobileWeb/stm/NationalGeneral FAILED.
Reason:
com.kms.katalon.core.exception.StepFailedException: Call Test Case 'Test Cases/mobileWeb/_include/goToEnd_stm_autofill' failed&#xD;
	at com.kms.katalon.core.keyword.builtin.CallTestCaseKeyword$_callTestCase_closure1.doCall(CallTestCaseKeyword.groovy:63)&#xD;
	at com.kms.katalon.core.keyword.builtin.CallTestCaseKeyword$_callTestCase_closure1.call(CallTestCaseKeyword.groovy)&#xD;
	at com.kms.katalon.core.keyword.internal.KeywordMain.runKeyword(KeywordMain.groovy:68)&#xD;
	at com.kms.katalon.core.keyword.builtin.CallTestCaseKeyword.callTestCase(CallTestCaseKeyword.groovy:81)&#xD;
	at com.kms.katalon.core.keyword.builtin.CallTestCaseKeyword.execute(CallTestCaseKeyword.groovy:44)&#xD;
	at com.kms.katalon.core.keyword.internal.KeywordExecutor.executeKeywordForPlatform(KeywordExecutor.groovy:56)&#xD;
	at com.kms.katalon.core.keyword.BuiltinKeywords.callTestCase(BuiltinKeywords.groovy:334)&#xD;
	at NationalGeneral.run(NationalGeneral:31)&#xD;
	at com.kms.katalon.core.main.ScriptEngine.run(ScriptEngine.java:194)&#xD;
	at com.kms.katalon.core.main.ScriptEngine.runScriptAsRawText(ScriptEngine.java:119)&#xD;
	at com.kms.katalon.core.main.TestCaseExecutor.runScript(TestCaseExecutor.java:337)&#xD;
	at com.kms.katalon.core.main.TestCaseExecutor.doExecute(TestCaseExecutor.java:328)&#xD;
	at com.kms.katalon.core.main.TestCaseExecutor.processExecutionPhase(TestCaseExecutor.java:307)&#xD;
	at com.kms.katalon.core.main.TestCaseExecutor.accessMainPhase(TestCaseExecutor.java:299)&#xD;
	at com.kms.katalon.core.main.TestCaseExecutor.execute(TestCaseExecutor.java:233)&#xD;
	at com.kms.katalon.core.main.TestSuiteExecutor.accessTestCaseMainPhase(TestSuiteExecutor.java:133)&#xD;
	at com.kms.katalon.core.main.TestSuiteExecutor.accessTestSuiteMainPhase(TestSuiteExecutor.java:116)&#xD;
	at com.kms.katalon.core.main.TestSuiteExecutor.execute(TestSuiteExecutor.java:83)&#xD;
	at com.kms.katalon.core.main.TestCaseMain.startTestSuite(TestCaseMain.java:157)&#xD;
	at com.kms.katalon.core.main.TestCaseMain$startTestSuite$0.call(Unknown Source)&#xD;
	at TempTestSuite1567660261320.run(TempTestSuite1567660261320.groovy:35)&#xD;
Caused by: com.kms.katalon.core.exception.StepFailedException: Unable to verify object 'Object Repository/mobileSanity/STM/Page_App Page 6/span_planName' is present&#xD;
	at com.kms.katalon.core.webui.keyword.internal.WebUIKeywordMain.stepFailed(WebUIKeywordMain.groovy:64)&#xD;
	at com.kms.katalon.core.webui.keyword.internal.WebUIKeywordMain.runKeyword(WebUIKeywordMain.groovy:26)&#xD;
	at com.kms.katalon.core.webui.keyword.builtin.VerifyElementPresentKeyword.verifyElementPresent(VerifyElementPresentKeyword.groovy:92)&#xD;
	at com.kms.katalon.core.webui.keyword.builtin.VerifyElementPresentKeyword.execute(VerifyElementPresentKeyword.groovy:68)&#xD;
	at com.kms.katalon.core.keyword.internal.KeywordExecutor.executeKeywordForPlatform(KeywordExecutor.groovy:56)&#xD;
	at com.kms.katalon.core.webui.keyword.WebUiBuiltInKeywords.verifyElementPresent(WebUiBuiltInKeywords.groovy:1434)&#xD;
	at com.kms.katalon.core.webui.keyword.WebUiBuiltInKeywords$verifyElementPresent$12.call(Unknown Source)&#xD;
	at goToEnd_stm_autofill.run(goToEnd_stm_autofill:99)&#xD;
	at com.kms.katalon.core.main.ScriptEngine.run(ScriptEngine.java:194)&#xD;
	at com.kms.katalon.core.main.ScriptEngine.runScriptAsRawText(ScriptEngine.java:119)&#xD;
	at com.kms.katalon.core.main.TestCaseExecutor.runScript(TestCaseExecutor.java:337)&#xD;
	at com.kms.katalon.core.main.TestCaseExecutor.doExecute(TestCaseExecutor.java:328)&#xD;
	at com.kms.katalon.core.main.TestCaseExecutor.processExecutionPhase(TestCaseExecutor.java:307)&#xD;
	at com.kms.katalon.core.main.TestCaseExecutor.accessMainPhase(TestCaseExecutor.java:299)&#xD;
	at com.kms.katalon.core.main.TestCaseExecutor.execute(TestCaseExecutor.java:233)&#xD;
	at com.kms.katalon.core.main.TestCaseMain.runTestCase(TestCaseMain.java:114)&#xD;
	at com.kms.katalon.core.keyword.builtin.CallTestCaseKeyword$_callTestCase_closure1.doCall(CallTestCaseKeyword.groovy:59)&#xD;
	... 20 more&#xD;
Caused by: com.kms.katalon.core.exception.StepFailedException: com.kms.katalon.core.webui.exception.WebElementNotFoundException: Web element with id: 'Object Repository/mobileSanity/STM/Page_App Page 6/span_planName' located by 'By.xpath: id("js-app-confirmation")/div[@class="app-confirmation-main"]/div[@class="app-confirmation-container"]/p[@class="reset"]/span[@class="emphasize"]' not found&#xD;
	at com.kms.katalon.core.webui.keyword.internal.WebUIKeywordMain.stepFailed(WebUIKeywordMain.groovy:64)&#xD;
	at com.kms.katalon.core.webui.keyword.builtin.VerifyElementPresentKeyword$_verifyElementPresent_closure1.doCall(VerifyElementPresentKeyword.groovy:85)&#xD;
	at com.kms.katalon.core.webui.keyword.builtin.VerifyElementPresentKeyword$_verifyElementPresent_closure1.call(VerifyElementPresentKeyword.groovy)&#xD;
	at com.kms.katalon.core.webui.keyword.internal.WebUIKeywordMain.runKeyword(WebUIKeywordMain.groovy:20)&#xD;
	... 35 more&#xD;
&#xD;
&#xD;
2019-09-05 13:22:20 - [TEST_STEP][PASSED] - callTestCase(findTestCase("mobileWeb/_include/get_screenPath"), ["productLine":"stm", "carrierName":"National General"], CONTINUE_ON_FAILURE): Call Test Case 'Test Cases/mobileWeb/_include/get_screenPath' successfully&#xD;
&#xD;
2019-09-05 13:22:21 - [TEST_CASE][PASSED] - Test Cases/mobileWeb/_include/get_screenPath: Test Cases/mobileWeb/_include/get_screenPath&#xD;
&#xD;
2019-09-05 13:22:21 - [TEST_STEP][PASSED] - m = getExecutionProperties(): null&#xD;
&#xD;
2019-09-05 13:22:21 - [TEST_STEP][PASSED] - deviceName = get("mobileEmulation").get("deviceName"): null&#xD;
&#xD;
2019-09-05 13:22:21 - [TEST_STEP][PASSED] - println(deviceName): null&#xD;
&#xD;
2019-09-05 13:22:21 - [TEST_STEP][PASSED] - now = new java.util.Date(): null&#xD;
&#xD;
2019-09-05 13:22:21 - [TEST_STEP][PASSED] - mydate = now.format("yyyyMMdd_HHmmss"): null&#xD;
&#xD;
2019-09-05 13:22:21 - [TEST_STEP][PASSED] - screenPath = "../Screenshots/": null&#xD;
&#xD;
2019-09-05 13:22:21 - [TEST_STEP][PASSED] - screenPath = screenPath + deviceName + "/" + productLine + "/" + carrierName + "/" + mydate + "/": null&#xD;
&#xD;
2019-09-05 13:22:21 - [TEST_STEP][PASSED] - println(screenPath): null&#xD;
&#xD;
2019-09-05 13:22:21 - [MESSAGE][PASSED] - Call Test Case 'Test Cases/mobileWeb/_include/get_screenPath' successfully&#xD;
&#xD;
2019-09-05 13:22:21 - [TEST_STEP][PASSED] - i = 0: null&#xD;
&#xD;
2019-09-05 13:22:21 - [TEST_STEP][PASSED] - callTestCase(findTestCase("mobileWeb/_include/openWebSite"), [:], CONTINUE_ON_FAILURE): Call Test Case 'Test Cases/mobileWeb/_include/openWebSite' successfully&#xD;
&#xD;
2019-09-05 13:22:21 - [TEST_CASE][PASSED] - Test Cases/mobileWeb/_include/openWebSite: Test Cases/mobileWeb/_include/openWebSite&#xD;
&#xD;
2019-09-05 13:22:21 - [TEST_STEP][PASSED] - openBrowser(env): Browser is opened with url: 'https://praetemptatus.agilehealthinsurance.com'&#xD;
&#xD;
2019-09-05 13:22:21 - [MESSAGE][WARNING] - A browser is already opened. Closing browser and opening a new one&#xD;
&#xD;
2019-09-05 13:22:21 - [MESSAGE][INFO] - Starting 'Chrome' driver&#xD;
&#xD;
2019-09-05 13:22:21 - [MESSAGE][INFO] - User set preference: ['mobileEmulation', '{deviceName=iPhone X}']&#xD;
&#xD;
2019-09-05 13:22:21 - [MESSAGE][INFO] - User set preference: ['args', '[--incognito, --aggressive-cache-discard, --no-sandbox, --window-size=375,812]']&#xD;
&#xD;
2019-09-05 13:22:27 - [MESSAGE][PASSED] - Browser is opened with url: 'https://praetemptatus.agilehealthinsurance.com'&#xD;
&#xD;
2019-09-05 13:22:27 - [TEST_STEP][PASSED] - waitForPageLoad(20): Wait for page load successfully&#xD;
&#xD;
2019-09-05 13:22:27 - [MESSAGE][PASSED] - Wait for page load successfully&#xD;
&#xD;
2019-09-05 13:22:27 - [TEST_STEP][PASSED] - callTestCase(findTestCase("mobileWeb/_include/get_screenshot"), [:], STOP_ON_FAILURE): Call Test Case 'Test Cases/mobileWeb/_include/get_screenshot' successfully&#xD;
&#xD;
2019-09-05 13:22:27 - [TEST_CASE][PASSED] - Test Cases/mobileWeb/_include/get_screenshot: Test Cases/mobileWeb/_include/get_screenshot&#xD;
&#xD;
2019-09-05 13:22:27 - [TEST_STEP][PASSED] - takeScreenshot(screenPath + i + ".png"): Taking screenshot successfully&#xD;
&#xD;
2019-09-05 13:22:28 - [MESSAGE][PASSED] - Taking screenshot successfully&#xD;
[[ATTACHMENT|D:\\Test\\AgileTest\\AgileTest\\Reports\\mobileWeb\\stm\\20190905_131101\\../Screenshots/iPhone X/stm/National General/20190905_132221/0.png]]&#xD;
&#xD;
2019-09-05 13:22:28 - [TEST_STEP][PASSED] - (internal.GlobalVariable.i++): null&#xD;
&#xD;
2019-09-05 13:22:28 - [MESSAGE][PASSED] - Call Test Case 'Test Cases/mobileWeb/_include/get_screenshot' successfully&#xD;
&#xD;
2019-09-05 13:22:28 - [MESSAGE][PASSED] - Call Test Case 'Test Cases/mobileWeb/_include/openWebSite' successfully&#xD;
&#xD;
2019-09-05 13:22:28 - [TEST_STEP][PASSED] - callTestCase(findTestCase("mobileWeb/_include/census_stm"), [:], CONTINUE_ON_FAILURE): Call Test Case 'Test Cases/mobileWeb/_include/census_stm' successfully&#xD;
&#xD;
2019-09-05 13:22:29 - [TEST_CASE][PASSED] - Test Cases/mobileWeb/_include/census_stm: Test Cases/mobileWeb/_include/census_stm&#xD;
&#xD;
2019-09-05 13:22:29 - [TEST_STEP][PASSED] - waitForElementClickable(findTestObject("mobileSanity/STM/Home Page/a_Quote  Save Today"), 10): Object 'Object Repository/mobileSanity/STM/Home Page/a_Quote  Save Today' is clickable&#xD;
&#xD;
2019-09-05 13:22:29 - [MESSAGE][PASSED] - Object 'Object Repository/mobileSanity/STM/Home Page/a_Quote  Save Today' is clickable&#xD;
&#xD;
2019-09-05 13:22:29 - [TEST_STEP][PASSED] - click(findTestObject("mobileSanity/STM/Home Page/a_Quote  Save Today")): Object: 'Object Repository/mobileSanity/STM/Home Page/a_Quote  Save Today' is clicked on&#xD;
&#xD;
2019-09-05 13:22:30 - [MESSAGE][PASSED] - Object: 'Object Repository/mobileSanity/STM/Home Page/a_Quote  Save Today' is clicked on&#xD;
&#xD;
2019-09-05 13:22:30 - [TEST_STEP][PASSED] - waitForPageLoad(10): Wait for page load successfully&#xD;
&#xD;
2019-09-05 13:22:30 - [MESSAGE][PASSED] - Wait for page load successfully&#xD;
&#xD;
2019-09-05 13:22:30 - [TEST_STEP][PASSED] - callTestCase(findTestCase("mobileWeb/_include/get_screenshot"), [:], STOP_ON_FAILURE): Call Test Case 'Test Cases/mobileWeb/_include/get_screenshot' successfully&#xD;
&#xD;
2019-09-05 13:22:30 - [TEST_CASE][PASSED] - Test Cases/mobileWeb/_include/get_screenshot: Test Cases/mobileWeb/_include/get_screenshot&#xD;
&#xD;
2019-09-05 13:22:30 - [TEST_STEP][PASSED] - takeScreenshot(screenPath + i + ".png"): Taking screenshot successfully&#xD;
&#xD;
2019-09-05 13:22:31 - [MESSAGE][PASSED] - Taking screenshot successfully&#xD;
[[ATTACHMENT|D:\\Test\\AgileTest\\AgileTest\\Reports\\mobileWeb\\stm\\20190905_131101\\../Screenshots/iPhone X/stm/National General/20190905_132221/1.png]]&#xD;
&#xD;
2019-09-05 13:22:31 - [TEST_STEP][PASSED] - (internal.GlobalVariable.i++): null&#xD;
&#xD;
2019-09-05 13:22:31 - [MESSAGE][PASSED] - Call Test Case 'Test Cases/mobileWeb/_include/get_screenshot' successfully&#xD;
&#xD;
2019-09-05 13:22:31 - [TEST_STEP][PASSED] - setText(findTestObject("mobileSanity/STM/STM Census Page/input_Location_zip-input"), zipcode): Text '35215' is set on object 'Object Repository/mobileSanity/STM/STM Census Page/input_Location_zip-input'&#xD;
&#xD;
2019-09-05 13:22:32 - [MESSAGE][PASSED] - Text '35215' is set on object 'Object Repository/mobileSanity/STM/STM Census Page/input_Location_zip-input'&#xD;
&#xD;
2019-09-05 13:22:32 - [TEST_STEP][PASSED] - Thread.sleep(500): null&#xD;
&#xD;
2019-09-05 13:22:32 - [TEST_STEP][PASSED] - setText(findTestObject("mobileSanity/STM/STM Census Page/input_Date of Birth_dob-0"), "03031987"): Text '03031987' is set on object 'Object Repository/mobileSanity/STM/STM Census Page/input_Date of Birth_dob-0'&#xD;
&#xD;
2019-09-05 13:22:32 - [MESSAGE][PASSED] - Text '03031987' is set on object 'Object Repository/mobileSanity/STM/STM Census Page/input_Date of Birth_dob-0'&#xD;
&#xD;
2019-09-05 13:22:32 - [TEST_STEP][PASSED] - click(findTestObject("mobileSanity/STM/STM Census Page/label_Male")): Object: 'Object Repository/mobileSanity/STM/STM Census Page/label_Male' is clicked on&#xD;
&#xD;
2019-09-05 13:22:33 - [MESSAGE][PASSED] - Object: 'Object Repository/mobileSanity/STM/STM Census Page/label_Male' is clicked on&#xD;
&#xD;
2019-09-05 13:22:33 - [TEST_STEP][PASSED] - click(findTestObject("mobileSanity/STM/STM Census Page/label_Compare Plans")): Object: 'Object Repository/mobileSanity/STM/STM Census Page/label_Compare Plans' is clicked on&#xD;
&#xD;
2019-09-05 13:22:33 - [MESSAGE][PASSED] - Object: 'Object Repository/mobileSanity/STM/STM Census Page/label_Compare Plans' is clicked on&#xD;
&#xD;
2019-09-05 13:22:33 - [TEST_STEP][PASSED] - waitForElementVisible(findTestObject("mobileSanity/STM/STM Quote Page/button_sort"), 20): Object 'Object Repository/mobileSanity/STM/STM Quote Page/button_sort' is visible&#xD;
&#xD;
2019-09-05 13:22:38 - [MESSAGE][PASSED] - Object 'Object Repository/mobileSanity/STM/STM Quote Page/button_sort' is visible&#xD;
&#xD;
2019-09-05 13:22:38 - [TEST_STEP][PASSED] - Thread.sleep(3000): null&#xD;
&#xD;
2019-09-05 13:22:41 - [TEST_STEP][PASSED] - callTestCase(findTestCase("mobileWeb/_include/get_screenshot"), [:], STOP_ON_FAILURE): Call Test Case 'Test Cases/mobileWeb/_include/get_screenshot' successfully&#xD;
&#xD;
2019-09-05 13:22:41 - [TEST_CASE][PASSED] - Test Cases/mobileWeb/_include/get_screenshot: Test Cases/mobileWeb/_include/get_screenshot&#xD;
&#xD;
2019-09-05 13:22:41 - [TEST_STEP][PASSED] - takeScreenshot(screenPath + i + ".png"): Taking screenshot successfully&#xD;
&#xD;
2019-09-05 13:22:42 - [MESSAGE][PASSED] - Taking screenshot successfully&#xD;
[[ATTACHMENT|D:\\Test\\AgileTest\\AgileTest\\Reports\\mobileWeb\\stm\\20190905_131101\\../Screenshots/iPhone X/stm/National General/20190905_132221/2.png]]&#xD;
&#xD;
2019-09-05 13:22:42 - [TEST_STEP][PASSED] - (internal.GlobalVariable.i++): null&#xD;
&#xD;
2019-09-05 13:22:42 - [MESSAGE][PASSED] - Call Test Case 'Test Cases/mobileWeb/_include/get_screenshot' successfully&#xD;
&#xD;
2019-09-05 13:22:42 - [TEST_STEP][PASSED] - Thread.sleep(1000): null&#xD;
&#xD;
2019-09-05 13:22:43 - [MESSAGE][PASSED] - Call Test Case 'Test Cases/mobileWeb/_include/census_stm' successfully&#xD;
&#xD;
2019-09-05 13:22:43 - [TEST_STEP][PASSED] - callTestCase(findTestCase("mobileWeb/_include/filter_stm"), ["carrier":"nationalgeneral"], STOP_ON_FAILURE): Call Test Case 'Test Cases/mobileWeb/_include/filter_stm' successfully&#xD;
&#xD;
2019-09-05 13:22:43 - [TEST_CASE][PASSED] - Test Cases/mobileWeb/_include/filter_stm: Test Cases/mobileWeb/_include/filter_stm&#xD;
&#xD;
2019-09-05 13:22:43 - [TEST_STEP][PASSED] - driver = getWebDriver(): null&#xD;
&#xD;
2019-09-05 13:22:43 - [TEST_STEP][PASSED] - selenium = new com.thoughtworks.selenium.webdriven.WebDriverBackedSelenium(driver, internal.GlobalVariable.ENV): null&#xD;
&#xD;
2019-09-05 13:22:43 - [TEST_STEP][PASSED] - Thread.sleep(1000): null&#xD;
&#xD;
2019-09-05 13:22:44 - [TEST_STEP][PASSED] - click(findTestObject("mobileSanity/STM/STM Quote Page/button_filters")): Object: 'Object Repository/mobileSanity/STM/STM Quote Page/button_filters' is clicked on&#xD;
&#xD;
2019-09-05 13:22:45 - [MESSAGE][PASSED] - Object: 'Object Repository/mobileSanity/STM/STM Quote Page/button_filters' is clicked on&#xD;
&#xD;
2019-09-05 13:22:45 - [TEST_STEP][PASSED] - Thread.sleep(1000): null&#xD;
&#xD;
2019-09-05 13:22:46 - [TEST_STEP][PASSED] - click(findTestObject("mobileSanity/STM/STM Quote Page/i_Insurance company")): Object: 'Object Repository/mobileSanity/STM/STM Quote Page/i_Insurance company' is clicked on&#xD;
&#xD;
2019-09-05 13:22:46 - [MESSAGE][PASSED] - Object: 'Object Repository/mobileSanity/STM/STM Quote Page/i_Insurance company' is clicked on&#xD;
&#xD;
2019-09-05 13:22:46 - [TEST_STEP][PASSED] - Thread.sleep(1000): null&#xD;
&#xD;
2019-09-05 13:22:47 - [TEST_STEP][PASSED] - filter_carrier = "//input[@name='filter[carrier]' and @value='" + carrier + "']/following::label": null&#xD;
&#xD;
2019-09-05 13:22:47 - [TEST_STEP][PASSED] - println(filter_carrier): null&#xD;
&#xD;
2019-09-05 13:22:47 - [TEST_STEP][PASSED] - test.MobileKeywords.clickJS_ByXpath(filter_carrier): test.MobileKeywords.clickJS_ByXpath is PASSED&#xD;
&#xD;
2019-09-05 13:22:47 - [MESSAGE][PASSED] - Execute JavaScript 'arguments[0].click()' successfully&#xD;
&#xD;
2019-09-05 13:22:47 - [MESSAGE][PASSED] - test.MobileKeywords.clickJS_ByXpath is PASSED&#xD;
&#xD;
2019-09-05 13:22:47 - [TEST_STEP][PASSED] - Thread.sleep(1000): null&#xD;
&#xD;
2019-09-05 13:22:48 - [TEST_STEP][PASSED] - scrollToElement(findTestObject("mobileSanity/STM/STM Quote Page/a_Show Plans"), 1000): Scroll to object 'Object Repository/mobileSanity/STM/STM Quote Page/a_Show Plans' successfully&#xD;
&#xD;
2019-09-05 13:22:48 - [MESSAGE][PASSED] - Scroll to object 'Object Repository/mobileSanity/STM/STM Quote Page/a_Show Plans' successfully&#xD;
&#xD;
2019-09-05 13:22:48 - [TEST_STEP][PASSED] - click(findTestObject("mobileSanity/STM/STM Quote Page/a_Show Plans")): Object: 'Object Repository/mobileSanity/STM/STM Quote Page/a_Show Plans' is clicked on&#xD;
&#xD;
2019-09-05 13:22:48 - [MESSAGE][PASSED] - Object: 'Object Repository/mobileSanity/STM/STM Quote Page/a_Show Plans' is clicked on&#xD;
&#xD;
2019-09-05 13:22:48 - [TEST_STEP][PASSED] - waitForJQueryLoad(20, STOP_ON_FAILURE): jQuery is ready.&#xD;
&#xD;
2019-09-05 13:22:49 - [MESSAGE][PASSED] - jQuery is ready.&#xD;
&#xD;
2019-09-05 13:22:49 - [TEST_STEP][PASSED] - Thread.sleep(2000): null&#xD;
&#xD;
2019-09-05 13:22:51 - [TEST_STEP][PASSED] - callTestCase(findTestCase("mobileWeb/_include/get_screenshot"), [:], STOP_ON_FAILURE): Call Test Case 'Test Cases/mobileWeb/_include/get_screenshot' successfully&#xD;
&#xD;
2019-09-05 13:22:51 - [TEST_CASE][PASSED] - Test Cases/mobileWeb/_include/get_screenshot: Test Cases/mobileWeb/_include/get_screenshot&#xD;
&#xD;
2019-09-05 13:22:51 - [TEST_STEP][PASSED] - takeScreenshot(screenPath + i + ".png"): Taking screenshot successfully&#xD;
&#xD;
2019-09-05 13:22:52 - [MESSAGE][PASSED] - Taking screenshot successfully&#xD;
[[ATTACHMENT|D:\\Test\\AgileTest\\AgileTest\\Reports\\mobileWeb\\stm\\20190905_131101\\../Screenshots/iPhone X/stm/National General/20190905_132221/3.png]]&#xD;
&#xD;
2019-09-05 13:22:52 - [TEST_STEP][PASSED] - (internal.GlobalVariable.i++): null&#xD;
&#xD;
2019-09-05 13:22:52 - [MESSAGE][PASSED] - Call Test Case 'Test Cases/mobileWeb/_include/get_screenshot' successfully&#xD;
&#xD;
2019-09-05 13:22:52 - [MESSAGE][PASSED] - Call Test Case 'Test Cases/mobileWeb/_include/filter_stm' successfully&#xD;
&#xD;
2019-09-05 13:22:52 - [TEST_STEP][PASSED] - callTestCase(findTestCase("mobileWeb/_include/goToDetail_stm"), ["carrier":"nationalgeneral"], STOP_ON_FAILURE): Call Test Case 'Test Cases/mobileWeb/_include/goToDetail_stm' successfully&#xD;
&#xD;
2019-09-05 13:22:52 - [TEST_CASE][PASSED] - Test Cases/mobileWeb/_include/goToDetail_stm: Test Cases/mobileWeb/_include/goToDetail_stm&#xD;
&#xD;
2019-09-05 13:22:52 - [TEST_STEP][PASSED] - driver = getWebDriver(): null&#xD;
&#xD;
2019-09-05 13:22:52 - [TEST_STEP][PASSED] - selenium = new com.thoughtworks.selenium.webdriven.WebDriverBackedSelenium(driver, internal.GlobalVariable.ENV): null&#xD;
&#xD;
2019-09-05 13:22:52 - [TEST_STEP][PASSED] - a_plan_name = "xpath=//a[contains(@href,'/term-health-insurance/plan/" + carrier + "')]": null&#xD;
&#xD;
2019-09-05 13:22:52 - [TEST_STEP][PASSED] - println(a_plan_name): null&#xD;
&#xD;
2019-09-05 13:22:52 - [TEST_STEP][PASSED] - selenium.click(a_plan_name): null&#xD;
&#xD;
2019-09-05 13:22:56 - [TEST_STEP][PASSED] - waitForPageLoad(20): Wait for page load successfully&#xD;
&#xD;
2019-09-05 13:22:56 - [MESSAGE][PASSED] - Wait for page load successfully&#xD;
&#xD;
2019-09-05 13:22:56 - [TEST_STEP][PASSED] - Thread.sleep(2000): null&#xD;
&#xD;
2019-09-05 13:22:58 - [TEST_STEP][PASSED] - callTestCase(findTestCase("mobileWeb/_include/get_screenshot"), [:], STOP_ON_FAILURE): Call Test Case 'Test Cases/mobileWeb/_include/get_screenshot' successfully&#xD;
&#xD;
2019-09-05 13:22:58 - [TEST_CASE][PASSED] - Test Cases/mobileWeb/_include/get_screenshot: Test Cases/mobileWeb/_include/get_screenshot&#xD;
&#xD;
2019-09-05 13:22:58 - [TEST_STEP][PASSED] - takeScreenshot(screenPath + i + ".png"): Taking screenshot successfully&#xD;
&#xD;
2019-09-05 13:22:59 - [MESSAGE][PASSED] - Taking screenshot successfully&#xD;
[[ATTACHMENT|D:\\Test\\AgileTest\\AgileTest\\Reports\\mobileWeb\\stm\\20190905_131101\\../Screenshots/iPhone X/stm/National General/20190905_132221/4.png]]&#xD;
&#xD;
2019-09-05 13:22:59 - [TEST_STEP][PASSED] - (internal.GlobalVariable.i++): null&#xD;
&#xD;
2019-09-05 13:22:59 - [MESSAGE][PASSED] - Call Test Case 'Test Cases/mobileWeb/_include/get_screenshot' successfully&#xD;
&#xD;
2019-09-05 13:22:59 - [MESSAGE][PASSED] - Call Test Case 'Test Cases/mobileWeb/_include/goToDetail_stm' successfully&#xD;
&#xD;
2019-09-05 13:22:59 - [TEST_STEP][PASSED] - callTestCase(findTestCase("mobileWeb/_include/apply_stm"), [:], STOP_ON_FAILURE): Call Test Case 'Test Cases/mobileWeb/_include/apply_stm' successfully&#xD;
&#xD;
2019-09-05 13:22:59 - [TEST_CASE][PASSED] - Test Cases/mobileWeb/_include/apply_stm: Test Cases/mobileWeb/_include/apply_stm&#xD;
&#xD;
2019-09-05 13:22:59 - [TEST_STEP][PASSED] - waitForElementVisible(findTestObject("mobileSanity/STM/STM PlanDetail Page/a_Apply for This Plan"), 5): Object 'Object Repository/mobileSanity/STM/STM PlanDetail Page/a_Apply for This Plan' is visible&#xD;
&#xD;
2019-09-05 13:22:59 - [MESSAGE][PASSED] - Object 'Object Repository/mobileSanity/STM/STM PlanDetail Page/a_Apply for This Plan' is visible&#xD;
&#xD;
2019-09-05 13:22:59 - [TEST_STEP][PASSED] - click(findTestObject("mobileSanity/STM/STM PlanDetail Page/a_Apply for This Plan")): Object: 'Object Repository/mobileSanity/STM/STM PlanDetail Page/a_Apply for This Plan' is clicked on&#xD;
&#xD;
2019-09-05 13:23:00 - [MESSAGE][PASSED] - Object: 'Object Repository/mobileSanity/STM/STM PlanDetail Page/a_Apply for This Plan' is clicked on&#xD;
&#xD;
2019-09-05 13:23:00 - [TEST_STEP][PASSED] - waitForPageLoad(10): Wait for page load successfully&#xD;
&#xD;
2019-09-05 13:23:00 - [MESSAGE][PASSED] - Wait for page load successfully&#xD;
&#xD;
2019-09-05 13:23:00 - [TEST_STEP][PASSED] - Thread.sleep(2000): null&#xD;
&#xD;
2019-09-05 13:23:02 - [TEST_STEP][PASSED] - callTestCase(findTestCase("mobileWeb/_include/get_screenshot"), [:], STOP_ON_FAILURE): Call Test Case 'Test Cases/mobileWeb/_include/get_screenshot' successfully&#xD;
&#xD;
2019-09-05 13:23:03 - [TEST_CASE][PASSED] - Test Cases/mobileWeb/_include/get_screenshot: Test Cases/mobileWeb/_include/get_screenshot&#xD;
&#xD;
2019-09-05 13:23:03 - [TEST_STEP][PASSED] - takeScreenshot(screenPath + i + ".png"): Taking screenshot successfully&#xD;
&#xD;
2019-09-05 13:23:03 - [MESSAGE][PASSED] - Taking screenshot successfully&#xD;
[[ATTACHMENT|D:\\Test\\AgileTest\\AgileTest\\Reports\\mobileWeb\\stm\\20190905_131101\\../Screenshots/iPhone X/stm/National General/20190905_132221/5.png]]&#xD;
&#xD;
2019-09-05 13:23:03 - [TEST_STEP][PASSED] - (internal.GlobalVariable.i++): null&#xD;
&#xD;
2019-09-05 13:23:03 - [MESSAGE][PASSED] - Call Test Case 'Test Cases/mobileWeb/_include/get_screenshot' successfully&#xD;
&#xD;
2019-09-05 13:23:03 - [TEST_STEP][PASSED] - waitForElementVisible(findTestObject("mobileSanity/STM/STM Apply Page/a_Start Secure Application"), 5): Object 'Object Repository/mobileSanity/STM/STM Apply Page/a_Start Secure Application' is visible&#xD;
&#xD;
2019-09-05 13:23:03 - [MESSAGE][PASSED] - Object 'Object Repository/mobileSanity/STM/STM Apply Page/a_Start Secure Application' is visible&#xD;
&#xD;
2019-09-05 13:23:03 - [TEST_STEP][PASSED] - click(findTestObject("mobileSanity/STM/STM Apply Page/a_Start Secure Application")): Object: 'Object Repository/mobileSanity/STM/STM Apply Page/a_Start Secure Application' is clicked on&#xD;
&#xD;
2019-09-05 13:23:05 - [MESSAGE][PASSED] - Object: 'Object Repository/mobileSanity/STM/STM Apply Page/a_Start Secure Application' is clicked on&#xD;
&#xD;
2019-09-05 13:23:05 - [TEST_STEP][PASSED] - waitForPageLoad(20): Wait for page load successfully&#xD;
&#xD;
2019-09-05 13:23:05 - [MESSAGE][PASSED] - Wait for page load successfully&#xD;
&#xD;
2019-09-05 13:23:05 - [TEST_STEP][PASSED] - Thread.sleep(2000): null&#xD;
&#xD;
2019-09-05 13:23:07 - [TEST_STEP][PASSED] - callTestCase(findTestCase("mobileWeb/_include/get_screenshot"), [:], STOP_ON_FAILURE): Call Test Case 'Test Cases/mobileWeb/_include/get_screenshot' successfully&#xD;
&#xD;
2019-09-05 13:23:07 - [TEST_CASE][PASSED] - Test Cases/mobileWeb/_include/get_screenshot: Test Cases/mobileWeb/_include/get_screenshot&#xD;
&#xD;
2019-09-05 13:23:07 - [TEST_STEP][PASSED] - takeScreenshot(screenPath + i + ".png"): Taking screenshot successfully&#xD;
&#xD;
2019-09-05 13:23:08 - [MESSAGE][PASSED] - Taking screenshot successfully&#xD;
[[ATTACHMENT|D:\\Test\\AgileTest\\AgileTest\\Reports\\mobileWeb\\stm\\20190905_131101\\../Screenshots/iPhone X/stm/National General/20190905_132221/6.png]]&#xD;
&#xD;
2019-09-05 13:23:08 - [TEST_STEP][PASSED] - (internal.GlobalVariable.i++): null&#xD;
&#xD;
2019-09-05 13:23:08 - [MESSAGE][PASSED] - Call Test Case 'Test Cases/mobileWeb/_include/get_screenshot' successfully&#xD;
&#xD;
2019-09-05 13:23:08 - [MESSAGE][PASSED] - Call Test Case 'Test Cases/mobileWeb/_include/apply_stm' successfully&#xD;
&#xD;
2019-09-05 13:23:08 - [TEST_STEP][FAILED] - callTestCase(findTestCase("mobileWeb/_include/goToEnd_stm_autofill"), [:], STOP_ON_FAILURE): Unable to call Test Case 'Test Cases/mobileWeb/_include/goToEnd_stm_autofill' (Root cause: com.kms.katalon.core.exception.StepFailedException: Call Test Case 'Test Cases/mobileWeb/_include/goToEnd_stm_autofill' failed&#xD;
	at com.kms.katalon.core.keyword.builtin.CallTestCaseKeyword$_callTestCase_closure1.doCall(CallTestCaseKeyword.groovy:63)&#xD;
	at com.kms.katalon.core.keyword.builtin.CallTestCaseKeyword$_callTestCase_closure1.call(CallTestCaseKeyword.groovy)&#xD;
	at com.kms.katalon.core.keyword.internal.KeywordMain.runKeyword(KeywordMain.groovy:68)&#xD;
	at com.kms.katalon.core.keyword.builtin.CallTestCaseKeyword.callTestCase(CallTestCaseKeyword.groovy:81)&#xD;
	at com.kms.katalon.core.keyword.builtin.CallTestCaseKeyword.execute(CallTestCaseKeyword.groovy:44)&#xD;
	at com.kms.katalon.core.keyword.internal.KeywordExecutor.executeKeywordForPlatform(KeywordExecutor.groovy:56)&#xD;
	at com.kms.katalon.core.keyword.BuiltinKeywords.callTestCase(BuiltinKeywords.groovy:334)&#xD;
	at NationalGeneral.run(NationalGeneral:31)&#xD;
	at com.kms.katalon.core.main.ScriptEngine.run(ScriptEngine.java:194)&#xD;
	at com.kms.katalon.core.main.ScriptEngine.runScriptAsRawText(ScriptEngine.java:119)&#xD;
	at com.kms.katalon.core.main.TestCaseExecutor.runScript(TestCaseExecutor.java:337)&#xD;
	at com.kms.katalon.core.main.TestCaseExecutor.doExecute(TestCaseExecutor.java:328)&#xD;
	at com.kms.katalon.core.main.TestCaseExecutor.processExecutionPhase(TestCaseExecutor.java:307)&#xD;
	at com.kms.katalon.core.main.TestCaseExecutor.accessMainPhase(TestCaseExecutor.java:299)&#xD;
	at com.kms.katalon.core.main.TestCaseExecutor.execute(TestCaseExecutor.java:233)&#xD;
	at com.kms.katalon.core.main.TestSuiteExecutor.accessTestCaseMainPhase(TestSuiteExecutor.java:133)&#xD;
	at com.kms.katalon.core.main.TestSuiteExecutor.accessTestSuiteMainPhase(TestSuiteExecutor.java:116)&#xD;
	at com.kms.katalon.core.main.TestSuiteExecutor.execute(TestSuiteExecutor.java:83)&#xD;
	at com.kms.katalon.core.main.TestCaseMain.startTestSuite(TestCaseMain.java:157)&#xD;
	at com.kms.katalon.core.main.TestCaseMain$startTestSuite$0.call(Unknown Source)&#xD;
	at TempTestSuite1567660261320.run(TempTestSuite1567660261320.groovy:35)&#xD;
Caused by: com.kms.katalon.core.exception.StepFailedException: Unable to verify object 'Object Repository/mobileSanity/STM/Page_App Page 6/span_planName' is present&#xD;
	at com.kms.katalon.core.webui.keyword.internal.WebUIKeywordMain.stepFailed(WebUIKeywordMain.groovy:64)&#xD;
	at com.kms.katalon.core.webui.keyword.internal.WebUIKeywordMain.runKeyword(WebUIKeywordMain.groovy:26)&#xD;
	at com.kms.katalon.core.webui.keyword.builtin.VerifyElementPresentKeyword.verifyElementPresent(VerifyElementPresentKeyword.groovy:92)&#xD;
	at com.kms.katalon.core.webui.keyword.builtin.VerifyElementPresentKeyword.execute(VerifyElementPresentKeyword.groovy:68)&#xD;
	at com.kms.katalon.core.keyword.internal.KeywordExecutor.executeKeywordForPlatform(KeywordExecutor.groovy:56)&#xD;
	at com.kms.katalon.core.webui.keyword.WebUiBuiltInKeywords.verifyElementPresent(WebUiBuiltInKeywords.groovy:1434)&#xD;
	at com.kms.katalon.core.webui.keyword.WebUiBuiltInKeywords$verifyElementPresent$12.call(Unknown Source)&#xD;
	at goToEnd_stm_autofill.run(goToEnd_stm_autofill:99)&#xD;
	at com.kms.katalon.core.main.ScriptEngine.run(ScriptEngine.java:194)&#xD;
	at com.kms.katalon.core.main.ScriptEngine.runScriptAsRawText(ScriptEngine.java:119)&#xD;
	at com.kms.katalon.core.main.TestCaseExecutor.runScript(TestCaseExecutor.java:337)&#xD;
	at com.kms.katalon.core.main.TestCaseExecutor.doExecute(TestCaseExecutor.java:328)&#xD;
	at com.kms.katalon.core.main.TestCaseExecutor.processExecutionPhase(TestCaseExecutor.java:307)&#xD;
	at com.kms.katalon.core.main.TestCaseExecutor.accessMainPhase(TestCaseExecutor.java:299)&#xD;
	at com.kms.katalon.core.main.TestCaseExecutor.execute(TestCaseExecutor.java:233)&#xD;
	at com.kms.katalon.core.main.TestCaseMain.runTestCase(TestCaseMain.java:114)&#xD;
	at com.kms.katalon.core.keyword.builtin.CallTestCaseKeyword$_callTestCase_closure1.doCall(CallTestCaseKeyword.groovy:59)&#xD;
	... 20 more&#xD;
Caused by: com.kms.katalon.core.exception.StepFailedException: com.kms.katalon.core.webui.exception.WebElementNotFoundException: Web element with id: 'Object Repository/mobileSanity/STM/Page_App Page 6/span_planName' located by 'By.xpath: id("js-app-confirmation")/div[@class="app-confirmation-main"]/div[@class="app-confirmation-container"]/p[@class="reset"]/span[@class="emphasize"]' not found&#xD;
	at com.kms.katalon.core.webui.keyword.internal.WebUIKeywordMain.stepFailed(WebUIKeywordMain.groovy:64)&#xD;
	at com.kms.katalon.core.webui.keyword.builtin.VerifyElementPresentKeyword$_verifyElementPresent_closure1.doCall(VerifyElementPresentKeyword.groovy:85)&#xD;
	at com.kms.katalon.core.webui.keyword.builtin.VerifyElementPresentKeyword$_verifyElementPresent_closure1.call(VerifyElementPresentKeyword.groovy)&#xD;
	at com.kms.katalon.core.webui.keyword.internal.WebUIKeywordMain.runKeyword(WebUIKeywordMain.groovy:20)&#xD;
	... 35 more&#xD;
)&#xD;
&#xD;
2019-09-05 13:23:08 - [TEST_CASE][FAILED] - Test Cases/mobileWeb/_include/goToEnd_stm_autofill: Test Cases/mobileWeb/_include/goToEnd_stm_autofill FAILED.
Reason:
com.kms.katalon.core.exception.StepFailedException: Unable to verify object 'Object Repository/mobileSanity/STM/Page_App Page 6/span_planName' is present&#xD;
	at com.kms.katalon.core.webui.keyword.internal.WebUIKeywordMain.stepFailed(WebUIKeywordMain.groovy:64)&#xD;
	at com.kms.katalon.core.webui.keyword.internal.WebUIKeywordMain.runKeyword(WebUIKeywordMain.groovy:26)&#xD;
	at com.kms.katalon.core.webui.keyword.builtin.VerifyElementPresentKeyword.verifyElementPresent(VerifyElementPresentKeyword.groovy:92)&#xD;
	at com.kms.katalon.core.webui.keyword.builtin.VerifyElementPresentKeyword.execute(VerifyElementPresentKeyword.groovy:68)&#xD;
	at com.kms.katalon.core.keyword.internal.KeywordExecutor.executeKeywordForPlatform(KeywordExecutor.groovy:56)&#xD;
	at com.kms.katalon.core.webui.keyword.WebUiBuiltInKeywords.verifyElementPresent(WebUiBuiltInKeywords.groovy:1434)&#xD;
	at com.kms.katalon.core.webui.keyword.WebUiBuiltInKeywords$verifyElementPresent$12.call(Unknown Source)&#xD;
	at goToEnd_stm_autofill.run(goToEnd_stm_autofill:99)&#xD;
	at com.kms.katalon.core.main.ScriptEngine.run(ScriptEngine.java:194)&#xD;
	at com.kms.katalon.core.main.ScriptEngine.runScriptAsRawText(ScriptEngine.java:119)&#xD;
	at com.kms.katalon.core.main.TestCaseExecutor.runScript(TestCaseExecutor.java:337)&#xD;
	at com.kms.katalon.core.main.TestCaseExecutor.doExecute(TestCaseExecutor.java:328)&#xD;
	at com.kms.katalon.core.main.TestCaseExecutor.processExecutionPhase(TestCaseExecutor.java:307)&#xD;
	at com.kms.katalon.core.main.TestCaseExecutor.accessMainPhase(TestCaseExecutor.java:299)&#xD;
	at com.kms.katalon.core.main.TestCaseExecutor.execute(TestCaseExecutor.java:233)&#xD;
	at com.kms.katalon.core.main.TestCaseMain.runTestCase(TestCaseMain.java:114)&#xD;
	at com.kms.katalon.core.keyword.builtin.CallTestCaseKeyword$_callTestCase_closure1.doCall(CallTestCaseKeyword.groovy:59)&#xD;
	at com.kms.katalon.core.keyword.builtin.CallTestCaseKeyword$_callTestCase_closure1.call(CallTestCaseKeyword.groovy)&#xD;
	at com.kms.katalon.core.keyword.internal.KeywordMain.runKeyword(KeywordMain.groovy:68)&#xD;
	at com.kms.katalon.core.keyword.builtin.CallTestCaseKeyword.callTestCase(CallTestCaseKeyword.groovy:81)&#xD;
	at com.kms.katalon.core.keyword.builtin.CallTestCaseKeyword.execute(CallTestCaseKeyword.groovy:44)&#xD;
	at com.kms.katalon.core.keyword.internal.KeywordExecutor.executeKeywordForPlatform(KeywordExecutor.groovy:56)&#xD;
	at com.kms.katalon.core.keyword.BuiltinKeywords.callTestCase(BuiltinKeywords.groovy:334)&#xD;
	at NationalGeneral.run(NationalGeneral:31)&#xD;
	at com.kms.katalon.core.main.ScriptEngine.run(ScriptEngine.java:194)&#xD;
	at com.kms.katalon.core.main.ScriptEngine.runScriptAsRawText(ScriptEngine.java:119)&#xD;
	at com.kms.katalon.core.main.TestCaseExecutor.runScript(TestCaseExecutor.java:337)&#xD;
	at com.kms.katalon.core.main.TestCaseExecutor.doExecute(TestCaseExecutor.java:328)&#xD;
	at com.kms.katalon.core.main.TestCaseExecutor.processExecutionPhase(TestCaseExecutor.java:307)&#xD;
	at com.kms.katalon.core.main.TestCaseExecutor.accessMainPhase(TestCaseExecutor.java:299)&#xD;
	at com.kms.katalon.core.main.TestCaseExecutor.execute(TestCaseExecutor.java:233)&#xD;
	at com.kms.katalon.core.main.TestSuiteExecutor.accessTestCaseMainPhase(TestSuiteExecutor.java:133)&#xD;
	at com.kms.katalon.core.main.TestSuiteExecutor.accessTestSuiteMainPhase(TestSuiteExecutor.java:116)&#xD;
	at com.kms.katalon.core.main.TestSuiteExecutor.execute(TestSuiteExecutor.java:83)&#xD;
	at com.kms.katalon.core.main.TestCaseMain.startTestSuite(TestCaseMain.java:157)&#xD;
	at com.kms.katalon.core.main.TestCaseMain$startTestSuite$0.call(Unknown Source)&#xD;
	at TempTestSuite1567660261320.run(TempTestSuite1567660261320.groovy:35)&#xD;
Caused by: com.kms.katalon.core.exception.StepFailedException: com.kms.katalon.core.webui.exception.WebElementNotFoundException: Web element with id: 'Object Repository/mobileSanity/STM/Page_App Page 6/span_planName' located by 'By.xpath: id("js-app-confirmation")/div[@class="app-confirmation-main"]/div[@class="app-confirmation-container"]/p[@class="reset"]/span[@class="emphasize"]' not found&#xD;
	at com.kms.katalon.core.webui.keyword.internal.WebUIKeywordMain.stepFailed(WebUIKeywordMain.groovy:64)&#xD;
	at com.kms.katalon.core.webui.keyword.builtin.VerifyElementPresentKeyword$_verifyElementPresent_closure1.doCall(VerifyElementPresentKeyword.groovy:85)&#xD;
	at com.kms.katalon.core.webui.keyword.builtin.VerifyElementPresentKeyword$_verifyElementPresent_closure1.call(VerifyElementPresentKeyword.groovy)&#xD;
	at com.kms.katalon.core.webui.keyword.internal.WebUIKeywordMain.runKeyword(WebUIKeywordMain.groovy:20)&#xD;
	... 35 more&#xD;
&#xD;
&#xD;
2019-09-05 13:23:08 - [TEST_STEP][PASSED] - callTestCase(findTestCase("mobileWeb/_include/name"), [:], CONTINUE_ON_FAILURE): Call Test Case 'Test Cases/mobileWeb/_include/name' successfully&#xD;
&#xD;
2019-09-05 13:23:08 - [TEST_CASE][PASSED] - Test Cases/mobileWeb/_include/name: Test Cases/mobileWeb/_include/name&#xD;
&#xD;
2019-09-05 13:23:08 - [TEST_STEP][PASSED] - driver = getWebDriver(): null&#xD;
&#xD;
2019-09-05 13:23:08 - [TEST_STEP][PASSED] - selenium = new com.thoughtworks.selenium.webdriven.WebDriverBackedSelenium(driver, internal.GlobalVariable.ENV): null&#xD;
&#xD;
2019-09-05 13:23:08 - [TEST_STEP][PASSED] - FirstName = "Test-123": null&#xD;
&#xD;
2019-09-05 13:23:08 - [TEST_STEP][PASSED] - LastName = selenium.getEval("{var x="ABCDEFGHIJKLMNOPQRSTUVWXYZabcdefghijklmnopqrstuvwxyz"; var tmp="ZZ11-"; for (i=0;i&lt;8;i++) tmp+=x.charAt(Math.ceil(51*Math.random()));tmp;}"): null&#xD;
&#xD;
2019-09-05 13:23:08 - [TEST_STEP][PASSED] - Address = selenium.getEval("{var x="ABCDEFGHIJKLMNOPQRSTUVWXYZabcdefghijklmnopqrstuvwxyz"; var tmp=""; for (i=0;i&lt;8;i++) tmp+=x.charAt(Math.ceil(51*Math.random()));tmp;}"): null&#xD;
&#xD;
2019-09-05 13:23:08 - [TEST_STEP][PASSED] - City = selenium.getEval("{var x="ABCDEFGHIJKLMNOPQRSTUVWXYZabcdefghijklmnopqrstuvwxyz"; var tmp=""; for (i=0;i&lt;8;i++) tmp+=x.charAt(Math.ceil(51*Math.random()));tmp;}"): null&#xD;
&#xD;
2019-09-05 13:23:08 - [TEST_STEP][PASSED] - tel1 = selenium.getEval("{var x="123456789"; var tmp=""; for (i=0;i&lt;3;i++) tmp+=x.charAt(Math.ceil(8*Math.random()));tmp;}"): null&#xD;
&#xD;
2019-09-05 13:23:08 - [TEST_STEP][PASSED] - tel2 = selenium.getEval("{var x="123456789"; var tmp=""; for (i=0;i&lt;3;i++) tmp+=x.charAt(Math.ceil(8*Math.random()));tmp;}"): null&#xD;
&#xD;
2019-09-05 13:23:08 - [TEST_STEP][PASSED] - tel3 = selenium.getEval("{var x="123456789"; var tmp=""; for (i=0;i&lt;4;i++) tmp+=x.charAt(Math.ceil(8*Math.random()));tmp;}"): null&#xD;
&#xD;
2019-09-05 13:23:08 - [TEST_STEP][PASSED] - Tel = selenium.getExpression(tel1 + "-" + tel2 + "-" + tel3): null&#xD;
&#xD;
2019-09-05 13:23:08 - [TEST_STEP][PASSED] - AutoEmail = selenium.getEval("{var x="ABCDEFGHIJKLMNOPQRSTUVWXYZabcdefghijklmnopqrstuvwxyz"; var tmp="test."; for (i=0;i&lt;8;i++) tmp+=x.charAt(Math.ceil(51*Math.random()));tmp+="@suryani.cn";}"): null&#xD;
&#xD;
2019-09-05 13:23:08 - [TEST_STEP][PASSED] - FirstName = FirstName: null&#xD;
&#xD;
2019-09-05 13:23:08 - [TEST_STEP][PASSED] - LastName = LastName: null&#xD;
&#xD;
2019-09-05 13:23:08 - [TEST_STEP][PASSED] - Address = Address: null&#xD;
&#xD;
2019-09-05 13:23:08 - [TEST_STEP][PASSED] - City = City: null&#xD;
&#xD;
2019-09-05 13:23:08 - [TEST_STEP][PASSED] - Tel = Tel: null&#xD;
&#xD;
2019-09-05 13:23:08 - [TEST_STEP][PASSED] - AutoEmail = AutoEmail: null&#xD;
&#xD;
2019-09-05 13:23:08 - [TEST_STEP][PASSED] - println(FirstName): null&#xD;
&#xD;
2019-09-05 13:23:08 - [TEST_STEP][PASSED] - println(LastName): null&#xD;
&#xD;
2019-09-05 13:23:08 - [TEST_STEP][PASSED] - println(Address): null&#xD;
&#xD;
2019-09-05 13:23:08 - [TEST_STEP][PASSED] - println(City): null&#xD;
&#xD;
2019-09-05 13:23:08 - [TEST_STEP][PASSED] - println(Tel): null&#xD;
&#xD;
2019-09-05 13:23:08 - [TEST_STEP][PASSED] - println(AutoEmail): null&#xD;
&#xD;
2019-09-05 13:23:08 - [MESSAGE][PASSED] - Call Test Case 'Test Cases/mobileWeb/_include/name' successfully&#xD;
&#xD;
2019-09-05 13:23:08 - [TEST_STEP][PASSED] - try: Call Test Case 'Test Cases/mobileWeb/_include/get_screenshot' successfully&#xD;
&#xD;
2019-09-05 13:23:08 - [TEST_STEP][PASSED] - if (verifyTextPresent("Month Duration Acknowledgement", false)): Call Test Case 'Test Cases/mobileWeb/_include/get_screenshot' successfully&#xD;
&#xD;
2019-09-05 13:23:08 - [MESSAGE][PASSED] - Text 'Month Duration Acknowledgement' is present on page &#xD;
&#xD;
2019-09-05 13:23:08 - [TEST_STEP][PASSED] - click(findTestObject("mobileSanity/STM/Page_App Page 1/label_By checking this box I u")): Object: 'Object Repository/mobileSanity/STM/Page_App Page 1/label_By checking this box I u' is clicked on&#xD;
&#xD;
2019-09-05 13:23:09 - [MESSAGE][PASSED] - Object: 'Object Repository/mobileSanity/STM/Page_App Page 1/label_By checking this box I u' is clicked on&#xD;
&#xD;
2019-09-05 13:23:09 - [TEST_STEP][PASSED] - click(findTestObject("mobileSanity/STM/Page_App Page 1/button_Continue to Application")): Object: 'Object Repository/mobileSanity/STM/Page_App Page 1/button_Continue to Application' is clicked on&#xD;
&#xD;
2019-09-05 13:23:10 - [MESSAGE][PASSED] - Object: 'Object Repository/mobileSanity/STM/Page_App Page 1/button_Continue to Application' is clicked on&#xD;
&#xD;
2019-09-05 13:23:10 - [TEST_STEP][PASSED] - waitForPageLoad(20): Wait for page load successfully&#xD;
&#xD;
2019-09-05 13:23:11 - [MESSAGE][PASSED] - Wait for page load successfully&#xD;
&#xD;
2019-09-05 13:23:11 - [TEST_STEP][PASSED] - Thread.sleep(5000): null&#xD;
&#xD;
2019-09-05 13:23:16 - [TEST_STEP][PASSED] - callTestCase(findTestCase("mobileWeb/_include/get_screenshot"), [:], STOP_ON_FAILURE): Call Test Case 'Test Cases/mobileWeb/_include/get_screenshot' successfully&#xD;
&#xD;
2019-09-05 13:23:16 - [TEST_CASE][PASSED] - Test Cases/mobileWeb/_include/get_screenshot: Test Cases/mobileWeb/_include/get_screenshot&#xD;
&#xD;
2019-09-05 13:23:16 - [TEST_STEP][PASSED] - takeScreenshot(screenPath + i + ".png"): Taking screenshot successfully&#xD;
&#xD;
2019-09-05 13:23:17 - [MESSAGE][PASSED] - Taking screenshot successfully&#xD;
[[ATTACHMENT|D:\\Test\\AgileTest\\AgileTest\\Reports\\mobileWeb\\stm\\20190905_131101\\../Screenshots/iPhone X/stm/National General/20190905_132221/7.png]]&#xD;
&#xD;
2019-09-05 13:23:17 - [TEST_STEP][PASSED] - (internal.GlobalVariable.i++): null&#xD;
&#xD;
2019-09-05 13:23:17 - [MESSAGE][PASSED] - Call Test Case 'Test Cases/mobileWeb/_include/get_screenshot' successfully&#xD;
&#xD;
2019-09-05 13:23:17 - [TEST_STEP][PASSED] - waitForPageLoad(10): Wait for page load successfully&#xD;
&#xD;
2019-09-05 13:23:17 - [MESSAGE][PASSED] - Wait for page load successfully&#xD;
&#xD;
2019-09-05 13:23:17 - [TEST_STEP][PASSED] - Thread.sleep(3000): null&#xD;
&#xD;
2019-09-05 13:23:20 - [TEST_STEP][PASSED] - waitForElementVisible(findTestObject("mobileSanity/STM/Page_App Page 1/a_Autofill App Info"), 20): Object 'Object Repository/mobileSanity/STM/Page_App Page 1/a_Autofill App Info' is visible&#xD;
&#xD;
2019-09-05 13:23:20 - [MESSAGE][PASSED] - Object 'Object Repository/mobileSanity/STM/Page_App Page 1/a_Autofill App Info' is visible&#xD;
&#xD;
2019-09-05 13:23:20 - [TEST_STEP][PASSED] - click(findTestObject("mobileSanity/STM/Page_App Page 1/a_Autofill App Info")): Object: 'Object Repository/mobileSanity/STM/Page_App Page 1/a_Autofill App Info' is clicked on&#xD;
&#xD;
2019-09-05 13:23:20 - [MESSAGE][PASSED] - Object: 'Object Repository/mobileSanity/STM/Page_App Page 1/a_Autofill App Info' is clicked on&#xD;
&#xD;
2019-09-05 13:23:20 - [TEST_STEP][PASSED] - Thread.sleep(1000): null&#xD;
&#xD;
2019-09-05 13:23:21 - [TEST_STEP][PASSED] - click(findTestObject("mobileSanity/STM/Page_App Page 1/a_Autofill App Info")): Object: 'Object Repository/mobileSanity/STM/Page_App Page 1/a_Autofill App Info' is clicked on&#xD;
&#xD;
2019-09-05 13:23:21 - [MESSAGE][PASSED] - Object: 'Object Repository/mobileSanity/STM/Page_App Page 1/a_Autofill App Info' is clicked on&#xD;
&#xD;
2019-09-05 13:23:21 - [TEST_STEP][PASSED] - Thread.sleep(1000): null&#xD;
&#xD;
2019-09-05 13:23:22 - [TEST_STEP][PASSED] - waitForElementVisible(findTestObject("mobileSanity/STM/Page_App Page 1/a_Continue"), 20): Object 'Object Repository/mobileSanity/STM/Page_App Page 1/a_Continue' is visible&#xD;
&#xD;
2019-09-05 13:23:22 - [MESSAGE][PASSED] - Object 'Object Repository/mobileSanity/STM/Page_App Page 1/a_Continue' is visible&#xD;
&#xD;
2019-09-05 13:23:22 - [TEST_STEP][PASSED] - click(findTestObject("mobileSanity/STM/Page_App Page 1/a_Continue")): Object: 'Object Repository/mobileSanity/STM/Page_App Page 1/a_Continue' is clicked on&#xD;
&#xD;
2019-09-05 13:23:22 - [MESSAGE][PASSED] - Object: 'Object Repository/mobileSanity/STM/Page_App Page 1/a_Continue' is clicked on&#xD;
&#xD;
2019-09-05 13:23:22 - [TEST_STEP][PASSED] - waitForPageLoad(20): Wait for page load successfully&#xD;
&#xD;
2019-09-05 13:23:22 - [MESSAGE][PASSED] - Wait for page load successfully&#xD;
&#xD;
2019-09-05 13:23:22 - [TEST_STEP][PASSED] - Thread.sleep(2000): null&#xD;
&#xD;
2019-09-05 13:23:24 - [TEST_STEP][PASSED] - callTestCase(findTestCase("mobileWeb/_include/get_screenshot"), [:], STOP_ON_FAILURE): Call Test Case 'Test Cases/mobileWeb/_include/get_screenshot' successfully&#xD;
&#xD;
2019-09-05 13:23:24 - [TEST_CASE][PASSED] - Test Cases/mobileWeb/_include/get_screenshot: Test Cases/mobileWeb/_include/get_screenshot&#xD;
&#xD;
2019-09-05 13:23:24 - [TEST_STEP][PASSED] - takeScreenshot(screenPath + i + ".png"): Taking screenshot successfully&#xD;
&#xD;
2019-09-05 13:23:25 - [MESSAGE][PASSED] - Taking screenshot successfully&#xD;
[[ATTACHMENT|D:\\Test\\AgileTest\\AgileTest\\Reports\\mobileWeb\\stm\\20190905_131101\\../Screenshots/iPhone X/stm/National General/20190905_132221/8.png]]&#xD;
&#xD;
2019-09-05 13:23:25 - [TEST_STEP][PASSED] - (internal.GlobalVariable.i++): null&#xD;
&#xD;
2019-09-05 13:23:25 - [MESSAGE][PASSED] - Call Test Case 'Test Cases/mobileWeb/_include/get_screenshot' successfully&#xD;
&#xD;
2019-09-05 13:23:25 - [TEST_STEP][PASSED] - click(findTestObject("mobileSanity/STM/Page_App Page 2/a_Continue to Step 3 - Payment")): Object: 'Object Repository/mobileSanity/STM/Page_App Page 2/a_Continue to Step 3 - Payment' is clicked on&#xD;
&#xD;
2019-09-05 13:23:25 - [MESSAGE][PASSED] - Object: 'Object Repository/mobileSanity/STM/Page_App Page 2/a_Continue to Step 3 - Payment' is clicked on&#xD;
&#xD;
2019-09-05 13:23:25 - [TEST_STEP][PASSED] - waitForPageLoad(20): Wait for page load successfully&#xD;
&#xD;
2019-09-05 13:23:25 - [MESSAGE][PASSED] - Wait for page load successfully&#xD;
&#xD;
2019-09-05 13:23:25 - [TEST_STEP][PASSED] - waitForElementVisible(findTestObject("mobileSanity/STM/Page_App Page 3/input__credit-card-cvv"), 20): Object 'Object Repository/mobileSanity/STM/Page_App Page 3/input__credit-card-cvv' is visible&#xD;
&#xD;
2019-09-05 13:23:26 - [MESSAGE][PASSED] - Object 'Object Repository/mobileSanity/STM/Page_App Page 3/input__credit-card-cvv' is visible&#xD;
&#xD;
2019-09-05 13:23:26 - [TEST_STEP][PASSED] - Thread.sleep(2000): null&#xD;
&#xD;
2019-09-05 13:23:28 - [TEST_STEP][PASSED] - callTestCase(findTestCase("mobileWeb/_include/get_screenshot"), [:], STOP_ON_FAILURE): Call Test Case 'Test Cases/mobileWeb/_include/get_screenshot' successfully&#xD;
&#xD;
2019-09-05 13:23:28 - [TEST_CASE][PASSED] - Test Cases/mobileWeb/_include/get_screenshot: Test Cases/mobileWeb/_include/get_screenshot&#xD;
&#xD;
2019-09-05 13:23:28 - [TEST_STEP][PASSED] - takeScreenshot(screenPath + i + ".png"): Taking screenshot successfully&#xD;
&#xD;
2019-09-05 13:23:29 - [MESSAGE][PASSED] - Taking screenshot successfully&#xD;
[[ATTACHMENT|D:\\Test\\AgileTest\\AgileTest\\Reports\\mobileWeb\\stm\\20190905_131101\\../Screenshots/iPhone X/stm/National General/20190905_132221/9.png]]&#xD;
&#xD;
2019-09-05 13:23:29 - [TEST_STEP][PASSED] - (internal.GlobalVariable.i++): null&#xD;
&#xD;
2019-09-05 13:23:29 - [MESSAGE][PASSED] - Call Test Case 'Test Cases/mobileWeb/_include/get_screenshot' successfully&#xD;
&#xD;
2019-09-05 13:23:29 - [TEST_STEP][PASSED] - clearText(findTestObject("mobileSanity/STM/Page_App Page 3/input__credit-card-cvv")): Text of object 'Object Repository/mobileSanity/STM/Page_App Page 3/input__credit-card-cvv' is cleared&#xD;
&#xD;
2019-09-05 13:23:29 - [MESSAGE][PASSED] - Text of object 'Object Repository/mobileSanity/STM/Page_App Page 3/input__credit-card-cvv' is cleared&#xD;
&#xD;
2019-09-05 13:23:29 - [TEST_STEP][PASSED] - setText(findTestObject("mobileSanity/STM/Page_App Page 3/input__credit-card-cvv"), "123"): Text '123' is set on object 'Object Repository/mobileSanity/STM/Page_App Page 3/input__credit-card-cvv'&#xD;
&#xD;
2019-09-05 13:23:29 - [MESSAGE][PASSED] - Text '123' is set on object 'Object Repository/mobileSanity/STM/Page_App Page 3/input__credit-card-cvv'&#xD;
&#xD;
2019-09-05 13:23:29 - [TEST_STEP][PASSED] - click(findTestObject("mobileSanity/STM/Page_App Page 3/label_I Accept Authorization f")): Object: 'Object Repository/mobileSanity/STM/Page_App Page 3/label_I Accept Authorization f' is clicked on&#xD;
&#xD;
2019-09-05 13:23:29 - [MESSAGE][PASSED] - Object: 'Object Repository/mobileSanity/STM/Page_App Page 3/label_I Accept Authorization f' is clicked on&#xD;
&#xD;
2019-09-05 13:23:29 - [TEST_STEP][PASSED] - click(findTestObject("mobileSanity/STM/Page_App Page 3/a_Continue to Step 4 - Review")): Object: 'Object Repository/mobileSanity/STM/Page_App Page 3/a_Continue to Step 4 - Review' is clicked on&#xD;
&#xD;
2019-09-05 13:23:29 - [MESSAGE][PASSED] - Object: 'Object Repository/mobileSanity/STM/Page_App Page 3/a_Continue to Step 4 - Review' is clicked on&#xD;
&#xD;
2019-09-05 13:23:29 - [TEST_STEP][PASSED] - waitForPageLoad(10): Wait for page load successfully&#xD;
&#xD;
2019-09-05 13:23:29 - [MESSAGE][PASSED] - Wait for page load successfully&#xD;
&#xD;
2019-09-05 13:23:29 - [TEST_STEP][PASSED] - waitForElementClickable(findTestObject("mobileSanity/STM/Page_App Page 4/label"), 10): Object 'Object Repository/mobileSanity/STM/Page_App Page 4/label' is clickable&#xD;
&#xD;
2019-09-05 13:23:31 - [MESSAGE][PASSED] - Object 'Object Repository/mobileSanity/STM/Page_App Page 4/label' is clickable&#xD;
&#xD;
2019-09-05 13:23:31 - [TEST_STEP][PASSED] - Thread.sleep(2000): null&#xD;
&#xD;
2019-09-05 13:23:33 - [TEST_STEP][PASSED] - callTestCase(findTestCase("mobileWeb/_include/get_screenshot"), [:], STOP_ON_FAILURE): Call Test Case 'Test Cases/mobileWeb/_include/get_screenshot' successfully&#xD;
&#xD;
2019-09-05 13:23:33 - [TEST_CASE][PASSED] - Test Cases/mobileWeb/_include/get_screenshot: Test Cases/mobileWeb/_include/get_screenshot&#xD;
&#xD;
2019-09-05 13:23:33 - [TEST_STEP][PASSED] - takeScreenshot(screenPath + i + ".png"): Taking screenshot successfully&#xD;
&#xD;
2019-09-05 13:23:34 - [MESSAGE][PASSED] - Taking screenshot successfully&#xD;
[[ATTACHMENT|D:\\Test\\AgileTest\\AgileTest\\Reports\\mobileWeb\\stm\\20190905_131101\\../Screenshots/iPhone X/stm/National General/20190905_132221/10.png]]&#xD;
&#xD;
2019-09-05 13:23:34 - [TEST_STEP][PASSED] - (internal.GlobalVariable.i++): null&#xD;
&#xD;
2019-09-05 13:23:34 - [MESSAGE][PASSED] - Call Test Case 'Test Cases/mobileWeb/_include/get_screenshot' successfully&#xD;
&#xD;
2019-09-05 13:23:34 - [TEST_STEP][PASSED] - click(findTestObject("mobileSanity/STM/Page_App Page 4/label")): Object: 'Object Repository/mobileSanity/STM/Page_App Page 4/label' is clicked on&#xD;
&#xD;
2019-09-05 13:23:34 - [MESSAGE][PASSED] - Object: 'Object Repository/mobileSanity/STM/Page_App Page 4/label' is clicked on&#xD;
&#xD;
2019-09-05 13:23:34 - [TEST_STEP][PASSED] - click(findTestObject("mobileSanity/STM/Page_App Page 4/div_CLICK TO SIGN")): Object: 'Object Repository/mobileSanity/STM/Page_App Page 4/div_CLICK TO SIGN' is clicked on&#xD;
&#xD;
2019-09-05 13:23:34 - [MESSAGE][PASSED] - Object: 'Object Repository/mobileSanity/STM/Page_App Page 4/div_CLICK TO SIGN' is clicked on&#xD;
&#xD;
2019-09-05 13:23:34 - [TEST_STEP][PASSED] - click(findTestObject("mobileSanity/STM/Page_App Page 4/a_Submit Your Application")): Object: 'Object Repository/mobileSanity/STM/Page_App Page 4/a_Submit Your Application' is clicked on&#xD;
&#xD;
2019-09-05 13:23:34 - [MESSAGE][PASSED] - Object: 'Object Repository/mobileSanity/STM/Page_App Page 4/a_Submit Your Application' is clicked on&#xD;
&#xD;
2019-09-05 13:23:34 - [TEST_STEP][PASSED] - Thread.sleep(30000): null&#xD;
&#xD;
2019-09-05 13:24:04 - [TEST_STEP][PASSED] - callTestCase(findTestCase("mobileWeb/_include/get_screenshot"), [:], STOP_ON_FAILURE): Call Test Case 'Test Cases/mobileWeb/_include/get_screenshot' successfully&#xD;
&#xD;
2019-09-05 13:24:04 - [TEST_CASE][PASSED] - Test Cases/mobileWeb/_include/get_screenshot: Test Cases/mobileWeb/_include/get_screenshot&#xD;
&#xD;
2019-09-05 13:24:04 - [TEST_STEP][PASSED] - takeScreenshot(screenPath + i + ".png"): Taking screenshot successfully&#xD;
&#xD;
2019-09-05 13:24:05 - [MESSAGE][PASSED] - Taking screenshot successfully&#xD;
[[ATTACHMENT|D:\\Test\\AgileTest\\AgileTest\\Reports\\mobileWeb\\stm\\20190905_131101\\../Screenshots/iPhone X/stm/National General/20190905_132221/11.png]]&#xD;
&#xD;
2019-09-05 13:24:05 - [TEST_STEP][PASSED] - (internal.GlobalVariable.i++): null&#xD;
&#xD;
2019-09-05 13:24:05 - [MESSAGE][PASSED] - Call Test Case 'Test Cases/mobileWeb/_include/get_screenshot' successfully&#xD;
&#xD;
2019-09-05 13:24:05 - [TEST_STEP][PASSED] - waitForElementPresent(findTestObject("mobileSanity/STM/Page_App Page 6/span_planName"), 30): Object 'Object Repository/mobileSanity/STM/Page_App Page 6/span_planName' is not present after 30 second(s)&#xD;
&#xD;
2019-09-05 13:24:37 - [MESSAGE][INFO] - Unable to find the element located by 'By.xpath: id("js-app-confirmation")/div[@class="app-confirmation-main"]/div[@class="app-confirmation-container"]/p[@class="reset"]/span[@class="emphasize"]'. Please recheck the objects properties to make sure the desired element is located. &#xD;
&#xD;
2019-09-05 13:24:37 - [MESSAGE][WARNING] - Object 'Object Repository/mobileSanity/STM/Page_App Page 6/span_planName' is not present after 30 second(s)&#xD;
&#xD;
2019-09-05 13:24:37 - [TEST_STEP][FAILED] - verifyElementPresent(findTestObject("mobileSanity/STM/Page_App Page 6/span_planName"), 20): Unable to verify object 'Object Repository/mobileSanity/STM/Page_App Page 6/span_planName' is present (Root cause: com.kms.katalon.core.exception.StepFailedException: Unable to verify object 'Object Repository/mobileSanity/STM/Page_App Page 6/span_planName' is present&#xD;
	at com.kms.katalon.core.webui.keyword.internal.WebUIKeywordMain.stepFailed(WebUIKeywordMain.groovy:64)&#xD;
	at com.kms.katalon.core.webui.keyword.internal.WebUIKeywordMain.runKeyword(WebUIKeywordMain.groovy:26)&#xD;
	at com.kms.katalon.core.webui.keyword.builtin.VerifyElementPresentKeyword.verifyElementPresent(VerifyElementPresentKeyword.groovy:92)&#xD;
	at com.kms.katalon.core.webui.keyword.builtin.VerifyElementPresentKeyword.execute(VerifyElementPresentKeyword.groovy:68)&#xD;
	at com.kms.katalon.core.keyword.internal.KeywordExecutor.executeKeywordForPlatform(KeywordExecutor.groovy:56)&#xD;
	at com.kms.katalon.core.webui.keyword.WebUiBuiltInKeywords.verifyElementPresent(WebUiBuiltInKeywords.groovy:1434)&#xD;
	at com.kms.katalon.core.webui.keyword.WebUiBuiltInKeywords$verifyElementPresent$12.call(Unknown Source)&#xD;
	at goToEnd_stm_autofill.run(goToEnd_stm_autofill:99)&#xD;
	at com.kms.katalon.core.main.ScriptEngine.run(ScriptEngine.java:194)&#xD;
	at com.kms.katalon.core.main.ScriptEngine.runScriptAsRawText(ScriptEngine.java:119)&#xD;
	at com.kms.katalon.core.main.TestCaseExecutor.runScript(TestCaseExecutor.java:337)&#xD;
	at com.kms.katalon.core.main.TestCaseExecutor.doExecute(TestCaseExecutor.java:328)&#xD;
	at com.kms.katalon.core.main.TestCaseExecutor.processExecutionPhase(TestCaseExecutor.java:307)&#xD;
	at com.kms.katalon.core.main.TestCaseExecutor.accessMainPhase(TestCaseExecutor.java:299)&#xD;
	at com.kms.katalon.core.main.TestCaseExecutor.execute(TestCaseExecutor.java:233)&#xD;
	at com.kms.katalon.core.main.TestCaseMain.runTestCase(TestCaseMain.java:114)&#xD;
	at com.kms.katalon.core.keyword.builtin.CallTestCaseKeyword$_callTestCase_closure1.doCall(CallTestCaseKeyword.groovy:59)&#xD;
	at com.kms.katalon.core.keyword.builtin.CallTestCaseKeyword$_callTestCase_closure1.call(CallTestCaseKeyword.groovy)&#xD;
	at com.kms.katalon.core.keyword.internal.KeywordMain.runKeyword(KeywordMain.groovy:68)&#xD;
	at com.kms.katalon.core.keyword.builtin.CallTestCaseKeyword.callTestCase(CallTestCaseKeyword.groovy:81)&#xD;
	at com.kms.katalon.core.keyword.builtin.CallTestCaseKeyword.execute(CallTestCaseKeyword.groovy:44)&#xD;
	at com.kms.katalon.core.keyword.internal.KeywordExecutor.executeKeywordForPlatform(KeywordExecutor.groovy:56)&#xD;
	at com.kms.katalon.core.keyword.BuiltinKeywords.callTestCase(BuiltinKeywords.groovy:334)&#xD;
	at NationalGeneral.run(NationalGeneral:31)&#xD;
	at com.kms.katalon.core.main.ScriptEngine.run(ScriptEngine.java:194)&#xD;
	at com.kms.katalon.core.main.ScriptEngine.runScriptAsRawText(ScriptEngine.java:119)&#xD;
	at com.kms.katalon.core.main.TestCaseExecutor.runScript(TestCaseExecutor.java:337)&#xD;
	at com.kms.katalon.core.main.TestCaseExecutor.doExecute(TestCaseExecutor.java:328)&#xD;
	at com.kms.katalon.core.main.TestCaseExecutor.processExecutionPhase(TestCaseExecutor.java:307)&#xD;
	at com.kms.katalon.core.main.TestCaseExecutor.accessMainPhase(TestCaseExecutor.java:299)&#xD;
	at com.kms.katalon.core.main.TestCaseExecutor.execute(TestCaseExecutor.java:233)&#xD;
	at com.kms.katalon.core.main.TestSuiteExecutor.accessTestCaseMainPhase(TestSuiteExecutor.java:133)&#xD;
	at com.kms.katalon.core.main.TestSuiteExecutor.accessTestSuiteMainPhase(TestSuiteExecutor.java:116)&#xD;
	at com.kms.katalon.core.main.TestSuiteExecutor.execute(TestSuiteExecutor.java:83)&#xD;
	at com.kms.katalon.core.main.TestCaseMain.startTestSuite(TestCaseMain.java:157)&#xD;
	at com.kms.katalon.core.main.TestCaseMain$startTestSuite$0.call(Unknown Source)&#xD;
	at TempTestSuite1567660261320.run(TempTestSuite1567660261320.groovy:35)&#xD;
Caused by: com.kms.katalon.core.exception.StepFailedException: com.kms.katalon.core.webui.exception.WebElementNotFoundException: Web element with id: 'Object Repository/mobileSanity/STM/Page_App Page 6/span_planName' located by 'By.xpath: id("js-app-confirmation")/div[@class="app-confirmation-main"]/div[@class="app-confirmation-container"]/p[@class="reset"]/span[@class="emphasize"]' not found&#xD;
	at com.kms.katalon.core.webui.keyword.internal.WebUIKeywordMain.stepFailed(WebUIKeywordMain.groovy:64)&#xD;
	at com.kms.katalon.core.webui.keyword.builtin.VerifyElementPresentKeyword$_verifyElementPresent_closure1.doCall(VerifyElementPresentKeyword.groovy:85)&#xD;
	at com.kms.katalon.core.webui.keyword.builtin.VerifyElementPresentKeyword$_verifyElementPresent_closure1.call(VerifyElementPresentKeyword.groovy)&#xD;
	at com.kms.katalon.core.webui.keyword.internal.WebUIKeywordMain.runKeyword(WebUIKeywordMain.groovy:20)&#xD;
	... 35 more&#xD;
)&#xD;
&#xD;
2019-09-05 13:24:58 - [MESSAGE][INFO] - Unable to find the element located by 'By.xpath: id("js-app-confirmation")/div[@class="app-confirmation-main"]/div[@class="app-confirmation-container"]/p[@class="reset"]/span[@class="emphasize"]'. Please recheck the objects properties to make sure the desired element is located. &#xD;
&#xD;
2019-09-05 13:24:58 - [MESSAGE][FAILED] - com.kms.katalon.core.webui.exception.WebElementNotFoundException: Web element with id: 'Object Repository/mobileSanity/STM/Page_App Page 6/span_planName' located by 'By.xpath: id("js-app-confirmation")/div[@class="app-confirmation-main"]/div[@class="app-confirmation-container"]/p[@class="reset"]/span[@class="emphasize"]' not found (Root cause: com.kms.katalon.core.exception.StepFailedException: com.kms.katalon.core.webui.exception.WebElementNotFoundException: Web element with id: 'Object Repository/mobileSanity/STM/Page_App Page 6/span_planName' located by 'By.xpath: id("js-app-confirmation")/div[@class="app-confirmation-main"]/div[@class="app-confirmation-container"]/p[@class="reset"]/span[@class="emphasize"]' not found&#xD;
	at com.kms.katalon.core.webui.keyword.internal.WebUIKeywordMain.stepFailed(WebUIKeywordMain.groovy:64)&#xD;
	at com.kms.katalon.core.webui.keyword.builtin.VerifyElementPresentKeyword$_verifyElementPresent_closure1.doCall(VerifyElementPresentKeyword.groovy:85)&#xD;
	at com.kms.katalon.core.webui.keyword.builtin.VerifyElementPresentKeyword$_verifyElementPresent_closure1.call(VerifyElementPresentKeyword.groovy)&#xD;
	at com.kms.katalon.core.webui.keyword.internal.WebUIKeywordMain.runKeyword(WebUIKeywordMain.groovy:20)&#xD;
	at com.kms.katalon.core.webui.keyword.builtin.VerifyElementPresentKeyword.verifyElementPresent(VerifyElementPresentKeyword.groovy:92)&#xD;
	at com.kms.katalon.core.webui.keyword.builtin.VerifyElementPresentKeyword.execute(VerifyElementPresentKeyword.groovy:68)&#xD;
	at com.kms.katalon.core.keyword.internal.KeywordExecutor.executeKeywordForPlatform(KeywordExecutor.groovy:56)&#xD;
	at com.kms.katalon.core.webui.keyword.WebUiBuiltInKeywords.verifyElementPresent(WebUiBuiltInKeywords.groovy:1434)&#xD;
	at com.kms.katalon.core.webui.keyword.WebUiBuiltInKeywords$verifyElementPresent$12.call(Unknown Source)&#xD;
	at goToEnd_stm_autofill.run(goToEnd_stm_autofill:99)&#xD;
	at com.kms.katalon.core.main.ScriptEngine.run(ScriptEngine.java:194)&#xD;
	at com.kms.katalon.core.main.ScriptEngine.runScriptAsRawText(ScriptEngine.java:119)&#xD;
	at com.kms.katalon.core.main.TestCaseExecutor.runScript(TestCaseExecutor.java:337)&#xD;
	at com.kms.katalon.core.main.TestCaseExecutor.doExecute(TestCaseExecutor.java:328)&#xD;
	at com.kms.katalon.core.main.TestCaseExecutor.processExecutionPhase(TestCaseExecutor.java:307)&#xD;
	at com.kms.katalon.core.main.TestCaseExecutor.accessMainPhase(TestCaseExecutor.java:299)&#xD;
	at com.kms.katalon.core.main.TestCaseExecutor.execute(TestCaseExecutor.java:233)&#xD;
	at com.kms.katalon.core.main.TestCaseMain.runTestCase(TestCaseMain.java:114)&#xD;
	at com.kms.katalon.core.keyword.builtin.CallTestCaseKeyword$_callTestCase_closure1.doCall(CallTestCaseKeyword.groovy:59)&#xD;
	at com.kms.katalon.core.keyword.builtin.CallTestCaseKeyword$_callTestCase_closure1.call(CallTestCaseKeyword.groovy)&#xD;
	at com.kms.katalon.core.keyword.internal.KeywordMain.runKeyword(KeywordMain.groovy:68)&#xD;
	at com.kms.katalon.core.keyword.builtin.CallTestCaseKeyword.callTestCase(CallTestCaseKeyword.groovy:81)&#xD;
	at com.kms.katalon.core.keyword.builtin.CallTestCaseKeyword.execute(CallTestCaseKeyword.groovy:44)&#xD;
	at com.kms.katalon.core.keyword.internal.KeywordExecutor.executeKeywordForPlatform(KeywordExecutor.groovy:56)&#xD;
	at com.kms.katalon.core.keyword.BuiltinKeywords.callTestCase(BuiltinKeywords.groovy:334)&#xD;
	at NationalGeneral.run(NationalGeneral:31)&#xD;
	at com.kms.katalon.core.main.ScriptEngine.run(ScriptEngine.java:194)&#xD;
	at com.kms.katalon.core.main.ScriptEngine.runScriptAsRawText(ScriptEngine.java:119)&#xD;
	at com.kms.katalon.core.main.TestCaseExecutor.runScript(TestCaseExecutor.java:337)&#xD;
	at com.kms.katalon.core.main.TestCaseExecutor.doExecute(TestCaseExecutor.java:328)&#xD;
	at com.kms.katalon.core.main.TestCaseExecutor.processExecutionPhase(TestCaseExecutor.java:307)&#xD;
	at com.kms.katalon.core.main.TestCaseExecutor.accessMainPhase(TestCaseExecutor.java:299)&#xD;
	at com.kms.katalon.core.main.TestCaseExecutor.execute(TestCaseExecutor.java:233)&#xD;
	at com.kms.katalon.core.main.TestSuiteExecutor.accessTestCaseMainPhase(TestSuiteExecutor.java:133)&#xD;
	at com.kms.katalon.core.main.TestSuiteExecutor.accessTestSuiteMainPhase(TestSuiteExecutor.java:116)&#xD;
	at com.kms.katalon.core.main.TestSuiteExecutor.execute(TestSuiteExecutor.java:83)&#xD;
	at com.kms.katalon.core.main.TestCaseMain.startTestSuite(TestCaseMain.java:157)&#xD;
	at com.kms.katalon.core.main.TestCaseMain$startTestSuite$0.call(Unknown Source)&#xD;
	at TempTestSuite1567660261320.run(TempTestSuite1567660261320.groovy:35)&#xD;
)&#xD;
[[ATTACHMENT|D:\\Test\\AgileTest\\AgileTest\\Reports\\mobileWeb\\stm\\20190905_131101\\1567661098095.png]]&#xD;
&#xD;
2019-09-05 13:24:59 - [MESSAGE][FAILED] - Unable to verify object 'Object Repository/mobileSanity/STM/Page_App Page 6/span_planName' is present (Root cause: com.kms.katalon.core.exception.StepFailedException: Unable to verify object 'Object Repository/mobileSanity/STM/Page_App Page 6/span_planName' is present&#xD;
	at com.kms.katalon.core.webui.keyword.internal.WebUIKeywordMain.stepFailed(WebUIKeywordMain.groovy:64)&#xD;
	at com.kms.katalon.core.webui.keyword.internal.WebUIKeywordMain.runKeyword(WebUIKeywordMain.groovy:26)&#xD;
	at com.kms.katalon.core.webui.keyword.builtin.VerifyElementPresentKeyword.verifyElementPresent(VerifyElementPresentKeyword.groovy:92)&#xD;
	at com.kms.katalon.core.webui.keyword.builtin.VerifyElementPresentKeyword.execute(VerifyElementPresentKeyword.groovy:68)&#xD;
	at com.kms.katalon.core.keyword.internal.KeywordExecutor.executeKeywordForPlatform(KeywordExecutor.groovy:56)&#xD;
	at com.kms.katalon.core.webui.keyword.WebUiBuiltInKeywords.verifyElementPresent(WebUiBuiltInKeywords.groovy:1434)&#xD;
	at com.kms.katalon.core.webui.keyword.WebUiBuiltInKeywords$verifyElementPresent$12.call(Unknown Source)&#xD;
	at goToEnd_stm_autofill.run(goToEnd_stm_autofill:99)&#xD;
	at com.kms.katalon.core.main.ScriptEngine.run(ScriptEngine.java:194)&#xD;
	at com.kms.katalon.core.main.ScriptEngine.runScriptAsRawText(ScriptEngine.java:119)&#xD;
	at com.kms.katalon.core.main.TestCaseExecutor.runScript(TestCaseExecutor.java:337)&#xD;
	at com.kms.katalon.core.main.TestCaseExecutor.doExecute(TestCaseExecutor.java:328)&#xD;
	at com.kms.katalon.core.main.TestCaseExecutor.processExecutionPhase(TestCaseExecutor.java:307)&#xD;
	at com.kms.katalon.core.main.TestCaseExecutor.accessMainPhase(TestCaseExecutor.java:299)&#xD;
	at com.kms.katalon.core.main.TestCaseExecutor.execute(TestCaseExecutor.java:233)&#xD;
	at com.kms.katalon.core.main.TestCaseMain.runTestCase(TestCaseMain.java:114)&#xD;
	at com.kms.katalon.core.keyword.builtin.CallTestCaseKeyword$_callTestCase_closure1.doCall(CallTestCaseKeyword.groovy:59)&#xD;
	at com.kms.katalon.core.keyword.builtin.CallTestCaseKeyword$_callTestCase_closure1.call(CallTestCaseKeyword.groovy)&#xD;
	at com.kms.katalon.core.keyword.internal.KeywordMain.runKeyword(KeywordMain.groovy:68)&#xD;
	at com.kms.katalon.core.keyword.builtin.CallTestCaseKeyword.callTestCase(CallTestCaseKeyword.groovy:81)&#xD;
	at com.kms.katalon.core.keyword.builtin.CallTestCaseKeyword.execute(CallTestCaseKeyword.groovy:44)&#xD;
	at com.kms.katalon.core.keyword.internal.KeywordExecutor.executeKeywordForPlatform(KeywordExecutor.groovy:56)&#xD;
	at com.kms.katalon.core.keyword.BuiltinKeywords.callTestCase(BuiltinKeywords.groovy:334)&#xD;
	at NationalGeneral.run(NationalGeneral:31)&#xD;
	at com.kms.katalon.core.main.ScriptEngine.run(ScriptEngine.java:194)&#xD;
	at com.kms.katalon.core.main.ScriptEngine.runScriptAsRawText(ScriptEngine.java:119)&#xD;
	at com.kms.katalon.core.main.TestCaseExecutor.runScript(TestCaseExecutor.java:337)&#xD;
	at com.kms.katalon.core.main.TestCaseExecutor.doExecute(TestCaseExecutor.java:328)&#xD;
	at com.kms.katalon.core.main.TestCaseExecutor.processExecutionPhase(TestCaseExecutor.java:307)&#xD;
	at com.kms.katalon.core.main.TestCaseExecutor.accessMainPhase(TestCaseExecutor.java:299)&#xD;
	at com.kms.katalon.core.main.TestCaseExecutor.execute(TestCaseExecutor.java:233)&#xD;
	at com.kms.katalon.core.main.TestSuiteExecutor.accessTestCaseMainPhase(TestSuiteExecutor.java:133)&#xD;
	at com.kms.katalon.core.main.TestSuiteExecutor.accessTestSuiteMainPhase(TestSuiteExecutor.java:116)&#xD;
	at com.kms.katalon.core.main.TestSuiteExecutor.execute(TestSuiteExecutor.java:83)&#xD;
	at com.kms.katalon.core.main.TestCaseMain.startTestSuite(TestCaseMain.java:157)&#xD;
	at com.kms.katalon.core.main.TestCaseMain$startTestSuite$0.call(Unknown Source)&#xD;
	at TempTestSuite1567660261320.run(TempTestSuite1567660261320.groovy:35)&#xD;
Caused by: com.kms.katalon.core.exception.StepFailedException: com.kms.katalon.core.webui.exception.WebElementNotFoundException: Web element with id: 'Object Repository/mobileSanity/STM/Page_App Page 6/span_planName' located by 'By.xpath: id("js-app-confirmation")/div[@class="app-confirmation-main"]/div[@class="app-confirmation-container"]/p[@class="reset"]/span[@class="emphasize"]' not found&#xD;
	at com.kms.katalon.core.webui.keyword.internal.WebUIKeywordMain.stepFailed(WebUIKeywordMain.groovy:64)&#xD;
	at com.kms.katalon.core.webui.keyword.builtin.VerifyElementPresentKeyword$_verifyElementPresent_closure1.doCall(VerifyElementPresentKeyword.groovy:85)&#xD;
	at com.kms.katalon.core.webui.keyword.builtin.VerifyElementPresentKeyword$_verifyElementPresent_closure1.call(VerifyElementPresentKeyword.groovy)&#xD;
	at com.kms.katalon.core.webui.keyword.internal.WebUIKeywordMain.runKeyword(WebUIKeywordMain.groovy:20)&#xD;
	... 35 more&#xD;
)&#xD;
[[ATTACHMENT|D:\\Test\\AgileTest\\AgileTest\\Reports\\mobileWeb\\stm\\20190905_131101\\1567661098801.png]]&#xD;
&#xD;
2019-09-05 13:24:59 - [MESSAGE][FAILED] - Unable to call Test Case 'Test Cases/mobileWeb/_include/goToEnd_stm_autofill' (Root cause: com.kms.katalon.core.exception.StepFailedException: Call Test Case 'Test Cases/mobileWeb/_include/goToEnd_stm_autofill' failed&#xD;
	at com.kms.katalon.core.keyword.builtin.CallTestCaseKeyword$_callTestCase_closure1.doCall(CallTestCaseKeyword.groovy:63)&#xD;
	at com.kms.katalon.core.keyword.builtin.CallTestCaseKeyword$_callTestCase_closure1.call(CallTestCaseKeyword.groovy)&#xD;
	at com.kms.katalon.core.keyword.internal.KeywordMain.runKeyword(KeywordMain.groovy:68)&#xD;
	at com.kms.katalon.core.keyword.builtin.CallTestCaseKeyword.callTestCase(CallTestCaseKeyword.groovy:81)&#xD;
	at com.kms.katalon.core.keyword.builtin.CallTestCaseKeyword.execute(CallTestCaseKeyword.groovy:44)&#xD;
	at com.kms.katalon.core.keyword.internal.KeywordExecutor.executeKeywordForPlatform(KeywordExecutor.groovy:56)&#xD;
	at com.kms.katalon.core.keyword.BuiltinKeywords.callTestCase(BuiltinKeywords.groovy:334)&#xD;
	at NationalGeneral.run(NationalGeneral:31)&#xD;
	at com.kms.katalon.core.main.ScriptEngine.run(ScriptEngine.java:194)&#xD;
	at com.kms.katalon.core.main.ScriptEngine.runScriptAsRawText(ScriptEngine.java:119)&#xD;
	at com.kms.katalon.core.main.TestCaseExecutor.runScript(TestCaseExecutor.java:337)&#xD;
	at com.kms.katalon.core.main.TestCaseExecutor.doExecute(TestCaseExecutor.java:328)&#xD;
	at com.kms.katalon.core.main.TestCaseExecutor.processExecutionPhase(TestCaseExecutor.java:307)&#xD;
	at com.kms.katalon.core.main.TestCaseExecutor.accessMainPhase(TestCaseExecutor.java:299)&#xD;
	at com.kms.katalon.core.main.TestCaseExecutor.execute(TestCaseExecutor.java:233)&#xD;
	at com.kms.katalon.core.main.TestSuiteExecutor.accessTestCaseMainPhase(TestSuiteExecutor.java:133)&#xD;
	at com.kms.katalon.core.main.TestSuiteExecutor.accessTestSuiteMainPhase(TestSuiteExecutor.java:116)&#xD;
	at com.kms.katalon.core.main.TestSuiteExecutor.execute(TestSuiteExecutor.java:83)&#xD;
	at com.kms.katalon.core.main.TestCaseMain.startTestSuite(TestCaseMain.java:157)&#xD;
	at com.kms.katalon.core.main.TestCaseMain$startTestSuite$0.call(Unknown Source)&#xD;
	at TempTestSuite1567660261320.run(TempTestSuite1567660261320.groovy:35)&#xD;
Caused by: com.kms.katalon.core.exception.StepFailedException: Unable to verify object 'Object Repository/mobileSanity/STM/Page_App Page 6/span_planName' is present&#xD;
	at com.kms.katalon.core.webui.keyword.internal.WebUIKeywordMain.stepFailed(WebUIKeywordMain.groovy:64)&#xD;
	at com.kms.katalon.core.webui.keyword.internal.WebUIKeywordMain.runKeyword(WebUIKeywordMain.groovy:26)&#xD;
	at com.kms.katalon.core.webui.keyword.builtin.VerifyElementPresentKeyword.verifyElementPresent(VerifyElementPresentKeyword.groovy:92)&#xD;
	at com.kms.katalon.core.webui.keyword.builtin.VerifyElementPresentKeyword.execute(VerifyElementPresentKeyword.groovy:68)&#xD;
	at com.kms.katalon.core.keyword.internal.KeywordExecutor.executeKeywordForPlatform(KeywordExecutor.groovy:56)&#xD;
	at com.kms.katalon.core.webui.keyword.WebUiBuiltInKeywords.verifyElementPresent(WebUiBuiltInKeywords.groovy:1434)&#xD;
	at com.kms.katalon.core.webui.keyword.WebUiBuiltInKeywords$verifyElementPresent$12.call(Unknown Source)&#xD;
	at goToEnd_stm_autofill.run(goToEnd_stm_autofill:99)&#xD;
	at com.kms.katalon.core.main.ScriptEngine.run(ScriptEngine.java:194)&#xD;
	at com.kms.katalon.core.main.ScriptEngine.runScriptAsRawText(ScriptEngine.java:119)&#xD;
	at com.kms.katalon.core.main.TestCaseExecutor.runScript(TestCaseExecutor.java:337)&#xD;
	at com.kms.katalon.core.main.TestCaseExecutor.doExecute(TestCaseExecutor.java:328)&#xD;
	at com.kms.katalon.core.main.TestCaseExecutor.processExecutionPhase(TestCaseExecutor.java:307)&#xD;
	at com.kms.katalon.core.main.TestCaseExecutor.accessMainPhase(TestCaseExecutor.java:299)&#xD;
	at com.kms.katalon.core.main.TestCaseExecutor.execute(TestCaseExecutor.java:233)&#xD;
	at com.kms.katalon.core.main.TestCaseMain.runTestCase(TestCaseMain.java:114)&#xD;
	at com.kms.katalon.core.keyword.builtin.CallTestCaseKeyword$_callTestCase_closure1.doCall(CallTestCaseKeyword.groovy:59)&#xD;
	... 20 more&#xD;
Caused by: com.kms.katalon.core.exception.StepFailedException: com.kms.katalon.core.webui.exception.WebElementNotFoundException: Web element with id: 'Object Repository/mobileSanity/STM/Page_App Page 6/span_planName' located by 'By.xpath: id("js-app-confirmation")/div[@class="app-confirmation-main"]/div[@class="app-confirmation-container"]/p[@class="reset"]/span[@class="emphasize"]' not found&#xD;
	at com.kms.katalon.core.webui.keyword.internal.WebUIKeywordMain.stepFailed(WebUIKeywordMain.groovy:64)&#xD;
	at com.kms.katalon.core.webui.keyword.builtin.VerifyElementPresentKeyword$_verifyElementPresent_closure1.doCall(VerifyElementPresentKeyword.groovy:85)&#xD;
	at com.kms.katalon.core.webui.keyword.builtin.VerifyElementPresentKeyword$_verifyElementPresent_closure1.call(VerifyElementPresentKeyword.groovy)&#xD;
	at com.kms.katalon.core.webui.keyword.internal.WebUIKeywordMain.runKeyword(WebUIKeywordMain.groovy:20)&#xD;
	... 35 more&#xD;
)</system-out>
            <system-err>2019-09-05 13:22:20 - [TEST_CASE][FAILED] - Test Cases/mobileWeb/stm/NationalGeneral: Test Cases/mobileWeb/stm/NationalGeneral FAILED.
Reason:
com.kms.katalon.core.exception.StepFailedException: Call Test Case 'Test Cases/mobileWeb/_include/goToEnd_stm_autofill' failed&#xD;
	at com.kms.katalon.core.keyword.builtin.CallTestCaseKeyword$_callTestCase_closure1.doCall(CallTestCaseKeyword.groovy:63)&#xD;
	at com.kms.katalon.core.keyword.builtin.CallTestCaseKeyword$_callTestCase_closure1.call(CallTestCaseKeyword.groovy)&#xD;
	at com.kms.katalon.core.keyword.internal.KeywordMain.runKeyword(KeywordMain.groovy:68)&#xD;
	at com.kms.katalon.core.keyword.builtin.CallTestCaseKeyword.callTestCase(CallTestCaseKeyword.groovy:81)&#xD;
	at com.kms.katalon.core.keyword.builtin.CallTestCaseKeyword.execute(CallTestCaseKeyword.groovy:44)&#xD;
	at com.kms.katalon.core.keyword.internal.KeywordExecutor.executeKeywordForPlatform(KeywordExecutor.groovy:56)&#xD;
	at com.kms.katalon.core.keyword.BuiltinKeywords.callTestCase(BuiltinKeywords.groovy:334)&#xD;
	at NationalGeneral.run(NationalGeneral:31)&#xD;
	at com.kms.katalon.core.main.ScriptEngine.run(ScriptEngine.java:194)&#xD;
	at com.kms.katalon.core.main.ScriptEngine.runScriptAsRawText(ScriptEngine.java:119)&#xD;
	at com.kms.katalon.core.main.TestCaseExecutor.runScript(TestCaseExecutor.java:337)&#xD;
	at com.kms.katalon.core.main.TestCaseExecutor.doExecute(TestCaseExecutor.java:328)&#xD;
	at com.kms.katalon.core.main.TestCaseExecutor.processExecutionPhase(TestCaseExecutor.java:307)&#xD;
	at com.kms.katalon.core.main.TestCaseExecutor.accessMainPhase(TestCaseExecutor.java:299)&#xD;
	at com.kms.katalon.core.main.TestCaseExecutor.execute(TestCaseExecutor.java:233)&#xD;
	at com.kms.katalon.core.main.TestSuiteExecutor.accessTestCaseMainPhase(TestSuiteExecutor.java:133)&#xD;
	at com.kms.katalon.core.main.TestSuiteExecutor.accessTestSuiteMainPhase(TestSuiteExecutor.java:116)&#xD;
	at com.kms.katalon.core.main.TestSuiteExecutor.execute(TestSuiteExecutor.java:83)&#xD;
	at com.kms.katalon.core.main.TestCaseMain.startTestSuite(TestCaseMain.java:157)&#xD;
	at com.kms.katalon.core.main.TestCaseMain$startTestSuite$0.call(Unknown Source)&#xD;
	at TempTestSuite1567660261320.run(TempTestSuite1567660261320.groovy:35)&#xD;
Caused by: com.kms.katalon.core.exception.StepFailedException: Unable to verify object 'Object Repository/mobileSanity/STM/Page_App Page 6/span_planName' is present&#xD;
	at com.kms.katalon.core.webui.keyword.internal.WebUIKeywordMain.stepFailed(WebUIKeywordMain.groovy:64)&#xD;
	at com.kms.katalon.core.webui.keyword.internal.WebUIKeywordMain.runKeyword(WebUIKeywordMain.groovy:26)&#xD;
	at com.kms.katalon.core.webui.keyword.builtin.VerifyElementPresentKeyword.verifyElementPresent(VerifyElementPresentKeyword.groovy:92)&#xD;
	at com.kms.katalon.core.webui.keyword.builtin.VerifyElementPresentKeyword.execute(VerifyElementPresentKeyword.groovy:68)&#xD;
	at com.kms.katalon.core.keyword.internal.KeywordExecutor.executeKeywordForPlatform(KeywordExecutor.groovy:56)&#xD;
	at com.kms.katalon.core.webui.keyword.WebUiBuiltInKeywords.verifyElementPresent(WebUiBuiltInKeywords.groovy:1434)&#xD;
	at com.kms.katalon.core.webui.keyword.WebUiBuiltInKeywords$verifyElementPresent$12.call(Unknown Source)&#xD;
	at goToEnd_stm_autofill.run(goToEnd_stm_autofill:99)&#xD;
	at com.kms.katalon.core.main.ScriptEngine.run(ScriptEngine.java:194)&#xD;
	at com.kms.katalon.core.main.ScriptEngine.runScriptAsRawText(ScriptEngine.java:119)&#xD;
	at com.kms.katalon.core.main.TestCaseExecutor.runScript(TestCaseExecutor.java:337)&#xD;
	at com.kms.katalon.core.main.TestCaseExecutor.doExecute(TestCaseExecutor.java:328)&#xD;
	at com.kms.katalon.core.main.TestCaseExecutor.processExecutionPhase(TestCaseExecutor.java:307)&#xD;
	at com.kms.katalon.core.main.TestCaseExecutor.accessMainPhase(TestCaseExecutor.java:299)&#xD;
	at com.kms.katalon.core.main.TestCaseExecutor.execute(TestCaseExecutor.java:233)&#xD;
	at com.kms.katalon.core.main.TestCaseMain.runTestCase(TestCaseMain.java:114)&#xD;
	at com.kms.katalon.core.keyword.builtin.CallTestCaseKeyword$_callTestCase_closure1.doCall(CallTestCaseKeyword.groovy:59)&#xD;
	... 20 more&#xD;
Caused by: com.kms.katalon.core.exception.StepFailedException: com.kms.katalon.core.webui.exception.WebElementNotFoundException: Web element with id: 'Object Repository/mobileSanity/STM/Page_App Page 6/span_planName' located by 'By.xpath: id("js-app-confirmation")/div[@class="app-confirmation-main"]/div[@class="app-confirmation-container"]/p[@class="reset"]/span[@class="emphasize"]' not found&#xD;
	at com.kms.katalon.core.webui.keyword.internal.WebUIKeywordMain.stepFailed(WebUIKeywordMain.groovy:64)&#xD;
	at com.kms.katalon.core.webui.keyword.builtin.VerifyElementPresentKeyword$_verifyElementPresent_closure1.doCall(VerifyElementPresentKeyword.groovy:85)&#xD;
	at com.kms.katalon.core.webui.keyword.builtin.VerifyElementPresentKeyword$_verifyElementPresent_closure1.call(VerifyElementPresentKeyword.groovy)&#xD;
	at com.kms.katalon.core.webui.keyword.internal.WebUIKeywordMain.runKeyword(WebUIKeywordMain.groovy:20)&#xD;
	... 35 more</system-err>
        </testcase>
        <testcase name="Test Cases/mobileWeb/stm/Aspen" classname="Test Cases/mobileWeb/stm/Aspen" status="PASSED">
            <system-out>2019-09-05 13:24:59 - [TEST_CASE][PASSED] - Test Cases/mobileWeb/stm/Aspen: Test Cases/mobileWeb/stm/Aspen&#xD;
&#xD;
2019-09-05 13:24:59 - [TEST_STEP][PASSED] - callTestCase(findTestCase("mobileWeb/_include/get_screenPath"), ["productLine":"stm", "carrierName":"Aspen"], CONTINUE_ON_FAILURE): Call Test Case 'Test Cases/mobileWeb/_include/get_screenPath' successfully&#xD;
&#xD;
2019-09-05 13:25:00 - [TEST_CASE][PASSED] - Test Cases/mobileWeb/_include/get_screenPath: Test Cases/mobileWeb/_include/get_screenPath&#xD;
&#xD;
2019-09-05 13:25:00 - [TEST_STEP][PASSED] - m = getExecutionProperties(): null&#xD;
&#xD;
2019-09-05 13:25:00 - [TEST_STEP][PASSED] - deviceName = get("mobileEmulation").get("deviceName"): null&#xD;
&#xD;
2019-09-05 13:25:00 - [TEST_STEP][PASSED] - println(deviceName): null&#xD;
&#xD;
2019-09-05 13:25:00 - [TEST_STEP][PASSED] - now = new java.util.Date(): null&#xD;
&#xD;
2019-09-05 13:25:00 - [TEST_STEP][PASSED] - mydate = now.format("yyyyMMdd_HHmmss"): null&#xD;
&#xD;
2019-09-05 13:25:00 - [TEST_STEP][PASSED] - screenPath = "../Screenshots/": null&#xD;
&#xD;
2019-09-05 13:25:00 - [TEST_STEP][PASSED] - screenPath = screenPath + deviceName + "/" + productLine + "/" + carrierName + "/" + mydate + "/": null&#xD;
&#xD;
2019-09-05 13:25:00 - [TEST_STEP][PASSED] - println(screenPath): null&#xD;
&#xD;
2019-09-05 13:25:00 - [MESSAGE][PASSED] - Call Test Case 'Test Cases/mobileWeb/_include/get_screenPath' successfully&#xD;
&#xD;
2019-09-05 13:25:00 - [TEST_STEP][PASSED] - i = 0: null&#xD;
&#xD;
2019-09-05 13:25:00 - [TEST_STEP][PASSED] - callTestCase(findTestCase("mobileWeb/_include/openWebSite"), [:], STOP_ON_FAILURE): Call Test Case 'Test Cases/mobileWeb/_include/openWebSite' successfully&#xD;
&#xD;
2019-09-05 13:25:00 - [TEST_CASE][PASSED] - Test Cases/mobileWeb/_include/openWebSite: Test Cases/mobileWeb/_include/openWebSite&#xD;
&#xD;
2019-09-05 13:25:00 - [TEST_STEP][PASSED] - openBrowser(env): Browser is opened with url: 'https://praetemptatus.agilehealthinsurance.com'&#xD;
&#xD;
2019-09-05 13:25:00 - [MESSAGE][WARNING] - A browser is already opened. Closing browser and opening a new one&#xD;
&#xD;
2019-09-05 13:25:00 - [MESSAGE][INFO] - Starting 'Chrome' driver&#xD;
&#xD;
2019-09-05 13:25:00 - [MESSAGE][INFO] - User set preference: ['mobileEmulation', '{deviceName=iPhone X}']&#xD;
&#xD;
2019-09-05 13:25:00 - [MESSAGE][INFO] - User set preference: ['args', '[--incognito, --aggressive-cache-discard, --no-sandbox, --window-size=375,812]']&#xD;
&#xD;
2019-09-05 13:25:06 - [MESSAGE][PASSED] - Browser is opened with url: 'https://praetemptatus.agilehealthinsurance.com'&#xD;
&#xD;
2019-09-05 13:25:06 - [TEST_STEP][PASSED] - waitForPageLoad(20): Wait for page load successfully&#xD;
&#xD;
2019-09-05 13:25:06 - [MESSAGE][PASSED] - Wait for page load successfully&#xD;
&#xD;
2019-09-05 13:25:06 - [TEST_STEP][PASSED] - callTestCase(findTestCase("mobileWeb/_include/get_screenshot"), [:], STOP_ON_FAILURE): Call Test Case 'Test Cases/mobileWeb/_include/get_screenshot' successfully&#xD;
&#xD;
2019-09-05 13:25:06 - [TEST_CASE][PASSED] - Test Cases/mobileWeb/_include/get_screenshot: Test Cases/mobileWeb/_include/get_screenshot&#xD;
&#xD;
2019-09-05 13:25:06 - [TEST_STEP][PASSED] - takeScreenshot(screenPath + i + ".png"): Taking screenshot successfully&#xD;
&#xD;
2019-09-05 13:25:07 - [MESSAGE][PASSED] - Taking screenshot successfully&#xD;
[[ATTACHMENT|D:\\Test\\AgileTest\\AgileTest\\Reports\\mobileWeb\\stm\\20190905_131101\\../Screenshots/iPhone X/stm/Aspen/20190905_132500/0.png]]&#xD;
&#xD;
2019-09-05 13:25:07 - [TEST_STEP][PASSED] - (internal.GlobalVariable.i++): null&#xD;
&#xD;
2019-09-05 13:25:07 - [MESSAGE][PASSED] - Call Test Case 'Test Cases/mobileWeb/_include/get_screenshot' successfully&#xD;
&#xD;
2019-09-05 13:25:07 - [MESSAGE][PASSED] - Call Test Case 'Test Cases/mobileWeb/_include/openWebSite' successfully&#xD;
&#xD;
2019-09-05 13:25:07 - [TEST_STEP][PASSED] - callTestCase(findTestCase("mobileWeb/_include/census_stm"), ["zipcode":"60602"], STOP_ON_FAILURE): Call Test Case 'Test Cases/mobileWeb/_include/census_stm' successfully&#xD;
&#xD;
2019-09-05 13:25:07 - [TEST_CASE][PASSED] - Test Cases/mobileWeb/_include/census_stm: Test Cases/mobileWeb/_include/census_stm&#xD;
&#xD;
2019-09-05 13:25:07 - [TEST_STEP][PASSED] - waitForElementClickable(findTestObject("mobileSanity/STM/Home Page/a_Quote  Save Today"), 10): Object 'Object Repository/mobileSanity/STM/Home Page/a_Quote  Save Today' is clickable&#xD;
&#xD;
2019-09-05 13:25:09 - [MESSAGE][PASSED] - Object 'Object Repository/mobileSanity/STM/Home Page/a_Quote  Save Today' is clickable&#xD;
&#xD;
2019-09-05 13:25:09 - [TEST_STEP][PASSED] - click(findTestObject("mobileSanity/STM/Home Page/a_Quote  Save Today")): Object: 'Object Repository/mobileSanity/STM/Home Page/a_Quote  Save Today' is clicked on&#xD;
&#xD;
2019-09-05 13:25:09 - [MESSAGE][PASSED] - Object: 'Object Repository/mobileSanity/STM/Home Page/a_Quote  Save Today' is clicked on&#xD;
&#xD;
2019-09-05 13:25:09 - [TEST_STEP][PASSED] - waitForPageLoad(10): Wait for page load successfully&#xD;
&#xD;
2019-09-05 13:25:09 - [MESSAGE][PASSED] - Wait for page load successfully&#xD;
&#xD;
2019-09-05 13:25:09 - [TEST_STEP][PASSED] - callTestCase(findTestCase("mobileWeb/_include/get_screenshot"), [:], STOP_ON_FAILURE): Call Test Case 'Test Cases/mobileWeb/_include/get_screenshot' successfully&#xD;
&#xD;
2019-09-05 13:25:09 - [TEST_CASE][PASSED] - Test Cases/mobileWeb/_include/get_screenshot: Test Cases/mobileWeb/_include/get_screenshot&#xD;
&#xD;
2019-09-05 13:25:09 - [TEST_STEP][PASSED] - takeScreenshot(screenPath + i + ".png"): Taking screenshot successfully&#xD;
&#xD;
2019-09-05 13:25:11 - [MESSAGE][PASSED] - Taking screenshot successfully&#xD;
[[ATTACHMENT|D:\\Test\\AgileTest\\AgileTest\\Reports\\mobileWeb\\stm\\20190905_131101\\../Screenshots/iPhone X/stm/Aspen/20190905_132500/1.png]]&#xD;
&#xD;
2019-09-05 13:25:11 - [TEST_STEP][PASSED] - (internal.GlobalVariable.i++): null&#xD;
&#xD;
2019-09-05 13:25:11 - [MESSAGE][PASSED] - Call Test Case 'Test Cases/mobileWeb/_include/get_screenshot' successfully&#xD;
&#xD;
2019-09-05 13:25:11 - [TEST_STEP][PASSED] - setText(findTestObject("mobileSanity/STM/STM Census Page/input_Location_zip-input"), zipcode): Text '60602' is set on object 'Object Repository/mobileSanity/STM/STM Census Page/input_Location_zip-input'&#xD;
&#xD;
2019-09-05 13:25:11 - [MESSAGE][PASSED] - Text '60602' is set on object 'Object Repository/mobileSanity/STM/STM Census Page/input_Location_zip-input'&#xD;
&#xD;
2019-09-05 13:25:11 - [TEST_STEP][PASSED] - Thread.sleep(500): null&#xD;
&#xD;
2019-09-05 13:25:11 - [TEST_STEP][PASSED] - setText(findTestObject("mobileSanity/STM/STM Census Page/input_Date of Birth_dob-0"), "03031987"): Text '03031987' is set on object 'Object Repository/mobileSanity/STM/STM Census Page/input_Date of Birth_dob-0'&#xD;
&#xD;
2019-09-05 13:25:12 - [MESSAGE][PASSED] - Text '03031987' is set on object 'Object Repository/mobileSanity/STM/STM Census Page/input_Date of Birth_dob-0'&#xD;
&#xD;
2019-09-05 13:25:12 - [TEST_STEP][PASSED] - click(findTestObject("mobileSanity/STM/STM Census Page/label_Male")): Object: 'Object Repository/mobileSanity/STM/STM Census Page/label_Male' is clicked on&#xD;
&#xD;
2019-09-05 13:25:12 - [MESSAGE][PASSED] - Object: 'Object Repository/mobileSanity/STM/STM Census Page/label_Male' is clicked on&#xD;
&#xD;
2019-09-05 13:25:12 - [TEST_STEP][PASSED] - click(findTestObject("mobileSanity/STM/STM Census Page/label_Compare Plans")): Object: 'Object Repository/mobileSanity/STM/STM Census Page/label_Compare Plans' is clicked on&#xD;
&#xD;
2019-09-05 13:25:12 - [MESSAGE][PASSED] - Object: 'Object Repository/mobileSanity/STM/STM Census Page/label_Compare Plans' is clicked on&#xD;
&#xD;
2019-09-05 13:25:12 - [TEST_STEP][PASSED] - waitForElementVisible(findTestObject("mobileSanity/STM/STM Quote Page/button_sort"), 20): Web element with id: 'Object Repository/mobileSanity/STM/STM Quote Page/button_sort' located by 'By.xpath: //*[@class = 'js-toggle-others c-filter-toggle-v3 ']' not found&#xD;
&#xD;
2019-09-05 13:25:33 - [MESSAGE][INFO] - Unable to find the element located by 'By.xpath: //*[@class = 'js-toggle-others c-filter-toggle-v3 ']'. Please recheck the objects properties to make sure the desired element is located. &#xD;
&#xD;
2019-09-05 13:25:33 - [MESSAGE][WARNING] - Web element with id: 'Object Repository/mobileSanity/STM/STM Quote Page/button_sort' located by 'By.xpath: //*[@class = 'js-toggle-others c-filter-toggle-v3 ']' not found&#xD;
&#xD;
2019-09-05 13:25:33 - [TEST_STEP][PASSED] - Thread.sleep(3000): null&#xD;
&#xD;
2019-09-05 13:25:36 - [TEST_STEP][PASSED] - callTestCase(findTestCase("mobileWeb/_include/get_screenshot"), [:], STOP_ON_FAILURE): Call Test Case 'Test Cases/mobileWeb/_include/get_screenshot' successfully&#xD;
&#xD;
2019-09-05 13:25:36 - [TEST_CASE][PASSED] - Test Cases/mobileWeb/_include/get_screenshot: Test Cases/mobileWeb/_include/get_screenshot&#xD;
&#xD;
2019-09-05 13:25:36 - [TEST_STEP][PASSED] - takeScreenshot(screenPath + i + ".png"): Taking screenshot successfully&#xD;
&#xD;
2019-09-05 13:25:37 - [MESSAGE][PASSED] - Taking screenshot successfully&#xD;
[[ATTACHMENT|D:\\Test\\AgileTest\\AgileTest\\Reports\\mobileWeb\\stm\\20190905_131101\\../Screenshots/iPhone X/stm/Aspen/20190905_132500/2.png]]&#xD;
&#xD;
2019-09-05 13:25:37 - [TEST_STEP][PASSED] - (internal.GlobalVariable.i++): null&#xD;
&#xD;
2019-09-05 13:25:37 - [MESSAGE][PASSED] - Call Test Case 'Test Cases/mobileWeb/_include/get_screenshot' successfully&#xD;
&#xD;
2019-09-05 13:25:37 - [TEST_STEP][PASSED] - Thread.sleep(1000): null&#xD;
&#xD;
2019-09-05 13:25:38 - [MESSAGE][PASSED] - Call Test Case 'Test Cases/mobileWeb/_include/census_stm' successfully&#xD;
&#xD;
2019-09-05 13:25:38 - [TEST_STEP][PASSED] - callTestCase(findTestCase("mobileWeb/_include/filter_stm"), ["carrier":"aspen"], STOP_ON_FAILURE): Call Test Case 'Test Cases/mobileWeb/_include/filter_stm' successfully&#xD;
&#xD;
2019-09-05 13:25:38 - [TEST_CASE][PASSED] - Test Cases/mobileWeb/_include/filter_stm: Test Cases/mobileWeb/_include/filter_stm&#xD;
&#xD;
2019-09-05 13:25:38 - [TEST_STEP][PASSED] - driver = getWebDriver(): null&#xD;
&#xD;
2019-09-05 13:25:38 - [TEST_STEP][PASSED] - selenium = new com.thoughtworks.selenium.webdriven.WebDriverBackedSelenium(driver, internal.GlobalVariable.ENV): null&#xD;
&#xD;
2019-09-05 13:25:38 - [TEST_STEP][PASSED] - Thread.sleep(1000): null&#xD;
&#xD;
2019-09-05 13:25:39 - [TEST_STEP][PASSED] - click(findTestObject("mobileSanity/STM/STM Quote Page/button_filters")): Object: 'Object Repository/mobileSanity/STM/STM Quote Page/button_filters' is clicked on&#xD;
&#xD;
2019-09-05 13:25:39 - [MESSAGE][PASSED] - Object: 'Object Repository/mobileSanity/STM/STM Quote Page/button_filters' is clicked on&#xD;
&#xD;
2019-09-05 13:25:39 - [TEST_STEP][PASSED] - Thread.sleep(1000): null&#xD;
&#xD;
2019-09-05 13:25:40 - [TEST_STEP][PASSED] - click(findTestObject("mobileSanity/STM/STM Quote Page/i_Insurance company")): Object: 'Object Repository/mobileSanity/STM/STM Quote Page/i_Insurance company' is clicked on&#xD;
&#xD;
2019-09-05 13:25:41 - [MESSAGE][PASSED] - Object: 'Object Repository/mobileSanity/STM/STM Quote Page/i_Insurance company' is clicked on&#xD;
&#xD;
2019-09-05 13:25:41 - [TEST_STEP][PASSED] - Thread.sleep(1000): null&#xD;
&#xD;
2019-09-05 13:25:42 - [TEST_STEP][PASSED] - filter_carrier = "//input[@name='filter[carrier]' and @value='" + carrier + "']/following::label": null&#xD;
&#xD;
2019-09-05 13:25:42 - [TEST_STEP][PASSED] - println(filter_carrier): null&#xD;
&#xD;
2019-09-05 13:25:42 - [TEST_STEP][PASSED] - test.MobileKeywords.clickJS_ByXpath(filter_carrier): test.MobileKeywords.clickJS_ByXpath is PASSED&#xD;
&#xD;
2019-09-05 13:25:42 - [MESSAGE][PASSED] - Execute JavaScript 'arguments[0].click()' successfully&#xD;
&#xD;
2019-09-05 13:25:42 - [MESSAGE][PASSED] - test.MobileKeywords.clickJS_ByXpath is PASSED&#xD;
&#xD;
2019-09-05 13:25:42 - [TEST_STEP][PASSED] - Thread.sleep(1000): null&#xD;
&#xD;
2019-09-05 13:25:43 - [TEST_STEP][PASSED] - scrollToElement(findTestObject("mobileSanity/STM/STM Quote Page/a_Show Plans"), 1000): Scroll to object 'Object Repository/mobileSanity/STM/STM Quote Page/a_Show Plans' successfully&#xD;
&#xD;
2019-09-05 13:25:43 - [MESSAGE][PASSED] - Scroll to object 'Object Repository/mobileSanity/STM/STM Quote Page/a_Show Plans' successfully&#xD;
&#xD;
2019-09-05 13:25:43 - [TEST_STEP][PASSED] - click(findTestObject("mobileSanity/STM/STM Quote Page/a_Show Plans")): Object: 'Object Repository/mobileSanity/STM/STM Quote Page/a_Show Plans' is clicked on&#xD;
&#xD;
2019-09-05 13:25:43 - [MESSAGE][PASSED] - Object: 'Object Repository/mobileSanity/STM/STM Quote Page/a_Show Plans' is clicked on&#xD;
&#xD;
2019-09-05 13:25:43 - [TEST_STEP][PASSED] - waitForJQueryLoad(20, STOP_ON_FAILURE): jQuery is ready.&#xD;
&#xD;
2019-09-05 13:25:44 - [MESSAGE][PASSED] - jQuery is ready.&#xD;
&#xD;
2019-09-05 13:25:44 - [TEST_STEP][PASSED] - Thread.sleep(2000): null&#xD;
&#xD;
2019-09-05 13:25:46 - [TEST_STEP][PASSED] - callTestCase(findTestCase("mobileWeb/_include/get_screenshot"), [:], STOP_ON_FAILURE): Call Test Case 'Test Cases/mobileWeb/_include/get_screenshot' successfully&#xD;
&#xD;
2019-09-05 13:25:46 - [TEST_CASE][PASSED] - Test Cases/mobileWeb/_include/get_screenshot: Test Cases/mobileWeb/_include/get_screenshot&#xD;
&#xD;
2019-09-05 13:25:46 - [TEST_STEP][PASSED] - takeScreenshot(screenPath + i + ".png"): Taking screenshot successfully&#xD;
&#xD;
2019-09-05 13:25:47 - [MESSAGE][PASSED] - Taking screenshot successfully&#xD;
[[ATTACHMENT|D:\\Test\\AgileTest\\AgileTest\\Reports\\mobileWeb\\stm\\20190905_131101\\../Screenshots/iPhone X/stm/Aspen/20190905_132500/3.png]]&#xD;
&#xD;
2019-09-05 13:25:47 - [TEST_STEP][PASSED] - (internal.GlobalVariable.i++): null&#xD;
&#xD;
2019-09-05 13:25:47 - [MESSAGE][PASSED] - Call Test Case 'Test Cases/mobileWeb/_include/get_screenshot' successfully&#xD;
&#xD;
2019-09-05 13:25:47 - [MESSAGE][PASSED] - Call Test Case 'Test Cases/mobileWeb/_include/filter_stm' successfully&#xD;
&#xD;
2019-09-05 13:25:47 - [TEST_STEP][PASSED] - callTestCase(findTestCase("mobileWeb/_include/goToDetail_stm"), ["carrier":"aspen"], STOP_ON_FAILURE): Call Test Case 'Test Cases/mobileWeb/_include/goToDetail_stm' successfully&#xD;
&#xD;
2019-09-05 13:25:47 - [TEST_CASE][PASSED] - Test Cases/mobileWeb/_include/goToDetail_stm: Test Cases/mobileWeb/_include/goToDetail_stm&#xD;
&#xD;
2019-09-05 13:25:47 - [TEST_STEP][PASSED] - driver = getWebDriver(): null&#xD;
&#xD;
2019-09-05 13:25:47 - [TEST_STEP][PASSED] - selenium = new com.thoughtworks.selenium.webdriven.WebDriverBackedSelenium(driver, internal.GlobalVariable.ENV): null&#xD;
&#xD;
2019-09-05 13:25:47 - [TEST_STEP][PASSED] - a_plan_name = "xpath=//a[contains(@href,'/term-health-insurance/plan/" + carrier + "')]": null&#xD;
&#xD;
2019-09-05 13:25:47 - [TEST_STEP][PASSED] - println(a_plan_name): null&#xD;
&#xD;
2019-09-05 13:25:47 - [TEST_STEP][PASSED] - selenium.click(a_plan_name): null&#xD;
&#xD;
2019-09-05 13:25:51 - [TEST_STEP][PASSED] - waitForPageLoad(20): Wait for page load successfully&#xD;
&#xD;
2019-09-05 13:25:51 - [MESSAGE][PASSED] - Wait for page load successfully&#xD;
&#xD;
2019-09-05 13:25:51 - [TEST_STEP][PASSED] - Thread.sleep(2000): null&#xD;
&#xD;
2019-09-05 13:25:53 - [TEST_STEP][PASSED] - callTestCase(findTestCase("mobileWeb/_include/get_screenshot"), [:], STOP_ON_FAILURE): Call Test Case 'Test Cases/mobileWeb/_include/get_screenshot' successfully&#xD;
&#xD;
2019-09-05 13:25:53 - [TEST_CASE][PASSED] - Test Cases/mobileWeb/_include/get_screenshot: Test Cases/mobileWeb/_include/get_screenshot&#xD;
&#xD;
2019-09-05 13:25:53 - [TEST_STEP][PASSED] - takeScreenshot(screenPath + i + ".png"): Taking screenshot successfully&#xD;
&#xD;
2019-09-05 13:25:54 - [MESSAGE][PASSED] - Taking screenshot successfully&#xD;
[[ATTACHMENT|D:\\Test\\AgileTest\\AgileTest\\Reports\\mobileWeb\\stm\\20190905_131101\\../Screenshots/iPhone X/stm/Aspen/20190905_132500/4.png]]&#xD;
&#xD;
2019-09-05 13:25:54 - [TEST_STEP][PASSED] - (internal.GlobalVariable.i++): null&#xD;
&#xD;
2019-09-05 13:25:54 - [MESSAGE][PASSED] - Call Test Case 'Test Cases/mobileWeb/_include/get_screenshot' successfully&#xD;
&#xD;
2019-09-05 13:25:54 - [MESSAGE][PASSED] - Call Test Case 'Test Cases/mobileWeb/_include/goToDetail_stm' successfully&#xD;
&#xD;
2019-09-05 13:25:54 - [TEST_STEP][PASSED] - callTestCase(findTestCase("mobileWeb/_include/apply_stm"), [:], STOP_ON_FAILURE): Call Test Case 'Test Cases/mobileWeb/_include/apply_stm' successfully&#xD;
&#xD;
2019-09-05 13:25:54 - [TEST_CASE][PASSED] - Test Cases/mobileWeb/_include/apply_stm: Test Cases/mobileWeb/_include/apply_stm&#xD;
&#xD;
2019-09-05 13:25:54 - [TEST_STEP][PASSED] - waitForElementVisible(findTestObject("mobileSanity/STM/STM PlanDetail Page/a_Apply for This Plan"), 5): Object 'Object Repository/mobileSanity/STM/STM PlanDetail Page/a_Apply for This Plan' is visible&#xD;
&#xD;
2019-09-05 13:25:54 - [MESSAGE][PASSED] - Object 'Object Repository/mobileSanity/STM/STM PlanDetail Page/a_Apply for This Plan' is visible&#xD;
&#xD;
2019-09-05 13:25:54 - [TEST_STEP][PASSED] - click(findTestObject("mobileSanity/STM/STM PlanDetail Page/a_Apply for This Plan")): Object: 'Object Repository/mobileSanity/STM/STM PlanDetail Page/a_Apply for This Plan' is clicked on&#xD;
&#xD;
2019-09-05 13:25:55 - [MESSAGE][PASSED] - Object: 'Object Repository/mobileSanity/STM/STM PlanDetail Page/a_Apply for This Plan' is clicked on&#xD;
&#xD;
2019-09-05 13:25:55 - [TEST_STEP][PASSED] - waitForPageLoad(10): Wait for page load successfully&#xD;
&#xD;
2019-09-05 13:25:56 - [MESSAGE][PASSED] - Wait for page load successfully&#xD;
&#xD;
2019-09-05 13:25:56 - [TEST_STEP][PASSED] - Thread.sleep(2000): null&#xD;
&#xD;
2019-09-05 13:25:58 - [TEST_STEP][PASSED] - callTestCase(findTestCase("mobileWeb/_include/get_screenshot"), [:], STOP_ON_FAILURE): Call Test Case 'Test Cases/mobileWeb/_include/get_screenshot' successfully&#xD;
&#xD;
2019-09-05 13:25:58 - [TEST_CASE][PASSED] - Test Cases/mobileWeb/_include/get_screenshot: Test Cases/mobileWeb/_include/get_screenshot&#xD;
&#xD;
2019-09-05 13:25:58 - [TEST_STEP][PASSED] - takeScreenshot(screenPath + i + ".png"): Taking screenshot successfully&#xD;
&#xD;
2019-09-05 13:25:58 - [MESSAGE][PASSED] - Taking screenshot successfully&#xD;
[[ATTACHMENT|D:\\Test\\AgileTest\\AgileTest\\Reports\\mobileWeb\\stm\\20190905_131101\\../Screenshots/iPhone X/stm/Aspen/20190905_132500/5.png]]&#xD;
&#xD;
2019-09-05 13:25:58 - [TEST_STEP][PASSED] - (internal.GlobalVariable.i++): null&#xD;
&#xD;
2019-09-05 13:25:58 - [MESSAGE][PASSED] - Call Test Case 'Test Cases/mobileWeb/_include/get_screenshot' successfully&#xD;
&#xD;
2019-09-05 13:25:58 - [TEST_STEP][PASSED] - waitForElementVisible(findTestObject("mobileSanity/STM/STM Apply Page/a_Start Secure Application"), 5): Object 'Object Repository/mobileSanity/STM/STM Apply Page/a_Start Secure Application' is visible&#xD;
&#xD;
2019-09-05 13:25:58 - [MESSAGE][PASSED] - Object 'Object Repository/mobileSanity/STM/STM Apply Page/a_Start Secure Application' is visible&#xD;
&#xD;
2019-09-05 13:25:58 - [TEST_STEP][PASSED] - click(findTestObject("mobileSanity/STM/STM Apply Page/a_Start Secure Application")): Object: 'Object Repository/mobileSanity/STM/STM Apply Page/a_Start Secure Application' is clicked on&#xD;
&#xD;
2019-09-05 13:26:00 - [MESSAGE][PASSED] - Object: 'Object Repository/mobileSanity/STM/STM Apply Page/a_Start Secure Application' is clicked on&#xD;
&#xD;
2019-09-05 13:26:00 - [TEST_STEP][PASSED] - waitForPageLoad(20): Wait for page load successfully&#xD;
&#xD;
2019-09-05 13:26:00 - [MESSAGE][PASSED] - Wait for page load successfully&#xD;
&#xD;
2019-09-05 13:26:00 - [TEST_STEP][PASSED] - Thread.sleep(2000): null&#xD;
&#xD;
2019-09-05 13:26:02 - [TEST_STEP][PASSED] - callTestCase(findTestCase("mobileWeb/_include/get_screenshot"), [:], STOP_ON_FAILURE): Call Test Case 'Test Cases/mobileWeb/_include/get_screenshot' successfully&#xD;
&#xD;
2019-09-05 13:26:02 - [TEST_CASE][PASSED] - Test Cases/mobileWeb/_include/get_screenshot: Test Cases/mobileWeb/_include/get_screenshot&#xD;
&#xD;
2019-09-05 13:26:02 - [TEST_STEP][PASSED] - takeScreenshot(screenPath + i + ".png"): Taking screenshot successfully&#xD;
&#xD;
2019-09-05 13:26:03 - [MESSAGE][PASSED] - Taking screenshot successfully&#xD;
[[ATTACHMENT|D:\\Test\\AgileTest\\AgileTest\\Reports\\mobileWeb\\stm\\20190905_131101\\../Screenshots/iPhone X/stm/Aspen/20190905_132500/6.png]]&#xD;
&#xD;
2019-09-05 13:26:03 - [TEST_STEP][PASSED] - (internal.GlobalVariable.i++): null&#xD;
&#xD;
2019-09-05 13:26:03 - [MESSAGE][PASSED] - Call Test Case 'Test Cases/mobileWeb/_include/get_screenshot' successfully&#xD;
&#xD;
2019-09-05 13:26:03 - [MESSAGE][PASSED] - Call Test Case 'Test Cases/mobileWeb/_include/apply_stm' successfully&#xD;
&#xD;
2019-09-05 13:26:03 - [TEST_STEP][PASSED] - callTestCase(findTestCase("mobileWeb/_include/goToEnd_stm_autofill"), [:], STOP_ON_FAILURE): Call Test Case 'Test Cases/mobileWeb/_include/goToEnd_stm_autofill' successfully&#xD;
&#xD;
2019-09-05 13:26:03 - [TEST_CASE][PASSED] - Test Cases/mobileWeb/_include/goToEnd_stm_autofill: Test Cases/mobileWeb/_include/goToEnd_stm_autofill&#xD;
&#xD;
2019-09-05 13:26:03 - [TEST_STEP][PASSED] - callTestCase(findTestCase("mobileWeb/_include/name"), [:], CONTINUE_ON_FAILURE): Call Test Case 'Test Cases/mobileWeb/_include/name' successfully&#xD;
&#xD;
2019-09-05 13:26:03 - [TEST_CASE][PASSED] - Test Cases/mobileWeb/_include/name: Test Cases/mobileWeb/_include/name&#xD;
&#xD;
2019-09-05 13:26:03 - [TEST_STEP][PASSED] - driver = getWebDriver(): null&#xD;
&#xD;
2019-09-05 13:26:03 - [TEST_STEP][PASSED] - selenium = new com.thoughtworks.selenium.webdriven.WebDriverBackedSelenium(driver, internal.GlobalVariable.ENV): null&#xD;
&#xD;
2019-09-05 13:26:03 - [TEST_STEP][PASSED] - FirstName = "Test-123": null&#xD;
&#xD;
2019-09-05 13:26:03 - [TEST_STEP][PASSED] - LastName = selenium.getEval("{var x="ABCDEFGHIJKLMNOPQRSTUVWXYZabcdefghijklmnopqrstuvwxyz"; var tmp="ZZ11-"; for (i=0;i&lt;8;i++) tmp+=x.charAt(Math.ceil(51*Math.random()));tmp;}"): null&#xD;
&#xD;
2019-09-05 13:26:03 - [TEST_STEP][PASSED] - Address = selenium.getEval("{var x="ABCDEFGHIJKLMNOPQRSTUVWXYZabcdefghijklmnopqrstuvwxyz"; var tmp=""; for (i=0;i&lt;8;i++) tmp+=x.charAt(Math.ceil(51*Math.random()));tmp;}"): null&#xD;
&#xD;
2019-09-05 13:26:03 - [TEST_STEP][PASSED] - City = selenium.getEval("{var x="ABCDEFGHIJKLMNOPQRSTUVWXYZabcdefghijklmnopqrstuvwxyz"; var tmp=""; for (i=0;i&lt;8;i++) tmp+=x.charAt(Math.ceil(51*Math.random()));tmp;}"): null&#xD;
&#xD;
2019-09-05 13:26:03 - [TEST_STEP][PASSED] - tel1 = selenium.getEval("{var x="123456789"; var tmp=""; for (i=0;i&lt;3;i++) tmp+=x.charAt(Math.ceil(8*Math.random()));tmp;}"): null&#xD;
&#xD;
2019-09-05 13:26:03 - [TEST_STEP][PASSED] - tel2 = selenium.getEval("{var x="123456789"; var tmp=""; for (i=0;i&lt;3;i++) tmp+=x.charAt(Math.ceil(8*Math.random()));tmp;}"): null&#xD;
&#xD;
2019-09-05 13:26:03 - [TEST_STEP][PASSED] - tel3 = selenium.getEval("{var x="123456789"; var tmp=""; for (i=0;i&lt;4;i++) tmp+=x.charAt(Math.ceil(8*Math.random()));tmp;}"): null&#xD;
&#xD;
2019-09-05 13:26:03 - [TEST_STEP][PASSED] - Tel = selenium.getExpression(tel1 + "-" + tel2 + "-" + tel3): null&#xD;
&#xD;
2019-09-05 13:26:03 - [TEST_STEP][PASSED] - AutoEmail = selenium.getEval("{var x="ABCDEFGHIJKLMNOPQRSTUVWXYZabcdefghijklmnopqrstuvwxyz"; var tmp="test."; for (i=0;i&lt;8;i++) tmp+=x.charAt(Math.ceil(51*Math.random()));tmp+="@suryani.cn";}"): null&#xD;
&#xD;
2019-09-05 13:26:03 - [TEST_STEP][PASSED] - FirstName = FirstName: null&#xD;
&#xD;
2019-09-05 13:26:03 - [TEST_STEP][PASSED] - LastName = LastName: null&#xD;
&#xD;
2019-09-05 13:26:03 - [TEST_STEP][PASSED] - Address = Address: null&#xD;
&#xD;
2019-09-05 13:26:03 - [TEST_STEP][PASSED] - City = City: null&#xD;
&#xD;
2019-09-05 13:26:03 - [TEST_STEP][PASSED] - Tel = Tel: null&#xD;
&#xD;
2019-09-05 13:26:03 - [TEST_STEP][PASSED] - AutoEmail = AutoEmail: null&#xD;
&#xD;
2019-09-05 13:26:03 - [TEST_STEP][PASSED] - println(FirstName): null&#xD;
&#xD;
2019-09-05 13:26:03 - [TEST_STEP][PASSED] - println(LastName): null&#xD;
&#xD;
2019-09-05 13:26:03 - [TEST_STEP][PASSED] - println(Address): null&#xD;
&#xD;
2019-09-05 13:26:03 - [TEST_STEP][PASSED] - println(City): null&#xD;
&#xD;
2019-09-05 13:26:03 - [TEST_STEP][PASSED] - println(Tel): null&#xD;
&#xD;
2019-09-05 13:26:03 - [TEST_STEP][PASSED] - println(AutoEmail): null&#xD;
&#xD;
2019-09-05 13:26:03 - [MESSAGE][PASSED] - Call Test Case 'Test Cases/mobileWeb/_include/name' successfully&#xD;
&#xD;
2019-09-05 13:26:04 - [TEST_STEP][FAILED] - try: Unable to verify text 'Month Duration Acknowledgement' is present  (Root cause: com.kms.katalon.core.exception.StepFailedException: Unable to verify text 'Month Duration Acknowledgement' is present &#xD;
	at com.kms.katalon.core.webui.keyword.internal.WebUIKeywordMain.stepFailed(WebUIKeywordMain.groovy:64)&#xD;
	at com.kms.katalon.core.webui.keyword.internal.WebUIKeywordMain.runKeyword(WebUIKeywordMain.groovy:26)&#xD;
	at com.kms.katalon.core.webui.keyword.builtin.VerifyTextPresentKeyword.verifyTextPresent(VerifyTextPresentKeyword.groovy:83)&#xD;
	at com.kms.katalon.core.webui.keyword.builtin.VerifyTextPresentKeyword.execute(VerifyTextPresentKeyword.groovy:68)&#xD;
	at com.kms.katalon.core.keyword.internal.KeywordExecutor.executeKeywordForPlatform(KeywordExecutor.groovy:56)&#xD;
	at com.kms.katalon.core.webui.keyword.WebUiBuiltInKeywords.verifyTextPresent(WebUiBuiltInKeywords.groovy:1693)&#xD;
	at com.kms.katalon.core.webui.keyword.WebUiBuiltInKeywords$verifyTextPresent$9.call(Unknown Source)&#xD;
	at goToEnd_stm_autofill.run(goToEnd_stm_autofill:19)&#xD;
	at com.kms.katalon.core.main.ScriptEngine.run(ScriptEngine.java:194)&#xD;
	at com.kms.katalon.core.main.ScriptEngine.runScriptAsRawText(ScriptEngine.java:119)&#xD;
	at com.kms.katalon.core.main.TestCaseExecutor.runScript(TestCaseExecutor.java:337)&#xD;
	at com.kms.katalon.core.main.TestCaseExecutor.doExecute(TestCaseExecutor.java:328)&#xD;
	at com.kms.katalon.core.main.TestCaseExecutor.processExecutionPhase(TestCaseExecutor.java:307)&#xD;
	at com.kms.katalon.core.main.TestCaseExecutor.accessMainPhase(TestCaseExecutor.java:299)&#xD;
	at com.kms.katalon.core.main.TestCaseExecutor.execute(TestCaseExecutor.java:233)&#xD;
	at com.kms.katalon.core.main.TestCaseMain.runTestCase(TestCaseMain.java:114)&#xD;
	at com.kms.katalon.core.keyword.builtin.CallTestCaseKeyword$_callTestCase_closure1.doCall(CallTestCaseKeyword.groovy:59)&#xD;
	at com.kms.katalon.core.keyword.builtin.CallTestCaseKeyword$_callTestCase_closure1.call(CallTestCaseKeyword.groovy)&#xD;
	at com.kms.katalon.core.keyword.internal.KeywordMain.runKeyword(KeywordMain.groovy:68)&#xD;
	at com.kms.katalon.core.keyword.builtin.CallTestCaseKeyword.callTestCase(CallTestCaseKeyword.groovy:81)&#xD;
	at com.kms.katalon.core.keyword.builtin.CallTestCaseKeyword.execute(CallTestCaseKeyword.groovy:44)&#xD;
	at com.kms.katalon.core.keyword.internal.KeywordExecutor.executeKeywordForPlatform(KeywordExecutor.groovy:56)&#xD;
	at com.kms.katalon.core.keyword.BuiltinKeywords.callTestCase(BuiltinKeywords.groovy:334)&#xD;
	at Aspen.run(Aspen:31)&#xD;
	at com.kms.katalon.core.main.ScriptEngine.run(ScriptEngine.java:194)&#xD;
	at com.kms.katalon.core.main.ScriptEngine.runScriptAsRawText(ScriptEngine.java:119)&#xD;
	at com.kms.katalon.core.main.TestCaseExecutor.runScript(TestCaseExecutor.java:337)&#xD;
	at com.kms.katalon.core.main.TestCaseExecutor.doExecute(TestCaseExecutor.java:328)&#xD;
	at com.kms.katalon.core.main.TestCaseExecutor.processExecutionPhase(TestCaseExecutor.java:307)&#xD;
	at com.kms.katalon.core.main.TestCaseExecutor.accessMainPhase(TestCaseExecutor.java:299)&#xD;
	at com.kms.katalon.core.main.TestCaseExecutor.execute(TestCaseExecutor.java:233)&#xD;
	at com.kms.katalon.core.main.TestSuiteExecutor.accessTestCaseMainPhase(TestSuiteExecutor.java:133)&#xD;
	at com.kms.katalon.core.main.TestSuiteExecutor.accessTestSuiteMainPhase(TestSuiteExecutor.java:116)&#xD;
	at com.kms.katalon.core.main.TestSuiteExecutor.execute(TestSuiteExecutor.java:83)&#xD;
	at com.kms.katalon.core.main.TestCaseMain.startTestSuite(TestCaseMain.java:157)&#xD;
	at com.kms.katalon.core.main.TestCaseMain$startTestSuite$0.call(Unknown Source)&#xD;
	at TempTestSuite1567660261320.run(TempTestSuite1567660261320.groovy:35)&#xD;
Caused by: com.kms.katalon.core.exception.StepFailedException: Text 'Month Duration Acknowledgement' is not present on page &#xD;
	at com.kms.katalon.core.webui.keyword.internal.WebUIKeywordMain.stepFailed(WebUIKeywordMain.groovy:64)&#xD;
	at com.kms.katalon.core.webui.keyword.builtin.VerifyTextPresentKeyword$_verifyTextPresent_closure1.doCall(VerifyTextPresentKeyword.groovy:79)&#xD;
	at com.kms.katalon.core.webui.keyword.builtin.VerifyTextPresentKeyword$_verifyTextPresent_closure1.call(VerifyTextPresentKeyword.groovy)&#xD;
	at com.kms.katalon.core.webui.keyword.internal.WebUIKeywordMain.runKeyword(WebUIKeywordMain.groovy:20)&#xD;
	... 35 more&#xD;
)&#xD;
&#xD;
2019-09-05 13:26:04 - [TEST_STEP][FAILED] - if (verifyTextPresent("Month Duration Acknowledgement", false)): Unable to verify text 'Month Duration Acknowledgement' is present  (Root cause: com.kms.katalon.core.exception.StepFailedException: Unable to verify text 'Month Duration Acknowledgement' is present &#xD;
	at com.kms.katalon.core.webui.keyword.internal.WebUIKeywordMain.stepFailed(WebUIKeywordMain.groovy:64)&#xD;
	at com.kms.katalon.core.webui.keyword.internal.WebUIKeywordMain.runKeyword(WebUIKeywordMain.groovy:26)&#xD;
	at com.kms.katalon.core.webui.keyword.builtin.VerifyTextPresentKeyword.verifyTextPresent(VerifyTextPresentKeyword.groovy:83)&#xD;
	at com.kms.katalon.core.webui.keyword.builtin.VerifyTextPresentKeyword.execute(VerifyTextPresentKeyword.groovy:68)&#xD;
	at com.kms.katalon.core.keyword.internal.KeywordExecutor.executeKeywordForPlatform(KeywordExecutor.groovy:56)&#xD;
	at com.kms.katalon.core.webui.keyword.WebUiBuiltInKeywords.verifyTextPresent(WebUiBuiltInKeywords.groovy:1693)&#xD;
	at com.kms.katalon.core.webui.keyword.WebUiBuiltInKeywords$verifyTextPresent$9.call(Unknown Source)&#xD;
	at goToEnd_stm_autofill.run(goToEnd_stm_autofill:19)&#xD;
	at com.kms.katalon.core.main.ScriptEngine.run(ScriptEngine.java:194)&#xD;
	at com.kms.katalon.core.main.ScriptEngine.runScriptAsRawText(ScriptEngine.java:119)&#xD;
	at com.kms.katalon.core.main.TestCaseExecutor.runScript(TestCaseExecutor.java:337)&#xD;
	at com.kms.katalon.core.main.TestCaseExecutor.doExecute(TestCaseExecutor.java:328)&#xD;
	at com.kms.katalon.core.main.TestCaseExecutor.processExecutionPhase(TestCaseExecutor.java:307)&#xD;
	at com.kms.katalon.core.main.TestCaseExecutor.accessMainPhase(TestCaseExecutor.java:299)&#xD;
	at com.kms.katalon.core.main.TestCaseExecutor.execute(TestCaseExecutor.java:233)&#xD;
	at com.kms.katalon.core.main.TestCaseMain.runTestCase(TestCaseMain.java:114)&#xD;
	at com.kms.katalon.core.keyword.builtin.CallTestCaseKeyword$_callTestCase_closure1.doCall(CallTestCaseKeyword.groovy:59)&#xD;
	at com.kms.katalon.core.keyword.builtin.CallTestCaseKeyword$_callTestCase_closure1.call(CallTestCaseKeyword.groovy)&#xD;
	at com.kms.katalon.core.keyword.internal.KeywordMain.runKeyword(KeywordMain.groovy:68)&#xD;
	at com.kms.katalon.core.keyword.builtin.CallTestCaseKeyword.callTestCase(CallTestCaseKeyword.groovy:81)&#xD;
	at com.kms.katalon.core.keyword.builtin.CallTestCaseKeyword.execute(CallTestCaseKeyword.groovy:44)&#xD;
	at com.kms.katalon.core.keyword.internal.KeywordExecutor.executeKeywordForPlatform(KeywordExecutor.groovy:56)&#xD;
	at com.kms.katalon.core.keyword.BuiltinKeywords.callTestCase(BuiltinKeywords.groovy:334)&#xD;
	at Aspen.run(Aspen:31)&#xD;
	at com.kms.katalon.core.main.ScriptEngine.run(ScriptEngine.java:194)&#xD;
	at com.kms.katalon.core.main.ScriptEngine.runScriptAsRawText(ScriptEngine.java:119)&#xD;
	at com.kms.katalon.core.main.TestCaseExecutor.runScript(TestCaseExecutor.java:337)&#xD;
	at com.kms.katalon.core.main.TestCaseExecutor.doExecute(TestCaseExecutor.java:328)&#xD;
	at com.kms.katalon.core.main.TestCaseExecutor.processExecutionPhase(TestCaseExecutor.java:307)&#xD;
	at com.kms.katalon.core.main.TestCaseExecutor.accessMainPhase(TestCaseExecutor.java:299)&#xD;
	at com.kms.katalon.core.main.TestCaseExecutor.execute(TestCaseExecutor.java:233)&#xD;
	at com.kms.katalon.core.main.TestSuiteExecutor.accessTestCaseMainPhase(TestSuiteExecutor.java:133)&#xD;
	at com.kms.katalon.core.main.TestSuiteExecutor.accessTestSuiteMainPhase(TestSuiteExecutor.java:116)&#xD;
	at com.kms.katalon.core.main.TestSuiteExecutor.execute(TestSuiteExecutor.java:83)&#xD;
	at com.kms.katalon.core.main.TestCaseMain.startTestSuite(TestCaseMain.java:157)&#xD;
	at com.kms.katalon.core.main.TestCaseMain$startTestSuite$0.call(Unknown Source)&#xD;
	at TempTestSuite1567660261320.run(TempTestSuite1567660261320.groovy:35)&#xD;
Caused by: com.kms.katalon.core.exception.StepFailedException: Text 'Month Duration Acknowledgement' is not present on page &#xD;
	at com.kms.katalon.core.webui.keyword.internal.WebUIKeywordMain.stepFailed(WebUIKeywordMain.groovy:64)&#xD;
	at com.kms.katalon.core.webui.keyword.builtin.VerifyTextPresentKeyword$_verifyTextPresent_closure1.doCall(VerifyTextPresentKeyword.groovy:79)&#xD;
	at com.kms.katalon.core.webui.keyword.builtin.VerifyTextPresentKeyword$_verifyTextPresent_closure1.call(VerifyTextPresentKeyword.groovy)&#xD;
	at com.kms.katalon.core.webui.keyword.internal.WebUIKeywordMain.runKeyword(WebUIKeywordMain.groovy:20)&#xD;
	... 35 more&#xD;
)&#xD;
&#xD;
2019-09-05 13:26:04 - [MESSAGE][FAILED] - Text 'Month Duration Acknowledgement' is not present on page  (Root cause: com.kms.katalon.core.exception.StepFailedException: Text 'Month Duration Acknowledgement' is not present on page &#xD;
	at com.kms.katalon.core.webui.keyword.internal.WebUIKeywordMain.stepFailed(WebUIKeywordMain.groovy:64)&#xD;
	at com.kms.katalon.core.webui.keyword.builtin.VerifyTextPresentKeyword$_verifyTextPresent_closure1.doCall(VerifyTextPresentKeyword.groovy:79)&#xD;
	at com.kms.katalon.core.webui.keyword.builtin.VerifyTextPresentKeyword$_verifyTextPresent_closure1.call(VerifyTextPresentKeyword.groovy)&#xD;
	at com.kms.katalon.core.webui.keyword.internal.WebUIKeywordMain.runKeyword(WebUIKeywordMain.groovy:20)&#xD;
	at com.kms.katalon.core.webui.keyword.builtin.VerifyTextPresentKeyword.verifyTextPresent(VerifyTextPresentKeyword.groovy:83)&#xD;
	at com.kms.katalon.core.webui.keyword.builtin.VerifyTextPresentKeyword.execute(VerifyTextPresentKeyword.groovy:68)&#xD;
	at com.kms.katalon.core.keyword.internal.KeywordExecutor.executeKeywordForPlatform(KeywordExecutor.groovy:56)&#xD;
	at com.kms.katalon.core.webui.keyword.WebUiBuiltInKeywords.verifyTextPresent(WebUiBuiltInKeywords.groovy:1693)&#xD;
	at com.kms.katalon.core.webui.keyword.WebUiBuiltInKeywords$verifyTextPresent$9.call(Unknown Source)&#xD;
	at goToEnd_stm_autofill.run(goToEnd_stm_autofill:19)&#xD;
	at com.kms.katalon.core.main.ScriptEngine.run(ScriptEngine.java:194)&#xD;
	at com.kms.katalon.core.main.ScriptEngine.runScriptAsRawText(ScriptEngine.java:119)&#xD;
	at com.kms.katalon.core.main.TestCaseExecutor.runScript(TestCaseExecutor.java:337)&#xD;
	at com.kms.katalon.core.main.TestCaseExecutor.doExecute(TestCaseExecutor.java:328)&#xD;
	at com.kms.katalon.core.main.TestCaseExecutor.processExecutionPhase(TestCaseExecutor.java:307)&#xD;
	at com.kms.katalon.core.main.TestCaseExecutor.accessMainPhase(TestCaseExecutor.java:299)&#xD;
	at com.kms.katalon.core.main.TestCaseExecutor.execute(TestCaseExecutor.java:233)&#xD;
	at com.kms.katalon.core.main.TestCaseMain.runTestCase(TestCaseMain.java:114)&#xD;
	at com.kms.katalon.core.keyword.builtin.CallTestCaseKeyword$_callTestCase_closure1.doCall(CallTestCaseKeyword.groovy:59)&#xD;
	at com.kms.katalon.core.keyword.builtin.CallTestCaseKeyword$_callTestCase_closure1.call(CallTestCaseKeyword.groovy)&#xD;
	at com.kms.katalon.core.keyword.internal.KeywordMain.runKeyword(KeywordMain.groovy:68)&#xD;
	at com.kms.katalon.core.keyword.builtin.CallTestCaseKeyword.callTestCase(CallTestCaseKeyword.groovy:81)&#xD;
	at com.kms.katalon.core.keyword.builtin.CallTestCaseKeyword.execute(CallTestCaseKeyword.groovy:44)&#xD;
	at com.kms.katalon.core.keyword.internal.KeywordExecutor.executeKeywordForPlatform(KeywordExecutor.groovy:56)&#xD;
	at com.kms.katalon.core.keyword.BuiltinKeywords.callTestCase(BuiltinKeywords.groovy:334)&#xD;
	at Aspen.run(Aspen:31)&#xD;
	at com.kms.katalon.core.main.ScriptEngine.run(ScriptEngine.java:194)&#xD;
	at com.kms.katalon.core.main.ScriptEngine.runScriptAsRawText(ScriptEngine.java:119)&#xD;
	at com.kms.katalon.core.main.TestCaseExecutor.runScript(TestCaseExecutor.java:337)&#xD;
	at com.kms.katalon.core.main.TestCaseExecutor.doExecute(TestCaseExecutor.java:328)&#xD;
	at com.kms.katalon.core.main.TestCaseExecutor.processExecutionPhase(TestCaseExecutor.java:307)&#xD;
	at com.kms.katalon.core.main.TestCaseExecutor.accessMainPhase(TestCaseExecutor.java:299)&#xD;
	at com.kms.katalon.core.main.TestCaseExecutor.execute(TestCaseExecutor.java:233)&#xD;
	at com.kms.katalon.core.main.TestSuiteExecutor.accessTestCaseMainPhase(TestSuiteExecutor.java:133)&#xD;
	at com.kms.katalon.core.main.TestSuiteExecutor.accessTestSuiteMainPhase(TestSuiteExecutor.java:116)&#xD;
	at com.kms.katalon.core.main.TestSuiteExecutor.execute(TestSuiteExecutor.java:83)&#xD;
	at com.kms.katalon.core.main.TestCaseMain.startTestSuite(TestCaseMain.java:157)&#xD;
	at com.kms.katalon.core.main.TestCaseMain$startTestSuite$0.call(Unknown Source)&#xD;
	at TempTestSuite1567660261320.run(TempTestSuite1567660261320.groovy:35)&#xD;
)&#xD;
&#xD;
2019-09-05 13:26:05 - [MESSAGE][FAILED] - Unable to verify text 'Month Duration Acknowledgement' is present  (Root cause: com.kms.katalon.core.exception.StepFailedException: Unable to verify text 'Month Duration Acknowledgement' is present &#xD;
	at com.kms.katalon.core.webui.keyword.internal.WebUIKeywordMain.stepFailed(WebUIKeywordMain.groovy:64)&#xD;
	at com.kms.katalon.core.webui.keyword.internal.WebUIKeywordMain.runKeyword(WebUIKeywordMain.groovy:26)&#xD;
	at com.kms.katalon.core.webui.keyword.builtin.VerifyTextPresentKeyword.verifyTextPresent(VerifyTextPresentKeyword.groovy:83)&#xD;
	at com.kms.katalon.core.webui.keyword.builtin.VerifyTextPresentKeyword.execute(VerifyTextPresentKeyword.groovy:68)&#xD;
	at com.kms.katalon.core.keyword.internal.KeywordExecutor.executeKeywordForPlatform(KeywordExecutor.groovy:56)&#xD;
	at com.kms.katalon.core.webui.keyword.WebUiBuiltInKeywords.verifyTextPresent(WebUiBuiltInKeywords.groovy:1693)&#xD;
	at com.kms.katalon.core.webui.keyword.WebUiBuiltInKeywords$verifyTextPresent$9.call(Unknown Source)&#xD;
	at goToEnd_stm_autofill.run(goToEnd_stm_autofill:19)&#xD;
	at com.kms.katalon.core.main.ScriptEngine.run(ScriptEngine.java:194)&#xD;
	at com.kms.katalon.core.main.ScriptEngine.runScriptAsRawText(ScriptEngine.java:119)&#xD;
	at com.kms.katalon.core.main.TestCaseExecutor.runScript(TestCaseExecutor.java:337)&#xD;
	at com.kms.katalon.core.main.TestCaseExecutor.doExecute(TestCaseExecutor.java:328)&#xD;
	at com.kms.katalon.core.main.TestCaseExecutor.processExecutionPhase(TestCaseExecutor.java:307)&#xD;
	at com.kms.katalon.core.main.TestCaseExecutor.accessMainPhase(TestCaseExecutor.java:299)&#xD;
	at com.kms.katalon.core.main.TestCaseExecutor.execute(TestCaseExecutor.java:233)&#xD;
	at com.kms.katalon.core.main.TestCaseMain.runTestCase(TestCaseMain.java:114)&#xD;
	at com.kms.katalon.core.keyword.builtin.CallTestCaseKeyword$_callTestCase_closure1.doCall(CallTestCaseKeyword.groovy:59)&#xD;
	at com.kms.katalon.core.keyword.builtin.CallTestCaseKeyword$_callTestCase_closure1.call(CallTestCaseKeyword.groovy)&#xD;
	at com.kms.katalon.core.keyword.internal.KeywordMain.runKeyword(KeywordMain.groovy:68)&#xD;
	at com.kms.katalon.core.keyword.builtin.CallTestCaseKeyword.callTestCase(CallTestCaseKeyword.groovy:81)&#xD;
	at com.kms.katalon.core.keyword.builtin.CallTestCaseKeyword.execute(CallTestCaseKeyword.groovy:44)&#xD;
	at com.kms.katalon.core.keyword.internal.KeywordExecutor.executeKeywordForPlatform(KeywordExecutor.groovy:56)&#xD;
	at com.kms.katalon.core.keyword.BuiltinKeywords.callTestCase(BuiltinKeywords.groovy:334)&#xD;
	at Aspen.run(Aspen:31)&#xD;
	at com.kms.katalon.core.main.ScriptEngine.run(ScriptEngine.java:194)&#xD;
	at com.kms.katalon.core.main.ScriptEngine.runScriptAsRawText(ScriptEngine.java:119)&#xD;
	at com.kms.katalon.core.main.TestCaseExecutor.runScript(TestCaseExecutor.java:337)&#xD;
	at com.kms.katalon.core.main.TestCaseExecutor.doExecute(TestCaseExecutor.java:328)&#xD;
	at com.kms.katalon.core.main.TestCaseExecutor.processExecutionPhase(TestCaseExecutor.java:307)&#xD;
	at com.kms.katalon.core.main.TestCaseExecutor.accessMainPhase(TestCaseExecutor.java:299)&#xD;
	at com.kms.katalon.core.main.TestCaseExecutor.execute(TestCaseExecutor.java:233)&#xD;
	at com.kms.katalon.core.main.TestSuiteExecutor.accessTestCaseMainPhase(TestSuiteExecutor.java:133)&#xD;
	at com.kms.katalon.core.main.TestSuiteExecutor.accessTestSuiteMainPhase(TestSuiteExecutor.java:116)&#xD;
	at com.kms.katalon.core.main.TestSuiteExecutor.execute(TestSuiteExecutor.java:83)&#xD;
	at com.kms.katalon.core.main.TestCaseMain.startTestSuite(TestCaseMain.java:157)&#xD;
	at com.kms.katalon.core.main.TestCaseMain$startTestSuite$0.call(Unknown Source)&#xD;
	at TempTestSuite1567660261320.run(TempTestSuite1567660261320.groovy:35)&#xD;
Caused by: com.kms.katalon.core.exception.StepFailedException: Text 'Month Duration Acknowledgement' is not present on page &#xD;
	at com.kms.katalon.core.webui.keyword.internal.WebUIKeywordMain.stepFailed(WebUIKeywordMain.groovy:64)&#xD;
	at com.kms.katalon.core.webui.keyword.builtin.VerifyTextPresentKeyword$_verifyTextPresent_closure1.doCall(VerifyTextPresentKeyword.groovy:79)&#xD;
	at com.kms.katalon.core.webui.keyword.builtin.VerifyTextPresentKeyword$_verifyTextPresent_closure1.call(VerifyTextPresentKeyword.groovy)&#xD;
	at com.kms.katalon.core.webui.keyword.internal.WebUIKeywordMain.runKeyword(WebUIKeywordMain.groovy:20)&#xD;
	... 35 more&#xD;
)&#xD;
[[ATTACHMENT|D:\\Test\\AgileTest\\AgileTest\\Reports\\mobileWeb\\stm\\20190905_131101\\1567661165109.png]]&#xD;
&#xD;
2019-09-05 13:26:07 - [TEST_STEP][PASSED] - catch (Exception e): null&#xD;
&#xD;
2019-09-05 13:26:07 - [TEST_STEP][PASSED] - println("no consecutive"): null&#xD;
&#xD;
2019-09-05 13:26:07 - [TEST_STEP][PASSED] - waitForPageLoad(10): Wait for page load successfully&#xD;
&#xD;
2019-09-05 13:26:07 - [MESSAGE][PASSED] - Wait for page load successfully&#xD;
&#xD;
2019-09-05 13:26:07 - [TEST_STEP][PASSED] - Thread.sleep(3000): null&#xD;
&#xD;
2019-09-05 13:26:10 - [TEST_STEP][PASSED] - waitForElementVisible(findTestObject("mobileSanity/STM/Page_App Page 1/a_Autofill App Info"), 20): Object 'Object Repository/mobileSanity/STM/Page_App Page 1/a_Autofill App Info' is visible&#xD;
&#xD;
2019-09-05 13:26:10 - [MESSAGE][PASSED] - Object 'Object Repository/mobileSanity/STM/Page_App Page 1/a_Autofill App Info' is visible&#xD;
&#xD;
2019-09-05 13:26:10 - [TEST_STEP][PASSED] - click(findTestObject("mobileSanity/STM/Page_App Page 1/a_Autofill App Info")): Object: 'Object Repository/mobileSanity/STM/Page_App Page 1/a_Autofill App Info' is clicked on&#xD;
&#xD;
2019-09-05 13:26:10 - [MESSAGE][PASSED] - Object: 'Object Repository/mobileSanity/STM/Page_App Page 1/a_Autofill App Info' is clicked on&#xD;
&#xD;
2019-09-05 13:26:10 - [TEST_STEP][PASSED] - Thread.sleep(1000): null&#xD;
&#xD;
2019-09-05 13:26:11 - [TEST_STEP][PASSED] - click(findTestObject("mobileSanity/STM/Page_App Page 1/a_Autofill App Info")): Object: 'Object Repository/mobileSanity/STM/Page_App Page 1/a_Autofill App Info' is clicked on&#xD;
&#xD;
2019-09-05 13:26:11 - [MESSAGE][PASSED] - Object: 'Object Repository/mobileSanity/STM/Page_App Page 1/a_Autofill App Info' is clicked on&#xD;
&#xD;
2019-09-05 13:26:11 - [TEST_STEP][PASSED] - Thread.sleep(1000): null&#xD;
&#xD;
2019-09-05 13:26:12 - [TEST_STEP][PASSED] - waitForElementVisible(findTestObject("mobileSanity/STM/Page_App Page 1/a_Continue"), 20): Object 'Object Repository/mobileSanity/STM/Page_App Page 1/a_Continue' is visible&#xD;
&#xD;
2019-09-05 13:26:12 - [MESSAGE][PASSED] - Object 'Object Repository/mobileSanity/STM/Page_App Page 1/a_Continue' is visible&#xD;
&#xD;
2019-09-05 13:26:12 - [TEST_STEP][PASSED] - click(findTestObject("mobileSanity/STM/Page_App Page 1/a_Continue")): Object: 'Object Repository/mobileSanity/STM/Page_App Page 1/a_Continue' is clicked on&#xD;
&#xD;
2019-09-05 13:26:13 - [MESSAGE][PASSED] - Object: 'Object Repository/mobileSanity/STM/Page_App Page 1/a_Continue' is clicked on&#xD;
&#xD;
2019-09-05 13:26:13 - [TEST_STEP][PASSED] - waitForPageLoad(20): Wait for page load successfully&#xD;
&#xD;
2019-09-05 13:26:13 - [MESSAGE][PASSED] - Wait for page load successfully&#xD;
&#xD;
2019-09-05 13:26:13 - [TEST_STEP][PASSED] - Thread.sleep(2000): null&#xD;
&#xD;
2019-09-05 13:26:15 - [TEST_STEP][PASSED] - callTestCase(findTestCase("mobileWeb/_include/get_screenshot"), [:], STOP_ON_FAILURE): Call Test Case 'Test Cases/mobileWeb/_include/get_screenshot' successfully&#xD;
&#xD;
2019-09-05 13:26:15 - [TEST_CASE][PASSED] - Test Cases/mobileWeb/_include/get_screenshot: Test Cases/mobileWeb/_include/get_screenshot&#xD;
&#xD;
2019-09-05 13:26:15 - [TEST_STEP][PASSED] - takeScreenshot(screenPath + i + ".png"): Taking screenshot successfully&#xD;
&#xD;
2019-09-05 13:26:15 - [MESSAGE][PASSED] - Taking screenshot successfully&#xD;
[[ATTACHMENT|D:\\Test\\AgileTest\\AgileTest\\Reports\\mobileWeb\\stm\\20190905_131101\\../Screenshots/iPhone X/stm/Aspen/20190905_132500/7.png]]&#xD;
&#xD;
2019-09-05 13:26:15 - [TEST_STEP][PASSED] - (internal.GlobalVariable.i++): null&#xD;
&#xD;
2019-09-05 13:26:15 - [MESSAGE][PASSED] - Call Test Case 'Test Cases/mobileWeb/_include/get_screenshot' successfully&#xD;
&#xD;
2019-09-05 13:26:15 - [TEST_STEP][PASSED] - click(findTestObject("mobileSanity/STM/Page_App Page 2/a_Continue to Step 3 - Payment")): Object: 'Object Repository/mobileSanity/STM/Page_App Page 2/a_Continue to Step 3 - Payment' is clicked on&#xD;
&#xD;
2019-09-05 13:26:16 - [MESSAGE][PASSED] - Object: 'Object Repository/mobileSanity/STM/Page_App Page 2/a_Continue to Step 3 - Payment' is clicked on&#xD;
&#xD;
2019-09-05 13:26:16 - [TEST_STEP][PASSED] - waitForPageLoad(20): Wait for page load successfully&#xD;
&#xD;
2019-09-05 13:26:16 - [MESSAGE][PASSED] - Wait for page load successfully&#xD;
&#xD;
2019-09-05 13:26:16 - [TEST_STEP][PASSED] - waitForElementVisible(findTestObject("mobileSanity/STM/Page_App Page 3/input__credit-card-cvv"), 20): Object 'Object Repository/mobileSanity/STM/Page_App Page 3/input__credit-card-cvv' is visible&#xD;
&#xD;
2019-09-05 13:26:17 - [MESSAGE][PASSED] - Object 'Object Repository/mobileSanity/STM/Page_App Page 3/input__credit-card-cvv' is visible&#xD;
&#xD;
2019-09-05 13:26:17 - [TEST_STEP][PASSED] - Thread.sleep(2000): null&#xD;
&#xD;
2019-09-05 13:26:19 - [TEST_STEP][PASSED] - callTestCase(findTestCase("mobileWeb/_include/get_screenshot"), [:], STOP_ON_FAILURE): Call Test Case 'Test Cases/mobileWeb/_include/get_screenshot' successfully&#xD;
&#xD;
2019-09-05 13:26:19 - [TEST_CASE][PASSED] - Test Cases/mobileWeb/_include/get_screenshot: Test Cases/mobileWeb/_include/get_screenshot&#xD;
&#xD;
2019-09-05 13:26:19 - [TEST_STEP][PASSED] - takeScreenshot(screenPath + i + ".png"): Taking screenshot successfully&#xD;
&#xD;
2019-09-05 13:26:19 - [MESSAGE][PASSED] - Taking screenshot successfully&#xD;
[[ATTACHMENT|D:\\Test\\AgileTest\\AgileTest\\Reports\\mobileWeb\\stm\\20190905_131101\\../Screenshots/iPhone X/stm/Aspen/20190905_132500/8.png]]&#xD;
&#xD;
2019-09-05 13:26:19 - [TEST_STEP][PASSED] - (internal.GlobalVariable.i++): null&#xD;
&#xD;
2019-09-05 13:26:19 - [MESSAGE][PASSED] - Call Test Case 'Test Cases/mobileWeb/_include/get_screenshot' successfully&#xD;
&#xD;
2019-09-05 13:26:19 - [TEST_STEP][PASSED] - clearText(findTestObject("mobileSanity/STM/Page_App Page 3/input__credit-card-cvv")): Text of object 'Object Repository/mobileSanity/STM/Page_App Page 3/input__credit-card-cvv' is cleared&#xD;
&#xD;
2019-09-05 13:26:19 - [MESSAGE][PASSED] - Text of object 'Object Repository/mobileSanity/STM/Page_App Page 3/input__credit-card-cvv' is cleared&#xD;
&#xD;
2019-09-05 13:26:19 - [TEST_STEP][PASSED] - setText(findTestObject("mobileSanity/STM/Page_App Page 3/input__credit-card-cvv"), "123"): Text '123' is set on object 'Object Repository/mobileSanity/STM/Page_App Page 3/input__credit-card-cvv'&#xD;
&#xD;
2019-09-05 13:26:19 - [MESSAGE][PASSED] - Text '123' is set on object 'Object Repository/mobileSanity/STM/Page_App Page 3/input__credit-card-cvv'&#xD;
&#xD;
2019-09-05 13:26:19 - [TEST_STEP][PASSED] - click(findTestObject("mobileSanity/STM/Page_App Page 3/label_I Accept Authorization f")): Object: 'Object Repository/mobileSanity/STM/Page_App Page 3/label_I Accept Authorization f' is clicked on&#xD;
&#xD;
2019-09-05 13:26:20 - [MESSAGE][PASSED] - Object: 'Object Repository/mobileSanity/STM/Page_App Page 3/label_I Accept Authorization f' is clicked on&#xD;
&#xD;
2019-09-05 13:26:20 - [TEST_STEP][PASSED] - click(findTestObject("mobileSanity/STM/Page_App Page 3/a_Continue to Step 4 - Review")): Object: 'Object Repository/mobileSanity/STM/Page_App Page 3/a_Continue to Step 4 - Review' is clicked on&#xD;
&#xD;
2019-09-05 13:26:20 - [MESSAGE][PASSED] - Object: 'Object Repository/mobileSanity/STM/Page_App Page 3/a_Continue to Step 4 - Review' is clicked on&#xD;
&#xD;
2019-09-05 13:26:20 - [TEST_STEP][PASSED] - waitForPageLoad(10): Wait for page load successfully&#xD;
&#xD;
2019-09-05 13:26:20 - [MESSAGE][PASSED] - Wait for page load successfully&#xD;
&#xD;
2019-09-05 13:26:20 - [TEST_STEP][PASSED] - waitForElementClickable(findTestObject("mobileSanity/STM/Page_App Page 4/label"), 10): Object 'Object Repository/mobileSanity/STM/Page_App Page 4/label' is clickable&#xD;
&#xD;
2019-09-05 13:26:22 - [MESSAGE][PASSED] - Object 'Object Repository/mobileSanity/STM/Page_App Page 4/label' is clickable&#xD;
&#xD;
2019-09-05 13:26:22 - [TEST_STEP][PASSED] - Thread.sleep(2000): null&#xD;
&#xD;
2019-09-05 13:26:24 - [TEST_STEP][PASSED] - callTestCase(findTestCase("mobileWeb/_include/get_screenshot"), [:], STOP_ON_FAILURE): Call Test Case 'Test Cases/mobileWeb/_include/get_screenshot' successfully&#xD;
&#xD;
2019-09-05 13:26:24 - [TEST_CASE][PASSED] - Test Cases/mobileWeb/_include/get_screenshot: Test Cases/mobileWeb/_include/get_screenshot&#xD;
&#xD;
2019-09-05 13:26:24 - [TEST_STEP][PASSED] - takeScreenshot(screenPath + i + ".png"): Taking screenshot successfully&#xD;
&#xD;
2019-09-05 13:26:24 - [MESSAGE][PASSED] - Taking screenshot successfully&#xD;
[[ATTACHMENT|D:\\Test\\AgileTest\\AgileTest\\Reports\\mobileWeb\\stm\\20190905_131101\\../Screenshots/iPhone X/stm/Aspen/20190905_132500/9.png]]&#xD;
&#xD;
2019-09-05 13:26:24 - [TEST_STEP][PASSED] - (internal.GlobalVariable.i++): null&#xD;
&#xD;
2019-09-05 13:26:24 - [MESSAGE][PASSED] - Call Test Case 'Test Cases/mobileWeb/_include/get_screenshot' successfully&#xD;
&#xD;
2019-09-05 13:26:24 - [TEST_STEP][PASSED] - click(findTestObject("mobileSanity/STM/Page_App Page 4/label")): Object: 'Object Repository/mobileSanity/STM/Page_App Page 4/label' is clicked on&#xD;
&#xD;
2019-09-05 13:26:24 - [MESSAGE][PASSED] - Object: 'Object Repository/mobileSanity/STM/Page_App Page 4/label' is clicked on&#xD;
&#xD;
2019-09-05 13:26:24 - [TEST_STEP][PASSED] - click(findTestObject("mobileSanity/STM/Page_App Page 4/div_CLICK TO SIGN")): Object: 'Object Repository/mobileSanity/STM/Page_App Page 4/div_CLICK TO SIGN' is clicked on&#xD;
&#xD;
2019-09-05 13:26:25 - [MESSAGE][PASSED] - Object: 'Object Repository/mobileSanity/STM/Page_App Page 4/div_CLICK TO SIGN' is clicked on&#xD;
&#xD;
2019-09-05 13:26:25 - [TEST_STEP][PASSED] - click(findTestObject("mobileSanity/STM/Page_App Page 4/a_Submit Your Application")): Object: 'Object Repository/mobileSanity/STM/Page_App Page 4/a_Submit Your Application' is clicked on&#xD;
&#xD;
2019-09-05 13:26:25 - [MESSAGE][PASSED] - Object: 'Object Repository/mobileSanity/STM/Page_App Page 4/a_Submit Your Application' is clicked on&#xD;
&#xD;
2019-09-05 13:26:25 - [TEST_STEP][PASSED] - Thread.sleep(30000): null&#xD;
&#xD;
2019-09-05 13:26:55 - [TEST_STEP][PASSED] - callTestCase(findTestCase("mobileWeb/_include/get_screenshot"), [:], STOP_ON_FAILURE): Call Test Case 'Test Cases/mobileWeb/_include/get_screenshot' successfully&#xD;
&#xD;
2019-09-05 13:26:55 - [TEST_CASE][PASSED] - Test Cases/mobileWeb/_include/get_screenshot: Test Cases/mobileWeb/_include/get_screenshot&#xD;
&#xD;
2019-09-05 13:26:55 - [TEST_STEP][PASSED] - takeScreenshot(screenPath + i + ".png"): Taking screenshot successfully&#xD;
&#xD;
2019-09-05 13:26:55 - [MESSAGE][PASSED] - Taking screenshot successfully&#xD;
[[ATTACHMENT|D:\\Test\\AgileTest\\AgileTest\\Reports\\mobileWeb\\stm\\20190905_131101\\../Screenshots/iPhone X/stm/Aspen/20190905_132500/10.png]]&#xD;
&#xD;
2019-09-05 13:26:55 - [TEST_STEP][PASSED] - (internal.GlobalVariable.i++): null&#xD;
&#xD;
2019-09-05 13:26:55 - [MESSAGE][PASSED] - Call Test Case 'Test Cases/mobileWeb/_include/get_screenshot' successfully&#xD;
&#xD;
2019-09-05 13:26:55 - [TEST_STEP][PASSED] - waitForElementPresent(findTestObject("mobileSanity/STM/Page_App Page 6/span_planName"), 30): Object 'Object Repository/mobileSanity/STM/Page_App Page 6/span_planName' is present&#xD;
&#xD;
2019-09-05 13:26:55 - [MESSAGE][PASSED] - Object 'Object Repository/mobileSanity/STM/Page_App Page 6/span_planName' is present&#xD;
&#xD;
2019-09-05 13:26:55 - [TEST_STEP][PASSED] - verifyElementPresent(findTestObject("mobileSanity/STM/Page_App Page 6/span_planName"), 20): Object 'Object Repository/mobileSanity/STM/Page_App Page 6/span_planName' is present&#xD;
&#xD;
2019-09-05 13:26:56 - [MESSAGE][PASSED] - Object 'Object Repository/mobileSanity/STM/Page_App Page 6/span_planName' is present&#xD;
&#xD;
2019-09-05 13:26:56 - [TEST_STEP][PASSED] - verifyElementPresent(findTestObject("mobileSanity/STM/Page_App Page 6/span_approved"), 20): Object 'Object Repository/mobileSanity/STM/Page_App Page 6/span_approved' is present&#xD;
&#xD;
2019-09-05 13:26:56 - [MESSAGE][PASSED] - Object 'Object Repository/mobileSanity/STM/Page_App Page 6/span_approved' is present&#xD;
&#xD;
2019-09-05 13:26:56 - [MESSAGE][PASSED] - Call Test Case 'Test Cases/mobileWeb/_include/goToEnd_stm_autofill' successfully</system-out>
            <system-err></system-err>
        </testcase>
        <system-out>2019-09-05 13:11:04 - [TEST_SUITE][INCOMPLETE] - stm: null</system-out>
        <system-err>2019-09-05 13:11:04 - [TEST_SUITE][INCOMPLETE] - stm: null</system-err>
    </testsuite>
</testsuites>
