<?xml version="1.0" encoding="UTF-8"?>
<testsuites name="TriStar" time="93" tests="1" failures="0" errors="0">
   <testsuite name="TriStar" tests="1" failures="0" errors="0" time="93" timestamp="2019-12-04 04:13:19" hostname="Administrator - 172.30.0.53" id="Test Suites/Private Label/TriStar">
      <properties>
         <property name="deviceName" value=""/>
         <property name="devicePlatform" value=""/>
         <property name="logFolder" value="D:\\Test\\AgileTest\\Reports\\Private Label\\TriStar\\20191204_041316"/>
         <property name="logFiles" value="D:\\Test\\AgileTest\\Reports\\Private Label\\TriStar\\20191204_041316\\execution0.log"/>
         <property name="attachments" value="D:\\Test\\AgileTest\\Reports\\Private Label\\TriStar\\20191204_041316\\../Screenshots/iPhone 6/TriStar/Vitala Care/standard/0.png, D:\\Test\\AgileTest\\Reports\\Private Label\\TriStar\\20191204_041316\\../Screenshots/iPhone 6/TriStar/Vitala Care/standard/1.png, D:\\Test\\AgileTest\\Reports\\Private Label\\TriStar\\20191204_041316\\../Screenshots/iPhone 6/TriStar/Vitala Care/standard/2.png, D:\\Test\\AgileTest\\Reports\\Private Label\\TriStar\\20191204_041316\\../Screenshots/iPhone 6/TriStar/Vitala Care/standard/3.png, D:\\Test\\AgileTest\\Reports\\Private Label\\TriStar\\20191204_041316\\../Screenshots/iPhone 6/TriStar/Vitala Care/standard/4.png, D:\\Test\\AgileTest\\Reports\\Private Label\\TriStar\\20191204_041316\\../Screenshots/iPhone 6/TriStar/Vitala Care/standard/5.png, D:\\Test\\AgileTest\\Reports\\Private Label\\TriStar\\20191204_041316\\../Screenshots/iPhone 6/TriStar/Vitala Care/standard/6.png, D:\\Test\\AgileTest\\Reports\\Private Label\\TriStar\\20191204_041316\\../Screenshots/iPhone 6/TriStar/Vitala Care/standard/7.png, D:\\Test\\AgileTest\\Reports\\Private Label\\TriStar\\20191204_041316\\../Screenshots/iPhone 6/TriStar/Vitala Care/standard/8.png, D:\\Test\\AgileTest\\Reports\\Private Label\\TriStar\\20191204_041316\\../Screenshots/iPhone 6/TriStar/Vitala Care/standard/9.png, D:\\Test\\AgileTest\\Reports\\Private Label\\TriStar\\20191204_041316\\../Screenshots/iPhone 6/TriStar/Vitala Care/standard/10.png"/>
         <property name="hostName" value="Administrator - 172.30.0.53"/>
         <property name="os" value="Windows Server 2012 R2 64bit"/>
         <property name="katalonVersion" value="5.10.1.1"/>
         <property name="browser" value="Safari 11"/>
         <property name="hostAddress" value="172.30.0.53"/>
         <property name="sessionId" value="da836fcaba37334d900a23280548c2f6"/>
         <property name="seleniumVersion" value="3.7.1"/>
         <property name="proxyInformation" value="ProxyInformation{proxyOption=NO_PROXY, proxyServerType=HTTP, password=, proxyServerAddress=, proxyServerPort=0}"/>
         <property name="platform" value="Windows Server 2012 R2"/>
      </properties>
      <testcase name="Test Cases/PL Site/TriStar/hbi/Vitala Care" classname="Test Cases/PL Site/TriStar/hbi/Vitala Care" status="PASSED">
         <system-out><![CDATA[2019-12-04 04:13:19 - [TEST_CASE][PASSED] - Test Cases/PL Site/TriStar/hbi/Vitala Care: Test Cases/PL Site/TriStar/hbi/Vitala Care

2019-12-04 04:13:19 - [TEST_STEP][PASSED] - callTestCase(findTestCase("mobileWeb/_include/get_screenPath"), ["productLine":"TriStar", "carrierName":"Vitala Care"], CONTINUE_ON_FAILURE): Call Test Case 'Test Cases/mobileWeb/_include/get_screenPath' successfully

2019-12-04 04:13:20 - [TEST_CASE][PASSED] - Test Cases/mobileWeb/_include/get_screenPath: Test Cases/mobileWeb/_include/get_screenPath

2019-12-04 04:13:20 - [TEST_STEP][PASSED] - m = getExecutionProperties(): null

2019-12-04 04:13:20 - [TEST_STEP][PASSED] - deviceName = get("mobileEmulation").get("deviceName"): null

2019-12-04 04:13:20 - [TEST_STEP][PASSED] - println(deviceName): null

2019-12-04 04:13:20 - [TEST_STEP][PASSED] - now = new java.util.Date(): null

2019-12-04 04:13:20 - [TEST_STEP][PASSED] - mydate = now.format("yyyyMMdd_HHmmss"): null

2019-12-04 04:13:20 - [TEST_STEP][PASSED] - screenPath = "../Screenshots/": null

2019-12-04 04:13:20 - [TEST_STEP][PASSED] - screenPath = screenPath + deviceName + "/" + productLine + "/" + carrierName + "/" + "standard" + "/": null

2019-12-04 04:13:20 - [TEST_STEP][PASSED] - println(screenPath): null

2019-12-04 04:13:20 - [MESSAGE][PASSED] - Call Test Case 'Test Cases/mobileWeb/_include/get_screenPath' successfully

2019-12-04 04:13:20 - [TEST_STEP][PASSED] - i = 0: null

2019-12-04 04:13:20 - [TEST_STEP][PASSED] - callTestCase(findTestCase("mobileWeb/_include/openWebSite"), ["env":"https://tristar--qa.storefront.mybenefitskeeper.com"], STOP_ON_FAILURE): Call Test Case 'Test Cases/mobileWeb/_include/openWebSite' successfully

2019-12-04 04:13:20 - [TEST_CASE][PASSED] - Test Cases/mobileWeb/_include/openWebSite: Test Cases/mobileWeb/_include/openWebSite

2019-12-04 04:13:20 - [TEST_STEP][PASSED] - openBrowser(env): Browser is opened with url: 'https://tristar--qa.storefront.mybenefitskeeper.com'

2019-12-04 04:13:21 - [MESSAGE][INFO] - Starting 'Chrome' driver

2019-12-04 04:13:21 - [MESSAGE][INFO] - User set preference: ['mobileEmulation', '{deviceName=iPhone 6}']

2019-12-04 04:13:21 - [MESSAGE][INFO] - User set preference: ['args', '[--incognito, --aggressive-cache-discard, --window-size=375,677, --no-sandbox]']

2019-12-04 04:13:21 - [MESSAGE][INFO] - Action delay is set to 0 seconds

2019-12-04 04:13:24 - [MESSAGE][PASSED] - Browser is opened with url: 'https://tristar--qa.storefront.mybenefitskeeper.com'

2019-12-04 04:13:24 - [TEST_STEP][PASSED] - waitForPageLoad(20): Wait for page load successfully

2019-12-04 04:13:24 - [MESSAGE][PASSED] - Wait for page load successfully

2019-12-04 04:13:24 - [TEST_STEP][PASSED] - callTestCase(findTestCase("mobileWeb/_include/get_screenshot"), [:], STOP_ON_FAILURE): Call Test Case 'Test Cases/mobileWeb/_include/get_screenshot' successfully

2019-12-04 04:13:24 - [TEST_CASE][PASSED] - Test Cases/mobileWeb/_include/get_screenshot: Test Cases/mobileWeb/_include/get_screenshot

2019-12-04 04:13:24 - [TEST_STEP][PASSED] - takeScreenshot(screenPath + i + ".png"): Taking screenshot successfully

2019-12-04 04:13:25 - [MESSAGE][PASSED] - Taking screenshot successfully
[[ATTACHMENT|D:\\Test\\AgileTest\\Reports\\Private Label\\TriStar\\20191204_041316\\../Screenshots/iPhone 6/TriStar/Vitala Care/standard/0.png]]

2019-12-04 04:13:25 - [TEST_STEP][PASSED] - (internal.GlobalVariable.i++): null

2019-12-04 04:13:25 - [MESSAGE][PASSED] - Call Test Case 'Test Cases/mobileWeb/_include/get_screenshot' successfully

2019-12-04 04:13:25 - [MESSAGE][PASSED] - Call Test Case 'Test Cases/mobileWeb/_include/openWebSite' successfully

2019-12-04 04:13:25 - [TEST_STEP][PASSED] - callTestCase(findTestCase("mobileWeb/_include/census_hbi"), ["zipcode":"90011"], CONTINUE_ON_FAILURE): Call Test Case 'Test Cases/mobileWeb/_include/census_hbi' successfully

2019-12-04 04:13:25 - [TEST_CASE][PASSED] - Test Cases/mobileWeb/_include/census_hbi: Test Cases/mobileWeb/_include/census_hbi

2019-12-04 04:13:25 - [TEST_STEP][PASSED] - click(findTestObject("mobileSanity/Common/side_nav/menu")): Object: 'Object Repository/mobileSanity/Common/side_nav/menu' is clicked on

2019-12-04 04:13:25 - [MESSAGE][PASSED] - Object: 'Object Repository/mobileSanity/Common/side_nav/menu' is clicked on

2019-12-04 04:13:25 - [TEST_STEP][PASSED] - Thread.sleep(3000): null

2019-12-04 04:13:28 - [TEST_STEP][PASSED] - callTestCase(findTestCase("mobileWeb/_include/get_screenshot"), [:], STOP_ON_FAILURE): Call Test Case 'Test Cases/mobileWeb/_include/get_screenshot' successfully

2019-12-04 04:13:28 - [TEST_CASE][PASSED] - Test Cases/mobileWeb/_include/get_screenshot: Test Cases/mobileWeb/_include/get_screenshot

2019-12-04 04:13:28 - [TEST_STEP][PASSED] - takeScreenshot(screenPath + i + ".png"): Taking screenshot successfully

2019-12-04 04:13:29 - [MESSAGE][PASSED] - Taking screenshot successfully
[[ATTACHMENT|D:\\Test\\AgileTest\\Reports\\Private Label\\TriStar\\20191204_041316\\../Screenshots/iPhone 6/TriStar/Vitala Care/standard/1.png]]

2019-12-04 04:13:29 - [TEST_STEP][PASSED] - (internal.GlobalVariable.i++): null

2019-12-04 04:13:29 - [MESSAGE][PASSED] - Call Test Case 'Test Cases/mobileWeb/_include/get_screenshot' successfully

2019-12-04 04:13:29 - [TEST_STEP][PASSED] - click(findTestObject("mobileSanity/Common/side_nav/nav_hbi")): Object: 'Object Repository/mobileSanity/Common/side_nav/nav_hbi' is clicked on

2019-12-04 04:13:30 - [MESSAGE][PASSED] - Object: 'Object Repository/mobileSanity/Common/side_nav/nav_hbi' is clicked on

2019-12-04 04:13:30 - [TEST_STEP][PASSED] - waitForPageLoad(10): Wait for page load successfully

2019-12-04 04:13:30 - [MESSAGE][PASSED] - Wait for page load successfully

2019-12-04 04:13:30 - [TEST_STEP][PASSED] - Thread.sleep(3000): null

2019-12-04 04:13:33 - [TEST_STEP][PASSED] - callTestCase(findTestCase("mobileWeb/_include/get_screenshot"), [:], STOP_ON_FAILURE): Call Test Case 'Test Cases/mobileWeb/_include/get_screenshot' successfully

2019-12-04 04:13:33 - [TEST_CASE][PASSED] - Test Cases/mobileWeb/_include/get_screenshot: Test Cases/mobileWeb/_include/get_screenshot

2019-12-04 04:13:33 - [TEST_STEP][PASSED] - takeScreenshot(screenPath + i + ".png"): Taking screenshot successfully

2019-12-04 04:13:34 - [MESSAGE][PASSED] - Taking screenshot successfully
[[ATTACHMENT|D:\\Test\\AgileTest\\Reports\\Private Label\\TriStar\\20191204_041316\\../Screenshots/iPhone 6/TriStar/Vitala Care/standard/2.png]]

2019-12-04 04:13:34 - [TEST_STEP][PASSED] - (internal.GlobalVariable.i++): null

2019-12-04 04:13:34 - [MESSAGE][PASSED] - Call Test Case 'Test Cases/mobileWeb/_include/get_screenshot' successfully

2019-12-04 04:13:34 - [TEST_STEP][PASSED] - setText(findTestObject("mobileSanity/HBI/census/input_Location_zip-input"), zipcode): Text '90011' is set on object 'Object Repository/mobileSanity/HBI/census/input_Location_zip-input'

2019-12-04 04:13:34 - [MESSAGE][PASSED] - Text '90011' is set on object 'Object Repository/mobileSanity/HBI/census/input_Location_zip-input'

2019-12-04 04:13:34 - [TEST_STEP][PASSED] - Thread.sleep(500): null

2019-12-04 04:13:34 - [TEST_STEP][PASSED] - setText(findTestObject("mobileSanity/HBI/census/input_Date of Birth_dob-0"), "12121980"): Text '12121980' is set on object 'Object Repository/mobileSanity/HBI/census/input_Date of Birth_dob-0'

2019-12-04 04:13:34 - [MESSAGE][PASSED] - Text '12121980' is set on object 'Object Repository/mobileSanity/HBI/census/input_Date of Birth_dob-0'

2019-12-04 04:13:34 - [TEST_STEP][PASSED] - click(findTestObject("mobileSanity/HBI/census/label_Male")): Object: 'Object Repository/mobileSanity/HBI/census/label_Male' is clicked on

2019-12-04 04:13:35 - [MESSAGE][PASSED] - Object: 'Object Repository/mobileSanity/HBI/census/label_Male' is clicked on

2019-12-04 04:13:35 - [TEST_STEP][PASSED] - click(findTestObject("mobileSanity/HBI/census/label_Get a Quote")): Object: 'Object Repository/mobileSanity/HBI/census/label_Get a Quote' is clicked on

2019-12-04 04:13:35 - [MESSAGE][PASSED] - Object: 'Object Repository/mobileSanity/HBI/census/label_Get a Quote' is clicked on

2019-12-04 04:13:35 - [TEST_STEP][PASSED] - waitForPageLoad(20): Wait for page load successfully

2019-12-04 04:13:35 - [MESSAGE][PASSED] - Wait for page load successfully

2019-12-04 04:13:35 - [TEST_STEP][PASSED] - Thread.sleep(3000): null

2019-12-04 04:13:38 - [TEST_STEP][PASSED] - callTestCase(findTestCase("mobileWeb/_include/get_screenshot"), [:], STOP_ON_FAILURE): Call Test Case 'Test Cases/mobileWeb/_include/get_screenshot' successfully

2019-12-04 04:13:38 - [TEST_CASE][PASSED] - Test Cases/mobileWeb/_include/get_screenshot: Test Cases/mobileWeb/_include/get_screenshot

2019-12-04 04:13:38 - [TEST_STEP][PASSED] - takeScreenshot(screenPath + i + ".png"): Taking screenshot successfully

2019-12-04 04:13:39 - [MESSAGE][PASSED] - Taking screenshot successfully
[[ATTACHMENT|D:\\Test\\AgileTest\\Reports\\Private Label\\TriStar\\20191204_041316\\../Screenshots/iPhone 6/TriStar/Vitala Care/standard/3.png]]

2019-12-04 04:13:39 - [TEST_STEP][PASSED] - (internal.GlobalVariable.i++): null

2019-12-04 04:13:39 - [MESSAGE][PASSED] - Call Test Case 'Test Cases/mobileWeb/_include/get_screenshot' successfully

2019-12-04 04:13:39 - [MESSAGE][PASSED] - Call Test Case 'Test Cases/mobileWeb/_include/census_hbi' successfully

2019-12-04 04:13:39 - [TEST_STEP][PASSED] - Thread.sleep(5000): null

2019-12-04 04:13:44 - [TEST_STEP][PASSED] - scrollToPosition(200, 2300): Browser is scrolled to position x = 200, y = 2300

2019-12-04 04:13:44 - [MESSAGE][PASSED] - Browser is scrolled to position x = 200, y = 2300

2019-12-04 04:13:44 - [TEST_STEP][PASSED] - click(findTestObject("mobileSanity/HBI/quote/a_Vitala Care")): Object: 'Object Repository/mobileSanity/HBI/quote/a_Vitala Care' is clicked on

2019-12-04 04:13:44 - [MESSAGE][PASSED] - Object: 'Object Repository/mobileSanity/HBI/quote/a_Vitala Care' is clicked on

2019-12-04 04:13:44 - [TEST_STEP][PASSED] - waitForPageLoad(10): Wait for page load successfully

2019-12-04 04:13:44 - [MESSAGE][PASSED] - Wait for page load successfully

2019-12-04 04:13:44 - [TEST_STEP][PASSED] - callTestCase(findTestCase("mobileWeb/_include/get_screenshot"), [:], STOP_ON_FAILURE): Call Test Case 'Test Cases/mobileWeb/_include/get_screenshot' successfully

2019-12-04 04:13:44 - [TEST_CASE][PASSED] - Test Cases/mobileWeb/_include/get_screenshot: Test Cases/mobileWeb/_include/get_screenshot

2019-12-04 04:13:44 - [TEST_STEP][PASSED] - takeScreenshot(screenPath + i + ".png"): Taking screenshot successfully

2019-12-04 04:13:45 - [MESSAGE][PASSED] - Taking screenshot successfully
[[ATTACHMENT|D:\\Test\\AgileTest\\Reports\\Private Label\\TriStar\\20191204_041316\\../Screenshots/iPhone 6/TriStar/Vitala Care/standard/4.png]]

2019-12-04 04:13:45 - [TEST_STEP][PASSED] - (internal.GlobalVariable.i++): null

2019-12-04 04:13:45 - [MESSAGE][PASSED] - Call Test Case 'Test Cases/mobileWeb/_include/get_screenshot' successfully

2019-12-04 04:13:45 - [TEST_STEP][PASSED] - click(findTestObject("mobileSanity/HBI/detail/a_Apply for This Plan")): Object: 'Object Repository/mobileSanity/HBI/detail/a_Apply for This Plan' is clicked on

2019-12-04 04:13:45 - [MESSAGE][PASSED] - Object: 'Object Repository/mobileSanity/HBI/detail/a_Apply for This Plan' is clicked on

2019-12-04 04:13:45 - [TEST_STEP][PASSED] - waitForPageLoad(10): Wait for page load successfully

2019-12-04 04:13:45 - [MESSAGE][PASSED] - Wait for page load successfully

2019-12-04 04:13:45 - [TEST_STEP][PASSED] - callTestCase(findTestCase("mobileWeb/_include/get_screenshot"), [:], STOP_ON_FAILURE): Call Test Case 'Test Cases/mobileWeb/_include/get_screenshot' successfully

2019-12-04 04:13:45 - [TEST_CASE][PASSED] - Test Cases/mobileWeb/_include/get_screenshot: Test Cases/mobileWeb/_include/get_screenshot

2019-12-04 04:13:45 - [TEST_STEP][PASSED] - takeScreenshot(screenPath + i + ".png"): Taking screenshot successfully

2019-12-04 04:13:46 - [MESSAGE][PASSED] - Taking screenshot successfully
[[ATTACHMENT|D:\\Test\\AgileTest\\Reports\\Private Label\\TriStar\\20191204_041316\\../Screenshots/iPhone 6/TriStar/Vitala Care/standard/5.png]]

2019-12-04 04:13:46 - [TEST_STEP][PASSED] - (internal.GlobalVariable.i++): null

2019-12-04 04:13:46 - [MESSAGE][PASSED] - Call Test Case 'Test Cases/mobileWeb/_include/get_screenshot' successfully

2019-12-04 04:13:46 - [TEST_STEP][PASSED] - click(findTestObject("mobileSanity/HBI/Page_Apply/span_Start Secure Application")): Object: 'Object Repository/mobileSanity/HBI/Page_Apply/span_Start Secure Application' is clicked on

2019-12-04 04:13:46 - [MESSAGE][PASSED] - Object: 'Object Repository/mobileSanity/HBI/Page_Apply/span_Start Secure Application' is clicked on

2019-12-04 04:13:46 - [TEST_STEP][PASSED] - waitForPageLoad(10): Wait for page load successfully

2019-12-04 04:13:46 - [MESSAGE][PASSED] - Wait for page load successfully

2019-12-04 04:13:46 - [TEST_STEP][PASSED] - callTestCase(findTestCase("mobileWeb/_include/get_screenshot"), [:], STOP_ON_FAILURE): Call Test Case 'Test Cases/mobileWeb/_include/get_screenshot' successfully

2019-12-04 04:13:46 - [TEST_CASE][PASSED] - Test Cases/mobileWeb/_include/get_screenshot: Test Cases/mobileWeb/_include/get_screenshot

2019-12-04 04:13:46 - [TEST_STEP][PASSED] - takeScreenshot(screenPath + i + ".png"): Taking screenshot successfully

2019-12-04 04:13:47 - [MESSAGE][PASSED] - Taking screenshot successfully
[[ATTACHMENT|D:\\Test\\AgileTest\\Reports\\Private Label\\TriStar\\20191204_041316\\../Screenshots/iPhone 6/TriStar/Vitala Care/standard/6.png]]

2019-12-04 04:13:47 - [TEST_STEP][PASSED] - (internal.GlobalVariable.i++): null

2019-12-04 04:13:47 - [MESSAGE][PASSED] - Call Test Case 'Test Cases/mobileWeb/_include/get_screenshot' successfully

2019-12-04 04:13:47 - [TEST_STEP][PASSED] - callTestCase(findTestCase("mobileWeb/_include/goToEnd_hbi"), ["carrier":"vitalacare", "state":"ca"], CONTINUE_ON_FAILURE): Call Test Case 'Test Cases/mobileWeb/_include/goToEnd_hbi' successfully

2019-12-04 04:13:47 - [TEST_CASE][PASSED] - Test Cases/mobileWeb/_include/goToEnd_hbi: Test Cases/mobileWeb/_include/goToEnd_hbi

2019-12-04 04:13:47 - [TEST_STEP][PASSED] - if (state == "ca"): Call Test Case 'Test Cases/mobileWeb/_include/get_screenshot' successfully

2019-12-04 04:13:47 - [TEST_STEP][PASSED] - Thread.sleep(3000): null

2019-12-04 04:13:50 - [TEST_STEP][PASSED] - click(findTestObject("mobileSanity/HBI/Page_App Page 1/yes_question_1")): Object: 'Object Repository/mobileSanity/HBI/Page_App Page 1/yes_question_1' is clicked on

2019-12-04 04:13:50 - [MESSAGE][PASSED] - Object: 'Object Repository/mobileSanity/HBI/Page_App Page 1/yes_question_1' is clicked on

2019-12-04 04:13:50 - [TEST_STEP][PASSED] - click(findTestObject("mobileSanity/HBI/Page_App Page 1/continue_to_app_info")): Object: 'Object Repository/mobileSanity/HBI/Page_App Page 1/continue_to_app_info' is clicked on

2019-12-04 04:13:50 - [MESSAGE][PASSED] - Object: 'Object Repository/mobileSanity/HBI/Page_App Page 1/continue_to_app_info' is clicked on

2019-12-04 04:13:50 - [TEST_STEP][PASSED] - waitForPageLoad(20): Wait for page load successfully

2019-12-04 04:13:50 - [MESSAGE][PASSED] - Wait for page load successfully

2019-12-04 04:13:50 - [TEST_STEP][PASSED] - Thread.sleep(3000): null

2019-12-04 04:13:53 - [TEST_STEP][PASSED] - callTestCase(findTestCase("mobileWeb/_include/get_screenshot"), [:], STOP_ON_FAILURE): Call Test Case 'Test Cases/mobileWeb/_include/get_screenshot' successfully

2019-12-04 04:13:53 - [TEST_CASE][PASSED] - Test Cases/mobileWeb/_include/get_screenshot: Test Cases/mobileWeb/_include/get_screenshot

2019-12-04 04:13:53 - [TEST_STEP][PASSED] - takeScreenshot(screenPath + i + ".png"): Taking screenshot successfully

2019-12-04 04:13:54 - [MESSAGE][PASSED] - Taking screenshot successfully
[[ATTACHMENT|D:\\Test\\AgileTest\\Reports\\Private Label\\TriStar\\20191204_041316\\../Screenshots/iPhone 6/TriStar/Vitala Care/standard/7.png]]

2019-12-04 04:13:54 - [TEST_STEP][PASSED] - (internal.GlobalVariable.i++): null

2019-12-04 04:13:54 - [MESSAGE][PASSED] - Call Test Case 'Test Cases/mobileWeb/_include/get_screenshot' successfully

2019-12-04 04:13:54 - [TEST_STEP][PASSED] - callTestCase(findTestCase("mobileWeb/_include/name"), [:], CONTINUE_ON_FAILURE): Call Test Case 'Test Cases/mobileWeb/_include/name' successfully

2019-12-04 04:13:54 - [TEST_CASE][PASSED] - Test Cases/mobileWeb/_include/name: Test Cases/mobileWeb/_include/name

2019-12-04 04:13:54 - [TEST_STEP][PASSED] - driver = getWebDriver(): null

2019-12-04 04:13:54 - [TEST_STEP][PASSED] - selenium = new com.thoughtworks.selenium.webdriven.WebDriverBackedSelenium(driver, internal.GlobalVariable.ENV): null

2019-12-04 04:13:54 - [TEST_STEP][PASSED] - FirstName = "Test-123": null

2019-12-04 04:13:54 - [TEST_STEP][PASSED] - LastName = selenium.getEval("{var x="ABCDEFGHIJKLMNOPQRSTUVWXYZabcdefghijklmnopqrstuvwxyz"; var tmp="ZZ11-"; for (i=0;i<8;i++) tmp+=x.charAt(Math.ceil(51*Math.random()));tmp;}"): null

2019-12-04 04:13:54 - [TEST_STEP][PASSED] - Address = selenium.getEval("{var x="ABCDEFGHIJKLMNOPQRSTUVWXYZabcdefghijklmnopqrstuvwxyz"; var tmp=""; for (i=0;i<8;i++) tmp+=x.charAt(Math.ceil(51*Math.random()));tmp;}"): null

2019-12-04 04:13:54 - [TEST_STEP][PASSED] - City = selenium.getEval("{var x="ABCDEFGHIJKLMNOPQRSTUVWXYZabcdefghijklmnopqrstuvwxyz"; var tmp=""; for (i=0;i<8;i++) tmp+=x.charAt(Math.ceil(51*Math.random()));tmp;}"): null

2019-12-04 04:13:55 - [TEST_STEP][PASSED] - tel1 = selenium.getEval("{var x="123456789"; var tmp=""; for (i=0;i<3;i++) tmp+=x.charAt(Math.ceil(8*Math.random()));tmp;}"): null

2019-12-04 04:13:55 - [TEST_STEP][PASSED] - tel2 = selenium.getEval("{var x="123456789"; var tmp=""; for (i=0;i<3;i++) tmp+=x.charAt(Math.ceil(8*Math.random()));tmp;}"): null

2019-12-04 04:13:55 - [TEST_STEP][PASSED] - tel3 = selenium.getEval("{var x="123456789"; var tmp=""; for (i=0;i<4;i++) tmp+=x.charAt(Math.ceil(8*Math.random()));tmp;}"): null

2019-12-04 04:13:55 - [TEST_STEP][PASSED] - Tel = selenium.getExpression(tel1 + "-" + tel2 + "-" + tel3): null

2019-12-04 04:13:55 - [TEST_STEP][PASSED] - AutoEmail = selenium.getEval("{var x="ABCDEFGHIJKLMNOPQRSTUVWXYZabcdefghijklmnopqrstuvwxyz"; var tmp="test."; for (i=0;i<8;i++) tmp+=x.charAt(Math.ceil(51*Math.random()));tmp+="@suryani.cn";}"): null

2019-12-04 04:13:55 - [TEST_STEP][PASSED] - FirstName = FirstName: null

2019-12-04 04:13:55 - [TEST_STEP][PASSED] - LastName = LastName: null

2019-12-04 04:13:55 - [TEST_STEP][PASSED] - Address = Address: null

2019-12-04 04:13:55 - [TEST_STEP][PASSED] - City = City: null

2019-12-04 04:13:55 - [TEST_STEP][PASSED] - Tel = Tel: null

2019-12-04 04:13:55 - [TEST_STEP][PASSED] - AutoEmail = AutoEmail: null

2019-12-04 04:13:55 - [TEST_STEP][PASSED] - println(FirstName): null

2019-12-04 04:13:55 - [TEST_STEP][PASSED] - println(LastName): null

2019-12-04 04:13:55 - [TEST_STEP][PASSED] - println(Address): null

2019-12-04 04:13:55 - [TEST_STEP][PASSED] - println(City): null

2019-12-04 04:13:55 - [TEST_STEP][PASSED] - println(Tel): null

2019-12-04 04:13:55 - [TEST_STEP][PASSED] - println(AutoEmail): null

2019-12-04 04:13:55 - [MESSAGE][PASSED] - Call Test Case 'Test Cases/mobileWeb/_include/name' successfully

2019-12-04 04:13:55 - [TEST_STEP][PASSED] - setText(findTestObject("mobileSanity/HBI/Page_App Page 1/input__member-P-1-firstName"), FirstName): Text 'Test-123' is set on object 'Object Repository/mobileSanity/HBI/Page_App Page 1/input__member-P-1-firstName'

2019-12-04 04:13:55 - [MESSAGE][PASSED] - Text 'Test-123' is set on object 'Object Repository/mobileSanity/HBI/Page_App Page 1/input__member-P-1-firstName'

2019-12-04 04:13:55 - [TEST_STEP][PASSED] - setText(findTestObject("mobileSanity/HBI/Page_App Page 1/input__member-P-1-lastName"), LastName): Text 'ZZ11-WCrZzQLO' is set on object 'Object Repository/mobileSanity/HBI/Page_App Page 1/input__member-P-1-lastName'

2019-12-04 04:13:55 - [MESSAGE][PASSED] - Text 'ZZ11-WCrZzQLO' is set on object 'Object Repository/mobileSanity/HBI/Page_App Page 1/input__member-P-1-lastName'

2019-12-04 04:13:55 - [TEST_STEP][PASSED] - if (carrier == "agileone" || carrier == "agilesecure"): null

2019-12-04 04:13:55 - [TEST_STEP][PASSED] - setText(findTestObject("mobileSanity/HBI/Page_App Page 1/input__address"), Address): Text 'XfrsCkpu' is set on object 'Object Repository/mobileSanity/HBI/Page_App Page 1/input__address'

2019-12-04 04:13:55 - [MESSAGE][PASSED] - Text 'XfrsCkpu' is set on object 'Object Repository/mobileSanity/HBI/Page_App Page 1/input__address'

2019-12-04 04:13:55 - [TEST_STEP][PASSED] - setText(findTestObject("mobileSanity/HBI/Page_App Page 1/input__city"), City): Text 'BreIunOG' is set on object 'Object Repository/mobileSanity/HBI/Page_App Page 1/input__city'

2019-12-04 04:13:56 - [MESSAGE][PASSED] - Text 'BreIunOG' is set on object 'Object Repository/mobileSanity/HBI/Page_App Page 1/input__city'

2019-12-04 04:13:56 - [TEST_STEP][PASSED] - setText(findTestObject("mobileSanity/HBI/Page_App Page 1/input__email"), AutoEmail): Text 'test.ciWhReQc@suryani.cn' is set on object 'Object Repository/mobileSanity/HBI/Page_App Page 1/input__email'

2019-12-04 04:13:56 - [MESSAGE][PASSED] - Text 'test.ciWhReQc@suryani.cn' is set on object 'Object Repository/mobileSanity/HBI/Page_App Page 1/input__email'

2019-12-04 04:13:56 - [TEST_STEP][PASSED] - setText(findTestObject("mobileSanity/HBI/Page_App Page 1/input_tel"), Tel): Text '948-359-9234' is set on object 'Object Repository/mobileSanity/HBI/Page_App Page 1/input_tel'

2019-12-04 04:13:56 - [MESSAGE][PASSED] - Text '948-359-9234' is set on object 'Object Repository/mobileSanity/HBI/Page_App Page 1/input_tel'

2019-12-04 04:13:56 - [TEST_STEP][PASSED] - click(findTestObject("mobileSanity/HBI/Page_App Page 1/a_Continue to Step 2 - Payment")): Object: 'Object Repository/mobileSanity/HBI/Page_App Page 1/a_Continue to Step 2 - Payment' is clicked on

2019-12-04 04:13:56 - [MESSAGE][PASSED] - Object: 'Object Repository/mobileSanity/HBI/Page_App Page 1/a_Continue to Step 2 - Payment' is clicked on

2019-12-04 04:13:56 - [TEST_STEP][PASSED] - waitForPageLoad(20): Wait for page load successfully

2019-12-04 04:13:56 - [MESSAGE][PASSED] - Wait for page load successfully

2019-12-04 04:13:56 - [TEST_STEP][PASSED] - Thread.sleep(2000): null

2019-12-04 04:13:58 - [TEST_STEP][PASSED] - waitForElementVisible(findTestObject("mobileSanity/HBI/Page_App Page 2/input__credit-card-first"), 20): Object 'Object Repository/mobileSanity/HBI/Page_App Page 2/input__credit-card-first' is visible

2019-12-04 04:13:58 - [MESSAGE][PASSED] - Object 'Object Repository/mobileSanity/HBI/Page_App Page 2/input__credit-card-first' is visible

2019-12-04 04:13:58 - [TEST_STEP][PASSED] - callTestCase(findTestCase("mobileWeb/_include/get_screenshot"), [:], STOP_ON_FAILURE): Call Test Case 'Test Cases/mobileWeb/_include/get_screenshot' successfully

2019-12-04 04:13:58 - [TEST_CASE][PASSED] - Test Cases/mobileWeb/_include/get_screenshot: Test Cases/mobileWeb/_include/get_screenshot

2019-12-04 04:13:58 - [TEST_STEP][PASSED] - takeScreenshot(screenPath + i + ".png"): Taking screenshot successfully

2019-12-04 04:13:59 - [MESSAGE][PASSED] - Taking screenshot successfully
[[ATTACHMENT|D:\\Test\\AgileTest\\Reports\\Private Label\\TriStar\\20191204_041316\\../Screenshots/iPhone 6/TriStar/Vitala Care/standard/8.png]]

2019-12-04 04:13:59 - [TEST_STEP][PASSED] - (internal.GlobalVariable.i++): null

2019-12-04 04:13:59 - [MESSAGE][PASSED] - Call Test Case 'Test Cases/mobileWeb/_include/get_screenshot' successfully

2019-12-04 04:13:59 - [TEST_STEP][PASSED] - setText(findTestObject("mobileSanity/HBI/Page_App Page 2/input__credit-card-first"), FirstName): Text 'Test-123' is set on object 'Object Repository/mobileSanity/HBI/Page_App Page 2/input__credit-card-first'

2019-12-04 04:13:59 - [MESSAGE][PASSED] - Text 'Test-123' is set on object 'Object Repository/mobileSanity/HBI/Page_App Page 2/input__credit-card-first'

2019-12-04 04:13:59 - [TEST_STEP][PASSED] - setText(findTestObject("mobileSanity/HBI/Page_App Page 2/input__credit-card-last"), LastName): Text 'ZZ11-WCrZzQLO' is set on object 'Object Repository/mobileSanity/HBI/Page_App Page 2/input__credit-card-last'

2019-12-04 04:13:59 - [MESSAGE][PASSED] - Text 'ZZ11-WCrZzQLO' is set on object 'Object Repository/mobileSanity/HBI/Page_App Page 2/input__credit-card-last'

2019-12-04 04:13:59 - [TEST_STEP][PASSED] - selectOptionByValue(findTestObject("mobileSanity/HBI/Page_App Page 2/select_MM010203040506070809101"), "12", true): All options with value '12' are selected in object 'Object Repository/mobileSanity/HBI/Page_App Page 2/select_MM010203040506070809101'  using regular expression

2019-12-04 04:14:05 - [MESSAGE][PASSED] - All options with value '12' are selected in object 'Object Repository/mobileSanity/HBI/Page_App Page 2/select_MM010203040506070809101'  using regular expression

2019-12-04 04:14:05 - [TEST_STEP][PASSED] - selectOptionByValue(findTestObject("mobileSanity/HBI/Page_App Page 2/select_YYYY2019202020212022202"), "2026", true): All options with value '2026' are selected in object 'Object Repository/mobileSanity/HBI/Page_App Page 2/select_YYYY2019202020212022202'  using regular expression

2019-12-04 04:14:06 - [MESSAGE][PASSED] - All options with value '2026' are selected in object 'Object Repository/mobileSanity/HBI/Page_App Page 2/select_YYYY2019202020212022202'  using regular expression

2019-12-04 04:14:06 - [TEST_STEP][PASSED] - setText(findTestObject("mobileSanity/HBI/Page_App Page 2/input__credit-card-number"), "4111111111111111"): Text '4111111111111111' is set on object 'Object Repository/mobileSanity/HBI/Page_App Page 2/input__credit-card-number'

2019-12-04 04:14:07 - [MESSAGE][PASSED] - Text '4111111111111111' is set on object 'Object Repository/mobileSanity/HBI/Page_App Page 2/input__credit-card-number'

2019-12-04 04:14:07 - [TEST_STEP][PASSED] - setText(findTestObject("mobileSanity/HBI/Page_App Page 2/input__cvv"), "123"): Text '123' is set on object 'Object Repository/mobileSanity/HBI/Page_App Page 2/input__cvv'

2019-12-04 04:14:08 - [MESSAGE][PASSED] - Text '123' is set on object 'Object Repository/mobileSanity/HBI/Page_App Page 2/input__cvv'

2019-12-04 04:14:08 - [TEST_STEP][PASSED] - click(findTestObject("mobileSanity/HBI/Page_App Page 2/label_My billing address is th")): Object: 'Object Repository/mobileSanity/HBI/Page_App Page 2/label_My billing address is th' is clicked on

2019-12-04 04:14:08 - [MESSAGE][PASSED] - Object: 'Object Repository/mobileSanity/HBI/Page_App Page 2/label_My billing address is th' is clicked on

2019-12-04 04:14:08 - [TEST_STEP][PASSED] - click(findTestObject("mobileSanity/HBI/Page_App Page 2/label_I Accept Authorization f")): Object: 'Object Repository/mobileSanity/HBI/Page_App Page 2/label_I Accept Authorization f' is clicked on

2019-12-04 04:14:08 - [MESSAGE][PASSED] - Object: 'Object Repository/mobileSanity/HBI/Page_App Page 2/label_I Accept Authorization f' is clicked on

2019-12-04 04:14:08 - [TEST_STEP][PASSED] - click(findTestObject("mobileSanity/HBI/Page_App Page 2/a_Continue to Step 3 - Review")): Object: 'Object Repository/mobileSanity/HBI/Page_App Page 2/a_Continue to Step 3 - Review' is clicked on

2019-12-04 04:14:09 - [MESSAGE][PASSED] - Object: 'Object Repository/mobileSanity/HBI/Page_App Page 2/a_Continue to Step 3 - Review' is clicked on

2019-12-04 04:14:09 - [TEST_STEP][PASSED] - waitForPageLoad(20): Wait for page load successfully

2019-12-04 04:14:09 - [MESSAGE][PASSED] - Wait for page load successfully

2019-12-04 04:14:09 - [TEST_STEP][PASSED] - Thread.sleep(10000): null

2019-12-04 04:14:19 - [TEST_STEP][PASSED] - waitForElementPresent(findTestObject("mobileSanity/HBI/Page_App Page 3/label"), 20): Object 'Object Repository/mobileSanity/HBI/Page_App Page 3/label' is present

2019-12-04 04:14:20 - [MESSAGE][PASSED] - Object 'Object Repository/mobileSanity/HBI/Page_App Page 3/label' is present

2019-12-04 04:14:20 - [TEST_STEP][PASSED] - callTestCase(findTestCase("mobileWeb/_include/get_screenshot"), [:], STOP_ON_FAILURE): Call Test Case 'Test Cases/mobileWeb/_include/get_screenshot' successfully

2019-12-04 04:14:20 - [TEST_CASE][PASSED] - Test Cases/mobileWeb/_include/get_screenshot: Test Cases/mobileWeb/_include/get_screenshot

2019-12-04 04:14:20 - [TEST_STEP][PASSED] - takeScreenshot(screenPath + i + ".png"): Taking screenshot successfully

2019-12-04 04:14:20 - [MESSAGE][PASSED] - Taking screenshot successfully
[[ATTACHMENT|D:\\Test\\AgileTest\\Reports\\Private Label\\TriStar\\20191204_041316\\../Screenshots/iPhone 6/TriStar/Vitala Care/standard/9.png]]

2019-12-04 04:14:20 - [TEST_STEP][PASSED] - (internal.GlobalVariable.i++): null

2019-12-04 04:14:20 - [MESSAGE][PASSED] - Call Test Case 'Test Cases/mobileWeb/_include/get_screenshot' successfully

2019-12-04 04:14:20 - [TEST_STEP][PASSED] - click(findTestObject("mobileSanity/HBI/Page_App Page 3/label")): Object: 'Object Repository/mobileSanity/HBI/Page_App Page 3/label' is clicked on

2019-12-04 04:14:20 - [MESSAGE][PASSED] - Object: 'Object Repository/mobileSanity/HBI/Page_App Page 3/label' is clicked on

2019-12-04 04:14:20 - [TEST_STEP][PASSED] - click(findTestObject("mobileSanity/HBI/Page_App Page 3/p_CLICK TO SIGN")): Object: 'Object Repository/mobileSanity/HBI/Page_App Page 3/p_CLICK TO SIGN' is clicked on

2019-12-04 04:14:20 - [MESSAGE][PASSED] - Object: 'Object Repository/mobileSanity/HBI/Page_App Page 3/p_CLICK TO SIGN' is clicked on

2019-12-04 04:14:20 - [TEST_STEP][PASSED] - click(findTestObject("mobileSanity/HBI/Page_App Page 3/a_Submit Your Application")): Object: 'Object Repository/mobileSanity/HBI/Page_App Page 3/a_Submit Your Application' is clicked on

2019-12-04 04:14:21 - [MESSAGE][PASSED] - Object: 'Object Repository/mobileSanity/HBI/Page_App Page 3/a_Submit Your Application' is clicked on

2019-12-04 04:14:21 - [TEST_STEP][PASSED] - Thread.sleep(30000): null

2019-12-04 04:14:51 - [TEST_STEP][PASSED] - callTestCase(findTestCase("mobileWeb/_include/get_screenshot"), [:], STOP_ON_FAILURE): Call Test Case 'Test Cases/mobileWeb/_include/get_screenshot' successfully

2019-12-04 04:14:51 - [TEST_CASE][PASSED] - Test Cases/mobileWeb/_include/get_screenshot: Test Cases/mobileWeb/_include/get_screenshot

2019-12-04 04:14:51 - [TEST_STEP][PASSED] - takeScreenshot(screenPath + i + ".png"): Taking screenshot successfully

2019-12-04 04:14:51 - [MESSAGE][PASSED] - Taking screenshot successfully
[[ATTACHMENT|D:\\Test\\AgileTest\\Reports\\Private Label\\TriStar\\20191204_041316\\../Screenshots/iPhone 6/TriStar/Vitala Care/standard/10.png]]

2019-12-04 04:14:51 - [TEST_STEP][PASSED] - (internal.GlobalVariable.i++): null

2019-12-04 04:14:51 - [MESSAGE][PASSED] - Call Test Case 'Test Cases/mobileWeb/_include/get_screenshot' successfully

2019-12-04 04:14:51 - [TEST_STEP][PASSED] - verifyTextPresent("Congratulations", false): Text 'Congratulations' is present on page 

2019-12-04 04:14:51 - [MESSAGE][PASSED] - Text 'Congratulations' is present on page 

2019-12-04 04:14:51 - [MESSAGE][PASSED] - Call Test Case 'Test Cases/mobileWeb/_include/goToEnd_hbi' successfully]]></system-out>
         <system-err><![CDATA[]]></system-err>
      </testcase>
      <system-out><![CDATA[2019-12-04 04:13:19 - [TEST_SUITE][PASSED] - TriStar: Test Cases/PL Site/TriStar/hbi/Vitala Care]]></system-out>
      <system-err><![CDATA[]]></system-err>
   </testsuite>
</testsuites>
