<?xml version="1.0" encoding="UTF-8"?>
<testsuites name="dental" time="354" tests="2" failures="1" errors="0">
   <testsuite name="dental" tests="2" failures="1" errors="0" time="354" timestamp="2019-01-30 14:03:37" hostname="sofee.yu - windows10.microdone.cn" id="Test Suites/mobileWeb/dental">
      <properties>
         <property name="deviceName" value="samsung SM-G955F (Android 5.1.1)"/>
         <property name="devicePlatform" value=""/>
         <property name="logFolder" value="D:\\Test\\AgileTest\\AgileTest\\Reports\\mobileWeb\\dental\\20190130_140333"/>
         <property name="logFiles" value="D:\\Test\\AgileTest\\AgileTest\\Reports\\mobileWeb\\dental\\20190130_140333\\appium.log, D:\\Test\\AgileTest\\AgileTest\\Reports\\mobileWeb\\dental\\20190130_140333\\execution0.log"/>
         <property name="attachments" value="D:\\Test\\AgileTest\\AgileTest\\Reports\\mobileWeb\\dental\\20190130_140333\\1548828563562.png"/>
         <property name="hostName" value="sofee.yu - windows10.microdone.cn"/>
         <property name="os" value="Windows 7 64bit"/>
         <property name="katalonVersion" value="5.9.1.2"/>
         <property name="deviceOS" value="Android"/>
         <property name="appiumVersion" value="1.8.1"/>
         <property name="sessionId" value="dccc2a23-aa33-4cda-a8c4-ecf31fb38a71"/>
         <property name="deviceId" value="127.0.0.1:62025"/>
         <property name="deviceName" value="samsung SM-G955F (Android 5.1.1)"/>
         <property name="proxyInformation" value="ProxyInformation{proxyOption=NO_PROXY, proxyServerType=HTTP, password=, proxyServerAddress=, proxyServerPort=0}"/>
         <property name="deviceOSVersion" value="5.1.1"/>
         <property name="platform" value="Windows 7"/>
         <property name="browser" value="Chrome 71.0.3578.99"/>
         <property name="deviceModel" value="SM-G955F"/>
         <property name="hostAddress" value="172.16.86.47"/>
         <property name="deviceManufacturer" value="samsung"/>
         <property name="seleniumVersion" value="3.7.1"/>
      </properties>
      <testcase name="Test Cases/mobileWeb/Dental/National General" classname="Test Cases/mobileWeb/Dental/National General" status="PASSED">
         <system-out><![CDATA[2019-01-30 14:03:37 - [TEST_CASE][PASSED] - Test Cases/mobileWeb/Dental/National General: Test Cases/mobileWeb/Dental/National General

2019-01-30 14:03:38 - [TEST_STEP][PASSED] - callTestCase(findTestCase("mobileWeb/_include/openWebSite"), [:], STOP_ON_FAILURE): Call Test Case 'Test Cases/mobileWeb/_include/openWebSite' successfully

2019-01-30 14:03:38 - [TEST_CASE][PASSED] - Test Cases/mobileWeb/_include/openWebSite: Test Cases/mobileWeb/_include/openWebSite

2019-01-30 14:03:38 - [TEST_STEP][PASSED] - openBrowser(""): Browser is opened with url: ''

2019-01-30 14:03:39 - [MESSAGE][INFO] - Starting 'Android' driver

2019-01-30 14:03:39 - [MESSAGE][INFO] - User set preference: ['deviceName', 'samsung SM-G955F (Android 5.1.1)']

2019-01-30 14:03:39 - [MESSAGE][INFO] - User set preference: ['platformName', 'Android']

2019-01-30 14:03:39 - [MESSAGE][INFO] - User set preference: ['browser', 'chrome']

2019-01-30 14:03:39 - [MESSAGE][INFO] - User set preference: ['deviceId', '']

2019-01-30 14:03:44 - [MESSAGE][INFO] - Appium server started on port 64,823

2019-01-30 14:03:57 - [MESSAGE][PASSED] - Browser is opened with url: ''

2019-01-30 14:03:57 - [TEST_STEP][PASSED] - navigateToUrl(ENV): Navigate to 'https://praetemptatus.agilehealthinsurance.com' successfully

2019-01-30 14:04:01 - [MESSAGE][PASSED] - Navigate to 'https://praetemptatus.agilehealthinsurance.com' successfully

2019-01-30 14:04:01 - [TEST_STEP][PASSED] - waitForPageLoad(10): Wait for page load successfully

2019-01-30 14:04:01 - [MESSAGE][PASSED] - Wait for page load successfully

2019-01-30 14:04:01 - [TEST_STEP][PASSED] - Thread.sleep(3000): null

2019-01-30 14:04:04 - [MESSAGE][PASSED] - Call Test Case 'Test Cases/mobileWeb/_include/openWebSite' successfully

2019-01-30 14:04:04 - [TEST_STEP][PASSED] - callTestCase(findTestCase("mobileWeb/_include/census_dental"), [:], STOP_ON_FAILURE): Call Test Case 'Test Cases/mobileWeb/_include/census_dental' successfully

2019-01-30 14:04:04 - [TEST_CASE][PASSED] - Test Cases/mobileWeb/_include/census_dental: Test Cases/mobileWeb/_include/census_dental

2019-01-30 14:04:05 - [TEST_STEP][PASSED] - click(findTestObject("mobileSanity/Common/side_nav/menu")): Object: 'Object Repository/mobileSanity/Common/side_nav/menu' is clicked on

2019-01-30 14:04:06 - [MESSAGE][PASSED] - Object: 'Object Repository/mobileSanity/Common/side_nav/menu' is clicked on

2019-01-30 14:04:06 - [TEST_STEP][PASSED] - Thread.sleep(3000): null

2019-01-30 14:04:09 - [TEST_STEP][PASSED] - click(findTestObject("mobileSanity/Common/side_nav/nav_dental")): Object: 'Object Repository/mobileSanity/Common/side_nav/nav_dental' is clicked on

2019-01-30 14:04:12 - [MESSAGE][PASSED] - Object: 'Object Repository/mobileSanity/Common/side_nav/nav_dental' is clicked on

2019-01-30 14:04:12 - [TEST_STEP][PASSED] - waitForPageLoad(10): Wait for page load successfully

2019-01-30 14:04:16 - [MESSAGE][PASSED] - Wait for page load successfully

2019-01-30 14:04:16 - [TEST_STEP][PASSED] - sendKeys(findTestObject("mobileSanity/Dental/census/input_Location_zip-input"), zipcode): Keys '35215' sent to object: 'Object Repository/mobileSanity/Dental/census/input_Location_zip-input'

2019-01-30 14:04:16 - [MESSAGE][PASSED] - Keys '35215' sent to object: 'Object Repository/mobileSanity/Dental/census/input_Location_zip-input'

2019-01-30 14:04:16 - [TEST_STEP][PASSED] - setText(findTestObject("mobileSanity/Dental/census/input_Date of Birth_dob-0"), dob): Text '12/12/1980' is set on object 'Object Repository/mobileSanity/Dental/census/input_Date of Birth_dob-0'

2019-01-30 14:04:18 - [MESSAGE][PASSED] - Text '12/12/1980' is set on object 'Object Repository/mobileSanity/Dental/census/input_Date of Birth_dob-0'

2019-01-30 14:04:18 - [TEST_STEP][PASSED] - click(findTestObject("mobileSanity/Dental/census/label_Male")): Object: 'Object Repository/mobileSanity/Dental/census/label_Male' is clicked on

2019-01-30 14:04:18 - [MESSAGE][PASSED] - Object: 'Object Repository/mobileSanity/Dental/census/label_Male' is clicked on

2019-01-30 14:04:18 - [TEST_STEP][PASSED] - click(findTestObject("mobileSanity/Dental/census/label_Compare Dental Insurance")): Object: 'Object Repository/mobileSanity/Dental/census/label_Compare Dental Insurance' is clicked on

2019-01-30 14:04:23 - [MESSAGE][PASSED] - Object: 'Object Repository/mobileSanity/Dental/census/label_Compare Dental Insurance' is clicked on

2019-01-30 14:04:23 - [TEST_STEP][PASSED] - waitForPageLoad(10): Wait for page load successfully

2019-01-30 14:04:24 - [MESSAGE][PASSED] - Wait for page load successfully

2019-01-30 14:04:24 - [MESSAGE][PASSED] - Call Test Case 'Test Cases/mobileWeb/_include/census_dental' successfully

2019-01-30 14:04:24 - [TEST_STEP][PASSED] - click(findTestObject("mobileSanity/Dental/filter/btn_filter")): Object: 'Object Repository/mobileSanity/Dental/filter/btn_filter' is clicked on

2019-01-30 14:04:28 - [MESSAGE][PASSED] - Object: 'Object Repository/mobileSanity/Dental/filter/btn_filter' is clicked on

2019-01-30 14:04:28 - [TEST_STEP][PASSED] - waitForElementVisible(findTestObject("mobileSanity/Dental/filter/btn_company"), 10): Object 'Object Repository/mobileSanity/Dental/filter/btn_company' is visible

2019-01-30 14:04:28 - [MESSAGE][PASSED] - Object 'Object Repository/mobileSanity/Dental/filter/btn_company' is visible

2019-01-30 14:04:28 - [TEST_STEP][PASSED] - click(findTestObject("mobileSanity/Dental/filter/btn_company")): Object: 'Object Repository/mobileSanity/Dental/filter/btn_company' is clicked on

2019-01-30 14:04:28 - [MESSAGE][PASSED] - Object: 'Object Repository/mobileSanity/Dental/filter/btn_company' is clicked on

2019-01-30 14:04:28 - [TEST_STEP][PASSED] - click(findTestObject("mobileSanity/Dental/filter/btn_ng")): Object: 'Object Repository/mobileSanity/Dental/filter/btn_ng' is clicked on

2019-01-30 14:04:29 - [MESSAGE][PASSED] - Object: 'Object Repository/mobileSanity/Dental/filter/btn_ng' is clicked on

2019-01-30 14:04:29 - [TEST_STEP][PASSED] - waitForJQueryLoad(20, STOP_ON_FAILURE): jQuery is ready.

2019-01-30 14:04:32 - [MESSAGE][PASSED] - jQuery is ready.

2019-01-30 14:04:32 - [TEST_STEP][PASSED] - click(findTestObject("mobileSanity/Dental/filter/btn_filter")): Object: 'Object Repository/mobileSanity/Dental/filter/btn_filter' is clicked on

2019-01-30 14:04:32 - [MESSAGE][PASSED] - Object: 'Object Repository/mobileSanity/Dental/filter/btn_filter' is clicked on

2019-01-30 14:04:32 - [TEST_STEP][PASSED] - click(findTestObject("mobileSanity/Dental/quote/a_Select This Plan")): Object: 'Object Repository/mobileSanity/Dental/quote/a_Select This Plan' is clicked on

2019-01-30 14:04:35 - [MESSAGE][PASSED] - Object: 'Object Repository/mobileSanity/Dental/quote/a_Select This Plan' is clicked on

2019-01-30 14:04:35 - [TEST_STEP][PASSED] - waitForPageLoad(10): Wait for page load successfully

2019-01-30 14:04:38 - [MESSAGE][PASSED] - Wait for page load successfully

2019-01-30 14:04:38 - [TEST_STEP][PASSED] - click(findTestObject("mobileSanity/Dental/apply/span_Start Secure Application")): Object: 'Object Repository/mobileSanity/Dental/apply/span_Start Secure Application' is clicked on

2019-01-30 14:04:41 - [MESSAGE][PASSED] - Object: 'Object Repository/mobileSanity/Dental/apply/span_Start Secure Application' is clicked on

2019-01-30 14:04:41 - [TEST_STEP][PASSED] - waitForPageLoad(10): Wait for page load successfully

2019-01-30 14:04:42 - [MESSAGE][PASSED] - Wait for page load successfully

2019-01-30 14:04:42 - [TEST_STEP][PASSED] - callTestCase(findTestCase("mobileWeb/_include/goToEnd_dental"), ["carrier":"nationalgeneral"], CONTINUE_ON_FAILURE): Call Test Case 'Test Cases/mobileWeb/_include/goToEnd_dental' successfully

2019-01-30 14:04:42 - [TEST_CASE][PASSED] - Test Cases/mobileWeb/_include/goToEnd_dental: Test Cases/mobileWeb/_include/goToEnd_dental

2019-01-30 14:04:43 - [TEST_STEP][PASSED] - callTestCase(findTestCase("mobileWeb/_include/name"), [:], CONTINUE_ON_FAILURE): Call Test Case 'Test Cases/mobileWeb/_include/name' successfully

2019-01-30 14:04:43 - [TEST_CASE][PASSED] - Test Cases/mobileWeb/_include/name: Test Cases/mobileWeb/_include/name

2019-01-30 14:04:43 - [TEST_STEP][PASSED] - driver = getWebDriver(): null

2019-01-30 14:04:43 - [TEST_STEP][PASSED] - selenium = new com.thoughtworks.selenium.webdriven.WebDriverBackedSelenium(driver, internal.GlobalVariable.ENV): null

2019-01-30 14:04:43 - [TEST_STEP][PASSED] - FirstName = "Test-123": null

2019-01-30 14:04:43 - [TEST_STEP][PASSED] - LastName = selenium.getEval("{var x="ABCDEFGHIJKLMNOPQRSTUVWXYZabcdefghijklmnopqrstuvwxyz"; var tmp="ZZ11-"; for (i=0;i<8;i++) tmp+=x.charAt(Math.ceil(51*Math.random()));tmp;}"): null

2019-01-30 14:04:46 - [TEST_STEP][PASSED] - Address = selenium.getEval("{var x="ABCDEFGHIJKLMNOPQRSTUVWXYZabcdefghijklmnopqrstuvwxyz"; var tmp=""; for (i=0;i<8;i++) tmp+=x.charAt(Math.ceil(51*Math.random()));tmp;}"): null

2019-01-30 14:04:46 - [TEST_STEP][PASSED] - City = selenium.getEval("{var x="ABCDEFGHIJKLMNOPQRSTUVWXYZabcdefghijklmnopqrstuvwxyz"; var tmp=""; for (i=0;i<8;i++) tmp+=x.charAt(Math.ceil(51*Math.random()));tmp;}"): null

2019-01-30 14:04:46 - [TEST_STEP][PASSED] - tel1 = selenium.getEval("{var x="123456789"; var tmp=""; for (i=0;i<3;i++) tmp+=x.charAt(Math.ceil(8*Math.random()));tmp;}"): null

2019-01-30 14:04:46 - [TEST_STEP][PASSED] - tel2 = selenium.getEval("{var x="123456789"; var tmp=""; for (i=0;i<3;i++) tmp+=x.charAt(Math.ceil(8*Math.random()));tmp;}"): null

2019-01-30 14:04:46 - [TEST_STEP][PASSED] - tel3 = selenium.getEval("{var x="123456789"; var tmp=""; for (i=0;i<4;i++) tmp+=x.charAt(Math.ceil(8*Math.random()));tmp;}"): null

2019-01-30 14:04:46 - [TEST_STEP][PASSED] - Tel = selenium.getExpression(tel1 + "-" + tel2 + "-" + tel3): null

2019-01-30 14:04:46 - [TEST_STEP][PASSED] - AutoEmail = selenium.getEval("{var x="ABCDEFGHIJKLMNOPQRSTUVWXYZabcdefghijklmnopqrstuvwxyz"; var tmp="test."; for (i=0;i<8;i++) tmp+=x.charAt(Math.ceil(51*Math.random()));tmp+="@suryani.cn";}"): null

2019-01-30 14:04:46 - [TEST_STEP][PASSED] - FirstName = FirstName: null

2019-01-30 14:04:46 - [TEST_STEP][PASSED] - LastName = LastName: null

2019-01-30 14:04:46 - [TEST_STEP][PASSED] - Address = Address: null

2019-01-30 14:04:46 - [TEST_STEP][PASSED] - City = City: null

2019-01-30 14:04:46 - [TEST_STEP][PASSED] - Tel = Tel: null

2019-01-30 14:04:46 - [TEST_STEP][PASSED] - AutoEmail = AutoEmail: null

2019-01-30 14:04:46 - [TEST_STEP][PASSED] - println(FirstName): null

2019-01-30 14:04:46 - [TEST_STEP][PASSED] - println(LastName): null

2019-01-30 14:04:46 - [TEST_STEP][PASSED] - println(Address): null

2019-01-30 14:04:46 - [TEST_STEP][PASSED] - println(City): null

2019-01-30 14:04:46 - [TEST_STEP][PASSED] - println(Tel): null

2019-01-30 14:04:46 - [TEST_STEP][PASSED] - println(AutoEmail): null

2019-01-30 14:04:46 - [MESSAGE][PASSED] - Call Test Case 'Test Cases/mobileWeb/_include/name' successfully

2019-01-30 14:04:46 - [TEST_STEP][PASSED] - Thread.sleep(3000): null

2019-01-30 14:04:49 - [TEST_STEP][PASSED] - setText(findTestObject("mobileSanity/Dental/app_page1/input__member-P-1-firstName"), FirstName): Text 'Test-123' is set on object 'Object Repository/mobileSanity/Dental/app_page1/input__member-P-1-firstName'

2019-01-30 14:04:50 - [MESSAGE][PASSED] - Text 'Test-123' is set on object 'Object Repository/mobileSanity/Dental/app_page1/input__member-P-1-firstName'

2019-01-30 14:04:50 - [TEST_STEP][PASSED] - setText(findTestObject("mobileSanity/Dental/app_page1/input__member-P-1-lastName"), LastName): Text 'ZZ11-DLXPUxOK' is set on object 'Object Repository/mobileSanity/Dental/app_page1/input__member-P-1-lastName'

2019-01-30 14:04:52 - [MESSAGE][PASSED] - Text 'ZZ11-DLXPUxOK' is set on object 'Object Repository/mobileSanity/Dental/app_page1/input__member-P-1-lastName'

2019-01-30 14:04:52 - [TEST_STEP][PASSED] - setText(findTestObject("mobileSanity/Dental/app_page1/input__address"), Address): Text 'UWDiLgOD' is set on object 'Object Repository/mobileSanity/Dental/app_page1/input__address'

2019-01-30 14:04:53 - [MESSAGE][PASSED] - Text 'UWDiLgOD' is set on object 'Object Repository/mobileSanity/Dental/app_page1/input__address'

2019-01-30 14:04:53 - [TEST_STEP][PASSED] - setText(findTestObject("mobileSanity/Dental/app_page1/input__city"), City): Text 'rzRKJoPv' is set on object 'Object Repository/mobileSanity/Dental/app_page1/input__city'

2019-01-30 14:04:55 - [MESSAGE][PASSED] - Text 'rzRKJoPv' is set on object 'Object Repository/mobileSanity/Dental/app_page1/input__city'

2019-01-30 14:04:55 - [TEST_STEP][PASSED] - setText(findTestObject("mobileSanity/Dental/app_page1/input__email"), AutoEmail): Text 'test.xIQCIltE@suryani.cn' is set on object 'Object Repository/mobileSanity/Dental/app_page1/input__email'

2019-01-30 14:04:57 - [MESSAGE][PASSED] - Text 'test.xIQCIltE@suryani.cn' is set on object 'Object Repository/mobileSanity/Dental/app_page1/input__email'

2019-01-30 14:04:57 - [TEST_STEP][PASSED] - setText(findTestObject("mobileSanity/Dental/app_page1/input_phone"), Tel): Text '352-322-6247' is set on object 'Object Repository/mobileSanity/Dental/app_page1/input_phone'

2019-01-30 14:04:59 - [MESSAGE][PASSED] - Text '352-322-6247' is set on object 'Object Repository/mobileSanity/Dental/app_page1/input_phone'

2019-01-30 14:04:59 - [TEST_STEP][PASSED] - click(findTestObject("mobileSanity/Dental/app_page1/a_Continue to Step 2 - Payment")): Object: 'Object Repository/mobileSanity/Dental/app_page1/a_Continue to Step 2 - Payment' is clicked on

2019-01-30 14:04:59 - [MESSAGE][PASSED] - Object: 'Object Repository/mobileSanity/Dental/app_page1/a_Continue to Step 2 - Payment' is clicked on

2019-01-30 14:04:59 - [TEST_STEP][PASSED] - if (carrier == "usa"): null

2019-01-30 14:04:59 - [TEST_STEP][PASSED] - setText(findTestObject("mobileSanity/Dental/app_page2/input__credit-card-first"), FirstName): Text 'Test-123' is set on object 'Object Repository/mobileSanity/Dental/app_page2/input__credit-card-first'

2019-01-30 14:05:04 - [MESSAGE][PASSED] - Text 'Test-123' is set on object 'Object Repository/mobileSanity/Dental/app_page2/input__credit-card-first'

2019-01-30 14:05:04 - [TEST_STEP][PASSED] - setText(findTestObject("mobileSanity/Dental/app_page2/input__credit-card-last"), LastName): Text 'ZZ11-DLXPUxOK' is set on object 'Object Repository/mobileSanity/Dental/app_page2/input__credit-card-last'

2019-01-30 14:05:06 - [MESSAGE][PASSED] - Text 'ZZ11-DLXPUxOK' is set on object 'Object Repository/mobileSanity/Dental/app_page2/input__credit-card-last'

2019-01-30 14:05:06 - [TEST_STEP][PASSED] - selectOptionByValue(findTestObject("mobileSanity/Dental/app_page2/select_MM010203040506070809101"), "12", true): All options with value '12' are selected in object 'Object Repository/mobileSanity/Dental/app_page2/select_MM010203040506070809101'  using regular expression

2019-01-30 14:05:08 - [MESSAGE][PASSED] - All options with value '12' are selected in object 'Object Repository/mobileSanity/Dental/app_page2/select_MM010203040506070809101'  using regular expression

2019-01-30 14:05:08 - [TEST_STEP][PASSED] - selectOptionByValue(findTestObject("mobileSanity/Dental/app_page2/select_YYYY2019202020212022202"), "2026", true): All options with value '2026' are selected in object 'Object Repository/mobileSanity/Dental/app_page2/select_YYYY2019202020212022202'  using regular expression

2019-01-30 14:05:11 - [MESSAGE][PASSED] - All options with value '2026' are selected in object 'Object Repository/mobileSanity/Dental/app_page2/select_YYYY2019202020212022202'  using regular expression

2019-01-30 14:05:11 - [TEST_STEP][PASSED] - setText(findTestObject("mobileSanity/Dental/app_page2/input__credit-card-number"), "4111111111111111"): Text '4111111111111111' is set on object 'Object Repository/mobileSanity/Dental/app_page2/input__credit-card-number'

2019-01-30 14:05:13 - [MESSAGE][PASSED] - Text '4111111111111111' is set on object 'Object Repository/mobileSanity/Dental/app_page2/input__credit-card-number'

2019-01-30 14:05:13 - [TEST_STEP][PASSED] - setText(findTestObject("mobileSanity/Dental/app_page2/input__cvv"), "123"): Text '123' is set on object 'Object Repository/mobileSanity/Dental/app_page2/input__cvv'

2019-01-30 14:05:14 - [MESSAGE][PASSED] - Text '123' is set on object 'Object Repository/mobileSanity/Dental/app_page2/input__cvv'

2019-01-30 14:05:14 - [TEST_STEP][PASSED] - click(findTestObject("mobileSanity/Dental/app_page2/label_My billing address is th")): Object: 'Object Repository/mobileSanity/Dental/app_page2/label_My billing address is th' is clicked on

2019-01-30 14:05:14 - [MESSAGE][PASSED] - Object: 'Object Repository/mobileSanity/Dental/app_page2/label_My billing address is th' is clicked on

2019-01-30 14:05:14 - [TEST_STEP][PASSED] - click(findTestObject("mobileSanity/Dental/app_page2/label_I Accept Authorization f")): Object: 'Object Repository/mobileSanity/Dental/app_page2/label_I Accept Authorization f' is clicked on

2019-01-30 14:05:14 - [MESSAGE][PASSED] - Object: 'Object Repository/mobileSanity/Dental/app_page2/label_I Accept Authorization f' is clicked on

2019-01-30 14:05:14 - [TEST_STEP][PASSED] - click(findTestObject("mobileSanity/Dental/app_page2/a_Continue to Step 3 - Review")): Object: 'Object Repository/mobileSanity/Dental/app_page2/a_Continue to Step 3 - Review' is clicked on

2019-01-30 14:05:15 - [MESSAGE][PASSED] - Object: 'Object Repository/mobileSanity/Dental/app_page2/a_Continue to Step 3 - Review' is clicked on

2019-01-30 14:05:15 - [TEST_STEP][PASSED] - waitForPageLoad(10): Wait for page load successfully

2019-01-30 14:05:16 - [MESSAGE][PASSED] - Wait for page load successfully

2019-01-30 14:05:16 - [TEST_STEP][PASSED] - click(findTestObject("mobileSanity/Dental/app_page3/label")): Object: 'Object Repository/mobileSanity/Dental/app_page3/label' is clicked on

2019-01-30 14:05:18 - [MESSAGE][PASSED] - Object: 'Object Repository/mobileSanity/Dental/app_page3/label' is clicked on

2019-01-30 14:05:18 - [TEST_STEP][PASSED] - click(findTestObject("mobileSanity/Dental/app_page3/p_CLICK TO SIGN")): Object: 'Object Repository/mobileSanity/Dental/app_page3/p_CLICK TO SIGN' is clicked on

2019-01-30 14:05:19 - [MESSAGE][PASSED] - Object: 'Object Repository/mobileSanity/Dental/app_page3/p_CLICK TO SIGN' is clicked on

2019-01-30 14:05:19 - [TEST_STEP][PASSED] - click(findTestObject("mobileSanity/Dental/app_page3/a_Submit Your Application")): Object: 'Object Repository/mobileSanity/Dental/app_page3/a_Submit Your Application' is clicked on

2019-01-30 14:05:20 - [MESSAGE][PASSED] - Object: 'Object Repository/mobileSanity/Dental/app_page3/a_Submit Your Application' is clicked on

2019-01-30 14:05:20 - [TEST_STEP][PASSED] - Thread.sleep(20000): null

2019-01-30 14:05:40 - [TEST_STEP][PASSED] - verifyTextPresent("Congratulations", false): Text 'Congratulations' is present on page 

2019-01-30 14:05:40 - [MESSAGE][PASSED] - Text 'Congratulations' is present on page 

2019-01-30 14:05:40 - [MESSAGE][PASSED] - Call Test Case 'Test Cases/mobileWeb/_include/goToEnd_dental' successfully]]></system-out>
         <system-err><![CDATA[]]></system-err>
      </testcase>
      <testcase name="Test Cases/mobileWeb/Dental/Nationwide" classname="Test Cases/mobileWeb/Dental/Nationwide" status="PASSED">
         <system-out><![CDATA[2019-01-30 14:05:42 - [TEST_CASE][PASSED] - Test Cases/mobileWeb/Dental/Nationwide: Test Cases/mobileWeb/Dental/Nationwide

2019-01-30 14:05:43 - [TEST_STEP][PASSED] - callTestCase(findTestCase("mobileWeb/_include/openWebSite"), [:], STOP_ON_FAILURE): Call Test Case 'Test Cases/mobileWeb/_include/openWebSite' successfully

2019-01-30 14:05:43 - [TEST_CASE][PASSED] - Test Cases/mobileWeb/_include/openWebSite: Test Cases/mobileWeb/_include/openWebSite

2019-01-30 14:05:43 - [TEST_STEP][PASSED] - openBrowser(""): Browser is opened with url: ''

2019-01-30 14:05:43 - [MESSAGE][WARNING] - A browser is already opened. Closing browser and opening a new one

2019-01-30 14:05:47 - [MESSAGE][INFO] - Starting 'Android' driver

2019-01-30 14:05:47 - [MESSAGE][INFO] - User set preference: ['deviceName', 'samsung SM-G955F (Android 5.1.1)']

2019-01-30 14:05:47 - [MESSAGE][INFO] - User set preference: ['platformName', 'Android']

2019-01-30 14:05:47 - [MESSAGE][INFO] - User set preference: ['browser', 'chrome']

2019-01-30 14:05:47 - [MESSAGE][INFO] - User set preference: ['deviceId', '']

2019-01-30 14:05:52 - [MESSAGE][INFO] - Appium server started on port 64,919

2019-01-30 14:06:06 - [MESSAGE][PASSED] - Browser is opened with url: ''

2019-01-30 14:06:06 - [TEST_STEP][PASSED] - navigateToUrl(ENV): Navigate to 'https://praetemptatus.agilehealthinsurance.com' successfully

2019-01-30 14:06:09 - [MESSAGE][PASSED] - Navigate to 'https://praetemptatus.agilehealthinsurance.com' successfully

2019-01-30 14:06:09 - [TEST_STEP][PASSED] - waitForPageLoad(10): Wait for page load successfully

2019-01-30 14:06:10 - [MESSAGE][PASSED] - Wait for page load successfully

2019-01-30 14:06:10 - [TEST_STEP][PASSED] - Thread.sleep(3000): null

2019-01-30 14:06:13 - [MESSAGE][PASSED] - Call Test Case 'Test Cases/mobileWeb/_include/openWebSite' successfully

2019-01-30 14:06:13 - [TEST_STEP][PASSED] - callTestCase(findTestCase("mobileWeb/_include/census_dental"), [:], STOP_ON_FAILURE): Call Test Case 'Test Cases/mobileWeb/_include/census_dental' successfully

2019-01-30 14:06:13 - [TEST_CASE][PASSED] - Test Cases/mobileWeb/_include/census_dental: Test Cases/mobileWeb/_include/census_dental

2019-01-30 14:06:13 - [TEST_STEP][PASSED] - click(findTestObject("mobileSanity/Common/side_nav/menu")): Object: 'Object Repository/mobileSanity/Common/side_nav/menu' is clicked on

2019-01-30 14:06:15 - [MESSAGE][PASSED] - Object: 'Object Repository/mobileSanity/Common/side_nav/menu' is clicked on

2019-01-30 14:06:15 - [TEST_STEP][PASSED] - Thread.sleep(3000): null

2019-01-30 14:06:18 - [TEST_STEP][PASSED] - click(findTestObject("mobileSanity/Common/side_nav/nav_dental")): Object: 'Object Repository/mobileSanity/Common/side_nav/nav_dental' is clicked on

2019-01-30 14:06:20 - [MESSAGE][PASSED] - Object: 'Object Repository/mobileSanity/Common/side_nav/nav_dental' is clicked on

2019-01-30 14:06:20 - [TEST_STEP][PASSED] - waitForPageLoad(10): Wait for page load successfully

2019-01-30 14:06:23 - [MESSAGE][PASSED] - Wait for page load successfully

2019-01-30 14:06:23 - [TEST_STEP][PASSED] - sendKeys(findTestObject("mobileSanity/Dental/census/input_Location_zip-input"), zipcode): Keys '35215' sent to object: 'Object Repository/mobileSanity/Dental/census/input_Location_zip-input'

2019-01-30 14:06:24 - [MESSAGE][PASSED] - Keys '35215' sent to object: 'Object Repository/mobileSanity/Dental/census/input_Location_zip-input'

2019-01-30 14:06:24 - [TEST_STEP][PASSED] - setText(findTestObject("mobileSanity/Dental/census/input_Date of Birth_dob-0"), dob): Text '12/12/1980' is set on object 'Object Repository/mobileSanity/Dental/census/input_Date of Birth_dob-0'

2019-01-30 14:06:26 - [MESSAGE][PASSED] - Text '12/12/1980' is set on object 'Object Repository/mobileSanity/Dental/census/input_Date of Birth_dob-0'

2019-01-30 14:06:26 - [TEST_STEP][PASSED] - click(findTestObject("mobileSanity/Dental/census/label_Male")): Object: 'Object Repository/mobileSanity/Dental/census/label_Male' is clicked on

2019-01-30 14:06:26 - [MESSAGE][PASSED] - Object: 'Object Repository/mobileSanity/Dental/census/label_Male' is clicked on

2019-01-30 14:06:26 - [TEST_STEP][PASSED] - click(findTestObject("mobileSanity/Dental/census/label_Compare Dental Insurance")): Object: 'Object Repository/mobileSanity/Dental/census/label_Compare Dental Insurance' is clicked on

2019-01-30 14:06:33 - [MESSAGE][PASSED] - Object: 'Object Repository/mobileSanity/Dental/census/label_Compare Dental Insurance' is clicked on

2019-01-30 14:06:33 - [TEST_STEP][PASSED] - waitForPageLoad(10): Wait for page load successfully

2019-01-30 14:06:33 - [MESSAGE][PASSED] - Wait for page load successfully

2019-01-30 14:06:33 - [MESSAGE][PASSED] - Call Test Case 'Test Cases/mobileWeb/_include/census_dental' successfully

2019-01-30 14:06:33 - [TEST_STEP][PASSED] - click(findTestObject("mobileSanity/Dental/filter/btn_filter")): Object: 'Object Repository/mobileSanity/Dental/filter/btn_filter' is clicked on

2019-01-30 14:06:37 - [MESSAGE][PASSED] - Object: 'Object Repository/mobileSanity/Dental/filter/btn_filter' is clicked on

2019-01-30 14:06:37 - [TEST_STEP][PASSED] - waitForElementVisible(findTestObject("mobileSanity/Dental/filter/btn_company"), 10): Object 'Object Repository/mobileSanity/Dental/filter/btn_company' is visible

2019-01-30 14:06:37 - [MESSAGE][PASSED] - Object 'Object Repository/mobileSanity/Dental/filter/btn_company' is visible

2019-01-30 14:06:37 - [TEST_STEP][PASSED] - click(findTestObject("mobileSanity/Dental/filter/btn_company")): Object: 'Object Repository/mobileSanity/Dental/filter/btn_company' is clicked on

2019-01-30 14:06:38 - [MESSAGE][PASSED] - Object: 'Object Repository/mobileSanity/Dental/filter/btn_company' is clicked on

2019-01-30 14:06:38 - [TEST_STEP][PASSED] - click(findTestObject("mobileSanity/Dental/filter/btn_nationwide")): Object: 'Object Repository/mobileSanity/Dental/filter/btn_nationwide' is clicked on

2019-01-30 14:06:38 - [MESSAGE][PASSED] - Object: 'Object Repository/mobileSanity/Dental/filter/btn_nationwide' is clicked on

2019-01-30 14:06:38 - [TEST_STEP][PASSED] - waitForJQueryLoad(20, STOP_ON_FAILURE): jQuery is ready.

2019-01-30 14:06:40 - [MESSAGE][PASSED] - jQuery is ready.

2019-01-30 14:06:40 - [TEST_STEP][PASSED] - click(findTestObject("mobileSanity/Dental/filter/btn_filter")): Object: 'Object Repository/mobileSanity/Dental/filter/btn_filter' is clicked on

2019-01-30 14:06:41 - [MESSAGE][PASSED] - Object: 'Object Repository/mobileSanity/Dental/filter/btn_filter' is clicked on

2019-01-30 14:06:41 - [TEST_STEP][PASSED] - click(findTestObject("mobileSanity/Dental/quote/a_Select This Plan")): Object: 'Object Repository/mobileSanity/Dental/quote/a_Select This Plan' is clicked on

2019-01-30 14:06:44 - [MESSAGE][PASSED] - Object: 'Object Repository/mobileSanity/Dental/quote/a_Select This Plan' is clicked on

2019-01-30 14:06:44 - [TEST_STEP][PASSED] - waitForPageLoad(10): Wait for page load successfully

2019-01-30 14:06:47 - [MESSAGE][PASSED] - Wait for page load successfully

2019-01-30 14:06:47 - [TEST_STEP][PASSED] - click(findTestObject("mobileSanity/Dental/apply/span_Start Secure Application")): Object: 'Object Repository/mobileSanity/Dental/apply/span_Start Secure Application' is clicked on

2019-01-30 14:06:53 - [MESSAGE][PASSED] - Object: 'Object Repository/mobileSanity/Dental/apply/span_Start Secure Application' is clicked on

2019-01-30 14:06:53 - [TEST_STEP][PASSED] - waitForPageLoad(10): Wait for page load successfully

2019-01-30 14:06:53 - [MESSAGE][PASSED] - Wait for page load successfully

2019-01-30 14:06:53 - [TEST_STEP][PASSED] - callTestCase(findTestCase("mobileWeb/_include/goToEnd_dental"), ["carrier":"nationwide"], STOP_ON_FAILURE): Call Test Case 'Test Cases/mobileWeb/_include/goToEnd_dental' successfully

2019-01-30 14:06:53 - [TEST_CASE][PASSED] - Test Cases/mobileWeb/_include/goToEnd_dental: Test Cases/mobileWeb/_include/goToEnd_dental

2019-01-30 14:06:53 - [TEST_STEP][PASSED] - callTestCase(findTestCase("mobileWeb/_include/name"), [:], CONTINUE_ON_FAILURE): Call Test Case 'Test Cases/mobileWeb/_include/name' successfully

2019-01-30 14:06:53 - [TEST_CASE][PASSED] - Test Cases/mobileWeb/_include/name: Test Cases/mobileWeb/_include/name

2019-01-30 14:06:53 - [TEST_STEP][PASSED] - driver = getWebDriver(): null

2019-01-30 14:06:53 - [TEST_STEP][PASSED] - selenium = new com.thoughtworks.selenium.webdriven.WebDriverBackedSelenium(driver, internal.GlobalVariable.ENV): null

2019-01-30 14:06:53 - [TEST_STEP][PASSED] - FirstName = "Test-123": null

2019-01-30 14:06:53 - [TEST_STEP][PASSED] - LastName = selenium.getEval("{var x="ABCDEFGHIJKLMNOPQRSTUVWXYZabcdefghijklmnopqrstuvwxyz"; var tmp="ZZ11-"; for (i=0;i<8;i++) tmp+=x.charAt(Math.ceil(51*Math.random()));tmp;}"): null

2019-01-30 14:06:53 - [TEST_STEP][PASSED] - Address = selenium.getEval("{var x="ABCDEFGHIJKLMNOPQRSTUVWXYZabcdefghijklmnopqrstuvwxyz"; var tmp=""; for (i=0;i<8;i++) tmp+=x.charAt(Math.ceil(51*Math.random()));tmp;}"): null

2019-01-30 14:06:53 - [TEST_STEP][PASSED] - City = selenium.getEval("{var x="ABCDEFGHIJKLMNOPQRSTUVWXYZabcdefghijklmnopqrstuvwxyz"; var tmp=""; for (i=0;i<8;i++) tmp+=x.charAt(Math.ceil(51*Math.random()));tmp;}"): null

2019-01-30 14:06:53 - [TEST_STEP][PASSED] - tel1 = selenium.getEval("{var x="123456789"; var tmp=""; for (i=0;i<3;i++) tmp+=x.charAt(Math.ceil(8*Math.random()));tmp;}"): null

2019-01-30 14:06:53 - [TEST_STEP][PASSED] - tel2 = selenium.getEval("{var x="123456789"; var tmp=""; for (i=0;i<3;i++) tmp+=x.charAt(Math.ceil(8*Math.random()));tmp;}"): null

2019-01-30 14:06:53 - [TEST_STEP][PASSED] - tel3 = selenium.getEval("{var x="123456789"; var tmp=""; for (i=0;i<4;i++) tmp+=x.charAt(Math.ceil(8*Math.random()));tmp;}"): null

2019-01-30 14:06:53 - [TEST_STEP][PASSED] - Tel = selenium.getExpression(tel1 + "-" + tel2 + "-" + tel3): null

2019-01-30 14:06:53 - [TEST_STEP][PASSED] - AutoEmail = selenium.getEval("{var x="ABCDEFGHIJKLMNOPQRSTUVWXYZabcdefghijklmnopqrstuvwxyz"; var tmp="test."; for (i=0;i<8;i++) tmp+=x.charAt(Math.ceil(51*Math.random()));tmp+="@suryani.cn";}"): null

2019-01-30 14:06:53 - [TEST_STEP][PASSED] - FirstName = FirstName: null

2019-01-30 14:06:53 - [TEST_STEP][PASSED] - LastName = LastName: null

2019-01-30 14:06:53 - [TEST_STEP][PASSED] - Address = Address: null

2019-01-30 14:06:53 - [TEST_STEP][PASSED] - City = City: null

2019-01-30 14:06:53 - [TEST_STEP][PASSED] - Tel = Tel: null

2019-01-30 14:06:53 - [TEST_STEP][PASSED] - AutoEmail = AutoEmail: null

2019-01-30 14:06:53 - [TEST_STEP][PASSED] - println(FirstName): null

2019-01-30 14:06:53 - [TEST_STEP][PASSED] - println(LastName): null

2019-01-30 14:06:53 - [TEST_STEP][PASSED] - println(Address): null

2019-01-30 14:06:53 - [TEST_STEP][PASSED] - println(City): null

2019-01-30 14:06:53 - [TEST_STEP][PASSED] - println(Tel): null

2019-01-30 14:06:53 - [TEST_STEP][PASSED] - println(AutoEmail): null

2019-01-30 14:06:54 - [MESSAGE][PASSED] - Call Test Case 'Test Cases/mobileWeb/_include/name' successfully

2019-01-30 14:06:54 - [TEST_STEP][PASSED] - Thread.sleep(3000): null

2019-01-30 14:06:57 - [TEST_STEP][PASSED] - setText(findTestObject("mobileSanity/Dental/app_page1/input__member-P-1-firstName"), FirstName): Text 'Test-123' is set on object 'Object Repository/mobileSanity/Dental/app_page1/input__member-P-1-firstName'

2019-01-30 14:06:59 - [MESSAGE][PASSED] - Text 'Test-123' is set on object 'Object Repository/mobileSanity/Dental/app_page1/input__member-P-1-firstName'

2019-01-30 14:06:59 - [TEST_STEP][PASSED] - setText(findTestObject("mobileSanity/Dental/app_page1/input__member-P-1-lastName"), LastName): Text 'ZZ11-fSzUSDEG' is set on object 'Object Repository/mobileSanity/Dental/app_page1/input__member-P-1-lastName'

2019-01-30 14:07:01 - [MESSAGE][PASSED] - Text 'ZZ11-fSzUSDEG' is set on object 'Object Repository/mobileSanity/Dental/app_page1/input__member-P-1-lastName'

2019-01-30 14:07:01 - [TEST_STEP][PASSED] - setText(findTestObject("mobileSanity/Dental/app_page1/input__address"), Address): Text 'fgukNOlt' is set on object 'Object Repository/mobileSanity/Dental/app_page1/input__address'

2019-01-30 14:07:02 - [MESSAGE][PASSED] - Text 'fgukNOlt' is set on object 'Object Repository/mobileSanity/Dental/app_page1/input__address'

2019-01-30 14:07:02 - [TEST_STEP][PASSED] - setText(findTestObject("mobileSanity/Dental/app_page1/input__city"), City): Text 'zsRjnMMR' is set on object 'Object Repository/mobileSanity/Dental/app_page1/input__city'

2019-01-30 14:07:03 - [MESSAGE][PASSED] - Text 'zsRjnMMR' is set on object 'Object Repository/mobileSanity/Dental/app_page1/input__city'

2019-01-30 14:07:03 - [TEST_STEP][PASSED] - setText(findTestObject("mobileSanity/Dental/app_page1/input__email"), AutoEmail): Text 'test.aubjxnPN@suryani.cn' is set on object 'Object Repository/mobileSanity/Dental/app_page1/input__email'

2019-01-30 14:07:06 - [MESSAGE][PASSED] - Text 'test.aubjxnPN@suryani.cn' is set on object 'Object Repository/mobileSanity/Dental/app_page1/input__email'

2019-01-30 14:07:06 - [TEST_STEP][PASSED] - setText(findTestObject("mobileSanity/Dental/app_page1/input_phone"), Tel): Text '993-537-2275' is set on object 'Object Repository/mobileSanity/Dental/app_page1/input_phone'

2019-01-30 14:07:07 - [MESSAGE][PASSED] - Text '993-537-2275' is set on object 'Object Repository/mobileSanity/Dental/app_page1/input_phone'

2019-01-30 14:07:07 - [TEST_STEP][PASSED] - click(findTestObject("mobileSanity/Dental/app_page1/a_Continue to Step 2 - Payment")): Object: 'Object Repository/mobileSanity/Dental/app_page1/a_Continue to Step 2 - Payment' is clicked on

2019-01-30 14:07:08 - [MESSAGE][PASSED] - Object: 'Object Repository/mobileSanity/Dental/app_page1/a_Continue to Step 2 - Payment' is clicked on

2019-01-30 14:07:08 - [TEST_STEP][PASSED] - if (carrier == "usa"): null

2019-01-30 14:07:08 - [TEST_STEP][PASSED] - setText(findTestObject("mobileSanity/Dental/app_page2/input__credit-card-first"), FirstName): Text 'Test-123' is set on object 'Object Repository/mobileSanity/Dental/app_page2/input__credit-card-first'

2019-01-30 14:07:12 - [MESSAGE][PASSED] - Text 'Test-123' is set on object 'Object Repository/mobileSanity/Dental/app_page2/input__credit-card-first'

2019-01-30 14:07:12 - [TEST_STEP][PASSED] - setText(findTestObject("mobileSanity/Dental/app_page2/input__credit-card-last"), LastName): Text 'ZZ11-fSzUSDEG' is set on object 'Object Repository/mobileSanity/Dental/app_page2/input__credit-card-last'

2019-01-30 14:07:14 - [MESSAGE][PASSED] - Text 'ZZ11-fSzUSDEG' is set on object 'Object Repository/mobileSanity/Dental/app_page2/input__credit-card-last'

2019-01-30 14:07:14 - [TEST_STEP][PASSED] - selectOptionByValue(findTestObject("mobileSanity/Dental/app_page2/select_MM010203040506070809101"), "12", true): All options with value '12' are selected in object 'Object Repository/mobileSanity/Dental/app_page2/select_MM010203040506070809101'  using regular expression

2019-01-30 14:07:16 - [MESSAGE][PASSED] - All options with value '12' are selected in object 'Object Repository/mobileSanity/Dental/app_page2/select_MM010203040506070809101'  using regular expression

2019-01-30 14:07:16 - [TEST_STEP][PASSED] - selectOptionByValue(findTestObject("mobileSanity/Dental/app_page2/select_YYYY2019202020212022202"), "2026", true): All options with value '2026' are selected in object 'Object Repository/mobileSanity/Dental/app_page2/select_YYYY2019202020212022202'  using regular expression

2019-01-30 14:07:19 - [MESSAGE][PASSED] - All options with value '2026' are selected in object 'Object Repository/mobileSanity/Dental/app_page2/select_YYYY2019202020212022202'  using regular expression

2019-01-30 14:07:19 - [TEST_STEP][PASSED] - setText(findTestObject("mobileSanity/Dental/app_page2/input__credit-card-number"), "4111111111111111"): Text '4111111111111111' is set on object 'Object Repository/mobileSanity/Dental/app_page2/input__credit-card-number'

2019-01-30 14:07:21 - [MESSAGE][PASSED] - Text '4111111111111111' is set on object 'Object Repository/mobileSanity/Dental/app_page2/input__credit-card-number'

2019-01-30 14:07:21 - [TEST_STEP][PASSED] - setText(findTestObject("mobileSanity/Dental/app_page2/input__cvv"), "123"): Text '123' is set on object 'Object Repository/mobileSanity/Dental/app_page2/input__cvv'

2019-01-30 14:07:22 - [MESSAGE][PASSED] - Text '123' is set on object 'Object Repository/mobileSanity/Dental/app_page2/input__cvv'

2019-01-30 14:07:22 - [TEST_STEP][PASSED] - click(findTestObject("mobileSanity/Dental/app_page2/label_My billing address is th")): Object: 'Object Repository/mobileSanity/Dental/app_page2/label_My billing address is th' is clicked on

2019-01-30 14:07:22 - [MESSAGE][PASSED] - Object: 'Object Repository/mobileSanity/Dental/app_page2/label_My billing address is th' is clicked on

2019-01-30 14:07:22 - [TEST_STEP][PASSED] - click(findTestObject("mobileSanity/Dental/app_page2/label_I Accept Authorization f")): Object: 'Object Repository/mobileSanity/Dental/app_page2/label_I Accept Authorization f' is clicked on

2019-01-30 14:07:23 - [MESSAGE][PASSED] - Object: 'Object Repository/mobileSanity/Dental/app_page2/label_I Accept Authorization f' is clicked on

2019-01-30 14:07:23 - [TEST_STEP][PASSED] - click(findTestObject("mobileSanity/Dental/app_page2/a_Continue to Step 3 - Review")): Object: 'Object Repository/mobileSanity/Dental/app_page2/a_Continue to Step 3 - Review' is clicked on

2019-01-30 14:07:24 - [MESSAGE][PASSED] - Object: 'Object Repository/mobileSanity/Dental/app_page2/a_Continue to Step 3 - Review' is clicked on

2019-01-30 14:07:24 - [TEST_STEP][PASSED] - waitForPageLoad(10): Wait for page load successfully

2019-01-30 14:07:24 - [MESSAGE][PASSED] - Wait for page load successfully

2019-01-30 14:07:24 - [TEST_STEP][PASSED] - click(findTestObject("mobileSanity/Dental/app_page3/label")): Object: 'Object Repository/mobileSanity/Dental/app_page3/label' is clicked on

2019-01-30 14:07:36 - [MESSAGE][PASSED] - Object: 'Object Repository/mobileSanity/Dental/app_page3/label' is clicked on

2019-01-30 14:07:36 - [TEST_STEP][PASSED] - click(findTestObject("mobileSanity/Dental/app_page3/p_CLICK TO SIGN")): Object: 'Object Repository/mobileSanity/Dental/app_page3/p_CLICK TO SIGN' is clicked on

2019-01-30 14:07:37 - [MESSAGE][PASSED] - Object: 'Object Repository/mobileSanity/Dental/app_page3/p_CLICK TO SIGN' is clicked on

2019-01-30 14:07:37 - [TEST_STEP][PASSED] - click(findTestObject("mobileSanity/Dental/app_page3/a_Submit Your Application")): Object: 'Object Repository/mobileSanity/Dental/app_page3/a_Submit Your Application' is clicked on

2019-01-30 14:07:38 - [MESSAGE][PASSED] - Object: 'Object Repository/mobileSanity/Dental/app_page3/a_Submit Your Application' is clicked on

2019-01-30 14:07:38 - [TEST_STEP][PASSED] - Thread.sleep(20000): null

2019-01-30 14:07:58 - [TEST_STEP][PASSED] - verifyTextPresent("Congratulations", false): Text 'Congratulations' is present on page 

2019-01-30 14:07:58 - [MESSAGE][PASSED] - Text 'Congratulations' is present on page 

2019-01-30 14:07:58 - [MESSAGE][PASSED] - Call Test Case 'Test Cases/mobileWeb/_include/goToEnd_dental' successfully]]></system-out>
         <system-err><![CDATA[]]></system-err>
      </testcase>
      <testcase name="Test Cases/mobileWeb/Dental/USA Access" classname="Test Cases/mobileWeb/Dental/USA Access" status="FAILED">
         <failure type="FAILED" message="Test Cases/mobileWeb/Dental/USA Access FAILED.
Reason:
com.kms.katalon.core.exception.StepFailedException: Unable to set text 'Test-123' of object 'Object Repository/mobileSanity/Dental/app_page2/input__credit-card-first' (Root cause: org.openqa.selenium.InvalidElementStateException: invalid element state: Element is not currently interactable and may not be manipulated
  (Session info: chrome=71.0.3578.99)
  (Driver info: chromedriver=2.38.552522 (437e6fbedfa8762dec75e2c5b3ddb86763dc9dcb),platform=Windows NT 6.1.7601 SP1 x86_64) (WARNING: The server did not provide any stacktrace information)
Command duration or timeout: 0 milliseconds
Build info: version: '3.7.1', revision: '8a0099a', time: '2017-11-06T21:07:36.161Z'
System info: host: 'SOFEE', ip: '172.16.86.47', os.name: 'Windows 7', os.arch: 'amd64', os.version: '6.1', java.version: '1.8.0_181'
Driver info: com.kms.katalon.core.appium.driver.SwipeableAndroidDriver
Capabilities {browser: chrome, browserName: Chrome, databaseEnabled: false, desired: {browser: chrome, browserName: Chrome, deviceId: , deviceName: samsung SM-G955F (Android 5..., newCommandTimeout: 1800, platform: ANDROID, platformName: Android, udid: 127.0.0.1:62025}, deviceId: , deviceManufacturer: samsung, deviceModel: SM-G955F, deviceName: 127.0.0.1:62025, deviceScreenSize: 720x1280, deviceUDID: 127.0.0.1:62025, javascriptEnabled: true, locationContextEnabled: false, networkConnectionEnabled: true, newCommandTimeout: 1800, platform: ANDROID, platformName: ANDROID, platformVersion: 5.1.1, takesScreenshot: true, udid: 127.0.0.1:62025, warnings: {}, webStorageEnabled: false}
Session ID: dccc2a23-aa33-4cda-a8c4-ecf31fb38a71)
	at com.kms.katalon.core.keyword.internal.KeywordMain.stepFailed(KeywordMain.groovy:36)
	at com.kms.katalon.core.webui.keyword.internal.WebUIKeywordMain.stepFailed(WebUIKeywordMain.groovy:65)
	at com.kms.katalon.core.webui.keyword.internal.WebUIKeywordMain.runKeyword(WebUIKeywordMain.groovy:27)
	at com.kms.katalon.core.webui.keyword.builtin.SetTextKeyword.setText(SetTextKeyword.groovy:65)
	at com.kms.katalon.core.webui.keyword.builtin.SetTextKeyword.execute(SetTextKeyword.groovy:37)
	at com.kms.katalon.core.keyword.internal.KeywordExecutor.executeKeywordForPlatform(KeywordExecutor.groovy:53)
	at com.kms.katalon.core.webui.keyword.WebUiBuiltInKeywords.setText(WebUiBuiltInKeywords.groovy:950)
	at com.kms.katalon.core.webui.keyword.WebUiBuiltInKeywords$setText$4.call(Unknown Source)
	at goToEnd_dental.run(goToEnd_dental:41)
	at com.kms.katalon.core.main.ScriptEngine.run(ScriptEngine.java:194)
	at com.kms.katalon.core.main.ScriptEngine.runScriptAsRawText(ScriptEngine.java:119)
	at com.kms.katalon.core.main.TestCaseExecutor.runScript(TestCaseExecutor.java:321)
	at com.kms.katalon.core.main.TestCaseExecutor.doExecute(TestCaseExecutor.java:312)
	at com.kms.katalon.core.main.TestCaseExecutor.processExecutionPhase(TestCaseExecutor.java:291)
	at com.kms.katalon.core.main.TestCaseExecutor.accessMainPhase(TestCaseExecutor.java:283)
	at com.kms.katalon.core.main.TestCaseExecutor.execute(TestCaseExecutor.java:222)
	at com.kms.katalon.core.main.TestCaseMain.runTestCase(TestCaseMain.java:106)
	at com.kms.katalon.core.keyword.builtin.CallTestCaseKeyword$_callTestCase_closure1.doCall(CallTestCaseKeyword.groovy:59)
	at com.kms.katalon.core.keyword.builtin.CallTestCaseKeyword$_callTestCase_closure1.call(CallTestCaseKeyword.groovy)
	at com.kms.katalon.core.keyword.internal.KeywordMain.runKeyword(KeywordMain.groovy:54)
	at com.kms.katalon.core.keyword.builtin.CallTestCaseKeyword.callTestCase(CallTestCaseKeyword.groovy:80)
	at com.kms.katalon.core.keyword.builtin.CallTestCaseKeyword.execute(CallTestCaseKeyword.groovy:44)
	at com.kms.katalon.core.keyword.internal.KeywordExecutor.executeKeywordForPlatform(KeywordExecutor.groovy:53)
	at com.kms.katalon.core.keyword.BuiltinKeywords.callTestCase(BuiltinKeywords.groovy:334)
	at USA Access.run(USA Access:43)
	at com.kms.katalon.core.main.ScriptEngine.run(ScriptEngine.java:194)
	at com.kms.katalon.core.main.ScriptEngine.runScriptAsRawText(ScriptEngine.java:119)
	at com.kms.katalon.core.main.TestCaseExecutor.runScript(TestCaseExecutor.java:321)
	at com.kms.katalon.core.main.TestCaseExecutor.doExecute(TestCaseExecutor.java:312)
	at com.kms.katalon.core.main.TestCaseExecutor.processExecutionPhase(TestCaseExecutor.java:291)
	at com.kms.katalon.core.main.TestCaseExecutor.accessMainPhase(TestCaseExecutor.java:283)
	at com.kms.katalon.core.main.TestCaseExecutor.execute(TestCaseExecutor.java:222)
	at com.kms.katalon.core.main.TestSuiteExecutor.accessTestCaseMainPhase(TestSuiteExecutor.java:129)
	at com.kms.katalon.core.main.TestSuiteExecutor.accessTestSuiteMainPhase(TestSuiteExecutor.java:112)
	at com.kms.katalon.core.main.TestSuiteExecutor.execute(TestSuiteExecutor.java:81)
	at com.kms.katalon.core.main.TestCaseMain.startTestSuite(TestCaseMain.java:149)
	at com.kms.katalon.core.main.TestCaseMain$startTestSuite$0.call(Unknown Source)
	at TempTestSuite1548828213801.run(TempTestSuite1548828213801.groovy:36)
"/>
         <system-out><![CDATA[2019-01-30 14:08:00 - [TEST_CASE][FAILED] - Test Cases/mobileWeb/Dental/USA Access: Test Cases/mobileWeb/Dental/USA Access FAILED.
Reason:
com.kms.katalon.core.exception.StepFailedException: Unable to set text 'Test-123' of object 'Object Repository/mobileSanity/Dental/app_page2/input__credit-card-first' (Root cause: org.openqa.selenium.InvalidElementStateException: invalid element state: Element is not currently interactable and may not be manipulated
  (Session info: chrome=71.0.3578.99)
  (Driver info: chromedriver=2.38.552522 (437e6fbedfa8762dec75e2c5b3ddb86763dc9dcb),platform=Windows NT 6.1.7601 SP1 x86_64) (WARNING: The server did not provide any stacktrace information)
Command duration or timeout: 0 milliseconds
Build info: version: '3.7.1', revision: '8a0099a', time: '2017-11-06T21:07:36.161Z'
System info: host: 'SOFEE', ip: '172.16.86.47', os.name: 'Windows 7', os.arch: 'amd64', os.version: '6.1', java.version: '1.8.0_181'
Driver info: com.kms.katalon.core.appium.driver.SwipeableAndroidDriver
Capabilities {browser: chrome, browserName: Chrome, databaseEnabled: false, desired: {browser: chrome, browserName: Chrome, deviceId: , deviceName: samsung SM-G955F (Android 5..., newCommandTimeout: 1800, platform: ANDROID, platformName: Android, udid: 127.0.0.1:62025}, deviceId: , deviceManufacturer: samsung, deviceModel: SM-G955F, deviceName: 127.0.0.1:62025, deviceScreenSize: 720x1280, deviceUDID: 127.0.0.1:62025, javascriptEnabled: true, locationContextEnabled: false, networkConnectionEnabled: true, newCommandTimeout: 1800, platform: ANDROID, platformName: ANDROID, platformVersion: 5.1.1, takesScreenshot: true, udid: 127.0.0.1:62025, warnings: {}, webStorageEnabled: false}
Session ID: dccc2a23-aa33-4cda-a8c4-ecf31fb38a71)
	at com.kms.katalon.core.keyword.internal.KeywordMain.stepFailed(KeywordMain.groovy:36)
	at com.kms.katalon.core.webui.keyword.internal.WebUIKeywordMain.stepFailed(WebUIKeywordMain.groovy:65)
	at com.kms.katalon.core.webui.keyword.internal.WebUIKeywordMain.runKeyword(WebUIKeywordMain.groovy:27)
	at com.kms.katalon.core.webui.keyword.builtin.SetTextKeyword.setText(SetTextKeyword.groovy:65)
	at com.kms.katalon.core.webui.keyword.builtin.SetTextKeyword.execute(SetTextKeyword.groovy:37)
	at com.kms.katalon.core.keyword.internal.KeywordExecutor.executeKeywordForPlatform(KeywordExecutor.groovy:53)
	at com.kms.katalon.core.webui.keyword.WebUiBuiltInKeywords.setText(WebUiBuiltInKeywords.groovy:950)
	at com.kms.katalon.core.webui.keyword.WebUiBuiltInKeywords$setText$4.call(Unknown Source)
	at goToEnd_dental.run(goToEnd_dental:41)
	at com.kms.katalon.core.main.ScriptEngine.run(ScriptEngine.java:194)
	at com.kms.katalon.core.main.ScriptEngine.runScriptAsRawText(ScriptEngine.java:119)
	at com.kms.katalon.core.main.TestCaseExecutor.runScript(TestCaseExecutor.java:321)
	at com.kms.katalon.core.main.TestCaseExecutor.doExecute(TestCaseExecutor.java:312)
	at com.kms.katalon.core.main.TestCaseExecutor.processExecutionPhase(TestCaseExecutor.java:291)
	at com.kms.katalon.core.main.TestCaseExecutor.accessMainPhase(TestCaseExecutor.java:283)
	at com.kms.katalon.core.main.TestCaseExecutor.execute(TestCaseExecutor.java:222)
	at com.kms.katalon.core.main.TestCaseMain.runTestCase(TestCaseMain.java:106)
	at com.kms.katalon.core.keyword.builtin.CallTestCaseKeyword$_callTestCase_closure1.doCall(CallTestCaseKeyword.groovy:59)
	at com.kms.katalon.core.keyword.builtin.CallTestCaseKeyword$_callTestCase_closure1.call(CallTestCaseKeyword.groovy)
	at com.kms.katalon.core.keyword.internal.KeywordMain.runKeyword(KeywordMain.groovy:54)
	at com.kms.katalon.core.keyword.builtin.CallTestCaseKeyword.callTestCase(CallTestCaseKeyword.groovy:80)
	at com.kms.katalon.core.keyword.builtin.CallTestCaseKeyword.execute(CallTestCaseKeyword.groovy:44)
	at com.kms.katalon.core.keyword.internal.KeywordExecutor.executeKeywordForPlatform(KeywordExecutor.groovy:53)
	at com.kms.katalon.core.keyword.BuiltinKeywords.callTestCase(BuiltinKeywords.groovy:334)
	at USA Access.run(USA Access:43)
	at com.kms.katalon.core.main.ScriptEngine.run(ScriptEngine.java:194)
	at com.kms.katalon.core.main.ScriptEngine.runScriptAsRawText(ScriptEngine.java:119)
	at com.kms.katalon.core.main.TestCaseExecutor.runScript(TestCaseExecutor.java:321)
	at com.kms.katalon.core.main.TestCaseExecutor.doExecute(TestCaseExecutor.java:312)
	at com.kms.katalon.core.main.TestCaseExecutor.processExecutionPhase(TestCaseExecutor.java:291)
	at com.kms.katalon.core.main.TestCaseExecutor.accessMainPhase(TestCaseExecutor.java:283)
	at com.kms.katalon.core.main.TestCaseExecutor.execute(TestCaseExecutor.java:222)
	at com.kms.katalon.core.main.TestSuiteExecutor.accessTestCaseMainPhase(TestSuiteExecutor.java:129)
	at com.kms.katalon.core.main.TestSuiteExecutor.accessTestSuiteMainPhase(TestSuiteExecutor.java:112)
	at com.kms.katalon.core.main.TestSuiteExecutor.execute(TestSuiteExecutor.java:81)
	at com.kms.katalon.core.main.TestCaseMain.startTestSuite(TestCaseMain.java:149)
	at com.kms.katalon.core.main.TestCaseMain$startTestSuite$0.call(Unknown Source)
	at TempTestSuite1548828213801.run(TempTestSuite1548828213801.groovy:36)


2019-01-30 14:08:00 - [TEST_STEP][PASSED] - callTestCase(findTestCase("mobileWeb/_include/openWebSite"), [:], STOP_ON_FAILURE): Call Test Case 'Test Cases/mobileWeb/_include/openWebSite' successfully

2019-01-30 14:08:00 - [TEST_CASE][PASSED] - Test Cases/mobileWeb/_include/openWebSite: Test Cases/mobileWeb/_include/openWebSite

2019-01-30 14:08:00 - [TEST_STEP][PASSED] - openBrowser(""): Browser is opened with url: ''

2019-01-30 14:08:00 - [MESSAGE][WARNING] - A browser is already opened. Closing browser and opening a new one

2019-01-30 14:08:04 - [MESSAGE][INFO] - Starting 'Android' driver

2019-01-30 14:08:04 - [MESSAGE][INFO] - User set preference: ['deviceName', 'samsung SM-G955F (Android 5.1.1)']

2019-01-30 14:08:04 - [MESSAGE][INFO] - User set preference: ['platformName', 'Android']

2019-01-30 14:08:04 - [MESSAGE][INFO] - User set preference: ['browser', 'chrome']

2019-01-30 14:08:04 - [MESSAGE][INFO] - User set preference: ['deviceId', '']

2019-01-30 14:08:09 - [MESSAGE][INFO] - Appium server started on port 50,493

2019-01-30 14:08:21 - [MESSAGE][PASSED] - Browser is opened with url: ''

2019-01-30 14:08:21 - [TEST_STEP][PASSED] - navigateToUrl(ENV): Navigate to 'https://praetemptatus.agilehealthinsurance.com' successfully

2019-01-30 14:08:25 - [MESSAGE][PASSED] - Navigate to 'https://praetemptatus.agilehealthinsurance.com' successfully

2019-01-30 14:08:25 - [TEST_STEP][PASSED] - waitForPageLoad(10): Wait for page load successfully

2019-01-30 14:08:25 - [MESSAGE][PASSED] - Wait for page load successfully

2019-01-30 14:08:25 - [TEST_STEP][PASSED] - Thread.sleep(3000): null

2019-01-30 14:08:28 - [MESSAGE][PASSED] - Call Test Case 'Test Cases/mobileWeb/_include/openWebSite' successfully

2019-01-30 14:08:28 - [TEST_STEP][PASSED] - callTestCase(findTestCase("mobileWeb/_include/census_dental"), [:], STOP_ON_FAILURE): Call Test Case 'Test Cases/mobileWeb/_include/census_dental' successfully

2019-01-30 14:08:28 - [TEST_CASE][PASSED] - Test Cases/mobileWeb/_include/census_dental: Test Cases/mobileWeb/_include/census_dental

2019-01-30 14:08:28 - [TEST_STEP][PASSED] - click(findTestObject("mobileSanity/Common/side_nav/menu")): Object: 'Object Repository/mobileSanity/Common/side_nav/menu' is clicked on

2019-01-30 14:08:30 - [MESSAGE][PASSED] - Object: 'Object Repository/mobileSanity/Common/side_nav/menu' is clicked on

2019-01-30 14:08:30 - [TEST_STEP][PASSED] - Thread.sleep(3000): null

2019-01-30 14:08:33 - [TEST_STEP][PASSED] - click(findTestObject("mobileSanity/Common/side_nav/nav_dental")): Object: 'Object Repository/mobileSanity/Common/side_nav/nav_dental' is clicked on

2019-01-30 14:08:35 - [MESSAGE][PASSED] - Object: 'Object Repository/mobileSanity/Common/side_nav/nav_dental' is clicked on

2019-01-30 14:08:35 - [TEST_STEP][PASSED] - waitForPageLoad(10): Wait for page load successfully

2019-01-30 14:08:38 - [MESSAGE][PASSED] - Wait for page load successfully

2019-01-30 14:08:38 - [TEST_STEP][PASSED] - sendKeys(findTestObject("mobileSanity/Dental/census/input_Location_zip-input"), zipcode): Keys '35215' sent to object: 'Object Repository/mobileSanity/Dental/census/input_Location_zip-input'

2019-01-30 14:08:39 - [MESSAGE][PASSED] - Keys '35215' sent to object: 'Object Repository/mobileSanity/Dental/census/input_Location_zip-input'

2019-01-30 14:08:39 - [TEST_STEP][PASSED] - setText(findTestObject("mobileSanity/Dental/census/input_Date of Birth_dob-0"), dob): Text '12/12/1980' is set on object 'Object Repository/mobileSanity/Dental/census/input_Date of Birth_dob-0'

2019-01-30 14:08:40 - [MESSAGE][PASSED] - Text '12/12/1980' is set on object 'Object Repository/mobileSanity/Dental/census/input_Date of Birth_dob-0'

2019-01-30 14:08:40 - [TEST_STEP][PASSED] - click(findTestObject("mobileSanity/Dental/census/label_Male")): Object: 'Object Repository/mobileSanity/Dental/census/label_Male' is clicked on

2019-01-30 14:08:41 - [MESSAGE][PASSED] - Object: 'Object Repository/mobileSanity/Dental/census/label_Male' is clicked on

2019-01-30 14:08:41 - [TEST_STEP][PASSED] - click(findTestObject("mobileSanity/Dental/census/label_Compare Dental Insurance")): Object: 'Object Repository/mobileSanity/Dental/census/label_Compare Dental Insurance' is clicked on

2019-01-30 14:08:46 - [MESSAGE][PASSED] - Object: 'Object Repository/mobileSanity/Dental/census/label_Compare Dental Insurance' is clicked on

2019-01-30 14:08:46 - [TEST_STEP][PASSED] - waitForPageLoad(10): Wait for page load successfully

2019-01-30 14:08:47 - [MESSAGE][PASSED] - Wait for page load successfully

2019-01-30 14:08:47 - [MESSAGE][PASSED] - Call Test Case 'Test Cases/mobileWeb/_include/census_dental' successfully

2019-01-30 14:08:47 - [TEST_STEP][PASSED] - comment("-------------quote page--------------------"): null

2019-01-30 14:08:47 - [TEST_STEP][PASSED] - click(findTestObject("mobileSanity/Dental/filter/btn_filter")): Object: 'Object Repository/mobileSanity/Dental/filter/btn_filter' is clicked on

2019-01-30 14:08:50 - [MESSAGE][PASSED] - Object: 'Object Repository/mobileSanity/Dental/filter/btn_filter' is clicked on

2019-01-30 14:08:50 - [TEST_STEP][PASSED] - waitForElementVisible(findTestObject("mobileSanity/Dental/filter/btn_company"), 10): Object 'Object Repository/mobileSanity/Dental/filter/btn_company' is visible

2019-01-30 14:08:50 - [MESSAGE][PASSED] - Object 'Object Repository/mobileSanity/Dental/filter/btn_company' is visible

2019-01-30 14:08:50 - [TEST_STEP][PASSED] - click(findTestObject("mobileSanity/Dental/filter/btn_company")): Object: 'Object Repository/mobileSanity/Dental/filter/btn_company' is clicked on

2019-01-30 14:08:51 - [MESSAGE][PASSED] - Object: 'Object Repository/mobileSanity/Dental/filter/btn_company' is clicked on

2019-01-30 14:08:51 - [TEST_STEP][PASSED] - click(findTestObject("mobileSanity/Dental/filter/btn_usa")): Object: 'Object Repository/mobileSanity/Dental/filter/btn_usa' is clicked on

2019-01-30 14:08:52 - [MESSAGE][PASSED] - Object: 'Object Repository/mobileSanity/Dental/filter/btn_usa' is clicked on

2019-01-30 14:08:52 - [TEST_STEP][PASSED] - waitForJQueryLoad(20, STOP_ON_FAILURE): jQuery is ready.

2019-01-30 14:08:54 - [MESSAGE][PASSED] - jQuery is ready.

2019-01-30 14:08:54 - [TEST_STEP][PASSED] - click(findTestObject("mobileSanity/Dental/filter/btn_filter")): Object: 'Object Repository/mobileSanity/Dental/filter/btn_filter' is clicked on

2019-01-30 14:08:54 - [MESSAGE][PASSED] - Object: 'Object Repository/mobileSanity/Dental/filter/btn_filter' is clicked on

2019-01-30 14:08:54 - [TEST_STEP][PASSED] - click(findTestObject("mobileSanity/Dental/quote/a_Select This Plan")): Object: 'Object Repository/mobileSanity/Dental/quote/a_Select This Plan' is clicked on

2019-01-30 14:08:56 - [MESSAGE][PASSED] - Object: 'Object Repository/mobileSanity/Dental/quote/a_Select This Plan' is clicked on

2019-01-30 14:08:56 - [TEST_STEP][PASSED] - click(findTestObject("mobileSanity/Dental/apply/span_Start Secure Application")): Object: 'Object Repository/mobileSanity/Dental/apply/span_Start Secure Application' is clicked on

2019-01-30 14:09:02 - [MESSAGE][PASSED] - Object: 'Object Repository/mobileSanity/Dental/apply/span_Start Secure Application' is clicked on

2019-01-30 14:09:02 - [TEST_STEP][PASSED] - waitForPageLoad(10): Wait for page load successfully

2019-01-30 14:09:05 - [MESSAGE][PASSED] - Wait for page load successfully

2019-01-30 14:09:05 - [TEST_STEP][FAILED] - callTestCase(findTestCase("mobileWeb/_include/goToEnd_dental"), ["carrier":"usa"], STOP_ON_FAILURE): callTestCase(findTestCase("mobileWeb/_include/goToEnd_dental"), ["carrier":"usa"], STOP_ON_FAILURE) FAILED.
Reason:
com.kms.katalon.core.exception.StepFailedException: Unable to set text 'Test-123' of object 'Object Repository/mobileSanity/Dental/app_page2/input__credit-card-first' (Root cause: org.openqa.selenium.InvalidElementStateException: invalid element state: Element is not currently interactable and may not be manipulated
  (Session info: chrome=71.0.3578.99)
  (Driver info: chromedriver=2.38.552522 (437e6fbedfa8762dec75e2c5b3ddb86763dc9dcb),platform=Windows NT 6.1.7601 SP1 x86_64) (WARNING: The server did not provide any stacktrace information)
Command duration or timeout: 0 milliseconds
Build info: version: '3.7.1', revision: '8a0099a', time: '2017-11-06T21:07:36.161Z'
System info: host: 'SOFEE', ip: '172.16.86.47', os.name: 'Windows 7', os.arch: 'amd64', os.version: '6.1', java.version: '1.8.0_181'
Driver info: com.kms.katalon.core.appium.driver.SwipeableAndroidDriver
Capabilities {browser: chrome, browserName: Chrome, databaseEnabled: false, desired: {browser: chrome, browserName: Chrome, deviceId: , deviceName: samsung SM-G955F (Android 5..., newCommandTimeout: 1800, platform: ANDROID, platformName: Android, udid: 127.0.0.1:62025}, deviceId: , deviceManufacturer: samsung, deviceModel: SM-G955F, deviceName: 127.0.0.1:62025, deviceScreenSize: 720x1280, deviceUDID: 127.0.0.1:62025, javascriptEnabled: true, locationContextEnabled: false, networkConnectionEnabled: true, newCommandTimeout: 1800, platform: ANDROID, platformName: ANDROID, platformVersion: 5.1.1, takesScreenshot: true, udid: 127.0.0.1:62025, warnings: {}, webStorageEnabled: false}
Session ID: dccc2a23-aa33-4cda-a8c4-ecf31fb38a71)
	at com.kms.katalon.core.keyword.internal.KeywordMain.stepFailed(KeywordMain.groovy:36)
	at com.kms.katalon.core.webui.keyword.internal.WebUIKeywordMain.stepFailed(WebUIKeywordMain.groovy:65)
	at com.kms.katalon.core.webui.keyword.internal.WebUIKeywordMain.runKeyword(WebUIKeywordMain.groovy:27)
	at com.kms.katalon.core.webui.keyword.builtin.SetTextKeyword.setText(SetTextKeyword.groovy:65)
	at com.kms.katalon.core.webui.keyword.builtin.SetTextKeyword.execute(SetTextKeyword.groovy:37)
	at com.kms.katalon.core.keyword.internal.KeywordExecutor.executeKeywordForPlatform(KeywordExecutor.groovy:53)
	at com.kms.katalon.core.webui.keyword.WebUiBuiltInKeywords.setText(WebUiBuiltInKeywords.groovy:950)
	at com.kms.katalon.core.webui.keyword.WebUiBuiltInKeywords$setText$4.call(Unknown Source)
	at goToEnd_dental.run(goToEnd_dental:41)
	at com.kms.katalon.core.main.ScriptEngine.run(ScriptEngine.java:194)
	at com.kms.katalon.core.main.ScriptEngine.runScriptAsRawText(ScriptEngine.java:119)
	at com.kms.katalon.core.main.TestCaseExecutor.runScript(TestCaseExecutor.java:321)
	at com.kms.katalon.core.main.TestCaseExecutor.doExecute(TestCaseExecutor.java:312)
	at com.kms.katalon.core.main.TestCaseExecutor.processExecutionPhase(TestCaseExecutor.java:291)
	at com.kms.katalon.core.main.TestCaseExecutor.accessMainPhase(TestCaseExecutor.java:283)
	at com.kms.katalon.core.main.TestCaseExecutor.execute(TestCaseExecutor.java:222)
	at com.kms.katalon.core.main.TestCaseMain.runTestCase(TestCaseMain.java:106)
	at com.kms.katalon.core.keyword.builtin.CallTestCaseKeyword$_callTestCase_closure1.doCall(CallTestCaseKeyword.groovy:59)
	at com.kms.katalon.core.keyword.builtin.CallTestCaseKeyword$_callTestCase_closure1.call(CallTestCaseKeyword.groovy)
	at com.kms.katalon.core.keyword.internal.KeywordMain.runKeyword(KeywordMain.groovy:54)
	at com.kms.katalon.core.keyword.builtin.CallTestCaseKeyword.callTestCase(CallTestCaseKeyword.groovy:80)
	at com.kms.katalon.core.keyword.builtin.CallTestCaseKeyword.execute(CallTestCaseKeyword.groovy:44)
	at com.kms.katalon.core.keyword.internal.KeywordExecutor.executeKeywordForPlatform(KeywordExecutor.groovy:53)
	at com.kms.katalon.core.keyword.BuiltinKeywords.callTestCase(BuiltinKeywords.groovy:334)
	at USA Access.run(USA Access:43)
	at com.kms.katalon.core.main.ScriptEngine.run(ScriptEngine.java:194)
	at com.kms.katalon.core.main.ScriptEngine.runScriptAsRawText(ScriptEngine.java:119)
	at com.kms.katalon.core.main.TestCaseExecutor.runScript(TestCaseExecutor.java:321)
	at com.kms.katalon.core.main.TestCaseExecutor.doExecute(TestCaseExecutor.java:312)
	at com.kms.katalon.core.main.TestCaseExecutor.processExecutionPhase(TestCaseExecutor.java:291)
	at com.kms.katalon.core.main.TestCaseExecutor.accessMainPhase(TestCaseExecutor.java:283)
	at com.kms.katalon.core.main.TestCaseExecutor.execute(TestCaseExecutor.java:222)
	at com.kms.katalon.core.main.TestSuiteExecutor.accessTestCaseMainPhase(TestSuiteExecutor.java:129)
	at com.kms.katalon.core.main.TestSuiteExecutor.accessTestSuiteMainPhase(TestSuiteExecutor.java:112)
	at com.kms.katalon.core.main.TestSuiteExecutor.execute(TestSuiteExecutor.java:81)
	at com.kms.katalon.core.main.TestCaseMain.startTestSuite(TestCaseMain.java:149)
	at com.kms.katalon.core.main.TestCaseMain$startTestSuite$0.call(Unknown Source)
	at TempTestSuite1548828213801.run(TempTestSuite1548828213801.groovy:36)


2019-01-30 14:09:05 - [TEST_CASE][FAILED] - Test Cases/mobileWeb/_include/goToEnd_dental: Test Cases/mobileWeb/_include/goToEnd_dental FAILED.
Reason:
com.kms.katalon.core.exception.StepFailedException: Unable to set text 'Test-123' of object 'Object Repository/mobileSanity/Dental/app_page2/input__credit-card-first' (Root cause: org.openqa.selenium.InvalidElementStateException: invalid element state: Element is not currently interactable and may not be manipulated
  (Session info: chrome=71.0.3578.99)
  (Driver info: chromedriver=2.38.552522 (437e6fbedfa8762dec75e2c5b3ddb86763dc9dcb),platform=Windows NT 6.1.7601 SP1 x86_64) (WARNING: The server did not provide any stacktrace information)
Command duration or timeout: 0 milliseconds
Build info: version: '3.7.1', revision: '8a0099a', time: '2017-11-06T21:07:36.161Z'
System info: host: 'SOFEE', ip: '172.16.86.47', os.name: 'Windows 7', os.arch: 'amd64', os.version: '6.1', java.version: '1.8.0_181'
Driver info: com.kms.katalon.core.appium.driver.SwipeableAndroidDriver
Capabilities {browser: chrome, browserName: Chrome, databaseEnabled: false, desired: {browser: chrome, browserName: Chrome, deviceId: , deviceName: samsung SM-G955F (Android 5..., newCommandTimeout: 1800, platform: ANDROID, platformName: Android, udid: 127.0.0.1:62025}, deviceId: , deviceManufacturer: samsung, deviceModel: SM-G955F, deviceName: 127.0.0.1:62025, deviceScreenSize: 720x1280, deviceUDID: 127.0.0.1:62025, javascriptEnabled: true, locationContextEnabled: false, networkConnectionEnabled: true, newCommandTimeout: 1800, platform: ANDROID, platformName: ANDROID, platformVersion: 5.1.1, takesScreenshot: true, udid: 127.0.0.1:62025, warnings: {}, webStorageEnabled: false}
Session ID: dccc2a23-aa33-4cda-a8c4-ecf31fb38a71)
	at com.kms.katalon.core.keyword.internal.KeywordMain.stepFailed(KeywordMain.groovy:36)
	at com.kms.katalon.core.webui.keyword.internal.WebUIKeywordMain.stepFailed(WebUIKeywordMain.groovy:65)
	at com.kms.katalon.core.webui.keyword.internal.WebUIKeywordMain.runKeyword(WebUIKeywordMain.groovy:27)
	at com.kms.katalon.core.webui.keyword.builtin.SetTextKeyword.setText(SetTextKeyword.groovy:65)
	at com.kms.katalon.core.webui.keyword.builtin.SetTextKeyword.execute(SetTextKeyword.groovy:37)
	at com.kms.katalon.core.keyword.internal.KeywordExecutor.executeKeywordForPlatform(KeywordExecutor.groovy:53)
	at com.kms.katalon.core.webui.keyword.WebUiBuiltInKeywords.setText(WebUiBuiltInKeywords.groovy:950)
	at com.kms.katalon.core.webui.keyword.WebUiBuiltInKeywords$setText$4.call(Unknown Source)
	at goToEnd_dental.run(goToEnd_dental:41)
	at com.kms.katalon.core.main.ScriptEngine.run(ScriptEngine.java:194)
	at com.kms.katalon.core.main.ScriptEngine.runScriptAsRawText(ScriptEngine.java:119)
	at com.kms.katalon.core.main.TestCaseExecutor.runScript(TestCaseExecutor.java:321)
	at com.kms.katalon.core.main.TestCaseExecutor.doExecute(TestCaseExecutor.java:312)
	at com.kms.katalon.core.main.TestCaseExecutor.processExecutionPhase(TestCaseExecutor.java:291)
	at com.kms.katalon.core.main.TestCaseExecutor.accessMainPhase(TestCaseExecutor.java:283)
	at com.kms.katalon.core.main.TestCaseExecutor.execute(TestCaseExecutor.java:222)
	at com.kms.katalon.core.main.TestCaseMain.runTestCase(TestCaseMain.java:106)
	at com.kms.katalon.core.keyword.builtin.CallTestCaseKeyword$_callTestCase_closure1.doCall(CallTestCaseKeyword.groovy:59)
	at com.kms.katalon.core.keyword.builtin.CallTestCaseKeyword$_callTestCase_closure1.call(CallTestCaseKeyword.groovy)
	at com.kms.katalon.core.keyword.internal.KeywordMain.runKeyword(KeywordMain.groovy:54)
	at com.kms.katalon.core.keyword.builtin.CallTestCaseKeyword.callTestCase(CallTestCaseKeyword.groovy:80)
	at com.kms.katalon.core.keyword.builtin.CallTestCaseKeyword.execute(CallTestCaseKeyword.groovy:44)
	at com.kms.katalon.core.keyword.internal.KeywordExecutor.executeKeywordForPlatform(KeywordExecutor.groovy:53)
	at com.kms.katalon.core.keyword.BuiltinKeywords.callTestCase(BuiltinKeywords.groovy:334)
	at USA Access.run(USA Access:43)
	at com.kms.katalon.core.main.ScriptEngine.run(ScriptEngine.java:194)
	at com.kms.katalon.core.main.ScriptEngine.runScriptAsRawText(ScriptEngine.java:119)
	at com.kms.katalon.core.main.TestCaseExecutor.runScript(TestCaseExecutor.java:321)
	at com.kms.katalon.core.main.TestCaseExecutor.doExecute(TestCaseExecutor.java:312)
	at com.kms.katalon.core.main.TestCaseExecutor.processExecutionPhase(TestCaseExecutor.java:291)
	at com.kms.katalon.core.main.TestCaseExecutor.accessMainPhase(TestCaseExecutor.java:283)
	at com.kms.katalon.core.main.TestCaseExecutor.execute(TestCaseExecutor.java:222)
	at com.kms.katalon.core.main.TestSuiteExecutor.accessTestCaseMainPhase(TestSuiteExecutor.java:129)
	at com.kms.katalon.core.main.TestSuiteExecutor.accessTestSuiteMainPhase(TestSuiteExecutor.java:112)
	at com.kms.katalon.core.main.TestSuiteExecutor.execute(TestSuiteExecutor.java:81)
	at com.kms.katalon.core.main.TestCaseMain.startTestSuite(TestCaseMain.java:149)
	at com.kms.katalon.core.main.TestCaseMain$startTestSuite$0.call(Unknown Source)
	at TempTestSuite1548828213801.run(TempTestSuite1548828213801.groovy:36)


2019-01-30 14:09:05 - [TEST_STEP][PASSED] - callTestCase(findTestCase("mobileWeb/_include/name"), [:], CONTINUE_ON_FAILURE): Call Test Case 'Test Cases/mobileWeb/_include/name' successfully

2019-01-30 14:09:05 - [TEST_CASE][PASSED] - Test Cases/mobileWeb/_include/name: Test Cases/mobileWeb/_include/name

2019-01-30 14:09:05 - [TEST_STEP][PASSED] - driver = getWebDriver(): null

2019-01-30 14:09:05 - [TEST_STEP][PASSED] - selenium = new com.thoughtworks.selenium.webdriven.WebDriverBackedSelenium(driver, internal.GlobalVariable.ENV): null

2019-01-30 14:09:05 - [TEST_STEP][PASSED] - FirstName = "Test-123": null

2019-01-30 14:09:05 - [TEST_STEP][PASSED] - LastName = selenium.getEval("{var x="ABCDEFGHIJKLMNOPQRSTUVWXYZabcdefghijklmnopqrstuvwxyz"; var tmp="ZZ11-"; for (i=0;i<8;i++) tmp+=x.charAt(Math.ceil(51*Math.random()));tmp;}"): null

2019-01-30 14:09:05 - [TEST_STEP][PASSED] - Address = selenium.getEval("{var x="ABCDEFGHIJKLMNOPQRSTUVWXYZabcdefghijklmnopqrstuvwxyz"; var tmp=""; for (i=0;i<8;i++) tmp+=x.charAt(Math.ceil(51*Math.random()));tmp;}"): null

2019-01-30 14:09:05 - [TEST_STEP][PASSED] - City = selenium.getEval("{var x="ABCDEFGHIJKLMNOPQRSTUVWXYZabcdefghijklmnopqrstuvwxyz"; var tmp=""; for (i=0;i<8;i++) tmp+=x.charAt(Math.ceil(51*Math.random()));tmp;}"): null

2019-01-30 14:09:05 - [TEST_STEP][PASSED] - tel1 = selenium.getEval("{var x="123456789"; var tmp=""; for (i=0;i<3;i++) tmp+=x.charAt(Math.ceil(8*Math.random()));tmp;}"): null

2019-01-30 14:09:05 - [TEST_STEP][PASSED] - tel2 = selenium.getEval("{var x="123456789"; var tmp=""; for (i=0;i<3;i++) tmp+=x.charAt(Math.ceil(8*Math.random()));tmp;}"): null

2019-01-30 14:09:06 - [TEST_STEP][PASSED] - tel3 = selenium.getEval("{var x="123456789"; var tmp=""; for (i=0;i<4;i++) tmp+=x.charAt(Math.ceil(8*Math.random()));tmp;}"): null

2019-01-30 14:09:06 - [TEST_STEP][PASSED] - Tel = selenium.getExpression(tel1 + "-" + tel2 + "-" + tel3): null

2019-01-30 14:09:06 - [TEST_STEP][PASSED] - AutoEmail = selenium.getEval("{var x="ABCDEFGHIJKLMNOPQRSTUVWXYZabcdefghijklmnopqrstuvwxyz"; var tmp="test."; for (i=0;i<8;i++) tmp+=x.charAt(Math.ceil(51*Math.random()));tmp+="@suryani.cn";}"): null

2019-01-30 14:09:06 - [TEST_STEP][PASSED] - FirstName = FirstName: null

2019-01-30 14:09:06 - [TEST_STEP][PASSED] - LastName = LastName: null

2019-01-30 14:09:06 - [TEST_STEP][PASSED] - Address = Address: null

2019-01-30 14:09:06 - [TEST_STEP][PASSED] - City = City: null

2019-01-30 14:09:06 - [TEST_STEP][PASSED] - Tel = Tel: null

2019-01-30 14:09:06 - [TEST_STEP][PASSED] - AutoEmail = AutoEmail: null

2019-01-30 14:09:06 - [TEST_STEP][PASSED] - println(FirstName): null

2019-01-30 14:09:06 - [TEST_STEP][PASSED] - println(LastName): null

2019-01-30 14:09:06 - [TEST_STEP][PASSED] - println(Address): null

2019-01-30 14:09:06 - [TEST_STEP][PASSED] - println(City): null

2019-01-30 14:09:06 - [TEST_STEP][PASSED] - println(Tel): null

2019-01-30 14:09:06 - [TEST_STEP][PASSED] - println(AutoEmail): null

2019-01-30 14:09:06 - [MESSAGE][PASSED] - Call Test Case 'Test Cases/mobileWeb/_include/name' successfully

2019-01-30 14:09:06 - [TEST_STEP][PASSED] - Thread.sleep(3000): null

2019-01-30 14:09:09 - [TEST_STEP][PASSED] - setText(findTestObject("mobileSanity/Dental/app_page1/input__member-P-1-firstName"), FirstName): Text 'Test-123' is set on object 'Object Repository/mobileSanity/Dental/app_page1/input__member-P-1-firstName'

2019-01-30 14:09:10 - [MESSAGE][PASSED] - Text 'Test-123' is set on object 'Object Repository/mobileSanity/Dental/app_page1/input__member-P-1-firstName'

2019-01-30 14:09:10 - [TEST_STEP][PASSED] - setText(findTestObject("mobileSanity/Dental/app_page1/input__member-P-1-lastName"), LastName): Text 'ZZ11-cIcXhztz' is set on object 'Object Repository/mobileSanity/Dental/app_page1/input__member-P-1-lastName'

2019-01-30 14:09:11 - [MESSAGE][PASSED] - Text 'ZZ11-cIcXhztz' is set on object 'Object Repository/mobileSanity/Dental/app_page1/input__member-P-1-lastName'

2019-01-30 14:09:11 - [TEST_STEP][PASSED] - setText(findTestObject("mobileSanity/Dental/app_page1/input__address"), Address): Text 'geSVcUGG' is set on object 'Object Repository/mobileSanity/Dental/app_page1/input__address'

2019-01-30 14:09:13 - [MESSAGE][PASSED] - Text 'geSVcUGG' is set on object 'Object Repository/mobileSanity/Dental/app_page1/input__address'

2019-01-30 14:09:13 - [TEST_STEP][PASSED] - setText(findTestObject("mobileSanity/Dental/app_page1/input__city"), City): Text 'oBbGjIsM' is set on object 'Object Repository/mobileSanity/Dental/app_page1/input__city'

2019-01-30 14:09:14 - [MESSAGE][PASSED] - Text 'oBbGjIsM' is set on object 'Object Repository/mobileSanity/Dental/app_page1/input__city'

2019-01-30 14:09:14 - [TEST_STEP][PASSED] - setText(findTestObject("mobileSanity/Dental/app_page1/input__email"), AutoEmail): Text 'test.GKHRuOIW@suryani.cn' is set on object 'Object Repository/mobileSanity/Dental/app_page1/input__email'

2019-01-30 14:09:17 - [MESSAGE][PASSED] - Text 'test.GKHRuOIW@suryani.cn' is set on object 'Object Repository/mobileSanity/Dental/app_page1/input__email'

2019-01-30 14:09:17 - [TEST_STEP][PASSED] - setText(findTestObject("mobileSanity/Dental/app_page1/input_phone"), Tel): Text '259-463-6886' is set on object 'Object Repository/mobileSanity/Dental/app_page1/input_phone'

2019-01-30 14:09:18 - [MESSAGE][PASSED] - Text '259-463-6886' is set on object 'Object Repository/mobileSanity/Dental/app_page1/input_phone'

2019-01-30 14:09:18 - [TEST_STEP][PASSED] - click(findTestObject("mobileSanity/Dental/app_page1/a_Continue to Step 2 - Payment")): Object: 'Object Repository/mobileSanity/Dental/app_page1/a_Continue to Step 2 - Payment' is clicked on

2019-01-30 14:09:19 - [MESSAGE][PASSED] - Object: 'Object Repository/mobileSanity/Dental/app_page1/a_Continue to Step 2 - Payment' is clicked on

2019-01-30 14:09:19 - [TEST_STEP][PASSED] - if (carrier == "usa"): Object: 'Object Repository/mobileSanity/Dental/app_page2/membership/a_ok' is clicked on

2019-01-30 14:09:19 - [TEST_STEP][PASSED] - click(findTestObject("mobileSanity/Dental/app_page2/membership/label_ihaveread")): Object: 'Object Repository/mobileSanity/Dental/app_page2/membership/label_ihaveread' is clicked on

2019-01-30 14:09:22 - [MESSAGE][PASSED] - Object: 'Object Repository/mobileSanity/Dental/app_page2/membership/label_ihaveread' is clicked on

2019-01-30 14:09:22 - [TEST_STEP][PASSED] - click(findTestObject("mobileSanity/Dental/app_page2/membership/a_ok")): Object: 'Object Repository/mobileSanity/Dental/app_page2/membership/a_ok' is clicked on

2019-01-30 14:09:23 - [MESSAGE][PASSED] - Object: 'Object Repository/mobileSanity/Dental/app_page2/membership/a_ok' is clicked on

2019-01-30 14:09:23 - [TEST_STEP][FAILED] - setText(findTestObject("mobileSanity/Dental/app_page2/input__credit-card-first"), FirstName): setText(findTestObject("mobileSanity/Dental/app_page2/input__credit-card-first"), FirstName) FAILED.
Reason:
com.kms.katalon.core.exception.StepFailedException: Unable to set text 'Test-123' of object 'Object Repository/mobileSanity/Dental/app_page2/input__credit-card-first' (Root cause: org.openqa.selenium.InvalidElementStateException: invalid element state: Element is not currently interactable and may not be manipulated
  (Session info: chrome=71.0.3578.99)
  (Driver info: chromedriver=2.38.552522 (437e6fbedfa8762dec75e2c5b3ddb86763dc9dcb),platform=Windows NT 6.1.7601 SP1 x86_64) (WARNING: The server did not provide any stacktrace information)
Command duration or timeout: 0 milliseconds
Build info: version: '3.7.1', revision: '8a0099a', time: '2017-11-06T21:07:36.161Z'
System info: host: 'SOFEE', ip: '172.16.86.47', os.name: 'Windows 7', os.arch: 'amd64', os.version: '6.1', java.version: '1.8.0_181'
Driver info: com.kms.katalon.core.appium.driver.SwipeableAndroidDriver
Capabilities {browser: chrome, browserName: Chrome, databaseEnabled: false, desired: {browser: chrome, browserName: Chrome, deviceId: , deviceName: samsung SM-G955F (Android 5..., newCommandTimeout: 1800, platform: ANDROID, platformName: Android, udid: 127.0.0.1:62025}, deviceId: , deviceManufacturer: samsung, deviceModel: SM-G955F, deviceName: 127.0.0.1:62025, deviceScreenSize: 720x1280, deviceUDID: 127.0.0.1:62025, javascriptEnabled: true, locationContextEnabled: false, networkConnectionEnabled: true, newCommandTimeout: 1800, platform: ANDROID, platformName: ANDROID, platformVersion: 5.1.1, takesScreenshot: true, udid: 127.0.0.1:62025, warnings: {}, webStorageEnabled: false}
Session ID: dccc2a23-aa33-4cda-a8c4-ecf31fb38a71)
	at com.kms.katalon.core.keyword.internal.KeywordMain.stepFailed(KeywordMain.groovy:36)
	at com.kms.katalon.core.webui.keyword.internal.WebUIKeywordMain.stepFailed(WebUIKeywordMain.groovy:65)
	at com.kms.katalon.core.webui.keyword.internal.WebUIKeywordMain.runKeyword(WebUIKeywordMain.groovy:27)
	at com.kms.katalon.core.webui.keyword.builtin.SetTextKeyword.setText(SetTextKeyword.groovy:65)
	at com.kms.katalon.core.webui.keyword.builtin.SetTextKeyword.execute(SetTextKeyword.groovy:37)
	at com.kms.katalon.core.keyword.internal.KeywordExecutor.executeKeywordForPlatform(KeywordExecutor.groovy:53)
	at com.kms.katalon.core.webui.keyword.WebUiBuiltInKeywords.setText(WebUiBuiltInKeywords.groovy:950)
	at com.kms.katalon.core.webui.keyword.WebUiBuiltInKeywords$setText$4.call(Unknown Source)
	at goToEnd_dental.run(goToEnd_dental:41)
	at com.kms.katalon.core.main.ScriptEngine.run(ScriptEngine.java:194)
	at com.kms.katalon.core.main.ScriptEngine.runScriptAsRawText(ScriptEngine.java:119)
	at com.kms.katalon.core.main.TestCaseExecutor.runScript(TestCaseExecutor.java:321)
	at com.kms.katalon.core.main.TestCaseExecutor.doExecute(TestCaseExecutor.java:312)
	at com.kms.katalon.core.main.TestCaseExecutor.processExecutionPhase(TestCaseExecutor.java:291)
	at com.kms.katalon.core.main.TestCaseExecutor.accessMainPhase(TestCaseExecutor.java:283)
	at com.kms.katalon.core.main.TestCaseExecutor.execute(TestCaseExecutor.java:222)
	at com.kms.katalon.core.main.TestCaseMain.runTestCase(TestCaseMain.java:106)
	at com.kms.katalon.core.keyword.builtin.CallTestCaseKeyword$_callTestCase_closure1.doCall(CallTestCaseKeyword.groovy:59)
	at com.kms.katalon.core.keyword.builtin.CallTestCaseKeyword$_callTestCase_closure1.call(CallTestCaseKeyword.groovy)
	at com.kms.katalon.core.keyword.internal.KeywordMain.runKeyword(KeywordMain.groovy:54)
	at com.kms.katalon.core.keyword.builtin.CallTestCaseKeyword.callTestCase(CallTestCaseKeyword.groovy:80)
	at com.kms.katalon.core.keyword.builtin.CallTestCaseKeyword.execute(CallTestCaseKeyword.groovy:44)
	at com.kms.katalon.core.keyword.internal.KeywordExecutor.executeKeywordForPlatform(KeywordExecutor.groovy:53)
	at com.kms.katalon.core.keyword.BuiltinKeywords.callTestCase(BuiltinKeywords.groovy:334)
	at USA Access.run(USA Access:43)
	at com.kms.katalon.core.main.ScriptEngine.run(ScriptEngine.java:194)
	at com.kms.katalon.core.main.ScriptEngine.runScriptAsRawText(ScriptEngine.java:119)
	at com.kms.katalon.core.main.TestCaseExecutor.runScript(TestCaseExecutor.java:321)
	at com.kms.katalon.core.main.TestCaseExecutor.doExecute(TestCaseExecutor.java:312)
	at com.kms.katalon.core.main.TestCaseExecutor.processExecutionPhase(TestCaseExecutor.java:291)
	at com.kms.katalon.core.main.TestCaseExecutor.accessMainPhase(TestCaseExecutor.java:283)
	at com.kms.katalon.core.main.TestCaseExecutor.execute(TestCaseExecutor.java:222)
	at com.kms.katalon.core.main.TestSuiteExecutor.accessTestCaseMainPhase(TestSuiteExecutor.java:129)
	at com.kms.katalon.core.main.TestSuiteExecutor.accessTestSuiteMainPhase(TestSuiteExecutor.java:112)
	at com.kms.katalon.core.main.TestSuiteExecutor.execute(TestSuiteExecutor.java:81)
	at com.kms.katalon.core.main.TestCaseMain.startTestSuite(TestCaseMain.java:149)
	at com.kms.katalon.core.main.TestCaseMain$startTestSuite$0.call(Unknown Source)
	at TempTestSuite1548828213801.run(TempTestSuite1548828213801.groovy:36)


2019-01-30 14:09:24 - [MESSAGE][FAILED] - Unable to set text 'Test-123' of object 'Object Repository/mobileSanity/Dental/app_page2/input__credit-card-first' (Root cause: org.openqa.selenium.InvalidElementStateException: invalid element state: Element is not currently interactable and may not be manipulated
  (Session info: chrome=71.0.3578.99)
  (Driver info: chromedriver=2.38.552522 (437e6fbedfa8762dec75e2c5b3ddb86763dc9dcb),platform=Windows NT 6.1.7601 SP1 x86_64) (WARNING: The server did not provide any stacktrace information)
Command duration or timeout: 0 milliseconds
Build info: version: '3.7.1', revision: '8a0099a', time: '2017-11-06T21:07:36.161Z'
System info: host: 'SOFEE', ip: '172.16.86.47', os.name: 'Windows 7', os.arch: 'amd64', os.version: '6.1', java.version: '1.8.0_181'
Driver info: com.kms.katalon.core.appium.driver.SwipeableAndroidDriver
Capabilities {browser: chrome, browserName: Chrome, databaseEnabled: false, desired: {browser: chrome, browserName: Chrome, deviceId: , deviceName: samsung SM-G955F (Android 5..., newCommandTimeout: 1800, platform: ANDROID, platformName: Android, udid: 127.0.0.1:62025}, deviceId: , deviceManufacturer: samsung, deviceModel: SM-G955F, deviceName: 127.0.0.1:62025, deviceScreenSize: 720x1280, deviceUDID: 127.0.0.1:62025, javascriptEnabled: true, locationContextEnabled: false, networkConnectionEnabled: true, newCommandTimeout: 1800, platform: ANDROID, platformName: ANDROID, platformVersion: 5.1.1, takesScreenshot: true, udid: 127.0.0.1:62025, warnings: {}, webStorageEnabled: false}
Session ID: dccc2a23-aa33-4cda-a8c4-ecf31fb38a71)
[[ATTACHMENT|D:\\Test\\AgileTest\\AgileTest\\Reports\\mobileWeb\\dental\\20190130_140333\\1548828563562.png]]

2019-01-30 14:09:24 - [MESSAGE][FAILED] - setText(findTestObject("mobileSanity/Dental/app_page2/input__credit-card-first"), FirstName) FAILED.
Reason:
com.kms.katalon.core.exception.StepFailedException: Unable to set text 'Test-123' of object 'Object Repository/mobileSanity/Dental/app_page2/input__credit-card-first' (Root cause: org.openqa.selenium.InvalidElementStateException: invalid element state: Element is not currently interactable and may not be manipulated
  (Session info: chrome=71.0.3578.99)
  (Driver info: chromedriver=2.38.552522 (437e6fbedfa8762dec75e2c5b3ddb86763dc9dcb),platform=Windows NT 6.1.7601 SP1 x86_64) (WARNING: The server did not provide any stacktrace information)
Command duration or timeout: 0 milliseconds
Build info: version: '3.7.1', revision: '8a0099a', time: '2017-11-06T21:07:36.161Z'
System info: host: 'SOFEE', ip: '172.16.86.47', os.name: 'Windows 7', os.arch: 'amd64', os.version: '6.1', java.version: '1.8.0_181'
Driver info: com.kms.katalon.core.appium.driver.SwipeableAndroidDriver
Capabilities {browser: chrome, browserName: Chrome, databaseEnabled: false, desired: {browser: chrome, browserName: Chrome, deviceId: , deviceName: samsung SM-G955F (Android 5..., newCommandTimeout: 1800, platform: ANDROID, platformName: Android, udid: 127.0.0.1:62025}, deviceId: , deviceManufacturer: samsung, deviceModel: SM-G955F, deviceName: 127.0.0.1:62025, deviceScreenSize: 720x1280, deviceUDID: 127.0.0.1:62025, javascriptEnabled: true, locationContextEnabled: false, networkConnectionEnabled: true, newCommandTimeout: 1800, platform: ANDROID, platformName: ANDROID, platformVersion: 5.1.1, takesScreenshot: true, udid: 127.0.0.1:62025, warnings: {}, webStorageEnabled: false}
Session ID: dccc2a23-aa33-4cda-a8c4-ecf31fb38a71)
	at com.kms.katalon.core.keyword.internal.KeywordMain.stepFailed(KeywordMain.groovy:36)
	at com.kms.katalon.core.webui.keyword.internal.WebUIKeywordMain.stepFailed(WebUIKeywordMain.groovy:65)
	at com.kms.katalon.core.webui.keyword.internal.WebUIKeywordMain.runKeyword(WebUIKeywordMain.groovy:27)
	at com.kms.katalon.core.webui.keyword.builtin.SetTextKeyword.setText(SetTextKeyword.groovy:65)
	at com.kms.katalon.core.webui.keyword.builtin.SetTextKeyword.execute(SetTextKeyword.groovy:37)
	at com.kms.katalon.core.keyword.internal.KeywordExecutor.executeKeywordForPlatform(KeywordExecutor.groovy:53)
	at com.kms.katalon.core.webui.keyword.WebUiBuiltInKeywords.setText(WebUiBuiltInKeywords.groovy:950)
	at com.kms.katalon.core.webui.keyword.WebUiBuiltInKeywords$setText$4.call(Unknown Source)
	at goToEnd_dental.run(goToEnd_dental:41)
	at com.kms.katalon.core.main.ScriptEngine.run(ScriptEngine.java:194)
	at com.kms.katalon.core.main.ScriptEngine.runScriptAsRawText(ScriptEngine.java:119)
	at com.kms.katalon.core.main.TestCaseExecutor.runScript(TestCaseExecutor.java:321)
	at com.kms.katalon.core.main.TestCaseExecutor.doExecute(TestCaseExecutor.java:312)
	at com.kms.katalon.core.main.TestCaseExecutor.processExecutionPhase(TestCaseExecutor.java:291)
	at com.kms.katalon.core.main.TestCaseExecutor.accessMainPhase(TestCaseExecutor.java:283)
	at com.kms.katalon.core.main.TestCaseExecutor.execute(TestCaseExecutor.java:222)
	at com.kms.katalon.core.main.TestCaseMain.runTestCase(TestCaseMain.java:106)
	at com.kms.katalon.core.keyword.builtin.CallTestCaseKeyword$_callTestCase_closure1.doCall(CallTestCaseKeyword.groovy:59)
	at com.kms.katalon.core.keyword.builtin.CallTestCaseKeyword$_callTestCase_closure1.call(CallTestCaseKeyword.groovy)
	at com.kms.katalon.core.keyword.internal.KeywordMain.runKeyword(KeywordMain.groovy:54)
	at com.kms.katalon.core.keyword.builtin.CallTestCaseKeyword.callTestCase(CallTestCaseKeyword.groovy:80)
	at com.kms.katalon.core.keyword.builtin.CallTestCaseKeyword.execute(CallTestCaseKeyword.groovy:44)
	at com.kms.katalon.core.keyword.internal.KeywordExecutor.executeKeywordForPlatform(KeywordExecutor.groovy:53)
	at com.kms.katalon.core.keyword.BuiltinKeywords.callTestCase(BuiltinKeywords.groovy:334)
	at USA Access.run(USA Access:43)
	at com.kms.katalon.core.main.ScriptEngine.run(ScriptEngine.java:194)
	at com.kms.katalon.core.main.ScriptEngine.runScriptAsRawText(ScriptEngine.java:119)
	at com.kms.katalon.core.main.TestCaseExecutor.runScript(TestCaseExecutor.java:321)
	at com.kms.katalon.core.main.TestCaseExecutor.doExecute(TestCaseExecutor.java:312)
	at com.kms.katalon.core.main.TestCaseExecutor.processExecutionPhase(TestCaseExecutor.java:291)
	at com.kms.katalon.core.main.TestCaseExecutor.accessMainPhase(TestCaseExecutor.java:283)
	at com.kms.katalon.core.main.TestCaseExecutor.execute(TestCaseExecutor.java:222)
	at com.kms.katalon.core.main.TestSuiteExecutor.accessTestCaseMainPhase(TestSuiteExecutor.java:129)
	at com.kms.katalon.core.main.TestSuiteExecutor.accessTestSuiteMainPhase(TestSuiteExecutor.java:112)
	at com.kms.katalon.core.main.TestSuiteExecutor.execute(TestSuiteExecutor.java:81)
	at com.kms.katalon.core.main.TestCaseMain.startTestSuite(TestCaseMain.java:149)
	at com.kms.katalon.core.main.TestCaseMain$startTestSuite$0.call(Unknown Source)
	at TempTestSuite1548828213801.run(TempTestSuite1548828213801.groovy:36)


2019-01-30 14:09:24 - [MESSAGE][FAILED] - Unable to call Test Case 'Test Cases/mobileWeb/_include/goToEnd_dental' (Root cause: com.kms.katalon.core.exception.StepFailedException: Call Test Case 'Test Cases/mobileWeb/_include/goToEnd_dental' failed)

2019-01-30 14:09:24 - [MESSAGE][FAILED] - callTestCase(findTestCase("mobileWeb/_include/goToEnd_dental"), ["carrier":"usa"], STOP_ON_FAILURE) FAILED.
Reason:
com.kms.katalon.core.exception.StepFailedException: Unable to set text 'Test-123' of object 'Object Repository/mobileSanity/Dental/app_page2/input__credit-card-first' (Root cause: org.openqa.selenium.InvalidElementStateException: invalid element state: Element is not currently interactable and may not be manipulated
  (Session info: chrome=71.0.3578.99)
  (Driver info: chromedriver=2.38.552522 (437e6fbedfa8762dec75e2c5b3ddb86763dc9dcb),platform=Windows NT 6.1.7601 SP1 x86_64) (WARNING: The server did not provide any stacktrace information)
Command duration or timeout: 0 milliseconds
Build info: version: '3.7.1', revision: '8a0099a', time: '2017-11-06T21:07:36.161Z'
System info: host: 'SOFEE', ip: '172.16.86.47', os.name: 'Windows 7', os.arch: 'amd64', os.version: '6.1', java.version: '1.8.0_181'
Driver info: com.kms.katalon.core.appium.driver.SwipeableAndroidDriver
Capabilities {browser: chrome, browserName: Chrome, databaseEnabled: false, desired: {browser: chrome, browserName: Chrome, deviceId: , deviceName: samsung SM-G955F (Android 5..., newCommandTimeout: 1800, platform: ANDROID, platformName: Android, udid: 127.0.0.1:62025}, deviceId: , deviceManufacturer: samsung, deviceModel: SM-G955F, deviceName: 127.0.0.1:62025, deviceScreenSize: 720x1280, deviceUDID: 127.0.0.1:62025, javascriptEnabled: true, locationContextEnabled: false, networkConnectionEnabled: true, newCommandTimeout: 1800, platform: ANDROID, platformName: ANDROID, platformVersion: 5.1.1, takesScreenshot: true, udid: 127.0.0.1:62025, warnings: {}, webStorageEnabled: false}
Session ID: dccc2a23-aa33-4cda-a8c4-ecf31fb38a71)
	at com.kms.katalon.core.keyword.internal.KeywordMain.stepFailed(KeywordMain.groovy:36)
	at com.kms.katalon.core.webui.keyword.internal.WebUIKeywordMain.stepFailed(WebUIKeywordMain.groovy:65)
	at com.kms.katalon.core.webui.keyword.internal.WebUIKeywordMain.runKeyword(WebUIKeywordMain.groovy:27)
	at com.kms.katalon.core.webui.keyword.builtin.SetTextKeyword.setText(SetTextKeyword.groovy:65)
	at com.kms.katalon.core.webui.keyword.builtin.SetTextKeyword.execute(SetTextKeyword.groovy:37)
	at com.kms.katalon.core.keyword.internal.KeywordExecutor.executeKeywordForPlatform(KeywordExecutor.groovy:53)
	at com.kms.katalon.core.webui.keyword.WebUiBuiltInKeywords.setText(WebUiBuiltInKeywords.groovy:950)
	at com.kms.katalon.core.webui.keyword.WebUiBuiltInKeywords$setText$4.call(Unknown Source)
	at goToEnd_dental.run(goToEnd_dental:41)
	at com.kms.katalon.core.main.ScriptEngine.run(ScriptEngine.java:194)
	at com.kms.katalon.core.main.ScriptEngine.runScriptAsRawText(ScriptEngine.java:119)
	at com.kms.katalon.core.main.TestCaseExecutor.runScript(TestCaseExecutor.java:321)
	at com.kms.katalon.core.main.TestCaseExecutor.doExecute(TestCaseExecutor.java:312)
	at com.kms.katalon.core.main.TestCaseExecutor.processExecutionPhase(TestCaseExecutor.java:291)
	at com.kms.katalon.core.main.TestCaseExecutor.accessMainPhase(TestCaseExecutor.java:283)
	at com.kms.katalon.core.main.TestCaseExecutor.execute(TestCaseExecutor.java:222)
	at com.kms.katalon.core.main.TestCaseMain.runTestCase(TestCaseMain.java:106)
	at com.kms.katalon.core.keyword.builtin.CallTestCaseKeyword$_callTestCase_closure1.doCall(CallTestCaseKeyword.groovy:59)
	at com.kms.katalon.core.keyword.builtin.CallTestCaseKeyword$_callTestCase_closure1.call(CallTestCaseKeyword.groovy)
	at com.kms.katalon.core.keyword.internal.KeywordMain.runKeyword(KeywordMain.groovy:54)
	at com.kms.katalon.core.keyword.builtin.CallTestCaseKeyword.callTestCase(CallTestCaseKeyword.groovy:80)
	at com.kms.katalon.core.keyword.builtin.CallTestCaseKeyword.execute(CallTestCaseKeyword.groovy:44)
	at com.kms.katalon.core.keyword.internal.KeywordExecutor.executeKeywordForPlatform(KeywordExecutor.groovy:53)
	at com.kms.katalon.core.keyword.BuiltinKeywords.callTestCase(BuiltinKeywords.groovy:334)
	at USA Access.run(USA Access:43)
	at com.kms.katalon.core.main.ScriptEngine.run(ScriptEngine.java:194)
	at com.kms.katalon.core.main.ScriptEngine.runScriptAsRawText(ScriptEngine.java:119)
	at com.kms.katalon.core.main.TestCaseExecutor.runScript(TestCaseExecutor.java:321)
	at com.kms.katalon.core.main.TestCaseExecutor.doExecute(TestCaseExecutor.java:312)
	at com.kms.katalon.core.main.TestCaseExecutor.processExecutionPhase(TestCaseExecutor.java:291)
	at com.kms.katalon.core.main.TestCaseExecutor.accessMainPhase(TestCaseExecutor.java:283)
	at com.kms.katalon.core.main.TestCaseExecutor.execute(TestCaseExecutor.java:222)
	at com.kms.katalon.core.main.TestSuiteExecutor.accessTestCaseMainPhase(TestSuiteExecutor.java:129)
	at com.kms.katalon.core.main.TestSuiteExecutor.accessTestSuiteMainPhase(TestSuiteExecutor.java:112)
	at com.kms.katalon.core.main.TestSuiteExecutor.execute(TestSuiteExecutor.java:81)
	at com.kms.katalon.core.main.TestCaseMain.startTestSuite(TestCaseMain.java:149)
	at com.kms.katalon.core.main.TestCaseMain$startTestSuite$0.call(Unknown Source)
	at TempTestSuite1548828213801.run(TempTestSuite1548828213801.groovy:36)]]></system-out>
         <system-err><![CDATA[2019-01-30 14:08:00 - [TEST_CASE][FAILED] - Test Cases/mobileWeb/Dental/USA Access: Test Cases/mobileWeb/Dental/USA Access FAILED.
Reason:
com.kms.katalon.core.exception.StepFailedException: Unable to set text 'Test-123' of object 'Object Repository/mobileSanity/Dental/app_page2/input__credit-card-first' (Root cause: org.openqa.selenium.InvalidElementStateException: invalid element state: Element is not currently interactable and may not be manipulated
  (Session info: chrome=71.0.3578.99)
  (Driver info: chromedriver=2.38.552522 (437e6fbedfa8762dec75e2c5b3ddb86763dc9dcb),platform=Windows NT 6.1.7601 SP1 x86_64) (WARNING: The server did not provide any stacktrace information)
Command duration or timeout: 0 milliseconds
Build info: version: '3.7.1', revision: '8a0099a', time: '2017-11-06T21:07:36.161Z'
System info: host: 'SOFEE', ip: '172.16.86.47', os.name: 'Windows 7', os.arch: 'amd64', os.version: '6.1', java.version: '1.8.0_181'
Driver info: com.kms.katalon.core.appium.driver.SwipeableAndroidDriver
Capabilities {browser: chrome, browserName: Chrome, databaseEnabled: false, desired: {browser: chrome, browserName: Chrome, deviceId: , deviceName: samsung SM-G955F (Android 5..., newCommandTimeout: 1800, platform: ANDROID, platformName: Android, udid: 127.0.0.1:62025}, deviceId: , deviceManufacturer: samsung, deviceModel: SM-G955F, deviceName: 127.0.0.1:62025, deviceScreenSize: 720x1280, deviceUDID: 127.0.0.1:62025, javascriptEnabled: true, locationContextEnabled: false, networkConnectionEnabled: true, newCommandTimeout: 1800, platform: ANDROID, platformName: ANDROID, platformVersion: 5.1.1, takesScreenshot: true, udid: 127.0.0.1:62025, warnings: {}, webStorageEnabled: false}
Session ID: dccc2a23-aa33-4cda-a8c4-ecf31fb38a71)
	at com.kms.katalon.core.keyword.internal.KeywordMain.stepFailed(KeywordMain.groovy:36)
	at com.kms.katalon.core.webui.keyword.internal.WebUIKeywordMain.stepFailed(WebUIKeywordMain.groovy:65)
	at com.kms.katalon.core.webui.keyword.internal.WebUIKeywordMain.runKeyword(WebUIKeywordMain.groovy:27)
	at com.kms.katalon.core.webui.keyword.builtin.SetTextKeyword.setText(SetTextKeyword.groovy:65)
	at com.kms.katalon.core.webui.keyword.builtin.SetTextKeyword.execute(SetTextKeyword.groovy:37)
	at com.kms.katalon.core.keyword.internal.KeywordExecutor.executeKeywordForPlatform(KeywordExecutor.groovy:53)
	at com.kms.katalon.core.webui.keyword.WebUiBuiltInKeywords.setText(WebUiBuiltInKeywords.groovy:950)
	at com.kms.katalon.core.webui.keyword.WebUiBuiltInKeywords$setText$4.call(Unknown Source)
	at goToEnd_dental.run(goToEnd_dental:41)
	at com.kms.katalon.core.main.ScriptEngine.run(ScriptEngine.java:194)
	at com.kms.katalon.core.main.ScriptEngine.runScriptAsRawText(ScriptEngine.java:119)
	at com.kms.katalon.core.main.TestCaseExecutor.runScript(TestCaseExecutor.java:321)
	at com.kms.katalon.core.main.TestCaseExecutor.doExecute(TestCaseExecutor.java:312)
	at com.kms.katalon.core.main.TestCaseExecutor.processExecutionPhase(TestCaseExecutor.java:291)
	at com.kms.katalon.core.main.TestCaseExecutor.accessMainPhase(TestCaseExecutor.java:283)
	at com.kms.katalon.core.main.TestCaseExecutor.execute(TestCaseExecutor.java:222)
	at com.kms.katalon.core.main.TestCaseMain.runTestCase(TestCaseMain.java:106)
	at com.kms.katalon.core.keyword.builtin.CallTestCaseKeyword$_callTestCase_closure1.doCall(CallTestCaseKeyword.groovy:59)
	at com.kms.katalon.core.keyword.builtin.CallTestCaseKeyword$_callTestCase_closure1.call(CallTestCaseKeyword.groovy)
	at com.kms.katalon.core.keyword.internal.KeywordMain.runKeyword(KeywordMain.groovy:54)
	at com.kms.katalon.core.keyword.builtin.CallTestCaseKeyword.callTestCase(CallTestCaseKeyword.groovy:80)
	at com.kms.katalon.core.keyword.builtin.CallTestCaseKeyword.execute(CallTestCaseKeyword.groovy:44)
	at com.kms.katalon.core.keyword.internal.KeywordExecutor.executeKeywordForPlatform(KeywordExecutor.groovy:53)
	at com.kms.katalon.core.keyword.BuiltinKeywords.callTestCase(BuiltinKeywords.groovy:334)
	at USA Access.run(USA Access:43)
	at com.kms.katalon.core.main.ScriptEngine.run(ScriptEngine.java:194)
	at com.kms.katalon.core.main.ScriptEngine.runScriptAsRawText(ScriptEngine.java:119)
	at com.kms.katalon.core.main.TestCaseExecutor.runScript(TestCaseExecutor.java:321)
	at com.kms.katalon.core.main.TestCaseExecutor.doExecute(TestCaseExecutor.java:312)
	at com.kms.katalon.core.main.TestCaseExecutor.processExecutionPhase(TestCaseExecutor.java:291)
	at com.kms.katalon.core.main.TestCaseExecutor.accessMainPhase(TestCaseExecutor.java:283)
	at com.kms.katalon.core.main.TestCaseExecutor.execute(TestCaseExecutor.java:222)
	at com.kms.katalon.core.main.TestSuiteExecutor.accessTestCaseMainPhase(TestSuiteExecutor.java:129)
	at com.kms.katalon.core.main.TestSuiteExecutor.accessTestSuiteMainPhase(TestSuiteExecutor.java:112)
	at com.kms.katalon.core.main.TestSuiteExecutor.execute(TestSuiteExecutor.java:81)
	at com.kms.katalon.core.main.TestCaseMain.startTestSuite(TestCaseMain.java:149)
	at com.kms.katalon.core.main.TestCaseMain$startTestSuite$0.call(Unknown Source)
	at TempTestSuite1548828213801.run(TempTestSuite1548828213801.groovy:36)]]></system-err>
      </testcase>
      <system-out><![CDATA[2019-01-30 14:03:37 - [TEST_SUITE][FAILED] - dental: Test Cases/mobileWeb/Dental/USA Access FAILED.
Reason:
com.kms.katalon.core.exception.StepFailedException: Unable to set text 'Test-123' of object 'Object Repository/mobileSanity/Dental/app_page2/input__credit-card-first' (Root cause: org.openqa.selenium.InvalidElementStateException: invalid element state: Element is not currently interactable and may not be manipulated
  (Session info: chrome=71.0.3578.99)
  (Driver info: chromedriver=2.38.552522 (437e6fbedfa8762dec75e2c5b3ddb86763dc9dcb),platform=Windows NT 6.1.7601 SP1 x86_64) (WARNING: The server did not provide any stacktrace information)
Command duration or timeout: 0 milliseconds
Build info: version: '3.7.1', revision: '8a0099a', time: '2017-11-06T21:07:36.161Z'
System info: host: 'SOFEE', ip: '172.16.86.47', os.name: 'Windows 7', os.arch: 'amd64', os.version: '6.1', java.version: '1.8.0_181'
Driver info: com.kms.katalon.core.appium.driver.SwipeableAndroidDriver
Capabilities {browser: chrome, browserName: Chrome, databaseEnabled: false, desired: {browser: chrome, browserName: Chrome, deviceId: , deviceName: samsung SM-G955F (Android 5..., newCommandTimeout: 1800, platform: ANDROID, platformName: Android, udid: 127.0.0.1:62025}, deviceId: , deviceManufacturer: samsung, deviceModel: SM-G955F, deviceName: 127.0.0.1:62025, deviceScreenSize: 720x1280, deviceUDID: 127.0.0.1:62025, javascriptEnabled: true, locationContextEnabled: false, networkConnectionEnabled: true, newCommandTimeout: 1800, platform: ANDROID, platformName: ANDROID, platformVersion: 5.1.1, takesScreenshot: true, udid: 127.0.0.1:62025, warnings: {}, webStorageEnabled: false}
Session ID: dccc2a23-aa33-4cda-a8c4-ecf31fb38a71)
	at com.kms.katalon.core.keyword.internal.KeywordMain.stepFailed(KeywordMain.groovy:36)
	at com.kms.katalon.core.webui.keyword.internal.WebUIKeywordMain.stepFailed(WebUIKeywordMain.groovy:65)
	at com.kms.katalon.core.webui.keyword.internal.WebUIKeywordMain.runKeyword(WebUIKeywordMain.groovy:27)
	at com.kms.katalon.core.webui.keyword.builtin.SetTextKeyword.setText(SetTextKeyword.groovy:65)
	at com.kms.katalon.core.webui.keyword.builtin.SetTextKeyword.execute(SetTextKeyword.groovy:37)
	at com.kms.katalon.core.keyword.internal.KeywordExecutor.executeKeywordForPlatform(KeywordExecutor.groovy:53)
	at com.kms.katalon.core.webui.keyword.WebUiBuiltInKeywords.setText(WebUiBuiltInKeywords.groovy:950)
	at com.kms.katalon.core.webui.keyword.WebUiBuiltInKeywords$setText$4.call(Unknown Source)
	at goToEnd_dental.run(goToEnd_dental:41)
	at com.kms.katalon.core.main.ScriptEngine.run(ScriptEngine.java:194)
	at com.kms.katalon.core.main.ScriptEngine.runScriptAsRawText(ScriptEngine.java:119)
	at com.kms.katalon.core.main.TestCaseExecutor.runScript(TestCaseExecutor.java:321)
	at com.kms.katalon.core.main.TestCaseExecutor.doExecute(TestCaseExecutor.java:312)
	at com.kms.katalon.core.main.TestCaseExecutor.processExecutionPhase(TestCaseExecutor.java:291)
	at com.kms.katalon.core.main.TestCaseExecutor.accessMainPhase(TestCaseExecutor.java:283)
	at com.kms.katalon.core.main.TestCaseExecutor.execute(TestCaseExecutor.java:222)
	at com.kms.katalon.core.main.TestCaseMain.runTestCase(TestCaseMain.java:106)
	at com.kms.katalon.core.keyword.builtin.CallTestCaseKeyword$_callTestCase_closure1.doCall(CallTestCaseKeyword.groovy:59)
	at com.kms.katalon.core.keyword.builtin.CallTestCaseKeyword$_callTestCase_closure1.call(CallTestCaseKeyword.groovy)
	at com.kms.katalon.core.keyword.internal.KeywordMain.runKeyword(KeywordMain.groovy:54)
	at com.kms.katalon.core.keyword.builtin.CallTestCaseKeyword.callTestCase(CallTestCaseKeyword.groovy:80)
	at com.kms.katalon.core.keyword.builtin.CallTestCaseKeyword.execute(CallTestCaseKeyword.groovy:44)
	at com.kms.katalon.core.keyword.internal.KeywordExecutor.executeKeywordForPlatform(KeywordExecutor.groovy:53)
	at com.kms.katalon.core.keyword.BuiltinKeywords.callTestCase(BuiltinKeywords.groovy:334)
	at USA Access.run(USA Access:43)
	at com.kms.katalon.core.main.ScriptEngine.run(ScriptEngine.java:194)
	at com.kms.katalon.core.main.ScriptEngine.runScriptAsRawText(ScriptEngine.java:119)
	at com.kms.katalon.core.main.TestCaseExecutor.runScript(TestCaseExecutor.java:321)
	at com.kms.katalon.core.main.TestCaseExecutor.doExecute(TestCaseExecutor.java:312)
	at com.kms.katalon.core.main.TestCaseExecutor.processExecutionPhase(TestCaseExecutor.java:291)
	at com.kms.katalon.core.main.TestCaseExecutor.accessMainPhase(TestCaseExecutor.java:283)
	at com.kms.katalon.core.main.TestCaseExecutor.execute(TestCaseExecutor.java:222)
	at com.kms.katalon.core.main.TestSuiteExecutor.accessTestCaseMainPhase(TestSuiteExecutor.java:129)
	at com.kms.katalon.core.main.TestSuiteExecutor.accessTestSuiteMainPhase(TestSuiteExecutor.java:112)
	at com.kms.katalon.core.main.TestSuiteExecutor.execute(TestSuiteExecutor.java:81)
	at com.kms.katalon.core.main.TestCaseMain.startTestSuite(TestCaseMain.java:149)
	at com.kms.katalon.core.main.TestCaseMain$startTestSuite$0.call(Unknown Source)
	at TempTestSuite1548828213801.run(TempTestSuite1548828213801.groovy:36)]]></system-out>
      <system-err><![CDATA[2019-01-30 14:03:37 - [TEST_SUITE][FAILED] - dental: Test Cases/mobileWeb/Dental/USA Access FAILED.
Reason:
com.kms.katalon.core.exception.StepFailedException: Unable to set text 'Test-123' of object 'Object Repository/mobileSanity/Dental/app_page2/input__credit-card-first' (Root cause: org.openqa.selenium.InvalidElementStateException: invalid element state: Element is not currently interactable and may not be manipulated
  (Session info: chrome=71.0.3578.99)
  (Driver info: chromedriver=2.38.552522 (437e6fbedfa8762dec75e2c5b3ddb86763dc9dcb),platform=Windows NT 6.1.7601 SP1 x86_64) (WARNING: The server did not provide any stacktrace information)
Command duration or timeout: 0 milliseconds
Build info: version: '3.7.1', revision: '8a0099a', time: '2017-11-06T21:07:36.161Z'
System info: host: 'SOFEE', ip: '172.16.86.47', os.name: 'Windows 7', os.arch: 'amd64', os.version: '6.1', java.version: '1.8.0_181'
Driver info: com.kms.katalon.core.appium.driver.SwipeableAndroidDriver
Capabilities {browser: chrome, browserName: Chrome, databaseEnabled: false, desired: {browser: chrome, browserName: Chrome, deviceId: , deviceName: samsung SM-G955F (Android 5..., newCommandTimeout: 1800, platform: ANDROID, platformName: Android, udid: 127.0.0.1:62025}, deviceId: , deviceManufacturer: samsung, deviceModel: SM-G955F, deviceName: 127.0.0.1:62025, deviceScreenSize: 720x1280, deviceUDID: 127.0.0.1:62025, javascriptEnabled: true, locationContextEnabled: false, networkConnectionEnabled: true, newCommandTimeout: 1800, platform: ANDROID, platformName: ANDROID, platformVersion: 5.1.1, takesScreenshot: true, udid: 127.0.0.1:62025, warnings: {}, webStorageEnabled: false}
Session ID: dccc2a23-aa33-4cda-a8c4-ecf31fb38a71)
	at com.kms.katalon.core.keyword.internal.KeywordMain.stepFailed(KeywordMain.groovy:36)
	at com.kms.katalon.core.webui.keyword.internal.WebUIKeywordMain.stepFailed(WebUIKeywordMain.groovy:65)
	at com.kms.katalon.core.webui.keyword.internal.WebUIKeywordMain.runKeyword(WebUIKeywordMain.groovy:27)
	at com.kms.katalon.core.webui.keyword.builtin.SetTextKeyword.setText(SetTextKeyword.groovy:65)
	at com.kms.katalon.core.webui.keyword.builtin.SetTextKeyword.execute(SetTextKeyword.groovy:37)
	at com.kms.katalon.core.keyword.internal.KeywordExecutor.executeKeywordForPlatform(KeywordExecutor.groovy:53)
	at com.kms.katalon.core.webui.keyword.WebUiBuiltInKeywords.setText(WebUiBuiltInKeywords.groovy:950)
	at com.kms.katalon.core.webui.keyword.WebUiBuiltInKeywords$setText$4.call(Unknown Source)
	at goToEnd_dental.run(goToEnd_dental:41)
	at com.kms.katalon.core.main.ScriptEngine.run(ScriptEngine.java:194)
	at com.kms.katalon.core.main.ScriptEngine.runScriptAsRawText(ScriptEngine.java:119)
	at com.kms.katalon.core.main.TestCaseExecutor.runScript(TestCaseExecutor.java:321)
	at com.kms.katalon.core.main.TestCaseExecutor.doExecute(TestCaseExecutor.java:312)
	at com.kms.katalon.core.main.TestCaseExecutor.processExecutionPhase(TestCaseExecutor.java:291)
	at com.kms.katalon.core.main.TestCaseExecutor.accessMainPhase(TestCaseExecutor.java:283)
	at com.kms.katalon.core.main.TestCaseExecutor.execute(TestCaseExecutor.java:222)
	at com.kms.katalon.core.main.TestCaseMain.runTestCase(TestCaseMain.java:106)
	at com.kms.katalon.core.keyword.builtin.CallTestCaseKeyword$_callTestCase_closure1.doCall(CallTestCaseKeyword.groovy:59)
	at com.kms.katalon.core.keyword.builtin.CallTestCaseKeyword$_callTestCase_closure1.call(CallTestCaseKeyword.groovy)
	at com.kms.katalon.core.keyword.internal.KeywordMain.runKeyword(KeywordMain.groovy:54)
	at com.kms.katalon.core.keyword.builtin.CallTestCaseKeyword.callTestCase(CallTestCaseKeyword.groovy:80)
	at com.kms.katalon.core.keyword.builtin.CallTestCaseKeyword.execute(CallTestCaseKeyword.groovy:44)
	at com.kms.katalon.core.keyword.internal.KeywordExecutor.executeKeywordForPlatform(KeywordExecutor.groovy:53)
	at com.kms.katalon.core.keyword.BuiltinKeywords.callTestCase(BuiltinKeywords.groovy:334)
	at USA Access.run(USA Access:43)
	at com.kms.katalon.core.main.ScriptEngine.run(ScriptEngine.java:194)
	at com.kms.katalon.core.main.ScriptEngine.runScriptAsRawText(ScriptEngine.java:119)
	at com.kms.katalon.core.main.TestCaseExecutor.runScript(TestCaseExecutor.java:321)
	at com.kms.katalon.core.main.TestCaseExecutor.doExecute(TestCaseExecutor.java:312)
	at com.kms.katalon.core.main.TestCaseExecutor.processExecutionPhase(TestCaseExecutor.java:291)
	at com.kms.katalon.core.main.TestCaseExecutor.accessMainPhase(TestCaseExecutor.java:283)
	at com.kms.katalon.core.main.TestCaseExecutor.execute(TestCaseExecutor.java:222)
	at com.kms.katalon.core.main.TestSuiteExecutor.accessTestCaseMainPhase(TestSuiteExecutor.java:129)
	at com.kms.katalon.core.main.TestSuiteExecutor.accessTestSuiteMainPhase(TestSuiteExecutor.java:112)
	at com.kms.katalon.core.main.TestSuiteExecutor.execute(TestSuiteExecutor.java:81)
	at com.kms.katalon.core.main.TestCaseMain.startTestSuite(TestCaseMain.java:149)
	at com.kms.katalon.core.main.TestCaseMain$startTestSuite$0.call(Unknown Source)
	at TempTestSuite1548828213801.run(TempTestSuite1548828213801.groovy:36)]]></system-err>
   </testsuite>
</testsuites>
