<?xml version="1.0" encoding="UTF-8"?>
<testsuites name="hic" time="1694" tests="17" failures="3" errors="0">
   <testsuite name="hic" tests="17" failures="3" errors="0" time="1694" timestamp="2019-12-02 02:21:25" hostname="Administrator - 172.30.0.53" id="Test Suites/HIC/hic">
      <properties>
         <property name="deviceName" value=""/>
         <property name="devicePlatform" value=""/>
         <property name="logFolder" value="D:\\Test\\AgileTest\\Reports\\HIC\\hic\\20191202_022122"/>
         <property name="logFiles" value="D:\\Test\\AgileTest\\Reports\\HIC\\hic\\20191202_022122\\execution0.log"/>
         <property name="attachments" value="D:\\Test\\AgileTest\\Reports\\HIC\\hic\\20191202_022122\\../Screenshots/iPhone 6/HIC/ACA/ACA/standard/0.png, D:\\Test\\AgileTest\\Reports\\HIC\\hic\\20191202_022122\\../Screenshots/iPhone 6/HIC/ACA/ACA/standard/1.png, D:\\Test\\AgileTest\\Reports\\HIC\\hic\\20191202_022122\\../Screenshots/iPhone 6/HIC/ACA/ACA/standard/2.png, D:\\Test\\AgileTest\\Reports\\HIC\\hic\\20191202_022122\\../Screenshots/iPhone 6/HIC/Dental/National General/standard/0.png, D:\\Test\\AgileTest\\Reports\\HIC\\hic\\20191202_022122\\../Screenshots/iPhone 6/HIC/Dental/National General/standard/1.png, D:\\Test\\AgileTest\\Reports\\HIC\\hic\\20191202_022122\\../Screenshots/iPhone 6/HIC/Dental/National General/standard/2.png, D:\\Test\\AgileTest\\Reports\\HIC\\hic\\20191202_022122\\../Screenshots/iPhone 6/HIC/Dental/National General/standard/3.png, D:\\Test\\AgileTest\\Reports\\HIC\\hic\\20191202_022122\\../Screenshots/iPhone 6/HIC/Dental/National General/standard/4.png, D:\\Test\\AgileTest\\Reports\\HIC\\hic\\20191202_022122\\../Screenshots/iPhone 6/HIC/Dental/National General/standard/5.png, D:\\Test\\AgileTest\\Reports\\HIC\\hic\\20191202_022122\\../Screenshots/iPhone 6/HIC/Dental/National General/standard/6.png, D:\\Test\\AgileTest\\Reports\\HIC\\hic\\20191202_022122\\../Screenshots/iPhone 6/HIC/Dental/National General/standard/7.png, D:\\Test\\AgileTest\\Reports\\HIC\\hic\\20191202_022122\\../Screenshots/iPhone 6/HIC/Dental/National General/standard/8.png, D:\\Test\\AgileTest\\Reports\\HIC\\hic\\20191202_022122\\../Screenshots/iPhone 6/HIC/Dental/USA Access/standard/0.png, D:\\Test\\AgileTest\\Reports\\HIC\\hic\\20191202_022122\\../Screenshots/iPhone 6/HIC/Dental/USA Access/standard/1.png, D:\\Test\\AgileTest\\Reports\\HIC\\hic\\20191202_022122\\../Screenshots/iPhone 6/HIC/Dental/USA Access/standard/2.png, D:\\Test\\AgileTest\\Reports\\HIC\\hic\\20191202_022122\\../Screenshots/iPhone 6/HIC/Dental/USA Access/standard/3.png, D:\\Test\\AgileTest\\Reports\\HIC\\hic\\20191202_022122\\../Screenshots/iPhone 6/HIC/Dental/USA Access/standard/4.png, D:\\Test\\AgileTest\\Reports\\HIC\\hic\\20191202_022122\\../Screenshots/iPhone 6/HIC/Dental/USA Access/standard/5.png, D:\\Test\\AgileTest\\Reports\\HIC\\hic\\20191202_022122\\../Screenshots/iPhone 6/HIC/Dental/USA Access/standard/6.png, D:\\Test\\AgileTest\\Reports\\HIC\\hic\\20191202_022122\\../Screenshots/iPhone 6/HIC/Dental/USA Access/standard/7.png, D:\\Test\\AgileTest\\Reports\\HIC\\hic\\20191202_022122\\../Screenshots/iPhone 6/HIC/Dental/USA Access/standard/8.png, D:\\Test\\AgileTest\\Reports\\HIC\\hic\\20191202_022122\\../Screenshots/iPhone 6/HIC/Dental/USA Access/standard/9.png, D:\\Test\\AgileTest\\Reports\\HIC\\hic\\20191202_022122\\../Screenshots/iPhone 6/HIC/HBI/Agile One/standard/0.png, D:\\Test\\AgileTest\\Reports\\HIC\\hic\\20191202_022122\\../Screenshots/iPhone 6/HIC/HBI/Agile One/standard/1.png, D:\\Test\\AgileTest\\Reports\\HIC\\hic\\20191202_022122\\../Screenshots/iPhone 6/HIC/HBI/Agile One/standard/2.png, D:\\Test\\AgileTest\\Reports\\HIC\\hic\\20191202_022122\\../Screenshots/iPhone 6/HIC/HBI/Agile One/standard/3.png, D:\\Test\\AgileTest\\Reports\\HIC\\hic\\20191202_022122\\../Screenshots/iPhone 6/HIC/HBI/Agile One/standard/4.png, D:\\Test\\AgileTest\\Reports\\HIC\\hic\\20191202_022122\\../Screenshots/iPhone 6/HIC/HBI/Agile One/standard/5.png, D:\\Test\\AgileTest\\Reports\\HIC\\hic\\20191202_022122\\../Screenshots/iPhone 6/HIC/HBI/Agile One/standard/6.png, D:\\Test\\AgileTest\\Reports\\HIC\\hic\\20191202_022122\\../Screenshots/iPhone 6/HIC/HBI/Agile One/standard/7.png, D:\\Test\\AgileTest\\Reports\\HIC\\hic\\20191202_022122\\../Screenshots/iPhone 6/HIC/HBI/Agile One/standard/8.png, D:\\Test\\AgileTest\\Reports\\HIC\\hic\\20191202_022122\\../Screenshots/iPhone 6/HIC/HBI/Agile Secure/standard/0.png, D:\\Test\\AgileTest\\Reports\\HIC\\hic\\20191202_022122\\../Screenshots/iPhone 6/HIC/HBI/Agile Secure/standard/1.png, D:\\Test\\AgileTest\\Reports\\HIC\\hic\\20191202_022122\\../Screenshots/iPhone 6/HIC/HBI/Agile Secure/standard/2.png, D:\\Test\\AgileTest\\Reports\\HIC\\hic\\20191202_022122\\../Screenshots/iPhone 6/HIC/HBI/Agile Secure/standard/3.png, D:\\Test\\AgileTest\\Reports\\HIC\\hic\\20191202_022122\\../Screenshots/iPhone 6/HIC/HBI/Agile Secure/standard/4.png, D:\\Test\\AgileTest\\Reports\\HIC\\hic\\20191202_022122\\../Screenshots/iPhone 6/HIC/HBI/Agile Secure/standard/5.png, D:\\Test\\AgileTest\\Reports\\HIC\\hic\\20191202_022122\\../Screenshots/iPhone 6/HIC/HBI/Agile Secure/standard/6.png, D:\\Test\\AgileTest\\Reports\\HIC\\hic\\20191202_022122\\../Screenshots/iPhone 6/HIC/HBI/Agile Secure/standard/7.png, D:\\Test\\AgileTest\\Reports\\HIC\\hic\\20191202_022122\\../Screenshots/iPhone 6/HIC/HBI/Cardinal Choice/standard/0.png, D:\\Test\\AgileTest\\Reports\\HIC\\hic\\20191202_022122\\../Screenshots/iPhone 6/HIC/HBI/Cardinal Choice/standard/1.png, D:\\Test\\AgileTest\\Reports\\HIC\\hic\\20191202_022122\\../Screenshots/iPhone 6/HIC/HBI/Cardinal Choice/standard/2.png, D:\\Test\\AgileTest\\Reports\\HIC\\hic\\20191202_022122\\../Screenshots/iPhone 6/HIC/HBI/Cardinal Choice/standard/3.png, D:\\Test\\AgileTest\\Reports\\HIC\\hic\\20191202_022122\\../Screenshots/iPhone 6/HIC/HBI/Cardinal Choice/standard/4.png, D:\\Test\\AgileTest\\Reports\\HIC\\hic\\20191202_022122\\../Screenshots/iPhone 6/HIC/HBI/Cardinal Choice/standard/5.png, D:\\Test\\AgileTest\\Reports\\HIC\\hic\\20191202_022122\\../Screenshots/iPhone 6/HIC/HBI/Cardinal Choice/standard/6.png, D:\\Test\\AgileTest\\Reports\\HIC\\hic\\20191202_022122\\../Screenshots/iPhone 6/HIC/HBI/Cardinal Choice/standard/7.png, D:\\Test\\AgileTest\\Reports\\HIC\\hic\\20191202_022122\\../Screenshots/iPhone 6/HIC/HBI/Cardinal Choice/standard/8.png, D:\\Test\\AgileTest\\Reports\\HIC\\hic\\20191202_022122\\../Screenshots/iPhone 6/HIC/HBI/Core Shield/standard/0.png, D:\\Test\\AgileTest\\Reports\\HIC\\hic\\20191202_022122\\../Screenshots/iPhone 6/HIC/HBI/Core Shield/standard/1.png, D:\\Test\\AgileTest\\Reports\\HIC\\hic\\20191202_022122\\../Screenshots/iPhone 6/HIC/HBI/Core Shield/standard/2.png, D:\\Test\\AgileTest\\Reports\\HIC\\hic\\20191202_022122\\../Screenshots/iPhone 6/HIC/HBI/Core Shield/standard/3.png, D:\\Test\\AgileTest\\Reports\\HIC\\hic\\20191202_022122\\../Screenshots/iPhone 6/HIC/HBI/Core Shield/standard/4.png, D:\\Test\\AgileTest\\Reports\\HIC\\hic\\20191202_022122\\../Screenshots/iPhone 6/HIC/HBI/Core Shield/standard/5.png, D:\\Test\\AgileTest\\Reports\\HIC\\hic\\20191202_022122\\../Screenshots/iPhone 6/HIC/HBI/Core Shield/standard/6.png, D:\\Test\\AgileTest\\Reports\\HIC\\hic\\20191202_022122\\../Screenshots/iPhone 6/HIC/HBI/Core Shield/standard/7.png, D:\\Test\\AgileTest\\Reports\\HIC\\hic\\20191202_022122\\../Screenshots/iPhone 6/HIC/HBI/Core Shield/standard/8.png, D:\\Test\\AgileTest\\Reports\\HIC\\hic\\20191202_022122\\../Screenshots/iPhone 6/HIC/HBI/Fixed Cash Benefit/standard/0.png, D:\\Test\\AgileTest\\Reports\\HIC\\hic\\20191202_022122\\../Screenshots/iPhone 6/HIC/HBI/Fixed Cash Benefit/standard/1.png, D:\\Test\\AgileTest\\Reports\\HIC\\hic\\20191202_022122\\../Screenshots/iPhone 6/HIC/HBI/Fixed Cash Benefit/standard/2.png, D:\\Test\\AgileTest\\Reports\\HIC\\hic\\20191202_022122\\../Screenshots/iPhone 6/HIC/HBI/Fixed Cash Benefit/standard/3.png, D:\\Test\\AgileTest\\Reports\\HIC\\hic\\20191202_022122\\../Screenshots/iPhone 6/HIC/HBI/Fixed Cash Benefit/standard/4.png, D:\\Test\\AgileTest\\Reports\\HIC\\hic\\20191202_022122\\../Screenshots/iPhone 6/HIC/HBI/Fixed Cash Benefit/standard/5.png, D:\\Test\\AgileTest\\Reports\\HIC\\hic\\20191202_022122\\../Screenshots/iPhone 6/HIC/HBI/Fixed Cash Benefit/standard/6.png, D:\\Test\\AgileTest\\Reports\\HIC\\hic\\20191202_022122\\../Screenshots/iPhone 6/HIC/HBI/Fixed Cash Benefit/standard/7.png, D:\\Test\\AgileTest\\Reports\\HIC\\hic\\20191202_022122\\../Screenshots/iPhone 6/HIC/HBI/Fixed Cash Benefit/standard/8.png, D:\\Test\\AgileTest\\Reports\\HIC\\hic\\20191202_022122\\../Screenshots/iPhone 6/HIC/HBI/Health Choice/standard/0.png, D:\\Test\\AgileTest\\Reports\\HIC\\hic\\20191202_022122\\../Screenshots/iPhone 6/HIC/HBI/Health Choice/standard/1.png, D:\\Test\\AgileTest\\Reports\\HIC\\hic\\20191202_022122\\../Screenshots/iPhone 6/HIC/HBI/Health Choice/standard/2.png, D:\\Test\\AgileTest\\Reports\\HIC\\hic\\20191202_022122\\../Screenshots/iPhone 6/HIC/HBI/Health Choice/standard/3.png, D:\\Test\\AgileTest\\Reports\\HIC\\hic\\20191202_022122\\../Screenshots/iPhone 6/HIC/HBI/Health Choice/standard/4.png, D:\\Test\\AgileTest\\Reports\\HIC\\hic\\20191202_022122\\../Screenshots/iPhone 6/HIC/HBI/Health Choice/standard/5.png, D:\\Test\\AgileTest\\Reports\\HIC\\hic\\20191202_022122\\../Screenshots/iPhone 6/HIC/HBI/Health Choice/standard/6.png, D:\\Test\\AgileTest\\Reports\\HIC\\hic\\20191202_022122\\../Screenshots/iPhone 6/HIC/HBI/Health Choice/standard/7.png, D:\\Test\\AgileTest\\Reports\\HIC\\hic\\20191202_022122\\../Screenshots/iPhone 6/HIC/HBI/Health Choice/standard/8.png, D:\\Test\\AgileTest\\Reports\\HIC\\hic\\20191202_022122\\../Screenshots/iPhone 6/HIC/HBI/Legion Limited Medical/standard/0.png, D:\\Test\\AgileTest\\Reports\\HIC\\hic\\20191202_022122\\../Screenshots/iPhone 6/HIC/HBI/Legion Limited Medical/standard/1.png, D:\\Test\\AgileTest\\Reports\\HIC\\hic\\20191202_022122\\../Screenshots/iPhone 6/HIC/HBI/Legion Limited Medical/standard/2.png, D:\\Test\\AgileTest\\Reports\\HIC\\hic\\20191202_022122\\../Screenshots/iPhone 6/HIC/HBI/Legion Limited Medical/standard/3.png, D:\\Test\\AgileTest\\Reports\\HIC\\hic\\20191202_022122\\../Screenshots/iPhone 6/HIC/HBI/Legion Limited Medical/standard/4.png, D:\\Test\\AgileTest\\Reports\\HIC\\hic\\20191202_022122\\../Screenshots/iPhone 6/HIC/HBI/Legion Limited Medical/standard/5.png, D:\\Test\\AgileTest\\Reports\\HIC\\hic\\20191202_022122\\../Screenshots/iPhone 6/HIC/HBI/Legion Limited Medical/standard/6.png, D:\\Test\\AgileTest\\Reports\\HIC\\hic\\20191202_022122\\../Screenshots/iPhone 6/HIC/HBI/Legion Limited Medical/standard/7.png, D:\\Test\\AgileTest\\Reports\\HIC\\hic\\20191202_022122\\../Screenshots/iPhone 6/HIC/HBI/Legion Limited Medical/standard/8.png, D:\\Test\\AgileTest\\Reports\\HIC\\hic\\20191202_022122\\../Screenshots/iPhone 6/HIC/HBI/Vitala Care/standard/0.png, D:\\Test\\AgileTest\\Reports\\HIC\\hic\\20191202_022122\\1575272133884.png, D:\\Test\\AgileTest\\Reports\\HIC\\hic\\20191202_022122\\../Screenshots/iPhone 6/HIC/Medicare/Medicare/standard/0.png, D:\\Test\\AgileTest\\Reports\\HIC\\hic\\20191202_022122\\../Screenshots/iPhone 6/HIC/Medicare/Medicare/standard/1.png, D:\\Test\\AgileTest\\Reports\\HIC\\hic\\20191202_022122\\../Screenshots/iPhone 6/HIC/Medicare/Medicare/standard/2.png, D:\\Test\\AgileTest\\Reports\\HIC\\hic\\20191202_022122\\1575272175269.png, D:\\Test\\AgileTest\\Reports\\HIC\\hic\\20191202_022122\\../Screenshots/iPhone 6/HIC/STM/AdvantHealth/standard/0.png, D:\\Test\\AgileTest\\Reports\\HIC\\hic\\20191202_022122\\../Screenshots/iPhone 6/HIC/STM/AdvantHealth/standard/1.png, D:\\Test\\AgileTest\\Reports\\HIC\\hic\\20191202_022122\\../Screenshots/iPhone 6/HIC/STM/AdvantHealth/standard/2.png, D:\\Test\\AgileTest\\Reports\\HIC\\hic\\20191202_022122\\../Screenshots/iPhone 6/HIC/STM/AdvantHealth/standard/3.png, D:\\Test\\AgileTest\\Reports\\HIC\\hic\\20191202_022122\\../Screenshots/iPhone 6/HIC/STM/AdvantHealth/standard/4.png, D:\\Test\\AgileTest\\Reports\\HIC\\hic\\20191202_022122\\../Screenshots/iPhone 6/HIC/STM/AdvantHealth/standard/5.png, D:\\Test\\AgileTest\\Reports\\HIC\\hic\\20191202_022122\\../Screenshots/iPhone 6/HIC/STM/AdvantHealth/standard/6.png, D:\\Test\\AgileTest\\Reports\\HIC\\hic\\20191202_022122\\../Screenshots/iPhone 6/HIC/STM/AdvantHealth/standard/7.png, D:\\Test\\AgileTest\\Reports\\HIC\\hic\\20191202_022122\\../Screenshots/iPhone 6/HIC/STM/AdvantHealth/standard/8.png, D:\\Test\\AgileTest\\Reports\\HIC\\hic\\20191202_022122\\../Screenshots/iPhone 6/HIC/STM/AdvantHealth/standard/9.png, D:\\Test\\AgileTest\\Reports\\HIC\\hic\\20191202_022122\\../Screenshots/iPhone 6/HIC/STM/AdvantHealth/standard/10.png, D:\\Test\\AgileTest\\Reports\\HIC\\hic\\20191202_022122\\../Screenshots/iPhone 6/HIC/STM/AdvantHealth/standard/11.png, D:\\Test\\AgileTest\\Reports\\HIC\\hic\\20191202_022122\\../Screenshots/iPhone 6/HIC/STM/Aspen/standard/0.png, D:\\Test\\AgileTest\\Reports\\HIC\\hic\\20191202_022122\\../Screenshots/iPhone 6/HIC/STM/Aspen/standard/1.png, D:\\Test\\AgileTest\\Reports\\HIC\\hic\\20191202_022122\\../Screenshots/iPhone 6/HIC/STM/Aspen/standard/2.png, D:\\Test\\AgileTest\\Reports\\HIC\\hic\\20191202_022122\\../Screenshots/iPhone 6/HIC/STM/Aspen/standard/3.png, D:\\Test\\AgileTest\\Reports\\HIC\\hic\\20191202_022122\\../Screenshots/iPhone 6/HIC/STM/Aspen/standard/4.png, D:\\Test\\AgileTest\\Reports\\HIC\\hic\\20191202_022122\\../Screenshots/iPhone 6/HIC/STM/Aspen/standard/5.png, D:\\Test\\AgileTest\\Reports\\HIC\\hic\\20191202_022122\\../Screenshots/iPhone 6/HIC/STM/Aspen/standard/6.png, D:\\Test\\AgileTest\\Reports\\HIC\\hic\\20191202_022122\\1575272334559.png, D:\\Test\\AgileTest\\Reports\\HIC\\hic\\20191202_022122\\../Screenshots/iPhone 6/HIC/STM/Aspen/standard/7.png, D:\\Test\\AgileTest\\Reports\\HIC\\hic\\20191202_022122\\../Screenshots/iPhone 6/HIC/STM/Aspen/standard/8.png, D:\\Test\\AgileTest\\Reports\\HIC\\hic\\20191202_022122\\../Screenshots/iPhone 6/HIC/STM/Aspen/standard/9.png, D:\\Test\\AgileTest\\Reports\\HIC\\hic\\20191202_022122\\../Screenshots/iPhone 6/HIC/STM/Aspen/standard/10.png, D:\\Test\\AgileTest\\Reports\\HIC\\hic\\20191202_022122\\../Screenshots/iPhone 6/HIC/STM/Companion/standard/0.png, D:\\Test\\AgileTest\\Reports\\HIC\\hic\\20191202_022122\\../Screenshots/iPhone 6/HIC/STM/Companion/standard/1.png, D:\\Test\\AgileTest\\Reports\\HIC\\hic\\20191202_022122\\../Screenshots/iPhone 6/HIC/STM/Companion/standard/2.png, D:\\Test\\AgileTest\\Reports\\HIC\\hic\\20191202_022122\\../Screenshots/iPhone 6/HIC/STM/Companion/standard/3.png, D:\\Test\\AgileTest\\Reports\\HIC\\hic\\20191202_022122\\../Screenshots/iPhone 6/HIC/STM/Companion/standard/4.png, D:\\Test\\AgileTest\\Reports\\HIC\\hic\\20191202_022122\\../Screenshots/iPhone 6/HIC/STM/Companion/standard/5.png, D:\\Test\\AgileTest\\Reports\\HIC\\hic\\20191202_022122\\../Screenshots/iPhone 6/HIC/STM/Companion/standard/6.png, D:\\Test\\AgileTest\\Reports\\HIC\\hic\\20191202_022122\\1575272422790.png, D:\\Test\\AgileTest\\Reports\\HIC\\hic\\20191202_022122\\../Screenshots/iPhone 6/HIC/STM/Companion/standard/7.png, D:\\Test\\AgileTest\\Reports\\HIC\\hic\\20191202_022122\\../Screenshots/iPhone 6/HIC/STM/Companion/standard/8.png, D:\\Test\\AgileTest\\Reports\\HIC\\hic\\20191202_022122\\../Screenshots/iPhone 6/HIC/STM/Companion/standard/9.png, D:\\Test\\AgileTest\\Reports\\HIC\\hic\\20191202_022122\\../Screenshots/iPhone 6/HIC/STM/Companion/standard/10.png, D:\\Test\\AgileTest\\Reports\\HIC\\hic\\20191202_022122\\../Screenshots/iPhone 6/HIC/STM/Everest Prime/standard/0.png, D:\\Test\\AgileTest\\Reports\\HIC\\hic\\20191202_022122\\../Screenshots/iPhone 6/HIC/STM/Everest Prime/standard/1.png, D:\\Test\\AgileTest\\Reports\\HIC\\hic\\20191202_022122\\../Screenshots/iPhone 6/HIC/STM/Everest Prime/standard/2.png, D:\\Test\\AgileTest\\Reports\\HIC\\hic\\20191202_022122\\../Screenshots/iPhone 6/HIC/STM/Everest Prime/standard/3.png, D:\\Test\\AgileTest\\Reports\\HIC\\hic\\20191202_022122\\../Screenshots/iPhone 6/HIC/STM/Everest Prime/standard/4.png, D:\\Test\\AgileTest\\Reports\\HIC\\hic\\20191202_022122\\../Screenshots/iPhone 6/HIC/STM/Everest Prime/standard/5.png, D:\\Test\\AgileTest\\Reports\\HIC\\hic\\20191202_022122\\../Screenshots/iPhone 6/HIC/STM/Everest Prime/standard/6.png, D:\\Test\\AgileTest\\Reports\\HIC\\hic\\20191202_022122\\1575272549959.png, D:\\Test\\AgileTest\\Reports\\HIC\\hic\\20191202_022122\\../Screenshots/iPhone 6/HIC/STM/Everest Prime/standard/7.png, D:\\Test\\AgileTest\\Reports\\HIC\\hic\\20191202_022122\\../Screenshots/iPhone 6/HIC/STM/Everest Prime/standard/8.png, D:\\Test\\AgileTest\\Reports\\HIC\\hic\\20191202_022122\\../Screenshots/iPhone 6/HIC/STM/Everest Prime/standard/9.png, D:\\Test\\AgileTest\\Reports\\HIC\\hic\\20191202_022122\\../Screenshots/iPhone 6/HIC/STM/Everest Prime/standard/10.png, D:\\Test\\AgileTest\\Reports\\HIC\\hic\\20191202_022122\\../Screenshots/iPhone 6/HIC/STM/Everest/standard/0.png, D:\\Test\\AgileTest\\Reports\\HIC\\hic\\20191202_022122\\../Screenshots/iPhone 6/HIC/STM/Everest/standard/1.png, D:\\Test\\AgileTest\\Reports\\HIC\\hic\\20191202_022122\\../Screenshots/iPhone 6/HIC/STM/Everest/standard/2.png, D:\\Test\\AgileTest\\Reports\\HIC\\hic\\20191202_022122\\../Screenshots/iPhone 6/HIC/STM/Everest/standard/3.png, D:\\Test\\AgileTest\\Reports\\HIC\\hic\\20191202_022122\\../Screenshots/iPhone 6/HIC/STM/Everest/standard/4.png, D:\\Test\\AgileTest\\Reports\\HIC\\hic\\20191202_022122\\../Screenshots/iPhone 6/HIC/STM/Everest/standard/5.png, D:\\Test\\AgileTest\\Reports\\HIC\\hic\\20191202_022122\\../Screenshots/iPhone 6/HIC/STM/Everest/standard/6.png, D:\\Test\\AgileTest\\Reports\\HIC\\hic\\20191202_022122\\1575272640698.png, D:\\Test\\AgileTest\\Reports\\HIC\\hic\\20191202_022122\\../Screenshots/iPhone 6/HIC/STM/Everest/standard/7.png, D:\\Test\\AgileTest\\Reports\\HIC\\hic\\20191202_022122\\../Screenshots/iPhone 6/HIC/STM/Everest/standard/8.png, D:\\Test\\AgileTest\\Reports\\HIC\\hic\\20191202_022122\\../Screenshots/iPhone 6/HIC/STM/Everest/standard/9.png, D:\\Test\\AgileTest\\Reports\\HIC\\hic\\20191202_022122\\../Screenshots/iPhone 6/HIC/STM/Everest/standard/10.png, D:\\Test\\AgileTest\\Reports\\HIC\\hic\\20191202_022122\\../Screenshots/iPhone 6/HIC/STM/National General/standard/0.png, D:\\Test\\AgileTest\\Reports\\HIC\\hic\\20191202_022122\\../Screenshots/iPhone 6/HIC/STM/National General/standard/1.png, D:\\Test\\AgileTest\\Reports\\HIC\\hic\\20191202_022122\\../Screenshots/iPhone 6/HIC/STM/National General/standard/2.png, D:\\Test\\AgileTest\\Reports\\HIC\\hic\\20191202_022122\\../Screenshots/iPhone 6/HIC/STM/National General/standard/3.png, D:\\Test\\AgileTest\\Reports\\HIC\\hic\\20191202_022122\\../Screenshots/iPhone 6/HIC/STM/National General/standard/4.png, D:\\Test\\AgileTest\\Reports\\HIC\\hic\\20191202_022122\\../Screenshots/iPhone 6/HIC/STM/National General/standard/5.png, D:\\Test\\AgileTest\\Reports\\HIC\\hic\\20191202_022122\\../Screenshots/iPhone 6/HIC/STM/National General/standard/6.png, D:\\Test\\AgileTest\\Reports\\HIC\\hic\\20191202_022122\\../Screenshots/iPhone 6/HIC/STM/National General/standard/7.png, D:\\Test\\AgileTest\\Reports\\HIC\\hic\\20191202_022122\\../Screenshots/iPhone 6/HIC/STM/National General/standard/8.png, D:\\Test\\AgileTest\\Reports\\HIC\\hic\\20191202_022122\\../Screenshots/iPhone 6/HIC/STM/National General/standard/9.png, D:\\Test\\AgileTest\\Reports\\HIC\\hic\\20191202_022122\\1575272792376.png, D:\\Test\\AgileTest\\Reports\\HIC\\hic\\20191202_022122\\../Screenshots/iPhone 6/HIC/STM/Slaico/standard/0.png, D:\\Test\\AgileTest\\Reports\\HIC\\hic\\20191202_022122\\../Screenshots/iPhone 6/HIC/STM/Slaico/standard/1.png, D:\\Test\\AgileTest\\Reports\\HIC\\hic\\20191202_022122\\../Screenshots/iPhone 6/HIC/STM/Slaico/standard/2.png, D:\\Test\\AgileTest\\Reports\\HIC\\hic\\20191202_022122\\../Screenshots/iPhone 6/HIC/STM/Slaico/standard/3.png, D:\\Test\\AgileTest\\Reports\\HIC\\hic\\20191202_022122\\../Screenshots/iPhone 6/HIC/STM/Slaico/standard/4.png, D:\\Test\\AgileTest\\Reports\\HIC\\hic\\20191202_022122\\../Screenshots/iPhone 6/HIC/STM/Slaico/standard/5.png, D:\\Test\\AgileTest\\Reports\\HIC\\hic\\20191202_022122\\../Screenshots/iPhone 6/HIC/STM/Slaico/standard/6.png, D:\\Test\\AgileTest\\Reports\\HIC\\hic\\20191202_022122\\1575272833385.png, D:\\Test\\AgileTest\\Reports\\HIC\\hic\\20191202_022122\\../Screenshots/iPhone 6/HIC/STM/Slaico/standard/7.png, D:\\Test\\AgileTest\\Reports\\HIC\\hic\\20191202_022122\\../Screenshots/iPhone 6/HIC/STM/Slaico/standard/8.png, D:\\Test\\AgileTest\\Reports\\HIC\\hic\\20191202_022122\\../Screenshots/iPhone 6/HIC/STM/Slaico/standard/9.png, D:\\Test\\AgileTest\\Reports\\HIC\\hic\\20191202_022122\\../Screenshots/iPhone 6/HIC/STM/Slaico/standard/10.png, D:\\Test\\AgileTest\\Reports\\HIC\\hic\\20191202_022122\\../Screenshots/iPhone 6/HIC/Teladoc/teladoc/standard/0.png, D:\\Test\\AgileTest\\Reports\\HIC\\hic\\20191202_022122\\../Screenshots/iPhone 6/HIC/Teladoc/teladoc/standard/1.png, D:\\Test\\AgileTest\\Reports\\HIC\\hic\\20191202_022122\\../Screenshots/iPhone 6/HIC/Teladoc/teladoc/standard/2.png, D:\\Test\\AgileTest\\Reports\\HIC\\hic\\20191202_022122\\../Screenshots/iPhone 6/HIC/Teladoc/teladoc/standard/3.png, D:\\Test\\AgileTest\\Reports\\HIC\\hic\\20191202_022122\\../Screenshots/iPhone 6/HIC/Teladoc/teladoc/standard/4.png, D:\\Test\\AgileTest\\Reports\\HIC\\hic\\20191202_022122\\../Screenshots/iPhone 6/HIC/Teladoc/teladoc/standard/5.png, D:\\Test\\AgileTest\\Reports\\HIC\\hic\\20191202_022122\\../Screenshots/iPhone 6/HIC/Teladoc/teladoc/standard/6.png, D:\\Test\\AgileTest\\Reports\\HIC\\hic\\20191202_022122\\../Screenshots/iPhone 6/HIC/Teladoc/teladoc/standard/7.png"/>
         <property name="hostName" value="Administrator - 172.30.0.53"/>
         <property name="os" value="Windows Server 2012 R2 64bit"/>
         <property name="katalonVersion" value="5.10.1.1"/>
         <property name="browser" value="Safari 11"/>
         <property name="hostAddress" value="172.30.0.53"/>
         <property name="sessionId" value="cd9faf5ef4cda961adb756779408cb88"/>
         <property name="seleniumVersion" value="3.7.1"/>
         <property name="proxyInformation" value="ProxyInformation{proxyOption=NO_PROXY, proxyServerType=HTTP, password=, proxyServerAddress=, proxyServerPort=0}"/>
         <property name="platform" value="Windows Server 2012 R2"/>
      </properties>
      <testcase name="Test Cases/HIC/ACA" classname="Test Cases/HIC/ACA" status="PASSED">
         <system-out><![CDATA[2019-12-02 02:21:25 - [TEST_CASE][PASSED] - Test Cases/HIC/ACA: Test Cases/HIC/ACA

2019-12-02 02:21:25 - [TEST_STEP][PASSED] - callTestCase(findTestCase("HIC/_include/get_hicScreenPath"), ["project":"HIC", "productLine":"ACA", "carrierName":"ACA"], CONTINUE_ON_FAILURE): Call Test Case 'Test Cases/HIC/_include/get_hicScreenPath' successfully

2019-12-02 02:21:26 - [TEST_CASE][PASSED] - Test Cases/HIC/_include/get_hicScreenPath: Test Cases/HIC/_include/get_hicScreenPath

2019-12-02 02:21:26 - [TEST_STEP][PASSED] - m = getExecutionProperties(): null

2019-12-02 02:21:26 - [TEST_STEP][PASSED] - deviceName = get("mobileEmulation").get("deviceName"): null

2019-12-02 02:21:26 - [TEST_STEP][PASSED] - println(deviceName): null

2019-12-02 02:21:26 - [TEST_STEP][PASSED] - now = new java.util.Date(): null

2019-12-02 02:21:26 - [TEST_STEP][PASSED] - mydate = now.format("yyyyMMdd_HHmmss"): null

2019-12-02 02:21:26 - [TEST_STEP][PASSED] - screenPath = "../Screenshots/": null

2019-12-02 02:21:26 - [TEST_STEP][PASSED] - screenPath = screenPath + deviceName + "/" + project + "/" + productLine + "/" + carrierName + "/" + "standard" + "/": null

2019-12-02 02:21:26 - [TEST_STEP][PASSED] - println(screenPath): null

2019-12-02 02:21:26 - [MESSAGE][PASSED] - Call Test Case 'Test Cases/HIC/_include/get_hicScreenPath' successfully

2019-12-02 02:21:26 - [TEST_STEP][PASSED] - i = 0: null

2019-12-02 02:21:26 - [TEST_STEP][PASSED] - callTestCase(findTestCase("mobileWeb/_include/openWebSite"), ["env":"https://qa.healthinsurance.com/"], CONTINUE_ON_FAILURE): Call Test Case 'Test Cases/mobileWeb/_include/openWebSite' successfully

2019-12-02 02:21:26 - [TEST_CASE][PASSED] - Test Cases/mobileWeb/_include/openWebSite: Test Cases/mobileWeb/_include/openWebSite

2019-12-02 02:21:26 - [TEST_STEP][PASSED] - openBrowser(env): Browser is opened with url: 'https://qa.healthinsurance.com/'

2019-12-02 02:21:27 - [MESSAGE][INFO] - Starting 'Chrome' driver

2019-12-02 02:21:27 - [MESSAGE][INFO] - User set preference: ['mobileEmulation', '{deviceName=iPhone 6}']

2019-12-02 02:21:27 - [MESSAGE][INFO] - User set preference: ['args', '[--incognito, --aggressive-cache-discard, --window-size=375,677, --no-sandbox]']

2019-12-02 02:21:27 - [MESSAGE][INFO] - Action delay is set to 0 seconds

2019-12-02 02:21:31 - [MESSAGE][PASSED] - Browser is opened with url: 'https://qa.healthinsurance.com/'

2019-12-02 02:21:31 - [TEST_STEP][PASSED] - waitForPageLoad(20): Wait for page load successfully

2019-12-02 02:21:31 - [MESSAGE][PASSED] - Wait for page load successfully

2019-12-02 02:21:31 - [TEST_STEP][PASSED] - callTestCase(findTestCase("mobileWeb/_include/get_screenshot"), [:], STOP_ON_FAILURE): Call Test Case 'Test Cases/mobileWeb/_include/get_screenshot' successfully

2019-12-02 02:21:31 - [TEST_CASE][PASSED] - Test Cases/mobileWeb/_include/get_screenshot: Test Cases/mobileWeb/_include/get_screenshot

2019-12-02 02:21:32 - [TEST_STEP][PASSED] - takeScreenshot(screenPath + i + ".png"): Taking screenshot successfully

2019-12-02 02:21:33 - [MESSAGE][PASSED] - Taking screenshot successfully
[[ATTACHMENT|D:\\Test\\AgileTest\\Reports\\HIC\\hic\\20191202_022122\\../Screenshots/iPhone 6/HIC/ACA/ACA/standard/0.png]]

2019-12-02 02:21:33 - [TEST_STEP][PASSED] - (internal.GlobalVariable.i++): null

2019-12-02 02:21:33 - [MESSAGE][PASSED] - Call Test Case 'Test Cases/mobileWeb/_include/get_screenshot' successfully

2019-12-02 02:21:33 - [MESSAGE][PASSED] - Call Test Case 'Test Cases/mobileWeb/_include/openWebSite' successfully

2019-12-02 02:21:33 - [TEST_STEP][PASSED] - click(findTestObject("hic/nav/navButton")): Object: 'Object Repository/hic/nav/navButton' is clicked on

2019-12-02 02:21:34 - [MESSAGE][PASSED] - Object: 'Object Repository/hic/nav/navButton' is clicked on

2019-12-02 02:21:34 - [TEST_STEP][PASSED] - click(findTestObject("hic/nav/acaLink")): Object: 'Object Repository/hic/nav/acaLink' is clicked on

2019-12-02 02:21:34 - [MESSAGE][PASSED] - Object: 'Object Repository/hic/nav/acaLink' is clicked on

2019-12-02 02:21:34 - [TEST_STEP][PASSED] - Thread.sleep(2000): null

2019-12-02 02:21:36 - [TEST_STEP][PASSED] - callTestCase(findTestCase("mobileWeb/_include/get_screenshot"), [:], STOP_ON_FAILURE): Call Test Case 'Test Cases/mobileWeb/_include/get_screenshot' successfully

2019-12-02 02:21:36 - [TEST_CASE][PASSED] - Test Cases/mobileWeb/_include/get_screenshot: Test Cases/mobileWeb/_include/get_screenshot

2019-12-02 02:21:36 - [TEST_STEP][PASSED] - takeScreenshot(screenPath + i + ".png"): Taking screenshot successfully

2019-12-02 02:21:37 - [MESSAGE][PASSED] - Taking screenshot successfully
[[ATTACHMENT|D:\\Test\\AgileTest\\Reports\\HIC\\hic\\20191202_022122\\../Screenshots/iPhone 6/HIC/ACA/ACA/standard/1.png]]

2019-12-02 02:21:37 - [TEST_STEP][PASSED] - (internal.GlobalVariable.i++): null

2019-12-02 02:21:37 - [MESSAGE][PASSED] - Call Test Case 'Test Cases/mobileWeb/_include/get_screenshot' successfully

2019-12-02 02:21:37 - [TEST_STEP][PASSED] - setText(findTestObject("hic/aca/zip"), "33186"): Text '33186' is set on object 'Object Repository/hic/aca/zip'

2019-12-02 02:21:37 - [MESSAGE][PASSED] - Text '33186' is set on object 'Object Repository/hic/aca/zip'

2019-12-02 02:21:37 - [TEST_STEP][PASSED] - Thread.sleep(5000): null

2019-12-02 02:21:42 - [TEST_STEP][PASSED] - click(findTestObject("hic/aca/comparePlan")): Object: 'Object Repository/hic/aca/comparePlan' is clicked on

2019-12-02 02:21:44 - [MESSAGE][PASSED] - Object: 'Object Repository/hic/aca/comparePlan' is clicked on

2019-12-02 02:21:44 - [TEST_STEP][PASSED] - Thread.sleep(5000): null

2019-12-02 02:21:49 - [TEST_STEP][PASSED] - callTestCase(findTestCase("mobileWeb/_include/get_screenshot"), [:], STOP_ON_FAILURE): Call Test Case 'Test Cases/mobileWeb/_include/get_screenshot' successfully

2019-12-02 02:21:49 - [TEST_CASE][PASSED] - Test Cases/mobileWeb/_include/get_screenshot: Test Cases/mobileWeb/_include/get_screenshot

2019-12-02 02:21:49 - [TEST_STEP][PASSED] - takeScreenshot(screenPath + i + ".png"): Taking screenshot successfully

2019-12-02 02:21:49 - [MESSAGE][PASSED] - Taking screenshot successfully
[[ATTACHMENT|D:\\Test\\AgileTest\\Reports\\HIC\\hic\\20191202_022122\\../Screenshots/iPhone 6/HIC/ACA/ACA/standard/2.png]]

2019-12-02 02:21:49 - [TEST_STEP][PASSED] - (internal.GlobalVariable.i++): null

2019-12-02 02:21:49 - [MESSAGE][PASSED] - Call Test Case 'Test Cases/mobileWeb/_include/get_screenshot' successfully]]></system-out>
         <system-err><![CDATA[]]></system-err>
      </testcase>
      <testcase name="Test Cases/HIC/Dental/National General" classname="Test Cases/HIC/Dental/National General" status="PASSED">
         <system-out><![CDATA[2019-12-02 02:21:49 - [TEST_CASE][PASSED] - Test Cases/HIC/Dental/National General: Test Cases/HIC/Dental/National General

2019-12-02 02:21:49 - [TEST_STEP][PASSED] - callTestCase(findTestCase("HIC/_include/get_hicScreenPath"), ["project":"HIC", "productLine":"Dental", "carrierName":"National General"], CONTINUE_ON_FAILURE): Call Test Case 'Test Cases/HIC/_include/get_hicScreenPath' successfully

2019-12-02 02:21:50 - [TEST_CASE][PASSED] - Test Cases/HIC/_include/get_hicScreenPath: Test Cases/HIC/_include/get_hicScreenPath

2019-12-02 02:21:50 - [TEST_STEP][PASSED] - m = getExecutionProperties(): null

2019-12-02 02:21:50 - [TEST_STEP][PASSED] - deviceName = get("mobileEmulation").get("deviceName"): null

2019-12-02 02:21:50 - [TEST_STEP][PASSED] - println(deviceName): null

2019-12-02 02:21:50 - [TEST_STEP][PASSED] - now = new java.util.Date(): null

2019-12-02 02:21:50 - [TEST_STEP][PASSED] - mydate = now.format("yyyyMMdd_HHmmss"): null

2019-12-02 02:21:50 - [TEST_STEP][PASSED] - screenPath = "../Screenshots/": null

2019-12-02 02:21:50 - [TEST_STEP][PASSED] - screenPath = screenPath + deviceName + "/" + project + "/" + productLine + "/" + carrierName + "/" + "standard" + "/": null

2019-12-02 02:21:50 - [TEST_STEP][PASSED] - println(screenPath): null

2019-12-02 02:21:50 - [MESSAGE][PASSED] - Call Test Case 'Test Cases/HIC/_include/get_hicScreenPath' successfully

2019-12-02 02:21:50 - [TEST_STEP][PASSED] - i = 0: null

2019-12-02 02:21:50 - [TEST_STEP][PASSED] - callTestCase(findTestCase("mobileWeb/_include/openWebSite"), ["env":"https://qa.healthinsurance.com/"], CONTINUE_ON_FAILURE): Call Test Case 'Test Cases/mobileWeb/_include/openWebSite' successfully

2019-12-02 02:21:50 - [TEST_CASE][PASSED] - Test Cases/mobileWeb/_include/openWebSite: Test Cases/mobileWeb/_include/openWebSite

2019-12-02 02:21:50 - [TEST_STEP][PASSED] - openBrowser(env): Browser is opened with url: 'https://qa.healthinsurance.com/'

2019-12-02 02:21:50 - [MESSAGE][WARNING] - A browser is already opened. Closing browser and opening a new one

2019-12-02 02:21:50 - [MESSAGE][INFO] - Starting 'Chrome' driver

2019-12-02 02:21:50 - [MESSAGE][INFO] - User set preference: ['mobileEmulation', '{deviceName=iPhone 6}']

2019-12-02 02:21:50 - [MESSAGE][INFO] - User set preference: ['args', '[--incognito, --aggressive-cache-discard, --window-size=375,677, --no-sandbox]']

2019-12-02 02:21:52 - [MESSAGE][PASSED] - Browser is opened with url: 'https://qa.healthinsurance.com/'

2019-12-02 02:21:52 - [TEST_STEP][PASSED] - waitForPageLoad(20): Wait for page load successfully

2019-12-02 02:21:53 - [MESSAGE][PASSED] - Wait for page load successfully

2019-12-02 02:21:53 - [TEST_STEP][PASSED] - callTestCase(findTestCase("mobileWeb/_include/get_screenshot"), [:], STOP_ON_FAILURE): Call Test Case 'Test Cases/mobileWeb/_include/get_screenshot' successfully

2019-12-02 02:21:53 - [TEST_CASE][PASSED] - Test Cases/mobileWeb/_include/get_screenshot: Test Cases/mobileWeb/_include/get_screenshot

2019-12-02 02:21:53 - [TEST_STEP][PASSED] - takeScreenshot(screenPath + i + ".png"): Taking screenshot successfully

2019-12-02 02:21:53 - [MESSAGE][PASSED] - Taking screenshot successfully
[[ATTACHMENT|D:\\Test\\AgileTest\\Reports\\HIC\\hic\\20191202_022122\\../Screenshots/iPhone 6/HIC/Dental/National General/standard/0.png]]

2019-12-02 02:21:53 - [TEST_STEP][PASSED] - (internal.GlobalVariable.i++): null

2019-12-02 02:21:53 - [MESSAGE][PASSED] - Call Test Case 'Test Cases/mobileWeb/_include/get_screenshot' successfully

2019-12-02 02:21:53 - [MESSAGE][PASSED] - Call Test Case 'Test Cases/mobileWeb/_include/openWebSite' successfully

2019-12-02 02:21:53 - [TEST_STEP][PASSED] - click(findTestObject("hic/nav/navButton")): Object: 'Object Repository/hic/nav/navButton' is clicked on

2019-12-02 02:21:53 - [MESSAGE][PASSED] - Object: 'Object Repository/hic/nav/navButton' is clicked on

2019-12-02 02:21:53 - [TEST_STEP][PASSED] - Thread.sleep(2000): null

2019-12-02 02:21:55 - [TEST_STEP][PASSED] - click(findTestObject("hic/nav/dentalLink")): Object: 'Object Repository/hic/nav/dentalLink' is clicked on

2019-12-02 02:21:55 - [MESSAGE][PASSED] - Object: 'Object Repository/hic/nav/dentalLink' is clicked on

2019-12-02 02:21:55 - [TEST_STEP][PASSED] - Thread.sleep(2000): null

2019-12-02 02:21:57 - [TEST_STEP][PASSED] - callTestCase(findTestCase("mobileWeb/_include/get_screenshot"), [:], STOP_ON_FAILURE): Call Test Case 'Test Cases/mobileWeb/_include/get_screenshot' successfully

2019-12-02 02:21:57 - [TEST_CASE][PASSED] - Test Cases/mobileWeb/_include/get_screenshot: Test Cases/mobileWeb/_include/get_screenshot

2019-12-02 02:21:57 - [TEST_STEP][PASSED] - takeScreenshot(screenPath + i + ".png"): Taking screenshot successfully

2019-12-02 02:21:58 - [MESSAGE][PASSED] - Taking screenshot successfully
[[ATTACHMENT|D:\\Test\\AgileTest\\Reports\\HIC\\hic\\20191202_022122\\../Screenshots/iPhone 6/HIC/Dental/National General/standard/1.png]]

2019-12-02 02:21:58 - [TEST_STEP][PASSED] - (internal.GlobalVariable.i++): null

2019-12-02 02:21:58 - [MESSAGE][PASSED] - Call Test Case 'Test Cases/mobileWeb/_include/get_screenshot' successfully

2019-12-02 02:21:58 - [TEST_STEP][PASSED] - callTestCase(findTestCase("HIC/_include/stm_census"), ["zipcode":"35215"], STOP_ON_FAILURE): Call Test Case 'Test Cases/HIC/_include/stm_census' successfully

2019-12-02 02:21:58 - [TEST_CASE][PASSED] - Test Cases/HIC/_include/stm_census: Test Cases/HIC/_include/stm_census

2019-12-02 02:21:58 - [TEST_STEP][PASSED] - setText(findTestObject("hic/stm/zip"), zipcode): Text '35215' is set on object 'Object Repository/hic/stm/zip'

2019-12-02 02:21:58 - [MESSAGE][PASSED] - Text '35215' is set on object 'Object Repository/hic/stm/zip'

2019-12-02 02:21:58 - [TEST_STEP][PASSED] - Thread.sleep(500): null

2019-12-02 02:21:59 - [TEST_STEP][PASSED] - setText(findTestObject("hic/stm/primaryDOB"), "03031987"): Text '03031987' is set on object 'Object Repository/hic/stm/primaryDOB'

2019-12-02 02:21:59 - [MESSAGE][PASSED] - Text '03031987' is set on object 'Object Repository/hic/stm/primaryDOB'

2019-12-02 02:21:59 - [TEST_STEP][PASSED] - click(findTestObject("hic/stm/female")): Object: 'Object Repository/hic/stm/female' is clicked on

2019-12-02 02:21:59 - [MESSAGE][PASSED] - Object: 'Object Repository/hic/stm/female' is clicked on

2019-12-02 02:21:59 - [TEST_STEP][PASSED] - Thread.sleep(3000): null

2019-12-02 02:22:02 - [TEST_STEP][PASSED] - click(findTestObject("hic/stm/submitButton")): Object: 'Object Repository/hic/stm/submitButton' is clicked on

2019-12-02 02:22:03 - [MESSAGE][PASSED] - Object: 'Object Repository/hic/stm/submitButton' is clicked on

2019-12-02 02:22:03 - [TEST_STEP][PASSED] - Thread.sleep(6000): null

2019-12-02 02:22:09 - [TEST_STEP][PASSED] - callTestCase(findTestCase("mobileWeb/_include/get_screenshot"), [:], STOP_ON_FAILURE): Call Test Case 'Test Cases/mobileWeb/_include/get_screenshot' successfully

2019-12-02 02:22:09 - [TEST_CASE][PASSED] - Test Cases/mobileWeb/_include/get_screenshot: Test Cases/mobileWeb/_include/get_screenshot

2019-12-02 02:22:09 - [TEST_STEP][PASSED] - takeScreenshot(screenPath + i + ".png"): Taking screenshot successfully

2019-12-02 02:22:09 - [MESSAGE][PASSED] - Taking screenshot successfully
[[ATTACHMENT|D:\\Test\\AgileTest\\Reports\\HIC\\hic\\20191202_022122\\../Screenshots/iPhone 6/HIC/Dental/National General/standard/2.png]]

2019-12-02 02:22:09 - [TEST_STEP][PASSED] - (internal.GlobalVariable.i++): null

2019-12-02 02:22:09 - [MESSAGE][PASSED] - Call Test Case 'Test Cases/mobileWeb/_include/get_screenshot' successfully

2019-12-02 02:22:09 - [TEST_STEP][PASSED] - Thread.sleep(1000): null

2019-12-02 02:22:10 - [MESSAGE][PASSED] - Call Test Case 'Test Cases/HIC/_include/stm_census' successfully

2019-12-02 02:22:10 - [TEST_STEP][PASSED] - click(findTestObject("mobileSanity/Dental/filter/btn_filter")): Object: 'Object Repository/mobileSanity/Dental/filter/btn_filter' is clicked on

2019-12-02 02:22:10 - [MESSAGE][PASSED] - Object: 'Object Repository/mobileSanity/Dental/filter/btn_filter' is clicked on

2019-12-02 02:22:10 - [TEST_STEP][PASSED] - waitForElementVisible(findTestObject("mobileSanity/Dental/filter/btn_company"), 10): Object 'Object Repository/mobileSanity/Dental/filter/btn_company' is visible

2019-12-02 02:22:11 - [MESSAGE][PASSED] - Object 'Object Repository/mobileSanity/Dental/filter/btn_company' is visible

2019-12-02 02:22:11 - [TEST_STEP][PASSED] - click(findTestObject("mobileSanity/Dental/filter/btn_company")): Object: 'Object Repository/mobileSanity/Dental/filter/btn_company' is clicked on

2019-12-02 02:22:11 - [MESSAGE][PASSED] - Object: 'Object Repository/mobileSanity/Dental/filter/btn_company' is clicked on

2019-12-02 02:22:11 - [TEST_STEP][PASSED] - Thread.sleep(2000): null

2019-12-02 02:22:13 - [TEST_STEP][PASSED] - click(findTestObject("mobileSanity/Dental/filter/btn_ng")): Object: 'Object Repository/mobileSanity/Dental/filter/btn_ng' is clicked on

2019-12-02 02:22:13 - [MESSAGE][PASSED] - Object: 'Object Repository/mobileSanity/Dental/filter/btn_ng' is clicked on

2019-12-02 02:22:13 - [TEST_STEP][PASSED] - waitForJQueryLoad(20, STOP_ON_FAILURE): jQuery is ready.

2019-12-02 02:22:13 - [MESSAGE][PASSED] - jQuery is ready.

2019-12-02 02:22:13 - [TEST_STEP][PASSED] - callTestCase(findTestCase("mobileWeb/_include/get_screenshot"), [:], STOP_ON_FAILURE): Call Test Case 'Test Cases/mobileWeb/_include/get_screenshot' successfully

2019-12-02 02:22:13 - [TEST_CASE][PASSED] - Test Cases/mobileWeb/_include/get_screenshot: Test Cases/mobileWeb/_include/get_screenshot

2019-12-02 02:22:13 - [TEST_STEP][PASSED] - takeScreenshot(screenPath + i + ".png"): Taking screenshot successfully

2019-12-02 02:22:14 - [MESSAGE][PASSED] - Taking screenshot successfully
[[ATTACHMENT|D:\\Test\\AgileTest\\Reports\\HIC\\hic\\20191202_022122\\../Screenshots/iPhone 6/HIC/Dental/National General/standard/3.png]]

2019-12-02 02:22:14 - [TEST_STEP][PASSED] - (internal.GlobalVariable.i++): null

2019-12-02 02:22:14 - [MESSAGE][PASSED] - Call Test Case 'Test Cases/mobileWeb/_include/get_screenshot' successfully

2019-12-02 02:22:14 - [TEST_STEP][PASSED] - click(findTestObject("mobileSanity/Dental/filter/btn_filter")): Object: 'Object Repository/mobileSanity/Dental/filter/btn_filter' is clicked on

2019-12-02 02:22:14 - [MESSAGE][PASSED] - Object: 'Object Repository/mobileSanity/Dental/filter/btn_filter' is clicked on

2019-12-02 02:22:14 - [TEST_STEP][PASSED] - Thread.sleep(2000): null

2019-12-02 02:22:16 - [TEST_STEP][PASSED] - scrollToPosition(0, 600): Browser is scrolled to position x = 0, y = 600

2019-12-02 02:22:16 - [MESSAGE][PASSED] - Browser is scrolled to position x = 0, y = 600

2019-12-02 02:22:16 - [TEST_STEP][PASSED] - Thread.sleep(2000): null

2019-12-02 02:22:18 - [TEST_STEP][PASSED] - click(findTestObject("mobileSanity/Dental/quote/a_Select This Plan")): Object: 'Object Repository/mobileSanity/Dental/quote/a_Select This Plan' is clicked on

2019-12-02 02:22:20 - [MESSAGE][PASSED] - Object: 'Object Repository/mobileSanity/Dental/quote/a_Select This Plan' is clicked on

2019-12-02 02:22:20 - [TEST_STEP][PASSED] - waitForPageLoad(10): Wait for page load successfully

2019-12-02 02:22:20 - [MESSAGE][PASSED] - Wait for page load successfully

2019-12-02 02:22:20 - [TEST_STEP][PASSED] - callTestCase(findTestCase("mobileWeb/_include/get_screenshot"), [:], STOP_ON_FAILURE): Call Test Case 'Test Cases/mobileWeb/_include/get_screenshot' successfully

2019-12-02 02:22:21 - [TEST_CASE][PASSED] - Test Cases/mobileWeb/_include/get_screenshot: Test Cases/mobileWeb/_include/get_screenshot

2019-12-02 02:22:21 - [TEST_STEP][PASSED] - takeScreenshot(screenPath + i + ".png"): Taking screenshot successfully

2019-12-02 02:22:21 - [MESSAGE][PASSED] - Taking screenshot successfully
[[ATTACHMENT|D:\\Test\\AgileTest\\Reports\\HIC\\hic\\20191202_022122\\../Screenshots/iPhone 6/HIC/Dental/National General/standard/4.png]]

2019-12-02 02:22:21 - [TEST_STEP][PASSED] - (internal.GlobalVariable.i++): null

2019-12-02 02:22:21 - [MESSAGE][PASSED] - Call Test Case 'Test Cases/mobileWeb/_include/get_screenshot' successfully

2019-12-02 02:22:21 - [TEST_STEP][PASSED] - Thread.sleep(2000): null

2019-12-02 02:22:23 - [TEST_STEP][PASSED] - click(findTestObject("mobileSanity/Dental/apply/span_Start Secure Application")): Object: 'Object Repository/mobileSanity/Dental/apply/span_Start Secure Application' is clicked on

2019-12-02 02:22:24 - [MESSAGE][PASSED] - Object: 'Object Repository/mobileSanity/Dental/apply/span_Start Secure Application' is clicked on

2019-12-02 02:22:24 - [TEST_STEP][PASSED] - waitForPageLoad(10): Wait for page load successfully

2019-12-02 02:22:24 - [MESSAGE][PASSED] - Wait for page load successfully

2019-12-02 02:22:24 - [TEST_STEP][PASSED] - Thread.sleep(2000): null

2019-12-02 02:22:26 - [TEST_STEP][PASSED] - callTestCase(findTestCase("mobileWeb/_include/get_screenshot"), [:], STOP_ON_FAILURE): Call Test Case 'Test Cases/mobileWeb/_include/get_screenshot' successfully

2019-12-02 02:22:26 - [TEST_CASE][PASSED] - Test Cases/mobileWeb/_include/get_screenshot: Test Cases/mobileWeb/_include/get_screenshot

2019-12-02 02:22:26 - [TEST_STEP][PASSED] - takeScreenshot(screenPath + i + ".png"): Taking screenshot successfully

2019-12-02 02:22:26 - [MESSAGE][PASSED] - Taking screenshot successfully
[[ATTACHMENT|D:\\Test\\AgileTest\\Reports\\HIC\\hic\\20191202_022122\\../Screenshots/iPhone 6/HIC/Dental/National General/standard/5.png]]

2019-12-02 02:22:26 - [TEST_STEP][PASSED] - (internal.GlobalVariable.i++): null

2019-12-02 02:22:26 - [MESSAGE][PASSED] - Call Test Case 'Test Cases/mobileWeb/_include/get_screenshot' successfully

2019-12-02 02:22:26 - [TEST_STEP][PASSED] - callTestCase(findTestCase("mobileWeb/_include/goToEnd_dental"), ["carrier":"nationalgeneral"], CONTINUE_ON_FAILURE): Call Test Case 'Test Cases/mobileWeb/_include/goToEnd_dental' successfully

2019-12-02 02:22:26 - [TEST_CASE][PASSED] - Test Cases/mobileWeb/_include/goToEnd_dental: Test Cases/mobileWeb/_include/goToEnd_dental

2019-12-02 02:22:26 - [TEST_STEP][PASSED] - callTestCase(findTestCase("mobileWeb/_include/name"), [:], CONTINUE_ON_FAILURE): Call Test Case 'Test Cases/mobileWeb/_include/name' successfully

2019-12-02 02:22:26 - [TEST_CASE][PASSED] - Test Cases/mobileWeb/_include/name: Test Cases/mobileWeb/_include/name

2019-12-02 02:22:27 - [TEST_STEP][PASSED] - driver = getWebDriver(): null

2019-12-02 02:22:27 - [TEST_STEP][PASSED] - selenium = new com.thoughtworks.selenium.webdriven.WebDriverBackedSelenium(driver, internal.GlobalVariable.ENV): null

2019-12-02 02:22:27 - [TEST_STEP][PASSED] - FirstName = "Test-123": null

2019-12-02 02:22:27 - [TEST_STEP][PASSED] - LastName = selenium.getEval("{var x="ABCDEFGHIJKLMNOPQRSTUVWXYZabcdefghijklmnopqrstuvwxyz"; var tmp="ZZ11-"; for (i=0;i<8;i++) tmp+=x.charAt(Math.ceil(51*Math.random()));tmp;}"): null

2019-12-02 02:22:27 - [TEST_STEP][PASSED] - Address = selenium.getEval("{var x="ABCDEFGHIJKLMNOPQRSTUVWXYZabcdefghijklmnopqrstuvwxyz"; var tmp=""; for (i=0;i<8;i++) tmp+=x.charAt(Math.ceil(51*Math.random()));tmp;}"): null

2019-12-02 02:22:27 - [TEST_STEP][PASSED] - City = selenium.getEval("{var x="ABCDEFGHIJKLMNOPQRSTUVWXYZabcdefghijklmnopqrstuvwxyz"; var tmp=""; for (i=0;i<8;i++) tmp+=x.charAt(Math.ceil(51*Math.random()));tmp;}"): null

2019-12-02 02:22:27 - [TEST_STEP][PASSED] - tel1 = selenium.getEval("{var x="123456789"; var tmp=""; for (i=0;i<3;i++) tmp+=x.charAt(Math.ceil(8*Math.random()));tmp;}"): null

2019-12-02 02:22:27 - [TEST_STEP][PASSED] - tel2 = selenium.getEval("{var x="123456789"; var tmp=""; for (i=0;i<3;i++) tmp+=x.charAt(Math.ceil(8*Math.random()));tmp;}"): null

2019-12-02 02:22:27 - [TEST_STEP][PASSED] - tel3 = selenium.getEval("{var x="123456789"; var tmp=""; for (i=0;i<4;i++) tmp+=x.charAt(Math.ceil(8*Math.random()));tmp;}"): null

2019-12-02 02:22:27 - [TEST_STEP][PASSED] - Tel = selenium.getExpression(tel1 + "-" + tel2 + "-" + tel3): null

2019-12-02 02:22:27 - [TEST_STEP][PASSED] - AutoEmail = selenium.getEval("{var x="ABCDEFGHIJKLMNOPQRSTUVWXYZabcdefghijklmnopqrstuvwxyz"; var tmp="test."; for (i=0;i<8;i++) tmp+=x.charAt(Math.ceil(51*Math.random()));tmp+="@suryani.cn";}"): null

2019-12-02 02:22:27 - [TEST_STEP][PASSED] - FirstName = FirstName: null

2019-12-02 02:22:27 - [TEST_STEP][PASSED] - LastName = LastName: null

2019-12-02 02:22:27 - [TEST_STEP][PASSED] - Address = Address: null

2019-12-02 02:22:27 - [TEST_STEP][PASSED] - City = City: null

2019-12-02 02:22:27 - [TEST_STEP][PASSED] - Tel = Tel: null

2019-12-02 02:22:27 - [TEST_STEP][PASSED] - AutoEmail = AutoEmail: null

2019-12-02 02:22:27 - [TEST_STEP][PASSED] - println(FirstName): null

2019-12-02 02:22:27 - [TEST_STEP][PASSED] - println(LastName): null

2019-12-02 02:22:27 - [TEST_STEP][PASSED] - println(Address): null

2019-12-02 02:22:27 - [TEST_STEP][PASSED] - println(City): null

2019-12-02 02:22:27 - [TEST_STEP][PASSED] - println(Tel): null

2019-12-02 02:22:27 - [TEST_STEP][PASSED] - println(AutoEmail): null

2019-12-02 02:22:27 - [MESSAGE][PASSED] - Call Test Case 'Test Cases/mobileWeb/_include/name' successfully

2019-12-02 02:22:27 - [TEST_STEP][PASSED] - Thread.sleep(3000): null

2019-12-02 02:22:30 - [TEST_STEP][PASSED] - setText(findTestObject("mobileSanity/Dental/app_page1/input__member-P-1-firstName"), FirstName): Text 'Test-123' is set on object 'Object Repository/mobileSanity/Dental/app_page1/input__member-P-1-firstName'

2019-12-02 02:22:30 - [MESSAGE][PASSED] - Text 'Test-123' is set on object 'Object Repository/mobileSanity/Dental/app_page1/input__member-P-1-firstName'

2019-12-02 02:22:30 - [TEST_STEP][PASSED] - setText(findTestObject("mobileSanity/Dental/app_page1/input__member-P-1-lastName"), LastName): Text 'ZZ11-LnpKYRFh' is set on object 'Object Repository/mobileSanity/Dental/app_page1/input__member-P-1-lastName'

2019-12-02 02:22:30 - [MESSAGE][PASSED] - Text 'ZZ11-LnpKYRFh' is set on object 'Object Repository/mobileSanity/Dental/app_page1/input__member-P-1-lastName'

2019-12-02 02:22:30 - [TEST_STEP][PASSED] - setText(findTestObject("mobileSanity/Dental/app_page1/input__address"), Address): Text 'iFKSknKi' is set on object 'Object Repository/mobileSanity/Dental/app_page1/input__address'

2019-12-02 02:22:31 - [MESSAGE][PASSED] - Text 'iFKSknKi' is set on object 'Object Repository/mobileSanity/Dental/app_page1/input__address'

2019-12-02 02:22:31 - [TEST_STEP][PASSED] - setText(findTestObject("mobileSanity/Dental/app_page1/input__city"), City): Text 'ENidHrag' is set on object 'Object Repository/mobileSanity/Dental/app_page1/input__city'

2019-12-02 02:22:31 - [MESSAGE][PASSED] - Text 'ENidHrag' is set on object 'Object Repository/mobileSanity/Dental/app_page1/input__city'

2019-12-02 02:22:31 - [TEST_STEP][PASSED] - setText(findTestObject("mobileSanity/Dental/app_page1/input__email"), AutoEmail): Text 'test.vfEhCsla@suryani.cn' is set on object 'Object Repository/mobileSanity/Dental/app_page1/input__email'

2019-12-02 02:22:31 - [MESSAGE][PASSED] - Text 'test.vfEhCsla@suryani.cn' is set on object 'Object Repository/mobileSanity/Dental/app_page1/input__email'

2019-12-02 02:22:31 - [TEST_STEP][PASSED] - setText(findTestObject("mobileSanity/Dental/app_page1/input_phone"), Tel): Text '458-297-5538' is set on object 'Object Repository/mobileSanity/Dental/app_page1/input_phone'

2019-12-02 02:22:31 - [MESSAGE][PASSED] - Text '458-297-5538' is set on object 'Object Repository/mobileSanity/Dental/app_page1/input_phone'

2019-12-02 02:22:31 - [TEST_STEP][PASSED] - click(findTestObject("mobileSanity/Dental/app_page1/a_Continue to Step 2 - Payment")): Object: 'Object Repository/mobileSanity/Dental/app_page1/a_Continue to Step 2 - Payment' is clicked on

2019-12-02 02:22:32 - [MESSAGE][PASSED] - Object: 'Object Repository/mobileSanity/Dental/app_page1/a_Continue to Step 2 - Payment' is clicked on

2019-12-02 02:22:32 - [TEST_STEP][PASSED] - waitForPageLoad(10): Wait for page load successfully

2019-12-02 02:22:32 - [MESSAGE][PASSED] - Wait for page load successfully

2019-12-02 02:22:32 - [TEST_STEP][PASSED] - Thread.sleep(2000): null

2019-12-02 02:22:34 - [TEST_STEP][PASSED] - if (carrier == "usa"): null

2019-12-02 02:22:34 - [TEST_STEP][PASSED] - callTestCase(findTestCase("mobileWeb/_include/get_screenshot"), [:], STOP_ON_FAILURE): Call Test Case 'Test Cases/mobileWeb/_include/get_screenshot' successfully

2019-12-02 02:22:34 - [TEST_CASE][PASSED] - Test Cases/mobileWeb/_include/get_screenshot: Test Cases/mobileWeb/_include/get_screenshot

2019-12-02 02:22:34 - [TEST_STEP][PASSED] - takeScreenshot(screenPath + i + ".png"): Taking screenshot successfully

2019-12-02 02:22:34 - [MESSAGE][PASSED] - Taking screenshot successfully
[[ATTACHMENT|D:\\Test\\AgileTest\\Reports\\HIC\\hic\\20191202_022122\\../Screenshots/iPhone 6/HIC/Dental/National General/standard/6.png]]

2019-12-02 02:22:34 - [TEST_STEP][PASSED] - (internal.GlobalVariable.i++): null

2019-12-02 02:22:34 - [MESSAGE][PASSED] - Call Test Case 'Test Cases/mobileWeb/_include/get_screenshot' successfully

2019-12-02 02:22:34 - [TEST_STEP][PASSED] - setText(findTestObject("mobileSanity/Dental/app_page2/input__credit-card-first"), FirstName): Text 'Test-123' is set on object 'Object Repository/mobileSanity/Dental/app_page2/input__credit-card-first'

2019-12-02 02:22:34 - [MESSAGE][PASSED] - Text 'Test-123' is set on object 'Object Repository/mobileSanity/Dental/app_page2/input__credit-card-first'

2019-12-02 02:22:34 - [TEST_STEP][PASSED] - setText(findTestObject("mobileSanity/Dental/app_page2/input__credit-card-last"), LastName): Text 'ZZ11-LnpKYRFh' is set on object 'Object Repository/mobileSanity/Dental/app_page2/input__credit-card-last'

2019-12-02 02:22:35 - [MESSAGE][PASSED] - Text 'ZZ11-LnpKYRFh' is set on object 'Object Repository/mobileSanity/Dental/app_page2/input__credit-card-last'

2019-12-02 02:22:35 - [TEST_STEP][PASSED] - selectOptionByValue(findTestObject("mobileSanity/Dental/app_page2/select_MM010203040506070809101"), "12", true): All options with value '12' are selected in object 'Object Repository/mobileSanity/Dental/app_page2/select_MM010203040506070809101'  using regular expression

2019-12-02 02:22:35 - [MESSAGE][PASSED] - All options with value '12' are selected in object 'Object Repository/mobileSanity/Dental/app_page2/select_MM010203040506070809101'  using regular expression

2019-12-02 02:22:35 - [TEST_STEP][PASSED] - selectOptionByValue(findTestObject("mobileSanity/Dental/app_page2/select_YYYY2019202020212022202"), "2026", true): All options with value '2026' are selected in object 'Object Repository/mobileSanity/Dental/app_page2/select_YYYY2019202020212022202'  using regular expression

2019-12-02 02:22:35 - [MESSAGE][PASSED] - All options with value '2026' are selected in object 'Object Repository/mobileSanity/Dental/app_page2/select_YYYY2019202020212022202'  using regular expression

2019-12-02 02:22:35 - [TEST_STEP][PASSED] - setText(findTestObject("mobileSanity/Dental/app_page2/input__credit-card-number"), "4111111111111111"): Text '4111111111111111' is set on object 'Object Repository/mobileSanity/Dental/app_page2/input__credit-card-number'

2019-12-02 02:22:35 - [MESSAGE][PASSED] - Text '4111111111111111' is set on object 'Object Repository/mobileSanity/Dental/app_page2/input__credit-card-number'

2019-12-02 02:22:35 - [TEST_STEP][PASSED] - setText(findTestObject("mobileSanity/Dental/app_page2/input__cvv"), "123"): Text '123' is set on object 'Object Repository/mobileSanity/Dental/app_page2/input__cvv'

2019-12-02 02:22:36 - [MESSAGE][PASSED] - Text '123' is set on object 'Object Repository/mobileSanity/Dental/app_page2/input__cvv'

2019-12-02 02:22:36 - [TEST_STEP][PASSED] - click(findTestObject("mobileSanity/Dental/app_page2/label_My billing address is th")): Object: 'Object Repository/mobileSanity/Dental/app_page2/label_My billing address is th' is clicked on

2019-12-02 02:22:36 - [MESSAGE][PASSED] - Object: 'Object Repository/mobileSanity/Dental/app_page2/label_My billing address is th' is clicked on

2019-12-02 02:22:36 - [TEST_STEP][PASSED] - click(findTestObject("mobileSanity/Dental/app_page2/label_I Accept Authorization f")): Object: 'Object Repository/mobileSanity/Dental/app_page2/label_I Accept Authorization f' is clicked on

2019-12-02 02:22:36 - [MESSAGE][PASSED] - Object: 'Object Repository/mobileSanity/Dental/app_page2/label_I Accept Authorization f' is clicked on

2019-12-02 02:22:36 - [TEST_STEP][PASSED] - click(findTestObject("mobileSanity/Dental/app_page2/a_Continue to Step 3 - Review")): Object: 'Object Repository/mobileSanity/Dental/app_page2/a_Continue to Step 3 - Review' is clicked on

2019-12-02 02:22:36 - [MESSAGE][PASSED] - Object: 'Object Repository/mobileSanity/Dental/app_page2/a_Continue to Step 3 - Review' is clicked on

2019-12-02 02:22:36 - [TEST_STEP][PASSED] - waitForPageLoad(20): Wait for page load successfully

2019-12-02 02:22:36 - [MESSAGE][PASSED] - Wait for page load successfully

2019-12-02 02:22:36 - [TEST_STEP][PASSED] - Thread.sleep(2000): null

2019-12-02 02:22:38 - [TEST_STEP][PASSED] - waitForElementClickable(findTestObject("mobileSanity/Dental/app_page3/label"), 20): Object 'Object Repository/mobileSanity/Dental/app_page3/label' is clickable

2019-12-02 02:22:38 - [MESSAGE][PASSED] - Object 'Object Repository/mobileSanity/Dental/app_page3/label' is clickable

2019-12-02 02:22:38 - [TEST_STEP][PASSED] - callTestCase(findTestCase("mobileWeb/_include/get_screenshot"), [:], STOP_ON_FAILURE): Call Test Case 'Test Cases/mobileWeb/_include/get_screenshot' successfully

2019-12-02 02:22:38 - [TEST_CASE][PASSED] - Test Cases/mobileWeb/_include/get_screenshot: Test Cases/mobileWeb/_include/get_screenshot

2019-12-02 02:22:38 - [TEST_STEP][PASSED] - takeScreenshot(screenPath + i + ".png"): Taking screenshot successfully

2019-12-02 02:22:39 - [MESSAGE][PASSED] - Taking screenshot successfully
[[ATTACHMENT|D:\\Test\\AgileTest\\Reports\\HIC\\hic\\20191202_022122\\../Screenshots/iPhone 6/HIC/Dental/National General/standard/7.png]]

2019-12-02 02:22:39 - [TEST_STEP][PASSED] - (internal.GlobalVariable.i++): null

2019-12-02 02:22:39 - [MESSAGE][PASSED] - Call Test Case 'Test Cases/mobileWeb/_include/get_screenshot' successfully

2019-12-02 02:22:39 - [TEST_STEP][PASSED] - click(findTestObject("mobileSanity/Dental/app_page3/label")): Object: 'Object Repository/mobileSanity/Dental/app_page3/label' is clicked on

2019-12-02 02:22:39 - [MESSAGE][PASSED] - Object: 'Object Repository/mobileSanity/Dental/app_page3/label' is clicked on

2019-12-02 02:22:39 - [TEST_STEP][PASSED] - click(findTestObject("mobileSanity/Dental/app_page3/p_CLICK TO SIGN")): Object: 'Object Repository/mobileSanity/Dental/app_page3/p_CLICK TO SIGN' is clicked on

2019-12-02 02:22:39 - [MESSAGE][PASSED] - Object: 'Object Repository/mobileSanity/Dental/app_page3/p_CLICK TO SIGN' is clicked on

2019-12-02 02:22:39 - [TEST_STEP][PASSED] - click(findTestObject("mobileSanity/Dental/app_page3/a_Submit Your Application")): Object: 'Object Repository/mobileSanity/Dental/app_page3/a_Submit Your Application' is clicked on

2019-12-02 02:22:39 - [MESSAGE][PASSED] - Object: 'Object Repository/mobileSanity/Dental/app_page3/a_Submit Your Application' is clicked on

2019-12-02 02:22:39 - [TEST_STEP][PASSED] - Thread.sleep(50000): null

2019-12-02 02:23:29 - [TEST_STEP][PASSED] - waitForElementPresent(findTestObject("mobileSanity/Dental/app_page4/js-app-confirmation"), 20): Object 'Object Repository/mobileSanity/Dental/app_page4/js-app-confirmation' is not present after 20 second(s)

2019-12-02 02:23:49 - [MESSAGE][INFO] - Unable to find the element located by 'By.xpath: //*[@id = 'js-app-confirmation']'. Please recheck the objects properties to make sure the desired element is located. 

2019-12-02 02:23:49 - [MESSAGE][WARNING] - Object 'Object Repository/mobileSanity/Dental/app_page4/js-app-confirmation' is not present after 20 second(s)

2019-12-02 02:23:49 - [TEST_STEP][PASSED] - callTestCase(findTestCase("mobileWeb/_include/get_screenshot"), [:], STOP_ON_FAILURE): Call Test Case 'Test Cases/mobileWeb/_include/get_screenshot' successfully

2019-12-02 02:23:49 - [TEST_CASE][PASSED] - Test Cases/mobileWeb/_include/get_screenshot: Test Cases/mobileWeb/_include/get_screenshot

2019-12-02 02:23:49 - [TEST_STEP][PASSED] - takeScreenshot(screenPath + i + ".png"): Taking screenshot successfully

2019-12-02 02:23:50 - [MESSAGE][PASSED] - Taking screenshot successfully
[[ATTACHMENT|D:\\Test\\AgileTest\\Reports\\HIC\\hic\\20191202_022122\\../Screenshots/iPhone 6/HIC/Dental/National General/standard/8.png]]

2019-12-02 02:23:50 - [TEST_STEP][PASSED] - (internal.GlobalVariable.i++): null

2019-12-02 02:23:50 - [MESSAGE][PASSED] - Call Test Case 'Test Cases/mobileWeb/_include/get_screenshot' successfully

2019-12-02 02:23:50 - [MESSAGE][PASSED] - Call Test Case 'Test Cases/mobileWeb/_include/goToEnd_dental' successfully]]></system-out>
         <system-err><![CDATA[]]></system-err>
      </testcase>
      <testcase name="Test Cases/HIC/Dental/USA Access" classname="Test Cases/HIC/Dental/USA Access" status="PASSED">
         <system-out><![CDATA[2019-12-02 02:23:50 - [TEST_CASE][PASSED] - Test Cases/HIC/Dental/USA Access: Test Cases/HIC/Dental/USA Access

2019-12-02 02:23:50 - [TEST_STEP][PASSED] - callTestCase(findTestCase("HIC/_include/get_hicScreenPath"), ["project":"HIC", "productLine":"Dental", "carrierName":"USA Access"], CONTINUE_ON_FAILURE): Call Test Case 'Test Cases/HIC/_include/get_hicScreenPath' successfully

2019-12-02 02:23:50 - [TEST_CASE][PASSED] - Test Cases/HIC/_include/get_hicScreenPath: Test Cases/HIC/_include/get_hicScreenPath

2019-12-02 02:23:50 - [TEST_STEP][PASSED] - m = getExecutionProperties(): null

2019-12-02 02:23:50 - [TEST_STEP][PASSED] - deviceName = get("mobileEmulation").get("deviceName"): null

2019-12-02 02:23:50 - [TEST_STEP][PASSED] - println(deviceName): null

2019-12-02 02:23:51 - [TEST_STEP][PASSED] - now = new java.util.Date(): null

2019-12-02 02:23:51 - [TEST_STEP][PASSED] - mydate = now.format("yyyyMMdd_HHmmss"): null

2019-12-02 02:23:51 - [TEST_STEP][PASSED] - screenPath = "../Screenshots/": null

2019-12-02 02:23:51 - [TEST_STEP][PASSED] - screenPath = screenPath + deviceName + "/" + project + "/" + productLine + "/" + carrierName + "/" + "standard" + "/": null

2019-12-02 02:23:51 - [TEST_STEP][PASSED] - println(screenPath): null

2019-12-02 02:23:51 - [MESSAGE][PASSED] - Call Test Case 'Test Cases/HIC/_include/get_hicScreenPath' successfully

2019-12-02 02:23:51 - [TEST_STEP][PASSED] - i = 0: null

2019-12-02 02:23:51 - [TEST_STEP][PASSED] - callTestCase(findTestCase("mobileWeb/_include/openWebSite"), ["env":"https://qa.healthinsurance.com/"], CONTINUE_ON_FAILURE): Call Test Case 'Test Cases/mobileWeb/_include/openWebSite' successfully

2019-12-02 02:23:51 - [TEST_CASE][PASSED] - Test Cases/mobileWeb/_include/openWebSite: Test Cases/mobileWeb/_include/openWebSite

2019-12-02 02:23:51 - [TEST_STEP][PASSED] - openBrowser(env): Browser is opened with url: 'https://qa.healthinsurance.com/'

2019-12-02 02:23:51 - [MESSAGE][WARNING] - A browser is already opened. Closing browser and opening a new one

2019-12-02 02:23:51 - [MESSAGE][INFO] - Starting 'Chrome' driver

2019-12-02 02:23:51 - [MESSAGE][INFO] - User set preference: ['mobileEmulation', '{deviceName=iPhone 6}']

2019-12-02 02:23:51 - [MESSAGE][INFO] - User set preference: ['args', '[--incognito, --aggressive-cache-discard, --window-size=375,677, --no-sandbox]']

2019-12-02 02:23:53 - [MESSAGE][PASSED] - Browser is opened with url: 'https://qa.healthinsurance.com/'

2019-12-02 02:23:53 - [TEST_STEP][PASSED] - waitForPageLoad(20): Wait for page load successfully

2019-12-02 02:23:53 - [MESSAGE][PASSED] - Wait for page load successfully

2019-12-02 02:23:53 - [TEST_STEP][PASSED] - callTestCase(findTestCase("mobileWeb/_include/get_screenshot"), [:], STOP_ON_FAILURE): Call Test Case 'Test Cases/mobileWeb/_include/get_screenshot' successfully

2019-12-02 02:23:54 - [TEST_CASE][PASSED] - Test Cases/mobileWeb/_include/get_screenshot: Test Cases/mobileWeb/_include/get_screenshot

2019-12-02 02:23:54 - [TEST_STEP][PASSED] - takeScreenshot(screenPath + i + ".png"): Taking screenshot successfully

2019-12-02 02:23:54 - [MESSAGE][PASSED] - Taking screenshot successfully
[[ATTACHMENT|D:\\Test\\AgileTest\\Reports\\HIC\\hic\\20191202_022122\\../Screenshots/iPhone 6/HIC/Dental/USA Access/standard/0.png]]

2019-12-02 02:23:54 - [TEST_STEP][PASSED] - (internal.GlobalVariable.i++): null

2019-12-02 02:23:54 - [MESSAGE][PASSED] - Call Test Case 'Test Cases/mobileWeb/_include/get_screenshot' successfully

2019-12-02 02:23:54 - [MESSAGE][PASSED] - Call Test Case 'Test Cases/mobileWeb/_include/openWebSite' successfully

2019-12-02 02:23:54 - [TEST_STEP][PASSED] - click(findTestObject("hic/nav/navButton")): Object: 'Object Repository/hic/nav/navButton' is clicked on

2019-12-02 02:23:54 - [MESSAGE][PASSED] - Object: 'Object Repository/hic/nav/navButton' is clicked on

2019-12-02 02:23:54 - [TEST_STEP][PASSED] - Thread.sleep(2000): null

2019-12-02 02:23:56 - [TEST_STEP][PASSED] - click(findTestObject("hic/nav/dentalLink")): Object: 'Object Repository/hic/nav/dentalLink' is clicked on

2019-12-02 02:23:56 - [MESSAGE][PASSED] - Object: 'Object Repository/hic/nav/dentalLink' is clicked on

2019-12-02 02:23:56 - [TEST_STEP][PASSED] - Thread.sleep(2000): null

2019-12-02 02:23:58 - [TEST_STEP][PASSED] - callTestCase(findTestCase("mobileWeb/_include/get_screenshot"), [:], STOP_ON_FAILURE): Call Test Case 'Test Cases/mobileWeb/_include/get_screenshot' successfully

2019-12-02 02:23:58 - [TEST_CASE][PASSED] - Test Cases/mobileWeb/_include/get_screenshot: Test Cases/mobileWeb/_include/get_screenshot

2019-12-02 02:23:58 - [TEST_STEP][PASSED] - takeScreenshot(screenPath + i + ".png"): Taking screenshot successfully

2019-12-02 02:23:59 - [MESSAGE][PASSED] - Taking screenshot successfully
[[ATTACHMENT|D:\\Test\\AgileTest\\Reports\\HIC\\hic\\20191202_022122\\../Screenshots/iPhone 6/HIC/Dental/USA Access/standard/1.png]]

2019-12-02 02:23:59 - [TEST_STEP][PASSED] - (internal.GlobalVariable.i++): null

2019-12-02 02:23:59 - [MESSAGE][PASSED] - Call Test Case 'Test Cases/mobileWeb/_include/get_screenshot' successfully

2019-12-02 02:23:59 - [TEST_STEP][PASSED] - callTestCase(findTestCase("HIC/_include/stm_census"), ["zipcode":"35215"], STOP_ON_FAILURE): Call Test Case 'Test Cases/HIC/_include/stm_census' successfully

2019-12-02 02:23:59 - [TEST_CASE][PASSED] - Test Cases/HIC/_include/stm_census: Test Cases/HIC/_include/stm_census

2019-12-02 02:23:59 - [TEST_STEP][PASSED] - setText(findTestObject("hic/stm/zip"), zipcode): Text '35215' is set on object 'Object Repository/hic/stm/zip'

2019-12-02 02:23:59 - [MESSAGE][PASSED] - Text '35215' is set on object 'Object Repository/hic/stm/zip'

2019-12-02 02:23:59 - [TEST_STEP][PASSED] - Thread.sleep(500): null

2019-12-02 02:23:59 - [TEST_STEP][PASSED] - setText(findTestObject("hic/stm/primaryDOB"), "03031987"): Text '03031987' is set on object 'Object Repository/hic/stm/primaryDOB'

2019-12-02 02:24:00 - [MESSAGE][PASSED] - Text '03031987' is set on object 'Object Repository/hic/stm/primaryDOB'

2019-12-02 02:24:00 - [TEST_STEP][PASSED] - click(findTestObject("hic/stm/female")): Object: 'Object Repository/hic/stm/female' is clicked on

2019-12-02 02:24:00 - [MESSAGE][PASSED] - Object: 'Object Repository/hic/stm/female' is clicked on

2019-12-02 02:24:00 - [TEST_STEP][PASSED] - Thread.sleep(3000): null

2019-12-02 02:24:03 - [TEST_STEP][PASSED] - click(findTestObject("hic/stm/submitButton")): Object: 'Object Repository/hic/stm/submitButton' is clicked on

2019-12-02 02:24:04 - [MESSAGE][PASSED] - Object: 'Object Repository/hic/stm/submitButton' is clicked on

2019-12-02 02:24:04 - [TEST_STEP][PASSED] - Thread.sleep(6000): null

2019-12-02 02:24:10 - [TEST_STEP][PASSED] - callTestCase(findTestCase("mobileWeb/_include/get_screenshot"), [:], STOP_ON_FAILURE): Call Test Case 'Test Cases/mobileWeb/_include/get_screenshot' successfully

2019-12-02 02:24:10 - [TEST_CASE][PASSED] - Test Cases/mobileWeb/_include/get_screenshot: Test Cases/mobileWeb/_include/get_screenshot

2019-12-02 02:24:10 - [TEST_STEP][PASSED] - takeScreenshot(screenPath + i + ".png"): Taking screenshot successfully

2019-12-02 02:24:10 - [MESSAGE][PASSED] - Taking screenshot successfully
[[ATTACHMENT|D:\\Test\\AgileTest\\Reports\\HIC\\hic\\20191202_022122\\../Screenshots/iPhone 6/HIC/Dental/USA Access/standard/2.png]]

2019-12-02 02:24:10 - [TEST_STEP][PASSED] - (internal.GlobalVariable.i++): null

2019-12-02 02:24:10 - [MESSAGE][PASSED] - Call Test Case 'Test Cases/mobileWeb/_include/get_screenshot' successfully

2019-12-02 02:24:10 - [TEST_STEP][PASSED] - Thread.sleep(1000): null

2019-12-02 02:24:11 - [MESSAGE][PASSED] - Call Test Case 'Test Cases/HIC/_include/stm_census' successfully

2019-12-02 02:24:11 - [TEST_STEP][PASSED] - click(findTestObject("mobileSanity/Dental/filter/btn_filter")): Object: 'Object Repository/mobileSanity/Dental/filter/btn_filter' is clicked on

2019-12-02 02:24:11 - [MESSAGE][PASSED] - Object: 'Object Repository/mobileSanity/Dental/filter/btn_filter' is clicked on

2019-12-02 02:24:11 - [TEST_STEP][PASSED] - waitForElementVisible(findTestObject("mobileSanity/Dental/filter/btn_company"), 10): Object 'Object Repository/mobileSanity/Dental/filter/btn_company' is visible

2019-12-02 02:24:11 - [MESSAGE][PASSED] - Object 'Object Repository/mobileSanity/Dental/filter/btn_company' is visible

2019-12-02 02:24:11 - [TEST_STEP][PASSED] - click(findTestObject("mobileSanity/Dental/filter/btn_company")): Object: 'Object Repository/mobileSanity/Dental/filter/btn_company' is clicked on

2019-12-02 02:24:11 - [MESSAGE][PASSED] - Object: 'Object Repository/mobileSanity/Dental/filter/btn_company' is clicked on

2019-12-02 02:24:11 - [TEST_STEP][PASSED] - Thread.sleep(2000): null

2019-12-02 02:24:13 - [TEST_STEP][PASSED] - click(findTestObject("mobileSanity/Dental/filter/btn_usa")): Object: 'Object Repository/mobileSanity/Dental/filter/btn_usa' is clicked on

2019-12-02 02:24:14 - [MESSAGE][PASSED] - Object: 'Object Repository/mobileSanity/Dental/filter/btn_usa' is clicked on

2019-12-02 02:24:14 - [TEST_STEP][PASSED] - waitForJQueryLoad(20, STOP_ON_FAILURE): jQuery is ready.

2019-12-02 02:24:14 - [MESSAGE][PASSED] - jQuery is ready.

2019-12-02 02:24:14 - [TEST_STEP][PASSED] - callTestCase(findTestCase("mobileWeb/_include/get_screenshot"), [:], STOP_ON_FAILURE): Call Test Case 'Test Cases/mobileWeb/_include/get_screenshot' successfully

2019-12-02 02:24:14 - [TEST_CASE][PASSED] - Test Cases/mobileWeb/_include/get_screenshot: Test Cases/mobileWeb/_include/get_screenshot

2019-12-02 02:24:14 - [TEST_STEP][PASSED] - takeScreenshot(screenPath + i + ".png"): Taking screenshot successfully

2019-12-02 02:24:15 - [MESSAGE][PASSED] - Taking screenshot successfully
[[ATTACHMENT|D:\\Test\\AgileTest\\Reports\\HIC\\hic\\20191202_022122\\../Screenshots/iPhone 6/HIC/Dental/USA Access/standard/3.png]]

2019-12-02 02:24:15 - [TEST_STEP][PASSED] - (internal.GlobalVariable.i++): null

2019-12-02 02:24:15 - [MESSAGE][PASSED] - Call Test Case 'Test Cases/mobileWeb/_include/get_screenshot' successfully

2019-12-02 02:24:15 - [TEST_STEP][PASSED] - click(findTestObject("mobileSanity/Dental/filter/btn_filter")): Object: 'Object Repository/mobileSanity/Dental/filter/btn_filter' is clicked on

2019-12-02 02:24:15 - [MESSAGE][PASSED] - Object: 'Object Repository/mobileSanity/Dental/filter/btn_filter' is clicked on

2019-12-02 02:24:15 - [TEST_STEP][PASSED] - Thread.sleep(2000): null

2019-12-02 02:24:17 - [TEST_STEP][PASSED] - scrollToPosition(0, 600): Browser is scrolled to position x = 0, y = 600

2019-12-02 02:24:17 - [MESSAGE][PASSED] - Browser is scrolled to position x = 0, y = 600

2019-12-02 02:24:17 - [TEST_STEP][PASSED] - Thread.sleep(2000): null

2019-12-02 02:24:19 - [TEST_STEP][PASSED] - click(findTestObject("mobileSanity/Dental/quote/a_Select This Plan")): Object: 'Object Repository/mobileSanity/Dental/quote/a_Select This Plan' is clicked on

2019-12-02 02:24:19 - [MESSAGE][PASSED] - Object: 'Object Repository/mobileSanity/Dental/quote/a_Select This Plan' is clicked on

2019-12-02 02:24:19 - [TEST_STEP][PASSED] - waitForPageLoad(10): Wait for page load successfully

2019-12-02 02:24:20 - [MESSAGE][PASSED] - Wait for page load successfully

2019-12-02 02:24:20 - [TEST_STEP][PASSED] - callTestCase(findTestCase("mobileWeb/_include/get_screenshot"), [:], STOP_ON_FAILURE): Call Test Case 'Test Cases/mobileWeb/_include/get_screenshot' successfully

2019-12-02 02:24:20 - [TEST_CASE][PASSED] - Test Cases/mobileWeb/_include/get_screenshot: Test Cases/mobileWeb/_include/get_screenshot

2019-12-02 02:24:20 - [TEST_STEP][PASSED] - takeScreenshot(screenPath + i + ".png"): Taking screenshot successfully

2019-12-02 02:24:20 - [MESSAGE][PASSED] - Taking screenshot successfully
[[ATTACHMENT|D:\\Test\\AgileTest\\Reports\\HIC\\hic\\20191202_022122\\../Screenshots/iPhone 6/HIC/Dental/USA Access/standard/4.png]]

2019-12-02 02:24:20 - [TEST_STEP][PASSED] - (internal.GlobalVariable.i++): null

2019-12-02 02:24:20 - [MESSAGE][PASSED] - Call Test Case 'Test Cases/mobileWeb/_include/get_screenshot' successfully

2019-12-02 02:24:20 - [TEST_STEP][PASSED] - Thread.sleep(2000): null

2019-12-02 02:24:22 - [TEST_STEP][PASSED] - click(findTestObject("mobileSanity/Dental/apply/span_Start Secure Application")): Object: 'Object Repository/mobileSanity/Dental/apply/span_Start Secure Application' is clicked on

2019-12-02 02:24:23 - [MESSAGE][PASSED] - Object: 'Object Repository/mobileSanity/Dental/apply/span_Start Secure Application' is clicked on

2019-12-02 02:24:23 - [TEST_STEP][PASSED] - waitForPageLoad(10): Wait for page load successfully

2019-12-02 02:24:23 - [MESSAGE][PASSED] - Wait for page load successfully

2019-12-02 02:24:23 - [TEST_STEP][PASSED] - Thread.sleep(2000): null

2019-12-02 02:24:25 - [TEST_STEP][PASSED] - callTestCase(findTestCase("mobileWeb/_include/get_screenshot"), [:], STOP_ON_FAILURE): Call Test Case 'Test Cases/mobileWeb/_include/get_screenshot' successfully

2019-12-02 02:24:25 - [TEST_CASE][PASSED] - Test Cases/mobileWeb/_include/get_screenshot: Test Cases/mobileWeb/_include/get_screenshot

2019-12-02 02:24:25 - [TEST_STEP][PASSED] - takeScreenshot(screenPath + i + ".png"): Taking screenshot successfully

2019-12-02 02:24:25 - [MESSAGE][PASSED] - Taking screenshot successfully
[[ATTACHMENT|D:\\Test\\AgileTest\\Reports\\HIC\\hic\\20191202_022122\\../Screenshots/iPhone 6/HIC/Dental/USA Access/standard/5.png]]

2019-12-02 02:24:25 - [TEST_STEP][PASSED] - (internal.GlobalVariable.i++): null

2019-12-02 02:24:25 - [MESSAGE][PASSED] - Call Test Case 'Test Cases/mobileWeb/_include/get_screenshot' successfully

2019-12-02 02:24:25 - [TEST_STEP][PASSED] - callTestCase(findTestCase("mobileWeb/_include/goToEnd_dental"), ["carrier":"usa"], CONTINUE_ON_FAILURE): Call Test Case 'Test Cases/mobileWeb/_include/goToEnd_dental' successfully

2019-12-02 02:24:25 - [TEST_CASE][PASSED] - Test Cases/mobileWeb/_include/goToEnd_dental: Test Cases/mobileWeb/_include/goToEnd_dental

2019-12-02 02:24:25 - [TEST_STEP][PASSED] - callTestCase(findTestCase("mobileWeb/_include/name"), [:], CONTINUE_ON_FAILURE): Call Test Case 'Test Cases/mobileWeb/_include/name' successfully

2019-12-02 02:24:25 - [TEST_CASE][PASSED] - Test Cases/mobileWeb/_include/name: Test Cases/mobileWeb/_include/name

2019-12-02 02:24:25 - [TEST_STEP][PASSED] - driver = getWebDriver(): null

2019-12-02 02:24:25 - [TEST_STEP][PASSED] - selenium = new com.thoughtworks.selenium.webdriven.WebDriverBackedSelenium(driver, internal.GlobalVariable.ENV): null

2019-12-02 02:24:25 - [TEST_STEP][PASSED] - FirstName = "Test-123": null

2019-12-02 02:24:25 - [TEST_STEP][PASSED] - LastName = selenium.getEval("{var x="ABCDEFGHIJKLMNOPQRSTUVWXYZabcdefghijklmnopqrstuvwxyz"; var tmp="ZZ11-"; for (i=0;i<8;i++) tmp+=x.charAt(Math.ceil(51*Math.random()));tmp;}"): null

2019-12-02 02:24:25 - [TEST_STEP][PASSED] - Address = selenium.getEval("{var x="ABCDEFGHIJKLMNOPQRSTUVWXYZabcdefghijklmnopqrstuvwxyz"; var tmp=""; for (i=0;i<8;i++) tmp+=x.charAt(Math.ceil(51*Math.random()));tmp;}"): null

2019-12-02 02:24:25 - [TEST_STEP][PASSED] - City = selenium.getEval("{var x="ABCDEFGHIJKLMNOPQRSTUVWXYZabcdefghijklmnopqrstuvwxyz"; var tmp=""; for (i=0;i<8;i++) tmp+=x.charAt(Math.ceil(51*Math.random()));tmp;}"): null

2019-12-02 02:24:25 - [TEST_STEP][PASSED] - tel1 = selenium.getEval("{var x="123456789"; var tmp=""; for (i=0;i<3;i++) tmp+=x.charAt(Math.ceil(8*Math.random()));tmp;}"): null

2019-12-02 02:24:25 - [TEST_STEP][PASSED] - tel2 = selenium.getEval("{var x="123456789"; var tmp=""; for (i=0;i<3;i++) tmp+=x.charAt(Math.ceil(8*Math.random()));tmp;}"): null

2019-12-02 02:24:25 - [TEST_STEP][PASSED] - tel3 = selenium.getEval("{var x="123456789"; var tmp=""; for (i=0;i<4;i++) tmp+=x.charAt(Math.ceil(8*Math.random()));tmp;}"): null

2019-12-02 02:24:26 - [TEST_STEP][PASSED] - Tel = selenium.getExpression(tel1 + "-" + tel2 + "-" + tel3): null

2019-12-02 02:24:26 - [TEST_STEP][PASSED] - AutoEmail = selenium.getEval("{var x="ABCDEFGHIJKLMNOPQRSTUVWXYZabcdefghijklmnopqrstuvwxyz"; var tmp="test."; for (i=0;i<8;i++) tmp+=x.charAt(Math.ceil(51*Math.random()));tmp+="@suryani.cn";}"): null

2019-12-02 02:24:26 - [TEST_STEP][PASSED] - FirstName = FirstName: null

2019-12-02 02:24:26 - [TEST_STEP][PASSED] - LastName = LastName: null

2019-12-02 02:24:26 - [TEST_STEP][PASSED] - Address = Address: null

2019-12-02 02:24:26 - [TEST_STEP][PASSED] - City = City: null

2019-12-02 02:24:26 - [TEST_STEP][PASSED] - Tel = Tel: null

2019-12-02 02:24:26 - [TEST_STEP][PASSED] - AutoEmail = AutoEmail: null

2019-12-02 02:24:26 - [TEST_STEP][PASSED] - println(FirstName): null

2019-12-02 02:24:26 - [TEST_STEP][PASSED] - println(LastName): null

2019-12-02 02:24:26 - [TEST_STEP][PASSED] - println(Address): null

2019-12-02 02:24:26 - [TEST_STEP][PASSED] - println(City): null

2019-12-02 02:24:26 - [TEST_STEP][PASSED] - println(Tel): null

2019-12-02 02:24:26 - [TEST_STEP][PASSED] - println(AutoEmail): null

2019-12-02 02:24:26 - [MESSAGE][PASSED] - Call Test Case 'Test Cases/mobileWeb/_include/name' successfully

2019-12-02 02:24:26 - [TEST_STEP][PASSED] - Thread.sleep(3000): null

2019-12-02 02:24:29 - [TEST_STEP][PASSED] - setText(findTestObject("mobileSanity/Dental/app_page1/input__member-P-1-firstName"), FirstName): Text 'Test-123' is set on object 'Object Repository/mobileSanity/Dental/app_page1/input__member-P-1-firstName'

2019-12-02 02:24:29 - [MESSAGE][PASSED] - Text 'Test-123' is set on object 'Object Repository/mobileSanity/Dental/app_page1/input__member-P-1-firstName'

2019-12-02 02:24:29 - [TEST_STEP][PASSED] - setText(findTestObject("mobileSanity/Dental/app_page1/input__member-P-1-lastName"), LastName): Text 'ZZ11-bmgmYxiP' is set on object 'Object Repository/mobileSanity/Dental/app_page1/input__member-P-1-lastName'

2019-12-02 02:24:29 - [MESSAGE][PASSED] - Text 'ZZ11-bmgmYxiP' is set on object 'Object Repository/mobileSanity/Dental/app_page1/input__member-P-1-lastName'

2019-12-02 02:24:29 - [TEST_STEP][PASSED] - setText(findTestObject("mobileSanity/Dental/app_page1/input__address"), Address): Text 'TXiOfLUC' is set on object 'Object Repository/mobileSanity/Dental/app_page1/input__address'

2019-12-02 02:24:29 - [MESSAGE][PASSED] - Text 'TXiOfLUC' is set on object 'Object Repository/mobileSanity/Dental/app_page1/input__address'

2019-12-02 02:24:29 - [TEST_STEP][PASSED] - setText(findTestObject("mobileSanity/Dental/app_page1/input__city"), City): Text 'wlDiXgNn' is set on object 'Object Repository/mobileSanity/Dental/app_page1/input__city'

2019-12-02 02:24:29 - [MESSAGE][PASSED] - Text 'wlDiXgNn' is set on object 'Object Repository/mobileSanity/Dental/app_page1/input__city'

2019-12-02 02:24:29 - [TEST_STEP][PASSED] - setText(findTestObject("mobileSanity/Dental/app_page1/input__email"), AutoEmail): Text 'test.ECfynmMy@suryani.cn' is set on object 'Object Repository/mobileSanity/Dental/app_page1/input__email'

2019-12-02 02:24:29 - [MESSAGE][PASSED] - Text 'test.ECfynmMy@suryani.cn' is set on object 'Object Repository/mobileSanity/Dental/app_page1/input__email'

2019-12-02 02:24:29 - [TEST_STEP][PASSED] - setText(findTestObject("mobileSanity/Dental/app_page1/input_phone"), Tel): Text '629-988-4668' is set on object 'Object Repository/mobileSanity/Dental/app_page1/input_phone'

2019-12-02 02:24:30 - [MESSAGE][PASSED] - Text '629-988-4668' is set on object 'Object Repository/mobileSanity/Dental/app_page1/input_phone'

2019-12-02 02:24:30 - [TEST_STEP][PASSED] - click(findTestObject("mobileSanity/Dental/app_page1/a_Continue to Step 2 - Payment")): Object: 'Object Repository/mobileSanity/Dental/app_page1/a_Continue to Step 2 - Payment' is clicked on

2019-12-02 02:24:30 - [MESSAGE][PASSED] - Object: 'Object Repository/mobileSanity/Dental/app_page1/a_Continue to Step 2 - Payment' is clicked on

2019-12-02 02:24:30 - [TEST_STEP][PASSED] - waitForPageLoad(10): Wait for page load successfully

2019-12-02 02:24:30 - [MESSAGE][PASSED] - Wait for page load successfully

2019-12-02 02:24:30 - [TEST_STEP][PASSED] - Thread.sleep(2000): null

2019-12-02 02:24:32 - [TEST_STEP][PASSED] - if (carrier == "usa"): null

2019-12-02 02:24:32 - [TEST_STEP][PASSED] - callTestCase(findTestCase("mobileWeb/_include/get_screenshot"), [:], STOP_ON_FAILURE): Call Test Case 'Test Cases/mobileWeb/_include/get_screenshot' successfully

2019-12-02 02:24:32 - [TEST_CASE][PASSED] - Test Cases/mobileWeb/_include/get_screenshot: Test Cases/mobileWeb/_include/get_screenshot

2019-12-02 02:24:32 - [TEST_STEP][PASSED] - takeScreenshot(screenPath + i + ".png"): Taking screenshot successfully

2019-12-02 02:24:32 - [MESSAGE][PASSED] - Taking screenshot successfully
[[ATTACHMENT|D:\\Test\\AgileTest\\Reports\\HIC\\hic\\20191202_022122\\../Screenshots/iPhone 6/HIC/Dental/USA Access/standard/6.png]]

2019-12-02 02:24:32 - [TEST_STEP][PASSED] - (internal.GlobalVariable.i++): null

2019-12-02 02:24:32 - [MESSAGE][PASSED] - Call Test Case 'Test Cases/mobileWeb/_include/get_screenshot' successfully

2019-12-02 02:24:32 - [TEST_STEP][PASSED] - click(findTestObject("mobileSanity/Dental/app_page2/membership/label_ihaveread")): Object: 'Object Repository/mobileSanity/Dental/app_page2/membership/label_ihaveread' is clicked on

2019-12-02 02:24:32 - [MESSAGE][PASSED] - Object: 'Object Repository/mobileSanity/Dental/app_page2/membership/label_ihaveread' is clicked on

2019-12-02 02:24:32 - [TEST_STEP][PASSED] - click(findTestObject("mobileSanity/Dental/app_page2/membership/a_ok")): Object: 'Object Repository/mobileSanity/Dental/app_page2/membership/a_ok' is clicked on

2019-12-02 02:24:33 - [MESSAGE][PASSED] - Object: 'Object Repository/mobileSanity/Dental/app_page2/membership/a_ok' is clicked on

2019-12-02 02:24:33 - [TEST_STEP][PASSED] - Thread.sleep(3000): null

2019-12-02 02:24:36 - [TEST_STEP][PASSED] - callTestCase(findTestCase("mobileWeb/_include/get_screenshot"), [:], STOP_ON_FAILURE): Call Test Case 'Test Cases/mobileWeb/_include/get_screenshot' successfully

2019-12-02 02:24:36 - [TEST_CASE][PASSED] - Test Cases/mobileWeb/_include/get_screenshot: Test Cases/mobileWeb/_include/get_screenshot

2019-12-02 02:24:36 - [TEST_STEP][PASSED] - takeScreenshot(screenPath + i + ".png"): Taking screenshot successfully

2019-12-02 02:24:36 - [MESSAGE][PASSED] - Taking screenshot successfully
[[ATTACHMENT|D:\\Test\\AgileTest\\Reports\\HIC\\hic\\20191202_022122\\../Screenshots/iPhone 6/HIC/Dental/USA Access/standard/7.png]]

2019-12-02 02:24:36 - [TEST_STEP][PASSED] - (internal.GlobalVariable.i++): null

2019-12-02 02:24:36 - [MESSAGE][PASSED] - Call Test Case 'Test Cases/mobileWeb/_include/get_screenshot' successfully

2019-12-02 02:24:36 - [TEST_STEP][PASSED] - setText(findTestObject("mobileSanity/Dental/app_page2/input__credit-card-first"), FirstName): Text 'Test-123' is set on object 'Object Repository/mobileSanity/Dental/app_page2/input__credit-card-first'

2019-12-02 02:24:36 - [MESSAGE][PASSED] - Text 'Test-123' is set on object 'Object Repository/mobileSanity/Dental/app_page2/input__credit-card-first'

2019-12-02 02:24:36 - [TEST_STEP][PASSED] - setText(findTestObject("mobileSanity/Dental/app_page2/input__credit-card-last"), LastName): Text 'ZZ11-bmgmYxiP' is set on object 'Object Repository/mobileSanity/Dental/app_page2/input__credit-card-last'

2019-12-02 02:24:37 - [MESSAGE][PASSED] - Text 'ZZ11-bmgmYxiP' is set on object 'Object Repository/mobileSanity/Dental/app_page2/input__credit-card-last'

2019-12-02 02:24:37 - [TEST_STEP][PASSED] - selectOptionByValue(findTestObject("mobileSanity/Dental/app_page2/select_MM010203040506070809101"), "12", true): All options with value '12' are selected in object 'Object Repository/mobileSanity/Dental/app_page2/select_MM010203040506070809101'  using regular expression

2019-12-02 02:24:38 - [MESSAGE][PASSED] - All options with value '12' are selected in object 'Object Repository/mobileSanity/Dental/app_page2/select_MM010203040506070809101'  using regular expression

2019-12-02 02:24:38 - [TEST_STEP][PASSED] - selectOptionByValue(findTestObject("mobileSanity/Dental/app_page2/select_YYYY2019202020212022202"), "2026", true): All options with value '2026' are selected in object 'Object Repository/mobileSanity/Dental/app_page2/select_YYYY2019202020212022202'  using regular expression

2019-12-02 02:24:38 - [MESSAGE][PASSED] - All options with value '2026' are selected in object 'Object Repository/mobileSanity/Dental/app_page2/select_YYYY2019202020212022202'  using regular expression

2019-12-02 02:24:38 - [TEST_STEP][PASSED] - setText(findTestObject("mobileSanity/Dental/app_page2/input__credit-card-number"), "4111111111111111"): Text '4111111111111111' is set on object 'Object Repository/mobileSanity/Dental/app_page2/input__credit-card-number'

2019-12-02 02:24:38 - [MESSAGE][PASSED] - Text '4111111111111111' is set on object 'Object Repository/mobileSanity/Dental/app_page2/input__credit-card-number'

2019-12-02 02:24:38 - [TEST_STEP][PASSED] - setText(findTestObject("mobileSanity/Dental/app_page2/input__cvv"), "123"): Text '123' is set on object 'Object Repository/mobileSanity/Dental/app_page2/input__cvv'

2019-12-02 02:24:39 - [MESSAGE][PASSED] - Text '123' is set on object 'Object Repository/mobileSanity/Dental/app_page2/input__cvv'

2019-12-02 02:24:39 - [TEST_STEP][PASSED] - click(findTestObject("mobileSanity/Dental/app_page2/label_My billing address is th")): Object: 'Object Repository/mobileSanity/Dental/app_page2/label_My billing address is th' is clicked on

2019-12-02 02:24:39 - [MESSAGE][PASSED] - Object: 'Object Repository/mobileSanity/Dental/app_page2/label_My billing address is th' is clicked on

2019-12-02 02:24:39 - [TEST_STEP][PASSED] - click(findTestObject("mobileSanity/Dental/app_page2/label_I Accept Authorization f")): Object: 'Object Repository/mobileSanity/Dental/app_page2/label_I Accept Authorization f' is clicked on

2019-12-02 02:24:39 - [MESSAGE][PASSED] - Object: 'Object Repository/mobileSanity/Dental/app_page2/label_I Accept Authorization f' is clicked on

2019-12-02 02:24:39 - [TEST_STEP][PASSED] - click(findTestObject("mobileSanity/Dental/app_page2/a_Continue to Step 3 - Review")): Object: 'Object Repository/mobileSanity/Dental/app_page2/a_Continue to Step 3 - Review' is clicked on

2019-12-02 02:24:39 - [MESSAGE][PASSED] - Object: 'Object Repository/mobileSanity/Dental/app_page2/a_Continue to Step 3 - Review' is clicked on

2019-12-02 02:24:39 - [TEST_STEP][PASSED] - waitForPageLoad(20): Wait for page load successfully

2019-12-02 02:24:39 - [MESSAGE][PASSED] - Wait for page load successfully

2019-12-02 02:24:39 - [TEST_STEP][PASSED] - Thread.sleep(2000): null

2019-12-02 02:24:41 - [TEST_STEP][PASSED] - waitForElementClickable(findTestObject("mobileSanity/Dental/app_page3/label"), 20): Object 'Object Repository/mobileSanity/Dental/app_page3/label' is clickable

2019-12-02 02:24:50 - [MESSAGE][PASSED] - Object 'Object Repository/mobileSanity/Dental/app_page3/label' is clickable

2019-12-02 02:24:50 - [TEST_STEP][PASSED] - callTestCase(findTestCase("mobileWeb/_include/get_screenshot"), [:], STOP_ON_FAILURE): Call Test Case 'Test Cases/mobileWeb/_include/get_screenshot' successfully

2019-12-02 02:24:50 - [TEST_CASE][PASSED] - Test Cases/mobileWeb/_include/get_screenshot: Test Cases/mobileWeb/_include/get_screenshot

2019-12-02 02:24:50 - [TEST_STEP][PASSED] - takeScreenshot(screenPath + i + ".png"): Taking screenshot successfully

2019-12-02 02:24:50 - [MESSAGE][PASSED] - Taking screenshot successfully
[[ATTACHMENT|D:\\Test\\AgileTest\\Reports\\HIC\\hic\\20191202_022122\\../Screenshots/iPhone 6/HIC/Dental/USA Access/standard/8.png]]

2019-12-02 02:24:50 - [TEST_STEP][PASSED] - (internal.GlobalVariable.i++): null

2019-12-02 02:24:50 - [MESSAGE][PASSED] - Call Test Case 'Test Cases/mobileWeb/_include/get_screenshot' successfully

2019-12-02 02:24:50 - [TEST_STEP][PASSED] - click(findTestObject("mobileSanity/Dental/app_page3/label")): Object: 'Object Repository/mobileSanity/Dental/app_page3/label' is clicked on

2019-12-02 02:24:51 - [MESSAGE][PASSED] - Object: 'Object Repository/mobileSanity/Dental/app_page3/label' is clicked on

2019-12-02 02:24:51 - [TEST_STEP][PASSED] - click(findTestObject("mobileSanity/Dental/app_page3/p_CLICK TO SIGN")): Object: 'Object Repository/mobileSanity/Dental/app_page3/p_CLICK TO SIGN' is clicked on

2019-12-02 02:24:51 - [MESSAGE][PASSED] - Object: 'Object Repository/mobileSanity/Dental/app_page3/p_CLICK TO SIGN' is clicked on

2019-12-02 02:24:51 - [TEST_STEP][PASSED] - click(findTestObject("mobileSanity/Dental/app_page3/a_Submit Your Application")): Object: 'Object Repository/mobileSanity/Dental/app_page3/a_Submit Your Application' is clicked on

2019-12-02 02:24:51 - [MESSAGE][PASSED] - Object: 'Object Repository/mobileSanity/Dental/app_page3/a_Submit Your Application' is clicked on

2019-12-02 02:24:51 - [TEST_STEP][PASSED] - Thread.sleep(50000): null

2019-12-02 02:25:41 - [TEST_STEP][PASSED] - waitForElementPresent(findTestObject("mobileSanity/Dental/app_page4/js-app-confirmation"), 20): Object 'Object Repository/mobileSanity/Dental/app_page4/js-app-confirmation' is present

2019-12-02 02:25:41 - [MESSAGE][PASSED] - Object 'Object Repository/mobileSanity/Dental/app_page4/js-app-confirmation' is present

2019-12-02 02:25:41 - [TEST_STEP][PASSED] - callTestCase(findTestCase("mobileWeb/_include/get_screenshot"), [:], STOP_ON_FAILURE): Call Test Case 'Test Cases/mobileWeb/_include/get_screenshot' successfully

2019-12-02 02:25:41 - [TEST_CASE][PASSED] - Test Cases/mobileWeb/_include/get_screenshot: Test Cases/mobileWeb/_include/get_screenshot

2019-12-02 02:25:41 - [TEST_STEP][PASSED] - takeScreenshot(screenPath + i + ".png"): Taking screenshot successfully

2019-12-02 02:25:41 - [MESSAGE][PASSED] - Taking screenshot successfully
[[ATTACHMENT|D:\\Test\\AgileTest\\Reports\\HIC\\hic\\20191202_022122\\../Screenshots/iPhone 6/HIC/Dental/USA Access/standard/9.png]]

2019-12-02 02:25:41 - [TEST_STEP][PASSED] - (internal.GlobalVariable.i++): null

2019-12-02 02:25:41 - [MESSAGE][PASSED] - Call Test Case 'Test Cases/mobileWeb/_include/get_screenshot' successfully

2019-12-02 02:25:41 - [MESSAGE][PASSED] - Call Test Case 'Test Cases/mobileWeb/_include/goToEnd_dental' successfully]]></system-out>
         <system-err><![CDATA[]]></system-err>
      </testcase>
      <testcase name="Test Cases/HIC/HBI/Agile One" classname="Test Cases/HIC/HBI/Agile One" status="PASSED">
         <system-out><![CDATA[2019-12-02 02:25:41 - [TEST_CASE][PASSED] - Test Cases/HIC/HBI/Agile One: Test Cases/HIC/HBI/Agile One

2019-12-02 02:25:42 - [TEST_STEP][PASSED] - callTestCase(findTestCase("HIC/_include/get_hicScreenPath"), ["project":"HIC", "productLine":"HBI", "carrierName":"Agile One"], CONTINUE_ON_FAILURE): Call Test Case 'Test Cases/HIC/_include/get_hicScreenPath' successfully

2019-12-02 02:25:42 - [TEST_CASE][PASSED] - Test Cases/HIC/_include/get_hicScreenPath: Test Cases/HIC/_include/get_hicScreenPath

2019-12-02 02:25:42 - [TEST_STEP][PASSED] - m = getExecutionProperties(): null

2019-12-02 02:25:42 - [TEST_STEP][PASSED] - deviceName = get("mobileEmulation").get("deviceName"): null

2019-12-02 02:25:42 - [TEST_STEP][PASSED] - println(deviceName): null

2019-12-02 02:25:42 - [TEST_STEP][PASSED] - now = new java.util.Date(): null

2019-12-02 02:25:42 - [TEST_STEP][PASSED] - mydate = now.format("yyyyMMdd_HHmmss"): null

2019-12-02 02:25:42 - [TEST_STEP][PASSED] - screenPath = "../Screenshots/": null

2019-12-02 02:25:42 - [TEST_STEP][PASSED] - screenPath = screenPath + deviceName + "/" + project + "/" + productLine + "/" + carrierName + "/" + "standard" + "/": null

2019-12-02 02:25:42 - [TEST_STEP][PASSED] - println(screenPath): null

2019-12-02 02:25:42 - [MESSAGE][PASSED] - Call Test Case 'Test Cases/HIC/_include/get_hicScreenPath' successfully

2019-12-02 02:25:42 - [TEST_STEP][PASSED] - i = 0: null

2019-12-02 02:25:42 - [TEST_STEP][PASSED] - callTestCase(findTestCase("mobileWeb/_include/openWebSite"), ["env":"https://qa.healthinsurance.com/"], CONTINUE_ON_FAILURE): Call Test Case 'Test Cases/mobileWeb/_include/openWebSite' successfully

2019-12-02 02:25:42 - [TEST_CASE][PASSED] - Test Cases/mobileWeb/_include/openWebSite: Test Cases/mobileWeb/_include/openWebSite

2019-12-02 02:25:42 - [TEST_STEP][PASSED] - openBrowser(env): Browser is opened with url: 'https://qa.healthinsurance.com/'

2019-12-02 02:25:42 - [MESSAGE][WARNING] - A browser is already opened. Closing browser and opening a new one

2019-12-02 02:25:43 - [MESSAGE][INFO] - Starting 'Chrome' driver

2019-12-02 02:25:43 - [MESSAGE][INFO] - User set preference: ['mobileEmulation', '{deviceName=iPhone 6}']

2019-12-02 02:25:43 - [MESSAGE][INFO] - User set preference: ['args', '[--incognito, --aggressive-cache-discard, --window-size=375,677, --no-sandbox]']

2019-12-02 02:25:46 - [MESSAGE][PASSED] - Browser is opened with url: 'https://qa.healthinsurance.com/'

2019-12-02 02:25:46 - [TEST_STEP][PASSED] - waitForPageLoad(20): Wait for page load successfully

2019-12-02 02:25:46 - [MESSAGE][PASSED] - Wait for page load successfully

2019-12-02 02:25:46 - [TEST_STEP][PASSED] - callTestCase(findTestCase("mobileWeb/_include/get_screenshot"), [:], STOP_ON_FAILURE): Call Test Case 'Test Cases/mobileWeb/_include/get_screenshot' successfully

2019-12-02 02:25:46 - [TEST_CASE][PASSED] - Test Cases/mobileWeb/_include/get_screenshot: Test Cases/mobileWeb/_include/get_screenshot

2019-12-02 02:25:46 - [TEST_STEP][PASSED] - takeScreenshot(screenPath + i + ".png"): Taking screenshot successfully

2019-12-02 02:25:46 - [MESSAGE][PASSED] - Taking screenshot successfully
[[ATTACHMENT|D:\\Test\\AgileTest\\Reports\\HIC\\hic\\20191202_022122\\../Screenshots/iPhone 6/HIC/HBI/Agile One/standard/0.png]]

2019-12-02 02:25:46 - [TEST_STEP][PASSED] - (internal.GlobalVariable.i++): null

2019-12-02 02:25:46 - [MESSAGE][PASSED] - Call Test Case 'Test Cases/mobileWeb/_include/get_screenshot' successfully

2019-12-02 02:25:46 - [MESSAGE][PASSED] - Call Test Case 'Test Cases/mobileWeb/_include/openWebSite' successfully

2019-12-02 02:25:46 - [TEST_STEP][PASSED] - click(findTestObject("hic/nav/navButton")): Object: 'Object Repository/hic/nav/navButton' is clicked on

2019-12-02 02:25:46 - [MESSAGE][PASSED] - Object: 'Object Repository/hic/nav/navButton' is clicked on

2019-12-02 02:25:46 - [TEST_STEP][PASSED] - Thread.sleep(2000): null

2019-12-02 02:25:48 - [TEST_STEP][PASSED] - click(findTestObject("hic/nav/hbiLink")): Object: 'Object Repository/hic/nav/hbiLink' is clicked on

2019-12-02 02:25:48 - [MESSAGE][PASSED] - Object: 'Object Repository/hic/nav/hbiLink' is clicked on

2019-12-02 02:25:48 - [TEST_STEP][PASSED] - Thread.sleep(2000): null

2019-12-02 02:25:50 - [TEST_STEP][PASSED] - callTestCase(findTestCase("mobileWeb/_include/get_screenshot"), [:], STOP_ON_FAILURE): Call Test Case 'Test Cases/mobileWeb/_include/get_screenshot' successfully

2019-12-02 02:25:50 - [TEST_CASE][PASSED] - Test Cases/mobileWeb/_include/get_screenshot: Test Cases/mobileWeb/_include/get_screenshot

2019-12-02 02:25:50 - [TEST_STEP][PASSED] - takeScreenshot(screenPath + i + ".png"): Taking screenshot successfully

2019-12-02 02:25:51 - [MESSAGE][PASSED] - Taking screenshot successfully
[[ATTACHMENT|D:\\Test\\AgileTest\\Reports\\HIC\\hic\\20191202_022122\\../Screenshots/iPhone 6/HIC/HBI/Agile One/standard/1.png]]

2019-12-02 02:25:51 - [TEST_STEP][PASSED] - (internal.GlobalVariable.i++): null

2019-12-02 02:25:51 - [MESSAGE][PASSED] - Call Test Case 'Test Cases/mobileWeb/_include/get_screenshot' successfully

2019-12-02 02:25:51 - [TEST_STEP][PASSED] - callTestCase(findTestCase("HIC/_include/stm_census"), ["zipcode":"35215"], STOP_ON_FAILURE): Call Test Case 'Test Cases/HIC/_include/stm_census' successfully

2019-12-02 02:25:51 - [TEST_CASE][PASSED] - Test Cases/HIC/_include/stm_census: Test Cases/HIC/_include/stm_census

2019-12-02 02:25:51 - [TEST_STEP][PASSED] - setText(findTestObject("hic/stm/zip"), zipcode): Text '35215' is set on object 'Object Repository/hic/stm/zip'

2019-12-02 02:25:51 - [MESSAGE][PASSED] - Text '35215' is set on object 'Object Repository/hic/stm/zip'

2019-12-02 02:25:51 - [TEST_STEP][PASSED] - Thread.sleep(500): null

2019-12-02 02:25:52 - [TEST_STEP][PASSED] - setText(findTestObject("hic/stm/primaryDOB"), "03031987"): Text '03031987' is set on object 'Object Repository/hic/stm/primaryDOB'

2019-12-02 02:25:52 - [MESSAGE][PASSED] - Text '03031987' is set on object 'Object Repository/hic/stm/primaryDOB'

2019-12-02 02:25:52 - [TEST_STEP][PASSED] - click(findTestObject("hic/stm/female")): Object: 'Object Repository/hic/stm/female' is clicked on

2019-12-02 02:25:53 - [MESSAGE][PASSED] - Object: 'Object Repository/hic/stm/female' is clicked on

2019-12-02 02:25:53 - [TEST_STEP][PASSED] - Thread.sleep(3000): null

2019-12-02 02:25:56 - [TEST_STEP][PASSED] - click(findTestObject("hic/stm/submitButton")): Object: 'Object Repository/hic/stm/submitButton' is clicked on

2019-12-02 02:25:57 - [MESSAGE][PASSED] - Object: 'Object Repository/hic/stm/submitButton' is clicked on

2019-12-02 02:25:57 - [TEST_STEP][PASSED] - Thread.sleep(6000): null

2019-12-02 02:26:03 - [TEST_STEP][PASSED] - callTestCase(findTestCase("mobileWeb/_include/get_screenshot"), [:], STOP_ON_FAILURE): Call Test Case 'Test Cases/mobileWeb/_include/get_screenshot' successfully

2019-12-02 02:26:03 - [TEST_CASE][PASSED] - Test Cases/mobileWeb/_include/get_screenshot: Test Cases/mobileWeb/_include/get_screenshot

2019-12-02 02:26:03 - [TEST_STEP][PASSED] - takeScreenshot(screenPath + i + ".png"): Taking screenshot successfully

2019-12-02 02:26:03 - [MESSAGE][PASSED] - Taking screenshot successfully
[[ATTACHMENT|D:\\Test\\AgileTest\\Reports\\HIC\\hic\\20191202_022122\\../Screenshots/iPhone 6/HIC/HBI/Agile One/standard/2.png]]

2019-12-02 02:26:03 - [TEST_STEP][PASSED] - (internal.GlobalVariable.i++): null

2019-12-02 02:26:03 - [MESSAGE][PASSED] - Call Test Case 'Test Cases/mobileWeb/_include/get_screenshot' successfully

2019-12-02 02:26:03 - [TEST_STEP][PASSED] - Thread.sleep(1000): null

2019-12-02 02:26:04 - [MESSAGE][PASSED] - Call Test Case 'Test Cases/HIC/_include/stm_census' successfully

2019-12-02 02:26:04 - [TEST_STEP][PASSED] - Thread.sleep(5000): null

2019-12-02 02:26:09 - [TEST_STEP][PASSED] - scrollToPosition(200, 2300): Browser is scrolled to position x = 200, y = 2300

2019-12-02 02:26:09 - [MESSAGE][PASSED] - Browser is scrolled to position x = 200, y = 2300

2019-12-02 02:26:09 - [TEST_STEP][PASSED] - click(findTestObject("mobileSanity/HBI/quote/a_Agile One 750")): Object: 'Object Repository/mobileSanity/HBI/quote/a_Agile One 750' is clicked on

2019-12-02 02:26:10 - [MESSAGE][PASSED] - Object: 'Object Repository/mobileSanity/HBI/quote/a_Agile One 750' is clicked on

2019-12-02 02:26:10 - [TEST_STEP][PASSED] - waitForPageLoad(20): Wait for page load successfully

2019-12-02 02:26:10 - [MESSAGE][PASSED] - Wait for page load successfully

2019-12-02 02:26:10 - [TEST_STEP][PASSED] - waitForElementPresent(findTestObject("mobileSanity/HBI/detail/a_Apply for This Plan"), 20): Object 'Object Repository/mobileSanity/HBI/detail/a_Apply for This Plan' is present

2019-12-02 02:26:10 - [MESSAGE][PASSED] - Object 'Object Repository/mobileSanity/HBI/detail/a_Apply for This Plan' is present

2019-12-02 02:26:10 - [TEST_STEP][PASSED] - callTestCase(findTestCase("mobileWeb/_include/get_screenshot"), [:], STOP_ON_FAILURE): Call Test Case 'Test Cases/mobileWeb/_include/get_screenshot' successfully

2019-12-02 02:26:10 - [TEST_CASE][PASSED] - Test Cases/mobileWeb/_include/get_screenshot: Test Cases/mobileWeb/_include/get_screenshot

2019-12-02 02:26:10 - [TEST_STEP][PASSED] - takeScreenshot(screenPath + i + ".png"): Taking screenshot successfully

2019-12-02 02:26:11 - [MESSAGE][PASSED] - Taking screenshot successfully
[[ATTACHMENT|D:\\Test\\AgileTest\\Reports\\HIC\\hic\\20191202_022122\\../Screenshots/iPhone 6/HIC/HBI/Agile One/standard/3.png]]

2019-12-02 02:26:11 - [TEST_STEP][PASSED] - (internal.GlobalVariable.i++): null

2019-12-02 02:26:11 - [MESSAGE][PASSED] - Call Test Case 'Test Cases/mobileWeb/_include/get_screenshot' successfully

2019-12-02 02:26:11 - [TEST_STEP][PASSED] - click(findTestObject("mobileSanity/HBI/detail/a_Apply for This Plan")): Object: 'Object Repository/mobileSanity/HBI/detail/a_Apply for This Plan' is clicked on

2019-12-02 02:26:11 - [MESSAGE][PASSED] - Object: 'Object Repository/mobileSanity/HBI/detail/a_Apply for This Plan' is clicked on

2019-12-02 02:26:11 - [TEST_STEP][PASSED] - waitForPageLoad(20): Wait for page load successfully

2019-12-02 02:26:11 - [MESSAGE][PASSED] - Wait for page load successfully

2019-12-02 02:26:11 - [TEST_STEP][PASSED] - waitForElementPresent(findTestObject("mobileSanity/HBI/Page_Apply/span_Start Secure Application"), 20): Object 'Object Repository/mobileSanity/HBI/Page_Apply/span_Start Secure Application' is present

2019-12-02 02:26:11 - [MESSAGE][PASSED] - Object 'Object Repository/mobileSanity/HBI/Page_Apply/span_Start Secure Application' is present

2019-12-02 02:26:11 - [TEST_STEP][PASSED] - callTestCase(findTestCase("mobileWeb/_include/get_screenshot"), [:], STOP_ON_FAILURE): Call Test Case 'Test Cases/mobileWeb/_include/get_screenshot' successfully

2019-12-02 02:26:11 - [TEST_CASE][PASSED] - Test Cases/mobileWeb/_include/get_screenshot: Test Cases/mobileWeb/_include/get_screenshot

2019-12-02 02:26:11 - [TEST_STEP][PASSED] - takeScreenshot(screenPath + i + ".png"): Taking screenshot successfully

2019-12-02 02:26:12 - [MESSAGE][PASSED] - Taking screenshot successfully
[[ATTACHMENT|D:\\Test\\AgileTest\\Reports\\HIC\\hic\\20191202_022122\\../Screenshots/iPhone 6/HIC/HBI/Agile One/standard/4.png]]

2019-12-02 02:26:12 - [TEST_STEP][PASSED] - (internal.GlobalVariable.i++): null

2019-12-02 02:26:12 - [MESSAGE][PASSED] - Call Test Case 'Test Cases/mobileWeb/_include/get_screenshot' successfully

2019-12-02 02:26:12 - [TEST_STEP][PASSED] - click(findTestObject("mobileSanity/HBI/Page_Apply/span_Start Secure Application")): Object: 'Object Repository/mobileSanity/HBI/Page_Apply/span_Start Secure Application' is clicked on

2019-12-02 02:26:12 - [MESSAGE][PASSED] - Object: 'Object Repository/mobileSanity/HBI/Page_Apply/span_Start Secure Application' is clicked on

2019-12-02 02:26:12 - [TEST_STEP][PASSED] - waitForPageLoad(20): Wait for page load successfully

2019-12-02 02:26:12 - [MESSAGE][PASSED] - Wait for page load successfully

2019-12-02 02:26:12 - [TEST_STEP][PASSED] - Thread.sleep(5000): null

2019-12-02 02:26:17 - [TEST_STEP][PASSED] - callTestCase(findTestCase("mobileWeb/_include/get_screenshot"), [:], STOP_ON_FAILURE): Call Test Case 'Test Cases/mobileWeb/_include/get_screenshot' successfully

2019-12-02 02:26:17 - [TEST_CASE][PASSED] - Test Cases/mobileWeb/_include/get_screenshot: Test Cases/mobileWeb/_include/get_screenshot

2019-12-02 02:26:17 - [TEST_STEP][PASSED] - takeScreenshot(screenPath + i + ".png"): Taking screenshot successfully

2019-12-02 02:26:18 - [MESSAGE][PASSED] - Taking screenshot successfully
[[ATTACHMENT|D:\\Test\\AgileTest\\Reports\\HIC\\hic\\20191202_022122\\../Screenshots/iPhone 6/HIC/HBI/Agile One/standard/5.png]]

2019-12-02 02:26:18 - [TEST_STEP][PASSED] - (internal.GlobalVariable.i++): null

2019-12-02 02:26:18 - [MESSAGE][PASSED] - Call Test Case 'Test Cases/mobileWeb/_include/get_screenshot' successfully

2019-12-02 02:26:18 - [TEST_STEP][PASSED] - callTestCase(findTestCase("mobileWeb/_include/goToEnd_hbi"), ["carrier":"agileone"], CONTINUE_ON_FAILURE): Call Test Case 'Test Cases/mobileWeb/_include/goToEnd_hbi' successfully

2019-12-02 02:26:18 - [TEST_CASE][PASSED] - Test Cases/mobileWeb/_include/goToEnd_hbi: Test Cases/mobileWeb/_include/goToEnd_hbi

2019-12-02 02:26:18 - [TEST_STEP][PASSED] - if (state == "ca"): null

2019-12-02 02:26:18 - [TEST_STEP][PASSED] - callTestCase(findTestCase("mobileWeb/_include/name"), [:], CONTINUE_ON_FAILURE): Call Test Case 'Test Cases/mobileWeb/_include/name' successfully

2019-12-02 02:26:18 - [TEST_CASE][PASSED] - Test Cases/mobileWeb/_include/name: Test Cases/mobileWeb/_include/name

2019-12-02 02:26:18 - [TEST_STEP][PASSED] - driver = getWebDriver(): null

2019-12-02 02:26:18 - [TEST_STEP][PASSED] - selenium = new com.thoughtworks.selenium.webdriven.WebDriverBackedSelenium(driver, internal.GlobalVariable.ENV): null

2019-12-02 02:26:18 - [TEST_STEP][PASSED] - FirstName = "Test-123": null

2019-12-02 02:26:18 - [TEST_STEP][PASSED] - LastName = selenium.getEval("{var x="ABCDEFGHIJKLMNOPQRSTUVWXYZabcdefghijklmnopqrstuvwxyz"; var tmp="ZZ11-"; for (i=0;i<8;i++) tmp+=x.charAt(Math.ceil(51*Math.random()));tmp;}"): null

2019-12-02 02:26:18 - [TEST_STEP][PASSED] - Address = selenium.getEval("{var x="ABCDEFGHIJKLMNOPQRSTUVWXYZabcdefghijklmnopqrstuvwxyz"; var tmp=""; for (i=0;i<8;i++) tmp+=x.charAt(Math.ceil(51*Math.random()));tmp;}"): null

2019-12-02 02:26:18 - [TEST_STEP][PASSED] - City = selenium.getEval("{var x="ABCDEFGHIJKLMNOPQRSTUVWXYZabcdefghijklmnopqrstuvwxyz"; var tmp=""; for (i=0;i<8;i++) tmp+=x.charAt(Math.ceil(51*Math.random()));tmp;}"): null

2019-12-02 02:26:18 - [TEST_STEP][PASSED] - tel1 = selenium.getEval("{var x="123456789"; var tmp=""; for (i=0;i<3;i++) tmp+=x.charAt(Math.ceil(8*Math.random()));tmp;}"): null

2019-12-02 02:26:18 - [TEST_STEP][PASSED] - tel2 = selenium.getEval("{var x="123456789"; var tmp=""; for (i=0;i<3;i++) tmp+=x.charAt(Math.ceil(8*Math.random()));tmp;}"): null

2019-12-02 02:26:18 - [TEST_STEP][PASSED] - tel3 = selenium.getEval("{var x="123456789"; var tmp=""; for (i=0;i<4;i++) tmp+=x.charAt(Math.ceil(8*Math.random()));tmp;}"): null

2019-12-02 02:26:18 - [TEST_STEP][PASSED] - Tel = selenium.getExpression(tel1 + "-" + tel2 + "-" + tel3): null

2019-12-02 02:26:18 - [TEST_STEP][PASSED] - AutoEmail = selenium.getEval("{var x="ABCDEFGHIJKLMNOPQRSTUVWXYZabcdefghijklmnopqrstuvwxyz"; var tmp="test."; for (i=0;i<8;i++) tmp+=x.charAt(Math.ceil(51*Math.random()));tmp+="@suryani.cn";}"): null

2019-12-02 02:26:18 - [TEST_STEP][PASSED] - FirstName = FirstName: null

2019-12-02 02:26:18 - [TEST_STEP][PASSED] - LastName = LastName: null

2019-12-02 02:26:18 - [TEST_STEP][PASSED] - Address = Address: null

2019-12-02 02:26:18 - [TEST_STEP][PASSED] - City = City: null

2019-12-02 02:26:18 - [TEST_STEP][PASSED] - Tel = Tel: null

2019-12-02 02:26:18 - [TEST_STEP][PASSED] - AutoEmail = AutoEmail: null

2019-12-02 02:26:18 - [TEST_STEP][PASSED] - println(FirstName): null

2019-12-02 02:26:18 - [TEST_STEP][PASSED] - println(LastName): null

2019-12-02 02:26:18 - [TEST_STEP][PASSED] - println(Address): null

2019-12-02 02:26:18 - [TEST_STEP][PASSED] - println(City): null

2019-12-02 02:26:18 - [TEST_STEP][PASSED] - println(Tel): null

2019-12-02 02:26:18 - [TEST_STEP][PASSED] - println(AutoEmail): null

2019-12-02 02:26:18 - [MESSAGE][PASSED] - Call Test Case 'Test Cases/mobileWeb/_include/name' successfully

2019-12-02 02:26:18 - [TEST_STEP][PASSED] - setText(findTestObject("mobileSanity/HBI/Page_App Page 1/input__member-P-1-firstName"), FirstName): Text 'Test-123' is set on object 'Object Repository/mobileSanity/HBI/Page_App Page 1/input__member-P-1-firstName'

2019-12-02 02:26:19 - [MESSAGE][PASSED] - Text 'Test-123' is set on object 'Object Repository/mobileSanity/HBI/Page_App Page 1/input__member-P-1-firstName'

2019-12-02 02:26:19 - [TEST_STEP][PASSED] - setText(findTestObject("mobileSanity/HBI/Page_App Page 1/input__member-P-1-lastName"), LastName): Text 'ZZ11-cIrrgxHK' is set on object 'Object Repository/mobileSanity/HBI/Page_App Page 1/input__member-P-1-lastName'

2019-12-02 02:26:19 - [MESSAGE][PASSED] - Text 'ZZ11-cIrrgxHK' is set on object 'Object Repository/mobileSanity/HBI/Page_App Page 1/input__member-P-1-lastName'

2019-12-02 02:26:19 - [TEST_STEP][PASSED] - if (carrier == "agileone" || carrier == "agilesecure"): Text 'test6' is set on object 'Object Repository/mobileSanity/HBI/Page_App Page 1/input__contingent-beneficiary-relationship'

2019-12-02 02:26:19 - [TEST_STEP][PASSED] - setText(findTestObject("mobileSanity/HBI/Page_App Page 1/input__primary-beneficiary-fir"), "test1"): Text 'test1' is set on object 'Object Repository/mobileSanity/HBI/Page_App Page 1/input__primary-beneficiary-fir'

2019-12-02 02:26:19 - [MESSAGE][PASSED] - Text 'test1' is set on object 'Object Repository/mobileSanity/HBI/Page_App Page 1/input__primary-beneficiary-fir'

2019-12-02 02:26:19 - [TEST_STEP][PASSED] - setText(findTestObject("mobileSanity/HBI/Page_App Page 1/input__primary-beneficiary-las"), "test2"): Text 'test2' is set on object 'Object Repository/mobileSanity/HBI/Page_App Page 1/input__primary-beneficiary-las'

2019-12-02 02:26:19 - [MESSAGE][PASSED] - Text 'test2' is set on object 'Object Repository/mobileSanity/HBI/Page_App Page 1/input__primary-beneficiary-las'

2019-12-02 02:26:19 - [TEST_STEP][PASSED] - setText(findTestObject("mobileSanity/HBI/Page_App Page 1/input__primary-beneficiary-rel"), "test3"): Text 'test3' is set on object 'Object Repository/mobileSanity/HBI/Page_App Page 1/input__primary-beneficiary-rel'

2019-12-02 02:26:20 - [MESSAGE][PASSED] - Text 'test3' is set on object 'Object Repository/mobileSanity/HBI/Page_App Page 1/input__primary-beneficiary-rel'

2019-12-02 02:26:20 - [TEST_STEP][PASSED] - setText(findTestObject("mobileSanity/HBI/Page_App Page 1/input__contingent-beneficiary-"), "test4"): Text 'test4' is set on object 'Object Repository/mobileSanity/HBI/Page_App Page 1/input__contingent-beneficiary-'

2019-12-02 02:26:20 - [MESSAGE][PASSED] - Text 'test4' is set on object 'Object Repository/mobileSanity/HBI/Page_App Page 1/input__contingent-beneficiary-'

2019-12-02 02:26:20 - [TEST_STEP][PASSED] - setText(findTestObject("mobileSanity/HBI/Page_App Page 1/input__contingent-beneficiary-_lastname"), "test5"): Text 'test5' is set on object 'Object Repository/mobileSanity/HBI/Page_App Page 1/input__contingent-beneficiary-_lastname'

2019-12-02 02:26:20 - [MESSAGE][PASSED] - Text 'test5' is set on object 'Object Repository/mobileSanity/HBI/Page_App Page 1/input__contingent-beneficiary-_lastname'

2019-12-02 02:26:20 - [TEST_STEP][PASSED] - setText(findTestObject("mobileSanity/HBI/Page_App Page 1/input__contingent-beneficiary-relationship"), "test6"): Text 'test6' is set on object 'Object Repository/mobileSanity/HBI/Page_App Page 1/input__contingent-beneficiary-relationship'

2019-12-02 02:26:20 - [MESSAGE][PASSED] - Text 'test6' is set on object 'Object Repository/mobileSanity/HBI/Page_App Page 1/input__contingent-beneficiary-relationship'

2019-12-02 02:26:20 - [TEST_STEP][PASSED] - setText(findTestObject("mobileSanity/HBI/Page_App Page 1/input__address"), Address): Text 'FmimZaBx' is set on object 'Object Repository/mobileSanity/HBI/Page_App Page 1/input__address'

2019-12-02 02:26:20 - [MESSAGE][PASSED] - Text 'FmimZaBx' is set on object 'Object Repository/mobileSanity/HBI/Page_App Page 1/input__address'

2019-12-02 02:26:20 - [TEST_STEP][PASSED] - setText(findTestObject("mobileSanity/HBI/Page_App Page 1/input__city"), City): Text 'xWvJyQmT' is set on object 'Object Repository/mobileSanity/HBI/Page_App Page 1/input__city'

2019-12-02 02:26:21 - [MESSAGE][PASSED] - Text 'xWvJyQmT' is set on object 'Object Repository/mobileSanity/HBI/Page_App Page 1/input__city'

2019-12-02 02:26:21 - [TEST_STEP][PASSED] - setText(findTestObject("mobileSanity/HBI/Page_App Page 1/input__email"), AutoEmail): Text 'test.sNWIqcIg@suryani.cn' is set on object 'Object Repository/mobileSanity/HBI/Page_App Page 1/input__email'

2019-12-02 02:26:21 - [MESSAGE][PASSED] - Text 'test.sNWIqcIg@suryani.cn' is set on object 'Object Repository/mobileSanity/HBI/Page_App Page 1/input__email'

2019-12-02 02:26:21 - [TEST_STEP][PASSED] - setText(findTestObject("mobileSanity/HBI/Page_App Page 1/input_tel"), Tel): Text '848-535-9867' is set on object 'Object Repository/mobileSanity/HBI/Page_App Page 1/input_tel'

2019-12-02 02:26:21 - [MESSAGE][PASSED] - Text '848-535-9867' is set on object 'Object Repository/mobileSanity/HBI/Page_App Page 1/input_tel'

2019-12-02 02:26:21 - [TEST_STEP][PASSED] - click(findTestObject("mobileSanity/HBI/Page_App Page 1/a_Continue to Step 2 - Payment")): Object: 'Object Repository/mobileSanity/HBI/Page_App Page 1/a_Continue to Step 2 - Payment' is clicked on

2019-12-02 02:26:21 - [MESSAGE][PASSED] - Object: 'Object Repository/mobileSanity/HBI/Page_App Page 1/a_Continue to Step 2 - Payment' is clicked on

2019-12-02 02:26:21 - [TEST_STEP][PASSED] - waitForPageLoad(20): Wait for page load successfully

2019-12-02 02:26:21 - [MESSAGE][PASSED] - Wait for page load successfully

2019-12-02 02:26:21 - [TEST_STEP][PASSED] - Thread.sleep(2000): null

2019-12-02 02:26:23 - [TEST_STEP][PASSED] - waitForElementVisible(findTestObject("mobileSanity/HBI/Page_App Page 2/input__credit-card-first"), 20): Object 'Object Repository/mobileSanity/HBI/Page_App Page 2/input__credit-card-first' is visible

2019-12-02 02:26:23 - [MESSAGE][PASSED] - Object 'Object Repository/mobileSanity/HBI/Page_App Page 2/input__credit-card-first' is visible

2019-12-02 02:26:23 - [TEST_STEP][PASSED] - callTestCase(findTestCase("mobileWeb/_include/get_screenshot"), [:], STOP_ON_FAILURE): Call Test Case 'Test Cases/mobileWeb/_include/get_screenshot' successfully

2019-12-02 02:26:23 - [TEST_CASE][PASSED] - Test Cases/mobileWeb/_include/get_screenshot: Test Cases/mobileWeb/_include/get_screenshot

2019-12-02 02:26:24 - [TEST_STEP][PASSED] - takeScreenshot(screenPath + i + ".png"): Taking screenshot successfully

2019-12-02 02:26:24 - [MESSAGE][PASSED] - Taking screenshot successfully
[[ATTACHMENT|D:\\Test\\AgileTest\\Reports\\HIC\\hic\\20191202_022122\\../Screenshots/iPhone 6/HIC/HBI/Agile One/standard/6.png]]

2019-12-02 02:26:24 - [TEST_STEP][PASSED] - (internal.GlobalVariable.i++): null

2019-12-02 02:26:24 - [MESSAGE][PASSED] - Call Test Case 'Test Cases/mobileWeb/_include/get_screenshot' successfully

2019-12-02 02:26:24 - [TEST_STEP][PASSED] - setText(findTestObject("mobileSanity/HBI/Page_App Page 2/input__credit-card-first"), FirstName): Text 'Test-123' is set on object 'Object Repository/mobileSanity/HBI/Page_App Page 2/input__credit-card-first'

2019-12-02 02:26:24 - [MESSAGE][PASSED] - Text 'Test-123' is set on object 'Object Repository/mobileSanity/HBI/Page_App Page 2/input__credit-card-first'

2019-12-02 02:26:24 - [TEST_STEP][PASSED] - setText(findTestObject("mobileSanity/HBI/Page_App Page 2/input__credit-card-last"), LastName): Text 'ZZ11-cIrrgxHK' is set on object 'Object Repository/mobileSanity/HBI/Page_App Page 2/input__credit-card-last'

2019-12-02 02:26:24 - [MESSAGE][PASSED] - Text 'ZZ11-cIrrgxHK' is set on object 'Object Repository/mobileSanity/HBI/Page_App Page 2/input__credit-card-last'

2019-12-02 02:26:24 - [TEST_STEP][PASSED] - selectOptionByValue(findTestObject("mobileSanity/HBI/Page_App Page 2/select_MM010203040506070809101"), "12", true): All options with value '12' are selected in object 'Object Repository/mobileSanity/HBI/Page_App Page 2/select_MM010203040506070809101'  using regular expression

2019-12-02 02:26:25 - [MESSAGE][PASSED] - All options with value '12' are selected in object 'Object Repository/mobileSanity/HBI/Page_App Page 2/select_MM010203040506070809101'  using regular expression

2019-12-02 02:26:25 - [TEST_STEP][PASSED] - selectOptionByValue(findTestObject("mobileSanity/HBI/Page_App Page 2/select_YYYY2019202020212022202"), "2026", true): All options with value '2026' are selected in object 'Object Repository/mobileSanity/HBI/Page_App Page 2/select_YYYY2019202020212022202'  using regular expression

2019-12-02 02:26:25 - [MESSAGE][PASSED] - All options with value '2026' are selected in object 'Object Repository/mobileSanity/HBI/Page_App Page 2/select_YYYY2019202020212022202'  using regular expression

2019-12-02 02:26:25 - [TEST_STEP][PASSED] - setText(findTestObject("mobileSanity/HBI/Page_App Page 2/input__credit-card-number"), "4111111111111111"): Text '4111111111111111' is set on object 'Object Repository/mobileSanity/HBI/Page_App Page 2/input__credit-card-number'

2019-12-02 02:26:25 - [MESSAGE][PASSED] - Text '4111111111111111' is set on object 'Object Repository/mobileSanity/HBI/Page_App Page 2/input__credit-card-number'

2019-12-02 02:26:25 - [TEST_STEP][PASSED] - setText(findTestObject("mobileSanity/HBI/Page_App Page 2/input__cvv"), "123"): Text '123' is set on object 'Object Repository/mobileSanity/HBI/Page_App Page 2/input__cvv'

2019-12-02 02:26:25 - [MESSAGE][PASSED] - Text '123' is set on object 'Object Repository/mobileSanity/HBI/Page_App Page 2/input__cvv'

2019-12-02 02:26:25 - [TEST_STEP][PASSED] - click(findTestObject("mobileSanity/HBI/Page_App Page 2/label_My billing address is th")): Object: 'Object Repository/mobileSanity/HBI/Page_App Page 2/label_My billing address is th' is clicked on

2019-12-02 02:26:26 - [MESSAGE][PASSED] - Object: 'Object Repository/mobileSanity/HBI/Page_App Page 2/label_My billing address is th' is clicked on

2019-12-02 02:26:26 - [TEST_STEP][PASSED] - click(findTestObject("mobileSanity/HBI/Page_App Page 2/label_I Accept Authorization f")): Object: 'Object Repository/mobileSanity/HBI/Page_App Page 2/label_I Accept Authorization f' is clicked on

2019-12-02 02:26:26 - [MESSAGE][PASSED] - Object: 'Object Repository/mobileSanity/HBI/Page_App Page 2/label_I Accept Authorization f' is clicked on

2019-12-02 02:26:26 - [TEST_STEP][PASSED] - click(findTestObject("mobileSanity/HBI/Page_App Page 2/a_Continue to Step 3 - Review")): Object: 'Object Repository/mobileSanity/HBI/Page_App Page 2/a_Continue to Step 3 - Review' is clicked on

2019-12-02 02:26:26 - [MESSAGE][PASSED] - Object: 'Object Repository/mobileSanity/HBI/Page_App Page 2/a_Continue to Step 3 - Review' is clicked on

2019-12-02 02:26:26 - [TEST_STEP][PASSED] - waitForPageLoad(20): Wait for page load successfully

2019-12-02 02:26:26 - [MESSAGE][PASSED] - Wait for page load successfully

2019-12-02 02:26:26 - [TEST_STEP][PASSED] - Thread.sleep(10000): null

2019-12-02 02:26:36 - [TEST_STEP][PASSED] - waitForElementPresent(findTestObject("mobileSanity/HBI/Page_App Page 3/label"), 20): Object 'Object Repository/mobileSanity/HBI/Page_App Page 3/label' is present

2019-12-02 02:26:36 - [MESSAGE][PASSED] - Object 'Object Repository/mobileSanity/HBI/Page_App Page 3/label' is present

2019-12-02 02:26:36 - [TEST_STEP][PASSED] - callTestCase(findTestCase("mobileWeb/_include/get_screenshot"), [:], STOP_ON_FAILURE): Call Test Case 'Test Cases/mobileWeb/_include/get_screenshot' successfully

2019-12-02 02:26:36 - [TEST_CASE][PASSED] - Test Cases/mobileWeb/_include/get_screenshot: Test Cases/mobileWeb/_include/get_screenshot

2019-12-02 02:26:36 - [TEST_STEP][PASSED] - takeScreenshot(screenPath + i + ".png"): Taking screenshot successfully

2019-12-02 02:26:37 - [MESSAGE][PASSED] - Taking screenshot successfully
[[ATTACHMENT|D:\\Test\\AgileTest\\Reports\\HIC\\hic\\20191202_022122\\../Screenshots/iPhone 6/HIC/HBI/Agile One/standard/7.png]]

2019-12-02 02:26:37 - [TEST_STEP][PASSED] - (internal.GlobalVariable.i++): null

2019-12-02 02:26:37 - [MESSAGE][PASSED] - Call Test Case 'Test Cases/mobileWeb/_include/get_screenshot' successfully

2019-12-02 02:26:37 - [TEST_STEP][PASSED] - click(findTestObject("mobileSanity/HBI/Page_App Page 3/label")): Object: 'Object Repository/mobileSanity/HBI/Page_App Page 3/label' is clicked on

2019-12-02 02:26:37 - [MESSAGE][PASSED] - Object: 'Object Repository/mobileSanity/HBI/Page_App Page 3/label' is clicked on

2019-12-02 02:26:37 - [TEST_STEP][PASSED] - click(findTestObject("mobileSanity/HBI/Page_App Page 3/p_CLICK TO SIGN")): Object: 'Object Repository/mobileSanity/HBI/Page_App Page 3/p_CLICK TO SIGN' is clicked on

2019-12-02 02:26:37 - [MESSAGE][PASSED] - Object: 'Object Repository/mobileSanity/HBI/Page_App Page 3/p_CLICK TO SIGN' is clicked on

2019-12-02 02:26:37 - [TEST_STEP][PASSED] - click(findTestObject("mobileSanity/HBI/Page_App Page 3/a_Submit Your Application")): Object: 'Object Repository/mobileSanity/HBI/Page_App Page 3/a_Submit Your Application' is clicked on

2019-12-02 02:26:37 - [MESSAGE][PASSED] - Object: 'Object Repository/mobileSanity/HBI/Page_App Page 3/a_Submit Your Application' is clicked on

2019-12-02 02:26:37 - [TEST_STEP][PASSED] - Thread.sleep(30000): null

2019-12-02 02:27:07 - [TEST_STEP][PASSED] - callTestCase(findTestCase("mobileWeb/_include/get_screenshot"), [:], STOP_ON_FAILURE): Call Test Case 'Test Cases/mobileWeb/_include/get_screenshot' successfully

2019-12-02 02:27:07 - [TEST_CASE][PASSED] - Test Cases/mobileWeb/_include/get_screenshot: Test Cases/mobileWeb/_include/get_screenshot

2019-12-02 02:27:07 - [TEST_STEP][PASSED] - takeScreenshot(screenPath + i + ".png"): Taking screenshot successfully

2019-12-02 02:27:08 - [MESSAGE][PASSED] - Taking screenshot successfully
[[ATTACHMENT|D:\\Test\\AgileTest\\Reports\\HIC\\hic\\20191202_022122\\../Screenshots/iPhone 6/HIC/HBI/Agile One/standard/8.png]]

2019-12-02 02:27:08 - [TEST_STEP][PASSED] - (internal.GlobalVariable.i++): null

2019-12-02 02:27:08 - [MESSAGE][PASSED] - Call Test Case 'Test Cases/mobileWeb/_include/get_screenshot' successfully

2019-12-02 02:27:08 - [TEST_STEP][PASSED] - verifyTextPresent("Congratulations", false): Text 'Congratulations' is present on page 

2019-12-02 02:27:08 - [MESSAGE][PASSED] - Text 'Congratulations' is present on page 

2019-12-02 02:27:08 - [MESSAGE][PASSED] - Call Test Case 'Test Cases/mobileWeb/_include/goToEnd_hbi' successfully]]></system-out>
         <system-err><![CDATA[]]></system-err>
      </testcase>
      <testcase name="Test Cases/HIC/HBI/Agile Secure" classname="Test Cases/HIC/HBI/Agile Secure" status="PASSED">
         <system-out><![CDATA[2019-12-02 02:27:08 - [TEST_CASE][PASSED] - Test Cases/HIC/HBI/Agile Secure: Test Cases/HIC/HBI/Agile Secure

2019-12-02 02:27:08 - [TEST_STEP][PASSED] - callTestCase(findTestCase("HIC/_include/get_hicScreenPath"), ["project":"HIC", "productLine":"HBI", "carrierName":"Agile Secure"], CONTINUE_ON_FAILURE): Call Test Case 'Test Cases/HIC/_include/get_hicScreenPath' successfully

2019-12-02 02:27:08 - [TEST_CASE][PASSED] - Test Cases/HIC/_include/get_hicScreenPath: Test Cases/HIC/_include/get_hicScreenPath

2019-12-02 02:27:08 - [TEST_STEP][PASSED] - m = getExecutionProperties(): null

2019-12-02 02:27:08 - [TEST_STEP][PASSED] - deviceName = get("mobileEmulation").get("deviceName"): null

2019-12-02 02:27:08 - [TEST_STEP][PASSED] - println(deviceName): null

2019-12-02 02:27:08 - [TEST_STEP][PASSED] - now = new java.util.Date(): null

2019-12-02 02:27:08 - [TEST_STEP][PASSED] - mydate = now.format("yyyyMMdd_HHmmss"): null

2019-12-02 02:27:08 - [TEST_STEP][PASSED] - screenPath = "../Screenshots/": null

2019-12-02 02:27:08 - [TEST_STEP][PASSED] - screenPath = screenPath + deviceName + "/" + project + "/" + productLine + "/" + carrierName + "/" + "standard" + "/": null

2019-12-02 02:27:08 - [TEST_STEP][PASSED] - println(screenPath): null

2019-12-02 02:27:08 - [MESSAGE][PASSED] - Call Test Case 'Test Cases/HIC/_include/get_hicScreenPath' successfully

2019-12-02 02:27:08 - [TEST_STEP][PASSED] - i = 0: null

2019-12-02 02:27:08 - [TEST_STEP][PASSED] - callTestCase(findTestCase("mobileWeb/_include/openWebSite"), ["env":"https://qa.healthinsurance.com/"], CONTINUE_ON_FAILURE): Call Test Case 'Test Cases/mobileWeb/_include/openWebSite' successfully

2019-12-02 02:27:09 - [TEST_CASE][PASSED] - Test Cases/mobileWeb/_include/openWebSite: Test Cases/mobileWeb/_include/openWebSite

2019-12-02 02:27:09 - [TEST_STEP][PASSED] - openBrowser(env): Browser is opened with url: 'https://qa.healthinsurance.com/'

2019-12-02 02:27:09 - [MESSAGE][WARNING] - A browser is already opened. Closing browser and opening a new one

2019-12-02 02:27:10 - [MESSAGE][INFO] - Starting 'Chrome' driver

2019-12-02 02:27:10 - [MESSAGE][INFO] - User set preference: ['mobileEmulation', '{deviceName=iPhone 6}']

2019-12-02 02:27:10 - [MESSAGE][INFO] - User set preference: ['args', '[--incognito, --aggressive-cache-discard, --window-size=375,677, --no-sandbox]']

2019-12-02 02:27:13 - [MESSAGE][PASSED] - Browser is opened with url: 'https://qa.healthinsurance.com/'

2019-12-02 02:27:13 - [TEST_STEP][PASSED] - waitForPageLoad(20): Wait for page load successfully

2019-12-02 02:27:13 - [MESSAGE][PASSED] - Wait for page load successfully

2019-12-02 02:27:13 - [TEST_STEP][PASSED] - callTestCase(findTestCase("mobileWeb/_include/get_screenshot"), [:], STOP_ON_FAILURE): Call Test Case 'Test Cases/mobileWeb/_include/get_screenshot' successfully

2019-12-02 02:27:13 - [TEST_CASE][PASSED] - Test Cases/mobileWeb/_include/get_screenshot: Test Cases/mobileWeb/_include/get_screenshot

2019-12-02 02:27:13 - [TEST_STEP][PASSED] - takeScreenshot(screenPath + i + ".png"): Taking screenshot successfully

2019-12-02 02:27:13 - [MESSAGE][PASSED] - Taking screenshot successfully
[[ATTACHMENT|D:\\Test\\AgileTest\\Reports\\HIC\\hic\\20191202_022122\\../Screenshots/iPhone 6/HIC/HBI/Agile Secure/standard/0.png]]

2019-12-02 02:27:13 - [TEST_STEP][PASSED] - (internal.GlobalVariable.i++): null

2019-12-02 02:27:13 - [MESSAGE][PASSED] - Call Test Case 'Test Cases/mobileWeb/_include/get_screenshot' successfully

2019-12-02 02:27:13 - [MESSAGE][PASSED] - Call Test Case 'Test Cases/mobileWeb/_include/openWebSite' successfully

2019-12-02 02:27:13 - [TEST_STEP][PASSED] - click(findTestObject("hic/nav/navButton")): Object: 'Object Repository/hic/nav/navButton' is clicked on

2019-12-02 02:27:13 - [MESSAGE][PASSED] - Object: 'Object Repository/hic/nav/navButton' is clicked on

2019-12-02 02:27:13 - [TEST_STEP][PASSED] - Thread.sleep(2000): null

2019-12-02 02:27:15 - [TEST_STEP][PASSED] - click(findTestObject("hic/nav/hbiLink")): Object: 'Object Repository/hic/nav/hbiLink' is clicked on

2019-12-02 02:27:15 - [MESSAGE][PASSED] - Object: 'Object Repository/hic/nav/hbiLink' is clicked on

2019-12-02 02:27:15 - [TEST_STEP][PASSED] - Thread.sleep(2000): null

2019-12-02 02:27:17 - [TEST_STEP][PASSED] - callTestCase(findTestCase("mobileWeb/_include/get_screenshot"), [:], STOP_ON_FAILURE): Call Test Case 'Test Cases/mobileWeb/_include/get_screenshot' successfully

2019-12-02 02:27:17 - [TEST_CASE][PASSED] - Test Cases/mobileWeb/_include/get_screenshot: Test Cases/mobileWeb/_include/get_screenshot

2019-12-02 02:27:17 - [TEST_STEP][PASSED] - takeScreenshot(screenPath + i + ".png"): Taking screenshot successfully

2019-12-02 02:27:18 - [MESSAGE][PASSED] - Taking screenshot successfully
[[ATTACHMENT|D:\\Test\\AgileTest\\Reports\\HIC\\hic\\20191202_022122\\../Screenshots/iPhone 6/HIC/HBI/Agile Secure/standard/1.png]]

2019-12-02 02:27:18 - [TEST_STEP][PASSED] - (internal.GlobalVariable.i++): null

2019-12-02 02:27:18 - [MESSAGE][PASSED] - Call Test Case 'Test Cases/mobileWeb/_include/get_screenshot' successfully

2019-12-02 02:27:18 - [TEST_STEP][PASSED] - callTestCase(findTestCase("HIC/_include/stm_census"), ["zipcode":"08701"], STOP_ON_FAILURE): Call Test Case 'Test Cases/HIC/_include/stm_census' successfully

2019-12-02 02:27:18 - [TEST_CASE][PASSED] - Test Cases/HIC/_include/stm_census: Test Cases/HIC/_include/stm_census

2019-12-02 02:27:18 - [TEST_STEP][PASSED] - setText(findTestObject("hic/stm/zip"), zipcode): Text '08701' is set on object 'Object Repository/hic/stm/zip'

2019-12-02 02:27:19 - [MESSAGE][PASSED] - Text '08701' is set on object 'Object Repository/hic/stm/zip'

2019-12-02 02:27:19 - [TEST_STEP][PASSED] - Thread.sleep(500): null

2019-12-02 02:27:19 - [TEST_STEP][PASSED] - setText(findTestObject("hic/stm/primaryDOB"), "03031987"): Text '03031987' is set on object 'Object Repository/hic/stm/primaryDOB'

2019-12-02 02:27:20 - [MESSAGE][PASSED] - Text '03031987' is set on object 'Object Repository/hic/stm/primaryDOB'

2019-12-02 02:27:20 - [TEST_STEP][PASSED] - click(findTestObject("hic/stm/female")): Object: 'Object Repository/hic/stm/female' is clicked on

2019-12-02 02:27:20 - [MESSAGE][PASSED] - Object: 'Object Repository/hic/stm/female' is clicked on

2019-12-02 02:27:20 - [TEST_STEP][PASSED] - Thread.sleep(3000): null

2019-12-02 02:27:23 - [TEST_STEP][PASSED] - click(findTestObject("hic/stm/submitButton")): Object: 'Object Repository/hic/stm/submitButton' is clicked on

2019-12-02 02:27:24 - [MESSAGE][PASSED] - Object: 'Object Repository/hic/stm/submitButton' is clicked on

2019-12-02 02:27:24 - [TEST_STEP][PASSED] - Thread.sleep(6000): null

2019-12-02 02:27:30 - [TEST_STEP][PASSED] - callTestCase(findTestCase("mobileWeb/_include/get_screenshot"), [:], STOP_ON_FAILURE): Call Test Case 'Test Cases/mobileWeb/_include/get_screenshot' successfully

2019-12-02 02:27:30 - [TEST_CASE][PASSED] - Test Cases/mobileWeb/_include/get_screenshot: Test Cases/mobileWeb/_include/get_screenshot

2019-12-02 02:27:30 - [TEST_STEP][PASSED] - takeScreenshot(screenPath + i + ".png"): Taking screenshot successfully

2019-12-02 02:27:31 - [MESSAGE][PASSED] - Taking screenshot successfully
[[ATTACHMENT|D:\\Test\\AgileTest\\Reports\\HIC\\hic\\20191202_022122\\../Screenshots/iPhone 6/HIC/HBI/Agile Secure/standard/2.png]]

2019-12-02 02:27:31 - [TEST_STEP][PASSED] - (internal.GlobalVariable.i++): null

2019-12-02 02:27:31 - [MESSAGE][PASSED] - Call Test Case 'Test Cases/mobileWeb/_include/get_screenshot' successfully

2019-12-02 02:27:31 - [TEST_STEP][PASSED] - Thread.sleep(1000): null

2019-12-02 02:27:32 - [MESSAGE][PASSED] - Call Test Case 'Test Cases/HIC/_include/stm_census' successfully

2019-12-02 02:27:32 - [TEST_STEP][PASSED] - click(findTestObject("mobileSanity/HBI/detail/a_Apply for This Plan")): Object: 'Object Repository/mobileSanity/HBI/detail/a_Apply for This Plan' is clicked on

2019-12-02 02:27:32 - [MESSAGE][PASSED] - Object: 'Object Repository/mobileSanity/HBI/detail/a_Apply for This Plan' is clicked on

2019-12-02 02:27:32 - [TEST_STEP][PASSED] - waitForPageLoad(20): Wait for page load successfully

2019-12-02 02:27:33 - [MESSAGE][PASSED] - Wait for page load successfully

2019-12-02 02:27:33 - [TEST_STEP][PASSED] - callTestCase(findTestCase("mobileWeb/_include/get_screenshot"), [:], STOP_ON_FAILURE): Call Test Case 'Test Cases/mobileWeb/_include/get_screenshot' successfully

2019-12-02 02:27:33 - [TEST_CASE][PASSED] - Test Cases/mobileWeb/_include/get_screenshot: Test Cases/mobileWeb/_include/get_screenshot

2019-12-02 02:27:33 - [TEST_STEP][PASSED] - takeScreenshot(screenPath + i + ".png"): Taking screenshot successfully

2019-12-02 02:27:33 - [MESSAGE][PASSED] - Taking screenshot successfully
[[ATTACHMENT|D:\\Test\\AgileTest\\Reports\\HIC\\hic\\20191202_022122\\../Screenshots/iPhone 6/HIC/HBI/Agile Secure/standard/3.png]]

2019-12-02 02:27:33 - [TEST_STEP][PASSED] - (internal.GlobalVariable.i++): null

2019-12-02 02:27:33 - [MESSAGE][PASSED] - Call Test Case 'Test Cases/mobileWeb/_include/get_screenshot' successfully

2019-12-02 02:27:33 - [TEST_STEP][PASSED] - click(findTestObject("mobileSanity/HBI/Page_Apply/span_Start Secure Application")): Object: 'Object Repository/mobileSanity/HBI/Page_Apply/span_Start Secure Application' is clicked on

2019-12-02 02:27:34 - [MESSAGE][PASSED] - Object: 'Object Repository/mobileSanity/HBI/Page_Apply/span_Start Secure Application' is clicked on

2019-12-02 02:27:34 - [TEST_STEP][PASSED] - waitForPageLoad(20): Wait for page load successfully

2019-12-02 02:27:35 - [MESSAGE][PASSED] - Wait for page load successfully

2019-12-02 02:27:35 - [TEST_STEP][PASSED] - Thread.sleep(5000): null

2019-12-02 02:27:40 - [TEST_STEP][PASSED] - callTestCase(findTestCase("mobileWeb/_include/get_screenshot"), [:], STOP_ON_FAILURE): Call Test Case 'Test Cases/mobileWeb/_include/get_screenshot' successfully

2019-12-02 02:27:40 - [TEST_CASE][PASSED] - Test Cases/mobileWeb/_include/get_screenshot: Test Cases/mobileWeb/_include/get_screenshot

2019-12-02 02:27:40 - [TEST_STEP][PASSED] - takeScreenshot(screenPath + i + ".png"): Taking screenshot successfully

2019-12-02 02:27:40 - [MESSAGE][PASSED] - Taking screenshot successfully
[[ATTACHMENT|D:\\Test\\AgileTest\\Reports\\HIC\\hic\\20191202_022122\\../Screenshots/iPhone 6/HIC/HBI/Agile Secure/standard/4.png]]

2019-12-02 02:27:40 - [TEST_STEP][PASSED] - (internal.GlobalVariable.i++): null

2019-12-02 02:27:40 - [MESSAGE][PASSED] - Call Test Case 'Test Cases/mobileWeb/_include/get_screenshot' successfully

2019-12-02 02:27:40 - [TEST_STEP][PASSED] - callTestCase(findTestCase("mobileWeb/_include/goToEnd_hbi"), ["carrier":"agilesecure"], CONTINUE_ON_FAILURE): Call Test Case 'Test Cases/mobileWeb/_include/goToEnd_hbi' successfully

2019-12-02 02:27:41 - [TEST_CASE][PASSED] - Test Cases/mobileWeb/_include/goToEnd_hbi: Test Cases/mobileWeb/_include/goToEnd_hbi

2019-12-02 02:27:41 - [TEST_STEP][PASSED] - if (state == "ca"): null

2019-12-02 02:27:41 - [TEST_STEP][PASSED] - callTestCase(findTestCase("mobileWeb/_include/name"), [:], CONTINUE_ON_FAILURE): Call Test Case 'Test Cases/mobileWeb/_include/name' successfully

2019-12-02 02:27:41 - [TEST_CASE][PASSED] - Test Cases/mobileWeb/_include/name: Test Cases/mobileWeb/_include/name

2019-12-02 02:27:41 - [TEST_STEP][PASSED] - driver = getWebDriver(): null

2019-12-02 02:27:41 - [TEST_STEP][PASSED] - selenium = new com.thoughtworks.selenium.webdriven.WebDriverBackedSelenium(driver, internal.GlobalVariable.ENV): null

2019-12-02 02:27:41 - [TEST_STEP][PASSED] - FirstName = "Test-123": null

2019-12-02 02:27:41 - [TEST_STEP][PASSED] - LastName = selenium.getEval("{var x="ABCDEFGHIJKLMNOPQRSTUVWXYZabcdefghijklmnopqrstuvwxyz"; var tmp="ZZ11-"; for (i=0;i<8;i++) tmp+=x.charAt(Math.ceil(51*Math.random()));tmp;}"): null

2019-12-02 02:27:41 - [TEST_STEP][PASSED] - Address = selenium.getEval("{var x="ABCDEFGHIJKLMNOPQRSTUVWXYZabcdefghijklmnopqrstuvwxyz"; var tmp=""; for (i=0;i<8;i++) tmp+=x.charAt(Math.ceil(51*Math.random()));tmp;}"): null

2019-12-02 02:27:41 - [TEST_STEP][PASSED] - City = selenium.getEval("{var x="ABCDEFGHIJKLMNOPQRSTUVWXYZabcdefghijklmnopqrstuvwxyz"; var tmp=""; for (i=0;i<8;i++) tmp+=x.charAt(Math.ceil(51*Math.random()));tmp;}"): null

2019-12-02 02:27:41 - [TEST_STEP][PASSED] - tel1 = selenium.getEval("{var x="123456789"; var tmp=""; for (i=0;i<3;i++) tmp+=x.charAt(Math.ceil(8*Math.random()));tmp;}"): null

2019-12-02 02:27:41 - [TEST_STEP][PASSED] - tel2 = selenium.getEval("{var x="123456789"; var tmp=""; for (i=0;i<3;i++) tmp+=x.charAt(Math.ceil(8*Math.random()));tmp;}"): null

2019-12-02 02:27:41 - [TEST_STEP][PASSED] - tel3 = selenium.getEval("{var x="123456789"; var tmp=""; for (i=0;i<4;i++) tmp+=x.charAt(Math.ceil(8*Math.random()));tmp;}"): null

2019-12-02 02:27:41 - [TEST_STEP][PASSED] - Tel = selenium.getExpression(tel1 + "-" + tel2 + "-" + tel3): null

2019-12-02 02:27:41 - [TEST_STEP][PASSED] - AutoEmail = selenium.getEval("{var x="ABCDEFGHIJKLMNOPQRSTUVWXYZabcdefghijklmnopqrstuvwxyz"; var tmp="test."; for (i=0;i<8;i++) tmp+=x.charAt(Math.ceil(51*Math.random()));tmp+="@suryani.cn";}"): null

2019-12-02 02:27:42 - [TEST_STEP][PASSED] - FirstName = FirstName: null

2019-12-02 02:27:42 - [TEST_STEP][PASSED] - LastName = LastName: null

2019-12-02 02:27:42 - [TEST_STEP][PASSED] - Address = Address: null

2019-12-02 02:27:42 - [TEST_STEP][PASSED] - City = City: null

2019-12-02 02:27:42 - [TEST_STEP][PASSED] - Tel = Tel: null

2019-12-02 02:27:42 - [TEST_STEP][PASSED] - AutoEmail = AutoEmail: null

2019-12-02 02:27:42 - [TEST_STEP][PASSED] - println(FirstName): null

2019-12-02 02:27:42 - [TEST_STEP][PASSED] - println(LastName): null

2019-12-02 02:27:42 - [TEST_STEP][PASSED] - println(Address): null

2019-12-02 02:27:42 - [TEST_STEP][PASSED] - println(City): null

2019-12-02 02:27:42 - [TEST_STEP][PASSED] - println(Tel): null

2019-12-02 02:27:42 - [TEST_STEP][PASSED] - println(AutoEmail): null

2019-12-02 02:27:42 - [MESSAGE][PASSED] - Call Test Case 'Test Cases/mobileWeb/_include/name' successfully

2019-12-02 02:27:42 - [TEST_STEP][PASSED] - setText(findTestObject("mobileSanity/HBI/Page_App Page 1/input__member-P-1-firstName"), FirstName): Text 'Test-123' is set on object 'Object Repository/mobileSanity/HBI/Page_App Page 1/input__member-P-1-firstName'

2019-12-02 02:27:42 - [MESSAGE][PASSED] - Text 'Test-123' is set on object 'Object Repository/mobileSanity/HBI/Page_App Page 1/input__member-P-1-firstName'

2019-12-02 02:27:42 - [TEST_STEP][PASSED] - setText(findTestObject("mobileSanity/HBI/Page_App Page 1/input__member-P-1-lastName"), LastName): Text 'ZZ11-LkxksMsV' is set on object 'Object Repository/mobileSanity/HBI/Page_App Page 1/input__member-P-1-lastName'

2019-12-02 02:27:43 - [MESSAGE][PASSED] - Text 'ZZ11-LkxksMsV' is set on object 'Object Repository/mobileSanity/HBI/Page_App Page 1/input__member-P-1-lastName'

2019-12-02 02:27:43 - [TEST_STEP][PASSED] - if (carrier == "agileone" || carrier == "agilesecure"): Text 'test6' is set on object 'Object Repository/mobileSanity/HBI/Page_App Page 1/input__contingent-beneficiary-relationship'

2019-12-02 02:27:43 - [TEST_STEP][PASSED] - setText(findTestObject("mobileSanity/HBI/Page_App Page 1/input__primary-beneficiary-fir"), "test1"): Text 'test1' is set on object 'Object Repository/mobileSanity/HBI/Page_App Page 1/input__primary-beneficiary-fir'

2019-12-02 02:27:43 - [MESSAGE][PASSED] - Text 'test1' is set on object 'Object Repository/mobileSanity/HBI/Page_App Page 1/input__primary-beneficiary-fir'

2019-12-02 02:27:43 - [TEST_STEP][PASSED] - setText(findTestObject("mobileSanity/HBI/Page_App Page 1/input__primary-beneficiary-las"), "test2"): Text 'test2' is set on object 'Object Repository/mobileSanity/HBI/Page_App Page 1/input__primary-beneficiary-las'

2019-12-02 02:27:43 - [MESSAGE][PASSED] - Text 'test2' is set on object 'Object Repository/mobileSanity/HBI/Page_App Page 1/input__primary-beneficiary-las'

2019-12-02 02:27:43 - [TEST_STEP][PASSED] - setText(findTestObject("mobileSanity/HBI/Page_App Page 1/input__primary-beneficiary-rel"), "test3"): Text 'test3' is set on object 'Object Repository/mobileSanity/HBI/Page_App Page 1/input__primary-beneficiary-rel'

2019-12-02 02:27:43 - [MESSAGE][PASSED] - Text 'test3' is set on object 'Object Repository/mobileSanity/HBI/Page_App Page 1/input__primary-beneficiary-rel'

2019-12-02 02:27:43 - [TEST_STEP][PASSED] - setText(findTestObject("mobileSanity/HBI/Page_App Page 1/input__contingent-beneficiary-"), "test4"): Text 'test4' is set on object 'Object Repository/mobileSanity/HBI/Page_App Page 1/input__contingent-beneficiary-'

2019-12-02 02:27:43 - [MESSAGE][PASSED] - Text 'test4' is set on object 'Object Repository/mobileSanity/HBI/Page_App Page 1/input__contingent-beneficiary-'

2019-12-02 02:27:43 - [TEST_STEP][PASSED] - setText(findTestObject("mobileSanity/HBI/Page_App Page 1/input__contingent-beneficiary-_lastname"), "test5"): Text 'test5' is set on object 'Object Repository/mobileSanity/HBI/Page_App Page 1/input__contingent-beneficiary-_lastname'

2019-12-02 02:27:44 - [MESSAGE][PASSED] - Text 'test5' is set on object 'Object Repository/mobileSanity/HBI/Page_App Page 1/input__contingent-beneficiary-_lastname'

2019-12-02 02:27:44 - [TEST_STEP][PASSED] - setText(findTestObject("mobileSanity/HBI/Page_App Page 1/input__contingent-beneficiary-relationship"), "test6"): Text 'test6' is set on object 'Object Repository/mobileSanity/HBI/Page_App Page 1/input__contingent-beneficiary-relationship'

2019-12-02 02:27:44 - [MESSAGE][PASSED] - Text 'test6' is set on object 'Object Repository/mobileSanity/HBI/Page_App Page 1/input__contingent-beneficiary-relationship'

2019-12-02 02:27:44 - [TEST_STEP][PASSED] - setText(findTestObject("mobileSanity/HBI/Page_App Page 1/input__address"), Address): Text 'zlpXLQxV' is set on object 'Object Repository/mobileSanity/HBI/Page_App Page 1/input__address'

2019-12-02 02:27:44 - [MESSAGE][PASSED] - Text 'zlpXLQxV' is set on object 'Object Repository/mobileSanity/HBI/Page_App Page 1/input__address'

2019-12-02 02:27:44 - [TEST_STEP][PASSED] - setText(findTestObject("mobileSanity/HBI/Page_App Page 1/input__city"), City): Text 'IbUIMOQF' is set on object 'Object Repository/mobileSanity/HBI/Page_App Page 1/input__city'

2019-12-02 02:27:44 - [MESSAGE][PASSED] - Text 'IbUIMOQF' is set on object 'Object Repository/mobileSanity/HBI/Page_App Page 1/input__city'

2019-12-02 02:27:44 - [TEST_STEP][PASSED] - setText(findTestObject("mobileSanity/HBI/Page_App Page 1/input__email"), AutoEmail): Text 'test.SSYkCIjw@suryani.cn' is set on object 'Object Repository/mobileSanity/HBI/Page_App Page 1/input__email'

2019-12-02 02:27:45 - [MESSAGE][PASSED] - Text 'test.SSYkCIjw@suryani.cn' is set on object 'Object Repository/mobileSanity/HBI/Page_App Page 1/input__email'

2019-12-02 02:27:45 - [TEST_STEP][PASSED] - setText(findTestObject("mobileSanity/HBI/Page_App Page 1/input_tel"), Tel): Text '973-498-9292' is set on object 'Object Repository/mobileSanity/HBI/Page_App Page 1/input_tel'

2019-12-02 02:27:45 - [MESSAGE][PASSED] - Text '973-498-9292' is set on object 'Object Repository/mobileSanity/HBI/Page_App Page 1/input_tel'

2019-12-02 02:27:45 - [TEST_STEP][PASSED] - click(findTestObject("mobileSanity/HBI/Page_App Page 1/a_Continue to Step 2 - Payment")): Object: 'Object Repository/mobileSanity/HBI/Page_App Page 1/a_Continue to Step 2 - Payment' is clicked on

2019-12-02 02:27:45 - [MESSAGE][PASSED] - Object: 'Object Repository/mobileSanity/HBI/Page_App Page 1/a_Continue to Step 2 - Payment' is clicked on

2019-12-02 02:27:45 - [TEST_STEP][PASSED] - waitForPageLoad(20): Wait for page load successfully

2019-12-02 02:27:45 - [MESSAGE][PASSED] - Wait for page load successfully

2019-12-02 02:27:45 - [TEST_STEP][PASSED] - Thread.sleep(2000): null

2019-12-02 02:27:47 - [TEST_STEP][PASSED] - waitForElementVisible(findTestObject("mobileSanity/HBI/Page_App Page 2/input__credit-card-first"), 20): Object 'Object Repository/mobileSanity/HBI/Page_App Page 2/input__credit-card-first' is visible

2019-12-02 02:27:47 - [MESSAGE][PASSED] - Object 'Object Repository/mobileSanity/HBI/Page_App Page 2/input__credit-card-first' is visible

2019-12-02 02:27:47 - [TEST_STEP][PASSED] - callTestCase(findTestCase("mobileWeb/_include/get_screenshot"), [:], STOP_ON_FAILURE): Call Test Case 'Test Cases/mobileWeb/_include/get_screenshot' successfully

2019-12-02 02:27:48 - [TEST_CASE][PASSED] - Test Cases/mobileWeb/_include/get_screenshot: Test Cases/mobileWeb/_include/get_screenshot

2019-12-02 02:27:48 - [TEST_STEP][PASSED] - takeScreenshot(screenPath + i + ".png"): Taking screenshot successfully

2019-12-02 02:27:48 - [MESSAGE][PASSED] - Taking screenshot successfully
[[ATTACHMENT|D:\\Test\\AgileTest\\Reports\\HIC\\hic\\20191202_022122\\../Screenshots/iPhone 6/HIC/HBI/Agile Secure/standard/5.png]]

2019-12-02 02:27:48 - [TEST_STEP][PASSED] - (internal.GlobalVariable.i++): null

2019-12-02 02:27:48 - [MESSAGE][PASSED] - Call Test Case 'Test Cases/mobileWeb/_include/get_screenshot' successfully

2019-12-02 02:27:48 - [TEST_STEP][PASSED] - setText(findTestObject("mobileSanity/HBI/Page_App Page 2/input__credit-card-first"), FirstName): Text 'Test-123' is set on object 'Object Repository/mobileSanity/HBI/Page_App Page 2/input__credit-card-first'

2019-12-02 02:27:48 - [MESSAGE][PASSED] - Text 'Test-123' is set on object 'Object Repository/mobileSanity/HBI/Page_App Page 2/input__credit-card-first'

2019-12-02 02:27:48 - [TEST_STEP][PASSED] - setText(findTestObject("mobileSanity/HBI/Page_App Page 2/input__credit-card-last"), LastName): Text 'ZZ11-LkxksMsV' is set on object 'Object Repository/mobileSanity/HBI/Page_App Page 2/input__credit-card-last'

2019-12-02 02:27:48 - [MESSAGE][PASSED] - Text 'ZZ11-LkxksMsV' is set on object 'Object Repository/mobileSanity/HBI/Page_App Page 2/input__credit-card-last'

2019-12-02 02:27:48 - [TEST_STEP][PASSED] - selectOptionByValue(findTestObject("mobileSanity/HBI/Page_App Page 2/select_MM010203040506070809101"), "12", true): All options with value '12' are selected in object 'Object Repository/mobileSanity/HBI/Page_App Page 2/select_MM010203040506070809101'  using regular expression

2019-12-02 02:27:48 - [MESSAGE][PASSED] - All options with value '12' are selected in object 'Object Repository/mobileSanity/HBI/Page_App Page 2/select_MM010203040506070809101'  using regular expression

2019-12-02 02:27:48 - [TEST_STEP][PASSED] - selectOptionByValue(findTestObject("mobileSanity/HBI/Page_App Page 2/select_YYYY2019202020212022202"), "2026", true): All options with value '2026' are selected in object 'Object Repository/mobileSanity/HBI/Page_App Page 2/select_YYYY2019202020212022202'  using regular expression

2019-12-02 02:27:49 - [MESSAGE][PASSED] - All options with value '2026' are selected in object 'Object Repository/mobileSanity/HBI/Page_App Page 2/select_YYYY2019202020212022202'  using regular expression

2019-12-02 02:27:49 - [TEST_STEP][PASSED] - setText(findTestObject("mobileSanity/HBI/Page_App Page 2/input__credit-card-number"), "4111111111111111"): Text '4111111111111111' is set on object 'Object Repository/mobileSanity/HBI/Page_App Page 2/input__credit-card-number'

2019-12-02 02:27:49 - [MESSAGE][PASSED] - Text '4111111111111111' is set on object 'Object Repository/mobileSanity/HBI/Page_App Page 2/input__credit-card-number'

2019-12-02 02:27:49 - [TEST_STEP][PASSED] - setText(findTestObject("mobileSanity/HBI/Page_App Page 2/input__cvv"), "123"): Text '123' is set on object 'Object Repository/mobileSanity/HBI/Page_App Page 2/input__cvv'

2019-12-02 02:27:49 - [MESSAGE][PASSED] - Text '123' is set on object 'Object Repository/mobileSanity/HBI/Page_App Page 2/input__cvv'

2019-12-02 02:27:49 - [TEST_STEP][PASSED] - click(findTestObject("mobileSanity/HBI/Page_App Page 2/label_My billing address is th")): Object: 'Object Repository/mobileSanity/HBI/Page_App Page 2/label_My billing address is th' is clicked on

2019-12-02 02:27:49 - [MESSAGE][PASSED] - Object: 'Object Repository/mobileSanity/HBI/Page_App Page 2/label_My billing address is th' is clicked on

2019-12-02 02:27:49 - [TEST_STEP][PASSED] - click(findTestObject("mobileSanity/HBI/Page_App Page 2/label_I Accept Authorization f")): Object: 'Object Repository/mobileSanity/HBI/Page_App Page 2/label_I Accept Authorization f' is clicked on

2019-12-02 02:27:49 - [MESSAGE][PASSED] - Object: 'Object Repository/mobileSanity/HBI/Page_App Page 2/label_I Accept Authorization f' is clicked on

2019-12-02 02:27:49 - [TEST_STEP][PASSED] - click(findTestObject("mobileSanity/HBI/Page_App Page 2/a_Continue to Step 3 - Review")): Object: 'Object Repository/mobileSanity/HBI/Page_App Page 2/a_Continue to Step 3 - Review' is clicked on

2019-12-02 02:27:49 - [MESSAGE][PASSED] - Object: 'Object Repository/mobileSanity/HBI/Page_App Page 2/a_Continue to Step 3 - Review' is clicked on

2019-12-02 02:27:49 - [TEST_STEP][PASSED] - waitForPageLoad(20): Wait for page load successfully

2019-12-02 02:27:49 - [MESSAGE][PASSED] - Wait for page load successfully

2019-12-02 02:27:49 - [TEST_STEP][PASSED] - Thread.sleep(10000): null

2019-12-02 02:27:59 - [TEST_STEP][PASSED] - waitForElementPresent(findTestObject("mobileSanity/HBI/Page_App Page 3/label"), 20): Object 'Object Repository/mobileSanity/HBI/Page_App Page 3/label' is present

2019-12-02 02:28:00 - [MESSAGE][PASSED] - Object 'Object Repository/mobileSanity/HBI/Page_App Page 3/label' is present

2019-12-02 02:28:00 - [TEST_STEP][PASSED] - callTestCase(findTestCase("mobileWeb/_include/get_screenshot"), [:], STOP_ON_FAILURE): Call Test Case 'Test Cases/mobileWeb/_include/get_screenshot' successfully

2019-12-02 02:28:00 - [TEST_CASE][PASSED] - Test Cases/mobileWeb/_include/get_screenshot: Test Cases/mobileWeb/_include/get_screenshot

2019-12-02 02:28:00 - [TEST_STEP][PASSED] - takeScreenshot(screenPath + i + ".png"): Taking screenshot successfully

2019-12-02 02:28:00 - [MESSAGE][PASSED] - Taking screenshot successfully
[[ATTACHMENT|D:\\Test\\AgileTest\\Reports\\HIC\\hic\\20191202_022122\\../Screenshots/iPhone 6/HIC/HBI/Agile Secure/standard/6.png]]

2019-12-02 02:28:00 - [TEST_STEP][PASSED] - (internal.GlobalVariable.i++): null

2019-12-02 02:28:00 - [MESSAGE][PASSED] - Call Test Case 'Test Cases/mobileWeb/_include/get_screenshot' successfully

2019-12-02 02:28:00 - [TEST_STEP][PASSED] - click(findTestObject("mobileSanity/HBI/Page_App Page 3/label")): Object: 'Object Repository/mobileSanity/HBI/Page_App Page 3/label' is clicked on

2019-12-02 02:28:00 - [MESSAGE][PASSED] - Object: 'Object Repository/mobileSanity/HBI/Page_App Page 3/label' is clicked on

2019-12-02 02:28:00 - [TEST_STEP][PASSED] - click(findTestObject("mobileSanity/HBI/Page_App Page 3/p_CLICK TO SIGN")): Object: 'Object Repository/mobileSanity/HBI/Page_App Page 3/p_CLICK TO SIGN' is clicked on

2019-12-02 02:28:01 - [MESSAGE][PASSED] - Object: 'Object Repository/mobileSanity/HBI/Page_App Page 3/p_CLICK TO SIGN' is clicked on

2019-12-02 02:28:01 - [TEST_STEP][PASSED] - click(findTestObject("mobileSanity/HBI/Page_App Page 3/a_Submit Your Application")): Object: 'Object Repository/mobileSanity/HBI/Page_App Page 3/a_Submit Your Application' is clicked on

2019-12-02 02:28:01 - [MESSAGE][PASSED] - Object: 'Object Repository/mobileSanity/HBI/Page_App Page 3/a_Submit Your Application' is clicked on

2019-12-02 02:28:01 - [TEST_STEP][PASSED] - Thread.sleep(30000): null

2019-12-02 02:28:31 - [TEST_STEP][PASSED] - callTestCase(findTestCase("mobileWeb/_include/get_screenshot"), [:], STOP_ON_FAILURE): Call Test Case 'Test Cases/mobileWeb/_include/get_screenshot' successfully

2019-12-02 02:28:31 - [TEST_CASE][PASSED] - Test Cases/mobileWeb/_include/get_screenshot: Test Cases/mobileWeb/_include/get_screenshot

2019-12-02 02:28:31 - [TEST_STEP][PASSED] - takeScreenshot(screenPath + i + ".png"): Taking screenshot successfully

2019-12-02 02:28:31 - [MESSAGE][PASSED] - Taking screenshot successfully
[[ATTACHMENT|D:\\Test\\AgileTest\\Reports\\HIC\\hic\\20191202_022122\\../Screenshots/iPhone 6/HIC/HBI/Agile Secure/standard/7.png]]

2019-12-02 02:28:31 - [TEST_STEP][PASSED] - (internal.GlobalVariable.i++): null

2019-12-02 02:28:31 - [MESSAGE][PASSED] - Call Test Case 'Test Cases/mobileWeb/_include/get_screenshot' successfully

2019-12-02 02:28:31 - [TEST_STEP][PASSED] - verifyTextPresent("Congratulations", false): Text 'Congratulations' is present on page 

2019-12-02 02:28:31 - [MESSAGE][PASSED] - Text 'Congratulations' is present on page 

2019-12-02 02:28:31 - [MESSAGE][PASSED] - Call Test Case 'Test Cases/mobileWeb/_include/goToEnd_hbi' successfully]]></system-out>
         <system-err><![CDATA[]]></system-err>
      </testcase>
      <testcase name="Test Cases/HIC/HBI/Cardinal Choice" classname="Test Cases/HIC/HBI/Cardinal Choice" status="PASSED">
         <system-out><![CDATA[2019-12-02 02:28:31 - [TEST_CASE][PASSED] - Test Cases/HIC/HBI/Cardinal Choice: Test Cases/HIC/HBI/Cardinal Choice

2019-12-02 02:28:31 - [TEST_STEP][PASSED] - callTestCase(findTestCase("HIC/_include/get_hicScreenPath"), ["project":"HIC", "productLine":"HBI", "carrierName":"Cardinal Choice"], CONTINUE_ON_FAILURE): Call Test Case 'Test Cases/HIC/_include/get_hicScreenPath' successfully

2019-12-02 02:28:31 - [TEST_CASE][PASSED] - Test Cases/HIC/_include/get_hicScreenPath: Test Cases/HIC/_include/get_hicScreenPath

2019-12-02 02:28:31 - [TEST_STEP][PASSED] - m = getExecutionProperties(): null

2019-12-02 02:28:31 - [TEST_STEP][PASSED] - deviceName = get("mobileEmulation").get("deviceName"): null

2019-12-02 02:28:31 - [TEST_STEP][PASSED] - println(deviceName): null

2019-12-02 02:28:31 - [TEST_STEP][PASSED] - now = new java.util.Date(): null

2019-12-02 02:28:31 - [TEST_STEP][PASSED] - mydate = now.format("yyyyMMdd_HHmmss"): null

2019-12-02 02:28:31 - [TEST_STEP][PASSED] - screenPath = "../Screenshots/": null

2019-12-02 02:28:31 - [TEST_STEP][PASSED] - screenPath = screenPath + deviceName + "/" + project + "/" + productLine + "/" + carrierName + "/" + "standard" + "/": null

2019-12-02 02:28:31 - [TEST_STEP][PASSED] - println(screenPath): null

2019-12-02 02:28:31 - [MESSAGE][PASSED] - Call Test Case 'Test Cases/HIC/_include/get_hicScreenPath' successfully

2019-12-02 02:28:31 - [TEST_STEP][PASSED] - i = 0: null

2019-12-02 02:28:31 - [TEST_STEP][PASSED] - callTestCase(findTestCase("mobileWeb/_include/openWebSite"), ["env":"https://qa.healthinsurance.com/"], CONTINUE_ON_FAILURE): Call Test Case 'Test Cases/mobileWeb/_include/openWebSite' successfully

2019-12-02 02:28:31 - [TEST_CASE][PASSED] - Test Cases/mobileWeb/_include/openWebSite: Test Cases/mobileWeb/_include/openWebSite

2019-12-02 02:28:31 - [TEST_STEP][PASSED] - openBrowser(env): Browser is opened with url: 'https://qa.healthinsurance.com/'

2019-12-02 02:28:31 - [MESSAGE][WARNING] - A browser is already opened. Closing browser and opening a new one

2019-12-02 02:28:32 - [MESSAGE][INFO] - Starting 'Chrome' driver

2019-12-02 02:28:32 - [MESSAGE][INFO] - User set preference: ['mobileEmulation', '{deviceName=iPhone 6}']

2019-12-02 02:28:32 - [MESSAGE][INFO] - User set preference: ['args', '[--incognito, --aggressive-cache-discard, --window-size=375,677, --no-sandbox]']

2019-12-02 02:28:35 - [MESSAGE][PASSED] - Browser is opened with url: 'https://qa.healthinsurance.com/'

2019-12-02 02:28:35 - [TEST_STEP][PASSED] - waitForPageLoad(20): Wait for page load successfully

2019-12-02 02:28:35 - [MESSAGE][PASSED] - Wait for page load successfully

2019-12-02 02:28:35 - [TEST_STEP][PASSED] - callTestCase(findTestCase("mobileWeb/_include/get_screenshot"), [:], STOP_ON_FAILURE): Call Test Case 'Test Cases/mobileWeb/_include/get_screenshot' successfully

2019-12-02 02:28:35 - [TEST_CASE][PASSED] - Test Cases/mobileWeb/_include/get_screenshot: Test Cases/mobileWeb/_include/get_screenshot

2019-12-02 02:28:35 - [TEST_STEP][PASSED] - takeScreenshot(screenPath + i + ".png"): Taking screenshot successfully

2019-12-02 02:28:35 - [MESSAGE][PASSED] - Taking screenshot successfully
[[ATTACHMENT|D:\\Test\\AgileTest\\Reports\\HIC\\hic\\20191202_022122\\../Screenshots/iPhone 6/HIC/HBI/Cardinal Choice/standard/0.png]]

2019-12-02 02:28:35 - [TEST_STEP][PASSED] - (internal.GlobalVariable.i++): null

2019-12-02 02:28:35 - [MESSAGE][PASSED] - Call Test Case 'Test Cases/mobileWeb/_include/get_screenshot' successfully

2019-12-02 02:28:35 - [MESSAGE][PASSED] - Call Test Case 'Test Cases/mobileWeb/_include/openWebSite' successfully

2019-12-02 02:28:35 - [TEST_STEP][PASSED] - click(findTestObject("hic/nav/navButton")): Object: 'Object Repository/hic/nav/navButton' is clicked on

2019-12-02 02:28:35 - [MESSAGE][PASSED] - Object: 'Object Repository/hic/nav/navButton' is clicked on

2019-12-02 02:28:35 - [TEST_STEP][PASSED] - Thread.sleep(2000): null

2019-12-02 02:28:37 - [TEST_STEP][PASSED] - click(findTestObject("hic/nav/hbiLink")): Object: 'Object Repository/hic/nav/hbiLink' is clicked on

2019-12-02 02:28:37 - [MESSAGE][PASSED] - Object: 'Object Repository/hic/nav/hbiLink' is clicked on

2019-12-02 02:28:37 - [TEST_STEP][PASSED] - Thread.sleep(2000): null

2019-12-02 02:28:39 - [TEST_STEP][PASSED] - callTestCase(findTestCase("mobileWeb/_include/get_screenshot"), [:], STOP_ON_FAILURE): Call Test Case 'Test Cases/mobileWeb/_include/get_screenshot' successfully

2019-12-02 02:28:39 - [TEST_CASE][PASSED] - Test Cases/mobileWeb/_include/get_screenshot: Test Cases/mobileWeb/_include/get_screenshot

2019-12-02 02:28:39 - [TEST_STEP][PASSED] - takeScreenshot(screenPath + i + ".png"): Taking screenshot successfully

2019-12-02 02:28:40 - [MESSAGE][PASSED] - Taking screenshot successfully
[[ATTACHMENT|D:\\Test\\AgileTest\\Reports\\HIC\\hic\\20191202_022122\\../Screenshots/iPhone 6/HIC/HBI/Cardinal Choice/standard/1.png]]

2019-12-02 02:28:40 - [TEST_STEP][PASSED] - (internal.GlobalVariable.i++): null

2019-12-02 02:28:40 - [MESSAGE][PASSED] - Call Test Case 'Test Cases/mobileWeb/_include/get_screenshot' successfully

2019-12-02 02:28:40 - [TEST_STEP][PASSED] - callTestCase(findTestCase("HIC/_include/stm_census"), ["zipcode":"35215"], STOP_ON_FAILURE): Call Test Case 'Test Cases/HIC/_include/stm_census' successfully

2019-12-02 02:28:40 - [TEST_CASE][PASSED] - Test Cases/HIC/_include/stm_census: Test Cases/HIC/_include/stm_census

2019-12-02 02:28:40 - [TEST_STEP][PASSED] - setText(findTestObject("hic/stm/zip"), zipcode): Text '35215' is set on object 'Object Repository/hic/stm/zip'

2019-12-02 02:28:40 - [MESSAGE][PASSED] - Text '35215' is set on object 'Object Repository/hic/stm/zip'

2019-12-02 02:28:40 - [TEST_STEP][PASSED] - Thread.sleep(500): null

2019-12-02 02:28:41 - [TEST_STEP][PASSED] - setText(findTestObject("hic/stm/primaryDOB"), "03031987"): Text '03031987' is set on object 'Object Repository/hic/stm/primaryDOB'

2019-12-02 02:28:41 - [MESSAGE][PASSED] - Text '03031987' is set on object 'Object Repository/hic/stm/primaryDOB'

2019-12-02 02:28:41 - [TEST_STEP][PASSED] - click(findTestObject("hic/stm/female")): Object: 'Object Repository/hic/stm/female' is clicked on

2019-12-02 02:28:41 - [MESSAGE][PASSED] - Object: 'Object Repository/hic/stm/female' is clicked on

2019-12-02 02:28:41 - [TEST_STEP][PASSED] - Thread.sleep(3000): null

2019-12-02 02:28:44 - [TEST_STEP][PASSED] - click(findTestObject("hic/stm/submitButton")): Object: 'Object Repository/hic/stm/submitButton' is clicked on

2019-12-02 02:28:45 - [MESSAGE][PASSED] - Object: 'Object Repository/hic/stm/submitButton' is clicked on

2019-12-02 02:28:45 - [TEST_STEP][PASSED] - Thread.sleep(6000): null

2019-12-02 02:28:51 - [TEST_STEP][PASSED] - callTestCase(findTestCase("mobileWeb/_include/get_screenshot"), [:], STOP_ON_FAILURE): Call Test Case 'Test Cases/mobileWeb/_include/get_screenshot' successfully

2019-12-02 02:28:51 - [TEST_CASE][PASSED] - Test Cases/mobileWeb/_include/get_screenshot: Test Cases/mobileWeb/_include/get_screenshot

2019-12-02 02:28:51 - [TEST_STEP][PASSED] - takeScreenshot(screenPath + i + ".png"): Taking screenshot successfully

2019-12-02 02:28:51 - [MESSAGE][PASSED] - Taking screenshot successfully
[[ATTACHMENT|D:\\Test\\AgileTest\\Reports\\HIC\\hic\\20191202_022122\\../Screenshots/iPhone 6/HIC/HBI/Cardinal Choice/standard/2.png]]

2019-12-02 02:28:51 - [TEST_STEP][PASSED] - (internal.GlobalVariable.i++): null

2019-12-02 02:28:51 - [MESSAGE][PASSED] - Call Test Case 'Test Cases/mobileWeb/_include/get_screenshot' successfully

2019-12-02 02:28:51 - [TEST_STEP][PASSED] - Thread.sleep(1000): null

2019-12-02 02:28:52 - [MESSAGE][PASSED] - Call Test Case 'Test Cases/HIC/_include/stm_census' successfully

2019-12-02 02:28:52 - [TEST_STEP][PASSED] - Thread.sleep(5000): null

2019-12-02 02:28:57 - [TEST_STEP][PASSED] - scrollToPosition(200, 2300): Browser is scrolled to position x = 200, y = 2300

2019-12-02 02:28:57 - [MESSAGE][PASSED] - Browser is scrolled to position x = 200, y = 2300

2019-12-02 02:28:57 - [TEST_STEP][PASSED] - click(findTestObject("mobileSanity/HBI/quote/a_Cardinal Choice")): Object: 'Object Repository/mobileSanity/HBI/quote/a_Cardinal Choice' is clicked on

2019-12-02 02:28:58 - [MESSAGE][PASSED] - Object: 'Object Repository/mobileSanity/HBI/quote/a_Cardinal Choice' is clicked on

2019-12-02 02:28:58 - [TEST_STEP][PASSED] - waitForPageLoad(20): Wait for page load successfully

2019-12-02 02:28:58 - [MESSAGE][PASSED] - Wait for page load successfully

2019-12-02 02:28:58 - [TEST_STEP][PASSED] - callTestCase(findTestCase("mobileWeb/_include/get_screenshot"), [:], STOP_ON_FAILURE): Call Test Case 'Test Cases/mobileWeb/_include/get_screenshot' successfully

2019-12-02 02:28:59 - [TEST_CASE][PASSED] - Test Cases/mobileWeb/_include/get_screenshot: Test Cases/mobileWeb/_include/get_screenshot

2019-12-02 02:28:59 - [TEST_STEP][PASSED] - takeScreenshot(screenPath + i + ".png"): Taking screenshot successfully

2019-12-02 02:29:00 - [MESSAGE][PASSED] - Taking screenshot successfully
[[ATTACHMENT|D:\\Test\\AgileTest\\Reports\\HIC\\hic\\20191202_022122\\../Screenshots/iPhone 6/HIC/HBI/Cardinal Choice/standard/3.png]]

2019-12-02 02:29:00 - [TEST_STEP][PASSED] - (internal.GlobalVariable.i++): null

2019-12-02 02:29:00 - [MESSAGE][PASSED] - Call Test Case 'Test Cases/mobileWeb/_include/get_screenshot' successfully

2019-12-02 02:29:00 - [TEST_STEP][PASSED] - click(findTestObject("mobileSanity/HBI/detail/a_Apply for This Plan")): Object: 'Object Repository/mobileSanity/HBI/detail/a_Apply for This Plan' is clicked on

2019-12-02 02:29:00 - [MESSAGE][PASSED] - Object: 'Object Repository/mobileSanity/HBI/detail/a_Apply for This Plan' is clicked on

2019-12-02 02:29:00 - [TEST_STEP][PASSED] - waitForPageLoad(20): Wait for page load successfully

2019-12-02 02:29:00 - [MESSAGE][PASSED] - Wait for page load successfully

2019-12-02 02:29:00 - [TEST_STEP][PASSED] - callTestCase(findTestCase("mobileWeb/_include/get_screenshot"), [:], STOP_ON_FAILURE): Call Test Case 'Test Cases/mobileWeb/_include/get_screenshot' successfully

2019-12-02 02:29:00 - [TEST_CASE][PASSED] - Test Cases/mobileWeb/_include/get_screenshot: Test Cases/mobileWeb/_include/get_screenshot

2019-12-02 02:29:00 - [TEST_STEP][PASSED] - takeScreenshot(screenPath + i + ".png"): Taking screenshot successfully

2019-12-02 02:29:01 - [MESSAGE][PASSED] - Taking screenshot successfully
[[ATTACHMENT|D:\\Test\\AgileTest\\Reports\\HIC\\hic\\20191202_022122\\../Screenshots/iPhone 6/HIC/HBI/Cardinal Choice/standard/4.png]]

2019-12-02 02:29:01 - [TEST_STEP][PASSED] - (internal.GlobalVariable.i++): null

2019-12-02 02:29:01 - [MESSAGE][PASSED] - Call Test Case 'Test Cases/mobileWeb/_include/get_screenshot' successfully

2019-12-02 02:29:01 - [TEST_STEP][PASSED] - click(findTestObject("mobileSanity/HBI/Page_Apply/span_Start Secure Application")): Object: 'Object Repository/mobileSanity/HBI/Page_Apply/span_Start Secure Application' is clicked on

2019-12-02 02:29:02 - [MESSAGE][PASSED] - Object: 'Object Repository/mobileSanity/HBI/Page_Apply/span_Start Secure Application' is clicked on

2019-12-02 02:29:02 - [TEST_STEP][PASSED] - waitForPageLoad(20): Wait for page load successfully

2019-12-02 02:29:02 - [MESSAGE][PASSED] - Wait for page load successfully

2019-12-02 02:29:02 - [TEST_STEP][PASSED] - Thread.sleep(5000): null

2019-12-02 02:29:07 - [TEST_STEP][PASSED] - callTestCase(findTestCase("mobileWeb/_include/get_screenshot"), [:], STOP_ON_FAILURE): Call Test Case 'Test Cases/mobileWeb/_include/get_screenshot' successfully

2019-12-02 02:29:07 - [TEST_CASE][PASSED] - Test Cases/mobileWeb/_include/get_screenshot: Test Cases/mobileWeb/_include/get_screenshot

2019-12-02 02:29:07 - [TEST_STEP][PASSED] - takeScreenshot(screenPath + i + ".png"): Taking screenshot successfully

2019-12-02 02:29:07 - [MESSAGE][PASSED] - Taking screenshot successfully
[[ATTACHMENT|D:\\Test\\AgileTest\\Reports\\HIC\\hic\\20191202_022122\\../Screenshots/iPhone 6/HIC/HBI/Cardinal Choice/standard/5.png]]

2019-12-02 02:29:07 - [TEST_STEP][PASSED] - (internal.GlobalVariable.i++): null

2019-12-02 02:29:07 - [MESSAGE][PASSED] - Call Test Case 'Test Cases/mobileWeb/_include/get_screenshot' successfully

2019-12-02 02:29:07 - [TEST_STEP][PASSED] - callTestCase(findTestCase("mobileWeb/_include/goToEnd_hbi"), ["carrier":"cardinalchoice"], CONTINUE_ON_FAILURE): Call Test Case 'Test Cases/mobileWeb/_include/goToEnd_hbi' successfully

2019-12-02 02:29:08 - [TEST_CASE][PASSED] - Test Cases/mobileWeb/_include/goToEnd_hbi: Test Cases/mobileWeb/_include/goToEnd_hbi

2019-12-02 02:29:08 - [TEST_STEP][PASSED] - if (state == "ca"): null

2019-12-02 02:29:08 - [TEST_STEP][PASSED] - callTestCase(findTestCase("mobileWeb/_include/name"), [:], CONTINUE_ON_FAILURE): Call Test Case 'Test Cases/mobileWeb/_include/name' successfully

2019-12-02 02:29:08 - [TEST_CASE][PASSED] - Test Cases/mobileWeb/_include/name: Test Cases/mobileWeb/_include/name

2019-12-02 02:29:08 - [TEST_STEP][PASSED] - driver = getWebDriver(): null

2019-12-02 02:29:08 - [TEST_STEP][PASSED] - selenium = new com.thoughtworks.selenium.webdriven.WebDriverBackedSelenium(driver, internal.GlobalVariable.ENV): null

2019-12-02 02:29:08 - [TEST_STEP][PASSED] - FirstName = "Test-123": null

2019-12-02 02:29:08 - [TEST_STEP][PASSED] - LastName = selenium.getEval("{var x="ABCDEFGHIJKLMNOPQRSTUVWXYZabcdefghijklmnopqrstuvwxyz"; var tmp="ZZ11-"; for (i=0;i<8;i++) tmp+=x.charAt(Math.ceil(51*Math.random()));tmp;}"): null

2019-12-02 02:29:08 - [TEST_STEP][PASSED] - Address = selenium.getEval("{var x="ABCDEFGHIJKLMNOPQRSTUVWXYZabcdefghijklmnopqrstuvwxyz"; var tmp=""; for (i=0;i<8;i++) tmp+=x.charAt(Math.ceil(51*Math.random()));tmp;}"): null

2019-12-02 02:29:08 - [TEST_STEP][PASSED] - City = selenium.getEval("{var x="ABCDEFGHIJKLMNOPQRSTUVWXYZabcdefghijklmnopqrstuvwxyz"; var tmp=""; for (i=0;i<8;i++) tmp+=x.charAt(Math.ceil(51*Math.random()));tmp;}"): null

2019-12-02 02:29:08 - [TEST_STEP][PASSED] - tel1 = selenium.getEval("{var x="123456789"; var tmp=""; for (i=0;i<3;i++) tmp+=x.charAt(Math.ceil(8*Math.random()));tmp;}"): null

2019-12-02 02:29:08 - [TEST_STEP][PASSED] - tel2 = selenium.getEval("{var x="123456789"; var tmp=""; for (i=0;i<3;i++) tmp+=x.charAt(Math.ceil(8*Math.random()));tmp;}"): null

2019-12-02 02:29:08 - [TEST_STEP][PASSED] - tel3 = selenium.getEval("{var x="123456789"; var tmp=""; for (i=0;i<4;i++) tmp+=x.charAt(Math.ceil(8*Math.random()));tmp;}"): null

2019-12-02 02:29:08 - [TEST_STEP][PASSED] - Tel = selenium.getExpression(tel1 + "-" + tel2 + "-" + tel3): null

2019-12-02 02:29:08 - [TEST_STEP][PASSED] - AutoEmail = selenium.getEval("{var x="ABCDEFGHIJKLMNOPQRSTUVWXYZabcdefghijklmnopqrstuvwxyz"; var tmp="test."; for (i=0;i<8;i++) tmp+=x.charAt(Math.ceil(51*Math.random()));tmp+="@suryani.cn";}"): null

2019-12-02 02:29:08 - [TEST_STEP][PASSED] - FirstName = FirstName: null

2019-12-02 02:29:08 - [TEST_STEP][PASSED] - LastName = LastName: null

2019-12-02 02:29:08 - [TEST_STEP][PASSED] - Address = Address: null

2019-12-02 02:29:08 - [TEST_STEP][PASSED] - City = City: null

2019-12-02 02:29:08 - [TEST_STEP][PASSED] - Tel = Tel: null

2019-12-02 02:29:08 - [TEST_STEP][PASSED] - AutoEmail = AutoEmail: null

2019-12-02 02:29:08 - [TEST_STEP][PASSED] - println(FirstName): null

2019-12-02 02:29:08 - [TEST_STEP][PASSED] - println(LastName): null

2019-12-02 02:29:08 - [TEST_STEP][PASSED] - println(Address): null

2019-12-02 02:29:08 - [TEST_STEP][PASSED] - println(City): null

2019-12-02 02:29:08 - [TEST_STEP][PASSED] - println(Tel): null

2019-12-02 02:29:08 - [TEST_STEP][PASSED] - println(AutoEmail): null

2019-12-02 02:29:08 - [MESSAGE][PASSED] - Call Test Case 'Test Cases/mobileWeb/_include/name' successfully

2019-12-02 02:29:08 - [TEST_STEP][PASSED] - setText(findTestObject("mobileSanity/HBI/Page_App Page 1/input__member-P-1-firstName"), FirstName): Text 'Test-123' is set on object 'Object Repository/mobileSanity/HBI/Page_App Page 1/input__member-P-1-firstName'

2019-12-02 02:29:09 - [MESSAGE][PASSED] - Text 'Test-123' is set on object 'Object Repository/mobileSanity/HBI/Page_App Page 1/input__member-P-1-firstName'

2019-12-02 02:29:09 - [TEST_STEP][PASSED] - setText(findTestObject("mobileSanity/HBI/Page_App Page 1/input__member-P-1-lastName"), LastName): Text 'ZZ11-bRxwOmav' is set on object 'Object Repository/mobileSanity/HBI/Page_App Page 1/input__member-P-1-lastName'

2019-12-02 02:29:09 - [MESSAGE][PASSED] - Text 'ZZ11-bRxwOmav' is set on object 'Object Repository/mobileSanity/HBI/Page_App Page 1/input__member-P-1-lastName'

2019-12-02 02:29:09 - [TEST_STEP][PASSED] - if (carrier == "agileone" || carrier == "agilesecure"): null

2019-12-02 02:29:09 - [TEST_STEP][PASSED] - setText(findTestObject("mobileSanity/HBI/Page_App Page 1/input__address"), Address): Text 'USyEwIcS' is set on object 'Object Repository/mobileSanity/HBI/Page_App Page 1/input__address'

2019-12-02 02:29:10 - [MESSAGE][PASSED] - Text 'USyEwIcS' is set on object 'Object Repository/mobileSanity/HBI/Page_App Page 1/input__address'

2019-12-02 02:29:10 - [TEST_STEP][PASSED] - setText(findTestObject("mobileSanity/HBI/Page_App Page 1/input__city"), City): Text 'fpIikclD' is set on object 'Object Repository/mobileSanity/HBI/Page_App Page 1/input__city'

2019-12-02 02:29:10 - [MESSAGE][PASSED] - Text 'fpIikclD' is set on object 'Object Repository/mobileSanity/HBI/Page_App Page 1/input__city'

2019-12-02 02:29:10 - [TEST_STEP][PASSED] - setText(findTestObject("mobileSanity/HBI/Page_App Page 1/input__email"), AutoEmail): Text 'test.VlNCyIYb@suryani.cn' is set on object 'Object Repository/mobileSanity/HBI/Page_App Page 1/input__email'

2019-12-02 02:29:10 - [MESSAGE][PASSED] - Text 'test.VlNCyIYb@suryani.cn' is set on object 'Object Repository/mobileSanity/HBI/Page_App Page 1/input__email'

2019-12-02 02:29:10 - [TEST_STEP][PASSED] - setText(findTestObject("mobileSanity/HBI/Page_App Page 1/input_tel"), Tel): Text '682-238-2883' is set on object 'Object Repository/mobileSanity/HBI/Page_App Page 1/input_tel'

2019-12-02 02:29:10 - [MESSAGE][PASSED] - Text '682-238-2883' is set on object 'Object Repository/mobileSanity/HBI/Page_App Page 1/input_tel'

2019-12-02 02:29:10 - [TEST_STEP][PASSED] - click(findTestObject("mobileSanity/HBI/Page_App Page 1/a_Continue to Step 2 - Payment")): Object: 'Object Repository/mobileSanity/HBI/Page_App Page 1/a_Continue to Step 2 - Payment' is clicked on

2019-12-02 02:29:11 - [MESSAGE][PASSED] - Object: 'Object Repository/mobileSanity/HBI/Page_App Page 1/a_Continue to Step 2 - Payment' is clicked on

2019-12-02 02:29:11 - [TEST_STEP][PASSED] - waitForPageLoad(20): Wait for page load successfully

2019-12-02 02:29:11 - [MESSAGE][PASSED] - Wait for page load successfully

2019-12-02 02:29:11 - [TEST_STEP][PASSED] - Thread.sleep(2000): null

2019-12-02 02:29:13 - [TEST_STEP][PASSED] - waitForElementVisible(findTestObject("mobileSanity/HBI/Page_App Page 2/input__credit-card-first"), 20): Object 'Object Repository/mobileSanity/HBI/Page_App Page 2/input__credit-card-first' is visible

2019-12-02 02:29:13 - [MESSAGE][PASSED] - Object 'Object Repository/mobileSanity/HBI/Page_App Page 2/input__credit-card-first' is visible

2019-12-02 02:29:13 - [TEST_STEP][PASSED] - callTestCase(findTestCase("mobileWeb/_include/get_screenshot"), [:], STOP_ON_FAILURE): Call Test Case 'Test Cases/mobileWeb/_include/get_screenshot' successfully

2019-12-02 02:29:13 - [TEST_CASE][PASSED] - Test Cases/mobileWeb/_include/get_screenshot: Test Cases/mobileWeb/_include/get_screenshot

2019-12-02 02:29:13 - [TEST_STEP][PASSED] - takeScreenshot(screenPath + i + ".png"): Taking screenshot successfully

2019-12-02 02:29:13 - [MESSAGE][PASSED] - Taking screenshot successfully
[[ATTACHMENT|D:\\Test\\AgileTest\\Reports\\HIC\\hic\\20191202_022122\\../Screenshots/iPhone 6/HIC/HBI/Cardinal Choice/standard/6.png]]

2019-12-02 02:29:13 - [TEST_STEP][PASSED] - (internal.GlobalVariable.i++): null

2019-12-02 02:29:13 - [MESSAGE][PASSED] - Call Test Case 'Test Cases/mobileWeb/_include/get_screenshot' successfully

2019-12-02 02:29:13 - [TEST_STEP][PASSED] - setText(findTestObject("mobileSanity/HBI/Page_App Page 2/input__credit-card-first"), FirstName): Text 'Test-123' is set on object 'Object Repository/mobileSanity/HBI/Page_App Page 2/input__credit-card-first'

2019-12-02 02:29:14 - [MESSAGE][PASSED] - Text 'Test-123' is set on object 'Object Repository/mobileSanity/HBI/Page_App Page 2/input__credit-card-first'

2019-12-02 02:29:14 - [TEST_STEP][PASSED] - setText(findTestObject("mobileSanity/HBI/Page_App Page 2/input__credit-card-last"), LastName): Text 'ZZ11-bRxwOmav' is set on object 'Object Repository/mobileSanity/HBI/Page_App Page 2/input__credit-card-last'

2019-12-02 02:29:14 - [MESSAGE][PASSED] - Text 'ZZ11-bRxwOmav' is set on object 'Object Repository/mobileSanity/HBI/Page_App Page 2/input__credit-card-last'

2019-12-02 02:29:14 - [TEST_STEP][PASSED] - selectOptionByValue(findTestObject("mobileSanity/HBI/Page_App Page 2/select_MM010203040506070809101"), "12", true): All options with value '12' are selected in object 'Object Repository/mobileSanity/HBI/Page_App Page 2/select_MM010203040506070809101'  using regular expression

2019-12-02 02:29:14 - [MESSAGE][PASSED] - All options with value '12' are selected in object 'Object Repository/mobileSanity/HBI/Page_App Page 2/select_MM010203040506070809101'  using regular expression

2019-12-02 02:29:14 - [TEST_STEP][PASSED] - selectOptionByValue(findTestObject("mobileSanity/HBI/Page_App Page 2/select_YYYY2019202020212022202"), "2026", true): All options with value '2026' are selected in object 'Object Repository/mobileSanity/HBI/Page_App Page 2/select_YYYY2019202020212022202'  using regular expression

2019-12-02 02:29:15 - [MESSAGE][PASSED] - All options with value '2026' are selected in object 'Object Repository/mobileSanity/HBI/Page_App Page 2/select_YYYY2019202020212022202'  using regular expression

2019-12-02 02:29:15 - [TEST_STEP][PASSED] - setText(findTestObject("mobileSanity/HBI/Page_App Page 2/input__credit-card-number"), "4111111111111111"): Text '4111111111111111' is set on object 'Object Repository/mobileSanity/HBI/Page_App Page 2/input__credit-card-number'

2019-12-02 02:29:15 - [MESSAGE][PASSED] - Text '4111111111111111' is set on object 'Object Repository/mobileSanity/HBI/Page_App Page 2/input__credit-card-number'

2019-12-02 02:29:15 - [TEST_STEP][PASSED] - setText(findTestObject("mobileSanity/HBI/Page_App Page 2/input__cvv"), "123"): Text '123' is set on object 'Object Repository/mobileSanity/HBI/Page_App Page 2/input__cvv'

2019-12-02 02:29:15 - [MESSAGE][PASSED] - Text '123' is set on object 'Object Repository/mobileSanity/HBI/Page_App Page 2/input__cvv'

2019-12-02 02:29:15 - [TEST_STEP][PASSED] - click(findTestObject("mobileSanity/HBI/Page_App Page 2/label_My billing address is th")): Object: 'Object Repository/mobileSanity/HBI/Page_App Page 2/label_My billing address is th' is clicked on

2019-12-02 02:29:15 - [MESSAGE][PASSED] - Object: 'Object Repository/mobileSanity/HBI/Page_App Page 2/label_My billing address is th' is clicked on

2019-12-02 02:29:15 - [TEST_STEP][PASSED] - click(findTestObject("mobileSanity/HBI/Page_App Page 2/label_I Accept Authorization f")): Object: 'Object Repository/mobileSanity/HBI/Page_App Page 2/label_I Accept Authorization f' is clicked on

2019-12-02 02:29:15 - [MESSAGE][PASSED] - Object: 'Object Repository/mobileSanity/HBI/Page_App Page 2/label_I Accept Authorization f' is clicked on

2019-12-02 02:29:15 - [TEST_STEP][PASSED] - click(findTestObject("mobileSanity/HBI/Page_App Page 2/a_Continue to Step 3 - Review")): Object: 'Object Repository/mobileSanity/HBI/Page_App Page 2/a_Continue to Step 3 - Review' is clicked on

2019-12-02 02:29:16 - [MESSAGE][PASSED] - Object: 'Object Repository/mobileSanity/HBI/Page_App Page 2/a_Continue to Step 3 - Review' is clicked on

2019-12-02 02:29:16 - [TEST_STEP][PASSED] - waitForPageLoad(20): Wait for page load successfully

2019-12-02 02:29:16 - [MESSAGE][PASSED] - Wait for page load successfully

2019-12-02 02:29:16 - [TEST_STEP][PASSED] - Thread.sleep(10000): null

2019-12-02 02:29:26 - [TEST_STEP][PASSED] - waitForElementPresent(findTestObject("mobileSanity/HBI/Page_App Page 3/label"), 20): Object 'Object Repository/mobileSanity/HBI/Page_App Page 3/label' is present

2019-12-02 02:29:26 - [MESSAGE][PASSED] - Object 'Object Repository/mobileSanity/HBI/Page_App Page 3/label' is present

2019-12-02 02:29:26 - [TEST_STEP][PASSED] - callTestCase(findTestCase("mobileWeb/_include/get_screenshot"), [:], STOP_ON_FAILURE): Call Test Case 'Test Cases/mobileWeb/_include/get_screenshot' successfully

2019-12-02 02:29:26 - [TEST_CASE][PASSED] - Test Cases/mobileWeb/_include/get_screenshot: Test Cases/mobileWeb/_include/get_screenshot

2019-12-02 02:29:26 - [TEST_STEP][PASSED] - takeScreenshot(screenPath + i + ".png"): Taking screenshot successfully

2019-12-02 02:29:26 - [MESSAGE][PASSED] - Taking screenshot successfully
[[ATTACHMENT|D:\\Test\\AgileTest\\Reports\\HIC\\hic\\20191202_022122\\../Screenshots/iPhone 6/HIC/HBI/Cardinal Choice/standard/7.png]]

2019-12-02 02:29:26 - [TEST_STEP][PASSED] - (internal.GlobalVariable.i++): null

2019-12-02 02:29:26 - [MESSAGE][PASSED] - Call Test Case 'Test Cases/mobileWeb/_include/get_screenshot' successfully

2019-12-02 02:29:26 - [TEST_STEP][PASSED] - click(findTestObject("mobileSanity/HBI/Page_App Page 3/label")): Object: 'Object Repository/mobileSanity/HBI/Page_App Page 3/label' is clicked on

2019-12-02 02:29:26 - [MESSAGE][PASSED] - Object: 'Object Repository/mobileSanity/HBI/Page_App Page 3/label' is clicked on

2019-12-02 02:29:26 - [TEST_STEP][PASSED] - click(findTestObject("mobileSanity/HBI/Page_App Page 3/p_CLICK TO SIGN")): Object: 'Object Repository/mobileSanity/HBI/Page_App Page 3/p_CLICK TO SIGN' is clicked on

2019-12-02 02:29:26 - [MESSAGE][PASSED] - Object: 'Object Repository/mobileSanity/HBI/Page_App Page 3/p_CLICK TO SIGN' is clicked on

2019-12-02 02:29:26 - [TEST_STEP][PASSED] - click(findTestObject("mobileSanity/HBI/Page_App Page 3/a_Submit Your Application")): Object: 'Object Repository/mobileSanity/HBI/Page_App Page 3/a_Submit Your Application' is clicked on

2019-12-02 02:29:27 - [MESSAGE][PASSED] - Object: 'Object Repository/mobileSanity/HBI/Page_App Page 3/a_Submit Your Application' is clicked on

2019-12-02 02:29:27 - [TEST_STEP][PASSED] - Thread.sleep(30000): null

2019-12-02 02:29:57 - [TEST_STEP][PASSED] - callTestCase(findTestCase("mobileWeb/_include/get_screenshot"), [:], STOP_ON_FAILURE): Call Test Case 'Test Cases/mobileWeb/_include/get_screenshot' successfully

2019-12-02 02:29:57 - [TEST_CASE][PASSED] - Test Cases/mobileWeb/_include/get_screenshot: Test Cases/mobileWeb/_include/get_screenshot

2019-12-02 02:29:57 - [TEST_STEP][PASSED] - takeScreenshot(screenPath + i + ".png"): Taking screenshot successfully

2019-12-02 02:29:57 - [MESSAGE][PASSED] - Taking screenshot successfully
[[ATTACHMENT|D:\\Test\\AgileTest\\Reports\\HIC\\hic\\20191202_022122\\../Screenshots/iPhone 6/HIC/HBI/Cardinal Choice/standard/8.png]]

2019-12-02 02:29:57 - [TEST_STEP][PASSED] - (internal.GlobalVariable.i++): null

2019-12-02 02:29:57 - [MESSAGE][PASSED] - Call Test Case 'Test Cases/mobileWeb/_include/get_screenshot' successfully

2019-12-02 02:29:57 - [TEST_STEP][PASSED] - verifyTextPresent("Congratulations", false): Text 'Congratulations' is present on page 

2019-12-02 02:29:57 - [MESSAGE][PASSED] - Text 'Congratulations' is present on page 

2019-12-02 02:29:57 - [MESSAGE][PASSED] - Call Test Case 'Test Cases/mobileWeb/_include/goToEnd_hbi' successfully]]></system-out>
         <system-err><![CDATA[]]></system-err>
      </testcase>
      <testcase name="Test Cases/HIC/HBI/Core Shield" classname="Test Cases/HIC/HBI/Core Shield" status="PASSED">
         <system-out><![CDATA[2019-12-02 02:29:57 - [TEST_CASE][PASSED] - Test Cases/HIC/HBI/Core Shield: Test Cases/HIC/HBI/Core Shield

2019-12-02 02:29:57 - [TEST_STEP][PASSED] - callTestCase(findTestCase("HIC/_include/get_hicScreenPath"), ["project":"HIC", "productLine":"HBI", "carrierName":"Core Shield"], CONTINUE_ON_FAILURE): Call Test Case 'Test Cases/HIC/_include/get_hicScreenPath' successfully

2019-12-02 02:29:57 - [TEST_CASE][PASSED] - Test Cases/HIC/_include/get_hicScreenPath: Test Cases/HIC/_include/get_hicScreenPath

2019-12-02 02:29:57 - [TEST_STEP][PASSED] - m = getExecutionProperties(): null

2019-12-02 02:29:57 - [TEST_STEP][PASSED] - deviceName = get("mobileEmulation").get("deviceName"): null

2019-12-02 02:29:57 - [TEST_STEP][PASSED] - println(deviceName): null

2019-12-02 02:29:57 - [TEST_STEP][PASSED] - now = new java.util.Date(): null

2019-12-02 02:29:57 - [TEST_STEP][PASSED] - mydate = now.format("yyyyMMdd_HHmmss"): null

2019-12-02 02:29:57 - [TEST_STEP][PASSED] - screenPath = "../Screenshots/": null

2019-12-02 02:29:57 - [TEST_STEP][PASSED] - screenPath = screenPath + deviceName + "/" + project + "/" + productLine + "/" + carrierName + "/" + "standard" + "/": null

2019-12-02 02:29:57 - [TEST_STEP][PASSED] - println(screenPath): null

2019-12-02 02:29:57 - [MESSAGE][PASSED] - Call Test Case 'Test Cases/HIC/_include/get_hicScreenPath' successfully

2019-12-02 02:29:57 - [TEST_STEP][PASSED] - i = 0: null

2019-12-02 02:29:57 - [TEST_STEP][PASSED] - callTestCase(findTestCase("mobileWeb/_include/openWebSite"), ["env":"https://qa.healthinsurance.com/"], CONTINUE_ON_FAILURE): Call Test Case 'Test Cases/mobileWeb/_include/openWebSite' successfully

2019-12-02 02:29:57 - [TEST_CASE][PASSED] - Test Cases/mobileWeb/_include/openWebSite: Test Cases/mobileWeb/_include/openWebSite

2019-12-02 02:29:57 - [TEST_STEP][PASSED] - openBrowser(env): Browser is opened with url: 'https://qa.healthinsurance.com/'

2019-12-02 02:29:57 - [MESSAGE][WARNING] - A browser is already opened. Closing browser and opening a new one

2019-12-02 02:29:58 - [MESSAGE][INFO] - Starting 'Chrome' driver

2019-12-02 02:29:58 - [MESSAGE][INFO] - User set preference: ['mobileEmulation', '{deviceName=iPhone 6}']

2019-12-02 02:29:58 - [MESSAGE][INFO] - User set preference: ['args', '[--incognito, --aggressive-cache-discard, --window-size=375,677, --no-sandbox]']

2019-12-02 02:30:00 - [MESSAGE][PASSED] - Browser is opened with url: 'https://qa.healthinsurance.com/'

2019-12-02 02:30:00 - [TEST_STEP][PASSED] - waitForPageLoad(20): Wait for page load successfully

2019-12-02 02:30:00 - [MESSAGE][PASSED] - Wait for page load successfully

2019-12-02 02:30:00 - [TEST_STEP][PASSED] - callTestCase(findTestCase("mobileWeb/_include/get_screenshot"), [:], STOP_ON_FAILURE): Call Test Case 'Test Cases/mobileWeb/_include/get_screenshot' successfully

2019-12-02 02:30:01 - [TEST_CASE][PASSED] - Test Cases/mobileWeb/_include/get_screenshot: Test Cases/mobileWeb/_include/get_screenshot

2019-12-02 02:30:01 - [TEST_STEP][PASSED] - takeScreenshot(screenPath + i + ".png"): Taking screenshot successfully

2019-12-02 02:30:01 - [MESSAGE][PASSED] - Taking screenshot successfully
[[ATTACHMENT|D:\\Test\\AgileTest\\Reports\\HIC\\hic\\20191202_022122\\../Screenshots/iPhone 6/HIC/HBI/Core Shield/standard/0.png]]

2019-12-02 02:30:01 - [TEST_STEP][PASSED] - (internal.GlobalVariable.i++): null

2019-12-02 02:30:01 - [MESSAGE][PASSED] - Call Test Case 'Test Cases/mobileWeb/_include/get_screenshot' successfully

2019-12-02 02:30:01 - [MESSAGE][PASSED] - Call Test Case 'Test Cases/mobileWeb/_include/openWebSite' successfully

2019-12-02 02:30:01 - [TEST_STEP][PASSED] - click(findTestObject("hic/nav/navButton")): Object: 'Object Repository/hic/nav/navButton' is clicked on

2019-12-02 02:30:01 - [MESSAGE][PASSED] - Object: 'Object Repository/hic/nav/navButton' is clicked on

2019-12-02 02:30:01 - [TEST_STEP][PASSED] - Thread.sleep(2000): null

2019-12-02 02:30:03 - [TEST_STEP][PASSED] - click(findTestObject("hic/nav/hbiLink")): Object: 'Object Repository/hic/nav/hbiLink' is clicked on

2019-12-02 02:30:03 - [MESSAGE][PASSED] - Object: 'Object Repository/hic/nav/hbiLink' is clicked on

2019-12-02 02:30:03 - [TEST_STEP][PASSED] - Thread.sleep(2000): null

2019-12-02 02:30:05 - [TEST_STEP][PASSED] - callTestCase(findTestCase("mobileWeb/_include/get_screenshot"), [:], STOP_ON_FAILURE): Call Test Case 'Test Cases/mobileWeb/_include/get_screenshot' successfully

2019-12-02 02:30:05 - [TEST_CASE][PASSED] - Test Cases/mobileWeb/_include/get_screenshot: Test Cases/mobileWeb/_include/get_screenshot

2019-12-02 02:30:05 - [TEST_STEP][PASSED] - takeScreenshot(screenPath + i + ".png"): Taking screenshot successfully

2019-12-02 02:30:06 - [MESSAGE][PASSED] - Taking screenshot successfully
[[ATTACHMENT|D:\\Test\\AgileTest\\Reports\\HIC\\hic\\20191202_022122\\../Screenshots/iPhone 6/HIC/HBI/Core Shield/standard/1.png]]

2019-12-02 02:30:06 - [TEST_STEP][PASSED] - (internal.GlobalVariable.i++): null

2019-12-02 02:30:06 - [MESSAGE][PASSED] - Call Test Case 'Test Cases/mobileWeb/_include/get_screenshot' successfully

2019-12-02 02:30:06 - [TEST_STEP][PASSED] - callTestCase(findTestCase("HIC/_include/stm_census"), ["zipcode":"35215"], STOP_ON_FAILURE): Call Test Case 'Test Cases/HIC/_include/stm_census' successfully

2019-12-02 02:30:06 - [TEST_CASE][PASSED] - Test Cases/HIC/_include/stm_census: Test Cases/HIC/_include/stm_census

2019-12-02 02:30:06 - [TEST_STEP][PASSED] - setText(findTestObject("hic/stm/zip"), zipcode): Text '35215' is set on object 'Object Repository/hic/stm/zip'

2019-12-02 02:30:06 - [MESSAGE][PASSED] - Text '35215' is set on object 'Object Repository/hic/stm/zip'

2019-12-02 02:30:06 - [TEST_STEP][PASSED] - Thread.sleep(500): null

2019-12-02 02:30:07 - [TEST_STEP][PASSED] - setText(findTestObject("hic/stm/primaryDOB"), "03031987"): Text '03031987' is set on object 'Object Repository/hic/stm/primaryDOB'

2019-12-02 02:30:07 - [MESSAGE][PASSED] - Text '03031987' is set on object 'Object Repository/hic/stm/primaryDOB'

2019-12-02 02:30:07 - [TEST_STEP][PASSED] - click(findTestObject("hic/stm/female")): Object: 'Object Repository/hic/stm/female' is clicked on

2019-12-02 02:30:07 - [MESSAGE][PASSED] - Object: 'Object Repository/hic/stm/female' is clicked on

2019-12-02 02:30:07 - [TEST_STEP][PASSED] - Thread.sleep(3000): null

2019-12-02 02:30:10 - [TEST_STEP][PASSED] - click(findTestObject("hic/stm/submitButton")): Object: 'Object Repository/hic/stm/submitButton' is clicked on

2019-12-02 02:30:11 - [MESSAGE][PASSED] - Object: 'Object Repository/hic/stm/submitButton' is clicked on

2019-12-02 02:30:11 - [TEST_STEP][PASSED] - Thread.sleep(6000): null

2019-12-02 02:30:17 - [TEST_STEP][PASSED] - callTestCase(findTestCase("mobileWeb/_include/get_screenshot"), [:], STOP_ON_FAILURE): Call Test Case 'Test Cases/mobileWeb/_include/get_screenshot' successfully

2019-12-02 02:30:17 - [TEST_CASE][PASSED] - Test Cases/mobileWeb/_include/get_screenshot: Test Cases/mobileWeb/_include/get_screenshot

2019-12-02 02:30:17 - [TEST_STEP][PASSED] - takeScreenshot(screenPath + i + ".png"): Taking screenshot successfully

2019-12-02 02:30:18 - [MESSAGE][PASSED] - Taking screenshot successfully
[[ATTACHMENT|D:\\Test\\AgileTest\\Reports\\HIC\\hic\\20191202_022122\\../Screenshots/iPhone 6/HIC/HBI/Core Shield/standard/2.png]]

2019-12-02 02:30:18 - [TEST_STEP][PASSED] - (internal.GlobalVariable.i++): null

2019-12-02 02:30:18 - [MESSAGE][PASSED] - Call Test Case 'Test Cases/mobileWeb/_include/get_screenshot' successfully

2019-12-02 02:30:18 - [TEST_STEP][PASSED] - Thread.sleep(1000): null

2019-12-02 02:30:19 - [MESSAGE][PASSED] - Call Test Case 'Test Cases/HIC/_include/stm_census' successfully

2019-12-02 02:30:19 - [TEST_STEP][PASSED] - Thread.sleep(5000): null

2019-12-02 02:30:24 - [TEST_STEP][PASSED] - scrollToPosition(200, 2300): Browser is scrolled to position x = 200, y = 2300

2019-12-02 02:30:24 - [MESSAGE][PASSED] - Browser is scrolled to position x = 200, y = 2300

2019-12-02 02:30:24 - [TEST_STEP][PASSED] - click(findTestObject("mobileSanity/HBI/quote/a_Core Shield")): Object: 'Object Repository/mobileSanity/HBI/quote/a_Core Shield' is clicked on

2019-12-02 02:30:24 - [MESSAGE][PASSED] - Object: 'Object Repository/mobileSanity/HBI/quote/a_Core Shield' is clicked on

2019-12-02 02:30:24 - [TEST_STEP][PASSED] - waitForPageLoad(20): Wait for page load successfully

2019-12-02 02:30:25 - [MESSAGE][PASSED] - Wait for page load successfully

2019-12-02 02:30:25 - [TEST_STEP][PASSED] - callTestCase(findTestCase("mobileWeb/_include/get_screenshot"), [:], STOP_ON_FAILURE): Call Test Case 'Test Cases/mobileWeb/_include/get_screenshot' successfully

2019-12-02 02:30:25 - [TEST_CASE][PASSED] - Test Cases/mobileWeb/_include/get_screenshot: Test Cases/mobileWeb/_include/get_screenshot

2019-12-02 02:30:25 - [TEST_STEP][PASSED] - takeScreenshot(screenPath + i + ".png"): Taking screenshot successfully

2019-12-02 02:30:25 - [MESSAGE][PASSED] - Taking screenshot successfully
[[ATTACHMENT|D:\\Test\\AgileTest\\Reports\\HIC\\hic\\20191202_022122\\../Screenshots/iPhone 6/HIC/HBI/Core Shield/standard/3.png]]

2019-12-02 02:30:25 - [TEST_STEP][PASSED] - (internal.GlobalVariable.i++): null

2019-12-02 02:30:25 - [MESSAGE][PASSED] - Call Test Case 'Test Cases/mobileWeb/_include/get_screenshot' successfully

2019-12-02 02:30:25 - [TEST_STEP][PASSED] - click(findTestObject("mobileSanity/HBI/detail/a_Apply for This Plan")): Object: 'Object Repository/mobileSanity/HBI/detail/a_Apply for This Plan' is clicked on

2019-12-02 02:30:26 - [MESSAGE][PASSED] - Object: 'Object Repository/mobileSanity/HBI/detail/a_Apply for This Plan' is clicked on

2019-12-02 02:30:26 - [TEST_STEP][PASSED] - waitForPageLoad(20): Wait for page load successfully

2019-12-02 02:30:26 - [MESSAGE][PASSED] - Wait for page load successfully

2019-12-02 02:30:26 - [TEST_STEP][PASSED] - callTestCase(findTestCase("mobileWeb/_include/get_screenshot"), [:], STOP_ON_FAILURE): Call Test Case 'Test Cases/mobileWeb/_include/get_screenshot' successfully

2019-12-02 02:30:26 - [TEST_CASE][PASSED] - Test Cases/mobileWeb/_include/get_screenshot: Test Cases/mobileWeb/_include/get_screenshot

2019-12-02 02:30:26 - [TEST_STEP][PASSED] - takeScreenshot(screenPath + i + ".png"): Taking screenshot successfully

2019-12-02 02:30:26 - [MESSAGE][PASSED] - Taking screenshot successfully
[[ATTACHMENT|D:\\Test\\AgileTest\\Reports\\HIC\\hic\\20191202_022122\\../Screenshots/iPhone 6/HIC/HBI/Core Shield/standard/4.png]]

2019-12-02 02:30:26 - [TEST_STEP][PASSED] - (internal.GlobalVariable.i++): null

2019-12-02 02:30:26 - [MESSAGE][PASSED] - Call Test Case 'Test Cases/mobileWeb/_include/get_screenshot' successfully

2019-12-02 02:30:26 - [TEST_STEP][PASSED] - click(findTestObject("mobileSanity/HBI/Page_Apply/span_Start Secure Application")): Object: 'Object Repository/mobileSanity/HBI/Page_Apply/span_Start Secure Application' is clicked on

2019-12-02 02:30:27 - [MESSAGE][PASSED] - Object: 'Object Repository/mobileSanity/HBI/Page_Apply/span_Start Secure Application' is clicked on

2019-12-02 02:30:27 - [TEST_STEP][PASSED] - waitForPageLoad(20): Wait for page load successfully

2019-12-02 02:30:27 - [MESSAGE][PASSED] - Wait for page load successfully

2019-12-02 02:30:27 - [TEST_STEP][PASSED] - Thread.sleep(5000): null

2019-12-02 02:30:32 - [TEST_STEP][PASSED] - callTestCase(findTestCase("mobileWeb/_include/get_screenshot"), [:], STOP_ON_FAILURE): Call Test Case 'Test Cases/mobileWeb/_include/get_screenshot' successfully

2019-12-02 02:30:32 - [TEST_CASE][PASSED] - Test Cases/mobileWeb/_include/get_screenshot: Test Cases/mobileWeb/_include/get_screenshot

2019-12-02 02:30:32 - [TEST_STEP][PASSED] - takeScreenshot(screenPath + i + ".png"): Taking screenshot successfully

2019-12-02 02:30:32 - [MESSAGE][PASSED] - Taking screenshot successfully
[[ATTACHMENT|D:\\Test\\AgileTest\\Reports\\HIC\\hic\\20191202_022122\\../Screenshots/iPhone 6/HIC/HBI/Core Shield/standard/5.png]]

2019-12-02 02:30:32 - [TEST_STEP][PASSED] - (internal.GlobalVariable.i++): null

2019-12-02 02:30:32 - [MESSAGE][PASSED] - Call Test Case 'Test Cases/mobileWeb/_include/get_screenshot' successfully

2019-12-02 02:30:32 - [TEST_STEP][PASSED] - callTestCase(findTestCase("mobileWeb/_include/goToEnd_hbi"), ["carrier":"coreshield"], CONTINUE_ON_FAILURE): Call Test Case 'Test Cases/mobileWeb/_include/goToEnd_hbi' successfully

2019-12-02 02:30:33 - [TEST_CASE][PASSED] - Test Cases/mobileWeb/_include/goToEnd_hbi: Test Cases/mobileWeb/_include/goToEnd_hbi

2019-12-02 02:30:33 - [TEST_STEP][PASSED] - if (state == "ca"): null

2019-12-02 02:30:33 - [TEST_STEP][PASSED] - callTestCase(findTestCase("mobileWeb/_include/name"), [:], CONTINUE_ON_FAILURE): Call Test Case 'Test Cases/mobileWeb/_include/name' successfully

2019-12-02 02:30:33 - [TEST_CASE][PASSED] - Test Cases/mobileWeb/_include/name: Test Cases/mobileWeb/_include/name

2019-12-02 02:30:33 - [TEST_STEP][PASSED] - driver = getWebDriver(): null

2019-12-02 02:30:33 - [TEST_STEP][PASSED] - selenium = new com.thoughtworks.selenium.webdriven.WebDriverBackedSelenium(driver, internal.GlobalVariable.ENV): null

2019-12-02 02:30:33 - [TEST_STEP][PASSED] - FirstName = "Test-123": null

2019-12-02 02:30:33 - [TEST_STEP][PASSED] - LastName = selenium.getEval("{var x="ABCDEFGHIJKLMNOPQRSTUVWXYZabcdefghijklmnopqrstuvwxyz"; var tmp="ZZ11-"; for (i=0;i<8;i++) tmp+=x.charAt(Math.ceil(51*Math.random()));tmp;}"): null

2019-12-02 02:30:33 - [TEST_STEP][PASSED] - Address = selenium.getEval("{var x="ABCDEFGHIJKLMNOPQRSTUVWXYZabcdefghijklmnopqrstuvwxyz"; var tmp=""; for (i=0;i<8;i++) tmp+=x.charAt(Math.ceil(51*Math.random()));tmp;}"): null

2019-12-02 02:30:33 - [TEST_STEP][PASSED] - City = selenium.getEval("{var x="ABCDEFGHIJKLMNOPQRSTUVWXYZabcdefghijklmnopqrstuvwxyz"; var tmp=""; for (i=0;i<8;i++) tmp+=x.charAt(Math.ceil(51*Math.random()));tmp;}"): null

2019-12-02 02:30:33 - [TEST_STEP][PASSED] - tel1 = selenium.getEval("{var x="123456789"; var tmp=""; for (i=0;i<3;i++) tmp+=x.charAt(Math.ceil(8*Math.random()));tmp;}"): null

2019-12-02 02:30:33 - [TEST_STEP][PASSED] - tel2 = selenium.getEval("{var x="123456789"; var tmp=""; for (i=0;i<3;i++) tmp+=x.charAt(Math.ceil(8*Math.random()));tmp;}"): null

2019-12-02 02:30:33 - [TEST_STEP][PASSED] - tel3 = selenium.getEval("{var x="123456789"; var tmp=""; for (i=0;i<4;i++) tmp+=x.charAt(Math.ceil(8*Math.random()));tmp;}"): null

2019-12-02 02:30:33 - [TEST_STEP][PASSED] - Tel = selenium.getExpression(tel1 + "-" + tel2 + "-" + tel3): null

2019-12-02 02:30:33 - [TEST_STEP][PASSED] - AutoEmail = selenium.getEval("{var x="ABCDEFGHIJKLMNOPQRSTUVWXYZabcdefghijklmnopqrstuvwxyz"; var tmp="test."; for (i=0;i<8;i++) tmp+=x.charAt(Math.ceil(51*Math.random()));tmp+="@suryani.cn";}"): null

2019-12-02 02:30:33 - [TEST_STEP][PASSED] - FirstName = FirstName: null

2019-12-02 02:30:33 - [TEST_STEP][PASSED] - LastName = LastName: null

2019-12-02 02:30:33 - [TEST_STEP][PASSED] - Address = Address: null

2019-12-02 02:30:33 - [TEST_STEP][PASSED] - City = City: null

2019-12-02 02:30:33 - [TEST_STEP][PASSED] - Tel = Tel: null

2019-12-02 02:30:33 - [TEST_STEP][PASSED] - AutoEmail = AutoEmail: null

2019-12-02 02:30:33 - [TEST_STEP][PASSED] - println(FirstName): null

2019-12-02 02:30:33 - [TEST_STEP][PASSED] - println(LastName): null

2019-12-02 02:30:33 - [TEST_STEP][PASSED] - println(Address): null

2019-12-02 02:30:33 - [TEST_STEP][PASSED] - println(City): null

2019-12-02 02:30:33 - [TEST_STEP][PASSED] - println(Tel): null

2019-12-02 02:30:33 - [TEST_STEP][PASSED] - println(AutoEmail): null

2019-12-02 02:30:33 - [MESSAGE][PASSED] - Call Test Case 'Test Cases/mobileWeb/_include/name' successfully

2019-12-02 02:30:33 - [TEST_STEP][PASSED] - setText(findTestObject("mobileSanity/HBI/Page_App Page 1/input__member-P-1-firstName"), FirstName): Text 'Test-123' is set on object 'Object Repository/mobileSanity/HBI/Page_App Page 1/input__member-P-1-firstName'

2019-12-02 02:30:33 - [MESSAGE][PASSED] - Text 'Test-123' is set on object 'Object Repository/mobileSanity/HBI/Page_App Page 1/input__member-P-1-firstName'

2019-12-02 02:30:33 - [TEST_STEP][PASSED] - setText(findTestObject("mobileSanity/HBI/Page_App Page 1/input__member-P-1-lastName"), LastName): Text 'ZZ11-yydGqQYc' is set on object 'Object Repository/mobileSanity/HBI/Page_App Page 1/input__member-P-1-lastName'

2019-12-02 02:30:33 - [MESSAGE][PASSED] - Text 'ZZ11-yydGqQYc' is set on object 'Object Repository/mobileSanity/HBI/Page_App Page 1/input__member-P-1-lastName'

2019-12-02 02:30:33 - [TEST_STEP][PASSED] - if (carrier == "agileone" || carrier == "agilesecure"): null

2019-12-02 02:30:33 - [TEST_STEP][PASSED] - setText(findTestObject("mobileSanity/HBI/Page_App Page 1/input__address"), Address): Text 'RdxdarsV' is set on object 'Object Repository/mobileSanity/HBI/Page_App Page 1/input__address'

2019-12-02 02:30:33 - [MESSAGE][PASSED] - Text 'RdxdarsV' is set on object 'Object Repository/mobileSanity/HBI/Page_App Page 1/input__address'

2019-12-02 02:30:33 - [TEST_STEP][PASSED] - setText(findTestObject("mobileSanity/HBI/Page_App Page 1/input__city"), City): Text 'gfmDkyRO' is set on object 'Object Repository/mobileSanity/HBI/Page_App Page 1/input__city'

2019-12-02 02:30:34 - [MESSAGE][PASSED] - Text 'gfmDkyRO' is set on object 'Object Repository/mobileSanity/HBI/Page_App Page 1/input__city'

2019-12-02 02:30:34 - [TEST_STEP][PASSED] - setText(findTestObject("mobileSanity/HBI/Page_App Page 1/input__email"), AutoEmail): Text 'test.jtQIHKGw@suryani.cn' is set on object 'Object Repository/mobileSanity/HBI/Page_App Page 1/input__email'

2019-12-02 02:30:34 - [MESSAGE][PASSED] - Text 'test.jtQIHKGw@suryani.cn' is set on object 'Object Repository/mobileSanity/HBI/Page_App Page 1/input__email'

2019-12-02 02:30:34 - [TEST_STEP][PASSED] - setText(findTestObject("mobileSanity/HBI/Page_App Page 1/input_tel"), Tel): Text '359-876-7657' is set on object 'Object Repository/mobileSanity/HBI/Page_App Page 1/input_tel'

2019-12-02 02:30:34 - [MESSAGE][PASSED] - Text '359-876-7657' is set on object 'Object Repository/mobileSanity/HBI/Page_App Page 1/input_tel'

2019-12-02 02:30:34 - [TEST_STEP][PASSED] - click(findTestObject("mobileSanity/HBI/Page_App Page 1/a_Continue to Step 2 - Payment")): Object: 'Object Repository/mobileSanity/HBI/Page_App Page 1/a_Continue to Step 2 - Payment' is clicked on

2019-12-02 02:30:35 - [MESSAGE][PASSED] - Object: 'Object Repository/mobileSanity/HBI/Page_App Page 1/a_Continue to Step 2 - Payment' is clicked on

2019-12-02 02:30:35 - [TEST_STEP][PASSED] - waitForPageLoad(20): Wait for page load successfully

2019-12-02 02:30:35 - [MESSAGE][PASSED] - Wait for page load successfully

2019-12-02 02:30:35 - [TEST_STEP][PASSED] - Thread.sleep(2000): null

2019-12-02 02:30:37 - [TEST_STEP][PASSED] - waitForElementVisible(findTestObject("mobileSanity/HBI/Page_App Page 2/input__credit-card-first"), 20): Object 'Object Repository/mobileSanity/HBI/Page_App Page 2/input__credit-card-first' is visible

2019-12-02 02:30:37 - [MESSAGE][PASSED] - Object 'Object Repository/mobileSanity/HBI/Page_App Page 2/input__credit-card-first' is visible

2019-12-02 02:30:37 - [TEST_STEP][PASSED] - callTestCase(findTestCase("mobileWeb/_include/get_screenshot"), [:], STOP_ON_FAILURE): Call Test Case 'Test Cases/mobileWeb/_include/get_screenshot' successfully

2019-12-02 02:30:37 - [TEST_CASE][PASSED] - Test Cases/mobileWeb/_include/get_screenshot: Test Cases/mobileWeb/_include/get_screenshot

2019-12-02 02:30:37 - [TEST_STEP][PASSED] - takeScreenshot(screenPath + i + ".png"): Taking screenshot successfully

2019-12-02 02:30:37 - [MESSAGE][PASSED] - Taking screenshot successfully
[[ATTACHMENT|D:\\Test\\AgileTest\\Reports\\HIC\\hic\\20191202_022122\\../Screenshots/iPhone 6/HIC/HBI/Core Shield/standard/6.png]]

2019-12-02 02:30:37 - [TEST_STEP][PASSED] - (internal.GlobalVariable.i++): null

2019-12-02 02:30:37 - [MESSAGE][PASSED] - Call Test Case 'Test Cases/mobileWeb/_include/get_screenshot' successfully

2019-12-02 02:30:37 - [TEST_STEP][PASSED] - setText(findTestObject("mobileSanity/HBI/Page_App Page 2/input__credit-card-first"), FirstName): Text 'Test-123' is set on object 'Object Repository/mobileSanity/HBI/Page_App Page 2/input__credit-card-first'

2019-12-02 02:30:37 - [MESSAGE][PASSED] - Text 'Test-123' is set on object 'Object Repository/mobileSanity/HBI/Page_App Page 2/input__credit-card-first'

2019-12-02 02:30:37 - [TEST_STEP][PASSED] - setText(findTestObject("mobileSanity/HBI/Page_App Page 2/input__credit-card-last"), LastName): Text 'ZZ11-yydGqQYc' is set on object 'Object Repository/mobileSanity/HBI/Page_App Page 2/input__credit-card-last'

2019-12-02 02:30:37 - [MESSAGE][PASSED] - Text 'ZZ11-yydGqQYc' is set on object 'Object Repository/mobileSanity/HBI/Page_App Page 2/input__credit-card-last'

2019-12-02 02:30:37 - [TEST_STEP][PASSED] - selectOptionByValue(findTestObject("mobileSanity/HBI/Page_App Page 2/select_MM010203040506070809101"), "12", true): All options with value '12' are selected in object 'Object Repository/mobileSanity/HBI/Page_App Page 2/select_MM010203040506070809101'  using regular expression

2019-12-02 02:30:38 - [MESSAGE][PASSED] - All options with value '12' are selected in object 'Object Repository/mobileSanity/HBI/Page_App Page 2/select_MM010203040506070809101'  using regular expression

2019-12-02 02:30:38 - [TEST_STEP][PASSED] - selectOptionByValue(findTestObject("mobileSanity/HBI/Page_App Page 2/select_YYYY2019202020212022202"), "2026", true): All options with value '2026' are selected in object 'Object Repository/mobileSanity/HBI/Page_App Page 2/select_YYYY2019202020212022202'  using regular expression

2019-12-02 02:30:38 - [MESSAGE][PASSED] - All options with value '2026' are selected in object 'Object Repository/mobileSanity/HBI/Page_App Page 2/select_YYYY2019202020212022202'  using regular expression

2019-12-02 02:30:38 - [TEST_STEP][PASSED] - setText(findTestObject("mobileSanity/HBI/Page_App Page 2/input__credit-card-number"), "4111111111111111"): Text '4111111111111111' is set on object 'Object Repository/mobileSanity/HBI/Page_App Page 2/input__credit-card-number'

2019-12-02 02:30:38 - [MESSAGE][PASSED] - Text '4111111111111111' is set on object 'Object Repository/mobileSanity/HBI/Page_App Page 2/input__credit-card-number'

2019-12-02 02:30:38 - [TEST_STEP][PASSED] - setText(findTestObject("mobileSanity/HBI/Page_App Page 2/input__cvv"), "123"): Text '123' is set on object 'Object Repository/mobileSanity/HBI/Page_App Page 2/input__cvv'

2019-12-02 02:30:38 - [MESSAGE][PASSED] - Text '123' is set on object 'Object Repository/mobileSanity/HBI/Page_App Page 2/input__cvv'

2019-12-02 02:30:38 - [TEST_STEP][PASSED] - click(findTestObject("mobileSanity/HBI/Page_App Page 2/label_My billing address is th")): Object: 'Object Repository/mobileSanity/HBI/Page_App Page 2/label_My billing address is th' is clicked on

2019-12-02 02:30:38 - [MESSAGE][PASSED] - Object: 'Object Repository/mobileSanity/HBI/Page_App Page 2/label_My billing address is th' is clicked on

2019-12-02 02:30:38 - [TEST_STEP][PASSED] - click(findTestObject("mobileSanity/HBI/Page_App Page 2/label_I Accept Authorization f")): Object: 'Object Repository/mobileSanity/HBI/Page_App Page 2/label_I Accept Authorization f' is clicked on

2019-12-02 02:30:38 - [MESSAGE][PASSED] - Object: 'Object Repository/mobileSanity/HBI/Page_App Page 2/label_I Accept Authorization f' is clicked on

2019-12-02 02:30:38 - [TEST_STEP][PASSED] - click(findTestObject("mobileSanity/HBI/Page_App Page 2/a_Continue to Step 3 - Review")): Object: 'Object Repository/mobileSanity/HBI/Page_App Page 2/a_Continue to Step 3 - Review' is clicked on

2019-12-02 02:30:39 - [MESSAGE][PASSED] - Object: 'Object Repository/mobileSanity/HBI/Page_App Page 2/a_Continue to Step 3 - Review' is clicked on

2019-12-02 02:30:39 - [TEST_STEP][PASSED] - waitForPageLoad(20): Wait for page load successfully

2019-12-02 02:30:39 - [MESSAGE][PASSED] - Wait for page load successfully

2019-12-02 02:30:39 - [TEST_STEP][PASSED] - Thread.sleep(10000): null

2019-12-02 02:30:49 - [TEST_STEP][PASSED] - waitForElementPresent(findTestObject("mobileSanity/HBI/Page_App Page 3/label"), 20): Object 'Object Repository/mobileSanity/HBI/Page_App Page 3/label' is present

2019-12-02 02:30:49 - [MESSAGE][PASSED] - Object 'Object Repository/mobileSanity/HBI/Page_App Page 3/label' is present

2019-12-02 02:30:49 - [TEST_STEP][PASSED] - callTestCase(findTestCase("mobileWeb/_include/get_screenshot"), [:], STOP_ON_FAILURE): Call Test Case 'Test Cases/mobileWeb/_include/get_screenshot' successfully

2019-12-02 02:30:49 - [TEST_CASE][PASSED] - Test Cases/mobileWeb/_include/get_screenshot: Test Cases/mobileWeb/_include/get_screenshot

2019-12-02 02:30:49 - [TEST_STEP][PASSED] - takeScreenshot(screenPath + i + ".png"): Taking screenshot successfully

2019-12-02 02:30:50 - [MESSAGE][PASSED] - Taking screenshot successfully
[[ATTACHMENT|D:\\Test\\AgileTest\\Reports\\HIC\\hic\\20191202_022122\\../Screenshots/iPhone 6/HIC/HBI/Core Shield/standard/7.png]]

2019-12-02 02:30:50 - [TEST_STEP][PASSED] - (internal.GlobalVariable.i++): null

2019-12-02 02:30:50 - [MESSAGE][PASSED] - Call Test Case 'Test Cases/mobileWeb/_include/get_screenshot' successfully

2019-12-02 02:30:50 - [TEST_STEP][PASSED] - click(findTestObject("mobileSanity/HBI/Page_App Page 3/label")): Object: 'Object Repository/mobileSanity/HBI/Page_App Page 3/label' is clicked on

2019-12-02 02:30:50 - [MESSAGE][PASSED] - Object: 'Object Repository/mobileSanity/HBI/Page_App Page 3/label' is clicked on

2019-12-02 02:30:50 - [TEST_STEP][PASSED] - click(findTestObject("mobileSanity/HBI/Page_App Page 3/p_CLICK TO SIGN")): Object: 'Object Repository/mobileSanity/HBI/Page_App Page 3/p_CLICK TO SIGN' is clicked on

2019-12-02 02:30:50 - [MESSAGE][PASSED] - Object: 'Object Repository/mobileSanity/HBI/Page_App Page 3/p_CLICK TO SIGN' is clicked on

2019-12-02 02:30:50 - [TEST_STEP][PASSED] - click(findTestObject("mobileSanity/HBI/Page_App Page 3/a_Submit Your Application")): Object: 'Object Repository/mobileSanity/HBI/Page_App Page 3/a_Submit Your Application' is clicked on

2019-12-02 02:30:50 - [MESSAGE][PASSED] - Object: 'Object Repository/mobileSanity/HBI/Page_App Page 3/a_Submit Your Application' is clicked on

2019-12-02 02:30:50 - [TEST_STEP][PASSED] - Thread.sleep(30000): null

2019-12-02 02:31:20 - [TEST_STEP][PASSED] - callTestCase(findTestCase("mobileWeb/_include/get_screenshot"), [:], STOP_ON_FAILURE): Call Test Case 'Test Cases/mobileWeb/_include/get_screenshot' successfully

2019-12-02 02:31:20 - [TEST_CASE][PASSED] - Test Cases/mobileWeb/_include/get_screenshot: Test Cases/mobileWeb/_include/get_screenshot

2019-12-02 02:31:20 - [TEST_STEP][PASSED] - takeScreenshot(screenPath + i + ".png"): Taking screenshot successfully

2019-12-02 02:31:21 - [MESSAGE][PASSED] - Taking screenshot successfully
[[ATTACHMENT|D:\\Test\\AgileTest\\Reports\\HIC\\hic\\20191202_022122\\../Screenshots/iPhone 6/HIC/HBI/Core Shield/standard/8.png]]

2019-12-02 02:31:21 - [TEST_STEP][PASSED] - (internal.GlobalVariable.i++): null

2019-12-02 02:31:21 - [MESSAGE][PASSED] - Call Test Case 'Test Cases/mobileWeb/_include/get_screenshot' successfully

2019-12-02 02:31:21 - [TEST_STEP][PASSED] - verifyTextPresent("Congratulations", false): Text 'Congratulations' is present on page 

2019-12-02 02:31:21 - [MESSAGE][PASSED] - Text 'Congratulations' is present on page 

2019-12-02 02:31:21 - [MESSAGE][PASSED] - Call Test Case 'Test Cases/mobileWeb/_include/goToEnd_hbi' successfully]]></system-out>
         <system-err><![CDATA[]]></system-err>
      </testcase>
      <testcase name="Test Cases/HIC/HBI/Fixed Cash Benefit" classname="Test Cases/HIC/HBI/Fixed Cash Benefit" status="PASSED">
         <system-out><![CDATA[2019-12-02 02:31:21 - [TEST_CASE][PASSED] - Test Cases/HIC/HBI/Fixed Cash Benefit: Test Cases/HIC/HBI/Fixed Cash Benefit

2019-12-02 02:31:21 - [TEST_STEP][PASSED] - callTestCase(findTestCase("HIC/_include/get_hicScreenPath"), ["project":"HIC", "productLine":"HBI", "carrierName":"Fixed Cash Benefit"], CONTINUE_ON_FAILURE): Call Test Case 'Test Cases/HIC/_include/get_hicScreenPath' successfully

2019-12-02 02:31:21 - [TEST_CASE][PASSED] - Test Cases/HIC/_include/get_hicScreenPath: Test Cases/HIC/_include/get_hicScreenPath

2019-12-02 02:31:21 - [TEST_STEP][PASSED] - m = getExecutionProperties(): null

2019-12-02 02:31:21 - [TEST_STEP][PASSED] - deviceName = get("mobileEmulation").get("deviceName"): null

2019-12-02 02:31:21 - [TEST_STEP][PASSED] - println(deviceName): null

2019-12-02 02:31:21 - [TEST_STEP][PASSED] - now = new java.util.Date(): null

2019-12-02 02:31:21 - [TEST_STEP][PASSED] - mydate = now.format("yyyyMMdd_HHmmss"): null

2019-12-02 02:31:21 - [TEST_STEP][PASSED] - screenPath = "../Screenshots/": null

2019-12-02 02:31:21 - [TEST_STEP][PASSED] - screenPath = screenPath + deviceName + "/" + project + "/" + productLine + "/" + carrierName + "/" + "standard" + "/": null

2019-12-02 02:31:21 - [TEST_STEP][PASSED] - println(screenPath): null

2019-12-02 02:31:21 - [MESSAGE][PASSED] - Call Test Case 'Test Cases/HIC/_include/get_hicScreenPath' successfully

2019-12-02 02:31:21 - [TEST_STEP][PASSED] - i = 0: null

2019-12-02 02:31:21 - [TEST_STEP][PASSED] - callTestCase(findTestCase("mobileWeb/_include/openWebSite"), ["env":"https://qa.healthinsurance.com/"], CONTINUE_ON_FAILURE): Call Test Case 'Test Cases/mobileWeb/_include/openWebSite' successfully

2019-12-02 02:31:21 - [TEST_CASE][PASSED] - Test Cases/mobileWeb/_include/openWebSite: Test Cases/mobileWeb/_include/openWebSite

2019-12-02 02:31:21 - [TEST_STEP][PASSED] - openBrowser(env): Browser is opened with url: 'https://qa.healthinsurance.com/'

2019-12-02 02:31:21 - [MESSAGE][WARNING] - A browser is already opened. Closing browser and opening a new one

2019-12-02 02:31:22 - [MESSAGE][INFO] - Starting 'Chrome' driver

2019-12-02 02:31:22 - [MESSAGE][INFO] - User set preference: ['mobileEmulation', '{deviceName=iPhone 6}']

2019-12-02 02:31:22 - [MESSAGE][INFO] - User set preference: ['args', '[--incognito, --aggressive-cache-discard, --window-size=375,677, --no-sandbox]']

2019-12-02 02:31:24 - [MESSAGE][PASSED] - Browser is opened with url: 'https://qa.healthinsurance.com/'

2019-12-02 02:31:24 - [TEST_STEP][PASSED] - waitForPageLoad(20): Wait for page load successfully

2019-12-02 02:31:24 - [MESSAGE][PASSED] - Wait for page load successfully

2019-12-02 02:31:24 - [TEST_STEP][PASSED] - callTestCase(findTestCase("mobileWeb/_include/get_screenshot"), [:], STOP_ON_FAILURE): Call Test Case 'Test Cases/mobileWeb/_include/get_screenshot' successfully

2019-12-02 02:31:24 - [TEST_CASE][PASSED] - Test Cases/mobileWeb/_include/get_screenshot: Test Cases/mobileWeb/_include/get_screenshot

2019-12-02 02:31:24 - [TEST_STEP][PASSED] - takeScreenshot(screenPath + i + ".png"): Taking screenshot successfully

2019-12-02 02:31:24 - [MESSAGE][PASSED] - Taking screenshot successfully
[[ATTACHMENT|D:\\Test\\AgileTest\\Reports\\HIC\\hic\\20191202_022122\\../Screenshots/iPhone 6/HIC/HBI/Fixed Cash Benefit/standard/0.png]]

2019-12-02 02:31:24 - [TEST_STEP][PASSED] - (internal.GlobalVariable.i++): null

2019-12-02 02:31:24 - [MESSAGE][PASSED] - Call Test Case 'Test Cases/mobileWeb/_include/get_screenshot' successfully

2019-12-02 02:31:24 - [MESSAGE][PASSED] - Call Test Case 'Test Cases/mobileWeb/_include/openWebSite' successfully

2019-12-02 02:31:24 - [TEST_STEP][PASSED] - click(findTestObject("hic/nav/navButton")): Object: 'Object Repository/hic/nav/navButton' is clicked on

2019-12-02 02:31:24 - [MESSAGE][PASSED] - Object: 'Object Repository/hic/nav/navButton' is clicked on

2019-12-02 02:31:24 - [TEST_STEP][PASSED] - Thread.sleep(2000): null

2019-12-02 02:31:26 - [TEST_STEP][PASSED] - click(findTestObject("hic/nav/hbiLink")): Object: 'Object Repository/hic/nav/hbiLink' is clicked on

2019-12-02 02:31:26 - [MESSAGE][PASSED] - Object: 'Object Repository/hic/nav/hbiLink' is clicked on

2019-12-02 02:31:26 - [TEST_STEP][PASSED] - Thread.sleep(2000): null

2019-12-02 02:31:28 - [TEST_STEP][PASSED] - callTestCase(findTestCase("mobileWeb/_include/get_screenshot"), [:], STOP_ON_FAILURE): Call Test Case 'Test Cases/mobileWeb/_include/get_screenshot' successfully

2019-12-02 02:31:29 - [TEST_CASE][PASSED] - Test Cases/mobileWeb/_include/get_screenshot: Test Cases/mobileWeb/_include/get_screenshot

2019-12-02 02:31:29 - [TEST_STEP][PASSED] - takeScreenshot(screenPath + i + ".png"): Taking screenshot successfully

2019-12-02 02:31:29 - [MESSAGE][PASSED] - Taking screenshot successfully
[[ATTACHMENT|D:\\Test\\AgileTest\\Reports\\HIC\\hic\\20191202_022122\\../Screenshots/iPhone 6/HIC/HBI/Fixed Cash Benefit/standard/1.png]]

2019-12-02 02:31:29 - [TEST_STEP][PASSED] - (internal.GlobalVariable.i++): null

2019-12-02 02:31:29 - [MESSAGE][PASSED] - Call Test Case 'Test Cases/mobileWeb/_include/get_screenshot' successfully

2019-12-02 02:31:29 - [TEST_STEP][PASSED] - callTestCase(findTestCase("HIC/_include/stm_census"), ["zipcode":"85364"], STOP_ON_FAILURE): Call Test Case 'Test Cases/HIC/_include/stm_census' successfully

2019-12-02 02:31:29 - [TEST_CASE][PASSED] - Test Cases/HIC/_include/stm_census: Test Cases/HIC/_include/stm_census

2019-12-02 02:31:29 - [TEST_STEP][PASSED] - setText(findTestObject("hic/stm/zip"), zipcode): Text '85364' is set on object 'Object Repository/hic/stm/zip'

2019-12-02 02:31:29 - [MESSAGE][PASSED] - Text '85364' is set on object 'Object Repository/hic/stm/zip'

2019-12-02 02:31:29 - [TEST_STEP][PASSED] - Thread.sleep(500): null

2019-12-02 02:31:30 - [TEST_STEP][PASSED] - setText(findTestObject("hic/stm/primaryDOB"), "03031987"): Text '03031987' is set on object 'Object Repository/hic/stm/primaryDOB'

2019-12-02 02:31:30 - [MESSAGE][PASSED] - Text '03031987' is set on object 'Object Repository/hic/stm/primaryDOB'

2019-12-02 02:31:30 - [TEST_STEP][PASSED] - click(findTestObject("hic/stm/female")): Object: 'Object Repository/hic/stm/female' is clicked on

2019-12-02 02:31:30 - [MESSAGE][PASSED] - Object: 'Object Repository/hic/stm/female' is clicked on

2019-12-02 02:31:30 - [TEST_STEP][PASSED] - Thread.sleep(3000): null

2019-12-02 02:31:33 - [TEST_STEP][PASSED] - click(findTestObject("hic/stm/submitButton")): Object: 'Object Repository/hic/stm/submitButton' is clicked on

2019-12-02 02:31:34 - [MESSAGE][PASSED] - Object: 'Object Repository/hic/stm/submitButton' is clicked on

2019-12-02 02:31:34 - [TEST_STEP][PASSED] - Thread.sleep(6000): null

2019-12-02 02:31:40 - [TEST_STEP][PASSED] - callTestCase(findTestCase("mobileWeb/_include/get_screenshot"), [:], STOP_ON_FAILURE): Call Test Case 'Test Cases/mobileWeb/_include/get_screenshot' successfully

2019-12-02 02:31:40 - [TEST_CASE][PASSED] - Test Cases/mobileWeb/_include/get_screenshot: Test Cases/mobileWeb/_include/get_screenshot

2019-12-02 02:31:40 - [TEST_STEP][PASSED] - takeScreenshot(screenPath + i + ".png"): Taking screenshot successfully

2019-12-02 02:31:40 - [MESSAGE][PASSED] - Taking screenshot successfully
[[ATTACHMENT|D:\\Test\\AgileTest\\Reports\\HIC\\hic\\20191202_022122\\../Screenshots/iPhone 6/HIC/HBI/Fixed Cash Benefit/standard/2.png]]

2019-12-02 02:31:40 - [TEST_STEP][PASSED] - (internal.GlobalVariable.i++): null

2019-12-02 02:31:40 - [MESSAGE][PASSED] - Call Test Case 'Test Cases/mobileWeb/_include/get_screenshot' successfully

2019-12-02 02:31:40 - [TEST_STEP][PASSED] - Thread.sleep(1000): null

2019-12-02 02:31:41 - [MESSAGE][PASSED] - Call Test Case 'Test Cases/HIC/_include/stm_census' successfully

2019-12-02 02:31:41 - [TEST_STEP][PASSED] - Thread.sleep(5000): null

2019-12-02 02:31:46 - [TEST_STEP][PASSED] - scrollToPosition(200, 2300): Browser is scrolled to position x = 200, y = 2300

2019-12-02 02:31:46 - [MESSAGE][PASSED] - Browser is scrolled to position x = 200, y = 2300

2019-12-02 02:31:46 - [TEST_STEP][PASSED] - click(findTestObject("mobileSanity/HBI/quote/a_Fixed Cash Benefit")): Object: 'Object Repository/mobileSanity/HBI/quote/a_Fixed Cash Benefit' is clicked on

2019-12-02 02:31:47 - [MESSAGE][PASSED] - Object: 'Object Repository/mobileSanity/HBI/quote/a_Fixed Cash Benefit' is clicked on

2019-12-02 02:31:47 - [TEST_STEP][PASSED] - waitForPageLoad(20): Wait for page load successfully

2019-12-02 02:31:47 - [MESSAGE][PASSED] - Wait for page load successfully

2019-12-02 02:31:47 - [TEST_STEP][PASSED] - callTestCase(findTestCase("mobileWeb/_include/get_screenshot"), [:], STOP_ON_FAILURE): Call Test Case 'Test Cases/mobileWeb/_include/get_screenshot' successfully

2019-12-02 02:31:47 - [TEST_CASE][PASSED] - Test Cases/mobileWeb/_include/get_screenshot: Test Cases/mobileWeb/_include/get_screenshot

2019-12-02 02:31:47 - [TEST_STEP][PASSED] - takeScreenshot(screenPath + i + ".png"): Taking screenshot successfully

2019-12-02 02:31:48 - [MESSAGE][PASSED] - Taking screenshot successfully
[[ATTACHMENT|D:\\Test\\AgileTest\\Reports\\HIC\\hic\\20191202_022122\\../Screenshots/iPhone 6/HIC/HBI/Fixed Cash Benefit/standard/3.png]]

2019-12-02 02:31:48 - [TEST_STEP][PASSED] - (internal.GlobalVariable.i++): null

2019-12-02 02:31:48 - [MESSAGE][PASSED] - Call Test Case 'Test Cases/mobileWeb/_include/get_screenshot' successfully

2019-12-02 02:31:48 - [TEST_STEP][PASSED] - click(findTestObject("mobileSanity/HBI/detail/a_Apply for This Plan")): Object: 'Object Repository/mobileSanity/HBI/detail/a_Apply for This Plan' is clicked on

2019-12-02 02:31:48 - [MESSAGE][PASSED] - Object: 'Object Repository/mobileSanity/HBI/detail/a_Apply for This Plan' is clicked on

2019-12-02 02:31:48 - [TEST_STEP][PASSED] - waitForPageLoad(20): Wait for page load successfully

2019-12-02 02:31:48 - [MESSAGE][PASSED] - Wait for page load successfully

2019-12-02 02:31:48 - [TEST_STEP][PASSED] - callTestCase(findTestCase("mobileWeb/_include/get_screenshot"), [:], STOP_ON_FAILURE): Call Test Case 'Test Cases/mobileWeb/_include/get_screenshot' successfully

2019-12-02 02:31:48 - [TEST_CASE][PASSED] - Test Cases/mobileWeb/_include/get_screenshot: Test Cases/mobileWeb/_include/get_screenshot

2019-12-02 02:31:48 - [TEST_STEP][PASSED] - takeScreenshot(screenPath + i + ".png"): Taking screenshot successfully

2019-12-02 02:31:49 - [MESSAGE][PASSED] - Taking screenshot successfully
[[ATTACHMENT|D:\\Test\\AgileTest\\Reports\\HIC\\hic\\20191202_022122\\../Screenshots/iPhone 6/HIC/HBI/Fixed Cash Benefit/standard/4.png]]

2019-12-02 02:31:49 - [TEST_STEP][PASSED] - (internal.GlobalVariable.i++): null

2019-12-02 02:31:49 - [MESSAGE][PASSED] - Call Test Case 'Test Cases/mobileWeb/_include/get_screenshot' successfully

2019-12-02 02:31:49 - [TEST_STEP][PASSED] - click(findTestObject("mobileSanity/HBI/Page_Apply/span_Start Secure Application")): Object: 'Object Repository/mobileSanity/HBI/Page_Apply/span_Start Secure Application' is clicked on

2019-12-02 02:31:49 - [MESSAGE][PASSED] - Object: 'Object Repository/mobileSanity/HBI/Page_Apply/span_Start Secure Application' is clicked on

2019-12-02 02:31:49 - [TEST_STEP][PASSED] - waitForPageLoad(20): Wait for page load successfully

2019-12-02 02:31:49 - [MESSAGE][PASSED] - Wait for page load successfully

2019-12-02 02:31:49 - [TEST_STEP][PASSED] - Thread.sleep(5000): null

2019-12-02 02:31:54 - [TEST_STEP][PASSED] - callTestCase(findTestCase("mobileWeb/_include/get_screenshot"), [:], STOP_ON_FAILURE): Call Test Case 'Test Cases/mobileWeb/_include/get_screenshot' successfully

2019-12-02 02:31:54 - [TEST_CASE][PASSED] - Test Cases/mobileWeb/_include/get_screenshot: Test Cases/mobileWeb/_include/get_screenshot

2019-12-02 02:31:55 - [TEST_STEP][PASSED] - takeScreenshot(screenPath + i + ".png"): Taking screenshot successfully

2019-12-02 02:31:55 - [MESSAGE][PASSED] - Taking screenshot successfully
[[ATTACHMENT|D:\\Test\\AgileTest\\Reports\\HIC\\hic\\20191202_022122\\../Screenshots/iPhone 6/HIC/HBI/Fixed Cash Benefit/standard/5.png]]

2019-12-02 02:31:55 - [TEST_STEP][PASSED] - (internal.GlobalVariable.i++): null

2019-12-02 02:31:55 - [MESSAGE][PASSED] - Call Test Case 'Test Cases/mobileWeb/_include/get_screenshot' successfully

2019-12-02 02:31:55 - [TEST_STEP][PASSED] - callTestCase(findTestCase("mobileWeb/_include/goToEnd_hbi"), ["carrier":"FixedCashBenefit"], CONTINUE_ON_FAILURE): Call Test Case 'Test Cases/mobileWeb/_include/goToEnd_hbi' successfully

2019-12-02 02:31:55 - [TEST_CASE][PASSED] - Test Cases/mobileWeb/_include/goToEnd_hbi: Test Cases/mobileWeb/_include/goToEnd_hbi

2019-12-02 02:31:55 - [TEST_STEP][PASSED] - if (state == "ca"): null

2019-12-02 02:31:55 - [TEST_STEP][PASSED] - callTestCase(findTestCase("mobileWeb/_include/name"), [:], CONTINUE_ON_FAILURE): Call Test Case 'Test Cases/mobileWeb/_include/name' successfully

2019-12-02 02:31:55 - [TEST_CASE][PASSED] - Test Cases/mobileWeb/_include/name: Test Cases/mobileWeb/_include/name

2019-12-02 02:31:55 - [TEST_STEP][PASSED] - driver = getWebDriver(): null

2019-12-02 02:31:55 - [TEST_STEP][PASSED] - selenium = new com.thoughtworks.selenium.webdriven.WebDriverBackedSelenium(driver, internal.GlobalVariable.ENV): null

2019-12-02 02:31:55 - [TEST_STEP][PASSED] - FirstName = "Test-123": null

2019-12-02 02:31:55 - [TEST_STEP][PASSED] - LastName = selenium.getEval("{var x="ABCDEFGHIJKLMNOPQRSTUVWXYZabcdefghijklmnopqrstuvwxyz"; var tmp="ZZ11-"; for (i=0;i<8;i++) tmp+=x.charAt(Math.ceil(51*Math.random()));tmp;}"): null

2019-12-02 02:31:55 - [TEST_STEP][PASSED] - Address = selenium.getEval("{var x="ABCDEFGHIJKLMNOPQRSTUVWXYZabcdefghijklmnopqrstuvwxyz"; var tmp=""; for (i=0;i<8;i++) tmp+=x.charAt(Math.ceil(51*Math.random()));tmp;}"): null

2019-12-02 02:31:55 - [TEST_STEP][PASSED] - City = selenium.getEval("{var x="ABCDEFGHIJKLMNOPQRSTUVWXYZabcdefghijklmnopqrstuvwxyz"; var tmp=""; for (i=0;i<8;i++) tmp+=x.charAt(Math.ceil(51*Math.random()));tmp;}"): null

2019-12-02 02:31:55 - [TEST_STEP][PASSED] - tel1 = selenium.getEval("{var x="123456789"; var tmp=""; for (i=0;i<3;i++) tmp+=x.charAt(Math.ceil(8*Math.random()));tmp;}"): null

2019-12-02 02:31:55 - [TEST_STEP][PASSED] - tel2 = selenium.getEval("{var x="123456789"; var tmp=""; for (i=0;i<3;i++) tmp+=x.charAt(Math.ceil(8*Math.random()));tmp;}"): null

2019-12-02 02:31:55 - [TEST_STEP][PASSED] - tel3 = selenium.getEval("{var x="123456789"; var tmp=""; for (i=0;i<4;i++) tmp+=x.charAt(Math.ceil(8*Math.random()));tmp;}"): null

2019-12-02 02:31:55 - [TEST_STEP][PASSED] - Tel = selenium.getExpression(tel1 + "-" + tel2 + "-" + tel3): null

2019-12-02 02:31:55 - [TEST_STEP][PASSED] - AutoEmail = selenium.getEval("{var x="ABCDEFGHIJKLMNOPQRSTUVWXYZabcdefghijklmnopqrstuvwxyz"; var tmp="test."; for (i=0;i<8;i++) tmp+=x.charAt(Math.ceil(51*Math.random()));tmp+="@suryani.cn";}"): null

2019-12-02 02:31:55 - [TEST_STEP][PASSED] - FirstName = FirstName: null

2019-12-02 02:31:55 - [TEST_STEP][PASSED] - LastName = LastName: null

2019-12-02 02:31:55 - [TEST_STEP][PASSED] - Address = Address: null

2019-12-02 02:31:55 - [TEST_STEP][PASSED] - City = City: null

2019-12-02 02:31:55 - [TEST_STEP][PASSED] - Tel = Tel: null

2019-12-02 02:31:55 - [TEST_STEP][PASSED] - AutoEmail = AutoEmail: null

2019-12-02 02:31:55 - [TEST_STEP][PASSED] - println(FirstName): null

2019-12-02 02:31:55 - [TEST_STEP][PASSED] - println(LastName): null

2019-12-02 02:31:55 - [TEST_STEP][PASSED] - println(Address): null

2019-12-02 02:31:55 - [TEST_STEP][PASSED] - println(City): null

2019-12-02 02:31:55 - [TEST_STEP][PASSED] - println(Tel): null

2019-12-02 02:31:55 - [TEST_STEP][PASSED] - println(AutoEmail): null

2019-12-02 02:31:55 - [MESSAGE][PASSED] - Call Test Case 'Test Cases/mobileWeb/_include/name' successfully

2019-12-02 02:31:55 - [TEST_STEP][PASSED] - setText(findTestObject("mobileSanity/HBI/Page_App Page 1/input__member-P-1-firstName"), FirstName): Text 'Test-123' is set on object 'Object Repository/mobileSanity/HBI/Page_App Page 1/input__member-P-1-firstName'

2019-12-02 02:31:55 - [MESSAGE][PASSED] - Text 'Test-123' is set on object 'Object Repository/mobileSanity/HBI/Page_App Page 1/input__member-P-1-firstName'

2019-12-02 02:31:55 - [TEST_STEP][PASSED] - setText(findTestObject("mobileSanity/HBI/Page_App Page 1/input__member-P-1-lastName"), LastName): Text 'ZZ11-lBTgsFcS' is set on object 'Object Repository/mobileSanity/HBI/Page_App Page 1/input__member-P-1-lastName'

2019-12-02 02:31:56 - [MESSAGE][PASSED] - Text 'ZZ11-lBTgsFcS' is set on object 'Object Repository/mobileSanity/HBI/Page_App Page 1/input__member-P-1-lastName'

2019-12-02 02:31:56 - [TEST_STEP][PASSED] - if (carrier == "agileone" || carrier == "agilesecure"): null

2019-12-02 02:31:56 - [TEST_STEP][PASSED] - setText(findTestObject("mobileSanity/HBI/Page_App Page 1/input__address"), Address): Text 'ouzIdfLx' is set on object 'Object Repository/mobileSanity/HBI/Page_App Page 1/input__address'

2019-12-02 02:31:56 - [MESSAGE][PASSED] - Text 'ouzIdfLx' is set on object 'Object Repository/mobileSanity/HBI/Page_App Page 1/input__address'

2019-12-02 02:31:56 - [TEST_STEP][PASSED] - setText(findTestObject("mobileSanity/HBI/Page_App Page 1/input__city"), City): Text 'VuyGgMLV' is set on object 'Object Repository/mobileSanity/HBI/Page_App Page 1/input__city'

2019-12-02 02:31:56 - [MESSAGE][PASSED] - Text 'VuyGgMLV' is set on object 'Object Repository/mobileSanity/HBI/Page_App Page 1/input__city'

2019-12-02 02:31:56 - [TEST_STEP][PASSED] - setText(findTestObject("mobileSanity/HBI/Page_App Page 1/input__email"), AutoEmail): Text 'test.wDIsCKvL@suryani.cn' is set on object 'Object Repository/mobileSanity/HBI/Page_App Page 1/input__email'

2019-12-02 02:31:57 - [MESSAGE][PASSED] - Text 'test.wDIsCKvL@suryani.cn' is set on object 'Object Repository/mobileSanity/HBI/Page_App Page 1/input__email'

2019-12-02 02:31:57 - [TEST_STEP][PASSED] - setText(findTestObject("mobileSanity/HBI/Page_App Page 1/input_tel"), Tel): Text '379-784-6723' is set on object 'Object Repository/mobileSanity/HBI/Page_App Page 1/input_tel'

2019-12-02 02:31:57 - [MESSAGE][PASSED] - Text '379-784-6723' is set on object 'Object Repository/mobileSanity/HBI/Page_App Page 1/input_tel'

2019-12-02 02:31:57 - [TEST_STEP][PASSED] - click(findTestObject("mobileSanity/HBI/Page_App Page 1/a_Continue to Step 2 - Payment")): Object: 'Object Repository/mobileSanity/HBI/Page_App Page 1/a_Continue to Step 2 - Payment' is clicked on

2019-12-02 02:31:57 - [MESSAGE][PASSED] - Object: 'Object Repository/mobileSanity/HBI/Page_App Page 1/a_Continue to Step 2 - Payment' is clicked on

2019-12-02 02:31:57 - [TEST_STEP][PASSED] - waitForPageLoad(20): Wait for page load successfully

2019-12-02 02:31:57 - [MESSAGE][PASSED] - Wait for page load successfully

2019-12-02 02:31:57 - [TEST_STEP][PASSED] - Thread.sleep(2000): null

2019-12-02 02:31:59 - [TEST_STEP][PASSED] - waitForElementVisible(findTestObject("mobileSanity/HBI/Page_App Page 2/input__credit-card-first"), 20): Object 'Object Repository/mobileSanity/HBI/Page_App Page 2/input__credit-card-first' is visible

2019-12-02 02:31:59 - [MESSAGE][PASSED] - Object 'Object Repository/mobileSanity/HBI/Page_App Page 2/input__credit-card-first' is visible

2019-12-02 02:31:59 - [TEST_STEP][PASSED] - callTestCase(findTestCase("mobileWeb/_include/get_screenshot"), [:], STOP_ON_FAILURE): Call Test Case 'Test Cases/mobileWeb/_include/get_screenshot' successfully

2019-12-02 02:31:59 - [TEST_CASE][PASSED] - Test Cases/mobileWeb/_include/get_screenshot: Test Cases/mobileWeb/_include/get_screenshot

2019-12-02 02:31:59 - [TEST_STEP][PASSED] - takeScreenshot(screenPath + i + ".png"): Taking screenshot successfully

2019-12-02 02:31:59 - [MESSAGE][PASSED] - Taking screenshot successfully
[[ATTACHMENT|D:\\Test\\AgileTest\\Reports\\HIC\\hic\\20191202_022122\\../Screenshots/iPhone 6/HIC/HBI/Fixed Cash Benefit/standard/6.png]]

2019-12-02 02:31:59 - [TEST_STEP][PASSED] - (internal.GlobalVariable.i++): null

2019-12-02 02:31:59 - [MESSAGE][PASSED] - Call Test Case 'Test Cases/mobileWeb/_include/get_screenshot' successfully

2019-12-02 02:31:59 - [TEST_STEP][PASSED] - setText(findTestObject("mobileSanity/HBI/Page_App Page 2/input__credit-card-first"), FirstName): Text 'Test-123' is set on object 'Object Repository/mobileSanity/HBI/Page_App Page 2/input__credit-card-first'

2019-12-02 02:32:00 - [MESSAGE][PASSED] - Text 'Test-123' is set on object 'Object Repository/mobileSanity/HBI/Page_App Page 2/input__credit-card-first'

2019-12-02 02:32:00 - [TEST_STEP][PASSED] - setText(findTestObject("mobileSanity/HBI/Page_App Page 2/input__credit-card-last"), LastName): Text 'ZZ11-lBTgsFcS' is set on object 'Object Repository/mobileSanity/HBI/Page_App Page 2/input__credit-card-last'

2019-12-02 02:32:00 - [MESSAGE][PASSED] - Text 'ZZ11-lBTgsFcS' is set on object 'Object Repository/mobileSanity/HBI/Page_App Page 2/input__credit-card-last'

2019-12-02 02:32:00 - [TEST_STEP][PASSED] - selectOptionByValue(findTestObject("mobileSanity/HBI/Page_App Page 2/select_MM010203040506070809101"), "12", true): All options with value '12' are selected in object 'Object Repository/mobileSanity/HBI/Page_App Page 2/select_MM010203040506070809101'  using regular expression

2019-12-02 02:32:00 - [MESSAGE][PASSED] - All options with value '12' are selected in object 'Object Repository/mobileSanity/HBI/Page_App Page 2/select_MM010203040506070809101'  using regular expression

2019-12-02 02:32:00 - [TEST_STEP][PASSED] - selectOptionByValue(findTestObject("mobileSanity/HBI/Page_App Page 2/select_YYYY2019202020212022202"), "2026", true): All options with value '2026' are selected in object 'Object Repository/mobileSanity/HBI/Page_App Page 2/select_YYYY2019202020212022202'  using regular expression

2019-12-02 02:32:00 - [MESSAGE][PASSED] - All options with value '2026' are selected in object 'Object Repository/mobileSanity/HBI/Page_App Page 2/select_YYYY2019202020212022202'  using regular expression

2019-12-02 02:32:00 - [TEST_STEP][PASSED] - setText(findTestObject("mobileSanity/HBI/Page_App Page 2/input__credit-card-number"), "4111111111111111"): Text '4111111111111111' is set on object 'Object Repository/mobileSanity/HBI/Page_App Page 2/input__credit-card-number'

2019-12-02 02:32:01 - [MESSAGE][PASSED] - Text '4111111111111111' is set on object 'Object Repository/mobileSanity/HBI/Page_App Page 2/input__credit-card-number'

2019-12-02 02:32:01 - [TEST_STEP][PASSED] - setText(findTestObject("mobileSanity/HBI/Page_App Page 2/input__cvv"), "123"): Text '123' is set on object 'Object Repository/mobileSanity/HBI/Page_App Page 2/input__cvv'

2019-12-02 02:32:01 - [MESSAGE][PASSED] - Text '123' is set on object 'Object Repository/mobileSanity/HBI/Page_App Page 2/input__cvv'

2019-12-02 02:32:01 - [TEST_STEP][PASSED] - click(findTestObject("mobileSanity/HBI/Page_App Page 2/label_My billing address is th")): Object: 'Object Repository/mobileSanity/HBI/Page_App Page 2/label_My billing address is th' is clicked on

2019-12-02 02:32:01 - [MESSAGE][PASSED] - Object: 'Object Repository/mobileSanity/HBI/Page_App Page 2/label_My billing address is th' is clicked on

2019-12-02 02:32:01 - [TEST_STEP][PASSED] - click(findTestObject("mobileSanity/HBI/Page_App Page 2/label_I Accept Authorization f")): Object: 'Object Repository/mobileSanity/HBI/Page_App Page 2/label_I Accept Authorization f' is clicked on

2019-12-02 02:32:01 - [MESSAGE][PASSED] - Object: 'Object Repository/mobileSanity/HBI/Page_App Page 2/label_I Accept Authorization f' is clicked on

2019-12-02 02:32:01 - [TEST_STEP][PASSED] - click(findTestObject("mobileSanity/HBI/Page_App Page 2/a_Continue to Step 3 - Review")): Object: 'Object Repository/mobileSanity/HBI/Page_App Page 2/a_Continue to Step 3 - Review' is clicked on

2019-12-02 02:32:01 - [MESSAGE][PASSED] - Object: 'Object Repository/mobileSanity/HBI/Page_App Page 2/a_Continue to Step 3 - Review' is clicked on

2019-12-02 02:32:01 - [TEST_STEP][PASSED] - waitForPageLoad(20): Wait for page load successfully

2019-12-02 02:32:01 - [MESSAGE][PASSED] - Wait for page load successfully

2019-12-02 02:32:01 - [TEST_STEP][PASSED] - Thread.sleep(10000): null

2019-12-02 02:32:11 - [TEST_STEP][PASSED] - waitForElementPresent(findTestObject("mobileSanity/HBI/Page_App Page 3/label"), 20): Object 'Object Repository/mobileSanity/HBI/Page_App Page 3/label' is present

2019-12-02 02:32:12 - [MESSAGE][PASSED] - Object 'Object Repository/mobileSanity/HBI/Page_App Page 3/label' is present

2019-12-02 02:32:12 - [TEST_STEP][PASSED] - callTestCase(findTestCase("mobileWeb/_include/get_screenshot"), [:], STOP_ON_FAILURE): Call Test Case 'Test Cases/mobileWeb/_include/get_screenshot' successfully

2019-12-02 02:32:12 - [TEST_CASE][PASSED] - Test Cases/mobileWeb/_include/get_screenshot: Test Cases/mobileWeb/_include/get_screenshot

2019-12-02 02:32:12 - [TEST_STEP][PASSED] - takeScreenshot(screenPath + i + ".png"): Taking screenshot successfully

2019-12-02 02:32:12 - [MESSAGE][PASSED] - Taking screenshot successfully
[[ATTACHMENT|D:\\Test\\AgileTest\\Reports\\HIC\\hic\\20191202_022122\\../Screenshots/iPhone 6/HIC/HBI/Fixed Cash Benefit/standard/7.png]]

2019-12-02 02:32:12 - [TEST_STEP][PASSED] - (internal.GlobalVariable.i++): null

2019-12-02 02:32:12 - [MESSAGE][PASSED] - Call Test Case 'Test Cases/mobileWeb/_include/get_screenshot' successfully

2019-12-02 02:32:12 - [TEST_STEP][PASSED] - click(findTestObject("mobileSanity/HBI/Page_App Page 3/label")): Object: 'Object Repository/mobileSanity/HBI/Page_App Page 3/label' is clicked on

2019-12-02 02:32:12 - [MESSAGE][PASSED] - Object: 'Object Repository/mobileSanity/HBI/Page_App Page 3/label' is clicked on

2019-12-02 02:32:12 - [TEST_STEP][PASSED] - click(findTestObject("mobileSanity/HBI/Page_App Page 3/p_CLICK TO SIGN")): Object: 'Object Repository/mobileSanity/HBI/Page_App Page 3/p_CLICK TO SIGN' is clicked on

2019-12-02 02:32:12 - [MESSAGE][PASSED] - Object: 'Object Repository/mobileSanity/HBI/Page_App Page 3/p_CLICK TO SIGN' is clicked on

2019-12-02 02:32:12 - [TEST_STEP][PASSED] - click(findTestObject("mobileSanity/HBI/Page_App Page 3/a_Submit Your Application")): Object: 'Object Repository/mobileSanity/HBI/Page_App Page 3/a_Submit Your Application' is clicked on

2019-12-02 02:32:12 - [MESSAGE][PASSED] - Object: 'Object Repository/mobileSanity/HBI/Page_App Page 3/a_Submit Your Application' is clicked on

2019-12-02 02:32:12 - [TEST_STEP][PASSED] - Thread.sleep(30000): null

2019-12-02 02:32:42 - [TEST_STEP][PASSED] - callTestCase(findTestCase("mobileWeb/_include/get_screenshot"), [:], STOP_ON_FAILURE): Call Test Case 'Test Cases/mobileWeb/_include/get_screenshot' successfully

2019-12-02 02:32:42 - [TEST_CASE][PASSED] - Test Cases/mobileWeb/_include/get_screenshot: Test Cases/mobileWeb/_include/get_screenshot

2019-12-02 02:32:42 - [TEST_STEP][PASSED] - takeScreenshot(screenPath + i + ".png"): Taking screenshot successfully

2019-12-02 02:32:43 - [MESSAGE][PASSED] - Taking screenshot successfully
[[ATTACHMENT|D:\\Test\\AgileTest\\Reports\\HIC\\hic\\20191202_022122\\../Screenshots/iPhone 6/HIC/HBI/Fixed Cash Benefit/standard/8.png]]

2019-12-02 02:32:43 - [TEST_STEP][PASSED] - (internal.GlobalVariable.i++): null

2019-12-02 02:32:43 - [MESSAGE][PASSED] - Call Test Case 'Test Cases/mobileWeb/_include/get_screenshot' successfully

2019-12-02 02:32:43 - [TEST_STEP][PASSED] - verifyTextPresent("Congratulations", false): Text 'Congratulations' is present on page 

2019-12-02 02:32:43 - [MESSAGE][PASSED] - Text 'Congratulations' is present on page 

2019-12-02 02:32:43 - [MESSAGE][PASSED] - Call Test Case 'Test Cases/mobileWeb/_include/goToEnd_hbi' successfully]]></system-out>
         <system-err><![CDATA[]]></system-err>
      </testcase>
      <testcase name="Test Cases/HIC/HBI/Health Choice" classname="Test Cases/HIC/HBI/Health Choice" status="PASSED">
         <system-out><![CDATA[2019-12-02 02:32:43 - [TEST_CASE][PASSED] - Test Cases/HIC/HBI/Health Choice: Test Cases/HIC/HBI/Health Choice

2019-12-02 02:32:43 - [TEST_STEP][PASSED] - callTestCase(findTestCase("HIC/_include/get_hicScreenPath"), ["project":"HIC", "productLine":"HBI", "carrierName":"Health Choice"], CONTINUE_ON_FAILURE): Call Test Case 'Test Cases/HIC/_include/get_hicScreenPath' successfully

2019-12-02 02:32:43 - [TEST_CASE][PASSED] - Test Cases/HIC/_include/get_hicScreenPath: Test Cases/HIC/_include/get_hicScreenPath

2019-12-02 02:32:43 - [TEST_STEP][PASSED] - m = getExecutionProperties(): null

2019-12-02 02:32:43 - [TEST_STEP][PASSED] - deviceName = get("mobileEmulation").get("deviceName"): null

2019-12-02 02:32:43 - [TEST_STEP][PASSED] - println(deviceName): null

2019-12-02 02:32:43 - [TEST_STEP][PASSED] - now = new java.util.Date(): null

2019-12-02 02:32:43 - [TEST_STEP][PASSED] - mydate = now.format("yyyyMMdd_HHmmss"): null

2019-12-02 02:32:43 - [TEST_STEP][PASSED] - screenPath = "../Screenshots/": null

2019-12-02 02:32:43 - [TEST_STEP][PASSED] - screenPath = screenPath + deviceName + "/" + project + "/" + productLine + "/" + carrierName + "/" + "standard" + "/": null

2019-12-02 02:32:43 - [TEST_STEP][PASSED] - println(screenPath): null

2019-12-02 02:32:43 - [MESSAGE][PASSED] - Call Test Case 'Test Cases/HIC/_include/get_hicScreenPath' successfully

2019-12-02 02:32:43 - [TEST_STEP][PASSED] - i = 0: null

2019-12-02 02:32:43 - [TEST_STEP][PASSED] - callTestCase(findTestCase("mobileWeb/_include/openWebSite"), ["env":"https://qa.healthinsurance.com/"], CONTINUE_ON_FAILURE): Call Test Case 'Test Cases/mobileWeb/_include/openWebSite' successfully

2019-12-02 02:32:43 - [TEST_CASE][PASSED] - Test Cases/mobileWeb/_include/openWebSite: Test Cases/mobileWeb/_include/openWebSite

2019-12-02 02:32:43 - [TEST_STEP][PASSED] - openBrowser(env): Browser is opened with url: 'https://qa.healthinsurance.com/'

2019-12-02 02:32:43 - [MESSAGE][WARNING] - A browser is already opened. Closing browser and opening a new one

2019-12-02 02:32:44 - [MESSAGE][INFO] - Starting 'Chrome' driver

2019-12-02 02:32:44 - [MESSAGE][INFO] - User set preference: ['mobileEmulation', '{deviceName=iPhone 6}']

2019-12-02 02:32:44 - [MESSAGE][INFO] - User set preference: ['args', '[--incognito, --aggressive-cache-discard, --window-size=375,677, --no-sandbox]']

2019-12-02 02:32:46 - [MESSAGE][PASSED] - Browser is opened with url: 'https://qa.healthinsurance.com/'

2019-12-02 02:32:46 - [TEST_STEP][PASSED] - waitForPageLoad(20): Wait for page load successfully

2019-12-02 02:32:46 - [MESSAGE][PASSED] - Wait for page load successfully

2019-12-02 02:32:46 - [TEST_STEP][PASSED] - callTestCase(findTestCase("mobileWeb/_include/get_screenshot"), [:], STOP_ON_FAILURE): Call Test Case 'Test Cases/mobileWeb/_include/get_screenshot' successfully

2019-12-02 02:32:46 - [TEST_CASE][PASSED] - Test Cases/mobileWeb/_include/get_screenshot: Test Cases/mobileWeb/_include/get_screenshot

2019-12-02 02:32:46 - [TEST_STEP][PASSED] - takeScreenshot(screenPath + i + ".png"): Taking screenshot successfully

2019-12-02 02:32:47 - [MESSAGE][PASSED] - Taking screenshot successfully
[[ATTACHMENT|D:\\Test\\AgileTest\\Reports\\HIC\\hic\\20191202_022122\\../Screenshots/iPhone 6/HIC/HBI/Health Choice/standard/0.png]]

2019-12-02 02:32:47 - [TEST_STEP][PASSED] - (internal.GlobalVariable.i++): null

2019-12-02 02:32:47 - [MESSAGE][PASSED] - Call Test Case 'Test Cases/mobileWeb/_include/get_screenshot' successfully

2019-12-02 02:32:47 - [MESSAGE][PASSED] - Call Test Case 'Test Cases/mobileWeb/_include/openWebSite' successfully

2019-12-02 02:32:47 - [TEST_STEP][PASSED] - click(findTestObject("hic/nav/navButton")): Object: 'Object Repository/hic/nav/navButton' is clicked on

2019-12-02 02:32:47 - [MESSAGE][PASSED] - Object: 'Object Repository/hic/nav/navButton' is clicked on

2019-12-02 02:32:47 - [TEST_STEP][PASSED] - Thread.sleep(2000): null

2019-12-02 02:32:49 - [TEST_STEP][PASSED] - click(findTestObject("hic/nav/hbiLink")): Object: 'Object Repository/hic/nav/hbiLink' is clicked on

2019-12-02 02:32:49 - [MESSAGE][PASSED] - Object: 'Object Repository/hic/nav/hbiLink' is clicked on

2019-12-02 02:32:49 - [TEST_STEP][PASSED] - Thread.sleep(2000): null

2019-12-02 02:32:51 - [TEST_STEP][PASSED] - callTestCase(findTestCase("mobileWeb/_include/get_screenshot"), [:], STOP_ON_FAILURE): Call Test Case 'Test Cases/mobileWeb/_include/get_screenshot' successfully

2019-12-02 02:32:51 - [TEST_CASE][PASSED] - Test Cases/mobileWeb/_include/get_screenshot: Test Cases/mobileWeb/_include/get_screenshot

2019-12-02 02:32:51 - [TEST_STEP][PASSED] - takeScreenshot(screenPath + i + ".png"): Taking screenshot successfully

2019-12-02 02:32:51 - [MESSAGE][PASSED] - Taking screenshot successfully
[[ATTACHMENT|D:\\Test\\AgileTest\\Reports\\HIC\\hic\\20191202_022122\\../Screenshots/iPhone 6/HIC/HBI/Health Choice/standard/1.png]]

2019-12-02 02:32:51 - [TEST_STEP][PASSED] - (internal.GlobalVariable.i++): null

2019-12-02 02:32:51 - [MESSAGE][PASSED] - Call Test Case 'Test Cases/mobileWeb/_include/get_screenshot' successfully

2019-12-02 02:32:51 - [TEST_STEP][PASSED] - callTestCase(findTestCase("HIC/_include/stm_census"), ["zipcode":"35215"], STOP_ON_FAILURE): Call Test Case 'Test Cases/HIC/_include/stm_census' successfully

2019-12-02 02:32:52 - [TEST_CASE][PASSED] - Test Cases/HIC/_include/stm_census: Test Cases/HIC/_include/stm_census

2019-12-02 02:32:52 - [TEST_STEP][PASSED] - setText(findTestObject("hic/stm/zip"), zipcode): Text '35215' is set on object 'Object Repository/hic/stm/zip'

2019-12-02 02:32:52 - [MESSAGE][PASSED] - Text '35215' is set on object 'Object Repository/hic/stm/zip'

2019-12-02 02:32:52 - [TEST_STEP][PASSED] - Thread.sleep(500): null

2019-12-02 02:32:52 - [TEST_STEP][PASSED] - setText(findTestObject("hic/stm/primaryDOB"), "03031987"): Text '03031987' is set on object 'Object Repository/hic/stm/primaryDOB'

2019-12-02 02:32:52 - [MESSAGE][PASSED] - Text '03031987' is set on object 'Object Repository/hic/stm/primaryDOB'

2019-12-02 02:32:52 - [TEST_STEP][PASSED] - click(findTestObject("hic/stm/female")): Object: 'Object Repository/hic/stm/female' is clicked on

2019-12-02 02:32:53 - [MESSAGE][PASSED] - Object: 'Object Repository/hic/stm/female' is clicked on

2019-12-02 02:32:53 - [TEST_STEP][PASSED] - Thread.sleep(3000): null

2019-12-02 02:32:56 - [TEST_STEP][PASSED] - click(findTestObject("hic/stm/submitButton")): Object: 'Object Repository/hic/stm/submitButton' is clicked on

2019-12-02 02:32:56 - [MESSAGE][PASSED] - Object: 'Object Repository/hic/stm/submitButton' is clicked on

2019-12-02 02:32:56 - [TEST_STEP][PASSED] - Thread.sleep(6000): null

2019-12-02 02:33:02 - [TEST_STEP][PASSED] - callTestCase(findTestCase("mobileWeb/_include/get_screenshot"), [:], STOP_ON_FAILURE): Call Test Case 'Test Cases/mobileWeb/_include/get_screenshot' successfully

2019-12-02 02:33:02 - [TEST_CASE][PASSED] - Test Cases/mobileWeb/_include/get_screenshot: Test Cases/mobileWeb/_include/get_screenshot

2019-12-02 02:33:03 - [TEST_STEP][PASSED] - takeScreenshot(screenPath + i + ".png"): Taking screenshot successfully

2019-12-02 02:33:03 - [MESSAGE][PASSED] - Taking screenshot successfully
[[ATTACHMENT|D:\\Test\\AgileTest\\Reports\\HIC\\hic\\20191202_022122\\../Screenshots/iPhone 6/HIC/HBI/Health Choice/standard/2.png]]

2019-12-02 02:33:03 - [TEST_STEP][PASSED] - (internal.GlobalVariable.i++): null

2019-12-02 02:33:03 - [MESSAGE][PASSED] - Call Test Case 'Test Cases/mobileWeb/_include/get_screenshot' successfully

2019-12-02 02:33:03 - [TEST_STEP][PASSED] - Thread.sleep(1000): null

2019-12-02 02:33:04 - [MESSAGE][PASSED] - Call Test Case 'Test Cases/HIC/_include/stm_census' successfully

2019-12-02 02:33:04 - [TEST_STEP][PASSED] - Thread.sleep(5000): null

2019-12-02 02:33:09 - [TEST_STEP][PASSED] - scrollToPosition(200, 2300): Browser is scrolled to position x = 200, y = 2300

2019-12-02 02:33:09 - [MESSAGE][PASSED] - Browser is scrolled to position x = 200, y = 2300

2019-12-02 02:33:09 - [TEST_STEP][PASSED] - click(findTestObject("mobileSanity/HBI/quote/a_Health Choice")): Object: 'Object Repository/mobileSanity/HBI/quote/a_Health Choice' is clicked on

2019-12-02 02:33:10 - [MESSAGE][PASSED] - Object: 'Object Repository/mobileSanity/HBI/quote/a_Health Choice' is clicked on

2019-12-02 02:33:10 - [TEST_STEP][PASSED] - waitForPageLoad(20): Wait for page load successfully

2019-12-02 02:33:10 - [MESSAGE][PASSED] - Wait for page load successfully

2019-12-02 02:33:10 - [TEST_STEP][PASSED] - callTestCase(findTestCase("mobileWeb/_include/get_screenshot"), [:], STOP_ON_FAILURE): Call Test Case 'Test Cases/mobileWeb/_include/get_screenshot' successfully

2019-12-02 02:33:10 - [TEST_CASE][PASSED] - Test Cases/mobileWeb/_include/get_screenshot: Test Cases/mobileWeb/_include/get_screenshot

2019-12-02 02:33:10 - [TEST_STEP][PASSED] - takeScreenshot(screenPath + i + ".png"): Taking screenshot successfully

2019-12-02 02:33:10 - [MESSAGE][PASSED] - Taking screenshot successfully
[[ATTACHMENT|D:\\Test\\AgileTest\\Reports\\HIC\\hic\\20191202_022122\\../Screenshots/iPhone 6/HIC/HBI/Health Choice/standard/3.png]]

2019-12-02 02:33:10 - [TEST_STEP][PASSED] - (internal.GlobalVariable.i++): null

2019-12-02 02:33:10 - [MESSAGE][PASSED] - Call Test Case 'Test Cases/mobileWeb/_include/get_screenshot' successfully

2019-12-02 02:33:10 - [TEST_STEP][PASSED] - click(findTestObject("mobileSanity/HBI/detail/a_Apply for This Plan")): Object: 'Object Repository/mobileSanity/HBI/detail/a_Apply for This Plan' is clicked on

2019-12-02 02:33:11 - [MESSAGE][PASSED] - Object: 'Object Repository/mobileSanity/HBI/detail/a_Apply for This Plan' is clicked on

2019-12-02 02:33:11 - [TEST_STEP][PASSED] - waitForPageLoad(20): Wait for page load successfully

2019-12-02 02:33:11 - [MESSAGE][PASSED] - Wait for page load successfully

2019-12-02 02:33:11 - [TEST_STEP][PASSED] - callTestCase(findTestCase("mobileWeb/_include/get_screenshot"), [:], STOP_ON_FAILURE): Call Test Case 'Test Cases/mobileWeb/_include/get_screenshot' successfully

2019-12-02 02:33:11 - [TEST_CASE][PASSED] - Test Cases/mobileWeb/_include/get_screenshot: Test Cases/mobileWeb/_include/get_screenshot

2019-12-02 02:33:11 - [TEST_STEP][PASSED] - takeScreenshot(screenPath + i + ".png"): Taking screenshot successfully

2019-12-02 02:33:11 - [MESSAGE][PASSED] - Taking screenshot successfully
[[ATTACHMENT|D:\\Test\\AgileTest\\Reports\\HIC\\hic\\20191202_022122\\../Screenshots/iPhone 6/HIC/HBI/Health Choice/standard/4.png]]

2019-12-02 02:33:11 - [TEST_STEP][PASSED] - (internal.GlobalVariable.i++): null

2019-12-02 02:33:11 - [MESSAGE][PASSED] - Call Test Case 'Test Cases/mobileWeb/_include/get_screenshot' successfully

2019-12-02 02:33:11 - [TEST_STEP][PASSED] - click(findTestObject("mobileSanity/HBI/Page_Apply/span_Start Secure Application")): Object: 'Object Repository/mobileSanity/HBI/Page_Apply/span_Start Secure Application' is clicked on

2019-12-02 02:33:12 - [MESSAGE][PASSED] - Object: 'Object Repository/mobileSanity/HBI/Page_Apply/span_Start Secure Application' is clicked on

2019-12-02 02:33:12 - [TEST_STEP][PASSED] - waitForPageLoad(20): Wait for page load successfully

2019-12-02 02:33:12 - [MESSAGE][PASSED] - Wait for page load successfully

2019-12-02 02:33:12 - [TEST_STEP][PASSED] - Thread.sleep(5000): null

2019-12-02 02:33:17 - [TEST_STEP][PASSED] - callTestCase(findTestCase("mobileWeb/_include/get_screenshot"), [:], STOP_ON_FAILURE): Call Test Case 'Test Cases/mobileWeb/_include/get_screenshot' successfully

2019-12-02 02:33:17 - [TEST_CASE][PASSED] - Test Cases/mobileWeb/_include/get_screenshot: Test Cases/mobileWeb/_include/get_screenshot

2019-12-02 02:33:17 - [TEST_STEP][PASSED] - takeScreenshot(screenPath + i + ".png"): Taking screenshot successfully

2019-12-02 02:33:17 - [MESSAGE][PASSED] - Taking screenshot successfully
[[ATTACHMENT|D:\\Test\\AgileTest\\Reports\\HIC\\hic\\20191202_022122\\../Screenshots/iPhone 6/HIC/HBI/Health Choice/standard/5.png]]

2019-12-02 02:33:17 - [TEST_STEP][PASSED] - (internal.GlobalVariable.i++): null

2019-12-02 02:33:17 - [MESSAGE][PASSED] - Call Test Case 'Test Cases/mobileWeb/_include/get_screenshot' successfully

2019-12-02 02:33:17 - [TEST_STEP][PASSED] - callTestCase(findTestCase("mobileWeb/_include/goToEnd_hbi"), ["carrier":"healthchoiceplus"], CONTINUE_ON_FAILURE): Call Test Case 'Test Cases/mobileWeb/_include/goToEnd_hbi' successfully

2019-12-02 02:33:17 - [TEST_CASE][PASSED] - Test Cases/mobileWeb/_include/goToEnd_hbi: Test Cases/mobileWeb/_include/goToEnd_hbi

2019-12-02 02:33:17 - [TEST_STEP][PASSED] - if (state == "ca"): null

2019-12-02 02:33:17 - [TEST_STEP][PASSED] - callTestCase(findTestCase("mobileWeb/_include/name"), [:], CONTINUE_ON_FAILURE): Call Test Case 'Test Cases/mobileWeb/_include/name' successfully

2019-12-02 02:33:17 - [TEST_CASE][PASSED] - Test Cases/mobileWeb/_include/name: Test Cases/mobileWeb/_include/name

2019-12-02 02:33:17 - [TEST_STEP][PASSED] - driver = getWebDriver(): null

2019-12-02 02:33:17 - [TEST_STEP][PASSED] - selenium = new com.thoughtworks.selenium.webdriven.WebDriverBackedSelenium(driver, internal.GlobalVariable.ENV): null

2019-12-02 02:33:17 - [TEST_STEP][PASSED] - FirstName = "Test-123": null

2019-12-02 02:33:17 - [TEST_STEP][PASSED] - LastName = selenium.getEval("{var x="ABCDEFGHIJKLMNOPQRSTUVWXYZabcdefghijklmnopqrstuvwxyz"; var tmp="ZZ11-"; for (i=0;i<8;i++) tmp+=x.charAt(Math.ceil(51*Math.random()));tmp;}"): null

2019-12-02 02:33:17 - [TEST_STEP][PASSED] - Address = selenium.getEval("{var x="ABCDEFGHIJKLMNOPQRSTUVWXYZabcdefghijklmnopqrstuvwxyz"; var tmp=""; for (i=0;i<8;i++) tmp+=x.charAt(Math.ceil(51*Math.random()));tmp;}"): null

2019-12-02 02:33:17 - [TEST_STEP][PASSED] - City = selenium.getEval("{var x="ABCDEFGHIJKLMNOPQRSTUVWXYZabcdefghijklmnopqrstuvwxyz"; var tmp=""; for (i=0;i<8;i++) tmp+=x.charAt(Math.ceil(51*Math.random()));tmp;}"): null

2019-12-02 02:33:17 - [TEST_STEP][PASSED] - tel1 = selenium.getEval("{var x="123456789"; var tmp=""; for (i=0;i<3;i++) tmp+=x.charAt(Math.ceil(8*Math.random()));tmp;}"): null

2019-12-02 02:33:17 - [TEST_STEP][PASSED] - tel2 = selenium.getEval("{var x="123456789"; var tmp=""; for (i=0;i<3;i++) tmp+=x.charAt(Math.ceil(8*Math.random()));tmp;}"): null

2019-12-02 02:33:17 - [TEST_STEP][PASSED] - tel3 = selenium.getEval("{var x="123456789"; var tmp=""; for (i=0;i<4;i++) tmp+=x.charAt(Math.ceil(8*Math.random()));tmp;}"): null

2019-12-02 02:33:18 - [TEST_STEP][PASSED] - Tel = selenium.getExpression(tel1 + "-" + tel2 + "-" + tel3): null

2019-12-02 02:33:18 - [TEST_STEP][PASSED] - AutoEmail = selenium.getEval("{var x="ABCDEFGHIJKLMNOPQRSTUVWXYZabcdefghijklmnopqrstuvwxyz"; var tmp="test."; for (i=0;i<8;i++) tmp+=x.charAt(Math.ceil(51*Math.random()));tmp+="@suryani.cn";}"): null

2019-12-02 02:33:18 - [TEST_STEP][PASSED] - FirstName = FirstName: null

2019-12-02 02:33:18 - [TEST_STEP][PASSED] - LastName = LastName: null

2019-12-02 02:33:18 - [TEST_STEP][PASSED] - Address = Address: null

2019-12-02 02:33:18 - [TEST_STEP][PASSED] - City = City: null

2019-12-02 02:33:18 - [TEST_STEP][PASSED] - Tel = Tel: null

2019-12-02 02:33:18 - [TEST_STEP][PASSED] - AutoEmail = AutoEmail: null

2019-12-02 02:33:18 - [TEST_STEP][PASSED] - println(FirstName): null

2019-12-02 02:33:18 - [TEST_STEP][PASSED] - println(LastName): null

2019-12-02 02:33:18 - [TEST_STEP][PASSED] - println(Address): null

2019-12-02 02:33:18 - [TEST_STEP][PASSED] - println(City): null

2019-12-02 02:33:18 - [TEST_STEP][PASSED] - println(Tel): null

2019-12-02 02:33:18 - [TEST_STEP][PASSED] - println(AutoEmail): null

2019-12-02 02:33:18 - [MESSAGE][PASSED] - Call Test Case 'Test Cases/mobileWeb/_include/name' successfully

2019-12-02 02:33:18 - [TEST_STEP][PASSED] - setText(findTestObject("mobileSanity/HBI/Page_App Page 1/input__member-P-1-firstName"), FirstName): Text 'Test-123' is set on object 'Object Repository/mobileSanity/HBI/Page_App Page 1/input__member-P-1-firstName'

2019-12-02 02:33:18 - [MESSAGE][PASSED] - Text 'Test-123' is set on object 'Object Repository/mobileSanity/HBI/Page_App Page 1/input__member-P-1-firstName'

2019-12-02 02:33:18 - [TEST_STEP][PASSED] - setText(findTestObject("mobileSanity/HBI/Page_App Page 1/input__member-P-1-lastName"), LastName): Text 'ZZ11-cXIPvjDu' is set on object 'Object Repository/mobileSanity/HBI/Page_App Page 1/input__member-P-1-lastName'

2019-12-02 02:33:18 - [MESSAGE][PASSED] - Text 'ZZ11-cXIPvjDu' is set on object 'Object Repository/mobileSanity/HBI/Page_App Page 1/input__member-P-1-lastName'

2019-12-02 02:33:18 - [TEST_STEP][PASSED] - if (carrier == "agileone" || carrier == "agilesecure"): null

2019-12-02 02:33:18 - [TEST_STEP][PASSED] - setText(findTestObject("mobileSanity/HBI/Page_App Page 1/input__address"), Address): Text 'glHuGGgG' is set on object 'Object Repository/mobileSanity/HBI/Page_App Page 1/input__address'

2019-12-02 02:33:18 - [MESSAGE][PASSED] - Text 'glHuGGgG' is set on object 'Object Repository/mobileSanity/HBI/Page_App Page 1/input__address'

2019-12-02 02:33:18 - [TEST_STEP][PASSED] - setText(findTestObject("mobileSanity/HBI/Page_App Page 1/input__city"), City): Text 'czMOttHj' is set on object 'Object Repository/mobileSanity/HBI/Page_App Page 1/input__city'

2019-12-02 02:33:18 - [MESSAGE][PASSED] - Text 'czMOttHj' is set on object 'Object Repository/mobileSanity/HBI/Page_App Page 1/input__city'

2019-12-02 02:33:18 - [TEST_STEP][PASSED] - setText(findTestObject("mobileSanity/HBI/Page_App Page 1/input__email"), AutoEmail): Text 'test.cOolrYVZ@suryani.cn' is set on object 'Object Repository/mobileSanity/HBI/Page_App Page 1/input__email'

2019-12-02 02:33:19 - [MESSAGE][PASSED] - Text 'test.cOolrYVZ@suryani.cn' is set on object 'Object Repository/mobileSanity/HBI/Page_App Page 1/input__email'

2019-12-02 02:33:19 - [TEST_STEP][PASSED] - setText(findTestObject("mobileSanity/HBI/Page_App Page 1/input_tel"), Tel): Text '868-349-2798' is set on object 'Object Repository/mobileSanity/HBI/Page_App Page 1/input_tel'

2019-12-02 02:33:19 - [MESSAGE][PASSED] - Text '868-349-2798' is set on object 'Object Repository/mobileSanity/HBI/Page_App Page 1/input_tel'

2019-12-02 02:33:19 - [TEST_STEP][PASSED] - click(findTestObject("mobileSanity/HBI/Page_App Page 1/a_Continue to Step 2 - Payment")): Object: 'Object Repository/mobileSanity/HBI/Page_App Page 1/a_Continue to Step 2 - Payment' is clicked on

2019-12-02 02:33:19 - [MESSAGE][PASSED] - Object: 'Object Repository/mobileSanity/HBI/Page_App Page 1/a_Continue to Step 2 - Payment' is clicked on

2019-12-02 02:33:19 - [TEST_STEP][PASSED] - waitForPageLoad(20): Wait for page load successfully

2019-12-02 02:33:19 - [MESSAGE][PASSED] - Wait for page load successfully

2019-12-02 02:33:19 - [TEST_STEP][PASSED] - Thread.sleep(2000): null

2019-12-02 02:33:21 - [TEST_STEP][PASSED] - waitForElementVisible(findTestObject("mobileSanity/HBI/Page_App Page 2/input__credit-card-first"), 20): Object 'Object Repository/mobileSanity/HBI/Page_App Page 2/input__credit-card-first' is visible

2019-12-02 02:33:21 - [MESSAGE][PASSED] - Object 'Object Repository/mobileSanity/HBI/Page_App Page 2/input__credit-card-first' is visible

2019-12-02 02:33:21 - [TEST_STEP][PASSED] - callTestCase(findTestCase("mobileWeb/_include/get_screenshot"), [:], STOP_ON_FAILURE): Call Test Case 'Test Cases/mobileWeb/_include/get_screenshot' successfully

2019-12-02 02:33:21 - [TEST_CASE][PASSED] - Test Cases/mobileWeb/_include/get_screenshot: Test Cases/mobileWeb/_include/get_screenshot

2019-12-02 02:33:21 - [TEST_STEP][PASSED] - takeScreenshot(screenPath + i + ".png"): Taking screenshot successfully

2019-12-02 02:33:22 - [MESSAGE][PASSED] - Taking screenshot successfully
[[ATTACHMENT|D:\\Test\\AgileTest\\Reports\\HIC\\hic\\20191202_022122\\../Screenshots/iPhone 6/HIC/HBI/Health Choice/standard/6.png]]

2019-12-02 02:33:22 - [TEST_STEP][PASSED] - (internal.GlobalVariable.i++): null

2019-12-02 02:33:22 - [MESSAGE][PASSED] - Call Test Case 'Test Cases/mobileWeb/_include/get_screenshot' successfully

2019-12-02 02:33:22 - [TEST_STEP][PASSED] - setText(findTestObject("mobileSanity/HBI/Page_App Page 2/input__credit-card-first"), FirstName): Text 'Test-123' is set on object 'Object Repository/mobileSanity/HBI/Page_App Page 2/input__credit-card-first'

2019-12-02 02:33:22 - [MESSAGE][PASSED] - Text 'Test-123' is set on object 'Object Repository/mobileSanity/HBI/Page_App Page 2/input__credit-card-first'

2019-12-02 02:33:22 - [TEST_STEP][PASSED] - setText(findTestObject("mobileSanity/HBI/Page_App Page 2/input__credit-card-last"), LastName): Text 'ZZ11-cXIPvjDu' is set on object 'Object Repository/mobileSanity/HBI/Page_App Page 2/input__credit-card-last'

2019-12-02 02:33:23 - [MESSAGE][PASSED] - Text 'ZZ11-cXIPvjDu' is set on object 'Object Repository/mobileSanity/HBI/Page_App Page 2/input__credit-card-last'

2019-12-02 02:33:23 - [TEST_STEP][PASSED] - selectOptionByValue(findTestObject("mobileSanity/HBI/Page_App Page 2/select_MM010203040506070809101"), "12", true): All options with value '12' are selected in object 'Object Repository/mobileSanity/HBI/Page_App Page 2/select_MM010203040506070809101'  using regular expression

2019-12-02 02:33:23 - [MESSAGE][PASSED] - All options with value '12' are selected in object 'Object Repository/mobileSanity/HBI/Page_App Page 2/select_MM010203040506070809101'  using regular expression

2019-12-02 02:33:23 - [TEST_STEP][PASSED] - selectOptionByValue(findTestObject("mobileSanity/HBI/Page_App Page 2/select_YYYY2019202020212022202"), "2026", true): All options with value '2026' are selected in object 'Object Repository/mobileSanity/HBI/Page_App Page 2/select_YYYY2019202020212022202'  using regular expression

2019-12-02 02:33:23 - [MESSAGE][PASSED] - All options with value '2026' are selected in object 'Object Repository/mobileSanity/HBI/Page_App Page 2/select_YYYY2019202020212022202'  using regular expression

2019-12-02 02:33:23 - [TEST_STEP][PASSED] - setText(findTestObject("mobileSanity/HBI/Page_App Page 2/input__credit-card-number"), "4111111111111111"): Text '4111111111111111' is set on object 'Object Repository/mobileSanity/HBI/Page_App Page 2/input__credit-card-number'

2019-12-02 02:33:23 - [MESSAGE][PASSED] - Text '4111111111111111' is set on object 'Object Repository/mobileSanity/HBI/Page_App Page 2/input__credit-card-number'

2019-12-02 02:33:23 - [TEST_STEP][PASSED] - setText(findTestObject("mobileSanity/HBI/Page_App Page 2/input__cvv"), "123"): Text '123' is set on object 'Object Repository/mobileSanity/HBI/Page_App Page 2/input__cvv'

2019-12-02 02:33:23 - [MESSAGE][PASSED] - Text '123' is set on object 'Object Repository/mobileSanity/HBI/Page_App Page 2/input__cvv'

2019-12-02 02:33:23 - [TEST_STEP][PASSED] - click(findTestObject("mobileSanity/HBI/Page_App Page 2/label_My billing address is th")): Object: 'Object Repository/mobileSanity/HBI/Page_App Page 2/label_My billing address is th' is clicked on

2019-12-02 02:33:24 - [MESSAGE][PASSED] - Object: 'Object Repository/mobileSanity/HBI/Page_App Page 2/label_My billing address is th' is clicked on

2019-12-02 02:33:24 - [TEST_STEP][PASSED] - click(findTestObject("mobileSanity/HBI/Page_App Page 2/label_I Accept Authorization f")): Object: 'Object Repository/mobileSanity/HBI/Page_App Page 2/label_I Accept Authorization f' is clicked on

2019-12-02 02:33:24 - [MESSAGE][PASSED] - Object: 'Object Repository/mobileSanity/HBI/Page_App Page 2/label_I Accept Authorization f' is clicked on

2019-12-02 02:33:24 - [TEST_STEP][PASSED] - click(findTestObject("mobileSanity/HBI/Page_App Page 2/a_Continue to Step 3 - Review")): Object: 'Object Repository/mobileSanity/HBI/Page_App Page 2/a_Continue to Step 3 - Review' is clicked on

2019-12-02 02:33:24 - [MESSAGE][PASSED] - Object: 'Object Repository/mobileSanity/HBI/Page_App Page 2/a_Continue to Step 3 - Review' is clicked on

2019-12-02 02:33:24 - [TEST_STEP][PASSED] - waitForPageLoad(20): Wait for page load successfully

2019-12-02 02:33:24 - [MESSAGE][PASSED] - Wait for page load successfully

2019-12-02 02:33:24 - [TEST_STEP][PASSED] - Thread.sleep(10000): null

2019-12-02 02:33:34 - [TEST_STEP][PASSED] - waitForElementPresent(findTestObject("mobileSanity/HBI/Page_App Page 3/label"), 20): Object 'Object Repository/mobileSanity/HBI/Page_App Page 3/label' is present

2019-12-02 02:33:34 - [MESSAGE][PASSED] - Object 'Object Repository/mobileSanity/HBI/Page_App Page 3/label' is present

2019-12-02 02:33:34 - [TEST_STEP][PASSED] - callTestCase(findTestCase("mobileWeb/_include/get_screenshot"), [:], STOP_ON_FAILURE): Call Test Case 'Test Cases/mobileWeb/_include/get_screenshot' successfully

2019-12-02 02:33:34 - [TEST_CASE][PASSED] - Test Cases/mobileWeb/_include/get_screenshot: Test Cases/mobileWeb/_include/get_screenshot

2019-12-02 02:33:34 - [TEST_STEP][PASSED] - takeScreenshot(screenPath + i + ".png"): Taking screenshot successfully

2019-12-02 02:33:35 - [MESSAGE][PASSED] - Taking screenshot successfully
[[ATTACHMENT|D:\\Test\\AgileTest\\Reports\\HIC\\hic\\20191202_022122\\../Screenshots/iPhone 6/HIC/HBI/Health Choice/standard/7.png]]

2019-12-02 02:33:35 - [TEST_STEP][PASSED] - (internal.GlobalVariable.i++): null

2019-12-02 02:33:35 - [MESSAGE][PASSED] - Call Test Case 'Test Cases/mobileWeb/_include/get_screenshot' successfully

2019-12-02 02:33:35 - [TEST_STEP][PASSED] - click(findTestObject("mobileSanity/HBI/Page_App Page 3/label")): Object: 'Object Repository/mobileSanity/HBI/Page_App Page 3/label' is clicked on

2019-12-02 02:33:35 - [MESSAGE][PASSED] - Object: 'Object Repository/mobileSanity/HBI/Page_App Page 3/label' is clicked on

2019-12-02 02:33:35 - [TEST_STEP][PASSED] - click(findTestObject("mobileSanity/HBI/Page_App Page 3/p_CLICK TO SIGN")): Object: 'Object Repository/mobileSanity/HBI/Page_App Page 3/p_CLICK TO SIGN' is clicked on

2019-12-02 02:33:35 - [MESSAGE][PASSED] - Object: 'Object Repository/mobileSanity/HBI/Page_App Page 3/p_CLICK TO SIGN' is clicked on

2019-12-02 02:33:35 - [TEST_STEP][PASSED] - click(findTestObject("mobileSanity/HBI/Page_App Page 3/a_Submit Your Application")): Object: 'Object Repository/mobileSanity/HBI/Page_App Page 3/a_Submit Your Application' is clicked on

2019-12-02 02:33:35 - [MESSAGE][PASSED] - Object: 'Object Repository/mobileSanity/HBI/Page_App Page 3/a_Submit Your Application' is clicked on

2019-12-02 02:33:35 - [TEST_STEP][PASSED] - Thread.sleep(30000): null

2019-12-02 02:34:05 - [TEST_STEP][PASSED] - callTestCase(findTestCase("mobileWeb/_include/get_screenshot"), [:], STOP_ON_FAILURE): Call Test Case 'Test Cases/mobileWeb/_include/get_screenshot' successfully

2019-12-02 02:34:05 - [TEST_CASE][PASSED] - Test Cases/mobileWeb/_include/get_screenshot: Test Cases/mobileWeb/_include/get_screenshot

2019-12-02 02:34:05 - [TEST_STEP][PASSED] - takeScreenshot(screenPath + i + ".png"): Taking screenshot successfully

2019-12-02 02:34:06 - [MESSAGE][PASSED] - Taking screenshot successfully
[[ATTACHMENT|D:\\Test\\AgileTest\\Reports\\HIC\\hic\\20191202_022122\\../Screenshots/iPhone 6/HIC/HBI/Health Choice/standard/8.png]]

2019-12-02 02:34:06 - [TEST_STEP][PASSED] - (internal.GlobalVariable.i++): null

2019-12-02 02:34:06 - [MESSAGE][PASSED] - Call Test Case 'Test Cases/mobileWeb/_include/get_screenshot' successfully

2019-12-02 02:34:06 - [TEST_STEP][PASSED] - verifyTextPresent("Congratulations", false): Text 'Congratulations' is present on page 

2019-12-02 02:34:06 - [MESSAGE][PASSED] - Text 'Congratulations' is present on page 

2019-12-02 02:34:06 - [MESSAGE][PASSED] - Call Test Case 'Test Cases/mobileWeb/_include/goToEnd_hbi' successfully]]></system-out>
         <system-err><![CDATA[]]></system-err>
      </testcase>
      <testcase name="Test Cases/HIC/HBI/Legion Limited Medical" classname="Test Cases/HIC/HBI/Legion Limited Medical" status="PASSED">
         <system-out><![CDATA[2019-12-02 02:34:06 - [TEST_CASE][PASSED] - Test Cases/HIC/HBI/Legion Limited Medical: Test Cases/HIC/HBI/Legion Limited Medical

2019-12-02 02:34:06 - [TEST_STEP][PASSED] - callTestCase(findTestCase("HIC/_include/get_hicScreenPath"), ["project":"HIC", "productLine":"HBI", "carrierName":"Legion Limited Medical"], CONTINUE_ON_FAILURE): Call Test Case 'Test Cases/HIC/_include/get_hicScreenPath' successfully

2019-12-02 02:34:06 - [TEST_CASE][PASSED] - Test Cases/HIC/_include/get_hicScreenPath: Test Cases/HIC/_include/get_hicScreenPath

2019-12-02 02:34:06 - [TEST_STEP][PASSED] - m = getExecutionProperties(): null

2019-12-02 02:34:06 - [TEST_STEP][PASSED] - deviceName = get("mobileEmulation").get("deviceName"): null

2019-12-02 02:34:06 - [TEST_STEP][PASSED] - println(deviceName): null

2019-12-02 02:34:06 - [TEST_STEP][PASSED] - now = new java.util.Date(): null

2019-12-02 02:34:06 - [TEST_STEP][PASSED] - mydate = now.format("yyyyMMdd_HHmmss"): null

2019-12-02 02:34:06 - [TEST_STEP][PASSED] - screenPath = "../Screenshots/": null

2019-12-02 02:34:06 - [TEST_STEP][PASSED] - screenPath = screenPath + deviceName + "/" + project + "/" + productLine + "/" + carrierName + "/" + "standard" + "/": null

2019-12-02 02:34:06 - [TEST_STEP][PASSED] - println(screenPath): null

2019-12-02 02:34:06 - [MESSAGE][PASSED] - Call Test Case 'Test Cases/HIC/_include/get_hicScreenPath' successfully

2019-12-02 02:34:06 - [TEST_STEP][PASSED] - i = 0: null

2019-12-02 02:34:06 - [TEST_STEP][PASSED] - callTestCase(findTestCase("mobileWeb/_include/openWebSite"), ["env":"https://qa.healthinsurance.com/"], CONTINUE_ON_FAILURE): Call Test Case 'Test Cases/mobileWeb/_include/openWebSite' successfully

2019-12-02 02:34:06 - [TEST_CASE][PASSED] - Test Cases/mobileWeb/_include/openWebSite: Test Cases/mobileWeb/_include/openWebSite

2019-12-02 02:34:06 - [TEST_STEP][PASSED] - openBrowser(env): Browser is opened with url: 'https://qa.healthinsurance.com/'

2019-12-02 02:34:06 - [MESSAGE][WARNING] - A browser is already opened. Closing browser and opening a new one

2019-12-02 02:34:07 - [MESSAGE][INFO] - Starting 'Chrome' driver

2019-12-02 02:34:07 - [MESSAGE][INFO] - User set preference: ['mobileEmulation', '{deviceName=iPhone 6}']

2019-12-02 02:34:07 - [MESSAGE][INFO] - User set preference: ['args', '[--incognito, --aggressive-cache-discard, --window-size=375,677, --no-sandbox]']

2019-12-02 02:34:10 - [MESSAGE][PASSED] - Browser is opened with url: 'https://qa.healthinsurance.com/'

2019-12-02 02:34:10 - [TEST_STEP][PASSED] - waitForPageLoad(20): Wait for page load successfully

2019-12-02 02:34:10 - [MESSAGE][PASSED] - Wait for page load successfully

2019-12-02 02:34:10 - [TEST_STEP][PASSED] - callTestCase(findTestCase("mobileWeb/_include/get_screenshot"), [:], STOP_ON_FAILURE): Call Test Case 'Test Cases/mobileWeb/_include/get_screenshot' successfully

2019-12-02 02:34:10 - [TEST_CASE][PASSED] - Test Cases/mobileWeb/_include/get_screenshot: Test Cases/mobileWeb/_include/get_screenshot

2019-12-02 02:34:10 - [TEST_STEP][PASSED] - takeScreenshot(screenPath + i + ".png"): Taking screenshot successfully

2019-12-02 02:34:10 - [MESSAGE][PASSED] - Taking screenshot successfully
[[ATTACHMENT|D:\\Test\\AgileTest\\Reports\\HIC\\hic\\20191202_022122\\../Screenshots/iPhone 6/HIC/HBI/Legion Limited Medical/standard/0.png]]

2019-12-02 02:34:10 - [TEST_STEP][PASSED] - (internal.GlobalVariable.i++): null

2019-12-02 02:34:10 - [MESSAGE][PASSED] - Call Test Case 'Test Cases/mobileWeb/_include/get_screenshot' successfully

2019-12-02 02:34:10 - [MESSAGE][PASSED] - Call Test Case 'Test Cases/mobileWeb/_include/openWebSite' successfully

2019-12-02 02:34:10 - [TEST_STEP][PASSED] - click(findTestObject("hic/nav/navButton")): Object: 'Object Repository/hic/nav/navButton' is clicked on

2019-12-02 02:34:10 - [MESSAGE][PASSED] - Object: 'Object Repository/hic/nav/navButton' is clicked on

2019-12-02 02:34:10 - [TEST_STEP][PASSED] - Thread.sleep(2000): null

2019-12-02 02:34:12 - [TEST_STEP][PASSED] - click(findTestObject("hic/nav/hbiLink")): Object: 'Object Repository/hic/nav/hbiLink' is clicked on

2019-12-02 02:34:12 - [MESSAGE][PASSED] - Object: 'Object Repository/hic/nav/hbiLink' is clicked on

2019-12-02 02:34:12 - [TEST_STEP][PASSED] - Thread.sleep(2000): null

2019-12-02 02:34:14 - [TEST_STEP][PASSED] - callTestCase(findTestCase("mobileWeb/_include/get_screenshot"), [:], STOP_ON_FAILURE): Call Test Case 'Test Cases/mobileWeb/_include/get_screenshot' successfully

2019-12-02 02:34:14 - [TEST_CASE][PASSED] - Test Cases/mobileWeb/_include/get_screenshot: Test Cases/mobileWeb/_include/get_screenshot

2019-12-02 02:34:14 - [TEST_STEP][PASSED] - takeScreenshot(screenPath + i + ".png"): Taking screenshot successfully

2019-12-02 02:34:15 - [MESSAGE][PASSED] - Taking screenshot successfully
[[ATTACHMENT|D:\\Test\\AgileTest\\Reports\\HIC\\hic\\20191202_022122\\../Screenshots/iPhone 6/HIC/HBI/Legion Limited Medical/standard/1.png]]

2019-12-02 02:34:15 - [TEST_STEP][PASSED] - (internal.GlobalVariable.i++): null

2019-12-02 02:34:15 - [MESSAGE][PASSED] - Call Test Case 'Test Cases/mobileWeb/_include/get_screenshot' successfully

2019-12-02 02:34:15 - [TEST_STEP][PASSED] - callTestCase(findTestCase("HIC/_include/stm_census"), ["zipcode":"35215"], STOP_ON_FAILURE): Call Test Case 'Test Cases/HIC/_include/stm_census' successfully

2019-12-02 02:34:15 - [TEST_CASE][PASSED] - Test Cases/HIC/_include/stm_census: Test Cases/HIC/_include/stm_census

2019-12-02 02:34:15 - [TEST_STEP][PASSED] - setText(findTestObject("hic/stm/zip"), zipcode): Text '35215' is set on object 'Object Repository/hic/stm/zip'

2019-12-02 02:34:15 - [MESSAGE][PASSED] - Text '35215' is set on object 'Object Repository/hic/stm/zip'

2019-12-02 02:34:15 - [TEST_STEP][PASSED] - Thread.sleep(500): null

2019-12-02 02:34:16 - [TEST_STEP][PASSED] - setText(findTestObject("hic/stm/primaryDOB"), "03031987"): Text '03031987' is set on object 'Object Repository/hic/stm/primaryDOB'

2019-12-02 02:34:16 - [MESSAGE][PASSED] - Text '03031987' is set on object 'Object Repository/hic/stm/primaryDOB'

2019-12-02 02:34:16 - [TEST_STEP][PASSED] - click(findTestObject("hic/stm/female")): Object: 'Object Repository/hic/stm/female' is clicked on

2019-12-02 02:34:16 - [MESSAGE][PASSED] - Object: 'Object Repository/hic/stm/female' is clicked on

2019-12-02 02:34:16 - [TEST_STEP][PASSED] - Thread.sleep(3000): null

2019-12-02 02:34:19 - [TEST_STEP][PASSED] - click(findTestObject("hic/stm/submitButton")): Object: 'Object Repository/hic/stm/submitButton' is clicked on

2019-12-02 02:34:20 - [MESSAGE][PASSED] - Object: 'Object Repository/hic/stm/submitButton' is clicked on

2019-12-02 02:34:20 - [TEST_STEP][PASSED] - Thread.sleep(6000): null

2019-12-02 02:34:26 - [TEST_STEP][PASSED] - callTestCase(findTestCase("mobileWeb/_include/get_screenshot"), [:], STOP_ON_FAILURE): Call Test Case 'Test Cases/mobileWeb/_include/get_screenshot' successfully

2019-12-02 02:34:26 - [TEST_CASE][PASSED] - Test Cases/mobileWeb/_include/get_screenshot: Test Cases/mobileWeb/_include/get_screenshot

2019-12-02 02:34:26 - [TEST_STEP][PASSED] - takeScreenshot(screenPath + i + ".png"): Taking screenshot successfully

2019-12-02 02:34:26 - [MESSAGE][PASSED] - Taking screenshot successfully
[[ATTACHMENT|D:\\Test\\AgileTest\\Reports\\HIC\\hic\\20191202_022122\\../Screenshots/iPhone 6/HIC/HBI/Legion Limited Medical/standard/2.png]]

2019-12-02 02:34:26 - [TEST_STEP][PASSED] - (internal.GlobalVariable.i++): null

2019-12-02 02:34:26 - [MESSAGE][PASSED] - Call Test Case 'Test Cases/mobileWeb/_include/get_screenshot' successfully

2019-12-02 02:34:26 - [TEST_STEP][PASSED] - Thread.sleep(1000): null

2019-12-02 02:34:27 - [MESSAGE][PASSED] - Call Test Case 'Test Cases/HIC/_include/stm_census' successfully

2019-12-02 02:34:27 - [TEST_STEP][PASSED] - click(findTestObject("mobileSanity/HBI/quote/a_Legion Limited Medical 500")): Object: 'Object Repository/mobileSanity/HBI/quote/a_Legion Limited Medical 500' is clicked on

2019-12-02 02:34:28 - [MESSAGE][PASSED] - Object: 'Object Repository/mobileSanity/HBI/quote/a_Legion Limited Medical 500' is clicked on

2019-12-02 02:34:28 - [TEST_STEP][PASSED] - waitForPageLoad(20): Wait for page load successfully

2019-12-02 02:34:28 - [MESSAGE][PASSED] - Wait for page load successfully

2019-12-02 02:34:28 - [TEST_STEP][PASSED] - callTestCase(findTestCase("mobileWeb/_include/get_screenshot"), [:], STOP_ON_FAILURE): Call Test Case 'Test Cases/mobileWeb/_include/get_screenshot' successfully

2019-12-02 02:34:28 - [TEST_CASE][PASSED] - Test Cases/mobileWeb/_include/get_screenshot: Test Cases/mobileWeb/_include/get_screenshot

2019-12-02 02:34:28 - [TEST_STEP][PASSED] - takeScreenshot(screenPath + i + ".png"): Taking screenshot successfully

2019-12-02 02:34:29 - [MESSAGE][PASSED] - Taking screenshot successfully
[[ATTACHMENT|D:\\Test\\AgileTest\\Reports\\HIC\\hic\\20191202_022122\\../Screenshots/iPhone 6/HIC/HBI/Legion Limited Medical/standard/3.png]]

2019-12-02 02:34:29 - [TEST_STEP][PASSED] - (internal.GlobalVariable.i++): null

2019-12-02 02:34:29 - [MESSAGE][PASSED] - Call Test Case 'Test Cases/mobileWeb/_include/get_screenshot' successfully

2019-12-02 02:34:29 - [TEST_STEP][PASSED] - click(findTestObject("mobileSanity/HBI/detail/a_Apply for This Plan")): Object: 'Object Repository/mobileSanity/HBI/detail/a_Apply for This Plan' is clicked on

2019-12-02 02:34:30 - [MESSAGE][PASSED] - Object: 'Object Repository/mobileSanity/HBI/detail/a_Apply for This Plan' is clicked on

2019-12-02 02:34:30 - [TEST_STEP][PASSED] - waitForPageLoad(20): Wait for page load successfully

2019-12-02 02:34:30 - [MESSAGE][PASSED] - Wait for page load successfully

2019-12-02 02:34:30 - [TEST_STEP][PASSED] - callTestCase(findTestCase("mobileWeb/_include/get_screenshot"), [:], STOP_ON_FAILURE): Call Test Case 'Test Cases/mobileWeb/_include/get_screenshot' successfully

2019-12-02 02:34:30 - [TEST_CASE][PASSED] - Test Cases/mobileWeb/_include/get_screenshot: Test Cases/mobileWeb/_include/get_screenshot

2019-12-02 02:34:30 - [TEST_STEP][PASSED] - takeScreenshot(screenPath + i + ".png"): Taking screenshot successfully

2019-12-02 02:34:30 - [MESSAGE][PASSED] - Taking screenshot successfully
[[ATTACHMENT|D:\\Test\\AgileTest\\Reports\\HIC\\hic\\20191202_022122\\../Screenshots/iPhone 6/HIC/HBI/Legion Limited Medical/standard/4.png]]

2019-12-02 02:34:30 - [TEST_STEP][PASSED] - (internal.GlobalVariable.i++): null

2019-12-02 02:34:30 - [MESSAGE][PASSED] - Call Test Case 'Test Cases/mobileWeb/_include/get_screenshot' successfully

2019-12-02 02:34:30 - [TEST_STEP][PASSED] - click(findTestObject("mobileSanity/HBI/Page_Apply/span_Start Secure Application")): Object: 'Object Repository/mobileSanity/HBI/Page_Apply/span_Start Secure Application' is clicked on

2019-12-02 02:34:31 - [MESSAGE][PASSED] - Object: 'Object Repository/mobileSanity/HBI/Page_Apply/span_Start Secure Application' is clicked on

2019-12-02 02:34:31 - [TEST_STEP][PASSED] - waitForPageLoad(20): Wait for page load successfully

2019-12-02 02:34:31 - [MESSAGE][PASSED] - Wait for page load successfully

2019-12-02 02:34:31 - [TEST_STEP][PASSED] - Thread.sleep(5000): null

2019-12-02 02:34:36 - [TEST_STEP][PASSED] - callTestCase(findTestCase("mobileWeb/_include/get_screenshot"), [:], STOP_ON_FAILURE): Call Test Case 'Test Cases/mobileWeb/_include/get_screenshot' successfully

2019-12-02 02:34:36 - [TEST_CASE][PASSED] - Test Cases/mobileWeb/_include/get_screenshot: Test Cases/mobileWeb/_include/get_screenshot

2019-12-02 02:34:36 - [TEST_STEP][PASSED] - takeScreenshot(screenPath + i + ".png"): Taking screenshot successfully

2019-12-02 02:34:37 - [MESSAGE][PASSED] - Taking screenshot successfully
[[ATTACHMENT|D:\\Test\\AgileTest\\Reports\\HIC\\hic\\20191202_022122\\../Screenshots/iPhone 6/HIC/HBI/Legion Limited Medical/standard/5.png]]

2019-12-02 02:34:37 - [TEST_STEP][PASSED] - (internal.GlobalVariable.i++): null

2019-12-02 02:34:37 - [MESSAGE][PASSED] - Call Test Case 'Test Cases/mobileWeb/_include/get_screenshot' successfully

2019-12-02 02:34:37 - [TEST_STEP][PASSED] - callTestCase(findTestCase("mobileWeb/_include/goToEnd_hbi"), ["carrier":"legionlimitedmedical"], CONTINUE_ON_FAILURE): Call Test Case 'Test Cases/mobileWeb/_include/goToEnd_hbi' successfully

2019-12-02 02:34:37 - [TEST_CASE][PASSED] - Test Cases/mobileWeb/_include/goToEnd_hbi: Test Cases/mobileWeb/_include/goToEnd_hbi

2019-12-02 02:34:37 - [TEST_STEP][PASSED] - if (state == "ca"): null

2019-12-02 02:34:37 - [TEST_STEP][PASSED] - callTestCase(findTestCase("mobileWeb/_include/name"), [:], CONTINUE_ON_FAILURE): Call Test Case 'Test Cases/mobileWeb/_include/name' successfully

2019-12-02 02:34:37 - [TEST_CASE][PASSED] - Test Cases/mobileWeb/_include/name: Test Cases/mobileWeb/_include/name

2019-12-02 02:34:37 - [TEST_STEP][PASSED] - driver = getWebDriver(): null

2019-12-02 02:34:37 - [TEST_STEP][PASSED] - selenium = new com.thoughtworks.selenium.webdriven.WebDriverBackedSelenium(driver, internal.GlobalVariable.ENV): null

2019-12-02 02:34:37 - [TEST_STEP][PASSED] - FirstName = "Test-123": null

2019-12-02 02:34:37 - [TEST_STEP][PASSED] - LastName = selenium.getEval("{var x="ABCDEFGHIJKLMNOPQRSTUVWXYZabcdefghijklmnopqrstuvwxyz"; var tmp="ZZ11-"; for (i=0;i<8;i++) tmp+=x.charAt(Math.ceil(51*Math.random()));tmp;}"): null

2019-12-02 02:34:37 - [TEST_STEP][PASSED] - Address = selenium.getEval("{var x="ABCDEFGHIJKLMNOPQRSTUVWXYZabcdefghijklmnopqrstuvwxyz"; var tmp=""; for (i=0;i<8;i++) tmp+=x.charAt(Math.ceil(51*Math.random()));tmp;}"): null

2019-12-02 02:34:37 - [TEST_STEP][PASSED] - City = selenium.getEval("{var x="ABCDEFGHIJKLMNOPQRSTUVWXYZabcdefghijklmnopqrstuvwxyz"; var tmp=""; for (i=0;i<8;i++) tmp+=x.charAt(Math.ceil(51*Math.random()));tmp;}"): null

2019-12-02 02:34:37 - [TEST_STEP][PASSED] - tel1 = selenium.getEval("{var x="123456789"; var tmp=""; for (i=0;i<3;i++) tmp+=x.charAt(Math.ceil(8*Math.random()));tmp;}"): null

2019-12-02 02:34:38 - [TEST_STEP][PASSED] - tel2 = selenium.getEval("{var x="123456789"; var tmp=""; for (i=0;i<3;i++) tmp+=x.charAt(Math.ceil(8*Math.random()));tmp;}"): null

2019-12-02 02:34:38 - [TEST_STEP][PASSED] - tel3 = selenium.getEval("{var x="123456789"; var tmp=""; for (i=0;i<4;i++) tmp+=x.charAt(Math.ceil(8*Math.random()));tmp;}"): null

2019-12-02 02:34:38 - [TEST_STEP][PASSED] - Tel = selenium.getExpression(tel1 + "-" + tel2 + "-" + tel3): null

2019-12-02 02:34:38 - [TEST_STEP][PASSED] - AutoEmail = selenium.getEval("{var x="ABCDEFGHIJKLMNOPQRSTUVWXYZabcdefghijklmnopqrstuvwxyz"; var tmp="test."; for (i=0;i<8;i++) tmp+=x.charAt(Math.ceil(51*Math.random()));tmp+="@suryani.cn";}"): null

2019-12-02 02:34:38 - [TEST_STEP][PASSED] - FirstName = FirstName: null

2019-12-02 02:34:38 - [TEST_STEP][PASSED] - LastName = LastName: null

2019-12-02 02:34:38 - [TEST_STEP][PASSED] - Address = Address: null

2019-12-02 02:34:38 - [TEST_STEP][PASSED] - City = City: null

2019-12-02 02:34:38 - [TEST_STEP][PASSED] - Tel = Tel: null

2019-12-02 02:34:38 - [TEST_STEP][PASSED] - AutoEmail = AutoEmail: null

2019-12-02 02:34:38 - [TEST_STEP][PASSED] - println(FirstName): null

2019-12-02 02:34:38 - [TEST_STEP][PASSED] - println(LastName): null

2019-12-02 02:34:38 - [TEST_STEP][PASSED] - println(Address): null

2019-12-02 02:34:38 - [TEST_STEP][PASSED] - println(City): null

2019-12-02 02:34:38 - [TEST_STEP][PASSED] - println(Tel): null

2019-12-02 02:34:38 - [TEST_STEP][PASSED] - println(AutoEmail): null

2019-12-02 02:34:38 - [MESSAGE][PASSED] - Call Test Case 'Test Cases/mobileWeb/_include/name' successfully

2019-12-02 02:34:38 - [TEST_STEP][PASSED] - setText(findTestObject("mobileSanity/HBI/Page_App Page 1/input__member-P-1-firstName"), FirstName): Text 'Test-123' is set on object 'Object Repository/mobileSanity/HBI/Page_App Page 1/input__member-P-1-firstName'

2019-12-02 02:34:39 - [MESSAGE][PASSED] - Text 'Test-123' is set on object 'Object Repository/mobileSanity/HBI/Page_App Page 1/input__member-P-1-firstName'

2019-12-02 02:34:39 - [TEST_STEP][PASSED] - setText(findTestObject("mobileSanity/HBI/Page_App Page 1/input__member-P-1-lastName"), LastName): Text 'ZZ11-WxiVaMZB' is set on object 'Object Repository/mobileSanity/HBI/Page_App Page 1/input__member-P-1-lastName'

2019-12-02 02:34:39 - [MESSAGE][PASSED] - Text 'ZZ11-WxiVaMZB' is set on object 'Object Repository/mobileSanity/HBI/Page_App Page 1/input__member-P-1-lastName'

2019-12-02 02:34:39 - [TEST_STEP][PASSED] - if (carrier == "agileone" || carrier == "agilesecure"): null

2019-12-02 02:34:39 - [TEST_STEP][PASSED] - setText(findTestObject("mobileSanity/HBI/Page_App Page 1/input__address"), Address): Text 'JUifqzQM' is set on object 'Object Repository/mobileSanity/HBI/Page_App Page 1/input__address'

2019-12-02 02:34:39 - [MESSAGE][PASSED] - Text 'JUifqzQM' is set on object 'Object Repository/mobileSanity/HBI/Page_App Page 1/input__address'

2019-12-02 02:34:39 - [TEST_STEP][PASSED] - setText(findTestObject("mobileSanity/HBI/Page_App Page 1/input__city"), City): Text 'BCcKzjex' is set on object 'Object Repository/mobileSanity/HBI/Page_App Page 1/input__city'

2019-12-02 02:34:39 - [MESSAGE][PASSED] - Text 'BCcKzjex' is set on object 'Object Repository/mobileSanity/HBI/Page_App Page 1/input__city'

2019-12-02 02:34:39 - [TEST_STEP][PASSED] - setText(findTestObject("mobileSanity/HBI/Page_App Page 1/input__email"), AutoEmail): Text 'test.NGthXqqt@suryani.cn' is set on object 'Object Repository/mobileSanity/HBI/Page_App Page 1/input__email'

2019-12-02 02:34:40 - [MESSAGE][PASSED] - Text 'test.NGthXqqt@suryani.cn' is set on object 'Object Repository/mobileSanity/HBI/Page_App Page 1/input__email'

2019-12-02 02:34:40 - [TEST_STEP][PASSED] - setText(findTestObject("mobileSanity/HBI/Page_App Page 1/input_tel"), Tel): Text '354-853-6596' is set on object 'Object Repository/mobileSanity/HBI/Page_App Page 1/input_tel'

2019-12-02 02:34:40 - [MESSAGE][PASSED] - Text '354-853-6596' is set on object 'Object Repository/mobileSanity/HBI/Page_App Page 1/input_tel'

2019-12-02 02:34:40 - [TEST_STEP][PASSED] - click(findTestObject("mobileSanity/HBI/Page_App Page 1/a_Continue to Step 2 - Payment")): Object: 'Object Repository/mobileSanity/HBI/Page_App Page 1/a_Continue to Step 2 - Payment' is clicked on

2019-12-02 02:34:40 - [MESSAGE][PASSED] - Object: 'Object Repository/mobileSanity/HBI/Page_App Page 1/a_Continue to Step 2 - Payment' is clicked on

2019-12-02 02:34:40 - [TEST_STEP][PASSED] - waitForPageLoad(20): Wait for page load successfully

2019-12-02 02:34:40 - [MESSAGE][PASSED] - Wait for page load successfully

2019-12-02 02:34:40 - [TEST_STEP][PASSED] - Thread.sleep(2000): null

2019-12-02 02:34:42 - [TEST_STEP][PASSED] - waitForElementVisible(findTestObject("mobileSanity/HBI/Page_App Page 2/input__credit-card-first"), 20): Object 'Object Repository/mobileSanity/HBI/Page_App Page 2/input__credit-card-first' is visible

2019-12-02 02:34:42 - [MESSAGE][PASSED] - Object 'Object Repository/mobileSanity/HBI/Page_App Page 2/input__credit-card-first' is visible

2019-12-02 02:34:42 - [TEST_STEP][PASSED] - callTestCase(findTestCase("mobileWeb/_include/get_screenshot"), [:], STOP_ON_FAILURE): Call Test Case 'Test Cases/mobileWeb/_include/get_screenshot' successfully

2019-12-02 02:34:42 - [TEST_CASE][PASSED] - Test Cases/mobileWeb/_include/get_screenshot: Test Cases/mobileWeb/_include/get_screenshot

2019-12-02 02:34:42 - [TEST_STEP][PASSED] - takeScreenshot(screenPath + i + ".png"): Taking screenshot successfully

2019-12-02 02:34:43 - [MESSAGE][PASSED] - Taking screenshot successfully
[[ATTACHMENT|D:\\Test\\AgileTest\\Reports\\HIC\\hic\\20191202_022122\\../Screenshots/iPhone 6/HIC/HBI/Legion Limited Medical/standard/6.png]]

2019-12-02 02:34:43 - [TEST_STEP][PASSED] - (internal.GlobalVariable.i++): null

2019-12-02 02:34:43 - [MESSAGE][PASSED] - Call Test Case 'Test Cases/mobileWeb/_include/get_screenshot' successfully

2019-12-02 02:34:43 - [TEST_STEP][PASSED] - setText(findTestObject("mobileSanity/HBI/Page_App Page 2/input__credit-card-first"), FirstName): Text 'Test-123' is set on object 'Object Repository/mobileSanity/HBI/Page_App Page 2/input__credit-card-first'

2019-12-02 02:34:43 - [MESSAGE][PASSED] - Text 'Test-123' is set on object 'Object Repository/mobileSanity/HBI/Page_App Page 2/input__credit-card-first'

2019-12-02 02:34:43 - [TEST_STEP][PASSED] - setText(findTestObject("mobileSanity/HBI/Page_App Page 2/input__credit-card-last"), LastName): Text 'ZZ11-WxiVaMZB' is set on object 'Object Repository/mobileSanity/HBI/Page_App Page 2/input__credit-card-last'

2019-12-02 02:34:43 - [MESSAGE][PASSED] - Text 'ZZ11-WxiVaMZB' is set on object 'Object Repository/mobileSanity/HBI/Page_App Page 2/input__credit-card-last'

2019-12-02 02:34:43 - [TEST_STEP][PASSED] - selectOptionByValue(findTestObject("mobileSanity/HBI/Page_App Page 2/select_MM010203040506070809101"), "12", true): All options with value '12' are selected in object 'Object Repository/mobileSanity/HBI/Page_App Page 2/select_MM010203040506070809101'  using regular expression

2019-12-02 02:34:43 - [MESSAGE][PASSED] - All options with value '12' are selected in object 'Object Repository/mobileSanity/HBI/Page_App Page 2/select_MM010203040506070809101'  using regular expression

2019-12-02 02:34:43 - [TEST_STEP][PASSED] - selectOptionByValue(findTestObject("mobileSanity/HBI/Page_App Page 2/select_YYYY2019202020212022202"), "2026", true): All options with value '2026' are selected in object 'Object Repository/mobileSanity/HBI/Page_App Page 2/select_YYYY2019202020212022202'  using regular expression

2019-12-02 02:34:44 - [MESSAGE][PASSED] - All options with value '2026' are selected in object 'Object Repository/mobileSanity/HBI/Page_App Page 2/select_YYYY2019202020212022202'  using regular expression

2019-12-02 02:34:44 - [TEST_STEP][PASSED] - setText(findTestObject("mobileSanity/HBI/Page_App Page 2/input__credit-card-number"), "4111111111111111"): Text '4111111111111111' is set on object 'Object Repository/mobileSanity/HBI/Page_App Page 2/input__credit-card-number'

2019-12-02 02:34:44 - [MESSAGE][PASSED] - Text '4111111111111111' is set on object 'Object Repository/mobileSanity/HBI/Page_App Page 2/input__credit-card-number'

2019-12-02 02:34:44 - [TEST_STEP][PASSED] - setText(findTestObject("mobileSanity/HBI/Page_App Page 2/input__cvv"), "123"): Text '123' is set on object 'Object Repository/mobileSanity/HBI/Page_App Page 2/input__cvv'

2019-12-02 02:34:44 - [MESSAGE][PASSED] - Text '123' is set on object 'Object Repository/mobileSanity/HBI/Page_App Page 2/input__cvv'

2019-12-02 02:34:44 - [TEST_STEP][PASSED] - click(findTestObject("mobileSanity/HBI/Page_App Page 2/label_My billing address is th")): Object: 'Object Repository/mobileSanity/HBI/Page_App Page 2/label_My billing address is th' is clicked on

2019-12-02 02:34:44 - [MESSAGE][PASSED] - Object: 'Object Repository/mobileSanity/HBI/Page_App Page 2/label_My billing address is th' is clicked on

2019-12-02 02:34:44 - [TEST_STEP][PASSED] - click(findTestObject("mobileSanity/HBI/Page_App Page 2/label_I Accept Authorization f")): Object: 'Object Repository/mobileSanity/HBI/Page_App Page 2/label_I Accept Authorization f' is clicked on

2019-12-02 02:34:44 - [MESSAGE][PASSED] - Object: 'Object Repository/mobileSanity/HBI/Page_App Page 2/label_I Accept Authorization f' is clicked on

2019-12-02 02:34:44 - [TEST_STEP][PASSED] - click(findTestObject("mobileSanity/HBI/Page_App Page 2/a_Continue to Step 3 - Review")): Object: 'Object Repository/mobileSanity/HBI/Page_App Page 2/a_Continue to Step 3 - Review' is clicked on

2019-12-02 02:34:44 - [MESSAGE][PASSED] - Object: 'Object Repository/mobileSanity/HBI/Page_App Page 2/a_Continue to Step 3 - Review' is clicked on

2019-12-02 02:34:44 - [TEST_STEP][PASSED] - waitForPageLoad(20): Wait for page load successfully

2019-12-02 02:34:44 - [MESSAGE][PASSED] - Wait for page load successfully

2019-12-02 02:34:44 - [TEST_STEP][PASSED] - Thread.sleep(10000): null

2019-12-02 02:34:54 - [TEST_STEP][PASSED] - waitForElementPresent(findTestObject("mobileSanity/HBI/Page_App Page 3/label"), 20): Object 'Object Repository/mobileSanity/HBI/Page_App Page 3/label' is present

2019-12-02 02:34:55 - [MESSAGE][PASSED] - Object 'Object Repository/mobileSanity/HBI/Page_App Page 3/label' is present

2019-12-02 02:34:55 - [TEST_STEP][PASSED] - callTestCase(findTestCase("mobileWeb/_include/get_screenshot"), [:], STOP_ON_FAILURE): Call Test Case 'Test Cases/mobileWeb/_include/get_screenshot' successfully

2019-12-02 02:34:55 - [TEST_CASE][PASSED] - Test Cases/mobileWeb/_include/get_screenshot: Test Cases/mobileWeb/_include/get_screenshot

2019-12-02 02:34:55 - [TEST_STEP][PASSED] - takeScreenshot(screenPath + i + ".png"): Taking screenshot successfully

2019-12-02 02:34:55 - [MESSAGE][PASSED] - Taking screenshot successfully
[[ATTACHMENT|D:\\Test\\AgileTest\\Reports\\HIC\\hic\\20191202_022122\\../Screenshots/iPhone 6/HIC/HBI/Legion Limited Medical/standard/7.png]]

2019-12-02 02:34:55 - [TEST_STEP][PASSED] - (internal.GlobalVariable.i++): null

2019-12-02 02:34:55 - [MESSAGE][PASSED] - Call Test Case 'Test Cases/mobileWeb/_include/get_screenshot' successfully

2019-12-02 02:34:55 - [TEST_STEP][PASSED] - click(findTestObject("mobileSanity/HBI/Page_App Page 3/label")): Object: 'Object Repository/mobileSanity/HBI/Page_App Page 3/label' is clicked on

2019-12-02 02:34:56 - [MESSAGE][PASSED] - Object: 'Object Repository/mobileSanity/HBI/Page_App Page 3/label' is clicked on

2019-12-02 02:34:56 - [TEST_STEP][PASSED] - click(findTestObject("mobileSanity/HBI/Page_App Page 3/p_CLICK TO SIGN")): Object: 'Object Repository/mobileSanity/HBI/Page_App Page 3/p_CLICK TO SIGN' is clicked on

2019-12-02 02:34:56 - [MESSAGE][PASSED] - Object: 'Object Repository/mobileSanity/HBI/Page_App Page 3/p_CLICK TO SIGN' is clicked on

2019-12-02 02:34:56 - [TEST_STEP][PASSED] - click(findTestObject("mobileSanity/HBI/Page_App Page 3/a_Submit Your Application")): Object: 'Object Repository/mobileSanity/HBI/Page_App Page 3/a_Submit Your Application' is clicked on

2019-12-02 02:34:56 - [MESSAGE][PASSED] - Object: 'Object Repository/mobileSanity/HBI/Page_App Page 3/a_Submit Your Application' is clicked on

2019-12-02 02:34:56 - [TEST_STEP][PASSED] - Thread.sleep(30000): null

2019-12-02 02:35:26 - [TEST_STEP][PASSED] - callTestCase(findTestCase("mobileWeb/_include/get_screenshot"), [:], STOP_ON_FAILURE): Call Test Case 'Test Cases/mobileWeb/_include/get_screenshot' successfully

2019-12-02 02:35:26 - [TEST_CASE][PASSED] - Test Cases/mobileWeb/_include/get_screenshot: Test Cases/mobileWeb/_include/get_screenshot

2019-12-02 02:35:26 - [TEST_STEP][PASSED] - takeScreenshot(screenPath + i + ".png"): Taking screenshot successfully

2019-12-02 02:35:26 - [MESSAGE][PASSED] - Taking screenshot successfully
[[ATTACHMENT|D:\\Test\\AgileTest\\Reports\\HIC\\hic\\20191202_022122\\../Screenshots/iPhone 6/HIC/HBI/Legion Limited Medical/standard/8.png]]

2019-12-02 02:35:26 - [TEST_STEP][PASSED] - (internal.GlobalVariable.i++): null

2019-12-02 02:35:26 - [MESSAGE][PASSED] - Call Test Case 'Test Cases/mobileWeb/_include/get_screenshot' successfully

2019-12-02 02:35:26 - [TEST_STEP][PASSED] - verifyTextPresent("Congratulations", false): Text 'Congratulations' is present on page 

2019-12-02 02:35:27 - [MESSAGE][PASSED] - Text 'Congratulations' is present on page 

2019-12-02 02:35:27 - [MESSAGE][PASSED] - Call Test Case 'Test Cases/mobileWeb/_include/goToEnd_hbi' successfully]]></system-out>
         <system-err><![CDATA[]]></system-err>
      </testcase>
      <testcase name="Test Cases/HIC/HBI/Vitala Care" classname="Test Cases/HIC/HBI/Vitala Care" status="FAILED">
         <failure type="FAILED" message="Test Cases/HIC/HBI/Vitala Care FAILED.
Reason:
com.kms.katalon.core.exception.StepFailedException: Unable to click on object 'Object Repository/hic/nav/hbiLink' (Root cause: org.openqa.selenium.ElementNotVisibleException: element not interactable
  (Session info: chrome=78.0.3904.108)
  (Driver info: chromedriver=2.43.600210 (68dcf5eebde37173d4027fa8635e332711d2874a),platform=Windows NT 6.3.9600 x86_64) (WARNING: The server did not provide any stacktrace information)
Command duration or timeout: 0 milliseconds
Build info: version: '3.7.1', revision: '8a0099a', time: '2017-11-06T21:07:36.161Z'
System info: host: 'WIN-U215233FMVE', ip: '172.30.0.53', os.name: 'Windows Server 2012 R2', os.arch: 'amd64', os.version: '6.3', java.version: '1.8.0_181'
Driver info: com.kms.katalon.selenium.driver.CChromeDriver
Capabilities {acceptInsecureCerts: false, acceptSslCerts: false, applicationCacheEnabled: false, browserConnectionEnabled: false, browserName: chrome, chrome: {chromedriverVersion: 2.43.600210 (68dcf5eebde371..., userDataDir: C:\Users\ADMINI~1\AppData\L...}, cssSelectorsEnabled: true, databaseEnabled: false, goog:chromeOptions: {debuggerAddress: localhost:60905}, handlesAlerts: true, hasTouchScreen: true, javascriptEnabled: true, locationContextEnabled: true, mobileEmulationEnabled: true, nativeEvents: true, networkConnectionEnabled: false, pageLoadStrategy: normal, platform: XP, platformName: XP, rotatable: false, setWindowRect: true, takesHeapSnapshot: true, takesScreenshot: true, unexpectedAlertBehaviour: , unhandledPromptBehavior: , version: 78.0.3904.108, webStorageEnabled: true}
Session ID: 283501c02e8d5039e521c53a9b00e9ec)
	at com.kms.katalon.core.keyword.internal.KeywordMain.stepFailed(KeywordMain.groovy:36)
	at com.kms.katalon.core.webui.keyword.internal.WebUIKeywordMain.stepFailed(WebUIKeywordMain.groovy:65)
	at com.kms.katalon.core.webui.keyword.internal.WebUIKeywordMain.runKeyword(WebUIKeywordMain.groovy:27)
	at com.kms.katalon.core.webui.keyword.builtin.ClickKeyword.click(ClickKeyword.groovy:86)
	at com.kms.katalon.core.webui.keyword.builtin.ClickKeyword.execute(ClickKeyword.groovy:67)
	at com.kms.katalon.core.keyword.internal.KeywordExecutor.executeKeywordForPlatform(KeywordExecutor.groovy:53)
	at com.kms.katalon.core.webui.keyword.WebUiBuiltInKeywords.click(WebUiBuiltInKeywords.groovy:616)
	at com.kms.katalon.core.webui.keyword.WebUiBuiltInKeywords$click$2.call(Unknown Source)
	at Vitala Care.run(Vitala Care:27)
	at com.kms.katalon.core.main.ScriptEngine.run(ScriptEngine.java:194)
	at com.kms.katalon.core.main.ScriptEngine.runScriptAsRawText(ScriptEngine.java:119)
	at com.kms.katalon.core.main.TestCaseExecutor.runScript(TestCaseExecutor.java:328)
	at com.kms.katalon.core.main.TestCaseExecutor.doExecute(TestCaseExecutor.java:319)
	at com.kms.katalon.core.main.TestCaseExecutor.processExecutionPhase(TestCaseExecutor.java:298)
	at com.kms.katalon.core.main.TestCaseExecutor.accessMainPhase(TestCaseExecutor.java:290)
	at com.kms.katalon.core.main.TestCaseExecutor.execute(TestCaseExecutor.java:224)
	at com.kms.katalon.core.main.TestSuiteExecutor.accessTestCaseMainPhase(TestSuiteExecutor.java:129)
	at com.kms.katalon.core.main.TestSuiteExecutor.accessTestSuiteMainPhase(TestSuiteExecutor.java:112)
	at com.kms.katalon.core.main.TestSuiteExecutor.execute(TestSuiteExecutor.java:81)
	at com.kms.katalon.core.main.TestCaseMain.startTestSuite(TestCaseMain.java:149)
	at com.kms.katalon.core.main.TestCaseMain$startTestSuite$0.call(Unknown Source)
	at TempTestSuite1575271282294.run(TempTestSuite1575271282294.groovy:36)
"/>
         <system-out><![CDATA[2019-12-02 02:35:27 - [TEST_CASE][FAILED] - Test Cases/HIC/HBI/Vitala Care: Test Cases/HIC/HBI/Vitala Care FAILED.
Reason:
com.kms.katalon.core.exception.StepFailedException: Unable to click on object 'Object Repository/hic/nav/hbiLink' (Root cause: org.openqa.selenium.ElementNotVisibleException: element not interactable
  (Session info: chrome=78.0.3904.108)
  (Driver info: chromedriver=2.43.600210 (68dcf5eebde37173d4027fa8635e332711d2874a),platform=Windows NT 6.3.9600 x86_64) (WARNING: The server did not provide any stacktrace information)
Command duration or timeout: 0 milliseconds
Build info: version: '3.7.1', revision: '8a0099a', time: '2017-11-06T21:07:36.161Z'
System info: host: 'WIN-U215233FMVE', ip: '172.30.0.53', os.name: 'Windows Server 2012 R2', os.arch: 'amd64', os.version: '6.3', java.version: '1.8.0_181'
Driver info: com.kms.katalon.selenium.driver.CChromeDriver
Capabilities {acceptInsecureCerts: false, acceptSslCerts: false, applicationCacheEnabled: false, browserConnectionEnabled: false, browserName: chrome, chrome: {chromedriverVersion: 2.43.600210 (68dcf5eebde371..., userDataDir: C:\Users\ADMINI~1\AppData\L...}, cssSelectorsEnabled: true, databaseEnabled: false, goog:chromeOptions: {debuggerAddress: localhost:60905}, handlesAlerts: true, hasTouchScreen: true, javascriptEnabled: true, locationContextEnabled: true, mobileEmulationEnabled: true, nativeEvents: true, networkConnectionEnabled: false, pageLoadStrategy: normal, platform: XP, platformName: XP, rotatable: false, setWindowRect: true, takesHeapSnapshot: true, takesScreenshot: true, unexpectedAlertBehaviour: , unhandledPromptBehavior: , version: 78.0.3904.108, webStorageEnabled: true}
Session ID: 283501c02e8d5039e521c53a9b00e9ec)
	at com.kms.katalon.core.keyword.internal.KeywordMain.stepFailed(KeywordMain.groovy:36)
	at com.kms.katalon.core.webui.keyword.internal.WebUIKeywordMain.stepFailed(WebUIKeywordMain.groovy:65)
	at com.kms.katalon.core.webui.keyword.internal.WebUIKeywordMain.runKeyword(WebUIKeywordMain.groovy:27)
	at com.kms.katalon.core.webui.keyword.builtin.ClickKeyword.click(ClickKeyword.groovy:86)
	at com.kms.katalon.core.webui.keyword.builtin.ClickKeyword.execute(ClickKeyword.groovy:67)
	at com.kms.katalon.core.keyword.internal.KeywordExecutor.executeKeywordForPlatform(KeywordExecutor.groovy:53)
	at com.kms.katalon.core.webui.keyword.WebUiBuiltInKeywords.click(WebUiBuiltInKeywords.groovy:616)
	at com.kms.katalon.core.webui.keyword.WebUiBuiltInKeywords$click$2.call(Unknown Source)
	at Vitala Care.run(Vitala Care:27)
	at com.kms.katalon.core.main.ScriptEngine.run(ScriptEngine.java:194)
	at com.kms.katalon.core.main.ScriptEngine.runScriptAsRawText(ScriptEngine.java:119)
	at com.kms.katalon.core.main.TestCaseExecutor.runScript(TestCaseExecutor.java:328)
	at com.kms.katalon.core.main.TestCaseExecutor.doExecute(TestCaseExecutor.java:319)
	at com.kms.katalon.core.main.TestCaseExecutor.processExecutionPhase(TestCaseExecutor.java:298)
	at com.kms.katalon.core.main.TestCaseExecutor.accessMainPhase(TestCaseExecutor.java:290)
	at com.kms.katalon.core.main.TestCaseExecutor.execute(TestCaseExecutor.java:224)
	at com.kms.katalon.core.main.TestSuiteExecutor.accessTestCaseMainPhase(TestSuiteExecutor.java:129)
	at com.kms.katalon.core.main.TestSuiteExecutor.accessTestSuiteMainPhase(TestSuiteExecutor.java:112)
	at com.kms.katalon.core.main.TestSuiteExecutor.execute(TestSuiteExecutor.java:81)
	at com.kms.katalon.core.main.TestCaseMain.startTestSuite(TestCaseMain.java:149)
	at com.kms.katalon.core.main.TestCaseMain$startTestSuite$0.call(Unknown Source)
	at TempTestSuite1575271282294.run(TempTestSuite1575271282294.groovy:36)


2019-12-02 02:35:27 - [TEST_STEP][PASSED] - callTestCase(findTestCase("HIC/_include/get_hicScreenPath"), ["project":"HIC", "productLine":"HBI", "carrierName":"Vitala Care"], CONTINUE_ON_FAILURE): Call Test Case 'Test Cases/HIC/_include/get_hicScreenPath' successfully

2019-12-02 02:35:27 - [TEST_CASE][PASSED] - Test Cases/HIC/_include/get_hicScreenPath: Test Cases/HIC/_include/get_hicScreenPath

2019-12-02 02:35:27 - [TEST_STEP][PASSED] - m = getExecutionProperties(): null

2019-12-02 02:35:27 - [TEST_STEP][PASSED] - deviceName = get("mobileEmulation").get("deviceName"): null

2019-12-02 02:35:27 - [TEST_STEP][PASSED] - println(deviceName): null

2019-12-02 02:35:27 - [TEST_STEP][PASSED] - now = new java.util.Date(): null

2019-12-02 02:35:27 - [TEST_STEP][PASSED] - mydate = now.format("yyyyMMdd_HHmmss"): null

2019-12-02 02:35:27 - [TEST_STEP][PASSED] - screenPath = "../Screenshots/": null

2019-12-02 02:35:27 - [TEST_STEP][PASSED] - screenPath = screenPath + deviceName + "/" + project + "/" + productLine + "/" + carrierName + "/" + "standard" + "/": null

2019-12-02 02:35:27 - [TEST_STEP][PASSED] - println(screenPath): null

2019-12-02 02:35:27 - [MESSAGE][PASSED] - Call Test Case 'Test Cases/HIC/_include/get_hicScreenPath' successfully

2019-12-02 02:35:27 - [TEST_STEP][PASSED] - i = 0: null

2019-12-02 02:35:27 - [TEST_STEP][PASSED] - callTestCase(findTestCase("mobileWeb/_include/openWebSite"), ["env":"https://qa.healthinsurance.com/"], CONTINUE_ON_FAILURE): Call Test Case 'Test Cases/mobileWeb/_include/openWebSite' successfully

2019-12-02 02:35:27 - [TEST_CASE][PASSED] - Test Cases/mobileWeb/_include/openWebSite: Test Cases/mobileWeb/_include/openWebSite

2019-12-02 02:35:27 - [TEST_STEP][PASSED] - openBrowser(env): Browser is opened with url: 'https://qa.healthinsurance.com/'

2019-12-02 02:35:27 - [MESSAGE][WARNING] - A browser is already opened. Closing browser and opening a new one

2019-12-02 02:35:28 - [MESSAGE][INFO] - Starting 'Chrome' driver

2019-12-02 02:35:28 - [MESSAGE][INFO] - User set preference: ['mobileEmulation', '{deviceName=iPhone 6}']

2019-12-02 02:35:28 - [MESSAGE][INFO] - User set preference: ['args', '[--incognito, --aggressive-cache-discard, --window-size=375,677, --no-sandbox]']

2019-12-02 02:35:31 - [MESSAGE][PASSED] - Browser is opened with url: 'https://qa.healthinsurance.com/'

2019-12-02 02:35:31 - [TEST_STEP][PASSED] - waitForPageLoad(20): Wait for page load successfully

2019-12-02 02:35:31 - [MESSAGE][PASSED] - Wait for page load successfully

2019-12-02 02:35:31 - [TEST_STEP][PASSED] - callTestCase(findTestCase("mobileWeb/_include/get_screenshot"), [:], STOP_ON_FAILURE): Call Test Case 'Test Cases/mobileWeb/_include/get_screenshot' successfully

2019-12-02 02:35:31 - [TEST_CASE][PASSED] - Test Cases/mobileWeb/_include/get_screenshot: Test Cases/mobileWeb/_include/get_screenshot

2019-12-02 02:35:31 - [TEST_STEP][PASSED] - takeScreenshot(screenPath + i + ".png"): Taking screenshot successfully

2019-12-02 02:35:31 - [MESSAGE][PASSED] - Taking screenshot successfully
[[ATTACHMENT|D:\\Test\\AgileTest\\Reports\\HIC\\hic\\20191202_022122\\../Screenshots/iPhone 6/HIC/HBI/Vitala Care/standard/0.png]]

2019-12-02 02:35:31 - [TEST_STEP][PASSED] - (internal.GlobalVariable.i++): null

2019-12-02 02:35:31 - [MESSAGE][PASSED] - Call Test Case 'Test Cases/mobileWeb/_include/get_screenshot' successfully

2019-12-02 02:35:31 - [MESSAGE][PASSED] - Call Test Case 'Test Cases/mobileWeb/_include/openWebSite' successfully

2019-12-02 02:35:31 - [TEST_STEP][PASSED] - click(findTestObject("hic/nav/navButton")): Object: 'Object Repository/hic/nav/navButton' is clicked on

2019-12-02 02:35:31 - [MESSAGE][PASSED] - Object: 'Object Repository/hic/nav/navButton' is clicked on

2019-12-02 02:35:31 - [TEST_STEP][PASSED] - Thread.sleep(2000): null

2019-12-02 02:35:33 - [TEST_STEP][FAILED] - click(findTestObject("hic/nav/hbiLink")): click(findTestObject("hic/nav/hbiLink")) FAILED.
Reason:
com.kms.katalon.core.exception.StepFailedException: Unable to click on object 'Object Repository/hic/nav/hbiLink' (Root cause: org.openqa.selenium.ElementNotVisibleException: element not interactable
  (Session info: chrome=78.0.3904.108)
  (Driver info: chromedriver=2.43.600210 (68dcf5eebde37173d4027fa8635e332711d2874a),platform=Windows NT 6.3.9600 x86_64) (WARNING: The server did not provide any stacktrace information)
Command duration or timeout: 0 milliseconds
Build info: version: '3.7.1', revision: '8a0099a', time: '2017-11-06T21:07:36.161Z'
System info: host: 'WIN-U215233FMVE', ip: '172.30.0.53', os.name: 'Windows Server 2012 R2', os.arch: 'amd64', os.version: '6.3', java.version: '1.8.0_181'
Driver info: com.kms.katalon.selenium.driver.CChromeDriver
Capabilities {acceptInsecureCerts: false, acceptSslCerts: false, applicationCacheEnabled: false, browserConnectionEnabled: false, browserName: chrome, chrome: {chromedriverVersion: 2.43.600210 (68dcf5eebde371..., userDataDir: C:\Users\ADMINI~1\AppData\L...}, cssSelectorsEnabled: true, databaseEnabled: false, goog:chromeOptions: {debuggerAddress: localhost:60905}, handlesAlerts: true, hasTouchScreen: true, javascriptEnabled: true, locationContextEnabled: true, mobileEmulationEnabled: true, nativeEvents: true, networkConnectionEnabled: false, pageLoadStrategy: normal, platform: XP, platformName: XP, rotatable: false, setWindowRect: true, takesHeapSnapshot: true, takesScreenshot: true, unexpectedAlertBehaviour: , unhandledPromptBehavior: , version: 78.0.3904.108, webStorageEnabled: true}
Session ID: 283501c02e8d5039e521c53a9b00e9ec)
	at com.kms.katalon.core.keyword.internal.KeywordMain.stepFailed(KeywordMain.groovy:36)
	at com.kms.katalon.core.webui.keyword.internal.WebUIKeywordMain.stepFailed(WebUIKeywordMain.groovy:65)
	at com.kms.katalon.core.webui.keyword.internal.WebUIKeywordMain.runKeyword(WebUIKeywordMain.groovy:27)
	at com.kms.katalon.core.webui.keyword.builtin.ClickKeyword.click(ClickKeyword.groovy:86)
	at com.kms.katalon.core.webui.keyword.builtin.ClickKeyword.execute(ClickKeyword.groovy:67)
	at com.kms.katalon.core.keyword.internal.KeywordExecutor.executeKeywordForPlatform(KeywordExecutor.groovy:53)
	at com.kms.katalon.core.webui.keyword.WebUiBuiltInKeywords.click(WebUiBuiltInKeywords.groovy:616)
	at com.kms.katalon.core.webui.keyword.WebUiBuiltInKeywords$click$2.call(Unknown Source)
	at Vitala Care.run(Vitala Care:27)
	at com.kms.katalon.core.main.ScriptEngine.run(ScriptEngine.java:194)
	at com.kms.katalon.core.main.ScriptEngine.runScriptAsRawText(ScriptEngine.java:119)
	at com.kms.katalon.core.main.TestCaseExecutor.runScript(TestCaseExecutor.java:328)
	at com.kms.katalon.core.main.TestCaseExecutor.doExecute(TestCaseExecutor.java:319)
	at com.kms.katalon.core.main.TestCaseExecutor.processExecutionPhase(TestCaseExecutor.java:298)
	at com.kms.katalon.core.main.TestCaseExecutor.accessMainPhase(TestCaseExecutor.java:290)
	at com.kms.katalon.core.main.TestCaseExecutor.execute(TestCaseExecutor.java:224)
	at com.kms.katalon.core.main.TestSuiteExecutor.accessTestCaseMainPhase(TestSuiteExecutor.java:129)
	at com.kms.katalon.core.main.TestSuiteExecutor.accessTestSuiteMainPhase(TestSuiteExecutor.java:112)
	at com.kms.katalon.core.main.TestSuiteExecutor.execute(TestSuiteExecutor.java:81)
	at com.kms.katalon.core.main.TestCaseMain.startTestSuite(TestCaseMain.java:149)
	at com.kms.katalon.core.main.TestCaseMain$startTestSuite$0.call(Unknown Source)
	at TempTestSuite1575271282294.run(TempTestSuite1575271282294.groovy:36)


2019-12-02 02:35:34 - [MESSAGE][FAILED] - Unable to click on object 'Object Repository/hic/nav/hbiLink' (Root cause: org.openqa.selenium.ElementNotVisibleException: element not interactable
  (Session info: chrome=78.0.3904.108)
  (Driver info: chromedriver=2.43.600210 (68dcf5eebde37173d4027fa8635e332711d2874a),platform=Windows NT 6.3.9600 x86_64) (WARNING: The server did not provide any stacktrace information)
Command duration or timeout: 0 milliseconds
Build info: version: '3.7.1', revision: '8a0099a', time: '2017-11-06T21:07:36.161Z'
System info: host: 'WIN-U215233FMVE', ip: '172.30.0.53', os.name: 'Windows Server 2012 R2', os.arch: 'amd64', os.version: '6.3', java.version: '1.8.0_181'
Driver info: com.kms.katalon.selenium.driver.CChromeDriver
Capabilities {acceptInsecureCerts: false, acceptSslCerts: false, applicationCacheEnabled: false, browserConnectionEnabled: false, browserName: chrome, chrome: {chromedriverVersion: 2.43.600210 (68dcf5eebde371..., userDataDir: C:\Users\ADMINI~1\AppData\L...}, cssSelectorsEnabled: true, databaseEnabled: false, goog:chromeOptions: {debuggerAddress: localhost:60905}, handlesAlerts: true, hasTouchScreen: true, javascriptEnabled: true, locationContextEnabled: true, mobileEmulationEnabled: true, nativeEvents: true, networkConnectionEnabled: false, pageLoadStrategy: normal, platform: XP, platformName: XP, rotatable: false, setWindowRect: true, takesHeapSnapshot: true, takesScreenshot: true, unexpectedAlertBehaviour: , unhandledPromptBehavior: , version: 78.0.3904.108, webStorageEnabled: true}
Session ID: 283501c02e8d5039e521c53a9b00e9ec)
[[ATTACHMENT|D:\\Test\\AgileTest\\Reports\\HIC\\hic\\20191202_022122\\1575272133884.png]]

2019-12-02 02:35:34 - [MESSAGE][FAILED] - click(findTestObject("hic/nav/hbiLink")) FAILED.
Reason:
com.kms.katalon.core.exception.StepFailedException: Unable to click on object 'Object Repository/hic/nav/hbiLink' (Root cause: org.openqa.selenium.ElementNotVisibleException: element not interactable
  (Session info: chrome=78.0.3904.108)
  (Driver info: chromedriver=2.43.600210 (68dcf5eebde37173d4027fa8635e332711d2874a),platform=Windows NT 6.3.9600 x86_64) (WARNING: The server did not provide any stacktrace information)
Command duration or timeout: 0 milliseconds
Build info: version: '3.7.1', revision: '8a0099a', time: '2017-11-06T21:07:36.161Z'
System info: host: 'WIN-U215233FMVE', ip: '172.30.0.53', os.name: 'Windows Server 2012 R2', os.arch: 'amd64', os.version: '6.3', java.version: '1.8.0_181'
Driver info: com.kms.katalon.selenium.driver.CChromeDriver
Capabilities {acceptInsecureCerts: false, acceptSslCerts: false, applicationCacheEnabled: false, browserConnectionEnabled: false, browserName: chrome, chrome: {chromedriverVersion: 2.43.600210 (68dcf5eebde371..., userDataDir: C:\Users\ADMINI~1\AppData\L...}, cssSelectorsEnabled: true, databaseEnabled: false, goog:chromeOptions: {debuggerAddress: localhost:60905}, handlesAlerts: true, hasTouchScreen: true, javascriptEnabled: true, locationContextEnabled: true, mobileEmulationEnabled: true, nativeEvents: true, networkConnectionEnabled: false, pageLoadStrategy: normal, platform: XP, platformName: XP, rotatable: false, setWindowRect: true, takesHeapSnapshot: true, takesScreenshot: true, unexpectedAlertBehaviour: , unhandledPromptBehavior: , version: 78.0.3904.108, webStorageEnabled: true}
Session ID: 283501c02e8d5039e521c53a9b00e9ec)
	at com.kms.katalon.core.keyword.internal.KeywordMain.stepFailed(KeywordMain.groovy:36)
	at com.kms.katalon.core.webui.keyword.internal.WebUIKeywordMain.stepFailed(WebUIKeywordMain.groovy:65)
	at com.kms.katalon.core.webui.keyword.internal.WebUIKeywordMain.runKeyword(WebUIKeywordMain.groovy:27)
	at com.kms.katalon.core.webui.keyword.builtin.ClickKeyword.click(ClickKeyword.groovy:86)
	at com.kms.katalon.core.webui.keyword.builtin.ClickKeyword.execute(ClickKeyword.groovy:67)
	at com.kms.katalon.core.keyword.internal.KeywordExecutor.executeKeywordForPlatform(KeywordExecutor.groovy:53)
	at com.kms.katalon.core.webui.keyword.WebUiBuiltInKeywords.click(WebUiBuiltInKeywords.groovy:616)
	at com.kms.katalon.core.webui.keyword.WebUiBuiltInKeywords$click$2.call(Unknown Source)
	at Vitala Care.run(Vitala Care:27)
	at com.kms.katalon.core.main.ScriptEngine.run(ScriptEngine.java:194)
	at com.kms.katalon.core.main.ScriptEngine.runScriptAsRawText(ScriptEngine.java:119)
	at com.kms.katalon.core.main.TestCaseExecutor.runScript(TestCaseExecutor.java:328)
	at com.kms.katalon.core.main.TestCaseExecutor.doExecute(TestCaseExecutor.java:319)
	at com.kms.katalon.core.main.TestCaseExecutor.processExecutionPhase(TestCaseExecutor.java:298)
	at com.kms.katalon.core.main.TestCaseExecutor.accessMainPhase(TestCaseExecutor.java:290)
	at com.kms.katalon.core.main.TestCaseExecutor.execute(TestCaseExecutor.java:224)
	at com.kms.katalon.core.main.TestSuiteExecutor.accessTestCaseMainPhase(TestSuiteExecutor.java:129)
	at com.kms.katalon.core.main.TestSuiteExecutor.accessTestSuiteMainPhase(TestSuiteExecutor.java:112)
	at com.kms.katalon.core.main.TestSuiteExecutor.execute(TestSuiteExecutor.java:81)
	at com.kms.katalon.core.main.TestCaseMain.startTestSuite(TestCaseMain.java:149)
	at com.kms.katalon.core.main.TestCaseMain$startTestSuite$0.call(Unknown Source)
	at TempTestSuite1575271282294.run(TempTestSuite1575271282294.groovy:36)]]></system-out>
         <system-err><![CDATA[2019-12-02 02:35:27 - [TEST_CASE][FAILED] - Test Cases/HIC/HBI/Vitala Care: Test Cases/HIC/HBI/Vitala Care FAILED.
Reason:
com.kms.katalon.core.exception.StepFailedException: Unable to click on object 'Object Repository/hic/nav/hbiLink' (Root cause: org.openqa.selenium.ElementNotVisibleException: element not interactable
  (Session info: chrome=78.0.3904.108)
  (Driver info: chromedriver=2.43.600210 (68dcf5eebde37173d4027fa8635e332711d2874a),platform=Windows NT 6.3.9600 x86_64) (WARNING: The server did not provide any stacktrace information)
Command duration or timeout: 0 milliseconds
Build info: version: '3.7.1', revision: '8a0099a', time: '2017-11-06T21:07:36.161Z'
System info: host: 'WIN-U215233FMVE', ip: '172.30.0.53', os.name: 'Windows Server 2012 R2', os.arch: 'amd64', os.version: '6.3', java.version: '1.8.0_181'
Driver info: com.kms.katalon.selenium.driver.CChromeDriver
Capabilities {acceptInsecureCerts: false, acceptSslCerts: false, applicationCacheEnabled: false, browserConnectionEnabled: false, browserName: chrome, chrome: {chromedriverVersion: 2.43.600210 (68dcf5eebde371..., userDataDir: C:\Users\ADMINI~1\AppData\L...}, cssSelectorsEnabled: true, databaseEnabled: false, goog:chromeOptions: {debuggerAddress: localhost:60905}, handlesAlerts: true, hasTouchScreen: true, javascriptEnabled: true, locationContextEnabled: true, mobileEmulationEnabled: true, nativeEvents: true, networkConnectionEnabled: false, pageLoadStrategy: normal, platform: XP, platformName: XP, rotatable: false, setWindowRect: true, takesHeapSnapshot: true, takesScreenshot: true, unexpectedAlertBehaviour: , unhandledPromptBehavior: , version: 78.0.3904.108, webStorageEnabled: true}
Session ID: 283501c02e8d5039e521c53a9b00e9ec)
	at com.kms.katalon.core.keyword.internal.KeywordMain.stepFailed(KeywordMain.groovy:36)
	at com.kms.katalon.core.webui.keyword.internal.WebUIKeywordMain.stepFailed(WebUIKeywordMain.groovy:65)
	at com.kms.katalon.core.webui.keyword.internal.WebUIKeywordMain.runKeyword(WebUIKeywordMain.groovy:27)
	at com.kms.katalon.core.webui.keyword.builtin.ClickKeyword.click(ClickKeyword.groovy:86)
	at com.kms.katalon.core.webui.keyword.builtin.ClickKeyword.execute(ClickKeyword.groovy:67)
	at com.kms.katalon.core.keyword.internal.KeywordExecutor.executeKeywordForPlatform(KeywordExecutor.groovy:53)
	at com.kms.katalon.core.webui.keyword.WebUiBuiltInKeywords.click(WebUiBuiltInKeywords.groovy:616)
	at com.kms.katalon.core.webui.keyword.WebUiBuiltInKeywords$click$2.call(Unknown Source)
	at Vitala Care.run(Vitala Care:27)
	at com.kms.katalon.core.main.ScriptEngine.run(ScriptEngine.java:194)
	at com.kms.katalon.core.main.ScriptEngine.runScriptAsRawText(ScriptEngine.java:119)
	at com.kms.katalon.core.main.TestCaseExecutor.runScript(TestCaseExecutor.java:328)
	at com.kms.katalon.core.main.TestCaseExecutor.doExecute(TestCaseExecutor.java:319)
	at com.kms.katalon.core.main.TestCaseExecutor.processExecutionPhase(TestCaseExecutor.java:298)
	at com.kms.katalon.core.main.TestCaseExecutor.accessMainPhase(TestCaseExecutor.java:290)
	at com.kms.katalon.core.main.TestCaseExecutor.execute(TestCaseExecutor.java:224)
	at com.kms.katalon.core.main.TestSuiteExecutor.accessTestCaseMainPhase(TestSuiteExecutor.java:129)
	at com.kms.katalon.core.main.TestSuiteExecutor.accessTestSuiteMainPhase(TestSuiteExecutor.java:112)
	at com.kms.katalon.core.main.TestSuiteExecutor.execute(TestSuiteExecutor.java:81)
	at com.kms.katalon.core.main.TestCaseMain.startTestSuite(TestCaseMain.java:149)
	at com.kms.katalon.core.main.TestCaseMain$startTestSuite$0.call(Unknown Source)
	at TempTestSuite1575271282294.run(TempTestSuite1575271282294.groovy:36)]]></system-err>
      </testcase>
      <testcase name="Test Cases/HIC/Medicare" classname="Test Cases/HIC/Medicare" status="FAILED">
         <failure type="FAILED" message="Test Cases/HIC/Medicare FAILED.
Reason:
com.kms.katalon.core.exception.StepFailedException: Unable to set text 'testfirst' of object 'Object Repository/hic/medicare/firstName' (Root cause: com.kms.katalon.core.webui.exception.WebElementNotFoundException: Web element with id: 'Object Repository/hic/medicare/firstName' located by 'By.xpath: //*[@id = 'lead-first-name-input']' not found)
	at com.kms.katalon.core.keyword.internal.KeywordMain.stepFailed(KeywordMain.groovy:36)
	at com.kms.katalon.core.webui.keyword.internal.WebUIKeywordMain.stepFailed(WebUIKeywordMain.groovy:65)
	at com.kms.katalon.core.webui.keyword.internal.WebUIKeywordMain.runKeyword(WebUIKeywordMain.groovy:27)
	at com.kms.katalon.core.webui.keyword.builtin.SetTextKeyword.setText(SetTextKeyword.groovy:65)
	at com.kms.katalon.core.webui.keyword.builtin.SetTextKeyword.execute(SetTextKeyword.groovy:37)
	at com.kms.katalon.core.keyword.internal.KeywordExecutor.executeKeywordForPlatform(KeywordExecutor.groovy:53)
	at com.kms.katalon.core.webui.keyword.WebUiBuiltInKeywords.setText(WebUiBuiltInKeywords.groovy:950)
	at com.kms.katalon.core.webui.keyword.WebUiBuiltInKeywords$setText$3.call(Unknown Source)
	at Medicare.run(Medicare:41)
	at com.kms.katalon.core.main.ScriptEngine.run(ScriptEngine.java:194)
	at com.kms.katalon.core.main.ScriptEngine.runScriptAsRawText(ScriptEngine.java:119)
	at com.kms.katalon.core.main.TestCaseExecutor.runScript(TestCaseExecutor.java:328)
	at com.kms.katalon.core.main.TestCaseExecutor.doExecute(TestCaseExecutor.java:319)
	at com.kms.katalon.core.main.TestCaseExecutor.processExecutionPhase(TestCaseExecutor.java:298)
	at com.kms.katalon.core.main.TestCaseExecutor.accessMainPhase(TestCaseExecutor.java:290)
	at com.kms.katalon.core.main.TestCaseExecutor.execute(TestCaseExecutor.java:224)
	at com.kms.katalon.core.main.TestSuiteExecutor.accessTestCaseMainPhase(TestSuiteExecutor.java:129)
	at com.kms.katalon.core.main.TestSuiteExecutor.accessTestSuiteMainPhase(TestSuiteExecutor.java:112)
	at com.kms.katalon.core.main.TestSuiteExecutor.execute(TestSuiteExecutor.java:81)
	at com.kms.katalon.core.main.TestCaseMain.startTestSuite(TestCaseMain.java:149)
	at com.kms.katalon.core.main.TestCaseMain$startTestSuite$0.call(Unknown Source)
	at TempTestSuite1575271282294.run(TempTestSuite1575271282294.groovy:36)
"/>
         <system-out><![CDATA[2019-12-02 02:35:34 - [TEST_CASE][FAILED] - Test Cases/HIC/Medicare: Test Cases/HIC/Medicare FAILED.
Reason:
com.kms.katalon.core.exception.StepFailedException: Unable to set text 'testfirst' of object 'Object Repository/hic/medicare/firstName' (Root cause: com.kms.katalon.core.webui.exception.WebElementNotFoundException: Web element with id: 'Object Repository/hic/medicare/firstName' located by 'By.xpath: //*[@id = 'lead-first-name-input']' not found)
	at com.kms.katalon.core.keyword.internal.KeywordMain.stepFailed(KeywordMain.groovy:36)
	at com.kms.katalon.core.webui.keyword.internal.WebUIKeywordMain.stepFailed(WebUIKeywordMain.groovy:65)
	at com.kms.katalon.core.webui.keyword.internal.WebUIKeywordMain.runKeyword(WebUIKeywordMain.groovy:27)
	at com.kms.katalon.core.webui.keyword.builtin.SetTextKeyword.setText(SetTextKeyword.groovy:65)
	at com.kms.katalon.core.webui.keyword.builtin.SetTextKeyword.execute(SetTextKeyword.groovy:37)
	at com.kms.katalon.core.keyword.internal.KeywordExecutor.executeKeywordForPlatform(KeywordExecutor.groovy:53)
	at com.kms.katalon.core.webui.keyword.WebUiBuiltInKeywords.setText(WebUiBuiltInKeywords.groovy:950)
	at com.kms.katalon.core.webui.keyword.WebUiBuiltInKeywords$setText$3.call(Unknown Source)
	at Medicare.run(Medicare:41)
	at com.kms.katalon.core.main.ScriptEngine.run(ScriptEngine.java:194)
	at com.kms.katalon.core.main.ScriptEngine.runScriptAsRawText(ScriptEngine.java:119)
	at com.kms.katalon.core.main.TestCaseExecutor.runScript(TestCaseExecutor.java:328)
	at com.kms.katalon.core.main.TestCaseExecutor.doExecute(TestCaseExecutor.java:319)
	at com.kms.katalon.core.main.TestCaseExecutor.processExecutionPhase(TestCaseExecutor.java:298)
	at com.kms.katalon.core.main.TestCaseExecutor.accessMainPhase(TestCaseExecutor.java:290)
	at com.kms.katalon.core.main.TestCaseExecutor.execute(TestCaseExecutor.java:224)
	at com.kms.katalon.core.main.TestSuiteExecutor.accessTestCaseMainPhase(TestSuiteExecutor.java:129)
	at com.kms.katalon.core.main.TestSuiteExecutor.accessTestSuiteMainPhase(TestSuiteExecutor.java:112)
	at com.kms.katalon.core.main.TestSuiteExecutor.execute(TestSuiteExecutor.java:81)
	at com.kms.katalon.core.main.TestCaseMain.startTestSuite(TestCaseMain.java:149)
	at com.kms.katalon.core.main.TestCaseMain$startTestSuite$0.call(Unknown Source)
	at TempTestSuite1575271282294.run(TempTestSuite1575271282294.groovy:36)


2019-12-02 02:35:34 - [TEST_STEP][PASSED] - callTestCase(findTestCase("HIC/_include/get_hicScreenPath"), ["project":"HIC", "productLine":"Medicare", "carrierName":"Medicare"], CONTINUE_ON_FAILURE): Call Test Case 'Test Cases/HIC/_include/get_hicScreenPath' successfully

2019-12-02 02:35:34 - [TEST_CASE][PASSED] - Test Cases/HIC/_include/get_hicScreenPath: Test Cases/HIC/_include/get_hicScreenPath

2019-12-02 02:35:34 - [TEST_STEP][PASSED] - m = getExecutionProperties(): null

2019-12-02 02:35:34 - [TEST_STEP][PASSED] - deviceName = get("mobileEmulation").get("deviceName"): null

2019-12-02 02:35:34 - [TEST_STEP][PASSED] - println(deviceName): null

2019-12-02 02:35:34 - [TEST_STEP][PASSED] - now = new java.util.Date(): null

2019-12-02 02:35:34 - [TEST_STEP][PASSED] - mydate = now.format("yyyyMMdd_HHmmss"): null

2019-12-02 02:35:34 - [TEST_STEP][PASSED] - screenPath = "../Screenshots/": null

2019-12-02 02:35:34 - [TEST_STEP][PASSED] - screenPath = screenPath + deviceName + "/" + project + "/" + productLine + "/" + carrierName + "/" + "standard" + "/": null

2019-12-02 02:35:34 - [TEST_STEP][PASSED] - println(screenPath): null

2019-12-02 02:35:34 - [MESSAGE][PASSED] - Call Test Case 'Test Cases/HIC/_include/get_hicScreenPath' successfully

2019-12-02 02:35:34 - [TEST_STEP][PASSED] - i = 0: null

2019-12-02 02:35:34 - [TEST_STEP][PASSED] - callTestCase(findTestCase("mobileWeb/_include/openWebSite"), ["env":"https://qa.healthinsurance.com/"], CONTINUE_ON_FAILURE): Call Test Case 'Test Cases/mobileWeb/_include/openWebSite' successfully

2019-12-02 02:35:34 - [TEST_CASE][PASSED] - Test Cases/mobileWeb/_include/openWebSite: Test Cases/mobileWeb/_include/openWebSite

2019-12-02 02:35:34 - [TEST_STEP][PASSED] - openBrowser(env): Browser is opened with url: 'https://qa.healthinsurance.com/'

2019-12-02 02:35:34 - [MESSAGE][WARNING] - A browser is already opened. Closing browser and opening a new one

2019-12-02 02:35:35 - [MESSAGE][INFO] - Starting 'Chrome' driver

2019-12-02 02:35:35 - [MESSAGE][INFO] - User set preference: ['mobileEmulation', '{deviceName=iPhone 6}']

2019-12-02 02:35:35 - [MESSAGE][INFO] - User set preference: ['args', '[--incognito, --aggressive-cache-discard, --window-size=375,677, --no-sandbox]']

2019-12-02 02:35:37 - [MESSAGE][PASSED] - Browser is opened with url: 'https://qa.healthinsurance.com/'

2019-12-02 02:35:37 - [TEST_STEP][PASSED] - waitForPageLoad(20): Wait for page load successfully

2019-12-02 02:35:37 - [MESSAGE][PASSED] - Wait for page load successfully

2019-12-02 02:35:37 - [TEST_STEP][PASSED] - callTestCase(findTestCase("mobileWeb/_include/get_screenshot"), [:], STOP_ON_FAILURE): Call Test Case 'Test Cases/mobileWeb/_include/get_screenshot' successfully

2019-12-02 02:35:37 - [TEST_CASE][PASSED] - Test Cases/mobileWeb/_include/get_screenshot: Test Cases/mobileWeb/_include/get_screenshot

2019-12-02 02:35:37 - [TEST_STEP][PASSED] - takeScreenshot(screenPath + i + ".png"): Taking screenshot successfully

2019-12-02 02:35:37 - [MESSAGE][PASSED] - Taking screenshot successfully
[[ATTACHMENT|D:\\Test\\AgileTest\\Reports\\HIC\\hic\\20191202_022122\\../Screenshots/iPhone 6/HIC/Medicare/Medicare/standard/0.png]]

2019-12-02 02:35:37 - [TEST_STEP][PASSED] - (internal.GlobalVariable.i++): null

2019-12-02 02:35:37 - [MESSAGE][PASSED] - Call Test Case 'Test Cases/mobileWeb/_include/get_screenshot' successfully

2019-12-02 02:35:37 - [MESSAGE][PASSED] - Call Test Case 'Test Cases/mobileWeb/_include/openWebSite' successfully

2019-12-02 02:35:37 - [TEST_STEP][PASSED] - click(findTestObject("hic/nav/navButton")): Object: 'Object Repository/hic/nav/navButton' is clicked on

2019-12-02 02:35:38 - [MESSAGE][PASSED] - Object: 'Object Repository/hic/nav/navButton' is clicked on

2019-12-02 02:35:38 - [TEST_STEP][PASSED] - click(findTestObject("hic/nav/medicareLink")): Object: 'Object Repository/hic/nav/medicareLink' is clicked on

2019-12-02 02:35:38 - [MESSAGE][PASSED] - Object: 'Object Repository/hic/nav/medicareLink' is clicked on

2019-12-02 02:35:38 - [TEST_STEP][PASSED] - Thread.sleep(2000): null

2019-12-02 02:35:40 - [TEST_STEP][PASSED] - callTestCase(findTestCase("mobileWeb/_include/get_screenshot"), [:], STOP_ON_FAILURE): Call Test Case 'Test Cases/mobileWeb/_include/get_screenshot' successfully

2019-12-02 02:35:40 - [TEST_CASE][PASSED] - Test Cases/mobileWeb/_include/get_screenshot: Test Cases/mobileWeb/_include/get_screenshot

2019-12-02 02:35:40 - [TEST_STEP][PASSED] - takeScreenshot(screenPath + i + ".png"): Taking screenshot successfully

2019-12-02 02:35:41 - [MESSAGE][PASSED] - Taking screenshot successfully
[[ATTACHMENT|D:\\Test\\AgileTest\\Reports\\HIC\\hic\\20191202_022122\\../Screenshots/iPhone 6/HIC/Medicare/Medicare/standard/1.png]]

2019-12-02 02:35:41 - [TEST_STEP][PASSED] - (internal.GlobalVariable.i++): null

2019-12-02 02:35:41 - [MESSAGE][PASSED] - Call Test Case 'Test Cases/mobileWeb/_include/get_screenshot' successfully

2019-12-02 02:35:41 - [TEST_STEP][PASSED] - setText(findTestObject("hic/aca/zip"), "33186"): Text '33186' is set on object 'Object Repository/hic/aca/zip'

2019-12-02 02:35:41 - [MESSAGE][PASSED] - Text '33186' is set on object 'Object Repository/hic/aca/zip'

2019-12-02 02:35:41 - [TEST_STEP][PASSED] - Thread.sleep(5000): null

2019-12-02 02:35:46 - [TEST_STEP][PASSED] - click(findTestObject("hic/aca/comparePlan")): Object: 'Object Repository/hic/aca/comparePlan' is clicked on

2019-12-02 02:35:47 - [MESSAGE][PASSED] - Object: 'Object Repository/hic/aca/comparePlan' is clicked on

2019-12-02 02:35:47 - [TEST_STEP][PASSED] - Thread.sleep(5000): null

2019-12-02 02:35:52 - [TEST_STEP][PASSED] - callTestCase(findTestCase("mobileWeb/_include/get_screenshot"), [:], STOP_ON_FAILURE): Call Test Case 'Test Cases/mobileWeb/_include/get_screenshot' successfully

2019-12-02 02:35:52 - [TEST_CASE][PASSED] - Test Cases/mobileWeb/_include/get_screenshot: Test Cases/mobileWeb/_include/get_screenshot

2019-12-02 02:35:52 - [TEST_STEP][PASSED] - takeScreenshot(screenPath + i + ".png"): Taking screenshot successfully

2019-12-02 02:35:52 - [MESSAGE][PASSED] - Taking screenshot successfully
[[ATTACHMENT|D:\\Test\\AgileTest\\Reports\\HIC\\hic\\20191202_022122\\../Screenshots/iPhone 6/HIC/Medicare/Medicare/standard/2.png]]

2019-12-02 02:35:52 - [TEST_STEP][PASSED] - (internal.GlobalVariable.i++): null

2019-12-02 02:35:52 - [MESSAGE][PASSED] - Call Test Case 'Test Cases/mobileWeb/_include/get_screenshot' successfully

2019-12-02 02:35:52 - [TEST_STEP][FAILED] - setText(findTestObject("hic/medicare/firstName"), "testfirst"): setText(findTestObject("hic/medicare/firstName"), "testfirst") FAILED.
Reason:
com.kms.katalon.core.exception.StepFailedException: Unable to set text 'testfirst' of object 'Object Repository/hic/medicare/firstName' (Root cause: com.kms.katalon.core.webui.exception.WebElementNotFoundException: Web element with id: 'Object Repository/hic/medicare/firstName' located by 'By.xpath: //*[@id = 'lead-first-name-input']' not found)
	at com.kms.katalon.core.keyword.internal.KeywordMain.stepFailed(KeywordMain.groovy:36)
	at com.kms.katalon.core.webui.keyword.internal.WebUIKeywordMain.stepFailed(WebUIKeywordMain.groovy:65)
	at com.kms.katalon.core.webui.keyword.internal.WebUIKeywordMain.runKeyword(WebUIKeywordMain.groovy:27)
	at com.kms.katalon.core.webui.keyword.builtin.SetTextKeyword.setText(SetTextKeyword.groovy:65)
	at com.kms.katalon.core.webui.keyword.builtin.SetTextKeyword.execute(SetTextKeyword.groovy:37)
	at com.kms.katalon.core.keyword.internal.KeywordExecutor.executeKeywordForPlatform(KeywordExecutor.groovy:53)
	at com.kms.katalon.core.webui.keyword.WebUiBuiltInKeywords.setText(WebUiBuiltInKeywords.groovy:950)
	at com.kms.katalon.core.webui.keyword.WebUiBuiltInKeywords$setText$3.call(Unknown Source)
	at Medicare.run(Medicare:41)
	at com.kms.katalon.core.main.ScriptEngine.run(ScriptEngine.java:194)
	at com.kms.katalon.core.main.ScriptEngine.runScriptAsRawText(ScriptEngine.java:119)
	at com.kms.katalon.core.main.TestCaseExecutor.runScript(TestCaseExecutor.java:328)
	at com.kms.katalon.core.main.TestCaseExecutor.doExecute(TestCaseExecutor.java:319)
	at com.kms.katalon.core.main.TestCaseExecutor.processExecutionPhase(TestCaseExecutor.java:298)
	at com.kms.katalon.core.main.TestCaseExecutor.accessMainPhase(TestCaseExecutor.java:290)
	at com.kms.katalon.core.main.TestCaseExecutor.execute(TestCaseExecutor.java:224)
	at com.kms.katalon.core.main.TestSuiteExecutor.accessTestCaseMainPhase(TestSuiteExecutor.java:129)
	at com.kms.katalon.core.main.TestSuiteExecutor.accessTestSuiteMainPhase(TestSuiteExecutor.java:112)
	at com.kms.katalon.core.main.TestSuiteExecutor.execute(TestSuiteExecutor.java:81)
	at com.kms.katalon.core.main.TestCaseMain.startTestSuite(TestCaseMain.java:149)
	at com.kms.katalon.core.main.TestCaseMain$startTestSuite$0.call(Unknown Source)
	at TempTestSuite1575271282294.run(TempTestSuite1575271282294.groovy:36)


2019-12-02 02:36:15 - [MESSAGE][INFO] - Unable to find the element located by 'By.xpath: //*[@id = 'lead-first-name-input']'. Please recheck the objects properties to make sure the desired element is located. 

2019-12-02 02:36:15 - [MESSAGE][FAILED] - Unable to set text 'testfirst' of object 'Object Repository/hic/medicare/firstName' (Root cause: com.kms.katalon.core.webui.exception.WebElementNotFoundException: Web element with id: 'Object Repository/hic/medicare/firstName' located by 'By.xpath: //*[@id = 'lead-first-name-input']' not found)
[[ATTACHMENT|D:\\Test\\AgileTest\\Reports\\HIC\\hic\\20191202_022122\\1575272175269.png]]

2019-12-02 02:36:15 - [MESSAGE][FAILED] - setText(findTestObject("hic/medicare/firstName"), "testfirst") FAILED.
Reason:
com.kms.katalon.core.exception.StepFailedException: Unable to set text 'testfirst' of object 'Object Repository/hic/medicare/firstName' (Root cause: com.kms.katalon.core.webui.exception.WebElementNotFoundException: Web element with id: 'Object Repository/hic/medicare/firstName' located by 'By.xpath: //*[@id = 'lead-first-name-input']' not found)
	at com.kms.katalon.core.keyword.internal.KeywordMain.stepFailed(KeywordMain.groovy:36)
	at com.kms.katalon.core.webui.keyword.internal.WebUIKeywordMain.stepFailed(WebUIKeywordMain.groovy:65)
	at com.kms.katalon.core.webui.keyword.internal.WebUIKeywordMain.runKeyword(WebUIKeywordMain.groovy:27)
	at com.kms.katalon.core.webui.keyword.builtin.SetTextKeyword.setText(SetTextKeyword.groovy:65)
	at com.kms.katalon.core.webui.keyword.builtin.SetTextKeyword.execute(SetTextKeyword.groovy:37)
	at com.kms.katalon.core.keyword.internal.KeywordExecutor.executeKeywordForPlatform(KeywordExecutor.groovy:53)
	at com.kms.katalon.core.webui.keyword.WebUiBuiltInKeywords.setText(WebUiBuiltInKeywords.groovy:950)
	at com.kms.katalon.core.webui.keyword.WebUiBuiltInKeywords$setText$3.call(Unknown Source)
	at Medicare.run(Medicare:41)
	at com.kms.katalon.core.main.ScriptEngine.run(ScriptEngine.java:194)
	at com.kms.katalon.core.main.ScriptEngine.runScriptAsRawText(ScriptEngine.java:119)
	at com.kms.katalon.core.main.TestCaseExecutor.runScript(TestCaseExecutor.java:328)
	at com.kms.katalon.core.main.TestCaseExecutor.doExecute(TestCaseExecutor.java:319)
	at com.kms.katalon.core.main.TestCaseExecutor.processExecutionPhase(TestCaseExecutor.java:298)
	at com.kms.katalon.core.main.TestCaseExecutor.accessMainPhase(TestCaseExecutor.java:290)
	at com.kms.katalon.core.main.TestCaseExecutor.execute(TestCaseExecutor.java:224)
	at com.kms.katalon.core.main.TestSuiteExecutor.accessTestCaseMainPhase(TestSuiteExecutor.java:129)
	at com.kms.katalon.core.main.TestSuiteExecutor.accessTestSuiteMainPhase(TestSuiteExecutor.java:112)
	at com.kms.katalon.core.main.TestSuiteExecutor.execute(TestSuiteExecutor.java:81)
	at com.kms.katalon.core.main.TestCaseMain.startTestSuite(TestCaseMain.java:149)
	at com.kms.katalon.core.main.TestCaseMain$startTestSuite$0.call(Unknown Source)
	at TempTestSuite1575271282294.run(TempTestSuite1575271282294.groovy:36)]]></system-out>
         <system-err><![CDATA[2019-12-02 02:35:34 - [TEST_CASE][FAILED] - Test Cases/HIC/Medicare: Test Cases/HIC/Medicare FAILED.
Reason:
com.kms.katalon.core.exception.StepFailedException: Unable to set text 'testfirst' of object 'Object Repository/hic/medicare/firstName' (Root cause: com.kms.katalon.core.webui.exception.WebElementNotFoundException: Web element with id: 'Object Repository/hic/medicare/firstName' located by 'By.xpath: //*[@id = 'lead-first-name-input']' not found)
	at com.kms.katalon.core.keyword.internal.KeywordMain.stepFailed(KeywordMain.groovy:36)
	at com.kms.katalon.core.webui.keyword.internal.WebUIKeywordMain.stepFailed(WebUIKeywordMain.groovy:65)
	at com.kms.katalon.core.webui.keyword.internal.WebUIKeywordMain.runKeyword(WebUIKeywordMain.groovy:27)
	at com.kms.katalon.core.webui.keyword.builtin.SetTextKeyword.setText(SetTextKeyword.groovy:65)
	at com.kms.katalon.core.webui.keyword.builtin.SetTextKeyword.execute(SetTextKeyword.groovy:37)
	at com.kms.katalon.core.keyword.internal.KeywordExecutor.executeKeywordForPlatform(KeywordExecutor.groovy:53)
	at com.kms.katalon.core.webui.keyword.WebUiBuiltInKeywords.setText(WebUiBuiltInKeywords.groovy:950)
	at com.kms.katalon.core.webui.keyword.WebUiBuiltInKeywords$setText$3.call(Unknown Source)
	at Medicare.run(Medicare:41)
	at com.kms.katalon.core.main.ScriptEngine.run(ScriptEngine.java:194)
	at com.kms.katalon.core.main.ScriptEngine.runScriptAsRawText(ScriptEngine.java:119)
	at com.kms.katalon.core.main.TestCaseExecutor.runScript(TestCaseExecutor.java:328)
	at com.kms.katalon.core.main.TestCaseExecutor.doExecute(TestCaseExecutor.java:319)
	at com.kms.katalon.core.main.TestCaseExecutor.processExecutionPhase(TestCaseExecutor.java:298)
	at com.kms.katalon.core.main.TestCaseExecutor.accessMainPhase(TestCaseExecutor.java:290)
	at com.kms.katalon.core.main.TestCaseExecutor.execute(TestCaseExecutor.java:224)
	at com.kms.katalon.core.main.TestSuiteExecutor.accessTestCaseMainPhase(TestSuiteExecutor.java:129)
	at com.kms.katalon.core.main.TestSuiteExecutor.accessTestSuiteMainPhase(TestSuiteExecutor.java:112)
	at com.kms.katalon.core.main.TestSuiteExecutor.execute(TestSuiteExecutor.java:81)
	at com.kms.katalon.core.main.TestCaseMain.startTestSuite(TestCaseMain.java:149)
	at com.kms.katalon.core.main.TestCaseMain$startTestSuite$0.call(Unknown Source)
	at TempTestSuite1575271282294.run(TempTestSuite1575271282294.groovy:36)]]></system-err>
      </testcase>
      <testcase name="Test Cases/HIC/STM/AdvantHealth" classname="Test Cases/HIC/STM/AdvantHealth" status="PASSED">
         <system-out><![CDATA[2019-12-02 02:36:15 - [TEST_CASE][PASSED] - Test Cases/HIC/STM/AdvantHealth: Test Cases/HIC/STM/AdvantHealth

2019-12-02 02:36:15 - [TEST_STEP][PASSED] - callTestCase(findTestCase("HIC/_include/get_hicScreenPath"), ["project":"HIC", "productLine":"STM", "carrierName":"AdvantHealth"], CONTINUE_ON_FAILURE): Call Test Case 'Test Cases/HIC/_include/get_hicScreenPath' successfully

2019-12-02 02:36:15 - [TEST_CASE][PASSED] - Test Cases/HIC/_include/get_hicScreenPath: Test Cases/HIC/_include/get_hicScreenPath

2019-12-02 02:36:16 - [TEST_STEP][PASSED] - m = getExecutionProperties(): null

2019-12-02 02:36:16 - [TEST_STEP][PASSED] - deviceName = get("mobileEmulation").get("deviceName"): null

2019-12-02 02:36:16 - [TEST_STEP][PASSED] - println(deviceName): null

2019-12-02 02:36:16 - [TEST_STEP][PASSED] - now = new java.util.Date(): null

2019-12-02 02:36:16 - [TEST_STEP][PASSED] - mydate = now.format("yyyyMMdd_HHmmss"): null

2019-12-02 02:36:16 - [TEST_STEP][PASSED] - screenPath = "../Screenshots/": null

2019-12-02 02:36:16 - [TEST_STEP][PASSED] - screenPath = screenPath + deviceName + "/" + project + "/" + productLine + "/" + carrierName + "/" + "standard" + "/": null

2019-12-02 02:36:16 - [TEST_STEP][PASSED] - println(screenPath): null

2019-12-02 02:36:16 - [MESSAGE][PASSED] - Call Test Case 'Test Cases/HIC/_include/get_hicScreenPath' successfully

2019-12-02 02:36:16 - [TEST_STEP][PASSED] - i = 0: null

2019-12-02 02:36:16 - [TEST_STEP][PASSED] - callTestCase(findTestCase("mobileWeb/_include/openWebSite"), ["env":"https://qa.healthinsurance.com/"], CONTINUE_ON_FAILURE): Call Test Case 'Test Cases/mobileWeb/_include/openWebSite' successfully

2019-12-02 02:36:16 - [TEST_CASE][PASSED] - Test Cases/mobileWeb/_include/openWebSite: Test Cases/mobileWeb/_include/openWebSite

2019-12-02 02:36:16 - [TEST_STEP][PASSED] - openBrowser(env): Browser is opened with url: 'https://qa.healthinsurance.com/'

2019-12-02 02:36:16 - [MESSAGE][WARNING] - A browser is already opened. Closing browser and opening a new one

2019-12-02 02:36:16 - [MESSAGE][INFO] - Starting 'Chrome' driver

2019-12-02 02:36:16 - [MESSAGE][INFO] - User set preference: ['mobileEmulation', '{deviceName=iPhone 6}']

2019-12-02 02:36:16 - [MESSAGE][INFO] - User set preference: ['args', '[--incognito, --aggressive-cache-discard, --window-size=375,677, --no-sandbox]']

2019-12-02 02:36:19 - [MESSAGE][PASSED] - Browser is opened with url: 'https://qa.healthinsurance.com/'

2019-12-02 02:36:19 - [TEST_STEP][PASSED] - waitForPageLoad(20): Wait for page load successfully

2019-12-02 02:36:19 - [MESSAGE][PASSED] - Wait for page load successfully

2019-12-02 02:36:19 - [TEST_STEP][PASSED] - callTestCase(findTestCase("mobileWeb/_include/get_screenshot"), [:], STOP_ON_FAILURE): Call Test Case 'Test Cases/mobileWeb/_include/get_screenshot' successfully

2019-12-02 02:36:19 - [TEST_CASE][PASSED] - Test Cases/mobileWeb/_include/get_screenshot: Test Cases/mobileWeb/_include/get_screenshot

2019-12-02 02:36:19 - [TEST_STEP][PASSED] - takeScreenshot(screenPath + i + ".png"): Taking screenshot successfully

2019-12-02 02:36:20 - [MESSAGE][PASSED] - Taking screenshot successfully
[[ATTACHMENT|D:\\Test\\AgileTest\\Reports\\HIC\\hic\\20191202_022122\\../Screenshots/iPhone 6/HIC/STM/AdvantHealth/standard/0.png]]

2019-12-02 02:36:20 - [TEST_STEP][PASSED] - (internal.GlobalVariable.i++): null

2019-12-02 02:36:20 - [MESSAGE][PASSED] - Call Test Case 'Test Cases/mobileWeb/_include/get_screenshot' successfully

2019-12-02 02:36:20 - [MESSAGE][PASSED] - Call Test Case 'Test Cases/mobileWeb/_include/openWebSite' successfully

2019-12-02 02:36:20 - [TEST_STEP][PASSED] - click(findTestObject("hic/nav/navButton")): Object: 'Object Repository/hic/nav/navButton' is clicked on

2019-12-02 02:36:20 - [MESSAGE][PASSED] - Object: 'Object Repository/hic/nav/navButton' is clicked on

2019-12-02 02:36:20 - [TEST_STEP][PASSED] - Thread.sleep(2000): null

2019-12-02 02:36:22 - [TEST_STEP][PASSED] - click(findTestObject("hic/nav/stmLink")): Object: 'Object Repository/hic/nav/stmLink' is clicked on

2019-12-02 02:36:22 - [MESSAGE][PASSED] - Object: 'Object Repository/hic/nav/stmLink' is clicked on

2019-12-02 02:36:22 - [TEST_STEP][PASSED] - Thread.sleep(2000): null

2019-12-02 02:36:24 - [TEST_STEP][PASSED] - callTestCase(findTestCase("mobileWeb/_include/get_screenshot"), [:], STOP_ON_FAILURE): Call Test Case 'Test Cases/mobileWeb/_include/get_screenshot' successfully

2019-12-02 02:36:24 - [TEST_CASE][PASSED] - Test Cases/mobileWeb/_include/get_screenshot: Test Cases/mobileWeb/_include/get_screenshot

2019-12-02 02:36:24 - [TEST_STEP][PASSED] - takeScreenshot(screenPath + i + ".png"): Taking screenshot successfully

2019-12-02 02:36:24 - [MESSAGE][PASSED] - Taking screenshot successfully
[[ATTACHMENT|D:\\Test\\AgileTest\\Reports\\HIC\\hic\\20191202_022122\\../Screenshots/iPhone 6/HIC/STM/AdvantHealth/standard/1.png]]

2019-12-02 02:36:24 - [TEST_STEP][PASSED] - (internal.GlobalVariable.i++): null

2019-12-02 02:36:24 - [MESSAGE][PASSED] - Call Test Case 'Test Cases/mobileWeb/_include/get_screenshot' successfully

2019-12-02 02:36:24 - [TEST_STEP][PASSED] - callTestCase(findTestCase("HIC/_include/stm_census"), ["zipcode":"35215"], STOP_ON_FAILURE): Call Test Case 'Test Cases/HIC/_include/stm_census' successfully

2019-12-02 02:36:24 - [TEST_CASE][PASSED] - Test Cases/HIC/_include/stm_census: Test Cases/HIC/_include/stm_census

2019-12-02 02:36:24 - [TEST_STEP][PASSED] - setText(findTestObject("hic/stm/zip"), zipcode): Text '35215' is set on object 'Object Repository/hic/stm/zip'

2019-12-02 02:36:25 - [MESSAGE][PASSED] - Text '35215' is set on object 'Object Repository/hic/stm/zip'

2019-12-02 02:36:25 - [TEST_STEP][PASSED] - Thread.sleep(500): null

2019-12-02 02:36:25 - [TEST_STEP][PASSED] - setText(findTestObject("hic/stm/primaryDOB"), "03031987"): Text '03031987' is set on object 'Object Repository/hic/stm/primaryDOB'

2019-12-02 02:36:25 - [MESSAGE][PASSED] - Text '03031987' is set on object 'Object Repository/hic/stm/primaryDOB'

2019-12-02 02:36:25 - [TEST_STEP][PASSED] - click(findTestObject("hic/stm/female")): Object: 'Object Repository/hic/stm/female' is clicked on

2019-12-02 02:36:25 - [MESSAGE][PASSED] - Object: 'Object Repository/hic/stm/female' is clicked on

2019-12-02 02:36:25 - [TEST_STEP][PASSED] - Thread.sleep(3000): null

2019-12-02 02:36:28 - [TEST_STEP][PASSED] - click(findTestObject("hic/stm/submitButton")): Object: 'Object Repository/hic/stm/submitButton' is clicked on

2019-12-02 02:36:30 - [MESSAGE][PASSED] - Object: 'Object Repository/hic/stm/submitButton' is clicked on

2019-12-02 02:36:30 - [TEST_STEP][PASSED] - Thread.sleep(6000): null

2019-12-02 02:36:36 - [TEST_STEP][PASSED] - callTestCase(findTestCase("mobileWeb/_include/get_screenshot"), [:], STOP_ON_FAILURE): Call Test Case 'Test Cases/mobileWeb/_include/get_screenshot' successfully

2019-12-02 02:36:36 - [TEST_CASE][PASSED] - Test Cases/mobileWeb/_include/get_screenshot: Test Cases/mobileWeb/_include/get_screenshot

2019-12-02 02:36:36 - [TEST_STEP][PASSED] - takeScreenshot(screenPath + i + ".png"): Taking screenshot successfully

2019-12-02 02:36:36 - [MESSAGE][PASSED] - Taking screenshot successfully
[[ATTACHMENT|D:\\Test\\AgileTest\\Reports\\HIC\\hic\\20191202_022122\\../Screenshots/iPhone 6/HIC/STM/AdvantHealth/standard/2.png]]

2019-12-02 02:36:36 - [TEST_STEP][PASSED] - (internal.GlobalVariable.i++): null

2019-12-02 02:36:36 - [MESSAGE][PASSED] - Call Test Case 'Test Cases/mobileWeb/_include/get_screenshot' successfully

2019-12-02 02:36:36 - [TEST_STEP][PASSED] - Thread.sleep(1000): null

2019-12-02 02:36:37 - [MESSAGE][PASSED] - Call Test Case 'Test Cases/HIC/_include/stm_census' successfully

2019-12-02 02:36:37 - [TEST_STEP][PASSED] - callTestCase(findTestCase("mobileWeb/_include/filter_stm"), ["carrier":"advanthealth"], STOP_ON_FAILURE): Call Test Case 'Test Cases/mobileWeb/_include/filter_stm' successfully

2019-12-02 02:36:37 - [TEST_CASE][PASSED] - Test Cases/mobileWeb/_include/filter_stm: Test Cases/mobileWeb/_include/filter_stm

2019-12-02 02:36:37 - [TEST_STEP][PASSED] - driver = getWebDriver(): null

2019-12-02 02:36:37 - [TEST_STEP][PASSED] - selenium = new com.thoughtworks.selenium.webdriven.WebDriverBackedSelenium(driver, internal.GlobalVariable.ENV): null

2019-12-02 02:36:38 - [TEST_STEP][PASSED] - Thread.sleep(1000): null

2019-12-02 02:36:39 - [TEST_STEP][PASSED] - click(findTestObject("mobileSanity/STM/STM Quote Page/button_filters")): Object: 'Object Repository/mobileSanity/STM/STM Quote Page/button_filters' is clicked on

2019-12-02 02:36:39 - [MESSAGE][PASSED] - Object: 'Object Repository/mobileSanity/STM/STM Quote Page/button_filters' is clicked on

2019-12-02 02:36:39 - [TEST_STEP][PASSED] - Thread.sleep(1000): null

2019-12-02 02:36:40 - [TEST_STEP][PASSED] - click(findTestObject("mobileSanity/STM/STM Quote Page/i_Insurance company")): Object: 'Object Repository/mobileSanity/STM/STM Quote Page/i_Insurance company' is clicked on

2019-12-02 02:36:40 - [MESSAGE][PASSED] - Object: 'Object Repository/mobileSanity/STM/STM Quote Page/i_Insurance company' is clicked on

2019-12-02 02:36:40 - [TEST_STEP][PASSED] - Thread.sleep(1000): null

2019-12-02 02:36:41 - [TEST_STEP][PASSED] - filter_carrier = "//input[@name='filter[carrier]' and @value='" + carrier + "']/following::label": null

2019-12-02 02:36:41 - [TEST_STEP][PASSED] - println(filter_carrier): null

2019-12-02 02:36:41 - [TEST_STEP][PASSED] - test.MobileKeywords.clickJS_ByXpath(filter_carrier): test.MobileKeywords.clickJS_ByXpath is PASSED

2019-12-02 02:36:41 - [MESSAGE][PASSED] - Execute JavaScript 'arguments[0].click()' successfully

2019-12-02 02:36:41 - [MESSAGE][PASSED] - test.MobileKeywords.clickJS_ByXpath is PASSED

2019-12-02 02:36:41 - [TEST_STEP][PASSED] - scrollToElement(findTestObject("mobileSanity/STM/STM Quote Page/a_Show Plans"), 1000): Scroll to object 'Object Repository/mobileSanity/STM/STM Quote Page/a_Show Plans' successfully

2019-12-02 02:36:41 - [MESSAGE][PASSED] - Scroll to object 'Object Repository/mobileSanity/STM/STM Quote Page/a_Show Plans' successfully

2019-12-02 02:36:41 - [TEST_STEP][PASSED] - Thread.sleep(2000): null

2019-12-02 02:36:43 - [TEST_STEP][PASSED] - click(findTestObject("mobileSanity/STM/STM Quote Page/a_Show Plans")): Object: 'Object Repository/mobileSanity/STM/STM Quote Page/a_Show Plans' is clicked on

2019-12-02 02:36:44 - [MESSAGE][PASSED] - Object: 'Object Repository/mobileSanity/STM/STM Quote Page/a_Show Plans' is clicked on

2019-12-02 02:36:44 - [TEST_STEP][PASSED] - waitForJQueryLoad(20, STOP_ON_FAILURE): jQuery is ready.

2019-12-02 02:36:44 - [MESSAGE][PASSED] - jQuery is ready.

2019-12-02 02:36:44 - [TEST_STEP][PASSED] - Thread.sleep(2000): null

2019-12-02 02:36:46 - [TEST_STEP][PASSED] - callTestCase(findTestCase("mobileWeb/_include/get_screenshot"), [:], STOP_ON_FAILURE): Call Test Case 'Test Cases/mobileWeb/_include/get_screenshot' successfully

2019-12-02 02:36:46 - [TEST_CASE][PASSED] - Test Cases/mobileWeb/_include/get_screenshot: Test Cases/mobileWeb/_include/get_screenshot

2019-12-02 02:36:46 - [TEST_STEP][PASSED] - takeScreenshot(screenPath + i + ".png"): Taking screenshot successfully

2019-12-02 02:36:46 - [MESSAGE][PASSED] - Taking screenshot successfully
[[ATTACHMENT|D:\\Test\\AgileTest\\Reports\\HIC\\hic\\20191202_022122\\../Screenshots/iPhone 6/HIC/STM/AdvantHealth/standard/3.png]]

2019-12-02 02:36:46 - [TEST_STEP][PASSED] - (internal.GlobalVariable.i++): null

2019-12-02 02:36:46 - [MESSAGE][PASSED] - Call Test Case 'Test Cases/mobileWeb/_include/get_screenshot' successfully

2019-12-02 02:36:46 - [MESSAGE][PASSED] - Call Test Case 'Test Cases/mobileWeb/_include/filter_stm' successfully

2019-12-02 02:36:46 - [TEST_STEP][PASSED] - callTestCase(findTestCase("mobileWeb/_include/goToDetail_stm"), ["carrier":"advanthealth"], STOP_ON_FAILURE): Call Test Case 'Test Cases/mobileWeb/_include/goToDetail_stm' successfully

2019-12-02 02:36:46 - [TEST_CASE][PASSED] - Test Cases/mobileWeb/_include/goToDetail_stm: Test Cases/mobileWeb/_include/goToDetail_stm

2019-12-02 02:36:47 - [TEST_STEP][PASSED] - driver = getWebDriver(): null

2019-12-02 02:36:47 - [TEST_STEP][PASSED] - selenium = new com.thoughtworks.selenium.webdriven.WebDriverBackedSelenium(driver, internal.GlobalVariable.ENV): null

2019-12-02 02:36:47 - [TEST_STEP][PASSED] - a_plan_name = "xpath=//a[contains(@href,'/term-health-insurance/plan/" + carrier + "')]": null

2019-12-02 02:36:47 - [TEST_STEP][PASSED] - println(a_plan_name): null

2019-12-02 02:36:47 - [TEST_STEP][PASSED] - selenium.click(a_plan_name): null

2019-12-02 02:36:48 - [TEST_STEP][PASSED] - waitForPageLoad(20): Wait for page load successfully

2019-12-02 02:36:48 - [MESSAGE][PASSED] - Wait for page load successfully

2019-12-02 02:36:48 - [TEST_STEP][PASSED] - Thread.sleep(2000): null

2019-12-02 02:36:50 - [TEST_STEP][PASSED] - callTestCase(findTestCase("mobileWeb/_include/get_screenshot"), [:], STOP_ON_FAILURE): Call Test Case 'Test Cases/mobileWeb/_include/get_screenshot' successfully

2019-12-02 02:36:50 - [TEST_CASE][PASSED] - Test Cases/mobileWeb/_include/get_screenshot: Test Cases/mobileWeb/_include/get_screenshot

2019-12-02 02:36:50 - [TEST_STEP][PASSED] - takeScreenshot(screenPath + i + ".png"): Taking screenshot successfully

2019-12-02 02:36:50 - [MESSAGE][PASSED] - Taking screenshot successfully
[[ATTACHMENT|D:\\Test\\AgileTest\\Reports\\HIC\\hic\\20191202_022122\\../Screenshots/iPhone 6/HIC/STM/AdvantHealth/standard/4.png]]

2019-12-02 02:36:50 - [TEST_STEP][PASSED] - (internal.GlobalVariable.i++): null

2019-12-02 02:36:50 - [MESSAGE][PASSED] - Call Test Case 'Test Cases/mobileWeb/_include/get_screenshot' successfully

2019-12-02 02:36:50 - [MESSAGE][PASSED] - Call Test Case 'Test Cases/mobileWeb/_include/goToDetail_stm' successfully

2019-12-02 02:36:50 - [TEST_STEP][PASSED] - callTestCase(findTestCase("mobileWeb/_include/apply_stm"), [:], STOP_ON_FAILURE): Call Test Case 'Test Cases/mobileWeb/_include/apply_stm' successfully

2019-12-02 02:36:50 - [TEST_CASE][PASSED] - Test Cases/mobileWeb/_include/apply_stm: Test Cases/mobileWeb/_include/apply_stm

2019-12-02 02:36:50 - [TEST_STEP][PASSED] - waitForElementVisible(findTestObject("mobileSanity/STM/STM PlanDetail Page/a_Apply for This Plan"), 5): Object 'Object Repository/mobileSanity/STM/STM PlanDetail Page/a_Apply for This Plan' is visible

2019-12-02 02:36:50 - [MESSAGE][PASSED] - Object 'Object Repository/mobileSanity/STM/STM PlanDetail Page/a_Apply for This Plan' is visible

2019-12-02 02:36:50 - [TEST_STEP][PASSED] - click(findTestObject("mobileSanity/STM/STM PlanDetail Page/a_Apply for This Plan")): Object: 'Object Repository/mobileSanity/STM/STM PlanDetail Page/a_Apply for This Plan' is clicked on

2019-12-02 02:36:51 - [MESSAGE][PASSED] - Object: 'Object Repository/mobileSanity/STM/STM PlanDetail Page/a_Apply for This Plan' is clicked on

2019-12-02 02:36:51 - [TEST_STEP][PASSED] - waitForPageLoad(10): Wait for page load successfully

2019-12-02 02:36:51 - [MESSAGE][PASSED] - Wait for page load successfully

2019-12-02 02:36:51 - [TEST_STEP][PASSED] - Thread.sleep(2000): null

2019-12-02 02:36:53 - [TEST_STEP][PASSED] - callTestCase(findTestCase("mobileWeb/_include/get_screenshot"), [:], STOP_ON_FAILURE): Call Test Case 'Test Cases/mobileWeb/_include/get_screenshot' successfully

2019-12-02 02:36:53 - [TEST_CASE][PASSED] - Test Cases/mobileWeb/_include/get_screenshot: Test Cases/mobileWeb/_include/get_screenshot

2019-12-02 02:36:53 - [TEST_STEP][PASSED] - takeScreenshot(screenPath + i + ".png"): Taking screenshot successfully

2019-12-02 02:36:53 - [MESSAGE][PASSED] - Taking screenshot successfully
[[ATTACHMENT|D:\\Test\\AgileTest\\Reports\\HIC\\hic\\20191202_022122\\../Screenshots/iPhone 6/HIC/STM/AdvantHealth/standard/5.png]]

2019-12-02 02:36:53 - [TEST_STEP][PASSED] - (internal.GlobalVariable.i++): null

2019-12-02 02:36:53 - [MESSAGE][PASSED] - Call Test Case 'Test Cases/mobileWeb/_include/get_screenshot' successfully

2019-12-02 02:36:53 - [TEST_STEP][PASSED] - waitForElementVisible(findTestObject("mobileSanity/STM/STM Apply Page/a_Start Secure Application"), 5): Object 'Object Repository/mobileSanity/STM/STM Apply Page/a_Start Secure Application' is visible

2019-12-02 02:36:53 - [MESSAGE][PASSED] - Object 'Object Repository/mobileSanity/STM/STM Apply Page/a_Start Secure Application' is visible

2019-12-02 02:36:53 - [TEST_STEP][PASSED] - click(findTestObject("mobileSanity/STM/STM Apply Page/a_Start Secure Application")): Object: 'Object Repository/mobileSanity/STM/STM Apply Page/a_Start Secure Application' is clicked on

2019-12-02 02:36:54 - [MESSAGE][PASSED] - Object: 'Object Repository/mobileSanity/STM/STM Apply Page/a_Start Secure Application' is clicked on

2019-12-02 02:36:54 - [TEST_STEP][PASSED] - waitForPageLoad(20): Wait for page load successfully

2019-12-02 02:36:54 - [MESSAGE][PASSED] - Wait for page load successfully

2019-12-02 02:36:54 - [TEST_STEP][PASSED] - Thread.sleep(2000): null

2019-12-02 02:36:56 - [TEST_STEP][PASSED] - callTestCase(findTestCase("mobileWeb/_include/get_screenshot"), [:], STOP_ON_FAILURE): Call Test Case 'Test Cases/mobileWeb/_include/get_screenshot' successfully

2019-12-02 02:36:56 - [TEST_CASE][PASSED] - Test Cases/mobileWeb/_include/get_screenshot: Test Cases/mobileWeb/_include/get_screenshot

2019-12-02 02:36:56 - [TEST_STEP][PASSED] - takeScreenshot(screenPath + i + ".png"): Taking screenshot successfully

2019-12-02 02:36:56 - [MESSAGE][PASSED] - Taking screenshot successfully
[[ATTACHMENT|D:\\Test\\AgileTest\\Reports\\HIC\\hic\\20191202_022122\\../Screenshots/iPhone 6/HIC/STM/AdvantHealth/standard/6.png]]

2019-12-02 02:36:56 - [TEST_STEP][PASSED] - (internal.GlobalVariable.i++): null

2019-12-02 02:36:56 - [MESSAGE][PASSED] - Call Test Case 'Test Cases/mobileWeb/_include/get_screenshot' successfully

2019-12-02 02:36:56 - [MESSAGE][PASSED] - Call Test Case 'Test Cases/mobileWeb/_include/apply_stm' successfully

2019-12-02 02:36:56 - [TEST_STEP][PASSED] - callTestCase(findTestCase("mobileWeb/_include/goToEnd_stm_autofill"), [:], STOP_ON_FAILURE): Call Test Case 'Test Cases/mobileWeb/_include/goToEnd_stm_autofill' successfully

2019-12-02 02:36:56 - [TEST_CASE][PASSED] - Test Cases/mobileWeb/_include/goToEnd_stm_autofill: Test Cases/mobileWeb/_include/goToEnd_stm_autofill

2019-12-02 02:36:57 - [TEST_STEP][PASSED] - callTestCase(findTestCase("mobileWeb/_include/name"), [:], CONTINUE_ON_FAILURE): Call Test Case 'Test Cases/mobileWeb/_include/name' successfully

2019-12-02 02:36:57 - [TEST_CASE][PASSED] - Test Cases/mobileWeb/_include/name: Test Cases/mobileWeb/_include/name

2019-12-02 02:36:57 - [TEST_STEP][PASSED] - driver = getWebDriver(): null

2019-12-02 02:36:57 - [TEST_STEP][PASSED] - selenium = new com.thoughtworks.selenium.webdriven.WebDriverBackedSelenium(driver, internal.GlobalVariable.ENV): null

2019-12-02 02:36:57 - [TEST_STEP][PASSED] - FirstName = "Test-123": null

2019-12-02 02:36:57 - [TEST_STEP][PASSED] - LastName = selenium.getEval("{var x="ABCDEFGHIJKLMNOPQRSTUVWXYZabcdefghijklmnopqrstuvwxyz"; var tmp="ZZ11-"; for (i=0;i<8;i++) tmp+=x.charAt(Math.ceil(51*Math.random()));tmp;}"): null

2019-12-02 02:36:57 - [TEST_STEP][PASSED] - Address = selenium.getEval("{var x="ABCDEFGHIJKLMNOPQRSTUVWXYZabcdefghijklmnopqrstuvwxyz"; var tmp=""; for (i=0;i<8;i++) tmp+=x.charAt(Math.ceil(51*Math.random()));tmp;}"): null

2019-12-02 02:36:57 - [TEST_STEP][PASSED] - City = selenium.getEval("{var x="ABCDEFGHIJKLMNOPQRSTUVWXYZabcdefghijklmnopqrstuvwxyz"; var tmp=""; for (i=0;i<8;i++) tmp+=x.charAt(Math.ceil(51*Math.random()));tmp;}"): null

2019-12-02 02:36:57 - [TEST_STEP][PASSED] - tel1 = selenium.getEval("{var x="123456789"; var tmp=""; for (i=0;i<3;i++) tmp+=x.charAt(Math.ceil(8*Math.random()));tmp;}"): null

2019-12-02 02:36:57 - [TEST_STEP][PASSED] - tel2 = selenium.getEval("{var x="123456789"; var tmp=""; for (i=0;i<3;i++) tmp+=x.charAt(Math.ceil(8*Math.random()));tmp;}"): null

2019-12-02 02:36:57 - [TEST_STEP][PASSED] - tel3 = selenium.getEval("{var x="123456789"; var tmp=""; for (i=0;i<4;i++) tmp+=x.charAt(Math.ceil(8*Math.random()));tmp;}"): null

2019-12-02 02:36:57 - [TEST_STEP][PASSED] - Tel = selenium.getExpression(tel1 + "-" + tel2 + "-" + tel3): null

2019-12-02 02:36:57 - [TEST_STEP][PASSED] - AutoEmail = selenium.getEval("{var x="ABCDEFGHIJKLMNOPQRSTUVWXYZabcdefghijklmnopqrstuvwxyz"; var tmp="test."; for (i=0;i<8;i++) tmp+=x.charAt(Math.ceil(51*Math.random()));tmp+="@suryani.cn";}"): null

2019-12-02 02:36:57 - [TEST_STEP][PASSED] - FirstName = FirstName: null

2019-12-02 02:36:57 - [TEST_STEP][PASSED] - LastName = LastName: null

2019-12-02 02:36:57 - [TEST_STEP][PASSED] - Address = Address: null

2019-12-02 02:36:57 - [TEST_STEP][PASSED] - City = City: null

2019-12-02 02:36:57 - [TEST_STEP][PASSED] - Tel = Tel: null

2019-12-02 02:36:57 - [TEST_STEP][PASSED] - AutoEmail = AutoEmail: null

2019-12-02 02:36:57 - [TEST_STEP][PASSED] - println(FirstName): null

2019-12-02 02:36:57 - [TEST_STEP][PASSED] - println(LastName): null

2019-12-02 02:36:57 - [TEST_STEP][PASSED] - println(Address): null

2019-12-02 02:36:57 - [TEST_STEP][PASSED] - println(City): null

2019-12-02 02:36:57 - [TEST_STEP][PASSED] - println(Tel): null

2019-12-02 02:36:57 - [TEST_STEP][PASSED] - println(AutoEmail): null

2019-12-02 02:36:57 - [MESSAGE][PASSED] - Call Test Case 'Test Cases/mobileWeb/_include/name' successfully

2019-12-02 02:36:57 - [TEST_STEP][PASSED] - try: Call Test Case 'Test Cases/mobileWeb/_include/get_screenshot' successfully

2019-12-02 02:36:57 - [TEST_STEP][PASSED] - if (verifyTextPresent("Month Duration Acknowledgement", false)): Call Test Case 'Test Cases/mobileWeb/_include/get_screenshot' successfully

2019-12-02 02:36:57 - [MESSAGE][PASSED] - Text 'Month Duration Acknowledgement' is present on page 

2019-12-02 02:36:57 - [TEST_STEP][PASSED] - click(findTestObject("mobileSanity/STM/Page_App Page 1/label_By checking this box I u")): Object: 'Object Repository/mobileSanity/STM/Page_App Page 1/label_By checking this box I u' is clicked on

2019-12-02 02:36:57 - [MESSAGE][PASSED] - Object: 'Object Repository/mobileSanity/STM/Page_App Page 1/label_By checking this box I u' is clicked on

2019-12-02 02:36:57 - [TEST_STEP][PASSED] - click(findTestObject("mobileSanity/STM/Page_App Page 1/button_Continue to Application")): Object: 'Object Repository/mobileSanity/STM/Page_App Page 1/button_Continue to Application' is clicked on

2019-12-02 02:36:57 - [MESSAGE][PASSED] - Object: 'Object Repository/mobileSanity/STM/Page_App Page 1/button_Continue to Application' is clicked on

2019-12-02 02:36:57 - [TEST_STEP][PASSED] - waitForPageLoad(20): Wait for page load successfully

2019-12-02 02:36:57 - [MESSAGE][PASSED] - Wait for page load successfully

2019-12-02 02:36:57 - [TEST_STEP][PASSED] - Thread.sleep(5000): null

2019-12-02 02:37:02 - [TEST_STEP][PASSED] - callTestCase(findTestCase("mobileWeb/_include/get_screenshot"), [:], STOP_ON_FAILURE): Call Test Case 'Test Cases/mobileWeb/_include/get_screenshot' successfully

2019-12-02 02:37:02 - [TEST_CASE][PASSED] - Test Cases/mobileWeb/_include/get_screenshot: Test Cases/mobileWeb/_include/get_screenshot

2019-12-02 02:37:02 - [TEST_STEP][PASSED] - takeScreenshot(screenPath + i + ".png"): Taking screenshot successfully

2019-12-02 02:37:03 - [MESSAGE][PASSED] - Taking screenshot successfully
[[ATTACHMENT|D:\\Test\\AgileTest\\Reports\\HIC\\hic\\20191202_022122\\../Screenshots/iPhone 6/HIC/STM/AdvantHealth/standard/7.png]]

2019-12-02 02:37:03 - [TEST_STEP][PASSED] - (internal.GlobalVariable.i++): null

2019-12-02 02:37:03 - [MESSAGE][PASSED] - Call Test Case 'Test Cases/mobileWeb/_include/get_screenshot' successfully

2019-12-02 02:37:03 - [TEST_STEP][PASSED] - waitForPageLoad(10): Wait for page load successfully

2019-12-02 02:37:03 - [MESSAGE][PASSED] - Wait for page load successfully

2019-12-02 02:37:03 - [TEST_STEP][PASSED] - Thread.sleep(3000): null

2019-12-02 02:37:06 - [TEST_STEP][PASSED] - waitForElementVisible(findTestObject("mobileSanity/STM/Page_App Page 1/a_Autofill App Info"), 20): Object 'Object Repository/mobileSanity/STM/Page_App Page 1/a_Autofill App Info' is visible

2019-12-02 02:37:06 - [MESSAGE][PASSED] - Object 'Object Repository/mobileSanity/STM/Page_App Page 1/a_Autofill App Info' is visible

2019-12-02 02:37:06 - [TEST_STEP][PASSED] - click(findTestObject("mobileSanity/STM/Page_App Page 1/a_Autofill App Info")): Object: 'Object Repository/mobileSanity/STM/Page_App Page 1/a_Autofill App Info' is clicked on

2019-12-02 02:37:06 - [MESSAGE][PASSED] - Object: 'Object Repository/mobileSanity/STM/Page_App Page 1/a_Autofill App Info' is clicked on

2019-12-02 02:37:06 - [TEST_STEP][PASSED] - Thread.sleep(1000): null

2019-12-02 02:37:07 - [TEST_STEP][PASSED] - click(findTestObject("mobileSanity/STM/Page_App Page 1/a_Autofill App Info")): Object: 'Object Repository/mobileSanity/STM/Page_App Page 1/a_Autofill App Info' is clicked on

2019-12-02 02:37:07 - [MESSAGE][PASSED] - Object: 'Object Repository/mobileSanity/STM/Page_App Page 1/a_Autofill App Info' is clicked on

2019-12-02 02:37:07 - [TEST_STEP][PASSED] - Thread.sleep(1000): null

2019-12-02 02:37:08 - [TEST_STEP][PASSED] - waitForElementVisible(findTestObject("mobileSanity/STM/Page_App Page 1/a_Continue"), 20): Object 'Object Repository/mobileSanity/STM/Page_App Page 1/a_Continue' is visible

2019-12-02 02:37:08 - [MESSAGE][PASSED] - Object 'Object Repository/mobileSanity/STM/Page_App Page 1/a_Continue' is visible

2019-12-02 02:37:08 - [TEST_STEP][PASSED] - click(findTestObject("mobileSanity/STM/Page_App Page 1/a_Continue")): Object: 'Object Repository/mobileSanity/STM/Page_App Page 1/a_Continue' is clicked on

2019-12-02 02:37:08 - [MESSAGE][PASSED] - Object: 'Object Repository/mobileSanity/STM/Page_App Page 1/a_Continue' is clicked on

2019-12-02 02:37:08 - [TEST_STEP][PASSED] - waitForPageLoad(20): Wait for page load successfully

2019-12-02 02:37:08 - [MESSAGE][PASSED] - Wait for page load successfully

2019-12-02 02:37:08 - [TEST_STEP][PASSED] - Thread.sleep(5000): null

2019-12-02 02:37:13 - [TEST_STEP][PASSED] - callTestCase(findTestCase("mobileWeb/_include/get_screenshot"), [:], STOP_ON_FAILURE): Call Test Case 'Test Cases/mobileWeb/_include/get_screenshot' successfully

2019-12-02 02:37:13 - [TEST_CASE][PASSED] - Test Cases/mobileWeb/_include/get_screenshot: Test Cases/mobileWeb/_include/get_screenshot

2019-12-02 02:37:13 - [TEST_STEP][PASSED] - takeScreenshot(screenPath + i + ".png"): Taking screenshot successfully

2019-12-02 02:37:14 - [MESSAGE][PASSED] - Taking screenshot successfully
[[ATTACHMENT|D:\\Test\\AgileTest\\Reports\\HIC\\hic\\20191202_022122\\../Screenshots/iPhone 6/HIC/STM/AdvantHealth/standard/8.png]]

2019-12-02 02:37:14 - [TEST_STEP][PASSED] - (internal.GlobalVariable.i++): null

2019-12-02 02:37:14 - [MESSAGE][PASSED] - Call Test Case 'Test Cases/mobileWeb/_include/get_screenshot' successfully

2019-12-02 02:37:14 - [TEST_STEP][PASSED] - click(findTestObject("mobileSanity/STM/Page_App Page 2/a_Continue to Step 3 - Payment")): Object: 'Object Repository/mobileSanity/STM/Page_App Page 2/a_Continue to Step 3 - Payment' is clicked on

2019-12-02 02:37:14 - [MESSAGE][PASSED] - Object: 'Object Repository/mobileSanity/STM/Page_App Page 2/a_Continue to Step 3 - Payment' is clicked on

2019-12-02 02:37:14 - [TEST_STEP][PASSED] - waitForPageLoad(20): Wait for page load successfully

2019-12-02 02:37:14 - [MESSAGE][PASSED] - Wait for page load successfully

2019-12-02 02:37:14 - [TEST_STEP][PASSED] - waitForElementVisible(findTestObject("mobileSanity/STM/Page_App Page 3/input__credit-card-cvv"), 20): Object 'Object Repository/mobileSanity/STM/Page_App Page 3/input__credit-card-cvv' is visible

2019-12-02 02:37:14 - [MESSAGE][PASSED] - Object 'Object Repository/mobileSanity/STM/Page_App Page 3/input__credit-card-cvv' is visible

2019-12-02 02:37:14 - [TEST_STEP][PASSED] - Thread.sleep(2000): null

2019-12-02 02:37:16 - [TEST_STEP][PASSED] - callTestCase(findTestCase("mobileWeb/_include/get_screenshot"), [:], STOP_ON_FAILURE): Call Test Case 'Test Cases/mobileWeb/_include/get_screenshot' successfully

2019-12-02 02:37:16 - [TEST_CASE][PASSED] - Test Cases/mobileWeb/_include/get_screenshot: Test Cases/mobileWeb/_include/get_screenshot

2019-12-02 02:37:16 - [TEST_STEP][PASSED] - takeScreenshot(screenPath + i + ".png"): Taking screenshot successfully

2019-12-02 02:37:17 - [MESSAGE][PASSED] - Taking screenshot successfully
[[ATTACHMENT|D:\\Test\\AgileTest\\Reports\\HIC\\hic\\20191202_022122\\../Screenshots/iPhone 6/HIC/STM/AdvantHealth/standard/9.png]]

2019-12-02 02:37:17 - [TEST_STEP][PASSED] - (internal.GlobalVariable.i++): null

2019-12-02 02:37:17 - [MESSAGE][PASSED] - Call Test Case 'Test Cases/mobileWeb/_include/get_screenshot' successfully

2019-12-02 02:37:17 - [TEST_STEP][PASSED] - clearText(findTestObject("mobileSanity/STM/Page_App Page 3/input__credit-card-cvv")): Text of object 'Object Repository/mobileSanity/STM/Page_App Page 3/input__credit-card-cvv' is cleared

2019-12-02 02:37:17 - [MESSAGE][PASSED] - Text of object 'Object Repository/mobileSanity/STM/Page_App Page 3/input__credit-card-cvv' is cleared

2019-12-02 02:37:17 - [TEST_STEP][PASSED] - setText(findTestObject("mobileSanity/STM/Page_App Page 3/input__credit-card-cvv"), "123"): Text '123' is set on object 'Object Repository/mobileSanity/STM/Page_App Page 3/input__credit-card-cvv'

2019-12-02 02:37:17 - [MESSAGE][PASSED] - Text '123' is set on object 'Object Repository/mobileSanity/STM/Page_App Page 3/input__credit-card-cvv'

2019-12-02 02:37:17 - [TEST_STEP][PASSED] - click(findTestObject("mobileSanity/STM/Page_App Page 3/label_I Accept Authorization f")): Object: 'Object Repository/mobileSanity/STM/Page_App Page 3/label_I Accept Authorization f' is clicked on

2019-12-02 02:37:17 - [MESSAGE][PASSED] - Object: 'Object Repository/mobileSanity/STM/Page_App Page 3/label_I Accept Authorization f' is clicked on

2019-12-02 02:37:17 - [TEST_STEP][PASSED] - click(findTestObject("mobileSanity/STM/Page_App Page 3/a_Continue to Step 4 - Review")): Object: 'Object Repository/mobileSanity/STM/Page_App Page 3/a_Continue to Step 4 - Review' is clicked on

2019-12-02 02:37:17 - [MESSAGE][PASSED] - Object: 'Object Repository/mobileSanity/STM/Page_App Page 3/a_Continue to Step 4 - Review' is clicked on

2019-12-02 02:37:17 - [TEST_STEP][PASSED] - waitForPageLoad(10): Wait for page load successfully

2019-12-02 02:37:17 - [MESSAGE][PASSED] - Wait for page load successfully

2019-12-02 02:37:17 - [TEST_STEP][PASSED] - waitForElementClickable(findTestObject("mobileSanity/STM/Page_App Page 4/label"), 10): Object 'Object Repository/mobileSanity/STM/Page_App Page 4/label' is clickable

2019-12-02 02:37:18 - [MESSAGE][PASSED] - Object 'Object Repository/mobileSanity/STM/Page_App Page 4/label' is clickable

2019-12-02 02:37:18 - [TEST_STEP][PASSED] - Thread.sleep(2000): null

2019-12-02 02:37:20 - [TEST_STEP][PASSED] - callTestCase(findTestCase("mobileWeb/_include/get_screenshot"), [:], STOP_ON_FAILURE): Call Test Case 'Test Cases/mobileWeb/_include/get_screenshot' successfully

2019-12-02 02:37:20 - [TEST_CASE][PASSED] - Test Cases/mobileWeb/_include/get_screenshot: Test Cases/mobileWeb/_include/get_screenshot

2019-12-02 02:37:20 - [TEST_STEP][PASSED] - takeScreenshot(screenPath + i + ".png"): Taking screenshot successfully

2019-12-02 02:37:20 - [MESSAGE][PASSED] - Taking screenshot successfully
[[ATTACHMENT|D:\\Test\\AgileTest\\Reports\\HIC\\hic\\20191202_022122\\../Screenshots/iPhone 6/HIC/STM/AdvantHealth/standard/10.png]]

2019-12-02 02:37:20 - [TEST_STEP][PASSED] - (internal.GlobalVariable.i++): null

2019-12-02 02:37:20 - [MESSAGE][PASSED] - Call Test Case 'Test Cases/mobileWeb/_include/get_screenshot' successfully

2019-12-02 02:37:20 - [TEST_STEP][PASSED] - click(findTestObject("mobileSanity/STM/Page_App Page 4/label")): Object: 'Object Repository/mobileSanity/STM/Page_App Page 4/label' is clicked on

2019-12-02 02:37:20 - [MESSAGE][PASSED] - Object: 'Object Repository/mobileSanity/STM/Page_App Page 4/label' is clicked on

2019-12-02 02:37:20 - [TEST_STEP][PASSED] - click(findTestObject("mobileSanity/STM/Page_App Page 4/div_CLICK TO SIGN")): Object: 'Object Repository/mobileSanity/STM/Page_App Page 4/div_CLICK TO SIGN' is clicked on

2019-12-02 02:37:20 - [MESSAGE][PASSED] - Object: 'Object Repository/mobileSanity/STM/Page_App Page 4/div_CLICK TO SIGN' is clicked on

2019-12-02 02:37:20 - [TEST_STEP][PASSED] - click(findTestObject("mobileSanity/STM/Page_App Page 4/a_Submit Your Application")): Object: 'Object Repository/mobileSanity/STM/Page_App Page 4/a_Submit Your Application' is clicked on

2019-12-02 02:37:21 - [MESSAGE][PASSED] - Object: 'Object Repository/mobileSanity/STM/Page_App Page 4/a_Submit Your Application' is clicked on

2019-12-02 02:37:21 - [TEST_STEP][PASSED] - Thread.sleep(30000): null

2019-12-02 02:37:51 - [TEST_STEP][PASSED] - waitForElementPresent(findTestObject("mobileSanity/STM/Page_App Page 6/app-page-wrapper"), 20): Object 'Object Repository/mobileSanity/STM/Page_App Page 6/app-page-wrapper' is not present after 20 second(s)

2019-12-02 02:38:11 - [MESSAGE][INFO] - Unable to find the element located by 'By.xpath: //div[@id='app-page-wrapper' and @data-page='confirmation']'. Please recheck the objects properties to make sure the desired element is located. 

2019-12-02 02:38:11 - [MESSAGE][WARNING] - Object 'Object Repository/mobileSanity/STM/Page_App Page 6/app-page-wrapper' is not present after 20 second(s)

2019-12-02 02:38:11 - [TEST_STEP][PASSED] - callTestCase(findTestCase("mobileWeb/_include/get_screenshot"), [:], STOP_ON_FAILURE): Call Test Case 'Test Cases/mobileWeb/_include/get_screenshot' successfully

2019-12-02 02:38:11 - [TEST_CASE][PASSED] - Test Cases/mobileWeb/_include/get_screenshot: Test Cases/mobileWeb/_include/get_screenshot

2019-12-02 02:38:11 - [TEST_STEP][PASSED] - takeScreenshot(screenPath + i + ".png"): Taking screenshot successfully

2019-12-02 02:38:12 - [MESSAGE][PASSED] - Taking screenshot successfully
[[ATTACHMENT|D:\\Test\\AgileTest\\Reports\\HIC\\hic\\20191202_022122\\../Screenshots/iPhone 6/HIC/STM/AdvantHealth/standard/11.png]]

2019-12-02 02:38:12 - [TEST_STEP][PASSED] - (internal.GlobalVariable.i++): null

2019-12-02 02:38:12 - [MESSAGE][PASSED] - Call Test Case 'Test Cases/mobileWeb/_include/get_screenshot' successfully

2019-12-02 02:38:12 - [MESSAGE][PASSED] - Call Test Case 'Test Cases/mobileWeb/_include/goToEnd_stm_autofill' successfully]]></system-out>
         <system-err><![CDATA[]]></system-err>
      </testcase>
      <testcase name="Test Cases/HIC/STM/Aspen" classname="Test Cases/HIC/STM/Aspen" status="PASSED">
         <system-out><![CDATA[2019-12-02 02:38:12 - [TEST_CASE][PASSED] - Test Cases/HIC/STM/Aspen: Test Cases/HIC/STM/Aspen

2019-12-02 02:38:12 - [TEST_STEP][PASSED] - callTestCase(findTestCase("HIC/_include/get_hicScreenPath"), ["project":"HIC", "productLine":"STM", "carrierName":"Aspen"], CONTINUE_ON_FAILURE): Call Test Case 'Test Cases/HIC/_include/get_hicScreenPath' successfully

2019-12-02 02:38:12 - [TEST_CASE][PASSED] - Test Cases/HIC/_include/get_hicScreenPath: Test Cases/HIC/_include/get_hicScreenPath

2019-12-02 02:38:12 - [TEST_STEP][PASSED] - m = getExecutionProperties(): null

2019-12-02 02:38:12 - [TEST_STEP][PASSED] - deviceName = get("mobileEmulation").get("deviceName"): null

2019-12-02 02:38:12 - [TEST_STEP][PASSED] - println(deviceName): null

2019-12-02 02:38:12 - [TEST_STEP][PASSED] - now = new java.util.Date(): null

2019-12-02 02:38:12 - [TEST_STEP][PASSED] - mydate = now.format("yyyyMMdd_HHmmss"): null

2019-12-02 02:38:12 - [TEST_STEP][PASSED] - screenPath = "../Screenshots/": null

2019-12-02 02:38:12 - [TEST_STEP][PASSED] - screenPath = screenPath + deviceName + "/" + project + "/" + productLine + "/" + carrierName + "/" + "standard" + "/": null

2019-12-02 02:38:12 - [TEST_STEP][PASSED] - println(screenPath): null

2019-12-02 02:38:12 - [MESSAGE][PASSED] - Call Test Case 'Test Cases/HIC/_include/get_hicScreenPath' successfully

2019-12-02 02:38:12 - [TEST_STEP][PASSED] - i = 0: null

2019-12-02 02:38:12 - [TEST_STEP][PASSED] - callTestCase(findTestCase("mobileWeb/_include/openWebSite"), ["env":"https://qa.healthinsurance.com/"], CONTINUE_ON_FAILURE): Call Test Case 'Test Cases/mobileWeb/_include/openWebSite' successfully

2019-12-02 02:38:12 - [TEST_CASE][PASSED] - Test Cases/mobileWeb/_include/openWebSite: Test Cases/mobileWeb/_include/openWebSite

2019-12-02 02:38:12 - [TEST_STEP][PASSED] - openBrowser(env): Browser is opened with url: 'https://qa.healthinsurance.com/'

2019-12-02 02:38:12 - [MESSAGE][WARNING] - A browser is already opened. Closing browser and opening a new one

2019-12-02 02:38:14 - [MESSAGE][INFO] - Starting 'Chrome' driver

2019-12-02 02:38:14 - [MESSAGE][INFO] - User set preference: ['mobileEmulation', '{deviceName=iPhone 6}']

2019-12-02 02:38:14 - [MESSAGE][INFO] - User set preference: ['args', '[--incognito, --aggressive-cache-discard, --window-size=375,677, --no-sandbox]']

2019-12-02 02:38:16 - [MESSAGE][PASSED] - Browser is opened with url: 'https://qa.healthinsurance.com/'

2019-12-02 02:38:16 - [TEST_STEP][PASSED] - waitForPageLoad(20): Wait for page load successfully

2019-12-02 02:38:16 - [MESSAGE][PASSED] - Wait for page load successfully

2019-12-02 02:38:16 - [TEST_STEP][PASSED] - callTestCase(findTestCase("mobileWeb/_include/get_screenshot"), [:], STOP_ON_FAILURE): Call Test Case 'Test Cases/mobileWeb/_include/get_screenshot' successfully

2019-12-02 02:38:16 - [TEST_CASE][PASSED] - Test Cases/mobileWeb/_include/get_screenshot: Test Cases/mobileWeb/_include/get_screenshot

2019-12-02 02:38:16 - [TEST_STEP][PASSED] - takeScreenshot(screenPath + i + ".png"): Taking screenshot successfully

2019-12-02 02:38:16 - [MESSAGE][PASSED] - Taking screenshot successfully
[[ATTACHMENT|D:\\Test\\AgileTest\\Reports\\HIC\\hic\\20191202_022122\\../Screenshots/iPhone 6/HIC/STM/Aspen/standard/0.png]]

2019-12-02 02:38:16 - [TEST_STEP][PASSED] - (internal.GlobalVariable.i++): null

2019-12-02 02:38:16 - [MESSAGE][PASSED] - Call Test Case 'Test Cases/mobileWeb/_include/get_screenshot' successfully

2019-12-02 02:38:16 - [MESSAGE][PASSED] - Call Test Case 'Test Cases/mobileWeb/_include/openWebSite' successfully

2019-12-02 02:38:16 - [TEST_STEP][PASSED] - click(findTestObject("hic/nav/navButton")): Object: 'Object Repository/hic/nav/navButton' is clicked on

2019-12-02 02:38:16 - [MESSAGE][PASSED] - Object: 'Object Repository/hic/nav/navButton' is clicked on

2019-12-02 02:38:16 - [TEST_STEP][PASSED] - Thread.sleep(2000): null

2019-12-02 02:38:18 - [TEST_STEP][PASSED] - click(findTestObject("hic/nav/stmLink")): Object: 'Object Repository/hic/nav/stmLink' is clicked on

2019-12-02 02:38:19 - [MESSAGE][PASSED] - Object: 'Object Repository/hic/nav/stmLink' is clicked on

2019-12-02 02:38:19 - [TEST_STEP][PASSED] - Thread.sleep(2000): null

2019-12-02 02:38:21 - [TEST_STEP][PASSED] - callTestCase(findTestCase("mobileWeb/_include/get_screenshot"), [:], STOP_ON_FAILURE): Call Test Case 'Test Cases/mobileWeb/_include/get_screenshot' successfully

2019-12-02 02:38:21 - [TEST_CASE][PASSED] - Test Cases/mobileWeb/_include/get_screenshot: Test Cases/mobileWeb/_include/get_screenshot

2019-12-02 02:38:21 - [TEST_STEP][PASSED] - takeScreenshot(screenPath + i + ".png"): Taking screenshot successfully

2019-12-02 02:38:21 - [MESSAGE][PASSED] - Taking screenshot successfully
[[ATTACHMENT|D:\\Test\\AgileTest\\Reports\\HIC\\hic\\20191202_022122\\../Screenshots/iPhone 6/HIC/STM/Aspen/standard/1.png]]

2019-12-02 02:38:21 - [TEST_STEP][PASSED] - (internal.GlobalVariable.i++): null

2019-12-02 02:38:21 - [MESSAGE][PASSED] - Call Test Case 'Test Cases/mobileWeb/_include/get_screenshot' successfully

2019-12-02 02:38:21 - [TEST_STEP][PASSED] - callTestCase(findTestCase("HIC/_include/stm_census"), ["zipcode":"60602"], STOP_ON_FAILURE): Call Test Case 'Test Cases/HIC/_include/stm_census' successfully

2019-12-02 02:38:21 - [TEST_CASE][PASSED] - Test Cases/HIC/_include/stm_census: Test Cases/HIC/_include/stm_census

2019-12-02 02:38:21 - [TEST_STEP][PASSED] - setText(findTestObject("hic/stm/zip"), zipcode): Text '60602' is set on object 'Object Repository/hic/stm/zip'

2019-12-02 02:38:22 - [MESSAGE][PASSED] - Text '60602' is set on object 'Object Repository/hic/stm/zip'

2019-12-02 02:38:22 - [TEST_STEP][PASSED] - Thread.sleep(500): null

2019-12-02 02:38:22 - [TEST_STEP][PASSED] - setText(findTestObject("hic/stm/primaryDOB"), "03031987"): Text '03031987' is set on object 'Object Repository/hic/stm/primaryDOB'

2019-12-02 02:38:23 - [MESSAGE][PASSED] - Text '03031987' is set on object 'Object Repository/hic/stm/primaryDOB'

2019-12-02 02:38:23 - [TEST_STEP][PASSED] - click(findTestObject("hic/stm/female")): Object: 'Object Repository/hic/stm/female' is clicked on

2019-12-02 02:38:24 - [MESSAGE][PASSED] - Object: 'Object Repository/hic/stm/female' is clicked on

2019-12-02 02:38:24 - [TEST_STEP][PASSED] - Thread.sleep(3000): null

2019-12-02 02:38:27 - [TEST_STEP][PASSED] - click(findTestObject("hic/stm/submitButton")): Object: 'Object Repository/hic/stm/submitButton' is clicked on

2019-12-02 02:38:28 - [MESSAGE][PASSED] - Object: 'Object Repository/hic/stm/submitButton' is clicked on

2019-12-02 02:38:28 - [TEST_STEP][PASSED] - Thread.sleep(6000): null

2019-12-02 02:38:34 - [TEST_STEP][PASSED] - callTestCase(findTestCase("mobileWeb/_include/get_screenshot"), [:], STOP_ON_FAILURE): Call Test Case 'Test Cases/mobileWeb/_include/get_screenshot' successfully

2019-12-02 02:38:34 - [TEST_CASE][PASSED] - Test Cases/mobileWeb/_include/get_screenshot: Test Cases/mobileWeb/_include/get_screenshot

2019-12-02 02:38:34 - [TEST_STEP][PASSED] - takeScreenshot(screenPath + i + ".png"): Taking screenshot successfully

2019-12-02 02:38:34 - [MESSAGE][PASSED] - Taking screenshot successfully
[[ATTACHMENT|D:\\Test\\AgileTest\\Reports\\HIC\\hic\\20191202_022122\\../Screenshots/iPhone 6/HIC/STM/Aspen/standard/2.png]]

2019-12-02 02:38:34 - [TEST_STEP][PASSED] - (internal.GlobalVariable.i++): null

2019-12-02 02:38:34 - [MESSAGE][PASSED] - Call Test Case 'Test Cases/mobileWeb/_include/get_screenshot' successfully

2019-12-02 02:38:34 - [TEST_STEP][PASSED] - Thread.sleep(1000): null

2019-12-02 02:38:35 - [MESSAGE][PASSED] - Call Test Case 'Test Cases/HIC/_include/stm_census' successfully

2019-12-02 02:38:35 - [TEST_STEP][PASSED] - callTestCase(findTestCase("mobileWeb/_include/filter_stm"), ["carrier":"aspen"], STOP_ON_FAILURE): Call Test Case 'Test Cases/mobileWeb/_include/filter_stm' successfully

2019-12-02 02:38:36 - [TEST_CASE][PASSED] - Test Cases/mobileWeb/_include/filter_stm: Test Cases/mobileWeb/_include/filter_stm

2019-12-02 02:38:36 - [TEST_STEP][PASSED] - driver = getWebDriver(): null

2019-12-02 02:38:36 - [TEST_STEP][PASSED] - selenium = new com.thoughtworks.selenium.webdriven.WebDriverBackedSelenium(driver, internal.GlobalVariable.ENV): null

2019-12-02 02:38:36 - [TEST_STEP][PASSED] - Thread.sleep(1000): null

2019-12-02 02:38:37 - [TEST_STEP][PASSED] - click(findTestObject("mobileSanity/STM/STM Quote Page/button_filters")): Object: 'Object Repository/mobileSanity/STM/STM Quote Page/button_filters' is clicked on

2019-12-02 02:38:37 - [MESSAGE][PASSED] - Object: 'Object Repository/mobileSanity/STM/STM Quote Page/button_filters' is clicked on

2019-12-02 02:38:37 - [TEST_STEP][PASSED] - Thread.sleep(1000): null

2019-12-02 02:38:38 - [TEST_STEP][PASSED] - click(findTestObject("mobileSanity/STM/STM Quote Page/i_Insurance company")): Object: 'Object Repository/mobileSanity/STM/STM Quote Page/i_Insurance company' is clicked on

2019-12-02 02:38:38 - [MESSAGE][PASSED] - Object: 'Object Repository/mobileSanity/STM/STM Quote Page/i_Insurance company' is clicked on

2019-12-02 02:38:38 - [TEST_STEP][PASSED] - Thread.sleep(1000): null

2019-12-02 02:38:39 - [TEST_STEP][PASSED] - filter_carrier = "//input[@name='filter[carrier]' and @value='" + carrier + "']/following::label": null

2019-12-02 02:38:39 - [TEST_STEP][PASSED] - println(filter_carrier): null

2019-12-02 02:38:39 - [TEST_STEP][PASSED] - test.MobileKeywords.clickJS_ByXpath(filter_carrier): test.MobileKeywords.clickJS_ByXpath is PASSED

2019-12-02 02:38:39 - [MESSAGE][PASSED] - Execute JavaScript 'arguments[0].click()' successfully

2019-12-02 02:38:39 - [MESSAGE][PASSED] - test.MobileKeywords.clickJS_ByXpath is PASSED

2019-12-02 02:38:39 - [TEST_STEP][PASSED] - scrollToElement(findTestObject("mobileSanity/STM/STM Quote Page/a_Show Plans"), 1000): Scroll to object 'Object Repository/mobileSanity/STM/STM Quote Page/a_Show Plans' successfully

2019-12-02 02:38:39 - [MESSAGE][PASSED] - Scroll to object 'Object Repository/mobileSanity/STM/STM Quote Page/a_Show Plans' successfully

2019-12-02 02:38:39 - [TEST_STEP][PASSED] - Thread.sleep(2000): null

2019-12-02 02:38:41 - [TEST_STEP][PASSED] - click(findTestObject("mobileSanity/STM/STM Quote Page/a_Show Plans")): Object: 'Object Repository/mobileSanity/STM/STM Quote Page/a_Show Plans' is clicked on

2019-12-02 02:38:41 - [MESSAGE][PASSED] - Object: 'Object Repository/mobileSanity/STM/STM Quote Page/a_Show Plans' is clicked on

2019-12-02 02:38:41 - [TEST_STEP][PASSED] - waitForJQueryLoad(20, STOP_ON_FAILURE): jQuery is ready.

2019-12-02 02:38:41 - [MESSAGE][PASSED] - jQuery is ready.

2019-12-02 02:38:41 - [TEST_STEP][PASSED] - Thread.sleep(2000): null

2019-12-02 02:38:43 - [TEST_STEP][PASSED] - callTestCase(findTestCase("mobileWeb/_include/get_screenshot"), [:], STOP_ON_FAILURE): Call Test Case 'Test Cases/mobileWeb/_include/get_screenshot' successfully

2019-12-02 02:38:44 - [TEST_CASE][PASSED] - Test Cases/mobileWeb/_include/get_screenshot: Test Cases/mobileWeb/_include/get_screenshot

2019-12-02 02:38:44 - [TEST_STEP][PASSED] - takeScreenshot(screenPath + i + ".png"): Taking screenshot successfully

2019-12-02 02:38:44 - [MESSAGE][PASSED] - Taking screenshot successfully
[[ATTACHMENT|D:\\Test\\AgileTest\\Reports\\HIC\\hic\\20191202_022122\\../Screenshots/iPhone 6/HIC/STM/Aspen/standard/3.png]]

2019-12-02 02:38:44 - [TEST_STEP][PASSED] - (internal.GlobalVariable.i++): null

2019-12-02 02:38:44 - [MESSAGE][PASSED] - Call Test Case 'Test Cases/mobileWeb/_include/get_screenshot' successfully

2019-12-02 02:38:44 - [MESSAGE][PASSED] - Call Test Case 'Test Cases/mobileWeb/_include/filter_stm' successfully

2019-12-02 02:38:44 - [TEST_STEP][PASSED] - callTestCase(findTestCase("mobileWeb/_include/goToDetail_stm"), ["carrier":"aspen"], STOP_ON_FAILURE): Call Test Case 'Test Cases/mobileWeb/_include/goToDetail_stm' successfully

2019-12-02 02:38:44 - [TEST_CASE][PASSED] - Test Cases/mobileWeb/_include/goToDetail_stm: Test Cases/mobileWeb/_include/goToDetail_stm

2019-12-02 02:38:44 - [TEST_STEP][PASSED] - driver = getWebDriver(): null

2019-12-02 02:38:44 - [TEST_STEP][PASSED] - selenium = new com.thoughtworks.selenium.webdriven.WebDriverBackedSelenium(driver, internal.GlobalVariable.ENV): null

2019-12-02 02:38:44 - [TEST_STEP][PASSED] - a_plan_name = "xpath=//a[contains(@href,'/term-health-insurance/plan/" + carrier + "')]": null

2019-12-02 02:38:44 - [TEST_STEP][PASSED] - println(a_plan_name): null

2019-12-02 02:38:44 - [TEST_STEP][PASSED] - selenium.click(a_plan_name): null

2019-12-02 02:38:45 - [TEST_STEP][PASSED] - waitForPageLoad(20): Wait for page load successfully

2019-12-02 02:38:45 - [MESSAGE][PASSED] - Wait for page load successfully

2019-12-02 02:38:45 - [TEST_STEP][PASSED] - Thread.sleep(2000): null

2019-12-02 02:38:47 - [TEST_STEP][PASSED] - callTestCase(findTestCase("mobileWeb/_include/get_screenshot"), [:], STOP_ON_FAILURE): Call Test Case 'Test Cases/mobileWeb/_include/get_screenshot' successfully

2019-12-02 02:38:47 - [TEST_CASE][PASSED] - Test Cases/mobileWeb/_include/get_screenshot: Test Cases/mobileWeb/_include/get_screenshot

2019-12-02 02:38:47 - [TEST_STEP][PASSED] - takeScreenshot(screenPath + i + ".png"): Taking screenshot successfully

2019-12-02 02:38:47 - [MESSAGE][PASSED] - Taking screenshot successfully
[[ATTACHMENT|D:\\Test\\AgileTest\\Reports\\HIC\\hic\\20191202_022122\\../Screenshots/iPhone 6/HIC/STM/Aspen/standard/4.png]]

2019-12-02 02:38:47 - [TEST_STEP][PASSED] - (internal.GlobalVariable.i++): null

2019-12-02 02:38:47 - [MESSAGE][PASSED] - Call Test Case 'Test Cases/mobileWeb/_include/get_screenshot' successfully

2019-12-02 02:38:47 - [MESSAGE][PASSED] - Call Test Case 'Test Cases/mobileWeb/_include/goToDetail_stm' successfully

2019-12-02 02:38:47 - [TEST_STEP][PASSED] - callTestCase(findTestCase("mobileWeb/_include/apply_stm"), [:], STOP_ON_FAILURE): Call Test Case 'Test Cases/mobileWeb/_include/apply_stm' successfully

2019-12-02 02:38:47 - [TEST_CASE][PASSED] - Test Cases/mobileWeb/_include/apply_stm: Test Cases/mobileWeb/_include/apply_stm

2019-12-02 02:38:47 - [TEST_STEP][PASSED] - waitForElementVisible(findTestObject("mobileSanity/STM/STM PlanDetail Page/a_Apply for This Plan"), 5): Object 'Object Repository/mobileSanity/STM/STM PlanDetail Page/a_Apply for This Plan' is visible

2019-12-02 02:38:47 - [MESSAGE][PASSED] - Object 'Object Repository/mobileSanity/STM/STM PlanDetail Page/a_Apply for This Plan' is visible

2019-12-02 02:38:47 - [TEST_STEP][PASSED] - click(findTestObject("mobileSanity/STM/STM PlanDetail Page/a_Apply for This Plan")): Object: 'Object Repository/mobileSanity/STM/STM PlanDetail Page/a_Apply for This Plan' is clicked on

2019-12-02 02:38:48 - [MESSAGE][PASSED] - Object: 'Object Repository/mobileSanity/STM/STM PlanDetail Page/a_Apply for This Plan' is clicked on

2019-12-02 02:38:48 - [TEST_STEP][PASSED] - waitForPageLoad(10): Wait for page load successfully

2019-12-02 02:38:48 - [MESSAGE][PASSED] - Wait for page load successfully

2019-12-02 02:38:48 - [TEST_STEP][PASSED] - Thread.sleep(2000): null

2019-12-02 02:38:50 - [TEST_STEP][PASSED] - callTestCase(findTestCase("mobileWeb/_include/get_screenshot"), [:], STOP_ON_FAILURE): Call Test Case 'Test Cases/mobileWeb/_include/get_screenshot' successfully

2019-12-02 02:38:50 - [TEST_CASE][PASSED] - Test Cases/mobileWeb/_include/get_screenshot: Test Cases/mobileWeb/_include/get_screenshot

2019-12-02 02:38:50 - [TEST_STEP][PASSED] - takeScreenshot(screenPath + i + ".png"): Taking screenshot successfully

2019-12-02 02:38:51 - [MESSAGE][PASSED] - Taking screenshot successfully
[[ATTACHMENT|D:\\Test\\AgileTest\\Reports\\HIC\\hic\\20191202_022122\\../Screenshots/iPhone 6/HIC/STM/Aspen/standard/5.png]]

2019-12-02 02:38:51 - [TEST_STEP][PASSED] - (internal.GlobalVariable.i++): null

2019-12-02 02:38:51 - [MESSAGE][PASSED] - Call Test Case 'Test Cases/mobileWeb/_include/get_screenshot' successfully

2019-12-02 02:38:51 - [TEST_STEP][PASSED] - waitForElementVisible(findTestObject("mobileSanity/STM/STM Apply Page/a_Start Secure Application"), 5): Object 'Object Repository/mobileSanity/STM/STM Apply Page/a_Start Secure Application' is visible

2019-12-02 02:38:51 - [MESSAGE][PASSED] - Object 'Object Repository/mobileSanity/STM/STM Apply Page/a_Start Secure Application' is visible

2019-12-02 02:38:51 - [TEST_STEP][PASSED] - click(findTestObject("mobileSanity/STM/STM Apply Page/a_Start Secure Application")): Object: 'Object Repository/mobileSanity/STM/STM Apply Page/a_Start Secure Application' is clicked on

2019-12-02 02:38:51 - [MESSAGE][PASSED] - Object: 'Object Repository/mobileSanity/STM/STM Apply Page/a_Start Secure Application' is clicked on

2019-12-02 02:38:51 - [TEST_STEP][PASSED] - waitForPageLoad(20): Wait for page load successfully

2019-12-02 02:38:51 - [MESSAGE][PASSED] - Wait for page load successfully

2019-12-02 02:38:51 - [TEST_STEP][PASSED] - Thread.sleep(2000): null

2019-12-02 02:38:53 - [TEST_STEP][PASSED] - callTestCase(findTestCase("mobileWeb/_include/get_screenshot"), [:], STOP_ON_FAILURE): Call Test Case 'Test Cases/mobileWeb/_include/get_screenshot' successfully

2019-12-02 02:38:53 - [TEST_CASE][PASSED] - Test Cases/mobileWeb/_include/get_screenshot: Test Cases/mobileWeb/_include/get_screenshot

2019-12-02 02:38:53 - [TEST_STEP][PASSED] - takeScreenshot(screenPath + i + ".png"): Taking screenshot successfully

2019-12-02 02:38:54 - [MESSAGE][PASSED] - Taking screenshot successfully
[[ATTACHMENT|D:\\Test\\AgileTest\\Reports\\HIC\\hic\\20191202_022122\\../Screenshots/iPhone 6/HIC/STM/Aspen/standard/6.png]]

2019-12-02 02:38:54 - [TEST_STEP][PASSED] - (internal.GlobalVariable.i++): null

2019-12-02 02:38:54 - [MESSAGE][PASSED] - Call Test Case 'Test Cases/mobileWeb/_include/get_screenshot' successfully

2019-12-02 02:38:54 - [MESSAGE][PASSED] - Call Test Case 'Test Cases/mobileWeb/_include/apply_stm' successfully

2019-12-02 02:38:54 - [TEST_STEP][PASSED] - callTestCase(findTestCase("mobileWeb/_include/goToEnd_stm_autofill"), [:], STOP_ON_FAILURE): Call Test Case 'Test Cases/mobileWeb/_include/goToEnd_stm_autofill' successfully

2019-12-02 02:38:54 - [TEST_CASE][PASSED] - Test Cases/mobileWeb/_include/goToEnd_stm_autofill: Test Cases/mobileWeb/_include/goToEnd_stm_autofill

2019-12-02 02:38:54 - [TEST_STEP][PASSED] - callTestCase(findTestCase("mobileWeb/_include/name"), [:], CONTINUE_ON_FAILURE): Call Test Case 'Test Cases/mobileWeb/_include/name' successfully

2019-12-02 02:38:54 - [TEST_CASE][PASSED] - Test Cases/mobileWeb/_include/name: Test Cases/mobileWeb/_include/name

2019-12-02 02:38:54 - [TEST_STEP][PASSED] - driver = getWebDriver(): null

2019-12-02 02:38:54 - [TEST_STEP][PASSED] - selenium = new com.thoughtworks.selenium.webdriven.WebDriverBackedSelenium(driver, internal.GlobalVariable.ENV): null

2019-12-02 02:38:54 - [TEST_STEP][PASSED] - FirstName = "Test-123": null

2019-12-02 02:38:54 - [TEST_STEP][PASSED] - LastName = selenium.getEval("{var x="ABCDEFGHIJKLMNOPQRSTUVWXYZabcdefghijklmnopqrstuvwxyz"; var tmp="ZZ11-"; for (i=0;i<8;i++) tmp+=x.charAt(Math.ceil(51*Math.random()));tmp;}"): null

2019-12-02 02:38:54 - [TEST_STEP][PASSED] - Address = selenium.getEval("{var x="ABCDEFGHIJKLMNOPQRSTUVWXYZabcdefghijklmnopqrstuvwxyz"; var tmp=""; for (i=0;i<8;i++) tmp+=x.charAt(Math.ceil(51*Math.random()));tmp;}"): null

2019-12-02 02:38:54 - [TEST_STEP][PASSED] - City = selenium.getEval("{var x="ABCDEFGHIJKLMNOPQRSTUVWXYZabcdefghijklmnopqrstuvwxyz"; var tmp=""; for (i=0;i<8;i++) tmp+=x.charAt(Math.ceil(51*Math.random()));tmp;}"): null

2019-12-02 02:38:54 - [TEST_STEP][PASSED] - tel1 = selenium.getEval("{var x="123456789"; var tmp=""; for (i=0;i<3;i++) tmp+=x.charAt(Math.ceil(8*Math.random()));tmp;}"): null

2019-12-02 02:38:54 - [TEST_STEP][PASSED] - tel2 = selenium.getEval("{var x="123456789"; var tmp=""; for (i=0;i<3;i++) tmp+=x.charAt(Math.ceil(8*Math.random()));tmp;}"): null

2019-12-02 02:38:54 - [TEST_STEP][PASSED] - tel3 = selenium.getEval("{var x="123456789"; var tmp=""; for (i=0;i<4;i++) tmp+=x.charAt(Math.ceil(8*Math.random()));tmp;}"): null

2019-12-02 02:38:54 - [TEST_STEP][PASSED] - Tel = selenium.getExpression(tel1 + "-" + tel2 + "-" + tel3): null

2019-12-02 02:38:54 - [TEST_STEP][PASSED] - AutoEmail = selenium.getEval("{var x="ABCDEFGHIJKLMNOPQRSTUVWXYZabcdefghijklmnopqrstuvwxyz"; var tmp="test."; for (i=0;i<8;i++) tmp+=x.charAt(Math.ceil(51*Math.random()));tmp+="@suryani.cn";}"): null

2019-12-02 02:38:54 - [TEST_STEP][PASSED] - FirstName = FirstName: null

2019-12-02 02:38:54 - [TEST_STEP][PASSED] - LastName = LastName: null

2019-12-02 02:38:54 - [TEST_STEP][PASSED] - Address = Address: null

2019-12-02 02:38:54 - [TEST_STEP][PASSED] - City = City: null

2019-12-02 02:38:54 - [TEST_STEP][PASSED] - Tel = Tel: null

2019-12-02 02:38:54 - [TEST_STEP][PASSED] - AutoEmail = AutoEmail: null

2019-12-02 02:38:54 - [TEST_STEP][PASSED] - println(FirstName): null

2019-12-02 02:38:54 - [TEST_STEP][PASSED] - println(LastName): null

2019-12-02 02:38:54 - [TEST_STEP][PASSED] - println(Address): null

2019-12-02 02:38:54 - [TEST_STEP][PASSED] - println(City): null

2019-12-02 02:38:54 - [TEST_STEP][PASSED] - println(Tel): null

2019-12-02 02:38:54 - [TEST_STEP][PASSED] - println(AutoEmail): null

2019-12-02 02:38:54 - [MESSAGE][PASSED] - Call Test Case 'Test Cases/mobileWeb/_include/name' successfully

2019-12-02 02:38:54 - [TEST_STEP][FAILED] - try: Unable to verify text 'Month Duration Acknowledgement' is present  (Root cause: com.kms.katalon.core.exception.StepFailedException: Text 'Month Duration Acknowledgement' is not present on page )

2019-12-02 02:38:54 - [TEST_STEP][FAILED] - if (verifyTextPresent("Month Duration Acknowledgement", false)): Unable to verify text 'Month Duration Acknowledgement' is present  (Root cause: com.kms.katalon.core.exception.StepFailedException: Text 'Month Duration Acknowledgement' is not present on page )

2019-12-02 02:38:54 - [MESSAGE][FAILED] - Text 'Month Duration Acknowledgement' is not present on page 

2019-12-02 02:38:54 - [MESSAGE][FAILED] - Unable to verify text 'Month Duration Acknowledgement' is present  (Root cause: com.kms.katalon.core.exception.StepFailedException: Text 'Month Duration Acknowledgement' is not present on page )
[[ATTACHMENT|D:\\Test\\AgileTest\\Reports\\HIC\\hic\\20191202_022122\\1575272334559.png]]

2019-12-02 02:38:54 - [TEST_STEP][PASSED] - catch (Exception e): null

2019-12-02 02:38:54 - [TEST_STEP][PASSED] - println("no consecutive"): null

2019-12-02 02:38:54 - [TEST_STEP][PASSED] - waitForPageLoad(10): Wait for page load successfully

2019-12-02 02:38:54 - [MESSAGE][PASSED] - Wait for page load successfully

2019-12-02 02:38:54 - [TEST_STEP][PASSED] - Thread.sleep(3000): null

2019-12-02 02:38:57 - [TEST_STEP][PASSED] - waitForElementVisible(findTestObject("mobileSanity/STM/Page_App Page 1/a_Autofill App Info"), 20): Object 'Object Repository/mobileSanity/STM/Page_App Page 1/a_Autofill App Info' is visible

2019-12-02 02:38:57 - [MESSAGE][PASSED] - Object 'Object Repository/mobileSanity/STM/Page_App Page 1/a_Autofill App Info' is visible

2019-12-02 02:38:57 - [TEST_STEP][PASSED] - click(findTestObject("mobileSanity/STM/Page_App Page 1/a_Autofill App Info")): Object: 'Object Repository/mobileSanity/STM/Page_App Page 1/a_Autofill App Info' is clicked on

2019-12-02 02:38:58 - [MESSAGE][PASSED] - Object: 'Object Repository/mobileSanity/STM/Page_App Page 1/a_Autofill App Info' is clicked on

2019-12-02 02:38:58 - [TEST_STEP][PASSED] - Thread.sleep(1000): null

2019-12-02 02:38:59 - [TEST_STEP][PASSED] - click(findTestObject("mobileSanity/STM/Page_App Page 1/a_Autofill App Info")): Object: 'Object Repository/mobileSanity/STM/Page_App Page 1/a_Autofill App Info' is clicked on

2019-12-02 02:38:59 - [MESSAGE][PASSED] - Object: 'Object Repository/mobileSanity/STM/Page_App Page 1/a_Autofill App Info' is clicked on

2019-12-02 02:38:59 - [TEST_STEP][PASSED] - Thread.sleep(1000): null

2019-12-02 02:39:00 - [TEST_STEP][PASSED] - waitForElementVisible(findTestObject("mobileSanity/STM/Page_App Page 1/a_Continue"), 20): Object 'Object Repository/mobileSanity/STM/Page_App Page 1/a_Continue' is visible

2019-12-02 02:39:00 - [MESSAGE][PASSED] - Object 'Object Repository/mobileSanity/STM/Page_App Page 1/a_Continue' is visible

2019-12-02 02:39:00 - [TEST_STEP][PASSED] - click(findTestObject("mobileSanity/STM/Page_App Page 1/a_Continue")): Object: 'Object Repository/mobileSanity/STM/Page_App Page 1/a_Continue' is clicked on

2019-12-02 02:39:00 - [MESSAGE][PASSED] - Object: 'Object Repository/mobileSanity/STM/Page_App Page 1/a_Continue' is clicked on

2019-12-02 02:39:00 - [TEST_STEP][PASSED] - waitForPageLoad(20): Wait for page load successfully

2019-12-02 02:39:00 - [MESSAGE][PASSED] - Wait for page load successfully

2019-12-02 02:39:00 - [TEST_STEP][PASSED] - Thread.sleep(5000): null

2019-12-02 02:39:05 - [TEST_STEP][PASSED] - callTestCase(findTestCase("mobileWeb/_include/get_screenshot"), [:], STOP_ON_FAILURE): Call Test Case 'Test Cases/mobileWeb/_include/get_screenshot' successfully

2019-12-02 02:39:05 - [TEST_CASE][PASSED] - Test Cases/mobileWeb/_include/get_screenshot: Test Cases/mobileWeb/_include/get_screenshot

2019-12-02 02:39:05 - [TEST_STEP][PASSED] - takeScreenshot(screenPath + i + ".png"): Taking screenshot successfully

2019-12-02 02:39:05 - [MESSAGE][PASSED] - Taking screenshot successfully
[[ATTACHMENT|D:\\Test\\AgileTest\\Reports\\HIC\\hic\\20191202_022122\\../Screenshots/iPhone 6/HIC/STM/Aspen/standard/7.png]]

2019-12-02 02:39:05 - [TEST_STEP][PASSED] - (internal.GlobalVariable.i++): null

2019-12-02 02:39:05 - [MESSAGE][PASSED] - Call Test Case 'Test Cases/mobileWeb/_include/get_screenshot' successfully

2019-12-02 02:39:05 - [TEST_STEP][PASSED] - click(findTestObject("mobileSanity/STM/Page_App Page 2/a_Continue to Step 3 - Payment")): Object: 'Object Repository/mobileSanity/STM/Page_App Page 2/a_Continue to Step 3 - Payment' is clicked on

2019-12-02 02:39:06 - [MESSAGE][PASSED] - Object: 'Object Repository/mobileSanity/STM/Page_App Page 2/a_Continue to Step 3 - Payment' is clicked on

2019-12-02 02:39:06 - [TEST_STEP][PASSED] - waitForPageLoad(20): Wait for page load successfully

2019-12-02 02:39:06 - [MESSAGE][PASSED] - Wait for page load successfully

2019-12-02 02:39:06 - [TEST_STEP][PASSED] - waitForElementVisible(findTestObject("mobileSanity/STM/Page_App Page 3/input__credit-card-cvv"), 20): Object 'Object Repository/mobileSanity/STM/Page_App Page 3/input__credit-card-cvv' is visible

2019-12-02 02:39:06 - [MESSAGE][PASSED] - Object 'Object Repository/mobileSanity/STM/Page_App Page 3/input__credit-card-cvv' is visible

2019-12-02 02:39:06 - [TEST_STEP][PASSED] - Thread.sleep(2000): null

2019-12-02 02:39:08 - [TEST_STEP][PASSED] - callTestCase(findTestCase("mobileWeb/_include/get_screenshot"), [:], STOP_ON_FAILURE): Call Test Case 'Test Cases/mobileWeb/_include/get_screenshot' successfully

2019-12-02 02:39:08 - [TEST_CASE][PASSED] - Test Cases/mobileWeb/_include/get_screenshot: Test Cases/mobileWeb/_include/get_screenshot

2019-12-02 02:39:08 - [TEST_STEP][PASSED] - takeScreenshot(screenPath + i + ".png"): Taking screenshot successfully

2019-12-02 02:39:08 - [MESSAGE][PASSED] - Taking screenshot successfully
[[ATTACHMENT|D:\\Test\\AgileTest\\Reports\\HIC\\hic\\20191202_022122\\../Screenshots/iPhone 6/HIC/STM/Aspen/standard/8.png]]

2019-12-02 02:39:08 - [TEST_STEP][PASSED] - (internal.GlobalVariable.i++): null

2019-12-02 02:39:08 - [MESSAGE][PASSED] - Call Test Case 'Test Cases/mobileWeb/_include/get_screenshot' successfully

2019-12-02 02:39:08 - [TEST_STEP][PASSED] - clearText(findTestObject("mobileSanity/STM/Page_App Page 3/input__credit-card-cvv")): Text of object 'Object Repository/mobileSanity/STM/Page_App Page 3/input__credit-card-cvv' is cleared

2019-12-02 02:39:08 - [MESSAGE][PASSED] - Text of object 'Object Repository/mobileSanity/STM/Page_App Page 3/input__credit-card-cvv' is cleared

2019-12-02 02:39:08 - [TEST_STEP][PASSED] - setText(findTestObject("mobileSanity/STM/Page_App Page 3/input__credit-card-cvv"), "123"): Text '123' is set on object 'Object Repository/mobileSanity/STM/Page_App Page 3/input__credit-card-cvv'

2019-12-02 02:39:08 - [MESSAGE][PASSED] - Text '123' is set on object 'Object Repository/mobileSanity/STM/Page_App Page 3/input__credit-card-cvv'

2019-12-02 02:39:08 - [TEST_STEP][PASSED] - click(findTestObject("mobileSanity/STM/Page_App Page 3/label_I Accept Authorization f")): Object: 'Object Repository/mobileSanity/STM/Page_App Page 3/label_I Accept Authorization f' is clicked on

2019-12-02 02:39:09 - [MESSAGE][PASSED] - Object: 'Object Repository/mobileSanity/STM/Page_App Page 3/label_I Accept Authorization f' is clicked on

2019-12-02 02:39:09 - [TEST_STEP][PASSED] - click(findTestObject("mobileSanity/STM/Page_App Page 3/a_Continue to Step 4 - Review")): Object: 'Object Repository/mobileSanity/STM/Page_App Page 3/a_Continue to Step 4 - Review' is clicked on

2019-12-02 02:39:09 - [MESSAGE][PASSED] - Object: 'Object Repository/mobileSanity/STM/Page_App Page 3/a_Continue to Step 4 - Review' is clicked on

2019-12-02 02:39:09 - [TEST_STEP][PASSED] - waitForPageLoad(10): Wait for page load successfully

2019-12-02 02:39:09 - [MESSAGE][PASSED] - Wait for page load successfully

2019-12-02 02:39:09 - [TEST_STEP][PASSED] - waitForElementClickable(findTestObject("mobileSanity/STM/Page_App Page 4/label"), 10): Object 'Object Repository/mobileSanity/STM/Page_App Page 4/label' is clickable

2019-12-02 02:39:09 - [MESSAGE][PASSED] - Object 'Object Repository/mobileSanity/STM/Page_App Page 4/label' is clickable

2019-12-02 02:39:09 - [TEST_STEP][PASSED] - Thread.sleep(2000): null

2019-12-02 02:39:11 - [TEST_STEP][PASSED] - callTestCase(findTestCase("mobileWeb/_include/get_screenshot"), [:], STOP_ON_FAILURE): Call Test Case 'Test Cases/mobileWeb/_include/get_screenshot' successfully

2019-12-02 02:39:12 - [TEST_CASE][PASSED] - Test Cases/mobileWeb/_include/get_screenshot: Test Cases/mobileWeb/_include/get_screenshot

2019-12-02 02:39:12 - [TEST_STEP][PASSED] - takeScreenshot(screenPath + i + ".png"): Taking screenshot successfully

2019-12-02 02:39:12 - [MESSAGE][PASSED] - Taking screenshot successfully
[[ATTACHMENT|D:\\Test\\AgileTest\\Reports\\HIC\\hic\\20191202_022122\\../Screenshots/iPhone 6/HIC/STM/Aspen/standard/9.png]]

2019-12-02 02:39:12 - [TEST_STEP][PASSED] - (internal.GlobalVariable.i++): null

2019-12-02 02:39:12 - [MESSAGE][PASSED] - Call Test Case 'Test Cases/mobileWeb/_include/get_screenshot' successfully

2019-12-02 02:39:12 - [TEST_STEP][PASSED] - click(findTestObject("mobileSanity/STM/Page_App Page 4/label")): Object: 'Object Repository/mobileSanity/STM/Page_App Page 4/label' is clicked on

2019-12-02 02:39:12 - [MESSAGE][PASSED] - Object: 'Object Repository/mobileSanity/STM/Page_App Page 4/label' is clicked on

2019-12-02 02:39:12 - [TEST_STEP][PASSED] - click(findTestObject("mobileSanity/STM/Page_App Page 4/div_CLICK TO SIGN")): Object: 'Object Repository/mobileSanity/STM/Page_App Page 4/div_CLICK TO SIGN' is clicked on

2019-12-02 02:39:12 - [MESSAGE][PASSED] - Object: 'Object Repository/mobileSanity/STM/Page_App Page 4/div_CLICK TO SIGN' is clicked on

2019-12-02 02:39:12 - [TEST_STEP][PASSED] - click(findTestObject("mobileSanity/STM/Page_App Page 4/a_Submit Your Application")): Object: 'Object Repository/mobileSanity/STM/Page_App Page 4/a_Submit Your Application' is clicked on

2019-12-02 02:39:12 - [MESSAGE][PASSED] - Object: 'Object Repository/mobileSanity/STM/Page_App Page 4/a_Submit Your Application' is clicked on

2019-12-02 02:39:12 - [TEST_STEP][PASSED] - Thread.sleep(30000): null

2019-12-02 02:39:42 - [TEST_STEP][PASSED] - waitForElementPresent(findTestObject("mobileSanity/STM/Page_App Page 6/app-page-wrapper"), 20): Object 'Object Repository/mobileSanity/STM/Page_App Page 6/app-page-wrapper' is present

2019-12-02 02:39:42 - [MESSAGE][PASSED] - Object 'Object Repository/mobileSanity/STM/Page_App Page 6/app-page-wrapper' is present

2019-12-02 02:39:42 - [TEST_STEP][PASSED] - callTestCase(findTestCase("mobileWeb/_include/get_screenshot"), [:], STOP_ON_FAILURE): Call Test Case 'Test Cases/mobileWeb/_include/get_screenshot' successfully

2019-12-02 02:39:42 - [TEST_CASE][PASSED] - Test Cases/mobileWeb/_include/get_screenshot: Test Cases/mobileWeb/_include/get_screenshot

2019-12-02 02:39:42 - [TEST_STEP][PASSED] - takeScreenshot(screenPath + i + ".png"): Taking screenshot successfully

2019-12-02 02:39:43 - [MESSAGE][PASSED] - Taking screenshot successfully
[[ATTACHMENT|D:\\Test\\AgileTest\\Reports\\HIC\\hic\\20191202_022122\\../Screenshots/iPhone 6/HIC/STM/Aspen/standard/10.png]]

2019-12-02 02:39:43 - [TEST_STEP][PASSED] - (internal.GlobalVariable.i++): null

2019-12-02 02:39:43 - [MESSAGE][PASSED] - Call Test Case 'Test Cases/mobileWeb/_include/get_screenshot' successfully

2019-12-02 02:39:43 - [MESSAGE][PASSED] - Call Test Case 'Test Cases/mobileWeb/_include/goToEnd_stm_autofill' successfully]]></system-out>
         <system-err><![CDATA[]]></system-err>
      </testcase>
      <testcase name="Test Cases/HIC/STM/Companion" classname="Test Cases/HIC/STM/Companion" status="PASSED">
         <system-out><![CDATA[2019-12-02 02:39:43 - [TEST_CASE][PASSED] - Test Cases/HIC/STM/Companion: Test Cases/HIC/STM/Companion

2019-12-02 02:39:43 - [TEST_STEP][PASSED] - callTestCase(findTestCase("HIC/_include/get_hicScreenPath"), ["project":"HIC", "productLine":"STM", "carrierName":"Companion"], CONTINUE_ON_FAILURE): Call Test Case 'Test Cases/HIC/_include/get_hicScreenPath' successfully

2019-12-02 02:39:43 - [TEST_CASE][PASSED] - Test Cases/HIC/_include/get_hicScreenPath: Test Cases/HIC/_include/get_hicScreenPath

2019-12-02 02:39:43 - [TEST_STEP][PASSED] - m = getExecutionProperties(): null

2019-12-02 02:39:43 - [TEST_STEP][PASSED] - deviceName = get("mobileEmulation").get("deviceName"): null

2019-12-02 02:39:43 - [TEST_STEP][PASSED] - println(deviceName): null

2019-12-02 02:39:43 - [TEST_STEP][PASSED] - now = new java.util.Date(): null

2019-12-02 02:39:43 - [TEST_STEP][PASSED] - mydate = now.format("yyyyMMdd_HHmmss"): null

2019-12-02 02:39:43 - [TEST_STEP][PASSED] - screenPath = "../Screenshots/": null

2019-12-02 02:39:43 - [TEST_STEP][PASSED] - screenPath = screenPath + deviceName + "/" + project + "/" + productLine + "/" + carrierName + "/" + "standard" + "/": null

2019-12-02 02:39:43 - [TEST_STEP][PASSED] - println(screenPath): null

2019-12-02 02:39:43 - [MESSAGE][PASSED] - Call Test Case 'Test Cases/HIC/_include/get_hicScreenPath' successfully

2019-12-02 02:39:43 - [TEST_STEP][PASSED] - i = 0: null

2019-12-02 02:39:43 - [TEST_STEP][PASSED] - callTestCase(findTestCase("mobileWeb/_include/openWebSite"), ["env":"https://qa.healthinsurance.com/"], CONTINUE_ON_FAILURE): Call Test Case 'Test Cases/mobileWeb/_include/openWebSite' successfully

2019-12-02 02:39:43 - [TEST_CASE][PASSED] - Test Cases/mobileWeb/_include/openWebSite: Test Cases/mobileWeb/_include/openWebSite

2019-12-02 02:39:43 - [TEST_STEP][PASSED] - openBrowser(env): Browser is opened with url: 'https://qa.healthinsurance.com/'

2019-12-02 02:39:43 - [MESSAGE][WARNING] - A browser is already opened. Closing browser and opening a new one

2019-12-02 02:39:44 - [MESSAGE][INFO] - Starting 'Chrome' driver

2019-12-02 02:39:44 - [MESSAGE][INFO] - User set preference: ['mobileEmulation', '{deviceName=iPhone 6}']

2019-12-02 02:39:44 - [MESSAGE][INFO] - User set preference: ['args', '[--incognito, --aggressive-cache-discard, --window-size=375,677, --no-sandbox]']

2019-12-02 02:39:46 - [MESSAGE][PASSED] - Browser is opened with url: 'https://qa.healthinsurance.com/'

2019-12-02 02:39:46 - [TEST_STEP][PASSED] - waitForPageLoad(20): Wait for page load successfully

2019-12-02 02:39:46 - [MESSAGE][PASSED] - Wait for page load successfully

2019-12-02 02:39:46 - [TEST_STEP][PASSED] - callTestCase(findTestCase("mobileWeb/_include/get_screenshot"), [:], STOP_ON_FAILURE): Call Test Case 'Test Cases/mobileWeb/_include/get_screenshot' successfully

2019-12-02 02:39:46 - [TEST_CASE][PASSED] - Test Cases/mobileWeb/_include/get_screenshot: Test Cases/mobileWeb/_include/get_screenshot

2019-12-02 02:39:46 - [TEST_STEP][PASSED] - takeScreenshot(screenPath + i + ".png"): Taking screenshot successfully

2019-12-02 02:39:47 - [MESSAGE][PASSED] - Taking screenshot successfully
[[ATTACHMENT|D:\\Test\\AgileTest\\Reports\\HIC\\hic\\20191202_022122\\../Screenshots/iPhone 6/HIC/STM/Companion/standard/0.png]]

2019-12-02 02:39:47 - [TEST_STEP][PASSED] - (internal.GlobalVariable.i++): null

2019-12-02 02:39:47 - [MESSAGE][PASSED] - Call Test Case 'Test Cases/mobileWeb/_include/get_screenshot' successfully

2019-12-02 02:39:47 - [MESSAGE][PASSED] - Call Test Case 'Test Cases/mobileWeb/_include/openWebSite' successfully

2019-12-02 02:39:47 - [TEST_STEP][PASSED] - click(findTestObject("hic/nav/navButton")): Object: 'Object Repository/hic/nav/navButton' is clicked on

2019-12-02 02:39:47 - [MESSAGE][PASSED] - Object: 'Object Repository/hic/nav/navButton' is clicked on

2019-12-02 02:39:47 - [TEST_STEP][PASSED] - Thread.sleep(2000): null

2019-12-02 02:39:49 - [TEST_STEP][PASSED] - click(findTestObject("hic/nav/stmLink")): Object: 'Object Repository/hic/nav/stmLink' is clicked on

2019-12-02 02:39:49 - [MESSAGE][PASSED] - Object: 'Object Repository/hic/nav/stmLink' is clicked on

2019-12-02 02:39:49 - [TEST_STEP][PASSED] - Thread.sleep(2000): null

2019-12-02 02:39:51 - [TEST_STEP][PASSED] - callTestCase(findTestCase("mobileWeb/_include/get_screenshot"), [:], STOP_ON_FAILURE): Call Test Case 'Test Cases/mobileWeb/_include/get_screenshot' successfully

2019-12-02 02:39:51 - [TEST_CASE][PASSED] - Test Cases/mobileWeb/_include/get_screenshot: Test Cases/mobileWeb/_include/get_screenshot

2019-12-02 02:39:51 - [TEST_STEP][PASSED] - takeScreenshot(screenPath + i + ".png"): Taking screenshot successfully

2019-12-02 02:39:51 - [MESSAGE][PASSED] - Taking screenshot successfully
[[ATTACHMENT|D:\\Test\\AgileTest\\Reports\\HIC\\hic\\20191202_022122\\../Screenshots/iPhone 6/HIC/STM/Companion/standard/1.png]]

2019-12-02 02:39:51 - [TEST_STEP][PASSED] - (internal.GlobalVariable.i++): null

2019-12-02 02:39:51 - [MESSAGE][PASSED] - Call Test Case 'Test Cases/mobileWeb/_include/get_screenshot' successfully

2019-12-02 02:39:51 - [TEST_STEP][PASSED] - callTestCase(findTestCase("HIC/_include/stm_census"), ["zipcode":"35215"], STOP_ON_FAILURE): Call Test Case 'Test Cases/HIC/_include/stm_census' successfully

2019-12-02 02:39:51 - [TEST_CASE][PASSED] - Test Cases/HIC/_include/stm_census: Test Cases/HIC/_include/stm_census

2019-12-02 02:39:51 - [TEST_STEP][PASSED] - setText(findTestObject("hic/stm/zip"), zipcode): Text '35215' is set on object 'Object Repository/hic/stm/zip'

2019-12-02 02:39:51 - [MESSAGE][PASSED] - Text '35215' is set on object 'Object Repository/hic/stm/zip'

2019-12-02 02:39:51 - [TEST_STEP][PASSED] - Thread.sleep(500): null

2019-12-02 02:39:52 - [TEST_STEP][PASSED] - setText(findTestObject("hic/stm/primaryDOB"), "03031987"): Text '03031987' is set on object 'Object Repository/hic/stm/primaryDOB'

2019-12-02 02:39:52 - [MESSAGE][PASSED] - Text '03031987' is set on object 'Object Repository/hic/stm/primaryDOB'

2019-12-02 02:39:52 - [TEST_STEP][PASSED] - click(findTestObject("hic/stm/female")): Object: 'Object Repository/hic/stm/female' is clicked on

2019-12-02 02:39:52 - [MESSAGE][PASSED] - Object: 'Object Repository/hic/stm/female' is clicked on

2019-12-02 02:39:52 - [TEST_STEP][PASSED] - Thread.sleep(3000): null

2019-12-02 02:39:55 - [TEST_STEP][PASSED] - click(findTestObject("hic/stm/submitButton")): Object: 'Object Repository/hic/stm/submitButton' is clicked on

2019-12-02 02:39:56 - [MESSAGE][PASSED] - Object: 'Object Repository/hic/stm/submitButton' is clicked on

2019-12-02 02:39:56 - [TEST_STEP][PASSED] - Thread.sleep(6000): null

2019-12-02 02:40:02 - [TEST_STEP][PASSED] - callTestCase(findTestCase("mobileWeb/_include/get_screenshot"), [:], STOP_ON_FAILURE): Call Test Case 'Test Cases/mobileWeb/_include/get_screenshot' successfully

2019-12-02 02:40:02 - [TEST_CASE][PASSED] - Test Cases/mobileWeb/_include/get_screenshot: Test Cases/mobileWeb/_include/get_screenshot

2019-12-02 02:40:02 - [TEST_STEP][PASSED] - takeScreenshot(screenPath + i + ".png"): Taking screenshot successfully

2019-12-02 02:40:03 - [MESSAGE][PASSED] - Taking screenshot successfully
[[ATTACHMENT|D:\\Test\\AgileTest\\Reports\\HIC\\hic\\20191202_022122\\../Screenshots/iPhone 6/HIC/STM/Companion/standard/2.png]]

2019-12-02 02:40:03 - [TEST_STEP][PASSED] - (internal.GlobalVariable.i++): null

2019-12-02 02:40:03 - [MESSAGE][PASSED] - Call Test Case 'Test Cases/mobileWeb/_include/get_screenshot' successfully

2019-12-02 02:40:03 - [TEST_STEP][PASSED] - Thread.sleep(1000): null

2019-12-02 02:40:04 - [MESSAGE][PASSED] - Call Test Case 'Test Cases/HIC/_include/stm_census' successfully

2019-12-02 02:40:04 - [TEST_STEP][PASSED] - callTestCase(findTestCase("mobileWeb/_include/filter_stm"), ["carrier":"pivotcompanion"], STOP_ON_FAILURE): Call Test Case 'Test Cases/mobileWeb/_include/filter_stm' successfully

2019-12-02 02:40:04 - [TEST_CASE][PASSED] - Test Cases/mobileWeb/_include/filter_stm: Test Cases/mobileWeb/_include/filter_stm

2019-12-02 02:40:04 - [TEST_STEP][PASSED] - driver = getWebDriver(): null

2019-12-02 02:40:04 - [TEST_STEP][PASSED] - selenium = new com.thoughtworks.selenium.webdriven.WebDriverBackedSelenium(driver, internal.GlobalVariable.ENV): null

2019-12-02 02:40:04 - [TEST_STEP][PASSED] - Thread.sleep(1000): null

2019-12-02 02:40:05 - [TEST_STEP][PASSED] - click(findTestObject("mobileSanity/STM/STM Quote Page/button_filters")): Object: 'Object Repository/mobileSanity/STM/STM Quote Page/button_filters' is clicked on

2019-12-02 02:40:05 - [MESSAGE][PASSED] - Object: 'Object Repository/mobileSanity/STM/STM Quote Page/button_filters' is clicked on

2019-12-02 02:40:05 - [TEST_STEP][PASSED] - Thread.sleep(1000): null

2019-12-02 02:40:06 - [TEST_STEP][PASSED] - click(findTestObject("mobileSanity/STM/STM Quote Page/i_Insurance company")): Object: 'Object Repository/mobileSanity/STM/STM Quote Page/i_Insurance company' is clicked on

2019-12-02 02:40:06 - [MESSAGE][PASSED] - Object: 'Object Repository/mobileSanity/STM/STM Quote Page/i_Insurance company' is clicked on

2019-12-02 02:40:06 - [TEST_STEP][PASSED] - Thread.sleep(1000): null

2019-12-02 02:40:07 - [TEST_STEP][PASSED] - filter_carrier = "//input[@name='filter[carrier]' and @value='" + carrier + "']/following::label": null

2019-12-02 02:40:07 - [TEST_STEP][PASSED] - println(filter_carrier): null

2019-12-02 02:40:07 - [TEST_STEP][PASSED] - test.MobileKeywords.clickJS_ByXpath(filter_carrier): test.MobileKeywords.clickJS_ByXpath is PASSED

2019-12-02 02:40:07 - [MESSAGE][PASSED] - Execute JavaScript 'arguments[0].click()' successfully

2019-12-02 02:40:07 - [MESSAGE][PASSED] - test.MobileKeywords.clickJS_ByXpath is PASSED

2019-12-02 02:40:07 - [TEST_STEP][PASSED] - scrollToElement(findTestObject("mobileSanity/STM/STM Quote Page/a_Show Plans"), 1000): Scroll to object 'Object Repository/mobileSanity/STM/STM Quote Page/a_Show Plans' successfully

2019-12-02 02:40:07 - [MESSAGE][PASSED] - Scroll to object 'Object Repository/mobileSanity/STM/STM Quote Page/a_Show Plans' successfully

2019-12-02 02:40:07 - [TEST_STEP][PASSED] - Thread.sleep(2000): null

2019-12-02 02:40:09 - [TEST_STEP][PASSED] - click(findTestObject("mobileSanity/STM/STM Quote Page/a_Show Plans")): Object: 'Object Repository/mobileSanity/STM/STM Quote Page/a_Show Plans' is clicked on

2019-12-02 02:40:10 - [MESSAGE][PASSED] - Object: 'Object Repository/mobileSanity/STM/STM Quote Page/a_Show Plans' is clicked on

2019-12-02 02:40:10 - [TEST_STEP][PASSED] - waitForJQueryLoad(20, STOP_ON_FAILURE): jQuery is ready.

2019-12-02 02:40:10 - [MESSAGE][PASSED] - jQuery is ready.

2019-12-02 02:40:10 - [TEST_STEP][PASSED] - Thread.sleep(2000): null

2019-12-02 02:40:12 - [TEST_STEP][PASSED] - callTestCase(findTestCase("mobileWeb/_include/get_screenshot"), [:], STOP_ON_FAILURE): Call Test Case 'Test Cases/mobileWeb/_include/get_screenshot' successfully

2019-12-02 02:40:12 - [TEST_CASE][PASSED] - Test Cases/mobileWeb/_include/get_screenshot: Test Cases/mobileWeb/_include/get_screenshot

2019-12-02 02:40:12 - [TEST_STEP][PASSED] - takeScreenshot(screenPath + i + ".png"): Taking screenshot successfully

2019-12-02 02:40:12 - [MESSAGE][PASSED] - Taking screenshot successfully
[[ATTACHMENT|D:\\Test\\AgileTest\\Reports\\HIC\\hic\\20191202_022122\\../Screenshots/iPhone 6/HIC/STM/Companion/standard/3.png]]

2019-12-02 02:40:12 - [TEST_STEP][PASSED] - (internal.GlobalVariable.i++): null

2019-12-02 02:40:12 - [MESSAGE][PASSED] - Call Test Case 'Test Cases/mobileWeb/_include/get_screenshot' successfully

2019-12-02 02:40:12 - [MESSAGE][PASSED] - Call Test Case 'Test Cases/mobileWeb/_include/filter_stm' successfully

2019-12-02 02:40:12 - [TEST_STEP][PASSED] - callTestCase(findTestCase("mobileWeb/_include/goToDetail_stm"), ["carrier":"pivot-health-choice"], STOP_ON_FAILURE): Call Test Case 'Test Cases/mobileWeb/_include/goToDetail_stm' successfully

2019-12-02 02:40:12 - [TEST_CASE][PASSED] - Test Cases/mobileWeb/_include/goToDetail_stm: Test Cases/mobileWeb/_include/goToDetail_stm

2019-12-02 02:40:12 - [TEST_STEP][PASSED] - driver = getWebDriver(): null

2019-12-02 02:40:12 - [TEST_STEP][PASSED] - selenium = new com.thoughtworks.selenium.webdriven.WebDriverBackedSelenium(driver, internal.GlobalVariable.ENV): null

2019-12-02 02:40:12 - [TEST_STEP][PASSED] - a_plan_name = "xpath=//a[contains(@href,'/term-health-insurance/plan/" + carrier + "')]": null

2019-12-02 02:40:12 - [TEST_STEP][PASSED] - println(a_plan_name): null

2019-12-02 02:40:12 - [TEST_STEP][PASSED] - selenium.click(a_plan_name): null

2019-12-02 02:40:13 - [TEST_STEP][PASSED] - waitForPageLoad(20): Wait for page load successfully

2019-12-02 02:40:13 - [MESSAGE][PASSED] - Wait for page load successfully

2019-12-02 02:40:13 - [TEST_STEP][PASSED] - Thread.sleep(2000): null

2019-12-02 02:40:15 - [TEST_STEP][PASSED] - callTestCase(findTestCase("mobileWeb/_include/get_screenshot"), [:], STOP_ON_FAILURE): Call Test Case 'Test Cases/mobileWeb/_include/get_screenshot' successfully

2019-12-02 02:40:15 - [TEST_CASE][PASSED] - Test Cases/mobileWeb/_include/get_screenshot: Test Cases/mobileWeb/_include/get_screenshot

2019-12-02 02:40:15 - [TEST_STEP][PASSED] - takeScreenshot(screenPath + i + ".png"): Taking screenshot successfully

2019-12-02 02:40:16 - [MESSAGE][PASSED] - Taking screenshot successfully
[[ATTACHMENT|D:\\Test\\AgileTest\\Reports\\HIC\\hic\\20191202_022122\\../Screenshots/iPhone 6/HIC/STM/Companion/standard/4.png]]

2019-12-02 02:40:16 - [TEST_STEP][PASSED] - (internal.GlobalVariable.i++): null

2019-12-02 02:40:16 - [MESSAGE][PASSED] - Call Test Case 'Test Cases/mobileWeb/_include/get_screenshot' successfully

2019-12-02 02:40:16 - [MESSAGE][PASSED] - Call Test Case 'Test Cases/mobileWeb/_include/goToDetail_stm' successfully

2019-12-02 02:40:16 - [TEST_STEP][PASSED] - callTestCase(findTestCase("mobileWeb/_include/apply_stm"), [:], STOP_ON_FAILURE): Call Test Case 'Test Cases/mobileWeb/_include/apply_stm' successfully

2019-12-02 02:40:16 - [TEST_CASE][PASSED] - Test Cases/mobileWeb/_include/apply_stm: Test Cases/mobileWeb/_include/apply_stm

2019-12-02 02:40:16 - [TEST_STEP][PASSED] - waitForElementVisible(findTestObject("mobileSanity/STM/STM PlanDetail Page/a_Apply for This Plan"), 5): Object 'Object Repository/mobileSanity/STM/STM PlanDetail Page/a_Apply for This Plan' is visible

2019-12-02 02:40:16 - [MESSAGE][PASSED] - Object 'Object Repository/mobileSanity/STM/STM PlanDetail Page/a_Apply for This Plan' is visible

2019-12-02 02:40:16 - [TEST_STEP][PASSED] - click(findTestObject("mobileSanity/STM/STM PlanDetail Page/a_Apply for This Plan")): Object: 'Object Repository/mobileSanity/STM/STM PlanDetail Page/a_Apply for This Plan' is clicked on

2019-12-02 02:40:16 - [MESSAGE][PASSED] - Object: 'Object Repository/mobileSanity/STM/STM PlanDetail Page/a_Apply for This Plan' is clicked on

2019-12-02 02:40:16 - [TEST_STEP][PASSED] - waitForPageLoad(10): Wait for page load successfully

2019-12-02 02:40:16 - [MESSAGE][PASSED] - Wait for page load successfully

2019-12-02 02:40:16 - [TEST_STEP][PASSED] - Thread.sleep(2000): null

2019-12-02 02:40:18 - [TEST_STEP][PASSED] - callTestCase(findTestCase("mobileWeb/_include/get_screenshot"), [:], STOP_ON_FAILURE): Call Test Case 'Test Cases/mobileWeb/_include/get_screenshot' successfully

2019-12-02 02:40:18 - [TEST_CASE][PASSED] - Test Cases/mobileWeb/_include/get_screenshot: Test Cases/mobileWeb/_include/get_screenshot

2019-12-02 02:40:18 - [TEST_STEP][PASSED] - takeScreenshot(screenPath + i + ".png"): Taking screenshot successfully

2019-12-02 02:40:19 - [MESSAGE][PASSED] - Taking screenshot successfully
[[ATTACHMENT|D:\\Test\\AgileTest\\Reports\\HIC\\hic\\20191202_022122\\../Screenshots/iPhone 6/HIC/STM/Companion/standard/5.png]]

2019-12-02 02:40:19 - [TEST_STEP][PASSED] - (internal.GlobalVariable.i++): null

2019-12-02 02:40:19 - [MESSAGE][PASSED] - Call Test Case 'Test Cases/mobileWeb/_include/get_screenshot' successfully

2019-12-02 02:40:19 - [TEST_STEP][PASSED] - waitForElementVisible(findTestObject("mobileSanity/STM/STM Apply Page/a_Start Secure Application"), 5): Object 'Object Repository/mobileSanity/STM/STM Apply Page/a_Start Secure Application' is visible

2019-12-02 02:40:19 - [MESSAGE][PASSED] - Object 'Object Repository/mobileSanity/STM/STM Apply Page/a_Start Secure Application' is visible

2019-12-02 02:40:19 - [TEST_STEP][PASSED] - click(findTestObject("mobileSanity/STM/STM Apply Page/a_Start Secure Application")): Object: 'Object Repository/mobileSanity/STM/STM Apply Page/a_Start Secure Application' is clicked on

2019-12-02 02:40:19 - [MESSAGE][PASSED] - Object: 'Object Repository/mobileSanity/STM/STM Apply Page/a_Start Secure Application' is clicked on

2019-12-02 02:40:19 - [TEST_STEP][PASSED] - waitForPageLoad(20): Wait for page load successfully

2019-12-02 02:40:20 - [MESSAGE][PASSED] - Wait for page load successfully

2019-12-02 02:40:20 - [TEST_STEP][PASSED] - Thread.sleep(2000): null

2019-12-02 02:40:22 - [TEST_STEP][PASSED] - callTestCase(findTestCase("mobileWeb/_include/get_screenshot"), [:], STOP_ON_FAILURE): Call Test Case 'Test Cases/mobileWeb/_include/get_screenshot' successfully

2019-12-02 02:40:22 - [TEST_CASE][PASSED] - Test Cases/mobileWeb/_include/get_screenshot: Test Cases/mobileWeb/_include/get_screenshot

2019-12-02 02:40:22 - [TEST_STEP][PASSED] - takeScreenshot(screenPath + i + ".png"): Taking screenshot successfully

2019-12-02 02:40:22 - [MESSAGE][PASSED] - Taking screenshot successfully
[[ATTACHMENT|D:\\Test\\AgileTest\\Reports\\HIC\\hic\\20191202_022122\\../Screenshots/iPhone 6/HIC/STM/Companion/standard/6.png]]

2019-12-02 02:40:22 - [TEST_STEP][PASSED] - (internal.GlobalVariable.i++): null

2019-12-02 02:40:22 - [MESSAGE][PASSED] - Call Test Case 'Test Cases/mobileWeb/_include/get_screenshot' successfully

2019-12-02 02:40:22 - [MESSAGE][PASSED] - Call Test Case 'Test Cases/mobileWeb/_include/apply_stm' successfully

2019-12-02 02:40:22 - [TEST_STEP][PASSED] - callTestCase(findTestCase("mobileWeb/_include/goToEnd_stm_autofill"), [:], STOP_ON_FAILURE): Call Test Case 'Test Cases/mobileWeb/_include/goToEnd_stm_autofill' successfully

2019-12-02 02:40:22 - [TEST_CASE][PASSED] - Test Cases/mobileWeb/_include/goToEnd_stm_autofill: Test Cases/mobileWeb/_include/goToEnd_stm_autofill

2019-12-02 02:40:22 - [TEST_STEP][PASSED] - callTestCase(findTestCase("mobileWeb/_include/name"), [:], CONTINUE_ON_FAILURE): Call Test Case 'Test Cases/mobileWeb/_include/name' successfully

2019-12-02 02:40:22 - [TEST_CASE][PASSED] - Test Cases/mobileWeb/_include/name: Test Cases/mobileWeb/_include/name

2019-12-02 02:40:22 - [TEST_STEP][PASSED] - driver = getWebDriver(): null

2019-12-02 02:40:22 - [TEST_STEP][PASSED] - selenium = new com.thoughtworks.selenium.webdriven.WebDriverBackedSelenium(driver, internal.GlobalVariable.ENV): null

2019-12-02 02:40:22 - [TEST_STEP][PASSED] - FirstName = "Test-123": null

2019-12-02 02:40:22 - [TEST_STEP][PASSED] - LastName = selenium.getEval("{var x="ABCDEFGHIJKLMNOPQRSTUVWXYZabcdefghijklmnopqrstuvwxyz"; var tmp="ZZ11-"; for (i=0;i<8;i++) tmp+=x.charAt(Math.ceil(51*Math.random()));tmp;}"): null

2019-12-02 02:40:22 - [TEST_STEP][PASSED] - Address = selenium.getEval("{var x="ABCDEFGHIJKLMNOPQRSTUVWXYZabcdefghijklmnopqrstuvwxyz"; var tmp=""; for (i=0;i<8;i++) tmp+=x.charAt(Math.ceil(51*Math.random()));tmp;}"): null

2019-12-02 02:40:22 - [TEST_STEP][PASSED] - City = selenium.getEval("{var x="ABCDEFGHIJKLMNOPQRSTUVWXYZabcdefghijklmnopqrstuvwxyz"; var tmp=""; for (i=0;i<8;i++) tmp+=x.charAt(Math.ceil(51*Math.random()));tmp;}"): null

2019-12-02 02:40:22 - [TEST_STEP][PASSED] - tel1 = selenium.getEval("{var x="123456789"; var tmp=""; for (i=0;i<3;i++) tmp+=x.charAt(Math.ceil(8*Math.random()));tmp;}"): null

2019-12-02 02:40:22 - [TEST_STEP][PASSED] - tel2 = selenium.getEval("{var x="123456789"; var tmp=""; for (i=0;i<3;i++) tmp+=x.charAt(Math.ceil(8*Math.random()));tmp;}"): null

2019-12-02 02:40:22 - [TEST_STEP][PASSED] - tel3 = selenium.getEval("{var x="123456789"; var tmp=""; for (i=0;i<4;i++) tmp+=x.charAt(Math.ceil(8*Math.random()));tmp;}"): null

2019-12-02 02:40:22 - [TEST_STEP][PASSED] - Tel = selenium.getExpression(tel1 + "-" + tel2 + "-" + tel3): null

2019-12-02 02:40:22 - [TEST_STEP][PASSED] - AutoEmail = selenium.getEval("{var x="ABCDEFGHIJKLMNOPQRSTUVWXYZabcdefghijklmnopqrstuvwxyz"; var tmp="test."; for (i=0;i<8;i++) tmp+=x.charAt(Math.ceil(51*Math.random()));tmp+="@suryani.cn";}"): null

2019-12-02 02:40:22 - [TEST_STEP][PASSED] - FirstName = FirstName: null

2019-12-02 02:40:22 - [TEST_STEP][PASSED] - LastName = LastName: null

2019-12-02 02:40:22 - [TEST_STEP][PASSED] - Address = Address: null

2019-12-02 02:40:22 - [TEST_STEP][PASSED] - City = City: null

2019-12-02 02:40:22 - [TEST_STEP][PASSED] - Tel = Tel: null

2019-12-02 02:40:22 - [TEST_STEP][PASSED] - AutoEmail = AutoEmail: null

2019-12-02 02:40:22 - [TEST_STEP][PASSED] - println(FirstName): null

2019-12-02 02:40:22 - [TEST_STEP][PASSED] - println(LastName): null

2019-12-02 02:40:22 - [TEST_STEP][PASSED] - println(Address): null

2019-12-02 02:40:22 - [TEST_STEP][PASSED] - println(City): null

2019-12-02 02:40:22 - [TEST_STEP][PASSED] - println(Tel): null

2019-12-02 02:40:22 - [TEST_STEP][PASSED] - println(AutoEmail): null

2019-12-02 02:40:22 - [MESSAGE][PASSED] - Call Test Case 'Test Cases/mobileWeb/_include/name' successfully

2019-12-02 02:40:22 - [TEST_STEP][FAILED] - try: Unable to verify text 'Month Duration Acknowledgement' is present  (Root cause: com.kms.katalon.core.exception.StepFailedException: Text 'Month Duration Acknowledgement' is not present on page )

2019-12-02 02:40:22 - [TEST_STEP][FAILED] - if (verifyTextPresent("Month Duration Acknowledgement", false)): Unable to verify text 'Month Duration Acknowledgement' is present  (Root cause: com.kms.katalon.core.exception.StepFailedException: Text 'Month Duration Acknowledgement' is not present on page )

2019-12-02 02:40:22 - [MESSAGE][FAILED] - Text 'Month Duration Acknowledgement' is not present on page 

2019-12-02 02:40:23 - [MESSAGE][FAILED] - Unable to verify text 'Month Duration Acknowledgement' is present  (Root cause: com.kms.katalon.core.exception.StepFailedException: Text 'Month Duration Acknowledgement' is not present on page )
[[ATTACHMENT|D:\\Test\\AgileTest\\Reports\\HIC\\hic\\20191202_022122\\1575272422790.png]]

2019-12-02 02:40:23 - [TEST_STEP][PASSED] - catch (Exception e): null

2019-12-02 02:40:23 - [TEST_STEP][PASSED] - println("no consecutive"): null

2019-12-02 02:40:23 - [TEST_STEP][PASSED] - waitForPageLoad(10): Wait for page load successfully

2019-12-02 02:40:23 - [MESSAGE][PASSED] - Wait for page load successfully

2019-12-02 02:40:23 - [TEST_STEP][PASSED] - Thread.sleep(3000): null

2019-12-02 02:40:26 - [TEST_STEP][PASSED] - waitForElementVisible(findTestObject("mobileSanity/STM/Page_App Page 1/a_Autofill App Info"), 20): Object 'Object Repository/mobileSanity/STM/Page_App Page 1/a_Autofill App Info' is visible

2019-12-02 02:40:26 - [MESSAGE][PASSED] - Object 'Object Repository/mobileSanity/STM/Page_App Page 1/a_Autofill App Info' is visible

2019-12-02 02:40:26 - [TEST_STEP][PASSED] - click(findTestObject("mobileSanity/STM/Page_App Page 1/a_Autofill App Info")): Object: 'Object Repository/mobileSanity/STM/Page_App Page 1/a_Autofill App Info' is clicked on

2019-12-02 02:40:26 - [MESSAGE][PASSED] - Object: 'Object Repository/mobileSanity/STM/Page_App Page 1/a_Autofill App Info' is clicked on

2019-12-02 02:40:26 - [TEST_STEP][PASSED] - Thread.sleep(1000): null

2019-12-02 02:40:27 - [TEST_STEP][PASSED] - click(findTestObject("mobileSanity/STM/Page_App Page 1/a_Autofill App Info")): Object: 'Object Repository/mobileSanity/STM/Page_App Page 1/a_Autofill App Info' is clicked on

2019-12-02 02:40:27 - [MESSAGE][PASSED] - Object: 'Object Repository/mobileSanity/STM/Page_App Page 1/a_Autofill App Info' is clicked on

2019-12-02 02:40:27 - [TEST_STEP][PASSED] - Thread.sleep(1000): null

2019-12-02 02:40:28 - [TEST_STEP][PASSED] - waitForElementVisible(findTestObject("mobileSanity/STM/Page_App Page 1/a_Continue"), 20): Object 'Object Repository/mobileSanity/STM/Page_App Page 1/a_Continue' is visible

2019-12-02 02:40:28 - [MESSAGE][PASSED] - Object 'Object Repository/mobileSanity/STM/Page_App Page 1/a_Continue' is visible

2019-12-02 02:40:28 - [TEST_STEP][PASSED] - click(findTestObject("mobileSanity/STM/Page_App Page 1/a_Continue")): Object: 'Object Repository/mobileSanity/STM/Page_App Page 1/a_Continue' is clicked on

2019-12-02 02:40:28 - [MESSAGE][PASSED] - Object: 'Object Repository/mobileSanity/STM/Page_App Page 1/a_Continue' is clicked on

2019-12-02 02:40:28 - [TEST_STEP][PASSED] - waitForPageLoad(20): Wait for page load successfully

2019-12-02 02:40:28 - [MESSAGE][PASSED] - Wait for page load successfully

2019-12-02 02:40:28 - [TEST_STEP][PASSED] - Thread.sleep(5000): null

2019-12-02 02:40:33 - [TEST_STEP][PASSED] - callTestCase(findTestCase("mobileWeb/_include/get_screenshot"), [:], STOP_ON_FAILURE): Call Test Case 'Test Cases/mobileWeb/_include/get_screenshot' successfully

2019-12-02 02:40:33 - [TEST_CASE][PASSED] - Test Cases/mobileWeb/_include/get_screenshot: Test Cases/mobileWeb/_include/get_screenshot

2019-12-02 02:40:33 - [TEST_STEP][PASSED] - takeScreenshot(screenPath + i + ".png"): Taking screenshot successfully

2019-12-02 02:40:34 - [MESSAGE][PASSED] - Taking screenshot successfully
[[ATTACHMENT|D:\\Test\\AgileTest\\Reports\\HIC\\hic\\20191202_022122\\../Screenshots/iPhone 6/HIC/STM/Companion/standard/7.png]]

2019-12-02 02:40:34 - [TEST_STEP][PASSED] - (internal.GlobalVariable.i++): null

2019-12-02 02:40:34 - [MESSAGE][PASSED] - Call Test Case 'Test Cases/mobileWeb/_include/get_screenshot' successfully

2019-12-02 02:40:34 - [TEST_STEP][PASSED] - click(findTestObject("mobileSanity/STM/Page_App Page 2/a_Continue to Step 3 - Payment")): Object: 'Object Repository/mobileSanity/STM/Page_App Page 2/a_Continue to Step 3 - Payment' is clicked on

2019-12-02 02:40:34 - [MESSAGE][PASSED] - Object: 'Object Repository/mobileSanity/STM/Page_App Page 2/a_Continue to Step 3 - Payment' is clicked on

2019-12-02 02:40:34 - [TEST_STEP][PASSED] - waitForPageLoad(20): Wait for page load successfully

2019-12-02 02:40:34 - [MESSAGE][PASSED] - Wait for page load successfully

2019-12-02 02:40:34 - [TEST_STEP][PASSED] - waitForElementVisible(findTestObject("mobileSanity/STM/Page_App Page 3/input__credit-card-cvv"), 20): Object 'Object Repository/mobileSanity/STM/Page_App Page 3/input__credit-card-cvv' is visible

2019-12-02 02:40:34 - [MESSAGE][PASSED] - Object 'Object Repository/mobileSanity/STM/Page_App Page 3/input__credit-card-cvv' is visible

2019-12-02 02:40:34 - [TEST_STEP][PASSED] - Thread.sleep(2000): null

2019-12-02 02:40:36 - [TEST_STEP][PASSED] - callTestCase(findTestCase("mobileWeb/_include/get_screenshot"), [:], STOP_ON_FAILURE): Call Test Case 'Test Cases/mobileWeb/_include/get_screenshot' successfully

2019-12-02 02:40:36 - [TEST_CASE][PASSED] - Test Cases/mobileWeb/_include/get_screenshot: Test Cases/mobileWeb/_include/get_screenshot

2019-12-02 02:40:36 - [TEST_STEP][PASSED] - takeScreenshot(screenPath + i + ".png"): Taking screenshot successfully

2019-12-02 02:40:37 - [MESSAGE][PASSED] - Taking screenshot successfully
[[ATTACHMENT|D:\\Test\\AgileTest\\Reports\\HIC\\hic\\20191202_022122\\../Screenshots/iPhone 6/HIC/STM/Companion/standard/8.png]]

2019-12-02 02:40:37 - [TEST_STEP][PASSED] - (internal.GlobalVariable.i++): null

2019-12-02 02:40:37 - [MESSAGE][PASSED] - Call Test Case 'Test Cases/mobileWeb/_include/get_screenshot' successfully

2019-12-02 02:40:37 - [TEST_STEP][PASSED] - clearText(findTestObject("mobileSanity/STM/Page_App Page 3/input__credit-card-cvv")): Text of object 'Object Repository/mobileSanity/STM/Page_App Page 3/input__credit-card-cvv' is cleared

2019-12-02 02:40:37 - [MESSAGE][PASSED] - Text of object 'Object Repository/mobileSanity/STM/Page_App Page 3/input__credit-card-cvv' is cleared

2019-12-02 02:40:37 - [TEST_STEP][PASSED] - setText(findTestObject("mobileSanity/STM/Page_App Page 3/input__credit-card-cvv"), "123"): Text '123' is set on object 'Object Repository/mobileSanity/STM/Page_App Page 3/input__credit-card-cvv'

2019-12-02 02:40:37 - [MESSAGE][PASSED] - Text '123' is set on object 'Object Repository/mobileSanity/STM/Page_App Page 3/input__credit-card-cvv'

2019-12-02 02:40:37 - [TEST_STEP][PASSED] - click(findTestObject("mobileSanity/STM/Page_App Page 3/label_I Accept Authorization f")): Object: 'Object Repository/mobileSanity/STM/Page_App Page 3/label_I Accept Authorization f' is clicked on

2019-12-02 02:40:37 - [MESSAGE][PASSED] - Object: 'Object Repository/mobileSanity/STM/Page_App Page 3/label_I Accept Authorization f' is clicked on

2019-12-02 02:40:37 - [TEST_STEP][PASSED] - click(findTestObject("mobileSanity/STM/Page_App Page 3/a_Continue to Step 4 - Review")): Object: 'Object Repository/mobileSanity/STM/Page_App Page 3/a_Continue to Step 4 - Review' is clicked on

2019-12-02 02:40:37 - [MESSAGE][PASSED] - Object: 'Object Repository/mobileSanity/STM/Page_App Page 3/a_Continue to Step 4 - Review' is clicked on

2019-12-02 02:40:37 - [TEST_STEP][PASSED] - waitForPageLoad(10): Wait for page load successfully

2019-12-02 02:40:37 - [MESSAGE][PASSED] - Wait for page load successfully

2019-12-02 02:40:37 - [TEST_STEP][PASSED] - waitForElementClickable(findTestObject("mobileSanity/STM/Page_App Page 4/label"), 10): Web element with id: 'Object Repository/mobileSanity/STM/Page_App Page 4/label' located by 'By.xpath: //input[@id = 'consent-checkbox-0']' not found

2019-12-02 02:40:48 - [MESSAGE][INFO] - Unable to find the element located by 'By.xpath: //input[@id = 'consent-checkbox-0']'. Please recheck the objects properties to make sure the desired element is located. 

2019-12-02 02:40:48 - [MESSAGE][WARNING] - Web element with id: 'Object Repository/mobileSanity/STM/Page_App Page 4/label' located by 'By.xpath: //input[@id = 'consent-checkbox-0']' not found

2019-12-02 02:40:48 - [TEST_STEP][PASSED] - Thread.sleep(2000): null

2019-12-02 02:40:50 - [TEST_STEP][PASSED] - callTestCase(findTestCase("mobileWeb/_include/get_screenshot"), [:], STOP_ON_FAILURE): Call Test Case 'Test Cases/mobileWeb/_include/get_screenshot' successfully

2019-12-02 02:40:50 - [TEST_CASE][PASSED] - Test Cases/mobileWeb/_include/get_screenshot: Test Cases/mobileWeb/_include/get_screenshot

2019-12-02 02:40:50 - [TEST_STEP][PASSED] - takeScreenshot(screenPath + i + ".png"): Taking screenshot successfully

2019-12-02 02:40:50 - [MESSAGE][PASSED] - Taking screenshot successfully
[[ATTACHMENT|D:\\Test\\AgileTest\\Reports\\HIC\\hic\\20191202_022122\\../Screenshots/iPhone 6/HIC/STM/Companion/standard/9.png]]

2019-12-02 02:40:51 - [TEST_STEP][PASSED] - (internal.GlobalVariable.i++): null

2019-12-02 02:40:51 - [MESSAGE][PASSED] - Call Test Case 'Test Cases/mobileWeb/_include/get_screenshot' successfully

2019-12-02 02:40:51 - [TEST_STEP][PASSED] - click(findTestObject("mobileSanity/STM/Page_App Page 4/label")): Object: 'Object Repository/mobileSanity/STM/Page_App Page 4/label' is clicked on

2019-12-02 02:40:51 - [MESSAGE][PASSED] - Object: 'Object Repository/mobileSanity/STM/Page_App Page 4/label' is clicked on

2019-12-02 02:40:51 - [TEST_STEP][PASSED] - click(findTestObject("mobileSanity/STM/Page_App Page 4/div_CLICK TO SIGN")): Object: 'Object Repository/mobileSanity/STM/Page_App Page 4/div_CLICK TO SIGN' is clicked on

2019-12-02 02:40:51 - [MESSAGE][PASSED] - Object: 'Object Repository/mobileSanity/STM/Page_App Page 4/div_CLICK TO SIGN' is clicked on

2019-12-02 02:40:51 - [TEST_STEP][PASSED] - click(findTestObject("mobileSanity/STM/Page_App Page 4/a_Submit Your Application")): Object: 'Object Repository/mobileSanity/STM/Page_App Page 4/a_Submit Your Application' is clicked on

2019-12-02 02:40:51 - [MESSAGE][PASSED] - Object: 'Object Repository/mobileSanity/STM/Page_App Page 4/a_Submit Your Application' is clicked on

2019-12-02 02:40:51 - [TEST_STEP][PASSED] - Thread.sleep(30000): null

2019-12-02 02:41:21 - [TEST_STEP][PASSED] - waitForElementPresent(findTestObject("mobileSanity/STM/Page_App Page 6/app-page-wrapper"), 20): Object 'Object Repository/mobileSanity/STM/Page_App Page 6/app-page-wrapper' is present

2019-12-02 02:41:21 - [MESSAGE][PASSED] - Object 'Object Repository/mobileSanity/STM/Page_App Page 6/app-page-wrapper' is present

2019-12-02 02:41:21 - [TEST_STEP][PASSED] - callTestCase(findTestCase("mobileWeb/_include/get_screenshot"), [:], STOP_ON_FAILURE): Call Test Case 'Test Cases/mobileWeb/_include/get_screenshot' successfully

2019-12-02 02:41:21 - [TEST_CASE][PASSED] - Test Cases/mobileWeb/_include/get_screenshot: Test Cases/mobileWeb/_include/get_screenshot

2019-12-02 02:41:21 - [TEST_STEP][PASSED] - takeScreenshot(screenPath + i + ".png"): Taking screenshot successfully

2019-12-02 02:41:21 - [MESSAGE][PASSED] - Taking screenshot successfully
[[ATTACHMENT|D:\\Test\\AgileTest\\Reports\\HIC\\hic\\20191202_022122\\../Screenshots/iPhone 6/HIC/STM/Companion/standard/10.png]]

2019-12-02 02:41:21 - [TEST_STEP][PASSED] - (internal.GlobalVariable.i++): null

2019-12-02 02:41:21 - [MESSAGE][PASSED] - Call Test Case 'Test Cases/mobileWeb/_include/get_screenshot' successfully

2019-12-02 02:41:21 - [MESSAGE][PASSED] - Call Test Case 'Test Cases/mobileWeb/_include/goToEnd_stm_autofill' successfully]]></system-out>
         <system-err><![CDATA[]]></system-err>
      </testcase>
      <testcase name="Test Cases/HIC/STM/Everest Prime" classname="Test Cases/HIC/STM/Everest Prime" status="PASSED">
         <system-out><![CDATA[2019-12-02 02:41:21 - [TEST_CASE][PASSED] - Test Cases/HIC/STM/Everest Prime: Test Cases/HIC/STM/Everest Prime

2019-12-02 02:41:22 - [TEST_STEP][PASSED] - callTestCase(findTestCase("HIC/_include/get_hicScreenPath"), ["project":"HIC", "productLine":"STM", "carrierName":"Everest Prime"], CONTINUE_ON_FAILURE): Call Test Case 'Test Cases/HIC/_include/get_hicScreenPath' successfully

2019-12-02 02:41:22 - [TEST_CASE][PASSED] - Test Cases/HIC/_include/get_hicScreenPath: Test Cases/HIC/_include/get_hicScreenPath

2019-12-02 02:41:22 - [TEST_STEP][PASSED] - m = getExecutionProperties(): null

2019-12-02 02:41:22 - [TEST_STEP][PASSED] - deviceName = get("mobileEmulation").get("deviceName"): null

2019-12-02 02:41:22 - [TEST_STEP][PASSED] - println(deviceName): null

2019-12-02 02:41:22 - [TEST_STEP][PASSED] - now = new java.util.Date(): null

2019-12-02 02:41:22 - [TEST_STEP][PASSED] - mydate = now.format("yyyyMMdd_HHmmss"): null

2019-12-02 02:41:22 - [TEST_STEP][PASSED] - screenPath = "../Screenshots/": null

2019-12-02 02:41:22 - [TEST_STEP][PASSED] - screenPath = screenPath + deviceName + "/" + project + "/" + productLine + "/" + carrierName + "/" + "standard" + "/": null

2019-12-02 02:41:22 - [TEST_STEP][PASSED] - println(screenPath): null

2019-12-02 02:41:22 - [MESSAGE][PASSED] - Call Test Case 'Test Cases/HIC/_include/get_hicScreenPath' successfully

2019-12-02 02:41:22 - [TEST_STEP][PASSED] - i = 0: null

2019-12-02 02:41:22 - [TEST_STEP][PASSED] - callTestCase(findTestCase("mobileWeb/_include/openWebSite"), ["env":"https://qa.healthinsurance.com/"], CONTINUE_ON_FAILURE): Call Test Case 'Test Cases/mobileWeb/_include/openWebSite' successfully

2019-12-02 02:41:22 - [TEST_CASE][PASSED] - Test Cases/mobileWeb/_include/openWebSite: Test Cases/mobileWeb/_include/openWebSite

2019-12-02 02:41:22 - [TEST_STEP][PASSED] - openBrowser(env): Browser is opened with url: 'https://qa.healthinsurance.com/'

2019-12-02 02:41:22 - [MESSAGE][WARNING] - A browser is already opened. Closing browser and opening a new one

2019-12-02 02:41:23 - [MESSAGE][INFO] - Starting 'Chrome' driver

2019-12-02 02:41:23 - [MESSAGE][INFO] - User set preference: ['mobileEmulation', '{deviceName=iPhone 6}']

2019-12-02 02:41:23 - [MESSAGE][INFO] - User set preference: ['args', '[--incognito, --aggressive-cache-discard, --window-size=375,677, --no-sandbox]']

2019-12-02 02:41:25 - [MESSAGE][PASSED] - Browser is opened with url: 'https://qa.healthinsurance.com/'

2019-12-02 02:41:25 - [TEST_STEP][PASSED] - waitForPageLoad(20): Wait for page load successfully

2019-12-02 02:41:25 - [MESSAGE][PASSED] - Wait for page load successfully

2019-12-02 02:41:25 - [TEST_STEP][PASSED] - callTestCase(findTestCase("mobileWeb/_include/get_screenshot"), [:], STOP_ON_FAILURE): Call Test Case 'Test Cases/mobileWeb/_include/get_screenshot' successfully

2019-12-02 02:41:25 - [TEST_CASE][PASSED] - Test Cases/mobileWeb/_include/get_screenshot: Test Cases/mobileWeb/_include/get_screenshot

2019-12-02 02:41:25 - [TEST_STEP][PASSED] - takeScreenshot(screenPath + i + ".png"): Taking screenshot successfully

2019-12-02 02:41:26 - [MESSAGE][PASSED] - Taking screenshot successfully
[[ATTACHMENT|D:\\Test\\AgileTest\\Reports\\HIC\\hic\\20191202_022122\\../Screenshots/iPhone 6/HIC/STM/Everest Prime/standard/0.png]]

2019-12-02 02:41:26 - [TEST_STEP][PASSED] - (internal.GlobalVariable.i++): null

2019-12-02 02:41:26 - [MESSAGE][PASSED] - Call Test Case 'Test Cases/mobileWeb/_include/get_screenshot' successfully

2019-12-02 02:41:26 - [MESSAGE][PASSED] - Call Test Case 'Test Cases/mobileWeb/_include/openWebSite' successfully

2019-12-02 02:41:26 - [TEST_STEP][PASSED] - click(findTestObject("hic/nav/navButton")): Object: 'Object Repository/hic/nav/navButton' is clicked on

2019-12-02 02:41:26 - [MESSAGE][PASSED] - Object: 'Object Repository/hic/nav/navButton' is clicked on

2019-12-02 02:41:26 - [TEST_STEP][PASSED] - Thread.sleep(2000): null

2019-12-02 02:41:28 - [TEST_STEP][PASSED] - click(findTestObject("hic/nav/stmLink")): Object: 'Object Repository/hic/nav/stmLink' is clicked on

2019-12-02 02:41:28 - [MESSAGE][PASSED] - Object: 'Object Repository/hic/nav/stmLink' is clicked on

2019-12-02 02:41:28 - [TEST_STEP][PASSED] - Thread.sleep(2000): null

2019-12-02 02:41:30 - [TEST_STEP][PASSED] - callTestCase(findTestCase("mobileWeb/_include/get_screenshot"), [:], STOP_ON_FAILURE): Call Test Case 'Test Cases/mobileWeb/_include/get_screenshot' successfully

2019-12-02 02:41:30 - [TEST_CASE][PASSED] - Test Cases/mobileWeb/_include/get_screenshot: Test Cases/mobileWeb/_include/get_screenshot

2019-12-02 02:41:30 - [TEST_STEP][PASSED] - takeScreenshot(screenPath + i + ".png"): Taking screenshot successfully

2019-12-02 02:41:30 - [MESSAGE][PASSED] - Taking screenshot successfully
[[ATTACHMENT|D:\\Test\\AgileTest\\Reports\\HIC\\hic\\20191202_022122\\../Screenshots/iPhone 6/HIC/STM/Everest Prime/standard/1.png]]

2019-12-02 02:41:30 - [TEST_STEP][PASSED] - (internal.GlobalVariable.i++): null

2019-12-02 02:41:30 - [MESSAGE][PASSED] - Call Test Case 'Test Cases/mobileWeb/_include/get_screenshot' successfully

2019-12-02 02:41:30 - [TEST_STEP][PASSED] - callTestCase(findTestCase("HIC/_include/stm_census"), ["zipcode":"35215"], STOP_ON_FAILURE): Call Test Case 'Test Cases/HIC/_include/stm_census' successfully

2019-12-02 02:41:30 - [TEST_CASE][PASSED] - Test Cases/HIC/_include/stm_census: Test Cases/HIC/_include/stm_census

2019-12-02 02:41:30 - [TEST_STEP][PASSED] - setText(findTestObject("hic/stm/zip"), zipcode): Text '35215' is set on object 'Object Repository/hic/stm/zip'

2019-12-02 02:41:31 - [MESSAGE][PASSED] - Text '35215' is set on object 'Object Repository/hic/stm/zip'

2019-12-02 02:41:31 - [TEST_STEP][PASSED] - Thread.sleep(500): null

2019-12-02 02:41:31 - [TEST_STEP][PASSED] - setText(findTestObject("hic/stm/primaryDOB"), "03031987"): Text '03031987' is set on object 'Object Repository/hic/stm/primaryDOB'

2019-12-02 02:41:31 - [MESSAGE][PASSED] - Text '03031987' is set on object 'Object Repository/hic/stm/primaryDOB'

2019-12-02 02:41:31 - [TEST_STEP][PASSED] - click(findTestObject("hic/stm/female")): Object: 'Object Repository/hic/stm/female' is clicked on

2019-12-02 02:41:32 - [MESSAGE][PASSED] - Object: 'Object Repository/hic/stm/female' is clicked on

2019-12-02 02:41:32 - [TEST_STEP][PASSED] - Thread.sleep(3000): null

2019-12-02 02:41:35 - [TEST_STEP][PASSED] - click(findTestObject("hic/stm/submitButton")): Object: 'Object Repository/hic/stm/submitButton' is clicked on

2019-12-02 02:41:36 - [MESSAGE][PASSED] - Object: 'Object Repository/hic/stm/submitButton' is clicked on

2019-12-02 02:41:36 - [TEST_STEP][PASSED] - Thread.sleep(6000): null

2019-12-02 02:41:42 - [TEST_STEP][PASSED] - callTestCase(findTestCase("mobileWeb/_include/get_screenshot"), [:], STOP_ON_FAILURE): Call Test Case 'Test Cases/mobileWeb/_include/get_screenshot' successfully

2019-12-02 02:41:42 - [TEST_CASE][PASSED] - Test Cases/mobileWeb/_include/get_screenshot: Test Cases/mobileWeb/_include/get_screenshot

2019-12-02 02:41:42 - [TEST_STEP][PASSED] - takeScreenshot(screenPath + i + ".png"): Taking screenshot successfully

2019-12-02 02:42:06 - [MESSAGE][PASSED] - Taking screenshot successfully
[[ATTACHMENT|D:\\Test\\AgileTest\\Reports\\HIC\\hic\\20191202_022122\\../Screenshots/iPhone 6/HIC/STM/Everest Prime/standard/2.png]]

2019-12-02 02:42:06 - [TEST_STEP][PASSED] - (internal.GlobalVariable.i++): null

2019-12-02 02:42:06 - [MESSAGE][PASSED] - Call Test Case 'Test Cases/mobileWeb/_include/get_screenshot' successfully

2019-12-02 02:42:06 - [TEST_STEP][PASSED] - Thread.sleep(1000): null

2019-12-02 02:42:07 - [MESSAGE][PASSED] - Call Test Case 'Test Cases/HIC/_include/stm_census' successfully

2019-12-02 02:42:07 - [TEST_STEP][PASSED] - callTestCase(findTestCase("mobileWeb/_include/filter_stm"), ["carrier":"everest"], STOP_ON_FAILURE): Call Test Case 'Test Cases/mobileWeb/_include/filter_stm' successfully

2019-12-02 02:42:07 - [TEST_CASE][PASSED] - Test Cases/mobileWeb/_include/filter_stm: Test Cases/mobileWeb/_include/filter_stm

2019-12-02 02:42:07 - [TEST_STEP][PASSED] - driver = getWebDriver(): null

2019-12-02 02:42:07 - [TEST_STEP][PASSED] - selenium = new com.thoughtworks.selenium.webdriven.WebDriverBackedSelenium(driver, internal.GlobalVariable.ENV): null

2019-12-02 02:42:07 - [TEST_STEP][PASSED] - Thread.sleep(1000): null

2019-12-02 02:42:08 - [TEST_STEP][PASSED] - click(findTestObject("mobileSanity/STM/STM Quote Page/button_filters")): Object: 'Object Repository/mobileSanity/STM/STM Quote Page/button_filters' is clicked on

2019-12-02 02:42:09 - [MESSAGE][PASSED] - Object: 'Object Repository/mobileSanity/STM/STM Quote Page/button_filters' is clicked on

2019-12-02 02:42:09 - [TEST_STEP][PASSED] - Thread.sleep(1000): null

2019-12-02 02:42:10 - [TEST_STEP][PASSED] - click(findTestObject("mobileSanity/STM/STM Quote Page/i_Insurance company")): Object: 'Object Repository/mobileSanity/STM/STM Quote Page/i_Insurance company' is clicked on

2019-12-02 02:42:10 - [MESSAGE][PASSED] - Object: 'Object Repository/mobileSanity/STM/STM Quote Page/i_Insurance company' is clicked on

2019-12-02 02:42:10 - [TEST_STEP][PASSED] - Thread.sleep(1000): null

2019-12-02 02:42:11 - [TEST_STEP][PASSED] - filter_carrier = "//input[@name='filter[carrier]' and @value='" + carrier + "']/following::label": null

2019-12-02 02:42:11 - [TEST_STEP][PASSED] - println(filter_carrier): null

2019-12-02 02:42:11 - [TEST_STEP][PASSED] - test.MobileKeywords.clickJS_ByXpath(filter_carrier): test.MobileKeywords.clickJS_ByXpath is PASSED

2019-12-02 02:42:11 - [MESSAGE][PASSED] - Execute JavaScript 'arguments[0].click()' successfully

2019-12-02 02:42:11 - [MESSAGE][PASSED] - test.MobileKeywords.clickJS_ByXpath is PASSED

2019-12-02 02:42:11 - [TEST_STEP][PASSED] - scrollToElement(findTestObject("mobileSanity/STM/STM Quote Page/a_Show Plans"), 1000): Scroll to object 'Object Repository/mobileSanity/STM/STM Quote Page/a_Show Plans' successfully

2019-12-02 02:42:11 - [MESSAGE][PASSED] - Scroll to object 'Object Repository/mobileSanity/STM/STM Quote Page/a_Show Plans' successfully

2019-12-02 02:42:11 - [TEST_STEP][PASSED] - Thread.sleep(2000): null

2019-12-02 02:42:13 - [TEST_STEP][PASSED] - click(findTestObject("mobileSanity/STM/STM Quote Page/a_Show Plans")): Object: 'Object Repository/mobileSanity/STM/STM Quote Page/a_Show Plans' is clicked on

2019-12-02 02:42:13 - [MESSAGE][PASSED] - Object: 'Object Repository/mobileSanity/STM/STM Quote Page/a_Show Plans' is clicked on

2019-12-02 02:42:13 - [TEST_STEP][PASSED] - waitForJQueryLoad(20, STOP_ON_FAILURE): jQuery is ready.

2019-12-02 02:42:14 - [MESSAGE][PASSED] - jQuery is ready.

2019-12-02 02:42:14 - [TEST_STEP][PASSED] - Thread.sleep(2000): null

2019-12-02 02:42:16 - [TEST_STEP][PASSED] - callTestCase(findTestCase("mobileWeb/_include/get_screenshot"), [:], STOP_ON_FAILURE): Call Test Case 'Test Cases/mobileWeb/_include/get_screenshot' successfully

2019-12-02 02:42:16 - [TEST_CASE][PASSED] - Test Cases/mobileWeb/_include/get_screenshot: Test Cases/mobileWeb/_include/get_screenshot

2019-12-02 02:42:16 - [TEST_STEP][PASSED] - takeScreenshot(screenPath + i + ".png"): Taking screenshot successfully

2019-12-02 02:42:16 - [MESSAGE][PASSED] - Taking screenshot successfully
[[ATTACHMENT|D:\\Test\\AgileTest\\Reports\\HIC\\hic\\20191202_022122\\../Screenshots/iPhone 6/HIC/STM/Everest Prime/standard/3.png]]

2019-12-02 02:42:16 - [TEST_STEP][PASSED] - (internal.GlobalVariable.i++): null

2019-12-02 02:42:16 - [MESSAGE][PASSED] - Call Test Case 'Test Cases/mobileWeb/_include/get_screenshot' successfully

2019-12-02 02:42:16 - [MESSAGE][PASSED] - Call Test Case 'Test Cases/mobileWeb/_include/filter_stm' successfully

2019-12-02 02:42:16 - [TEST_STEP][PASSED] - callTestCase(findTestCase("mobileWeb/_include/goToDetail_stm"), ["carrier":"everest"], STOP_ON_FAILURE): Call Test Case 'Test Cases/mobileWeb/_include/goToDetail_stm' successfully

2019-12-02 02:42:16 - [TEST_CASE][PASSED] - Test Cases/mobileWeb/_include/goToDetail_stm: Test Cases/mobileWeb/_include/goToDetail_stm

2019-12-02 02:42:16 - [TEST_STEP][PASSED] - driver = getWebDriver(): null

2019-12-02 02:42:16 - [TEST_STEP][PASSED] - selenium = new com.thoughtworks.selenium.webdriven.WebDriverBackedSelenium(driver, internal.GlobalVariable.ENV): null

2019-12-02 02:42:16 - [TEST_STEP][PASSED] - a_plan_name = "xpath=//a[contains(@href,'/term-health-insurance/plan/" + carrier + "')]": null

2019-12-02 02:42:16 - [TEST_STEP][PASSED] - println(a_plan_name): null

2019-12-02 02:42:16 - [TEST_STEP][PASSED] - selenium.click(a_plan_name): null

2019-12-02 02:42:17 - [TEST_STEP][PASSED] - waitForPageLoad(20): Wait for page load successfully

2019-12-02 02:42:17 - [MESSAGE][PASSED] - Wait for page load successfully

2019-12-02 02:42:17 - [TEST_STEP][PASSED] - Thread.sleep(2000): null

2019-12-02 02:42:19 - [TEST_STEP][PASSED] - callTestCase(findTestCase("mobileWeb/_include/get_screenshot"), [:], STOP_ON_FAILURE): Call Test Case 'Test Cases/mobileWeb/_include/get_screenshot' successfully

2019-12-02 02:42:19 - [TEST_CASE][PASSED] - Test Cases/mobileWeb/_include/get_screenshot: Test Cases/mobileWeb/_include/get_screenshot

2019-12-02 02:42:19 - [TEST_STEP][PASSED] - takeScreenshot(screenPath + i + ".png"): Taking screenshot successfully

2019-12-02 02:42:19 - [MESSAGE][PASSED] - Taking screenshot successfully
[[ATTACHMENT|D:\\Test\\AgileTest\\Reports\\HIC\\hic\\20191202_022122\\../Screenshots/iPhone 6/HIC/STM/Everest Prime/standard/4.png]]

2019-12-02 02:42:19 - [TEST_STEP][PASSED] - (internal.GlobalVariable.i++): null

2019-12-02 02:42:19 - [MESSAGE][PASSED] - Call Test Case 'Test Cases/mobileWeb/_include/get_screenshot' successfully

2019-12-02 02:42:19 - [MESSAGE][PASSED] - Call Test Case 'Test Cases/mobileWeb/_include/goToDetail_stm' successfully

2019-12-02 02:42:19 - [TEST_STEP][PASSED] - callTestCase(findTestCase("mobileWeb/_include/apply_stm"), [:], STOP_ON_FAILURE): Call Test Case 'Test Cases/mobileWeb/_include/apply_stm' successfully

2019-12-02 02:42:19 - [TEST_CASE][PASSED] - Test Cases/mobileWeb/_include/apply_stm: Test Cases/mobileWeb/_include/apply_stm

2019-12-02 02:42:19 - [TEST_STEP][PASSED] - waitForElementVisible(findTestObject("mobileSanity/STM/STM PlanDetail Page/a_Apply for This Plan"), 5): Object 'Object Repository/mobileSanity/STM/STM PlanDetail Page/a_Apply for This Plan' is visible

2019-12-02 02:42:20 - [MESSAGE][PASSED] - Object 'Object Repository/mobileSanity/STM/STM PlanDetail Page/a_Apply for This Plan' is visible

2019-12-02 02:42:20 - [TEST_STEP][PASSED] - click(findTestObject("mobileSanity/STM/STM PlanDetail Page/a_Apply for This Plan")): Object: 'Object Repository/mobileSanity/STM/STM PlanDetail Page/a_Apply for This Plan' is clicked on

2019-12-02 02:42:21 - [MESSAGE][PASSED] - Object: 'Object Repository/mobileSanity/STM/STM PlanDetail Page/a_Apply for This Plan' is clicked on

2019-12-02 02:42:21 - [TEST_STEP][PASSED] - waitForPageLoad(10): Wait for page load successfully

2019-12-02 02:42:21 - [MESSAGE][PASSED] - Wait for page load successfully

2019-12-02 02:42:21 - [TEST_STEP][PASSED] - Thread.sleep(2000): null

2019-12-02 02:42:23 - [TEST_STEP][PASSED] - callTestCase(findTestCase("mobileWeb/_include/get_screenshot"), [:], STOP_ON_FAILURE): Call Test Case 'Test Cases/mobileWeb/_include/get_screenshot' successfully

2019-12-02 02:42:23 - [TEST_CASE][PASSED] - Test Cases/mobileWeb/_include/get_screenshot: Test Cases/mobileWeb/_include/get_screenshot

2019-12-02 02:42:23 - [TEST_STEP][PASSED] - takeScreenshot(screenPath + i + ".png"): Taking screenshot successfully

2019-12-02 02:42:23 - [MESSAGE][PASSED] - Taking screenshot successfully
[[ATTACHMENT|D:\\Test\\AgileTest\\Reports\\HIC\\hic\\20191202_022122\\../Screenshots/iPhone 6/HIC/STM/Everest Prime/standard/5.png]]

2019-12-02 02:42:23 - [TEST_STEP][PASSED] - (internal.GlobalVariable.i++): null

2019-12-02 02:42:23 - [MESSAGE][PASSED] - Call Test Case 'Test Cases/mobileWeb/_include/get_screenshot' successfully

2019-12-02 02:42:23 - [TEST_STEP][PASSED] - waitForElementVisible(findTestObject("mobileSanity/STM/STM Apply Page/a_Start Secure Application"), 5): Object 'Object Repository/mobileSanity/STM/STM Apply Page/a_Start Secure Application' is visible

2019-12-02 02:42:23 - [MESSAGE][PASSED] - Object 'Object Repository/mobileSanity/STM/STM Apply Page/a_Start Secure Application' is visible

2019-12-02 02:42:23 - [TEST_STEP][PASSED] - click(findTestObject("mobileSanity/STM/STM Apply Page/a_Start Secure Application")): Object: 'Object Repository/mobileSanity/STM/STM Apply Page/a_Start Secure Application' is clicked on

2019-12-02 02:42:24 - [MESSAGE][PASSED] - Object: 'Object Repository/mobileSanity/STM/STM Apply Page/a_Start Secure Application' is clicked on

2019-12-02 02:42:24 - [TEST_STEP][PASSED] - waitForPageLoad(20): Wait for page load successfully

2019-12-02 02:42:26 - [MESSAGE][PASSED] - Wait for page load successfully

2019-12-02 02:42:26 - [TEST_STEP][PASSED] - Thread.sleep(2000): null

2019-12-02 02:42:28 - [TEST_STEP][PASSED] - callTestCase(findTestCase("mobileWeb/_include/get_screenshot"), [:], STOP_ON_FAILURE): Call Test Case 'Test Cases/mobileWeb/_include/get_screenshot' successfully

2019-12-02 02:42:28 - [TEST_CASE][PASSED] - Test Cases/mobileWeb/_include/get_screenshot: Test Cases/mobileWeb/_include/get_screenshot

2019-12-02 02:42:28 - [TEST_STEP][PASSED] - takeScreenshot(screenPath + i + ".png"): Taking screenshot successfully

2019-12-02 02:42:29 - [MESSAGE][PASSED] - Taking screenshot successfully
[[ATTACHMENT|D:\\Test\\AgileTest\\Reports\\HIC\\hic\\20191202_022122\\../Screenshots/iPhone 6/HIC/STM/Everest Prime/standard/6.png]]

2019-12-02 02:42:29 - [TEST_STEP][PASSED] - (internal.GlobalVariable.i++): null

2019-12-02 02:42:29 - [MESSAGE][PASSED] - Call Test Case 'Test Cases/mobileWeb/_include/get_screenshot' successfully

2019-12-02 02:42:29 - [MESSAGE][PASSED] - Call Test Case 'Test Cases/mobileWeb/_include/apply_stm' successfully

2019-12-02 02:42:29 - [TEST_STEP][PASSED] - callTestCase(findTestCase("mobileWeb/_include/goToEnd_stm_autofill"), [:], STOP_ON_FAILURE): Call Test Case 'Test Cases/mobileWeb/_include/goToEnd_stm_autofill' successfully

2019-12-02 02:42:29 - [TEST_CASE][PASSED] - Test Cases/mobileWeb/_include/goToEnd_stm_autofill: Test Cases/mobileWeb/_include/goToEnd_stm_autofill

2019-12-02 02:42:29 - [TEST_STEP][PASSED] - callTestCase(findTestCase("mobileWeb/_include/name"), [:], CONTINUE_ON_FAILURE): Call Test Case 'Test Cases/mobileWeb/_include/name' successfully

2019-12-02 02:42:29 - [TEST_CASE][PASSED] - Test Cases/mobileWeb/_include/name: Test Cases/mobileWeb/_include/name

2019-12-02 02:42:29 - [TEST_STEP][PASSED] - driver = getWebDriver(): null

2019-12-02 02:42:29 - [TEST_STEP][PASSED] - selenium = new com.thoughtworks.selenium.webdriven.WebDriverBackedSelenium(driver, internal.GlobalVariable.ENV): null

2019-12-02 02:42:29 - [TEST_STEP][PASSED] - FirstName = "Test-123": null

2019-12-02 02:42:29 - [TEST_STEP][PASSED] - LastName = selenium.getEval("{var x="ABCDEFGHIJKLMNOPQRSTUVWXYZabcdefghijklmnopqrstuvwxyz"; var tmp="ZZ11-"; for (i=0;i<8;i++) tmp+=x.charAt(Math.ceil(51*Math.random()));tmp;}"): null

2019-12-02 02:42:29 - [TEST_STEP][PASSED] - Address = selenium.getEval("{var x="ABCDEFGHIJKLMNOPQRSTUVWXYZabcdefghijklmnopqrstuvwxyz"; var tmp=""; for (i=0;i<8;i++) tmp+=x.charAt(Math.ceil(51*Math.random()));tmp;}"): null

2019-12-02 02:42:29 - [TEST_STEP][PASSED] - City = selenium.getEval("{var x="ABCDEFGHIJKLMNOPQRSTUVWXYZabcdefghijklmnopqrstuvwxyz"; var tmp=""; for (i=0;i<8;i++) tmp+=x.charAt(Math.ceil(51*Math.random()));tmp;}"): null

2019-12-02 02:42:29 - [TEST_STEP][PASSED] - tel1 = selenium.getEval("{var x="123456789"; var tmp=""; for (i=0;i<3;i++) tmp+=x.charAt(Math.ceil(8*Math.random()));tmp;}"): null

2019-12-02 02:42:29 - [TEST_STEP][PASSED] - tel2 = selenium.getEval("{var x="123456789"; var tmp=""; for (i=0;i<3;i++) tmp+=x.charAt(Math.ceil(8*Math.random()));tmp;}"): null

2019-12-02 02:42:29 - [TEST_STEP][PASSED] - tel3 = selenium.getEval("{var x="123456789"; var tmp=""; for (i=0;i<4;i++) tmp+=x.charAt(Math.ceil(8*Math.random()));tmp;}"): null

2019-12-02 02:42:29 - [TEST_STEP][PASSED] - Tel = selenium.getExpression(tel1 + "-" + tel2 + "-" + tel3): null

2019-12-02 02:42:29 - [TEST_STEP][PASSED] - AutoEmail = selenium.getEval("{var x="ABCDEFGHIJKLMNOPQRSTUVWXYZabcdefghijklmnopqrstuvwxyz"; var tmp="test."; for (i=0;i<8;i++) tmp+=x.charAt(Math.ceil(51*Math.random()));tmp+="@suryani.cn";}"): null

2019-12-02 02:42:29 - [TEST_STEP][PASSED] - FirstName = FirstName: null

2019-12-02 02:42:29 - [TEST_STEP][PASSED] - LastName = LastName: null

2019-12-02 02:42:29 - [TEST_STEP][PASSED] - Address = Address: null

2019-12-02 02:42:29 - [TEST_STEP][PASSED] - City = City: null

2019-12-02 02:42:29 - [TEST_STEP][PASSED] - Tel = Tel: null

2019-12-02 02:42:29 - [TEST_STEP][PASSED] - AutoEmail = AutoEmail: null

2019-12-02 02:42:29 - [TEST_STEP][PASSED] - println(FirstName): null

2019-12-02 02:42:29 - [TEST_STEP][PASSED] - println(LastName): null

2019-12-02 02:42:29 - [TEST_STEP][PASSED] - println(Address): null

2019-12-02 02:42:29 - [TEST_STEP][PASSED] - println(City): null

2019-12-02 02:42:29 - [TEST_STEP][PASSED] - println(Tel): null

2019-12-02 02:42:29 - [TEST_STEP][PASSED] - println(AutoEmail): null

2019-12-02 02:42:29 - [MESSAGE][PASSED] - Call Test Case 'Test Cases/mobileWeb/_include/name' successfully

2019-12-02 02:42:29 - [TEST_STEP][FAILED] - try: Unable to verify text 'Month Duration Acknowledgement' is present  (Root cause: com.kms.katalon.core.exception.StepFailedException: Text 'Month Duration Acknowledgement' is not present on page )

2019-12-02 02:42:29 - [TEST_STEP][FAILED] - if (verifyTextPresent("Month Duration Acknowledgement", false)): Unable to verify text 'Month Duration Acknowledgement' is present  (Root cause: com.kms.katalon.core.exception.StepFailedException: Text 'Month Duration Acknowledgement' is not present on page )

2019-12-02 02:42:29 - [MESSAGE][FAILED] - Text 'Month Duration Acknowledgement' is not present on page 

2019-12-02 02:42:30 - [MESSAGE][FAILED] - Unable to verify text 'Month Duration Acknowledgement' is present  (Root cause: com.kms.katalon.core.exception.StepFailedException: Text 'Month Duration Acknowledgement' is not present on page )
[[ATTACHMENT|D:\\Test\\AgileTest\\Reports\\HIC\\hic\\20191202_022122\\1575272549959.png]]

2019-12-02 02:42:30 - [TEST_STEP][PASSED] - catch (Exception e): null

2019-12-02 02:42:30 - [TEST_STEP][PASSED] - println("no consecutive"): null

2019-12-02 02:42:30 - [TEST_STEP][PASSED] - waitForPageLoad(10): Wait for page load successfully

2019-12-02 02:42:30 - [MESSAGE][PASSED] - Wait for page load successfully

2019-12-02 02:42:30 - [TEST_STEP][PASSED] - Thread.sleep(3000): null

2019-12-02 02:42:33 - [TEST_STEP][PASSED] - waitForElementVisible(findTestObject("mobileSanity/STM/Page_App Page 1/a_Autofill App Info"), 20): Object 'Object Repository/mobileSanity/STM/Page_App Page 1/a_Autofill App Info' is visible

2019-12-02 02:42:33 - [MESSAGE][PASSED] - Object 'Object Repository/mobileSanity/STM/Page_App Page 1/a_Autofill App Info' is visible

2019-12-02 02:42:33 - [TEST_STEP][PASSED] - click(findTestObject("mobileSanity/STM/Page_App Page 1/a_Autofill App Info")): Object: 'Object Repository/mobileSanity/STM/Page_App Page 1/a_Autofill App Info' is clicked on

2019-12-02 02:42:33 - [MESSAGE][PASSED] - Object: 'Object Repository/mobileSanity/STM/Page_App Page 1/a_Autofill App Info' is clicked on

2019-12-02 02:42:33 - [TEST_STEP][PASSED] - Thread.sleep(1000): null

2019-12-02 02:42:34 - [TEST_STEP][PASSED] - click(findTestObject("mobileSanity/STM/Page_App Page 1/a_Autofill App Info")): Object: 'Object Repository/mobileSanity/STM/Page_App Page 1/a_Autofill App Info' is clicked on

2019-12-02 02:42:34 - [MESSAGE][PASSED] - Object: 'Object Repository/mobileSanity/STM/Page_App Page 1/a_Autofill App Info' is clicked on

2019-12-02 02:42:34 - [TEST_STEP][PASSED] - Thread.sleep(1000): null

2019-12-02 02:42:35 - [TEST_STEP][PASSED] - waitForElementVisible(findTestObject("mobileSanity/STM/Page_App Page 1/a_Continue"), 20): Object 'Object Repository/mobileSanity/STM/Page_App Page 1/a_Continue' is visible

2019-12-02 02:42:35 - [MESSAGE][PASSED] - Object 'Object Repository/mobileSanity/STM/Page_App Page 1/a_Continue' is visible

2019-12-02 02:42:35 - [TEST_STEP][PASSED] - click(findTestObject("mobileSanity/STM/Page_App Page 1/a_Continue")): Object: 'Object Repository/mobileSanity/STM/Page_App Page 1/a_Continue' is clicked on

2019-12-02 02:42:36 - [MESSAGE][PASSED] - Object: 'Object Repository/mobileSanity/STM/Page_App Page 1/a_Continue' is clicked on

2019-12-02 02:42:36 - [TEST_STEP][PASSED] - waitForPageLoad(20): Wait for page load successfully

2019-12-02 02:42:36 - [MESSAGE][PASSED] - Wait for page load successfully

2019-12-02 02:42:36 - [TEST_STEP][PASSED] - Thread.sleep(5000): null

2019-12-02 02:42:41 - [TEST_STEP][PASSED] - callTestCase(findTestCase("mobileWeb/_include/get_screenshot"), [:], STOP_ON_FAILURE): Call Test Case 'Test Cases/mobileWeb/_include/get_screenshot' successfully

2019-12-02 02:42:41 - [TEST_CASE][PASSED] - Test Cases/mobileWeb/_include/get_screenshot: Test Cases/mobileWeb/_include/get_screenshot

2019-12-02 02:42:41 - [TEST_STEP][PASSED] - takeScreenshot(screenPath + i + ".png"): Taking screenshot successfully

2019-12-02 02:42:41 - [MESSAGE][PASSED] - Taking screenshot successfully
[[ATTACHMENT|D:\\Test\\AgileTest\\Reports\\HIC\\hic\\20191202_022122\\../Screenshots/iPhone 6/HIC/STM/Everest Prime/standard/7.png]]

2019-12-02 02:42:41 - [TEST_STEP][PASSED] - (internal.GlobalVariable.i++): null

2019-12-02 02:42:41 - [MESSAGE][PASSED] - Call Test Case 'Test Cases/mobileWeb/_include/get_screenshot' successfully

2019-12-02 02:42:41 - [TEST_STEP][PASSED] - click(findTestObject("mobileSanity/STM/Page_App Page 2/a_Continue to Step 3 - Payment")): Object: 'Object Repository/mobileSanity/STM/Page_App Page 2/a_Continue to Step 3 - Payment' is clicked on

2019-12-02 02:42:42 - [MESSAGE][PASSED] - Object: 'Object Repository/mobileSanity/STM/Page_App Page 2/a_Continue to Step 3 - Payment' is clicked on

2019-12-02 02:42:42 - [TEST_STEP][PASSED] - waitForPageLoad(20): Wait for page load successfully

2019-12-02 02:42:42 - [MESSAGE][PASSED] - Wait for page load successfully

2019-12-02 02:42:42 - [TEST_STEP][PASSED] - waitForElementVisible(findTestObject("mobileSanity/STM/Page_App Page 3/input__credit-card-cvv"), 20): Object 'Object Repository/mobileSanity/STM/Page_App Page 3/input__credit-card-cvv' is visible

2019-12-02 02:42:42 - [MESSAGE][PASSED] - Object 'Object Repository/mobileSanity/STM/Page_App Page 3/input__credit-card-cvv' is visible

2019-12-02 02:42:42 - [TEST_STEP][PASSED] - Thread.sleep(2000): null

2019-12-02 02:42:44 - [TEST_STEP][PASSED] - callTestCase(findTestCase("mobileWeb/_include/get_screenshot"), [:], STOP_ON_FAILURE): Call Test Case 'Test Cases/mobileWeb/_include/get_screenshot' successfully

2019-12-02 02:42:44 - [TEST_CASE][PASSED] - Test Cases/mobileWeb/_include/get_screenshot: Test Cases/mobileWeb/_include/get_screenshot

2019-12-02 02:42:44 - [TEST_STEP][PASSED] - takeScreenshot(screenPath + i + ".png"): Taking screenshot successfully

2019-12-02 02:42:45 - [MESSAGE][PASSED] - Taking screenshot successfully
[[ATTACHMENT|D:\\Test\\AgileTest\\Reports\\HIC\\hic\\20191202_022122\\../Screenshots/iPhone 6/HIC/STM/Everest Prime/standard/8.png]]

2019-12-02 02:42:45 - [TEST_STEP][PASSED] - (internal.GlobalVariable.i++): null

2019-12-02 02:42:45 - [MESSAGE][PASSED] - Call Test Case 'Test Cases/mobileWeb/_include/get_screenshot' successfully

2019-12-02 02:42:45 - [TEST_STEP][PASSED] - clearText(findTestObject("mobileSanity/STM/Page_App Page 3/input__credit-card-cvv")): Text of object 'Object Repository/mobileSanity/STM/Page_App Page 3/input__credit-card-cvv' is cleared

2019-12-02 02:42:45 - [MESSAGE][PASSED] - Text of object 'Object Repository/mobileSanity/STM/Page_App Page 3/input__credit-card-cvv' is cleared

2019-12-02 02:42:45 - [TEST_STEP][PASSED] - setText(findTestObject("mobileSanity/STM/Page_App Page 3/input__credit-card-cvv"), "123"): Text '123' is set on object 'Object Repository/mobileSanity/STM/Page_App Page 3/input__credit-card-cvv'

2019-12-02 02:42:45 - [MESSAGE][PASSED] - Text '123' is set on object 'Object Repository/mobileSanity/STM/Page_App Page 3/input__credit-card-cvv'

2019-12-02 02:42:45 - [TEST_STEP][PASSED] - click(findTestObject("mobileSanity/STM/Page_App Page 3/label_I Accept Authorization f")): Object: 'Object Repository/mobileSanity/STM/Page_App Page 3/label_I Accept Authorization f' is clicked on

2019-12-02 02:42:45 - [MESSAGE][PASSED] - Object: 'Object Repository/mobileSanity/STM/Page_App Page 3/label_I Accept Authorization f' is clicked on

2019-12-02 02:42:45 - [TEST_STEP][PASSED] - click(findTestObject("mobileSanity/STM/Page_App Page 3/a_Continue to Step 4 - Review")): Object: 'Object Repository/mobileSanity/STM/Page_App Page 3/a_Continue to Step 4 - Review' is clicked on

2019-12-02 02:42:45 - [MESSAGE][PASSED] - Object: 'Object Repository/mobileSanity/STM/Page_App Page 3/a_Continue to Step 4 - Review' is clicked on

2019-12-02 02:42:45 - [TEST_STEP][PASSED] - waitForPageLoad(10): Wait for page load successfully

2019-12-02 02:42:45 - [MESSAGE][PASSED] - Wait for page load successfully

2019-12-02 02:42:45 - [TEST_STEP][PASSED] - waitForElementClickable(findTestObject("mobileSanity/STM/Page_App Page 4/label"), 10): Object 'Object Repository/mobileSanity/STM/Page_App Page 4/label' is clickable

2019-12-02 02:42:46 - [MESSAGE][PASSED] - Object 'Object Repository/mobileSanity/STM/Page_App Page 4/label' is clickable

2019-12-02 02:42:46 - [TEST_STEP][PASSED] - Thread.sleep(2000): null

2019-12-02 02:42:48 - [TEST_STEP][PASSED] - callTestCase(findTestCase("mobileWeb/_include/get_screenshot"), [:], STOP_ON_FAILURE): Call Test Case 'Test Cases/mobileWeb/_include/get_screenshot' successfully

2019-12-02 02:42:48 - [TEST_CASE][PASSED] - Test Cases/mobileWeb/_include/get_screenshot: Test Cases/mobileWeb/_include/get_screenshot

2019-12-02 02:42:48 - [TEST_STEP][PASSED] - takeScreenshot(screenPath + i + ".png"): Taking screenshot successfully

2019-12-02 02:42:49 - [MESSAGE][PASSED] - Taking screenshot successfully
[[ATTACHMENT|D:\\Test\\AgileTest\\Reports\\HIC\\hic\\20191202_022122\\../Screenshots/iPhone 6/HIC/STM/Everest Prime/standard/9.png]]

2019-12-02 02:42:49 - [TEST_STEP][PASSED] - (internal.GlobalVariable.i++): null

2019-12-02 02:42:49 - [MESSAGE][PASSED] - Call Test Case 'Test Cases/mobileWeb/_include/get_screenshot' successfully

2019-12-02 02:42:49 - [TEST_STEP][PASSED] - click(findTestObject("mobileSanity/STM/Page_App Page 4/label")): Object: 'Object Repository/mobileSanity/STM/Page_App Page 4/label' is clicked on

2019-12-02 02:42:49 - [MESSAGE][PASSED] - Object: 'Object Repository/mobileSanity/STM/Page_App Page 4/label' is clicked on

2019-12-02 02:42:49 - [TEST_STEP][PASSED] - click(findTestObject("mobileSanity/STM/Page_App Page 4/div_CLICK TO SIGN")): Object: 'Object Repository/mobileSanity/STM/Page_App Page 4/div_CLICK TO SIGN' is clicked on

2019-12-02 02:42:49 - [MESSAGE][PASSED] - Object: 'Object Repository/mobileSanity/STM/Page_App Page 4/div_CLICK TO SIGN' is clicked on

2019-12-02 02:42:49 - [TEST_STEP][PASSED] - click(findTestObject("mobileSanity/STM/Page_App Page 4/a_Submit Your Application")): Object: 'Object Repository/mobileSanity/STM/Page_App Page 4/a_Submit Your Application' is clicked on

2019-12-02 02:42:49 - [MESSAGE][PASSED] - Object: 'Object Repository/mobileSanity/STM/Page_App Page 4/a_Submit Your Application' is clicked on

2019-12-02 02:42:49 - [TEST_STEP][PASSED] - Thread.sleep(30000): null

2019-12-02 02:43:19 - [TEST_STEP][PASSED] - waitForElementPresent(findTestObject("mobileSanity/STM/Page_App Page 6/app-page-wrapper"), 20): Object 'Object Repository/mobileSanity/STM/Page_App Page 6/app-page-wrapper' is present

2019-12-02 02:43:19 - [MESSAGE][PASSED] - Object 'Object Repository/mobileSanity/STM/Page_App Page 6/app-page-wrapper' is present

2019-12-02 02:43:19 - [TEST_STEP][PASSED] - callTestCase(findTestCase("mobileWeb/_include/get_screenshot"), [:], STOP_ON_FAILURE): Call Test Case 'Test Cases/mobileWeb/_include/get_screenshot' successfully

2019-12-02 02:43:19 - [TEST_CASE][PASSED] - Test Cases/mobileWeb/_include/get_screenshot: Test Cases/mobileWeb/_include/get_screenshot

2019-12-02 02:43:19 - [TEST_STEP][PASSED] - takeScreenshot(screenPath + i + ".png"): Taking screenshot successfully

2019-12-02 02:43:20 - [MESSAGE][PASSED] - Taking screenshot successfully
[[ATTACHMENT|D:\\Test\\AgileTest\\Reports\\HIC\\hic\\20191202_022122\\../Screenshots/iPhone 6/HIC/STM/Everest Prime/standard/10.png]]

2019-12-02 02:43:20 - [TEST_STEP][PASSED] - (internal.GlobalVariable.i++): null

2019-12-02 02:43:20 - [MESSAGE][PASSED] - Call Test Case 'Test Cases/mobileWeb/_include/get_screenshot' successfully

2019-12-02 02:43:20 - [MESSAGE][PASSED] - Call Test Case 'Test Cases/mobileWeb/_include/goToEnd_stm_autofill' successfully]]></system-out>
         <system-err><![CDATA[]]></system-err>
      </testcase>
      <testcase name="Test Cases/HIC/STM/Everest" classname="Test Cases/HIC/STM/Everest" status="PASSED">
         <system-out><![CDATA[2019-12-02 02:43:20 - [TEST_CASE][PASSED] - Test Cases/HIC/STM/Everest: Test Cases/HIC/STM/Everest

2019-12-02 02:43:20 - [TEST_STEP][PASSED] - callTestCase(findTestCase("HIC/_include/get_hicScreenPath"), ["project":"HIC", "productLine":"STM", "carrierName":"Everest"], CONTINUE_ON_FAILURE): Call Test Case 'Test Cases/HIC/_include/get_hicScreenPath' successfully

2019-12-02 02:43:20 - [TEST_CASE][PASSED] - Test Cases/HIC/_include/get_hicScreenPath: Test Cases/HIC/_include/get_hicScreenPath

2019-12-02 02:43:20 - [TEST_STEP][PASSED] - m = getExecutionProperties(): null

2019-12-02 02:43:20 - [TEST_STEP][PASSED] - deviceName = get("mobileEmulation").get("deviceName"): null

2019-12-02 02:43:20 - [TEST_STEP][PASSED] - println(deviceName): null

2019-12-02 02:43:20 - [TEST_STEP][PASSED] - now = new java.util.Date(): null

2019-12-02 02:43:20 - [TEST_STEP][PASSED] - mydate = now.format("yyyyMMdd_HHmmss"): null

2019-12-02 02:43:20 - [TEST_STEP][PASSED] - screenPath = "../Screenshots/": null

2019-12-02 02:43:20 - [TEST_STEP][PASSED] - screenPath = screenPath + deviceName + "/" + project + "/" + productLine + "/" + carrierName + "/" + "standard" + "/": null

2019-12-02 02:43:20 - [TEST_STEP][PASSED] - println(screenPath): null

2019-12-02 02:43:20 - [MESSAGE][PASSED] - Call Test Case 'Test Cases/HIC/_include/get_hicScreenPath' successfully

2019-12-02 02:43:20 - [TEST_STEP][PASSED] - i = 0: null

2019-12-02 02:43:20 - [TEST_STEP][PASSED] - callTestCase(findTestCase("mobileWeb/_include/openWebSite"), ["env":"https://qa.healthinsurance.com/"], CONTINUE_ON_FAILURE): Call Test Case 'Test Cases/mobileWeb/_include/openWebSite' successfully

2019-12-02 02:43:20 - [TEST_CASE][PASSED] - Test Cases/mobileWeb/_include/openWebSite: Test Cases/mobileWeb/_include/openWebSite

2019-12-02 02:43:20 - [TEST_STEP][PASSED] - openBrowser(env): Browser is opened with url: 'https://qa.healthinsurance.com/'

2019-12-02 02:43:20 - [MESSAGE][WARNING] - A browser is already opened. Closing browser and opening a new one

2019-12-02 02:43:21 - [MESSAGE][INFO] - Starting 'Chrome' driver

2019-12-02 02:43:21 - [MESSAGE][INFO] - User set preference: ['mobileEmulation', '{deviceName=iPhone 6}']

2019-12-02 02:43:21 - [MESSAGE][INFO] - User set preference: ['args', '[--incognito, --aggressive-cache-discard, --window-size=375,677, --no-sandbox]']

2019-12-02 02:43:24 - [MESSAGE][PASSED] - Browser is opened with url: 'https://qa.healthinsurance.com/'

2019-12-02 02:43:24 - [TEST_STEP][PASSED] - waitForPageLoad(20): Wait for page load successfully

2019-12-02 02:43:24 - [MESSAGE][PASSED] - Wait for page load successfully

2019-12-02 02:43:24 - [TEST_STEP][PASSED] - callTestCase(findTestCase("mobileWeb/_include/get_screenshot"), [:], STOP_ON_FAILURE): Call Test Case 'Test Cases/mobileWeb/_include/get_screenshot' successfully

2019-12-02 02:43:24 - [TEST_CASE][PASSED] - Test Cases/mobileWeb/_include/get_screenshot: Test Cases/mobileWeb/_include/get_screenshot

2019-12-02 02:43:24 - [TEST_STEP][PASSED] - takeScreenshot(screenPath + i + ".png"): Taking screenshot successfully

2019-12-02 02:43:24 - [MESSAGE][PASSED] - Taking screenshot successfully
[[ATTACHMENT|D:\\Test\\AgileTest\\Reports\\HIC\\hic\\20191202_022122\\../Screenshots/iPhone 6/HIC/STM/Everest/standard/0.png]]

2019-12-02 02:43:24 - [TEST_STEP][PASSED] - (internal.GlobalVariable.i++): null

2019-12-02 02:43:24 - [MESSAGE][PASSED] - Call Test Case 'Test Cases/mobileWeb/_include/get_screenshot' successfully

2019-12-02 02:43:24 - [MESSAGE][PASSED] - Call Test Case 'Test Cases/mobileWeb/_include/openWebSite' successfully

2019-12-02 02:43:24 - [TEST_STEP][PASSED] - click(findTestObject("hic/nav/navButton")): Object: 'Object Repository/hic/nav/navButton' is clicked on

2019-12-02 02:43:24 - [MESSAGE][PASSED] - Object: 'Object Repository/hic/nav/navButton' is clicked on

2019-12-02 02:43:24 - [TEST_STEP][PASSED] - Thread.sleep(2000): null

2019-12-02 02:43:26 - [TEST_STEP][PASSED] - click(findTestObject("hic/nav/stmLink")): Object: 'Object Repository/hic/nav/stmLink' is clicked on

2019-12-02 02:43:26 - [MESSAGE][PASSED] - Object: 'Object Repository/hic/nav/stmLink' is clicked on

2019-12-02 02:43:26 - [TEST_STEP][PASSED] - Thread.sleep(2000): null

2019-12-02 02:43:28 - [TEST_STEP][PASSED] - callTestCase(findTestCase("mobileWeb/_include/get_screenshot"), [:], STOP_ON_FAILURE): Call Test Case 'Test Cases/mobileWeb/_include/get_screenshot' successfully

2019-12-02 02:43:28 - [TEST_CASE][PASSED] - Test Cases/mobileWeb/_include/get_screenshot: Test Cases/mobileWeb/_include/get_screenshot

2019-12-02 02:43:28 - [TEST_STEP][PASSED] - takeScreenshot(screenPath + i + ".png"): Taking screenshot successfully

2019-12-02 02:43:29 - [MESSAGE][PASSED] - Taking screenshot successfully
[[ATTACHMENT|D:\\Test\\AgileTest\\Reports\\HIC\\hic\\20191202_022122\\../Screenshots/iPhone 6/HIC/STM/Everest/standard/1.png]]

2019-12-02 02:43:29 - [TEST_STEP][PASSED] - (internal.GlobalVariable.i++): null

2019-12-02 02:43:29 - [MESSAGE][PASSED] - Call Test Case 'Test Cases/mobileWeb/_include/get_screenshot' successfully

2019-12-02 02:43:29 - [TEST_STEP][PASSED] - callTestCase(findTestCase("HIC/_include/stm_census"), ["zipcode":"83709"], STOP_ON_FAILURE): Call Test Case 'Test Cases/HIC/_include/stm_census' successfully

2019-12-02 02:43:29 - [TEST_CASE][PASSED] - Test Cases/HIC/_include/stm_census: Test Cases/HIC/_include/stm_census

2019-12-02 02:43:29 - [TEST_STEP][PASSED] - setText(findTestObject("hic/stm/zip"), zipcode): Text '83709' is set on object 'Object Repository/hic/stm/zip'

2019-12-02 02:43:29 - [MESSAGE][PASSED] - Text '83709' is set on object 'Object Repository/hic/stm/zip'

2019-12-02 02:43:29 - [TEST_STEP][PASSED] - Thread.sleep(500): null

2019-12-02 02:43:30 - [TEST_STEP][PASSED] - setText(findTestObject("hic/stm/primaryDOB"), "03031987"): Text '03031987' is set on object 'Object Repository/hic/stm/primaryDOB'

2019-12-02 02:43:30 - [MESSAGE][PASSED] - Text '03031987' is set on object 'Object Repository/hic/stm/primaryDOB'

2019-12-02 02:43:30 - [TEST_STEP][PASSED] - click(findTestObject("hic/stm/female")): Object: 'Object Repository/hic/stm/female' is clicked on

2019-12-02 02:43:30 - [MESSAGE][PASSED] - Object: 'Object Repository/hic/stm/female' is clicked on

2019-12-02 02:43:30 - [TEST_STEP][PASSED] - Thread.sleep(3000): null

2019-12-02 02:43:33 - [TEST_STEP][PASSED] - click(findTestObject("hic/stm/submitButton")): Object: 'Object Repository/hic/stm/submitButton' is clicked on

2019-12-02 02:43:34 - [MESSAGE][PASSED] - Object: 'Object Repository/hic/stm/submitButton' is clicked on

2019-12-02 02:43:34 - [TEST_STEP][PASSED] - Thread.sleep(6000): null

2019-12-02 02:43:40 - [TEST_STEP][PASSED] - callTestCase(findTestCase("mobileWeb/_include/get_screenshot"), [:], STOP_ON_FAILURE): Call Test Case 'Test Cases/mobileWeb/_include/get_screenshot' successfully

2019-12-02 02:43:40 - [TEST_CASE][PASSED] - Test Cases/mobileWeb/_include/get_screenshot: Test Cases/mobileWeb/_include/get_screenshot

2019-12-02 02:43:40 - [TEST_STEP][PASSED] - takeScreenshot(screenPath + i + ".png"): Taking screenshot successfully

2019-12-02 02:43:41 - [MESSAGE][PASSED] - Taking screenshot successfully
[[ATTACHMENT|D:\\Test\\AgileTest\\Reports\\HIC\\hic\\20191202_022122\\../Screenshots/iPhone 6/HIC/STM/Everest/standard/2.png]]

2019-12-02 02:43:41 - [TEST_STEP][PASSED] - (internal.GlobalVariable.i++): null

2019-12-02 02:43:41 - [MESSAGE][PASSED] - Call Test Case 'Test Cases/mobileWeb/_include/get_screenshot' successfully

2019-12-02 02:43:41 - [TEST_STEP][PASSED] - Thread.sleep(1000): null

2019-12-02 02:43:42 - [MESSAGE][PASSED] - Call Test Case 'Test Cases/HIC/_include/stm_census' successfully

2019-12-02 02:43:42 - [TEST_STEP][PASSED] - callTestCase(findTestCase("mobileWeb/_include/filter_stm"), ["carrier":"everest-one"], STOP_ON_FAILURE): Call Test Case 'Test Cases/mobileWeb/_include/filter_stm' successfully

2019-12-02 02:43:42 - [TEST_CASE][PASSED] - Test Cases/mobileWeb/_include/filter_stm: Test Cases/mobileWeb/_include/filter_stm

2019-12-02 02:43:42 - [TEST_STEP][PASSED] - driver = getWebDriver(): null

2019-12-02 02:43:42 - [TEST_STEP][PASSED] - selenium = new com.thoughtworks.selenium.webdriven.WebDriverBackedSelenium(driver, internal.GlobalVariable.ENV): null

2019-12-02 02:43:42 - [TEST_STEP][PASSED] - Thread.sleep(1000): null

2019-12-02 02:43:43 - [TEST_STEP][PASSED] - click(findTestObject("mobileSanity/STM/STM Quote Page/button_filters")): Object: 'Object Repository/mobileSanity/STM/STM Quote Page/button_filters' is clicked on

2019-12-02 02:43:43 - [MESSAGE][PASSED] - Object: 'Object Repository/mobileSanity/STM/STM Quote Page/button_filters' is clicked on

2019-12-02 02:43:43 - [TEST_STEP][PASSED] - Thread.sleep(1000): null

2019-12-02 02:43:44 - [TEST_STEP][PASSED] - click(findTestObject("mobileSanity/STM/STM Quote Page/i_Insurance company")): Object: 'Object Repository/mobileSanity/STM/STM Quote Page/i_Insurance company' is clicked on

2019-12-02 02:43:44 - [MESSAGE][PASSED] - Object: 'Object Repository/mobileSanity/STM/STM Quote Page/i_Insurance company' is clicked on

2019-12-02 02:43:44 - [TEST_STEP][PASSED] - Thread.sleep(1000): null

2019-12-02 02:43:45 - [TEST_STEP][PASSED] - filter_carrier = "//input[@name='filter[carrier]' and @value='" + carrier + "']/following::label": null

2019-12-02 02:43:45 - [TEST_STEP][PASSED] - println(filter_carrier): null

2019-12-02 02:43:45 - [TEST_STEP][PASSED] - test.MobileKeywords.clickJS_ByXpath(filter_carrier): test.MobileKeywords.clickJS_ByXpath is PASSED

2019-12-02 02:43:45 - [MESSAGE][PASSED] - Execute JavaScript 'arguments[0].click()' successfully

2019-12-02 02:43:45 - [MESSAGE][PASSED] - test.MobileKeywords.clickJS_ByXpath is PASSED

2019-12-02 02:43:45 - [TEST_STEP][PASSED] - scrollToElement(findTestObject("mobileSanity/STM/STM Quote Page/a_Show Plans"), 1000): Scroll to object 'Object Repository/mobileSanity/STM/STM Quote Page/a_Show Plans' successfully

2019-12-02 02:43:45 - [MESSAGE][PASSED] - Scroll to object 'Object Repository/mobileSanity/STM/STM Quote Page/a_Show Plans' successfully

2019-12-02 02:43:45 - [TEST_STEP][PASSED] - Thread.sleep(2000): null

2019-12-02 02:43:47 - [TEST_STEP][PASSED] - click(findTestObject("mobileSanity/STM/STM Quote Page/a_Show Plans")): Object: 'Object Repository/mobileSanity/STM/STM Quote Page/a_Show Plans' is clicked on

2019-12-02 02:43:47 - [MESSAGE][PASSED] - Object: 'Object Repository/mobileSanity/STM/STM Quote Page/a_Show Plans' is clicked on

2019-12-02 02:43:47 - [TEST_STEP][PASSED] - waitForJQueryLoad(20, STOP_ON_FAILURE): jQuery is ready.

2019-12-02 02:43:47 - [MESSAGE][PASSED] - jQuery is ready.

2019-12-02 02:43:47 - [TEST_STEP][PASSED] - Thread.sleep(2000): null

2019-12-02 02:43:49 - [TEST_STEP][PASSED] - callTestCase(findTestCase("mobileWeb/_include/get_screenshot"), [:], STOP_ON_FAILURE): Call Test Case 'Test Cases/mobileWeb/_include/get_screenshot' successfully

2019-12-02 02:43:49 - [TEST_CASE][PASSED] - Test Cases/mobileWeb/_include/get_screenshot: Test Cases/mobileWeb/_include/get_screenshot

2019-12-02 02:43:49 - [TEST_STEP][PASSED] - takeScreenshot(screenPath + i + ".png"): Taking screenshot successfully

2019-12-02 02:43:50 - [MESSAGE][PASSED] - Taking screenshot successfully
[[ATTACHMENT|D:\\Test\\AgileTest\\Reports\\HIC\\hic\\20191202_022122\\../Screenshots/iPhone 6/HIC/STM/Everest/standard/3.png]]

2019-12-02 02:43:50 - [TEST_STEP][PASSED] - (internal.GlobalVariable.i++): null

2019-12-02 02:43:50 - [MESSAGE][PASSED] - Call Test Case 'Test Cases/mobileWeb/_include/get_screenshot' successfully

2019-12-02 02:43:50 - [MESSAGE][PASSED] - Call Test Case 'Test Cases/mobileWeb/_include/filter_stm' successfully

2019-12-02 02:43:50 - [TEST_STEP][PASSED] - callTestCase(findTestCase("mobileWeb/_include/goToDetail_stm"), ["carrier":"everest-one"], STOP_ON_FAILURE): Call Test Case 'Test Cases/mobileWeb/_include/goToDetail_stm' successfully

2019-12-02 02:43:50 - [TEST_CASE][PASSED] - Test Cases/mobileWeb/_include/goToDetail_stm: Test Cases/mobileWeb/_include/goToDetail_stm

2019-12-02 02:43:50 - [TEST_STEP][PASSED] - driver = getWebDriver(): null

2019-12-02 02:43:50 - [TEST_STEP][PASSED] - selenium = new com.thoughtworks.selenium.webdriven.WebDriverBackedSelenium(driver, internal.GlobalVariable.ENV): null

2019-12-02 02:43:50 - [TEST_STEP][PASSED] - a_plan_name = "xpath=//a[contains(@href,'/term-health-insurance/plan/" + carrier + "')]": null

2019-12-02 02:43:50 - [TEST_STEP][PASSED] - println(a_plan_name): null

2019-12-02 02:43:50 - [TEST_STEP][PASSED] - selenium.click(a_plan_name): null

2019-12-02 02:43:51 - [TEST_STEP][PASSED] - waitForPageLoad(20): Wait for page load successfully

2019-12-02 02:43:51 - [MESSAGE][PASSED] - Wait for page load successfully

2019-12-02 02:43:51 - [TEST_STEP][PASSED] - Thread.sleep(2000): null

2019-12-02 02:43:53 - [TEST_STEP][PASSED] - callTestCase(findTestCase("mobileWeb/_include/get_screenshot"), [:], STOP_ON_FAILURE): Call Test Case 'Test Cases/mobileWeb/_include/get_screenshot' successfully

2019-12-02 02:43:53 - [TEST_CASE][PASSED] - Test Cases/mobileWeb/_include/get_screenshot: Test Cases/mobileWeb/_include/get_screenshot

2019-12-02 02:43:53 - [TEST_STEP][PASSED] - takeScreenshot(screenPath + i + ".png"): Taking screenshot successfully

2019-12-02 02:43:53 - [MESSAGE][PASSED] - Taking screenshot successfully
[[ATTACHMENT|D:\\Test\\AgileTest\\Reports\\HIC\\hic\\20191202_022122\\../Screenshots/iPhone 6/HIC/STM/Everest/standard/4.png]]

2019-12-02 02:43:53 - [TEST_STEP][PASSED] - (internal.GlobalVariable.i++): null

2019-12-02 02:43:53 - [MESSAGE][PASSED] - Call Test Case 'Test Cases/mobileWeb/_include/get_screenshot' successfully

2019-12-02 02:43:53 - [MESSAGE][PASSED] - Call Test Case 'Test Cases/mobileWeb/_include/goToDetail_stm' successfully

2019-12-02 02:43:53 - [TEST_STEP][PASSED] - callTestCase(findTestCase("mobileWeb/_include/apply_stm"), [:], STOP_ON_FAILURE): Call Test Case 'Test Cases/mobileWeb/_include/apply_stm' successfully

2019-12-02 02:43:53 - [TEST_CASE][PASSED] - Test Cases/mobileWeb/_include/apply_stm: Test Cases/mobileWeb/_include/apply_stm

2019-12-02 02:43:53 - [TEST_STEP][PASSED] - waitForElementVisible(findTestObject("mobileSanity/STM/STM PlanDetail Page/a_Apply for This Plan"), 5): Object 'Object Repository/mobileSanity/STM/STM PlanDetail Page/a_Apply for This Plan' is visible

2019-12-02 02:43:53 - [MESSAGE][PASSED] - Object 'Object Repository/mobileSanity/STM/STM PlanDetail Page/a_Apply for This Plan' is visible

2019-12-02 02:43:53 - [TEST_STEP][PASSED] - click(findTestObject("mobileSanity/STM/STM PlanDetail Page/a_Apply for This Plan")): Object: 'Object Repository/mobileSanity/STM/STM PlanDetail Page/a_Apply for This Plan' is clicked on

2019-12-02 02:43:54 - [MESSAGE][PASSED] - Object: 'Object Repository/mobileSanity/STM/STM PlanDetail Page/a_Apply for This Plan' is clicked on

2019-12-02 02:43:54 - [TEST_STEP][PASSED] - waitForPageLoad(10): Wait for page load successfully

2019-12-02 02:43:54 - [MESSAGE][PASSED] - Wait for page load successfully

2019-12-02 02:43:54 - [TEST_STEP][PASSED] - Thread.sleep(2000): null

2019-12-02 02:43:56 - [TEST_STEP][PASSED] - callTestCase(findTestCase("mobileWeb/_include/get_screenshot"), [:], STOP_ON_FAILURE): Call Test Case 'Test Cases/mobileWeb/_include/get_screenshot' successfully

2019-12-02 02:43:56 - [TEST_CASE][PASSED] - Test Cases/mobileWeb/_include/get_screenshot: Test Cases/mobileWeb/_include/get_screenshot

2019-12-02 02:43:56 - [TEST_STEP][PASSED] - takeScreenshot(screenPath + i + ".png"): Taking screenshot successfully

2019-12-02 02:43:57 - [MESSAGE][PASSED] - Taking screenshot successfully
[[ATTACHMENT|D:\\Test\\AgileTest\\Reports\\HIC\\hic\\20191202_022122\\../Screenshots/iPhone 6/HIC/STM/Everest/standard/5.png]]

2019-12-02 02:43:57 - [TEST_STEP][PASSED] - (internal.GlobalVariable.i++): null

2019-12-02 02:43:57 - [MESSAGE][PASSED] - Call Test Case 'Test Cases/mobileWeb/_include/get_screenshot' successfully

2019-12-02 02:43:57 - [TEST_STEP][PASSED] - waitForElementVisible(findTestObject("mobileSanity/STM/STM Apply Page/a_Start Secure Application"), 5): Object 'Object Repository/mobileSanity/STM/STM Apply Page/a_Start Secure Application' is visible

2019-12-02 02:43:57 - [MESSAGE][PASSED] - Object 'Object Repository/mobileSanity/STM/STM Apply Page/a_Start Secure Application' is visible

2019-12-02 02:43:57 - [TEST_STEP][PASSED] - click(findTestObject("mobileSanity/STM/STM Apply Page/a_Start Secure Application")): Object: 'Object Repository/mobileSanity/STM/STM Apply Page/a_Start Secure Application' is clicked on

2019-12-02 02:43:57 - [MESSAGE][PASSED] - Object: 'Object Repository/mobileSanity/STM/STM Apply Page/a_Start Secure Application' is clicked on

2019-12-02 02:43:57 - [TEST_STEP][PASSED] - waitForPageLoad(20): Wait for page load successfully

2019-12-02 02:43:57 - [MESSAGE][PASSED] - Wait for page load successfully

2019-12-02 02:43:57 - [TEST_STEP][PASSED] - Thread.sleep(2000): null

2019-12-02 02:43:59 - [TEST_STEP][PASSED] - callTestCase(findTestCase("mobileWeb/_include/get_screenshot"), [:], STOP_ON_FAILURE): Call Test Case 'Test Cases/mobileWeb/_include/get_screenshot' successfully

2019-12-02 02:43:59 - [TEST_CASE][PASSED] - Test Cases/mobileWeb/_include/get_screenshot: Test Cases/mobileWeb/_include/get_screenshot

2019-12-02 02:43:59 - [TEST_STEP][PASSED] - takeScreenshot(screenPath + i + ".png"): Taking screenshot successfully

2019-12-02 02:44:00 - [MESSAGE][PASSED] - Taking screenshot successfully
[[ATTACHMENT|D:\\Test\\AgileTest\\Reports\\HIC\\hic\\20191202_022122\\../Screenshots/iPhone 6/HIC/STM/Everest/standard/6.png]]

2019-12-02 02:44:00 - [TEST_STEP][PASSED] - (internal.GlobalVariable.i++): null

2019-12-02 02:44:00 - [MESSAGE][PASSED] - Call Test Case 'Test Cases/mobileWeb/_include/get_screenshot' successfully

2019-12-02 02:44:00 - [MESSAGE][PASSED] - Call Test Case 'Test Cases/mobileWeb/_include/apply_stm' successfully

2019-12-02 02:44:00 - [TEST_STEP][PASSED] - callTestCase(findTestCase("mobileWeb/_include/goToEnd_stm_autofill"), [:], STOP_ON_FAILURE): Call Test Case 'Test Cases/mobileWeb/_include/goToEnd_stm_autofill' successfully

2019-12-02 02:44:00 - [TEST_CASE][PASSED] - Test Cases/mobileWeb/_include/goToEnd_stm_autofill: Test Cases/mobileWeb/_include/goToEnd_stm_autofill

2019-12-02 02:44:00 - [TEST_STEP][PASSED] - callTestCase(findTestCase("mobileWeb/_include/name"), [:], CONTINUE_ON_FAILURE): Call Test Case 'Test Cases/mobileWeb/_include/name' successfully

2019-12-02 02:44:00 - [TEST_CASE][PASSED] - Test Cases/mobileWeb/_include/name: Test Cases/mobileWeb/_include/name

2019-12-02 02:44:00 - [TEST_STEP][PASSED] - driver = getWebDriver(): null

2019-12-02 02:44:00 - [TEST_STEP][PASSED] - selenium = new com.thoughtworks.selenium.webdriven.WebDriverBackedSelenium(driver, internal.GlobalVariable.ENV): null

2019-12-02 02:44:00 - [TEST_STEP][PASSED] - FirstName = "Test-123": null

2019-12-02 02:44:00 - [TEST_STEP][PASSED] - LastName = selenium.getEval("{var x="ABCDEFGHIJKLMNOPQRSTUVWXYZabcdefghijklmnopqrstuvwxyz"; var tmp="ZZ11-"; for (i=0;i<8;i++) tmp+=x.charAt(Math.ceil(51*Math.random()));tmp;}"): null

2019-12-02 02:44:00 - [TEST_STEP][PASSED] - Address = selenium.getEval("{var x="ABCDEFGHIJKLMNOPQRSTUVWXYZabcdefghijklmnopqrstuvwxyz"; var tmp=""; for (i=0;i<8;i++) tmp+=x.charAt(Math.ceil(51*Math.random()));tmp;}"): null

2019-12-02 02:44:00 - [TEST_STEP][PASSED] - City = selenium.getEval("{var x="ABCDEFGHIJKLMNOPQRSTUVWXYZabcdefghijklmnopqrstuvwxyz"; var tmp=""; for (i=0;i<8;i++) tmp+=x.charAt(Math.ceil(51*Math.random()));tmp;}"): null

2019-12-02 02:44:00 - [TEST_STEP][PASSED] - tel1 = selenium.getEval("{var x="123456789"; var tmp=""; for (i=0;i<3;i++) tmp+=x.charAt(Math.ceil(8*Math.random()));tmp;}"): null

2019-12-02 02:44:00 - [TEST_STEP][PASSED] - tel2 = selenium.getEval("{var x="123456789"; var tmp=""; for (i=0;i<3;i++) tmp+=x.charAt(Math.ceil(8*Math.random()));tmp;}"): null

2019-12-02 02:44:00 - [TEST_STEP][PASSED] - tel3 = selenium.getEval("{var x="123456789"; var tmp=""; for (i=0;i<4;i++) tmp+=x.charAt(Math.ceil(8*Math.random()));tmp;}"): null

2019-12-02 02:44:00 - [TEST_STEP][PASSED] - Tel = selenium.getExpression(tel1 + "-" + tel2 + "-" + tel3): null

2019-12-02 02:44:00 - [TEST_STEP][PASSED] - AutoEmail = selenium.getEval("{var x="ABCDEFGHIJKLMNOPQRSTUVWXYZabcdefghijklmnopqrstuvwxyz"; var tmp="test."; for (i=0;i<8;i++) tmp+=x.charAt(Math.ceil(51*Math.random()));tmp+="@suryani.cn";}"): null

2019-12-02 02:44:00 - [TEST_STEP][PASSED] - FirstName = FirstName: null

2019-12-02 02:44:00 - [TEST_STEP][PASSED] - LastName = LastName: null

2019-12-02 02:44:00 - [TEST_STEP][PASSED] - Address = Address: null

2019-12-02 02:44:00 - [TEST_STEP][PASSED] - City = City: null

2019-12-02 02:44:00 - [TEST_STEP][PASSED] - Tel = Tel: null

2019-12-02 02:44:00 - [TEST_STEP][PASSED] - AutoEmail = AutoEmail: null

2019-12-02 02:44:00 - [TEST_STEP][PASSED] - println(FirstName): null

2019-12-02 02:44:00 - [TEST_STEP][PASSED] - println(LastName): null

2019-12-02 02:44:00 - [TEST_STEP][PASSED] - println(Address): null

2019-12-02 02:44:00 - [TEST_STEP][PASSED] - println(City): null

2019-12-02 02:44:00 - [TEST_STEP][PASSED] - println(Tel): null

2019-12-02 02:44:00 - [TEST_STEP][PASSED] - println(AutoEmail): null

2019-12-02 02:44:00 - [MESSAGE][PASSED] - Call Test Case 'Test Cases/mobileWeb/_include/name' successfully

2019-12-02 02:44:00 - [TEST_STEP][FAILED] - try: Unable to verify text 'Month Duration Acknowledgement' is present  (Root cause: com.kms.katalon.core.exception.StepFailedException: Text 'Month Duration Acknowledgement' is not present on page )

2019-12-02 02:44:00 - [TEST_STEP][FAILED] - if (verifyTextPresent("Month Duration Acknowledgement", false)): Unable to verify text 'Month Duration Acknowledgement' is present  (Root cause: com.kms.katalon.core.exception.StepFailedException: Text 'Month Duration Acknowledgement' is not present on page )

2019-12-02 02:44:00 - [MESSAGE][FAILED] - Text 'Month Duration Acknowledgement' is not present on page 

2019-12-02 02:44:01 - [MESSAGE][FAILED] - Unable to verify text 'Month Duration Acknowledgement' is present  (Root cause: com.kms.katalon.core.exception.StepFailedException: Text 'Month Duration Acknowledgement' is not present on page )
[[ATTACHMENT|D:\\Test\\AgileTest\\Reports\\HIC\\hic\\20191202_022122\\1575272640698.png]]

2019-12-02 02:44:01 - [TEST_STEP][PASSED] - catch (Exception e): null

2019-12-02 02:44:01 - [TEST_STEP][PASSED] - println("no consecutive"): null

2019-12-02 02:44:01 - [TEST_STEP][PASSED] - waitForPageLoad(10): Wait for page load successfully

2019-12-02 02:44:01 - [MESSAGE][PASSED] - Wait for page load successfully

2019-12-02 02:44:01 - [TEST_STEP][PASSED] - Thread.sleep(3000): null

2019-12-02 02:44:04 - [TEST_STEP][PASSED] - waitForElementVisible(findTestObject("mobileSanity/STM/Page_App Page 1/a_Autofill App Info"), 20): Object 'Object Repository/mobileSanity/STM/Page_App Page 1/a_Autofill App Info' is visible

2019-12-02 02:44:04 - [MESSAGE][PASSED] - Object 'Object Repository/mobileSanity/STM/Page_App Page 1/a_Autofill App Info' is visible

2019-12-02 02:44:04 - [TEST_STEP][PASSED] - click(findTestObject("mobileSanity/STM/Page_App Page 1/a_Autofill App Info")): Object: 'Object Repository/mobileSanity/STM/Page_App Page 1/a_Autofill App Info' is clicked on

2019-12-02 02:44:04 - [MESSAGE][PASSED] - Object: 'Object Repository/mobileSanity/STM/Page_App Page 1/a_Autofill App Info' is clicked on

2019-12-02 02:44:04 - [TEST_STEP][PASSED] - Thread.sleep(1000): null

2019-12-02 02:44:05 - [TEST_STEP][PASSED] - click(findTestObject("mobileSanity/STM/Page_App Page 1/a_Autofill App Info")): Object: 'Object Repository/mobileSanity/STM/Page_App Page 1/a_Autofill App Info' is clicked on

2019-12-02 02:44:05 - [MESSAGE][PASSED] - Object: 'Object Repository/mobileSanity/STM/Page_App Page 1/a_Autofill App Info' is clicked on

2019-12-02 02:44:05 - [TEST_STEP][PASSED] - Thread.sleep(1000): null

2019-12-02 02:44:06 - [TEST_STEP][PASSED] - waitForElementVisible(findTestObject("mobileSanity/STM/Page_App Page 1/a_Continue"), 20): Object 'Object Repository/mobileSanity/STM/Page_App Page 1/a_Continue' is visible

2019-12-02 02:44:06 - [MESSAGE][PASSED] - Object 'Object Repository/mobileSanity/STM/Page_App Page 1/a_Continue' is visible

2019-12-02 02:44:06 - [TEST_STEP][PASSED] - click(findTestObject("mobileSanity/STM/Page_App Page 1/a_Continue")): Object: 'Object Repository/mobileSanity/STM/Page_App Page 1/a_Continue' is clicked on

2019-12-02 02:44:06 - [MESSAGE][PASSED] - Object: 'Object Repository/mobileSanity/STM/Page_App Page 1/a_Continue' is clicked on

2019-12-02 02:44:06 - [TEST_STEP][PASSED] - waitForPageLoad(20): Wait for page load successfully

2019-12-02 02:44:06 - [MESSAGE][PASSED] - Wait for page load successfully

2019-12-02 02:44:06 - [TEST_STEP][PASSED] - Thread.sleep(5000): null

2019-12-02 02:44:11 - [TEST_STEP][PASSED] - callTestCase(findTestCase("mobileWeb/_include/get_screenshot"), [:], STOP_ON_FAILURE): Call Test Case 'Test Cases/mobileWeb/_include/get_screenshot' successfully

2019-12-02 02:44:11 - [TEST_CASE][PASSED] - Test Cases/mobileWeb/_include/get_screenshot: Test Cases/mobileWeb/_include/get_screenshot

2019-12-02 02:44:11 - [TEST_STEP][PASSED] - takeScreenshot(screenPath + i + ".png"): Taking screenshot successfully

2019-12-02 02:44:11 - [MESSAGE][PASSED] - Taking screenshot successfully
[[ATTACHMENT|D:\\Test\\AgileTest\\Reports\\HIC\\hic\\20191202_022122\\../Screenshots/iPhone 6/HIC/STM/Everest/standard/7.png]]

2019-12-02 02:44:11 - [TEST_STEP][PASSED] - (internal.GlobalVariable.i++): null

2019-12-02 02:44:11 - [MESSAGE][PASSED] - Call Test Case 'Test Cases/mobileWeb/_include/get_screenshot' successfully

2019-12-02 02:44:11 - [TEST_STEP][PASSED] - click(findTestObject("mobileSanity/STM/Page_App Page 2/a_Continue to Step 3 - Payment")): Object: 'Object Repository/mobileSanity/STM/Page_App Page 2/a_Continue to Step 3 - Payment' is clicked on

2019-12-02 02:44:12 - [MESSAGE][PASSED] - Object: 'Object Repository/mobileSanity/STM/Page_App Page 2/a_Continue to Step 3 - Payment' is clicked on

2019-12-02 02:44:12 - [TEST_STEP][PASSED] - waitForPageLoad(20): Wait for page load successfully

2019-12-02 02:44:12 - [MESSAGE][PASSED] - Wait for page load successfully

2019-12-02 02:44:12 - [TEST_STEP][PASSED] - waitForElementVisible(findTestObject("mobileSanity/STM/Page_App Page 3/input__credit-card-cvv"), 20): Object 'Object Repository/mobileSanity/STM/Page_App Page 3/input__credit-card-cvv' is visible

2019-12-02 02:44:12 - [MESSAGE][PASSED] - Object 'Object Repository/mobileSanity/STM/Page_App Page 3/input__credit-card-cvv' is visible

2019-12-02 02:44:12 - [TEST_STEP][PASSED] - Thread.sleep(2000): null

2019-12-02 02:44:14 - [TEST_STEP][PASSED] - callTestCase(findTestCase("mobileWeb/_include/get_screenshot"), [:], STOP_ON_FAILURE): Call Test Case 'Test Cases/mobileWeb/_include/get_screenshot' successfully

2019-12-02 02:44:14 - [TEST_CASE][PASSED] - Test Cases/mobileWeb/_include/get_screenshot: Test Cases/mobileWeb/_include/get_screenshot

2019-12-02 02:44:14 - [TEST_STEP][PASSED] - takeScreenshot(screenPath + i + ".png"): Taking screenshot successfully

2019-12-02 02:44:15 - [MESSAGE][PASSED] - Taking screenshot successfully
[[ATTACHMENT|D:\\Test\\AgileTest\\Reports\\HIC\\hic\\20191202_022122\\../Screenshots/iPhone 6/HIC/STM/Everest/standard/8.png]]

2019-12-02 02:44:15 - [TEST_STEP][PASSED] - (internal.GlobalVariable.i++): null

2019-12-02 02:44:15 - [MESSAGE][PASSED] - Call Test Case 'Test Cases/mobileWeb/_include/get_screenshot' successfully

2019-12-02 02:44:15 - [TEST_STEP][PASSED] - clearText(findTestObject("mobileSanity/STM/Page_App Page 3/input__credit-card-cvv")): Text of object 'Object Repository/mobileSanity/STM/Page_App Page 3/input__credit-card-cvv' is cleared

2019-12-02 02:44:15 - [MESSAGE][PASSED] - Text of object 'Object Repository/mobileSanity/STM/Page_App Page 3/input__credit-card-cvv' is cleared

2019-12-02 02:44:15 - [TEST_STEP][PASSED] - setText(findTestObject("mobileSanity/STM/Page_App Page 3/input__credit-card-cvv"), "123"): Text '123' is set on object 'Object Repository/mobileSanity/STM/Page_App Page 3/input__credit-card-cvv'

2019-12-02 02:44:15 - [MESSAGE][PASSED] - Text '123' is set on object 'Object Repository/mobileSanity/STM/Page_App Page 3/input__credit-card-cvv'

2019-12-02 02:44:15 - [TEST_STEP][PASSED] - click(findTestObject("mobileSanity/STM/Page_App Page 3/label_I Accept Authorization f")): Object: 'Object Repository/mobileSanity/STM/Page_App Page 3/label_I Accept Authorization f' is clicked on

2019-12-02 02:44:15 - [MESSAGE][PASSED] - Object: 'Object Repository/mobileSanity/STM/Page_App Page 3/label_I Accept Authorization f' is clicked on

2019-12-02 02:44:15 - [TEST_STEP][PASSED] - click(findTestObject("mobileSanity/STM/Page_App Page 3/a_Continue to Step 4 - Review")): Object: 'Object Repository/mobileSanity/STM/Page_App Page 3/a_Continue to Step 4 - Review' is clicked on

2019-12-02 02:44:15 - [MESSAGE][PASSED] - Object: 'Object Repository/mobileSanity/STM/Page_App Page 3/a_Continue to Step 4 - Review' is clicked on

2019-12-02 02:44:15 - [TEST_STEP][PASSED] - waitForPageLoad(10): Wait for page load successfully

2019-12-02 02:44:15 - [MESSAGE][PASSED] - Wait for page load successfully

2019-12-02 02:44:15 - [TEST_STEP][PASSED] - waitForElementClickable(findTestObject("mobileSanity/STM/Page_App Page 4/label"), 10): Object 'Object Repository/mobileSanity/STM/Page_App Page 4/label' is clickable

2019-12-02 02:44:16 - [MESSAGE][PASSED] - Object 'Object Repository/mobileSanity/STM/Page_App Page 4/label' is clickable

2019-12-02 02:44:16 - [TEST_STEP][PASSED] - Thread.sleep(2000): null

2019-12-02 02:44:18 - [TEST_STEP][PASSED] - callTestCase(findTestCase("mobileWeb/_include/get_screenshot"), [:], STOP_ON_FAILURE): Call Test Case 'Test Cases/mobileWeb/_include/get_screenshot' successfully

2019-12-02 02:44:18 - [TEST_CASE][PASSED] - Test Cases/mobileWeb/_include/get_screenshot: Test Cases/mobileWeb/_include/get_screenshot

2019-12-02 02:44:18 - [TEST_STEP][PASSED] - takeScreenshot(screenPath + i + ".png"): Taking screenshot successfully

2019-12-02 02:44:18 - [MESSAGE][PASSED] - Taking screenshot successfully
[[ATTACHMENT|D:\\Test\\AgileTest\\Reports\\HIC\\hic\\20191202_022122\\../Screenshots/iPhone 6/HIC/STM/Everest/standard/9.png]]

2019-12-02 02:44:18 - [TEST_STEP][PASSED] - (internal.GlobalVariable.i++): null

2019-12-02 02:44:18 - [MESSAGE][PASSED] - Call Test Case 'Test Cases/mobileWeb/_include/get_screenshot' successfully

2019-12-02 02:44:18 - [TEST_STEP][PASSED] - click(findTestObject("mobileSanity/STM/Page_App Page 4/label")): Object: 'Object Repository/mobileSanity/STM/Page_App Page 4/label' is clicked on

2019-12-02 02:44:18 - [MESSAGE][PASSED] - Object: 'Object Repository/mobileSanity/STM/Page_App Page 4/label' is clicked on

2019-12-02 02:44:18 - [TEST_STEP][PASSED] - click(findTestObject("mobileSanity/STM/Page_App Page 4/div_CLICK TO SIGN")): Object: 'Object Repository/mobileSanity/STM/Page_App Page 4/div_CLICK TO SIGN' is clicked on

2019-12-02 02:44:18 - [MESSAGE][PASSED] - Object: 'Object Repository/mobileSanity/STM/Page_App Page 4/div_CLICK TO SIGN' is clicked on

2019-12-02 02:44:18 - [TEST_STEP][PASSED] - click(findTestObject("mobileSanity/STM/Page_App Page 4/a_Submit Your Application")): Object: 'Object Repository/mobileSanity/STM/Page_App Page 4/a_Submit Your Application' is clicked on

2019-12-02 02:44:19 - [MESSAGE][PASSED] - Object: 'Object Repository/mobileSanity/STM/Page_App Page 4/a_Submit Your Application' is clicked on

2019-12-02 02:44:19 - [TEST_STEP][PASSED] - Thread.sleep(30000): null

2019-12-02 02:44:49 - [TEST_STEP][PASSED] - waitForElementPresent(findTestObject("mobileSanity/STM/Page_App Page 6/app-page-wrapper"), 20): Object 'Object Repository/mobileSanity/STM/Page_App Page 6/app-page-wrapper' is present

2019-12-02 02:44:49 - [MESSAGE][PASSED] - Object 'Object Repository/mobileSanity/STM/Page_App Page 6/app-page-wrapper' is present

2019-12-02 02:44:49 - [TEST_STEP][PASSED] - callTestCase(findTestCase("mobileWeb/_include/get_screenshot"), [:], STOP_ON_FAILURE): Call Test Case 'Test Cases/mobileWeb/_include/get_screenshot' successfully

2019-12-02 02:44:49 - [TEST_CASE][PASSED] - Test Cases/mobileWeb/_include/get_screenshot: Test Cases/mobileWeb/_include/get_screenshot

2019-12-02 02:44:49 - [TEST_STEP][PASSED] - takeScreenshot(screenPath + i + ".png"): Taking screenshot successfully

2019-12-02 02:44:49 - [MESSAGE][PASSED] - Taking screenshot successfully
[[ATTACHMENT|D:\\Test\\AgileTest\\Reports\\HIC\\hic\\20191202_022122\\../Screenshots/iPhone 6/HIC/STM/Everest/standard/10.png]]

2019-12-02 02:44:49 - [TEST_STEP][PASSED] - (internal.GlobalVariable.i++): null

2019-12-02 02:44:49 - [MESSAGE][PASSED] - Call Test Case 'Test Cases/mobileWeb/_include/get_screenshot' successfully

2019-12-02 02:44:49 - [MESSAGE][PASSED] - Call Test Case 'Test Cases/mobileWeb/_include/goToEnd_stm_autofill' successfully]]></system-out>
         <system-err><![CDATA[]]></system-err>
      </testcase>
      <testcase name="Test Cases/HIC/STM/NationalGeneral" classname="Test Cases/HIC/STM/NationalGeneral" status="FAILED">
         <failure type="FAILED" message="Test Cases/HIC/STM/NationalGeneral FAILED.
Reason:
com.kms.katalon.core.exception.StepFailedException: Unable to clear text of object 'Object Repository/mobileSanity/STM/Page_App Page 3/input__credit-card-cvv' (Root cause: com.kms.katalon.core.webui.exception.WebElementNotFoundException: Web element with id: 'Object Repository/mobileSanity/STM/Page_App Page 3/input__credit-card-cvv' located by 'By.xpath: id(&quot;credit-card-cvv&quot;)[count(. | //input[@type = 'text' and @id = 'credit-card-cvv']) = count(//input[@type = 'text' and @id = 'credit-card-cvv'])]' not found)
	at com.kms.katalon.core.keyword.internal.KeywordMain.stepFailed(KeywordMain.groovy:36)
	at com.kms.katalon.core.webui.keyword.internal.WebUIKeywordMain.stepFailed(WebUIKeywordMain.groovy:65)
	at com.kms.katalon.core.webui.keyword.internal.WebUIKeywordMain.runKeyword(WebUIKeywordMain.groovy:43)
	at com.kms.katalon.core.webui.keyword.builtin.ClearTextKeyword.clearText(ClearTextKeyword.groovy:61)
	at com.kms.katalon.core.webui.keyword.builtin.ClearTextKeyword.execute(ClearTextKeyword.groovy:34)
	at com.kms.katalon.core.keyword.internal.KeywordExecutor.executeKeywordForPlatform(KeywordExecutor.groovy:53)
	at com.kms.katalon.core.webui.keyword.WebUiBuiltInKeywords.clearText(WebUiBuiltInKeywords.groovy:3817)
	at com.kms.katalon.core.webui.keyword.WebUiBuiltInKeywords$clearText$13.call(Unknown Source)
	at goToEnd_stm_autofill.run(goToEnd_stm_autofill:71)
	at com.kms.katalon.core.main.ScriptEngine.run(ScriptEngine.java:194)
	at com.kms.katalon.core.main.ScriptEngine.runScriptAsRawText(ScriptEngine.java:119)
	at com.kms.katalon.core.main.TestCaseExecutor.runScript(TestCaseExecutor.java:328)
	at com.kms.katalon.core.main.TestCaseExecutor.doExecute(TestCaseExecutor.java:319)
	at com.kms.katalon.core.main.TestCaseExecutor.processExecutionPhase(TestCaseExecutor.java:298)
	at com.kms.katalon.core.main.TestCaseExecutor.accessMainPhase(TestCaseExecutor.java:290)
	at com.kms.katalon.core.main.TestCaseExecutor.execute(TestCaseExecutor.java:224)
	at com.kms.katalon.core.main.TestCaseMain.runTestCase(TestCaseMain.java:106)
	at com.kms.katalon.core.keyword.builtin.CallTestCaseKeyword$_callTestCase_closure1.doCall(CallTestCaseKeyword.groovy:59)
	at com.kms.katalon.core.keyword.builtin.CallTestCaseKeyword$_callTestCase_closure1.call(CallTestCaseKeyword.groovy)
	at com.kms.katalon.core.keyword.internal.KeywordMain.runKeyword(KeywordMain.groovy:54)
	at com.kms.katalon.core.keyword.builtin.CallTestCaseKeyword.callTestCase(CallTestCaseKeyword.groovy:80)
	at com.kms.katalon.core.keyword.builtin.CallTestCaseKeyword.execute(CallTestCaseKeyword.groovy:44)
	at com.kms.katalon.core.keyword.internal.KeywordExecutor.executeKeywordForPlatform(KeywordExecutor.groovy:53)
	at com.kms.katalon.core.keyword.BuiltinKeywords.callTestCase(BuiltinKeywords.groovy:334)
	at NationalGeneral.run(NationalGeneral:41)
	at com.kms.katalon.core.main.ScriptEngine.run(ScriptEngine.java:194)
	at com.kms.katalon.core.main.ScriptEngine.runScriptAsRawText(ScriptEngine.java:119)
	at com.kms.katalon.core.main.TestCaseExecutor.runScript(TestCaseExecutor.java:328)
	at com.kms.katalon.core.main.TestCaseExecutor.doExecute(TestCaseExecutor.java:319)
	at com.kms.katalon.core.main.TestCaseExecutor.processExecutionPhase(TestCaseExecutor.java:298)
	at com.kms.katalon.core.main.TestCaseExecutor.accessMainPhase(TestCaseExecutor.java:290)
	at com.kms.katalon.core.main.TestCaseExecutor.execute(TestCaseExecutor.java:224)
	at com.kms.katalon.core.main.TestSuiteExecutor.accessTestCaseMainPhase(TestSuiteExecutor.java:129)
	at com.kms.katalon.core.main.TestSuiteExecutor.accessTestSuiteMainPhase(TestSuiteExecutor.java:112)
	at com.kms.katalon.core.main.TestSuiteExecutor.execute(TestSuiteExecutor.java:81)
	at com.kms.katalon.core.main.TestCaseMain.startTestSuite(TestCaseMain.java:149)
	at com.kms.katalon.core.main.TestCaseMain$startTestSuite$0.call(Unknown Source)
	at TempTestSuite1575271282294.run(TempTestSuite1575271282294.groovy:36)
"/>
         <system-out><![CDATA[2019-12-02 02:44:49 - [TEST_CASE][FAILED] - Test Cases/HIC/STM/NationalGeneral: Test Cases/HIC/STM/NationalGeneral FAILED.
Reason:
com.kms.katalon.core.exception.StepFailedException: Unable to clear text of object 'Object Repository/mobileSanity/STM/Page_App Page 3/input__credit-card-cvv' (Root cause: com.kms.katalon.core.webui.exception.WebElementNotFoundException: Web element with id: 'Object Repository/mobileSanity/STM/Page_App Page 3/input__credit-card-cvv' located by 'By.xpath: id("credit-card-cvv")[count(. | //input[@type = 'text' and @id = 'credit-card-cvv']) = count(//input[@type = 'text' and @id = 'credit-card-cvv'])]' not found)
	at com.kms.katalon.core.keyword.internal.KeywordMain.stepFailed(KeywordMain.groovy:36)
	at com.kms.katalon.core.webui.keyword.internal.WebUIKeywordMain.stepFailed(WebUIKeywordMain.groovy:65)
	at com.kms.katalon.core.webui.keyword.internal.WebUIKeywordMain.runKeyword(WebUIKeywordMain.groovy:43)
	at com.kms.katalon.core.webui.keyword.builtin.ClearTextKeyword.clearText(ClearTextKeyword.groovy:61)
	at com.kms.katalon.core.webui.keyword.builtin.ClearTextKeyword.execute(ClearTextKeyword.groovy:34)
	at com.kms.katalon.core.keyword.internal.KeywordExecutor.executeKeywordForPlatform(KeywordExecutor.groovy:53)
	at com.kms.katalon.core.webui.keyword.WebUiBuiltInKeywords.clearText(WebUiBuiltInKeywords.groovy:3817)
	at com.kms.katalon.core.webui.keyword.WebUiBuiltInKeywords$clearText$13.call(Unknown Source)
	at goToEnd_stm_autofill.run(goToEnd_stm_autofill:71)
	at com.kms.katalon.core.main.ScriptEngine.run(ScriptEngine.java:194)
	at com.kms.katalon.core.main.ScriptEngine.runScriptAsRawText(ScriptEngine.java:119)
	at com.kms.katalon.core.main.TestCaseExecutor.runScript(TestCaseExecutor.java:328)
	at com.kms.katalon.core.main.TestCaseExecutor.doExecute(TestCaseExecutor.java:319)
	at com.kms.katalon.core.main.TestCaseExecutor.processExecutionPhase(TestCaseExecutor.java:298)
	at com.kms.katalon.core.main.TestCaseExecutor.accessMainPhase(TestCaseExecutor.java:290)
	at com.kms.katalon.core.main.TestCaseExecutor.execute(TestCaseExecutor.java:224)
	at com.kms.katalon.core.main.TestCaseMain.runTestCase(TestCaseMain.java:106)
	at com.kms.katalon.core.keyword.builtin.CallTestCaseKeyword$_callTestCase_closure1.doCall(CallTestCaseKeyword.groovy:59)
	at com.kms.katalon.core.keyword.builtin.CallTestCaseKeyword$_callTestCase_closure1.call(CallTestCaseKeyword.groovy)
	at com.kms.katalon.core.keyword.internal.KeywordMain.runKeyword(KeywordMain.groovy:54)
	at com.kms.katalon.core.keyword.builtin.CallTestCaseKeyword.callTestCase(CallTestCaseKeyword.groovy:80)
	at com.kms.katalon.core.keyword.builtin.CallTestCaseKeyword.execute(CallTestCaseKeyword.groovy:44)
	at com.kms.katalon.core.keyword.internal.KeywordExecutor.executeKeywordForPlatform(KeywordExecutor.groovy:53)
	at com.kms.katalon.core.keyword.BuiltinKeywords.callTestCase(BuiltinKeywords.groovy:334)
	at NationalGeneral.run(NationalGeneral:41)
	at com.kms.katalon.core.main.ScriptEngine.run(ScriptEngine.java:194)
	at com.kms.katalon.core.main.ScriptEngine.runScriptAsRawText(ScriptEngine.java:119)
	at com.kms.katalon.core.main.TestCaseExecutor.runScript(TestCaseExecutor.java:328)
	at com.kms.katalon.core.main.TestCaseExecutor.doExecute(TestCaseExecutor.java:319)
	at com.kms.katalon.core.main.TestCaseExecutor.processExecutionPhase(TestCaseExecutor.java:298)
	at com.kms.katalon.core.main.TestCaseExecutor.accessMainPhase(TestCaseExecutor.java:290)
	at com.kms.katalon.core.main.TestCaseExecutor.execute(TestCaseExecutor.java:224)
	at com.kms.katalon.core.main.TestSuiteExecutor.accessTestCaseMainPhase(TestSuiteExecutor.java:129)
	at com.kms.katalon.core.main.TestSuiteExecutor.accessTestSuiteMainPhase(TestSuiteExecutor.java:112)
	at com.kms.katalon.core.main.TestSuiteExecutor.execute(TestSuiteExecutor.java:81)
	at com.kms.katalon.core.main.TestCaseMain.startTestSuite(TestCaseMain.java:149)
	at com.kms.katalon.core.main.TestCaseMain$startTestSuite$0.call(Unknown Source)
	at TempTestSuite1575271282294.run(TempTestSuite1575271282294.groovy:36)


2019-12-02 02:44:49 - [TEST_STEP][PASSED] - callTestCase(findTestCase("HIC/_include/get_hicScreenPath"), ["project":"HIC", "productLine":"STM", "carrierName":"National General"], CONTINUE_ON_FAILURE): Call Test Case 'Test Cases/HIC/_include/get_hicScreenPath' successfully

2019-12-02 02:44:49 - [TEST_CASE][PASSED] - Test Cases/HIC/_include/get_hicScreenPath: Test Cases/HIC/_include/get_hicScreenPath

2019-12-02 02:44:49 - [TEST_STEP][PASSED] - m = getExecutionProperties(): null

2019-12-02 02:44:49 - [TEST_STEP][PASSED] - deviceName = get("mobileEmulation").get("deviceName"): null

2019-12-02 02:44:49 - [TEST_STEP][PASSED] - println(deviceName): null

2019-12-02 02:44:49 - [TEST_STEP][PASSED] - now = new java.util.Date(): null

2019-12-02 02:44:49 - [TEST_STEP][PASSED] - mydate = now.format("yyyyMMdd_HHmmss"): null

2019-12-02 02:44:49 - [TEST_STEP][PASSED] - screenPath = "../Screenshots/": null

2019-12-02 02:44:49 - [TEST_STEP][PASSED] - screenPath = screenPath + deviceName + "/" + project + "/" + productLine + "/" + carrierName + "/" + "standard" + "/": null

2019-12-02 02:44:49 - [TEST_STEP][PASSED] - println(screenPath): null

2019-12-02 02:44:49 - [MESSAGE][PASSED] - Call Test Case 'Test Cases/HIC/_include/get_hicScreenPath' successfully

2019-12-02 02:44:49 - [TEST_STEP][PASSED] - i = 0: null

2019-12-02 02:44:49 - [TEST_STEP][PASSED] - callTestCase(findTestCase("mobileWeb/_include/openWebSite"), ["env":"https://qa.healthinsurance.com/"], CONTINUE_ON_FAILURE): Call Test Case 'Test Cases/mobileWeb/_include/openWebSite' successfully

2019-12-02 02:44:49 - [TEST_CASE][PASSED] - Test Cases/mobileWeb/_include/openWebSite: Test Cases/mobileWeb/_include/openWebSite

2019-12-02 02:44:49 - [TEST_STEP][PASSED] - openBrowser(env): Browser is opened with url: 'https://qa.healthinsurance.com/'

2019-12-02 02:44:49 - [MESSAGE][WARNING] - A browser is already opened. Closing browser and opening a new one

2019-12-02 02:44:50 - [MESSAGE][INFO] - Starting 'Chrome' driver

2019-12-02 02:44:50 - [MESSAGE][INFO] - User set preference: ['mobileEmulation', '{deviceName=iPhone 6}']

2019-12-02 02:44:50 - [MESSAGE][INFO] - User set preference: ['args', '[--incognito, --aggressive-cache-discard, --window-size=375,677, --no-sandbox]']

2019-12-02 02:44:52 - [MESSAGE][PASSED] - Browser is opened with url: 'https://qa.healthinsurance.com/'

2019-12-02 02:44:52 - [TEST_STEP][PASSED] - waitForPageLoad(20): Wait for page load successfully

2019-12-02 02:44:52 - [MESSAGE][PASSED] - Wait for page load successfully

2019-12-02 02:44:52 - [TEST_STEP][PASSED] - callTestCase(findTestCase("mobileWeb/_include/get_screenshot"), [:], STOP_ON_FAILURE): Call Test Case 'Test Cases/mobileWeb/_include/get_screenshot' successfully

2019-12-02 02:44:53 - [TEST_CASE][PASSED] - Test Cases/mobileWeb/_include/get_screenshot: Test Cases/mobileWeb/_include/get_screenshot

2019-12-02 02:44:53 - [TEST_STEP][PASSED] - takeScreenshot(screenPath + i + ".png"): Taking screenshot successfully

2019-12-02 02:44:53 - [MESSAGE][PASSED] - Taking screenshot successfully
[[ATTACHMENT|D:\\Test\\AgileTest\\Reports\\HIC\\hic\\20191202_022122\\../Screenshots/iPhone 6/HIC/STM/National General/standard/0.png]]

2019-12-02 02:44:53 - [TEST_STEP][PASSED] - (internal.GlobalVariable.i++): null

2019-12-02 02:44:53 - [MESSAGE][PASSED] - Call Test Case 'Test Cases/mobileWeb/_include/get_screenshot' successfully

2019-12-02 02:44:53 - [MESSAGE][PASSED] - Call Test Case 'Test Cases/mobileWeb/_include/openWebSite' successfully

2019-12-02 02:44:53 - [TEST_STEP][PASSED] - click(findTestObject("hic/nav/navButton")): Object: 'Object Repository/hic/nav/navButton' is clicked on

2019-12-02 02:44:53 - [MESSAGE][PASSED] - Object: 'Object Repository/hic/nav/navButton' is clicked on

2019-12-02 02:44:53 - [TEST_STEP][PASSED] - Thread.sleep(2000): null

2019-12-02 02:44:55 - [TEST_STEP][PASSED] - click(findTestObject("hic/nav/stmLink")): Object: 'Object Repository/hic/nav/stmLink' is clicked on

2019-12-02 02:44:55 - [MESSAGE][PASSED] - Object: 'Object Repository/hic/nav/stmLink' is clicked on

2019-12-02 02:44:55 - [TEST_STEP][PASSED] - Thread.sleep(2000): null

2019-12-02 02:44:57 - [TEST_STEP][PASSED] - callTestCase(findTestCase("mobileWeb/_include/get_screenshot"), [:], STOP_ON_FAILURE): Call Test Case 'Test Cases/mobileWeb/_include/get_screenshot' successfully

2019-12-02 02:44:57 - [TEST_CASE][PASSED] - Test Cases/mobileWeb/_include/get_screenshot: Test Cases/mobileWeb/_include/get_screenshot

2019-12-02 02:44:57 - [TEST_STEP][PASSED] - takeScreenshot(screenPath + i + ".png"): Taking screenshot successfully

2019-12-02 02:44:58 - [MESSAGE][PASSED] - Taking screenshot successfully
[[ATTACHMENT|D:\\Test\\AgileTest\\Reports\\HIC\\hic\\20191202_022122\\../Screenshots/iPhone 6/HIC/STM/National General/standard/1.png]]

2019-12-02 02:44:58 - [TEST_STEP][PASSED] - (internal.GlobalVariable.i++): null

2019-12-02 02:44:58 - [MESSAGE][PASSED] - Call Test Case 'Test Cases/mobileWeb/_include/get_screenshot' successfully

2019-12-02 02:44:58 - [TEST_STEP][PASSED] - callTestCase(findTestCase("HIC/_include/stm_census"), ["zipcode":"35215"], STOP_ON_FAILURE): Call Test Case 'Test Cases/HIC/_include/stm_census' successfully

2019-12-02 02:44:58 - [TEST_CASE][PASSED] - Test Cases/HIC/_include/stm_census: Test Cases/HIC/_include/stm_census

2019-12-02 02:44:58 - [TEST_STEP][PASSED] - setText(findTestObject("hic/stm/zip"), zipcode): Text '35215' is set on object 'Object Repository/hic/stm/zip'

2019-12-02 02:44:58 - [MESSAGE][PASSED] - Text '35215' is set on object 'Object Repository/hic/stm/zip'

2019-12-02 02:44:58 - [TEST_STEP][PASSED] - Thread.sleep(500): null

2019-12-02 02:44:58 - [TEST_STEP][PASSED] - setText(findTestObject("hic/stm/primaryDOB"), "03031987"): Text '03031987' is set on object 'Object Repository/hic/stm/primaryDOB'

2019-12-02 02:44:58 - [MESSAGE][PASSED] - Text '03031987' is set on object 'Object Repository/hic/stm/primaryDOB'

2019-12-02 02:44:58 - [TEST_STEP][PASSED] - click(findTestObject("hic/stm/female")): Object: 'Object Repository/hic/stm/female' is clicked on

2019-12-02 02:44:59 - [MESSAGE][PASSED] - Object: 'Object Repository/hic/stm/female' is clicked on

2019-12-02 02:44:59 - [TEST_STEP][PASSED] - Thread.sleep(3000): null

2019-12-02 02:45:02 - [TEST_STEP][PASSED] - click(findTestObject("hic/stm/submitButton")): Object: 'Object Repository/hic/stm/submitButton' is clicked on

2019-12-02 02:45:03 - [MESSAGE][PASSED] - Object: 'Object Repository/hic/stm/submitButton' is clicked on

2019-12-02 02:45:03 - [TEST_STEP][PASSED] - Thread.sleep(6000): null

2019-12-02 02:45:09 - [TEST_STEP][PASSED] - callTestCase(findTestCase("mobileWeb/_include/get_screenshot"), [:], STOP_ON_FAILURE): Call Test Case 'Test Cases/mobileWeb/_include/get_screenshot' successfully

2019-12-02 02:45:09 - [TEST_CASE][PASSED] - Test Cases/mobileWeb/_include/get_screenshot: Test Cases/mobileWeb/_include/get_screenshot

2019-12-02 02:45:09 - [TEST_STEP][PASSED] - takeScreenshot(screenPath + i + ".png"): Taking screenshot successfully

2019-12-02 02:45:09 - [MESSAGE][PASSED] - Taking screenshot successfully
[[ATTACHMENT|D:\\Test\\AgileTest\\Reports\\HIC\\hic\\20191202_022122\\../Screenshots/iPhone 6/HIC/STM/National General/standard/2.png]]

2019-12-02 02:45:09 - [TEST_STEP][PASSED] - (internal.GlobalVariable.i++): null

2019-12-02 02:45:09 - [MESSAGE][PASSED] - Call Test Case 'Test Cases/mobileWeb/_include/get_screenshot' successfully

2019-12-02 02:45:09 - [TEST_STEP][PASSED] - Thread.sleep(1000): null

2019-12-02 02:45:10 - [MESSAGE][PASSED] - Call Test Case 'Test Cases/HIC/_include/stm_census' successfully

2019-12-02 02:45:10 - [TEST_STEP][PASSED] - callTestCase(findTestCase("mobileWeb/_include/filter_stm"), ["carrier":"nationalgeneral"], STOP_ON_FAILURE): Call Test Case 'Test Cases/mobileWeb/_include/filter_stm' successfully

2019-12-02 02:45:10 - [TEST_CASE][PASSED] - Test Cases/mobileWeb/_include/filter_stm: Test Cases/mobileWeb/_include/filter_stm

2019-12-02 02:45:10 - [TEST_STEP][PASSED] - driver = getWebDriver(): null

2019-12-02 02:45:10 - [TEST_STEP][PASSED] - selenium = new com.thoughtworks.selenium.webdriven.WebDriverBackedSelenium(driver, internal.GlobalVariable.ENV): null

2019-12-02 02:45:10 - [TEST_STEP][PASSED] - Thread.sleep(1000): null

2019-12-02 02:45:11 - [TEST_STEP][PASSED] - click(findTestObject("mobileSanity/STM/STM Quote Page/button_filters")): Object: 'Object Repository/mobileSanity/STM/STM Quote Page/button_filters' is clicked on

2019-12-02 02:45:12 - [MESSAGE][PASSED] - Object: 'Object Repository/mobileSanity/STM/STM Quote Page/button_filters' is clicked on

2019-12-02 02:45:12 - [TEST_STEP][PASSED] - Thread.sleep(1000): null

2019-12-02 02:45:13 - [TEST_STEP][PASSED] - click(findTestObject("mobileSanity/STM/STM Quote Page/i_Insurance company")): Object: 'Object Repository/mobileSanity/STM/STM Quote Page/i_Insurance company' is clicked on

2019-12-02 02:45:13 - [MESSAGE][PASSED] - Object: 'Object Repository/mobileSanity/STM/STM Quote Page/i_Insurance company' is clicked on

2019-12-02 02:45:13 - [TEST_STEP][PASSED] - Thread.sleep(1000): null

2019-12-02 02:45:14 - [TEST_STEP][PASSED] - filter_carrier = "//input[@name='filter[carrier]' and @value='" + carrier + "']/following::label": null

2019-12-02 02:45:14 - [TEST_STEP][PASSED] - println(filter_carrier): null

2019-12-02 02:45:14 - [TEST_STEP][PASSED] - test.MobileKeywords.clickJS_ByXpath(filter_carrier): test.MobileKeywords.clickJS_ByXpath is PASSED

2019-12-02 02:45:14 - [MESSAGE][PASSED] - Execute JavaScript 'arguments[0].click()' successfully

2019-12-02 02:45:14 - [MESSAGE][PASSED] - test.MobileKeywords.clickJS_ByXpath is PASSED

2019-12-02 02:45:14 - [TEST_STEP][PASSED] - scrollToElement(findTestObject("mobileSanity/STM/STM Quote Page/a_Show Plans"), 1000): Scroll to object 'Object Repository/mobileSanity/STM/STM Quote Page/a_Show Plans' successfully

2019-12-02 02:45:14 - [MESSAGE][PASSED] - Scroll to object 'Object Repository/mobileSanity/STM/STM Quote Page/a_Show Plans' successfully

2019-12-02 02:45:14 - [TEST_STEP][PASSED] - Thread.sleep(2000): null

2019-12-02 02:45:16 - [TEST_STEP][PASSED] - click(findTestObject("mobileSanity/STM/STM Quote Page/a_Show Plans")): Object: 'Object Repository/mobileSanity/STM/STM Quote Page/a_Show Plans' is clicked on

2019-12-02 02:45:16 - [MESSAGE][PASSED] - Object: 'Object Repository/mobileSanity/STM/STM Quote Page/a_Show Plans' is clicked on

2019-12-02 02:45:16 - [TEST_STEP][PASSED] - waitForJQueryLoad(20, STOP_ON_FAILURE): jQuery is ready.

2019-12-02 02:45:16 - [MESSAGE][PASSED] - jQuery is ready.

2019-12-02 02:45:16 - [TEST_STEP][PASSED] - Thread.sleep(2000): null

2019-12-02 02:45:18 - [TEST_STEP][PASSED] - callTestCase(findTestCase("mobileWeb/_include/get_screenshot"), [:], STOP_ON_FAILURE): Call Test Case 'Test Cases/mobileWeb/_include/get_screenshot' successfully

2019-12-02 02:45:18 - [TEST_CASE][PASSED] - Test Cases/mobileWeb/_include/get_screenshot: Test Cases/mobileWeb/_include/get_screenshot

2019-12-02 02:45:18 - [TEST_STEP][PASSED] - takeScreenshot(screenPath + i + ".png"): Taking screenshot successfully

2019-12-02 02:45:19 - [MESSAGE][PASSED] - Taking screenshot successfully
[[ATTACHMENT|D:\\Test\\AgileTest\\Reports\\HIC\\hic\\20191202_022122\\../Screenshots/iPhone 6/HIC/STM/National General/standard/3.png]]

2019-12-02 02:45:19 - [TEST_STEP][PASSED] - (internal.GlobalVariable.i++): null

2019-12-02 02:45:19 - [MESSAGE][PASSED] - Call Test Case 'Test Cases/mobileWeb/_include/get_screenshot' successfully

2019-12-02 02:45:19 - [MESSAGE][PASSED] - Call Test Case 'Test Cases/mobileWeb/_include/filter_stm' successfully

2019-12-02 02:45:19 - [TEST_STEP][PASSED] - callTestCase(findTestCase("mobileWeb/_include/goToDetail_stm"), ["carrier":"nationalgeneral"], STOP_ON_FAILURE): Call Test Case 'Test Cases/mobileWeb/_include/goToDetail_stm' successfully

2019-12-02 02:45:19 - [TEST_CASE][PASSED] - Test Cases/mobileWeb/_include/goToDetail_stm: Test Cases/mobileWeb/_include/goToDetail_stm

2019-12-02 02:45:19 - [TEST_STEP][PASSED] - driver = getWebDriver(): null

2019-12-02 02:45:19 - [TEST_STEP][PASSED] - selenium = new com.thoughtworks.selenium.webdriven.WebDriverBackedSelenium(driver, internal.GlobalVariable.ENV): null

2019-12-02 02:45:19 - [TEST_STEP][PASSED] - a_plan_name = "xpath=//a[contains(@href,'/term-health-insurance/plan/" + carrier + "')]": null

2019-12-02 02:45:19 - [TEST_STEP][PASSED] - println(a_plan_name): null

2019-12-02 02:45:19 - [TEST_STEP][PASSED] - selenium.click(a_plan_name): null

2019-12-02 02:45:19 - [TEST_STEP][PASSED] - waitForPageLoad(20): Wait for page load successfully

2019-12-02 02:45:19 - [MESSAGE][PASSED] - Wait for page load successfully

2019-12-02 02:45:19 - [TEST_STEP][PASSED] - Thread.sleep(2000): null

2019-12-02 02:45:21 - [TEST_STEP][PASSED] - callTestCase(findTestCase("mobileWeb/_include/get_screenshot"), [:], STOP_ON_FAILURE): Call Test Case 'Test Cases/mobileWeb/_include/get_screenshot' successfully

2019-12-02 02:45:21 - [TEST_CASE][PASSED] - Test Cases/mobileWeb/_include/get_screenshot: Test Cases/mobileWeb/_include/get_screenshot

2019-12-02 02:45:21 - [TEST_STEP][PASSED] - takeScreenshot(screenPath + i + ".png"): Taking screenshot successfully

2019-12-02 02:45:22 - [MESSAGE][PASSED] - Taking screenshot successfully
[[ATTACHMENT|D:\\Test\\AgileTest\\Reports\\HIC\\hic\\20191202_022122\\../Screenshots/iPhone 6/HIC/STM/National General/standard/4.png]]

2019-12-02 02:45:22 - [TEST_STEP][PASSED] - (internal.GlobalVariable.i++): null

2019-12-02 02:45:22 - [MESSAGE][PASSED] - Call Test Case 'Test Cases/mobileWeb/_include/get_screenshot' successfully

2019-12-02 02:45:22 - [MESSAGE][PASSED] - Call Test Case 'Test Cases/mobileWeb/_include/goToDetail_stm' successfully

2019-12-02 02:45:22 - [TEST_STEP][PASSED] - callTestCase(findTestCase("mobileWeb/_include/apply_stm"), [:], STOP_ON_FAILURE): Call Test Case 'Test Cases/mobileWeb/_include/apply_stm' successfully

2019-12-02 02:45:22 - [TEST_CASE][PASSED] - Test Cases/mobileWeb/_include/apply_stm: Test Cases/mobileWeb/_include/apply_stm

2019-12-02 02:45:22 - [TEST_STEP][PASSED] - waitForElementVisible(findTestObject("mobileSanity/STM/STM PlanDetail Page/a_Apply for This Plan"), 5): Object 'Object Repository/mobileSanity/STM/STM PlanDetail Page/a_Apply for This Plan' is visible

2019-12-02 02:45:22 - [MESSAGE][PASSED] - Object 'Object Repository/mobileSanity/STM/STM PlanDetail Page/a_Apply for This Plan' is visible

2019-12-02 02:45:22 - [TEST_STEP][PASSED] - click(findTestObject("mobileSanity/STM/STM PlanDetail Page/a_Apply for This Plan")): Object: 'Object Repository/mobileSanity/STM/STM PlanDetail Page/a_Apply for This Plan' is clicked on

2019-12-02 02:45:23 - [MESSAGE][PASSED] - Object: 'Object Repository/mobileSanity/STM/STM PlanDetail Page/a_Apply for This Plan' is clicked on

2019-12-02 02:45:23 - [TEST_STEP][PASSED] - waitForPageLoad(10): Wait for page load successfully

2019-12-02 02:45:23 - [MESSAGE][PASSED] - Wait for page load successfully

2019-12-02 02:45:23 - [TEST_STEP][PASSED] - Thread.sleep(2000): null

2019-12-02 02:45:25 - [TEST_STEP][PASSED] - callTestCase(findTestCase("mobileWeb/_include/get_screenshot"), [:], STOP_ON_FAILURE): Call Test Case 'Test Cases/mobileWeb/_include/get_screenshot' successfully

2019-12-02 02:45:25 - [TEST_CASE][PASSED] - Test Cases/mobileWeb/_include/get_screenshot: Test Cases/mobileWeb/_include/get_screenshot

2019-12-02 02:45:25 - [TEST_STEP][PASSED] - takeScreenshot(screenPath + i + ".png"): Taking screenshot successfully

2019-12-02 02:45:25 - [MESSAGE][PASSED] - Taking screenshot successfully
[[ATTACHMENT|D:\\Test\\AgileTest\\Reports\\HIC\\hic\\20191202_022122\\../Screenshots/iPhone 6/HIC/STM/National General/standard/5.png]]

2019-12-02 02:45:25 - [TEST_STEP][PASSED] - (internal.GlobalVariable.i++): null

2019-12-02 02:45:25 - [MESSAGE][PASSED] - Call Test Case 'Test Cases/mobileWeb/_include/get_screenshot' successfully

2019-12-02 02:45:25 - [TEST_STEP][PASSED] - waitForElementVisible(findTestObject("mobileSanity/STM/STM Apply Page/a_Start Secure Application"), 5): Object 'Object Repository/mobileSanity/STM/STM Apply Page/a_Start Secure Application' is visible

2019-12-02 02:45:25 - [MESSAGE][PASSED] - Object 'Object Repository/mobileSanity/STM/STM Apply Page/a_Start Secure Application' is visible

2019-12-02 02:45:25 - [TEST_STEP][PASSED] - click(findTestObject("mobileSanity/STM/STM Apply Page/a_Start Secure Application")): Object: 'Object Repository/mobileSanity/STM/STM Apply Page/a_Start Secure Application' is clicked on

2019-12-02 02:45:26 - [MESSAGE][PASSED] - Object: 'Object Repository/mobileSanity/STM/STM Apply Page/a_Start Secure Application' is clicked on

2019-12-02 02:45:26 - [TEST_STEP][PASSED] - waitForPageLoad(20): Wait for page load successfully

2019-12-02 02:45:27 - [MESSAGE][PASSED] - Wait for page load successfully

2019-12-02 02:45:27 - [TEST_STEP][PASSED] - Thread.sleep(2000): null

2019-12-02 02:45:29 - [TEST_STEP][PASSED] - callTestCase(findTestCase("mobileWeb/_include/get_screenshot"), [:], STOP_ON_FAILURE): Call Test Case 'Test Cases/mobileWeb/_include/get_screenshot' successfully

2019-12-02 02:45:29 - [TEST_CASE][PASSED] - Test Cases/mobileWeb/_include/get_screenshot: Test Cases/mobileWeb/_include/get_screenshot

2019-12-02 02:45:29 - [TEST_STEP][PASSED] - takeScreenshot(screenPath + i + ".png"): Taking screenshot successfully

2019-12-02 02:45:29 - [MESSAGE][PASSED] - Taking screenshot successfully
[[ATTACHMENT|D:\\Test\\AgileTest\\Reports\\HIC\\hic\\20191202_022122\\../Screenshots/iPhone 6/HIC/STM/National General/standard/6.png]]

2019-12-02 02:45:29 - [TEST_STEP][PASSED] - (internal.GlobalVariable.i++): null

2019-12-02 02:45:29 - [MESSAGE][PASSED] - Call Test Case 'Test Cases/mobileWeb/_include/get_screenshot' successfully

2019-12-02 02:45:29 - [MESSAGE][PASSED] - Call Test Case 'Test Cases/mobileWeb/_include/apply_stm' successfully

2019-12-02 02:45:29 - [TEST_STEP][FAILED] - callTestCase(findTestCase("mobileWeb/_include/goToEnd_stm_autofill"), [:], STOP_ON_FAILURE): callTestCase(findTestCase("mobileWeb/_include/goToEnd_stm_autofill"), [:], STOP_ON_FAILURE) FAILED.
Reason:
com.kms.katalon.core.exception.StepFailedException: Unable to clear text of object 'Object Repository/mobileSanity/STM/Page_App Page 3/input__credit-card-cvv' (Root cause: com.kms.katalon.core.webui.exception.WebElementNotFoundException: Web element with id: 'Object Repository/mobileSanity/STM/Page_App Page 3/input__credit-card-cvv' located by 'By.xpath: id("credit-card-cvv")[count(. | //input[@type = 'text' and @id = 'credit-card-cvv']) = count(//input[@type = 'text' and @id = 'credit-card-cvv'])]' not found)
	at com.kms.katalon.core.keyword.internal.KeywordMain.stepFailed(KeywordMain.groovy:36)
	at com.kms.katalon.core.webui.keyword.internal.WebUIKeywordMain.stepFailed(WebUIKeywordMain.groovy:65)
	at com.kms.katalon.core.webui.keyword.internal.WebUIKeywordMain.runKeyword(WebUIKeywordMain.groovy:43)
	at com.kms.katalon.core.webui.keyword.builtin.ClearTextKeyword.clearText(ClearTextKeyword.groovy:61)
	at com.kms.katalon.core.webui.keyword.builtin.ClearTextKeyword.execute(ClearTextKeyword.groovy:34)
	at com.kms.katalon.core.keyword.internal.KeywordExecutor.executeKeywordForPlatform(KeywordExecutor.groovy:53)
	at com.kms.katalon.core.webui.keyword.WebUiBuiltInKeywords.clearText(WebUiBuiltInKeywords.groovy:3817)
	at com.kms.katalon.core.webui.keyword.WebUiBuiltInKeywords$clearText$13.call(Unknown Source)
	at goToEnd_stm_autofill.run(goToEnd_stm_autofill:71)
	at com.kms.katalon.core.main.ScriptEngine.run(ScriptEngine.java:194)
	at com.kms.katalon.core.main.ScriptEngine.runScriptAsRawText(ScriptEngine.java:119)
	at com.kms.katalon.core.main.TestCaseExecutor.runScript(TestCaseExecutor.java:328)
	at com.kms.katalon.core.main.TestCaseExecutor.doExecute(TestCaseExecutor.java:319)
	at com.kms.katalon.core.main.TestCaseExecutor.processExecutionPhase(TestCaseExecutor.java:298)
	at com.kms.katalon.core.main.TestCaseExecutor.accessMainPhase(TestCaseExecutor.java:290)
	at com.kms.katalon.core.main.TestCaseExecutor.execute(TestCaseExecutor.java:224)
	at com.kms.katalon.core.main.TestCaseMain.runTestCase(TestCaseMain.java:106)
	at com.kms.katalon.core.keyword.builtin.CallTestCaseKeyword$_callTestCase_closure1.doCall(CallTestCaseKeyword.groovy:59)
	at com.kms.katalon.core.keyword.builtin.CallTestCaseKeyword$_callTestCase_closure1.call(CallTestCaseKeyword.groovy)
	at com.kms.katalon.core.keyword.internal.KeywordMain.runKeyword(KeywordMain.groovy:54)
	at com.kms.katalon.core.keyword.builtin.CallTestCaseKeyword.callTestCase(CallTestCaseKeyword.groovy:80)
	at com.kms.katalon.core.keyword.builtin.CallTestCaseKeyword.execute(CallTestCaseKeyword.groovy:44)
	at com.kms.katalon.core.keyword.internal.KeywordExecutor.executeKeywordForPlatform(KeywordExecutor.groovy:53)
	at com.kms.katalon.core.keyword.BuiltinKeywords.callTestCase(BuiltinKeywords.groovy:334)
	at NationalGeneral.run(NationalGeneral:41)
	at com.kms.katalon.core.main.ScriptEngine.run(ScriptEngine.java:194)
	at com.kms.katalon.core.main.ScriptEngine.runScriptAsRawText(ScriptEngine.java:119)
	at com.kms.katalon.core.main.TestCaseExecutor.runScript(TestCaseExecutor.java:328)
	at com.kms.katalon.core.main.TestCaseExecutor.doExecute(TestCaseExecutor.java:319)
	at com.kms.katalon.core.main.TestCaseExecutor.processExecutionPhase(TestCaseExecutor.java:298)
	at com.kms.katalon.core.main.TestCaseExecutor.accessMainPhase(TestCaseExecutor.java:290)
	at com.kms.katalon.core.main.TestCaseExecutor.execute(TestCaseExecutor.java:224)
	at com.kms.katalon.core.main.TestSuiteExecutor.accessTestCaseMainPhase(TestSuiteExecutor.java:129)
	at com.kms.katalon.core.main.TestSuiteExecutor.accessTestSuiteMainPhase(TestSuiteExecutor.java:112)
	at com.kms.katalon.core.main.TestSuiteExecutor.execute(TestSuiteExecutor.java:81)
	at com.kms.katalon.core.main.TestCaseMain.startTestSuite(TestCaseMain.java:149)
	at com.kms.katalon.core.main.TestCaseMain$startTestSuite$0.call(Unknown Source)
	at TempTestSuite1575271282294.run(TempTestSuite1575271282294.groovy:36)


2019-12-02 02:45:29 - [TEST_CASE][FAILED] - Test Cases/mobileWeb/_include/goToEnd_stm_autofill: Test Cases/mobileWeb/_include/goToEnd_stm_autofill FAILED.
Reason:
com.kms.katalon.core.exception.StepFailedException: Unable to clear text of object 'Object Repository/mobileSanity/STM/Page_App Page 3/input__credit-card-cvv' (Root cause: com.kms.katalon.core.webui.exception.WebElementNotFoundException: Web element with id: 'Object Repository/mobileSanity/STM/Page_App Page 3/input__credit-card-cvv' located by 'By.xpath: id("credit-card-cvv")[count(. | //input[@type = 'text' and @id = 'credit-card-cvv']) = count(//input[@type = 'text' and @id = 'credit-card-cvv'])]' not found)
	at com.kms.katalon.core.keyword.internal.KeywordMain.stepFailed(KeywordMain.groovy:36)
	at com.kms.katalon.core.webui.keyword.internal.WebUIKeywordMain.stepFailed(WebUIKeywordMain.groovy:65)
	at com.kms.katalon.core.webui.keyword.internal.WebUIKeywordMain.runKeyword(WebUIKeywordMain.groovy:43)
	at com.kms.katalon.core.webui.keyword.builtin.ClearTextKeyword.clearText(ClearTextKeyword.groovy:61)
	at com.kms.katalon.core.webui.keyword.builtin.ClearTextKeyword.execute(ClearTextKeyword.groovy:34)
	at com.kms.katalon.core.keyword.internal.KeywordExecutor.executeKeywordForPlatform(KeywordExecutor.groovy:53)
	at com.kms.katalon.core.webui.keyword.WebUiBuiltInKeywords.clearText(WebUiBuiltInKeywords.groovy:3817)
	at com.kms.katalon.core.webui.keyword.WebUiBuiltInKeywords$clearText$13.call(Unknown Source)
	at goToEnd_stm_autofill.run(goToEnd_stm_autofill:71)
	at com.kms.katalon.core.main.ScriptEngine.run(ScriptEngine.java:194)
	at com.kms.katalon.core.main.ScriptEngine.runScriptAsRawText(ScriptEngine.java:119)
	at com.kms.katalon.core.main.TestCaseExecutor.runScript(TestCaseExecutor.java:328)
	at com.kms.katalon.core.main.TestCaseExecutor.doExecute(TestCaseExecutor.java:319)
	at com.kms.katalon.core.main.TestCaseExecutor.processExecutionPhase(TestCaseExecutor.java:298)
	at com.kms.katalon.core.main.TestCaseExecutor.accessMainPhase(TestCaseExecutor.java:290)
	at com.kms.katalon.core.main.TestCaseExecutor.execute(TestCaseExecutor.java:224)
	at com.kms.katalon.core.main.TestCaseMain.runTestCase(TestCaseMain.java:106)
	at com.kms.katalon.core.keyword.builtin.CallTestCaseKeyword$_callTestCase_closure1.doCall(CallTestCaseKeyword.groovy:59)
	at com.kms.katalon.core.keyword.builtin.CallTestCaseKeyword$_callTestCase_closure1.call(CallTestCaseKeyword.groovy)
	at com.kms.katalon.core.keyword.internal.KeywordMain.runKeyword(KeywordMain.groovy:54)
	at com.kms.katalon.core.keyword.builtin.CallTestCaseKeyword.callTestCase(CallTestCaseKeyword.groovy:80)
	at com.kms.katalon.core.keyword.builtin.CallTestCaseKeyword.execute(CallTestCaseKeyword.groovy:44)
	at com.kms.katalon.core.keyword.internal.KeywordExecutor.executeKeywordForPlatform(KeywordExecutor.groovy:53)
	at com.kms.katalon.core.keyword.BuiltinKeywords.callTestCase(BuiltinKeywords.groovy:334)
	at NationalGeneral.run(NationalGeneral:41)
	at com.kms.katalon.core.main.ScriptEngine.run(ScriptEngine.java:194)
	at com.kms.katalon.core.main.ScriptEngine.runScriptAsRawText(ScriptEngine.java:119)
	at com.kms.katalon.core.main.TestCaseExecutor.runScript(TestCaseExecutor.java:328)
	at com.kms.katalon.core.main.TestCaseExecutor.doExecute(TestCaseExecutor.java:319)
	at com.kms.katalon.core.main.TestCaseExecutor.processExecutionPhase(TestCaseExecutor.java:298)
	at com.kms.katalon.core.main.TestCaseExecutor.accessMainPhase(TestCaseExecutor.java:290)
	at com.kms.katalon.core.main.TestCaseExecutor.execute(TestCaseExecutor.java:224)
	at com.kms.katalon.core.main.TestSuiteExecutor.accessTestCaseMainPhase(TestSuiteExecutor.java:129)
	at com.kms.katalon.core.main.TestSuiteExecutor.accessTestSuiteMainPhase(TestSuiteExecutor.java:112)
	at com.kms.katalon.core.main.TestSuiteExecutor.execute(TestSuiteExecutor.java:81)
	at com.kms.katalon.core.main.TestCaseMain.startTestSuite(TestCaseMain.java:149)
	at com.kms.katalon.core.main.TestCaseMain$startTestSuite$0.call(Unknown Source)
	at TempTestSuite1575271282294.run(TempTestSuite1575271282294.groovy:36)


2019-12-02 02:45:29 - [TEST_STEP][PASSED] - callTestCase(findTestCase("mobileWeb/_include/name"), [:], CONTINUE_ON_FAILURE): Call Test Case 'Test Cases/mobileWeb/_include/name' successfully

2019-12-02 02:45:29 - [TEST_CASE][PASSED] - Test Cases/mobileWeb/_include/name: Test Cases/mobileWeb/_include/name

2019-12-02 02:45:29 - [TEST_STEP][PASSED] - driver = getWebDriver(): null

2019-12-02 02:45:29 - [TEST_STEP][PASSED] - selenium = new com.thoughtworks.selenium.webdriven.WebDriverBackedSelenium(driver, internal.GlobalVariable.ENV): null

2019-12-02 02:45:29 - [TEST_STEP][PASSED] - FirstName = "Test-123": null

2019-12-02 02:45:29 - [TEST_STEP][PASSED] - LastName = selenium.getEval("{var x="ABCDEFGHIJKLMNOPQRSTUVWXYZabcdefghijklmnopqrstuvwxyz"; var tmp="ZZ11-"; for (i=0;i<8;i++) tmp+=x.charAt(Math.ceil(51*Math.random()));tmp;}"): null

2019-12-02 02:45:29 - [TEST_STEP][PASSED] - Address = selenium.getEval("{var x="ABCDEFGHIJKLMNOPQRSTUVWXYZabcdefghijklmnopqrstuvwxyz"; var tmp=""; for (i=0;i<8;i++) tmp+=x.charAt(Math.ceil(51*Math.random()));tmp;}"): null

2019-12-02 02:45:30 - [TEST_STEP][PASSED] - City = selenium.getEval("{var x="ABCDEFGHIJKLMNOPQRSTUVWXYZabcdefghijklmnopqrstuvwxyz"; var tmp=""; for (i=0;i<8;i++) tmp+=x.charAt(Math.ceil(51*Math.random()));tmp;}"): null

2019-12-02 02:45:30 - [TEST_STEP][PASSED] - tel1 = selenium.getEval("{var x="123456789"; var tmp=""; for (i=0;i<3;i++) tmp+=x.charAt(Math.ceil(8*Math.random()));tmp;}"): null

2019-12-02 02:45:30 - [TEST_STEP][PASSED] - tel2 = selenium.getEval("{var x="123456789"; var tmp=""; for (i=0;i<3;i++) tmp+=x.charAt(Math.ceil(8*Math.random()));tmp;}"): null

2019-12-02 02:45:30 - [TEST_STEP][PASSED] - tel3 = selenium.getEval("{var x="123456789"; var tmp=""; for (i=0;i<4;i++) tmp+=x.charAt(Math.ceil(8*Math.random()));tmp;}"): null

2019-12-02 02:45:30 - [TEST_STEP][PASSED] - Tel = selenium.getExpression(tel1 + "-" + tel2 + "-" + tel3): null

2019-12-02 02:45:30 - [TEST_STEP][PASSED] - AutoEmail = selenium.getEval("{var x="ABCDEFGHIJKLMNOPQRSTUVWXYZabcdefghijklmnopqrstuvwxyz"; var tmp="test."; for (i=0;i<8;i++) tmp+=x.charAt(Math.ceil(51*Math.random()));tmp+="@suryani.cn";}"): null

2019-12-02 02:45:30 - [TEST_STEP][PASSED] - FirstName = FirstName: null

2019-12-02 02:45:30 - [TEST_STEP][PASSED] - LastName = LastName: null

2019-12-02 02:45:30 - [TEST_STEP][PASSED] - Address = Address: null

2019-12-02 02:45:30 - [TEST_STEP][PASSED] - City = City: null

2019-12-02 02:45:30 - [TEST_STEP][PASSED] - Tel = Tel: null

2019-12-02 02:45:30 - [TEST_STEP][PASSED] - AutoEmail = AutoEmail: null

2019-12-02 02:45:30 - [TEST_STEP][PASSED] - println(FirstName): null

2019-12-02 02:45:30 - [TEST_STEP][PASSED] - println(LastName): null

2019-12-02 02:45:30 - [TEST_STEP][PASSED] - println(Address): null

2019-12-02 02:45:30 - [TEST_STEP][PASSED] - println(City): null

2019-12-02 02:45:30 - [TEST_STEP][PASSED] - println(Tel): null

2019-12-02 02:45:30 - [TEST_STEP][PASSED] - println(AutoEmail): null

2019-12-02 02:45:30 - [MESSAGE][PASSED] - Call Test Case 'Test Cases/mobileWeb/_include/name' successfully

2019-12-02 02:45:30 - [TEST_STEP][PASSED] - try: Call Test Case 'Test Cases/mobileWeb/_include/get_screenshot' successfully

2019-12-02 02:45:30 - [TEST_STEP][PASSED] - if (verifyTextPresent("Month Duration Acknowledgement", false)): Call Test Case 'Test Cases/mobileWeb/_include/get_screenshot' successfully

2019-12-02 02:45:30 - [MESSAGE][PASSED] - Text 'Month Duration Acknowledgement' is present on page 

2019-12-02 02:45:30 - [TEST_STEP][PASSED] - click(findTestObject("mobileSanity/STM/Page_App Page 1/label_By checking this box I u")): Object: 'Object Repository/mobileSanity/STM/Page_App Page 1/label_By checking this box I u' is clicked on

2019-12-02 02:45:30 - [MESSAGE][PASSED] - Object: 'Object Repository/mobileSanity/STM/Page_App Page 1/label_By checking this box I u' is clicked on

2019-12-02 02:45:30 - [TEST_STEP][PASSED] - click(findTestObject("mobileSanity/STM/Page_App Page 1/button_Continue to Application")): Object: 'Object Repository/mobileSanity/STM/Page_App Page 1/button_Continue to Application' is clicked on

2019-12-02 02:45:30 - [MESSAGE][PASSED] - Object: 'Object Repository/mobileSanity/STM/Page_App Page 1/button_Continue to Application' is clicked on

2019-12-02 02:45:30 - [TEST_STEP][PASSED] - waitForPageLoad(20): Wait for page load successfully

2019-12-02 02:45:31 - [MESSAGE][PASSED] - Wait for page load successfully

2019-12-02 02:45:31 - [TEST_STEP][PASSED] - Thread.sleep(5000): null

2019-12-02 02:45:36 - [TEST_STEP][PASSED] - callTestCase(findTestCase("mobileWeb/_include/get_screenshot"), [:], STOP_ON_FAILURE): Call Test Case 'Test Cases/mobileWeb/_include/get_screenshot' successfully

2019-12-02 02:45:36 - [TEST_CASE][PASSED] - Test Cases/mobileWeb/_include/get_screenshot: Test Cases/mobileWeb/_include/get_screenshot

2019-12-02 02:45:36 - [TEST_STEP][PASSED] - takeScreenshot(screenPath + i + ".png"): Taking screenshot successfully

2019-12-02 02:45:37 - [MESSAGE][PASSED] - Taking screenshot successfully
[[ATTACHMENT|D:\\Test\\AgileTest\\Reports\\HIC\\hic\\20191202_022122\\../Screenshots/iPhone 6/HIC/STM/National General/standard/7.png]]

2019-12-02 02:45:37 - [TEST_STEP][PASSED] - (internal.GlobalVariable.i++): null

2019-12-02 02:45:37 - [MESSAGE][PASSED] - Call Test Case 'Test Cases/mobileWeb/_include/get_screenshot' successfully

2019-12-02 02:45:37 - [TEST_STEP][PASSED] - waitForPageLoad(10): Wait for page load successfully

2019-12-02 02:45:37 - [MESSAGE][PASSED] - Wait for page load successfully

2019-12-02 02:45:37 - [TEST_STEP][PASSED] - Thread.sleep(3000): null

2019-12-02 02:45:40 - [TEST_STEP][PASSED] - waitForElementVisible(findTestObject("mobileSanity/STM/Page_App Page 1/a_Autofill App Info"), 20): Object 'Object Repository/mobileSanity/STM/Page_App Page 1/a_Autofill App Info' is visible

2019-12-02 02:45:40 - [MESSAGE][PASSED] - Object 'Object Repository/mobileSanity/STM/Page_App Page 1/a_Autofill App Info' is visible

2019-12-02 02:45:40 - [TEST_STEP][PASSED] - click(findTestObject("mobileSanity/STM/Page_App Page 1/a_Autofill App Info")): Object: 'Object Repository/mobileSanity/STM/Page_App Page 1/a_Autofill App Info' is clicked on

2019-12-02 02:45:40 - [MESSAGE][PASSED] - Object: 'Object Repository/mobileSanity/STM/Page_App Page 1/a_Autofill App Info' is clicked on

2019-12-02 02:45:40 - [TEST_STEP][PASSED] - Thread.sleep(1000): null

2019-12-02 02:45:41 - [TEST_STEP][PASSED] - click(findTestObject("mobileSanity/STM/Page_App Page 1/a_Autofill App Info")): Object: 'Object Repository/mobileSanity/STM/Page_App Page 1/a_Autofill App Info' is clicked on

2019-12-02 02:45:41 - [MESSAGE][PASSED] - Object: 'Object Repository/mobileSanity/STM/Page_App Page 1/a_Autofill App Info' is clicked on

2019-12-02 02:45:41 - [TEST_STEP][PASSED] - Thread.sleep(1000): null

2019-12-02 02:45:42 - [TEST_STEP][PASSED] - waitForElementVisible(findTestObject("mobileSanity/STM/Page_App Page 1/a_Continue"), 20): Object 'Object Repository/mobileSanity/STM/Page_App Page 1/a_Continue' is visible

2019-12-02 02:45:42 - [MESSAGE][PASSED] - Object 'Object Repository/mobileSanity/STM/Page_App Page 1/a_Continue' is visible

2019-12-02 02:45:42 - [TEST_STEP][PASSED] - click(findTestObject("mobileSanity/STM/Page_App Page 1/a_Continue")): Object: 'Object Repository/mobileSanity/STM/Page_App Page 1/a_Continue' is clicked on

2019-12-02 02:45:42 - [MESSAGE][PASSED] - Object: 'Object Repository/mobileSanity/STM/Page_App Page 1/a_Continue' is clicked on

2019-12-02 02:45:42 - [TEST_STEP][PASSED] - waitForPageLoad(20): Wait for page load successfully

2019-12-02 02:45:42 - [MESSAGE][PASSED] - Wait for page load successfully

2019-12-02 02:45:42 - [TEST_STEP][PASSED] - Thread.sleep(5000): null

2019-12-02 02:45:47 - [TEST_STEP][PASSED] - callTestCase(findTestCase("mobileWeb/_include/get_screenshot"), [:], STOP_ON_FAILURE): Call Test Case 'Test Cases/mobileWeb/_include/get_screenshot' successfully

2019-12-02 02:45:48 - [TEST_CASE][PASSED] - Test Cases/mobileWeb/_include/get_screenshot: Test Cases/mobileWeb/_include/get_screenshot

2019-12-02 02:45:48 - [TEST_STEP][PASSED] - takeScreenshot(screenPath + i + ".png"): Taking screenshot successfully

2019-12-02 02:45:48 - [MESSAGE][PASSED] - Taking screenshot successfully
[[ATTACHMENT|D:\\Test\\AgileTest\\Reports\\HIC\\hic\\20191202_022122\\../Screenshots/iPhone 6/HIC/STM/National General/standard/8.png]]

2019-12-02 02:45:48 - [TEST_STEP][PASSED] - (internal.GlobalVariable.i++): null

2019-12-02 02:45:48 - [MESSAGE][PASSED] - Call Test Case 'Test Cases/mobileWeb/_include/get_screenshot' successfully

2019-12-02 02:45:48 - [TEST_STEP][PASSED] - click(findTestObject("mobileSanity/STM/Page_App Page 2/a_Continue to Step 3 - Payment")): Object: 'Object Repository/mobileSanity/STM/Page_App Page 2/a_Continue to Step 3 - Payment' is clicked on

2019-12-02 02:45:48 - [MESSAGE][PASSED] - Object: 'Object Repository/mobileSanity/STM/Page_App Page 2/a_Continue to Step 3 - Payment' is clicked on

2019-12-02 02:45:48 - [TEST_STEP][PASSED] - waitForPageLoad(20): Wait for page load successfully

2019-12-02 02:45:48 - [MESSAGE][PASSED] - Wait for page load successfully

2019-12-02 02:45:48 - [TEST_STEP][PASSED] - waitForElementVisible(findTestObject("mobileSanity/STM/Page_App Page 3/input__credit-card-cvv"), 20): Web element with id: 'Object Repository/mobileSanity/STM/Page_App Page 3/input__credit-card-cvv' located by 'By.xpath: id("credit-card-cvv")[count(. | //input[@type = 'text' and @id = 'credit-card-cvv']) = count(//input[@type = 'text' and @id = 'credit-card-cvv'])]' not found

2019-12-02 02:46:09 - [MESSAGE][INFO] - Unable to find the element located by 'By.xpath: id("credit-card-cvv")[count(. | //input[@type = 'text' and @id = 'credit-card-cvv']) = count(//input[@type = 'text' and @id = 'credit-card-cvv'])]'. Please recheck the objects properties to make sure the desired element is located. 

2019-12-02 02:46:09 - [MESSAGE][WARNING] - Web element with id: 'Object Repository/mobileSanity/STM/Page_App Page 3/input__credit-card-cvv' located by 'By.xpath: id("credit-card-cvv")[count(. | //input[@type = 'text' and @id = 'credit-card-cvv']) = count(//input[@type = 'text' and @id = 'credit-card-cvv'])]' not found

2019-12-02 02:46:09 - [TEST_STEP][PASSED] - Thread.sleep(2000): null

2019-12-02 02:46:11 - [TEST_STEP][PASSED] - callTestCase(findTestCase("mobileWeb/_include/get_screenshot"), [:], STOP_ON_FAILURE): Call Test Case 'Test Cases/mobileWeb/_include/get_screenshot' successfully

2019-12-02 02:46:11 - [TEST_CASE][PASSED] - Test Cases/mobileWeb/_include/get_screenshot: Test Cases/mobileWeb/_include/get_screenshot

2019-12-02 02:46:11 - [TEST_STEP][PASSED] - takeScreenshot(screenPath + i + ".png"): Taking screenshot successfully

2019-12-02 02:46:11 - [MESSAGE][PASSED] - Taking screenshot successfully
[[ATTACHMENT|D:\\Test\\AgileTest\\Reports\\HIC\\hic\\20191202_022122\\../Screenshots/iPhone 6/HIC/STM/National General/standard/9.png]]

2019-12-02 02:46:11 - [TEST_STEP][PASSED] - (internal.GlobalVariable.i++): null

2019-12-02 02:46:11 - [MESSAGE][PASSED] - Call Test Case 'Test Cases/mobileWeb/_include/get_screenshot' successfully

2019-12-02 02:46:11 - [TEST_STEP][FAILED] - clearText(findTestObject("mobileSanity/STM/Page_App Page 3/input__credit-card-cvv")): clearText(findTestObject("mobileSanity/STM/Page_App Page 3/input__credit-card-cvv")) FAILED.
Reason:
com.kms.katalon.core.exception.StepFailedException: Unable to clear text of object 'Object Repository/mobileSanity/STM/Page_App Page 3/input__credit-card-cvv' (Root cause: com.kms.katalon.core.webui.exception.WebElementNotFoundException: Web element with id: 'Object Repository/mobileSanity/STM/Page_App Page 3/input__credit-card-cvv' located by 'By.xpath: id("credit-card-cvv")[count(. | //input[@type = 'text' and @id = 'credit-card-cvv']) = count(//input[@type = 'text' and @id = 'credit-card-cvv'])]' not found)
	at com.kms.katalon.core.keyword.internal.KeywordMain.stepFailed(KeywordMain.groovy:36)
	at com.kms.katalon.core.webui.keyword.internal.WebUIKeywordMain.stepFailed(WebUIKeywordMain.groovy:65)
	at com.kms.katalon.core.webui.keyword.internal.WebUIKeywordMain.runKeyword(WebUIKeywordMain.groovy:43)
	at com.kms.katalon.core.webui.keyword.builtin.ClearTextKeyword.clearText(ClearTextKeyword.groovy:61)
	at com.kms.katalon.core.webui.keyword.builtin.ClearTextKeyword.execute(ClearTextKeyword.groovy:34)
	at com.kms.katalon.core.keyword.internal.KeywordExecutor.executeKeywordForPlatform(KeywordExecutor.groovy:53)
	at com.kms.katalon.core.webui.keyword.WebUiBuiltInKeywords.clearText(WebUiBuiltInKeywords.groovy:3817)
	at com.kms.katalon.core.webui.keyword.WebUiBuiltInKeywords$clearText$13.call(Unknown Source)
	at goToEnd_stm_autofill.run(goToEnd_stm_autofill:71)
	at com.kms.katalon.core.main.ScriptEngine.run(ScriptEngine.java:194)
	at com.kms.katalon.core.main.ScriptEngine.runScriptAsRawText(ScriptEngine.java:119)
	at com.kms.katalon.core.main.TestCaseExecutor.runScript(TestCaseExecutor.java:328)
	at com.kms.katalon.core.main.TestCaseExecutor.doExecute(TestCaseExecutor.java:319)
	at com.kms.katalon.core.main.TestCaseExecutor.processExecutionPhase(TestCaseExecutor.java:298)
	at com.kms.katalon.core.main.TestCaseExecutor.accessMainPhase(TestCaseExecutor.java:290)
	at com.kms.katalon.core.main.TestCaseExecutor.execute(TestCaseExecutor.java:224)
	at com.kms.katalon.core.main.TestCaseMain.runTestCase(TestCaseMain.java:106)
	at com.kms.katalon.core.keyword.builtin.CallTestCaseKeyword$_callTestCase_closure1.doCall(CallTestCaseKeyword.groovy:59)
	at com.kms.katalon.core.keyword.builtin.CallTestCaseKeyword$_callTestCase_closure1.call(CallTestCaseKeyword.groovy)
	at com.kms.katalon.core.keyword.internal.KeywordMain.runKeyword(KeywordMain.groovy:54)
	at com.kms.katalon.core.keyword.builtin.CallTestCaseKeyword.callTestCase(CallTestCaseKeyword.groovy:80)
	at com.kms.katalon.core.keyword.builtin.CallTestCaseKeyword.execute(CallTestCaseKeyword.groovy:44)
	at com.kms.katalon.core.keyword.internal.KeywordExecutor.executeKeywordForPlatform(KeywordExecutor.groovy:53)
	at com.kms.katalon.core.keyword.BuiltinKeywords.callTestCase(BuiltinKeywords.groovy:334)
	at NationalGeneral.run(NationalGeneral:41)
	at com.kms.katalon.core.main.ScriptEngine.run(ScriptEngine.java:194)
	at com.kms.katalon.core.main.ScriptEngine.runScriptAsRawText(ScriptEngine.java:119)
	at com.kms.katalon.core.main.TestCaseExecutor.runScript(TestCaseExecutor.java:328)
	at com.kms.katalon.core.main.TestCaseExecutor.doExecute(TestCaseExecutor.java:319)
	at com.kms.katalon.core.main.TestCaseExecutor.processExecutionPhase(TestCaseExecutor.java:298)
	at com.kms.katalon.core.main.TestCaseExecutor.accessMainPhase(TestCaseExecutor.java:290)
	at com.kms.katalon.core.main.TestCaseExecutor.execute(TestCaseExecutor.java:224)
	at com.kms.katalon.core.main.TestSuiteExecutor.accessTestCaseMainPhase(TestSuiteExecutor.java:129)
	at com.kms.katalon.core.main.TestSuiteExecutor.accessTestSuiteMainPhase(TestSuiteExecutor.java:112)
	at com.kms.katalon.core.main.TestSuiteExecutor.execute(TestSuiteExecutor.java:81)
	at com.kms.katalon.core.main.TestCaseMain.startTestSuite(TestCaseMain.java:149)
	at com.kms.katalon.core.main.TestCaseMain$startTestSuite$0.call(Unknown Source)
	at TempTestSuite1575271282294.run(TempTestSuite1575271282294.groovy:36)


2019-12-02 02:46:32 - [MESSAGE][INFO] - Unable to find the element located by 'By.xpath: id("credit-card-cvv")[count(. | //input[@type = 'text' and @id = 'credit-card-cvv']) = count(//input[@type = 'text' and @id = 'credit-card-cvv'])]'. Please recheck the objects properties to make sure the desired element is located. 

2019-12-02 02:46:32 - [MESSAGE][FAILED] - Unable to clear text of object 'Object Repository/mobileSanity/STM/Page_App Page 3/input__credit-card-cvv' (Root cause: com.kms.katalon.core.webui.exception.WebElementNotFoundException: Web element with id: 'Object Repository/mobileSanity/STM/Page_App Page 3/input__credit-card-cvv' located by 'By.xpath: id("credit-card-cvv")[count(. | //input[@type = 'text' and @id = 'credit-card-cvv']) = count(//input[@type = 'text' and @id = 'credit-card-cvv'])]' not found)
[[ATTACHMENT|D:\\Test\\AgileTest\\Reports\\HIC\\hic\\20191202_022122\\1575272792376.png]]

2019-12-02 02:46:32 - [MESSAGE][FAILED] - clearText(findTestObject("mobileSanity/STM/Page_App Page 3/input__credit-card-cvv")) FAILED.
Reason:
com.kms.katalon.core.exception.StepFailedException: Unable to clear text of object 'Object Repository/mobileSanity/STM/Page_App Page 3/input__credit-card-cvv' (Root cause: com.kms.katalon.core.webui.exception.WebElementNotFoundException: Web element with id: 'Object Repository/mobileSanity/STM/Page_App Page 3/input__credit-card-cvv' located by 'By.xpath: id("credit-card-cvv")[count(. | //input[@type = 'text' and @id = 'credit-card-cvv']) = count(//input[@type = 'text' and @id = 'credit-card-cvv'])]' not found)
	at com.kms.katalon.core.keyword.internal.KeywordMain.stepFailed(KeywordMain.groovy:36)
	at com.kms.katalon.core.webui.keyword.internal.WebUIKeywordMain.stepFailed(WebUIKeywordMain.groovy:65)
	at com.kms.katalon.core.webui.keyword.internal.WebUIKeywordMain.runKeyword(WebUIKeywordMain.groovy:43)
	at com.kms.katalon.core.webui.keyword.builtin.ClearTextKeyword.clearText(ClearTextKeyword.groovy:61)
	at com.kms.katalon.core.webui.keyword.builtin.ClearTextKeyword.execute(ClearTextKeyword.groovy:34)
	at com.kms.katalon.core.keyword.internal.KeywordExecutor.executeKeywordForPlatform(KeywordExecutor.groovy:53)
	at com.kms.katalon.core.webui.keyword.WebUiBuiltInKeywords.clearText(WebUiBuiltInKeywords.groovy:3817)
	at com.kms.katalon.core.webui.keyword.WebUiBuiltInKeywords$clearText$13.call(Unknown Source)
	at goToEnd_stm_autofill.run(goToEnd_stm_autofill:71)
	at com.kms.katalon.core.main.ScriptEngine.run(ScriptEngine.java:194)
	at com.kms.katalon.core.main.ScriptEngine.runScriptAsRawText(ScriptEngine.java:119)
	at com.kms.katalon.core.main.TestCaseExecutor.runScript(TestCaseExecutor.java:328)
	at com.kms.katalon.core.main.TestCaseExecutor.doExecute(TestCaseExecutor.java:319)
	at com.kms.katalon.core.main.TestCaseExecutor.processExecutionPhase(TestCaseExecutor.java:298)
	at com.kms.katalon.core.main.TestCaseExecutor.accessMainPhase(TestCaseExecutor.java:290)
	at com.kms.katalon.core.main.TestCaseExecutor.execute(TestCaseExecutor.java:224)
	at com.kms.katalon.core.main.TestCaseMain.runTestCase(TestCaseMain.java:106)
	at com.kms.katalon.core.keyword.builtin.CallTestCaseKeyword$_callTestCase_closure1.doCall(CallTestCaseKeyword.groovy:59)
	at com.kms.katalon.core.keyword.builtin.CallTestCaseKeyword$_callTestCase_closure1.call(CallTestCaseKeyword.groovy)
	at com.kms.katalon.core.keyword.internal.KeywordMain.runKeyword(KeywordMain.groovy:54)
	at com.kms.katalon.core.keyword.builtin.CallTestCaseKeyword.callTestCase(CallTestCaseKeyword.groovy:80)
	at com.kms.katalon.core.keyword.builtin.CallTestCaseKeyword.execute(CallTestCaseKeyword.groovy:44)
	at com.kms.katalon.core.keyword.internal.KeywordExecutor.executeKeywordForPlatform(KeywordExecutor.groovy:53)
	at com.kms.katalon.core.keyword.BuiltinKeywords.callTestCase(BuiltinKeywords.groovy:334)
	at NationalGeneral.run(NationalGeneral:41)
	at com.kms.katalon.core.main.ScriptEngine.run(ScriptEngine.java:194)
	at com.kms.katalon.core.main.ScriptEngine.runScriptAsRawText(ScriptEngine.java:119)
	at com.kms.katalon.core.main.TestCaseExecutor.runScript(TestCaseExecutor.java:328)
	at com.kms.katalon.core.main.TestCaseExecutor.doExecute(TestCaseExecutor.java:319)
	at com.kms.katalon.core.main.TestCaseExecutor.processExecutionPhase(TestCaseExecutor.java:298)
	at com.kms.katalon.core.main.TestCaseExecutor.accessMainPhase(TestCaseExecutor.java:290)
	at com.kms.katalon.core.main.TestCaseExecutor.execute(TestCaseExecutor.java:224)
	at com.kms.katalon.core.main.TestSuiteExecutor.accessTestCaseMainPhase(TestSuiteExecutor.java:129)
	at com.kms.katalon.core.main.TestSuiteExecutor.accessTestSuiteMainPhase(TestSuiteExecutor.java:112)
	at com.kms.katalon.core.main.TestSuiteExecutor.execute(TestSuiteExecutor.java:81)
	at com.kms.katalon.core.main.TestCaseMain.startTestSuite(TestCaseMain.java:149)
	at com.kms.katalon.core.main.TestCaseMain$startTestSuite$0.call(Unknown Source)
	at TempTestSuite1575271282294.run(TempTestSuite1575271282294.groovy:36)


2019-12-02 02:46:32 - [MESSAGE][FAILED] - Unable to call Test Case 'Test Cases/mobileWeb/_include/goToEnd_stm_autofill' (Root cause: com.kms.katalon.core.exception.StepFailedException: Call Test Case 'Test Cases/mobileWeb/_include/goToEnd_stm_autofill' failed)

2019-12-02 02:46:32 - [MESSAGE][FAILED] - callTestCase(findTestCase("mobileWeb/_include/goToEnd_stm_autofill"), [:], STOP_ON_FAILURE) FAILED.
Reason:
com.kms.katalon.core.exception.StepFailedException: Unable to clear text of object 'Object Repository/mobileSanity/STM/Page_App Page 3/input__credit-card-cvv' (Root cause: com.kms.katalon.core.webui.exception.WebElementNotFoundException: Web element with id: 'Object Repository/mobileSanity/STM/Page_App Page 3/input__credit-card-cvv' located by 'By.xpath: id("credit-card-cvv")[count(. | //input[@type = 'text' and @id = 'credit-card-cvv']) = count(//input[@type = 'text' and @id = 'credit-card-cvv'])]' not found)
	at com.kms.katalon.core.keyword.internal.KeywordMain.stepFailed(KeywordMain.groovy:36)
	at com.kms.katalon.core.webui.keyword.internal.WebUIKeywordMain.stepFailed(WebUIKeywordMain.groovy:65)
	at com.kms.katalon.core.webui.keyword.internal.WebUIKeywordMain.runKeyword(WebUIKeywordMain.groovy:43)
	at com.kms.katalon.core.webui.keyword.builtin.ClearTextKeyword.clearText(ClearTextKeyword.groovy:61)
	at com.kms.katalon.core.webui.keyword.builtin.ClearTextKeyword.execute(ClearTextKeyword.groovy:34)
	at com.kms.katalon.core.keyword.internal.KeywordExecutor.executeKeywordForPlatform(KeywordExecutor.groovy:53)
	at com.kms.katalon.core.webui.keyword.WebUiBuiltInKeywords.clearText(WebUiBuiltInKeywords.groovy:3817)
	at com.kms.katalon.core.webui.keyword.WebUiBuiltInKeywords$clearText$13.call(Unknown Source)
	at goToEnd_stm_autofill.run(goToEnd_stm_autofill:71)
	at com.kms.katalon.core.main.ScriptEngine.run(ScriptEngine.java:194)
	at com.kms.katalon.core.main.ScriptEngine.runScriptAsRawText(ScriptEngine.java:119)
	at com.kms.katalon.core.main.TestCaseExecutor.runScript(TestCaseExecutor.java:328)
	at com.kms.katalon.core.main.TestCaseExecutor.doExecute(TestCaseExecutor.java:319)
	at com.kms.katalon.core.main.TestCaseExecutor.processExecutionPhase(TestCaseExecutor.java:298)
	at com.kms.katalon.core.main.TestCaseExecutor.accessMainPhase(TestCaseExecutor.java:290)
	at com.kms.katalon.core.main.TestCaseExecutor.execute(TestCaseExecutor.java:224)
	at com.kms.katalon.core.main.TestCaseMain.runTestCase(TestCaseMain.java:106)
	at com.kms.katalon.core.keyword.builtin.CallTestCaseKeyword$_callTestCase_closure1.doCall(CallTestCaseKeyword.groovy:59)
	at com.kms.katalon.core.keyword.builtin.CallTestCaseKeyword$_callTestCase_closure1.call(CallTestCaseKeyword.groovy)
	at com.kms.katalon.core.keyword.internal.KeywordMain.runKeyword(KeywordMain.groovy:54)
	at com.kms.katalon.core.keyword.builtin.CallTestCaseKeyword.callTestCase(CallTestCaseKeyword.groovy:80)
	at com.kms.katalon.core.keyword.builtin.CallTestCaseKeyword.execute(CallTestCaseKeyword.groovy:44)
	at com.kms.katalon.core.keyword.internal.KeywordExecutor.executeKeywordForPlatform(KeywordExecutor.groovy:53)
	at com.kms.katalon.core.keyword.BuiltinKeywords.callTestCase(BuiltinKeywords.groovy:334)
	at NationalGeneral.run(NationalGeneral:41)
	at com.kms.katalon.core.main.ScriptEngine.run(ScriptEngine.java:194)
	at com.kms.katalon.core.main.ScriptEngine.runScriptAsRawText(ScriptEngine.java:119)
	at com.kms.katalon.core.main.TestCaseExecutor.runScript(TestCaseExecutor.java:328)
	at com.kms.katalon.core.main.TestCaseExecutor.doExecute(TestCaseExecutor.java:319)
	at com.kms.katalon.core.main.TestCaseExecutor.processExecutionPhase(TestCaseExecutor.java:298)
	at com.kms.katalon.core.main.TestCaseExecutor.accessMainPhase(TestCaseExecutor.java:290)
	at com.kms.katalon.core.main.TestCaseExecutor.execute(TestCaseExecutor.java:224)
	at com.kms.katalon.core.main.TestSuiteExecutor.accessTestCaseMainPhase(TestSuiteExecutor.java:129)
	at com.kms.katalon.core.main.TestSuiteExecutor.accessTestSuiteMainPhase(TestSuiteExecutor.java:112)
	at com.kms.katalon.core.main.TestSuiteExecutor.execute(TestSuiteExecutor.java:81)
	at com.kms.katalon.core.main.TestCaseMain.startTestSuite(TestCaseMain.java:149)
	at com.kms.katalon.core.main.TestCaseMain$startTestSuite$0.call(Unknown Source)
	at TempTestSuite1575271282294.run(TempTestSuite1575271282294.groovy:36)]]></system-out>
         <system-err><![CDATA[2019-12-02 02:44:49 - [TEST_CASE][FAILED] - Test Cases/HIC/STM/NationalGeneral: Test Cases/HIC/STM/NationalGeneral FAILED.
Reason:
com.kms.katalon.core.exception.StepFailedException: Unable to clear text of object 'Object Repository/mobileSanity/STM/Page_App Page 3/input__credit-card-cvv' (Root cause: com.kms.katalon.core.webui.exception.WebElementNotFoundException: Web element with id: 'Object Repository/mobileSanity/STM/Page_App Page 3/input__credit-card-cvv' located by 'By.xpath: id("credit-card-cvv")[count(. | //input[@type = 'text' and @id = 'credit-card-cvv']) = count(//input[@type = 'text' and @id = 'credit-card-cvv'])]' not found)
	at com.kms.katalon.core.keyword.internal.KeywordMain.stepFailed(KeywordMain.groovy:36)
	at com.kms.katalon.core.webui.keyword.internal.WebUIKeywordMain.stepFailed(WebUIKeywordMain.groovy:65)
	at com.kms.katalon.core.webui.keyword.internal.WebUIKeywordMain.runKeyword(WebUIKeywordMain.groovy:43)
	at com.kms.katalon.core.webui.keyword.builtin.ClearTextKeyword.clearText(ClearTextKeyword.groovy:61)
	at com.kms.katalon.core.webui.keyword.builtin.ClearTextKeyword.execute(ClearTextKeyword.groovy:34)
	at com.kms.katalon.core.keyword.internal.KeywordExecutor.executeKeywordForPlatform(KeywordExecutor.groovy:53)
	at com.kms.katalon.core.webui.keyword.WebUiBuiltInKeywords.clearText(WebUiBuiltInKeywords.groovy:3817)
	at com.kms.katalon.core.webui.keyword.WebUiBuiltInKeywords$clearText$13.call(Unknown Source)
	at goToEnd_stm_autofill.run(goToEnd_stm_autofill:71)
	at com.kms.katalon.core.main.ScriptEngine.run(ScriptEngine.java:194)
	at com.kms.katalon.core.main.ScriptEngine.runScriptAsRawText(ScriptEngine.java:119)
	at com.kms.katalon.core.main.TestCaseExecutor.runScript(TestCaseExecutor.java:328)
	at com.kms.katalon.core.main.TestCaseExecutor.doExecute(TestCaseExecutor.java:319)
	at com.kms.katalon.core.main.TestCaseExecutor.processExecutionPhase(TestCaseExecutor.java:298)
	at com.kms.katalon.core.main.TestCaseExecutor.accessMainPhase(TestCaseExecutor.java:290)
	at com.kms.katalon.core.main.TestCaseExecutor.execute(TestCaseExecutor.java:224)
	at com.kms.katalon.core.main.TestCaseMain.runTestCase(TestCaseMain.java:106)
	at com.kms.katalon.core.keyword.builtin.CallTestCaseKeyword$_callTestCase_closure1.doCall(CallTestCaseKeyword.groovy:59)
	at com.kms.katalon.core.keyword.builtin.CallTestCaseKeyword$_callTestCase_closure1.call(CallTestCaseKeyword.groovy)
	at com.kms.katalon.core.keyword.internal.KeywordMain.runKeyword(KeywordMain.groovy:54)
	at com.kms.katalon.core.keyword.builtin.CallTestCaseKeyword.callTestCase(CallTestCaseKeyword.groovy:80)
	at com.kms.katalon.core.keyword.builtin.CallTestCaseKeyword.execute(CallTestCaseKeyword.groovy:44)
	at com.kms.katalon.core.keyword.internal.KeywordExecutor.executeKeywordForPlatform(KeywordExecutor.groovy:53)
	at com.kms.katalon.core.keyword.BuiltinKeywords.callTestCase(BuiltinKeywords.groovy:334)
	at NationalGeneral.run(NationalGeneral:41)
	at com.kms.katalon.core.main.ScriptEngine.run(ScriptEngine.java:194)
	at com.kms.katalon.core.main.ScriptEngine.runScriptAsRawText(ScriptEngine.java:119)
	at com.kms.katalon.core.main.TestCaseExecutor.runScript(TestCaseExecutor.java:328)
	at com.kms.katalon.core.main.TestCaseExecutor.doExecute(TestCaseExecutor.java:319)
	at com.kms.katalon.core.main.TestCaseExecutor.processExecutionPhase(TestCaseExecutor.java:298)
	at com.kms.katalon.core.main.TestCaseExecutor.accessMainPhase(TestCaseExecutor.java:290)
	at com.kms.katalon.core.main.TestCaseExecutor.execute(TestCaseExecutor.java:224)
	at com.kms.katalon.core.main.TestSuiteExecutor.accessTestCaseMainPhase(TestSuiteExecutor.java:129)
	at com.kms.katalon.core.main.TestSuiteExecutor.accessTestSuiteMainPhase(TestSuiteExecutor.java:112)
	at com.kms.katalon.core.main.TestSuiteExecutor.execute(TestSuiteExecutor.java:81)
	at com.kms.katalon.core.main.TestCaseMain.startTestSuite(TestCaseMain.java:149)
	at com.kms.katalon.core.main.TestCaseMain$startTestSuite$0.call(Unknown Source)
	at TempTestSuite1575271282294.run(TempTestSuite1575271282294.groovy:36)]]></system-err>
      </testcase>
      <testcase name="Test Cases/HIC/STM/Slaico" classname="Test Cases/HIC/STM/Slaico" status="PASSED">
         <system-out><![CDATA[2019-12-02 02:46:32 - [TEST_CASE][PASSED] - Test Cases/HIC/STM/Slaico: Test Cases/HIC/STM/Slaico

2019-12-02 02:46:32 - [TEST_STEP][PASSED] - callTestCase(findTestCase("HIC/_include/get_hicScreenPath"), ["project":"HIC", "productLine":"STM", "carrierName":"Slaico"], CONTINUE_ON_FAILURE): Call Test Case 'Test Cases/HIC/_include/get_hicScreenPath' successfully

2019-12-02 02:46:32 - [TEST_CASE][PASSED] - Test Cases/HIC/_include/get_hicScreenPath: Test Cases/HIC/_include/get_hicScreenPath

2019-12-02 02:46:32 - [TEST_STEP][PASSED] - m = getExecutionProperties(): null

2019-12-02 02:46:32 - [TEST_STEP][PASSED] - deviceName = get("mobileEmulation").get("deviceName"): null

2019-12-02 02:46:32 - [TEST_STEP][PASSED] - println(deviceName): null

2019-12-02 02:46:32 - [TEST_STEP][PASSED] - now = new java.util.Date(): null

2019-12-02 02:46:32 - [TEST_STEP][PASSED] - mydate = now.format("yyyyMMdd_HHmmss"): null

2019-12-02 02:46:32 - [TEST_STEP][PASSED] - screenPath = "../Screenshots/": null

2019-12-02 02:46:32 - [TEST_STEP][PASSED] - screenPath = screenPath + deviceName + "/" + project + "/" + productLine + "/" + carrierName + "/" + "standard" + "/": null

2019-12-02 02:46:32 - [TEST_STEP][PASSED] - println(screenPath): null

2019-12-02 02:46:32 - [MESSAGE][PASSED] - Call Test Case 'Test Cases/HIC/_include/get_hicScreenPath' successfully

2019-12-02 02:46:32 - [TEST_STEP][PASSED] - i = 0: null

2019-12-02 02:46:32 - [TEST_STEP][PASSED] - callTestCase(findTestCase("mobileWeb/_include/openWebSite"), ["env":"https://qa.healthinsurance.com/"], CONTINUE_ON_FAILURE): Call Test Case 'Test Cases/mobileWeb/_include/openWebSite' successfully

2019-12-02 02:46:32 - [TEST_CASE][PASSED] - Test Cases/mobileWeb/_include/openWebSite: Test Cases/mobileWeb/_include/openWebSite

2019-12-02 02:46:33 - [TEST_STEP][PASSED] - openBrowser(env): Browser is opened with url: 'https://qa.healthinsurance.com/'

2019-12-02 02:46:33 - [MESSAGE][WARNING] - A browser is already opened. Closing browser and opening a new one

2019-12-02 02:46:33 - [MESSAGE][INFO] - Starting 'Chrome' driver

2019-12-02 02:46:33 - [MESSAGE][INFO] - User set preference: ['mobileEmulation', '{deviceName=iPhone 6}']

2019-12-02 02:46:33 - [MESSAGE][INFO] - User set preference: ['args', '[--incognito, --aggressive-cache-discard, --window-size=375,677, --no-sandbox]']

2019-12-02 02:46:36 - [MESSAGE][PASSED] - Browser is opened with url: 'https://qa.healthinsurance.com/'

2019-12-02 02:46:36 - [TEST_STEP][PASSED] - waitForPageLoad(20): Wait for page load successfully

2019-12-02 02:46:36 - [MESSAGE][PASSED] - Wait for page load successfully

2019-12-02 02:46:36 - [TEST_STEP][PASSED] - callTestCase(findTestCase("mobileWeb/_include/get_screenshot"), [:], STOP_ON_FAILURE): Call Test Case 'Test Cases/mobileWeb/_include/get_screenshot' successfully

2019-12-02 02:46:36 - [TEST_CASE][PASSED] - Test Cases/mobileWeb/_include/get_screenshot: Test Cases/mobileWeb/_include/get_screenshot

2019-12-02 02:46:36 - [TEST_STEP][PASSED] - takeScreenshot(screenPath + i + ".png"): Taking screenshot successfully

2019-12-02 02:46:36 - [MESSAGE][PASSED] - Taking screenshot successfully
[[ATTACHMENT|D:\\Test\\AgileTest\\Reports\\HIC\\hic\\20191202_022122\\../Screenshots/iPhone 6/HIC/STM/Slaico/standard/0.png]]

2019-12-02 02:46:36 - [TEST_STEP][PASSED] - (internal.GlobalVariable.i++): null

2019-12-02 02:46:36 - [MESSAGE][PASSED] - Call Test Case 'Test Cases/mobileWeb/_include/get_screenshot' successfully

2019-12-02 02:46:36 - [MESSAGE][PASSED] - Call Test Case 'Test Cases/mobileWeb/_include/openWebSite' successfully

2019-12-02 02:46:36 - [TEST_STEP][PASSED] - click(findTestObject("hic/nav/navButton")): Object: 'Object Repository/hic/nav/navButton' is clicked on

2019-12-02 02:46:36 - [MESSAGE][PASSED] - Object: 'Object Repository/hic/nav/navButton' is clicked on

2019-12-02 02:46:36 - [TEST_STEP][PASSED] - Thread.sleep(2000): null

2019-12-02 02:46:38 - [TEST_STEP][PASSED] - click(findTestObject("hic/nav/stmLink")): Object: 'Object Repository/hic/nav/stmLink' is clicked on

2019-12-02 02:46:38 - [MESSAGE][PASSED] - Object: 'Object Repository/hic/nav/stmLink' is clicked on

2019-12-02 02:46:38 - [TEST_STEP][PASSED] - Thread.sleep(2000): null

2019-12-02 02:46:40 - [TEST_STEP][PASSED] - callTestCase(findTestCase("mobileWeb/_include/get_screenshot"), [:], STOP_ON_FAILURE): Call Test Case 'Test Cases/mobileWeb/_include/get_screenshot' successfully

2019-12-02 02:46:40 - [TEST_CASE][PASSED] - Test Cases/mobileWeb/_include/get_screenshot: Test Cases/mobileWeb/_include/get_screenshot

2019-12-02 02:46:40 - [TEST_STEP][PASSED] - takeScreenshot(screenPath + i + ".png"): Taking screenshot successfully

2019-12-02 02:46:41 - [MESSAGE][PASSED] - Taking screenshot successfully
[[ATTACHMENT|D:\\Test\\AgileTest\\Reports\\HIC\\hic\\20191202_022122\\../Screenshots/iPhone 6/HIC/STM/Slaico/standard/1.png]]

2019-12-02 02:46:41 - [TEST_STEP][PASSED] - (internal.GlobalVariable.i++): null

2019-12-02 02:46:41 - [MESSAGE][PASSED] - Call Test Case 'Test Cases/mobileWeb/_include/get_screenshot' successfully

2019-12-02 02:46:41 - [TEST_STEP][PASSED] - callTestCase(findTestCase("HIC/_include/stm_census"), ["zipcode":"60602"], STOP_ON_FAILURE): Call Test Case 'Test Cases/HIC/_include/stm_census' successfully

2019-12-02 02:46:41 - [TEST_CASE][PASSED] - Test Cases/HIC/_include/stm_census: Test Cases/HIC/_include/stm_census

2019-12-02 02:46:41 - [TEST_STEP][PASSED] - setText(findTestObject("hic/stm/zip"), zipcode): Text '60602' is set on object 'Object Repository/hic/stm/zip'

2019-12-02 02:46:41 - [MESSAGE][PASSED] - Text '60602' is set on object 'Object Repository/hic/stm/zip'

2019-12-02 02:46:41 - [TEST_STEP][PASSED] - Thread.sleep(500): null

2019-12-02 02:46:42 - [TEST_STEP][PASSED] - setText(findTestObject("hic/stm/primaryDOB"), "03031987"): Text '03031987' is set on object 'Object Repository/hic/stm/primaryDOB'

2019-12-02 02:46:42 - [MESSAGE][PASSED] - Text '03031987' is set on object 'Object Repository/hic/stm/primaryDOB'

2019-12-02 02:46:42 - [TEST_STEP][PASSED] - click(findTestObject("hic/stm/female")): Object: 'Object Repository/hic/stm/female' is clicked on

2019-12-02 02:46:42 - [MESSAGE][PASSED] - Object: 'Object Repository/hic/stm/female' is clicked on

2019-12-02 02:46:42 - [TEST_STEP][PASSED] - Thread.sleep(3000): null

2019-12-02 02:46:45 - [TEST_STEP][PASSED] - click(findTestObject("hic/stm/submitButton")): Object: 'Object Repository/hic/stm/submitButton' is clicked on

2019-12-02 02:46:46 - [MESSAGE][PASSED] - Object: 'Object Repository/hic/stm/submitButton' is clicked on

2019-12-02 02:46:46 - [TEST_STEP][PASSED] - Thread.sleep(6000): null

2019-12-02 02:46:52 - [TEST_STEP][PASSED] - callTestCase(findTestCase("mobileWeb/_include/get_screenshot"), [:], STOP_ON_FAILURE): Call Test Case 'Test Cases/mobileWeb/_include/get_screenshot' successfully

2019-12-02 02:46:52 - [TEST_CASE][PASSED] - Test Cases/mobileWeb/_include/get_screenshot: Test Cases/mobileWeb/_include/get_screenshot

2019-12-02 02:46:52 - [TEST_STEP][PASSED] - takeScreenshot(screenPath + i + ".png"): Taking screenshot successfully

2019-12-02 02:46:53 - [MESSAGE][PASSED] - Taking screenshot successfully
[[ATTACHMENT|D:\\Test\\AgileTest\\Reports\\HIC\\hic\\20191202_022122\\../Screenshots/iPhone 6/HIC/STM/Slaico/standard/2.png]]

2019-12-02 02:46:53 - [TEST_STEP][PASSED] - (internal.GlobalVariable.i++): null

2019-12-02 02:46:53 - [MESSAGE][PASSED] - Call Test Case 'Test Cases/mobileWeb/_include/get_screenshot' successfully

2019-12-02 02:46:53 - [TEST_STEP][PASSED] - Thread.sleep(1000): null

2019-12-02 02:46:54 - [MESSAGE][PASSED] - Call Test Case 'Test Cases/HIC/_include/stm_census' successfully

2019-12-02 02:46:54 - [TEST_STEP][PASSED] - callTestCase(findTestCase("mobileWeb/_include/filter_stm"), ["carrier":"slaico"], STOP_ON_FAILURE): Call Test Case 'Test Cases/mobileWeb/_include/filter_stm' successfully

2019-12-02 02:46:54 - [TEST_CASE][PASSED] - Test Cases/mobileWeb/_include/filter_stm: Test Cases/mobileWeb/_include/filter_stm

2019-12-02 02:46:54 - [TEST_STEP][PASSED] - driver = getWebDriver(): null

2019-12-02 02:46:54 - [TEST_STEP][PASSED] - selenium = new com.thoughtworks.selenium.webdriven.WebDriverBackedSelenium(driver, internal.GlobalVariable.ENV): null

2019-12-02 02:46:54 - [TEST_STEP][PASSED] - Thread.sleep(1000): null

2019-12-02 02:46:55 - [TEST_STEP][PASSED] - click(findTestObject("mobileSanity/STM/STM Quote Page/button_filters")): Object: 'Object Repository/mobileSanity/STM/STM Quote Page/button_filters' is clicked on

2019-12-02 02:46:55 - [MESSAGE][PASSED] - Object: 'Object Repository/mobileSanity/STM/STM Quote Page/button_filters' is clicked on

2019-12-02 02:46:55 - [TEST_STEP][PASSED] - Thread.sleep(1000): null

2019-12-02 02:46:56 - [TEST_STEP][PASSED] - click(findTestObject("mobileSanity/STM/STM Quote Page/i_Insurance company")): Object: 'Object Repository/mobileSanity/STM/STM Quote Page/i_Insurance company' is clicked on

2019-12-02 02:46:56 - [MESSAGE][PASSED] - Object: 'Object Repository/mobileSanity/STM/STM Quote Page/i_Insurance company' is clicked on

2019-12-02 02:46:56 - [TEST_STEP][PASSED] - Thread.sleep(1000): null

2019-12-02 02:46:57 - [TEST_STEP][PASSED] - filter_carrier = "//input[@name='filter[carrier]' and @value='" + carrier + "']/following::label": null

2019-12-02 02:46:57 - [TEST_STEP][PASSED] - println(filter_carrier): null

2019-12-02 02:46:57 - [TEST_STEP][PASSED] - test.MobileKeywords.clickJS_ByXpath(filter_carrier): test.MobileKeywords.clickJS_ByXpath is PASSED

2019-12-02 02:46:57 - [MESSAGE][PASSED] - Execute JavaScript 'arguments[0].click()' successfully

2019-12-02 02:46:57 - [MESSAGE][PASSED] - test.MobileKeywords.clickJS_ByXpath is PASSED

2019-12-02 02:46:57 - [TEST_STEP][PASSED] - scrollToElement(findTestObject("mobileSanity/STM/STM Quote Page/a_Show Plans"), 1000): Scroll to object 'Object Repository/mobileSanity/STM/STM Quote Page/a_Show Plans' successfully

2019-12-02 02:46:57 - [MESSAGE][PASSED] - Scroll to object 'Object Repository/mobileSanity/STM/STM Quote Page/a_Show Plans' successfully

2019-12-02 02:46:57 - [TEST_STEP][PASSED] - Thread.sleep(2000): null

2019-12-02 02:46:59 - [TEST_STEP][PASSED] - click(findTestObject("mobileSanity/STM/STM Quote Page/a_Show Plans")): Object: 'Object Repository/mobileSanity/STM/STM Quote Page/a_Show Plans' is clicked on

2019-12-02 02:46:59 - [MESSAGE][PASSED] - Object: 'Object Repository/mobileSanity/STM/STM Quote Page/a_Show Plans' is clicked on

2019-12-02 02:46:59 - [TEST_STEP][PASSED] - waitForJQueryLoad(20, STOP_ON_FAILURE): jQuery is ready.

2019-12-02 02:46:59 - [MESSAGE][PASSED] - jQuery is ready.

2019-12-02 02:46:59 - [TEST_STEP][PASSED] - Thread.sleep(2000): null

2019-12-02 02:47:01 - [TEST_STEP][PASSED] - callTestCase(findTestCase("mobileWeb/_include/get_screenshot"), [:], STOP_ON_FAILURE): Call Test Case 'Test Cases/mobileWeb/_include/get_screenshot' successfully

2019-12-02 02:47:01 - [TEST_CASE][PASSED] - Test Cases/mobileWeb/_include/get_screenshot: Test Cases/mobileWeb/_include/get_screenshot

2019-12-02 02:47:01 - [TEST_STEP][PASSED] - takeScreenshot(screenPath + i + ".png"): Taking screenshot successfully

2019-12-02 02:47:02 - [MESSAGE][PASSED] - Taking screenshot successfully
[[ATTACHMENT|D:\\Test\\AgileTest\\Reports\\HIC\\hic\\20191202_022122\\../Screenshots/iPhone 6/HIC/STM/Slaico/standard/3.png]]

2019-12-02 02:47:02 - [TEST_STEP][PASSED] - (internal.GlobalVariable.i++): null

2019-12-02 02:47:02 - [MESSAGE][PASSED] - Call Test Case 'Test Cases/mobileWeb/_include/get_screenshot' successfully

2019-12-02 02:47:02 - [MESSAGE][PASSED] - Call Test Case 'Test Cases/mobileWeb/_include/filter_stm' successfully

2019-12-02 02:47:02 - [TEST_STEP][PASSED] - callTestCase(findTestCase("mobileWeb/_include/goToDetail_stm"), ["carrier":"slaico"], STOP_ON_FAILURE): Call Test Case 'Test Cases/mobileWeb/_include/goToDetail_stm' successfully

2019-12-02 02:47:02 - [TEST_CASE][PASSED] - Test Cases/mobileWeb/_include/goToDetail_stm: Test Cases/mobileWeb/_include/goToDetail_stm

2019-12-02 02:47:02 - [TEST_STEP][PASSED] - driver = getWebDriver(): null

2019-12-02 02:47:02 - [TEST_STEP][PASSED] - selenium = new com.thoughtworks.selenium.webdriven.WebDriverBackedSelenium(driver, internal.GlobalVariable.ENV): null

2019-12-02 02:47:02 - [TEST_STEP][PASSED] - a_plan_name = "xpath=//a[contains(@href,'/term-health-insurance/plan/" + carrier + "')]": null

2019-12-02 02:47:02 - [TEST_STEP][PASSED] - println(a_plan_name): null

2019-12-02 02:47:02 - [TEST_STEP][PASSED] - selenium.click(a_plan_name): null

2019-12-02 02:47:03 - [TEST_STEP][PASSED] - waitForPageLoad(20): Wait for page load successfully

2019-12-02 02:47:03 - [MESSAGE][PASSED] - Wait for page load successfully

2019-12-02 02:47:03 - [TEST_STEP][PASSED] - Thread.sleep(2000): null

2019-12-02 02:47:05 - [TEST_STEP][PASSED] - callTestCase(findTestCase("mobileWeb/_include/get_screenshot"), [:], STOP_ON_FAILURE): Call Test Case 'Test Cases/mobileWeb/_include/get_screenshot' successfully

2019-12-02 02:47:05 - [TEST_CASE][PASSED] - Test Cases/mobileWeb/_include/get_screenshot: Test Cases/mobileWeb/_include/get_screenshot

2019-12-02 02:47:05 - [TEST_STEP][PASSED] - takeScreenshot(screenPath + i + ".png"): Taking screenshot successfully

2019-12-02 02:47:05 - [MESSAGE][PASSED] - Taking screenshot successfully
[[ATTACHMENT|D:\\Test\\AgileTest\\Reports\\HIC\\hic\\20191202_022122\\../Screenshots/iPhone 6/HIC/STM/Slaico/standard/4.png]]

2019-12-02 02:47:05 - [TEST_STEP][PASSED] - (internal.GlobalVariable.i++): null

2019-12-02 02:47:05 - [MESSAGE][PASSED] - Call Test Case 'Test Cases/mobileWeb/_include/get_screenshot' successfully

2019-12-02 02:47:05 - [MESSAGE][PASSED] - Call Test Case 'Test Cases/mobileWeb/_include/goToDetail_stm' successfully

2019-12-02 02:47:05 - [TEST_STEP][PASSED] - callTestCase(findTestCase("mobileWeb/_include/apply_stm"), [:], STOP_ON_FAILURE): Call Test Case 'Test Cases/mobileWeb/_include/apply_stm' successfully

2019-12-02 02:47:05 - [TEST_CASE][PASSED] - Test Cases/mobileWeb/_include/apply_stm: Test Cases/mobileWeb/_include/apply_stm

2019-12-02 02:47:05 - [TEST_STEP][PASSED] - waitForElementVisible(findTestObject("mobileSanity/STM/STM PlanDetail Page/a_Apply for This Plan"), 5): Object 'Object Repository/mobileSanity/STM/STM PlanDetail Page/a_Apply for This Plan' is visible

2019-12-02 02:47:05 - [MESSAGE][PASSED] - Object 'Object Repository/mobileSanity/STM/STM PlanDetail Page/a_Apply for This Plan' is visible

2019-12-02 02:47:05 - [TEST_STEP][PASSED] - click(findTestObject("mobileSanity/STM/STM PlanDetail Page/a_Apply for This Plan")): Object: 'Object Repository/mobileSanity/STM/STM PlanDetail Page/a_Apply for This Plan' is clicked on

2019-12-02 02:47:06 - [MESSAGE][PASSED] - Object: 'Object Repository/mobileSanity/STM/STM PlanDetail Page/a_Apply for This Plan' is clicked on

2019-12-02 02:47:06 - [TEST_STEP][PASSED] - waitForPageLoad(10): Wait for page load successfully

2019-12-02 02:47:07 - [MESSAGE][PASSED] - Wait for page load successfully

2019-12-02 02:47:07 - [TEST_STEP][PASSED] - Thread.sleep(2000): null

2019-12-02 02:47:09 - [TEST_STEP][PASSED] - callTestCase(findTestCase("mobileWeb/_include/get_screenshot"), [:], STOP_ON_FAILURE): Call Test Case 'Test Cases/mobileWeb/_include/get_screenshot' successfully

2019-12-02 02:47:09 - [TEST_CASE][PASSED] - Test Cases/mobileWeb/_include/get_screenshot: Test Cases/mobileWeb/_include/get_screenshot

2019-12-02 02:47:09 - [TEST_STEP][PASSED] - takeScreenshot(screenPath + i + ".png"): Taking screenshot successfully

2019-12-02 02:47:09 - [MESSAGE][PASSED] - Taking screenshot successfully
[[ATTACHMENT|D:\\Test\\AgileTest\\Reports\\HIC\\hic\\20191202_022122\\../Screenshots/iPhone 6/HIC/STM/Slaico/standard/5.png]]

2019-12-02 02:47:09 - [TEST_STEP][PASSED] - (internal.GlobalVariable.i++): null

2019-12-02 02:47:09 - [MESSAGE][PASSED] - Call Test Case 'Test Cases/mobileWeb/_include/get_screenshot' successfully

2019-12-02 02:47:09 - [TEST_STEP][PASSED] - waitForElementVisible(findTestObject("mobileSanity/STM/STM Apply Page/a_Start Secure Application"), 5): Object 'Object Repository/mobileSanity/STM/STM Apply Page/a_Start Secure Application' is visible

2019-12-02 02:47:09 - [MESSAGE][PASSED] - Object 'Object Repository/mobileSanity/STM/STM Apply Page/a_Start Secure Application' is visible

2019-12-02 02:47:09 - [TEST_STEP][PASSED] - click(findTestObject("mobileSanity/STM/STM Apply Page/a_Start Secure Application")): Object: 'Object Repository/mobileSanity/STM/STM Apply Page/a_Start Secure Application' is clicked on

2019-12-02 02:47:10 - [MESSAGE][PASSED] - Object: 'Object Repository/mobileSanity/STM/STM Apply Page/a_Start Secure Application' is clicked on

2019-12-02 02:47:10 - [TEST_STEP][PASSED] - waitForPageLoad(20): Wait for page load successfully

2019-12-02 02:47:10 - [MESSAGE][PASSED] - Wait for page load successfully

2019-12-02 02:47:10 - [TEST_STEP][PASSED] - Thread.sleep(2000): null

2019-12-02 02:47:12 - [TEST_STEP][PASSED] - callTestCase(findTestCase("mobileWeb/_include/get_screenshot"), [:], STOP_ON_FAILURE): Call Test Case 'Test Cases/mobileWeb/_include/get_screenshot' successfully

2019-12-02 02:47:12 - [TEST_CASE][PASSED] - Test Cases/mobileWeb/_include/get_screenshot: Test Cases/mobileWeb/_include/get_screenshot

2019-12-02 02:47:12 - [TEST_STEP][PASSED] - takeScreenshot(screenPath + i + ".png"): Taking screenshot successfully

2019-12-02 02:47:12 - [MESSAGE][PASSED] - Taking screenshot successfully
[[ATTACHMENT|D:\\Test\\AgileTest\\Reports\\HIC\\hic\\20191202_022122\\../Screenshots/iPhone 6/HIC/STM/Slaico/standard/6.png]]

2019-12-02 02:47:12 - [TEST_STEP][PASSED] - (internal.GlobalVariable.i++): null

2019-12-02 02:47:12 - [MESSAGE][PASSED] - Call Test Case 'Test Cases/mobileWeb/_include/get_screenshot' successfully

2019-12-02 02:47:12 - [MESSAGE][PASSED] - Call Test Case 'Test Cases/mobileWeb/_include/apply_stm' successfully

2019-12-02 02:47:12 - [TEST_STEP][PASSED] - callTestCase(findTestCase("mobileWeb/_include/goToEnd_stm_autofill"), [:], STOP_ON_FAILURE): Call Test Case 'Test Cases/mobileWeb/_include/goToEnd_stm_autofill' successfully

2019-12-02 02:47:12 - [TEST_CASE][PASSED] - Test Cases/mobileWeb/_include/goToEnd_stm_autofill: Test Cases/mobileWeb/_include/goToEnd_stm_autofill

2019-12-02 02:47:12 - [TEST_STEP][PASSED] - callTestCase(findTestCase("mobileWeb/_include/name"), [:], CONTINUE_ON_FAILURE): Call Test Case 'Test Cases/mobileWeb/_include/name' successfully

2019-12-02 02:47:12 - [TEST_CASE][PASSED] - Test Cases/mobileWeb/_include/name: Test Cases/mobileWeb/_include/name

2019-12-02 02:47:13 - [TEST_STEP][PASSED] - driver = getWebDriver(): null

2019-12-02 02:47:13 - [TEST_STEP][PASSED] - selenium = new com.thoughtworks.selenium.webdriven.WebDriverBackedSelenium(driver, internal.GlobalVariable.ENV): null

2019-12-02 02:47:13 - [TEST_STEP][PASSED] - FirstName = "Test-123": null

2019-12-02 02:47:13 - [TEST_STEP][PASSED] - LastName = selenium.getEval("{var x="ABCDEFGHIJKLMNOPQRSTUVWXYZabcdefghijklmnopqrstuvwxyz"; var tmp="ZZ11-"; for (i=0;i<8;i++) tmp+=x.charAt(Math.ceil(51*Math.random()));tmp;}"): null

2019-12-02 02:47:13 - [TEST_STEP][PASSED] - Address = selenium.getEval("{var x="ABCDEFGHIJKLMNOPQRSTUVWXYZabcdefghijklmnopqrstuvwxyz"; var tmp=""; for (i=0;i<8;i++) tmp+=x.charAt(Math.ceil(51*Math.random()));tmp;}"): null

2019-12-02 02:47:13 - [TEST_STEP][PASSED] - City = selenium.getEval("{var x="ABCDEFGHIJKLMNOPQRSTUVWXYZabcdefghijklmnopqrstuvwxyz"; var tmp=""; for (i=0;i<8;i++) tmp+=x.charAt(Math.ceil(51*Math.random()));tmp;}"): null

2019-12-02 02:47:13 - [TEST_STEP][PASSED] - tel1 = selenium.getEval("{var x="123456789"; var tmp=""; for (i=0;i<3;i++) tmp+=x.charAt(Math.ceil(8*Math.random()));tmp;}"): null

2019-12-02 02:47:13 - [TEST_STEP][PASSED] - tel2 = selenium.getEval("{var x="123456789"; var tmp=""; for (i=0;i<3;i++) tmp+=x.charAt(Math.ceil(8*Math.random()));tmp;}"): null

2019-12-02 02:47:13 - [TEST_STEP][PASSED] - tel3 = selenium.getEval("{var x="123456789"; var tmp=""; for (i=0;i<4;i++) tmp+=x.charAt(Math.ceil(8*Math.random()));tmp;}"): null

2019-12-02 02:47:13 - [TEST_STEP][PASSED] - Tel = selenium.getExpression(tel1 + "-" + tel2 + "-" + tel3): null

2019-12-02 02:47:13 - [TEST_STEP][PASSED] - AutoEmail = selenium.getEval("{var x="ABCDEFGHIJKLMNOPQRSTUVWXYZabcdefghijklmnopqrstuvwxyz"; var tmp="test."; for (i=0;i<8;i++) tmp+=x.charAt(Math.ceil(51*Math.random()));tmp+="@suryani.cn";}"): null

2019-12-02 02:47:13 - [TEST_STEP][PASSED] - FirstName = FirstName: null

2019-12-02 02:47:13 - [TEST_STEP][PASSED] - LastName = LastName: null

2019-12-02 02:47:13 - [TEST_STEP][PASSED] - Address = Address: null

2019-12-02 02:47:13 - [TEST_STEP][PASSED] - City = City: null

2019-12-02 02:47:13 - [TEST_STEP][PASSED] - Tel = Tel: null

2019-12-02 02:47:13 - [TEST_STEP][PASSED] - AutoEmail = AutoEmail: null

2019-12-02 02:47:13 - [TEST_STEP][PASSED] - println(FirstName): null

2019-12-02 02:47:13 - [TEST_STEP][PASSED] - println(LastName): null

2019-12-02 02:47:13 - [TEST_STEP][PASSED] - println(Address): null

2019-12-02 02:47:13 - [TEST_STEP][PASSED] - println(City): null

2019-12-02 02:47:13 - [TEST_STEP][PASSED] - println(Tel): null

2019-12-02 02:47:13 - [TEST_STEP][PASSED] - println(AutoEmail): null

2019-12-02 02:47:13 - [MESSAGE][PASSED] - Call Test Case 'Test Cases/mobileWeb/_include/name' successfully

2019-12-02 02:47:13 - [TEST_STEP][FAILED] - try: Unable to verify text 'Month Duration Acknowledgement' is present  (Root cause: com.kms.katalon.core.exception.StepFailedException: Text 'Month Duration Acknowledgement' is not present on page )

2019-12-02 02:47:13 - [TEST_STEP][FAILED] - if (verifyTextPresent("Month Duration Acknowledgement", false)): Unable to verify text 'Month Duration Acknowledgement' is present  (Root cause: com.kms.katalon.core.exception.StepFailedException: Text 'Month Duration Acknowledgement' is not present on page )

2019-12-02 02:47:13 - [MESSAGE][FAILED] - Text 'Month Duration Acknowledgement' is not present on page 

2019-12-02 02:47:13 - [MESSAGE][FAILED] - Unable to verify text 'Month Duration Acknowledgement' is present  (Root cause: com.kms.katalon.core.exception.StepFailedException: Text 'Month Duration Acknowledgement' is not present on page )
[[ATTACHMENT|D:\\Test\\AgileTest\\Reports\\HIC\\hic\\20191202_022122\\1575272833385.png]]

2019-12-02 02:47:13 - [TEST_STEP][PASSED] - catch (Exception e): null

2019-12-02 02:47:13 - [TEST_STEP][PASSED] - println("no consecutive"): null

2019-12-02 02:47:13 - [TEST_STEP][PASSED] - waitForPageLoad(10): Wait for page load successfully

2019-12-02 02:47:13 - [MESSAGE][PASSED] - Wait for page load successfully

2019-12-02 02:47:13 - [TEST_STEP][PASSED] - Thread.sleep(3000): null

2019-12-02 02:47:16 - [TEST_STEP][PASSED] - waitForElementVisible(findTestObject("mobileSanity/STM/Page_App Page 1/a_Autofill App Info"), 20): Object 'Object Repository/mobileSanity/STM/Page_App Page 1/a_Autofill App Info' is visible

2019-12-02 02:47:16 - [MESSAGE][PASSED] - Object 'Object Repository/mobileSanity/STM/Page_App Page 1/a_Autofill App Info' is visible

2019-12-02 02:47:16 - [TEST_STEP][PASSED] - click(findTestObject("mobileSanity/STM/Page_App Page 1/a_Autofill App Info")): Object: 'Object Repository/mobileSanity/STM/Page_App Page 1/a_Autofill App Info' is clicked on

2019-12-02 02:47:16 - [MESSAGE][PASSED] - Object: 'Object Repository/mobileSanity/STM/Page_App Page 1/a_Autofill App Info' is clicked on

2019-12-02 02:47:16 - [TEST_STEP][PASSED] - Thread.sleep(1000): null

2019-12-02 02:47:17 - [TEST_STEP][PASSED] - click(findTestObject("mobileSanity/STM/Page_App Page 1/a_Autofill App Info")): Object: 'Object Repository/mobileSanity/STM/Page_App Page 1/a_Autofill App Info' is clicked on

2019-12-02 02:47:18 - [MESSAGE][PASSED] - Object: 'Object Repository/mobileSanity/STM/Page_App Page 1/a_Autofill App Info' is clicked on

2019-12-02 02:47:18 - [TEST_STEP][PASSED] - Thread.sleep(1000): null

2019-12-02 02:47:19 - [TEST_STEP][PASSED] - waitForElementVisible(findTestObject("mobileSanity/STM/Page_App Page 1/a_Continue"), 20): Object 'Object Repository/mobileSanity/STM/Page_App Page 1/a_Continue' is visible

2019-12-02 02:47:19 - [MESSAGE][PASSED] - Object 'Object Repository/mobileSanity/STM/Page_App Page 1/a_Continue' is visible

2019-12-02 02:47:19 - [TEST_STEP][PASSED] - click(findTestObject("mobileSanity/STM/Page_App Page 1/a_Continue")): Object: 'Object Repository/mobileSanity/STM/Page_App Page 1/a_Continue' is clicked on

2019-12-02 02:47:19 - [MESSAGE][PASSED] - Object: 'Object Repository/mobileSanity/STM/Page_App Page 1/a_Continue' is clicked on

2019-12-02 02:47:19 - [TEST_STEP][PASSED] - waitForPageLoad(20): Wait for page load successfully

2019-12-02 02:47:19 - [MESSAGE][PASSED] - Wait for page load successfully

2019-12-02 02:47:19 - [TEST_STEP][PASSED] - Thread.sleep(5000): null

2019-12-02 02:47:24 - [TEST_STEP][PASSED] - callTestCase(findTestCase("mobileWeb/_include/get_screenshot"), [:], STOP_ON_FAILURE): Call Test Case 'Test Cases/mobileWeb/_include/get_screenshot' successfully

2019-12-02 02:47:24 - [TEST_CASE][PASSED] - Test Cases/mobileWeb/_include/get_screenshot: Test Cases/mobileWeb/_include/get_screenshot

2019-12-02 02:47:24 - [TEST_STEP][PASSED] - takeScreenshot(screenPath + i + ".png"): Taking screenshot successfully

2019-12-02 02:47:24 - [MESSAGE][PASSED] - Taking screenshot successfully
[[ATTACHMENT|D:\\Test\\AgileTest\\Reports\\HIC\\hic\\20191202_022122\\../Screenshots/iPhone 6/HIC/STM/Slaico/standard/7.png]]

2019-12-02 02:47:24 - [TEST_STEP][PASSED] - (internal.GlobalVariable.i++): null

2019-12-02 02:47:24 - [MESSAGE][PASSED] - Call Test Case 'Test Cases/mobileWeb/_include/get_screenshot' successfully

2019-12-02 02:47:24 - [TEST_STEP][PASSED] - click(findTestObject("mobileSanity/STM/Page_App Page 2/a_Continue to Step 3 - Payment")): Object: 'Object Repository/mobileSanity/STM/Page_App Page 2/a_Continue to Step 3 - Payment' is clicked on

2019-12-02 02:47:24 - [MESSAGE][PASSED] - Object: 'Object Repository/mobileSanity/STM/Page_App Page 2/a_Continue to Step 3 - Payment' is clicked on

2019-12-02 02:47:24 - [TEST_STEP][PASSED] - waitForPageLoad(20): Wait for page load successfully

2019-12-02 02:47:24 - [MESSAGE][PASSED] - Wait for page load successfully

2019-12-02 02:47:24 - [TEST_STEP][PASSED] - waitForElementVisible(findTestObject("mobileSanity/STM/Page_App Page 3/input__credit-card-cvv"), 20): Object 'Object Repository/mobileSanity/STM/Page_App Page 3/input__credit-card-cvv' is visible

2019-12-02 02:47:25 - [MESSAGE][PASSED] - Object 'Object Repository/mobileSanity/STM/Page_App Page 3/input__credit-card-cvv' is visible

2019-12-02 02:47:25 - [TEST_STEP][PASSED] - Thread.sleep(2000): null

2019-12-02 02:47:27 - [TEST_STEP][PASSED] - callTestCase(findTestCase("mobileWeb/_include/get_screenshot"), [:], STOP_ON_FAILURE): Call Test Case 'Test Cases/mobileWeb/_include/get_screenshot' successfully

2019-12-02 02:47:27 - [TEST_CASE][PASSED] - Test Cases/mobileWeb/_include/get_screenshot: Test Cases/mobileWeb/_include/get_screenshot

2019-12-02 02:47:27 - [TEST_STEP][PASSED] - takeScreenshot(screenPath + i + ".png"): Taking screenshot successfully

2019-12-02 02:47:27 - [MESSAGE][PASSED] - Taking screenshot successfully
[[ATTACHMENT|D:\\Test\\AgileTest\\Reports\\HIC\\hic\\20191202_022122\\../Screenshots/iPhone 6/HIC/STM/Slaico/standard/8.png]]

2019-12-02 02:47:27 - [TEST_STEP][PASSED] - (internal.GlobalVariable.i++): null

2019-12-02 02:47:27 - [MESSAGE][PASSED] - Call Test Case 'Test Cases/mobileWeb/_include/get_screenshot' successfully

2019-12-02 02:47:27 - [TEST_STEP][PASSED] - clearText(findTestObject("mobileSanity/STM/Page_App Page 3/input__credit-card-cvv")): Text of object 'Object Repository/mobileSanity/STM/Page_App Page 3/input__credit-card-cvv' is cleared

2019-12-02 02:47:27 - [MESSAGE][PASSED] - Text of object 'Object Repository/mobileSanity/STM/Page_App Page 3/input__credit-card-cvv' is cleared

2019-12-02 02:47:27 - [TEST_STEP][PASSED] - setText(findTestObject("mobileSanity/STM/Page_App Page 3/input__credit-card-cvv"), "123"): Text '123' is set on object 'Object Repository/mobileSanity/STM/Page_App Page 3/input__credit-card-cvv'

2019-12-02 02:47:28 - [MESSAGE][PASSED] - Text '123' is set on object 'Object Repository/mobileSanity/STM/Page_App Page 3/input__credit-card-cvv'

2019-12-02 02:47:28 - [TEST_STEP][PASSED] - click(findTestObject("mobileSanity/STM/Page_App Page 3/label_I Accept Authorization f")): Object: 'Object Repository/mobileSanity/STM/Page_App Page 3/label_I Accept Authorization f' is clicked on

2019-12-02 02:47:28 - [MESSAGE][PASSED] - Object: 'Object Repository/mobileSanity/STM/Page_App Page 3/label_I Accept Authorization f' is clicked on

2019-12-02 02:47:28 - [TEST_STEP][PASSED] - click(findTestObject("mobileSanity/STM/Page_App Page 3/a_Continue to Step 4 - Review")): Object: 'Object Repository/mobileSanity/STM/Page_App Page 3/a_Continue to Step 4 - Review' is clicked on

2019-12-02 02:47:28 - [MESSAGE][PASSED] - Object: 'Object Repository/mobileSanity/STM/Page_App Page 3/a_Continue to Step 4 - Review' is clicked on

2019-12-02 02:47:28 - [TEST_STEP][PASSED] - waitForPageLoad(10): Wait for page load successfully

2019-12-02 02:47:28 - [MESSAGE][PASSED] - Wait for page load successfully

2019-12-02 02:47:28 - [TEST_STEP][PASSED] - waitForElementClickable(findTestObject("mobileSanity/STM/Page_App Page 4/label"), 10): Object 'Object Repository/mobileSanity/STM/Page_App Page 4/label' is clickable

2019-12-02 02:47:29 - [MESSAGE][PASSED] - Object 'Object Repository/mobileSanity/STM/Page_App Page 4/label' is clickable

2019-12-02 02:47:29 - [TEST_STEP][PASSED] - Thread.sleep(2000): null

2019-12-02 02:47:31 - [TEST_STEP][PASSED] - callTestCase(findTestCase("mobileWeb/_include/get_screenshot"), [:], STOP_ON_FAILURE): Call Test Case 'Test Cases/mobileWeb/_include/get_screenshot' successfully

2019-12-02 02:47:31 - [TEST_CASE][PASSED] - Test Cases/mobileWeb/_include/get_screenshot: Test Cases/mobileWeb/_include/get_screenshot

2019-12-02 02:47:31 - [TEST_STEP][PASSED] - takeScreenshot(screenPath + i + ".png"): Taking screenshot successfully

2019-12-02 02:47:31 - [MESSAGE][PASSED] - Taking screenshot successfully
[[ATTACHMENT|D:\\Test\\AgileTest\\Reports\\HIC\\hic\\20191202_022122\\../Screenshots/iPhone 6/HIC/STM/Slaico/standard/9.png]]

2019-12-02 02:47:31 - [TEST_STEP][PASSED] - (internal.GlobalVariable.i++): null

2019-12-02 02:47:31 - [MESSAGE][PASSED] - Call Test Case 'Test Cases/mobileWeb/_include/get_screenshot' successfully

2019-12-02 02:47:31 - [TEST_STEP][PASSED] - click(findTestObject("mobileSanity/STM/Page_App Page 4/label")): Object: 'Object Repository/mobileSanity/STM/Page_App Page 4/label' is clicked on

2019-12-02 02:47:31 - [MESSAGE][PASSED] - Object: 'Object Repository/mobileSanity/STM/Page_App Page 4/label' is clicked on

2019-12-02 02:47:31 - [TEST_STEP][PASSED] - click(findTestObject("mobileSanity/STM/Page_App Page 4/div_CLICK TO SIGN")): Object: 'Object Repository/mobileSanity/STM/Page_App Page 4/div_CLICK TO SIGN' is clicked on

2019-12-02 02:47:31 - [MESSAGE][PASSED] - Object: 'Object Repository/mobileSanity/STM/Page_App Page 4/div_CLICK TO SIGN' is clicked on

2019-12-02 02:47:31 - [TEST_STEP][PASSED] - click(findTestObject("mobileSanity/STM/Page_App Page 4/a_Submit Your Application")): Object: 'Object Repository/mobileSanity/STM/Page_App Page 4/a_Submit Your Application' is clicked on

2019-12-02 02:47:31 - [MESSAGE][PASSED] - Object: 'Object Repository/mobileSanity/STM/Page_App Page 4/a_Submit Your Application' is clicked on

2019-12-02 02:47:31 - [TEST_STEP][PASSED] - Thread.sleep(30000): null

2019-12-02 02:48:01 - [TEST_STEP][PASSED] - waitForElementPresent(findTestObject("mobileSanity/STM/Page_App Page 6/app-page-wrapper"), 20): Object 'Object Repository/mobileSanity/STM/Page_App Page 6/app-page-wrapper' is present

2019-12-02 02:48:02 - [MESSAGE][PASSED] - Object 'Object Repository/mobileSanity/STM/Page_App Page 6/app-page-wrapper' is present

2019-12-02 02:48:02 - [TEST_STEP][PASSED] - callTestCase(findTestCase("mobileWeb/_include/get_screenshot"), [:], STOP_ON_FAILURE): Call Test Case 'Test Cases/mobileWeb/_include/get_screenshot' successfully

2019-12-02 02:48:02 - [TEST_CASE][PASSED] - Test Cases/mobileWeb/_include/get_screenshot: Test Cases/mobileWeb/_include/get_screenshot

2019-12-02 02:48:02 - [TEST_STEP][PASSED] - takeScreenshot(screenPath + i + ".png"): Taking screenshot successfully

2019-12-02 02:48:02 - [MESSAGE][PASSED] - Taking screenshot successfully
[[ATTACHMENT|D:\\Test\\AgileTest\\Reports\\HIC\\hic\\20191202_022122\\../Screenshots/iPhone 6/HIC/STM/Slaico/standard/10.png]]

2019-12-02 02:48:02 - [TEST_STEP][PASSED] - (internal.GlobalVariable.i++): null

2019-12-02 02:48:02 - [MESSAGE][PASSED] - Call Test Case 'Test Cases/mobileWeb/_include/get_screenshot' successfully

2019-12-02 02:48:02 - [MESSAGE][PASSED] - Call Test Case 'Test Cases/mobileWeb/_include/goToEnd_stm_autofill' successfully]]></system-out>
         <system-err><![CDATA[]]></system-err>
      </testcase>
      <testcase name="Test Cases/HIC/Teladoc" classname="Test Cases/HIC/Teladoc" status="PASSED">
         <system-out><![CDATA[2019-12-02 02:48:02 - [TEST_CASE][PASSED] - Test Cases/HIC/Teladoc: Test Cases/HIC/Teladoc

2019-12-02 02:48:02 - [TEST_STEP][PASSED] - callTestCase(findTestCase("HIC/_include/get_hicScreenPath"), ["project":"HIC", "productLine":"Teladoc", "carrierName":"teladoc"], CONTINUE_ON_FAILURE): Call Test Case 'Test Cases/HIC/_include/get_hicScreenPath' successfully

2019-12-02 02:48:02 - [TEST_CASE][PASSED] - Test Cases/HIC/_include/get_hicScreenPath: Test Cases/HIC/_include/get_hicScreenPath

2019-12-02 02:48:02 - [TEST_STEP][PASSED] - m = getExecutionProperties(): null

2019-12-02 02:48:02 - [TEST_STEP][PASSED] - deviceName = get("mobileEmulation").get("deviceName"): null

2019-12-02 02:48:02 - [TEST_STEP][PASSED] - println(deviceName): null

2019-12-02 02:48:02 - [TEST_STEP][PASSED] - now = new java.util.Date(): null

2019-12-02 02:48:02 - [TEST_STEP][PASSED] - mydate = now.format("yyyyMMdd_HHmmss"): null

2019-12-02 02:48:02 - [TEST_STEP][PASSED] - screenPath = "../Screenshots/": null

2019-12-02 02:48:02 - [TEST_STEP][PASSED] - screenPath = screenPath + deviceName + "/" + project + "/" + productLine + "/" + carrierName + "/" + "standard" + "/": null

2019-12-02 02:48:02 - [TEST_STEP][PASSED] - println(screenPath): null

2019-12-02 02:48:02 - [MESSAGE][PASSED] - Call Test Case 'Test Cases/HIC/_include/get_hicScreenPath' successfully

2019-12-02 02:48:02 - [TEST_STEP][PASSED] - i = 0: null

2019-12-02 02:48:02 - [TEST_STEP][PASSED] - callTestCase(findTestCase("mobileWeb/_include/openWebSite"), ["env":"https://qa.healthinsurance.com/"], CONTINUE_ON_FAILURE): Call Test Case 'Test Cases/mobileWeb/_include/openWebSite' successfully

2019-12-02 02:48:02 - [TEST_CASE][PASSED] - Test Cases/mobileWeb/_include/openWebSite: Test Cases/mobileWeb/_include/openWebSite

2019-12-02 02:48:02 - [TEST_STEP][PASSED] - openBrowser(env): Browser is opened with url: 'https://qa.healthinsurance.com/'

2019-12-02 02:48:02 - [MESSAGE][WARNING] - A browser is already opened. Closing browser and opening a new one

2019-12-02 02:48:03 - [MESSAGE][INFO] - Starting 'Chrome' driver

2019-12-02 02:48:03 - [MESSAGE][INFO] - User set preference: ['mobileEmulation', '{deviceName=iPhone 6}']

2019-12-02 02:48:03 - [MESSAGE][INFO] - User set preference: ['args', '[--incognito, --aggressive-cache-discard, --window-size=375,677, --no-sandbox]']

2019-12-02 02:48:06 - [MESSAGE][PASSED] - Browser is opened with url: 'https://qa.healthinsurance.com/'

2019-12-02 02:48:06 - [TEST_STEP][PASSED] - waitForPageLoad(20): Wait for page load successfully

2019-12-02 02:48:06 - [MESSAGE][PASSED] - Wait for page load successfully

2019-12-02 02:48:06 - [TEST_STEP][PASSED] - callTestCase(findTestCase("mobileWeb/_include/get_screenshot"), [:], STOP_ON_FAILURE): Call Test Case 'Test Cases/mobileWeb/_include/get_screenshot' successfully

2019-12-02 02:48:06 - [TEST_CASE][PASSED] - Test Cases/mobileWeb/_include/get_screenshot: Test Cases/mobileWeb/_include/get_screenshot

2019-12-02 02:48:06 - [TEST_STEP][PASSED] - takeScreenshot(screenPath + i + ".png"): Taking screenshot successfully

2019-12-02 02:48:06 - [MESSAGE][PASSED] - Taking screenshot successfully
[[ATTACHMENT|D:\\Test\\AgileTest\\Reports\\HIC\\hic\\20191202_022122\\../Screenshots/iPhone 6/HIC/Teladoc/teladoc/standard/0.png]]

2019-12-02 02:48:06 - [TEST_STEP][PASSED] - (internal.GlobalVariable.i++): null

2019-12-02 02:48:06 - [MESSAGE][PASSED] - Call Test Case 'Test Cases/mobileWeb/_include/get_screenshot' successfully

2019-12-02 02:48:06 - [MESSAGE][PASSED] - Call Test Case 'Test Cases/mobileWeb/_include/openWebSite' successfully

2019-12-02 02:48:06 - [TEST_STEP][PASSED] - click(findTestObject("hic/nav/navButton")): Object: 'Object Repository/hic/nav/navButton' is clicked on

2019-12-02 02:48:06 - [MESSAGE][PASSED] - Object: 'Object Repository/hic/nav/navButton' is clicked on

2019-12-02 02:48:06 - [TEST_STEP][PASSED] - Thread.sleep(2000): null

2019-12-02 02:48:08 - [TEST_STEP][PASSED] - click(findTestObject("hic/nav/teladocLink")): Object: 'Object Repository/hic/nav/teladocLink' is clicked on

2019-12-02 02:48:08 - [MESSAGE][PASSED] - Object: 'Object Repository/hic/nav/teladocLink' is clicked on

2019-12-02 02:48:08 - [TEST_STEP][PASSED] - Thread.sleep(2000): null

2019-12-02 02:48:10 - [TEST_STEP][PASSED] - callTestCase(findTestCase("mobileWeb/_include/get_screenshot"), [:], STOP_ON_FAILURE): Call Test Case 'Test Cases/mobileWeb/_include/get_screenshot' successfully

2019-12-02 02:48:10 - [TEST_CASE][PASSED] - Test Cases/mobileWeb/_include/get_screenshot: Test Cases/mobileWeb/_include/get_screenshot

2019-12-02 02:48:10 - [TEST_STEP][PASSED] - takeScreenshot(screenPath + i + ".png"): Taking screenshot successfully

2019-12-02 02:48:11 - [MESSAGE][PASSED] - Taking screenshot successfully
[[ATTACHMENT|D:\\Test\\AgileTest\\Reports\\HIC\\hic\\20191202_022122\\../Screenshots/iPhone 6/HIC/Teladoc/teladoc/standard/1.png]]

2019-12-02 02:48:11 - [TEST_STEP][PASSED] - (internal.GlobalVariable.i++): null

2019-12-02 02:48:11 - [MESSAGE][PASSED] - Call Test Case 'Test Cases/mobileWeb/_include/get_screenshot' successfully

2019-12-02 02:48:11 - [TEST_STEP][PASSED] - setText(findTestObject("hic/stm/zip"), zipcode): Text '35215' is set on object 'Object Repository/hic/stm/zip'

2019-12-02 02:48:11 - [MESSAGE][PASSED] - Text '35215' is set on object 'Object Repository/hic/stm/zip'

2019-12-02 02:48:11 - [TEST_STEP][PASSED] - Thread.sleep(500): null

2019-12-02 02:48:11 - [TEST_STEP][PASSED] - setText(findTestObject("hic/stm/primaryDOB"), "03031987"): Text '03031987' is set on object 'Object Repository/hic/stm/primaryDOB'

2019-12-02 02:48:11 - [MESSAGE][PASSED] - Text '03031987' is set on object 'Object Repository/hic/stm/primaryDOB'

2019-12-02 02:48:11 - [TEST_STEP][PASSED] - click(findTestObject("hic/stm/female")): Object: 'Object Repository/hic/stm/female' is clicked on

2019-12-02 02:48:12 - [MESSAGE][PASSED] - Object: 'Object Repository/hic/stm/female' is clicked on

2019-12-02 02:48:12 - [TEST_STEP][PASSED] - Thread.sleep(3000): null

2019-12-02 02:48:15 - [TEST_STEP][PASSED] - click(findTestObject("hic/teladoc/seePlans")): Object: 'Object Repository/hic/teladoc/seePlans' is clicked on

2019-12-02 02:48:16 - [MESSAGE][PASSED] - Object: 'Object Repository/hic/teladoc/seePlans' is clicked on

2019-12-02 02:48:16 - [TEST_STEP][PASSED] - Thread.sleep(6000): null

2019-12-02 02:48:22 - [TEST_STEP][PASSED] - callTestCase(findTestCase("mobileWeb/_include/get_screenshot"), [:], STOP_ON_FAILURE): Call Test Case 'Test Cases/mobileWeb/_include/get_screenshot' successfully

2019-12-02 02:48:22 - [TEST_CASE][PASSED] - Test Cases/mobileWeb/_include/get_screenshot: Test Cases/mobileWeb/_include/get_screenshot

2019-12-02 02:48:22 - [TEST_STEP][PASSED] - takeScreenshot(screenPath + i + ".png"): Taking screenshot successfully

2019-12-02 02:48:22 - [MESSAGE][PASSED] - Taking screenshot successfully
[[ATTACHMENT|D:\\Test\\AgileTest\\Reports\\HIC\\hic\\20191202_022122\\../Screenshots/iPhone 6/HIC/Teladoc/teladoc/standard/2.png]]

2019-12-02 02:48:22 - [TEST_STEP][PASSED] - (internal.GlobalVariable.i++): null

2019-12-02 02:48:22 - [MESSAGE][PASSED] - Call Test Case 'Test Cases/mobileWeb/_include/get_screenshot' successfully

2019-12-02 02:48:22 - [TEST_STEP][PASSED] - Thread.sleep(1000): null

2019-12-02 02:48:23 - [TEST_STEP][PASSED] - click(findTestObject("mobileSanity/Teladoc/census/get_a_quote")): Object: 'Object Repository/mobileSanity/Teladoc/census/get_a_quote' is clicked on

2019-12-02 02:48:24 - [MESSAGE][PASSED] - Object: 'Object Repository/mobileSanity/Teladoc/census/get_a_quote' is clicked on

2019-12-02 02:48:24 - [TEST_STEP][PASSED] - waitForPageLoad(20): Wait for page load successfully

2019-12-02 02:48:24 - [MESSAGE][PASSED] - Wait for page load successfully

2019-12-02 02:48:24 - [TEST_STEP][PASSED] - waitForElementVisible(findTestObject("mobileSanity/Teladoc/apply_button"), 20): Object 'Object Repository/mobileSanity/Teladoc/apply_button' is visible

2019-12-02 02:48:24 - [MESSAGE][PASSED] - Object 'Object Repository/mobileSanity/Teladoc/apply_button' is visible

2019-12-02 02:48:24 - [TEST_STEP][PASSED] - callTestCase(findTestCase("mobileWeb/_include/get_screenshot"), [:], STOP_ON_FAILURE): Call Test Case 'Test Cases/mobileWeb/_include/get_screenshot' successfully

2019-12-02 02:48:24 - [TEST_CASE][PASSED] - Test Cases/mobileWeb/_include/get_screenshot: Test Cases/mobileWeb/_include/get_screenshot

2019-12-02 02:48:24 - [TEST_STEP][PASSED] - takeScreenshot(screenPath + i + ".png"): Taking screenshot successfully

2019-12-02 02:48:25 - [MESSAGE][PASSED] - Taking screenshot successfully
[[ATTACHMENT|D:\\Test\\AgileTest\\Reports\\HIC\\hic\\20191202_022122\\../Screenshots/iPhone 6/HIC/Teladoc/teladoc/standard/3.png]]

2019-12-02 02:48:25 - [TEST_STEP][PASSED] - (internal.GlobalVariable.i++): null

2019-12-02 02:48:25 - [MESSAGE][PASSED] - Call Test Case 'Test Cases/mobileWeb/_include/get_screenshot' successfully

2019-12-02 02:48:25 - [TEST_STEP][PASSED] - click(findTestObject("mobileSanity/Teladoc/apply_button")): Object: 'Object Repository/mobileSanity/Teladoc/apply_button' is clicked on

2019-12-02 02:48:25 - [MESSAGE][PASSED] - Object: 'Object Repository/mobileSanity/Teladoc/apply_button' is clicked on

2019-12-02 02:48:25 - [TEST_STEP][PASSED] - waitForPageLoad(20): Wait for page load successfully

2019-12-02 02:48:25 - [MESSAGE][PASSED] - Wait for page load successfully

2019-12-02 02:48:25 - [TEST_STEP][PASSED] - waitForElementPresent(findTestObject("mobileSanity/Teladoc/Page_App Page 1/input__member-P-1-firstName"), 20): Object 'Object Repository/mobileSanity/Teladoc/Page_App Page 1/input__member-P-1-firstName' is present

2019-12-02 02:48:26 - [MESSAGE][PASSED] - Object 'Object Repository/mobileSanity/Teladoc/Page_App Page 1/input__member-P-1-firstName' is present

2019-12-02 02:48:26 - [TEST_STEP][PASSED] - callTestCase(findTestCase("mobileWeb/_include/get_screenshot"), [:], STOP_ON_FAILURE): Call Test Case 'Test Cases/mobileWeb/_include/get_screenshot' successfully

2019-12-02 02:48:26 - [TEST_CASE][PASSED] - Test Cases/mobileWeb/_include/get_screenshot: Test Cases/mobileWeb/_include/get_screenshot

2019-12-02 02:48:26 - [TEST_STEP][PASSED] - takeScreenshot(screenPath + i + ".png"): Taking screenshot successfully

2019-12-02 02:48:26 - [MESSAGE][PASSED] - Taking screenshot successfully
[[ATTACHMENT|D:\\Test\\AgileTest\\Reports\\HIC\\hic\\20191202_022122\\../Screenshots/iPhone 6/HIC/Teladoc/teladoc/standard/4.png]]

2019-12-02 02:48:26 - [TEST_STEP][PASSED] - (internal.GlobalVariable.i++): null

2019-12-02 02:48:26 - [MESSAGE][PASSED] - Call Test Case 'Test Cases/mobileWeb/_include/get_screenshot' successfully

2019-12-02 02:48:26 - [TEST_STEP][PASSED] - callTestCase(findTestCase("mobileWeb/_include/name"), [:], STOP_ON_FAILURE): Call Test Case 'Test Cases/mobileWeb/_include/name' successfully

2019-12-02 02:48:26 - [TEST_CASE][PASSED] - Test Cases/mobileWeb/_include/name: Test Cases/mobileWeb/_include/name

2019-12-02 02:48:26 - [TEST_STEP][PASSED] - driver = getWebDriver(): null

2019-12-02 02:48:26 - [TEST_STEP][PASSED] - selenium = new com.thoughtworks.selenium.webdriven.WebDriverBackedSelenium(driver, internal.GlobalVariable.ENV): null

2019-12-02 02:48:26 - [TEST_STEP][PASSED] - FirstName = "Test-123": null

2019-12-02 02:48:26 - [TEST_STEP][PASSED] - LastName = selenium.getEval("{var x="ABCDEFGHIJKLMNOPQRSTUVWXYZabcdefghijklmnopqrstuvwxyz"; var tmp="ZZ11-"; for (i=0;i<8;i++) tmp+=x.charAt(Math.ceil(51*Math.random()));tmp;}"): null

2019-12-02 02:48:26 - [TEST_STEP][PASSED] - Address = selenium.getEval("{var x="ABCDEFGHIJKLMNOPQRSTUVWXYZabcdefghijklmnopqrstuvwxyz"; var tmp=""; for (i=0;i<8;i++) tmp+=x.charAt(Math.ceil(51*Math.random()));tmp;}"): null

2019-12-02 02:48:27 - [TEST_STEP][PASSED] - City = selenium.getEval("{var x="ABCDEFGHIJKLMNOPQRSTUVWXYZabcdefghijklmnopqrstuvwxyz"; var tmp=""; for (i=0;i<8;i++) tmp+=x.charAt(Math.ceil(51*Math.random()));tmp;}"): null

2019-12-02 02:48:27 - [TEST_STEP][PASSED] - tel1 = selenium.getEval("{var x="123456789"; var tmp=""; for (i=0;i<3;i++) tmp+=x.charAt(Math.ceil(8*Math.random()));tmp;}"): null

2019-12-02 02:48:27 - [TEST_STEP][PASSED] - tel2 = selenium.getEval("{var x="123456789"; var tmp=""; for (i=0;i<3;i++) tmp+=x.charAt(Math.ceil(8*Math.random()));tmp;}"): null

2019-12-02 02:48:27 - [TEST_STEP][PASSED] - tel3 = selenium.getEval("{var x="123456789"; var tmp=""; for (i=0;i<4;i++) tmp+=x.charAt(Math.ceil(8*Math.random()));tmp;}"): null

2019-12-02 02:48:27 - [TEST_STEP][PASSED] - Tel = selenium.getExpression(tel1 + "-" + tel2 + "-" + tel3): null

2019-12-02 02:48:27 - [TEST_STEP][PASSED] - AutoEmail = selenium.getEval("{var x="ABCDEFGHIJKLMNOPQRSTUVWXYZabcdefghijklmnopqrstuvwxyz"; var tmp="test."; for (i=0;i<8;i++) tmp+=x.charAt(Math.ceil(51*Math.random()));tmp+="@suryani.cn";}"): null

2019-12-02 02:48:27 - [TEST_STEP][PASSED] - FirstName = FirstName: null

2019-12-02 02:48:27 - [TEST_STEP][PASSED] - LastName = LastName: null

2019-12-02 02:48:27 - [TEST_STEP][PASSED] - Address = Address: null

2019-12-02 02:48:27 - [TEST_STEP][PASSED] - City = City: null

2019-12-02 02:48:27 - [TEST_STEP][PASSED] - Tel = Tel: null

2019-12-02 02:48:27 - [TEST_STEP][PASSED] - AutoEmail = AutoEmail: null

2019-12-02 02:48:27 - [TEST_STEP][PASSED] - println(FirstName): null

2019-12-02 02:48:27 - [TEST_STEP][PASSED] - println(LastName): null

2019-12-02 02:48:27 - [TEST_STEP][PASSED] - println(Address): null

2019-12-02 02:48:27 - [TEST_STEP][PASSED] - println(City): null

2019-12-02 02:48:27 - [TEST_STEP][PASSED] - println(Tel): null

2019-12-02 02:48:27 - [TEST_STEP][PASSED] - println(AutoEmail): null

2019-12-02 02:48:27 - [MESSAGE][PASSED] - Call Test Case 'Test Cases/mobileWeb/_include/name' successfully

2019-12-02 02:48:27 - [TEST_STEP][PASSED] - setText(findTestObject("mobileSanity/Teladoc/Page_App Page 1/input__member-P-1-firstName"), FirstName): Text 'Test-123' is set on object 'Object Repository/mobileSanity/Teladoc/Page_App Page 1/input__member-P-1-firstName'

2019-12-02 02:48:27 - [MESSAGE][PASSED] - Text 'Test-123' is set on object 'Object Repository/mobileSanity/Teladoc/Page_App Page 1/input__member-P-1-firstName'

2019-12-02 02:48:27 - [TEST_STEP][PASSED] - setText(findTestObject("mobileSanity/Teladoc/Page_App Page 1/input__member-P-1-lastName"), LastName): Text 'ZZ11-xRyEpqJS' is set on object 'Object Repository/mobileSanity/Teladoc/Page_App Page 1/input__member-P-1-lastName'

2019-12-02 02:48:27 - [MESSAGE][PASSED] - Text 'ZZ11-xRyEpqJS' is set on object 'Object Repository/mobileSanity/Teladoc/Page_App Page 1/input__member-P-1-lastName'

2019-12-02 02:48:27 - [TEST_STEP][PASSED] - selectOptionByValue(findTestObject("mobileSanity/Teladoc/Page_App Page 1/select_01020304050607"), "05", true): All options with value '05' are selected in object 'Object Repository/mobileSanity/Teladoc/Page_App Page 1/select_01020304050607'  using regular expression

2019-12-02 02:48:27 - [MESSAGE][PASSED] - All options with value '05' are selected in object 'Object Repository/mobileSanity/Teladoc/Page_App Page 1/select_01020304050607'  using regular expression

2019-12-02 02:48:27 - [TEST_STEP][PASSED] - selectOptionByValue(findTestObject("mobileSanity/Teladoc/Page_App Page 1/select_00102030405060708091011"), "06", true): All options with value '06' are selected in object 'Object Repository/mobileSanity/Teladoc/Page_App Page 1/select_00102030405060708091011'  using regular expression

2019-12-02 02:48:28 - [MESSAGE][PASSED] - All options with value '06' are selected in object 'Object Repository/mobileSanity/Teladoc/Page_App Page 1/select_00102030405060708091011'  using regular expression

2019-12-02 02:48:28 - [TEST_STEP][PASSED] - setText(findTestObject("mobileSanity/Teladoc/Page_App Page 1/input_lbs"), "180"): Text '180' is set on object 'Object Repository/mobileSanity/Teladoc/Page_App Page 1/input_lbs'

2019-12-02 02:48:28 - [MESSAGE][PASSED] - Text '180' is set on object 'Object Repository/mobileSanity/Teladoc/Page_App Page 1/input_lbs'

2019-12-02 02:48:28 - [TEST_STEP][PASSED] - setText(findTestObject("mobileSanity/Teladoc/Page_App Page 1/input__address"), Address): Text 'GqXpzgjr' is set on object 'Object Repository/mobileSanity/Teladoc/Page_App Page 1/input__address'

2019-12-02 02:48:28 - [MESSAGE][PASSED] - Text 'GqXpzgjr' is set on object 'Object Repository/mobileSanity/Teladoc/Page_App Page 1/input__address'

2019-12-02 02:48:28 - [TEST_STEP][PASSED] - setText(findTestObject("mobileSanity/Teladoc/Page_App Page 1/input__city"), City): Text 'aHFOzepR' is set on object 'Object Repository/mobileSanity/Teladoc/Page_App Page 1/input__city'

2019-12-02 02:48:28 - [MESSAGE][PASSED] - Text 'aHFOzepR' is set on object 'Object Repository/mobileSanity/Teladoc/Page_App Page 1/input__city'

2019-12-02 02:48:28 - [TEST_STEP][PASSED] - setText(findTestObject("mobileSanity/Teladoc/Page_App Page 1/input__email"), AutoEmail): Text 'test.yGvlCRNc@suryani.cn' is set on object 'Object Repository/mobileSanity/Teladoc/Page_App Page 1/input__email'

2019-12-02 02:48:28 - [MESSAGE][PASSED] - Text 'test.yGvlCRNc@suryani.cn' is set on object 'Object Repository/mobileSanity/Teladoc/Page_App Page 1/input__email'

2019-12-02 02:48:28 - [TEST_STEP][PASSED] - setText(findTestObject("mobileSanity/Teladoc/Page_App Page 1/input_phone number"), Tel): Text '795-824-8745' is set on object 'Object Repository/mobileSanity/Teladoc/Page_App Page 1/input_phone number'

2019-12-02 02:48:28 - [MESSAGE][PASSED] - Text '795-824-8745' is set on object 'Object Repository/mobileSanity/Teladoc/Page_App Page 1/input_phone number'

2019-12-02 02:48:28 - [TEST_STEP][PASSED] - click(findTestObject("mobileSanity/Teladoc/Page_App Page 1/a_Continue to Step 2 - Payment")): Object: 'Object Repository/mobileSanity/Teladoc/Page_App Page 1/a_Continue to Step 2 - Payment' is clicked on

2019-12-02 02:48:29 - [MESSAGE][PASSED] - Object: 'Object Repository/mobileSanity/Teladoc/Page_App Page 1/a_Continue to Step 2 - Payment' is clicked on

2019-12-02 02:48:29 - [TEST_STEP][PASSED] - waitForPageLoad(20): Wait for page load successfully

2019-12-02 02:48:29 - [MESSAGE][PASSED] - Wait for page load successfully

2019-12-02 02:48:29 - [TEST_STEP][PASSED] - waitForElementVisible(findTestObject("mobileSanity/Teladoc/Page_App Page 2/input__credit-card-first"), 20): Object 'Object Repository/mobileSanity/Teladoc/Page_App Page 2/input__credit-card-first' is visible

2019-12-02 02:48:29 - [MESSAGE][PASSED] - Object 'Object Repository/mobileSanity/Teladoc/Page_App Page 2/input__credit-card-first' is visible

2019-12-02 02:48:29 - [TEST_STEP][PASSED] - callTestCase(findTestCase("mobileWeb/_include/get_screenshot"), [:], STOP_ON_FAILURE): Call Test Case 'Test Cases/mobileWeb/_include/get_screenshot' successfully

2019-12-02 02:48:29 - [TEST_CASE][PASSED] - Test Cases/mobileWeb/_include/get_screenshot: Test Cases/mobileWeb/_include/get_screenshot

2019-12-02 02:48:29 - [TEST_STEP][PASSED] - takeScreenshot(screenPath + i + ".png"): Taking screenshot successfully

2019-12-02 02:48:30 - [MESSAGE][PASSED] - Taking screenshot successfully
[[ATTACHMENT|D:\\Test\\AgileTest\\Reports\\HIC\\hic\\20191202_022122\\../Screenshots/iPhone 6/HIC/Teladoc/teladoc/standard/5.png]]

2019-12-02 02:48:30 - [TEST_STEP][PASSED] - (internal.GlobalVariable.i++): null

2019-12-02 02:48:30 - [MESSAGE][PASSED] - Call Test Case 'Test Cases/mobileWeb/_include/get_screenshot' successfully

2019-12-02 02:48:30 - [TEST_STEP][PASSED] - setText(findTestObject("mobileSanity/Teladoc/Page_App Page 2/input__credit-card-first"), FirstName): Text 'Test-123' is set on object 'Object Repository/mobileSanity/Teladoc/Page_App Page 2/input__credit-card-first'

2019-12-02 02:48:30 - [MESSAGE][PASSED] - Text 'Test-123' is set on object 'Object Repository/mobileSanity/Teladoc/Page_App Page 2/input__credit-card-first'

2019-12-02 02:48:30 - [TEST_STEP][PASSED] - setText(findTestObject("mobileSanity/Teladoc/Page_App Page 2/input__credit-card-last"), LastName): Text 'ZZ11-xRyEpqJS' is set on object 'Object Repository/mobileSanity/Teladoc/Page_App Page 2/input__credit-card-last'

2019-12-02 02:48:30 - [MESSAGE][PASSED] - Text 'ZZ11-xRyEpqJS' is set on object 'Object Repository/mobileSanity/Teladoc/Page_App Page 2/input__credit-card-last'

2019-12-02 02:48:30 - [TEST_STEP][PASSED] - selectOptionByValue(findTestObject("mobileSanity/Teladoc/Page_App Page 2/select_MM010203040506070809101"), "12", true): All options with value '12' are selected in object 'Object Repository/mobileSanity/Teladoc/Page_App Page 2/select_MM010203040506070809101'  using regular expression

2019-12-02 02:48:30 - [MESSAGE][PASSED] - All options with value '12' are selected in object 'Object Repository/mobileSanity/Teladoc/Page_App Page 2/select_MM010203040506070809101'  using regular expression

2019-12-02 02:48:30 - [TEST_STEP][PASSED] - selectOptionByValue(findTestObject("mobileSanity/Teladoc/Page_App Page 2/select_YYYY2019202020212022202"), "2026", true): All options with value '2026' are selected in object 'Object Repository/mobileSanity/Teladoc/Page_App Page 2/select_YYYY2019202020212022202'  using regular expression

2019-12-02 02:48:30 - [MESSAGE][PASSED] - All options with value '2026' are selected in object 'Object Repository/mobileSanity/Teladoc/Page_App Page 2/select_YYYY2019202020212022202'  using regular expression

2019-12-02 02:48:30 - [TEST_STEP][PASSED] - setText(findTestObject("mobileSanity/Teladoc/Page_App Page 2/input__credit-card-number"), "4111111111111111"): Text '4111111111111111' is set on object 'Object Repository/mobileSanity/Teladoc/Page_App Page 2/input__credit-card-number'

2019-12-02 02:48:31 - [MESSAGE][PASSED] - Text '4111111111111111' is set on object 'Object Repository/mobileSanity/Teladoc/Page_App Page 2/input__credit-card-number'

2019-12-02 02:48:31 - [TEST_STEP][PASSED] - setText(findTestObject("mobileSanity/Teladoc/Page_App Page 2/input__credit-card-cvv"), "122"): Text '122' is set on object 'Object Repository/mobileSanity/Teladoc/Page_App Page 2/input__credit-card-cvv'

2019-12-02 02:48:31 - [MESSAGE][PASSED] - Text '122' is set on object 'Object Repository/mobileSanity/Teladoc/Page_App Page 2/input__credit-card-cvv'

2019-12-02 02:48:31 - [TEST_STEP][PASSED] - click(findTestObject("mobileSanity/Teladoc/Page_App Page 2/label_My billing address is th")): Object: 'Object Repository/mobileSanity/Teladoc/Page_App Page 2/label_My billing address is th' is clicked on

2019-12-02 02:48:31 - [MESSAGE][PASSED] - Object: 'Object Repository/mobileSanity/Teladoc/Page_App Page 2/label_My billing address is th' is clicked on

2019-12-02 02:48:31 - [TEST_STEP][PASSED] - click(findTestObject("mobileSanity/Teladoc/Page_App Page 2/label_I Accept Authorization f")): Object: 'Object Repository/mobileSanity/Teladoc/Page_App Page 2/label_I Accept Authorization f' is clicked on

2019-12-02 02:48:31 - [MESSAGE][PASSED] - Object: 'Object Repository/mobileSanity/Teladoc/Page_App Page 2/label_I Accept Authorization f' is clicked on

2019-12-02 02:48:31 - [TEST_STEP][PASSED] - click(findTestObject("mobileSanity/Teladoc/Page_App Page 2/a_Continue to Step 3 - Review")): Object: 'Object Repository/mobileSanity/Teladoc/Page_App Page 2/a_Continue to Step 3 - Review' is clicked on

2019-12-02 02:48:31 - [MESSAGE][PASSED] - Object: 'Object Repository/mobileSanity/Teladoc/Page_App Page 2/a_Continue to Step 3 - Review' is clicked on

2019-12-02 02:48:31 - [TEST_STEP][PASSED] - waitForPageLoad(20): Wait for page load successfully

2019-12-02 02:48:31 - [MESSAGE][PASSED] - Wait for page load successfully

2019-12-02 02:48:31 - [TEST_STEP][PASSED] - waitForElementPresent(findTestObject("mobileSanity/Teladoc/Page_App Page 3/label"), 20): Object 'Object Repository/mobileSanity/Teladoc/Page_App Page 3/label' is present

2019-12-02 02:48:42 - [MESSAGE][PASSED] - Object 'Object Repository/mobileSanity/Teladoc/Page_App Page 3/label' is present

2019-12-02 02:48:42 - [TEST_STEP][PASSED] - Thread.sleep(5000): null

2019-12-02 02:48:47 - [TEST_STEP][PASSED] - callTestCase(findTestCase("mobileWeb/_include/get_screenshot"), [:], STOP_ON_FAILURE): Call Test Case 'Test Cases/mobileWeb/_include/get_screenshot' successfully

2019-12-02 02:48:47 - [TEST_CASE][PASSED] - Test Cases/mobileWeb/_include/get_screenshot: Test Cases/mobileWeb/_include/get_screenshot

2019-12-02 02:48:47 - [TEST_STEP][PASSED] - takeScreenshot(screenPath + i + ".png"): Taking screenshot successfully

2019-12-02 02:48:47 - [MESSAGE][PASSED] - Taking screenshot successfully
[[ATTACHMENT|D:\\Test\\AgileTest\\Reports\\HIC\\hic\\20191202_022122\\../Screenshots/iPhone 6/HIC/Teladoc/teladoc/standard/6.png]]

2019-12-02 02:48:47 - [TEST_STEP][PASSED] - (internal.GlobalVariable.i++): null

2019-12-02 02:48:47 - [MESSAGE][PASSED] - Call Test Case 'Test Cases/mobileWeb/_include/get_screenshot' successfully

2019-12-02 02:48:47 - [TEST_STEP][PASSED] - scrollToElement(findTestObject("mobileSanity/Teladoc/Page_App Page 3/label"), 10): Scroll to object 'Object Repository/mobileSanity/Teladoc/Page_App Page 3/label' successfully

2019-12-02 02:48:47 - [MESSAGE][PASSED] - Scroll to object 'Object Repository/mobileSanity/Teladoc/Page_App Page 3/label' successfully

2019-12-02 02:48:47 - [TEST_STEP][PASSED] - waitForElementClickable(findTestObject("mobileSanity/Teladoc/Page_App Page 3/label"), 10): Object 'Object Repository/mobileSanity/Teladoc/Page_App Page 3/label' is clickable

2019-12-02 02:48:47 - [MESSAGE][PASSED] - Object 'Object Repository/mobileSanity/Teladoc/Page_App Page 3/label' is clickable

2019-12-02 02:48:47 - [TEST_STEP][PASSED] - click(findTestObject("mobileSanity/Teladoc/Page_App Page 3/label")): Object: 'Object Repository/mobileSanity/Teladoc/Page_App Page 3/label' is clicked on

2019-12-02 02:48:47 - [MESSAGE][PASSED] - Object: 'Object Repository/mobileSanity/Teladoc/Page_App Page 3/label' is clicked on

2019-12-02 02:48:47 - [TEST_STEP][PASSED] - click(findTestObject("mobileSanity/Teladoc/Page_App Page 3/p_")): Object: 'Object Repository/mobileSanity/Teladoc/Page_App Page 3/p_' is clicked on

2019-12-02 02:48:47 - [MESSAGE][PASSED] - Object: 'Object Repository/mobileSanity/Teladoc/Page_App Page 3/p_' is clicked on

2019-12-02 02:48:47 - [TEST_STEP][PASSED] - click(findTestObject("mobileSanity/Teladoc/Page_App Page 3/a_Submit Your Application")): Object: 'Object Repository/mobileSanity/Teladoc/Page_App Page 3/a_Submit Your Application' is clicked on

2019-12-02 02:48:48 - [MESSAGE][PASSED] - Object: 'Object Repository/mobileSanity/Teladoc/Page_App Page 3/a_Submit Your Application' is clicked on

2019-12-02 02:48:48 - [TEST_STEP][PASSED] - Thread.sleep(50000): null

2019-12-02 02:49:38 - [TEST_STEP][PASSED] - callTestCase(findTestCase("mobileWeb/_include/get_screenshot"), [:], STOP_ON_FAILURE): Call Test Case 'Test Cases/mobileWeb/_include/get_screenshot' successfully

2019-12-02 02:49:38 - [TEST_CASE][PASSED] - Test Cases/mobileWeb/_include/get_screenshot: Test Cases/mobileWeb/_include/get_screenshot

2019-12-02 02:49:38 - [TEST_STEP][PASSED] - takeScreenshot(screenPath + i + ".png"): Taking screenshot successfully

2019-12-02 02:49:38 - [MESSAGE][PASSED] - Taking screenshot successfully
[[ATTACHMENT|D:\\Test\\AgileTest\\Reports\\HIC\\hic\\20191202_022122\\../Screenshots/iPhone 6/HIC/Teladoc/teladoc/standard/7.png]]

2019-12-02 02:49:38 - [TEST_STEP][PASSED] - (internal.GlobalVariable.i++): null

2019-12-02 02:49:38 - [MESSAGE][PASSED] - Call Test Case 'Test Cases/mobileWeb/_include/get_screenshot' successfully

2019-12-02 02:49:38 - [TEST_STEP][PASSED] - verifyTextPresent("Congratulations", false): Text 'Congratulations' is present on page 

2019-12-02 02:49:38 - [MESSAGE][PASSED] - Text 'Congratulations' is present on page]]></system-out>
         <system-err><![CDATA[]]></system-err>
      </testcase>
      <system-out><![CDATA[2019-12-02 02:21:25 - [TEST_SUITE][FAILED] - hic: Test Cases/HIC/HBI/Vitala Care FAILED.
Reason:
com.kms.katalon.core.exception.StepFailedException: Unable to click on object 'Object Repository/hic/nav/hbiLink' (Root cause: org.openqa.selenium.ElementNotVisibleException: element not interactable
  (Session info: chrome=78.0.3904.108)
  (Driver info: chromedriver=2.43.600210 (68dcf5eebde37173d4027fa8635e332711d2874a),platform=Windows NT 6.3.9600 x86_64) (WARNING: The server did not provide any stacktrace information)
Command duration or timeout: 0 milliseconds
Build info: version: '3.7.1', revision: '8a0099a', time: '2017-11-06T21:07:36.161Z'
System info: host: 'WIN-U215233FMVE', ip: '172.30.0.53', os.name: 'Windows Server 2012 R2', os.arch: 'amd64', os.version: '6.3', java.version: '1.8.0_181'
Driver info: com.kms.katalon.selenium.driver.CChromeDriver
Capabilities {acceptInsecureCerts: false, acceptSslCerts: false, applicationCacheEnabled: false, browserConnectionEnabled: false, browserName: chrome, chrome: {chromedriverVersion: 2.43.600210 (68dcf5eebde371..., userDataDir: C:\Users\ADMINI~1\AppData\L...}, cssSelectorsEnabled: true, databaseEnabled: false, goog:chromeOptions: {debuggerAddress: localhost:60905}, handlesAlerts: true, hasTouchScreen: true, javascriptEnabled: true, locationContextEnabled: true, mobileEmulationEnabled: true, nativeEvents: true, networkConnectionEnabled: false, pageLoadStrategy: normal, platform: XP, platformName: XP, rotatable: false, setWindowRect: true, takesHeapSnapshot: true, takesScreenshot: true, unexpectedAlertBehaviour: , unhandledPromptBehavior: , version: 78.0.3904.108, webStorageEnabled: true}
Session ID: 283501c02e8d5039e521c53a9b00e9ec)
	at com.kms.katalon.core.keyword.internal.KeywordMain.stepFailed(KeywordMain.groovy:36)
	at com.kms.katalon.core.webui.keyword.internal.WebUIKeywordMain.stepFailed(WebUIKeywordMain.groovy:65)
	at com.kms.katalon.core.webui.keyword.internal.WebUIKeywordMain.runKeyword(WebUIKeywordMain.groovy:27)
	at com.kms.katalon.core.webui.keyword.builtin.ClickKeyword.click(ClickKeyword.groovy:86)
	at com.kms.katalon.core.webui.keyword.builtin.ClickKeyword.execute(ClickKeyword.groovy:67)
	at com.kms.katalon.core.keyword.internal.KeywordExecutor.executeKeywordForPlatform(KeywordExecutor.groovy:53)
	at com.kms.katalon.core.webui.keyword.WebUiBuiltInKeywords.click(WebUiBuiltInKeywords.groovy:616)
	at com.kms.katalon.core.webui.keyword.WebUiBuiltInKeywords$click$2.call(Unknown Source)
	at Vitala Care.run(Vitala Care:27)
	at com.kms.katalon.core.main.ScriptEngine.run(ScriptEngine.java:194)
	at com.kms.katalon.core.main.ScriptEngine.runScriptAsRawText(ScriptEngine.java:119)
	at com.kms.katalon.core.main.TestCaseExecutor.runScript(TestCaseExecutor.java:328)
	at com.kms.katalon.core.main.TestCaseExecutor.doExecute(TestCaseExecutor.java:319)
	at com.kms.katalon.core.main.TestCaseExecutor.processExecutionPhase(TestCaseExecutor.java:298)
	at com.kms.katalon.core.main.TestCaseExecutor.accessMainPhase(TestCaseExecutor.java:290)
	at com.kms.katalon.core.main.TestCaseExecutor.execute(TestCaseExecutor.java:224)
	at com.kms.katalon.core.main.TestSuiteExecutor.accessTestCaseMainPhase(TestSuiteExecutor.java:129)
	at com.kms.katalon.core.main.TestSuiteExecutor.accessTestSuiteMainPhase(TestSuiteExecutor.java:112)
	at com.kms.katalon.core.main.TestSuiteExecutor.execute(TestSuiteExecutor.java:81)
	at com.kms.katalon.core.main.TestCaseMain.startTestSuite(TestCaseMain.java:149)
	at com.kms.katalon.core.main.TestCaseMain$startTestSuite$0.call(Unknown Source)
	at TempTestSuite1575271282294.run(TempTestSuite1575271282294.groovy:36)]]></system-out>
      <system-err><![CDATA[2019-12-02 02:21:25 - [TEST_SUITE][FAILED] - hic: Test Cases/HIC/HBI/Vitala Care FAILED.
Reason:
com.kms.katalon.core.exception.StepFailedException: Unable to click on object 'Object Repository/hic/nav/hbiLink' (Root cause: org.openqa.selenium.ElementNotVisibleException: element not interactable
  (Session info: chrome=78.0.3904.108)
  (Driver info: chromedriver=2.43.600210 (68dcf5eebde37173d4027fa8635e332711d2874a),platform=Windows NT 6.3.9600 x86_64) (WARNING: The server did not provide any stacktrace information)
Command duration or timeout: 0 milliseconds
Build info: version: '3.7.1', revision: '8a0099a', time: '2017-11-06T21:07:36.161Z'
System info: host: 'WIN-U215233FMVE', ip: '172.30.0.53', os.name: 'Windows Server 2012 R2', os.arch: 'amd64', os.version: '6.3', java.version: '1.8.0_181'
Driver info: com.kms.katalon.selenium.driver.CChromeDriver
Capabilities {acceptInsecureCerts: false, acceptSslCerts: false, applicationCacheEnabled: false, browserConnectionEnabled: false, browserName: chrome, chrome: {chromedriverVersion: 2.43.600210 (68dcf5eebde371..., userDataDir: C:\Users\ADMINI~1\AppData\L...}, cssSelectorsEnabled: true, databaseEnabled: false, goog:chromeOptions: {debuggerAddress: localhost:60905}, handlesAlerts: true, hasTouchScreen: true, javascriptEnabled: true, locationContextEnabled: true, mobileEmulationEnabled: true, nativeEvents: true, networkConnectionEnabled: false, pageLoadStrategy: normal, platform: XP, platformName: XP, rotatable: false, setWindowRect: true, takesHeapSnapshot: true, takesScreenshot: true, unexpectedAlertBehaviour: , unhandledPromptBehavior: , version: 78.0.3904.108, webStorageEnabled: true}
Session ID: 283501c02e8d5039e521c53a9b00e9ec)
	at com.kms.katalon.core.keyword.internal.KeywordMain.stepFailed(KeywordMain.groovy:36)
	at com.kms.katalon.core.webui.keyword.internal.WebUIKeywordMain.stepFailed(WebUIKeywordMain.groovy:65)
	at com.kms.katalon.core.webui.keyword.internal.WebUIKeywordMain.runKeyword(WebUIKeywordMain.groovy:27)
	at com.kms.katalon.core.webui.keyword.builtin.ClickKeyword.click(ClickKeyword.groovy:86)
	at com.kms.katalon.core.webui.keyword.builtin.ClickKeyword.execute(ClickKeyword.groovy:67)
	at com.kms.katalon.core.keyword.internal.KeywordExecutor.executeKeywordForPlatform(KeywordExecutor.groovy:53)
	at com.kms.katalon.core.webui.keyword.WebUiBuiltInKeywords.click(WebUiBuiltInKeywords.groovy:616)
	at com.kms.katalon.core.webui.keyword.WebUiBuiltInKeywords$click$2.call(Unknown Source)
	at Vitala Care.run(Vitala Care:27)
	at com.kms.katalon.core.main.ScriptEngine.run(ScriptEngine.java:194)
	at com.kms.katalon.core.main.ScriptEngine.runScriptAsRawText(ScriptEngine.java:119)
	at com.kms.katalon.core.main.TestCaseExecutor.runScript(TestCaseExecutor.java:328)
	at com.kms.katalon.core.main.TestCaseExecutor.doExecute(TestCaseExecutor.java:319)
	at com.kms.katalon.core.main.TestCaseExecutor.processExecutionPhase(TestCaseExecutor.java:298)
	at com.kms.katalon.core.main.TestCaseExecutor.accessMainPhase(TestCaseExecutor.java:290)
	at com.kms.katalon.core.main.TestCaseExecutor.execute(TestCaseExecutor.java:224)
	at com.kms.katalon.core.main.TestSuiteExecutor.accessTestCaseMainPhase(TestSuiteExecutor.java:129)
	at com.kms.katalon.core.main.TestSuiteExecutor.accessTestSuiteMainPhase(TestSuiteExecutor.java:112)
	at com.kms.katalon.core.main.TestSuiteExecutor.execute(TestSuiteExecutor.java:81)
	at com.kms.katalon.core.main.TestCaseMain.startTestSuite(TestCaseMain.java:149)
	at com.kms.katalon.core.main.TestCaseMain$startTestSuite$0.call(Unknown Source)
	at TempTestSuite1575271282294.run(TempTestSuite1575271282294.groovy:36)]]></system-err>
   </testsuite>
</testsuites>
