<?xml version="1.0" encoding="UTF-8"?>
<testsuites name="TriStar" time="129" tests="1" failures="0" errors="0">
   <testsuite name="TriStar" tests="1" failures="0" errors="0" time="129" timestamp="2020-05-14 08:12:36" hostname="Administrator - 172.30.0.53" id="Test Suites/PrivateLabel/TriStar">
      <properties>
         <property name="deviceName" value=""/>
         <property name="devicePlatform" value=""/>
         <property name="logFolder" value="D:\\Test\\AgileTest\\Reports\\PrivateLabel\\TriStar\\20200514_080046"/>
         <property name="logFiles" value="D:\\Test\\AgileTest\\Reports\\PrivateLabel\\TriStar\\20200514_080046\\execution0.log"/>
         <property name="attachments" value="D:\\Test\\AgileTest\\Reports\\PrivateLabel\\TriStar\\20200514_080046\\../Screenshots/iPhone 6/TriStar/Vitala Care/20200514_081239/0.png, D:\\Test\\AgileTest\\Reports\\PrivateLabel\\TriStar\\20200514_080046\\../Screenshots/iPhone 6/TriStar/Vitala Care/20200514_081239/1.png, D:\\Test\\AgileTest\\Reports\\PrivateLabel\\TriStar\\20200514_080046\\../Screenshots/iPhone 6/TriStar/Vitala Care/20200514_081239/2.png, D:\\Test\\AgileTest\\Reports\\PrivateLabel\\TriStar\\20200514_080046\\../Screenshots/iPhone 6/TriStar/Vitala Care/20200514_081239/3.png, D:\\Test\\AgileTest\\Reports\\PrivateLabel\\TriStar\\20200514_080046\\../Screenshots/iPhone 6/TriStar/Vitala Care/20200514_081239/4.png, D:\\Test\\AgileTest\\Reports\\PrivateLabel\\TriStar\\20200514_080046\\../Screenshots/iPhone 6/TriStar/Vitala Care/20200514_081239/5.png, D:\\Test\\AgileTest\\Reports\\PrivateLabel\\TriStar\\20200514_080046\\../Screenshots/iPhone 6/TriStar/Vitala Care/20200514_081239/6.png, D:\\Test\\AgileTest\\Reports\\PrivateLabel\\TriStar\\20200514_080046\\../Screenshots/iPhone 6/TriStar/Vitala Care/20200514_081239/7.png, D:\\Test\\AgileTest\\Reports\\PrivateLabel\\TriStar\\20200514_080046\\../Screenshots/iPhone 6/TriStar/Vitala Care/20200514_081239/8.png, D:\\Test\\AgileTest\\Reports\\PrivateLabel\\TriStar\\20200514_080046\\../Screenshots/iPhone 6/TriStar/Vitala Care/20200514_081239/9.png, D:\\Test\\AgileTest\\Reports\\PrivateLabel\\TriStar\\20200514_080046\\../Screenshots/iPhone 6/TriStar/Vitala Care/20200514_081239/10.png"/>
         <property name="hostName" value="Administrator - 172.30.0.53"/>
         <property name="os" value="Windows Server 2012 R2 64bit"/>
         <property name="katalonVersion" value="5.10.1.1"/>
         <property name="browser" value="Safari 11"/>
         <property name="hostAddress" value="172.30.0.53"/>
         <property name="sessionId" value="60bb60ea2f076d5000e36bb68461f9a5"/>
         <property name="seleniumVersion" value="3.7.1"/>
         <property name="proxyInformation" value="ProxyInformation{proxyOption=NO_PROXY, proxyServerType=HTTP, password=, proxyServerAddress=, proxyServerPort=0}"/>
         <property name="platform" value="Windows Server 2012 R2"/>
      </properties>
      <testcase name="Test Cases/PL Site/TriStar/hbi/Vitala Care" classname="Test Cases/PL Site/TriStar/hbi/Vitala Care" status="PASSED">
         <system-out><![CDATA[2020-05-14 08:12:37 - [TEST_CASE][PASSED] - Test Cases/PL Site/TriStar/hbi/Vitala Care: Test Cases/PL Site/TriStar/hbi/Vitala Care

2020-05-14 08:12:38 - [TEST_STEP][PASSED] - callTestCase(findTestCase("AHI/_include/get_screenPath"), ["productLine":"TriStar", "carrierName":"Vitala Care"], CONTINUE_ON_FAILURE): Call Test Case 'Test Cases/AHI/_include/get_screenPath' successfully

2020-05-14 08:12:39 - [TEST_CASE][PASSED] - Test Cases/AHI/_include/get_screenPath: Test Cases/AHI/_include/get_screenPath

2020-05-14 08:12:39 - [TEST_STEP][PASSED] - m = getExecutionProperties(): null

2020-05-14 08:12:39 - [TEST_STEP][PASSED] - deviceName = get("mobileEmulation").get("deviceName"): null

2020-05-14 08:12:39 - [TEST_STEP][PASSED] - println(deviceName): null

2020-05-14 08:12:39 - [TEST_STEP][PASSED] - now = new java.util.Date(): null

2020-05-14 08:12:39 - [TEST_STEP][PASSED] - mydate = now.format("yyyyMMdd_HHmmss"): null

2020-05-14 08:12:39 - [TEST_STEP][PASSED] - screenPath = "../Screenshots/": null

2020-05-14 08:12:39 - [TEST_STEP][PASSED] - screenPath = screenPath + deviceName + "/" + productLine + "/" + carrierName + "/" + mydate + "/": null

2020-05-14 08:12:39 - [TEST_STEP][PASSED] - println(screenPath): null

2020-05-14 08:12:39 - [MESSAGE][PASSED] - Call Test Case 'Test Cases/AHI/_include/get_screenPath' successfully

2020-05-14 08:12:39 - [TEST_STEP][PASSED] - i = 0: null

2020-05-14 08:12:39 - [TEST_STEP][PASSED] - callTestCase(findTestCase("AHI/_include/openWebSite"), ["env":"https://tristar--qa.storefront.mybenefitskeeper.com"], STOP_ON_FAILURE): Call Test Case 'Test Cases/AHI/_include/openWebSite' successfully

2020-05-14 08:12:39 - [TEST_CASE][PASSED] - Test Cases/AHI/_include/openWebSite: Test Cases/AHI/_include/openWebSite

2020-05-14 08:12:40 - [TEST_STEP][PASSED] - openBrowser(env): Browser is opened with url: 'https://tristar--qa.storefront.mybenefitskeeper.com'

2020-05-14 08:12:41 - [MESSAGE][INFO] - Starting 'Chrome' driver

2020-05-14 08:12:41 - [MESSAGE][INFO] - User set preference: ['mobileEmulation', '{deviceName=iPhone 6}']

2020-05-14 08:12:41 - [MESSAGE][INFO] - User set preference: ['args', '[--incognito, --aggressive-cache-discard, --window-size=375,677, --no-sandbox, --ignore-certificate-errors]']

2020-05-14 08:12:41 - [MESSAGE][INFO] - Action delay is set to 0 seconds

2020-05-14 08:13:03 - [MESSAGE][PASSED] - Browser is opened with url: 'https://tristar--qa.storefront.mybenefitskeeper.com'

2020-05-14 08:13:03 - [TEST_STEP][PASSED] - waitForPageLoad(20): Wait for page load successfully

2020-05-14 08:13:04 - [MESSAGE][PASSED] - Wait for page load successfully

2020-05-14 08:13:04 - [TEST_STEP][PASSED] - callTestCase(findTestCase("AHI/_include/get_screenshot"), [:], STOP_ON_FAILURE): Call Test Case 'Test Cases/AHI/_include/get_screenshot' successfully

2020-05-14 08:13:04 - [TEST_CASE][PASSED] - Test Cases/AHI/_include/get_screenshot: Test Cases/AHI/_include/get_screenshot

2020-05-14 08:13:05 - [TEST_STEP][PASSED] - Thread.sleep(1000): null

2020-05-14 08:13:06 - [TEST_STEP][PASSED] - takeScreenshot(screenPath + i + ".png"): Taking screenshot successfully

2020-05-14 08:13:07 - [MESSAGE][PASSED] - Taking screenshot successfully
[[ATTACHMENT|D:\\Test\\AgileTest\\Reports\\PrivateLabel\\TriStar\\20200514_080046\\../Screenshots/iPhone 6/TriStar/Vitala Care/20200514_081239/0.png]]

2020-05-14 08:13:07 - [TEST_STEP][PASSED] - (internal.GlobalVariable.i++): null

2020-05-14 08:13:07 - [MESSAGE][PASSED] - Call Test Case 'Test Cases/AHI/_include/get_screenshot' successfully

2020-05-14 08:13:07 - [MESSAGE][PASSED] - Call Test Case 'Test Cases/AHI/_include/openWebSite' successfully

2020-05-14 08:13:07 - [TEST_STEP][PASSED] - callTestCase(findTestCase("PL Site/_include/census_hbi"), ["zipcode":"90011"], CONTINUE_ON_FAILURE): Call Test Case 'Test Cases/PL Site/_include/census_hbi' successfully

2020-05-14 08:13:07 - [TEST_CASE][PASSED] - Test Cases/PL Site/_include/census_hbi: Test Cases/PL Site/_include/census_hbi

2020-05-14 08:13:07 - [TEST_STEP][PASSED] - click(findTestObject("mobileSanity/Common/side_nav/menu")): Object: 'Object Repository/mobileSanity/Common/side_nav/menu' is clicked on

2020-05-14 08:13:08 - [MESSAGE][PASSED] - Object: 'Object Repository/mobileSanity/Common/side_nav/menu' is clicked on

2020-05-14 08:13:08 - [TEST_STEP][PASSED] - Thread.sleep(3000): null

2020-05-14 08:13:11 - [TEST_STEP][PASSED] - callTestCase(findTestCase("AHI/_include/get_screenshot"), [:], STOP_ON_FAILURE): Call Test Case 'Test Cases/AHI/_include/get_screenshot' successfully

2020-05-14 08:13:11 - [TEST_CASE][PASSED] - Test Cases/AHI/_include/get_screenshot: Test Cases/AHI/_include/get_screenshot

2020-05-14 08:13:11 - [TEST_STEP][PASSED] - Thread.sleep(1000): null

2020-05-14 08:13:12 - [TEST_STEP][PASSED] - takeScreenshot(screenPath + i + ".png"): Taking screenshot successfully

2020-05-14 08:13:12 - [MESSAGE][PASSED] - Taking screenshot successfully
[[ATTACHMENT|D:\\Test\\AgileTest\\Reports\\PrivateLabel\\TriStar\\20200514_080046\\../Screenshots/iPhone 6/TriStar/Vitala Care/20200514_081239/1.png]]

2020-05-14 08:13:12 - [TEST_STEP][PASSED] - (internal.GlobalVariable.i++): null

2020-05-14 08:13:12 - [MESSAGE][PASSED] - Call Test Case 'Test Cases/AHI/_include/get_screenshot' successfully

2020-05-14 08:13:12 - [TEST_STEP][PASSED] - click(findTestObject("PLSite/pl_nav_hbi")): Object: 'Object Repository/PLSite/pl_nav_hbi' is clicked on

2020-05-14 08:13:13 - [MESSAGE][PASSED] - Object: 'Object Repository/PLSite/pl_nav_hbi' is clicked on

2020-05-14 08:13:13 - [TEST_STEP][PASSED] - waitForPageLoad(10): Wait for page load successfully

2020-05-14 08:13:13 - [MESSAGE][PASSED] - Wait for page load successfully

2020-05-14 08:13:13 - [TEST_STEP][PASSED] - Thread.sleep(3000): null

2020-05-14 08:13:16 - [TEST_STEP][PASSED] - callTestCase(findTestCase("AHI/_include/get_screenshot"), [:], STOP_ON_FAILURE): Call Test Case 'Test Cases/AHI/_include/get_screenshot' successfully

2020-05-14 08:13:16 - [TEST_CASE][PASSED] - Test Cases/AHI/_include/get_screenshot: Test Cases/AHI/_include/get_screenshot

2020-05-14 08:13:16 - [TEST_STEP][PASSED] - Thread.sleep(1000): null

2020-05-14 08:13:17 - [TEST_STEP][PASSED] - takeScreenshot(screenPath + i + ".png"): Taking screenshot successfully

2020-05-14 08:13:18 - [MESSAGE][PASSED] - Taking screenshot successfully
[[ATTACHMENT|D:\\Test\\AgileTest\\Reports\\PrivateLabel\\TriStar\\20200514_080046\\../Screenshots/iPhone 6/TriStar/Vitala Care/20200514_081239/2.png]]

2020-05-14 08:13:18 - [TEST_STEP][PASSED] - (internal.GlobalVariable.i++): null

2020-05-14 08:13:18 - [MESSAGE][PASSED] - Call Test Case 'Test Cases/AHI/_include/get_screenshot' successfully

2020-05-14 08:13:18 - [TEST_STEP][PASSED] - setText(findTestObject("mobileSanity/HBI/census/input_Location_zip-input"), zipcode): Text '90011' is set on object 'Object Repository/mobileSanity/HBI/census/input_Location_zip-input'

2020-05-14 08:13:18 - [MESSAGE][PASSED] - Text '90011' is set on object 'Object Repository/mobileSanity/HBI/census/input_Location_zip-input'

2020-05-14 08:13:18 - [TEST_STEP][PASSED] - Thread.sleep(500): null

2020-05-14 08:13:18 - [TEST_STEP][PASSED] - setText(findTestObject("mobileSanity/HBI/census/input_Date of Birth_dob-0"), "12121980"): Text '12121980' is set on object 'Object Repository/mobileSanity/HBI/census/input_Date of Birth_dob-0'

2020-05-14 08:13:18 - [MESSAGE][PASSED] - Text '12121980' is set on object 'Object Repository/mobileSanity/HBI/census/input_Date of Birth_dob-0'

2020-05-14 08:13:18 - [TEST_STEP][PASSED] - click(findTestObject("mobileSanity/HBI/census/label_Male")): Object: 'Object Repository/mobileSanity/HBI/census/label_Male' is clicked on

2020-05-14 08:13:19 - [MESSAGE][PASSED] - Object: 'Object Repository/mobileSanity/HBI/census/label_Male' is clicked on

2020-05-14 08:13:19 - [TEST_STEP][PASSED] - click(findTestObject("mobileSanity/HBI/census/label_Get a Quote")): Object: 'Object Repository/mobileSanity/HBI/census/label_Get a Quote' is clicked on

2020-05-14 08:13:19 - [MESSAGE][PASSED] - Object: 'Object Repository/mobileSanity/HBI/census/label_Get a Quote' is clicked on

2020-05-14 08:13:19 - [TEST_STEP][PASSED] - waitForPageLoad(20): Wait for page load successfully

2020-05-14 08:13:19 - [MESSAGE][PASSED] - Wait for page load successfully

2020-05-14 08:13:19 - [TEST_STEP][PASSED] - Thread.sleep(3000): null

2020-05-14 08:13:22 - [TEST_STEP][PASSED] - callTestCase(findTestCase("AHI/_include/check_quoteleadform"), [:], STOP_ON_FAILURE): Call Test Case 'Test Cases/AHI/_include/check_quoteleadform' successfully

2020-05-14 08:13:22 - [TEST_CASE][PASSED] - Test Cases/AHI/_include/check_quoteleadform: Test Cases/AHI/_include/check_quoteleadform

2020-05-14 08:13:23 - [TEST_STEP][PASSED] - callTestCase(findTestCase("AHI/_include/name"), [:], CONTINUE_ON_FAILURE): Call Test Case 'Test Cases/AHI/_include/name' successfully

2020-05-14 08:13:23 - [TEST_CASE][PASSED] - Test Cases/AHI/_include/name: Test Cases/AHI/_include/name

2020-05-14 08:13:23 - [TEST_STEP][PASSED] - driver = getWebDriver(): null

2020-05-14 08:13:23 - [TEST_STEP][PASSED] - selenium = new com.thoughtworks.selenium.webdriven.WebDriverBackedSelenium(driver, internal.GlobalVariable.ENV): null

2020-05-14 08:13:23 - [TEST_STEP][PASSED] - FirstName = "Test-123": null

2020-05-14 08:13:23 - [TEST_STEP][PASSED] - LastName = selenium.getEval("{var x="ABCDEFGHIJKLMNOPQRSTUVWXYZabcdefghijklmnopqrstuvwxyz"; var tmp="ZZ11-"; for (i=0;i<8;i++) tmp+=x.charAt(Math.ceil(51*Math.random()));tmp;}"): null

2020-05-14 08:13:23 - [TEST_STEP][PASSED] - Address = selenium.getEval("{var x="ABCDEFGHIJKLMNOPQRSTUVWXYZabcdefghijklmnopqrstuvwxyz"; var tmp=""; for (i=0;i<8;i++) tmp+=x.charAt(Math.ceil(51*Math.random()));tmp;}"): null

2020-05-14 08:13:23 - [TEST_STEP][PASSED] - City = selenium.getEval("{var x="ABCDEFGHIJKLMNOPQRSTUVWXYZabcdefghijklmnopqrstuvwxyz"; var tmp=""; for (i=0;i<8;i++) tmp+=x.charAt(Math.ceil(51*Math.random()));tmp;}"): null

2020-05-14 08:13:23 - [TEST_STEP][PASSED] - tel1 = selenium.getEval("{var x="123456789"; var tmp=""; for (i=0;i<3;i++) tmp+=x.charAt(Math.ceil(8*Math.random()));tmp;}"): null

2020-05-14 08:13:23 - [TEST_STEP][PASSED] - tel2 = selenium.getEval("{var x="123456789"; var tmp=""; for (i=0;i<3;i++) tmp+=x.charAt(Math.ceil(8*Math.random()));tmp;}"): null

2020-05-14 08:13:23 - [TEST_STEP][PASSED] - tel3 = selenium.getEval("{var x="123456789"; var tmp=""; for (i=0;i<4;i++) tmp+=x.charAt(Math.ceil(8*Math.random()));tmp;}"): null

2020-05-14 08:13:23 - [TEST_STEP][PASSED] - Tel = selenium.getExpression(tel1 + "-" + tel2 + "-" + tel3): null

2020-05-14 08:13:23 - [TEST_STEP][PASSED] - AutoEmail = selenium.getEval("{var x="ABCDEFGHIJKLMNOPQRSTUVWXYZabcdefghijklmnopqrstuvwxyz"; var tmp="test."; for (i=0;i<8;i++) tmp+=x.charAt(Math.ceil(51*Math.random()));tmp+="@suryani.cn";}"): null

2020-05-14 08:13:24 - [TEST_STEP][PASSED] - FirstName = FirstName: null

2020-05-14 08:13:24 - [TEST_STEP][PASSED] - LastName = LastName: null

2020-05-14 08:13:24 - [TEST_STEP][PASSED] - Address = Address: null

2020-05-14 08:13:24 - [TEST_STEP][PASSED] - City = City: null

2020-05-14 08:13:24 - [TEST_STEP][PASSED] - Tel = Tel: null

2020-05-14 08:13:24 - [TEST_STEP][PASSED] - AutoEmail = AutoEmail: null

2020-05-14 08:13:24 - [TEST_STEP][PASSED] - println(FirstName): null

2020-05-14 08:13:24 - [TEST_STEP][PASSED] - println(LastName): null

2020-05-14 08:13:24 - [TEST_STEP][PASSED] - println(Address): null

2020-05-14 08:13:24 - [TEST_STEP][PASSED] - println(City): null

2020-05-14 08:13:24 - [TEST_STEP][PASSED] - println(Tel): null

2020-05-14 08:13:24 - [TEST_STEP][PASSED] - println(AutoEmail): null

2020-05-14 08:13:24 - [MESSAGE][PASSED] - Call Test Case 'Test Cases/AHI/_include/name' successfully

2020-05-14 08:13:24 - [TEST_STEP][PASSED] - leadform_exist = test.MobileKeywords.isElementPresent_Web(findTestObject("mobileSanity/quote lead form/lead_form"), 20): test.MobileKeywords.isElementPresent_Web is PASSED

2020-05-14 08:13:46 - [MESSAGE][INFO] - Unable to find the element located by 'By.xpath: //*[@id = 'lightboxLeadForm']'. Please recheck the objects properties to make sure the desired element is located. 

2020-05-14 08:13:46 - [MESSAGE][PASSED] - test.MobileKeywords.isElementPresent_Web is PASSED

2020-05-14 08:13:46 - [TEST_STEP][PASSED] - if (leadform_exist): null

2020-05-14 08:13:46 - [MESSAGE][PASSED] - Call Test Case 'Test Cases/AHI/_include/check_quoteleadform' successfully

2020-05-14 08:13:46 - [TEST_STEP][PASSED] - callTestCase(findTestCase("AHI/_include/get_screenshot"), [:], STOP_ON_FAILURE): Call Test Case 'Test Cases/AHI/_include/get_screenshot' successfully

2020-05-14 08:13:46 - [TEST_CASE][PASSED] - Test Cases/AHI/_include/get_screenshot: Test Cases/AHI/_include/get_screenshot

2020-05-14 08:13:46 - [TEST_STEP][PASSED] - Thread.sleep(1000): null

2020-05-14 08:13:47 - [TEST_STEP][PASSED] - takeScreenshot(screenPath + i + ".png"): Taking screenshot successfully

2020-05-14 08:13:47 - [MESSAGE][PASSED] - Taking screenshot successfully
[[ATTACHMENT|D:\\Test\\AgileTest\\Reports\\PrivateLabel\\TriStar\\20200514_080046\\../Screenshots/iPhone 6/TriStar/Vitala Care/20200514_081239/3.png]]

2020-05-14 08:13:47 - [TEST_STEP][PASSED] - (internal.GlobalVariable.i++): null

2020-05-14 08:13:47 - [MESSAGE][PASSED] - Call Test Case 'Test Cases/AHI/_include/get_screenshot' successfully

2020-05-14 08:13:47 - [MESSAGE][PASSED] - Call Test Case 'Test Cases/PL Site/_include/census_hbi' successfully

2020-05-14 08:13:47 - [TEST_STEP][PASSED] - Thread.sleep(5000): null

2020-05-14 08:13:52 - [TEST_STEP][PASSED] - scrollToPosition(200, 2300): Browser is scrolled to position x = 200, y = 2300

2020-05-14 08:13:52 - [MESSAGE][PASSED] - Browser is scrolled to position x = 200, y = 2300

2020-05-14 08:13:52 - [TEST_STEP][PASSED] - click(findTestObject("mobileSanity/HBI/quote/a_Vitala Care")): Object: 'Object Repository/mobileSanity/HBI/quote/a_Vitala Care' is clicked on

2020-05-14 08:13:53 - [MESSAGE][PASSED] - Object: 'Object Repository/mobileSanity/HBI/quote/a_Vitala Care' is clicked on

2020-05-14 08:13:53 - [TEST_STEP][PASSED] - waitForPageLoad(10): Wait for page load successfully

2020-05-14 08:13:53 - [MESSAGE][PASSED] - Wait for page load successfully

2020-05-14 08:13:53 - [TEST_STEP][PASSED] - callTestCase(findTestCase("AHI/_include/get_screenshot"), [:], STOP_ON_FAILURE): Call Test Case 'Test Cases/AHI/_include/get_screenshot' successfully

2020-05-14 08:13:53 - [TEST_CASE][PASSED] - Test Cases/AHI/_include/get_screenshot: Test Cases/AHI/_include/get_screenshot

2020-05-14 08:13:53 - [TEST_STEP][PASSED] - Thread.sleep(1000): null

2020-05-14 08:13:54 - [TEST_STEP][PASSED] - takeScreenshot(screenPath + i + ".png"): Taking screenshot successfully

2020-05-14 08:13:54 - [MESSAGE][PASSED] - Taking screenshot successfully
[[ATTACHMENT|D:\\Test\\AgileTest\\Reports\\PrivateLabel\\TriStar\\20200514_080046\\../Screenshots/iPhone 6/TriStar/Vitala Care/20200514_081239/4.png]]

2020-05-14 08:13:54 - [TEST_STEP][PASSED] - (internal.GlobalVariable.i++): null

2020-05-14 08:13:54 - [MESSAGE][PASSED] - Call Test Case 'Test Cases/AHI/_include/get_screenshot' successfully

2020-05-14 08:13:54 - [TEST_STEP][PASSED] - click(findTestObject("mobileSanity/HBI/detail/a_Apply for This Plan")): Object: 'Object Repository/mobileSanity/HBI/detail/a_Apply for This Plan' is clicked on

2020-05-14 08:13:55 - [MESSAGE][PASSED] - Object: 'Object Repository/mobileSanity/HBI/detail/a_Apply for This Plan' is clicked on

2020-05-14 08:13:55 - [TEST_STEP][PASSED] - waitForPageLoad(10): Wait for page load successfully

2020-05-14 08:13:55 - [MESSAGE][PASSED] - Wait for page load successfully

2020-05-14 08:13:55 - [TEST_STEP][PASSED] - callTestCase(findTestCase("AHI/_include/get_screenshot"), [:], STOP_ON_FAILURE): Call Test Case 'Test Cases/AHI/_include/get_screenshot' successfully

2020-05-14 08:13:55 - [TEST_CASE][PASSED] - Test Cases/AHI/_include/get_screenshot: Test Cases/AHI/_include/get_screenshot

2020-05-14 08:13:55 - [TEST_STEP][PASSED] - Thread.sleep(1000): null

2020-05-14 08:13:56 - [TEST_STEP][PASSED] - takeScreenshot(screenPath + i + ".png"): Taking screenshot successfully

2020-05-14 08:13:57 - [MESSAGE][PASSED] - Taking screenshot successfully
[[ATTACHMENT|D:\\Test\\AgileTest\\Reports\\PrivateLabel\\TriStar\\20200514_080046\\../Screenshots/iPhone 6/TriStar/Vitala Care/20200514_081239/5.png]]

2020-05-14 08:13:57 - [TEST_STEP][PASSED] - (internal.GlobalVariable.i++): null

2020-05-14 08:13:57 - [MESSAGE][PASSED] - Call Test Case 'Test Cases/AHI/_include/get_screenshot' successfully

2020-05-14 08:13:57 - [TEST_STEP][PASSED] - click(findTestObject("mobileSanity/HBI/Page_Apply/span_Start Secure Application")): Object: 'Object Repository/mobileSanity/HBI/Page_Apply/span_Start Secure Application' is clicked on

2020-05-14 08:13:57 - [MESSAGE][PASSED] - Object: 'Object Repository/mobileSanity/HBI/Page_Apply/span_Start Secure Application' is clicked on

2020-05-14 08:13:57 - [TEST_STEP][PASSED] - waitForPageLoad(10): Wait for page load successfully

2020-05-14 08:13:57 - [MESSAGE][PASSED] - Wait for page load successfully

2020-05-14 08:13:57 - [TEST_STEP][PASSED] - callTestCase(findTestCase("AHI/_include/get_screenshot"), [:], STOP_ON_FAILURE): Call Test Case 'Test Cases/AHI/_include/get_screenshot' successfully

2020-05-14 08:13:58 - [TEST_CASE][PASSED] - Test Cases/AHI/_include/get_screenshot: Test Cases/AHI/_include/get_screenshot

2020-05-14 08:13:58 - [TEST_STEP][PASSED] - Thread.sleep(1000): null

2020-05-14 08:13:59 - [TEST_STEP][PASSED] - takeScreenshot(screenPath + i + ".png"): Taking screenshot successfully

2020-05-14 08:13:59 - [MESSAGE][PASSED] - Taking screenshot successfully
[[ATTACHMENT|D:\\Test\\AgileTest\\Reports\\PrivateLabel\\TriStar\\20200514_080046\\../Screenshots/iPhone 6/TriStar/Vitala Care/20200514_081239/6.png]]

2020-05-14 08:13:59 - [TEST_STEP][PASSED] - (internal.GlobalVariable.i++): null

2020-05-14 08:13:59 - [MESSAGE][PASSED] - Call Test Case 'Test Cases/AHI/_include/get_screenshot' successfully

2020-05-14 08:13:59 - [TEST_STEP][PASSED] - callTestCase(findTestCase("AHI/_include/goToEnd_hbi"), ["carrier":"vitalacare", "state":"ca"], CONTINUE_ON_FAILURE): Call Test Case 'Test Cases/AHI/_include/goToEnd_hbi' successfully

2020-05-14 08:13:59 - [TEST_CASE][PASSED] - Test Cases/AHI/_include/goToEnd_hbi: Test Cases/AHI/_include/goToEnd_hbi

2020-05-14 08:13:59 - [TEST_STEP][PASSED] - if (state == "ca"): Call Test Case 'Test Cases/AHI/_include/get_screenshot' successfully

2020-05-14 08:13:59 - [TEST_STEP][PASSED] - Thread.sleep(3000): null

2020-05-14 08:14:02 - [TEST_STEP][PASSED] - click(findTestObject("mobileSanity/HBI/Page_App Page 1/yes_question_1")): Object: 'Object Repository/mobileSanity/HBI/Page_App Page 1/yes_question_1' is clicked on

2020-05-14 08:14:03 - [MESSAGE][PASSED] - Object: 'Object Repository/mobileSanity/HBI/Page_App Page 1/yes_question_1' is clicked on

2020-05-14 08:14:03 - [TEST_STEP][PASSED] - click(findTestObject("mobileSanity/HBI/Page_App Page 1/continue_to_app_info")): Object: 'Object Repository/mobileSanity/HBI/Page_App Page 1/continue_to_app_info' is clicked on

2020-05-14 08:14:03 - [MESSAGE][PASSED] - Object: 'Object Repository/mobileSanity/HBI/Page_App Page 1/continue_to_app_info' is clicked on

2020-05-14 08:14:03 - [TEST_STEP][PASSED] - waitForPageLoad(20): Wait for page load successfully

2020-05-14 08:14:03 - [MESSAGE][PASSED] - Wait for page load successfully

2020-05-14 08:14:03 - [TEST_STEP][PASSED] - Thread.sleep(3000): null

2020-05-14 08:14:06 - [TEST_STEP][PASSED] - callTestCase(findTestCase("AHI/_include/get_screenshot"), [:], STOP_ON_FAILURE): Call Test Case 'Test Cases/AHI/_include/get_screenshot' successfully

2020-05-14 08:14:06 - [TEST_CASE][PASSED] - Test Cases/AHI/_include/get_screenshot: Test Cases/AHI/_include/get_screenshot

2020-05-14 08:14:06 - [TEST_STEP][PASSED] - Thread.sleep(1000): null

2020-05-14 08:14:07 - [TEST_STEP][PASSED] - takeScreenshot(screenPath + i + ".png"): Taking screenshot successfully

2020-05-14 08:14:07 - [MESSAGE][PASSED] - Taking screenshot successfully
[[ATTACHMENT|D:\\Test\\AgileTest\\Reports\\PrivateLabel\\TriStar\\20200514_080046\\../Screenshots/iPhone 6/TriStar/Vitala Care/20200514_081239/7.png]]

2020-05-14 08:14:07 - [TEST_STEP][PASSED] - (internal.GlobalVariable.i++): null

2020-05-14 08:14:07 - [MESSAGE][PASSED] - Call Test Case 'Test Cases/AHI/_include/get_screenshot' successfully

2020-05-14 08:14:07 - [TEST_STEP][PASSED] - callTestCase(findTestCase("AHI/_include/name"), [:], CONTINUE_ON_FAILURE): Call Test Case 'Test Cases/AHI/_include/name' successfully

2020-05-14 08:14:07 - [TEST_CASE][PASSED] - Test Cases/AHI/_include/name: Test Cases/AHI/_include/name

2020-05-14 08:14:07 - [TEST_STEP][PASSED] - driver = getWebDriver(): null

2020-05-14 08:14:07 - [TEST_STEP][PASSED] - selenium = new com.thoughtworks.selenium.webdriven.WebDriverBackedSelenium(driver, internal.GlobalVariable.ENV): null

2020-05-14 08:14:07 - [TEST_STEP][PASSED] - FirstName = "Test-123": null

2020-05-14 08:14:07 - [TEST_STEP][PASSED] - LastName = selenium.getEval("{var x="ABCDEFGHIJKLMNOPQRSTUVWXYZabcdefghijklmnopqrstuvwxyz"; var tmp="ZZ11-"; for (i=0;i<8;i++) tmp+=x.charAt(Math.ceil(51*Math.random()));tmp;}"): null

2020-05-14 08:14:07 - [TEST_STEP][PASSED] - Address = selenium.getEval("{var x="ABCDEFGHIJKLMNOPQRSTUVWXYZabcdefghijklmnopqrstuvwxyz"; var tmp=""; for (i=0;i<8;i++) tmp+=x.charAt(Math.ceil(51*Math.random()));tmp;}"): null

2020-05-14 08:14:07 - [TEST_STEP][PASSED] - City = selenium.getEval("{var x="ABCDEFGHIJKLMNOPQRSTUVWXYZabcdefghijklmnopqrstuvwxyz"; var tmp=""; for (i=0;i<8;i++) tmp+=x.charAt(Math.ceil(51*Math.random()));tmp;}"): null

2020-05-14 08:14:07 - [TEST_STEP][PASSED] - tel1 = selenium.getEval("{var x="123456789"; var tmp=""; for (i=0;i<3;i++) tmp+=x.charAt(Math.ceil(8*Math.random()));tmp;}"): null

2020-05-14 08:14:07 - [TEST_STEP][PASSED] - tel2 = selenium.getEval("{var x="123456789"; var tmp=""; for (i=0;i<3;i++) tmp+=x.charAt(Math.ceil(8*Math.random()));tmp;}"): null

2020-05-14 08:14:07 - [TEST_STEP][PASSED] - tel3 = selenium.getEval("{var x="123456789"; var tmp=""; for (i=0;i<4;i++) tmp+=x.charAt(Math.ceil(8*Math.random()));tmp;}"): null

2020-05-14 08:14:07 - [TEST_STEP][PASSED] - Tel = selenium.getExpression(tel1 + "-" + tel2 + "-" + tel3): null

2020-05-14 08:14:07 - [TEST_STEP][PASSED] - AutoEmail = selenium.getEval("{var x="ABCDEFGHIJKLMNOPQRSTUVWXYZabcdefghijklmnopqrstuvwxyz"; var tmp="test."; for (i=0;i<8;i++) tmp+=x.charAt(Math.ceil(51*Math.random()));tmp+="@suryani.cn";}"): null

2020-05-14 08:14:08 - [TEST_STEP][PASSED] - FirstName = FirstName: null

2020-05-14 08:14:08 - [TEST_STEP][PASSED] - LastName = LastName: null

2020-05-14 08:14:08 - [TEST_STEP][PASSED] - Address = Address: null

2020-05-14 08:14:08 - [TEST_STEP][PASSED] - City = City: null

2020-05-14 08:14:08 - [TEST_STEP][PASSED] - Tel = Tel: null

2020-05-14 08:14:08 - [TEST_STEP][PASSED] - AutoEmail = AutoEmail: null

2020-05-14 08:14:08 - [TEST_STEP][PASSED] - println(FirstName): null

2020-05-14 08:14:08 - [TEST_STEP][PASSED] - println(LastName): null

2020-05-14 08:14:08 - [TEST_STEP][PASSED] - println(Address): null

2020-05-14 08:14:08 - [TEST_STEP][PASSED] - println(City): null

2020-05-14 08:14:08 - [TEST_STEP][PASSED] - println(Tel): null

2020-05-14 08:14:08 - [TEST_STEP][PASSED] - println(AutoEmail): null

2020-05-14 08:14:08 - [MESSAGE][PASSED] - Call Test Case 'Test Cases/AHI/_include/name' successfully

2020-05-14 08:14:08 - [TEST_STEP][PASSED] - setText(findTestObject("mobileSanity/HBI/Page_App Page 1/input__member-P-1-firstName"), FirstName): Text 'Test-123' is set on object 'Object Repository/mobileSanity/HBI/Page_App Page 1/input__member-P-1-firstName'

2020-05-14 08:14:08 - [MESSAGE][PASSED] - Text 'Test-123' is set on object 'Object Repository/mobileSanity/HBI/Page_App Page 1/input__member-P-1-firstName'

2020-05-14 08:14:08 - [TEST_STEP][PASSED] - setText(findTestObject("mobileSanity/HBI/Page_App Page 1/input__member-P-1-lastName"), LastName): Text 'ZZ11-bKTIrNHF' is set on object 'Object Repository/mobileSanity/HBI/Page_App Page 1/input__member-P-1-lastName'

2020-05-14 08:14:08 - [MESSAGE][PASSED] - Text 'ZZ11-bKTIrNHF' is set on object 'Object Repository/mobileSanity/HBI/Page_App Page 1/input__member-P-1-lastName'

2020-05-14 08:14:08 - [TEST_STEP][PASSED] - if (carrier == "agileone" || carrier == "agilesecure"): null

2020-05-14 08:14:08 - [TEST_STEP][PASSED] - setText(findTestObject("mobileSanity/HBI/Page_App Page 1/input__address"), Address): Text 'MrepNURO' is set on object 'Object Repository/mobileSanity/HBI/Page_App Page 1/input__address'

2020-05-14 08:14:08 - [MESSAGE][PASSED] - Text 'MrepNURO' is set on object 'Object Repository/mobileSanity/HBI/Page_App Page 1/input__address'

2020-05-14 08:14:08 - [TEST_STEP][PASSED] - setText(findTestObject("mobileSanity/HBI/Page_App Page 1/input__city"), City): Text 'gMUyTrHw' is set on object 'Object Repository/mobileSanity/HBI/Page_App Page 1/input__city'

2020-05-14 08:14:09 - [MESSAGE][PASSED] - Text 'gMUyTrHw' is set on object 'Object Repository/mobileSanity/HBI/Page_App Page 1/input__city'

2020-05-14 08:14:09 - [TEST_STEP][PASSED] - setText(findTestObject("mobileSanity/HBI/Page_App Page 1/input__email"), AutoEmail): Text 'test.EYYghmmN@suryani.cn' is set on object 'Object Repository/mobileSanity/HBI/Page_App Page 1/input__email'

2020-05-14 08:14:09 - [MESSAGE][PASSED] - Text 'test.EYYghmmN@suryani.cn' is set on object 'Object Repository/mobileSanity/HBI/Page_App Page 1/input__email'

2020-05-14 08:14:09 - [TEST_STEP][PASSED] - setText(findTestObject("mobileSanity/HBI/Page_App Page 1/input_tel"), Tel): Text '843-787-7758' is set on object 'Object Repository/mobileSanity/HBI/Page_App Page 1/input_tel'

2020-05-14 08:14:10 - [MESSAGE][PASSED] - Text '843-787-7758' is set on object 'Object Repository/mobileSanity/HBI/Page_App Page 1/input_tel'

2020-05-14 08:14:10 - [TEST_STEP][PASSED] - Thread.sleep(5000): null

2020-05-14 08:14:15 - [TEST_STEP][PASSED] - click(findTestObject("mobileSanity/HBI/Page_App Page 1/a_Continue to Step 2 - Payment")): Object: 'Object Repository/mobileSanity/HBI/Page_App Page 1/a_Continue to Step 2 - Payment' is clicked on

2020-05-14 08:14:15 - [MESSAGE][PASSED] - Object: 'Object Repository/mobileSanity/HBI/Page_App Page 1/a_Continue to Step 2 - Payment' is clicked on

2020-05-14 08:14:15 - [TEST_STEP][PASSED] - waitForPageLoad(20): Wait for page load successfully

2020-05-14 08:14:15 - [MESSAGE][PASSED] - Wait for page load successfully

2020-05-14 08:14:15 - [TEST_STEP][PASSED] - Thread.sleep(2000): null

2020-05-14 08:14:18 - [TEST_STEP][PASSED] - waitForElementVisible(findTestObject("mobileSanity/HBI/Page_App Page 2/input__credit-card-first"), 20): Object 'Object Repository/mobileSanity/HBI/Page_App Page 2/input__credit-card-first' is visible

2020-05-14 08:14:18 - [MESSAGE][PASSED] - Object 'Object Repository/mobileSanity/HBI/Page_App Page 2/input__credit-card-first' is visible

2020-05-14 08:14:18 - [TEST_STEP][PASSED] - callTestCase(findTestCase("AHI/_include/get_screenshot"), [:], STOP_ON_FAILURE): Call Test Case 'Test Cases/AHI/_include/get_screenshot' successfully

2020-05-14 08:14:18 - [TEST_CASE][PASSED] - Test Cases/AHI/_include/get_screenshot: Test Cases/AHI/_include/get_screenshot

2020-05-14 08:14:18 - [TEST_STEP][PASSED] - Thread.sleep(1000): null

2020-05-14 08:14:19 - [TEST_STEP][PASSED] - takeScreenshot(screenPath + i + ".png"): Taking screenshot successfully

2020-05-14 08:14:19 - [MESSAGE][PASSED] - Taking screenshot successfully
[[ATTACHMENT|D:\\Test\\AgileTest\\Reports\\PrivateLabel\\TriStar\\20200514_080046\\../Screenshots/iPhone 6/TriStar/Vitala Care/20200514_081239/8.png]]

2020-05-14 08:14:19 - [TEST_STEP][PASSED] - (internal.GlobalVariable.i++): null

2020-05-14 08:14:19 - [MESSAGE][PASSED] - Call Test Case 'Test Cases/AHI/_include/get_screenshot' successfully

2020-05-14 08:14:19 - [TEST_STEP][PASSED] - setText(findTestObject("mobileSanity/HBI/Page_App Page 2/input__credit-card-first"), FirstName): Text 'Test-123' is set on object 'Object Repository/mobileSanity/HBI/Page_App Page 2/input__credit-card-first'

2020-05-14 08:14:20 - [MESSAGE][PASSED] - Text 'Test-123' is set on object 'Object Repository/mobileSanity/HBI/Page_App Page 2/input__credit-card-first'

2020-05-14 08:14:20 - [TEST_STEP][PASSED] - setText(findTestObject("mobileSanity/HBI/Page_App Page 2/input__credit-card-last"), LastName): Text 'ZZ11-bKTIrNHF' is set on object 'Object Repository/mobileSanity/HBI/Page_App Page 2/input__credit-card-last'

2020-05-14 08:14:22 - [MESSAGE][PASSED] - Text 'ZZ11-bKTIrNHF' is set on object 'Object Repository/mobileSanity/HBI/Page_App Page 2/input__credit-card-last'

2020-05-14 08:14:22 - [TEST_STEP][PASSED] - selectOptionByValue(findTestObject("mobileSanity/HBI/Page_App Page 2/select_MM010203040506070809101"), "12", true): All options with value '12' are selected in object 'Object Repository/mobileSanity/HBI/Page_App Page 2/select_MM010203040506070809101'  using regular expression

2020-05-14 08:14:24 - [MESSAGE][PASSED] - All options with value '12' are selected in object 'Object Repository/mobileSanity/HBI/Page_App Page 2/select_MM010203040506070809101'  using regular expression

2020-05-14 08:14:24 - [TEST_STEP][PASSED] - selectOptionByValue(findTestObject("mobileSanity/HBI/Page_App Page 2/select_YYYY2019202020212022202"), "2026", true): All options with value '2026' are selected in object 'Object Repository/mobileSanity/HBI/Page_App Page 2/select_YYYY2019202020212022202'  using regular expression

2020-05-14 08:14:25 - [MESSAGE][PASSED] - All options with value '2026' are selected in object 'Object Repository/mobileSanity/HBI/Page_App Page 2/select_YYYY2019202020212022202'  using regular expression

2020-05-14 08:14:25 - [TEST_STEP][PASSED] - setText(findTestObject("mobileSanity/HBI/Page_App Page 2/input__credit-card-number"), "4111111111111111"): Text '4111111111111111' is set on object 'Object Repository/mobileSanity/HBI/Page_App Page 2/input__credit-card-number'

2020-05-14 08:14:25 - [MESSAGE][PASSED] - Text '4111111111111111' is set on object 'Object Repository/mobileSanity/HBI/Page_App Page 2/input__credit-card-number'

2020-05-14 08:14:25 - [TEST_STEP][PASSED] - setText(findTestObject("mobileSanity/HBI/Page_App Page 2/input__cvv"), "123"): Text '123' is set on object 'Object Repository/mobileSanity/HBI/Page_App Page 2/input__cvv'

2020-05-14 08:14:26 - [MESSAGE][PASSED] - Text '123' is set on object 'Object Repository/mobileSanity/HBI/Page_App Page 2/input__cvv'

2020-05-14 08:14:26 - [TEST_STEP][PASSED] - click(findTestObject("mobileSanity/HBI/Page_App Page 2/label_My billing address is th")): Object: 'Object Repository/mobileSanity/HBI/Page_App Page 2/label_My billing address is th' is clicked on

2020-05-14 08:14:26 - [MESSAGE][PASSED] - Object: 'Object Repository/mobileSanity/HBI/Page_App Page 2/label_My billing address is th' is clicked on

2020-05-14 08:14:26 - [TEST_STEP][PASSED] - click(findTestObject("mobileSanity/HBI/Page_App Page 2/label_I Accept Authorization f")): Object: 'Object Repository/mobileSanity/HBI/Page_App Page 2/label_I Accept Authorization f' is clicked on

2020-05-14 08:14:26 - [MESSAGE][PASSED] - Object: 'Object Repository/mobileSanity/HBI/Page_App Page 2/label_I Accept Authorization f' is clicked on

2020-05-14 08:14:26 - [TEST_STEP][PASSED] - click(findTestObject("mobileSanity/HBI/Page_App Page 2/a_Continue to Step 3 - Review")): Object: 'Object Repository/mobileSanity/HBI/Page_App Page 2/a_Continue to Step 3 - Review' is clicked on

2020-05-14 08:14:26 - [MESSAGE][PASSED] - Object: 'Object Repository/mobileSanity/HBI/Page_App Page 2/a_Continue to Step 3 - Review' is clicked on

2020-05-14 08:14:26 - [TEST_STEP][PASSED] - waitForPageLoad(20): Wait for page load successfully

2020-05-14 08:14:26 - [MESSAGE][PASSED] - Wait for page load successfully

2020-05-14 08:14:26 - [TEST_STEP][PASSED] - Thread.sleep(10000): null

2020-05-14 08:14:37 - [TEST_STEP][PASSED] - waitForElementPresent(findTestObject("mobileSanity/HBI/Page_App Page 3/label"), 20): Object 'Object Repository/mobileSanity/HBI/Page_App Page 3/label' is present

2020-05-14 08:14:37 - [MESSAGE][PASSED] - Object 'Object Repository/mobileSanity/HBI/Page_App Page 3/label' is present

2020-05-14 08:14:37 - [TEST_STEP][PASSED] - callTestCase(findTestCase("AHI/_include/get_screenshot"), [:], STOP_ON_FAILURE): Call Test Case 'Test Cases/AHI/_include/get_screenshot' successfully

2020-05-14 08:14:37 - [TEST_CASE][PASSED] - Test Cases/AHI/_include/get_screenshot: Test Cases/AHI/_include/get_screenshot

2020-05-14 08:14:37 - [TEST_STEP][PASSED] - Thread.sleep(1000): null

2020-05-14 08:14:38 - [TEST_STEP][PASSED] - takeScreenshot(screenPath + i + ".png"): Taking screenshot successfully

2020-05-14 08:14:39 - [MESSAGE][PASSED] - Taking screenshot successfully
[[ATTACHMENT|D:\\Test\\AgileTest\\Reports\\PrivateLabel\\TriStar\\20200514_080046\\../Screenshots/iPhone 6/TriStar/Vitala Care/20200514_081239/9.png]]

2020-05-14 08:14:39 - [TEST_STEP][PASSED] - (internal.GlobalVariable.i++): null

2020-05-14 08:14:39 - [MESSAGE][PASSED] - Call Test Case 'Test Cases/AHI/_include/get_screenshot' successfully

2020-05-14 08:14:39 - [TEST_STEP][PASSED] - click(findTestObject("mobileSanity/HBI/Page_App Page 3/label")): Object: 'Object Repository/mobileSanity/HBI/Page_App Page 3/label' is clicked on

2020-05-14 08:14:39 - [MESSAGE][PASSED] - Object: 'Object Repository/mobileSanity/HBI/Page_App Page 3/label' is clicked on

2020-05-14 08:14:39 - [TEST_STEP][PASSED] - click(findTestObject("mobileSanity/HBI/Page_App Page 3/p_CLICK TO SIGN")): Object: 'Object Repository/mobileSanity/HBI/Page_App Page 3/p_CLICK TO SIGN' is clicked on

2020-05-14 08:14:39 - [MESSAGE][PASSED] - Object: 'Object Repository/mobileSanity/HBI/Page_App Page 3/p_CLICK TO SIGN' is clicked on

2020-05-14 08:14:39 - [TEST_STEP][PASSED] - click(findTestObject("mobileSanity/HBI/Page_App Page 3/a_Submit Your Application")): Object: 'Object Repository/mobileSanity/HBI/Page_App Page 3/a_Submit Your Application' is clicked on

2020-05-14 08:14:39 - [MESSAGE][PASSED] - Object: 'Object Repository/mobileSanity/HBI/Page_App Page 3/a_Submit Your Application' is clicked on

2020-05-14 08:14:39 - [TEST_STEP][PASSED] - waitForElementPresent(findTestObject("mobileSanity/Common/app-confirmation"), 20): Object 'Object Repository/mobileSanity/Common/app-confirmation' is present

2020-05-14 08:14:41 - [MESSAGE][PASSED] - Object 'Object Repository/mobileSanity/Common/app-confirmation' is present

2020-05-14 08:14:41 - [TEST_STEP][PASSED] - callTestCase(findTestCase("AHI/_include/get_screenshot"), [:], STOP_ON_FAILURE): Call Test Case 'Test Cases/AHI/_include/get_screenshot' successfully

2020-05-14 08:14:41 - [TEST_CASE][PASSED] - Test Cases/AHI/_include/get_screenshot: Test Cases/AHI/_include/get_screenshot

2020-05-14 08:14:41 - [TEST_STEP][PASSED] - Thread.sleep(1000): null

2020-05-14 08:14:42 - [TEST_STEP][PASSED] - takeScreenshot(screenPath + i + ".png"): Taking screenshot successfully

2020-05-14 08:14:43 - [MESSAGE][PASSED] - Taking screenshot successfully
[[ATTACHMENT|D:\\Test\\AgileTest\\Reports\\PrivateLabel\\TriStar\\20200514_080046\\../Screenshots/iPhone 6/TriStar/Vitala Care/20200514_081239/10.png]]

2020-05-14 08:14:43 - [TEST_STEP][PASSED] - (internal.GlobalVariable.i++): null

2020-05-14 08:14:43 - [MESSAGE][PASSED] - Call Test Case 'Test Cases/AHI/_include/get_screenshot' successfully

2020-05-14 08:14:43 - [MESSAGE][PASSED] - Call Test Case 'Test Cases/AHI/_include/goToEnd_hbi' successfully]]></system-out>
         <system-err><![CDATA[]]></system-err>
      </testcase>
      <system-out><![CDATA[2020-05-14 08:12:36 - [TEST_SUITE][PASSED] - TriStar: Test Cases/PL Site/TriStar/hbi/Vitala Care]]></system-out>
      <system-err><![CDATA[]]></system-err>
   </testsuite>
</testsuites>
