<?xml version="1.0" encoding="UTF-8"?>
<testsuites name="HP" time="197" tests="8" failures="0" errors="0">
   <testsuite name="HP" tests="8" failures="0" errors="0" time="197" timestamp="2020-03-10 05:28:01" hostname="Administrator - 172.30.0.53" id="Test Suites/HP/HP">
      <properties>
         <property name="deviceName" value=""/>
         <property name="devicePlatform" value=""/>
         <property name="logFolder" value="D:\\Test\\AgileTest\\Reports\\HP\\HP\\20200310_052753"/>
         <property name="logFiles" value="D:\\Test\\AgileTest\\Reports\\HP\\HP\\20200310_052753\\execution0.log"/>
         <property name="attachments" value="D:\\Test\\AgileTest\\Reports\\HP\\HP\\20200310_052753\\../Screenshots/iPhone 6/HP/ACA/20200310_052809/0.png, D:\\Test\\AgileTest\\Reports\\HP\\HP\\20200310_052753\\../Screenshots/iPhone 6/HP/ACA/20200310_052809/1.png, D:\\Test\\AgileTest\\Reports\\HP\\HP\\20200310_052753\\../Screenshots/iPhone 6/HP/ACA/20200310_052809/2.png, D:\\Test\\AgileTest\\Reports\\HP\\HP\\20200310_052753\\../Screenshots/iPhone 6/HP/ACA/20200310_052809/3.png, D:\\Test\\AgileTest\\Reports\\HP\\HP\\20200310_052753\\../Screenshots/iPhone 6/HP/ACA/20200310_052809/4.png, D:\\Test\\AgileTest\\Reports\\HP\\HP\\20200310_052753\\../Screenshots/iPhone 6/HP/Dental/20200310_052853/0.png, D:\\Test\\AgileTest\\Reports\\HP\\HP\\20200310_052753\\../Screenshots/iPhone 6/HP/Dental/20200310_052853/1.png, D:\\Test\\AgileTest\\Reports\\HP\\HP\\20200310_052753\\../Screenshots/iPhone 6/HP/Dental/20200310_052853/2.png, D:\\Test\\AgileTest\\Reports\\HP\\HP\\20200310_052753\\../Screenshots/iPhone 6/HP/Dental/20200310_052853/3.png, D:\\Test\\AgileTest\\Reports\\HP\\HP\\20200310_052753\\../Screenshots/iPhone 6/HP/Medicaid Public/20200310_052926/0.png, D:\\Test\\AgileTest\\Reports\\HP\\HP\\20200310_052753\\../Screenshots/iPhone 6/HP/Medicaid Public/20200310_052926/1.png, D:\\Test\\AgileTest\\Reports\\HP\\HP\\20200310_052753\\../Screenshots/iPhone 6/HP/Medicaid Public/20200310_052926/2.png, D:\\Test\\AgileTest\\Reports\\HP\\HP\\20200310_052753\\../Screenshots/iPhone 6/HP/Medicare/20200310_052948/0.png, D:\\Test\\AgileTest\\Reports\\HP\\HP\\20200310_052753\\../Screenshots/iPhone 6/HP/Medicare/20200310_052948/1.png, D:\\Test\\AgileTest\\Reports\\HP\\HP\\20200310_052753\\../Screenshots/iPhone 6/HP/Medicare/20200310_052948/2.png, D:\\Test\\AgileTest\\Reports\\HP\\HP\\20200310_052753\\../Screenshots/iPhone 6/HP/Medigap/20200310_053005/0.png, D:\\Test\\AgileTest\\Reports\\HP\\HP\\20200310_052753\\../Screenshots/iPhone 6/HP/Medigap/20200310_053005/1.png, D:\\Test\\AgileTest\\Reports\\HP\\HP\\20200310_052753\\../Screenshots/iPhone 6/HP/Medigap/20200310_053005/2.png, D:\\Test\\AgileTest\\Reports\\HP\\HP\\20200310_052753\\../Screenshots/iPhone 6/HP/Small Business/20200310_053022/0.png, D:\\Test\\AgileTest\\Reports\\HP\\HP\\20200310_052753\\../Screenshots/iPhone 6/HP/Small Business/20200310_053022/1.png, D:\\Test\\AgileTest\\Reports\\HP\\HP\\20200310_052753\\../Screenshots/iPhone 6/HP/Small Business/20200310_053022/2.png, D:\\Test\\AgileTest\\Reports\\HP\\HP\\20200310_052753\\../Screenshots/iPhone 6/HP/STM/20200310_053046/0.png, D:\\Test\\AgileTest\\Reports\\HP\\HP\\20200310_052753\\../Screenshots/iPhone 6/HP/STM/20200310_053046/1.png, D:\\Test\\AgileTest\\Reports\\HP\\HP\\20200310_052753\\../Screenshots/iPhone 6/HP/Home/20200310_053109/0.png"/>
         <property name="hostName" value="Administrator - 172.30.0.53"/>
         <property name="os" value="Windows Server 2012 R2 64bit"/>
         <property name="katalonVersion" value="5.10.1.1"/>
         <property name="browser" value="Safari 11"/>
         <property name="hostAddress" value="172.30.0.53"/>
         <property name="sessionId" value="13d5a45572e12f00dd6593085dd6cdb3"/>
         <property name="seleniumVersion" value="3.7.1"/>
         <property name="proxyInformation" value="ProxyInformation{proxyOption=NO_PROXY, proxyServerType=HTTP, password=, proxyServerAddress=, proxyServerPort=0}"/>
         <property name="platform" value="Windows Server 2012 R2"/>
      </properties>
      <testcase name="Test Cases/HP/Health Plans/ACA" classname="Test Cases/HP/Health Plans/ACA" status="PASSED">
         <system-out><![CDATA[2020-03-10 05:28:02 - [TEST_CASE][PASSED] - Test Cases/HP/Health Plans/ACA: Test Cases/HP/Health Plans/ACA

2020-03-10 05:28:05 - [TEST_STEP][PASSED] - now = new java.util.Date(): null

2020-03-10 05:28:06 - [TEST_STEP][PASSED] - mydate = now.format("yyyyMMdd_HHmmss"): null

2020-03-10 05:28:06 - [TEST_STEP][PASSED] - i = 0: null

2020-03-10 05:28:07 - [TEST_STEP][PASSED] - callTestCase(findTestCase("AHI/_include/get_screenPath"), ["productLine":"HP", "carrierName":"ACA"], CONTINUE_ON_FAILURE): Call Test Case 'Test Cases/AHI/_include/get_screenPath' successfully

2020-03-10 05:28:08 - [TEST_CASE][PASSED] - Test Cases/AHI/_include/get_screenPath: Test Cases/AHI/_include/get_screenPath

2020-03-10 05:28:09 - [TEST_STEP][PASSED] - m = getExecutionProperties(): null

2020-03-10 05:28:09 - [TEST_STEP][PASSED] - deviceName = get("mobileEmulation").get("deviceName"): null

2020-03-10 05:28:09 - [TEST_STEP][PASSED] - println(deviceName): null

2020-03-10 05:28:09 - [TEST_STEP][PASSED] - now = new java.util.Date(): null

2020-03-10 05:28:09 - [TEST_STEP][PASSED] - mydate = now.format("yyyyMMdd_HHmmss"): null

2020-03-10 05:28:09 - [TEST_STEP][PASSED] - screenPath = "../Screenshots/": null

2020-03-10 05:28:09 - [TEST_STEP][PASSED] - screenPath = screenPath + deviceName + "/" + productLine + "/" + carrierName + "/" + mydate + "/": null

2020-03-10 05:28:09 - [TEST_STEP][PASSED] - println(screenPath): null

2020-03-10 05:28:09 - [MESSAGE][PASSED] - Call Test Case 'Test Cases/AHI/_include/get_screenPath' successfully

2020-03-10 05:28:09 - [TEST_STEP][PASSED] - second = <not implemented yet for class: org.codehaus.groovy.ast.expr.EmptyExpression>: null

2020-03-10 05:28:09 - [TEST_STEP][PASSED] - openBrowser(env + "/individual-health-insurance"): Browser is opened with url: 'http://pengujian.healthpocket.com/individual-health-insurance'

2020-03-10 05:28:10 - [MESSAGE][INFO] - Starting 'Chrome' driver

2020-03-10 05:28:10 - [MESSAGE][INFO] - User set preference: ['mobileEmulation', '{deviceName=iPhone 6}']

2020-03-10 05:28:10 - [MESSAGE][INFO] - User set preference: ['args', '[--incognito, --aggressive-cache-discard, --window-size=375,677, --no-sandbox, --ignore-certificate-errors]']

2020-03-10 05:28:10 - [MESSAGE][INFO] - Action delay is set to 0 seconds

2020-03-10 05:28:22 - [MESSAGE][PASSED] - Browser is opened with url: 'http://pengujian.healthpocket.com/individual-health-insurance'

2020-03-10 05:28:22 - [TEST_STEP][PASSED] - Thread.sleep(3000): null

2020-03-10 05:28:25 - [TEST_STEP][PASSED] - callTestCase(findTestCase("AHI/_include/get_screenshot"), [:], STOP_ON_FAILURE): Call Test Case 'Test Cases/AHI/_include/get_screenshot' successfully

2020-03-10 05:28:25 - [TEST_CASE][PASSED] - Test Cases/AHI/_include/get_screenshot: Test Cases/AHI/_include/get_screenshot

2020-03-10 05:28:25 - [TEST_STEP][PASSED] - Thread.sleep(1000): null

2020-03-10 05:28:27 - [TEST_STEP][PASSED] - takeScreenshot(screenPath + i + ".png"): Taking screenshot successfully

2020-03-10 05:28:27 - [MESSAGE][PASSED] - Taking screenshot successfully
[[ATTACHMENT|D:\\Test\\AgileTest\\Reports\\HP\\HP\\20200310_052753\\../Screenshots/iPhone 6/HP/ACA/20200310_052809/0.png]]

2020-03-10 05:28:27 - [TEST_STEP][PASSED] - (internal.GlobalVariable.i++): null

2020-03-10 05:28:27 - [MESSAGE][PASSED] - Call Test Case 'Test Cases/AHI/_include/get_screenshot' successfully

2020-03-10 05:28:27 - [TEST_STEP][PASSED] - driver = getWebDriver(): null

2020-03-10 05:28:27 - [TEST_STEP][PASSED] - baseUrl = env: null

2020-03-10 05:28:27 - [TEST_STEP][PASSED] - selenium = new com.thoughtworks.selenium.webdriven.WebDriverBackedSelenium(driver, baseUrl): null

2020-03-10 05:28:27 - [TEST_STEP][PASSED] - for ([second = 0, second < 10, (second++)]): null

2020-03-10 05:28:27 - [TEST_STEP][PASSED] - try: null

2020-03-10 05:28:27 - [TEST_STEP][PASSED] - if (selenium.isElementPresent("//a[contains(text(),'No Thanks. I want to see ACA plans.')]")): null

2020-03-10 05:28:28 - [TEST_STEP][PASSED] - selenium.click("//a[contains(text(),'No Thanks. I want to see ACA plans.')]"): null

2020-03-10 05:28:28 - [TEST_STEP][PASSED] - break: null

2020-03-10 05:28:28 - [TEST_STEP][PASSED] - for ([second = 0, second < 10, (second++)]): null

2020-03-10 05:28:28 - [TEST_STEP][PASSED] - try: null

2020-03-10 05:28:28 - [TEST_STEP][PASSED] - if (selenium.isElementPresent("id=location")): null

2020-03-10 05:28:28 - [TEST_STEP][PASSED] - break: null

2020-03-10 05:28:28 - [TEST_STEP][PASSED] - callTestCase(findTestCase("AHI/_include/get_screenshot"), [:], STOP_ON_FAILURE): Call Test Case 'Test Cases/AHI/_include/get_screenshot' successfully

2020-03-10 05:28:28 - [TEST_CASE][PASSED] - Test Cases/AHI/_include/get_screenshot: Test Cases/AHI/_include/get_screenshot

2020-03-10 05:28:28 - [TEST_STEP][PASSED] - Thread.sleep(1000): null

2020-03-10 05:28:29 - [TEST_STEP][PASSED] - takeScreenshot(screenPath + i + ".png"): Taking screenshot successfully

2020-03-10 05:28:30 - [MESSAGE][PASSED] - Taking screenshot successfully
[[ATTACHMENT|D:\\Test\\AgileTest\\Reports\\HP\\HP\\20200310_052753\\../Screenshots/iPhone 6/HP/ACA/20200310_052809/1.png]]

2020-03-10 05:28:30 - [TEST_STEP][PASSED] - (internal.GlobalVariable.i++): null

2020-03-10 05:28:30 - [MESSAGE][PASSED] - Call Test Case 'Test Cases/AHI/_include/get_screenshot' successfully

2020-03-10 05:28:30 - [TEST_STEP][PASSED] - selenium.type("id=location", "32209"): null

2020-03-10 05:28:30 - [TEST_STEP][PASSED] - selenium.click("id=findPlans"): null

2020-03-10 05:28:31 - [TEST_STEP][PASSED] - for ([second = 0, second < 10, (second++)]): null

2020-03-10 05:28:31 - [TEST_STEP][PASSED] - try: null

2020-03-10 05:28:31 - [TEST_STEP][PASSED] - if (selenium.isElementPresent("//a[contains(text(),'Select')]")): null

2020-03-10 05:28:35 - [TEST_STEP][PASSED] - break: null

2020-03-10 05:28:35 - [TEST_STEP][PASSED] - callTestCase(findTestCase("AHI/_include/get_screenshot"), [:], STOP_ON_FAILURE): Call Test Case 'Test Cases/AHI/_include/get_screenshot' successfully

2020-03-10 05:28:35 - [TEST_CASE][PASSED] - Test Cases/AHI/_include/get_screenshot: Test Cases/AHI/_include/get_screenshot

2020-03-10 05:28:35 - [TEST_STEP][PASSED] - Thread.sleep(1000): null

2020-03-10 05:28:36 - [TEST_STEP][PASSED] - takeScreenshot(screenPath + i + ".png"): Taking screenshot successfully

2020-03-10 05:28:37 - [MESSAGE][PASSED] - Taking screenshot successfully
[[ATTACHMENT|D:\\Test\\AgileTest\\Reports\\HP\\HP\\20200310_052753\\../Screenshots/iPhone 6/HP/ACA/20200310_052809/2.png]]

2020-03-10 05:28:37 - [TEST_STEP][PASSED] - (internal.GlobalVariable.i++): null

2020-03-10 05:28:37 - [MESSAGE][PASSED] - Call Test Case 'Test Cases/AHI/_include/get_screenshot' successfully

2020-03-10 05:28:37 - [TEST_STEP][PASSED] - Thread.sleep(3000): null

2020-03-10 05:28:40 - [TEST_STEP][PASSED] - selenium.click("//a[contains(text(),'Select')]"): null

2020-03-10 05:28:41 - [TEST_STEP][PASSED] - for ([second = 0, second < 10, (second++)]): null

2020-03-10 05:28:41 - [TEST_STEP][PASSED] - try: null

2020-03-10 05:28:41 - [TEST_STEP][PASSED] - if (selenium.isElementPresent("xpath=(//a[contains(text(),'Apply Now')])")): null

2020-03-10 05:28:43 - [TEST_STEP][PASSED] - break: null

2020-03-10 05:28:43 - [TEST_STEP][PASSED] - callTestCase(findTestCase("AHI/_include/get_screenshot"), [:], STOP_ON_FAILURE): Call Test Case 'Test Cases/AHI/_include/get_screenshot' successfully

2020-03-10 05:28:43 - [TEST_CASE][PASSED] - Test Cases/AHI/_include/get_screenshot: Test Cases/AHI/_include/get_screenshot

2020-03-10 05:28:43 - [TEST_STEP][PASSED] - Thread.sleep(1000): null

2020-03-10 05:28:44 - [TEST_STEP][PASSED] - takeScreenshot(screenPath + i + ".png"): Taking screenshot successfully

2020-03-10 05:28:45 - [MESSAGE][PASSED] - Taking screenshot successfully
[[ATTACHMENT|D:\\Test\\AgileTest\\Reports\\HP\\HP\\20200310_052753\\../Screenshots/iPhone 6/HP/ACA/20200310_052809/3.png]]

2020-03-10 05:28:45 - [TEST_STEP][PASSED] - (internal.GlobalVariable.i++): null

2020-03-10 05:28:45 - [MESSAGE][PASSED] - Call Test Case 'Test Cases/AHI/_include/get_screenshot' successfully

2020-03-10 05:28:45 - [TEST_STEP][PASSED] - selenium.click("xpath=(//a[contains(text(),'Apply Now')])"): null

2020-03-10 05:28:51 - [TEST_STEP][PASSED] - for ([second = 0, second < 10, (second++)]): null

2020-03-10 05:28:51 - [TEST_STEP][PASSED] - try: null

2020-03-10 05:28:51 - [TEST_STEP][PASSED] - if (selenium.isElementPresent("id=applyBody")): null

2020-03-10 05:28:51 - [TEST_STEP][PASSED] - break: null

2020-03-10 05:28:51 - [TEST_STEP][PASSED] - callTestCase(findTestCase("AHI/_include/get_screenshot"), [:], STOP_ON_FAILURE): Call Test Case 'Test Cases/AHI/_include/get_screenshot' successfully

2020-03-10 05:28:51 - [TEST_CASE][PASSED] - Test Cases/AHI/_include/get_screenshot: Test Cases/AHI/_include/get_screenshot

2020-03-10 05:28:51 - [TEST_STEP][PASSED] - Thread.sleep(1000): null

2020-03-10 05:28:52 - [TEST_STEP][PASSED] - takeScreenshot(screenPath + i + ".png"): Taking screenshot successfully

2020-03-10 05:28:53 - [MESSAGE][PASSED] - Taking screenshot successfully
[[ATTACHMENT|D:\\Test\\AgileTest\\Reports\\HP\\HP\\20200310_052753\\../Screenshots/iPhone 6/HP/ACA/20200310_052809/4.png]]

2020-03-10 05:28:53 - [TEST_STEP][PASSED] - (internal.GlobalVariable.i++): null

2020-03-10 05:28:53 - [MESSAGE][PASSED] - Call Test Case 'Test Cases/AHI/_include/get_screenshot' successfully]]></system-out>
         <system-err><![CDATA[]]></system-err>
      </testcase>
      <testcase name="Test Cases/HP/Health Plans/Dental" classname="Test Cases/HP/Health Plans/Dental" status="PASSED">
         <system-out><![CDATA[2020-03-10 05:28:53 - [TEST_CASE][PASSED] - Test Cases/HP/Health Plans/Dental: Test Cases/HP/Health Plans/Dental

2020-03-10 05:28:53 - [TEST_STEP][PASSED] - now = new java.util.Date(): null

2020-03-10 05:28:53 - [TEST_STEP][PASSED] - mydate = now.format("yyyyMMdd_HHmmss"): null

2020-03-10 05:28:53 - [TEST_STEP][PASSED] - i = 0: null

2020-03-10 05:28:53 - [TEST_STEP][PASSED] - callTestCase(findTestCase("AHI/_include/get_screenPath"), ["productLine":"HP", "carrierName":"Dental"], CONTINUE_ON_FAILURE): Call Test Case 'Test Cases/AHI/_include/get_screenPath' successfully

2020-03-10 05:28:53 - [TEST_CASE][PASSED] - Test Cases/AHI/_include/get_screenPath: Test Cases/AHI/_include/get_screenPath

2020-03-10 05:28:53 - [TEST_STEP][PASSED] - m = getExecutionProperties(): null

2020-03-10 05:28:53 - [TEST_STEP][PASSED] - deviceName = get("mobileEmulation").get("deviceName"): null

2020-03-10 05:28:53 - [TEST_STEP][PASSED] - println(deviceName): null

2020-03-10 05:28:53 - [TEST_STEP][PASSED] - now = new java.util.Date(): null

2020-03-10 05:28:53 - [TEST_STEP][PASSED] - mydate = now.format("yyyyMMdd_HHmmss"): null

2020-03-10 05:28:53 - [TEST_STEP][PASSED] - screenPath = "../Screenshots/": null

2020-03-10 05:28:53 - [TEST_STEP][PASSED] - screenPath = screenPath + deviceName + "/" + productLine + "/" + carrierName + "/" + mydate + "/": null

2020-03-10 05:28:53 - [TEST_STEP][PASSED] - println(screenPath): null

2020-03-10 05:28:53 - [MESSAGE][PASSED] - Call Test Case 'Test Cases/AHI/_include/get_screenPath' successfully

2020-03-10 05:28:53 - [TEST_STEP][PASSED] - second = <not implemented yet for class: org.codehaus.groovy.ast.expr.EmptyExpression>: null

2020-03-10 05:28:53 - [TEST_STEP][PASSED] - openBrowser(env + "/dental-insurance"): Browser is opened with url: 'http://pengujian.healthpocket.com/dental-insurance'

2020-03-10 05:28:53 - [MESSAGE][WARNING] - A browser is already opened. Closing browser and opening a new one

2020-03-10 05:28:54 - [MESSAGE][INFO] - Starting 'Chrome' driver

2020-03-10 05:28:54 - [MESSAGE][INFO] - User set preference: ['mobileEmulation', '{deviceName=iPhone 6}']

2020-03-10 05:28:54 - [MESSAGE][INFO] - User set preference: ['args', '[--incognito, --aggressive-cache-discard, --window-size=375,677, --no-sandbox, --ignore-certificate-errors]']

2020-03-10 05:28:59 - [MESSAGE][PASSED] - Browser is opened with url: 'http://pengujian.healthpocket.com/dental-insurance'

2020-03-10 05:28:59 - [TEST_STEP][PASSED] - Thread.sleep(3000): null

2020-03-10 05:29:02 - [TEST_STEP][PASSED] - driver = getWebDriver(): null

2020-03-10 05:29:02 - [TEST_STEP][PASSED] - baseUrl = env: null

2020-03-10 05:29:02 - [TEST_STEP][PASSED] - selenium = new com.thoughtworks.selenium.webdriven.WebDriverBackedSelenium(driver, baseUrl): null

2020-03-10 05:29:02 - [TEST_STEP][PASSED] - selenium.refresh(): null

2020-03-10 05:29:03 - [TEST_STEP][PASSED] - selenium.waitForPageToLoad("30000"): null

2020-03-10 05:29:04 - [TEST_STEP][PASSED] - for ([second = 0, second < 10, (second++)]): null

2020-03-10 05:29:04 - [TEST_STEP][PASSED] - try: null

2020-03-10 05:29:04 - [TEST_STEP][PASSED] - if (selenium.isElementPresent("id=location")): null

2020-03-10 05:29:04 - [TEST_STEP][PASSED] - break: null

2020-03-10 05:29:04 - [TEST_STEP][PASSED] - callTestCase(findTestCase("AHI/_include/get_screenshot"), [:], STOP_ON_FAILURE): Call Test Case 'Test Cases/AHI/_include/get_screenshot' successfully

2020-03-10 05:29:04 - [TEST_CASE][PASSED] - Test Cases/AHI/_include/get_screenshot: Test Cases/AHI/_include/get_screenshot

2020-03-10 05:29:04 - [TEST_STEP][PASSED] - Thread.sleep(1000): null

2020-03-10 05:29:05 - [TEST_STEP][PASSED] - takeScreenshot(screenPath + i + ".png"): Taking screenshot successfully

2020-03-10 05:29:06 - [MESSAGE][PASSED] - Taking screenshot successfully
[[ATTACHMENT|D:\\Test\\AgileTest\\Reports\\HP\\HP\\20200310_052753\\../Screenshots/iPhone 6/HP/Dental/20200310_052853/0.png]]

2020-03-10 05:29:06 - [TEST_STEP][PASSED] - (internal.GlobalVariable.i++): null

2020-03-10 05:29:06 - [MESSAGE][PASSED] - Call Test Case 'Test Cases/AHI/_include/get_screenshot' successfully

2020-03-10 05:29:06 - [TEST_STEP][PASSED] - selenium.type("id=location", "32209"): null

2020-03-10 05:29:06 - [TEST_STEP][PASSED] - selenium.click("id=findPlans"): null

2020-03-10 05:29:07 - [TEST_STEP][PASSED] - for ([second = 0, second < 10, (second++)]): null

2020-03-10 05:29:07 - [TEST_STEP][PASSED] - try: null

2020-03-10 05:29:07 - [TEST_STEP][PASSED] - if (selenium.isElementPresent("//a[contains(text(),'Select')]")): null

2020-03-10 05:29:07 - [TEST_STEP][PASSED] - Thread.sleep(1000): null

2020-03-10 05:29:08 - [TEST_STEP][PASSED] - try: null

2020-03-10 05:29:08 - [TEST_STEP][PASSED] - if (selenium.isElementPresent("//a[contains(text(),'Select')]")): null

2020-03-10 05:29:09 - [TEST_STEP][PASSED] - break: null

2020-03-10 05:29:09 - [TEST_STEP][PASSED] - callTestCase(findTestCase("AHI/_include/get_screenshot"), [:], STOP_ON_FAILURE): Call Test Case 'Test Cases/AHI/_include/get_screenshot' successfully

2020-03-10 05:29:09 - [TEST_CASE][PASSED] - Test Cases/AHI/_include/get_screenshot: Test Cases/AHI/_include/get_screenshot

2020-03-10 05:29:09 - [TEST_STEP][PASSED] - Thread.sleep(1000): null

2020-03-10 05:29:10 - [TEST_STEP][PASSED] - takeScreenshot(screenPath + i + ".png"): Taking screenshot successfully

2020-03-10 05:29:11 - [MESSAGE][PASSED] - Taking screenshot successfully
[[ATTACHMENT|D:\\Test\\AgileTest\\Reports\\HP\\HP\\20200310_052753\\../Screenshots/iPhone 6/HP/Dental/20200310_052853/1.png]]

2020-03-10 05:29:11 - [TEST_STEP][PASSED] - (internal.GlobalVariable.i++): null

2020-03-10 05:29:11 - [MESSAGE][PASSED] - Call Test Case 'Test Cases/AHI/_include/get_screenshot' successfully

2020-03-10 05:29:11 - [TEST_STEP][PASSED] - selenium.click("//a[contains(text(),'Select')]"): null

2020-03-10 05:29:11 - [TEST_STEP][PASSED] - for ([second = 0, second < 20, (second++)]): null

2020-03-10 05:29:11 - [TEST_STEP][PASSED] - try: null

2020-03-10 05:29:11 - [TEST_STEP][PASSED] - if (selenium.isElementPresent("xpath=(//a[contains(text(),'Apply Now')])")): null

2020-03-10 05:29:11 - [TEST_STEP][PASSED] - Thread.sleep(1000): null

2020-03-10 05:29:12 - [TEST_STEP][PASSED] - try: null

2020-03-10 05:29:12 - [TEST_STEP][PASSED] - if (selenium.isElementPresent("xpath=(//a[contains(text(),'Apply Now')])")): null

2020-03-10 05:29:12 - [TEST_STEP][PASSED] - Thread.sleep(1000): null

2020-03-10 05:29:13 - [TEST_STEP][PASSED] - try: null

2020-03-10 05:29:13 - [TEST_STEP][PASSED] - if (selenium.isElementPresent("xpath=(//a[contains(text(),'Apply Now')])")): null

2020-03-10 05:29:14 - [TEST_STEP][PASSED] - break: null

2020-03-10 05:29:14 - [TEST_STEP][PASSED] - callTestCase(findTestCase("AHI/_include/get_screenshot"), [:], STOP_ON_FAILURE): Call Test Case 'Test Cases/AHI/_include/get_screenshot' successfully

2020-03-10 05:29:14 - [TEST_CASE][PASSED] - Test Cases/AHI/_include/get_screenshot: Test Cases/AHI/_include/get_screenshot

2020-03-10 05:29:14 - [TEST_STEP][PASSED] - Thread.sleep(1000): null

2020-03-10 05:29:15 - [TEST_STEP][PASSED] - takeScreenshot(screenPath + i + ".png"): Taking screenshot successfully

2020-03-10 05:29:15 - [MESSAGE][PASSED] - Taking screenshot successfully
[[ATTACHMENT|D:\\Test\\AgileTest\\Reports\\HP\\HP\\20200310_052753\\../Screenshots/iPhone 6/HP/Dental/20200310_052853/2.png]]

2020-03-10 05:29:15 - [TEST_STEP][PASSED] - (internal.GlobalVariable.i++): null

2020-03-10 05:29:15 - [MESSAGE][PASSED] - Call Test Case 'Test Cases/AHI/_include/get_screenshot' successfully

2020-03-10 05:29:15 - [TEST_STEP][PASSED] - url = selenium.getAttribute("xpath=(//a[contains(text(),'Apply Now')])@href"): null

2020-03-10 05:29:15 - [TEST_STEP][PASSED] - openBrowser(url): Browser is opened with url: 'http://praetemptatus.agilehealthinsurance.com/dental-insurance-quotes?utm_source=healthpocket&utm_medium=detail_page&utm_campaign=dental_detail_page_xsell'

2020-03-10 05:29:15 - [MESSAGE][WARNING] - A browser is already opened. Closing browser and opening a new one

2020-03-10 05:29:16 - [MESSAGE][INFO] - Starting 'Chrome' driver

2020-03-10 05:29:16 - [MESSAGE][INFO] - User set preference: ['mobileEmulation', '{deviceName=iPhone 6}']

2020-03-10 05:29:16 - [MESSAGE][INFO] - User set preference: ['args', '[--incognito, --aggressive-cache-discard, --window-size=375,677, --no-sandbox, --ignore-certificate-errors]']

2020-03-10 05:29:21 - [MESSAGE][PASSED] - Browser is opened with url: 'http://praetemptatus.agilehealthinsurance.com/dental-insurance-quotes?utm_source=healthpocket&utm_medium=detail_page&utm_campaign=dental_detail_page_xsell'

2020-03-10 05:29:21 - [TEST_STEP][PASSED] - Thread.sleep(3000): null

2020-03-10 05:29:24 - [TEST_STEP][PASSED] - callTestCase(findTestCase("AHI/_include/get_screenshot"), [:], STOP_ON_FAILURE): Call Test Case 'Test Cases/AHI/_include/get_screenshot' successfully

2020-03-10 05:29:24 - [TEST_CASE][PASSED] - Test Cases/AHI/_include/get_screenshot: Test Cases/AHI/_include/get_screenshot

2020-03-10 05:29:24 - [TEST_STEP][PASSED] - Thread.sleep(1000): null

2020-03-10 05:29:25 - [TEST_STEP][PASSED] - takeScreenshot(screenPath + i + ".png"): Taking screenshot successfully

2020-03-10 05:29:26 - [MESSAGE][PASSED] - Taking screenshot successfully
[[ATTACHMENT|D:\\Test\\AgileTest\\Reports\\HP\\HP\\20200310_052753\\../Screenshots/iPhone 6/HP/Dental/20200310_052853/3.png]]

2020-03-10 05:29:26 - [TEST_STEP][PASSED] - (internal.GlobalVariable.i++): null

2020-03-10 05:29:26 - [MESSAGE][PASSED] - Call Test Case 'Test Cases/AHI/_include/get_screenshot' successfully]]></system-out>
         <system-err><![CDATA[]]></system-err>
      </testcase>
      <testcase name="Test Cases/HP/Health Plans/Medicaid Public" classname="Test Cases/HP/Health Plans/Medicaid Public" status="PASSED">
         <system-out><![CDATA[2020-03-10 05:29:26 - [TEST_CASE][PASSED] - Test Cases/HP/Health Plans/Medicaid Public: Test Cases/HP/Health Plans/Medicaid Public

2020-03-10 05:29:26 - [TEST_STEP][PASSED] - now = new java.util.Date(): null

2020-03-10 05:29:26 - [TEST_STEP][PASSED] - mydate = now.format("yyyyMMdd_HHmmss"): null

2020-03-10 05:29:26 - [TEST_STEP][PASSED] - i = 0: null

2020-03-10 05:29:26 - [TEST_STEP][PASSED] - callTestCase(findTestCase("AHI/_include/get_screenPath"), ["productLine":"HP", "carrierName":"Medicaid Public"], CONTINUE_ON_FAILURE): Call Test Case 'Test Cases/AHI/_include/get_screenPath' successfully

2020-03-10 05:29:26 - [TEST_CASE][PASSED] - Test Cases/AHI/_include/get_screenPath: Test Cases/AHI/_include/get_screenPath

2020-03-10 05:29:26 - [TEST_STEP][PASSED] - m = getExecutionProperties(): null

2020-03-10 05:29:26 - [TEST_STEP][PASSED] - deviceName = get("mobileEmulation").get("deviceName"): null

2020-03-10 05:29:26 - [TEST_STEP][PASSED] - println(deviceName): null

2020-03-10 05:29:26 - [TEST_STEP][PASSED] - now = new java.util.Date(): null

2020-03-10 05:29:26 - [TEST_STEP][PASSED] - mydate = now.format("yyyyMMdd_HHmmss"): null

2020-03-10 05:29:26 - [TEST_STEP][PASSED] - screenPath = "../Screenshots/": null

2020-03-10 05:29:26 - [TEST_STEP][PASSED] - screenPath = screenPath + deviceName + "/" + productLine + "/" + carrierName + "/" + mydate + "/": null

2020-03-10 05:29:26 - [TEST_STEP][PASSED] - println(screenPath): null

2020-03-10 05:29:26 - [MESSAGE][PASSED] - Call Test Case 'Test Cases/AHI/_include/get_screenPath' successfully

2020-03-10 05:29:26 - [TEST_STEP][PASSED] - second = <not implemented yet for class: org.codehaus.groovy.ast.expr.EmptyExpression>: null

2020-03-10 05:29:26 - [TEST_STEP][PASSED] - openBrowser(env + "/medicaid-public-plans"): Browser is opened with url: 'http://pengujian.healthpocket.com/medicaid-public-plans'

2020-03-10 05:29:26 - [MESSAGE][WARNING] - A browser is already opened. Closing browser and opening a new one

2020-03-10 05:29:28 - [MESSAGE][INFO] - Starting 'Chrome' driver

2020-03-10 05:29:28 - [MESSAGE][INFO] - User set preference: ['mobileEmulation', '{deviceName=iPhone 6}']

2020-03-10 05:29:28 - [MESSAGE][INFO] - User set preference: ['args', '[--incognito, --aggressive-cache-discard, --window-size=375,677, --no-sandbox, --ignore-certificate-errors]']

2020-03-10 05:29:32 - [MESSAGE][PASSED] - Browser is opened with url: 'http://pengujian.healthpocket.com/medicaid-public-plans'

2020-03-10 05:29:32 - [TEST_STEP][PASSED] - Thread.sleep(3000): null

2020-03-10 05:29:35 - [TEST_STEP][PASSED] - driver = getWebDriver(): null

2020-03-10 05:29:35 - [TEST_STEP][PASSED] - baseUrl = env: null

2020-03-10 05:29:35 - [TEST_STEP][PASSED] - selenium = new com.thoughtworks.selenium.webdriven.WebDriverBackedSelenium(driver, baseUrl): null

2020-03-10 05:29:36 - [TEST_STEP][PASSED] - for ([second = 0, second < 10, (second++)]): null

2020-03-10 05:29:36 - [TEST_STEP][PASSED] - try: null

2020-03-10 05:29:36 - [TEST_STEP][PASSED] - if (selenium.isElementPresent("id=location")): null

2020-03-10 05:29:36 - [TEST_STEP][PASSED] - break: null

2020-03-10 05:29:36 - [TEST_STEP][PASSED] - callTestCase(findTestCase("AHI/_include/get_screenshot"), [:], STOP_ON_FAILURE): Call Test Case 'Test Cases/AHI/_include/get_screenshot' successfully

2020-03-10 05:29:36 - [TEST_CASE][PASSED] - Test Cases/AHI/_include/get_screenshot: Test Cases/AHI/_include/get_screenshot

2020-03-10 05:29:36 - [TEST_STEP][PASSED] - Thread.sleep(1000): null

2020-03-10 05:29:37 - [TEST_STEP][PASSED] - takeScreenshot(screenPath + i + ".png"): Taking screenshot successfully

2020-03-10 05:29:37 - [MESSAGE][PASSED] - Taking screenshot successfully
[[ATTACHMENT|D:\\Test\\AgileTest\\Reports\\HP\\HP\\20200310_052753\\../Screenshots/iPhone 6/HP/Medicaid Public/20200310_052926/0.png]]

2020-03-10 05:29:37 - [TEST_STEP][PASSED] - (internal.GlobalVariable.i++): null

2020-03-10 05:29:37 - [MESSAGE][PASSED] - Call Test Case 'Test Cases/AHI/_include/get_screenshot' successfully

2020-03-10 05:29:37 - [TEST_STEP][PASSED] - selenium.type("id=location", "32209"): null

2020-03-10 05:29:37 - [TEST_STEP][PASSED] - selenium.click("id=findPlans"): null

2020-03-10 05:29:38 - [TEST_STEP][PASSED] - for ([second = 0, second < 10, (second++)]): null

2020-03-10 05:29:38 - [TEST_STEP][PASSED] - try: null

2020-03-10 05:29:38 - [TEST_STEP][PASSED] - if (selenium.isElementPresent("//a[contains(text(),'Select')]")): null

2020-03-10 05:29:41 - [TEST_STEP][PASSED] - Thread.sleep(1000): null

2020-03-10 05:29:42 - [TEST_STEP][PASSED] - try: null

2020-03-10 05:29:42 - [TEST_STEP][PASSED] - if (selenium.isElementPresent("//a[contains(text(),'Select')]")): null

2020-03-10 05:29:42 - [TEST_STEP][PASSED] - break: null

2020-03-10 05:29:42 - [TEST_STEP][PASSED] - callTestCase(findTestCase("AHI/_include/get_screenshot"), [:], STOP_ON_FAILURE): Call Test Case 'Test Cases/AHI/_include/get_screenshot' successfully

2020-03-10 05:29:42 - [TEST_CASE][PASSED] - Test Cases/AHI/_include/get_screenshot: Test Cases/AHI/_include/get_screenshot

2020-03-10 05:29:42 - [TEST_STEP][PASSED] - Thread.sleep(1000): null

2020-03-10 05:29:43 - [TEST_STEP][PASSED] - takeScreenshot(screenPath + i + ".png"): Taking screenshot successfully

2020-03-10 05:29:44 - [MESSAGE][PASSED] - Taking screenshot successfully
[[ATTACHMENT|D:\\Test\\AgileTest\\Reports\\HP\\HP\\20200310_052753\\../Screenshots/iPhone 6/HP/Medicaid Public/20200310_052926/1.png]]

2020-03-10 05:29:44 - [TEST_STEP][PASSED] - (internal.GlobalVariable.i++): null

2020-03-10 05:29:44 - [MESSAGE][PASSED] - Call Test Case 'Test Cases/AHI/_include/get_screenshot' successfully

2020-03-10 05:29:44 - [TEST_STEP][PASSED] - selenium.click("//a[contains(text(),'Select')]"): null

2020-03-10 05:29:46 - [TEST_STEP][PASSED] - for ([second = 0, second < 60, (second++)]): null

2020-03-10 05:29:46 - [TEST_STEP][PASSED] - try: null

2020-03-10 05:29:46 - [TEST_STEP][PASSED] - if (selenium.isElementPresent("//div/h2[contains(text(),'Ways to Learn More')]")): null

2020-03-10 05:29:46 - [TEST_STEP][PASSED] - break: null

2020-03-10 05:29:46 - [TEST_STEP][PASSED] - callTestCase(findTestCase("AHI/_include/get_screenshot"), [:], STOP_ON_FAILURE): Call Test Case 'Test Cases/AHI/_include/get_screenshot' successfully

2020-03-10 05:29:46 - [TEST_CASE][PASSED] - Test Cases/AHI/_include/get_screenshot: Test Cases/AHI/_include/get_screenshot

2020-03-10 05:29:46 - [TEST_STEP][PASSED] - Thread.sleep(1000): null

2020-03-10 05:29:47 - [TEST_STEP][PASSED] - takeScreenshot(screenPath + i + ".png"): Taking screenshot successfully

2020-03-10 05:29:48 - [MESSAGE][PASSED] - Taking screenshot successfully
[[ATTACHMENT|D:\\Test\\AgileTest\\Reports\\HP\\HP\\20200310_052753\\../Screenshots/iPhone 6/HP/Medicaid Public/20200310_052926/2.png]]

2020-03-10 05:29:48 - [TEST_STEP][PASSED] - (internal.GlobalVariable.i++): null

2020-03-10 05:29:48 - [MESSAGE][PASSED] - Call Test Case 'Test Cases/AHI/_include/get_screenshot' successfully]]></system-out>
         <system-err><![CDATA[]]></system-err>
      </testcase>
      <testcase name="Test Cases/HP/Health Plans/Medicare" classname="Test Cases/HP/Health Plans/Medicare" status="PASSED">
         <system-out><![CDATA[2020-03-10 05:29:48 - [TEST_CASE][PASSED] - Test Cases/HP/Health Plans/Medicare: Test Cases/HP/Health Plans/Medicare

2020-03-10 05:29:48 - [TEST_STEP][PASSED] - now = new java.util.Date(): null

2020-03-10 05:29:48 - [TEST_STEP][PASSED] - mydate = now.format("yyyyMMdd_HHmmss"): null

2020-03-10 05:29:48 - [TEST_STEP][PASSED] - callTestCase(findTestCase("AHI/_include/get_screenPath"), ["productLine":"HP", "carrierName":"Medicare"], CONTINUE_ON_FAILURE): Call Test Case 'Test Cases/AHI/_include/get_screenPath' successfully

2020-03-10 05:29:48 - [TEST_CASE][PASSED] - Test Cases/AHI/_include/get_screenPath: Test Cases/AHI/_include/get_screenPath

2020-03-10 05:29:48 - [TEST_STEP][PASSED] - m = getExecutionProperties(): null

2020-03-10 05:29:48 - [TEST_STEP][PASSED] - deviceName = get("mobileEmulation").get("deviceName"): null

2020-03-10 05:29:48 - [TEST_STEP][PASSED] - println(deviceName): null

2020-03-10 05:29:48 - [TEST_STEP][PASSED] - now = new java.util.Date(): null

2020-03-10 05:29:48 - [TEST_STEP][PASSED] - mydate = now.format("yyyyMMdd_HHmmss"): null

2020-03-10 05:29:48 - [TEST_STEP][PASSED] - screenPath = "../Screenshots/": null

2020-03-10 05:29:48 - [TEST_STEP][PASSED] - screenPath = screenPath + deviceName + "/" + productLine + "/" + carrierName + "/" + mydate + "/": null

2020-03-10 05:29:48 - [TEST_STEP][PASSED] - println(screenPath): null

2020-03-10 05:29:48 - [MESSAGE][PASSED] - Call Test Case 'Test Cases/AHI/_include/get_screenPath' successfully

2020-03-10 05:29:48 - [TEST_STEP][PASSED] - i = 0: null

2020-03-10 05:29:48 - [TEST_STEP][PASSED] - openBrowser(env + "/medicare"): Browser is opened with url: 'http://pengujian.healthpocket.com/medicare'

2020-03-10 05:29:48 - [MESSAGE][WARNING] - A browser is already opened. Closing browser and opening a new one

2020-03-10 05:29:49 - [MESSAGE][INFO] - Starting 'Chrome' driver

2020-03-10 05:29:49 - [MESSAGE][INFO] - User set preference: ['mobileEmulation', '{deviceName=iPhone 6}']

2020-03-10 05:29:49 - [MESSAGE][INFO] - User set preference: ['args', '[--incognito, --aggressive-cache-discard, --window-size=375,677, --no-sandbox, --ignore-certificate-errors]']

2020-03-10 05:29:54 - [MESSAGE][PASSED] - Browser is opened with url: 'http://pengujian.healthpocket.com/medicare'

2020-03-10 05:29:54 - [TEST_STEP][PASSED] - driver = getWebDriver(): null

2020-03-10 05:29:54 - [TEST_STEP][PASSED] - baseUrl = env: null

2020-03-10 05:29:54 - [TEST_STEP][PASSED] - selenium = new com.thoughtworks.selenium.webdriven.WebDriverBackedSelenium(driver, baseUrl): null

2020-03-10 05:29:54 - [TEST_STEP][PASSED] - callTestCase(findTestCase("AHI/_include/get_screenshot"), [:], STOP_ON_FAILURE): Call Test Case 'Test Cases/AHI/_include/get_screenshot' successfully

2020-03-10 05:29:54 - [TEST_CASE][PASSED] - Test Cases/AHI/_include/get_screenshot: Test Cases/AHI/_include/get_screenshot

2020-03-10 05:29:54 - [TEST_STEP][PASSED] - Thread.sleep(1000): null

2020-03-10 05:29:55 - [TEST_STEP][PASSED] - takeScreenshot(screenPath + i + ".png"): Taking screenshot successfully

2020-03-10 05:29:56 - [MESSAGE][PASSED] - Taking screenshot successfully
[[ATTACHMENT|D:\\Test\\AgileTest\\Reports\\HP\\HP\\20200310_052753\\../Screenshots/iPhone 6/HP/Medicare/20200310_052948/0.png]]

2020-03-10 05:29:56 - [TEST_STEP][PASSED] - (internal.GlobalVariable.i++): null

2020-03-10 05:29:56 - [MESSAGE][PASSED] - Call Test Case 'Test Cases/AHI/_include/get_screenshot' successfully

2020-03-10 05:29:56 - [TEST_STEP][PASSED] - selenium.click("id=location"): null

2020-03-10 05:29:57 - [TEST_STEP][PASSED] - selenium.type("id=location", "32209"): null

2020-03-10 05:29:57 - [TEST_STEP][PASSED] - selenium.click("id=findPlans"): null

2020-03-10 05:29:57 - [TEST_STEP][PASSED] - for ([second = 0, second < 60, (second++)]): null

2020-03-10 05:29:57 - [TEST_STEP][PASSED] - try: null

2020-03-10 05:29:57 - [TEST_STEP][PASSED] - if (selenium.isElementPresent("//a[contains(text(),'Select')]")): null

2020-03-10 05:29:57 - [TEST_STEP][PASSED] - Thread.sleep(1000): null

2020-03-10 05:29:58 - [TEST_STEP][PASSED] - try: null

2020-03-10 05:29:58 - [TEST_STEP][PASSED] - if (selenium.isElementPresent("//a[contains(text(),'Select')]")): null

2020-03-10 05:29:59 - [TEST_STEP][PASSED] - break: null

2020-03-10 05:29:59 - [TEST_STEP][PASSED] - callTestCase(findTestCase("AHI/_include/get_screenshot"), [:], STOP_ON_FAILURE): Call Test Case 'Test Cases/AHI/_include/get_screenshot' successfully

2020-03-10 05:29:59 - [TEST_CASE][PASSED] - Test Cases/AHI/_include/get_screenshot: Test Cases/AHI/_include/get_screenshot

2020-03-10 05:29:59 - [TEST_STEP][PASSED] - Thread.sleep(1000): null

2020-03-10 05:30:00 - [TEST_STEP][PASSED] - takeScreenshot(screenPath + i + ".png"): Taking screenshot successfully

2020-03-10 05:30:01 - [MESSAGE][PASSED] - Taking screenshot successfully
[[ATTACHMENT|D:\\Test\\AgileTest\\Reports\\HP\\HP\\20200310_052753\\../Screenshots/iPhone 6/HP/Medicare/20200310_052948/1.png]]

2020-03-10 05:30:01 - [TEST_STEP][PASSED] - (internal.GlobalVariable.i++): null

2020-03-10 05:30:01 - [MESSAGE][PASSED] - Call Test Case 'Test Cases/AHI/_include/get_screenshot' successfully

2020-03-10 05:30:01 - [TEST_STEP][PASSED] - selenium.click("//a[contains(text(),'Select')]"): null

2020-03-10 05:30:01 - [TEST_STEP][PASSED] - for ([second = 0, second < 60, (second++)]): null

2020-03-10 05:30:01 - [TEST_STEP][PASSED] - try: null

2020-03-10 05:30:01 - [TEST_STEP][PASSED] - if (selenium.isElementPresent("//a/h2[contains(text(),'Benefits & Coverage')]")): null

2020-03-10 05:30:01 - [TEST_STEP][PASSED] - Thread.sleep(1000): null

2020-03-10 05:30:02 - [TEST_STEP][PASSED] - try: null

2020-03-10 05:30:02 - [TEST_STEP][PASSED] - if (selenium.isElementPresent("//a/h2[contains(text(),'Benefits & Coverage')]")): null

2020-03-10 05:30:02 - [TEST_STEP][PASSED] - Thread.sleep(1000): null

2020-03-10 05:30:03 - [TEST_STEP][PASSED] - try: null

2020-03-10 05:30:03 - [TEST_STEP][PASSED] - if (selenium.isElementPresent("//a/h2[contains(text(),'Benefits & Coverage')]")): null

2020-03-10 05:30:03 - [TEST_STEP][PASSED] - break: null

2020-03-10 05:30:03 - [TEST_STEP][PASSED] - callTestCase(findTestCase("AHI/_include/get_screenshot"), [:], STOP_ON_FAILURE): Call Test Case 'Test Cases/AHI/_include/get_screenshot' successfully

2020-03-10 05:30:03 - [TEST_CASE][PASSED] - Test Cases/AHI/_include/get_screenshot: Test Cases/AHI/_include/get_screenshot

2020-03-10 05:30:03 - [TEST_STEP][PASSED] - Thread.sleep(1000): null

2020-03-10 05:30:04 - [TEST_STEP][PASSED] - takeScreenshot(screenPath + i + ".png"): Taking screenshot successfully

2020-03-10 05:30:05 - [MESSAGE][PASSED] - Taking screenshot successfully
[[ATTACHMENT|D:\\Test\\AgileTest\\Reports\\HP\\HP\\20200310_052753\\../Screenshots/iPhone 6/HP/Medicare/20200310_052948/2.png]]

2020-03-10 05:30:05 - [TEST_STEP][PASSED] - (internal.GlobalVariable.i++): null

2020-03-10 05:30:05 - [MESSAGE][PASSED] - Call Test Case 'Test Cases/AHI/_include/get_screenshot' successfully]]></system-out>
         <system-err><![CDATA[]]></system-err>
      </testcase>
      <testcase name="Test Cases/HP/Health Plans/Medigap" classname="Test Cases/HP/Health Plans/Medigap" status="PASSED">
         <system-out><![CDATA[2020-03-10 05:30:05 - [TEST_CASE][PASSED] - Test Cases/HP/Health Plans/Medigap: Test Cases/HP/Health Plans/Medigap

2020-03-10 05:30:05 - [TEST_STEP][PASSED] - now = new java.util.Date(): null

2020-03-10 05:30:05 - [TEST_STEP][PASSED] - mydate = now.format("yyyyMMdd_HHmmss"): null

2020-03-10 05:30:05 - [TEST_STEP][PASSED] - i = 0: null

2020-03-10 05:30:05 - [TEST_STEP][PASSED] - callTestCase(findTestCase("AHI/_include/get_screenPath"), ["productLine":"HP", "carrierName":"Medigap"], CONTINUE_ON_FAILURE): Call Test Case 'Test Cases/AHI/_include/get_screenPath' successfully

2020-03-10 05:30:05 - [TEST_CASE][PASSED] - Test Cases/AHI/_include/get_screenPath: Test Cases/AHI/_include/get_screenPath

2020-03-10 05:30:05 - [TEST_STEP][PASSED] - m = getExecutionProperties(): null

2020-03-10 05:30:05 - [TEST_STEP][PASSED] - deviceName = get("mobileEmulation").get("deviceName"): null

2020-03-10 05:30:05 - [TEST_STEP][PASSED] - println(deviceName): null

2020-03-10 05:30:05 - [TEST_STEP][PASSED] - now = new java.util.Date(): null

2020-03-10 05:30:05 - [TEST_STEP][PASSED] - mydate = now.format("yyyyMMdd_HHmmss"): null

2020-03-10 05:30:05 - [TEST_STEP][PASSED] - screenPath = "../Screenshots/": null

2020-03-10 05:30:05 - [TEST_STEP][PASSED] - screenPath = screenPath + deviceName + "/" + productLine + "/" + carrierName + "/" + mydate + "/": null

2020-03-10 05:30:05 - [TEST_STEP][PASSED] - println(screenPath): null

2020-03-10 05:30:05 - [MESSAGE][PASSED] - Call Test Case 'Test Cases/AHI/_include/get_screenPath' successfully

2020-03-10 05:30:05 - [TEST_STEP][PASSED] - second = <not implemented yet for class: org.codehaus.groovy.ast.expr.EmptyExpression>: null

2020-03-10 05:30:05 - [TEST_STEP][PASSED] - openBrowser(env + "/medicare-medigap"): Browser is opened with url: 'http://pengujian.healthpocket.com/medicare-medigap'

2020-03-10 05:30:05 - [MESSAGE][WARNING] - A browser is already opened. Closing browser and opening a new one

2020-03-10 05:30:06 - [MESSAGE][INFO] - Starting 'Chrome' driver

2020-03-10 05:30:06 - [MESSAGE][INFO] - User set preference: ['mobileEmulation', '{deviceName=iPhone 6}']

2020-03-10 05:30:06 - [MESSAGE][INFO] - User set preference: ['args', '[--incognito, --aggressive-cache-discard, --window-size=375,677, --no-sandbox, --ignore-certificate-errors]']

2020-03-10 05:30:09 - [MESSAGE][PASSED] - Browser is opened with url: 'http://pengujian.healthpocket.com/medicare-medigap'

2020-03-10 05:30:09 - [TEST_STEP][PASSED] - Thread.sleep(3000): null

2020-03-10 05:30:12 - [TEST_STEP][PASSED] - driver = getWebDriver(): null

2020-03-10 05:30:12 - [TEST_STEP][PASSED] - baseUrl = env: null

2020-03-10 05:30:12 - [TEST_STEP][PASSED] - selenium = new com.thoughtworks.selenium.webdriven.WebDriverBackedSelenium(driver, baseUrl): null

2020-03-10 05:30:12 - [TEST_STEP][PASSED] - for ([second = 0, second < 10, (second++)]): null

2020-03-10 05:30:12 - [TEST_STEP][PASSED] - try: null

2020-03-10 05:30:12 - [TEST_STEP][PASSED] - if (selenium.isElementPresent("id=location")): null

2020-03-10 05:30:12 - [TEST_STEP][PASSED] - break: null

2020-03-10 05:30:12 - [TEST_STEP][PASSED] - callTestCase(findTestCase("AHI/_include/get_screenshot"), [:], STOP_ON_FAILURE): Call Test Case 'Test Cases/AHI/_include/get_screenshot' successfully

2020-03-10 05:30:12 - [TEST_CASE][PASSED] - Test Cases/AHI/_include/get_screenshot: Test Cases/AHI/_include/get_screenshot

2020-03-10 05:30:13 - [TEST_STEP][PASSED] - Thread.sleep(1000): null

2020-03-10 05:30:14 - [TEST_STEP][PASSED] - takeScreenshot(screenPath + i + ".png"): Taking screenshot successfully

2020-03-10 05:30:14 - [MESSAGE][PASSED] - Taking screenshot successfully
[[ATTACHMENT|D:\\Test\\AgileTest\\Reports\\HP\\HP\\20200310_052753\\../Screenshots/iPhone 6/HP/Medigap/20200310_053005/0.png]]

2020-03-10 05:30:14 - [TEST_STEP][PASSED] - (internal.GlobalVariable.i++): null

2020-03-10 05:30:14 - [MESSAGE][PASSED] - Call Test Case 'Test Cases/AHI/_include/get_screenshot' successfully

2020-03-10 05:30:14 - [TEST_STEP][PASSED] - selenium.type("id=location", "32209"): null

2020-03-10 05:30:14 - [TEST_STEP][PASSED] - selenium.click("id=findPlans"): null

2020-03-10 05:30:15 - [TEST_STEP][PASSED] - for ([second = 0, second < 10, (second++)]): null

2020-03-10 05:30:15 - [TEST_STEP][PASSED] - try: null

2020-03-10 05:30:15 - [TEST_STEP][PASSED] - if (selenium.isElementPresent("//a[contains(text(),'Select')]")): null

2020-03-10 05:30:15 - [TEST_STEP][PASSED] - Thread.sleep(1000): null

2020-03-10 05:30:16 - [TEST_STEP][PASSED] - try: null

2020-03-10 05:30:16 - [TEST_STEP][PASSED] - if (selenium.isElementPresent("//a[contains(text(),'Select')]")): null

2020-03-10 05:30:17 - [TEST_STEP][PASSED] - break: null

2020-03-10 05:30:17 - [TEST_STEP][PASSED] - callTestCase(findTestCase("AHI/_include/get_screenshot"), [:], STOP_ON_FAILURE): Call Test Case 'Test Cases/AHI/_include/get_screenshot' successfully

2020-03-10 05:30:17 - [TEST_CASE][PASSED] - Test Cases/AHI/_include/get_screenshot: Test Cases/AHI/_include/get_screenshot

2020-03-10 05:30:17 - [TEST_STEP][PASSED] - Thread.sleep(1000): null

2020-03-10 05:30:18 - [TEST_STEP][PASSED] - takeScreenshot(screenPath + i + ".png"): Taking screenshot successfully

2020-03-10 05:30:19 - [MESSAGE][PASSED] - Taking screenshot successfully
[[ATTACHMENT|D:\\Test\\AgileTest\\Reports\\HP\\HP\\20200310_052753\\../Screenshots/iPhone 6/HP/Medigap/20200310_053005/1.png]]

2020-03-10 05:30:19 - [TEST_STEP][PASSED] - (internal.GlobalVariable.i++): null

2020-03-10 05:30:19 - [MESSAGE][PASSED] - Call Test Case 'Test Cases/AHI/_include/get_screenshot' successfully

2020-03-10 05:30:19 - [TEST_STEP][PASSED] - selenium.click("//a[contains(text(),'Select')]"): null

2020-03-10 05:30:19 - [TEST_STEP][PASSED] - for ([second = 0, second < 60, (second++)]): null

2020-03-10 05:30:19 - [TEST_STEP][PASSED] - try: null

2020-03-10 05:30:19 - [TEST_STEP][PASSED] - if (selenium.isElementPresent("//a/h2[contains(text(),'Plan Benefits')]")): null

2020-03-10 05:30:19 - [TEST_STEP][PASSED] - Thread.sleep(1000): null

2020-03-10 05:30:20 - [TEST_STEP][PASSED] - try: null

2020-03-10 05:30:20 - [TEST_STEP][PASSED] - if (selenium.isElementPresent("//a/h2[contains(text(),'Plan Benefits')]")): null

2020-03-10 05:30:20 - [TEST_STEP][PASSED] - break: null

2020-03-10 05:30:20 - [TEST_STEP][PASSED] - callTestCase(findTestCase("AHI/_include/get_screenshot"), [:], STOP_ON_FAILURE): Call Test Case 'Test Cases/AHI/_include/get_screenshot' successfully

2020-03-10 05:30:20 - [TEST_CASE][PASSED] - Test Cases/AHI/_include/get_screenshot: Test Cases/AHI/_include/get_screenshot

2020-03-10 05:30:20 - [TEST_STEP][PASSED] - Thread.sleep(1000): null

2020-03-10 05:30:21 - [TEST_STEP][PASSED] - takeScreenshot(screenPath + i + ".png"): Taking screenshot successfully

2020-03-10 05:30:22 - [MESSAGE][PASSED] - Taking screenshot successfully
[[ATTACHMENT|D:\\Test\\AgileTest\\Reports\\HP\\HP\\20200310_052753\\../Screenshots/iPhone 6/HP/Medigap/20200310_053005/2.png]]

2020-03-10 05:30:22 - [TEST_STEP][PASSED] - (internal.GlobalVariable.i++): null

2020-03-10 05:30:22 - [MESSAGE][PASSED] - Call Test Case 'Test Cases/AHI/_include/get_screenshot' successfully]]></system-out>
         <system-err><![CDATA[]]></system-err>
      </testcase>
      <testcase name="Test Cases/HP/Health Plans/Small Business" classname="Test Cases/HP/Health Plans/Small Business" status="PASSED">
         <system-out><![CDATA[2020-03-10 05:30:22 - [TEST_CASE][PASSED] - Test Cases/HP/Health Plans/Small Business: Test Cases/HP/Health Plans/Small Business

2020-03-10 05:30:22 - [TEST_STEP][PASSED] - now = new java.util.Date(): null

2020-03-10 05:30:22 - [TEST_STEP][PASSED] - mydate = now.format("yyyyMMdd_HHmmss"): null

2020-03-10 05:30:22 - [TEST_STEP][PASSED] - i = 0: null

2020-03-10 05:30:22 - [TEST_STEP][PASSED] - callTestCase(findTestCase("AHI/_include/get_screenPath"), ["productLine":"HP", "carrierName":"Small Business"], CONTINUE_ON_FAILURE): Call Test Case 'Test Cases/AHI/_include/get_screenPath' successfully

2020-03-10 05:30:22 - [TEST_CASE][PASSED] - Test Cases/AHI/_include/get_screenPath: Test Cases/AHI/_include/get_screenPath

2020-03-10 05:30:22 - [TEST_STEP][PASSED] - m = getExecutionProperties(): null

2020-03-10 05:30:22 - [TEST_STEP][PASSED] - deviceName = get("mobileEmulation").get("deviceName"): null

2020-03-10 05:30:22 - [TEST_STEP][PASSED] - println(deviceName): null

2020-03-10 05:30:22 - [TEST_STEP][PASSED] - now = new java.util.Date(): null

2020-03-10 05:30:22 - [TEST_STEP][PASSED] - mydate = now.format("yyyyMMdd_HHmmss"): null

2020-03-10 05:30:22 - [TEST_STEP][PASSED] - screenPath = "../Screenshots/": null

2020-03-10 05:30:22 - [TEST_STEP][PASSED] - screenPath = screenPath + deviceName + "/" + productLine + "/" + carrierName + "/" + mydate + "/": null

2020-03-10 05:30:22 - [TEST_STEP][PASSED] - println(screenPath): null

2020-03-10 05:30:22 - [MESSAGE][PASSED] - Call Test Case 'Test Cases/AHI/_include/get_screenPath' successfully

2020-03-10 05:30:22 - [TEST_STEP][PASSED] - second = <not implemented yet for class: org.codehaus.groovy.ast.expr.EmptyExpression>: null

2020-03-10 05:30:22 - [TEST_STEP][PASSED] - openBrowser(env + "/small-business-health-insurance"): Browser is opened with url: 'http://pengujian.healthpocket.com/small-business-health-insurance'

2020-03-10 05:30:22 - [MESSAGE][WARNING] - A browser is already opened. Closing browser and opening a new one

2020-03-10 05:30:24 - [MESSAGE][INFO] - Starting 'Chrome' driver

2020-03-10 05:30:24 - [MESSAGE][INFO] - User set preference: ['mobileEmulation', '{deviceName=iPhone 6}']

2020-03-10 05:30:24 - [MESSAGE][INFO] - User set preference: ['args', '[--incognito, --aggressive-cache-discard, --window-size=375,677, --no-sandbox, --ignore-certificate-errors]']

2020-03-10 05:30:29 - [MESSAGE][PASSED] - Browser is opened with url: 'http://pengujian.healthpocket.com/small-business-health-insurance'

2020-03-10 05:30:29 - [TEST_STEP][PASSED] - Thread.sleep(3000): null

2020-03-10 05:30:32 - [TEST_STEP][PASSED] - driver = getWebDriver(): null

2020-03-10 05:30:32 - [TEST_STEP][PASSED] - baseUrl = env: null

2020-03-10 05:30:32 - [TEST_STEP][PASSED] - selenium = new com.thoughtworks.selenium.webdriven.WebDriverBackedSelenium(driver, baseUrl): null

2020-03-10 05:30:32 - [TEST_STEP][PASSED] - for ([second = 0, second < 10, (second++)]): null

2020-03-10 05:30:32 - [TEST_STEP][PASSED] - try: null

2020-03-10 05:30:32 - [TEST_STEP][PASSED] - if (selenium.isElementPresent("id=location")): null

2020-03-10 05:30:32 - [TEST_STEP][PASSED] - break: null

2020-03-10 05:30:32 - [TEST_STEP][PASSED] - callTestCase(findTestCase("AHI/_include/get_screenshot"), [:], STOP_ON_FAILURE): Call Test Case 'Test Cases/AHI/_include/get_screenshot' successfully

2020-03-10 05:30:32 - [TEST_CASE][PASSED] - Test Cases/AHI/_include/get_screenshot: Test Cases/AHI/_include/get_screenshot

2020-03-10 05:30:32 - [TEST_STEP][PASSED] - Thread.sleep(1000): null

2020-03-10 05:30:33 - [TEST_STEP][PASSED] - takeScreenshot(screenPath + i + ".png"): Taking screenshot successfully

2020-03-10 05:30:34 - [MESSAGE][PASSED] - Taking screenshot successfully
[[ATTACHMENT|D:\\Test\\AgileTest\\Reports\\HP\\HP\\20200310_052753\\../Screenshots/iPhone 6/HP/Small Business/20200310_053022/0.png]]

2020-03-10 05:30:34 - [TEST_STEP][PASSED] - (internal.GlobalVariable.i++): null

2020-03-10 05:30:34 - [MESSAGE][PASSED] - Call Test Case 'Test Cases/AHI/_include/get_screenshot' successfully

2020-03-10 05:30:34 - [TEST_STEP][PASSED] - selenium.type("id=location", "32209"): null

2020-03-10 05:30:34 - [TEST_STEP][PASSED] - selenium.click("id=findPlans"): null

2020-03-10 05:30:34 - [TEST_STEP][PASSED] - for ([second = 0, second < 10, (second++)]): null

2020-03-10 05:30:34 - [TEST_STEP][PASSED] - try: null

2020-03-10 05:30:34 - [TEST_STEP][PASSED] - if (selenium.isElementPresent("//a[contains(text(),'Select')]")): null

2020-03-10 05:30:34 - [TEST_STEP][PASSED] - Thread.sleep(1000): null

2020-03-10 05:30:35 - [TEST_STEP][PASSED] - try: null

2020-03-10 05:30:35 - [TEST_STEP][PASSED] - if (selenium.isElementPresent("//a[contains(text(),'Select')]")): null

2020-03-10 05:30:37 - [TEST_STEP][PASSED] - break: null

2020-03-10 05:30:37 - [TEST_STEP][PASSED] - callTestCase(findTestCase("AHI/_include/get_screenshot"), [:], STOP_ON_FAILURE): Call Test Case 'Test Cases/AHI/_include/get_screenshot' successfully

2020-03-10 05:30:37 - [TEST_CASE][PASSED] - Test Cases/AHI/_include/get_screenshot: Test Cases/AHI/_include/get_screenshot

2020-03-10 05:30:37 - [TEST_STEP][PASSED] - Thread.sleep(1000): null

2020-03-10 05:30:38 - [TEST_STEP][PASSED] - takeScreenshot(screenPath + i + ".png"): Taking screenshot successfully

2020-03-10 05:30:39 - [MESSAGE][PASSED] - Taking screenshot successfully
[[ATTACHMENT|D:\\Test\\AgileTest\\Reports\\HP\\HP\\20200310_052753\\../Screenshots/iPhone 6/HP/Small Business/20200310_053022/1.png]]

2020-03-10 05:30:39 - [TEST_STEP][PASSED] - (internal.GlobalVariable.i++): null

2020-03-10 05:30:39 - [MESSAGE][PASSED] - Call Test Case 'Test Cases/AHI/_include/get_screenshot' successfully

2020-03-10 05:30:39 - [TEST_STEP][PASSED] - selenium.click("//a[contains(text(),'Select')]"): null

2020-03-10 05:30:43 - [TEST_STEP][PASSED] - for ([second = 0, second < 60, (second++)]): null

2020-03-10 05:30:43 - [TEST_STEP][PASSED] - try: null

2020-03-10 05:30:43 - [TEST_STEP][PASSED] - if (selenium.isElementPresent("//div/h2[contains(text(),'Ways to Enroll or Learn More')]")): null

2020-03-10 05:30:43 - [TEST_STEP][PASSED] - break: null

2020-03-10 05:30:43 - [TEST_STEP][PASSED] - callTestCase(findTestCase("AHI/_include/get_screenshot"), [:], STOP_ON_FAILURE): Call Test Case 'Test Cases/AHI/_include/get_screenshot' successfully

2020-03-10 05:30:43 - [TEST_CASE][PASSED] - Test Cases/AHI/_include/get_screenshot: Test Cases/AHI/_include/get_screenshot

2020-03-10 05:30:43 - [TEST_STEP][PASSED] - Thread.sleep(1000): null

2020-03-10 05:30:44 - [TEST_STEP][PASSED] - takeScreenshot(screenPath + i + ".png"): Taking screenshot successfully

2020-03-10 05:30:45 - [MESSAGE][PASSED] - Taking screenshot successfully
[[ATTACHMENT|D:\\Test\\AgileTest\\Reports\\HP\\HP\\20200310_052753\\../Screenshots/iPhone 6/HP/Small Business/20200310_053022/2.png]]

2020-03-10 05:30:45 - [TEST_STEP][PASSED] - (internal.GlobalVariable.i++): null

2020-03-10 05:30:45 - [MESSAGE][PASSED] - Call Test Case 'Test Cases/AHI/_include/get_screenshot' successfully]]></system-out>
         <system-err><![CDATA[]]></system-err>
      </testcase>
      <testcase name="Test Cases/HP/Health Plans/STM" classname="Test Cases/HP/Health Plans/STM" status="PASSED">
         <system-out><![CDATA[2020-03-10 05:30:45 - [TEST_CASE][PASSED] - Test Cases/HP/Health Plans/STM: Test Cases/HP/Health Plans/STM

2020-03-10 05:30:46 - [TEST_STEP][PASSED] - now = new java.util.Date(): null

2020-03-10 05:30:46 - [TEST_STEP][PASSED] - mydate = now.format("yyyyMMdd_HHmmss"): null

2020-03-10 05:30:46 - [TEST_STEP][PASSED] - callTestCase(findTestCase("AHI/_include/get_screenPath"), ["productLine":"HP", "carrierName":"STM"], CONTINUE_ON_FAILURE): Call Test Case 'Test Cases/AHI/_include/get_screenPath' successfully

2020-03-10 05:30:46 - [TEST_CASE][PASSED] - Test Cases/AHI/_include/get_screenPath: Test Cases/AHI/_include/get_screenPath

2020-03-10 05:30:46 - [TEST_STEP][PASSED] - m = getExecutionProperties(): null

2020-03-10 05:30:46 - [TEST_STEP][PASSED] - deviceName = get("mobileEmulation").get("deviceName"): null

2020-03-10 05:30:46 - [TEST_STEP][PASSED] - println(deviceName): null

2020-03-10 05:30:46 - [TEST_STEP][PASSED] - now = new java.util.Date(): null

2020-03-10 05:30:46 - [TEST_STEP][PASSED] - mydate = now.format("yyyyMMdd_HHmmss"): null

2020-03-10 05:30:46 - [TEST_STEP][PASSED] - screenPath = "../Screenshots/": null

2020-03-10 05:30:46 - [TEST_STEP][PASSED] - screenPath = screenPath + deviceName + "/" + productLine + "/" + carrierName + "/" + mydate + "/": null

2020-03-10 05:30:46 - [TEST_STEP][PASSED] - println(screenPath): null

2020-03-10 05:30:46 - [MESSAGE][PASSED] - Call Test Case 'Test Cases/AHI/_include/get_screenPath' successfully

2020-03-10 05:30:46 - [TEST_STEP][PASSED] - i = 0: null

2020-03-10 05:30:46 - [TEST_STEP][PASSED] - openBrowser(env + "/short-term-health-insurance"): Browser is opened with url: 'http://pengujian.healthpocket.com/short-term-health-insurance'

2020-03-10 05:30:46 - [MESSAGE][WARNING] - A browser is already opened. Closing browser and opening a new one

2020-03-10 05:30:47 - [MESSAGE][INFO] - Starting 'Chrome' driver

2020-03-10 05:30:47 - [MESSAGE][INFO] - User set preference: ['mobileEmulation', '{deviceName=iPhone 6}']

2020-03-10 05:30:47 - [MESSAGE][INFO] - User set preference: ['args', '[--incognito, --aggressive-cache-discard, --window-size=375,677, --no-sandbox, --ignore-certificate-errors]']

2020-03-10 05:30:55 - [MESSAGE][PASSED] - Browser is opened with url: 'http://pengujian.healthpocket.com/short-term-health-insurance'

2020-03-10 05:30:55 - [TEST_STEP][PASSED] - driver = getWebDriver(): null

2020-03-10 05:30:55 - [TEST_STEP][PASSED] - baseUrl = env: null

2020-03-10 05:30:55 - [TEST_STEP][PASSED] - selenium = new com.thoughtworks.selenium.webdriven.WebDriverBackedSelenium(driver, baseUrl): null

2020-03-10 05:30:55 - [TEST_STEP][PASSED] - selenium.click("id=location"): null

2020-03-10 05:30:55 - [TEST_STEP][PASSED] - selenium.type("id=location", "32209"): null

2020-03-10 05:30:56 - [TEST_STEP][PASSED] - callTestCase(findTestCase("AHI/_include/get_screenshot"), [:], STOP_ON_FAILURE): Call Test Case 'Test Cases/AHI/_include/get_screenshot' successfully

2020-03-10 05:30:56 - [TEST_CASE][PASSED] - Test Cases/AHI/_include/get_screenshot: Test Cases/AHI/_include/get_screenshot

2020-03-10 05:30:56 - [TEST_STEP][PASSED] - Thread.sleep(1000): null

2020-03-10 05:30:57 - [TEST_STEP][PASSED] - takeScreenshot(screenPath + i + ".png"): Taking screenshot successfully

2020-03-10 05:30:57 - [MESSAGE][PASSED] - Taking screenshot successfully
[[ATTACHMENT|D:\\Test\\AgileTest\\Reports\\HP\\HP\\20200310_052753\\../Screenshots/iPhone 6/HP/STM/20200310_053046/0.png]]

2020-03-10 05:30:57 - [TEST_STEP][PASSED] - (internal.GlobalVariable.i++): null

2020-03-10 05:30:57 - [MESSAGE][PASSED] - Call Test Case 'Test Cases/AHI/_include/get_screenshot' successfully

2020-03-10 05:30:57 - [TEST_STEP][PASSED] - selenium.click("id=findPlans"): null

2020-03-10 05:30:57 - [TEST_STEP][PASSED] - for ([second = 0, second < 10, (second++)]): null

2020-03-10 05:30:57 - [TEST_STEP][PASSED] - try: null

2020-03-10 05:30:57 - [TEST_STEP][PASSED] - if (selenium.isElementPresent("//a[contains(text(),'Select')]")): null

2020-03-10 05:30:57 - [TEST_STEP][PASSED] - Thread.sleep(1000): null

2020-03-10 05:30:58 - [TEST_STEP][PASSED] - try: null

2020-03-10 05:30:58 - [TEST_STEP][PASSED] - if (selenium.isElementPresent("//a[contains(text(),'Select')]")): null

2020-03-10 05:30:58 - [TEST_STEP][PASSED] - Thread.sleep(1000): null

2020-03-10 05:30:59 - [TEST_STEP][PASSED] - try: null

2020-03-10 05:30:59 - [TEST_STEP][PASSED] - if (selenium.isElementPresent("//a[contains(text(),'Select')]")): null

2020-03-10 05:31:00 - [TEST_STEP][PASSED] - Thread.sleep(1000): null

2020-03-10 05:31:01 - [TEST_STEP][PASSED] - try: null

2020-03-10 05:31:01 - [TEST_STEP][PASSED] - if (selenium.isElementPresent("//a[contains(text(),'Select')]")): null

2020-03-10 05:31:01 - [TEST_STEP][PASSED] - Thread.sleep(1000): null

2020-03-10 05:31:02 - [TEST_STEP][PASSED] - try: null

2020-03-10 05:31:02 - [TEST_STEP][PASSED] - if (selenium.isElementPresent("//a[contains(text(),'Select')]")): null

2020-03-10 05:31:02 - [TEST_STEP][PASSED] - Thread.sleep(1000): null

2020-03-10 05:31:03 - [TEST_STEP][PASSED] - try: null

2020-03-10 05:31:03 - [TEST_STEP][PASSED] - if (selenium.isElementPresent("//a[contains(text(),'Select')]")): null

2020-03-10 05:31:03 - [TEST_STEP][PASSED] - Thread.sleep(1000): null

2020-03-10 05:31:04 - [TEST_STEP][PASSED] - try: null

2020-03-10 05:31:04 - [TEST_STEP][PASSED] - if (selenium.isElementPresent("//a[contains(text(),'Select')]")): null

2020-03-10 05:31:04 - [TEST_STEP][PASSED] - Thread.sleep(1000): null

2020-03-10 05:31:05 - [TEST_STEP][PASSED] - try: null

2020-03-10 05:31:05 - [TEST_STEP][PASSED] - if (selenium.isElementPresent("//a[contains(text(),'Select')]")): null

2020-03-10 05:31:05 - [TEST_STEP][PASSED] - Thread.sleep(1000): null

2020-03-10 05:31:06 - [TEST_STEP][PASSED] - try: null

2020-03-10 05:31:06 - [TEST_STEP][PASSED] - if (selenium.isElementPresent("//a[contains(text(),'Select')]")): null

2020-03-10 05:31:06 - [TEST_STEP][PASSED] - Thread.sleep(1000): null

2020-03-10 05:31:07 - [TEST_STEP][PASSED] - try: null

2020-03-10 05:31:07 - [TEST_STEP][PASSED] - if (selenium.isElementPresent("//a[contains(text(),'Select')]")): null

2020-03-10 05:31:07 - [TEST_STEP][PASSED] - Thread.sleep(1000): null

2020-03-10 05:31:08 - [TEST_STEP][PASSED] - callTestCase(findTestCase("AHI/_include/get_screenshot"), [:], STOP_ON_FAILURE): Call Test Case 'Test Cases/AHI/_include/get_screenshot' successfully

2020-03-10 05:31:08 - [TEST_CASE][PASSED] - Test Cases/AHI/_include/get_screenshot: Test Cases/AHI/_include/get_screenshot

2020-03-10 05:31:08 - [TEST_STEP][PASSED] - Thread.sleep(1000): null

2020-03-10 05:31:09 - [TEST_STEP][PASSED] - takeScreenshot(screenPath + i + ".png"): Taking screenshot successfully

2020-03-10 05:31:09 - [MESSAGE][PASSED] - Taking screenshot successfully
[[ATTACHMENT|D:\\Test\\AgileTest\\Reports\\HP\\HP\\20200310_052753\\../Screenshots/iPhone 6/HP/STM/20200310_053046/1.png]]

2020-03-10 05:31:09 - [TEST_STEP][PASSED] - (internal.GlobalVariable.i++): null

2020-03-10 05:31:09 - [MESSAGE][PASSED] - Call Test Case 'Test Cases/AHI/_include/get_screenshot' successfully]]></system-out>
         <system-err><![CDATA[]]></system-err>
      </testcase>
      <testcase name="Test Cases/HP/Home/Home" classname="Test Cases/HP/Home/Home" status="PASSED">
         <system-out><![CDATA[2020-03-10 05:31:09 - [TEST_CASE][PASSED] - Test Cases/HP/Home/Home: Test Cases/HP/Home/Home

2020-03-10 05:31:09 - [TEST_STEP][PASSED] - now = new java.util.Date(): null

2020-03-10 05:31:09 - [TEST_STEP][PASSED] - mydate = now.format("yyyyMMdd_HHmmss"): null

2020-03-10 05:31:09 - [TEST_STEP][PASSED] - callTestCase(findTestCase("AHI/_include/get_screenPath"), ["productLine":"HP", "carrierName":"Home"], CONTINUE_ON_FAILURE): Call Test Case 'Test Cases/AHI/_include/get_screenPath' successfully

2020-03-10 05:31:09 - [TEST_CASE][PASSED] - Test Cases/AHI/_include/get_screenPath: Test Cases/AHI/_include/get_screenPath

2020-03-10 05:31:09 - [TEST_STEP][PASSED] - m = getExecutionProperties(): null

2020-03-10 05:31:09 - [TEST_STEP][PASSED] - deviceName = get("mobileEmulation").get("deviceName"): null

2020-03-10 05:31:09 - [TEST_STEP][PASSED] - println(deviceName): null

2020-03-10 05:31:09 - [TEST_STEP][PASSED] - now = new java.util.Date(): null

2020-03-10 05:31:09 - [TEST_STEP][PASSED] - mydate = now.format("yyyyMMdd_HHmmss"): null

2020-03-10 05:31:09 - [TEST_STEP][PASSED] - screenPath = "../Screenshots/": null

2020-03-10 05:31:09 - [TEST_STEP][PASSED] - screenPath = screenPath + deviceName + "/" + productLine + "/" + carrierName + "/" + mydate + "/": null

2020-03-10 05:31:09 - [TEST_STEP][PASSED] - println(screenPath): null

2020-03-10 05:31:09 - [MESSAGE][PASSED] - Call Test Case 'Test Cases/AHI/_include/get_screenPath' successfully

2020-03-10 05:31:09 - [TEST_STEP][PASSED] - i = 0: null

2020-03-10 05:31:09 - [TEST_STEP][PASSED] - openBrowser(env): Browser is opened with url: 'http://pengujian.healthpocket.com'

2020-03-10 05:31:09 - [MESSAGE][WARNING] - A browser is already opened. Closing browser and opening a new one

2020-03-10 05:31:11 - [MESSAGE][INFO] - Starting 'Chrome' driver

2020-03-10 05:31:11 - [MESSAGE][INFO] - User set preference: ['mobileEmulation', '{deviceName=iPhone 6}']

2020-03-10 05:31:11 - [MESSAGE][INFO] - User set preference: ['args', '[--incognito, --aggressive-cache-discard, --window-size=375,677, --no-sandbox, --ignore-certificate-errors]']

2020-03-10 05:31:13 - [MESSAGE][PASSED] - Browser is opened with url: 'http://pengujian.healthpocket.com'

2020-03-10 05:31:13 - [TEST_STEP][PASSED] - Thread.sleep(3000): null

2020-03-10 05:31:17 - [TEST_STEP][PASSED] - callTestCase(findTestCase("AHI/_include/get_screenshot"), [:], STOP_ON_FAILURE): Call Test Case 'Test Cases/AHI/_include/get_screenshot' successfully

2020-03-10 05:31:17 - [TEST_CASE][PASSED] - Test Cases/AHI/_include/get_screenshot: Test Cases/AHI/_include/get_screenshot

2020-03-10 05:31:17 - [TEST_STEP][PASSED] - Thread.sleep(1000): null

2020-03-10 05:31:18 - [TEST_STEP][PASSED] - takeScreenshot(screenPath + i + ".png"): Taking screenshot successfully

2020-03-10 05:31:18 - [MESSAGE][PASSED] - Taking screenshot successfully
[[ATTACHMENT|D:\\Test\\AgileTest\\Reports\\HP\\HP\\20200310_052753\\../Screenshots/iPhone 6/HP/Home/20200310_053109/0.png]]

2020-03-10 05:31:18 - [TEST_STEP][PASSED] - (internal.GlobalVariable.i++): null

2020-03-10 05:31:18 - [MESSAGE][PASSED] - Call Test Case 'Test Cases/AHI/_include/get_screenshot' successfully]]></system-out>
         <system-err><![CDATA[]]></system-err>
      </testcase>
      <system-out><![CDATA[2020-03-10 05:28:01 - [TEST_SUITE][PASSED] - HP: Test Cases/HP/Home/Home]]></system-out>
      <system-err><![CDATA[]]></system-err>
   </testsuite>
</testsuites>
