<?xml version="1.0" encoding="UTF-8"?>
<testsuites name="stm" time="657" tests="6" failures="0" errors="0">
   <testsuite name="stm" tests="6" failures="0" errors="0" time="657" timestamp="2020-01-05 08:08:03" hostname="Administrator - 172.30.0.53" id="Test Suites/AHI/stm">
      <properties>
         <property name="deviceName" value=""/>
         <property name="devicePlatform" value=""/>
         <property name="logFolder" value="D:\\Test\\AgileTest\\Reports\\AHI\\stm\\20200105_080028"/>
         <property name="logFiles" value="D:\\Test\\AgileTest\\Reports\\AHI\\stm\\20200105_080028\\execution0.log"/>
         <property name="attachments" value="D:\\Test\\AgileTest\\Reports\\AHI\\stm\\20200105_080028\\../Screenshots/iPhone 6/stm/AdvantHealth/20200105_080805/0.png, D:\\Test\\AgileTest\\Reports\\AHI\\stm\\20200105_080028\\../Screenshots/iPhone 6/stm/AdvantHealth/20200105_080805/1.png, D:\\Test\\AgileTest\\Reports\\AHI\\stm\\20200105_080028\\../Screenshots/iPhone 6/stm/AdvantHealth/20200105_080805/2.png, D:\\Test\\AgileTest\\Reports\\AHI\\stm\\20200105_080028\\../Screenshots/iPhone 6/stm/AdvantHealth/20200105_080805/3.png, D:\\Test\\AgileTest\\Reports\\AHI\\stm\\20200105_080028\\../Screenshots/iPhone 6/stm/AdvantHealth/20200105_080805/4.png, D:\\Test\\AgileTest\\Reports\\AHI\\stm\\20200105_080028\\../Screenshots/iPhone 6/stm/AdvantHealth/20200105_080805/5.png, D:\\Test\\AgileTest\\Reports\\AHI\\stm\\20200105_080028\\../Screenshots/iPhone 6/stm/AdvantHealth/20200105_080805/6.png, D:\\Test\\AgileTest\\Reports\\AHI\\stm\\20200105_080028\\../Screenshots/iPhone 6/stm/AdvantHealth/20200105_080805/7.png, D:\\Test\\AgileTest\\Reports\\AHI\\stm\\20200105_080028\\../Screenshots/iPhone 6/stm/AdvantHealth/20200105_080805/8.png, D:\\Test\\AgileTest\\Reports\\AHI\\stm\\20200105_080028\\../Screenshots/iPhone 6/stm/AdvantHealth/20200105_080805/9.png, D:\\Test\\AgileTest\\Reports\\AHI\\stm\\20200105_080028\\../Screenshots/iPhone 6/stm/AdvantHealth/20200105_080805/10.png, D:\\Test\\AgileTest\\Reports\\AHI\\stm\\20200105_080028\\../Screenshots/iPhone 6/stm/AdvantHealth/20200105_080805/11.png, D:\\Test\\AgileTest\\Reports\\AHI\\stm\\20200105_080028\\../Screenshots/iPhone 6/stm/Aspen/20200105_081003/0.png, D:\\Test\\AgileTest\\Reports\\AHI\\stm\\20200105_080028\\../Screenshots/iPhone 6/stm/Aspen/20200105_081003/1.png, D:\\Test\\AgileTest\\Reports\\AHI\\stm\\20200105_080028\\../Screenshots/iPhone 6/stm/Aspen/20200105_081003/2.png, D:\\Test\\AgileTest\\Reports\\AHI\\stm\\20200105_080028\\../Screenshots/iPhone 6/stm/Aspen/20200105_081003/3.png, D:\\Test\\AgileTest\\Reports\\AHI\\stm\\20200105_080028\\../Screenshots/iPhone 6/stm/Aspen/20200105_081003/4.png, D:\\Test\\AgileTest\\Reports\\AHI\\stm\\20200105_080028\\../Screenshots/iPhone 6/stm/Aspen/20200105_081003/5.png, D:\\Test\\AgileTest\\Reports\\AHI\\stm\\20200105_080028\\../Screenshots/iPhone 6/stm/Aspen/20200105_081003/6.png, D:\\Test\\AgileTest\\Reports\\AHI\\stm\\20200105_080028\\1578229849227.png, D:\\Test\\AgileTest\\Reports\\AHI\\stm\\20200105_080028\\../Screenshots/iPhone 6/stm/Aspen/20200105_081003/7.png, D:\\Test\\AgileTest\\Reports\\AHI\\stm\\20200105_080028\\../Screenshots/iPhone 6/stm/Aspen/20200105_081003/8.png, D:\\Test\\AgileTest\\Reports\\AHI\\stm\\20200105_080028\\../Screenshots/iPhone 6/stm/Aspen/20200105_081003/9.png, D:\\Test\\AgileTest\\Reports\\AHI\\stm\\20200105_080028\\../Screenshots/iPhone 6/stm/Aspen/20200105_081003/10.png, D:\\Test\\AgileTest\\Reports\\AHI\\stm\\20200105_080028\\../Screenshots/iPhone 6/stm/Companion/20200105_081138/0.png, D:\\Test\\AgileTest\\Reports\\AHI\\stm\\20200105_080028\\../Screenshots/iPhone 6/stm/Companion/20200105_081138/1.png, D:\\Test\\AgileTest\\Reports\\AHI\\stm\\20200105_080028\\../Screenshots/iPhone 6/stm/Companion/20200105_081138/2.png, D:\\Test\\AgileTest\\Reports\\AHI\\stm\\20200105_080028\\../Screenshots/iPhone 6/stm/Companion/20200105_081138/3.png, D:\\Test\\AgileTest\\Reports\\AHI\\stm\\20200105_080028\\../Screenshots/iPhone 6/stm/Companion/20200105_081138/4.png, D:\\Test\\AgileTest\\Reports\\AHI\\stm\\20200105_080028\\../Screenshots/iPhone 6/stm/Companion/20200105_081138/5.png, D:\\Test\\AgileTest\\Reports\\AHI\\stm\\20200105_080028\\../Screenshots/iPhone 6/stm/Companion/20200105_081138/6.png, D:\\Test\\AgileTest\\Reports\\AHI\\stm\\20200105_080028\\../Screenshots/iPhone 6/stm/Companion/20200105_081138/7.png, D:\\Test\\AgileTest\\Reports\\AHI\\stm\\20200105_080028\\../Screenshots/iPhone 6/stm/Companion/20200105_081138/8.png, D:\\Test\\AgileTest\\Reports\\AHI\\stm\\20200105_080028\\../Screenshots/iPhone 6/stm/Companion/20200105_081138/9.png, D:\\Test\\AgileTest\\Reports\\AHI\\stm\\20200105_080028\\../Screenshots/iPhone 6/stm/Companion/20200105_081138/10.png, D:\\Test\\AgileTest\\Reports\\AHI\\stm\\20200105_080028\\../Screenshots/iPhone 6/stm/Companion/20200105_081138/11.png, D:\\Test\\AgileTest\\Reports\\AHI\\stm\\20200105_080028\\../Screenshots/iPhone 6/stm/Everest Prime/20200105_081335/0.png, D:\\Test\\AgileTest\\Reports\\AHI\\stm\\20200105_080028\\../Screenshots/iPhone 6/stm/Everest Prime/20200105_081335/1.png, D:\\Test\\AgileTest\\Reports\\AHI\\stm\\20200105_080028\\../Screenshots/iPhone 6/stm/Everest Prime/20200105_081335/2.png, D:\\Test\\AgileTest\\Reports\\AHI\\stm\\20200105_080028\\../Screenshots/iPhone 6/stm/Everest Prime/20200105_081335/3.png, D:\\Test\\AgileTest\\Reports\\AHI\\stm\\20200105_080028\\../Screenshots/iPhone 6/stm/Everest Prime/20200105_081335/4.png, D:\\Test\\AgileTest\\Reports\\AHI\\stm\\20200105_080028\\../Screenshots/iPhone 6/stm/Everest Prime/20200105_081335/5.png, D:\\Test\\AgileTest\\Reports\\AHI\\stm\\20200105_080028\\../Screenshots/iPhone 6/stm/Everest Prime/20200105_081335/6.png, D:\\Test\\AgileTest\\Reports\\AHI\\stm\\20200105_080028\\1578230058215.png, D:\\Test\\AgileTest\\Reports\\AHI\\stm\\20200105_080028\\../Screenshots/iPhone 6/stm/Everest Prime/20200105_081335/7.png, D:\\Test\\AgileTest\\Reports\\AHI\\stm\\20200105_080028\\../Screenshots/iPhone 6/stm/Everest Prime/20200105_081335/8.png, D:\\Test\\AgileTest\\Reports\\AHI\\stm\\20200105_080028\\../Screenshots/iPhone 6/stm/Everest Prime/20200105_081335/9.png, D:\\Test\\AgileTest\\Reports\\AHI\\stm\\20200105_080028\\../Screenshots/iPhone 6/stm/Everest Prime/20200105_081335/10.png, D:\\Test\\AgileTest\\Reports\\AHI\\stm\\20200105_080028\\../Screenshots/iPhone 6/stm/National General/20200105_081510/0.png, D:\\Test\\AgileTest\\Reports\\AHI\\stm\\20200105_080028\\../Screenshots/iPhone 6/stm/National General/20200105_081510/1.png, D:\\Test\\AgileTest\\Reports\\AHI\\stm\\20200105_080028\\../Screenshots/iPhone 6/stm/National General/20200105_081510/2.png, D:\\Test\\AgileTest\\Reports\\AHI\\stm\\20200105_080028\\../Screenshots/iPhone 6/stm/National General/20200105_081510/3.png, D:\\Test\\AgileTest\\Reports\\AHI\\stm\\20200105_080028\\../Screenshots/iPhone 6/stm/National General/20200105_081510/4.png, D:\\Test\\AgileTest\\Reports\\AHI\\stm\\20200105_080028\\../Screenshots/iPhone 6/stm/National General/20200105_081510/5.png, D:\\Test\\AgileTest\\Reports\\AHI\\stm\\20200105_080028\\../Screenshots/iPhone 6/stm/National General/20200105_081510/6.png, D:\\Test\\AgileTest\\Reports\\AHI\\stm\\20200105_080028\\../Screenshots/iPhone 6/stm/National General/20200105_081510/7.png, D:\\Test\\AgileTest\\Reports\\AHI\\stm\\20200105_080028\\../Screenshots/iPhone 6/stm/National General/20200105_081510/8.png, D:\\Test\\AgileTest\\Reports\\AHI\\stm\\20200105_080028\\../Screenshots/iPhone 6/stm/National General/20200105_081510/9.png, D:\\Test\\AgileTest\\Reports\\AHI\\stm\\20200105_080028\\../Screenshots/iPhone 6/stm/National General/20200105_081510/10.png, D:\\Test\\AgileTest\\Reports\\AHI\\stm\\20200105_080028\\../Screenshots/iPhone 6/stm/National General/20200105_081510/11.png, D:\\Test\\AgileTest\\Reports\\AHI\\stm\\20200105_080028\\../Screenshots/iPhone 6/stm/Slaico/20200105_081724/0.png, D:\\Test\\AgileTest\\Reports\\AHI\\stm\\20200105_080028\\../Screenshots/iPhone 6/stm/Slaico/20200105_081724/1.png, D:\\Test\\AgileTest\\Reports\\AHI\\stm\\20200105_080028\\../Screenshots/iPhone 6/stm/Slaico/20200105_081724/2.png, D:\\Test\\AgileTest\\Reports\\AHI\\stm\\20200105_080028\\../Screenshots/iPhone 6/stm/Slaico/20200105_081724/3.png, D:\\Test\\AgileTest\\Reports\\AHI\\stm\\20200105_080028\\../Screenshots/iPhone 6/stm/Slaico/20200105_081724/4.png, D:\\Test\\AgileTest\\Reports\\AHI\\stm\\20200105_080028\\../Screenshots/iPhone 6/stm/Slaico/20200105_081724/5.png, D:\\Test\\AgileTest\\Reports\\AHI\\stm\\20200105_080028\\../Screenshots/iPhone 6/stm/Slaico/20200105_081724/6.png, D:\\Test\\AgileTest\\Reports\\AHI\\stm\\20200105_080028\\1578230288522.png, D:\\Test\\AgileTest\\Reports\\AHI\\stm\\20200105_080028\\../Screenshots/iPhone 6/stm/Slaico/20200105_081724/7.png, D:\\Test\\AgileTest\\Reports\\AHI\\stm\\20200105_080028\\../Screenshots/iPhone 6/stm/Slaico/20200105_081724/8.png, D:\\Test\\AgileTest\\Reports\\AHI\\stm\\20200105_080028\\../Screenshots/iPhone 6/stm/Slaico/20200105_081724/9.png, D:\\Test\\AgileTest\\Reports\\AHI\\stm\\20200105_080028\\../Screenshots/iPhone 6/stm/Slaico/20200105_081724/10.png"/>
         <property name="hostName" value="Administrator - 172.30.0.53"/>
         <property name="os" value="Windows Server 2012 R2 64bit"/>
         <property name="katalonVersion" value="5.10.1.1"/>
         <property name="browser" value="Safari 11"/>
         <property name="hostAddress" value="172.30.0.53"/>
         <property name="sessionId" value="6928b6cfe75649cddd9e16c73e7708db"/>
         <property name="seleniumVersion" value="3.7.1"/>
         <property name="proxyInformation" value="ProxyInformation{proxyOption=NO_PROXY, proxyServerType=HTTP, password=, proxyServerAddress=, proxyServerPort=0}"/>
         <property name="platform" value="Windows Server 2012 R2"/>
      </properties>
      <testcase name="Test Cases/AHI/stm/AdvantHealth" classname="Test Cases/AHI/stm/AdvantHealth" status="PASSED">
         <system-out><![CDATA[2020-01-05 08:08:04 - [TEST_CASE][PASSED] - Test Cases/AHI/stm/AdvantHealth: Test Cases/AHI/stm/AdvantHealth

2020-01-05 08:08:04 - [TEST_STEP][PASSED] - callTestCase(findTestCase("AHI/_include/get_screenPath"), ["productLine":"stm", "carrierName":"AdvantHealth"], CONTINUE_ON_FAILURE): Call Test Case 'Test Cases/AHI/_include/get_screenPath' successfully

2020-01-05 08:08:04 - [TEST_CASE][PASSED] - Test Cases/AHI/_include/get_screenPath: Test Cases/AHI/_include/get_screenPath

2020-01-05 08:08:05 - [TEST_STEP][PASSED] - m = getExecutionProperties(): null

2020-01-05 08:08:05 - [TEST_STEP][PASSED] - deviceName = get("mobileEmulation").get("deviceName"): null

2020-01-05 08:08:05 - [TEST_STEP][PASSED] - println(deviceName): null

2020-01-05 08:08:05 - [TEST_STEP][PASSED] - now = new java.util.Date(): null

2020-01-05 08:08:05 - [TEST_STEP][PASSED] - mydate = now.format("yyyyMMdd_HHmmss"): null

2020-01-05 08:08:05 - [TEST_STEP][PASSED] - screenPath = "../Screenshots/": null

2020-01-05 08:08:05 - [TEST_STEP][PASSED] - screenPath = screenPath + deviceName + "/" + productLine + "/" + carrierName + "/" + mydate + "/": null

2020-01-05 08:08:05 - [TEST_STEP][PASSED] - println(screenPath): null

2020-01-05 08:08:05 - [MESSAGE][PASSED] - Call Test Case 'Test Cases/AHI/_include/get_screenPath' successfully

2020-01-05 08:08:05 - [TEST_STEP][PASSED] - i = 0: null

2020-01-05 08:08:05 - [TEST_STEP][PASSED] - callTestCase(findTestCase("AHI/_include/openWebSite"), [:], CONTINUE_ON_FAILURE): Call Test Case 'Test Cases/AHI/_include/openWebSite' successfully

2020-01-05 08:08:05 - [TEST_CASE][PASSED] - Test Cases/AHI/_include/openWebSite: Test Cases/AHI/_include/openWebSite

2020-01-05 08:08:05 - [TEST_STEP][PASSED] - openBrowser(env): Browser is opened with url: 'https://praetemptatus.agilehealthinsurance.com'

2020-01-05 08:08:05 - [MESSAGE][INFO] - Starting 'Chrome' driver

2020-01-05 08:08:05 - [MESSAGE][INFO] - User set preference: ['mobileEmulation', '{deviceName=iPhone 6}']

2020-01-05 08:08:05 - [MESSAGE][INFO] - User set preference: ['args', '[--incognito, --aggressive-cache-discard, --window-size=375,677, --no-sandbox]']

2020-01-05 08:08:05 - [MESSAGE][INFO] - Action delay is set to 0 seconds

2020-01-05 08:08:12 - [MESSAGE][PASSED] - Browser is opened with url: 'https://praetemptatus.agilehealthinsurance.com'

2020-01-05 08:08:12 - [TEST_STEP][PASSED] - waitForPageLoad(20): Wait for page load successfully

2020-01-05 08:08:15 - [MESSAGE][PASSED] - Wait for page load successfully

2020-01-05 08:08:15 - [TEST_STEP][PASSED] - callTestCase(findTestCase("AHI/_include/get_screenshot"), [:], STOP_ON_FAILURE): Call Test Case 'Test Cases/AHI/_include/get_screenshot' successfully

2020-01-05 08:08:15 - [TEST_CASE][PASSED] - Test Cases/AHI/_include/get_screenshot: Test Cases/AHI/_include/get_screenshot

2020-01-05 08:08:16 - [TEST_STEP][PASSED] - takeScreenshot(screenPath + i + ".png"): Taking screenshot successfully

2020-01-05 08:08:17 - [MESSAGE][PASSED] - Taking screenshot successfully
[[ATTACHMENT|D:\\Test\\AgileTest\\Reports\\AHI\\stm\\20200105_080028\\../Screenshots/iPhone 6/stm/AdvantHealth/20200105_080805/0.png]]

2020-01-05 08:08:17 - [TEST_STEP][PASSED] - (internal.GlobalVariable.i++): null

2020-01-05 08:08:17 - [MESSAGE][PASSED] - Call Test Case 'Test Cases/AHI/_include/get_screenshot' successfully

2020-01-05 08:08:17 - [MESSAGE][PASSED] - Call Test Case 'Test Cases/AHI/_include/openWebSite' successfully

2020-01-05 08:08:17 - [TEST_STEP][PASSED] - callTestCase(findTestCase("AHI/_include/census_stm"), ["zipcode":"35215"], STOP_ON_FAILURE): Call Test Case 'Test Cases/AHI/_include/census_stm' successfully

2020-01-05 08:08:17 - [TEST_CASE][PASSED] - Test Cases/AHI/_include/census_stm: Test Cases/AHI/_include/census_stm

2020-01-05 08:08:17 - [TEST_STEP][PASSED] - waitForElementClickable(findTestObject("mobileSanity/STM/Home Page/a_Quote  Save Today"), 10): Object 'Object Repository/mobileSanity/STM/Home Page/a_Quote  Save Today' is clickable

2020-01-05 08:08:18 - [MESSAGE][PASSED] - Object 'Object Repository/mobileSanity/STM/Home Page/a_Quote  Save Today' is clickable

2020-01-05 08:08:18 - [TEST_STEP][PASSED] - click(findTestObject("mobileSanity/STM/Home Page/a_Quote  Save Today")): Object: 'Object Repository/mobileSanity/STM/Home Page/a_Quote  Save Today' is clicked on

2020-01-05 08:08:18 - [MESSAGE][PASSED] - Object: 'Object Repository/mobileSanity/STM/Home Page/a_Quote  Save Today' is clicked on

2020-01-05 08:08:18 - [TEST_STEP][PASSED] - waitForPageLoad(10): Wait for page load successfully

2020-01-05 08:08:20 - [MESSAGE][PASSED] - Wait for page load successfully

2020-01-05 08:08:20 - [TEST_STEP][PASSED] - callTestCase(findTestCase("AHI/_include/get_screenshot"), [:], STOP_ON_FAILURE): Call Test Case 'Test Cases/AHI/_include/get_screenshot' successfully

2020-01-05 08:08:20 - [TEST_CASE][PASSED] - Test Cases/AHI/_include/get_screenshot: Test Cases/AHI/_include/get_screenshot

2020-01-05 08:08:20 - [TEST_STEP][PASSED] - takeScreenshot(screenPath + i + ".png"): Taking screenshot successfully

2020-01-05 08:08:20 - [MESSAGE][PASSED] - Taking screenshot successfully
[[ATTACHMENT|D:\\Test\\AgileTest\\Reports\\AHI\\stm\\20200105_080028\\../Screenshots/iPhone 6/stm/AdvantHealth/20200105_080805/1.png]]

2020-01-05 08:08:20 - [TEST_STEP][PASSED] - (internal.GlobalVariable.i++): null

2020-01-05 08:08:20 - [MESSAGE][PASSED] - Call Test Case 'Test Cases/AHI/_include/get_screenshot' successfully

2020-01-05 08:08:20 - [TEST_STEP][PASSED] - setText(findTestObject("mobileSanity/STM/STM Census Page/input_Location_zip-input"), zipcode): Text '35215' is set on object 'Object Repository/mobileSanity/STM/STM Census Page/input_Location_zip-input'

2020-01-05 08:08:21 - [MESSAGE][PASSED] - Text '35215' is set on object 'Object Repository/mobileSanity/STM/STM Census Page/input_Location_zip-input'

2020-01-05 08:08:21 - [TEST_STEP][PASSED] - Thread.sleep(500): null

2020-01-05 08:08:21 - [TEST_STEP][PASSED] - setText(findTestObject("mobileSanity/STM/STM Census Page/input_Date of Birth_dob-0"), "03031987"): Text '03031987' is set on object 'Object Repository/mobileSanity/STM/STM Census Page/input_Date of Birth_dob-0'

2020-01-05 08:08:21 - [MESSAGE][PASSED] - Text '03031987' is set on object 'Object Repository/mobileSanity/STM/STM Census Page/input_Date of Birth_dob-0'

2020-01-05 08:08:21 - [TEST_STEP][PASSED] - click(findTestObject("mobileSanity/STM/STM Census Page/label_Male")): Object: 'Object Repository/mobileSanity/STM/STM Census Page/label_Male' is clicked on

2020-01-05 08:08:22 - [MESSAGE][PASSED] - Object: 'Object Repository/mobileSanity/STM/STM Census Page/label_Male' is clicked on

2020-01-05 08:08:22 - [TEST_STEP][PASSED] - click(findTestObject("mobileSanity/STM/STM Census Page/label_Compare Plans")): Object: 'Object Repository/mobileSanity/STM/STM Census Page/label_Compare Plans' is clicked on

2020-01-05 08:08:24 - [MESSAGE][PASSED] - Object: 'Object Repository/mobileSanity/STM/STM Census Page/label_Compare Plans' is clicked on

2020-01-05 08:08:24 - [TEST_STEP][PASSED] - waitForElementVisible(findTestObject("mobileSanity/STM/STM Quote Page/button_sort"), 20): Object 'Object Repository/mobileSanity/STM/STM Quote Page/button_sort' is visible

2020-01-05 08:08:27 - [MESSAGE][PASSED] - Object 'Object Repository/mobileSanity/STM/STM Quote Page/button_sort' is visible

2020-01-05 08:08:27 - [TEST_STEP][PASSED] - Thread.sleep(3000): null

2020-01-05 08:08:30 - [TEST_STEP][PASSED] - callTestCase(findTestCase("AHI/_include/check_quoteleadform"), [:], STOP_ON_FAILURE): Call Test Case 'Test Cases/AHI/_include/check_quoteleadform' successfully

2020-01-05 08:08:30 - [TEST_CASE][PASSED] - Test Cases/AHI/_include/check_quoteleadform: Test Cases/AHI/_include/check_quoteleadform

2020-01-05 08:08:30 - [TEST_STEP][PASSED] - callTestCase(findTestCase("AHI/_include/name"), [:], CONTINUE_ON_FAILURE): Call Test Case 'Test Cases/AHI/_include/name' successfully

2020-01-05 08:08:30 - [TEST_CASE][PASSED] - Test Cases/AHI/_include/name: Test Cases/AHI/_include/name

2020-01-05 08:08:30 - [TEST_STEP][PASSED] - driver = getWebDriver(): null

2020-01-05 08:08:30 - [TEST_STEP][PASSED] - selenium = new com.thoughtworks.selenium.webdriven.WebDriverBackedSelenium(driver, internal.GlobalVariable.ENV): null

2020-01-05 08:08:31 - [TEST_STEP][PASSED] - FirstName = "Test-123": null

2020-01-05 08:08:31 - [TEST_STEP][PASSED] - LastName = selenium.getEval("{var x="ABCDEFGHIJKLMNOPQRSTUVWXYZabcdefghijklmnopqrstuvwxyz"; var tmp="ZZ11-"; for (i=0;i<8;i++) tmp+=x.charAt(Math.ceil(51*Math.random()));tmp;}"): null

2020-01-05 08:08:31 - [TEST_STEP][PASSED] - Address = selenium.getEval("{var x="ABCDEFGHIJKLMNOPQRSTUVWXYZabcdefghijklmnopqrstuvwxyz"; var tmp=""; for (i=0;i<8;i++) tmp+=x.charAt(Math.ceil(51*Math.random()));tmp;}"): null

2020-01-05 08:08:31 - [TEST_STEP][PASSED] - City = selenium.getEval("{var x="ABCDEFGHIJKLMNOPQRSTUVWXYZabcdefghijklmnopqrstuvwxyz"; var tmp=""; for (i=0;i<8;i++) tmp+=x.charAt(Math.ceil(51*Math.random()));tmp;}"): null

2020-01-05 08:08:31 - [TEST_STEP][PASSED] - tel1 = selenium.getEval("{var x="123456789"; var tmp=""; for (i=0;i<3;i++) tmp+=x.charAt(Math.ceil(8*Math.random()));tmp;}"): null

2020-01-05 08:08:31 - [TEST_STEP][PASSED] - tel2 = selenium.getEval("{var x="123456789"; var tmp=""; for (i=0;i<3;i++) tmp+=x.charAt(Math.ceil(8*Math.random()));tmp;}"): null

2020-01-05 08:08:31 - [TEST_STEP][PASSED] - tel3 = selenium.getEval("{var x="123456789"; var tmp=""; for (i=0;i<4;i++) tmp+=x.charAt(Math.ceil(8*Math.random()));tmp;}"): null

2020-01-05 08:08:31 - [TEST_STEP][PASSED] - Tel = selenium.getExpression(tel1 + "-" + tel2 + "-" + tel3): null

2020-01-05 08:08:31 - [TEST_STEP][PASSED] - AutoEmail = selenium.getEval("{var x="ABCDEFGHIJKLMNOPQRSTUVWXYZabcdefghijklmnopqrstuvwxyz"; var tmp="test."; for (i=0;i<8;i++) tmp+=x.charAt(Math.ceil(51*Math.random()));tmp+="@suryani.cn";}"): null

2020-01-05 08:08:31 - [TEST_STEP][PASSED] - FirstName = FirstName: null

2020-01-05 08:08:31 - [TEST_STEP][PASSED] - LastName = LastName: null

2020-01-05 08:08:31 - [TEST_STEP][PASSED] - Address = Address: null

2020-01-05 08:08:31 - [TEST_STEP][PASSED] - City = City: null

2020-01-05 08:08:31 - [TEST_STEP][PASSED] - Tel = Tel: null

2020-01-05 08:08:31 - [TEST_STEP][PASSED] - AutoEmail = AutoEmail: null

2020-01-05 08:08:31 - [TEST_STEP][PASSED] - println(FirstName): null

2020-01-05 08:08:31 - [TEST_STEP][PASSED] - println(LastName): null

2020-01-05 08:08:31 - [TEST_STEP][PASSED] - println(Address): null

2020-01-05 08:08:31 - [TEST_STEP][PASSED] - println(City): null

2020-01-05 08:08:31 - [TEST_STEP][PASSED] - println(Tel): null

2020-01-05 08:08:31 - [TEST_STEP][PASSED] - println(AutoEmail): null

2020-01-05 08:08:31 - [MESSAGE][PASSED] - Call Test Case 'Test Cases/AHI/_include/name' successfully

2020-01-05 08:08:31 - [TEST_STEP][PASSED] - leadform_exist = test.MobileKeywords.isElementPresent_Web(findTestObject("mobileSanity/quote lead form/lead_form"), 20): test.MobileKeywords.isElementPresent_Web is PASSED

2020-01-05 08:08:31 - [MESSAGE][PASSED] - test.MobileKeywords.isElementPresent_Web is PASSED

2020-01-05 08:08:31 - [TEST_STEP][PASSED] - if (leadform_exist): null

2020-01-05 08:08:31 - [TEST_STEP][PASSED] - setText(findTestObject("mobileSanity/quote lead form/first"), FirstName): Text 'Test-123' is set on object 'Object Repository/mobileSanity/quote lead form/first'

2020-01-05 08:08:33 - [MESSAGE][PASSED] - Text 'Test-123' is set on object 'Object Repository/mobileSanity/quote lead form/first'

2020-01-05 08:08:33 - [TEST_STEP][PASSED] - setText(findTestObject("mobileSanity/quote lead form/last"), LastName): Text 'ZZ11-BZYeFDab' is set on object 'Object Repository/mobileSanity/quote lead form/last'

2020-01-05 08:08:33 - [MESSAGE][PASSED] - Text 'ZZ11-BZYeFDab' is set on object 'Object Repository/mobileSanity/quote lead form/last'

2020-01-05 08:08:33 - [TEST_STEP][PASSED] - setText(findTestObject("mobileSanity/quote lead form/email"), AutoEmail): Text 'test.OfJYfWdN@suryani.cn' is set on object 'Object Repository/mobileSanity/quote lead form/email'

2020-01-05 08:08:34 - [MESSAGE][PASSED] - Text 'test.OfJYfWdN@suryani.cn' is set on object 'Object Repository/mobileSanity/quote lead form/email'

2020-01-05 08:08:34 - [TEST_STEP][PASSED] - setText(findTestObject("mobileSanity/quote lead form/phone"), Tel): Text '754-456-2347' is set on object 'Object Repository/mobileSanity/quote lead form/phone'

2020-01-05 08:08:34 - [MESSAGE][PASSED] - Text '754-456-2347' is set on object 'Object Repository/mobileSanity/quote lead form/phone'

2020-01-05 08:08:34 - [TEST_STEP][PASSED] - click(findTestObject("mobileSanity/quote lead form/submit")): Object: 'Object Repository/mobileSanity/quote lead form/submit' is clicked on

2020-01-05 08:08:34 - [MESSAGE][PASSED] - Object: 'Object Repository/mobileSanity/quote lead form/submit' is clicked on

2020-01-05 08:08:34 - [TEST_STEP][PASSED] - Thread.sleep(3000): null

2020-01-05 08:08:37 - [MESSAGE][PASSED] - Call Test Case 'Test Cases/AHI/_include/check_quoteleadform' successfully

2020-01-05 08:08:37 - [TEST_STEP][PASSED] - callTestCase(findTestCase("AHI/_include/get_screenshot"), [:], STOP_ON_FAILURE): Call Test Case 'Test Cases/AHI/_include/get_screenshot' successfully

2020-01-05 08:08:37 - [TEST_CASE][PASSED] - Test Cases/AHI/_include/get_screenshot: Test Cases/AHI/_include/get_screenshot

2020-01-05 08:08:37 - [TEST_STEP][PASSED] - takeScreenshot(screenPath + i + ".png"): Taking screenshot successfully

2020-01-05 08:08:38 - [MESSAGE][PASSED] - Taking screenshot successfully
[[ATTACHMENT|D:\\Test\\AgileTest\\Reports\\AHI\\stm\\20200105_080028\\../Screenshots/iPhone 6/stm/AdvantHealth/20200105_080805/2.png]]

2020-01-05 08:08:38 - [TEST_STEP][PASSED] - (internal.GlobalVariable.i++): null

2020-01-05 08:08:38 - [MESSAGE][PASSED] - Call Test Case 'Test Cases/AHI/_include/get_screenshot' successfully

2020-01-05 08:08:38 - [TEST_STEP][PASSED] - Thread.sleep(1000): null

2020-01-05 08:08:39 - [MESSAGE][PASSED] - Call Test Case 'Test Cases/AHI/_include/census_stm' successfully

2020-01-05 08:08:39 - [TEST_STEP][PASSED] - callTestCase(findTestCase("AHI/_include/filter_stm"), ["carrier":"advanthealth"], STOP_ON_FAILURE): Call Test Case 'Test Cases/AHI/_include/filter_stm' successfully

2020-01-05 08:08:39 - [TEST_CASE][PASSED] - Test Cases/AHI/_include/filter_stm: Test Cases/AHI/_include/filter_stm

2020-01-05 08:08:40 - [TEST_STEP][PASSED] - driver = getWebDriver(): null

2020-01-05 08:08:40 - [TEST_STEP][PASSED] - selenium = new com.thoughtworks.selenium.webdriven.WebDriverBackedSelenium(driver, internal.GlobalVariable.ENV): null

2020-01-05 08:08:40 - [TEST_STEP][PASSED] - Thread.sleep(1000): null

2020-01-05 08:08:41 - [TEST_STEP][PASSED] - click(findTestObject("mobileSanity/STM/STM Quote Page/button_filters")): Object: 'Object Repository/mobileSanity/STM/STM Quote Page/button_filters' is clicked on

2020-01-05 08:08:42 - [MESSAGE][PASSED] - Object: 'Object Repository/mobileSanity/STM/STM Quote Page/button_filters' is clicked on

2020-01-05 08:08:42 - [TEST_STEP][PASSED] - Thread.sleep(1000): null

2020-01-05 08:08:43 - [TEST_STEP][PASSED] - click(findTestObject("mobileSanity/STM/STM Quote Page/i_Insurance company")): Object: 'Object Repository/mobileSanity/STM/STM Quote Page/i_Insurance company' is clicked on

2020-01-05 08:08:43 - [MESSAGE][PASSED] - Object: 'Object Repository/mobileSanity/STM/STM Quote Page/i_Insurance company' is clicked on

2020-01-05 08:08:43 - [TEST_STEP][PASSED] - Thread.sleep(1000): null

2020-01-05 08:08:44 - [TEST_STEP][PASSED] - filter_carrier = "//input[@name='filter[carrier]' and @value='" + carrier + "']/following::label": null

2020-01-05 08:08:44 - [TEST_STEP][PASSED] - println(filter_carrier): null

2020-01-05 08:08:44 - [TEST_STEP][PASSED] - test.MobileKeywords.clickJS_ByXpath(filter_carrier): test.MobileKeywords.clickJS_ByXpath is PASSED

2020-01-05 08:08:45 - [MESSAGE][PASSED] - Execute JavaScript 'arguments[0].click()' successfully

2020-01-05 08:08:45 - [MESSAGE][PASSED] - test.MobileKeywords.clickJS_ByXpath is PASSED

2020-01-05 08:08:45 - [TEST_STEP][PASSED] - click(findTestObject("mobileSanity/STM/STM Quote Page/js-close c-link-button")): Object: 'Object Repository/mobileSanity/STM/STM Quote Page/js-close c-link-button' is clicked on

2020-01-05 08:08:47 - [MESSAGE][PASSED] - Object: 'Object Repository/mobileSanity/STM/STM Quote Page/js-close c-link-button' is clicked on

2020-01-05 08:08:47 - [TEST_STEP][PASSED] - Thread.sleep(2000): null

2020-01-05 08:08:49 - [TEST_STEP][PASSED] - callTestCase(findTestCase("AHI/_include/get_screenshot"), [:], STOP_ON_FAILURE): Call Test Case 'Test Cases/AHI/_include/get_screenshot' successfully

2020-01-05 08:08:49 - [TEST_CASE][PASSED] - Test Cases/AHI/_include/get_screenshot: Test Cases/AHI/_include/get_screenshot

2020-01-05 08:08:49 - [TEST_STEP][PASSED] - takeScreenshot(screenPath + i + ".png"): Taking screenshot successfully

2020-01-05 08:08:50 - [MESSAGE][PASSED] - Taking screenshot successfully
[[ATTACHMENT|D:\\Test\\AgileTest\\Reports\\AHI\\stm\\20200105_080028\\../Screenshots/iPhone 6/stm/AdvantHealth/20200105_080805/3.png]]

2020-01-05 08:08:50 - [TEST_STEP][PASSED] - (internal.GlobalVariable.i++): null

2020-01-05 08:08:50 - [MESSAGE][PASSED] - Call Test Case 'Test Cases/AHI/_include/get_screenshot' successfully

2020-01-05 08:08:50 - [MESSAGE][PASSED] - Call Test Case 'Test Cases/AHI/_include/filter_stm' successfully

2020-01-05 08:08:50 - [TEST_STEP][PASSED] - callTestCase(findTestCase("AHI/_include/goToDetail_stm"), ["carrier":"advanthealth"], STOP_ON_FAILURE): Call Test Case 'Test Cases/AHI/_include/goToDetail_stm' successfully

2020-01-05 08:08:50 - [TEST_CASE][PASSED] - Test Cases/AHI/_include/goToDetail_stm: Test Cases/AHI/_include/goToDetail_stm

2020-01-05 08:08:50 - [TEST_STEP][PASSED] - driver = getWebDriver(): null

2020-01-05 08:08:50 - [TEST_STEP][PASSED] - selenium = new com.thoughtworks.selenium.webdriven.WebDriverBackedSelenium(driver, internal.GlobalVariable.ENV): null

2020-01-05 08:08:50 - [TEST_STEP][PASSED] - a_plan_name = "xpath=//a[contains(@href,'/term-health-insurance/plan/" + carrier + "')]": null

2020-01-05 08:08:50 - [TEST_STEP][PASSED] - println(a_plan_name): null

2020-01-05 08:08:50 - [TEST_STEP][PASSED] - selenium.click(a_plan_name): null

2020-01-05 08:08:52 - [TEST_STEP][PASSED] - waitForPageLoad(20): Wait for page load successfully

2020-01-05 08:08:53 - [MESSAGE][PASSED] - Wait for page load successfully

2020-01-05 08:08:53 - [TEST_STEP][PASSED] - Thread.sleep(2000): null

2020-01-05 08:08:55 - [TEST_STEP][PASSED] - callTestCase(findTestCase("AHI/_include/get_screenshot"), [:], STOP_ON_FAILURE): Call Test Case 'Test Cases/AHI/_include/get_screenshot' successfully

2020-01-05 08:08:55 - [TEST_CASE][PASSED] - Test Cases/AHI/_include/get_screenshot: Test Cases/AHI/_include/get_screenshot

2020-01-05 08:08:55 - [TEST_STEP][PASSED] - takeScreenshot(screenPath + i + ".png"): Taking screenshot successfully

2020-01-05 08:08:56 - [MESSAGE][PASSED] - Taking screenshot successfully
[[ATTACHMENT|D:\\Test\\AgileTest\\Reports\\AHI\\stm\\20200105_080028\\../Screenshots/iPhone 6/stm/AdvantHealth/20200105_080805/4.png]]

2020-01-05 08:08:56 - [TEST_STEP][PASSED] - (internal.GlobalVariable.i++): null

2020-01-05 08:08:56 - [MESSAGE][PASSED] - Call Test Case 'Test Cases/AHI/_include/get_screenshot' successfully

2020-01-05 08:08:56 - [MESSAGE][PASSED] - Call Test Case 'Test Cases/AHI/_include/goToDetail_stm' successfully

2020-01-05 08:08:56 - [TEST_STEP][PASSED] - callTestCase(findTestCase("AHI/_include/apply_stm"), [:], STOP_ON_FAILURE): Call Test Case 'Test Cases/AHI/_include/apply_stm' successfully

2020-01-05 08:08:56 - [TEST_CASE][PASSED] - Test Cases/AHI/_include/apply_stm: Test Cases/AHI/_include/apply_stm

2020-01-05 08:08:56 - [TEST_STEP][PASSED] - waitForElementVisible(findTestObject("mobileSanity/STM/STM PlanDetail Page/a_Apply for This Plan"), 5): Object 'Object Repository/mobileSanity/STM/STM PlanDetail Page/a_Apply for This Plan' is visible

2020-01-05 08:08:56 - [MESSAGE][PASSED] - Object 'Object Repository/mobileSanity/STM/STM PlanDetail Page/a_Apply for This Plan' is visible

2020-01-05 08:08:56 - [TEST_STEP][PASSED] - click(findTestObject("mobileSanity/STM/STM PlanDetail Page/a_Apply for This Plan")): Object: 'Object Repository/mobileSanity/STM/STM PlanDetail Page/a_Apply for This Plan' is clicked on

2020-01-05 08:08:57 - [MESSAGE][PASSED] - Object: 'Object Repository/mobileSanity/STM/STM PlanDetail Page/a_Apply for This Plan' is clicked on

2020-01-05 08:08:57 - [TEST_STEP][PASSED] - waitForPageLoad(10): Wait for page load successfully

2020-01-05 08:08:57 - [MESSAGE][PASSED] - Wait for page load successfully

2020-01-05 08:08:57 - [TEST_STEP][PASSED] - Thread.sleep(2000): null

2020-01-05 08:08:59 - [TEST_STEP][PASSED] - callTestCase(findTestCase("AHI/_include/get_screenshot"), [:], STOP_ON_FAILURE): Call Test Case 'Test Cases/AHI/_include/get_screenshot' successfully

2020-01-05 08:08:59 - [TEST_CASE][PASSED] - Test Cases/AHI/_include/get_screenshot: Test Cases/AHI/_include/get_screenshot

2020-01-05 08:08:59 - [TEST_STEP][PASSED] - takeScreenshot(screenPath + i + ".png"): Taking screenshot successfully

2020-01-05 08:08:59 - [MESSAGE][PASSED] - Taking screenshot successfully
[[ATTACHMENT|D:\\Test\\AgileTest\\Reports\\AHI\\stm\\20200105_080028\\../Screenshots/iPhone 6/stm/AdvantHealth/20200105_080805/5.png]]

2020-01-05 08:08:59 - [TEST_STEP][PASSED] - (internal.GlobalVariable.i++): null

2020-01-05 08:08:59 - [MESSAGE][PASSED] - Call Test Case 'Test Cases/AHI/_include/get_screenshot' successfully

2020-01-05 08:08:59 - [TEST_STEP][PASSED] - waitForElementVisible(findTestObject("mobileSanity/STM/STM Apply Page/a_Start Secure Application"), 5): Object 'Object Repository/mobileSanity/STM/STM Apply Page/a_Start Secure Application' is visible

2020-01-05 08:08:59 - [MESSAGE][PASSED] - Object 'Object Repository/mobileSanity/STM/STM Apply Page/a_Start Secure Application' is visible

2020-01-05 08:08:59 - [TEST_STEP][PASSED] - click(findTestObject("mobileSanity/STM/STM Apply Page/a_Start Secure Application")): Object: 'Object Repository/mobileSanity/STM/STM Apply Page/a_Start Secure Application' is clicked on

2020-01-05 08:09:00 - [MESSAGE][PASSED] - Object: 'Object Repository/mobileSanity/STM/STM Apply Page/a_Start Secure Application' is clicked on

2020-01-05 08:09:00 - [TEST_STEP][PASSED] - waitForPageLoad(20): Wait for page load successfully

2020-01-05 08:09:01 - [MESSAGE][PASSED] - Wait for page load successfully

2020-01-05 08:09:01 - [TEST_STEP][PASSED] - Thread.sleep(2000): null

2020-01-05 08:09:03 - [TEST_STEP][PASSED] - callTestCase(findTestCase("AHI/_include/get_screenshot"), [:], STOP_ON_FAILURE): Call Test Case 'Test Cases/AHI/_include/get_screenshot' successfully

2020-01-05 08:09:03 - [TEST_CASE][PASSED] - Test Cases/AHI/_include/get_screenshot: Test Cases/AHI/_include/get_screenshot

2020-01-05 08:09:03 - [TEST_STEP][PASSED] - takeScreenshot(screenPath + i + ".png"): Taking screenshot successfully

2020-01-05 08:09:04 - [MESSAGE][PASSED] - Taking screenshot successfully
[[ATTACHMENT|D:\\Test\\AgileTest\\Reports\\AHI\\stm\\20200105_080028\\../Screenshots/iPhone 6/stm/AdvantHealth/20200105_080805/6.png]]

2020-01-05 08:09:04 - [TEST_STEP][PASSED] - (internal.GlobalVariable.i++): null

2020-01-05 08:09:04 - [MESSAGE][PASSED] - Call Test Case 'Test Cases/AHI/_include/get_screenshot' successfully

2020-01-05 08:09:04 - [MESSAGE][PASSED] - Call Test Case 'Test Cases/AHI/_include/apply_stm' successfully

2020-01-05 08:09:04 - [TEST_STEP][PASSED] - callTestCase(findTestCase("AHI/_include/goToEnd_stm_autofill"), [:], STOP_ON_FAILURE): Call Test Case 'Test Cases/AHI/_include/goToEnd_stm_autofill' successfully

2020-01-05 08:09:04 - [TEST_CASE][PASSED] - Test Cases/AHI/_include/goToEnd_stm_autofill: Test Cases/AHI/_include/goToEnd_stm_autofill

2020-01-05 08:09:04 - [TEST_STEP][PASSED] - callTestCase(findTestCase("AHI/_include/name"), [:], CONTINUE_ON_FAILURE): Call Test Case 'Test Cases/AHI/_include/name' successfully

2020-01-05 08:09:04 - [TEST_CASE][PASSED] - Test Cases/AHI/_include/name: Test Cases/AHI/_include/name

2020-01-05 08:09:04 - [TEST_STEP][PASSED] - driver = getWebDriver(): null

2020-01-05 08:09:04 - [TEST_STEP][PASSED] - selenium = new com.thoughtworks.selenium.webdriven.WebDriverBackedSelenium(driver, internal.GlobalVariable.ENV): null

2020-01-05 08:09:04 - [TEST_STEP][PASSED] - FirstName = "Test-123": null

2020-01-05 08:09:04 - [TEST_STEP][PASSED] - LastName = selenium.getEval("{var x="ABCDEFGHIJKLMNOPQRSTUVWXYZabcdefghijklmnopqrstuvwxyz"; var tmp="ZZ11-"; for (i=0;i<8;i++) tmp+=x.charAt(Math.ceil(51*Math.random()));tmp;}"): null

2020-01-05 08:09:04 - [TEST_STEP][PASSED] - Address = selenium.getEval("{var x="ABCDEFGHIJKLMNOPQRSTUVWXYZabcdefghijklmnopqrstuvwxyz"; var tmp=""; for (i=0;i<8;i++) tmp+=x.charAt(Math.ceil(51*Math.random()));tmp;}"): null

2020-01-05 08:09:04 - [TEST_STEP][PASSED] - City = selenium.getEval("{var x="ABCDEFGHIJKLMNOPQRSTUVWXYZabcdefghijklmnopqrstuvwxyz"; var tmp=""; for (i=0;i<8;i++) tmp+=x.charAt(Math.ceil(51*Math.random()));tmp;}"): null

2020-01-05 08:09:04 - [TEST_STEP][PASSED] - tel1 = selenium.getEval("{var x="123456789"; var tmp=""; for (i=0;i<3;i++) tmp+=x.charAt(Math.ceil(8*Math.random()));tmp;}"): null

2020-01-05 08:09:04 - [TEST_STEP][PASSED] - tel2 = selenium.getEval("{var x="123456789"; var tmp=""; for (i=0;i<3;i++) tmp+=x.charAt(Math.ceil(8*Math.random()));tmp;}"): null

2020-01-05 08:09:04 - [TEST_STEP][PASSED] - tel3 = selenium.getEval("{var x="123456789"; var tmp=""; for (i=0;i<4;i++) tmp+=x.charAt(Math.ceil(8*Math.random()));tmp;}"): null

2020-01-05 08:09:04 - [TEST_STEP][PASSED] - Tel = selenium.getExpression(tel1 + "-" + tel2 + "-" + tel3): null

2020-01-05 08:09:04 - [TEST_STEP][PASSED] - AutoEmail = selenium.getEval("{var x="ABCDEFGHIJKLMNOPQRSTUVWXYZabcdefghijklmnopqrstuvwxyz"; var tmp="test."; for (i=0;i<8;i++) tmp+=x.charAt(Math.ceil(51*Math.random()));tmp+="@suryani.cn";}"): null

2020-01-05 08:09:04 - [TEST_STEP][PASSED] - FirstName = FirstName: null

2020-01-05 08:09:04 - [TEST_STEP][PASSED] - LastName = LastName: null

2020-01-05 08:09:04 - [TEST_STEP][PASSED] - Address = Address: null

2020-01-05 08:09:04 - [TEST_STEP][PASSED] - City = City: null

2020-01-05 08:09:04 - [TEST_STEP][PASSED] - Tel = Tel: null

2020-01-05 08:09:04 - [TEST_STEP][PASSED] - AutoEmail = AutoEmail: null

2020-01-05 08:09:04 - [TEST_STEP][PASSED] - println(FirstName): null

2020-01-05 08:09:04 - [TEST_STEP][PASSED] - println(LastName): null

2020-01-05 08:09:04 - [TEST_STEP][PASSED] - println(Address): null

2020-01-05 08:09:04 - [TEST_STEP][PASSED] - println(City): null

2020-01-05 08:09:04 - [TEST_STEP][PASSED] - println(Tel): null

2020-01-05 08:09:04 - [TEST_STEP][PASSED] - println(AutoEmail): null

2020-01-05 08:09:04 - [MESSAGE][PASSED] - Call Test Case 'Test Cases/AHI/_include/name' successfully

2020-01-05 08:09:04 - [TEST_STEP][PASSED] - try: Call Test Case 'Test Cases/AHI/_include/get_screenshot' successfully

2020-01-05 08:09:04 - [TEST_STEP][PASSED] - if (verifyTextPresent("Month Duration Acknowledgement", false)): Call Test Case 'Test Cases/AHI/_include/get_screenshot' successfully

2020-01-05 08:09:04 - [MESSAGE][PASSED] - Text 'Month Duration Acknowledgement' is present on page 

2020-01-05 08:09:04 - [TEST_STEP][PASSED] - click(findTestObject("mobileSanity/STM/Page_App Page 1/label_By checking this box I u")): Object: 'Object Repository/mobileSanity/STM/Page_App Page 1/label_By checking this box I u' is clicked on

2020-01-05 08:09:05 - [MESSAGE][PASSED] - Object: 'Object Repository/mobileSanity/STM/Page_App Page 1/label_By checking this box I u' is clicked on

2020-01-05 08:09:05 - [TEST_STEP][PASSED] - click(findTestObject("mobileSanity/STM/Page_App Page 1/button_Continue to Application")): Object: 'Object Repository/mobileSanity/STM/Page_App Page 1/button_Continue to Application' is clicked on

2020-01-05 08:09:05 - [MESSAGE][PASSED] - Object: 'Object Repository/mobileSanity/STM/Page_App Page 1/button_Continue to Application' is clicked on

2020-01-05 08:09:05 - [TEST_STEP][PASSED] - waitForPageLoad(20): Wait for page load successfully

2020-01-05 08:09:07 - [MESSAGE][PASSED] - Wait for page load successfully

2020-01-05 08:09:07 - [TEST_STEP][PASSED] - Thread.sleep(5000): null

2020-01-05 08:09:12 - [TEST_STEP][PASSED] - callTestCase(findTestCase("AHI/_include/get_screenshot"), [:], STOP_ON_FAILURE): Call Test Case 'Test Cases/AHI/_include/get_screenshot' successfully

2020-01-05 08:09:12 - [TEST_CASE][PASSED] - Test Cases/AHI/_include/get_screenshot: Test Cases/AHI/_include/get_screenshot

2020-01-05 08:09:12 - [TEST_STEP][PASSED] - takeScreenshot(screenPath + i + ".png"): Taking screenshot successfully

2020-01-05 08:09:12 - [MESSAGE][PASSED] - Taking screenshot successfully
[[ATTACHMENT|D:\\Test\\AgileTest\\Reports\\AHI\\stm\\20200105_080028\\../Screenshots/iPhone 6/stm/AdvantHealth/20200105_080805/7.png]]

2020-01-05 08:09:12 - [TEST_STEP][PASSED] - (internal.GlobalVariable.i++): null

2020-01-05 08:09:12 - [MESSAGE][PASSED] - Call Test Case 'Test Cases/AHI/_include/get_screenshot' successfully

2020-01-05 08:09:12 - [TEST_STEP][PASSED] - waitForPageLoad(10): Wait for page load successfully

2020-01-05 08:09:12 - [MESSAGE][PASSED] - Wait for page load successfully

2020-01-05 08:09:12 - [TEST_STEP][PASSED] - Thread.sleep(3000): null

2020-01-05 08:09:15 - [TEST_STEP][PASSED] - waitForElementVisible(findTestObject("mobileSanity/STM/Page_App Page 1/a_Autofill App Info"), 20): Object 'Object Repository/mobileSanity/STM/Page_App Page 1/a_Autofill App Info' is visible

2020-01-05 08:09:15 - [MESSAGE][PASSED] - Object 'Object Repository/mobileSanity/STM/Page_App Page 1/a_Autofill App Info' is visible

2020-01-05 08:09:15 - [TEST_STEP][PASSED] - click(findTestObject("mobileSanity/STM/Page_App Page 1/a_Autofill App Info")): Object: 'Object Repository/mobileSanity/STM/Page_App Page 1/a_Autofill App Info' is clicked on

2020-01-05 08:09:15 - [MESSAGE][PASSED] - Object: 'Object Repository/mobileSanity/STM/Page_App Page 1/a_Autofill App Info' is clicked on

2020-01-05 08:09:15 - [TEST_STEP][PASSED] - Thread.sleep(1000): null

2020-01-05 08:09:16 - [TEST_STEP][PASSED] - click(findTestObject("mobileSanity/STM/Page_App Page 1/a_Autofill App Info")): Object: 'Object Repository/mobileSanity/STM/Page_App Page 1/a_Autofill App Info' is clicked on

2020-01-05 08:09:16 - [MESSAGE][PASSED] - Object: 'Object Repository/mobileSanity/STM/Page_App Page 1/a_Autofill App Info' is clicked on

2020-01-05 08:09:16 - [TEST_STEP][PASSED] - Thread.sleep(1000): null

2020-01-05 08:09:17 - [TEST_STEP][PASSED] - waitForElementVisible(findTestObject("mobileSanity/STM/Page_App Page 1/a_Continue"), 20): Object 'Object Repository/mobileSanity/STM/Page_App Page 1/a_Continue' is visible

2020-01-05 08:09:18 - [MESSAGE][PASSED] - Object 'Object Repository/mobileSanity/STM/Page_App Page 1/a_Continue' is visible

2020-01-05 08:09:18 - [TEST_STEP][PASSED] - click(findTestObject("mobileSanity/STM/Page_App Page 1/a_Continue")): Object: 'Object Repository/mobileSanity/STM/Page_App Page 1/a_Continue' is clicked on

2020-01-05 08:09:18 - [MESSAGE][PASSED] - Object: 'Object Repository/mobileSanity/STM/Page_App Page 1/a_Continue' is clicked on

2020-01-05 08:09:18 - [TEST_STEP][PASSED] - waitForPageLoad(20): Wait for page load successfully

2020-01-05 08:09:18 - [MESSAGE][PASSED] - Wait for page load successfully

2020-01-05 08:09:18 - [TEST_STEP][PASSED] - Thread.sleep(5000): null

2020-01-05 08:09:23 - [TEST_STEP][PASSED] - callTestCase(findTestCase("AHI/_include/get_screenshot"), [:], STOP_ON_FAILURE): Call Test Case 'Test Cases/AHI/_include/get_screenshot' successfully

2020-01-05 08:09:23 - [TEST_CASE][PASSED] - Test Cases/AHI/_include/get_screenshot: Test Cases/AHI/_include/get_screenshot

2020-01-05 08:09:23 - [TEST_STEP][PASSED] - takeScreenshot(screenPath + i + ".png"): Taking screenshot successfully

2020-01-05 08:09:24 - [MESSAGE][PASSED] - Taking screenshot successfully
[[ATTACHMENT|D:\\Test\\AgileTest\\Reports\\AHI\\stm\\20200105_080028\\../Screenshots/iPhone 6/stm/AdvantHealth/20200105_080805/8.png]]

2020-01-05 08:09:24 - [TEST_STEP][PASSED] - (internal.GlobalVariable.i++): null

2020-01-05 08:09:24 - [MESSAGE][PASSED] - Call Test Case 'Test Cases/AHI/_include/get_screenshot' successfully

2020-01-05 08:09:24 - [TEST_STEP][PASSED] - click(findTestObject("mobileSanity/STM/Page_App Page 2/a_Continue to Step 3 - Payment")): Object: 'Object Repository/mobileSanity/STM/Page_App Page 2/a_Continue to Step 3 - Payment' is clicked on

2020-01-05 08:09:24 - [MESSAGE][PASSED] - Object: 'Object Repository/mobileSanity/STM/Page_App Page 2/a_Continue to Step 3 - Payment' is clicked on

2020-01-05 08:09:24 - [TEST_STEP][PASSED] - waitForPageLoad(20): Wait for page load successfully

2020-01-05 08:09:24 - [MESSAGE][PASSED] - Wait for page load successfully

2020-01-05 08:09:24 - [TEST_STEP][PASSED] - waitForElementVisible(findTestObject("mobileSanity/STM/Page_App Page 3/input__credit-card-cvv"), 20): Object 'Object Repository/mobileSanity/STM/Page_App Page 3/input__credit-card-cvv' is visible

2020-01-05 08:09:24 - [MESSAGE][PASSED] - Object 'Object Repository/mobileSanity/STM/Page_App Page 3/input__credit-card-cvv' is visible

2020-01-05 08:09:24 - [TEST_STEP][PASSED] - Thread.sleep(2000): null

2020-01-05 08:09:26 - [TEST_STEP][PASSED] - callTestCase(findTestCase("AHI/_include/get_screenshot"), [:], STOP_ON_FAILURE): Call Test Case 'Test Cases/AHI/_include/get_screenshot' successfully

2020-01-05 08:09:26 - [TEST_CASE][PASSED] - Test Cases/AHI/_include/get_screenshot: Test Cases/AHI/_include/get_screenshot

2020-01-05 08:09:26 - [TEST_STEP][PASSED] - takeScreenshot(screenPath + i + ".png"): Taking screenshot successfully

2020-01-05 08:09:27 - [MESSAGE][PASSED] - Taking screenshot successfully
[[ATTACHMENT|D:\\Test\\AgileTest\\Reports\\AHI\\stm\\20200105_080028\\../Screenshots/iPhone 6/stm/AdvantHealth/20200105_080805/9.png]]

2020-01-05 08:09:27 - [TEST_STEP][PASSED] - (internal.GlobalVariable.i++): null

2020-01-05 08:09:27 - [MESSAGE][PASSED] - Call Test Case 'Test Cases/AHI/_include/get_screenshot' successfully

2020-01-05 08:09:27 - [TEST_STEP][PASSED] - clearText(findTestObject("mobileSanity/STM/Page_App Page 3/input__credit-card-cvv")): Text of object 'Object Repository/mobileSanity/STM/Page_App Page 3/input__credit-card-cvv' is cleared

2020-01-05 08:09:27 - [MESSAGE][PASSED] - Text of object 'Object Repository/mobileSanity/STM/Page_App Page 3/input__credit-card-cvv' is cleared

2020-01-05 08:09:27 - [TEST_STEP][PASSED] - setText(findTestObject("mobileSanity/STM/Page_App Page 3/input__credit-card-cvv"), "123"): Text '123' is set on object 'Object Repository/mobileSanity/STM/Page_App Page 3/input__credit-card-cvv'

2020-01-05 08:09:27 - [MESSAGE][PASSED] - Text '123' is set on object 'Object Repository/mobileSanity/STM/Page_App Page 3/input__credit-card-cvv'

2020-01-05 08:09:27 - [TEST_STEP][PASSED] - click(findTestObject("mobileSanity/STM/Page_App Page 3/label_I Accept Authorization f")): Object: 'Object Repository/mobileSanity/STM/Page_App Page 3/label_I Accept Authorization f' is clicked on

2020-01-05 08:09:27 - [MESSAGE][PASSED] - Object: 'Object Repository/mobileSanity/STM/Page_App Page 3/label_I Accept Authorization f' is clicked on

2020-01-05 08:09:27 - [TEST_STEP][PASSED] - click(findTestObject("mobileSanity/STM/Page_App Page 3/a_Continue to Step 4 - Review")): Object: 'Object Repository/mobileSanity/STM/Page_App Page 3/a_Continue to Step 4 - Review' is clicked on

2020-01-05 08:09:27 - [MESSAGE][PASSED] - Object: 'Object Repository/mobileSanity/STM/Page_App Page 3/a_Continue to Step 4 - Review' is clicked on

2020-01-05 08:09:27 - [TEST_STEP][PASSED] - waitForPageLoad(10): Wait for page load successfully

2020-01-05 08:09:27 - [MESSAGE][PASSED] - Wait for page load successfully

2020-01-05 08:09:27 - [TEST_STEP][PASSED] - waitForElementClickable(findTestObject("mobileSanity/STM/Page_App Page 4/label"), 10): Object 'Object Repository/mobileSanity/STM/Page_App Page 4/label' is clickable

2020-01-05 08:09:28 - [MESSAGE][PASSED] - Object 'Object Repository/mobileSanity/STM/Page_App Page 4/label' is clickable

2020-01-05 08:09:28 - [TEST_STEP][PASSED] - Thread.sleep(2000): null

2020-01-05 08:09:30 - [TEST_STEP][PASSED] - callTestCase(findTestCase("AHI/_include/get_screenshot"), [:], STOP_ON_FAILURE): Call Test Case 'Test Cases/AHI/_include/get_screenshot' successfully

2020-01-05 08:09:30 - [TEST_CASE][PASSED] - Test Cases/AHI/_include/get_screenshot: Test Cases/AHI/_include/get_screenshot

2020-01-05 08:09:30 - [TEST_STEP][PASSED] - takeScreenshot(screenPath + i + ".png"): Taking screenshot successfully

2020-01-05 08:09:30 - [MESSAGE][PASSED] - Taking screenshot successfully
[[ATTACHMENT|D:\\Test\\AgileTest\\Reports\\AHI\\stm\\20200105_080028\\../Screenshots/iPhone 6/stm/AdvantHealth/20200105_080805/10.png]]

2020-01-05 08:09:30 - [TEST_STEP][PASSED] - (internal.GlobalVariable.i++): null

2020-01-05 08:09:30 - [MESSAGE][PASSED] - Call Test Case 'Test Cases/AHI/_include/get_screenshot' successfully

2020-01-05 08:09:30 - [TEST_STEP][PASSED] - click(findTestObject("mobileSanity/STM/Page_App Page 4/label")): Object: 'Object Repository/mobileSanity/STM/Page_App Page 4/label' is clicked on

2020-01-05 08:09:30 - [MESSAGE][PASSED] - Object: 'Object Repository/mobileSanity/STM/Page_App Page 4/label' is clicked on

2020-01-05 08:09:30 - [TEST_STEP][PASSED] - click(findTestObject("mobileSanity/STM/Page_App Page 4/div_CLICK TO SIGN")): Object: 'Object Repository/mobileSanity/STM/Page_App Page 4/div_CLICK TO SIGN' is clicked on

2020-01-05 08:09:31 - [MESSAGE][PASSED] - Object: 'Object Repository/mobileSanity/STM/Page_App Page 4/div_CLICK TO SIGN' is clicked on

2020-01-05 08:09:31 - [TEST_STEP][PASSED] - click(findTestObject("mobileSanity/STM/Page_App Page 4/a_Submit Your Application")): Object: 'Object Repository/mobileSanity/STM/Page_App Page 4/a_Submit Your Application' is clicked on

2020-01-05 08:09:31 - [MESSAGE][PASSED] - Object: 'Object Repository/mobileSanity/STM/Page_App Page 4/a_Submit Your Application' is clicked on

2020-01-05 08:09:31 - [TEST_STEP][PASSED] - Thread.sleep(30000): null

2020-01-05 08:10:01 - [TEST_STEP][PASSED] - waitForElementPresent(findTestObject("mobileSanity/STM/Page_App Page 6/app-page-wrapper"), 20): Object 'Object Repository/mobileSanity/STM/Page_App Page 6/app-page-wrapper' is present

2020-01-05 08:10:01 - [MESSAGE][PASSED] - Object 'Object Repository/mobileSanity/STM/Page_App Page 6/app-page-wrapper' is present

2020-01-05 08:10:01 - [TEST_STEP][PASSED] - callTestCase(findTestCase("AHI/_include/get_screenshot"), [:], STOP_ON_FAILURE): Call Test Case 'Test Cases/AHI/_include/get_screenshot' successfully

2020-01-05 08:10:01 - [TEST_CASE][PASSED] - Test Cases/AHI/_include/get_screenshot: Test Cases/AHI/_include/get_screenshot

2020-01-05 08:10:01 - [TEST_STEP][PASSED] - takeScreenshot(screenPath + i + ".png"): Taking screenshot successfully

2020-01-05 08:10:02 - [MESSAGE][PASSED] - Taking screenshot successfully
[[ATTACHMENT|D:\\Test\\AgileTest\\Reports\\AHI\\stm\\20200105_080028\\../Screenshots/iPhone 6/stm/AdvantHealth/20200105_080805/11.png]]

2020-01-05 08:10:02 - [TEST_STEP][PASSED] - (internal.GlobalVariable.i++): null

2020-01-05 08:10:02 - [MESSAGE][PASSED] - Call Test Case 'Test Cases/AHI/_include/get_screenshot' successfully

2020-01-05 08:10:02 - [MESSAGE][PASSED] - Call Test Case 'Test Cases/AHI/_include/goToEnd_stm_autofill' successfully]]></system-out>
         <system-err><![CDATA[]]></system-err>
      </testcase>
      <testcase name="Test Cases/AHI/stm/Aspen" classname="Test Cases/AHI/stm/Aspen" status="PASSED">
         <system-out><![CDATA[2020-01-05 08:10:02 - [TEST_CASE][PASSED] - Test Cases/AHI/stm/Aspen: Test Cases/AHI/stm/Aspen

2020-01-05 08:10:03 - [TEST_STEP][PASSED] - callTestCase(findTestCase("AHI/_include/get_screenPath"), ["productLine":"stm", "carrierName":"Aspen"], CONTINUE_ON_FAILURE): Call Test Case 'Test Cases/AHI/_include/get_screenPath' successfully

2020-01-05 08:10:03 - [TEST_CASE][PASSED] - Test Cases/AHI/_include/get_screenPath: Test Cases/AHI/_include/get_screenPath

2020-01-05 08:10:03 - [TEST_STEP][PASSED] - m = getExecutionProperties(): null

2020-01-05 08:10:03 - [TEST_STEP][PASSED] - deviceName = get("mobileEmulation").get("deviceName"): null

2020-01-05 08:10:03 - [TEST_STEP][PASSED] - println(deviceName): null

2020-01-05 08:10:03 - [TEST_STEP][PASSED] - now = new java.util.Date(): null

2020-01-05 08:10:03 - [TEST_STEP][PASSED] - mydate = now.format("yyyyMMdd_HHmmss"): null

2020-01-05 08:10:03 - [TEST_STEP][PASSED] - screenPath = "../Screenshots/": null

2020-01-05 08:10:03 - [TEST_STEP][PASSED] - screenPath = screenPath + deviceName + "/" + productLine + "/" + carrierName + "/" + mydate + "/": null

2020-01-05 08:10:03 - [TEST_STEP][PASSED] - println(screenPath): null

2020-01-05 08:10:03 - [MESSAGE][PASSED] - Call Test Case 'Test Cases/AHI/_include/get_screenPath' successfully

2020-01-05 08:10:03 - [TEST_STEP][PASSED] - i = 0: null

2020-01-05 08:10:03 - [TEST_STEP][PASSED] - callTestCase(findTestCase("AHI/_include/openWebSite"), [:], STOP_ON_FAILURE): Call Test Case 'Test Cases/AHI/_include/openWebSite' successfully

2020-01-05 08:10:03 - [TEST_CASE][PASSED] - Test Cases/AHI/_include/openWebSite: Test Cases/AHI/_include/openWebSite

2020-01-05 08:10:03 - [TEST_STEP][PASSED] - openBrowser(env): Browser is opened with url: 'https://praetemptatus.agilehealthinsurance.com'

2020-01-05 08:10:03 - [MESSAGE][WARNING] - A browser is already opened. Closing browser and opening a new one

2020-01-05 08:10:04 - [MESSAGE][INFO] - Starting 'Chrome' driver

2020-01-05 08:10:04 - [MESSAGE][INFO] - User set preference: ['mobileEmulation', '{deviceName=iPhone 6}']

2020-01-05 08:10:04 - [MESSAGE][INFO] - User set preference: ['args', '[--incognito, --aggressive-cache-discard, --window-size=375,677, --no-sandbox]']

2020-01-05 08:10:08 - [MESSAGE][PASSED] - Browser is opened with url: 'https://praetemptatus.agilehealthinsurance.com'

2020-01-05 08:10:08 - [TEST_STEP][PASSED] - waitForPageLoad(20): Wait for page load successfully

2020-01-05 08:10:08 - [MESSAGE][PASSED] - Wait for page load successfully

2020-01-05 08:10:08 - [TEST_STEP][PASSED] - callTestCase(findTestCase("AHI/_include/get_screenshot"), [:], STOP_ON_FAILURE): Call Test Case 'Test Cases/AHI/_include/get_screenshot' successfully

2020-01-05 08:10:09 - [TEST_CASE][PASSED] - Test Cases/AHI/_include/get_screenshot: Test Cases/AHI/_include/get_screenshot

2020-01-05 08:10:09 - [TEST_STEP][PASSED] - takeScreenshot(screenPath + i + ".png"): Taking screenshot successfully

2020-01-05 08:10:10 - [MESSAGE][PASSED] - Taking screenshot successfully
[[ATTACHMENT|D:\\Test\\AgileTest\\Reports\\AHI\\stm\\20200105_080028\\../Screenshots/iPhone 6/stm/Aspen/20200105_081003/0.png]]

2020-01-05 08:10:10 - [TEST_STEP][PASSED] - (internal.GlobalVariable.i++): null

2020-01-05 08:10:10 - [MESSAGE][PASSED] - Call Test Case 'Test Cases/AHI/_include/get_screenshot' successfully

2020-01-05 08:10:10 - [MESSAGE][PASSED] - Call Test Case 'Test Cases/AHI/_include/openWebSite' successfully

2020-01-05 08:10:10 - [TEST_STEP][PASSED] - callTestCase(findTestCase("AHI/_include/census_stm"), ["zipcode":"60602"], STOP_ON_FAILURE): Call Test Case 'Test Cases/AHI/_include/census_stm' successfully

2020-01-05 08:10:11 - [TEST_CASE][PASSED] - Test Cases/AHI/_include/census_stm: Test Cases/AHI/_include/census_stm

2020-01-05 08:10:11 - [TEST_STEP][PASSED] - waitForElementClickable(findTestObject("mobileSanity/STM/Home Page/a_Quote  Save Today"), 10): Object 'Object Repository/mobileSanity/STM/Home Page/a_Quote  Save Today' is clickable

2020-01-05 08:10:11 - [MESSAGE][PASSED] - Object 'Object Repository/mobileSanity/STM/Home Page/a_Quote  Save Today' is clickable

2020-01-05 08:10:11 - [TEST_STEP][PASSED] - click(findTestObject("mobileSanity/STM/Home Page/a_Quote  Save Today")): Object: 'Object Repository/mobileSanity/STM/Home Page/a_Quote  Save Today' is clicked on

2020-01-05 08:10:11 - [MESSAGE][PASSED] - Object: 'Object Repository/mobileSanity/STM/Home Page/a_Quote  Save Today' is clicked on

2020-01-05 08:10:11 - [TEST_STEP][PASSED] - waitForPageLoad(10): Wait for page load successfully

2020-01-05 08:10:11 - [MESSAGE][PASSED] - Wait for page load successfully

2020-01-05 08:10:11 - [TEST_STEP][PASSED] - callTestCase(findTestCase("AHI/_include/get_screenshot"), [:], STOP_ON_FAILURE): Call Test Case 'Test Cases/AHI/_include/get_screenshot' successfully

2020-01-05 08:10:11 - [TEST_CASE][PASSED] - Test Cases/AHI/_include/get_screenshot: Test Cases/AHI/_include/get_screenshot

2020-01-05 08:10:11 - [TEST_STEP][PASSED] - takeScreenshot(screenPath + i + ".png"): Taking screenshot successfully

2020-01-05 08:10:12 - [MESSAGE][PASSED] - Taking screenshot successfully
[[ATTACHMENT|D:\\Test\\AgileTest\\Reports\\AHI\\stm\\20200105_080028\\../Screenshots/iPhone 6/stm/Aspen/20200105_081003/1.png]]

2020-01-05 08:10:12 - [TEST_STEP][PASSED] - (internal.GlobalVariable.i++): null

2020-01-05 08:10:12 - [MESSAGE][PASSED] - Call Test Case 'Test Cases/AHI/_include/get_screenshot' successfully

2020-01-05 08:10:12 - [TEST_STEP][PASSED] - setText(findTestObject("mobileSanity/STM/STM Census Page/input_Location_zip-input"), zipcode): Text '60602' is set on object 'Object Repository/mobileSanity/STM/STM Census Page/input_Location_zip-input'

2020-01-05 08:10:13 - [MESSAGE][PASSED] - Text '60602' is set on object 'Object Repository/mobileSanity/STM/STM Census Page/input_Location_zip-input'

2020-01-05 08:10:13 - [TEST_STEP][PASSED] - Thread.sleep(500): null

2020-01-05 08:10:13 - [TEST_STEP][PASSED] - setText(findTestObject("mobileSanity/STM/STM Census Page/input_Date of Birth_dob-0"), "03031987"): Text '03031987' is set on object 'Object Repository/mobileSanity/STM/STM Census Page/input_Date of Birth_dob-0'

2020-01-05 08:10:13 - [MESSAGE][PASSED] - Text '03031987' is set on object 'Object Repository/mobileSanity/STM/STM Census Page/input_Date of Birth_dob-0'

2020-01-05 08:10:13 - [TEST_STEP][PASSED] - click(findTestObject("mobileSanity/STM/STM Census Page/label_Male")): Object: 'Object Repository/mobileSanity/STM/STM Census Page/label_Male' is clicked on

2020-01-05 08:10:13 - [MESSAGE][PASSED] - Object: 'Object Repository/mobileSanity/STM/STM Census Page/label_Male' is clicked on

2020-01-05 08:10:13 - [TEST_STEP][PASSED] - click(findTestObject("mobileSanity/STM/STM Census Page/label_Compare Plans")): Object: 'Object Repository/mobileSanity/STM/STM Census Page/label_Compare Plans' is clicked on

2020-01-05 08:10:15 - [MESSAGE][PASSED] - Object: 'Object Repository/mobileSanity/STM/STM Census Page/label_Compare Plans' is clicked on

2020-01-05 08:10:15 - [TEST_STEP][PASSED] - waitForElementVisible(findTestObject("mobileSanity/STM/STM Quote Page/button_sort"), 20): Object 'Object Repository/mobileSanity/STM/STM Quote Page/button_sort' is visible

2020-01-05 08:10:17 - [MESSAGE][PASSED] - Object 'Object Repository/mobileSanity/STM/STM Quote Page/button_sort' is visible

2020-01-05 08:10:17 - [TEST_STEP][PASSED] - Thread.sleep(3000): null

2020-01-05 08:10:20 - [TEST_STEP][PASSED] - callTestCase(findTestCase("AHI/_include/check_quoteleadform"), [:], STOP_ON_FAILURE): Call Test Case 'Test Cases/AHI/_include/check_quoteleadform' successfully

2020-01-05 08:10:20 - [TEST_CASE][PASSED] - Test Cases/AHI/_include/check_quoteleadform: Test Cases/AHI/_include/check_quoteleadform

2020-01-05 08:10:20 - [TEST_STEP][PASSED] - callTestCase(findTestCase("AHI/_include/name"), [:], CONTINUE_ON_FAILURE): Call Test Case 'Test Cases/AHI/_include/name' successfully

2020-01-05 08:10:20 - [TEST_CASE][PASSED] - Test Cases/AHI/_include/name: Test Cases/AHI/_include/name

2020-01-05 08:10:20 - [TEST_STEP][PASSED] - driver = getWebDriver(): null

2020-01-05 08:10:20 - [TEST_STEP][PASSED] - selenium = new com.thoughtworks.selenium.webdriven.WebDriverBackedSelenium(driver, internal.GlobalVariable.ENV): null

2020-01-05 08:10:20 - [TEST_STEP][PASSED] - FirstName = "Test-123": null

2020-01-05 08:10:20 - [TEST_STEP][PASSED] - LastName = selenium.getEval("{var x="ABCDEFGHIJKLMNOPQRSTUVWXYZabcdefghijklmnopqrstuvwxyz"; var tmp="ZZ11-"; for (i=0;i<8;i++) tmp+=x.charAt(Math.ceil(51*Math.random()));tmp;}"): null

2020-01-05 08:10:20 - [TEST_STEP][PASSED] - Address = selenium.getEval("{var x="ABCDEFGHIJKLMNOPQRSTUVWXYZabcdefghijklmnopqrstuvwxyz"; var tmp=""; for (i=0;i<8;i++) tmp+=x.charAt(Math.ceil(51*Math.random()));tmp;}"): null

2020-01-05 08:10:20 - [TEST_STEP][PASSED] - City = selenium.getEval("{var x="ABCDEFGHIJKLMNOPQRSTUVWXYZabcdefghijklmnopqrstuvwxyz"; var tmp=""; for (i=0;i<8;i++) tmp+=x.charAt(Math.ceil(51*Math.random()));tmp;}"): null

2020-01-05 08:10:20 - [TEST_STEP][PASSED] - tel1 = selenium.getEval("{var x="123456789"; var tmp=""; for (i=0;i<3;i++) tmp+=x.charAt(Math.ceil(8*Math.random()));tmp;}"): null

2020-01-05 08:10:20 - [TEST_STEP][PASSED] - tel2 = selenium.getEval("{var x="123456789"; var tmp=""; for (i=0;i<3;i++) tmp+=x.charAt(Math.ceil(8*Math.random()));tmp;}"): null

2020-01-05 08:10:20 - [TEST_STEP][PASSED] - tel3 = selenium.getEval("{var x="123456789"; var tmp=""; for (i=0;i<4;i++) tmp+=x.charAt(Math.ceil(8*Math.random()));tmp;}"): null

2020-01-05 08:10:20 - [TEST_STEP][PASSED] - Tel = selenium.getExpression(tel1 + "-" + tel2 + "-" + tel3): null

2020-01-05 08:10:20 - [TEST_STEP][PASSED] - AutoEmail = selenium.getEval("{var x="ABCDEFGHIJKLMNOPQRSTUVWXYZabcdefghijklmnopqrstuvwxyz"; var tmp="test."; for (i=0;i<8;i++) tmp+=x.charAt(Math.ceil(51*Math.random()));tmp+="@suryani.cn";}"): null

2020-01-05 08:10:20 - [TEST_STEP][PASSED] - FirstName = FirstName: null

2020-01-05 08:10:20 - [TEST_STEP][PASSED] - LastName = LastName: null

2020-01-05 08:10:20 - [TEST_STEP][PASSED] - Address = Address: null

2020-01-05 08:10:20 - [TEST_STEP][PASSED] - City = City: null

2020-01-05 08:10:20 - [TEST_STEP][PASSED] - Tel = Tel: null

2020-01-05 08:10:20 - [TEST_STEP][PASSED] - AutoEmail = AutoEmail: null

2020-01-05 08:10:20 - [TEST_STEP][PASSED] - println(FirstName): null

2020-01-05 08:10:20 - [TEST_STEP][PASSED] - println(LastName): null

2020-01-05 08:10:20 - [TEST_STEP][PASSED] - println(Address): null

2020-01-05 08:10:20 - [TEST_STEP][PASSED] - println(City): null

2020-01-05 08:10:20 - [TEST_STEP][PASSED] - println(Tel): null

2020-01-05 08:10:20 - [TEST_STEP][PASSED] - println(AutoEmail): null

2020-01-05 08:10:20 - [MESSAGE][PASSED] - Call Test Case 'Test Cases/AHI/_include/name' successfully

2020-01-05 08:10:20 - [TEST_STEP][PASSED] - leadform_exist = test.MobileKeywords.isElementPresent_Web(findTestObject("mobileSanity/quote lead form/lead_form"), 20): test.MobileKeywords.isElementPresent_Web is PASSED

2020-01-05 08:10:21 - [MESSAGE][PASSED] - test.MobileKeywords.isElementPresent_Web is PASSED

2020-01-05 08:10:21 - [TEST_STEP][PASSED] - if (leadform_exist): null

2020-01-05 08:10:21 - [TEST_STEP][PASSED] - setText(findTestObject("mobileSanity/quote lead form/first"), FirstName): Text 'Test-123' is set on object 'Object Repository/mobileSanity/quote lead form/first'

2020-01-05 08:10:21 - [MESSAGE][PASSED] - Text 'Test-123' is set on object 'Object Repository/mobileSanity/quote lead form/first'

2020-01-05 08:10:21 - [TEST_STEP][PASSED] - setText(findTestObject("mobileSanity/quote lead form/last"), LastName): Text 'ZZ11-XzKQnLRj' is set on object 'Object Repository/mobileSanity/quote lead form/last'

2020-01-05 08:10:21 - [MESSAGE][PASSED] - Text 'ZZ11-XzKQnLRj' is set on object 'Object Repository/mobileSanity/quote lead form/last'

2020-01-05 08:10:21 - [TEST_STEP][PASSED] - setText(findTestObject("mobileSanity/quote lead form/email"), AutoEmail): Text 'test.rfrDtGrS@suryani.cn' is set on object 'Object Repository/mobileSanity/quote lead form/email'

2020-01-05 08:10:22 - [MESSAGE][PASSED] - Text 'test.rfrDtGrS@suryani.cn' is set on object 'Object Repository/mobileSanity/quote lead form/email'

2020-01-05 08:10:22 - [TEST_STEP][PASSED] - setText(findTestObject("mobileSanity/quote lead form/phone"), Tel): Text '629-988-9964' is set on object 'Object Repository/mobileSanity/quote lead form/phone'

2020-01-05 08:10:22 - [MESSAGE][PASSED] - Text '629-988-9964' is set on object 'Object Repository/mobileSanity/quote lead form/phone'

2020-01-05 08:10:22 - [TEST_STEP][PASSED] - click(findTestObject("mobileSanity/quote lead form/submit")): Object: 'Object Repository/mobileSanity/quote lead form/submit' is clicked on

2020-01-05 08:10:23 - [MESSAGE][PASSED] - Object: 'Object Repository/mobileSanity/quote lead form/submit' is clicked on

2020-01-05 08:10:23 - [TEST_STEP][PASSED] - Thread.sleep(3000): null

2020-01-05 08:10:26 - [MESSAGE][PASSED] - Call Test Case 'Test Cases/AHI/_include/check_quoteleadform' successfully

2020-01-05 08:10:26 - [TEST_STEP][PASSED] - callTestCase(findTestCase("AHI/_include/get_screenshot"), [:], STOP_ON_FAILURE): Call Test Case 'Test Cases/AHI/_include/get_screenshot' successfully

2020-01-05 08:10:26 - [TEST_CASE][PASSED] - Test Cases/AHI/_include/get_screenshot: Test Cases/AHI/_include/get_screenshot

2020-01-05 08:10:26 - [TEST_STEP][PASSED] - takeScreenshot(screenPath + i + ".png"): Taking screenshot successfully

2020-01-05 08:10:26 - [MESSAGE][PASSED] - Taking screenshot successfully
[[ATTACHMENT|D:\\Test\\AgileTest\\Reports\\AHI\\stm\\20200105_080028\\../Screenshots/iPhone 6/stm/Aspen/20200105_081003/2.png]]

2020-01-05 08:10:26 - [TEST_STEP][PASSED] - (internal.GlobalVariable.i++): null

2020-01-05 08:10:26 - [MESSAGE][PASSED] - Call Test Case 'Test Cases/AHI/_include/get_screenshot' successfully

2020-01-05 08:10:26 - [TEST_STEP][PASSED] - Thread.sleep(1000): null

2020-01-05 08:10:27 - [MESSAGE][PASSED] - Call Test Case 'Test Cases/AHI/_include/census_stm' successfully

2020-01-05 08:10:27 - [TEST_STEP][PASSED] - callTestCase(findTestCase("AHI/_include/filter_stm"), ["carrier":"aspen"], STOP_ON_FAILURE): Call Test Case 'Test Cases/AHI/_include/filter_stm' successfully

2020-01-05 08:10:27 - [TEST_CASE][PASSED] - Test Cases/AHI/_include/filter_stm: Test Cases/AHI/_include/filter_stm

2020-01-05 08:10:27 - [TEST_STEP][PASSED] - driver = getWebDriver(): null

2020-01-05 08:10:27 - [TEST_STEP][PASSED] - selenium = new com.thoughtworks.selenium.webdriven.WebDriverBackedSelenium(driver, internal.GlobalVariable.ENV): null

2020-01-05 08:10:27 - [TEST_STEP][PASSED] - Thread.sleep(1000): null

2020-01-05 08:10:28 - [TEST_STEP][PASSED] - click(findTestObject("mobileSanity/STM/STM Quote Page/button_filters")): Object: 'Object Repository/mobileSanity/STM/STM Quote Page/button_filters' is clicked on

2020-01-05 08:10:29 - [MESSAGE][PASSED] - Object: 'Object Repository/mobileSanity/STM/STM Quote Page/button_filters' is clicked on

2020-01-05 08:10:29 - [TEST_STEP][PASSED] - Thread.sleep(1000): null

2020-01-05 08:10:30 - [TEST_STEP][PASSED] - click(findTestObject("mobileSanity/STM/STM Quote Page/i_Insurance company")): Object: 'Object Repository/mobileSanity/STM/STM Quote Page/i_Insurance company' is clicked on

2020-01-05 08:10:30 - [MESSAGE][PASSED] - Object: 'Object Repository/mobileSanity/STM/STM Quote Page/i_Insurance company' is clicked on

2020-01-05 08:10:30 - [TEST_STEP][PASSED] - Thread.sleep(1000): null

2020-01-05 08:10:31 - [TEST_STEP][PASSED] - filter_carrier = "//input[@name='filter[carrier]' and @value='" + carrier + "']/following::label": null

2020-01-05 08:10:31 - [TEST_STEP][PASSED] - println(filter_carrier): null

2020-01-05 08:10:31 - [TEST_STEP][PASSED] - test.MobileKeywords.clickJS_ByXpath(filter_carrier): test.MobileKeywords.clickJS_ByXpath is PASSED

2020-01-05 08:10:31 - [MESSAGE][PASSED] - Execute JavaScript 'arguments[0].click()' successfully

2020-01-05 08:10:31 - [MESSAGE][PASSED] - test.MobileKeywords.clickJS_ByXpath is PASSED

2020-01-05 08:10:31 - [TEST_STEP][PASSED] - click(findTestObject("mobileSanity/STM/STM Quote Page/js-close c-link-button")): Object: 'Object Repository/mobileSanity/STM/STM Quote Page/js-close c-link-button' is clicked on

2020-01-05 08:10:31 - [MESSAGE][PASSED] - Object: 'Object Repository/mobileSanity/STM/STM Quote Page/js-close c-link-button' is clicked on

2020-01-05 08:10:31 - [TEST_STEP][PASSED] - Thread.sleep(2000): null

2020-01-05 08:10:33 - [TEST_STEP][PASSED] - callTestCase(findTestCase("AHI/_include/get_screenshot"), [:], STOP_ON_FAILURE): Call Test Case 'Test Cases/AHI/_include/get_screenshot' successfully

2020-01-05 08:10:33 - [TEST_CASE][PASSED] - Test Cases/AHI/_include/get_screenshot: Test Cases/AHI/_include/get_screenshot

2020-01-05 08:10:33 - [TEST_STEP][PASSED] - takeScreenshot(screenPath + i + ".png"): Taking screenshot successfully

2020-01-05 08:10:34 - [MESSAGE][PASSED] - Taking screenshot successfully
[[ATTACHMENT|D:\\Test\\AgileTest\\Reports\\AHI\\stm\\20200105_080028\\../Screenshots/iPhone 6/stm/Aspen/20200105_081003/3.png]]

2020-01-05 08:10:34 - [TEST_STEP][PASSED] - (internal.GlobalVariable.i++): null

2020-01-05 08:10:34 - [MESSAGE][PASSED] - Call Test Case 'Test Cases/AHI/_include/get_screenshot' successfully

2020-01-05 08:10:34 - [MESSAGE][PASSED] - Call Test Case 'Test Cases/AHI/_include/filter_stm' successfully

2020-01-05 08:10:34 - [TEST_STEP][PASSED] - callTestCase(findTestCase("AHI/_include/goToDetail_stm"), ["carrier":"aspen"], STOP_ON_FAILURE): Call Test Case 'Test Cases/AHI/_include/goToDetail_stm' successfully

2020-01-05 08:10:34 - [TEST_CASE][PASSED] - Test Cases/AHI/_include/goToDetail_stm: Test Cases/AHI/_include/goToDetail_stm

2020-01-05 08:10:34 - [TEST_STEP][PASSED] - driver = getWebDriver(): null

2020-01-05 08:10:34 - [TEST_STEP][PASSED] - selenium = new com.thoughtworks.selenium.webdriven.WebDriverBackedSelenium(driver, internal.GlobalVariable.ENV): null

2020-01-05 08:10:34 - [TEST_STEP][PASSED] - a_plan_name = "xpath=//a[contains(@href,'/term-health-insurance/plan/" + carrier + "')]": null

2020-01-05 08:10:34 - [TEST_STEP][PASSED] - println(a_plan_name): null

2020-01-05 08:10:34 - [TEST_STEP][PASSED] - selenium.click(a_plan_name): null

2020-01-05 08:10:36 - [TEST_STEP][PASSED] - waitForPageLoad(20): Wait for page load successfully

2020-01-05 08:10:37 - [MESSAGE][PASSED] - Wait for page load successfully

2020-01-05 08:10:37 - [TEST_STEP][PASSED] - Thread.sleep(2000): null

2020-01-05 08:10:39 - [TEST_STEP][PASSED] - callTestCase(findTestCase("AHI/_include/get_screenshot"), [:], STOP_ON_FAILURE): Call Test Case 'Test Cases/AHI/_include/get_screenshot' successfully

2020-01-05 08:10:39 - [TEST_CASE][PASSED] - Test Cases/AHI/_include/get_screenshot: Test Cases/AHI/_include/get_screenshot

2020-01-05 08:10:39 - [TEST_STEP][PASSED] - takeScreenshot(screenPath + i + ".png"): Taking screenshot successfully

2020-01-05 08:10:39 - [MESSAGE][PASSED] - Taking screenshot successfully
[[ATTACHMENT|D:\\Test\\AgileTest\\Reports\\AHI\\stm\\20200105_080028\\../Screenshots/iPhone 6/stm/Aspen/20200105_081003/4.png]]

2020-01-05 08:10:39 - [TEST_STEP][PASSED] - (internal.GlobalVariable.i++): null

2020-01-05 08:10:39 - [MESSAGE][PASSED] - Call Test Case 'Test Cases/AHI/_include/get_screenshot' successfully

2020-01-05 08:10:39 - [MESSAGE][PASSED] - Call Test Case 'Test Cases/AHI/_include/goToDetail_stm' successfully

2020-01-05 08:10:39 - [TEST_STEP][PASSED] - callTestCase(findTestCase("AHI/_include/apply_stm"), [:], STOP_ON_FAILURE): Call Test Case 'Test Cases/AHI/_include/apply_stm' successfully

2020-01-05 08:10:39 - [TEST_CASE][PASSED] - Test Cases/AHI/_include/apply_stm: Test Cases/AHI/_include/apply_stm

2020-01-05 08:10:39 - [TEST_STEP][PASSED] - waitForElementVisible(findTestObject("mobileSanity/STM/STM PlanDetail Page/a_Apply for This Plan"), 5): Object 'Object Repository/mobileSanity/STM/STM PlanDetail Page/a_Apply for This Plan' is visible

2020-01-05 08:10:39 - [MESSAGE][PASSED] - Object 'Object Repository/mobileSanity/STM/STM PlanDetail Page/a_Apply for This Plan' is visible

2020-01-05 08:10:39 - [TEST_STEP][PASSED] - click(findTestObject("mobileSanity/STM/STM PlanDetail Page/a_Apply for This Plan")): Object: 'Object Repository/mobileSanity/STM/STM PlanDetail Page/a_Apply for This Plan' is clicked on

2020-01-05 08:10:40 - [MESSAGE][PASSED] - Object: 'Object Repository/mobileSanity/STM/STM PlanDetail Page/a_Apply for This Plan' is clicked on

2020-01-05 08:10:40 - [TEST_STEP][PASSED] - waitForPageLoad(10): Wait for page load successfully

2020-01-05 08:10:41 - [MESSAGE][PASSED] - Wait for page load successfully

2020-01-05 08:10:41 - [TEST_STEP][PASSED] - Thread.sleep(2000): null

2020-01-05 08:10:43 - [TEST_STEP][PASSED] - callTestCase(findTestCase("AHI/_include/get_screenshot"), [:], STOP_ON_FAILURE): Call Test Case 'Test Cases/AHI/_include/get_screenshot' successfully

2020-01-05 08:10:43 - [TEST_CASE][PASSED] - Test Cases/AHI/_include/get_screenshot: Test Cases/AHI/_include/get_screenshot

2020-01-05 08:10:43 - [TEST_STEP][PASSED] - takeScreenshot(screenPath + i + ".png"): Taking screenshot successfully

2020-01-05 08:10:44 - [MESSAGE][PASSED] - Taking screenshot successfully
[[ATTACHMENT|D:\\Test\\AgileTest\\Reports\\AHI\\stm\\20200105_080028\\../Screenshots/iPhone 6/stm/Aspen/20200105_081003/5.png]]

2020-01-05 08:10:44 - [TEST_STEP][PASSED] - (internal.GlobalVariable.i++): null

2020-01-05 08:10:44 - [MESSAGE][PASSED] - Call Test Case 'Test Cases/AHI/_include/get_screenshot' successfully

2020-01-05 08:10:44 - [TEST_STEP][PASSED] - waitForElementVisible(findTestObject("mobileSanity/STM/STM Apply Page/a_Start Secure Application"), 5): Object 'Object Repository/mobileSanity/STM/STM Apply Page/a_Start Secure Application' is visible

2020-01-05 08:10:44 - [MESSAGE][PASSED] - Object 'Object Repository/mobileSanity/STM/STM Apply Page/a_Start Secure Application' is visible

2020-01-05 08:10:44 - [TEST_STEP][PASSED] - click(findTestObject("mobileSanity/STM/STM Apply Page/a_Start Secure Application")): Object: 'Object Repository/mobileSanity/STM/STM Apply Page/a_Start Secure Application' is clicked on

2020-01-05 08:10:44 - [MESSAGE][PASSED] - Object: 'Object Repository/mobileSanity/STM/STM Apply Page/a_Start Secure Application' is clicked on

2020-01-05 08:10:44 - [TEST_STEP][PASSED] - waitForPageLoad(20): Wait for page load successfully

2020-01-05 08:10:46 - [MESSAGE][PASSED] - Wait for page load successfully

2020-01-05 08:10:46 - [TEST_STEP][PASSED] - Thread.sleep(2000): null

2020-01-05 08:10:48 - [TEST_STEP][PASSED] - callTestCase(findTestCase("AHI/_include/get_screenshot"), [:], STOP_ON_FAILURE): Call Test Case 'Test Cases/AHI/_include/get_screenshot' successfully

2020-01-05 08:10:48 - [TEST_CASE][PASSED] - Test Cases/AHI/_include/get_screenshot: Test Cases/AHI/_include/get_screenshot

2020-01-05 08:10:48 - [TEST_STEP][PASSED] - takeScreenshot(screenPath + i + ".png"): Taking screenshot successfully

2020-01-05 08:10:48 - [MESSAGE][PASSED] - Taking screenshot successfully
[[ATTACHMENT|D:\\Test\\AgileTest\\Reports\\AHI\\stm\\20200105_080028\\../Screenshots/iPhone 6/stm/Aspen/20200105_081003/6.png]]

2020-01-05 08:10:48 - [TEST_STEP][PASSED] - (internal.GlobalVariable.i++): null

2020-01-05 08:10:48 - [MESSAGE][PASSED] - Call Test Case 'Test Cases/AHI/_include/get_screenshot' successfully

2020-01-05 08:10:48 - [MESSAGE][PASSED] - Call Test Case 'Test Cases/AHI/_include/apply_stm' successfully

2020-01-05 08:10:48 - [TEST_STEP][PASSED] - callTestCase(findTestCase("AHI/_include/goToEnd_stm_autofill"), [:], STOP_ON_FAILURE): Call Test Case 'Test Cases/AHI/_include/goToEnd_stm_autofill' successfully

2020-01-05 08:10:48 - [TEST_CASE][PASSED] - Test Cases/AHI/_include/goToEnd_stm_autofill: Test Cases/AHI/_include/goToEnd_stm_autofill

2020-01-05 08:10:48 - [TEST_STEP][PASSED] - callTestCase(findTestCase("AHI/_include/name"), [:], CONTINUE_ON_FAILURE): Call Test Case 'Test Cases/AHI/_include/name' successfully

2020-01-05 08:10:48 - [TEST_CASE][PASSED] - Test Cases/AHI/_include/name: Test Cases/AHI/_include/name

2020-01-05 08:10:48 - [TEST_STEP][PASSED] - driver = getWebDriver(): null

2020-01-05 08:10:48 - [TEST_STEP][PASSED] - selenium = new com.thoughtworks.selenium.webdriven.WebDriverBackedSelenium(driver, internal.GlobalVariable.ENV): null

2020-01-05 08:10:48 - [TEST_STEP][PASSED] - FirstName = "Test-123": null

2020-01-05 08:10:48 - [TEST_STEP][PASSED] - LastName = selenium.getEval("{var x="ABCDEFGHIJKLMNOPQRSTUVWXYZabcdefghijklmnopqrstuvwxyz"; var tmp="ZZ11-"; for (i=0;i<8;i++) tmp+=x.charAt(Math.ceil(51*Math.random()));tmp;}"): null

2020-01-05 08:10:48 - [TEST_STEP][PASSED] - Address = selenium.getEval("{var x="ABCDEFGHIJKLMNOPQRSTUVWXYZabcdefghijklmnopqrstuvwxyz"; var tmp=""; for (i=0;i<8;i++) tmp+=x.charAt(Math.ceil(51*Math.random()));tmp;}"): null

2020-01-05 08:10:48 - [TEST_STEP][PASSED] - City = selenium.getEval("{var x="ABCDEFGHIJKLMNOPQRSTUVWXYZabcdefghijklmnopqrstuvwxyz"; var tmp=""; for (i=0;i<8;i++) tmp+=x.charAt(Math.ceil(51*Math.random()));tmp;}"): null

2020-01-05 08:10:48 - [TEST_STEP][PASSED] - tel1 = selenium.getEval("{var x="123456789"; var tmp=""; for (i=0;i<3;i++) tmp+=x.charAt(Math.ceil(8*Math.random()));tmp;}"): null

2020-01-05 08:10:48 - [TEST_STEP][PASSED] - tel2 = selenium.getEval("{var x="123456789"; var tmp=""; for (i=0;i<3;i++) tmp+=x.charAt(Math.ceil(8*Math.random()));tmp;}"): null

2020-01-05 08:10:48 - [TEST_STEP][PASSED] - tel3 = selenium.getEval("{var x="123456789"; var tmp=""; for (i=0;i<4;i++) tmp+=x.charAt(Math.ceil(8*Math.random()));tmp;}"): null

2020-01-05 08:10:48 - [TEST_STEP][PASSED] - Tel = selenium.getExpression(tel1 + "-" + tel2 + "-" + tel3): null

2020-01-05 08:10:48 - [TEST_STEP][PASSED] - AutoEmail = selenium.getEval("{var x="ABCDEFGHIJKLMNOPQRSTUVWXYZabcdefghijklmnopqrstuvwxyz"; var tmp="test."; for (i=0;i<8;i++) tmp+=x.charAt(Math.ceil(51*Math.random()));tmp+="@suryani.cn";}"): null

2020-01-05 08:10:48 - [TEST_STEP][PASSED] - FirstName = FirstName: null

2020-01-05 08:10:48 - [TEST_STEP][PASSED] - LastName = LastName: null

2020-01-05 08:10:48 - [TEST_STEP][PASSED] - Address = Address: null

2020-01-05 08:10:48 - [TEST_STEP][PASSED] - City = City: null

2020-01-05 08:10:48 - [TEST_STEP][PASSED] - Tel = Tel: null

2020-01-05 08:10:48 - [TEST_STEP][PASSED] - AutoEmail = AutoEmail: null

2020-01-05 08:10:48 - [TEST_STEP][PASSED] - println(FirstName): null

2020-01-05 08:10:48 - [TEST_STEP][PASSED] - println(LastName): null

2020-01-05 08:10:48 - [TEST_STEP][PASSED] - println(Address): null

2020-01-05 08:10:48 - [TEST_STEP][PASSED] - println(City): null

2020-01-05 08:10:48 - [TEST_STEP][PASSED] - println(Tel): null

2020-01-05 08:10:48 - [TEST_STEP][PASSED] - println(AutoEmail): null

2020-01-05 08:10:49 - [MESSAGE][PASSED] - Call Test Case 'Test Cases/AHI/_include/name' successfully

2020-01-05 08:10:49 - [TEST_STEP][FAILED] - try: Unable to verify text 'Month Duration Acknowledgement' is present  (Root cause: com.kms.katalon.core.exception.StepFailedException: Text 'Month Duration Acknowledgement' is not present on page )

2020-01-05 08:10:49 - [TEST_STEP][FAILED] - if (verifyTextPresent("Month Duration Acknowledgement", false)): Unable to verify text 'Month Duration Acknowledgement' is present  (Root cause: com.kms.katalon.core.exception.StepFailedException: Text 'Month Duration Acknowledgement' is not present on page )

2020-01-05 08:10:49 - [MESSAGE][FAILED] - Text 'Month Duration Acknowledgement' is not present on page 

2020-01-05 08:10:49 - [MESSAGE][FAILED] - Unable to verify text 'Month Duration Acknowledgement' is present  (Root cause: com.kms.katalon.core.exception.StepFailedException: Text 'Month Duration Acknowledgement' is not present on page )
[[ATTACHMENT|D:\\Test\\AgileTest\\Reports\\AHI\\stm\\20200105_080028\\1578229849227.png]]

2020-01-05 08:10:49 - [TEST_STEP][PASSED] - catch (Exception e): null

2020-01-05 08:10:49 - [TEST_STEP][PASSED] - println("no consecutive"): null

2020-01-05 08:10:49 - [TEST_STEP][PASSED] - waitForPageLoad(10): Wait for page load successfully

2020-01-05 08:10:49 - [MESSAGE][PASSED] - Wait for page load successfully

2020-01-05 08:10:49 - [TEST_STEP][PASSED] - Thread.sleep(3000): null

2020-01-05 08:10:52 - [TEST_STEP][PASSED] - waitForElementVisible(findTestObject("mobileSanity/STM/Page_App Page 1/a_Autofill App Info"), 20): Object 'Object Repository/mobileSanity/STM/Page_App Page 1/a_Autofill App Info' is visible

2020-01-05 08:10:52 - [MESSAGE][PASSED] - Object 'Object Repository/mobileSanity/STM/Page_App Page 1/a_Autofill App Info' is visible

2020-01-05 08:10:52 - [TEST_STEP][PASSED] - click(findTestObject("mobileSanity/STM/Page_App Page 1/a_Autofill App Info")): Object: 'Object Repository/mobileSanity/STM/Page_App Page 1/a_Autofill App Info' is clicked on

2020-01-05 08:10:52 - [MESSAGE][PASSED] - Object: 'Object Repository/mobileSanity/STM/Page_App Page 1/a_Autofill App Info' is clicked on

2020-01-05 08:10:52 - [TEST_STEP][PASSED] - Thread.sleep(1000): null

2020-01-05 08:10:53 - [TEST_STEP][PASSED] - click(findTestObject("mobileSanity/STM/Page_App Page 1/a_Autofill App Info")): Object: 'Object Repository/mobileSanity/STM/Page_App Page 1/a_Autofill App Info' is clicked on

2020-01-05 08:10:53 - [MESSAGE][PASSED] - Object: 'Object Repository/mobileSanity/STM/Page_App Page 1/a_Autofill App Info' is clicked on

2020-01-05 08:10:53 - [TEST_STEP][PASSED] - Thread.sleep(1000): null

2020-01-05 08:10:54 - [TEST_STEP][PASSED] - waitForElementVisible(findTestObject("mobileSanity/STM/Page_App Page 1/a_Continue"), 20): Object 'Object Repository/mobileSanity/STM/Page_App Page 1/a_Continue' is visible

2020-01-05 08:10:54 - [MESSAGE][PASSED] - Object 'Object Repository/mobileSanity/STM/Page_App Page 1/a_Continue' is visible

2020-01-05 08:10:54 - [TEST_STEP][PASSED] - click(findTestObject("mobileSanity/STM/Page_App Page 1/a_Continue")): Object: 'Object Repository/mobileSanity/STM/Page_App Page 1/a_Continue' is clicked on

2020-01-05 08:10:55 - [MESSAGE][PASSED] - Object: 'Object Repository/mobileSanity/STM/Page_App Page 1/a_Continue' is clicked on

2020-01-05 08:10:55 - [TEST_STEP][PASSED] - waitForPageLoad(20): Wait for page load successfully

2020-01-05 08:10:55 - [MESSAGE][PASSED] - Wait for page load successfully

2020-01-05 08:10:55 - [TEST_STEP][PASSED] - Thread.sleep(5000): null

2020-01-05 08:11:00 - [TEST_STEP][PASSED] - callTestCase(findTestCase("AHI/_include/get_screenshot"), [:], STOP_ON_FAILURE): Call Test Case 'Test Cases/AHI/_include/get_screenshot' successfully

2020-01-05 08:11:00 - [TEST_CASE][PASSED] - Test Cases/AHI/_include/get_screenshot: Test Cases/AHI/_include/get_screenshot

2020-01-05 08:11:00 - [TEST_STEP][PASSED] - takeScreenshot(screenPath + i + ".png"): Taking screenshot successfully

2020-01-05 08:11:00 - [MESSAGE][PASSED] - Taking screenshot successfully
[[ATTACHMENT|D:\\Test\\AgileTest\\Reports\\AHI\\stm\\20200105_080028\\../Screenshots/iPhone 6/stm/Aspen/20200105_081003/7.png]]

2020-01-05 08:11:00 - [TEST_STEP][PASSED] - (internal.GlobalVariable.i++): null

2020-01-05 08:11:00 - [MESSAGE][PASSED] - Call Test Case 'Test Cases/AHI/_include/get_screenshot' successfully

2020-01-05 08:11:00 - [TEST_STEP][PASSED] - click(findTestObject("mobileSanity/STM/Page_App Page 2/a_Continue to Step 3 - Payment")): Object: 'Object Repository/mobileSanity/STM/Page_App Page 2/a_Continue to Step 3 - Payment' is clicked on

2020-01-05 08:11:00 - [MESSAGE][PASSED] - Object: 'Object Repository/mobileSanity/STM/Page_App Page 2/a_Continue to Step 3 - Payment' is clicked on

2020-01-05 08:11:00 - [TEST_STEP][PASSED] - waitForPageLoad(20): Wait for page load successfully

2020-01-05 08:11:00 - [MESSAGE][PASSED] - Wait for page load successfully

2020-01-05 08:11:00 - [TEST_STEP][PASSED] - waitForElementVisible(findTestObject("mobileSanity/STM/Page_App Page 3/input__credit-card-cvv"), 20): Object 'Object Repository/mobileSanity/STM/Page_App Page 3/input__credit-card-cvv' is visible

2020-01-05 08:11:00 - [MESSAGE][PASSED] - Object 'Object Repository/mobileSanity/STM/Page_App Page 3/input__credit-card-cvv' is visible

2020-01-05 08:11:00 - [TEST_STEP][PASSED] - Thread.sleep(2000): null

2020-01-05 08:11:02 - [TEST_STEP][PASSED] - callTestCase(findTestCase("AHI/_include/get_screenshot"), [:], STOP_ON_FAILURE): Call Test Case 'Test Cases/AHI/_include/get_screenshot' successfully

2020-01-05 08:11:03 - [TEST_CASE][PASSED] - Test Cases/AHI/_include/get_screenshot: Test Cases/AHI/_include/get_screenshot

2020-01-05 08:11:03 - [TEST_STEP][PASSED] - takeScreenshot(screenPath + i + ".png"): Taking screenshot successfully

2020-01-05 08:11:03 - [MESSAGE][PASSED] - Taking screenshot successfully
[[ATTACHMENT|D:\\Test\\AgileTest\\Reports\\AHI\\stm\\20200105_080028\\../Screenshots/iPhone 6/stm/Aspen/20200105_081003/8.png]]

2020-01-05 08:11:03 - [TEST_STEP][PASSED] - (internal.GlobalVariable.i++): null

2020-01-05 08:11:03 - [MESSAGE][PASSED] - Call Test Case 'Test Cases/AHI/_include/get_screenshot' successfully

2020-01-05 08:11:03 - [TEST_STEP][PASSED] - clearText(findTestObject("mobileSanity/STM/Page_App Page 3/input__credit-card-cvv")): Text of object 'Object Repository/mobileSanity/STM/Page_App Page 3/input__credit-card-cvv' is cleared

2020-01-05 08:11:03 - [MESSAGE][PASSED] - Text of object 'Object Repository/mobileSanity/STM/Page_App Page 3/input__credit-card-cvv' is cleared

2020-01-05 08:11:03 - [TEST_STEP][PASSED] - setText(findTestObject("mobileSanity/STM/Page_App Page 3/input__credit-card-cvv"), "123"): Text '123' is set on object 'Object Repository/mobileSanity/STM/Page_App Page 3/input__credit-card-cvv'

2020-01-05 08:11:03 - [MESSAGE][PASSED] - Text '123' is set on object 'Object Repository/mobileSanity/STM/Page_App Page 3/input__credit-card-cvv'

2020-01-05 08:11:03 - [TEST_STEP][PASSED] - click(findTestObject("mobileSanity/STM/Page_App Page 3/label_I Accept Authorization f")): Object: 'Object Repository/mobileSanity/STM/Page_App Page 3/label_I Accept Authorization f' is clicked on

2020-01-05 08:11:03 - [MESSAGE][PASSED] - Object: 'Object Repository/mobileSanity/STM/Page_App Page 3/label_I Accept Authorization f' is clicked on

2020-01-05 08:11:03 - [TEST_STEP][PASSED] - click(findTestObject("mobileSanity/STM/Page_App Page 3/a_Continue to Step 4 - Review")): Object: 'Object Repository/mobileSanity/STM/Page_App Page 3/a_Continue to Step 4 - Review' is clicked on

2020-01-05 08:11:03 - [MESSAGE][PASSED] - Object: 'Object Repository/mobileSanity/STM/Page_App Page 3/a_Continue to Step 4 - Review' is clicked on

2020-01-05 08:11:03 - [TEST_STEP][PASSED] - waitForPageLoad(10): Wait for page load successfully

2020-01-05 08:11:03 - [MESSAGE][PASSED] - Wait for page load successfully

2020-01-05 08:11:03 - [TEST_STEP][PASSED] - waitForElementClickable(findTestObject("mobileSanity/STM/Page_App Page 4/label"), 10): Object 'Object Repository/mobileSanity/STM/Page_App Page 4/label' is clickable

2020-01-05 08:11:04 - [MESSAGE][PASSED] - Object 'Object Repository/mobileSanity/STM/Page_App Page 4/label' is clickable

2020-01-05 08:11:04 - [TEST_STEP][PASSED] - Thread.sleep(2000): null

2020-01-05 08:11:06 - [TEST_STEP][PASSED] - callTestCase(findTestCase("AHI/_include/get_screenshot"), [:], STOP_ON_FAILURE): Call Test Case 'Test Cases/AHI/_include/get_screenshot' successfully

2020-01-05 08:11:06 - [TEST_CASE][PASSED] - Test Cases/AHI/_include/get_screenshot: Test Cases/AHI/_include/get_screenshot

2020-01-05 08:11:06 - [TEST_STEP][PASSED] - takeScreenshot(screenPath + i + ".png"): Taking screenshot successfully

2020-01-05 08:11:07 - [MESSAGE][PASSED] - Taking screenshot successfully
[[ATTACHMENT|D:\\Test\\AgileTest\\Reports\\AHI\\stm\\20200105_080028\\../Screenshots/iPhone 6/stm/Aspen/20200105_081003/9.png]]

2020-01-05 08:11:07 - [TEST_STEP][PASSED] - (internal.GlobalVariable.i++): null

2020-01-05 08:11:07 - [MESSAGE][PASSED] - Call Test Case 'Test Cases/AHI/_include/get_screenshot' successfully

2020-01-05 08:11:07 - [TEST_STEP][PASSED] - click(findTestObject("mobileSanity/STM/Page_App Page 4/label")): Object: 'Object Repository/mobileSanity/STM/Page_App Page 4/label' is clicked on

2020-01-05 08:11:07 - [MESSAGE][PASSED] - Object: 'Object Repository/mobileSanity/STM/Page_App Page 4/label' is clicked on

2020-01-05 08:11:07 - [TEST_STEP][PASSED] - click(findTestObject("mobileSanity/STM/Page_App Page 4/div_CLICK TO SIGN")): Object: 'Object Repository/mobileSanity/STM/Page_App Page 4/div_CLICK TO SIGN' is clicked on

2020-01-05 08:11:07 - [MESSAGE][PASSED] - Object: 'Object Repository/mobileSanity/STM/Page_App Page 4/div_CLICK TO SIGN' is clicked on

2020-01-05 08:11:07 - [TEST_STEP][PASSED] - click(findTestObject("mobileSanity/STM/Page_App Page 4/a_Submit Your Application")): Object: 'Object Repository/mobileSanity/STM/Page_App Page 4/a_Submit Your Application' is clicked on

2020-01-05 08:11:07 - [MESSAGE][PASSED] - Object: 'Object Repository/mobileSanity/STM/Page_App Page 4/a_Submit Your Application' is clicked on

2020-01-05 08:11:07 - [TEST_STEP][PASSED] - Thread.sleep(30000): null

2020-01-05 08:11:37 - [TEST_STEP][PASSED] - waitForElementPresent(findTestObject("mobileSanity/STM/Page_App Page 6/app-page-wrapper"), 20): Object 'Object Repository/mobileSanity/STM/Page_App Page 6/app-page-wrapper' is present

2020-01-05 08:11:37 - [MESSAGE][PASSED] - Object 'Object Repository/mobileSanity/STM/Page_App Page 6/app-page-wrapper' is present

2020-01-05 08:11:37 - [TEST_STEP][PASSED] - callTestCase(findTestCase("AHI/_include/get_screenshot"), [:], STOP_ON_FAILURE): Call Test Case 'Test Cases/AHI/_include/get_screenshot' successfully

2020-01-05 08:11:38 - [TEST_CASE][PASSED] - Test Cases/AHI/_include/get_screenshot: Test Cases/AHI/_include/get_screenshot

2020-01-05 08:11:38 - [TEST_STEP][PASSED] - takeScreenshot(screenPath + i + ".png"): Taking screenshot successfully

2020-01-05 08:11:38 - [MESSAGE][PASSED] - Taking screenshot successfully
[[ATTACHMENT|D:\\Test\\AgileTest\\Reports\\AHI\\stm\\20200105_080028\\../Screenshots/iPhone 6/stm/Aspen/20200105_081003/10.png]]

2020-01-05 08:11:38 - [TEST_STEP][PASSED] - (internal.GlobalVariable.i++): null

2020-01-05 08:11:38 - [MESSAGE][PASSED] - Call Test Case 'Test Cases/AHI/_include/get_screenshot' successfully

2020-01-05 08:11:38 - [MESSAGE][PASSED] - Call Test Case 'Test Cases/AHI/_include/goToEnd_stm_autofill' successfully]]></system-out>
         <system-err><![CDATA[]]></system-err>
      </testcase>
      <testcase name="Test Cases/AHI/stm/Companion" classname="Test Cases/AHI/stm/Companion" status="PASSED">
         <system-out><![CDATA[2020-01-05 08:11:38 - [TEST_CASE][PASSED] - Test Cases/AHI/stm/Companion: Test Cases/AHI/stm/Companion

2020-01-05 08:11:38 - [TEST_STEP][PASSED] - callTestCase(findTestCase("AHI/_include/get_screenPath"), ["productLine":"stm", "carrierName":"Companion"], CONTINUE_ON_FAILURE): Call Test Case 'Test Cases/AHI/_include/get_screenPath' successfully

2020-01-05 08:11:38 - [TEST_CASE][PASSED] - Test Cases/AHI/_include/get_screenPath: Test Cases/AHI/_include/get_screenPath

2020-01-05 08:11:38 - [TEST_STEP][PASSED] - m = getExecutionProperties(): null

2020-01-05 08:11:38 - [TEST_STEP][PASSED] - deviceName = get("mobileEmulation").get("deviceName"): null

2020-01-05 08:11:38 - [TEST_STEP][PASSED] - println(deviceName): null

2020-01-05 08:11:38 - [TEST_STEP][PASSED] - now = new java.util.Date(): null

2020-01-05 08:11:38 - [TEST_STEP][PASSED] - mydate = now.format("yyyyMMdd_HHmmss"): null

2020-01-05 08:11:38 - [TEST_STEP][PASSED] - screenPath = "../Screenshots/": null

2020-01-05 08:11:38 - [TEST_STEP][PASSED] - screenPath = screenPath + deviceName + "/" + productLine + "/" + carrierName + "/" + mydate + "/": null

2020-01-05 08:11:38 - [TEST_STEP][PASSED] - println(screenPath): null

2020-01-05 08:11:38 - [MESSAGE][PASSED] - Call Test Case 'Test Cases/AHI/_include/get_screenPath' successfully

2020-01-05 08:11:38 - [TEST_STEP][PASSED] - i = 0: null

2020-01-05 08:11:38 - [TEST_STEP][PASSED] - callTestCase(findTestCase("AHI/_include/openWebSite"), [:], CONTINUE_ON_FAILURE): Call Test Case 'Test Cases/AHI/_include/openWebSite' successfully

2020-01-05 08:11:38 - [TEST_CASE][PASSED] - Test Cases/AHI/_include/openWebSite: Test Cases/AHI/_include/openWebSite

2020-01-05 08:11:38 - [TEST_STEP][PASSED] - openBrowser(env): Browser is opened with url: 'https://praetemptatus.agilehealthinsurance.com'

2020-01-05 08:11:38 - [MESSAGE][WARNING] - A browser is already opened. Closing browser and opening a new one

2020-01-05 08:11:40 - [MESSAGE][INFO] - Starting 'Chrome' driver

2020-01-05 08:11:40 - [MESSAGE][INFO] - User set preference: ['mobileEmulation', '{deviceName=iPhone 6}']

2020-01-05 08:11:40 - [MESSAGE][INFO] - User set preference: ['args', '[--incognito, --aggressive-cache-discard, --window-size=375,677, --no-sandbox]']

2020-01-05 08:11:45 - [MESSAGE][PASSED] - Browser is opened with url: 'https://praetemptatus.agilehealthinsurance.com'

2020-01-05 08:11:45 - [TEST_STEP][PASSED] - waitForPageLoad(20): Wait for page load successfully

2020-01-05 08:11:47 - [MESSAGE][PASSED] - Wait for page load successfully

2020-01-05 08:11:47 - [TEST_STEP][PASSED] - callTestCase(findTestCase("AHI/_include/get_screenshot"), [:], STOP_ON_FAILURE): Call Test Case 'Test Cases/AHI/_include/get_screenshot' successfully

2020-01-05 08:11:47 - [TEST_CASE][PASSED] - Test Cases/AHI/_include/get_screenshot: Test Cases/AHI/_include/get_screenshot

2020-01-05 08:11:47 - [TEST_STEP][PASSED] - takeScreenshot(screenPath + i + ".png"): Taking screenshot successfully

2020-01-05 08:11:48 - [MESSAGE][PASSED] - Taking screenshot successfully
[[ATTACHMENT|D:\\Test\\AgileTest\\Reports\\AHI\\stm\\20200105_080028\\../Screenshots/iPhone 6/stm/Companion/20200105_081138/0.png]]

2020-01-05 08:11:48 - [TEST_STEP][PASSED] - (internal.GlobalVariable.i++): null

2020-01-05 08:11:48 - [MESSAGE][PASSED] - Call Test Case 'Test Cases/AHI/_include/get_screenshot' successfully

2020-01-05 08:11:48 - [MESSAGE][PASSED] - Call Test Case 'Test Cases/AHI/_include/openWebSite' successfully

2020-01-05 08:11:48 - [TEST_STEP][PASSED] - callTestCase(findTestCase("AHI/_include/census_stm"), [:], CONTINUE_ON_FAILURE): Call Test Case 'Test Cases/AHI/_include/census_stm' successfully

2020-01-05 08:11:48 - [TEST_CASE][PASSED] - Test Cases/AHI/_include/census_stm: Test Cases/AHI/_include/census_stm

2020-01-05 08:11:48 - [TEST_STEP][PASSED] - waitForElementClickable(findTestObject("mobileSanity/STM/Home Page/a_Quote  Save Today"), 10): Object 'Object Repository/mobileSanity/STM/Home Page/a_Quote  Save Today' is clickable

2020-01-05 08:11:48 - [MESSAGE][PASSED] - Object 'Object Repository/mobileSanity/STM/Home Page/a_Quote  Save Today' is clickable

2020-01-05 08:11:48 - [TEST_STEP][PASSED] - click(findTestObject("mobileSanity/STM/Home Page/a_Quote  Save Today")): Object: 'Object Repository/mobileSanity/STM/Home Page/a_Quote  Save Today' is clicked on

2020-01-05 08:11:48 - [MESSAGE][PASSED] - Object: 'Object Repository/mobileSanity/STM/Home Page/a_Quote  Save Today' is clicked on

2020-01-05 08:11:48 - [TEST_STEP][PASSED] - waitForPageLoad(10): Wait for page load successfully

2020-01-05 08:11:50 - [MESSAGE][PASSED] - Wait for page load successfully

2020-01-05 08:11:50 - [TEST_STEP][PASSED] - callTestCase(findTestCase("AHI/_include/get_screenshot"), [:], STOP_ON_FAILURE): Call Test Case 'Test Cases/AHI/_include/get_screenshot' successfully

2020-01-05 08:11:50 - [TEST_CASE][PASSED] - Test Cases/AHI/_include/get_screenshot: Test Cases/AHI/_include/get_screenshot

2020-01-05 08:11:50 - [TEST_STEP][PASSED] - takeScreenshot(screenPath + i + ".png"): Taking screenshot successfully

2020-01-05 08:11:50 - [MESSAGE][PASSED] - Taking screenshot successfully
[[ATTACHMENT|D:\\Test\\AgileTest\\Reports\\AHI\\stm\\20200105_080028\\../Screenshots/iPhone 6/stm/Companion/20200105_081138/1.png]]

2020-01-05 08:11:50 - [TEST_STEP][PASSED] - (internal.GlobalVariable.i++): null

2020-01-05 08:11:50 - [MESSAGE][PASSED] - Call Test Case 'Test Cases/AHI/_include/get_screenshot' successfully

2020-01-05 08:11:50 - [TEST_STEP][PASSED] - setText(findTestObject("mobileSanity/STM/STM Census Page/input_Location_zip-input"), zipcode): Text '35215' is set on object 'Object Repository/mobileSanity/STM/STM Census Page/input_Location_zip-input'

2020-01-05 08:11:50 - [MESSAGE][PASSED] - Text '35215' is set on object 'Object Repository/mobileSanity/STM/STM Census Page/input_Location_zip-input'

2020-01-05 08:11:50 - [TEST_STEP][PASSED] - Thread.sleep(500): null

2020-01-05 08:11:51 - [TEST_STEP][PASSED] - setText(findTestObject("mobileSanity/STM/STM Census Page/input_Date of Birth_dob-0"), "03031987"): Text '03031987' is set on object 'Object Repository/mobileSanity/STM/STM Census Page/input_Date of Birth_dob-0'

2020-01-05 08:11:51 - [MESSAGE][PASSED] - Text '03031987' is set on object 'Object Repository/mobileSanity/STM/STM Census Page/input_Date of Birth_dob-0'

2020-01-05 08:11:51 - [TEST_STEP][PASSED] - click(findTestObject("mobileSanity/STM/STM Census Page/label_Male")): Object: 'Object Repository/mobileSanity/STM/STM Census Page/label_Male' is clicked on

2020-01-05 08:11:51 - [MESSAGE][PASSED] - Object: 'Object Repository/mobileSanity/STM/STM Census Page/label_Male' is clicked on

2020-01-05 08:11:51 - [TEST_STEP][PASSED] - click(findTestObject("mobileSanity/STM/STM Census Page/label_Compare Plans")): Object: 'Object Repository/mobileSanity/STM/STM Census Page/label_Compare Plans' is clicked on

2020-01-05 08:11:52 - [MESSAGE][PASSED] - Object: 'Object Repository/mobileSanity/STM/STM Census Page/label_Compare Plans' is clicked on

2020-01-05 08:11:52 - [TEST_STEP][PASSED] - waitForElementVisible(findTestObject("mobileSanity/STM/STM Quote Page/button_sort"), 20): Object 'Object Repository/mobileSanity/STM/STM Quote Page/button_sort' is visible

2020-01-05 08:11:53 - [MESSAGE][PASSED] - Object 'Object Repository/mobileSanity/STM/STM Quote Page/button_sort' is visible

2020-01-05 08:11:53 - [TEST_STEP][PASSED] - Thread.sleep(3000): null

2020-01-05 08:11:56 - [TEST_STEP][PASSED] - callTestCase(findTestCase("AHI/_include/check_quoteleadform"), [:], STOP_ON_FAILURE): Call Test Case 'Test Cases/AHI/_include/check_quoteleadform' successfully

2020-01-05 08:11:56 - [TEST_CASE][PASSED] - Test Cases/AHI/_include/check_quoteleadform: Test Cases/AHI/_include/check_quoteleadform

2020-01-05 08:11:56 - [TEST_STEP][PASSED] - callTestCase(findTestCase("AHI/_include/name"), [:], CONTINUE_ON_FAILURE): Call Test Case 'Test Cases/AHI/_include/name' successfully

2020-01-05 08:11:57 - [TEST_CASE][PASSED] - Test Cases/AHI/_include/name: Test Cases/AHI/_include/name

2020-01-05 08:11:57 - [TEST_STEP][PASSED] - driver = getWebDriver(): null

2020-01-05 08:11:57 - [TEST_STEP][PASSED] - selenium = new com.thoughtworks.selenium.webdriven.WebDriverBackedSelenium(driver, internal.GlobalVariable.ENV): null

2020-01-05 08:11:57 - [TEST_STEP][PASSED] - FirstName = "Test-123": null

2020-01-05 08:11:57 - [TEST_STEP][PASSED] - LastName = selenium.getEval("{var x="ABCDEFGHIJKLMNOPQRSTUVWXYZabcdefghijklmnopqrstuvwxyz"; var tmp="ZZ11-"; for (i=0;i<8;i++) tmp+=x.charAt(Math.ceil(51*Math.random()));tmp;}"): null

2020-01-05 08:11:57 - [TEST_STEP][PASSED] - Address = selenium.getEval("{var x="ABCDEFGHIJKLMNOPQRSTUVWXYZabcdefghijklmnopqrstuvwxyz"; var tmp=""; for (i=0;i<8;i++) tmp+=x.charAt(Math.ceil(51*Math.random()));tmp;}"): null

2020-01-05 08:11:57 - [TEST_STEP][PASSED] - City = selenium.getEval("{var x="ABCDEFGHIJKLMNOPQRSTUVWXYZabcdefghijklmnopqrstuvwxyz"; var tmp=""; for (i=0;i<8;i++) tmp+=x.charAt(Math.ceil(51*Math.random()));tmp;}"): null

2020-01-05 08:11:57 - [TEST_STEP][PASSED] - tel1 = selenium.getEval("{var x="123456789"; var tmp=""; for (i=0;i<3;i++) tmp+=x.charAt(Math.ceil(8*Math.random()));tmp;}"): null

2020-01-05 08:11:57 - [TEST_STEP][PASSED] - tel2 = selenium.getEval("{var x="123456789"; var tmp=""; for (i=0;i<3;i++) tmp+=x.charAt(Math.ceil(8*Math.random()));tmp;}"): null

2020-01-05 08:11:57 - [TEST_STEP][PASSED] - tel3 = selenium.getEval("{var x="123456789"; var tmp=""; for (i=0;i<4;i++) tmp+=x.charAt(Math.ceil(8*Math.random()));tmp;}"): null

2020-01-05 08:11:57 - [TEST_STEP][PASSED] - Tel = selenium.getExpression(tel1 + "-" + tel2 + "-" + tel3): null

2020-01-05 08:11:57 - [TEST_STEP][PASSED] - AutoEmail = selenium.getEval("{var x="ABCDEFGHIJKLMNOPQRSTUVWXYZabcdefghijklmnopqrstuvwxyz"; var tmp="test."; for (i=0;i<8;i++) tmp+=x.charAt(Math.ceil(51*Math.random()));tmp+="@suryani.cn";}"): null

2020-01-05 08:11:57 - [TEST_STEP][PASSED] - FirstName = FirstName: null

2020-01-05 08:11:57 - [TEST_STEP][PASSED] - LastName = LastName: null

2020-01-05 08:11:57 - [TEST_STEP][PASSED] - Address = Address: null

2020-01-05 08:11:57 - [TEST_STEP][PASSED] - City = City: null

2020-01-05 08:11:57 - [TEST_STEP][PASSED] - Tel = Tel: null

2020-01-05 08:11:57 - [TEST_STEP][PASSED] - AutoEmail = AutoEmail: null

2020-01-05 08:11:57 - [TEST_STEP][PASSED] - println(FirstName): null

2020-01-05 08:11:57 - [TEST_STEP][PASSED] - println(LastName): null

2020-01-05 08:11:57 - [TEST_STEP][PASSED] - println(Address): null

2020-01-05 08:11:57 - [TEST_STEP][PASSED] - println(City): null

2020-01-05 08:11:57 - [TEST_STEP][PASSED] - println(Tel): null

2020-01-05 08:11:57 - [TEST_STEP][PASSED] - println(AutoEmail): null

2020-01-05 08:11:57 - [MESSAGE][PASSED] - Call Test Case 'Test Cases/AHI/_include/name' successfully

2020-01-05 08:11:57 - [TEST_STEP][PASSED] - leadform_exist = test.MobileKeywords.isElementPresent_Web(findTestObject("mobileSanity/quote lead form/lead_form"), 20): test.MobileKeywords.isElementPresent_Web is PASSED

2020-01-05 08:11:57 - [MESSAGE][PASSED] - test.MobileKeywords.isElementPresent_Web is PASSED

2020-01-05 08:11:57 - [TEST_STEP][PASSED] - if (leadform_exist): null

2020-01-05 08:11:57 - [TEST_STEP][PASSED] - setText(findTestObject("mobileSanity/quote lead form/first"), FirstName): Text 'Test-123' is set on object 'Object Repository/mobileSanity/quote lead form/first'

2020-01-05 08:11:57 - [MESSAGE][PASSED] - Text 'Test-123' is set on object 'Object Repository/mobileSanity/quote lead form/first'

2020-01-05 08:11:57 - [TEST_STEP][PASSED] - setText(findTestObject("mobileSanity/quote lead form/last"), LastName): Text 'ZZ11-CnodTCyI' is set on object 'Object Repository/mobileSanity/quote lead form/last'

2020-01-05 08:11:57 - [MESSAGE][PASSED] - Text 'ZZ11-CnodTCyI' is set on object 'Object Repository/mobileSanity/quote lead form/last'

2020-01-05 08:11:57 - [TEST_STEP][PASSED] - setText(findTestObject("mobileSanity/quote lead form/email"), AutoEmail): Text 'test.wCULsBKf@suryani.cn' is set on object 'Object Repository/mobileSanity/quote lead form/email'

2020-01-05 08:11:59 - [MESSAGE][PASSED] - Text 'test.wCULsBKf@suryani.cn' is set on object 'Object Repository/mobileSanity/quote lead form/email'

2020-01-05 08:11:59 - [TEST_STEP][PASSED] - setText(findTestObject("mobileSanity/quote lead form/phone"), Tel): Text '363-526-7244' is set on object 'Object Repository/mobileSanity/quote lead form/phone'

2020-01-05 08:11:59 - [MESSAGE][PASSED] - Text '363-526-7244' is set on object 'Object Repository/mobileSanity/quote lead form/phone'

2020-01-05 08:11:59 - [TEST_STEP][PASSED] - click(findTestObject("mobileSanity/quote lead form/submit")): Object: 'Object Repository/mobileSanity/quote lead form/submit' is clicked on

2020-01-05 08:12:00 - [MESSAGE][PASSED] - Object: 'Object Repository/mobileSanity/quote lead form/submit' is clicked on

2020-01-05 08:12:00 - [TEST_STEP][PASSED] - Thread.sleep(3000): null

2020-01-05 08:12:03 - [MESSAGE][PASSED] - Call Test Case 'Test Cases/AHI/_include/check_quoteleadform' successfully

2020-01-05 08:12:03 - [TEST_STEP][PASSED] - callTestCase(findTestCase("AHI/_include/get_screenshot"), [:], STOP_ON_FAILURE): Call Test Case 'Test Cases/AHI/_include/get_screenshot' successfully

2020-01-05 08:12:03 - [TEST_CASE][PASSED] - Test Cases/AHI/_include/get_screenshot: Test Cases/AHI/_include/get_screenshot

2020-01-05 08:12:03 - [TEST_STEP][PASSED] - takeScreenshot(screenPath + i + ".png"): Taking screenshot successfully

2020-01-05 08:12:03 - [MESSAGE][PASSED] - Taking screenshot successfully
[[ATTACHMENT|D:\\Test\\AgileTest\\Reports\\AHI\\stm\\20200105_080028\\../Screenshots/iPhone 6/stm/Companion/20200105_081138/2.png]]

2020-01-05 08:12:03 - [TEST_STEP][PASSED] - (internal.GlobalVariable.i++): null

2020-01-05 08:12:03 - [MESSAGE][PASSED] - Call Test Case 'Test Cases/AHI/_include/get_screenshot' successfully

2020-01-05 08:12:03 - [TEST_STEP][PASSED] - Thread.sleep(1000): null

2020-01-05 08:12:04 - [MESSAGE][PASSED] - Call Test Case 'Test Cases/AHI/_include/census_stm' successfully

2020-01-05 08:12:04 - [TEST_STEP][PASSED] - callTestCase(findTestCase("AHI/_include/filter_stm"), ["carrier":"pivotcompanion"], STOP_ON_FAILURE): Call Test Case 'Test Cases/AHI/_include/filter_stm' successfully

2020-01-05 08:12:04 - [TEST_CASE][PASSED] - Test Cases/AHI/_include/filter_stm: Test Cases/AHI/_include/filter_stm

2020-01-05 08:12:04 - [TEST_STEP][PASSED] - driver = getWebDriver(): null

2020-01-05 08:12:04 - [TEST_STEP][PASSED] - selenium = new com.thoughtworks.selenium.webdriven.WebDriverBackedSelenium(driver, internal.GlobalVariable.ENV): null

2020-01-05 08:12:04 - [TEST_STEP][PASSED] - Thread.sleep(1000): null

2020-01-05 08:12:05 - [TEST_STEP][PASSED] - click(findTestObject("mobileSanity/STM/STM Quote Page/button_filters")): Object: 'Object Repository/mobileSanity/STM/STM Quote Page/button_filters' is clicked on

2020-01-05 08:12:05 - [MESSAGE][PASSED] - Object: 'Object Repository/mobileSanity/STM/STM Quote Page/button_filters' is clicked on

2020-01-05 08:12:05 - [TEST_STEP][PASSED] - Thread.sleep(1000): null

2020-01-05 08:12:06 - [TEST_STEP][PASSED] - click(findTestObject("mobileSanity/STM/STM Quote Page/i_Insurance company")): Object: 'Object Repository/mobileSanity/STM/STM Quote Page/i_Insurance company' is clicked on

2020-01-05 08:12:07 - [MESSAGE][PASSED] - Object: 'Object Repository/mobileSanity/STM/STM Quote Page/i_Insurance company' is clicked on

2020-01-05 08:12:07 - [TEST_STEP][PASSED] - Thread.sleep(1000): null

2020-01-05 08:12:08 - [TEST_STEP][PASSED] - filter_carrier = "//input[@name='filter[carrier]' and @value='" + carrier + "']/following::label": null

2020-01-05 08:12:08 - [TEST_STEP][PASSED] - println(filter_carrier): null

2020-01-05 08:12:08 - [TEST_STEP][PASSED] - test.MobileKeywords.clickJS_ByXpath(filter_carrier): test.MobileKeywords.clickJS_ByXpath is PASSED

2020-01-05 08:12:08 - [MESSAGE][PASSED] - Execute JavaScript 'arguments[0].click()' successfully

2020-01-05 08:12:08 - [MESSAGE][PASSED] - test.MobileKeywords.clickJS_ByXpath is PASSED

2020-01-05 08:12:08 - [TEST_STEP][PASSED] - click(findTestObject("mobileSanity/STM/STM Quote Page/js-close c-link-button")): Object: 'Object Repository/mobileSanity/STM/STM Quote Page/js-close c-link-button' is clicked on

2020-01-05 08:12:08 - [MESSAGE][PASSED] - Object: 'Object Repository/mobileSanity/STM/STM Quote Page/js-close c-link-button' is clicked on

2020-01-05 08:12:08 - [TEST_STEP][PASSED] - Thread.sleep(2000): null

2020-01-05 08:12:10 - [TEST_STEP][PASSED] - callTestCase(findTestCase("AHI/_include/get_screenshot"), [:], STOP_ON_FAILURE): Call Test Case 'Test Cases/AHI/_include/get_screenshot' successfully

2020-01-05 08:12:10 - [TEST_CASE][PASSED] - Test Cases/AHI/_include/get_screenshot: Test Cases/AHI/_include/get_screenshot

2020-01-05 08:12:10 - [TEST_STEP][PASSED] - takeScreenshot(screenPath + i + ".png"): Taking screenshot successfully

2020-01-05 08:12:10 - [MESSAGE][PASSED] - Taking screenshot successfully
[[ATTACHMENT|D:\\Test\\AgileTest\\Reports\\AHI\\stm\\20200105_080028\\../Screenshots/iPhone 6/stm/Companion/20200105_081138/3.png]]

2020-01-05 08:12:10 - [TEST_STEP][PASSED] - (internal.GlobalVariable.i++): null

2020-01-05 08:12:10 - [MESSAGE][PASSED] - Call Test Case 'Test Cases/AHI/_include/get_screenshot' successfully

2020-01-05 08:12:10 - [MESSAGE][PASSED] - Call Test Case 'Test Cases/AHI/_include/filter_stm' successfully

2020-01-05 08:12:10 - [TEST_STEP][PASSED] - callTestCase(findTestCase("AHI/_include/goToDetail_stm"), ["carrier":"pivot-health-choice"], STOP_ON_FAILURE): Call Test Case 'Test Cases/AHI/_include/goToDetail_stm' successfully

2020-01-05 08:12:10 - [TEST_CASE][PASSED] - Test Cases/AHI/_include/goToDetail_stm: Test Cases/AHI/_include/goToDetail_stm

2020-01-05 08:12:10 - [TEST_STEP][PASSED] - driver = getWebDriver(): null

2020-01-05 08:12:10 - [TEST_STEP][PASSED] - selenium = new com.thoughtworks.selenium.webdriven.WebDriverBackedSelenium(driver, internal.GlobalVariable.ENV): null

2020-01-05 08:12:10 - [TEST_STEP][PASSED] - a_plan_name = "xpath=//a[contains(@href,'/term-health-insurance/plan/" + carrier + "')]": null

2020-01-05 08:12:10 - [TEST_STEP][PASSED] - println(a_plan_name): null

2020-01-05 08:12:10 - [TEST_STEP][PASSED] - selenium.click(a_plan_name): null

2020-01-05 08:12:12 - [TEST_STEP][PASSED] - waitForPageLoad(20): Wait for page load successfully

2020-01-05 08:12:13 - [MESSAGE][PASSED] - Wait for page load successfully

2020-01-05 08:12:13 - [TEST_STEP][PASSED] - Thread.sleep(2000): null

2020-01-05 08:12:15 - [TEST_STEP][PASSED] - callTestCase(findTestCase("AHI/_include/get_screenshot"), [:], STOP_ON_FAILURE): Call Test Case 'Test Cases/AHI/_include/get_screenshot' successfully

2020-01-05 08:12:15 - [TEST_CASE][PASSED] - Test Cases/AHI/_include/get_screenshot: Test Cases/AHI/_include/get_screenshot

2020-01-05 08:12:15 - [TEST_STEP][PASSED] - takeScreenshot(screenPath + i + ".png"): Taking screenshot successfully

2020-01-05 08:12:16 - [MESSAGE][PASSED] - Taking screenshot successfully
[[ATTACHMENT|D:\\Test\\AgileTest\\Reports\\AHI\\stm\\20200105_080028\\../Screenshots/iPhone 6/stm/Companion/20200105_081138/4.png]]

2020-01-05 08:12:16 - [TEST_STEP][PASSED] - (internal.GlobalVariable.i++): null

2020-01-05 08:12:16 - [MESSAGE][PASSED] - Call Test Case 'Test Cases/AHI/_include/get_screenshot' successfully

2020-01-05 08:12:16 - [MESSAGE][PASSED] - Call Test Case 'Test Cases/AHI/_include/goToDetail_stm' successfully

2020-01-05 08:12:16 - [TEST_STEP][PASSED] - callTestCase(findTestCase("AHI/_include/apply_stm"), [:], STOP_ON_FAILURE): Call Test Case 'Test Cases/AHI/_include/apply_stm' successfully

2020-01-05 08:12:16 - [TEST_CASE][PASSED] - Test Cases/AHI/_include/apply_stm: Test Cases/AHI/_include/apply_stm

2020-01-05 08:12:16 - [TEST_STEP][PASSED] - waitForElementVisible(findTestObject("mobileSanity/STM/STM PlanDetail Page/a_Apply for This Plan"), 5): Object 'Object Repository/mobileSanity/STM/STM PlanDetail Page/a_Apply for This Plan' is visible

2020-01-05 08:12:16 - [MESSAGE][PASSED] - Object 'Object Repository/mobileSanity/STM/STM PlanDetail Page/a_Apply for This Plan' is visible

2020-01-05 08:12:16 - [TEST_STEP][PASSED] - click(findTestObject("mobileSanity/STM/STM PlanDetail Page/a_Apply for This Plan")): Object: 'Object Repository/mobileSanity/STM/STM PlanDetail Page/a_Apply for This Plan' is clicked on

2020-01-05 08:12:16 - [MESSAGE][PASSED] - Object: 'Object Repository/mobileSanity/STM/STM PlanDetail Page/a_Apply for This Plan' is clicked on

2020-01-05 08:12:16 - [TEST_STEP][PASSED] - waitForPageLoad(10): Wait for page load successfully

2020-01-05 08:12:17 - [MESSAGE][PASSED] - Wait for page load successfully

2020-01-05 08:12:17 - [TEST_STEP][PASSED] - Thread.sleep(2000): null

2020-01-05 08:12:19 - [TEST_STEP][PASSED] - callTestCase(findTestCase("AHI/_include/get_screenshot"), [:], STOP_ON_FAILURE): Call Test Case 'Test Cases/AHI/_include/get_screenshot' successfully

2020-01-05 08:12:19 - [TEST_CASE][PASSED] - Test Cases/AHI/_include/get_screenshot: Test Cases/AHI/_include/get_screenshot

2020-01-05 08:12:19 - [TEST_STEP][PASSED] - takeScreenshot(screenPath + i + ".png"): Taking screenshot successfully

2020-01-05 08:12:20 - [MESSAGE][PASSED] - Taking screenshot successfully
[[ATTACHMENT|D:\\Test\\AgileTest\\Reports\\AHI\\stm\\20200105_080028\\../Screenshots/iPhone 6/stm/Companion/20200105_081138/5.png]]

2020-01-05 08:12:20 - [TEST_STEP][PASSED] - (internal.GlobalVariable.i++): null

2020-01-05 08:12:20 - [MESSAGE][PASSED] - Call Test Case 'Test Cases/AHI/_include/get_screenshot' successfully

2020-01-05 08:12:20 - [TEST_STEP][PASSED] - waitForElementVisible(findTestObject("mobileSanity/STM/STM Apply Page/a_Start Secure Application"), 5): Object 'Object Repository/mobileSanity/STM/STM Apply Page/a_Start Secure Application' is visible

2020-01-05 08:12:20 - [MESSAGE][PASSED] - Object 'Object Repository/mobileSanity/STM/STM Apply Page/a_Start Secure Application' is visible

2020-01-05 08:12:20 - [TEST_STEP][PASSED] - click(findTestObject("mobileSanity/STM/STM Apply Page/a_Start Secure Application")): Object: 'Object Repository/mobileSanity/STM/STM Apply Page/a_Start Secure Application' is clicked on

2020-01-05 08:12:21 - [MESSAGE][PASSED] - Object: 'Object Repository/mobileSanity/STM/STM Apply Page/a_Start Secure Application' is clicked on

2020-01-05 08:12:21 - [TEST_STEP][PASSED] - waitForPageLoad(20): Wait for page load successfully

2020-01-05 08:12:22 - [MESSAGE][PASSED] - Wait for page load successfully

2020-01-05 08:12:22 - [TEST_STEP][PASSED] - Thread.sleep(2000): null

2020-01-05 08:12:24 - [TEST_STEP][PASSED] - callTestCase(findTestCase("AHI/_include/get_screenshot"), [:], STOP_ON_FAILURE): Call Test Case 'Test Cases/AHI/_include/get_screenshot' successfully

2020-01-05 08:12:24 - [TEST_CASE][PASSED] - Test Cases/AHI/_include/get_screenshot: Test Cases/AHI/_include/get_screenshot

2020-01-05 08:12:24 - [TEST_STEP][PASSED] - takeScreenshot(screenPath + i + ".png"): Taking screenshot successfully

2020-01-05 08:12:24 - [MESSAGE][PASSED] - Taking screenshot successfully
[[ATTACHMENT|D:\\Test\\AgileTest\\Reports\\AHI\\stm\\20200105_080028\\../Screenshots/iPhone 6/stm/Companion/20200105_081138/6.png]]

2020-01-05 08:12:24 - [TEST_STEP][PASSED] - (internal.GlobalVariable.i++): null

2020-01-05 08:12:24 - [MESSAGE][PASSED] - Call Test Case 'Test Cases/AHI/_include/get_screenshot' successfully

2020-01-05 08:12:24 - [MESSAGE][PASSED] - Call Test Case 'Test Cases/AHI/_include/apply_stm' successfully

2020-01-05 08:12:24 - [TEST_STEP][PASSED] - callTestCase(findTestCase("AHI/_include/goToEnd_stm_autofill"), [:], STOP_ON_FAILURE): Call Test Case 'Test Cases/AHI/_include/goToEnd_stm_autofill' successfully

2020-01-05 08:12:24 - [TEST_CASE][PASSED] - Test Cases/AHI/_include/goToEnd_stm_autofill: Test Cases/AHI/_include/goToEnd_stm_autofill

2020-01-05 08:12:24 - [TEST_STEP][PASSED] - callTestCase(findTestCase("AHI/_include/name"), [:], CONTINUE_ON_FAILURE): Call Test Case 'Test Cases/AHI/_include/name' successfully

2020-01-05 08:12:24 - [TEST_CASE][PASSED] - Test Cases/AHI/_include/name: Test Cases/AHI/_include/name

2020-01-05 08:12:24 - [TEST_STEP][PASSED] - driver = getWebDriver(): null

2020-01-05 08:12:24 - [TEST_STEP][PASSED] - selenium = new com.thoughtworks.selenium.webdriven.WebDriverBackedSelenium(driver, internal.GlobalVariable.ENV): null

2020-01-05 08:12:25 - [TEST_STEP][PASSED] - FirstName = "Test-123": null

2020-01-05 08:12:25 - [TEST_STEP][PASSED] - LastName = selenium.getEval("{var x="ABCDEFGHIJKLMNOPQRSTUVWXYZabcdefghijklmnopqrstuvwxyz"; var tmp="ZZ11-"; for (i=0;i<8;i++) tmp+=x.charAt(Math.ceil(51*Math.random()));tmp;}"): null

2020-01-05 08:12:25 - [TEST_STEP][PASSED] - Address = selenium.getEval("{var x="ABCDEFGHIJKLMNOPQRSTUVWXYZabcdefghijklmnopqrstuvwxyz"; var tmp=""; for (i=0;i<8;i++) tmp+=x.charAt(Math.ceil(51*Math.random()));tmp;}"): null

2020-01-05 08:12:25 - [TEST_STEP][PASSED] - City = selenium.getEval("{var x="ABCDEFGHIJKLMNOPQRSTUVWXYZabcdefghijklmnopqrstuvwxyz"; var tmp=""; for (i=0;i<8;i++) tmp+=x.charAt(Math.ceil(51*Math.random()));tmp;}"): null

2020-01-05 08:12:25 - [TEST_STEP][PASSED] - tel1 = selenium.getEval("{var x="123456789"; var tmp=""; for (i=0;i<3;i++) tmp+=x.charAt(Math.ceil(8*Math.random()));tmp;}"): null

2020-01-05 08:12:25 - [TEST_STEP][PASSED] - tel2 = selenium.getEval("{var x="123456789"; var tmp=""; for (i=0;i<3;i++) tmp+=x.charAt(Math.ceil(8*Math.random()));tmp;}"): null

2020-01-05 08:12:25 - [TEST_STEP][PASSED] - tel3 = selenium.getEval("{var x="123456789"; var tmp=""; for (i=0;i<4;i++) tmp+=x.charAt(Math.ceil(8*Math.random()));tmp;}"): null

2020-01-05 08:12:25 - [TEST_STEP][PASSED] - Tel = selenium.getExpression(tel1 + "-" + tel2 + "-" + tel3): null

2020-01-05 08:12:25 - [TEST_STEP][PASSED] - AutoEmail = selenium.getEval("{var x="ABCDEFGHIJKLMNOPQRSTUVWXYZabcdefghijklmnopqrstuvwxyz"; var tmp="test."; for (i=0;i<8;i++) tmp+=x.charAt(Math.ceil(51*Math.random()));tmp+="@suryani.cn";}"): null

2020-01-05 08:12:25 - [TEST_STEP][PASSED] - FirstName = FirstName: null

2020-01-05 08:12:25 - [TEST_STEP][PASSED] - LastName = LastName: null

2020-01-05 08:12:25 - [TEST_STEP][PASSED] - Address = Address: null

2020-01-05 08:12:25 - [TEST_STEP][PASSED] - City = City: null

2020-01-05 08:12:25 - [TEST_STEP][PASSED] - Tel = Tel: null

2020-01-05 08:12:25 - [TEST_STEP][PASSED] - AutoEmail = AutoEmail: null

2020-01-05 08:12:25 - [TEST_STEP][PASSED] - println(FirstName): null

2020-01-05 08:12:25 - [TEST_STEP][PASSED] - println(LastName): null

2020-01-05 08:12:25 - [TEST_STEP][PASSED] - println(Address): null

2020-01-05 08:12:25 - [TEST_STEP][PASSED] - println(City): null

2020-01-05 08:12:25 - [TEST_STEP][PASSED] - println(Tel): null

2020-01-05 08:12:25 - [TEST_STEP][PASSED] - println(AutoEmail): null

2020-01-05 08:12:25 - [MESSAGE][PASSED] - Call Test Case 'Test Cases/AHI/_include/name' successfully

2020-01-05 08:12:25 - [TEST_STEP][PASSED] - try: Call Test Case 'Test Cases/AHI/_include/get_screenshot' successfully

2020-01-05 08:12:25 - [TEST_STEP][PASSED] - if (verifyTextPresent("Month Duration Acknowledgement", false)): Call Test Case 'Test Cases/AHI/_include/get_screenshot' successfully

2020-01-05 08:12:25 - [MESSAGE][PASSED] - Text 'Month Duration Acknowledgement' is present on page 

2020-01-05 08:12:25 - [TEST_STEP][PASSED] - click(findTestObject("mobileSanity/STM/Page_App Page 1/label_By checking this box I u")): Object: 'Object Repository/mobileSanity/STM/Page_App Page 1/label_By checking this box I u' is clicked on

2020-01-05 08:12:25 - [MESSAGE][PASSED] - Object: 'Object Repository/mobileSanity/STM/Page_App Page 1/label_By checking this box I u' is clicked on

2020-01-05 08:12:25 - [TEST_STEP][PASSED] - click(findTestObject("mobileSanity/STM/Page_App Page 1/button_Continue to Application")): Object: 'Object Repository/mobileSanity/STM/Page_App Page 1/button_Continue to Application' is clicked on

2020-01-05 08:12:26 - [MESSAGE][PASSED] - Object: 'Object Repository/mobileSanity/STM/Page_App Page 1/button_Continue to Application' is clicked on

2020-01-05 08:12:26 - [TEST_STEP][PASSED] - waitForPageLoad(20): Wait for page load successfully

2020-01-05 08:12:26 - [MESSAGE][PASSED] - Wait for page load successfully

2020-01-05 08:12:26 - [TEST_STEP][PASSED] - Thread.sleep(5000): null

2020-01-05 08:12:31 - [TEST_STEP][PASSED] - callTestCase(findTestCase("AHI/_include/get_screenshot"), [:], STOP_ON_FAILURE): Call Test Case 'Test Cases/AHI/_include/get_screenshot' successfully

2020-01-05 08:12:32 - [TEST_CASE][PASSED] - Test Cases/AHI/_include/get_screenshot: Test Cases/AHI/_include/get_screenshot

2020-01-05 08:12:32 - [TEST_STEP][PASSED] - takeScreenshot(screenPath + i + ".png"): Taking screenshot successfully

2020-01-05 08:12:32 - [MESSAGE][PASSED] - Taking screenshot successfully
[[ATTACHMENT|D:\\Test\\AgileTest\\Reports\\AHI\\stm\\20200105_080028\\../Screenshots/iPhone 6/stm/Companion/20200105_081138/7.png]]

2020-01-05 08:12:32 - [TEST_STEP][PASSED] - (internal.GlobalVariable.i++): null

2020-01-05 08:12:32 - [MESSAGE][PASSED] - Call Test Case 'Test Cases/AHI/_include/get_screenshot' successfully

2020-01-05 08:12:32 - [TEST_STEP][PASSED] - waitForPageLoad(10): Wait for page load successfully

2020-01-05 08:12:32 - [MESSAGE][PASSED] - Wait for page load successfully

2020-01-05 08:12:32 - [TEST_STEP][PASSED] - Thread.sleep(3000): null

2020-01-05 08:12:35 - [TEST_STEP][PASSED] - waitForElementVisible(findTestObject("mobileSanity/STM/Page_App Page 1/a_Autofill App Info"), 20): Object 'Object Repository/mobileSanity/STM/Page_App Page 1/a_Autofill App Info' is visible

2020-01-05 08:12:35 - [MESSAGE][PASSED] - Object 'Object Repository/mobileSanity/STM/Page_App Page 1/a_Autofill App Info' is visible

2020-01-05 08:12:35 - [TEST_STEP][PASSED] - click(findTestObject("mobileSanity/STM/Page_App Page 1/a_Autofill App Info")): Object: 'Object Repository/mobileSanity/STM/Page_App Page 1/a_Autofill App Info' is clicked on

2020-01-05 08:12:36 - [MESSAGE][PASSED] - Object: 'Object Repository/mobileSanity/STM/Page_App Page 1/a_Autofill App Info' is clicked on

2020-01-05 08:12:36 - [TEST_STEP][PASSED] - Thread.sleep(1000): null

2020-01-05 08:12:37 - [TEST_STEP][PASSED] - click(findTestObject("mobileSanity/STM/Page_App Page 1/a_Autofill App Info")): Object: 'Object Repository/mobileSanity/STM/Page_App Page 1/a_Autofill App Info' is clicked on

2020-01-05 08:12:37 - [MESSAGE][PASSED] - Object: 'Object Repository/mobileSanity/STM/Page_App Page 1/a_Autofill App Info' is clicked on

2020-01-05 08:12:37 - [TEST_STEP][PASSED] - Thread.sleep(1000): null

2020-01-05 08:12:38 - [TEST_STEP][PASSED] - waitForElementVisible(findTestObject("mobileSanity/STM/Page_App Page 1/a_Continue"), 20): Object 'Object Repository/mobileSanity/STM/Page_App Page 1/a_Continue' is visible

2020-01-05 08:12:38 - [MESSAGE][PASSED] - Object 'Object Repository/mobileSanity/STM/Page_App Page 1/a_Continue' is visible

2020-01-05 08:12:38 - [TEST_STEP][PASSED] - click(findTestObject("mobileSanity/STM/Page_App Page 1/a_Continue")): Object: 'Object Repository/mobileSanity/STM/Page_App Page 1/a_Continue' is clicked on

2020-01-05 08:12:38 - [MESSAGE][PASSED] - Object: 'Object Repository/mobileSanity/STM/Page_App Page 1/a_Continue' is clicked on

2020-01-05 08:12:38 - [TEST_STEP][PASSED] - waitForPageLoad(20): Wait for page load successfully

2020-01-05 08:12:38 - [MESSAGE][PASSED] - Wait for page load successfully

2020-01-05 08:12:38 - [TEST_STEP][PASSED] - Thread.sleep(5000): null

2020-01-05 08:12:43 - [TEST_STEP][PASSED] - callTestCase(findTestCase("AHI/_include/get_screenshot"), [:], STOP_ON_FAILURE): Call Test Case 'Test Cases/AHI/_include/get_screenshot' successfully

2020-01-05 08:12:43 - [TEST_CASE][PASSED] - Test Cases/AHI/_include/get_screenshot: Test Cases/AHI/_include/get_screenshot

2020-01-05 08:12:43 - [TEST_STEP][PASSED] - takeScreenshot(screenPath + i + ".png"): Taking screenshot successfully

2020-01-05 08:12:44 - [MESSAGE][PASSED] - Taking screenshot successfully
[[ATTACHMENT|D:\\Test\\AgileTest\\Reports\\AHI\\stm\\20200105_080028\\../Screenshots/iPhone 6/stm/Companion/20200105_081138/8.png]]

2020-01-05 08:12:44 - [TEST_STEP][PASSED] - (internal.GlobalVariable.i++): null

2020-01-05 08:12:44 - [MESSAGE][PASSED] - Call Test Case 'Test Cases/AHI/_include/get_screenshot' successfully

2020-01-05 08:12:44 - [TEST_STEP][PASSED] - click(findTestObject("mobileSanity/STM/Page_App Page 2/a_Continue to Step 3 - Payment")): Object: 'Object Repository/mobileSanity/STM/Page_App Page 2/a_Continue to Step 3 - Payment' is clicked on

2020-01-05 08:12:45 - [MESSAGE][PASSED] - Object: 'Object Repository/mobileSanity/STM/Page_App Page 2/a_Continue to Step 3 - Payment' is clicked on

2020-01-05 08:12:45 - [TEST_STEP][PASSED] - waitForPageLoad(20): Wait for page load successfully

2020-01-05 08:12:45 - [MESSAGE][PASSED] - Wait for page load successfully

2020-01-05 08:12:45 - [TEST_STEP][PASSED] - waitForElementVisible(findTestObject("mobileSanity/STM/Page_App Page 3/input__credit-card-cvv"), 20): Object 'Object Repository/mobileSanity/STM/Page_App Page 3/input__credit-card-cvv' is visible

2020-01-05 08:12:45 - [MESSAGE][PASSED] - Object 'Object Repository/mobileSanity/STM/Page_App Page 3/input__credit-card-cvv' is visible

2020-01-05 08:12:45 - [TEST_STEP][PASSED] - Thread.sleep(2000): null

2020-01-05 08:12:47 - [TEST_STEP][PASSED] - callTestCase(findTestCase("AHI/_include/get_screenshot"), [:], STOP_ON_FAILURE): Call Test Case 'Test Cases/AHI/_include/get_screenshot' successfully

2020-01-05 08:12:48 - [TEST_CASE][PASSED] - Test Cases/AHI/_include/get_screenshot: Test Cases/AHI/_include/get_screenshot

2020-01-05 08:12:48 - [TEST_STEP][PASSED] - takeScreenshot(screenPath + i + ".png"): Taking screenshot successfully

2020-01-05 08:12:48 - [MESSAGE][PASSED] - Taking screenshot successfully
[[ATTACHMENT|D:\\Test\\AgileTest\\Reports\\AHI\\stm\\20200105_080028\\../Screenshots/iPhone 6/stm/Companion/20200105_081138/9.png]]

2020-01-05 08:12:48 - [TEST_STEP][PASSED] - (internal.GlobalVariable.i++): null

2020-01-05 08:12:48 - [MESSAGE][PASSED] - Call Test Case 'Test Cases/AHI/_include/get_screenshot' successfully

2020-01-05 08:12:48 - [TEST_STEP][PASSED] - clearText(findTestObject("mobileSanity/STM/Page_App Page 3/input__credit-card-cvv")): Text of object 'Object Repository/mobileSanity/STM/Page_App Page 3/input__credit-card-cvv' is cleared

2020-01-05 08:12:48 - [MESSAGE][PASSED] - Text of object 'Object Repository/mobileSanity/STM/Page_App Page 3/input__credit-card-cvv' is cleared

2020-01-05 08:12:48 - [TEST_STEP][PASSED] - setText(findTestObject("mobileSanity/STM/Page_App Page 3/input__credit-card-cvv"), "123"): Text '123' is set on object 'Object Repository/mobileSanity/STM/Page_App Page 3/input__credit-card-cvv'

2020-01-05 08:12:48 - [MESSAGE][PASSED] - Text '123' is set on object 'Object Repository/mobileSanity/STM/Page_App Page 3/input__credit-card-cvv'

2020-01-05 08:12:48 - [TEST_STEP][PASSED] - click(findTestObject("mobileSanity/STM/Page_App Page 3/label_I Accept Authorization f")): Object: 'Object Repository/mobileSanity/STM/Page_App Page 3/label_I Accept Authorization f' is clicked on

2020-01-05 08:12:48 - [MESSAGE][PASSED] - Object: 'Object Repository/mobileSanity/STM/Page_App Page 3/label_I Accept Authorization f' is clicked on

2020-01-05 08:12:48 - [TEST_STEP][PASSED] - click(findTestObject("mobileSanity/STM/Page_App Page 3/a_Continue to Step 4 - Review")): Object: 'Object Repository/mobileSanity/STM/Page_App Page 3/a_Continue to Step 4 - Review' is clicked on

2020-01-05 08:12:48 - [MESSAGE][PASSED] - Object: 'Object Repository/mobileSanity/STM/Page_App Page 3/a_Continue to Step 4 - Review' is clicked on

2020-01-05 08:12:48 - [TEST_STEP][PASSED] - waitForPageLoad(10): Wait for page load successfully

2020-01-05 08:12:48 - [MESSAGE][PASSED] - Wait for page load successfully

2020-01-05 08:12:48 - [TEST_STEP][PASSED] - waitForElementClickable(findTestObject("mobileSanity/STM/Page_App Page 4/label"), 10): Web element with id: 'Object Repository/mobileSanity/STM/Page_App Page 4/label' located by 'By.xpath: //input[@id = 'consent-checkbox-0']' not found

2020-01-05 08:13:00 - [MESSAGE][INFO] - Unable to find the element located by 'By.xpath: //input[@id = 'consent-checkbox-0']'. Please recheck the objects properties to make sure the desired element is located. 

2020-01-05 08:13:00 - [MESSAGE][WARNING] - Web element with id: 'Object Repository/mobileSanity/STM/Page_App Page 4/label' located by 'By.xpath: //input[@id = 'consent-checkbox-0']' not found

2020-01-05 08:13:00 - [TEST_STEP][PASSED] - Thread.sleep(2000): null

2020-01-05 08:13:02 - [TEST_STEP][PASSED] - callTestCase(findTestCase("AHI/_include/get_screenshot"), [:], STOP_ON_FAILURE): Call Test Case 'Test Cases/AHI/_include/get_screenshot' successfully

2020-01-05 08:13:02 - [TEST_CASE][PASSED] - Test Cases/AHI/_include/get_screenshot: Test Cases/AHI/_include/get_screenshot

2020-01-05 08:13:02 - [TEST_STEP][PASSED] - takeScreenshot(screenPath + i + ".png"): Taking screenshot successfully

2020-01-05 08:13:02 - [MESSAGE][PASSED] - Taking screenshot successfully
[[ATTACHMENT|D:\\Test\\AgileTest\\Reports\\AHI\\stm\\20200105_080028\\../Screenshots/iPhone 6/stm/Companion/20200105_081138/10.png]]

2020-01-05 08:13:02 - [TEST_STEP][PASSED] - (internal.GlobalVariable.i++): null

2020-01-05 08:13:02 - [MESSAGE][PASSED] - Call Test Case 'Test Cases/AHI/_include/get_screenshot' successfully

2020-01-05 08:13:02 - [TEST_STEP][PASSED] - click(findTestObject("mobileSanity/STM/Page_App Page 4/label")): Object: 'Object Repository/mobileSanity/STM/Page_App Page 4/label' is clicked on

2020-01-05 08:13:02 - [MESSAGE][PASSED] - Object: 'Object Repository/mobileSanity/STM/Page_App Page 4/label' is clicked on

2020-01-05 08:13:02 - [TEST_STEP][PASSED] - click(findTestObject("mobileSanity/STM/Page_App Page 4/div_CLICK TO SIGN")): Object: 'Object Repository/mobileSanity/STM/Page_App Page 4/div_CLICK TO SIGN' is clicked on

2020-01-05 08:13:03 - [MESSAGE][PASSED] - Object: 'Object Repository/mobileSanity/STM/Page_App Page 4/div_CLICK TO SIGN' is clicked on

2020-01-05 08:13:03 - [TEST_STEP][PASSED] - click(findTestObject("mobileSanity/STM/Page_App Page 4/a_Submit Your Application")): Object: 'Object Repository/mobileSanity/STM/Page_App Page 4/a_Submit Your Application' is clicked on

2020-01-05 08:13:04 - [MESSAGE][PASSED] - Object: 'Object Repository/mobileSanity/STM/Page_App Page 4/a_Submit Your Application' is clicked on

2020-01-05 08:13:04 - [TEST_STEP][PASSED] - Thread.sleep(30000): null

2020-01-05 08:13:34 - [TEST_STEP][PASSED] - waitForElementPresent(findTestObject("mobileSanity/STM/Page_App Page 6/app-page-wrapper"), 20): Object 'Object Repository/mobileSanity/STM/Page_App Page 6/app-page-wrapper' is present

2020-01-05 08:13:34 - [MESSAGE][PASSED] - Object 'Object Repository/mobileSanity/STM/Page_App Page 6/app-page-wrapper' is present

2020-01-05 08:13:34 - [TEST_STEP][PASSED] - callTestCase(findTestCase("AHI/_include/get_screenshot"), [:], STOP_ON_FAILURE): Call Test Case 'Test Cases/AHI/_include/get_screenshot' successfully

2020-01-05 08:13:34 - [TEST_CASE][PASSED] - Test Cases/AHI/_include/get_screenshot: Test Cases/AHI/_include/get_screenshot

2020-01-05 08:13:34 - [TEST_STEP][PASSED] - takeScreenshot(screenPath + i + ".png"): Taking screenshot successfully

2020-01-05 08:13:34 - [MESSAGE][PASSED] - Taking screenshot successfully
[[ATTACHMENT|D:\\Test\\AgileTest\\Reports\\AHI\\stm\\20200105_080028\\../Screenshots/iPhone 6/stm/Companion/20200105_081138/11.png]]

2020-01-05 08:13:34 - [TEST_STEP][PASSED] - (internal.GlobalVariable.i++): null

2020-01-05 08:13:34 - [MESSAGE][PASSED] - Call Test Case 'Test Cases/AHI/_include/get_screenshot' successfully

2020-01-05 08:13:34 - [MESSAGE][PASSED] - Call Test Case 'Test Cases/AHI/_include/goToEnd_stm_autofill' successfully]]></system-out>
         <system-err><![CDATA[]]></system-err>
      </testcase>
      <testcase name="Test Cases/AHI/stm/Everest Prime" classname="Test Cases/AHI/stm/Everest Prime" status="PASSED">
         <system-out><![CDATA[2020-01-05 08:13:34 - [TEST_CASE][PASSED] - Test Cases/AHI/stm/Everest Prime: Test Cases/AHI/stm/Everest Prime

2020-01-05 08:13:34 - [TEST_STEP][PASSED] - callTestCase(findTestCase("AHI/_include/get_screenPath"), ["productLine":"stm", "carrierName":"Everest Prime"], CONTINUE_ON_FAILURE): Call Test Case 'Test Cases/AHI/_include/get_screenPath' successfully

2020-01-05 08:13:35 - [TEST_CASE][PASSED] - Test Cases/AHI/_include/get_screenPath: Test Cases/AHI/_include/get_screenPath

2020-01-05 08:13:35 - [TEST_STEP][PASSED] - m = getExecutionProperties(): null

2020-01-05 08:13:35 - [TEST_STEP][PASSED] - deviceName = get("mobileEmulation").get("deviceName"): null

2020-01-05 08:13:35 - [TEST_STEP][PASSED] - println(deviceName): null

2020-01-05 08:13:35 - [TEST_STEP][PASSED] - now = new java.util.Date(): null

2020-01-05 08:13:35 - [TEST_STEP][PASSED] - mydate = now.format("yyyyMMdd_HHmmss"): null

2020-01-05 08:13:35 - [TEST_STEP][PASSED] - screenPath = "../Screenshots/": null

2020-01-05 08:13:35 - [TEST_STEP][PASSED] - screenPath = screenPath + deviceName + "/" + productLine + "/" + carrierName + "/" + mydate + "/": null

2020-01-05 08:13:35 - [TEST_STEP][PASSED] - println(screenPath): null

2020-01-05 08:13:35 - [MESSAGE][PASSED] - Call Test Case 'Test Cases/AHI/_include/get_screenPath' successfully

2020-01-05 08:13:35 - [TEST_STEP][PASSED] - i = 0: null

2020-01-05 08:13:35 - [TEST_STEP][PASSED] - callTestCase(findTestCase("AHI/_include/openWebSite"), [:], CONTINUE_ON_FAILURE): Call Test Case 'Test Cases/AHI/_include/openWebSite' successfully

2020-01-05 08:13:35 - [TEST_CASE][PASSED] - Test Cases/AHI/_include/openWebSite: Test Cases/AHI/_include/openWebSite

2020-01-05 08:13:35 - [TEST_STEP][PASSED] - openBrowser(env): Browser is opened with url: 'https://praetemptatus.agilehealthinsurance.com'

2020-01-05 08:13:35 - [MESSAGE][WARNING] - A browser is already opened. Closing browser and opening a new one

2020-01-05 08:13:36 - [MESSAGE][INFO] - Starting 'Chrome' driver

2020-01-05 08:13:36 - [MESSAGE][INFO] - User set preference: ['mobileEmulation', '{deviceName=iPhone 6}']

2020-01-05 08:13:36 - [MESSAGE][INFO] - User set preference: ['args', '[--incognito, --aggressive-cache-discard, --window-size=375,677, --no-sandbox]']

2020-01-05 08:13:40 - [MESSAGE][PASSED] - Browser is opened with url: 'https://praetemptatus.agilehealthinsurance.com'

2020-01-05 08:13:40 - [TEST_STEP][PASSED] - waitForPageLoad(20): Wait for page load successfully

2020-01-05 08:13:40 - [MESSAGE][PASSED] - Wait for page load successfully

2020-01-05 08:13:40 - [TEST_STEP][PASSED] - callTestCase(findTestCase("AHI/_include/get_screenshot"), [:], STOP_ON_FAILURE): Call Test Case 'Test Cases/AHI/_include/get_screenshot' successfully

2020-01-05 08:13:40 - [TEST_CASE][PASSED] - Test Cases/AHI/_include/get_screenshot: Test Cases/AHI/_include/get_screenshot

2020-01-05 08:13:40 - [TEST_STEP][PASSED] - takeScreenshot(screenPath + i + ".png"): Taking screenshot successfully

2020-01-05 08:13:42 - [MESSAGE][PASSED] - Taking screenshot successfully
[[ATTACHMENT|D:\\Test\\AgileTest\\Reports\\AHI\\stm\\20200105_080028\\../Screenshots/iPhone 6/stm/Everest Prime/20200105_081335/0.png]]

2020-01-05 08:13:42 - [TEST_STEP][PASSED] - (internal.GlobalVariable.i++): null

2020-01-05 08:13:42 - [MESSAGE][PASSED] - Call Test Case 'Test Cases/AHI/_include/get_screenshot' successfully

2020-01-05 08:13:42 - [MESSAGE][PASSED] - Call Test Case 'Test Cases/AHI/_include/openWebSite' successfully

2020-01-05 08:13:42 - [TEST_STEP][PASSED] - callTestCase(findTestCase("AHI/_include/census_stm"), [:], CONTINUE_ON_FAILURE): Call Test Case 'Test Cases/AHI/_include/census_stm' successfully

2020-01-05 08:13:42 - [TEST_CASE][PASSED] - Test Cases/AHI/_include/census_stm: Test Cases/AHI/_include/census_stm

2020-01-05 08:13:42 - [TEST_STEP][PASSED] - waitForElementClickable(findTestObject("mobileSanity/STM/Home Page/a_Quote  Save Today"), 10): Object 'Object Repository/mobileSanity/STM/Home Page/a_Quote  Save Today' is clickable

2020-01-05 08:13:42 - [MESSAGE][PASSED] - Object 'Object Repository/mobileSanity/STM/Home Page/a_Quote  Save Today' is clickable

2020-01-05 08:13:42 - [TEST_STEP][PASSED] - click(findTestObject("mobileSanity/STM/Home Page/a_Quote  Save Today")): Object: 'Object Repository/mobileSanity/STM/Home Page/a_Quote  Save Today' is clicked on

2020-01-05 08:13:43 - [MESSAGE][PASSED] - Object: 'Object Repository/mobileSanity/STM/Home Page/a_Quote  Save Today' is clicked on

2020-01-05 08:13:43 - [TEST_STEP][PASSED] - waitForPageLoad(10): Wait for page load successfully

2020-01-05 08:13:44 - [MESSAGE][PASSED] - Wait for page load successfully

2020-01-05 08:13:44 - [TEST_STEP][PASSED] - callTestCase(findTestCase("AHI/_include/get_screenshot"), [:], STOP_ON_FAILURE): Call Test Case 'Test Cases/AHI/_include/get_screenshot' successfully

2020-01-05 08:13:44 - [TEST_CASE][PASSED] - Test Cases/AHI/_include/get_screenshot: Test Cases/AHI/_include/get_screenshot

2020-01-05 08:13:44 - [TEST_STEP][PASSED] - takeScreenshot(screenPath + i + ".png"): Taking screenshot successfully

2020-01-05 08:13:45 - [MESSAGE][PASSED] - Taking screenshot successfully
[[ATTACHMENT|D:\\Test\\AgileTest\\Reports\\AHI\\stm\\20200105_080028\\../Screenshots/iPhone 6/stm/Everest Prime/20200105_081335/1.png]]

2020-01-05 08:13:45 - [TEST_STEP][PASSED] - (internal.GlobalVariable.i++): null

2020-01-05 08:13:45 - [MESSAGE][PASSED] - Call Test Case 'Test Cases/AHI/_include/get_screenshot' successfully

2020-01-05 08:13:45 - [TEST_STEP][PASSED] - setText(findTestObject("mobileSanity/STM/STM Census Page/input_Location_zip-input"), zipcode): Text '35215' is set on object 'Object Repository/mobileSanity/STM/STM Census Page/input_Location_zip-input'

2020-01-05 08:13:45 - [MESSAGE][PASSED] - Text '35215' is set on object 'Object Repository/mobileSanity/STM/STM Census Page/input_Location_zip-input'

2020-01-05 08:13:45 - [TEST_STEP][PASSED] - Thread.sleep(500): null

2020-01-05 08:13:45 - [TEST_STEP][PASSED] - setText(findTestObject("mobileSanity/STM/STM Census Page/input_Date of Birth_dob-0"), "03031987"): Text '03031987' is set on object 'Object Repository/mobileSanity/STM/STM Census Page/input_Date of Birth_dob-0'

2020-01-05 08:13:45 - [MESSAGE][PASSED] - Text '03031987' is set on object 'Object Repository/mobileSanity/STM/STM Census Page/input_Date of Birth_dob-0'

2020-01-05 08:13:45 - [TEST_STEP][PASSED] - click(findTestObject("mobileSanity/STM/STM Census Page/label_Male")): Object: 'Object Repository/mobileSanity/STM/STM Census Page/label_Male' is clicked on

2020-01-05 08:13:46 - [MESSAGE][PASSED] - Object: 'Object Repository/mobileSanity/STM/STM Census Page/label_Male' is clicked on

2020-01-05 08:13:46 - [TEST_STEP][PASSED] - click(findTestObject("mobileSanity/STM/STM Census Page/label_Compare Plans")): Object: 'Object Repository/mobileSanity/STM/STM Census Page/label_Compare Plans' is clicked on

2020-01-05 08:13:47 - [MESSAGE][PASSED] - Object: 'Object Repository/mobileSanity/STM/STM Census Page/label_Compare Plans' is clicked on

2020-01-05 08:13:47 - [TEST_STEP][PASSED] - waitForElementVisible(findTestObject("mobileSanity/STM/STM Quote Page/button_sort"), 20): Object 'Object Repository/mobileSanity/STM/STM Quote Page/button_sort' is visible

2020-01-05 08:13:48 - [MESSAGE][PASSED] - Object 'Object Repository/mobileSanity/STM/STM Quote Page/button_sort' is visible

2020-01-05 08:13:48 - [TEST_STEP][PASSED] - Thread.sleep(3000): null

2020-01-05 08:13:51 - [TEST_STEP][PASSED] - callTestCase(findTestCase("AHI/_include/check_quoteleadform"), [:], STOP_ON_FAILURE): Call Test Case 'Test Cases/AHI/_include/check_quoteleadform' successfully

2020-01-05 08:13:51 - [TEST_CASE][PASSED] - Test Cases/AHI/_include/check_quoteleadform: Test Cases/AHI/_include/check_quoteleadform

2020-01-05 08:13:51 - [TEST_STEP][PASSED] - callTestCase(findTestCase("AHI/_include/name"), [:], CONTINUE_ON_FAILURE): Call Test Case 'Test Cases/AHI/_include/name' successfully

2020-01-05 08:13:51 - [TEST_CASE][PASSED] - Test Cases/AHI/_include/name: Test Cases/AHI/_include/name

2020-01-05 08:13:51 - [TEST_STEP][PASSED] - driver = getWebDriver(): null

2020-01-05 08:13:51 - [TEST_STEP][PASSED] - selenium = new com.thoughtworks.selenium.webdriven.WebDriverBackedSelenium(driver, internal.GlobalVariable.ENV): null

2020-01-05 08:13:51 - [TEST_STEP][PASSED] - FirstName = "Test-123": null

2020-01-05 08:13:51 - [TEST_STEP][PASSED] - LastName = selenium.getEval("{var x="ABCDEFGHIJKLMNOPQRSTUVWXYZabcdefghijklmnopqrstuvwxyz"; var tmp="ZZ11-"; for (i=0;i<8;i++) tmp+=x.charAt(Math.ceil(51*Math.random()));tmp;}"): null

2020-01-05 08:13:51 - [TEST_STEP][PASSED] - Address = selenium.getEval("{var x="ABCDEFGHIJKLMNOPQRSTUVWXYZabcdefghijklmnopqrstuvwxyz"; var tmp=""; for (i=0;i<8;i++) tmp+=x.charAt(Math.ceil(51*Math.random()));tmp;}"): null

2020-01-05 08:13:51 - [TEST_STEP][PASSED] - City = selenium.getEval("{var x="ABCDEFGHIJKLMNOPQRSTUVWXYZabcdefghijklmnopqrstuvwxyz"; var tmp=""; for (i=0;i<8;i++) tmp+=x.charAt(Math.ceil(51*Math.random()));tmp;}"): null

2020-01-05 08:13:51 - [TEST_STEP][PASSED] - tel1 = selenium.getEval("{var x="123456789"; var tmp=""; for (i=0;i<3;i++) tmp+=x.charAt(Math.ceil(8*Math.random()));tmp;}"): null

2020-01-05 08:13:51 - [TEST_STEP][PASSED] - tel2 = selenium.getEval("{var x="123456789"; var tmp=""; for (i=0;i<3;i++) tmp+=x.charAt(Math.ceil(8*Math.random()));tmp;}"): null

2020-01-05 08:13:51 - [TEST_STEP][PASSED] - tel3 = selenium.getEval("{var x="123456789"; var tmp=""; for (i=0;i<4;i++) tmp+=x.charAt(Math.ceil(8*Math.random()));tmp;}"): null

2020-01-05 08:13:51 - [TEST_STEP][PASSED] - Tel = selenium.getExpression(tel1 + "-" + tel2 + "-" + tel3): null

2020-01-05 08:13:51 - [TEST_STEP][PASSED] - AutoEmail = selenium.getEval("{var x="ABCDEFGHIJKLMNOPQRSTUVWXYZabcdefghijklmnopqrstuvwxyz"; var tmp="test."; for (i=0;i<8;i++) tmp+=x.charAt(Math.ceil(51*Math.random()));tmp+="@suryani.cn";}"): null

2020-01-05 08:13:51 - [TEST_STEP][PASSED] - FirstName = FirstName: null

2020-01-05 08:13:51 - [TEST_STEP][PASSED] - LastName = LastName: null

2020-01-05 08:13:51 - [TEST_STEP][PASSED] - Address = Address: null

2020-01-05 08:13:51 - [TEST_STEP][PASSED] - City = City: null

2020-01-05 08:13:51 - [TEST_STEP][PASSED] - Tel = Tel: null

2020-01-05 08:13:51 - [TEST_STEP][PASSED] - AutoEmail = AutoEmail: null

2020-01-05 08:13:51 - [TEST_STEP][PASSED] - println(FirstName): null

2020-01-05 08:13:51 - [TEST_STEP][PASSED] - println(LastName): null

2020-01-05 08:13:51 - [TEST_STEP][PASSED] - println(Address): null

2020-01-05 08:13:51 - [TEST_STEP][PASSED] - println(City): null

2020-01-05 08:13:51 - [TEST_STEP][PASSED] - println(Tel): null

2020-01-05 08:13:51 - [TEST_STEP][PASSED] - println(AutoEmail): null

2020-01-05 08:13:51 - [MESSAGE][PASSED] - Call Test Case 'Test Cases/AHI/_include/name' successfully

2020-01-05 08:13:51 - [TEST_STEP][PASSED] - leadform_exist = test.MobileKeywords.isElementPresent_Web(findTestObject("mobileSanity/quote lead form/lead_form"), 20): test.MobileKeywords.isElementPresent_Web is PASSED

2020-01-05 08:13:51 - [MESSAGE][PASSED] - test.MobileKeywords.isElementPresent_Web is PASSED

2020-01-05 08:13:51 - [TEST_STEP][PASSED] - if (leadform_exist): null

2020-01-05 08:13:51 - [TEST_STEP][PASSED] - setText(findTestObject("mobileSanity/quote lead form/first"), FirstName): Text 'Test-123' is set on object 'Object Repository/mobileSanity/quote lead form/first'

2020-01-05 08:13:51 - [MESSAGE][PASSED] - Text 'Test-123' is set on object 'Object Repository/mobileSanity/quote lead form/first'

2020-01-05 08:13:51 - [TEST_STEP][PASSED] - setText(findTestObject("mobileSanity/quote lead form/last"), LastName): Text 'ZZ11-FrGqjQZP' is set on object 'Object Repository/mobileSanity/quote lead form/last'

2020-01-05 08:13:52 - [MESSAGE][PASSED] - Text 'ZZ11-FrGqjQZP' is set on object 'Object Repository/mobileSanity/quote lead form/last'

2020-01-05 08:13:52 - [TEST_STEP][PASSED] - setText(findTestObject("mobileSanity/quote lead form/email"), AutoEmail): Text 'test.uTJrLOpw@suryani.cn' is set on object 'Object Repository/mobileSanity/quote lead form/email'

2020-01-05 08:13:52 - [MESSAGE][PASSED] - Text 'test.uTJrLOpw@suryani.cn' is set on object 'Object Repository/mobileSanity/quote lead form/email'

2020-01-05 08:13:52 - [TEST_STEP][PASSED] - setText(findTestObject("mobileSanity/quote lead form/phone"), Tel): Text '878-432-2784' is set on object 'Object Repository/mobileSanity/quote lead form/phone'

2020-01-05 08:13:53 - [MESSAGE][PASSED] - Text '878-432-2784' is set on object 'Object Repository/mobileSanity/quote lead form/phone'

2020-01-05 08:13:53 - [TEST_STEP][PASSED] - click(findTestObject("mobileSanity/quote lead form/submit")): Object: 'Object Repository/mobileSanity/quote lead form/submit' is clicked on

2020-01-05 08:13:53 - [MESSAGE][PASSED] - Object: 'Object Repository/mobileSanity/quote lead form/submit' is clicked on

2020-01-05 08:13:53 - [TEST_STEP][PASSED] - Thread.sleep(3000): null

2020-01-05 08:13:56 - [MESSAGE][PASSED] - Call Test Case 'Test Cases/AHI/_include/check_quoteleadform' successfully

2020-01-05 08:13:56 - [TEST_STEP][PASSED] - callTestCase(findTestCase("AHI/_include/get_screenshot"), [:], STOP_ON_FAILURE): Call Test Case 'Test Cases/AHI/_include/get_screenshot' successfully

2020-01-05 08:13:56 - [TEST_CASE][PASSED] - Test Cases/AHI/_include/get_screenshot: Test Cases/AHI/_include/get_screenshot

2020-01-05 08:13:56 - [TEST_STEP][PASSED] - takeScreenshot(screenPath + i + ".png"): Taking screenshot successfully

2020-01-05 08:13:56 - [MESSAGE][PASSED] - Taking screenshot successfully
[[ATTACHMENT|D:\\Test\\AgileTest\\Reports\\AHI\\stm\\20200105_080028\\../Screenshots/iPhone 6/stm/Everest Prime/20200105_081335/2.png]]

2020-01-05 08:13:56 - [TEST_STEP][PASSED] - (internal.GlobalVariable.i++): null

2020-01-05 08:13:57 - [MESSAGE][PASSED] - Call Test Case 'Test Cases/AHI/_include/get_screenshot' successfully

2020-01-05 08:13:57 - [TEST_STEP][PASSED] - Thread.sleep(1000): null

2020-01-05 08:13:58 - [MESSAGE][PASSED] - Call Test Case 'Test Cases/AHI/_include/census_stm' successfully

2020-01-05 08:13:58 - [TEST_STEP][PASSED] - callTestCase(findTestCase("AHI/_include/filter_stm"), ["carrier":"everest"], STOP_ON_FAILURE): Call Test Case 'Test Cases/AHI/_include/filter_stm' successfully

2020-01-05 08:13:58 - [TEST_CASE][PASSED] - Test Cases/AHI/_include/filter_stm: Test Cases/AHI/_include/filter_stm

2020-01-05 08:13:58 - [TEST_STEP][PASSED] - driver = getWebDriver(): null

2020-01-05 08:13:58 - [TEST_STEP][PASSED] - selenium = new com.thoughtworks.selenium.webdriven.WebDriverBackedSelenium(driver, internal.GlobalVariable.ENV): null

2020-01-05 08:13:58 - [TEST_STEP][PASSED] - Thread.sleep(1000): null

2020-01-05 08:13:59 - [TEST_STEP][PASSED] - click(findTestObject("mobileSanity/STM/STM Quote Page/button_filters")): Object: 'Object Repository/mobileSanity/STM/STM Quote Page/button_filters' is clicked on

2020-01-05 08:14:00 - [MESSAGE][PASSED] - Object: 'Object Repository/mobileSanity/STM/STM Quote Page/button_filters' is clicked on

2020-01-05 08:14:00 - [TEST_STEP][PASSED] - Thread.sleep(1000): null

2020-01-05 08:14:01 - [TEST_STEP][PASSED] - click(findTestObject("mobileSanity/STM/STM Quote Page/i_Insurance company")): Object: 'Object Repository/mobileSanity/STM/STM Quote Page/i_Insurance company' is clicked on

2020-01-05 08:14:01 - [MESSAGE][PASSED] - Object: 'Object Repository/mobileSanity/STM/STM Quote Page/i_Insurance company' is clicked on

2020-01-05 08:14:01 - [TEST_STEP][PASSED] - Thread.sleep(1000): null

2020-01-05 08:14:02 - [TEST_STEP][PASSED] - filter_carrier = "//input[@name='filter[carrier]' and @value='" + carrier + "']/following::label": null

2020-01-05 08:14:02 - [TEST_STEP][PASSED] - println(filter_carrier): null

2020-01-05 08:14:02 - [TEST_STEP][PASSED] - test.MobileKeywords.clickJS_ByXpath(filter_carrier): test.MobileKeywords.clickJS_ByXpath is PASSED

2020-01-05 08:14:02 - [MESSAGE][PASSED] - Execute JavaScript 'arguments[0].click()' successfully

2020-01-05 08:14:02 - [MESSAGE][PASSED] - test.MobileKeywords.clickJS_ByXpath is PASSED

2020-01-05 08:14:02 - [TEST_STEP][PASSED] - click(findTestObject("mobileSanity/STM/STM Quote Page/js-close c-link-button")): Object: 'Object Repository/mobileSanity/STM/STM Quote Page/js-close c-link-button' is clicked on

2020-01-05 08:14:02 - [MESSAGE][PASSED] - Object: 'Object Repository/mobileSanity/STM/STM Quote Page/js-close c-link-button' is clicked on

2020-01-05 08:14:02 - [TEST_STEP][PASSED] - Thread.sleep(2000): null

2020-01-05 08:14:04 - [TEST_STEP][PASSED] - callTestCase(findTestCase("AHI/_include/get_screenshot"), [:], STOP_ON_FAILURE): Call Test Case 'Test Cases/AHI/_include/get_screenshot' successfully

2020-01-05 08:14:04 - [TEST_CASE][PASSED] - Test Cases/AHI/_include/get_screenshot: Test Cases/AHI/_include/get_screenshot

2020-01-05 08:14:04 - [TEST_STEP][PASSED] - takeScreenshot(screenPath + i + ".png"): Taking screenshot successfully

2020-01-05 08:14:05 - [MESSAGE][PASSED] - Taking screenshot successfully
[[ATTACHMENT|D:\\Test\\AgileTest\\Reports\\AHI\\stm\\20200105_080028\\../Screenshots/iPhone 6/stm/Everest Prime/20200105_081335/3.png]]

2020-01-05 08:14:05 - [TEST_STEP][PASSED] - (internal.GlobalVariable.i++): null

2020-01-05 08:14:05 - [MESSAGE][PASSED] - Call Test Case 'Test Cases/AHI/_include/get_screenshot' successfully

2020-01-05 08:14:05 - [MESSAGE][PASSED] - Call Test Case 'Test Cases/AHI/_include/filter_stm' successfully

2020-01-05 08:14:05 - [TEST_STEP][PASSED] - callTestCase(findTestCase("AHI/_include/goToDetail_stm"), ["carrier":"everest"], STOP_ON_FAILURE): Call Test Case 'Test Cases/AHI/_include/goToDetail_stm' successfully

2020-01-05 08:14:05 - [TEST_CASE][PASSED] - Test Cases/AHI/_include/goToDetail_stm: Test Cases/AHI/_include/goToDetail_stm

2020-01-05 08:14:05 - [TEST_STEP][PASSED] - driver = getWebDriver(): null

2020-01-05 08:14:05 - [TEST_STEP][PASSED] - selenium = new com.thoughtworks.selenium.webdriven.WebDriverBackedSelenium(driver, internal.GlobalVariable.ENV): null

2020-01-05 08:14:05 - [TEST_STEP][PASSED] - a_plan_name = "xpath=//a[contains(@href,'/term-health-insurance/plan/" + carrier + "')]": null

2020-01-05 08:14:05 - [TEST_STEP][PASSED] - println(a_plan_name): null

2020-01-05 08:14:05 - [TEST_STEP][PASSED] - selenium.click(a_plan_name): null

2020-01-05 08:14:07 - [TEST_STEP][PASSED] - waitForPageLoad(20): Wait for page load successfully

2020-01-05 08:14:07 - [MESSAGE][PASSED] - Wait for page load successfully

2020-01-05 08:14:07 - [TEST_STEP][PASSED] - Thread.sleep(2000): null

2020-01-05 08:14:09 - [TEST_STEP][PASSED] - callTestCase(findTestCase("AHI/_include/get_screenshot"), [:], STOP_ON_FAILURE): Call Test Case 'Test Cases/AHI/_include/get_screenshot' successfully

2020-01-05 08:14:09 - [TEST_CASE][PASSED] - Test Cases/AHI/_include/get_screenshot: Test Cases/AHI/_include/get_screenshot

2020-01-05 08:14:09 - [TEST_STEP][PASSED] - takeScreenshot(screenPath + i + ".png"): Taking screenshot successfully

2020-01-05 08:14:09 - [MESSAGE][PASSED] - Taking screenshot successfully
[[ATTACHMENT|D:\\Test\\AgileTest\\Reports\\AHI\\stm\\20200105_080028\\../Screenshots/iPhone 6/stm/Everest Prime/20200105_081335/4.png]]

2020-01-05 08:14:09 - [TEST_STEP][PASSED] - (internal.GlobalVariable.i++): null

2020-01-05 08:14:09 - [MESSAGE][PASSED] - Call Test Case 'Test Cases/AHI/_include/get_screenshot' successfully

2020-01-05 08:14:09 - [MESSAGE][PASSED] - Call Test Case 'Test Cases/AHI/_include/goToDetail_stm' successfully

2020-01-05 08:14:09 - [TEST_STEP][PASSED] - callTestCase(findTestCase("AHI/_include/apply_stm"), [:], STOP_ON_FAILURE): Call Test Case 'Test Cases/AHI/_include/apply_stm' successfully

2020-01-05 08:14:09 - [TEST_CASE][PASSED] - Test Cases/AHI/_include/apply_stm: Test Cases/AHI/_include/apply_stm

2020-01-05 08:14:10 - [TEST_STEP][PASSED] - waitForElementVisible(findTestObject("mobileSanity/STM/STM PlanDetail Page/a_Apply for This Plan"), 5): Object 'Object Repository/mobileSanity/STM/STM PlanDetail Page/a_Apply for This Plan' is visible

2020-01-05 08:14:10 - [MESSAGE][PASSED] - Object 'Object Repository/mobileSanity/STM/STM PlanDetail Page/a_Apply for This Plan' is visible

2020-01-05 08:14:10 - [TEST_STEP][PASSED] - click(findTestObject("mobileSanity/STM/STM PlanDetail Page/a_Apply for This Plan")): Object: 'Object Repository/mobileSanity/STM/STM PlanDetail Page/a_Apply for This Plan' is clicked on

2020-01-05 08:14:10 - [MESSAGE][PASSED] - Object: 'Object Repository/mobileSanity/STM/STM PlanDetail Page/a_Apply for This Plan' is clicked on

2020-01-05 08:14:10 - [TEST_STEP][PASSED] - waitForPageLoad(10): Wait for page load successfully

2020-01-05 08:14:11 - [MESSAGE][PASSED] - Wait for page load successfully

2020-01-05 08:14:11 - [TEST_STEP][PASSED] - Thread.sleep(2000): null

2020-01-05 08:14:13 - [TEST_STEP][PASSED] - callTestCase(findTestCase("AHI/_include/get_screenshot"), [:], STOP_ON_FAILURE): Call Test Case 'Test Cases/AHI/_include/get_screenshot' successfully

2020-01-05 08:14:13 - [TEST_CASE][PASSED] - Test Cases/AHI/_include/get_screenshot: Test Cases/AHI/_include/get_screenshot

2020-01-05 08:14:13 - [TEST_STEP][PASSED] - takeScreenshot(screenPath + i + ".png"): Taking screenshot successfully

2020-01-05 08:14:14 - [MESSAGE][PASSED] - Taking screenshot successfully
[[ATTACHMENT|D:\\Test\\AgileTest\\Reports\\AHI\\stm\\20200105_080028\\../Screenshots/iPhone 6/stm/Everest Prime/20200105_081335/5.png]]

2020-01-05 08:14:14 - [TEST_STEP][PASSED] - (internal.GlobalVariable.i++): null

2020-01-05 08:14:14 - [MESSAGE][PASSED] - Call Test Case 'Test Cases/AHI/_include/get_screenshot' successfully

2020-01-05 08:14:14 - [TEST_STEP][PASSED] - waitForElementVisible(findTestObject("mobileSanity/STM/STM Apply Page/a_Start Secure Application"), 5): Object 'Object Repository/mobileSanity/STM/STM Apply Page/a_Start Secure Application' is visible

2020-01-05 08:14:14 - [MESSAGE][PASSED] - Object 'Object Repository/mobileSanity/STM/STM Apply Page/a_Start Secure Application' is visible

2020-01-05 08:14:14 - [TEST_STEP][PASSED] - click(findTestObject("mobileSanity/STM/STM Apply Page/a_Start Secure Application")): Object: 'Object Repository/mobileSanity/STM/STM Apply Page/a_Start Secure Application' is clicked on

2020-01-05 08:14:14 - [MESSAGE][PASSED] - Object: 'Object Repository/mobileSanity/STM/STM Apply Page/a_Start Secure Application' is clicked on

2020-01-05 08:14:14 - [TEST_STEP][PASSED] - waitForPageLoad(20): Wait for page load successfully

2020-01-05 08:14:15 - [MESSAGE][PASSED] - Wait for page load successfully

2020-01-05 08:14:15 - [TEST_STEP][PASSED] - Thread.sleep(2000): null

2020-01-05 08:14:17 - [TEST_STEP][PASSED] - callTestCase(findTestCase("AHI/_include/get_screenshot"), [:], STOP_ON_FAILURE): Call Test Case 'Test Cases/AHI/_include/get_screenshot' successfully

2020-01-05 08:14:17 - [TEST_CASE][PASSED] - Test Cases/AHI/_include/get_screenshot: Test Cases/AHI/_include/get_screenshot

2020-01-05 08:14:17 - [TEST_STEP][PASSED] - takeScreenshot(screenPath + i + ".png"): Taking screenshot successfully

2020-01-05 08:14:17 - [MESSAGE][PASSED] - Taking screenshot successfully
[[ATTACHMENT|D:\\Test\\AgileTest\\Reports\\AHI\\stm\\20200105_080028\\../Screenshots/iPhone 6/stm/Everest Prime/20200105_081335/6.png]]

2020-01-05 08:14:17 - [TEST_STEP][PASSED] - (internal.GlobalVariable.i++): null

2020-01-05 08:14:17 - [MESSAGE][PASSED] - Call Test Case 'Test Cases/AHI/_include/get_screenshot' successfully

2020-01-05 08:14:17 - [MESSAGE][PASSED] - Call Test Case 'Test Cases/AHI/_include/apply_stm' successfully

2020-01-05 08:14:17 - [TEST_STEP][PASSED] - callTestCase(findTestCase("AHI/_include/goToEnd_stm_autofill"), [:], STOP_ON_FAILURE): Call Test Case 'Test Cases/AHI/_include/goToEnd_stm_autofill' successfully

2020-01-05 08:14:17 - [TEST_CASE][PASSED] - Test Cases/AHI/_include/goToEnd_stm_autofill: Test Cases/AHI/_include/goToEnd_stm_autofill

2020-01-05 08:14:17 - [TEST_STEP][PASSED] - callTestCase(findTestCase("AHI/_include/name"), [:], CONTINUE_ON_FAILURE): Call Test Case 'Test Cases/AHI/_include/name' successfully

2020-01-05 08:14:17 - [TEST_CASE][PASSED] - Test Cases/AHI/_include/name: Test Cases/AHI/_include/name

2020-01-05 08:14:17 - [TEST_STEP][PASSED] - driver = getWebDriver(): null

2020-01-05 08:14:17 - [TEST_STEP][PASSED] - selenium = new com.thoughtworks.selenium.webdriven.WebDriverBackedSelenium(driver, internal.GlobalVariable.ENV): null

2020-01-05 08:14:17 - [TEST_STEP][PASSED] - FirstName = "Test-123": null

2020-01-05 08:14:17 - [TEST_STEP][PASSED] - LastName = selenium.getEval("{var x="ABCDEFGHIJKLMNOPQRSTUVWXYZabcdefghijklmnopqrstuvwxyz"; var tmp="ZZ11-"; for (i=0;i<8;i++) tmp+=x.charAt(Math.ceil(51*Math.random()));tmp;}"): null

2020-01-05 08:14:17 - [TEST_STEP][PASSED] - Address = selenium.getEval("{var x="ABCDEFGHIJKLMNOPQRSTUVWXYZabcdefghijklmnopqrstuvwxyz"; var tmp=""; for (i=0;i<8;i++) tmp+=x.charAt(Math.ceil(51*Math.random()));tmp;}"): null

2020-01-05 08:14:17 - [TEST_STEP][PASSED] - City = selenium.getEval("{var x="ABCDEFGHIJKLMNOPQRSTUVWXYZabcdefghijklmnopqrstuvwxyz"; var tmp=""; for (i=0;i<8;i++) tmp+=x.charAt(Math.ceil(51*Math.random()));tmp;}"): null

2020-01-05 08:14:17 - [TEST_STEP][PASSED] - tel1 = selenium.getEval("{var x="123456789"; var tmp=""; for (i=0;i<3;i++) tmp+=x.charAt(Math.ceil(8*Math.random()));tmp;}"): null

2020-01-05 08:14:17 - [TEST_STEP][PASSED] - tel2 = selenium.getEval("{var x="123456789"; var tmp=""; for (i=0;i<3;i++) tmp+=x.charAt(Math.ceil(8*Math.random()));tmp;}"): null

2020-01-05 08:14:17 - [TEST_STEP][PASSED] - tel3 = selenium.getEval("{var x="123456789"; var tmp=""; for (i=0;i<4;i++) tmp+=x.charAt(Math.ceil(8*Math.random()));tmp;}"): null

2020-01-05 08:14:17 - [TEST_STEP][PASSED] - Tel = selenium.getExpression(tel1 + "-" + tel2 + "-" + tel3): null

2020-01-05 08:14:17 - [TEST_STEP][PASSED] - AutoEmail = selenium.getEval("{var x="ABCDEFGHIJKLMNOPQRSTUVWXYZabcdefghijklmnopqrstuvwxyz"; var tmp="test."; for (i=0;i<8;i++) tmp+=x.charAt(Math.ceil(51*Math.random()));tmp+="@suryani.cn";}"): null

2020-01-05 08:14:17 - [TEST_STEP][PASSED] - FirstName = FirstName: null

2020-01-05 08:14:17 - [TEST_STEP][PASSED] - LastName = LastName: null

2020-01-05 08:14:17 - [TEST_STEP][PASSED] - Address = Address: null

2020-01-05 08:14:17 - [TEST_STEP][PASSED] - City = City: null

2020-01-05 08:14:17 - [TEST_STEP][PASSED] - Tel = Tel: null

2020-01-05 08:14:17 - [TEST_STEP][PASSED] - AutoEmail = AutoEmail: null

2020-01-05 08:14:17 - [TEST_STEP][PASSED] - println(FirstName): null

2020-01-05 08:14:17 - [TEST_STEP][PASSED] - println(LastName): null

2020-01-05 08:14:17 - [TEST_STEP][PASSED] - println(Address): null

2020-01-05 08:14:17 - [TEST_STEP][PASSED] - println(City): null

2020-01-05 08:14:17 - [TEST_STEP][PASSED] - println(Tel): null

2020-01-05 08:14:17 - [TEST_STEP][PASSED] - println(AutoEmail): null

2020-01-05 08:14:17 - [MESSAGE][PASSED] - Call Test Case 'Test Cases/AHI/_include/name' successfully

2020-01-05 08:14:17 - [TEST_STEP][FAILED] - try: Unable to verify text 'Month Duration Acknowledgement' is present  (Root cause: com.kms.katalon.core.exception.StepFailedException: Text 'Month Duration Acknowledgement' is not present on page )

2020-01-05 08:14:17 - [TEST_STEP][FAILED] - if (verifyTextPresent("Month Duration Acknowledgement", false)): Unable to verify text 'Month Duration Acknowledgement' is present  (Root cause: com.kms.katalon.core.exception.StepFailedException: Text 'Month Duration Acknowledgement' is not present on page )

2020-01-05 08:14:18 - [MESSAGE][FAILED] - Text 'Month Duration Acknowledgement' is not present on page 

2020-01-05 08:14:19 - [MESSAGE][FAILED] - Unable to verify text 'Month Duration Acknowledgement' is present  (Root cause: com.kms.katalon.core.exception.StepFailedException: Text 'Month Duration Acknowledgement' is not present on page )
[[ATTACHMENT|D:\\Test\\AgileTest\\Reports\\AHI\\stm\\20200105_080028\\1578230058215.png]]

2020-01-05 08:14:19 - [TEST_STEP][PASSED] - catch (Exception e): null

2020-01-05 08:14:19 - [TEST_STEP][PASSED] - println("no consecutive"): null

2020-01-05 08:14:19 - [TEST_STEP][PASSED] - waitForPageLoad(10): Wait for page load successfully

2020-01-05 08:14:19 - [MESSAGE][PASSED] - Wait for page load successfully

2020-01-05 08:14:19 - [TEST_STEP][PASSED] - Thread.sleep(3000): null

2020-01-05 08:14:22 - [TEST_STEP][PASSED] - waitForElementVisible(findTestObject("mobileSanity/STM/Page_App Page 1/a_Autofill App Info"), 20): Object 'Object Repository/mobileSanity/STM/Page_App Page 1/a_Autofill App Info' is visible

2020-01-05 08:14:22 - [MESSAGE][PASSED] - Object 'Object Repository/mobileSanity/STM/Page_App Page 1/a_Autofill App Info' is visible

2020-01-05 08:14:22 - [TEST_STEP][PASSED] - click(findTestObject("mobileSanity/STM/Page_App Page 1/a_Autofill App Info")): Object: 'Object Repository/mobileSanity/STM/Page_App Page 1/a_Autofill App Info' is clicked on

2020-01-05 08:14:23 - [MESSAGE][PASSED] - Object: 'Object Repository/mobileSanity/STM/Page_App Page 1/a_Autofill App Info' is clicked on

2020-01-05 08:14:23 - [TEST_STEP][PASSED] - Thread.sleep(1000): null

2020-01-05 08:14:24 - [TEST_STEP][PASSED] - click(findTestObject("mobileSanity/STM/Page_App Page 1/a_Autofill App Info")): Object: 'Object Repository/mobileSanity/STM/Page_App Page 1/a_Autofill App Info' is clicked on

2020-01-05 08:14:24 - [MESSAGE][PASSED] - Object: 'Object Repository/mobileSanity/STM/Page_App Page 1/a_Autofill App Info' is clicked on

2020-01-05 08:14:24 - [TEST_STEP][PASSED] - Thread.sleep(1000): null

2020-01-05 08:14:25 - [TEST_STEP][PASSED] - waitForElementVisible(findTestObject("mobileSanity/STM/Page_App Page 1/a_Continue"), 20): Object 'Object Repository/mobileSanity/STM/Page_App Page 1/a_Continue' is visible

2020-01-05 08:14:25 - [MESSAGE][PASSED] - Object 'Object Repository/mobileSanity/STM/Page_App Page 1/a_Continue' is visible

2020-01-05 08:14:25 - [TEST_STEP][PASSED] - click(findTestObject("mobileSanity/STM/Page_App Page 1/a_Continue")): Object: 'Object Repository/mobileSanity/STM/Page_App Page 1/a_Continue' is clicked on

2020-01-05 08:14:25 - [MESSAGE][PASSED] - Object: 'Object Repository/mobileSanity/STM/Page_App Page 1/a_Continue' is clicked on

2020-01-05 08:14:25 - [TEST_STEP][PASSED] - waitForPageLoad(20): Wait for page load successfully

2020-01-05 08:14:25 - [MESSAGE][PASSED] - Wait for page load successfully

2020-01-05 08:14:25 - [TEST_STEP][PASSED] - Thread.sleep(5000): null

2020-01-05 08:14:30 - [TEST_STEP][PASSED] - callTestCase(findTestCase("AHI/_include/get_screenshot"), [:], STOP_ON_FAILURE): Call Test Case 'Test Cases/AHI/_include/get_screenshot' successfully

2020-01-05 08:14:30 - [TEST_CASE][PASSED] - Test Cases/AHI/_include/get_screenshot: Test Cases/AHI/_include/get_screenshot

2020-01-05 08:14:30 - [TEST_STEP][PASSED] - takeScreenshot(screenPath + i + ".png"): Taking screenshot successfully

2020-01-05 08:14:31 - [MESSAGE][PASSED] - Taking screenshot successfully
[[ATTACHMENT|D:\\Test\\AgileTest\\Reports\\AHI\\stm\\20200105_080028\\../Screenshots/iPhone 6/stm/Everest Prime/20200105_081335/7.png]]

2020-01-05 08:14:31 - [TEST_STEP][PASSED] - (internal.GlobalVariable.i++): null

2020-01-05 08:14:31 - [MESSAGE][PASSED] - Call Test Case 'Test Cases/AHI/_include/get_screenshot' successfully

2020-01-05 08:14:31 - [TEST_STEP][PASSED] - click(findTestObject("mobileSanity/STM/Page_App Page 2/a_Continue to Step 3 - Payment")): Object: 'Object Repository/mobileSanity/STM/Page_App Page 2/a_Continue to Step 3 - Payment' is clicked on

2020-01-05 08:14:32 - [MESSAGE][PASSED] - Object: 'Object Repository/mobileSanity/STM/Page_App Page 2/a_Continue to Step 3 - Payment' is clicked on

2020-01-05 08:14:32 - [TEST_STEP][PASSED] - waitForPageLoad(20): Wait for page load successfully

2020-01-05 08:14:32 - [MESSAGE][PASSED] - Wait for page load successfully

2020-01-05 08:14:32 - [TEST_STEP][PASSED] - waitForElementVisible(findTestObject("mobileSanity/STM/Page_App Page 3/input__credit-card-cvv"), 20): Object 'Object Repository/mobileSanity/STM/Page_App Page 3/input__credit-card-cvv' is visible

2020-01-05 08:14:32 - [MESSAGE][PASSED] - Object 'Object Repository/mobileSanity/STM/Page_App Page 3/input__credit-card-cvv' is visible

2020-01-05 08:14:32 - [TEST_STEP][PASSED] - Thread.sleep(2000): null

2020-01-05 08:14:34 - [TEST_STEP][PASSED] - callTestCase(findTestCase("AHI/_include/get_screenshot"), [:], STOP_ON_FAILURE): Call Test Case 'Test Cases/AHI/_include/get_screenshot' successfully

2020-01-05 08:14:34 - [TEST_CASE][PASSED] - Test Cases/AHI/_include/get_screenshot: Test Cases/AHI/_include/get_screenshot

2020-01-05 08:14:34 - [TEST_STEP][PASSED] - takeScreenshot(screenPath + i + ".png"): Taking screenshot successfully

2020-01-05 08:14:35 - [MESSAGE][PASSED] - Taking screenshot successfully
[[ATTACHMENT|D:\\Test\\AgileTest\\Reports\\AHI\\stm\\20200105_080028\\../Screenshots/iPhone 6/stm/Everest Prime/20200105_081335/8.png]]

2020-01-05 08:14:35 - [TEST_STEP][PASSED] - (internal.GlobalVariable.i++): null

2020-01-05 08:14:35 - [MESSAGE][PASSED] - Call Test Case 'Test Cases/AHI/_include/get_screenshot' successfully

2020-01-05 08:14:35 - [TEST_STEP][PASSED] - clearText(findTestObject("mobileSanity/STM/Page_App Page 3/input__credit-card-cvv")): Text of object 'Object Repository/mobileSanity/STM/Page_App Page 3/input__credit-card-cvv' is cleared

2020-01-05 08:14:35 - [MESSAGE][PASSED] - Text of object 'Object Repository/mobileSanity/STM/Page_App Page 3/input__credit-card-cvv' is cleared

2020-01-05 08:14:35 - [TEST_STEP][PASSED] - setText(findTestObject("mobileSanity/STM/Page_App Page 3/input__credit-card-cvv"), "123"): Text '123' is set on object 'Object Repository/mobileSanity/STM/Page_App Page 3/input__credit-card-cvv'

2020-01-05 08:14:35 - [MESSAGE][PASSED] - Text '123' is set on object 'Object Repository/mobileSanity/STM/Page_App Page 3/input__credit-card-cvv'

2020-01-05 08:14:35 - [TEST_STEP][PASSED] - click(findTestObject("mobileSanity/STM/Page_App Page 3/label_I Accept Authorization f")): Object: 'Object Repository/mobileSanity/STM/Page_App Page 3/label_I Accept Authorization f' is clicked on

2020-01-05 08:14:35 - [MESSAGE][PASSED] - Object: 'Object Repository/mobileSanity/STM/Page_App Page 3/label_I Accept Authorization f' is clicked on

2020-01-05 08:14:35 - [TEST_STEP][PASSED] - click(findTestObject("mobileSanity/STM/Page_App Page 3/a_Continue to Step 4 - Review")): Object: 'Object Repository/mobileSanity/STM/Page_App Page 3/a_Continue to Step 4 - Review' is clicked on

2020-01-05 08:14:35 - [MESSAGE][PASSED] - Object: 'Object Repository/mobileSanity/STM/Page_App Page 3/a_Continue to Step 4 - Review' is clicked on

2020-01-05 08:14:35 - [TEST_STEP][PASSED] - waitForPageLoad(10): Wait for page load successfully

2020-01-05 08:14:35 - [MESSAGE][PASSED] - Wait for page load successfully

2020-01-05 08:14:35 - [TEST_STEP][PASSED] - waitForElementClickable(findTestObject("mobileSanity/STM/Page_App Page 4/label"), 10): Object 'Object Repository/mobileSanity/STM/Page_App Page 4/label' is clickable

2020-01-05 08:14:36 - [MESSAGE][PASSED] - Object 'Object Repository/mobileSanity/STM/Page_App Page 4/label' is clickable

2020-01-05 08:14:36 - [TEST_STEP][PASSED] - Thread.sleep(2000): null

2020-01-05 08:14:38 - [TEST_STEP][PASSED] - callTestCase(findTestCase("AHI/_include/get_screenshot"), [:], STOP_ON_FAILURE): Call Test Case 'Test Cases/AHI/_include/get_screenshot' successfully

2020-01-05 08:14:38 - [TEST_CASE][PASSED] - Test Cases/AHI/_include/get_screenshot: Test Cases/AHI/_include/get_screenshot

2020-01-05 08:14:38 - [TEST_STEP][PASSED] - takeScreenshot(screenPath + i + ".png"): Taking screenshot successfully

2020-01-05 08:14:38 - [MESSAGE][PASSED] - Taking screenshot successfully
[[ATTACHMENT|D:\\Test\\AgileTest\\Reports\\AHI\\stm\\20200105_080028\\../Screenshots/iPhone 6/stm/Everest Prime/20200105_081335/9.png]]

2020-01-05 08:14:38 - [TEST_STEP][PASSED] - (internal.GlobalVariable.i++): null

2020-01-05 08:14:38 - [MESSAGE][PASSED] - Call Test Case 'Test Cases/AHI/_include/get_screenshot' successfully

2020-01-05 08:14:38 - [TEST_STEP][PASSED] - click(findTestObject("mobileSanity/STM/Page_App Page 4/label")): Object: 'Object Repository/mobileSanity/STM/Page_App Page 4/label' is clicked on

2020-01-05 08:14:38 - [MESSAGE][PASSED] - Object: 'Object Repository/mobileSanity/STM/Page_App Page 4/label' is clicked on

2020-01-05 08:14:38 - [TEST_STEP][PASSED] - click(findTestObject("mobileSanity/STM/Page_App Page 4/div_CLICK TO SIGN")): Object: 'Object Repository/mobileSanity/STM/Page_App Page 4/div_CLICK TO SIGN' is clicked on

2020-01-05 08:14:39 - [MESSAGE][PASSED] - Object: 'Object Repository/mobileSanity/STM/Page_App Page 4/div_CLICK TO SIGN' is clicked on

2020-01-05 08:14:39 - [TEST_STEP][PASSED] - click(findTestObject("mobileSanity/STM/Page_App Page 4/a_Submit Your Application")): Object: 'Object Repository/mobileSanity/STM/Page_App Page 4/a_Submit Your Application' is clicked on

2020-01-05 08:14:39 - [MESSAGE][PASSED] - Object: 'Object Repository/mobileSanity/STM/Page_App Page 4/a_Submit Your Application' is clicked on

2020-01-05 08:14:39 - [TEST_STEP][PASSED] - Thread.sleep(30000): null

2020-01-05 08:15:09 - [TEST_STEP][PASSED] - waitForElementPresent(findTestObject("mobileSanity/STM/Page_App Page 6/app-page-wrapper"), 20): Object 'Object Repository/mobileSanity/STM/Page_App Page 6/app-page-wrapper' is present

2020-01-05 08:15:09 - [MESSAGE][PASSED] - Object 'Object Repository/mobileSanity/STM/Page_App Page 6/app-page-wrapper' is present

2020-01-05 08:15:09 - [TEST_STEP][PASSED] - callTestCase(findTestCase("AHI/_include/get_screenshot"), [:], STOP_ON_FAILURE): Call Test Case 'Test Cases/AHI/_include/get_screenshot' successfully

2020-01-05 08:15:09 - [TEST_CASE][PASSED] - Test Cases/AHI/_include/get_screenshot: Test Cases/AHI/_include/get_screenshot

2020-01-05 08:15:09 - [TEST_STEP][PASSED] - takeScreenshot(screenPath + i + ".png"): Taking screenshot successfully

2020-01-05 08:15:10 - [MESSAGE][PASSED] - Taking screenshot successfully
[[ATTACHMENT|D:\\Test\\AgileTest\\Reports\\AHI\\stm\\20200105_080028\\../Screenshots/iPhone 6/stm/Everest Prime/20200105_081335/10.png]]

2020-01-05 08:15:10 - [TEST_STEP][PASSED] - (internal.GlobalVariable.i++): null

2020-01-05 08:15:10 - [MESSAGE][PASSED] - Call Test Case 'Test Cases/AHI/_include/get_screenshot' successfully

2020-01-05 08:15:10 - [MESSAGE][PASSED] - Call Test Case 'Test Cases/AHI/_include/goToEnd_stm_autofill' successfully]]></system-out>
         <system-err><![CDATA[]]></system-err>
      </testcase>
      <testcase name="Test Cases/AHI/stm/NationalGeneral" classname="Test Cases/AHI/stm/NationalGeneral" status="PASSED">
         <system-out><![CDATA[2020-01-05 08:15:10 - [TEST_CASE][PASSED] - Test Cases/AHI/stm/NationalGeneral: Test Cases/AHI/stm/NationalGeneral

2020-01-05 08:15:10 - [TEST_STEP][PASSED] - callTestCase(findTestCase("AHI/_include/get_screenPath"), ["productLine":"stm", "carrierName":"National General"], CONTINUE_ON_FAILURE): Call Test Case 'Test Cases/AHI/_include/get_screenPath' successfully

2020-01-05 08:15:10 - [TEST_CASE][PASSED] - Test Cases/AHI/_include/get_screenPath: Test Cases/AHI/_include/get_screenPath

2020-01-05 08:15:10 - [TEST_STEP][PASSED] - m = getExecutionProperties(): null

2020-01-05 08:15:10 - [TEST_STEP][PASSED] - deviceName = get("mobileEmulation").get("deviceName"): null

2020-01-05 08:15:10 - [TEST_STEP][PASSED] - println(deviceName): null

2020-01-05 08:15:10 - [TEST_STEP][PASSED] - now = new java.util.Date(): null

2020-01-05 08:15:10 - [TEST_STEP][PASSED] - mydate = now.format("yyyyMMdd_HHmmss"): null

2020-01-05 08:15:10 - [TEST_STEP][PASSED] - screenPath = "../Screenshots/": null

2020-01-05 08:15:10 - [TEST_STEP][PASSED] - screenPath = screenPath + deviceName + "/" + productLine + "/" + carrierName + "/" + mydate + "/": null

2020-01-05 08:15:10 - [TEST_STEP][PASSED] - println(screenPath): null

2020-01-05 08:15:10 - [MESSAGE][PASSED] - Call Test Case 'Test Cases/AHI/_include/get_screenPath' successfully

2020-01-05 08:15:10 - [TEST_STEP][PASSED] - i = 0: null

2020-01-05 08:15:10 - [TEST_STEP][PASSED] - callTestCase(findTestCase("AHI/_include/openWebSite"), [:], CONTINUE_ON_FAILURE): Call Test Case 'Test Cases/AHI/_include/openWebSite' successfully

2020-01-05 08:15:10 - [TEST_CASE][PASSED] - Test Cases/AHI/_include/openWebSite: Test Cases/AHI/_include/openWebSite

2020-01-05 08:15:10 - [TEST_STEP][PASSED] - openBrowser(env): Browser is opened with url: 'https://praetemptatus.agilehealthinsurance.com'

2020-01-05 08:15:10 - [MESSAGE][WARNING] - A browser is already opened. Closing browser and opening a new one

2020-01-05 08:15:12 - [MESSAGE][INFO] - Starting 'Chrome' driver

2020-01-05 08:15:12 - [MESSAGE][INFO] - User set preference: ['mobileEmulation', '{deviceName=iPhone 6}']

2020-01-05 08:15:12 - [MESSAGE][INFO] - User set preference: ['args', '[--incognito, --aggressive-cache-discard, --window-size=375,677, --no-sandbox]']

2020-01-05 08:15:17 - [MESSAGE][PASSED] - Browser is opened with url: 'https://praetemptatus.agilehealthinsurance.com'

2020-01-05 08:15:17 - [TEST_STEP][PASSED] - waitForPageLoad(20): Wait for page load successfully

2020-01-05 08:15:19 - [MESSAGE][PASSED] - Wait for page load successfully

2020-01-05 08:15:19 - [TEST_STEP][PASSED] - callTestCase(findTestCase("AHI/_include/get_screenshot"), [:], STOP_ON_FAILURE): Call Test Case 'Test Cases/AHI/_include/get_screenshot' successfully

2020-01-05 08:15:19 - [TEST_CASE][PASSED] - Test Cases/AHI/_include/get_screenshot: Test Cases/AHI/_include/get_screenshot

2020-01-05 08:15:19 - [TEST_STEP][PASSED] - takeScreenshot(screenPath + i + ".png"): Taking screenshot successfully

2020-01-05 08:15:20 - [MESSAGE][PASSED] - Taking screenshot successfully
[[ATTACHMENT|D:\\Test\\AgileTest\\Reports\\AHI\\stm\\20200105_080028\\../Screenshots/iPhone 6/stm/National General/20200105_081510/0.png]]

2020-01-05 08:15:20 - [TEST_STEP][PASSED] - (internal.GlobalVariable.i++): null

2020-01-05 08:15:20 - [MESSAGE][PASSED] - Call Test Case 'Test Cases/AHI/_include/get_screenshot' successfully

2020-01-05 08:15:20 - [MESSAGE][PASSED] - Call Test Case 'Test Cases/AHI/_include/openWebSite' successfully

2020-01-05 08:15:20 - [TEST_STEP][PASSED] - callTestCase(findTestCase("AHI/_include/census_stm"), [:], CONTINUE_ON_FAILURE): Call Test Case 'Test Cases/AHI/_include/census_stm' successfully

2020-01-05 08:15:20 - [TEST_CASE][PASSED] - Test Cases/AHI/_include/census_stm: Test Cases/AHI/_include/census_stm

2020-01-05 08:15:20 - [TEST_STEP][PASSED] - waitForElementClickable(findTestObject("mobileSanity/STM/Home Page/a_Quote  Save Today"), 10): Object 'Object Repository/mobileSanity/STM/Home Page/a_Quote  Save Today' is clickable

2020-01-05 08:15:20 - [MESSAGE][PASSED] - Object 'Object Repository/mobileSanity/STM/Home Page/a_Quote  Save Today' is clickable

2020-01-05 08:15:20 - [TEST_STEP][PASSED] - click(findTestObject("mobileSanity/STM/Home Page/a_Quote  Save Today")): Object: 'Object Repository/mobileSanity/STM/Home Page/a_Quote  Save Today' is clicked on

2020-01-05 08:15:21 - [MESSAGE][PASSED] - Object: 'Object Repository/mobileSanity/STM/Home Page/a_Quote  Save Today' is clicked on

2020-01-05 08:15:21 - [TEST_STEP][PASSED] - waitForPageLoad(10): Wait for page load successfully

2020-01-05 08:15:23 - [MESSAGE][PASSED] - Wait for page load successfully

2020-01-05 08:15:23 - [TEST_STEP][PASSED] - callTestCase(findTestCase("AHI/_include/get_screenshot"), [:], STOP_ON_FAILURE): Call Test Case 'Test Cases/AHI/_include/get_screenshot' successfully

2020-01-05 08:15:23 - [TEST_CASE][PASSED] - Test Cases/AHI/_include/get_screenshot: Test Cases/AHI/_include/get_screenshot

2020-01-05 08:15:23 - [TEST_STEP][PASSED] - takeScreenshot(screenPath + i + ".png"): Taking screenshot successfully

2020-01-05 08:15:24 - [MESSAGE][PASSED] - Taking screenshot successfully
[[ATTACHMENT|D:\\Test\\AgileTest\\Reports\\AHI\\stm\\20200105_080028\\../Screenshots/iPhone 6/stm/National General/20200105_081510/1.png]]

2020-01-05 08:15:24 - [TEST_STEP][PASSED] - (internal.GlobalVariable.i++): null

2020-01-05 08:15:24 - [MESSAGE][PASSED] - Call Test Case 'Test Cases/AHI/_include/get_screenshot' successfully

2020-01-05 08:15:24 - [TEST_STEP][PASSED] - setText(findTestObject("mobileSanity/STM/STM Census Page/input_Location_zip-input"), zipcode): Text '35215' is set on object 'Object Repository/mobileSanity/STM/STM Census Page/input_Location_zip-input'

2020-01-05 08:15:24 - [MESSAGE][PASSED] - Text '35215' is set on object 'Object Repository/mobileSanity/STM/STM Census Page/input_Location_zip-input'

2020-01-05 08:15:24 - [TEST_STEP][PASSED] - Thread.sleep(500): null

2020-01-05 08:15:25 - [TEST_STEP][PASSED] - setText(findTestObject("mobileSanity/STM/STM Census Page/input_Date of Birth_dob-0"), "03031987"): Text '03031987' is set on object 'Object Repository/mobileSanity/STM/STM Census Page/input_Date of Birth_dob-0'

2020-01-05 08:15:25 - [MESSAGE][PASSED] - Text '03031987' is set on object 'Object Repository/mobileSanity/STM/STM Census Page/input_Date of Birth_dob-0'

2020-01-05 08:15:25 - [TEST_STEP][PASSED] - click(findTestObject("mobileSanity/STM/STM Census Page/label_Male")): Object: 'Object Repository/mobileSanity/STM/STM Census Page/label_Male' is clicked on

2020-01-05 08:15:26 - [MESSAGE][PASSED] - Object: 'Object Repository/mobileSanity/STM/STM Census Page/label_Male' is clicked on

2020-01-05 08:15:26 - [TEST_STEP][PASSED] - click(findTestObject("mobileSanity/STM/STM Census Page/label_Compare Plans")): Object: 'Object Repository/mobileSanity/STM/STM Census Page/label_Compare Plans' is clicked on

2020-01-05 08:15:28 - [MESSAGE][PASSED] - Object: 'Object Repository/mobileSanity/STM/STM Census Page/label_Compare Plans' is clicked on

2020-01-05 08:15:28 - [TEST_STEP][PASSED] - waitForElementVisible(findTestObject("mobileSanity/STM/STM Quote Page/button_sort"), 20): Object 'Object Repository/mobileSanity/STM/STM Quote Page/button_sort' is visible

2020-01-05 08:15:30 - [MESSAGE][PASSED] - Object 'Object Repository/mobileSanity/STM/STM Quote Page/button_sort' is visible

2020-01-05 08:15:30 - [TEST_STEP][PASSED] - Thread.sleep(3000): null

2020-01-05 08:15:33 - [TEST_STEP][PASSED] - callTestCase(findTestCase("AHI/_include/check_quoteleadform"), [:], STOP_ON_FAILURE): Call Test Case 'Test Cases/AHI/_include/check_quoteleadform' successfully

2020-01-05 08:15:33 - [TEST_CASE][PASSED] - Test Cases/AHI/_include/check_quoteleadform: Test Cases/AHI/_include/check_quoteleadform

2020-01-05 08:15:33 - [TEST_STEP][PASSED] - callTestCase(findTestCase("AHI/_include/name"), [:], CONTINUE_ON_FAILURE): Call Test Case 'Test Cases/AHI/_include/name' successfully

2020-01-05 08:15:33 - [TEST_CASE][PASSED] - Test Cases/AHI/_include/name: Test Cases/AHI/_include/name

2020-01-05 08:15:33 - [TEST_STEP][PASSED] - driver = getWebDriver(): null

2020-01-05 08:15:33 - [TEST_STEP][PASSED] - selenium = new com.thoughtworks.selenium.webdriven.WebDriverBackedSelenium(driver, internal.GlobalVariable.ENV): null

2020-01-05 08:15:33 - [TEST_STEP][PASSED] - FirstName = "Test-123": null

2020-01-05 08:15:33 - [TEST_STEP][PASSED] - LastName = selenium.getEval("{var x="ABCDEFGHIJKLMNOPQRSTUVWXYZabcdefghijklmnopqrstuvwxyz"; var tmp="ZZ11-"; for (i=0;i<8;i++) tmp+=x.charAt(Math.ceil(51*Math.random()));tmp;}"): null

2020-01-05 08:15:33 - [TEST_STEP][PASSED] - Address = selenium.getEval("{var x="ABCDEFGHIJKLMNOPQRSTUVWXYZabcdefghijklmnopqrstuvwxyz"; var tmp=""; for (i=0;i<8;i++) tmp+=x.charAt(Math.ceil(51*Math.random()));tmp;}"): null

2020-01-05 08:15:33 - [TEST_STEP][PASSED] - City = selenium.getEval("{var x="ABCDEFGHIJKLMNOPQRSTUVWXYZabcdefghijklmnopqrstuvwxyz"; var tmp=""; for (i=0;i<8;i++) tmp+=x.charAt(Math.ceil(51*Math.random()));tmp;}"): null

2020-01-05 08:15:33 - [TEST_STEP][PASSED] - tel1 = selenium.getEval("{var x="123456789"; var tmp=""; for (i=0;i<3;i++) tmp+=x.charAt(Math.ceil(8*Math.random()));tmp;}"): null

2020-01-05 08:15:33 - [TEST_STEP][PASSED] - tel2 = selenium.getEval("{var x="123456789"; var tmp=""; for (i=0;i<3;i++) tmp+=x.charAt(Math.ceil(8*Math.random()));tmp;}"): null

2020-01-05 08:15:33 - [TEST_STEP][PASSED] - tel3 = selenium.getEval("{var x="123456789"; var tmp=""; for (i=0;i<4;i++) tmp+=x.charAt(Math.ceil(8*Math.random()));tmp;}"): null

2020-01-05 08:15:33 - [TEST_STEP][PASSED] - Tel = selenium.getExpression(tel1 + "-" + tel2 + "-" + tel3): null

2020-01-05 08:15:33 - [TEST_STEP][PASSED] - AutoEmail = selenium.getEval("{var x="ABCDEFGHIJKLMNOPQRSTUVWXYZabcdefghijklmnopqrstuvwxyz"; var tmp="test."; for (i=0;i<8;i++) tmp+=x.charAt(Math.ceil(51*Math.random()));tmp+="@suryani.cn";}"): null

2020-01-05 08:15:33 - [TEST_STEP][PASSED] - FirstName = FirstName: null

2020-01-05 08:15:33 - [TEST_STEP][PASSED] - LastName = LastName: null

2020-01-05 08:15:33 - [TEST_STEP][PASSED] - Address = Address: null

2020-01-05 08:15:33 - [TEST_STEP][PASSED] - City = City: null

2020-01-05 08:15:33 - [TEST_STEP][PASSED] - Tel = Tel: null

2020-01-05 08:15:33 - [TEST_STEP][PASSED] - AutoEmail = AutoEmail: null

2020-01-05 08:15:33 - [TEST_STEP][PASSED] - println(FirstName): null

2020-01-05 08:15:33 - [TEST_STEP][PASSED] - println(LastName): null

2020-01-05 08:15:33 - [TEST_STEP][PASSED] - println(Address): null

2020-01-05 08:15:33 - [TEST_STEP][PASSED] - println(City): null

2020-01-05 08:15:33 - [TEST_STEP][PASSED] - println(Tel): null

2020-01-05 08:15:33 - [TEST_STEP][PASSED] - println(AutoEmail): null

2020-01-05 08:15:33 - [MESSAGE][PASSED] - Call Test Case 'Test Cases/AHI/_include/name' successfully

2020-01-05 08:15:33 - [TEST_STEP][PASSED] - leadform_exist = test.MobileKeywords.isElementPresent_Web(findTestObject("mobileSanity/quote lead form/lead_form"), 20): test.MobileKeywords.isElementPresent_Web is PASSED

2020-01-05 08:15:33 - [MESSAGE][PASSED] - test.MobileKeywords.isElementPresent_Web is PASSED

2020-01-05 08:15:33 - [TEST_STEP][PASSED] - if (leadform_exist): null

2020-01-05 08:15:33 - [TEST_STEP][PASSED] - setText(findTestObject("mobileSanity/quote lead form/first"), FirstName): Text 'Test-123' is set on object 'Object Repository/mobileSanity/quote lead form/first'

2020-01-05 08:15:33 - [MESSAGE][PASSED] - Text 'Test-123' is set on object 'Object Repository/mobileSanity/quote lead form/first'

2020-01-05 08:15:33 - [TEST_STEP][PASSED] - setText(findTestObject("mobileSanity/quote lead form/last"), LastName): Text 'ZZ11-oykokBSZ' is set on object 'Object Repository/mobileSanity/quote lead form/last'

2020-01-05 08:15:34 - [MESSAGE][PASSED] - Text 'ZZ11-oykokBSZ' is set on object 'Object Repository/mobileSanity/quote lead form/last'

2020-01-05 08:15:34 - [TEST_STEP][PASSED] - setText(findTestObject("mobileSanity/quote lead form/email"), AutoEmail): Text 'test.YTJttlXP@suryani.cn' is set on object 'Object Repository/mobileSanity/quote lead form/email'

2020-01-05 08:15:34 - [MESSAGE][PASSED] - Text 'test.YTJttlXP@suryani.cn' is set on object 'Object Repository/mobileSanity/quote lead form/email'

2020-01-05 08:15:34 - [TEST_STEP][PASSED] - setText(findTestObject("mobileSanity/quote lead form/phone"), Tel): Text '375-733-3623' is set on object 'Object Repository/mobileSanity/quote lead form/phone'

2020-01-05 08:15:34 - [MESSAGE][PASSED] - Text '375-733-3623' is set on object 'Object Repository/mobileSanity/quote lead form/phone'

2020-01-05 08:15:34 - [TEST_STEP][PASSED] - click(findTestObject("mobileSanity/quote lead form/submit")): Object: 'Object Repository/mobileSanity/quote lead form/submit' is clicked on

2020-01-05 08:15:36 - [MESSAGE][PASSED] - Object: 'Object Repository/mobileSanity/quote lead form/submit' is clicked on

2020-01-05 08:15:36 - [TEST_STEP][PASSED] - Thread.sleep(3000): null

2020-01-05 08:15:39 - [MESSAGE][PASSED] - Call Test Case 'Test Cases/AHI/_include/check_quoteleadform' successfully

2020-01-05 08:15:39 - [TEST_STEP][PASSED] - callTestCase(findTestCase("AHI/_include/get_screenshot"), [:], STOP_ON_FAILURE): Call Test Case 'Test Cases/AHI/_include/get_screenshot' successfully

2020-01-05 08:15:39 - [TEST_CASE][PASSED] - Test Cases/AHI/_include/get_screenshot: Test Cases/AHI/_include/get_screenshot

2020-01-05 08:15:39 - [TEST_STEP][PASSED] - takeScreenshot(screenPath + i + ".png"): Taking screenshot successfully

2020-01-05 08:15:40 - [MESSAGE][PASSED] - Taking screenshot successfully
[[ATTACHMENT|D:\\Test\\AgileTest\\Reports\\AHI\\stm\\20200105_080028\\../Screenshots/iPhone 6/stm/National General/20200105_081510/2.png]]

2020-01-05 08:15:40 - [TEST_STEP][PASSED] - (internal.GlobalVariable.i++): null

2020-01-05 08:15:40 - [MESSAGE][PASSED] - Call Test Case 'Test Cases/AHI/_include/get_screenshot' successfully

2020-01-05 08:15:40 - [TEST_STEP][PASSED] - Thread.sleep(1000): null

2020-01-05 08:15:41 - [MESSAGE][PASSED] - Call Test Case 'Test Cases/AHI/_include/census_stm' successfully

2020-01-05 08:15:41 - [TEST_STEP][PASSED] - callTestCase(findTestCase("AHI/_include/filter_stm"), ["carrier":"nationalgeneral"], STOP_ON_FAILURE): Call Test Case 'Test Cases/AHI/_include/filter_stm' successfully

2020-01-05 08:15:41 - [TEST_CASE][PASSED] - Test Cases/AHI/_include/filter_stm: Test Cases/AHI/_include/filter_stm

2020-01-05 08:15:41 - [TEST_STEP][PASSED] - driver = getWebDriver(): null

2020-01-05 08:15:41 - [TEST_STEP][PASSED] - selenium = new com.thoughtworks.selenium.webdriven.WebDriverBackedSelenium(driver, internal.GlobalVariable.ENV): null

2020-01-05 08:15:41 - [TEST_STEP][PASSED] - Thread.sleep(1000): null

2020-01-05 08:15:42 - [TEST_STEP][PASSED] - click(findTestObject("mobileSanity/STM/STM Quote Page/button_filters")): Object: 'Object Repository/mobileSanity/STM/STM Quote Page/button_filters' is clicked on

2020-01-05 08:15:42 - [MESSAGE][PASSED] - Object: 'Object Repository/mobileSanity/STM/STM Quote Page/button_filters' is clicked on

2020-01-05 08:15:42 - [TEST_STEP][PASSED] - Thread.sleep(1000): null

2020-01-05 08:15:43 - [TEST_STEP][PASSED] - click(findTestObject("mobileSanity/STM/STM Quote Page/i_Insurance company")): Object: 'Object Repository/mobileSanity/STM/STM Quote Page/i_Insurance company' is clicked on

2020-01-05 08:15:43 - [MESSAGE][PASSED] - Object: 'Object Repository/mobileSanity/STM/STM Quote Page/i_Insurance company' is clicked on

2020-01-05 08:15:43 - [TEST_STEP][PASSED] - Thread.sleep(1000): null

2020-01-05 08:15:44 - [TEST_STEP][PASSED] - filter_carrier = "//input[@name='filter[carrier]' and @value='" + carrier + "']/following::label": null

2020-01-05 08:15:44 - [TEST_STEP][PASSED] - println(filter_carrier): null

2020-01-05 08:15:44 - [TEST_STEP][PASSED] - test.MobileKeywords.clickJS_ByXpath(filter_carrier): test.MobileKeywords.clickJS_ByXpath is PASSED

2020-01-05 08:15:44 - [MESSAGE][PASSED] - Execute JavaScript 'arguments[0].click()' successfully

2020-01-05 08:15:44 - [MESSAGE][PASSED] - test.MobileKeywords.clickJS_ByXpath is PASSED

2020-01-05 08:15:44 - [TEST_STEP][PASSED] - click(findTestObject("mobileSanity/STM/STM Quote Page/js-close c-link-button")): Object: 'Object Repository/mobileSanity/STM/STM Quote Page/js-close c-link-button' is clicked on

2020-01-05 08:15:44 - [MESSAGE][PASSED] - Object: 'Object Repository/mobileSanity/STM/STM Quote Page/js-close c-link-button' is clicked on

2020-01-05 08:15:44 - [TEST_STEP][PASSED] - Thread.sleep(2000): null

2020-01-05 08:15:46 - [TEST_STEP][PASSED] - callTestCase(findTestCase("AHI/_include/get_screenshot"), [:], STOP_ON_FAILURE): Call Test Case 'Test Cases/AHI/_include/get_screenshot' successfully

2020-01-05 08:15:47 - [TEST_CASE][PASSED] - Test Cases/AHI/_include/get_screenshot: Test Cases/AHI/_include/get_screenshot

2020-01-05 08:15:47 - [TEST_STEP][PASSED] - takeScreenshot(screenPath + i + ".png"): Taking screenshot successfully

2020-01-05 08:15:47 - [MESSAGE][PASSED] - Taking screenshot successfully
[[ATTACHMENT|D:\\Test\\AgileTest\\Reports\\AHI\\stm\\20200105_080028\\../Screenshots/iPhone 6/stm/National General/20200105_081510/3.png]]

2020-01-05 08:15:47 - [TEST_STEP][PASSED] - (internal.GlobalVariable.i++): null

2020-01-05 08:15:47 - [MESSAGE][PASSED] - Call Test Case 'Test Cases/AHI/_include/get_screenshot' successfully

2020-01-05 08:15:47 - [MESSAGE][PASSED] - Call Test Case 'Test Cases/AHI/_include/filter_stm' successfully

2020-01-05 08:15:47 - [TEST_STEP][PASSED] - callTestCase(findTestCase("AHI/_include/goToDetail_stm"), ["carrier":"nationalgeneral"], STOP_ON_FAILURE): Call Test Case 'Test Cases/AHI/_include/goToDetail_stm' successfully

2020-01-05 08:15:47 - [TEST_CASE][PASSED] - Test Cases/AHI/_include/goToDetail_stm: Test Cases/AHI/_include/goToDetail_stm

2020-01-05 08:15:47 - [TEST_STEP][PASSED] - driver = getWebDriver(): null

2020-01-05 08:15:47 - [TEST_STEP][PASSED] - selenium = new com.thoughtworks.selenium.webdriven.WebDriverBackedSelenium(driver, internal.GlobalVariable.ENV): null

2020-01-05 08:15:47 - [TEST_STEP][PASSED] - a_plan_name = "xpath=//a[contains(@href,'/term-health-insurance/plan/" + carrier + "')]": null

2020-01-05 08:15:47 - [TEST_STEP][PASSED] - println(a_plan_name): null

2020-01-05 08:15:47 - [TEST_STEP][PASSED] - selenium.click(a_plan_name): null

2020-01-05 08:15:49 - [TEST_STEP][PASSED] - waitForPageLoad(20): Wait for page load successfully

2020-01-05 08:15:50 - [MESSAGE][PASSED] - Wait for page load successfully

2020-01-05 08:15:50 - [TEST_STEP][PASSED] - Thread.sleep(2000): null

2020-01-05 08:15:52 - [TEST_STEP][PASSED] - callTestCase(findTestCase("AHI/_include/get_screenshot"), [:], STOP_ON_FAILURE): Call Test Case 'Test Cases/AHI/_include/get_screenshot' successfully

2020-01-05 08:15:52 - [TEST_CASE][PASSED] - Test Cases/AHI/_include/get_screenshot: Test Cases/AHI/_include/get_screenshot

2020-01-05 08:15:52 - [TEST_STEP][PASSED] - takeScreenshot(screenPath + i + ".png"): Taking screenshot successfully

2020-01-05 08:15:53 - [MESSAGE][PASSED] - Taking screenshot successfully
[[ATTACHMENT|D:\\Test\\AgileTest\\Reports\\AHI\\stm\\20200105_080028\\../Screenshots/iPhone 6/stm/National General/20200105_081510/4.png]]

2020-01-05 08:15:53 - [TEST_STEP][PASSED] - (internal.GlobalVariable.i++): null

2020-01-05 08:15:53 - [MESSAGE][PASSED] - Call Test Case 'Test Cases/AHI/_include/get_screenshot' successfully

2020-01-05 08:15:53 - [MESSAGE][PASSED] - Call Test Case 'Test Cases/AHI/_include/goToDetail_stm' successfully

2020-01-05 08:15:53 - [TEST_STEP][PASSED] - callTestCase(findTestCase("AHI/_include/apply_stm"), [:], STOP_ON_FAILURE): Call Test Case 'Test Cases/AHI/_include/apply_stm' successfully

2020-01-05 08:15:53 - [TEST_CASE][PASSED] - Test Cases/AHI/_include/apply_stm: Test Cases/AHI/_include/apply_stm

2020-01-05 08:15:53 - [TEST_STEP][PASSED] - waitForElementVisible(findTestObject("mobileSanity/STM/STM PlanDetail Page/a_Apply for This Plan"), 5): Object 'Object Repository/mobileSanity/STM/STM PlanDetail Page/a_Apply for This Plan' is visible

2020-01-05 08:15:53 - [MESSAGE][PASSED] - Object 'Object Repository/mobileSanity/STM/STM PlanDetail Page/a_Apply for This Plan' is visible

2020-01-05 08:15:53 - [TEST_STEP][PASSED] - click(findTestObject("mobileSanity/STM/STM PlanDetail Page/a_Apply for This Plan")): Object: 'Object Repository/mobileSanity/STM/STM PlanDetail Page/a_Apply for This Plan' is clicked on

2020-01-05 08:15:54 - [MESSAGE][PASSED] - Object: 'Object Repository/mobileSanity/STM/STM PlanDetail Page/a_Apply for This Plan' is clicked on

2020-01-05 08:15:54 - [TEST_STEP][PASSED] - waitForPageLoad(10): Wait for page load successfully

2020-01-05 08:15:54 - [MESSAGE][PASSED] - Wait for page load successfully

2020-01-05 08:15:54 - [TEST_STEP][PASSED] - Thread.sleep(2000): null

2020-01-05 08:15:56 - [TEST_STEP][PASSED] - callTestCase(findTestCase("AHI/_include/get_screenshot"), [:], STOP_ON_FAILURE): Call Test Case 'Test Cases/AHI/_include/get_screenshot' successfully

2020-01-05 08:15:56 - [TEST_CASE][PASSED] - Test Cases/AHI/_include/get_screenshot: Test Cases/AHI/_include/get_screenshot

2020-01-05 08:15:56 - [TEST_STEP][PASSED] - takeScreenshot(screenPath + i + ".png"): Taking screenshot successfully

2020-01-05 08:15:56 - [MESSAGE][PASSED] - Taking screenshot successfully
[[ATTACHMENT|D:\\Test\\AgileTest\\Reports\\AHI\\stm\\20200105_080028\\../Screenshots/iPhone 6/stm/National General/20200105_081510/5.png]]

2020-01-05 08:15:56 - [TEST_STEP][PASSED] - (internal.GlobalVariable.i++): null

2020-01-05 08:15:56 - [MESSAGE][PASSED] - Call Test Case 'Test Cases/AHI/_include/get_screenshot' successfully

2020-01-05 08:15:56 - [TEST_STEP][PASSED] - waitForElementVisible(findTestObject("mobileSanity/STM/STM Apply Page/a_Start Secure Application"), 5): Object 'Object Repository/mobileSanity/STM/STM Apply Page/a_Start Secure Application' is visible

2020-01-05 08:15:56 - [MESSAGE][PASSED] - Object 'Object Repository/mobileSanity/STM/STM Apply Page/a_Start Secure Application' is visible

2020-01-05 08:15:56 - [TEST_STEP][PASSED] - click(findTestObject("mobileSanity/STM/STM Apply Page/a_Start Secure Application")): Object: 'Object Repository/mobileSanity/STM/STM Apply Page/a_Start Secure Application' is clicked on

2020-01-05 08:15:57 - [MESSAGE][PASSED] - Object: 'Object Repository/mobileSanity/STM/STM Apply Page/a_Start Secure Application' is clicked on

2020-01-05 08:15:57 - [TEST_STEP][PASSED] - waitForPageLoad(20): Wait for page load successfully

2020-01-05 08:15:59 - [MESSAGE][PASSED] - Wait for page load successfully

2020-01-05 08:15:59 - [TEST_STEP][PASSED] - Thread.sleep(2000): null

2020-01-05 08:16:01 - [TEST_STEP][PASSED] - callTestCase(findTestCase("AHI/_include/get_screenshot"), [:], STOP_ON_FAILURE): Call Test Case 'Test Cases/AHI/_include/get_screenshot' successfully

2020-01-05 08:16:01 - [TEST_CASE][PASSED] - Test Cases/AHI/_include/get_screenshot: Test Cases/AHI/_include/get_screenshot

2020-01-05 08:16:01 - [TEST_STEP][PASSED] - takeScreenshot(screenPath + i + ".png"): Taking screenshot successfully

2020-01-05 08:16:02 - [MESSAGE][PASSED] - Taking screenshot successfully
[[ATTACHMENT|D:\\Test\\AgileTest\\Reports\\AHI\\stm\\20200105_080028\\../Screenshots/iPhone 6/stm/National General/20200105_081510/6.png]]

2020-01-05 08:16:02 - [TEST_STEP][PASSED] - (internal.GlobalVariable.i++): null

2020-01-05 08:16:02 - [MESSAGE][PASSED] - Call Test Case 'Test Cases/AHI/_include/get_screenshot' successfully

2020-01-05 08:16:02 - [MESSAGE][PASSED] - Call Test Case 'Test Cases/AHI/_include/apply_stm' successfully

2020-01-05 08:16:02 - [TEST_STEP][PASSED] - callTestCase(findTestCase("AHI/_include/goToEnd_stm_autofill"), [:], STOP_ON_FAILURE): Call Test Case 'Test Cases/AHI/_include/goToEnd_stm_autofill' successfully

2020-01-05 08:16:02 - [TEST_CASE][PASSED] - Test Cases/AHI/_include/goToEnd_stm_autofill: Test Cases/AHI/_include/goToEnd_stm_autofill

2020-01-05 08:16:02 - [TEST_STEP][PASSED] - callTestCase(findTestCase("AHI/_include/name"), [:], CONTINUE_ON_FAILURE): Call Test Case 'Test Cases/AHI/_include/name' successfully

2020-01-05 08:16:02 - [TEST_CASE][PASSED] - Test Cases/AHI/_include/name: Test Cases/AHI/_include/name

2020-01-05 08:16:02 - [TEST_STEP][PASSED] - driver = getWebDriver(): null

2020-01-05 08:16:02 - [TEST_STEP][PASSED] - selenium = new com.thoughtworks.selenium.webdriven.WebDriverBackedSelenium(driver, internal.GlobalVariable.ENV): null

2020-01-05 08:16:02 - [TEST_STEP][PASSED] - FirstName = "Test-123": null

2020-01-05 08:16:02 - [TEST_STEP][PASSED] - LastName = selenium.getEval("{var x="ABCDEFGHIJKLMNOPQRSTUVWXYZabcdefghijklmnopqrstuvwxyz"; var tmp="ZZ11-"; for (i=0;i<8;i++) tmp+=x.charAt(Math.ceil(51*Math.random()));tmp;}"): null

2020-01-05 08:16:02 - [TEST_STEP][PASSED] - Address = selenium.getEval("{var x="ABCDEFGHIJKLMNOPQRSTUVWXYZabcdefghijklmnopqrstuvwxyz"; var tmp=""; for (i=0;i<8;i++) tmp+=x.charAt(Math.ceil(51*Math.random()));tmp;}"): null

2020-01-05 08:16:02 - [TEST_STEP][PASSED] - City = selenium.getEval("{var x="ABCDEFGHIJKLMNOPQRSTUVWXYZabcdefghijklmnopqrstuvwxyz"; var tmp=""; for (i=0;i<8;i++) tmp+=x.charAt(Math.ceil(51*Math.random()));tmp;}"): null

2020-01-05 08:16:02 - [TEST_STEP][PASSED] - tel1 = selenium.getEval("{var x="123456789"; var tmp=""; for (i=0;i<3;i++) tmp+=x.charAt(Math.ceil(8*Math.random()));tmp;}"): null

2020-01-05 08:16:02 - [TEST_STEP][PASSED] - tel2 = selenium.getEval("{var x="123456789"; var tmp=""; for (i=0;i<3;i++) tmp+=x.charAt(Math.ceil(8*Math.random()));tmp;}"): null

2020-01-05 08:16:02 - [TEST_STEP][PASSED] - tel3 = selenium.getEval("{var x="123456789"; var tmp=""; for (i=0;i<4;i++) tmp+=x.charAt(Math.ceil(8*Math.random()));tmp;}"): null

2020-01-05 08:16:02 - [TEST_STEP][PASSED] - Tel = selenium.getExpression(tel1 + "-" + tel2 + "-" + tel3): null

2020-01-05 08:16:02 - [TEST_STEP][PASSED] - AutoEmail = selenium.getEval("{var x="ABCDEFGHIJKLMNOPQRSTUVWXYZabcdefghijklmnopqrstuvwxyz"; var tmp="test."; for (i=0;i<8;i++) tmp+=x.charAt(Math.ceil(51*Math.random()));tmp+="@suryani.cn";}"): null

2020-01-05 08:16:02 - [TEST_STEP][PASSED] - FirstName = FirstName: null

2020-01-05 08:16:02 - [TEST_STEP][PASSED] - LastName = LastName: null

2020-01-05 08:16:02 - [TEST_STEP][PASSED] - Address = Address: null

2020-01-05 08:16:02 - [TEST_STEP][PASSED] - City = City: null

2020-01-05 08:16:02 - [TEST_STEP][PASSED] - Tel = Tel: null

2020-01-05 08:16:02 - [TEST_STEP][PASSED] - AutoEmail = AutoEmail: null

2020-01-05 08:16:02 - [TEST_STEP][PASSED] - println(FirstName): null

2020-01-05 08:16:02 - [TEST_STEP][PASSED] - println(LastName): null

2020-01-05 08:16:02 - [TEST_STEP][PASSED] - println(Address): null

2020-01-05 08:16:02 - [TEST_STEP][PASSED] - println(City): null

2020-01-05 08:16:02 - [TEST_STEP][PASSED] - println(Tel): null

2020-01-05 08:16:02 - [TEST_STEP][PASSED] - println(AutoEmail): null

2020-01-05 08:16:02 - [MESSAGE][PASSED] - Call Test Case 'Test Cases/AHI/_include/name' successfully

2020-01-05 08:16:02 - [TEST_STEP][PASSED] - try: Call Test Case 'Test Cases/AHI/_include/get_screenshot' successfully

2020-01-05 08:16:02 - [TEST_STEP][PASSED] - if (verifyTextPresent("Month Duration Acknowledgement", false)): Call Test Case 'Test Cases/AHI/_include/get_screenshot' successfully

2020-01-05 08:16:02 - [MESSAGE][PASSED] - Text 'Month Duration Acknowledgement' is present on page 

2020-01-05 08:16:02 - [TEST_STEP][PASSED] - click(findTestObject("mobileSanity/STM/Page_App Page 1/label_By checking this box I u")): Object: 'Object Repository/mobileSanity/STM/Page_App Page 1/label_By checking this box I u' is clicked on

2020-01-05 08:16:02 - [MESSAGE][PASSED] - Object: 'Object Repository/mobileSanity/STM/Page_App Page 1/label_By checking this box I u' is clicked on

2020-01-05 08:16:02 - [TEST_STEP][PASSED] - click(findTestObject("mobileSanity/STM/Page_App Page 1/button_Continue to Application")): Object: 'Object Repository/mobileSanity/STM/Page_App Page 1/button_Continue to Application' is clicked on

2020-01-05 08:16:03 - [MESSAGE][PASSED] - Object: 'Object Repository/mobileSanity/STM/Page_App Page 1/button_Continue to Application' is clicked on

2020-01-05 08:16:03 - [TEST_STEP][PASSED] - waitForPageLoad(20): Wait for page load successfully

2020-01-05 08:16:04 - [MESSAGE][PASSED] - Wait for page load successfully

2020-01-05 08:16:04 - [TEST_STEP][PASSED] - Thread.sleep(5000): null

2020-01-05 08:16:09 - [TEST_STEP][PASSED] - callTestCase(findTestCase("AHI/_include/get_screenshot"), [:], STOP_ON_FAILURE): Call Test Case 'Test Cases/AHI/_include/get_screenshot' successfully

2020-01-05 08:16:09 - [TEST_CASE][PASSED] - Test Cases/AHI/_include/get_screenshot: Test Cases/AHI/_include/get_screenshot

2020-01-05 08:16:09 - [TEST_STEP][PASSED] - takeScreenshot(screenPath + i + ".png"): Taking screenshot successfully

2020-01-05 08:16:09 - [MESSAGE][PASSED] - Taking screenshot successfully
[[ATTACHMENT|D:\\Test\\AgileTest\\Reports\\AHI\\stm\\20200105_080028\\../Screenshots/iPhone 6/stm/National General/20200105_081510/7.png]]

2020-01-05 08:16:09 - [TEST_STEP][PASSED] - (internal.GlobalVariable.i++): null

2020-01-05 08:16:09 - [MESSAGE][PASSED] - Call Test Case 'Test Cases/AHI/_include/get_screenshot' successfully

2020-01-05 08:16:09 - [TEST_STEP][PASSED] - waitForPageLoad(10): Wait for page load successfully

2020-01-05 08:16:09 - [MESSAGE][PASSED] - Wait for page load successfully

2020-01-05 08:16:09 - [TEST_STEP][PASSED] - Thread.sleep(3000): null

2020-01-05 08:16:12 - [TEST_STEP][PASSED] - waitForElementVisible(findTestObject("mobileSanity/STM/Page_App Page 1/a_Autofill App Info"), 20): Object 'Object Repository/mobileSanity/STM/Page_App Page 1/a_Autofill App Info' is visible

2020-01-05 08:16:12 - [MESSAGE][PASSED] - Object 'Object Repository/mobileSanity/STM/Page_App Page 1/a_Autofill App Info' is visible

2020-01-05 08:16:12 - [TEST_STEP][PASSED] - click(findTestObject("mobileSanity/STM/Page_App Page 1/a_Autofill App Info")): Object: 'Object Repository/mobileSanity/STM/Page_App Page 1/a_Autofill App Info' is clicked on

2020-01-05 08:16:13 - [MESSAGE][PASSED] - Object: 'Object Repository/mobileSanity/STM/Page_App Page 1/a_Autofill App Info' is clicked on

2020-01-05 08:16:13 - [TEST_STEP][PASSED] - Thread.sleep(1000): null

2020-01-05 08:16:14 - [TEST_STEP][PASSED] - click(findTestObject("mobileSanity/STM/Page_App Page 1/a_Autofill App Info")): Object: 'Object Repository/mobileSanity/STM/Page_App Page 1/a_Autofill App Info' is clicked on

2020-01-05 08:16:14 - [MESSAGE][PASSED] - Object: 'Object Repository/mobileSanity/STM/Page_App Page 1/a_Autofill App Info' is clicked on

2020-01-05 08:16:14 - [TEST_STEP][PASSED] - Thread.sleep(1000): null

2020-01-05 08:16:15 - [TEST_STEP][PASSED] - waitForElementVisible(findTestObject("mobileSanity/STM/Page_App Page 1/a_Continue"), 20): Object 'Object Repository/mobileSanity/STM/Page_App Page 1/a_Continue' is visible

2020-01-05 08:16:15 - [MESSAGE][PASSED] - Object 'Object Repository/mobileSanity/STM/Page_App Page 1/a_Continue' is visible

2020-01-05 08:16:15 - [TEST_STEP][PASSED] - click(findTestObject("mobileSanity/STM/Page_App Page 1/a_Continue")): Object: 'Object Repository/mobileSanity/STM/Page_App Page 1/a_Continue' is clicked on

2020-01-05 08:16:15 - [MESSAGE][PASSED] - Object: 'Object Repository/mobileSanity/STM/Page_App Page 1/a_Continue' is clicked on

2020-01-05 08:16:15 - [TEST_STEP][PASSED] - waitForPageLoad(20): Wait for page load successfully

2020-01-05 08:16:15 - [MESSAGE][PASSED] - Wait for page load successfully

2020-01-05 08:16:15 - [TEST_STEP][PASSED] - Thread.sleep(5000): null

2020-01-05 08:16:20 - [TEST_STEP][PASSED] - callTestCase(findTestCase("AHI/_include/get_screenshot"), [:], STOP_ON_FAILURE): Call Test Case 'Test Cases/AHI/_include/get_screenshot' successfully

2020-01-05 08:16:20 - [TEST_CASE][PASSED] - Test Cases/AHI/_include/get_screenshot: Test Cases/AHI/_include/get_screenshot

2020-01-05 08:16:20 - [TEST_STEP][PASSED] - takeScreenshot(screenPath + i + ".png"): Taking screenshot successfully

2020-01-05 08:16:20 - [MESSAGE][PASSED] - Taking screenshot successfully
[[ATTACHMENT|D:\\Test\\AgileTest\\Reports\\AHI\\stm\\20200105_080028\\../Screenshots/iPhone 6/stm/National General/20200105_081510/8.png]]

2020-01-05 08:16:20 - [TEST_STEP][PASSED] - (internal.GlobalVariable.i++): null

2020-01-05 08:16:20 - [MESSAGE][PASSED] - Call Test Case 'Test Cases/AHI/_include/get_screenshot' successfully

2020-01-05 08:16:20 - [TEST_STEP][PASSED] - click(findTestObject("mobileSanity/STM/Page_App Page 2/a_Continue to Step 3 - Payment")): Object: 'Object Repository/mobileSanity/STM/Page_App Page 2/a_Continue to Step 3 - Payment' is clicked on

2020-01-05 08:16:21 - [MESSAGE][PASSED] - Object: 'Object Repository/mobileSanity/STM/Page_App Page 2/a_Continue to Step 3 - Payment' is clicked on

2020-01-05 08:16:21 - [TEST_STEP][PASSED] - waitForPageLoad(20): Wait for page load successfully

2020-01-05 08:16:21 - [MESSAGE][PASSED] - Wait for page load successfully

2020-01-05 08:16:21 - [TEST_STEP][PASSED] - waitForElementVisible(findTestObject("mobileSanity/STM/Page_App Page 3/input__credit-card-cvv"), 20): Object 'Object Repository/mobileSanity/STM/Page_App Page 3/input__credit-card-cvv' is visible

2020-01-05 08:16:21 - [MESSAGE][PASSED] - Object 'Object Repository/mobileSanity/STM/Page_App Page 3/input__credit-card-cvv' is visible

2020-01-05 08:16:21 - [TEST_STEP][PASSED] - Thread.sleep(2000): null

2020-01-05 08:16:23 - [TEST_STEP][PASSED] - callTestCase(findTestCase("AHI/_include/get_screenshot"), [:], STOP_ON_FAILURE): Call Test Case 'Test Cases/AHI/_include/get_screenshot' successfully

2020-01-05 08:16:23 - [TEST_CASE][PASSED] - Test Cases/AHI/_include/get_screenshot: Test Cases/AHI/_include/get_screenshot

2020-01-05 08:16:23 - [TEST_STEP][PASSED] - takeScreenshot(screenPath + i + ".png"): Taking screenshot successfully

2020-01-05 08:16:23 - [MESSAGE][PASSED] - Taking screenshot successfully
[[ATTACHMENT|D:\\Test\\AgileTest\\Reports\\AHI\\stm\\20200105_080028\\../Screenshots/iPhone 6/stm/National General/20200105_081510/9.png]]

2020-01-05 08:16:23 - [TEST_STEP][PASSED] - (internal.GlobalVariable.i++): null

2020-01-05 08:16:23 - [MESSAGE][PASSED] - Call Test Case 'Test Cases/AHI/_include/get_screenshot' successfully

2020-01-05 08:16:23 - [TEST_STEP][PASSED] - clearText(findTestObject("mobileSanity/STM/Page_App Page 3/input__credit-card-cvv")): Text of object 'Object Repository/mobileSanity/STM/Page_App Page 3/input__credit-card-cvv' is cleared

2020-01-05 08:16:23 - [MESSAGE][PASSED] - Text of object 'Object Repository/mobileSanity/STM/Page_App Page 3/input__credit-card-cvv' is cleared

2020-01-05 08:16:23 - [TEST_STEP][PASSED] - setText(findTestObject("mobileSanity/STM/Page_App Page 3/input__credit-card-cvv"), "123"): Text '123' is set on object 'Object Repository/mobileSanity/STM/Page_App Page 3/input__credit-card-cvv'

2020-01-05 08:16:23 - [MESSAGE][PASSED] - Text '123' is set on object 'Object Repository/mobileSanity/STM/Page_App Page 3/input__credit-card-cvv'

2020-01-05 08:16:23 - [TEST_STEP][PASSED] - click(findTestObject("mobileSanity/STM/Page_App Page 3/label_I Accept Authorization f")): Object: 'Object Repository/mobileSanity/STM/Page_App Page 3/label_I Accept Authorization f' is clicked on

2020-01-05 08:16:24 - [MESSAGE][PASSED] - Object: 'Object Repository/mobileSanity/STM/Page_App Page 3/label_I Accept Authorization f' is clicked on

2020-01-05 08:16:24 - [TEST_STEP][PASSED] - click(findTestObject("mobileSanity/STM/Page_App Page 3/a_Continue to Step 4 - Review")): Object: 'Object Repository/mobileSanity/STM/Page_App Page 3/a_Continue to Step 4 - Review' is clicked on

2020-01-05 08:16:24 - [MESSAGE][PASSED] - Object: 'Object Repository/mobileSanity/STM/Page_App Page 3/a_Continue to Step 4 - Review' is clicked on

2020-01-05 08:16:24 - [TEST_STEP][PASSED] - waitForPageLoad(10): Wait for page load successfully

2020-01-05 08:16:24 - [MESSAGE][PASSED] - Wait for page load successfully

2020-01-05 08:16:24 - [TEST_STEP][PASSED] - waitForElementClickable(findTestObject("mobileSanity/STM/Page_App Page 4/label"), 10): Object 'Object Repository/mobileSanity/STM/Page_App Page 4/label' is clickable

2020-01-05 08:16:24 - [MESSAGE][PASSED] - Object 'Object Repository/mobileSanity/STM/Page_App Page 4/label' is clickable

2020-01-05 08:16:24 - [TEST_STEP][PASSED] - Thread.sleep(2000): null

2020-01-05 08:16:26 - [TEST_STEP][PASSED] - callTestCase(findTestCase("AHI/_include/get_screenshot"), [:], STOP_ON_FAILURE): Call Test Case 'Test Cases/AHI/_include/get_screenshot' successfully

2020-01-05 08:16:26 - [TEST_CASE][PASSED] - Test Cases/AHI/_include/get_screenshot: Test Cases/AHI/_include/get_screenshot

2020-01-05 08:16:26 - [TEST_STEP][PASSED] - takeScreenshot(screenPath + i + ".png"): Taking screenshot successfully

2020-01-05 08:16:27 - [MESSAGE][PASSED] - Taking screenshot successfully
[[ATTACHMENT|D:\\Test\\AgileTest\\Reports\\AHI\\stm\\20200105_080028\\../Screenshots/iPhone 6/stm/National General/20200105_081510/10.png]]

2020-01-05 08:16:27 - [TEST_STEP][PASSED] - (internal.GlobalVariable.i++): null

2020-01-05 08:16:27 - [MESSAGE][PASSED] - Call Test Case 'Test Cases/AHI/_include/get_screenshot' successfully

2020-01-05 08:16:27 - [TEST_STEP][PASSED] - click(findTestObject("mobileSanity/STM/Page_App Page 4/label")): Object: 'Object Repository/mobileSanity/STM/Page_App Page 4/label' is clicked on

2020-01-05 08:16:27 - [MESSAGE][PASSED] - Object: 'Object Repository/mobileSanity/STM/Page_App Page 4/label' is clicked on

2020-01-05 08:16:27 - [TEST_STEP][PASSED] - click(findTestObject("mobileSanity/STM/Page_App Page 4/div_CLICK TO SIGN")): Object: 'Object Repository/mobileSanity/STM/Page_App Page 4/div_CLICK TO SIGN' is clicked on

2020-01-05 08:16:27 - [MESSAGE][PASSED] - Object: 'Object Repository/mobileSanity/STM/Page_App Page 4/div_CLICK TO SIGN' is clicked on

2020-01-05 08:16:27 - [TEST_STEP][PASSED] - click(findTestObject("mobileSanity/STM/Page_App Page 4/a_Submit Your Application")): Object: 'Object Repository/mobileSanity/STM/Page_App Page 4/a_Submit Your Application' is clicked on

2020-01-05 08:16:28 - [MESSAGE][PASSED] - Object: 'Object Repository/mobileSanity/STM/Page_App Page 4/a_Submit Your Application' is clicked on

2020-01-05 08:16:28 - [TEST_STEP][PASSED] - Thread.sleep(30000): null

2020-01-05 08:16:58 - [TEST_STEP][PASSED] - waitForElementPresent(findTestObject("mobileSanity/STM/Page_App Page 6/app-page-wrapper"), 20): Object 'Object Repository/mobileSanity/STM/Page_App Page 6/app-page-wrapper' is not present after 20 second(s)

2020-01-05 08:17:23 - [MESSAGE][INFO] - Unable to find the element located by 'By.xpath: //div[@id='app-page-wrapper' and @data-page='confirmation']'. Please recheck the objects properties to make sure the desired element is located. 

2020-01-05 08:17:23 - [MESSAGE][WARNING] - Object 'Object Repository/mobileSanity/STM/Page_App Page 6/app-page-wrapper' is not present after 20 second(s)

2020-01-05 08:17:23 - [TEST_STEP][PASSED] - callTestCase(findTestCase("AHI/_include/get_screenshot"), [:], STOP_ON_FAILURE): Call Test Case 'Test Cases/AHI/_include/get_screenshot' successfully

2020-01-05 08:17:23 - [TEST_CASE][PASSED] - Test Cases/AHI/_include/get_screenshot: Test Cases/AHI/_include/get_screenshot

2020-01-05 08:17:23 - [TEST_STEP][PASSED] - takeScreenshot(screenPath + i + ".png"): Taking screenshot successfully

2020-01-05 08:17:24 - [MESSAGE][PASSED] - Taking screenshot successfully
[[ATTACHMENT|D:\\Test\\AgileTest\\Reports\\AHI\\stm\\20200105_080028\\../Screenshots/iPhone 6/stm/National General/20200105_081510/11.png]]

2020-01-05 08:17:24 - [TEST_STEP][PASSED] - (internal.GlobalVariable.i++): null

2020-01-05 08:17:24 - [MESSAGE][PASSED] - Call Test Case 'Test Cases/AHI/_include/get_screenshot' successfully

2020-01-05 08:17:24 - [MESSAGE][PASSED] - Call Test Case 'Test Cases/AHI/_include/goToEnd_stm_autofill' successfully]]></system-out>
         <system-err><![CDATA[]]></system-err>
      </testcase>
      <testcase name="Test Cases/AHI/stm/Slaico" classname="Test Cases/AHI/stm/Slaico" status="PASSED">
         <system-out><![CDATA[2020-01-05 08:17:24 - [TEST_CASE][PASSED] - Test Cases/AHI/stm/Slaico: Test Cases/AHI/stm/Slaico

2020-01-05 08:17:24 - [TEST_STEP][PASSED] - callTestCase(findTestCase("AHI/_include/get_screenPath"), ["productLine":"stm", "carrierName":"Slaico"], CONTINUE_ON_FAILURE): Call Test Case 'Test Cases/AHI/_include/get_screenPath' successfully

2020-01-05 08:17:24 - [TEST_CASE][PASSED] - Test Cases/AHI/_include/get_screenPath: Test Cases/AHI/_include/get_screenPath

2020-01-05 08:17:24 - [TEST_STEP][PASSED] - m = getExecutionProperties(): null

2020-01-05 08:17:24 - [TEST_STEP][PASSED] - deviceName = get("mobileEmulation").get("deviceName"): null

2020-01-05 08:17:24 - [TEST_STEP][PASSED] - println(deviceName): null

2020-01-05 08:17:24 - [TEST_STEP][PASSED] - now = new java.util.Date(): null

2020-01-05 08:17:24 - [TEST_STEP][PASSED] - mydate = now.format("yyyyMMdd_HHmmss"): null

2020-01-05 08:17:24 - [TEST_STEP][PASSED] - screenPath = "../Screenshots/": null

2020-01-05 08:17:24 - [TEST_STEP][PASSED] - screenPath = screenPath + deviceName + "/" + productLine + "/" + carrierName + "/" + mydate + "/": null

2020-01-05 08:17:24 - [TEST_STEP][PASSED] - println(screenPath): null

2020-01-05 08:17:24 - [MESSAGE][PASSED] - Call Test Case 'Test Cases/AHI/_include/get_screenPath' successfully

2020-01-05 08:17:24 - [TEST_STEP][PASSED] - i = 0: null

2020-01-05 08:17:24 - [TEST_STEP][PASSED] - callTestCase(findTestCase("AHI/_include/openWebSite"), [:], STOP_ON_FAILURE): Call Test Case 'Test Cases/AHI/_include/openWebSite' successfully

2020-01-05 08:17:24 - [TEST_CASE][PASSED] - Test Cases/AHI/_include/openWebSite: Test Cases/AHI/_include/openWebSite

2020-01-05 08:17:24 - [TEST_STEP][PASSED] - openBrowser(env): Browser is opened with url: 'https://praetemptatus.agilehealthinsurance.com'

2020-01-05 08:17:24 - [MESSAGE][WARNING] - A browser is already opened. Closing browser and opening a new one

2020-01-05 08:17:25 - [MESSAGE][INFO] - Starting 'Chrome' driver

2020-01-05 08:17:25 - [MESSAGE][INFO] - User set preference: ['mobileEmulation', '{deviceName=iPhone 6}']

2020-01-05 08:17:25 - [MESSAGE][INFO] - User set preference: ['args', '[--incognito, --aggressive-cache-discard, --window-size=375,677, --no-sandbox]']

2020-01-05 08:17:29 - [MESSAGE][PASSED] - Browser is opened with url: 'https://praetemptatus.agilehealthinsurance.com'

2020-01-05 08:17:29 - [TEST_STEP][PASSED] - waitForPageLoad(20): Wait for page load successfully

2020-01-05 08:17:29 - [MESSAGE][PASSED] - Wait for page load successfully

2020-01-05 08:17:29 - [TEST_STEP][PASSED] - callTestCase(findTestCase("AHI/_include/get_screenshot"), [:], STOP_ON_FAILURE): Call Test Case 'Test Cases/AHI/_include/get_screenshot' successfully

2020-01-05 08:17:29 - [TEST_CASE][PASSED] - Test Cases/AHI/_include/get_screenshot: Test Cases/AHI/_include/get_screenshot

2020-01-05 08:17:29 - [TEST_STEP][PASSED] - takeScreenshot(screenPath + i + ".png"): Taking screenshot successfully

2020-01-05 08:17:30 - [MESSAGE][PASSED] - Taking screenshot successfully
[[ATTACHMENT|D:\\Test\\AgileTest\\Reports\\AHI\\stm\\20200105_080028\\../Screenshots/iPhone 6/stm/Slaico/20200105_081724/0.png]]

2020-01-05 08:17:30 - [TEST_STEP][PASSED] - (internal.GlobalVariable.i++): null

2020-01-05 08:17:30 - [MESSAGE][PASSED] - Call Test Case 'Test Cases/AHI/_include/get_screenshot' successfully

2020-01-05 08:17:30 - [MESSAGE][PASSED] - Call Test Case 'Test Cases/AHI/_include/openWebSite' successfully

2020-01-05 08:17:30 - [TEST_STEP][PASSED] - callTestCase(findTestCase("AHI/_include/census_stm"), ["zipcode":"60602"], STOP_ON_FAILURE): Call Test Case 'Test Cases/AHI/_include/census_stm' successfully

2020-01-05 08:17:30 - [TEST_CASE][PASSED] - Test Cases/AHI/_include/census_stm: Test Cases/AHI/_include/census_stm

2020-01-05 08:17:30 - [TEST_STEP][PASSED] - waitForElementClickable(findTestObject("mobileSanity/STM/Home Page/a_Quote  Save Today"), 10): Object 'Object Repository/mobileSanity/STM/Home Page/a_Quote  Save Today' is clickable

2020-01-05 08:17:30 - [MESSAGE][PASSED] - Object 'Object Repository/mobileSanity/STM/Home Page/a_Quote  Save Today' is clickable

2020-01-05 08:17:30 - [TEST_STEP][PASSED] - click(findTestObject("mobileSanity/STM/Home Page/a_Quote  Save Today")): Object: 'Object Repository/mobileSanity/STM/Home Page/a_Quote  Save Today' is clicked on

2020-01-05 08:17:31 - [MESSAGE][PASSED] - Object: 'Object Repository/mobileSanity/STM/Home Page/a_Quote  Save Today' is clicked on

2020-01-05 08:17:31 - [TEST_STEP][PASSED] - waitForPageLoad(10): Wait for page load successfully

2020-01-05 08:17:32 - [MESSAGE][PASSED] - Wait for page load successfully

2020-01-05 08:17:32 - [TEST_STEP][PASSED] - callTestCase(findTestCase("AHI/_include/get_screenshot"), [:], STOP_ON_FAILURE): Call Test Case 'Test Cases/AHI/_include/get_screenshot' successfully

2020-01-05 08:17:32 - [TEST_CASE][PASSED] - Test Cases/AHI/_include/get_screenshot: Test Cases/AHI/_include/get_screenshot

2020-01-05 08:17:32 - [TEST_STEP][PASSED] - takeScreenshot(screenPath + i + ".png"): Taking screenshot successfully

2020-01-05 08:17:33 - [MESSAGE][PASSED] - Taking screenshot successfully
[[ATTACHMENT|D:\\Test\\AgileTest\\Reports\\AHI\\stm\\20200105_080028\\../Screenshots/iPhone 6/stm/Slaico/20200105_081724/1.png]]

2020-01-05 08:17:33 - [TEST_STEP][PASSED] - (internal.GlobalVariable.i++): null

2020-01-05 08:17:33 - [MESSAGE][PASSED] - Call Test Case 'Test Cases/AHI/_include/get_screenshot' successfully

2020-01-05 08:17:33 - [TEST_STEP][PASSED] - setText(findTestObject("mobileSanity/STM/STM Census Page/input_Location_zip-input"), zipcode): Text '60602' is set on object 'Object Repository/mobileSanity/STM/STM Census Page/input_Location_zip-input'

2020-01-05 08:17:33 - [MESSAGE][PASSED] - Text '60602' is set on object 'Object Repository/mobileSanity/STM/STM Census Page/input_Location_zip-input'

2020-01-05 08:17:33 - [TEST_STEP][PASSED] - Thread.sleep(500): null

2020-01-05 08:17:33 - [TEST_STEP][PASSED] - setText(findTestObject("mobileSanity/STM/STM Census Page/input_Date of Birth_dob-0"), "03031987"): Text '03031987' is set on object 'Object Repository/mobileSanity/STM/STM Census Page/input_Date of Birth_dob-0'

2020-01-05 08:17:34 - [MESSAGE][PASSED] - Text '03031987' is set on object 'Object Repository/mobileSanity/STM/STM Census Page/input_Date of Birth_dob-0'

2020-01-05 08:17:34 - [TEST_STEP][PASSED] - click(findTestObject("mobileSanity/STM/STM Census Page/label_Male")): Object: 'Object Repository/mobileSanity/STM/STM Census Page/label_Male' is clicked on

2020-01-05 08:17:34 - [MESSAGE][PASSED] - Object: 'Object Repository/mobileSanity/STM/STM Census Page/label_Male' is clicked on

2020-01-05 08:17:34 - [TEST_STEP][PASSED] - click(findTestObject("mobileSanity/STM/STM Census Page/label_Compare Plans")): Object: 'Object Repository/mobileSanity/STM/STM Census Page/label_Compare Plans' is clicked on

2020-01-05 08:17:36 - [MESSAGE][PASSED] - Object: 'Object Repository/mobileSanity/STM/STM Census Page/label_Compare Plans' is clicked on

2020-01-05 08:17:36 - [TEST_STEP][PASSED] - waitForElementVisible(findTestObject("mobileSanity/STM/STM Quote Page/button_sort"), 20): Object 'Object Repository/mobileSanity/STM/STM Quote Page/button_sort' is visible

2020-01-05 08:17:37 - [MESSAGE][PASSED] - Object 'Object Repository/mobileSanity/STM/STM Quote Page/button_sort' is visible

2020-01-05 08:17:37 - [TEST_STEP][PASSED] - Thread.sleep(3000): null

2020-01-05 08:17:40 - [TEST_STEP][PASSED] - callTestCase(findTestCase("AHI/_include/check_quoteleadform"), [:], STOP_ON_FAILURE): Call Test Case 'Test Cases/AHI/_include/check_quoteleadform' successfully

2020-01-05 08:17:40 - [TEST_CASE][PASSED] - Test Cases/AHI/_include/check_quoteleadform: Test Cases/AHI/_include/check_quoteleadform

2020-01-05 08:17:40 - [TEST_STEP][PASSED] - callTestCase(findTestCase("AHI/_include/name"), [:], CONTINUE_ON_FAILURE): Call Test Case 'Test Cases/AHI/_include/name' successfully

2020-01-05 08:17:40 - [TEST_CASE][PASSED] - Test Cases/AHI/_include/name: Test Cases/AHI/_include/name

2020-01-05 08:17:40 - [TEST_STEP][PASSED] - driver = getWebDriver(): null

2020-01-05 08:17:40 - [TEST_STEP][PASSED] - selenium = new com.thoughtworks.selenium.webdriven.WebDriverBackedSelenium(driver, internal.GlobalVariable.ENV): null

2020-01-05 08:17:40 - [TEST_STEP][PASSED] - FirstName = "Test-123": null

2020-01-05 08:17:40 - [TEST_STEP][PASSED] - LastName = selenium.getEval("{var x="ABCDEFGHIJKLMNOPQRSTUVWXYZabcdefghijklmnopqrstuvwxyz"; var tmp="ZZ11-"; for (i=0;i<8;i++) tmp+=x.charAt(Math.ceil(51*Math.random()));tmp;}"): null

2020-01-05 08:17:40 - [TEST_STEP][PASSED] - Address = selenium.getEval("{var x="ABCDEFGHIJKLMNOPQRSTUVWXYZabcdefghijklmnopqrstuvwxyz"; var tmp=""; for (i=0;i<8;i++) tmp+=x.charAt(Math.ceil(51*Math.random()));tmp;}"): null

2020-01-05 08:17:40 - [TEST_STEP][PASSED] - City = selenium.getEval("{var x="ABCDEFGHIJKLMNOPQRSTUVWXYZabcdefghijklmnopqrstuvwxyz"; var tmp=""; for (i=0;i<8;i++) tmp+=x.charAt(Math.ceil(51*Math.random()));tmp;}"): null

2020-01-05 08:17:40 - [TEST_STEP][PASSED] - tel1 = selenium.getEval("{var x="123456789"; var tmp=""; for (i=0;i<3;i++) tmp+=x.charAt(Math.ceil(8*Math.random()));tmp;}"): null

2020-01-05 08:17:40 - [TEST_STEP][PASSED] - tel2 = selenium.getEval("{var x="123456789"; var tmp=""; for (i=0;i<3;i++) tmp+=x.charAt(Math.ceil(8*Math.random()));tmp;}"): null

2020-01-05 08:17:40 - [TEST_STEP][PASSED] - tel3 = selenium.getEval("{var x="123456789"; var tmp=""; for (i=0;i<4;i++) tmp+=x.charAt(Math.ceil(8*Math.random()));tmp;}"): null

2020-01-05 08:17:40 - [TEST_STEP][PASSED] - Tel = selenium.getExpression(tel1 + "-" + tel2 + "-" + tel3): null

2020-01-05 08:17:40 - [TEST_STEP][PASSED] - AutoEmail = selenium.getEval("{var x="ABCDEFGHIJKLMNOPQRSTUVWXYZabcdefghijklmnopqrstuvwxyz"; var tmp="test."; for (i=0;i<8;i++) tmp+=x.charAt(Math.ceil(51*Math.random()));tmp+="@suryani.cn";}"): null

2020-01-05 08:17:40 - [TEST_STEP][PASSED] - FirstName = FirstName: null

2020-01-05 08:17:40 - [TEST_STEP][PASSED] - LastName = LastName: null

2020-01-05 08:17:40 - [TEST_STEP][PASSED] - Address = Address: null

2020-01-05 08:17:40 - [TEST_STEP][PASSED] - City = City: null

2020-01-05 08:17:40 - [TEST_STEP][PASSED] - Tel = Tel: null

2020-01-05 08:17:40 - [TEST_STEP][PASSED] - AutoEmail = AutoEmail: null

2020-01-05 08:17:40 - [TEST_STEP][PASSED] - println(FirstName): null

2020-01-05 08:17:40 - [TEST_STEP][PASSED] - println(LastName): null

2020-01-05 08:17:40 - [TEST_STEP][PASSED] - println(Address): null

2020-01-05 08:17:40 - [TEST_STEP][PASSED] - println(City): null

2020-01-05 08:17:40 - [TEST_STEP][PASSED] - println(Tel): null

2020-01-05 08:17:40 - [TEST_STEP][PASSED] - println(AutoEmail): null

2020-01-05 08:17:40 - [MESSAGE][PASSED] - Call Test Case 'Test Cases/AHI/_include/name' successfully

2020-01-05 08:17:40 - [TEST_STEP][PASSED] - leadform_exist = test.MobileKeywords.isElementPresent_Web(findTestObject("mobileSanity/quote lead form/lead_form"), 20): test.MobileKeywords.isElementPresent_Web is PASSED

2020-01-05 08:17:40 - [MESSAGE][PASSED] - test.MobileKeywords.isElementPresent_Web is PASSED

2020-01-05 08:17:40 - [TEST_STEP][PASSED] - if (leadform_exist): null

2020-01-05 08:17:40 - [TEST_STEP][PASSED] - setText(findTestObject("mobileSanity/quote lead form/first"), FirstName): Text 'Test-123' is set on object 'Object Repository/mobileSanity/quote lead form/first'

2020-01-05 08:17:40 - [MESSAGE][PASSED] - Text 'Test-123' is set on object 'Object Repository/mobileSanity/quote lead form/first'

2020-01-05 08:17:40 - [TEST_STEP][PASSED] - setText(findTestObject("mobileSanity/quote lead form/last"), LastName): Text 'ZZ11-GtgNvOpj' is set on object 'Object Repository/mobileSanity/quote lead form/last'

2020-01-05 08:17:40 - [MESSAGE][PASSED] - Text 'ZZ11-GtgNvOpj' is set on object 'Object Repository/mobileSanity/quote lead form/last'

2020-01-05 08:17:40 - [TEST_STEP][PASSED] - setText(findTestObject("mobileSanity/quote lead form/email"), AutoEmail): Text 'test.UkMhUXjh@suryani.cn' is set on object 'Object Repository/mobileSanity/quote lead form/email'

2020-01-05 08:17:41 - [MESSAGE][PASSED] - Text 'test.UkMhUXjh@suryani.cn' is set on object 'Object Repository/mobileSanity/quote lead form/email'

2020-01-05 08:17:41 - [TEST_STEP][PASSED] - setText(findTestObject("mobileSanity/quote lead form/phone"), Tel): Text '695-992-3442' is set on object 'Object Repository/mobileSanity/quote lead form/phone'

2020-01-05 08:17:41 - [MESSAGE][PASSED] - Text '695-992-3442' is set on object 'Object Repository/mobileSanity/quote lead form/phone'

2020-01-05 08:17:41 - [TEST_STEP][PASSED] - click(findTestObject("mobileSanity/quote lead form/submit")): Object: 'Object Repository/mobileSanity/quote lead form/submit' is clicked on

2020-01-05 08:17:41 - [MESSAGE][PASSED] - Object: 'Object Repository/mobileSanity/quote lead form/submit' is clicked on

2020-01-05 08:17:41 - [TEST_STEP][PASSED] - Thread.sleep(3000): null

2020-01-05 08:17:44 - [MESSAGE][PASSED] - Call Test Case 'Test Cases/AHI/_include/check_quoteleadform' successfully

2020-01-05 08:17:44 - [TEST_STEP][PASSED] - callTestCase(findTestCase("AHI/_include/get_screenshot"), [:], STOP_ON_FAILURE): Call Test Case 'Test Cases/AHI/_include/get_screenshot' successfully

2020-01-05 08:17:44 - [TEST_CASE][PASSED] - Test Cases/AHI/_include/get_screenshot: Test Cases/AHI/_include/get_screenshot

2020-01-05 08:17:44 - [TEST_STEP][PASSED] - takeScreenshot(screenPath + i + ".png"): Taking screenshot successfully

2020-01-05 08:17:45 - [MESSAGE][PASSED] - Taking screenshot successfully
[[ATTACHMENT|D:\\Test\\AgileTest\\Reports\\AHI\\stm\\20200105_080028\\../Screenshots/iPhone 6/stm/Slaico/20200105_081724/2.png]]

2020-01-05 08:17:45 - [TEST_STEP][PASSED] - (internal.GlobalVariable.i++): null

2020-01-05 08:17:45 - [MESSAGE][PASSED] - Call Test Case 'Test Cases/AHI/_include/get_screenshot' successfully

2020-01-05 08:17:45 - [TEST_STEP][PASSED] - Thread.sleep(1000): null

2020-01-05 08:17:46 - [MESSAGE][PASSED] - Call Test Case 'Test Cases/AHI/_include/census_stm' successfully

2020-01-05 08:17:46 - [TEST_STEP][PASSED] - callTestCase(findTestCase("AHI/_include/filter_stm"), ["carrier":"slaico"], STOP_ON_FAILURE): Call Test Case 'Test Cases/AHI/_include/filter_stm' successfully

2020-01-05 08:17:46 - [TEST_CASE][PASSED] - Test Cases/AHI/_include/filter_stm: Test Cases/AHI/_include/filter_stm

2020-01-05 08:17:46 - [TEST_STEP][PASSED] - driver = getWebDriver(): null

2020-01-05 08:17:46 - [TEST_STEP][PASSED] - selenium = new com.thoughtworks.selenium.webdriven.WebDriverBackedSelenium(driver, internal.GlobalVariable.ENV): null

2020-01-05 08:17:46 - [TEST_STEP][PASSED] - Thread.sleep(1000): null

2020-01-05 08:17:47 - [TEST_STEP][PASSED] - click(findTestObject("mobileSanity/STM/STM Quote Page/button_filters")): Object: 'Object Repository/mobileSanity/STM/STM Quote Page/button_filters' is clicked on

2020-01-05 08:17:48 - [MESSAGE][PASSED] - Object: 'Object Repository/mobileSanity/STM/STM Quote Page/button_filters' is clicked on

2020-01-05 08:17:48 - [TEST_STEP][PASSED] - Thread.sleep(1000): null

2020-01-05 08:17:49 - [TEST_STEP][PASSED] - click(findTestObject("mobileSanity/STM/STM Quote Page/i_Insurance company")): Object: 'Object Repository/mobileSanity/STM/STM Quote Page/i_Insurance company' is clicked on

2020-01-05 08:17:49 - [MESSAGE][PASSED] - Object: 'Object Repository/mobileSanity/STM/STM Quote Page/i_Insurance company' is clicked on

2020-01-05 08:17:49 - [TEST_STEP][PASSED] - Thread.sleep(1000): null

2020-01-05 08:17:50 - [TEST_STEP][PASSED] - filter_carrier = "//input[@name='filter[carrier]' and @value='" + carrier + "']/following::label": null

2020-01-05 08:17:50 - [TEST_STEP][PASSED] - println(filter_carrier): null

2020-01-05 08:17:50 - [TEST_STEP][PASSED] - test.MobileKeywords.clickJS_ByXpath(filter_carrier): test.MobileKeywords.clickJS_ByXpath is PASSED

2020-01-05 08:17:51 - [MESSAGE][PASSED] - Execute JavaScript 'arguments[0].click()' successfully

2020-01-05 08:17:51 - [MESSAGE][PASSED] - test.MobileKeywords.clickJS_ByXpath is PASSED

2020-01-05 08:17:51 - [TEST_STEP][PASSED] - click(findTestObject("mobileSanity/STM/STM Quote Page/js-close c-link-button")): Object: 'Object Repository/mobileSanity/STM/STM Quote Page/js-close c-link-button' is clicked on

2020-01-05 08:17:51 - [MESSAGE][PASSED] - Object: 'Object Repository/mobileSanity/STM/STM Quote Page/js-close c-link-button' is clicked on

2020-01-05 08:17:51 - [TEST_STEP][PASSED] - Thread.sleep(2000): null

2020-01-05 08:17:53 - [TEST_STEP][PASSED] - callTestCase(findTestCase("AHI/_include/get_screenshot"), [:], STOP_ON_FAILURE): Call Test Case 'Test Cases/AHI/_include/get_screenshot' successfully

2020-01-05 08:17:53 - [TEST_CASE][PASSED] - Test Cases/AHI/_include/get_screenshot: Test Cases/AHI/_include/get_screenshot

2020-01-05 08:17:53 - [TEST_STEP][PASSED] - takeScreenshot(screenPath + i + ".png"): Taking screenshot successfully

2020-01-05 08:17:54 - [MESSAGE][PASSED] - Taking screenshot successfully
[[ATTACHMENT|D:\\Test\\AgileTest\\Reports\\AHI\\stm\\20200105_080028\\../Screenshots/iPhone 6/stm/Slaico/20200105_081724/3.png]]

2020-01-05 08:17:54 - [TEST_STEP][PASSED] - (internal.GlobalVariable.i++): null

2020-01-05 08:17:54 - [MESSAGE][PASSED] - Call Test Case 'Test Cases/AHI/_include/get_screenshot' successfully

2020-01-05 08:17:54 - [MESSAGE][PASSED] - Call Test Case 'Test Cases/AHI/_include/filter_stm' successfully

2020-01-05 08:17:54 - [TEST_STEP][PASSED] - callTestCase(findTestCase("AHI/_include/goToDetail_stm"), ["carrier":"slaico"], STOP_ON_FAILURE): Call Test Case 'Test Cases/AHI/_include/goToDetail_stm' successfully

2020-01-05 08:17:54 - [TEST_CASE][PASSED] - Test Cases/AHI/_include/goToDetail_stm: Test Cases/AHI/_include/goToDetail_stm

2020-01-05 08:17:54 - [TEST_STEP][PASSED] - driver = getWebDriver(): null

2020-01-05 08:17:54 - [TEST_STEP][PASSED] - selenium = new com.thoughtworks.selenium.webdriven.WebDriverBackedSelenium(driver, internal.GlobalVariable.ENV): null

2020-01-05 08:17:54 - [TEST_STEP][PASSED] - a_plan_name = "xpath=//a[contains(@href,'/term-health-insurance/plan/" + carrier + "')]": null

2020-01-05 08:17:54 - [TEST_STEP][PASSED] - println(a_plan_name): null

2020-01-05 08:17:54 - [TEST_STEP][PASSED] - selenium.click(a_plan_name): null

2020-01-05 08:17:57 - [TEST_STEP][PASSED] - waitForPageLoad(20): Wait for page load successfully

2020-01-05 08:17:57 - [MESSAGE][PASSED] - Wait for page load successfully

2020-01-05 08:17:57 - [TEST_STEP][PASSED] - Thread.sleep(2000): null

2020-01-05 08:17:59 - [TEST_STEP][PASSED] - callTestCase(findTestCase("AHI/_include/get_screenshot"), [:], STOP_ON_FAILURE): Call Test Case 'Test Cases/AHI/_include/get_screenshot' successfully

2020-01-05 08:17:59 - [TEST_CASE][PASSED] - Test Cases/AHI/_include/get_screenshot: Test Cases/AHI/_include/get_screenshot

2020-01-05 08:17:59 - [TEST_STEP][PASSED] - takeScreenshot(screenPath + i + ".png"): Taking screenshot successfully

2020-01-05 08:18:00 - [MESSAGE][PASSED] - Taking screenshot successfully
[[ATTACHMENT|D:\\Test\\AgileTest\\Reports\\AHI\\stm\\20200105_080028\\../Screenshots/iPhone 6/stm/Slaico/20200105_081724/4.png]]

2020-01-05 08:18:00 - [TEST_STEP][PASSED] - (internal.GlobalVariable.i++): null

2020-01-05 08:18:00 - [MESSAGE][PASSED] - Call Test Case 'Test Cases/AHI/_include/get_screenshot' successfully

2020-01-05 08:18:00 - [MESSAGE][PASSED] - Call Test Case 'Test Cases/AHI/_include/goToDetail_stm' successfully

2020-01-05 08:18:00 - [TEST_STEP][PASSED] - callTestCase(findTestCase("AHI/_include/apply_stm"), [:], STOP_ON_FAILURE): Call Test Case 'Test Cases/AHI/_include/apply_stm' successfully

2020-01-05 08:18:00 - [TEST_CASE][PASSED] - Test Cases/AHI/_include/apply_stm: Test Cases/AHI/_include/apply_stm

2020-01-05 08:18:00 - [TEST_STEP][PASSED] - waitForElementVisible(findTestObject("mobileSanity/STM/STM PlanDetail Page/a_Apply for This Plan"), 5): Object 'Object Repository/mobileSanity/STM/STM PlanDetail Page/a_Apply for This Plan' is visible

2020-01-05 08:18:00 - [MESSAGE][PASSED] - Object 'Object Repository/mobileSanity/STM/STM PlanDetail Page/a_Apply for This Plan' is visible

2020-01-05 08:18:00 - [TEST_STEP][PASSED] - click(findTestObject("mobileSanity/STM/STM PlanDetail Page/a_Apply for This Plan")): Object: 'Object Repository/mobileSanity/STM/STM PlanDetail Page/a_Apply for This Plan' is clicked on

2020-01-05 08:18:00 - [MESSAGE][PASSED] - Object: 'Object Repository/mobileSanity/STM/STM PlanDetail Page/a_Apply for This Plan' is clicked on

2020-01-05 08:18:00 - [TEST_STEP][PASSED] - waitForPageLoad(10): Wait for page load successfully

2020-01-05 08:18:00 - [MESSAGE][PASSED] - Wait for page load successfully

2020-01-05 08:18:00 - [TEST_STEP][PASSED] - Thread.sleep(2000): null

2020-01-05 08:18:02 - [TEST_STEP][PASSED] - callTestCase(findTestCase("AHI/_include/get_screenshot"), [:], STOP_ON_FAILURE): Call Test Case 'Test Cases/AHI/_include/get_screenshot' successfully

2020-01-05 08:18:02 - [TEST_CASE][PASSED] - Test Cases/AHI/_include/get_screenshot: Test Cases/AHI/_include/get_screenshot

2020-01-05 08:18:02 - [TEST_STEP][PASSED] - takeScreenshot(screenPath + i + ".png"): Taking screenshot successfully

2020-01-05 08:18:02 - [MESSAGE][PASSED] - Taking screenshot successfully
[[ATTACHMENT|D:\\Test\\AgileTest\\Reports\\AHI\\stm\\20200105_080028\\../Screenshots/iPhone 6/stm/Slaico/20200105_081724/5.png]]

2020-01-05 08:18:02 - [TEST_STEP][PASSED] - (internal.GlobalVariable.i++): null

2020-01-05 08:18:02 - [MESSAGE][PASSED] - Call Test Case 'Test Cases/AHI/_include/get_screenshot' successfully

2020-01-05 08:18:02 - [TEST_STEP][PASSED] - waitForElementVisible(findTestObject("mobileSanity/STM/STM Apply Page/a_Start Secure Application"), 5): Object 'Object Repository/mobileSanity/STM/STM Apply Page/a_Start Secure Application' is visible

2020-01-05 08:18:03 - [MESSAGE][PASSED] - Object 'Object Repository/mobileSanity/STM/STM Apply Page/a_Start Secure Application' is visible

2020-01-05 08:18:03 - [TEST_STEP][PASSED] - click(findTestObject("mobileSanity/STM/STM Apply Page/a_Start Secure Application")): Object: 'Object Repository/mobileSanity/STM/STM Apply Page/a_Start Secure Application' is clicked on

2020-01-05 08:18:03 - [MESSAGE][PASSED] - Object: 'Object Repository/mobileSanity/STM/STM Apply Page/a_Start Secure Application' is clicked on

2020-01-05 08:18:03 - [TEST_STEP][PASSED] - waitForPageLoad(20): Wait for page load successfully

2020-01-05 08:18:05 - [MESSAGE][PASSED] - Wait for page load successfully

2020-01-05 08:18:05 - [TEST_STEP][PASSED] - Thread.sleep(2000): null

2020-01-05 08:18:07 - [TEST_STEP][PASSED] - callTestCase(findTestCase("AHI/_include/get_screenshot"), [:], STOP_ON_FAILURE): Call Test Case 'Test Cases/AHI/_include/get_screenshot' successfully

2020-01-05 08:18:07 - [TEST_CASE][PASSED] - Test Cases/AHI/_include/get_screenshot: Test Cases/AHI/_include/get_screenshot

2020-01-05 08:18:07 - [TEST_STEP][PASSED] - takeScreenshot(screenPath + i + ".png"): Taking screenshot successfully

2020-01-05 08:18:08 - [MESSAGE][PASSED] - Taking screenshot successfully
[[ATTACHMENT|D:\\Test\\AgileTest\\Reports\\AHI\\stm\\20200105_080028\\../Screenshots/iPhone 6/stm/Slaico/20200105_081724/6.png]]

2020-01-05 08:18:08 - [TEST_STEP][PASSED] - (internal.GlobalVariable.i++): null

2020-01-05 08:18:08 - [MESSAGE][PASSED] - Call Test Case 'Test Cases/AHI/_include/get_screenshot' successfully

2020-01-05 08:18:08 - [MESSAGE][PASSED] - Call Test Case 'Test Cases/AHI/_include/apply_stm' successfully

2020-01-05 08:18:08 - [TEST_STEP][PASSED] - callTestCase(findTestCase("AHI/_include/goToEnd_stm_autofill"), [:], STOP_ON_FAILURE): Call Test Case 'Test Cases/AHI/_include/goToEnd_stm_autofill' successfully

2020-01-05 08:18:08 - [TEST_CASE][PASSED] - Test Cases/AHI/_include/goToEnd_stm_autofill: Test Cases/AHI/_include/goToEnd_stm_autofill

2020-01-05 08:18:08 - [TEST_STEP][PASSED] - callTestCase(findTestCase("AHI/_include/name"), [:], CONTINUE_ON_FAILURE): Call Test Case 'Test Cases/AHI/_include/name' successfully

2020-01-05 08:18:08 - [TEST_CASE][PASSED] - Test Cases/AHI/_include/name: Test Cases/AHI/_include/name

2020-01-05 08:18:08 - [TEST_STEP][PASSED] - driver = getWebDriver(): null

2020-01-05 08:18:08 - [TEST_STEP][PASSED] - selenium = new com.thoughtworks.selenium.webdriven.WebDriverBackedSelenium(driver, internal.GlobalVariable.ENV): null

2020-01-05 08:18:08 - [TEST_STEP][PASSED] - FirstName = "Test-123": null

2020-01-05 08:18:08 - [TEST_STEP][PASSED] - LastName = selenium.getEval("{var x="ABCDEFGHIJKLMNOPQRSTUVWXYZabcdefghijklmnopqrstuvwxyz"; var tmp="ZZ11-"; for (i=0;i<8;i++) tmp+=x.charAt(Math.ceil(51*Math.random()));tmp;}"): null

2020-01-05 08:18:08 - [TEST_STEP][PASSED] - Address = selenium.getEval("{var x="ABCDEFGHIJKLMNOPQRSTUVWXYZabcdefghijklmnopqrstuvwxyz"; var tmp=""; for (i=0;i<8;i++) tmp+=x.charAt(Math.ceil(51*Math.random()));tmp;}"): null

2020-01-05 08:18:08 - [TEST_STEP][PASSED] - City = selenium.getEval("{var x="ABCDEFGHIJKLMNOPQRSTUVWXYZabcdefghijklmnopqrstuvwxyz"; var tmp=""; for (i=0;i<8;i++) tmp+=x.charAt(Math.ceil(51*Math.random()));tmp;}"): null

2020-01-05 08:18:08 - [TEST_STEP][PASSED] - tel1 = selenium.getEval("{var x="123456789"; var tmp=""; for (i=0;i<3;i++) tmp+=x.charAt(Math.ceil(8*Math.random()));tmp;}"): null

2020-01-05 08:18:08 - [TEST_STEP][PASSED] - tel2 = selenium.getEval("{var x="123456789"; var tmp=""; for (i=0;i<3;i++) tmp+=x.charAt(Math.ceil(8*Math.random()));tmp;}"): null

2020-01-05 08:18:08 - [TEST_STEP][PASSED] - tel3 = selenium.getEval("{var x="123456789"; var tmp=""; for (i=0;i<4;i++) tmp+=x.charAt(Math.ceil(8*Math.random()));tmp;}"): null

2020-01-05 08:18:08 - [TEST_STEP][PASSED] - Tel = selenium.getExpression(tel1 + "-" + tel2 + "-" + tel3): null

2020-01-05 08:18:08 - [TEST_STEP][PASSED] - AutoEmail = selenium.getEval("{var x="ABCDEFGHIJKLMNOPQRSTUVWXYZabcdefghijklmnopqrstuvwxyz"; var tmp="test."; for (i=0;i<8;i++) tmp+=x.charAt(Math.ceil(51*Math.random()));tmp+="@suryani.cn";}"): null

2020-01-05 08:18:08 - [TEST_STEP][PASSED] - FirstName = FirstName: null

2020-01-05 08:18:08 - [TEST_STEP][PASSED] - LastName = LastName: null

2020-01-05 08:18:08 - [TEST_STEP][PASSED] - Address = Address: null

2020-01-05 08:18:08 - [TEST_STEP][PASSED] - City = City: null

2020-01-05 08:18:08 - [TEST_STEP][PASSED] - Tel = Tel: null

2020-01-05 08:18:08 - [TEST_STEP][PASSED] - AutoEmail = AutoEmail: null

2020-01-05 08:18:08 - [TEST_STEP][PASSED] - println(FirstName): null

2020-01-05 08:18:08 - [TEST_STEP][PASSED] - println(LastName): null

2020-01-05 08:18:08 - [TEST_STEP][PASSED] - println(Address): null

2020-01-05 08:18:08 - [TEST_STEP][PASSED] - println(City): null

2020-01-05 08:18:08 - [TEST_STEP][PASSED] - println(Tel): null

2020-01-05 08:18:08 - [TEST_STEP][PASSED] - println(AutoEmail): null

2020-01-05 08:18:08 - [MESSAGE][PASSED] - Call Test Case 'Test Cases/AHI/_include/name' successfully

2020-01-05 08:18:08 - [TEST_STEP][FAILED] - try: Unable to verify text 'Month Duration Acknowledgement' is present  (Root cause: com.kms.katalon.core.exception.StepFailedException: Text 'Month Duration Acknowledgement' is not present on page )

2020-01-05 08:18:08 - [TEST_STEP][FAILED] - if (verifyTextPresent("Month Duration Acknowledgement", false)): Unable to verify text 'Month Duration Acknowledgement' is present  (Root cause: com.kms.katalon.core.exception.StepFailedException: Text 'Month Duration Acknowledgement' is not present on page )

2020-01-05 08:18:08 - [MESSAGE][FAILED] - Text 'Month Duration Acknowledgement' is not present on page 

2020-01-05 08:18:08 - [MESSAGE][FAILED] - Unable to verify text 'Month Duration Acknowledgement' is present  (Root cause: com.kms.katalon.core.exception.StepFailedException: Text 'Month Duration Acknowledgement' is not present on page )
[[ATTACHMENT|D:\\Test\\AgileTest\\Reports\\AHI\\stm\\20200105_080028\\1578230288522.png]]

2020-01-05 08:18:08 - [TEST_STEP][PASSED] - catch (Exception e): null

2020-01-05 08:18:08 - [TEST_STEP][PASSED] - println("no consecutive"): null

2020-01-05 08:18:08 - [TEST_STEP][PASSED] - waitForPageLoad(10): Wait for page load successfully

2020-01-05 08:18:08 - [MESSAGE][PASSED] - Wait for page load successfully

2020-01-05 08:18:08 - [TEST_STEP][PASSED] - Thread.sleep(3000): null

2020-01-05 08:18:11 - [TEST_STEP][PASSED] - waitForElementVisible(findTestObject("mobileSanity/STM/Page_App Page 1/a_Autofill App Info"), 20): Object 'Object Repository/mobileSanity/STM/Page_App Page 1/a_Autofill App Info' is visible

2020-01-05 08:18:11 - [MESSAGE][PASSED] - Object 'Object Repository/mobileSanity/STM/Page_App Page 1/a_Autofill App Info' is visible

2020-01-05 08:18:11 - [TEST_STEP][PASSED] - click(findTestObject("mobileSanity/STM/Page_App Page 1/a_Autofill App Info")): Object: 'Object Repository/mobileSanity/STM/Page_App Page 1/a_Autofill App Info' is clicked on

2020-01-05 08:18:12 - [MESSAGE][PASSED] - Object: 'Object Repository/mobileSanity/STM/Page_App Page 1/a_Autofill App Info' is clicked on

2020-01-05 08:18:12 - [TEST_STEP][PASSED] - Thread.sleep(1000): null

2020-01-05 08:18:13 - [TEST_STEP][PASSED] - click(findTestObject("mobileSanity/STM/Page_App Page 1/a_Autofill App Info")): Object: 'Object Repository/mobileSanity/STM/Page_App Page 1/a_Autofill App Info' is clicked on

2020-01-05 08:18:13 - [MESSAGE][PASSED] - Object: 'Object Repository/mobileSanity/STM/Page_App Page 1/a_Autofill App Info' is clicked on

2020-01-05 08:18:13 - [TEST_STEP][PASSED] - Thread.sleep(1000): null

2020-01-05 08:18:14 - [TEST_STEP][PASSED] - waitForElementVisible(findTestObject("mobileSanity/STM/Page_App Page 1/a_Continue"), 20): Object 'Object Repository/mobileSanity/STM/Page_App Page 1/a_Continue' is visible

2020-01-05 08:18:14 - [MESSAGE][PASSED] - Object 'Object Repository/mobileSanity/STM/Page_App Page 1/a_Continue' is visible

2020-01-05 08:18:14 - [TEST_STEP][PASSED] - click(findTestObject("mobileSanity/STM/Page_App Page 1/a_Continue")): Object: 'Object Repository/mobileSanity/STM/Page_App Page 1/a_Continue' is clicked on

2020-01-05 08:18:14 - [MESSAGE][PASSED] - Object: 'Object Repository/mobileSanity/STM/Page_App Page 1/a_Continue' is clicked on

2020-01-05 08:18:14 - [TEST_STEP][PASSED] - waitForPageLoad(20): Wait for page load successfully

2020-01-05 08:18:14 - [MESSAGE][PASSED] - Wait for page load successfully

2020-01-05 08:18:14 - [TEST_STEP][PASSED] - Thread.sleep(5000): null

2020-01-05 08:18:19 - [TEST_STEP][PASSED] - callTestCase(findTestCase("AHI/_include/get_screenshot"), [:], STOP_ON_FAILURE): Call Test Case 'Test Cases/AHI/_include/get_screenshot' successfully

2020-01-05 08:18:19 - [TEST_CASE][PASSED] - Test Cases/AHI/_include/get_screenshot: Test Cases/AHI/_include/get_screenshot

2020-01-05 08:18:19 - [TEST_STEP][PASSED] - takeScreenshot(screenPath + i + ".png"): Taking screenshot successfully

2020-01-05 08:18:20 - [MESSAGE][PASSED] - Taking screenshot successfully
[[ATTACHMENT|D:\\Test\\AgileTest\\Reports\\AHI\\stm\\20200105_080028\\../Screenshots/iPhone 6/stm/Slaico/20200105_081724/7.png]]

2020-01-05 08:18:20 - [TEST_STEP][PASSED] - (internal.GlobalVariable.i++): null

2020-01-05 08:18:20 - [MESSAGE][PASSED] - Call Test Case 'Test Cases/AHI/_include/get_screenshot' successfully

2020-01-05 08:18:20 - [TEST_STEP][PASSED] - click(findTestObject("mobileSanity/STM/Page_App Page 2/a_Continue to Step 3 - Payment")): Object: 'Object Repository/mobileSanity/STM/Page_App Page 2/a_Continue to Step 3 - Payment' is clicked on

2020-01-05 08:18:20 - [MESSAGE][PASSED] - Object: 'Object Repository/mobileSanity/STM/Page_App Page 2/a_Continue to Step 3 - Payment' is clicked on

2020-01-05 08:18:20 - [TEST_STEP][PASSED] - waitForPageLoad(20): Wait for page load successfully

2020-01-05 08:18:20 - [MESSAGE][PASSED] - Wait for page load successfully

2020-01-05 08:18:20 - [TEST_STEP][PASSED] - waitForElementVisible(findTestObject("mobileSanity/STM/Page_App Page 3/input__credit-card-cvv"), 20): Object 'Object Repository/mobileSanity/STM/Page_App Page 3/input__credit-card-cvv' is visible

2020-01-05 08:18:20 - [MESSAGE][PASSED] - Object 'Object Repository/mobileSanity/STM/Page_App Page 3/input__credit-card-cvv' is visible

2020-01-05 08:18:20 - [TEST_STEP][PASSED] - Thread.sleep(2000): null

2020-01-05 08:18:22 - [TEST_STEP][PASSED] - callTestCase(findTestCase("AHI/_include/get_screenshot"), [:], STOP_ON_FAILURE): Call Test Case 'Test Cases/AHI/_include/get_screenshot' successfully

2020-01-05 08:18:22 - [TEST_CASE][PASSED] - Test Cases/AHI/_include/get_screenshot: Test Cases/AHI/_include/get_screenshot

2020-01-05 08:18:22 - [TEST_STEP][PASSED] - takeScreenshot(screenPath + i + ".png"): Taking screenshot successfully

2020-01-05 08:18:23 - [MESSAGE][PASSED] - Taking screenshot successfully
[[ATTACHMENT|D:\\Test\\AgileTest\\Reports\\AHI\\stm\\20200105_080028\\../Screenshots/iPhone 6/stm/Slaico/20200105_081724/8.png]]

2020-01-05 08:18:23 - [TEST_STEP][PASSED] - (internal.GlobalVariable.i++): null

2020-01-05 08:18:23 - [MESSAGE][PASSED] - Call Test Case 'Test Cases/AHI/_include/get_screenshot' successfully

2020-01-05 08:18:23 - [TEST_STEP][PASSED] - clearText(findTestObject("mobileSanity/STM/Page_App Page 3/input__credit-card-cvv")): Text of object 'Object Repository/mobileSanity/STM/Page_App Page 3/input__credit-card-cvv' is cleared

2020-01-05 08:18:23 - [MESSAGE][PASSED] - Text of object 'Object Repository/mobileSanity/STM/Page_App Page 3/input__credit-card-cvv' is cleared

2020-01-05 08:18:23 - [TEST_STEP][PASSED] - setText(findTestObject("mobileSanity/STM/Page_App Page 3/input__credit-card-cvv"), "123"): Text '123' is set on object 'Object Repository/mobileSanity/STM/Page_App Page 3/input__credit-card-cvv'

2020-01-05 08:18:23 - [MESSAGE][PASSED] - Text '123' is set on object 'Object Repository/mobileSanity/STM/Page_App Page 3/input__credit-card-cvv'

2020-01-05 08:18:23 - [TEST_STEP][PASSED] - click(findTestObject("mobileSanity/STM/Page_App Page 3/label_I Accept Authorization f")): Object: 'Object Repository/mobileSanity/STM/Page_App Page 3/label_I Accept Authorization f' is clicked on

2020-01-05 08:18:23 - [MESSAGE][PASSED] - Object: 'Object Repository/mobileSanity/STM/Page_App Page 3/label_I Accept Authorization f' is clicked on

2020-01-05 08:18:23 - [TEST_STEP][PASSED] - click(findTestObject("mobileSanity/STM/Page_App Page 3/a_Continue to Step 4 - Review")): Object: 'Object Repository/mobileSanity/STM/Page_App Page 3/a_Continue to Step 4 - Review' is clicked on

2020-01-05 08:18:24 - [MESSAGE][PASSED] - Object: 'Object Repository/mobileSanity/STM/Page_App Page 3/a_Continue to Step 4 - Review' is clicked on

2020-01-05 08:18:24 - [TEST_STEP][PASSED] - waitForPageLoad(10): Wait for page load successfully

2020-01-05 08:18:24 - [MESSAGE][PASSED] - Wait for page load successfully

2020-01-05 08:18:24 - [TEST_STEP][PASSED] - waitForElementClickable(findTestObject("mobileSanity/STM/Page_App Page 4/label"), 10): Object 'Object Repository/mobileSanity/STM/Page_App Page 4/label' is clickable

2020-01-05 08:18:24 - [MESSAGE][PASSED] - Object 'Object Repository/mobileSanity/STM/Page_App Page 4/label' is clickable

2020-01-05 08:18:24 - [TEST_STEP][PASSED] - Thread.sleep(2000): null

2020-01-05 08:18:26 - [TEST_STEP][PASSED] - callTestCase(findTestCase("AHI/_include/get_screenshot"), [:], STOP_ON_FAILURE): Call Test Case 'Test Cases/AHI/_include/get_screenshot' successfully

2020-01-05 08:18:26 - [TEST_CASE][PASSED] - Test Cases/AHI/_include/get_screenshot: Test Cases/AHI/_include/get_screenshot

2020-01-05 08:18:26 - [TEST_STEP][PASSED] - takeScreenshot(screenPath + i + ".png"): Taking screenshot successfully

2020-01-05 08:18:27 - [MESSAGE][PASSED] - Taking screenshot successfully
[[ATTACHMENT|D:\\Test\\AgileTest\\Reports\\AHI\\stm\\20200105_080028\\../Screenshots/iPhone 6/stm/Slaico/20200105_081724/9.png]]

2020-01-05 08:18:27 - [TEST_STEP][PASSED] - (internal.GlobalVariable.i++): null

2020-01-05 08:18:27 - [MESSAGE][PASSED] - Call Test Case 'Test Cases/AHI/_include/get_screenshot' successfully

2020-01-05 08:18:27 - [TEST_STEP][PASSED] - click(findTestObject("mobileSanity/STM/Page_App Page 4/label")): Object: 'Object Repository/mobileSanity/STM/Page_App Page 4/label' is clicked on

2020-01-05 08:18:27 - [MESSAGE][PASSED] - Object: 'Object Repository/mobileSanity/STM/Page_App Page 4/label' is clicked on

2020-01-05 08:18:27 - [TEST_STEP][PASSED] - click(findTestObject("mobileSanity/STM/Page_App Page 4/div_CLICK TO SIGN")): Object: 'Object Repository/mobileSanity/STM/Page_App Page 4/div_CLICK TO SIGN' is clicked on

2020-01-05 08:18:27 - [MESSAGE][PASSED] - Object: 'Object Repository/mobileSanity/STM/Page_App Page 4/div_CLICK TO SIGN' is clicked on

2020-01-05 08:18:27 - [TEST_STEP][PASSED] - click(findTestObject("mobileSanity/STM/Page_App Page 4/a_Submit Your Application")): Object: 'Object Repository/mobileSanity/STM/Page_App Page 4/a_Submit Your Application' is clicked on

2020-01-05 08:18:27 - [MESSAGE][PASSED] - Object: 'Object Repository/mobileSanity/STM/Page_App Page 4/a_Submit Your Application' is clicked on

2020-01-05 08:18:27 - [TEST_STEP][PASSED] - Thread.sleep(30000): null

2020-01-05 08:18:57 - [TEST_STEP][PASSED] - waitForElementPresent(findTestObject("mobileSanity/STM/Page_App Page 6/app-page-wrapper"), 20): Object 'Object Repository/mobileSanity/STM/Page_App Page 6/app-page-wrapper' is present

2020-01-05 08:18:57 - [MESSAGE][PASSED] - Object 'Object Repository/mobileSanity/STM/Page_App Page 6/app-page-wrapper' is present

2020-01-05 08:18:57 - [TEST_STEP][PASSED] - callTestCase(findTestCase("AHI/_include/get_screenshot"), [:], STOP_ON_FAILURE): Call Test Case 'Test Cases/AHI/_include/get_screenshot' successfully

2020-01-05 08:18:58 - [TEST_CASE][PASSED] - Test Cases/AHI/_include/get_screenshot: Test Cases/AHI/_include/get_screenshot

2020-01-05 08:18:58 - [TEST_STEP][PASSED] - takeScreenshot(screenPath + i + ".png"): Taking screenshot successfully

2020-01-05 08:18:58 - [MESSAGE][PASSED] - Taking screenshot successfully
[[ATTACHMENT|D:\\Test\\AgileTest\\Reports\\AHI\\stm\\20200105_080028\\../Screenshots/iPhone 6/stm/Slaico/20200105_081724/10.png]]

2020-01-05 08:18:58 - [TEST_STEP][PASSED] - (internal.GlobalVariable.i++): null

2020-01-05 08:18:58 - [MESSAGE][PASSED] - Call Test Case 'Test Cases/AHI/_include/get_screenshot' successfully

2020-01-05 08:18:58 - [MESSAGE][PASSED] - Call Test Case 'Test Cases/AHI/_include/goToEnd_stm_autofill' successfully]]></system-out>
         <system-err><![CDATA[]]></system-err>
      </testcase>
      <system-out><![CDATA[2020-01-05 08:08:03 - [TEST_SUITE][PASSED] - stm: Test Cases/AHI/stm/Slaico]]></system-out>
      <system-err><![CDATA[]]></system-err>
   </testsuite>
</testsuites>
