<?xml version="1.0" encoding="UTF-8"?>
<testsuites name="hbi" time="814" tests="8" failures="0" errors="0">
   <testsuite name="hbi" tests="8" failures="0" errors="0" time="814" timestamp="2019-12-10 08:10:24" hostname="Administrator - 172.30.0.53" id="Test Suites/AHI/hbi">
      <properties>
         <property name="deviceName" value=""/>
         <property name="devicePlatform" value=""/>
         <property name="logFolder" value="D:\\Test\\AgileTest\\Reports\\AHI\\hbi\\20191210_080033"/>
         <property name="logFiles" value="D:\\Test\\AgileTest\\Reports\\AHI\\hbi\\20191210_080033\\execution0.log"/>
         <property name="attachments" value="D:\\Test\\AgileTest\\Reports\\AHI\\hbi\\20191210_080033\\../Screenshots/iPhone 6/hbi/Agile One/20191210_081025/0.png, D:\\Test\\AgileTest\\Reports\\AHI\\hbi\\20191210_080033\\../Screenshots/iPhone 6/hbi/Agile One/20191210_081025/1.png, D:\\Test\\AgileTest\\Reports\\AHI\\hbi\\20191210_080033\\../Screenshots/iPhone 6/hbi/Agile One/20191210_081025/2.png, D:\\Test\\AgileTest\\Reports\\AHI\\hbi\\20191210_080033\\../Screenshots/iPhone 6/hbi/Agile One/20191210_081025/3.png, D:\\Test\\AgileTest\\Reports\\AHI\\hbi\\20191210_080033\\../Screenshots/iPhone 6/hbi/Agile One/20191210_081025/4.png, D:\\Test\\AgileTest\\Reports\\AHI\\hbi\\20191210_080033\\../Screenshots/iPhone 6/hbi/Agile One/20191210_081025/5.png, D:\\Test\\AgileTest\\Reports\\AHI\\hbi\\20191210_080033\\../Screenshots/iPhone 6/hbi/Agile One/20191210_081025/6.png, D:\\Test\\AgileTest\\Reports\\AHI\\hbi\\20191210_080033\\../Screenshots/iPhone 6/hbi/Agile One/20191210_081025/7.png, D:\\Test\\AgileTest\\Reports\\AHI\\hbi\\20191210_080033\\../Screenshots/iPhone 6/hbi/Agile One/20191210_081025/8.png, D:\\Test\\AgileTest\\Reports\\AHI\\hbi\\20191210_080033\\../Screenshots/iPhone 6/hbi/Agile One/20191210_081025/9.png, D:\\Test\\AgileTest\\Reports\\AHI\\hbi\\20191210_080033\\../Screenshots/iPhone 6/hbi/Legion Limited Medical/20191210_081209/0.png, D:\\Test\\AgileTest\\Reports\\AHI\\hbi\\20191210_080033\\../Screenshots/iPhone 6/hbi/Legion Limited Medical/20191210_081209/1.png, D:\\Test\\AgileTest\\Reports\\AHI\\hbi\\20191210_080033\\../Screenshots/iPhone 6/hbi/Legion Limited Medical/20191210_081209/2.png, D:\\Test\\AgileTest\\Reports\\AHI\\hbi\\20191210_080033\\../Screenshots/iPhone 6/hbi/Legion Limited Medical/20191210_081209/3.png, D:\\Test\\AgileTest\\Reports\\AHI\\hbi\\20191210_080033\\../Screenshots/iPhone 6/hbi/Legion Limited Medical/20191210_081209/4.png, D:\\Test\\AgileTest\\Reports\\AHI\\hbi\\20191210_080033\\../Screenshots/iPhone 6/hbi/Legion Limited Medical/20191210_081209/5.png, D:\\Test\\AgileTest\\Reports\\AHI\\hbi\\20191210_080033\\../Screenshots/iPhone 6/hbi/Legion Limited Medical/20191210_081209/6.png, D:\\Test\\AgileTest\\Reports\\AHI\\hbi\\20191210_080033\\../Screenshots/iPhone 6/hbi/Legion Limited Medical/20191210_081209/7.png, D:\\Test\\AgileTest\\Reports\\AHI\\hbi\\20191210_080033\\../Screenshots/iPhone 6/hbi/Legion Limited Medical/20191210_081209/8.png, D:\\Test\\AgileTest\\Reports\\AHI\\hbi\\20191210_080033\\../Screenshots/iPhone 6/hbi/Legion Limited Medical/20191210_081209/9.png, D:\\Test\\AgileTest\\Reports\\AHI\\hbi\\20191210_080033\\../Screenshots/iPhone 6/hbi/Cardinal Choice/20191210_081343/0.png, D:\\Test\\AgileTest\\Reports\\AHI\\hbi\\20191210_080033\\../Screenshots/iPhone 6/hbi/Cardinal Choice/20191210_081343/1.png, D:\\Test\\AgileTest\\Reports\\AHI\\hbi\\20191210_080033\\../Screenshots/iPhone 6/hbi/Cardinal Choice/20191210_081343/2.png, D:\\Test\\AgileTest\\Reports\\AHI\\hbi\\20191210_080033\\../Screenshots/iPhone 6/hbi/Cardinal Choice/20191210_081343/3.png, D:\\Test\\AgileTest\\Reports\\AHI\\hbi\\20191210_080033\\../Screenshots/iPhone 6/hbi/Cardinal Choice/20191210_081343/4.png, D:\\Test\\AgileTest\\Reports\\AHI\\hbi\\20191210_080033\\../Screenshots/iPhone 6/hbi/Cardinal Choice/20191210_081343/5.png, D:\\Test\\AgileTest\\Reports\\AHI\\hbi\\20191210_080033\\../Screenshots/iPhone 6/hbi/Cardinal Choice/20191210_081343/6.png, D:\\Test\\AgileTest\\Reports\\AHI\\hbi\\20191210_080033\\../Screenshots/iPhone 6/hbi/Cardinal Choice/20191210_081343/7.png, D:\\Test\\AgileTest\\Reports\\AHI\\hbi\\20191210_080033\\../Screenshots/iPhone 6/hbi/Cardinal Choice/20191210_081343/8.png, D:\\Test\\AgileTest\\Reports\\AHI\\hbi\\20191210_080033\\../Screenshots/iPhone 6/hbi/Cardinal Choice/20191210_081343/9.png, D:\\Test\\AgileTest\\Reports\\AHI\\hbi\\20191210_080033\\../Screenshots/iPhone 6/hbi/Core Shield/20191210_081519/0.png, D:\\Test\\AgileTest\\Reports\\AHI\\hbi\\20191210_080033\\../Screenshots/iPhone 6/hbi/Core Shield/20191210_081519/1.png, D:\\Test\\AgileTest\\Reports\\AHI\\hbi\\20191210_080033\\../Screenshots/iPhone 6/hbi/Core Shield/20191210_081519/2.png, D:\\Test\\AgileTest\\Reports\\AHI\\hbi\\20191210_080033\\../Screenshots/iPhone 6/hbi/Core Shield/20191210_081519/3.png, D:\\Test\\AgileTest\\Reports\\AHI\\hbi\\20191210_080033\\../Screenshots/iPhone 6/hbi/Core Shield/20191210_081519/4.png, D:\\Test\\AgileTest\\Reports\\AHI\\hbi\\20191210_080033\\../Screenshots/iPhone 6/hbi/Core Shield/20191210_081519/5.png, D:\\Test\\AgileTest\\Reports\\AHI\\hbi\\20191210_080033\\../Screenshots/iPhone 6/hbi/Core Shield/20191210_081519/6.png, D:\\Test\\AgileTest\\Reports\\AHI\\hbi\\20191210_080033\\../Screenshots/iPhone 6/hbi/Core Shield/20191210_081519/7.png, D:\\Test\\AgileTest\\Reports\\AHI\\hbi\\20191210_080033\\../Screenshots/iPhone 6/hbi/Core Shield/20191210_081519/8.png, D:\\Test\\AgileTest\\Reports\\AHI\\hbi\\20191210_080033\\../Screenshots/iPhone 6/hbi/Core Shield/20191210_081519/9.png, D:\\Test\\AgileTest\\Reports\\AHI\\hbi\\20191210_080033\\../Screenshots/iPhone 6/hbi/Agile Secure/20191210_081658/0.png, D:\\Test\\AgileTest\\Reports\\AHI\\hbi\\20191210_080033\\../Screenshots/iPhone 6/hbi/Agile Secure/20191210_081658/1.png, D:\\Test\\AgileTest\\Reports\\AHI\\hbi\\20191210_080033\\../Screenshots/iPhone 6/hbi/Agile Secure/20191210_081658/2.png, D:\\Test\\AgileTest\\Reports\\AHI\\hbi\\20191210_080033\\../Screenshots/iPhone 6/hbi/Agile Secure/20191210_081658/3.png, D:\\Test\\AgileTest\\Reports\\AHI\\hbi\\20191210_080033\\../Screenshots/iPhone 6/hbi/Agile Secure/20191210_081658/4.png, D:\\Test\\AgileTest\\Reports\\AHI\\hbi\\20191210_080033\\../Screenshots/iPhone 6/hbi/Agile Secure/20191210_081658/5.png, D:\\Test\\AgileTest\\Reports\\AHI\\hbi\\20191210_080033\\../Screenshots/iPhone 6/hbi/Agile Secure/20191210_081658/6.png, D:\\Test\\AgileTest\\Reports\\AHI\\hbi\\20191210_080033\\../Screenshots/iPhone 6/hbi/Agile Secure/20191210_081658/7.png, D:\\Test\\AgileTest\\Reports\\AHI\\hbi\\20191210_080033\\../Screenshots/iPhone 6/hbi/Agile Secure/20191210_081658/8.png, D:\\Test\\AgileTest\\Reports\\AHI\\hbi\\20191210_080033\\../Screenshots/iPhone 6/hbi/Fixed Cash Benefit/20191210_081849/0.png, D:\\Test\\AgileTest\\Reports\\AHI\\hbi\\20191210_080033\\../Screenshots/iPhone 6/hbi/Fixed Cash Benefit/20191210_081849/1.png, D:\\Test\\AgileTest\\Reports\\AHI\\hbi\\20191210_080033\\../Screenshots/iPhone 6/hbi/Fixed Cash Benefit/20191210_081849/2.png, D:\\Test\\AgileTest\\Reports\\AHI\\hbi\\20191210_080033\\../Screenshots/iPhone 6/hbi/Fixed Cash Benefit/20191210_081849/3.png, D:\\Test\\AgileTest\\Reports\\AHI\\hbi\\20191210_080033\\../Screenshots/iPhone 6/hbi/Fixed Cash Benefit/20191210_081849/4.png, D:\\Test\\AgileTest\\Reports\\AHI\\hbi\\20191210_080033\\../Screenshots/iPhone 6/hbi/Fixed Cash Benefit/20191210_081849/5.png, D:\\Test\\AgileTest\\Reports\\AHI\\hbi\\20191210_080033\\../Screenshots/iPhone 6/hbi/Fixed Cash Benefit/20191210_081849/6.png, D:\\Test\\AgileTest\\Reports\\AHI\\hbi\\20191210_080033\\../Screenshots/iPhone 6/hbi/Fixed Cash Benefit/20191210_081849/7.png, D:\\Test\\AgileTest\\Reports\\AHI\\hbi\\20191210_080033\\../Screenshots/iPhone 6/hbi/Fixed Cash Benefit/20191210_081849/8.png, D:\\Test\\AgileTest\\Reports\\AHI\\hbi\\20191210_080033\\../Screenshots/iPhone 6/hbi/Fixed Cash Benefit/20191210_081849/9.png, D:\\Test\\AgileTest\\Reports\\AHI\\hbi\\20191210_080033\\../Screenshots/iPhone 6/hbi/Health Choice/20191210_082028/0.png, D:\\Test\\AgileTest\\Reports\\AHI\\hbi\\20191210_080033\\../Screenshots/iPhone 6/hbi/Health Choice/20191210_082028/1.png, D:\\Test\\AgileTest\\Reports\\AHI\\hbi\\20191210_080033\\../Screenshots/iPhone 6/hbi/Health Choice/20191210_082028/2.png, D:\\Test\\AgileTest\\Reports\\AHI\\hbi\\20191210_080033\\../Screenshots/iPhone 6/hbi/Health Choice/20191210_082028/3.png, D:\\Test\\AgileTest\\Reports\\AHI\\hbi\\20191210_080033\\../Screenshots/iPhone 6/hbi/Health Choice/20191210_082028/4.png, D:\\Test\\AgileTest\\Reports\\AHI\\hbi\\20191210_080033\\../Screenshots/iPhone 6/hbi/Health Choice/20191210_082028/5.png, D:\\Test\\AgileTest\\Reports\\AHI\\hbi\\20191210_080033\\../Screenshots/iPhone 6/hbi/Health Choice/20191210_082028/6.png, D:\\Test\\AgileTest\\Reports\\AHI\\hbi\\20191210_080033\\../Screenshots/iPhone 6/hbi/Health Choice/20191210_082028/7.png, D:\\Test\\AgileTest\\Reports\\AHI\\hbi\\20191210_080033\\../Screenshots/iPhone 6/hbi/Health Choice/20191210_082028/8.png, D:\\Test\\AgileTest\\Reports\\AHI\\hbi\\20191210_080033\\../Screenshots/iPhone 6/hbi/Health Choice/20191210_082028/9.png, D:\\Test\\AgileTest\\Reports\\AHI\\hbi\\20191210_080033\\../Screenshots/iPhone 6/hbi/Vitala Care/20191210_082203/0.png, D:\\Test\\AgileTest\\Reports\\AHI\\hbi\\20191210_080033\\../Screenshots/iPhone 6/hbi/Vitala Care/20191210_082203/1.png, D:\\Test\\AgileTest\\Reports\\AHI\\hbi\\20191210_080033\\../Screenshots/iPhone 6/hbi/Vitala Care/20191210_082203/2.png, D:\\Test\\AgileTest\\Reports\\AHI\\hbi\\20191210_080033\\../Screenshots/iPhone 6/hbi/Vitala Care/20191210_082203/3.png, D:\\Test\\AgileTest\\Reports\\AHI\\hbi\\20191210_080033\\../Screenshots/iPhone 6/hbi/Vitala Care/20191210_082203/4.png, D:\\Test\\AgileTest\\Reports\\AHI\\hbi\\20191210_080033\\../Screenshots/iPhone 6/hbi/Vitala Care/20191210_082203/5.png, D:\\Test\\AgileTest\\Reports\\AHI\\hbi\\20191210_080033\\../Screenshots/iPhone 6/hbi/Vitala Care/20191210_082203/6.png, D:\\Test\\AgileTest\\Reports\\AHI\\hbi\\20191210_080033\\../Screenshots/iPhone 6/hbi/Vitala Care/20191210_082203/7.png, D:\\Test\\AgileTest\\Reports\\AHI\\hbi\\20191210_080033\\../Screenshots/iPhone 6/hbi/Vitala Care/20191210_082203/8.png, D:\\Test\\AgileTest\\Reports\\AHI\\hbi\\20191210_080033\\../Screenshots/iPhone 6/hbi/Vitala Care/20191210_082203/9.png, D:\\Test\\AgileTest\\Reports\\AHI\\hbi\\20191210_080033\\../Screenshots/iPhone 6/hbi/Vitala Care/20191210_082203/10.png"/>
         <property name="hostName" value="Administrator - 172.30.0.53"/>
         <property name="os" value="Windows Server 2012 R2 64bit"/>
         <property name="katalonVersion" value="5.10.1.1"/>
         <property name="browser" value="Safari 11"/>
         <property name="hostAddress" value="172.30.0.53"/>
         <property name="sessionId" value="a1f9997869c20f8717f1ece46286e1b8"/>
         <property name="seleniumVersion" value="3.7.1"/>
         <property name="proxyInformation" value="ProxyInformation{proxyOption=NO_PROXY, proxyServerType=HTTP, password=, proxyServerAddress=, proxyServerPort=0}"/>
         <property name="platform" value="Windows Server 2012 R2"/>
      </properties>
      <testcase name="Test Cases/AHI/HBI/Agile One" classname="Test Cases/AHI/HBI/Agile One" status="PASSED">
         <system-out><![CDATA[2019-12-10 08:10:24 - [TEST_CASE][PASSED] - Test Cases/AHI/HBI/Agile One: Test Cases/AHI/HBI/Agile One

2019-12-10 08:10:25 - [TEST_STEP][PASSED] - callTestCase(findTestCase("AHI/_include/get_screenPath"), ["productLine":"hbi", "carrierName":"Agile One"], CONTINUE_ON_FAILURE): Call Test Case 'Test Cases/AHI/_include/get_screenPath' successfully

2019-12-10 08:10:25 - [TEST_CASE][PASSED] - Test Cases/AHI/_include/get_screenPath: Test Cases/AHI/_include/get_screenPath

2019-12-10 08:10:25 - [TEST_STEP][PASSED] - m = getExecutionProperties(): null

2019-12-10 08:10:25 - [TEST_STEP][PASSED] - deviceName = get("mobileEmulation").get("deviceName"): null

2019-12-10 08:10:25 - [TEST_STEP][PASSED] - println(deviceName): null

2019-12-10 08:10:25 - [TEST_STEP][PASSED] - now = new java.util.Date(): null

2019-12-10 08:10:25 - [TEST_STEP][PASSED] - mydate = now.format("yyyyMMdd_HHmmss"): null

2019-12-10 08:10:25 - [TEST_STEP][PASSED] - screenPath = "../Screenshots/": null

2019-12-10 08:10:25 - [TEST_STEP][PASSED] - screenPath = screenPath + deviceName + "/" + productLine + "/" + carrierName + "/" + mydate + "/": null

2019-12-10 08:10:25 - [TEST_STEP][PASSED] - println(screenPath): null

2019-12-10 08:10:25 - [MESSAGE][PASSED] - Call Test Case 'Test Cases/AHI/_include/get_screenPath' successfully

2019-12-10 08:10:25 - [TEST_STEP][PASSED] - i = 0: null

2019-12-10 08:10:25 - [TEST_STEP][PASSED] - callTestCase(findTestCase("AHI/_include/openWebSite"), [:], CONTINUE_ON_FAILURE): Call Test Case 'Test Cases/AHI/_include/openWebSite' successfully

2019-12-10 08:10:25 - [TEST_CASE][PASSED] - Test Cases/AHI/_include/openWebSite: Test Cases/AHI/_include/openWebSite

2019-12-10 08:10:25 - [TEST_STEP][PASSED] - openBrowser(env): Browser is opened with url: 'https://praetemptatus.agilehealthinsurance.com'

2019-12-10 08:10:26 - [MESSAGE][INFO] - Starting 'Chrome' driver

2019-12-10 08:10:26 - [MESSAGE][INFO] - User set preference: ['mobileEmulation', '{deviceName=iPhone 6}']

2019-12-10 08:10:26 - [MESSAGE][INFO] - User set preference: ['args', '[--incognito, --aggressive-cache-discard, --window-size=375,677, --no-sandbox]']

2019-12-10 08:10:26 - [MESSAGE][INFO] - Action delay is set to 0 seconds

2019-12-10 08:10:30 - [MESSAGE][PASSED] - Browser is opened with url: 'https://praetemptatus.agilehealthinsurance.com'

2019-12-10 08:10:30 - [TEST_STEP][PASSED] - waitForPageLoad(20): Wait for page load successfully

2019-12-10 08:10:31 - [MESSAGE][PASSED] - Wait for page load successfully

2019-12-10 08:10:31 - [TEST_STEP][PASSED] - callTestCase(findTestCase("AHI/_include/get_screenshot"), [:], STOP_ON_FAILURE): Call Test Case 'Test Cases/AHI/_include/get_screenshot' successfully

2019-12-10 08:10:31 - [TEST_CASE][PASSED] - Test Cases/AHI/_include/get_screenshot: Test Cases/AHI/_include/get_screenshot

2019-12-10 08:10:32 - [TEST_STEP][PASSED] - takeScreenshot(screenPath + i + ".png"): Taking screenshot successfully

2019-12-10 08:10:33 - [MESSAGE][PASSED] - Taking screenshot successfully
[[ATTACHMENT|D:\\Test\\AgileTest\\Reports\\AHI\\hbi\\20191210_080033\\../Screenshots/iPhone 6/hbi/Agile One/20191210_081025/0.png]]

2019-12-10 08:10:33 - [TEST_STEP][PASSED] - (internal.GlobalVariable.i++): null

2019-12-10 08:10:33 - [MESSAGE][PASSED] - Call Test Case 'Test Cases/AHI/_include/get_screenshot' successfully

2019-12-10 08:10:33 - [MESSAGE][PASSED] - Call Test Case 'Test Cases/AHI/_include/openWebSite' successfully

2019-12-10 08:10:33 - [TEST_STEP][PASSED] - callTestCase(findTestCase("AHI/_include/census_hbi"), [:], CONTINUE_ON_FAILURE): Call Test Case 'Test Cases/AHI/_include/census_hbi' successfully

2019-12-10 08:10:33 - [TEST_CASE][PASSED] - Test Cases/AHI/_include/census_hbi: Test Cases/AHI/_include/census_hbi

2019-12-10 08:10:34 - [TEST_STEP][PASSED] - click(findTestObject("mobileSanity/Common/side_nav/menu")): Object: 'Object Repository/mobileSanity/Common/side_nav/menu' is clicked on

2019-12-10 08:10:34 - [MESSAGE][PASSED] - Object: 'Object Repository/mobileSanity/Common/side_nav/menu' is clicked on

2019-12-10 08:10:34 - [TEST_STEP][PASSED] - Thread.sleep(3000): null

2019-12-10 08:10:37 - [TEST_STEP][PASSED] - callTestCase(findTestCase("AHI/_include/get_screenshot"), [:], STOP_ON_FAILURE): Call Test Case 'Test Cases/AHI/_include/get_screenshot' successfully

2019-12-10 08:10:37 - [TEST_CASE][PASSED] - Test Cases/AHI/_include/get_screenshot: Test Cases/AHI/_include/get_screenshot

2019-12-10 08:10:37 - [TEST_STEP][PASSED] - takeScreenshot(screenPath + i + ".png"): Taking screenshot successfully

2019-12-10 08:10:38 - [MESSAGE][PASSED] - Taking screenshot successfully
[[ATTACHMENT|D:\\Test\\AgileTest\\Reports\\AHI\\hbi\\20191210_080033\\../Screenshots/iPhone 6/hbi/Agile One/20191210_081025/1.png]]

2019-12-10 08:10:38 - [TEST_STEP][PASSED] - (internal.GlobalVariable.i++): null

2019-12-10 08:10:38 - [MESSAGE][PASSED] - Call Test Case 'Test Cases/AHI/_include/get_screenshot' successfully

2019-12-10 08:10:38 - [TEST_STEP][PASSED] - click(findTestObject("mobileSanity/Common/side_nav/nav_hbi")): Object: 'Object Repository/mobileSanity/Common/side_nav/nav_hbi' is clicked on

2019-12-10 08:10:39 - [MESSAGE][PASSED] - Object: 'Object Repository/mobileSanity/Common/side_nav/nav_hbi' is clicked on

2019-12-10 08:10:39 - [TEST_STEP][PASSED] - waitForPageLoad(10): Wait for page load successfully

2019-12-10 08:10:40 - [MESSAGE][PASSED] - Wait for page load successfully

2019-12-10 08:10:40 - [TEST_STEP][PASSED] - Thread.sleep(3000): null

2019-12-10 08:10:43 - [TEST_STEP][PASSED] - callTestCase(findTestCase("AHI/_include/get_screenshot"), [:], STOP_ON_FAILURE): Call Test Case 'Test Cases/AHI/_include/get_screenshot' successfully

2019-12-10 08:10:43 - [TEST_CASE][PASSED] - Test Cases/AHI/_include/get_screenshot: Test Cases/AHI/_include/get_screenshot

2019-12-10 08:10:43 - [TEST_STEP][PASSED] - takeScreenshot(screenPath + i + ".png"): Taking screenshot successfully

2019-12-10 08:10:43 - [MESSAGE][PASSED] - Taking screenshot successfully
[[ATTACHMENT|D:\\Test\\AgileTest\\Reports\\AHI\\hbi\\20191210_080033\\../Screenshots/iPhone 6/hbi/Agile One/20191210_081025/2.png]]

2019-12-10 08:10:43 - [TEST_STEP][PASSED] - (internal.GlobalVariable.i++): null

2019-12-10 08:10:43 - [MESSAGE][PASSED] - Call Test Case 'Test Cases/AHI/_include/get_screenshot' successfully

2019-12-10 08:10:43 - [TEST_STEP][PASSED] - setText(findTestObject("mobileSanity/HBI/census/input_Location_zip-input"), zipcode): Text '35215' is set on object 'Object Repository/mobileSanity/HBI/census/input_Location_zip-input'

2019-12-10 08:10:43 - [MESSAGE][PASSED] - Text '35215' is set on object 'Object Repository/mobileSanity/HBI/census/input_Location_zip-input'

2019-12-10 08:10:43 - [TEST_STEP][PASSED] - Thread.sleep(500): null

2019-12-10 08:10:44 - [TEST_STEP][PASSED] - setText(findTestObject("mobileSanity/HBI/census/input_Date of Birth_dob-0"), "12121980"): Text '12121980' is set on object 'Object Repository/mobileSanity/HBI/census/input_Date of Birth_dob-0'

2019-12-10 08:10:44 - [MESSAGE][PASSED] - Text '12121980' is set on object 'Object Repository/mobileSanity/HBI/census/input_Date of Birth_dob-0'

2019-12-10 08:10:44 - [TEST_STEP][PASSED] - click(findTestObject("mobileSanity/HBI/census/label_Male")): Object: 'Object Repository/mobileSanity/HBI/census/label_Male' is clicked on

2019-12-10 08:10:44 - [MESSAGE][PASSED] - Object: 'Object Repository/mobileSanity/HBI/census/label_Male' is clicked on

2019-12-10 08:10:44 - [TEST_STEP][PASSED] - click(findTestObject("mobileSanity/HBI/census/label_Get a Quote")): Object: 'Object Repository/mobileSanity/HBI/census/label_Get a Quote' is clicked on

2019-12-10 08:10:46 - [MESSAGE][PASSED] - Object: 'Object Repository/mobileSanity/HBI/census/label_Get a Quote' is clicked on

2019-12-10 08:10:46 - [TEST_STEP][PASSED] - waitForPageLoad(20): Wait for page load successfully

2019-12-10 08:10:47 - [MESSAGE][PASSED] - Wait for page load successfully

2019-12-10 08:10:47 - [TEST_STEP][PASSED] - Thread.sleep(3000): null

2019-12-10 08:10:50 - [TEST_STEP][PASSED] - callTestCase(findTestCase("AHI/_include/check_quoteleadform"), [:], STOP_ON_FAILURE): Call Test Case 'Test Cases/AHI/_include/check_quoteleadform' successfully

2019-12-10 08:10:50 - [TEST_CASE][PASSED] - Test Cases/AHI/_include/check_quoteleadform: Test Cases/AHI/_include/check_quoteleadform

2019-12-10 08:10:50 - [TEST_STEP][PASSED] - callTestCase(findTestCase("AHI/_include/name"), [:], CONTINUE_ON_FAILURE): Call Test Case 'Test Cases/AHI/_include/name' successfully

2019-12-10 08:10:50 - [TEST_CASE][PASSED] - Test Cases/AHI/_include/name: Test Cases/AHI/_include/name

2019-12-10 08:10:51 - [TEST_STEP][PASSED] - driver = getWebDriver(): null

2019-12-10 08:10:51 - [TEST_STEP][PASSED] - selenium = new com.thoughtworks.selenium.webdriven.WebDriverBackedSelenium(driver, internal.GlobalVariable.ENV): null

2019-12-10 08:10:51 - [TEST_STEP][PASSED] - FirstName = "Test-123": null

2019-12-10 08:10:51 - [TEST_STEP][PASSED] - LastName = selenium.getEval("{var x="ABCDEFGHIJKLMNOPQRSTUVWXYZabcdefghijklmnopqrstuvwxyz"; var tmp="ZZ11-"; for (i=0;i<8;i++) tmp+=x.charAt(Math.ceil(51*Math.random()));tmp;}"): null

2019-12-10 08:10:51 - [TEST_STEP][PASSED] - Address = selenium.getEval("{var x="ABCDEFGHIJKLMNOPQRSTUVWXYZabcdefghijklmnopqrstuvwxyz"; var tmp=""; for (i=0;i<8;i++) tmp+=x.charAt(Math.ceil(51*Math.random()));tmp;}"): null

2019-12-10 08:10:51 - [TEST_STEP][PASSED] - City = selenium.getEval("{var x="ABCDEFGHIJKLMNOPQRSTUVWXYZabcdefghijklmnopqrstuvwxyz"; var tmp=""; for (i=0;i<8;i++) tmp+=x.charAt(Math.ceil(51*Math.random()));tmp;}"): null

2019-12-10 08:10:52 - [TEST_STEP][PASSED] - tel1 = selenium.getEval("{var x="123456789"; var tmp=""; for (i=0;i<3;i++) tmp+=x.charAt(Math.ceil(8*Math.random()));tmp;}"): null

2019-12-10 08:10:52 - [TEST_STEP][PASSED] - tel2 = selenium.getEval("{var x="123456789"; var tmp=""; for (i=0;i<3;i++) tmp+=x.charAt(Math.ceil(8*Math.random()));tmp;}"): null

2019-12-10 08:10:52 - [TEST_STEP][PASSED] - tel3 = selenium.getEval("{var x="123456789"; var tmp=""; for (i=0;i<4;i++) tmp+=x.charAt(Math.ceil(8*Math.random()));tmp;}"): null

2019-12-10 08:10:52 - [TEST_STEP][PASSED] - Tel = selenium.getExpression(tel1 + "-" + tel2 + "-" + tel3): null

2019-12-10 08:10:52 - [TEST_STEP][PASSED] - AutoEmail = selenium.getEval("{var x="ABCDEFGHIJKLMNOPQRSTUVWXYZabcdefghijklmnopqrstuvwxyz"; var tmp="test."; for (i=0;i<8;i++) tmp+=x.charAt(Math.ceil(51*Math.random()));tmp+="@suryani.cn";}"): null

2019-12-10 08:10:52 - [TEST_STEP][PASSED] - FirstName = FirstName: null

2019-12-10 08:10:52 - [TEST_STEP][PASSED] - LastName = LastName: null

2019-12-10 08:10:52 - [TEST_STEP][PASSED] - Address = Address: null

2019-12-10 08:10:52 - [TEST_STEP][PASSED] - City = City: null

2019-12-10 08:10:52 - [TEST_STEP][PASSED] - Tel = Tel: null

2019-12-10 08:10:52 - [TEST_STEP][PASSED] - AutoEmail = AutoEmail: null

2019-12-10 08:10:52 - [TEST_STEP][PASSED] - println(FirstName): null

2019-12-10 08:10:52 - [TEST_STEP][PASSED] - println(LastName): null

2019-12-10 08:10:52 - [TEST_STEP][PASSED] - println(Address): null

2019-12-10 08:10:52 - [TEST_STEP][PASSED] - println(City): null

2019-12-10 08:10:52 - [TEST_STEP][PASSED] - println(Tel): null

2019-12-10 08:10:52 - [TEST_STEP][PASSED] - println(AutoEmail): null

2019-12-10 08:10:52 - [MESSAGE][PASSED] - Call Test Case 'Test Cases/AHI/_include/name' successfully

2019-12-10 08:10:52 - [TEST_STEP][PASSED] - leadform_exist = test.MobileKeywords.isElementPresent_Web(findTestObject("mobileSanity/quote lead form/lead_form"), 20): test.MobileKeywords.isElementPresent_Web is PASSED

2019-12-10 08:10:52 - [MESSAGE][PASSED] - test.MobileKeywords.isElementPresent_Web is PASSED

2019-12-10 08:10:52 - [TEST_STEP][PASSED] - if (leadform_exist): null

2019-12-10 08:10:52 - [TEST_STEP][PASSED] - setText(findTestObject("mobileSanity/quote lead form/first"), FirstName): Text 'Test-123' is set on object 'Object Repository/mobileSanity/quote lead form/first'

2019-12-10 08:10:52 - [MESSAGE][PASSED] - Text 'Test-123' is set on object 'Object Repository/mobileSanity/quote lead form/first'

2019-12-10 08:10:52 - [TEST_STEP][PASSED] - setText(findTestObject("mobileSanity/quote lead form/last"), LastName): Text 'ZZ11-rmXlMceb' is set on object 'Object Repository/mobileSanity/quote lead form/last'

2019-12-10 08:10:53 - [MESSAGE][PASSED] - Text 'ZZ11-rmXlMceb' is set on object 'Object Repository/mobileSanity/quote lead form/last'

2019-12-10 08:10:53 - [TEST_STEP][PASSED] - setText(findTestObject("mobileSanity/quote lead form/email"), AutoEmail): Text 'test.HYdrHWLU@suryani.cn' is set on object 'Object Repository/mobileSanity/quote lead form/email'

2019-12-10 08:10:53 - [MESSAGE][PASSED] - Text 'test.HYdrHWLU@suryani.cn' is set on object 'Object Repository/mobileSanity/quote lead form/email'

2019-12-10 08:10:53 - [TEST_STEP][PASSED] - setText(findTestObject("mobileSanity/quote lead form/phone"), Tel): Text '986-369-6453' is set on object 'Object Repository/mobileSanity/quote lead form/phone'

2019-12-10 08:10:53 - [MESSAGE][PASSED] - Text '986-369-6453' is set on object 'Object Repository/mobileSanity/quote lead form/phone'

2019-12-10 08:10:53 - [TEST_STEP][PASSED] - click(findTestObject("mobileSanity/quote lead form/submit")): Object: 'Object Repository/mobileSanity/quote lead form/submit' is clicked on

2019-12-10 08:10:53 - [MESSAGE][PASSED] - Object: 'Object Repository/mobileSanity/quote lead form/submit' is clicked on

2019-12-10 08:10:53 - [TEST_STEP][PASSED] - Thread.sleep(3000): null

2019-12-10 08:10:56 - [MESSAGE][PASSED] - Call Test Case 'Test Cases/AHI/_include/check_quoteleadform' successfully

2019-12-10 08:10:56 - [TEST_STEP][PASSED] - callTestCase(findTestCase("AHI/_include/get_screenshot"), [:], STOP_ON_FAILURE): Call Test Case 'Test Cases/AHI/_include/get_screenshot' successfully

2019-12-10 08:10:56 - [TEST_CASE][PASSED] - Test Cases/AHI/_include/get_screenshot: Test Cases/AHI/_include/get_screenshot

2019-12-10 08:10:56 - [TEST_STEP][PASSED] - takeScreenshot(screenPath + i + ".png"): Taking screenshot successfully

2019-12-10 08:10:57 - [MESSAGE][PASSED] - Taking screenshot successfully
[[ATTACHMENT|D:\\Test\\AgileTest\\Reports\\AHI\\hbi\\20191210_080033\\../Screenshots/iPhone 6/hbi/Agile One/20191210_081025/3.png]]

2019-12-10 08:10:57 - [TEST_STEP][PASSED] - (internal.GlobalVariable.i++): null

2019-12-10 08:10:57 - [MESSAGE][PASSED] - Call Test Case 'Test Cases/AHI/_include/get_screenshot' successfully

2019-12-10 08:10:57 - [MESSAGE][PASSED] - Call Test Case 'Test Cases/AHI/_include/census_hbi' successfully

2019-12-10 08:10:57 - [TEST_STEP][PASSED] - Thread.sleep(5000): null

2019-12-10 08:11:02 - [TEST_STEP][PASSED] - scrollToPosition(200, 2300): Browser is scrolled to position x = 200, y = 2300

2019-12-10 08:11:02 - [MESSAGE][PASSED] - Browser is scrolled to position x = 200, y = 2300

2019-12-10 08:11:02 - [TEST_STEP][PASSED] - click(findTestObject("mobileSanity/HBI/quote/a_Agile One 750")): Object: 'Object Repository/mobileSanity/HBI/quote/a_Agile One 750' is clicked on

2019-12-10 08:11:03 - [MESSAGE][PASSED] - Object: 'Object Repository/mobileSanity/HBI/quote/a_Agile One 750' is clicked on

2019-12-10 08:11:03 - [TEST_STEP][PASSED] - waitForPageLoad(20): Wait for page load successfully

2019-12-10 08:11:04 - [MESSAGE][PASSED] - Wait for page load successfully

2019-12-10 08:11:04 - [TEST_STEP][PASSED] - waitForElementPresent(findTestObject("mobileSanity/HBI/detail/a_Apply for This Plan"), 20): Object 'Object Repository/mobileSanity/HBI/detail/a_Apply for This Plan' is present

2019-12-10 08:11:04 - [MESSAGE][PASSED] - Object 'Object Repository/mobileSanity/HBI/detail/a_Apply for This Plan' is present

2019-12-10 08:11:04 - [TEST_STEP][PASSED] - callTestCase(findTestCase("AHI/_include/get_screenshot"), [:], STOP_ON_FAILURE): Call Test Case 'Test Cases/AHI/_include/get_screenshot' successfully

2019-12-10 08:11:04 - [TEST_CASE][PASSED] - Test Cases/AHI/_include/get_screenshot: Test Cases/AHI/_include/get_screenshot

2019-12-10 08:11:04 - [TEST_STEP][PASSED] - takeScreenshot(screenPath + i + ".png"): Taking screenshot successfully

2019-12-10 08:11:05 - [MESSAGE][PASSED] - Taking screenshot successfully
[[ATTACHMENT|D:\\Test\\AgileTest\\Reports\\AHI\\hbi\\20191210_080033\\../Screenshots/iPhone 6/hbi/Agile One/20191210_081025/4.png]]

2019-12-10 08:11:05 - [TEST_STEP][PASSED] - (internal.GlobalVariable.i++): null

2019-12-10 08:11:05 - [MESSAGE][PASSED] - Call Test Case 'Test Cases/AHI/_include/get_screenshot' successfully

2019-12-10 08:11:05 - [TEST_STEP][PASSED] - click(findTestObject("mobileSanity/HBI/detail/a_Apply for This Plan")): Object: 'Object Repository/mobileSanity/HBI/detail/a_Apply for This Plan' is clicked on

2019-12-10 08:11:05 - [MESSAGE][PASSED] - Object: 'Object Repository/mobileSanity/HBI/detail/a_Apply for This Plan' is clicked on

2019-12-10 08:11:05 - [TEST_STEP][PASSED] - waitForPageLoad(20): Wait for page load successfully

2019-12-10 08:11:05 - [MESSAGE][PASSED] - Wait for page load successfully

2019-12-10 08:11:05 - [TEST_STEP][PASSED] - waitForElementPresent(findTestObject("mobileSanity/HBI/Page_Apply/span_Start Secure Application"), 20): Object 'Object Repository/mobileSanity/HBI/Page_Apply/span_Start Secure Application' is present

2019-12-10 08:11:05 - [MESSAGE][PASSED] - Object 'Object Repository/mobileSanity/HBI/Page_Apply/span_Start Secure Application' is present

2019-12-10 08:11:05 - [TEST_STEP][PASSED] - callTestCase(findTestCase("AHI/_include/get_screenshot"), [:], STOP_ON_FAILURE): Call Test Case 'Test Cases/AHI/_include/get_screenshot' successfully

2019-12-10 08:11:05 - [TEST_CASE][PASSED] - Test Cases/AHI/_include/get_screenshot: Test Cases/AHI/_include/get_screenshot

2019-12-10 08:11:05 - [TEST_STEP][PASSED] - takeScreenshot(screenPath + i + ".png"): Taking screenshot successfully

2019-12-10 08:11:06 - [MESSAGE][PASSED] - Taking screenshot successfully
[[ATTACHMENT|D:\\Test\\AgileTest\\Reports\\AHI\\hbi\\20191210_080033\\../Screenshots/iPhone 6/hbi/Agile One/20191210_081025/5.png]]

2019-12-10 08:11:06 - [TEST_STEP][PASSED] - (internal.GlobalVariable.i++): null

2019-12-10 08:11:06 - [MESSAGE][PASSED] - Call Test Case 'Test Cases/AHI/_include/get_screenshot' successfully

2019-12-10 08:11:06 - [TEST_STEP][PASSED] - click(findTestObject("mobileSanity/HBI/Page_Apply/span_Start Secure Application")): Object: 'Object Repository/mobileSanity/HBI/Page_Apply/span_Start Secure Application' is clicked on

2019-12-10 08:11:06 - [MESSAGE][PASSED] - Object: 'Object Repository/mobileSanity/HBI/Page_Apply/span_Start Secure Application' is clicked on

2019-12-10 08:11:06 - [TEST_STEP][PASSED] - waitForPageLoad(20): Wait for page load successfully

2019-12-10 08:11:07 - [MESSAGE][PASSED] - Wait for page load successfully

2019-12-10 08:11:07 - [TEST_STEP][PASSED] - Thread.sleep(5000): null

2019-12-10 08:11:12 - [TEST_STEP][PASSED] - callTestCase(findTestCase("AHI/_include/get_screenshot"), [:], STOP_ON_FAILURE): Call Test Case 'Test Cases/AHI/_include/get_screenshot' successfully

2019-12-10 08:11:12 - [TEST_CASE][PASSED] - Test Cases/AHI/_include/get_screenshot: Test Cases/AHI/_include/get_screenshot

2019-12-10 08:11:12 - [TEST_STEP][PASSED] - takeScreenshot(screenPath + i + ".png"): Taking screenshot successfully

2019-12-10 08:11:12 - [MESSAGE][PASSED] - Taking screenshot successfully
[[ATTACHMENT|D:\\Test\\AgileTest\\Reports\\AHI\\hbi\\20191210_080033\\../Screenshots/iPhone 6/hbi/Agile One/20191210_081025/6.png]]

2019-12-10 08:11:12 - [TEST_STEP][PASSED] - (internal.GlobalVariable.i++): null

2019-12-10 08:11:12 - [MESSAGE][PASSED] - Call Test Case 'Test Cases/AHI/_include/get_screenshot' successfully

2019-12-10 08:11:12 - [TEST_STEP][PASSED] - callTestCase(findTestCase("AHI/_include/goToEnd_hbi"), ["carrier":"agileone"], CONTINUE_ON_FAILURE): Call Test Case 'Test Cases/AHI/_include/goToEnd_hbi' successfully

2019-12-10 08:11:12 - [TEST_CASE][PASSED] - Test Cases/AHI/_include/goToEnd_hbi: Test Cases/AHI/_include/goToEnd_hbi

2019-12-10 08:11:12 - [TEST_STEP][PASSED] - if (state == "ca"): null

2019-12-10 08:11:12 - [TEST_STEP][PASSED] - callTestCase(findTestCase("AHI/_include/name"), [:], CONTINUE_ON_FAILURE): Call Test Case 'Test Cases/AHI/_include/name' successfully

2019-12-10 08:11:13 - [TEST_CASE][PASSED] - Test Cases/AHI/_include/name: Test Cases/AHI/_include/name

2019-12-10 08:11:13 - [TEST_STEP][PASSED] - driver = getWebDriver(): null

2019-12-10 08:11:13 - [TEST_STEP][PASSED] - selenium = new com.thoughtworks.selenium.webdriven.WebDriverBackedSelenium(driver, internal.GlobalVariable.ENV): null

2019-12-10 08:11:13 - [TEST_STEP][PASSED] - FirstName = "Test-123": null

2019-12-10 08:11:13 - [TEST_STEP][PASSED] - LastName = selenium.getEval("{var x="ABCDEFGHIJKLMNOPQRSTUVWXYZabcdefghijklmnopqrstuvwxyz"; var tmp="ZZ11-"; for (i=0;i<8;i++) tmp+=x.charAt(Math.ceil(51*Math.random()));tmp;}"): null

2019-12-10 08:11:13 - [TEST_STEP][PASSED] - Address = selenium.getEval("{var x="ABCDEFGHIJKLMNOPQRSTUVWXYZabcdefghijklmnopqrstuvwxyz"; var tmp=""; for (i=0;i<8;i++) tmp+=x.charAt(Math.ceil(51*Math.random()));tmp;}"): null

2019-12-10 08:11:13 - [TEST_STEP][PASSED] - City = selenium.getEval("{var x="ABCDEFGHIJKLMNOPQRSTUVWXYZabcdefghijklmnopqrstuvwxyz"; var tmp=""; for (i=0;i<8;i++) tmp+=x.charAt(Math.ceil(51*Math.random()));tmp;}"): null

2019-12-10 08:11:13 - [TEST_STEP][PASSED] - tel1 = selenium.getEval("{var x="123456789"; var tmp=""; for (i=0;i<3;i++) tmp+=x.charAt(Math.ceil(8*Math.random()));tmp;}"): null

2019-12-10 08:11:13 - [TEST_STEP][PASSED] - tel2 = selenium.getEval("{var x="123456789"; var tmp=""; for (i=0;i<3;i++) tmp+=x.charAt(Math.ceil(8*Math.random()));tmp;}"): null

2019-12-10 08:11:13 - [TEST_STEP][PASSED] - tel3 = selenium.getEval("{var x="123456789"; var tmp=""; for (i=0;i<4;i++) tmp+=x.charAt(Math.ceil(8*Math.random()));tmp;}"): null

2019-12-10 08:11:13 - [TEST_STEP][PASSED] - Tel = selenium.getExpression(tel1 + "-" + tel2 + "-" + tel3): null

2019-12-10 08:11:13 - [TEST_STEP][PASSED] - AutoEmail = selenium.getEval("{var x="ABCDEFGHIJKLMNOPQRSTUVWXYZabcdefghijklmnopqrstuvwxyz"; var tmp="test."; for (i=0;i<8;i++) tmp+=x.charAt(Math.ceil(51*Math.random()));tmp+="@suryani.cn";}"): null

2019-12-10 08:11:13 - [TEST_STEP][PASSED] - FirstName = FirstName: null

2019-12-10 08:11:13 - [TEST_STEP][PASSED] - LastName = LastName: null

2019-12-10 08:11:13 - [TEST_STEP][PASSED] - Address = Address: null

2019-12-10 08:11:13 - [TEST_STEP][PASSED] - City = City: null

2019-12-10 08:11:13 - [TEST_STEP][PASSED] - Tel = Tel: null

2019-12-10 08:11:13 - [TEST_STEP][PASSED] - AutoEmail = AutoEmail: null

2019-12-10 08:11:13 - [TEST_STEP][PASSED] - println(FirstName): null

2019-12-10 08:11:13 - [TEST_STEP][PASSED] - println(LastName): null

2019-12-10 08:11:13 - [TEST_STEP][PASSED] - println(Address): null

2019-12-10 08:11:13 - [TEST_STEP][PASSED] - println(City): null

2019-12-10 08:11:13 - [TEST_STEP][PASSED] - println(Tel): null

2019-12-10 08:11:13 - [TEST_STEP][PASSED] - println(AutoEmail): null

2019-12-10 08:11:13 - [MESSAGE][PASSED] - Call Test Case 'Test Cases/AHI/_include/name' successfully

2019-12-10 08:11:13 - [TEST_STEP][PASSED] - setText(findTestObject("mobileSanity/HBI/Page_App Page 1/input__member-P-1-firstName"), FirstName): Text 'Test-123' is set on object 'Object Repository/mobileSanity/HBI/Page_App Page 1/input__member-P-1-firstName'

2019-12-10 08:11:13 - [MESSAGE][PASSED] - Text 'Test-123' is set on object 'Object Repository/mobileSanity/HBI/Page_App Page 1/input__member-P-1-firstName'

2019-12-10 08:11:13 - [TEST_STEP][PASSED] - setText(findTestObject("mobileSanity/HBI/Page_App Page 1/input__member-P-1-lastName"), LastName): Text 'ZZ11-PWovgoca' is set on object 'Object Repository/mobileSanity/HBI/Page_App Page 1/input__member-P-1-lastName'

2019-12-10 08:11:13 - [MESSAGE][PASSED] - Text 'ZZ11-PWovgoca' is set on object 'Object Repository/mobileSanity/HBI/Page_App Page 1/input__member-P-1-lastName'

2019-12-10 08:11:13 - [TEST_STEP][PASSED] - if (carrier == "agileone" || carrier == "agilesecure"): Text 'test6' is set on object 'Object Repository/mobileSanity/HBI/Page_App Page 1/input__contingent-beneficiary-relationship'

2019-12-10 08:11:13 - [TEST_STEP][PASSED] - setText(findTestObject("mobileSanity/HBI/Page_App Page 1/input__primary-beneficiary-fir"), "test1"): Text 'test1' is set on object 'Object Repository/mobileSanity/HBI/Page_App Page 1/input__primary-beneficiary-fir'

2019-12-10 08:11:13 - [MESSAGE][PASSED] - Text 'test1' is set on object 'Object Repository/mobileSanity/HBI/Page_App Page 1/input__primary-beneficiary-fir'

2019-12-10 08:11:13 - [TEST_STEP][PASSED] - setText(findTestObject("mobileSanity/HBI/Page_App Page 1/input__primary-beneficiary-las"), "test2"): Text 'test2' is set on object 'Object Repository/mobileSanity/HBI/Page_App Page 1/input__primary-beneficiary-las'

2019-12-10 08:11:13 - [MESSAGE][PASSED] - Text 'test2' is set on object 'Object Repository/mobileSanity/HBI/Page_App Page 1/input__primary-beneficiary-las'

2019-12-10 08:11:13 - [TEST_STEP][PASSED] - setText(findTestObject("mobileSanity/HBI/Page_App Page 1/input__primary-beneficiary-rel"), "test3"): Text 'test3' is set on object 'Object Repository/mobileSanity/HBI/Page_App Page 1/input__primary-beneficiary-rel'

2019-12-10 08:11:13 - [MESSAGE][PASSED] - Text 'test3' is set on object 'Object Repository/mobileSanity/HBI/Page_App Page 1/input__primary-beneficiary-rel'

2019-12-10 08:11:13 - [TEST_STEP][PASSED] - setText(findTestObject("mobileSanity/HBI/Page_App Page 1/input__contingent-beneficiary-"), "test4"): Text 'test4' is set on object 'Object Repository/mobileSanity/HBI/Page_App Page 1/input__contingent-beneficiary-'

2019-12-10 08:11:13 - [MESSAGE][PASSED] - Text 'test4' is set on object 'Object Repository/mobileSanity/HBI/Page_App Page 1/input__contingent-beneficiary-'

2019-12-10 08:11:13 - [TEST_STEP][PASSED] - setText(findTestObject("mobileSanity/HBI/Page_App Page 1/input__contingent-beneficiary-_lastname"), "test5"): Text 'test5' is set on object 'Object Repository/mobileSanity/HBI/Page_App Page 1/input__contingent-beneficiary-_lastname'

2019-12-10 08:11:13 - [MESSAGE][PASSED] - Text 'test5' is set on object 'Object Repository/mobileSanity/HBI/Page_App Page 1/input__contingent-beneficiary-_lastname'

2019-12-10 08:11:13 - [TEST_STEP][PASSED] - setText(findTestObject("mobileSanity/HBI/Page_App Page 1/input__contingent-beneficiary-relationship"), "test6"): Text 'test6' is set on object 'Object Repository/mobileSanity/HBI/Page_App Page 1/input__contingent-beneficiary-relationship'

2019-12-10 08:11:14 - [MESSAGE][PASSED] - Text 'test6' is set on object 'Object Repository/mobileSanity/HBI/Page_App Page 1/input__contingent-beneficiary-relationship'

2019-12-10 08:11:14 - [TEST_STEP][PASSED] - setText(findTestObject("mobileSanity/HBI/Page_App Page 1/input__address"), Address): Text 'YvKvTTKd' is set on object 'Object Repository/mobileSanity/HBI/Page_App Page 1/input__address'

2019-12-10 08:11:14 - [MESSAGE][PASSED] - Text 'YvKvTTKd' is set on object 'Object Repository/mobileSanity/HBI/Page_App Page 1/input__address'

2019-12-10 08:11:14 - [TEST_STEP][PASSED] - setText(findTestObject("mobileSanity/HBI/Page_App Page 1/input__city"), City): Text 'FBifDqFg' is set on object 'Object Repository/mobileSanity/HBI/Page_App Page 1/input__city'

2019-12-10 08:11:14 - [MESSAGE][PASSED] - Text 'FBifDqFg' is set on object 'Object Repository/mobileSanity/HBI/Page_App Page 1/input__city'

2019-12-10 08:11:14 - [TEST_STEP][PASSED] - setText(findTestObject("mobileSanity/HBI/Page_App Page 1/input__email"), AutoEmail): Text 'test.QVHSqTpW@suryani.cn' is set on object 'Object Repository/mobileSanity/HBI/Page_App Page 1/input__email'

2019-12-10 08:11:14 - [MESSAGE][PASSED] - Text 'test.QVHSqTpW@suryani.cn' is set on object 'Object Repository/mobileSanity/HBI/Page_App Page 1/input__email'

2019-12-10 08:11:14 - [TEST_STEP][PASSED] - setText(findTestObject("mobileSanity/HBI/Page_App Page 1/input_tel"), Tel): Text '929-938-3685' is set on object 'Object Repository/mobileSanity/HBI/Page_App Page 1/input_tel'

2019-12-10 08:11:14 - [MESSAGE][PASSED] - Text '929-938-3685' is set on object 'Object Repository/mobileSanity/HBI/Page_App Page 1/input_tel'

2019-12-10 08:11:14 - [TEST_STEP][PASSED] - Thread.sleep(5000): null

2019-12-10 08:11:19 - [TEST_STEP][PASSED] - click(findTestObject("mobileSanity/HBI/Page_App Page 1/a_Continue to Step 2 - Payment")): Object: 'Object Repository/mobileSanity/HBI/Page_App Page 1/a_Continue to Step 2 - Payment' is clicked on

2019-12-10 08:11:20 - [MESSAGE][PASSED] - Object: 'Object Repository/mobileSanity/HBI/Page_App Page 1/a_Continue to Step 2 - Payment' is clicked on

2019-12-10 08:11:20 - [TEST_STEP][PASSED] - waitForPageLoad(20): Wait for page load successfully

2019-12-10 08:11:20 - [MESSAGE][PASSED] - Wait for page load successfully

2019-12-10 08:11:20 - [TEST_STEP][PASSED] - Thread.sleep(2000): null

2019-12-10 08:11:22 - [TEST_STEP][PASSED] - waitForElementVisible(findTestObject("mobileSanity/HBI/Page_App Page 2/input__credit-card-first"), 20): Object 'Object Repository/mobileSanity/HBI/Page_App Page 2/input__credit-card-first' is visible

2019-12-10 08:11:22 - [MESSAGE][PASSED] - Object 'Object Repository/mobileSanity/HBI/Page_App Page 2/input__credit-card-first' is visible

2019-12-10 08:11:22 - [TEST_STEP][PASSED] - callTestCase(findTestCase("AHI/_include/get_screenshot"), [:], STOP_ON_FAILURE): Call Test Case 'Test Cases/AHI/_include/get_screenshot' successfully

2019-12-10 08:11:22 - [TEST_CASE][PASSED] - Test Cases/AHI/_include/get_screenshot: Test Cases/AHI/_include/get_screenshot

2019-12-10 08:11:22 - [TEST_STEP][PASSED] - takeScreenshot(screenPath + i + ".png"): Taking screenshot successfully

2019-12-10 08:11:22 - [MESSAGE][PASSED] - Taking screenshot successfully
[[ATTACHMENT|D:\\Test\\AgileTest\\Reports\\AHI\\hbi\\20191210_080033\\../Screenshots/iPhone 6/hbi/Agile One/20191210_081025/7.png]]

2019-12-10 08:11:22 - [TEST_STEP][PASSED] - (internal.GlobalVariable.i++): null

2019-12-10 08:11:22 - [MESSAGE][PASSED] - Call Test Case 'Test Cases/AHI/_include/get_screenshot' successfully

2019-12-10 08:11:22 - [TEST_STEP][PASSED] - setText(findTestObject("mobileSanity/HBI/Page_App Page 2/input__credit-card-first"), FirstName): Text 'Test-123' is set on object 'Object Repository/mobileSanity/HBI/Page_App Page 2/input__credit-card-first'

2019-12-10 08:11:23 - [MESSAGE][PASSED] - Text 'Test-123' is set on object 'Object Repository/mobileSanity/HBI/Page_App Page 2/input__credit-card-first'

2019-12-10 08:11:23 - [TEST_STEP][PASSED] - setText(findTestObject("mobileSanity/HBI/Page_App Page 2/input__credit-card-last"), LastName): Text 'ZZ11-PWovgoca' is set on object 'Object Repository/mobileSanity/HBI/Page_App Page 2/input__credit-card-last'

2019-12-10 08:11:23 - [MESSAGE][PASSED] - Text 'ZZ11-PWovgoca' is set on object 'Object Repository/mobileSanity/HBI/Page_App Page 2/input__credit-card-last'

2019-12-10 08:11:23 - [TEST_STEP][PASSED] - selectOptionByValue(findTestObject("mobileSanity/HBI/Page_App Page 2/select_MM010203040506070809101"), "12", true): All options with value '12' are selected in object 'Object Repository/mobileSanity/HBI/Page_App Page 2/select_MM010203040506070809101'  using regular expression

2019-12-10 08:11:25 - [MESSAGE][PASSED] - All options with value '12' are selected in object 'Object Repository/mobileSanity/HBI/Page_App Page 2/select_MM010203040506070809101'  using regular expression

2019-12-10 08:11:25 - [TEST_STEP][PASSED] - selectOptionByValue(findTestObject("mobileSanity/HBI/Page_App Page 2/select_YYYY2019202020212022202"), "2026", true): All options with value '2026' are selected in object 'Object Repository/mobileSanity/HBI/Page_App Page 2/select_YYYY2019202020212022202'  using regular expression

2019-12-10 08:11:25 - [MESSAGE][PASSED] - All options with value '2026' are selected in object 'Object Repository/mobileSanity/HBI/Page_App Page 2/select_YYYY2019202020212022202'  using regular expression

2019-12-10 08:11:25 - [TEST_STEP][PASSED] - setText(findTestObject("mobileSanity/HBI/Page_App Page 2/input__credit-card-number"), "4111111111111111"): Text '4111111111111111' is set on object 'Object Repository/mobileSanity/HBI/Page_App Page 2/input__credit-card-number'

2019-12-10 08:11:26 - [MESSAGE][PASSED] - Text '4111111111111111' is set on object 'Object Repository/mobileSanity/HBI/Page_App Page 2/input__credit-card-number'

2019-12-10 08:11:26 - [TEST_STEP][PASSED] - setText(findTestObject("mobileSanity/HBI/Page_App Page 2/input__cvv"), "123"): Text '123' is set on object 'Object Repository/mobileSanity/HBI/Page_App Page 2/input__cvv'

2019-12-10 08:11:26 - [MESSAGE][PASSED] - Text '123' is set on object 'Object Repository/mobileSanity/HBI/Page_App Page 2/input__cvv'

2019-12-10 08:11:26 - [TEST_STEP][PASSED] - click(findTestObject("mobileSanity/HBI/Page_App Page 2/label_My billing address is th")): Object: 'Object Repository/mobileSanity/HBI/Page_App Page 2/label_My billing address is th' is clicked on

2019-12-10 08:11:26 - [MESSAGE][PASSED] - Object: 'Object Repository/mobileSanity/HBI/Page_App Page 2/label_My billing address is th' is clicked on

2019-12-10 08:11:26 - [TEST_STEP][PASSED] - click(findTestObject("mobileSanity/HBI/Page_App Page 2/label_I Accept Authorization f")): Object: 'Object Repository/mobileSanity/HBI/Page_App Page 2/label_I Accept Authorization f' is clicked on

2019-12-10 08:11:26 - [MESSAGE][PASSED] - Object: 'Object Repository/mobileSanity/HBI/Page_App Page 2/label_I Accept Authorization f' is clicked on

2019-12-10 08:11:26 - [TEST_STEP][PASSED] - click(findTestObject("mobileSanity/HBI/Page_App Page 2/a_Continue to Step 3 - Review")): Object: 'Object Repository/mobileSanity/HBI/Page_App Page 2/a_Continue to Step 3 - Review' is clicked on

2019-12-10 08:11:27 - [MESSAGE][PASSED] - Object: 'Object Repository/mobileSanity/HBI/Page_App Page 2/a_Continue to Step 3 - Review' is clicked on

2019-12-10 08:11:27 - [TEST_STEP][PASSED] - waitForPageLoad(20): Wait for page load successfully

2019-12-10 08:11:27 - [MESSAGE][PASSED] - Wait for page load successfully

2019-12-10 08:11:27 - [TEST_STEP][PASSED] - Thread.sleep(10000): null

2019-12-10 08:11:37 - [TEST_STEP][PASSED] - waitForElementPresent(findTestObject("mobileSanity/HBI/Page_App Page 3/label"), 20): Object 'Object Repository/mobileSanity/HBI/Page_App Page 3/label' is present

2019-12-10 08:11:37 - [MESSAGE][PASSED] - Object 'Object Repository/mobileSanity/HBI/Page_App Page 3/label' is present

2019-12-10 08:11:37 - [TEST_STEP][PASSED] - callTestCase(findTestCase("AHI/_include/get_screenshot"), [:], STOP_ON_FAILURE): Call Test Case 'Test Cases/AHI/_include/get_screenshot' successfully

2019-12-10 08:11:38 - [TEST_CASE][PASSED] - Test Cases/AHI/_include/get_screenshot: Test Cases/AHI/_include/get_screenshot

2019-12-10 08:11:38 - [TEST_STEP][PASSED] - takeScreenshot(screenPath + i + ".png"): Taking screenshot successfully

2019-12-10 08:11:38 - [MESSAGE][PASSED] - Taking screenshot successfully
[[ATTACHMENT|D:\\Test\\AgileTest\\Reports\\AHI\\hbi\\20191210_080033\\../Screenshots/iPhone 6/hbi/Agile One/20191210_081025/8.png]]

2019-12-10 08:11:38 - [TEST_STEP][PASSED] - (internal.GlobalVariable.i++): null

2019-12-10 08:11:38 - [MESSAGE][PASSED] - Call Test Case 'Test Cases/AHI/_include/get_screenshot' successfully

2019-12-10 08:11:38 - [TEST_STEP][PASSED] - click(findTestObject("mobileSanity/HBI/Page_App Page 3/label")): Object: 'Object Repository/mobileSanity/HBI/Page_App Page 3/label' is clicked on

2019-12-10 08:11:38 - [MESSAGE][PASSED] - Object: 'Object Repository/mobileSanity/HBI/Page_App Page 3/label' is clicked on

2019-12-10 08:11:38 - [TEST_STEP][PASSED] - click(findTestObject("mobileSanity/HBI/Page_App Page 3/p_CLICK TO SIGN")): Object: 'Object Repository/mobileSanity/HBI/Page_App Page 3/p_CLICK TO SIGN' is clicked on

2019-12-10 08:11:38 - [MESSAGE][PASSED] - Object: 'Object Repository/mobileSanity/HBI/Page_App Page 3/p_CLICK TO SIGN' is clicked on

2019-12-10 08:11:38 - [TEST_STEP][PASSED] - click(findTestObject("mobileSanity/HBI/Page_App Page 3/a_Submit Your Application")): Object: 'Object Repository/mobileSanity/HBI/Page_App Page 3/a_Submit Your Application' is clicked on

2019-12-10 08:11:38 - [MESSAGE][PASSED] - Object: 'Object Repository/mobileSanity/HBI/Page_App Page 3/a_Submit Your Application' is clicked on

2019-12-10 08:11:38 - [TEST_STEP][PASSED] - Thread.sleep(30000): null

2019-12-10 08:12:08 - [TEST_STEP][PASSED] - callTestCase(findTestCase("AHI/_include/get_screenshot"), [:], STOP_ON_FAILURE): Call Test Case 'Test Cases/AHI/_include/get_screenshot' successfully

2019-12-10 08:12:08 - [TEST_CASE][PASSED] - Test Cases/AHI/_include/get_screenshot: Test Cases/AHI/_include/get_screenshot

2019-12-10 08:12:08 - [TEST_STEP][PASSED] - takeScreenshot(screenPath + i + ".png"): Taking screenshot successfully

2019-12-10 08:12:09 - [MESSAGE][PASSED] - Taking screenshot successfully
[[ATTACHMENT|D:\\Test\\AgileTest\\Reports\\AHI\\hbi\\20191210_080033\\../Screenshots/iPhone 6/hbi/Agile One/20191210_081025/9.png]]

2019-12-10 08:12:09 - [TEST_STEP][PASSED] - (internal.GlobalVariable.i++): null

2019-12-10 08:12:09 - [MESSAGE][PASSED] - Call Test Case 'Test Cases/AHI/_include/get_screenshot' successfully

2019-12-10 08:12:09 - [TEST_STEP][PASSED] - verifyTextPresent("Congratulations", false): Text 'Congratulations' is present on page 

2019-12-10 08:12:09 - [MESSAGE][PASSED] - Text 'Congratulations' is present on page 

2019-12-10 08:12:09 - [MESSAGE][PASSED] - Call Test Case 'Test Cases/AHI/_include/goToEnd_hbi' successfully]]></system-out>
         <system-err><![CDATA[]]></system-err>
      </testcase>
      <testcase name="Test Cases/AHI/HBI/Legion Limited Medical" classname="Test Cases/AHI/HBI/Legion Limited Medical" status="PASSED">
         <system-out><![CDATA[2019-12-10 08:12:09 - [TEST_CASE][PASSED] - Test Cases/AHI/HBI/Legion Limited Medical: Test Cases/AHI/HBI/Legion Limited Medical

2019-12-10 08:12:09 - [TEST_STEP][PASSED] - callTestCase(findTestCase("AHI/_include/get_screenPath"), ["productLine":"hbi", "carrierName":"Legion Limited Medical"], CONTINUE_ON_FAILURE): Call Test Case 'Test Cases/AHI/_include/get_screenPath' successfully

2019-12-10 08:12:09 - [TEST_CASE][PASSED] - Test Cases/AHI/_include/get_screenPath: Test Cases/AHI/_include/get_screenPath

2019-12-10 08:12:09 - [TEST_STEP][PASSED] - m = getExecutionProperties(): null

2019-12-10 08:12:09 - [TEST_STEP][PASSED] - deviceName = get("mobileEmulation").get("deviceName"): null

2019-12-10 08:12:09 - [TEST_STEP][PASSED] - println(deviceName): null

2019-12-10 08:12:09 - [TEST_STEP][PASSED] - now = new java.util.Date(): null

2019-12-10 08:12:09 - [TEST_STEP][PASSED] - mydate = now.format("yyyyMMdd_HHmmss"): null

2019-12-10 08:12:09 - [TEST_STEP][PASSED] - screenPath = "../Screenshots/": null

2019-12-10 08:12:09 - [TEST_STEP][PASSED] - screenPath = screenPath + deviceName + "/" + productLine + "/" + carrierName + "/" + mydate + "/": null

2019-12-10 08:12:09 - [TEST_STEP][PASSED] - println(screenPath): null

2019-12-10 08:12:09 - [MESSAGE][PASSED] - Call Test Case 'Test Cases/AHI/_include/get_screenPath' successfully

2019-12-10 08:12:09 - [TEST_STEP][PASSED] - i = 0: null

2019-12-10 08:12:09 - [TEST_STEP][PASSED] - callTestCase(findTestCase("AHI/_include/openWebSite"), [:], CONTINUE_ON_FAILURE): Call Test Case 'Test Cases/AHI/_include/openWebSite' successfully

2019-12-10 08:12:09 - [TEST_CASE][PASSED] - Test Cases/AHI/_include/openWebSite: Test Cases/AHI/_include/openWebSite

2019-12-10 08:12:09 - [TEST_STEP][PASSED] - openBrowser(env): Browser is opened with url: 'https://praetemptatus.agilehealthinsurance.com'

2019-12-10 08:12:09 - [MESSAGE][WARNING] - A browser is already opened. Closing browser and opening a new one

2019-12-10 08:12:10 - [MESSAGE][INFO] - Starting 'Chrome' driver

2019-12-10 08:12:10 - [MESSAGE][INFO] - User set preference: ['mobileEmulation', '{deviceName=iPhone 6}']

2019-12-10 08:12:10 - [MESSAGE][INFO] - User set preference: ['args', '[--incognito, --aggressive-cache-discard, --window-size=375,677, --no-sandbox]']

2019-12-10 08:12:12 - [MESSAGE][PASSED] - Browser is opened with url: 'https://praetemptatus.agilehealthinsurance.com'

2019-12-10 08:12:12 - [TEST_STEP][PASSED] - waitForPageLoad(20): Wait for page load successfully

2019-12-10 08:12:12 - [MESSAGE][PASSED] - Wait for page load successfully

2019-12-10 08:12:12 - [TEST_STEP][PASSED] - callTestCase(findTestCase("AHI/_include/get_screenshot"), [:], STOP_ON_FAILURE): Call Test Case 'Test Cases/AHI/_include/get_screenshot' successfully

2019-12-10 08:12:12 - [TEST_CASE][PASSED] - Test Cases/AHI/_include/get_screenshot: Test Cases/AHI/_include/get_screenshot

2019-12-10 08:12:12 - [TEST_STEP][PASSED] - takeScreenshot(screenPath + i + ".png"): Taking screenshot successfully

2019-12-10 08:12:14 - [MESSAGE][PASSED] - Taking screenshot successfully
[[ATTACHMENT|D:\\Test\\AgileTest\\Reports\\AHI\\hbi\\20191210_080033\\../Screenshots/iPhone 6/hbi/Legion Limited Medical/20191210_081209/0.png]]

2019-12-10 08:12:14 - [TEST_STEP][PASSED] - (internal.GlobalVariable.i++): null

2019-12-10 08:12:14 - [MESSAGE][PASSED] - Call Test Case 'Test Cases/AHI/_include/get_screenshot' successfully

2019-12-10 08:12:14 - [MESSAGE][PASSED] - Call Test Case 'Test Cases/AHI/_include/openWebSite' successfully

2019-12-10 08:12:14 - [TEST_STEP][PASSED] - callTestCase(findTestCase("AHI/_include/census_hbi"), [:], CONTINUE_ON_FAILURE): Call Test Case 'Test Cases/AHI/_include/census_hbi' successfully

2019-12-10 08:12:14 - [TEST_CASE][PASSED] - Test Cases/AHI/_include/census_hbi: Test Cases/AHI/_include/census_hbi

2019-12-10 08:12:14 - [TEST_STEP][PASSED] - click(findTestObject("mobileSanity/Common/side_nav/menu")): Object: 'Object Repository/mobileSanity/Common/side_nav/menu' is clicked on

2019-12-10 08:12:14 - [MESSAGE][PASSED] - Object: 'Object Repository/mobileSanity/Common/side_nav/menu' is clicked on

2019-12-10 08:12:14 - [TEST_STEP][PASSED] - Thread.sleep(3000): null

2019-12-10 08:12:17 - [TEST_STEP][PASSED] - callTestCase(findTestCase("AHI/_include/get_screenshot"), [:], STOP_ON_FAILURE): Call Test Case 'Test Cases/AHI/_include/get_screenshot' successfully

2019-12-10 08:12:17 - [TEST_CASE][PASSED] - Test Cases/AHI/_include/get_screenshot: Test Cases/AHI/_include/get_screenshot

2019-12-10 08:12:17 - [TEST_STEP][PASSED] - takeScreenshot(screenPath + i + ".png"): Taking screenshot successfully

2019-12-10 08:12:18 - [MESSAGE][PASSED] - Taking screenshot successfully
[[ATTACHMENT|D:\\Test\\AgileTest\\Reports\\AHI\\hbi\\20191210_080033\\../Screenshots/iPhone 6/hbi/Legion Limited Medical/20191210_081209/1.png]]

2019-12-10 08:12:18 - [TEST_STEP][PASSED] - (internal.GlobalVariable.i++): null

2019-12-10 08:12:18 - [MESSAGE][PASSED] - Call Test Case 'Test Cases/AHI/_include/get_screenshot' successfully

2019-12-10 08:12:18 - [TEST_STEP][PASSED] - click(findTestObject("mobileSanity/Common/side_nav/nav_hbi")): Object: 'Object Repository/mobileSanity/Common/side_nav/nav_hbi' is clicked on

2019-12-10 08:12:18 - [MESSAGE][PASSED] - Object: 'Object Repository/mobileSanity/Common/side_nav/nav_hbi' is clicked on

2019-12-10 08:12:18 - [TEST_STEP][PASSED] - waitForPageLoad(10): Wait for page load successfully

2019-12-10 08:12:19 - [MESSAGE][PASSED] - Wait for page load successfully

2019-12-10 08:12:19 - [TEST_STEP][PASSED] - Thread.sleep(3000): null

2019-12-10 08:12:22 - [TEST_STEP][PASSED] - callTestCase(findTestCase("AHI/_include/get_screenshot"), [:], STOP_ON_FAILURE): Call Test Case 'Test Cases/AHI/_include/get_screenshot' successfully

2019-12-10 08:12:22 - [TEST_CASE][PASSED] - Test Cases/AHI/_include/get_screenshot: Test Cases/AHI/_include/get_screenshot

2019-12-10 08:12:22 - [TEST_STEP][PASSED] - takeScreenshot(screenPath + i + ".png"): Taking screenshot successfully

2019-12-10 08:12:22 - [MESSAGE][PASSED] - Taking screenshot successfully
[[ATTACHMENT|D:\\Test\\AgileTest\\Reports\\AHI\\hbi\\20191210_080033\\../Screenshots/iPhone 6/hbi/Legion Limited Medical/20191210_081209/2.png]]

2019-12-10 08:12:22 - [TEST_STEP][PASSED] - (internal.GlobalVariable.i++): null

2019-12-10 08:12:22 - [MESSAGE][PASSED] - Call Test Case 'Test Cases/AHI/_include/get_screenshot' successfully

2019-12-10 08:12:22 - [TEST_STEP][PASSED] - setText(findTestObject("mobileSanity/HBI/census/input_Location_zip-input"), zipcode): Text '35215' is set on object 'Object Repository/mobileSanity/HBI/census/input_Location_zip-input'

2019-12-10 08:12:22 - [MESSAGE][PASSED] - Text '35215' is set on object 'Object Repository/mobileSanity/HBI/census/input_Location_zip-input'

2019-12-10 08:12:22 - [TEST_STEP][PASSED] - Thread.sleep(500): null

2019-12-10 08:12:23 - [TEST_STEP][PASSED] - setText(findTestObject("mobileSanity/HBI/census/input_Date of Birth_dob-0"), "12121980"): Text '12121980' is set on object 'Object Repository/mobileSanity/HBI/census/input_Date of Birth_dob-0'

2019-12-10 08:12:23 - [MESSAGE][PASSED] - Text '12121980' is set on object 'Object Repository/mobileSanity/HBI/census/input_Date of Birth_dob-0'

2019-12-10 08:12:23 - [TEST_STEP][PASSED] - click(findTestObject("mobileSanity/HBI/census/label_Male")): Object: 'Object Repository/mobileSanity/HBI/census/label_Male' is clicked on

2019-12-10 08:12:23 - [MESSAGE][PASSED] - Object: 'Object Repository/mobileSanity/HBI/census/label_Male' is clicked on

2019-12-10 08:12:23 - [TEST_STEP][PASSED] - click(findTestObject("mobileSanity/HBI/census/label_Get a Quote")): Object: 'Object Repository/mobileSanity/HBI/census/label_Get a Quote' is clicked on

2019-12-10 08:12:24 - [MESSAGE][PASSED] - Object: 'Object Repository/mobileSanity/HBI/census/label_Get a Quote' is clicked on

2019-12-10 08:12:24 - [TEST_STEP][PASSED] - waitForPageLoad(20): Wait for page load successfully

2019-12-10 08:12:24 - [MESSAGE][PASSED] - Wait for page load successfully

2019-12-10 08:12:24 - [TEST_STEP][PASSED] - Thread.sleep(3000): null

2019-12-10 08:12:28 - [TEST_STEP][PASSED] - callTestCase(findTestCase("AHI/_include/check_quoteleadform"), [:], STOP_ON_FAILURE): Call Test Case 'Test Cases/AHI/_include/check_quoteleadform' successfully

2019-12-10 08:12:28 - [TEST_CASE][PASSED] - Test Cases/AHI/_include/check_quoteleadform: Test Cases/AHI/_include/check_quoteleadform

2019-12-10 08:12:28 - [TEST_STEP][PASSED] - callTestCase(findTestCase("AHI/_include/name"), [:], CONTINUE_ON_FAILURE): Call Test Case 'Test Cases/AHI/_include/name' successfully

2019-12-10 08:12:28 - [TEST_CASE][PASSED] - Test Cases/AHI/_include/name: Test Cases/AHI/_include/name

2019-12-10 08:12:28 - [TEST_STEP][PASSED] - driver = getWebDriver(): null

2019-12-10 08:12:28 - [TEST_STEP][PASSED] - selenium = new com.thoughtworks.selenium.webdriven.WebDriverBackedSelenium(driver, internal.GlobalVariable.ENV): null

2019-12-10 08:12:28 - [TEST_STEP][PASSED] - FirstName = "Test-123": null

2019-12-10 08:12:28 - [TEST_STEP][PASSED] - LastName = selenium.getEval("{var x="ABCDEFGHIJKLMNOPQRSTUVWXYZabcdefghijklmnopqrstuvwxyz"; var tmp="ZZ11-"; for (i=0;i<8;i++) tmp+=x.charAt(Math.ceil(51*Math.random()));tmp;}"): null

2019-12-10 08:12:28 - [TEST_STEP][PASSED] - Address = selenium.getEval("{var x="ABCDEFGHIJKLMNOPQRSTUVWXYZabcdefghijklmnopqrstuvwxyz"; var tmp=""; for (i=0;i<8;i++) tmp+=x.charAt(Math.ceil(51*Math.random()));tmp;}"): null

2019-12-10 08:12:28 - [TEST_STEP][PASSED] - City = selenium.getEval("{var x="ABCDEFGHIJKLMNOPQRSTUVWXYZabcdefghijklmnopqrstuvwxyz"; var tmp=""; for (i=0;i<8;i++) tmp+=x.charAt(Math.ceil(51*Math.random()));tmp;}"): null

2019-12-10 08:12:28 - [TEST_STEP][PASSED] - tel1 = selenium.getEval("{var x="123456789"; var tmp=""; for (i=0;i<3;i++) tmp+=x.charAt(Math.ceil(8*Math.random()));tmp;}"): null

2019-12-10 08:12:28 - [TEST_STEP][PASSED] - tel2 = selenium.getEval("{var x="123456789"; var tmp=""; for (i=0;i<3;i++) tmp+=x.charAt(Math.ceil(8*Math.random()));tmp;}"): null

2019-12-10 08:12:28 - [TEST_STEP][PASSED] - tel3 = selenium.getEval("{var x="123456789"; var tmp=""; for (i=0;i<4;i++) tmp+=x.charAt(Math.ceil(8*Math.random()));tmp;}"): null

2019-12-10 08:12:28 - [TEST_STEP][PASSED] - Tel = selenium.getExpression(tel1 + "-" + tel2 + "-" + tel3): null

2019-12-10 08:12:28 - [TEST_STEP][PASSED] - AutoEmail = selenium.getEval("{var x="ABCDEFGHIJKLMNOPQRSTUVWXYZabcdefghijklmnopqrstuvwxyz"; var tmp="test."; for (i=0;i<8;i++) tmp+=x.charAt(Math.ceil(51*Math.random()));tmp+="@suryani.cn";}"): null

2019-12-10 08:12:28 - [TEST_STEP][PASSED] - FirstName = FirstName: null

2019-12-10 08:12:28 - [TEST_STEP][PASSED] - LastName = LastName: null

2019-12-10 08:12:28 - [TEST_STEP][PASSED] - Address = Address: null

2019-12-10 08:12:28 - [TEST_STEP][PASSED] - City = City: null

2019-12-10 08:12:28 - [TEST_STEP][PASSED] - Tel = Tel: null

2019-12-10 08:12:28 - [TEST_STEP][PASSED] - AutoEmail = AutoEmail: null

2019-12-10 08:12:28 - [TEST_STEP][PASSED] - println(FirstName): null

2019-12-10 08:12:28 - [TEST_STEP][PASSED] - println(LastName): null

2019-12-10 08:12:28 - [TEST_STEP][PASSED] - println(Address): null

2019-12-10 08:12:28 - [TEST_STEP][PASSED] - println(City): null

2019-12-10 08:12:28 - [TEST_STEP][PASSED] - println(Tel): null

2019-12-10 08:12:28 - [TEST_STEP][PASSED] - println(AutoEmail): null

2019-12-10 08:12:28 - [MESSAGE][PASSED] - Call Test Case 'Test Cases/AHI/_include/name' successfully

2019-12-10 08:12:28 - [TEST_STEP][PASSED] - leadform_exist = test.MobileKeywords.isElementPresent_Web(findTestObject("mobileSanity/quote lead form/lead_form"), 20): test.MobileKeywords.isElementPresent_Web is PASSED

2019-12-10 08:12:28 - [MESSAGE][PASSED] - test.MobileKeywords.isElementPresent_Web is PASSED

2019-12-10 08:12:28 - [TEST_STEP][PASSED] - if (leadform_exist): null

2019-12-10 08:12:28 - [TEST_STEP][PASSED] - setText(findTestObject("mobileSanity/quote lead form/first"), FirstName): Text 'Test-123' is set on object 'Object Repository/mobileSanity/quote lead form/first'

2019-12-10 08:12:29 - [MESSAGE][PASSED] - Text 'Test-123' is set on object 'Object Repository/mobileSanity/quote lead form/first'

2019-12-10 08:12:29 - [TEST_STEP][PASSED] - setText(findTestObject("mobileSanity/quote lead form/last"), LastName): Text 'ZZ11-nlWOXndw' is set on object 'Object Repository/mobileSanity/quote lead form/last'

2019-12-10 08:12:30 - [MESSAGE][PASSED] - Text 'ZZ11-nlWOXndw' is set on object 'Object Repository/mobileSanity/quote lead form/last'

2019-12-10 08:12:30 - [TEST_STEP][PASSED] - setText(findTestObject("mobileSanity/quote lead form/email"), AutoEmail): Text 'test.fdhnfiHK@suryani.cn' is set on object 'Object Repository/mobileSanity/quote lead form/email'

2019-12-10 08:12:30 - [MESSAGE][PASSED] - Text 'test.fdhnfiHK@suryani.cn' is set on object 'Object Repository/mobileSanity/quote lead form/email'

2019-12-10 08:12:30 - [TEST_STEP][PASSED] - setText(findTestObject("mobileSanity/quote lead form/phone"), Tel): Text '349-387-4523' is set on object 'Object Repository/mobileSanity/quote lead form/phone'

2019-12-10 08:12:30 - [MESSAGE][PASSED] - Text '349-387-4523' is set on object 'Object Repository/mobileSanity/quote lead form/phone'

2019-12-10 08:12:30 - [TEST_STEP][PASSED] - click(findTestObject("mobileSanity/quote lead form/submit")): Object: 'Object Repository/mobileSanity/quote lead form/submit' is clicked on

2019-12-10 08:12:31 - [MESSAGE][PASSED] - Object: 'Object Repository/mobileSanity/quote lead form/submit' is clicked on

2019-12-10 08:12:31 - [TEST_STEP][PASSED] - Thread.sleep(3000): null

2019-12-10 08:12:34 - [MESSAGE][PASSED] - Call Test Case 'Test Cases/AHI/_include/check_quoteleadform' successfully

2019-12-10 08:12:34 - [TEST_STEP][PASSED] - callTestCase(findTestCase("AHI/_include/get_screenshot"), [:], STOP_ON_FAILURE): Call Test Case 'Test Cases/AHI/_include/get_screenshot' successfully

2019-12-10 08:12:34 - [TEST_CASE][PASSED] - Test Cases/AHI/_include/get_screenshot: Test Cases/AHI/_include/get_screenshot

2019-12-10 08:12:34 - [TEST_STEP][PASSED] - takeScreenshot(screenPath + i + ".png"): Taking screenshot successfully

2019-12-10 08:12:34 - [MESSAGE][PASSED] - Taking screenshot successfully
[[ATTACHMENT|D:\\Test\\AgileTest\\Reports\\AHI\\hbi\\20191210_080033\\../Screenshots/iPhone 6/hbi/Legion Limited Medical/20191210_081209/3.png]]

2019-12-10 08:12:34 - [TEST_STEP][PASSED] - (internal.GlobalVariable.i++): null

2019-12-10 08:12:34 - [MESSAGE][PASSED] - Call Test Case 'Test Cases/AHI/_include/get_screenshot' successfully

2019-12-10 08:12:34 - [MESSAGE][PASSED] - Call Test Case 'Test Cases/AHI/_include/census_hbi' successfully

2019-12-10 08:12:34 - [TEST_STEP][PASSED] - click(findTestObject("mobileSanity/HBI/quote/a_Legion Limited Medical 500")): Object: 'Object Repository/mobileSanity/HBI/quote/a_Legion Limited Medical 500' is clicked on

2019-12-10 08:12:34 - [MESSAGE][PASSED] - Object: 'Object Repository/mobileSanity/HBI/quote/a_Legion Limited Medical 500' is clicked on

2019-12-10 08:12:34 - [TEST_STEP][PASSED] - waitForPageLoad(20): Wait for page load successfully

2019-12-10 08:12:35 - [MESSAGE][PASSED] - Wait for page load successfully

2019-12-10 08:12:35 - [TEST_STEP][PASSED] - callTestCase(findTestCase("AHI/_include/get_screenshot"), [:], STOP_ON_FAILURE): Call Test Case 'Test Cases/AHI/_include/get_screenshot' successfully

2019-12-10 08:12:35 - [TEST_CASE][PASSED] - Test Cases/AHI/_include/get_screenshot: Test Cases/AHI/_include/get_screenshot

2019-12-10 08:12:35 - [TEST_STEP][PASSED] - takeScreenshot(screenPath + i + ".png"): Taking screenshot successfully

2019-12-10 08:12:35 - [MESSAGE][PASSED] - Taking screenshot successfully
[[ATTACHMENT|D:\\Test\\AgileTest\\Reports\\AHI\\hbi\\20191210_080033\\../Screenshots/iPhone 6/hbi/Legion Limited Medical/20191210_081209/4.png]]

2019-12-10 08:12:35 - [TEST_STEP][PASSED] - (internal.GlobalVariable.i++): null

2019-12-10 08:12:35 - [MESSAGE][PASSED] - Call Test Case 'Test Cases/AHI/_include/get_screenshot' successfully

2019-12-10 08:12:35 - [TEST_STEP][PASSED] - click(findTestObject("mobileSanity/HBI/detail/a_Apply for This Plan")): Object: 'Object Repository/mobileSanity/HBI/detail/a_Apply for This Plan' is clicked on

2019-12-10 08:12:37 - [MESSAGE][PASSED] - Object: 'Object Repository/mobileSanity/HBI/detail/a_Apply for This Plan' is clicked on

2019-12-10 08:12:37 - [TEST_STEP][PASSED] - waitForPageLoad(20): Wait for page load successfully

2019-12-10 08:12:37 - [MESSAGE][PASSED] - Wait for page load successfully

2019-12-10 08:12:37 - [TEST_STEP][PASSED] - callTestCase(findTestCase("AHI/_include/get_screenshot"), [:], STOP_ON_FAILURE): Call Test Case 'Test Cases/AHI/_include/get_screenshot' successfully

2019-12-10 08:12:37 - [TEST_CASE][PASSED] - Test Cases/AHI/_include/get_screenshot: Test Cases/AHI/_include/get_screenshot

2019-12-10 08:12:37 - [TEST_STEP][PASSED] - takeScreenshot(screenPath + i + ".png"): Taking screenshot successfully

2019-12-10 08:12:37 - [MESSAGE][PASSED] - Taking screenshot successfully
[[ATTACHMENT|D:\\Test\\AgileTest\\Reports\\AHI\\hbi\\20191210_080033\\../Screenshots/iPhone 6/hbi/Legion Limited Medical/20191210_081209/5.png]]

2019-12-10 08:12:37 - [TEST_STEP][PASSED] - (internal.GlobalVariable.i++): null

2019-12-10 08:12:37 - [MESSAGE][PASSED] - Call Test Case 'Test Cases/AHI/_include/get_screenshot' successfully

2019-12-10 08:12:37 - [TEST_STEP][PASSED] - click(findTestObject("mobileSanity/HBI/Page_Apply/span_Start Secure Application")): Object: 'Object Repository/mobileSanity/HBI/Page_Apply/span_Start Secure Application' is clicked on

2019-12-10 08:12:38 - [MESSAGE][PASSED] - Object: 'Object Repository/mobileSanity/HBI/Page_Apply/span_Start Secure Application' is clicked on

2019-12-10 08:12:38 - [TEST_STEP][PASSED] - waitForPageLoad(20): Wait for page load successfully

2019-12-10 08:12:39 - [MESSAGE][PASSED] - Wait for page load successfully

2019-12-10 08:12:39 - [TEST_STEP][PASSED] - Thread.sleep(5000): null

2019-12-10 08:12:44 - [TEST_STEP][PASSED] - callTestCase(findTestCase("AHI/_include/get_screenshot"), [:], STOP_ON_FAILURE): Call Test Case 'Test Cases/AHI/_include/get_screenshot' successfully

2019-12-10 08:12:44 - [TEST_CASE][PASSED] - Test Cases/AHI/_include/get_screenshot: Test Cases/AHI/_include/get_screenshot

2019-12-10 08:12:44 - [TEST_STEP][PASSED] - takeScreenshot(screenPath + i + ".png"): Taking screenshot successfully

2019-12-10 08:12:45 - [MESSAGE][PASSED] - Taking screenshot successfully
[[ATTACHMENT|D:\\Test\\AgileTest\\Reports\\AHI\\hbi\\20191210_080033\\../Screenshots/iPhone 6/hbi/Legion Limited Medical/20191210_081209/6.png]]

2019-12-10 08:12:45 - [TEST_STEP][PASSED] - (internal.GlobalVariable.i++): null

2019-12-10 08:12:45 - [MESSAGE][PASSED] - Call Test Case 'Test Cases/AHI/_include/get_screenshot' successfully

2019-12-10 08:12:45 - [TEST_STEP][PASSED] - callTestCase(findTestCase("AHI/_include/goToEnd_hbi"), ["carrier":"legionlimitedmedical"], CONTINUE_ON_FAILURE): Call Test Case 'Test Cases/AHI/_include/goToEnd_hbi' successfully

2019-12-10 08:12:45 - [TEST_CASE][PASSED] - Test Cases/AHI/_include/goToEnd_hbi: Test Cases/AHI/_include/goToEnd_hbi

2019-12-10 08:12:45 - [TEST_STEP][PASSED] - if (state == "ca"): null

2019-12-10 08:12:45 - [TEST_STEP][PASSED] - callTestCase(findTestCase("AHI/_include/name"), [:], CONTINUE_ON_FAILURE): Call Test Case 'Test Cases/AHI/_include/name' successfully

2019-12-10 08:12:45 - [TEST_CASE][PASSED] - Test Cases/AHI/_include/name: Test Cases/AHI/_include/name

2019-12-10 08:12:45 - [TEST_STEP][PASSED] - driver = getWebDriver(): null

2019-12-10 08:12:45 - [TEST_STEP][PASSED] - selenium = new com.thoughtworks.selenium.webdriven.WebDriverBackedSelenium(driver, internal.GlobalVariable.ENV): null

2019-12-10 08:12:45 - [TEST_STEP][PASSED] - FirstName = "Test-123": null

2019-12-10 08:12:45 - [TEST_STEP][PASSED] - LastName = selenium.getEval("{var x="ABCDEFGHIJKLMNOPQRSTUVWXYZabcdefghijklmnopqrstuvwxyz"; var tmp="ZZ11-"; for (i=0;i<8;i++) tmp+=x.charAt(Math.ceil(51*Math.random()));tmp;}"): null

2019-12-10 08:12:45 - [TEST_STEP][PASSED] - Address = selenium.getEval("{var x="ABCDEFGHIJKLMNOPQRSTUVWXYZabcdefghijklmnopqrstuvwxyz"; var tmp=""; for (i=0;i<8;i++) tmp+=x.charAt(Math.ceil(51*Math.random()));tmp;}"): null

2019-12-10 08:12:45 - [TEST_STEP][PASSED] - City = selenium.getEval("{var x="ABCDEFGHIJKLMNOPQRSTUVWXYZabcdefghijklmnopqrstuvwxyz"; var tmp=""; for (i=0;i<8;i++) tmp+=x.charAt(Math.ceil(51*Math.random()));tmp;}"): null

2019-12-10 08:12:45 - [TEST_STEP][PASSED] - tel1 = selenium.getEval("{var x="123456789"; var tmp=""; for (i=0;i<3;i++) tmp+=x.charAt(Math.ceil(8*Math.random()));tmp;}"): null

2019-12-10 08:12:45 - [TEST_STEP][PASSED] - tel2 = selenium.getEval("{var x="123456789"; var tmp=""; for (i=0;i<3;i++) tmp+=x.charAt(Math.ceil(8*Math.random()));tmp;}"): null

2019-12-10 08:12:45 - [TEST_STEP][PASSED] - tel3 = selenium.getEval("{var x="123456789"; var tmp=""; for (i=0;i<4;i++) tmp+=x.charAt(Math.ceil(8*Math.random()));tmp;}"): null

2019-12-10 08:12:45 - [TEST_STEP][PASSED] - Tel = selenium.getExpression(tel1 + "-" + tel2 + "-" + tel3): null

2019-12-10 08:12:45 - [TEST_STEP][PASSED] - AutoEmail = selenium.getEval("{var x="ABCDEFGHIJKLMNOPQRSTUVWXYZabcdefghijklmnopqrstuvwxyz"; var tmp="test."; for (i=0;i<8;i++) tmp+=x.charAt(Math.ceil(51*Math.random()));tmp+="@suryani.cn";}"): null

2019-12-10 08:12:45 - [TEST_STEP][PASSED] - FirstName = FirstName: null

2019-12-10 08:12:45 - [TEST_STEP][PASSED] - LastName = LastName: null

2019-12-10 08:12:45 - [TEST_STEP][PASSED] - Address = Address: null

2019-12-10 08:12:45 - [TEST_STEP][PASSED] - City = City: null

2019-12-10 08:12:45 - [TEST_STEP][PASSED] - Tel = Tel: null

2019-12-10 08:12:45 - [TEST_STEP][PASSED] - AutoEmail = AutoEmail: null

2019-12-10 08:12:45 - [TEST_STEP][PASSED] - println(FirstName): null

2019-12-10 08:12:45 - [TEST_STEP][PASSED] - println(LastName): null

2019-12-10 08:12:45 - [TEST_STEP][PASSED] - println(Address): null

2019-12-10 08:12:45 - [TEST_STEP][PASSED] - println(City): null

2019-12-10 08:12:45 - [TEST_STEP][PASSED] - println(Tel): null

2019-12-10 08:12:45 - [TEST_STEP][PASSED] - println(AutoEmail): null

2019-12-10 08:12:45 - [MESSAGE][PASSED] - Call Test Case 'Test Cases/AHI/_include/name' successfully

2019-12-10 08:12:45 - [TEST_STEP][PASSED] - setText(findTestObject("mobileSanity/HBI/Page_App Page 1/input__member-P-1-firstName"), FirstName): Text 'Test-123' is set on object 'Object Repository/mobileSanity/HBI/Page_App Page 1/input__member-P-1-firstName'

2019-12-10 08:12:46 - [MESSAGE][PASSED] - Text 'Test-123' is set on object 'Object Repository/mobileSanity/HBI/Page_App Page 1/input__member-P-1-firstName'

2019-12-10 08:12:46 - [TEST_STEP][PASSED] - setText(findTestObject("mobileSanity/HBI/Page_App Page 1/input__member-P-1-lastName"), LastName): Text 'ZZ11-YLLFtfzX' is set on object 'Object Repository/mobileSanity/HBI/Page_App Page 1/input__member-P-1-lastName'

2019-12-10 08:12:46 - [MESSAGE][PASSED] - Text 'ZZ11-YLLFtfzX' is set on object 'Object Repository/mobileSanity/HBI/Page_App Page 1/input__member-P-1-lastName'

2019-12-10 08:12:46 - [TEST_STEP][PASSED] - if (carrier == "agileone" || carrier == "agilesecure"): null

2019-12-10 08:12:46 - [TEST_STEP][PASSED] - setText(findTestObject("mobileSanity/HBI/Page_App Page 1/input__address"), Address): Text 'jdYaqezN' is set on object 'Object Repository/mobileSanity/HBI/Page_App Page 1/input__address'

2019-12-10 08:12:46 - [MESSAGE][PASSED] - Text 'jdYaqezN' is set on object 'Object Repository/mobileSanity/HBI/Page_App Page 1/input__address'

2019-12-10 08:12:46 - [TEST_STEP][PASSED] - setText(findTestObject("mobileSanity/HBI/Page_App Page 1/input__city"), City): Text 'XVcvxCcF' is set on object 'Object Repository/mobileSanity/HBI/Page_App Page 1/input__city'

2019-12-10 08:12:46 - [MESSAGE][PASSED] - Text 'XVcvxCcF' is set on object 'Object Repository/mobileSanity/HBI/Page_App Page 1/input__city'

2019-12-10 08:12:46 - [TEST_STEP][PASSED] - setText(findTestObject("mobileSanity/HBI/Page_App Page 1/input__email"), AutoEmail): Text 'test.sOrzEMdQ@suryani.cn' is set on object 'Object Repository/mobileSanity/HBI/Page_App Page 1/input__email'

2019-12-10 08:12:46 - [MESSAGE][PASSED] - Text 'test.sOrzEMdQ@suryani.cn' is set on object 'Object Repository/mobileSanity/HBI/Page_App Page 1/input__email'

2019-12-10 08:12:46 - [TEST_STEP][PASSED] - setText(findTestObject("mobileSanity/HBI/Page_App Page 1/input_tel"), Tel): Text '442-664-6988' is set on object 'Object Repository/mobileSanity/HBI/Page_App Page 1/input_tel'

2019-12-10 08:12:46 - [MESSAGE][PASSED] - Text '442-664-6988' is set on object 'Object Repository/mobileSanity/HBI/Page_App Page 1/input_tel'

2019-12-10 08:12:46 - [TEST_STEP][PASSED] - Thread.sleep(5000): null

2019-12-10 08:12:51 - [TEST_STEP][PASSED] - click(findTestObject("mobileSanity/HBI/Page_App Page 1/a_Continue to Step 2 - Payment")): Object: 'Object Repository/mobileSanity/HBI/Page_App Page 1/a_Continue to Step 2 - Payment' is clicked on

2019-12-10 08:12:52 - [MESSAGE][PASSED] - Object: 'Object Repository/mobileSanity/HBI/Page_App Page 1/a_Continue to Step 2 - Payment' is clicked on

2019-12-10 08:12:52 - [TEST_STEP][PASSED] - waitForPageLoad(20): Wait for page load successfully

2019-12-10 08:12:52 - [MESSAGE][PASSED] - Wait for page load successfully

2019-12-10 08:12:52 - [TEST_STEP][PASSED] - Thread.sleep(2000): null

2019-12-10 08:12:54 - [TEST_STEP][PASSED] - waitForElementVisible(findTestObject("mobileSanity/HBI/Page_App Page 2/input__credit-card-first"), 20): Object 'Object Repository/mobileSanity/HBI/Page_App Page 2/input__credit-card-first' is visible

2019-12-10 08:12:54 - [MESSAGE][PASSED] - Object 'Object Repository/mobileSanity/HBI/Page_App Page 2/input__credit-card-first' is visible

2019-12-10 08:12:54 - [TEST_STEP][PASSED] - callTestCase(findTestCase("AHI/_include/get_screenshot"), [:], STOP_ON_FAILURE): Call Test Case 'Test Cases/AHI/_include/get_screenshot' successfully

2019-12-10 08:12:54 - [TEST_CASE][PASSED] - Test Cases/AHI/_include/get_screenshot: Test Cases/AHI/_include/get_screenshot

2019-12-10 08:12:54 - [TEST_STEP][PASSED] - takeScreenshot(screenPath + i + ".png"): Taking screenshot successfully

2019-12-10 08:12:55 - [MESSAGE][PASSED] - Taking screenshot successfully
[[ATTACHMENT|D:\\Test\\AgileTest\\Reports\\AHI\\hbi\\20191210_080033\\../Screenshots/iPhone 6/hbi/Legion Limited Medical/20191210_081209/7.png]]

2019-12-10 08:12:55 - [TEST_STEP][PASSED] - (internal.GlobalVariable.i++): null

2019-12-10 08:12:55 - [MESSAGE][PASSED] - Call Test Case 'Test Cases/AHI/_include/get_screenshot' successfully

2019-12-10 08:12:55 - [TEST_STEP][PASSED] - setText(findTestObject("mobileSanity/HBI/Page_App Page 2/input__credit-card-first"), FirstName): Text 'Test-123' is set on object 'Object Repository/mobileSanity/HBI/Page_App Page 2/input__credit-card-first'

2019-12-10 08:12:55 - [MESSAGE][PASSED] - Text 'Test-123' is set on object 'Object Repository/mobileSanity/HBI/Page_App Page 2/input__credit-card-first'

2019-12-10 08:12:55 - [TEST_STEP][PASSED] - setText(findTestObject("mobileSanity/HBI/Page_App Page 2/input__credit-card-last"), LastName): Text 'ZZ11-YLLFtfzX' is set on object 'Object Repository/mobileSanity/HBI/Page_App Page 2/input__credit-card-last'

2019-12-10 08:12:55 - [MESSAGE][PASSED] - Text 'ZZ11-YLLFtfzX' is set on object 'Object Repository/mobileSanity/HBI/Page_App Page 2/input__credit-card-last'

2019-12-10 08:12:55 - [TEST_STEP][PASSED] - selectOptionByValue(findTestObject("mobileSanity/HBI/Page_App Page 2/select_MM010203040506070809101"), "12", true): All options with value '12' are selected in object 'Object Repository/mobileSanity/HBI/Page_App Page 2/select_MM010203040506070809101'  using regular expression

2019-12-10 08:12:58 - [MESSAGE][PASSED] - All options with value '12' are selected in object 'Object Repository/mobileSanity/HBI/Page_App Page 2/select_MM010203040506070809101'  using regular expression

2019-12-10 08:12:58 - [TEST_STEP][PASSED] - selectOptionByValue(findTestObject("mobileSanity/HBI/Page_App Page 2/select_YYYY2019202020212022202"), "2026", true): All options with value '2026' are selected in object 'Object Repository/mobileSanity/HBI/Page_App Page 2/select_YYYY2019202020212022202'  using regular expression

2019-12-10 08:12:59 - [MESSAGE][PASSED] - All options with value '2026' are selected in object 'Object Repository/mobileSanity/HBI/Page_App Page 2/select_YYYY2019202020212022202'  using regular expression

2019-12-10 08:12:59 - [TEST_STEP][PASSED] - setText(findTestObject("mobileSanity/HBI/Page_App Page 2/input__credit-card-number"), "4111111111111111"): Text '4111111111111111' is set on object 'Object Repository/mobileSanity/HBI/Page_App Page 2/input__credit-card-number'

2019-12-10 08:13:00 - [MESSAGE][PASSED] - Text '4111111111111111' is set on object 'Object Repository/mobileSanity/HBI/Page_App Page 2/input__credit-card-number'

2019-12-10 08:13:00 - [TEST_STEP][PASSED] - setText(findTestObject("mobileSanity/HBI/Page_App Page 2/input__cvv"), "123"): Text '123' is set on object 'Object Repository/mobileSanity/HBI/Page_App Page 2/input__cvv'

2019-12-10 08:13:00 - [MESSAGE][PASSED] - Text '123' is set on object 'Object Repository/mobileSanity/HBI/Page_App Page 2/input__cvv'

2019-12-10 08:13:00 - [TEST_STEP][PASSED] - click(findTestObject("mobileSanity/HBI/Page_App Page 2/label_My billing address is th")): Object: 'Object Repository/mobileSanity/HBI/Page_App Page 2/label_My billing address is th' is clicked on

2019-12-10 08:13:00 - [MESSAGE][PASSED] - Object: 'Object Repository/mobileSanity/HBI/Page_App Page 2/label_My billing address is th' is clicked on

2019-12-10 08:13:00 - [TEST_STEP][PASSED] - click(findTestObject("mobileSanity/HBI/Page_App Page 2/label_I Accept Authorization f")): Object: 'Object Repository/mobileSanity/HBI/Page_App Page 2/label_I Accept Authorization f' is clicked on

2019-12-10 08:13:00 - [MESSAGE][PASSED] - Object: 'Object Repository/mobileSanity/HBI/Page_App Page 2/label_I Accept Authorization f' is clicked on

2019-12-10 08:13:00 - [TEST_STEP][PASSED] - click(findTestObject("mobileSanity/HBI/Page_App Page 2/a_Continue to Step 3 - Review")): Object: 'Object Repository/mobileSanity/HBI/Page_App Page 2/a_Continue to Step 3 - Review' is clicked on

2019-12-10 08:13:02 - [MESSAGE][PASSED] - Object: 'Object Repository/mobileSanity/HBI/Page_App Page 2/a_Continue to Step 3 - Review' is clicked on

2019-12-10 08:13:02 - [TEST_STEP][PASSED] - waitForPageLoad(20): Wait for page load successfully

2019-12-10 08:13:02 - [MESSAGE][PASSED] - Wait for page load successfully

2019-12-10 08:13:02 - [TEST_STEP][PASSED] - Thread.sleep(10000): null

2019-12-10 08:13:12 - [TEST_STEP][PASSED] - waitForElementPresent(findTestObject("mobileSanity/HBI/Page_App Page 3/label"), 20): Object 'Object Repository/mobileSanity/HBI/Page_App Page 3/label' is present

2019-12-10 08:13:12 - [MESSAGE][PASSED] - Object 'Object Repository/mobileSanity/HBI/Page_App Page 3/label' is present

2019-12-10 08:13:12 - [TEST_STEP][PASSED] - callTestCase(findTestCase("AHI/_include/get_screenshot"), [:], STOP_ON_FAILURE): Call Test Case 'Test Cases/AHI/_include/get_screenshot' successfully

2019-12-10 08:13:12 - [TEST_CASE][PASSED] - Test Cases/AHI/_include/get_screenshot: Test Cases/AHI/_include/get_screenshot

2019-12-10 08:13:12 - [TEST_STEP][PASSED] - takeScreenshot(screenPath + i + ".png"): Taking screenshot successfully

2019-12-10 08:13:12 - [MESSAGE][PASSED] - Taking screenshot successfully
[[ATTACHMENT|D:\\Test\\AgileTest\\Reports\\AHI\\hbi\\20191210_080033\\../Screenshots/iPhone 6/hbi/Legion Limited Medical/20191210_081209/8.png]]

2019-12-10 08:13:12 - [TEST_STEP][PASSED] - (internal.GlobalVariable.i++): null

2019-12-10 08:13:12 - [MESSAGE][PASSED] - Call Test Case 'Test Cases/AHI/_include/get_screenshot' successfully

2019-12-10 08:13:12 - [TEST_STEP][PASSED] - click(findTestObject("mobileSanity/HBI/Page_App Page 3/label")): Object: 'Object Repository/mobileSanity/HBI/Page_App Page 3/label' is clicked on

2019-12-10 08:13:12 - [MESSAGE][PASSED] - Object: 'Object Repository/mobileSanity/HBI/Page_App Page 3/label' is clicked on

2019-12-10 08:13:12 - [TEST_STEP][PASSED] - click(findTestObject("mobileSanity/HBI/Page_App Page 3/p_CLICK TO SIGN")): Object: 'Object Repository/mobileSanity/HBI/Page_App Page 3/p_CLICK TO SIGN' is clicked on

2019-12-10 08:13:12 - [MESSAGE][PASSED] - Object: 'Object Repository/mobileSanity/HBI/Page_App Page 3/p_CLICK TO SIGN' is clicked on

2019-12-10 08:13:12 - [TEST_STEP][PASSED] - click(findTestObject("mobileSanity/HBI/Page_App Page 3/a_Submit Your Application")): Object: 'Object Repository/mobileSanity/HBI/Page_App Page 3/a_Submit Your Application' is clicked on

2019-12-10 08:13:13 - [MESSAGE][PASSED] - Object: 'Object Repository/mobileSanity/HBI/Page_App Page 3/a_Submit Your Application' is clicked on

2019-12-10 08:13:13 - [TEST_STEP][PASSED] - Thread.sleep(30000): null

2019-12-10 08:13:43 - [TEST_STEP][PASSED] - callTestCase(findTestCase("AHI/_include/get_screenshot"), [:], STOP_ON_FAILURE): Call Test Case 'Test Cases/AHI/_include/get_screenshot' successfully

2019-12-10 08:13:43 - [TEST_CASE][PASSED] - Test Cases/AHI/_include/get_screenshot: Test Cases/AHI/_include/get_screenshot

2019-12-10 08:13:43 - [TEST_STEP][PASSED] - takeScreenshot(screenPath + i + ".png"): Taking screenshot successfully

2019-12-10 08:13:43 - [MESSAGE][PASSED] - Taking screenshot successfully
[[ATTACHMENT|D:\\Test\\AgileTest\\Reports\\AHI\\hbi\\20191210_080033\\../Screenshots/iPhone 6/hbi/Legion Limited Medical/20191210_081209/9.png]]

2019-12-10 08:13:43 - [TEST_STEP][PASSED] - (internal.GlobalVariable.i++): null

2019-12-10 08:13:43 - [MESSAGE][PASSED] - Call Test Case 'Test Cases/AHI/_include/get_screenshot' successfully

2019-12-10 08:13:43 - [TEST_STEP][PASSED] - verifyTextPresent("Congratulations", false): Text 'Congratulations' is present on page 

2019-12-10 08:13:43 - [MESSAGE][PASSED] - Text 'Congratulations' is present on page 

2019-12-10 08:13:43 - [MESSAGE][PASSED] - Call Test Case 'Test Cases/AHI/_include/goToEnd_hbi' successfully]]></system-out>
         <system-err><![CDATA[]]></system-err>
      </testcase>
      <testcase name="Test Cases/AHI/HBI/Cardinal Choice" classname="Test Cases/AHI/HBI/Cardinal Choice" status="PASSED">
         <system-out><![CDATA[2019-12-10 08:13:43 - [TEST_CASE][PASSED] - Test Cases/AHI/HBI/Cardinal Choice: Test Cases/AHI/HBI/Cardinal Choice

2019-12-10 08:13:43 - [TEST_STEP][PASSED] - callTestCase(findTestCase("AHI/_include/get_screenPath"), ["productLine":"hbi", "carrierName":"Cardinal Choice"], CONTINUE_ON_FAILURE): Call Test Case 'Test Cases/AHI/_include/get_screenPath' successfully

2019-12-10 08:13:43 - [TEST_CASE][PASSED] - Test Cases/AHI/_include/get_screenPath: Test Cases/AHI/_include/get_screenPath

2019-12-10 08:13:43 - [TEST_STEP][PASSED] - m = getExecutionProperties(): null

2019-12-10 08:13:43 - [TEST_STEP][PASSED] - deviceName = get("mobileEmulation").get("deviceName"): null

2019-12-10 08:13:43 - [TEST_STEP][PASSED] - println(deviceName): null

2019-12-10 08:13:43 - [TEST_STEP][PASSED] - now = new java.util.Date(): null

2019-12-10 08:13:43 - [TEST_STEP][PASSED] - mydate = now.format("yyyyMMdd_HHmmss"): null

2019-12-10 08:13:43 - [TEST_STEP][PASSED] - screenPath = "../Screenshots/": null

2019-12-10 08:13:43 - [TEST_STEP][PASSED] - screenPath = screenPath + deviceName + "/" + productLine + "/" + carrierName + "/" + mydate + "/": null

2019-12-10 08:13:43 - [TEST_STEP][PASSED] - println(screenPath): null

2019-12-10 08:13:43 - [MESSAGE][PASSED] - Call Test Case 'Test Cases/AHI/_include/get_screenPath' successfully

2019-12-10 08:13:43 - [TEST_STEP][PASSED] - i = 0: null

2019-12-10 08:13:43 - [TEST_STEP][PASSED] - callTestCase(findTestCase("AHI/_include/openWebSite"), [:], CONTINUE_ON_FAILURE): Call Test Case 'Test Cases/AHI/_include/openWebSite' successfully

2019-12-10 08:13:43 - [TEST_CASE][PASSED] - Test Cases/AHI/_include/openWebSite: Test Cases/AHI/_include/openWebSite

2019-12-10 08:13:43 - [TEST_STEP][PASSED] - openBrowser(env): Browser is opened with url: 'https://praetemptatus.agilehealthinsurance.com'

2019-12-10 08:13:43 - [MESSAGE][WARNING] - A browser is already opened. Closing browser and opening a new one

2019-12-10 08:13:44 - [MESSAGE][INFO] - Starting 'Chrome' driver

2019-12-10 08:13:44 - [MESSAGE][INFO] - User set preference: ['mobileEmulation', '{deviceName=iPhone 6}']

2019-12-10 08:13:44 - [MESSAGE][INFO] - User set preference: ['args', '[--incognito, --aggressive-cache-discard, --window-size=375,677, --no-sandbox]']

2019-12-10 08:13:47 - [MESSAGE][PASSED] - Browser is opened with url: 'https://praetemptatus.agilehealthinsurance.com'

2019-12-10 08:13:47 - [TEST_STEP][PASSED] - waitForPageLoad(20): Wait for page load successfully

2019-12-10 08:13:47 - [MESSAGE][PASSED] - Wait for page load successfully

2019-12-10 08:13:47 - [TEST_STEP][PASSED] - callTestCase(findTestCase("AHI/_include/get_screenshot"), [:], STOP_ON_FAILURE): Call Test Case 'Test Cases/AHI/_include/get_screenshot' successfully

2019-12-10 08:13:47 - [TEST_CASE][PASSED] - Test Cases/AHI/_include/get_screenshot: Test Cases/AHI/_include/get_screenshot

2019-12-10 08:13:47 - [TEST_STEP][PASSED] - takeScreenshot(screenPath + i + ".png"): Taking screenshot successfully

2019-12-10 08:13:49 - [MESSAGE][PASSED] - Taking screenshot successfully
[[ATTACHMENT|D:\\Test\\AgileTest\\Reports\\AHI\\hbi\\20191210_080033\\../Screenshots/iPhone 6/hbi/Cardinal Choice/20191210_081343/0.png]]

2019-12-10 08:13:49 - [TEST_STEP][PASSED] - (internal.GlobalVariable.i++): null

2019-12-10 08:13:49 - [MESSAGE][PASSED] - Call Test Case 'Test Cases/AHI/_include/get_screenshot' successfully

2019-12-10 08:13:49 - [MESSAGE][PASSED] - Call Test Case 'Test Cases/AHI/_include/openWebSite' successfully

2019-12-10 08:13:49 - [TEST_STEP][PASSED] - callTestCase(findTestCase("AHI/_include/census_hbi"), [:], CONTINUE_ON_FAILURE): Call Test Case 'Test Cases/AHI/_include/census_hbi' successfully

2019-12-10 08:13:49 - [TEST_CASE][PASSED] - Test Cases/AHI/_include/census_hbi: Test Cases/AHI/_include/census_hbi

2019-12-10 08:13:49 - [TEST_STEP][PASSED] - click(findTestObject("mobileSanity/Common/side_nav/menu")): Object: 'Object Repository/mobileSanity/Common/side_nav/menu' is clicked on

2019-12-10 08:13:49 - [MESSAGE][PASSED] - Object: 'Object Repository/mobileSanity/Common/side_nav/menu' is clicked on

2019-12-10 08:13:49 - [TEST_STEP][PASSED] - Thread.sleep(3000): null

2019-12-10 08:13:52 - [TEST_STEP][PASSED] - callTestCase(findTestCase("AHI/_include/get_screenshot"), [:], STOP_ON_FAILURE): Call Test Case 'Test Cases/AHI/_include/get_screenshot' successfully

2019-12-10 08:13:52 - [TEST_CASE][PASSED] - Test Cases/AHI/_include/get_screenshot: Test Cases/AHI/_include/get_screenshot

2019-12-10 08:13:52 - [TEST_STEP][PASSED] - takeScreenshot(screenPath + i + ".png"): Taking screenshot successfully

2019-12-10 08:13:53 - [MESSAGE][PASSED] - Taking screenshot successfully
[[ATTACHMENT|D:\\Test\\AgileTest\\Reports\\AHI\\hbi\\20191210_080033\\../Screenshots/iPhone 6/hbi/Cardinal Choice/20191210_081343/1.png]]

2019-12-10 08:13:53 - [TEST_STEP][PASSED] - (internal.GlobalVariable.i++): null

2019-12-10 08:13:53 - [MESSAGE][PASSED] - Call Test Case 'Test Cases/AHI/_include/get_screenshot' successfully

2019-12-10 08:13:53 - [TEST_STEP][PASSED] - click(findTestObject("mobileSanity/Common/side_nav/nav_hbi")): Object: 'Object Repository/mobileSanity/Common/side_nav/nav_hbi' is clicked on

2019-12-10 08:13:54 - [MESSAGE][PASSED] - Object: 'Object Repository/mobileSanity/Common/side_nav/nav_hbi' is clicked on

2019-12-10 08:13:54 - [TEST_STEP][PASSED] - waitForPageLoad(10): Wait for page load successfully

2019-12-10 08:13:54 - [MESSAGE][PASSED] - Wait for page load successfully

2019-12-10 08:13:54 - [TEST_STEP][PASSED] - Thread.sleep(3000): null

2019-12-10 08:13:57 - [TEST_STEP][PASSED] - callTestCase(findTestCase("AHI/_include/get_screenshot"), [:], STOP_ON_FAILURE): Call Test Case 'Test Cases/AHI/_include/get_screenshot' successfully

2019-12-10 08:13:57 - [TEST_CASE][PASSED] - Test Cases/AHI/_include/get_screenshot: Test Cases/AHI/_include/get_screenshot

2019-12-10 08:13:57 - [TEST_STEP][PASSED] - takeScreenshot(screenPath + i + ".png"): Taking screenshot successfully

2019-12-10 08:13:57 - [MESSAGE][PASSED] - Taking screenshot successfully
[[ATTACHMENT|D:\\Test\\AgileTest\\Reports\\AHI\\hbi\\20191210_080033\\../Screenshots/iPhone 6/hbi/Cardinal Choice/20191210_081343/2.png]]

2019-12-10 08:13:57 - [TEST_STEP][PASSED] - (internal.GlobalVariable.i++): null

2019-12-10 08:13:57 - [MESSAGE][PASSED] - Call Test Case 'Test Cases/AHI/_include/get_screenshot' successfully

2019-12-10 08:13:57 - [TEST_STEP][PASSED] - setText(findTestObject("mobileSanity/HBI/census/input_Location_zip-input"), zipcode): Text '35215' is set on object 'Object Repository/mobileSanity/HBI/census/input_Location_zip-input'

2019-12-10 08:13:58 - [MESSAGE][PASSED] - Text '35215' is set on object 'Object Repository/mobileSanity/HBI/census/input_Location_zip-input'

2019-12-10 08:13:58 - [TEST_STEP][PASSED] - Thread.sleep(500): null

2019-12-10 08:13:58 - [TEST_STEP][PASSED] - setText(findTestObject("mobileSanity/HBI/census/input_Date of Birth_dob-0"), "12121980"): Text '12121980' is set on object 'Object Repository/mobileSanity/HBI/census/input_Date of Birth_dob-0'

2019-12-10 08:13:58 - [MESSAGE][PASSED] - Text '12121980' is set on object 'Object Repository/mobileSanity/HBI/census/input_Date of Birth_dob-0'

2019-12-10 08:13:58 - [TEST_STEP][PASSED] - click(findTestObject("mobileSanity/HBI/census/label_Male")): Object: 'Object Repository/mobileSanity/HBI/census/label_Male' is clicked on

2019-12-10 08:13:58 - [MESSAGE][PASSED] - Object: 'Object Repository/mobileSanity/HBI/census/label_Male' is clicked on

2019-12-10 08:13:58 - [TEST_STEP][PASSED] - click(findTestObject("mobileSanity/HBI/census/label_Get a Quote")): Object: 'Object Repository/mobileSanity/HBI/census/label_Get a Quote' is clicked on

2019-12-10 08:13:59 - [MESSAGE][PASSED] - Object: 'Object Repository/mobileSanity/HBI/census/label_Get a Quote' is clicked on

2019-12-10 08:13:59 - [TEST_STEP][PASSED] - waitForPageLoad(20): Wait for page load successfully

2019-12-10 08:14:00 - [MESSAGE][PASSED] - Wait for page load successfully

2019-12-10 08:14:00 - [TEST_STEP][PASSED] - Thread.sleep(3000): null

2019-12-10 08:14:03 - [TEST_STEP][PASSED] - callTestCase(findTestCase("AHI/_include/check_quoteleadform"), [:], STOP_ON_FAILURE): Call Test Case 'Test Cases/AHI/_include/check_quoteleadform' successfully

2019-12-10 08:14:03 - [TEST_CASE][PASSED] - Test Cases/AHI/_include/check_quoteleadform: Test Cases/AHI/_include/check_quoteleadform

2019-12-10 08:14:03 - [TEST_STEP][PASSED] - callTestCase(findTestCase("AHI/_include/name"), [:], CONTINUE_ON_FAILURE): Call Test Case 'Test Cases/AHI/_include/name' successfully

2019-12-10 08:14:03 - [TEST_CASE][PASSED] - Test Cases/AHI/_include/name: Test Cases/AHI/_include/name

2019-12-10 08:14:03 - [TEST_STEP][PASSED] - driver = getWebDriver(): null

2019-12-10 08:14:03 - [TEST_STEP][PASSED] - selenium = new com.thoughtworks.selenium.webdriven.WebDriverBackedSelenium(driver, internal.GlobalVariable.ENV): null

2019-12-10 08:14:03 - [TEST_STEP][PASSED] - FirstName = "Test-123": null

2019-12-10 08:14:03 - [TEST_STEP][PASSED] - LastName = selenium.getEval("{var x="ABCDEFGHIJKLMNOPQRSTUVWXYZabcdefghijklmnopqrstuvwxyz"; var tmp="ZZ11-"; for (i=0;i<8;i++) tmp+=x.charAt(Math.ceil(51*Math.random()));tmp;}"): null

2019-12-10 08:14:03 - [TEST_STEP][PASSED] - Address = selenium.getEval("{var x="ABCDEFGHIJKLMNOPQRSTUVWXYZabcdefghijklmnopqrstuvwxyz"; var tmp=""; for (i=0;i<8;i++) tmp+=x.charAt(Math.ceil(51*Math.random()));tmp;}"): null

2019-12-10 08:14:03 - [TEST_STEP][PASSED] - City = selenium.getEval("{var x="ABCDEFGHIJKLMNOPQRSTUVWXYZabcdefghijklmnopqrstuvwxyz"; var tmp=""; for (i=0;i<8;i++) tmp+=x.charAt(Math.ceil(51*Math.random()));tmp;}"): null

2019-12-10 08:14:03 - [TEST_STEP][PASSED] - tel1 = selenium.getEval("{var x="123456789"; var tmp=""; for (i=0;i<3;i++) tmp+=x.charAt(Math.ceil(8*Math.random()));tmp;}"): null

2019-12-10 08:14:03 - [TEST_STEP][PASSED] - tel2 = selenium.getEval("{var x="123456789"; var tmp=""; for (i=0;i<3;i++) tmp+=x.charAt(Math.ceil(8*Math.random()));tmp;}"): null

2019-12-10 08:14:03 - [TEST_STEP][PASSED] - tel3 = selenium.getEval("{var x="123456789"; var tmp=""; for (i=0;i<4;i++) tmp+=x.charAt(Math.ceil(8*Math.random()));tmp;}"): null

2019-12-10 08:14:03 - [TEST_STEP][PASSED] - Tel = selenium.getExpression(tel1 + "-" + tel2 + "-" + tel3): null

2019-12-10 08:14:03 - [TEST_STEP][PASSED] - AutoEmail = selenium.getEval("{var x="ABCDEFGHIJKLMNOPQRSTUVWXYZabcdefghijklmnopqrstuvwxyz"; var tmp="test."; for (i=0;i<8;i++) tmp+=x.charAt(Math.ceil(51*Math.random()));tmp+="@suryani.cn";}"): null

2019-12-10 08:14:03 - [TEST_STEP][PASSED] - FirstName = FirstName: null

2019-12-10 08:14:03 - [TEST_STEP][PASSED] - LastName = LastName: null

2019-12-10 08:14:03 - [TEST_STEP][PASSED] - Address = Address: null

2019-12-10 08:14:03 - [TEST_STEP][PASSED] - City = City: null

2019-12-10 08:14:03 - [TEST_STEP][PASSED] - Tel = Tel: null

2019-12-10 08:14:03 - [TEST_STEP][PASSED] - AutoEmail = AutoEmail: null

2019-12-10 08:14:03 - [TEST_STEP][PASSED] - println(FirstName): null

2019-12-10 08:14:03 - [TEST_STEP][PASSED] - println(LastName): null

2019-12-10 08:14:03 - [TEST_STEP][PASSED] - println(Address): null

2019-12-10 08:14:03 - [TEST_STEP][PASSED] - println(City): null

2019-12-10 08:14:03 - [TEST_STEP][PASSED] - println(Tel): null

2019-12-10 08:14:03 - [TEST_STEP][PASSED] - println(AutoEmail): null

2019-12-10 08:14:03 - [MESSAGE][PASSED] - Call Test Case 'Test Cases/AHI/_include/name' successfully

2019-12-10 08:14:03 - [TEST_STEP][PASSED] - leadform_exist = test.MobileKeywords.isElementPresent_Web(findTestObject("mobileSanity/quote lead form/lead_form"), 20): test.MobileKeywords.isElementPresent_Web is PASSED

2019-12-10 08:14:03 - [MESSAGE][PASSED] - test.MobileKeywords.isElementPresent_Web is PASSED

2019-12-10 08:14:03 - [TEST_STEP][PASSED] - if (leadform_exist): null

2019-12-10 08:14:03 - [TEST_STEP][PASSED] - setText(findTestObject("mobileSanity/quote lead form/first"), FirstName): Text 'Test-123' is set on object 'Object Repository/mobileSanity/quote lead form/first'

2019-12-10 08:14:03 - [MESSAGE][PASSED] - Text 'Test-123' is set on object 'Object Repository/mobileSanity/quote lead form/first'

2019-12-10 08:14:03 - [TEST_STEP][PASSED] - setText(findTestObject("mobileSanity/quote lead form/last"), LastName): Text 'ZZ11-VphJdDQs' is set on object 'Object Repository/mobileSanity/quote lead form/last'

2019-12-10 08:14:03 - [MESSAGE][PASSED] - Text 'ZZ11-VphJdDQs' is set on object 'Object Repository/mobileSanity/quote lead form/last'

2019-12-10 08:14:03 - [TEST_STEP][PASSED] - setText(findTestObject("mobileSanity/quote lead form/email"), AutoEmail): Text 'test.KfRLCFXV@suryani.cn' is set on object 'Object Repository/mobileSanity/quote lead form/email'

2019-12-10 08:14:04 - [MESSAGE][PASSED] - Text 'test.KfRLCFXV@suryani.cn' is set on object 'Object Repository/mobileSanity/quote lead form/email'

2019-12-10 08:14:04 - [TEST_STEP][PASSED] - setText(findTestObject("mobileSanity/quote lead form/phone"), Tel): Text '398-387-5882' is set on object 'Object Repository/mobileSanity/quote lead form/phone'

2019-12-10 08:14:04 - [MESSAGE][PASSED] - Text '398-387-5882' is set on object 'Object Repository/mobileSanity/quote lead form/phone'

2019-12-10 08:14:04 - [TEST_STEP][PASSED] - click(findTestObject("mobileSanity/quote lead form/submit")): Object: 'Object Repository/mobileSanity/quote lead form/submit' is clicked on

2019-12-10 08:14:04 - [MESSAGE][PASSED] - Object: 'Object Repository/mobileSanity/quote lead form/submit' is clicked on

2019-12-10 08:14:04 - [TEST_STEP][PASSED] - Thread.sleep(3000): null

2019-12-10 08:14:07 - [MESSAGE][PASSED] - Call Test Case 'Test Cases/AHI/_include/check_quoteleadform' successfully

2019-12-10 08:14:07 - [TEST_STEP][PASSED] - callTestCase(findTestCase("AHI/_include/get_screenshot"), [:], STOP_ON_FAILURE): Call Test Case 'Test Cases/AHI/_include/get_screenshot' successfully

2019-12-10 08:14:07 - [TEST_CASE][PASSED] - Test Cases/AHI/_include/get_screenshot: Test Cases/AHI/_include/get_screenshot

2019-12-10 08:14:07 - [TEST_STEP][PASSED] - takeScreenshot(screenPath + i + ".png"): Taking screenshot successfully

2019-12-10 08:14:08 - [MESSAGE][PASSED] - Taking screenshot successfully
[[ATTACHMENT|D:\\Test\\AgileTest\\Reports\\AHI\\hbi\\20191210_080033\\../Screenshots/iPhone 6/hbi/Cardinal Choice/20191210_081343/3.png]]

2019-12-10 08:14:08 - [TEST_STEP][PASSED] - (internal.GlobalVariable.i++): null

2019-12-10 08:14:08 - [MESSAGE][PASSED] - Call Test Case 'Test Cases/AHI/_include/get_screenshot' successfully

2019-12-10 08:14:08 - [MESSAGE][PASSED] - Call Test Case 'Test Cases/AHI/_include/census_hbi' successfully

2019-12-10 08:14:08 - [TEST_STEP][PASSED] - Thread.sleep(5000): null

2019-12-10 08:14:13 - [TEST_STEP][PASSED] - scrollToPosition(200, 2300): Browser is scrolled to position x = 200, y = 2300

2019-12-10 08:14:13 - [MESSAGE][PASSED] - Browser is scrolled to position x = 200, y = 2300

2019-12-10 08:14:13 - [TEST_STEP][PASSED] - click(findTestObject("mobileSanity/HBI/quote/a_Cardinal Choice")): Object: 'Object Repository/mobileSanity/HBI/quote/a_Cardinal Choice' is clicked on

2019-12-10 08:14:13 - [MESSAGE][PASSED] - Object: 'Object Repository/mobileSanity/HBI/quote/a_Cardinal Choice' is clicked on

2019-12-10 08:14:13 - [TEST_STEP][PASSED] - waitForPageLoad(20): Wait for page load successfully

2019-12-10 08:14:14 - [MESSAGE][PASSED] - Wait for page load successfully

2019-12-10 08:14:14 - [TEST_STEP][PASSED] - callTestCase(findTestCase("AHI/_include/get_screenshot"), [:], STOP_ON_FAILURE): Call Test Case 'Test Cases/AHI/_include/get_screenshot' successfully

2019-12-10 08:14:14 - [TEST_CASE][PASSED] - Test Cases/AHI/_include/get_screenshot: Test Cases/AHI/_include/get_screenshot

2019-12-10 08:14:14 - [TEST_STEP][PASSED] - takeScreenshot(screenPath + i + ".png"): Taking screenshot successfully

2019-12-10 08:14:14 - [MESSAGE][PASSED] - Taking screenshot successfully
[[ATTACHMENT|D:\\Test\\AgileTest\\Reports\\AHI\\hbi\\20191210_080033\\../Screenshots/iPhone 6/hbi/Cardinal Choice/20191210_081343/4.png]]

2019-12-10 08:14:14 - [TEST_STEP][PASSED] - (internal.GlobalVariable.i++): null

2019-12-10 08:14:14 - [MESSAGE][PASSED] - Call Test Case 'Test Cases/AHI/_include/get_screenshot' successfully

2019-12-10 08:14:14 - [TEST_STEP][PASSED] - click(findTestObject("mobileSanity/HBI/detail/a_Apply for This Plan")): Object: 'Object Repository/mobileSanity/HBI/detail/a_Apply for This Plan' is clicked on

2019-12-10 08:14:14 - [MESSAGE][PASSED] - Object: 'Object Repository/mobileSanity/HBI/detail/a_Apply for This Plan' is clicked on

2019-12-10 08:14:14 - [TEST_STEP][PASSED] - waitForPageLoad(20): Wait for page load successfully

2019-12-10 08:14:15 - [MESSAGE][PASSED] - Wait for page load successfully

2019-12-10 08:14:15 - [TEST_STEP][PASSED] - callTestCase(findTestCase("AHI/_include/get_screenshot"), [:], STOP_ON_FAILURE): Call Test Case 'Test Cases/AHI/_include/get_screenshot' successfully

2019-12-10 08:14:15 - [TEST_CASE][PASSED] - Test Cases/AHI/_include/get_screenshot: Test Cases/AHI/_include/get_screenshot

2019-12-10 08:14:15 - [TEST_STEP][PASSED] - takeScreenshot(screenPath + i + ".png"): Taking screenshot successfully

2019-12-10 08:14:16 - [MESSAGE][PASSED] - Taking screenshot successfully
[[ATTACHMENT|D:\\Test\\AgileTest\\Reports\\AHI\\hbi\\20191210_080033\\../Screenshots/iPhone 6/hbi/Cardinal Choice/20191210_081343/5.png]]

2019-12-10 08:14:16 - [TEST_STEP][PASSED] - (internal.GlobalVariable.i++): null

2019-12-10 08:14:16 - [MESSAGE][PASSED] - Call Test Case 'Test Cases/AHI/_include/get_screenshot' successfully

2019-12-10 08:14:16 - [TEST_STEP][PASSED] - click(findTestObject("mobileSanity/HBI/Page_Apply/span_Start Secure Application")): Object: 'Object Repository/mobileSanity/HBI/Page_Apply/span_Start Secure Application' is clicked on

2019-12-10 08:14:16 - [MESSAGE][PASSED] - Object: 'Object Repository/mobileSanity/HBI/Page_Apply/span_Start Secure Application' is clicked on

2019-12-10 08:14:16 - [TEST_STEP][PASSED] - waitForPageLoad(20): Wait for page load successfully

2019-12-10 08:14:17 - [MESSAGE][PASSED] - Wait for page load successfully

2019-12-10 08:14:17 - [TEST_STEP][PASSED] - Thread.sleep(5000): null

2019-12-10 08:14:22 - [TEST_STEP][PASSED] - callTestCase(findTestCase("AHI/_include/get_screenshot"), [:], STOP_ON_FAILURE): Call Test Case 'Test Cases/AHI/_include/get_screenshot' successfully

2019-12-10 08:14:22 - [TEST_CASE][PASSED] - Test Cases/AHI/_include/get_screenshot: Test Cases/AHI/_include/get_screenshot

2019-12-10 08:14:22 - [TEST_STEP][PASSED] - takeScreenshot(screenPath + i + ".png"): Taking screenshot successfully

2019-12-10 08:14:22 - [MESSAGE][PASSED] - Taking screenshot successfully
[[ATTACHMENT|D:\\Test\\AgileTest\\Reports\\AHI\\hbi\\20191210_080033\\../Screenshots/iPhone 6/hbi/Cardinal Choice/20191210_081343/6.png]]

2019-12-10 08:14:22 - [TEST_STEP][PASSED] - (internal.GlobalVariable.i++): null

2019-12-10 08:14:22 - [MESSAGE][PASSED] - Call Test Case 'Test Cases/AHI/_include/get_screenshot' successfully

2019-12-10 08:14:22 - [TEST_STEP][PASSED] - callTestCase(findTestCase("AHI/_include/goToEnd_hbi"), ["carrier":"cardinalchoice"], CONTINUE_ON_FAILURE): Call Test Case 'Test Cases/AHI/_include/goToEnd_hbi' successfully

2019-12-10 08:14:22 - [TEST_CASE][PASSED] - Test Cases/AHI/_include/goToEnd_hbi: Test Cases/AHI/_include/goToEnd_hbi

2019-12-10 08:14:22 - [TEST_STEP][PASSED] - if (state == "ca"): null

2019-12-10 08:14:22 - [TEST_STEP][PASSED] - callTestCase(findTestCase("AHI/_include/name"), [:], CONTINUE_ON_FAILURE): Call Test Case 'Test Cases/AHI/_include/name' successfully

2019-12-10 08:14:22 - [TEST_CASE][PASSED] - Test Cases/AHI/_include/name: Test Cases/AHI/_include/name

2019-12-10 08:14:22 - [TEST_STEP][PASSED] - driver = getWebDriver(): null

2019-12-10 08:14:22 - [TEST_STEP][PASSED] - selenium = new com.thoughtworks.selenium.webdriven.WebDriverBackedSelenium(driver, internal.GlobalVariable.ENV): null

2019-12-10 08:14:22 - [TEST_STEP][PASSED] - FirstName = "Test-123": null

2019-12-10 08:14:22 - [TEST_STEP][PASSED] - LastName = selenium.getEval("{var x="ABCDEFGHIJKLMNOPQRSTUVWXYZabcdefghijklmnopqrstuvwxyz"; var tmp="ZZ11-"; for (i=0;i<8;i++) tmp+=x.charAt(Math.ceil(51*Math.random()));tmp;}"): null

2019-12-10 08:14:22 - [TEST_STEP][PASSED] - Address = selenium.getEval("{var x="ABCDEFGHIJKLMNOPQRSTUVWXYZabcdefghijklmnopqrstuvwxyz"; var tmp=""; for (i=0;i<8;i++) tmp+=x.charAt(Math.ceil(51*Math.random()));tmp;}"): null

2019-12-10 08:14:22 - [TEST_STEP][PASSED] - City = selenium.getEval("{var x="ABCDEFGHIJKLMNOPQRSTUVWXYZabcdefghijklmnopqrstuvwxyz"; var tmp=""; for (i=0;i<8;i++) tmp+=x.charAt(Math.ceil(51*Math.random()));tmp;}"): null

2019-12-10 08:14:22 - [TEST_STEP][PASSED] - tel1 = selenium.getEval("{var x="123456789"; var tmp=""; for (i=0;i<3;i++) tmp+=x.charAt(Math.ceil(8*Math.random()));tmp;}"): null

2019-12-10 08:14:22 - [TEST_STEP][PASSED] - tel2 = selenium.getEval("{var x="123456789"; var tmp=""; for (i=0;i<3;i++) tmp+=x.charAt(Math.ceil(8*Math.random()));tmp;}"): null

2019-12-10 08:14:22 - [TEST_STEP][PASSED] - tel3 = selenium.getEval("{var x="123456789"; var tmp=""; for (i=0;i<4;i++) tmp+=x.charAt(Math.ceil(8*Math.random()));tmp;}"): null

2019-12-10 08:14:22 - [TEST_STEP][PASSED] - Tel = selenium.getExpression(tel1 + "-" + tel2 + "-" + tel3): null

2019-12-10 08:14:22 - [TEST_STEP][PASSED] - AutoEmail = selenium.getEval("{var x="ABCDEFGHIJKLMNOPQRSTUVWXYZabcdefghijklmnopqrstuvwxyz"; var tmp="test."; for (i=0;i<8;i++) tmp+=x.charAt(Math.ceil(51*Math.random()));tmp+="@suryani.cn";}"): null

2019-12-10 08:14:22 - [TEST_STEP][PASSED] - FirstName = FirstName: null

2019-12-10 08:14:22 - [TEST_STEP][PASSED] - LastName = LastName: null

2019-12-10 08:14:22 - [TEST_STEP][PASSED] - Address = Address: null

2019-12-10 08:14:23 - [TEST_STEP][PASSED] - City = City: null

2019-12-10 08:14:23 - [TEST_STEP][PASSED] - Tel = Tel: null

2019-12-10 08:14:23 - [TEST_STEP][PASSED] - AutoEmail = AutoEmail: null

2019-12-10 08:14:23 - [TEST_STEP][PASSED] - println(FirstName): null

2019-12-10 08:14:23 - [TEST_STEP][PASSED] - println(LastName): null

2019-12-10 08:14:23 - [TEST_STEP][PASSED] - println(Address): null

2019-12-10 08:14:23 - [TEST_STEP][PASSED] - println(City): null

2019-12-10 08:14:23 - [TEST_STEP][PASSED] - println(Tel): null

2019-12-10 08:14:23 - [TEST_STEP][PASSED] - println(AutoEmail): null

2019-12-10 08:14:23 - [MESSAGE][PASSED] - Call Test Case 'Test Cases/AHI/_include/name' successfully

2019-12-10 08:14:23 - [TEST_STEP][PASSED] - setText(findTestObject("mobileSanity/HBI/Page_App Page 1/input__member-P-1-firstName"), FirstName): Text 'Test-123' is set on object 'Object Repository/mobileSanity/HBI/Page_App Page 1/input__member-P-1-firstName'

2019-12-10 08:14:23 - [MESSAGE][PASSED] - Text 'Test-123' is set on object 'Object Repository/mobileSanity/HBI/Page_App Page 1/input__member-P-1-firstName'

2019-12-10 08:14:23 - [TEST_STEP][PASSED] - setText(findTestObject("mobileSanity/HBI/Page_App Page 1/input__member-P-1-lastName"), LastName): Text 'ZZ11-IytXYeHg' is set on object 'Object Repository/mobileSanity/HBI/Page_App Page 1/input__member-P-1-lastName'

2019-12-10 08:14:23 - [MESSAGE][PASSED] - Text 'ZZ11-IytXYeHg' is set on object 'Object Repository/mobileSanity/HBI/Page_App Page 1/input__member-P-1-lastName'

2019-12-10 08:14:23 - [TEST_STEP][PASSED] - if (carrier == "agileone" || carrier == "agilesecure"): null

2019-12-10 08:14:23 - [TEST_STEP][PASSED] - setText(findTestObject("mobileSanity/HBI/Page_App Page 1/input__address"), Address): Text 'ISOfagFa' is set on object 'Object Repository/mobileSanity/HBI/Page_App Page 1/input__address'

2019-12-10 08:14:24 - [MESSAGE][PASSED] - Text 'ISOfagFa' is set on object 'Object Repository/mobileSanity/HBI/Page_App Page 1/input__address'

2019-12-10 08:14:24 - [TEST_STEP][PASSED] - setText(findTestObject("mobileSanity/HBI/Page_App Page 1/input__city"), City): Text 'tjZaxYch' is set on object 'Object Repository/mobileSanity/HBI/Page_App Page 1/input__city'

2019-12-10 08:14:24 - [MESSAGE][PASSED] - Text 'tjZaxYch' is set on object 'Object Repository/mobileSanity/HBI/Page_App Page 1/input__city'

2019-12-10 08:14:24 - [TEST_STEP][PASSED] - setText(findTestObject("mobileSanity/HBI/Page_App Page 1/input__email"), AutoEmail): Text 'test.eIKPWzOZ@suryani.cn' is set on object 'Object Repository/mobileSanity/HBI/Page_App Page 1/input__email'

2019-12-10 08:14:25 - [MESSAGE][PASSED] - Text 'test.eIKPWzOZ@suryani.cn' is set on object 'Object Repository/mobileSanity/HBI/Page_App Page 1/input__email'

2019-12-10 08:14:25 - [TEST_STEP][PASSED] - setText(findTestObject("mobileSanity/HBI/Page_App Page 1/input_tel"), Tel): Text '258-574-6269' is set on object 'Object Repository/mobileSanity/HBI/Page_App Page 1/input_tel'

2019-12-10 08:14:26 - [MESSAGE][PASSED] - Text '258-574-6269' is set on object 'Object Repository/mobileSanity/HBI/Page_App Page 1/input_tel'

2019-12-10 08:14:26 - [TEST_STEP][PASSED] - Thread.sleep(5000): null

2019-12-10 08:14:31 - [TEST_STEP][PASSED] - click(findTestObject("mobileSanity/HBI/Page_App Page 1/a_Continue to Step 2 - Payment")): Object: 'Object Repository/mobileSanity/HBI/Page_App Page 1/a_Continue to Step 2 - Payment' is clicked on

2019-12-10 08:14:32 - [MESSAGE][PASSED] - Object: 'Object Repository/mobileSanity/HBI/Page_App Page 1/a_Continue to Step 2 - Payment' is clicked on

2019-12-10 08:14:32 - [TEST_STEP][PASSED] - waitForPageLoad(20): Wait for page load successfully

2019-12-10 08:14:32 - [MESSAGE][PASSED] - Wait for page load successfully

2019-12-10 08:14:32 - [TEST_STEP][PASSED] - Thread.sleep(2000): null

2019-12-10 08:14:34 - [TEST_STEP][PASSED] - waitForElementVisible(findTestObject("mobileSanity/HBI/Page_App Page 2/input__credit-card-first"), 20): Object 'Object Repository/mobileSanity/HBI/Page_App Page 2/input__credit-card-first' is visible

2019-12-10 08:14:34 - [MESSAGE][PASSED] - Object 'Object Repository/mobileSanity/HBI/Page_App Page 2/input__credit-card-first' is visible

2019-12-10 08:14:34 - [TEST_STEP][PASSED] - callTestCase(findTestCase("AHI/_include/get_screenshot"), [:], STOP_ON_FAILURE): Call Test Case 'Test Cases/AHI/_include/get_screenshot' successfully

2019-12-10 08:14:34 - [TEST_CASE][PASSED] - Test Cases/AHI/_include/get_screenshot: Test Cases/AHI/_include/get_screenshot

2019-12-10 08:14:34 - [TEST_STEP][PASSED] - takeScreenshot(screenPath + i + ".png"): Taking screenshot successfully

2019-12-10 08:14:35 - [MESSAGE][PASSED] - Taking screenshot successfully
[[ATTACHMENT|D:\\Test\\AgileTest\\Reports\\AHI\\hbi\\20191210_080033\\../Screenshots/iPhone 6/hbi/Cardinal Choice/20191210_081343/7.png]]

2019-12-10 08:14:35 - [TEST_STEP][PASSED] - (internal.GlobalVariable.i++): null

2019-12-10 08:14:35 - [MESSAGE][PASSED] - Call Test Case 'Test Cases/AHI/_include/get_screenshot' successfully

2019-12-10 08:14:35 - [TEST_STEP][PASSED] - setText(findTestObject("mobileSanity/HBI/Page_App Page 2/input__credit-card-first"), FirstName): Text 'Test-123' is set on object 'Object Repository/mobileSanity/HBI/Page_App Page 2/input__credit-card-first'

2019-12-10 08:14:35 - [MESSAGE][PASSED] - Text 'Test-123' is set on object 'Object Repository/mobileSanity/HBI/Page_App Page 2/input__credit-card-first'

2019-12-10 08:14:35 - [TEST_STEP][PASSED] - setText(findTestObject("mobileSanity/HBI/Page_App Page 2/input__credit-card-last"), LastName): Text 'ZZ11-IytXYeHg' is set on object 'Object Repository/mobileSanity/HBI/Page_App Page 2/input__credit-card-last'

2019-12-10 08:14:35 - [MESSAGE][PASSED] - Text 'ZZ11-IytXYeHg' is set on object 'Object Repository/mobileSanity/HBI/Page_App Page 2/input__credit-card-last'

2019-12-10 08:14:35 - [TEST_STEP][PASSED] - selectOptionByValue(findTestObject("mobileSanity/HBI/Page_App Page 2/select_MM010203040506070809101"), "12", true): All options with value '12' are selected in object 'Object Repository/mobileSanity/HBI/Page_App Page 2/select_MM010203040506070809101'  using regular expression

2019-12-10 08:14:36 - [MESSAGE][PASSED] - All options with value '12' are selected in object 'Object Repository/mobileSanity/HBI/Page_App Page 2/select_MM010203040506070809101'  using regular expression

2019-12-10 08:14:36 - [TEST_STEP][PASSED] - selectOptionByValue(findTestObject("mobileSanity/HBI/Page_App Page 2/select_YYYY2019202020212022202"), "2026", true): All options with value '2026' are selected in object 'Object Repository/mobileSanity/HBI/Page_App Page 2/select_YYYY2019202020212022202'  using regular expression

2019-12-10 08:14:36 - [MESSAGE][PASSED] - All options with value '2026' are selected in object 'Object Repository/mobileSanity/HBI/Page_App Page 2/select_YYYY2019202020212022202'  using regular expression

2019-12-10 08:14:36 - [TEST_STEP][PASSED] - setText(findTestObject("mobileSanity/HBI/Page_App Page 2/input__credit-card-number"), "4111111111111111"): Text '4111111111111111' is set on object 'Object Repository/mobileSanity/HBI/Page_App Page 2/input__credit-card-number'

2019-12-10 08:14:36 - [MESSAGE][PASSED] - Text '4111111111111111' is set on object 'Object Repository/mobileSanity/HBI/Page_App Page 2/input__credit-card-number'

2019-12-10 08:14:36 - [TEST_STEP][PASSED] - setText(findTestObject("mobileSanity/HBI/Page_App Page 2/input__cvv"), "123"): Text '123' is set on object 'Object Repository/mobileSanity/HBI/Page_App Page 2/input__cvv'

2019-12-10 08:14:37 - [MESSAGE][PASSED] - Text '123' is set on object 'Object Repository/mobileSanity/HBI/Page_App Page 2/input__cvv'

2019-12-10 08:14:37 - [TEST_STEP][PASSED] - click(findTestObject("mobileSanity/HBI/Page_App Page 2/label_My billing address is th")): Object: 'Object Repository/mobileSanity/HBI/Page_App Page 2/label_My billing address is th' is clicked on

2019-12-10 08:14:37 - [MESSAGE][PASSED] - Object: 'Object Repository/mobileSanity/HBI/Page_App Page 2/label_My billing address is th' is clicked on

2019-12-10 08:14:37 - [TEST_STEP][PASSED] - click(findTestObject("mobileSanity/HBI/Page_App Page 2/label_I Accept Authorization f")): Object: 'Object Repository/mobileSanity/HBI/Page_App Page 2/label_I Accept Authorization f' is clicked on

2019-12-10 08:14:37 - [MESSAGE][PASSED] - Object: 'Object Repository/mobileSanity/HBI/Page_App Page 2/label_I Accept Authorization f' is clicked on

2019-12-10 08:14:37 - [TEST_STEP][PASSED] - click(findTestObject("mobileSanity/HBI/Page_App Page 2/a_Continue to Step 3 - Review")): Object: 'Object Repository/mobileSanity/HBI/Page_App Page 2/a_Continue to Step 3 - Review' is clicked on

2019-12-10 08:14:37 - [MESSAGE][PASSED] - Object: 'Object Repository/mobileSanity/HBI/Page_App Page 2/a_Continue to Step 3 - Review' is clicked on

2019-12-10 08:14:37 - [TEST_STEP][PASSED] - waitForPageLoad(20): Wait for page load successfully

2019-12-10 08:14:37 - [MESSAGE][PASSED] - Wait for page load successfully

2019-12-10 08:14:37 - [TEST_STEP][PASSED] - Thread.sleep(10000): null

2019-12-10 08:14:47 - [TEST_STEP][PASSED] - waitForElementPresent(findTestObject("mobileSanity/HBI/Page_App Page 3/label"), 20): Object 'Object Repository/mobileSanity/HBI/Page_App Page 3/label' is present

2019-12-10 08:14:47 - [MESSAGE][PASSED] - Object 'Object Repository/mobileSanity/HBI/Page_App Page 3/label' is present

2019-12-10 08:14:47 - [TEST_STEP][PASSED] - callTestCase(findTestCase("AHI/_include/get_screenshot"), [:], STOP_ON_FAILURE): Call Test Case 'Test Cases/AHI/_include/get_screenshot' successfully

2019-12-10 08:14:47 - [TEST_CASE][PASSED] - Test Cases/AHI/_include/get_screenshot: Test Cases/AHI/_include/get_screenshot

2019-12-10 08:14:47 - [TEST_STEP][PASSED] - takeScreenshot(screenPath + i + ".png"): Taking screenshot successfully

2019-12-10 08:14:48 - [MESSAGE][PASSED] - Taking screenshot successfully
[[ATTACHMENT|D:\\Test\\AgileTest\\Reports\\AHI\\hbi\\20191210_080033\\../Screenshots/iPhone 6/hbi/Cardinal Choice/20191210_081343/8.png]]

2019-12-10 08:14:48 - [TEST_STEP][PASSED] - (internal.GlobalVariable.i++): null

2019-12-10 08:14:48 - [MESSAGE][PASSED] - Call Test Case 'Test Cases/AHI/_include/get_screenshot' successfully

2019-12-10 08:14:48 - [TEST_STEP][PASSED] - click(findTestObject("mobileSanity/HBI/Page_App Page 3/label")): Object: 'Object Repository/mobileSanity/HBI/Page_App Page 3/label' is clicked on

2019-12-10 08:14:48 - [MESSAGE][PASSED] - Object: 'Object Repository/mobileSanity/HBI/Page_App Page 3/label' is clicked on

2019-12-10 08:14:48 - [TEST_STEP][PASSED] - click(findTestObject("mobileSanity/HBI/Page_App Page 3/p_CLICK TO SIGN")): Object: 'Object Repository/mobileSanity/HBI/Page_App Page 3/p_CLICK TO SIGN' is clicked on

2019-12-10 08:14:48 - [MESSAGE][PASSED] - Object: 'Object Repository/mobileSanity/HBI/Page_App Page 3/p_CLICK TO SIGN' is clicked on

2019-12-10 08:14:48 - [TEST_STEP][PASSED] - click(findTestObject("mobileSanity/HBI/Page_App Page 3/a_Submit Your Application")): Object: 'Object Repository/mobileSanity/HBI/Page_App Page 3/a_Submit Your Application' is clicked on

2019-12-10 08:14:48 - [MESSAGE][PASSED] - Object: 'Object Repository/mobileSanity/HBI/Page_App Page 3/a_Submit Your Application' is clicked on

2019-12-10 08:14:48 - [TEST_STEP][PASSED] - Thread.sleep(30000): null

2019-12-10 08:15:18 - [TEST_STEP][PASSED] - callTestCase(findTestCase("AHI/_include/get_screenshot"), [:], STOP_ON_FAILURE): Call Test Case 'Test Cases/AHI/_include/get_screenshot' successfully

2019-12-10 08:15:19 - [TEST_CASE][PASSED] - Test Cases/AHI/_include/get_screenshot: Test Cases/AHI/_include/get_screenshot

2019-12-10 08:15:19 - [TEST_STEP][PASSED] - takeScreenshot(screenPath + i + ".png"): Taking screenshot successfully

2019-12-10 08:15:19 - [MESSAGE][PASSED] - Taking screenshot successfully
[[ATTACHMENT|D:\\Test\\AgileTest\\Reports\\AHI\\hbi\\20191210_080033\\../Screenshots/iPhone 6/hbi/Cardinal Choice/20191210_081343/9.png]]

2019-12-10 08:15:19 - [TEST_STEP][PASSED] - (internal.GlobalVariable.i++): null

2019-12-10 08:15:19 - [MESSAGE][PASSED] - Call Test Case 'Test Cases/AHI/_include/get_screenshot' successfully

2019-12-10 08:15:19 - [TEST_STEP][PASSED] - verifyTextPresent("Congratulations", false): Text 'Congratulations' is present on page 

2019-12-10 08:15:19 - [MESSAGE][PASSED] - Text 'Congratulations' is present on page 

2019-12-10 08:15:19 - [MESSAGE][PASSED] - Call Test Case 'Test Cases/AHI/_include/goToEnd_hbi' successfully]]></system-out>
         <system-err><![CDATA[]]></system-err>
      </testcase>
      <testcase name="Test Cases/AHI/HBI/Core Shield" classname="Test Cases/AHI/HBI/Core Shield" status="PASSED">
         <system-out><![CDATA[2019-12-10 08:15:19 - [TEST_CASE][PASSED] - Test Cases/AHI/HBI/Core Shield: Test Cases/AHI/HBI/Core Shield

2019-12-10 08:15:19 - [TEST_STEP][PASSED] - callTestCase(findTestCase("AHI/_include/get_screenPath"), ["productLine":"hbi", "carrierName":"Core Shield"], CONTINUE_ON_FAILURE): Call Test Case 'Test Cases/AHI/_include/get_screenPath' successfully

2019-12-10 08:15:19 - [TEST_CASE][PASSED] - Test Cases/AHI/_include/get_screenPath: Test Cases/AHI/_include/get_screenPath

2019-12-10 08:15:19 - [TEST_STEP][PASSED] - m = getExecutionProperties(): null

2019-12-10 08:15:19 - [TEST_STEP][PASSED] - deviceName = get("mobileEmulation").get("deviceName"): null

2019-12-10 08:15:19 - [TEST_STEP][PASSED] - println(deviceName): null

2019-12-10 08:15:19 - [TEST_STEP][PASSED] - now = new java.util.Date(): null

2019-12-10 08:15:19 - [TEST_STEP][PASSED] - mydate = now.format("yyyyMMdd_HHmmss"): null

2019-12-10 08:15:19 - [TEST_STEP][PASSED] - screenPath = "../Screenshots/": null

2019-12-10 08:15:19 - [TEST_STEP][PASSED] - screenPath = screenPath + deviceName + "/" + productLine + "/" + carrierName + "/" + mydate + "/": null

2019-12-10 08:15:19 - [TEST_STEP][PASSED] - println(screenPath): null

2019-12-10 08:15:19 - [MESSAGE][PASSED] - Call Test Case 'Test Cases/AHI/_include/get_screenPath' successfully

2019-12-10 08:15:19 - [TEST_STEP][PASSED] - i = 0: null

2019-12-10 08:15:19 - [TEST_STEP][PASSED] - callTestCase(findTestCase("AHI/_include/openWebSite"), [:], CONTINUE_ON_FAILURE): Call Test Case 'Test Cases/AHI/_include/openWebSite' successfully

2019-12-10 08:15:19 - [TEST_CASE][PASSED] - Test Cases/AHI/_include/openWebSite: Test Cases/AHI/_include/openWebSite

2019-12-10 08:15:20 - [TEST_STEP][PASSED] - openBrowser(env): Browser is opened with url: 'https://praetemptatus.agilehealthinsurance.com'

2019-12-10 08:15:20 - [MESSAGE][WARNING] - A browser is already opened. Closing browser and opening a new one

2019-12-10 08:15:21 - [MESSAGE][INFO] - Starting 'Chrome' driver

2019-12-10 08:15:21 - [MESSAGE][INFO] - User set preference: ['mobileEmulation', '{deviceName=iPhone 6}']

2019-12-10 08:15:21 - [MESSAGE][INFO] - User set preference: ['args', '[--incognito, --aggressive-cache-discard, --window-size=375,677, --no-sandbox]']

2019-12-10 08:15:23 - [MESSAGE][PASSED] - Browser is opened with url: 'https://praetemptatus.agilehealthinsurance.com'

2019-12-10 08:15:23 - [TEST_STEP][PASSED] - waitForPageLoad(20): Wait for page load successfully

2019-12-10 08:15:24 - [MESSAGE][PASSED] - Wait for page load successfully

2019-12-10 08:15:24 - [TEST_STEP][PASSED] - callTestCase(findTestCase("AHI/_include/get_screenshot"), [:], STOP_ON_FAILURE): Call Test Case 'Test Cases/AHI/_include/get_screenshot' successfully

2019-12-10 08:15:24 - [TEST_CASE][PASSED] - Test Cases/AHI/_include/get_screenshot: Test Cases/AHI/_include/get_screenshot

2019-12-10 08:15:24 - [TEST_STEP][PASSED] - takeScreenshot(screenPath + i + ".png"): Taking screenshot successfully

2019-12-10 08:15:26 - [MESSAGE][PASSED] - Taking screenshot successfully
[[ATTACHMENT|D:\\Test\\AgileTest\\Reports\\AHI\\hbi\\20191210_080033\\../Screenshots/iPhone 6/hbi/Core Shield/20191210_081519/0.png]]

2019-12-10 08:15:26 - [TEST_STEP][PASSED] - (internal.GlobalVariable.i++): null

2019-12-10 08:15:26 - [MESSAGE][PASSED] - Call Test Case 'Test Cases/AHI/_include/get_screenshot' successfully

2019-12-10 08:15:26 - [MESSAGE][PASSED] - Call Test Case 'Test Cases/AHI/_include/openWebSite' successfully

2019-12-10 08:15:26 - [TEST_STEP][PASSED] - callTestCase(findTestCase("AHI/_include/census_hbi"), [:], CONTINUE_ON_FAILURE): Call Test Case 'Test Cases/AHI/_include/census_hbi' successfully

2019-12-10 08:15:26 - [TEST_CASE][PASSED] - Test Cases/AHI/_include/census_hbi: Test Cases/AHI/_include/census_hbi

2019-12-10 08:15:26 - [TEST_STEP][PASSED] - click(findTestObject("mobileSanity/Common/side_nav/menu")): Object: 'Object Repository/mobileSanity/Common/side_nav/menu' is clicked on

2019-12-10 08:15:26 - [MESSAGE][PASSED] - Object: 'Object Repository/mobileSanity/Common/side_nav/menu' is clicked on

2019-12-10 08:15:26 - [TEST_STEP][PASSED] - Thread.sleep(3000): null

2019-12-10 08:15:29 - [TEST_STEP][PASSED] - callTestCase(findTestCase("AHI/_include/get_screenshot"), [:], STOP_ON_FAILURE): Call Test Case 'Test Cases/AHI/_include/get_screenshot' successfully

2019-12-10 08:15:29 - [TEST_CASE][PASSED] - Test Cases/AHI/_include/get_screenshot: Test Cases/AHI/_include/get_screenshot

2019-12-10 08:15:29 - [TEST_STEP][PASSED] - takeScreenshot(screenPath + i + ".png"): Taking screenshot successfully

2019-12-10 08:15:30 - [MESSAGE][PASSED] - Taking screenshot successfully
[[ATTACHMENT|D:\\Test\\AgileTest\\Reports\\AHI\\hbi\\20191210_080033\\../Screenshots/iPhone 6/hbi/Core Shield/20191210_081519/1.png]]

2019-12-10 08:15:30 - [TEST_STEP][PASSED] - (internal.GlobalVariable.i++): null

2019-12-10 08:15:30 - [MESSAGE][PASSED] - Call Test Case 'Test Cases/AHI/_include/get_screenshot' successfully

2019-12-10 08:15:30 - [TEST_STEP][PASSED] - click(findTestObject("mobileSanity/Common/side_nav/nav_hbi")): Object: 'Object Repository/mobileSanity/Common/side_nav/nav_hbi' is clicked on

2019-12-10 08:15:30 - [MESSAGE][PASSED] - Object: 'Object Repository/mobileSanity/Common/side_nav/nav_hbi' is clicked on

2019-12-10 08:15:30 - [TEST_STEP][PASSED] - waitForPageLoad(10): Wait for page load successfully

2019-12-10 08:15:30 - [MESSAGE][PASSED] - Wait for page load successfully

2019-12-10 08:15:30 - [TEST_STEP][PASSED] - Thread.sleep(3000): null

2019-12-10 08:15:33 - [TEST_STEP][PASSED] - callTestCase(findTestCase("AHI/_include/get_screenshot"), [:], STOP_ON_FAILURE): Call Test Case 'Test Cases/AHI/_include/get_screenshot' successfully

2019-12-10 08:15:34 - [TEST_CASE][PASSED] - Test Cases/AHI/_include/get_screenshot: Test Cases/AHI/_include/get_screenshot

2019-12-10 08:15:34 - [TEST_STEP][PASSED] - takeScreenshot(screenPath + i + ".png"): Taking screenshot successfully

2019-12-10 08:15:34 - [MESSAGE][PASSED] - Taking screenshot successfully
[[ATTACHMENT|D:\\Test\\AgileTest\\Reports\\AHI\\hbi\\20191210_080033\\../Screenshots/iPhone 6/hbi/Core Shield/20191210_081519/2.png]]

2019-12-10 08:15:34 - [TEST_STEP][PASSED] - (internal.GlobalVariable.i++): null

2019-12-10 08:15:34 - [MESSAGE][PASSED] - Call Test Case 'Test Cases/AHI/_include/get_screenshot' successfully

2019-12-10 08:15:34 - [TEST_STEP][PASSED] - setText(findTestObject("mobileSanity/HBI/census/input_Location_zip-input"), zipcode): Text '35215' is set on object 'Object Repository/mobileSanity/HBI/census/input_Location_zip-input'

2019-12-10 08:15:34 - [MESSAGE][PASSED] - Text '35215' is set on object 'Object Repository/mobileSanity/HBI/census/input_Location_zip-input'

2019-12-10 08:15:34 - [TEST_STEP][PASSED] - Thread.sleep(500): null

2019-12-10 08:15:35 - [TEST_STEP][PASSED] - setText(findTestObject("mobileSanity/HBI/census/input_Date of Birth_dob-0"), "12121980"): Text '12121980' is set on object 'Object Repository/mobileSanity/HBI/census/input_Date of Birth_dob-0'

2019-12-10 08:15:35 - [MESSAGE][PASSED] - Text '12121980' is set on object 'Object Repository/mobileSanity/HBI/census/input_Date of Birth_dob-0'

2019-12-10 08:15:35 - [TEST_STEP][PASSED] - click(findTestObject("mobileSanity/HBI/census/label_Male")): Object: 'Object Repository/mobileSanity/HBI/census/label_Male' is clicked on

2019-12-10 08:15:35 - [MESSAGE][PASSED] - Object: 'Object Repository/mobileSanity/HBI/census/label_Male' is clicked on

2019-12-10 08:15:35 - [TEST_STEP][PASSED] - click(findTestObject("mobileSanity/HBI/census/label_Get a Quote")): Object: 'Object Repository/mobileSanity/HBI/census/label_Get a Quote' is clicked on

2019-12-10 08:15:36 - [MESSAGE][PASSED] - Object: 'Object Repository/mobileSanity/HBI/census/label_Get a Quote' is clicked on

2019-12-10 08:15:36 - [TEST_STEP][PASSED] - waitForPageLoad(20): Wait for page load successfully

2019-12-10 08:15:36 - [MESSAGE][PASSED] - Wait for page load successfully

2019-12-10 08:15:36 - [TEST_STEP][PASSED] - Thread.sleep(3000): null

2019-12-10 08:15:39 - [TEST_STEP][PASSED] - callTestCase(findTestCase("AHI/_include/check_quoteleadform"), [:], STOP_ON_FAILURE): Call Test Case 'Test Cases/AHI/_include/check_quoteleadform' successfully

2019-12-10 08:15:39 - [TEST_CASE][PASSED] - Test Cases/AHI/_include/check_quoteleadform: Test Cases/AHI/_include/check_quoteleadform

2019-12-10 08:15:39 - [TEST_STEP][PASSED] - callTestCase(findTestCase("AHI/_include/name"), [:], CONTINUE_ON_FAILURE): Call Test Case 'Test Cases/AHI/_include/name' successfully

2019-12-10 08:15:39 - [TEST_CASE][PASSED] - Test Cases/AHI/_include/name: Test Cases/AHI/_include/name

2019-12-10 08:15:39 - [TEST_STEP][PASSED] - driver = getWebDriver(): null

2019-12-10 08:15:39 - [TEST_STEP][PASSED] - selenium = new com.thoughtworks.selenium.webdriven.WebDriverBackedSelenium(driver, internal.GlobalVariable.ENV): null

2019-12-10 08:15:39 - [TEST_STEP][PASSED] - FirstName = "Test-123": null

2019-12-10 08:15:39 - [TEST_STEP][PASSED] - LastName = selenium.getEval("{var x="ABCDEFGHIJKLMNOPQRSTUVWXYZabcdefghijklmnopqrstuvwxyz"; var tmp="ZZ11-"; for (i=0;i<8;i++) tmp+=x.charAt(Math.ceil(51*Math.random()));tmp;}"): null

2019-12-10 08:15:39 - [TEST_STEP][PASSED] - Address = selenium.getEval("{var x="ABCDEFGHIJKLMNOPQRSTUVWXYZabcdefghijklmnopqrstuvwxyz"; var tmp=""; for (i=0;i<8;i++) tmp+=x.charAt(Math.ceil(51*Math.random()));tmp;}"): null

2019-12-10 08:15:40 - [TEST_STEP][PASSED] - City = selenium.getEval("{var x="ABCDEFGHIJKLMNOPQRSTUVWXYZabcdefghijklmnopqrstuvwxyz"; var tmp=""; for (i=0;i<8;i++) tmp+=x.charAt(Math.ceil(51*Math.random()));tmp;}"): null

2019-12-10 08:15:40 - [TEST_STEP][PASSED] - tel1 = selenium.getEval("{var x="123456789"; var tmp=""; for (i=0;i<3;i++) tmp+=x.charAt(Math.ceil(8*Math.random()));tmp;}"): null

2019-12-10 08:15:40 - [TEST_STEP][PASSED] - tel2 = selenium.getEval("{var x="123456789"; var tmp=""; for (i=0;i<3;i++) tmp+=x.charAt(Math.ceil(8*Math.random()));tmp;}"): null

2019-12-10 08:15:40 - [TEST_STEP][PASSED] - tel3 = selenium.getEval("{var x="123456789"; var tmp=""; for (i=0;i<4;i++) tmp+=x.charAt(Math.ceil(8*Math.random()));tmp;}"): null

2019-12-10 08:15:40 - [TEST_STEP][PASSED] - Tel = selenium.getExpression(tel1 + "-" + tel2 + "-" + tel3): null

2019-12-10 08:15:40 - [TEST_STEP][PASSED] - AutoEmail = selenium.getEval("{var x="ABCDEFGHIJKLMNOPQRSTUVWXYZabcdefghijklmnopqrstuvwxyz"; var tmp="test."; for (i=0;i<8;i++) tmp+=x.charAt(Math.ceil(51*Math.random()));tmp+="@suryani.cn";}"): null

2019-12-10 08:15:40 - [TEST_STEP][PASSED] - FirstName = FirstName: null

2019-12-10 08:15:40 - [TEST_STEP][PASSED] - LastName = LastName: null

2019-12-10 08:15:40 - [TEST_STEP][PASSED] - Address = Address: null

2019-12-10 08:15:40 - [TEST_STEP][PASSED] - City = City: null

2019-12-10 08:15:40 - [TEST_STEP][PASSED] - Tel = Tel: null

2019-12-10 08:15:40 - [TEST_STEP][PASSED] - AutoEmail = AutoEmail: null

2019-12-10 08:15:40 - [TEST_STEP][PASSED] - println(FirstName): null

2019-12-10 08:15:40 - [TEST_STEP][PASSED] - println(LastName): null

2019-12-10 08:15:40 - [TEST_STEP][PASSED] - println(Address): null

2019-12-10 08:15:40 - [TEST_STEP][PASSED] - println(City): null

2019-12-10 08:15:40 - [TEST_STEP][PASSED] - println(Tel): null

2019-12-10 08:15:40 - [TEST_STEP][PASSED] - println(AutoEmail): null

2019-12-10 08:15:40 - [MESSAGE][PASSED] - Call Test Case 'Test Cases/AHI/_include/name' successfully

2019-12-10 08:15:40 - [TEST_STEP][PASSED] - leadform_exist = test.MobileKeywords.isElementPresent_Web(findTestObject("mobileSanity/quote lead form/lead_form"), 20): test.MobileKeywords.isElementPresent_Web is PASSED

2019-12-10 08:15:40 - [MESSAGE][PASSED] - test.MobileKeywords.isElementPresent_Web is PASSED

2019-12-10 08:15:40 - [TEST_STEP][PASSED] - if (leadform_exist): null

2019-12-10 08:15:40 - [TEST_STEP][PASSED] - setText(findTestObject("mobileSanity/quote lead form/first"), FirstName): Text 'Test-123' is set on object 'Object Repository/mobileSanity/quote lead form/first'

2019-12-10 08:15:40 - [MESSAGE][PASSED] - Text 'Test-123' is set on object 'Object Repository/mobileSanity/quote lead form/first'

2019-12-10 08:15:40 - [TEST_STEP][PASSED] - setText(findTestObject("mobileSanity/quote lead form/last"), LastName): Text 'ZZ11-FiveScdw' is set on object 'Object Repository/mobileSanity/quote lead form/last'

2019-12-10 08:15:40 - [MESSAGE][PASSED] - Text 'ZZ11-FiveScdw' is set on object 'Object Repository/mobileSanity/quote lead form/last'

2019-12-10 08:15:40 - [TEST_STEP][PASSED] - setText(findTestObject("mobileSanity/quote lead form/email"), AutoEmail): Text 'test.UNrENwVb@suryani.cn' is set on object 'Object Repository/mobileSanity/quote lead form/email'

2019-12-10 08:15:40 - [MESSAGE][PASSED] - Text 'test.UNrENwVb@suryani.cn' is set on object 'Object Repository/mobileSanity/quote lead form/email'

2019-12-10 08:15:40 - [TEST_STEP][PASSED] - setText(findTestObject("mobileSanity/quote lead form/phone"), Tel): Text '235-564-2683' is set on object 'Object Repository/mobileSanity/quote lead form/phone'

2019-12-10 08:15:40 - [MESSAGE][PASSED] - Text '235-564-2683' is set on object 'Object Repository/mobileSanity/quote lead form/phone'

2019-12-10 08:15:40 - [TEST_STEP][PASSED] - click(findTestObject("mobileSanity/quote lead form/submit")): Object: 'Object Repository/mobileSanity/quote lead form/submit' is clicked on

2019-12-10 08:15:40 - [MESSAGE][PASSED] - Object: 'Object Repository/mobileSanity/quote lead form/submit' is clicked on

2019-12-10 08:15:40 - [TEST_STEP][PASSED] - Thread.sleep(3000): null

2019-12-10 08:15:43 - [MESSAGE][PASSED] - Call Test Case 'Test Cases/AHI/_include/check_quoteleadform' successfully

2019-12-10 08:15:43 - [TEST_STEP][PASSED] - callTestCase(findTestCase("AHI/_include/get_screenshot"), [:], STOP_ON_FAILURE): Call Test Case 'Test Cases/AHI/_include/get_screenshot' successfully

2019-12-10 08:15:43 - [TEST_CASE][PASSED] - Test Cases/AHI/_include/get_screenshot: Test Cases/AHI/_include/get_screenshot

2019-12-10 08:15:44 - [TEST_STEP][PASSED] - takeScreenshot(screenPath + i + ".png"): Taking screenshot successfully

2019-12-10 08:15:44 - [MESSAGE][PASSED] - Taking screenshot successfully
[[ATTACHMENT|D:\\Test\\AgileTest\\Reports\\AHI\\hbi\\20191210_080033\\../Screenshots/iPhone 6/hbi/Core Shield/20191210_081519/3.png]]

2019-12-10 08:15:44 - [TEST_STEP][PASSED] - (internal.GlobalVariable.i++): null

2019-12-10 08:15:44 - [MESSAGE][PASSED] - Call Test Case 'Test Cases/AHI/_include/get_screenshot' successfully

2019-12-10 08:15:44 - [MESSAGE][PASSED] - Call Test Case 'Test Cases/AHI/_include/census_hbi' successfully

2019-12-10 08:15:44 - [TEST_STEP][PASSED] - Thread.sleep(5000): null

2019-12-10 08:15:49 - [TEST_STEP][PASSED] - scrollToPosition(200, 2300): Browser is scrolled to position x = 200, y = 2300

2019-12-10 08:15:49 - [MESSAGE][PASSED] - Browser is scrolled to position x = 200, y = 2300

2019-12-10 08:15:49 - [TEST_STEP][PASSED] - click(findTestObject("mobileSanity/HBI/quote/a_Core Shield")): Object: 'Object Repository/mobileSanity/HBI/quote/a_Core Shield' is clicked on

2019-12-10 08:15:50 - [MESSAGE][PASSED] - Object: 'Object Repository/mobileSanity/HBI/quote/a_Core Shield' is clicked on

2019-12-10 08:15:50 - [TEST_STEP][PASSED] - waitForPageLoad(20): Wait for page load successfully

2019-12-10 08:15:50 - [MESSAGE][PASSED] - Wait for page load successfully

2019-12-10 08:15:50 - [TEST_STEP][PASSED] - callTestCase(findTestCase("AHI/_include/get_screenshot"), [:], STOP_ON_FAILURE): Call Test Case 'Test Cases/AHI/_include/get_screenshot' successfully

2019-12-10 08:15:50 - [TEST_CASE][PASSED] - Test Cases/AHI/_include/get_screenshot: Test Cases/AHI/_include/get_screenshot

2019-12-10 08:15:50 - [TEST_STEP][PASSED] - takeScreenshot(screenPath + i + ".png"): Taking screenshot successfully

2019-12-10 08:15:51 - [MESSAGE][PASSED] - Taking screenshot successfully
[[ATTACHMENT|D:\\Test\\AgileTest\\Reports\\AHI\\hbi\\20191210_080033\\../Screenshots/iPhone 6/hbi/Core Shield/20191210_081519/4.png]]

2019-12-10 08:15:51 - [TEST_STEP][PASSED] - (internal.GlobalVariable.i++): null

2019-12-10 08:15:51 - [MESSAGE][PASSED] - Call Test Case 'Test Cases/AHI/_include/get_screenshot' successfully

2019-12-10 08:15:51 - [TEST_STEP][PASSED] - click(findTestObject("mobileSanity/HBI/detail/a_Apply for This Plan")): Object: 'Object Repository/mobileSanity/HBI/detail/a_Apply for This Plan' is clicked on

2019-12-10 08:15:51 - [MESSAGE][PASSED] - Object: 'Object Repository/mobileSanity/HBI/detail/a_Apply for This Plan' is clicked on

2019-12-10 08:15:51 - [TEST_STEP][PASSED] - waitForPageLoad(20): Wait for page load successfully

2019-12-10 08:15:52 - [MESSAGE][PASSED] - Wait for page load successfully

2019-12-10 08:15:52 - [TEST_STEP][PASSED] - callTestCase(findTestCase("AHI/_include/get_screenshot"), [:], STOP_ON_FAILURE): Call Test Case 'Test Cases/AHI/_include/get_screenshot' successfully

2019-12-10 08:15:52 - [TEST_CASE][PASSED] - Test Cases/AHI/_include/get_screenshot: Test Cases/AHI/_include/get_screenshot

2019-12-10 08:15:52 - [TEST_STEP][PASSED] - takeScreenshot(screenPath + i + ".png"): Taking screenshot successfully

2019-12-10 08:15:53 - [MESSAGE][PASSED] - Taking screenshot successfully
[[ATTACHMENT|D:\\Test\\AgileTest\\Reports\\AHI\\hbi\\20191210_080033\\../Screenshots/iPhone 6/hbi/Core Shield/20191210_081519/5.png]]

2019-12-10 08:15:53 - [TEST_STEP][PASSED] - (internal.GlobalVariable.i++): null

2019-12-10 08:15:53 - [MESSAGE][PASSED] - Call Test Case 'Test Cases/AHI/_include/get_screenshot' successfully

2019-12-10 08:15:53 - [TEST_STEP][PASSED] - click(findTestObject("mobileSanity/HBI/Page_Apply/span_Start Secure Application")): Object: 'Object Repository/mobileSanity/HBI/Page_Apply/span_Start Secure Application' is clicked on

2019-12-10 08:15:53 - [MESSAGE][PASSED] - Object: 'Object Repository/mobileSanity/HBI/Page_Apply/span_Start Secure Application' is clicked on

2019-12-10 08:15:53 - [TEST_STEP][PASSED] - waitForPageLoad(20): Wait for page load successfully

2019-12-10 08:15:54 - [MESSAGE][PASSED] - Wait for page load successfully

2019-12-10 08:15:54 - [TEST_STEP][PASSED] - Thread.sleep(5000): null

2019-12-10 08:15:59 - [TEST_STEP][PASSED] - callTestCase(findTestCase("AHI/_include/get_screenshot"), [:], STOP_ON_FAILURE): Call Test Case 'Test Cases/AHI/_include/get_screenshot' successfully

2019-12-10 08:15:59 - [TEST_CASE][PASSED] - Test Cases/AHI/_include/get_screenshot: Test Cases/AHI/_include/get_screenshot

2019-12-10 08:15:59 - [TEST_STEP][PASSED] - takeScreenshot(screenPath + i + ".png"): Taking screenshot successfully

2019-12-10 08:16:00 - [MESSAGE][PASSED] - Taking screenshot successfully
[[ATTACHMENT|D:\\Test\\AgileTest\\Reports\\AHI\\hbi\\20191210_080033\\../Screenshots/iPhone 6/hbi/Core Shield/20191210_081519/6.png]]

2019-12-10 08:16:00 - [TEST_STEP][PASSED] - (internal.GlobalVariable.i++): null

2019-12-10 08:16:00 - [MESSAGE][PASSED] - Call Test Case 'Test Cases/AHI/_include/get_screenshot' successfully

2019-12-10 08:16:00 - [TEST_STEP][PASSED] - callTestCase(findTestCase("AHI/_include/goToEnd_hbi"), ["carrier":"coreshield"], CONTINUE_ON_FAILURE): Call Test Case 'Test Cases/AHI/_include/goToEnd_hbi' successfully

2019-12-10 08:16:00 - [TEST_CASE][PASSED] - Test Cases/AHI/_include/goToEnd_hbi: Test Cases/AHI/_include/goToEnd_hbi

2019-12-10 08:16:00 - [TEST_STEP][PASSED] - if (state == "ca"): null

2019-12-10 08:16:00 - [TEST_STEP][PASSED] - callTestCase(findTestCase("AHI/_include/name"), [:], CONTINUE_ON_FAILURE): Call Test Case 'Test Cases/AHI/_include/name' successfully

2019-12-10 08:16:00 - [TEST_CASE][PASSED] - Test Cases/AHI/_include/name: Test Cases/AHI/_include/name

2019-12-10 08:16:00 - [TEST_STEP][PASSED] - driver = getWebDriver(): null

2019-12-10 08:16:00 - [TEST_STEP][PASSED] - selenium = new com.thoughtworks.selenium.webdriven.WebDriverBackedSelenium(driver, internal.GlobalVariable.ENV): null

2019-12-10 08:16:00 - [TEST_STEP][PASSED] - FirstName = "Test-123": null

2019-12-10 08:16:00 - [TEST_STEP][PASSED] - LastName = selenium.getEval("{var x="ABCDEFGHIJKLMNOPQRSTUVWXYZabcdefghijklmnopqrstuvwxyz"; var tmp="ZZ11-"; for (i=0;i<8;i++) tmp+=x.charAt(Math.ceil(51*Math.random()));tmp;}"): null

2019-12-10 08:16:00 - [TEST_STEP][PASSED] - Address = selenium.getEval("{var x="ABCDEFGHIJKLMNOPQRSTUVWXYZabcdefghijklmnopqrstuvwxyz"; var tmp=""; for (i=0;i<8;i++) tmp+=x.charAt(Math.ceil(51*Math.random()));tmp;}"): null

2019-12-10 08:16:00 - [TEST_STEP][PASSED] - City = selenium.getEval("{var x="ABCDEFGHIJKLMNOPQRSTUVWXYZabcdefghijklmnopqrstuvwxyz"; var tmp=""; for (i=0;i<8;i++) tmp+=x.charAt(Math.ceil(51*Math.random()));tmp;}"): null

2019-12-10 08:16:00 - [TEST_STEP][PASSED] - tel1 = selenium.getEval("{var x="123456789"; var tmp=""; for (i=0;i<3;i++) tmp+=x.charAt(Math.ceil(8*Math.random()));tmp;}"): null

2019-12-10 08:16:00 - [TEST_STEP][PASSED] - tel2 = selenium.getEval("{var x="123456789"; var tmp=""; for (i=0;i<3;i++) tmp+=x.charAt(Math.ceil(8*Math.random()));tmp;}"): null

2019-12-10 08:16:00 - [TEST_STEP][PASSED] - tel3 = selenium.getEval("{var x="123456789"; var tmp=""; for (i=0;i<4;i++) tmp+=x.charAt(Math.ceil(8*Math.random()));tmp;}"): null

2019-12-10 08:16:00 - [TEST_STEP][PASSED] - Tel = selenium.getExpression(tel1 + "-" + tel2 + "-" + tel3): null

2019-12-10 08:16:00 - [TEST_STEP][PASSED] - AutoEmail = selenium.getEval("{var x="ABCDEFGHIJKLMNOPQRSTUVWXYZabcdefghijklmnopqrstuvwxyz"; var tmp="test."; for (i=0;i<8;i++) tmp+=x.charAt(Math.ceil(51*Math.random()));tmp+="@suryani.cn";}"): null

2019-12-10 08:16:00 - [TEST_STEP][PASSED] - FirstName = FirstName: null

2019-12-10 08:16:00 - [TEST_STEP][PASSED] - LastName = LastName: null

2019-12-10 08:16:00 - [TEST_STEP][PASSED] - Address = Address: null

2019-12-10 08:16:00 - [TEST_STEP][PASSED] - City = City: null

2019-12-10 08:16:00 - [TEST_STEP][PASSED] - Tel = Tel: null

2019-12-10 08:16:00 - [TEST_STEP][PASSED] - AutoEmail = AutoEmail: null

2019-12-10 08:16:00 - [TEST_STEP][PASSED] - println(FirstName): null

2019-12-10 08:16:00 - [TEST_STEP][PASSED] - println(LastName): null

2019-12-10 08:16:00 - [TEST_STEP][PASSED] - println(Address): null

2019-12-10 08:16:00 - [TEST_STEP][PASSED] - println(City): null

2019-12-10 08:16:00 - [TEST_STEP][PASSED] - println(Tel): null

2019-12-10 08:16:00 - [TEST_STEP][PASSED] - println(AutoEmail): null

2019-12-10 08:16:00 - [MESSAGE][PASSED] - Call Test Case 'Test Cases/AHI/_include/name' successfully

2019-12-10 08:16:00 - [TEST_STEP][PASSED] - setText(findTestObject("mobileSanity/HBI/Page_App Page 1/input__member-P-1-firstName"), FirstName): Text 'Test-123' is set on object 'Object Repository/mobileSanity/HBI/Page_App Page 1/input__member-P-1-firstName'

2019-12-10 08:16:01 - [MESSAGE][PASSED] - Text 'Test-123' is set on object 'Object Repository/mobileSanity/HBI/Page_App Page 1/input__member-P-1-firstName'

2019-12-10 08:16:01 - [TEST_STEP][PASSED] - setText(findTestObject("mobileSanity/HBI/Page_App Page 1/input__member-P-1-lastName"), LastName): Text 'ZZ11-PdwSempt' is set on object 'Object Repository/mobileSanity/HBI/Page_App Page 1/input__member-P-1-lastName'

2019-12-10 08:16:01 - [MESSAGE][PASSED] - Text 'ZZ11-PdwSempt' is set on object 'Object Repository/mobileSanity/HBI/Page_App Page 1/input__member-P-1-lastName'

2019-12-10 08:16:01 - [TEST_STEP][PASSED] - if (carrier == "agileone" || carrier == "agilesecure"): null

2019-12-10 08:16:01 - [TEST_STEP][PASSED] - setText(findTestObject("mobileSanity/HBI/Page_App Page 1/input__address"), Address): Text 'XmiIrTIo' is set on object 'Object Repository/mobileSanity/HBI/Page_App Page 1/input__address'

2019-12-10 08:16:01 - [MESSAGE][PASSED] - Text 'XmiIrTIo' is set on object 'Object Repository/mobileSanity/HBI/Page_App Page 1/input__address'

2019-12-10 08:16:01 - [TEST_STEP][PASSED] - setText(findTestObject("mobileSanity/HBI/Page_App Page 1/input__city"), City): Text 'unzDtsBe' is set on object 'Object Repository/mobileSanity/HBI/Page_App Page 1/input__city'

2019-12-10 08:16:01 - [MESSAGE][PASSED] - Text 'unzDtsBe' is set on object 'Object Repository/mobileSanity/HBI/Page_App Page 1/input__city'

2019-12-10 08:16:01 - [TEST_STEP][PASSED] - setText(findTestObject("mobileSanity/HBI/Page_App Page 1/input__email"), AutoEmail): Text 'test.liobJLkZ@suryani.cn' is set on object 'Object Repository/mobileSanity/HBI/Page_App Page 1/input__email'

2019-12-10 08:16:01 - [MESSAGE][PASSED] - Text 'test.liobJLkZ@suryani.cn' is set on object 'Object Repository/mobileSanity/HBI/Page_App Page 1/input__email'

2019-12-10 08:16:01 - [TEST_STEP][PASSED] - setText(findTestObject("mobileSanity/HBI/Page_App Page 1/input_tel"), Tel): Text '989-534-6554' is set on object 'Object Repository/mobileSanity/HBI/Page_App Page 1/input_tel'

2019-12-10 08:16:02 - [MESSAGE][PASSED] - Text '989-534-6554' is set on object 'Object Repository/mobileSanity/HBI/Page_App Page 1/input_tel'

2019-12-10 08:16:02 - [TEST_STEP][PASSED] - Thread.sleep(5000): null

2019-12-10 08:16:07 - [TEST_STEP][PASSED] - click(findTestObject("mobileSanity/HBI/Page_App Page 1/a_Continue to Step 2 - Payment")): Object: 'Object Repository/mobileSanity/HBI/Page_App Page 1/a_Continue to Step 2 - Payment' is clicked on

2019-12-10 08:16:07 - [MESSAGE][PASSED] - Object: 'Object Repository/mobileSanity/HBI/Page_App Page 1/a_Continue to Step 2 - Payment' is clicked on

2019-12-10 08:16:07 - [TEST_STEP][PASSED] - waitForPageLoad(20): Wait for page load successfully

2019-12-10 08:16:07 - [MESSAGE][PASSED] - Wait for page load successfully

2019-12-10 08:16:07 - [TEST_STEP][PASSED] - Thread.sleep(2000): null

2019-12-10 08:16:09 - [TEST_STEP][PASSED] - waitForElementVisible(findTestObject("mobileSanity/HBI/Page_App Page 2/input__credit-card-first"), 20): Object 'Object Repository/mobileSanity/HBI/Page_App Page 2/input__credit-card-first' is visible

2019-12-10 08:16:09 - [MESSAGE][PASSED] - Object 'Object Repository/mobileSanity/HBI/Page_App Page 2/input__credit-card-first' is visible

2019-12-10 08:16:09 - [TEST_STEP][PASSED] - callTestCase(findTestCase("AHI/_include/get_screenshot"), [:], STOP_ON_FAILURE): Call Test Case 'Test Cases/AHI/_include/get_screenshot' successfully

2019-12-10 08:16:09 - [TEST_CASE][PASSED] - Test Cases/AHI/_include/get_screenshot: Test Cases/AHI/_include/get_screenshot

2019-12-10 08:16:09 - [TEST_STEP][PASSED] - takeScreenshot(screenPath + i + ".png"): Taking screenshot successfully

2019-12-10 08:16:10 - [MESSAGE][PASSED] - Taking screenshot successfully
[[ATTACHMENT|D:\\Test\\AgileTest\\Reports\\AHI\\hbi\\20191210_080033\\../Screenshots/iPhone 6/hbi/Core Shield/20191210_081519/7.png]]

2019-12-10 08:16:10 - [TEST_STEP][PASSED] - (internal.GlobalVariable.i++): null

2019-12-10 08:16:10 - [MESSAGE][PASSED] - Call Test Case 'Test Cases/AHI/_include/get_screenshot' successfully

2019-12-10 08:16:10 - [TEST_STEP][PASSED] - setText(findTestObject("mobileSanity/HBI/Page_App Page 2/input__credit-card-first"), FirstName): Text 'Test-123' is set on object 'Object Repository/mobileSanity/HBI/Page_App Page 2/input__credit-card-first'

2019-12-10 08:16:10 - [MESSAGE][PASSED] - Text 'Test-123' is set on object 'Object Repository/mobileSanity/HBI/Page_App Page 2/input__credit-card-first'

2019-12-10 08:16:10 - [TEST_STEP][PASSED] - setText(findTestObject("mobileSanity/HBI/Page_App Page 2/input__credit-card-last"), LastName): Text 'ZZ11-PdwSempt' is set on object 'Object Repository/mobileSanity/HBI/Page_App Page 2/input__credit-card-last'

2019-12-10 08:16:10 - [MESSAGE][PASSED] - Text 'ZZ11-PdwSempt' is set on object 'Object Repository/mobileSanity/HBI/Page_App Page 2/input__credit-card-last'

2019-12-10 08:16:10 - [TEST_STEP][PASSED] - selectOptionByValue(findTestObject("mobileSanity/HBI/Page_App Page 2/select_MM010203040506070809101"), "12", true): All options with value '12' are selected in object 'Object Repository/mobileSanity/HBI/Page_App Page 2/select_MM010203040506070809101'  using regular expression

2019-12-10 08:16:13 - [MESSAGE][PASSED] - All options with value '12' are selected in object 'Object Repository/mobileSanity/HBI/Page_App Page 2/select_MM010203040506070809101'  using regular expression

2019-12-10 08:16:13 - [TEST_STEP][PASSED] - selectOptionByValue(findTestObject("mobileSanity/HBI/Page_App Page 2/select_YYYY2019202020212022202"), "2026", true): All options with value '2026' are selected in object 'Object Repository/mobileSanity/HBI/Page_App Page 2/select_YYYY2019202020212022202'  using regular expression

2019-12-10 08:16:13 - [MESSAGE][PASSED] - All options with value '2026' are selected in object 'Object Repository/mobileSanity/HBI/Page_App Page 2/select_YYYY2019202020212022202'  using regular expression

2019-12-10 08:16:13 - [TEST_STEP][PASSED] - setText(findTestObject("mobileSanity/HBI/Page_App Page 2/input__credit-card-number"), "4111111111111111"): Text '4111111111111111' is set on object 'Object Repository/mobileSanity/HBI/Page_App Page 2/input__credit-card-number'

2019-12-10 08:16:14 - [MESSAGE][PASSED] - Text '4111111111111111' is set on object 'Object Repository/mobileSanity/HBI/Page_App Page 2/input__credit-card-number'

2019-12-10 08:16:14 - [TEST_STEP][PASSED] - setText(findTestObject("mobileSanity/HBI/Page_App Page 2/input__cvv"), "123"): Text '123' is set on object 'Object Repository/mobileSanity/HBI/Page_App Page 2/input__cvv'

2019-12-10 08:16:14 - [MESSAGE][PASSED] - Text '123' is set on object 'Object Repository/mobileSanity/HBI/Page_App Page 2/input__cvv'

2019-12-10 08:16:14 - [TEST_STEP][PASSED] - click(findTestObject("mobileSanity/HBI/Page_App Page 2/label_My billing address is th")): Object: 'Object Repository/mobileSanity/HBI/Page_App Page 2/label_My billing address is th' is clicked on

2019-12-10 08:16:14 - [MESSAGE][PASSED] - Object: 'Object Repository/mobileSanity/HBI/Page_App Page 2/label_My billing address is th' is clicked on

2019-12-10 08:16:14 - [TEST_STEP][PASSED] - click(findTestObject("mobileSanity/HBI/Page_App Page 2/label_I Accept Authorization f")): Object: 'Object Repository/mobileSanity/HBI/Page_App Page 2/label_I Accept Authorization f' is clicked on

2019-12-10 08:16:14 - [MESSAGE][PASSED] - Object: 'Object Repository/mobileSanity/HBI/Page_App Page 2/label_I Accept Authorization f' is clicked on

2019-12-10 08:16:14 - [TEST_STEP][PASSED] - click(findTestObject("mobileSanity/HBI/Page_App Page 2/a_Continue to Step 3 - Review")): Object: 'Object Repository/mobileSanity/HBI/Page_App Page 2/a_Continue to Step 3 - Review' is clicked on

2019-12-10 08:16:15 - [MESSAGE][PASSED] - Object: 'Object Repository/mobileSanity/HBI/Page_App Page 2/a_Continue to Step 3 - Review' is clicked on

2019-12-10 08:16:15 - [TEST_STEP][PASSED] - waitForPageLoad(20): Wait for page load successfully

2019-12-10 08:16:16 - [MESSAGE][PASSED] - Wait for page load successfully

2019-12-10 08:16:16 - [TEST_STEP][PASSED] - Thread.sleep(10000): null

2019-12-10 08:16:26 - [TEST_STEP][PASSED] - waitForElementPresent(findTestObject("mobileSanity/HBI/Page_App Page 3/label"), 20): Object 'Object Repository/mobileSanity/HBI/Page_App Page 3/label' is present

2019-12-10 08:16:26 - [MESSAGE][PASSED] - Object 'Object Repository/mobileSanity/HBI/Page_App Page 3/label' is present

2019-12-10 08:16:26 - [TEST_STEP][PASSED] - callTestCase(findTestCase("AHI/_include/get_screenshot"), [:], STOP_ON_FAILURE): Call Test Case 'Test Cases/AHI/_include/get_screenshot' successfully

2019-12-10 08:16:26 - [TEST_CASE][PASSED] - Test Cases/AHI/_include/get_screenshot: Test Cases/AHI/_include/get_screenshot

2019-12-10 08:16:26 - [TEST_STEP][PASSED] - takeScreenshot(screenPath + i + ".png"): Taking screenshot successfully

2019-12-10 08:16:26 - [MESSAGE][PASSED] - Taking screenshot successfully
[[ATTACHMENT|D:\\Test\\AgileTest\\Reports\\AHI\\hbi\\20191210_080033\\../Screenshots/iPhone 6/hbi/Core Shield/20191210_081519/8.png]]

2019-12-10 08:16:26 - [TEST_STEP][PASSED] - (internal.GlobalVariable.i++): null

2019-12-10 08:16:26 - [MESSAGE][PASSED] - Call Test Case 'Test Cases/AHI/_include/get_screenshot' successfully

2019-12-10 08:16:26 - [TEST_STEP][PASSED] - click(findTestObject("mobileSanity/HBI/Page_App Page 3/label")): Object: 'Object Repository/mobileSanity/HBI/Page_App Page 3/label' is clicked on

2019-12-10 08:16:26 - [MESSAGE][PASSED] - Object: 'Object Repository/mobileSanity/HBI/Page_App Page 3/label' is clicked on

2019-12-10 08:16:26 - [TEST_STEP][PASSED] - click(findTestObject("mobileSanity/HBI/Page_App Page 3/p_CLICK TO SIGN")): Object: 'Object Repository/mobileSanity/HBI/Page_App Page 3/p_CLICK TO SIGN' is clicked on

2019-12-10 08:16:27 - [MESSAGE][PASSED] - Object: 'Object Repository/mobileSanity/HBI/Page_App Page 3/p_CLICK TO SIGN' is clicked on

2019-12-10 08:16:27 - [TEST_STEP][PASSED] - click(findTestObject("mobileSanity/HBI/Page_App Page 3/a_Submit Your Application")): Object: 'Object Repository/mobileSanity/HBI/Page_App Page 3/a_Submit Your Application' is clicked on

2019-12-10 08:16:27 - [MESSAGE][PASSED] - Object: 'Object Repository/mobileSanity/HBI/Page_App Page 3/a_Submit Your Application' is clicked on

2019-12-10 08:16:27 - [TEST_STEP][PASSED] - Thread.sleep(30000): null

2019-12-10 08:16:57 - [TEST_STEP][PASSED] - callTestCase(findTestCase("AHI/_include/get_screenshot"), [:], STOP_ON_FAILURE): Call Test Case 'Test Cases/AHI/_include/get_screenshot' successfully

2019-12-10 08:16:57 - [TEST_CASE][PASSED] - Test Cases/AHI/_include/get_screenshot: Test Cases/AHI/_include/get_screenshot

2019-12-10 08:16:57 - [TEST_STEP][PASSED] - takeScreenshot(screenPath + i + ".png"): Taking screenshot successfully

2019-12-10 08:16:57 - [MESSAGE][PASSED] - Taking screenshot successfully
[[ATTACHMENT|D:\\Test\\AgileTest\\Reports\\AHI\\hbi\\20191210_080033\\../Screenshots/iPhone 6/hbi/Core Shield/20191210_081519/9.png]]

2019-12-10 08:16:57 - [TEST_STEP][PASSED] - (internal.GlobalVariable.i++): null

2019-12-10 08:16:57 - [MESSAGE][PASSED] - Call Test Case 'Test Cases/AHI/_include/get_screenshot' successfully

2019-12-10 08:16:57 - [TEST_STEP][PASSED] - verifyTextPresent("Congratulations", false): Text 'Congratulations' is present on page 

2019-12-10 08:16:57 - [MESSAGE][PASSED] - Text 'Congratulations' is present on page 

2019-12-10 08:16:57 - [MESSAGE][PASSED] - Call Test Case 'Test Cases/AHI/_include/goToEnd_hbi' successfully]]></system-out>
         <system-err><![CDATA[]]></system-err>
      </testcase>
      <testcase name="Test Cases/AHI/HBI/Agile Secure" classname="Test Cases/AHI/HBI/Agile Secure" status="PASSED">
         <system-out><![CDATA[2019-12-10 08:16:57 - [TEST_CASE][PASSED] - Test Cases/AHI/HBI/Agile Secure: Test Cases/AHI/HBI/Agile Secure

2019-12-10 08:16:58 - [TEST_STEP][PASSED] - callTestCase(findTestCase("AHI/_include/get_screenPath"), ["productLine":"hbi", "carrierName":"Agile Secure"], CONTINUE_ON_FAILURE): Call Test Case 'Test Cases/AHI/_include/get_screenPath' successfully

2019-12-10 08:16:58 - [TEST_CASE][PASSED] - Test Cases/AHI/_include/get_screenPath: Test Cases/AHI/_include/get_screenPath

2019-12-10 08:16:58 - [TEST_STEP][PASSED] - m = getExecutionProperties(): null

2019-12-10 08:16:58 - [TEST_STEP][PASSED] - deviceName = get("mobileEmulation").get("deviceName"): null

2019-12-10 08:16:58 - [TEST_STEP][PASSED] - println(deviceName): null

2019-12-10 08:16:58 - [TEST_STEP][PASSED] - now = new java.util.Date(): null

2019-12-10 08:16:58 - [TEST_STEP][PASSED] - mydate = now.format("yyyyMMdd_HHmmss"): null

2019-12-10 08:16:58 - [TEST_STEP][PASSED] - screenPath = "../Screenshots/": null

2019-12-10 08:16:58 - [TEST_STEP][PASSED] - screenPath = screenPath + deviceName + "/" + productLine + "/" + carrierName + "/" + mydate + "/": null

2019-12-10 08:16:58 - [TEST_STEP][PASSED] - println(screenPath): null

2019-12-10 08:16:58 - [MESSAGE][PASSED] - Call Test Case 'Test Cases/AHI/_include/get_screenPath' successfully

2019-12-10 08:16:58 - [TEST_STEP][PASSED] - i = 0: null

2019-12-10 08:16:58 - [TEST_STEP][PASSED] - callTestCase(findTestCase("AHI/_include/openWebSite"), [:], CONTINUE_ON_FAILURE): Call Test Case 'Test Cases/AHI/_include/openWebSite' successfully

2019-12-10 08:16:58 - [TEST_CASE][PASSED] - Test Cases/AHI/_include/openWebSite: Test Cases/AHI/_include/openWebSite

2019-12-10 08:16:58 - [TEST_STEP][PASSED] - openBrowser(env): Browser is opened with url: 'https://praetemptatus.agilehealthinsurance.com'

2019-12-10 08:16:58 - [MESSAGE][WARNING] - A browser is already opened. Closing browser and opening a new one

2019-12-10 08:16:59 - [MESSAGE][INFO] - Starting 'Chrome' driver

2019-12-10 08:16:59 - [MESSAGE][INFO] - User set preference: ['mobileEmulation', '{deviceName=iPhone 6}']

2019-12-10 08:16:59 - [MESSAGE][INFO] - User set preference: ['args', '[--incognito, --aggressive-cache-discard, --window-size=375,677, --no-sandbox]']

2019-12-10 08:17:02 - [MESSAGE][PASSED] - Browser is opened with url: 'https://praetemptatus.agilehealthinsurance.com'

2019-12-10 08:17:02 - [TEST_STEP][PASSED] - waitForPageLoad(20): Wait for page load successfully

2019-12-10 08:17:02 - [MESSAGE][PASSED] - Wait for page load successfully

2019-12-10 08:17:02 - [TEST_STEP][PASSED] - callTestCase(findTestCase("AHI/_include/get_screenshot"), [:], STOP_ON_FAILURE): Call Test Case 'Test Cases/AHI/_include/get_screenshot' successfully

2019-12-10 08:17:02 - [TEST_CASE][PASSED] - Test Cases/AHI/_include/get_screenshot: Test Cases/AHI/_include/get_screenshot

2019-12-10 08:17:02 - [TEST_STEP][PASSED] - takeScreenshot(screenPath + i + ".png"): Taking screenshot successfully

2019-12-10 08:17:03 - [MESSAGE][PASSED] - Taking screenshot successfully
[[ATTACHMENT|D:\\Test\\AgileTest\\Reports\\AHI\\hbi\\20191210_080033\\../Screenshots/iPhone 6/hbi/Agile Secure/20191210_081658/0.png]]

2019-12-10 08:17:03 - [TEST_STEP][PASSED] - (internal.GlobalVariable.i++): null

2019-12-10 08:17:03 - [MESSAGE][PASSED] - Call Test Case 'Test Cases/AHI/_include/get_screenshot' successfully

2019-12-10 08:17:03 - [MESSAGE][PASSED] - Call Test Case 'Test Cases/AHI/_include/openWebSite' successfully

2019-12-10 08:17:03 - [TEST_STEP][PASSED] - callTestCase(findTestCase("AHI/_include/census_hbi"), ["zipcode":"08701"], CONTINUE_ON_FAILURE): Call Test Case 'Test Cases/AHI/_include/census_hbi' successfully

2019-12-10 08:17:03 - [TEST_CASE][PASSED] - Test Cases/AHI/_include/census_hbi: Test Cases/AHI/_include/census_hbi

2019-12-10 08:17:03 - [TEST_STEP][PASSED] - click(findTestObject("mobileSanity/Common/side_nav/menu")): Object: 'Object Repository/mobileSanity/Common/side_nav/menu' is clicked on

2019-12-10 08:17:04 - [MESSAGE][PASSED] - Object: 'Object Repository/mobileSanity/Common/side_nav/menu' is clicked on

2019-12-10 08:17:04 - [TEST_STEP][PASSED] - Thread.sleep(3000): null

2019-12-10 08:17:07 - [TEST_STEP][PASSED] - callTestCase(findTestCase("AHI/_include/get_screenshot"), [:], STOP_ON_FAILURE): Call Test Case 'Test Cases/AHI/_include/get_screenshot' successfully

2019-12-10 08:17:07 - [TEST_CASE][PASSED] - Test Cases/AHI/_include/get_screenshot: Test Cases/AHI/_include/get_screenshot

2019-12-10 08:17:07 - [TEST_STEP][PASSED] - takeScreenshot(screenPath + i + ".png"): Taking screenshot successfully

2019-12-10 08:17:07 - [MESSAGE][PASSED] - Taking screenshot successfully
[[ATTACHMENT|D:\\Test\\AgileTest\\Reports\\AHI\\hbi\\20191210_080033\\../Screenshots/iPhone 6/hbi/Agile Secure/20191210_081658/1.png]]

2019-12-10 08:17:07 - [TEST_STEP][PASSED] - (internal.GlobalVariable.i++): null

2019-12-10 08:17:07 - [MESSAGE][PASSED] - Call Test Case 'Test Cases/AHI/_include/get_screenshot' successfully

2019-12-10 08:17:07 - [TEST_STEP][PASSED] - click(findTestObject("mobileSanity/Common/side_nav/nav_hbi")): Object: 'Object Repository/mobileSanity/Common/side_nav/nav_hbi' is clicked on

2019-12-10 08:17:08 - [MESSAGE][PASSED] - Object: 'Object Repository/mobileSanity/Common/side_nav/nav_hbi' is clicked on

2019-12-10 08:17:08 - [TEST_STEP][PASSED] - waitForPageLoad(10): Wait for page load successfully

2019-12-10 08:17:08 - [MESSAGE][PASSED] - Wait for page load successfully

2019-12-10 08:17:08 - [TEST_STEP][PASSED] - Thread.sleep(3000): null

2019-12-10 08:17:11 - [TEST_STEP][PASSED] - callTestCase(findTestCase("AHI/_include/get_screenshot"), [:], STOP_ON_FAILURE): Call Test Case 'Test Cases/AHI/_include/get_screenshot' successfully

2019-12-10 08:17:11 - [TEST_CASE][PASSED] - Test Cases/AHI/_include/get_screenshot: Test Cases/AHI/_include/get_screenshot

2019-12-10 08:17:11 - [TEST_STEP][PASSED] - takeScreenshot(screenPath + i + ".png"): Taking screenshot successfully

2019-12-10 08:17:12 - [MESSAGE][PASSED] - Taking screenshot successfully
[[ATTACHMENT|D:\\Test\\AgileTest\\Reports\\AHI\\hbi\\20191210_080033\\../Screenshots/iPhone 6/hbi/Agile Secure/20191210_081658/2.png]]

2019-12-10 08:17:12 - [TEST_STEP][PASSED] - (internal.GlobalVariable.i++): null

2019-12-10 08:17:12 - [MESSAGE][PASSED] - Call Test Case 'Test Cases/AHI/_include/get_screenshot' successfully

2019-12-10 08:17:12 - [TEST_STEP][PASSED] - setText(findTestObject("mobileSanity/HBI/census/input_Location_zip-input"), zipcode): Text '08701' is set on object 'Object Repository/mobileSanity/HBI/census/input_Location_zip-input'

2019-12-10 08:17:12 - [MESSAGE][PASSED] - Text '08701' is set on object 'Object Repository/mobileSanity/HBI/census/input_Location_zip-input'

2019-12-10 08:17:12 - [TEST_STEP][PASSED] - Thread.sleep(500): null

2019-12-10 08:17:13 - [TEST_STEP][PASSED] - setText(findTestObject("mobileSanity/HBI/census/input_Date of Birth_dob-0"), "12121980"): Text '12121980' is set on object 'Object Repository/mobileSanity/HBI/census/input_Date of Birth_dob-0'

2019-12-10 08:17:13 - [MESSAGE][PASSED] - Text '12121980' is set on object 'Object Repository/mobileSanity/HBI/census/input_Date of Birth_dob-0'

2019-12-10 08:17:13 - [TEST_STEP][PASSED] - click(findTestObject("mobileSanity/HBI/census/label_Male")): Object: 'Object Repository/mobileSanity/HBI/census/label_Male' is clicked on

2019-12-10 08:17:13 - [MESSAGE][PASSED] - Object: 'Object Repository/mobileSanity/HBI/census/label_Male' is clicked on

2019-12-10 08:17:13 - [TEST_STEP][PASSED] - click(findTestObject("mobileSanity/HBI/census/label_Get a Quote")): Object: 'Object Repository/mobileSanity/HBI/census/label_Get a Quote' is clicked on

2019-12-10 08:17:14 - [MESSAGE][PASSED] - Object: 'Object Repository/mobileSanity/HBI/census/label_Get a Quote' is clicked on

2019-12-10 08:17:14 - [TEST_STEP][PASSED] - waitForPageLoad(20): Wait for page load successfully

2019-12-10 08:17:15 - [MESSAGE][PASSED] - Wait for page load successfully

2019-12-10 08:17:15 - [TEST_STEP][PASSED] - Thread.sleep(3000): null

2019-12-10 08:17:18 - [TEST_STEP][PASSED] - callTestCase(findTestCase("AHI/_include/check_quoteleadform"), [:], STOP_ON_FAILURE): Call Test Case 'Test Cases/AHI/_include/check_quoteleadform' successfully

2019-12-10 08:17:18 - [TEST_CASE][PASSED] - Test Cases/AHI/_include/check_quoteleadform: Test Cases/AHI/_include/check_quoteleadform

2019-12-10 08:17:18 - [TEST_STEP][PASSED] - callTestCase(findTestCase("AHI/_include/name"), [:], CONTINUE_ON_FAILURE): Call Test Case 'Test Cases/AHI/_include/name' successfully

2019-12-10 08:17:18 - [TEST_CASE][PASSED] - Test Cases/AHI/_include/name: Test Cases/AHI/_include/name

2019-12-10 08:17:18 - [TEST_STEP][PASSED] - driver = getWebDriver(): null

2019-12-10 08:17:18 - [TEST_STEP][PASSED] - selenium = new com.thoughtworks.selenium.webdriven.WebDriverBackedSelenium(driver, internal.GlobalVariable.ENV): null

2019-12-10 08:17:18 - [TEST_STEP][PASSED] - FirstName = "Test-123": null

2019-12-10 08:17:18 - [TEST_STEP][PASSED] - LastName = selenium.getEval("{var x="ABCDEFGHIJKLMNOPQRSTUVWXYZabcdefghijklmnopqrstuvwxyz"; var tmp="ZZ11-"; for (i=0;i<8;i++) tmp+=x.charAt(Math.ceil(51*Math.random()));tmp;}"): null

2019-12-10 08:17:18 - [TEST_STEP][PASSED] - Address = selenium.getEval("{var x="ABCDEFGHIJKLMNOPQRSTUVWXYZabcdefghijklmnopqrstuvwxyz"; var tmp=""; for (i=0;i<8;i++) tmp+=x.charAt(Math.ceil(51*Math.random()));tmp;}"): null

2019-12-10 08:17:18 - [TEST_STEP][PASSED] - City = selenium.getEval("{var x="ABCDEFGHIJKLMNOPQRSTUVWXYZabcdefghijklmnopqrstuvwxyz"; var tmp=""; for (i=0;i<8;i++) tmp+=x.charAt(Math.ceil(51*Math.random()));tmp;}"): null

2019-12-10 08:17:18 - [TEST_STEP][PASSED] - tel1 = selenium.getEval("{var x="123456789"; var tmp=""; for (i=0;i<3;i++) tmp+=x.charAt(Math.ceil(8*Math.random()));tmp;}"): null

2019-12-10 08:17:18 - [TEST_STEP][PASSED] - tel2 = selenium.getEval("{var x="123456789"; var tmp=""; for (i=0;i<3;i++) tmp+=x.charAt(Math.ceil(8*Math.random()));tmp;}"): null

2019-12-10 08:17:18 - [TEST_STEP][PASSED] - tel3 = selenium.getEval("{var x="123456789"; var tmp=""; for (i=0;i<4;i++) tmp+=x.charAt(Math.ceil(8*Math.random()));tmp;}"): null

2019-12-10 08:17:18 - [TEST_STEP][PASSED] - Tel = selenium.getExpression(tel1 + "-" + tel2 + "-" + tel3): null

2019-12-10 08:17:18 - [TEST_STEP][PASSED] - AutoEmail = selenium.getEval("{var x="ABCDEFGHIJKLMNOPQRSTUVWXYZabcdefghijklmnopqrstuvwxyz"; var tmp="test."; for (i=0;i<8;i++) tmp+=x.charAt(Math.ceil(51*Math.random()));tmp+="@suryani.cn";}"): null

2019-12-10 08:17:18 - [TEST_STEP][PASSED] - FirstName = FirstName: null

2019-12-10 08:17:18 - [TEST_STEP][PASSED] - LastName = LastName: null

2019-12-10 08:17:18 - [TEST_STEP][PASSED] - Address = Address: null

2019-12-10 08:17:18 - [TEST_STEP][PASSED] - City = City: null

2019-12-10 08:17:18 - [TEST_STEP][PASSED] - Tel = Tel: null

2019-12-10 08:17:18 - [TEST_STEP][PASSED] - AutoEmail = AutoEmail: null

2019-12-10 08:17:18 - [TEST_STEP][PASSED] - println(FirstName): null

2019-12-10 08:17:18 - [TEST_STEP][PASSED] - println(LastName): null

2019-12-10 08:17:18 - [TEST_STEP][PASSED] - println(Address): null

2019-12-10 08:17:18 - [TEST_STEP][PASSED] - println(City): null

2019-12-10 08:17:18 - [TEST_STEP][PASSED] - println(Tel): null

2019-12-10 08:17:18 - [TEST_STEP][PASSED] - println(AutoEmail): null

2019-12-10 08:17:18 - [MESSAGE][PASSED] - Call Test Case 'Test Cases/AHI/_include/name' successfully

2019-12-10 08:17:18 - [TEST_STEP][PASSED] - leadform_exist = test.MobileKeywords.isElementPresent_Web(findTestObject("mobileSanity/quote lead form/lead_form"), 20): test.MobileKeywords.isElementPresent_Web is PASSED

2019-12-10 08:17:41 - [MESSAGE][INFO] - Unable to find the element located by 'By.xpath: //*[@id = 'lightboxLeadForm']'. Please recheck the objects properties to make sure the desired element is located. 

2019-12-10 08:17:41 - [MESSAGE][PASSED] - test.MobileKeywords.isElementPresent_Web is PASSED

2019-12-10 08:17:41 - [TEST_STEP][PASSED] - if (leadform_exist): null

2019-12-10 08:17:41 - [MESSAGE][PASSED] - Call Test Case 'Test Cases/AHI/_include/check_quoteleadform' successfully

2019-12-10 08:17:41 - [TEST_STEP][PASSED] - callTestCase(findTestCase("AHI/_include/get_screenshot"), [:], STOP_ON_FAILURE): Call Test Case 'Test Cases/AHI/_include/get_screenshot' successfully

2019-12-10 08:17:41 - [TEST_CASE][PASSED] - Test Cases/AHI/_include/get_screenshot: Test Cases/AHI/_include/get_screenshot

2019-12-10 08:17:41 - [TEST_STEP][PASSED] - takeScreenshot(screenPath + i + ".png"): Taking screenshot successfully

2019-12-10 08:17:42 - [MESSAGE][PASSED] - Taking screenshot successfully
[[ATTACHMENT|D:\\Test\\AgileTest\\Reports\\AHI\\hbi\\20191210_080033\\../Screenshots/iPhone 6/hbi/Agile Secure/20191210_081658/3.png]]

2019-12-10 08:17:42 - [TEST_STEP][PASSED] - (internal.GlobalVariable.i++): null

2019-12-10 08:17:42 - [MESSAGE][PASSED] - Call Test Case 'Test Cases/AHI/_include/get_screenshot' successfully

2019-12-10 08:17:42 - [MESSAGE][PASSED] - Call Test Case 'Test Cases/AHI/_include/census_hbi' successfully

2019-12-10 08:17:42 - [TEST_STEP][PASSED] - click(findTestObject("mobileSanity/HBI/detail/a_Apply for This Plan")): Object: 'Object Repository/mobileSanity/HBI/detail/a_Apply for This Plan' is clicked on

2019-12-10 08:17:43 - [MESSAGE][PASSED] - Object: 'Object Repository/mobileSanity/HBI/detail/a_Apply for This Plan' is clicked on

2019-12-10 08:17:43 - [TEST_STEP][PASSED] - waitForPageLoad(20): Wait for page load successfully

2019-12-10 08:17:44 - [MESSAGE][PASSED] - Wait for page load successfully

2019-12-10 08:17:44 - [TEST_STEP][PASSED] - callTestCase(findTestCase("AHI/_include/get_screenshot"), [:], STOP_ON_FAILURE): Call Test Case 'Test Cases/AHI/_include/get_screenshot' successfully

2019-12-10 08:17:44 - [TEST_CASE][PASSED] - Test Cases/AHI/_include/get_screenshot: Test Cases/AHI/_include/get_screenshot

2019-12-10 08:17:44 - [TEST_STEP][PASSED] - takeScreenshot(screenPath + i + ".png"): Taking screenshot successfully

2019-12-10 08:17:45 - [MESSAGE][PASSED] - Taking screenshot successfully
[[ATTACHMENT|D:\\Test\\AgileTest\\Reports\\AHI\\hbi\\20191210_080033\\../Screenshots/iPhone 6/hbi/Agile Secure/20191210_081658/4.png]]

2019-12-10 08:17:45 - [TEST_STEP][PASSED] - (internal.GlobalVariable.i++): null

2019-12-10 08:17:45 - [MESSAGE][PASSED] - Call Test Case 'Test Cases/AHI/_include/get_screenshot' successfully

2019-12-10 08:17:45 - [TEST_STEP][PASSED] - click(findTestObject("mobileSanity/HBI/Page_Apply/span_Start Secure Application")): Object: 'Object Repository/mobileSanity/HBI/Page_Apply/span_Start Secure Application' is clicked on

2019-12-10 08:17:47 - [MESSAGE][PASSED] - Object: 'Object Repository/mobileSanity/HBI/Page_Apply/span_Start Secure Application' is clicked on

2019-12-10 08:17:47 - [TEST_STEP][PASSED] - waitForPageLoad(20): Wait for page load successfully

2019-12-10 08:17:47 - [MESSAGE][PASSED] - Wait for page load successfully

2019-12-10 08:17:47 - [TEST_STEP][PASSED] - Thread.sleep(5000): null

2019-12-10 08:17:52 - [TEST_STEP][PASSED] - callTestCase(findTestCase("AHI/_include/get_screenshot"), [:], STOP_ON_FAILURE): Call Test Case 'Test Cases/AHI/_include/get_screenshot' successfully

2019-12-10 08:17:52 - [TEST_CASE][PASSED] - Test Cases/AHI/_include/get_screenshot: Test Cases/AHI/_include/get_screenshot

2019-12-10 08:17:52 - [TEST_STEP][PASSED] - takeScreenshot(screenPath + i + ".png"): Taking screenshot successfully

2019-12-10 08:17:52 - [MESSAGE][PASSED] - Taking screenshot successfully
[[ATTACHMENT|D:\\Test\\AgileTest\\Reports\\AHI\\hbi\\20191210_080033\\../Screenshots/iPhone 6/hbi/Agile Secure/20191210_081658/5.png]]

2019-12-10 08:17:52 - [TEST_STEP][PASSED] - (internal.GlobalVariable.i++): null

2019-12-10 08:17:52 - [MESSAGE][PASSED] - Call Test Case 'Test Cases/AHI/_include/get_screenshot' successfully

2019-12-10 08:17:52 - [TEST_STEP][PASSED] - callTestCase(findTestCase("AHI/_include/goToEnd_hbi"), ["carrier":"agilesecure"], CONTINUE_ON_FAILURE): Call Test Case 'Test Cases/AHI/_include/goToEnd_hbi' successfully

2019-12-10 08:17:52 - [TEST_CASE][PASSED] - Test Cases/AHI/_include/goToEnd_hbi: Test Cases/AHI/_include/goToEnd_hbi

2019-12-10 08:17:52 - [TEST_STEP][PASSED] - if (state == "ca"): null

2019-12-10 08:17:52 - [TEST_STEP][PASSED] - callTestCase(findTestCase("AHI/_include/name"), [:], CONTINUE_ON_FAILURE): Call Test Case 'Test Cases/AHI/_include/name' successfully

2019-12-10 08:17:52 - [TEST_CASE][PASSED] - Test Cases/AHI/_include/name: Test Cases/AHI/_include/name

2019-12-10 08:17:52 - [TEST_STEP][PASSED] - driver = getWebDriver(): null

2019-12-10 08:17:52 - [TEST_STEP][PASSED] - selenium = new com.thoughtworks.selenium.webdriven.WebDriverBackedSelenium(driver, internal.GlobalVariable.ENV): null

2019-12-10 08:17:53 - [TEST_STEP][PASSED] - FirstName = "Test-123": null

2019-12-10 08:17:53 - [TEST_STEP][PASSED] - LastName = selenium.getEval("{var x="ABCDEFGHIJKLMNOPQRSTUVWXYZabcdefghijklmnopqrstuvwxyz"; var tmp="ZZ11-"; for (i=0;i<8;i++) tmp+=x.charAt(Math.ceil(51*Math.random()));tmp;}"): null

2019-12-10 08:17:53 - [TEST_STEP][PASSED] - Address = selenium.getEval("{var x="ABCDEFGHIJKLMNOPQRSTUVWXYZabcdefghijklmnopqrstuvwxyz"; var tmp=""; for (i=0;i<8;i++) tmp+=x.charAt(Math.ceil(51*Math.random()));tmp;}"): null

2019-12-10 08:17:53 - [TEST_STEP][PASSED] - City = selenium.getEval("{var x="ABCDEFGHIJKLMNOPQRSTUVWXYZabcdefghijklmnopqrstuvwxyz"; var tmp=""; for (i=0;i<8;i++) tmp+=x.charAt(Math.ceil(51*Math.random()));tmp;}"): null

2019-12-10 08:17:53 - [TEST_STEP][PASSED] - tel1 = selenium.getEval("{var x="123456789"; var tmp=""; for (i=0;i<3;i++) tmp+=x.charAt(Math.ceil(8*Math.random()));tmp;}"): null

2019-12-10 08:17:53 - [TEST_STEP][PASSED] - tel2 = selenium.getEval("{var x="123456789"; var tmp=""; for (i=0;i<3;i++) tmp+=x.charAt(Math.ceil(8*Math.random()));tmp;}"): null

2019-12-10 08:17:53 - [TEST_STEP][PASSED] - tel3 = selenium.getEval("{var x="123456789"; var tmp=""; for (i=0;i<4;i++) tmp+=x.charAt(Math.ceil(8*Math.random()));tmp;}"): null

2019-12-10 08:17:53 - [TEST_STEP][PASSED] - Tel = selenium.getExpression(tel1 + "-" + tel2 + "-" + tel3): null

2019-12-10 08:17:53 - [TEST_STEP][PASSED] - AutoEmail = selenium.getEval("{var x="ABCDEFGHIJKLMNOPQRSTUVWXYZabcdefghijklmnopqrstuvwxyz"; var tmp="test."; for (i=0;i<8;i++) tmp+=x.charAt(Math.ceil(51*Math.random()));tmp+="@suryani.cn";}"): null

2019-12-10 08:17:53 - [TEST_STEP][PASSED] - FirstName = FirstName: null

2019-12-10 08:17:53 - [TEST_STEP][PASSED] - LastName = LastName: null

2019-12-10 08:17:53 - [TEST_STEP][PASSED] - Address = Address: null

2019-12-10 08:17:53 - [TEST_STEP][PASSED] - City = City: null

2019-12-10 08:17:53 - [TEST_STEP][PASSED] - Tel = Tel: null

2019-12-10 08:17:53 - [TEST_STEP][PASSED] - AutoEmail = AutoEmail: null

2019-12-10 08:17:53 - [TEST_STEP][PASSED] - println(FirstName): null

2019-12-10 08:17:53 - [TEST_STEP][PASSED] - println(LastName): null

2019-12-10 08:17:53 - [TEST_STEP][PASSED] - println(Address): null

2019-12-10 08:17:53 - [TEST_STEP][PASSED] - println(City): null

2019-12-10 08:17:53 - [TEST_STEP][PASSED] - println(Tel): null

2019-12-10 08:17:53 - [TEST_STEP][PASSED] - println(AutoEmail): null

2019-12-10 08:17:53 - [MESSAGE][PASSED] - Call Test Case 'Test Cases/AHI/_include/name' successfully

2019-12-10 08:17:53 - [TEST_STEP][PASSED] - setText(findTestObject("mobileSanity/HBI/Page_App Page 1/input__member-P-1-firstName"), FirstName): Text 'Test-123' is set on object 'Object Repository/mobileSanity/HBI/Page_App Page 1/input__member-P-1-firstName'

2019-12-10 08:17:53 - [MESSAGE][PASSED] - Text 'Test-123' is set on object 'Object Repository/mobileSanity/HBI/Page_App Page 1/input__member-P-1-firstName'

2019-12-10 08:17:53 - [TEST_STEP][PASSED] - setText(findTestObject("mobileSanity/HBI/Page_App Page 1/input__member-P-1-lastName"), LastName): Text 'ZZ11-vcEDKlsV' is set on object 'Object Repository/mobileSanity/HBI/Page_App Page 1/input__member-P-1-lastName'

2019-12-10 08:17:53 - [MESSAGE][PASSED] - Text 'ZZ11-vcEDKlsV' is set on object 'Object Repository/mobileSanity/HBI/Page_App Page 1/input__member-P-1-lastName'

2019-12-10 08:17:53 - [TEST_STEP][PASSED] - if (carrier == "agileone" || carrier == "agilesecure"): Text 'test6' is set on object 'Object Repository/mobileSanity/HBI/Page_App Page 1/input__contingent-beneficiary-relationship'

2019-12-10 08:17:53 - [TEST_STEP][PASSED] - setText(findTestObject("mobileSanity/HBI/Page_App Page 1/input__primary-beneficiary-fir"), "test1"): Text 'test1' is set on object 'Object Repository/mobileSanity/HBI/Page_App Page 1/input__primary-beneficiary-fir'

2019-12-10 08:17:54 - [MESSAGE][PASSED] - Text 'test1' is set on object 'Object Repository/mobileSanity/HBI/Page_App Page 1/input__primary-beneficiary-fir'

2019-12-10 08:17:54 - [TEST_STEP][PASSED] - setText(findTestObject("mobileSanity/HBI/Page_App Page 1/input__primary-beneficiary-las"), "test2"): Text 'test2' is set on object 'Object Repository/mobileSanity/HBI/Page_App Page 1/input__primary-beneficiary-las'

2019-12-10 08:17:54 - [MESSAGE][PASSED] - Text 'test2' is set on object 'Object Repository/mobileSanity/HBI/Page_App Page 1/input__primary-beneficiary-las'

2019-12-10 08:17:54 - [TEST_STEP][PASSED] - setText(findTestObject("mobileSanity/HBI/Page_App Page 1/input__primary-beneficiary-rel"), "test3"): Text 'test3' is set on object 'Object Repository/mobileSanity/HBI/Page_App Page 1/input__primary-beneficiary-rel'

2019-12-10 08:17:54 - [MESSAGE][PASSED] - Text 'test3' is set on object 'Object Repository/mobileSanity/HBI/Page_App Page 1/input__primary-beneficiary-rel'

2019-12-10 08:17:54 - [TEST_STEP][PASSED] - setText(findTestObject("mobileSanity/HBI/Page_App Page 1/input__contingent-beneficiary-"), "test4"): Text 'test4' is set on object 'Object Repository/mobileSanity/HBI/Page_App Page 1/input__contingent-beneficiary-'

2019-12-10 08:17:54 - [MESSAGE][PASSED] - Text 'test4' is set on object 'Object Repository/mobileSanity/HBI/Page_App Page 1/input__contingent-beneficiary-'

2019-12-10 08:17:54 - [TEST_STEP][PASSED] - setText(findTestObject("mobileSanity/HBI/Page_App Page 1/input__contingent-beneficiary-_lastname"), "test5"): Text 'test5' is set on object 'Object Repository/mobileSanity/HBI/Page_App Page 1/input__contingent-beneficiary-_lastname'

2019-12-10 08:17:55 - [MESSAGE][PASSED] - Text 'test5' is set on object 'Object Repository/mobileSanity/HBI/Page_App Page 1/input__contingent-beneficiary-_lastname'

2019-12-10 08:17:55 - [TEST_STEP][PASSED] - setText(findTestObject("mobileSanity/HBI/Page_App Page 1/input__contingent-beneficiary-relationship"), "test6"): Text 'test6' is set on object 'Object Repository/mobileSanity/HBI/Page_App Page 1/input__contingent-beneficiary-relationship'

2019-12-10 08:17:55 - [MESSAGE][PASSED] - Text 'test6' is set on object 'Object Repository/mobileSanity/HBI/Page_App Page 1/input__contingent-beneficiary-relationship'

2019-12-10 08:17:55 - [TEST_STEP][PASSED] - setText(findTestObject("mobileSanity/HBI/Page_App Page 1/input__address"), Address): Text 'EEuQcTOR' is set on object 'Object Repository/mobileSanity/HBI/Page_App Page 1/input__address'

2019-12-10 08:17:55 - [MESSAGE][PASSED] - Text 'EEuQcTOR' is set on object 'Object Repository/mobileSanity/HBI/Page_App Page 1/input__address'

2019-12-10 08:17:55 - [TEST_STEP][PASSED] - setText(findTestObject("mobileSanity/HBI/Page_App Page 1/input__city"), City): Text 'PhlRePGk' is set on object 'Object Repository/mobileSanity/HBI/Page_App Page 1/input__city'

2019-12-10 08:17:56 - [MESSAGE][PASSED] - Text 'PhlRePGk' is set on object 'Object Repository/mobileSanity/HBI/Page_App Page 1/input__city'

2019-12-10 08:17:56 - [TEST_STEP][PASSED] - setText(findTestObject("mobileSanity/HBI/Page_App Page 1/input__email"), AutoEmail): Text 'test.GlCQwZhQ@suryani.cn' is set on object 'Object Repository/mobileSanity/HBI/Page_App Page 1/input__email'

2019-12-10 08:17:56 - [MESSAGE][PASSED] - Text 'test.GlCQwZhQ@suryani.cn' is set on object 'Object Repository/mobileSanity/HBI/Page_App Page 1/input__email'

2019-12-10 08:17:56 - [TEST_STEP][PASSED] - setText(findTestObject("mobileSanity/HBI/Page_App Page 1/input_tel"), Tel): Text '792-744-5994' is set on object 'Object Repository/mobileSanity/HBI/Page_App Page 1/input_tel'

2019-12-10 08:17:56 - [MESSAGE][PASSED] - Text '792-744-5994' is set on object 'Object Repository/mobileSanity/HBI/Page_App Page 1/input_tel'

2019-12-10 08:17:56 - [TEST_STEP][PASSED] - Thread.sleep(5000): null

2019-12-10 08:18:01 - [TEST_STEP][PASSED] - click(findTestObject("mobileSanity/HBI/Page_App Page 1/a_Continue to Step 2 - Payment")): Object: 'Object Repository/mobileSanity/HBI/Page_App Page 1/a_Continue to Step 2 - Payment' is clicked on

2019-12-10 08:18:02 - [MESSAGE][PASSED] - Object: 'Object Repository/mobileSanity/HBI/Page_App Page 1/a_Continue to Step 2 - Payment' is clicked on

2019-12-10 08:18:02 - [TEST_STEP][PASSED] - waitForPageLoad(20): Wait for page load successfully

2019-12-10 08:18:02 - [MESSAGE][PASSED] - Wait for page load successfully

2019-12-10 08:18:02 - [TEST_STEP][PASSED] - Thread.sleep(2000): null

2019-12-10 08:18:04 - [TEST_STEP][PASSED] - waitForElementVisible(findTestObject("mobileSanity/HBI/Page_App Page 2/input__credit-card-first"), 20): Object 'Object Repository/mobileSanity/HBI/Page_App Page 2/input__credit-card-first' is visible

2019-12-10 08:18:04 - [MESSAGE][PASSED] - Object 'Object Repository/mobileSanity/HBI/Page_App Page 2/input__credit-card-first' is visible

2019-12-10 08:18:04 - [TEST_STEP][PASSED] - callTestCase(findTestCase("AHI/_include/get_screenshot"), [:], STOP_ON_FAILURE): Call Test Case 'Test Cases/AHI/_include/get_screenshot' successfully

2019-12-10 08:18:04 - [TEST_CASE][PASSED] - Test Cases/AHI/_include/get_screenshot: Test Cases/AHI/_include/get_screenshot

2019-12-10 08:18:04 - [TEST_STEP][PASSED] - takeScreenshot(screenPath + i + ".png"): Taking screenshot successfully

2019-12-10 08:18:04 - [MESSAGE][PASSED] - Taking screenshot successfully
[[ATTACHMENT|D:\\Test\\AgileTest\\Reports\\AHI\\hbi\\20191210_080033\\../Screenshots/iPhone 6/hbi/Agile Secure/20191210_081658/6.png]]

2019-12-10 08:18:04 - [TEST_STEP][PASSED] - (internal.GlobalVariable.i++): null

2019-12-10 08:18:04 - [MESSAGE][PASSED] - Call Test Case 'Test Cases/AHI/_include/get_screenshot' successfully

2019-12-10 08:18:04 - [TEST_STEP][PASSED] - setText(findTestObject("mobileSanity/HBI/Page_App Page 2/input__credit-card-first"), FirstName): Text 'Test-123' is set on object 'Object Repository/mobileSanity/HBI/Page_App Page 2/input__credit-card-first'

2019-12-10 08:18:04 - [MESSAGE][PASSED] - Text 'Test-123' is set on object 'Object Repository/mobileSanity/HBI/Page_App Page 2/input__credit-card-first'

2019-12-10 08:18:04 - [TEST_STEP][PASSED] - setText(findTestObject("mobileSanity/HBI/Page_App Page 2/input__credit-card-last"), LastName): Text 'ZZ11-vcEDKlsV' is set on object 'Object Repository/mobileSanity/HBI/Page_App Page 2/input__credit-card-last'

2019-12-10 08:18:05 - [MESSAGE][PASSED] - Text 'ZZ11-vcEDKlsV' is set on object 'Object Repository/mobileSanity/HBI/Page_App Page 2/input__credit-card-last'

2019-12-10 08:18:05 - [TEST_STEP][PASSED] - selectOptionByValue(findTestObject("mobileSanity/HBI/Page_App Page 2/select_MM010203040506070809101"), "12", true): All options with value '12' are selected in object 'Object Repository/mobileSanity/HBI/Page_App Page 2/select_MM010203040506070809101'  using regular expression

2019-12-10 08:18:05 - [MESSAGE][PASSED] - All options with value '12' are selected in object 'Object Repository/mobileSanity/HBI/Page_App Page 2/select_MM010203040506070809101'  using regular expression

2019-12-10 08:18:05 - [TEST_STEP][PASSED] - selectOptionByValue(findTestObject("mobileSanity/HBI/Page_App Page 2/select_YYYY2019202020212022202"), "2026", true): All options with value '2026' are selected in object 'Object Repository/mobileSanity/HBI/Page_App Page 2/select_YYYY2019202020212022202'  using regular expression

2019-12-10 08:18:05 - [MESSAGE][PASSED] - All options with value '2026' are selected in object 'Object Repository/mobileSanity/HBI/Page_App Page 2/select_YYYY2019202020212022202'  using regular expression

2019-12-10 08:18:05 - [TEST_STEP][PASSED] - setText(findTestObject("mobileSanity/HBI/Page_App Page 2/input__credit-card-number"), "4111111111111111"): Text '4111111111111111' is set on object 'Object Repository/mobileSanity/HBI/Page_App Page 2/input__credit-card-number'

2019-12-10 08:18:05 - [MESSAGE][PASSED] - Text '4111111111111111' is set on object 'Object Repository/mobileSanity/HBI/Page_App Page 2/input__credit-card-number'

2019-12-10 08:18:05 - [TEST_STEP][PASSED] - setText(findTestObject("mobileSanity/HBI/Page_App Page 2/input__cvv"), "123"): Text '123' is set on object 'Object Repository/mobileSanity/HBI/Page_App Page 2/input__cvv'

2019-12-10 08:18:06 - [MESSAGE][PASSED] - Text '123' is set on object 'Object Repository/mobileSanity/HBI/Page_App Page 2/input__cvv'

2019-12-10 08:18:06 - [TEST_STEP][PASSED] - click(findTestObject("mobileSanity/HBI/Page_App Page 2/label_My billing address is th")): Object: 'Object Repository/mobileSanity/HBI/Page_App Page 2/label_My billing address is th' is clicked on

2019-12-10 08:18:06 - [MESSAGE][PASSED] - Object: 'Object Repository/mobileSanity/HBI/Page_App Page 2/label_My billing address is th' is clicked on

2019-12-10 08:18:06 - [TEST_STEP][PASSED] - click(findTestObject("mobileSanity/HBI/Page_App Page 2/label_I Accept Authorization f")): Object: 'Object Repository/mobileSanity/HBI/Page_App Page 2/label_I Accept Authorization f' is clicked on

2019-12-10 08:18:06 - [MESSAGE][PASSED] - Object: 'Object Repository/mobileSanity/HBI/Page_App Page 2/label_I Accept Authorization f' is clicked on

2019-12-10 08:18:06 - [TEST_STEP][PASSED] - click(findTestObject("mobileSanity/HBI/Page_App Page 2/a_Continue to Step 3 - Review")): Object: 'Object Repository/mobileSanity/HBI/Page_App Page 2/a_Continue to Step 3 - Review' is clicked on

2019-12-10 08:18:07 - [MESSAGE][PASSED] - Object: 'Object Repository/mobileSanity/HBI/Page_App Page 2/a_Continue to Step 3 - Review' is clicked on

2019-12-10 08:18:07 - [TEST_STEP][PASSED] - waitForPageLoad(20): Wait for page load successfully

2019-12-10 08:18:07 - [MESSAGE][PASSED] - Wait for page load successfully

2019-12-10 08:18:07 - [TEST_STEP][PASSED] - Thread.sleep(10000): null

2019-12-10 08:18:17 - [TEST_STEP][PASSED] - waitForElementPresent(findTestObject("mobileSanity/HBI/Page_App Page 3/label"), 20): Object 'Object Repository/mobileSanity/HBI/Page_App Page 3/label' is present

2019-12-10 08:18:18 - [MESSAGE][PASSED] - Object 'Object Repository/mobileSanity/HBI/Page_App Page 3/label' is present

2019-12-10 08:18:18 - [TEST_STEP][PASSED] - callTestCase(findTestCase("AHI/_include/get_screenshot"), [:], STOP_ON_FAILURE): Call Test Case 'Test Cases/AHI/_include/get_screenshot' successfully

2019-12-10 08:18:18 - [TEST_CASE][PASSED] - Test Cases/AHI/_include/get_screenshot: Test Cases/AHI/_include/get_screenshot

2019-12-10 08:18:18 - [TEST_STEP][PASSED] - takeScreenshot(screenPath + i + ".png"): Taking screenshot successfully

2019-12-10 08:18:18 - [MESSAGE][PASSED] - Taking screenshot successfully
[[ATTACHMENT|D:\\Test\\AgileTest\\Reports\\AHI\\hbi\\20191210_080033\\../Screenshots/iPhone 6/hbi/Agile Secure/20191210_081658/7.png]]

2019-12-10 08:18:18 - [TEST_STEP][PASSED] - (internal.GlobalVariable.i++): null

2019-12-10 08:18:18 - [MESSAGE][PASSED] - Call Test Case 'Test Cases/AHI/_include/get_screenshot' successfully

2019-12-10 08:18:18 - [TEST_STEP][PASSED] - click(findTestObject("mobileSanity/HBI/Page_App Page 3/label")): Object: 'Object Repository/mobileSanity/HBI/Page_App Page 3/label' is clicked on

2019-12-10 08:18:18 - [MESSAGE][PASSED] - Object: 'Object Repository/mobileSanity/HBI/Page_App Page 3/label' is clicked on

2019-12-10 08:18:18 - [TEST_STEP][PASSED] - click(findTestObject("mobileSanity/HBI/Page_App Page 3/p_CLICK TO SIGN")): Object: 'Object Repository/mobileSanity/HBI/Page_App Page 3/p_CLICK TO SIGN' is clicked on

2019-12-10 08:18:18 - [MESSAGE][PASSED] - Object: 'Object Repository/mobileSanity/HBI/Page_App Page 3/p_CLICK TO SIGN' is clicked on

2019-12-10 08:18:18 - [TEST_STEP][PASSED] - click(findTestObject("mobileSanity/HBI/Page_App Page 3/a_Submit Your Application")): Object: 'Object Repository/mobileSanity/HBI/Page_App Page 3/a_Submit Your Application' is clicked on

2019-12-10 08:18:18 - [MESSAGE][PASSED] - Object: 'Object Repository/mobileSanity/HBI/Page_App Page 3/a_Submit Your Application' is clicked on

2019-12-10 08:18:18 - [TEST_STEP][PASSED] - Thread.sleep(30000): null

2019-12-10 08:18:48 - [TEST_STEP][PASSED] - callTestCase(findTestCase("AHI/_include/get_screenshot"), [:], STOP_ON_FAILURE): Call Test Case 'Test Cases/AHI/_include/get_screenshot' successfully

2019-12-10 08:18:48 - [TEST_CASE][PASSED] - Test Cases/AHI/_include/get_screenshot: Test Cases/AHI/_include/get_screenshot

2019-12-10 08:18:48 - [TEST_STEP][PASSED] - takeScreenshot(screenPath + i + ".png"): Taking screenshot successfully

2019-12-10 08:18:49 - [MESSAGE][PASSED] - Taking screenshot successfully
[[ATTACHMENT|D:\\Test\\AgileTest\\Reports\\AHI\\hbi\\20191210_080033\\../Screenshots/iPhone 6/hbi/Agile Secure/20191210_081658/8.png]]

2019-12-10 08:18:49 - [TEST_STEP][PASSED] - (internal.GlobalVariable.i++): null

2019-12-10 08:18:49 - [MESSAGE][PASSED] - Call Test Case 'Test Cases/AHI/_include/get_screenshot' successfully

2019-12-10 08:18:49 - [TEST_STEP][PASSED] - verifyTextPresent("Congratulations", false): Text 'Congratulations' is present on page 

2019-12-10 08:18:49 - [MESSAGE][PASSED] - Text 'Congratulations' is present on page 

2019-12-10 08:18:49 - [MESSAGE][PASSED] - Call Test Case 'Test Cases/AHI/_include/goToEnd_hbi' successfully]]></system-out>
         <system-err><![CDATA[]]></system-err>
      </testcase>
      <testcase name="Test Cases/AHI/HBI/Fixed Cash Benefit" classname="Test Cases/AHI/HBI/Fixed Cash Benefit" status="PASSED">
         <system-out><![CDATA[2019-12-10 08:18:49 - [TEST_CASE][PASSED] - Test Cases/AHI/HBI/Fixed Cash Benefit: Test Cases/AHI/HBI/Fixed Cash Benefit

2019-12-10 08:18:49 - [TEST_STEP][PASSED] - callTestCase(findTestCase("AHI/_include/get_screenPath"), ["productLine":"hbi", "carrierName":"Fixed Cash Benefit"], CONTINUE_ON_FAILURE): Call Test Case 'Test Cases/AHI/_include/get_screenPath' successfully

2019-12-10 08:18:49 - [TEST_CASE][PASSED] - Test Cases/AHI/_include/get_screenPath: Test Cases/AHI/_include/get_screenPath

2019-12-10 08:18:49 - [TEST_STEP][PASSED] - m = getExecutionProperties(): null

2019-12-10 08:18:49 - [TEST_STEP][PASSED] - deviceName = get("mobileEmulation").get("deviceName"): null

2019-12-10 08:18:49 - [TEST_STEP][PASSED] - println(deviceName): null

2019-12-10 08:18:49 - [TEST_STEP][PASSED] - now = new java.util.Date(): null

2019-12-10 08:18:49 - [TEST_STEP][PASSED] - mydate = now.format("yyyyMMdd_HHmmss"): null

2019-12-10 08:18:49 - [TEST_STEP][PASSED] - screenPath = "../Screenshots/": null

2019-12-10 08:18:49 - [TEST_STEP][PASSED] - screenPath = screenPath + deviceName + "/" + productLine + "/" + carrierName + "/" + mydate + "/": null

2019-12-10 08:18:49 - [TEST_STEP][PASSED] - println(screenPath): null

2019-12-10 08:18:49 - [MESSAGE][PASSED] - Call Test Case 'Test Cases/AHI/_include/get_screenPath' successfully

2019-12-10 08:18:49 - [TEST_STEP][PASSED] - i = 0: null

2019-12-10 08:18:49 - [TEST_STEP][PASSED] - callTestCase(findTestCase("AHI/_include/openWebSite"), [:], CONTINUE_ON_FAILURE): Call Test Case 'Test Cases/AHI/_include/openWebSite' successfully

2019-12-10 08:18:49 - [TEST_CASE][PASSED] - Test Cases/AHI/_include/openWebSite: Test Cases/AHI/_include/openWebSite

2019-12-10 08:18:49 - [TEST_STEP][PASSED] - openBrowser(env): Browser is opened with url: 'https://praetemptatus.agilehealthinsurance.com'

2019-12-10 08:18:49 - [MESSAGE][WARNING] - A browser is already opened. Closing browser and opening a new one

2019-12-10 08:18:50 - [MESSAGE][INFO] - Starting 'Chrome' driver

2019-12-10 08:18:50 - [MESSAGE][INFO] - User set preference: ['mobileEmulation', '{deviceName=iPhone 6}']

2019-12-10 08:18:50 - [MESSAGE][INFO] - User set preference: ['args', '[--incognito, --aggressive-cache-discard, --window-size=375,677, --no-sandbox]']

2019-12-10 08:18:53 - [MESSAGE][PASSED] - Browser is opened with url: 'https://praetemptatus.agilehealthinsurance.com'

2019-12-10 08:18:53 - [TEST_STEP][PASSED] - waitForPageLoad(20): Wait for page load successfully

2019-12-10 08:18:53 - [MESSAGE][PASSED] - Wait for page load successfully

2019-12-10 08:18:53 - [TEST_STEP][PASSED] - callTestCase(findTestCase("AHI/_include/get_screenshot"), [:], STOP_ON_FAILURE): Call Test Case 'Test Cases/AHI/_include/get_screenshot' successfully

2019-12-10 08:18:53 - [TEST_CASE][PASSED] - Test Cases/AHI/_include/get_screenshot: Test Cases/AHI/_include/get_screenshot

2019-12-10 08:18:53 - [TEST_STEP][PASSED] - takeScreenshot(screenPath + i + ".png"): Taking screenshot successfully

2019-12-10 08:18:54 - [MESSAGE][PASSED] - Taking screenshot successfully
[[ATTACHMENT|D:\\Test\\AgileTest\\Reports\\AHI\\hbi\\20191210_080033\\../Screenshots/iPhone 6/hbi/Fixed Cash Benefit/20191210_081849/0.png]]

2019-12-10 08:18:54 - [TEST_STEP][PASSED] - (internal.GlobalVariable.i++): null

2019-12-10 08:18:54 - [MESSAGE][PASSED] - Call Test Case 'Test Cases/AHI/_include/get_screenshot' successfully

2019-12-10 08:18:54 - [MESSAGE][PASSED] - Call Test Case 'Test Cases/AHI/_include/openWebSite' successfully

2019-12-10 08:18:54 - [TEST_STEP][PASSED] - callTestCase(findTestCase("AHI/_include/census_hbi"), ["zipcode":"85364"], CONTINUE_ON_FAILURE): Call Test Case 'Test Cases/AHI/_include/census_hbi' successfully

2019-12-10 08:18:54 - [TEST_CASE][PASSED] - Test Cases/AHI/_include/census_hbi: Test Cases/AHI/_include/census_hbi

2019-12-10 08:18:54 - [TEST_STEP][PASSED] - click(findTestObject("mobileSanity/Common/side_nav/menu")): Object: 'Object Repository/mobileSanity/Common/side_nav/menu' is clicked on

2019-12-10 08:18:54 - [MESSAGE][PASSED] - Object: 'Object Repository/mobileSanity/Common/side_nav/menu' is clicked on

2019-12-10 08:18:54 - [TEST_STEP][PASSED] - Thread.sleep(3000): null

2019-12-10 08:18:57 - [TEST_STEP][PASSED] - callTestCase(findTestCase("AHI/_include/get_screenshot"), [:], STOP_ON_FAILURE): Call Test Case 'Test Cases/AHI/_include/get_screenshot' successfully

2019-12-10 08:18:57 - [TEST_CASE][PASSED] - Test Cases/AHI/_include/get_screenshot: Test Cases/AHI/_include/get_screenshot

2019-12-10 08:18:57 - [TEST_STEP][PASSED] - takeScreenshot(screenPath + i + ".png"): Taking screenshot successfully

2019-12-10 08:18:58 - [MESSAGE][PASSED] - Taking screenshot successfully
[[ATTACHMENT|D:\\Test\\AgileTest\\Reports\\AHI\\hbi\\20191210_080033\\../Screenshots/iPhone 6/hbi/Fixed Cash Benefit/20191210_081849/1.png]]

2019-12-10 08:18:58 - [TEST_STEP][PASSED] - (internal.GlobalVariable.i++): null

2019-12-10 08:18:58 - [MESSAGE][PASSED] - Call Test Case 'Test Cases/AHI/_include/get_screenshot' successfully

2019-12-10 08:18:58 - [TEST_STEP][PASSED] - click(findTestObject("mobileSanity/Common/side_nav/nav_hbi")): Object: 'Object Repository/mobileSanity/Common/side_nav/nav_hbi' is clicked on

2019-12-10 08:18:59 - [MESSAGE][PASSED] - Object: 'Object Repository/mobileSanity/Common/side_nav/nav_hbi' is clicked on

2019-12-10 08:18:59 - [TEST_STEP][PASSED] - waitForPageLoad(10): Wait for page load successfully

2019-12-10 08:19:00 - [MESSAGE][PASSED] - Wait for page load successfully

2019-12-10 08:19:00 - [TEST_STEP][PASSED] - Thread.sleep(3000): null

2019-12-10 08:19:03 - [TEST_STEP][PASSED] - callTestCase(findTestCase("AHI/_include/get_screenshot"), [:], STOP_ON_FAILURE): Call Test Case 'Test Cases/AHI/_include/get_screenshot' successfully

2019-12-10 08:19:03 - [TEST_CASE][PASSED] - Test Cases/AHI/_include/get_screenshot: Test Cases/AHI/_include/get_screenshot

2019-12-10 08:19:03 - [TEST_STEP][PASSED] - takeScreenshot(screenPath + i + ".png"): Taking screenshot successfully

2019-12-10 08:19:03 - [MESSAGE][PASSED] - Taking screenshot successfully
[[ATTACHMENT|D:\\Test\\AgileTest\\Reports\\AHI\\hbi\\20191210_080033\\../Screenshots/iPhone 6/hbi/Fixed Cash Benefit/20191210_081849/2.png]]

2019-12-10 08:19:03 - [TEST_STEP][PASSED] - (internal.GlobalVariable.i++): null

2019-12-10 08:19:03 - [MESSAGE][PASSED] - Call Test Case 'Test Cases/AHI/_include/get_screenshot' successfully

2019-12-10 08:19:03 - [TEST_STEP][PASSED] - setText(findTestObject("mobileSanity/HBI/census/input_Location_zip-input"), zipcode): Text '85364' is set on object 'Object Repository/mobileSanity/HBI/census/input_Location_zip-input'

2019-12-10 08:19:03 - [MESSAGE][PASSED] - Text '85364' is set on object 'Object Repository/mobileSanity/HBI/census/input_Location_zip-input'

2019-12-10 08:19:03 - [TEST_STEP][PASSED] - Thread.sleep(500): null

2019-12-10 08:19:04 - [TEST_STEP][PASSED] - setText(findTestObject("mobileSanity/HBI/census/input_Date of Birth_dob-0"), "12121980"): Text '12121980' is set on object 'Object Repository/mobileSanity/HBI/census/input_Date of Birth_dob-0'

2019-12-10 08:19:05 - [MESSAGE][PASSED] - Text '12121980' is set on object 'Object Repository/mobileSanity/HBI/census/input_Date of Birth_dob-0'

2019-12-10 08:19:05 - [TEST_STEP][PASSED] - click(findTestObject("mobileSanity/HBI/census/label_Male")): Object: 'Object Repository/mobileSanity/HBI/census/label_Male' is clicked on

2019-12-10 08:19:05 - [MESSAGE][PASSED] - Object: 'Object Repository/mobileSanity/HBI/census/label_Male' is clicked on

2019-12-10 08:19:05 - [TEST_STEP][PASSED] - click(findTestObject("mobileSanity/HBI/census/label_Get a Quote")): Object: 'Object Repository/mobileSanity/HBI/census/label_Get a Quote' is clicked on

2019-12-10 08:19:08 - [MESSAGE][PASSED] - Object: 'Object Repository/mobileSanity/HBI/census/label_Get a Quote' is clicked on

2019-12-10 08:19:08 - [TEST_STEP][PASSED] - waitForPageLoad(20): Wait for page load successfully

2019-12-10 08:19:08 - [MESSAGE][PASSED] - Wait for page load successfully

2019-12-10 08:19:08 - [TEST_STEP][PASSED] - Thread.sleep(3000): null

2019-12-10 08:19:11 - [TEST_STEP][PASSED] - callTestCase(findTestCase("AHI/_include/check_quoteleadform"), [:], STOP_ON_FAILURE): Call Test Case 'Test Cases/AHI/_include/check_quoteleadform' successfully

2019-12-10 08:19:11 - [TEST_CASE][PASSED] - Test Cases/AHI/_include/check_quoteleadform: Test Cases/AHI/_include/check_quoteleadform

2019-12-10 08:19:11 - [TEST_STEP][PASSED] - callTestCase(findTestCase("AHI/_include/name"), [:], CONTINUE_ON_FAILURE): Call Test Case 'Test Cases/AHI/_include/name' successfully

2019-12-10 08:19:11 - [TEST_CASE][PASSED] - Test Cases/AHI/_include/name: Test Cases/AHI/_include/name

2019-12-10 08:19:11 - [TEST_STEP][PASSED] - driver = getWebDriver(): null

2019-12-10 08:19:11 - [TEST_STEP][PASSED] - selenium = new com.thoughtworks.selenium.webdriven.WebDriverBackedSelenium(driver, internal.GlobalVariable.ENV): null

2019-12-10 08:19:11 - [TEST_STEP][PASSED] - FirstName = "Test-123": null

2019-12-10 08:19:11 - [TEST_STEP][PASSED] - LastName = selenium.getEval("{var x="ABCDEFGHIJKLMNOPQRSTUVWXYZabcdefghijklmnopqrstuvwxyz"; var tmp="ZZ11-"; for (i=0;i<8;i++) tmp+=x.charAt(Math.ceil(51*Math.random()));tmp;}"): null

2019-12-10 08:19:11 - [TEST_STEP][PASSED] - Address = selenium.getEval("{var x="ABCDEFGHIJKLMNOPQRSTUVWXYZabcdefghijklmnopqrstuvwxyz"; var tmp=""; for (i=0;i<8;i++) tmp+=x.charAt(Math.ceil(51*Math.random()));tmp;}"): null

2019-12-10 08:19:11 - [TEST_STEP][PASSED] - City = selenium.getEval("{var x="ABCDEFGHIJKLMNOPQRSTUVWXYZabcdefghijklmnopqrstuvwxyz"; var tmp=""; for (i=0;i<8;i++) tmp+=x.charAt(Math.ceil(51*Math.random()));tmp;}"): null

2019-12-10 08:19:11 - [TEST_STEP][PASSED] - tel1 = selenium.getEval("{var x="123456789"; var tmp=""; for (i=0;i<3;i++) tmp+=x.charAt(Math.ceil(8*Math.random()));tmp;}"): null

2019-12-10 08:19:11 - [TEST_STEP][PASSED] - tel2 = selenium.getEval("{var x="123456789"; var tmp=""; for (i=0;i<3;i++) tmp+=x.charAt(Math.ceil(8*Math.random()));tmp;}"): null

2019-12-10 08:19:11 - [TEST_STEP][PASSED] - tel3 = selenium.getEval("{var x="123456789"; var tmp=""; for (i=0;i<4;i++) tmp+=x.charAt(Math.ceil(8*Math.random()));tmp;}"): null

2019-12-10 08:19:11 - [TEST_STEP][PASSED] - Tel = selenium.getExpression(tel1 + "-" + tel2 + "-" + tel3): null

2019-12-10 08:19:11 - [TEST_STEP][PASSED] - AutoEmail = selenium.getEval("{var x="ABCDEFGHIJKLMNOPQRSTUVWXYZabcdefghijklmnopqrstuvwxyz"; var tmp="test."; for (i=0;i<8;i++) tmp+=x.charAt(Math.ceil(51*Math.random()));tmp+="@suryani.cn";}"): null

2019-12-10 08:19:11 - [TEST_STEP][PASSED] - FirstName = FirstName: null

2019-12-10 08:19:11 - [TEST_STEP][PASSED] - LastName = LastName: null

2019-12-10 08:19:11 - [TEST_STEP][PASSED] - Address = Address: null

2019-12-10 08:19:11 - [TEST_STEP][PASSED] - City = City: null

2019-12-10 08:19:11 - [TEST_STEP][PASSED] - Tel = Tel: null

2019-12-10 08:19:11 - [TEST_STEP][PASSED] - AutoEmail = AutoEmail: null

2019-12-10 08:19:11 - [TEST_STEP][PASSED] - println(FirstName): null

2019-12-10 08:19:11 - [TEST_STEP][PASSED] - println(LastName): null

2019-12-10 08:19:11 - [TEST_STEP][PASSED] - println(Address): null

2019-12-10 08:19:11 - [TEST_STEP][PASSED] - println(City): null

2019-12-10 08:19:11 - [TEST_STEP][PASSED] - println(Tel): null

2019-12-10 08:19:11 - [TEST_STEP][PASSED] - println(AutoEmail): null

2019-12-10 08:19:11 - [MESSAGE][PASSED] - Call Test Case 'Test Cases/AHI/_include/name' successfully

2019-12-10 08:19:11 - [TEST_STEP][PASSED] - leadform_exist = test.MobileKeywords.isElementPresent_Web(findTestObject("mobileSanity/quote lead form/lead_form"), 20): test.MobileKeywords.isElementPresent_Web is PASSED

2019-12-10 08:19:11 - [MESSAGE][PASSED] - test.MobileKeywords.isElementPresent_Web is PASSED

2019-12-10 08:19:11 - [TEST_STEP][PASSED] - if (leadform_exist): null

2019-12-10 08:19:11 - [TEST_STEP][PASSED] - setText(findTestObject("mobileSanity/quote lead form/first"), FirstName): Text 'Test-123' is set on object 'Object Repository/mobileSanity/quote lead form/first'

2019-12-10 08:19:11 - [MESSAGE][PASSED] - Text 'Test-123' is set on object 'Object Repository/mobileSanity/quote lead form/first'

2019-12-10 08:19:11 - [TEST_STEP][PASSED] - setText(findTestObject("mobileSanity/quote lead form/last"), LastName): Text 'ZZ11-FObywMBG' is set on object 'Object Repository/mobileSanity/quote lead form/last'

2019-12-10 08:19:11 - [MESSAGE][PASSED] - Text 'ZZ11-FObywMBG' is set on object 'Object Repository/mobileSanity/quote lead form/last'

2019-12-10 08:19:11 - [TEST_STEP][PASSED] - setText(findTestObject("mobileSanity/quote lead form/email"), AutoEmail): Text 'test.HCWpZPIf@suryani.cn' is set on object 'Object Repository/mobileSanity/quote lead form/email'

2019-12-10 08:19:11 - [MESSAGE][PASSED] - Text 'test.HCWpZPIf@suryani.cn' is set on object 'Object Repository/mobileSanity/quote lead form/email'

2019-12-10 08:19:11 - [TEST_STEP][PASSED] - setText(findTestObject("mobileSanity/quote lead form/phone"), Tel): Text '925-838-4673' is set on object 'Object Repository/mobileSanity/quote lead form/phone'

2019-12-10 08:19:12 - [MESSAGE][PASSED] - Text '925-838-4673' is set on object 'Object Repository/mobileSanity/quote lead form/phone'

2019-12-10 08:19:12 - [TEST_STEP][PASSED] - click(findTestObject("mobileSanity/quote lead form/submit")): Object: 'Object Repository/mobileSanity/quote lead form/submit' is clicked on

2019-12-10 08:19:12 - [MESSAGE][PASSED] - Object: 'Object Repository/mobileSanity/quote lead form/submit' is clicked on

2019-12-10 08:19:12 - [TEST_STEP][PASSED] - Thread.sleep(3000): null

2019-12-10 08:19:15 - [MESSAGE][PASSED] - Call Test Case 'Test Cases/AHI/_include/check_quoteleadform' successfully

2019-12-10 08:19:15 - [TEST_STEP][PASSED] - callTestCase(findTestCase("AHI/_include/get_screenshot"), [:], STOP_ON_FAILURE): Call Test Case 'Test Cases/AHI/_include/get_screenshot' successfully

2019-12-10 08:19:15 - [TEST_CASE][PASSED] - Test Cases/AHI/_include/get_screenshot: Test Cases/AHI/_include/get_screenshot

2019-12-10 08:19:15 - [TEST_STEP][PASSED] - takeScreenshot(screenPath + i + ".png"): Taking screenshot successfully

2019-12-10 08:19:15 - [MESSAGE][PASSED] - Taking screenshot successfully
[[ATTACHMENT|D:\\Test\\AgileTest\\Reports\\AHI\\hbi\\20191210_080033\\../Screenshots/iPhone 6/hbi/Fixed Cash Benefit/20191210_081849/3.png]]

2019-12-10 08:19:15 - [TEST_STEP][PASSED] - (internal.GlobalVariable.i++): null

2019-12-10 08:19:15 - [MESSAGE][PASSED] - Call Test Case 'Test Cases/AHI/_include/get_screenshot' successfully

2019-12-10 08:19:15 - [MESSAGE][PASSED] - Call Test Case 'Test Cases/AHI/_include/census_hbi' successfully

2019-12-10 08:19:15 - [TEST_STEP][PASSED] - Thread.sleep(5000): null

2019-12-10 08:19:20 - [TEST_STEP][PASSED] - scrollToPosition(200, 2300): Browser is scrolled to position x = 200, y = 2300

2019-12-10 08:19:20 - [MESSAGE][PASSED] - Browser is scrolled to position x = 200, y = 2300

2019-12-10 08:19:20 - [TEST_STEP][PASSED] - click(findTestObject("mobileSanity/HBI/quote/a_Fixed Cash Benefit")): Object: 'Object Repository/mobileSanity/HBI/quote/a_Fixed Cash Benefit' is clicked on

2019-12-10 08:19:21 - [MESSAGE][PASSED] - Object: 'Object Repository/mobileSanity/HBI/quote/a_Fixed Cash Benefit' is clicked on

2019-12-10 08:19:21 - [TEST_STEP][PASSED] - waitForPageLoad(20): Wait for page load successfully

2019-12-10 08:19:22 - [MESSAGE][PASSED] - Wait for page load successfully

2019-12-10 08:19:22 - [TEST_STEP][PASSED] - callTestCase(findTestCase("AHI/_include/get_screenshot"), [:], STOP_ON_FAILURE): Call Test Case 'Test Cases/AHI/_include/get_screenshot' successfully

2019-12-10 08:19:22 - [TEST_CASE][PASSED] - Test Cases/AHI/_include/get_screenshot: Test Cases/AHI/_include/get_screenshot

2019-12-10 08:19:22 - [TEST_STEP][PASSED] - takeScreenshot(screenPath + i + ".png"): Taking screenshot successfully

2019-12-10 08:19:22 - [MESSAGE][PASSED] - Taking screenshot successfully
[[ATTACHMENT|D:\\Test\\AgileTest\\Reports\\AHI\\hbi\\20191210_080033\\../Screenshots/iPhone 6/hbi/Fixed Cash Benefit/20191210_081849/4.png]]

2019-12-10 08:19:22 - [TEST_STEP][PASSED] - (internal.GlobalVariable.i++): null

2019-12-10 08:19:22 - [MESSAGE][PASSED] - Call Test Case 'Test Cases/AHI/_include/get_screenshot' successfully

2019-12-10 08:19:22 - [TEST_STEP][PASSED] - click(findTestObject("mobileSanity/HBI/detail/a_Apply for This Plan")): Object: 'Object Repository/mobileSanity/HBI/detail/a_Apply for This Plan' is clicked on

2019-12-10 08:19:22 - [MESSAGE][PASSED] - Object: 'Object Repository/mobileSanity/HBI/detail/a_Apply for This Plan' is clicked on

2019-12-10 08:19:22 - [TEST_STEP][PASSED] - waitForPageLoad(20): Wait for page load successfully

2019-12-10 08:19:23 - [MESSAGE][PASSED] - Wait for page load successfully

2019-12-10 08:19:23 - [TEST_STEP][PASSED] - callTestCase(findTestCase("AHI/_include/get_screenshot"), [:], STOP_ON_FAILURE): Call Test Case 'Test Cases/AHI/_include/get_screenshot' successfully

2019-12-10 08:19:23 - [TEST_CASE][PASSED] - Test Cases/AHI/_include/get_screenshot: Test Cases/AHI/_include/get_screenshot

2019-12-10 08:19:23 - [TEST_STEP][PASSED] - takeScreenshot(screenPath + i + ".png"): Taking screenshot successfully

2019-12-10 08:19:23 - [MESSAGE][PASSED] - Taking screenshot successfully
[[ATTACHMENT|D:\\Test\\AgileTest\\Reports\\AHI\\hbi\\20191210_080033\\../Screenshots/iPhone 6/hbi/Fixed Cash Benefit/20191210_081849/5.png]]

2019-12-10 08:19:23 - [TEST_STEP][PASSED] - (internal.GlobalVariable.i++): null

2019-12-10 08:19:23 - [MESSAGE][PASSED] - Call Test Case 'Test Cases/AHI/_include/get_screenshot' successfully

2019-12-10 08:19:23 - [TEST_STEP][PASSED] - click(findTestObject("mobileSanity/HBI/Page_Apply/span_Start Secure Application")): Object: 'Object Repository/mobileSanity/HBI/Page_Apply/span_Start Secure Application' is clicked on

2019-12-10 08:19:24 - [MESSAGE][PASSED] - Object: 'Object Repository/mobileSanity/HBI/Page_Apply/span_Start Secure Application' is clicked on

2019-12-10 08:19:24 - [TEST_STEP][PASSED] - waitForPageLoad(20): Wait for page load successfully

2019-12-10 08:19:25 - [MESSAGE][PASSED] - Wait for page load successfully

2019-12-10 08:19:25 - [TEST_STEP][PASSED] - Thread.sleep(5000): null

2019-12-10 08:19:30 - [TEST_STEP][PASSED] - callTestCase(findTestCase("AHI/_include/get_screenshot"), [:], STOP_ON_FAILURE): Call Test Case 'Test Cases/AHI/_include/get_screenshot' successfully

2019-12-10 08:19:30 - [TEST_CASE][PASSED] - Test Cases/AHI/_include/get_screenshot: Test Cases/AHI/_include/get_screenshot

2019-12-10 08:19:30 - [TEST_STEP][PASSED] - takeScreenshot(screenPath + i + ".png"): Taking screenshot successfully

2019-12-10 08:19:31 - [MESSAGE][PASSED] - Taking screenshot successfully
[[ATTACHMENT|D:\\Test\\AgileTest\\Reports\\AHI\\hbi\\20191210_080033\\../Screenshots/iPhone 6/hbi/Fixed Cash Benefit/20191210_081849/6.png]]

2019-12-10 08:19:31 - [TEST_STEP][PASSED] - (internal.GlobalVariable.i++): null

2019-12-10 08:19:31 - [MESSAGE][PASSED] - Call Test Case 'Test Cases/AHI/_include/get_screenshot' successfully

2019-12-10 08:19:31 - [TEST_STEP][PASSED] - callTestCase(findTestCase("AHI/_include/goToEnd_hbi"), ["carrier":"FixedCashBenefit"], CONTINUE_ON_FAILURE): Call Test Case 'Test Cases/AHI/_include/goToEnd_hbi' successfully

2019-12-10 08:19:31 - [TEST_CASE][PASSED] - Test Cases/AHI/_include/goToEnd_hbi: Test Cases/AHI/_include/goToEnd_hbi

2019-12-10 08:19:31 - [TEST_STEP][PASSED] - if (state == "ca"): null

2019-12-10 08:19:31 - [TEST_STEP][PASSED] - callTestCase(findTestCase("AHI/_include/name"), [:], CONTINUE_ON_FAILURE): Call Test Case 'Test Cases/AHI/_include/name' successfully

2019-12-10 08:19:31 - [TEST_CASE][PASSED] - Test Cases/AHI/_include/name: Test Cases/AHI/_include/name

2019-12-10 08:19:31 - [TEST_STEP][PASSED] - driver = getWebDriver(): null

2019-12-10 08:19:31 - [TEST_STEP][PASSED] - selenium = new com.thoughtworks.selenium.webdriven.WebDriverBackedSelenium(driver, internal.GlobalVariable.ENV): null

2019-12-10 08:19:31 - [TEST_STEP][PASSED] - FirstName = "Test-123": null

2019-12-10 08:19:31 - [TEST_STEP][PASSED] - LastName = selenium.getEval("{var x="ABCDEFGHIJKLMNOPQRSTUVWXYZabcdefghijklmnopqrstuvwxyz"; var tmp="ZZ11-"; for (i=0;i<8;i++) tmp+=x.charAt(Math.ceil(51*Math.random()));tmp;}"): null

2019-12-10 08:19:31 - [TEST_STEP][PASSED] - Address = selenium.getEval("{var x="ABCDEFGHIJKLMNOPQRSTUVWXYZabcdefghijklmnopqrstuvwxyz"; var tmp=""; for (i=0;i<8;i++) tmp+=x.charAt(Math.ceil(51*Math.random()));tmp;}"): null

2019-12-10 08:19:31 - [TEST_STEP][PASSED] - City = selenium.getEval("{var x="ABCDEFGHIJKLMNOPQRSTUVWXYZabcdefghijklmnopqrstuvwxyz"; var tmp=""; for (i=0;i<8;i++) tmp+=x.charAt(Math.ceil(51*Math.random()));tmp;}"): null

2019-12-10 08:19:31 - [TEST_STEP][PASSED] - tel1 = selenium.getEval("{var x="123456789"; var tmp=""; for (i=0;i<3;i++) tmp+=x.charAt(Math.ceil(8*Math.random()));tmp;}"): null

2019-12-10 08:19:31 - [TEST_STEP][PASSED] - tel2 = selenium.getEval("{var x="123456789"; var tmp=""; for (i=0;i<3;i++) tmp+=x.charAt(Math.ceil(8*Math.random()));tmp;}"): null

2019-12-10 08:19:31 - [TEST_STEP][PASSED] - tel3 = selenium.getEval("{var x="123456789"; var tmp=""; for (i=0;i<4;i++) tmp+=x.charAt(Math.ceil(8*Math.random()));tmp;}"): null

2019-12-10 08:19:31 - [TEST_STEP][PASSED] - Tel = selenium.getExpression(tel1 + "-" + tel2 + "-" + tel3): null

2019-12-10 08:19:31 - [TEST_STEP][PASSED] - AutoEmail = selenium.getEval("{var x="ABCDEFGHIJKLMNOPQRSTUVWXYZabcdefghijklmnopqrstuvwxyz"; var tmp="test."; for (i=0;i<8;i++) tmp+=x.charAt(Math.ceil(51*Math.random()));tmp+="@suryani.cn";}"): null

2019-12-10 08:19:31 - [TEST_STEP][PASSED] - FirstName = FirstName: null

2019-12-10 08:19:31 - [TEST_STEP][PASSED] - LastName = LastName: null

2019-12-10 08:19:31 - [TEST_STEP][PASSED] - Address = Address: null

2019-12-10 08:19:31 - [TEST_STEP][PASSED] - City = City: null

2019-12-10 08:19:31 - [TEST_STEP][PASSED] - Tel = Tel: null

2019-12-10 08:19:31 - [TEST_STEP][PASSED] - AutoEmail = AutoEmail: null

2019-12-10 08:19:31 - [TEST_STEP][PASSED] - println(FirstName): null

2019-12-10 08:19:31 - [TEST_STEP][PASSED] - println(LastName): null

2019-12-10 08:19:31 - [TEST_STEP][PASSED] - println(Address): null

2019-12-10 08:19:31 - [TEST_STEP][PASSED] - println(City): null

2019-12-10 08:19:31 - [TEST_STEP][PASSED] - println(Tel): null

2019-12-10 08:19:31 - [TEST_STEP][PASSED] - println(AutoEmail): null

2019-12-10 08:19:31 - [MESSAGE][PASSED] - Call Test Case 'Test Cases/AHI/_include/name' successfully

2019-12-10 08:19:31 - [TEST_STEP][PASSED] - setText(findTestObject("mobileSanity/HBI/Page_App Page 1/input__member-P-1-firstName"), FirstName): Text 'Test-123' is set on object 'Object Repository/mobileSanity/HBI/Page_App Page 1/input__member-P-1-firstName'

2019-12-10 08:19:31 - [MESSAGE][PASSED] - Text 'Test-123' is set on object 'Object Repository/mobileSanity/HBI/Page_App Page 1/input__member-P-1-firstName'

2019-12-10 08:19:31 - [TEST_STEP][PASSED] - setText(findTestObject("mobileSanity/HBI/Page_App Page 1/input__member-P-1-lastName"), LastName): Text 'ZZ11-VYRcGuss' is set on object 'Object Repository/mobileSanity/HBI/Page_App Page 1/input__member-P-1-lastName'

2019-12-10 08:19:31 - [MESSAGE][PASSED] - Text 'ZZ11-VYRcGuss' is set on object 'Object Repository/mobileSanity/HBI/Page_App Page 1/input__member-P-1-lastName'

2019-12-10 08:19:31 - [TEST_STEP][PASSED] - if (carrier == "agileone" || carrier == "agilesecure"): null

2019-12-10 08:19:31 - [TEST_STEP][PASSED] - setText(findTestObject("mobileSanity/HBI/Page_App Page 1/input__address"), Address): Text 'LnQiydUP' is set on object 'Object Repository/mobileSanity/HBI/Page_App Page 1/input__address'

2019-12-10 08:19:32 - [MESSAGE][PASSED] - Text 'LnQiydUP' is set on object 'Object Repository/mobileSanity/HBI/Page_App Page 1/input__address'

2019-12-10 08:19:32 - [TEST_STEP][PASSED] - setText(findTestObject("mobileSanity/HBI/Page_App Page 1/input__city"), City): Text 'lRMwZTrQ' is set on object 'Object Repository/mobileSanity/HBI/Page_App Page 1/input__city'

2019-12-10 08:19:32 - [MESSAGE][PASSED] - Text 'lRMwZTrQ' is set on object 'Object Repository/mobileSanity/HBI/Page_App Page 1/input__city'

2019-12-10 08:19:32 - [TEST_STEP][PASSED] - setText(findTestObject("mobileSanity/HBI/Page_App Page 1/input__email"), AutoEmail): Text 'test.uXIeCsuN@suryani.cn' is set on object 'Object Repository/mobileSanity/HBI/Page_App Page 1/input__email'

2019-12-10 08:19:33 - [MESSAGE][PASSED] - Text 'test.uXIeCsuN@suryani.cn' is set on object 'Object Repository/mobileSanity/HBI/Page_App Page 1/input__email'

2019-12-10 08:19:33 - [TEST_STEP][PASSED] - setText(findTestObject("mobileSanity/HBI/Page_App Page 1/input_tel"), Tel): Text '386-286-4435' is set on object 'Object Repository/mobileSanity/HBI/Page_App Page 1/input_tel'

2019-12-10 08:19:34 - [MESSAGE][PASSED] - Text '386-286-4435' is set on object 'Object Repository/mobileSanity/HBI/Page_App Page 1/input_tel'

2019-12-10 08:19:34 - [TEST_STEP][PASSED] - Thread.sleep(5000): null

2019-12-10 08:19:39 - [TEST_STEP][PASSED] - click(findTestObject("mobileSanity/HBI/Page_App Page 1/a_Continue to Step 2 - Payment")): Object: 'Object Repository/mobileSanity/HBI/Page_App Page 1/a_Continue to Step 2 - Payment' is clicked on

2019-12-10 08:19:40 - [MESSAGE][PASSED] - Object: 'Object Repository/mobileSanity/HBI/Page_App Page 1/a_Continue to Step 2 - Payment' is clicked on

2019-12-10 08:19:40 - [TEST_STEP][PASSED] - waitForPageLoad(20): Wait for page load successfully

2019-12-10 08:19:40 - [MESSAGE][PASSED] - Wait for page load successfully

2019-12-10 08:19:40 - [TEST_STEP][PASSED] - Thread.sleep(2000): null

2019-12-10 08:19:42 - [TEST_STEP][PASSED] - waitForElementVisible(findTestObject("mobileSanity/HBI/Page_App Page 2/input__credit-card-first"), 20): Object 'Object Repository/mobileSanity/HBI/Page_App Page 2/input__credit-card-first' is visible

2019-12-10 08:19:42 - [MESSAGE][PASSED] - Object 'Object Repository/mobileSanity/HBI/Page_App Page 2/input__credit-card-first' is visible

2019-12-10 08:19:42 - [TEST_STEP][PASSED] - callTestCase(findTestCase("AHI/_include/get_screenshot"), [:], STOP_ON_FAILURE): Call Test Case 'Test Cases/AHI/_include/get_screenshot' successfully

2019-12-10 08:19:42 - [TEST_CASE][PASSED] - Test Cases/AHI/_include/get_screenshot: Test Cases/AHI/_include/get_screenshot

2019-12-10 08:19:42 - [TEST_STEP][PASSED] - takeScreenshot(screenPath + i + ".png"): Taking screenshot successfully

2019-12-10 08:19:42 - [MESSAGE][PASSED] - Taking screenshot successfully
[[ATTACHMENT|D:\\Test\\AgileTest\\Reports\\AHI\\hbi\\20191210_080033\\../Screenshots/iPhone 6/hbi/Fixed Cash Benefit/20191210_081849/7.png]]

2019-12-10 08:19:42 - [TEST_STEP][PASSED] - (internal.GlobalVariable.i++): null

2019-12-10 08:19:42 - [MESSAGE][PASSED] - Call Test Case 'Test Cases/AHI/_include/get_screenshot' successfully

2019-12-10 08:19:42 - [TEST_STEP][PASSED] - setText(findTestObject("mobileSanity/HBI/Page_App Page 2/input__credit-card-first"), FirstName): Text 'Test-123' is set on object 'Object Repository/mobileSanity/HBI/Page_App Page 2/input__credit-card-first'

2019-12-10 08:19:43 - [MESSAGE][PASSED] - Text 'Test-123' is set on object 'Object Repository/mobileSanity/HBI/Page_App Page 2/input__credit-card-first'

2019-12-10 08:19:43 - [TEST_STEP][PASSED] - setText(findTestObject("mobileSanity/HBI/Page_App Page 2/input__credit-card-last"), LastName): Text 'ZZ11-VYRcGuss' is set on object 'Object Repository/mobileSanity/HBI/Page_App Page 2/input__credit-card-last'

2019-12-10 08:19:43 - [MESSAGE][PASSED] - Text 'ZZ11-VYRcGuss' is set on object 'Object Repository/mobileSanity/HBI/Page_App Page 2/input__credit-card-last'

2019-12-10 08:19:43 - [TEST_STEP][PASSED] - selectOptionByValue(findTestObject("mobileSanity/HBI/Page_App Page 2/select_MM010203040506070809101"), "12", true): All options with value '12' are selected in object 'Object Repository/mobileSanity/HBI/Page_App Page 2/select_MM010203040506070809101'  using regular expression

2019-12-10 08:19:43 - [MESSAGE][PASSED] - All options with value '12' are selected in object 'Object Repository/mobileSanity/HBI/Page_App Page 2/select_MM010203040506070809101'  using regular expression

2019-12-10 08:19:43 - [TEST_STEP][PASSED] - selectOptionByValue(findTestObject("mobileSanity/HBI/Page_App Page 2/select_YYYY2019202020212022202"), "2026", true): All options with value '2026' are selected in object 'Object Repository/mobileSanity/HBI/Page_App Page 2/select_YYYY2019202020212022202'  using regular expression

2019-12-10 08:19:43 - [MESSAGE][PASSED] - All options with value '2026' are selected in object 'Object Repository/mobileSanity/HBI/Page_App Page 2/select_YYYY2019202020212022202'  using regular expression

2019-12-10 08:19:43 - [TEST_STEP][PASSED] - setText(findTestObject("mobileSanity/HBI/Page_App Page 2/input__credit-card-number"), "4111111111111111"): Text '4111111111111111' is set on object 'Object Repository/mobileSanity/HBI/Page_App Page 2/input__credit-card-number'

2019-12-10 08:19:44 - [MESSAGE][PASSED] - Text '4111111111111111' is set on object 'Object Repository/mobileSanity/HBI/Page_App Page 2/input__credit-card-number'

2019-12-10 08:19:44 - [TEST_STEP][PASSED] - setText(findTestObject("mobileSanity/HBI/Page_App Page 2/input__cvv"), "123"): Text '123' is set on object 'Object Repository/mobileSanity/HBI/Page_App Page 2/input__cvv'

2019-12-10 08:19:45 - [MESSAGE][PASSED] - Text '123' is set on object 'Object Repository/mobileSanity/HBI/Page_App Page 2/input__cvv'

2019-12-10 08:19:45 - [TEST_STEP][PASSED] - click(findTestObject("mobileSanity/HBI/Page_App Page 2/label_My billing address is th")): Object: 'Object Repository/mobileSanity/HBI/Page_App Page 2/label_My billing address is th' is clicked on

2019-12-10 08:19:46 - [MESSAGE][PASSED] - Object: 'Object Repository/mobileSanity/HBI/Page_App Page 2/label_My billing address is th' is clicked on

2019-12-10 08:19:46 - [TEST_STEP][PASSED] - click(findTestObject("mobileSanity/HBI/Page_App Page 2/label_I Accept Authorization f")): Object: 'Object Repository/mobileSanity/HBI/Page_App Page 2/label_I Accept Authorization f' is clicked on

2019-12-10 08:19:46 - [MESSAGE][PASSED] - Object: 'Object Repository/mobileSanity/HBI/Page_App Page 2/label_I Accept Authorization f' is clicked on

2019-12-10 08:19:46 - [TEST_STEP][PASSED] - click(findTestObject("mobileSanity/HBI/Page_App Page 2/a_Continue to Step 3 - Review")): Object: 'Object Repository/mobileSanity/HBI/Page_App Page 2/a_Continue to Step 3 - Review' is clicked on

2019-12-10 08:19:47 - [MESSAGE][PASSED] - Object: 'Object Repository/mobileSanity/HBI/Page_App Page 2/a_Continue to Step 3 - Review' is clicked on

2019-12-10 08:19:47 - [TEST_STEP][PASSED] - waitForPageLoad(20): Wait for page load successfully

2019-12-10 08:19:47 - [MESSAGE][PASSED] - Wait for page load successfully

2019-12-10 08:19:47 - [TEST_STEP][PASSED] - Thread.sleep(10000): null

2019-12-10 08:19:57 - [TEST_STEP][PASSED] - waitForElementPresent(findTestObject("mobileSanity/HBI/Page_App Page 3/label"), 20): Object 'Object Repository/mobileSanity/HBI/Page_App Page 3/label' is present

2019-12-10 08:19:57 - [MESSAGE][PASSED] - Object 'Object Repository/mobileSanity/HBI/Page_App Page 3/label' is present

2019-12-10 08:19:57 - [TEST_STEP][PASSED] - callTestCase(findTestCase("AHI/_include/get_screenshot"), [:], STOP_ON_FAILURE): Call Test Case 'Test Cases/AHI/_include/get_screenshot' successfully

2019-12-10 08:19:57 - [TEST_CASE][PASSED] - Test Cases/AHI/_include/get_screenshot: Test Cases/AHI/_include/get_screenshot

2019-12-10 08:19:57 - [TEST_STEP][PASSED] - takeScreenshot(screenPath + i + ".png"): Taking screenshot successfully

2019-12-10 08:19:57 - [MESSAGE][PASSED] - Taking screenshot successfully
[[ATTACHMENT|D:\\Test\\AgileTest\\Reports\\AHI\\hbi\\20191210_080033\\../Screenshots/iPhone 6/hbi/Fixed Cash Benefit/20191210_081849/8.png]]

2019-12-10 08:19:57 - [TEST_STEP][PASSED] - (internal.GlobalVariable.i++): null

2019-12-10 08:19:57 - [MESSAGE][PASSED] - Call Test Case 'Test Cases/AHI/_include/get_screenshot' successfully

2019-12-10 08:19:57 - [TEST_STEP][PASSED] - click(findTestObject("mobileSanity/HBI/Page_App Page 3/label")): Object: 'Object Repository/mobileSanity/HBI/Page_App Page 3/label' is clicked on

2019-12-10 08:19:58 - [MESSAGE][PASSED] - Object: 'Object Repository/mobileSanity/HBI/Page_App Page 3/label' is clicked on

2019-12-10 08:19:58 - [TEST_STEP][PASSED] - click(findTestObject("mobileSanity/HBI/Page_App Page 3/p_CLICK TO SIGN")): Object: 'Object Repository/mobileSanity/HBI/Page_App Page 3/p_CLICK TO SIGN' is clicked on

2019-12-10 08:19:58 - [MESSAGE][PASSED] - Object: 'Object Repository/mobileSanity/HBI/Page_App Page 3/p_CLICK TO SIGN' is clicked on

2019-12-10 08:19:58 - [TEST_STEP][PASSED] - click(findTestObject("mobileSanity/HBI/Page_App Page 3/a_Submit Your Application")): Object: 'Object Repository/mobileSanity/HBI/Page_App Page 3/a_Submit Your Application' is clicked on

2019-12-10 08:19:58 - [MESSAGE][PASSED] - Object: 'Object Repository/mobileSanity/HBI/Page_App Page 3/a_Submit Your Application' is clicked on

2019-12-10 08:19:58 - [TEST_STEP][PASSED] - Thread.sleep(30000): null

2019-12-10 08:20:28 - [TEST_STEP][PASSED] - callTestCase(findTestCase("AHI/_include/get_screenshot"), [:], STOP_ON_FAILURE): Call Test Case 'Test Cases/AHI/_include/get_screenshot' successfully

2019-12-10 08:20:28 - [TEST_CASE][PASSED] - Test Cases/AHI/_include/get_screenshot: Test Cases/AHI/_include/get_screenshot

2019-12-10 08:20:28 - [TEST_STEP][PASSED] - takeScreenshot(screenPath + i + ".png"): Taking screenshot successfully

2019-12-10 08:20:28 - [MESSAGE][PASSED] - Taking screenshot successfully
[[ATTACHMENT|D:\\Test\\AgileTest\\Reports\\AHI\\hbi\\20191210_080033\\../Screenshots/iPhone 6/hbi/Fixed Cash Benefit/20191210_081849/9.png]]

2019-12-10 08:20:28 - [TEST_STEP][PASSED] - (internal.GlobalVariable.i++): null

2019-12-10 08:20:28 - [MESSAGE][PASSED] - Call Test Case 'Test Cases/AHI/_include/get_screenshot' successfully

2019-12-10 08:20:28 - [TEST_STEP][PASSED] - verifyTextPresent("Congratulations", false): Text 'Congratulations' is present on page 

2019-12-10 08:20:28 - [MESSAGE][PASSED] - Text 'Congratulations' is present on page 

2019-12-10 08:20:28 - [MESSAGE][PASSED] - Call Test Case 'Test Cases/AHI/_include/goToEnd_hbi' successfully]]></system-out>
         <system-err><![CDATA[]]></system-err>
      </testcase>
      <testcase name="Test Cases/AHI/HBI/Health Choice" classname="Test Cases/AHI/HBI/Health Choice" status="PASSED">
         <system-out><![CDATA[2019-12-10 08:20:28 - [TEST_CASE][PASSED] - Test Cases/AHI/HBI/Health Choice: Test Cases/AHI/HBI/Health Choice

2019-12-10 08:20:28 - [TEST_STEP][PASSED] - callTestCase(findTestCase("AHI/_include/get_screenPath"), ["productLine":"hbi", "carrierName":"Health Choice"], CONTINUE_ON_FAILURE): Call Test Case 'Test Cases/AHI/_include/get_screenPath' successfully

2019-12-10 08:20:28 - [TEST_CASE][PASSED] - Test Cases/AHI/_include/get_screenPath: Test Cases/AHI/_include/get_screenPath

2019-12-10 08:20:28 - [TEST_STEP][PASSED] - m = getExecutionProperties(): null

2019-12-10 08:20:28 - [TEST_STEP][PASSED] - deviceName = get("mobileEmulation").get("deviceName"): null

2019-12-10 08:20:28 - [TEST_STEP][PASSED] - println(deviceName): null

2019-12-10 08:20:28 - [TEST_STEP][PASSED] - now = new java.util.Date(): null

2019-12-10 08:20:28 - [TEST_STEP][PASSED] - mydate = now.format("yyyyMMdd_HHmmss"): null

2019-12-10 08:20:28 - [TEST_STEP][PASSED] - screenPath = "../Screenshots/": null

2019-12-10 08:20:28 - [TEST_STEP][PASSED] - screenPath = screenPath + deviceName + "/" + productLine + "/" + carrierName + "/" + mydate + "/": null

2019-12-10 08:20:28 - [TEST_STEP][PASSED] - println(screenPath): null

2019-12-10 08:20:28 - [MESSAGE][PASSED] - Call Test Case 'Test Cases/AHI/_include/get_screenPath' successfully

2019-12-10 08:20:28 - [TEST_STEP][PASSED] - i = 0: null

2019-12-10 08:20:28 - [TEST_STEP][PASSED] - callTestCase(findTestCase("AHI/_include/openWebSite"), [:], CONTINUE_ON_FAILURE): Call Test Case 'Test Cases/AHI/_include/openWebSite' successfully

2019-12-10 08:20:28 - [TEST_CASE][PASSED] - Test Cases/AHI/_include/openWebSite: Test Cases/AHI/_include/openWebSite

2019-12-10 08:20:29 - [TEST_STEP][PASSED] - openBrowser(env): Browser is opened with url: 'https://praetemptatus.agilehealthinsurance.com'

2019-12-10 08:20:29 - [MESSAGE][WARNING] - A browser is already opened. Closing browser and opening a new one

2019-12-10 08:20:29 - [MESSAGE][INFO] - Starting 'Chrome' driver

2019-12-10 08:20:29 - [MESSAGE][INFO] - User set preference: ['mobileEmulation', '{deviceName=iPhone 6}']

2019-12-10 08:20:29 - [MESSAGE][INFO] - User set preference: ['args', '[--incognito, --aggressive-cache-discard, --window-size=375,677, --no-sandbox]']

2019-12-10 08:20:32 - [MESSAGE][PASSED] - Browser is opened with url: 'https://praetemptatus.agilehealthinsurance.com'

2019-12-10 08:20:32 - [TEST_STEP][PASSED] - waitForPageLoad(20): Wait for page load successfully

2019-12-10 08:20:32 - [MESSAGE][PASSED] - Wait for page load successfully

2019-12-10 08:20:32 - [TEST_STEP][PASSED] - callTestCase(findTestCase("AHI/_include/get_screenshot"), [:], STOP_ON_FAILURE): Call Test Case 'Test Cases/AHI/_include/get_screenshot' successfully

2019-12-10 08:20:32 - [TEST_CASE][PASSED] - Test Cases/AHI/_include/get_screenshot: Test Cases/AHI/_include/get_screenshot

2019-12-10 08:20:32 - [TEST_STEP][PASSED] - takeScreenshot(screenPath + i + ".png"): Taking screenshot successfully

2019-12-10 08:20:34 - [MESSAGE][PASSED] - Taking screenshot successfully
[[ATTACHMENT|D:\\Test\\AgileTest\\Reports\\AHI\\hbi\\20191210_080033\\../Screenshots/iPhone 6/hbi/Health Choice/20191210_082028/0.png]]

2019-12-10 08:20:34 - [TEST_STEP][PASSED] - (internal.GlobalVariable.i++): null

2019-12-10 08:20:34 - [MESSAGE][PASSED] - Call Test Case 'Test Cases/AHI/_include/get_screenshot' successfully

2019-12-10 08:20:34 - [MESSAGE][PASSED] - Call Test Case 'Test Cases/AHI/_include/openWebSite' successfully

2019-12-10 08:20:34 - [TEST_STEP][PASSED] - callTestCase(findTestCase("AHI/_include/census_hbi"), [:], CONTINUE_ON_FAILURE): Call Test Case 'Test Cases/AHI/_include/census_hbi' successfully

2019-12-10 08:20:34 - [TEST_CASE][PASSED] - Test Cases/AHI/_include/census_hbi: Test Cases/AHI/_include/census_hbi

2019-12-10 08:20:34 - [TEST_STEP][PASSED] - click(findTestObject("mobileSanity/Common/side_nav/menu")): Object: 'Object Repository/mobileSanity/Common/side_nav/menu' is clicked on

2019-12-10 08:20:34 - [MESSAGE][PASSED] - Object: 'Object Repository/mobileSanity/Common/side_nav/menu' is clicked on

2019-12-10 08:20:34 - [TEST_STEP][PASSED] - Thread.sleep(3000): null

2019-12-10 08:20:37 - [TEST_STEP][PASSED] - callTestCase(findTestCase("AHI/_include/get_screenshot"), [:], STOP_ON_FAILURE): Call Test Case 'Test Cases/AHI/_include/get_screenshot' successfully

2019-12-10 08:20:37 - [TEST_CASE][PASSED] - Test Cases/AHI/_include/get_screenshot: Test Cases/AHI/_include/get_screenshot

2019-12-10 08:20:37 - [TEST_STEP][PASSED] - takeScreenshot(screenPath + i + ".png"): Taking screenshot successfully

2019-12-10 08:20:38 - [MESSAGE][PASSED] - Taking screenshot successfully
[[ATTACHMENT|D:\\Test\\AgileTest\\Reports\\AHI\\hbi\\20191210_080033\\../Screenshots/iPhone 6/hbi/Health Choice/20191210_082028/1.png]]

2019-12-10 08:20:38 - [TEST_STEP][PASSED] - (internal.GlobalVariable.i++): null

2019-12-10 08:20:38 - [MESSAGE][PASSED] - Call Test Case 'Test Cases/AHI/_include/get_screenshot' successfully

2019-12-10 08:20:38 - [TEST_STEP][PASSED] - click(findTestObject("mobileSanity/Common/side_nav/nav_hbi")): Object: 'Object Repository/mobileSanity/Common/side_nav/nav_hbi' is clicked on

2019-12-10 08:20:38 - [MESSAGE][PASSED] - Object: 'Object Repository/mobileSanity/Common/side_nav/nav_hbi' is clicked on

2019-12-10 08:20:38 - [TEST_STEP][PASSED] - waitForPageLoad(10): Wait for page load successfully

2019-12-10 08:20:39 - [MESSAGE][PASSED] - Wait for page load successfully

2019-12-10 08:20:39 - [TEST_STEP][PASSED] - Thread.sleep(3000): null

2019-12-10 08:20:42 - [TEST_STEP][PASSED] - callTestCase(findTestCase("AHI/_include/get_screenshot"), [:], STOP_ON_FAILURE): Call Test Case 'Test Cases/AHI/_include/get_screenshot' successfully

2019-12-10 08:20:42 - [TEST_CASE][PASSED] - Test Cases/AHI/_include/get_screenshot: Test Cases/AHI/_include/get_screenshot

2019-12-10 08:20:42 - [TEST_STEP][PASSED] - takeScreenshot(screenPath + i + ".png"): Taking screenshot successfully

2019-12-10 08:20:42 - [MESSAGE][PASSED] - Taking screenshot successfully
[[ATTACHMENT|D:\\Test\\AgileTest\\Reports\\AHI\\hbi\\20191210_080033\\../Screenshots/iPhone 6/hbi/Health Choice/20191210_082028/2.png]]

2019-12-10 08:20:42 - [TEST_STEP][PASSED] - (internal.GlobalVariable.i++): null

2019-12-10 08:20:42 - [MESSAGE][PASSED] - Call Test Case 'Test Cases/AHI/_include/get_screenshot' successfully

2019-12-10 08:20:42 - [TEST_STEP][PASSED] - setText(findTestObject("mobileSanity/HBI/census/input_Location_zip-input"), zipcode): Text '35215' is set on object 'Object Repository/mobileSanity/HBI/census/input_Location_zip-input'

2019-12-10 08:20:42 - [MESSAGE][PASSED] - Text '35215' is set on object 'Object Repository/mobileSanity/HBI/census/input_Location_zip-input'

2019-12-10 08:20:42 - [TEST_STEP][PASSED] - Thread.sleep(500): null

2019-12-10 08:20:43 - [TEST_STEP][PASSED] - setText(findTestObject("mobileSanity/HBI/census/input_Date of Birth_dob-0"), "12121980"): Text '12121980' is set on object 'Object Repository/mobileSanity/HBI/census/input_Date of Birth_dob-0'

2019-12-10 08:20:44 - [MESSAGE][PASSED] - Text '12121980' is set on object 'Object Repository/mobileSanity/HBI/census/input_Date of Birth_dob-0'

2019-12-10 08:20:44 - [TEST_STEP][PASSED] - click(findTestObject("mobileSanity/HBI/census/label_Male")): Object: 'Object Repository/mobileSanity/HBI/census/label_Male' is clicked on

2019-12-10 08:20:44 - [MESSAGE][PASSED] - Object: 'Object Repository/mobileSanity/HBI/census/label_Male' is clicked on

2019-12-10 08:20:44 - [TEST_STEP][PASSED] - click(findTestObject("mobileSanity/HBI/census/label_Get a Quote")): Object: 'Object Repository/mobileSanity/HBI/census/label_Get a Quote' is clicked on

2019-12-10 08:20:45 - [MESSAGE][PASSED] - Object: 'Object Repository/mobileSanity/HBI/census/label_Get a Quote' is clicked on

2019-12-10 08:20:45 - [TEST_STEP][PASSED] - waitForPageLoad(20): Wait for page load successfully

2019-12-10 08:20:45 - [MESSAGE][PASSED] - Wait for page load successfully

2019-12-10 08:20:45 - [TEST_STEP][PASSED] - Thread.sleep(3000): null

2019-12-10 08:20:48 - [TEST_STEP][PASSED] - callTestCase(findTestCase("AHI/_include/check_quoteleadform"), [:], STOP_ON_FAILURE): Call Test Case 'Test Cases/AHI/_include/check_quoteleadform' successfully

2019-12-10 08:20:48 - [TEST_CASE][PASSED] - Test Cases/AHI/_include/check_quoteleadform: Test Cases/AHI/_include/check_quoteleadform

2019-12-10 08:20:48 - [TEST_STEP][PASSED] - callTestCase(findTestCase("AHI/_include/name"), [:], CONTINUE_ON_FAILURE): Call Test Case 'Test Cases/AHI/_include/name' successfully

2019-12-10 08:20:48 - [TEST_CASE][PASSED] - Test Cases/AHI/_include/name: Test Cases/AHI/_include/name

2019-12-10 08:20:48 - [TEST_STEP][PASSED] - driver = getWebDriver(): null

2019-12-10 08:20:48 - [TEST_STEP][PASSED] - selenium = new com.thoughtworks.selenium.webdriven.WebDriverBackedSelenium(driver, internal.GlobalVariable.ENV): null

2019-12-10 08:20:48 - [TEST_STEP][PASSED] - FirstName = "Test-123": null

2019-12-10 08:20:48 - [TEST_STEP][PASSED] - LastName = selenium.getEval("{var x="ABCDEFGHIJKLMNOPQRSTUVWXYZabcdefghijklmnopqrstuvwxyz"; var tmp="ZZ11-"; for (i=0;i<8;i++) tmp+=x.charAt(Math.ceil(51*Math.random()));tmp;}"): null

2019-12-10 08:20:48 - [TEST_STEP][PASSED] - Address = selenium.getEval("{var x="ABCDEFGHIJKLMNOPQRSTUVWXYZabcdefghijklmnopqrstuvwxyz"; var tmp=""; for (i=0;i<8;i++) tmp+=x.charAt(Math.ceil(51*Math.random()));tmp;}"): null

2019-12-10 08:20:48 - [TEST_STEP][PASSED] - City = selenium.getEval("{var x="ABCDEFGHIJKLMNOPQRSTUVWXYZabcdefghijklmnopqrstuvwxyz"; var tmp=""; for (i=0;i<8;i++) tmp+=x.charAt(Math.ceil(51*Math.random()));tmp;}"): null

2019-12-10 08:20:48 - [TEST_STEP][PASSED] - tel1 = selenium.getEval("{var x="123456789"; var tmp=""; for (i=0;i<3;i++) tmp+=x.charAt(Math.ceil(8*Math.random()));tmp;}"): null

2019-12-10 08:20:48 - [TEST_STEP][PASSED] - tel2 = selenium.getEval("{var x="123456789"; var tmp=""; for (i=0;i<3;i++) tmp+=x.charAt(Math.ceil(8*Math.random()));tmp;}"): null

2019-12-10 08:20:48 - [TEST_STEP][PASSED] - tel3 = selenium.getEval("{var x="123456789"; var tmp=""; for (i=0;i<4;i++) tmp+=x.charAt(Math.ceil(8*Math.random()));tmp;}"): null

2019-12-10 08:20:48 - [TEST_STEP][PASSED] - Tel = selenium.getExpression(tel1 + "-" + tel2 + "-" + tel3): null

2019-12-10 08:20:48 - [TEST_STEP][PASSED] - AutoEmail = selenium.getEval("{var x="ABCDEFGHIJKLMNOPQRSTUVWXYZabcdefghijklmnopqrstuvwxyz"; var tmp="test."; for (i=0;i<8;i++) tmp+=x.charAt(Math.ceil(51*Math.random()));tmp+="@suryani.cn";}"): null

2019-12-10 08:20:48 - [TEST_STEP][PASSED] - FirstName = FirstName: null

2019-12-10 08:20:48 - [TEST_STEP][PASSED] - LastName = LastName: null

2019-12-10 08:20:48 - [TEST_STEP][PASSED] - Address = Address: null

2019-12-10 08:20:48 - [TEST_STEP][PASSED] - City = City: null

2019-12-10 08:20:48 - [TEST_STEP][PASSED] - Tel = Tel: null

2019-12-10 08:20:48 - [TEST_STEP][PASSED] - AutoEmail = AutoEmail: null

2019-12-10 08:20:48 - [TEST_STEP][PASSED] - println(FirstName): null

2019-12-10 08:20:48 - [TEST_STEP][PASSED] - println(LastName): null

2019-12-10 08:20:48 - [TEST_STEP][PASSED] - println(Address): null

2019-12-10 08:20:48 - [TEST_STEP][PASSED] - println(City): null

2019-12-10 08:20:48 - [TEST_STEP][PASSED] - println(Tel): null

2019-12-10 08:20:48 - [TEST_STEP][PASSED] - println(AutoEmail): null

2019-12-10 08:20:48 - [MESSAGE][PASSED] - Call Test Case 'Test Cases/AHI/_include/name' successfully

2019-12-10 08:20:48 - [TEST_STEP][PASSED] - leadform_exist = test.MobileKeywords.isElementPresent_Web(findTestObject("mobileSanity/quote lead form/lead_form"), 20): test.MobileKeywords.isElementPresent_Web is PASSED

2019-12-10 08:20:48 - [MESSAGE][PASSED] - test.MobileKeywords.isElementPresent_Web is PASSED

2019-12-10 08:20:48 - [TEST_STEP][PASSED] - if (leadform_exist): null

2019-12-10 08:20:48 - [TEST_STEP][PASSED] - setText(findTestObject("mobileSanity/quote lead form/first"), FirstName): Text 'Test-123' is set on object 'Object Repository/mobileSanity/quote lead form/first'

2019-12-10 08:20:48 - [MESSAGE][PASSED] - Text 'Test-123' is set on object 'Object Repository/mobileSanity/quote lead form/first'

2019-12-10 08:20:48 - [TEST_STEP][PASSED] - setText(findTestObject("mobileSanity/quote lead form/last"), LastName): Text 'ZZ11-ynFmiFro' is set on object 'Object Repository/mobileSanity/quote lead form/last'

2019-12-10 08:20:48 - [MESSAGE][PASSED] - Text 'ZZ11-ynFmiFro' is set on object 'Object Repository/mobileSanity/quote lead form/last'

2019-12-10 08:20:48 - [TEST_STEP][PASSED] - setText(findTestObject("mobileSanity/quote lead form/email"), AutoEmail): Text 'test.HwXaJfUz@suryani.cn' is set on object 'Object Repository/mobileSanity/quote lead form/email'

2019-12-10 08:20:49 - [MESSAGE][PASSED] - Text 'test.HwXaJfUz@suryani.cn' is set on object 'Object Repository/mobileSanity/quote lead form/email'

2019-12-10 08:20:49 - [TEST_STEP][PASSED] - setText(findTestObject("mobileSanity/quote lead form/phone"), Tel): Text '772-567-2377' is set on object 'Object Repository/mobileSanity/quote lead form/phone'

2019-12-10 08:20:49 - [MESSAGE][PASSED] - Text '772-567-2377' is set on object 'Object Repository/mobileSanity/quote lead form/phone'

2019-12-10 08:20:49 - [TEST_STEP][PASSED] - click(findTestObject("mobileSanity/quote lead form/submit")): Object: 'Object Repository/mobileSanity/quote lead form/submit' is clicked on

2019-12-10 08:20:49 - [MESSAGE][PASSED] - Object: 'Object Repository/mobileSanity/quote lead form/submit' is clicked on

2019-12-10 08:20:49 - [TEST_STEP][PASSED] - Thread.sleep(3000): null

2019-12-10 08:20:52 - [MESSAGE][PASSED] - Call Test Case 'Test Cases/AHI/_include/check_quoteleadform' successfully

2019-12-10 08:20:52 - [TEST_STEP][PASSED] - callTestCase(findTestCase("AHI/_include/get_screenshot"), [:], STOP_ON_FAILURE): Call Test Case 'Test Cases/AHI/_include/get_screenshot' successfully

2019-12-10 08:20:52 - [TEST_CASE][PASSED] - Test Cases/AHI/_include/get_screenshot: Test Cases/AHI/_include/get_screenshot

2019-12-10 08:20:52 - [TEST_STEP][PASSED] - takeScreenshot(screenPath + i + ".png"): Taking screenshot successfully

2019-12-10 08:20:53 - [MESSAGE][PASSED] - Taking screenshot successfully
[[ATTACHMENT|D:\\Test\\AgileTest\\Reports\\AHI\\hbi\\20191210_080033\\../Screenshots/iPhone 6/hbi/Health Choice/20191210_082028/3.png]]

2019-12-10 08:20:53 - [TEST_STEP][PASSED] - (internal.GlobalVariable.i++): null

2019-12-10 08:20:53 - [MESSAGE][PASSED] - Call Test Case 'Test Cases/AHI/_include/get_screenshot' successfully

2019-12-10 08:20:53 - [MESSAGE][PASSED] - Call Test Case 'Test Cases/AHI/_include/census_hbi' successfully

2019-12-10 08:20:53 - [TEST_STEP][PASSED] - Thread.sleep(5000): null

2019-12-10 08:20:58 - [TEST_STEP][PASSED] - scrollToPosition(200, 2300): Browser is scrolled to position x = 200, y = 2300

2019-12-10 08:20:58 - [MESSAGE][PASSED] - Browser is scrolled to position x = 200, y = 2300

2019-12-10 08:20:58 - [TEST_STEP][PASSED] - click(findTestObject("mobileSanity/HBI/quote/a_Health Choice")): Object: 'Object Repository/mobileSanity/HBI/quote/a_Health Choice' is clicked on

2019-12-10 08:20:59 - [MESSAGE][PASSED] - Object: 'Object Repository/mobileSanity/HBI/quote/a_Health Choice' is clicked on

2019-12-10 08:20:59 - [TEST_STEP][PASSED] - waitForPageLoad(20): Wait for page load successfully

2019-12-10 08:20:59 - [MESSAGE][PASSED] - Wait for page load successfully

2019-12-10 08:20:59 - [TEST_STEP][PASSED] - callTestCase(findTestCase("AHI/_include/get_screenshot"), [:], STOP_ON_FAILURE): Call Test Case 'Test Cases/AHI/_include/get_screenshot' successfully

2019-12-10 08:20:59 - [TEST_CASE][PASSED] - Test Cases/AHI/_include/get_screenshot: Test Cases/AHI/_include/get_screenshot

2019-12-10 08:20:59 - [TEST_STEP][PASSED] - takeScreenshot(screenPath + i + ".png"): Taking screenshot successfully

2019-12-10 08:20:59 - [MESSAGE][PASSED] - Taking screenshot successfully
[[ATTACHMENT|D:\\Test\\AgileTest\\Reports\\AHI\\hbi\\20191210_080033\\../Screenshots/iPhone 6/hbi/Health Choice/20191210_082028/4.png]]

2019-12-10 08:20:59 - [TEST_STEP][PASSED] - (internal.GlobalVariable.i++): null

2019-12-10 08:20:59 - [MESSAGE][PASSED] - Call Test Case 'Test Cases/AHI/_include/get_screenshot' successfully

2019-12-10 08:20:59 - [TEST_STEP][PASSED] - click(findTestObject("mobileSanity/HBI/detail/a_Apply for This Plan")): Object: 'Object Repository/mobileSanity/HBI/detail/a_Apply for This Plan' is clicked on

2019-12-10 08:21:00 - [MESSAGE][PASSED] - Object: 'Object Repository/mobileSanity/HBI/detail/a_Apply for This Plan' is clicked on

2019-12-10 08:21:00 - [TEST_STEP][PASSED] - waitForPageLoad(20): Wait for page load successfully

2019-12-10 08:21:00 - [MESSAGE][PASSED] - Wait for page load successfully

2019-12-10 08:21:00 - [TEST_STEP][PASSED] - callTestCase(findTestCase("AHI/_include/get_screenshot"), [:], STOP_ON_FAILURE): Call Test Case 'Test Cases/AHI/_include/get_screenshot' successfully

2019-12-10 08:21:00 - [TEST_CASE][PASSED] - Test Cases/AHI/_include/get_screenshot: Test Cases/AHI/_include/get_screenshot

2019-12-10 08:21:00 - [TEST_STEP][PASSED] - takeScreenshot(screenPath + i + ".png"): Taking screenshot successfully

2019-12-10 08:21:01 - [MESSAGE][PASSED] - Taking screenshot successfully
[[ATTACHMENT|D:\\Test\\AgileTest\\Reports\\AHI\\hbi\\20191210_080033\\../Screenshots/iPhone 6/hbi/Health Choice/20191210_082028/5.png]]

2019-12-10 08:21:01 - [TEST_STEP][PASSED] - (internal.GlobalVariable.i++): null

2019-12-10 08:21:01 - [MESSAGE][PASSED] - Call Test Case 'Test Cases/AHI/_include/get_screenshot' successfully

2019-12-10 08:21:01 - [TEST_STEP][PASSED] - click(findTestObject("mobileSanity/HBI/Page_Apply/span_Start Secure Application")): Object: 'Object Repository/mobileSanity/HBI/Page_Apply/span_Start Secure Application' is clicked on

2019-12-10 08:21:01 - [MESSAGE][PASSED] - Object: 'Object Repository/mobileSanity/HBI/Page_Apply/span_Start Secure Application' is clicked on

2019-12-10 08:21:01 - [TEST_STEP][PASSED] - waitForPageLoad(20): Wait for page load successfully

2019-12-10 08:21:01 - [MESSAGE][PASSED] - Wait for page load successfully

2019-12-10 08:21:01 - [TEST_STEP][PASSED] - Thread.sleep(5000): null

2019-12-10 08:21:06 - [TEST_STEP][PASSED] - callTestCase(findTestCase("AHI/_include/get_screenshot"), [:], STOP_ON_FAILURE): Call Test Case 'Test Cases/AHI/_include/get_screenshot' successfully

2019-12-10 08:21:06 - [TEST_CASE][PASSED] - Test Cases/AHI/_include/get_screenshot: Test Cases/AHI/_include/get_screenshot

2019-12-10 08:21:06 - [TEST_STEP][PASSED] - takeScreenshot(screenPath + i + ".png"): Taking screenshot successfully

2019-12-10 08:21:07 - [MESSAGE][PASSED] - Taking screenshot successfully
[[ATTACHMENT|D:\\Test\\AgileTest\\Reports\\AHI\\hbi\\20191210_080033\\../Screenshots/iPhone 6/hbi/Health Choice/20191210_082028/6.png]]

2019-12-10 08:21:07 - [TEST_STEP][PASSED] - (internal.GlobalVariable.i++): null

2019-12-10 08:21:07 - [MESSAGE][PASSED] - Call Test Case 'Test Cases/AHI/_include/get_screenshot' successfully

2019-12-10 08:21:07 - [TEST_STEP][PASSED] - callTestCase(findTestCase("AHI/_include/goToEnd_hbi"), ["carrier":"healthchoiceplus"], CONTINUE_ON_FAILURE): Call Test Case 'Test Cases/AHI/_include/goToEnd_hbi' successfully

2019-12-10 08:21:07 - [TEST_CASE][PASSED] - Test Cases/AHI/_include/goToEnd_hbi: Test Cases/AHI/_include/goToEnd_hbi

2019-12-10 08:21:07 - [TEST_STEP][PASSED] - if (state == "ca"): null

2019-12-10 08:21:07 - [TEST_STEP][PASSED] - callTestCase(findTestCase("AHI/_include/name"), [:], CONTINUE_ON_FAILURE): Call Test Case 'Test Cases/AHI/_include/name' successfully

2019-12-10 08:21:07 - [TEST_CASE][PASSED] - Test Cases/AHI/_include/name: Test Cases/AHI/_include/name

2019-12-10 08:21:07 - [TEST_STEP][PASSED] - driver = getWebDriver(): null

2019-12-10 08:21:07 - [TEST_STEP][PASSED] - selenium = new com.thoughtworks.selenium.webdriven.WebDriverBackedSelenium(driver, internal.GlobalVariable.ENV): null

2019-12-10 08:21:07 - [TEST_STEP][PASSED] - FirstName = "Test-123": null

2019-12-10 08:21:07 - [TEST_STEP][PASSED] - LastName = selenium.getEval("{var x="ABCDEFGHIJKLMNOPQRSTUVWXYZabcdefghijklmnopqrstuvwxyz"; var tmp="ZZ11-"; for (i=0;i<8;i++) tmp+=x.charAt(Math.ceil(51*Math.random()));tmp;}"): null

2019-12-10 08:21:07 - [TEST_STEP][PASSED] - Address = selenium.getEval("{var x="ABCDEFGHIJKLMNOPQRSTUVWXYZabcdefghijklmnopqrstuvwxyz"; var tmp=""; for (i=0;i<8;i++) tmp+=x.charAt(Math.ceil(51*Math.random()));tmp;}"): null

2019-12-10 08:21:07 - [TEST_STEP][PASSED] - City = selenium.getEval("{var x="ABCDEFGHIJKLMNOPQRSTUVWXYZabcdefghijklmnopqrstuvwxyz"; var tmp=""; for (i=0;i<8;i++) tmp+=x.charAt(Math.ceil(51*Math.random()));tmp;}"): null

2019-12-10 08:21:07 - [TEST_STEP][PASSED] - tel1 = selenium.getEval("{var x="123456789"; var tmp=""; for (i=0;i<3;i++) tmp+=x.charAt(Math.ceil(8*Math.random()));tmp;}"): null

2019-12-10 08:21:07 - [TEST_STEP][PASSED] - tel2 = selenium.getEval("{var x="123456789"; var tmp=""; for (i=0;i<3;i++) tmp+=x.charAt(Math.ceil(8*Math.random()));tmp;}"): null

2019-12-10 08:21:07 - [TEST_STEP][PASSED] - tel3 = selenium.getEval("{var x="123456789"; var tmp=""; for (i=0;i<4;i++) tmp+=x.charAt(Math.ceil(8*Math.random()));tmp;}"): null

2019-12-10 08:21:07 - [TEST_STEP][PASSED] - Tel = selenium.getExpression(tel1 + "-" + tel2 + "-" + tel3): null

2019-12-10 08:21:07 - [TEST_STEP][PASSED] - AutoEmail = selenium.getEval("{var x="ABCDEFGHIJKLMNOPQRSTUVWXYZabcdefghijklmnopqrstuvwxyz"; var tmp="test."; for (i=0;i<8;i++) tmp+=x.charAt(Math.ceil(51*Math.random()));tmp+="@suryani.cn";}"): null

2019-12-10 08:21:07 - [TEST_STEP][PASSED] - FirstName = FirstName: null

2019-12-10 08:21:07 - [TEST_STEP][PASSED] - LastName = LastName: null

2019-12-10 08:21:07 - [TEST_STEP][PASSED] - Address = Address: null

2019-12-10 08:21:07 - [TEST_STEP][PASSED] - City = City: null

2019-12-10 08:21:07 - [TEST_STEP][PASSED] - Tel = Tel: null

2019-12-10 08:21:07 - [TEST_STEP][PASSED] - AutoEmail = AutoEmail: null

2019-12-10 08:21:07 - [TEST_STEP][PASSED] - println(FirstName): null

2019-12-10 08:21:07 - [TEST_STEP][PASSED] - println(LastName): null

2019-12-10 08:21:07 - [TEST_STEP][PASSED] - println(Address): null

2019-12-10 08:21:07 - [TEST_STEP][PASSED] - println(City): null

2019-12-10 08:21:07 - [TEST_STEP][PASSED] - println(Tel): null

2019-12-10 08:21:07 - [TEST_STEP][PASSED] - println(AutoEmail): null

2019-12-10 08:21:07 - [MESSAGE][PASSED] - Call Test Case 'Test Cases/AHI/_include/name' successfully

2019-12-10 08:21:07 - [TEST_STEP][PASSED] - setText(findTestObject("mobileSanity/HBI/Page_App Page 1/input__member-P-1-firstName"), FirstName): Text 'Test-123' is set on object 'Object Repository/mobileSanity/HBI/Page_App Page 1/input__member-P-1-firstName'

2019-12-10 08:21:07 - [MESSAGE][PASSED] - Text 'Test-123' is set on object 'Object Repository/mobileSanity/HBI/Page_App Page 1/input__member-P-1-firstName'

2019-12-10 08:21:07 - [TEST_STEP][PASSED] - setText(findTestObject("mobileSanity/HBI/Page_App Page 1/input__member-P-1-lastName"), LastName): Text 'ZZ11-VsZuVaeU' is set on object 'Object Repository/mobileSanity/HBI/Page_App Page 1/input__member-P-1-lastName'

2019-12-10 08:21:07 - [MESSAGE][PASSED] - Text 'ZZ11-VsZuVaeU' is set on object 'Object Repository/mobileSanity/HBI/Page_App Page 1/input__member-P-1-lastName'

2019-12-10 08:21:07 - [TEST_STEP][PASSED] - if (carrier == "agileone" || carrier == "agilesecure"): null

2019-12-10 08:21:07 - [TEST_STEP][PASSED] - setText(findTestObject("mobileSanity/HBI/Page_App Page 1/input__address"), Address): Text 'wcULcfVS' is set on object 'Object Repository/mobileSanity/HBI/Page_App Page 1/input__address'

2019-12-10 08:21:07 - [MESSAGE][PASSED] - Text 'wcULcfVS' is set on object 'Object Repository/mobileSanity/HBI/Page_App Page 1/input__address'

2019-12-10 08:21:07 - [TEST_STEP][PASSED] - setText(findTestObject("mobileSanity/HBI/Page_App Page 1/input__city"), City): Text 'LQwWNSXq' is set on object 'Object Repository/mobileSanity/HBI/Page_App Page 1/input__city'

2019-12-10 08:21:07 - [MESSAGE][PASSED] - Text 'LQwWNSXq' is set on object 'Object Repository/mobileSanity/HBI/Page_App Page 1/input__city'

2019-12-10 08:21:07 - [TEST_STEP][PASSED] - setText(findTestObject("mobileSanity/HBI/Page_App Page 1/input__email"), AutoEmail): Text 'test.JOcLIiOy@suryani.cn' is set on object 'Object Repository/mobileSanity/HBI/Page_App Page 1/input__email'

2019-12-10 08:21:08 - [MESSAGE][PASSED] - Text 'test.JOcLIiOy@suryani.cn' is set on object 'Object Repository/mobileSanity/HBI/Page_App Page 1/input__email'

2019-12-10 08:21:08 - [TEST_STEP][PASSED] - setText(findTestObject("mobileSanity/HBI/Page_App Page 1/input_tel"), Tel): Text '623-543-3382' is set on object 'Object Repository/mobileSanity/HBI/Page_App Page 1/input_tel'

2019-12-10 08:21:08 - [MESSAGE][PASSED] - Text '623-543-3382' is set on object 'Object Repository/mobileSanity/HBI/Page_App Page 1/input_tel'

2019-12-10 08:21:08 - [TEST_STEP][PASSED] - Thread.sleep(5000): null

2019-12-10 08:21:13 - [TEST_STEP][PASSED] - click(findTestObject("mobileSanity/HBI/Page_App Page 1/a_Continue to Step 2 - Payment")): Object: 'Object Repository/mobileSanity/HBI/Page_App Page 1/a_Continue to Step 2 - Payment' is clicked on

2019-12-10 08:21:13 - [MESSAGE][PASSED] - Object: 'Object Repository/mobileSanity/HBI/Page_App Page 1/a_Continue to Step 2 - Payment' is clicked on

2019-12-10 08:21:13 - [TEST_STEP][PASSED] - waitForPageLoad(20): Wait for page load successfully

2019-12-10 08:21:13 - [MESSAGE][PASSED] - Wait for page load successfully

2019-12-10 08:21:13 - [TEST_STEP][PASSED] - Thread.sleep(2000): null

2019-12-10 08:21:15 - [TEST_STEP][PASSED] - waitForElementVisible(findTestObject("mobileSanity/HBI/Page_App Page 2/input__credit-card-first"), 20): Object 'Object Repository/mobileSanity/HBI/Page_App Page 2/input__credit-card-first' is visible

2019-12-10 08:21:15 - [MESSAGE][PASSED] - Object 'Object Repository/mobileSanity/HBI/Page_App Page 2/input__credit-card-first' is visible

2019-12-10 08:21:15 - [TEST_STEP][PASSED] - callTestCase(findTestCase("AHI/_include/get_screenshot"), [:], STOP_ON_FAILURE): Call Test Case 'Test Cases/AHI/_include/get_screenshot' successfully

2019-12-10 08:21:15 - [TEST_CASE][PASSED] - Test Cases/AHI/_include/get_screenshot: Test Cases/AHI/_include/get_screenshot

2019-12-10 08:21:15 - [TEST_STEP][PASSED] - takeScreenshot(screenPath + i + ".png"): Taking screenshot successfully

2019-12-10 08:21:16 - [MESSAGE][PASSED] - Taking screenshot successfully
[[ATTACHMENT|D:\\Test\\AgileTest\\Reports\\AHI\\hbi\\20191210_080033\\../Screenshots/iPhone 6/hbi/Health Choice/20191210_082028/7.png]]

2019-12-10 08:21:16 - [TEST_STEP][PASSED] - (internal.GlobalVariable.i++): null

2019-12-10 08:21:16 - [MESSAGE][PASSED] - Call Test Case 'Test Cases/AHI/_include/get_screenshot' successfully

2019-12-10 08:21:16 - [TEST_STEP][PASSED] - setText(findTestObject("mobileSanity/HBI/Page_App Page 2/input__credit-card-first"), FirstName): Text 'Test-123' is set on object 'Object Repository/mobileSanity/HBI/Page_App Page 2/input__credit-card-first'

2019-12-10 08:21:16 - [MESSAGE][PASSED] - Text 'Test-123' is set on object 'Object Repository/mobileSanity/HBI/Page_App Page 2/input__credit-card-first'

2019-12-10 08:21:16 - [TEST_STEP][PASSED] - setText(findTestObject("mobileSanity/HBI/Page_App Page 2/input__credit-card-last"), LastName): Text 'ZZ11-VsZuVaeU' is set on object 'Object Repository/mobileSanity/HBI/Page_App Page 2/input__credit-card-last'

2019-12-10 08:21:16 - [MESSAGE][PASSED] - Text 'ZZ11-VsZuVaeU' is set on object 'Object Repository/mobileSanity/HBI/Page_App Page 2/input__credit-card-last'

2019-12-10 08:21:16 - [TEST_STEP][PASSED] - selectOptionByValue(findTestObject("mobileSanity/HBI/Page_App Page 2/select_MM010203040506070809101"), "12", true): All options with value '12' are selected in object 'Object Repository/mobileSanity/HBI/Page_App Page 2/select_MM010203040506070809101'  using regular expression

2019-12-10 08:21:16 - [MESSAGE][PASSED] - All options with value '12' are selected in object 'Object Repository/mobileSanity/HBI/Page_App Page 2/select_MM010203040506070809101'  using regular expression

2019-12-10 08:21:16 - [TEST_STEP][PASSED] - selectOptionByValue(findTestObject("mobileSanity/HBI/Page_App Page 2/select_YYYY2019202020212022202"), "2026", true): All options with value '2026' are selected in object 'Object Repository/mobileSanity/HBI/Page_App Page 2/select_YYYY2019202020212022202'  using regular expression

2019-12-10 08:21:17 - [MESSAGE][PASSED] - All options with value '2026' are selected in object 'Object Repository/mobileSanity/HBI/Page_App Page 2/select_YYYY2019202020212022202'  using regular expression

2019-12-10 08:21:17 - [TEST_STEP][PASSED] - setText(findTestObject("mobileSanity/HBI/Page_App Page 2/input__credit-card-number"), "4111111111111111"): Text '4111111111111111' is set on object 'Object Repository/mobileSanity/HBI/Page_App Page 2/input__credit-card-number'

2019-12-10 08:21:17 - [MESSAGE][PASSED] - Text '4111111111111111' is set on object 'Object Repository/mobileSanity/HBI/Page_App Page 2/input__credit-card-number'

2019-12-10 08:21:17 - [TEST_STEP][PASSED] - setText(findTestObject("mobileSanity/HBI/Page_App Page 2/input__cvv"), "123"): Text '123' is set on object 'Object Repository/mobileSanity/HBI/Page_App Page 2/input__cvv'

2019-12-10 08:21:17 - [MESSAGE][PASSED] - Text '123' is set on object 'Object Repository/mobileSanity/HBI/Page_App Page 2/input__cvv'

2019-12-10 08:21:17 - [TEST_STEP][PASSED] - click(findTestObject("mobileSanity/HBI/Page_App Page 2/label_My billing address is th")): Object: 'Object Repository/mobileSanity/HBI/Page_App Page 2/label_My billing address is th' is clicked on

2019-12-10 08:21:17 - [MESSAGE][PASSED] - Object: 'Object Repository/mobileSanity/HBI/Page_App Page 2/label_My billing address is th' is clicked on

2019-12-10 08:21:17 - [TEST_STEP][PASSED] - click(findTestObject("mobileSanity/HBI/Page_App Page 2/label_I Accept Authorization f")): Object: 'Object Repository/mobileSanity/HBI/Page_App Page 2/label_I Accept Authorization f' is clicked on

2019-12-10 08:21:17 - [MESSAGE][PASSED] - Object: 'Object Repository/mobileSanity/HBI/Page_App Page 2/label_I Accept Authorization f' is clicked on

2019-12-10 08:21:17 - [TEST_STEP][PASSED] - click(findTestObject("mobileSanity/HBI/Page_App Page 2/a_Continue to Step 3 - Review")): Object: 'Object Repository/mobileSanity/HBI/Page_App Page 2/a_Continue to Step 3 - Review' is clicked on

2019-12-10 08:21:17 - [MESSAGE][PASSED] - Object: 'Object Repository/mobileSanity/HBI/Page_App Page 2/a_Continue to Step 3 - Review' is clicked on

2019-12-10 08:21:17 - [TEST_STEP][PASSED] - waitForPageLoad(20): Wait for page load successfully

2019-12-10 08:21:17 - [MESSAGE][PASSED] - Wait for page load successfully

2019-12-10 08:21:17 - [TEST_STEP][PASSED] - Thread.sleep(10000): null

2019-12-10 08:21:27 - [TEST_STEP][PASSED] - waitForElementPresent(findTestObject("mobileSanity/HBI/Page_App Page 3/label"), 20): Object 'Object Repository/mobileSanity/HBI/Page_App Page 3/label' is present

2019-12-10 08:21:27 - [MESSAGE][PASSED] - Object 'Object Repository/mobileSanity/HBI/Page_App Page 3/label' is present

2019-12-10 08:21:27 - [TEST_STEP][PASSED] - callTestCase(findTestCase("AHI/_include/get_screenshot"), [:], STOP_ON_FAILURE): Call Test Case 'Test Cases/AHI/_include/get_screenshot' successfully

2019-12-10 08:21:28 - [TEST_CASE][PASSED] - Test Cases/AHI/_include/get_screenshot: Test Cases/AHI/_include/get_screenshot

2019-12-10 08:21:28 - [TEST_STEP][PASSED] - takeScreenshot(screenPath + i + ".png"): Taking screenshot successfully

2019-12-10 08:21:28 - [MESSAGE][PASSED] - Taking screenshot successfully
[[ATTACHMENT|D:\\Test\\AgileTest\\Reports\\AHI\\hbi\\20191210_080033\\../Screenshots/iPhone 6/hbi/Health Choice/20191210_082028/8.png]]

2019-12-10 08:21:28 - [TEST_STEP][PASSED] - (internal.GlobalVariable.i++): null

2019-12-10 08:21:28 - [MESSAGE][PASSED] - Call Test Case 'Test Cases/AHI/_include/get_screenshot' successfully

2019-12-10 08:21:28 - [TEST_STEP][PASSED] - click(findTestObject("mobileSanity/HBI/Page_App Page 3/label")): Object: 'Object Repository/mobileSanity/HBI/Page_App Page 3/label' is clicked on

2019-12-10 08:21:28 - [MESSAGE][PASSED] - Object: 'Object Repository/mobileSanity/HBI/Page_App Page 3/label' is clicked on

2019-12-10 08:21:28 - [TEST_STEP][PASSED] - click(findTestObject("mobileSanity/HBI/Page_App Page 3/p_CLICK TO SIGN")): Object: 'Object Repository/mobileSanity/HBI/Page_App Page 3/p_CLICK TO SIGN' is clicked on

2019-12-10 08:21:28 - [MESSAGE][PASSED] - Object: 'Object Repository/mobileSanity/HBI/Page_App Page 3/p_CLICK TO SIGN' is clicked on

2019-12-10 08:21:28 - [TEST_STEP][PASSED] - click(findTestObject("mobileSanity/HBI/Page_App Page 3/a_Submit Your Application")): Object: 'Object Repository/mobileSanity/HBI/Page_App Page 3/a_Submit Your Application' is clicked on

2019-12-10 08:21:28 - [MESSAGE][PASSED] - Object: 'Object Repository/mobileSanity/HBI/Page_App Page 3/a_Submit Your Application' is clicked on

2019-12-10 08:21:28 - [TEST_STEP][PASSED] - Thread.sleep(30000): null

2019-12-10 08:21:58 - [TEST_STEP][PASSED] - callTestCase(findTestCase("AHI/_include/get_screenshot"), [:], STOP_ON_FAILURE): Call Test Case 'Test Cases/AHI/_include/get_screenshot' successfully

2019-12-10 08:21:58 - [TEST_CASE][PASSED] - Test Cases/AHI/_include/get_screenshot: Test Cases/AHI/_include/get_screenshot

2019-12-10 08:21:58 - [TEST_STEP][PASSED] - takeScreenshot(screenPath + i + ".png"): Taking screenshot successfully

2019-12-10 08:21:59 - [MESSAGE][PASSED] - Taking screenshot successfully
[[ATTACHMENT|D:\\Test\\AgileTest\\Reports\\AHI\\hbi\\20191210_080033\\../Screenshots/iPhone 6/hbi/Health Choice/20191210_082028/9.png]]

2019-12-10 08:21:59 - [TEST_STEP][PASSED] - (internal.GlobalVariable.i++): null

2019-12-10 08:21:59 - [MESSAGE][PASSED] - Call Test Case 'Test Cases/AHI/_include/get_screenshot' successfully

2019-12-10 08:21:59 - [TEST_STEP][PASSED] - verifyTextPresent("Congratulations", false): Text 'Congratulations' is present on page 

2019-12-10 08:22:03 - [MESSAGE][PASSED] - Text 'Congratulations' is present on page 

2019-12-10 08:22:03 - [MESSAGE][PASSED] - Call Test Case 'Test Cases/AHI/_include/goToEnd_hbi' successfully]]></system-out>
         <system-err><![CDATA[]]></system-err>
      </testcase>
      <testcase name="Test Cases/AHI/HBI/Vitala Care" classname="Test Cases/AHI/HBI/Vitala Care" status="PASSED">
         <system-out><![CDATA[2019-12-10 08:22:03 - [TEST_CASE][PASSED] - Test Cases/AHI/HBI/Vitala Care: Test Cases/AHI/HBI/Vitala Care

2019-12-10 08:22:03 - [TEST_STEP][PASSED] - callTestCase(findTestCase("AHI/_include/get_screenPath"), ["productLine":"hbi", "carrierName":"Vitala Care"], CONTINUE_ON_FAILURE): Call Test Case 'Test Cases/AHI/_include/get_screenPath' successfully

2019-12-10 08:22:03 - [TEST_CASE][PASSED] - Test Cases/AHI/_include/get_screenPath: Test Cases/AHI/_include/get_screenPath

2019-12-10 08:22:03 - [TEST_STEP][PASSED] - m = getExecutionProperties(): null

2019-12-10 08:22:03 - [TEST_STEP][PASSED] - deviceName = get("mobileEmulation").get("deviceName"): null

2019-12-10 08:22:03 - [TEST_STEP][PASSED] - println(deviceName): null

2019-12-10 08:22:03 - [TEST_STEP][PASSED] - now = new java.util.Date(): null

2019-12-10 08:22:03 - [TEST_STEP][PASSED] - mydate = now.format("yyyyMMdd_HHmmss"): null

2019-12-10 08:22:03 - [TEST_STEP][PASSED] - screenPath = "../Screenshots/": null

2019-12-10 08:22:03 - [TEST_STEP][PASSED] - screenPath = screenPath + deviceName + "/" + productLine + "/" + carrierName + "/" + mydate + "/": null

2019-12-10 08:22:03 - [TEST_STEP][PASSED] - println(screenPath): null

2019-12-10 08:22:03 - [MESSAGE][PASSED] - Call Test Case 'Test Cases/AHI/_include/get_screenPath' successfully

2019-12-10 08:22:03 - [TEST_STEP][PASSED] - i = 0: null

2019-12-10 08:22:03 - [TEST_STEP][PASSED] - callTestCase(findTestCase("AHI/_include/openWebSite"), [:], CONTINUE_ON_FAILURE): Call Test Case 'Test Cases/AHI/_include/openWebSite' successfully

2019-12-10 08:22:03 - [TEST_CASE][PASSED] - Test Cases/AHI/_include/openWebSite: Test Cases/AHI/_include/openWebSite

2019-12-10 08:22:03 - [TEST_STEP][PASSED] - openBrowser(env): Browser is opened with url: 'https://praetemptatus.agilehealthinsurance.com'

2019-12-10 08:22:03 - [MESSAGE][WARNING] - A browser is already opened. Closing browser and opening a new one

2019-12-10 08:22:05 - [MESSAGE][INFO] - Starting 'Chrome' driver

2019-12-10 08:22:05 - [MESSAGE][INFO] - User set preference: ['mobileEmulation', '{deviceName=iPhone 6}']

2019-12-10 08:22:05 - [MESSAGE][INFO] - User set preference: ['args', '[--incognito, --aggressive-cache-discard, --window-size=375,677, --no-sandbox]']

2019-12-10 08:22:08 - [MESSAGE][PASSED] - Browser is opened with url: 'https://praetemptatus.agilehealthinsurance.com'

2019-12-10 08:22:08 - [TEST_STEP][PASSED] - waitForPageLoad(20): Wait for page load successfully

2019-12-10 08:22:08 - [MESSAGE][PASSED] - Wait for page load successfully

2019-12-10 08:22:08 - [TEST_STEP][PASSED] - callTestCase(findTestCase("AHI/_include/get_screenshot"), [:], STOP_ON_FAILURE): Call Test Case 'Test Cases/AHI/_include/get_screenshot' successfully

2019-12-10 08:22:08 - [TEST_CASE][PASSED] - Test Cases/AHI/_include/get_screenshot: Test Cases/AHI/_include/get_screenshot

2019-12-10 08:22:08 - [TEST_STEP][PASSED] - takeScreenshot(screenPath + i + ".png"): Taking screenshot successfully

2019-12-10 08:22:10 - [MESSAGE][PASSED] - Taking screenshot successfully
[[ATTACHMENT|D:\\Test\\AgileTest\\Reports\\AHI\\hbi\\20191210_080033\\../Screenshots/iPhone 6/hbi/Vitala Care/20191210_082203/0.png]]

2019-12-10 08:22:10 - [TEST_STEP][PASSED] - (internal.GlobalVariable.i++): null

2019-12-10 08:22:10 - [MESSAGE][PASSED] - Call Test Case 'Test Cases/AHI/_include/get_screenshot' successfully

2019-12-10 08:22:10 - [MESSAGE][PASSED] - Call Test Case 'Test Cases/AHI/_include/openWebSite' successfully

2019-12-10 08:22:10 - [TEST_STEP][PASSED] - callTestCase(findTestCase("AHI/_include/census_hbi"), ["zipcode":"90011"], CONTINUE_ON_FAILURE): Call Test Case 'Test Cases/AHI/_include/census_hbi' successfully

2019-12-10 08:22:11 - [TEST_CASE][PASSED] - Test Cases/AHI/_include/census_hbi: Test Cases/AHI/_include/census_hbi

2019-12-10 08:22:11 - [TEST_STEP][PASSED] - click(findTestObject("mobileSanity/Common/side_nav/menu")): Object: 'Object Repository/mobileSanity/Common/side_nav/menu' is clicked on

2019-12-10 08:22:11 - [MESSAGE][PASSED] - Object: 'Object Repository/mobileSanity/Common/side_nav/menu' is clicked on

2019-12-10 08:22:11 - [TEST_STEP][PASSED] - Thread.sleep(3000): null

2019-12-10 08:22:14 - [TEST_STEP][PASSED] - callTestCase(findTestCase("AHI/_include/get_screenshot"), [:], STOP_ON_FAILURE): Call Test Case 'Test Cases/AHI/_include/get_screenshot' successfully

2019-12-10 08:22:14 - [TEST_CASE][PASSED] - Test Cases/AHI/_include/get_screenshot: Test Cases/AHI/_include/get_screenshot

2019-12-10 08:22:14 - [TEST_STEP][PASSED] - takeScreenshot(screenPath + i + ".png"): Taking screenshot successfully

2019-12-10 08:22:15 - [MESSAGE][PASSED] - Taking screenshot successfully
[[ATTACHMENT|D:\\Test\\AgileTest\\Reports\\AHI\\hbi\\20191210_080033\\../Screenshots/iPhone 6/hbi/Vitala Care/20191210_082203/1.png]]

2019-12-10 08:22:15 - [TEST_STEP][PASSED] - (internal.GlobalVariable.i++): null

2019-12-10 08:22:15 - [MESSAGE][PASSED] - Call Test Case 'Test Cases/AHI/_include/get_screenshot' successfully

2019-12-10 08:22:15 - [TEST_STEP][PASSED] - click(findTestObject("mobileSanity/Common/side_nav/nav_hbi")): Object: 'Object Repository/mobileSanity/Common/side_nav/nav_hbi' is clicked on

2019-12-10 08:22:16 - [MESSAGE][PASSED] - Object: 'Object Repository/mobileSanity/Common/side_nav/nav_hbi' is clicked on

2019-12-10 08:22:16 - [TEST_STEP][PASSED] - waitForPageLoad(10): Wait for page load successfully

2019-12-10 08:22:18 - [MESSAGE][PASSED] - Wait for page load successfully

2019-12-10 08:22:18 - [TEST_STEP][PASSED] - Thread.sleep(3000): null

2019-12-10 08:22:21 - [TEST_STEP][PASSED] - callTestCase(findTestCase("AHI/_include/get_screenshot"), [:], STOP_ON_FAILURE): Call Test Case 'Test Cases/AHI/_include/get_screenshot' successfully

2019-12-10 08:22:21 - [TEST_CASE][PASSED] - Test Cases/AHI/_include/get_screenshot: Test Cases/AHI/_include/get_screenshot

2019-12-10 08:22:21 - [TEST_STEP][PASSED] - takeScreenshot(screenPath + i + ".png"): Taking screenshot successfully

2019-12-10 08:22:23 - [MESSAGE][PASSED] - Taking screenshot successfully
[[ATTACHMENT|D:\\Test\\AgileTest\\Reports\\AHI\\hbi\\20191210_080033\\../Screenshots/iPhone 6/hbi/Vitala Care/20191210_082203/2.png]]

2019-12-10 08:22:23 - [TEST_STEP][PASSED] - (internal.GlobalVariable.i++): null

2019-12-10 08:22:23 - [MESSAGE][PASSED] - Call Test Case 'Test Cases/AHI/_include/get_screenshot' successfully

2019-12-10 08:22:23 - [TEST_STEP][PASSED] - setText(findTestObject("mobileSanity/HBI/census/input_Location_zip-input"), zipcode): Text '90011' is set on object 'Object Repository/mobileSanity/HBI/census/input_Location_zip-input'

2019-12-10 08:22:25 - [MESSAGE][PASSED] - Text '90011' is set on object 'Object Repository/mobileSanity/HBI/census/input_Location_zip-input'

2019-12-10 08:22:25 - [TEST_STEP][PASSED] - Thread.sleep(500): null

2019-12-10 08:22:26 - [TEST_STEP][PASSED] - setText(findTestObject("mobileSanity/HBI/census/input_Date of Birth_dob-0"), "12121980"): Text '12121980' is set on object 'Object Repository/mobileSanity/HBI/census/input_Date of Birth_dob-0'

2019-12-10 08:22:28 - [MESSAGE][PASSED] - Text '12121980' is set on object 'Object Repository/mobileSanity/HBI/census/input_Date of Birth_dob-0'

2019-12-10 08:22:28 - [TEST_STEP][PASSED] - click(findTestObject("mobileSanity/HBI/census/label_Male")): Object: 'Object Repository/mobileSanity/HBI/census/label_Male' is clicked on

2019-12-10 08:22:28 - [MESSAGE][PASSED] - Object: 'Object Repository/mobileSanity/HBI/census/label_Male' is clicked on

2019-12-10 08:22:28 - [TEST_STEP][PASSED] - click(findTestObject("mobileSanity/HBI/census/label_Get a Quote")): Object: 'Object Repository/mobileSanity/HBI/census/label_Get a Quote' is clicked on

2019-12-10 08:22:31 - [MESSAGE][PASSED] - Object: 'Object Repository/mobileSanity/HBI/census/label_Get a Quote' is clicked on

2019-12-10 08:22:31 - [TEST_STEP][PASSED] - waitForPageLoad(20): Wait for page load successfully

2019-12-10 08:22:31 - [MESSAGE][PASSED] - Wait for page load successfully

2019-12-10 08:22:31 - [TEST_STEP][PASSED] - Thread.sleep(3000): null

2019-12-10 08:22:34 - [TEST_STEP][PASSED] - callTestCase(findTestCase("AHI/_include/check_quoteleadform"), [:], STOP_ON_FAILURE): Call Test Case 'Test Cases/AHI/_include/check_quoteleadform' successfully

2019-12-10 08:22:35 - [TEST_CASE][PASSED] - Test Cases/AHI/_include/check_quoteleadform: Test Cases/AHI/_include/check_quoteleadform

2019-12-10 08:22:35 - [TEST_STEP][PASSED] - callTestCase(findTestCase("AHI/_include/name"), [:], CONTINUE_ON_FAILURE): Call Test Case 'Test Cases/AHI/_include/name' successfully

2019-12-10 08:22:35 - [TEST_CASE][PASSED] - Test Cases/AHI/_include/name: Test Cases/AHI/_include/name

2019-12-10 08:22:35 - [TEST_STEP][PASSED] - driver = getWebDriver(): null

2019-12-10 08:22:35 - [TEST_STEP][PASSED] - selenium = new com.thoughtworks.selenium.webdriven.WebDriverBackedSelenium(driver, internal.GlobalVariable.ENV): null

2019-12-10 08:22:35 - [TEST_STEP][PASSED] - FirstName = "Test-123": null

2019-12-10 08:22:35 - [TEST_STEP][PASSED] - LastName = selenium.getEval("{var x="ABCDEFGHIJKLMNOPQRSTUVWXYZabcdefghijklmnopqrstuvwxyz"; var tmp="ZZ11-"; for (i=0;i<8;i++) tmp+=x.charAt(Math.ceil(51*Math.random()));tmp;}"): null

2019-12-10 08:22:35 - [TEST_STEP][PASSED] - Address = selenium.getEval("{var x="ABCDEFGHIJKLMNOPQRSTUVWXYZabcdefghijklmnopqrstuvwxyz"; var tmp=""; for (i=0;i<8;i++) tmp+=x.charAt(Math.ceil(51*Math.random()));tmp;}"): null

2019-12-10 08:22:35 - [TEST_STEP][PASSED] - City = selenium.getEval("{var x="ABCDEFGHIJKLMNOPQRSTUVWXYZabcdefghijklmnopqrstuvwxyz"; var tmp=""; for (i=0;i<8;i++) tmp+=x.charAt(Math.ceil(51*Math.random()));tmp;}"): null

2019-12-10 08:22:35 - [TEST_STEP][PASSED] - tel1 = selenium.getEval("{var x="123456789"; var tmp=""; for (i=0;i<3;i++) tmp+=x.charAt(Math.ceil(8*Math.random()));tmp;}"): null

2019-12-10 08:22:35 - [TEST_STEP][PASSED] - tel2 = selenium.getEval("{var x="123456789"; var tmp=""; for (i=0;i<3;i++) tmp+=x.charAt(Math.ceil(8*Math.random()));tmp;}"): null

2019-12-10 08:22:35 - [TEST_STEP][PASSED] - tel3 = selenium.getEval("{var x="123456789"; var tmp=""; for (i=0;i<4;i++) tmp+=x.charAt(Math.ceil(8*Math.random()));tmp;}"): null

2019-12-10 08:22:35 - [TEST_STEP][PASSED] - Tel = selenium.getExpression(tel1 + "-" + tel2 + "-" + tel3): null

2019-12-10 08:22:35 - [TEST_STEP][PASSED] - AutoEmail = selenium.getEval("{var x="ABCDEFGHIJKLMNOPQRSTUVWXYZabcdefghijklmnopqrstuvwxyz"; var tmp="test."; for (i=0;i<8;i++) tmp+=x.charAt(Math.ceil(51*Math.random()));tmp+="@suryani.cn";}"): null

2019-12-10 08:22:35 - [TEST_STEP][PASSED] - FirstName = FirstName: null

2019-12-10 08:22:35 - [TEST_STEP][PASSED] - LastName = LastName: null

2019-12-10 08:22:35 - [TEST_STEP][PASSED] - Address = Address: null

2019-12-10 08:22:35 - [TEST_STEP][PASSED] - City = City: null

2019-12-10 08:22:35 - [TEST_STEP][PASSED] - Tel = Tel: null

2019-12-10 08:22:35 - [TEST_STEP][PASSED] - AutoEmail = AutoEmail: null

2019-12-10 08:22:35 - [TEST_STEP][PASSED] - println(FirstName): null

2019-12-10 08:22:35 - [TEST_STEP][PASSED] - println(LastName): null

2019-12-10 08:22:35 - [TEST_STEP][PASSED] - println(Address): null

2019-12-10 08:22:35 - [TEST_STEP][PASSED] - println(City): null

2019-12-10 08:22:35 - [TEST_STEP][PASSED] - println(Tel): null

2019-12-10 08:22:35 - [TEST_STEP][PASSED] - println(AutoEmail): null

2019-12-10 08:22:35 - [MESSAGE][PASSED] - Call Test Case 'Test Cases/AHI/_include/name' successfully

2019-12-10 08:22:35 - [TEST_STEP][PASSED] - leadform_exist = test.MobileKeywords.isElementPresent_Web(findTestObject("mobileSanity/quote lead form/lead_form"), 20): test.MobileKeywords.isElementPresent_Web is PASSED

2019-12-10 08:22:35 - [MESSAGE][PASSED] - test.MobileKeywords.isElementPresent_Web is PASSED

2019-12-10 08:22:35 - [TEST_STEP][PASSED] - if (leadform_exist): null

2019-12-10 08:22:35 - [TEST_STEP][PASSED] - setText(findTestObject("mobileSanity/quote lead form/first"), FirstName): Text 'Test-123' is set on object 'Object Repository/mobileSanity/quote lead form/first'

2019-12-10 08:22:36 - [MESSAGE][PASSED] - Text 'Test-123' is set on object 'Object Repository/mobileSanity/quote lead form/first'

2019-12-10 08:22:36 - [TEST_STEP][PASSED] - setText(findTestObject("mobileSanity/quote lead form/last"), LastName): Text 'ZZ11-EPmIGMuI' is set on object 'Object Repository/mobileSanity/quote lead form/last'

2019-12-10 08:22:36 - [MESSAGE][PASSED] - Text 'ZZ11-EPmIGMuI' is set on object 'Object Repository/mobileSanity/quote lead form/last'

2019-12-10 08:22:36 - [TEST_STEP][PASSED] - setText(findTestObject("mobileSanity/quote lead form/email"), AutoEmail): Text 'test.EvJTwmIY@suryani.cn' is set on object 'Object Repository/mobileSanity/quote lead form/email'

2019-12-10 08:22:38 - [MESSAGE][PASSED] - Text 'test.EvJTwmIY@suryani.cn' is set on object 'Object Repository/mobileSanity/quote lead form/email'

2019-12-10 08:22:38 - [TEST_STEP][PASSED] - setText(findTestObject("mobileSanity/quote lead form/phone"), Tel): Text '554-659-9944' is set on object 'Object Repository/mobileSanity/quote lead form/phone'

2019-12-10 08:22:38 - [MESSAGE][PASSED] - Text '554-659-9944' is set on object 'Object Repository/mobileSanity/quote lead form/phone'

2019-12-10 08:22:38 - [TEST_STEP][PASSED] - click(findTestObject("mobileSanity/quote lead form/submit")): Object: 'Object Repository/mobileSanity/quote lead form/submit' is clicked on

2019-12-10 08:22:39 - [MESSAGE][PASSED] - Object: 'Object Repository/mobileSanity/quote lead form/submit' is clicked on

2019-12-10 08:22:39 - [TEST_STEP][PASSED] - Thread.sleep(3000): null

2019-12-10 08:22:42 - [MESSAGE][PASSED] - Call Test Case 'Test Cases/AHI/_include/check_quoteleadform' successfully

2019-12-10 08:22:42 - [TEST_STEP][PASSED] - callTestCase(findTestCase("AHI/_include/get_screenshot"), [:], STOP_ON_FAILURE): Call Test Case 'Test Cases/AHI/_include/get_screenshot' successfully

2019-12-10 08:22:42 - [TEST_CASE][PASSED] - Test Cases/AHI/_include/get_screenshot: Test Cases/AHI/_include/get_screenshot

2019-12-10 08:22:42 - [TEST_STEP][PASSED] - takeScreenshot(screenPath + i + ".png"): Taking screenshot successfully

2019-12-10 08:22:42 - [MESSAGE][PASSED] - Taking screenshot successfully
[[ATTACHMENT|D:\\Test\\AgileTest\\Reports\\AHI\\hbi\\20191210_080033\\../Screenshots/iPhone 6/hbi/Vitala Care/20191210_082203/3.png]]

2019-12-10 08:22:42 - [TEST_STEP][PASSED] - (internal.GlobalVariable.i++): null

2019-12-10 08:22:42 - [MESSAGE][PASSED] - Call Test Case 'Test Cases/AHI/_include/get_screenshot' successfully

2019-12-10 08:22:42 - [MESSAGE][PASSED] - Call Test Case 'Test Cases/AHI/_include/census_hbi' successfully

2019-12-10 08:22:42 - [TEST_STEP][PASSED] - Thread.sleep(5000): null

2019-12-10 08:22:47 - [TEST_STEP][PASSED] - scrollToPosition(200, 2300): Browser is scrolled to position x = 200, y = 2300

2019-12-10 08:22:47 - [MESSAGE][PASSED] - Browser is scrolled to position x = 200, y = 2300

2019-12-10 08:22:47 - [TEST_STEP][PASSED] - click(findTestObject("mobileSanity/HBI/quote/a_Vitala Care")): Object: 'Object Repository/mobileSanity/HBI/quote/a_Vitala Care' is clicked on

2019-12-10 08:22:48 - [MESSAGE][PASSED] - Object: 'Object Repository/mobileSanity/HBI/quote/a_Vitala Care' is clicked on

2019-12-10 08:22:48 - [TEST_STEP][PASSED] - waitForPageLoad(20): Wait for page load successfully

2019-12-10 08:22:49 - [MESSAGE][PASSED] - Wait for page load successfully

2019-12-10 08:22:49 - [TEST_STEP][PASSED] - callTestCase(findTestCase("AHI/_include/get_screenshot"), [:], STOP_ON_FAILURE): Call Test Case 'Test Cases/AHI/_include/get_screenshot' successfully

2019-12-10 08:22:49 - [TEST_CASE][PASSED] - Test Cases/AHI/_include/get_screenshot: Test Cases/AHI/_include/get_screenshot

2019-12-10 08:22:49 - [TEST_STEP][PASSED] - takeScreenshot(screenPath + i + ".png"): Taking screenshot successfully

2019-12-10 08:22:49 - [MESSAGE][PASSED] - Taking screenshot successfully
[[ATTACHMENT|D:\\Test\\AgileTest\\Reports\\AHI\\hbi\\20191210_080033\\../Screenshots/iPhone 6/hbi/Vitala Care/20191210_082203/4.png]]

2019-12-10 08:22:49 - [TEST_STEP][PASSED] - (internal.GlobalVariable.i++): null

2019-12-10 08:22:49 - [MESSAGE][PASSED] - Call Test Case 'Test Cases/AHI/_include/get_screenshot' successfully

2019-12-10 08:22:49 - [TEST_STEP][PASSED] - click(findTestObject("mobileSanity/HBI/detail/a_Apply for This Plan")): Object: 'Object Repository/mobileSanity/HBI/detail/a_Apply for This Plan' is clicked on

2019-12-10 08:22:50 - [MESSAGE][PASSED] - Object: 'Object Repository/mobileSanity/HBI/detail/a_Apply for This Plan' is clicked on

2019-12-10 08:22:50 - [TEST_STEP][PASSED] - waitForPageLoad(20): Wait for page load successfully

2019-12-10 08:22:50 - [MESSAGE][PASSED] - Wait for page load successfully

2019-12-10 08:22:50 - [TEST_STEP][PASSED] - callTestCase(findTestCase("AHI/_include/get_screenshot"), [:], STOP_ON_FAILURE): Call Test Case 'Test Cases/AHI/_include/get_screenshot' successfully

2019-12-10 08:22:50 - [TEST_CASE][PASSED] - Test Cases/AHI/_include/get_screenshot: Test Cases/AHI/_include/get_screenshot

2019-12-10 08:22:50 - [TEST_STEP][PASSED] - takeScreenshot(screenPath + i + ".png"): Taking screenshot successfully

2019-12-10 08:22:51 - [MESSAGE][PASSED] - Taking screenshot successfully
[[ATTACHMENT|D:\\Test\\AgileTest\\Reports\\AHI\\hbi\\20191210_080033\\../Screenshots/iPhone 6/hbi/Vitala Care/20191210_082203/5.png]]

2019-12-10 08:22:51 - [TEST_STEP][PASSED] - (internal.GlobalVariable.i++): null

2019-12-10 08:22:51 - [MESSAGE][PASSED] - Call Test Case 'Test Cases/AHI/_include/get_screenshot' successfully

2019-12-10 08:22:51 - [TEST_STEP][PASSED] - click(findTestObject("mobileSanity/HBI/Page_Apply/span_Start Secure Application")): Object: 'Object Repository/mobileSanity/HBI/Page_Apply/span_Start Secure Application' is clicked on

2019-12-10 08:22:52 - [MESSAGE][PASSED] - Object: 'Object Repository/mobileSanity/HBI/Page_Apply/span_Start Secure Application' is clicked on

2019-12-10 08:22:52 - [TEST_STEP][PASSED] - waitForPageLoad(20): Wait for page load successfully

2019-12-10 08:22:52 - [MESSAGE][PASSED] - Wait for page load successfully

2019-12-10 08:22:52 - [TEST_STEP][PASSED] - Thread.sleep(5000): null

2019-12-10 08:22:57 - [TEST_STEP][PASSED] - callTestCase(findTestCase("AHI/_include/get_screenshot"), [:], STOP_ON_FAILURE): Call Test Case 'Test Cases/AHI/_include/get_screenshot' successfully

2019-12-10 08:22:57 - [TEST_CASE][PASSED] - Test Cases/AHI/_include/get_screenshot: Test Cases/AHI/_include/get_screenshot

2019-12-10 08:22:57 - [TEST_STEP][PASSED] - takeScreenshot(screenPath + i + ".png"): Taking screenshot successfully

2019-12-10 08:22:57 - [MESSAGE][PASSED] - Taking screenshot successfully
[[ATTACHMENT|D:\\Test\\AgileTest\\Reports\\AHI\\hbi\\20191210_080033\\../Screenshots/iPhone 6/hbi/Vitala Care/20191210_082203/6.png]]

2019-12-10 08:22:57 - [TEST_STEP][PASSED] - (internal.GlobalVariable.i++): null

2019-12-10 08:22:57 - [MESSAGE][PASSED] - Call Test Case 'Test Cases/AHI/_include/get_screenshot' successfully

2019-12-10 08:22:57 - [TEST_STEP][PASSED] - callTestCase(findTestCase("AHI/_include/goToEnd_hbi"), ["state":"ca", "carrier":"vitalacare"], CONTINUE_ON_FAILURE): Call Test Case 'Test Cases/AHI/_include/goToEnd_hbi' successfully

2019-12-10 08:22:57 - [TEST_CASE][PASSED] - Test Cases/AHI/_include/goToEnd_hbi: Test Cases/AHI/_include/goToEnd_hbi

2019-12-10 08:22:57 - [TEST_STEP][PASSED] - if (state == "ca"): Call Test Case 'Test Cases/AHI/_include/get_screenshot' successfully

2019-12-10 08:22:57 - [TEST_STEP][PASSED] - Thread.sleep(3000): null

2019-12-10 08:23:00 - [TEST_STEP][PASSED] - click(findTestObject("mobileSanity/HBI/Page_App Page 1/yes_question_1")): Object: 'Object Repository/mobileSanity/HBI/Page_App Page 1/yes_question_1' is clicked on

2019-12-10 08:23:01 - [MESSAGE][PASSED] - Object: 'Object Repository/mobileSanity/HBI/Page_App Page 1/yes_question_1' is clicked on

2019-12-10 08:23:01 - [TEST_STEP][PASSED] - click(findTestObject("mobileSanity/HBI/Page_App Page 1/continue_to_app_info")): Object: 'Object Repository/mobileSanity/HBI/Page_App Page 1/continue_to_app_info' is clicked on

2019-12-10 08:23:01 - [MESSAGE][PASSED] - Object: 'Object Repository/mobileSanity/HBI/Page_App Page 1/continue_to_app_info' is clicked on

2019-12-10 08:23:01 - [TEST_STEP][PASSED] - waitForPageLoad(20): Wait for page load successfully

2019-12-10 08:23:01 - [MESSAGE][PASSED] - Wait for page load successfully

2019-12-10 08:23:01 - [TEST_STEP][PASSED] - Thread.sleep(3000): null

2019-12-10 08:23:04 - [TEST_STEP][PASSED] - callTestCase(findTestCase("AHI/_include/get_screenshot"), [:], STOP_ON_FAILURE): Call Test Case 'Test Cases/AHI/_include/get_screenshot' successfully

2019-12-10 08:23:04 - [TEST_CASE][PASSED] - Test Cases/AHI/_include/get_screenshot: Test Cases/AHI/_include/get_screenshot

2019-12-10 08:23:04 - [TEST_STEP][PASSED] - takeScreenshot(screenPath + i + ".png"): Taking screenshot successfully

2019-12-10 08:23:04 - [MESSAGE][PASSED] - Taking screenshot successfully
[[ATTACHMENT|D:\\Test\\AgileTest\\Reports\\AHI\\hbi\\20191210_080033\\../Screenshots/iPhone 6/hbi/Vitala Care/20191210_082203/7.png]]

2019-12-10 08:23:04 - [TEST_STEP][PASSED] - (internal.GlobalVariable.i++): null

2019-12-10 08:23:04 - [MESSAGE][PASSED] - Call Test Case 'Test Cases/AHI/_include/get_screenshot' successfully

2019-12-10 08:23:04 - [TEST_STEP][PASSED] - callTestCase(findTestCase("AHI/_include/name"), [:], CONTINUE_ON_FAILURE): Call Test Case 'Test Cases/AHI/_include/name' successfully

2019-12-10 08:23:04 - [TEST_CASE][PASSED] - Test Cases/AHI/_include/name: Test Cases/AHI/_include/name

2019-12-10 08:23:04 - [TEST_STEP][PASSED] - driver = getWebDriver(): null

2019-12-10 08:23:04 - [TEST_STEP][PASSED] - selenium = new com.thoughtworks.selenium.webdriven.WebDriverBackedSelenium(driver, internal.GlobalVariable.ENV): null

2019-12-10 08:23:04 - [TEST_STEP][PASSED] - FirstName = "Test-123": null

2019-12-10 08:23:04 - [TEST_STEP][PASSED] - LastName = selenium.getEval("{var x="ABCDEFGHIJKLMNOPQRSTUVWXYZabcdefghijklmnopqrstuvwxyz"; var tmp="ZZ11-"; for (i=0;i<8;i++) tmp+=x.charAt(Math.ceil(51*Math.random()));tmp;}"): null

2019-12-10 08:23:04 - [TEST_STEP][PASSED] - Address = selenium.getEval("{var x="ABCDEFGHIJKLMNOPQRSTUVWXYZabcdefghijklmnopqrstuvwxyz"; var tmp=""; for (i=0;i<8;i++) tmp+=x.charAt(Math.ceil(51*Math.random()));tmp;}"): null

2019-12-10 08:23:04 - [TEST_STEP][PASSED] - City = selenium.getEval("{var x="ABCDEFGHIJKLMNOPQRSTUVWXYZabcdefghijklmnopqrstuvwxyz"; var tmp=""; for (i=0;i<8;i++) tmp+=x.charAt(Math.ceil(51*Math.random()));tmp;}"): null

2019-12-10 08:23:04 - [TEST_STEP][PASSED] - tel1 = selenium.getEval("{var x="123456789"; var tmp=""; for (i=0;i<3;i++) tmp+=x.charAt(Math.ceil(8*Math.random()));tmp;}"): null

2019-12-10 08:23:04 - [TEST_STEP][PASSED] - tel2 = selenium.getEval("{var x="123456789"; var tmp=""; for (i=0;i<3;i++) tmp+=x.charAt(Math.ceil(8*Math.random()));tmp;}"): null

2019-12-10 08:23:04 - [TEST_STEP][PASSED] - tel3 = selenium.getEval("{var x="123456789"; var tmp=""; for (i=0;i<4;i++) tmp+=x.charAt(Math.ceil(8*Math.random()));tmp;}"): null

2019-12-10 08:23:04 - [TEST_STEP][PASSED] - Tel = selenium.getExpression(tel1 + "-" + tel2 + "-" + tel3): null

2019-12-10 08:23:04 - [TEST_STEP][PASSED] - AutoEmail = selenium.getEval("{var x="ABCDEFGHIJKLMNOPQRSTUVWXYZabcdefghijklmnopqrstuvwxyz"; var tmp="test."; for (i=0;i<8;i++) tmp+=x.charAt(Math.ceil(51*Math.random()));tmp+="@suryani.cn";}"): null

2019-12-10 08:23:04 - [TEST_STEP][PASSED] - FirstName = FirstName: null

2019-12-10 08:23:04 - [TEST_STEP][PASSED] - LastName = LastName: null

2019-12-10 08:23:04 - [TEST_STEP][PASSED] - Address = Address: null

2019-12-10 08:23:04 - [TEST_STEP][PASSED] - City = City: null

2019-12-10 08:23:04 - [TEST_STEP][PASSED] - Tel = Tel: null

2019-12-10 08:23:04 - [TEST_STEP][PASSED] - AutoEmail = AutoEmail: null

2019-12-10 08:23:04 - [TEST_STEP][PASSED] - println(FirstName): null

2019-12-10 08:23:04 - [TEST_STEP][PASSED] - println(LastName): null

2019-12-10 08:23:04 - [TEST_STEP][PASSED] - println(Address): null

2019-12-10 08:23:04 - [TEST_STEP][PASSED] - println(City): null

2019-12-10 08:23:04 - [TEST_STEP][PASSED] - println(Tel): null

2019-12-10 08:23:04 - [TEST_STEP][PASSED] - println(AutoEmail): null

2019-12-10 08:23:04 - [MESSAGE][PASSED] - Call Test Case 'Test Cases/AHI/_include/name' successfully

2019-12-10 08:23:04 - [TEST_STEP][PASSED] - setText(findTestObject("mobileSanity/HBI/Page_App Page 1/input__member-P-1-firstName"), FirstName): Text 'Test-123' is set on object 'Object Repository/mobileSanity/HBI/Page_App Page 1/input__member-P-1-firstName'

2019-12-10 08:23:04 - [MESSAGE][PASSED] - Text 'Test-123' is set on object 'Object Repository/mobileSanity/HBI/Page_App Page 1/input__member-P-1-firstName'

2019-12-10 08:23:04 - [TEST_STEP][PASSED] - setText(findTestObject("mobileSanity/HBI/Page_App Page 1/input__member-P-1-lastName"), LastName): Text 'ZZ11-wlvSyCKX' is set on object 'Object Repository/mobileSanity/HBI/Page_App Page 1/input__member-P-1-lastName'

2019-12-10 08:23:05 - [MESSAGE][PASSED] - Text 'ZZ11-wlvSyCKX' is set on object 'Object Repository/mobileSanity/HBI/Page_App Page 1/input__member-P-1-lastName'

2019-12-10 08:23:05 - [TEST_STEP][PASSED] - if (carrier == "agileone" || carrier == "agilesecure"): null

2019-12-10 08:23:05 - [TEST_STEP][PASSED] - setText(findTestObject("mobileSanity/HBI/Page_App Page 1/input__address"), Address): Text 'HzBHGsfY' is set on object 'Object Repository/mobileSanity/HBI/Page_App Page 1/input__address'

2019-12-10 08:23:05 - [MESSAGE][PASSED] - Text 'HzBHGsfY' is set on object 'Object Repository/mobileSanity/HBI/Page_App Page 1/input__address'

2019-12-10 08:23:05 - [TEST_STEP][PASSED] - setText(findTestObject("mobileSanity/HBI/Page_App Page 1/input__city"), City): Text 'olSbqlbi' is set on object 'Object Repository/mobileSanity/HBI/Page_App Page 1/input__city'

2019-12-10 08:23:05 - [MESSAGE][PASSED] - Text 'olSbqlbi' is set on object 'Object Repository/mobileSanity/HBI/Page_App Page 1/input__city'

2019-12-10 08:23:05 - [TEST_STEP][PASSED] - setText(findTestObject("mobileSanity/HBI/Page_App Page 1/input__email"), AutoEmail): Text 'test.OVcQYcin@suryani.cn' is set on object 'Object Repository/mobileSanity/HBI/Page_App Page 1/input__email'

2019-12-10 08:23:05 - [MESSAGE][PASSED] - Text 'test.OVcQYcin@suryani.cn' is set on object 'Object Repository/mobileSanity/HBI/Page_App Page 1/input__email'

2019-12-10 08:23:05 - [TEST_STEP][PASSED] - setText(findTestObject("mobileSanity/HBI/Page_App Page 1/input_tel"), Tel): Text '583-886-5845' is set on object 'Object Repository/mobileSanity/HBI/Page_App Page 1/input_tel'

2019-12-10 08:23:05 - [MESSAGE][PASSED] - Text '583-886-5845' is set on object 'Object Repository/mobileSanity/HBI/Page_App Page 1/input_tel'

2019-12-10 08:23:05 - [TEST_STEP][PASSED] - Thread.sleep(5000): null

2019-12-10 08:23:10 - [TEST_STEP][PASSED] - click(findTestObject("mobileSanity/HBI/Page_App Page 1/a_Continue to Step 2 - Payment")): Object: 'Object Repository/mobileSanity/HBI/Page_App Page 1/a_Continue to Step 2 - Payment' is clicked on

2019-12-10 08:23:11 - [MESSAGE][PASSED] - Object: 'Object Repository/mobileSanity/HBI/Page_App Page 1/a_Continue to Step 2 - Payment' is clicked on

2019-12-10 08:23:11 - [TEST_STEP][PASSED] - waitForPageLoad(20): Wait for page load successfully

2019-12-10 08:23:11 - [MESSAGE][PASSED] - Wait for page load successfully

2019-12-10 08:23:11 - [TEST_STEP][PASSED] - Thread.sleep(2000): null

2019-12-10 08:23:13 - [TEST_STEP][PASSED] - waitForElementVisible(findTestObject("mobileSanity/HBI/Page_App Page 2/input__credit-card-first"), 20): Object 'Object Repository/mobileSanity/HBI/Page_App Page 2/input__credit-card-first' is visible

2019-12-10 08:23:13 - [MESSAGE][PASSED] - Object 'Object Repository/mobileSanity/HBI/Page_App Page 2/input__credit-card-first' is visible

2019-12-10 08:23:13 - [TEST_STEP][PASSED] - callTestCase(findTestCase("AHI/_include/get_screenshot"), [:], STOP_ON_FAILURE): Call Test Case 'Test Cases/AHI/_include/get_screenshot' successfully

2019-12-10 08:23:13 - [TEST_CASE][PASSED] - Test Cases/AHI/_include/get_screenshot: Test Cases/AHI/_include/get_screenshot

2019-12-10 08:23:13 - [TEST_STEP][PASSED] - takeScreenshot(screenPath + i + ".png"): Taking screenshot successfully

2019-12-10 08:23:13 - [MESSAGE][PASSED] - Taking screenshot successfully
[[ATTACHMENT|D:\\Test\\AgileTest\\Reports\\AHI\\hbi\\20191210_080033\\../Screenshots/iPhone 6/hbi/Vitala Care/20191210_082203/8.png]]

2019-12-10 08:23:13 - [TEST_STEP][PASSED] - (internal.GlobalVariable.i++): null

2019-12-10 08:23:13 - [MESSAGE][PASSED] - Call Test Case 'Test Cases/AHI/_include/get_screenshot' successfully

2019-12-10 08:23:13 - [TEST_STEP][PASSED] - setText(findTestObject("mobileSanity/HBI/Page_App Page 2/input__credit-card-first"), FirstName): Text 'Test-123' is set on object 'Object Repository/mobileSanity/HBI/Page_App Page 2/input__credit-card-first'

2019-12-10 08:23:13 - [MESSAGE][PASSED] - Text 'Test-123' is set on object 'Object Repository/mobileSanity/HBI/Page_App Page 2/input__credit-card-first'

2019-12-10 08:23:13 - [TEST_STEP][PASSED] - setText(findTestObject("mobileSanity/HBI/Page_App Page 2/input__credit-card-last"), LastName): Text 'ZZ11-wlvSyCKX' is set on object 'Object Repository/mobileSanity/HBI/Page_App Page 2/input__credit-card-last'

2019-12-10 08:23:14 - [MESSAGE][PASSED] - Text 'ZZ11-wlvSyCKX' is set on object 'Object Repository/mobileSanity/HBI/Page_App Page 2/input__credit-card-last'

2019-12-10 08:23:14 - [TEST_STEP][PASSED] - selectOptionByValue(findTestObject("mobileSanity/HBI/Page_App Page 2/select_MM010203040506070809101"), "12", true): All options with value '12' are selected in object 'Object Repository/mobileSanity/HBI/Page_App Page 2/select_MM010203040506070809101'  using regular expression

2019-12-10 08:23:14 - [MESSAGE][PASSED] - All options with value '12' are selected in object 'Object Repository/mobileSanity/HBI/Page_App Page 2/select_MM010203040506070809101'  using regular expression

2019-12-10 08:23:14 - [TEST_STEP][PASSED] - selectOptionByValue(findTestObject("mobileSanity/HBI/Page_App Page 2/select_YYYY2019202020212022202"), "2026", true): All options with value '2026' are selected in object 'Object Repository/mobileSanity/HBI/Page_App Page 2/select_YYYY2019202020212022202'  using regular expression

2019-12-10 08:23:14 - [MESSAGE][PASSED] - All options with value '2026' are selected in object 'Object Repository/mobileSanity/HBI/Page_App Page 2/select_YYYY2019202020212022202'  using regular expression

2019-12-10 08:23:14 - [TEST_STEP][PASSED] - setText(findTestObject("mobileSanity/HBI/Page_App Page 2/input__credit-card-number"), "4111111111111111"): Text '4111111111111111' is set on object 'Object Repository/mobileSanity/HBI/Page_App Page 2/input__credit-card-number'

2019-12-10 08:23:14 - [MESSAGE][PASSED] - Text '4111111111111111' is set on object 'Object Repository/mobileSanity/HBI/Page_App Page 2/input__credit-card-number'

2019-12-10 08:23:14 - [TEST_STEP][PASSED] - setText(findTestObject("mobileSanity/HBI/Page_App Page 2/input__cvv"), "123"): Text '123' is set on object 'Object Repository/mobileSanity/HBI/Page_App Page 2/input__cvv'

2019-12-10 08:23:14 - [MESSAGE][PASSED] - Text '123' is set on object 'Object Repository/mobileSanity/HBI/Page_App Page 2/input__cvv'

2019-12-10 08:23:14 - [TEST_STEP][PASSED] - click(findTestObject("mobileSanity/HBI/Page_App Page 2/label_My billing address is th")): Object: 'Object Repository/mobileSanity/HBI/Page_App Page 2/label_My billing address is th' is clicked on

2019-12-10 08:23:14 - [MESSAGE][PASSED] - Object: 'Object Repository/mobileSanity/HBI/Page_App Page 2/label_My billing address is th' is clicked on

2019-12-10 08:23:14 - [TEST_STEP][PASSED] - click(findTestObject("mobileSanity/HBI/Page_App Page 2/label_I Accept Authorization f")): Object: 'Object Repository/mobileSanity/HBI/Page_App Page 2/label_I Accept Authorization f' is clicked on

2019-12-10 08:23:15 - [MESSAGE][PASSED] - Object: 'Object Repository/mobileSanity/HBI/Page_App Page 2/label_I Accept Authorization f' is clicked on

2019-12-10 08:23:15 - [TEST_STEP][PASSED] - click(findTestObject("mobileSanity/HBI/Page_App Page 2/a_Continue to Step 3 - Review")): Object: 'Object Repository/mobileSanity/HBI/Page_App Page 2/a_Continue to Step 3 - Review' is clicked on

2019-12-10 08:23:15 - [MESSAGE][PASSED] - Object: 'Object Repository/mobileSanity/HBI/Page_App Page 2/a_Continue to Step 3 - Review' is clicked on

2019-12-10 08:23:15 - [TEST_STEP][PASSED] - waitForPageLoad(20): Wait for page load successfully

2019-12-10 08:23:15 - [MESSAGE][PASSED] - Wait for page load successfully

2019-12-10 08:23:15 - [TEST_STEP][PASSED] - Thread.sleep(10000): null

2019-12-10 08:23:25 - [TEST_STEP][PASSED] - waitForElementPresent(findTestObject("mobileSanity/HBI/Page_App Page 3/label"), 20): Object 'Object Repository/mobileSanity/HBI/Page_App Page 3/label' is present

2019-12-10 08:23:25 - [MESSAGE][PASSED] - Object 'Object Repository/mobileSanity/HBI/Page_App Page 3/label' is present

2019-12-10 08:23:25 - [TEST_STEP][PASSED] - callTestCase(findTestCase("AHI/_include/get_screenshot"), [:], STOP_ON_FAILURE): Call Test Case 'Test Cases/AHI/_include/get_screenshot' successfully

2019-12-10 08:23:25 - [TEST_CASE][PASSED] - Test Cases/AHI/_include/get_screenshot: Test Cases/AHI/_include/get_screenshot

2019-12-10 08:23:25 - [TEST_STEP][PASSED] - takeScreenshot(screenPath + i + ".png"): Taking screenshot successfully

2019-12-10 08:23:26 - [MESSAGE][PASSED] - Taking screenshot successfully
[[ATTACHMENT|D:\\Test\\AgileTest\\Reports\\AHI\\hbi\\20191210_080033\\../Screenshots/iPhone 6/hbi/Vitala Care/20191210_082203/9.png]]

2019-12-10 08:23:26 - [TEST_STEP][PASSED] - (internal.GlobalVariable.i++): null

2019-12-10 08:23:26 - [MESSAGE][PASSED] - Call Test Case 'Test Cases/AHI/_include/get_screenshot' successfully

2019-12-10 08:23:26 - [TEST_STEP][PASSED] - click(findTestObject("mobileSanity/HBI/Page_App Page 3/label")): Object: 'Object Repository/mobileSanity/HBI/Page_App Page 3/label' is clicked on

2019-12-10 08:23:26 - [MESSAGE][PASSED] - Object: 'Object Repository/mobileSanity/HBI/Page_App Page 3/label' is clicked on

2019-12-10 08:23:26 - [TEST_STEP][PASSED] - click(findTestObject("mobileSanity/HBI/Page_App Page 3/p_CLICK TO SIGN")): Object: 'Object Repository/mobileSanity/HBI/Page_App Page 3/p_CLICK TO SIGN' is clicked on

2019-12-10 08:23:26 - [MESSAGE][PASSED] - Object: 'Object Repository/mobileSanity/HBI/Page_App Page 3/p_CLICK TO SIGN' is clicked on

2019-12-10 08:23:26 - [TEST_STEP][PASSED] - click(findTestObject("mobileSanity/HBI/Page_App Page 3/a_Submit Your Application")): Object: 'Object Repository/mobileSanity/HBI/Page_App Page 3/a_Submit Your Application' is clicked on

2019-12-10 08:23:26 - [MESSAGE][PASSED] - Object: 'Object Repository/mobileSanity/HBI/Page_App Page 3/a_Submit Your Application' is clicked on

2019-12-10 08:23:26 - [TEST_STEP][PASSED] - Thread.sleep(30000): null

2019-12-10 08:23:56 - [TEST_STEP][PASSED] - callTestCase(findTestCase("AHI/_include/get_screenshot"), [:], STOP_ON_FAILURE): Call Test Case 'Test Cases/AHI/_include/get_screenshot' successfully

2019-12-10 08:23:56 - [TEST_CASE][PASSED] - Test Cases/AHI/_include/get_screenshot: Test Cases/AHI/_include/get_screenshot

2019-12-10 08:23:56 - [TEST_STEP][PASSED] - takeScreenshot(screenPath + i + ".png"): Taking screenshot successfully

2019-12-10 08:23:57 - [MESSAGE][PASSED] - Taking screenshot successfully
[[ATTACHMENT|D:\\Test\\AgileTest\\Reports\\AHI\\hbi\\20191210_080033\\../Screenshots/iPhone 6/hbi/Vitala Care/20191210_082203/10.png]]

2019-12-10 08:23:57 - [TEST_STEP][PASSED] - (internal.GlobalVariable.i++): null

2019-12-10 08:23:57 - [MESSAGE][PASSED] - Call Test Case 'Test Cases/AHI/_include/get_screenshot' successfully

2019-12-10 08:23:57 - [TEST_STEP][PASSED] - verifyTextPresent("Congratulations", false): Text 'Congratulations' is present on page 

2019-12-10 08:23:57 - [MESSAGE][PASSED] - Text 'Congratulations' is present on page 

2019-12-10 08:23:57 - [MESSAGE][PASSED] - Call Test Case 'Test Cases/AHI/_include/goToEnd_hbi' successfully]]></system-out>
         <system-err><![CDATA[]]></system-err>
      </testcase>
      <system-out><![CDATA[2019-12-10 08:10:24 - [TEST_SUITE][PASSED] - hbi: Test Cases/AHI/HBI/Vitala Care]]></system-out>
      <system-err><![CDATA[]]></system-err>
   </testsuite>
</testsuites>
