<?xml version="1.0" encoding="UTF-8"?>
<testsuites name="mobileSanity" time="123" tests="0" failures="1" errors="0">
   <testsuite name="mobileSanity" tests="0" failures="1" errors="0" time="123" timestamp="2019-01-09 16:42:45" hostname="denisyu - 172.16.86.34" id="Test Suites/mobileWeb/mobileSanity">
      <properties>
         <property name="deviceName" value="iPhone X"/>
         <property name="devicePlatform" value=""/>
         <property name="logFolder" value="/Users/denisyu/workplace/test/AgileTest/Reports/mobileWeb/mobileSanity/20190109_164229"/>
         <property name="logFiles" value="/Users/denisyu/workplace/test/AgileTest/Reports/mobileWeb/mobileSanity/20190109_164229/execution0.log, /Users/denisyu/workplace/test/AgileTest/Reports/mobileWeb/mobileSanity/20190109_164229/appium.log, /Users/denisyu/workplace/test/AgileTest/Reports/mobileWeb/mobileSanity/20190109_164229/appium-proxy-server.log"/>
         <property name="attachments" value=""/>
         <property name="hostName" value="denisyu - 172.16.86.34"/>
         <property name="os" value="Mac OS X 64bit"/>
         <property name="katalonVersion" value="5.10.0.1"/>
         <property name="deviceOS" value="iOS"/>
         <property name="appiumVersion" value="1.8.1"/>
         <property name="sessionId" value="27d1272a-8c05-490d-932a-b0bc548d07bf"/>
         <property name="deviceId" value="null"/>
         <property name="deviceName" value="iPhone X"/>
         <property name="proxyInformation" value="ProxyInformation{proxyOption=USE_SYSTEM, proxyServerType=HTTP, password=, proxyServerAddress=, proxyServerPort=0}"/>
         <property name="deviceOSVersion" value="12.1"/>
         <property name="platform" value="Mac OS X"/>
         <property name="browser" value="Safari 12"/>
         <property name="deviceModel" value="Not available for Simulator"/>
         <property name="hostAddress" value="172.16.86.34"/>
         <property name="deviceManufacturer" value="Apple"/>
         <property name="seleniumVersion" value="3.7.1"/>
      </properties>
      <testcase name="Test Cases/mobileWeb/stm/Slaico" classname="Test Cases/mobileWeb/stm/Slaico" status="FAILED">
         <failure type="FAILED" message="Test Cases/mobileWeb/stm/Slaico FAILED.
Reason:
com.kms.katalon.core.exception.StepFailedException: Unable to click on object (Root cause: java.lang.IllegalArgumentException: Object is null)
	at com.kms.katalon.core.keyword.internal.KeywordMain.stepFailed(KeywordMain.groovy:36)
	at com.kms.katalon.core.webui.keyword.internal.WebUIKeywordMain.stepFailed(WebUIKeywordMain.groovy:65)
	at com.kms.katalon.core.webui.keyword.internal.WebUIKeywordMain.runKeyword(WebUIKeywordMain.groovy:27)
	at com.kms.katalon.core.webui.keyword.builtin.ClickKeyword.click(ClickKeyword.groovy:86)
	at com.kms.katalon.core.webui.keyword.builtin.ClickKeyword.execute(ClickKeyword.groovy:67)
	at com.kms.katalon.core.keyword.internal.KeywordExecutor.executeKeywordForPlatform(KeywordExecutor.groovy:53)
	at com.kms.katalon.core.webui.keyword.WebUiBuiltInKeywords.click(WebUiBuiltInKeywords.groovy:616)
	at com.kms.katalon.core.webui.keyword.WebUiBuiltInKeywords$click$1.call(Unknown Source)
	at Slaico.run(Slaico:59)
	at com.kms.katalon.core.main.ScriptEngine.run(ScriptEngine.java:194)
	at com.kms.katalon.core.main.ScriptEngine.runScriptAsRawText(ScriptEngine.java:119)
	at com.kms.katalon.core.main.TestCaseExecutor.runScript(TestCaseExecutor.java:328)
	at com.kms.katalon.core.main.TestCaseExecutor.doExecute(TestCaseExecutor.java:319)
	at com.kms.katalon.core.main.TestCaseExecutor.processExecutionPhase(TestCaseExecutor.java:298)
	at com.kms.katalon.core.main.TestCaseExecutor.accessMainPhase(TestCaseExecutor.java:290)
	at com.kms.katalon.core.main.TestCaseExecutor.execute(TestCaseExecutor.java:224)
	at com.kms.katalon.core.main.TestSuiteExecutor.accessTestCaseMainPhase(TestSuiteExecutor.java:129)
	at com.kms.katalon.core.main.TestSuiteExecutor.accessTestSuiteMainPhase(TestSuiteExecutor.java:112)
	at com.kms.katalon.core.main.TestSuiteExecutor.execute(TestSuiteExecutor.java:81)
	at com.kms.katalon.core.main.TestCaseMain.startTestSuite(TestCaseMain.java:149)
	at com.kms.katalon.core.main.TestCaseMain$startTestSuite$0.call(Unknown Source)
	at TempTestSuite1547023359680.run(TempTestSuite1547023359680.groovy:36)
"/>
         <system-out><![CDATA[2019-01-09 16:42:45 - [TEST_CASE][FAILED] - Test Cases/mobileWeb/stm/Slaico: Test Cases/mobileWeb/stm/Slaico FAILED.
Reason:
com.kms.katalon.core.exception.StepFailedException: Unable to click on object (Root cause: java.lang.IllegalArgumentException: Object is null)
	at com.kms.katalon.core.keyword.internal.KeywordMain.stepFailed(KeywordMain.groovy:36)
	at com.kms.katalon.core.webui.keyword.internal.WebUIKeywordMain.stepFailed(WebUIKeywordMain.groovy:65)
	at com.kms.katalon.core.webui.keyword.internal.WebUIKeywordMain.runKeyword(WebUIKeywordMain.groovy:27)
	at com.kms.katalon.core.webui.keyword.builtin.ClickKeyword.click(ClickKeyword.groovy:86)
	at com.kms.katalon.core.webui.keyword.builtin.ClickKeyword.execute(ClickKeyword.groovy:67)
	at com.kms.katalon.core.keyword.internal.KeywordExecutor.executeKeywordForPlatform(KeywordExecutor.groovy:53)
	at com.kms.katalon.core.webui.keyword.WebUiBuiltInKeywords.click(WebUiBuiltInKeywords.groovy:616)
	at com.kms.katalon.core.webui.keyword.WebUiBuiltInKeywords$click$1.call(Unknown Source)
	at Slaico.run(Slaico:59)
	at com.kms.katalon.core.main.ScriptEngine.run(ScriptEngine.java:194)
	at com.kms.katalon.core.main.ScriptEngine.runScriptAsRawText(ScriptEngine.java:119)
	at com.kms.katalon.core.main.TestCaseExecutor.runScript(TestCaseExecutor.java:328)
	at com.kms.katalon.core.main.TestCaseExecutor.doExecute(TestCaseExecutor.java:319)
	at com.kms.katalon.core.main.TestCaseExecutor.processExecutionPhase(TestCaseExecutor.java:298)
	at com.kms.katalon.core.main.TestCaseExecutor.accessMainPhase(TestCaseExecutor.java:290)
	at com.kms.katalon.core.main.TestCaseExecutor.execute(TestCaseExecutor.java:224)
	at com.kms.katalon.core.main.TestSuiteExecutor.accessTestCaseMainPhase(TestSuiteExecutor.java:129)
	at com.kms.katalon.core.main.TestSuiteExecutor.accessTestSuiteMainPhase(TestSuiteExecutor.java:112)
	at com.kms.katalon.core.main.TestSuiteExecutor.execute(TestSuiteExecutor.java:81)
	at com.kms.katalon.core.main.TestCaseMain.startTestSuite(TestCaseMain.java:149)
	at com.kms.katalon.core.main.TestCaseMain$startTestSuite$0.call(Unknown Source)
	at TempTestSuite1547023359680.run(TempTestSuite1547023359680.groovy:36)


2019-01-09 16:42:47 - [TEST_STEP][PASSED] - openBrowser(""): Browser is opened with url: ''

2019-01-09 16:42:47 - [MESSAGE][INFO] - Starting 'iOS' driver

2019-01-09 16:42:47 - [MESSAGE][INFO] - User set preference: ['deviceId', '']

2019-01-09 16:42:48 - [MESSAGE][INFO] - ios_webkit_debug_proxy server started on port 49202

2019-01-09 16:42:54 - [MESSAGE][INFO] - Appium server started on port 49,204

2019-01-09 16:44:08 - [MESSAGE][PASSED] - Browser is opened with url: ''

2019-01-09 16:44:08 - [TEST_STEP][PASSED] - navigateToUrl("https://praetemptatus.agilehealthinsurance.com/"): Navigate to 'https://praetemptatus.agilehealthinsurance.com/' successfully

2019-01-09 16:44:16 - [MESSAGE][PASSED] - Navigate to 'https://praetemptatus.agilehealthinsurance.com/' successfully

2019-01-09 16:44:16 - [TEST_STEP][PASSED] - click(findTestObject("Object Repository/mobileSanity/STM/Page_Find Health Insurance for 2018/a_Quote  Save Today")): Object: 'Object Repository/mobileSanity/STM/Page_Find Health Insurance for 2018/a_Quote  Save Today' is clicked on

2019-01-09 16:44:20 - [MESSAGE][PASSED] - Object: 'Object Repository/mobileSanity/STM/Page_Find Health Insurance for 2018/a_Quote  Save Today' is clicked on

2019-01-09 16:44:20 - [TEST_STEP][PASSED] - setText(findTestObject("Object Repository/mobileSanity/STM/Page_2018 Health Insurance Get a Sh/input_Location_zip-input"), "60602"): Text '60602' is set on object 'Object Repository/mobileSanity/STM/Page_2018 Health Insurance Get a Sh/input_Location_zip-input'

2019-01-09 16:44:27 - [MESSAGE][PASSED] - Text '60602' is set on object 'Object Repository/mobileSanity/STM/Page_2018 Health Insurance Get a Sh/input_Location_zip-input'

2019-01-09 16:44:27 - [TEST_STEP][PASSED] - setText(findTestObject("Object Repository/mobileSanity/STM/Page_2018 Health Insurance Get a Sh/input_Date of Birth_dob-0"), "03/03/1987"): Text '03/03/1987' is set on object 'Object Repository/mobileSanity/STM/Page_2018 Health Insurance Get a Sh/input_Date of Birth_dob-0'

2019-01-09 16:44:32 - [MESSAGE][PASSED] - Text '03/03/1987' is set on object 'Object Repository/mobileSanity/STM/Page_2018 Health Insurance Get a Sh/input_Date of Birth_dob-0'

2019-01-09 16:44:32 - [TEST_STEP][PASSED] - click(findTestObject("Object Repository/mobileSanity/STM/Page_2018 Health Insurance Get a Sh/label_Male")): Object: 'Object Repository/mobileSanity/STM/Page_2018 Health Insurance Get a Sh/label_Male' is clicked on

2019-01-09 16:44:33 - [MESSAGE][PASSED] - Object: 'Object Repository/mobileSanity/STM/Page_2018 Health Insurance Get a Sh/label_Male' is clicked on

2019-01-09 16:44:33 - [TEST_STEP][PASSED] - click(findTestObject("Object Repository/mobileSanity/STM/Page_2018 Health Insurance Get a Sh/label_Compare Plans")): Object: 'Object Repository/mobileSanity/STM/Page_2018 Health Insurance Get a Sh/label_Compare Plans' is clicked on

2019-01-09 16:44:33 - [MESSAGE][PASSED] - Object: 'Object Repository/mobileSanity/STM/Page_2018 Health Insurance Get a Sh/label_Compare Plans' is clicked on

2019-01-09 16:44:33 - [TEST_STEP][PASSED] - Thread.sleep(4000): null

2019-01-09 16:44:38 - [TEST_STEP][PASSED] - scrollToElement(findTestObject("mobileSanity/STM/Page_Short Term Health Insurance Qu/a_Standard Life Select STM Pla"), 1000): Scroll to object 'Object Repository/mobileSanity/STM/Page_Short Term Health Insurance Qu/a_Standard Life Select STM Pla' successfully

2019-01-09 16:44:38 - [MESSAGE][PASSED] - Scroll to object 'Object Repository/mobileSanity/STM/Page_Short Term Health Insurance Qu/a_Standard Life Select STM Pla' successfully

2019-01-09 16:44:38 - [TEST_STEP][PASSED] - click(findTestObject("Object Repository/mobileSanity/STM/Page_Short Term Health Insurance Qu/a_Standard Life Select STM Pla")): Object: 'Object Repository/mobileSanity/STM/Page_Short Term Health Insurance Qu/a_Standard Life Select STM Pla' is clicked on

2019-01-09 16:44:39 - [MESSAGE][PASSED] - Object: 'Object Repository/mobileSanity/STM/Page_Short Term Health Insurance Qu/a_Standard Life Select STM Pla' is clicked on

2019-01-09 16:44:39 - [TEST_STEP][PASSED] - Thread.sleep(2000): null

2019-01-09 16:44:41 - [TEST_STEP][PASSED] - waitForElementVisible(findTestObject("Object Repository/mobileSanity/STM/Page_Standard Life Select STM Plan/a_Apply for This Plan"), 0): Object 'Object Repository/mobileSanity/STM/Page_Standard Life Select STM Plan/a_Apply for This Plan' is visible

2019-01-09 16:44:41 - [MESSAGE][WARNING] - Timeout '0' is invalid. Using default page load timeout: '60'

2019-01-09 16:44:41 - [MESSAGE][PASSED] - Object 'Object Repository/mobileSanity/STM/Page_Standard Life Select STM Plan/a_Apply for This Plan' is visible

2019-01-09 16:44:41 - [TEST_STEP][PASSED] - click(findTestObject("Object Repository/mobileSanity/STM/Page_Standard Life Select STM Plan/a_Apply for This Plan")): Object: 'Object Repository/mobileSanity/STM/Page_Standard Life Select STM Plan/a_Apply for This Plan' is clicked on

2019-01-09 16:44:42 - [MESSAGE][PASSED] - Object: 'Object Repository/mobileSanity/STM/Page_Standard Life Select STM Plan/a_Apply for This Plan' is clicked on

2019-01-09 16:44:42 - [TEST_STEP][PASSED] - waitForElementVisible(findTestObject("Object Repository/mobileSanity/STM/Page_Standard Life Select STM Plan/a_Start Secure Application"), 0): Object 'Object Repository/mobileSanity/STM/Page_Standard Life Select STM Plan/a_Start Secure Application' is visible

2019-01-09 16:44:42 - [MESSAGE][WARNING] - Timeout '0' is invalid. Using default page load timeout: '60'

2019-01-09 16:44:44 - [MESSAGE][PASSED] - Object 'Object Repository/mobileSanity/STM/Page_Standard Life Select STM Plan/a_Start Secure Application' is visible

2019-01-09 16:44:44 - [TEST_STEP][FAILED] - click(findTestObject("Object Repository/mobileSanity/STM/Page_Standard Life Select STM Plan/a_Start Secure Application")): click(findTestObject("Object Repository/mobileSanity/STM/Page_Standard Life Select STM Plan/a_Start Secure Application")) FAILED.
Reason:
com.kms.katalon.core.exception.StepFailedException: Unable to click on object (Root cause: java.lang.IllegalArgumentException: Object is null)
	at com.kms.katalon.core.keyword.internal.KeywordMain.stepFailed(KeywordMain.groovy:36)
	at com.kms.katalon.core.webui.keyword.internal.WebUIKeywordMain.stepFailed(WebUIKeywordMain.groovy:65)
	at com.kms.katalon.core.webui.keyword.internal.WebUIKeywordMain.runKeyword(WebUIKeywordMain.groovy:27)
	at com.kms.katalon.core.webui.keyword.builtin.ClickKeyword.click(ClickKeyword.groovy:86)
	at com.kms.katalon.core.webui.keyword.builtin.ClickKeyword.execute(ClickKeyword.groovy:67)
	at com.kms.katalon.core.keyword.internal.KeywordExecutor.executeKeywordForPlatform(KeywordExecutor.groovy:53)
	at com.kms.katalon.core.webui.keyword.WebUiBuiltInKeywords.click(WebUiBuiltInKeywords.groovy:616)
	at com.kms.katalon.core.webui.keyword.WebUiBuiltInKeywords$click$1.call(Unknown Source)
	at Slaico.run(Slaico:59)
	at com.kms.katalon.core.main.ScriptEngine.run(ScriptEngine.java:194)
	at com.kms.katalon.core.main.ScriptEngine.runScriptAsRawText(ScriptEngine.java:119)
	at com.kms.katalon.core.main.TestCaseExecutor.runScript(TestCaseExecutor.java:328)
	at com.kms.katalon.core.main.TestCaseExecutor.doExecute(TestCaseExecutor.java:319)
	at com.kms.katalon.core.main.TestCaseExecutor.processExecutionPhase(TestCaseExecutor.java:298)
	at com.kms.katalon.core.main.TestCaseExecutor.accessMainPhase(TestCaseExecutor.java:290)
	at com.kms.katalon.core.main.TestCaseExecutor.execute(TestCaseExecutor.java:224)
	at com.kms.katalon.core.main.TestSuiteExecutor.accessTestCaseMainPhase(TestSuiteExecutor.java:129)
	at com.kms.katalon.core.main.TestSuiteExecutor.accessTestSuiteMainPhase(TestSuiteExecutor.java:112)
	at com.kms.katalon.core.main.TestSuiteExecutor.execute(TestSuiteExecutor.java:81)
	at com.kms.katalon.core.main.TestCaseMain.startTestSuite(TestCaseMain.java:149)
	at com.kms.katalon.core.main.TestCaseMain$startTestSuite$0.call(Unknown Source)
	at TempTestSuite1547023359680.run(TempTestSuite1547023359680.groovy:36)


2019-01-09 16:44:44 - [MESSAGE][WARNING] - Cannot find test object with id 'Object Repository/mobileSanity/STM/Page_Standard Life Select STM Plan/a_Start Secure Application' because of 'org.dom4j.DocumentException: /Users/denisyu/workplace/test/AgileTest/Object Repository/mobileSanity/STM/Page_Standard Life Select STM Plan/a_Start Secure Application.rs (Too many open files in system) Nested exception: /Users/denisyu/workplace/test/AgileTest/Object Repository/mobileSanity/STM/Page_Standard Life Select STM Plan/a_Start Secure Application.rs (Too many open files in system)'

2019-01-09 16:44:44 - [MESSAGE][WARNING] - Test object with id 'Object Repository/' does not exist

2019-01-09 16:44:44 - [MESSAGE][WARNING] - Cannot take screenshot

2019-01-09 16:44:44 - [MESSAGE][FAILED] - Unable to click on object (Root cause: java.lang.IllegalArgumentException: Object is null)

2019-01-09 16:44:44 - [MESSAGE][FAILED] - click(findTestObject("Object Repository/mobileSanity/STM/Page_Standard Life Select STM Plan/a_Start Secure Application")) FAILED.
Reason:
com.kms.katalon.core.exception.StepFailedException: Unable to click on object (Root cause: java.lang.IllegalArgumentException: Object is null)
	at com.kms.katalon.core.keyword.internal.KeywordMain.stepFailed(KeywordMain.groovy:36)
	at com.kms.katalon.core.webui.keyword.internal.WebUIKeywordMain.stepFailed(WebUIKeywordMain.groovy:65)
	at com.kms.katalon.core.webui.keyword.internal.WebUIKeywordMain.runKeyword(WebUIKeywordMain.groovy:27)
	at com.kms.katalon.core.webui.keyword.builtin.ClickKeyword.click(ClickKeyword.groovy:86)
	at com.kms.katalon.core.webui.keyword.builtin.ClickKeyword.execute(ClickKeyword.groovy:67)
	at com.kms.katalon.core.keyword.internal.KeywordExecutor.executeKeywordForPlatform(KeywordExecutor.groovy:53)
	at com.kms.katalon.core.webui.keyword.WebUiBuiltInKeywords.click(WebUiBuiltInKeywords.groovy:616)
	at com.kms.katalon.core.webui.keyword.WebUiBuiltInKeywords$click$1.call(Unknown Source)
	at Slaico.run(Slaico:59)
	at com.kms.katalon.core.main.ScriptEngine.run(ScriptEngine.java:194)
	at com.kms.katalon.core.main.ScriptEngine.runScriptAsRawText(ScriptEngine.java:119)
	at com.kms.katalon.core.main.TestCaseExecutor.runScript(TestCaseExecutor.java:328)
	at com.kms.katalon.core.main.TestCaseExecutor.doExecute(TestCaseExecutor.java:319)
	at com.kms.katalon.core.main.TestCaseExecutor.processExecutionPhase(TestCaseExecutor.java:298)
	at com.kms.katalon.core.main.TestCaseExecutor.accessMainPhase(TestCaseExecutor.java:290)
	at com.kms.katalon.core.main.TestCaseExecutor.execute(TestCaseExecutor.java:224)
	at com.kms.katalon.core.main.TestSuiteExecutor.accessTestCaseMainPhase(TestSuiteExecutor.java:129)
	at com.kms.katalon.core.main.TestSuiteExecutor.accessTestSuiteMainPhase(TestSuiteExecutor.java:112)
	at com.kms.katalon.core.main.TestSuiteExecutor.execute(TestSuiteExecutor.java:81)
	at com.kms.katalon.core.main.TestCaseMain.startTestSuite(TestCaseMain.java:149)
	at com.kms.katalon.core.main.TestCaseMain$startTestSuite$0.call(Unknown Source)
	at TempTestSuite1547023359680.run(TempTestSuite1547023359680.groovy:36)]]></system-out>
         <system-err><![CDATA[2019-01-09 16:42:45 - [TEST_CASE][FAILED] - Test Cases/mobileWeb/stm/Slaico: Test Cases/mobileWeb/stm/Slaico FAILED.
Reason:
com.kms.katalon.core.exception.StepFailedException: Unable to click on object (Root cause: java.lang.IllegalArgumentException: Object is null)
	at com.kms.katalon.core.keyword.internal.KeywordMain.stepFailed(KeywordMain.groovy:36)
	at com.kms.katalon.core.webui.keyword.internal.WebUIKeywordMain.stepFailed(WebUIKeywordMain.groovy:65)
	at com.kms.katalon.core.webui.keyword.internal.WebUIKeywordMain.runKeyword(WebUIKeywordMain.groovy:27)
	at com.kms.katalon.core.webui.keyword.builtin.ClickKeyword.click(ClickKeyword.groovy:86)
	at com.kms.katalon.core.webui.keyword.builtin.ClickKeyword.execute(ClickKeyword.groovy:67)
	at com.kms.katalon.core.keyword.internal.KeywordExecutor.executeKeywordForPlatform(KeywordExecutor.groovy:53)
	at com.kms.katalon.core.webui.keyword.WebUiBuiltInKeywords.click(WebUiBuiltInKeywords.groovy:616)
	at com.kms.katalon.core.webui.keyword.WebUiBuiltInKeywords$click$1.call(Unknown Source)
	at Slaico.run(Slaico:59)
	at com.kms.katalon.core.main.ScriptEngine.run(ScriptEngine.java:194)
	at com.kms.katalon.core.main.ScriptEngine.runScriptAsRawText(ScriptEngine.java:119)
	at com.kms.katalon.core.main.TestCaseExecutor.runScript(TestCaseExecutor.java:328)
	at com.kms.katalon.core.main.TestCaseExecutor.doExecute(TestCaseExecutor.java:319)
	at com.kms.katalon.core.main.TestCaseExecutor.processExecutionPhase(TestCaseExecutor.java:298)
	at com.kms.katalon.core.main.TestCaseExecutor.accessMainPhase(TestCaseExecutor.java:290)
	at com.kms.katalon.core.main.TestCaseExecutor.execute(TestCaseExecutor.java:224)
	at com.kms.katalon.core.main.TestSuiteExecutor.accessTestCaseMainPhase(TestSuiteExecutor.java:129)
	at com.kms.katalon.core.main.TestSuiteExecutor.accessTestSuiteMainPhase(TestSuiteExecutor.java:112)
	at com.kms.katalon.core.main.TestSuiteExecutor.execute(TestSuiteExecutor.java:81)
	at com.kms.katalon.core.main.TestCaseMain.startTestSuite(TestCaseMain.java:149)
	at com.kms.katalon.core.main.TestCaseMain$startTestSuite$0.call(Unknown Source)
	at TempTestSuite1547023359680.run(TempTestSuite1547023359680.groovy:36)]]></system-err>
      </testcase>
      <system-out><![CDATA[2019-01-09 16:42:45 - [TEST_SUITE][FAILED] - mobileSanity: Test Cases/mobileWeb/stm/Slaico FAILED.
Reason:
com.kms.katalon.core.exception.StepFailedException: Unable to click on object (Root cause: java.lang.IllegalArgumentException: Object is null)
	at com.kms.katalon.core.keyword.internal.KeywordMain.stepFailed(KeywordMain.groovy:36)
	at com.kms.katalon.core.webui.keyword.internal.WebUIKeywordMain.stepFailed(WebUIKeywordMain.groovy:65)
	at com.kms.katalon.core.webui.keyword.internal.WebUIKeywordMain.runKeyword(WebUIKeywordMain.groovy:27)
	at com.kms.katalon.core.webui.keyword.builtin.ClickKeyword.click(ClickKeyword.groovy:86)
	at com.kms.katalon.core.webui.keyword.builtin.ClickKeyword.execute(ClickKeyword.groovy:67)
	at com.kms.katalon.core.keyword.internal.KeywordExecutor.executeKeywordForPlatform(KeywordExecutor.groovy:53)
	at com.kms.katalon.core.webui.keyword.WebUiBuiltInKeywords.click(WebUiBuiltInKeywords.groovy:616)
	at com.kms.katalon.core.webui.keyword.WebUiBuiltInKeywords$click$1.call(Unknown Source)
	at Slaico.run(Slaico:59)
	at com.kms.katalon.core.main.ScriptEngine.run(ScriptEngine.java:194)
	at com.kms.katalon.core.main.ScriptEngine.runScriptAsRawText(ScriptEngine.java:119)
	at com.kms.katalon.core.main.TestCaseExecutor.runScript(TestCaseExecutor.java:328)
	at com.kms.katalon.core.main.TestCaseExecutor.doExecute(TestCaseExecutor.java:319)
	at com.kms.katalon.core.main.TestCaseExecutor.processExecutionPhase(TestCaseExecutor.java:298)
	at com.kms.katalon.core.main.TestCaseExecutor.accessMainPhase(TestCaseExecutor.java:290)
	at com.kms.katalon.core.main.TestCaseExecutor.execute(TestCaseExecutor.java:224)
	at com.kms.katalon.core.main.TestSuiteExecutor.accessTestCaseMainPhase(TestSuiteExecutor.java:129)
	at com.kms.katalon.core.main.TestSuiteExecutor.accessTestSuiteMainPhase(TestSuiteExecutor.java:112)
	at com.kms.katalon.core.main.TestSuiteExecutor.execute(TestSuiteExecutor.java:81)
	at com.kms.katalon.core.main.TestCaseMain.startTestSuite(TestCaseMain.java:149)
	at com.kms.katalon.core.main.TestCaseMain$startTestSuite$0.call(Unknown Source)
	at TempTestSuite1547023359680.run(TempTestSuite1547023359680.groovy:36)]]></system-out>
      <system-err><![CDATA[2019-01-09 16:42:45 - [TEST_SUITE][FAILED] - mobileSanity: Test Cases/mobileWeb/stm/Slaico FAILED.
Reason:
com.kms.katalon.core.exception.StepFailedException: Unable to click on object (Root cause: java.lang.IllegalArgumentException: Object is null)
	at com.kms.katalon.core.keyword.internal.KeywordMain.stepFailed(KeywordMain.groovy:36)
	at com.kms.katalon.core.webui.keyword.internal.WebUIKeywordMain.stepFailed(WebUIKeywordMain.groovy:65)
	at com.kms.katalon.core.webui.keyword.internal.WebUIKeywordMain.runKeyword(WebUIKeywordMain.groovy:27)
	at com.kms.katalon.core.webui.keyword.builtin.ClickKeyword.click(ClickKeyword.groovy:86)
	at com.kms.katalon.core.webui.keyword.builtin.ClickKeyword.execute(ClickKeyword.groovy:67)
	at com.kms.katalon.core.keyword.internal.KeywordExecutor.executeKeywordForPlatform(KeywordExecutor.groovy:53)
	at com.kms.katalon.core.webui.keyword.WebUiBuiltInKeywords.click(WebUiBuiltInKeywords.groovy:616)
	at com.kms.katalon.core.webui.keyword.WebUiBuiltInKeywords$click$1.call(Unknown Source)
	at Slaico.run(Slaico:59)
	at com.kms.katalon.core.main.ScriptEngine.run(ScriptEngine.java:194)
	at com.kms.katalon.core.main.ScriptEngine.runScriptAsRawText(ScriptEngine.java:119)
	at com.kms.katalon.core.main.TestCaseExecutor.runScript(TestCaseExecutor.java:328)
	at com.kms.katalon.core.main.TestCaseExecutor.doExecute(TestCaseExecutor.java:319)
	at com.kms.katalon.core.main.TestCaseExecutor.processExecutionPhase(TestCaseExecutor.java:298)
	at com.kms.katalon.core.main.TestCaseExecutor.accessMainPhase(TestCaseExecutor.java:290)
	at com.kms.katalon.core.main.TestCaseExecutor.execute(TestCaseExecutor.java:224)
	at com.kms.katalon.core.main.TestSuiteExecutor.accessTestCaseMainPhase(TestSuiteExecutor.java:129)
	at com.kms.katalon.core.main.TestSuiteExecutor.accessTestSuiteMainPhase(TestSuiteExecutor.java:112)
	at com.kms.katalon.core.main.TestSuiteExecutor.execute(TestSuiteExecutor.java:81)
	at com.kms.katalon.core.main.TestCaseMain.startTestSuite(TestCaseMain.java:149)
	at com.kms.katalon.core.main.TestCaseMain$startTestSuite$0.call(Unknown Source)
	at TempTestSuite1547023359680.run(TempTestSuite1547023359680.groovy:36)]]></system-err>
   </testsuite>
</testsuites>
