<?xml version="1.0" encoding="UTF-8" standalone="yes"?>
<testsuites name="asegumed" time="99" tests="0" failures="1" errors="0">
    <testsuite name="asegumed" tests="0" failures="1" errors="0" time="99" timestamp="2019-12-06 16:34:50" hostname="sofee.yu - windows10.microdone.cn" id="Test Suites/AseguMed/asegumed">
        <properties>
            <property name="deviceName" value=""/>
            <property name="devicePlatform" value=""/>
            <property name="logFolder" value="D:\\Test\\AgileTest\\AgileTest\\Reports\\AseguMed\\asegumed\\20191206_163426"/>
            <property name="logFiles" value="D:\\Test\\AgileTest\\AgileTest\\Reports\\AseguMed\\asegumed\\20191206_163426\\execution0.log"/>
            <property name="attachments" value="D:\\Test\\AgileTest\\AgileTest\\Reports\\AseguMed\\asegumed\\20191206_163426\\../Screenshots/iPhone 6/AseguMed/Legion/20191206_163452/0.png, D:\\Test\\AgileTest\\AgileTest\\Reports\\AseguMed\\asegumed\\20191206_163426\\../Screenshots/iPhone 6/AseguMed/Legion/20191206_163452/1.png, D:\\Test\\AgileTest\\AgileTest\\Reports\\AseguMed\\asegumed\\20191206_163426\\../Screenshots/iPhone 6/AseguMed/Legion/20191206_163452/2.png, D:\\Test\\AgileTest\\AgileTest\\Reports\\AseguMed\\asegumed\\20191206_163426\\../Screenshots/iPhone 6/AseguMed/Legion/20191206_163452/3.png, D:\\Test\\AgileTest\\AgileTest\\Reports\\AseguMed\\asegumed\\20191206_163426\\../Screenshots/iPhone 6/AseguMed/Legion/20191206_163452/4.png, D:\\Test\\AgileTest\\AgileTest\\Reports\\AseguMed\\asegumed\\20191206_163426\\../Screenshots/iPhone 6/AseguMed/Legion/20191206_163452/5.png, D:\\Test\\AgileTest\\AgileTest\\Reports\\AseguMed\\asegumed\\20191206_163426\\../Screenshots/iPhone 6/AseguMed/Legion/20191206_163452/6.png, D:\\Test\\AgileTest\\AgileTest\\Reports\\AseguMed\\asegumed\\20191206_163426\\../Screenshots/iPhone 6/AseguMed/Legion/20191206_163452/7.png, D:\\Test\\AgileTest\\AgileTest\\Reports\\AseguMed\\asegumed\\20191206_163426\\1575621388439.png"/>
            <property name="hostName" value="sofee.yu - windows10.microdone.cn"/>
            <property name="os" value="Windows 7 64bit"/>
            <property name="katalonVersion" value="6.2.2.4"/>
            <property name="browser" value="Safari 11"/>
            <property name="hostAddress" value="172.16.86.47"/>
            <property name="sessionId" value="d9246c25cc4e41fff19426fdc8fad10b"/>
            <property name="seleniumVersion" value="3.141.59"/>
            <property name="proxyInformation" value="ProxyInformation{proxyOption=NO_PROXY, proxyServerType=HTTP, password=, proxyServerAddress=, proxyServerPort=0}"/>
            <property name="platform" value="Windows 7"/>
        </properties>
        <testcase name="Test Cases/AseguMed/Legion" classname="Test Cases/AseguMed/Legion" status="FAILED">
            <failure type="FAILED" message="Test Cases/AseguMed/Legion FAILED.&#xA;Reason:&#xA;com.kms.katalon.core.exception.StepFailedException: Unable to click on object 'Object Repository/AseguMed/app page 3/input_consent-checkbox-0'&#xD;&#xA;&#x9;at com.kms.katalon.core.webui.keyword.internal.WebUIKeywordMain.stepFailed(WebUIKeywordMain.groovy:64)&#xD;&#xA;&#x9;at com.kms.katalon.core.webui.keyword.internal.WebUIKeywordMain.runKeyword(WebUIKeywordMain.groovy:26)&#xD;&#xA;&#x9;at com.kms.katalon.core.webui.keyword.builtin.ClickKeyword.click(ClickKeyword.groovy:86)&#xD;&#xA;&#x9;at com.kms.katalon.core.webui.keyword.builtin.ClickKeyword.execute(ClickKeyword.groovy:67)&#xD;&#xA;&#x9;at com.kms.katalon.core.keyword.internal.KeywordExecutor.executeKeywordForPlatform(KeywordExecutor.groovy:56)&#xD;&#xA;&#x9;at com.kms.katalon.core.webui.keyword.WebUiBuiltInKeywords.click(WebUiBuiltInKeywords.groovy:616)&#xD;&#xA;&#x9;at com.kms.katalon.core.webui.keyword.WebUiBuiltInKeywords$click$1.call(Unknown Source)&#xD;&#xA;&#x9;at Legion.run(Legion:105)&#xD;&#xA;&#x9;at com.kms.katalon.core.main.ScriptEngine.run(ScriptEngine.java:194)&#xD;&#xA;&#x9;at com.kms.katalon.core.main.ScriptEngine.runScriptAsRawText(ScriptEngine.java:119)&#xD;&#xA;&#x9;at com.kms.katalon.core.main.TestCaseExecutor.runScript(TestCaseExecutor.java:337)&#xD;&#xA;&#x9;at com.kms.katalon.core.main.TestCaseExecutor.doExecute(TestCaseExecutor.java:328)&#xD;&#xA;&#x9;at com.kms.katalon.core.main.TestCaseExecutor.processExecutionPhase(TestCaseExecutor.java:307)&#xD;&#xA;&#x9;at com.kms.katalon.core.main.TestCaseExecutor.accessMainPhase(TestCaseExecutor.java:299)&#xD;&#xA;&#x9;at com.kms.katalon.core.main.TestCaseExecutor.execute(TestCaseExecutor.java:233)&#xD;&#xA;&#x9;at com.kms.katalon.core.main.TestSuiteExecutor.accessTestCaseMainPhase(TestSuiteExecutor.java:133)&#xD;&#xA;&#x9;at com.kms.katalon.core.main.TestSuiteExecutor.accessTestSuiteMainPhase(TestSuiteExecutor.java:116)&#xD;&#xA;&#x9;at com.kms.katalon.core.main.TestSuiteExecutor.execute(TestSuiteExecutor.java:83)&#xD;&#xA;&#x9;at com.kms.katalon.core.main.TestCaseMain.startTestSuite(TestCaseMain.java:157)&#xD;&#xA;&#x9;at com.kms.katalon.core.main.TestCaseMain$startTestSuite$0.call(Unknown Source)&#xD;&#xA;&#x9;at TempTestSuite1575621266940.run(TempTestSuite1575621266940.groovy:35)&#xD;&#xA;Caused by: com.kms.katalon.core.webui.exception.WebElementNotFoundException: Web element with id: 'Object Repository/AseguMed/app page 3/input_consent-checkbox-0' located by 'By.xpath: //*[@id = 'consent-checkbox-0']' not found&#xD;&#xA;&#x9;at com.kms.katalon.core.webui.common.WebUiCommonHelper.findWebElement(WebUiCommonHelper.java:1097)&#xD;&#xA;&#x9;at com.kms.katalon.core.webui.keyword.internal.WebUIAbstractKeyword.findWebElement(WebUIAbstractKeyword.groovy:27)&#xD;&#xA;&#x9;at com.kms.katalon.core.webui.keyword.internal.WebUIAbstractKeyword.findWebElement(WebUIAbstractKeyword.groovy:26)&#xD;&#xA;&#x9;at com.kms.katalon.core.webui.keyword.builtin.ClickKeyword$_click_closure1.doCall(ClickKeyword.groovy:77)&#xD;&#xA;&#x9;at com.kms.katalon.core.webui.keyword.builtin.ClickKeyword$_click_closure1.call(ClickKeyword.groovy)&#xD;&#xA;&#x9;at com.kms.katalon.core.webui.keyword.internal.WebUIKeywordMain.runKeyword(WebUIKeywordMain.groovy:20)&#xD;&#xA;&#x9;... 19 more&#xD;&#xA;"/>
            <system-out>2019-12-06 16:34:50 - [TEST_CASE][FAILED] - Test Cases/AseguMed/Legion: Test Cases/AseguMed/Legion FAILED.
Reason:
com.kms.katalon.core.exception.StepFailedException: Unable to click on object 'Object Repository/AseguMed/app page 3/input_consent-checkbox-0'&#xD;
	at com.kms.katalon.core.webui.keyword.internal.WebUIKeywordMain.stepFailed(WebUIKeywordMain.groovy:64)&#xD;
	at com.kms.katalon.core.webui.keyword.internal.WebUIKeywordMain.runKeyword(WebUIKeywordMain.groovy:26)&#xD;
	at com.kms.katalon.core.webui.keyword.builtin.ClickKeyword.click(ClickKeyword.groovy:86)&#xD;
	at com.kms.katalon.core.webui.keyword.builtin.ClickKeyword.execute(ClickKeyword.groovy:67)&#xD;
	at com.kms.katalon.core.keyword.internal.KeywordExecutor.executeKeywordForPlatform(KeywordExecutor.groovy:56)&#xD;
	at com.kms.katalon.core.webui.keyword.WebUiBuiltInKeywords.click(WebUiBuiltInKeywords.groovy:616)&#xD;
	at com.kms.katalon.core.webui.keyword.WebUiBuiltInKeywords$click$1.call(Unknown Source)&#xD;
	at Legion.run(Legion:105)&#xD;
	at com.kms.katalon.core.main.ScriptEngine.run(ScriptEngine.java:194)&#xD;
	at com.kms.katalon.core.main.ScriptEngine.runScriptAsRawText(ScriptEngine.java:119)&#xD;
	at com.kms.katalon.core.main.TestCaseExecutor.runScript(TestCaseExecutor.java:337)&#xD;
	at com.kms.katalon.core.main.TestCaseExecutor.doExecute(TestCaseExecutor.java:328)&#xD;
	at com.kms.katalon.core.main.TestCaseExecutor.processExecutionPhase(TestCaseExecutor.java:307)&#xD;
	at com.kms.katalon.core.main.TestCaseExecutor.accessMainPhase(TestCaseExecutor.java:299)&#xD;
	at com.kms.katalon.core.main.TestCaseExecutor.execute(TestCaseExecutor.java:233)&#xD;
	at com.kms.katalon.core.main.TestSuiteExecutor.accessTestCaseMainPhase(TestSuiteExecutor.java:133)&#xD;
	at com.kms.katalon.core.main.TestSuiteExecutor.accessTestSuiteMainPhase(TestSuiteExecutor.java:116)&#xD;
	at com.kms.katalon.core.main.TestSuiteExecutor.execute(TestSuiteExecutor.java:83)&#xD;
	at com.kms.katalon.core.main.TestCaseMain.startTestSuite(TestCaseMain.java:157)&#xD;
	at com.kms.katalon.core.main.TestCaseMain$startTestSuite$0.call(Unknown Source)&#xD;
	at TempTestSuite1575621266940.run(TempTestSuite1575621266940.groovy:35)&#xD;
Caused by: com.kms.katalon.core.webui.exception.WebElementNotFoundException: Web element with id: 'Object Repository/AseguMed/app page 3/input_consent-checkbox-0' located by 'By.xpath: //*[@id = 'consent-checkbox-0']' not found&#xD;
	at com.kms.katalon.core.webui.common.WebUiCommonHelper.findWebElement(WebUiCommonHelper.java:1097)&#xD;
	at com.kms.katalon.core.webui.keyword.internal.WebUIAbstractKeyword.findWebElement(WebUIAbstractKeyword.groovy:27)&#xD;
	at com.kms.katalon.core.webui.keyword.internal.WebUIAbstractKeyword.findWebElement(WebUIAbstractKeyword.groovy:26)&#xD;
	at com.kms.katalon.core.webui.keyword.builtin.ClickKeyword$_click_closure1.doCall(ClickKeyword.groovy:77)&#xD;
	at com.kms.katalon.core.webui.keyword.builtin.ClickKeyword$_click_closure1.call(ClickKeyword.groovy)&#xD;
	at com.kms.katalon.core.webui.keyword.internal.WebUIKeywordMain.runKeyword(WebUIKeywordMain.groovy:20)&#xD;
	... 19 more&#xD;
&#xD;
&#xD;
2019-12-06 16:34:51 - [TEST_STEP][PASSED] - callTestCase(findTestCase("AHI/_include/get_screenPath"), ["productLine":"AseguMed", "carrierName":"Legion"], STOP_ON_FAILURE): Call Test Case 'Test Cases/AHI/_include/get_screenPath' successfully&#xD;
&#xD;
2019-12-06 16:34:51 - [TEST_CASE][PASSED] - Test Cases/AHI/_include/get_screenPath: Test Cases/AHI/_include/get_screenPath&#xD;
&#xD;
2019-12-06 16:34:52 - [TEST_STEP][PASSED] - m = getExecutionProperties(): null&#xD;
&#xD;
2019-12-06 16:34:52 - [TEST_STEP][PASSED] - deviceName = get("mobileEmulation").get("deviceName"): null&#xD;
&#xD;
2019-12-06 16:34:52 - [TEST_STEP][PASSED] - println(deviceName): null&#xD;
&#xD;
2019-12-06 16:34:52 - [TEST_STEP][PASSED] - now = new java.util.Date(): null&#xD;
&#xD;
2019-12-06 16:34:52 - [TEST_STEP][PASSED] - mydate = now.format("yyyyMMdd_HHmmss"): null&#xD;
&#xD;
2019-12-06 16:34:52 - [TEST_STEP][PASSED] - screenPath = "../Screenshots/": null&#xD;
&#xD;
2019-12-06 16:34:53 - [TEST_STEP][PASSED] - screenPath = screenPath + deviceName + "/" + productLine + "/" + carrierName + "/" + mydate + "/": null&#xD;
&#xD;
2019-12-06 16:34:53 - [TEST_STEP][PASSED] - println(screenPath): null&#xD;
&#xD;
2019-12-06 16:34:53 - [MESSAGE][PASSED] - Call Test Case 'Test Cases/AHI/_include/get_screenPath' successfully&#xD;
&#xD;
2019-12-06 16:34:53 - [TEST_STEP][PASSED] - i = 0: null&#xD;
&#xD;
2019-12-06 16:34:53 - [TEST_STEP][PASSED] - openBrowser("https://pruebas.asegumed.com/"): Browser is opened with url: 'https://pruebas.asegumed.com/'&#xD;
&#xD;
2019-12-06 16:34:53 - [MESSAGE][INFO] - Starting 'Chrome' driver&#xD;
&#xD;
2019-12-06 16:34:53 - [MESSAGE][INFO] - User set preference: ['mobileEmulation', '{deviceName=iPhone 6}']&#xD;
&#xD;
2019-12-06 16:34:53 - [MESSAGE][INFO] - User set preference: ['args', '[--incognito, --aggressive-cache-discard, --window-size=375,677, --no-sandbox]']&#xD;
&#xD;
2019-12-06 16:34:53 - [MESSAGE][INFO] - Action delay is set to 0 seconds&#xD;
&#xD;
2019-12-06 16:35:18 - [MESSAGE][PASSED] - Browser is opened with url: 'https://pruebas.asegumed.com/'&#xD;
&#xD;
2019-12-06 16:35:18 - [TEST_STEP][PASSED] - callTestCase(findTestCase("AHI/_include/get_screenshot"), [:], STOP_ON_FAILURE): Call Test Case 'Test Cases/AHI/_include/get_screenshot' successfully&#xD;
&#xD;
2019-12-06 16:35:18 - [TEST_CASE][PASSED] - Test Cases/AHI/_include/get_screenshot: Test Cases/AHI/_include/get_screenshot&#xD;
&#xD;
2019-12-06 16:35:19 - [TEST_STEP][PASSED] - takeScreenshot(screenPath + i + ".png"): Taking screenshot successfully&#xD;
&#xD;
2019-12-06 16:35:20 - [MESSAGE][PASSED] - Taking screenshot successfully&#xD;
[[ATTACHMENT|D:\\Test\\AgileTest\\AgileTest\\Reports\\AseguMed\\asegumed\\20191206_163426\\../Screenshots/iPhone 6/AseguMed/Legion/20191206_163452/0.png]]&#xD;
&#xD;
2019-12-06 16:35:20 - [TEST_STEP][PASSED] - (internal.GlobalVariable.i++): null&#xD;
&#xD;
2019-12-06 16:35:20 - [MESSAGE][PASSED] - Call Test Case 'Test Cases/AHI/_include/get_screenshot' successfully&#xD;
&#xD;
2019-12-06 16:35:20 - [TEST_STEP][PASSED] - click(findTestObject("AseguMed/homepage/cta-button")): Object: 'Object Repository/AseguMed/homepage/cta-button' is clicked on&#xD;
&#xD;
2019-12-06 16:35:25 - [MESSAGE][PASSED] - Object: 'Object Repository/AseguMed/homepage/cta-button' is clicked on&#xD;
&#xD;
2019-12-06 16:35:25 - [TEST_STEP][PASSED] - waitForPageLoad(10): Wait for page load successfully&#xD;
&#xD;
2019-12-06 16:35:26 - [MESSAGE][PASSED] - Wait for page load successfully&#xD;
&#xD;
2019-12-06 16:35:26 - [TEST_STEP][PASSED] - callTestCase(findTestCase("AHI/_include/get_screenshot"), [:], STOP_ON_FAILURE): Call Test Case 'Test Cases/AHI/_include/get_screenshot' successfully&#xD;
&#xD;
2019-12-06 16:35:26 - [TEST_CASE][PASSED] - Test Cases/AHI/_include/get_screenshot: Test Cases/AHI/_include/get_screenshot&#xD;
&#xD;
2019-12-06 16:35:26 - [TEST_STEP][PASSED] - takeScreenshot(screenPath + i + ".png"): Taking screenshot successfully&#xD;
&#xD;
2019-12-06 16:35:26 - [MESSAGE][PASSED] - Taking screenshot successfully&#xD;
[[ATTACHMENT|D:\\Test\\AgileTest\\AgileTest\\Reports\\AseguMed\\asegumed\\20191206_163426\\../Screenshots/iPhone 6/AseguMed/Legion/20191206_163452/1.png]]&#xD;
&#xD;
2019-12-06 16:35:26 - [TEST_STEP][PASSED] - (internal.GlobalVariable.i++): null&#xD;
&#xD;
2019-12-06 16:35:26 - [MESSAGE][PASSED] - Call Test Case 'Test Cases/AHI/_include/get_screenshot' successfully&#xD;
&#xD;
2019-12-06 16:35:26 - [TEST_STEP][PASSED] - sendKeys(findTestObject("AseguMed/census_page/input_zip"), "35215"): Keys '35215' sent to object: 'Object Repository/AseguMed/census_page/input_zip'&#xD;
&#xD;
2019-12-06 16:35:27 - [MESSAGE][PASSED] - Keys '35215' sent to object: 'Object Repository/AseguMed/census_page/input_zip'&#xD;
&#xD;
2019-12-06 16:35:27 - [TEST_STEP][PASSED] - sendKeys(findTestObject("AseguMed/census_page/input_dob"), "12121988"): Keys '12121988' sent to object: 'Object Repository/AseguMed/census_page/input_dob'&#xD;
&#xD;
2019-12-06 16:35:27 - [MESSAGE][PASSED] - Keys '12121988' sent to object: 'Object Repository/AseguMed/census_page/input_dob'&#xD;
&#xD;
2019-12-06 16:35:27 - [TEST_STEP][PASSED] - click(findTestObject("AseguMed/census_page/label_gender_male")): Object: 'Object Repository/AseguMed/census_page/label_gender_male' is clicked on&#xD;
&#xD;
2019-12-06 16:35:27 - [MESSAGE][PASSED] - Object: 'Object Repository/AseguMed/census_page/label_gender_male' is clicked on&#xD;
&#xD;
2019-12-06 16:35:27 - [TEST_STEP][PASSED] - click(findTestObject("AseguMed/census_page/census_submit_button")): Object: 'Object Repository/AseguMed/census_page/census_submit_button' is clicked on&#xD;
&#xD;
2019-12-06 16:35:32 - [MESSAGE][PASSED] - Object: 'Object Repository/AseguMed/census_page/census_submit_button' is clicked on&#xD;
&#xD;
2019-12-06 16:35:32 - [TEST_STEP][PASSED] - waitForPageLoad(10): Wait for page load successfully&#xD;
&#xD;
2019-12-06 16:35:32 - [MESSAGE][PASSED] - Wait for page load successfully&#xD;
&#xD;
2019-12-06 16:35:32 - [TEST_STEP][PASSED] - Thread.sleep(2000): null&#xD;
&#xD;
2019-12-06 16:35:34 - [TEST_STEP][PASSED] - callTestCase(findTestCase("AHI/_include/get_screenshot"), [:], STOP_ON_FAILURE): Call Test Case 'Test Cases/AHI/_include/get_screenshot' successfully&#xD;
&#xD;
2019-12-06 16:35:34 - [TEST_CASE][PASSED] - Test Cases/AHI/_include/get_screenshot: Test Cases/AHI/_include/get_screenshot&#xD;
&#xD;
2019-12-06 16:35:34 - [TEST_STEP][PASSED] - takeScreenshot(screenPath + i + ".png"): Taking screenshot successfully&#xD;
&#xD;
2019-12-06 16:35:35 - [MESSAGE][PASSED] - Taking screenshot successfully&#xD;
[[ATTACHMENT|D:\\Test\\AgileTest\\AgileTest\\Reports\\AseguMed\\asegumed\\20191206_163426\\../Screenshots/iPhone 6/AseguMed/Legion/20191206_163452/2.png]]&#xD;
&#xD;
2019-12-06 16:35:35 - [TEST_STEP][PASSED] - (internal.GlobalVariable.i++): null&#xD;
&#xD;
2019-12-06 16:35:35 - [MESSAGE][PASSED] - Call Test Case 'Test Cases/AHI/_include/get_screenshot' successfully&#xD;
&#xD;
2019-12-06 16:35:35 - [TEST_STEP][PASSED] - click(findTestObject("AseguMed/quote_page/detail_link_plan_2")): Object: 'Object Repository/AseguMed/quote_page/detail_link_plan_2' is clicked on&#xD;
&#xD;
2019-12-06 16:35:39 - [MESSAGE][PASSED] - Object: 'Object Repository/AseguMed/quote_page/detail_link_plan_2' is clicked on&#xD;
&#xD;
2019-12-06 16:35:39 - [TEST_STEP][PASSED] - waitForPageLoad(10): Wait for page load successfully&#xD;
&#xD;
2019-12-06 16:35:40 - [MESSAGE][PASSED] - Wait for page load successfully&#xD;
&#xD;
2019-12-06 16:35:40 - [TEST_STEP][PASSED] - callTestCase(findTestCase("AHI/_include/get_screenshot"), [:], STOP_ON_FAILURE): Call Test Case 'Test Cases/AHI/_include/get_screenshot' successfully&#xD;
&#xD;
2019-12-06 16:35:40 - [TEST_CASE][PASSED] - Test Cases/AHI/_include/get_screenshot: Test Cases/AHI/_include/get_screenshot&#xD;
&#xD;
2019-12-06 16:35:40 - [TEST_STEP][PASSED] - takeScreenshot(screenPath + i + ".png"): Taking screenshot successfully&#xD;
&#xD;
2019-12-06 16:35:40 - [MESSAGE][PASSED] - Taking screenshot successfully&#xD;
[[ATTACHMENT|D:\\Test\\AgileTest\\AgileTest\\Reports\\AseguMed\\asegumed\\20191206_163426\\../Screenshots/iPhone 6/AseguMed/Legion/20191206_163452/3.png]]&#xD;
&#xD;
2019-12-06 16:35:40 - [TEST_STEP][PASSED] - (internal.GlobalVariable.i++): null&#xD;
&#xD;
2019-12-06 16:35:40 - [MESSAGE][PASSED] - Call Test Case 'Test Cases/AHI/_include/get_screenshot' successfully&#xD;
&#xD;
2019-12-06 16:35:40 - [TEST_STEP][PASSED] - click(findTestObject("AseguMed/detail_page/detail_apply_button")): Object: 'Object Repository/AseguMed/detail_page/detail_apply_button' is clicked on&#xD;
&#xD;
2019-12-06 16:35:44 - [MESSAGE][PASSED] - Object: 'Object Repository/AseguMed/detail_page/detail_apply_button' is clicked on&#xD;
&#xD;
2019-12-06 16:35:44 - [TEST_STEP][PASSED] - waitForPageLoad(10): Wait for page load successfully&#xD;
&#xD;
2019-12-06 16:35:44 - [MESSAGE][PASSED] - Wait for page load successfully&#xD;
&#xD;
2019-12-06 16:35:44 - [TEST_STEP][PASSED] - callTestCase(findTestCase("AHI/_include/get_screenshot"), [:], STOP_ON_FAILURE): Call Test Case 'Test Cases/AHI/_include/get_screenshot' successfully&#xD;
&#xD;
2019-12-06 16:35:44 - [TEST_CASE][PASSED] - Test Cases/AHI/_include/get_screenshot: Test Cases/AHI/_include/get_screenshot&#xD;
&#xD;
2019-12-06 16:35:44 - [TEST_STEP][PASSED] - takeScreenshot(screenPath + i + ".png"): Taking screenshot successfully&#xD;
&#xD;
2019-12-06 16:35:45 - [MESSAGE][PASSED] - Taking screenshot successfully&#xD;
[[ATTACHMENT|D:\\Test\\AgileTest\\AgileTest\\Reports\\AseguMed\\asegumed\\20191206_163426\\../Screenshots/iPhone 6/AseguMed/Legion/20191206_163452/4.png]]&#xD;
&#xD;
2019-12-06 16:35:45 - [TEST_STEP][PASSED] - (internal.GlobalVariable.i++): null&#xD;
&#xD;
2019-12-06 16:35:45 - [MESSAGE][PASSED] - Call Test Case 'Test Cases/AHI/_include/get_screenshot' successfully&#xD;
&#xD;
2019-12-06 16:35:45 - [TEST_STEP][PASSED] - click(findTestObject("AseguMed/apply_page/apply_button")): Object: 'Object Repository/AseguMed/apply_page/apply_button' is clicked on&#xD;
&#xD;
2019-12-06 16:35:48 - [MESSAGE][PASSED] - Object: 'Object Repository/AseguMed/apply_page/apply_button' is clicked on&#xD;
&#xD;
2019-12-06 16:35:48 - [TEST_STEP][PASSED] - waitForPageLoad(10): Wait for page load successfully&#xD;
&#xD;
2019-12-06 16:35:48 - [MESSAGE][PASSED] - Wait for page load successfully&#xD;
&#xD;
2019-12-06 16:35:48 - [TEST_STEP][PASSED] - callTestCase(findTestCase("AHI/_include/get_screenshot"), [:], STOP_ON_FAILURE): Call Test Case 'Test Cases/AHI/_include/get_screenshot' successfully&#xD;
&#xD;
2019-12-06 16:35:48 - [TEST_CASE][PASSED] - Test Cases/AHI/_include/get_screenshot: Test Cases/AHI/_include/get_screenshot&#xD;
&#xD;
2019-12-06 16:35:48 - [TEST_STEP][PASSED] - takeScreenshot(screenPath + i + ".png"): Taking screenshot successfully&#xD;
&#xD;
2019-12-06 16:35:49 - [MESSAGE][PASSED] - Taking screenshot successfully&#xD;
[[ATTACHMENT|D:\\Test\\AgileTest\\AgileTest\\Reports\\AseguMed\\asegumed\\20191206_163426\\../Screenshots/iPhone 6/AseguMed/Legion/20191206_163452/5.png]]&#xD;
&#xD;
2019-12-06 16:35:49 - [TEST_STEP][PASSED] - (internal.GlobalVariable.i++): null&#xD;
&#xD;
2019-12-06 16:35:49 - [MESSAGE][PASSED] - Call Test Case 'Test Cases/AHI/_include/get_screenshot' successfully&#xD;
&#xD;
2019-12-06 16:35:49 - [TEST_STEP][PASSED] - callTestCase(findTestCase("AseguMed/_include/name"), [:], STOP_ON_FAILURE): Call Test Case 'Test Cases/AseguMed/_include/name' successfully&#xD;
&#xD;
2019-12-06 16:35:49 - [TEST_CASE][PASSED] - Test Cases/AseguMed/_include/name: Test Cases/AseguMed/_include/name&#xD;
&#xD;
2019-12-06 16:35:50 - [TEST_STEP][PASSED] - driver = getWebDriver(): null&#xD;
&#xD;
2019-12-06 16:35:50 - [TEST_STEP][PASSED] - selenium = new com.thoughtworks.selenium.webdriven.WebDriverBackedSelenium(driver, internal.GlobalVariable.ENV): null&#xD;
&#xD;
2019-12-06 16:35:50 - [TEST_STEP][PASSED] - FirstName = "Test-123": null&#xD;
&#xD;
2019-12-06 16:35:50 - [TEST_STEP][PASSED] - LastName = selenium.getEval("{var x="áéíóúñüABCDEFGHIJKLMNOPQRSTUVWXYZabcdefghijklmnopqrstuvwxyz"; var tmp="ZZ11-"; for (i=0;i&lt;8;i++) tmp+=x.charAt(Math.ceil(51*Math.random()));tmp;}"): null&#xD;
&#xD;
2019-12-06 16:35:50 - [TEST_STEP][PASSED] - Address = selenium.getEval("{var x="áéíóúñüABCDEFGHIJKLMNOPQRSTUVWXYZabcdefghijklmnopqrstuvwxyz"; var tmp=""; for (i=0;i&lt;8;i++) tmp+=x.charAt(Math.ceil(51*Math.random()));tmp;}"): null&#xD;
&#xD;
2019-12-06 16:35:50 - [TEST_STEP][PASSED] - City = selenium.getEval("{var x="áéíóúñüABCDEFGHIJKLMNOPQRSTUVWXYZabcdefghijklmnopqrstuvwxyz"; var tmp=""; for (i=0;i&lt;8;i++) tmp+=x.charAt(Math.ceil(51*Math.random()));tmp;}"): null&#xD;
&#xD;
2019-12-06 16:35:50 - [TEST_STEP][PASSED] - tel1 = selenium.getEval("{var x="123456789"; var tmp=""; for (i=0;i&lt;3;i++) tmp+=x.charAt(Math.ceil(8*Math.random()));tmp;}"): null&#xD;
&#xD;
2019-12-06 16:35:50 - [TEST_STEP][PASSED] - tel2 = selenium.getEval("{var x="123456789"; var tmp=""; for (i=0;i&lt;3;i++) tmp+=x.charAt(Math.ceil(8*Math.random()));tmp;}"): null&#xD;
&#xD;
2019-12-06 16:35:50 - [TEST_STEP][PASSED] - tel3 = selenium.getEval("{var x="123456789"; var tmp=""; for (i=0;i&lt;4;i++) tmp+=x.charAt(Math.ceil(8*Math.random()));tmp;}"): null&#xD;
&#xD;
2019-12-06 16:35:51 - [TEST_STEP][PASSED] - Tel = selenium.getExpression(tel1 + "-" + tel2 + "-" + tel3): null&#xD;
&#xD;
2019-12-06 16:35:51 - [TEST_STEP][PASSED] - AutoEmail = selenium.getEval("{var x="ÁÉÍÓÚÑÜáéíóúñüABCDEFGHIJKLMNOPQRSTUVWXYZabcdefghijklmnopqrstuvwxyz"; var tmp="test."; for (i=0;i&lt;8;i++) tmp+=x.charAt(Math.ceil(51*Math.random()));tmp+="@suryani.cn";}"): null&#xD;
&#xD;
2019-12-06 16:35:51 - [TEST_STEP][PASSED] - FirstName = FirstName: null&#xD;
&#xD;
2019-12-06 16:35:51 - [TEST_STEP][PASSED] - LastName = LastName: null&#xD;
&#xD;
2019-12-06 16:35:51 - [TEST_STEP][PASSED] - Address = Address: null&#xD;
&#xD;
2019-12-06 16:35:51 - [TEST_STEP][PASSED] - City = City: null&#xD;
&#xD;
2019-12-06 16:35:51 - [TEST_STEP][PASSED] - Tel = Tel: null&#xD;
&#xD;
2019-12-06 16:35:51 - [TEST_STEP][PASSED] - AutoEmail = AutoEmail: null&#xD;
&#xD;
2019-12-06 16:35:51 - [TEST_STEP][PASSED] - println(FirstName): null&#xD;
&#xD;
2019-12-06 16:35:51 - [TEST_STEP][PASSED] - println(LastName): null&#xD;
&#xD;
2019-12-06 16:35:51 - [TEST_STEP][PASSED] - println(Address): null&#xD;
&#xD;
2019-12-06 16:35:51 - [TEST_STEP][PASSED] - println(City): null&#xD;
&#xD;
2019-12-06 16:35:51 - [TEST_STEP][PASSED] - println(Tel): null&#xD;
&#xD;
2019-12-06 16:35:51 - [TEST_STEP][PASSED] - println(AutoEmail): null&#xD;
&#xD;
2019-12-06 16:35:51 - [MESSAGE][PASSED] - Call Test Case 'Test Cases/AseguMed/_include/name' successfully&#xD;
&#xD;
2019-12-06 16:35:51 - [TEST_STEP][PASSED] - setText(findTestObject("AseguMed/app page 1/input_firstname"), FirstName): Text 'Test-123' is set on object 'Object Repository/AseguMed/app page 1/input_firstname'&#xD;
&#xD;
2019-12-06 16:35:52 - [MESSAGE][PASSED] - Text 'Test-123' is set on object 'Object Repository/AseguMed/app page 1/input_firstname'&#xD;
&#xD;
2019-12-06 16:35:52 - [TEST_STEP][PASSED] - setText(findTestObject("AseguMed/app page 1/input_lastname"), LastName): Text 'ZZ11-aimNXVhñ' is set on object 'Object Repository/AseguMed/app page 1/input_lastname'&#xD;
&#xD;
2019-12-06 16:35:53 - [MESSAGE][PASSED] - Text 'ZZ11-aimNXVhñ' is set on object 'Object Repository/AseguMed/app page 1/input_lastname'&#xD;
&#xD;
2019-12-06 16:35:53 - [TEST_STEP][PASSED] - setText(findTestObject("AseguMed/app page 1/input_address"), Address): Text 'rLXYDLBO' is set on object 'Object Repository/AseguMed/app page 1/input_address'&#xD;
&#xD;
2019-12-06 16:35:54 - [MESSAGE][PASSED] - Text 'rLXYDLBO' is set on object 'Object Repository/AseguMed/app page 1/input_address'&#xD;
&#xD;
2019-12-06 16:35:54 - [TEST_STEP][PASSED] - setText(findTestObject("AseguMed/app page 1/input_city"), City): Text 'rYQICOñZ' is set on object 'Object Repository/AseguMed/app page 1/input_city'&#xD;
&#xD;
2019-12-06 16:35:55 - [MESSAGE][PASSED] - Text 'rYQICOñZ' is set on object 'Object Repository/AseguMed/app page 1/input_city'&#xD;
&#xD;
2019-12-06 16:35:55 - [TEST_STEP][PASSED] - setText(findTestObject("AseguMed/app page 1/input_email"), AutoEmail): Text 'test.LJiÍbhRO@suryani.cn' is set on object 'Object Repository/AseguMed/app page 1/input_email'&#xD;
&#xD;
2019-12-06 16:35:55 - [MESSAGE][PASSED] - Text 'test.LJiÍbhRO@suryani.cn' is set on object 'Object Repository/AseguMed/app page 1/input_email'&#xD;
&#xD;
2019-12-06 16:35:55 - [TEST_STEP][PASSED] - setText(findTestObject("AseguMed/app page 1/input_primaryPhone"), Tel): Text '755-667-2665' is set on object 'Object Repository/AseguMed/app page 1/input_primaryPhone'&#xD;
&#xD;
2019-12-06 16:35:56 - [MESSAGE][PASSED] - Text '755-667-2665' is set on object 'Object Repository/AseguMed/app page 1/input_primaryPhone'&#xD;
&#xD;
2019-12-06 16:35:56 - [TEST_STEP][PASSED] - click(findTestObject("AseguMed/app page 1/continue_to_page_2_button")): Object: 'Object Repository/AseguMed/app page 1/continue_to_page_2_button' is clicked on&#xD;
&#xD;
2019-12-06 16:35:57 - [MESSAGE][PASSED] - Object: 'Object Repository/AseguMed/app page 1/continue_to_page_2_button' is clicked on&#xD;
&#xD;
2019-12-06 16:35:57 - [TEST_STEP][PASSED] - waitForPageLoad(10): Wait for page load successfully&#xD;
&#xD;
2019-12-06 16:35:58 - [MESSAGE][PASSED] - Wait for page load successfully&#xD;
&#xD;
2019-12-06 16:35:58 - [TEST_STEP][PASSED] - callTestCase(findTestCase("AHI/_include/get_screenshot"), [:], STOP_ON_FAILURE): Call Test Case 'Test Cases/AHI/_include/get_screenshot' successfully&#xD;
&#xD;
2019-12-06 16:35:58 - [TEST_CASE][PASSED] - Test Cases/AHI/_include/get_screenshot: Test Cases/AHI/_include/get_screenshot&#xD;
&#xD;
2019-12-06 16:35:58 - [TEST_STEP][PASSED] - takeScreenshot(screenPath + i + ".png"): Taking screenshot successfully&#xD;
&#xD;
2019-12-06 16:35:58 - [MESSAGE][PASSED] - Taking screenshot successfully&#xD;
[[ATTACHMENT|D:\\Test\\AgileTest\\AgileTest\\Reports\\AseguMed\\asegumed\\20191206_163426\\../Screenshots/iPhone 6/AseguMed/Legion/20191206_163452/6.png]]&#xD;
&#xD;
2019-12-06 16:35:58 - [TEST_STEP][PASSED] - (internal.GlobalVariable.i++): null&#xD;
&#xD;
2019-12-06 16:35:58 - [MESSAGE][PASSED] - Call Test Case 'Test Cases/AHI/_include/get_screenshot' successfully&#xD;
&#xD;
2019-12-06 16:35:58 - [TEST_STEP][PASSED] - setText(findTestObject("AseguMed/app page 2/input_credit-card-number"), "4111111111111111"): Text '4111111111111111' is set on object 'Object Repository/AseguMed/app page 2/input_credit-card-number'&#xD;
&#xD;
2019-12-06 16:36:01 - [MESSAGE][PASSED] - Text '4111111111111111' is set on object 'Object Repository/AseguMed/app page 2/input_credit-card-number'&#xD;
&#xD;
2019-12-06 16:36:01 - [TEST_STEP][PASSED] - setText(findTestObject("AseguMed/app page 2/input_credit-card-first"), FirstName): Text 'Test-123' is set on object 'Object Repository/AseguMed/app page 2/input_credit-card-first'&#xD;
&#xD;
2019-12-06 16:36:02 - [MESSAGE][PASSED] - Text 'Test-123' is set on object 'Object Repository/AseguMed/app page 2/input_credit-card-first'&#xD;
&#xD;
2019-12-06 16:36:02 - [TEST_STEP][PASSED] - setText(findTestObject("AseguMed/app page 2/input_credit-card-last"), LastName): Text 'ZZ11-aimNXVhñ' is set on object 'Object Repository/AseguMed/app page 2/input_credit-card-last'&#xD;
&#xD;
2019-12-06 16:36:02 - [MESSAGE][PASSED] - Text 'ZZ11-aimNXVhñ' is set on object 'Object Repository/AseguMed/app page 2/input_credit-card-last'&#xD;
&#xD;
2019-12-06 16:36:02 - [TEST_STEP][PASSED] - selectOptionByValue(findTestObject("AseguMed/app page 2/select_expiration-month"), "12", true): All options with value '12' are selected in object 'Object Repository/AseguMed/app page 2/select_expiration-month'  using regular expression&#xD;
&#xD;
2019-12-06 16:36:03 - [MESSAGE][PASSED] - All options with value '12' are selected in object 'Object Repository/AseguMed/app page 2/select_expiration-month'  using regular expression&#xD;
&#xD;
2019-12-06 16:36:03 - [TEST_STEP][PASSED] - selectOptionByValue(findTestObject("AseguMed/app page 2/select_expiration-year"), "2026", true): All options with value '2026' are selected in object 'Object Repository/AseguMed/app page 2/select_expiration-year'  using regular expression&#xD;
&#xD;
2019-12-06 16:36:04 - [MESSAGE][PASSED] - All options with value '2026' are selected in object 'Object Repository/AseguMed/app page 2/select_expiration-year'  using regular expression&#xD;
&#xD;
2019-12-06 16:36:04 - [TEST_STEP][PASSED] - setText(findTestObject("AseguMed/app page 2/input_credit-card-cvv"), "123"): Text '123' is set on object 'Object Repository/AseguMed/app page 2/input_credit-card-cvv'&#xD;
&#xD;
2019-12-06 16:36:04 - [MESSAGE][PASSED] - Text '123' is set on object 'Object Repository/AseguMed/app page 2/input_credit-card-cvv'&#xD;
&#xD;
2019-12-06 16:36:04 - [TEST_STEP][PASSED] - click(findTestObject("AseguMed/app page 2/input_js-same-billing")): Object: 'Object Repository/AseguMed/app page 2/input_js-same-billing' is clicked on&#xD;
&#xD;
2019-12-06 16:36:04 - [MESSAGE][PASSED] - Object: 'Object Repository/AseguMed/app page 2/input_js-same-billing' is clicked on&#xD;
&#xD;
2019-12-06 16:36:04 - [TEST_STEP][PASSED] - click(findTestObject("AseguMed/app page 2/input_credit-payment-authorization")): Object: 'Object Repository/AseguMed/app page 2/input_credit-payment-authorization' is clicked on&#xD;
&#xD;
2019-12-06 16:36:05 - [MESSAGE][PASSED] - Object: 'Object Repository/AseguMed/app page 2/input_credit-payment-authorization' is clicked on&#xD;
&#xD;
2019-12-06 16:36:05 - [TEST_STEP][PASSED] - click(findTestObject("AseguMed/app page 2/continue_to_page_3_button")): Object: 'Object Repository/AseguMed/app page 2/continue_to_page_3_button' is clicked on&#xD;
&#xD;
2019-12-06 16:36:05 - [MESSAGE][PASSED] - Object: 'Object Repository/AseguMed/app page 2/continue_to_page_3_button' is clicked on&#xD;
&#xD;
2019-12-06 16:36:05 - [TEST_STEP][PASSED] - waitForPageLoad(10): Wait for page load successfully&#xD;
&#xD;
2019-12-06 16:36:05 - [MESSAGE][PASSED] - Wait for page load successfully&#xD;
&#xD;
2019-12-06 16:36:05 - [TEST_STEP][PASSED] - callTestCase(findTestCase("AHI/_include/get_screenshot"), [:], STOP_ON_FAILURE): Call Test Case 'Test Cases/AHI/_include/get_screenshot' successfully&#xD;
&#xD;
2019-12-06 16:36:05 - [TEST_CASE][PASSED] - Test Cases/AHI/_include/get_screenshot: Test Cases/AHI/_include/get_screenshot&#xD;
&#xD;
2019-12-06 16:36:05 - [TEST_STEP][PASSED] - takeScreenshot(screenPath + i + ".png"): Taking screenshot successfully&#xD;
&#xD;
2019-12-06 16:36:06 - [MESSAGE][PASSED] - Taking screenshot successfully&#xD;
[[ATTACHMENT|D:\\Test\\AgileTest\\AgileTest\\Reports\\AseguMed\\asegumed\\20191206_163426\\../Screenshots/iPhone 6/AseguMed/Legion/20191206_163452/7.png]]&#xD;
&#xD;
2019-12-06 16:36:06 - [TEST_STEP][PASSED] - (internal.GlobalVariable.i++): null&#xD;
&#xD;
2019-12-06 16:36:06 - [MESSAGE][PASSED] - Call Test Case 'Test Cases/AHI/_include/get_screenshot' successfully&#xD;
&#xD;
2019-12-06 16:36:06 - [TEST_STEP][FAILED] - click(findTestObject("AseguMed/app page 3/input_consent-checkbox-0")): Unable to click on object 'Object Repository/AseguMed/app page 3/input_consent-checkbox-0' (Root cause: com.kms.katalon.core.exception.StepFailedException: Unable to click on object 'Object Repository/AseguMed/app page 3/input_consent-checkbox-0'&#xD;
	at com.kms.katalon.core.webui.keyword.internal.WebUIKeywordMain.stepFailed(WebUIKeywordMain.groovy:64)&#xD;
	at com.kms.katalon.core.webui.keyword.internal.WebUIKeywordMain.runKeyword(WebUIKeywordMain.groovy:26)&#xD;
	at com.kms.katalon.core.webui.keyword.builtin.ClickKeyword.click(ClickKeyword.groovy:86)&#xD;
	at com.kms.katalon.core.webui.keyword.builtin.ClickKeyword.execute(ClickKeyword.groovy:67)&#xD;
	at com.kms.katalon.core.keyword.internal.KeywordExecutor.executeKeywordForPlatform(KeywordExecutor.groovy:56)&#xD;
	at com.kms.katalon.core.webui.keyword.WebUiBuiltInKeywords.click(WebUiBuiltInKeywords.groovy:616)&#xD;
	at com.kms.katalon.core.webui.keyword.WebUiBuiltInKeywords$click$1.call(Unknown Source)&#xD;
	at Legion.run(Legion:105)&#xD;
	at com.kms.katalon.core.main.ScriptEngine.run(ScriptEngine.java:194)&#xD;
	at com.kms.katalon.core.main.ScriptEngine.runScriptAsRawText(ScriptEngine.java:119)&#xD;
	at com.kms.katalon.core.main.TestCaseExecutor.runScript(TestCaseExecutor.java:337)&#xD;
	at com.kms.katalon.core.main.TestCaseExecutor.doExecute(TestCaseExecutor.java:328)&#xD;
	at com.kms.katalon.core.main.TestCaseExecutor.processExecutionPhase(TestCaseExecutor.java:307)&#xD;
	at com.kms.katalon.core.main.TestCaseExecutor.accessMainPhase(TestCaseExecutor.java:299)&#xD;
	at com.kms.katalon.core.main.TestCaseExecutor.execute(TestCaseExecutor.java:233)&#xD;
	at com.kms.katalon.core.main.TestSuiteExecutor.accessTestCaseMainPhase(TestSuiteExecutor.java:133)&#xD;
	at com.kms.katalon.core.main.TestSuiteExecutor.accessTestSuiteMainPhase(TestSuiteExecutor.java:116)&#xD;
	at com.kms.katalon.core.main.TestSuiteExecutor.execute(TestSuiteExecutor.java:83)&#xD;
	at com.kms.katalon.core.main.TestCaseMain.startTestSuite(TestCaseMain.java:157)&#xD;
	at com.kms.katalon.core.main.TestCaseMain$startTestSuite$0.call(Unknown Source)&#xD;
	at TempTestSuite1575621266940.run(TempTestSuite1575621266940.groovy:35)&#xD;
Caused by: com.kms.katalon.core.webui.exception.WebElementNotFoundException: Web element with id: 'Object Repository/AseguMed/app page 3/input_consent-checkbox-0' located by 'By.xpath: //*[@id = 'consent-checkbox-0']' not found&#xD;
	at com.kms.katalon.core.webui.common.WebUiCommonHelper.findWebElement(WebUiCommonHelper.java:1097)&#xD;
	at com.kms.katalon.core.webui.keyword.internal.WebUIAbstractKeyword.findWebElement(WebUIAbstractKeyword.groovy:27)&#xD;
	at com.kms.katalon.core.webui.keyword.internal.WebUIAbstractKeyword.findWebElement(WebUIAbstractKeyword.groovy:26)&#xD;
	at com.kms.katalon.core.webui.keyword.builtin.ClickKeyword$_click_closure1.doCall(ClickKeyword.groovy:77)&#xD;
	at com.kms.katalon.core.webui.keyword.builtin.ClickKeyword$_click_closure1.call(ClickKeyword.groovy)&#xD;
	at com.kms.katalon.core.webui.keyword.internal.WebUIKeywordMain.runKeyword(WebUIKeywordMain.groovy:20)&#xD;
	at com.kms.katalon.core.webui.keyword.builtin.ClickKeyword.click(ClickKeyword.groovy:86)&#xD;
	at com.kms.katalon.core.webui.keyword.builtin.ClickKeyword.execute(ClickKeyword.groovy:67)&#xD;
	at com.kms.katalon.core.keyword.internal.KeywordExecutor.executeKeywordForPlatform(KeywordExecutor.groovy:56)&#xD;
	at com.kms.katalon.core.webui.keyword.WebUiBuiltInKeywords.click(WebUiBuiltInKeywords.groovy:616)&#xD;
	at com.kms.katalon.core.webui.keyword.WebUiBuiltInKeywords$click$1.call(Unknown Source)&#xD;
	at Script1563157977684.run(Script1563157977684.groovy:105)&#xD;
	... 13 more&#xD;
)&#xD;
&#xD;
2019-12-06 16:36:28 - [MESSAGE][INFO] - Unable to find the element located by 'By.xpath: //*[@id = 'consent-checkbox-0']'. Please recheck the objects properties to make sure the desired element is located. &#xD;
&#xD;
2019-12-06 16:36:29 - [MESSAGE][FAILED] - Unable to click on object 'Object Repository/AseguMed/app page 3/input_consent-checkbox-0' (Root cause: com.kms.katalon.core.exception.StepFailedException: Unable to click on object 'Object Repository/AseguMed/app page 3/input_consent-checkbox-0'&#xD;
	at com.kms.katalon.core.webui.keyword.internal.WebUIKeywordMain.stepFailed(WebUIKeywordMain.groovy:64)&#xD;
	at com.kms.katalon.core.webui.keyword.internal.WebUIKeywordMain.runKeyword(WebUIKeywordMain.groovy:26)&#xD;
	at com.kms.katalon.core.webui.keyword.builtin.ClickKeyword.click(ClickKeyword.groovy:86)&#xD;
	at com.kms.katalon.core.webui.keyword.builtin.ClickKeyword.execute(ClickKeyword.groovy:67)&#xD;
	at com.kms.katalon.core.keyword.internal.KeywordExecutor.executeKeywordForPlatform(KeywordExecutor.groovy:56)&#xD;
	at com.kms.katalon.core.webui.keyword.WebUiBuiltInKeywords.click(WebUiBuiltInKeywords.groovy:616)&#xD;
	at com.kms.katalon.core.webui.keyword.WebUiBuiltInKeywords$click$1.call(Unknown Source)&#xD;
	at Legion.run(Legion:105)&#xD;
	at com.kms.katalon.core.main.ScriptEngine.run(ScriptEngine.java:194)&#xD;
	at com.kms.katalon.core.main.ScriptEngine.runScriptAsRawText(ScriptEngine.java:119)&#xD;
	at com.kms.katalon.core.main.TestCaseExecutor.runScript(TestCaseExecutor.java:337)&#xD;
	at com.kms.katalon.core.main.TestCaseExecutor.doExecute(TestCaseExecutor.java:328)&#xD;
	at com.kms.katalon.core.main.TestCaseExecutor.processExecutionPhase(TestCaseExecutor.java:307)&#xD;
	at com.kms.katalon.core.main.TestCaseExecutor.accessMainPhase(TestCaseExecutor.java:299)&#xD;
	at com.kms.katalon.core.main.TestCaseExecutor.execute(TestCaseExecutor.java:233)&#xD;
	at com.kms.katalon.core.main.TestSuiteExecutor.accessTestCaseMainPhase(TestSuiteExecutor.java:133)&#xD;
	at com.kms.katalon.core.main.TestSuiteExecutor.accessTestSuiteMainPhase(TestSuiteExecutor.java:116)&#xD;
	at com.kms.katalon.core.main.TestSuiteExecutor.execute(TestSuiteExecutor.java:83)&#xD;
	at com.kms.katalon.core.main.TestCaseMain.startTestSuite(TestCaseMain.java:157)&#xD;
	at com.kms.katalon.core.main.TestCaseMain$startTestSuite$0.call(Unknown Source)&#xD;
	at TempTestSuite1575621266940.run(TempTestSuite1575621266940.groovy:35)&#xD;
Caused by: com.kms.katalon.core.webui.exception.WebElementNotFoundException: Web element with id: 'Object Repository/AseguMed/app page 3/input_consent-checkbox-0' located by 'By.xpath: //*[@id = 'consent-checkbox-0']' not found&#xD;
	at com.kms.katalon.core.webui.common.WebUiCommonHelper.findWebElement(WebUiCommonHelper.java:1097)&#xD;
	at com.kms.katalon.core.webui.keyword.internal.WebUIAbstractKeyword.findWebElement(WebUIAbstractKeyword.groovy:27)&#xD;
	at com.kms.katalon.core.webui.keyword.internal.WebUIAbstractKeyword.findWebElement(WebUIAbstractKeyword.groovy:26)&#xD;
	at com.kms.katalon.core.webui.keyword.builtin.ClickKeyword$_click_closure1.doCall(ClickKeyword.groovy:77)&#xD;
	at com.kms.katalon.core.webui.keyword.builtin.ClickKeyword$_click_closure1.call(ClickKeyword.groovy)&#xD;
	at com.kms.katalon.core.webui.keyword.internal.WebUIKeywordMain.runKeyword(WebUIKeywordMain.groovy:20)&#xD;
	at com.kms.katalon.core.webui.keyword.builtin.ClickKeyword.click(ClickKeyword.groovy:86)&#xD;
	at com.kms.katalon.core.webui.keyword.builtin.ClickKeyword.execute(ClickKeyword.groovy:67)&#xD;
	at com.kms.katalon.core.keyword.internal.KeywordExecutor.executeKeywordForPlatform(KeywordExecutor.groovy:56)&#xD;
	at com.kms.katalon.core.webui.keyword.WebUiBuiltInKeywords.click(WebUiBuiltInKeywords.groovy:616)&#xD;
	at com.kms.katalon.core.webui.keyword.WebUiBuiltInKeywords$click$1.call(Unknown Source)&#xD;
	at Script1563157977684.run(Script1563157977684.groovy:105)&#xD;
	... 13 more&#xD;
)&#xD;
[[ATTACHMENT|D:\\Test\\AgileTest\\AgileTest\\Reports\\AseguMed\\asegumed\\20191206_163426\\1575621388439.png]]</system-out>
            <system-err>2019-12-06 16:34:50 - [TEST_CASE][FAILED] - Test Cases/AseguMed/Legion: Test Cases/AseguMed/Legion FAILED.
Reason:
com.kms.katalon.core.exception.StepFailedException: Unable to click on object 'Object Repository/AseguMed/app page 3/input_consent-checkbox-0'&#xD;
	at com.kms.katalon.core.webui.keyword.internal.WebUIKeywordMain.stepFailed(WebUIKeywordMain.groovy:64)&#xD;
	at com.kms.katalon.core.webui.keyword.internal.WebUIKeywordMain.runKeyword(WebUIKeywordMain.groovy:26)&#xD;
	at com.kms.katalon.core.webui.keyword.builtin.ClickKeyword.click(ClickKeyword.groovy:86)&#xD;
	at com.kms.katalon.core.webui.keyword.builtin.ClickKeyword.execute(ClickKeyword.groovy:67)&#xD;
	at com.kms.katalon.core.keyword.internal.KeywordExecutor.executeKeywordForPlatform(KeywordExecutor.groovy:56)&#xD;
	at com.kms.katalon.core.webui.keyword.WebUiBuiltInKeywords.click(WebUiBuiltInKeywords.groovy:616)&#xD;
	at com.kms.katalon.core.webui.keyword.WebUiBuiltInKeywords$click$1.call(Unknown Source)&#xD;
	at Legion.run(Legion:105)&#xD;
	at com.kms.katalon.core.main.ScriptEngine.run(ScriptEngine.java:194)&#xD;
	at com.kms.katalon.core.main.ScriptEngine.runScriptAsRawText(ScriptEngine.java:119)&#xD;
	at com.kms.katalon.core.main.TestCaseExecutor.runScript(TestCaseExecutor.java:337)&#xD;
	at com.kms.katalon.core.main.TestCaseExecutor.doExecute(TestCaseExecutor.java:328)&#xD;
	at com.kms.katalon.core.main.TestCaseExecutor.processExecutionPhase(TestCaseExecutor.java:307)&#xD;
	at com.kms.katalon.core.main.TestCaseExecutor.accessMainPhase(TestCaseExecutor.java:299)&#xD;
	at com.kms.katalon.core.main.TestCaseExecutor.execute(TestCaseExecutor.java:233)&#xD;
	at com.kms.katalon.core.main.TestSuiteExecutor.accessTestCaseMainPhase(TestSuiteExecutor.java:133)&#xD;
	at com.kms.katalon.core.main.TestSuiteExecutor.accessTestSuiteMainPhase(TestSuiteExecutor.java:116)&#xD;
	at com.kms.katalon.core.main.TestSuiteExecutor.execute(TestSuiteExecutor.java:83)&#xD;
	at com.kms.katalon.core.main.TestCaseMain.startTestSuite(TestCaseMain.java:157)&#xD;
	at com.kms.katalon.core.main.TestCaseMain$startTestSuite$0.call(Unknown Source)&#xD;
	at TempTestSuite1575621266940.run(TempTestSuite1575621266940.groovy:35)&#xD;
Caused by: com.kms.katalon.core.webui.exception.WebElementNotFoundException: Web element with id: 'Object Repository/AseguMed/app page 3/input_consent-checkbox-0' located by 'By.xpath: //*[@id = 'consent-checkbox-0']' not found&#xD;
	at com.kms.katalon.core.webui.common.WebUiCommonHelper.findWebElement(WebUiCommonHelper.java:1097)&#xD;
	at com.kms.katalon.core.webui.keyword.internal.WebUIAbstractKeyword.findWebElement(WebUIAbstractKeyword.groovy:27)&#xD;
	at com.kms.katalon.core.webui.keyword.internal.WebUIAbstractKeyword.findWebElement(WebUIAbstractKeyword.groovy:26)&#xD;
	at com.kms.katalon.core.webui.keyword.builtin.ClickKeyword$_click_closure1.doCall(ClickKeyword.groovy:77)&#xD;
	at com.kms.katalon.core.webui.keyword.builtin.ClickKeyword$_click_closure1.call(ClickKeyword.groovy)&#xD;
	at com.kms.katalon.core.webui.keyword.internal.WebUIKeywordMain.runKeyword(WebUIKeywordMain.groovy:20)&#xD;
	... 19 more</system-err>
        </testcase>
        <system-out>2019-12-06 16:34:50 - [TEST_SUITE][INCOMPLETE] - asegumed: null</system-out>
        <system-err>2019-12-06 16:34:50 - [TEST_SUITE][INCOMPLETE] - asegumed: null</system-err>
    </testsuite>
</testsuites>
