<?xml version="1.0" encoding="UTF-8"?>
<testsuites name="ahi" time="378" tests="6" failures="3" errors="0">
   <testsuite name="ahi" tests="6" failures="3" errors="0" time="378" timestamp="2020-03-09 03:54:59" hostname="Administrator - 172.30.0.53" id="Test Suites/AHI/ahi">
      <properties>
         <property name="deviceName" value=""/>
         <property name="devicePlatform" value=""/>
         <property name="logFolder" value="D:\\Test\\AgileTest\\Reports\\AHI\\ahi\\20200309_035452"/>
         <property name="logFiles" value="D:\\Test\\AgileTest\\Reports\\AHI\\ahi\\20200309_035452\\execution0.log"/>
         <property name="attachments" value="D:\\Test\\AgileTest\\Reports\\AHI\\ahi\\20200309_035452\\../Screenshots/iPhone X/ifp/ACA Health Insurance/20200309_035503/0.png, D:\\Test\\AgileTest\\Reports\\AHI\\ahi\\20200309_035452\\../Screenshots/iPhone X/ifp/ACA Health Insurance/20200309_035503/1.png, D:\\Test\\AgileTest\\Reports\\AHI\\ahi\\20200309_035452\\../Screenshots/iPhone X/ifp/ACA Health Insurance/20200309_035503/2.png, D:\\Test\\AgileTest\\Reports\\AHI\\ahi\\20200309_035452\\../Screenshots/iPhone X/cancer/Cancer Insurance/20200309_035522/0.png, D:\\Test\\AgileTest\\Reports\\AHI\\ahi\\20200309_035452\\../Screenshots/iPhone X/cancer/Cancer Insurance/20200309_035522/1.png, D:\\Test\\AgileTest\\Reports\\AHI\\ahi\\20200309_035452\\../Screenshots/iPhone X/cancer/Cancer Insurance/20200309_035522/2.png, D:\\Test\\AgileTest\\Reports\\AHI\\ahi\\20200309_035452\\../Screenshots/iPhone X/cancer/Cancer Insurance/20200309_035522/3.png, D:\\Test\\AgileTest\\Reports\\AHI\\ahi\\20200309_035452\\../Screenshots/iPhone X/cancer/Cancer Insurance/20200309_035522/4.png, D:\\Test\\AgileTest\\Reports\\AHI\\ahi\\20200309_035452\\../Screenshots/iPhone X/cancer/Cancer Insurance/20200309_035522/5.png, D:\\Test\\AgileTest\\Reports\\AHI\\ahi\\20200309_035452\\../Screenshots/iPhone X/cancer/Cancer Insurance/20200309_035522/6.png, D:\\Test\\AgileTest\\Reports\\AHI\\ahi\\20200309_035452\\../Screenshots/iPhone X/cancer/Cancer Insurance/20200309_035522/7.png, D:\\Test\\AgileTest\\Reports\\AHI\\ahi\\20200309_035452\\../Screenshots/iPhone X/cancer/Cancer Insurance/20200309_035522/8.png, D:\\Test\\AgileTest\\Reports\\AHI\\ahi\\20200309_035452\\../Screenshots/iPhone X/cancer/Cancer Insurance/20200309_035522/9.png, D:\\Test\\AgileTest\\Reports\\AHI\\ahi\\20200309_035452\\../Screenshots/iPhone X/dental/National General/20200309_035704/10.png, D:\\Test\\AgileTest\\Reports\\AHI\\ahi\\20200309_035452\\../Screenshots/iPhone X/dental/National General/20200309_035704/11.png, D:\\Test\\AgileTest\\Reports\\AHI\\ahi\\20200309_035452\\../Screenshots/iPhone X/dental/National General/20200309_035704/12.png, D:\\Test\\AgileTest\\Reports\\AHI\\ahi\\20200309_035452\\1583740662948.png, D:\\Test\\AgileTest\\Reports\\AHI\\ahi\\20200309_035452\\../Screenshots/iPhone X/dental/USA Access/20200309_035743/0.png, D:\\Test\\AgileTest\\Reports\\AHI\\ahi\\20200309_035452\\../Screenshots/iPhone X/dental/USA Access/20200309_035743/1.png, D:\\Test\\AgileTest\\Reports\\AHI\\ahi\\20200309_035452\\../Screenshots/iPhone X/dental/USA Access/20200309_035743/2.png, D:\\Test\\AgileTest\\Reports\\AHI\\ahi\\20200309_035452\\1583740702025.png, D:\\Test\\AgileTest\\Reports\\AHI\\ahi\\20200309_035452\\../Screenshots/iPhone X/hbi/HBI/20200309_035822/0.png, D:\\Test\\AgileTest\\Reports\\AHI\\ahi\\20200309_035452\\../Screenshots/iPhone X/hbi/HBI/20200309_035822/1.png, D:\\Test\\AgileTest\\Reports\\AHI\\ahi\\20200309_035452\\../Screenshots/iPhone X/hbi/HBI/20200309_035822/2.png, D:\\Test\\AgileTest\\Reports\\AHI\\ahi\\20200309_035452\\../Screenshots/iPhone X/medicare/Medicare/20200309_035852/0.png, D:\\Test\\AgileTest\\Reports\\AHI\\ahi\\20200309_035452\\../Screenshots/iPhone X/medicare/Medicare/20200309_035852/1.png, D:\\Test\\AgileTest\\Reports\\AHI\\ahi\\20200309_035452\\../Screenshots/iPhone X/pet/Pet Insurance/20200309_035901/0.png, D:\\Test\\AgileTest\\Reports\\AHI\\ahi\\20200309_035452\\../Screenshots/iPhone X/pet/Pet Insurance/20200309_035901/1.png, D:\\Test\\AgileTest\\Reports\\AHI\\ahi\\20200309_035452\\../Screenshots/iPhone X/pet/Pet Insurance/20200309_035901/2.png, D:\\Test\\AgileTest\\Reports\\AHI\\ahi\\20200309_035452\\../Screenshots/iPhone X/pet/Pet Insurance/20200309_035901/3.png, D:\\Test\\AgileTest\\Reports\\AHI\\ahi\\20200309_035452\\../Screenshots/iPhone X/pet/Pet Insurance/20200309_035901/4.png, D:\\Test\\AgileTest\\Reports\\AHI\\ahi\\20200309_035452\\../Screenshots/iPhone X/pet/Pet Insurance/20200309_035901/5.png, D:\\Test\\AgileTest\\Reports\\AHI\\ahi\\20200309_035452\\../Screenshots/iPhone X/pet/Pet Insurance/20200309_035901/6.png, D:\\Test\\AgileTest\\Reports\\AHI\\ahi\\20200309_035452\\../Screenshots/iPhone X/pet/Pet Insurance/20200309_035901/7.png, D:\\Test\\AgileTest\\Reports\\AHI\\ahi\\20200309_035452\\../Screenshots/iPhone X/pet/Pet Insurance/20200309_035901/8.png, D:\\Test\\AgileTest\\Reports\\AHI\\ahi\\20200309_035452\\../Screenshots/iPhone X/pet/Pet Insurance/20200309_035901/9.png, D:\\Test\\AgileTest\\Reports\\AHI\\ahi\\20200309_035452\\../Screenshots/iPhone X/pet/Pet Insurance/20200309_035901/10.png, D:\\Test\\AgileTest\\Reports\\AHI\\ahi\\20200309_035452\\../Screenshots/iPhone X/stm/STM/20200309_040025/0.png, D:\\Test\\AgileTest\\Reports\\AHI\\ahi\\20200309_035452\\../Screenshots/iPhone X/stm/STM/20200309_040025/1.png, D:\\Test\\AgileTest\\Reports\\AHI\\ahi\\20200309_035452\\../Screenshots/iPhone X/stm/STM/20200309_040025/2.png, D:\\Test\\AgileTest\\Reports\\AHI\\ahi\\20200309_035452\\../Screenshots/iPhone X/teladoc/Teladoc/20200309_040044/0.png, D:\\Test\\AgileTest\\Reports\\AHI\\ahi\\20200309_035452\\../Screenshots/iPhone X/teladoc/Teladoc/20200309_040044/1.png, D:\\Test\\AgileTest\\Reports\\AHI\\ahi\\20200309_035452\\1583740876032.png"/>
         <property name="hostName" value="Administrator - 172.30.0.53"/>
         <property name="os" value="Windows Server 2012 R2 64bit"/>
         <property name="katalonVersion" value="5.10.1.1"/>
         <property name="browser" value="Safari 11"/>
         <property name="hostAddress" value="172.30.0.53"/>
         <property name="sessionId" value="dcbcfdb5a2b11f02efe77ea9518a073e"/>
         <property name="seleniumVersion" value="3.7.1"/>
         <property name="proxyInformation" value="ProxyInformation{proxyOption=NO_PROXY, proxyServerType=HTTP, password=, proxyServerAddress=, proxyServerPort=0}"/>
         <property name="platform" value="Windows Server 2012 R2"/>
      </properties>
      <testcase name="Test Cases/AHI/NEW/ACA Health Insurance" classname="Test Cases/AHI/NEW/ACA Health Insurance" status="PASSED">
         <system-out><![CDATA[2020-03-09 03:55:00 - [TEST_CASE][PASSED] - Test Cases/AHI/NEW/ACA Health Insurance: Test Cases/AHI/NEW/ACA Health Insurance

2020-03-09 03:55:02 - [TEST_STEP][PASSED] - callTestCase(findTestCase("AHI/_include/get_screenPath"), ["productLine":"ifp", "carrierName":"ACA Health Insurance"], CONTINUE_ON_FAILURE): Call Test Case 'Test Cases/AHI/_include/get_screenPath' successfully

2020-03-09 03:55:03 - [TEST_CASE][PASSED] - Test Cases/AHI/_include/get_screenPath: Test Cases/AHI/_include/get_screenPath

2020-03-09 03:55:03 - [TEST_STEP][PASSED] - m = getExecutionProperties(): null

2020-03-09 03:55:03 - [TEST_STEP][PASSED] - deviceName = get("mobileEmulation").get("deviceName"): null

2020-03-09 03:55:03 - [TEST_STEP][PASSED] - println(deviceName): null

2020-03-09 03:55:03 - [TEST_STEP][PASSED] - now = new java.util.Date(): null

2020-03-09 03:55:03 - [TEST_STEP][PASSED] - mydate = now.format("yyyyMMdd_HHmmss"): null

2020-03-09 03:55:03 - [TEST_STEP][PASSED] - screenPath = "../Screenshots/": null

2020-03-09 03:55:03 - [TEST_STEP][PASSED] - screenPath = screenPath + deviceName + "/" + productLine + "/" + carrierName + "/" + mydate + "/": null

2020-03-09 03:55:03 - [TEST_STEP][PASSED] - println(screenPath): null

2020-03-09 03:55:03 - [MESSAGE][PASSED] - Call Test Case 'Test Cases/AHI/_include/get_screenPath' successfully

2020-03-09 03:55:03 - [TEST_STEP][PASSED] - i = 0: null

2020-03-09 03:55:03 - [TEST_STEP][PASSED] - callTestCase(findTestCase("AHI/_include/openWebSite"), [:], CONTINUE_ON_FAILURE): Call Test Case 'Test Cases/AHI/_include/openWebSite' successfully

2020-03-09 03:55:03 - [TEST_CASE][PASSED] - Test Cases/AHI/_include/openWebSite: Test Cases/AHI/_include/openWebSite

2020-03-09 03:55:04 - [TEST_STEP][PASSED] - openBrowser(env): Browser is opened with url: 'https://praetemptatus.agilehealthinsurance.com'

2020-03-09 03:55:04 - [MESSAGE][INFO] - Starting 'Chrome' driver

2020-03-09 03:55:04 - [MESSAGE][INFO] - User set preference: ['mobileEmulation', '{deviceName=iPhone X}']

2020-03-09 03:55:04 - [MESSAGE][INFO] - User set preference: ['args', '[--incognito, --aggressive-cache-discard, --no-sandbox, --window-size=375,812, --ignore-certificate-errors]']

2020-03-09 03:55:04 - [MESSAGE][INFO] - Action delay is set to 0 seconds

2020-03-09 03:55:08 - [MESSAGE][PASSED] - Browser is opened with url: 'https://praetemptatus.agilehealthinsurance.com'

2020-03-09 03:55:08 - [TEST_STEP][PASSED] - waitForPageLoad(20): Wait for page load successfully

2020-03-09 03:55:08 - [MESSAGE][PASSED] - Wait for page load successfully

2020-03-09 03:55:08 - [TEST_STEP][PASSED] - callTestCase(findTestCase("AHI/_include/get_screenshot"), [:], STOP_ON_FAILURE): Call Test Case 'Test Cases/AHI/_include/get_screenshot' successfully

2020-03-09 03:55:08 - [TEST_CASE][PASSED] - Test Cases/AHI/_include/get_screenshot: Test Cases/AHI/_include/get_screenshot

2020-03-09 03:55:09 - [TEST_STEP][PASSED] - Thread.sleep(1000): null

2020-03-09 03:55:10 - [TEST_STEP][PASSED] - takeScreenshot(screenPath + i + ".png"): Taking screenshot successfully

2020-03-09 03:55:11 - [MESSAGE][PASSED] - Taking screenshot successfully
[[ATTACHMENT|D:\\Test\\AgileTest\\Reports\\AHI\\ahi\\20200309_035452\\../Screenshots/iPhone X/ifp/ACA Health Insurance/20200309_035503/0.png]]

2020-03-09 03:55:11 - [TEST_STEP][PASSED] - (internal.GlobalVariable.i++): null

2020-03-09 03:55:11 - [MESSAGE][PASSED] - Call Test Case 'Test Cases/AHI/_include/get_screenshot' successfully

2020-03-09 03:55:11 - [MESSAGE][PASSED] - Call Test Case 'Test Cases/AHI/_include/openWebSite' successfully

2020-03-09 03:55:11 - [TEST_STEP][PASSED] - driver = getWebDriver(): null

2020-03-09 03:55:11 - [TEST_STEP][PASSED] - baseUrl = ENV: null

2020-03-09 03:55:11 - [TEST_STEP][PASSED] - selenium = new com.thoughtworks.selenium.webdriven.WebDriverBackedSelenium(driver, baseUrl): null

2020-03-09 03:55:12 - [TEST_STEP][PASSED] - selenium.click("//*[@class='filter-option-inner-inner']"): null

2020-03-09 03:55:12 - [TEST_STEP][PASSED] - selenium.click("id=bs-select-1-0"): null

2020-03-09 03:55:12 - [TEST_STEP][PASSED] - selenium.click("id=primaryCTA"): null

2020-03-09 03:55:13 - [TEST_STEP][PASSED] - for ([second = 0, second < 10, (second++)]): null

2020-03-09 03:55:13 - [TEST_STEP][PASSED] - try: null

2020-03-09 03:55:13 - [TEST_STEP][PASSED] - if (selenium.isElementPresent("xpath=//h1[contains(text(),'Find the right Individual and Family health care plan for you')]")): null

2020-03-09 03:55:15 - [TEST_STEP][PASSED] - break: null

2020-03-09 03:55:15 - [TEST_STEP][PASSED] - callTestCase(findTestCase("AHI/_include/get_screenshot"), [:], STOP_ON_FAILURE): Call Test Case 'Test Cases/AHI/_include/get_screenshot' successfully

2020-03-09 03:55:15 - [TEST_CASE][PASSED] - Test Cases/AHI/_include/get_screenshot: Test Cases/AHI/_include/get_screenshot

2020-03-09 03:55:15 - [TEST_STEP][PASSED] - Thread.sleep(1000): null

2020-03-09 03:55:16 - [TEST_STEP][PASSED] - takeScreenshot(screenPath + i + ".png"): Taking screenshot successfully

2020-03-09 03:55:16 - [MESSAGE][PASSED] - Taking screenshot successfully
[[ATTACHMENT|D:\\Test\\AgileTest\\Reports\\AHI\\ahi\\20200309_035452\\../Screenshots/iPhone X/ifp/ACA Health Insurance/20200309_035503/1.png]]

2020-03-09 03:55:16 - [TEST_STEP][PASSED] - (internal.GlobalVariable.i++): null

2020-03-09 03:55:16 - [MESSAGE][PASSED] - Call Test Case 'Test Cases/AHI/_include/get_screenshot' successfully

2020-03-09 03:55:16 - [TEST_STEP][PASSED] - url = selenium.getAttribute("xpath=(//a[@class='front-door-quote-button'])@href"): null

2020-03-09 03:55:17 - [TEST_STEP][PASSED] - navigateToUrl(url): Navigate to 'https://www.healthpocket.com/individual-health-insurance?__hstc=225231557.6e319cc5a2649361b15ba9b6a313382f.1583740509303.1583740509303.1583740509303.1&__hssc=225231557.2.1583740509308&__hsfp=937275251' successfully

2020-03-09 03:55:19 - [MESSAGE][PASSED] - Navigate to 'https://www.healthpocket.com/individual-health-insurance?__hstc=225231557.6e319cc5a2649361b15ba9b6a313382f.1583740509303.1583740509303.1583740509303.1&__hssc=225231557.2.1583740509308&__hsfp=937275251' successfully

2020-03-09 03:55:19 - [TEST_STEP][PASSED] - waitForPageLoad(10): Wait for page load successfully

2020-03-09 03:55:19 - [MESSAGE][PASSED] - Wait for page load successfully

2020-03-09 03:55:19 - [TEST_STEP][PASSED] - callTestCase(findTestCase("AHI/_include/get_screenshot"), [:], STOP_ON_FAILURE): Call Test Case 'Test Cases/AHI/_include/get_screenshot' successfully

2020-03-09 03:55:19 - [TEST_CASE][PASSED] - Test Cases/AHI/_include/get_screenshot: Test Cases/AHI/_include/get_screenshot

2020-03-09 03:55:19 - [TEST_STEP][PASSED] - Thread.sleep(1000): null

2020-03-09 03:55:20 - [TEST_STEP][PASSED] - takeScreenshot(screenPath + i + ".png"): Taking screenshot successfully

2020-03-09 03:55:21 - [MESSAGE][PASSED] - Taking screenshot successfully
[[ATTACHMENT|D:\\Test\\AgileTest\\Reports\\AHI\\ahi\\20200309_035452\\../Screenshots/iPhone X/ifp/ACA Health Insurance/20200309_035503/2.png]]

2020-03-09 03:55:21 - [TEST_STEP][PASSED] - (internal.GlobalVariable.i++): null

2020-03-09 03:55:21 - [MESSAGE][PASSED] - Call Test Case 'Test Cases/AHI/_include/get_screenshot' successfully]]></system-out>
         <system-err><![CDATA[]]></system-err>
      </testcase>
      <testcase name="Test Cases/AHI/NEW/Cancer Insurance" classname="Test Cases/AHI/NEW/Cancer Insurance" status="PASSED">
         <system-out><![CDATA[2020-03-09 03:55:21 - [TEST_CASE][PASSED] - Test Cases/AHI/NEW/Cancer Insurance: Test Cases/AHI/NEW/Cancer Insurance

2020-03-09 03:55:21 - [TEST_STEP][PASSED] - callTestCase(findTestCase("AHI/_include/get_screenPath"), ["productLine":"cancer", "carrierName":"Cancer Insurance"], CONTINUE_ON_FAILURE): Call Test Case 'Test Cases/AHI/_include/get_screenPath' successfully

2020-03-09 03:55:22 - [TEST_CASE][PASSED] - Test Cases/AHI/_include/get_screenPath: Test Cases/AHI/_include/get_screenPath

2020-03-09 03:55:22 - [TEST_STEP][PASSED] - m = getExecutionProperties(): null

2020-03-09 03:55:22 - [TEST_STEP][PASSED] - deviceName = get("mobileEmulation").get("deviceName"): null

2020-03-09 03:55:22 - [TEST_STEP][PASSED] - println(deviceName): null

2020-03-09 03:55:22 - [TEST_STEP][PASSED] - now = new java.util.Date(): null

2020-03-09 03:55:22 - [TEST_STEP][PASSED] - mydate = now.format("yyyyMMdd_HHmmss"): null

2020-03-09 03:55:22 - [TEST_STEP][PASSED] - screenPath = "../Screenshots/": null

2020-03-09 03:55:22 - [TEST_STEP][PASSED] - screenPath = screenPath + deviceName + "/" + productLine + "/" + carrierName + "/" + mydate + "/": null

2020-03-09 03:55:22 - [TEST_STEP][PASSED] - println(screenPath): null

2020-03-09 03:55:22 - [MESSAGE][PASSED] - Call Test Case 'Test Cases/AHI/_include/get_screenPath' successfully

2020-03-09 03:55:22 - [TEST_STEP][PASSED] - i = 0: null

2020-03-09 03:55:22 - [TEST_STEP][PASSED] - callTestCase(findTestCase("AHI/_include/openWebSite"), [:], CONTINUE_ON_FAILURE): Call Test Case 'Test Cases/AHI/_include/openWebSite' successfully

2020-03-09 03:55:22 - [TEST_CASE][PASSED] - Test Cases/AHI/_include/openWebSite: Test Cases/AHI/_include/openWebSite

2020-03-09 03:55:22 - [TEST_STEP][PASSED] - openBrowser(env): Browser is opened with url: 'https://praetemptatus.agilehealthinsurance.com'

2020-03-09 03:55:22 - [MESSAGE][WARNING] - A browser is already opened. Closing browser and opening a new one

2020-03-09 03:55:23 - [MESSAGE][INFO] - Starting 'Chrome' driver

2020-03-09 03:55:23 - [MESSAGE][INFO] - User set preference: ['mobileEmulation', '{deviceName=iPhone X}']

2020-03-09 03:55:23 - [MESSAGE][INFO] - User set preference: ['args', '[--incognito, --aggressive-cache-discard, --no-sandbox, --window-size=375,812, --ignore-certificate-errors]']

2020-03-09 03:55:26 - [MESSAGE][PASSED] - Browser is opened with url: 'https://praetemptatus.agilehealthinsurance.com'

2020-03-09 03:55:26 - [TEST_STEP][PASSED] - waitForPageLoad(20): Wait for page load successfully

2020-03-09 03:55:26 - [MESSAGE][PASSED] - Wait for page load successfully

2020-03-09 03:55:26 - [TEST_STEP][PASSED] - callTestCase(findTestCase("AHI/_include/get_screenshot"), [:], STOP_ON_FAILURE): Call Test Case 'Test Cases/AHI/_include/get_screenshot' successfully

2020-03-09 03:55:26 - [TEST_CASE][PASSED] - Test Cases/AHI/_include/get_screenshot: Test Cases/AHI/_include/get_screenshot

2020-03-09 03:55:26 - [TEST_STEP][PASSED] - Thread.sleep(1000): null

2020-03-09 03:55:27 - [TEST_STEP][PASSED] - takeScreenshot(screenPath + i + ".png"): Taking screenshot successfully

2020-03-09 03:55:28 - [MESSAGE][PASSED] - Taking screenshot successfully
[[ATTACHMENT|D:\\Test\\AgileTest\\Reports\\AHI\\ahi\\20200309_035452\\../Screenshots/iPhone X/cancer/Cancer Insurance/20200309_035522/0.png]]

2020-03-09 03:55:28 - [TEST_STEP][PASSED] - (internal.GlobalVariable.i++): null

2020-03-09 03:55:28 - [MESSAGE][PASSED] - Call Test Case 'Test Cases/AHI/_include/get_screenshot' successfully

2020-03-09 03:55:28 - [MESSAGE][PASSED] - Call Test Case 'Test Cases/AHI/_include/openWebSite' successfully

2020-03-09 03:55:28 - [TEST_STEP][PASSED] - driver = getWebDriver(): null

2020-03-09 03:55:28 - [TEST_STEP][PASSED] - baseUrl = ENV: null

2020-03-09 03:55:28 - [TEST_STEP][PASSED] - selenium = new com.thoughtworks.selenium.webdriven.WebDriverBackedSelenium(driver, baseUrl): null

2020-03-09 03:55:29 - [TEST_STEP][PASSED] - selenium.click("//*[@class='filter-option-inner-inner']"): null

2020-03-09 03:55:30 - [TEST_STEP][PASSED] - selenium.click("id=bs-select-1-1"): null

2020-03-09 03:55:30 - [TEST_STEP][PASSED] - selenium.click("id=primaryCTA"): null

2020-03-09 03:55:31 - [TEST_STEP][PASSED] - for ([second = 0, second < 20, (second++)]): null

2020-03-09 03:55:31 - [TEST_STEP][PASSED] - try: null

2020-03-09 03:55:31 - [TEST_STEP][PASSED] - if (selenium.isElementPresent("id=zip-input")): null

2020-03-09 03:55:31 - [TEST_STEP][PASSED] - break: null

2020-03-09 03:55:31 - [TEST_STEP][PASSED] - callTestCase(findTestCase("AHI/_include/get_screenshot"), [:], STOP_ON_FAILURE): Call Test Case 'Test Cases/AHI/_include/get_screenshot' successfully

2020-03-09 03:55:31 - [TEST_CASE][PASSED] - Test Cases/AHI/_include/get_screenshot: Test Cases/AHI/_include/get_screenshot

2020-03-09 03:55:31 - [TEST_STEP][PASSED] - Thread.sleep(1000): null

2020-03-09 03:55:33 - [TEST_STEP][PASSED] - takeScreenshot(screenPath + i + ".png"): Taking screenshot successfully

2020-03-09 03:55:33 - [MESSAGE][PASSED] - Taking screenshot successfully
[[ATTACHMENT|D:\\Test\\AgileTest\\Reports\\AHI\\ahi\\20200309_035452\\../Screenshots/iPhone X/cancer/Cancer Insurance/20200309_035522/1.png]]

2020-03-09 03:55:33 - [TEST_STEP][PASSED] - (internal.GlobalVariable.i++): null

2020-03-09 03:55:33 - [MESSAGE][PASSED] - Call Test Case 'Test Cases/AHI/_include/get_screenshot' successfully

2020-03-09 03:55:33 - [TEST_STEP][PASSED] - sendKeys(findTestObject("mobileSanity/Cancer Insurance/zip"), "35216"): Keys '35216' sent to object: 'Object Repository/mobileSanity/Cancer Insurance/zip'

2020-03-09 03:55:33 - [MESSAGE][PASSED] - Keys '35216' sent to object: 'Object Repository/mobileSanity/Cancer Insurance/zip'

2020-03-09 03:55:33 - [TEST_STEP][PASSED] - sendKeys(findTestObject("mobileSanity/Cancer Insurance/dob-0"), "01/01/1990"): Keys '01/01/1990' sent to object: 'Object Repository/mobileSanity/Cancer Insurance/dob-0'

2020-03-09 03:55:34 - [MESSAGE][PASSED] - Keys '01/01/1990' sent to object: 'Object Repository/mobileSanity/Cancer Insurance/dob-0'

2020-03-09 03:55:34 - [TEST_STEP][PASSED] - Thread.sleep(2000): null

2020-03-09 03:55:36 - [TEST_STEP][PASSED] - selenium.click("//label[@for='gender-m-0']"): null

2020-03-09 03:55:36 - [TEST_STEP][PASSED] - Thread.sleep(3000): null

2020-03-09 03:55:39 - [TEST_STEP][PASSED] - selenium.click("id=js-see-plans"): null

2020-03-09 03:55:40 - [TEST_STEP][PASSED] - for ([second = 0, second < 20, (second++)]): null

2020-03-09 03:55:40 - [TEST_STEP][PASSED] - try: null

2020-03-09 03:55:40 - [TEST_STEP][PASSED] - if (selenium.isElementPresent("xpath=//h1[contains(text(),'3 Cancer Insurance Policies Found')]")): null

2020-03-09 03:55:40 - [TEST_STEP][PASSED] - Thread.sleep(1000): null

2020-03-09 03:55:41 - [TEST_STEP][PASSED] - try: null

2020-03-09 03:55:41 - [TEST_STEP][PASSED] - if (selenium.isElementPresent("xpath=//h1[contains(text(),'3 Cancer Insurance Policies Found')]")): null

2020-03-09 03:55:41 - [TEST_STEP][PASSED] - Thread.sleep(1000): null

2020-03-09 03:55:42 - [TEST_STEP][PASSED] - try: null

2020-03-09 03:55:42 - [TEST_STEP][PASSED] - if (selenium.isElementPresent("xpath=//h1[contains(text(),'3 Cancer Insurance Policies Found')]")): null

2020-03-09 03:55:43 - [TEST_STEP][PASSED] - Thread.sleep(1000): null

2020-03-09 03:55:44 - [TEST_STEP][PASSED] - try: null

2020-03-09 03:55:44 - [TEST_STEP][PASSED] - if (selenium.isElementPresent("xpath=//h1[contains(text(),'3 Cancer Insurance Policies Found')]")): null

2020-03-09 03:55:44 - [TEST_STEP][PASSED] - Thread.sleep(1000): null

2020-03-09 03:55:45 - [TEST_STEP][PASSED] - try: null

2020-03-09 03:55:45 - [TEST_STEP][PASSED] - if (selenium.isElementPresent("xpath=//h1[contains(text(),'3 Cancer Insurance Policies Found')]")): null

2020-03-09 03:55:45 - [TEST_STEP][PASSED] - Thread.sleep(1000): null

2020-03-09 03:55:46 - [TEST_STEP][PASSED] - try: null

2020-03-09 03:55:46 - [TEST_STEP][PASSED] - if (selenium.isElementPresent("xpath=//h1[contains(text(),'3 Cancer Insurance Policies Found')]")): null

2020-03-09 03:55:46 - [TEST_STEP][PASSED] - Thread.sleep(1000): null

2020-03-09 03:55:47 - [TEST_STEP][PASSED] - try: null

2020-03-09 03:55:47 - [TEST_STEP][PASSED] - if (selenium.isElementPresent("xpath=//h1[contains(text(),'3 Cancer Insurance Policies Found')]")): null

2020-03-09 03:55:48 - [TEST_STEP][PASSED] - Thread.sleep(1000): null

2020-03-09 03:55:49 - [TEST_STEP][PASSED] - try: null

2020-03-09 03:55:49 - [TEST_STEP][PASSED] - if (selenium.isElementPresent("xpath=//h1[contains(text(),'3 Cancer Insurance Policies Found')]")): null

2020-03-09 03:55:50 - [TEST_STEP][PASSED] - Thread.sleep(1000): null

2020-03-09 03:55:51 - [TEST_STEP][PASSED] - try: null

2020-03-09 03:55:51 - [TEST_STEP][PASSED] - if (selenium.isElementPresent("xpath=//h1[contains(text(),'3 Cancer Insurance Policies Found')]")): null

2020-03-09 03:55:51 - [TEST_STEP][PASSED] - Thread.sleep(1000): null

2020-03-09 03:55:52 - [TEST_STEP][PASSED] - try: null

2020-03-09 03:55:52 - [TEST_STEP][PASSED] - if (selenium.isElementPresent("xpath=//h1[contains(text(),'3 Cancer Insurance Policies Found')]")): null

2020-03-09 03:55:52 - [TEST_STEP][PASSED] - Thread.sleep(1000): null

2020-03-09 03:55:53 - [TEST_STEP][PASSED] - try: null

2020-03-09 03:55:53 - [TEST_STEP][PASSED] - if (selenium.isElementPresent("xpath=//h1[contains(text(),'3 Cancer Insurance Policies Found')]")): null

2020-03-09 03:55:53 - [TEST_STEP][PASSED] - Thread.sleep(1000): null

2020-03-09 03:55:54 - [TEST_STEP][PASSED] - try: null

2020-03-09 03:55:54 - [TEST_STEP][PASSED] - if (selenium.isElementPresent("xpath=//h1[contains(text(),'3 Cancer Insurance Policies Found')]")): null

2020-03-09 03:55:54 - [TEST_STEP][PASSED] - Thread.sleep(1000): null

2020-03-09 03:55:55 - [TEST_STEP][PASSED] - try: null

2020-03-09 03:55:55 - [TEST_STEP][PASSED] - if (selenium.isElementPresent("xpath=//h1[contains(text(),'3 Cancer Insurance Policies Found')]")): null

2020-03-09 03:55:55 - [TEST_STEP][PASSED] - Thread.sleep(1000): null

2020-03-09 03:55:56 - [TEST_STEP][PASSED] - try: null

2020-03-09 03:55:56 - [TEST_STEP][PASSED] - if (selenium.isElementPresent("xpath=//h1[contains(text(),'3 Cancer Insurance Policies Found')]")): null

2020-03-09 03:55:56 - [TEST_STEP][PASSED] - Thread.sleep(1000): null

2020-03-09 03:55:57 - [TEST_STEP][PASSED] - try: null

2020-03-09 03:55:57 - [TEST_STEP][PASSED] - if (selenium.isElementPresent("xpath=//h1[contains(text(),'3 Cancer Insurance Policies Found')]")): null

2020-03-09 03:55:57 - [TEST_STEP][PASSED] - Thread.sleep(1000): null

2020-03-09 03:55:58 - [TEST_STEP][PASSED] - try: null

2020-03-09 03:55:58 - [TEST_STEP][PASSED] - if (selenium.isElementPresent("xpath=//h1[contains(text(),'3 Cancer Insurance Policies Found')]")): null

2020-03-09 03:55:59 - [TEST_STEP][PASSED] - Thread.sleep(1000): null

2020-03-09 03:56:00 - [TEST_STEP][PASSED] - try: null

2020-03-09 03:56:00 - [TEST_STEP][PASSED] - if (selenium.isElementPresent("xpath=//h1[contains(text(),'3 Cancer Insurance Policies Found')]")): null

2020-03-09 03:56:00 - [TEST_STEP][PASSED] - Thread.sleep(1000): null

2020-03-09 03:56:01 - [TEST_STEP][PASSED] - try: null

2020-03-09 03:56:01 - [TEST_STEP][PASSED] - if (selenium.isElementPresent("xpath=//h1[contains(text(),'3 Cancer Insurance Policies Found')]")): null

2020-03-09 03:56:01 - [TEST_STEP][PASSED] - Thread.sleep(1000): null

2020-03-09 03:56:02 - [TEST_STEP][PASSED] - try: null

2020-03-09 03:56:02 - [TEST_STEP][PASSED] - if (selenium.isElementPresent("xpath=//h1[contains(text(),'3 Cancer Insurance Policies Found')]")): null

2020-03-09 03:56:02 - [TEST_STEP][PASSED] - Thread.sleep(1000): null

2020-03-09 03:56:03 - [TEST_STEP][PASSED] - try: null

2020-03-09 03:56:03 - [TEST_STEP][PASSED] - if (selenium.isElementPresent("xpath=//h1[contains(text(),'3 Cancer Insurance Policies Found')]")): null

2020-03-09 03:56:03 - [TEST_STEP][PASSED] - Thread.sleep(1000): null

2020-03-09 03:56:04 - [TEST_STEP][PASSED] - callTestCase(findTestCase("AHI/_include/get_screenshot"), [:], STOP_ON_FAILURE): Call Test Case 'Test Cases/AHI/_include/get_screenshot' successfully

2020-03-09 03:56:04 - [TEST_CASE][PASSED] - Test Cases/AHI/_include/get_screenshot: Test Cases/AHI/_include/get_screenshot

2020-03-09 03:56:04 - [TEST_STEP][PASSED] - Thread.sleep(1000): null

2020-03-09 03:56:05 - [TEST_STEP][PASSED] - takeScreenshot(screenPath + i + ".png"): Taking screenshot successfully

2020-03-09 03:56:06 - [MESSAGE][PASSED] - Taking screenshot successfully
[[ATTACHMENT|D:\\Test\\AgileTest\\Reports\\AHI\\ahi\\20200309_035452\\../Screenshots/iPhone X/cancer/Cancer Insurance/20200309_035522/2.png]]

2020-03-09 03:56:06 - [TEST_STEP][PASSED] - (internal.GlobalVariable.i++): null

2020-03-09 03:56:06 - [MESSAGE][PASSED] - Call Test Case 'Test Cases/AHI/_include/get_screenshot' successfully

2020-03-09 03:56:06 - [TEST_STEP][PASSED] - selenium.click("xpath=(//a[contains(text(),'Option 1')])[1]"): null

2020-03-09 03:56:07 - [TEST_STEP][PASSED] - for ([second = 0, second < 20, (second++)]): null

2020-03-09 03:56:07 - [TEST_STEP][PASSED] - try: null

2020-03-09 03:56:07 - [TEST_STEP][PASSED] - if (selenium.isElementPresent("id=plan-details-primary-apply")): null

2020-03-09 03:56:08 - [TEST_STEP][PASSED] - break: null

2020-03-09 03:56:08 - [TEST_STEP][PASSED] - callTestCase(findTestCase("AHI/_include/get_screenshot"), [:], STOP_ON_FAILURE): Call Test Case 'Test Cases/AHI/_include/get_screenshot' successfully

2020-03-09 03:56:08 - [TEST_CASE][PASSED] - Test Cases/AHI/_include/get_screenshot: Test Cases/AHI/_include/get_screenshot

2020-03-09 03:56:08 - [TEST_STEP][PASSED] - Thread.sleep(1000): null

2020-03-09 03:56:09 - [TEST_STEP][PASSED] - takeScreenshot(screenPath + i + ".png"): Taking screenshot successfully

2020-03-09 03:56:10 - [MESSAGE][PASSED] - Taking screenshot successfully
[[ATTACHMENT|D:\\Test\\AgileTest\\Reports\\AHI\\ahi\\20200309_035452\\../Screenshots/iPhone X/cancer/Cancer Insurance/20200309_035522/3.png]]

2020-03-09 03:56:10 - [TEST_STEP][PASSED] - (internal.GlobalVariable.i++): null

2020-03-09 03:56:10 - [MESSAGE][PASSED] - Call Test Case 'Test Cases/AHI/_include/get_screenshot' successfully

2020-03-09 03:56:10 - [TEST_STEP][PASSED] - selenium.click("id=plan-details-primary-apply"): null

2020-03-09 03:56:11 - [TEST_STEP][PASSED] - for ([second = 0, second < 20, (second++)]): null

2020-03-09 03:56:11 - [TEST_STEP][PASSED] - try: null

2020-03-09 03:56:11 - [TEST_STEP][PASSED] - if (selenium.isElementPresent("id=applyButton")): null

2020-03-09 03:56:12 - [TEST_STEP][PASSED] - break: null

2020-03-09 03:56:12 - [TEST_STEP][PASSED] - callTestCase(findTestCase("AHI/_include/get_screenshot"), [:], STOP_ON_FAILURE): Call Test Case 'Test Cases/AHI/_include/get_screenshot' successfully

2020-03-09 03:56:12 - [TEST_CASE][PASSED] - Test Cases/AHI/_include/get_screenshot: Test Cases/AHI/_include/get_screenshot

2020-03-09 03:56:12 - [TEST_STEP][PASSED] - Thread.sleep(1000): null

2020-03-09 03:56:13 - [TEST_STEP][PASSED] - takeScreenshot(screenPath + i + ".png"): Taking screenshot successfully

2020-03-09 03:56:14 - [MESSAGE][PASSED] - Taking screenshot successfully
[[ATTACHMENT|D:\\Test\\AgileTest\\Reports\\AHI\\ahi\\20200309_035452\\../Screenshots/iPhone X/cancer/Cancer Insurance/20200309_035522/4.png]]

2020-03-09 03:56:14 - [TEST_STEP][PASSED] - (internal.GlobalVariable.i++): null

2020-03-09 03:56:14 - [MESSAGE][PASSED] - Call Test Case 'Test Cases/AHI/_include/get_screenshot' successfully

2020-03-09 03:56:14 - [TEST_STEP][PASSED] - selenium.click("id=applyButton"): null

2020-03-09 03:56:15 - [TEST_STEP][PASSED] - for ([second = 0, second < 20, (second++)]): null

2020-03-09 03:56:15 - [TEST_STEP][PASSED] - try: null

2020-03-09 03:56:15 - [TEST_STEP][PASSED] - if (selenium.isElementPresent("id=member-P-1-firstName")): null

2020-03-09 03:56:16 - [TEST_STEP][PASSED] - break: null

2020-03-09 03:56:16 - [TEST_STEP][PASSED] - callTestCase(findTestCase("AHI/_include/get_screenshot"), [:], STOP_ON_FAILURE): Call Test Case 'Test Cases/AHI/_include/get_screenshot' successfully

2020-03-09 03:56:16 - [TEST_CASE][PASSED] - Test Cases/AHI/_include/get_screenshot: Test Cases/AHI/_include/get_screenshot

2020-03-09 03:56:16 - [TEST_STEP][PASSED] - Thread.sleep(1000): null

2020-03-09 03:56:17 - [TEST_STEP][PASSED] - takeScreenshot(screenPath + i + ".png"): Taking screenshot successfully

2020-03-09 03:56:18 - [MESSAGE][PASSED] - Taking screenshot successfully
[[ATTACHMENT|D:\\Test\\AgileTest\\Reports\\AHI\\ahi\\20200309_035452\\../Screenshots/iPhone X/cancer/Cancer Insurance/20200309_035522/5.png]]

2020-03-09 03:56:18 - [TEST_STEP][PASSED] - (internal.GlobalVariable.i++): null

2020-03-09 03:56:18 - [MESSAGE][PASSED] - Call Test Case 'Test Cases/AHI/_include/get_screenshot' successfully

2020-03-09 03:56:18 - [TEST_STEP][PASSED] - callTestCase(findTestCase("AHI/_include/name"), [:], STOP_ON_FAILURE): Call Test Case 'Test Cases/AHI/_include/name' successfully

2020-03-09 03:56:18 - [TEST_CASE][PASSED] - Test Cases/AHI/_include/name: Test Cases/AHI/_include/name

2020-03-09 03:56:19 - [TEST_STEP][PASSED] - driver = getWebDriver(): null

2020-03-09 03:56:19 - [TEST_STEP][PASSED] - selenium = new com.thoughtworks.selenium.webdriven.WebDriverBackedSelenium(driver, internal.GlobalVariable.ENV): null

2020-03-09 03:56:19 - [TEST_STEP][PASSED] - FirstName = "Test-123": null

2020-03-09 03:56:19 - [TEST_STEP][PASSED] - LastName = selenium.getEval("{var x="ABCDEFGHIJKLMNOPQRSTUVWXYZabcdefghijklmnopqrstuvwxyz"; var tmp="ZZ11-"; for (i=0;i<8;i++) tmp+=x.charAt(Math.ceil(51*Math.random()));tmp;}"): null

2020-03-09 03:56:19 - [TEST_STEP][PASSED] - Address = selenium.getEval("{var x="ABCDEFGHIJKLMNOPQRSTUVWXYZabcdefghijklmnopqrstuvwxyz"; var tmp=""; for (i=0;i<8;i++) tmp+=x.charAt(Math.ceil(51*Math.random()));tmp;}"): null

2020-03-09 03:56:19 - [TEST_STEP][PASSED] - City = selenium.getEval("{var x="ABCDEFGHIJKLMNOPQRSTUVWXYZabcdefghijklmnopqrstuvwxyz"; var tmp=""; for (i=0;i<8;i++) tmp+=x.charAt(Math.ceil(51*Math.random()));tmp;}"): null

2020-03-09 03:56:19 - [TEST_STEP][PASSED] - tel1 = selenium.getEval("{var x="123456789"; var tmp=""; for (i=0;i<3;i++) tmp+=x.charAt(Math.ceil(8*Math.random()));tmp;}"): null

2020-03-09 03:56:19 - [TEST_STEP][PASSED] - tel2 = selenium.getEval("{var x="123456789"; var tmp=""; for (i=0;i<3;i++) tmp+=x.charAt(Math.ceil(8*Math.random()));tmp;}"): null

2020-03-09 03:56:20 - [TEST_STEP][PASSED] - tel3 = selenium.getEval("{var x="123456789"; var tmp=""; for (i=0;i<4;i++) tmp+=x.charAt(Math.ceil(8*Math.random()));tmp;}"): null

2020-03-09 03:56:20 - [TEST_STEP][PASSED] - Tel = selenium.getExpression(tel1 + "-" + tel2 + "-" + tel3): null

2020-03-09 03:56:20 - [TEST_STEP][PASSED] - AutoEmail = selenium.getEval("{var x="ABCDEFGHIJKLMNOPQRSTUVWXYZabcdefghijklmnopqrstuvwxyz"; var tmp="test."; for (i=0;i<8;i++) tmp+=x.charAt(Math.ceil(51*Math.random()));tmp+="@suryani.cn";}"): null

2020-03-09 03:56:20 - [TEST_STEP][PASSED] - FirstName = FirstName: null

2020-03-09 03:56:20 - [TEST_STEP][PASSED] - LastName = LastName: null

2020-03-09 03:56:20 - [TEST_STEP][PASSED] - Address = Address: null

2020-03-09 03:56:20 - [TEST_STEP][PASSED] - City = City: null

2020-03-09 03:56:20 - [TEST_STEP][PASSED] - Tel = Tel: null

2020-03-09 03:56:20 - [TEST_STEP][PASSED] - AutoEmail = AutoEmail: null

2020-03-09 03:56:20 - [TEST_STEP][PASSED] - println(FirstName): null

2020-03-09 03:56:20 - [TEST_STEP][PASSED] - println(LastName): null

2020-03-09 03:56:20 - [TEST_STEP][PASSED] - println(Address): null

2020-03-09 03:56:20 - [TEST_STEP][PASSED] - println(City): null

2020-03-09 03:56:20 - [TEST_STEP][PASSED] - println(Tel): null

2020-03-09 03:56:20 - [TEST_STEP][PASSED] - println(AutoEmail): null

2020-03-09 03:56:20 - [MESSAGE][PASSED] - Call Test Case 'Test Cases/AHI/_include/name' successfully

2020-03-09 03:56:20 - [TEST_STEP][PASSED] - selenium.type("id=member-P-1-firstName", FirstName): null

2020-03-09 03:56:20 - [TEST_STEP][PASSED] - selenium.type("id=member-P-1-lastName", LastName): null

2020-03-09 03:56:20 - [TEST_STEP][PASSED] - selenium.type("id=address", Address): null

2020-03-09 03:56:21 - [TEST_STEP][PASSED] - selenium.type("id=city", City): null

2020-03-09 03:56:21 - [TEST_STEP][PASSED] - selenium.type("id=email", AutoEmail): null

2020-03-09 03:56:21 - [TEST_STEP][PASSED] - selenium.type("id=primaryPhone", Tel): null

2020-03-09 03:56:21 - [TEST_STEP][PASSED] - selenium.click("id=js-app-continue-link"): null

2020-03-09 03:56:22 - [TEST_STEP][PASSED] - for ([second = 0, second < 20, (second++)]): null

2020-03-09 03:56:22 - [TEST_STEP][PASSED] - try: null

2020-03-09 03:56:22 - [TEST_STEP][PASSED] - if (selenium.isElementPresent("xpath=(//*[@class='js-question js-app-page-medical-question-wrapper'])[1]/div/button[1]")): null

2020-03-09 03:56:22 - [TEST_STEP][PASSED] - Thread.sleep(1000): null

2020-03-09 03:56:23 - [TEST_STEP][PASSED] - try: null

2020-03-09 03:56:23 - [TEST_STEP][PASSED] - if (selenium.isElementPresent("xpath=(//*[@class='js-question js-app-page-medical-question-wrapper'])[1]/div/button[1]")): null

2020-03-09 03:56:23 - [TEST_STEP][PASSED] - break: null

2020-03-09 03:56:23 - [TEST_STEP][PASSED] - callTestCase(findTestCase("AHI/_include/get_screenshot"), [:], STOP_ON_FAILURE): Call Test Case 'Test Cases/AHI/_include/get_screenshot' successfully

2020-03-09 03:56:23 - [TEST_CASE][PASSED] - Test Cases/AHI/_include/get_screenshot: Test Cases/AHI/_include/get_screenshot

2020-03-09 03:56:23 - [TEST_STEP][PASSED] - Thread.sleep(1000): null

2020-03-09 03:56:24 - [TEST_STEP][PASSED] - takeScreenshot(screenPath + i + ".png"): Taking screenshot successfully

2020-03-09 03:56:25 - [MESSAGE][PASSED] - Taking screenshot successfully
[[ATTACHMENT|D:\\Test\\AgileTest\\Reports\\AHI\\ahi\\20200309_035452\\../Screenshots/iPhone X/cancer/Cancer Insurance/20200309_035522/6.png]]

2020-03-09 03:56:25 - [TEST_STEP][PASSED] - (internal.GlobalVariable.i++): null

2020-03-09 03:56:25 - [MESSAGE][PASSED] - Call Test Case 'Test Cases/AHI/_include/get_screenshot' successfully

2020-03-09 03:56:25 - [TEST_STEP][PASSED] - for ([i = 1, i < 12, (i++)]): null

2020-03-09 03:56:25 - [TEST_STEP][PASSED] - selenium.click("xpath=(//*[@class='js-question js-app-page-medical-question-wrapper'])[" + i + "]/div/button[1]"): null

2020-03-09 03:56:25 - [TEST_STEP][PASSED] - selenium.click("xpath=(//*[@class='js-question js-app-page-medical-question-wrapper'])[" + i + "]/div/button[1]"): null

2020-03-09 03:56:26 - [TEST_STEP][PASSED] - selenium.click("xpath=(//*[@class='js-question js-app-page-medical-question-wrapper'])[" + i + "]/div/button[1]"): null

2020-03-09 03:56:26 - [TEST_STEP][PASSED] - selenium.click("xpath=(//*[@class='js-question js-app-page-medical-question-wrapper'])[" + i + "]/div/button[1]"): null

2020-03-09 03:56:26 - [TEST_STEP][PASSED] - selenium.click("xpath=(//*[@class='js-question js-app-page-medical-question-wrapper'])[" + i + "]/div/button[1]"): null

2020-03-09 03:56:27 - [TEST_STEP][PASSED] - selenium.click("xpath=(//*[@class='js-question js-app-page-medical-question-wrapper'])[" + i + "]/div/button[1]"): null

2020-03-09 03:56:28 - [TEST_STEP][PASSED] - selenium.click("xpath=(//*[@class='js-question js-app-page-medical-question-wrapper'])[" + i + "]/div/button[1]"): null

2020-03-09 03:56:30 - [TEST_STEP][PASSED] - selenium.click("xpath=(//*[@class='js-question js-app-page-medical-question-wrapper'])[" + i + "]/div/button[1]"): null

2020-03-09 03:56:30 - [TEST_STEP][PASSED] - selenium.click("xpath=(//*[@class='js-question js-app-page-medical-question-wrapper'])[" + i + "]/div/button[1]"): null

2020-03-09 03:56:31 - [TEST_STEP][PASSED] - selenium.click("xpath=(//*[@class='js-question js-app-page-medical-question-wrapper'])[" + i + "]/div/button[1]"): null

2020-03-09 03:56:31 - [TEST_STEP][PASSED] - selenium.click("xpath=(//*[@class='js-question js-app-page-medical-question-wrapper'])[" + i + "]/div/button[1]"): null

2020-03-09 03:56:32 - [TEST_STEP][PASSED] - selenium.click("id=js-app-continue-link"): null

2020-03-09 03:56:32 - [TEST_STEP][PASSED] - for ([second = 0, second < 20, (second++)]): null

2020-03-09 03:56:32 - [TEST_STEP][PASSED] - try: null

2020-03-09 03:56:32 - [TEST_STEP][PASSED] - if (selenium.isElementPresent("id=credit-card-number")): null

2020-03-09 03:56:32 - [TEST_STEP][PASSED] - Thread.sleep(1000): null

2020-03-09 03:56:33 - [TEST_STEP][PASSED] - try: null

2020-03-09 03:56:33 - [TEST_STEP][PASSED] - if (selenium.isElementPresent("id=credit-card-number")): null

2020-03-09 03:56:33 - [TEST_STEP][PASSED] - break: null

2020-03-09 03:56:33 - [TEST_STEP][PASSED] - callTestCase(findTestCase("AHI/_include/get_screenshot"), [:], STOP_ON_FAILURE): Call Test Case 'Test Cases/AHI/_include/get_screenshot' successfully

2020-03-09 03:56:33 - [TEST_CASE][PASSED] - Test Cases/AHI/_include/get_screenshot: Test Cases/AHI/_include/get_screenshot

2020-03-09 03:56:33 - [TEST_STEP][PASSED] - Thread.sleep(1000): null

2020-03-09 03:56:35 - [TEST_STEP][PASSED] - takeScreenshot(screenPath + i + ".png"): Taking screenshot successfully

2020-03-09 03:56:36 - [MESSAGE][PASSED] - Taking screenshot successfully
[[ATTACHMENT|D:\\Test\\AgileTest\\Reports\\AHI\\ahi\\20200309_035452\\../Screenshots/iPhone X/cancer/Cancer Insurance/20200309_035522/7.png]]

2020-03-09 03:56:36 - [TEST_STEP][PASSED] - (internal.GlobalVariable.i++): null

2020-03-09 03:56:36 - [MESSAGE][PASSED] - Call Test Case 'Test Cases/AHI/_include/get_screenshot' successfully

2020-03-09 03:56:36 - [TEST_STEP][PASSED] - selenium.type("id=credit-card-number", "4111123123123123"): null

2020-03-09 03:56:36 - [TEST_STEP][PASSED] - selenium.type("id=credit-card-first", "test"): null

2020-03-09 03:56:36 - [TEST_STEP][PASSED] - selenium.type("id=credit-card-last", "test"): null

2020-03-09 03:56:37 - [TEST_STEP][PASSED] - selenium.select("id=expiration-month", "12"): null

2020-03-09 03:56:37 - [TEST_STEP][PASSED] - selenium.select("id=expiration-year", "2026"): null

2020-03-09 03:56:37 - [TEST_STEP][PASSED] - selenium.type("id=credit-card-cvv", "123"): null

2020-03-09 03:56:37 - [TEST_STEP][PASSED] - selenium.type("id=credit-card-number", "4111123123123123"): null

2020-03-09 03:56:38 - [TEST_STEP][PASSED] - selenium.click("id=js-same-billing"): null

2020-03-09 03:56:38 - [TEST_STEP][PASSED] - selenium.click("id=credit-payment-authorization"): null

2020-03-09 03:56:38 - [TEST_STEP][PASSED] - selenium.click("id=js-app-continue-link"): null

2020-03-09 03:56:39 - [TEST_STEP][PASSED] - for ([second = 0, second < 20, (second++)]): null

2020-03-09 03:56:39 - [TEST_STEP][PASSED] - try: null

2020-03-09 03:56:39 - [TEST_STEP][PASSED] - if (selenium.isElementPresent("id=consent-checkbox-0")): null

2020-03-09 03:56:39 - [TEST_STEP][PASSED] - Thread.sleep(1000): null

2020-03-09 03:56:40 - [TEST_STEP][PASSED] - try: null

2020-03-09 03:56:40 - [TEST_STEP][PASSED] - if (selenium.isElementPresent("id=consent-checkbox-0")): null

2020-03-09 03:56:40 - [TEST_STEP][PASSED] - Thread.sleep(1000): null

2020-03-09 03:56:41 - [TEST_STEP][PASSED] - try: null

2020-03-09 03:56:41 - [TEST_STEP][PASSED] - if (selenium.isElementPresent("id=consent-checkbox-0")): null

2020-03-09 03:56:41 - [TEST_STEP][PASSED] - break: null

2020-03-09 03:56:41 - [TEST_STEP][PASSED] - callTestCase(findTestCase("AHI/_include/get_screenshot"), [:], STOP_ON_FAILURE): Call Test Case 'Test Cases/AHI/_include/get_screenshot' successfully

2020-03-09 03:56:41 - [TEST_CASE][PASSED] - Test Cases/AHI/_include/get_screenshot: Test Cases/AHI/_include/get_screenshot

2020-03-09 03:56:41 - [TEST_STEP][PASSED] - Thread.sleep(1000): null

2020-03-09 03:56:42 - [TEST_STEP][PASSED] - takeScreenshot(screenPath + i + ".png"): Taking screenshot successfully

2020-03-09 03:56:43 - [MESSAGE][PASSED] - Taking screenshot successfully
[[ATTACHMENT|D:\\Test\\AgileTest\\Reports\\AHI\\ahi\\20200309_035452\\../Screenshots/iPhone X/cancer/Cancer Insurance/20200309_035522/8.png]]

2020-03-09 03:56:43 - [TEST_STEP][PASSED] - (internal.GlobalVariable.i++): null

2020-03-09 03:56:43 - [MESSAGE][PASSED] - Call Test Case 'Test Cases/AHI/_include/get_screenshot' successfully

2020-03-09 03:56:43 - [TEST_STEP][PASSED] - selenium.click("id=consent-checkbox-0"): null

2020-03-09 03:56:43 - [TEST_STEP][PASSED] - selenium.click("id=js-signature-tab"): null

2020-03-09 03:56:44 - [TEST_STEP][PASSED] - selenium.click("id=js-app-continue-link"): null

2020-03-09 03:56:44 - [TEST_STEP][PASSED] - for ([second = 0, second < 30, (second++)]): null

2020-03-09 03:56:44 - [TEST_STEP][PASSED] - try: null

2020-03-09 03:56:44 - [TEST_STEP][PASSED] - if (selenium.isElementPresent("xpath=//h2[contains(text(),'Thank You')]")): null

2020-03-09 03:56:44 - [TEST_STEP][PASSED] - Thread.sleep(1000): null

2020-03-09 03:56:45 - [TEST_STEP][PASSED] - try: null

2020-03-09 03:56:45 - [TEST_STEP][PASSED] - if (selenium.isElementPresent("xpath=//h2[contains(text(),'Thank You')]")): null

2020-03-09 03:56:45 - [TEST_STEP][PASSED] - Thread.sleep(1000): null

2020-03-09 03:56:46 - [TEST_STEP][PASSED] - try: null

2020-03-09 03:56:46 - [TEST_STEP][PASSED] - if (selenium.isElementPresent("xpath=//h2[contains(text(),'Thank You')]")): null

2020-03-09 03:56:46 - [TEST_STEP][PASSED] - Thread.sleep(1000): null

2020-03-09 03:56:47 - [TEST_STEP][PASSED] - try: null

2020-03-09 03:56:47 - [TEST_STEP][PASSED] - if (selenium.isElementPresent("xpath=//h2[contains(text(),'Thank You')]")): null

2020-03-09 03:56:47 - [TEST_STEP][PASSED] - Thread.sleep(1000): null

2020-03-09 03:56:48 - [TEST_STEP][PASSED] - try: null

2020-03-09 03:56:48 - [TEST_STEP][PASSED] - if (selenium.isElementPresent("xpath=//h2[contains(text(),'Thank You')]")): null

2020-03-09 03:56:48 - [TEST_STEP][PASSED] - Thread.sleep(1000): null

2020-03-09 03:56:49 - [TEST_STEP][PASSED] - try: null

2020-03-09 03:56:49 - [TEST_STEP][PASSED] - if (selenium.isElementPresent("xpath=//h2[contains(text(),'Thank You')]")): null

2020-03-09 03:56:49 - [TEST_STEP][PASSED] - Thread.sleep(1000): null

2020-03-09 03:56:50 - [TEST_STEP][PASSED] - try: null

2020-03-09 03:56:50 - [TEST_STEP][PASSED] - if (selenium.isElementPresent("xpath=//h2[contains(text(),'Thank You')]")): null

2020-03-09 03:56:50 - [TEST_STEP][PASSED] - Thread.sleep(1000): null

2020-03-09 03:56:51 - [TEST_STEP][PASSED] - try: null

2020-03-09 03:56:51 - [TEST_STEP][PASSED] - if (selenium.isElementPresent("xpath=//h2[contains(text(),'Thank You')]")): null

2020-03-09 03:56:51 - [TEST_STEP][PASSED] - Thread.sleep(1000): null

2020-03-09 03:56:52 - [TEST_STEP][PASSED] - try: null

2020-03-09 03:56:52 - [TEST_STEP][PASSED] - if (selenium.isElementPresent("xpath=//h2[contains(text(),'Thank You')]")): null

2020-03-09 03:56:52 - [TEST_STEP][PASSED] - Thread.sleep(1000): null

2020-03-09 03:56:53 - [TEST_STEP][PASSED] - try: null

2020-03-09 03:56:53 - [TEST_STEP][PASSED] - if (selenium.isElementPresent("xpath=//h2[contains(text(),'Thank You')]")): null

2020-03-09 03:56:53 - [TEST_STEP][PASSED] - Thread.sleep(1000): null

2020-03-09 03:56:54 - [TEST_STEP][PASSED] - try: null

2020-03-09 03:56:54 - [TEST_STEP][PASSED] - if (selenium.isElementPresent("xpath=//h2[contains(text(),'Thank You')]")): null

2020-03-09 03:56:55 - [TEST_STEP][PASSED] - Thread.sleep(1000): null

2020-03-09 03:56:56 - [TEST_STEP][PASSED] - try: null

2020-03-09 03:56:56 - [TEST_STEP][PASSED] - if (selenium.isElementPresent("xpath=//h2[contains(text(),'Thank You')]")): null

2020-03-09 03:56:56 - [TEST_STEP][PASSED] - Thread.sleep(1000): null

2020-03-09 03:56:57 - [TEST_STEP][PASSED] - try: null

2020-03-09 03:56:57 - [TEST_STEP][PASSED] - if (selenium.isElementPresent("xpath=//h2[contains(text(),'Thank You')]")): null

2020-03-09 03:56:57 - [TEST_STEP][PASSED] - Thread.sleep(1000): null

2020-03-09 03:56:58 - [TEST_STEP][PASSED] - try: null

2020-03-09 03:56:58 - [TEST_STEP][PASSED] - if (selenium.isElementPresent("xpath=//h2[contains(text(),'Thank You')]")): null

2020-03-09 03:56:58 - [TEST_STEP][PASSED] - Thread.sleep(1000): null

2020-03-09 03:56:59 - [TEST_STEP][PASSED] - try: null

2020-03-09 03:56:59 - [TEST_STEP][PASSED] - if (selenium.isElementPresent("xpath=//h2[contains(text(),'Thank You')]")): null

2020-03-09 03:57:00 - [TEST_STEP][PASSED] - Thread.sleep(1000): null

2020-03-09 03:57:01 - [TEST_STEP][PASSED] - try: null

2020-03-09 03:57:01 - [TEST_STEP][PASSED] - if (selenium.isElementPresent("xpath=//h2[contains(text(),'Thank You')]")): null

2020-03-09 03:57:01 - [TEST_STEP][PASSED] - break: null

2020-03-09 03:57:01 - [TEST_STEP][PASSED] - callTestCase(findTestCase("AHI/_include/get_screenshot"), [:], STOP_ON_FAILURE): Call Test Case 'Test Cases/AHI/_include/get_screenshot' successfully

2020-03-09 03:57:01 - [TEST_CASE][PASSED] - Test Cases/AHI/_include/get_screenshot: Test Cases/AHI/_include/get_screenshot

2020-03-09 03:57:01 - [TEST_STEP][PASSED] - Thread.sleep(1000): null

2020-03-09 03:57:02 - [TEST_STEP][PASSED] - takeScreenshot(screenPath + i + ".png"): Taking screenshot successfully

2020-03-09 03:57:03 - [MESSAGE][PASSED] - Taking screenshot successfully
[[ATTACHMENT|D:\\Test\\AgileTest\\Reports\\AHI\\ahi\\20200309_035452\\../Screenshots/iPhone X/cancer/Cancer Insurance/20200309_035522/9.png]]

2020-03-09 03:57:03 - [TEST_STEP][PASSED] - (internal.GlobalVariable.i++): null

2020-03-09 03:57:03 - [MESSAGE][PASSED] - Call Test Case 'Test Cases/AHI/_include/get_screenshot' successfully]]></system-out>
         <system-err><![CDATA[]]></system-err>
      </testcase>
      <testcase name="Test Cases/AHI/NEW/Dental/National General" classname="Test Cases/AHI/NEW/Dental/National General" status="FAILED">
         <failure type="FAILED" message="Test Cases/AHI/NEW/Dental/National General FAILED.
Reason:
com.kms.katalon.core.exception.StepFailedException: Unable to click on object 'Object Repository/mobileSanity/Dental/census/label_Compare Dental Insurance' (Root cause: com.kms.katalon.core.webui.exception.WebElementNotFoundException: Web element with id: 'Object Repository/mobileSanity/Dental/census/label_Compare Dental Insurance' located by 'By.xpath: //label[@id = 'js-see-plans' and @href = '#' and (text() = 'Compare Dental Insurance ' or . = 'Compare Dental Insurance ')]' not found)
	at com.kms.katalon.core.keyword.internal.KeywordMain.stepFailed(KeywordMain.groovy:36)
	at com.kms.katalon.core.webui.keyword.internal.WebUIKeywordMain.stepFailed(WebUIKeywordMain.groovy:65)
	at com.kms.katalon.core.webui.keyword.internal.WebUIKeywordMain.runKeyword(WebUIKeywordMain.groovy:27)
	at com.kms.katalon.core.webui.keyword.builtin.ClickKeyword.click(ClickKeyword.groovy:86)
	at com.kms.katalon.core.webui.keyword.builtin.ClickKeyword.execute(ClickKeyword.groovy:67)
	at com.kms.katalon.core.keyword.internal.KeywordExecutor.executeKeywordForPlatform(KeywordExecutor.groovy:53)
	at com.kms.katalon.core.webui.keyword.WebUiBuiltInKeywords.click(WebUiBuiltInKeywords.groovy:616)
	at com.kms.katalon.core.webui.keyword.WebUiBuiltInKeywords$click$4.call(Unknown Source)
	at census_dental.run(census_dental:36)
	at com.kms.katalon.core.main.ScriptEngine.run(ScriptEngine.java:194)
	at com.kms.katalon.core.main.ScriptEngine.runScriptAsRawText(ScriptEngine.java:119)
	at com.kms.katalon.core.main.TestCaseExecutor.runScript(TestCaseExecutor.java:328)
	at com.kms.katalon.core.main.TestCaseExecutor.doExecute(TestCaseExecutor.java:319)
	at com.kms.katalon.core.main.TestCaseExecutor.processExecutionPhase(TestCaseExecutor.java:298)
	at com.kms.katalon.core.main.TestCaseExecutor.accessMainPhase(TestCaseExecutor.java:290)
	at com.kms.katalon.core.main.TestCaseExecutor.execute(TestCaseExecutor.java:224)
	at com.kms.katalon.core.main.TestCaseMain.runTestCase(TestCaseMain.java:106)
	at com.kms.katalon.core.keyword.builtin.CallTestCaseKeyword$_callTestCase_closure1.doCall(CallTestCaseKeyword.groovy:59)
	at com.kms.katalon.core.keyword.builtin.CallTestCaseKeyword$_callTestCase_closure1.call(CallTestCaseKeyword.groovy)
	at com.kms.katalon.core.keyword.internal.KeywordMain.runKeyword(KeywordMain.groovy:54)
	at com.kms.katalon.core.keyword.builtin.CallTestCaseKeyword.callTestCase(CallTestCaseKeyword.groovy:80)
	at com.kms.katalon.core.keyword.builtin.CallTestCaseKeyword.execute(CallTestCaseKeyword.groovy:44)
	at com.kms.katalon.core.keyword.internal.KeywordExecutor.executeKeywordForPlatform(KeywordExecutor.groovy:53)
	at com.kms.katalon.core.keyword.BuiltinKeywords.callTestCase(BuiltinKeywords.groovy:334)
	at National General.run(National General:24)
	at com.kms.katalon.core.main.ScriptEngine.run(ScriptEngine.java:194)
	at com.kms.katalon.core.main.ScriptEngine.runScriptAsRawText(ScriptEngine.java:119)
	at com.kms.katalon.core.main.TestCaseExecutor.runScript(TestCaseExecutor.java:328)
	at com.kms.katalon.core.main.TestCaseExecutor.doExecute(TestCaseExecutor.java:319)
	at com.kms.katalon.core.main.TestCaseExecutor.processExecutionPhase(TestCaseExecutor.java:298)
	at com.kms.katalon.core.main.TestCaseExecutor.accessMainPhase(TestCaseExecutor.java:290)
	at com.kms.katalon.core.main.TestCaseExecutor.execute(TestCaseExecutor.java:224)
	at com.kms.katalon.core.main.TestSuiteExecutor.accessTestCaseMainPhase(TestSuiteExecutor.java:129)
	at com.kms.katalon.core.main.TestSuiteExecutor.accessTestSuiteMainPhase(TestSuiteExecutor.java:112)
	at com.kms.katalon.core.main.TestSuiteExecutor.execute(TestSuiteExecutor.java:81)
	at com.kms.katalon.core.main.TestCaseMain.startTestSuite(TestCaseMain.java:149)
	at com.kms.katalon.core.main.TestCaseMain$startTestSuite$0.call(Unknown Source)
	at TempTestSuite1583740492521.run(TempTestSuite1583740492521.groovy:36)
"/>
         <system-out><![CDATA[2020-03-09 03:57:03 - [TEST_CASE][FAILED] - Test Cases/AHI/NEW/Dental/National General: Test Cases/AHI/NEW/Dental/National General FAILED.
Reason:
com.kms.katalon.core.exception.StepFailedException: Unable to click on object 'Object Repository/mobileSanity/Dental/census/label_Compare Dental Insurance' (Root cause: com.kms.katalon.core.webui.exception.WebElementNotFoundException: Web element with id: 'Object Repository/mobileSanity/Dental/census/label_Compare Dental Insurance' located by 'By.xpath: //label[@id = 'js-see-plans' and @href = '#' and (text() = 'Compare Dental Insurance ' or . = 'Compare Dental Insurance ')]' not found)
	at com.kms.katalon.core.keyword.internal.KeywordMain.stepFailed(KeywordMain.groovy:36)
	at com.kms.katalon.core.webui.keyword.internal.WebUIKeywordMain.stepFailed(WebUIKeywordMain.groovy:65)
	at com.kms.katalon.core.webui.keyword.internal.WebUIKeywordMain.runKeyword(WebUIKeywordMain.groovy:27)
	at com.kms.katalon.core.webui.keyword.builtin.ClickKeyword.click(ClickKeyword.groovy:86)
	at com.kms.katalon.core.webui.keyword.builtin.ClickKeyword.execute(ClickKeyword.groovy:67)
	at com.kms.katalon.core.keyword.internal.KeywordExecutor.executeKeywordForPlatform(KeywordExecutor.groovy:53)
	at com.kms.katalon.core.webui.keyword.WebUiBuiltInKeywords.click(WebUiBuiltInKeywords.groovy:616)
	at com.kms.katalon.core.webui.keyword.WebUiBuiltInKeywords$click$4.call(Unknown Source)
	at census_dental.run(census_dental:36)
	at com.kms.katalon.core.main.ScriptEngine.run(ScriptEngine.java:194)
	at com.kms.katalon.core.main.ScriptEngine.runScriptAsRawText(ScriptEngine.java:119)
	at com.kms.katalon.core.main.TestCaseExecutor.runScript(TestCaseExecutor.java:328)
	at com.kms.katalon.core.main.TestCaseExecutor.doExecute(TestCaseExecutor.java:319)
	at com.kms.katalon.core.main.TestCaseExecutor.processExecutionPhase(TestCaseExecutor.java:298)
	at com.kms.katalon.core.main.TestCaseExecutor.accessMainPhase(TestCaseExecutor.java:290)
	at com.kms.katalon.core.main.TestCaseExecutor.execute(TestCaseExecutor.java:224)
	at com.kms.katalon.core.main.TestCaseMain.runTestCase(TestCaseMain.java:106)
	at com.kms.katalon.core.keyword.builtin.CallTestCaseKeyword$_callTestCase_closure1.doCall(CallTestCaseKeyword.groovy:59)
	at com.kms.katalon.core.keyword.builtin.CallTestCaseKeyword$_callTestCase_closure1.call(CallTestCaseKeyword.groovy)
	at com.kms.katalon.core.keyword.internal.KeywordMain.runKeyword(KeywordMain.groovy:54)
	at com.kms.katalon.core.keyword.builtin.CallTestCaseKeyword.callTestCase(CallTestCaseKeyword.groovy:80)
	at com.kms.katalon.core.keyword.builtin.CallTestCaseKeyword.execute(CallTestCaseKeyword.groovy:44)
	at com.kms.katalon.core.keyword.internal.KeywordExecutor.executeKeywordForPlatform(KeywordExecutor.groovy:53)
	at com.kms.katalon.core.keyword.BuiltinKeywords.callTestCase(BuiltinKeywords.groovy:334)
	at National General.run(National General:24)
	at com.kms.katalon.core.main.ScriptEngine.run(ScriptEngine.java:194)
	at com.kms.katalon.core.main.ScriptEngine.runScriptAsRawText(ScriptEngine.java:119)
	at com.kms.katalon.core.main.TestCaseExecutor.runScript(TestCaseExecutor.java:328)
	at com.kms.katalon.core.main.TestCaseExecutor.doExecute(TestCaseExecutor.java:319)
	at com.kms.katalon.core.main.TestCaseExecutor.processExecutionPhase(TestCaseExecutor.java:298)
	at com.kms.katalon.core.main.TestCaseExecutor.accessMainPhase(TestCaseExecutor.java:290)
	at com.kms.katalon.core.main.TestCaseExecutor.execute(TestCaseExecutor.java:224)
	at com.kms.katalon.core.main.TestSuiteExecutor.accessTestCaseMainPhase(TestSuiteExecutor.java:129)
	at com.kms.katalon.core.main.TestSuiteExecutor.accessTestSuiteMainPhase(TestSuiteExecutor.java:112)
	at com.kms.katalon.core.main.TestSuiteExecutor.execute(TestSuiteExecutor.java:81)
	at com.kms.katalon.core.main.TestCaseMain.startTestSuite(TestCaseMain.java:149)
	at com.kms.katalon.core.main.TestCaseMain$startTestSuite$0.call(Unknown Source)
	at TempTestSuite1583740492521.run(TempTestSuite1583740492521.groovy:36)


2020-03-09 03:57:04 - [TEST_STEP][PASSED] - callTestCase(findTestCase("AHI/_include/get_screenPath"), ["productLine":"dental", "carrierName":"National General"], CONTINUE_ON_FAILURE): Call Test Case 'Test Cases/AHI/_include/get_screenPath' successfully

2020-03-09 03:57:04 - [TEST_CASE][PASSED] - Test Cases/AHI/_include/get_screenPath: Test Cases/AHI/_include/get_screenPath

2020-03-09 03:57:04 - [TEST_STEP][PASSED] - m = getExecutionProperties(): null

2020-03-09 03:57:04 - [TEST_STEP][PASSED] - deviceName = get("mobileEmulation").get("deviceName"): null

2020-03-09 03:57:04 - [TEST_STEP][PASSED] - println(deviceName): null

2020-03-09 03:57:04 - [TEST_STEP][PASSED] - now = new java.util.Date(): null

2020-03-09 03:57:04 - [TEST_STEP][PASSED] - mydate = now.format("yyyyMMdd_HHmmss"): null

2020-03-09 03:57:04 - [TEST_STEP][PASSED] - screenPath = "../Screenshots/": null

2020-03-09 03:57:04 - [TEST_STEP][PASSED] - screenPath = screenPath + deviceName + "/" + productLine + "/" + carrierName + "/" + mydate + "/": null

2020-03-09 03:57:04 - [TEST_STEP][PASSED] - println(screenPath): null

2020-03-09 03:57:04 - [MESSAGE][PASSED] - Call Test Case 'Test Cases/AHI/_include/get_screenPath' successfully

2020-03-09 03:57:04 - [TEST_STEP][PASSED] - callTestCase(findTestCase("AHI/_include/openWebSite"), [:], STOP_ON_FAILURE): Call Test Case 'Test Cases/AHI/_include/openWebSite' successfully

2020-03-09 03:57:04 - [TEST_CASE][PASSED] - Test Cases/AHI/_include/openWebSite: Test Cases/AHI/_include/openWebSite

2020-03-09 03:57:04 - [TEST_STEP][PASSED] - openBrowser(env): Browser is opened with url: 'https://praetemptatus.agilehealthinsurance.com'

2020-03-09 03:57:04 - [MESSAGE][WARNING] - A browser is already opened. Closing browser and opening a new one

2020-03-09 03:57:05 - [MESSAGE][INFO] - Starting 'Chrome' driver

2020-03-09 03:57:05 - [MESSAGE][INFO] - User set preference: ['mobileEmulation', '{deviceName=iPhone X}']

2020-03-09 03:57:05 - [MESSAGE][INFO] - User set preference: ['args', '[--incognito, --aggressive-cache-discard, --no-sandbox, --window-size=375,812, --ignore-certificate-errors]']

2020-03-09 03:57:08 - [MESSAGE][PASSED] - Browser is opened with url: 'https://praetemptatus.agilehealthinsurance.com'

2020-03-09 03:57:08 - [TEST_STEP][PASSED] - waitForPageLoad(20): Wait for page load successfully

2020-03-09 03:57:09 - [MESSAGE][PASSED] - Wait for page load successfully

2020-03-09 03:57:09 - [TEST_STEP][PASSED] - callTestCase(findTestCase("AHI/_include/get_screenshot"), [:], STOP_ON_FAILURE): Call Test Case 'Test Cases/AHI/_include/get_screenshot' successfully

2020-03-09 03:57:09 - [TEST_CASE][PASSED] - Test Cases/AHI/_include/get_screenshot: Test Cases/AHI/_include/get_screenshot

2020-03-09 03:57:09 - [TEST_STEP][PASSED] - Thread.sleep(1000): null

2020-03-09 03:57:10 - [TEST_STEP][PASSED] - takeScreenshot(screenPath + i + ".png"): Taking screenshot successfully

2020-03-09 03:57:12 - [MESSAGE][PASSED] - Taking screenshot successfully
[[ATTACHMENT|D:\\Test\\AgileTest\\Reports\\AHI\\ahi\\20200309_035452\\../Screenshots/iPhone X/dental/National General/20200309_035704/10.png]]

2020-03-09 03:57:12 - [TEST_STEP][PASSED] - (internal.GlobalVariable.i++): null

2020-03-09 03:57:12 - [MESSAGE][PASSED] - Call Test Case 'Test Cases/AHI/_include/get_screenshot' successfully

2020-03-09 03:57:12 - [MESSAGE][PASSED] - Call Test Case 'Test Cases/AHI/_include/openWebSite' successfully

2020-03-09 03:57:12 - [TEST_STEP][FAILED] - callTestCase(findTestCase("AHI/_include/census_dental"), ["zipcode":zipcode, "dob":"12/12/1980"], STOP_ON_FAILURE): callTestCase(findTestCase("AHI/_include/census_dental"), ["zipcode":zipcode, "dob":"12/12/1980"], STOP_ON_FAILURE) FAILED.
Reason:
com.kms.katalon.core.exception.StepFailedException: Unable to click on object 'Object Repository/mobileSanity/Dental/census/label_Compare Dental Insurance' (Root cause: com.kms.katalon.core.webui.exception.WebElementNotFoundException: Web element with id: 'Object Repository/mobileSanity/Dental/census/label_Compare Dental Insurance' located by 'By.xpath: //label[@id = 'js-see-plans' and @href = '#' and (text() = 'Compare Dental Insurance ' or . = 'Compare Dental Insurance ')]' not found)
	at com.kms.katalon.core.keyword.internal.KeywordMain.stepFailed(KeywordMain.groovy:36)
	at com.kms.katalon.core.webui.keyword.internal.WebUIKeywordMain.stepFailed(WebUIKeywordMain.groovy:65)
	at com.kms.katalon.core.webui.keyword.internal.WebUIKeywordMain.runKeyword(WebUIKeywordMain.groovy:27)
	at com.kms.katalon.core.webui.keyword.builtin.ClickKeyword.click(ClickKeyword.groovy:86)
	at com.kms.katalon.core.webui.keyword.builtin.ClickKeyword.execute(ClickKeyword.groovy:67)
	at com.kms.katalon.core.keyword.internal.KeywordExecutor.executeKeywordForPlatform(KeywordExecutor.groovy:53)
	at com.kms.katalon.core.webui.keyword.WebUiBuiltInKeywords.click(WebUiBuiltInKeywords.groovy:616)
	at com.kms.katalon.core.webui.keyword.WebUiBuiltInKeywords$click$4.call(Unknown Source)
	at census_dental.run(census_dental:36)
	at com.kms.katalon.core.main.ScriptEngine.run(ScriptEngine.java:194)
	at com.kms.katalon.core.main.ScriptEngine.runScriptAsRawText(ScriptEngine.java:119)
	at com.kms.katalon.core.main.TestCaseExecutor.runScript(TestCaseExecutor.java:328)
	at com.kms.katalon.core.main.TestCaseExecutor.doExecute(TestCaseExecutor.java:319)
	at com.kms.katalon.core.main.TestCaseExecutor.processExecutionPhase(TestCaseExecutor.java:298)
	at com.kms.katalon.core.main.TestCaseExecutor.accessMainPhase(TestCaseExecutor.java:290)
	at com.kms.katalon.core.main.TestCaseExecutor.execute(TestCaseExecutor.java:224)
	at com.kms.katalon.core.main.TestCaseMain.runTestCase(TestCaseMain.java:106)
	at com.kms.katalon.core.keyword.builtin.CallTestCaseKeyword$_callTestCase_closure1.doCall(CallTestCaseKeyword.groovy:59)
	at com.kms.katalon.core.keyword.builtin.CallTestCaseKeyword$_callTestCase_closure1.call(CallTestCaseKeyword.groovy)
	at com.kms.katalon.core.keyword.internal.KeywordMain.runKeyword(KeywordMain.groovy:54)
	at com.kms.katalon.core.keyword.builtin.CallTestCaseKeyword.callTestCase(CallTestCaseKeyword.groovy:80)
	at com.kms.katalon.core.keyword.builtin.CallTestCaseKeyword.execute(CallTestCaseKeyword.groovy:44)
	at com.kms.katalon.core.keyword.internal.KeywordExecutor.executeKeywordForPlatform(KeywordExecutor.groovy:53)
	at com.kms.katalon.core.keyword.BuiltinKeywords.callTestCase(BuiltinKeywords.groovy:334)
	at National General.run(National General:24)
	at com.kms.katalon.core.main.ScriptEngine.run(ScriptEngine.java:194)
	at com.kms.katalon.core.main.ScriptEngine.runScriptAsRawText(ScriptEngine.java:119)
	at com.kms.katalon.core.main.TestCaseExecutor.runScript(TestCaseExecutor.java:328)
	at com.kms.katalon.core.main.TestCaseExecutor.doExecute(TestCaseExecutor.java:319)
	at com.kms.katalon.core.main.TestCaseExecutor.processExecutionPhase(TestCaseExecutor.java:298)
	at com.kms.katalon.core.main.TestCaseExecutor.accessMainPhase(TestCaseExecutor.java:290)
	at com.kms.katalon.core.main.TestCaseExecutor.execute(TestCaseExecutor.java:224)
	at com.kms.katalon.core.main.TestSuiteExecutor.accessTestCaseMainPhase(TestSuiteExecutor.java:129)
	at com.kms.katalon.core.main.TestSuiteExecutor.accessTestSuiteMainPhase(TestSuiteExecutor.java:112)
	at com.kms.katalon.core.main.TestSuiteExecutor.execute(TestSuiteExecutor.java:81)
	at com.kms.katalon.core.main.TestCaseMain.startTestSuite(TestCaseMain.java:149)
	at com.kms.katalon.core.main.TestCaseMain$startTestSuite$0.call(Unknown Source)
	at TempTestSuite1583740492521.run(TempTestSuite1583740492521.groovy:36)


2020-03-09 03:57:12 - [TEST_CASE][FAILED] - Test Cases/AHI/_include/census_dental: Test Cases/AHI/_include/census_dental FAILED.
Reason:
com.kms.katalon.core.exception.StepFailedException: Unable to click on object 'Object Repository/mobileSanity/Dental/census/label_Compare Dental Insurance' (Root cause: com.kms.katalon.core.webui.exception.WebElementNotFoundException: Web element with id: 'Object Repository/mobileSanity/Dental/census/label_Compare Dental Insurance' located by 'By.xpath: //label[@id = 'js-see-plans' and @href = '#' and (text() = 'Compare Dental Insurance ' or . = 'Compare Dental Insurance ')]' not found)
	at com.kms.katalon.core.keyword.internal.KeywordMain.stepFailed(KeywordMain.groovy:36)
	at com.kms.katalon.core.webui.keyword.internal.WebUIKeywordMain.stepFailed(WebUIKeywordMain.groovy:65)
	at com.kms.katalon.core.webui.keyword.internal.WebUIKeywordMain.runKeyword(WebUIKeywordMain.groovy:27)
	at com.kms.katalon.core.webui.keyword.builtin.ClickKeyword.click(ClickKeyword.groovy:86)
	at com.kms.katalon.core.webui.keyword.builtin.ClickKeyword.execute(ClickKeyword.groovy:67)
	at com.kms.katalon.core.keyword.internal.KeywordExecutor.executeKeywordForPlatform(KeywordExecutor.groovy:53)
	at com.kms.katalon.core.webui.keyword.WebUiBuiltInKeywords.click(WebUiBuiltInKeywords.groovy:616)
	at com.kms.katalon.core.webui.keyword.WebUiBuiltInKeywords$click$4.call(Unknown Source)
	at census_dental.run(census_dental:36)
	at com.kms.katalon.core.main.ScriptEngine.run(ScriptEngine.java:194)
	at com.kms.katalon.core.main.ScriptEngine.runScriptAsRawText(ScriptEngine.java:119)
	at com.kms.katalon.core.main.TestCaseExecutor.runScript(TestCaseExecutor.java:328)
	at com.kms.katalon.core.main.TestCaseExecutor.doExecute(TestCaseExecutor.java:319)
	at com.kms.katalon.core.main.TestCaseExecutor.processExecutionPhase(TestCaseExecutor.java:298)
	at com.kms.katalon.core.main.TestCaseExecutor.accessMainPhase(TestCaseExecutor.java:290)
	at com.kms.katalon.core.main.TestCaseExecutor.execute(TestCaseExecutor.java:224)
	at com.kms.katalon.core.main.TestCaseMain.runTestCase(TestCaseMain.java:106)
	at com.kms.katalon.core.keyword.builtin.CallTestCaseKeyword$_callTestCase_closure1.doCall(CallTestCaseKeyword.groovy:59)
	at com.kms.katalon.core.keyword.builtin.CallTestCaseKeyword$_callTestCase_closure1.call(CallTestCaseKeyword.groovy)
	at com.kms.katalon.core.keyword.internal.KeywordMain.runKeyword(KeywordMain.groovy:54)
	at com.kms.katalon.core.keyword.builtin.CallTestCaseKeyword.callTestCase(CallTestCaseKeyword.groovy:80)
	at com.kms.katalon.core.keyword.builtin.CallTestCaseKeyword.execute(CallTestCaseKeyword.groovy:44)
	at com.kms.katalon.core.keyword.internal.KeywordExecutor.executeKeywordForPlatform(KeywordExecutor.groovy:53)
	at com.kms.katalon.core.keyword.BuiltinKeywords.callTestCase(BuiltinKeywords.groovy:334)
	at National General.run(National General:24)
	at com.kms.katalon.core.main.ScriptEngine.run(ScriptEngine.java:194)
	at com.kms.katalon.core.main.ScriptEngine.runScriptAsRawText(ScriptEngine.java:119)
	at com.kms.katalon.core.main.TestCaseExecutor.runScript(TestCaseExecutor.java:328)
	at com.kms.katalon.core.main.TestCaseExecutor.doExecute(TestCaseExecutor.java:319)
	at com.kms.katalon.core.main.TestCaseExecutor.processExecutionPhase(TestCaseExecutor.java:298)
	at com.kms.katalon.core.main.TestCaseExecutor.accessMainPhase(TestCaseExecutor.java:290)
	at com.kms.katalon.core.main.TestCaseExecutor.execute(TestCaseExecutor.java:224)
	at com.kms.katalon.core.main.TestSuiteExecutor.accessTestCaseMainPhase(TestSuiteExecutor.java:129)
	at com.kms.katalon.core.main.TestSuiteExecutor.accessTestSuiteMainPhase(TestSuiteExecutor.java:112)
	at com.kms.katalon.core.main.TestSuiteExecutor.execute(TestSuiteExecutor.java:81)
	at com.kms.katalon.core.main.TestCaseMain.startTestSuite(TestCaseMain.java:149)
	at com.kms.katalon.core.main.TestCaseMain$startTestSuite$0.call(Unknown Source)
	at TempTestSuite1583740492521.run(TempTestSuite1583740492521.groovy:36)


2020-03-09 03:57:12 - [TEST_STEP][PASSED] - click(findTestObject("mobileSanity/Common/side_nav/menu")): Object: 'Object Repository/mobileSanity/Common/side_nav/menu' is clicked on

2020-03-09 03:57:12 - [MESSAGE][PASSED] - Object: 'Object Repository/mobileSanity/Common/side_nav/menu' is clicked on

2020-03-09 03:57:12 - [TEST_STEP][PASSED] - Thread.sleep(3000): null

2020-03-09 03:57:15 - [TEST_STEP][PASSED] - callTestCase(findTestCase("AHI/_include/get_screenshot"), [:], STOP_ON_FAILURE): Call Test Case 'Test Cases/AHI/_include/get_screenshot' successfully

2020-03-09 03:57:15 - [TEST_CASE][PASSED] - Test Cases/AHI/_include/get_screenshot: Test Cases/AHI/_include/get_screenshot

2020-03-09 03:57:15 - [TEST_STEP][PASSED] - Thread.sleep(1000): null

2020-03-09 03:57:16 - [TEST_STEP][PASSED] - takeScreenshot(screenPath + i + ".png"): Taking screenshot successfully

2020-03-09 03:57:17 - [MESSAGE][PASSED] - Taking screenshot successfully
[[ATTACHMENT|D:\\Test\\AgileTest\\Reports\\AHI\\ahi\\20200309_035452\\../Screenshots/iPhone X/dental/National General/20200309_035704/11.png]]

2020-03-09 03:57:17 - [TEST_STEP][PASSED] - (internal.GlobalVariable.i++): null

2020-03-09 03:57:17 - [MESSAGE][PASSED] - Call Test Case 'Test Cases/AHI/_include/get_screenshot' successfully

2020-03-09 03:57:17 - [TEST_STEP][PASSED] - click(findTestObject("mobileSanity/Common/side_nav/nav_dental")): Object: 'Object Repository/mobileSanity/Common/side_nav/nav_dental' is clicked on

2020-03-09 03:57:18 - [MESSAGE][PASSED] - Object: 'Object Repository/mobileSanity/Common/side_nav/nav_dental' is clicked on

2020-03-09 03:57:18 - [TEST_STEP][PASSED] - waitForPageLoad(10): Wait for page load successfully

2020-03-09 03:57:19 - [MESSAGE][PASSED] - Wait for page load successfully

2020-03-09 03:57:19 - [TEST_STEP][PASSED] - callTestCase(findTestCase("AHI/_include/get_screenshot"), [:], STOP_ON_FAILURE): Call Test Case 'Test Cases/AHI/_include/get_screenshot' successfully

2020-03-09 03:57:19 - [TEST_CASE][PASSED] - Test Cases/AHI/_include/get_screenshot: Test Cases/AHI/_include/get_screenshot

2020-03-09 03:57:19 - [TEST_STEP][PASSED] - Thread.sleep(1000): null

2020-03-09 03:57:20 - [TEST_STEP][PASSED] - takeScreenshot(screenPath + i + ".png"): Taking screenshot successfully

2020-03-09 03:57:21 - [MESSAGE][PASSED] - Taking screenshot successfully
[[ATTACHMENT|D:\\Test\\AgileTest\\Reports\\AHI\\ahi\\20200309_035452\\../Screenshots/iPhone X/dental/National General/20200309_035704/12.png]]

2020-03-09 03:57:21 - [TEST_STEP][PASSED] - (internal.GlobalVariable.i++): null

2020-03-09 03:57:21 - [MESSAGE][PASSED] - Call Test Case 'Test Cases/AHI/_include/get_screenshot' successfully

2020-03-09 03:57:21 - [TEST_STEP][PASSED] - sendKeys(findTestObject("mobileSanity/Dental/census/input_Location_zip-input"), zipcode): Keys '35215' sent to object: 'Object Repository/mobileSanity/Dental/census/input_Location_zip-input'

2020-03-09 03:57:21 - [MESSAGE][PASSED] - Keys '35215' sent to object: 'Object Repository/mobileSanity/Dental/census/input_Location_zip-input'

2020-03-09 03:57:21 - [TEST_STEP][PASSED] - Thread.sleep(500): null

2020-03-09 03:57:21 - [TEST_STEP][PASSED] - setText(findTestObject("mobileSanity/Dental/census/input_Date of Birth_dob-0"), "12121980"): Text '12121980' is set on object 'Object Repository/mobileSanity/Dental/census/input_Date of Birth_dob-0'

2020-03-09 03:57:21 - [MESSAGE][PASSED] - Text '12121980' is set on object 'Object Repository/mobileSanity/Dental/census/input_Date of Birth_dob-0'

2020-03-09 03:57:21 - [TEST_STEP][PASSED] - click(findTestObject("mobileSanity/Dental/census/label_Male")): Object: 'Object Repository/mobileSanity/Dental/census/label_Male' is clicked on

2020-03-09 03:57:22 - [MESSAGE][PASSED] - Object: 'Object Repository/mobileSanity/Dental/census/label_Male' is clicked on

2020-03-09 03:57:22 - [TEST_STEP][FAILED] - click(findTestObject("mobileSanity/Dental/census/label_Compare Dental Insurance")): click(findTestObject("mobileSanity/Dental/census/label_Compare Dental Insurance")) FAILED.
Reason:
com.kms.katalon.core.exception.StepFailedException: Unable to click on object 'Object Repository/mobileSanity/Dental/census/label_Compare Dental Insurance' (Root cause: com.kms.katalon.core.webui.exception.WebElementNotFoundException: Web element with id: 'Object Repository/mobileSanity/Dental/census/label_Compare Dental Insurance' located by 'By.xpath: //label[@id = 'js-see-plans' and @href = '#' and (text() = 'Compare Dental Insurance ' or . = 'Compare Dental Insurance ')]' not found)
	at com.kms.katalon.core.keyword.internal.KeywordMain.stepFailed(KeywordMain.groovy:36)
	at com.kms.katalon.core.webui.keyword.internal.WebUIKeywordMain.stepFailed(WebUIKeywordMain.groovy:65)
	at com.kms.katalon.core.webui.keyword.internal.WebUIKeywordMain.runKeyword(WebUIKeywordMain.groovy:27)
	at com.kms.katalon.core.webui.keyword.builtin.ClickKeyword.click(ClickKeyword.groovy:86)
	at com.kms.katalon.core.webui.keyword.builtin.ClickKeyword.execute(ClickKeyword.groovy:67)
	at com.kms.katalon.core.keyword.internal.KeywordExecutor.executeKeywordForPlatform(KeywordExecutor.groovy:53)
	at com.kms.katalon.core.webui.keyword.WebUiBuiltInKeywords.click(WebUiBuiltInKeywords.groovy:616)
	at com.kms.katalon.core.webui.keyword.WebUiBuiltInKeywords$click$4.call(Unknown Source)
	at census_dental.run(census_dental:36)
	at com.kms.katalon.core.main.ScriptEngine.run(ScriptEngine.java:194)
	at com.kms.katalon.core.main.ScriptEngine.runScriptAsRawText(ScriptEngine.java:119)
	at com.kms.katalon.core.main.TestCaseExecutor.runScript(TestCaseExecutor.java:328)
	at com.kms.katalon.core.main.TestCaseExecutor.doExecute(TestCaseExecutor.java:319)
	at com.kms.katalon.core.main.TestCaseExecutor.processExecutionPhase(TestCaseExecutor.java:298)
	at com.kms.katalon.core.main.TestCaseExecutor.accessMainPhase(TestCaseExecutor.java:290)
	at com.kms.katalon.core.main.TestCaseExecutor.execute(TestCaseExecutor.java:224)
	at com.kms.katalon.core.main.TestCaseMain.runTestCase(TestCaseMain.java:106)
	at com.kms.katalon.core.keyword.builtin.CallTestCaseKeyword$_callTestCase_closure1.doCall(CallTestCaseKeyword.groovy:59)
	at com.kms.katalon.core.keyword.builtin.CallTestCaseKeyword$_callTestCase_closure1.call(CallTestCaseKeyword.groovy)
	at com.kms.katalon.core.keyword.internal.KeywordMain.runKeyword(KeywordMain.groovy:54)
	at com.kms.katalon.core.keyword.builtin.CallTestCaseKeyword.callTestCase(CallTestCaseKeyword.groovy:80)
	at com.kms.katalon.core.keyword.builtin.CallTestCaseKeyword.execute(CallTestCaseKeyword.groovy:44)
	at com.kms.katalon.core.keyword.internal.KeywordExecutor.executeKeywordForPlatform(KeywordExecutor.groovy:53)
	at com.kms.katalon.core.keyword.BuiltinKeywords.callTestCase(BuiltinKeywords.groovy:334)
	at National General.run(National General:24)
	at com.kms.katalon.core.main.ScriptEngine.run(ScriptEngine.java:194)
	at com.kms.katalon.core.main.ScriptEngine.runScriptAsRawText(ScriptEngine.java:119)
	at com.kms.katalon.core.main.TestCaseExecutor.runScript(TestCaseExecutor.java:328)
	at com.kms.katalon.core.main.TestCaseExecutor.doExecute(TestCaseExecutor.java:319)
	at com.kms.katalon.core.main.TestCaseExecutor.processExecutionPhase(TestCaseExecutor.java:298)
	at com.kms.katalon.core.main.TestCaseExecutor.accessMainPhase(TestCaseExecutor.java:290)
	at com.kms.katalon.core.main.TestCaseExecutor.execute(TestCaseExecutor.java:224)
	at com.kms.katalon.core.main.TestSuiteExecutor.accessTestCaseMainPhase(TestSuiteExecutor.java:129)
	at com.kms.katalon.core.main.TestSuiteExecutor.accessTestSuiteMainPhase(TestSuiteExecutor.java:112)
	at com.kms.katalon.core.main.TestSuiteExecutor.execute(TestSuiteExecutor.java:81)
	at com.kms.katalon.core.main.TestCaseMain.startTestSuite(TestCaseMain.java:149)
	at com.kms.katalon.core.main.TestCaseMain$startTestSuite$0.call(Unknown Source)
	at TempTestSuite1583740492521.run(TempTestSuite1583740492521.groovy:36)


2020-03-09 03:57:42 - [MESSAGE][INFO] - Unable to find the element located by 'By.xpath: //label[@id = 'js-see-plans' and @href = '#' and (text() = 'Compare Dental Insurance ' or . = 'Compare Dental Insurance ')]'. Please recheck the objects properties to make sure the desired element is located. 

2020-03-09 03:57:43 - [MESSAGE][FAILED] - Unable to click on object 'Object Repository/mobileSanity/Dental/census/label_Compare Dental Insurance' (Root cause: com.kms.katalon.core.webui.exception.WebElementNotFoundException: Web element with id: 'Object Repository/mobileSanity/Dental/census/label_Compare Dental Insurance' located by 'By.xpath: //label[@id = 'js-see-plans' and @href = '#' and (text() = 'Compare Dental Insurance ' or . = 'Compare Dental Insurance ')]' not found)
[[ATTACHMENT|D:\\Test\\AgileTest\\Reports\\AHI\\ahi\\20200309_035452\\1583740662948.png]]

2020-03-09 03:57:43 - [MESSAGE][FAILED] - click(findTestObject("mobileSanity/Dental/census/label_Compare Dental Insurance")) FAILED.
Reason:
com.kms.katalon.core.exception.StepFailedException: Unable to click on object 'Object Repository/mobileSanity/Dental/census/label_Compare Dental Insurance' (Root cause: com.kms.katalon.core.webui.exception.WebElementNotFoundException: Web element with id: 'Object Repository/mobileSanity/Dental/census/label_Compare Dental Insurance' located by 'By.xpath: //label[@id = 'js-see-plans' and @href = '#' and (text() = 'Compare Dental Insurance ' or . = 'Compare Dental Insurance ')]' not found)
	at com.kms.katalon.core.keyword.internal.KeywordMain.stepFailed(KeywordMain.groovy:36)
	at com.kms.katalon.core.webui.keyword.internal.WebUIKeywordMain.stepFailed(WebUIKeywordMain.groovy:65)
	at com.kms.katalon.core.webui.keyword.internal.WebUIKeywordMain.runKeyword(WebUIKeywordMain.groovy:27)
	at com.kms.katalon.core.webui.keyword.builtin.ClickKeyword.click(ClickKeyword.groovy:86)
	at com.kms.katalon.core.webui.keyword.builtin.ClickKeyword.execute(ClickKeyword.groovy:67)
	at com.kms.katalon.core.keyword.internal.KeywordExecutor.executeKeywordForPlatform(KeywordExecutor.groovy:53)
	at com.kms.katalon.core.webui.keyword.WebUiBuiltInKeywords.click(WebUiBuiltInKeywords.groovy:616)
	at com.kms.katalon.core.webui.keyword.WebUiBuiltInKeywords$click$4.call(Unknown Source)
	at census_dental.run(census_dental:36)
	at com.kms.katalon.core.main.ScriptEngine.run(ScriptEngine.java:194)
	at com.kms.katalon.core.main.ScriptEngine.runScriptAsRawText(ScriptEngine.java:119)
	at com.kms.katalon.core.main.TestCaseExecutor.runScript(TestCaseExecutor.java:328)
	at com.kms.katalon.core.main.TestCaseExecutor.doExecute(TestCaseExecutor.java:319)
	at com.kms.katalon.core.main.TestCaseExecutor.processExecutionPhase(TestCaseExecutor.java:298)
	at com.kms.katalon.core.main.TestCaseExecutor.accessMainPhase(TestCaseExecutor.java:290)
	at com.kms.katalon.core.main.TestCaseExecutor.execute(TestCaseExecutor.java:224)
	at com.kms.katalon.core.main.TestCaseMain.runTestCase(TestCaseMain.java:106)
	at com.kms.katalon.core.keyword.builtin.CallTestCaseKeyword$_callTestCase_closure1.doCall(CallTestCaseKeyword.groovy:59)
	at com.kms.katalon.core.keyword.builtin.CallTestCaseKeyword$_callTestCase_closure1.call(CallTestCaseKeyword.groovy)
	at com.kms.katalon.core.keyword.internal.KeywordMain.runKeyword(KeywordMain.groovy:54)
	at com.kms.katalon.core.keyword.builtin.CallTestCaseKeyword.callTestCase(CallTestCaseKeyword.groovy:80)
	at com.kms.katalon.core.keyword.builtin.CallTestCaseKeyword.execute(CallTestCaseKeyword.groovy:44)
	at com.kms.katalon.core.keyword.internal.KeywordExecutor.executeKeywordForPlatform(KeywordExecutor.groovy:53)
	at com.kms.katalon.core.keyword.BuiltinKeywords.callTestCase(BuiltinKeywords.groovy:334)
	at National General.run(National General:24)
	at com.kms.katalon.core.main.ScriptEngine.run(ScriptEngine.java:194)
	at com.kms.katalon.core.main.ScriptEngine.runScriptAsRawText(ScriptEngine.java:119)
	at com.kms.katalon.core.main.TestCaseExecutor.runScript(TestCaseExecutor.java:328)
	at com.kms.katalon.core.main.TestCaseExecutor.doExecute(TestCaseExecutor.java:319)
	at com.kms.katalon.core.main.TestCaseExecutor.processExecutionPhase(TestCaseExecutor.java:298)
	at com.kms.katalon.core.main.TestCaseExecutor.accessMainPhase(TestCaseExecutor.java:290)
	at com.kms.katalon.core.main.TestCaseExecutor.execute(TestCaseExecutor.java:224)
	at com.kms.katalon.core.main.TestSuiteExecutor.accessTestCaseMainPhase(TestSuiteExecutor.java:129)
	at com.kms.katalon.core.main.TestSuiteExecutor.accessTestSuiteMainPhase(TestSuiteExecutor.java:112)
	at com.kms.katalon.core.main.TestSuiteExecutor.execute(TestSuiteExecutor.java:81)
	at com.kms.katalon.core.main.TestCaseMain.startTestSuite(TestCaseMain.java:149)
	at com.kms.katalon.core.main.TestCaseMain$startTestSuite$0.call(Unknown Source)
	at TempTestSuite1583740492521.run(TempTestSuite1583740492521.groovy:36)


2020-03-09 03:57:43 - [MESSAGE][FAILED] - Unable to call Test Case 'Test Cases/AHI/_include/census_dental' (Root cause: com.kms.katalon.core.exception.StepFailedException: Call Test Case 'Test Cases/AHI/_include/census_dental' failed)

2020-03-09 03:57:43 - [MESSAGE][FAILED] - callTestCase(findTestCase("AHI/_include/census_dental"), ["zipcode":zipcode, "dob":"12/12/1980"], STOP_ON_FAILURE) FAILED.
Reason:
com.kms.katalon.core.exception.StepFailedException: Unable to click on object 'Object Repository/mobileSanity/Dental/census/label_Compare Dental Insurance' (Root cause: com.kms.katalon.core.webui.exception.WebElementNotFoundException: Web element with id: 'Object Repository/mobileSanity/Dental/census/label_Compare Dental Insurance' located by 'By.xpath: //label[@id = 'js-see-plans' and @href = '#' and (text() = 'Compare Dental Insurance ' or . = 'Compare Dental Insurance ')]' not found)
	at com.kms.katalon.core.keyword.internal.KeywordMain.stepFailed(KeywordMain.groovy:36)
	at com.kms.katalon.core.webui.keyword.internal.WebUIKeywordMain.stepFailed(WebUIKeywordMain.groovy:65)
	at com.kms.katalon.core.webui.keyword.internal.WebUIKeywordMain.runKeyword(WebUIKeywordMain.groovy:27)
	at com.kms.katalon.core.webui.keyword.builtin.ClickKeyword.click(ClickKeyword.groovy:86)
	at com.kms.katalon.core.webui.keyword.builtin.ClickKeyword.execute(ClickKeyword.groovy:67)
	at com.kms.katalon.core.keyword.internal.KeywordExecutor.executeKeywordForPlatform(KeywordExecutor.groovy:53)
	at com.kms.katalon.core.webui.keyword.WebUiBuiltInKeywords.click(WebUiBuiltInKeywords.groovy:616)
	at com.kms.katalon.core.webui.keyword.WebUiBuiltInKeywords$click$4.call(Unknown Source)
	at census_dental.run(census_dental:36)
	at com.kms.katalon.core.main.ScriptEngine.run(ScriptEngine.java:194)
	at com.kms.katalon.core.main.ScriptEngine.runScriptAsRawText(ScriptEngine.java:119)
	at com.kms.katalon.core.main.TestCaseExecutor.runScript(TestCaseExecutor.java:328)
	at com.kms.katalon.core.main.TestCaseExecutor.doExecute(TestCaseExecutor.java:319)
	at com.kms.katalon.core.main.TestCaseExecutor.processExecutionPhase(TestCaseExecutor.java:298)
	at com.kms.katalon.core.main.TestCaseExecutor.accessMainPhase(TestCaseExecutor.java:290)
	at com.kms.katalon.core.main.TestCaseExecutor.execute(TestCaseExecutor.java:224)
	at com.kms.katalon.core.main.TestCaseMain.runTestCase(TestCaseMain.java:106)
	at com.kms.katalon.core.keyword.builtin.CallTestCaseKeyword$_callTestCase_closure1.doCall(CallTestCaseKeyword.groovy:59)
	at com.kms.katalon.core.keyword.builtin.CallTestCaseKeyword$_callTestCase_closure1.call(CallTestCaseKeyword.groovy)
	at com.kms.katalon.core.keyword.internal.KeywordMain.runKeyword(KeywordMain.groovy:54)
	at com.kms.katalon.core.keyword.builtin.CallTestCaseKeyword.callTestCase(CallTestCaseKeyword.groovy:80)
	at com.kms.katalon.core.keyword.builtin.CallTestCaseKeyword.execute(CallTestCaseKeyword.groovy:44)
	at com.kms.katalon.core.keyword.internal.KeywordExecutor.executeKeywordForPlatform(KeywordExecutor.groovy:53)
	at com.kms.katalon.core.keyword.BuiltinKeywords.callTestCase(BuiltinKeywords.groovy:334)
	at National General.run(National General:24)
	at com.kms.katalon.core.main.ScriptEngine.run(ScriptEngine.java:194)
	at com.kms.katalon.core.main.ScriptEngine.runScriptAsRawText(ScriptEngine.java:119)
	at com.kms.katalon.core.main.TestCaseExecutor.runScript(TestCaseExecutor.java:328)
	at com.kms.katalon.core.main.TestCaseExecutor.doExecute(TestCaseExecutor.java:319)
	at com.kms.katalon.core.main.TestCaseExecutor.processExecutionPhase(TestCaseExecutor.java:298)
	at com.kms.katalon.core.main.TestCaseExecutor.accessMainPhase(TestCaseExecutor.java:290)
	at com.kms.katalon.core.main.TestCaseExecutor.execute(TestCaseExecutor.java:224)
	at com.kms.katalon.core.main.TestSuiteExecutor.accessTestCaseMainPhase(TestSuiteExecutor.java:129)
	at com.kms.katalon.core.main.TestSuiteExecutor.accessTestSuiteMainPhase(TestSuiteExecutor.java:112)
	at com.kms.katalon.core.main.TestSuiteExecutor.execute(TestSuiteExecutor.java:81)
	at com.kms.katalon.core.main.TestCaseMain.startTestSuite(TestCaseMain.java:149)
	at com.kms.katalon.core.main.TestCaseMain$startTestSuite$0.call(Unknown Source)
	at TempTestSuite1583740492521.run(TempTestSuite1583740492521.groovy:36)]]></system-out>
         <system-err><![CDATA[2020-03-09 03:57:03 - [TEST_CASE][FAILED] - Test Cases/AHI/NEW/Dental/National General: Test Cases/AHI/NEW/Dental/National General FAILED.
Reason:
com.kms.katalon.core.exception.StepFailedException: Unable to click on object 'Object Repository/mobileSanity/Dental/census/label_Compare Dental Insurance' (Root cause: com.kms.katalon.core.webui.exception.WebElementNotFoundException: Web element with id: 'Object Repository/mobileSanity/Dental/census/label_Compare Dental Insurance' located by 'By.xpath: //label[@id = 'js-see-plans' and @href = '#' and (text() = 'Compare Dental Insurance ' or . = 'Compare Dental Insurance ')]' not found)
	at com.kms.katalon.core.keyword.internal.KeywordMain.stepFailed(KeywordMain.groovy:36)
	at com.kms.katalon.core.webui.keyword.internal.WebUIKeywordMain.stepFailed(WebUIKeywordMain.groovy:65)
	at com.kms.katalon.core.webui.keyword.internal.WebUIKeywordMain.runKeyword(WebUIKeywordMain.groovy:27)
	at com.kms.katalon.core.webui.keyword.builtin.ClickKeyword.click(ClickKeyword.groovy:86)
	at com.kms.katalon.core.webui.keyword.builtin.ClickKeyword.execute(ClickKeyword.groovy:67)
	at com.kms.katalon.core.keyword.internal.KeywordExecutor.executeKeywordForPlatform(KeywordExecutor.groovy:53)
	at com.kms.katalon.core.webui.keyword.WebUiBuiltInKeywords.click(WebUiBuiltInKeywords.groovy:616)
	at com.kms.katalon.core.webui.keyword.WebUiBuiltInKeywords$click$4.call(Unknown Source)
	at census_dental.run(census_dental:36)
	at com.kms.katalon.core.main.ScriptEngine.run(ScriptEngine.java:194)
	at com.kms.katalon.core.main.ScriptEngine.runScriptAsRawText(ScriptEngine.java:119)
	at com.kms.katalon.core.main.TestCaseExecutor.runScript(TestCaseExecutor.java:328)
	at com.kms.katalon.core.main.TestCaseExecutor.doExecute(TestCaseExecutor.java:319)
	at com.kms.katalon.core.main.TestCaseExecutor.processExecutionPhase(TestCaseExecutor.java:298)
	at com.kms.katalon.core.main.TestCaseExecutor.accessMainPhase(TestCaseExecutor.java:290)
	at com.kms.katalon.core.main.TestCaseExecutor.execute(TestCaseExecutor.java:224)
	at com.kms.katalon.core.main.TestCaseMain.runTestCase(TestCaseMain.java:106)
	at com.kms.katalon.core.keyword.builtin.CallTestCaseKeyword$_callTestCase_closure1.doCall(CallTestCaseKeyword.groovy:59)
	at com.kms.katalon.core.keyword.builtin.CallTestCaseKeyword$_callTestCase_closure1.call(CallTestCaseKeyword.groovy)
	at com.kms.katalon.core.keyword.internal.KeywordMain.runKeyword(KeywordMain.groovy:54)
	at com.kms.katalon.core.keyword.builtin.CallTestCaseKeyword.callTestCase(CallTestCaseKeyword.groovy:80)
	at com.kms.katalon.core.keyword.builtin.CallTestCaseKeyword.execute(CallTestCaseKeyword.groovy:44)
	at com.kms.katalon.core.keyword.internal.KeywordExecutor.executeKeywordForPlatform(KeywordExecutor.groovy:53)
	at com.kms.katalon.core.keyword.BuiltinKeywords.callTestCase(BuiltinKeywords.groovy:334)
	at National General.run(National General:24)
	at com.kms.katalon.core.main.ScriptEngine.run(ScriptEngine.java:194)
	at com.kms.katalon.core.main.ScriptEngine.runScriptAsRawText(ScriptEngine.java:119)
	at com.kms.katalon.core.main.TestCaseExecutor.runScript(TestCaseExecutor.java:328)
	at com.kms.katalon.core.main.TestCaseExecutor.doExecute(TestCaseExecutor.java:319)
	at com.kms.katalon.core.main.TestCaseExecutor.processExecutionPhase(TestCaseExecutor.java:298)
	at com.kms.katalon.core.main.TestCaseExecutor.accessMainPhase(TestCaseExecutor.java:290)
	at com.kms.katalon.core.main.TestCaseExecutor.execute(TestCaseExecutor.java:224)
	at com.kms.katalon.core.main.TestSuiteExecutor.accessTestCaseMainPhase(TestSuiteExecutor.java:129)
	at com.kms.katalon.core.main.TestSuiteExecutor.accessTestSuiteMainPhase(TestSuiteExecutor.java:112)
	at com.kms.katalon.core.main.TestSuiteExecutor.execute(TestSuiteExecutor.java:81)
	at com.kms.katalon.core.main.TestCaseMain.startTestSuite(TestCaseMain.java:149)
	at com.kms.katalon.core.main.TestCaseMain$startTestSuite$0.call(Unknown Source)
	at TempTestSuite1583740492521.run(TempTestSuite1583740492521.groovy:36)]]></system-err>
      </testcase>
      <testcase name="Test Cases/AHI/NEW/Dental/USA Access" classname="Test Cases/AHI/NEW/Dental/USA Access" status="FAILED">
         <failure type="FAILED" message="Test Cases/AHI/NEW/Dental/USA Access FAILED.
Reason:
com.kms.katalon.core.exception.StepFailedException: Unable to click on object 'Object Repository/mobileSanity/Dental/census/label_Compare Dental Insurance' (Root cause: com.kms.katalon.core.webui.exception.WebElementNotFoundException: Web element with id: 'Object Repository/mobileSanity/Dental/census/label_Compare Dental Insurance' located by 'By.xpath: //label[@id = 'js-see-plans' and @href = '#' and (text() = 'Compare Dental Insurance ' or . = 'Compare Dental Insurance ')]' not found)
	at com.kms.katalon.core.keyword.internal.KeywordMain.stepFailed(KeywordMain.groovy:36)
	at com.kms.katalon.core.webui.keyword.internal.WebUIKeywordMain.stepFailed(WebUIKeywordMain.groovy:65)
	at com.kms.katalon.core.webui.keyword.internal.WebUIKeywordMain.runKeyword(WebUIKeywordMain.groovy:27)
	at com.kms.katalon.core.webui.keyword.builtin.ClickKeyword.click(ClickKeyword.groovy:86)
	at com.kms.katalon.core.webui.keyword.builtin.ClickKeyword.execute(ClickKeyword.groovy:67)
	at com.kms.katalon.core.keyword.internal.KeywordExecutor.executeKeywordForPlatform(KeywordExecutor.groovy:53)
	at com.kms.katalon.core.webui.keyword.WebUiBuiltInKeywords.click(WebUiBuiltInKeywords.groovy:616)
	at com.kms.katalon.core.webui.keyword.WebUiBuiltInKeywords$click$4.call(Unknown Source)
	at census_dental.run(census_dental:36)
	at com.kms.katalon.core.main.ScriptEngine.run(ScriptEngine.java:194)
	at com.kms.katalon.core.main.ScriptEngine.runScriptAsRawText(ScriptEngine.java:119)
	at com.kms.katalon.core.main.TestCaseExecutor.runScript(TestCaseExecutor.java:328)
	at com.kms.katalon.core.main.TestCaseExecutor.doExecute(TestCaseExecutor.java:319)
	at com.kms.katalon.core.main.TestCaseExecutor.processExecutionPhase(TestCaseExecutor.java:298)
	at com.kms.katalon.core.main.TestCaseExecutor.accessMainPhase(TestCaseExecutor.java:290)
	at com.kms.katalon.core.main.TestCaseExecutor.execute(TestCaseExecutor.java:224)
	at com.kms.katalon.core.main.TestCaseMain.runTestCase(TestCaseMain.java:106)
	at com.kms.katalon.core.keyword.builtin.CallTestCaseKeyword$_callTestCase_closure1.doCall(CallTestCaseKeyword.groovy:59)
	at com.kms.katalon.core.keyword.builtin.CallTestCaseKeyword$_callTestCase_closure1.call(CallTestCaseKeyword.groovy)
	at com.kms.katalon.core.keyword.internal.KeywordMain.runKeyword(KeywordMain.groovy:54)
	at com.kms.katalon.core.keyword.builtin.CallTestCaseKeyword.callTestCase(CallTestCaseKeyword.groovy:80)
	at com.kms.katalon.core.keyword.builtin.CallTestCaseKeyword.execute(CallTestCaseKeyword.groovy:44)
	at com.kms.katalon.core.keyword.internal.KeywordExecutor.executeKeywordForPlatform(KeywordExecutor.groovy:53)
	at com.kms.katalon.core.keyword.BuiltinKeywords.callTestCase(BuiltinKeywords.groovy:334)
	at USA Access.run(USA Access:24)
	at com.kms.katalon.core.main.ScriptEngine.run(ScriptEngine.java:194)
	at com.kms.katalon.core.main.ScriptEngine.runScriptAsRawText(ScriptEngine.java:119)
	at com.kms.katalon.core.main.TestCaseExecutor.runScript(TestCaseExecutor.java:328)
	at com.kms.katalon.core.main.TestCaseExecutor.doExecute(TestCaseExecutor.java:319)
	at com.kms.katalon.core.main.TestCaseExecutor.processExecutionPhase(TestCaseExecutor.java:298)
	at com.kms.katalon.core.main.TestCaseExecutor.accessMainPhase(TestCaseExecutor.java:290)
	at com.kms.katalon.core.main.TestCaseExecutor.execute(TestCaseExecutor.java:224)
	at com.kms.katalon.core.main.TestSuiteExecutor.accessTestCaseMainPhase(TestSuiteExecutor.java:129)
	at com.kms.katalon.core.main.TestSuiteExecutor.accessTestSuiteMainPhase(TestSuiteExecutor.java:112)
	at com.kms.katalon.core.main.TestSuiteExecutor.execute(TestSuiteExecutor.java:81)
	at com.kms.katalon.core.main.TestCaseMain.startTestSuite(TestCaseMain.java:149)
	at com.kms.katalon.core.main.TestCaseMain$startTestSuite$0.call(Unknown Source)
	at TempTestSuite1583740492521.run(TempTestSuite1583740492521.groovy:36)
"/>
         <system-out><![CDATA[2020-03-09 03:57:43 - [TEST_CASE][FAILED] - Test Cases/AHI/NEW/Dental/USA Access: Test Cases/AHI/NEW/Dental/USA Access FAILED.
Reason:
com.kms.katalon.core.exception.StepFailedException: Unable to click on object 'Object Repository/mobileSanity/Dental/census/label_Compare Dental Insurance' (Root cause: com.kms.katalon.core.webui.exception.WebElementNotFoundException: Web element with id: 'Object Repository/mobileSanity/Dental/census/label_Compare Dental Insurance' located by 'By.xpath: //label[@id = 'js-see-plans' and @href = '#' and (text() = 'Compare Dental Insurance ' or . = 'Compare Dental Insurance ')]' not found)
	at com.kms.katalon.core.keyword.internal.KeywordMain.stepFailed(KeywordMain.groovy:36)
	at com.kms.katalon.core.webui.keyword.internal.WebUIKeywordMain.stepFailed(WebUIKeywordMain.groovy:65)
	at com.kms.katalon.core.webui.keyword.internal.WebUIKeywordMain.runKeyword(WebUIKeywordMain.groovy:27)
	at com.kms.katalon.core.webui.keyword.builtin.ClickKeyword.click(ClickKeyword.groovy:86)
	at com.kms.katalon.core.webui.keyword.builtin.ClickKeyword.execute(ClickKeyword.groovy:67)
	at com.kms.katalon.core.keyword.internal.KeywordExecutor.executeKeywordForPlatform(KeywordExecutor.groovy:53)
	at com.kms.katalon.core.webui.keyword.WebUiBuiltInKeywords.click(WebUiBuiltInKeywords.groovy:616)
	at com.kms.katalon.core.webui.keyword.WebUiBuiltInKeywords$click$4.call(Unknown Source)
	at census_dental.run(census_dental:36)
	at com.kms.katalon.core.main.ScriptEngine.run(ScriptEngine.java:194)
	at com.kms.katalon.core.main.ScriptEngine.runScriptAsRawText(ScriptEngine.java:119)
	at com.kms.katalon.core.main.TestCaseExecutor.runScript(TestCaseExecutor.java:328)
	at com.kms.katalon.core.main.TestCaseExecutor.doExecute(TestCaseExecutor.java:319)
	at com.kms.katalon.core.main.TestCaseExecutor.processExecutionPhase(TestCaseExecutor.java:298)
	at com.kms.katalon.core.main.TestCaseExecutor.accessMainPhase(TestCaseExecutor.java:290)
	at com.kms.katalon.core.main.TestCaseExecutor.execute(TestCaseExecutor.java:224)
	at com.kms.katalon.core.main.TestCaseMain.runTestCase(TestCaseMain.java:106)
	at com.kms.katalon.core.keyword.builtin.CallTestCaseKeyword$_callTestCase_closure1.doCall(CallTestCaseKeyword.groovy:59)
	at com.kms.katalon.core.keyword.builtin.CallTestCaseKeyword$_callTestCase_closure1.call(CallTestCaseKeyword.groovy)
	at com.kms.katalon.core.keyword.internal.KeywordMain.runKeyword(KeywordMain.groovy:54)
	at com.kms.katalon.core.keyword.builtin.CallTestCaseKeyword.callTestCase(CallTestCaseKeyword.groovy:80)
	at com.kms.katalon.core.keyword.builtin.CallTestCaseKeyword.execute(CallTestCaseKeyword.groovy:44)
	at com.kms.katalon.core.keyword.internal.KeywordExecutor.executeKeywordForPlatform(KeywordExecutor.groovy:53)
	at com.kms.katalon.core.keyword.BuiltinKeywords.callTestCase(BuiltinKeywords.groovy:334)
	at USA Access.run(USA Access:24)
	at com.kms.katalon.core.main.ScriptEngine.run(ScriptEngine.java:194)
	at com.kms.katalon.core.main.ScriptEngine.runScriptAsRawText(ScriptEngine.java:119)
	at com.kms.katalon.core.main.TestCaseExecutor.runScript(TestCaseExecutor.java:328)
	at com.kms.katalon.core.main.TestCaseExecutor.doExecute(TestCaseExecutor.java:319)
	at com.kms.katalon.core.main.TestCaseExecutor.processExecutionPhase(TestCaseExecutor.java:298)
	at com.kms.katalon.core.main.TestCaseExecutor.accessMainPhase(TestCaseExecutor.java:290)
	at com.kms.katalon.core.main.TestCaseExecutor.execute(TestCaseExecutor.java:224)
	at com.kms.katalon.core.main.TestSuiteExecutor.accessTestCaseMainPhase(TestSuiteExecutor.java:129)
	at com.kms.katalon.core.main.TestSuiteExecutor.accessTestSuiteMainPhase(TestSuiteExecutor.java:112)
	at com.kms.katalon.core.main.TestSuiteExecutor.execute(TestSuiteExecutor.java:81)
	at com.kms.katalon.core.main.TestCaseMain.startTestSuite(TestCaseMain.java:149)
	at com.kms.katalon.core.main.TestCaseMain$startTestSuite$0.call(Unknown Source)
	at TempTestSuite1583740492521.run(TempTestSuite1583740492521.groovy:36)


2020-03-09 03:57:43 - [TEST_STEP][PASSED] - callTestCase(findTestCase("AHI/_include/get_screenPath"), ["productLine":"dental", "carrierName":"USA Access"], CONTINUE_ON_FAILURE): Call Test Case 'Test Cases/AHI/_include/get_screenPath' successfully

2020-03-09 03:57:43 - [TEST_CASE][PASSED] - Test Cases/AHI/_include/get_screenPath: Test Cases/AHI/_include/get_screenPath

2020-03-09 03:57:43 - [TEST_STEP][PASSED] - m = getExecutionProperties(): null

2020-03-09 03:57:43 - [TEST_STEP][PASSED] - deviceName = get("mobileEmulation").get("deviceName"): null

2020-03-09 03:57:43 - [TEST_STEP][PASSED] - println(deviceName): null

2020-03-09 03:57:43 - [TEST_STEP][PASSED] - now = new java.util.Date(): null

2020-03-09 03:57:43 - [TEST_STEP][PASSED] - mydate = now.format("yyyyMMdd_HHmmss"): null

2020-03-09 03:57:43 - [TEST_STEP][PASSED] - screenPath = "../Screenshots/": null

2020-03-09 03:57:43 - [TEST_STEP][PASSED] - screenPath = screenPath + deviceName + "/" + productLine + "/" + carrierName + "/" + mydate + "/": null

2020-03-09 03:57:43 - [TEST_STEP][PASSED] - println(screenPath): null

2020-03-09 03:57:43 - [MESSAGE][PASSED] - Call Test Case 'Test Cases/AHI/_include/get_screenPath' successfully

2020-03-09 03:57:43 - [TEST_STEP][PASSED] - i = 0: null

2020-03-09 03:57:43 - [TEST_STEP][PASSED] - callTestCase(findTestCase("AHI/_include/openWebSite"), [:], STOP_ON_FAILURE): Call Test Case 'Test Cases/AHI/_include/openWebSite' successfully

2020-03-09 03:57:43 - [TEST_CASE][PASSED] - Test Cases/AHI/_include/openWebSite: Test Cases/AHI/_include/openWebSite

2020-03-09 03:57:43 - [TEST_STEP][PASSED] - openBrowser(env): Browser is opened with url: 'https://praetemptatus.agilehealthinsurance.com'

2020-03-09 03:57:43 - [MESSAGE][WARNING] - A browser is already opened. Closing browser and opening a new one

2020-03-09 03:57:45 - [MESSAGE][INFO] - Starting 'Chrome' driver

2020-03-09 03:57:45 - [MESSAGE][INFO] - User set preference: ['mobileEmulation', '{deviceName=iPhone X}']

2020-03-09 03:57:45 - [MESSAGE][INFO] - User set preference: ['args', '[--incognito, --aggressive-cache-discard, --no-sandbox, --window-size=375,812, --ignore-certificate-errors]']

2020-03-09 03:57:48 - [MESSAGE][PASSED] - Browser is opened with url: 'https://praetemptatus.agilehealthinsurance.com'

2020-03-09 03:57:48 - [TEST_STEP][PASSED] - waitForPageLoad(20): Wait for page load successfully

2020-03-09 03:57:49 - [MESSAGE][PASSED] - Wait for page load successfully

2020-03-09 03:57:49 - [TEST_STEP][PASSED] - callTestCase(findTestCase("AHI/_include/get_screenshot"), [:], STOP_ON_FAILURE): Call Test Case 'Test Cases/AHI/_include/get_screenshot' successfully

2020-03-09 03:57:49 - [TEST_CASE][PASSED] - Test Cases/AHI/_include/get_screenshot: Test Cases/AHI/_include/get_screenshot

2020-03-09 03:57:49 - [TEST_STEP][PASSED] - Thread.sleep(1000): null

2020-03-09 03:57:50 - [TEST_STEP][PASSED] - takeScreenshot(screenPath + i + ".png"): Taking screenshot successfully

2020-03-09 03:57:51 - [MESSAGE][PASSED] - Taking screenshot successfully
[[ATTACHMENT|D:\\Test\\AgileTest\\Reports\\AHI\\ahi\\20200309_035452\\../Screenshots/iPhone X/dental/USA Access/20200309_035743/0.png]]

2020-03-09 03:57:51 - [TEST_STEP][PASSED] - (internal.GlobalVariable.i++): null

2020-03-09 03:57:51 - [MESSAGE][PASSED] - Call Test Case 'Test Cases/AHI/_include/get_screenshot' successfully

2020-03-09 03:57:51 - [MESSAGE][PASSED] - Call Test Case 'Test Cases/AHI/_include/openWebSite' successfully

2020-03-09 03:57:51 - [TEST_STEP][FAILED] - callTestCase(findTestCase("AHI/_include/census_dental"), [:], STOP_ON_FAILURE): callTestCase(findTestCase("AHI/_include/census_dental"), [:], STOP_ON_FAILURE) FAILED.
Reason:
com.kms.katalon.core.exception.StepFailedException: Unable to click on object 'Object Repository/mobileSanity/Dental/census/label_Compare Dental Insurance' (Root cause: com.kms.katalon.core.webui.exception.WebElementNotFoundException: Web element with id: 'Object Repository/mobileSanity/Dental/census/label_Compare Dental Insurance' located by 'By.xpath: //label[@id = 'js-see-plans' and @href = '#' and (text() = 'Compare Dental Insurance ' or . = 'Compare Dental Insurance ')]' not found)
	at com.kms.katalon.core.keyword.internal.KeywordMain.stepFailed(KeywordMain.groovy:36)
	at com.kms.katalon.core.webui.keyword.internal.WebUIKeywordMain.stepFailed(WebUIKeywordMain.groovy:65)
	at com.kms.katalon.core.webui.keyword.internal.WebUIKeywordMain.runKeyword(WebUIKeywordMain.groovy:27)
	at com.kms.katalon.core.webui.keyword.builtin.ClickKeyword.click(ClickKeyword.groovy:86)
	at com.kms.katalon.core.webui.keyword.builtin.ClickKeyword.execute(ClickKeyword.groovy:67)
	at com.kms.katalon.core.keyword.internal.KeywordExecutor.executeKeywordForPlatform(KeywordExecutor.groovy:53)
	at com.kms.katalon.core.webui.keyword.WebUiBuiltInKeywords.click(WebUiBuiltInKeywords.groovy:616)
	at com.kms.katalon.core.webui.keyword.WebUiBuiltInKeywords$click$4.call(Unknown Source)
	at census_dental.run(census_dental:36)
	at com.kms.katalon.core.main.ScriptEngine.run(ScriptEngine.java:194)
	at com.kms.katalon.core.main.ScriptEngine.runScriptAsRawText(ScriptEngine.java:119)
	at com.kms.katalon.core.main.TestCaseExecutor.runScript(TestCaseExecutor.java:328)
	at com.kms.katalon.core.main.TestCaseExecutor.doExecute(TestCaseExecutor.java:319)
	at com.kms.katalon.core.main.TestCaseExecutor.processExecutionPhase(TestCaseExecutor.java:298)
	at com.kms.katalon.core.main.TestCaseExecutor.accessMainPhase(TestCaseExecutor.java:290)
	at com.kms.katalon.core.main.TestCaseExecutor.execute(TestCaseExecutor.java:224)
	at com.kms.katalon.core.main.TestCaseMain.runTestCase(TestCaseMain.java:106)
	at com.kms.katalon.core.keyword.builtin.CallTestCaseKeyword$_callTestCase_closure1.doCall(CallTestCaseKeyword.groovy:59)
	at com.kms.katalon.core.keyword.builtin.CallTestCaseKeyword$_callTestCase_closure1.call(CallTestCaseKeyword.groovy)
	at com.kms.katalon.core.keyword.internal.KeywordMain.runKeyword(KeywordMain.groovy:54)
	at com.kms.katalon.core.keyword.builtin.CallTestCaseKeyword.callTestCase(CallTestCaseKeyword.groovy:80)
	at com.kms.katalon.core.keyword.builtin.CallTestCaseKeyword.execute(CallTestCaseKeyword.groovy:44)
	at com.kms.katalon.core.keyword.internal.KeywordExecutor.executeKeywordForPlatform(KeywordExecutor.groovy:53)
	at com.kms.katalon.core.keyword.BuiltinKeywords.callTestCase(BuiltinKeywords.groovy:334)
	at USA Access.run(USA Access:24)
	at com.kms.katalon.core.main.ScriptEngine.run(ScriptEngine.java:194)
	at com.kms.katalon.core.main.ScriptEngine.runScriptAsRawText(ScriptEngine.java:119)
	at com.kms.katalon.core.main.TestCaseExecutor.runScript(TestCaseExecutor.java:328)
	at com.kms.katalon.core.main.TestCaseExecutor.doExecute(TestCaseExecutor.java:319)
	at com.kms.katalon.core.main.TestCaseExecutor.processExecutionPhase(TestCaseExecutor.java:298)
	at com.kms.katalon.core.main.TestCaseExecutor.accessMainPhase(TestCaseExecutor.java:290)
	at com.kms.katalon.core.main.TestCaseExecutor.execute(TestCaseExecutor.java:224)
	at com.kms.katalon.core.main.TestSuiteExecutor.accessTestCaseMainPhase(TestSuiteExecutor.java:129)
	at com.kms.katalon.core.main.TestSuiteExecutor.accessTestSuiteMainPhase(TestSuiteExecutor.java:112)
	at com.kms.katalon.core.main.TestSuiteExecutor.execute(TestSuiteExecutor.java:81)
	at com.kms.katalon.core.main.TestCaseMain.startTestSuite(TestCaseMain.java:149)
	at com.kms.katalon.core.main.TestCaseMain$startTestSuite$0.call(Unknown Source)
	at TempTestSuite1583740492521.run(TempTestSuite1583740492521.groovy:36)


2020-03-09 03:57:51 - [TEST_CASE][FAILED] - Test Cases/AHI/_include/census_dental: Test Cases/AHI/_include/census_dental FAILED.
Reason:
com.kms.katalon.core.exception.StepFailedException: Unable to click on object 'Object Repository/mobileSanity/Dental/census/label_Compare Dental Insurance' (Root cause: com.kms.katalon.core.webui.exception.WebElementNotFoundException: Web element with id: 'Object Repository/mobileSanity/Dental/census/label_Compare Dental Insurance' located by 'By.xpath: //label[@id = 'js-see-plans' and @href = '#' and (text() = 'Compare Dental Insurance ' or . = 'Compare Dental Insurance ')]' not found)
	at com.kms.katalon.core.keyword.internal.KeywordMain.stepFailed(KeywordMain.groovy:36)
	at com.kms.katalon.core.webui.keyword.internal.WebUIKeywordMain.stepFailed(WebUIKeywordMain.groovy:65)
	at com.kms.katalon.core.webui.keyword.internal.WebUIKeywordMain.runKeyword(WebUIKeywordMain.groovy:27)
	at com.kms.katalon.core.webui.keyword.builtin.ClickKeyword.click(ClickKeyword.groovy:86)
	at com.kms.katalon.core.webui.keyword.builtin.ClickKeyword.execute(ClickKeyword.groovy:67)
	at com.kms.katalon.core.keyword.internal.KeywordExecutor.executeKeywordForPlatform(KeywordExecutor.groovy:53)
	at com.kms.katalon.core.webui.keyword.WebUiBuiltInKeywords.click(WebUiBuiltInKeywords.groovy:616)
	at com.kms.katalon.core.webui.keyword.WebUiBuiltInKeywords$click$4.call(Unknown Source)
	at census_dental.run(census_dental:36)
	at com.kms.katalon.core.main.ScriptEngine.run(ScriptEngine.java:194)
	at com.kms.katalon.core.main.ScriptEngine.runScriptAsRawText(ScriptEngine.java:119)
	at com.kms.katalon.core.main.TestCaseExecutor.runScript(TestCaseExecutor.java:328)
	at com.kms.katalon.core.main.TestCaseExecutor.doExecute(TestCaseExecutor.java:319)
	at com.kms.katalon.core.main.TestCaseExecutor.processExecutionPhase(TestCaseExecutor.java:298)
	at com.kms.katalon.core.main.TestCaseExecutor.accessMainPhase(TestCaseExecutor.java:290)
	at com.kms.katalon.core.main.TestCaseExecutor.execute(TestCaseExecutor.java:224)
	at com.kms.katalon.core.main.TestCaseMain.runTestCase(TestCaseMain.java:106)
	at com.kms.katalon.core.keyword.builtin.CallTestCaseKeyword$_callTestCase_closure1.doCall(CallTestCaseKeyword.groovy:59)
	at com.kms.katalon.core.keyword.builtin.CallTestCaseKeyword$_callTestCase_closure1.call(CallTestCaseKeyword.groovy)
	at com.kms.katalon.core.keyword.internal.KeywordMain.runKeyword(KeywordMain.groovy:54)
	at com.kms.katalon.core.keyword.builtin.CallTestCaseKeyword.callTestCase(CallTestCaseKeyword.groovy:80)
	at com.kms.katalon.core.keyword.builtin.CallTestCaseKeyword.execute(CallTestCaseKeyword.groovy:44)
	at com.kms.katalon.core.keyword.internal.KeywordExecutor.executeKeywordForPlatform(KeywordExecutor.groovy:53)
	at com.kms.katalon.core.keyword.BuiltinKeywords.callTestCase(BuiltinKeywords.groovy:334)
	at USA Access.run(USA Access:24)
	at com.kms.katalon.core.main.ScriptEngine.run(ScriptEngine.java:194)
	at com.kms.katalon.core.main.ScriptEngine.runScriptAsRawText(ScriptEngine.java:119)
	at com.kms.katalon.core.main.TestCaseExecutor.runScript(TestCaseExecutor.java:328)
	at com.kms.katalon.core.main.TestCaseExecutor.doExecute(TestCaseExecutor.java:319)
	at com.kms.katalon.core.main.TestCaseExecutor.processExecutionPhase(TestCaseExecutor.java:298)
	at com.kms.katalon.core.main.TestCaseExecutor.accessMainPhase(TestCaseExecutor.java:290)
	at com.kms.katalon.core.main.TestCaseExecutor.execute(TestCaseExecutor.java:224)
	at com.kms.katalon.core.main.TestSuiteExecutor.accessTestCaseMainPhase(TestSuiteExecutor.java:129)
	at com.kms.katalon.core.main.TestSuiteExecutor.accessTestSuiteMainPhase(TestSuiteExecutor.java:112)
	at com.kms.katalon.core.main.TestSuiteExecutor.execute(TestSuiteExecutor.java:81)
	at com.kms.katalon.core.main.TestCaseMain.startTestSuite(TestCaseMain.java:149)
	at com.kms.katalon.core.main.TestCaseMain$startTestSuite$0.call(Unknown Source)
	at TempTestSuite1583740492521.run(TempTestSuite1583740492521.groovy:36)


2020-03-09 03:57:51 - [TEST_STEP][PASSED] - click(findTestObject("mobileSanity/Common/side_nav/menu")): Object: 'Object Repository/mobileSanity/Common/side_nav/menu' is clicked on

2020-03-09 03:57:52 - [MESSAGE][PASSED] - Object: 'Object Repository/mobileSanity/Common/side_nav/menu' is clicked on

2020-03-09 03:57:52 - [TEST_STEP][PASSED] - Thread.sleep(3000): null

2020-03-09 03:57:55 - [TEST_STEP][PASSED] - callTestCase(findTestCase("AHI/_include/get_screenshot"), [:], STOP_ON_FAILURE): Call Test Case 'Test Cases/AHI/_include/get_screenshot' successfully

2020-03-09 03:57:55 - [TEST_CASE][PASSED] - Test Cases/AHI/_include/get_screenshot: Test Cases/AHI/_include/get_screenshot

2020-03-09 03:57:55 - [TEST_STEP][PASSED] - Thread.sleep(1000): null

2020-03-09 03:57:56 - [TEST_STEP][PASSED] - takeScreenshot(screenPath + i + ".png"): Taking screenshot successfully

2020-03-09 03:57:57 - [MESSAGE][PASSED] - Taking screenshot successfully
[[ATTACHMENT|D:\\Test\\AgileTest\\Reports\\AHI\\ahi\\20200309_035452\\../Screenshots/iPhone X/dental/USA Access/20200309_035743/1.png]]

2020-03-09 03:57:57 - [TEST_STEP][PASSED] - (internal.GlobalVariable.i++): null

2020-03-09 03:57:57 - [MESSAGE][PASSED] - Call Test Case 'Test Cases/AHI/_include/get_screenshot' successfully

2020-03-09 03:57:57 - [TEST_STEP][PASSED] - click(findTestObject("mobileSanity/Common/side_nav/nav_dental")): Object: 'Object Repository/mobileSanity/Common/side_nav/nav_dental' is clicked on

2020-03-09 03:57:58 - [MESSAGE][PASSED] - Object: 'Object Repository/mobileSanity/Common/side_nav/nav_dental' is clicked on

2020-03-09 03:57:58 - [TEST_STEP][PASSED] - waitForPageLoad(10): Wait for page load successfully

2020-03-09 03:57:58 - [MESSAGE][PASSED] - Wait for page load successfully

2020-03-09 03:57:58 - [TEST_STEP][PASSED] - callTestCase(findTestCase("AHI/_include/get_screenshot"), [:], STOP_ON_FAILURE): Call Test Case 'Test Cases/AHI/_include/get_screenshot' successfully

2020-03-09 03:57:58 - [TEST_CASE][PASSED] - Test Cases/AHI/_include/get_screenshot: Test Cases/AHI/_include/get_screenshot

2020-03-09 03:57:58 - [TEST_STEP][PASSED] - Thread.sleep(1000): null

2020-03-09 03:57:59 - [TEST_STEP][PASSED] - takeScreenshot(screenPath + i + ".png"): Taking screenshot successfully

2020-03-09 03:57:59 - [MESSAGE][PASSED] - Taking screenshot successfully
[[ATTACHMENT|D:\\Test\\AgileTest\\Reports\\AHI\\ahi\\20200309_035452\\../Screenshots/iPhone X/dental/USA Access/20200309_035743/2.png]]

2020-03-09 03:57:59 - [TEST_STEP][PASSED] - (internal.GlobalVariable.i++): null

2020-03-09 03:57:59 - [MESSAGE][PASSED] - Call Test Case 'Test Cases/AHI/_include/get_screenshot' successfully

2020-03-09 03:57:59 - [TEST_STEP][PASSED] - sendKeys(findTestObject("mobileSanity/Dental/census/input_Location_zip-input"), zipcode): Keys '35215' sent to object: 'Object Repository/mobileSanity/Dental/census/input_Location_zip-input'

2020-03-09 03:58:00 - [MESSAGE][PASSED] - Keys '35215' sent to object: 'Object Repository/mobileSanity/Dental/census/input_Location_zip-input'

2020-03-09 03:58:00 - [TEST_STEP][PASSED] - Thread.sleep(500): null

2020-03-09 03:58:00 - [TEST_STEP][PASSED] - setText(findTestObject("mobileSanity/Dental/census/input_Date of Birth_dob-0"), "12121980"): Text '12121980' is set on object 'Object Repository/mobileSanity/Dental/census/input_Date of Birth_dob-0'

2020-03-09 03:58:00 - [MESSAGE][PASSED] - Text '12121980' is set on object 'Object Repository/mobileSanity/Dental/census/input_Date of Birth_dob-0'

2020-03-09 03:58:00 - [TEST_STEP][PASSED] - click(findTestObject("mobileSanity/Dental/census/label_Male")): Object: 'Object Repository/mobileSanity/Dental/census/label_Male' is clicked on

2020-03-09 03:58:01 - [MESSAGE][PASSED] - Object: 'Object Repository/mobileSanity/Dental/census/label_Male' is clicked on

2020-03-09 03:58:01 - [TEST_STEP][FAILED] - click(findTestObject("mobileSanity/Dental/census/label_Compare Dental Insurance")): click(findTestObject("mobileSanity/Dental/census/label_Compare Dental Insurance")) FAILED.
Reason:
com.kms.katalon.core.exception.StepFailedException: Unable to click on object 'Object Repository/mobileSanity/Dental/census/label_Compare Dental Insurance' (Root cause: com.kms.katalon.core.webui.exception.WebElementNotFoundException: Web element with id: 'Object Repository/mobileSanity/Dental/census/label_Compare Dental Insurance' located by 'By.xpath: //label[@id = 'js-see-plans' and @href = '#' and (text() = 'Compare Dental Insurance ' or . = 'Compare Dental Insurance ')]' not found)
	at com.kms.katalon.core.keyword.internal.KeywordMain.stepFailed(KeywordMain.groovy:36)
	at com.kms.katalon.core.webui.keyword.internal.WebUIKeywordMain.stepFailed(WebUIKeywordMain.groovy:65)
	at com.kms.katalon.core.webui.keyword.internal.WebUIKeywordMain.runKeyword(WebUIKeywordMain.groovy:27)
	at com.kms.katalon.core.webui.keyword.builtin.ClickKeyword.click(ClickKeyword.groovy:86)
	at com.kms.katalon.core.webui.keyword.builtin.ClickKeyword.execute(ClickKeyword.groovy:67)
	at com.kms.katalon.core.keyword.internal.KeywordExecutor.executeKeywordForPlatform(KeywordExecutor.groovy:53)
	at com.kms.katalon.core.webui.keyword.WebUiBuiltInKeywords.click(WebUiBuiltInKeywords.groovy:616)
	at com.kms.katalon.core.webui.keyword.WebUiBuiltInKeywords$click$4.call(Unknown Source)
	at census_dental.run(census_dental:36)
	at com.kms.katalon.core.main.ScriptEngine.run(ScriptEngine.java:194)
	at com.kms.katalon.core.main.ScriptEngine.runScriptAsRawText(ScriptEngine.java:119)
	at com.kms.katalon.core.main.TestCaseExecutor.runScript(TestCaseExecutor.java:328)
	at com.kms.katalon.core.main.TestCaseExecutor.doExecute(TestCaseExecutor.java:319)
	at com.kms.katalon.core.main.TestCaseExecutor.processExecutionPhase(TestCaseExecutor.java:298)
	at com.kms.katalon.core.main.TestCaseExecutor.accessMainPhase(TestCaseExecutor.java:290)
	at com.kms.katalon.core.main.TestCaseExecutor.execute(TestCaseExecutor.java:224)
	at com.kms.katalon.core.main.TestCaseMain.runTestCase(TestCaseMain.java:106)
	at com.kms.katalon.core.keyword.builtin.CallTestCaseKeyword$_callTestCase_closure1.doCall(CallTestCaseKeyword.groovy:59)
	at com.kms.katalon.core.keyword.builtin.CallTestCaseKeyword$_callTestCase_closure1.call(CallTestCaseKeyword.groovy)
	at com.kms.katalon.core.keyword.internal.KeywordMain.runKeyword(KeywordMain.groovy:54)
	at com.kms.katalon.core.keyword.builtin.CallTestCaseKeyword.callTestCase(CallTestCaseKeyword.groovy:80)
	at com.kms.katalon.core.keyword.builtin.CallTestCaseKeyword.execute(CallTestCaseKeyword.groovy:44)
	at com.kms.katalon.core.keyword.internal.KeywordExecutor.executeKeywordForPlatform(KeywordExecutor.groovy:53)
	at com.kms.katalon.core.keyword.BuiltinKeywords.callTestCase(BuiltinKeywords.groovy:334)
	at USA Access.run(USA Access:24)
	at com.kms.katalon.core.main.ScriptEngine.run(ScriptEngine.java:194)
	at com.kms.katalon.core.main.ScriptEngine.runScriptAsRawText(ScriptEngine.java:119)
	at com.kms.katalon.core.main.TestCaseExecutor.runScript(TestCaseExecutor.java:328)
	at com.kms.katalon.core.main.TestCaseExecutor.doExecute(TestCaseExecutor.java:319)
	at com.kms.katalon.core.main.TestCaseExecutor.processExecutionPhase(TestCaseExecutor.java:298)
	at com.kms.katalon.core.main.TestCaseExecutor.accessMainPhase(TestCaseExecutor.java:290)
	at com.kms.katalon.core.main.TestCaseExecutor.execute(TestCaseExecutor.java:224)
	at com.kms.katalon.core.main.TestSuiteExecutor.accessTestCaseMainPhase(TestSuiteExecutor.java:129)
	at com.kms.katalon.core.main.TestSuiteExecutor.accessTestSuiteMainPhase(TestSuiteExecutor.java:112)
	at com.kms.katalon.core.main.TestSuiteExecutor.execute(TestSuiteExecutor.java:81)
	at com.kms.katalon.core.main.TestCaseMain.startTestSuite(TestCaseMain.java:149)
	at com.kms.katalon.core.main.TestCaseMain$startTestSuite$0.call(Unknown Source)
	at TempTestSuite1583740492521.run(TempTestSuite1583740492521.groovy:36)


2020-03-09 03:58:22 - [MESSAGE][INFO] - Unable to find the element located by 'By.xpath: //label[@id = 'js-see-plans' and @href = '#' and (text() = 'Compare Dental Insurance ' or . = 'Compare Dental Insurance ')]'. Please recheck the objects properties to make sure the desired element is located. 

2020-03-09 03:58:22 - [MESSAGE][FAILED] - Unable to click on object 'Object Repository/mobileSanity/Dental/census/label_Compare Dental Insurance' (Root cause: com.kms.katalon.core.webui.exception.WebElementNotFoundException: Web element with id: 'Object Repository/mobileSanity/Dental/census/label_Compare Dental Insurance' located by 'By.xpath: //label[@id = 'js-see-plans' and @href = '#' and (text() = 'Compare Dental Insurance ' or . = 'Compare Dental Insurance ')]' not found)
[[ATTACHMENT|D:\\Test\\AgileTest\\Reports\\AHI\\ahi\\20200309_035452\\1583740702025.png]]

2020-03-09 03:58:22 - [MESSAGE][FAILED] - click(findTestObject("mobileSanity/Dental/census/label_Compare Dental Insurance")) FAILED.
Reason:
com.kms.katalon.core.exception.StepFailedException: Unable to click on object 'Object Repository/mobileSanity/Dental/census/label_Compare Dental Insurance' (Root cause: com.kms.katalon.core.webui.exception.WebElementNotFoundException: Web element with id: 'Object Repository/mobileSanity/Dental/census/label_Compare Dental Insurance' located by 'By.xpath: //label[@id = 'js-see-plans' and @href = '#' and (text() = 'Compare Dental Insurance ' or . = 'Compare Dental Insurance ')]' not found)
	at com.kms.katalon.core.keyword.internal.KeywordMain.stepFailed(KeywordMain.groovy:36)
	at com.kms.katalon.core.webui.keyword.internal.WebUIKeywordMain.stepFailed(WebUIKeywordMain.groovy:65)
	at com.kms.katalon.core.webui.keyword.internal.WebUIKeywordMain.runKeyword(WebUIKeywordMain.groovy:27)
	at com.kms.katalon.core.webui.keyword.builtin.ClickKeyword.click(ClickKeyword.groovy:86)
	at com.kms.katalon.core.webui.keyword.builtin.ClickKeyword.execute(ClickKeyword.groovy:67)
	at com.kms.katalon.core.keyword.internal.KeywordExecutor.executeKeywordForPlatform(KeywordExecutor.groovy:53)
	at com.kms.katalon.core.webui.keyword.WebUiBuiltInKeywords.click(WebUiBuiltInKeywords.groovy:616)
	at com.kms.katalon.core.webui.keyword.WebUiBuiltInKeywords$click$4.call(Unknown Source)
	at census_dental.run(census_dental:36)
	at com.kms.katalon.core.main.ScriptEngine.run(ScriptEngine.java:194)
	at com.kms.katalon.core.main.ScriptEngine.runScriptAsRawText(ScriptEngine.java:119)
	at com.kms.katalon.core.main.TestCaseExecutor.runScript(TestCaseExecutor.java:328)
	at com.kms.katalon.core.main.TestCaseExecutor.doExecute(TestCaseExecutor.java:319)
	at com.kms.katalon.core.main.TestCaseExecutor.processExecutionPhase(TestCaseExecutor.java:298)
	at com.kms.katalon.core.main.TestCaseExecutor.accessMainPhase(TestCaseExecutor.java:290)
	at com.kms.katalon.core.main.TestCaseExecutor.execute(TestCaseExecutor.java:224)
	at com.kms.katalon.core.main.TestCaseMain.runTestCase(TestCaseMain.java:106)
	at com.kms.katalon.core.keyword.builtin.CallTestCaseKeyword$_callTestCase_closure1.doCall(CallTestCaseKeyword.groovy:59)
	at com.kms.katalon.core.keyword.builtin.CallTestCaseKeyword$_callTestCase_closure1.call(CallTestCaseKeyword.groovy)
	at com.kms.katalon.core.keyword.internal.KeywordMain.runKeyword(KeywordMain.groovy:54)
	at com.kms.katalon.core.keyword.builtin.CallTestCaseKeyword.callTestCase(CallTestCaseKeyword.groovy:80)
	at com.kms.katalon.core.keyword.builtin.CallTestCaseKeyword.execute(CallTestCaseKeyword.groovy:44)
	at com.kms.katalon.core.keyword.internal.KeywordExecutor.executeKeywordForPlatform(KeywordExecutor.groovy:53)
	at com.kms.katalon.core.keyword.BuiltinKeywords.callTestCase(BuiltinKeywords.groovy:334)
	at USA Access.run(USA Access:24)
	at com.kms.katalon.core.main.ScriptEngine.run(ScriptEngine.java:194)
	at com.kms.katalon.core.main.ScriptEngine.runScriptAsRawText(ScriptEngine.java:119)
	at com.kms.katalon.core.main.TestCaseExecutor.runScript(TestCaseExecutor.java:328)
	at com.kms.katalon.core.main.TestCaseExecutor.doExecute(TestCaseExecutor.java:319)
	at com.kms.katalon.core.main.TestCaseExecutor.processExecutionPhase(TestCaseExecutor.java:298)
	at com.kms.katalon.core.main.TestCaseExecutor.accessMainPhase(TestCaseExecutor.java:290)
	at com.kms.katalon.core.main.TestCaseExecutor.execute(TestCaseExecutor.java:224)
	at com.kms.katalon.core.main.TestSuiteExecutor.accessTestCaseMainPhase(TestSuiteExecutor.java:129)
	at com.kms.katalon.core.main.TestSuiteExecutor.accessTestSuiteMainPhase(TestSuiteExecutor.java:112)
	at com.kms.katalon.core.main.TestSuiteExecutor.execute(TestSuiteExecutor.java:81)
	at com.kms.katalon.core.main.TestCaseMain.startTestSuite(TestCaseMain.java:149)
	at com.kms.katalon.core.main.TestCaseMain$startTestSuite$0.call(Unknown Source)
	at TempTestSuite1583740492521.run(TempTestSuite1583740492521.groovy:36)


2020-03-09 03:58:22 - [MESSAGE][FAILED] - Unable to call Test Case 'Test Cases/AHI/_include/census_dental' (Root cause: com.kms.katalon.core.exception.StepFailedException: Call Test Case 'Test Cases/AHI/_include/census_dental' failed)

2020-03-09 03:58:22 - [MESSAGE][FAILED] - callTestCase(findTestCase("AHI/_include/census_dental"), [:], STOP_ON_FAILURE) FAILED.
Reason:
com.kms.katalon.core.exception.StepFailedException: Unable to click on object 'Object Repository/mobileSanity/Dental/census/label_Compare Dental Insurance' (Root cause: com.kms.katalon.core.webui.exception.WebElementNotFoundException: Web element with id: 'Object Repository/mobileSanity/Dental/census/label_Compare Dental Insurance' located by 'By.xpath: //label[@id = 'js-see-plans' and @href = '#' and (text() = 'Compare Dental Insurance ' or . = 'Compare Dental Insurance ')]' not found)
	at com.kms.katalon.core.keyword.internal.KeywordMain.stepFailed(KeywordMain.groovy:36)
	at com.kms.katalon.core.webui.keyword.internal.WebUIKeywordMain.stepFailed(WebUIKeywordMain.groovy:65)
	at com.kms.katalon.core.webui.keyword.internal.WebUIKeywordMain.runKeyword(WebUIKeywordMain.groovy:27)
	at com.kms.katalon.core.webui.keyword.builtin.ClickKeyword.click(ClickKeyword.groovy:86)
	at com.kms.katalon.core.webui.keyword.builtin.ClickKeyword.execute(ClickKeyword.groovy:67)
	at com.kms.katalon.core.keyword.internal.KeywordExecutor.executeKeywordForPlatform(KeywordExecutor.groovy:53)
	at com.kms.katalon.core.webui.keyword.WebUiBuiltInKeywords.click(WebUiBuiltInKeywords.groovy:616)
	at com.kms.katalon.core.webui.keyword.WebUiBuiltInKeywords$click$4.call(Unknown Source)
	at census_dental.run(census_dental:36)
	at com.kms.katalon.core.main.ScriptEngine.run(ScriptEngine.java:194)
	at com.kms.katalon.core.main.ScriptEngine.runScriptAsRawText(ScriptEngine.java:119)
	at com.kms.katalon.core.main.TestCaseExecutor.runScript(TestCaseExecutor.java:328)
	at com.kms.katalon.core.main.TestCaseExecutor.doExecute(TestCaseExecutor.java:319)
	at com.kms.katalon.core.main.TestCaseExecutor.processExecutionPhase(TestCaseExecutor.java:298)
	at com.kms.katalon.core.main.TestCaseExecutor.accessMainPhase(TestCaseExecutor.java:290)
	at com.kms.katalon.core.main.TestCaseExecutor.execute(TestCaseExecutor.java:224)
	at com.kms.katalon.core.main.TestCaseMain.runTestCase(TestCaseMain.java:106)
	at com.kms.katalon.core.keyword.builtin.CallTestCaseKeyword$_callTestCase_closure1.doCall(CallTestCaseKeyword.groovy:59)
	at com.kms.katalon.core.keyword.builtin.CallTestCaseKeyword$_callTestCase_closure1.call(CallTestCaseKeyword.groovy)
	at com.kms.katalon.core.keyword.internal.KeywordMain.runKeyword(KeywordMain.groovy:54)
	at com.kms.katalon.core.keyword.builtin.CallTestCaseKeyword.callTestCase(CallTestCaseKeyword.groovy:80)
	at com.kms.katalon.core.keyword.builtin.CallTestCaseKeyword.execute(CallTestCaseKeyword.groovy:44)
	at com.kms.katalon.core.keyword.internal.KeywordExecutor.executeKeywordForPlatform(KeywordExecutor.groovy:53)
	at com.kms.katalon.core.keyword.BuiltinKeywords.callTestCase(BuiltinKeywords.groovy:334)
	at USA Access.run(USA Access:24)
	at com.kms.katalon.core.main.ScriptEngine.run(ScriptEngine.java:194)
	at com.kms.katalon.core.main.ScriptEngine.runScriptAsRawText(ScriptEngine.java:119)
	at com.kms.katalon.core.main.TestCaseExecutor.runScript(TestCaseExecutor.java:328)
	at com.kms.katalon.core.main.TestCaseExecutor.doExecute(TestCaseExecutor.java:319)
	at com.kms.katalon.core.main.TestCaseExecutor.processExecutionPhase(TestCaseExecutor.java:298)
	at com.kms.katalon.core.main.TestCaseExecutor.accessMainPhase(TestCaseExecutor.java:290)
	at com.kms.katalon.core.main.TestCaseExecutor.execute(TestCaseExecutor.java:224)
	at com.kms.katalon.core.main.TestSuiteExecutor.accessTestCaseMainPhase(TestSuiteExecutor.java:129)
	at com.kms.katalon.core.main.TestSuiteExecutor.accessTestSuiteMainPhase(TestSuiteExecutor.java:112)
	at com.kms.katalon.core.main.TestSuiteExecutor.execute(TestSuiteExecutor.java:81)
	at com.kms.katalon.core.main.TestCaseMain.startTestSuite(TestCaseMain.java:149)
	at com.kms.katalon.core.main.TestCaseMain$startTestSuite$0.call(Unknown Source)
	at TempTestSuite1583740492521.run(TempTestSuite1583740492521.groovy:36)]]></system-out>
         <system-err><![CDATA[2020-03-09 03:57:43 - [TEST_CASE][FAILED] - Test Cases/AHI/NEW/Dental/USA Access: Test Cases/AHI/NEW/Dental/USA Access FAILED.
Reason:
com.kms.katalon.core.exception.StepFailedException: Unable to click on object 'Object Repository/mobileSanity/Dental/census/label_Compare Dental Insurance' (Root cause: com.kms.katalon.core.webui.exception.WebElementNotFoundException: Web element with id: 'Object Repository/mobileSanity/Dental/census/label_Compare Dental Insurance' located by 'By.xpath: //label[@id = 'js-see-plans' and @href = '#' and (text() = 'Compare Dental Insurance ' or . = 'Compare Dental Insurance ')]' not found)
	at com.kms.katalon.core.keyword.internal.KeywordMain.stepFailed(KeywordMain.groovy:36)
	at com.kms.katalon.core.webui.keyword.internal.WebUIKeywordMain.stepFailed(WebUIKeywordMain.groovy:65)
	at com.kms.katalon.core.webui.keyword.internal.WebUIKeywordMain.runKeyword(WebUIKeywordMain.groovy:27)
	at com.kms.katalon.core.webui.keyword.builtin.ClickKeyword.click(ClickKeyword.groovy:86)
	at com.kms.katalon.core.webui.keyword.builtin.ClickKeyword.execute(ClickKeyword.groovy:67)
	at com.kms.katalon.core.keyword.internal.KeywordExecutor.executeKeywordForPlatform(KeywordExecutor.groovy:53)
	at com.kms.katalon.core.webui.keyword.WebUiBuiltInKeywords.click(WebUiBuiltInKeywords.groovy:616)
	at com.kms.katalon.core.webui.keyword.WebUiBuiltInKeywords$click$4.call(Unknown Source)
	at census_dental.run(census_dental:36)
	at com.kms.katalon.core.main.ScriptEngine.run(ScriptEngine.java:194)
	at com.kms.katalon.core.main.ScriptEngine.runScriptAsRawText(ScriptEngine.java:119)
	at com.kms.katalon.core.main.TestCaseExecutor.runScript(TestCaseExecutor.java:328)
	at com.kms.katalon.core.main.TestCaseExecutor.doExecute(TestCaseExecutor.java:319)
	at com.kms.katalon.core.main.TestCaseExecutor.processExecutionPhase(TestCaseExecutor.java:298)
	at com.kms.katalon.core.main.TestCaseExecutor.accessMainPhase(TestCaseExecutor.java:290)
	at com.kms.katalon.core.main.TestCaseExecutor.execute(TestCaseExecutor.java:224)
	at com.kms.katalon.core.main.TestCaseMain.runTestCase(TestCaseMain.java:106)
	at com.kms.katalon.core.keyword.builtin.CallTestCaseKeyword$_callTestCase_closure1.doCall(CallTestCaseKeyword.groovy:59)
	at com.kms.katalon.core.keyword.builtin.CallTestCaseKeyword$_callTestCase_closure1.call(CallTestCaseKeyword.groovy)
	at com.kms.katalon.core.keyword.internal.KeywordMain.runKeyword(KeywordMain.groovy:54)
	at com.kms.katalon.core.keyword.builtin.CallTestCaseKeyword.callTestCase(CallTestCaseKeyword.groovy:80)
	at com.kms.katalon.core.keyword.builtin.CallTestCaseKeyword.execute(CallTestCaseKeyword.groovy:44)
	at com.kms.katalon.core.keyword.internal.KeywordExecutor.executeKeywordForPlatform(KeywordExecutor.groovy:53)
	at com.kms.katalon.core.keyword.BuiltinKeywords.callTestCase(BuiltinKeywords.groovy:334)
	at USA Access.run(USA Access:24)
	at com.kms.katalon.core.main.ScriptEngine.run(ScriptEngine.java:194)
	at com.kms.katalon.core.main.ScriptEngine.runScriptAsRawText(ScriptEngine.java:119)
	at com.kms.katalon.core.main.TestCaseExecutor.runScript(TestCaseExecutor.java:328)
	at com.kms.katalon.core.main.TestCaseExecutor.doExecute(TestCaseExecutor.java:319)
	at com.kms.katalon.core.main.TestCaseExecutor.processExecutionPhase(TestCaseExecutor.java:298)
	at com.kms.katalon.core.main.TestCaseExecutor.accessMainPhase(TestCaseExecutor.java:290)
	at com.kms.katalon.core.main.TestCaseExecutor.execute(TestCaseExecutor.java:224)
	at com.kms.katalon.core.main.TestSuiteExecutor.accessTestCaseMainPhase(TestSuiteExecutor.java:129)
	at com.kms.katalon.core.main.TestSuiteExecutor.accessTestSuiteMainPhase(TestSuiteExecutor.java:112)
	at com.kms.katalon.core.main.TestSuiteExecutor.execute(TestSuiteExecutor.java:81)
	at com.kms.katalon.core.main.TestCaseMain.startTestSuite(TestCaseMain.java:149)
	at com.kms.katalon.core.main.TestCaseMain$startTestSuite$0.call(Unknown Source)
	at TempTestSuite1583740492521.run(TempTestSuite1583740492521.groovy:36)]]></system-err>
      </testcase>
      <testcase name="Test Cases/AHI/NEW/HBI" classname="Test Cases/AHI/NEW/HBI" status="PASSED">
         <system-out><![CDATA[2020-03-09 03:58:22 - [TEST_CASE][PASSED] - Test Cases/AHI/NEW/HBI: Test Cases/AHI/NEW/HBI

2020-03-09 03:58:22 - [TEST_STEP][PASSED] - callTestCase(findTestCase("AHI/_include/get_screenPath"), ["productLine":"hbi", "carrierName":"HBI"], CONTINUE_ON_FAILURE): Call Test Case 'Test Cases/AHI/_include/get_screenPath' successfully

2020-03-09 03:58:22 - [TEST_CASE][PASSED] - Test Cases/AHI/_include/get_screenPath: Test Cases/AHI/_include/get_screenPath

2020-03-09 03:58:22 - [TEST_STEP][PASSED] - m = getExecutionProperties(): null

2020-03-09 03:58:22 - [TEST_STEP][PASSED] - deviceName = get("mobileEmulation").get("deviceName"): null

2020-03-09 03:58:22 - [TEST_STEP][PASSED] - println(deviceName): null

2020-03-09 03:58:22 - [TEST_STEP][PASSED] - now = new java.util.Date(): null

2020-03-09 03:58:22 - [TEST_STEP][PASSED] - mydate = now.format("yyyyMMdd_HHmmss"): null

2020-03-09 03:58:22 - [TEST_STEP][PASSED] - screenPath = "../Screenshots/": null

2020-03-09 03:58:22 - [TEST_STEP][PASSED] - screenPath = screenPath + deviceName + "/" + productLine + "/" + carrierName + "/" + mydate + "/": null

2020-03-09 03:58:22 - [TEST_STEP][PASSED] - println(screenPath): null

2020-03-09 03:58:22 - [MESSAGE][PASSED] - Call Test Case 'Test Cases/AHI/_include/get_screenPath' successfully

2020-03-09 03:58:22 - [TEST_STEP][PASSED] - i = 0: null

2020-03-09 03:58:22 - [TEST_STEP][PASSED] - callTestCase(findTestCase("AHI/_include/openWebSite"), [:], CONTINUE_ON_FAILURE): Call Test Case 'Test Cases/AHI/_include/openWebSite' successfully

2020-03-09 03:58:22 - [TEST_CASE][PASSED] - Test Cases/AHI/_include/openWebSite: Test Cases/AHI/_include/openWebSite

2020-03-09 03:58:23 - [TEST_STEP][PASSED] - openBrowser(env): Browser is opened with url: 'https://praetemptatus.agilehealthinsurance.com'

2020-03-09 03:58:23 - [MESSAGE][WARNING] - A browser is already opened. Closing browser and opening a new one

2020-03-09 03:58:24 - [MESSAGE][INFO] - Starting 'Chrome' driver

2020-03-09 03:58:24 - [MESSAGE][INFO] - User set preference: ['mobileEmulation', '{deviceName=iPhone X}']

2020-03-09 03:58:24 - [MESSAGE][INFO] - User set preference: ['args', '[--incognito, --aggressive-cache-discard, --no-sandbox, --window-size=375,812, --ignore-certificate-errors]']

2020-03-09 03:58:26 - [MESSAGE][PASSED] - Browser is opened with url: 'https://praetemptatus.agilehealthinsurance.com'

2020-03-09 03:58:26 - [TEST_STEP][PASSED] - waitForPageLoad(20): Wait for page load successfully

2020-03-09 03:58:27 - [MESSAGE][PASSED] - Wait for page load successfully

2020-03-09 03:58:27 - [TEST_STEP][PASSED] - callTestCase(findTestCase("AHI/_include/get_screenshot"), [:], STOP_ON_FAILURE): Call Test Case 'Test Cases/AHI/_include/get_screenshot' successfully

2020-03-09 03:58:27 - [TEST_CASE][PASSED] - Test Cases/AHI/_include/get_screenshot: Test Cases/AHI/_include/get_screenshot

2020-03-09 03:58:27 - [TEST_STEP][PASSED] - Thread.sleep(1000): null

2020-03-09 03:58:28 - [TEST_STEP][PASSED] - takeScreenshot(screenPath + i + ".png"): Taking screenshot successfully

2020-03-09 03:58:29 - [MESSAGE][PASSED] - Taking screenshot successfully
[[ATTACHMENT|D:\\Test\\AgileTest\\Reports\\AHI\\ahi\\20200309_035452\\../Screenshots/iPhone X/hbi/HBI/20200309_035822/0.png]]

2020-03-09 03:58:29 - [TEST_STEP][PASSED] - (internal.GlobalVariable.i++): null

2020-03-09 03:58:29 - [MESSAGE][PASSED] - Call Test Case 'Test Cases/AHI/_include/get_screenshot' successfully

2020-03-09 03:58:29 - [MESSAGE][PASSED] - Call Test Case 'Test Cases/AHI/_include/openWebSite' successfully

2020-03-09 03:58:29 - [TEST_STEP][PASSED] - driver = getWebDriver(): null

2020-03-09 03:58:29 - [TEST_STEP][PASSED] - baseUrl = ENV: null

2020-03-09 03:58:29 - [TEST_STEP][PASSED] - selenium = new com.thoughtworks.selenium.webdriven.WebDriverBackedSelenium(driver, baseUrl): null

2020-03-09 03:58:29 - [TEST_STEP][PASSED] - selenium.click("//*[@class='filter-option-inner-inner']"): null

2020-03-09 03:58:30 - [TEST_STEP][PASSED] - selenium.click("id=bs-select-1-3"): null

2020-03-09 03:58:30 - [TEST_STEP][PASSED] - selenium.click("id=primaryCTA"): null

2020-03-09 03:58:31 - [TEST_STEP][PASSED] - for ([second = 0, second < 10, (second++)]): null

2020-03-09 03:58:31 - [TEST_STEP][PASSED] - try: null

2020-03-09 03:58:31 - [TEST_STEP][PASSED] - if (selenium.isElementPresent("id=js-traffic-to-aiq")): null

2020-03-09 03:58:31 - [TEST_STEP][PASSED] - break: null

2020-03-09 03:58:31 - [TEST_STEP][PASSED] - callTestCase(findTestCase("AHI/_include/get_screenshot"), [:], STOP_ON_FAILURE): Call Test Case 'Test Cases/AHI/_include/get_screenshot' successfully

2020-03-09 03:58:31 - [TEST_CASE][PASSED] - Test Cases/AHI/_include/get_screenshot: Test Cases/AHI/_include/get_screenshot

2020-03-09 03:58:31 - [TEST_STEP][PASSED] - Thread.sleep(1000): null

2020-03-09 03:58:32 - [TEST_STEP][PASSED] - takeScreenshot(screenPath + i + ".png"): Taking screenshot successfully

2020-03-09 03:58:33 - [MESSAGE][PASSED] - Taking screenshot successfully
[[ATTACHMENT|D:\\Test\\AgileTest\\Reports\\AHI\\ahi\\20200309_035452\\../Screenshots/iPhone X/hbi/HBI/20200309_035822/1.png]]

2020-03-09 03:58:33 - [TEST_STEP][PASSED] - (internal.GlobalVariable.i++): null

2020-03-09 03:58:33 - [MESSAGE][PASSED] - Call Test Case 'Test Cases/AHI/_include/get_screenshot' successfully

2020-03-09 03:58:33 - [TEST_STEP][PASSED] - url = selenium.getAttribute("xpath=(//a[@id='js-traffic-to-aiq'])@href"): null

2020-03-09 03:58:33 - [TEST_STEP][PASSED] - navigateToUrl(url): Navigate to 'https://healthinsurance.net/health' successfully

2020-03-09 03:58:49 - [MESSAGE][PASSED] - Navigate to 'https://healthinsurance.net/health' successfully

2020-03-09 03:58:49 - [TEST_STEP][PASSED] - waitForPageLoad(10): Wait for page load successfully

2020-03-09 03:58:50 - [MESSAGE][PASSED] - Wait for page load successfully

2020-03-09 03:58:50 - [TEST_STEP][PASSED] - callTestCase(findTestCase("AHI/_include/get_screenshot"), [:], STOP_ON_FAILURE): Call Test Case 'Test Cases/AHI/_include/get_screenshot' successfully

2020-03-09 03:58:50 - [TEST_CASE][PASSED] - Test Cases/AHI/_include/get_screenshot: Test Cases/AHI/_include/get_screenshot

2020-03-09 03:58:50 - [TEST_STEP][PASSED] - Thread.sleep(1000): null

2020-03-09 03:58:51 - [TEST_STEP][PASSED] - takeScreenshot(screenPath + i + ".png"): Taking screenshot successfully

2020-03-09 03:58:51 - [MESSAGE][PASSED] - Taking screenshot successfully
[[ATTACHMENT|D:\\Test\\AgileTest\\Reports\\AHI\\ahi\\20200309_035452\\../Screenshots/iPhone X/hbi/HBI/20200309_035822/2.png]]

2020-03-09 03:58:51 - [TEST_STEP][PASSED] - (internal.GlobalVariable.i++): null

2020-03-09 03:58:51 - [MESSAGE][PASSED] - Call Test Case 'Test Cases/AHI/_include/get_screenshot' successfully]]></system-out>
         <system-err><![CDATA[]]></system-err>
      </testcase>
      <testcase name="Test Cases/AHI/NEW/Medicare" classname="Test Cases/AHI/NEW/Medicare" status="PASSED">
         <system-out><![CDATA[2020-03-09 03:58:51 - [TEST_CASE][PASSED] - Test Cases/AHI/NEW/Medicare: Test Cases/AHI/NEW/Medicare

2020-03-09 03:58:52 - [TEST_STEP][PASSED] - callTestCase(findTestCase("AHI/_include/get_screenPath"), ["productLine":"medicare", "carrierName":"Medicare"], CONTINUE_ON_FAILURE): Call Test Case 'Test Cases/AHI/_include/get_screenPath' successfully

2020-03-09 03:58:52 - [TEST_CASE][PASSED] - Test Cases/AHI/_include/get_screenPath: Test Cases/AHI/_include/get_screenPath

2020-03-09 03:58:52 - [TEST_STEP][PASSED] - m = getExecutionProperties(): null

2020-03-09 03:58:52 - [TEST_STEP][PASSED] - deviceName = get("mobileEmulation").get("deviceName"): null

2020-03-09 03:58:52 - [TEST_STEP][PASSED] - println(deviceName): null

2020-03-09 03:58:52 - [TEST_STEP][PASSED] - now = new java.util.Date(): null

2020-03-09 03:58:52 - [TEST_STEP][PASSED] - mydate = now.format("yyyyMMdd_HHmmss"): null

2020-03-09 03:58:52 - [TEST_STEP][PASSED] - screenPath = "../Screenshots/": null

2020-03-09 03:58:52 - [TEST_STEP][PASSED] - screenPath = screenPath + deviceName + "/" + productLine + "/" + carrierName + "/" + mydate + "/": null

2020-03-09 03:58:52 - [TEST_STEP][PASSED] - println(screenPath): null

2020-03-09 03:58:52 - [MESSAGE][PASSED] - Call Test Case 'Test Cases/AHI/_include/get_screenPath' successfully

2020-03-09 03:58:52 - [TEST_STEP][PASSED] - i = 0: null

2020-03-09 03:58:52 - [TEST_STEP][PASSED] - callTestCase(findTestCase("AHI/_include/openWebSite"), [:], CONTINUE_ON_FAILURE): Call Test Case 'Test Cases/AHI/_include/openWebSite' successfully

2020-03-09 03:58:52 - [TEST_CASE][PASSED] - Test Cases/AHI/_include/openWebSite: Test Cases/AHI/_include/openWebSite

2020-03-09 03:58:52 - [TEST_STEP][PASSED] - openBrowser(env): Browser is opened with url: 'https://praetemptatus.agilehealthinsurance.com'

2020-03-09 03:58:52 - [MESSAGE][WARNING] - A browser is already opened. Closing browser and opening a new one

2020-03-09 03:58:53 - [MESSAGE][INFO] - Starting 'Chrome' driver

2020-03-09 03:58:53 - [MESSAGE][INFO] - User set preference: ['mobileEmulation', '{deviceName=iPhone X}']

2020-03-09 03:58:53 - [MESSAGE][INFO] - User set preference: ['args', '[--incognito, --aggressive-cache-discard, --no-sandbox, --window-size=375,812, --ignore-certificate-errors]']

2020-03-09 03:58:55 - [MESSAGE][PASSED] - Browser is opened with url: 'https://praetemptatus.agilehealthinsurance.com'

2020-03-09 03:58:55 - [TEST_STEP][PASSED] - waitForPageLoad(20): Wait for page load successfully

2020-03-09 03:58:55 - [MESSAGE][PASSED] - Wait for page load successfully

2020-03-09 03:58:55 - [TEST_STEP][PASSED] - callTestCase(findTestCase("AHI/_include/get_screenshot"), [:], STOP_ON_FAILURE): Call Test Case 'Test Cases/AHI/_include/get_screenshot' successfully

2020-03-09 03:58:55 - [TEST_CASE][PASSED] - Test Cases/AHI/_include/get_screenshot: Test Cases/AHI/_include/get_screenshot

2020-03-09 03:58:55 - [TEST_STEP][PASSED] - Thread.sleep(1000): null

2020-03-09 03:58:56 - [TEST_STEP][PASSED] - takeScreenshot(screenPath + i + ".png"): Taking screenshot successfully

2020-03-09 03:58:57 - [MESSAGE][PASSED] - Taking screenshot successfully
[[ATTACHMENT|D:\\Test\\AgileTest\\Reports\\AHI\\ahi\\20200309_035452\\../Screenshots/iPhone X/medicare/Medicare/20200309_035852/0.png]]

2020-03-09 03:58:57 - [TEST_STEP][PASSED] - (internal.GlobalVariable.i++): null

2020-03-09 03:58:57 - [MESSAGE][PASSED] - Call Test Case 'Test Cases/AHI/_include/get_screenshot' successfully

2020-03-09 03:58:57 - [MESSAGE][PASSED] - Call Test Case 'Test Cases/AHI/_include/openWebSite' successfully

2020-03-09 03:58:57 - [TEST_STEP][PASSED] - driver = getWebDriver(): null

2020-03-09 03:58:57 - [TEST_STEP][PASSED] - baseUrl = ENV: null

2020-03-09 03:58:57 - [TEST_STEP][PASSED] - selenium = new com.thoughtworks.selenium.webdriven.WebDriverBackedSelenium(driver, baseUrl): null

2020-03-09 03:58:57 - [TEST_STEP][PASSED] - selenium.click("//*[@class='filter-option-inner-inner']"): null

2020-03-09 03:58:58 - [TEST_STEP][PASSED] - selenium.click("id=bs-select-1-4"): null

2020-03-09 03:58:58 - [TEST_STEP][PASSED] - selenium.click("id=primaryCTA"): null

2020-03-09 03:58:59 - [TEST_STEP][PASSED] - for ([second = 0, second < 10, (second++)]): null

2020-03-09 03:58:59 - [TEST_STEP][PASSED] - try: null

2020-03-09 03:58:59 - [TEST_STEP][PASSED] - if (selenium.isElementPresent("//h1[contains(text(),'Compare Medicare health plans')]")): null

2020-03-09 03:58:59 - [TEST_STEP][PASSED] - break: null

2020-03-09 03:58:59 - [TEST_STEP][PASSED] - callTestCase(findTestCase("AHI/_include/get_screenshot"), [:], STOP_ON_FAILURE): Call Test Case 'Test Cases/AHI/_include/get_screenshot' successfully

2020-03-09 03:58:59 - [TEST_CASE][PASSED] - Test Cases/AHI/_include/get_screenshot: Test Cases/AHI/_include/get_screenshot

2020-03-09 03:58:59 - [TEST_STEP][PASSED] - Thread.sleep(1000): null

2020-03-09 03:59:00 - [TEST_STEP][PASSED] - takeScreenshot(screenPath + i + ".png"): Taking screenshot successfully

2020-03-09 03:59:01 - [MESSAGE][PASSED] - Taking screenshot successfully
[[ATTACHMENT|D:\\Test\\AgileTest\\Reports\\AHI\\ahi\\20200309_035452\\../Screenshots/iPhone X/medicare/Medicare/20200309_035852/1.png]]

2020-03-09 03:59:01 - [TEST_STEP][PASSED] - (internal.GlobalVariable.i++): null

2020-03-09 03:59:01 - [MESSAGE][PASSED] - Call Test Case 'Test Cases/AHI/_include/get_screenshot' successfully]]></system-out>
         <system-err><![CDATA[]]></system-err>
      </testcase>
      <testcase name="Test Cases/AHI/NEW/Pet Insurance" classname="Test Cases/AHI/NEW/Pet Insurance" status="PASSED">
         <system-out><![CDATA[2020-03-09 03:59:01 - [TEST_CASE][PASSED] - Test Cases/AHI/NEW/Pet Insurance: Test Cases/AHI/NEW/Pet Insurance

2020-03-09 03:59:01 - [TEST_STEP][PASSED] - callTestCase(findTestCase("AHI/_include/get_screenPath"), ["productLine":"pet", "carrierName":"Pet Insurance"], CONTINUE_ON_FAILURE): Call Test Case 'Test Cases/AHI/_include/get_screenPath' successfully

2020-03-09 03:59:01 - [TEST_CASE][PASSED] - Test Cases/AHI/_include/get_screenPath: Test Cases/AHI/_include/get_screenPath

2020-03-09 03:59:01 - [TEST_STEP][PASSED] - m = getExecutionProperties(): null

2020-03-09 03:59:01 - [TEST_STEP][PASSED] - deviceName = get("mobileEmulation").get("deviceName"): null

2020-03-09 03:59:01 - [TEST_STEP][PASSED] - println(deviceName): null

2020-03-09 03:59:01 - [TEST_STEP][PASSED] - now = new java.util.Date(): null

2020-03-09 03:59:01 - [TEST_STEP][PASSED] - mydate = now.format("yyyyMMdd_HHmmss"): null

2020-03-09 03:59:01 - [TEST_STEP][PASSED] - screenPath = "../Screenshots/": null

2020-03-09 03:59:01 - [TEST_STEP][PASSED] - screenPath = screenPath + deviceName + "/" + productLine + "/" + carrierName + "/" + mydate + "/": null

2020-03-09 03:59:01 - [TEST_STEP][PASSED] - println(screenPath): null

2020-03-09 03:59:01 - [MESSAGE][PASSED] - Call Test Case 'Test Cases/AHI/_include/get_screenPath' successfully

2020-03-09 03:59:01 - [TEST_STEP][PASSED] - i = 0: null

2020-03-09 03:59:01 - [TEST_STEP][PASSED] - callTestCase(findTestCase("AHI/_include/openWebSite"), [:], CONTINUE_ON_FAILURE): Call Test Case 'Test Cases/AHI/_include/openWebSite' successfully

2020-03-09 03:59:01 - [TEST_CASE][PASSED] - Test Cases/AHI/_include/openWebSite: Test Cases/AHI/_include/openWebSite

2020-03-09 03:59:01 - [TEST_STEP][PASSED] - openBrowser(env): Browser is opened with url: 'https://praetemptatus.agilehealthinsurance.com'

2020-03-09 03:59:01 - [MESSAGE][WARNING] - A browser is already opened. Closing browser and opening a new one

2020-03-09 03:59:03 - [MESSAGE][INFO] - Starting 'Chrome' driver

2020-03-09 03:59:03 - [MESSAGE][INFO] - User set preference: ['mobileEmulation', '{deviceName=iPhone X}']

2020-03-09 03:59:03 - [MESSAGE][INFO] - User set preference: ['args', '[--incognito, --aggressive-cache-discard, --no-sandbox, --window-size=375,812, --ignore-certificate-errors]']

2020-03-09 03:59:05 - [MESSAGE][PASSED] - Browser is opened with url: 'https://praetemptatus.agilehealthinsurance.com'

2020-03-09 03:59:05 - [TEST_STEP][PASSED] - waitForPageLoad(20): Wait for page load successfully

2020-03-09 03:59:06 - [MESSAGE][PASSED] - Wait for page load successfully

2020-03-09 03:59:06 - [TEST_STEP][PASSED] - callTestCase(findTestCase("AHI/_include/get_screenshot"), [:], STOP_ON_FAILURE): Call Test Case 'Test Cases/AHI/_include/get_screenshot' successfully

2020-03-09 03:59:06 - [TEST_CASE][PASSED] - Test Cases/AHI/_include/get_screenshot: Test Cases/AHI/_include/get_screenshot

2020-03-09 03:59:06 - [TEST_STEP][PASSED] - Thread.sleep(1000): null

2020-03-09 03:59:07 - [TEST_STEP][PASSED] - takeScreenshot(screenPath + i + ".png"): Taking screenshot successfully

2020-03-09 03:59:08 - [MESSAGE][PASSED] - Taking screenshot successfully
[[ATTACHMENT|D:\\Test\\AgileTest\\Reports\\AHI\\ahi\\20200309_035452\\../Screenshots/iPhone X/pet/Pet Insurance/20200309_035901/0.png]]

2020-03-09 03:59:08 - [TEST_STEP][PASSED] - (internal.GlobalVariable.i++): null

2020-03-09 03:59:08 - [MESSAGE][PASSED] - Call Test Case 'Test Cases/AHI/_include/get_screenshot' successfully

2020-03-09 03:59:08 - [MESSAGE][PASSED] - Call Test Case 'Test Cases/AHI/_include/openWebSite' successfully

2020-03-09 03:59:08 - [TEST_STEP][PASSED] - driver = getWebDriver(): null

2020-03-09 03:59:08 - [TEST_STEP][PASSED] - baseUrl = ENV: null

2020-03-09 03:59:08 - [TEST_STEP][PASSED] - selenium = new com.thoughtworks.selenium.webdriven.WebDriverBackedSelenium(driver, baseUrl): null

2020-03-09 03:59:09 - [TEST_STEP][PASSED] - selenium.click("//*[@class='filter-option-inner-inner']"): null

2020-03-09 03:59:09 - [TEST_STEP][PASSED] - selenium.click("id=bs-select-1-5"): null

2020-03-09 03:59:09 - [TEST_STEP][PASSED] - selenium.click("id=primaryCTA"): null

2020-03-09 03:59:10 - [TEST_STEP][PASSED] - for ([second = 0, second < 20, (second++)]): null

2020-03-09 03:59:10 - [TEST_STEP][PASSED] - try: null

2020-03-09 03:59:10 - [TEST_STEP][PASSED] - if (selenium.isElementPresent("id=zip-input")): null

2020-03-09 03:59:11 - [TEST_STEP][PASSED] - break: null

2020-03-09 03:59:11 - [TEST_STEP][PASSED] - callTestCase(findTestCase("AHI/_include/get_screenshot"), [:], STOP_ON_FAILURE): Call Test Case 'Test Cases/AHI/_include/get_screenshot' successfully

2020-03-09 03:59:11 - [TEST_CASE][PASSED] - Test Cases/AHI/_include/get_screenshot: Test Cases/AHI/_include/get_screenshot

2020-03-09 03:59:11 - [TEST_STEP][PASSED] - Thread.sleep(1000): null

2020-03-09 03:59:12 - [TEST_STEP][PASSED] - takeScreenshot(screenPath + i + ".png"): Taking screenshot successfully

2020-03-09 03:59:14 - [MESSAGE][PASSED] - Taking screenshot successfully
[[ATTACHMENT|D:\\Test\\AgileTest\\Reports\\AHI\\ahi\\20200309_035452\\../Screenshots/iPhone X/pet/Pet Insurance/20200309_035901/1.png]]

2020-03-09 03:59:14 - [TEST_STEP][PASSED] - (internal.GlobalVariable.i++): null

2020-03-09 03:59:14 - [MESSAGE][PASSED] - Call Test Case 'Test Cases/AHI/_include/get_screenshot' successfully

2020-03-09 03:59:14 - [TEST_STEP][PASSED] - sendKeys(findTestObject("mobileSanity/Cancer Insurance/zip"), "35216"): Keys '35216' sent to object: 'Object Repository/mobileSanity/Cancer Insurance/zip'

2020-03-09 03:59:14 - [MESSAGE][PASSED] - Keys '35216' sent to object: 'Object Repository/mobileSanity/Cancer Insurance/zip'

2020-03-09 03:59:14 - [TEST_STEP][PASSED] - Thread.sleep(3000): null

2020-03-09 03:59:17 - [TEST_STEP][PASSED] - selenium.click("id=js-see-plans"): null

2020-03-09 03:59:18 - [TEST_STEP][PASSED] - for ([second = 0, second < 20, (second++)]): null

2020-03-09 03:59:18 - [TEST_STEP][PASSED] - try: null

2020-03-09 03:59:18 - [TEST_STEP][PASSED] - if (selenium.isElementPresent("id=name-input")): null

2020-03-09 03:59:18 - [TEST_STEP][PASSED] - break: null

2020-03-09 03:59:18 - [TEST_STEP][PASSED] - callTestCase(findTestCase("AHI/_include/get_screenshot"), [:], STOP_ON_FAILURE): Call Test Case 'Test Cases/AHI/_include/get_screenshot' successfully

2020-03-09 03:59:18 - [TEST_CASE][PASSED] - Test Cases/AHI/_include/get_screenshot: Test Cases/AHI/_include/get_screenshot

2020-03-09 03:59:18 - [TEST_STEP][PASSED] - Thread.sleep(1000): null

2020-03-09 03:59:19 - [TEST_STEP][PASSED] - takeScreenshot(screenPath + i + ".png"): Taking screenshot successfully

2020-03-09 03:59:20 - [MESSAGE][PASSED] - Taking screenshot successfully
[[ATTACHMENT|D:\\Test\\AgileTest\\Reports\\AHI\\ahi\\20200309_035452\\../Screenshots/iPhone X/pet/Pet Insurance/20200309_035901/2.png]]

2020-03-09 03:59:20 - [TEST_STEP][PASSED] - (internal.GlobalVariable.i++): null

2020-03-09 03:59:20 - [MESSAGE][PASSED] - Call Test Case 'Test Cases/AHI/_include/get_screenshot' successfully

2020-03-09 03:59:20 - [TEST_STEP][PASSED] - setText(findTestObject("mobileSanity/Pet Insurance/name-input"), "Test cat"): Text 'Test cat' is set on object 'Object Repository/mobileSanity/Pet Insurance/name-input'

2020-03-09 03:59:20 - [MESSAGE][PASSED] - Text 'Test cat' is set on object 'Object Repository/mobileSanity/Pet Insurance/name-input'

2020-03-09 03:59:20 - [TEST_STEP][PASSED] - selenium.click("id=js-continue"): null

2020-03-09 03:59:20 - [TEST_STEP][PASSED] - for ([second = 0, second < 20, (second++)]): null

2020-03-09 03:59:20 - [TEST_STEP][PASSED] - try: null

2020-03-09 03:59:20 - [TEST_STEP][PASSED] - if (selenium.isElementPresent("xpath=//label[@for='p-cat']")): null

2020-03-09 03:59:20 - [TEST_STEP][PASSED] - Thread.sleep(1000): null

2020-03-09 03:59:21 - [TEST_STEP][PASSED] - try: null

2020-03-09 03:59:21 - [TEST_STEP][PASSED] - if (selenium.isElementPresent("xpath=//label[@for='p-cat']")): null

2020-03-09 03:59:21 - [TEST_STEP][PASSED] - break: null

2020-03-09 03:59:21 - [TEST_STEP][PASSED] - callTestCase(findTestCase("AHI/_include/get_screenshot"), [:], STOP_ON_FAILURE): Call Test Case 'Test Cases/AHI/_include/get_screenshot' successfully

2020-03-09 03:59:22 - [TEST_CASE][PASSED] - Test Cases/AHI/_include/get_screenshot: Test Cases/AHI/_include/get_screenshot

2020-03-09 03:59:22 - [TEST_STEP][PASSED] - Thread.sleep(1000): null

2020-03-09 03:59:23 - [TEST_STEP][PASSED] - takeScreenshot(screenPath + i + ".png"): Taking screenshot successfully

2020-03-09 03:59:23 - [MESSAGE][PASSED] - Taking screenshot successfully
[[ATTACHMENT|D:\\Test\\AgileTest\\Reports\\AHI\\ahi\\20200309_035452\\../Screenshots/iPhone X/pet/Pet Insurance/20200309_035901/3.png]]

2020-03-09 03:59:23 - [TEST_STEP][PASSED] - (internal.GlobalVariable.i++): null

2020-03-09 03:59:23 - [MESSAGE][PASSED] - Call Test Case 'Test Cases/AHI/_include/get_screenshot' successfully

2020-03-09 03:59:23 - [TEST_STEP][PASSED] - selenium.click("//label[@for='p-cat']"): null

2020-03-09 03:59:23 - [TEST_STEP][PASSED] - for ([second = 0, second < 20, (second++)]): null

2020-03-09 03:59:23 - [TEST_STEP][PASSED] - try: null

2020-03-09 03:59:23 - [TEST_STEP][PASSED] - if (selenium.isElementPresent("id=dob-mm-input")): null

2020-03-09 03:59:23 - [TEST_STEP][PASSED] - Thread.sleep(1000): null

2020-03-09 03:59:24 - [TEST_STEP][PASSED] - try: null

2020-03-09 03:59:24 - [TEST_STEP][PASSED] - if (selenium.isElementPresent("id=dob-mm-input")): null

2020-03-09 03:59:24 - [TEST_STEP][PASSED] - break: null

2020-03-09 03:59:24 - [TEST_STEP][PASSED] - callTestCase(findTestCase("AHI/_include/get_screenshot"), [:], STOP_ON_FAILURE): Call Test Case 'Test Cases/AHI/_include/get_screenshot' successfully

2020-03-09 03:59:24 - [TEST_CASE][PASSED] - Test Cases/AHI/_include/get_screenshot: Test Cases/AHI/_include/get_screenshot

2020-03-09 03:59:24 - [TEST_STEP][PASSED] - Thread.sleep(1000): null

2020-03-09 03:59:25 - [TEST_STEP][PASSED] - takeScreenshot(screenPath + i + ".png"): Taking screenshot successfully

2020-03-09 03:59:26 - [MESSAGE][PASSED] - Taking screenshot successfully
[[ATTACHMENT|D:\\Test\\AgileTest\\Reports\\AHI\\ahi\\20200309_035452\\../Screenshots/iPhone X/pet/Pet Insurance/20200309_035901/4.png]]

2020-03-09 03:59:26 - [TEST_STEP][PASSED] - (internal.GlobalVariable.i++): null

2020-03-09 03:59:26 - [MESSAGE][PASSED] - Call Test Case 'Test Cases/AHI/_include/get_screenshot' successfully

2020-03-09 03:59:26 - [TEST_STEP][PASSED] - setText(findTestObject("mobileSanity/Pet Insurance/dob-mm-input"), "01"): Text '01' is set on object 'Object Repository/mobileSanity/Pet Insurance/dob-mm-input'

2020-03-09 03:59:26 - [MESSAGE][PASSED] - Text '01' is set on object 'Object Repository/mobileSanity/Pet Insurance/dob-mm-input'

2020-03-09 03:59:26 - [TEST_STEP][PASSED] - setText(findTestObject("mobileSanity/Pet Insurance/dob-dd-input"), "01"): Text '01' is set on object 'Object Repository/mobileSanity/Pet Insurance/dob-dd-input'

2020-03-09 03:59:26 - [MESSAGE][PASSED] - Text '01' is set on object 'Object Repository/mobileSanity/Pet Insurance/dob-dd-input'

2020-03-09 03:59:26 - [TEST_STEP][PASSED] - setText(findTestObject("mobileSanity/Pet Insurance/dob-yyyy-input"), "2016"): Text '2016' is set on object 'Object Repository/mobileSanity/Pet Insurance/dob-yyyy-input'

2020-03-09 03:59:27 - [MESSAGE][PASSED] - Text '2016' is set on object 'Object Repository/mobileSanity/Pet Insurance/dob-yyyy-input'

2020-03-09 03:59:27 - [TEST_STEP][PASSED] - for ([second = 0, second < 20, (second++)]): null

2020-03-09 03:59:27 - [TEST_STEP][PASSED] - try: null

2020-03-09 03:59:27 - [TEST_STEP][PASSED] - if (selenium.isElementPresent("xpath=//label[@for='p-no']")): null

2020-03-09 03:59:27 - [TEST_STEP][PASSED] - Thread.sleep(1000): null

2020-03-09 03:59:28 - [TEST_STEP][PASSED] - try: null

2020-03-09 03:59:28 - [TEST_STEP][PASSED] - if (selenium.isElementPresent("xpath=//label[@for='p-no']")): null

2020-03-09 03:59:28 - [TEST_STEP][PASSED] - break: null

2020-03-09 03:59:28 - [TEST_STEP][PASSED] - callTestCase(findTestCase("AHI/_include/get_screenshot"), [:], STOP_ON_FAILURE): Call Test Case 'Test Cases/AHI/_include/get_screenshot' successfully

2020-03-09 03:59:28 - [TEST_CASE][PASSED] - Test Cases/AHI/_include/get_screenshot: Test Cases/AHI/_include/get_screenshot

2020-03-09 03:59:28 - [TEST_STEP][PASSED] - Thread.sleep(1000): null

2020-03-09 03:59:29 - [TEST_STEP][PASSED] - takeScreenshot(screenPath + i + ".png"): Taking screenshot successfully

2020-03-09 03:59:29 - [MESSAGE][PASSED] - Taking screenshot successfully
[[ATTACHMENT|D:\\Test\\AgileTest\\Reports\\AHI\\ahi\\20200309_035452\\../Screenshots/iPhone X/pet/Pet Insurance/20200309_035901/5.png]]

2020-03-09 03:59:29 - [TEST_STEP][PASSED] - (internal.GlobalVariable.i++): null

2020-03-09 03:59:29 - [MESSAGE][PASSED] - Call Test Case 'Test Cases/AHI/_include/get_screenshot' successfully

2020-03-09 03:59:29 - [TEST_STEP][PASSED] - selenium.click("//label[@for='p-no']"): null

2020-03-09 03:59:30 - [TEST_STEP][PASSED] - for ([second = 0, second < 20, (second++)]): null

2020-03-09 03:59:30 - [TEST_STEP][PASSED] - try: null

2020-03-09 03:59:30 - [TEST_STEP][PASSED] - if (selenium.isElementPresent("id=applyCta")): null

2020-03-09 03:59:32 - [TEST_STEP][PASSED] - break: null

2020-03-09 03:59:32 - [TEST_STEP][PASSED] - callTestCase(findTestCase("AHI/_include/get_screenshot"), [:], STOP_ON_FAILURE): Call Test Case 'Test Cases/AHI/_include/get_screenshot' successfully

2020-03-09 03:59:32 - [TEST_CASE][PASSED] - Test Cases/AHI/_include/get_screenshot: Test Cases/AHI/_include/get_screenshot

2020-03-09 03:59:32 - [TEST_STEP][PASSED] - Thread.sleep(1000): null

2020-03-09 03:59:33 - [TEST_STEP][PASSED] - takeScreenshot(screenPath + i + ".png"): Taking screenshot successfully

2020-03-09 03:59:33 - [MESSAGE][PASSED] - Taking screenshot successfully
[[ATTACHMENT|D:\\Test\\AgileTest\\Reports\\AHI\\ahi\\20200309_035452\\../Screenshots/iPhone X/pet/Pet Insurance/20200309_035901/6.png]]

2020-03-09 03:59:33 - [TEST_STEP][PASSED] - (internal.GlobalVariable.i++): null

2020-03-09 03:59:33 - [MESSAGE][PASSED] - Call Test Case 'Test Cases/AHI/_include/get_screenshot' successfully

2020-03-09 03:59:33 - [TEST_STEP][PASSED] - selenium.click("id=applyCta"): null

2020-03-09 03:59:34 - [TEST_STEP][PASSED] - for ([second = 0, second < 20, (second++)]): null

2020-03-09 03:59:34 - [TEST_STEP][PASSED] - try: null

2020-03-09 03:59:34 - [TEST_STEP][PASSED] - if (selenium.isElementPresent("id=member-P-1-firstName")): null

2020-03-09 03:59:35 - [TEST_STEP][PASSED] - Thread.sleep(1000): null

2020-03-09 03:59:36 - [TEST_STEP][PASSED] - try: null

2020-03-09 03:59:36 - [TEST_STEP][PASSED] - if (selenium.isElementPresent("id=member-P-1-firstName")): null

2020-03-09 03:59:36 - [TEST_STEP][PASSED] - break: null

2020-03-09 03:59:36 - [TEST_STEP][PASSED] - callTestCase(findTestCase("AHI/_include/get_screenshot"), [:], STOP_ON_FAILURE): Call Test Case 'Test Cases/AHI/_include/get_screenshot' successfully

2020-03-09 03:59:36 - [TEST_CASE][PASSED] - Test Cases/AHI/_include/get_screenshot: Test Cases/AHI/_include/get_screenshot

2020-03-09 03:59:36 - [TEST_STEP][PASSED] - Thread.sleep(1000): null

2020-03-09 03:59:37 - [TEST_STEP][PASSED] - takeScreenshot(screenPath + i + ".png"): Taking screenshot successfully

2020-03-09 03:59:38 - [MESSAGE][PASSED] - Taking screenshot successfully
[[ATTACHMENT|D:\\Test\\AgileTest\\Reports\\AHI\\ahi\\20200309_035452\\../Screenshots/iPhone X/pet/Pet Insurance/20200309_035901/7.png]]

2020-03-09 03:59:38 - [TEST_STEP][PASSED] - (internal.GlobalVariable.i++): null

2020-03-09 03:59:38 - [MESSAGE][PASSED] - Call Test Case 'Test Cases/AHI/_include/get_screenshot' successfully

2020-03-09 03:59:38 - [TEST_STEP][PASSED] - callTestCase(findTestCase("AHI/_include/name"), [:], STOP_ON_FAILURE): Call Test Case 'Test Cases/AHI/_include/name' successfully

2020-03-09 03:59:38 - [TEST_CASE][PASSED] - Test Cases/AHI/_include/name: Test Cases/AHI/_include/name

2020-03-09 03:59:38 - [TEST_STEP][PASSED] - driver = getWebDriver(): null

2020-03-09 03:59:38 - [TEST_STEP][PASSED] - selenium = new com.thoughtworks.selenium.webdriven.WebDriverBackedSelenium(driver, internal.GlobalVariable.ENV): null

2020-03-09 03:59:38 - [TEST_STEP][PASSED] - FirstName = "Test-123": null

2020-03-09 03:59:38 - [TEST_STEP][PASSED] - LastName = selenium.getEval("{var x="ABCDEFGHIJKLMNOPQRSTUVWXYZabcdefghijklmnopqrstuvwxyz"; var tmp="ZZ11-"; for (i=0;i<8;i++) tmp+=x.charAt(Math.ceil(51*Math.random()));tmp;}"): null

2020-03-09 03:59:38 - [TEST_STEP][PASSED] - Address = selenium.getEval("{var x="ABCDEFGHIJKLMNOPQRSTUVWXYZabcdefghijklmnopqrstuvwxyz"; var tmp=""; for (i=0;i<8;i++) tmp+=x.charAt(Math.ceil(51*Math.random()));tmp;}"): null

2020-03-09 03:59:38 - [TEST_STEP][PASSED] - City = selenium.getEval("{var x="ABCDEFGHIJKLMNOPQRSTUVWXYZabcdefghijklmnopqrstuvwxyz"; var tmp=""; for (i=0;i<8;i++) tmp+=x.charAt(Math.ceil(51*Math.random()));tmp;}"): null

2020-03-09 03:59:38 - [TEST_STEP][PASSED] - tel1 = selenium.getEval("{var x="123456789"; var tmp=""; for (i=0;i<3;i++) tmp+=x.charAt(Math.ceil(8*Math.random()));tmp;}"): null

2020-03-09 03:59:38 - [TEST_STEP][PASSED] - tel2 = selenium.getEval("{var x="123456789"; var tmp=""; for (i=0;i<3;i++) tmp+=x.charAt(Math.ceil(8*Math.random()));tmp;}"): null

2020-03-09 03:59:38 - [TEST_STEP][PASSED] - tel3 = selenium.getEval("{var x="123456789"; var tmp=""; for (i=0;i<4;i++) tmp+=x.charAt(Math.ceil(8*Math.random()));tmp;}"): null

2020-03-09 03:59:38 - [TEST_STEP][PASSED] - Tel = selenium.getExpression(tel1 + "-" + tel2 + "-" + tel3): null

2020-03-09 03:59:38 - [TEST_STEP][PASSED] - AutoEmail = selenium.getEval("{var x="ABCDEFGHIJKLMNOPQRSTUVWXYZabcdefghijklmnopqrstuvwxyz"; var tmp="test."; for (i=0;i<8;i++) tmp+=x.charAt(Math.ceil(51*Math.random()));tmp+="@suryani.cn";}"): null

2020-03-09 03:59:38 - [TEST_STEP][PASSED] - FirstName = FirstName: null

2020-03-09 03:59:38 - [TEST_STEP][PASSED] - LastName = LastName: null

2020-03-09 03:59:38 - [TEST_STEP][PASSED] - Address = Address: null

2020-03-09 03:59:38 - [TEST_STEP][PASSED] - City = City: null

2020-03-09 03:59:38 - [TEST_STEP][PASSED] - Tel = Tel: null

2020-03-09 03:59:38 - [TEST_STEP][PASSED] - AutoEmail = AutoEmail: null

2020-03-09 03:59:38 - [TEST_STEP][PASSED] - println(FirstName): null

2020-03-09 03:59:38 - [TEST_STEP][PASSED] - println(LastName): null

2020-03-09 03:59:38 - [TEST_STEP][PASSED] - println(Address): null

2020-03-09 03:59:38 - [TEST_STEP][PASSED] - println(City): null

2020-03-09 03:59:38 - [TEST_STEP][PASSED] - println(Tel): null

2020-03-09 03:59:38 - [TEST_STEP][PASSED] - println(AutoEmail): null

2020-03-09 03:59:38 - [MESSAGE][PASSED] - Call Test Case 'Test Cases/AHI/_include/name' successfully

2020-03-09 03:59:38 - [TEST_STEP][PASSED] - selenium.type("id=member-P-1-firstName", FirstName): null

2020-03-09 03:59:38 - [TEST_STEP][PASSED] - selenium.type("id=member-P-1-lastName", LastName): null

2020-03-09 03:59:39 - [TEST_STEP][PASSED] - selenium.type("id=address", Address): null

2020-03-09 03:59:39 - [TEST_STEP][PASSED] - selenium.type("id=city", City): null

2020-03-09 03:59:39 - [TEST_STEP][PASSED] - selenium.type("id=email", AutoEmail): null

2020-03-09 03:59:39 - [TEST_STEP][PASSED] - selenium.type("id=primaryPhone", Tel): null

2020-03-09 03:59:39 - [TEST_STEP][PASSED] - selenium.click("id=pet-veterinary-clinic-flag"): null

2020-03-09 03:59:40 - [TEST_STEP][PASSED] - Thread.sleep(2000): null

2020-03-09 03:59:42 - [TEST_STEP][PASSED] - selenium.click("id=js-app-continue-link"): null

2020-03-09 03:59:42 - [TEST_STEP][PASSED] - for ([second = 0, second < 20, (second++)]): null

2020-03-09 03:59:42 - [TEST_STEP][PASSED] - try: null

2020-03-09 03:59:42 - [TEST_STEP][PASSED] - if (selenium.isElementPresent("id=credit-card-number")): null

2020-03-09 03:59:42 - [TEST_STEP][PASSED] - Thread.sleep(1000): null

2020-03-09 03:59:43 - [TEST_STEP][PASSED] - try: null

2020-03-09 03:59:43 - [TEST_STEP][PASSED] - if (selenium.isElementPresent("id=credit-card-number")): null

2020-03-09 03:59:43 - [TEST_STEP][PASSED] - break: null

2020-03-09 03:59:43 - [TEST_STEP][PASSED] - callTestCase(findTestCase("AHI/_include/get_screenshot"), [:], STOP_ON_FAILURE): Call Test Case 'Test Cases/AHI/_include/get_screenshot' successfully

2020-03-09 03:59:43 - [TEST_CASE][PASSED] - Test Cases/AHI/_include/get_screenshot: Test Cases/AHI/_include/get_screenshot

2020-03-09 03:59:43 - [TEST_STEP][PASSED] - Thread.sleep(1000): null

2020-03-09 03:59:44 - [TEST_STEP][PASSED] - takeScreenshot(screenPath + i + ".png"): Taking screenshot successfully

2020-03-09 03:59:45 - [MESSAGE][PASSED] - Taking screenshot successfully
[[ATTACHMENT|D:\\Test\\AgileTest\\Reports\\AHI\\ahi\\20200309_035452\\../Screenshots/iPhone X/pet/Pet Insurance/20200309_035901/8.png]]

2020-03-09 03:59:45 - [TEST_STEP][PASSED] - (internal.GlobalVariable.i++): null

2020-03-09 03:59:45 - [MESSAGE][PASSED] - Call Test Case 'Test Cases/AHI/_include/get_screenshot' successfully

2020-03-09 03:59:45 - [TEST_STEP][PASSED] - selenium.type("id=credit-card-number", "4111111111111111"): null

2020-03-09 03:59:45 - [TEST_STEP][PASSED] - selenium.type("id=credit-card-first", "test"): null

2020-03-09 03:59:45 - [TEST_STEP][PASSED] - selenium.type("id=credit-card-last", "test"): null

2020-03-09 03:59:45 - [TEST_STEP][PASSED] - selenium.select("id=expiration-month", "12"): null

2020-03-09 03:59:45 - [TEST_STEP][PASSED] - selenium.select("id=expiration-year", "2026"): null

2020-03-09 03:59:46 - [TEST_STEP][PASSED] - selenium.type("id=credit-card-cvv", "123"): null

2020-03-09 03:59:46 - [TEST_STEP][PASSED] - selenium.type("id=credit-card-number", "4111111111111111"): null

2020-03-09 03:59:46 - [TEST_STEP][PASSED] - selenium.click("id=js-same-billing"): null

2020-03-09 03:59:46 - [TEST_STEP][PASSED] - selenium.click("id=credit-payment-authorization"): null

2020-03-09 03:59:46 - [TEST_STEP][PASSED] - selenium.click("id=js-app-continue-link"): null

2020-03-09 03:59:47 - [TEST_STEP][PASSED] - for ([second = 0, second < 20, (second++)]): null

2020-03-09 03:59:47 - [TEST_STEP][PASSED] - try: null

2020-03-09 03:59:47 - [TEST_STEP][PASSED] - if (selenium.isElementPresent("id=consent-checkbox-0")): null

2020-03-09 03:59:47 - [TEST_STEP][PASSED] - Thread.sleep(1000): null

2020-03-09 03:59:48 - [TEST_STEP][PASSED] - try: null

2020-03-09 03:59:48 - [TEST_STEP][PASSED] - if (selenium.isElementPresent("id=consent-checkbox-0")): null

2020-03-09 03:59:48 - [TEST_STEP][PASSED] - Thread.sleep(1000): null

2020-03-09 03:59:49 - [TEST_STEP][PASSED] - try: null

2020-03-09 03:59:49 - [TEST_STEP][PASSED] - if (selenium.isElementPresent("id=consent-checkbox-0")): null

2020-03-09 03:59:49 - [TEST_STEP][PASSED] - break: null

2020-03-09 03:59:49 - [TEST_STEP][PASSED] - callTestCase(findTestCase("AHI/_include/get_screenshot"), [:], STOP_ON_FAILURE): Call Test Case 'Test Cases/AHI/_include/get_screenshot' successfully

2020-03-09 03:59:49 - [TEST_CASE][PASSED] - Test Cases/AHI/_include/get_screenshot: Test Cases/AHI/_include/get_screenshot

2020-03-09 03:59:49 - [TEST_STEP][PASSED] - Thread.sleep(1000): null

2020-03-09 03:59:50 - [TEST_STEP][PASSED] - takeScreenshot(screenPath + i + ".png"): Taking screenshot successfully

2020-03-09 03:59:50 - [MESSAGE][PASSED] - Taking screenshot successfully
[[ATTACHMENT|D:\\Test\\AgileTest\\Reports\\AHI\\ahi\\20200309_035452\\../Screenshots/iPhone X/pet/Pet Insurance/20200309_035901/9.png]]

2020-03-09 03:59:50 - [TEST_STEP][PASSED] - (internal.GlobalVariable.i++): null

2020-03-09 03:59:50 - [MESSAGE][PASSED] - Call Test Case 'Test Cases/AHI/_include/get_screenshot' successfully

2020-03-09 03:59:50 - [TEST_STEP][PASSED] - selenium.click("id=consent-checkbox-0"): null

2020-03-09 03:59:51 - [TEST_STEP][PASSED] - selenium.click("id=consent-checkbox-1"): null

2020-03-09 03:59:51 - [TEST_STEP][PASSED] - selenium.click("id=consent-checkbox-2"): null

2020-03-09 03:59:51 - [TEST_STEP][PASSED] - selenium.click("id=consent-checkbox-3"): null

2020-03-09 03:59:51 - [TEST_STEP][PASSED] - selenium.click("id=js-signature-tab"): null

2020-03-09 03:59:51 - [TEST_STEP][PASSED] - selenium.click("id=js-app-continue-link"): null

2020-03-09 03:59:52 - [TEST_STEP][PASSED] - for ([second = 0, second < 30, (second++)]): null

2020-03-09 03:59:52 - [TEST_STEP][PASSED] - try: null

2020-03-09 03:59:52 - [TEST_STEP][PASSED] - if (selenium.isElementPresent("xpath=//h2[contains(text(),'Thank You')]")): null

2020-03-09 03:59:52 - [TEST_STEP][PASSED] - Thread.sleep(1000): null

2020-03-09 03:59:53 - [TEST_STEP][PASSED] - try: null

2020-03-09 03:59:53 - [TEST_STEP][PASSED] - if (selenium.isElementPresent("xpath=//h2[contains(text(),'Thank You')]")): null

2020-03-09 03:59:53 - [TEST_STEP][PASSED] - Thread.sleep(1000): null

2020-03-09 03:59:54 - [TEST_STEP][PASSED] - try: null

2020-03-09 03:59:54 - [TEST_STEP][PASSED] - if (selenium.isElementPresent("xpath=//h2[contains(text(),'Thank You')]")): null

2020-03-09 03:59:54 - [TEST_STEP][PASSED] - Thread.sleep(1000): null

2020-03-09 03:59:55 - [TEST_STEP][PASSED] - try: null

2020-03-09 03:59:55 - [TEST_STEP][PASSED] - if (selenium.isElementPresent("xpath=//h2[contains(text(),'Thank You')]")): null

2020-03-09 03:59:55 - [TEST_STEP][PASSED] - Thread.sleep(1000): null

2020-03-09 03:59:56 - [TEST_STEP][PASSED] - try: null

2020-03-09 03:59:56 - [TEST_STEP][PASSED] - if (selenium.isElementPresent("xpath=//h2[contains(text(),'Thank You')]")): null

2020-03-09 03:59:56 - [TEST_STEP][PASSED] - Thread.sleep(1000): null

2020-03-09 03:59:57 - [TEST_STEP][PASSED] - try: null

2020-03-09 03:59:57 - [TEST_STEP][PASSED] - if (selenium.isElementPresent("xpath=//h2[contains(text(),'Thank You')]")): null

2020-03-09 03:59:57 - [TEST_STEP][PASSED] - Thread.sleep(1000): null

2020-03-09 03:59:58 - [TEST_STEP][PASSED] - try: null

2020-03-09 03:59:58 - [TEST_STEP][PASSED] - if (selenium.isElementPresent("xpath=//h2[contains(text(),'Thank You')]")): null

2020-03-09 03:59:58 - [TEST_STEP][PASSED] - Thread.sleep(1000): null

2020-03-09 03:59:59 - [TEST_STEP][PASSED] - try: null

2020-03-09 03:59:59 - [TEST_STEP][PASSED] - if (selenium.isElementPresent("xpath=//h2[contains(text(),'Thank You')]")): null

2020-03-09 03:59:59 - [TEST_STEP][PASSED] - Thread.sleep(1000): null

2020-03-09 04:00:00 - [TEST_STEP][PASSED] - try: null

2020-03-09 04:00:00 - [TEST_STEP][PASSED] - if (selenium.isElementPresent("xpath=//h2[contains(text(),'Thank You')]")): null

2020-03-09 04:00:00 - [TEST_STEP][PASSED] - Thread.sleep(1000): null

2020-03-09 04:00:01 - [TEST_STEP][PASSED] - try: null

2020-03-09 04:00:01 - [TEST_STEP][PASSED] - if (selenium.isElementPresent("xpath=//h2[contains(text(),'Thank You')]")): null

2020-03-09 04:00:01 - [TEST_STEP][PASSED] - Thread.sleep(1000): null

2020-03-09 04:00:02 - [TEST_STEP][PASSED] - try: null

2020-03-09 04:00:02 - [TEST_STEP][PASSED] - if (selenium.isElementPresent("xpath=//h2[contains(text(),'Thank You')]")): null

2020-03-09 04:00:02 - [TEST_STEP][PASSED] - Thread.sleep(1000): null

2020-03-09 04:00:03 - [TEST_STEP][PASSED] - try: null

2020-03-09 04:00:03 - [TEST_STEP][PASSED] - if (selenium.isElementPresent("xpath=//h2[contains(text(),'Thank You')]")): null

2020-03-09 04:00:03 - [TEST_STEP][PASSED] - Thread.sleep(1000): null

2020-03-09 04:00:04 - [TEST_STEP][PASSED] - try: null

2020-03-09 04:00:04 - [TEST_STEP][PASSED] - if (selenium.isElementPresent("xpath=//h2[contains(text(),'Thank You')]")): null

2020-03-09 04:00:05 - [TEST_STEP][PASSED] - Thread.sleep(1000): null

2020-03-09 04:00:06 - [TEST_STEP][PASSED] - try: null

2020-03-09 04:00:06 - [TEST_STEP][PASSED] - if (selenium.isElementPresent("xpath=//h2[contains(text(),'Thank You')]")): null

2020-03-09 04:00:06 - [TEST_STEP][PASSED] - Thread.sleep(1000): null

2020-03-09 04:00:07 - [TEST_STEP][PASSED] - try: null

2020-03-09 04:00:07 - [TEST_STEP][PASSED] - if (selenium.isElementPresent("xpath=//h2[contains(text(),'Thank You')]")): null

2020-03-09 04:00:07 - [TEST_STEP][PASSED] - Thread.sleep(1000): null

2020-03-09 04:00:08 - [TEST_STEP][PASSED] - try: null

2020-03-09 04:00:08 - [TEST_STEP][PASSED] - if (selenium.isElementPresent("xpath=//h2[contains(text(),'Thank You')]")): null

2020-03-09 04:00:08 - [TEST_STEP][PASSED] - Thread.sleep(1000): null

2020-03-09 04:00:09 - [TEST_STEP][PASSED] - try: null

2020-03-09 04:00:09 - [TEST_STEP][PASSED] - if (selenium.isElementPresent("xpath=//h2[contains(text(),'Thank You')]")): null

2020-03-09 04:00:09 - [TEST_STEP][PASSED] - Thread.sleep(1000): null

2020-03-09 04:00:10 - [TEST_STEP][PASSED] - try: null

2020-03-09 04:00:10 - [TEST_STEP][PASSED] - if (selenium.isElementPresent("xpath=//h2[contains(text(),'Thank You')]")): null

2020-03-09 04:00:10 - [TEST_STEP][PASSED] - Thread.sleep(1000): null

2020-03-09 04:00:11 - [TEST_STEP][PASSED] - try: null

2020-03-09 04:00:11 - [TEST_STEP][PASSED] - if (selenium.isElementPresent("xpath=//h2[contains(text(),'Thank You')]")): null

2020-03-09 04:00:11 - [TEST_STEP][PASSED] - Thread.sleep(1000): null

2020-03-09 04:00:12 - [TEST_STEP][PASSED] - try: null

2020-03-09 04:00:12 - [TEST_STEP][PASSED] - if (selenium.isElementPresent("xpath=//h2[contains(text(),'Thank You')]")): null

2020-03-09 04:00:12 - [TEST_STEP][PASSED] - Thread.sleep(1000): null

2020-03-09 04:00:13 - [TEST_STEP][PASSED] - try: null

2020-03-09 04:00:13 - [TEST_STEP][PASSED] - if (selenium.isElementPresent("xpath=//h2[contains(text(),'Thank You')]")): null

2020-03-09 04:00:13 - [TEST_STEP][PASSED] - Thread.sleep(1000): null

2020-03-09 04:00:14 - [TEST_STEP][PASSED] - try: null

2020-03-09 04:00:14 - [TEST_STEP][PASSED] - if (selenium.isElementPresent("xpath=//h2[contains(text(),'Thank You')]")): null

2020-03-09 04:00:14 - [TEST_STEP][PASSED] - Thread.sleep(1000): null

2020-03-09 04:00:15 - [TEST_STEP][PASSED] - try: null

2020-03-09 04:00:15 - [TEST_STEP][PASSED] - if (selenium.isElementPresent("xpath=//h2[contains(text(),'Thank You')]")): null

2020-03-09 04:00:15 - [TEST_STEP][PASSED] - Thread.sleep(1000): null

2020-03-09 04:00:16 - [TEST_STEP][PASSED] - try: null

2020-03-09 04:00:16 - [TEST_STEP][PASSED] - if (selenium.isElementPresent("xpath=//h2[contains(text(),'Thank You')]")): null

2020-03-09 04:00:16 - [TEST_STEP][PASSED] - Thread.sleep(1000): null

2020-03-09 04:00:17 - [TEST_STEP][PASSED] - try: null

2020-03-09 04:00:17 - [TEST_STEP][PASSED] - if (selenium.isElementPresent("xpath=//h2[contains(text(),'Thank You')]")): null

2020-03-09 04:00:17 - [TEST_STEP][PASSED] - Thread.sleep(1000): null

2020-03-09 04:00:18 - [TEST_STEP][PASSED] - try: null

2020-03-09 04:00:18 - [TEST_STEP][PASSED] - if (selenium.isElementPresent("xpath=//h2[contains(text(),'Thank You')]")): null

2020-03-09 04:00:18 - [TEST_STEP][PASSED] - Thread.sleep(1000): null

2020-03-09 04:00:19 - [TEST_STEP][PASSED] - try: null

2020-03-09 04:00:19 - [TEST_STEP][PASSED] - if (selenium.isElementPresent("xpath=//h2[contains(text(),'Thank You')]")): null

2020-03-09 04:00:19 - [TEST_STEP][PASSED] - Thread.sleep(1000): null

2020-03-09 04:00:20 - [TEST_STEP][PASSED] - try: null

2020-03-09 04:00:20 - [TEST_STEP][PASSED] - if (selenium.isElementPresent("xpath=//h2[contains(text(),'Thank You')]")): null

2020-03-09 04:00:20 - [TEST_STEP][PASSED] - Thread.sleep(1000): null

2020-03-09 04:00:21 - [TEST_STEP][PASSED] - try: null

2020-03-09 04:00:21 - [TEST_STEP][PASSED] - if (selenium.isElementPresent("xpath=//h2[contains(text(),'Thank You')]")): null

2020-03-09 04:00:21 - [TEST_STEP][PASSED] - Thread.sleep(1000): null

2020-03-09 04:00:22 - [TEST_STEP][PASSED] - try: null

2020-03-09 04:00:22 - [TEST_STEP][PASSED] - if (selenium.isElementPresent("xpath=//h2[contains(text(),'Thank You')]")): null

2020-03-09 04:00:23 - [TEST_STEP][PASSED] - Thread.sleep(1000): null

2020-03-09 04:00:24 - [TEST_STEP][PASSED] - callTestCase(findTestCase("AHI/_include/get_screenshot"), [:], STOP_ON_FAILURE): Call Test Case 'Test Cases/AHI/_include/get_screenshot' successfully

2020-03-09 04:00:24 - [TEST_CASE][PASSED] - Test Cases/AHI/_include/get_screenshot: Test Cases/AHI/_include/get_screenshot

2020-03-09 04:00:24 - [TEST_STEP][PASSED] - Thread.sleep(1000): null

2020-03-09 04:00:25 - [TEST_STEP][PASSED] - takeScreenshot(screenPath + i + ".png"): Taking screenshot successfully

2020-03-09 04:00:25 - [MESSAGE][PASSED] - Taking screenshot successfully
[[ATTACHMENT|D:\\Test\\AgileTest\\Reports\\AHI\\ahi\\20200309_035452\\../Screenshots/iPhone X/pet/Pet Insurance/20200309_035901/10.png]]

2020-03-09 04:00:25 - [TEST_STEP][PASSED] - (internal.GlobalVariable.i++): null

2020-03-09 04:00:25 - [MESSAGE][PASSED] - Call Test Case 'Test Cases/AHI/_include/get_screenshot' successfully]]></system-out>
         <system-err><![CDATA[]]></system-err>
      </testcase>
      <testcase name="Test Cases/AHI/NEW/STM" classname="Test Cases/AHI/NEW/STM" status="PASSED">
         <system-out><![CDATA[2020-03-09 04:00:25 - [TEST_CASE][PASSED] - Test Cases/AHI/NEW/STM: Test Cases/AHI/NEW/STM

2020-03-09 04:00:25 - [TEST_STEP][PASSED] - callTestCase(findTestCase("AHI/_include/get_screenPath"), ["productLine":"stm", "carrierName":"STM"], CONTINUE_ON_FAILURE): Call Test Case 'Test Cases/AHI/_include/get_screenPath' successfully

2020-03-09 04:00:25 - [TEST_CASE][PASSED] - Test Cases/AHI/_include/get_screenPath: Test Cases/AHI/_include/get_screenPath

2020-03-09 04:00:25 - [TEST_STEP][PASSED] - m = getExecutionProperties(): null

2020-03-09 04:00:25 - [TEST_STEP][PASSED] - deviceName = get("mobileEmulation").get("deviceName"): null

2020-03-09 04:00:25 - [TEST_STEP][PASSED] - println(deviceName): null

2020-03-09 04:00:25 - [TEST_STEP][PASSED] - now = new java.util.Date(): null

2020-03-09 04:00:25 - [TEST_STEP][PASSED] - mydate = now.format("yyyyMMdd_HHmmss"): null

2020-03-09 04:00:25 - [TEST_STEP][PASSED] - screenPath = "../Screenshots/": null

2020-03-09 04:00:25 - [TEST_STEP][PASSED] - screenPath = screenPath + deviceName + "/" + productLine + "/" + carrierName + "/" + mydate + "/": null

2020-03-09 04:00:25 - [TEST_STEP][PASSED] - println(screenPath): null

2020-03-09 04:00:25 - [MESSAGE][PASSED] - Call Test Case 'Test Cases/AHI/_include/get_screenPath' successfully

2020-03-09 04:00:25 - [TEST_STEP][PASSED] - i = 0: null

2020-03-09 04:00:25 - [TEST_STEP][PASSED] - callTestCase(findTestCase("AHI/_include/openWebSite"), [:], CONTINUE_ON_FAILURE): Call Test Case 'Test Cases/AHI/_include/openWebSite' successfully

2020-03-09 04:00:25 - [TEST_CASE][PASSED] - Test Cases/AHI/_include/openWebSite: Test Cases/AHI/_include/openWebSite

2020-03-09 04:00:25 - [TEST_STEP][PASSED] - openBrowser(env): Browser is opened with url: 'https://praetemptatus.agilehealthinsurance.com'

2020-03-09 04:00:25 - [MESSAGE][WARNING] - A browser is already opened. Closing browser and opening a new one

2020-03-09 04:00:27 - [MESSAGE][INFO] - Starting 'Chrome' driver

2020-03-09 04:00:27 - [MESSAGE][INFO] - User set preference: ['mobileEmulation', '{deviceName=iPhone X}']

2020-03-09 04:00:27 - [MESSAGE][INFO] - User set preference: ['args', '[--incognito, --aggressive-cache-discard, --no-sandbox, --window-size=375,812, --ignore-certificate-errors]']

2020-03-09 04:00:31 - [MESSAGE][PASSED] - Browser is opened with url: 'https://praetemptatus.agilehealthinsurance.com'

2020-03-09 04:00:31 - [TEST_STEP][PASSED] - waitForPageLoad(20): Wait for page load successfully

2020-03-09 04:00:31 - [MESSAGE][PASSED] - Wait for page load successfully

2020-03-09 04:00:32 - [TEST_STEP][PASSED] - callTestCase(findTestCase("AHI/_include/get_screenshot"), [:], STOP_ON_FAILURE): Call Test Case 'Test Cases/AHI/_include/get_screenshot' successfully

2020-03-09 04:00:32 - [TEST_CASE][PASSED] - Test Cases/AHI/_include/get_screenshot: Test Cases/AHI/_include/get_screenshot

2020-03-09 04:00:32 - [TEST_STEP][PASSED] - Thread.sleep(1000): null

2020-03-09 04:00:33 - [TEST_STEP][PASSED] - takeScreenshot(screenPath + i + ".png"): Taking screenshot successfully

2020-03-09 04:00:34 - [MESSAGE][PASSED] - Taking screenshot successfully
[[ATTACHMENT|D:\\Test\\AgileTest\\Reports\\AHI\\ahi\\20200309_035452\\../Screenshots/iPhone X/stm/STM/20200309_040025/0.png]]

2020-03-09 04:00:34 - [TEST_STEP][PASSED] - (internal.GlobalVariable.i++): null

2020-03-09 04:00:34 - [MESSAGE][PASSED] - Call Test Case 'Test Cases/AHI/_include/get_screenshot' successfully

2020-03-09 04:00:34 - [MESSAGE][PASSED] - Call Test Case 'Test Cases/AHI/_include/openWebSite' successfully

2020-03-09 04:00:34 - [TEST_STEP][PASSED] - driver = getWebDriver(): null

2020-03-09 04:00:34 - [TEST_STEP][PASSED] - baseUrl = ENV: null

2020-03-09 04:00:34 - [TEST_STEP][PASSED] - selenium = new com.thoughtworks.selenium.webdriven.WebDriverBackedSelenium(driver, baseUrl): null

2020-03-09 04:00:34 - [TEST_STEP][PASSED] - selenium.click("//*[@class='filter-option-inner-inner']"): null

2020-03-09 04:00:34 - [TEST_STEP][PASSED] - selenium.click("id=bs-select-1-6"): null

2020-03-09 04:00:34 - [TEST_STEP][PASSED] - selenium.click("id=primaryCTA"): null

2020-03-09 04:00:35 - [TEST_STEP][PASSED] - for ([second = 0, second < 10, (second++)]): null

2020-03-09 04:00:35 - [TEST_STEP][PASSED] - try: null

2020-03-09 04:00:35 - [TEST_STEP][PASSED] - if (selenium.isElementPresent("id=js-traffic-to-aiq")): null

2020-03-09 04:00:36 - [TEST_STEP][PASSED] - break: null

2020-03-09 04:00:36 - [TEST_STEP][PASSED] - callTestCase(findTestCase("AHI/_include/get_screenshot"), [:], STOP_ON_FAILURE): Call Test Case 'Test Cases/AHI/_include/get_screenshot' successfully

2020-03-09 04:00:36 - [TEST_CASE][PASSED] - Test Cases/AHI/_include/get_screenshot: Test Cases/AHI/_include/get_screenshot

2020-03-09 04:00:36 - [TEST_STEP][PASSED] - Thread.sleep(1000): null

2020-03-09 04:00:37 - [TEST_STEP][PASSED] - takeScreenshot(screenPath + i + ".png"): Taking screenshot successfully

2020-03-09 04:00:38 - [MESSAGE][PASSED] - Taking screenshot successfully
[[ATTACHMENT|D:\\Test\\AgileTest\\Reports\\AHI\\ahi\\20200309_035452\\../Screenshots/iPhone X/stm/STM/20200309_040025/1.png]]

2020-03-09 04:00:38 - [TEST_STEP][PASSED] - (internal.GlobalVariable.i++): null

2020-03-09 04:00:38 - [MESSAGE][PASSED] - Call Test Case 'Test Cases/AHI/_include/get_screenshot' successfully

2020-03-09 04:00:38 - [TEST_STEP][PASSED] - url = selenium.getAttribute("xpath=(//a[@id='js-traffic-to-aiq'])@href"): null

2020-03-09 04:00:38 - [TEST_STEP][PASSED] - navigateToUrl(url): Navigate to 'https://healthinsurance.net/health' successfully

2020-03-09 04:00:41 - [MESSAGE][PASSED] - Navigate to 'https://healthinsurance.net/health' successfully

2020-03-09 04:00:41 - [TEST_STEP][PASSED] - waitForPageLoad(10): Wait for page load successfully

2020-03-09 04:00:42 - [MESSAGE][PASSED] - Wait for page load successfully

2020-03-09 04:00:42 - [TEST_STEP][PASSED] - callTestCase(findTestCase("AHI/_include/get_screenshot"), [:], STOP_ON_FAILURE): Call Test Case 'Test Cases/AHI/_include/get_screenshot' successfully

2020-03-09 04:00:42 - [TEST_CASE][PASSED] - Test Cases/AHI/_include/get_screenshot: Test Cases/AHI/_include/get_screenshot

2020-03-09 04:00:42 - [TEST_STEP][PASSED] - Thread.sleep(1000): null

2020-03-09 04:00:43 - [TEST_STEP][PASSED] - takeScreenshot(screenPath + i + ".png"): Taking screenshot successfully

2020-03-09 04:00:43 - [MESSAGE][PASSED] - Taking screenshot successfully
[[ATTACHMENT|D:\\Test\\AgileTest\\Reports\\AHI\\ahi\\20200309_035452\\../Screenshots/iPhone X/stm/STM/20200309_040025/2.png]]

2020-03-09 04:00:43 - [TEST_STEP][PASSED] - (internal.GlobalVariable.i++): null

2020-03-09 04:00:43 - [MESSAGE][PASSED] - Call Test Case 'Test Cases/AHI/_include/get_screenshot' successfully]]></system-out>
         <system-err><![CDATA[]]></system-err>
      </testcase>
      <testcase name="Test Cases/AHI/NEW/Teladoc" classname="Test Cases/AHI/NEW/Teladoc" status="FAILED">
         <failure type="FAILED" message="Test Cases/AHI/NEW/Teladoc FAILED.
Reason:
com.kms.katalon.core.exception.StepFailedException: Unable to click on object 'Object Repository/mobileSanity/Common/side_nav/nav_teladoc' (Root cause: com.kms.katalon.core.webui.exception.WebElementNotFoundException: Web element with id: 'Object Repository/mobileSanity/Common/side_nav/nav_teladoc' located by 'By.xpath: //ul[@class='global-side-nav-list']/li/a[contains(text(),'Telemedicine)]' not found)
	at com.kms.katalon.core.keyword.internal.KeywordMain.stepFailed(KeywordMain.groovy:36)
	at com.kms.katalon.core.webui.keyword.internal.WebUIKeywordMain.stepFailed(WebUIKeywordMain.groovy:65)
	at com.kms.katalon.core.webui.keyword.internal.WebUIKeywordMain.runKeyword(WebUIKeywordMain.groovy:27)
	at com.kms.katalon.core.webui.keyword.builtin.ClickKeyword.click(ClickKeyword.groovy:86)
	at com.kms.katalon.core.webui.keyword.builtin.ClickKeyword.execute(ClickKeyword.groovy:67)
	at com.kms.katalon.core.keyword.internal.KeywordExecutor.executeKeywordForPlatform(KeywordExecutor.groovy:53)
	at com.kms.katalon.core.webui.keyword.WebUiBuiltInKeywords.click(WebUiBuiltInKeywords.groovy:616)
	at com.kms.katalon.core.webui.keyword.WebUiBuiltInKeywords$click$4.call(Unknown Source)
	at Teladoc.run(Teladoc:33)
	at com.kms.katalon.core.main.ScriptEngine.run(ScriptEngine.java:194)
	at com.kms.katalon.core.main.ScriptEngine.runScriptAsRawText(ScriptEngine.java:119)
	at com.kms.katalon.core.main.TestCaseExecutor.runScript(TestCaseExecutor.java:328)
	at com.kms.katalon.core.main.TestCaseExecutor.doExecute(TestCaseExecutor.java:319)
	at com.kms.katalon.core.main.TestCaseExecutor.processExecutionPhase(TestCaseExecutor.java:298)
	at com.kms.katalon.core.main.TestCaseExecutor.accessMainPhase(TestCaseExecutor.java:290)
	at com.kms.katalon.core.main.TestCaseExecutor.execute(TestCaseExecutor.java:224)
	at com.kms.katalon.core.main.TestSuiteExecutor.accessTestCaseMainPhase(TestSuiteExecutor.java:129)
	at com.kms.katalon.core.main.TestSuiteExecutor.accessTestSuiteMainPhase(TestSuiteExecutor.java:112)
	at com.kms.katalon.core.main.TestSuiteExecutor.execute(TestSuiteExecutor.java:81)
	at com.kms.katalon.core.main.TestCaseMain.startTestSuite(TestCaseMain.java:149)
	at com.kms.katalon.core.main.TestCaseMain$startTestSuite$0.call(Unknown Source)
	at TempTestSuite1583740492521.run(TempTestSuite1583740492521.groovy:36)
"/>
         <system-out><![CDATA[2020-03-09 04:00:43 - [TEST_CASE][FAILED] - Test Cases/AHI/NEW/Teladoc: Test Cases/AHI/NEW/Teladoc FAILED.
Reason:
com.kms.katalon.core.exception.StepFailedException: Unable to click on object 'Object Repository/mobileSanity/Common/side_nav/nav_teladoc' (Root cause: com.kms.katalon.core.webui.exception.WebElementNotFoundException: Web element with id: 'Object Repository/mobileSanity/Common/side_nav/nav_teladoc' located by 'By.xpath: //ul[@class='global-side-nav-list']/li/a[contains(text(),'Telemedicine)]' not found)
	at com.kms.katalon.core.keyword.internal.KeywordMain.stepFailed(KeywordMain.groovy:36)
	at com.kms.katalon.core.webui.keyword.internal.WebUIKeywordMain.stepFailed(WebUIKeywordMain.groovy:65)
	at com.kms.katalon.core.webui.keyword.internal.WebUIKeywordMain.runKeyword(WebUIKeywordMain.groovy:27)
	at com.kms.katalon.core.webui.keyword.builtin.ClickKeyword.click(ClickKeyword.groovy:86)
	at com.kms.katalon.core.webui.keyword.builtin.ClickKeyword.execute(ClickKeyword.groovy:67)
	at com.kms.katalon.core.keyword.internal.KeywordExecutor.executeKeywordForPlatform(KeywordExecutor.groovy:53)
	at com.kms.katalon.core.webui.keyword.WebUiBuiltInKeywords.click(WebUiBuiltInKeywords.groovy:616)
	at com.kms.katalon.core.webui.keyword.WebUiBuiltInKeywords$click$4.call(Unknown Source)
	at Teladoc.run(Teladoc:33)
	at com.kms.katalon.core.main.ScriptEngine.run(ScriptEngine.java:194)
	at com.kms.katalon.core.main.ScriptEngine.runScriptAsRawText(ScriptEngine.java:119)
	at com.kms.katalon.core.main.TestCaseExecutor.runScript(TestCaseExecutor.java:328)
	at com.kms.katalon.core.main.TestCaseExecutor.doExecute(TestCaseExecutor.java:319)
	at com.kms.katalon.core.main.TestCaseExecutor.processExecutionPhase(TestCaseExecutor.java:298)
	at com.kms.katalon.core.main.TestCaseExecutor.accessMainPhase(TestCaseExecutor.java:290)
	at com.kms.katalon.core.main.TestCaseExecutor.execute(TestCaseExecutor.java:224)
	at com.kms.katalon.core.main.TestSuiteExecutor.accessTestCaseMainPhase(TestSuiteExecutor.java:129)
	at com.kms.katalon.core.main.TestSuiteExecutor.accessTestSuiteMainPhase(TestSuiteExecutor.java:112)
	at com.kms.katalon.core.main.TestSuiteExecutor.execute(TestSuiteExecutor.java:81)
	at com.kms.katalon.core.main.TestCaseMain.startTestSuite(TestCaseMain.java:149)
	at com.kms.katalon.core.main.TestCaseMain$startTestSuite$0.call(Unknown Source)
	at TempTestSuite1583740492521.run(TempTestSuite1583740492521.groovy:36)


2020-03-09 04:00:44 - [TEST_STEP][PASSED] - callTestCase(findTestCase("AHI/_include/get_screenPath"), ["productLine":"teladoc", "carrierName":"Teladoc"], CONTINUE_ON_FAILURE): Call Test Case 'Test Cases/AHI/_include/get_screenPath' successfully

2020-03-09 04:00:44 - [TEST_CASE][PASSED] - Test Cases/AHI/_include/get_screenPath: Test Cases/AHI/_include/get_screenPath

2020-03-09 04:00:44 - [TEST_STEP][PASSED] - m = getExecutionProperties(): null

2020-03-09 04:00:44 - [TEST_STEP][PASSED] - deviceName = get("mobileEmulation").get("deviceName"): null

2020-03-09 04:00:44 - [TEST_STEP][PASSED] - println(deviceName): null

2020-03-09 04:00:44 - [TEST_STEP][PASSED] - now = new java.util.Date(): null

2020-03-09 04:00:44 - [TEST_STEP][PASSED] - mydate = now.format("yyyyMMdd_HHmmss"): null

2020-03-09 04:00:44 - [TEST_STEP][PASSED] - screenPath = "../Screenshots/": null

2020-03-09 04:00:44 - [TEST_STEP][PASSED] - screenPath = screenPath + deviceName + "/" + productLine + "/" + carrierName + "/" + mydate + "/": null

2020-03-09 04:00:44 - [TEST_STEP][PASSED] - println(screenPath): null

2020-03-09 04:00:44 - [MESSAGE][PASSED] - Call Test Case 'Test Cases/AHI/_include/get_screenPath' successfully

2020-03-09 04:00:44 - [TEST_STEP][PASSED] - i = 0: null

2020-03-09 04:00:44 - [TEST_STEP][PASSED] - callTestCase(findTestCase("AHI/_include/openWebSite"), [:], STOP_ON_FAILURE): Call Test Case 'Test Cases/AHI/_include/openWebSite' successfully

2020-03-09 04:00:44 - [TEST_CASE][PASSED] - Test Cases/AHI/_include/openWebSite: Test Cases/AHI/_include/openWebSite

2020-03-09 04:00:44 - [TEST_STEP][PASSED] - openBrowser(env): Browser is opened with url: 'https://praetemptatus.agilehealthinsurance.com'

2020-03-09 04:00:44 - [MESSAGE][WARNING] - A browser is already opened. Closing browser and opening a new one

2020-03-09 04:00:45 - [MESSAGE][INFO] - Starting 'Chrome' driver

2020-03-09 04:00:45 - [MESSAGE][INFO] - User set preference: ['mobileEmulation', '{deviceName=iPhone X}']

2020-03-09 04:00:45 - [MESSAGE][INFO] - User set preference: ['args', '[--incognito, --aggressive-cache-discard, --no-sandbox, --window-size=375,812, --ignore-certificate-errors]']

2020-03-09 04:00:47 - [MESSAGE][PASSED] - Browser is opened with url: 'https://praetemptatus.agilehealthinsurance.com'

2020-03-09 04:00:47 - [TEST_STEP][PASSED] - waitForPageLoad(20): Wait for page load successfully

2020-03-09 04:00:47 - [MESSAGE][PASSED] - Wait for page load successfully

2020-03-09 04:00:47 - [TEST_STEP][PASSED] - callTestCase(findTestCase("AHI/_include/get_screenshot"), [:], STOP_ON_FAILURE): Call Test Case 'Test Cases/AHI/_include/get_screenshot' successfully

2020-03-09 04:00:47 - [TEST_CASE][PASSED] - Test Cases/AHI/_include/get_screenshot: Test Cases/AHI/_include/get_screenshot

2020-03-09 04:00:47 - [TEST_STEP][PASSED] - Thread.sleep(1000): null

2020-03-09 04:00:48 - [TEST_STEP][PASSED] - takeScreenshot(screenPath + i + ".png"): Taking screenshot successfully

2020-03-09 04:00:50 - [MESSAGE][PASSED] - Taking screenshot successfully
[[ATTACHMENT|D:\\Test\\AgileTest\\Reports\\AHI\\ahi\\20200309_035452\\../Screenshots/iPhone X/teladoc/Teladoc/20200309_040044/0.png]]

2020-03-09 04:00:50 - [TEST_STEP][PASSED] - (internal.GlobalVariable.i++): null

2020-03-09 04:00:50 - [MESSAGE][PASSED] - Call Test Case 'Test Cases/AHI/_include/get_screenshot' successfully

2020-03-09 04:00:50 - [MESSAGE][PASSED] - Call Test Case 'Test Cases/AHI/_include/openWebSite' successfully

2020-03-09 04:00:50 - [TEST_STEP][PASSED] - click(findTestObject("mobileSanity/Common/side_nav/menu")): Object: 'Object Repository/mobileSanity/Common/side_nav/menu' is clicked on

2020-03-09 04:00:50 - [MESSAGE][PASSED] - Object: 'Object Repository/mobileSanity/Common/side_nav/menu' is clicked on

2020-03-09 04:00:50 - [TEST_STEP][PASSED] - Thread.sleep(3000): null

2020-03-09 04:00:53 - [TEST_STEP][PASSED] - callTestCase(findTestCase("AHI/_include/get_screenshot"), [:], STOP_ON_FAILURE): Call Test Case 'Test Cases/AHI/_include/get_screenshot' successfully

2020-03-09 04:00:53 - [TEST_CASE][PASSED] - Test Cases/AHI/_include/get_screenshot: Test Cases/AHI/_include/get_screenshot

2020-03-09 04:00:53 - [TEST_STEP][PASSED] - Thread.sleep(1000): null

2020-03-09 04:00:54 - [TEST_STEP][PASSED] - takeScreenshot(screenPath + i + ".png"): Taking screenshot successfully

2020-03-09 04:00:54 - [MESSAGE][PASSED] - Taking screenshot successfully
[[ATTACHMENT|D:\\Test\\AgileTest\\Reports\\AHI\\ahi\\20200309_035452\\../Screenshots/iPhone X/teladoc/Teladoc/20200309_040044/1.png]]

2020-03-09 04:00:54 - [TEST_STEP][PASSED] - (internal.GlobalVariable.i++): null

2020-03-09 04:00:54 - [MESSAGE][PASSED] - Call Test Case 'Test Cases/AHI/_include/get_screenshot' successfully

2020-03-09 04:00:54 - [TEST_STEP][FAILED] - click(findTestObject("mobileSanity/Common/side_nav/nav_teladoc")): click(findTestObject("mobileSanity/Common/side_nav/nav_teladoc")) FAILED.
Reason:
com.kms.katalon.core.exception.StepFailedException: Unable to click on object 'Object Repository/mobileSanity/Common/side_nav/nav_teladoc' (Root cause: com.kms.katalon.core.webui.exception.WebElementNotFoundException: Web element with id: 'Object Repository/mobileSanity/Common/side_nav/nav_teladoc' located by 'By.xpath: //ul[@class='global-side-nav-list']/li/a[contains(text(),'Telemedicine)]' not found)
	at com.kms.katalon.core.keyword.internal.KeywordMain.stepFailed(KeywordMain.groovy:36)
	at com.kms.katalon.core.webui.keyword.internal.WebUIKeywordMain.stepFailed(WebUIKeywordMain.groovy:65)
	at com.kms.katalon.core.webui.keyword.internal.WebUIKeywordMain.runKeyword(WebUIKeywordMain.groovy:27)
	at com.kms.katalon.core.webui.keyword.builtin.ClickKeyword.click(ClickKeyword.groovy:86)
	at com.kms.katalon.core.webui.keyword.builtin.ClickKeyword.execute(ClickKeyword.groovy:67)
	at com.kms.katalon.core.keyword.internal.KeywordExecutor.executeKeywordForPlatform(KeywordExecutor.groovy:53)
	at com.kms.katalon.core.webui.keyword.WebUiBuiltInKeywords.click(WebUiBuiltInKeywords.groovy:616)
	at com.kms.katalon.core.webui.keyword.WebUiBuiltInKeywords$click$4.call(Unknown Source)
	at Teladoc.run(Teladoc:33)
	at com.kms.katalon.core.main.ScriptEngine.run(ScriptEngine.java:194)
	at com.kms.katalon.core.main.ScriptEngine.runScriptAsRawText(ScriptEngine.java:119)
	at com.kms.katalon.core.main.TestCaseExecutor.runScript(TestCaseExecutor.java:328)
	at com.kms.katalon.core.main.TestCaseExecutor.doExecute(TestCaseExecutor.java:319)
	at com.kms.katalon.core.main.TestCaseExecutor.processExecutionPhase(TestCaseExecutor.java:298)
	at com.kms.katalon.core.main.TestCaseExecutor.accessMainPhase(TestCaseExecutor.java:290)
	at com.kms.katalon.core.main.TestCaseExecutor.execute(TestCaseExecutor.java:224)
	at com.kms.katalon.core.main.TestSuiteExecutor.accessTestCaseMainPhase(TestSuiteExecutor.java:129)
	at com.kms.katalon.core.main.TestSuiteExecutor.accessTestSuiteMainPhase(TestSuiteExecutor.java:112)
	at com.kms.katalon.core.main.TestSuiteExecutor.execute(TestSuiteExecutor.java:81)
	at com.kms.katalon.core.main.TestCaseMain.startTestSuite(TestCaseMain.java:149)
	at com.kms.katalon.core.main.TestCaseMain$startTestSuite$0.call(Unknown Source)
	at TempTestSuite1583740492521.run(TempTestSuite1583740492521.groovy:36)


2020-03-09 04:01:16 - [MESSAGE][INFO] - Unable to find the element located by 'By.xpath: //ul[@class='global-side-nav-list']/li/a[contains(text(),'Telemedicine)]'. Please recheck the objects properties to make sure the desired element is located. 

2020-03-09 04:01:16 - [MESSAGE][FAILED] - Unable to click on object 'Object Repository/mobileSanity/Common/side_nav/nav_teladoc' (Root cause: com.kms.katalon.core.webui.exception.WebElementNotFoundException: Web element with id: 'Object Repository/mobileSanity/Common/side_nav/nav_teladoc' located by 'By.xpath: //ul[@class='global-side-nav-list']/li/a[contains(text(),'Telemedicine)]' not found)
[[ATTACHMENT|D:\\Test\\AgileTest\\Reports\\AHI\\ahi\\20200309_035452\\1583740876032.png]]

2020-03-09 04:01:16 - [MESSAGE][FAILED] - click(findTestObject("mobileSanity/Common/side_nav/nav_teladoc")) FAILED.
Reason:
com.kms.katalon.core.exception.StepFailedException: Unable to click on object 'Object Repository/mobileSanity/Common/side_nav/nav_teladoc' (Root cause: com.kms.katalon.core.webui.exception.WebElementNotFoundException: Web element with id: 'Object Repository/mobileSanity/Common/side_nav/nav_teladoc' located by 'By.xpath: //ul[@class='global-side-nav-list']/li/a[contains(text(),'Telemedicine)]' not found)
	at com.kms.katalon.core.keyword.internal.KeywordMain.stepFailed(KeywordMain.groovy:36)
	at com.kms.katalon.core.webui.keyword.internal.WebUIKeywordMain.stepFailed(WebUIKeywordMain.groovy:65)
	at com.kms.katalon.core.webui.keyword.internal.WebUIKeywordMain.runKeyword(WebUIKeywordMain.groovy:27)
	at com.kms.katalon.core.webui.keyword.builtin.ClickKeyword.click(ClickKeyword.groovy:86)
	at com.kms.katalon.core.webui.keyword.builtin.ClickKeyword.execute(ClickKeyword.groovy:67)
	at com.kms.katalon.core.keyword.internal.KeywordExecutor.executeKeywordForPlatform(KeywordExecutor.groovy:53)
	at com.kms.katalon.core.webui.keyword.WebUiBuiltInKeywords.click(WebUiBuiltInKeywords.groovy:616)
	at com.kms.katalon.core.webui.keyword.WebUiBuiltInKeywords$click$4.call(Unknown Source)
	at Teladoc.run(Teladoc:33)
	at com.kms.katalon.core.main.ScriptEngine.run(ScriptEngine.java:194)
	at com.kms.katalon.core.main.ScriptEngine.runScriptAsRawText(ScriptEngine.java:119)
	at com.kms.katalon.core.main.TestCaseExecutor.runScript(TestCaseExecutor.java:328)
	at com.kms.katalon.core.main.TestCaseExecutor.doExecute(TestCaseExecutor.java:319)
	at com.kms.katalon.core.main.TestCaseExecutor.processExecutionPhase(TestCaseExecutor.java:298)
	at com.kms.katalon.core.main.TestCaseExecutor.accessMainPhase(TestCaseExecutor.java:290)
	at com.kms.katalon.core.main.TestCaseExecutor.execute(TestCaseExecutor.java:224)
	at com.kms.katalon.core.main.TestSuiteExecutor.accessTestCaseMainPhase(TestSuiteExecutor.java:129)
	at com.kms.katalon.core.main.TestSuiteExecutor.accessTestSuiteMainPhase(TestSuiteExecutor.java:112)
	at com.kms.katalon.core.main.TestSuiteExecutor.execute(TestSuiteExecutor.java:81)
	at com.kms.katalon.core.main.TestCaseMain.startTestSuite(TestCaseMain.java:149)
	at com.kms.katalon.core.main.TestCaseMain$startTestSuite$0.call(Unknown Source)
	at TempTestSuite1583740492521.run(TempTestSuite1583740492521.groovy:36)]]></system-out>
         <system-err><![CDATA[2020-03-09 04:00:43 - [TEST_CASE][FAILED] - Test Cases/AHI/NEW/Teladoc: Test Cases/AHI/NEW/Teladoc FAILED.
Reason:
com.kms.katalon.core.exception.StepFailedException: Unable to click on object 'Object Repository/mobileSanity/Common/side_nav/nav_teladoc' (Root cause: com.kms.katalon.core.webui.exception.WebElementNotFoundException: Web element with id: 'Object Repository/mobileSanity/Common/side_nav/nav_teladoc' located by 'By.xpath: //ul[@class='global-side-nav-list']/li/a[contains(text(),'Telemedicine)]' not found)
	at com.kms.katalon.core.keyword.internal.KeywordMain.stepFailed(KeywordMain.groovy:36)
	at com.kms.katalon.core.webui.keyword.internal.WebUIKeywordMain.stepFailed(WebUIKeywordMain.groovy:65)
	at com.kms.katalon.core.webui.keyword.internal.WebUIKeywordMain.runKeyword(WebUIKeywordMain.groovy:27)
	at com.kms.katalon.core.webui.keyword.builtin.ClickKeyword.click(ClickKeyword.groovy:86)
	at com.kms.katalon.core.webui.keyword.builtin.ClickKeyword.execute(ClickKeyword.groovy:67)
	at com.kms.katalon.core.keyword.internal.KeywordExecutor.executeKeywordForPlatform(KeywordExecutor.groovy:53)
	at com.kms.katalon.core.webui.keyword.WebUiBuiltInKeywords.click(WebUiBuiltInKeywords.groovy:616)
	at com.kms.katalon.core.webui.keyword.WebUiBuiltInKeywords$click$4.call(Unknown Source)
	at Teladoc.run(Teladoc:33)
	at com.kms.katalon.core.main.ScriptEngine.run(ScriptEngine.java:194)
	at com.kms.katalon.core.main.ScriptEngine.runScriptAsRawText(ScriptEngine.java:119)
	at com.kms.katalon.core.main.TestCaseExecutor.runScript(TestCaseExecutor.java:328)
	at com.kms.katalon.core.main.TestCaseExecutor.doExecute(TestCaseExecutor.java:319)
	at com.kms.katalon.core.main.TestCaseExecutor.processExecutionPhase(TestCaseExecutor.java:298)
	at com.kms.katalon.core.main.TestCaseExecutor.accessMainPhase(TestCaseExecutor.java:290)
	at com.kms.katalon.core.main.TestCaseExecutor.execute(TestCaseExecutor.java:224)
	at com.kms.katalon.core.main.TestSuiteExecutor.accessTestCaseMainPhase(TestSuiteExecutor.java:129)
	at com.kms.katalon.core.main.TestSuiteExecutor.accessTestSuiteMainPhase(TestSuiteExecutor.java:112)
	at com.kms.katalon.core.main.TestSuiteExecutor.execute(TestSuiteExecutor.java:81)
	at com.kms.katalon.core.main.TestCaseMain.startTestSuite(TestCaseMain.java:149)
	at com.kms.katalon.core.main.TestCaseMain$startTestSuite$0.call(Unknown Source)
	at TempTestSuite1583740492521.run(TempTestSuite1583740492521.groovy:36)]]></system-err>
      </testcase>
      <system-out><![CDATA[2020-03-09 03:54:59 - [TEST_SUITE][FAILED] - ahi: Test Cases/AHI/NEW/Dental/National General FAILED.
Reason:
com.kms.katalon.core.exception.StepFailedException: Unable to click on object 'Object Repository/mobileSanity/Dental/census/label_Compare Dental Insurance' (Root cause: com.kms.katalon.core.webui.exception.WebElementNotFoundException: Web element with id: 'Object Repository/mobileSanity/Dental/census/label_Compare Dental Insurance' located by 'By.xpath: //label[@id = 'js-see-plans' and @href = '#' and (text() = 'Compare Dental Insurance ' or . = 'Compare Dental Insurance ')]' not found)
	at com.kms.katalon.core.keyword.internal.KeywordMain.stepFailed(KeywordMain.groovy:36)
	at com.kms.katalon.core.webui.keyword.internal.WebUIKeywordMain.stepFailed(WebUIKeywordMain.groovy:65)
	at com.kms.katalon.core.webui.keyword.internal.WebUIKeywordMain.runKeyword(WebUIKeywordMain.groovy:27)
	at com.kms.katalon.core.webui.keyword.builtin.ClickKeyword.click(ClickKeyword.groovy:86)
	at com.kms.katalon.core.webui.keyword.builtin.ClickKeyword.execute(ClickKeyword.groovy:67)
	at com.kms.katalon.core.keyword.internal.KeywordExecutor.executeKeywordForPlatform(KeywordExecutor.groovy:53)
	at com.kms.katalon.core.webui.keyword.WebUiBuiltInKeywords.click(WebUiBuiltInKeywords.groovy:616)
	at com.kms.katalon.core.webui.keyword.WebUiBuiltInKeywords$click$4.call(Unknown Source)
	at census_dental.run(census_dental:36)
	at com.kms.katalon.core.main.ScriptEngine.run(ScriptEngine.java:194)
	at com.kms.katalon.core.main.ScriptEngine.runScriptAsRawText(ScriptEngine.java:119)
	at com.kms.katalon.core.main.TestCaseExecutor.runScript(TestCaseExecutor.java:328)
	at com.kms.katalon.core.main.TestCaseExecutor.doExecute(TestCaseExecutor.java:319)
	at com.kms.katalon.core.main.TestCaseExecutor.processExecutionPhase(TestCaseExecutor.java:298)
	at com.kms.katalon.core.main.TestCaseExecutor.accessMainPhase(TestCaseExecutor.java:290)
	at com.kms.katalon.core.main.TestCaseExecutor.execute(TestCaseExecutor.java:224)
	at com.kms.katalon.core.main.TestCaseMain.runTestCase(TestCaseMain.java:106)
	at com.kms.katalon.core.keyword.builtin.CallTestCaseKeyword$_callTestCase_closure1.doCall(CallTestCaseKeyword.groovy:59)
	at com.kms.katalon.core.keyword.builtin.CallTestCaseKeyword$_callTestCase_closure1.call(CallTestCaseKeyword.groovy)
	at com.kms.katalon.core.keyword.internal.KeywordMain.runKeyword(KeywordMain.groovy:54)
	at com.kms.katalon.core.keyword.builtin.CallTestCaseKeyword.callTestCase(CallTestCaseKeyword.groovy:80)
	at com.kms.katalon.core.keyword.builtin.CallTestCaseKeyword.execute(CallTestCaseKeyword.groovy:44)
	at com.kms.katalon.core.keyword.internal.KeywordExecutor.executeKeywordForPlatform(KeywordExecutor.groovy:53)
	at com.kms.katalon.core.keyword.BuiltinKeywords.callTestCase(BuiltinKeywords.groovy:334)
	at National General.run(National General:24)
	at com.kms.katalon.core.main.ScriptEngine.run(ScriptEngine.java:194)
	at com.kms.katalon.core.main.ScriptEngine.runScriptAsRawText(ScriptEngine.java:119)
	at com.kms.katalon.core.main.TestCaseExecutor.runScript(TestCaseExecutor.java:328)
	at com.kms.katalon.core.main.TestCaseExecutor.doExecute(TestCaseExecutor.java:319)
	at com.kms.katalon.core.main.TestCaseExecutor.processExecutionPhase(TestCaseExecutor.java:298)
	at com.kms.katalon.core.main.TestCaseExecutor.accessMainPhase(TestCaseExecutor.java:290)
	at com.kms.katalon.core.main.TestCaseExecutor.execute(TestCaseExecutor.java:224)
	at com.kms.katalon.core.main.TestSuiteExecutor.accessTestCaseMainPhase(TestSuiteExecutor.java:129)
	at com.kms.katalon.core.main.TestSuiteExecutor.accessTestSuiteMainPhase(TestSuiteExecutor.java:112)
	at com.kms.katalon.core.main.TestSuiteExecutor.execute(TestSuiteExecutor.java:81)
	at com.kms.katalon.core.main.TestCaseMain.startTestSuite(TestCaseMain.java:149)
	at com.kms.katalon.core.main.TestCaseMain$startTestSuite$0.call(Unknown Source)
	at TempTestSuite1583740492521.run(TempTestSuite1583740492521.groovy:36)]]></system-out>
      <system-err><![CDATA[2020-03-09 03:54:59 - [TEST_SUITE][FAILED] - ahi: Test Cases/AHI/NEW/Dental/National General FAILED.
Reason:
com.kms.katalon.core.exception.StepFailedException: Unable to click on object 'Object Repository/mobileSanity/Dental/census/label_Compare Dental Insurance' (Root cause: com.kms.katalon.core.webui.exception.WebElementNotFoundException: Web element with id: 'Object Repository/mobileSanity/Dental/census/label_Compare Dental Insurance' located by 'By.xpath: //label[@id = 'js-see-plans' and @href = '#' and (text() = 'Compare Dental Insurance ' or . = 'Compare Dental Insurance ')]' not found)
	at com.kms.katalon.core.keyword.internal.KeywordMain.stepFailed(KeywordMain.groovy:36)
	at com.kms.katalon.core.webui.keyword.internal.WebUIKeywordMain.stepFailed(WebUIKeywordMain.groovy:65)
	at com.kms.katalon.core.webui.keyword.internal.WebUIKeywordMain.runKeyword(WebUIKeywordMain.groovy:27)
	at com.kms.katalon.core.webui.keyword.builtin.ClickKeyword.click(ClickKeyword.groovy:86)
	at com.kms.katalon.core.webui.keyword.builtin.ClickKeyword.execute(ClickKeyword.groovy:67)
	at com.kms.katalon.core.keyword.internal.KeywordExecutor.executeKeywordForPlatform(KeywordExecutor.groovy:53)
	at com.kms.katalon.core.webui.keyword.WebUiBuiltInKeywords.click(WebUiBuiltInKeywords.groovy:616)
	at com.kms.katalon.core.webui.keyword.WebUiBuiltInKeywords$click$4.call(Unknown Source)
	at census_dental.run(census_dental:36)
	at com.kms.katalon.core.main.ScriptEngine.run(ScriptEngine.java:194)
	at com.kms.katalon.core.main.ScriptEngine.runScriptAsRawText(ScriptEngine.java:119)
	at com.kms.katalon.core.main.TestCaseExecutor.runScript(TestCaseExecutor.java:328)
	at com.kms.katalon.core.main.TestCaseExecutor.doExecute(TestCaseExecutor.java:319)
	at com.kms.katalon.core.main.TestCaseExecutor.processExecutionPhase(TestCaseExecutor.java:298)
	at com.kms.katalon.core.main.TestCaseExecutor.accessMainPhase(TestCaseExecutor.java:290)
	at com.kms.katalon.core.main.TestCaseExecutor.execute(TestCaseExecutor.java:224)
	at com.kms.katalon.core.main.TestCaseMain.runTestCase(TestCaseMain.java:106)
	at com.kms.katalon.core.keyword.builtin.CallTestCaseKeyword$_callTestCase_closure1.doCall(CallTestCaseKeyword.groovy:59)
	at com.kms.katalon.core.keyword.builtin.CallTestCaseKeyword$_callTestCase_closure1.call(CallTestCaseKeyword.groovy)
	at com.kms.katalon.core.keyword.internal.KeywordMain.runKeyword(KeywordMain.groovy:54)
	at com.kms.katalon.core.keyword.builtin.CallTestCaseKeyword.callTestCase(CallTestCaseKeyword.groovy:80)
	at com.kms.katalon.core.keyword.builtin.CallTestCaseKeyword.execute(CallTestCaseKeyword.groovy:44)
	at com.kms.katalon.core.keyword.internal.KeywordExecutor.executeKeywordForPlatform(KeywordExecutor.groovy:53)
	at com.kms.katalon.core.keyword.BuiltinKeywords.callTestCase(BuiltinKeywords.groovy:334)
	at National General.run(National General:24)
	at com.kms.katalon.core.main.ScriptEngine.run(ScriptEngine.java:194)
	at com.kms.katalon.core.main.ScriptEngine.runScriptAsRawText(ScriptEngine.java:119)
	at com.kms.katalon.core.main.TestCaseExecutor.runScript(TestCaseExecutor.java:328)
	at com.kms.katalon.core.main.TestCaseExecutor.doExecute(TestCaseExecutor.java:319)
	at com.kms.katalon.core.main.TestCaseExecutor.processExecutionPhase(TestCaseExecutor.java:298)
	at com.kms.katalon.core.main.TestCaseExecutor.accessMainPhase(TestCaseExecutor.java:290)
	at com.kms.katalon.core.main.TestCaseExecutor.execute(TestCaseExecutor.java:224)
	at com.kms.katalon.core.main.TestSuiteExecutor.accessTestCaseMainPhase(TestSuiteExecutor.java:129)
	at com.kms.katalon.core.main.TestSuiteExecutor.accessTestSuiteMainPhase(TestSuiteExecutor.java:112)
	at com.kms.katalon.core.main.TestSuiteExecutor.execute(TestSuiteExecutor.java:81)
	at com.kms.katalon.core.main.TestCaseMain.startTestSuite(TestCaseMain.java:149)
	at com.kms.katalon.core.main.TestCaseMain$startTestSuite$0.call(Unknown Source)
	at TempTestSuite1583740492521.run(TempTestSuite1583740492521.groovy:36)]]></system-err>
   </testsuite>
</testsuites>
