<?xml version="1.0" encoding="UTF-8"?>
<testsuites name="ahi" time="830" tests="9" failures="0" errors="0">
   <testsuite name="ahi" tests="9" failures="0" errors="0" time="830" timestamp="2020-04-16 08:14:04" hostname="Administrator - 172.30.0.53" id="Test Suites/AHI/ahi">
      <properties>
         <property name="deviceName" value=""/>
         <property name="devicePlatform" value=""/>
         <property name="logFolder" value="D:\\Test\\AgileTest\\Reports\\AHI\\ahi\\20200416_080045"/>
         <property name="logFiles" value="D:\\Test\\AgileTest\\Reports\\AHI\\ahi\\20200416_080045\\execution0.log"/>
         <property name="attachments" value="D:\\Test\\AgileTest\\Reports\\AHI\\ahi\\20200416_080045\\../Screenshots/iPhone 6/AHI/ACA Health Insurance/20200416_081406/0.png, D:\\Test\\AgileTest\\Reports\\AHI\\ahi\\20200416_080045\\../Screenshots/iPhone 6/AHI/ACA Health Insurance/20200416_081406/1.png, D:\\Test\\AgileTest\\Reports\\AHI\\ahi\\20200416_080045\\../Screenshots/iPhone 6/AHI/ACA Health Insurance/20200416_081406/2.png, D:\\Test\\AgileTest\\Reports\\AHI\\ahi\\20200416_080045\\../Screenshots/iPhone 6/AHI/Cancer Insurance/20200416_081511/0.png, D:\\Test\\AgileTest\\Reports\\AHI\\ahi\\20200416_080045\\../Screenshots/iPhone 6/AHI/Cancer Insurance/20200416_081511/1.png, D:\\Test\\AgileTest\\Reports\\AHI\\ahi\\20200416_080045\\../Screenshots/iPhone 6/AHI/Cancer Insurance/20200416_081511/2.png, D:\\Test\\AgileTest\\Reports\\AHI\\ahi\\20200416_080045\\../Screenshots/iPhone 6/AHI/Cancer Insurance/20200416_081511/3.png, D:\\Test\\AgileTest\\Reports\\AHI\\ahi\\20200416_080045\\../Screenshots/iPhone 6/AHI/Cancer Insurance/20200416_081511/4.png, D:\\Test\\AgileTest\\Reports\\AHI\\ahi\\20200416_080045\\../Screenshots/iPhone 6/AHI/Cancer Insurance/20200416_081511/5.png, D:\\Test\\AgileTest\\Reports\\AHI\\ahi\\20200416_080045\\../Screenshots/iPhone 6/AHI/Cancer Insurance/20200416_081511/6.png, D:\\Test\\AgileTest\\Reports\\AHI\\ahi\\20200416_080045\\../Screenshots/iPhone 6/AHI/Cancer Insurance/20200416_081511/7.png, D:\\Test\\AgileTest\\Reports\\AHI\\ahi\\20200416_080045\\../Screenshots/iPhone 6/AHI/Cancer Insurance/20200416_081511/8.png, D:\\Test\\AgileTest\\Reports\\AHI\\ahi\\20200416_080045\\../Screenshots/iPhone 6/AHI/Cancer Insurance/20200416_081511/9.png, D:\\Test\\AgileTest\\Reports\\AHI\\ahi\\20200416_080045\\../Screenshots/iPhone 6/AHI/Dental - National General/20200416_081717/0.png, D:\\Test\\AgileTest\\Reports\\AHI\\ahi\\20200416_080045\\../Screenshots/iPhone 6/AHI/Dental - National General/20200416_081717/1.png, D:\\Test\\AgileTest\\Reports\\AHI\\ahi\\20200416_080045\\../Screenshots/iPhone 6/AHI/Dental - National General/20200416_081717/2.png, D:\\Test\\AgileTest\\Reports\\AHI\\ahi\\20200416_080045\\../Screenshots/iPhone 6/AHI/Dental - National General/20200416_081717/3.png, D:\\Test\\AgileTest\\Reports\\AHI\\ahi\\20200416_080045\\../Screenshots/iPhone 6/AHI/Dental - National General/20200416_081717/4.png, D:\\Test\\AgileTest\\Reports\\AHI\\ahi\\20200416_080045\\../Screenshots/iPhone 6/AHI/Dental - National General/20200416_081717/5.png, D:\\Test\\AgileTest\\Reports\\AHI\\ahi\\20200416_080045\\../Screenshots/iPhone 6/AHI/Dental - National General/20200416_081717/6.png, D:\\Test\\AgileTest\\Reports\\AHI\\ahi\\20200416_080045\\../Screenshots/iPhone 6/AHI/Dental - National General/20200416_081717/7.png, D:\\Test\\AgileTest\\Reports\\AHI\\ahi\\20200416_080045\\../Screenshots/iPhone 6/AHI/Dental - National General/20200416_081717/8.png, D:\\Test\\AgileTest\\Reports\\AHI\\ahi\\20200416_080045\\../Screenshots/iPhone 6/AHI/Dental - USA Access/20200416_081850/0.png, D:\\Test\\AgileTest\\Reports\\AHI\\ahi\\20200416_080045\\../Screenshots/iPhone 6/AHI/Dental - USA Access/20200416_081850/1.png, D:\\Test\\AgileTest\\Reports\\AHI\\ahi\\20200416_080045\\../Screenshots/iPhone 6/AHI/Dental - USA Access/20200416_081850/2.png, D:\\Test\\AgileTest\\Reports\\AHI\\ahi\\20200416_080045\\../Screenshots/iPhone 6/AHI/Dental - USA Access/20200416_081850/3.png, D:\\Test\\AgileTest\\Reports\\AHI\\ahi\\20200416_080045\\../Screenshots/iPhone 6/AHI/Dental - USA Access/20200416_081850/4.png, D:\\Test\\AgileTest\\Reports\\AHI\\ahi\\20200416_080045\\../Screenshots/iPhone 6/AHI/Dental - USA Access/20200416_081850/5.png, D:\\Test\\AgileTest\\Reports\\AHI\\ahi\\20200416_080045\\../Screenshots/iPhone 6/AHI/Dental - USA Access/20200416_081850/6.png, D:\\Test\\AgileTest\\Reports\\AHI\\ahi\\20200416_080045\\../Screenshots/iPhone 6/AHI/Dental - USA Access/20200416_081850/7.png, D:\\Test\\AgileTest\\Reports\\AHI\\ahi\\20200416_080045\\../Screenshots/iPhone 6/AHI/Dental - USA Access/20200416_081850/8.png, D:\\Test\\AgileTest\\Reports\\AHI\\ahi\\20200416_080045\\../Screenshots/iPhone 6/AHI/HBI/20200416_082101/0.png, D:\\Test\\AgileTest\\Reports\\AHI\\ahi\\20200416_080045\\../Screenshots/iPhone 6/AHI/HBI/20200416_082101/1.png, D:\\Test\\AgileTest\\Reports\\AHI\\ahi\\20200416_080045\\../Screenshots/iPhone 6/AHI/HBI/20200416_082101/2.png, D:\\Test\\AgileTest\\Reports\\AHI\\ahi\\20200416_080045\\../Screenshots/iPhone 6/AHI/Medicare/20200416_082214/0.png, D:\\Test\\AgileTest\\Reports\\AHI\\ahi\\20200416_080045\\../Screenshots/iPhone 6/AHI/Medicare/20200416_082214/1.png, D:\\Test\\AgileTest\\Reports\\AHI\\ahi\\20200416_080045\\../Screenshots/iPhone 6/AHI/Pet Insurance/20200416_082253/0.png, D:\\Test\\AgileTest\\Reports\\AHI\\ahi\\20200416_080045\\../Screenshots/iPhone 6/AHI/Pet Insurance/20200416_082253/1.png, D:\\Test\\AgileTest\\Reports\\AHI\\ahi\\20200416_080045\\../Screenshots/iPhone 6/AHI/Pet Insurance/20200416_082253/2.png, D:\\Test\\AgileTest\\Reports\\AHI\\ahi\\20200416_080045\\../Screenshots/iPhone 6/AHI/Pet Insurance/20200416_082253/3.png, D:\\Test\\AgileTest\\Reports\\AHI\\ahi\\20200416_080045\\../Screenshots/iPhone 6/AHI/Pet Insurance/20200416_082253/4.png, D:\\Test\\AgileTest\\Reports\\AHI\\ahi\\20200416_080045\\../Screenshots/iPhone 6/AHI/Pet Insurance/20200416_082253/5.png, D:\\Test\\AgileTest\\Reports\\AHI\\ahi\\20200416_080045\\../Screenshots/iPhone 6/AHI/Pet Insurance/20200416_082253/6.png, D:\\Test\\AgileTest\\Reports\\AHI\\ahi\\20200416_080045\\../Screenshots/iPhone 6/AHI/Pet Insurance/20200416_082253/7.png, D:\\Test\\AgileTest\\Reports\\AHI\\ahi\\20200416_080045\\../Screenshots/iPhone 6/AHI/Pet Insurance/20200416_082253/8.png, D:\\Test\\AgileTest\\Reports\\AHI\\ahi\\20200416_080045\\../Screenshots/iPhone 6/AHI/Pet Insurance/20200416_082253/9.png, D:\\Test\\AgileTest\\Reports\\AHI\\ahi\\20200416_080045\\../Screenshots/iPhone 6/AHI/Pet Insurance/20200416_082253/10.png, D:\\Test\\AgileTest\\Reports\\AHI\\ahi\\20200416_080045\\../Screenshots/iPhone 6/AHI/STM/20200416_082429/0.png, D:\\Test\\AgileTest\\Reports\\AHI\\ahi\\20200416_080045\\../Screenshots/iPhone 6/AHI/STM/20200416_082429/1.png, D:\\Test\\AgileTest\\Reports\\AHI\\ahi\\20200416_080045\\../Screenshots/iPhone 6/AHI/STM/20200416_082429/2.png, D:\\Test\\AgileTest\\Reports\\AHI\\ahi\\20200416_080045\\../Screenshots/iPhone 6/AHI/Teladoc/20200416_082548/0.png, D:\\Test\\AgileTest\\Reports\\AHI\\ahi\\20200416_080045\\../Screenshots/iPhone 6/AHI/Teladoc/20200416_082548/1.png, D:\\Test\\AgileTest\\Reports\\AHI\\ahi\\20200416_080045\\../Screenshots/iPhone 6/AHI/Teladoc/20200416_082548/2.png, D:\\Test\\AgileTest\\Reports\\AHI\\ahi\\20200416_080045\\../Screenshots/iPhone 6/AHI/Teladoc/20200416_082548/3.png, D:\\Test\\AgileTest\\Reports\\AHI\\ahi\\20200416_080045\\../Screenshots/iPhone 6/AHI/Teladoc/20200416_082548/4.png, D:\\Test\\AgileTest\\Reports\\AHI\\ahi\\20200416_080045\\../Screenshots/iPhone 6/AHI/Teladoc/20200416_082548/5.png, D:\\Test\\AgileTest\\Reports\\AHI\\ahi\\20200416_080045\\../Screenshots/iPhone 6/AHI/Teladoc/20200416_082548/6.png"/>
         <property name="hostName" value="Administrator - 172.30.0.53"/>
         <property name="os" value="Windows Server 2012 R2 64bit"/>
         <property name="katalonVersion" value="5.10.1.1"/>
         <property name="browser" value="Safari 11"/>
         <property name="hostAddress" value="172.30.0.53"/>
         <property name="sessionId" value="69c036bfa4ba6c006d37940fd170ef80"/>
         <property name="seleniumVersion" value="3.7.1"/>
         <property name="proxyInformation" value="ProxyInformation{proxyOption=NO_PROXY, proxyServerType=HTTP, password=, proxyServerAddress=, proxyServerPort=0}"/>
         <property name="platform" value="Windows Server 2012 R2"/>
      </properties>
      <testcase name="Test Cases/AHI/NEW/ACA Health Insurance" classname="Test Cases/AHI/NEW/ACA Health Insurance" status="PASSED">
         <system-out><![CDATA[2020-04-16 08:14:05 - [TEST_CASE][PASSED] - Test Cases/AHI/NEW/ACA Health Insurance: Test Cases/AHI/NEW/ACA Health Insurance

2020-04-16 08:14:05 - [TEST_STEP][PASSED] - callTestCase(findTestCase("AHI/_include/get_screenPath"), ["productLine":"AHI", "carrierName":"ACA Health Insurance"], CONTINUE_ON_FAILURE): Call Test Case 'Test Cases/AHI/_include/get_screenPath' successfully

2020-04-16 08:14:06 - [TEST_CASE][PASSED] - Test Cases/AHI/_include/get_screenPath: Test Cases/AHI/_include/get_screenPath

2020-04-16 08:14:06 - [TEST_STEP][PASSED] - m = getExecutionProperties(): null

2020-04-16 08:14:06 - [TEST_STEP][PASSED] - deviceName = get("mobileEmulation").get("deviceName"): null

2020-04-16 08:14:06 - [TEST_STEP][PASSED] - println(deviceName): null

2020-04-16 08:14:06 - [TEST_STEP][PASSED] - now = new java.util.Date(): null

2020-04-16 08:14:06 - [TEST_STEP][PASSED] - mydate = now.format("yyyyMMdd_HHmmss"): null

2020-04-16 08:14:06 - [TEST_STEP][PASSED] - screenPath = "../Screenshots/": null

2020-04-16 08:14:06 - [TEST_STEP][PASSED] - screenPath = screenPath + deviceName + "/" + productLine + "/" + carrierName + "/" + mydate + "/": null

2020-04-16 08:14:06 - [TEST_STEP][PASSED] - println(screenPath): null

2020-04-16 08:14:06 - [MESSAGE][PASSED] - Call Test Case 'Test Cases/AHI/_include/get_screenPath' successfully

2020-04-16 08:14:06 - [TEST_STEP][PASSED] - i = 0: null

2020-04-16 08:14:06 - [TEST_STEP][PASSED] - callTestCase(findTestCase("AHI/_include/openWebSite"), [:], CONTINUE_ON_FAILURE): Call Test Case 'Test Cases/AHI/_include/openWebSite' successfully

2020-04-16 08:14:06 - [TEST_CASE][PASSED] - Test Cases/AHI/_include/openWebSite: Test Cases/AHI/_include/openWebSite

2020-04-16 08:14:06 - [TEST_STEP][PASSED] - openBrowser(env): Browser is opened with url: 'https://praetemptatus.agilehealthinsurance.com'

2020-04-16 08:14:07 - [MESSAGE][INFO] - Starting 'Chrome' driver

2020-04-16 08:14:07 - [MESSAGE][INFO] - User set preference: ['mobileEmulation', '{deviceName=iPhone 6}']

2020-04-16 08:14:07 - [MESSAGE][INFO] - User set preference: ['args', '[--incognito, --aggressive-cache-discard, --window-size=375,677, --no-sandbox, --ignore-certificate-errors]']

2020-04-16 08:14:07 - [MESSAGE][INFO] - Action delay is set to 0 seconds

2020-04-16 08:14:24 - [MESSAGE][PASSED] - Browser is opened with url: 'https://praetemptatus.agilehealthinsurance.com'

2020-04-16 08:14:24 - [TEST_STEP][PASSED] - waitForPageLoad(20): Wait for page load successfully

2020-04-16 08:14:24 - [MESSAGE][PASSED] - Wait for page load successfully

2020-04-16 08:14:24 - [TEST_STEP][PASSED] - callTestCase(findTestCase("AHI/_include/get_screenshot"), [:], STOP_ON_FAILURE): Call Test Case 'Test Cases/AHI/_include/get_screenshot' successfully

2020-04-16 08:14:24 - [TEST_CASE][PASSED] - Test Cases/AHI/_include/get_screenshot: Test Cases/AHI/_include/get_screenshot

2020-04-16 08:14:24 - [TEST_STEP][PASSED] - Thread.sleep(1000): null

2020-04-16 08:14:25 - [TEST_STEP][PASSED] - takeScreenshot(screenPath + i + ".png"): Taking screenshot successfully

2020-04-16 08:14:26 - [MESSAGE][PASSED] - Taking screenshot successfully
[[ATTACHMENT|D:\\Test\\AgileTest\\Reports\\AHI\\ahi\\20200416_080045\\../Screenshots/iPhone 6/AHI/ACA Health Insurance/20200416_081406/0.png]]

2020-04-16 08:14:27 - [TEST_STEP][PASSED] - (internal.GlobalVariable.i++): null

2020-04-16 08:14:27 - [MESSAGE][PASSED] - Call Test Case 'Test Cases/AHI/_include/get_screenshot' successfully

2020-04-16 08:14:27 - [MESSAGE][PASSED] - Call Test Case 'Test Cases/AHI/_include/openWebSite' successfully

2020-04-16 08:14:27 - [TEST_STEP][PASSED] - driver = getWebDriver(): null

2020-04-16 08:14:27 - [TEST_STEP][PASSED] - baseUrl = ENV: null

2020-04-16 08:14:27 - [TEST_STEP][PASSED] - selenium = new com.thoughtworks.selenium.webdriven.WebDriverBackedSelenium(driver, baseUrl): null

2020-04-16 08:14:27 - [TEST_STEP][PASSED] - selenium.click("//*[@class='filter-option-inner-inner']"): null

2020-04-16 08:14:28 - [TEST_STEP][PASSED] - selenium.click("id=bs-select-1-0"): null

2020-04-16 08:14:29 - [TEST_STEP][PASSED] - selenium.click("id=primaryCTA"): null

2020-04-16 08:14:38 - [TEST_STEP][PASSED] - for ([second = 0, second < 10, (second++)]): null

2020-04-16 08:14:38 - [TEST_STEP][PASSED] - try: null

2020-04-16 08:14:38 - [TEST_STEP][PASSED] - if (selenium.isElementPresent("xpath=//h1[contains(text(),'Find the right Individual and Family health care plan for you')]")): null

2020-04-16 08:14:44 - [TEST_STEP][PASSED] - break: null

2020-04-16 08:14:44 - [TEST_STEP][PASSED] - callTestCase(findTestCase("AHI/_include/get_screenshot"), [:], STOP_ON_FAILURE): Call Test Case 'Test Cases/AHI/_include/get_screenshot' successfully

2020-04-16 08:14:44 - [TEST_CASE][PASSED] - Test Cases/AHI/_include/get_screenshot: Test Cases/AHI/_include/get_screenshot

2020-04-16 08:14:44 - [TEST_STEP][PASSED] - Thread.sleep(1000): null

2020-04-16 08:14:45 - [TEST_STEP][PASSED] - takeScreenshot(screenPath + i + ".png"): Taking screenshot successfully

2020-04-16 08:14:46 - [MESSAGE][PASSED] - Taking screenshot successfully
[[ATTACHMENT|D:\\Test\\AgileTest\\Reports\\AHI\\ahi\\20200416_080045\\../Screenshots/iPhone 6/AHI/ACA Health Insurance/20200416_081406/1.png]]

2020-04-16 08:14:46 - [TEST_STEP][PASSED] - (internal.GlobalVariable.i++): null

2020-04-16 08:14:46 - [MESSAGE][PASSED] - Call Test Case 'Test Cases/AHI/_include/get_screenshot' successfully

2020-04-16 08:14:46 - [TEST_STEP][PASSED] - url = selenium.getAttribute("xpath=(//a[@class='front-door-quote-button'])@href"): null

2020-04-16 08:14:46 - [TEST_STEP][PASSED] - navigateToUrl(url): Navigate to 'https://www.healthpocket.com/individual-health-insurance?__hstc=225231557.fb6fd6fae228f1d50a68857d131342a6.1587039284624.1587039284624.1587039284624.1&__hssc=225231557.1.1587039284625&__hsfp=937275251' successfully

2020-04-16 08:15:09 - [MESSAGE][PASSED] - Navigate to 'https://www.healthpocket.com/individual-health-insurance?__hstc=225231557.fb6fd6fae228f1d50a68857d131342a6.1587039284624.1587039284624.1587039284624.1&__hssc=225231557.1.1587039284625&__hsfp=937275251' successfully

2020-04-16 08:15:09 - [TEST_STEP][PASSED] - waitForPageLoad(10): Wait for page load successfully

2020-04-16 08:15:09 - [MESSAGE][PASSED] - Wait for page load successfully

2020-04-16 08:15:09 - [TEST_STEP][PASSED] - callTestCase(findTestCase("AHI/_include/get_screenshot"), [:], STOP_ON_FAILURE): Call Test Case 'Test Cases/AHI/_include/get_screenshot' successfully

2020-04-16 08:15:09 - [TEST_CASE][PASSED] - Test Cases/AHI/_include/get_screenshot: Test Cases/AHI/_include/get_screenshot

2020-04-16 08:15:09 - [TEST_STEP][PASSED] - Thread.sleep(1000): null

2020-04-16 08:15:10 - [TEST_STEP][PASSED] - takeScreenshot(screenPath + i + ".png"): Taking screenshot successfully

2020-04-16 08:15:10 - [MESSAGE][PASSED] - Taking screenshot successfully
[[ATTACHMENT|D:\\Test\\AgileTest\\Reports\\AHI\\ahi\\20200416_080045\\../Screenshots/iPhone 6/AHI/ACA Health Insurance/20200416_081406/2.png]]

2020-04-16 08:15:10 - [TEST_STEP][PASSED] - (internal.GlobalVariable.i++): null

2020-04-16 08:15:10 - [MESSAGE][PASSED] - Call Test Case 'Test Cases/AHI/_include/get_screenshot' successfully]]></system-out>
         <system-err><![CDATA[]]></system-err>
      </testcase>
      <testcase name="Test Cases/AHI/NEW/Cancer Insurance" classname="Test Cases/AHI/NEW/Cancer Insurance" status="PASSED">
         <system-out><![CDATA[2020-04-16 08:15:10 - [TEST_CASE][PASSED] - Test Cases/AHI/NEW/Cancer Insurance: Test Cases/AHI/NEW/Cancer Insurance

2020-04-16 08:15:11 - [TEST_STEP][PASSED] - callTestCase(findTestCase("AHI/_include/get_screenPath"), ["productLine":"AHI", "carrierName":"Cancer Insurance"], CONTINUE_ON_FAILURE): Call Test Case 'Test Cases/AHI/_include/get_screenPath' successfully

2020-04-16 08:15:11 - [TEST_CASE][PASSED] - Test Cases/AHI/_include/get_screenPath: Test Cases/AHI/_include/get_screenPath

2020-04-16 08:15:11 - [TEST_STEP][PASSED] - m = getExecutionProperties(): null

2020-04-16 08:15:11 - [TEST_STEP][PASSED] - deviceName = get("mobileEmulation").get("deviceName"): null

2020-04-16 08:15:11 - [TEST_STEP][PASSED] - println(deviceName): null

2020-04-16 08:15:11 - [TEST_STEP][PASSED] - now = new java.util.Date(): null

2020-04-16 08:15:11 - [TEST_STEP][PASSED] - mydate = now.format("yyyyMMdd_HHmmss"): null

2020-04-16 08:15:11 - [TEST_STEP][PASSED] - screenPath = "../Screenshots/": null

2020-04-16 08:15:11 - [TEST_STEP][PASSED] - screenPath = screenPath + deviceName + "/" + productLine + "/" + carrierName + "/" + mydate + "/": null

2020-04-16 08:15:11 - [TEST_STEP][PASSED] - println(screenPath): null

2020-04-16 08:15:11 - [MESSAGE][PASSED] - Call Test Case 'Test Cases/AHI/_include/get_screenPath' successfully

2020-04-16 08:15:11 - [TEST_STEP][PASSED] - i = 0: null

2020-04-16 08:15:11 - [TEST_STEP][PASSED] - callTestCase(findTestCase("AHI/_include/openWebSite"), [:], CONTINUE_ON_FAILURE): Call Test Case 'Test Cases/AHI/_include/openWebSite' successfully

2020-04-16 08:15:11 - [TEST_CASE][PASSED] - Test Cases/AHI/_include/openWebSite: Test Cases/AHI/_include/openWebSite

2020-04-16 08:15:11 - [TEST_STEP][PASSED] - openBrowser(env): Browser is opened with url: 'https://praetemptatus.agilehealthinsurance.com'

2020-04-16 08:15:11 - [MESSAGE][WARNING] - A browser is already opened. Closing browser and opening a new one

2020-04-16 08:15:12 - [MESSAGE][INFO] - Starting 'Chrome' driver

2020-04-16 08:15:12 - [MESSAGE][INFO] - User set preference: ['mobileEmulation', '{deviceName=iPhone 6}']

2020-04-16 08:15:12 - [MESSAGE][INFO] - User set preference: ['args', '[--incognito, --aggressive-cache-discard, --window-size=375,677, --no-sandbox, --ignore-certificate-errors]']

2020-04-16 08:15:30 - [MESSAGE][PASSED] - Browser is opened with url: 'https://praetemptatus.agilehealthinsurance.com'

2020-04-16 08:15:30 - [TEST_STEP][PASSED] - waitForPageLoad(20): Wait for page load successfully

2020-04-16 08:15:30 - [MESSAGE][PASSED] - Wait for page load successfully

2020-04-16 08:15:30 - [TEST_STEP][PASSED] - callTestCase(findTestCase("AHI/_include/get_screenshot"), [:], STOP_ON_FAILURE): Call Test Case 'Test Cases/AHI/_include/get_screenshot' successfully

2020-04-16 08:15:30 - [TEST_CASE][PASSED] - Test Cases/AHI/_include/get_screenshot: Test Cases/AHI/_include/get_screenshot

2020-04-16 08:15:30 - [TEST_STEP][PASSED] - Thread.sleep(1000): null

2020-04-16 08:15:31 - [TEST_STEP][PASSED] - takeScreenshot(screenPath + i + ".png"): Taking screenshot successfully

2020-04-16 08:15:32 - [MESSAGE][PASSED] - Taking screenshot successfully
[[ATTACHMENT|D:\\Test\\AgileTest\\Reports\\AHI\\ahi\\20200416_080045\\../Screenshots/iPhone 6/AHI/Cancer Insurance/20200416_081511/0.png]]

2020-04-16 08:15:32 - [TEST_STEP][PASSED] - (internal.GlobalVariable.i++): null

2020-04-16 08:15:32 - [MESSAGE][PASSED] - Call Test Case 'Test Cases/AHI/_include/get_screenshot' successfully

2020-04-16 08:15:32 - [MESSAGE][PASSED] - Call Test Case 'Test Cases/AHI/_include/openWebSite' successfully

2020-04-16 08:15:32 - [TEST_STEP][PASSED] - driver = getWebDriver(): null

2020-04-16 08:15:32 - [TEST_STEP][PASSED] - baseUrl = ENV: null

2020-04-16 08:15:32 - [TEST_STEP][PASSED] - selenium = new com.thoughtworks.selenium.webdriven.WebDriverBackedSelenium(driver, baseUrl): null

2020-04-16 08:15:32 - [TEST_STEP][PASSED] - selenium.click("//*[@class='filter-option-inner-inner']"): null

2020-04-16 08:15:32 - [TEST_STEP][PASSED] - selenium.click("id=bs-select-1-1"): null

2020-04-16 08:15:32 - [TEST_STEP][PASSED] - selenium.click("id=primaryCTA"): null

2020-04-16 08:15:33 - [TEST_STEP][PASSED] - for ([second = 0, second < 20, (second++)]): null

2020-04-16 08:15:33 - [TEST_STEP][PASSED] - try: null

2020-04-16 08:15:33 - [TEST_STEP][PASSED] - if (selenium.isElementPresent("id=zip-input")): null

2020-04-16 08:15:33 - [TEST_STEP][PASSED] - break: null

2020-04-16 08:15:33 - [TEST_STEP][PASSED] - callTestCase(findTestCase("AHI/_include/get_screenshot"), [:], STOP_ON_FAILURE): Call Test Case 'Test Cases/AHI/_include/get_screenshot' successfully

2020-04-16 08:15:33 - [TEST_CASE][PASSED] - Test Cases/AHI/_include/get_screenshot: Test Cases/AHI/_include/get_screenshot

2020-04-16 08:15:33 - [TEST_STEP][PASSED] - Thread.sleep(1000): null

2020-04-16 08:15:34 - [TEST_STEP][PASSED] - takeScreenshot(screenPath + i + ".png"): Taking screenshot successfully

2020-04-16 08:15:35 - [MESSAGE][PASSED] - Taking screenshot successfully
[[ATTACHMENT|D:\\Test\\AgileTest\\Reports\\AHI\\ahi\\20200416_080045\\../Screenshots/iPhone 6/AHI/Cancer Insurance/20200416_081511/1.png]]

2020-04-16 08:15:35 - [TEST_STEP][PASSED] - (internal.GlobalVariable.i++): null

2020-04-16 08:15:35 - [MESSAGE][PASSED] - Call Test Case 'Test Cases/AHI/_include/get_screenshot' successfully

2020-04-16 08:15:35 - [TEST_STEP][PASSED] - sendKeys(findTestObject("mobileSanity/Cancer Insurance/zip"), "35216"): Keys '35216' sent to object: 'Object Repository/mobileSanity/Cancer Insurance/zip'

2020-04-16 08:15:35 - [MESSAGE][PASSED] - Keys '35216' sent to object: 'Object Repository/mobileSanity/Cancer Insurance/zip'

2020-04-16 08:15:35 - [TEST_STEP][PASSED] - sendKeys(findTestObject("mobileSanity/Cancer Insurance/dob-0"), "01/01/1990"): Keys '01/01/1990' sent to object: 'Object Repository/mobileSanity/Cancer Insurance/dob-0'

2020-04-16 08:15:35 - [MESSAGE][PASSED] - Keys '01/01/1990' sent to object: 'Object Repository/mobileSanity/Cancer Insurance/dob-0'

2020-04-16 08:15:35 - [TEST_STEP][PASSED] - Thread.sleep(2000): null

2020-04-16 08:15:37 - [TEST_STEP][PASSED] - selenium.click("//label[@for='gender-m-0']"): null

2020-04-16 08:15:37 - [TEST_STEP][PASSED] - Thread.sleep(3000): null

2020-04-16 08:15:40 - [TEST_STEP][PASSED] - selenium.click("id=js-see-plans"): null

2020-04-16 08:15:55 - [TEST_STEP][PASSED] - for ([second = 0, second < 20, (second++)]): null

2020-04-16 08:15:55 - [TEST_STEP][PASSED] - try: null

2020-04-16 08:15:55 - [TEST_STEP][PASSED] - if (selenium.isElementPresent("xpath=//h1[contains(text(),'3 Cancer Insurance Policies Found')]")): null

2020-04-16 08:15:58 - [TEST_STEP][PASSED] - Thread.sleep(1000): null

2020-04-16 08:15:59 - [TEST_STEP][PASSED] - try: null

2020-04-16 08:15:59 - [TEST_STEP][PASSED] - if (selenium.isElementPresent("xpath=//h1[contains(text(),'3 Cancer Insurance Policies Found')]")): null

2020-04-16 08:16:00 - [TEST_STEP][PASSED] - Thread.sleep(1000): null

2020-04-16 08:16:01 - [TEST_STEP][PASSED] - try: null

2020-04-16 08:16:01 - [TEST_STEP][PASSED] - if (selenium.isElementPresent("xpath=//h1[contains(text(),'3 Cancer Insurance Policies Found')]")): null

2020-04-16 08:16:01 - [TEST_STEP][PASSED] - Thread.sleep(1000): null

2020-04-16 08:16:02 - [TEST_STEP][PASSED] - try: null

2020-04-16 08:16:02 - [TEST_STEP][PASSED] - if (selenium.isElementPresent("xpath=//h1[contains(text(),'3 Cancer Insurance Policies Found')]")): null

2020-04-16 08:16:02 - [TEST_STEP][PASSED] - Thread.sleep(1000): null

2020-04-16 08:16:03 - [TEST_STEP][PASSED] - try: null

2020-04-16 08:16:03 - [TEST_STEP][PASSED] - if (selenium.isElementPresent("xpath=//h1[contains(text(),'3 Cancer Insurance Policies Found')]")): null

2020-04-16 08:16:03 - [TEST_STEP][PASSED] - Thread.sleep(1000): null

2020-04-16 08:16:04 - [TEST_STEP][PASSED] - try: null

2020-04-16 08:16:04 - [TEST_STEP][PASSED] - if (selenium.isElementPresent("xpath=//h1[contains(text(),'3 Cancer Insurance Policies Found')]")): null

2020-04-16 08:16:04 - [TEST_STEP][PASSED] - Thread.sleep(1000): null

2020-04-16 08:16:05 - [TEST_STEP][PASSED] - try: null

2020-04-16 08:16:05 - [TEST_STEP][PASSED] - if (selenium.isElementPresent("xpath=//h1[contains(text(),'3 Cancer Insurance Policies Found')]")): null

2020-04-16 08:16:06 - [TEST_STEP][PASSED] - Thread.sleep(1000): null

2020-04-16 08:16:07 - [TEST_STEP][PASSED] - try: null

2020-04-16 08:16:07 - [TEST_STEP][PASSED] - if (selenium.isElementPresent("xpath=//h1[contains(text(),'3 Cancer Insurance Policies Found')]")): null

2020-04-16 08:16:07 - [TEST_STEP][PASSED] - Thread.sleep(1000): null

2020-04-16 08:16:08 - [TEST_STEP][PASSED] - try: null

2020-04-16 08:16:08 - [TEST_STEP][PASSED] - if (selenium.isElementPresent("xpath=//h1[contains(text(),'3 Cancer Insurance Policies Found')]")): null

2020-04-16 08:16:08 - [TEST_STEP][PASSED] - Thread.sleep(1000): null

2020-04-16 08:16:09 - [TEST_STEP][PASSED] - try: null

2020-04-16 08:16:09 - [TEST_STEP][PASSED] - if (selenium.isElementPresent("xpath=//h1[contains(text(),'3 Cancer Insurance Policies Found')]")): null

2020-04-16 08:16:09 - [TEST_STEP][PASSED] - Thread.sleep(1000): null

2020-04-16 08:16:10 - [TEST_STEP][PASSED] - try: null

2020-04-16 08:16:10 - [TEST_STEP][PASSED] - if (selenium.isElementPresent("xpath=//h1[contains(text(),'3 Cancer Insurance Policies Found')]")): null

2020-04-16 08:16:10 - [TEST_STEP][PASSED] - Thread.sleep(1000): null

2020-04-16 08:16:11 - [TEST_STEP][PASSED] - try: null

2020-04-16 08:16:11 - [TEST_STEP][PASSED] - if (selenium.isElementPresent("xpath=//h1[contains(text(),'3 Cancer Insurance Policies Found')]")): null

2020-04-16 08:16:11 - [TEST_STEP][PASSED] - Thread.sleep(1000): null

2020-04-16 08:16:12 - [TEST_STEP][PASSED] - try: null

2020-04-16 08:16:12 - [TEST_STEP][PASSED] - if (selenium.isElementPresent("xpath=//h1[contains(text(),'3 Cancer Insurance Policies Found')]")): null

2020-04-16 08:16:13 - [TEST_STEP][PASSED] - Thread.sleep(1000): null

2020-04-16 08:16:14 - [TEST_STEP][PASSED] - try: null

2020-04-16 08:16:14 - [TEST_STEP][PASSED] - if (selenium.isElementPresent("xpath=//h1[contains(text(),'3 Cancer Insurance Policies Found')]")): null

2020-04-16 08:16:14 - [TEST_STEP][PASSED] - Thread.sleep(1000): null

2020-04-16 08:16:15 - [TEST_STEP][PASSED] - try: null

2020-04-16 08:16:15 - [TEST_STEP][PASSED] - if (selenium.isElementPresent("xpath=//h1[contains(text(),'3 Cancer Insurance Policies Found')]")): null

2020-04-16 08:16:15 - [TEST_STEP][PASSED] - Thread.sleep(1000): null

2020-04-16 08:16:16 - [TEST_STEP][PASSED] - try: null

2020-04-16 08:16:16 - [TEST_STEP][PASSED] - if (selenium.isElementPresent("xpath=//h1[contains(text(),'3 Cancer Insurance Policies Found')]")): null

2020-04-16 08:16:16 - [TEST_STEP][PASSED] - Thread.sleep(1000): null

2020-04-16 08:16:17 - [TEST_STEP][PASSED] - try: null

2020-04-16 08:16:17 - [TEST_STEP][PASSED] - if (selenium.isElementPresent("xpath=//h1[contains(text(),'3 Cancer Insurance Policies Found')]")): null

2020-04-16 08:16:17 - [TEST_STEP][PASSED] - Thread.sleep(1000): null

2020-04-16 08:16:18 - [TEST_STEP][PASSED] - try: null

2020-04-16 08:16:18 - [TEST_STEP][PASSED] - if (selenium.isElementPresent("xpath=//h1[contains(text(),'3 Cancer Insurance Policies Found')]")): null

2020-04-16 08:16:18 - [TEST_STEP][PASSED] - Thread.sleep(1000): null

2020-04-16 08:16:19 - [TEST_STEP][PASSED] - try: null

2020-04-16 08:16:19 - [TEST_STEP][PASSED] - if (selenium.isElementPresent("xpath=//h1[contains(text(),'3 Cancer Insurance Policies Found')]")): null

2020-04-16 08:16:19 - [TEST_STEP][PASSED] - Thread.sleep(1000): null

2020-04-16 08:16:20 - [TEST_STEP][PASSED] - try: null

2020-04-16 08:16:20 - [TEST_STEP][PASSED] - if (selenium.isElementPresent("xpath=//h1[contains(text(),'3 Cancer Insurance Policies Found')]")): null

2020-04-16 08:16:20 - [TEST_STEP][PASSED] - Thread.sleep(1000): null

2020-04-16 08:16:21 - [TEST_STEP][PASSED] - callTestCase(findTestCase("AHI/_include/get_screenshot"), [:], STOP_ON_FAILURE): Call Test Case 'Test Cases/AHI/_include/get_screenshot' successfully

2020-04-16 08:16:21 - [TEST_CASE][PASSED] - Test Cases/AHI/_include/get_screenshot: Test Cases/AHI/_include/get_screenshot

2020-04-16 08:16:21 - [TEST_STEP][PASSED] - Thread.sleep(1000): null

2020-04-16 08:16:22 - [TEST_STEP][PASSED] - takeScreenshot(screenPath + i + ".png"): Taking screenshot successfully

2020-04-16 08:16:23 - [MESSAGE][PASSED] - Taking screenshot successfully
[[ATTACHMENT|D:\\Test\\AgileTest\\Reports\\AHI\\ahi\\20200416_080045\\../Screenshots/iPhone 6/AHI/Cancer Insurance/20200416_081511/2.png]]

2020-04-16 08:16:23 - [TEST_STEP][PASSED] - (internal.GlobalVariable.i++): null

2020-04-16 08:16:23 - [MESSAGE][PASSED] - Call Test Case 'Test Cases/AHI/_include/get_screenshot' successfully

2020-04-16 08:16:23 - [TEST_STEP][PASSED] - selenium.click("xpath=(//a[contains(text(),'Option 1')])[1]"): null

2020-04-16 08:16:25 - [TEST_STEP][PASSED] - for ([second = 0, second < 20, (second++)]): null

2020-04-16 08:16:25 - [TEST_STEP][PASSED] - try: null

2020-04-16 08:16:25 - [TEST_STEP][PASSED] - if (selenium.isElementPresent("id=plan-details-primary-apply")): null

2020-04-16 08:16:28 - [TEST_STEP][PASSED] - break: null

2020-04-16 08:16:28 - [TEST_STEP][PASSED] - callTestCase(findTestCase("AHI/_include/get_screenshot"), [:], STOP_ON_FAILURE): Call Test Case 'Test Cases/AHI/_include/get_screenshot' successfully

2020-04-16 08:16:28 - [TEST_CASE][PASSED] - Test Cases/AHI/_include/get_screenshot: Test Cases/AHI/_include/get_screenshot

2020-04-16 08:16:28 - [TEST_STEP][PASSED] - Thread.sleep(1000): null

2020-04-16 08:16:29 - [TEST_STEP][PASSED] - takeScreenshot(screenPath + i + ".png"): Taking screenshot successfully

2020-04-16 08:16:29 - [MESSAGE][PASSED] - Taking screenshot successfully
[[ATTACHMENT|D:\\Test\\AgileTest\\Reports\\AHI\\ahi\\20200416_080045\\../Screenshots/iPhone 6/AHI/Cancer Insurance/20200416_081511/3.png]]

2020-04-16 08:16:29 - [TEST_STEP][PASSED] - (internal.GlobalVariable.i++): null

2020-04-16 08:16:29 - [MESSAGE][PASSED] - Call Test Case 'Test Cases/AHI/_include/get_screenshot' successfully

2020-04-16 08:16:29 - [TEST_STEP][PASSED] - selenium.click("id=plan-details-primary-apply"): null

2020-04-16 08:16:30 - [TEST_STEP][PASSED] - for ([second = 0, second < 20, (second++)]): null

2020-04-16 08:16:30 - [TEST_STEP][PASSED] - try: null

2020-04-16 08:16:30 - [TEST_STEP][PASSED] - if (selenium.isElementPresent("id=applyButton")): null

2020-04-16 08:16:31 - [TEST_STEP][PASSED] - break: null

2020-04-16 08:16:31 - [TEST_STEP][PASSED] - callTestCase(findTestCase("AHI/_include/get_screenshot"), [:], STOP_ON_FAILURE): Call Test Case 'Test Cases/AHI/_include/get_screenshot' successfully

2020-04-16 08:16:31 - [TEST_CASE][PASSED] - Test Cases/AHI/_include/get_screenshot: Test Cases/AHI/_include/get_screenshot

2020-04-16 08:16:31 - [TEST_STEP][PASSED] - Thread.sleep(1000): null

2020-04-16 08:16:32 - [TEST_STEP][PASSED] - takeScreenshot(screenPath + i + ".png"): Taking screenshot successfully

2020-04-16 08:16:33 - [MESSAGE][PASSED] - Taking screenshot successfully
[[ATTACHMENT|D:\\Test\\AgileTest\\Reports\\AHI\\ahi\\20200416_080045\\../Screenshots/iPhone 6/AHI/Cancer Insurance/20200416_081511/4.png]]

2020-04-16 08:16:33 - [TEST_STEP][PASSED] - (internal.GlobalVariable.i++): null

2020-04-16 08:16:33 - [MESSAGE][PASSED] - Call Test Case 'Test Cases/AHI/_include/get_screenshot' successfully

2020-04-16 08:16:33 - [TEST_STEP][PASSED] - selenium.click("id=applyButton"): null

2020-04-16 08:16:34 - [TEST_STEP][PASSED] - for ([second = 0, second < 20, (second++)]): null

2020-04-16 08:16:34 - [TEST_STEP][PASSED] - try: null

2020-04-16 08:16:34 - [TEST_STEP][PASSED] - if (selenium.isElementPresent("id=member-P-1-firstName")): null

2020-04-16 08:16:35 - [TEST_STEP][PASSED] - break: null

2020-04-16 08:16:35 - [TEST_STEP][PASSED] - callTestCase(findTestCase("AHI/_include/get_screenshot"), [:], STOP_ON_FAILURE): Call Test Case 'Test Cases/AHI/_include/get_screenshot' successfully

2020-04-16 08:16:35 - [TEST_CASE][PASSED] - Test Cases/AHI/_include/get_screenshot: Test Cases/AHI/_include/get_screenshot

2020-04-16 08:16:35 - [TEST_STEP][PASSED] - Thread.sleep(1000): null

2020-04-16 08:16:36 - [TEST_STEP][PASSED] - takeScreenshot(screenPath + i + ".png"): Taking screenshot successfully

2020-04-16 08:16:37 - [MESSAGE][PASSED] - Taking screenshot successfully
[[ATTACHMENT|D:\\Test\\AgileTest\\Reports\\AHI\\ahi\\20200416_080045\\../Screenshots/iPhone 6/AHI/Cancer Insurance/20200416_081511/5.png]]

2020-04-16 08:16:37 - [TEST_STEP][PASSED] - (internal.GlobalVariable.i++): null

2020-04-16 08:16:37 - [MESSAGE][PASSED] - Call Test Case 'Test Cases/AHI/_include/get_screenshot' successfully

2020-04-16 08:16:37 - [TEST_STEP][PASSED] - callTestCase(findTestCase("AHI/_include/name"), [:], STOP_ON_FAILURE): Call Test Case 'Test Cases/AHI/_include/name' successfully

2020-04-16 08:16:37 - [TEST_CASE][PASSED] - Test Cases/AHI/_include/name: Test Cases/AHI/_include/name

2020-04-16 08:16:38 - [TEST_STEP][PASSED] - driver = getWebDriver(): null

2020-04-16 08:16:38 - [TEST_STEP][PASSED] - selenium = new com.thoughtworks.selenium.webdriven.WebDriverBackedSelenium(driver, internal.GlobalVariable.ENV): null

2020-04-16 08:16:38 - [TEST_STEP][PASSED] - FirstName = "Test-123": null

2020-04-16 08:16:38 - [TEST_STEP][PASSED] - LastName = selenium.getEval("{var x="ABCDEFGHIJKLMNOPQRSTUVWXYZabcdefghijklmnopqrstuvwxyz"; var tmp="ZZ11-"; for (i=0;i<8;i++) tmp+=x.charAt(Math.ceil(51*Math.random()));tmp;}"): null

2020-04-16 08:16:38 - [TEST_STEP][PASSED] - Address = selenium.getEval("{var x="ABCDEFGHIJKLMNOPQRSTUVWXYZabcdefghijklmnopqrstuvwxyz"; var tmp=""; for (i=0;i<8;i++) tmp+=x.charAt(Math.ceil(51*Math.random()));tmp;}"): null

2020-04-16 08:16:38 - [TEST_STEP][PASSED] - City = selenium.getEval("{var x="ABCDEFGHIJKLMNOPQRSTUVWXYZabcdefghijklmnopqrstuvwxyz"; var tmp=""; for (i=0;i<8;i++) tmp+=x.charAt(Math.ceil(51*Math.random()));tmp;}"): null

2020-04-16 08:16:38 - [TEST_STEP][PASSED] - tel1 = selenium.getEval("{var x="123456789"; var tmp=""; for (i=0;i<3;i++) tmp+=x.charAt(Math.ceil(8*Math.random()));tmp;}"): null

2020-04-16 08:16:38 - [TEST_STEP][PASSED] - tel2 = selenium.getEval("{var x="123456789"; var tmp=""; for (i=0;i<3;i++) tmp+=x.charAt(Math.ceil(8*Math.random()));tmp;}"): null

2020-04-16 08:16:38 - [TEST_STEP][PASSED] - tel3 = selenium.getEval("{var x="123456789"; var tmp=""; for (i=0;i<4;i++) tmp+=x.charAt(Math.ceil(8*Math.random()));tmp;}"): null

2020-04-16 08:16:38 - [TEST_STEP][PASSED] - Tel = selenium.getExpression(tel1 + "-" + tel2 + "-" + tel3): null

2020-04-16 08:16:38 - [TEST_STEP][PASSED] - AutoEmail = selenium.getEval("{var x="ABCDEFGHIJKLMNOPQRSTUVWXYZabcdefghijklmnopqrstuvwxyz"; var tmp="test."; for (i=0;i<8;i++) tmp+=x.charAt(Math.ceil(51*Math.random()));tmp+="@suryani.cn";}"): null

2020-04-16 08:16:39 - [TEST_STEP][PASSED] - FirstName = FirstName: null

2020-04-16 08:16:39 - [TEST_STEP][PASSED] - LastName = LastName: null

2020-04-16 08:16:39 - [TEST_STEP][PASSED] - Address = Address: null

2020-04-16 08:16:39 - [TEST_STEP][PASSED] - City = City: null

2020-04-16 08:16:39 - [TEST_STEP][PASSED] - Tel = Tel: null

2020-04-16 08:16:39 - [TEST_STEP][PASSED] - AutoEmail = AutoEmail: null

2020-04-16 08:16:39 - [TEST_STEP][PASSED] - println(FirstName): null

2020-04-16 08:16:39 - [TEST_STEP][PASSED] - println(LastName): null

2020-04-16 08:16:39 - [TEST_STEP][PASSED] - println(Address): null

2020-04-16 08:16:39 - [TEST_STEP][PASSED] - println(City): null

2020-04-16 08:16:39 - [TEST_STEP][PASSED] - println(Tel): null

2020-04-16 08:16:39 - [TEST_STEP][PASSED] - println(AutoEmail): null

2020-04-16 08:16:39 - [MESSAGE][PASSED] - Call Test Case 'Test Cases/AHI/_include/name' successfully

2020-04-16 08:16:39 - [TEST_STEP][PASSED] - selenium.type("id=member-P-1-firstName", FirstName): null

2020-04-16 08:16:39 - [TEST_STEP][PASSED] - selenium.type("id=member-P-1-lastName", LastName): null

2020-04-16 08:16:39 - [TEST_STEP][PASSED] - selenium.type("id=address", Address): null

2020-04-16 08:16:40 - [TEST_STEP][PASSED] - selenium.type("id=city", City): null

2020-04-16 08:16:40 - [TEST_STEP][PASSED] - selenium.type("id=email", AutoEmail): null

2020-04-16 08:16:40 - [TEST_STEP][PASSED] - selenium.type("id=primaryPhone", Tel): null

2020-04-16 08:16:40 - [TEST_STEP][PASSED] - selenium.click("id=js-app-continue-link"): null

2020-04-16 08:16:41 - [TEST_STEP][PASSED] - for ([second = 0, second < 20, (second++)]): null

2020-04-16 08:16:41 - [TEST_STEP][PASSED] - try: null

2020-04-16 08:16:41 - [TEST_STEP][PASSED] - if (selenium.isElementPresent("xpath=(//*[@class='js-question js-app-page-medical-question-wrapper'])[1]/div/button[1]")): null

2020-04-16 08:16:41 - [TEST_STEP][PASSED] - Thread.sleep(1000): null

2020-04-16 08:16:42 - [TEST_STEP][PASSED] - try: null

2020-04-16 08:16:42 - [TEST_STEP][PASSED] - if (selenium.isElementPresent("xpath=(//*[@class='js-question js-app-page-medical-question-wrapper'])[1]/div/button[1]")): null

2020-04-16 08:16:42 - [TEST_STEP][PASSED] - break: null

2020-04-16 08:16:42 - [TEST_STEP][PASSED] - callTestCase(findTestCase("AHI/_include/get_screenshot"), [:], STOP_ON_FAILURE): Call Test Case 'Test Cases/AHI/_include/get_screenshot' successfully

2020-04-16 08:16:42 - [TEST_CASE][PASSED] - Test Cases/AHI/_include/get_screenshot: Test Cases/AHI/_include/get_screenshot

2020-04-16 08:16:42 - [TEST_STEP][PASSED] - Thread.sleep(1000): null

2020-04-16 08:16:43 - [TEST_STEP][PASSED] - takeScreenshot(screenPath + i + ".png"): Taking screenshot successfully

2020-04-16 08:16:43 - [MESSAGE][PASSED] - Taking screenshot successfully
[[ATTACHMENT|D:\\Test\\AgileTest\\Reports\\AHI\\ahi\\20200416_080045\\../Screenshots/iPhone 6/AHI/Cancer Insurance/20200416_081511/6.png]]

2020-04-16 08:16:43 - [TEST_STEP][PASSED] - (internal.GlobalVariable.i++): null

2020-04-16 08:16:43 - [MESSAGE][PASSED] - Call Test Case 'Test Cases/AHI/_include/get_screenshot' successfully

2020-04-16 08:16:43 - [TEST_STEP][PASSED] - for ([i = 1, i < 12, (i++)]): null

2020-04-16 08:16:43 - [TEST_STEP][PASSED] - selenium.click("xpath=(//*[@class='js-question js-app-page-medical-question-wrapper'])[" + i + "]/div/button[1]"): null

2020-04-16 08:16:44 - [TEST_STEP][PASSED] - selenium.click("xpath=(//*[@class='js-question js-app-page-medical-question-wrapper'])[" + i + "]/div/button[1]"): null

2020-04-16 08:16:45 - [TEST_STEP][PASSED] - selenium.click("xpath=(//*[@class='js-question js-app-page-medical-question-wrapper'])[" + i + "]/div/button[1]"): null

2020-04-16 08:16:45 - [TEST_STEP][PASSED] - selenium.click("xpath=(//*[@class='js-question js-app-page-medical-question-wrapper'])[" + i + "]/div/button[1]"): null

2020-04-16 08:16:46 - [TEST_STEP][PASSED] - selenium.click("xpath=(//*[@class='js-question js-app-page-medical-question-wrapper'])[" + i + "]/div/button[1]"): null

2020-04-16 08:16:46 - [TEST_STEP][PASSED] - selenium.click("xpath=(//*[@class='js-question js-app-page-medical-question-wrapper'])[" + i + "]/div/button[1]"): null

2020-04-16 08:16:47 - [TEST_STEP][PASSED] - selenium.click("xpath=(//*[@class='js-question js-app-page-medical-question-wrapper'])[" + i + "]/div/button[1]"): null

2020-04-16 08:16:48 - [TEST_STEP][PASSED] - selenium.click("xpath=(//*[@class='js-question js-app-page-medical-question-wrapper'])[" + i + "]/div/button[1]"): null

2020-04-16 08:16:48 - [TEST_STEP][PASSED] - selenium.click("xpath=(//*[@class='js-question js-app-page-medical-question-wrapper'])[" + i + "]/div/button[1]"): null

2020-04-16 08:16:49 - [TEST_STEP][PASSED] - selenium.click("xpath=(//*[@class='js-question js-app-page-medical-question-wrapper'])[" + i + "]/div/button[1]"): null

2020-04-16 08:16:49 - [TEST_STEP][PASSED] - selenium.click("xpath=(//*[@class='js-question js-app-page-medical-question-wrapper'])[" + i + "]/div/button[1]"): null

2020-04-16 08:16:50 - [TEST_STEP][PASSED] - selenium.click("id=js-app-continue-link"): null

2020-04-16 08:16:51 - [TEST_STEP][PASSED] - for ([second = 0, second < 20, (second++)]): null

2020-04-16 08:16:51 - [TEST_STEP][PASSED] - try: null

2020-04-16 08:16:51 - [TEST_STEP][PASSED] - if (selenium.isElementPresent("id=credit-card-number")): null

2020-04-16 08:16:51 - [TEST_STEP][PASSED] - break: null

2020-04-16 08:16:51 - [TEST_STEP][PASSED] - callTestCase(findTestCase("AHI/_include/get_screenshot"), [:], STOP_ON_FAILURE): Call Test Case 'Test Cases/AHI/_include/get_screenshot' successfully

2020-04-16 08:16:51 - [TEST_CASE][PASSED] - Test Cases/AHI/_include/get_screenshot: Test Cases/AHI/_include/get_screenshot

2020-04-16 08:16:51 - [TEST_STEP][PASSED] - Thread.sleep(1000): null

2020-04-16 08:16:52 - [TEST_STEP][PASSED] - takeScreenshot(screenPath + i + ".png"): Taking screenshot successfully

2020-04-16 08:16:53 - [MESSAGE][PASSED] - Taking screenshot successfully
[[ATTACHMENT|D:\\Test\\AgileTest\\Reports\\AHI\\ahi\\20200416_080045\\../Screenshots/iPhone 6/AHI/Cancer Insurance/20200416_081511/7.png]]

2020-04-16 08:16:53 - [TEST_STEP][PASSED] - (internal.GlobalVariable.i++): null

2020-04-16 08:16:53 - [MESSAGE][PASSED] - Call Test Case 'Test Cases/AHI/_include/get_screenshot' successfully

2020-04-16 08:16:53 - [TEST_STEP][PASSED] - selenium.type("id=credit-card-number", "4111123123123123"): null

2020-04-16 08:16:53 - [TEST_STEP][PASSED] - selenium.type("id=credit-card-first", "test"): null

2020-04-16 08:16:53 - [TEST_STEP][PASSED] - selenium.type("id=credit-card-last", "test"): null

2020-04-16 08:16:53 - [TEST_STEP][PASSED] - selenium.select("id=expiration-month", "12"): null

2020-04-16 08:16:53 - [TEST_STEP][PASSED] - selenium.select("id=expiration-year", "2026"): null

2020-04-16 08:16:54 - [TEST_STEP][PASSED] - selenium.type("id=credit-card-cvv", "123"): null

2020-04-16 08:16:54 - [TEST_STEP][PASSED] - selenium.type("id=credit-card-number", "4111123123123123"): null

2020-04-16 08:16:54 - [TEST_STEP][PASSED] - selenium.click("id=js-same-billing"): null

2020-04-16 08:16:54 - [TEST_STEP][PASSED] - selenium.click("id=credit-payment-authorization"): null

2020-04-16 08:16:57 - [TEST_STEP][PASSED] - selenium.click("id=js-app-continue-link"): null

2020-04-16 08:16:58 - [TEST_STEP][PASSED] - for ([second = 0, second < 20, (second++)]): null

2020-04-16 08:16:58 - [TEST_STEP][PASSED] - try: null

2020-04-16 08:16:58 - [TEST_STEP][PASSED] - if (selenium.isElementPresent("id=consent-checkbox-0")): null

2020-04-16 08:16:58 - [TEST_STEP][PASSED] - Thread.sleep(1000): null

2020-04-16 08:16:59 - [TEST_STEP][PASSED] - try: null

2020-04-16 08:16:59 - [TEST_STEP][PASSED] - if (selenium.isElementPresent("id=consent-checkbox-0")): null

2020-04-16 08:16:59 - [TEST_STEP][PASSED] - break: null

2020-04-16 08:16:59 - [TEST_STEP][PASSED] - callTestCase(findTestCase("AHI/_include/get_screenshot"), [:], STOP_ON_FAILURE): Call Test Case 'Test Cases/AHI/_include/get_screenshot' successfully

2020-04-16 08:16:59 - [TEST_CASE][PASSED] - Test Cases/AHI/_include/get_screenshot: Test Cases/AHI/_include/get_screenshot

2020-04-16 08:16:59 - [TEST_STEP][PASSED] - Thread.sleep(1000): null

2020-04-16 08:17:00 - [TEST_STEP][PASSED] - takeScreenshot(screenPath + i + ".png"): Taking screenshot successfully

2020-04-16 08:17:01 - [MESSAGE][PASSED] - Taking screenshot successfully
[[ATTACHMENT|D:\\Test\\AgileTest\\Reports\\AHI\\ahi\\20200416_080045\\../Screenshots/iPhone 6/AHI/Cancer Insurance/20200416_081511/8.png]]

2020-04-16 08:17:01 - [TEST_STEP][PASSED] - (internal.GlobalVariable.i++): null

2020-04-16 08:17:01 - [MESSAGE][PASSED] - Call Test Case 'Test Cases/AHI/_include/get_screenshot' successfully

2020-04-16 08:17:01 - [TEST_STEP][PASSED] - selenium.click("id=consent-checkbox-0"): null

2020-04-16 08:17:01 - [TEST_STEP][PASSED] - selenium.click("id=js-signature-tab"): null

2020-04-16 08:17:01 - [TEST_STEP][PASSED] - selenium.click("id=js-app-continue-link"): null

2020-04-16 08:17:02 - [TEST_STEP][PASSED] - for ([second = 0, second < 30, (second++)]): null

2020-04-16 08:17:02 - [TEST_STEP][PASSED] - try: null

2020-04-16 08:17:02 - [TEST_STEP][PASSED] - if (selenium.isElementPresent("xpath=//h2[contains(text(),'Thank You')]")): null

2020-04-16 08:17:02 - [TEST_STEP][PASSED] - Thread.sleep(1000): null

2020-04-16 08:17:03 - [TEST_STEP][PASSED] - try: null

2020-04-16 08:17:03 - [TEST_STEP][PASSED] - if (selenium.isElementPresent("xpath=//h2[contains(text(),'Thank You')]")): null

2020-04-16 08:17:03 - [TEST_STEP][PASSED] - Thread.sleep(1000): null

2020-04-16 08:17:04 - [TEST_STEP][PASSED] - try: null

2020-04-16 08:17:04 - [TEST_STEP][PASSED] - if (selenium.isElementPresent("xpath=//h2[contains(text(),'Thank You')]")): null

2020-04-16 08:17:04 - [TEST_STEP][PASSED] - Thread.sleep(1000): null

2020-04-16 08:17:05 - [TEST_STEP][PASSED] - try: null

2020-04-16 08:17:05 - [TEST_STEP][PASSED] - if (selenium.isElementPresent("xpath=//h2[contains(text(),'Thank You')]")): null

2020-04-16 08:17:05 - [TEST_STEP][PASSED] - Thread.sleep(1000): null

2020-04-16 08:17:06 - [TEST_STEP][PASSED] - try: null

2020-04-16 08:17:06 - [TEST_STEP][PASSED] - if (selenium.isElementPresent("xpath=//h2[contains(text(),'Thank You')]")): null

2020-04-16 08:17:06 - [TEST_STEP][PASSED] - Thread.sleep(1000): null

2020-04-16 08:17:07 - [TEST_STEP][PASSED] - try: null

2020-04-16 08:17:07 - [TEST_STEP][PASSED] - if (selenium.isElementPresent("xpath=//h2[contains(text(),'Thank You')]")): null

2020-04-16 08:17:07 - [TEST_STEP][PASSED] - Thread.sleep(1000): null

2020-04-16 08:17:08 - [TEST_STEP][PASSED] - try: null

2020-04-16 08:17:08 - [TEST_STEP][PASSED] - if (selenium.isElementPresent("xpath=//h2[contains(text(),'Thank You')]")): null

2020-04-16 08:17:08 - [TEST_STEP][PASSED] - Thread.sleep(1000): null

2020-04-16 08:17:09 - [TEST_STEP][PASSED] - try: null

2020-04-16 08:17:09 - [TEST_STEP][PASSED] - if (selenium.isElementPresent("xpath=//h2[contains(text(),'Thank You')]")): null

2020-04-16 08:17:09 - [TEST_STEP][PASSED] - Thread.sleep(1000): null

2020-04-16 08:17:10 - [TEST_STEP][PASSED] - try: null

2020-04-16 08:17:10 - [TEST_STEP][PASSED] - if (selenium.isElementPresent("xpath=//h2[contains(text(),'Thank You')]")): null

2020-04-16 08:17:10 - [TEST_STEP][PASSED] - Thread.sleep(1000): null

2020-04-16 08:17:11 - [TEST_STEP][PASSED] - try: null

2020-04-16 08:17:11 - [TEST_STEP][PASSED] - if (selenium.isElementPresent("xpath=//h2[contains(text(),'Thank You')]")): null

2020-04-16 08:17:11 - [TEST_STEP][PASSED] - Thread.sleep(1000): null

2020-04-16 08:17:12 - [TEST_STEP][PASSED] - try: null

2020-04-16 08:17:12 - [TEST_STEP][PASSED] - if (selenium.isElementPresent("xpath=//h2[contains(text(),'Thank You')]")): null

2020-04-16 08:17:12 - [TEST_STEP][PASSED] - Thread.sleep(1000): null

2020-04-16 08:17:13 - [TEST_STEP][PASSED] - try: null

2020-04-16 08:17:13 - [TEST_STEP][PASSED] - if (selenium.isElementPresent("xpath=//h2[contains(text(),'Thank You')]")): null

2020-04-16 08:17:13 - [TEST_STEP][PASSED] - Thread.sleep(1000): null

2020-04-16 08:17:14 - [TEST_STEP][PASSED] - try: null

2020-04-16 08:17:14 - [TEST_STEP][PASSED] - if (selenium.isElementPresent("xpath=//h2[contains(text(),'Thank You')]")): null

2020-04-16 08:17:14 - [TEST_STEP][PASSED] - Thread.sleep(1000): null

2020-04-16 08:17:15 - [TEST_STEP][PASSED] - try: null

2020-04-16 08:17:15 - [TEST_STEP][PASSED] - if (selenium.isElementPresent("xpath=//h2[contains(text(),'Thank You')]")): null

2020-04-16 08:17:15 - [TEST_STEP][PASSED] - break: null

2020-04-16 08:17:15 - [TEST_STEP][PASSED] - callTestCase(findTestCase("AHI/_include/get_screenshot"), [:], STOP_ON_FAILURE): Call Test Case 'Test Cases/AHI/_include/get_screenshot' successfully

2020-04-16 08:17:15 - [TEST_CASE][PASSED] - Test Cases/AHI/_include/get_screenshot: Test Cases/AHI/_include/get_screenshot

2020-04-16 08:17:15 - [TEST_STEP][PASSED] - Thread.sleep(1000): null

2020-04-16 08:17:16 - [TEST_STEP][PASSED] - takeScreenshot(screenPath + i + ".png"): Taking screenshot successfully

2020-04-16 08:17:17 - [MESSAGE][PASSED] - Taking screenshot successfully
[[ATTACHMENT|D:\\Test\\AgileTest\\Reports\\AHI\\ahi\\20200416_080045\\../Screenshots/iPhone 6/AHI/Cancer Insurance/20200416_081511/9.png]]

2020-04-16 08:17:17 - [TEST_STEP][PASSED] - (internal.GlobalVariable.i++): null

2020-04-16 08:17:17 - [MESSAGE][PASSED] - Call Test Case 'Test Cases/AHI/_include/get_screenshot' successfully]]></system-out>
         <system-err><![CDATA[]]></system-err>
      </testcase>
      <testcase name="Test Cases/AHI/NEW/Dental/National General" classname="Test Cases/AHI/NEW/Dental/National General" status="PASSED">
         <system-out><![CDATA[2020-04-16 08:17:17 - [TEST_CASE][PASSED] - Test Cases/AHI/NEW/Dental/National General: Test Cases/AHI/NEW/Dental/National General

2020-04-16 08:17:17 - [TEST_STEP][PASSED] - callTestCase(findTestCase("AHI/_include/get_screenPath"), ["productLine":"AHI", "carrierName":"Dental - National General"], CONTINUE_ON_FAILURE): Call Test Case 'Test Cases/AHI/_include/get_screenPath' successfully

2020-04-16 08:17:17 - [TEST_CASE][PASSED] - Test Cases/AHI/_include/get_screenPath: Test Cases/AHI/_include/get_screenPath

2020-04-16 08:17:17 - [TEST_STEP][PASSED] - m = getExecutionProperties(): null

2020-04-16 08:17:17 - [TEST_STEP][PASSED] - deviceName = get("mobileEmulation").get("deviceName"): null

2020-04-16 08:17:17 - [TEST_STEP][PASSED] - println(deviceName): null

2020-04-16 08:17:17 - [TEST_STEP][PASSED] - now = new java.util.Date(): null

2020-04-16 08:17:17 - [TEST_STEP][PASSED] - mydate = now.format("yyyyMMdd_HHmmss"): null

2020-04-16 08:17:17 - [TEST_STEP][PASSED] - screenPath = "../Screenshots/": null

2020-04-16 08:17:17 - [TEST_STEP][PASSED] - screenPath = screenPath + deviceName + "/" + productLine + "/" + carrierName + "/" + mydate + "/": null

2020-04-16 08:17:17 - [TEST_STEP][PASSED] - println(screenPath): null

2020-04-16 08:17:17 - [MESSAGE][PASSED] - Call Test Case 'Test Cases/AHI/_include/get_screenPath' successfully

2020-04-16 08:17:17 - [TEST_STEP][PASSED] - i = 0: null

2020-04-16 08:17:17 - [TEST_STEP][PASSED] - callTestCase(findTestCase("AHI/_include/openWebSite"), [:], STOP_ON_FAILURE): Call Test Case 'Test Cases/AHI/_include/openWebSite' successfully

2020-04-16 08:17:17 - [TEST_CASE][PASSED] - Test Cases/AHI/_include/openWebSite: Test Cases/AHI/_include/openWebSite

2020-04-16 08:17:17 - [TEST_STEP][PASSED] - openBrowser(env): Browser is opened with url: 'https://praetemptatus.agilehealthinsurance.com'

2020-04-16 08:17:17 - [MESSAGE][WARNING] - A browser is already opened. Closing browser and opening a new one

2020-04-16 08:17:18 - [MESSAGE][INFO] - Starting 'Chrome' driver

2020-04-16 08:17:18 - [MESSAGE][INFO] - User set preference: ['mobileEmulation', '{deviceName=iPhone 6}']

2020-04-16 08:17:18 - [MESSAGE][INFO] - User set preference: ['args', '[--incognito, --aggressive-cache-discard, --window-size=375,677, --no-sandbox, --ignore-certificate-errors]']

2020-04-16 08:17:33 - [MESSAGE][PASSED] - Browser is opened with url: 'https://praetemptatus.agilehealthinsurance.com'

2020-04-16 08:17:33 - [TEST_STEP][PASSED] - waitForPageLoad(20): Wait for page load successfully

2020-04-16 08:17:33 - [MESSAGE][PASSED] - Wait for page load successfully

2020-04-16 08:17:33 - [TEST_STEP][PASSED] - callTestCase(findTestCase("AHI/_include/get_screenshot"), [:], STOP_ON_FAILURE): Call Test Case 'Test Cases/AHI/_include/get_screenshot' successfully

2020-04-16 08:17:33 - [TEST_CASE][PASSED] - Test Cases/AHI/_include/get_screenshot: Test Cases/AHI/_include/get_screenshot

2020-04-16 08:17:33 - [TEST_STEP][PASSED] - Thread.sleep(1000): null

2020-04-16 08:17:34 - [TEST_STEP][PASSED] - takeScreenshot(screenPath + i + ".png"): Taking screenshot successfully

2020-04-16 08:17:35 - [MESSAGE][PASSED] - Taking screenshot successfully
[[ATTACHMENT|D:\\Test\\AgileTest\\Reports\\AHI\\ahi\\20200416_080045\\../Screenshots/iPhone 6/AHI/Dental - National General/20200416_081717/0.png]]

2020-04-16 08:17:35 - [TEST_STEP][PASSED] - (internal.GlobalVariable.i++): null

2020-04-16 08:17:35 - [MESSAGE][PASSED] - Call Test Case 'Test Cases/AHI/_include/get_screenshot' successfully

2020-04-16 08:17:35 - [MESSAGE][PASSED] - Call Test Case 'Test Cases/AHI/_include/openWebSite' successfully

2020-04-16 08:17:35 - [TEST_STEP][PASSED] - driver = getWebDriver(): null

2020-04-16 08:17:35 - [TEST_STEP][PASSED] - baseUrl = ENV: null

2020-04-16 08:17:35 - [TEST_STEP][PASSED] - selenium = new com.thoughtworks.selenium.webdriven.WebDriverBackedSelenium(driver, baseUrl): null

2020-04-16 08:17:35 - [TEST_STEP][PASSED] - selenium.click("//*[@class='filter-option-inner-inner']"): null

2020-04-16 08:17:35 - [TEST_STEP][PASSED] - selenium.click("id=bs-select-1-2"): null

2020-04-16 08:17:35 - [TEST_STEP][PASSED] - selenium.click("id=primaryCTA"): null

2020-04-16 08:17:43 - [TEST_STEP][PASSED] - for ([second = 0, second < 20, (second++)]): null

2020-04-16 08:17:43 - [TEST_STEP][PASSED] - try: null

2020-04-16 08:17:43 - [TEST_STEP][PASSED] - if (selenium.isElementPresent("id=zip-input")): null

2020-04-16 08:17:43 - [TEST_STEP][PASSED] - break: null

2020-04-16 08:17:43 - [TEST_STEP][PASSED] - callTestCase(findTestCase("AHI/_include/get_screenshot"), [:], STOP_ON_FAILURE): Call Test Case 'Test Cases/AHI/_include/get_screenshot' successfully

2020-04-16 08:17:43 - [TEST_CASE][PASSED] - Test Cases/AHI/_include/get_screenshot: Test Cases/AHI/_include/get_screenshot

2020-04-16 08:17:43 - [TEST_STEP][PASSED] - Thread.sleep(1000): null

2020-04-16 08:17:44 - [TEST_STEP][PASSED] - takeScreenshot(screenPath + i + ".png"): Taking screenshot successfully

2020-04-16 08:17:44 - [MESSAGE][PASSED] - Taking screenshot successfully
[[ATTACHMENT|D:\\Test\\AgileTest\\Reports\\AHI\\ahi\\20200416_080045\\../Screenshots/iPhone 6/AHI/Dental - National General/20200416_081717/1.png]]

2020-04-16 08:17:44 - [TEST_STEP][PASSED] - (internal.GlobalVariable.i++): null

2020-04-16 08:17:44 - [MESSAGE][PASSED] - Call Test Case 'Test Cases/AHI/_include/get_screenshot' successfully

2020-04-16 08:17:44 - [TEST_STEP][PASSED] - setText(findTestObject("mobileSanity/Dental/census/input_Location_zip-input"), "35215"): Text '35215' is set on object 'Object Repository/mobileSanity/Dental/census/input_Location_zip-input'

2020-04-16 08:17:45 - [MESSAGE][PASSED] - Text '35215' is set on object 'Object Repository/mobileSanity/Dental/census/input_Location_zip-input'

2020-04-16 08:17:45 - [TEST_STEP][PASSED] - setText(findTestObject("mobileSanity/Dental/census/input_Date of Birth_dob-0"), "12121980"): Text '12121980' is set on object 'Object Repository/mobileSanity/Dental/census/input_Date of Birth_dob-0'

2020-04-16 08:17:45 - [MESSAGE][PASSED] - Text '12121980' is set on object 'Object Repository/mobileSanity/Dental/census/input_Date of Birth_dob-0'

2020-04-16 08:17:45 - [TEST_STEP][PASSED] - click(findTestObject("mobileSanity/Dental/census/label_Male")): Object: 'Object Repository/mobileSanity/Dental/census/label_Male' is clicked on

2020-04-16 08:17:45 - [MESSAGE][PASSED] - Object: 'Object Repository/mobileSanity/Dental/census/label_Male' is clicked on

2020-04-16 08:17:45 - [TEST_STEP][PASSED] - selenium.click("id=js-see-plans"): null

2020-04-16 08:17:55 - [TEST_STEP][PASSED] - for ([second = 0, second < 20, (second++)]): null

2020-04-16 08:17:55 - [TEST_STEP][PASSED] - try: null

2020-04-16 08:17:55 - [TEST_STEP][PASSED] - if (selenium.isElementPresent("id=js-quote-header")): null

2020-04-16 08:17:58 - [TEST_STEP][PASSED] - break: null

2020-04-16 08:17:58 - [TEST_STEP][PASSED] - callTestCase(findTestCase("AHI/_include/get_screenshot"), [:], STOP_ON_FAILURE): Call Test Case 'Test Cases/AHI/_include/get_screenshot' successfully

2020-04-16 08:17:58 - [TEST_CASE][PASSED] - Test Cases/AHI/_include/get_screenshot: Test Cases/AHI/_include/get_screenshot

2020-04-16 08:17:58 - [TEST_STEP][PASSED] - Thread.sleep(1000): null

2020-04-16 08:17:59 - [TEST_STEP][PASSED] - takeScreenshot(screenPath + i + ".png"): Taking screenshot successfully

2020-04-16 08:18:00 - [MESSAGE][PASSED] - Taking screenshot successfully
[[ATTACHMENT|D:\\Test\\AgileTest\\Reports\\AHI\\ahi\\20200416_080045\\../Screenshots/iPhone 6/AHI/Dental - National General/20200416_081717/2.png]]

2020-04-16 08:18:00 - [TEST_STEP][PASSED] - (internal.GlobalVariable.i++): null

2020-04-16 08:18:00 - [MESSAGE][PASSED] - Call Test Case 'Test Cases/AHI/_include/get_screenshot' successfully

2020-04-16 08:18:00 - [TEST_STEP][PASSED] - click(findTestObject("mobileSanity/Dental/filter/btn_filter")): Object: 'Object Repository/mobileSanity/Dental/filter/btn_filter' is clicked on

2020-04-16 08:18:00 - [MESSAGE][PASSED] - Object: 'Object Repository/mobileSanity/Dental/filter/btn_filter' is clicked on

2020-04-16 08:18:00 - [TEST_STEP][PASSED] - waitForElementVisible(findTestObject("mobileSanity/Dental/filter/btn_company"), 10): Object 'Object Repository/mobileSanity/Dental/filter/btn_company' is visible

2020-04-16 08:18:00 - [MESSAGE][PASSED] - Object 'Object Repository/mobileSanity/Dental/filter/btn_company' is visible

2020-04-16 08:18:00 - [TEST_STEP][PASSED] - click(findTestObject("mobileSanity/Dental/filter/btn_company")): Object: 'Object Repository/mobileSanity/Dental/filter/btn_company' is clicked on

2020-04-16 08:18:00 - [MESSAGE][PASSED] - Object: 'Object Repository/mobileSanity/Dental/filter/btn_company' is clicked on

2020-04-16 08:18:00 - [TEST_STEP][PASSED] - Thread.sleep(2000): null

2020-04-16 08:18:02 - [TEST_STEP][PASSED] - click(findTestObject("mobileSanity/Dental/filter/btn_ng")): Object: 'Object Repository/mobileSanity/Dental/filter/btn_ng' is clicked on

2020-04-16 08:18:02 - [MESSAGE][PASSED] - Object: 'Object Repository/mobileSanity/Dental/filter/btn_ng' is clicked on

2020-04-16 08:18:02 - [TEST_STEP][PASSED] - waitForJQueryLoad(20, STOP_ON_FAILURE): jQuery is ready.

2020-04-16 08:18:03 - [MESSAGE][PASSED] - jQuery is ready.

2020-04-16 08:18:03 - [TEST_STEP][PASSED] - callTestCase(findTestCase("AHI/_include/get_screenshot"), [:], STOP_ON_FAILURE): Call Test Case 'Test Cases/AHI/_include/get_screenshot' successfully

2020-04-16 08:18:03 - [TEST_CASE][PASSED] - Test Cases/AHI/_include/get_screenshot: Test Cases/AHI/_include/get_screenshot

2020-04-16 08:18:03 - [TEST_STEP][PASSED] - Thread.sleep(1000): null

2020-04-16 08:18:04 - [TEST_STEP][PASSED] - takeScreenshot(screenPath + i + ".png"): Taking screenshot successfully

2020-04-16 08:18:05 - [MESSAGE][PASSED] - Taking screenshot successfully
[[ATTACHMENT|D:\\Test\\AgileTest\\Reports\\AHI\\ahi\\20200416_080045\\../Screenshots/iPhone 6/AHI/Dental - National General/20200416_081717/3.png]]

2020-04-16 08:18:05 - [TEST_STEP][PASSED] - (internal.GlobalVariable.i++): null

2020-04-16 08:18:05 - [MESSAGE][PASSED] - Call Test Case 'Test Cases/AHI/_include/get_screenshot' successfully

2020-04-16 08:18:05 - [TEST_STEP][PASSED] - click(findTestObject("mobileSanity/Dental/filter/btn_filter")): Object: 'Object Repository/mobileSanity/Dental/filter/btn_filter' is clicked on

2020-04-16 08:18:05 - [MESSAGE][PASSED] - Object: 'Object Repository/mobileSanity/Dental/filter/btn_filter' is clicked on

2020-04-16 08:18:05 - [TEST_STEP][PASSED] - Thread.sleep(2000): null

2020-04-16 08:18:07 - [TEST_STEP][PASSED] - scrollToPosition(0, 600): Browser is scrolled to position x = 0, y = 600

2020-04-16 08:18:07 - [MESSAGE][PASSED] - Browser is scrolled to position x = 0, y = 600

2020-04-16 08:18:07 - [TEST_STEP][PASSED] - Thread.sleep(2000): null

2020-04-16 08:18:09 - [TEST_STEP][PASSED] - click(findTestObject("mobileSanity/Dental/quote/a_Select This Plan")): Object: 'Object Repository/mobileSanity/Dental/quote/a_Select This Plan' is clicked on

2020-04-16 08:18:11 - [MESSAGE][PASSED] - Object: 'Object Repository/mobileSanity/Dental/quote/a_Select This Plan' is clicked on

2020-04-16 08:18:11 - [TEST_STEP][PASSED] - waitForPageLoad(10): Wait for page load successfully

2020-04-16 08:18:11 - [MESSAGE][PASSED] - Wait for page load successfully

2020-04-16 08:18:11 - [TEST_STEP][PASSED] - callTestCase(findTestCase("AHI/_include/get_screenshot"), [:], STOP_ON_FAILURE): Call Test Case 'Test Cases/AHI/_include/get_screenshot' successfully

2020-04-16 08:18:11 - [TEST_CASE][PASSED] - Test Cases/AHI/_include/get_screenshot: Test Cases/AHI/_include/get_screenshot

2020-04-16 08:18:11 - [TEST_STEP][PASSED] - Thread.sleep(1000): null

2020-04-16 08:18:12 - [TEST_STEP][PASSED] - takeScreenshot(screenPath + i + ".png"): Taking screenshot successfully

2020-04-16 08:18:13 - [MESSAGE][PASSED] - Taking screenshot successfully
[[ATTACHMENT|D:\\Test\\AgileTest\\Reports\\AHI\\ahi\\20200416_080045\\../Screenshots/iPhone 6/AHI/Dental - National General/20200416_081717/4.png]]

2020-04-16 08:18:13 - [TEST_STEP][PASSED] - (internal.GlobalVariable.i++): null

2020-04-16 08:18:13 - [MESSAGE][PASSED] - Call Test Case 'Test Cases/AHI/_include/get_screenshot' successfully

2020-04-16 08:18:13 - [TEST_STEP][PASSED] - Thread.sleep(3000): null

2020-04-16 08:18:16 - [TEST_STEP][PASSED] - click(findTestObject("mobileSanity/Dental/apply/span_Start Secure Application")): Object: 'Object Repository/mobileSanity/Dental/apply/span_Start Secure Application' is clicked on

2020-04-16 08:18:17 - [MESSAGE][PASSED] - Object: 'Object Repository/mobileSanity/Dental/apply/span_Start Secure Application' is clicked on

2020-04-16 08:18:17 - [TEST_STEP][PASSED] - for ([second = 0, second < 20, (second++)]): null

2020-04-16 08:18:17 - [TEST_STEP][PASSED] - try: null

2020-04-16 08:18:17 - [TEST_STEP][PASSED] - if (selenium.isElementPresent("id=member-P-1-firstName")): null

2020-04-16 08:18:18 - [TEST_STEP][PASSED] - break: null

2020-04-16 08:18:18 - [TEST_STEP][PASSED] - callTestCase(findTestCase("AHI/_include/get_screenshot"), [:], STOP_ON_FAILURE): Call Test Case 'Test Cases/AHI/_include/get_screenshot' successfully

2020-04-16 08:18:18 - [TEST_CASE][PASSED] - Test Cases/AHI/_include/get_screenshot: Test Cases/AHI/_include/get_screenshot

2020-04-16 08:18:18 - [TEST_STEP][PASSED] - Thread.sleep(1000): null

2020-04-16 08:18:19 - [TEST_STEP][PASSED] - takeScreenshot(screenPath + i + ".png"): Taking screenshot successfully

2020-04-16 08:18:20 - [MESSAGE][PASSED] - Taking screenshot successfully
[[ATTACHMENT|D:\\Test\\AgileTest\\Reports\\AHI\\ahi\\20200416_080045\\../Screenshots/iPhone 6/AHI/Dental - National General/20200416_081717/5.png]]

2020-04-16 08:18:20 - [TEST_STEP][PASSED] - (internal.GlobalVariable.i++): null

2020-04-16 08:18:20 - [MESSAGE][PASSED] - Call Test Case 'Test Cases/AHI/_include/get_screenshot' successfully

2020-04-16 08:18:20 - [TEST_STEP][PASSED] - callTestCase(findTestCase("AHI/_include/name"), [:], CONTINUE_ON_FAILURE): Call Test Case 'Test Cases/AHI/_include/name' successfully

2020-04-16 08:18:20 - [TEST_CASE][PASSED] - Test Cases/AHI/_include/name: Test Cases/AHI/_include/name

2020-04-16 08:18:20 - [TEST_STEP][PASSED] - driver = getWebDriver(): null

2020-04-16 08:18:20 - [TEST_STEP][PASSED] - selenium = new com.thoughtworks.selenium.webdriven.WebDriverBackedSelenium(driver, internal.GlobalVariable.ENV): null

2020-04-16 08:18:20 - [TEST_STEP][PASSED] - FirstName = "Test-123": null

2020-04-16 08:18:20 - [TEST_STEP][PASSED] - LastName = selenium.getEval("{var x="ABCDEFGHIJKLMNOPQRSTUVWXYZabcdefghijklmnopqrstuvwxyz"; var tmp="ZZ11-"; for (i=0;i<8;i++) tmp+=x.charAt(Math.ceil(51*Math.random()));tmp;}"): null

2020-04-16 08:18:20 - [TEST_STEP][PASSED] - Address = selenium.getEval("{var x="ABCDEFGHIJKLMNOPQRSTUVWXYZabcdefghijklmnopqrstuvwxyz"; var tmp=""; for (i=0;i<8;i++) tmp+=x.charAt(Math.ceil(51*Math.random()));tmp;}"): null

2020-04-16 08:18:20 - [TEST_STEP][PASSED] - City = selenium.getEval("{var x="ABCDEFGHIJKLMNOPQRSTUVWXYZabcdefghijklmnopqrstuvwxyz"; var tmp=""; for (i=0;i<8;i++) tmp+=x.charAt(Math.ceil(51*Math.random()));tmp;}"): null

2020-04-16 08:18:20 - [TEST_STEP][PASSED] - tel1 = selenium.getEval("{var x="123456789"; var tmp=""; for (i=0;i<3;i++) tmp+=x.charAt(Math.ceil(8*Math.random()));tmp;}"): null

2020-04-16 08:18:20 - [TEST_STEP][PASSED] - tel2 = selenium.getEval("{var x="123456789"; var tmp=""; for (i=0;i<3;i++) tmp+=x.charAt(Math.ceil(8*Math.random()));tmp;}"): null

2020-04-16 08:18:20 - [TEST_STEP][PASSED] - tel3 = selenium.getEval("{var x="123456789"; var tmp=""; for (i=0;i<4;i++) tmp+=x.charAt(Math.ceil(8*Math.random()));tmp;}"): null

2020-04-16 08:18:20 - [TEST_STEP][PASSED] - Tel = selenium.getExpression(tel1 + "-" + tel2 + "-" + tel3): null

2020-04-16 08:18:20 - [TEST_STEP][PASSED] - AutoEmail = selenium.getEval("{var x="ABCDEFGHIJKLMNOPQRSTUVWXYZabcdefghijklmnopqrstuvwxyz"; var tmp="test."; for (i=0;i<8;i++) tmp+=x.charAt(Math.ceil(51*Math.random()));tmp+="@suryani.cn";}"): null

2020-04-16 08:18:20 - [TEST_STEP][PASSED] - FirstName = FirstName: null

2020-04-16 08:18:20 - [TEST_STEP][PASSED] - LastName = LastName: null

2020-04-16 08:18:20 - [TEST_STEP][PASSED] - Address = Address: null

2020-04-16 08:18:20 - [TEST_STEP][PASSED] - City = City: null

2020-04-16 08:18:20 - [TEST_STEP][PASSED] - Tel = Tel: null

2020-04-16 08:18:20 - [TEST_STEP][PASSED] - AutoEmail = AutoEmail: null

2020-04-16 08:18:20 - [TEST_STEP][PASSED] - println(FirstName): null

2020-04-16 08:18:20 - [TEST_STEP][PASSED] - println(LastName): null

2020-04-16 08:18:20 - [TEST_STEP][PASSED] - println(Address): null

2020-04-16 08:18:20 - [TEST_STEP][PASSED] - println(City): null

2020-04-16 08:18:20 - [TEST_STEP][PASSED] - println(Tel): null

2020-04-16 08:18:20 - [TEST_STEP][PASSED] - println(AutoEmail): null

2020-04-16 08:18:20 - [MESSAGE][PASSED] - Call Test Case 'Test Cases/AHI/_include/name' successfully

2020-04-16 08:18:20 - [TEST_STEP][PASSED] - Thread.sleep(3000): null

2020-04-16 08:18:23 - [TEST_STEP][PASSED] - setText(findTestObject("mobileSanity/Dental/app_page1/input__member-P-1-firstName"), FirstName): Text 'Test-123' is set on object 'Object Repository/mobileSanity/Dental/app_page1/input__member-P-1-firstName'

2020-04-16 08:18:23 - [MESSAGE][PASSED] - Text 'Test-123' is set on object 'Object Repository/mobileSanity/Dental/app_page1/input__member-P-1-firstName'

2020-04-16 08:18:23 - [TEST_STEP][PASSED] - setText(findTestObject("mobileSanity/Dental/app_page1/input__member-P-1-lastName"), LastName): Text 'ZZ11-WgOVElBw' is set on object 'Object Repository/mobileSanity/Dental/app_page1/input__member-P-1-lastName'

2020-04-16 08:18:24 - [MESSAGE][PASSED] - Text 'ZZ11-WgOVElBw' is set on object 'Object Repository/mobileSanity/Dental/app_page1/input__member-P-1-lastName'

2020-04-16 08:18:24 - [TEST_STEP][PASSED] - setText(findTestObject("mobileSanity/Dental/app_page1/input__address"), Address): Text 'qUNKIQZE' is set on object 'Object Repository/mobileSanity/Dental/app_page1/input__address'

2020-04-16 08:18:24 - [MESSAGE][PASSED] - Text 'qUNKIQZE' is set on object 'Object Repository/mobileSanity/Dental/app_page1/input__address'

2020-04-16 08:18:24 - [TEST_STEP][PASSED] - setText(findTestObject("mobileSanity/Dental/app_page1/input__city"), City): Text 'JEyyBeIS' is set on object 'Object Repository/mobileSanity/Dental/app_page1/input__city'

2020-04-16 08:18:24 - [MESSAGE][PASSED] - Text 'JEyyBeIS' is set on object 'Object Repository/mobileSanity/Dental/app_page1/input__city'

2020-04-16 08:18:24 - [TEST_STEP][PASSED] - setText(findTestObject("mobileSanity/Dental/app_page1/input__email"), AutoEmail): Text 'test.iccQbwYE@suryani.cn' is set on object 'Object Repository/mobileSanity/Dental/app_page1/input__email'

2020-04-16 08:18:26 - [MESSAGE][PASSED] - Text 'test.iccQbwYE@suryani.cn' is set on object 'Object Repository/mobileSanity/Dental/app_page1/input__email'

2020-04-16 08:18:26 - [TEST_STEP][PASSED] - setText(findTestObject("mobileSanity/Dental/app_page1/input_phone"), Tel): Text '472-528-4974' is set on object 'Object Repository/mobileSanity/Dental/app_page1/input_phone'

2020-04-16 08:18:27 - [MESSAGE][PASSED] - Text '472-528-4974' is set on object 'Object Repository/mobileSanity/Dental/app_page1/input_phone'

2020-04-16 08:18:27 - [TEST_STEP][PASSED] - click(findTestObject("mobileSanity/Dental/app_page1/a_Continue to Step 2 - Payment")): Object: 'Object Repository/mobileSanity/Dental/app_page1/a_Continue to Step 2 - Payment' is clicked on

2020-04-16 08:18:28 - [MESSAGE][PASSED] - Object: 'Object Repository/mobileSanity/Dental/app_page1/a_Continue to Step 2 - Payment' is clicked on

2020-04-16 08:18:28 - [TEST_STEP][PASSED] - for ([second = 0, second < 20, (second++)]): null

2020-04-16 08:18:28 - [TEST_STEP][PASSED] - try: null

2020-04-16 08:18:28 - [TEST_STEP][PASSED] - if (selenium.isElementPresent("id=credit-card-number")): null

2020-04-16 08:18:28 - [TEST_STEP][PASSED] - break: null

2020-04-16 08:18:28 - [TEST_STEP][PASSED] - callTestCase(findTestCase("AHI/_include/get_screenshot"), [:], STOP_ON_FAILURE): Call Test Case 'Test Cases/AHI/_include/get_screenshot' successfully

2020-04-16 08:18:28 - [TEST_CASE][PASSED] - Test Cases/AHI/_include/get_screenshot: Test Cases/AHI/_include/get_screenshot

2020-04-16 08:18:28 - [TEST_STEP][PASSED] - Thread.sleep(1000): null

2020-04-16 08:18:29 - [TEST_STEP][PASSED] - takeScreenshot(screenPath + i + ".png"): Taking screenshot successfully

2020-04-16 08:18:30 - [MESSAGE][PASSED] - Taking screenshot successfully
[[ATTACHMENT|D:\\Test\\AgileTest\\Reports\\AHI\\ahi\\20200416_080045\\../Screenshots/iPhone 6/AHI/Dental - National General/20200416_081717/6.png]]

2020-04-16 08:18:30 - [TEST_STEP][PASSED] - (internal.GlobalVariable.i++): null

2020-04-16 08:18:30 - [MESSAGE][PASSED] - Call Test Case 'Test Cases/AHI/_include/get_screenshot' successfully

2020-04-16 08:18:30 - [TEST_STEP][PASSED] - setText(findTestObject("mobileSanity/Dental/app_page2/input__credit-card-first"), FirstName): Text 'Test-123' is set on object 'Object Repository/mobileSanity/Dental/app_page2/input__credit-card-first'

2020-04-16 08:18:30 - [MESSAGE][PASSED] - Text 'Test-123' is set on object 'Object Repository/mobileSanity/Dental/app_page2/input__credit-card-first'

2020-04-16 08:18:30 - [TEST_STEP][PASSED] - setText(findTestObject("mobileSanity/Dental/app_page2/input__credit-card-last"), LastName): Text 'ZZ11-WgOVElBw' is set on object 'Object Repository/mobileSanity/Dental/app_page2/input__credit-card-last'

2020-04-16 08:18:30 - [MESSAGE][PASSED] - Text 'ZZ11-WgOVElBw' is set on object 'Object Repository/mobileSanity/Dental/app_page2/input__credit-card-last'

2020-04-16 08:18:30 - [TEST_STEP][PASSED] - selectOptionByValue(findTestObject("mobileSanity/Dental/app_page2/select_MM010203040506070809101"), "12", true): All options with value '12' are selected in object 'Object Repository/mobileSanity/Dental/app_page2/select_MM010203040506070809101'  using regular expression

2020-04-16 08:18:31 - [MESSAGE][PASSED] - All options with value '12' are selected in object 'Object Repository/mobileSanity/Dental/app_page2/select_MM010203040506070809101'  using regular expression

2020-04-16 08:18:31 - [TEST_STEP][PASSED] - selectOptionByValue(findTestObject("mobileSanity/Dental/app_page2/select_YYYY2019202020212022202"), "2026", true): All options with value '2026' are selected in object 'Object Repository/mobileSanity/Dental/app_page2/select_YYYY2019202020212022202'  using regular expression

2020-04-16 08:18:31 - [MESSAGE][PASSED] - All options with value '2026' are selected in object 'Object Repository/mobileSanity/Dental/app_page2/select_YYYY2019202020212022202'  using regular expression

2020-04-16 08:18:31 - [TEST_STEP][PASSED] - setText(findTestObject("mobileSanity/Dental/app_page2/input__credit-card-number"), "4111111111111111"): Text '4111111111111111' is set on object 'Object Repository/mobileSanity/Dental/app_page2/input__credit-card-number'

2020-04-16 08:18:32 - [MESSAGE][PASSED] - Text '4111111111111111' is set on object 'Object Repository/mobileSanity/Dental/app_page2/input__credit-card-number'

2020-04-16 08:18:32 - [TEST_STEP][PASSED] - setText(findTestObject("mobileSanity/Dental/app_page2/input__cvv"), "123"): Text '123' is set on object 'Object Repository/mobileSanity/Dental/app_page2/input__cvv'

2020-04-16 08:18:32 - [MESSAGE][PASSED] - Text '123' is set on object 'Object Repository/mobileSanity/Dental/app_page2/input__cvv'

2020-04-16 08:18:32 - [TEST_STEP][PASSED] - click(findTestObject("mobileSanity/Dental/app_page2/label_My billing address is th")): Object: 'Object Repository/mobileSanity/Dental/app_page2/label_My billing address is th' is clicked on

2020-04-16 08:18:32 - [MESSAGE][PASSED] - Object: 'Object Repository/mobileSanity/Dental/app_page2/label_My billing address is th' is clicked on

2020-04-16 08:18:32 - [TEST_STEP][PASSED] - click(findTestObject("mobileSanity/Dental/app_page2/label_I Accept Authorization f")): Object: 'Object Repository/mobileSanity/Dental/app_page2/label_I Accept Authorization f' is clicked on

2020-04-16 08:18:32 - [MESSAGE][PASSED] - Object: 'Object Repository/mobileSanity/Dental/app_page2/label_I Accept Authorization f' is clicked on

2020-04-16 08:18:32 - [TEST_STEP][PASSED] - click(findTestObject("mobileSanity/Dental/app_page2/a_Continue to Step 3 - Review")): Object: 'Object Repository/mobileSanity/Dental/app_page2/a_Continue to Step 3 - Review' is clicked on

2020-04-16 08:18:32 - [MESSAGE][PASSED] - Object: 'Object Repository/mobileSanity/Dental/app_page2/a_Continue to Step 3 - Review' is clicked on

2020-04-16 08:18:32 - [TEST_STEP][PASSED] - for ([second = 0, second < 20, (second++)]): null

2020-04-16 08:18:32 - [TEST_STEP][PASSED] - try: null

2020-04-16 08:18:32 - [TEST_STEP][PASSED] - if (selenium.isElementPresent("id=consent-checkbox-0")): null

2020-04-16 08:18:33 - [TEST_STEP][PASSED] - Thread.sleep(1000): null

2020-04-16 08:18:34 - [TEST_STEP][PASSED] - try: null

2020-04-16 08:18:34 - [TEST_STEP][PASSED] - if (selenium.isElementPresent("id=consent-checkbox-0")): null

2020-04-16 08:18:34 - [TEST_STEP][PASSED] - break: null

2020-04-16 08:18:34 - [TEST_STEP][PASSED] - waitForElementClickable(findTestObject("mobileSanity/Dental/app_page3/label"), 20): Object 'Object Repository/mobileSanity/Dental/app_page3/label' is clickable

2020-04-16 08:18:34 - [MESSAGE][PASSED] - Object 'Object Repository/mobileSanity/Dental/app_page3/label' is clickable

2020-04-16 08:18:34 - [TEST_STEP][PASSED] - callTestCase(findTestCase("AHI/_include/get_screenshot"), [:], STOP_ON_FAILURE): Call Test Case 'Test Cases/AHI/_include/get_screenshot' successfully

2020-04-16 08:18:34 - [TEST_CASE][PASSED] - Test Cases/AHI/_include/get_screenshot: Test Cases/AHI/_include/get_screenshot

2020-04-16 08:18:34 - [TEST_STEP][PASSED] - Thread.sleep(1000): null

2020-04-16 08:18:35 - [TEST_STEP][PASSED] - takeScreenshot(screenPath + i + ".png"): Taking screenshot successfully

2020-04-16 08:18:35 - [MESSAGE][PASSED] - Taking screenshot successfully
[[ATTACHMENT|D:\\Test\\AgileTest\\Reports\\AHI\\ahi\\20200416_080045\\../Screenshots/iPhone 6/AHI/Dental - National General/20200416_081717/7.png]]

2020-04-16 08:18:35 - [TEST_STEP][PASSED] - (internal.GlobalVariable.i++): null

2020-04-16 08:18:35 - [MESSAGE][PASSED] - Call Test Case 'Test Cases/AHI/_include/get_screenshot' successfully

2020-04-16 08:18:35 - [TEST_STEP][PASSED] - click(findTestObject("mobileSanity/Dental/app_page3/label")): Object: 'Object Repository/mobileSanity/Dental/app_page3/label' is clicked on

2020-04-16 08:18:35 - [MESSAGE][PASSED] - Object: 'Object Repository/mobileSanity/Dental/app_page3/label' is clicked on

2020-04-16 08:18:35 - [TEST_STEP][PASSED] - click(findTestObject("mobileSanity/Dental/app_page3/p_CLICK TO SIGN")): Object: 'Object Repository/mobileSanity/Dental/app_page3/p_CLICK TO SIGN' is clicked on

2020-04-16 08:18:36 - [MESSAGE][PASSED] - Object: 'Object Repository/mobileSanity/Dental/app_page3/p_CLICK TO SIGN' is clicked on

2020-04-16 08:18:36 - [TEST_STEP][PASSED] - click(findTestObject("mobileSanity/Dental/app_page3/a_Submit Your Application")): Object: 'Object Repository/mobileSanity/Dental/app_page3/a_Submit Your Application' is clicked on

2020-04-16 08:18:36 - [MESSAGE][PASSED] - Object: 'Object Repository/mobileSanity/Dental/app_page3/a_Submit Your Application' is clicked on

2020-04-16 08:18:36 - [TEST_STEP][PASSED] - for ([second = 0, second < 30, (second++)]): null

2020-04-16 08:18:36 - [TEST_STEP][PASSED] - try: null

2020-04-16 08:18:36 - [TEST_STEP][PASSED] - if (selenium.isElementPresent("id=app-confirmation")): null

2020-04-16 08:18:36 - [TEST_STEP][PASSED] - Thread.sleep(1000): null

2020-04-16 08:18:37 - [TEST_STEP][PASSED] - try: null

2020-04-16 08:18:37 - [TEST_STEP][PASSED] - if (selenium.isElementPresent("id=app-confirmation")): null

2020-04-16 08:18:37 - [TEST_STEP][PASSED] - Thread.sleep(1000): null

2020-04-16 08:18:38 - [TEST_STEP][PASSED] - try: null

2020-04-16 08:18:38 - [TEST_STEP][PASSED] - if (selenium.isElementPresent("id=app-confirmation")): null

2020-04-16 08:18:38 - [TEST_STEP][PASSED] - Thread.sleep(1000): null

2020-04-16 08:18:39 - [TEST_STEP][PASSED] - try: null

2020-04-16 08:18:39 - [TEST_STEP][PASSED] - if (selenium.isElementPresent("id=app-confirmation")): null

2020-04-16 08:18:39 - [TEST_STEP][PASSED] - Thread.sleep(1000): null

2020-04-16 08:18:40 - [TEST_STEP][PASSED] - try: null

2020-04-16 08:18:40 - [TEST_STEP][PASSED] - if (selenium.isElementPresent("id=app-confirmation")): null

2020-04-16 08:18:40 - [TEST_STEP][PASSED] - Thread.sleep(1000): null

2020-04-16 08:18:41 - [TEST_STEP][PASSED] - try: null

2020-04-16 08:18:41 - [TEST_STEP][PASSED] - if (selenium.isElementPresent("id=app-confirmation")): null

2020-04-16 08:18:41 - [TEST_STEP][PASSED] - Thread.sleep(1000): null

2020-04-16 08:18:42 - [TEST_STEP][PASSED] - try: null

2020-04-16 08:18:42 - [TEST_STEP][PASSED] - if (selenium.isElementPresent("id=app-confirmation")): null

2020-04-16 08:18:42 - [TEST_STEP][PASSED] - Thread.sleep(1000): null

2020-04-16 08:18:43 - [TEST_STEP][PASSED] - try: null

2020-04-16 08:18:43 - [TEST_STEP][PASSED] - if (selenium.isElementPresent("id=app-confirmation")): null

2020-04-16 08:18:43 - [TEST_STEP][PASSED] - Thread.sleep(1000): null

2020-04-16 08:18:44 - [TEST_STEP][PASSED] - try: null

2020-04-16 08:18:44 - [TEST_STEP][PASSED] - if (selenium.isElementPresent("id=app-confirmation")): null

2020-04-16 08:18:45 - [TEST_STEP][PASSED] - Thread.sleep(1000): null

2020-04-16 08:18:46 - [TEST_STEP][PASSED] - try: null

2020-04-16 08:18:46 - [TEST_STEP][PASSED] - if (selenium.isElementPresent("id=app-confirmation")): null

2020-04-16 08:18:46 - [TEST_STEP][PASSED] - Thread.sleep(1000): null

2020-04-16 08:18:47 - [TEST_STEP][PASSED] - try: null

2020-04-16 08:18:47 - [TEST_STEP][PASSED] - if (selenium.isElementPresent("id=app-confirmation")): null

2020-04-16 08:18:47 - [TEST_STEP][PASSED] - Thread.sleep(1000): null

2020-04-16 08:18:48 - [TEST_STEP][PASSED] - try: null

2020-04-16 08:18:48 - [TEST_STEP][PASSED] - if (selenium.isElementPresent("id=app-confirmation")): null

2020-04-16 08:18:48 - [TEST_STEP][PASSED] - break: null

2020-04-16 08:18:48 - [TEST_STEP][PASSED] - callTestCase(findTestCase("AHI/_include/get_screenshot"), [:], STOP_ON_FAILURE): Call Test Case 'Test Cases/AHI/_include/get_screenshot' successfully

2020-04-16 08:18:48 - [TEST_CASE][PASSED] - Test Cases/AHI/_include/get_screenshot: Test Cases/AHI/_include/get_screenshot

2020-04-16 08:18:48 - [TEST_STEP][PASSED] - Thread.sleep(1000): null

2020-04-16 08:18:49 - [TEST_STEP][PASSED] - takeScreenshot(screenPath + i + ".png"): Taking screenshot successfully

2020-04-16 08:18:49 - [MESSAGE][PASSED] - Taking screenshot successfully
[[ATTACHMENT|D:\\Test\\AgileTest\\Reports\\AHI\\ahi\\20200416_080045\\../Screenshots/iPhone 6/AHI/Dental - National General/20200416_081717/8.png]]

2020-04-16 08:18:49 - [TEST_STEP][PASSED] - (internal.GlobalVariable.i++): null

2020-04-16 08:18:49 - [MESSAGE][PASSED] - Call Test Case 'Test Cases/AHI/_include/get_screenshot' successfully]]></system-out>
         <system-err><![CDATA[]]></system-err>
      </testcase>
      <testcase name="Test Cases/AHI/NEW/Dental/USA Access" classname="Test Cases/AHI/NEW/Dental/USA Access" status="PASSED">
         <system-out><![CDATA[2020-04-16 08:18:49 - [TEST_CASE][PASSED] - Test Cases/AHI/NEW/Dental/USA Access: Test Cases/AHI/NEW/Dental/USA Access

2020-04-16 08:18:49 - [TEST_STEP][PASSED] - callTestCase(findTestCase("AHI/_include/get_screenPath"), ["productLine":"AHI", "carrierName":"Dental - USA Access"], CONTINUE_ON_FAILURE): Call Test Case 'Test Cases/AHI/_include/get_screenPath' successfully

2020-04-16 08:18:50 - [TEST_CASE][PASSED] - Test Cases/AHI/_include/get_screenPath: Test Cases/AHI/_include/get_screenPath

2020-04-16 08:18:50 - [TEST_STEP][PASSED] - m = getExecutionProperties(): null

2020-04-16 08:18:50 - [TEST_STEP][PASSED] - deviceName = get("mobileEmulation").get("deviceName"): null

2020-04-16 08:18:50 - [TEST_STEP][PASSED] - println(deviceName): null

2020-04-16 08:18:50 - [TEST_STEP][PASSED] - now = new java.util.Date(): null

2020-04-16 08:18:50 - [TEST_STEP][PASSED] - mydate = now.format("yyyyMMdd_HHmmss"): null

2020-04-16 08:18:50 - [TEST_STEP][PASSED] - screenPath = "../Screenshots/": null

2020-04-16 08:18:50 - [TEST_STEP][PASSED] - screenPath = screenPath + deviceName + "/" + productLine + "/" + carrierName + "/" + mydate + "/": null

2020-04-16 08:18:50 - [TEST_STEP][PASSED] - println(screenPath): null

2020-04-16 08:18:50 - [MESSAGE][PASSED] - Call Test Case 'Test Cases/AHI/_include/get_screenPath' successfully

2020-04-16 08:18:50 - [TEST_STEP][PASSED] - i = 0: null

2020-04-16 08:18:50 - [TEST_STEP][PASSED] - callTestCase(findTestCase("AHI/_include/openWebSite"), [:], STOP_ON_FAILURE): Call Test Case 'Test Cases/AHI/_include/openWebSite' successfully

2020-04-16 08:18:50 - [TEST_CASE][PASSED] - Test Cases/AHI/_include/openWebSite: Test Cases/AHI/_include/openWebSite

2020-04-16 08:18:50 - [TEST_STEP][PASSED] - openBrowser(env): Browser is opened with url: 'https://praetemptatus.agilehealthinsurance.com'

2020-04-16 08:18:50 - [MESSAGE][WARNING] - A browser is already opened. Closing browser and opening a new one

2020-04-16 08:18:50 - [MESSAGE][INFO] - Starting 'Chrome' driver

2020-04-16 08:18:50 - [MESSAGE][INFO] - User set preference: ['mobileEmulation', '{deviceName=iPhone 6}']

2020-04-16 08:18:50 - [MESSAGE][INFO] - User set preference: ['args', '[--incognito, --aggressive-cache-discard, --window-size=375,677, --no-sandbox, --ignore-certificate-errors]']

2020-04-16 08:19:05 - [MESSAGE][PASSED] - Browser is opened with url: 'https://praetemptatus.agilehealthinsurance.com'

2020-04-16 08:19:05 - [TEST_STEP][PASSED] - waitForPageLoad(20): Wait for page load successfully

2020-04-16 08:19:05 - [MESSAGE][PASSED] - Wait for page load successfully

2020-04-16 08:19:05 - [TEST_STEP][PASSED] - callTestCase(findTestCase("AHI/_include/get_screenshot"), [:], STOP_ON_FAILURE): Call Test Case 'Test Cases/AHI/_include/get_screenshot' successfully

2020-04-16 08:19:05 - [TEST_CASE][PASSED] - Test Cases/AHI/_include/get_screenshot: Test Cases/AHI/_include/get_screenshot

2020-04-16 08:19:05 - [TEST_STEP][PASSED] - Thread.sleep(1000): null

2020-04-16 08:19:06 - [TEST_STEP][PASSED] - takeScreenshot(screenPath + i + ".png"): Taking screenshot successfully

2020-04-16 08:19:07 - [MESSAGE][PASSED] - Taking screenshot successfully
[[ATTACHMENT|D:\\Test\\AgileTest\\Reports\\AHI\\ahi\\20200416_080045\\../Screenshots/iPhone 6/AHI/Dental - USA Access/20200416_081850/0.png]]

2020-04-16 08:19:07 - [TEST_STEP][PASSED] - (internal.GlobalVariable.i++): null

2020-04-16 08:19:07 - [MESSAGE][PASSED] - Call Test Case 'Test Cases/AHI/_include/get_screenshot' successfully

2020-04-16 08:19:07 - [MESSAGE][PASSED] - Call Test Case 'Test Cases/AHI/_include/openWebSite' successfully

2020-04-16 08:19:07 - [TEST_STEP][PASSED] - driver = getWebDriver(): null

2020-04-16 08:19:07 - [TEST_STEP][PASSED] - baseUrl = ENV: null

2020-04-16 08:19:07 - [TEST_STEP][PASSED] - selenium = new com.thoughtworks.selenium.webdriven.WebDriverBackedSelenium(driver, baseUrl): null

2020-04-16 08:19:07 - [TEST_STEP][PASSED] - selenium.click("//*[@class='filter-option-inner-inner']"): null

2020-04-16 08:19:07 - [TEST_STEP][PASSED] - selenium.click("id=bs-select-1-2"): null

2020-04-16 08:19:07 - [TEST_STEP][PASSED] - selenium.click("id=primaryCTA"): null

2020-04-16 08:19:15 - [TEST_STEP][PASSED] - for ([second = 0, second < 20, (second++)]): null

2020-04-16 08:19:15 - [TEST_STEP][PASSED] - try: null

2020-04-16 08:19:15 - [TEST_STEP][PASSED] - if (selenium.isElementPresent("id=zip-input")): null

2020-04-16 08:19:24 - [TEST_STEP][PASSED] - break: null

2020-04-16 08:19:24 - [TEST_STEP][PASSED] - callTestCase(findTestCase("AHI/_include/get_screenshot"), [:], STOP_ON_FAILURE): Call Test Case 'Test Cases/AHI/_include/get_screenshot' successfully

2020-04-16 08:19:24 - [TEST_CASE][PASSED] - Test Cases/AHI/_include/get_screenshot: Test Cases/AHI/_include/get_screenshot

2020-04-16 08:19:24 - [TEST_STEP][PASSED] - Thread.sleep(1000): null

2020-04-16 08:19:25 - [TEST_STEP][PASSED] - takeScreenshot(screenPath + i + ".png"): Taking screenshot successfully

2020-04-16 08:19:26 - [MESSAGE][PASSED] - Taking screenshot successfully
[[ATTACHMENT|D:\\Test\\AgileTest\\Reports\\AHI\\ahi\\20200416_080045\\../Screenshots/iPhone 6/AHI/Dental - USA Access/20200416_081850/1.png]]

2020-04-16 08:19:26 - [TEST_STEP][PASSED] - (internal.GlobalVariable.i++): null

2020-04-16 08:19:26 - [MESSAGE][PASSED] - Call Test Case 'Test Cases/AHI/_include/get_screenshot' successfully

2020-04-16 08:19:26 - [TEST_STEP][PASSED] - setText(findTestObject("mobileSanity/Dental/census/input_Location_zip-input"), "35215"): Text '35215' is set on object 'Object Repository/mobileSanity/Dental/census/input_Location_zip-input'

2020-04-16 08:19:26 - [MESSAGE][PASSED] - Text '35215' is set on object 'Object Repository/mobileSanity/Dental/census/input_Location_zip-input'

2020-04-16 08:19:26 - [TEST_STEP][PASSED] - setText(findTestObject("mobileSanity/Dental/census/input_Date of Birth_dob-0"), "12121980"): Text '12121980' is set on object 'Object Repository/mobileSanity/Dental/census/input_Date of Birth_dob-0'

2020-04-16 08:19:26 - [MESSAGE][PASSED] - Text '12121980' is set on object 'Object Repository/mobileSanity/Dental/census/input_Date of Birth_dob-0'

2020-04-16 08:19:26 - [TEST_STEP][PASSED] - click(findTestObject("mobileSanity/Dental/census/label_Male")): Object: 'Object Repository/mobileSanity/Dental/census/label_Male' is clicked on

2020-04-16 08:19:27 - [MESSAGE][PASSED] - Object: 'Object Repository/mobileSanity/Dental/census/label_Male' is clicked on

2020-04-16 08:19:27 - [TEST_STEP][PASSED] - selenium.click("id=js-see-plans"): null

2020-04-16 08:19:40 - [TEST_STEP][PASSED] - for ([second = 0, second < 20, (second++)]): null

2020-04-16 08:19:40 - [TEST_STEP][PASSED] - try: null

2020-04-16 08:19:40 - [TEST_STEP][PASSED] - if (selenium.isElementPresent("id=js-quote-header")): null

2020-04-16 08:19:41 - [TEST_STEP][PASSED] - break: null

2020-04-16 08:19:41 - [TEST_STEP][PASSED] - callTestCase(findTestCase("AHI/_include/get_screenshot"), [:], STOP_ON_FAILURE): Call Test Case 'Test Cases/AHI/_include/get_screenshot' successfully

2020-04-16 08:19:41 - [TEST_CASE][PASSED] - Test Cases/AHI/_include/get_screenshot: Test Cases/AHI/_include/get_screenshot

2020-04-16 08:19:41 - [TEST_STEP][PASSED] - Thread.sleep(1000): null

2020-04-16 08:19:42 - [TEST_STEP][PASSED] - takeScreenshot(screenPath + i + ".png"): Taking screenshot successfully

2020-04-16 08:19:42 - [MESSAGE][PASSED] - Taking screenshot successfully
[[ATTACHMENT|D:\\Test\\AgileTest\\Reports\\AHI\\ahi\\20200416_080045\\../Screenshots/iPhone 6/AHI/Dental - USA Access/20200416_081850/2.png]]

2020-04-16 08:19:42 - [TEST_STEP][PASSED] - (internal.GlobalVariable.i++): null

2020-04-16 08:19:42 - [MESSAGE][PASSED] - Call Test Case 'Test Cases/AHI/_include/get_screenshot' successfully

2020-04-16 08:19:42 - [TEST_STEP][PASSED] - click(findTestObject("mobileSanity/Dental/filter/btn_filter")): Object: 'Object Repository/mobileSanity/Dental/filter/btn_filter' is clicked on

2020-04-16 08:19:42 - [MESSAGE][PASSED] - Object: 'Object Repository/mobileSanity/Dental/filter/btn_filter' is clicked on

2020-04-16 08:19:42 - [TEST_STEP][PASSED] - waitForElementVisible(findTestObject("mobileSanity/Dental/filter/btn_company"), 10): Object 'Object Repository/mobileSanity/Dental/filter/btn_company' is visible

2020-04-16 08:19:42 - [MESSAGE][PASSED] - Object 'Object Repository/mobileSanity/Dental/filter/btn_company' is visible

2020-04-16 08:19:42 - [TEST_STEP][PASSED] - click(findTestObject("mobileSanity/Dental/filter/btn_company")): Object: 'Object Repository/mobileSanity/Dental/filter/btn_company' is clicked on

2020-04-16 08:19:43 - [MESSAGE][PASSED] - Object: 'Object Repository/mobileSanity/Dental/filter/btn_company' is clicked on

2020-04-16 08:19:43 - [TEST_STEP][PASSED] - Thread.sleep(2000): null

2020-04-16 08:19:45 - [TEST_STEP][PASSED] - click(findTestObject("mobileSanity/Dental/filter/btn_usa")): Object: 'Object Repository/mobileSanity/Dental/filter/btn_usa' is clicked on

2020-04-16 08:19:45 - [MESSAGE][PASSED] - Object: 'Object Repository/mobileSanity/Dental/filter/btn_usa' is clicked on

2020-04-16 08:19:45 - [TEST_STEP][PASSED] - waitForJQueryLoad(20, STOP_ON_FAILURE): jQuery is ready.

2020-04-16 08:19:45 - [MESSAGE][PASSED] - jQuery is ready.

2020-04-16 08:19:45 - [TEST_STEP][PASSED] - callTestCase(findTestCase("AHI/_include/get_screenshot"), [:], STOP_ON_FAILURE): Call Test Case 'Test Cases/AHI/_include/get_screenshot' successfully

2020-04-16 08:19:45 - [TEST_CASE][PASSED] - Test Cases/AHI/_include/get_screenshot: Test Cases/AHI/_include/get_screenshot

2020-04-16 08:19:45 - [TEST_STEP][PASSED] - Thread.sleep(1000): null

2020-04-16 08:19:46 - [TEST_STEP][PASSED] - takeScreenshot(screenPath + i + ".png"): Taking screenshot successfully

2020-04-16 08:19:47 - [MESSAGE][PASSED] - Taking screenshot successfully
[[ATTACHMENT|D:\\Test\\AgileTest\\Reports\\AHI\\ahi\\20200416_080045\\../Screenshots/iPhone 6/AHI/Dental - USA Access/20200416_081850/3.png]]

2020-04-16 08:19:47 - [TEST_STEP][PASSED] - (internal.GlobalVariable.i++): null

2020-04-16 08:19:47 - [MESSAGE][PASSED] - Call Test Case 'Test Cases/AHI/_include/get_screenshot' successfully

2020-04-16 08:19:47 - [TEST_STEP][PASSED] - click(findTestObject("mobileSanity/Dental/filter/btn_filter")): Object: 'Object Repository/mobileSanity/Dental/filter/btn_filter' is clicked on

2020-04-16 08:19:47 - [MESSAGE][PASSED] - Object: 'Object Repository/mobileSanity/Dental/filter/btn_filter' is clicked on

2020-04-16 08:19:47 - [TEST_STEP][PASSED] - click(findTestObject("mobileSanity/Dental/quote/a_Select This Plan")): Object: 'Object Repository/mobileSanity/Dental/quote/a_Select This Plan' is clicked on

2020-04-16 08:19:47 - [MESSAGE][PASSED] - Object: 'Object Repository/mobileSanity/Dental/quote/a_Select This Plan' is clicked on

2020-04-16 08:19:47 - [TEST_STEP][PASSED] - waitForPageLoad(10): Wait for page load successfully

2020-04-16 08:19:48 - [MESSAGE][PASSED] - Wait for page load successfully

2020-04-16 08:19:48 - [TEST_STEP][PASSED] - callTestCase(findTestCase("AHI/_include/get_screenshot"), [:], STOP_ON_FAILURE): Call Test Case 'Test Cases/AHI/_include/get_screenshot' successfully

2020-04-16 08:19:48 - [TEST_CASE][PASSED] - Test Cases/AHI/_include/get_screenshot: Test Cases/AHI/_include/get_screenshot

2020-04-16 08:19:48 - [TEST_STEP][PASSED] - Thread.sleep(1000): null

2020-04-16 08:19:49 - [TEST_STEP][PASSED] - takeScreenshot(screenPath + i + ".png"): Taking screenshot successfully

2020-04-16 08:19:49 - [MESSAGE][PASSED] - Taking screenshot successfully
[[ATTACHMENT|D:\\Test\\AgileTest\\Reports\\AHI\\ahi\\20200416_080045\\../Screenshots/iPhone 6/AHI/Dental - USA Access/20200416_081850/4.png]]

2020-04-16 08:19:49 - [TEST_STEP][PASSED] - (internal.GlobalVariable.i++): null

2020-04-16 08:19:49 - [MESSAGE][PASSED] - Call Test Case 'Test Cases/AHI/_include/get_screenshot' successfully

2020-04-16 08:19:49 - [TEST_STEP][PASSED] - Thread.sleep(3000): null

2020-04-16 08:19:52 - [TEST_STEP][PASSED] - click(findTestObject("mobileSanity/Dental/apply/span_Start Secure Application")): Object: 'Object Repository/mobileSanity/Dental/apply/span_Start Secure Application' is clicked on

2020-04-16 08:19:53 - [MESSAGE][PASSED] - Object: 'Object Repository/mobileSanity/Dental/apply/span_Start Secure Application' is clicked on

2020-04-16 08:19:53 - [TEST_STEP][PASSED] - for ([second = 0, second < 20, (second++)]): null

2020-04-16 08:19:53 - [TEST_STEP][PASSED] - try: null

2020-04-16 08:19:53 - [TEST_STEP][PASSED] - if (selenium.isElementPresent("id=member-P-1-firstName")): null

2020-04-16 08:19:53 - [TEST_STEP][PASSED] - break: null

2020-04-16 08:19:53 - [TEST_STEP][PASSED] - callTestCase(findTestCase("AHI/_include/get_screenshot"), [:], STOP_ON_FAILURE): Call Test Case 'Test Cases/AHI/_include/get_screenshot' successfully

2020-04-16 08:19:53 - [TEST_CASE][PASSED] - Test Cases/AHI/_include/get_screenshot: Test Cases/AHI/_include/get_screenshot

2020-04-16 08:19:53 - [TEST_STEP][PASSED] - Thread.sleep(1000): null

2020-04-16 08:19:54 - [TEST_STEP][PASSED] - takeScreenshot(screenPath + i + ".png"): Taking screenshot successfully

2020-04-16 08:19:55 - [MESSAGE][PASSED] - Taking screenshot successfully
[[ATTACHMENT|D:\\Test\\AgileTest\\Reports\\AHI\\ahi\\20200416_080045\\../Screenshots/iPhone 6/AHI/Dental - USA Access/20200416_081850/5.png]]

2020-04-16 08:19:55 - [TEST_STEP][PASSED] - (internal.GlobalVariable.i++): null

2020-04-16 08:19:55 - [MESSAGE][PASSED] - Call Test Case 'Test Cases/AHI/_include/get_screenshot' successfully

2020-04-16 08:19:55 - [TEST_STEP][PASSED] - callTestCase(findTestCase("AHI/_include/name"), [:], CONTINUE_ON_FAILURE): Call Test Case 'Test Cases/AHI/_include/name' successfully

2020-04-16 08:19:55 - [TEST_CASE][PASSED] - Test Cases/AHI/_include/name: Test Cases/AHI/_include/name

2020-04-16 08:19:55 - [TEST_STEP][PASSED] - driver = getWebDriver(): null

2020-04-16 08:19:55 - [TEST_STEP][PASSED] - selenium = new com.thoughtworks.selenium.webdriven.WebDriverBackedSelenium(driver, internal.GlobalVariable.ENV): null

2020-04-16 08:19:55 - [TEST_STEP][PASSED] - FirstName = "Test-123": null

2020-04-16 08:19:55 - [TEST_STEP][PASSED] - LastName = selenium.getEval("{var x="ABCDEFGHIJKLMNOPQRSTUVWXYZabcdefghijklmnopqrstuvwxyz"; var tmp="ZZ11-"; for (i=0;i<8;i++) tmp+=x.charAt(Math.ceil(51*Math.random()));tmp;}"): null

2020-04-16 08:19:55 - [TEST_STEP][PASSED] - Address = selenium.getEval("{var x="ABCDEFGHIJKLMNOPQRSTUVWXYZabcdefghijklmnopqrstuvwxyz"; var tmp=""; for (i=0;i<8;i++) tmp+=x.charAt(Math.ceil(51*Math.random()));tmp;}"): null

2020-04-16 08:19:55 - [TEST_STEP][PASSED] - City = selenium.getEval("{var x="ABCDEFGHIJKLMNOPQRSTUVWXYZabcdefghijklmnopqrstuvwxyz"; var tmp=""; for (i=0;i<8;i++) tmp+=x.charAt(Math.ceil(51*Math.random()));tmp;}"): null

2020-04-16 08:19:55 - [TEST_STEP][PASSED] - tel1 = selenium.getEval("{var x="123456789"; var tmp=""; for (i=0;i<3;i++) tmp+=x.charAt(Math.ceil(8*Math.random()));tmp;}"): null

2020-04-16 08:19:55 - [TEST_STEP][PASSED] - tel2 = selenium.getEval("{var x="123456789"; var tmp=""; for (i=0;i<3;i++) tmp+=x.charAt(Math.ceil(8*Math.random()));tmp;}"): null

2020-04-16 08:19:55 - [TEST_STEP][PASSED] - tel3 = selenium.getEval("{var x="123456789"; var tmp=""; for (i=0;i<4;i++) tmp+=x.charAt(Math.ceil(8*Math.random()));tmp;}"): null

2020-04-16 08:19:55 - [TEST_STEP][PASSED] - Tel = selenium.getExpression(tel1 + "-" + tel2 + "-" + tel3): null

2020-04-16 08:19:55 - [TEST_STEP][PASSED] - AutoEmail = selenium.getEval("{var x="ABCDEFGHIJKLMNOPQRSTUVWXYZabcdefghijklmnopqrstuvwxyz"; var tmp="test."; for (i=0;i<8;i++) tmp+=x.charAt(Math.ceil(51*Math.random()));tmp+="@suryani.cn";}"): null

2020-04-16 08:19:55 - [TEST_STEP][PASSED] - FirstName = FirstName: null

2020-04-16 08:19:55 - [TEST_STEP][PASSED] - LastName = LastName: null

2020-04-16 08:19:55 - [TEST_STEP][PASSED] - Address = Address: null

2020-04-16 08:19:55 - [TEST_STEP][PASSED] - City = City: null

2020-04-16 08:19:55 - [TEST_STEP][PASSED] - Tel = Tel: null

2020-04-16 08:19:55 - [TEST_STEP][PASSED] - AutoEmail = AutoEmail: null

2020-04-16 08:19:55 - [TEST_STEP][PASSED] - println(FirstName): null

2020-04-16 08:19:55 - [TEST_STEP][PASSED] - println(LastName): null

2020-04-16 08:19:55 - [TEST_STEP][PASSED] - println(Address): null

2020-04-16 08:19:55 - [TEST_STEP][PASSED] - println(City): null

2020-04-16 08:19:55 - [TEST_STEP][PASSED] - println(Tel): null

2020-04-16 08:19:55 - [TEST_STEP][PASSED] - println(AutoEmail): null

2020-04-16 08:19:55 - [MESSAGE][PASSED] - Call Test Case 'Test Cases/AHI/_include/name' successfully

2020-04-16 08:19:55 - [TEST_STEP][PASSED] - Thread.sleep(3000): null

2020-04-16 08:19:58 - [TEST_STEP][PASSED] - setText(findTestObject("mobileSanity/Dental/app_page1/input__member-P-1-firstName"), FirstName): Text 'Test-123' is set on object 'Object Repository/mobileSanity/Dental/app_page1/input__member-P-1-firstName'

2020-04-16 08:19:58 - [MESSAGE][PASSED] - Text 'Test-123' is set on object 'Object Repository/mobileSanity/Dental/app_page1/input__member-P-1-firstName'

2020-04-16 08:19:58 - [TEST_STEP][PASSED] - setText(findTestObject("mobileSanity/Dental/app_page1/input__member-P-1-lastName"), LastName): Text 'ZZ11-UVLzdhcH' is set on object 'Object Repository/mobileSanity/Dental/app_page1/input__member-P-1-lastName'

2020-04-16 08:19:59 - [MESSAGE][PASSED] - Text 'ZZ11-UVLzdhcH' is set on object 'Object Repository/mobileSanity/Dental/app_page1/input__member-P-1-lastName'

2020-04-16 08:19:59 - [TEST_STEP][PASSED] - setText(findTestObject("mobileSanity/Dental/app_page1/input__address"), Address): Text 'QGTzaVXQ' is set on object 'Object Repository/mobileSanity/Dental/app_page1/input__address'

2020-04-16 08:19:59 - [MESSAGE][PASSED] - Text 'QGTzaVXQ' is set on object 'Object Repository/mobileSanity/Dental/app_page1/input__address'

2020-04-16 08:19:59 - [TEST_STEP][PASSED] - setText(findTestObject("mobileSanity/Dental/app_page1/input__city"), City): Text 'yZBygYPe' is set on object 'Object Repository/mobileSanity/Dental/app_page1/input__city'

2020-04-16 08:20:00 - [MESSAGE][PASSED] - Text 'yZBygYPe' is set on object 'Object Repository/mobileSanity/Dental/app_page1/input__city'

2020-04-16 08:20:00 - [TEST_STEP][PASSED] - setText(findTestObject("mobileSanity/Dental/app_page1/input__email"), AutoEmail): Text 'test.ZYmflkYa@suryani.cn' is set on object 'Object Repository/mobileSanity/Dental/app_page1/input__email'

2020-04-16 08:20:01 - [MESSAGE][PASSED] - Text 'test.ZYmflkYa@suryani.cn' is set on object 'Object Repository/mobileSanity/Dental/app_page1/input__email'

2020-04-16 08:20:01 - [TEST_STEP][PASSED] - setText(findTestObject("mobileSanity/Dental/app_page1/input_phone"), Tel): Text '825-796-7534' is set on object 'Object Repository/mobileSanity/Dental/app_page1/input_phone'

2020-04-16 08:20:01 - [MESSAGE][PASSED] - Text '825-796-7534' is set on object 'Object Repository/mobileSanity/Dental/app_page1/input_phone'

2020-04-16 08:20:01 - [TEST_STEP][PASSED] - click(findTestObject("mobileSanity/Dental/app_page1/a_Continue to Step 2 - Payment")): Object: 'Object Repository/mobileSanity/Dental/app_page1/a_Continue to Step 2 - Payment' is clicked on

2020-04-16 08:20:01 - [MESSAGE][PASSED] - Object: 'Object Repository/mobileSanity/Dental/app_page1/a_Continue to Step 2 - Payment' is clicked on

2020-04-16 08:20:01 - [TEST_STEP][PASSED] - for ([second = 0, second < 20, (second++)]): null

2020-04-16 08:20:01 - [TEST_STEP][PASSED] - try: null

2020-04-16 08:20:01 - [TEST_STEP][PASSED] - if (selenium.isElementPresent("id=credit-card-number")): null

2020-04-16 08:20:01 - [TEST_STEP][PASSED] - Thread.sleep(1000): null

2020-04-16 08:20:02 - [TEST_STEP][PASSED] - try: null

2020-04-16 08:20:02 - [TEST_STEP][PASSED] - if (selenium.isElementPresent("id=credit-card-number")): null

2020-04-16 08:20:02 - [TEST_STEP][PASSED] - break: null

2020-04-16 08:20:02 - [TEST_STEP][PASSED] - Thread.sleep(2000): null

2020-04-16 08:20:04 - [TEST_STEP][PASSED] - click(findTestObject("mobileSanity/Dental/app_page2/membership/label_ihaveread")): Object: 'Object Repository/mobileSanity/Dental/app_page2/membership/label_ihaveread' is clicked on

2020-04-16 08:20:05 - [MESSAGE][PASSED] - Object: 'Object Repository/mobileSanity/Dental/app_page2/membership/label_ihaveread' is clicked on

2020-04-16 08:20:05 - [TEST_STEP][PASSED] - click(findTestObject("mobileSanity/Dental/app_page2/membership/a_ok")): Object: 'Object Repository/mobileSanity/Dental/app_page2/membership/a_ok' is clicked on

2020-04-16 08:20:05 - [MESSAGE][PASSED] - Object: 'Object Repository/mobileSanity/Dental/app_page2/membership/a_ok' is clicked on

2020-04-16 08:20:05 - [TEST_STEP][PASSED] - Thread.sleep(3000): null

2020-04-16 08:20:08 - [TEST_STEP][PASSED] - callTestCase(findTestCase("AHI/_include/get_screenshot"), [:], STOP_ON_FAILURE): Call Test Case 'Test Cases/AHI/_include/get_screenshot' successfully

2020-04-16 08:20:08 - [TEST_CASE][PASSED] - Test Cases/AHI/_include/get_screenshot: Test Cases/AHI/_include/get_screenshot

2020-04-16 08:20:08 - [TEST_STEP][PASSED] - Thread.sleep(1000): null

2020-04-16 08:20:09 - [TEST_STEP][PASSED] - takeScreenshot(screenPath + i + ".png"): Taking screenshot successfully

2020-04-16 08:20:09 - [MESSAGE][PASSED] - Taking screenshot successfully
[[ATTACHMENT|D:\\Test\\AgileTest\\Reports\\AHI\\ahi\\20200416_080045\\../Screenshots/iPhone 6/AHI/Dental - USA Access/20200416_081850/6.png]]

2020-04-16 08:20:09 - [TEST_STEP][PASSED] - (internal.GlobalVariable.i++): null

2020-04-16 08:20:09 - [MESSAGE][PASSED] - Call Test Case 'Test Cases/AHI/_include/get_screenshot' successfully

2020-04-16 08:20:09 - [TEST_STEP][PASSED] - setText(findTestObject("mobileSanity/Dental/app_page2/input__credit-card-first"), FirstName): Text 'Test-123' is set on object 'Object Repository/mobileSanity/Dental/app_page2/input__credit-card-first'

2020-04-16 08:20:10 - [MESSAGE][PASSED] - Text 'Test-123' is set on object 'Object Repository/mobileSanity/Dental/app_page2/input__credit-card-first'

2020-04-16 08:20:10 - [TEST_STEP][PASSED] - setText(findTestObject("mobileSanity/Dental/app_page2/input__credit-card-last"), LastName): Text 'ZZ11-UVLzdhcH' is set on object 'Object Repository/mobileSanity/Dental/app_page2/input__credit-card-last'

2020-04-16 08:20:10 - [MESSAGE][PASSED] - Text 'ZZ11-UVLzdhcH' is set on object 'Object Repository/mobileSanity/Dental/app_page2/input__credit-card-last'

2020-04-16 08:20:10 - [TEST_STEP][PASSED] - selectOptionByValue(findTestObject("mobileSanity/Dental/app_page2/select_MM010203040506070809101"), "12", true): All options with value '12' are selected in object 'Object Repository/mobileSanity/Dental/app_page2/select_MM010203040506070809101'  using regular expression

2020-04-16 08:20:11 - [MESSAGE][PASSED] - All options with value '12' are selected in object 'Object Repository/mobileSanity/Dental/app_page2/select_MM010203040506070809101'  using regular expression

2020-04-16 08:20:11 - [TEST_STEP][PASSED] - selectOptionByValue(findTestObject("mobileSanity/Dental/app_page2/select_YYYY2019202020212022202"), "2026", true): All options with value '2026' are selected in object 'Object Repository/mobileSanity/Dental/app_page2/select_YYYY2019202020212022202'  using regular expression

2020-04-16 08:20:12 - [MESSAGE][PASSED] - All options with value '2026' are selected in object 'Object Repository/mobileSanity/Dental/app_page2/select_YYYY2019202020212022202'  using regular expression

2020-04-16 08:20:12 - [TEST_STEP][PASSED] - setText(findTestObject("mobileSanity/Dental/app_page2/input__credit-card-number"), "4111111111111111"): Text '4111111111111111' is set on object 'Object Repository/mobileSanity/Dental/app_page2/input__credit-card-number'

2020-04-16 08:20:12 - [MESSAGE][PASSED] - Text '4111111111111111' is set on object 'Object Repository/mobileSanity/Dental/app_page2/input__credit-card-number'

2020-04-16 08:20:12 - [TEST_STEP][PASSED] - setText(findTestObject("mobileSanity/Dental/app_page2/input__cvv"), "123"): Text '123' is set on object 'Object Repository/mobileSanity/Dental/app_page2/input__cvv'

2020-04-16 08:20:12 - [MESSAGE][PASSED] - Text '123' is set on object 'Object Repository/mobileSanity/Dental/app_page2/input__cvv'

2020-04-16 08:20:12 - [TEST_STEP][PASSED] - click(findTestObject("mobileSanity/Dental/app_page2/label_My billing address is th")): Object: 'Object Repository/mobileSanity/Dental/app_page2/label_My billing address is th' is clicked on

2020-04-16 08:20:13 - [MESSAGE][PASSED] - Object: 'Object Repository/mobileSanity/Dental/app_page2/label_My billing address is th' is clicked on

2020-04-16 08:20:13 - [TEST_STEP][PASSED] - click(findTestObject("mobileSanity/Dental/app_page2/label_I Accept Authorization f")): Object: 'Object Repository/mobileSanity/Dental/app_page2/label_I Accept Authorization f' is clicked on

2020-04-16 08:20:13 - [MESSAGE][PASSED] - Object: 'Object Repository/mobileSanity/Dental/app_page2/label_I Accept Authorization f' is clicked on

2020-04-16 08:20:13 - [TEST_STEP][PASSED] - click(findTestObject("mobileSanity/Dental/app_page2/a_Continue to Step 3 - Review")): Object: 'Object Repository/mobileSanity/Dental/app_page2/a_Continue to Step 3 - Review' is clicked on

2020-04-16 08:20:17 - [MESSAGE][PASSED] - Object: 'Object Repository/mobileSanity/Dental/app_page2/a_Continue to Step 3 - Review' is clicked on

2020-04-16 08:20:17 - [TEST_STEP][PASSED] - for ([second = 0, second < 20, (second++)]): null

2020-04-16 08:20:17 - [TEST_STEP][PASSED] - try: null

2020-04-16 08:20:17 - [TEST_STEP][PASSED] - if (selenium.isElementPresent("id=consent-checkbox-0")): null

2020-04-16 08:20:17 - [TEST_STEP][PASSED] - Thread.sleep(1000): null

2020-04-16 08:20:18 - [TEST_STEP][PASSED] - try: null

2020-04-16 08:20:18 - [TEST_STEP][PASSED] - if (selenium.isElementPresent("id=consent-checkbox-0")): null

2020-04-16 08:20:18 - [TEST_STEP][PASSED] - Thread.sleep(1000): null

2020-04-16 08:20:19 - [TEST_STEP][PASSED] - try: null

2020-04-16 08:20:19 - [TEST_STEP][PASSED] - if (selenium.isElementPresent("id=consent-checkbox-0")): null

2020-04-16 08:20:19 - [TEST_STEP][PASSED] - Thread.sleep(1000): null

2020-04-16 08:20:20 - [TEST_STEP][PASSED] - try: null

2020-04-16 08:20:20 - [TEST_STEP][PASSED] - if (selenium.isElementPresent("id=consent-checkbox-0")): null

2020-04-16 08:20:20 - [TEST_STEP][PASSED] - Thread.sleep(1000): null

2020-04-16 08:20:21 - [TEST_STEP][PASSED] - try: null

2020-04-16 08:20:21 - [TEST_STEP][PASSED] - if (selenium.isElementPresent("id=consent-checkbox-0")): null

2020-04-16 08:20:21 - [TEST_STEP][PASSED] - Thread.sleep(1000): null

2020-04-16 08:20:22 - [TEST_STEP][PASSED] - try: null

2020-04-16 08:20:22 - [TEST_STEP][PASSED] - if (selenium.isElementPresent("id=consent-checkbox-0")): null

2020-04-16 08:20:22 - [TEST_STEP][PASSED] - Thread.sleep(1000): null

2020-04-16 08:20:23 - [TEST_STEP][PASSED] - try: null

2020-04-16 08:20:23 - [TEST_STEP][PASSED] - if (selenium.isElementPresent("id=consent-checkbox-0")): null

2020-04-16 08:20:24 - [TEST_STEP][PASSED] - Thread.sleep(1000): null

2020-04-16 08:20:25 - [TEST_STEP][PASSED] - try: null

2020-04-16 08:20:25 - [TEST_STEP][PASSED] - if (selenium.isElementPresent("id=consent-checkbox-0")): null

2020-04-16 08:20:25 - [TEST_STEP][PASSED] - break: null

2020-04-16 08:20:25 - [TEST_STEP][PASSED] - waitForElementClickable(findTestObject("mobileSanity/Dental/app_page3/label"), 20): Object 'Object Repository/mobileSanity/Dental/app_page3/label' is clickable

2020-04-16 08:20:25 - [MESSAGE][PASSED] - Object 'Object Repository/mobileSanity/Dental/app_page3/label' is clickable

2020-04-16 08:20:25 - [TEST_STEP][PASSED] - callTestCase(findTestCase("AHI/_include/get_screenshot"), [:], STOP_ON_FAILURE): Call Test Case 'Test Cases/AHI/_include/get_screenshot' successfully

2020-04-16 08:20:25 - [TEST_CASE][PASSED] - Test Cases/AHI/_include/get_screenshot: Test Cases/AHI/_include/get_screenshot

2020-04-16 08:20:25 - [TEST_STEP][PASSED] - Thread.sleep(1000): null

2020-04-16 08:20:26 - [TEST_STEP][PASSED] - takeScreenshot(screenPath + i + ".png"): Taking screenshot successfully

2020-04-16 08:20:26 - [MESSAGE][PASSED] - Taking screenshot successfully
[[ATTACHMENT|D:\\Test\\AgileTest\\Reports\\AHI\\ahi\\20200416_080045\\../Screenshots/iPhone 6/AHI/Dental - USA Access/20200416_081850/7.png]]

2020-04-16 08:20:26 - [TEST_STEP][PASSED] - (internal.GlobalVariable.i++): null

2020-04-16 08:20:26 - [MESSAGE][PASSED] - Call Test Case 'Test Cases/AHI/_include/get_screenshot' successfully

2020-04-16 08:20:26 - [TEST_STEP][PASSED] - click(findTestObject("mobileSanity/Dental/app_page3/label")): Object: 'Object Repository/mobileSanity/Dental/app_page3/label' is clicked on

2020-04-16 08:20:27 - [MESSAGE][PASSED] - Object: 'Object Repository/mobileSanity/Dental/app_page3/label' is clicked on

2020-04-16 08:20:27 - [TEST_STEP][PASSED] - click(findTestObject("mobileSanity/Dental/app_page3/p_CLICK TO SIGN")): Object: 'Object Repository/mobileSanity/Dental/app_page3/p_CLICK TO SIGN' is clicked on

2020-04-16 08:20:27 - [MESSAGE][PASSED] - Object: 'Object Repository/mobileSanity/Dental/app_page3/p_CLICK TO SIGN' is clicked on

2020-04-16 08:20:27 - [TEST_STEP][PASSED] - click(findTestObject("mobileSanity/Dental/app_page3/a_Submit Your Application")): Object: 'Object Repository/mobileSanity/Dental/app_page3/a_Submit Your Application' is clicked on

2020-04-16 08:20:27 - [MESSAGE][PASSED] - Object: 'Object Repository/mobileSanity/Dental/app_page3/a_Submit Your Application' is clicked on

2020-04-16 08:20:27 - [TEST_STEP][PASSED] - for ([second = 0, second < 30, (second++)]): null

2020-04-16 08:20:27 - [TEST_STEP][PASSED] - try: null

2020-04-16 08:20:27 - [TEST_STEP][PASSED] - if (selenium.isElementPresent("id=app-confirmation")): null

2020-04-16 08:20:27 - [TEST_STEP][PASSED] - Thread.sleep(1000): null

2020-04-16 08:20:28 - [TEST_STEP][PASSED] - try: null

2020-04-16 08:20:28 - [TEST_STEP][PASSED] - if (selenium.isElementPresent("id=app-confirmation")): null

2020-04-16 08:20:28 - [TEST_STEP][PASSED] - Thread.sleep(1000): null

2020-04-16 08:20:29 - [TEST_STEP][PASSED] - try: null

2020-04-16 08:20:29 - [TEST_STEP][PASSED] - if (selenium.isElementPresent("id=app-confirmation")): null

2020-04-16 08:20:29 - [TEST_STEP][PASSED] - Thread.sleep(1000): null

2020-04-16 08:20:30 - [TEST_STEP][PASSED] - try: null

2020-04-16 08:20:30 - [TEST_STEP][PASSED] - if (selenium.isElementPresent("id=app-confirmation")): null

2020-04-16 08:20:30 - [TEST_STEP][PASSED] - Thread.sleep(1000): null

2020-04-16 08:20:31 - [TEST_STEP][PASSED] - try: null

2020-04-16 08:20:31 - [TEST_STEP][PASSED] - if (selenium.isElementPresent("id=app-confirmation")): null

2020-04-16 08:20:31 - [TEST_STEP][PASSED] - Thread.sleep(1000): null

2020-04-16 08:20:32 - [TEST_STEP][PASSED] - try: null

2020-04-16 08:20:32 - [TEST_STEP][PASSED] - if (selenium.isElementPresent("id=app-confirmation")): null

2020-04-16 08:20:32 - [TEST_STEP][PASSED] - Thread.sleep(1000): null

2020-04-16 08:20:33 - [TEST_STEP][PASSED] - try: null

2020-04-16 08:20:33 - [TEST_STEP][PASSED] - if (selenium.isElementPresent("id=app-confirmation")): null

2020-04-16 08:20:33 - [TEST_STEP][PASSED] - Thread.sleep(1000): null

2020-04-16 08:20:34 - [TEST_STEP][PASSED] - try: null

2020-04-16 08:20:34 - [TEST_STEP][PASSED] - if (selenium.isElementPresent("id=app-confirmation")): null

2020-04-16 08:20:34 - [TEST_STEP][PASSED] - Thread.sleep(1000): null

2020-04-16 08:20:35 - [TEST_STEP][PASSED] - try: null

2020-04-16 08:20:35 - [TEST_STEP][PASSED] - if (selenium.isElementPresent("id=app-confirmation")): null

2020-04-16 08:20:35 - [TEST_STEP][PASSED] - Thread.sleep(1000): null

2020-04-16 08:20:36 - [TEST_STEP][PASSED] - try: null

2020-04-16 08:20:37 - [TEST_STEP][PASSED] - if (selenium.isElementPresent("id=app-confirmation")): null

2020-04-16 08:20:37 - [TEST_STEP][PASSED] - Thread.sleep(1000): null

2020-04-16 08:20:38 - [TEST_STEP][PASSED] - try: null

2020-04-16 08:20:38 - [TEST_STEP][PASSED] - if (selenium.isElementPresent("id=app-confirmation")): null

2020-04-16 08:20:38 - [TEST_STEP][PASSED] - Thread.sleep(1000): null

2020-04-16 08:20:39 - [TEST_STEP][PASSED] - try: null

2020-04-16 08:20:39 - [TEST_STEP][PASSED] - if (selenium.isElementPresent("id=app-confirmation")): null

2020-04-16 08:20:39 - [TEST_STEP][PASSED] - Thread.sleep(1000): null

2020-04-16 08:20:40 - [TEST_STEP][PASSED] - try: null

2020-04-16 08:20:40 - [TEST_STEP][PASSED] - if (selenium.isElementPresent("id=app-confirmation")): null

2020-04-16 08:20:40 - [TEST_STEP][PASSED] - Thread.sleep(1000): null

2020-04-16 08:20:41 - [TEST_STEP][PASSED] - try: null

2020-04-16 08:20:41 - [TEST_STEP][PASSED] - if (selenium.isElementPresent("id=app-confirmation")): null

2020-04-16 08:20:41 - [TEST_STEP][PASSED] - Thread.sleep(1000): null

2020-04-16 08:20:42 - [TEST_STEP][PASSED] - try: null

2020-04-16 08:20:42 - [TEST_STEP][PASSED] - if (selenium.isElementPresent("id=app-confirmation")): null

2020-04-16 08:20:42 - [TEST_STEP][PASSED] - Thread.sleep(1000): null

2020-04-16 08:20:43 - [TEST_STEP][PASSED] - try: null

2020-04-16 08:20:43 - [TEST_STEP][PASSED] - if (selenium.isElementPresent("id=app-confirmation")): null

2020-04-16 08:20:43 - [TEST_STEP][PASSED] - Thread.sleep(1000): null

2020-04-16 08:20:44 - [TEST_STEP][PASSED] - try: null

2020-04-16 08:20:44 - [TEST_STEP][PASSED] - if (selenium.isElementPresent("id=app-confirmation")): null

2020-04-16 08:20:44 - [TEST_STEP][PASSED] - Thread.sleep(1000): null

2020-04-16 08:20:45 - [TEST_STEP][PASSED] - try: null

2020-04-16 08:20:45 - [TEST_STEP][PASSED] - if (selenium.isElementPresent("id=app-confirmation")): null

2020-04-16 08:20:45 - [TEST_STEP][PASSED] - Thread.sleep(1000): null

2020-04-16 08:20:46 - [TEST_STEP][PASSED] - try: null

2020-04-16 08:20:46 - [TEST_STEP][PASSED] - if (selenium.isElementPresent("id=app-confirmation")): null

2020-04-16 08:20:46 - [TEST_STEP][PASSED] - Thread.sleep(1000): null

2020-04-16 08:20:47 - [TEST_STEP][PASSED] - try: null

2020-04-16 08:20:47 - [TEST_STEP][PASSED] - if (selenium.isElementPresent("id=app-confirmation")): null

2020-04-16 08:20:47 - [TEST_STEP][PASSED] - Thread.sleep(1000): null

2020-04-16 08:20:48 - [TEST_STEP][PASSED] - try: null

2020-04-16 08:20:48 - [TEST_STEP][PASSED] - if (selenium.isElementPresent("id=app-confirmation")): null

2020-04-16 08:20:48 - [TEST_STEP][PASSED] - Thread.sleep(1000): null

2020-04-16 08:20:49 - [TEST_STEP][PASSED] - try: null

2020-04-16 08:20:49 - [TEST_STEP][PASSED] - if (selenium.isElementPresent("id=app-confirmation")): null

2020-04-16 08:20:50 - [TEST_STEP][PASSED] - Thread.sleep(1000): null

2020-04-16 08:20:51 - [TEST_STEP][PASSED] - try: null

2020-04-16 08:20:51 - [TEST_STEP][PASSED] - if (selenium.isElementPresent("id=app-confirmation")): null

2020-04-16 08:20:51 - [TEST_STEP][PASSED] - Thread.sleep(1000): null

2020-04-16 08:20:52 - [TEST_STEP][PASSED] - try: null

2020-04-16 08:20:52 - [TEST_STEP][PASSED] - if (selenium.isElementPresent("id=app-confirmation")): null

2020-04-16 08:20:52 - [TEST_STEP][PASSED] - Thread.sleep(1000): null

2020-04-16 08:20:53 - [TEST_STEP][PASSED] - try: null

2020-04-16 08:20:53 - [TEST_STEP][PASSED] - if (selenium.isElementPresent("id=app-confirmation")): null

2020-04-16 08:20:53 - [TEST_STEP][PASSED] - Thread.sleep(1000): null

2020-04-16 08:20:54 - [TEST_STEP][PASSED] - try: null

2020-04-16 08:20:54 - [TEST_STEP][PASSED] - if (selenium.isElementPresent("id=app-confirmation")): null

2020-04-16 08:20:54 - [TEST_STEP][PASSED] - Thread.sleep(1000): null

2020-04-16 08:20:55 - [TEST_STEP][PASSED] - try: null

2020-04-16 08:20:55 - [TEST_STEP][PASSED] - if (selenium.isElementPresent("id=app-confirmation")): null

2020-04-16 08:20:55 - [TEST_STEP][PASSED] - Thread.sleep(1000): null

2020-04-16 08:20:56 - [TEST_STEP][PASSED] - try: null

2020-04-16 08:20:56 - [TEST_STEP][PASSED] - if (selenium.isElementPresent("id=app-confirmation")): null

2020-04-16 08:20:56 - [TEST_STEP][PASSED] - Thread.sleep(1000): null

2020-04-16 08:20:57 - [TEST_STEP][PASSED] - try: null

2020-04-16 08:20:57 - [TEST_STEP][PASSED] - if (selenium.isElementPresent("id=app-confirmation")): null

2020-04-16 08:20:57 - [TEST_STEP][PASSED] - Thread.sleep(1000): null

2020-04-16 08:20:58 - [TEST_STEP][PASSED] - try: null

2020-04-16 08:20:58 - [TEST_STEP][PASSED] - if (selenium.isElementPresent("id=app-confirmation")): null

2020-04-16 08:20:58 - [TEST_STEP][PASSED] - Thread.sleep(1000): null

2020-04-16 08:20:59 - [TEST_STEP][PASSED] - callTestCase(findTestCase("AHI/_include/get_screenshot"), [:], STOP_ON_FAILURE): Call Test Case 'Test Cases/AHI/_include/get_screenshot' successfully

2020-04-16 08:20:59 - [TEST_CASE][PASSED] - Test Cases/AHI/_include/get_screenshot: Test Cases/AHI/_include/get_screenshot

2020-04-16 08:20:59 - [TEST_STEP][PASSED] - Thread.sleep(1000): null

2020-04-16 08:21:00 - [TEST_STEP][PASSED] - takeScreenshot(screenPath + i + ".png"): Taking screenshot successfully

2020-04-16 08:21:01 - [MESSAGE][PASSED] - Taking screenshot successfully
[[ATTACHMENT|D:\\Test\\AgileTest\\Reports\\AHI\\ahi\\20200416_080045\\../Screenshots/iPhone 6/AHI/Dental - USA Access/20200416_081850/8.png]]

2020-04-16 08:21:01 - [TEST_STEP][PASSED] - (internal.GlobalVariable.i++): null

2020-04-16 08:21:01 - [MESSAGE][PASSED] - Call Test Case 'Test Cases/AHI/_include/get_screenshot' successfully]]></system-out>
         <system-err><![CDATA[]]></system-err>
      </testcase>
      <testcase name="Test Cases/AHI/NEW/HBI" classname="Test Cases/AHI/NEW/HBI" status="PASSED">
         <system-out><![CDATA[2020-04-16 08:21:01 - [TEST_CASE][PASSED] - Test Cases/AHI/NEW/HBI: Test Cases/AHI/NEW/HBI

2020-04-16 08:21:01 - [TEST_STEP][PASSED] - callTestCase(findTestCase("AHI/_include/get_screenPath"), ["productLine":"AHI", "carrierName":"HBI"], CONTINUE_ON_FAILURE): Call Test Case 'Test Cases/AHI/_include/get_screenPath' successfully

2020-04-16 08:21:01 - [TEST_CASE][PASSED] - Test Cases/AHI/_include/get_screenPath: Test Cases/AHI/_include/get_screenPath

2020-04-16 08:21:01 - [TEST_STEP][PASSED] - m = getExecutionProperties(): null

2020-04-16 08:21:01 - [TEST_STEP][PASSED] - deviceName = get("mobileEmulation").get("deviceName"): null

2020-04-16 08:21:01 - [TEST_STEP][PASSED] - println(deviceName): null

2020-04-16 08:21:01 - [TEST_STEP][PASSED] - now = new java.util.Date(): null

2020-04-16 08:21:01 - [TEST_STEP][PASSED] - mydate = now.format("yyyyMMdd_HHmmss"): null

2020-04-16 08:21:01 - [TEST_STEP][PASSED] - screenPath = "../Screenshots/": null

2020-04-16 08:21:01 - [TEST_STEP][PASSED] - screenPath = screenPath + deviceName + "/" + productLine + "/" + carrierName + "/" + mydate + "/": null

2020-04-16 08:21:01 - [TEST_STEP][PASSED] - println(screenPath): null

2020-04-16 08:21:01 - [MESSAGE][PASSED] - Call Test Case 'Test Cases/AHI/_include/get_screenPath' successfully

2020-04-16 08:21:01 - [TEST_STEP][PASSED] - i = 0: null

2020-04-16 08:21:01 - [TEST_STEP][PASSED] - callTestCase(findTestCase("AHI/_include/openWebSite"), [:], CONTINUE_ON_FAILURE): Call Test Case 'Test Cases/AHI/_include/openWebSite' successfully

2020-04-16 08:21:01 - [TEST_CASE][PASSED] - Test Cases/AHI/_include/openWebSite: Test Cases/AHI/_include/openWebSite

2020-04-16 08:21:01 - [TEST_STEP][PASSED] - openBrowser(env): Browser is opened with url: 'https://praetemptatus.agilehealthinsurance.com'

2020-04-16 08:21:01 - [MESSAGE][WARNING] - A browser is already opened. Closing browser and opening a new one

2020-04-16 08:21:02 - [MESSAGE][INFO] - Starting 'Chrome' driver

2020-04-16 08:21:02 - [MESSAGE][INFO] - User set preference: ['mobileEmulation', '{deviceName=iPhone 6}']

2020-04-16 08:21:02 - [MESSAGE][INFO] - User set preference: ['args', '[--incognito, --aggressive-cache-discard, --window-size=375,677, --no-sandbox, --ignore-certificate-errors]']

2020-04-16 08:21:13 - [MESSAGE][PASSED] - Browser is opened with url: 'https://praetemptatus.agilehealthinsurance.com'

2020-04-16 08:21:13 - [TEST_STEP][PASSED] - waitForPageLoad(20): Wait for page load successfully

2020-04-16 08:21:13 - [MESSAGE][PASSED] - Wait for page load successfully

2020-04-16 08:21:13 - [TEST_STEP][PASSED] - callTestCase(findTestCase("AHI/_include/get_screenshot"), [:], STOP_ON_FAILURE): Call Test Case 'Test Cases/AHI/_include/get_screenshot' successfully

2020-04-16 08:21:13 - [TEST_CASE][PASSED] - Test Cases/AHI/_include/get_screenshot: Test Cases/AHI/_include/get_screenshot

2020-04-16 08:21:13 - [TEST_STEP][PASSED] - Thread.sleep(1000): null

2020-04-16 08:21:14 - [TEST_STEP][PASSED] - takeScreenshot(screenPath + i + ".png"): Taking screenshot successfully

2020-04-16 08:21:15 - [MESSAGE][PASSED] - Taking screenshot successfully
[[ATTACHMENT|D:\\Test\\AgileTest\\Reports\\AHI\\ahi\\20200416_080045\\../Screenshots/iPhone 6/AHI/HBI/20200416_082101/0.png]]

2020-04-16 08:21:15 - [TEST_STEP][PASSED] - (internal.GlobalVariable.i++): null

2020-04-16 08:21:15 - [MESSAGE][PASSED] - Call Test Case 'Test Cases/AHI/_include/get_screenshot' successfully

2020-04-16 08:21:15 - [MESSAGE][PASSED] - Call Test Case 'Test Cases/AHI/_include/openWebSite' successfully

2020-04-16 08:21:15 - [TEST_STEP][PASSED] - driver = getWebDriver(): null

2020-04-16 08:21:15 - [TEST_STEP][PASSED] - baseUrl = ENV: null

2020-04-16 08:21:15 - [TEST_STEP][PASSED] - selenium = new com.thoughtworks.selenium.webdriven.WebDriverBackedSelenium(driver, baseUrl): null

2020-04-16 08:21:15 - [TEST_STEP][PASSED] - selenium.click("//*[@class='filter-option-inner-inner']"): null

2020-04-16 08:21:15 - [TEST_STEP][PASSED] - selenium.click("id=bs-select-1-3"): null

2020-04-16 08:21:16 - [TEST_STEP][PASSED] - selenium.click("id=primaryCTA"): null

2020-04-16 08:21:24 - [TEST_STEP][PASSED] - for ([second = 0, second < 10, (second++)]): null

2020-04-16 08:21:24 - [TEST_STEP][PASSED] - try: null

2020-04-16 08:21:24 - [TEST_STEP][PASSED] - if (selenium.isElementPresent("id=js-traffic-to-aiq")): null

2020-04-16 08:21:24 - [TEST_STEP][PASSED] - break: null

2020-04-16 08:21:24 - [TEST_STEP][PASSED] - callTestCase(findTestCase("AHI/_include/get_screenshot"), [:], STOP_ON_FAILURE): Call Test Case 'Test Cases/AHI/_include/get_screenshot' successfully

2020-04-16 08:21:24 - [TEST_CASE][PASSED] - Test Cases/AHI/_include/get_screenshot: Test Cases/AHI/_include/get_screenshot

2020-04-16 08:21:24 - [TEST_STEP][PASSED] - Thread.sleep(1000): null

2020-04-16 08:21:25 - [TEST_STEP][PASSED] - takeScreenshot(screenPath + i + ".png"): Taking screenshot successfully

2020-04-16 08:21:26 - [MESSAGE][PASSED] - Taking screenshot successfully
[[ATTACHMENT|D:\\Test\\AgileTest\\Reports\\AHI\\ahi\\20200416_080045\\../Screenshots/iPhone 6/AHI/HBI/20200416_082101/1.png]]

2020-04-16 08:21:26 - [TEST_STEP][PASSED] - (internal.GlobalVariable.i++): null

2020-04-16 08:21:26 - [MESSAGE][PASSED] - Call Test Case 'Test Cases/AHI/_include/get_screenshot' successfully

2020-04-16 08:21:26 - [TEST_STEP][PASSED] - url = selenium.getAttribute("xpath=(//a[@id='js-traffic-to-aiq'])@href"): null

2020-04-16 08:21:26 - [TEST_STEP][PASSED] - navigateToUrl(url): Navigate to 'https://healthinsurance.net/health?utm_source=hiiq&utm_medium=cpm&utm_campaign=agile' successfully

2020-04-16 08:22:12 - [MESSAGE][PASSED] - Navigate to 'https://healthinsurance.net/health?utm_source=hiiq&utm_medium=cpm&utm_campaign=agile' successfully

2020-04-16 08:22:12 - [TEST_STEP][PASSED] - waitForPageLoad(10): Wait for page load successfully

2020-04-16 08:22:12 - [MESSAGE][PASSED] - Wait for page load successfully

2020-04-16 08:22:12 - [TEST_STEP][PASSED] - callTestCase(findTestCase("AHI/_include/get_screenshot"), [:], STOP_ON_FAILURE): Call Test Case 'Test Cases/AHI/_include/get_screenshot' successfully

2020-04-16 08:22:12 - [TEST_CASE][PASSED] - Test Cases/AHI/_include/get_screenshot: Test Cases/AHI/_include/get_screenshot

2020-04-16 08:22:12 - [TEST_STEP][PASSED] - Thread.sleep(1000): null

2020-04-16 08:22:13 - [TEST_STEP][PASSED] - takeScreenshot(screenPath + i + ".png"): Taking screenshot successfully

2020-04-16 08:22:14 - [MESSAGE][PASSED] - Taking screenshot successfully
[[ATTACHMENT|D:\\Test\\AgileTest\\Reports\\AHI\\ahi\\20200416_080045\\../Screenshots/iPhone 6/AHI/HBI/20200416_082101/2.png]]

2020-04-16 08:22:14 - [TEST_STEP][PASSED] - (internal.GlobalVariable.i++): null

2020-04-16 08:22:14 - [MESSAGE][PASSED] - Call Test Case 'Test Cases/AHI/_include/get_screenshot' successfully]]></system-out>
         <system-err><![CDATA[]]></system-err>
      </testcase>
      <testcase name="Test Cases/AHI/NEW/Medicare" classname="Test Cases/AHI/NEW/Medicare" status="PASSED">
         <system-out><![CDATA[2020-04-16 08:22:14 - [TEST_CASE][PASSED] - Test Cases/AHI/NEW/Medicare: Test Cases/AHI/NEW/Medicare

2020-04-16 08:22:14 - [TEST_STEP][PASSED] - callTestCase(findTestCase("AHI/_include/get_screenPath"), ["productLine":"AHI", "carrierName":"Medicare"], CONTINUE_ON_FAILURE): Call Test Case 'Test Cases/AHI/_include/get_screenPath' successfully

2020-04-16 08:22:14 - [TEST_CASE][PASSED] - Test Cases/AHI/_include/get_screenPath: Test Cases/AHI/_include/get_screenPath

2020-04-16 08:22:14 - [TEST_STEP][PASSED] - m = getExecutionProperties(): null

2020-04-16 08:22:14 - [TEST_STEP][PASSED] - deviceName = get("mobileEmulation").get("deviceName"): null

2020-04-16 08:22:14 - [TEST_STEP][PASSED] - println(deviceName): null

2020-04-16 08:22:14 - [TEST_STEP][PASSED] - now = new java.util.Date(): null

2020-04-16 08:22:14 - [TEST_STEP][PASSED] - mydate = now.format("yyyyMMdd_HHmmss"): null

2020-04-16 08:22:14 - [TEST_STEP][PASSED] - screenPath = "../Screenshots/": null

2020-04-16 08:22:14 - [TEST_STEP][PASSED] - screenPath = screenPath + deviceName + "/" + productLine + "/" + carrierName + "/" + mydate + "/": null

2020-04-16 08:22:14 - [TEST_STEP][PASSED] - println(screenPath): null

2020-04-16 08:22:14 - [MESSAGE][PASSED] - Call Test Case 'Test Cases/AHI/_include/get_screenPath' successfully

2020-04-16 08:22:14 - [TEST_STEP][PASSED] - i = 0: null

2020-04-16 08:22:14 - [TEST_STEP][PASSED] - callTestCase(findTestCase("AHI/_include/openWebSite"), [:], CONTINUE_ON_FAILURE): Call Test Case 'Test Cases/AHI/_include/openWebSite' successfully

2020-04-16 08:22:14 - [TEST_CASE][PASSED] - Test Cases/AHI/_include/openWebSite: Test Cases/AHI/_include/openWebSite

2020-04-16 08:22:14 - [TEST_STEP][PASSED] - openBrowser(env): Browser is opened with url: 'https://praetemptatus.agilehealthinsurance.com'

2020-04-16 08:22:14 - [MESSAGE][WARNING] - A browser is already opened. Closing browser and opening a new one

2020-04-16 08:22:15 - [MESSAGE][INFO] - Starting 'Chrome' driver

2020-04-16 08:22:15 - [MESSAGE][INFO] - User set preference: ['mobileEmulation', '{deviceName=iPhone 6}']

2020-04-16 08:22:15 - [MESSAGE][INFO] - User set preference: ['args', '[--incognito, --aggressive-cache-discard, --window-size=375,677, --no-sandbox, --ignore-certificate-errors]']

2020-04-16 08:22:29 - [MESSAGE][PASSED] - Browser is opened with url: 'https://praetemptatus.agilehealthinsurance.com'

2020-04-16 08:22:29 - [TEST_STEP][PASSED] - waitForPageLoad(20): Wait for page load successfully

2020-04-16 08:22:30 - [MESSAGE][PASSED] - Wait for page load successfully

2020-04-16 08:22:30 - [TEST_STEP][PASSED] - callTestCase(findTestCase("AHI/_include/get_screenshot"), [:], STOP_ON_FAILURE): Call Test Case 'Test Cases/AHI/_include/get_screenshot' successfully

2020-04-16 08:22:30 - [TEST_CASE][PASSED] - Test Cases/AHI/_include/get_screenshot: Test Cases/AHI/_include/get_screenshot

2020-04-16 08:22:30 - [TEST_STEP][PASSED] - Thread.sleep(1000): null

2020-04-16 08:22:31 - [TEST_STEP][PASSED] - takeScreenshot(screenPath + i + ".png"): Taking screenshot successfully

2020-04-16 08:22:31 - [MESSAGE][PASSED] - Taking screenshot successfully
[[ATTACHMENT|D:\\Test\\AgileTest\\Reports\\AHI\\ahi\\20200416_080045\\../Screenshots/iPhone 6/AHI/Medicare/20200416_082214/0.png]]

2020-04-16 08:22:31 - [TEST_STEP][PASSED] - (internal.GlobalVariable.i++): null

2020-04-16 08:22:31 - [MESSAGE][PASSED] - Call Test Case 'Test Cases/AHI/_include/get_screenshot' successfully

2020-04-16 08:22:31 - [MESSAGE][PASSED] - Call Test Case 'Test Cases/AHI/_include/openWebSite' successfully

2020-04-16 08:22:31 - [TEST_STEP][PASSED] - driver = getWebDriver(): null

2020-04-16 08:22:31 - [TEST_STEP][PASSED] - baseUrl = ENV: null

2020-04-16 08:22:31 - [TEST_STEP][PASSED] - selenium = new com.thoughtworks.selenium.webdriven.WebDriverBackedSelenium(driver, baseUrl): null

2020-04-16 08:22:31 - [TEST_STEP][PASSED] - selenium.click("//*[@class='filter-option-inner-inner']"): null

2020-04-16 08:22:32 - [TEST_STEP][PASSED] - selenium.click("id=bs-select-1-4"): null

2020-04-16 08:22:32 - [TEST_STEP][PASSED] - selenium.click("id=primaryCTA"): null

2020-04-16 08:22:32 - [TEST_STEP][PASSED] - for ([second = 0, second < 10, (second++)]): null

2020-04-16 08:22:32 - [TEST_STEP][PASSED] - try: null

2020-04-16 08:22:32 - [TEST_STEP][PASSED] - if (selenium.isElementPresent("//h1[contains(text(),'Compare Medicare health plans')]")): null

2020-04-16 08:22:32 - [TEST_STEP][PASSED] - Thread.sleep(1000): null

2020-04-16 08:22:33 - [TEST_STEP][PASSED] - try: null

2020-04-16 08:22:33 - [TEST_STEP][PASSED] - if (selenium.isElementPresent("//h1[contains(text(),'Compare Medicare health plans')]")): null

2020-04-16 08:22:33 - [TEST_STEP][PASSED] - Thread.sleep(1000): null

2020-04-16 08:22:34 - [TEST_STEP][PASSED] - try: null

2020-04-16 08:22:34 - [TEST_STEP][PASSED] - if (selenium.isElementPresent("//h1[contains(text(),'Compare Medicare health plans')]")): null

2020-04-16 08:22:34 - [TEST_STEP][PASSED] - Thread.sleep(1000): null

2020-04-16 08:22:35 - [TEST_STEP][PASSED] - try: null

2020-04-16 08:22:35 - [TEST_STEP][PASSED] - if (selenium.isElementPresent("//h1[contains(text(),'Compare Medicare health plans')]")): null

2020-04-16 08:22:35 - [TEST_STEP][PASSED] - Thread.sleep(1000): null

2020-04-16 08:22:36 - [TEST_STEP][PASSED] - try: null

2020-04-16 08:22:36 - [TEST_STEP][PASSED] - if (selenium.isElementPresent("//h1[contains(text(),'Compare Medicare health plans')]")): null

2020-04-16 08:22:36 - [TEST_STEP][PASSED] - Thread.sleep(1000): null

2020-04-16 08:22:37 - [TEST_STEP][PASSED] - try: null

2020-04-16 08:22:37 - [TEST_STEP][PASSED] - if (selenium.isElementPresent("//h1[contains(text(),'Compare Medicare health plans')]")): null

2020-04-16 08:22:51 - [TEST_STEP][PASSED] - break: null

2020-04-16 08:22:51 - [TEST_STEP][PASSED] - callTestCase(findTestCase("AHI/_include/get_screenshot"), [:], STOP_ON_FAILURE): Call Test Case 'Test Cases/AHI/_include/get_screenshot' successfully

2020-04-16 08:22:51 - [TEST_CASE][PASSED] - Test Cases/AHI/_include/get_screenshot: Test Cases/AHI/_include/get_screenshot

2020-04-16 08:22:51 - [TEST_STEP][PASSED] - Thread.sleep(1000): null

2020-04-16 08:22:52 - [TEST_STEP][PASSED] - takeScreenshot(screenPath + i + ".png"): Taking screenshot successfully

2020-04-16 08:22:53 - [MESSAGE][PASSED] - Taking screenshot successfully
[[ATTACHMENT|D:\\Test\\AgileTest\\Reports\\AHI\\ahi\\20200416_080045\\../Screenshots/iPhone 6/AHI/Medicare/20200416_082214/1.png]]

2020-04-16 08:22:53 - [TEST_STEP][PASSED] - (internal.GlobalVariable.i++): null

2020-04-16 08:22:53 - [MESSAGE][PASSED] - Call Test Case 'Test Cases/AHI/_include/get_screenshot' successfully]]></system-out>
         <system-err><![CDATA[]]></system-err>
      </testcase>
      <testcase name="Test Cases/AHI/NEW/Pet Insurance" classname="Test Cases/AHI/NEW/Pet Insurance" status="PASSED">
         <system-out><![CDATA[2020-04-16 08:22:53 - [TEST_CASE][PASSED] - Test Cases/AHI/NEW/Pet Insurance: Test Cases/AHI/NEW/Pet Insurance

2020-04-16 08:22:53 - [TEST_STEP][PASSED] - callTestCase(findTestCase("AHI/_include/get_screenPath"), ["productLine":"AHI", "carrierName":"Pet Insurance"], CONTINUE_ON_FAILURE): Call Test Case 'Test Cases/AHI/_include/get_screenPath' successfully

2020-04-16 08:22:53 - [TEST_CASE][PASSED] - Test Cases/AHI/_include/get_screenPath: Test Cases/AHI/_include/get_screenPath

2020-04-16 08:22:53 - [TEST_STEP][PASSED] - m = getExecutionProperties(): null

2020-04-16 08:22:53 - [TEST_STEP][PASSED] - deviceName = get("mobileEmulation").get("deviceName"): null

2020-04-16 08:22:53 - [TEST_STEP][PASSED] - println(deviceName): null

2020-04-16 08:22:53 - [TEST_STEP][PASSED] - now = new java.util.Date(): null

2020-04-16 08:22:53 - [TEST_STEP][PASSED] - mydate = now.format("yyyyMMdd_HHmmss"): null

2020-04-16 08:22:53 - [TEST_STEP][PASSED] - screenPath = "../Screenshots/": null

2020-04-16 08:22:53 - [TEST_STEP][PASSED] - screenPath = screenPath + deviceName + "/" + productLine + "/" + carrierName + "/" + mydate + "/": null

2020-04-16 08:22:53 - [TEST_STEP][PASSED] - println(screenPath): null

2020-04-16 08:22:53 - [MESSAGE][PASSED] - Call Test Case 'Test Cases/AHI/_include/get_screenPath' successfully

2020-04-16 08:22:53 - [TEST_STEP][PASSED] - i = 0: null

2020-04-16 08:22:53 - [TEST_STEP][PASSED] - callTestCase(findTestCase("AHI/_include/openWebSite"), [:], CONTINUE_ON_FAILURE): Call Test Case 'Test Cases/AHI/_include/openWebSite' successfully

2020-04-16 08:22:53 - [TEST_CASE][PASSED] - Test Cases/AHI/_include/openWebSite: Test Cases/AHI/_include/openWebSite

2020-04-16 08:22:53 - [TEST_STEP][PASSED] - openBrowser(env): Browser is opened with url: 'https://praetemptatus.agilehealthinsurance.com'

2020-04-16 08:22:53 - [MESSAGE][WARNING] - A browser is already opened. Closing browser and opening a new one

2020-04-16 08:22:54 - [MESSAGE][INFO] - Starting 'Chrome' driver

2020-04-16 08:22:54 - [MESSAGE][INFO] - User set preference: ['mobileEmulation', '{deviceName=iPhone 6}']

2020-04-16 08:22:54 - [MESSAGE][INFO] - User set preference: ['args', '[--incognito, --aggressive-cache-discard, --window-size=375,677, --no-sandbox, --ignore-certificate-errors]']

2020-04-16 08:23:02 - [MESSAGE][PASSED] - Browser is opened with url: 'https://praetemptatus.agilehealthinsurance.com'

2020-04-16 08:23:02 - [TEST_STEP][PASSED] - waitForPageLoad(20): Wait for page load successfully

2020-04-16 08:23:02 - [MESSAGE][PASSED] - Wait for page load successfully

2020-04-16 08:23:02 - [TEST_STEP][PASSED] - callTestCase(findTestCase("AHI/_include/get_screenshot"), [:], STOP_ON_FAILURE): Call Test Case 'Test Cases/AHI/_include/get_screenshot' successfully

2020-04-16 08:23:02 - [TEST_CASE][PASSED] - Test Cases/AHI/_include/get_screenshot: Test Cases/AHI/_include/get_screenshot

2020-04-16 08:23:02 - [TEST_STEP][PASSED] - Thread.sleep(1000): null

2020-04-16 08:23:03 - [TEST_STEP][PASSED] - takeScreenshot(screenPath + i + ".png"): Taking screenshot successfully

2020-04-16 08:23:04 - [MESSAGE][PASSED] - Taking screenshot successfully
[[ATTACHMENT|D:\\Test\\AgileTest\\Reports\\AHI\\ahi\\20200416_080045\\../Screenshots/iPhone 6/AHI/Pet Insurance/20200416_082253/0.png]]

2020-04-16 08:23:04 - [TEST_STEP][PASSED] - (internal.GlobalVariable.i++): null

2020-04-16 08:23:04 - [MESSAGE][PASSED] - Call Test Case 'Test Cases/AHI/_include/get_screenshot' successfully

2020-04-16 08:23:04 - [MESSAGE][PASSED] - Call Test Case 'Test Cases/AHI/_include/openWebSite' successfully

2020-04-16 08:23:04 - [TEST_STEP][PASSED] - driver = getWebDriver(): null

2020-04-16 08:23:04 - [TEST_STEP][PASSED] - baseUrl = ENV: null

2020-04-16 08:23:04 - [TEST_STEP][PASSED] - selenium = new com.thoughtworks.selenium.webdriven.WebDriverBackedSelenium(driver, baseUrl): null

2020-04-16 08:23:04 - [TEST_STEP][PASSED] - selenium.click("//*[@class='filter-option-inner-inner']"): null

2020-04-16 08:23:04 - [TEST_STEP][PASSED] - selenium.click("id=bs-select-1-5"): null

2020-04-16 08:23:04 - [TEST_STEP][PASSED] - selenium.click("id=primaryCTA"): null

2020-04-16 08:23:05 - [TEST_STEP][PASSED] - for ([second = 0, second < 20, (second++)]): null

2020-04-16 08:23:05 - [TEST_STEP][PASSED] - try: null

2020-04-16 08:23:05 - [TEST_STEP][PASSED] - if (selenium.isElementPresent("id=zip-input")): null

2020-04-16 08:23:05 - [TEST_STEP][PASSED] - break: null

2020-04-16 08:23:05 - [TEST_STEP][PASSED] - callTestCase(findTestCase("AHI/_include/get_screenshot"), [:], STOP_ON_FAILURE): Call Test Case 'Test Cases/AHI/_include/get_screenshot' successfully

2020-04-16 08:23:05 - [TEST_CASE][PASSED] - Test Cases/AHI/_include/get_screenshot: Test Cases/AHI/_include/get_screenshot

2020-04-16 08:23:05 - [TEST_STEP][PASSED] - Thread.sleep(1000): null

2020-04-16 08:23:06 - [TEST_STEP][PASSED] - takeScreenshot(screenPath + i + ".png"): Taking screenshot successfully

2020-04-16 08:23:07 - [MESSAGE][PASSED] - Taking screenshot successfully
[[ATTACHMENT|D:\\Test\\AgileTest\\Reports\\AHI\\ahi\\20200416_080045\\../Screenshots/iPhone 6/AHI/Pet Insurance/20200416_082253/1.png]]

2020-04-16 08:23:07 - [TEST_STEP][PASSED] - (internal.GlobalVariable.i++): null

2020-04-16 08:23:07 - [MESSAGE][PASSED] - Call Test Case 'Test Cases/AHI/_include/get_screenshot' successfully

2020-04-16 08:23:07 - [TEST_STEP][PASSED] - sendKeys(findTestObject("mobileSanity/Cancer Insurance/zip"), "35216"): Keys '35216' sent to object: 'Object Repository/mobileSanity/Cancer Insurance/zip'

2020-04-16 08:23:08 - [MESSAGE][PASSED] - Keys '35216' sent to object: 'Object Repository/mobileSanity/Cancer Insurance/zip'

2020-04-16 08:23:08 - [TEST_STEP][PASSED] - Thread.sleep(3000): null

2020-04-16 08:23:11 - [TEST_STEP][PASSED] - selenium.click("id=js-see-plans"): null

2020-04-16 08:23:11 - [TEST_STEP][PASSED] - for ([second = 0, second < 20, (second++)]): null

2020-04-16 08:23:11 - [TEST_STEP][PASSED] - try: null

2020-04-16 08:23:11 - [TEST_STEP][PASSED] - if (selenium.isElementPresent("id=name-input")): null

2020-04-16 08:23:15 - [TEST_STEP][PASSED] - break: null

2020-04-16 08:23:15 - [TEST_STEP][PASSED] - callTestCase(findTestCase("AHI/_include/get_screenshot"), [:], STOP_ON_FAILURE): Call Test Case 'Test Cases/AHI/_include/get_screenshot' successfully

2020-04-16 08:23:15 - [TEST_CASE][PASSED] - Test Cases/AHI/_include/get_screenshot: Test Cases/AHI/_include/get_screenshot

2020-04-16 08:23:15 - [TEST_STEP][PASSED] - Thread.sleep(1000): null

2020-04-16 08:23:16 - [TEST_STEP][PASSED] - takeScreenshot(screenPath + i + ".png"): Taking screenshot successfully

2020-04-16 08:23:16 - [MESSAGE][PASSED] - Taking screenshot successfully
[[ATTACHMENT|D:\\Test\\AgileTest\\Reports\\AHI\\ahi\\20200416_080045\\../Screenshots/iPhone 6/AHI/Pet Insurance/20200416_082253/2.png]]

2020-04-16 08:23:16 - [TEST_STEP][PASSED] - (internal.GlobalVariable.i++): null

2020-04-16 08:23:16 - [MESSAGE][PASSED] - Call Test Case 'Test Cases/AHI/_include/get_screenshot' successfully

2020-04-16 08:23:16 - [TEST_STEP][PASSED] - setText(findTestObject("mobileSanity/Pet Insurance/name-input"), "Test cat"): Text 'Test cat' is set on object 'Object Repository/mobileSanity/Pet Insurance/name-input'

2020-04-16 08:23:16 - [MESSAGE][PASSED] - Text 'Test cat' is set on object 'Object Repository/mobileSanity/Pet Insurance/name-input'

2020-04-16 08:23:16 - [TEST_STEP][PASSED] - selenium.click("id=js-continue"): null

2020-04-16 08:23:16 - [TEST_STEP][PASSED] - for ([second = 0, second < 20, (second++)]): null

2020-04-16 08:23:16 - [TEST_STEP][PASSED] - try: null

2020-04-16 08:23:16 - [TEST_STEP][PASSED] - if (selenium.isElementPresent("xpath=//label[@for='p-cat']")): null

2020-04-16 08:23:16 - [TEST_STEP][PASSED] - Thread.sleep(1000): null

2020-04-16 08:23:17 - [TEST_STEP][PASSED] - try: null

2020-04-16 08:23:17 - [TEST_STEP][PASSED] - if (selenium.isElementPresent("xpath=//label[@for='p-cat']")): null

2020-04-16 08:23:17 - [TEST_STEP][PASSED] - break: null

2020-04-16 08:23:17 - [TEST_STEP][PASSED] - callTestCase(findTestCase("AHI/_include/get_screenshot"), [:], STOP_ON_FAILURE): Call Test Case 'Test Cases/AHI/_include/get_screenshot' successfully

2020-04-16 08:23:17 - [TEST_CASE][PASSED] - Test Cases/AHI/_include/get_screenshot: Test Cases/AHI/_include/get_screenshot

2020-04-16 08:23:17 - [TEST_STEP][PASSED] - Thread.sleep(1000): null

2020-04-16 08:23:18 - [TEST_STEP][PASSED] - takeScreenshot(screenPath + i + ".png"): Taking screenshot successfully

2020-04-16 08:23:19 - [MESSAGE][PASSED] - Taking screenshot successfully
[[ATTACHMENT|D:\\Test\\AgileTest\\Reports\\AHI\\ahi\\20200416_080045\\../Screenshots/iPhone 6/AHI/Pet Insurance/20200416_082253/3.png]]

2020-04-16 08:23:19 - [TEST_STEP][PASSED] - (internal.GlobalVariable.i++): null

2020-04-16 08:23:19 - [MESSAGE][PASSED] - Call Test Case 'Test Cases/AHI/_include/get_screenshot' successfully

2020-04-16 08:23:19 - [TEST_STEP][PASSED] - selenium.click("//label[@for='p-cat']"): null

2020-04-16 08:23:19 - [TEST_STEP][PASSED] - for ([second = 0, second < 20, (second++)]): null

2020-04-16 08:23:19 - [TEST_STEP][PASSED] - try: null

2020-04-16 08:23:19 - [TEST_STEP][PASSED] - if (selenium.isElementPresent("id=dob-mm-input")): null

2020-04-16 08:23:19 - [TEST_STEP][PASSED] - Thread.sleep(1000): null

2020-04-16 08:23:20 - [TEST_STEP][PASSED] - try: null

2020-04-16 08:23:20 - [TEST_STEP][PASSED] - if (selenium.isElementPresent("id=dob-mm-input")): null

2020-04-16 08:23:20 - [TEST_STEP][PASSED] - break: null

2020-04-16 08:23:20 - [TEST_STEP][PASSED] - callTestCase(findTestCase("AHI/_include/get_screenshot"), [:], STOP_ON_FAILURE): Call Test Case 'Test Cases/AHI/_include/get_screenshot' successfully

2020-04-16 08:23:20 - [TEST_CASE][PASSED] - Test Cases/AHI/_include/get_screenshot: Test Cases/AHI/_include/get_screenshot

2020-04-16 08:23:20 - [TEST_STEP][PASSED] - Thread.sleep(1000): null

2020-04-16 08:23:21 - [TEST_STEP][PASSED] - takeScreenshot(screenPath + i + ".png"): Taking screenshot successfully

2020-04-16 08:23:22 - [MESSAGE][PASSED] - Taking screenshot successfully
[[ATTACHMENT|D:\\Test\\AgileTest\\Reports\\AHI\\ahi\\20200416_080045\\../Screenshots/iPhone 6/AHI/Pet Insurance/20200416_082253/4.png]]

2020-04-16 08:23:22 - [TEST_STEP][PASSED] - (internal.GlobalVariable.i++): null

2020-04-16 08:23:22 - [MESSAGE][PASSED] - Call Test Case 'Test Cases/AHI/_include/get_screenshot' successfully

2020-04-16 08:23:22 - [TEST_STEP][PASSED] - setText(findTestObject("mobileSanity/Pet Insurance/dob-mm-input"), "01"): Text '01' is set on object 'Object Repository/mobileSanity/Pet Insurance/dob-mm-input'

2020-04-16 08:23:22 - [MESSAGE][PASSED] - Text '01' is set on object 'Object Repository/mobileSanity/Pet Insurance/dob-mm-input'

2020-04-16 08:23:22 - [TEST_STEP][PASSED] - setText(findTestObject("mobileSanity/Pet Insurance/dob-dd-input"), "01"): Text '01' is set on object 'Object Repository/mobileSanity/Pet Insurance/dob-dd-input'

2020-04-16 08:23:22 - [MESSAGE][PASSED] - Text '01' is set on object 'Object Repository/mobileSanity/Pet Insurance/dob-dd-input'

2020-04-16 08:23:22 - [TEST_STEP][PASSED] - setText(findTestObject("mobileSanity/Pet Insurance/dob-yyyy-input"), "2016"): Text '2016' is set on object 'Object Repository/mobileSanity/Pet Insurance/dob-yyyy-input'

2020-04-16 08:23:22 - [MESSAGE][PASSED] - Text '2016' is set on object 'Object Repository/mobileSanity/Pet Insurance/dob-yyyy-input'

2020-04-16 08:23:22 - [TEST_STEP][PASSED] - for ([second = 0, second < 20, (second++)]): null

2020-04-16 08:23:22 - [TEST_STEP][PASSED] - try: null

2020-04-16 08:23:22 - [TEST_STEP][PASSED] - if (selenium.isElementPresent("xpath=//label[@for='p-no']")): null

2020-04-16 08:23:22 - [TEST_STEP][PASSED] - Thread.sleep(1000): null

2020-04-16 08:23:23 - [TEST_STEP][PASSED] - try: null

2020-04-16 08:23:23 - [TEST_STEP][PASSED] - if (selenium.isElementPresent("xpath=//label[@for='p-no']")): null

2020-04-16 08:23:23 - [TEST_STEP][PASSED] - break: null

2020-04-16 08:23:23 - [TEST_STEP][PASSED] - callTestCase(findTestCase("AHI/_include/get_screenshot"), [:], STOP_ON_FAILURE): Call Test Case 'Test Cases/AHI/_include/get_screenshot' successfully

2020-04-16 08:23:23 - [TEST_CASE][PASSED] - Test Cases/AHI/_include/get_screenshot: Test Cases/AHI/_include/get_screenshot

2020-04-16 08:23:23 - [TEST_STEP][PASSED] - Thread.sleep(1000): null

2020-04-16 08:23:24 - [TEST_STEP][PASSED] - takeScreenshot(screenPath + i + ".png"): Taking screenshot successfully

2020-04-16 08:23:25 - [MESSAGE][PASSED] - Taking screenshot successfully
[[ATTACHMENT|D:\\Test\\AgileTest\\Reports\\AHI\\ahi\\20200416_080045\\../Screenshots/iPhone 6/AHI/Pet Insurance/20200416_082253/5.png]]

2020-04-16 08:23:25 - [TEST_STEP][PASSED] - (internal.GlobalVariable.i++): null

2020-04-16 08:23:25 - [MESSAGE][PASSED] - Call Test Case 'Test Cases/AHI/_include/get_screenshot' successfully

2020-04-16 08:23:25 - [TEST_STEP][PASSED] - selenium.click("//label[@for='p-no']"): null

2020-04-16 08:23:25 - [TEST_STEP][PASSED] - for ([second = 0, second < 20, (second++)]): null

2020-04-16 08:23:25 - [TEST_STEP][PASSED] - try: null

2020-04-16 08:23:25 - [TEST_STEP][PASSED] - if (selenium.isElementPresent("id=applyCta")): null

2020-04-16 08:23:33 - [TEST_STEP][PASSED] - break: null

2020-04-16 08:23:33 - [TEST_STEP][PASSED] - callTestCase(findTestCase("AHI/_include/get_screenshot"), [:], STOP_ON_FAILURE): Call Test Case 'Test Cases/AHI/_include/get_screenshot' successfully

2020-04-16 08:23:33 - [TEST_CASE][PASSED] - Test Cases/AHI/_include/get_screenshot: Test Cases/AHI/_include/get_screenshot

2020-04-16 08:23:33 - [TEST_STEP][PASSED] - Thread.sleep(1000): null

2020-04-16 08:23:34 - [TEST_STEP][PASSED] - takeScreenshot(screenPath + i + ".png"): Taking screenshot successfully

2020-04-16 08:23:34 - [MESSAGE][PASSED] - Taking screenshot successfully
[[ATTACHMENT|D:\\Test\\AgileTest\\Reports\\AHI\\ahi\\20200416_080045\\../Screenshots/iPhone 6/AHI/Pet Insurance/20200416_082253/6.png]]

2020-04-16 08:23:34 - [TEST_STEP][PASSED] - (internal.GlobalVariable.i++): null

2020-04-16 08:23:34 - [MESSAGE][PASSED] - Call Test Case 'Test Cases/AHI/_include/get_screenshot' successfully

2020-04-16 08:23:34 - [TEST_STEP][PASSED] - selenium.click("id=applyCta"): null

2020-04-16 08:23:41 - [TEST_STEP][PASSED] - for ([second = 0, second < 20, (second++)]): null

2020-04-16 08:23:41 - [TEST_STEP][PASSED] - try: null

2020-04-16 08:23:41 - [TEST_STEP][PASSED] - if (selenium.isElementPresent("id=member-P-1-firstName")): null

2020-04-16 08:23:42 - [TEST_STEP][PASSED] - break: null

2020-04-16 08:23:42 - [TEST_STEP][PASSED] - callTestCase(findTestCase("AHI/_include/get_screenshot"), [:], STOP_ON_FAILURE): Call Test Case 'Test Cases/AHI/_include/get_screenshot' successfully

2020-04-16 08:23:42 - [TEST_CASE][PASSED] - Test Cases/AHI/_include/get_screenshot: Test Cases/AHI/_include/get_screenshot

2020-04-16 08:23:42 - [TEST_STEP][PASSED] - Thread.sleep(1000): null

2020-04-16 08:23:43 - [TEST_STEP][PASSED] - takeScreenshot(screenPath + i + ".png"): Taking screenshot successfully

2020-04-16 08:23:44 - [MESSAGE][PASSED] - Taking screenshot successfully
[[ATTACHMENT|D:\\Test\\AgileTest\\Reports\\AHI\\ahi\\20200416_080045\\../Screenshots/iPhone 6/AHI/Pet Insurance/20200416_082253/7.png]]

2020-04-16 08:23:44 - [TEST_STEP][PASSED] - (internal.GlobalVariable.i++): null

2020-04-16 08:23:44 - [MESSAGE][PASSED] - Call Test Case 'Test Cases/AHI/_include/get_screenshot' successfully

2020-04-16 08:23:44 - [TEST_STEP][PASSED] - callTestCase(findTestCase("AHI/_include/name"), [:], STOP_ON_FAILURE): Call Test Case 'Test Cases/AHI/_include/name' successfully

2020-04-16 08:23:44 - [TEST_CASE][PASSED] - Test Cases/AHI/_include/name: Test Cases/AHI/_include/name

2020-04-16 08:23:44 - [TEST_STEP][PASSED] - driver = getWebDriver(): null

2020-04-16 08:23:44 - [TEST_STEP][PASSED] - selenium = new com.thoughtworks.selenium.webdriven.WebDriverBackedSelenium(driver, internal.GlobalVariable.ENV): null

2020-04-16 08:23:44 - [TEST_STEP][PASSED] - FirstName = "Test-123": null

2020-04-16 08:23:44 - [TEST_STEP][PASSED] - LastName = selenium.getEval("{var x="ABCDEFGHIJKLMNOPQRSTUVWXYZabcdefghijklmnopqrstuvwxyz"; var tmp="ZZ11-"; for (i=0;i<8;i++) tmp+=x.charAt(Math.ceil(51*Math.random()));tmp;}"): null

2020-04-16 08:23:44 - [TEST_STEP][PASSED] - Address = selenium.getEval("{var x="ABCDEFGHIJKLMNOPQRSTUVWXYZabcdefghijklmnopqrstuvwxyz"; var tmp=""; for (i=0;i<8;i++) tmp+=x.charAt(Math.ceil(51*Math.random()));tmp;}"): null

2020-04-16 08:23:44 - [TEST_STEP][PASSED] - City = selenium.getEval("{var x="ABCDEFGHIJKLMNOPQRSTUVWXYZabcdefghijklmnopqrstuvwxyz"; var tmp=""; for (i=0;i<8;i++) tmp+=x.charAt(Math.ceil(51*Math.random()));tmp;}"): null

2020-04-16 08:23:44 - [TEST_STEP][PASSED] - tel1 = selenium.getEval("{var x="123456789"; var tmp=""; for (i=0;i<3;i++) tmp+=x.charAt(Math.ceil(8*Math.random()));tmp;}"): null

2020-04-16 08:23:44 - [TEST_STEP][PASSED] - tel2 = selenium.getEval("{var x="123456789"; var tmp=""; for (i=0;i<3;i++) tmp+=x.charAt(Math.ceil(8*Math.random()));tmp;}"): null

2020-04-16 08:23:44 - [TEST_STEP][PASSED] - tel3 = selenium.getEval("{var x="123456789"; var tmp=""; for (i=0;i<4;i++) tmp+=x.charAt(Math.ceil(8*Math.random()));tmp;}"): null

2020-04-16 08:23:44 - [TEST_STEP][PASSED] - Tel = selenium.getExpression(tel1 + "-" + tel2 + "-" + tel3): null

2020-04-16 08:23:44 - [TEST_STEP][PASSED] - AutoEmail = selenium.getEval("{var x="ABCDEFGHIJKLMNOPQRSTUVWXYZabcdefghijklmnopqrstuvwxyz"; var tmp="test."; for (i=0;i<8;i++) tmp+=x.charAt(Math.ceil(51*Math.random()));tmp+="@suryani.cn";}"): null

2020-04-16 08:23:44 - [TEST_STEP][PASSED] - FirstName = FirstName: null

2020-04-16 08:23:44 - [TEST_STEP][PASSED] - LastName = LastName: null

2020-04-16 08:23:44 - [TEST_STEP][PASSED] - Address = Address: null

2020-04-16 08:23:44 - [TEST_STEP][PASSED] - City = City: null

2020-04-16 08:23:44 - [TEST_STEP][PASSED] - Tel = Tel: null

2020-04-16 08:23:44 - [TEST_STEP][PASSED] - AutoEmail = AutoEmail: null

2020-04-16 08:23:44 - [TEST_STEP][PASSED] - println(FirstName): null

2020-04-16 08:23:44 - [TEST_STEP][PASSED] - println(LastName): null

2020-04-16 08:23:44 - [TEST_STEP][PASSED] - println(Address): null

2020-04-16 08:23:44 - [TEST_STEP][PASSED] - println(City): null

2020-04-16 08:23:44 - [TEST_STEP][PASSED] - println(Tel): null

2020-04-16 08:23:44 - [TEST_STEP][PASSED] - println(AutoEmail): null

2020-04-16 08:23:44 - [MESSAGE][PASSED] - Call Test Case 'Test Cases/AHI/_include/name' successfully

2020-04-16 08:23:44 - [TEST_STEP][PASSED] - selenium.type("id=member-P-1-firstName", FirstName): null

2020-04-16 08:23:44 - [TEST_STEP][PASSED] - selenium.type("id=member-P-1-lastName", LastName): null

2020-04-16 08:23:44 - [TEST_STEP][PASSED] - selenium.type("id=address", Address): null

2020-04-16 08:23:44 - [TEST_STEP][PASSED] - selenium.type("id=city", City): null

2020-04-16 08:23:44 - [TEST_STEP][PASSED] - selenium.type("id=email", AutoEmail): null

2020-04-16 08:23:44 - [TEST_STEP][PASSED] - selenium.type("id=primaryPhone", Tel): null

2020-04-16 08:23:45 - [TEST_STEP][PASSED] - selenium.click("id=pet-veterinary-clinic-flag"): null

2020-04-16 08:23:45 - [TEST_STEP][PASSED] - Thread.sleep(2000): null

2020-04-16 08:23:47 - [TEST_STEP][PASSED] - selenium.click("id=js-app-continue-link"): null

2020-04-16 08:23:47 - [TEST_STEP][PASSED] - for ([second = 0, second < 20, (second++)]): null

2020-04-16 08:23:47 - [TEST_STEP][PASSED] - try: null

2020-04-16 08:23:47 - [TEST_STEP][PASSED] - if (selenium.isElementPresent("id=credit-card-number")): null

2020-04-16 08:23:47 - [TEST_STEP][PASSED] - Thread.sleep(1000): null

2020-04-16 08:23:48 - [TEST_STEP][PASSED] - try: null

2020-04-16 08:23:48 - [TEST_STEP][PASSED] - if (selenium.isElementPresent("id=credit-card-number")): null

2020-04-16 08:23:48 - [TEST_STEP][PASSED] - break: null

2020-04-16 08:23:48 - [TEST_STEP][PASSED] - callTestCase(findTestCase("AHI/_include/get_screenshot"), [:], STOP_ON_FAILURE): Call Test Case 'Test Cases/AHI/_include/get_screenshot' successfully

2020-04-16 08:23:48 - [TEST_CASE][PASSED] - Test Cases/AHI/_include/get_screenshot: Test Cases/AHI/_include/get_screenshot

2020-04-16 08:23:48 - [TEST_STEP][PASSED] - Thread.sleep(1000): null

2020-04-16 08:23:49 - [TEST_STEP][PASSED] - takeScreenshot(screenPath + i + ".png"): Taking screenshot successfully

2020-04-16 08:23:50 - [MESSAGE][PASSED] - Taking screenshot successfully
[[ATTACHMENT|D:\\Test\\AgileTest\\Reports\\AHI\\ahi\\20200416_080045\\../Screenshots/iPhone 6/AHI/Pet Insurance/20200416_082253/8.png]]

2020-04-16 08:23:50 - [TEST_STEP][PASSED] - (internal.GlobalVariable.i++): null

2020-04-16 08:23:50 - [MESSAGE][PASSED] - Call Test Case 'Test Cases/AHI/_include/get_screenshot' successfully

2020-04-16 08:23:50 - [TEST_STEP][PASSED] - selenium.type("id=credit-card-number", "4111111111111111"): null

2020-04-16 08:23:50 - [TEST_STEP][PASSED] - selenium.type("id=credit-card-first", "test"): null

2020-04-16 08:23:50 - [TEST_STEP][PASSED] - selenium.type("id=credit-card-last", "test"): null

2020-04-16 08:23:50 - [TEST_STEP][PASSED] - selenium.select("id=expiration-month", "12"): null

2020-04-16 08:23:50 - [TEST_STEP][PASSED] - selenium.select("id=expiration-year", "2026"): null

2020-04-16 08:23:50 - [TEST_STEP][PASSED] - selenium.type("id=credit-card-cvv", "123"): null

2020-04-16 08:23:50 - [TEST_STEP][PASSED] - selenium.type("id=credit-card-number", "4111111111111111"): null

2020-04-16 08:23:51 - [TEST_STEP][PASSED] - selenium.click("id=js-same-billing"): null

2020-04-16 08:23:51 - [TEST_STEP][PASSED] - selenium.click("id=credit-payment-authorization"): null

2020-04-16 08:23:51 - [TEST_STEP][PASSED] - selenium.click("id=js-app-continue-link"): null

2020-04-16 08:23:51 - [TEST_STEP][PASSED] - for ([second = 0, second < 20, (second++)]): null

2020-04-16 08:23:51 - [TEST_STEP][PASSED] - try: null

2020-04-16 08:23:51 - [TEST_STEP][PASSED] - if (selenium.isElementPresent("id=consent-checkbox-0")): null

2020-04-16 08:23:51 - [TEST_STEP][PASSED] - Thread.sleep(1000): null

2020-04-16 08:23:52 - [TEST_STEP][PASSED] - try: null

2020-04-16 08:23:52 - [TEST_STEP][PASSED] - if (selenium.isElementPresent("id=consent-checkbox-0")): null

2020-04-16 08:23:52 - [TEST_STEP][PASSED] - Thread.sleep(1000): null

2020-04-16 08:23:53 - [TEST_STEP][PASSED] - try: null

2020-04-16 08:23:53 - [TEST_STEP][PASSED] - if (selenium.isElementPresent("id=consent-checkbox-0")): null

2020-04-16 08:23:53 - [TEST_STEP][PASSED] - break: null

2020-04-16 08:23:53 - [TEST_STEP][PASSED] - callTestCase(findTestCase("AHI/_include/get_screenshot"), [:], STOP_ON_FAILURE): Call Test Case 'Test Cases/AHI/_include/get_screenshot' successfully

2020-04-16 08:23:53 - [TEST_CASE][PASSED] - Test Cases/AHI/_include/get_screenshot: Test Cases/AHI/_include/get_screenshot

2020-04-16 08:23:53 - [TEST_STEP][PASSED] - Thread.sleep(1000): null

2020-04-16 08:23:54 - [TEST_STEP][PASSED] - takeScreenshot(screenPath + i + ".png"): Taking screenshot successfully

2020-04-16 08:23:55 - [MESSAGE][PASSED] - Taking screenshot successfully
[[ATTACHMENT|D:\\Test\\AgileTest\\Reports\\AHI\\ahi\\20200416_080045\\../Screenshots/iPhone 6/AHI/Pet Insurance/20200416_082253/9.png]]

2020-04-16 08:23:55 - [TEST_STEP][PASSED] - (internal.GlobalVariable.i++): null

2020-04-16 08:23:55 - [MESSAGE][PASSED] - Call Test Case 'Test Cases/AHI/_include/get_screenshot' successfully

2020-04-16 08:23:55 - [TEST_STEP][PASSED] - selenium.click("id=consent-checkbox-0"): null

2020-04-16 08:23:55 - [TEST_STEP][PASSED] - selenium.click("id=consent-checkbox-1"): null

2020-04-16 08:23:55 - [TEST_STEP][PASSED] - selenium.click("id=consent-checkbox-2"): null

2020-04-16 08:23:55 - [TEST_STEP][PASSED] - selenium.click("id=consent-checkbox-3"): null

2020-04-16 08:23:55 - [TEST_STEP][PASSED] - selenium.click("id=js-signature-tab"): null

2020-04-16 08:23:55 - [TEST_STEP][PASSED] - selenium.click("id=js-app-continue-link"): null

2020-04-16 08:23:56 - [TEST_STEP][PASSED] - for ([second = 0, second < 30, (second++)]): null

2020-04-16 08:23:56 - [TEST_STEP][PASSED] - try: null

2020-04-16 08:23:56 - [TEST_STEP][PASSED] - if (selenium.isElementPresent("xpath=//h2[contains(text(),'Thank You')]")): null

2020-04-16 08:23:56 - [TEST_STEP][PASSED] - Thread.sleep(1000): null

2020-04-16 08:23:57 - [TEST_STEP][PASSED] - try: null

2020-04-16 08:23:57 - [TEST_STEP][PASSED] - if (selenium.isElementPresent("xpath=//h2[contains(text(),'Thank You')]")): null

2020-04-16 08:23:57 - [TEST_STEP][PASSED] - Thread.sleep(1000): null

2020-04-16 08:23:58 - [TEST_STEP][PASSED] - try: null

2020-04-16 08:23:58 - [TEST_STEP][PASSED] - if (selenium.isElementPresent("xpath=//h2[contains(text(),'Thank You')]")): null

2020-04-16 08:23:58 - [TEST_STEP][PASSED] - Thread.sleep(1000): null

2020-04-16 08:23:59 - [TEST_STEP][PASSED] - try: null

2020-04-16 08:23:59 - [TEST_STEP][PASSED] - if (selenium.isElementPresent("xpath=//h2[contains(text(),'Thank You')]")): null

2020-04-16 08:23:59 - [TEST_STEP][PASSED] - Thread.sleep(1000): null

2020-04-16 08:24:00 - [TEST_STEP][PASSED] - try: null

2020-04-16 08:24:00 - [TEST_STEP][PASSED] - if (selenium.isElementPresent("xpath=//h2[contains(text(),'Thank You')]")): null

2020-04-16 08:24:00 - [TEST_STEP][PASSED] - Thread.sleep(1000): null

2020-04-16 08:24:01 - [TEST_STEP][PASSED] - try: null

2020-04-16 08:24:01 - [TEST_STEP][PASSED] - if (selenium.isElementPresent("xpath=//h2[contains(text(),'Thank You')]")): null

2020-04-16 08:24:01 - [TEST_STEP][PASSED] - Thread.sleep(1000): null

2020-04-16 08:24:02 - [TEST_STEP][PASSED] - try: null

2020-04-16 08:24:02 - [TEST_STEP][PASSED] - if (selenium.isElementPresent("xpath=//h2[contains(text(),'Thank You')]")): null

2020-04-16 08:24:02 - [TEST_STEP][PASSED] - Thread.sleep(1000): null

2020-04-16 08:24:04 - [TEST_STEP][PASSED] - try: null

2020-04-16 08:24:04 - [TEST_STEP][PASSED] - if (selenium.isElementPresent("xpath=//h2[contains(text(),'Thank You')]")): null

2020-04-16 08:24:04 - [TEST_STEP][PASSED] - Thread.sleep(1000): null

2020-04-16 08:24:05 - [TEST_STEP][PASSED] - try: null

2020-04-16 08:24:05 - [TEST_STEP][PASSED] - if (selenium.isElementPresent("xpath=//h2[contains(text(),'Thank You')]")): null

2020-04-16 08:24:05 - [TEST_STEP][PASSED] - Thread.sleep(1000): null

2020-04-16 08:24:06 - [TEST_STEP][PASSED] - try: null

2020-04-16 08:24:06 - [TEST_STEP][PASSED] - if (selenium.isElementPresent("xpath=//h2[contains(text(),'Thank You')]")): null

2020-04-16 08:24:06 - [TEST_STEP][PASSED] - Thread.sleep(1000): null

2020-04-16 08:24:07 - [TEST_STEP][PASSED] - try: null

2020-04-16 08:24:07 - [TEST_STEP][PASSED] - if (selenium.isElementPresent("xpath=//h2[contains(text(),'Thank You')]")): null

2020-04-16 08:24:07 - [TEST_STEP][PASSED] - Thread.sleep(1000): null

2020-04-16 08:24:08 - [TEST_STEP][PASSED] - try: null

2020-04-16 08:24:08 - [TEST_STEP][PASSED] - if (selenium.isElementPresent("xpath=//h2[contains(text(),'Thank You')]")): null

2020-04-16 08:24:08 - [TEST_STEP][PASSED] - Thread.sleep(1000): null

2020-04-16 08:24:09 - [TEST_STEP][PASSED] - try: null

2020-04-16 08:24:09 - [TEST_STEP][PASSED] - if (selenium.isElementPresent("xpath=//h2[contains(text(),'Thank You')]")): null

2020-04-16 08:24:09 - [TEST_STEP][PASSED] - Thread.sleep(1000): null

2020-04-16 08:24:10 - [TEST_STEP][PASSED] - try: null

2020-04-16 08:24:10 - [TEST_STEP][PASSED] - if (selenium.isElementPresent("xpath=//h2[contains(text(),'Thank You')]")): null

2020-04-16 08:24:10 - [TEST_STEP][PASSED] - Thread.sleep(1000): null

2020-04-16 08:24:11 - [TEST_STEP][PASSED] - try: null

2020-04-16 08:24:11 - [TEST_STEP][PASSED] - if (selenium.isElementPresent("xpath=//h2[contains(text(),'Thank You')]")): null

2020-04-16 08:24:11 - [TEST_STEP][PASSED] - Thread.sleep(1000): null

2020-04-16 08:24:12 - [TEST_STEP][PASSED] - try: null

2020-04-16 08:24:12 - [TEST_STEP][PASSED] - if (selenium.isElementPresent("xpath=//h2[contains(text(),'Thank You')]")): null

2020-04-16 08:24:12 - [TEST_STEP][PASSED] - Thread.sleep(1000): null

2020-04-16 08:24:13 - [TEST_STEP][PASSED] - try: null

2020-04-16 08:24:13 - [TEST_STEP][PASSED] - if (selenium.isElementPresent("xpath=//h2[contains(text(),'Thank You')]")): null

2020-04-16 08:24:13 - [TEST_STEP][PASSED] - Thread.sleep(1000): null

2020-04-16 08:24:14 - [TEST_STEP][PASSED] - try: null

2020-04-16 08:24:14 - [TEST_STEP][PASSED] - if (selenium.isElementPresent("xpath=//h2[contains(text(),'Thank You')]")): null

2020-04-16 08:24:14 - [TEST_STEP][PASSED] - Thread.sleep(1000): null

2020-04-16 08:24:15 - [TEST_STEP][PASSED] - try: null

2020-04-16 08:24:15 - [TEST_STEP][PASSED] - if (selenium.isElementPresent("xpath=//h2[contains(text(),'Thank You')]")): null

2020-04-16 08:24:15 - [TEST_STEP][PASSED] - Thread.sleep(1000): null

2020-04-16 08:24:16 - [TEST_STEP][PASSED] - try: null

2020-04-16 08:24:16 - [TEST_STEP][PASSED] - if (selenium.isElementPresent("xpath=//h2[contains(text(),'Thank You')]")): null

2020-04-16 08:24:16 - [TEST_STEP][PASSED] - Thread.sleep(1000): null

2020-04-16 08:24:17 - [TEST_STEP][PASSED] - try: null

2020-04-16 08:24:17 - [TEST_STEP][PASSED] - if (selenium.isElementPresent("xpath=//h2[contains(text(),'Thank You')]")): null

2020-04-16 08:24:17 - [TEST_STEP][PASSED] - Thread.sleep(1000): null

2020-04-16 08:24:18 - [TEST_STEP][PASSED] - try: null

2020-04-16 08:24:18 - [TEST_STEP][PASSED] - if (selenium.isElementPresent("xpath=//h2[contains(text(),'Thank You')]")): null

2020-04-16 08:24:18 - [TEST_STEP][PASSED] - Thread.sleep(1000): null

2020-04-16 08:24:19 - [TEST_STEP][PASSED] - try: null

2020-04-16 08:24:19 - [TEST_STEP][PASSED] - if (selenium.isElementPresent("xpath=//h2[contains(text(),'Thank You')]")): null

2020-04-16 08:24:19 - [TEST_STEP][PASSED] - Thread.sleep(1000): null

2020-04-16 08:24:20 - [TEST_STEP][PASSED] - try: null

2020-04-16 08:24:20 - [TEST_STEP][PASSED] - if (selenium.isElementPresent("xpath=//h2[contains(text(),'Thank You')]")): null

2020-04-16 08:24:20 - [TEST_STEP][PASSED] - Thread.sleep(1000): null

2020-04-16 08:24:21 - [TEST_STEP][PASSED] - try: null

2020-04-16 08:24:21 - [TEST_STEP][PASSED] - if (selenium.isElementPresent("xpath=//h2[contains(text(),'Thank You')]")): null

2020-04-16 08:24:21 - [TEST_STEP][PASSED] - Thread.sleep(1000): null

2020-04-16 08:24:22 - [TEST_STEP][PASSED] - try: null

2020-04-16 08:24:22 - [TEST_STEP][PASSED] - if (selenium.isElementPresent("xpath=//h2[contains(text(),'Thank You')]")): null

2020-04-16 08:24:22 - [TEST_STEP][PASSED] - Thread.sleep(1000): null

2020-04-16 08:24:23 - [TEST_STEP][PASSED] - try: null

2020-04-16 08:24:23 - [TEST_STEP][PASSED] - if (selenium.isElementPresent("xpath=//h2[contains(text(),'Thank You')]")): null

2020-04-16 08:24:23 - [TEST_STEP][PASSED] - Thread.sleep(1000): null

2020-04-16 08:24:24 - [TEST_STEP][PASSED] - try: null

2020-04-16 08:24:24 - [TEST_STEP][PASSED] - if (selenium.isElementPresent("xpath=//h2[contains(text(),'Thank You')]")): null

2020-04-16 08:24:24 - [TEST_STEP][PASSED] - Thread.sleep(1000): null

2020-04-16 08:24:25 - [TEST_STEP][PASSED] - try: null

2020-04-16 08:24:25 - [TEST_STEP][PASSED] - if (selenium.isElementPresent("xpath=//h2[contains(text(),'Thank You')]")): null

2020-04-16 08:24:25 - [TEST_STEP][PASSED] - Thread.sleep(1000): null

2020-04-16 08:24:26 - [TEST_STEP][PASSED] - try: null

2020-04-16 08:24:26 - [TEST_STEP][PASSED] - if (selenium.isElementPresent("xpath=//h2[contains(text(),'Thank You')]")): null

2020-04-16 08:24:26 - [TEST_STEP][PASSED] - Thread.sleep(1000): null

2020-04-16 08:24:27 - [TEST_STEP][PASSED] - callTestCase(findTestCase("AHI/_include/get_screenshot"), [:], STOP_ON_FAILURE): Call Test Case 'Test Cases/AHI/_include/get_screenshot' successfully

2020-04-16 08:24:27 - [TEST_CASE][PASSED] - Test Cases/AHI/_include/get_screenshot: Test Cases/AHI/_include/get_screenshot

2020-04-16 08:24:27 - [TEST_STEP][PASSED] - Thread.sleep(1000): null

2020-04-16 08:24:28 - [TEST_STEP][PASSED] - takeScreenshot(screenPath + i + ".png"): Taking screenshot successfully

2020-04-16 08:24:29 - [MESSAGE][PASSED] - Taking screenshot successfully
[[ATTACHMENT|D:\\Test\\AgileTest\\Reports\\AHI\\ahi\\20200416_080045\\../Screenshots/iPhone 6/AHI/Pet Insurance/20200416_082253/10.png]]

2020-04-16 08:24:29 - [TEST_STEP][PASSED] - (internal.GlobalVariable.i++): null

2020-04-16 08:24:29 - [MESSAGE][PASSED] - Call Test Case 'Test Cases/AHI/_include/get_screenshot' successfully]]></system-out>
         <system-err><![CDATA[]]></system-err>
      </testcase>
      <testcase name="Test Cases/AHI/NEW/STM" classname="Test Cases/AHI/NEW/STM" status="PASSED">
         <system-out><![CDATA[2020-04-16 08:24:29 - [TEST_CASE][PASSED] - Test Cases/AHI/NEW/STM: Test Cases/AHI/NEW/STM

2020-04-16 08:24:29 - [TEST_STEP][PASSED] - callTestCase(findTestCase("AHI/_include/get_screenPath"), ["productLine":"AHI", "carrierName":"STM"], CONTINUE_ON_FAILURE): Call Test Case 'Test Cases/AHI/_include/get_screenPath' successfully

2020-04-16 08:24:29 - [TEST_CASE][PASSED] - Test Cases/AHI/_include/get_screenPath: Test Cases/AHI/_include/get_screenPath

2020-04-16 08:24:29 - [TEST_STEP][PASSED] - m = getExecutionProperties(): null

2020-04-16 08:24:29 - [TEST_STEP][PASSED] - deviceName = get("mobileEmulation").get("deviceName"): null

2020-04-16 08:24:29 - [TEST_STEP][PASSED] - println(deviceName): null

2020-04-16 08:24:29 - [TEST_STEP][PASSED] - now = new java.util.Date(): null

2020-04-16 08:24:29 - [TEST_STEP][PASSED] - mydate = now.format("yyyyMMdd_HHmmss"): null

2020-04-16 08:24:29 - [TEST_STEP][PASSED] - screenPath = "../Screenshots/": null

2020-04-16 08:24:29 - [TEST_STEP][PASSED] - screenPath = screenPath + deviceName + "/" + productLine + "/" + carrierName + "/" + mydate + "/": null

2020-04-16 08:24:29 - [TEST_STEP][PASSED] - println(screenPath): null

2020-04-16 08:24:29 - [MESSAGE][PASSED] - Call Test Case 'Test Cases/AHI/_include/get_screenPath' successfully

2020-04-16 08:24:29 - [TEST_STEP][PASSED] - i = 0: null

2020-04-16 08:24:29 - [TEST_STEP][PASSED] - callTestCase(findTestCase("AHI/_include/openWebSite"), [:], CONTINUE_ON_FAILURE): Call Test Case 'Test Cases/AHI/_include/openWebSite' successfully

2020-04-16 08:24:29 - [TEST_CASE][PASSED] - Test Cases/AHI/_include/openWebSite: Test Cases/AHI/_include/openWebSite

2020-04-16 08:24:29 - [TEST_STEP][PASSED] - openBrowser(env): Browser is opened with url: 'https://praetemptatus.agilehealthinsurance.com'

2020-04-16 08:24:29 - [MESSAGE][WARNING] - A browser is already opened. Closing browser and opening a new one

2020-04-16 08:24:30 - [MESSAGE][INFO] - Starting 'Chrome' driver

2020-04-16 08:24:30 - [MESSAGE][INFO] - User set preference: ['mobileEmulation', '{deviceName=iPhone 6}']

2020-04-16 08:24:30 - [MESSAGE][INFO] - User set preference: ['args', '[--incognito, --aggressive-cache-discard, --window-size=375,677, --no-sandbox, --ignore-certificate-errors]']

2020-04-16 08:24:44 - [MESSAGE][PASSED] - Browser is opened with url: 'https://praetemptatus.agilehealthinsurance.com'

2020-04-16 08:24:44 - [TEST_STEP][PASSED] - waitForPageLoad(20): Wait for page load successfully

2020-04-16 08:24:44 - [MESSAGE][PASSED] - Wait for page load successfully

2020-04-16 08:24:44 - [TEST_STEP][PASSED] - callTestCase(findTestCase("AHI/_include/get_screenshot"), [:], STOP_ON_FAILURE): Call Test Case 'Test Cases/AHI/_include/get_screenshot' successfully

2020-04-16 08:24:44 - [TEST_CASE][PASSED] - Test Cases/AHI/_include/get_screenshot: Test Cases/AHI/_include/get_screenshot

2020-04-16 08:24:44 - [TEST_STEP][PASSED] - Thread.sleep(1000): null

2020-04-16 08:24:45 - [TEST_STEP][PASSED] - takeScreenshot(screenPath + i + ".png"): Taking screenshot successfully

2020-04-16 08:24:46 - [MESSAGE][PASSED] - Taking screenshot successfully
[[ATTACHMENT|D:\\Test\\AgileTest\\Reports\\AHI\\ahi\\20200416_080045\\../Screenshots/iPhone 6/AHI/STM/20200416_082429/0.png]]

2020-04-16 08:24:46 - [TEST_STEP][PASSED] - (internal.GlobalVariable.i++): null

2020-04-16 08:24:46 - [MESSAGE][PASSED] - Call Test Case 'Test Cases/AHI/_include/get_screenshot' successfully

2020-04-16 08:24:46 - [MESSAGE][PASSED] - Call Test Case 'Test Cases/AHI/_include/openWebSite' successfully

2020-04-16 08:24:46 - [TEST_STEP][PASSED] - driver = getWebDriver(): null

2020-04-16 08:24:46 - [TEST_STEP][PASSED] - baseUrl = ENV: null

2020-04-16 08:24:46 - [TEST_STEP][PASSED] - selenium = new com.thoughtworks.selenium.webdriven.WebDriverBackedSelenium(driver, baseUrl): null

2020-04-16 08:24:46 - [TEST_STEP][PASSED] - selenium.click("//*[@class='filter-option-inner-inner']"): null

2020-04-16 08:24:46 - [TEST_STEP][PASSED] - selenium.click("id=bs-select-1-6"): null

2020-04-16 08:24:46 - [TEST_STEP][PASSED] - selenium.click("id=primaryCTA"): null

2020-04-16 08:24:53 - [TEST_STEP][PASSED] - for ([second = 0, second < 10, (second++)]): null

2020-04-16 08:24:53 - [TEST_STEP][PASSED] - try: null

2020-04-16 08:24:53 - [TEST_STEP][PASSED] - if (selenium.isElementPresent("id=js-traffic-to-aiq")): null

2020-04-16 08:25:03 - [TEST_STEP][PASSED] - break: null

2020-04-16 08:25:03 - [TEST_STEP][PASSED] - callTestCase(findTestCase("AHI/_include/get_screenshot"), [:], STOP_ON_FAILURE): Call Test Case 'Test Cases/AHI/_include/get_screenshot' successfully

2020-04-16 08:25:03 - [TEST_CASE][PASSED] - Test Cases/AHI/_include/get_screenshot: Test Cases/AHI/_include/get_screenshot

2020-04-16 08:25:03 - [TEST_STEP][PASSED] - Thread.sleep(1000): null

2020-04-16 08:25:04 - [TEST_STEP][PASSED] - takeScreenshot(screenPath + i + ".png"): Taking screenshot successfully

2020-04-16 08:25:04 - [MESSAGE][PASSED] - Taking screenshot successfully
[[ATTACHMENT|D:\\Test\\AgileTest\\Reports\\AHI\\ahi\\20200416_080045\\../Screenshots/iPhone 6/AHI/STM/20200416_082429/1.png]]

2020-04-16 08:25:04 - [TEST_STEP][PASSED] - (internal.GlobalVariable.i++): null

2020-04-16 08:25:04 - [MESSAGE][PASSED] - Call Test Case 'Test Cases/AHI/_include/get_screenshot' successfully

2020-04-16 08:25:04 - [TEST_STEP][PASSED] - url = selenium.getAttribute("xpath=(//a[@id='js-traffic-to-aiq'])@href"): null

2020-04-16 08:25:04 - [TEST_STEP][PASSED] - navigateToUrl(url): Navigate to 'https://healthinsurance.net/health?utm_source=hiiq&utm_medium=cpm&utm_campaign=agile' successfully

2020-04-16 08:25:46 - [MESSAGE][PASSED] - Navigate to 'https://healthinsurance.net/health?utm_source=hiiq&utm_medium=cpm&utm_campaign=agile' successfully

2020-04-16 08:25:46 - [TEST_STEP][PASSED] - waitForPageLoad(10): Wait for page load successfully

2020-04-16 08:25:46 - [MESSAGE][PASSED] - Wait for page load successfully

2020-04-16 08:25:46 - [TEST_STEP][PASSED] - callTestCase(findTestCase("AHI/_include/get_screenshot"), [:], STOP_ON_FAILURE): Call Test Case 'Test Cases/AHI/_include/get_screenshot' successfully

2020-04-16 08:25:46 - [TEST_CASE][PASSED] - Test Cases/AHI/_include/get_screenshot: Test Cases/AHI/_include/get_screenshot

2020-04-16 08:25:46 - [TEST_STEP][PASSED] - Thread.sleep(1000): null

2020-04-16 08:25:47 - [TEST_STEP][PASSED] - takeScreenshot(screenPath + i + ".png"): Taking screenshot successfully

2020-04-16 08:25:47 - [MESSAGE][PASSED] - Taking screenshot successfully
[[ATTACHMENT|D:\\Test\\AgileTest\\Reports\\AHI\\ahi\\20200416_080045\\../Screenshots/iPhone 6/AHI/STM/20200416_082429/2.png]]

2020-04-16 08:25:47 - [TEST_STEP][PASSED] - (internal.GlobalVariable.i++): null

2020-04-16 08:25:47 - [MESSAGE][PASSED] - Call Test Case 'Test Cases/AHI/_include/get_screenshot' successfully]]></system-out>
         <system-err><![CDATA[]]></system-err>
      </testcase>
      <testcase name="Test Cases/AHI/NEW/Teladoc" classname="Test Cases/AHI/NEW/Teladoc" status="PASSED">
         <system-out><![CDATA[2020-04-16 08:25:47 - [TEST_CASE][PASSED] - Test Cases/AHI/NEW/Teladoc: Test Cases/AHI/NEW/Teladoc

2020-04-16 08:25:48 - [TEST_STEP][PASSED] - callTestCase(findTestCase("AHI/_include/get_screenPath"), ["productLine":"AHI", "carrierName":"Teladoc"], CONTINUE_ON_FAILURE): Call Test Case 'Test Cases/AHI/_include/get_screenPath' successfully

2020-04-16 08:25:48 - [TEST_CASE][PASSED] - Test Cases/AHI/_include/get_screenPath: Test Cases/AHI/_include/get_screenPath

2020-04-16 08:25:48 - [TEST_STEP][PASSED] - m = getExecutionProperties(): null

2020-04-16 08:25:48 - [TEST_STEP][PASSED] - deviceName = get("mobileEmulation").get("deviceName"): null

2020-04-16 08:25:48 - [TEST_STEP][PASSED] - println(deviceName): null

2020-04-16 08:25:48 - [TEST_STEP][PASSED] - now = new java.util.Date(): null

2020-04-16 08:25:48 - [TEST_STEP][PASSED] - mydate = now.format("yyyyMMdd_HHmmss"): null

2020-04-16 08:25:48 - [TEST_STEP][PASSED] - screenPath = "../Screenshots/": null

2020-04-16 08:25:48 - [TEST_STEP][PASSED] - screenPath = screenPath + deviceName + "/" + productLine + "/" + carrierName + "/" + mydate + "/": null

2020-04-16 08:25:48 - [TEST_STEP][PASSED] - println(screenPath): null

2020-04-16 08:25:48 - [MESSAGE][PASSED] - Call Test Case 'Test Cases/AHI/_include/get_screenPath' successfully

2020-04-16 08:25:48 - [TEST_STEP][PASSED] - i = 0: null

2020-04-16 08:25:48 - [TEST_STEP][PASSED] - callTestCase(findTestCase("AHI/_include/openWebSite"), [:], STOP_ON_FAILURE): Call Test Case 'Test Cases/AHI/_include/openWebSite' successfully

2020-04-16 08:25:48 - [TEST_CASE][PASSED] - Test Cases/AHI/_include/openWebSite: Test Cases/AHI/_include/openWebSite

2020-04-16 08:25:48 - [TEST_STEP][PASSED] - openBrowser(env): Browser is opened with url: 'https://praetemptatus.agilehealthinsurance.com'

2020-04-16 08:25:48 - [MESSAGE][WARNING] - A browser is already opened. Closing browser and opening a new one

2020-04-16 08:25:49 - [MESSAGE][INFO] - Starting 'Chrome' driver

2020-04-16 08:25:49 - [MESSAGE][INFO] - User set preference: ['mobileEmulation', '{deviceName=iPhone 6}']

2020-04-16 08:25:49 - [MESSAGE][INFO] - User set preference: ['args', '[--incognito, --aggressive-cache-discard, --window-size=375,677, --no-sandbox, --ignore-certificate-errors]']

2020-04-16 08:26:04 - [MESSAGE][PASSED] - Browser is opened with url: 'https://praetemptatus.agilehealthinsurance.com'

2020-04-16 08:26:04 - [TEST_STEP][PASSED] - waitForPageLoad(20): Wait for page load successfully

2020-04-16 08:26:04 - [MESSAGE][PASSED] - Wait for page load successfully

2020-04-16 08:26:04 - [TEST_STEP][PASSED] - callTestCase(findTestCase("AHI/_include/get_screenshot"), [:], STOP_ON_FAILURE): Call Test Case 'Test Cases/AHI/_include/get_screenshot' successfully

2020-04-16 08:26:04 - [TEST_CASE][PASSED] - Test Cases/AHI/_include/get_screenshot: Test Cases/AHI/_include/get_screenshot

2020-04-16 08:26:04 - [TEST_STEP][PASSED] - Thread.sleep(1000): null

2020-04-16 08:26:05 - [TEST_STEP][PASSED] - takeScreenshot(screenPath + i + ".png"): Taking screenshot successfully

2020-04-16 08:26:06 - [MESSAGE][PASSED] - Taking screenshot successfully
[[ATTACHMENT|D:\\Test\\AgileTest\\Reports\\AHI\\ahi\\20200416_080045\\../Screenshots/iPhone 6/AHI/Teladoc/20200416_082548/0.png]]

2020-04-16 08:26:06 - [TEST_STEP][PASSED] - (internal.GlobalVariable.i++): null

2020-04-16 08:26:06 - [MESSAGE][PASSED] - Call Test Case 'Test Cases/AHI/_include/get_screenshot' successfully

2020-04-16 08:26:06 - [MESSAGE][PASSED] - Call Test Case 'Test Cases/AHI/_include/openWebSite' successfully

2020-04-16 08:26:06 - [TEST_STEP][PASSED] - driver = getWebDriver(): null

2020-04-16 08:26:06 - [TEST_STEP][PASSED] - baseUrl = ENV: null

2020-04-16 08:26:06 - [TEST_STEP][PASSED] - selenium = new com.thoughtworks.selenium.webdriven.WebDriverBackedSelenium(driver, baseUrl): null

2020-04-16 08:26:06 - [TEST_STEP][PASSED] - selenium.click("//*[@class='filter-option-inner-inner']"): null

2020-04-16 08:26:06 - [TEST_STEP][PASSED] - selenium.click("id=bs-select-1-7"): null

2020-04-16 08:26:06 - [TEST_STEP][PASSED] - selenium.click("id=primaryCTA"): null

2020-04-16 08:26:16 - [TEST_STEP][PASSED] - waitForElementVisible(findTestObject("mobileSanity/Teladoc/front_door_h1"), 20): Object 'Object Repository/mobileSanity/Teladoc/front_door_h1' is visible

2020-04-16 08:26:16 - [MESSAGE][PASSED] - Object 'Object Repository/mobileSanity/Teladoc/front_door_h1' is visible

2020-04-16 08:26:16 - [TEST_STEP][PASSED] - callTestCase(findTestCase("AHI/_include/get_screenshot"), [:], STOP_ON_FAILURE): Call Test Case 'Test Cases/AHI/_include/get_screenshot' successfully

2020-04-16 08:26:16 - [TEST_CASE][PASSED] - Test Cases/AHI/_include/get_screenshot: Test Cases/AHI/_include/get_screenshot

2020-04-16 08:26:16 - [TEST_STEP][PASSED] - Thread.sleep(1000): null

2020-04-16 08:26:17 - [TEST_STEP][PASSED] - takeScreenshot(screenPath + i + ".png"): Taking screenshot successfully

2020-04-16 08:26:18 - [MESSAGE][PASSED] - Taking screenshot successfully
[[ATTACHMENT|D:\\Test\\AgileTest\\Reports\\AHI\\ahi\\20200416_080045\\../Screenshots/iPhone 6/AHI/Teladoc/20200416_082548/1.png]]

2020-04-16 08:26:18 - [TEST_STEP][PASSED] - (internal.GlobalVariable.i++): null

2020-04-16 08:26:18 - [MESSAGE][PASSED] - Call Test Case 'Test Cases/AHI/_include/get_screenshot' successfully

2020-04-16 08:26:18 - [TEST_STEP][PASSED] - waitForElementVisible(findTestObject("mobileSanity/Teladoc/census/input_Location_zip-input"), 20): Object 'Object Repository/mobileSanity/Teladoc/census/input_Location_zip-input' is visible

2020-04-16 08:26:18 - [MESSAGE][PASSED] - Object 'Object Repository/mobileSanity/Teladoc/census/input_Location_zip-input' is visible

2020-04-16 08:26:18 - [TEST_STEP][PASSED] - sendKeys(findTestObject("mobileSanity/Teladoc/census/input_Location_zip-input"), "35215"): Keys '35215' sent to object: 'Object Repository/mobileSanity/Teladoc/census/input_Location_zip-input'

2020-04-16 08:26:18 - [MESSAGE][PASSED] - Keys '35215' sent to object: 'Object Repository/mobileSanity/Teladoc/census/input_Location_zip-input'

2020-04-16 08:26:18 - [TEST_STEP][PASSED] - Thread.sleep(500): null

2020-04-16 08:26:19 - [TEST_STEP][PASSED] - setText(findTestObject("mobileSanity/Teladoc/census/input_Date of Birth_dob-0"), "12121980"): Text '12121980' is set on object 'Object Repository/mobileSanity/Teladoc/census/input_Date of Birth_dob-0'

2020-04-16 08:26:19 - [MESSAGE][PASSED] - Text '12121980' is set on object 'Object Repository/mobileSanity/Teladoc/census/input_Date of Birth_dob-0'

2020-04-16 08:26:19 - [TEST_STEP][PASSED] - click(findTestObject("mobileSanity/Teladoc/census/label_Male")): Object: 'Object Repository/mobileSanity/Teladoc/census/label_Male' is clicked on

2020-04-16 08:26:19 - [MESSAGE][PASSED] - Object: 'Object Repository/mobileSanity/Teladoc/census/label_Male' is clicked on

2020-04-16 08:26:19 - [TEST_STEP][PASSED] - Thread.sleep(3000): null

2020-04-16 08:26:22 - [TEST_STEP][PASSED] - click(findTestObject("mobileSanity/Teladoc/census/get_a_quote")): Object: 'Object Repository/mobileSanity/Teladoc/census/get_a_quote' is clicked on

2020-04-16 08:26:35 - [MESSAGE][PASSED] - Object: 'Object Repository/mobileSanity/Teladoc/census/get_a_quote' is clicked on

2020-04-16 08:26:35 - [TEST_STEP][PASSED] - waitForElementVisible(findTestObject("mobileSanity/Teladoc/apply_button"), 20): Object 'Object Repository/mobileSanity/Teladoc/apply_button' is visible

2020-04-16 08:26:36 - [MESSAGE][PASSED] - Object 'Object Repository/mobileSanity/Teladoc/apply_button' is visible

2020-04-16 08:26:36 - [TEST_STEP][PASSED] - callTestCase(findTestCase("AHI/_include/get_screenshot"), [:], STOP_ON_FAILURE): Call Test Case 'Test Cases/AHI/_include/get_screenshot' successfully

2020-04-16 08:26:36 - [TEST_CASE][PASSED] - Test Cases/AHI/_include/get_screenshot: Test Cases/AHI/_include/get_screenshot

2020-04-16 08:26:36 - [TEST_STEP][PASSED] - Thread.sleep(1000): null

2020-04-16 08:26:37 - [TEST_STEP][PASSED] - takeScreenshot(screenPath + i + ".png"): Taking screenshot successfully

2020-04-16 08:26:37 - [MESSAGE][PASSED] - Taking screenshot successfully
[[ATTACHMENT|D:\\Test\\AgileTest\\Reports\\AHI\\ahi\\20200416_080045\\../Screenshots/iPhone 6/AHI/Teladoc/20200416_082548/2.png]]

2020-04-16 08:26:37 - [TEST_STEP][PASSED] - (internal.GlobalVariable.i++): null

2020-04-16 08:26:37 - [MESSAGE][PASSED] - Call Test Case 'Test Cases/AHI/_include/get_screenshot' successfully

2020-04-16 08:26:37 - [TEST_STEP][PASSED] - click(findTestObject("mobileSanity/Teladoc/apply_button")): Object: 'Object Repository/mobileSanity/Teladoc/apply_button' is clicked on

2020-04-16 08:26:47 - [MESSAGE][PASSED] - Object: 'Object Repository/mobileSanity/Teladoc/apply_button' is clicked on

2020-04-16 08:26:47 - [TEST_STEP][PASSED] - waitForPageLoad(20): Wait for page load successfully

2020-04-16 08:26:47 - [MESSAGE][PASSED] - Wait for page load successfully

2020-04-16 08:26:47 - [TEST_STEP][PASSED] - waitForElementPresent(findTestObject("mobileSanity/Teladoc/Page_App Page 1/input__member-P-1-firstName"), 20): Object 'Object Repository/mobileSanity/Teladoc/Page_App Page 1/input__member-P-1-firstName' is present

2020-04-16 08:26:48 - [MESSAGE][PASSED] - Object 'Object Repository/mobileSanity/Teladoc/Page_App Page 1/input__member-P-1-firstName' is present

2020-04-16 08:26:48 - [TEST_STEP][PASSED] - callTestCase(findTestCase("AHI/_include/get_screenshot"), [:], STOP_ON_FAILURE): Call Test Case 'Test Cases/AHI/_include/get_screenshot' successfully

2020-04-16 08:26:48 - [TEST_CASE][PASSED] - Test Cases/AHI/_include/get_screenshot: Test Cases/AHI/_include/get_screenshot

2020-04-16 08:26:48 - [TEST_STEP][PASSED] - Thread.sleep(1000): null

2020-04-16 08:26:49 - [TEST_STEP][PASSED] - takeScreenshot(screenPath + i + ".png"): Taking screenshot successfully

2020-04-16 08:26:50 - [MESSAGE][PASSED] - Taking screenshot successfully
[[ATTACHMENT|D:\\Test\\AgileTest\\Reports\\AHI\\ahi\\20200416_080045\\../Screenshots/iPhone 6/AHI/Teladoc/20200416_082548/3.png]]

2020-04-16 08:26:50 - [TEST_STEP][PASSED] - (internal.GlobalVariable.i++): null

2020-04-16 08:26:50 - [MESSAGE][PASSED] - Call Test Case 'Test Cases/AHI/_include/get_screenshot' successfully

2020-04-16 08:26:50 - [TEST_STEP][PASSED] - callTestCase(findTestCase("AHI/_include/name"), [:], STOP_ON_FAILURE): Call Test Case 'Test Cases/AHI/_include/name' successfully

2020-04-16 08:26:50 - [TEST_CASE][PASSED] - Test Cases/AHI/_include/name: Test Cases/AHI/_include/name

2020-04-16 08:26:50 - [TEST_STEP][PASSED] - driver = getWebDriver(): null

2020-04-16 08:26:50 - [TEST_STEP][PASSED] - selenium = new com.thoughtworks.selenium.webdriven.WebDriverBackedSelenium(driver, internal.GlobalVariable.ENV): null

2020-04-16 08:26:50 - [TEST_STEP][PASSED] - FirstName = "Test-123": null

2020-04-16 08:26:50 - [TEST_STEP][PASSED] - LastName = selenium.getEval("{var x="ABCDEFGHIJKLMNOPQRSTUVWXYZabcdefghijklmnopqrstuvwxyz"; var tmp="ZZ11-"; for (i=0;i<8;i++) tmp+=x.charAt(Math.ceil(51*Math.random()));tmp;}"): null

2020-04-16 08:26:50 - [TEST_STEP][PASSED] - Address = selenium.getEval("{var x="ABCDEFGHIJKLMNOPQRSTUVWXYZabcdefghijklmnopqrstuvwxyz"; var tmp=""; for (i=0;i<8;i++) tmp+=x.charAt(Math.ceil(51*Math.random()));tmp;}"): null

2020-04-16 08:26:50 - [TEST_STEP][PASSED] - City = selenium.getEval("{var x="ABCDEFGHIJKLMNOPQRSTUVWXYZabcdefghijklmnopqrstuvwxyz"; var tmp=""; for (i=0;i<8;i++) tmp+=x.charAt(Math.ceil(51*Math.random()));tmp;}"): null

2020-04-16 08:26:50 - [TEST_STEP][PASSED] - tel1 = selenium.getEval("{var x="123456789"; var tmp=""; for (i=0;i<3;i++) tmp+=x.charAt(Math.ceil(8*Math.random()));tmp;}"): null

2020-04-16 08:26:50 - [TEST_STEP][PASSED] - tel2 = selenium.getEval("{var x="123456789"; var tmp=""; for (i=0;i<3;i++) tmp+=x.charAt(Math.ceil(8*Math.random()));tmp;}"): null

2020-04-16 08:26:50 - [TEST_STEP][PASSED] - tel3 = selenium.getEval("{var x="123456789"; var tmp=""; for (i=0;i<4;i++) tmp+=x.charAt(Math.ceil(8*Math.random()));tmp;}"): null

2020-04-16 08:26:50 - [TEST_STEP][PASSED] - Tel = selenium.getExpression(tel1 + "-" + tel2 + "-" + tel3): null

2020-04-16 08:26:50 - [TEST_STEP][PASSED] - AutoEmail = selenium.getEval("{var x="ABCDEFGHIJKLMNOPQRSTUVWXYZabcdefghijklmnopqrstuvwxyz"; var tmp="test."; for (i=0;i<8;i++) tmp+=x.charAt(Math.ceil(51*Math.random()));tmp+="@suryani.cn";}"): null

2020-04-16 08:26:50 - [TEST_STEP][PASSED] - FirstName = FirstName: null

2020-04-16 08:26:50 - [TEST_STEP][PASSED] - LastName = LastName: null

2020-04-16 08:26:50 - [TEST_STEP][PASSED] - Address = Address: null

2020-04-16 08:26:50 - [TEST_STEP][PASSED] - City = City: null

2020-04-16 08:26:50 - [TEST_STEP][PASSED] - Tel = Tel: null

2020-04-16 08:26:50 - [TEST_STEP][PASSED] - AutoEmail = AutoEmail: null

2020-04-16 08:26:50 - [TEST_STEP][PASSED] - println(FirstName): null

2020-04-16 08:26:50 - [TEST_STEP][PASSED] - println(LastName): null

2020-04-16 08:26:50 - [TEST_STEP][PASSED] - println(Address): null

2020-04-16 08:26:50 - [TEST_STEP][PASSED] - println(City): null

2020-04-16 08:26:50 - [TEST_STEP][PASSED] - println(Tel): null

2020-04-16 08:26:50 - [TEST_STEP][PASSED] - println(AutoEmail): null

2020-04-16 08:26:50 - [MESSAGE][PASSED] - Call Test Case 'Test Cases/AHI/_include/name' successfully

2020-04-16 08:26:50 - [TEST_STEP][PASSED] - setText(findTestObject("mobileSanity/Teladoc/Page_App Page 1/input__member-P-1-firstName"), FirstName): Text 'Test-123' is set on object 'Object Repository/mobileSanity/Teladoc/Page_App Page 1/input__member-P-1-firstName'

2020-04-16 08:26:50 - [MESSAGE][PASSED] - Text 'Test-123' is set on object 'Object Repository/mobileSanity/Teladoc/Page_App Page 1/input__member-P-1-firstName'

2020-04-16 08:26:50 - [TEST_STEP][PASSED] - setText(findTestObject("mobileSanity/Teladoc/Page_App Page 1/input__member-P-1-lastName"), LastName): Text 'ZZ11-wZKhEewY' is set on object 'Object Repository/mobileSanity/Teladoc/Page_App Page 1/input__member-P-1-lastName'

2020-04-16 08:26:50 - [MESSAGE][PASSED] - Text 'ZZ11-wZKhEewY' is set on object 'Object Repository/mobileSanity/Teladoc/Page_App Page 1/input__member-P-1-lastName'

2020-04-16 08:26:50 - [TEST_STEP][PASSED] - selectOptionByValue(findTestObject("mobileSanity/Teladoc/Page_App Page 1/select_01020304050607"), "05", true): All options with value '05' are selected in object 'Object Repository/mobileSanity/Teladoc/Page_App Page 1/select_01020304050607'  using regular expression

2020-04-16 08:26:51 - [MESSAGE][PASSED] - All options with value '05' are selected in object 'Object Repository/mobileSanity/Teladoc/Page_App Page 1/select_01020304050607'  using regular expression

2020-04-16 08:26:51 - [TEST_STEP][PASSED] - selectOptionByValue(findTestObject("mobileSanity/Teladoc/Page_App Page 1/select_00102030405060708091011"), "06", true): All options with value '06' are selected in object 'Object Repository/mobileSanity/Teladoc/Page_App Page 1/select_00102030405060708091011'  using regular expression

2020-04-16 08:26:51 - [MESSAGE][PASSED] - All options with value '06' are selected in object 'Object Repository/mobileSanity/Teladoc/Page_App Page 1/select_00102030405060708091011'  using regular expression

2020-04-16 08:26:51 - [TEST_STEP][PASSED] - setText(findTestObject("mobileSanity/Teladoc/Page_App Page 1/input_lbs"), "180"): Text '180' is set on object 'Object Repository/mobileSanity/Teladoc/Page_App Page 1/input_lbs'

2020-04-16 08:26:52 - [MESSAGE][PASSED] - Text '180' is set on object 'Object Repository/mobileSanity/Teladoc/Page_App Page 1/input_lbs'

2020-04-16 08:26:52 - [TEST_STEP][PASSED] - setText(findTestObject("mobileSanity/Teladoc/Page_App Page 1/input__address"), Address): Text 'HMclebQK' is set on object 'Object Repository/mobileSanity/Teladoc/Page_App Page 1/input__address'

2020-04-16 08:26:52 - [MESSAGE][PASSED] - Text 'HMclebQK' is set on object 'Object Repository/mobileSanity/Teladoc/Page_App Page 1/input__address'

2020-04-16 08:26:52 - [TEST_STEP][PASSED] - setText(findTestObject("mobileSanity/Teladoc/Page_App Page 1/input__city"), City): Text 'fPIFPNgL' is set on object 'Object Repository/mobileSanity/Teladoc/Page_App Page 1/input__city'

2020-04-16 08:26:52 - [MESSAGE][PASSED] - Text 'fPIFPNgL' is set on object 'Object Repository/mobileSanity/Teladoc/Page_App Page 1/input__city'

2020-04-16 08:26:52 - [TEST_STEP][PASSED] - setText(findTestObject("mobileSanity/Teladoc/Page_App Page 1/input__email"), AutoEmail): Text 'test.urEwrWLW@suryani.cn' is set on object 'Object Repository/mobileSanity/Teladoc/Page_App Page 1/input__email'

2020-04-16 08:26:52 - [MESSAGE][PASSED] - Text 'test.urEwrWLW@suryani.cn' is set on object 'Object Repository/mobileSanity/Teladoc/Page_App Page 1/input__email'

2020-04-16 08:26:52 - [TEST_STEP][PASSED] - setText(findTestObject("mobileSanity/Teladoc/Page_App Page 1/input_phone number"), Tel): Text '282-442-9425' is set on object 'Object Repository/mobileSanity/Teladoc/Page_App Page 1/input_phone number'

2020-04-16 08:26:53 - [MESSAGE][PASSED] - Text '282-442-9425' is set on object 'Object Repository/mobileSanity/Teladoc/Page_App Page 1/input_phone number'

2020-04-16 08:26:53 - [TEST_STEP][PASSED] - Thread.sleep(5000): null

2020-04-16 08:26:58 - [TEST_STEP][PASSED] - click(findTestObject("mobileSanity/Teladoc/Page_App Page 1/a_Continue to Step 2 - Payment")): Object: 'Object Repository/mobileSanity/Teladoc/Page_App Page 1/a_Continue to Step 2 - Payment' is clicked on

2020-04-16 08:26:58 - [MESSAGE][PASSED] - Object: 'Object Repository/mobileSanity/Teladoc/Page_App Page 1/a_Continue to Step 2 - Payment' is clicked on

2020-04-16 08:26:58 - [TEST_STEP][PASSED] - waitForPageLoad(20): Wait for page load successfully

2020-04-16 08:26:58 - [MESSAGE][PASSED] - Wait for page load successfully

2020-04-16 08:26:58 - [TEST_STEP][PASSED] - waitForElementVisible(findTestObject("mobileSanity/Teladoc/Page_App Page 2/input__credit-card-first"), 20): Object 'Object Repository/mobileSanity/Teladoc/Page_App Page 2/input__credit-card-first' is visible

2020-04-16 08:26:59 - [MESSAGE][PASSED] - Object 'Object Repository/mobileSanity/Teladoc/Page_App Page 2/input__credit-card-first' is visible

2020-04-16 08:26:59 - [TEST_STEP][PASSED] - callTestCase(findTestCase("AHI/_include/get_screenshot"), [:], STOP_ON_FAILURE): Call Test Case 'Test Cases/AHI/_include/get_screenshot' successfully

2020-04-16 08:26:59 - [TEST_CASE][PASSED] - Test Cases/AHI/_include/get_screenshot: Test Cases/AHI/_include/get_screenshot

2020-04-16 08:26:59 - [TEST_STEP][PASSED] - Thread.sleep(1000): null

2020-04-16 08:27:00 - [TEST_STEP][PASSED] - takeScreenshot(screenPath + i + ".png"): Taking screenshot successfully

2020-04-16 08:27:00 - [MESSAGE][PASSED] - Taking screenshot successfully
[[ATTACHMENT|D:\\Test\\AgileTest\\Reports\\AHI\\ahi\\20200416_080045\\../Screenshots/iPhone 6/AHI/Teladoc/20200416_082548/4.png]]

2020-04-16 08:27:00 - [TEST_STEP][PASSED] - (internal.GlobalVariable.i++): null

2020-04-16 08:27:00 - [MESSAGE][PASSED] - Call Test Case 'Test Cases/AHI/_include/get_screenshot' successfully

2020-04-16 08:27:00 - [TEST_STEP][PASSED] - setText(findTestObject("mobileSanity/Teladoc/Page_App Page 2/input__credit-card-first"), FirstName): Text 'Test-123' is set on object 'Object Repository/mobileSanity/Teladoc/Page_App Page 2/input__credit-card-first'

2020-04-16 08:27:01 - [MESSAGE][PASSED] - Text 'Test-123' is set on object 'Object Repository/mobileSanity/Teladoc/Page_App Page 2/input__credit-card-first'

2020-04-16 08:27:01 - [TEST_STEP][PASSED] - setText(findTestObject("mobileSanity/Teladoc/Page_App Page 2/input__credit-card-last"), LastName): Text 'ZZ11-wZKhEewY' is set on object 'Object Repository/mobileSanity/Teladoc/Page_App Page 2/input__credit-card-last'

2020-04-16 08:27:01 - [MESSAGE][PASSED] - Text 'ZZ11-wZKhEewY' is set on object 'Object Repository/mobileSanity/Teladoc/Page_App Page 2/input__credit-card-last'

2020-04-16 08:27:01 - [TEST_STEP][PASSED] - selectOptionByValue(findTestObject("mobileSanity/Teladoc/Page_App Page 2/select_MM010203040506070809101"), "12", true): All options with value '12' are selected in object 'Object Repository/mobileSanity/Teladoc/Page_App Page 2/select_MM010203040506070809101'  using regular expression

2020-04-16 08:27:01 - [MESSAGE][PASSED] - All options with value '12' are selected in object 'Object Repository/mobileSanity/Teladoc/Page_App Page 2/select_MM010203040506070809101'  using regular expression

2020-04-16 08:27:01 - [TEST_STEP][PASSED] - selectOptionByValue(findTestObject("mobileSanity/Teladoc/Page_App Page 2/select_YYYY2019202020212022202"), "2026", true): All options with value '2026' are selected in object 'Object Repository/mobileSanity/Teladoc/Page_App Page 2/select_YYYY2019202020212022202'  using regular expression

2020-04-16 08:27:02 - [MESSAGE][PASSED] - All options with value '2026' are selected in object 'Object Repository/mobileSanity/Teladoc/Page_App Page 2/select_YYYY2019202020212022202'  using regular expression

2020-04-16 08:27:02 - [TEST_STEP][PASSED] - setText(findTestObject("mobileSanity/Teladoc/Page_App Page 2/input__credit-card-number"), "4111111111111111"): Text '4111111111111111' is set on object 'Object Repository/mobileSanity/Teladoc/Page_App Page 2/input__credit-card-number'

2020-04-16 08:27:02 - [MESSAGE][PASSED] - Text '4111111111111111' is set on object 'Object Repository/mobileSanity/Teladoc/Page_App Page 2/input__credit-card-number'

2020-04-16 08:27:02 - [TEST_STEP][PASSED] - setText(findTestObject("mobileSanity/Teladoc/Page_App Page 2/input__credit-card-cvv"), "122"): Text '122' is set on object 'Object Repository/mobileSanity/Teladoc/Page_App Page 2/input__credit-card-cvv'

2020-04-16 08:27:02 - [MESSAGE][PASSED] - Text '122' is set on object 'Object Repository/mobileSanity/Teladoc/Page_App Page 2/input__credit-card-cvv'

2020-04-16 08:27:02 - [TEST_STEP][PASSED] - click(findTestObject("mobileSanity/Teladoc/Page_App Page 2/label_My billing address is th")): Object: 'Object Repository/mobileSanity/Teladoc/Page_App Page 2/label_My billing address is th' is clicked on

2020-04-16 08:27:03 - [MESSAGE][PASSED] - Object: 'Object Repository/mobileSanity/Teladoc/Page_App Page 2/label_My billing address is th' is clicked on

2020-04-16 08:27:03 - [TEST_STEP][PASSED] - click(findTestObject("mobileSanity/Teladoc/Page_App Page 2/label_I Accept Authorization f")): Object: 'Object Repository/mobileSanity/Teladoc/Page_App Page 2/label_I Accept Authorization f' is clicked on

2020-04-16 08:27:03 - [MESSAGE][PASSED] - Object: 'Object Repository/mobileSanity/Teladoc/Page_App Page 2/label_I Accept Authorization f' is clicked on

2020-04-16 08:27:03 - [TEST_STEP][PASSED] - click(findTestObject("mobileSanity/Teladoc/Page_App Page 2/a_Continue to Step 3 - Review")): Object: 'Object Repository/mobileSanity/Teladoc/Page_App Page 2/a_Continue to Step 3 - Review' is clicked on

2020-04-16 08:27:03 - [MESSAGE][PASSED] - Object: 'Object Repository/mobileSanity/Teladoc/Page_App Page 2/a_Continue to Step 3 - Review' is clicked on

2020-04-16 08:27:03 - [TEST_STEP][PASSED] - waitForPageLoad(20): Wait for page load successfully

2020-04-16 08:27:03 - [MESSAGE][PASSED] - Wait for page load successfully

2020-04-16 08:27:03 - [TEST_STEP][PASSED] - waitForElementPresent(findTestObject("mobileSanity/Teladoc/Page_App Page 3/label"), 20): Object 'Object Repository/mobileSanity/Teladoc/Page_App Page 3/label' is present

2020-04-16 08:27:14 - [MESSAGE][PASSED] - Object 'Object Repository/mobileSanity/Teladoc/Page_App Page 3/label' is present

2020-04-16 08:27:14 - [TEST_STEP][PASSED] - Thread.sleep(5000): null

2020-04-16 08:27:19 - [TEST_STEP][PASSED] - callTestCase(findTestCase("AHI/_include/get_screenshot"), [:], STOP_ON_FAILURE): Call Test Case 'Test Cases/AHI/_include/get_screenshot' successfully

2020-04-16 08:27:19 - [TEST_CASE][PASSED] - Test Cases/AHI/_include/get_screenshot: Test Cases/AHI/_include/get_screenshot

2020-04-16 08:27:19 - [TEST_STEP][PASSED] - Thread.sleep(1000): null

2020-04-16 08:27:20 - [TEST_STEP][PASSED] - takeScreenshot(screenPath + i + ".png"): Taking screenshot successfully

2020-04-16 08:27:20 - [MESSAGE][PASSED] - Taking screenshot successfully
[[ATTACHMENT|D:\\Test\\AgileTest\\Reports\\AHI\\ahi\\20200416_080045\\../Screenshots/iPhone 6/AHI/Teladoc/20200416_082548/5.png]]

2020-04-16 08:27:20 - [TEST_STEP][PASSED] - (internal.GlobalVariable.i++): null

2020-04-16 08:27:20 - [MESSAGE][PASSED] - Call Test Case 'Test Cases/AHI/_include/get_screenshot' successfully

2020-04-16 08:27:20 - [TEST_STEP][PASSED] - scrollToElement(findTestObject("mobileSanity/Teladoc/Page_App Page 3/label"), 10): Scroll to object 'Object Repository/mobileSanity/Teladoc/Page_App Page 3/label' successfully

2020-04-16 08:27:20 - [MESSAGE][PASSED] - Scroll to object 'Object Repository/mobileSanity/Teladoc/Page_App Page 3/label' successfully

2020-04-16 08:27:20 - [TEST_STEP][PASSED] - waitForElementClickable(findTestObject("mobileSanity/Teladoc/Page_App Page 3/label"), 10): Object 'Object Repository/mobileSanity/Teladoc/Page_App Page 3/label' is clickable

2020-04-16 08:27:20 - [MESSAGE][PASSED] - Object 'Object Repository/mobileSanity/Teladoc/Page_App Page 3/label' is clickable

2020-04-16 08:27:20 - [TEST_STEP][PASSED] - click(findTestObject("mobileSanity/Teladoc/Page_App Page 3/label")): Object: 'Object Repository/mobileSanity/Teladoc/Page_App Page 3/label' is clicked on

2020-04-16 08:27:21 - [MESSAGE][PASSED] - Object: 'Object Repository/mobileSanity/Teladoc/Page_App Page 3/label' is clicked on

2020-04-16 08:27:21 - [TEST_STEP][PASSED] - click(findTestObject("mobileSanity/Teladoc/Page_App Page 3/p_")): Object: 'Object Repository/mobileSanity/Teladoc/Page_App Page 3/p_' is clicked on

2020-04-16 08:27:21 - [MESSAGE][PASSED] - Object: 'Object Repository/mobileSanity/Teladoc/Page_App Page 3/p_' is clicked on

2020-04-16 08:27:21 - [TEST_STEP][PASSED] - click(findTestObject("mobileSanity/Teladoc/Page_App Page 3/a_Submit Your Application")): Object: 'Object Repository/mobileSanity/Teladoc/Page_App Page 3/a_Submit Your Application' is clicked on

2020-04-16 08:27:21 - [MESSAGE][PASSED] - Object: 'Object Repository/mobileSanity/Teladoc/Page_App Page 3/a_Submit Your Application' is clicked on

2020-04-16 08:27:21 - [TEST_STEP][PASSED] - waitForElementPresent(findTestObject("mobileSanity/Common/app-confirmation"), 30): Object 'Object Repository/mobileSanity/Common/app-confirmation' is not present after 30 second(s)

2020-04-16 08:27:53 - [MESSAGE][INFO] - Unable to find the element located by 'By.xpath: //*[@id = 'app-confirmation']'. Please recheck the objects properties to make sure the desired element is located. 

2020-04-16 08:27:53 - [MESSAGE][WARNING] - Object 'Object Repository/mobileSanity/Common/app-confirmation' is not present after 30 second(s)

2020-04-16 08:27:53 - [TEST_STEP][PASSED] - callTestCase(findTestCase("AHI/_include/get_screenshot"), [:], STOP_ON_FAILURE): Call Test Case 'Test Cases/AHI/_include/get_screenshot' successfully

2020-04-16 08:27:53 - [TEST_CASE][PASSED] - Test Cases/AHI/_include/get_screenshot: Test Cases/AHI/_include/get_screenshot

2020-04-16 08:27:53 - [TEST_STEP][PASSED] - Thread.sleep(1000): null

2020-04-16 08:27:54 - [TEST_STEP][PASSED] - takeScreenshot(screenPath + i + ".png"): Taking screenshot successfully

2020-04-16 08:27:54 - [MESSAGE][PASSED] - Taking screenshot successfully
[[ATTACHMENT|D:\\Test\\AgileTest\\Reports\\AHI\\ahi\\20200416_080045\\../Screenshots/iPhone 6/AHI/Teladoc/20200416_082548/6.png]]

2020-04-16 08:27:54 - [TEST_STEP][PASSED] - (internal.GlobalVariable.i++): null

2020-04-16 08:27:54 - [MESSAGE][PASSED] - Call Test Case 'Test Cases/AHI/_include/get_screenshot' successfully]]></system-out>
         <system-err><![CDATA[]]></system-err>
      </testcase>
      <system-out><![CDATA[2020-04-16 08:14:04 - [TEST_SUITE][PASSED] - ahi: Test Cases/AHI/NEW/Teladoc]]></system-out>
      <system-err><![CDATA[]]></system-err>
   </testsuite>
</testsuites>
