<?xml version="1.0" encoding="UTF-8"?>
<testsuites name="hbi" time="673" tests="8" failures="0" errors="0">
   <testsuite name="hbi" tests="8" failures="0" errors="0" time="673" timestamp="2019-10-27 08:00:37" hostname="Administrator - 172.30.0.53" id="Test Suites/mobileWeb/hbi">
      <properties>
         <property name="deviceName" value=""/>
         <property name="devicePlatform" value=""/>
         <property name="logFolder" value="D:\\Test\\AgileTest\\Reports\\mobileWeb\\hbi\\20191027_080033"/>
         <property name="logFiles" value="D:\\Test\\AgileTest\\Reports\\mobileWeb\\hbi\\20191027_080033\\execution0.log"/>
         <property name="attachments" value="D:\\Test\\AgileTest\\Reports\\mobileWeb\\hbi\\20191027_080033\\../Screenshots/iPhone 6/hbi/Agile One/20191027_080042/0.png, D:\\Test\\AgileTest\\Reports\\mobileWeb\\hbi\\20191027_080033\\../Screenshots/iPhone 6/hbi/Agile One/20191027_080042/1.png, D:\\Test\\AgileTest\\Reports\\mobileWeb\\hbi\\20191027_080033\\../Screenshots/iPhone 6/hbi/Agile One/20191027_080042/2.png, D:\\Test\\AgileTest\\Reports\\mobileWeb\\hbi\\20191027_080033\\../Screenshots/iPhone 6/hbi/Agile One/20191027_080042/3.png, D:\\Test\\AgileTest\\Reports\\mobileWeb\\hbi\\20191027_080033\\../Screenshots/iPhone 6/hbi/Agile One/20191027_080042/4.png, D:\\Test\\AgileTest\\Reports\\mobileWeb\\hbi\\20191027_080033\\../Screenshots/iPhone 6/hbi/Agile One/20191027_080042/5.png, D:\\Test\\AgileTest\\Reports\\mobileWeb\\hbi\\20191027_080033\\../Screenshots/iPhone 6/hbi/Agile One/20191027_080042/6.png, D:\\Test\\AgileTest\\Reports\\mobileWeb\\hbi\\20191027_080033\\../Screenshots/iPhone 6/hbi/Agile One/20191027_080042/7.png, D:\\Test\\AgileTest\\Reports\\mobileWeb\\hbi\\20191027_080033\\../Screenshots/iPhone 6/hbi/Agile One/20191027_080042/8.png, D:\\Test\\AgileTest\\Reports\\mobileWeb\\hbi\\20191027_080033\\../Screenshots/iPhone 6/hbi/Agile One/20191027_080042/9.png, D:\\Test\\AgileTest\\Reports\\mobileWeb\\hbi\\20191027_080033\\../Screenshots/iPhone 6/hbi/Legion Limited Medical/20191027_080215/0.png, D:\\Test\\AgileTest\\Reports\\mobileWeb\\hbi\\20191027_080033\\../Screenshots/iPhone 6/hbi/Legion Limited Medical/20191027_080215/1.png, D:\\Test\\AgileTest\\Reports\\mobileWeb\\hbi\\20191027_080033\\../Screenshots/iPhone 6/hbi/Legion Limited Medical/20191027_080215/2.png, D:\\Test\\AgileTest\\Reports\\mobileWeb\\hbi\\20191027_080033\\../Screenshots/iPhone 6/hbi/Legion Limited Medical/20191027_080215/3.png, D:\\Test\\AgileTest\\Reports\\mobileWeb\\hbi\\20191027_080033\\../Screenshots/iPhone 6/hbi/Legion Limited Medical/20191027_080215/4.png, D:\\Test\\AgileTest\\Reports\\mobileWeb\\hbi\\20191027_080033\\../Screenshots/iPhone 6/hbi/Legion Limited Medical/20191027_080215/5.png, D:\\Test\\AgileTest\\Reports\\mobileWeb\\hbi\\20191027_080033\\../Screenshots/iPhone 6/hbi/Legion Limited Medical/20191027_080215/6.png, D:\\Test\\AgileTest\\Reports\\mobileWeb\\hbi\\20191027_080033\\../Screenshots/iPhone 6/hbi/Legion Limited Medical/20191027_080215/7.png, D:\\Test\\AgileTest\\Reports\\mobileWeb\\hbi\\20191027_080033\\../Screenshots/iPhone 6/hbi/Legion Limited Medical/20191027_080215/8.png, D:\\Test\\AgileTest\\Reports\\mobileWeb\\hbi\\20191027_080033\\../Screenshots/iPhone 6/hbi/Legion Limited Medical/20191027_080215/9.png, D:\\Test\\AgileTest\\Reports\\mobileWeb\\hbi\\20191027_080033\\../Screenshots/iPhone 6/hbi/Cardinal Choice/20191027_080335/0.png, D:\\Test\\AgileTest\\Reports\\mobileWeb\\hbi\\20191027_080033\\../Screenshots/iPhone 6/hbi/Cardinal Choice/20191027_080335/1.png, D:\\Test\\AgileTest\\Reports\\mobileWeb\\hbi\\20191027_080033\\../Screenshots/iPhone 6/hbi/Cardinal Choice/20191027_080335/2.png, D:\\Test\\AgileTest\\Reports\\mobileWeb\\hbi\\20191027_080033\\../Screenshots/iPhone 6/hbi/Cardinal Choice/20191027_080335/3.png, D:\\Test\\AgileTest\\Reports\\mobileWeb\\hbi\\20191027_080033\\../Screenshots/iPhone 6/hbi/Cardinal Choice/20191027_080335/4.png, D:\\Test\\AgileTest\\Reports\\mobileWeb\\hbi\\20191027_080033\\../Screenshots/iPhone 6/hbi/Cardinal Choice/20191027_080335/5.png, D:\\Test\\AgileTest\\Reports\\mobileWeb\\hbi\\20191027_080033\\../Screenshots/iPhone 6/hbi/Cardinal Choice/20191027_080335/6.png, D:\\Test\\AgileTest\\Reports\\mobileWeb\\hbi\\20191027_080033\\../Screenshots/iPhone 6/hbi/Cardinal Choice/20191027_080335/7.png, D:\\Test\\AgileTest\\Reports\\mobileWeb\\hbi\\20191027_080033\\../Screenshots/iPhone 6/hbi/Cardinal Choice/20191027_080335/8.png, D:\\Test\\AgileTest\\Reports\\mobileWeb\\hbi\\20191027_080033\\../Screenshots/iPhone 6/hbi/Cardinal Choice/20191027_080335/9.png, D:\\Test\\AgileTest\\Reports\\mobileWeb\\hbi\\20191027_080033\\../Screenshots/iPhone 6/hbi/Core Shield/20191027_080458/0.png, D:\\Test\\AgileTest\\Reports\\mobileWeb\\hbi\\20191027_080033\\../Screenshots/iPhone 6/hbi/Core Shield/20191027_080458/1.png, D:\\Test\\AgileTest\\Reports\\mobileWeb\\hbi\\20191027_080033\\../Screenshots/iPhone 6/hbi/Core Shield/20191027_080458/2.png, D:\\Test\\AgileTest\\Reports\\mobileWeb\\hbi\\20191027_080033\\../Screenshots/iPhone 6/hbi/Core Shield/20191027_080458/3.png, D:\\Test\\AgileTest\\Reports\\mobileWeb\\hbi\\20191027_080033\\../Screenshots/iPhone 6/hbi/Core Shield/20191027_080458/4.png, D:\\Test\\AgileTest\\Reports\\mobileWeb\\hbi\\20191027_080033\\../Screenshots/iPhone 6/hbi/Core Shield/20191027_080458/5.png, D:\\Test\\AgileTest\\Reports\\mobileWeb\\hbi\\20191027_080033\\../Screenshots/iPhone 6/hbi/Core Shield/20191027_080458/6.png, D:\\Test\\AgileTest\\Reports\\mobileWeb\\hbi\\20191027_080033\\../Screenshots/iPhone 6/hbi/Core Shield/20191027_080458/7.png, D:\\Test\\AgileTest\\Reports\\mobileWeb\\hbi\\20191027_080033\\../Screenshots/iPhone 6/hbi/Core Shield/20191027_080458/8.png, D:\\Test\\AgileTest\\Reports\\mobileWeb\\hbi\\20191027_080033\\../Screenshots/iPhone 6/hbi/Core Shield/20191027_080458/9.png, D:\\Test\\AgileTest\\Reports\\mobileWeb\\hbi\\20191027_080033\\../Screenshots/iPhone 6/hbi/Agile Secure/20191027_080622/0.png, D:\\Test\\AgileTest\\Reports\\mobileWeb\\hbi\\20191027_080033\\../Screenshots/iPhone 6/hbi/Agile Secure/20191027_080622/1.png, D:\\Test\\AgileTest\\Reports\\mobileWeb\\hbi\\20191027_080033\\../Screenshots/iPhone 6/hbi/Agile Secure/20191027_080622/2.png, D:\\Test\\AgileTest\\Reports\\mobileWeb\\hbi\\20191027_080033\\../Screenshots/iPhone 6/hbi/Agile Secure/20191027_080622/3.png, D:\\Test\\AgileTest\\Reports\\mobileWeb\\hbi\\20191027_080033\\../Screenshots/iPhone 6/hbi/Agile Secure/20191027_080622/4.png, D:\\Test\\AgileTest\\Reports\\mobileWeb\\hbi\\20191027_080033\\../Screenshots/iPhone 6/hbi/Agile Secure/20191027_080622/5.png, D:\\Test\\AgileTest\\Reports\\mobileWeb\\hbi\\20191027_080033\\../Screenshots/iPhone 6/hbi/Agile Secure/20191027_080622/6.png, D:\\Test\\AgileTest\\Reports\\mobileWeb\\hbi\\20191027_080033\\../Screenshots/iPhone 6/hbi/Agile Secure/20191027_080622/7.png, D:\\Test\\AgileTest\\Reports\\mobileWeb\\hbi\\20191027_080033\\../Screenshots/iPhone 6/hbi/Agile Secure/20191027_080622/8.png, D:\\Test\\AgileTest\\Reports\\mobileWeb\\hbi\\20191027_080033\\../Screenshots/iPhone 6/hbi/Fixed Cash Benefit/20191027_080736/0.png, D:\\Test\\AgileTest\\Reports\\mobileWeb\\hbi\\20191027_080033\\../Screenshots/iPhone 6/hbi/Fixed Cash Benefit/20191027_080736/1.png, D:\\Test\\AgileTest\\Reports\\mobileWeb\\hbi\\20191027_080033\\../Screenshots/iPhone 6/hbi/Fixed Cash Benefit/20191027_080736/2.png, D:\\Test\\AgileTest\\Reports\\mobileWeb\\hbi\\20191027_080033\\../Screenshots/iPhone 6/hbi/Fixed Cash Benefit/20191027_080736/3.png, D:\\Test\\AgileTest\\Reports\\mobileWeb\\hbi\\20191027_080033\\../Screenshots/iPhone 6/hbi/Fixed Cash Benefit/20191027_080736/4.png, D:\\Test\\AgileTest\\Reports\\mobileWeb\\hbi\\20191027_080033\\../Screenshots/iPhone 6/hbi/Fixed Cash Benefit/20191027_080736/5.png, D:\\Test\\AgileTest\\Reports\\mobileWeb\\hbi\\20191027_080033\\../Screenshots/iPhone 6/hbi/Fixed Cash Benefit/20191027_080736/6.png, D:\\Test\\AgileTest\\Reports\\mobileWeb\\hbi\\20191027_080033\\../Screenshots/iPhone 6/hbi/Fixed Cash Benefit/20191027_080736/7.png, D:\\Test\\AgileTest\\Reports\\mobileWeb\\hbi\\20191027_080033\\../Screenshots/iPhone 6/hbi/Fixed Cash Benefit/20191027_080736/8.png, D:\\Test\\AgileTest\\Reports\\mobileWeb\\hbi\\20191027_080033\\../Screenshots/iPhone 6/hbi/Fixed Cash Benefit/20191027_080736/9.png, D:\\Test\\AgileTest\\Reports\\mobileWeb\\hbi\\20191027_080033\\../Screenshots/iPhone 6/hbi/Health Choice/20191027_080858/0.png, D:\\Test\\AgileTest\\Reports\\mobileWeb\\hbi\\20191027_080033\\../Screenshots/iPhone 6/hbi/Health Choice/20191027_080858/1.png, D:\\Test\\AgileTest\\Reports\\mobileWeb\\hbi\\20191027_080033\\../Screenshots/iPhone 6/hbi/Health Choice/20191027_080858/2.png, D:\\Test\\AgileTest\\Reports\\mobileWeb\\hbi\\20191027_080033\\../Screenshots/iPhone 6/hbi/Health Choice/20191027_080858/3.png, D:\\Test\\AgileTest\\Reports\\mobileWeb\\hbi\\20191027_080033\\../Screenshots/iPhone 6/hbi/Health Choice/20191027_080858/4.png, D:\\Test\\AgileTest\\Reports\\mobileWeb\\hbi\\20191027_080033\\../Screenshots/iPhone 6/hbi/Health Choice/20191027_080858/5.png, D:\\Test\\AgileTest\\Reports\\mobileWeb\\hbi\\20191027_080033\\../Screenshots/iPhone 6/hbi/Health Choice/20191027_080858/6.png, D:\\Test\\AgileTest\\Reports\\mobileWeb\\hbi\\20191027_080033\\../Screenshots/iPhone 6/hbi/Health Choice/20191027_080858/7.png, D:\\Test\\AgileTest\\Reports\\mobileWeb\\hbi\\20191027_080033\\../Screenshots/iPhone 6/hbi/Health Choice/20191027_080858/8.png, D:\\Test\\AgileTest\\Reports\\mobileWeb\\hbi\\20191027_080033\\../Screenshots/iPhone 6/hbi/Health Choice/20191027_080858/9.png, D:\\Test\\AgileTest\\Reports\\mobileWeb\\hbi\\20191027_080033\\../Screenshots/iPhone 6/hbi/Vitala Care/20191027_081020/0.png, D:\\Test\\AgileTest\\Reports\\mobileWeb\\hbi\\20191027_080033\\../Screenshots/iPhone 6/hbi/Vitala Care/20191027_081020/1.png, D:\\Test\\AgileTest\\Reports\\mobileWeb\\hbi\\20191027_080033\\../Screenshots/iPhone 6/hbi/Vitala Care/20191027_081020/2.png, D:\\Test\\AgileTest\\Reports\\mobileWeb\\hbi\\20191027_080033\\../Screenshots/iPhone 6/hbi/Vitala Care/20191027_081020/3.png, D:\\Test\\AgileTest\\Reports\\mobileWeb\\hbi\\20191027_080033\\../Screenshots/iPhone 6/hbi/Vitala Care/20191027_081020/4.png, D:\\Test\\AgileTest\\Reports\\mobileWeb\\hbi\\20191027_080033\\../Screenshots/iPhone 6/hbi/Vitala Care/20191027_081020/5.png, D:\\Test\\AgileTest\\Reports\\mobileWeb\\hbi\\20191027_080033\\../Screenshots/iPhone 6/hbi/Vitala Care/20191027_081020/6.png, D:\\Test\\AgileTest\\Reports\\mobileWeb\\hbi\\20191027_080033\\../Screenshots/iPhone 6/hbi/Vitala Care/20191027_081020/7.png, D:\\Test\\AgileTest\\Reports\\mobileWeb\\hbi\\20191027_080033\\../Screenshots/iPhone 6/hbi/Vitala Care/20191027_081020/8.png, D:\\Test\\AgileTest\\Reports\\mobileWeb\\hbi\\20191027_080033\\../Screenshots/iPhone 6/hbi/Vitala Care/20191027_081020/9.png, D:\\Test\\AgileTest\\Reports\\mobileWeb\\hbi\\20191027_080033\\../Screenshots/iPhone 6/hbi/Vitala Care/20191027_081020/10.png"/>
         <property name="hostName" value="Administrator - 172.30.0.53"/>
         <property name="os" value="Windows Server 2012 R2 64bit"/>
         <property name="katalonVersion" value="5.10.1.1"/>
         <property name="browser" value="Safari 11"/>
         <property name="hostAddress" value="172.30.0.53"/>
         <property name="sessionId" value="0ac94136ee7954c911dee67f5963ad6c"/>
         <property name="seleniumVersion" value="3.7.1"/>
         <property name="proxyInformation" value="ProxyInformation{proxyOption=NO_PROXY, proxyServerType=HTTP, password=, proxyServerAddress=, proxyServerPort=0}"/>
         <property name="platform" value="Windows Server 2012 R2"/>
      </properties>
      <testcase name="Test Cases/mobileWeb/HBI/Agile One" classname="Test Cases/mobileWeb/HBI/Agile One" status="PASSED">
         <system-out><![CDATA[2019-10-27 08:00:39 - [TEST_CASE][PASSED] - Test Cases/mobileWeb/HBI/Agile One: Test Cases/mobileWeb/HBI/Agile One

2019-10-27 08:00:41 - [TEST_STEP][PASSED] - callTestCase(findTestCase("mobileWeb/_include/get_screenPath"), ["productLine":"hbi", "carrierName":"Agile One"], CONTINUE_ON_FAILURE): Call Test Case 'Test Cases/mobileWeb/_include/get_screenPath' successfully

2019-10-27 08:00:41 - [TEST_CASE][PASSED] - Test Cases/mobileWeb/_include/get_screenPath: Test Cases/mobileWeb/_include/get_screenPath

2019-10-27 08:00:42 - [TEST_STEP][PASSED] - m = getExecutionProperties(): null

2019-10-27 08:00:42 - [TEST_STEP][PASSED] - deviceName = get("mobileEmulation").get("deviceName"): null

2019-10-27 08:00:42 - [TEST_STEP][PASSED] - println(deviceName): null

2019-10-27 08:00:42 - [TEST_STEP][PASSED] - now = new java.util.Date(): null

2019-10-27 08:00:42 - [TEST_STEP][PASSED] - mydate = now.format("yyyyMMdd_HHmmss"): null

2019-10-27 08:00:42 - [TEST_STEP][PASSED] - screenPath = "../Screenshots/": null

2019-10-27 08:00:42 - [TEST_STEP][PASSED] - screenPath = screenPath + deviceName + "/" + productLine + "/" + carrierName + "/" + mydate + "/": null

2019-10-27 08:00:42 - [TEST_STEP][PASSED] - println(screenPath): null

2019-10-27 08:00:42 - [MESSAGE][PASSED] - Call Test Case 'Test Cases/mobileWeb/_include/get_screenPath' successfully

2019-10-27 08:00:42 - [TEST_STEP][PASSED] - i = 0: null

2019-10-27 08:00:42 - [TEST_STEP][PASSED] - callTestCase(findTestCase("mobileWeb/_include/openWebSite"), [:], CONTINUE_ON_FAILURE): Call Test Case 'Test Cases/mobileWeb/_include/openWebSite' successfully

2019-10-27 08:00:43 - [TEST_CASE][PASSED] - Test Cases/mobileWeb/_include/openWebSite: Test Cases/mobileWeb/_include/openWebSite

2019-10-27 08:00:43 - [TEST_STEP][PASSED] - openBrowser(env): Browser is opened with url: 'https://praetemptatus.agilehealthinsurance.com'

2019-10-27 08:00:43 - [MESSAGE][INFO] - Starting 'Chrome' driver

2019-10-27 08:00:43 - [MESSAGE][INFO] - User set preference: ['mobileEmulation', '{deviceName=iPhone 6}']

2019-10-27 08:00:43 - [MESSAGE][INFO] - User set preference: ['args', '[--incognito, --aggressive-cache-discard, --window-size=375,677, --no-sandbox]']

2019-10-27 08:00:43 - [MESSAGE][INFO] - Action delay is set to 0 seconds

2019-10-27 08:00:48 - [MESSAGE][PASSED] - Browser is opened with url: 'https://praetemptatus.agilehealthinsurance.com'

2019-10-27 08:00:48 - [TEST_STEP][PASSED] - waitForPageLoad(20): Wait for page load successfully

2019-10-27 08:00:51 - [MESSAGE][PASSED] - Wait for page load successfully

2019-10-27 08:00:51 - [TEST_STEP][PASSED] - Thread.sleep(2000): null

2019-10-27 08:00:53 - [TEST_STEP][PASSED] - callTestCase(findTestCase("mobileWeb/_include/get_screenshot"), [:], STOP_ON_FAILURE): Call Test Case 'Test Cases/mobileWeb/_include/get_screenshot' successfully

2019-10-27 08:00:53 - [TEST_CASE][PASSED] - Test Cases/mobileWeb/_include/get_screenshot: Test Cases/mobileWeb/_include/get_screenshot

2019-10-27 08:00:54 - [TEST_STEP][PASSED] - takeScreenshot(screenPath + i + ".png"): Taking screenshot successfully

2019-10-27 08:00:55 - [MESSAGE][PASSED] - Taking screenshot successfully
[[ATTACHMENT|D:\\Test\\AgileTest\\Reports\\mobileWeb\\hbi\\20191027_080033\\../Screenshots/iPhone 6/hbi/Agile One/20191027_080042/0.png]]

2019-10-27 08:00:55 - [TEST_STEP][PASSED] - (internal.GlobalVariable.i++): null

2019-10-27 08:00:55 - [MESSAGE][PASSED] - Call Test Case 'Test Cases/mobileWeb/_include/get_screenshot' successfully

2019-10-27 08:00:55 - [MESSAGE][PASSED] - Call Test Case 'Test Cases/mobileWeb/_include/openWebSite' successfully

2019-10-27 08:00:55 - [TEST_STEP][PASSED] - callTestCase(findTestCase("mobileWeb/_include/census_hbi"), [:], CONTINUE_ON_FAILURE): Call Test Case 'Test Cases/mobileWeb/_include/census_hbi' successfully

2019-10-27 08:00:55 - [TEST_CASE][PASSED] - Test Cases/mobileWeb/_include/census_hbi: Test Cases/mobileWeb/_include/census_hbi

2019-10-27 08:00:56 - [TEST_STEP][PASSED] - click(findTestObject("mobileSanity/Common/side_nav/menu")): Object: 'Object Repository/mobileSanity/Common/side_nav/menu' is clicked on

2019-10-27 08:00:56 - [MESSAGE][PASSED] - Object: 'Object Repository/mobileSanity/Common/side_nav/menu' is clicked on

2019-10-27 08:00:56 - [TEST_STEP][PASSED] - Thread.sleep(3000): null

2019-10-27 08:00:59 - [TEST_STEP][PASSED] - callTestCase(findTestCase("mobileWeb/_include/get_screenshot"), [:], STOP_ON_FAILURE): Call Test Case 'Test Cases/mobileWeb/_include/get_screenshot' successfully

2019-10-27 08:00:59 - [TEST_CASE][PASSED] - Test Cases/mobileWeb/_include/get_screenshot: Test Cases/mobileWeb/_include/get_screenshot

2019-10-27 08:00:59 - [TEST_STEP][PASSED] - takeScreenshot(screenPath + i + ".png"): Taking screenshot successfully

2019-10-27 08:00:59 - [MESSAGE][PASSED] - Taking screenshot successfully
[[ATTACHMENT|D:\\Test\\AgileTest\\Reports\\mobileWeb\\hbi\\20191027_080033\\../Screenshots/iPhone 6/hbi/Agile One/20191027_080042/1.png]]

2019-10-27 08:00:59 - [TEST_STEP][PASSED] - (internal.GlobalVariable.i++): null

2019-10-27 08:00:59 - [MESSAGE][PASSED] - Call Test Case 'Test Cases/mobileWeb/_include/get_screenshot' successfully

2019-10-27 08:00:59 - [TEST_STEP][PASSED] - click(findTestObject("mobileSanity/Common/side_nav/nav_hbi")): Object: 'Object Repository/mobileSanity/Common/side_nav/nav_hbi' is clicked on

2019-10-27 08:01:00 - [MESSAGE][PASSED] - Object: 'Object Repository/mobileSanity/Common/side_nav/nav_hbi' is clicked on

2019-10-27 08:01:00 - [TEST_STEP][PASSED] - waitForPageLoad(10): Wait for page load successfully

2019-10-27 08:01:00 - [MESSAGE][PASSED] - Wait for page load successfully

2019-10-27 08:01:00 - [TEST_STEP][PASSED] - Thread.sleep(3000): null

2019-10-27 08:01:03 - [TEST_STEP][PASSED] - callTestCase(findTestCase("mobileWeb/_include/get_screenshot"), [:], STOP_ON_FAILURE): Call Test Case 'Test Cases/mobileWeb/_include/get_screenshot' successfully

2019-10-27 08:01:03 - [TEST_CASE][PASSED] - Test Cases/mobileWeb/_include/get_screenshot: Test Cases/mobileWeb/_include/get_screenshot

2019-10-27 08:01:03 - [TEST_STEP][PASSED] - takeScreenshot(screenPath + i + ".png"): Taking screenshot successfully

2019-10-27 08:01:04 - [MESSAGE][PASSED] - Taking screenshot successfully
[[ATTACHMENT|D:\\Test\\AgileTest\\Reports\\mobileWeb\\hbi\\20191027_080033\\../Screenshots/iPhone 6/hbi/Agile One/20191027_080042/2.png]]

2019-10-27 08:01:04 - [TEST_STEP][PASSED] - (internal.GlobalVariable.i++): null

2019-10-27 08:01:04 - [MESSAGE][PASSED] - Call Test Case 'Test Cases/mobileWeb/_include/get_screenshot' successfully

2019-10-27 08:01:04 - [TEST_STEP][PASSED] - setText(findTestObject("mobileSanity/HBI/census/input_Location_zip-input"), zipcode): Text '35215' is set on object 'Object Repository/mobileSanity/HBI/census/input_Location_zip-input'

2019-10-27 08:01:04 - [MESSAGE][PASSED] - Text '35215' is set on object 'Object Repository/mobileSanity/HBI/census/input_Location_zip-input'

2019-10-27 08:01:04 - [TEST_STEP][PASSED] - Thread.sleep(500): null

2019-10-27 08:01:04 - [TEST_STEP][PASSED] - setText(findTestObject("mobileSanity/HBI/census/input_Date of Birth_dob-0"), "12121980"): Text '12121980' is set on object 'Object Repository/mobileSanity/HBI/census/input_Date of Birth_dob-0'

2019-10-27 08:01:05 - [MESSAGE][PASSED] - Text '12121980' is set on object 'Object Repository/mobileSanity/HBI/census/input_Date of Birth_dob-0'

2019-10-27 08:01:05 - [TEST_STEP][PASSED] - click(findTestObject("mobileSanity/HBI/census/label_Male")): Object: 'Object Repository/mobileSanity/HBI/census/label_Male' is clicked on

2019-10-27 08:01:05 - [MESSAGE][PASSED] - Object: 'Object Repository/mobileSanity/HBI/census/label_Male' is clicked on

2019-10-27 08:01:05 - [TEST_STEP][PASSED] - click(findTestObject("mobileSanity/HBI/census/label_Get a Quote")): Object: 'Object Repository/mobileSanity/HBI/census/label_Get a Quote' is clicked on

2019-10-27 08:01:07 - [MESSAGE][PASSED] - Object: 'Object Repository/mobileSanity/HBI/census/label_Get a Quote' is clicked on

2019-10-27 08:01:07 - [TEST_STEP][PASSED] - waitForPageLoad(20): Wait for page load successfully

2019-10-27 08:01:07 - [MESSAGE][PASSED] - Wait for page load successfully

2019-10-27 08:01:07 - [TEST_STEP][PASSED] - Thread.sleep(3000): null

2019-10-27 08:01:10 - [TEST_STEP][PASSED] - callTestCase(findTestCase("mobileWeb/_include/get_screenshot"), [:], STOP_ON_FAILURE): Call Test Case 'Test Cases/mobileWeb/_include/get_screenshot' successfully

2019-10-27 08:01:10 - [TEST_CASE][PASSED] - Test Cases/mobileWeb/_include/get_screenshot: Test Cases/mobileWeb/_include/get_screenshot

2019-10-27 08:01:10 - [TEST_STEP][PASSED] - takeScreenshot(screenPath + i + ".png"): Taking screenshot successfully

2019-10-27 08:01:11 - [MESSAGE][PASSED] - Taking screenshot successfully
[[ATTACHMENT|D:\\Test\\AgileTest\\Reports\\mobileWeb\\hbi\\20191027_080033\\../Screenshots/iPhone 6/hbi/Agile One/20191027_080042/3.png]]

2019-10-27 08:01:11 - [TEST_STEP][PASSED] - (internal.GlobalVariable.i++): null

2019-10-27 08:01:11 - [MESSAGE][PASSED] - Call Test Case 'Test Cases/mobileWeb/_include/get_screenshot' successfully

2019-10-27 08:01:11 - [MESSAGE][PASSED] - Call Test Case 'Test Cases/mobileWeb/_include/census_hbi' successfully

2019-10-27 08:01:11 - [TEST_STEP][PASSED] - Thread.sleep(5000): null

2019-10-27 08:01:16 - [TEST_STEP][PASSED] - scrollToPosition(200, 2300): Browser is scrolled to position x = 200, y = 2300

2019-10-27 08:01:16 - [MESSAGE][PASSED] - Browser is scrolled to position x = 200, y = 2300

2019-10-27 08:01:16 - [TEST_STEP][PASSED] - click(findTestObject("mobileSanity/HBI/quote/a_Agile One 750")): Object: 'Object Repository/mobileSanity/HBI/quote/a_Agile One 750' is clicked on

2019-10-27 08:01:17 - [MESSAGE][PASSED] - Object: 'Object Repository/mobileSanity/HBI/quote/a_Agile One 750' is clicked on

2019-10-27 08:01:17 - [TEST_STEP][PASSED] - waitForPageLoad(20): Wait for page load successfully

2019-10-27 08:01:17 - [MESSAGE][PASSED] - Wait for page load successfully

2019-10-27 08:01:17 - [TEST_STEP][PASSED] - waitForElementPresent(findTestObject("mobileSanity/HBI/detail/a_Apply for This Plan"), 20): Object 'Object Repository/mobileSanity/HBI/detail/a_Apply for This Plan' is present

2019-10-27 08:01:17 - [MESSAGE][PASSED] - Object 'Object Repository/mobileSanity/HBI/detail/a_Apply for This Plan' is present

2019-10-27 08:01:17 - [TEST_STEP][PASSED] - callTestCase(findTestCase("mobileWeb/_include/get_screenshot"), [:], STOP_ON_FAILURE): Call Test Case 'Test Cases/mobileWeb/_include/get_screenshot' successfully

2019-10-27 08:01:18 - [TEST_CASE][PASSED] - Test Cases/mobileWeb/_include/get_screenshot: Test Cases/mobileWeb/_include/get_screenshot

2019-10-27 08:01:18 - [TEST_STEP][PASSED] - takeScreenshot(screenPath + i + ".png"): Taking screenshot successfully

2019-10-27 08:01:18 - [MESSAGE][PASSED] - Taking screenshot successfully
[[ATTACHMENT|D:\\Test\\AgileTest\\Reports\\mobileWeb\\hbi\\20191027_080033\\../Screenshots/iPhone 6/hbi/Agile One/20191027_080042/4.png]]

2019-10-27 08:01:18 - [TEST_STEP][PASSED] - (internal.GlobalVariable.i++): null

2019-10-27 08:01:18 - [MESSAGE][PASSED] - Call Test Case 'Test Cases/mobileWeb/_include/get_screenshot' successfully

2019-10-27 08:01:18 - [TEST_STEP][PASSED] - click(findTestObject("mobileSanity/HBI/detail/a_Apply for This Plan")): Object: 'Object Repository/mobileSanity/HBI/detail/a_Apply for This Plan' is clicked on

2019-10-27 08:01:19 - [MESSAGE][PASSED] - Object: 'Object Repository/mobileSanity/HBI/detail/a_Apply for This Plan' is clicked on

2019-10-27 08:01:19 - [TEST_STEP][PASSED] - waitForPageLoad(20): Wait for page load successfully

2019-10-27 08:01:19 - [MESSAGE][PASSED] - Wait for page load successfully

2019-10-27 08:01:19 - [TEST_STEP][PASSED] - waitForElementPresent(findTestObject("mobileSanity/HBI/Page_Apply/span_Start Secure Application"), 20): Object 'Object Repository/mobileSanity/HBI/Page_Apply/span_Start Secure Application' is present

2019-10-27 08:01:19 - [MESSAGE][PASSED] - Object 'Object Repository/mobileSanity/HBI/Page_Apply/span_Start Secure Application' is present

2019-10-27 08:01:19 - [TEST_STEP][PASSED] - callTestCase(findTestCase("mobileWeb/_include/get_screenshot"), [:], STOP_ON_FAILURE): Call Test Case 'Test Cases/mobileWeb/_include/get_screenshot' successfully

2019-10-27 08:01:19 - [TEST_CASE][PASSED] - Test Cases/mobileWeb/_include/get_screenshot: Test Cases/mobileWeb/_include/get_screenshot

2019-10-27 08:01:19 - [TEST_STEP][PASSED] - takeScreenshot(screenPath + i + ".png"): Taking screenshot successfully

2019-10-27 08:01:19 - [MESSAGE][PASSED] - Taking screenshot successfully
[[ATTACHMENT|D:\\Test\\AgileTest\\Reports\\mobileWeb\\hbi\\20191027_080033\\../Screenshots/iPhone 6/hbi/Agile One/20191027_080042/5.png]]

2019-10-27 08:01:19 - [TEST_STEP][PASSED] - (internal.GlobalVariable.i++): null

2019-10-27 08:01:19 - [MESSAGE][PASSED] - Call Test Case 'Test Cases/mobileWeb/_include/get_screenshot' successfully

2019-10-27 08:01:19 - [TEST_STEP][PASSED] - click(findTestObject("mobileSanity/HBI/Page_Apply/span_Start Secure Application")): Object: 'Object Repository/mobileSanity/HBI/Page_Apply/span_Start Secure Application' is clicked on

2019-10-27 08:01:20 - [MESSAGE][PASSED] - Object: 'Object Repository/mobileSanity/HBI/Page_Apply/span_Start Secure Application' is clicked on

2019-10-27 08:01:20 - [TEST_STEP][PASSED] - waitForPageLoad(20): Wait for page load successfully

2019-10-27 08:01:20 - [MESSAGE][PASSED] - Wait for page load successfully

2019-10-27 08:01:20 - [TEST_STEP][PASSED] - Thread.sleep(5000): null

2019-10-27 08:01:25 - [TEST_STEP][PASSED] - callTestCase(findTestCase("mobileWeb/_include/get_screenshot"), [:], STOP_ON_FAILURE): Call Test Case 'Test Cases/mobileWeb/_include/get_screenshot' successfully

2019-10-27 08:01:25 - [TEST_CASE][PASSED] - Test Cases/mobileWeb/_include/get_screenshot: Test Cases/mobileWeb/_include/get_screenshot

2019-10-27 08:01:25 - [TEST_STEP][PASSED] - takeScreenshot(screenPath + i + ".png"): Taking screenshot successfully

2019-10-27 08:01:26 - [MESSAGE][PASSED] - Taking screenshot successfully
[[ATTACHMENT|D:\\Test\\AgileTest\\Reports\\mobileWeb\\hbi\\20191027_080033\\../Screenshots/iPhone 6/hbi/Agile One/20191027_080042/6.png]]

2019-10-27 08:01:26 - [TEST_STEP][PASSED] - (internal.GlobalVariable.i++): null

2019-10-27 08:01:26 - [MESSAGE][PASSED] - Call Test Case 'Test Cases/mobileWeb/_include/get_screenshot' successfully

2019-10-27 08:01:26 - [TEST_STEP][PASSED] - callTestCase(findTestCase("mobileWeb/_include/goToEnd_hbi"), ["carrier":"agileone"], CONTINUE_ON_FAILURE): Call Test Case 'Test Cases/mobileWeb/_include/goToEnd_hbi' successfully

2019-10-27 08:01:26 - [TEST_CASE][PASSED] - Test Cases/mobileWeb/_include/goToEnd_hbi: Test Cases/mobileWeb/_include/goToEnd_hbi

2019-10-27 08:01:26 - [TEST_STEP][PASSED] - if (state == "ca"): null

2019-10-27 08:01:26 - [TEST_STEP][PASSED] - callTestCase(findTestCase("mobileWeb/_include/name"), [:], CONTINUE_ON_FAILURE): Call Test Case 'Test Cases/mobileWeb/_include/name' successfully

2019-10-27 08:01:26 - [TEST_CASE][PASSED] - Test Cases/mobileWeb/_include/name: Test Cases/mobileWeb/_include/name

2019-10-27 08:01:26 - [TEST_STEP][PASSED] - driver = getWebDriver(): null

2019-10-27 08:01:26 - [TEST_STEP][PASSED] - selenium = new com.thoughtworks.selenium.webdriven.WebDriverBackedSelenium(driver, internal.GlobalVariable.ENV): null

2019-10-27 08:01:26 - [TEST_STEP][PASSED] - FirstName = "Test-123": null

2019-10-27 08:01:26 - [TEST_STEP][PASSED] - LastName = selenium.getEval("{var x="ABCDEFGHIJKLMNOPQRSTUVWXYZabcdefghijklmnopqrstuvwxyz"; var tmp="ZZ11-"; for (i=0;i<8;i++) tmp+=x.charAt(Math.ceil(51*Math.random()));tmp;}"): null

2019-10-27 08:01:26 - [TEST_STEP][PASSED] - Address = selenium.getEval("{var x="ABCDEFGHIJKLMNOPQRSTUVWXYZabcdefghijklmnopqrstuvwxyz"; var tmp=""; for (i=0;i<8;i++) tmp+=x.charAt(Math.ceil(51*Math.random()));tmp;}"): null

2019-10-27 08:01:26 - [TEST_STEP][PASSED] - City = selenium.getEval("{var x="ABCDEFGHIJKLMNOPQRSTUVWXYZabcdefghijklmnopqrstuvwxyz"; var tmp=""; for (i=0;i<8;i++) tmp+=x.charAt(Math.ceil(51*Math.random()));tmp;}"): null

2019-10-27 08:01:27 - [TEST_STEP][PASSED] - tel1 = selenium.getEval("{var x="123456789"; var tmp=""; for (i=0;i<3;i++) tmp+=x.charAt(Math.ceil(8*Math.random()));tmp;}"): null

2019-10-27 08:01:27 - [TEST_STEP][PASSED] - tel2 = selenium.getEval("{var x="123456789"; var tmp=""; for (i=0;i<3;i++) tmp+=x.charAt(Math.ceil(8*Math.random()));tmp;}"): null

2019-10-27 08:01:27 - [TEST_STEP][PASSED] - tel3 = selenium.getEval("{var x="123456789"; var tmp=""; for (i=0;i<4;i++) tmp+=x.charAt(Math.ceil(8*Math.random()));tmp;}"): null

2019-10-27 08:01:27 - [TEST_STEP][PASSED] - Tel = selenium.getExpression(tel1 + "-" + tel2 + "-" + tel3): null

2019-10-27 08:01:27 - [TEST_STEP][PASSED] - AutoEmail = selenium.getEval("{var x="ABCDEFGHIJKLMNOPQRSTUVWXYZabcdefghijklmnopqrstuvwxyz"; var tmp="test."; for (i=0;i<8;i++) tmp+=x.charAt(Math.ceil(51*Math.random()));tmp+="@suryani.cn";}"): null

2019-10-27 08:01:27 - [TEST_STEP][PASSED] - FirstName = FirstName: null

2019-10-27 08:01:27 - [TEST_STEP][PASSED] - LastName = LastName: null

2019-10-27 08:01:27 - [TEST_STEP][PASSED] - Address = Address: null

2019-10-27 08:01:27 - [TEST_STEP][PASSED] - City = City: null

2019-10-27 08:01:27 - [TEST_STEP][PASSED] - Tel = Tel: null

2019-10-27 08:01:27 - [TEST_STEP][PASSED] - AutoEmail = AutoEmail: null

2019-10-27 08:01:27 - [TEST_STEP][PASSED] - println(FirstName): null

2019-10-27 08:01:27 - [TEST_STEP][PASSED] - println(LastName): null

2019-10-27 08:01:27 - [TEST_STEP][PASSED] - println(Address): null

2019-10-27 08:01:27 - [TEST_STEP][PASSED] - println(City): null

2019-10-27 08:01:27 - [TEST_STEP][PASSED] - println(Tel): null

2019-10-27 08:01:27 - [TEST_STEP][PASSED] - println(AutoEmail): null

2019-10-27 08:01:27 - [MESSAGE][PASSED] - Call Test Case 'Test Cases/mobileWeb/_include/name' successfully

2019-10-27 08:01:27 - [TEST_STEP][PASSED] - setText(findTestObject("mobileSanity/HBI/Page_App Page 1/input__member-P-1-firstName"), FirstName): Text 'Test-123' is set on object 'Object Repository/mobileSanity/HBI/Page_App Page 1/input__member-P-1-firstName'

2019-10-27 08:01:27 - [MESSAGE][PASSED] - Text 'Test-123' is set on object 'Object Repository/mobileSanity/HBI/Page_App Page 1/input__member-P-1-firstName'

2019-10-27 08:01:27 - [TEST_STEP][PASSED] - setText(findTestObject("mobileSanity/HBI/Page_App Page 1/input__member-P-1-lastName"), LastName): Text 'ZZ11-lFTuwhWi' is set on object 'Object Repository/mobileSanity/HBI/Page_App Page 1/input__member-P-1-lastName'

2019-10-27 08:01:27 - [MESSAGE][PASSED] - Text 'ZZ11-lFTuwhWi' is set on object 'Object Repository/mobileSanity/HBI/Page_App Page 1/input__member-P-1-lastName'

2019-10-27 08:01:27 - [TEST_STEP][PASSED] - if (carrier == "agileone" || carrier == "agilesecure"): Text 'test6' is set on object 'Object Repository/mobileSanity/HBI/Page_App Page 1/input__contingent-beneficiary-relationship'

2019-10-27 08:01:27 - [TEST_STEP][PASSED] - setText(findTestObject("mobileSanity/HBI/Page_App Page 1/input__primary-beneficiary-fir"), "test1"): Text 'test1' is set on object 'Object Repository/mobileSanity/HBI/Page_App Page 1/input__primary-beneficiary-fir'

2019-10-27 08:01:27 - [MESSAGE][PASSED] - Text 'test1' is set on object 'Object Repository/mobileSanity/HBI/Page_App Page 1/input__primary-beneficiary-fir'

2019-10-27 08:01:27 - [TEST_STEP][PASSED] - setText(findTestObject("mobileSanity/HBI/Page_App Page 1/input__primary-beneficiary-las"), "test2"): Text 'test2' is set on object 'Object Repository/mobileSanity/HBI/Page_App Page 1/input__primary-beneficiary-las'

2019-10-27 08:01:27 - [MESSAGE][PASSED] - Text 'test2' is set on object 'Object Repository/mobileSanity/HBI/Page_App Page 1/input__primary-beneficiary-las'

2019-10-27 08:01:27 - [TEST_STEP][PASSED] - setText(findTestObject("mobileSanity/HBI/Page_App Page 1/input__primary-beneficiary-rel"), "test3"): Text 'test3' is set on object 'Object Repository/mobileSanity/HBI/Page_App Page 1/input__primary-beneficiary-rel'

2019-10-27 08:01:27 - [MESSAGE][PASSED] - Text 'test3' is set on object 'Object Repository/mobileSanity/HBI/Page_App Page 1/input__primary-beneficiary-rel'

2019-10-27 08:01:27 - [TEST_STEP][PASSED] - setText(findTestObject("mobileSanity/HBI/Page_App Page 1/input__contingent-beneficiary-"), "test4"): Text 'test4' is set on object 'Object Repository/mobileSanity/HBI/Page_App Page 1/input__contingent-beneficiary-'

2019-10-27 08:01:28 - [MESSAGE][PASSED] - Text 'test4' is set on object 'Object Repository/mobileSanity/HBI/Page_App Page 1/input__contingent-beneficiary-'

2019-10-27 08:01:28 - [TEST_STEP][PASSED] - setText(findTestObject("mobileSanity/HBI/Page_App Page 1/input__contingent-beneficiary-_lastname"), "test5"): Text 'test5' is set on object 'Object Repository/mobileSanity/HBI/Page_App Page 1/input__contingent-beneficiary-_lastname'

2019-10-27 08:01:28 - [MESSAGE][PASSED] - Text 'test5' is set on object 'Object Repository/mobileSanity/HBI/Page_App Page 1/input__contingent-beneficiary-_lastname'

2019-10-27 08:01:28 - [TEST_STEP][PASSED] - setText(findTestObject("mobileSanity/HBI/Page_App Page 1/input__contingent-beneficiary-relationship"), "test6"): Text 'test6' is set on object 'Object Repository/mobileSanity/HBI/Page_App Page 1/input__contingent-beneficiary-relationship'

2019-10-27 08:01:28 - [MESSAGE][PASSED] - Text 'test6' is set on object 'Object Repository/mobileSanity/HBI/Page_App Page 1/input__contingent-beneficiary-relationship'

2019-10-27 08:01:28 - [TEST_STEP][PASSED] - setText(findTestObject("mobileSanity/HBI/Page_App Page 1/input__address"), Address): Text 'MNtYHExv' is set on object 'Object Repository/mobileSanity/HBI/Page_App Page 1/input__address'

2019-10-27 08:01:28 - [MESSAGE][PASSED] - Text 'MNtYHExv' is set on object 'Object Repository/mobileSanity/HBI/Page_App Page 1/input__address'

2019-10-27 08:01:28 - [TEST_STEP][PASSED] - setText(findTestObject("mobileSanity/HBI/Page_App Page 1/input__city"), City): Text 'FigpdVBq' is set on object 'Object Repository/mobileSanity/HBI/Page_App Page 1/input__city'

2019-10-27 08:01:28 - [MESSAGE][PASSED] - Text 'FigpdVBq' is set on object 'Object Repository/mobileSanity/HBI/Page_App Page 1/input__city'

2019-10-27 08:01:28 - [TEST_STEP][PASSED] - setText(findTestObject("mobileSanity/HBI/Page_App Page 1/input__email"), AutoEmail): Text 'test.HOSYQkJt@suryani.cn' is set on object 'Object Repository/mobileSanity/HBI/Page_App Page 1/input__email'

2019-10-27 08:01:29 - [MESSAGE][PASSED] - Text 'test.HOSYQkJt@suryani.cn' is set on object 'Object Repository/mobileSanity/HBI/Page_App Page 1/input__email'

2019-10-27 08:01:29 - [TEST_STEP][PASSED] - setText(findTestObject("mobileSanity/HBI/Page_App Page 1/input_tel"), Tel): Text '323-385-4377' is set on object 'Object Repository/mobileSanity/HBI/Page_App Page 1/input_tel'

2019-10-27 08:01:29 - [MESSAGE][PASSED] - Text '323-385-4377' is set on object 'Object Repository/mobileSanity/HBI/Page_App Page 1/input_tel'

2019-10-27 08:01:29 - [TEST_STEP][PASSED] - click(findTestObject("mobileSanity/HBI/Page_App Page 1/a_Continue to Step 2 - Payment")): Object: 'Object Repository/mobileSanity/HBI/Page_App Page 1/a_Continue to Step 2 - Payment' is clicked on

2019-10-27 08:01:29 - [MESSAGE][PASSED] - Object: 'Object Repository/mobileSanity/HBI/Page_App Page 1/a_Continue to Step 2 - Payment' is clicked on

2019-10-27 08:01:29 - [TEST_STEP][PASSED] - waitForPageLoad(20): Wait for page load successfully

2019-10-27 08:01:29 - [MESSAGE][PASSED] - Wait for page load successfully

2019-10-27 08:01:29 - [TEST_STEP][PASSED] - Thread.sleep(2000): null

2019-10-27 08:01:31 - [TEST_STEP][PASSED] - waitForElementVisible(findTestObject("mobileSanity/HBI/Page_App Page 2/input__credit-card-first"), 20): Object 'Object Repository/mobileSanity/HBI/Page_App Page 2/input__credit-card-first' is visible

2019-10-27 08:01:31 - [MESSAGE][PASSED] - Object 'Object Repository/mobileSanity/HBI/Page_App Page 2/input__credit-card-first' is visible

2019-10-27 08:01:31 - [TEST_STEP][PASSED] - callTestCase(findTestCase("mobileWeb/_include/get_screenshot"), [:], STOP_ON_FAILURE): Call Test Case 'Test Cases/mobileWeb/_include/get_screenshot' successfully

2019-10-27 08:01:31 - [TEST_CASE][PASSED] - Test Cases/mobileWeb/_include/get_screenshot: Test Cases/mobileWeb/_include/get_screenshot

2019-10-27 08:01:31 - [TEST_STEP][PASSED] - takeScreenshot(screenPath + i + ".png"): Taking screenshot successfully

2019-10-27 08:01:32 - [MESSAGE][PASSED] - Taking screenshot successfully
[[ATTACHMENT|D:\\Test\\AgileTest\\Reports\\mobileWeb\\hbi\\20191027_080033\\../Screenshots/iPhone 6/hbi/Agile One/20191027_080042/7.png]]

2019-10-27 08:01:32 - [TEST_STEP][PASSED] - (internal.GlobalVariable.i++): null

2019-10-27 08:01:32 - [MESSAGE][PASSED] - Call Test Case 'Test Cases/mobileWeb/_include/get_screenshot' successfully

2019-10-27 08:01:32 - [TEST_STEP][PASSED] - setText(findTestObject("mobileSanity/HBI/Page_App Page 2/input__credit-card-first"), FirstName): Text 'Test-123' is set on object 'Object Repository/mobileSanity/HBI/Page_App Page 2/input__credit-card-first'

2019-10-27 08:01:32 - [MESSAGE][PASSED] - Text 'Test-123' is set on object 'Object Repository/mobileSanity/HBI/Page_App Page 2/input__credit-card-first'

2019-10-27 08:01:32 - [TEST_STEP][PASSED] - setText(findTestObject("mobileSanity/HBI/Page_App Page 2/input__credit-card-last"), LastName): Text 'ZZ11-lFTuwhWi' is set on object 'Object Repository/mobileSanity/HBI/Page_App Page 2/input__credit-card-last'

2019-10-27 08:01:32 - [MESSAGE][PASSED] - Text 'ZZ11-lFTuwhWi' is set on object 'Object Repository/mobileSanity/HBI/Page_App Page 2/input__credit-card-last'

2019-10-27 08:01:32 - [TEST_STEP][PASSED] - selectOptionByValue(findTestObject("mobileSanity/HBI/Page_App Page 2/select_MM010203040506070809101"), "12", true): All options with value '12' are selected in object 'Object Repository/mobileSanity/HBI/Page_App Page 2/select_MM010203040506070809101'  using regular expression

2019-10-27 08:01:32 - [MESSAGE][PASSED] - All options with value '12' are selected in object 'Object Repository/mobileSanity/HBI/Page_App Page 2/select_MM010203040506070809101'  using regular expression

2019-10-27 08:01:32 - [TEST_STEP][PASSED] - selectOptionByValue(findTestObject("mobileSanity/HBI/Page_App Page 2/select_YYYY2019202020212022202"), "2026", true): All options with value '2026' are selected in object 'Object Repository/mobileSanity/HBI/Page_App Page 2/select_YYYY2019202020212022202'  using regular expression

2019-10-27 08:01:33 - [MESSAGE][PASSED] - All options with value '2026' are selected in object 'Object Repository/mobileSanity/HBI/Page_App Page 2/select_YYYY2019202020212022202'  using regular expression

2019-10-27 08:01:33 - [TEST_STEP][PASSED] - setText(findTestObject("mobileSanity/HBI/Page_App Page 2/input__credit-card-number"), "4111111111111111"): Text '4111111111111111' is set on object 'Object Repository/mobileSanity/HBI/Page_App Page 2/input__credit-card-number'

2019-10-27 08:01:33 - [MESSAGE][PASSED] - Text '4111111111111111' is set on object 'Object Repository/mobileSanity/HBI/Page_App Page 2/input__credit-card-number'

2019-10-27 08:01:33 - [TEST_STEP][PASSED] - setText(findTestObject("mobileSanity/HBI/Page_App Page 2/input__cvv"), "123"): Text '123' is set on object 'Object Repository/mobileSanity/HBI/Page_App Page 2/input__cvv'

2019-10-27 08:01:33 - [MESSAGE][PASSED] - Text '123' is set on object 'Object Repository/mobileSanity/HBI/Page_App Page 2/input__cvv'

2019-10-27 08:01:33 - [TEST_STEP][PASSED] - click(findTestObject("mobileSanity/HBI/Page_App Page 2/label_My billing address is th")): Object: 'Object Repository/mobileSanity/HBI/Page_App Page 2/label_My billing address is th' is clicked on

2019-10-27 08:01:33 - [MESSAGE][PASSED] - Object: 'Object Repository/mobileSanity/HBI/Page_App Page 2/label_My billing address is th' is clicked on

2019-10-27 08:01:33 - [TEST_STEP][PASSED] - click(findTestObject("mobileSanity/HBI/Page_App Page 2/label_I Accept Authorization f")): Object: 'Object Repository/mobileSanity/HBI/Page_App Page 2/label_I Accept Authorization f' is clicked on

2019-10-27 08:01:33 - [MESSAGE][PASSED] - Object: 'Object Repository/mobileSanity/HBI/Page_App Page 2/label_I Accept Authorization f' is clicked on

2019-10-27 08:01:33 - [TEST_STEP][PASSED] - click(findTestObject("mobileSanity/HBI/Page_App Page 2/a_Continue to Step 3 - Review")): Object: 'Object Repository/mobileSanity/HBI/Page_App Page 2/a_Continue to Step 3 - Review' is clicked on

2019-10-27 08:01:33 - [MESSAGE][PASSED] - Object: 'Object Repository/mobileSanity/HBI/Page_App Page 2/a_Continue to Step 3 - Review' is clicked on

2019-10-27 08:01:33 - [TEST_STEP][PASSED] - waitForPageLoad(20): Wait for page load successfully

2019-10-27 08:01:33 - [MESSAGE][PASSED] - Wait for page load successfully

2019-10-27 08:01:33 - [TEST_STEP][PASSED] - Thread.sleep(10000): null

2019-10-27 08:01:43 - [TEST_STEP][PASSED] - waitForElementPresent(findTestObject("mobileSanity/HBI/Page_App Page 3/label"), 20): Object 'Object Repository/mobileSanity/HBI/Page_App Page 3/label' is present

2019-10-27 08:01:44 - [MESSAGE][PASSED] - Object 'Object Repository/mobileSanity/HBI/Page_App Page 3/label' is present

2019-10-27 08:01:44 - [TEST_STEP][PASSED] - callTestCase(findTestCase("mobileWeb/_include/get_screenshot"), [:], STOP_ON_FAILURE): Call Test Case 'Test Cases/mobileWeb/_include/get_screenshot' successfully

2019-10-27 08:01:44 - [TEST_CASE][PASSED] - Test Cases/mobileWeb/_include/get_screenshot: Test Cases/mobileWeb/_include/get_screenshot

2019-10-27 08:01:44 - [TEST_STEP][PASSED] - takeScreenshot(screenPath + i + ".png"): Taking screenshot successfully

2019-10-27 08:01:44 - [MESSAGE][PASSED] - Taking screenshot successfully
[[ATTACHMENT|D:\\Test\\AgileTest\\Reports\\mobileWeb\\hbi\\20191027_080033\\../Screenshots/iPhone 6/hbi/Agile One/20191027_080042/8.png]]

2019-10-27 08:01:44 - [TEST_STEP][PASSED] - (internal.GlobalVariable.i++): null

2019-10-27 08:01:44 - [MESSAGE][PASSED] - Call Test Case 'Test Cases/mobileWeb/_include/get_screenshot' successfully

2019-10-27 08:01:44 - [TEST_STEP][PASSED] - click(findTestObject("mobileSanity/HBI/Page_App Page 3/label")): Object: 'Object Repository/mobileSanity/HBI/Page_App Page 3/label' is clicked on

2019-10-27 08:01:44 - [MESSAGE][PASSED] - Object: 'Object Repository/mobileSanity/HBI/Page_App Page 3/label' is clicked on

2019-10-27 08:01:44 - [TEST_STEP][PASSED] - click(findTestObject("mobileSanity/HBI/Page_App Page 3/p_CLICK TO SIGN")): Object: 'Object Repository/mobileSanity/HBI/Page_App Page 3/p_CLICK TO SIGN' is clicked on

2019-10-27 08:01:44 - [MESSAGE][PASSED] - Object: 'Object Repository/mobileSanity/HBI/Page_App Page 3/p_CLICK TO SIGN' is clicked on

2019-10-27 08:01:44 - [TEST_STEP][PASSED] - click(findTestObject("mobileSanity/HBI/Page_App Page 3/a_Submit Your Application")): Object: 'Object Repository/mobileSanity/HBI/Page_App Page 3/a_Submit Your Application' is clicked on

2019-10-27 08:01:45 - [MESSAGE][PASSED] - Object: 'Object Repository/mobileSanity/HBI/Page_App Page 3/a_Submit Your Application' is clicked on

2019-10-27 08:01:45 - [TEST_STEP][PASSED] - Thread.sleep(30000): null

2019-10-27 08:02:15 - [TEST_STEP][PASSED] - callTestCase(findTestCase("mobileWeb/_include/get_screenshot"), [:], STOP_ON_FAILURE): Call Test Case 'Test Cases/mobileWeb/_include/get_screenshot' successfully

2019-10-27 08:02:15 - [TEST_CASE][PASSED] - Test Cases/mobileWeb/_include/get_screenshot: Test Cases/mobileWeb/_include/get_screenshot

2019-10-27 08:02:15 - [TEST_STEP][PASSED] - takeScreenshot(screenPath + i + ".png"): Taking screenshot successfully

2019-10-27 08:02:15 - [MESSAGE][PASSED] - Taking screenshot successfully
[[ATTACHMENT|D:\\Test\\AgileTest\\Reports\\mobileWeb\\hbi\\20191027_080033\\../Screenshots/iPhone 6/hbi/Agile One/20191027_080042/9.png]]

2019-10-27 08:02:15 - [TEST_STEP][PASSED] - (internal.GlobalVariable.i++): null

2019-10-27 08:02:15 - [MESSAGE][PASSED] - Call Test Case 'Test Cases/mobileWeb/_include/get_screenshot' successfully

2019-10-27 08:02:15 - [TEST_STEP][PASSED] - verifyTextPresent("Congratulations", false): Text 'Congratulations' is present on page 

2019-10-27 08:02:15 - [MESSAGE][PASSED] - Text 'Congratulations' is present on page 

2019-10-27 08:02:15 - [MESSAGE][PASSED] - Call Test Case 'Test Cases/mobileWeb/_include/goToEnd_hbi' successfully]]></system-out>
         <system-err><![CDATA[]]></system-err>
      </testcase>
      <testcase name="Test Cases/mobileWeb/HBI/Legion Limited Medical" classname="Test Cases/mobileWeb/HBI/Legion Limited Medical" status="PASSED">
         <system-out><![CDATA[2019-10-27 08:02:15 - [TEST_CASE][PASSED] - Test Cases/mobileWeb/HBI/Legion Limited Medical: Test Cases/mobileWeb/HBI/Legion Limited Medical

2019-10-27 08:02:15 - [TEST_STEP][PASSED] - callTestCase(findTestCase("mobileWeb/_include/get_screenPath"), ["productLine":"hbi", "carrierName":"Legion Limited Medical"], CONTINUE_ON_FAILURE): Call Test Case 'Test Cases/mobileWeb/_include/get_screenPath' successfully

2019-10-27 08:02:15 - [TEST_CASE][PASSED] - Test Cases/mobileWeb/_include/get_screenPath: Test Cases/mobileWeb/_include/get_screenPath

2019-10-27 08:02:15 - [TEST_STEP][PASSED] - m = getExecutionProperties(): null

2019-10-27 08:02:15 - [TEST_STEP][PASSED] - deviceName = get("mobileEmulation").get("deviceName"): null

2019-10-27 08:02:15 - [TEST_STEP][PASSED] - println(deviceName): null

2019-10-27 08:02:15 - [TEST_STEP][PASSED] - now = new java.util.Date(): null

2019-10-27 08:02:15 - [TEST_STEP][PASSED] - mydate = now.format("yyyyMMdd_HHmmss"): null

2019-10-27 08:02:15 - [TEST_STEP][PASSED] - screenPath = "../Screenshots/": null

2019-10-27 08:02:15 - [TEST_STEP][PASSED] - screenPath = screenPath + deviceName + "/" + productLine + "/" + carrierName + "/" + mydate + "/": null

2019-10-27 08:02:15 - [TEST_STEP][PASSED] - println(screenPath): null

2019-10-27 08:02:15 - [MESSAGE][PASSED] - Call Test Case 'Test Cases/mobileWeb/_include/get_screenPath' successfully

2019-10-27 08:02:15 - [TEST_STEP][PASSED] - i = 0: null

2019-10-27 08:02:15 - [TEST_STEP][PASSED] - callTestCase(findTestCase("mobileWeb/_include/openWebSite"), [:], CONTINUE_ON_FAILURE): Call Test Case 'Test Cases/mobileWeb/_include/openWebSite' successfully

2019-10-27 08:02:15 - [TEST_CASE][PASSED] - Test Cases/mobileWeb/_include/openWebSite: Test Cases/mobileWeb/_include/openWebSite

2019-10-27 08:02:15 - [TEST_STEP][PASSED] - openBrowser(env): Browser is opened with url: 'https://praetemptatus.agilehealthinsurance.com'

2019-10-27 08:02:15 - [MESSAGE][WARNING] - A browser is already opened. Closing browser and opening a new one

2019-10-27 08:02:16 - [MESSAGE][INFO] - Starting 'Chrome' driver

2019-10-27 08:02:16 - [MESSAGE][INFO] - User set preference: ['mobileEmulation', '{deviceName=iPhone 6}']

2019-10-27 08:02:16 - [MESSAGE][INFO] - User set preference: ['args', '[--incognito, --aggressive-cache-discard, --window-size=375,677, --no-sandbox]']

2019-10-27 08:02:18 - [MESSAGE][PASSED] - Browser is opened with url: 'https://praetemptatus.agilehealthinsurance.com'

2019-10-27 08:02:18 - [TEST_STEP][PASSED] - waitForPageLoad(20): Wait for page load successfully

2019-10-27 08:02:18 - [MESSAGE][PASSED] - Wait for page load successfully

2019-10-27 08:02:18 - [TEST_STEP][PASSED] - Thread.sleep(2000): null

2019-10-27 08:02:20 - [TEST_STEP][PASSED] - callTestCase(findTestCase("mobileWeb/_include/get_screenshot"), [:], STOP_ON_FAILURE): Call Test Case 'Test Cases/mobileWeb/_include/get_screenshot' successfully

2019-10-27 08:02:20 - [TEST_CASE][PASSED] - Test Cases/mobileWeb/_include/get_screenshot: Test Cases/mobileWeb/_include/get_screenshot

2019-10-27 08:02:20 - [TEST_STEP][PASSED] - takeScreenshot(screenPath + i + ".png"): Taking screenshot successfully

2019-10-27 08:02:21 - [MESSAGE][PASSED] - Taking screenshot successfully
[[ATTACHMENT|D:\\Test\\AgileTest\\Reports\\mobileWeb\\hbi\\20191027_080033\\../Screenshots/iPhone 6/hbi/Legion Limited Medical/20191027_080215/0.png]]

2019-10-27 08:02:21 - [TEST_STEP][PASSED] - (internal.GlobalVariable.i++): null

2019-10-27 08:02:21 - [MESSAGE][PASSED] - Call Test Case 'Test Cases/mobileWeb/_include/get_screenshot' successfully

2019-10-27 08:02:21 - [MESSAGE][PASSED] - Call Test Case 'Test Cases/mobileWeb/_include/openWebSite' successfully

2019-10-27 08:02:21 - [TEST_STEP][PASSED] - callTestCase(findTestCase("mobileWeb/_include/census_hbi"), [:], CONTINUE_ON_FAILURE): Call Test Case 'Test Cases/mobileWeb/_include/census_hbi' successfully

2019-10-27 08:02:21 - [TEST_CASE][PASSED] - Test Cases/mobileWeb/_include/census_hbi: Test Cases/mobileWeb/_include/census_hbi

2019-10-27 08:02:21 - [TEST_STEP][PASSED] - click(findTestObject("mobileSanity/Common/side_nav/menu")): Object: 'Object Repository/mobileSanity/Common/side_nav/menu' is clicked on

2019-10-27 08:02:21 - [MESSAGE][PASSED] - Object: 'Object Repository/mobileSanity/Common/side_nav/menu' is clicked on

2019-10-27 08:02:21 - [TEST_STEP][PASSED] - Thread.sleep(3000): null

2019-10-27 08:02:24 - [TEST_STEP][PASSED] - callTestCase(findTestCase("mobileWeb/_include/get_screenshot"), [:], STOP_ON_FAILURE): Call Test Case 'Test Cases/mobileWeb/_include/get_screenshot' successfully

2019-10-27 08:02:24 - [TEST_CASE][PASSED] - Test Cases/mobileWeb/_include/get_screenshot: Test Cases/mobileWeb/_include/get_screenshot

2019-10-27 08:02:24 - [TEST_STEP][PASSED] - takeScreenshot(screenPath + i + ".png"): Taking screenshot successfully

2019-10-27 08:02:25 - [MESSAGE][PASSED] - Taking screenshot successfully
[[ATTACHMENT|D:\\Test\\AgileTest\\Reports\\mobileWeb\\hbi\\20191027_080033\\../Screenshots/iPhone 6/hbi/Legion Limited Medical/20191027_080215/1.png]]

2019-10-27 08:02:25 - [TEST_STEP][PASSED] - (internal.GlobalVariable.i++): null

2019-10-27 08:02:25 - [MESSAGE][PASSED] - Call Test Case 'Test Cases/mobileWeb/_include/get_screenshot' successfully

2019-10-27 08:02:25 - [TEST_STEP][PASSED] - click(findTestObject("mobileSanity/Common/side_nav/nav_hbi")): Object: 'Object Repository/mobileSanity/Common/side_nav/nav_hbi' is clicked on

2019-10-27 08:02:25 - [MESSAGE][PASSED] - Object: 'Object Repository/mobileSanity/Common/side_nav/nav_hbi' is clicked on

2019-10-27 08:02:25 - [TEST_STEP][PASSED] - waitForPageLoad(10): Wait for page load successfully

2019-10-27 08:02:25 - [MESSAGE][PASSED] - Wait for page load successfully

2019-10-27 08:02:25 - [TEST_STEP][PASSED] - Thread.sleep(3000): null

2019-10-27 08:02:28 - [TEST_STEP][PASSED] - callTestCase(findTestCase("mobileWeb/_include/get_screenshot"), [:], STOP_ON_FAILURE): Call Test Case 'Test Cases/mobileWeb/_include/get_screenshot' successfully

2019-10-27 08:02:28 - [TEST_CASE][PASSED] - Test Cases/mobileWeb/_include/get_screenshot: Test Cases/mobileWeb/_include/get_screenshot

2019-10-27 08:02:28 - [TEST_STEP][PASSED] - takeScreenshot(screenPath + i + ".png"): Taking screenshot successfully

2019-10-27 08:02:29 - [MESSAGE][PASSED] - Taking screenshot successfully
[[ATTACHMENT|D:\\Test\\AgileTest\\Reports\\mobileWeb\\hbi\\20191027_080033\\../Screenshots/iPhone 6/hbi/Legion Limited Medical/20191027_080215/2.png]]

2019-10-27 08:02:29 - [TEST_STEP][PASSED] - (internal.GlobalVariable.i++): null

2019-10-27 08:02:29 - [MESSAGE][PASSED] - Call Test Case 'Test Cases/mobileWeb/_include/get_screenshot' successfully

2019-10-27 08:02:29 - [TEST_STEP][PASSED] - setText(findTestObject("mobileSanity/HBI/census/input_Location_zip-input"), zipcode): Text '35215' is set on object 'Object Repository/mobileSanity/HBI/census/input_Location_zip-input'

2019-10-27 08:02:29 - [MESSAGE][PASSED] - Text '35215' is set on object 'Object Repository/mobileSanity/HBI/census/input_Location_zip-input'

2019-10-27 08:02:29 - [TEST_STEP][PASSED] - Thread.sleep(500): null

2019-10-27 08:02:30 - [TEST_STEP][PASSED] - setText(findTestObject("mobileSanity/HBI/census/input_Date of Birth_dob-0"), "12121980"): Text '12121980' is set on object 'Object Repository/mobileSanity/HBI/census/input_Date of Birth_dob-0'

2019-10-27 08:02:30 - [MESSAGE][PASSED] - Text '12121980' is set on object 'Object Repository/mobileSanity/HBI/census/input_Date of Birth_dob-0'

2019-10-27 08:02:30 - [TEST_STEP][PASSED] - click(findTestObject("mobileSanity/HBI/census/label_Male")): Object: 'Object Repository/mobileSanity/HBI/census/label_Male' is clicked on

2019-10-27 08:02:30 - [MESSAGE][PASSED] - Object: 'Object Repository/mobileSanity/HBI/census/label_Male' is clicked on

2019-10-27 08:02:30 - [TEST_STEP][PASSED] - click(findTestObject("mobileSanity/HBI/census/label_Get a Quote")): Object: 'Object Repository/mobileSanity/HBI/census/label_Get a Quote' is clicked on

2019-10-27 08:02:31 - [MESSAGE][PASSED] - Object: 'Object Repository/mobileSanity/HBI/census/label_Get a Quote' is clicked on

2019-10-27 08:02:31 - [TEST_STEP][PASSED] - waitForPageLoad(20): Wait for page load successfully

2019-10-27 08:02:32 - [MESSAGE][PASSED] - Wait for page load successfully

2019-10-27 08:02:32 - [TEST_STEP][PASSED] - Thread.sleep(3000): null

2019-10-27 08:02:35 - [TEST_STEP][PASSED] - callTestCase(findTestCase("mobileWeb/_include/get_screenshot"), [:], STOP_ON_FAILURE): Call Test Case 'Test Cases/mobileWeb/_include/get_screenshot' successfully

2019-10-27 08:02:35 - [TEST_CASE][PASSED] - Test Cases/mobileWeb/_include/get_screenshot: Test Cases/mobileWeb/_include/get_screenshot

2019-10-27 08:02:35 - [TEST_STEP][PASSED] - takeScreenshot(screenPath + i + ".png"): Taking screenshot successfully

2019-10-27 08:02:35 - [MESSAGE][PASSED] - Taking screenshot successfully
[[ATTACHMENT|D:\\Test\\AgileTest\\Reports\\mobileWeb\\hbi\\20191027_080033\\../Screenshots/iPhone 6/hbi/Legion Limited Medical/20191027_080215/3.png]]

2019-10-27 08:02:35 - [TEST_STEP][PASSED] - (internal.GlobalVariable.i++): null

2019-10-27 08:02:35 - [MESSAGE][PASSED] - Call Test Case 'Test Cases/mobileWeb/_include/get_screenshot' successfully

2019-10-27 08:02:35 - [MESSAGE][PASSED] - Call Test Case 'Test Cases/mobileWeb/_include/census_hbi' successfully

2019-10-27 08:02:35 - [TEST_STEP][PASSED] - click(findTestObject("mobileSanity/HBI/quote/a_Legion Limited Medical 500")): Object: 'Object Repository/mobileSanity/HBI/quote/a_Legion Limited Medical 500' is clicked on

2019-10-27 08:02:36 - [MESSAGE][PASSED] - Object: 'Object Repository/mobileSanity/HBI/quote/a_Legion Limited Medical 500' is clicked on

2019-10-27 08:02:36 - [TEST_STEP][PASSED] - waitForPageLoad(20): Wait for page load successfully

2019-10-27 08:02:36 - [MESSAGE][PASSED] - Wait for page load successfully

2019-10-27 08:02:36 - [TEST_STEP][PASSED] - callTestCase(findTestCase("mobileWeb/_include/get_screenshot"), [:], STOP_ON_FAILURE): Call Test Case 'Test Cases/mobileWeb/_include/get_screenshot' successfully

2019-10-27 08:02:36 - [TEST_CASE][PASSED] - Test Cases/mobileWeb/_include/get_screenshot: Test Cases/mobileWeb/_include/get_screenshot

2019-10-27 08:02:36 - [TEST_STEP][PASSED] - takeScreenshot(screenPath + i + ".png"): Taking screenshot successfully

2019-10-27 08:02:37 - [MESSAGE][PASSED] - Taking screenshot successfully
[[ATTACHMENT|D:\\Test\\AgileTest\\Reports\\mobileWeb\\hbi\\20191027_080033\\../Screenshots/iPhone 6/hbi/Legion Limited Medical/20191027_080215/4.png]]

2019-10-27 08:02:37 - [TEST_STEP][PASSED] - (internal.GlobalVariable.i++): null

2019-10-27 08:02:37 - [MESSAGE][PASSED] - Call Test Case 'Test Cases/mobileWeb/_include/get_screenshot' successfully

2019-10-27 08:02:37 - [TEST_STEP][PASSED] - click(findTestObject("mobileSanity/HBI/detail/a_Apply for This Plan")): Object: 'Object Repository/mobileSanity/HBI/detail/a_Apply for This Plan' is clicked on

2019-10-27 08:02:38 - [MESSAGE][PASSED] - Object: 'Object Repository/mobileSanity/HBI/detail/a_Apply for This Plan' is clicked on

2019-10-27 08:02:38 - [TEST_STEP][PASSED] - waitForPageLoad(20): Wait for page load successfully

2019-10-27 08:02:38 - [MESSAGE][PASSED] - Wait for page load successfully

2019-10-27 08:02:38 - [TEST_STEP][PASSED] - callTestCase(findTestCase("mobileWeb/_include/get_screenshot"), [:], STOP_ON_FAILURE): Call Test Case 'Test Cases/mobileWeb/_include/get_screenshot' successfully

2019-10-27 08:02:38 - [TEST_CASE][PASSED] - Test Cases/mobileWeb/_include/get_screenshot: Test Cases/mobileWeb/_include/get_screenshot

2019-10-27 08:02:38 - [TEST_STEP][PASSED] - takeScreenshot(screenPath + i + ".png"): Taking screenshot successfully

2019-10-27 08:02:38 - [MESSAGE][PASSED] - Taking screenshot successfully
[[ATTACHMENT|D:\\Test\\AgileTest\\Reports\\mobileWeb\\hbi\\20191027_080033\\../Screenshots/iPhone 6/hbi/Legion Limited Medical/20191027_080215/5.png]]

2019-10-27 08:02:38 - [TEST_STEP][PASSED] - (internal.GlobalVariable.i++): null

2019-10-27 08:02:38 - [MESSAGE][PASSED] - Call Test Case 'Test Cases/mobileWeb/_include/get_screenshot' successfully

2019-10-27 08:02:38 - [TEST_STEP][PASSED] - click(findTestObject("mobileSanity/HBI/Page_Apply/span_Start Secure Application")): Object: 'Object Repository/mobileSanity/HBI/Page_Apply/span_Start Secure Application' is clicked on

2019-10-27 08:02:40 - [MESSAGE][PASSED] - Object: 'Object Repository/mobileSanity/HBI/Page_Apply/span_Start Secure Application' is clicked on

2019-10-27 08:02:40 - [TEST_STEP][PASSED] - waitForPageLoad(20): Wait for page load successfully

2019-10-27 08:02:40 - [MESSAGE][PASSED] - Wait for page load successfully

2019-10-27 08:02:40 - [TEST_STEP][PASSED] - Thread.sleep(5000): null

2019-10-27 08:02:45 - [TEST_STEP][PASSED] - callTestCase(findTestCase("mobileWeb/_include/get_screenshot"), [:], STOP_ON_FAILURE): Call Test Case 'Test Cases/mobileWeb/_include/get_screenshot' successfully

2019-10-27 08:02:45 - [TEST_CASE][PASSED] - Test Cases/mobileWeb/_include/get_screenshot: Test Cases/mobileWeb/_include/get_screenshot

2019-10-27 08:02:45 - [TEST_STEP][PASSED] - takeScreenshot(screenPath + i + ".png"): Taking screenshot successfully

2019-10-27 08:02:45 - [MESSAGE][PASSED] - Taking screenshot successfully
[[ATTACHMENT|D:\\Test\\AgileTest\\Reports\\mobileWeb\\hbi\\20191027_080033\\../Screenshots/iPhone 6/hbi/Legion Limited Medical/20191027_080215/6.png]]

2019-10-27 08:02:45 - [TEST_STEP][PASSED] - (internal.GlobalVariable.i++): null

2019-10-27 08:02:45 - [MESSAGE][PASSED] - Call Test Case 'Test Cases/mobileWeb/_include/get_screenshot' successfully

2019-10-27 08:02:45 - [TEST_STEP][PASSED] - callTestCase(findTestCase("mobileWeb/_include/goToEnd_hbi"), ["carrier":"legionlimitedmedical"], CONTINUE_ON_FAILURE): Call Test Case 'Test Cases/mobileWeb/_include/goToEnd_hbi' successfully

2019-10-27 08:02:45 - [TEST_CASE][PASSED] - Test Cases/mobileWeb/_include/goToEnd_hbi: Test Cases/mobileWeb/_include/goToEnd_hbi

2019-10-27 08:02:45 - [TEST_STEP][PASSED] - if (state == "ca"): null

2019-10-27 08:02:45 - [TEST_STEP][PASSED] - callTestCase(findTestCase("mobileWeb/_include/name"), [:], CONTINUE_ON_FAILURE): Call Test Case 'Test Cases/mobileWeb/_include/name' successfully

2019-10-27 08:02:46 - [TEST_CASE][PASSED] - Test Cases/mobileWeb/_include/name: Test Cases/mobileWeb/_include/name

2019-10-27 08:02:46 - [TEST_STEP][PASSED] - driver = getWebDriver(): null

2019-10-27 08:02:46 - [TEST_STEP][PASSED] - selenium = new com.thoughtworks.selenium.webdriven.WebDriverBackedSelenium(driver, internal.GlobalVariable.ENV): null

2019-10-27 08:02:46 - [TEST_STEP][PASSED] - FirstName = "Test-123": null

2019-10-27 08:02:46 - [TEST_STEP][PASSED] - LastName = selenium.getEval("{var x="ABCDEFGHIJKLMNOPQRSTUVWXYZabcdefghijklmnopqrstuvwxyz"; var tmp="ZZ11-"; for (i=0;i<8;i++) tmp+=x.charAt(Math.ceil(51*Math.random()));tmp;}"): null

2019-10-27 08:02:46 - [TEST_STEP][PASSED] - Address = selenium.getEval("{var x="ABCDEFGHIJKLMNOPQRSTUVWXYZabcdefghijklmnopqrstuvwxyz"; var tmp=""; for (i=0;i<8;i++) tmp+=x.charAt(Math.ceil(51*Math.random()));tmp;}"): null

2019-10-27 08:02:46 - [TEST_STEP][PASSED] - City = selenium.getEval("{var x="ABCDEFGHIJKLMNOPQRSTUVWXYZabcdefghijklmnopqrstuvwxyz"; var tmp=""; for (i=0;i<8;i++) tmp+=x.charAt(Math.ceil(51*Math.random()));tmp;}"): null

2019-10-27 08:02:46 - [TEST_STEP][PASSED] - tel1 = selenium.getEval("{var x="123456789"; var tmp=""; for (i=0;i<3;i++) tmp+=x.charAt(Math.ceil(8*Math.random()));tmp;}"): null

2019-10-27 08:02:46 - [TEST_STEP][PASSED] - tel2 = selenium.getEval("{var x="123456789"; var tmp=""; for (i=0;i<3;i++) tmp+=x.charAt(Math.ceil(8*Math.random()));tmp;}"): null

2019-10-27 08:02:46 - [TEST_STEP][PASSED] - tel3 = selenium.getEval("{var x="123456789"; var tmp=""; for (i=0;i<4;i++) tmp+=x.charAt(Math.ceil(8*Math.random()));tmp;}"): null

2019-10-27 08:02:46 - [TEST_STEP][PASSED] - Tel = selenium.getExpression(tel1 + "-" + tel2 + "-" + tel3): null

2019-10-27 08:02:46 - [TEST_STEP][PASSED] - AutoEmail = selenium.getEval("{var x="ABCDEFGHIJKLMNOPQRSTUVWXYZabcdefghijklmnopqrstuvwxyz"; var tmp="test."; for (i=0;i<8;i++) tmp+=x.charAt(Math.ceil(51*Math.random()));tmp+="@suryani.cn";}"): null

2019-10-27 08:02:46 - [TEST_STEP][PASSED] - FirstName = FirstName: null

2019-10-27 08:02:46 - [TEST_STEP][PASSED] - LastName = LastName: null

2019-10-27 08:02:46 - [TEST_STEP][PASSED] - Address = Address: null

2019-10-27 08:02:46 - [TEST_STEP][PASSED] - City = City: null

2019-10-27 08:02:46 - [TEST_STEP][PASSED] - Tel = Tel: null

2019-10-27 08:02:46 - [TEST_STEP][PASSED] - AutoEmail = AutoEmail: null

2019-10-27 08:02:46 - [TEST_STEP][PASSED] - println(FirstName): null

2019-10-27 08:02:46 - [TEST_STEP][PASSED] - println(LastName): null

2019-10-27 08:02:46 - [TEST_STEP][PASSED] - println(Address): null

2019-10-27 08:02:46 - [TEST_STEP][PASSED] - println(City): null

2019-10-27 08:02:46 - [TEST_STEP][PASSED] - println(Tel): null

2019-10-27 08:02:46 - [TEST_STEP][PASSED] - println(AutoEmail): null

2019-10-27 08:02:46 - [MESSAGE][PASSED] - Call Test Case 'Test Cases/mobileWeb/_include/name' successfully

2019-10-27 08:02:46 - [TEST_STEP][PASSED] - setText(findTestObject("mobileSanity/HBI/Page_App Page 1/input__member-P-1-firstName"), FirstName): Text 'Test-123' is set on object 'Object Repository/mobileSanity/HBI/Page_App Page 1/input__member-P-1-firstName'

2019-10-27 08:02:46 - [MESSAGE][PASSED] - Text 'Test-123' is set on object 'Object Repository/mobileSanity/HBI/Page_App Page 1/input__member-P-1-firstName'

2019-10-27 08:02:46 - [TEST_STEP][PASSED] - setText(findTestObject("mobileSanity/HBI/Page_App Page 1/input__member-P-1-lastName"), LastName): Text 'ZZ11-olzMUYes' is set on object 'Object Repository/mobileSanity/HBI/Page_App Page 1/input__member-P-1-lastName'

2019-10-27 08:02:46 - [MESSAGE][PASSED] - Text 'ZZ11-olzMUYes' is set on object 'Object Repository/mobileSanity/HBI/Page_App Page 1/input__member-P-1-lastName'

2019-10-27 08:02:46 - [TEST_STEP][PASSED] - if (carrier == "agileone" || carrier == "agilesecure"): null

2019-10-27 08:02:46 - [TEST_STEP][PASSED] - setText(findTestObject("mobileSanity/HBI/Page_App Page 1/input__address"), Address): Text 'hiIXsbZb' is set on object 'Object Repository/mobileSanity/HBI/Page_App Page 1/input__address'

2019-10-27 08:02:46 - [MESSAGE][PASSED] - Text 'hiIXsbZb' is set on object 'Object Repository/mobileSanity/HBI/Page_App Page 1/input__address'

2019-10-27 08:02:46 - [TEST_STEP][PASSED] - setText(findTestObject("mobileSanity/HBI/Page_App Page 1/input__city"), City): Text 'soKKFKuQ' is set on object 'Object Repository/mobileSanity/HBI/Page_App Page 1/input__city'

2019-10-27 08:02:46 - [MESSAGE][PASSED] - Text 'soKKFKuQ' is set on object 'Object Repository/mobileSanity/HBI/Page_App Page 1/input__city'

2019-10-27 08:02:46 - [TEST_STEP][PASSED] - setText(findTestObject("mobileSanity/HBI/Page_App Page 1/input__email"), AutoEmail): Text 'test.lHZKUpkX@suryani.cn' is set on object 'Object Repository/mobileSanity/HBI/Page_App Page 1/input__email'

2019-10-27 08:02:47 - [MESSAGE][PASSED] - Text 'test.lHZKUpkX@suryani.cn' is set on object 'Object Repository/mobileSanity/HBI/Page_App Page 1/input__email'

2019-10-27 08:02:47 - [TEST_STEP][PASSED] - setText(findTestObject("mobileSanity/HBI/Page_App Page 1/input_tel"), Tel): Text '834-785-6533' is set on object 'Object Repository/mobileSanity/HBI/Page_App Page 1/input_tel'

2019-10-27 08:02:47 - [MESSAGE][PASSED] - Text '834-785-6533' is set on object 'Object Repository/mobileSanity/HBI/Page_App Page 1/input_tel'

2019-10-27 08:02:47 - [TEST_STEP][PASSED] - click(findTestObject("mobileSanity/HBI/Page_App Page 1/a_Continue to Step 2 - Payment")): Object: 'Object Repository/mobileSanity/HBI/Page_App Page 1/a_Continue to Step 2 - Payment' is clicked on

2019-10-27 08:02:47 - [MESSAGE][PASSED] - Object: 'Object Repository/mobileSanity/HBI/Page_App Page 1/a_Continue to Step 2 - Payment' is clicked on

2019-10-27 08:02:47 - [TEST_STEP][PASSED] - waitForPageLoad(20): Wait for page load successfully

2019-10-27 08:02:48 - [MESSAGE][PASSED] - Wait for page load successfully

2019-10-27 08:02:48 - [TEST_STEP][PASSED] - Thread.sleep(2000): null

2019-10-27 08:02:50 - [TEST_STEP][PASSED] - waitForElementVisible(findTestObject("mobileSanity/HBI/Page_App Page 2/input__credit-card-first"), 20): Object 'Object Repository/mobileSanity/HBI/Page_App Page 2/input__credit-card-first' is visible

2019-10-27 08:02:50 - [MESSAGE][PASSED] - Object 'Object Repository/mobileSanity/HBI/Page_App Page 2/input__credit-card-first' is visible

2019-10-27 08:02:50 - [TEST_STEP][PASSED] - callTestCase(findTestCase("mobileWeb/_include/get_screenshot"), [:], STOP_ON_FAILURE): Call Test Case 'Test Cases/mobileWeb/_include/get_screenshot' successfully

2019-10-27 08:02:50 - [TEST_CASE][PASSED] - Test Cases/mobileWeb/_include/get_screenshot: Test Cases/mobileWeb/_include/get_screenshot

2019-10-27 08:02:50 - [TEST_STEP][PASSED] - takeScreenshot(screenPath + i + ".png"): Taking screenshot successfully

2019-10-27 08:02:50 - [MESSAGE][PASSED] - Taking screenshot successfully
[[ATTACHMENT|D:\\Test\\AgileTest\\Reports\\mobileWeb\\hbi\\20191027_080033\\../Screenshots/iPhone 6/hbi/Legion Limited Medical/20191027_080215/7.png]]

2019-10-27 08:02:50 - [TEST_STEP][PASSED] - (internal.GlobalVariable.i++): null

2019-10-27 08:02:50 - [MESSAGE][PASSED] - Call Test Case 'Test Cases/mobileWeb/_include/get_screenshot' successfully

2019-10-27 08:02:50 - [TEST_STEP][PASSED] - setText(findTestObject("mobileSanity/HBI/Page_App Page 2/input__credit-card-first"), FirstName): Text 'Test-123' is set on object 'Object Repository/mobileSanity/HBI/Page_App Page 2/input__credit-card-first'

2019-10-27 08:02:50 - [MESSAGE][PASSED] - Text 'Test-123' is set on object 'Object Repository/mobileSanity/HBI/Page_App Page 2/input__credit-card-first'

2019-10-27 08:02:50 - [TEST_STEP][PASSED] - setText(findTestObject("mobileSanity/HBI/Page_App Page 2/input__credit-card-last"), LastName): Text 'ZZ11-olzMUYes' is set on object 'Object Repository/mobileSanity/HBI/Page_App Page 2/input__credit-card-last'

2019-10-27 08:02:51 - [MESSAGE][PASSED] - Text 'ZZ11-olzMUYes' is set on object 'Object Repository/mobileSanity/HBI/Page_App Page 2/input__credit-card-last'

2019-10-27 08:02:51 - [TEST_STEP][PASSED] - selectOptionByValue(findTestObject("mobileSanity/HBI/Page_App Page 2/select_MM010203040506070809101"), "12", true): All options with value '12' are selected in object 'Object Repository/mobileSanity/HBI/Page_App Page 2/select_MM010203040506070809101'  using regular expression

2019-10-27 08:02:51 - [MESSAGE][PASSED] - All options with value '12' are selected in object 'Object Repository/mobileSanity/HBI/Page_App Page 2/select_MM010203040506070809101'  using regular expression

2019-10-27 08:02:51 - [TEST_STEP][PASSED] - selectOptionByValue(findTestObject("mobileSanity/HBI/Page_App Page 2/select_YYYY2019202020212022202"), "2026", true): All options with value '2026' are selected in object 'Object Repository/mobileSanity/HBI/Page_App Page 2/select_YYYY2019202020212022202'  using regular expression

2019-10-27 08:02:52 - [MESSAGE][PASSED] - All options with value '2026' are selected in object 'Object Repository/mobileSanity/HBI/Page_App Page 2/select_YYYY2019202020212022202'  using regular expression

2019-10-27 08:02:52 - [TEST_STEP][PASSED] - setText(findTestObject("mobileSanity/HBI/Page_App Page 2/input__credit-card-number"), "4111111111111111"): Text '4111111111111111' is set on object 'Object Repository/mobileSanity/HBI/Page_App Page 2/input__credit-card-number'

2019-10-27 08:02:52 - [MESSAGE][PASSED] - Text '4111111111111111' is set on object 'Object Repository/mobileSanity/HBI/Page_App Page 2/input__credit-card-number'

2019-10-27 08:02:52 - [TEST_STEP][PASSED] - setText(findTestObject("mobileSanity/HBI/Page_App Page 2/input__cvv"), "123"): Text '123' is set on object 'Object Repository/mobileSanity/HBI/Page_App Page 2/input__cvv'

2019-10-27 08:02:52 - [MESSAGE][PASSED] - Text '123' is set on object 'Object Repository/mobileSanity/HBI/Page_App Page 2/input__cvv'

2019-10-27 08:02:52 - [TEST_STEP][PASSED] - click(findTestObject("mobileSanity/HBI/Page_App Page 2/label_My billing address is th")): Object: 'Object Repository/mobileSanity/HBI/Page_App Page 2/label_My billing address is th' is clicked on

2019-10-27 08:02:52 - [MESSAGE][PASSED] - Object: 'Object Repository/mobileSanity/HBI/Page_App Page 2/label_My billing address is th' is clicked on

2019-10-27 08:02:52 - [TEST_STEP][PASSED] - click(findTestObject("mobileSanity/HBI/Page_App Page 2/label_I Accept Authorization f")): Object: 'Object Repository/mobileSanity/HBI/Page_App Page 2/label_I Accept Authorization f' is clicked on

2019-10-27 08:02:52 - [MESSAGE][PASSED] - Object: 'Object Repository/mobileSanity/HBI/Page_App Page 2/label_I Accept Authorization f' is clicked on

2019-10-27 08:02:52 - [TEST_STEP][PASSED] - click(findTestObject("mobileSanity/HBI/Page_App Page 2/a_Continue to Step 3 - Review")): Object: 'Object Repository/mobileSanity/HBI/Page_App Page 2/a_Continue to Step 3 - Review' is clicked on

2019-10-27 08:02:53 - [MESSAGE][PASSED] - Object: 'Object Repository/mobileSanity/HBI/Page_App Page 2/a_Continue to Step 3 - Review' is clicked on

2019-10-27 08:02:53 - [TEST_STEP][PASSED] - waitForPageLoad(20): Wait for page load successfully

2019-10-27 08:02:53 - [MESSAGE][PASSED] - Wait for page load successfully

2019-10-27 08:02:53 - [TEST_STEP][PASSED] - Thread.sleep(10000): null

2019-10-27 08:03:03 - [TEST_STEP][PASSED] - waitForElementPresent(findTestObject("mobileSanity/HBI/Page_App Page 3/label"), 20): Object 'Object Repository/mobileSanity/HBI/Page_App Page 3/label' is present

2019-10-27 08:03:03 - [MESSAGE][PASSED] - Object 'Object Repository/mobileSanity/HBI/Page_App Page 3/label' is present

2019-10-27 08:03:03 - [TEST_STEP][PASSED] - callTestCase(findTestCase("mobileWeb/_include/get_screenshot"), [:], STOP_ON_FAILURE): Call Test Case 'Test Cases/mobileWeb/_include/get_screenshot' successfully

2019-10-27 08:03:03 - [TEST_CASE][PASSED] - Test Cases/mobileWeb/_include/get_screenshot: Test Cases/mobileWeb/_include/get_screenshot

2019-10-27 08:03:03 - [TEST_STEP][PASSED] - takeScreenshot(screenPath + i + ".png"): Taking screenshot successfully

2019-10-27 08:03:04 - [MESSAGE][PASSED] - Taking screenshot successfully
[[ATTACHMENT|D:\\Test\\AgileTest\\Reports\\mobileWeb\\hbi\\20191027_080033\\../Screenshots/iPhone 6/hbi/Legion Limited Medical/20191027_080215/8.png]]

2019-10-27 08:03:04 - [TEST_STEP][PASSED] - (internal.GlobalVariable.i++): null

2019-10-27 08:03:04 - [MESSAGE][PASSED] - Call Test Case 'Test Cases/mobileWeb/_include/get_screenshot' successfully

2019-10-27 08:03:04 - [TEST_STEP][PASSED] - click(findTestObject("mobileSanity/HBI/Page_App Page 3/label")): Object: 'Object Repository/mobileSanity/HBI/Page_App Page 3/label' is clicked on

2019-10-27 08:03:04 - [MESSAGE][PASSED] - Object: 'Object Repository/mobileSanity/HBI/Page_App Page 3/label' is clicked on

2019-10-27 08:03:04 - [TEST_STEP][PASSED] - click(findTestObject("mobileSanity/HBI/Page_App Page 3/p_CLICK TO SIGN")): Object: 'Object Repository/mobileSanity/HBI/Page_App Page 3/p_CLICK TO SIGN' is clicked on

2019-10-27 08:03:04 - [MESSAGE][PASSED] - Object: 'Object Repository/mobileSanity/HBI/Page_App Page 3/p_CLICK TO SIGN' is clicked on

2019-10-27 08:03:04 - [TEST_STEP][PASSED] - click(findTestObject("mobileSanity/HBI/Page_App Page 3/a_Submit Your Application")): Object: 'Object Repository/mobileSanity/HBI/Page_App Page 3/a_Submit Your Application' is clicked on

2019-10-27 08:03:04 - [MESSAGE][PASSED] - Object: 'Object Repository/mobileSanity/HBI/Page_App Page 3/a_Submit Your Application' is clicked on

2019-10-27 08:03:04 - [TEST_STEP][PASSED] - Thread.sleep(30000): null

2019-10-27 08:03:34 - [TEST_STEP][PASSED] - callTestCase(findTestCase("mobileWeb/_include/get_screenshot"), [:], STOP_ON_FAILURE): Call Test Case 'Test Cases/mobileWeb/_include/get_screenshot' successfully

2019-10-27 08:03:34 - [TEST_CASE][PASSED] - Test Cases/mobileWeb/_include/get_screenshot: Test Cases/mobileWeb/_include/get_screenshot

2019-10-27 08:03:34 - [TEST_STEP][PASSED] - takeScreenshot(screenPath + i + ".png"): Taking screenshot successfully

2019-10-27 08:03:34 - [MESSAGE][PASSED] - Taking screenshot successfully
[[ATTACHMENT|D:\\Test\\AgileTest\\Reports\\mobileWeb\\hbi\\20191027_080033\\../Screenshots/iPhone 6/hbi/Legion Limited Medical/20191027_080215/9.png]]

2019-10-27 08:03:34 - [TEST_STEP][PASSED] - (internal.GlobalVariable.i++): null

2019-10-27 08:03:34 - [MESSAGE][PASSED] - Call Test Case 'Test Cases/mobileWeb/_include/get_screenshot' successfully

2019-10-27 08:03:34 - [TEST_STEP][PASSED] - verifyTextPresent("Congratulations", false): Text 'Congratulations' is present on page 

2019-10-27 08:03:34 - [MESSAGE][PASSED] - Text 'Congratulations' is present on page 

2019-10-27 08:03:34 - [MESSAGE][PASSED] - Call Test Case 'Test Cases/mobileWeb/_include/goToEnd_hbi' successfully]]></system-out>
         <system-err><![CDATA[]]></system-err>
      </testcase>
      <testcase name="Test Cases/mobileWeb/HBI/Cardinal Choice" classname="Test Cases/mobileWeb/HBI/Cardinal Choice" status="PASSED">
         <system-out><![CDATA[2019-10-27 08:03:34 - [TEST_CASE][PASSED] - Test Cases/mobileWeb/HBI/Cardinal Choice: Test Cases/mobileWeb/HBI/Cardinal Choice

2019-10-27 08:03:34 - [TEST_STEP][PASSED] - callTestCase(findTestCase("mobileWeb/_include/get_screenPath"), ["productLine":"hbi", "carrierName":"Cardinal Choice"], CONTINUE_ON_FAILURE): Call Test Case 'Test Cases/mobileWeb/_include/get_screenPath' successfully

2019-10-27 08:03:35 - [TEST_CASE][PASSED] - Test Cases/mobileWeb/_include/get_screenPath: Test Cases/mobileWeb/_include/get_screenPath

2019-10-27 08:03:35 - [TEST_STEP][PASSED] - m = getExecutionProperties(): null

2019-10-27 08:03:35 - [TEST_STEP][PASSED] - deviceName = get("mobileEmulation").get("deviceName"): null

2019-10-27 08:03:35 - [TEST_STEP][PASSED] - println(deviceName): null

2019-10-27 08:03:35 - [TEST_STEP][PASSED] - now = new java.util.Date(): null

2019-10-27 08:03:35 - [TEST_STEP][PASSED] - mydate = now.format("yyyyMMdd_HHmmss"): null

2019-10-27 08:03:35 - [TEST_STEP][PASSED] - screenPath = "../Screenshots/": null

2019-10-27 08:03:35 - [TEST_STEP][PASSED] - screenPath = screenPath + deviceName + "/" + productLine + "/" + carrierName + "/" + mydate + "/": null

2019-10-27 08:03:35 - [TEST_STEP][PASSED] - println(screenPath): null

2019-10-27 08:03:35 - [MESSAGE][PASSED] - Call Test Case 'Test Cases/mobileWeb/_include/get_screenPath' successfully

2019-10-27 08:03:35 - [TEST_STEP][PASSED] - i = 0: null

2019-10-27 08:03:35 - [TEST_STEP][PASSED] - callTestCase(findTestCase("mobileWeb/_include/openWebSite"), [:], CONTINUE_ON_FAILURE): Call Test Case 'Test Cases/mobileWeb/_include/openWebSite' successfully

2019-10-27 08:03:35 - [TEST_CASE][PASSED] - Test Cases/mobileWeb/_include/openWebSite: Test Cases/mobileWeb/_include/openWebSite

2019-10-27 08:03:35 - [TEST_STEP][PASSED] - openBrowser(env): Browser is opened with url: 'https://praetemptatus.agilehealthinsurance.com'

2019-10-27 08:03:35 - [MESSAGE][WARNING] - A browser is already opened. Closing browser and opening a new one

2019-10-27 08:03:35 - [MESSAGE][INFO] - Starting 'Chrome' driver

2019-10-27 08:03:35 - [MESSAGE][INFO] - User set preference: ['mobileEmulation', '{deviceName=iPhone 6}']

2019-10-27 08:03:35 - [MESSAGE][INFO] - User set preference: ['args', '[--incognito, --aggressive-cache-discard, --window-size=375,677, --no-sandbox]']

2019-10-27 08:03:37 - [MESSAGE][PASSED] - Browser is opened with url: 'https://praetemptatus.agilehealthinsurance.com'

2019-10-27 08:03:37 - [TEST_STEP][PASSED] - waitForPageLoad(20): Wait for page load successfully

2019-10-27 08:03:37 - [MESSAGE][PASSED] - Wait for page load successfully

2019-10-27 08:03:37 - [TEST_STEP][PASSED] - Thread.sleep(2000): null

2019-10-27 08:03:39 - [TEST_STEP][PASSED] - callTestCase(findTestCase("mobileWeb/_include/get_screenshot"), [:], STOP_ON_FAILURE): Call Test Case 'Test Cases/mobileWeb/_include/get_screenshot' successfully

2019-10-27 08:03:39 - [TEST_CASE][PASSED] - Test Cases/mobileWeb/_include/get_screenshot: Test Cases/mobileWeb/_include/get_screenshot

2019-10-27 08:03:39 - [TEST_STEP][PASSED] - takeScreenshot(screenPath + i + ".png"): Taking screenshot successfully

2019-10-27 08:03:40 - [MESSAGE][PASSED] - Taking screenshot successfully
[[ATTACHMENT|D:\\Test\\AgileTest\\Reports\\mobileWeb\\hbi\\20191027_080033\\../Screenshots/iPhone 6/hbi/Cardinal Choice/20191027_080335/0.png]]

2019-10-27 08:03:40 - [TEST_STEP][PASSED] - (internal.GlobalVariable.i++): null

2019-10-27 08:03:40 - [MESSAGE][PASSED] - Call Test Case 'Test Cases/mobileWeb/_include/get_screenshot' successfully

2019-10-27 08:03:40 - [MESSAGE][PASSED] - Call Test Case 'Test Cases/mobileWeb/_include/openWebSite' successfully

2019-10-27 08:03:40 - [TEST_STEP][PASSED] - callTestCase(findTestCase("mobileWeb/_include/census_hbi"), [:], CONTINUE_ON_FAILURE): Call Test Case 'Test Cases/mobileWeb/_include/census_hbi' successfully

2019-10-27 08:03:40 - [TEST_CASE][PASSED] - Test Cases/mobileWeb/_include/census_hbi: Test Cases/mobileWeb/_include/census_hbi

2019-10-27 08:03:40 - [TEST_STEP][PASSED] - click(findTestObject("mobileSanity/Common/side_nav/menu")): Object: 'Object Repository/mobileSanity/Common/side_nav/menu' is clicked on

2019-10-27 08:03:40 - [MESSAGE][PASSED] - Object: 'Object Repository/mobileSanity/Common/side_nav/menu' is clicked on

2019-10-27 08:03:40 - [TEST_STEP][PASSED] - Thread.sleep(3000): null

2019-10-27 08:03:43 - [TEST_STEP][PASSED] - callTestCase(findTestCase("mobileWeb/_include/get_screenshot"), [:], STOP_ON_FAILURE): Call Test Case 'Test Cases/mobileWeb/_include/get_screenshot' successfully

2019-10-27 08:03:43 - [TEST_CASE][PASSED] - Test Cases/mobileWeb/_include/get_screenshot: Test Cases/mobileWeb/_include/get_screenshot

2019-10-27 08:03:43 - [TEST_STEP][PASSED] - takeScreenshot(screenPath + i + ".png"): Taking screenshot successfully

2019-10-27 08:03:43 - [MESSAGE][PASSED] - Taking screenshot successfully
[[ATTACHMENT|D:\\Test\\AgileTest\\Reports\\mobileWeb\\hbi\\20191027_080033\\../Screenshots/iPhone 6/hbi/Cardinal Choice/20191027_080335/1.png]]

2019-10-27 08:03:43 - [TEST_STEP][PASSED] - (internal.GlobalVariable.i++): null

2019-10-27 08:03:43 - [MESSAGE][PASSED] - Call Test Case 'Test Cases/mobileWeb/_include/get_screenshot' successfully

2019-10-27 08:03:43 - [TEST_STEP][PASSED] - click(findTestObject("mobileSanity/Common/side_nav/nav_hbi")): Object: 'Object Repository/mobileSanity/Common/side_nav/nav_hbi' is clicked on

2019-10-27 08:03:44 - [MESSAGE][PASSED] - Object: 'Object Repository/mobileSanity/Common/side_nav/nav_hbi' is clicked on

2019-10-27 08:03:44 - [TEST_STEP][PASSED] - waitForPageLoad(10): Wait for page load successfully

2019-10-27 08:03:44 - [MESSAGE][PASSED] - Wait for page load successfully

2019-10-27 08:03:44 - [TEST_STEP][PASSED] - Thread.sleep(3000): null

2019-10-27 08:03:47 - [TEST_STEP][PASSED] - callTestCase(findTestCase("mobileWeb/_include/get_screenshot"), [:], STOP_ON_FAILURE): Call Test Case 'Test Cases/mobileWeb/_include/get_screenshot' successfully

2019-10-27 08:03:47 - [TEST_CASE][PASSED] - Test Cases/mobileWeb/_include/get_screenshot: Test Cases/mobileWeb/_include/get_screenshot

2019-10-27 08:03:47 - [TEST_STEP][PASSED] - takeScreenshot(screenPath + i + ".png"): Taking screenshot successfully

2019-10-27 08:03:47 - [MESSAGE][PASSED] - Taking screenshot successfully
[[ATTACHMENT|D:\\Test\\AgileTest\\Reports\\mobileWeb\\hbi\\20191027_080033\\../Screenshots/iPhone 6/hbi/Cardinal Choice/20191027_080335/2.png]]

2019-10-27 08:03:47 - [TEST_STEP][PASSED] - (internal.GlobalVariable.i++): null

2019-10-27 08:03:47 - [MESSAGE][PASSED] - Call Test Case 'Test Cases/mobileWeb/_include/get_screenshot' successfully

2019-10-27 08:03:47 - [TEST_STEP][PASSED] - setText(findTestObject("mobileSanity/HBI/census/input_Location_zip-input"), zipcode): Text '35215' is set on object 'Object Repository/mobileSanity/HBI/census/input_Location_zip-input'

2019-10-27 08:03:48 - [MESSAGE][PASSED] - Text '35215' is set on object 'Object Repository/mobileSanity/HBI/census/input_Location_zip-input'

2019-10-27 08:03:48 - [TEST_STEP][PASSED] - Thread.sleep(500): null

2019-10-27 08:03:48 - [TEST_STEP][PASSED] - setText(findTestObject("mobileSanity/HBI/census/input_Date of Birth_dob-0"), "12121980"): Text '12121980' is set on object 'Object Repository/mobileSanity/HBI/census/input_Date of Birth_dob-0'

2019-10-27 08:03:48 - [MESSAGE][PASSED] - Text '12121980' is set on object 'Object Repository/mobileSanity/HBI/census/input_Date of Birth_dob-0'

2019-10-27 08:03:48 - [TEST_STEP][PASSED] - click(findTestObject("mobileSanity/HBI/census/label_Male")): Object: 'Object Repository/mobileSanity/HBI/census/label_Male' is clicked on

2019-10-27 08:03:48 - [MESSAGE][PASSED] - Object: 'Object Repository/mobileSanity/HBI/census/label_Male' is clicked on

2019-10-27 08:03:48 - [TEST_STEP][PASSED] - click(findTestObject("mobileSanity/HBI/census/label_Get a Quote")): Object: 'Object Repository/mobileSanity/HBI/census/label_Get a Quote' is clicked on

2019-10-27 08:03:50 - [MESSAGE][PASSED] - Object: 'Object Repository/mobileSanity/HBI/census/label_Get a Quote' is clicked on

2019-10-27 08:03:50 - [TEST_STEP][PASSED] - waitForPageLoad(20): Wait for page load successfully

2019-10-27 08:03:50 - [MESSAGE][PASSED] - Wait for page load successfully

2019-10-27 08:03:50 - [TEST_STEP][PASSED] - Thread.sleep(3000): null

2019-10-27 08:03:53 - [TEST_STEP][PASSED] - callTestCase(findTestCase("mobileWeb/_include/get_screenshot"), [:], STOP_ON_FAILURE): Call Test Case 'Test Cases/mobileWeb/_include/get_screenshot' successfully

2019-10-27 08:03:53 - [TEST_CASE][PASSED] - Test Cases/mobileWeb/_include/get_screenshot: Test Cases/mobileWeb/_include/get_screenshot

2019-10-27 08:03:53 - [TEST_STEP][PASSED] - takeScreenshot(screenPath + i + ".png"): Taking screenshot successfully

2019-10-27 08:03:54 - [MESSAGE][PASSED] - Taking screenshot successfully
[[ATTACHMENT|D:\\Test\\AgileTest\\Reports\\mobileWeb\\hbi\\20191027_080033\\../Screenshots/iPhone 6/hbi/Cardinal Choice/20191027_080335/3.png]]

2019-10-27 08:03:54 - [TEST_STEP][PASSED] - (internal.GlobalVariable.i++): null

2019-10-27 08:03:54 - [MESSAGE][PASSED] - Call Test Case 'Test Cases/mobileWeb/_include/get_screenshot' successfully

2019-10-27 08:03:54 - [MESSAGE][PASSED] - Call Test Case 'Test Cases/mobileWeb/_include/census_hbi' successfully

2019-10-27 08:03:54 - [TEST_STEP][PASSED] - Thread.sleep(5000): null

2019-10-27 08:03:59 - [TEST_STEP][PASSED] - scrollToPosition(200, 2300): Browser is scrolled to position x = 200, y = 2300

2019-10-27 08:03:59 - [MESSAGE][PASSED] - Browser is scrolled to position x = 200, y = 2300

2019-10-27 08:03:59 - [TEST_STEP][PASSED] - click(findTestObject("mobileSanity/HBI/quote/a_Cardinal Choice")): Object: 'Object Repository/mobileSanity/HBI/quote/a_Cardinal Choice' is clicked on

2019-10-27 08:04:00 - [MESSAGE][PASSED] - Object: 'Object Repository/mobileSanity/HBI/quote/a_Cardinal Choice' is clicked on

2019-10-27 08:04:00 - [TEST_STEP][PASSED] - waitForPageLoad(20): Wait for page load successfully

2019-10-27 08:04:00 - [MESSAGE][PASSED] - Wait for page load successfully

2019-10-27 08:04:00 - [TEST_STEP][PASSED] - callTestCase(findTestCase("mobileWeb/_include/get_screenshot"), [:], STOP_ON_FAILURE): Call Test Case 'Test Cases/mobileWeb/_include/get_screenshot' successfully

2019-10-27 08:04:00 - [TEST_CASE][PASSED] - Test Cases/mobileWeb/_include/get_screenshot: Test Cases/mobileWeb/_include/get_screenshot

2019-10-27 08:04:00 - [TEST_STEP][PASSED] - takeScreenshot(screenPath + i + ".png"): Taking screenshot successfully

2019-10-27 08:04:01 - [MESSAGE][PASSED] - Taking screenshot successfully
[[ATTACHMENT|D:\\Test\\AgileTest\\Reports\\mobileWeb\\hbi\\20191027_080033\\../Screenshots/iPhone 6/hbi/Cardinal Choice/20191027_080335/4.png]]

2019-10-27 08:04:01 - [TEST_STEP][PASSED] - (internal.GlobalVariable.i++): null

2019-10-27 08:04:01 - [MESSAGE][PASSED] - Call Test Case 'Test Cases/mobileWeb/_include/get_screenshot' successfully

2019-10-27 08:04:01 - [TEST_STEP][PASSED] - click(findTestObject("mobileSanity/HBI/detail/a_Apply for This Plan")): Object: 'Object Repository/mobileSanity/HBI/detail/a_Apply for This Plan' is clicked on

2019-10-27 08:04:01 - [MESSAGE][PASSED] - Object: 'Object Repository/mobileSanity/HBI/detail/a_Apply for This Plan' is clicked on

2019-10-27 08:04:01 - [TEST_STEP][PASSED] - waitForPageLoad(20): Wait for page load successfully

2019-10-27 08:04:02 - [MESSAGE][PASSED] - Wait for page load successfully

2019-10-27 08:04:02 - [TEST_STEP][PASSED] - callTestCase(findTestCase("mobileWeb/_include/get_screenshot"), [:], STOP_ON_FAILURE): Call Test Case 'Test Cases/mobileWeb/_include/get_screenshot' successfully

2019-10-27 08:04:02 - [TEST_CASE][PASSED] - Test Cases/mobileWeb/_include/get_screenshot: Test Cases/mobileWeb/_include/get_screenshot

2019-10-27 08:04:02 - [TEST_STEP][PASSED] - takeScreenshot(screenPath + i + ".png"): Taking screenshot successfully

2019-10-27 08:04:02 - [MESSAGE][PASSED] - Taking screenshot successfully
[[ATTACHMENT|D:\\Test\\AgileTest\\Reports\\mobileWeb\\hbi\\20191027_080033\\../Screenshots/iPhone 6/hbi/Cardinal Choice/20191027_080335/5.png]]

2019-10-27 08:04:02 - [TEST_STEP][PASSED] - (internal.GlobalVariable.i++): null

2019-10-27 08:04:02 - [MESSAGE][PASSED] - Call Test Case 'Test Cases/mobileWeb/_include/get_screenshot' successfully

2019-10-27 08:04:02 - [TEST_STEP][PASSED] - click(findTestObject("mobileSanity/HBI/Page_Apply/span_Start Secure Application")): Object: 'Object Repository/mobileSanity/HBI/Page_Apply/span_Start Secure Application' is clicked on

2019-10-27 08:04:03 - [MESSAGE][PASSED] - Object: 'Object Repository/mobileSanity/HBI/Page_Apply/span_Start Secure Application' is clicked on

2019-10-27 08:04:03 - [TEST_STEP][PASSED] - waitForPageLoad(20): Wait for page load successfully

2019-10-27 08:04:03 - [MESSAGE][PASSED] - Wait for page load successfully

2019-10-27 08:04:03 - [TEST_STEP][PASSED] - Thread.sleep(5000): null

2019-10-27 08:04:08 - [TEST_STEP][PASSED] - callTestCase(findTestCase("mobileWeb/_include/get_screenshot"), [:], STOP_ON_FAILURE): Call Test Case 'Test Cases/mobileWeb/_include/get_screenshot' successfully

2019-10-27 08:04:09 - [TEST_CASE][PASSED] - Test Cases/mobileWeb/_include/get_screenshot: Test Cases/mobileWeb/_include/get_screenshot

2019-10-27 08:04:09 - [TEST_STEP][PASSED] - takeScreenshot(screenPath + i + ".png"): Taking screenshot successfully

2019-10-27 08:04:09 - [MESSAGE][PASSED] - Taking screenshot successfully
[[ATTACHMENT|D:\\Test\\AgileTest\\Reports\\mobileWeb\\hbi\\20191027_080033\\../Screenshots/iPhone 6/hbi/Cardinal Choice/20191027_080335/6.png]]

2019-10-27 08:04:09 - [TEST_STEP][PASSED] - (internal.GlobalVariable.i++): null

2019-10-27 08:04:09 - [MESSAGE][PASSED] - Call Test Case 'Test Cases/mobileWeb/_include/get_screenshot' successfully

2019-10-27 08:04:09 - [TEST_STEP][PASSED] - callTestCase(findTestCase("mobileWeb/_include/goToEnd_hbi"), ["carrier":"cardinalchoice"], CONTINUE_ON_FAILURE): Call Test Case 'Test Cases/mobileWeb/_include/goToEnd_hbi' successfully

2019-10-27 08:04:09 - [TEST_CASE][PASSED] - Test Cases/mobileWeb/_include/goToEnd_hbi: Test Cases/mobileWeb/_include/goToEnd_hbi

2019-10-27 08:04:09 - [TEST_STEP][PASSED] - if (state == "ca"): null

2019-10-27 08:04:09 - [TEST_STEP][PASSED] - callTestCase(findTestCase("mobileWeb/_include/name"), [:], CONTINUE_ON_FAILURE): Call Test Case 'Test Cases/mobileWeb/_include/name' successfully

2019-10-27 08:04:09 - [TEST_CASE][PASSED] - Test Cases/mobileWeb/_include/name: Test Cases/mobileWeb/_include/name

2019-10-27 08:04:09 - [TEST_STEP][PASSED] - driver = getWebDriver(): null

2019-10-27 08:04:09 - [TEST_STEP][PASSED] - selenium = new com.thoughtworks.selenium.webdriven.WebDriverBackedSelenium(driver, internal.GlobalVariable.ENV): null

2019-10-27 08:04:09 - [TEST_STEP][PASSED] - FirstName = "Test-123": null

2019-10-27 08:04:09 - [TEST_STEP][PASSED] - LastName = selenium.getEval("{var x="ABCDEFGHIJKLMNOPQRSTUVWXYZabcdefghijklmnopqrstuvwxyz"; var tmp="ZZ11-"; for (i=0;i<8;i++) tmp+=x.charAt(Math.ceil(51*Math.random()));tmp;}"): null

2019-10-27 08:04:09 - [TEST_STEP][PASSED] - Address = selenium.getEval("{var x="ABCDEFGHIJKLMNOPQRSTUVWXYZabcdefghijklmnopqrstuvwxyz"; var tmp=""; for (i=0;i<8;i++) tmp+=x.charAt(Math.ceil(51*Math.random()));tmp;}"): null

2019-10-27 08:04:09 - [TEST_STEP][PASSED] - City = selenium.getEval("{var x="ABCDEFGHIJKLMNOPQRSTUVWXYZabcdefghijklmnopqrstuvwxyz"; var tmp=""; for (i=0;i<8;i++) tmp+=x.charAt(Math.ceil(51*Math.random()));tmp;}"): null

2019-10-27 08:04:09 - [TEST_STEP][PASSED] - tel1 = selenium.getEval("{var x="123456789"; var tmp=""; for (i=0;i<3;i++) tmp+=x.charAt(Math.ceil(8*Math.random()));tmp;}"): null

2019-10-27 08:04:09 - [TEST_STEP][PASSED] - tel2 = selenium.getEval("{var x="123456789"; var tmp=""; for (i=0;i<3;i++) tmp+=x.charAt(Math.ceil(8*Math.random()));tmp;}"): null

2019-10-27 08:04:09 - [TEST_STEP][PASSED] - tel3 = selenium.getEval("{var x="123456789"; var tmp=""; for (i=0;i<4;i++) tmp+=x.charAt(Math.ceil(8*Math.random()));tmp;}"): null

2019-10-27 08:04:09 - [TEST_STEP][PASSED] - Tel = selenium.getExpression(tel1 + "-" + tel2 + "-" + tel3): null

2019-10-27 08:04:09 - [TEST_STEP][PASSED] - AutoEmail = selenium.getEval("{var x="ABCDEFGHIJKLMNOPQRSTUVWXYZabcdefghijklmnopqrstuvwxyz"; var tmp="test."; for (i=0;i<8;i++) tmp+=x.charAt(Math.ceil(51*Math.random()));tmp+="@suryani.cn";}"): null

2019-10-27 08:04:09 - [TEST_STEP][PASSED] - FirstName = FirstName: null

2019-10-27 08:04:09 - [TEST_STEP][PASSED] - LastName = LastName: null

2019-10-27 08:04:09 - [TEST_STEP][PASSED] - Address = Address: null

2019-10-27 08:04:09 - [TEST_STEP][PASSED] - City = City: null

2019-10-27 08:04:09 - [TEST_STEP][PASSED] - Tel = Tel: null

2019-10-27 08:04:09 - [TEST_STEP][PASSED] - AutoEmail = AutoEmail: null

2019-10-27 08:04:09 - [TEST_STEP][PASSED] - println(FirstName): null

2019-10-27 08:04:09 - [TEST_STEP][PASSED] - println(LastName): null

2019-10-27 08:04:09 - [TEST_STEP][PASSED] - println(Address): null

2019-10-27 08:04:09 - [TEST_STEP][PASSED] - println(City): null

2019-10-27 08:04:09 - [TEST_STEP][PASSED] - println(Tel): null

2019-10-27 08:04:09 - [TEST_STEP][PASSED] - println(AutoEmail): null

2019-10-27 08:04:09 - [MESSAGE][PASSED] - Call Test Case 'Test Cases/mobileWeb/_include/name' successfully

2019-10-27 08:04:09 - [TEST_STEP][PASSED] - setText(findTestObject("mobileSanity/HBI/Page_App Page 1/input__member-P-1-firstName"), FirstName): Text 'Test-123' is set on object 'Object Repository/mobileSanity/HBI/Page_App Page 1/input__member-P-1-firstName'

2019-10-27 08:04:09 - [MESSAGE][PASSED] - Text 'Test-123' is set on object 'Object Repository/mobileSanity/HBI/Page_App Page 1/input__member-P-1-firstName'

2019-10-27 08:04:09 - [TEST_STEP][PASSED] - setText(findTestObject("mobileSanity/HBI/Page_App Page 1/input__member-P-1-lastName"), LastName): Text 'ZZ11-eVlkMedt' is set on object 'Object Repository/mobileSanity/HBI/Page_App Page 1/input__member-P-1-lastName'

2019-10-27 08:04:10 - [MESSAGE][PASSED] - Text 'ZZ11-eVlkMedt' is set on object 'Object Repository/mobileSanity/HBI/Page_App Page 1/input__member-P-1-lastName'

2019-10-27 08:04:10 - [TEST_STEP][PASSED] - if (carrier == "agileone" || carrier == "agilesecure"): null

2019-10-27 08:04:10 - [TEST_STEP][PASSED] - setText(findTestObject("mobileSanity/HBI/Page_App Page 1/input__address"), Address): Text 'pNQqzEYc' is set on object 'Object Repository/mobileSanity/HBI/Page_App Page 1/input__address'

2019-10-27 08:04:10 - [MESSAGE][PASSED] - Text 'pNQqzEYc' is set on object 'Object Repository/mobileSanity/HBI/Page_App Page 1/input__address'

2019-10-27 08:04:10 - [TEST_STEP][PASSED] - setText(findTestObject("mobileSanity/HBI/Page_App Page 1/input__city"), City): Text 'QBcQMTHL' is set on object 'Object Repository/mobileSanity/HBI/Page_App Page 1/input__city'

2019-10-27 08:04:10 - [MESSAGE][PASSED] - Text 'QBcQMTHL' is set on object 'Object Repository/mobileSanity/HBI/Page_App Page 1/input__city'

2019-10-27 08:04:10 - [TEST_STEP][PASSED] - setText(findTestObject("mobileSanity/HBI/Page_App Page 1/input__email"), AutoEmail): Text 'test.ZDbeDJzN@suryani.cn' is set on object 'Object Repository/mobileSanity/HBI/Page_App Page 1/input__email'

2019-10-27 08:04:10 - [MESSAGE][PASSED] - Text 'test.ZDbeDJzN@suryani.cn' is set on object 'Object Repository/mobileSanity/HBI/Page_App Page 1/input__email'

2019-10-27 08:04:10 - [TEST_STEP][PASSED] - setText(findTestObject("mobileSanity/HBI/Page_App Page 1/input_tel"), Tel): Text '747-795-7494' is set on object 'Object Repository/mobileSanity/HBI/Page_App Page 1/input_tel'

2019-10-27 08:04:10 - [MESSAGE][PASSED] - Text '747-795-7494' is set on object 'Object Repository/mobileSanity/HBI/Page_App Page 1/input_tel'

2019-10-27 08:04:10 - [TEST_STEP][PASSED] - click(findTestObject("mobileSanity/HBI/Page_App Page 1/a_Continue to Step 2 - Payment")): Object: 'Object Repository/mobileSanity/HBI/Page_App Page 1/a_Continue to Step 2 - Payment' is clicked on

2019-10-27 08:04:10 - [MESSAGE][PASSED] - Object: 'Object Repository/mobileSanity/HBI/Page_App Page 1/a_Continue to Step 2 - Payment' is clicked on

2019-10-27 08:04:10 - [TEST_STEP][PASSED] - waitForPageLoad(20): Wait for page load successfully

2019-10-27 08:04:10 - [MESSAGE][PASSED] - Wait for page load successfully

2019-10-27 08:04:10 - [TEST_STEP][PASSED] - Thread.sleep(2000): null

2019-10-27 08:04:12 - [TEST_STEP][PASSED] - waitForElementVisible(findTestObject("mobileSanity/HBI/Page_App Page 2/input__credit-card-first"), 20): Object 'Object Repository/mobileSanity/HBI/Page_App Page 2/input__credit-card-first' is visible

2019-10-27 08:04:12 - [MESSAGE][PASSED] - Object 'Object Repository/mobileSanity/HBI/Page_App Page 2/input__credit-card-first' is visible

2019-10-27 08:04:12 - [TEST_STEP][PASSED] - callTestCase(findTestCase("mobileWeb/_include/get_screenshot"), [:], STOP_ON_FAILURE): Call Test Case 'Test Cases/mobileWeb/_include/get_screenshot' successfully

2019-10-27 08:04:13 - [TEST_CASE][PASSED] - Test Cases/mobileWeb/_include/get_screenshot: Test Cases/mobileWeb/_include/get_screenshot

2019-10-27 08:04:13 - [TEST_STEP][PASSED] - takeScreenshot(screenPath + i + ".png"): Taking screenshot successfully

2019-10-27 08:04:13 - [MESSAGE][PASSED] - Taking screenshot successfully
[[ATTACHMENT|D:\\Test\\AgileTest\\Reports\\mobileWeb\\hbi\\20191027_080033\\../Screenshots/iPhone 6/hbi/Cardinal Choice/20191027_080335/7.png]]

2019-10-27 08:04:13 - [TEST_STEP][PASSED] - (internal.GlobalVariable.i++): null

2019-10-27 08:04:13 - [MESSAGE][PASSED] - Call Test Case 'Test Cases/mobileWeb/_include/get_screenshot' successfully

2019-10-27 08:04:13 - [TEST_STEP][PASSED] - setText(findTestObject("mobileSanity/HBI/Page_App Page 2/input__credit-card-first"), FirstName): Text 'Test-123' is set on object 'Object Repository/mobileSanity/HBI/Page_App Page 2/input__credit-card-first'

2019-10-27 08:04:13 - [MESSAGE][PASSED] - Text 'Test-123' is set on object 'Object Repository/mobileSanity/HBI/Page_App Page 2/input__credit-card-first'

2019-10-27 08:04:13 - [TEST_STEP][PASSED] - setText(findTestObject("mobileSanity/HBI/Page_App Page 2/input__credit-card-last"), LastName): Text 'ZZ11-eVlkMedt' is set on object 'Object Repository/mobileSanity/HBI/Page_App Page 2/input__credit-card-last'

2019-10-27 08:04:14 - [MESSAGE][PASSED] - Text 'ZZ11-eVlkMedt' is set on object 'Object Repository/mobileSanity/HBI/Page_App Page 2/input__credit-card-last'

2019-10-27 08:04:14 - [TEST_STEP][PASSED] - selectOptionByValue(findTestObject("mobileSanity/HBI/Page_App Page 2/select_MM010203040506070809101"), "12", true): All options with value '12' are selected in object 'Object Repository/mobileSanity/HBI/Page_App Page 2/select_MM010203040506070809101'  using regular expression

2019-10-27 08:04:14 - [MESSAGE][PASSED] - All options with value '12' are selected in object 'Object Repository/mobileSanity/HBI/Page_App Page 2/select_MM010203040506070809101'  using regular expression

2019-10-27 08:04:14 - [TEST_STEP][PASSED] - selectOptionByValue(findTestObject("mobileSanity/HBI/Page_App Page 2/select_YYYY2019202020212022202"), "2026", true): All options with value '2026' are selected in object 'Object Repository/mobileSanity/HBI/Page_App Page 2/select_YYYY2019202020212022202'  using regular expression

2019-10-27 08:04:15 - [MESSAGE][PASSED] - All options with value '2026' are selected in object 'Object Repository/mobileSanity/HBI/Page_App Page 2/select_YYYY2019202020212022202'  using regular expression

2019-10-27 08:04:15 - [TEST_STEP][PASSED] - setText(findTestObject("mobileSanity/HBI/Page_App Page 2/input__credit-card-number"), "4111111111111111"): Text '4111111111111111' is set on object 'Object Repository/mobileSanity/HBI/Page_App Page 2/input__credit-card-number'

2019-10-27 08:04:15 - [MESSAGE][PASSED] - Text '4111111111111111' is set on object 'Object Repository/mobileSanity/HBI/Page_App Page 2/input__credit-card-number'

2019-10-27 08:04:15 - [TEST_STEP][PASSED] - setText(findTestObject("mobileSanity/HBI/Page_App Page 2/input__cvv"), "123"): Text '123' is set on object 'Object Repository/mobileSanity/HBI/Page_App Page 2/input__cvv'

2019-10-27 08:04:16 - [MESSAGE][PASSED] - Text '123' is set on object 'Object Repository/mobileSanity/HBI/Page_App Page 2/input__cvv'

2019-10-27 08:04:16 - [TEST_STEP][PASSED] - click(findTestObject("mobileSanity/HBI/Page_App Page 2/label_My billing address is th")): Object: 'Object Repository/mobileSanity/HBI/Page_App Page 2/label_My billing address is th' is clicked on

2019-10-27 08:04:16 - [MESSAGE][PASSED] - Object: 'Object Repository/mobileSanity/HBI/Page_App Page 2/label_My billing address is th' is clicked on

2019-10-27 08:04:16 - [TEST_STEP][PASSED] - click(findTestObject("mobileSanity/HBI/Page_App Page 2/label_I Accept Authorization f")): Object: 'Object Repository/mobileSanity/HBI/Page_App Page 2/label_I Accept Authorization f' is clicked on

2019-10-27 08:04:16 - [MESSAGE][PASSED] - Object: 'Object Repository/mobileSanity/HBI/Page_App Page 2/label_I Accept Authorization f' is clicked on

2019-10-27 08:04:16 - [TEST_STEP][PASSED] - click(findTestObject("mobileSanity/HBI/Page_App Page 2/a_Continue to Step 3 - Review")): Object: 'Object Repository/mobileSanity/HBI/Page_App Page 2/a_Continue to Step 3 - Review' is clicked on

2019-10-27 08:04:16 - [MESSAGE][PASSED] - Object: 'Object Repository/mobileSanity/HBI/Page_App Page 2/a_Continue to Step 3 - Review' is clicked on

2019-10-27 08:04:16 - [TEST_STEP][PASSED] - waitForPageLoad(20): Wait for page load successfully

2019-10-27 08:04:16 - [MESSAGE][PASSED] - Wait for page load successfully

2019-10-27 08:04:16 - [TEST_STEP][PASSED] - Thread.sleep(10000): null

2019-10-27 08:04:26 - [TEST_STEP][PASSED] - waitForElementPresent(findTestObject("mobileSanity/HBI/Page_App Page 3/label"), 20): Object 'Object Repository/mobileSanity/HBI/Page_App Page 3/label' is present

2019-10-27 08:04:27 - [MESSAGE][PASSED] - Object 'Object Repository/mobileSanity/HBI/Page_App Page 3/label' is present

2019-10-27 08:04:27 - [TEST_STEP][PASSED] - callTestCase(findTestCase("mobileWeb/_include/get_screenshot"), [:], STOP_ON_FAILURE): Call Test Case 'Test Cases/mobileWeb/_include/get_screenshot' successfully

2019-10-27 08:04:27 - [TEST_CASE][PASSED] - Test Cases/mobileWeb/_include/get_screenshot: Test Cases/mobileWeb/_include/get_screenshot

2019-10-27 08:04:27 - [TEST_STEP][PASSED] - takeScreenshot(screenPath + i + ".png"): Taking screenshot successfully

2019-10-27 08:04:27 - [MESSAGE][PASSED] - Taking screenshot successfully
[[ATTACHMENT|D:\\Test\\AgileTest\\Reports\\mobileWeb\\hbi\\20191027_080033\\../Screenshots/iPhone 6/hbi/Cardinal Choice/20191027_080335/8.png]]

2019-10-27 08:04:27 - [TEST_STEP][PASSED] - (internal.GlobalVariable.i++): null

2019-10-27 08:04:27 - [MESSAGE][PASSED] - Call Test Case 'Test Cases/mobileWeb/_include/get_screenshot' successfully

2019-10-27 08:04:27 - [TEST_STEP][PASSED] - click(findTestObject("mobileSanity/HBI/Page_App Page 3/label")): Object: 'Object Repository/mobileSanity/HBI/Page_App Page 3/label' is clicked on

2019-10-27 08:04:27 - [MESSAGE][PASSED] - Object: 'Object Repository/mobileSanity/HBI/Page_App Page 3/label' is clicked on

2019-10-27 08:04:27 - [TEST_STEP][PASSED] - click(findTestObject("mobileSanity/HBI/Page_App Page 3/p_CLICK TO SIGN")): Object: 'Object Repository/mobileSanity/HBI/Page_App Page 3/p_CLICK TO SIGN' is clicked on

2019-10-27 08:04:27 - [MESSAGE][PASSED] - Object: 'Object Repository/mobileSanity/HBI/Page_App Page 3/p_CLICK TO SIGN' is clicked on

2019-10-27 08:04:27 - [TEST_STEP][PASSED] - click(findTestObject("mobileSanity/HBI/Page_App Page 3/a_Submit Your Application")): Object: 'Object Repository/mobileSanity/HBI/Page_App Page 3/a_Submit Your Application' is clicked on

2019-10-27 08:04:27 - [MESSAGE][PASSED] - Object: 'Object Repository/mobileSanity/HBI/Page_App Page 3/a_Submit Your Application' is clicked on

2019-10-27 08:04:27 - [TEST_STEP][PASSED] - Thread.sleep(30000): null

2019-10-27 08:04:57 - [TEST_STEP][PASSED] - callTestCase(findTestCase("mobileWeb/_include/get_screenshot"), [:], STOP_ON_FAILURE): Call Test Case 'Test Cases/mobileWeb/_include/get_screenshot' successfully

2019-10-27 08:04:57 - [TEST_CASE][PASSED] - Test Cases/mobileWeb/_include/get_screenshot: Test Cases/mobileWeb/_include/get_screenshot

2019-10-27 08:04:57 - [TEST_STEP][PASSED] - takeScreenshot(screenPath + i + ".png"): Taking screenshot successfully

2019-10-27 08:04:58 - [MESSAGE][PASSED] - Taking screenshot successfully
[[ATTACHMENT|D:\\Test\\AgileTest\\Reports\\mobileWeb\\hbi\\20191027_080033\\../Screenshots/iPhone 6/hbi/Cardinal Choice/20191027_080335/9.png]]

2019-10-27 08:04:58 - [TEST_STEP][PASSED] - (internal.GlobalVariable.i++): null

2019-10-27 08:04:58 - [MESSAGE][PASSED] - Call Test Case 'Test Cases/mobileWeb/_include/get_screenshot' successfully

2019-10-27 08:04:58 - [TEST_STEP][PASSED] - verifyTextPresent("Congratulations", false): Text 'Congratulations' is present on page 

2019-10-27 08:04:58 - [MESSAGE][PASSED] - Text 'Congratulations' is present on page 

2019-10-27 08:04:58 - [MESSAGE][PASSED] - Call Test Case 'Test Cases/mobileWeb/_include/goToEnd_hbi' successfully]]></system-out>
         <system-err><![CDATA[]]></system-err>
      </testcase>
      <testcase name="Test Cases/mobileWeb/HBI/Core Shield" classname="Test Cases/mobileWeb/HBI/Core Shield" status="PASSED">
         <system-out><![CDATA[2019-10-27 08:04:58 - [TEST_CASE][PASSED] - Test Cases/mobileWeb/HBI/Core Shield: Test Cases/mobileWeb/HBI/Core Shield

2019-10-27 08:04:58 - [TEST_STEP][PASSED] - callTestCase(findTestCase("mobileWeb/_include/get_screenPath"), ["productLine":"hbi", "carrierName":"Core Shield"], CONTINUE_ON_FAILURE): Call Test Case 'Test Cases/mobileWeb/_include/get_screenPath' successfully

2019-10-27 08:04:58 - [TEST_CASE][PASSED] - Test Cases/mobileWeb/_include/get_screenPath: Test Cases/mobileWeb/_include/get_screenPath

2019-10-27 08:04:58 - [TEST_STEP][PASSED] - m = getExecutionProperties(): null

2019-10-27 08:04:58 - [TEST_STEP][PASSED] - deviceName = get("mobileEmulation").get("deviceName"): null

2019-10-27 08:04:58 - [TEST_STEP][PASSED] - println(deviceName): null

2019-10-27 08:04:58 - [TEST_STEP][PASSED] - now = new java.util.Date(): null

2019-10-27 08:04:58 - [TEST_STEP][PASSED] - mydate = now.format("yyyyMMdd_HHmmss"): null

2019-10-27 08:04:58 - [TEST_STEP][PASSED] - screenPath = "../Screenshots/": null

2019-10-27 08:04:58 - [TEST_STEP][PASSED] - screenPath = screenPath + deviceName + "/" + productLine + "/" + carrierName + "/" + mydate + "/": null

2019-10-27 08:04:58 - [TEST_STEP][PASSED] - println(screenPath): null

2019-10-27 08:04:58 - [MESSAGE][PASSED] - Call Test Case 'Test Cases/mobileWeb/_include/get_screenPath' successfully

2019-10-27 08:04:58 - [TEST_STEP][PASSED] - i = 0: null

2019-10-27 08:04:58 - [TEST_STEP][PASSED] - callTestCase(findTestCase("mobileWeb/_include/openWebSite"), [:], CONTINUE_ON_FAILURE): Call Test Case 'Test Cases/mobileWeb/_include/openWebSite' successfully

2019-10-27 08:04:58 - [TEST_CASE][PASSED] - Test Cases/mobileWeb/_include/openWebSite: Test Cases/mobileWeb/_include/openWebSite

2019-10-27 08:04:58 - [TEST_STEP][PASSED] - openBrowser(env): Browser is opened with url: 'https://praetemptatus.agilehealthinsurance.com'

2019-10-27 08:04:58 - [MESSAGE][WARNING] - A browser is already opened. Closing browser and opening a new one

2019-10-27 08:04:59 - [MESSAGE][INFO] - Starting 'Chrome' driver

2019-10-27 08:04:59 - [MESSAGE][INFO] - User set preference: ['mobileEmulation', '{deviceName=iPhone 6}']

2019-10-27 08:04:59 - [MESSAGE][INFO] - User set preference: ['args', '[--incognito, --aggressive-cache-discard, --window-size=375,677, --no-sandbox]']

2019-10-27 08:05:01 - [MESSAGE][PASSED] - Browser is opened with url: 'https://praetemptatus.agilehealthinsurance.com'

2019-10-27 08:05:01 - [TEST_STEP][PASSED] - waitForPageLoad(20): Wait for page load successfully

2019-10-27 08:05:01 - [MESSAGE][PASSED] - Wait for page load successfully

2019-10-27 08:05:01 - [TEST_STEP][PASSED] - Thread.sleep(2000): null

2019-10-27 08:05:03 - [TEST_STEP][PASSED] - callTestCase(findTestCase("mobileWeb/_include/get_screenshot"), [:], STOP_ON_FAILURE): Call Test Case 'Test Cases/mobileWeb/_include/get_screenshot' successfully

2019-10-27 08:05:03 - [TEST_CASE][PASSED] - Test Cases/mobileWeb/_include/get_screenshot: Test Cases/mobileWeb/_include/get_screenshot

2019-10-27 08:05:03 - [TEST_STEP][PASSED] - takeScreenshot(screenPath + i + ".png"): Taking screenshot successfully

2019-10-27 08:05:04 - [MESSAGE][PASSED] - Taking screenshot successfully
[[ATTACHMENT|D:\\Test\\AgileTest\\Reports\\mobileWeb\\hbi\\20191027_080033\\../Screenshots/iPhone 6/hbi/Core Shield/20191027_080458/0.png]]

2019-10-27 08:05:04 - [TEST_STEP][PASSED] - (internal.GlobalVariable.i++): null

2019-10-27 08:05:04 - [MESSAGE][PASSED] - Call Test Case 'Test Cases/mobileWeb/_include/get_screenshot' successfully

2019-10-27 08:05:04 - [MESSAGE][PASSED] - Call Test Case 'Test Cases/mobileWeb/_include/openWebSite' successfully

2019-10-27 08:05:04 - [TEST_STEP][PASSED] - callTestCase(findTestCase("mobileWeb/_include/census_hbi"), [:], CONTINUE_ON_FAILURE): Call Test Case 'Test Cases/mobileWeb/_include/census_hbi' successfully

2019-10-27 08:05:04 - [TEST_CASE][PASSED] - Test Cases/mobileWeb/_include/census_hbi: Test Cases/mobileWeb/_include/census_hbi

2019-10-27 08:05:04 - [TEST_STEP][PASSED] - click(findTestObject("mobileSanity/Common/side_nav/menu")): Object: 'Object Repository/mobileSanity/Common/side_nav/menu' is clicked on

2019-10-27 08:05:04 - [MESSAGE][PASSED] - Object: 'Object Repository/mobileSanity/Common/side_nav/menu' is clicked on

2019-10-27 08:05:04 - [TEST_STEP][PASSED] - Thread.sleep(3000): null

2019-10-27 08:05:07 - [TEST_STEP][PASSED] - callTestCase(findTestCase("mobileWeb/_include/get_screenshot"), [:], STOP_ON_FAILURE): Call Test Case 'Test Cases/mobileWeb/_include/get_screenshot' successfully

2019-10-27 08:05:07 - [TEST_CASE][PASSED] - Test Cases/mobileWeb/_include/get_screenshot: Test Cases/mobileWeb/_include/get_screenshot

2019-10-27 08:05:07 - [TEST_STEP][PASSED] - takeScreenshot(screenPath + i + ".png"): Taking screenshot successfully

2019-10-27 08:05:08 - [MESSAGE][PASSED] - Taking screenshot successfully
[[ATTACHMENT|D:\\Test\\AgileTest\\Reports\\mobileWeb\\hbi\\20191027_080033\\../Screenshots/iPhone 6/hbi/Core Shield/20191027_080458/1.png]]

2019-10-27 08:05:08 - [TEST_STEP][PASSED] - (internal.GlobalVariable.i++): null

2019-10-27 08:05:08 - [MESSAGE][PASSED] - Call Test Case 'Test Cases/mobileWeb/_include/get_screenshot' successfully

2019-10-27 08:05:08 - [TEST_STEP][PASSED] - click(findTestObject("mobileSanity/Common/side_nav/nav_hbi")): Object: 'Object Repository/mobileSanity/Common/side_nav/nav_hbi' is clicked on

2019-10-27 08:05:08 - [MESSAGE][PASSED] - Object: 'Object Repository/mobileSanity/Common/side_nav/nav_hbi' is clicked on

2019-10-27 08:05:08 - [TEST_STEP][PASSED] - waitForPageLoad(10): Wait for page load successfully

2019-10-27 08:05:08 - [MESSAGE][PASSED] - Wait for page load successfully

2019-10-27 08:05:08 - [TEST_STEP][PASSED] - Thread.sleep(3000): null

2019-10-27 08:05:11 - [TEST_STEP][PASSED] - callTestCase(findTestCase("mobileWeb/_include/get_screenshot"), [:], STOP_ON_FAILURE): Call Test Case 'Test Cases/mobileWeb/_include/get_screenshot' successfully

2019-10-27 08:05:11 - [TEST_CASE][PASSED] - Test Cases/mobileWeb/_include/get_screenshot: Test Cases/mobileWeb/_include/get_screenshot

2019-10-27 08:05:11 - [TEST_STEP][PASSED] - takeScreenshot(screenPath + i + ".png"): Taking screenshot successfully

2019-10-27 08:05:12 - [MESSAGE][PASSED] - Taking screenshot successfully
[[ATTACHMENT|D:\\Test\\AgileTest\\Reports\\mobileWeb\\hbi\\20191027_080033\\../Screenshots/iPhone 6/hbi/Core Shield/20191027_080458/2.png]]

2019-10-27 08:05:12 - [TEST_STEP][PASSED] - (internal.GlobalVariable.i++): null

2019-10-27 08:05:12 - [MESSAGE][PASSED] - Call Test Case 'Test Cases/mobileWeb/_include/get_screenshot' successfully

2019-10-27 08:05:12 - [TEST_STEP][PASSED] - setText(findTestObject("mobileSanity/HBI/census/input_Location_zip-input"), zipcode): Text '35215' is set on object 'Object Repository/mobileSanity/HBI/census/input_Location_zip-input'

2019-10-27 08:05:12 - [MESSAGE][PASSED] - Text '35215' is set on object 'Object Repository/mobileSanity/HBI/census/input_Location_zip-input'

2019-10-27 08:05:12 - [TEST_STEP][PASSED] - Thread.sleep(500): null

2019-10-27 08:05:12 - [TEST_STEP][PASSED] - setText(findTestObject("mobileSanity/HBI/census/input_Date of Birth_dob-0"), "12121980"): Text '12121980' is set on object 'Object Repository/mobileSanity/HBI/census/input_Date of Birth_dob-0'

2019-10-27 08:05:12 - [MESSAGE][PASSED] - Text '12121980' is set on object 'Object Repository/mobileSanity/HBI/census/input_Date of Birth_dob-0'

2019-10-27 08:05:12 - [TEST_STEP][PASSED] - click(findTestObject("mobileSanity/HBI/census/label_Male")): Object: 'Object Repository/mobileSanity/HBI/census/label_Male' is clicked on

2019-10-27 08:05:13 - [MESSAGE][PASSED] - Object: 'Object Repository/mobileSanity/HBI/census/label_Male' is clicked on

2019-10-27 08:05:13 - [TEST_STEP][PASSED] - click(findTestObject("mobileSanity/HBI/census/label_Get a Quote")): Object: 'Object Repository/mobileSanity/HBI/census/label_Get a Quote' is clicked on

2019-10-27 08:05:14 - [MESSAGE][PASSED] - Object: 'Object Repository/mobileSanity/HBI/census/label_Get a Quote' is clicked on

2019-10-27 08:05:14 - [TEST_STEP][PASSED] - waitForPageLoad(20): Wait for page load successfully

2019-10-27 08:05:14 - [MESSAGE][PASSED] - Wait for page load successfully

2019-10-27 08:05:14 - [TEST_STEP][PASSED] - Thread.sleep(3000): null

2019-10-27 08:05:17 - [TEST_STEP][PASSED] - callTestCase(findTestCase("mobileWeb/_include/get_screenshot"), [:], STOP_ON_FAILURE): Call Test Case 'Test Cases/mobileWeb/_include/get_screenshot' successfully

2019-10-27 08:05:17 - [TEST_CASE][PASSED] - Test Cases/mobileWeb/_include/get_screenshot: Test Cases/mobileWeb/_include/get_screenshot

2019-10-27 08:05:17 - [TEST_STEP][PASSED] - takeScreenshot(screenPath + i + ".png"): Taking screenshot successfully

2019-10-27 08:05:17 - [MESSAGE][PASSED] - Taking screenshot successfully
[[ATTACHMENT|D:\\Test\\AgileTest\\Reports\\mobileWeb\\hbi\\20191027_080033\\../Screenshots/iPhone 6/hbi/Core Shield/20191027_080458/3.png]]

2019-10-27 08:05:17 - [TEST_STEP][PASSED] - (internal.GlobalVariable.i++): null

2019-10-27 08:05:17 - [MESSAGE][PASSED] - Call Test Case 'Test Cases/mobileWeb/_include/get_screenshot' successfully

2019-10-27 08:05:17 - [MESSAGE][PASSED] - Call Test Case 'Test Cases/mobileWeb/_include/census_hbi' successfully

2019-10-27 08:05:17 - [TEST_STEP][PASSED] - Thread.sleep(5000): null

2019-10-27 08:05:22 - [TEST_STEP][PASSED] - scrollToPosition(200, 2300): Browser is scrolled to position x = 200, y = 2300

2019-10-27 08:05:22 - [MESSAGE][PASSED] - Browser is scrolled to position x = 200, y = 2300

2019-10-27 08:05:22 - [TEST_STEP][PASSED] - click(findTestObject("mobileSanity/HBI/quote/a_Core Shield")): Object: 'Object Repository/mobileSanity/HBI/quote/a_Core Shield' is clicked on

2019-10-27 08:05:23 - [MESSAGE][PASSED] - Object: 'Object Repository/mobileSanity/HBI/quote/a_Core Shield' is clicked on

2019-10-27 08:05:23 - [TEST_STEP][PASSED] - waitForPageLoad(20): Wait for page load successfully

2019-10-27 08:05:23 - [MESSAGE][PASSED] - Wait for page load successfully

2019-10-27 08:05:23 - [TEST_STEP][PASSED] - callTestCase(findTestCase("mobileWeb/_include/get_screenshot"), [:], STOP_ON_FAILURE): Call Test Case 'Test Cases/mobileWeb/_include/get_screenshot' successfully

2019-10-27 08:05:23 - [TEST_CASE][PASSED] - Test Cases/mobileWeb/_include/get_screenshot: Test Cases/mobileWeb/_include/get_screenshot

2019-10-27 08:05:23 - [TEST_STEP][PASSED] - takeScreenshot(screenPath + i + ".png"): Taking screenshot successfully

2019-10-27 08:05:24 - [MESSAGE][PASSED] - Taking screenshot successfully
[[ATTACHMENT|D:\\Test\\AgileTest\\Reports\\mobileWeb\\hbi\\20191027_080033\\../Screenshots/iPhone 6/hbi/Core Shield/20191027_080458/4.png]]

2019-10-27 08:05:24 - [TEST_STEP][PASSED] - (internal.GlobalVariable.i++): null

2019-10-27 08:05:24 - [MESSAGE][PASSED] - Call Test Case 'Test Cases/mobileWeb/_include/get_screenshot' successfully

2019-10-27 08:05:24 - [TEST_STEP][PASSED] - click(findTestObject("mobileSanity/HBI/detail/a_Apply for This Plan")): Object: 'Object Repository/mobileSanity/HBI/detail/a_Apply for This Plan' is clicked on

2019-10-27 08:05:24 - [MESSAGE][PASSED] - Object: 'Object Repository/mobileSanity/HBI/detail/a_Apply for This Plan' is clicked on

2019-10-27 08:05:24 - [TEST_STEP][PASSED] - waitForPageLoad(20): Wait for page load successfully

2019-10-27 08:05:25 - [MESSAGE][PASSED] - Wait for page load successfully

2019-10-27 08:05:25 - [TEST_STEP][PASSED] - callTestCase(findTestCase("mobileWeb/_include/get_screenshot"), [:], STOP_ON_FAILURE): Call Test Case 'Test Cases/mobileWeb/_include/get_screenshot' successfully

2019-10-27 08:05:25 - [TEST_CASE][PASSED] - Test Cases/mobileWeb/_include/get_screenshot: Test Cases/mobileWeb/_include/get_screenshot

2019-10-27 08:05:25 - [TEST_STEP][PASSED] - takeScreenshot(screenPath + i + ".png"): Taking screenshot successfully

2019-10-27 08:05:25 - [MESSAGE][PASSED] - Taking screenshot successfully
[[ATTACHMENT|D:\\Test\\AgileTest\\Reports\\mobileWeb\\hbi\\20191027_080033\\../Screenshots/iPhone 6/hbi/Core Shield/20191027_080458/5.png]]

2019-10-27 08:05:25 - [TEST_STEP][PASSED] - (internal.GlobalVariable.i++): null

2019-10-27 08:05:25 - [MESSAGE][PASSED] - Call Test Case 'Test Cases/mobileWeb/_include/get_screenshot' successfully

2019-10-27 08:05:25 - [TEST_STEP][PASSED] - click(findTestObject("mobileSanity/HBI/Page_Apply/span_Start Secure Application")): Object: 'Object Repository/mobileSanity/HBI/Page_Apply/span_Start Secure Application' is clicked on

2019-10-27 08:05:26 - [MESSAGE][PASSED] - Object: 'Object Repository/mobileSanity/HBI/Page_Apply/span_Start Secure Application' is clicked on

2019-10-27 08:05:26 - [TEST_STEP][PASSED] - waitForPageLoad(20): Wait for page load successfully

2019-10-27 08:05:26 - [MESSAGE][PASSED] - Wait for page load successfully

2019-10-27 08:05:26 - [TEST_STEP][PASSED] - Thread.sleep(5000): null

2019-10-27 08:05:31 - [TEST_STEP][PASSED] - callTestCase(findTestCase("mobileWeb/_include/get_screenshot"), [:], STOP_ON_FAILURE): Call Test Case 'Test Cases/mobileWeb/_include/get_screenshot' successfully

2019-10-27 08:05:31 - [TEST_CASE][PASSED] - Test Cases/mobileWeb/_include/get_screenshot: Test Cases/mobileWeb/_include/get_screenshot

2019-10-27 08:05:31 - [TEST_STEP][PASSED] - takeScreenshot(screenPath + i + ".png"): Taking screenshot successfully

2019-10-27 08:05:31 - [MESSAGE][PASSED] - Taking screenshot successfully
[[ATTACHMENT|D:\\Test\\AgileTest\\Reports\\mobileWeb\\hbi\\20191027_080033\\../Screenshots/iPhone 6/hbi/Core Shield/20191027_080458/6.png]]

2019-10-27 08:05:31 - [TEST_STEP][PASSED] - (internal.GlobalVariable.i++): null

2019-10-27 08:05:31 - [MESSAGE][PASSED] - Call Test Case 'Test Cases/mobileWeb/_include/get_screenshot' successfully

2019-10-27 08:05:31 - [TEST_STEP][PASSED] - callTestCase(findTestCase("mobileWeb/_include/goToEnd_hbi"), ["carrier":"coreshield"], CONTINUE_ON_FAILURE): Call Test Case 'Test Cases/mobileWeb/_include/goToEnd_hbi' successfully

2019-10-27 08:05:31 - [TEST_CASE][PASSED] - Test Cases/mobileWeb/_include/goToEnd_hbi: Test Cases/mobileWeb/_include/goToEnd_hbi

2019-10-27 08:05:31 - [TEST_STEP][PASSED] - if (state == "ca"): null

2019-10-27 08:05:31 - [TEST_STEP][PASSED] - callTestCase(findTestCase("mobileWeb/_include/name"), [:], CONTINUE_ON_FAILURE): Call Test Case 'Test Cases/mobileWeb/_include/name' successfully

2019-10-27 08:05:31 - [TEST_CASE][PASSED] - Test Cases/mobileWeb/_include/name: Test Cases/mobileWeb/_include/name

2019-10-27 08:05:32 - [TEST_STEP][PASSED] - driver = getWebDriver(): null

2019-10-27 08:05:32 - [TEST_STEP][PASSED] - selenium = new com.thoughtworks.selenium.webdriven.WebDriverBackedSelenium(driver, internal.GlobalVariable.ENV): null

2019-10-27 08:05:32 - [TEST_STEP][PASSED] - FirstName = "Test-123": null

2019-10-27 08:05:32 - [TEST_STEP][PASSED] - LastName = selenium.getEval("{var x="ABCDEFGHIJKLMNOPQRSTUVWXYZabcdefghijklmnopqrstuvwxyz"; var tmp="ZZ11-"; for (i=0;i<8;i++) tmp+=x.charAt(Math.ceil(51*Math.random()));tmp;}"): null

2019-10-27 08:05:32 - [TEST_STEP][PASSED] - Address = selenium.getEval("{var x="ABCDEFGHIJKLMNOPQRSTUVWXYZabcdefghijklmnopqrstuvwxyz"; var tmp=""; for (i=0;i<8;i++) tmp+=x.charAt(Math.ceil(51*Math.random()));tmp;}"): null

2019-10-27 08:05:32 - [TEST_STEP][PASSED] - City = selenium.getEval("{var x="ABCDEFGHIJKLMNOPQRSTUVWXYZabcdefghijklmnopqrstuvwxyz"; var tmp=""; for (i=0;i<8;i++) tmp+=x.charAt(Math.ceil(51*Math.random()));tmp;}"): null

2019-10-27 08:05:32 - [TEST_STEP][PASSED] - tel1 = selenium.getEval("{var x="123456789"; var tmp=""; for (i=0;i<3;i++) tmp+=x.charAt(Math.ceil(8*Math.random()));tmp;}"): null

2019-10-27 08:05:32 - [TEST_STEP][PASSED] - tel2 = selenium.getEval("{var x="123456789"; var tmp=""; for (i=0;i<3;i++) tmp+=x.charAt(Math.ceil(8*Math.random()));tmp;}"): null

2019-10-27 08:05:32 - [TEST_STEP][PASSED] - tel3 = selenium.getEval("{var x="123456789"; var tmp=""; for (i=0;i<4;i++) tmp+=x.charAt(Math.ceil(8*Math.random()));tmp;}"): null

2019-10-27 08:05:32 - [TEST_STEP][PASSED] - Tel = selenium.getExpression(tel1 + "-" + tel2 + "-" + tel3): null

2019-10-27 08:05:32 - [TEST_STEP][PASSED] - AutoEmail = selenium.getEval("{var x="ABCDEFGHIJKLMNOPQRSTUVWXYZabcdefghijklmnopqrstuvwxyz"; var tmp="test."; for (i=0;i<8;i++) tmp+=x.charAt(Math.ceil(51*Math.random()));tmp+="@suryani.cn";}"): null

2019-10-27 08:05:32 - [TEST_STEP][PASSED] - FirstName = FirstName: null

2019-10-27 08:05:32 - [TEST_STEP][PASSED] - LastName = LastName: null

2019-10-27 08:05:32 - [TEST_STEP][PASSED] - Address = Address: null

2019-10-27 08:05:32 - [TEST_STEP][PASSED] - City = City: null

2019-10-27 08:05:32 - [TEST_STEP][PASSED] - Tel = Tel: null

2019-10-27 08:05:32 - [TEST_STEP][PASSED] - AutoEmail = AutoEmail: null

2019-10-27 08:05:32 - [TEST_STEP][PASSED] - println(FirstName): null

2019-10-27 08:05:32 - [TEST_STEP][PASSED] - println(LastName): null

2019-10-27 08:05:32 - [TEST_STEP][PASSED] - println(Address): null

2019-10-27 08:05:32 - [TEST_STEP][PASSED] - println(City): null

2019-10-27 08:05:32 - [TEST_STEP][PASSED] - println(Tel): null

2019-10-27 08:05:32 - [TEST_STEP][PASSED] - println(AutoEmail): null

2019-10-27 08:05:32 - [MESSAGE][PASSED] - Call Test Case 'Test Cases/mobileWeb/_include/name' successfully

2019-10-27 08:05:32 - [TEST_STEP][PASSED] - setText(findTestObject("mobileSanity/HBI/Page_App Page 1/input__member-P-1-firstName"), FirstName): Text 'Test-123' is set on object 'Object Repository/mobileSanity/HBI/Page_App Page 1/input__member-P-1-firstName'

2019-10-27 08:05:32 - [MESSAGE][PASSED] - Text 'Test-123' is set on object 'Object Repository/mobileSanity/HBI/Page_App Page 1/input__member-P-1-firstName'

2019-10-27 08:05:32 - [TEST_STEP][PASSED] - setText(findTestObject("mobileSanity/HBI/Page_App Page 1/input__member-P-1-lastName"), LastName): Text 'ZZ11-xGzDCMCD' is set on object 'Object Repository/mobileSanity/HBI/Page_App Page 1/input__member-P-1-lastName'

2019-10-27 08:05:32 - [MESSAGE][PASSED] - Text 'ZZ11-xGzDCMCD' is set on object 'Object Repository/mobileSanity/HBI/Page_App Page 1/input__member-P-1-lastName'

2019-10-27 08:05:32 - [TEST_STEP][PASSED] - if (carrier == "agileone" || carrier == "agilesecure"): null

2019-10-27 08:05:32 - [TEST_STEP][PASSED] - setText(findTestObject("mobileSanity/HBI/Page_App Page 1/input__address"), Address): Text 'UQqIQjaI' is set on object 'Object Repository/mobileSanity/HBI/Page_App Page 1/input__address'

2019-10-27 08:05:32 - [MESSAGE][PASSED] - Text 'UQqIQjaI' is set on object 'Object Repository/mobileSanity/HBI/Page_App Page 1/input__address'

2019-10-27 08:05:32 - [TEST_STEP][PASSED] - setText(findTestObject("mobileSanity/HBI/Page_App Page 1/input__city"), City): Text 'tkzoXwgR' is set on object 'Object Repository/mobileSanity/HBI/Page_App Page 1/input__city'

2019-10-27 08:05:32 - [MESSAGE][PASSED] - Text 'tkzoXwgR' is set on object 'Object Repository/mobileSanity/HBI/Page_App Page 1/input__city'

2019-10-27 08:05:32 - [TEST_STEP][PASSED] - setText(findTestObject("mobileSanity/HBI/Page_App Page 1/input__email"), AutoEmail): Text 'test.jKOSxPCt@suryani.cn' is set on object 'Object Repository/mobileSanity/HBI/Page_App Page 1/input__email'

2019-10-27 08:05:32 - [MESSAGE][PASSED] - Text 'test.jKOSxPCt@suryani.cn' is set on object 'Object Repository/mobileSanity/HBI/Page_App Page 1/input__email'

2019-10-27 08:05:32 - [TEST_STEP][PASSED] - setText(findTestObject("mobileSanity/HBI/Page_App Page 1/input_tel"), Tel): Text '842-687-3843' is set on object 'Object Repository/mobileSanity/HBI/Page_App Page 1/input_tel'

2019-10-27 08:05:33 - [MESSAGE][PASSED] - Text '842-687-3843' is set on object 'Object Repository/mobileSanity/HBI/Page_App Page 1/input_tel'

2019-10-27 08:05:33 - [TEST_STEP][PASSED] - click(findTestObject("mobileSanity/HBI/Page_App Page 1/a_Continue to Step 2 - Payment")): Object: 'Object Repository/mobileSanity/HBI/Page_App Page 1/a_Continue to Step 2 - Payment' is clicked on

2019-10-27 08:05:33 - [MESSAGE][PASSED] - Object: 'Object Repository/mobileSanity/HBI/Page_App Page 1/a_Continue to Step 2 - Payment' is clicked on

2019-10-27 08:05:33 - [TEST_STEP][PASSED] - waitForPageLoad(20): Wait for page load successfully

2019-10-27 08:05:33 - [MESSAGE][PASSED] - Wait for page load successfully

2019-10-27 08:05:33 - [TEST_STEP][PASSED] - Thread.sleep(2000): null

2019-10-27 08:05:35 - [TEST_STEP][PASSED] - waitForElementVisible(findTestObject("mobileSanity/HBI/Page_App Page 2/input__credit-card-first"), 20): Object 'Object Repository/mobileSanity/HBI/Page_App Page 2/input__credit-card-first' is visible

2019-10-27 08:05:35 - [MESSAGE][PASSED] - Object 'Object Repository/mobileSanity/HBI/Page_App Page 2/input__credit-card-first' is visible

2019-10-27 08:05:35 - [TEST_STEP][PASSED] - callTestCase(findTestCase("mobileWeb/_include/get_screenshot"), [:], STOP_ON_FAILURE): Call Test Case 'Test Cases/mobileWeb/_include/get_screenshot' successfully

2019-10-27 08:05:35 - [TEST_CASE][PASSED] - Test Cases/mobileWeb/_include/get_screenshot: Test Cases/mobileWeb/_include/get_screenshot

2019-10-27 08:05:35 - [TEST_STEP][PASSED] - takeScreenshot(screenPath + i + ".png"): Taking screenshot successfully

2019-10-27 08:05:36 - [MESSAGE][PASSED] - Taking screenshot successfully
[[ATTACHMENT|D:\\Test\\AgileTest\\Reports\\mobileWeb\\hbi\\20191027_080033\\../Screenshots/iPhone 6/hbi/Core Shield/20191027_080458/7.png]]

2019-10-27 08:05:36 - [TEST_STEP][PASSED] - (internal.GlobalVariable.i++): null

2019-10-27 08:05:36 - [MESSAGE][PASSED] - Call Test Case 'Test Cases/mobileWeb/_include/get_screenshot' successfully

2019-10-27 08:05:36 - [TEST_STEP][PASSED] - setText(findTestObject("mobileSanity/HBI/Page_App Page 2/input__credit-card-first"), FirstName): Text 'Test-123' is set on object 'Object Repository/mobileSanity/HBI/Page_App Page 2/input__credit-card-first'

2019-10-27 08:05:37 - [MESSAGE][PASSED] - Text 'Test-123' is set on object 'Object Repository/mobileSanity/HBI/Page_App Page 2/input__credit-card-first'

2019-10-27 08:05:37 - [TEST_STEP][PASSED] - setText(findTestObject("mobileSanity/HBI/Page_App Page 2/input__credit-card-last"), LastName): Text 'ZZ11-xGzDCMCD' is set on object 'Object Repository/mobileSanity/HBI/Page_App Page 2/input__credit-card-last'

2019-10-27 08:05:37 - [MESSAGE][PASSED] - Text 'ZZ11-xGzDCMCD' is set on object 'Object Repository/mobileSanity/HBI/Page_App Page 2/input__credit-card-last'

2019-10-27 08:05:37 - [TEST_STEP][PASSED] - selectOptionByValue(findTestObject("mobileSanity/HBI/Page_App Page 2/select_MM010203040506070809101"), "12", true): All options with value '12' are selected in object 'Object Repository/mobileSanity/HBI/Page_App Page 2/select_MM010203040506070809101'  using regular expression

2019-10-27 08:05:38 - [MESSAGE][PASSED] - All options with value '12' are selected in object 'Object Repository/mobileSanity/HBI/Page_App Page 2/select_MM010203040506070809101'  using regular expression

2019-10-27 08:05:38 - [TEST_STEP][PASSED] - selectOptionByValue(findTestObject("mobileSanity/HBI/Page_App Page 2/select_YYYY2019202020212022202"), "2026", true): All options with value '2026' are selected in object 'Object Repository/mobileSanity/HBI/Page_App Page 2/select_YYYY2019202020212022202'  using regular expression

2019-10-27 08:05:38 - [MESSAGE][PASSED] - All options with value '2026' are selected in object 'Object Repository/mobileSanity/HBI/Page_App Page 2/select_YYYY2019202020212022202'  using regular expression

2019-10-27 08:05:38 - [TEST_STEP][PASSED] - setText(findTestObject("mobileSanity/HBI/Page_App Page 2/input__credit-card-number"), "4111111111111111"): Text '4111111111111111' is set on object 'Object Repository/mobileSanity/HBI/Page_App Page 2/input__credit-card-number'

2019-10-27 08:05:39 - [MESSAGE][PASSED] - Text '4111111111111111' is set on object 'Object Repository/mobileSanity/HBI/Page_App Page 2/input__credit-card-number'

2019-10-27 08:05:39 - [TEST_STEP][PASSED] - setText(findTestObject("mobileSanity/HBI/Page_App Page 2/input__cvv"), "123"): Text '123' is set on object 'Object Repository/mobileSanity/HBI/Page_App Page 2/input__cvv'

2019-10-27 08:05:39 - [MESSAGE][PASSED] - Text '123' is set on object 'Object Repository/mobileSanity/HBI/Page_App Page 2/input__cvv'

2019-10-27 08:05:39 - [TEST_STEP][PASSED] - click(findTestObject("mobileSanity/HBI/Page_App Page 2/label_My billing address is th")): Object: 'Object Repository/mobileSanity/HBI/Page_App Page 2/label_My billing address is th' is clicked on

2019-10-27 08:05:39 - [MESSAGE][PASSED] - Object: 'Object Repository/mobileSanity/HBI/Page_App Page 2/label_My billing address is th' is clicked on

2019-10-27 08:05:39 - [TEST_STEP][PASSED] - click(findTestObject("mobileSanity/HBI/Page_App Page 2/label_I Accept Authorization f")): Object: 'Object Repository/mobileSanity/HBI/Page_App Page 2/label_I Accept Authorization f' is clicked on

2019-10-27 08:05:39 - [MESSAGE][PASSED] - Object: 'Object Repository/mobileSanity/HBI/Page_App Page 2/label_I Accept Authorization f' is clicked on

2019-10-27 08:05:39 - [TEST_STEP][PASSED] - click(findTestObject("mobileSanity/HBI/Page_App Page 2/a_Continue to Step 3 - Review")): Object: 'Object Repository/mobileSanity/HBI/Page_App Page 2/a_Continue to Step 3 - Review' is clicked on

2019-10-27 08:05:41 - [MESSAGE][PASSED] - Object: 'Object Repository/mobileSanity/HBI/Page_App Page 2/a_Continue to Step 3 - Review' is clicked on

2019-10-27 08:05:41 - [TEST_STEP][PASSED] - waitForPageLoad(20): Wait for page load successfully

2019-10-27 08:05:41 - [MESSAGE][PASSED] - Wait for page load successfully

2019-10-27 08:05:41 - [TEST_STEP][PASSED] - Thread.sleep(10000): null

2019-10-27 08:05:51 - [TEST_STEP][PASSED] - waitForElementPresent(findTestObject("mobileSanity/HBI/Page_App Page 3/label"), 20): Object 'Object Repository/mobileSanity/HBI/Page_App Page 3/label' is present

2019-10-27 08:05:51 - [MESSAGE][PASSED] - Object 'Object Repository/mobileSanity/HBI/Page_App Page 3/label' is present

2019-10-27 08:05:51 - [TEST_STEP][PASSED] - callTestCase(findTestCase("mobileWeb/_include/get_screenshot"), [:], STOP_ON_FAILURE): Call Test Case 'Test Cases/mobileWeb/_include/get_screenshot' successfully

2019-10-27 08:05:51 - [TEST_CASE][PASSED] - Test Cases/mobileWeb/_include/get_screenshot: Test Cases/mobileWeb/_include/get_screenshot

2019-10-27 08:05:51 - [TEST_STEP][PASSED] - takeScreenshot(screenPath + i + ".png"): Taking screenshot successfully

2019-10-27 08:05:51 - [MESSAGE][PASSED] - Taking screenshot successfully
[[ATTACHMENT|D:\\Test\\AgileTest\\Reports\\mobileWeb\\hbi\\20191027_080033\\../Screenshots/iPhone 6/hbi/Core Shield/20191027_080458/8.png]]

2019-10-27 08:05:51 - [TEST_STEP][PASSED] - (internal.GlobalVariable.i++): null

2019-10-27 08:05:51 - [MESSAGE][PASSED] - Call Test Case 'Test Cases/mobileWeb/_include/get_screenshot' successfully

2019-10-27 08:05:51 - [TEST_STEP][PASSED] - click(findTestObject("mobileSanity/HBI/Page_App Page 3/label")): Object: 'Object Repository/mobileSanity/HBI/Page_App Page 3/label' is clicked on

2019-10-27 08:05:51 - [MESSAGE][PASSED] - Object: 'Object Repository/mobileSanity/HBI/Page_App Page 3/label' is clicked on

2019-10-27 08:05:51 - [TEST_STEP][PASSED] - click(findTestObject("mobileSanity/HBI/Page_App Page 3/p_CLICK TO SIGN")): Object: 'Object Repository/mobileSanity/HBI/Page_App Page 3/p_CLICK TO SIGN' is clicked on

2019-10-27 08:05:51 - [MESSAGE][PASSED] - Object: 'Object Repository/mobileSanity/HBI/Page_App Page 3/p_CLICK TO SIGN' is clicked on

2019-10-27 08:05:51 - [TEST_STEP][PASSED] - click(findTestObject("mobileSanity/HBI/Page_App Page 3/a_Submit Your Application")): Object: 'Object Repository/mobileSanity/HBI/Page_App Page 3/a_Submit Your Application' is clicked on

2019-10-27 08:05:51 - [MESSAGE][PASSED] - Object: 'Object Repository/mobileSanity/HBI/Page_App Page 3/a_Submit Your Application' is clicked on

2019-10-27 08:05:51 - [TEST_STEP][PASSED] - Thread.sleep(30000): null

2019-10-27 08:06:21 - [TEST_STEP][PASSED] - callTestCase(findTestCase("mobileWeb/_include/get_screenshot"), [:], STOP_ON_FAILURE): Call Test Case 'Test Cases/mobileWeb/_include/get_screenshot' successfully

2019-10-27 08:06:21 - [TEST_CASE][PASSED] - Test Cases/mobileWeb/_include/get_screenshot: Test Cases/mobileWeb/_include/get_screenshot

2019-10-27 08:06:21 - [TEST_STEP][PASSED] - takeScreenshot(screenPath + i + ".png"): Taking screenshot successfully

2019-10-27 08:06:22 - [MESSAGE][PASSED] - Taking screenshot successfully
[[ATTACHMENT|D:\\Test\\AgileTest\\Reports\\mobileWeb\\hbi\\20191027_080033\\../Screenshots/iPhone 6/hbi/Core Shield/20191027_080458/9.png]]

2019-10-27 08:06:22 - [TEST_STEP][PASSED] - (internal.GlobalVariable.i++): null

2019-10-27 08:06:22 - [MESSAGE][PASSED] - Call Test Case 'Test Cases/mobileWeb/_include/get_screenshot' successfully

2019-10-27 08:06:22 - [TEST_STEP][PASSED] - verifyTextPresent("Congratulations", false): Text 'Congratulations' is present on page 

2019-10-27 08:06:22 - [MESSAGE][PASSED] - Text 'Congratulations' is present on page 

2019-10-27 08:06:22 - [MESSAGE][PASSED] - Call Test Case 'Test Cases/mobileWeb/_include/goToEnd_hbi' successfully]]></system-out>
         <system-err><![CDATA[]]></system-err>
      </testcase>
      <testcase name="Test Cases/mobileWeb/HBI/Agile Secure" classname="Test Cases/mobileWeb/HBI/Agile Secure" status="PASSED">
         <system-out><![CDATA[2019-10-27 08:06:22 - [TEST_CASE][PASSED] - Test Cases/mobileWeb/HBI/Agile Secure: Test Cases/mobileWeb/HBI/Agile Secure

2019-10-27 08:06:22 - [TEST_STEP][PASSED] - callTestCase(findTestCase("mobileWeb/_include/get_screenPath"), ["productLine":"hbi", "carrierName":"Agile Secure"], CONTINUE_ON_FAILURE): Call Test Case 'Test Cases/mobileWeb/_include/get_screenPath' successfully

2019-10-27 08:06:22 - [TEST_CASE][PASSED] - Test Cases/mobileWeb/_include/get_screenPath: Test Cases/mobileWeb/_include/get_screenPath

2019-10-27 08:06:22 - [TEST_STEP][PASSED] - m = getExecutionProperties(): null

2019-10-27 08:06:22 - [TEST_STEP][PASSED] - deviceName = get("mobileEmulation").get("deviceName"): null

2019-10-27 08:06:22 - [TEST_STEP][PASSED] - println(deviceName): null

2019-10-27 08:06:22 - [TEST_STEP][PASSED] - now = new java.util.Date(): null

2019-10-27 08:06:22 - [TEST_STEP][PASSED] - mydate = now.format("yyyyMMdd_HHmmss"): null

2019-10-27 08:06:22 - [TEST_STEP][PASSED] - screenPath = "../Screenshots/": null

2019-10-27 08:06:22 - [TEST_STEP][PASSED] - screenPath = screenPath + deviceName + "/" + productLine + "/" + carrierName + "/" + mydate + "/": null

2019-10-27 08:06:22 - [TEST_STEP][PASSED] - println(screenPath): null

2019-10-27 08:06:22 - [MESSAGE][PASSED] - Call Test Case 'Test Cases/mobileWeb/_include/get_screenPath' successfully

2019-10-27 08:06:22 - [TEST_STEP][PASSED] - i = 0: null

2019-10-27 08:06:22 - [TEST_STEP][PASSED] - callTestCase(findTestCase("mobileWeb/_include/openWebSite"), [:], CONTINUE_ON_FAILURE): Call Test Case 'Test Cases/mobileWeb/_include/openWebSite' successfully

2019-10-27 08:06:22 - [TEST_CASE][PASSED] - Test Cases/mobileWeb/_include/openWebSite: Test Cases/mobileWeb/_include/openWebSite

2019-10-27 08:06:22 - [TEST_STEP][PASSED] - openBrowser(env): Browser is opened with url: 'https://praetemptatus.agilehealthinsurance.com'

2019-10-27 08:06:22 - [MESSAGE][WARNING] - A browser is already opened. Closing browser and opening a new one

2019-10-27 08:06:23 - [MESSAGE][INFO] - Starting 'Chrome' driver

2019-10-27 08:06:23 - [MESSAGE][INFO] - User set preference: ['mobileEmulation', '{deviceName=iPhone 6}']

2019-10-27 08:06:23 - [MESSAGE][INFO] - User set preference: ['args', '[--incognito, --aggressive-cache-discard, --window-size=375,677, --no-sandbox]']

2019-10-27 08:06:25 - [MESSAGE][PASSED] - Browser is opened with url: 'https://praetemptatus.agilehealthinsurance.com'

2019-10-27 08:06:25 - [TEST_STEP][PASSED] - waitForPageLoad(20): Wait for page load successfully

2019-10-27 08:06:25 - [MESSAGE][PASSED] - Wait for page load successfully

2019-10-27 08:06:25 - [TEST_STEP][PASSED] - Thread.sleep(2000): null

2019-10-27 08:06:27 - [TEST_STEP][PASSED] - callTestCase(findTestCase("mobileWeb/_include/get_screenshot"), [:], STOP_ON_FAILURE): Call Test Case 'Test Cases/mobileWeb/_include/get_screenshot' successfully

2019-10-27 08:06:27 - [TEST_CASE][PASSED] - Test Cases/mobileWeb/_include/get_screenshot: Test Cases/mobileWeb/_include/get_screenshot

2019-10-27 08:06:27 - [TEST_STEP][PASSED] - takeScreenshot(screenPath + i + ".png"): Taking screenshot successfully

2019-10-27 08:06:27 - [MESSAGE][PASSED] - Taking screenshot successfully
[[ATTACHMENT|D:\\Test\\AgileTest\\Reports\\mobileWeb\\hbi\\20191027_080033\\../Screenshots/iPhone 6/hbi/Agile Secure/20191027_080622/0.png]]

2019-10-27 08:06:27 - [TEST_STEP][PASSED] - (internal.GlobalVariable.i++): null

2019-10-27 08:06:27 - [MESSAGE][PASSED] - Call Test Case 'Test Cases/mobileWeb/_include/get_screenshot' successfully

2019-10-27 08:06:27 - [MESSAGE][PASSED] - Call Test Case 'Test Cases/mobileWeb/_include/openWebSite' successfully

2019-10-27 08:06:27 - [TEST_STEP][PASSED] - callTestCase(findTestCase("mobileWeb/_include/census_hbi"), ["zipcode":"08701"], CONTINUE_ON_FAILURE): Call Test Case 'Test Cases/mobileWeb/_include/census_hbi' successfully

2019-10-27 08:06:27 - [TEST_CASE][PASSED] - Test Cases/mobileWeb/_include/census_hbi: Test Cases/mobileWeb/_include/census_hbi

2019-10-27 08:06:27 - [TEST_STEP][PASSED] - click(findTestObject("mobileSanity/Common/side_nav/menu")): Object: 'Object Repository/mobileSanity/Common/side_nav/menu' is clicked on

2019-10-27 08:06:27 - [MESSAGE][PASSED] - Object: 'Object Repository/mobileSanity/Common/side_nav/menu' is clicked on

2019-10-27 08:06:27 - [TEST_STEP][PASSED] - Thread.sleep(3000): null

2019-10-27 08:06:30 - [TEST_STEP][PASSED] - callTestCase(findTestCase("mobileWeb/_include/get_screenshot"), [:], STOP_ON_FAILURE): Call Test Case 'Test Cases/mobileWeb/_include/get_screenshot' successfully

2019-10-27 08:06:30 - [TEST_CASE][PASSED] - Test Cases/mobileWeb/_include/get_screenshot: Test Cases/mobileWeb/_include/get_screenshot

2019-10-27 08:06:30 - [TEST_STEP][PASSED] - takeScreenshot(screenPath + i + ".png"): Taking screenshot successfully

2019-10-27 08:06:31 - [MESSAGE][PASSED] - Taking screenshot successfully
[[ATTACHMENT|D:\\Test\\AgileTest\\Reports\\mobileWeb\\hbi\\20191027_080033\\../Screenshots/iPhone 6/hbi/Agile Secure/20191027_080622/1.png]]

2019-10-27 08:06:31 - [TEST_STEP][PASSED] - (internal.GlobalVariable.i++): null

2019-10-27 08:06:31 - [MESSAGE][PASSED] - Call Test Case 'Test Cases/mobileWeb/_include/get_screenshot' successfully

2019-10-27 08:06:31 - [TEST_STEP][PASSED] - click(findTestObject("mobileSanity/Common/side_nav/nav_hbi")): Object: 'Object Repository/mobileSanity/Common/side_nav/nav_hbi' is clicked on

2019-10-27 08:06:31 - [MESSAGE][PASSED] - Object: 'Object Repository/mobileSanity/Common/side_nav/nav_hbi' is clicked on

2019-10-27 08:06:31 - [TEST_STEP][PASSED] - waitForPageLoad(10): Wait for page load successfully

2019-10-27 08:06:31 - [MESSAGE][PASSED] - Wait for page load successfully

2019-10-27 08:06:31 - [TEST_STEP][PASSED] - Thread.sleep(3000): null

2019-10-27 08:06:34 - [TEST_STEP][PASSED] - callTestCase(findTestCase("mobileWeb/_include/get_screenshot"), [:], STOP_ON_FAILURE): Call Test Case 'Test Cases/mobileWeb/_include/get_screenshot' successfully

2019-10-27 08:06:34 - [TEST_CASE][PASSED] - Test Cases/mobileWeb/_include/get_screenshot: Test Cases/mobileWeb/_include/get_screenshot

2019-10-27 08:06:34 - [TEST_STEP][PASSED] - takeScreenshot(screenPath + i + ".png"): Taking screenshot successfully

2019-10-27 08:06:35 - [MESSAGE][PASSED] - Taking screenshot successfully
[[ATTACHMENT|D:\\Test\\AgileTest\\Reports\\mobileWeb\\hbi\\20191027_080033\\../Screenshots/iPhone 6/hbi/Agile Secure/20191027_080622/2.png]]

2019-10-27 08:06:35 - [TEST_STEP][PASSED] - (internal.GlobalVariable.i++): null

2019-10-27 08:06:35 - [MESSAGE][PASSED] - Call Test Case 'Test Cases/mobileWeb/_include/get_screenshot' successfully

2019-10-27 08:06:35 - [TEST_STEP][PASSED] - setText(findTestObject("mobileSanity/HBI/census/input_Location_zip-input"), zipcode): Text '08701' is set on object 'Object Repository/mobileSanity/HBI/census/input_Location_zip-input'

2019-10-27 08:06:35 - [MESSAGE][PASSED] - Text '08701' is set on object 'Object Repository/mobileSanity/HBI/census/input_Location_zip-input'

2019-10-27 08:06:35 - [TEST_STEP][PASSED] - Thread.sleep(500): null

2019-10-27 08:06:35 - [TEST_STEP][PASSED] - setText(findTestObject("mobileSanity/HBI/census/input_Date of Birth_dob-0"), "12121980"): Text '12121980' is set on object 'Object Repository/mobileSanity/HBI/census/input_Date of Birth_dob-0'

2019-10-27 08:06:35 - [MESSAGE][PASSED] - Text '12121980' is set on object 'Object Repository/mobileSanity/HBI/census/input_Date of Birth_dob-0'

2019-10-27 08:06:35 - [TEST_STEP][PASSED] - click(findTestObject("mobileSanity/HBI/census/label_Male")): Object: 'Object Repository/mobileSanity/HBI/census/label_Male' is clicked on

2019-10-27 08:06:36 - [MESSAGE][PASSED] - Object: 'Object Repository/mobileSanity/HBI/census/label_Male' is clicked on

2019-10-27 08:06:36 - [TEST_STEP][PASSED] - click(findTestObject("mobileSanity/HBI/census/label_Get a Quote")): Object: 'Object Repository/mobileSanity/HBI/census/label_Get a Quote' is clicked on

2019-10-27 08:06:36 - [MESSAGE][PASSED] - Object: 'Object Repository/mobileSanity/HBI/census/label_Get a Quote' is clicked on

2019-10-27 08:06:36 - [TEST_STEP][PASSED] - waitForPageLoad(20): Wait for page load successfully

2019-10-27 08:06:36 - [MESSAGE][PASSED] - Wait for page load successfully

2019-10-27 08:06:36 - [TEST_STEP][PASSED] - Thread.sleep(3000): null

2019-10-27 08:06:39 - [TEST_STEP][PASSED] - callTestCase(findTestCase("mobileWeb/_include/get_screenshot"), [:], STOP_ON_FAILURE): Call Test Case 'Test Cases/mobileWeb/_include/get_screenshot' successfully

2019-10-27 08:06:39 - [TEST_CASE][PASSED] - Test Cases/mobileWeb/_include/get_screenshot: Test Cases/mobileWeb/_include/get_screenshot

2019-10-27 08:06:39 - [TEST_STEP][PASSED] - takeScreenshot(screenPath + i + ".png"): Taking screenshot successfully

2019-10-27 08:06:40 - [MESSAGE][PASSED] - Taking screenshot successfully
[[ATTACHMENT|D:\\Test\\AgileTest\\Reports\\mobileWeb\\hbi\\20191027_080033\\../Screenshots/iPhone 6/hbi/Agile Secure/20191027_080622/3.png]]

2019-10-27 08:06:40 - [TEST_STEP][PASSED] - (internal.GlobalVariable.i++): null

2019-10-27 08:06:40 - [MESSAGE][PASSED] - Call Test Case 'Test Cases/mobileWeb/_include/get_screenshot' successfully

2019-10-27 08:06:40 - [MESSAGE][PASSED] - Call Test Case 'Test Cases/mobileWeb/_include/census_hbi' successfully

2019-10-27 08:06:40 - [TEST_STEP][PASSED] - click(findTestObject("mobileSanity/HBI/detail/a_Apply for This Plan")): Object: 'Object Repository/mobileSanity/HBI/detail/a_Apply for This Plan' is clicked on

2019-10-27 08:06:40 - [MESSAGE][PASSED] - Object: 'Object Repository/mobileSanity/HBI/detail/a_Apply for This Plan' is clicked on

2019-10-27 08:06:40 - [TEST_STEP][PASSED] - waitForPageLoad(20): Wait for page load successfully

2019-10-27 08:06:41 - [MESSAGE][PASSED] - Wait for page load successfully

2019-10-27 08:06:41 - [TEST_STEP][PASSED] - callTestCase(findTestCase("mobileWeb/_include/get_screenshot"), [:], STOP_ON_FAILURE): Call Test Case 'Test Cases/mobileWeb/_include/get_screenshot' successfully

2019-10-27 08:06:41 - [TEST_CASE][PASSED] - Test Cases/mobileWeb/_include/get_screenshot: Test Cases/mobileWeb/_include/get_screenshot

2019-10-27 08:06:41 - [TEST_STEP][PASSED] - takeScreenshot(screenPath + i + ".png"): Taking screenshot successfully

2019-10-27 08:06:41 - [MESSAGE][PASSED] - Taking screenshot successfully
[[ATTACHMENT|D:\\Test\\AgileTest\\Reports\\mobileWeb\\hbi\\20191027_080033\\../Screenshots/iPhone 6/hbi/Agile Secure/20191027_080622/4.png]]

2019-10-27 08:06:41 - [TEST_STEP][PASSED] - (internal.GlobalVariable.i++): null

2019-10-27 08:06:41 - [MESSAGE][PASSED] - Call Test Case 'Test Cases/mobileWeb/_include/get_screenshot' successfully

2019-10-27 08:06:41 - [TEST_STEP][PASSED] - click(findTestObject("mobileSanity/HBI/Page_Apply/span_Start Secure Application")): Object: 'Object Repository/mobileSanity/HBI/Page_Apply/span_Start Secure Application' is clicked on

2019-10-27 08:06:42 - [MESSAGE][PASSED] - Object: 'Object Repository/mobileSanity/HBI/Page_Apply/span_Start Secure Application' is clicked on

2019-10-27 08:06:42 - [TEST_STEP][PASSED] - waitForPageLoad(20): Wait for page load successfully

2019-10-27 08:06:42 - [MESSAGE][PASSED] - Wait for page load successfully

2019-10-27 08:06:42 - [TEST_STEP][PASSED] - Thread.sleep(5000): null

2019-10-27 08:06:47 - [TEST_STEP][PASSED] - callTestCase(findTestCase("mobileWeb/_include/get_screenshot"), [:], STOP_ON_FAILURE): Call Test Case 'Test Cases/mobileWeb/_include/get_screenshot' successfully

2019-10-27 08:06:47 - [TEST_CASE][PASSED] - Test Cases/mobileWeb/_include/get_screenshot: Test Cases/mobileWeb/_include/get_screenshot

2019-10-27 08:06:47 - [TEST_STEP][PASSED] - takeScreenshot(screenPath + i + ".png"): Taking screenshot successfully

2019-10-27 08:06:48 - [MESSAGE][PASSED] - Taking screenshot successfully
[[ATTACHMENT|D:\\Test\\AgileTest\\Reports\\mobileWeb\\hbi\\20191027_080033\\../Screenshots/iPhone 6/hbi/Agile Secure/20191027_080622/5.png]]

2019-10-27 08:06:48 - [TEST_STEP][PASSED] - (internal.GlobalVariable.i++): null

2019-10-27 08:06:48 - [MESSAGE][PASSED] - Call Test Case 'Test Cases/mobileWeb/_include/get_screenshot' successfully

2019-10-27 08:06:48 - [TEST_STEP][PASSED] - callTestCase(findTestCase("mobileWeb/_include/goToEnd_hbi"), ["carrier":"agilesecure"], CONTINUE_ON_FAILURE): Call Test Case 'Test Cases/mobileWeb/_include/goToEnd_hbi' successfully

2019-10-27 08:06:48 - [TEST_CASE][PASSED] - Test Cases/mobileWeb/_include/goToEnd_hbi: Test Cases/mobileWeb/_include/goToEnd_hbi

2019-10-27 08:06:48 - [TEST_STEP][PASSED] - if (state == "ca"): null

2019-10-27 08:06:48 - [TEST_STEP][PASSED] - callTestCase(findTestCase("mobileWeb/_include/name"), [:], CONTINUE_ON_FAILURE): Call Test Case 'Test Cases/mobileWeb/_include/name' successfully

2019-10-27 08:06:48 - [TEST_CASE][PASSED] - Test Cases/mobileWeb/_include/name: Test Cases/mobileWeb/_include/name

2019-10-27 08:06:48 - [TEST_STEP][PASSED] - driver = getWebDriver(): null

2019-10-27 08:06:48 - [TEST_STEP][PASSED] - selenium = new com.thoughtworks.selenium.webdriven.WebDriverBackedSelenium(driver, internal.GlobalVariable.ENV): null

2019-10-27 08:06:48 - [TEST_STEP][PASSED] - FirstName = "Test-123": null

2019-10-27 08:06:48 - [TEST_STEP][PASSED] - LastName = selenium.getEval("{var x="ABCDEFGHIJKLMNOPQRSTUVWXYZabcdefghijklmnopqrstuvwxyz"; var tmp="ZZ11-"; for (i=0;i<8;i++) tmp+=x.charAt(Math.ceil(51*Math.random()));tmp;}"): null

2019-10-27 08:06:48 - [TEST_STEP][PASSED] - Address = selenium.getEval("{var x="ABCDEFGHIJKLMNOPQRSTUVWXYZabcdefghijklmnopqrstuvwxyz"; var tmp=""; for (i=0;i<8;i++) tmp+=x.charAt(Math.ceil(51*Math.random()));tmp;}"): null

2019-10-27 08:06:48 - [TEST_STEP][PASSED] - City = selenium.getEval("{var x="ABCDEFGHIJKLMNOPQRSTUVWXYZabcdefghijklmnopqrstuvwxyz"; var tmp=""; for (i=0;i<8;i++) tmp+=x.charAt(Math.ceil(51*Math.random()));tmp;}"): null

2019-10-27 08:06:48 - [TEST_STEP][PASSED] - tel1 = selenium.getEval("{var x="123456789"; var tmp=""; for (i=0;i<3;i++) tmp+=x.charAt(Math.ceil(8*Math.random()));tmp;}"): null

2019-10-27 08:06:48 - [TEST_STEP][PASSED] - tel2 = selenium.getEval("{var x="123456789"; var tmp=""; for (i=0;i<3;i++) tmp+=x.charAt(Math.ceil(8*Math.random()));tmp;}"): null

2019-10-27 08:06:48 - [TEST_STEP][PASSED] - tel3 = selenium.getEval("{var x="123456789"; var tmp=""; for (i=0;i<4;i++) tmp+=x.charAt(Math.ceil(8*Math.random()));tmp;}"): null

2019-10-27 08:06:48 - [TEST_STEP][PASSED] - Tel = selenium.getExpression(tel1 + "-" + tel2 + "-" + tel3): null

2019-10-27 08:06:48 - [TEST_STEP][PASSED] - AutoEmail = selenium.getEval("{var x="ABCDEFGHIJKLMNOPQRSTUVWXYZabcdefghijklmnopqrstuvwxyz"; var tmp="test."; for (i=0;i<8;i++) tmp+=x.charAt(Math.ceil(51*Math.random()));tmp+="@suryani.cn";}"): null

2019-10-27 08:06:48 - [TEST_STEP][PASSED] - FirstName = FirstName: null

2019-10-27 08:06:48 - [TEST_STEP][PASSED] - LastName = LastName: null

2019-10-27 08:06:48 - [TEST_STEP][PASSED] - Address = Address: null

2019-10-27 08:06:48 - [TEST_STEP][PASSED] - City = City: null

2019-10-27 08:06:48 - [TEST_STEP][PASSED] - Tel = Tel: null

2019-10-27 08:06:48 - [TEST_STEP][PASSED] - AutoEmail = AutoEmail: null

2019-10-27 08:06:48 - [TEST_STEP][PASSED] - println(FirstName): null

2019-10-27 08:06:48 - [TEST_STEP][PASSED] - println(LastName): null

2019-10-27 08:06:48 - [TEST_STEP][PASSED] - println(Address): null

2019-10-27 08:06:48 - [TEST_STEP][PASSED] - println(City): null

2019-10-27 08:06:48 - [TEST_STEP][PASSED] - println(Tel): null

2019-10-27 08:06:48 - [TEST_STEP][PASSED] - println(AutoEmail): null

2019-10-27 08:06:48 - [MESSAGE][PASSED] - Call Test Case 'Test Cases/mobileWeb/_include/name' successfully

2019-10-27 08:06:48 - [TEST_STEP][PASSED] - setText(findTestObject("mobileSanity/HBI/Page_App Page 1/input__member-P-1-firstName"), FirstName): Text 'Test-123' is set on object 'Object Repository/mobileSanity/HBI/Page_App Page 1/input__member-P-1-firstName'

2019-10-27 08:06:48 - [MESSAGE][PASSED] - Text 'Test-123' is set on object 'Object Repository/mobileSanity/HBI/Page_App Page 1/input__member-P-1-firstName'

2019-10-27 08:06:48 - [TEST_STEP][PASSED] - setText(findTestObject("mobileSanity/HBI/Page_App Page 1/input__member-P-1-lastName"), LastName): Text 'ZZ11-EfjoSlkq' is set on object 'Object Repository/mobileSanity/HBI/Page_App Page 1/input__member-P-1-lastName'

2019-10-27 08:06:48 - [MESSAGE][PASSED] - Text 'ZZ11-EfjoSlkq' is set on object 'Object Repository/mobileSanity/HBI/Page_App Page 1/input__member-P-1-lastName'

2019-10-27 08:06:48 - [TEST_STEP][PASSED] - if (carrier == "agileone" || carrier == "agilesecure"): Text 'test6' is set on object 'Object Repository/mobileSanity/HBI/Page_App Page 1/input__contingent-beneficiary-relationship'

2019-10-27 08:06:48 - [TEST_STEP][PASSED] - setText(findTestObject("mobileSanity/HBI/Page_App Page 1/input__primary-beneficiary-fir"), "test1"): Text 'test1' is set on object 'Object Repository/mobileSanity/HBI/Page_App Page 1/input__primary-beneficiary-fir'

2019-10-27 08:06:48 - [MESSAGE][PASSED] - Text 'test1' is set on object 'Object Repository/mobileSanity/HBI/Page_App Page 1/input__primary-beneficiary-fir'

2019-10-27 08:06:48 - [TEST_STEP][PASSED] - setText(findTestObject("mobileSanity/HBI/Page_App Page 1/input__primary-beneficiary-las"), "test2"): Text 'test2' is set on object 'Object Repository/mobileSanity/HBI/Page_App Page 1/input__primary-beneficiary-las'

2019-10-27 08:06:48 - [MESSAGE][PASSED] - Text 'test2' is set on object 'Object Repository/mobileSanity/HBI/Page_App Page 1/input__primary-beneficiary-las'

2019-10-27 08:06:48 - [TEST_STEP][PASSED] - setText(findTestObject("mobileSanity/HBI/Page_App Page 1/input__primary-beneficiary-rel"), "test3"): Text 'test3' is set on object 'Object Repository/mobileSanity/HBI/Page_App Page 1/input__primary-beneficiary-rel'

2019-10-27 08:06:49 - [MESSAGE][PASSED] - Text 'test3' is set on object 'Object Repository/mobileSanity/HBI/Page_App Page 1/input__primary-beneficiary-rel'

2019-10-27 08:06:49 - [TEST_STEP][PASSED] - setText(findTestObject("mobileSanity/HBI/Page_App Page 1/input__contingent-beneficiary-"), "test4"): Text 'test4' is set on object 'Object Repository/mobileSanity/HBI/Page_App Page 1/input__contingent-beneficiary-'

2019-10-27 08:06:49 - [MESSAGE][PASSED] - Text 'test4' is set on object 'Object Repository/mobileSanity/HBI/Page_App Page 1/input__contingent-beneficiary-'

2019-10-27 08:06:49 - [TEST_STEP][PASSED] - setText(findTestObject("mobileSanity/HBI/Page_App Page 1/input__contingent-beneficiary-_lastname"), "test5"): Text 'test5' is set on object 'Object Repository/mobileSanity/HBI/Page_App Page 1/input__contingent-beneficiary-_lastname'

2019-10-27 08:06:49 - [MESSAGE][PASSED] - Text 'test5' is set on object 'Object Repository/mobileSanity/HBI/Page_App Page 1/input__contingent-beneficiary-_lastname'

2019-10-27 08:06:49 - [TEST_STEP][PASSED] - setText(findTestObject("mobileSanity/HBI/Page_App Page 1/input__contingent-beneficiary-relationship"), "test6"): Text 'test6' is set on object 'Object Repository/mobileSanity/HBI/Page_App Page 1/input__contingent-beneficiary-relationship'

2019-10-27 08:06:49 - [MESSAGE][PASSED] - Text 'test6' is set on object 'Object Repository/mobileSanity/HBI/Page_App Page 1/input__contingent-beneficiary-relationship'

2019-10-27 08:06:49 - [TEST_STEP][PASSED] - setText(findTestObject("mobileSanity/HBI/Page_App Page 1/input__address"), Address): Text 'dRTbEeUy' is set on object 'Object Repository/mobileSanity/HBI/Page_App Page 1/input__address'

2019-10-27 08:06:49 - [MESSAGE][PASSED] - Text 'dRTbEeUy' is set on object 'Object Repository/mobileSanity/HBI/Page_App Page 1/input__address'

2019-10-27 08:06:49 - [TEST_STEP][PASSED] - setText(findTestObject("mobileSanity/HBI/Page_App Page 1/input__city"), City): Text 'eYBndKny' is set on object 'Object Repository/mobileSanity/HBI/Page_App Page 1/input__city'

2019-10-27 08:06:49 - [MESSAGE][PASSED] - Text 'eYBndKny' is set on object 'Object Repository/mobileSanity/HBI/Page_App Page 1/input__city'

2019-10-27 08:06:49 - [TEST_STEP][PASSED] - setText(findTestObject("mobileSanity/HBI/Page_App Page 1/input__email"), AutoEmail): Text 'test.nTWgTFbg@suryani.cn' is set on object 'Object Repository/mobileSanity/HBI/Page_App Page 1/input__email'

2019-10-27 08:06:49 - [MESSAGE][PASSED] - Text 'test.nTWgTFbg@suryani.cn' is set on object 'Object Repository/mobileSanity/HBI/Page_App Page 1/input__email'

2019-10-27 08:06:49 - [TEST_STEP][PASSED] - setText(findTestObject("mobileSanity/HBI/Page_App Page 1/input_tel"), Tel): Text '926-742-7384' is set on object 'Object Repository/mobileSanity/HBI/Page_App Page 1/input_tel'

2019-10-27 08:06:49 - [MESSAGE][PASSED] - Text '926-742-7384' is set on object 'Object Repository/mobileSanity/HBI/Page_App Page 1/input_tel'

2019-10-27 08:06:49 - [TEST_STEP][PASSED] - click(findTestObject("mobileSanity/HBI/Page_App Page 1/a_Continue to Step 2 - Payment")): Object: 'Object Repository/mobileSanity/HBI/Page_App Page 1/a_Continue to Step 2 - Payment' is clicked on

2019-10-27 08:06:50 - [MESSAGE][PASSED] - Object: 'Object Repository/mobileSanity/HBI/Page_App Page 1/a_Continue to Step 2 - Payment' is clicked on

2019-10-27 08:06:50 - [TEST_STEP][PASSED] - waitForPageLoad(20): Wait for page load successfully

2019-10-27 08:06:50 - [MESSAGE][PASSED] - Wait for page load successfully

2019-10-27 08:06:50 - [TEST_STEP][PASSED] - Thread.sleep(2000): null

2019-10-27 08:06:52 - [TEST_STEP][PASSED] - waitForElementVisible(findTestObject("mobileSanity/HBI/Page_App Page 2/input__credit-card-first"), 20): Object 'Object Repository/mobileSanity/HBI/Page_App Page 2/input__credit-card-first' is visible

2019-10-27 08:06:52 - [MESSAGE][PASSED] - Object 'Object Repository/mobileSanity/HBI/Page_App Page 2/input__credit-card-first' is visible

2019-10-27 08:06:52 - [TEST_STEP][PASSED] - callTestCase(findTestCase("mobileWeb/_include/get_screenshot"), [:], STOP_ON_FAILURE): Call Test Case 'Test Cases/mobileWeb/_include/get_screenshot' successfully

2019-10-27 08:06:52 - [TEST_CASE][PASSED] - Test Cases/mobileWeb/_include/get_screenshot: Test Cases/mobileWeb/_include/get_screenshot

2019-10-27 08:06:52 - [TEST_STEP][PASSED] - takeScreenshot(screenPath + i + ".png"): Taking screenshot successfully

2019-10-27 08:06:52 - [MESSAGE][PASSED] - Taking screenshot successfully
[[ATTACHMENT|D:\\Test\\AgileTest\\Reports\\mobileWeb\\hbi\\20191027_080033\\../Screenshots/iPhone 6/hbi/Agile Secure/20191027_080622/6.png]]

2019-10-27 08:06:52 - [TEST_STEP][PASSED] - (internal.GlobalVariable.i++): null

2019-10-27 08:06:52 - [MESSAGE][PASSED] - Call Test Case 'Test Cases/mobileWeb/_include/get_screenshot' successfully

2019-10-27 08:06:52 - [TEST_STEP][PASSED] - setText(findTestObject("mobileSanity/HBI/Page_App Page 2/input__credit-card-first"), FirstName): Text 'Test-123' is set on object 'Object Repository/mobileSanity/HBI/Page_App Page 2/input__credit-card-first'

2019-10-27 08:06:52 - [MESSAGE][PASSED] - Text 'Test-123' is set on object 'Object Repository/mobileSanity/HBI/Page_App Page 2/input__credit-card-first'

2019-10-27 08:06:52 - [TEST_STEP][PASSED] - setText(findTestObject("mobileSanity/HBI/Page_App Page 2/input__credit-card-last"), LastName): Text 'ZZ11-EfjoSlkq' is set on object 'Object Repository/mobileSanity/HBI/Page_App Page 2/input__credit-card-last'

2019-10-27 08:06:52 - [MESSAGE][PASSED] - Text 'ZZ11-EfjoSlkq' is set on object 'Object Repository/mobileSanity/HBI/Page_App Page 2/input__credit-card-last'

2019-10-27 08:06:52 - [TEST_STEP][PASSED] - selectOptionByValue(findTestObject("mobileSanity/HBI/Page_App Page 2/select_MM010203040506070809101"), "12", true): All options with value '12' are selected in object 'Object Repository/mobileSanity/HBI/Page_App Page 2/select_MM010203040506070809101'  using regular expression

2019-10-27 08:06:53 - [MESSAGE][PASSED] - All options with value '12' are selected in object 'Object Repository/mobileSanity/HBI/Page_App Page 2/select_MM010203040506070809101'  using regular expression

2019-10-27 08:06:53 - [TEST_STEP][PASSED] - selectOptionByValue(findTestObject("mobileSanity/HBI/Page_App Page 2/select_YYYY2019202020212022202"), "2026", true): All options with value '2026' are selected in object 'Object Repository/mobileSanity/HBI/Page_App Page 2/select_YYYY2019202020212022202'  using regular expression

2019-10-27 08:06:53 - [MESSAGE][PASSED] - All options with value '2026' are selected in object 'Object Repository/mobileSanity/HBI/Page_App Page 2/select_YYYY2019202020212022202'  using regular expression

2019-10-27 08:06:53 - [TEST_STEP][PASSED] - setText(findTestObject("mobileSanity/HBI/Page_App Page 2/input__credit-card-number"), "4111111111111111"): Text '4111111111111111' is set on object 'Object Repository/mobileSanity/HBI/Page_App Page 2/input__credit-card-number'

2019-10-27 08:06:53 - [MESSAGE][PASSED] - Text '4111111111111111' is set on object 'Object Repository/mobileSanity/HBI/Page_App Page 2/input__credit-card-number'

2019-10-27 08:06:53 - [TEST_STEP][PASSED] - setText(findTestObject("mobileSanity/HBI/Page_App Page 2/input__cvv"), "123"): Text '123' is set on object 'Object Repository/mobileSanity/HBI/Page_App Page 2/input__cvv'

2019-10-27 08:06:53 - [MESSAGE][PASSED] - Text '123' is set on object 'Object Repository/mobileSanity/HBI/Page_App Page 2/input__cvv'

2019-10-27 08:06:53 - [TEST_STEP][PASSED] - click(findTestObject("mobileSanity/HBI/Page_App Page 2/label_My billing address is th")): Object: 'Object Repository/mobileSanity/HBI/Page_App Page 2/label_My billing address is th' is clicked on

2019-10-27 08:06:53 - [MESSAGE][PASSED] - Object: 'Object Repository/mobileSanity/HBI/Page_App Page 2/label_My billing address is th' is clicked on

2019-10-27 08:06:53 - [TEST_STEP][PASSED] - click(findTestObject("mobileSanity/HBI/Page_App Page 2/label_I Accept Authorization f")): Object: 'Object Repository/mobileSanity/HBI/Page_App Page 2/label_I Accept Authorization f' is clicked on

2019-10-27 08:06:53 - [MESSAGE][PASSED] - Object: 'Object Repository/mobileSanity/HBI/Page_App Page 2/label_I Accept Authorization f' is clicked on

2019-10-27 08:06:53 - [TEST_STEP][PASSED] - click(findTestObject("mobileSanity/HBI/Page_App Page 2/a_Continue to Step 3 - Review")): Object: 'Object Repository/mobileSanity/HBI/Page_App Page 2/a_Continue to Step 3 - Review' is clicked on

2019-10-27 08:06:54 - [MESSAGE][PASSED] - Object: 'Object Repository/mobileSanity/HBI/Page_App Page 2/a_Continue to Step 3 - Review' is clicked on

2019-10-27 08:06:54 - [TEST_STEP][PASSED] - waitForPageLoad(20): Wait for page load successfully

2019-10-27 08:06:54 - [MESSAGE][PASSED] - Wait for page load successfully

2019-10-27 08:06:54 - [TEST_STEP][PASSED] - Thread.sleep(10000): null

2019-10-27 08:07:04 - [TEST_STEP][PASSED] - waitForElementPresent(findTestObject("mobileSanity/HBI/Page_App Page 3/label"), 20): Object 'Object Repository/mobileSanity/HBI/Page_App Page 3/label' is present

2019-10-27 08:07:04 - [MESSAGE][PASSED] - Object 'Object Repository/mobileSanity/HBI/Page_App Page 3/label' is present

2019-10-27 08:07:04 - [TEST_STEP][PASSED] - callTestCase(findTestCase("mobileWeb/_include/get_screenshot"), [:], STOP_ON_FAILURE): Call Test Case 'Test Cases/mobileWeb/_include/get_screenshot' successfully

2019-10-27 08:07:04 - [TEST_CASE][PASSED] - Test Cases/mobileWeb/_include/get_screenshot: Test Cases/mobileWeb/_include/get_screenshot

2019-10-27 08:07:04 - [TEST_STEP][PASSED] - takeScreenshot(screenPath + i + ".png"): Taking screenshot successfully

2019-10-27 08:07:05 - [MESSAGE][PASSED] - Taking screenshot successfully
[[ATTACHMENT|D:\\Test\\AgileTest\\Reports\\mobileWeb\\hbi\\20191027_080033\\../Screenshots/iPhone 6/hbi/Agile Secure/20191027_080622/7.png]]

2019-10-27 08:07:05 - [TEST_STEP][PASSED] - (internal.GlobalVariable.i++): null

2019-10-27 08:07:05 - [MESSAGE][PASSED] - Call Test Case 'Test Cases/mobileWeb/_include/get_screenshot' successfully

2019-10-27 08:07:05 - [TEST_STEP][PASSED] - click(findTestObject("mobileSanity/HBI/Page_App Page 3/label")): Object: 'Object Repository/mobileSanity/HBI/Page_App Page 3/label' is clicked on

2019-10-27 08:07:05 - [MESSAGE][PASSED] - Object: 'Object Repository/mobileSanity/HBI/Page_App Page 3/label' is clicked on

2019-10-27 08:07:05 - [TEST_STEP][PASSED] - click(findTestObject("mobileSanity/HBI/Page_App Page 3/p_CLICK TO SIGN")): Object: 'Object Repository/mobileSanity/HBI/Page_App Page 3/p_CLICK TO SIGN' is clicked on

2019-10-27 08:07:05 - [MESSAGE][PASSED] - Object: 'Object Repository/mobileSanity/HBI/Page_App Page 3/p_CLICK TO SIGN' is clicked on

2019-10-27 08:07:05 - [TEST_STEP][PASSED] - click(findTestObject("mobileSanity/HBI/Page_App Page 3/a_Submit Your Application")): Object: 'Object Repository/mobileSanity/HBI/Page_App Page 3/a_Submit Your Application' is clicked on

2019-10-27 08:07:05 - [MESSAGE][PASSED] - Object: 'Object Repository/mobileSanity/HBI/Page_App Page 3/a_Submit Your Application' is clicked on

2019-10-27 08:07:05 - [TEST_STEP][PASSED] - Thread.sleep(30000): null

2019-10-27 08:07:35 - [TEST_STEP][PASSED] - callTestCase(findTestCase("mobileWeb/_include/get_screenshot"), [:], STOP_ON_FAILURE): Call Test Case 'Test Cases/mobileWeb/_include/get_screenshot' successfully

2019-10-27 08:07:35 - [TEST_CASE][PASSED] - Test Cases/mobileWeb/_include/get_screenshot: Test Cases/mobileWeb/_include/get_screenshot

2019-10-27 08:07:35 - [TEST_STEP][PASSED] - takeScreenshot(screenPath + i + ".png"): Taking screenshot successfully

2019-10-27 08:07:35 - [MESSAGE][PASSED] - Taking screenshot successfully
[[ATTACHMENT|D:\\Test\\AgileTest\\Reports\\mobileWeb\\hbi\\20191027_080033\\../Screenshots/iPhone 6/hbi/Agile Secure/20191027_080622/8.png]]

2019-10-27 08:07:35 - [TEST_STEP][PASSED] - (internal.GlobalVariable.i++): null

2019-10-27 08:07:35 - [MESSAGE][PASSED] - Call Test Case 'Test Cases/mobileWeb/_include/get_screenshot' successfully

2019-10-27 08:07:35 - [TEST_STEP][PASSED] - verifyTextPresent("Congratulations", false): Text 'Congratulations' is present on page 

2019-10-27 08:07:35 - [MESSAGE][PASSED] - Text 'Congratulations' is present on page 

2019-10-27 08:07:35 - [MESSAGE][PASSED] - Call Test Case 'Test Cases/mobileWeb/_include/goToEnd_hbi' successfully]]></system-out>
         <system-err><![CDATA[]]></system-err>
      </testcase>
      <testcase name="Test Cases/mobileWeb/HBI/Fixed Cash Benefit" classname="Test Cases/mobileWeb/HBI/Fixed Cash Benefit" status="PASSED">
         <system-out><![CDATA[2019-10-27 08:07:35 - [TEST_CASE][PASSED] - Test Cases/mobileWeb/HBI/Fixed Cash Benefit: Test Cases/mobileWeb/HBI/Fixed Cash Benefit

2019-10-27 08:07:36 - [TEST_STEP][PASSED] - callTestCase(findTestCase("mobileWeb/_include/get_screenPath"), ["productLine":"hbi", "carrierName":"Fixed Cash Benefit"], CONTINUE_ON_FAILURE): Call Test Case 'Test Cases/mobileWeb/_include/get_screenPath' successfully

2019-10-27 08:07:36 - [TEST_CASE][PASSED] - Test Cases/mobileWeb/_include/get_screenPath: Test Cases/mobileWeb/_include/get_screenPath

2019-10-27 08:07:36 - [TEST_STEP][PASSED] - m = getExecutionProperties(): null

2019-10-27 08:07:36 - [TEST_STEP][PASSED] - deviceName = get("mobileEmulation").get("deviceName"): null

2019-10-27 08:07:36 - [TEST_STEP][PASSED] - println(deviceName): null

2019-10-27 08:07:36 - [TEST_STEP][PASSED] - now = new java.util.Date(): null

2019-10-27 08:07:36 - [TEST_STEP][PASSED] - mydate = now.format("yyyyMMdd_HHmmss"): null

2019-10-27 08:07:36 - [TEST_STEP][PASSED] - screenPath = "../Screenshots/": null

2019-10-27 08:07:36 - [TEST_STEP][PASSED] - screenPath = screenPath + deviceName + "/" + productLine + "/" + carrierName + "/" + mydate + "/": null

2019-10-27 08:07:36 - [TEST_STEP][PASSED] - println(screenPath): null

2019-10-27 08:07:36 - [MESSAGE][PASSED] - Call Test Case 'Test Cases/mobileWeb/_include/get_screenPath' successfully

2019-10-27 08:07:36 - [TEST_STEP][PASSED] - i = 0: null

2019-10-27 08:07:36 - [TEST_STEP][PASSED] - callTestCase(findTestCase("mobileWeb/_include/openWebSite"), [:], CONTINUE_ON_FAILURE): Call Test Case 'Test Cases/mobileWeb/_include/openWebSite' successfully

2019-10-27 08:07:36 - [TEST_CASE][PASSED] - Test Cases/mobileWeb/_include/openWebSite: Test Cases/mobileWeb/_include/openWebSite

2019-10-27 08:07:36 - [TEST_STEP][PASSED] - openBrowser(env): Browser is opened with url: 'https://praetemptatus.agilehealthinsurance.com'

2019-10-27 08:07:36 - [MESSAGE][WARNING] - A browser is already opened. Closing browser and opening a new one

2019-10-27 08:07:36 - [MESSAGE][INFO] - Starting 'Chrome' driver

2019-10-27 08:07:36 - [MESSAGE][INFO] - User set preference: ['mobileEmulation', '{deviceName=iPhone 6}']

2019-10-27 08:07:36 - [MESSAGE][INFO] - User set preference: ['args', '[--incognito, --aggressive-cache-discard, --window-size=375,677, --no-sandbox]']

2019-10-27 08:07:38 - [MESSAGE][PASSED] - Browser is opened with url: 'https://praetemptatus.agilehealthinsurance.com'

2019-10-27 08:07:38 - [TEST_STEP][PASSED] - waitForPageLoad(20): Wait for page load successfully

2019-10-27 08:07:38 - [MESSAGE][PASSED] - Wait for page load successfully

2019-10-27 08:07:38 - [TEST_STEP][PASSED] - Thread.sleep(2000): null

2019-10-27 08:07:40 - [TEST_STEP][PASSED] - callTestCase(findTestCase("mobileWeb/_include/get_screenshot"), [:], STOP_ON_FAILURE): Call Test Case 'Test Cases/mobileWeb/_include/get_screenshot' successfully

2019-10-27 08:07:40 - [TEST_CASE][PASSED] - Test Cases/mobileWeb/_include/get_screenshot: Test Cases/mobileWeb/_include/get_screenshot

2019-10-27 08:07:40 - [TEST_STEP][PASSED] - takeScreenshot(screenPath + i + ".png"): Taking screenshot successfully

2019-10-27 08:07:41 - [MESSAGE][PASSED] - Taking screenshot successfully
[[ATTACHMENT|D:\\Test\\AgileTest\\Reports\\mobileWeb\\hbi\\20191027_080033\\../Screenshots/iPhone 6/hbi/Fixed Cash Benefit/20191027_080736/0.png]]

2019-10-27 08:07:41 - [TEST_STEP][PASSED] - (internal.GlobalVariable.i++): null

2019-10-27 08:07:41 - [MESSAGE][PASSED] - Call Test Case 'Test Cases/mobileWeb/_include/get_screenshot' successfully

2019-10-27 08:07:41 - [MESSAGE][PASSED] - Call Test Case 'Test Cases/mobileWeb/_include/openWebSite' successfully

2019-10-27 08:07:41 - [TEST_STEP][PASSED] - callTestCase(findTestCase("mobileWeb/_include/census_hbi"), ["zipcode":"85364"], CONTINUE_ON_FAILURE): Call Test Case 'Test Cases/mobileWeb/_include/census_hbi' successfully

2019-10-27 08:07:41 - [TEST_CASE][PASSED] - Test Cases/mobileWeb/_include/census_hbi: Test Cases/mobileWeb/_include/census_hbi

2019-10-27 08:07:41 - [TEST_STEP][PASSED] - click(findTestObject("mobileSanity/Common/side_nav/menu")): Object: 'Object Repository/mobileSanity/Common/side_nav/menu' is clicked on

2019-10-27 08:07:41 - [MESSAGE][PASSED] - Object: 'Object Repository/mobileSanity/Common/side_nav/menu' is clicked on

2019-10-27 08:07:41 - [TEST_STEP][PASSED] - Thread.sleep(3000): null

2019-10-27 08:07:44 - [TEST_STEP][PASSED] - callTestCase(findTestCase("mobileWeb/_include/get_screenshot"), [:], STOP_ON_FAILURE): Call Test Case 'Test Cases/mobileWeb/_include/get_screenshot' successfully

2019-10-27 08:07:44 - [TEST_CASE][PASSED] - Test Cases/mobileWeb/_include/get_screenshot: Test Cases/mobileWeb/_include/get_screenshot

2019-10-27 08:07:44 - [TEST_STEP][PASSED] - takeScreenshot(screenPath + i + ".png"): Taking screenshot successfully

2019-10-27 08:07:45 - [MESSAGE][PASSED] - Taking screenshot successfully
[[ATTACHMENT|D:\\Test\\AgileTest\\Reports\\mobileWeb\\hbi\\20191027_080033\\../Screenshots/iPhone 6/hbi/Fixed Cash Benefit/20191027_080736/1.png]]

2019-10-27 08:07:45 - [TEST_STEP][PASSED] - (internal.GlobalVariable.i++): null

2019-10-27 08:07:45 - [MESSAGE][PASSED] - Call Test Case 'Test Cases/mobileWeb/_include/get_screenshot' successfully

2019-10-27 08:07:45 - [TEST_STEP][PASSED] - click(findTestObject("mobileSanity/Common/side_nav/nav_hbi")): Object: 'Object Repository/mobileSanity/Common/side_nav/nav_hbi' is clicked on

2019-10-27 08:07:45 - [MESSAGE][PASSED] - Object: 'Object Repository/mobileSanity/Common/side_nav/nav_hbi' is clicked on

2019-10-27 08:07:45 - [TEST_STEP][PASSED] - waitForPageLoad(10): Wait for page load successfully

2019-10-27 08:07:46 - [MESSAGE][PASSED] - Wait for page load successfully

2019-10-27 08:07:46 - [TEST_STEP][PASSED] - Thread.sleep(3000): null

2019-10-27 08:07:49 - [TEST_STEP][PASSED] - callTestCase(findTestCase("mobileWeb/_include/get_screenshot"), [:], STOP_ON_FAILURE): Call Test Case 'Test Cases/mobileWeb/_include/get_screenshot' successfully

2019-10-27 08:07:49 - [TEST_CASE][PASSED] - Test Cases/mobileWeb/_include/get_screenshot: Test Cases/mobileWeb/_include/get_screenshot

2019-10-27 08:07:49 - [TEST_STEP][PASSED] - takeScreenshot(screenPath + i + ".png"): Taking screenshot successfully

2019-10-27 08:07:49 - [MESSAGE][PASSED] - Taking screenshot successfully
[[ATTACHMENT|D:\\Test\\AgileTest\\Reports\\mobileWeb\\hbi\\20191027_080033\\../Screenshots/iPhone 6/hbi/Fixed Cash Benefit/20191027_080736/2.png]]

2019-10-27 08:07:49 - [TEST_STEP][PASSED] - (internal.GlobalVariable.i++): null

2019-10-27 08:07:49 - [MESSAGE][PASSED] - Call Test Case 'Test Cases/mobileWeb/_include/get_screenshot' successfully

2019-10-27 08:07:49 - [TEST_STEP][PASSED] - setText(findTestObject("mobileSanity/HBI/census/input_Location_zip-input"), zipcode): Text '85364' is set on object 'Object Repository/mobileSanity/HBI/census/input_Location_zip-input'

2019-10-27 08:07:49 - [MESSAGE][PASSED] - Text '85364' is set on object 'Object Repository/mobileSanity/HBI/census/input_Location_zip-input'

2019-10-27 08:07:49 - [TEST_STEP][PASSED] - Thread.sleep(500): null

2019-10-27 08:07:50 - [TEST_STEP][PASSED] - setText(findTestObject("mobileSanity/HBI/census/input_Date of Birth_dob-0"), "12121980"): Text '12121980' is set on object 'Object Repository/mobileSanity/HBI/census/input_Date of Birth_dob-0'

2019-10-27 08:07:50 - [MESSAGE][PASSED] - Text '12121980' is set on object 'Object Repository/mobileSanity/HBI/census/input_Date of Birth_dob-0'

2019-10-27 08:07:50 - [TEST_STEP][PASSED] - click(findTestObject("mobileSanity/HBI/census/label_Male")): Object: 'Object Repository/mobileSanity/HBI/census/label_Male' is clicked on

2019-10-27 08:07:50 - [MESSAGE][PASSED] - Object: 'Object Repository/mobileSanity/HBI/census/label_Male' is clicked on

2019-10-27 08:07:50 - [TEST_STEP][PASSED] - click(findTestObject("mobileSanity/HBI/census/label_Get a Quote")): Object: 'Object Repository/mobileSanity/HBI/census/label_Get a Quote' is clicked on

2019-10-27 08:07:52 - [MESSAGE][PASSED] - Object: 'Object Repository/mobileSanity/HBI/census/label_Get a Quote' is clicked on

2019-10-27 08:07:52 - [TEST_STEP][PASSED] - waitForPageLoad(20): Wait for page load successfully

2019-10-27 08:07:52 - [MESSAGE][PASSED] - Wait for page load successfully

2019-10-27 08:07:52 - [TEST_STEP][PASSED] - Thread.sleep(3000): null

2019-10-27 08:07:55 - [TEST_STEP][PASSED] - callTestCase(findTestCase("mobileWeb/_include/get_screenshot"), [:], STOP_ON_FAILURE): Call Test Case 'Test Cases/mobileWeb/_include/get_screenshot' successfully

2019-10-27 08:07:55 - [TEST_CASE][PASSED] - Test Cases/mobileWeb/_include/get_screenshot: Test Cases/mobileWeb/_include/get_screenshot

2019-10-27 08:07:55 - [TEST_STEP][PASSED] - takeScreenshot(screenPath + i + ".png"): Taking screenshot successfully

2019-10-27 08:07:56 - [MESSAGE][PASSED] - Taking screenshot successfully
[[ATTACHMENT|D:\\Test\\AgileTest\\Reports\\mobileWeb\\hbi\\20191027_080033\\../Screenshots/iPhone 6/hbi/Fixed Cash Benefit/20191027_080736/3.png]]

2019-10-27 08:07:56 - [TEST_STEP][PASSED] - (internal.GlobalVariable.i++): null

2019-10-27 08:07:56 - [MESSAGE][PASSED] - Call Test Case 'Test Cases/mobileWeb/_include/get_screenshot' successfully

2019-10-27 08:07:56 - [MESSAGE][PASSED] - Call Test Case 'Test Cases/mobileWeb/_include/census_hbi' successfully

2019-10-27 08:07:56 - [TEST_STEP][PASSED] - Thread.sleep(5000): null

2019-10-27 08:08:01 - [TEST_STEP][PASSED] - scrollToPosition(200, 2300): Browser is scrolled to position x = 200, y = 2300

2019-10-27 08:08:01 - [MESSAGE][PASSED] - Browser is scrolled to position x = 200, y = 2300

2019-10-27 08:08:01 - [TEST_STEP][PASSED] - click(findTestObject("mobileSanity/HBI/quote/a_Fixed Cash Benefit")): Object: 'Object Repository/mobileSanity/HBI/quote/a_Fixed Cash Benefit' is clicked on

2019-10-27 08:08:02 - [MESSAGE][PASSED] - Object: 'Object Repository/mobileSanity/HBI/quote/a_Fixed Cash Benefit' is clicked on

2019-10-27 08:08:02 - [TEST_STEP][PASSED] - waitForPageLoad(20): Wait for page load successfully

2019-10-27 08:08:03 - [MESSAGE][PASSED] - Wait for page load successfully

2019-10-27 08:08:03 - [TEST_STEP][PASSED] - callTestCase(findTestCase("mobileWeb/_include/get_screenshot"), [:], STOP_ON_FAILURE): Call Test Case 'Test Cases/mobileWeb/_include/get_screenshot' successfully

2019-10-27 08:08:03 - [TEST_CASE][PASSED] - Test Cases/mobileWeb/_include/get_screenshot: Test Cases/mobileWeb/_include/get_screenshot

2019-10-27 08:08:03 - [TEST_STEP][PASSED] - takeScreenshot(screenPath + i + ".png"): Taking screenshot successfully

2019-10-27 08:08:03 - [MESSAGE][PASSED] - Taking screenshot successfully
[[ATTACHMENT|D:\\Test\\AgileTest\\Reports\\mobileWeb\\hbi\\20191027_080033\\../Screenshots/iPhone 6/hbi/Fixed Cash Benefit/20191027_080736/4.png]]

2019-10-27 08:08:03 - [TEST_STEP][PASSED] - (internal.GlobalVariable.i++): null

2019-10-27 08:08:03 - [MESSAGE][PASSED] - Call Test Case 'Test Cases/mobileWeb/_include/get_screenshot' successfully

2019-10-27 08:08:03 - [TEST_STEP][PASSED] - click(findTestObject("mobileSanity/HBI/detail/a_Apply for This Plan")): Object: 'Object Repository/mobileSanity/HBI/detail/a_Apply for This Plan' is clicked on

2019-10-27 08:08:03 - [MESSAGE][PASSED] - Object: 'Object Repository/mobileSanity/HBI/detail/a_Apply for This Plan' is clicked on

2019-10-27 08:08:03 - [TEST_STEP][PASSED] - waitForPageLoad(20): Wait for page load successfully

2019-10-27 08:08:04 - [MESSAGE][PASSED] - Wait for page load successfully

2019-10-27 08:08:04 - [TEST_STEP][PASSED] - callTestCase(findTestCase("mobileWeb/_include/get_screenshot"), [:], STOP_ON_FAILURE): Call Test Case 'Test Cases/mobileWeb/_include/get_screenshot' successfully

2019-10-27 08:08:04 - [TEST_CASE][PASSED] - Test Cases/mobileWeb/_include/get_screenshot: Test Cases/mobileWeb/_include/get_screenshot

2019-10-27 08:08:04 - [TEST_STEP][PASSED] - takeScreenshot(screenPath + i + ".png"): Taking screenshot successfully

2019-10-27 08:08:04 - [MESSAGE][PASSED] - Taking screenshot successfully
[[ATTACHMENT|D:\\Test\\AgileTest\\Reports\\mobileWeb\\hbi\\20191027_080033\\../Screenshots/iPhone 6/hbi/Fixed Cash Benefit/20191027_080736/5.png]]

2019-10-27 08:08:04 - [TEST_STEP][PASSED] - (internal.GlobalVariable.i++): null

2019-10-27 08:08:04 - [MESSAGE][PASSED] - Call Test Case 'Test Cases/mobileWeb/_include/get_screenshot' successfully

2019-10-27 08:08:04 - [TEST_STEP][PASSED] - click(findTestObject("mobileSanity/HBI/Page_Apply/span_Start Secure Application")): Object: 'Object Repository/mobileSanity/HBI/Page_Apply/span_Start Secure Application' is clicked on

2019-10-27 08:08:05 - [MESSAGE][PASSED] - Object: 'Object Repository/mobileSanity/HBI/Page_Apply/span_Start Secure Application' is clicked on

2019-10-27 08:08:05 - [TEST_STEP][PASSED] - waitForPageLoad(20): Wait for page load successfully

2019-10-27 08:08:05 - [MESSAGE][PASSED] - Wait for page load successfully

2019-10-27 08:08:05 - [TEST_STEP][PASSED] - Thread.sleep(5000): null

2019-10-27 08:08:10 - [TEST_STEP][PASSED] - callTestCase(findTestCase("mobileWeb/_include/get_screenshot"), [:], STOP_ON_FAILURE): Call Test Case 'Test Cases/mobileWeb/_include/get_screenshot' successfully

2019-10-27 08:08:10 - [TEST_CASE][PASSED] - Test Cases/mobileWeb/_include/get_screenshot: Test Cases/mobileWeb/_include/get_screenshot

2019-10-27 08:08:10 - [TEST_STEP][PASSED] - takeScreenshot(screenPath + i + ".png"): Taking screenshot successfully

2019-10-27 08:08:11 - [MESSAGE][PASSED] - Taking screenshot successfully
[[ATTACHMENT|D:\\Test\\AgileTest\\Reports\\mobileWeb\\hbi\\20191027_080033\\../Screenshots/iPhone 6/hbi/Fixed Cash Benefit/20191027_080736/6.png]]

2019-10-27 08:08:11 - [TEST_STEP][PASSED] - (internal.GlobalVariable.i++): null

2019-10-27 08:08:11 - [MESSAGE][PASSED] - Call Test Case 'Test Cases/mobileWeb/_include/get_screenshot' successfully

2019-10-27 08:08:11 - [TEST_STEP][PASSED] - callTestCase(findTestCase("mobileWeb/_include/goToEnd_hbi"), ["carrier":"FixedCashBenefit"], CONTINUE_ON_FAILURE): Call Test Case 'Test Cases/mobileWeb/_include/goToEnd_hbi' successfully

2019-10-27 08:08:11 - [TEST_CASE][PASSED] - Test Cases/mobileWeb/_include/goToEnd_hbi: Test Cases/mobileWeb/_include/goToEnd_hbi

2019-10-27 08:08:11 - [TEST_STEP][PASSED] - if (state == "ca"): null

2019-10-27 08:08:11 - [TEST_STEP][PASSED] - callTestCase(findTestCase("mobileWeb/_include/name"), [:], CONTINUE_ON_FAILURE): Call Test Case 'Test Cases/mobileWeb/_include/name' successfully

2019-10-27 08:08:11 - [TEST_CASE][PASSED] - Test Cases/mobileWeb/_include/name: Test Cases/mobileWeb/_include/name

2019-10-27 08:08:11 - [TEST_STEP][PASSED] - driver = getWebDriver(): null

2019-10-27 08:08:11 - [TEST_STEP][PASSED] - selenium = new com.thoughtworks.selenium.webdriven.WebDriverBackedSelenium(driver, internal.GlobalVariable.ENV): null

2019-10-27 08:08:11 - [TEST_STEP][PASSED] - FirstName = "Test-123": null

2019-10-27 08:08:11 - [TEST_STEP][PASSED] - LastName = selenium.getEval("{var x="ABCDEFGHIJKLMNOPQRSTUVWXYZabcdefghijklmnopqrstuvwxyz"; var tmp="ZZ11-"; for (i=0;i<8;i++) tmp+=x.charAt(Math.ceil(51*Math.random()));tmp;}"): null

2019-10-27 08:08:11 - [TEST_STEP][PASSED] - Address = selenium.getEval("{var x="ABCDEFGHIJKLMNOPQRSTUVWXYZabcdefghijklmnopqrstuvwxyz"; var tmp=""; for (i=0;i<8;i++) tmp+=x.charAt(Math.ceil(51*Math.random()));tmp;}"): null

2019-10-27 08:08:11 - [TEST_STEP][PASSED] - City = selenium.getEval("{var x="ABCDEFGHIJKLMNOPQRSTUVWXYZabcdefghijklmnopqrstuvwxyz"; var tmp=""; for (i=0;i<8;i++) tmp+=x.charAt(Math.ceil(51*Math.random()));tmp;}"): null

2019-10-27 08:08:11 - [TEST_STEP][PASSED] - tel1 = selenium.getEval("{var x="123456789"; var tmp=""; for (i=0;i<3;i++) tmp+=x.charAt(Math.ceil(8*Math.random()));tmp;}"): null

2019-10-27 08:08:11 - [TEST_STEP][PASSED] - tel2 = selenium.getEval("{var x="123456789"; var tmp=""; for (i=0;i<3;i++) tmp+=x.charAt(Math.ceil(8*Math.random()));tmp;}"): null

2019-10-27 08:08:11 - [TEST_STEP][PASSED] - tel3 = selenium.getEval("{var x="123456789"; var tmp=""; for (i=0;i<4;i++) tmp+=x.charAt(Math.ceil(8*Math.random()));tmp;}"): null

2019-10-27 08:08:11 - [TEST_STEP][PASSED] - Tel = selenium.getExpression(tel1 + "-" + tel2 + "-" + tel3): null

2019-10-27 08:08:11 - [TEST_STEP][PASSED] - AutoEmail = selenium.getEval("{var x="ABCDEFGHIJKLMNOPQRSTUVWXYZabcdefghijklmnopqrstuvwxyz"; var tmp="test."; for (i=0;i<8;i++) tmp+=x.charAt(Math.ceil(51*Math.random()));tmp+="@suryani.cn";}"): null

2019-10-27 08:08:11 - [TEST_STEP][PASSED] - FirstName = FirstName: null

2019-10-27 08:08:11 - [TEST_STEP][PASSED] - LastName = LastName: null

2019-10-27 08:08:11 - [TEST_STEP][PASSED] - Address = Address: null

2019-10-27 08:08:11 - [TEST_STEP][PASSED] - City = City: null

2019-10-27 08:08:11 - [TEST_STEP][PASSED] - Tel = Tel: null

2019-10-27 08:08:11 - [TEST_STEP][PASSED] - AutoEmail = AutoEmail: null

2019-10-27 08:08:11 - [TEST_STEP][PASSED] - println(FirstName): null

2019-10-27 08:08:11 - [TEST_STEP][PASSED] - println(LastName): null

2019-10-27 08:08:11 - [TEST_STEP][PASSED] - println(Address): null

2019-10-27 08:08:11 - [TEST_STEP][PASSED] - println(City): null

2019-10-27 08:08:11 - [TEST_STEP][PASSED] - println(Tel): null

2019-10-27 08:08:11 - [TEST_STEP][PASSED] - println(AutoEmail): null

2019-10-27 08:08:11 - [MESSAGE][PASSED] - Call Test Case 'Test Cases/mobileWeb/_include/name' successfully

2019-10-27 08:08:11 - [TEST_STEP][PASSED] - setText(findTestObject("mobileSanity/HBI/Page_App Page 1/input__member-P-1-firstName"), FirstName): Text 'Test-123' is set on object 'Object Repository/mobileSanity/HBI/Page_App Page 1/input__member-P-1-firstName'

2019-10-27 08:08:11 - [MESSAGE][PASSED] - Text 'Test-123' is set on object 'Object Repository/mobileSanity/HBI/Page_App Page 1/input__member-P-1-firstName'

2019-10-27 08:08:11 - [TEST_STEP][PASSED] - setText(findTestObject("mobileSanity/HBI/Page_App Page 1/input__member-P-1-lastName"), LastName): Text 'ZZ11-ffDqQxzZ' is set on object 'Object Repository/mobileSanity/HBI/Page_App Page 1/input__member-P-1-lastName'

2019-10-27 08:08:11 - [MESSAGE][PASSED] - Text 'ZZ11-ffDqQxzZ' is set on object 'Object Repository/mobileSanity/HBI/Page_App Page 1/input__member-P-1-lastName'

2019-10-27 08:08:11 - [TEST_STEP][PASSED] - if (carrier == "agileone" || carrier == "agilesecure"): null

2019-10-27 08:08:11 - [TEST_STEP][PASSED] - setText(findTestObject("mobileSanity/HBI/Page_App Page 1/input__address"), Address): Text 'JSSWGxBB' is set on object 'Object Repository/mobileSanity/HBI/Page_App Page 1/input__address'

2019-10-27 08:08:12 - [MESSAGE][PASSED] - Text 'JSSWGxBB' is set on object 'Object Repository/mobileSanity/HBI/Page_App Page 1/input__address'

2019-10-27 08:08:12 - [TEST_STEP][PASSED] - setText(findTestObject("mobileSanity/HBI/Page_App Page 1/input__city"), City): Text 'cUgVnwwR' is set on object 'Object Repository/mobileSanity/HBI/Page_App Page 1/input__city'

2019-10-27 08:08:12 - [MESSAGE][PASSED] - Text 'cUgVnwwR' is set on object 'Object Repository/mobileSanity/HBI/Page_App Page 1/input__city'

2019-10-27 08:08:12 - [TEST_STEP][PASSED] - setText(findTestObject("mobileSanity/HBI/Page_App Page 1/input__email"), AutoEmail): Text 'test.TVDfCjfK@suryani.cn' is set on object 'Object Repository/mobileSanity/HBI/Page_App Page 1/input__email'

2019-10-27 08:08:12 - [MESSAGE][PASSED] - Text 'test.TVDfCjfK@suryani.cn' is set on object 'Object Repository/mobileSanity/HBI/Page_App Page 1/input__email'

2019-10-27 08:08:12 - [TEST_STEP][PASSED] - setText(findTestObject("mobileSanity/HBI/Page_App Page 1/input_tel"), Tel): Text '758-923-9949' is set on object 'Object Repository/mobileSanity/HBI/Page_App Page 1/input_tel'

2019-10-27 08:08:12 - [MESSAGE][PASSED] - Text '758-923-9949' is set on object 'Object Repository/mobileSanity/HBI/Page_App Page 1/input_tel'

2019-10-27 08:08:12 - [TEST_STEP][PASSED] - click(findTestObject("mobileSanity/HBI/Page_App Page 1/a_Continue to Step 2 - Payment")): Object: 'Object Repository/mobileSanity/HBI/Page_App Page 1/a_Continue to Step 2 - Payment' is clicked on

2019-10-27 08:08:13 - [MESSAGE][PASSED] - Object: 'Object Repository/mobileSanity/HBI/Page_App Page 1/a_Continue to Step 2 - Payment' is clicked on

2019-10-27 08:08:13 - [TEST_STEP][PASSED] - waitForPageLoad(20): Wait for page load successfully

2019-10-27 08:08:13 - [MESSAGE][PASSED] - Wait for page load successfully

2019-10-27 08:08:13 - [TEST_STEP][PASSED] - Thread.sleep(2000): null

2019-10-27 08:08:15 - [TEST_STEP][PASSED] - waitForElementVisible(findTestObject("mobileSanity/HBI/Page_App Page 2/input__credit-card-first"), 20): Object 'Object Repository/mobileSanity/HBI/Page_App Page 2/input__credit-card-first' is visible

2019-10-27 08:08:15 - [MESSAGE][PASSED] - Object 'Object Repository/mobileSanity/HBI/Page_App Page 2/input__credit-card-first' is visible

2019-10-27 08:08:15 - [TEST_STEP][PASSED] - callTestCase(findTestCase("mobileWeb/_include/get_screenshot"), [:], STOP_ON_FAILURE): Call Test Case 'Test Cases/mobileWeb/_include/get_screenshot' successfully

2019-10-27 08:08:15 - [TEST_CASE][PASSED] - Test Cases/mobileWeb/_include/get_screenshot: Test Cases/mobileWeb/_include/get_screenshot

2019-10-27 08:08:15 - [TEST_STEP][PASSED] - takeScreenshot(screenPath + i + ".png"): Taking screenshot successfully

2019-10-27 08:08:15 - [MESSAGE][PASSED] - Taking screenshot successfully
[[ATTACHMENT|D:\\Test\\AgileTest\\Reports\\mobileWeb\\hbi\\20191027_080033\\../Screenshots/iPhone 6/hbi/Fixed Cash Benefit/20191027_080736/7.png]]

2019-10-27 08:08:15 - [TEST_STEP][PASSED] - (internal.GlobalVariable.i++): null

2019-10-27 08:08:15 - [MESSAGE][PASSED] - Call Test Case 'Test Cases/mobileWeb/_include/get_screenshot' successfully

2019-10-27 08:08:15 - [TEST_STEP][PASSED] - setText(findTestObject("mobileSanity/HBI/Page_App Page 2/input__credit-card-first"), FirstName): Text 'Test-123' is set on object 'Object Repository/mobileSanity/HBI/Page_App Page 2/input__credit-card-first'

2019-10-27 08:08:15 - [MESSAGE][PASSED] - Text 'Test-123' is set on object 'Object Repository/mobileSanity/HBI/Page_App Page 2/input__credit-card-first'

2019-10-27 08:08:15 - [TEST_STEP][PASSED] - setText(findTestObject("mobileSanity/HBI/Page_App Page 2/input__credit-card-last"), LastName): Text 'ZZ11-ffDqQxzZ' is set on object 'Object Repository/mobileSanity/HBI/Page_App Page 2/input__credit-card-last'

2019-10-27 08:08:15 - [MESSAGE][PASSED] - Text 'ZZ11-ffDqQxzZ' is set on object 'Object Repository/mobileSanity/HBI/Page_App Page 2/input__credit-card-last'

2019-10-27 08:08:15 - [TEST_STEP][PASSED] - selectOptionByValue(findTestObject("mobileSanity/HBI/Page_App Page 2/select_MM010203040506070809101"), "12", true): All options with value '12' are selected in object 'Object Repository/mobileSanity/HBI/Page_App Page 2/select_MM010203040506070809101'  using regular expression

2019-10-27 08:08:16 - [MESSAGE][PASSED] - All options with value '12' are selected in object 'Object Repository/mobileSanity/HBI/Page_App Page 2/select_MM010203040506070809101'  using regular expression

2019-10-27 08:08:16 - [TEST_STEP][PASSED] - selectOptionByValue(findTestObject("mobileSanity/HBI/Page_App Page 2/select_YYYY2019202020212022202"), "2026", true): All options with value '2026' are selected in object 'Object Repository/mobileSanity/HBI/Page_App Page 2/select_YYYY2019202020212022202'  using regular expression

2019-10-27 08:08:16 - [MESSAGE][PASSED] - All options with value '2026' are selected in object 'Object Repository/mobileSanity/HBI/Page_App Page 2/select_YYYY2019202020212022202'  using regular expression

2019-10-27 08:08:16 - [TEST_STEP][PASSED] - setText(findTestObject("mobileSanity/HBI/Page_App Page 2/input__credit-card-number"), "4111111111111111"): Text '4111111111111111' is set on object 'Object Repository/mobileSanity/HBI/Page_App Page 2/input__credit-card-number'

2019-10-27 08:08:16 - [MESSAGE][PASSED] - Text '4111111111111111' is set on object 'Object Repository/mobileSanity/HBI/Page_App Page 2/input__credit-card-number'

2019-10-27 08:08:16 - [TEST_STEP][PASSED] - setText(findTestObject("mobileSanity/HBI/Page_App Page 2/input__cvv"), "123"): Text '123' is set on object 'Object Repository/mobileSanity/HBI/Page_App Page 2/input__cvv'

2019-10-27 08:08:16 - [MESSAGE][PASSED] - Text '123' is set on object 'Object Repository/mobileSanity/HBI/Page_App Page 2/input__cvv'

2019-10-27 08:08:16 - [TEST_STEP][PASSED] - click(findTestObject("mobileSanity/HBI/Page_App Page 2/label_My billing address is th")): Object: 'Object Repository/mobileSanity/HBI/Page_App Page 2/label_My billing address is th' is clicked on

2019-10-27 08:08:16 - [MESSAGE][PASSED] - Object: 'Object Repository/mobileSanity/HBI/Page_App Page 2/label_My billing address is th' is clicked on

2019-10-27 08:08:16 - [TEST_STEP][PASSED] - click(findTestObject("mobileSanity/HBI/Page_App Page 2/label_I Accept Authorization f")): Object: 'Object Repository/mobileSanity/HBI/Page_App Page 2/label_I Accept Authorization f' is clicked on

2019-10-27 08:08:16 - [MESSAGE][PASSED] - Object: 'Object Repository/mobileSanity/HBI/Page_App Page 2/label_I Accept Authorization f' is clicked on

2019-10-27 08:08:16 - [TEST_STEP][PASSED] - click(findTestObject("mobileSanity/HBI/Page_App Page 2/a_Continue to Step 3 - Review")): Object: 'Object Repository/mobileSanity/HBI/Page_App Page 2/a_Continue to Step 3 - Review' is clicked on

2019-10-27 08:08:16 - [MESSAGE][PASSED] - Object: 'Object Repository/mobileSanity/HBI/Page_App Page 2/a_Continue to Step 3 - Review' is clicked on

2019-10-27 08:08:16 - [TEST_STEP][PASSED] - waitForPageLoad(20): Wait for page load successfully

2019-10-27 08:08:16 - [MESSAGE][PASSED] - Wait for page load successfully

2019-10-27 08:08:16 - [TEST_STEP][PASSED] - Thread.sleep(10000): null

2019-10-27 08:08:26 - [TEST_STEP][PASSED] - waitForElementPresent(findTestObject("mobileSanity/HBI/Page_App Page 3/label"), 20): Object 'Object Repository/mobileSanity/HBI/Page_App Page 3/label' is present

2019-10-27 08:08:27 - [MESSAGE][PASSED] - Object 'Object Repository/mobileSanity/HBI/Page_App Page 3/label' is present

2019-10-27 08:08:27 - [TEST_STEP][PASSED] - callTestCase(findTestCase("mobileWeb/_include/get_screenshot"), [:], STOP_ON_FAILURE): Call Test Case 'Test Cases/mobileWeb/_include/get_screenshot' successfully

2019-10-27 08:08:27 - [TEST_CASE][PASSED] - Test Cases/mobileWeb/_include/get_screenshot: Test Cases/mobileWeb/_include/get_screenshot

2019-10-27 08:08:27 - [TEST_STEP][PASSED] - takeScreenshot(screenPath + i + ".png"): Taking screenshot successfully

2019-10-27 08:08:27 - [MESSAGE][PASSED] - Taking screenshot successfully
[[ATTACHMENT|D:\\Test\\AgileTest\\Reports\\mobileWeb\\hbi\\20191027_080033\\../Screenshots/iPhone 6/hbi/Fixed Cash Benefit/20191027_080736/8.png]]

2019-10-27 08:08:27 - [TEST_STEP][PASSED] - (internal.GlobalVariable.i++): null

2019-10-27 08:08:27 - [MESSAGE][PASSED] - Call Test Case 'Test Cases/mobileWeb/_include/get_screenshot' successfully

2019-10-27 08:08:27 - [TEST_STEP][PASSED] - click(findTestObject("mobileSanity/HBI/Page_App Page 3/label")): Object: 'Object Repository/mobileSanity/HBI/Page_App Page 3/label' is clicked on

2019-10-27 08:08:28 - [MESSAGE][PASSED] - Object: 'Object Repository/mobileSanity/HBI/Page_App Page 3/label' is clicked on

2019-10-27 08:08:28 - [TEST_STEP][PASSED] - click(findTestObject("mobileSanity/HBI/Page_App Page 3/p_CLICK TO SIGN")): Object: 'Object Repository/mobileSanity/HBI/Page_App Page 3/p_CLICK TO SIGN' is clicked on

2019-10-27 08:08:28 - [MESSAGE][PASSED] - Object: 'Object Repository/mobileSanity/HBI/Page_App Page 3/p_CLICK TO SIGN' is clicked on

2019-10-27 08:08:28 - [TEST_STEP][PASSED] - click(findTestObject("mobileSanity/HBI/Page_App Page 3/a_Submit Your Application")): Object: 'Object Repository/mobileSanity/HBI/Page_App Page 3/a_Submit Your Application' is clicked on

2019-10-27 08:08:28 - [MESSAGE][PASSED] - Object: 'Object Repository/mobileSanity/HBI/Page_App Page 3/a_Submit Your Application' is clicked on

2019-10-27 08:08:28 - [TEST_STEP][PASSED] - Thread.sleep(30000): null

2019-10-27 08:08:58 - [TEST_STEP][PASSED] - callTestCase(findTestCase("mobileWeb/_include/get_screenshot"), [:], STOP_ON_FAILURE): Call Test Case 'Test Cases/mobileWeb/_include/get_screenshot' successfully

2019-10-27 08:08:58 - [TEST_CASE][PASSED] - Test Cases/mobileWeb/_include/get_screenshot: Test Cases/mobileWeb/_include/get_screenshot

2019-10-27 08:08:58 - [TEST_STEP][PASSED] - takeScreenshot(screenPath + i + ".png"): Taking screenshot successfully

2019-10-27 08:08:58 - [MESSAGE][PASSED] - Taking screenshot successfully
[[ATTACHMENT|D:\\Test\\AgileTest\\Reports\\mobileWeb\\hbi\\20191027_080033\\../Screenshots/iPhone 6/hbi/Fixed Cash Benefit/20191027_080736/9.png]]

2019-10-27 08:08:58 - [TEST_STEP][PASSED] - (internal.GlobalVariable.i++): null

2019-10-27 08:08:58 - [MESSAGE][PASSED] - Call Test Case 'Test Cases/mobileWeb/_include/get_screenshot' successfully

2019-10-27 08:08:58 - [TEST_STEP][PASSED] - verifyTextPresent("Congratulations", false): Text 'Congratulations' is present on page 

2019-10-27 08:08:58 - [MESSAGE][PASSED] - Text 'Congratulations' is present on page 

2019-10-27 08:08:58 - [MESSAGE][PASSED] - Call Test Case 'Test Cases/mobileWeb/_include/goToEnd_hbi' successfully]]></system-out>
         <system-err><![CDATA[]]></system-err>
      </testcase>
      <testcase name="Test Cases/mobileWeb/HBI/Health Choice" classname="Test Cases/mobileWeb/HBI/Health Choice" status="PASSED">
         <system-out><![CDATA[2019-10-27 08:08:58 - [TEST_CASE][PASSED] - Test Cases/mobileWeb/HBI/Health Choice: Test Cases/mobileWeb/HBI/Health Choice

2019-10-27 08:08:58 - [TEST_STEP][PASSED] - callTestCase(findTestCase("mobileWeb/_include/get_screenPath"), ["productLine":"hbi", "carrierName":"Health Choice"], CONTINUE_ON_FAILURE): Call Test Case 'Test Cases/mobileWeb/_include/get_screenPath' successfully

2019-10-27 08:08:58 - [TEST_CASE][PASSED] - Test Cases/mobileWeb/_include/get_screenPath: Test Cases/mobileWeb/_include/get_screenPath

2019-10-27 08:08:58 - [TEST_STEP][PASSED] - m = getExecutionProperties(): null

2019-10-27 08:08:58 - [TEST_STEP][PASSED] - deviceName = get("mobileEmulation").get("deviceName"): null

2019-10-27 08:08:58 - [TEST_STEP][PASSED] - println(deviceName): null

2019-10-27 08:08:58 - [TEST_STEP][PASSED] - now = new java.util.Date(): null

2019-10-27 08:08:58 - [TEST_STEP][PASSED] - mydate = now.format("yyyyMMdd_HHmmss"): null

2019-10-27 08:08:58 - [TEST_STEP][PASSED] - screenPath = "../Screenshots/": null

2019-10-27 08:08:58 - [TEST_STEP][PASSED] - screenPath = screenPath + deviceName + "/" + productLine + "/" + carrierName + "/" + mydate + "/": null

2019-10-27 08:08:58 - [TEST_STEP][PASSED] - println(screenPath): null

2019-10-27 08:08:58 - [MESSAGE][PASSED] - Call Test Case 'Test Cases/mobileWeb/_include/get_screenPath' successfully

2019-10-27 08:08:58 - [TEST_STEP][PASSED] - i = 0: null

2019-10-27 08:08:58 - [TEST_STEP][PASSED] - callTestCase(findTestCase("mobileWeb/_include/openWebSite"), [:], CONTINUE_ON_FAILURE): Call Test Case 'Test Cases/mobileWeb/_include/openWebSite' successfully

2019-10-27 08:08:59 - [TEST_CASE][PASSED] - Test Cases/mobileWeb/_include/openWebSite: Test Cases/mobileWeb/_include/openWebSite

2019-10-27 08:08:59 - [TEST_STEP][PASSED] - openBrowser(env): Browser is opened with url: 'https://praetemptatus.agilehealthinsurance.com'

2019-10-27 08:08:59 - [MESSAGE][WARNING] - A browser is already opened. Closing browser and opening a new one

2019-10-27 08:08:59 - [MESSAGE][INFO] - Starting 'Chrome' driver

2019-10-27 08:08:59 - [MESSAGE][INFO] - User set preference: ['mobileEmulation', '{deviceName=iPhone 6}']

2019-10-27 08:08:59 - [MESSAGE][INFO] - User set preference: ['args', '[--incognito, --aggressive-cache-discard, --window-size=375,677, --no-sandbox]']

2019-10-27 08:09:01 - [MESSAGE][PASSED] - Browser is opened with url: 'https://praetemptatus.agilehealthinsurance.com'

2019-10-27 08:09:01 - [TEST_STEP][PASSED] - waitForPageLoad(20): Wait for page load successfully

2019-10-27 08:09:01 - [MESSAGE][PASSED] - Wait for page load successfully

2019-10-27 08:09:01 - [TEST_STEP][PASSED] - Thread.sleep(2000): null

2019-10-27 08:09:03 - [TEST_STEP][PASSED] - callTestCase(findTestCase("mobileWeb/_include/get_screenshot"), [:], STOP_ON_FAILURE): Call Test Case 'Test Cases/mobileWeb/_include/get_screenshot' successfully

2019-10-27 08:09:03 - [TEST_CASE][PASSED] - Test Cases/mobileWeb/_include/get_screenshot: Test Cases/mobileWeb/_include/get_screenshot

2019-10-27 08:09:03 - [TEST_STEP][PASSED] - takeScreenshot(screenPath + i + ".png"): Taking screenshot successfully

2019-10-27 08:09:04 - [MESSAGE][PASSED] - Taking screenshot successfully
[[ATTACHMENT|D:\\Test\\AgileTest\\Reports\\mobileWeb\\hbi\\20191027_080033\\../Screenshots/iPhone 6/hbi/Health Choice/20191027_080858/0.png]]

2019-10-27 08:09:04 - [TEST_STEP][PASSED] - (internal.GlobalVariable.i++): null

2019-10-27 08:09:04 - [MESSAGE][PASSED] - Call Test Case 'Test Cases/mobileWeb/_include/get_screenshot' successfully

2019-10-27 08:09:04 - [MESSAGE][PASSED] - Call Test Case 'Test Cases/mobileWeb/_include/openWebSite' successfully

2019-10-27 08:09:04 - [TEST_STEP][PASSED] - callTestCase(findTestCase("mobileWeb/_include/census_hbi"), [:], CONTINUE_ON_FAILURE): Call Test Case 'Test Cases/mobileWeb/_include/census_hbi' successfully

2019-10-27 08:09:04 - [TEST_CASE][PASSED] - Test Cases/mobileWeb/_include/census_hbi: Test Cases/mobileWeb/_include/census_hbi

2019-10-27 08:09:04 - [TEST_STEP][PASSED] - click(findTestObject("mobileSanity/Common/side_nav/menu")): Object: 'Object Repository/mobileSanity/Common/side_nav/menu' is clicked on

2019-10-27 08:09:04 - [MESSAGE][PASSED] - Object: 'Object Repository/mobileSanity/Common/side_nav/menu' is clicked on

2019-10-27 08:09:04 - [TEST_STEP][PASSED] - Thread.sleep(3000): null

2019-10-27 08:09:07 - [TEST_STEP][PASSED] - callTestCase(findTestCase("mobileWeb/_include/get_screenshot"), [:], STOP_ON_FAILURE): Call Test Case 'Test Cases/mobileWeb/_include/get_screenshot' successfully

2019-10-27 08:09:07 - [TEST_CASE][PASSED] - Test Cases/mobileWeb/_include/get_screenshot: Test Cases/mobileWeb/_include/get_screenshot

2019-10-27 08:09:07 - [TEST_STEP][PASSED] - takeScreenshot(screenPath + i + ".png"): Taking screenshot successfully

2019-10-27 08:09:07 - [MESSAGE][PASSED] - Taking screenshot successfully
[[ATTACHMENT|D:\\Test\\AgileTest\\Reports\\mobileWeb\\hbi\\20191027_080033\\../Screenshots/iPhone 6/hbi/Health Choice/20191027_080858/1.png]]

2019-10-27 08:09:07 - [TEST_STEP][PASSED] - (internal.GlobalVariable.i++): null

2019-10-27 08:09:07 - [MESSAGE][PASSED] - Call Test Case 'Test Cases/mobileWeb/_include/get_screenshot' successfully

2019-10-27 08:09:07 - [TEST_STEP][PASSED] - click(findTestObject("mobileSanity/Common/side_nav/nav_hbi")): Object: 'Object Repository/mobileSanity/Common/side_nav/nav_hbi' is clicked on

2019-10-27 08:09:08 - [MESSAGE][PASSED] - Object: 'Object Repository/mobileSanity/Common/side_nav/nav_hbi' is clicked on

2019-10-27 08:09:08 - [TEST_STEP][PASSED] - waitForPageLoad(10): Wait for page load successfully

2019-10-27 08:09:08 - [MESSAGE][PASSED] - Wait for page load successfully

2019-10-27 08:09:08 - [TEST_STEP][PASSED] - Thread.sleep(3000): null

2019-10-27 08:09:11 - [TEST_STEP][PASSED] - callTestCase(findTestCase("mobileWeb/_include/get_screenshot"), [:], STOP_ON_FAILURE): Call Test Case 'Test Cases/mobileWeb/_include/get_screenshot' successfully

2019-10-27 08:09:11 - [TEST_CASE][PASSED] - Test Cases/mobileWeb/_include/get_screenshot: Test Cases/mobileWeb/_include/get_screenshot

2019-10-27 08:09:11 - [TEST_STEP][PASSED] - takeScreenshot(screenPath + i + ".png"): Taking screenshot successfully

2019-10-27 08:09:12 - [MESSAGE][PASSED] - Taking screenshot successfully
[[ATTACHMENT|D:\\Test\\AgileTest\\Reports\\mobileWeb\\hbi\\20191027_080033\\../Screenshots/iPhone 6/hbi/Health Choice/20191027_080858/2.png]]

2019-10-27 08:09:12 - [TEST_STEP][PASSED] - (internal.GlobalVariable.i++): null

2019-10-27 08:09:12 - [MESSAGE][PASSED] - Call Test Case 'Test Cases/mobileWeb/_include/get_screenshot' successfully

2019-10-27 08:09:12 - [TEST_STEP][PASSED] - setText(findTestObject("mobileSanity/HBI/census/input_Location_zip-input"), zipcode): Text '35215' is set on object 'Object Repository/mobileSanity/HBI/census/input_Location_zip-input'

2019-10-27 08:09:12 - [MESSAGE][PASSED] - Text '35215' is set on object 'Object Repository/mobileSanity/HBI/census/input_Location_zip-input'

2019-10-27 08:09:12 - [TEST_STEP][PASSED] - Thread.sleep(500): null

2019-10-27 08:09:12 - [TEST_STEP][PASSED] - setText(findTestObject("mobileSanity/HBI/census/input_Date of Birth_dob-0"), "12121980"): Text '12121980' is set on object 'Object Repository/mobileSanity/HBI/census/input_Date of Birth_dob-0'

2019-10-27 08:09:13 - [MESSAGE][PASSED] - Text '12121980' is set on object 'Object Repository/mobileSanity/HBI/census/input_Date of Birth_dob-0'

2019-10-27 08:09:13 - [TEST_STEP][PASSED] - click(findTestObject("mobileSanity/HBI/census/label_Male")): Object: 'Object Repository/mobileSanity/HBI/census/label_Male' is clicked on

2019-10-27 08:09:13 - [MESSAGE][PASSED] - Object: 'Object Repository/mobileSanity/HBI/census/label_Male' is clicked on

2019-10-27 08:09:13 - [TEST_STEP][PASSED] - click(findTestObject("mobileSanity/HBI/census/label_Get a Quote")): Object: 'Object Repository/mobileSanity/HBI/census/label_Get a Quote' is clicked on

2019-10-27 08:09:14 - [MESSAGE][PASSED] - Object: 'Object Repository/mobileSanity/HBI/census/label_Get a Quote' is clicked on

2019-10-27 08:09:14 - [TEST_STEP][PASSED] - waitForPageLoad(20): Wait for page load successfully

2019-10-27 08:09:14 - [MESSAGE][PASSED] - Wait for page load successfully

2019-10-27 08:09:14 - [TEST_STEP][PASSED] - Thread.sleep(3000): null

2019-10-27 08:09:17 - [TEST_STEP][PASSED] - callTestCase(findTestCase("mobileWeb/_include/get_screenshot"), [:], STOP_ON_FAILURE): Call Test Case 'Test Cases/mobileWeb/_include/get_screenshot' successfully

2019-10-27 08:09:17 - [TEST_CASE][PASSED] - Test Cases/mobileWeb/_include/get_screenshot: Test Cases/mobileWeb/_include/get_screenshot

2019-10-27 08:09:17 - [TEST_STEP][PASSED] - takeScreenshot(screenPath + i + ".png"): Taking screenshot successfully

2019-10-27 08:09:18 - [MESSAGE][PASSED] - Taking screenshot successfully
[[ATTACHMENT|D:\\Test\\AgileTest\\Reports\\mobileWeb\\hbi\\20191027_080033\\../Screenshots/iPhone 6/hbi/Health Choice/20191027_080858/3.png]]

2019-10-27 08:09:18 - [TEST_STEP][PASSED] - (internal.GlobalVariable.i++): null

2019-10-27 08:09:18 - [MESSAGE][PASSED] - Call Test Case 'Test Cases/mobileWeb/_include/get_screenshot' successfully

2019-10-27 08:09:18 - [MESSAGE][PASSED] - Call Test Case 'Test Cases/mobileWeb/_include/census_hbi' successfully

2019-10-27 08:09:18 - [TEST_STEP][PASSED] - Thread.sleep(5000): null

2019-10-27 08:09:23 - [TEST_STEP][PASSED] - scrollToPosition(200, 2300): Browser is scrolled to position x = 200, y = 2300

2019-10-27 08:09:23 - [MESSAGE][PASSED] - Browser is scrolled to position x = 200, y = 2300

2019-10-27 08:09:23 - [TEST_STEP][PASSED] - click(findTestObject("mobileSanity/HBI/quote/a_Health Choice")): Object: 'Object Repository/mobileSanity/HBI/quote/a_Health Choice' is clicked on

2019-10-27 08:09:24 - [MESSAGE][PASSED] - Object: 'Object Repository/mobileSanity/HBI/quote/a_Health Choice' is clicked on

2019-10-27 08:09:24 - [TEST_STEP][PASSED] - waitForPageLoad(20): Wait for page load successfully

2019-10-27 08:09:24 - [MESSAGE][PASSED] - Wait for page load successfully

2019-10-27 08:09:24 - [TEST_STEP][PASSED] - callTestCase(findTestCase("mobileWeb/_include/get_screenshot"), [:], STOP_ON_FAILURE): Call Test Case 'Test Cases/mobileWeb/_include/get_screenshot' successfully

2019-10-27 08:09:24 - [TEST_CASE][PASSED] - Test Cases/mobileWeb/_include/get_screenshot: Test Cases/mobileWeb/_include/get_screenshot

2019-10-27 08:09:24 - [TEST_STEP][PASSED] - takeScreenshot(screenPath + i + ".png"): Taking screenshot successfully

2019-10-27 08:09:25 - [MESSAGE][PASSED] - Taking screenshot successfully
[[ATTACHMENT|D:\\Test\\AgileTest\\Reports\\mobileWeb\\hbi\\20191027_080033\\../Screenshots/iPhone 6/hbi/Health Choice/20191027_080858/4.png]]

2019-10-27 08:09:25 - [TEST_STEP][PASSED] - (internal.GlobalVariable.i++): null

2019-10-27 08:09:25 - [MESSAGE][PASSED] - Call Test Case 'Test Cases/mobileWeb/_include/get_screenshot' successfully

2019-10-27 08:09:25 - [TEST_STEP][PASSED] - click(findTestObject("mobileSanity/HBI/detail/a_Apply for This Plan")): Object: 'Object Repository/mobileSanity/HBI/detail/a_Apply for This Plan' is clicked on

2019-10-27 08:09:25 - [MESSAGE][PASSED] - Object: 'Object Repository/mobileSanity/HBI/detail/a_Apply for This Plan' is clicked on

2019-10-27 08:09:25 - [TEST_STEP][PASSED] - waitForPageLoad(20): Wait for page load successfully

2019-10-27 08:09:25 - [MESSAGE][PASSED] - Wait for page load successfully

2019-10-27 08:09:25 - [TEST_STEP][PASSED] - callTestCase(findTestCase("mobileWeb/_include/get_screenshot"), [:], STOP_ON_FAILURE): Call Test Case 'Test Cases/mobileWeb/_include/get_screenshot' successfully

2019-10-27 08:09:25 - [TEST_CASE][PASSED] - Test Cases/mobileWeb/_include/get_screenshot: Test Cases/mobileWeb/_include/get_screenshot

2019-10-27 08:09:25 - [TEST_STEP][PASSED] - takeScreenshot(screenPath + i + ".png"): Taking screenshot successfully

2019-10-27 08:09:26 - [MESSAGE][PASSED] - Taking screenshot successfully
[[ATTACHMENT|D:\\Test\\AgileTest\\Reports\\mobileWeb\\hbi\\20191027_080033\\../Screenshots/iPhone 6/hbi/Health Choice/20191027_080858/5.png]]

2019-10-27 08:09:26 - [TEST_STEP][PASSED] - (internal.GlobalVariable.i++): null

2019-10-27 08:09:26 - [MESSAGE][PASSED] - Call Test Case 'Test Cases/mobileWeb/_include/get_screenshot' successfully

2019-10-27 08:09:26 - [TEST_STEP][PASSED] - click(findTestObject("mobileSanity/HBI/Page_Apply/span_Start Secure Application")): Object: 'Object Repository/mobileSanity/HBI/Page_Apply/span_Start Secure Application' is clicked on

2019-10-27 08:09:26 - [MESSAGE][PASSED] - Object: 'Object Repository/mobileSanity/HBI/Page_Apply/span_Start Secure Application' is clicked on

2019-10-27 08:09:26 - [TEST_STEP][PASSED] - waitForPageLoad(20): Wait for page load successfully

2019-10-27 08:09:27 - [MESSAGE][PASSED] - Wait for page load successfully

2019-10-27 08:09:27 - [TEST_STEP][PASSED] - Thread.sleep(5000): null

2019-10-27 08:09:32 - [TEST_STEP][PASSED] - callTestCase(findTestCase("mobileWeb/_include/get_screenshot"), [:], STOP_ON_FAILURE): Call Test Case 'Test Cases/mobileWeb/_include/get_screenshot' successfully

2019-10-27 08:09:32 - [TEST_CASE][PASSED] - Test Cases/mobileWeb/_include/get_screenshot: Test Cases/mobileWeb/_include/get_screenshot

2019-10-27 08:09:32 - [TEST_STEP][PASSED] - takeScreenshot(screenPath + i + ".png"): Taking screenshot successfully

2019-10-27 08:09:32 - [MESSAGE][PASSED] - Taking screenshot successfully
[[ATTACHMENT|D:\\Test\\AgileTest\\Reports\\mobileWeb\\hbi\\20191027_080033\\../Screenshots/iPhone 6/hbi/Health Choice/20191027_080858/6.png]]

2019-10-27 08:09:32 - [TEST_STEP][PASSED] - (internal.GlobalVariable.i++): null

2019-10-27 08:09:32 - [MESSAGE][PASSED] - Call Test Case 'Test Cases/mobileWeb/_include/get_screenshot' successfully

2019-10-27 08:09:32 - [TEST_STEP][PASSED] - callTestCase(findTestCase("mobileWeb/_include/goToEnd_hbi"), ["carrier":"healthchoiceplus"], CONTINUE_ON_FAILURE): Call Test Case 'Test Cases/mobileWeb/_include/goToEnd_hbi' successfully

2019-10-27 08:09:32 - [TEST_CASE][PASSED] - Test Cases/mobileWeb/_include/goToEnd_hbi: Test Cases/mobileWeb/_include/goToEnd_hbi

2019-10-27 08:09:32 - [TEST_STEP][PASSED] - if (state == "ca"): null

2019-10-27 08:09:32 - [TEST_STEP][PASSED] - callTestCase(findTestCase("mobileWeb/_include/name"), [:], CONTINUE_ON_FAILURE): Call Test Case 'Test Cases/mobileWeb/_include/name' successfully

2019-10-27 08:09:32 - [TEST_CASE][PASSED] - Test Cases/mobileWeb/_include/name: Test Cases/mobileWeb/_include/name

2019-10-27 08:09:32 - [TEST_STEP][PASSED] - driver = getWebDriver(): null

2019-10-27 08:09:32 - [TEST_STEP][PASSED] - selenium = new com.thoughtworks.selenium.webdriven.WebDriverBackedSelenium(driver, internal.GlobalVariable.ENV): null

2019-10-27 08:09:32 - [TEST_STEP][PASSED] - FirstName = "Test-123": null

2019-10-27 08:09:32 - [TEST_STEP][PASSED] - LastName = selenium.getEval("{var x="ABCDEFGHIJKLMNOPQRSTUVWXYZabcdefghijklmnopqrstuvwxyz"; var tmp="ZZ11-"; for (i=0;i<8;i++) tmp+=x.charAt(Math.ceil(51*Math.random()));tmp;}"): null

2019-10-27 08:09:32 - [TEST_STEP][PASSED] - Address = selenium.getEval("{var x="ABCDEFGHIJKLMNOPQRSTUVWXYZabcdefghijklmnopqrstuvwxyz"; var tmp=""; for (i=0;i<8;i++) tmp+=x.charAt(Math.ceil(51*Math.random()));tmp;}"): null

2019-10-27 08:09:32 - [TEST_STEP][PASSED] - City = selenium.getEval("{var x="ABCDEFGHIJKLMNOPQRSTUVWXYZabcdefghijklmnopqrstuvwxyz"; var tmp=""; for (i=0;i<8;i++) tmp+=x.charAt(Math.ceil(51*Math.random()));tmp;}"): null

2019-10-27 08:09:32 - [TEST_STEP][PASSED] - tel1 = selenium.getEval("{var x="123456789"; var tmp=""; for (i=0;i<3;i++) tmp+=x.charAt(Math.ceil(8*Math.random()));tmp;}"): null

2019-10-27 08:09:32 - [TEST_STEP][PASSED] - tel2 = selenium.getEval("{var x="123456789"; var tmp=""; for (i=0;i<3;i++) tmp+=x.charAt(Math.ceil(8*Math.random()));tmp;}"): null

2019-10-27 08:09:32 - [TEST_STEP][PASSED] - tel3 = selenium.getEval("{var x="123456789"; var tmp=""; for (i=0;i<4;i++) tmp+=x.charAt(Math.ceil(8*Math.random()));tmp;}"): null

2019-10-27 08:09:33 - [TEST_STEP][PASSED] - Tel = selenium.getExpression(tel1 + "-" + tel2 + "-" + tel3): null

2019-10-27 08:09:33 - [TEST_STEP][PASSED] - AutoEmail = selenium.getEval("{var x="ABCDEFGHIJKLMNOPQRSTUVWXYZabcdefghijklmnopqrstuvwxyz"; var tmp="test."; for (i=0;i<8;i++) tmp+=x.charAt(Math.ceil(51*Math.random()));tmp+="@suryani.cn";}"): null

2019-10-27 08:09:33 - [TEST_STEP][PASSED] - FirstName = FirstName: null

2019-10-27 08:09:33 - [TEST_STEP][PASSED] - LastName = LastName: null

2019-10-27 08:09:33 - [TEST_STEP][PASSED] - Address = Address: null

2019-10-27 08:09:33 - [TEST_STEP][PASSED] - City = City: null

2019-10-27 08:09:33 - [TEST_STEP][PASSED] - Tel = Tel: null

2019-10-27 08:09:33 - [TEST_STEP][PASSED] - AutoEmail = AutoEmail: null

2019-10-27 08:09:33 - [TEST_STEP][PASSED] - println(FirstName): null

2019-10-27 08:09:33 - [TEST_STEP][PASSED] - println(LastName): null

2019-10-27 08:09:33 - [TEST_STEP][PASSED] - println(Address): null

2019-10-27 08:09:33 - [TEST_STEP][PASSED] - println(City): null

2019-10-27 08:09:33 - [TEST_STEP][PASSED] - println(Tel): null

2019-10-27 08:09:33 - [TEST_STEP][PASSED] - println(AutoEmail): null

2019-10-27 08:09:33 - [MESSAGE][PASSED] - Call Test Case 'Test Cases/mobileWeb/_include/name' successfully

2019-10-27 08:09:33 - [TEST_STEP][PASSED] - setText(findTestObject("mobileSanity/HBI/Page_App Page 1/input__member-P-1-firstName"), FirstName): Text 'Test-123' is set on object 'Object Repository/mobileSanity/HBI/Page_App Page 1/input__member-P-1-firstName'

2019-10-27 08:09:33 - [MESSAGE][PASSED] - Text 'Test-123' is set on object 'Object Repository/mobileSanity/HBI/Page_App Page 1/input__member-P-1-firstName'

2019-10-27 08:09:33 - [TEST_STEP][PASSED] - setText(findTestObject("mobileSanity/HBI/Page_App Page 1/input__member-P-1-lastName"), LastName): Text 'ZZ11-pCkkWMjY' is set on object 'Object Repository/mobileSanity/HBI/Page_App Page 1/input__member-P-1-lastName'

2019-10-27 08:09:33 - [MESSAGE][PASSED] - Text 'ZZ11-pCkkWMjY' is set on object 'Object Repository/mobileSanity/HBI/Page_App Page 1/input__member-P-1-lastName'

2019-10-27 08:09:33 - [TEST_STEP][PASSED] - if (carrier == "agileone" || carrier == "agilesecure"): null

2019-10-27 08:09:33 - [TEST_STEP][PASSED] - setText(findTestObject("mobileSanity/HBI/Page_App Page 1/input__address"), Address): Text 'kswOeaYu' is set on object 'Object Repository/mobileSanity/HBI/Page_App Page 1/input__address'

2019-10-27 08:09:33 - [MESSAGE][PASSED] - Text 'kswOeaYu' is set on object 'Object Repository/mobileSanity/HBI/Page_App Page 1/input__address'

2019-10-27 08:09:33 - [TEST_STEP][PASSED] - setText(findTestObject("mobileSanity/HBI/Page_App Page 1/input__city"), City): Text 'ZQbpFehy' is set on object 'Object Repository/mobileSanity/HBI/Page_App Page 1/input__city'

2019-10-27 08:09:33 - [MESSAGE][PASSED] - Text 'ZQbpFehy' is set on object 'Object Repository/mobileSanity/HBI/Page_App Page 1/input__city'

2019-10-27 08:09:33 - [TEST_STEP][PASSED] - setText(findTestObject("mobileSanity/HBI/Page_App Page 1/input__email"), AutoEmail): Text 'test.YNxmDfwX@suryani.cn' is set on object 'Object Repository/mobileSanity/HBI/Page_App Page 1/input__email'

2019-10-27 08:09:34 - [MESSAGE][PASSED] - Text 'test.YNxmDfwX@suryani.cn' is set on object 'Object Repository/mobileSanity/HBI/Page_App Page 1/input__email'

2019-10-27 08:09:34 - [TEST_STEP][PASSED] - setText(findTestObject("mobileSanity/HBI/Page_App Page 1/input_tel"), Tel): Text '253-435-4952' is set on object 'Object Repository/mobileSanity/HBI/Page_App Page 1/input_tel'

2019-10-27 08:09:34 - [MESSAGE][PASSED] - Text '253-435-4952' is set on object 'Object Repository/mobileSanity/HBI/Page_App Page 1/input_tel'

2019-10-27 08:09:34 - [TEST_STEP][PASSED] - click(findTestObject("mobileSanity/HBI/Page_App Page 1/a_Continue to Step 2 - Payment")): Object: 'Object Repository/mobileSanity/HBI/Page_App Page 1/a_Continue to Step 2 - Payment' is clicked on

2019-10-27 08:09:34 - [MESSAGE][PASSED] - Object: 'Object Repository/mobileSanity/HBI/Page_App Page 1/a_Continue to Step 2 - Payment' is clicked on

2019-10-27 08:09:34 - [TEST_STEP][PASSED] - waitForPageLoad(20): Wait for page load successfully

2019-10-27 08:09:34 - [MESSAGE][PASSED] - Wait for page load successfully

2019-10-27 08:09:34 - [TEST_STEP][PASSED] - Thread.sleep(2000): null

2019-10-27 08:09:36 - [TEST_STEP][PASSED] - waitForElementVisible(findTestObject("mobileSanity/HBI/Page_App Page 2/input__credit-card-first"), 20): Object 'Object Repository/mobileSanity/HBI/Page_App Page 2/input__credit-card-first' is visible

2019-10-27 08:09:36 - [MESSAGE][PASSED] - Object 'Object Repository/mobileSanity/HBI/Page_App Page 2/input__credit-card-first' is visible

2019-10-27 08:09:36 - [TEST_STEP][PASSED] - callTestCase(findTestCase("mobileWeb/_include/get_screenshot"), [:], STOP_ON_FAILURE): Call Test Case 'Test Cases/mobileWeb/_include/get_screenshot' successfully

2019-10-27 08:09:36 - [TEST_CASE][PASSED] - Test Cases/mobileWeb/_include/get_screenshot: Test Cases/mobileWeb/_include/get_screenshot

2019-10-27 08:09:36 - [TEST_STEP][PASSED] - takeScreenshot(screenPath + i + ".png"): Taking screenshot successfully

2019-10-27 08:09:37 - [MESSAGE][PASSED] - Taking screenshot successfully
[[ATTACHMENT|D:\\Test\\AgileTest\\Reports\\mobileWeb\\hbi\\20191027_080033\\../Screenshots/iPhone 6/hbi/Health Choice/20191027_080858/7.png]]

2019-10-27 08:09:37 - [TEST_STEP][PASSED] - (internal.GlobalVariable.i++): null

2019-10-27 08:09:37 - [MESSAGE][PASSED] - Call Test Case 'Test Cases/mobileWeb/_include/get_screenshot' successfully

2019-10-27 08:09:37 - [TEST_STEP][PASSED] - setText(findTestObject("mobileSanity/HBI/Page_App Page 2/input__credit-card-first"), FirstName): Text 'Test-123' is set on object 'Object Repository/mobileSanity/HBI/Page_App Page 2/input__credit-card-first'

2019-10-27 08:09:37 - [MESSAGE][PASSED] - Text 'Test-123' is set on object 'Object Repository/mobileSanity/HBI/Page_App Page 2/input__credit-card-first'

2019-10-27 08:09:37 - [TEST_STEP][PASSED] - setText(findTestObject("mobileSanity/HBI/Page_App Page 2/input__credit-card-last"), LastName): Text 'ZZ11-pCkkWMjY' is set on object 'Object Repository/mobileSanity/HBI/Page_App Page 2/input__credit-card-last'

2019-10-27 08:09:37 - [MESSAGE][PASSED] - Text 'ZZ11-pCkkWMjY' is set on object 'Object Repository/mobileSanity/HBI/Page_App Page 2/input__credit-card-last'

2019-10-27 08:09:37 - [TEST_STEP][PASSED] - selectOptionByValue(findTestObject("mobileSanity/HBI/Page_App Page 2/select_MM010203040506070809101"), "12", true): All options with value '12' are selected in object 'Object Repository/mobileSanity/HBI/Page_App Page 2/select_MM010203040506070809101'  using regular expression

2019-10-27 08:09:37 - [MESSAGE][PASSED] - All options with value '12' are selected in object 'Object Repository/mobileSanity/HBI/Page_App Page 2/select_MM010203040506070809101'  using regular expression

2019-10-27 08:09:37 - [TEST_STEP][PASSED] - selectOptionByValue(findTestObject("mobileSanity/HBI/Page_App Page 2/select_YYYY2019202020212022202"), "2026", true): All options with value '2026' are selected in object 'Object Repository/mobileSanity/HBI/Page_App Page 2/select_YYYY2019202020212022202'  using regular expression

2019-10-27 08:09:37 - [MESSAGE][PASSED] - All options with value '2026' are selected in object 'Object Repository/mobileSanity/HBI/Page_App Page 2/select_YYYY2019202020212022202'  using regular expression

2019-10-27 08:09:37 - [TEST_STEP][PASSED] - setText(findTestObject("mobileSanity/HBI/Page_App Page 2/input__credit-card-number"), "4111111111111111"): Text '4111111111111111' is set on object 'Object Repository/mobileSanity/HBI/Page_App Page 2/input__credit-card-number'

2019-10-27 08:09:37 - [MESSAGE][PASSED] - Text '4111111111111111' is set on object 'Object Repository/mobileSanity/HBI/Page_App Page 2/input__credit-card-number'

2019-10-27 08:09:37 - [TEST_STEP][PASSED] - setText(findTestObject("mobileSanity/HBI/Page_App Page 2/input__cvv"), "123"): Text '123' is set on object 'Object Repository/mobileSanity/HBI/Page_App Page 2/input__cvv'

2019-10-27 08:09:38 - [MESSAGE][PASSED] - Text '123' is set on object 'Object Repository/mobileSanity/HBI/Page_App Page 2/input__cvv'

2019-10-27 08:09:38 - [TEST_STEP][PASSED] - click(findTestObject("mobileSanity/HBI/Page_App Page 2/label_My billing address is th")): Object: 'Object Repository/mobileSanity/HBI/Page_App Page 2/label_My billing address is th' is clicked on

2019-10-27 08:09:38 - [MESSAGE][PASSED] - Object: 'Object Repository/mobileSanity/HBI/Page_App Page 2/label_My billing address is th' is clicked on

2019-10-27 08:09:38 - [TEST_STEP][PASSED] - click(findTestObject("mobileSanity/HBI/Page_App Page 2/label_I Accept Authorization f")): Object: 'Object Repository/mobileSanity/HBI/Page_App Page 2/label_I Accept Authorization f' is clicked on

2019-10-27 08:09:38 - [MESSAGE][PASSED] - Object: 'Object Repository/mobileSanity/HBI/Page_App Page 2/label_I Accept Authorization f' is clicked on

2019-10-27 08:09:38 - [TEST_STEP][PASSED] - click(findTestObject("mobileSanity/HBI/Page_App Page 2/a_Continue to Step 3 - Review")): Object: 'Object Repository/mobileSanity/HBI/Page_App Page 2/a_Continue to Step 3 - Review' is clicked on

2019-10-27 08:09:38 - [MESSAGE][PASSED] - Object: 'Object Repository/mobileSanity/HBI/Page_App Page 2/a_Continue to Step 3 - Review' is clicked on

2019-10-27 08:09:38 - [TEST_STEP][PASSED] - waitForPageLoad(20): Wait for page load successfully

2019-10-27 08:09:38 - [MESSAGE][PASSED] - Wait for page load successfully

2019-10-27 08:09:38 - [TEST_STEP][PASSED] - Thread.sleep(10000): null

2019-10-27 08:09:48 - [TEST_STEP][PASSED] - waitForElementPresent(findTestObject("mobileSanity/HBI/Page_App Page 3/label"), 20): Object 'Object Repository/mobileSanity/HBI/Page_App Page 3/label' is present

2019-10-27 08:09:48 - [MESSAGE][PASSED] - Object 'Object Repository/mobileSanity/HBI/Page_App Page 3/label' is present

2019-10-27 08:09:48 - [TEST_STEP][PASSED] - callTestCase(findTestCase("mobileWeb/_include/get_screenshot"), [:], STOP_ON_FAILURE): Call Test Case 'Test Cases/mobileWeb/_include/get_screenshot' successfully

2019-10-27 08:09:48 - [TEST_CASE][PASSED] - Test Cases/mobileWeb/_include/get_screenshot: Test Cases/mobileWeb/_include/get_screenshot

2019-10-27 08:09:48 - [TEST_STEP][PASSED] - takeScreenshot(screenPath + i + ".png"): Taking screenshot successfully

2019-10-27 08:09:49 - [MESSAGE][PASSED] - Taking screenshot successfully
[[ATTACHMENT|D:\\Test\\AgileTest\\Reports\\mobileWeb\\hbi\\20191027_080033\\../Screenshots/iPhone 6/hbi/Health Choice/20191027_080858/8.png]]

2019-10-27 08:09:49 - [TEST_STEP][PASSED] - (internal.GlobalVariable.i++): null

2019-10-27 08:09:49 - [MESSAGE][PASSED] - Call Test Case 'Test Cases/mobileWeb/_include/get_screenshot' successfully

2019-10-27 08:09:49 - [TEST_STEP][PASSED] - click(findTestObject("mobileSanity/HBI/Page_App Page 3/label")): Object: 'Object Repository/mobileSanity/HBI/Page_App Page 3/label' is clicked on

2019-10-27 08:09:49 - [MESSAGE][PASSED] - Object: 'Object Repository/mobileSanity/HBI/Page_App Page 3/label' is clicked on

2019-10-27 08:09:49 - [TEST_STEP][PASSED] - click(findTestObject("mobileSanity/HBI/Page_App Page 3/p_CLICK TO SIGN")): Object: 'Object Repository/mobileSanity/HBI/Page_App Page 3/p_CLICK TO SIGN' is clicked on

2019-10-27 08:09:49 - [MESSAGE][PASSED] - Object: 'Object Repository/mobileSanity/HBI/Page_App Page 3/p_CLICK TO SIGN' is clicked on

2019-10-27 08:09:49 - [TEST_STEP][PASSED] - click(findTestObject("mobileSanity/HBI/Page_App Page 3/a_Submit Your Application")): Object: 'Object Repository/mobileSanity/HBI/Page_App Page 3/a_Submit Your Application' is clicked on

2019-10-27 08:09:49 - [MESSAGE][PASSED] - Object: 'Object Repository/mobileSanity/HBI/Page_App Page 3/a_Submit Your Application' is clicked on

2019-10-27 08:09:49 - [TEST_STEP][PASSED] - Thread.sleep(30000): null

2019-10-27 08:10:19 - [TEST_STEP][PASSED] - callTestCase(findTestCase("mobileWeb/_include/get_screenshot"), [:], STOP_ON_FAILURE): Call Test Case 'Test Cases/mobileWeb/_include/get_screenshot' successfully

2019-10-27 08:10:19 - [TEST_CASE][PASSED] - Test Cases/mobileWeb/_include/get_screenshot: Test Cases/mobileWeb/_include/get_screenshot

2019-10-27 08:10:19 - [TEST_STEP][PASSED] - takeScreenshot(screenPath + i + ".png"): Taking screenshot successfully

2019-10-27 08:10:20 - [MESSAGE][PASSED] - Taking screenshot successfully
[[ATTACHMENT|D:\\Test\\AgileTest\\Reports\\mobileWeb\\hbi\\20191027_080033\\../Screenshots/iPhone 6/hbi/Health Choice/20191027_080858/9.png]]

2019-10-27 08:10:20 - [TEST_STEP][PASSED] - (internal.GlobalVariable.i++): null

2019-10-27 08:10:20 - [MESSAGE][PASSED] - Call Test Case 'Test Cases/mobileWeb/_include/get_screenshot' successfully

2019-10-27 08:10:20 - [TEST_STEP][PASSED] - verifyTextPresent("Congratulations", false): Text 'Congratulations' is present on page 

2019-10-27 08:10:20 - [MESSAGE][PASSED] - Text 'Congratulations' is present on page 

2019-10-27 08:10:20 - [MESSAGE][PASSED] - Call Test Case 'Test Cases/mobileWeb/_include/goToEnd_hbi' successfully]]></system-out>
         <system-err><![CDATA[]]></system-err>
      </testcase>
      <testcase name="Test Cases/mobileWeb/HBI/Vitala Care" classname="Test Cases/mobileWeb/HBI/Vitala Care" status="PASSED">
         <system-out><![CDATA[2019-10-27 08:10:20 - [TEST_CASE][PASSED] - Test Cases/mobileWeb/HBI/Vitala Care: Test Cases/mobileWeb/HBI/Vitala Care

2019-10-27 08:10:20 - [TEST_STEP][PASSED] - callTestCase(findTestCase("mobileWeb/_include/get_screenPath"), ["productLine":"hbi", "carrierName":"Vitala Care"], CONTINUE_ON_FAILURE): Call Test Case 'Test Cases/mobileWeb/_include/get_screenPath' successfully

2019-10-27 08:10:20 - [TEST_CASE][PASSED] - Test Cases/mobileWeb/_include/get_screenPath: Test Cases/mobileWeb/_include/get_screenPath

2019-10-27 08:10:20 - [TEST_STEP][PASSED] - m = getExecutionProperties(): null

2019-10-27 08:10:20 - [TEST_STEP][PASSED] - deviceName = get("mobileEmulation").get("deviceName"): null

2019-10-27 08:10:20 - [TEST_STEP][PASSED] - println(deviceName): null

2019-10-27 08:10:20 - [TEST_STEP][PASSED] - now = new java.util.Date(): null

2019-10-27 08:10:20 - [TEST_STEP][PASSED] - mydate = now.format("yyyyMMdd_HHmmss"): null

2019-10-27 08:10:20 - [TEST_STEP][PASSED] - screenPath = "../Screenshots/": null

2019-10-27 08:10:20 - [TEST_STEP][PASSED] - screenPath = screenPath + deviceName + "/" + productLine + "/" + carrierName + "/" + mydate + "/": null

2019-10-27 08:10:20 - [TEST_STEP][PASSED] - println(screenPath): null

2019-10-27 08:10:20 - [MESSAGE][PASSED] - Call Test Case 'Test Cases/mobileWeb/_include/get_screenPath' successfully

2019-10-27 08:10:20 - [TEST_STEP][PASSED] - i = 0: null

2019-10-27 08:10:20 - [TEST_STEP][PASSED] - callTestCase(findTestCase("mobileWeb/_include/openWebSite"), [:], CONTINUE_ON_FAILURE): Call Test Case 'Test Cases/mobileWeb/_include/openWebSite' successfully

2019-10-27 08:10:20 - [TEST_CASE][PASSED] - Test Cases/mobileWeb/_include/openWebSite: Test Cases/mobileWeb/_include/openWebSite

2019-10-27 08:10:20 - [TEST_STEP][PASSED] - openBrowser(env): Browser is opened with url: 'https://praetemptatus.agilehealthinsurance.com'

2019-10-27 08:10:20 - [MESSAGE][WARNING] - A browser is already opened. Closing browser and opening a new one

2019-10-27 08:10:21 - [MESSAGE][INFO] - Starting 'Chrome' driver

2019-10-27 08:10:21 - [MESSAGE][INFO] - User set preference: ['mobileEmulation', '{deviceName=iPhone 6}']

2019-10-27 08:10:21 - [MESSAGE][INFO] - User set preference: ['args', '[--incognito, --aggressive-cache-discard, --window-size=375,677, --no-sandbox]']

2019-10-27 08:10:23 - [MESSAGE][PASSED] - Browser is opened with url: 'https://praetemptatus.agilehealthinsurance.com'

2019-10-27 08:10:23 - [TEST_STEP][PASSED] - waitForPageLoad(20): Wait for page load successfully

2019-10-27 08:10:24 - [MESSAGE][PASSED] - Wait for page load successfully

2019-10-27 08:10:24 - [TEST_STEP][PASSED] - Thread.sleep(2000): null

2019-10-27 08:10:26 - [TEST_STEP][PASSED] - callTestCase(findTestCase("mobileWeb/_include/get_screenshot"), [:], STOP_ON_FAILURE): Call Test Case 'Test Cases/mobileWeb/_include/get_screenshot' successfully

2019-10-27 08:10:26 - [TEST_CASE][PASSED] - Test Cases/mobileWeb/_include/get_screenshot: Test Cases/mobileWeb/_include/get_screenshot

2019-10-27 08:10:26 - [TEST_STEP][PASSED] - takeScreenshot(screenPath + i + ".png"): Taking screenshot successfully

2019-10-27 08:10:27 - [MESSAGE][PASSED] - Taking screenshot successfully
[[ATTACHMENT|D:\\Test\\AgileTest\\Reports\\mobileWeb\\hbi\\20191027_080033\\../Screenshots/iPhone 6/hbi/Vitala Care/20191027_081020/0.png]]

2019-10-27 08:10:27 - [TEST_STEP][PASSED] - (internal.GlobalVariable.i++): null

2019-10-27 08:10:27 - [MESSAGE][PASSED] - Call Test Case 'Test Cases/mobileWeb/_include/get_screenshot' successfully

2019-10-27 08:10:27 - [MESSAGE][PASSED] - Call Test Case 'Test Cases/mobileWeb/_include/openWebSite' successfully

2019-10-27 08:10:27 - [TEST_STEP][PASSED] - callTestCase(findTestCase("mobileWeb/_include/census_hbi"), ["zipcode":"90011"], CONTINUE_ON_FAILURE): Call Test Case 'Test Cases/mobileWeb/_include/census_hbi' successfully

2019-10-27 08:10:27 - [TEST_CASE][PASSED] - Test Cases/mobileWeb/_include/census_hbi: Test Cases/mobileWeb/_include/census_hbi

2019-10-27 08:10:27 - [TEST_STEP][PASSED] - click(findTestObject("mobileSanity/Common/side_nav/menu")): Object: 'Object Repository/mobileSanity/Common/side_nav/menu' is clicked on

2019-10-27 08:10:27 - [MESSAGE][PASSED] - Object: 'Object Repository/mobileSanity/Common/side_nav/menu' is clicked on

2019-10-27 08:10:27 - [TEST_STEP][PASSED] - Thread.sleep(3000): null

2019-10-27 08:10:30 - [TEST_STEP][PASSED] - callTestCase(findTestCase("mobileWeb/_include/get_screenshot"), [:], STOP_ON_FAILURE): Call Test Case 'Test Cases/mobileWeb/_include/get_screenshot' successfully

2019-10-27 08:10:31 - [TEST_CASE][PASSED] - Test Cases/mobileWeb/_include/get_screenshot: Test Cases/mobileWeb/_include/get_screenshot

2019-10-27 08:10:31 - [TEST_STEP][PASSED] - takeScreenshot(screenPath + i + ".png"): Taking screenshot successfully

2019-10-27 08:10:31 - [MESSAGE][PASSED] - Taking screenshot successfully
[[ATTACHMENT|D:\\Test\\AgileTest\\Reports\\mobileWeb\\hbi\\20191027_080033\\../Screenshots/iPhone 6/hbi/Vitala Care/20191027_081020/1.png]]

2019-10-27 08:10:31 - [TEST_STEP][PASSED] - (internal.GlobalVariable.i++): null

2019-10-27 08:10:31 - [MESSAGE][PASSED] - Call Test Case 'Test Cases/mobileWeb/_include/get_screenshot' successfully

2019-10-27 08:10:31 - [TEST_STEP][PASSED] - click(findTestObject("mobileSanity/Common/side_nav/nav_hbi")): Object: 'Object Repository/mobileSanity/Common/side_nav/nav_hbi' is clicked on

2019-10-27 08:10:31 - [MESSAGE][PASSED] - Object: 'Object Repository/mobileSanity/Common/side_nav/nav_hbi' is clicked on

2019-10-27 08:10:31 - [TEST_STEP][PASSED] - waitForPageLoad(10): Wait for page load successfully

2019-10-27 08:10:31 - [MESSAGE][PASSED] - Wait for page load successfully

2019-10-27 08:10:31 - [TEST_STEP][PASSED] - Thread.sleep(3000): null

2019-10-27 08:10:34 - [TEST_STEP][PASSED] - callTestCase(findTestCase("mobileWeb/_include/get_screenshot"), [:], STOP_ON_FAILURE): Call Test Case 'Test Cases/mobileWeb/_include/get_screenshot' successfully

2019-10-27 08:10:35 - [TEST_CASE][PASSED] - Test Cases/mobileWeb/_include/get_screenshot: Test Cases/mobileWeb/_include/get_screenshot

2019-10-27 08:10:35 - [TEST_STEP][PASSED] - takeScreenshot(screenPath + i + ".png"): Taking screenshot successfully

2019-10-27 08:10:35 - [MESSAGE][PASSED] - Taking screenshot successfully
[[ATTACHMENT|D:\\Test\\AgileTest\\Reports\\mobileWeb\\hbi\\20191027_080033\\../Screenshots/iPhone 6/hbi/Vitala Care/20191027_081020/2.png]]

2019-10-27 08:10:35 - [TEST_STEP][PASSED] - (internal.GlobalVariable.i++): null

2019-10-27 08:10:35 - [MESSAGE][PASSED] - Call Test Case 'Test Cases/mobileWeb/_include/get_screenshot' successfully

2019-10-27 08:10:35 - [TEST_STEP][PASSED] - setText(findTestObject("mobileSanity/HBI/census/input_Location_zip-input"), zipcode): Text '90011' is set on object 'Object Repository/mobileSanity/HBI/census/input_Location_zip-input'

2019-10-27 08:10:35 - [MESSAGE][PASSED] - Text '90011' is set on object 'Object Repository/mobileSanity/HBI/census/input_Location_zip-input'

2019-10-27 08:10:35 - [TEST_STEP][PASSED] - Thread.sleep(500): null

2019-10-27 08:10:36 - [TEST_STEP][PASSED] - setText(findTestObject("mobileSanity/HBI/census/input_Date of Birth_dob-0"), "12121980"): Text '12121980' is set on object 'Object Repository/mobileSanity/HBI/census/input_Date of Birth_dob-0'

2019-10-27 08:10:36 - [MESSAGE][PASSED] - Text '12121980' is set on object 'Object Repository/mobileSanity/HBI/census/input_Date of Birth_dob-0'

2019-10-27 08:10:36 - [TEST_STEP][PASSED] - click(findTestObject("mobileSanity/HBI/census/label_Male")): Object: 'Object Repository/mobileSanity/HBI/census/label_Male' is clicked on

2019-10-27 08:10:36 - [MESSAGE][PASSED] - Object: 'Object Repository/mobileSanity/HBI/census/label_Male' is clicked on

2019-10-27 08:10:36 - [TEST_STEP][PASSED] - click(findTestObject("mobileSanity/HBI/census/label_Get a Quote")): Object: 'Object Repository/mobileSanity/HBI/census/label_Get a Quote' is clicked on

2019-10-27 08:10:37 - [MESSAGE][PASSED] - Object: 'Object Repository/mobileSanity/HBI/census/label_Get a Quote' is clicked on

2019-10-27 08:10:37 - [TEST_STEP][PASSED] - waitForPageLoad(20): Wait for page load successfully

2019-10-27 08:10:37 - [MESSAGE][PASSED] - Wait for page load successfully

2019-10-27 08:10:37 - [TEST_STEP][PASSED] - Thread.sleep(3000): null

2019-10-27 08:10:40 - [TEST_STEP][PASSED] - callTestCase(findTestCase("mobileWeb/_include/get_screenshot"), [:], STOP_ON_FAILURE): Call Test Case 'Test Cases/mobileWeb/_include/get_screenshot' successfully

2019-10-27 08:10:40 - [TEST_CASE][PASSED] - Test Cases/mobileWeb/_include/get_screenshot: Test Cases/mobileWeb/_include/get_screenshot

2019-10-27 08:10:40 - [TEST_STEP][PASSED] - takeScreenshot(screenPath + i + ".png"): Taking screenshot successfully

2019-10-27 08:10:41 - [MESSAGE][PASSED] - Taking screenshot successfully
[[ATTACHMENT|D:\\Test\\AgileTest\\Reports\\mobileWeb\\hbi\\20191027_080033\\../Screenshots/iPhone 6/hbi/Vitala Care/20191027_081020/3.png]]

2019-10-27 08:10:41 - [TEST_STEP][PASSED] - (internal.GlobalVariable.i++): null

2019-10-27 08:10:41 - [MESSAGE][PASSED] - Call Test Case 'Test Cases/mobileWeb/_include/get_screenshot' successfully

2019-10-27 08:10:41 - [MESSAGE][PASSED] - Call Test Case 'Test Cases/mobileWeb/_include/census_hbi' successfully

2019-10-27 08:10:41 - [TEST_STEP][PASSED] - Thread.sleep(5000): null

2019-10-27 08:10:46 - [TEST_STEP][PASSED] - scrollToPosition(200, 2300): Browser is scrolled to position x = 200, y = 2300

2019-10-27 08:10:46 - [MESSAGE][PASSED] - Browser is scrolled to position x = 200, y = 2300

2019-10-27 08:10:46 - [TEST_STEP][PASSED] - click(findTestObject("mobileSanity/HBI/quote/a_Vitala Care")): Object: 'Object Repository/mobileSanity/HBI/quote/a_Vitala Care' is clicked on

2019-10-27 08:10:47 - [MESSAGE][PASSED] - Object: 'Object Repository/mobileSanity/HBI/quote/a_Vitala Care' is clicked on

2019-10-27 08:10:47 - [TEST_STEP][PASSED] - waitForPageLoad(20): Wait for page load successfully

2019-10-27 08:10:47 - [MESSAGE][PASSED] - Wait for page load successfully

2019-10-27 08:10:47 - [TEST_STEP][PASSED] - callTestCase(findTestCase("mobileWeb/_include/get_screenshot"), [:], STOP_ON_FAILURE): Call Test Case 'Test Cases/mobileWeb/_include/get_screenshot' successfully

2019-10-27 08:10:47 - [TEST_CASE][PASSED] - Test Cases/mobileWeb/_include/get_screenshot: Test Cases/mobileWeb/_include/get_screenshot

2019-10-27 08:10:47 - [TEST_STEP][PASSED] - takeScreenshot(screenPath + i + ".png"): Taking screenshot successfully

2019-10-27 08:10:47 - [MESSAGE][PASSED] - Taking screenshot successfully
[[ATTACHMENT|D:\\Test\\AgileTest\\Reports\\mobileWeb\\hbi\\20191027_080033\\../Screenshots/iPhone 6/hbi/Vitala Care/20191027_081020/4.png]]

2019-10-27 08:10:47 - [TEST_STEP][PASSED] - (internal.GlobalVariable.i++): null

2019-10-27 08:10:47 - [MESSAGE][PASSED] - Call Test Case 'Test Cases/mobileWeb/_include/get_screenshot' successfully

2019-10-27 08:10:47 - [TEST_STEP][PASSED] - click(findTestObject("mobileSanity/HBI/detail/a_Apply for This Plan")): Object: 'Object Repository/mobileSanity/HBI/detail/a_Apply for This Plan' is clicked on

2019-10-27 08:10:48 - [MESSAGE][PASSED] - Object: 'Object Repository/mobileSanity/HBI/detail/a_Apply for This Plan' is clicked on

2019-10-27 08:10:48 - [TEST_STEP][PASSED] - waitForPageLoad(20): Wait for page load successfully

2019-10-27 08:10:48 - [MESSAGE][PASSED] - Wait for page load successfully

2019-10-27 08:10:48 - [TEST_STEP][PASSED] - callTestCase(findTestCase("mobileWeb/_include/get_screenshot"), [:], STOP_ON_FAILURE): Call Test Case 'Test Cases/mobileWeb/_include/get_screenshot' successfully

2019-10-27 08:10:48 - [TEST_CASE][PASSED] - Test Cases/mobileWeb/_include/get_screenshot: Test Cases/mobileWeb/_include/get_screenshot

2019-10-27 08:10:48 - [TEST_STEP][PASSED] - takeScreenshot(screenPath + i + ".png"): Taking screenshot successfully

2019-10-27 08:10:49 - [MESSAGE][PASSED] - Taking screenshot successfully
[[ATTACHMENT|D:\\Test\\AgileTest\\Reports\\mobileWeb\\hbi\\20191027_080033\\../Screenshots/iPhone 6/hbi/Vitala Care/20191027_081020/5.png]]

2019-10-27 08:10:49 - [TEST_STEP][PASSED] - (internal.GlobalVariable.i++): null

2019-10-27 08:10:49 - [MESSAGE][PASSED] - Call Test Case 'Test Cases/mobileWeb/_include/get_screenshot' successfully

2019-10-27 08:10:49 - [TEST_STEP][PASSED] - click(findTestObject("mobileSanity/HBI/Page_Apply/span_Start Secure Application")): Object: 'Object Repository/mobileSanity/HBI/Page_Apply/span_Start Secure Application' is clicked on

2019-10-27 08:10:50 - [MESSAGE][PASSED] - Object: 'Object Repository/mobileSanity/HBI/Page_Apply/span_Start Secure Application' is clicked on

2019-10-27 08:10:50 - [TEST_STEP][PASSED] - waitForPageLoad(20): Wait for page load successfully

2019-10-27 08:10:50 - [MESSAGE][PASSED] - Wait for page load successfully

2019-10-27 08:10:50 - [TEST_STEP][PASSED] - Thread.sleep(5000): null

2019-10-27 08:10:55 - [TEST_STEP][PASSED] - callTestCase(findTestCase("mobileWeb/_include/get_screenshot"), [:], STOP_ON_FAILURE): Call Test Case 'Test Cases/mobileWeb/_include/get_screenshot' successfully

2019-10-27 08:10:55 - [TEST_CASE][PASSED] - Test Cases/mobileWeb/_include/get_screenshot: Test Cases/mobileWeb/_include/get_screenshot

2019-10-27 08:10:55 - [TEST_STEP][PASSED] - takeScreenshot(screenPath + i + ".png"): Taking screenshot successfully

2019-10-27 08:10:56 - [MESSAGE][PASSED] - Taking screenshot successfully
[[ATTACHMENT|D:\\Test\\AgileTest\\Reports\\mobileWeb\\hbi\\20191027_080033\\../Screenshots/iPhone 6/hbi/Vitala Care/20191027_081020/6.png]]

2019-10-27 08:10:56 - [TEST_STEP][PASSED] - (internal.GlobalVariable.i++): null

2019-10-27 08:10:56 - [MESSAGE][PASSED] - Call Test Case 'Test Cases/mobileWeb/_include/get_screenshot' successfully

2019-10-27 08:10:56 - [TEST_STEP][PASSED] - callTestCase(findTestCase("mobileWeb/_include/goToEnd_hbi"), ["state":"ca", "carrier":"vitalacare"], CONTINUE_ON_FAILURE): Call Test Case 'Test Cases/mobileWeb/_include/goToEnd_hbi' successfully

2019-10-27 08:10:56 - [TEST_CASE][PASSED] - Test Cases/mobileWeb/_include/goToEnd_hbi: Test Cases/mobileWeb/_include/goToEnd_hbi

2019-10-27 08:10:56 - [TEST_STEP][PASSED] - if (state == "ca"): Call Test Case 'Test Cases/mobileWeb/_include/get_screenshot' successfully

2019-10-27 08:10:56 - [TEST_STEP][PASSED] - Thread.sleep(3000): null

2019-10-27 08:10:59 - [TEST_STEP][PASSED] - click(findTestObject("mobileSanity/HBI/Page_App Page 1/yes_question_1")): Object: 'Object Repository/mobileSanity/HBI/Page_App Page 1/yes_question_1' is clicked on

2019-10-27 08:10:59 - [MESSAGE][PASSED] - Object: 'Object Repository/mobileSanity/HBI/Page_App Page 1/yes_question_1' is clicked on

2019-10-27 08:10:59 - [TEST_STEP][PASSED] - click(findTestObject("mobileSanity/HBI/Page_App Page 1/continue_to_app_info")): Object: 'Object Repository/mobileSanity/HBI/Page_App Page 1/continue_to_app_info' is clicked on

2019-10-27 08:10:59 - [MESSAGE][PASSED] - Object: 'Object Repository/mobileSanity/HBI/Page_App Page 1/continue_to_app_info' is clicked on

2019-10-27 08:10:59 - [TEST_STEP][PASSED] - waitForPageLoad(20): Wait for page load successfully

2019-10-27 08:10:59 - [MESSAGE][PASSED] - Wait for page load successfully

2019-10-27 08:10:59 - [TEST_STEP][PASSED] - Thread.sleep(3000): null

2019-10-27 08:11:02 - [TEST_STEP][PASSED] - callTestCase(findTestCase("mobileWeb/_include/get_screenshot"), [:], STOP_ON_FAILURE): Call Test Case 'Test Cases/mobileWeb/_include/get_screenshot' successfully

2019-10-27 08:11:02 - [TEST_CASE][PASSED] - Test Cases/mobileWeb/_include/get_screenshot: Test Cases/mobileWeb/_include/get_screenshot

2019-10-27 08:11:02 - [TEST_STEP][PASSED] - takeScreenshot(screenPath + i + ".png"): Taking screenshot successfully

2019-10-27 08:11:02 - [MESSAGE][PASSED] - Taking screenshot successfully
[[ATTACHMENT|D:\\Test\\AgileTest\\Reports\\mobileWeb\\hbi\\20191027_080033\\../Screenshots/iPhone 6/hbi/Vitala Care/20191027_081020/7.png]]

2019-10-27 08:11:02 - [TEST_STEP][PASSED] - (internal.GlobalVariable.i++): null

2019-10-27 08:11:02 - [MESSAGE][PASSED] - Call Test Case 'Test Cases/mobileWeb/_include/get_screenshot' successfully

2019-10-27 08:11:02 - [TEST_STEP][PASSED] - callTestCase(findTestCase("mobileWeb/_include/name"), [:], CONTINUE_ON_FAILURE): Call Test Case 'Test Cases/mobileWeb/_include/name' successfully

2019-10-27 08:11:02 - [TEST_CASE][PASSED] - Test Cases/mobileWeb/_include/name: Test Cases/mobileWeb/_include/name

2019-10-27 08:11:02 - [TEST_STEP][PASSED] - driver = getWebDriver(): null

2019-10-27 08:11:02 - [TEST_STEP][PASSED] - selenium = new com.thoughtworks.selenium.webdriven.WebDriverBackedSelenium(driver, internal.GlobalVariable.ENV): null

2019-10-27 08:11:03 - [TEST_STEP][PASSED] - FirstName = "Test-123": null

2019-10-27 08:11:03 - [TEST_STEP][PASSED] - LastName = selenium.getEval("{var x="ABCDEFGHIJKLMNOPQRSTUVWXYZabcdefghijklmnopqrstuvwxyz"; var tmp="ZZ11-"; for (i=0;i<8;i++) tmp+=x.charAt(Math.ceil(51*Math.random()));tmp;}"): null

2019-10-27 08:11:03 - [TEST_STEP][PASSED] - Address = selenium.getEval("{var x="ABCDEFGHIJKLMNOPQRSTUVWXYZabcdefghijklmnopqrstuvwxyz"; var tmp=""; for (i=0;i<8;i++) tmp+=x.charAt(Math.ceil(51*Math.random()));tmp;}"): null

2019-10-27 08:11:03 - [TEST_STEP][PASSED] - City = selenium.getEval("{var x="ABCDEFGHIJKLMNOPQRSTUVWXYZabcdefghijklmnopqrstuvwxyz"; var tmp=""; for (i=0;i<8;i++) tmp+=x.charAt(Math.ceil(51*Math.random()));tmp;}"): null

2019-10-27 08:11:03 - [TEST_STEP][PASSED] - tel1 = selenium.getEval("{var x="123456789"; var tmp=""; for (i=0;i<3;i++) tmp+=x.charAt(Math.ceil(8*Math.random()));tmp;}"): null

2019-10-27 08:11:03 - [TEST_STEP][PASSED] - tel2 = selenium.getEval("{var x="123456789"; var tmp=""; for (i=0;i<3;i++) tmp+=x.charAt(Math.ceil(8*Math.random()));tmp;}"): null

2019-10-27 08:11:03 - [TEST_STEP][PASSED] - tel3 = selenium.getEval("{var x="123456789"; var tmp=""; for (i=0;i<4;i++) tmp+=x.charAt(Math.ceil(8*Math.random()));tmp;}"): null

2019-10-27 08:11:03 - [TEST_STEP][PASSED] - Tel = selenium.getExpression(tel1 + "-" + tel2 + "-" + tel3): null

2019-10-27 08:11:03 - [TEST_STEP][PASSED] - AutoEmail = selenium.getEval("{var x="ABCDEFGHIJKLMNOPQRSTUVWXYZabcdefghijklmnopqrstuvwxyz"; var tmp="test."; for (i=0;i<8;i++) tmp+=x.charAt(Math.ceil(51*Math.random()));tmp+="@suryani.cn";}"): null

2019-10-27 08:11:03 - [TEST_STEP][PASSED] - FirstName = FirstName: null

2019-10-27 08:11:03 - [TEST_STEP][PASSED] - LastName = LastName: null

2019-10-27 08:11:03 - [TEST_STEP][PASSED] - Address = Address: null

2019-10-27 08:11:03 - [TEST_STEP][PASSED] - City = City: null

2019-10-27 08:11:03 - [TEST_STEP][PASSED] - Tel = Tel: null

2019-10-27 08:11:03 - [TEST_STEP][PASSED] - AutoEmail = AutoEmail: null

2019-10-27 08:11:03 - [TEST_STEP][PASSED] - println(FirstName): null

2019-10-27 08:11:03 - [TEST_STEP][PASSED] - println(LastName): null

2019-10-27 08:11:03 - [TEST_STEP][PASSED] - println(Address): null

2019-10-27 08:11:03 - [TEST_STEP][PASSED] - println(City): null

2019-10-27 08:11:03 - [TEST_STEP][PASSED] - println(Tel): null

2019-10-27 08:11:03 - [TEST_STEP][PASSED] - println(AutoEmail): null

2019-10-27 08:11:03 - [MESSAGE][PASSED] - Call Test Case 'Test Cases/mobileWeb/_include/name' successfully

2019-10-27 08:11:03 - [TEST_STEP][PASSED] - setText(findTestObject("mobileSanity/HBI/Page_App Page 1/input__member-P-1-firstName"), FirstName): Text 'Test-123' is set on object 'Object Repository/mobileSanity/HBI/Page_App Page 1/input__member-P-1-firstName'

2019-10-27 08:11:03 - [MESSAGE][PASSED] - Text 'Test-123' is set on object 'Object Repository/mobileSanity/HBI/Page_App Page 1/input__member-P-1-firstName'

2019-10-27 08:11:03 - [TEST_STEP][PASSED] - setText(findTestObject("mobileSanity/HBI/Page_App Page 1/input__member-P-1-lastName"), LastName): Text 'ZZ11-hxVQaVlK' is set on object 'Object Repository/mobileSanity/HBI/Page_App Page 1/input__member-P-1-lastName'

2019-10-27 08:11:03 - [MESSAGE][PASSED] - Text 'ZZ11-hxVQaVlK' is set on object 'Object Repository/mobileSanity/HBI/Page_App Page 1/input__member-P-1-lastName'

2019-10-27 08:11:03 - [TEST_STEP][PASSED] - if (carrier == "agileone" || carrier == "agilesecure"): null

2019-10-27 08:11:03 - [TEST_STEP][PASSED] - setText(findTestObject("mobileSanity/HBI/Page_App Page 1/input__address"), Address): Text 'uKsKPWko' is set on object 'Object Repository/mobileSanity/HBI/Page_App Page 1/input__address'

2019-10-27 08:11:03 - [MESSAGE][PASSED] - Text 'uKsKPWko' is set on object 'Object Repository/mobileSanity/HBI/Page_App Page 1/input__address'

2019-10-27 08:11:03 - [TEST_STEP][PASSED] - setText(findTestObject("mobileSanity/HBI/Page_App Page 1/input__city"), City): Text 'EuxKPJnE' is set on object 'Object Repository/mobileSanity/HBI/Page_App Page 1/input__city'

2019-10-27 08:11:03 - [MESSAGE][PASSED] - Text 'EuxKPJnE' is set on object 'Object Repository/mobileSanity/HBI/Page_App Page 1/input__city'

2019-10-27 08:11:03 - [TEST_STEP][PASSED] - setText(findTestObject("mobileSanity/HBI/Page_App Page 1/input__email"), AutoEmail): Text 'test.IEvmaaxJ@suryani.cn' is set on object 'Object Repository/mobileSanity/HBI/Page_App Page 1/input__email'

2019-10-27 08:11:03 - [MESSAGE][PASSED] - Text 'test.IEvmaaxJ@suryani.cn' is set on object 'Object Repository/mobileSanity/HBI/Page_App Page 1/input__email'

2019-10-27 08:11:03 - [TEST_STEP][PASSED] - setText(findTestObject("mobileSanity/HBI/Page_App Page 1/input_tel"), Tel): Text '938-656-4756' is set on object 'Object Repository/mobileSanity/HBI/Page_App Page 1/input_tel'

2019-10-27 08:11:04 - [MESSAGE][PASSED] - Text '938-656-4756' is set on object 'Object Repository/mobileSanity/HBI/Page_App Page 1/input_tel'

2019-10-27 08:11:04 - [TEST_STEP][PASSED] - click(findTestObject("mobileSanity/HBI/Page_App Page 1/a_Continue to Step 2 - Payment")): Object: 'Object Repository/mobileSanity/HBI/Page_App Page 1/a_Continue to Step 2 - Payment' is clicked on

2019-10-27 08:11:04 - [MESSAGE][PASSED] - Object: 'Object Repository/mobileSanity/HBI/Page_App Page 1/a_Continue to Step 2 - Payment' is clicked on

2019-10-27 08:11:04 - [TEST_STEP][PASSED] - waitForPageLoad(20): Wait for page load successfully

2019-10-27 08:11:04 - [MESSAGE][PASSED] - Wait for page load successfully

2019-10-27 08:11:04 - [TEST_STEP][PASSED] - Thread.sleep(2000): null

2019-10-27 08:11:06 - [TEST_STEP][PASSED] - waitForElementVisible(findTestObject("mobileSanity/HBI/Page_App Page 2/input__credit-card-first"), 20): Object 'Object Repository/mobileSanity/HBI/Page_App Page 2/input__credit-card-first' is visible

2019-10-27 08:11:06 - [MESSAGE][PASSED] - Object 'Object Repository/mobileSanity/HBI/Page_App Page 2/input__credit-card-first' is visible

2019-10-27 08:11:06 - [TEST_STEP][PASSED] - callTestCase(findTestCase("mobileWeb/_include/get_screenshot"), [:], STOP_ON_FAILURE): Call Test Case 'Test Cases/mobileWeb/_include/get_screenshot' successfully

2019-10-27 08:11:06 - [TEST_CASE][PASSED] - Test Cases/mobileWeb/_include/get_screenshot: Test Cases/mobileWeb/_include/get_screenshot

2019-10-27 08:11:06 - [TEST_STEP][PASSED] - takeScreenshot(screenPath + i + ".png"): Taking screenshot successfully

2019-10-27 08:11:06 - [MESSAGE][PASSED] - Taking screenshot successfully
[[ATTACHMENT|D:\\Test\\AgileTest\\Reports\\mobileWeb\\hbi\\20191027_080033\\../Screenshots/iPhone 6/hbi/Vitala Care/20191027_081020/8.png]]

2019-10-27 08:11:06 - [TEST_STEP][PASSED] - (internal.GlobalVariable.i++): null

2019-10-27 08:11:06 - [MESSAGE][PASSED] - Call Test Case 'Test Cases/mobileWeb/_include/get_screenshot' successfully

2019-10-27 08:11:06 - [TEST_STEP][PASSED] - setText(findTestObject("mobileSanity/HBI/Page_App Page 2/input__credit-card-first"), FirstName): Text 'Test-123' is set on object 'Object Repository/mobileSanity/HBI/Page_App Page 2/input__credit-card-first'

2019-10-27 08:11:06 - [MESSAGE][PASSED] - Text 'Test-123' is set on object 'Object Repository/mobileSanity/HBI/Page_App Page 2/input__credit-card-first'

2019-10-27 08:11:06 - [TEST_STEP][PASSED] - setText(findTestObject("mobileSanity/HBI/Page_App Page 2/input__credit-card-last"), LastName): Text 'ZZ11-hxVQaVlK' is set on object 'Object Repository/mobileSanity/HBI/Page_App Page 2/input__credit-card-last'

2019-10-27 08:11:07 - [MESSAGE][PASSED] - Text 'ZZ11-hxVQaVlK' is set on object 'Object Repository/mobileSanity/HBI/Page_App Page 2/input__credit-card-last'

2019-10-27 08:11:07 - [TEST_STEP][PASSED] - selectOptionByValue(findTestObject("mobileSanity/HBI/Page_App Page 2/select_MM010203040506070809101"), "12", true): All options with value '12' are selected in object 'Object Repository/mobileSanity/HBI/Page_App Page 2/select_MM010203040506070809101'  using regular expression

2019-10-27 08:11:07 - [MESSAGE][PASSED] - All options with value '12' are selected in object 'Object Repository/mobileSanity/HBI/Page_App Page 2/select_MM010203040506070809101'  using regular expression

2019-10-27 08:11:07 - [TEST_STEP][PASSED] - selectOptionByValue(findTestObject("mobileSanity/HBI/Page_App Page 2/select_YYYY2019202020212022202"), "2026", true): All options with value '2026' are selected in object 'Object Repository/mobileSanity/HBI/Page_App Page 2/select_YYYY2019202020212022202'  using regular expression

2019-10-27 08:11:07 - [MESSAGE][PASSED] - All options with value '2026' are selected in object 'Object Repository/mobileSanity/HBI/Page_App Page 2/select_YYYY2019202020212022202'  using regular expression

2019-10-27 08:11:07 - [TEST_STEP][PASSED] - setText(findTestObject("mobileSanity/HBI/Page_App Page 2/input__credit-card-number"), "4111111111111111"): Text '4111111111111111' is set on object 'Object Repository/mobileSanity/HBI/Page_App Page 2/input__credit-card-number'

2019-10-27 08:11:07 - [MESSAGE][PASSED] - Text '4111111111111111' is set on object 'Object Repository/mobileSanity/HBI/Page_App Page 2/input__credit-card-number'

2019-10-27 08:11:07 - [TEST_STEP][PASSED] - setText(findTestObject("mobileSanity/HBI/Page_App Page 2/input__cvv"), "123"): Text '123' is set on object 'Object Repository/mobileSanity/HBI/Page_App Page 2/input__cvv'

2019-10-27 08:11:07 - [MESSAGE][PASSED] - Text '123' is set on object 'Object Repository/mobileSanity/HBI/Page_App Page 2/input__cvv'

2019-10-27 08:11:07 - [TEST_STEP][PASSED] - click(findTestObject("mobileSanity/HBI/Page_App Page 2/label_My billing address is th")): Object: 'Object Repository/mobileSanity/HBI/Page_App Page 2/label_My billing address is th' is clicked on

2019-10-27 08:11:08 - [MESSAGE][PASSED] - Object: 'Object Repository/mobileSanity/HBI/Page_App Page 2/label_My billing address is th' is clicked on

2019-10-27 08:11:08 - [TEST_STEP][PASSED] - click(findTestObject("mobileSanity/HBI/Page_App Page 2/label_I Accept Authorization f")): Object: 'Object Repository/mobileSanity/HBI/Page_App Page 2/label_I Accept Authorization f' is clicked on

2019-10-27 08:11:08 - [MESSAGE][PASSED] - Object: 'Object Repository/mobileSanity/HBI/Page_App Page 2/label_I Accept Authorization f' is clicked on

2019-10-27 08:11:08 - [TEST_STEP][PASSED] - click(findTestObject("mobileSanity/HBI/Page_App Page 2/a_Continue to Step 3 - Review")): Object: 'Object Repository/mobileSanity/HBI/Page_App Page 2/a_Continue to Step 3 - Review' is clicked on

2019-10-27 08:11:08 - [MESSAGE][PASSED] - Object: 'Object Repository/mobileSanity/HBI/Page_App Page 2/a_Continue to Step 3 - Review' is clicked on

2019-10-27 08:11:08 - [TEST_STEP][PASSED] - waitForPageLoad(20): Wait for page load successfully

2019-10-27 08:11:08 - [MESSAGE][PASSED] - Wait for page load successfully

2019-10-27 08:11:08 - [TEST_STEP][PASSED] - Thread.sleep(10000): null

2019-10-27 08:11:18 - [TEST_STEP][PASSED] - waitForElementPresent(findTestObject("mobileSanity/HBI/Page_App Page 3/label"), 20): Object 'Object Repository/mobileSanity/HBI/Page_App Page 3/label' is present

2019-10-27 08:11:18 - [MESSAGE][PASSED] - Object 'Object Repository/mobileSanity/HBI/Page_App Page 3/label' is present

2019-10-27 08:11:18 - [TEST_STEP][PASSED] - callTestCase(findTestCase("mobileWeb/_include/get_screenshot"), [:], STOP_ON_FAILURE): Call Test Case 'Test Cases/mobileWeb/_include/get_screenshot' successfully

2019-10-27 08:11:18 - [TEST_CASE][PASSED] - Test Cases/mobileWeb/_include/get_screenshot: Test Cases/mobileWeb/_include/get_screenshot

2019-10-27 08:11:18 - [TEST_STEP][PASSED] - takeScreenshot(screenPath + i + ".png"): Taking screenshot successfully

2019-10-27 08:11:19 - [MESSAGE][PASSED] - Taking screenshot successfully
[[ATTACHMENT|D:\\Test\\AgileTest\\Reports\\mobileWeb\\hbi\\20191027_080033\\../Screenshots/iPhone 6/hbi/Vitala Care/20191027_081020/9.png]]

2019-10-27 08:11:19 - [TEST_STEP][PASSED] - (internal.GlobalVariable.i++): null

2019-10-27 08:11:19 - [MESSAGE][PASSED] - Call Test Case 'Test Cases/mobileWeb/_include/get_screenshot' successfully

2019-10-27 08:11:19 - [TEST_STEP][PASSED] - click(findTestObject("mobileSanity/HBI/Page_App Page 3/label")): Object: 'Object Repository/mobileSanity/HBI/Page_App Page 3/label' is clicked on

2019-10-27 08:11:19 - [MESSAGE][PASSED] - Object: 'Object Repository/mobileSanity/HBI/Page_App Page 3/label' is clicked on

2019-10-27 08:11:19 - [TEST_STEP][PASSED] - click(findTestObject("mobileSanity/HBI/Page_App Page 3/p_CLICK TO SIGN")): Object: 'Object Repository/mobileSanity/HBI/Page_App Page 3/p_CLICK TO SIGN' is clicked on

2019-10-27 08:11:19 - [MESSAGE][PASSED] - Object: 'Object Repository/mobileSanity/HBI/Page_App Page 3/p_CLICK TO SIGN' is clicked on

2019-10-27 08:11:19 - [TEST_STEP][PASSED] - click(findTestObject("mobileSanity/HBI/Page_App Page 3/a_Submit Your Application")): Object: 'Object Repository/mobileSanity/HBI/Page_App Page 3/a_Submit Your Application' is clicked on

2019-10-27 08:11:19 - [MESSAGE][PASSED] - Object: 'Object Repository/mobileSanity/HBI/Page_App Page 3/a_Submit Your Application' is clicked on

2019-10-27 08:11:19 - [TEST_STEP][PASSED] - Thread.sleep(30000): null

2019-10-27 08:11:49 - [TEST_STEP][PASSED] - callTestCase(findTestCase("mobileWeb/_include/get_screenshot"), [:], STOP_ON_FAILURE): Call Test Case 'Test Cases/mobileWeb/_include/get_screenshot' successfully

2019-10-27 08:11:49 - [TEST_CASE][PASSED] - Test Cases/mobileWeb/_include/get_screenshot: Test Cases/mobileWeb/_include/get_screenshot

2019-10-27 08:11:49 - [TEST_STEP][PASSED] - takeScreenshot(screenPath + i + ".png"): Taking screenshot successfully

2019-10-27 08:11:50 - [MESSAGE][PASSED] - Taking screenshot successfully
[[ATTACHMENT|D:\\Test\\AgileTest\\Reports\\mobileWeb\\hbi\\20191027_080033\\../Screenshots/iPhone 6/hbi/Vitala Care/20191027_081020/10.png]]

2019-10-27 08:11:50 - [TEST_STEP][PASSED] - (internal.GlobalVariable.i++): null

2019-10-27 08:11:50 - [MESSAGE][PASSED] - Call Test Case 'Test Cases/mobileWeb/_include/get_screenshot' successfully

2019-10-27 08:11:50 - [TEST_STEP][PASSED] - verifyTextPresent("Congratulations", false): Text 'Congratulations' is present on page 

2019-10-27 08:11:50 - [MESSAGE][PASSED] - Text 'Congratulations' is present on page 

2019-10-27 08:11:50 - [MESSAGE][PASSED] - Call Test Case 'Test Cases/mobileWeb/_include/goToEnd_hbi' successfully]]></system-out>
         <system-err><![CDATA[]]></system-err>
      </testcase>
      <system-out><![CDATA[2019-10-27 08:00:37 - [TEST_SUITE][PASSED] - hbi: Test Cases/mobileWeb/HBI/Vitala Care]]></system-out>
      <system-err><![CDATA[]]></system-err>
   </testsuite>
</testsuites>
