<?xml version="1.0" encoding="UTF-8"?>
<testsuites name="hbi" time="820" tests="4" failures="2" errors="0">
   <testsuite name="hbi" tests="4" failures="2" errors="0" time="820" timestamp="2019-07-23 16:14:12" hostname="sofee.yu - windows10.microdone.cn" id="Test Suites/mobileWeb/hbi">
      <properties>
         <property name="deviceName" value=""/>
         <property name="devicePlatform" value=""/>
         <property name="logFolder" value="D:\\Test\\AgileTest\\AgileTest\\Reports\\mobileWeb\\hbi\\20190723_161403"/>
         <property name="logFiles" value="D:\\Test\\AgileTest\\AgileTest\\Reports\\mobileWeb\\hbi\\20190723_161403\\execution0.log"/>
         <property name="attachments" value="D:\\Test\\AgileTest\\AgileTest\\Reports\\mobileWeb\\hbi\\20190723_161403\\../Screenshots/iPhone X/hbi/Agile One/20190723_161419/0.png, D:\\Test\\AgileTest\\AgileTest\\Reports\\mobileWeb\\hbi\\20190723_161403\\../Screenshots/iPhone X/hbi/Agile One/20190723_161419/1.png, D:\\Test\\AgileTest\\AgileTest\\Reports\\mobileWeb\\hbi\\20190723_161403\\../Screenshots/iPhone X/hbi/Agile One/20190723_161419/2.png, D:\\Test\\AgileTest\\AgileTest\\Reports\\mobileWeb\\hbi\\20190723_161403\\../Screenshots/iPhone X/hbi/Agile One/20190723_161419/3.png, D:\\Test\\AgileTest\\AgileTest\\Reports\\mobileWeb\\hbi\\20190723_161403\\../Screenshots/iPhone X/hbi/Agile One/20190723_161419/4.png, D:\\Test\\AgileTest\\AgileTest\\Reports\\mobileWeb\\hbi\\20190723_161403\\../Screenshots/iPhone X/hbi/Agile One/20190723_161419/5.png, D:\\Test\\AgileTest\\AgileTest\\Reports\\mobileWeb\\hbi\\20190723_161403\\../Screenshots/iPhone X/hbi/Agile One/20190723_161419/6.png, D:\\Test\\AgileTest\\AgileTest\\Reports\\mobileWeb\\hbi\\20190723_161403\\../Screenshots/iPhone X/hbi/Agile One/20190723_161419/7.png, D:\\Test\\AgileTest\\AgileTest\\Reports\\mobileWeb\\hbi\\20190723_161403\\../Screenshots/iPhone X/hbi/Agile One/20190723_161419/8.png, D:\\Test\\AgileTest\\AgileTest\\Reports\\mobileWeb\\hbi\\20190723_161403\\../Screenshots/iPhone X/hbi/Legion Limited Medical/20190723_161805/0.png, D:\\Test\\AgileTest\\AgileTest\\Reports\\mobileWeb\\hbi\\20190723_161403\\../Screenshots/iPhone X/hbi/Legion Limited Medical/20190723_161805/1.png, D:\\Test\\AgileTest\\AgileTest\\Reports\\mobileWeb\\hbi\\20190723_161403\\../Screenshots/iPhone X/hbi/Legion Limited Medical/20190723_161805/2.png, D:\\Test\\AgileTest\\AgileTest\\Reports\\mobileWeb\\hbi\\20190723_161403\\../Screenshots/iPhone X/hbi/Legion Limited Medical/20190723_161805/3.png, D:\\Test\\AgileTest\\AgileTest\\Reports\\mobileWeb\\hbi\\20190723_161403\\../Screenshots/iPhone X/hbi/Legion Limited Medical/20190723_161805/4.png, D:\\Test\\AgileTest\\AgileTest\\Reports\\mobileWeb\\hbi\\20190723_161403\\../Screenshots/iPhone X/hbi/Legion Limited Medical/20190723_161805/5.png, D:\\Test\\AgileTest\\AgileTest\\Reports\\mobileWeb\\hbi\\20190723_161403\\../Screenshots/iPhone X/hbi/Legion Limited Medical/20190723_161805/6.png, D:\\Test\\AgileTest\\AgileTest\\Reports\\mobileWeb\\hbi\\20190723_161403\\../Screenshots/iPhone X/hbi/Legion Limited Medical/20190723_161805/7.png, D:\\Test\\AgileTest\\AgileTest\\Reports\\mobileWeb\\hbi\\20190723_161403\\../Screenshots/iPhone X/hbi/Legion Limited Medical/20190723_161805/8.png, D:\\Test\\AgileTest\\AgileTest\\Reports\\mobileWeb\\hbi\\20190723_161403\\../Screenshots/iPhone X/hbi/Cardinal Choice/20190723_162116/0.png, D:\\Test\\AgileTest\\AgileTest\\Reports\\mobileWeb\\hbi\\20190723_161403\\../Screenshots/iPhone X/hbi/Cardinal Choice/20190723_162116/1.png, D:\\Test\\AgileTest\\AgileTest\\Reports\\mobileWeb\\hbi\\20190723_161403\\../Screenshots/iPhone X/hbi/Cardinal Choice/20190723_162116/2.png, D:\\Test\\AgileTest\\AgileTest\\Reports\\mobileWeb\\hbi\\20190723_161403\\1563870145764.png, D:\\Test\\AgileTest\\AgileTest\\Reports\\mobileWeb\\hbi\\20190723_161403\\../Screenshots/iPhone X/hbi/Core Shield/20190723_162227/0.png, D:\\Test\\AgileTest\\AgileTest\\Reports\\mobileWeb\\hbi\\20190723_161403\\../Screenshots/iPhone X/hbi/Core Shield/20190723_162227/1.png, D:\\Test\\AgileTest\\AgileTest\\Reports\\mobileWeb\\hbi\\20190723_161403\\../Screenshots/iPhone X/hbi/Core Shield/20190723_162227/2.png, D:\\Test\\AgileTest\\AgileTest\\Reports\\mobileWeb\\hbi\\20190723_161403\\../Screenshots/iPhone X/hbi/Core Shield/20190723_162227/3.png, D:\\Test\\AgileTest\\AgileTest\\Reports\\mobileWeb\\hbi\\20190723_161403\\../Screenshots/iPhone X/hbi/Core Shield/20190723_162227/4.png, D:\\Test\\AgileTest\\AgileTest\\Reports\\mobileWeb\\hbi\\20190723_161403\\../Screenshots/iPhone X/hbi/Core Shield/20190723_162227/5.png, D:\\Test\\AgileTest\\AgileTest\\Reports\\mobileWeb\\hbi\\20190723_161403\\../Screenshots/iPhone X/hbi/Core Shield/20190723_162227/6.png, D:\\Test\\AgileTest\\AgileTest\\Reports\\mobileWeb\\hbi\\20190723_161403\\../Screenshots/iPhone X/hbi/Core Shield/20190723_162227/7.png, D:\\Test\\AgileTest\\AgileTest\\Reports\\mobileWeb\\hbi\\20190723_161403\\../Screenshots/iPhone X/hbi/Core Shield/20190723_162227/8.png, D:\\Test\\AgileTest\\AgileTest\\Reports\\mobileWeb\\hbi\\20190723_161403\\../Screenshots/iPhone X/hbi/Agile Secure/20190723_162449/0.png, D:\\Test\\AgileTest\\AgileTest\\Reports\\mobileWeb\\hbi\\20190723_161403\\../Screenshots/iPhone X/hbi/Agile Secure/20190723_162449/1.png, D:\\Test\\AgileTest\\AgileTest\\Reports\\mobileWeb\\hbi\\20190723_161403\\../Screenshots/iPhone X/hbi/Agile Secure/20190723_162449/2.png, D:\\Test\\AgileTest\\AgileTest\\Reports\\mobileWeb\\hbi\\20190723_161403\\../Screenshots/iPhone X/hbi/Agile Secure/20190723_162449/3.png, D:\\Test\\AgileTest\\AgileTest\\Reports\\mobileWeb\\hbi\\20190723_161403\\../Screenshots/iPhone X/hbi/Agile Secure/20190723_162449/4.png, D:\\Test\\AgileTest\\AgileTest\\Reports\\mobileWeb\\hbi\\20190723_161403\\../Screenshots/iPhone X/hbi/Agile Secure/20190723_162449/5.png, D:\\Test\\AgileTest\\AgileTest\\Reports\\mobileWeb\\hbi\\20190723_161403\\../Screenshots/iPhone X/hbi/Agile Secure/20190723_162449/6.png, D:\\Test\\AgileTest\\AgileTest\\Reports\\mobileWeb\\hbi\\20190723_161403\\../Screenshots/iPhone X/hbi/Agile Secure/20190723_162449/7.png, D:\\Test\\AgileTest\\AgileTest\\Reports\\mobileWeb\\hbi\\20190723_161403\\../Screenshots/iPhone X/hbi/Fixed Cash Benefit/20190723_162705/0.png, D:\\Test\\AgileTest\\AgileTest\\Reports\\mobileWeb\\hbi\\20190723_161403\\../Screenshots/iPhone X/hbi/Fixed Cash Benefit/20190723_162705/1.png, D:\\Test\\AgileTest\\AgileTest\\Reports\\mobileWeb\\hbi\\20190723_161403\\../Screenshots/iPhone X/hbi/Fixed Cash Benefit/20190723_162705/2.png, D:\\Test\\AgileTest\\AgileTest\\Reports\\mobileWeb\\hbi\\20190723_161403\\1563870471596.png"/>
         <property name="hostName" value="sofee.yu - windows10.microdone.cn"/>
         <property name="os" value="Windows 7 64bit"/>
         <property name="katalonVersion" value="5.9.1.2"/>
         <property name="browser" value="Safari 11"/>
         <property name="hostAddress" value="172.16.86.47"/>
         <property name="sessionId" value="4fbb01daab349d81f9c7f28627cb6b06"/>
         <property name="seleniumVersion" value="3.7.1"/>
         <property name="proxyInformation" value="ProxyInformation{proxyOption=NO_PROXY, proxyServerType=HTTP, password=, proxyServerAddress=, proxyServerPort=0}"/>
         <property name="platform" value="Windows 7"/>
      </properties>
      <testcase name="Test Cases/mobileWeb/HBI/Agile One" classname="Test Cases/mobileWeb/HBI/Agile One" status="PASSED">
         <system-out><![CDATA[2019-07-23 16:14:13 - [TEST_CASE][PASSED] - Test Cases/mobileWeb/HBI/Agile One: Test Cases/mobileWeb/HBI/Agile One

2019-07-23 16:14:14 - [TEST_STEP][PASSED] - callTestCase(findTestCase("mobileWeb/_include/get_screenPath"), ["productLine":"hbi", "carrierName":"Agile One"], CONTINUE_ON_FAILURE): Call Test Case 'Test Cases/mobileWeb/_include/get_screenPath' successfully

2019-07-23 16:14:18 - [TEST_CASE][PASSED] - Test Cases/mobileWeb/_include/get_screenPath: Test Cases/mobileWeb/_include/get_screenPath

2019-07-23 16:14:19 - [TEST_STEP][PASSED] - m = getExecutionProperties(): null

2019-07-23 16:14:19 - [TEST_STEP][PASSED] - deviceName = get("mobileEmulation").get("deviceName"): null

2019-07-23 16:14:19 - [TEST_STEP][PASSED] - println(deviceName): null

2019-07-23 16:14:19 - [TEST_STEP][PASSED] - now = new java.util.Date(): null

2019-07-23 16:14:19 - [TEST_STEP][PASSED] - mydate = now.format("yyyyMMdd_HHmmss"): null

2019-07-23 16:14:19 - [TEST_STEP][PASSED] - screenPath = "../Screenshots/": null

2019-07-23 16:14:19 - [TEST_STEP][PASSED] - screenPath = screenPath + deviceName + "/" + productLine + "/" + carrierName + "/" + mydate + "/": null

2019-07-23 16:14:19 - [TEST_STEP][PASSED] - println(screenPath): null

2019-07-23 16:14:19 - [MESSAGE][PASSED] - Call Test Case 'Test Cases/mobileWeb/_include/get_screenPath' successfully

2019-07-23 16:14:19 - [TEST_STEP][PASSED] - i = 0: null

2019-07-23 16:14:19 - [TEST_STEP][PASSED] - callTestCase(findTestCase("mobileWeb/_include/openWebSite"), [:], CONTINUE_ON_FAILURE): Call Test Case 'Test Cases/mobileWeb/_include/openWebSite' successfully

2019-07-23 16:14:20 - [TEST_CASE][PASSED] - Test Cases/mobileWeb/_include/openWebSite: Test Cases/mobileWeb/_include/openWebSite

2019-07-23 16:14:20 - [TEST_STEP][PASSED] - openBrowser(ENV): Browser is opened with url: 'https://praetemptatus.agilehealthinsurance.com'

2019-07-23 16:14:23 - [MESSAGE][INFO] - Starting 'Chrome' driver

2019-07-23 16:14:23 - [MESSAGE][INFO] - User set preference: ['mobileEmulation', '{deviceName=iPhone X}']

2019-07-23 16:14:23 - [MESSAGE][INFO] - User set preference: ['args', '[--incognito, --aggressive-cache-discard, --no-sandbox, --window-size=375,812]']

2019-07-23 16:14:23 - [MESSAGE][INFO] - Action delay is set to 0 seconds

2019-07-23 16:15:06 - [MESSAGE][PASSED] - Browser is opened with url: 'https://praetemptatus.agilehealthinsurance.com'

2019-07-23 16:15:06 - [TEST_STEP][PASSED] - waitForPageLoad(10): Wait for page load successfully

2019-07-23 16:15:07 - [MESSAGE][PASSED] - Wait for page load successfully

2019-07-23 16:15:07 - [TEST_STEP][PASSED] - callTestCase(findTestCase("mobileWeb/_include/get_screenshot"), [:], STOP_ON_FAILURE): Call Test Case 'Test Cases/mobileWeb/_include/get_screenshot' successfully

2019-07-23 16:15:07 - [TEST_CASE][PASSED] - Test Cases/mobileWeb/_include/get_screenshot: Test Cases/mobileWeb/_include/get_screenshot

2019-07-23 16:15:08 - [TEST_STEP][PASSED] - takeScreenshot(screenPath + i + ".png"): Taking screenshot successfully

2019-07-23 16:15:19 - [MESSAGE][PASSED] - Taking screenshot successfully
[[ATTACHMENT|D:\\Test\\AgileTest\\AgileTest\\Reports\\mobileWeb\\hbi\\20190723_161403\\../Screenshots/iPhone X/hbi/Agile One/20190723_161419/0.png]]

2019-07-23 16:15:19 - [TEST_STEP][PASSED] - (internal.GlobalVariable.i++): null

2019-07-23 16:15:19 - [MESSAGE][PASSED] - Call Test Case 'Test Cases/mobileWeb/_include/get_screenshot' successfully

2019-07-23 16:15:19 - [MESSAGE][PASSED] - Call Test Case 'Test Cases/mobileWeb/_include/openWebSite' successfully

2019-07-23 16:15:19 - [TEST_STEP][PASSED] - callTestCase(findTestCase("mobileWeb/_include/census_hbi"), [:], CONTINUE_ON_FAILURE): Call Test Case 'Test Cases/mobileWeb/_include/census_hbi' successfully

2019-07-23 16:15:19 - [TEST_CASE][PASSED] - Test Cases/mobileWeb/_include/census_hbi: Test Cases/mobileWeb/_include/census_hbi

2019-07-23 16:15:20 - [TEST_STEP][PASSED] - click(findTestObject("mobileSanity/Common/side_nav/menu")): Object: 'Object Repository/mobileSanity/Common/side_nav/menu' is clicked on

2019-07-23 16:15:30 - [MESSAGE][PASSED] - Object: 'Object Repository/mobileSanity/Common/side_nav/menu' is clicked on

2019-07-23 16:15:30 - [TEST_STEP][PASSED] - Thread.sleep(3000): null

2019-07-23 16:15:33 - [TEST_STEP][PASSED] - click(findTestObject("mobileSanity/Common/side_nav/nav_hbi")): Object: 'Object Repository/mobileSanity/Common/side_nav/nav_hbi' is clicked on

2019-07-23 16:15:40 - [MESSAGE][PASSED] - Object: 'Object Repository/mobileSanity/Common/side_nav/nav_hbi' is clicked on

2019-07-23 16:15:40 - [TEST_STEP][PASSED] - waitForPageLoad(10): Wait for page load successfully

2019-07-23 16:15:43 - [MESSAGE][PASSED] - Wait for page load successfully

2019-07-23 16:15:43 - [TEST_STEP][PASSED] - callTestCase(findTestCase("mobileWeb/_include/get_screenshot"), [:], STOP_ON_FAILURE): Call Test Case 'Test Cases/mobileWeb/_include/get_screenshot' successfully

2019-07-23 16:15:43 - [TEST_CASE][PASSED] - Test Cases/mobileWeb/_include/get_screenshot: Test Cases/mobileWeb/_include/get_screenshot

2019-07-23 16:15:43 - [TEST_STEP][PASSED] - takeScreenshot(screenPath + i + ".png"): Taking screenshot successfully

2019-07-23 16:15:45 - [MESSAGE][PASSED] - Taking screenshot successfully
[[ATTACHMENT|D:\\Test\\AgileTest\\AgileTest\\Reports\\mobileWeb\\hbi\\20190723_161403\\../Screenshots/iPhone X/hbi/Agile One/20190723_161419/1.png]]

2019-07-23 16:15:45 - [TEST_STEP][PASSED] - (internal.GlobalVariable.i++): null

2019-07-23 16:15:45 - [MESSAGE][PASSED] - Call Test Case 'Test Cases/mobileWeb/_include/get_screenshot' successfully

2019-07-23 16:15:45 - [TEST_STEP][PASSED] - setText(findTestObject("mobileSanity/HBI/census/input_Location_zip-input"), zipcode): Text '35215' is set on object 'Object Repository/mobileSanity/HBI/census/input_Location_zip-input'

2019-07-23 16:15:45 - [MESSAGE][PASSED] - Text '35215' is set on object 'Object Repository/mobileSanity/HBI/census/input_Location_zip-input'

2019-07-23 16:15:45 - [TEST_STEP][PASSED] - Thread.sleep(500): null

2019-07-23 16:15:46 - [TEST_STEP][PASSED] - setText(findTestObject("mobileSanity/HBI/census/input_Date of Birth_dob-0"), "12121980"): Text '12121980' is set on object 'Object Repository/mobileSanity/HBI/census/input_Date of Birth_dob-0'

2019-07-23 16:15:46 - [MESSAGE][PASSED] - Text '12121980' is set on object 'Object Repository/mobileSanity/HBI/census/input_Date of Birth_dob-0'

2019-07-23 16:15:46 - [TEST_STEP][PASSED] - click(findTestObject("mobileSanity/HBI/census/label_Male")): Object: 'Object Repository/mobileSanity/HBI/census/label_Male' is clicked on

2019-07-23 16:15:47 - [MESSAGE][PASSED] - Object: 'Object Repository/mobileSanity/HBI/census/label_Male' is clicked on

2019-07-23 16:15:47 - [TEST_STEP][PASSED] - click(findTestObject("mobileSanity/HBI/census/label_Get a Quote")): Object: 'Object Repository/mobileSanity/HBI/census/label_Get a Quote' is clicked on

2019-07-23 16:15:57 - [MESSAGE][PASSED] - Object: 'Object Repository/mobileSanity/HBI/census/label_Get a Quote' is clicked on

2019-07-23 16:15:57 - [TEST_STEP][PASSED] - waitForPageLoad(10): Wait for page load successfully

2019-07-23 16:16:01 - [MESSAGE][PASSED] - Wait for page load successfully

2019-07-23 16:16:01 - [TEST_STEP][PASSED] - callTestCase(findTestCase("mobileWeb/_include/get_screenshot"), [:], STOP_ON_FAILURE): Call Test Case 'Test Cases/mobileWeb/_include/get_screenshot' successfully

2019-07-23 16:16:02 - [TEST_CASE][PASSED] - Test Cases/mobileWeb/_include/get_screenshot: Test Cases/mobileWeb/_include/get_screenshot

2019-07-23 16:16:02 - [TEST_STEP][PASSED] - takeScreenshot(screenPath + i + ".png"): Taking screenshot successfully

2019-07-23 16:16:03 - [MESSAGE][PASSED] - Taking screenshot successfully
[[ATTACHMENT|D:\\Test\\AgileTest\\AgileTest\\Reports\\mobileWeb\\hbi\\20190723_161403\\../Screenshots/iPhone X/hbi/Agile One/20190723_161419/2.png]]

2019-07-23 16:16:03 - [TEST_STEP][PASSED] - (internal.GlobalVariable.i++): null

2019-07-23 16:16:03 - [MESSAGE][PASSED] - Call Test Case 'Test Cases/mobileWeb/_include/get_screenshot' successfully

2019-07-23 16:16:03 - [MESSAGE][PASSED] - Call Test Case 'Test Cases/mobileWeb/_include/census_hbi' successfully

2019-07-23 16:16:03 - [TEST_STEP][PASSED] - Thread.sleep(5000): null

2019-07-23 16:16:08 - [TEST_STEP][PASSED] - scrollToPosition(200, 2300): Browser is scrolled to position x = 200, y = 2300

2019-07-23 16:16:08 - [MESSAGE][PASSED] - Browser is scrolled to position x = 200, y = 2300

2019-07-23 16:16:08 - [TEST_STEP][PASSED] - click(findTestObject("mobileSanity/HBI/quote/a_Agile One 750")): Object: 'Object Repository/mobileSanity/HBI/quote/a_Agile One 750' is clicked on

2019-07-23 16:16:18 - [MESSAGE][PASSED] - Object: 'Object Repository/mobileSanity/HBI/quote/a_Agile One 750' is clicked on

2019-07-23 16:16:18 - [TEST_STEP][PASSED] - waitForPageLoad(10): Wait for page load successfully

2019-07-23 16:16:22 - [MESSAGE][PASSED] - Wait for page load successfully

2019-07-23 16:16:22 - [TEST_STEP][PASSED] - callTestCase(findTestCase("mobileWeb/_include/get_screenshot"), [:], STOP_ON_FAILURE): Call Test Case 'Test Cases/mobileWeb/_include/get_screenshot' successfully

2019-07-23 16:16:22 - [TEST_CASE][PASSED] - Test Cases/mobileWeb/_include/get_screenshot: Test Cases/mobileWeb/_include/get_screenshot

2019-07-23 16:16:22 - [TEST_STEP][PASSED] - takeScreenshot(screenPath + i + ".png"): Taking screenshot successfully

2019-07-23 16:16:25 - [MESSAGE][PASSED] - Taking screenshot successfully
[[ATTACHMENT|D:\\Test\\AgileTest\\AgileTest\\Reports\\mobileWeb\\hbi\\20190723_161403\\../Screenshots/iPhone X/hbi/Agile One/20190723_161419/3.png]]

2019-07-23 16:16:25 - [TEST_STEP][PASSED] - (internal.GlobalVariable.i++): null

2019-07-23 16:16:25 - [MESSAGE][PASSED] - Call Test Case 'Test Cases/mobileWeb/_include/get_screenshot' successfully

2019-07-23 16:16:25 - [TEST_STEP][PASSED] - click(findTestObject("mobileSanity/HBI/detail/a_Apply for This Plan")): Object: 'Object Repository/mobileSanity/HBI/detail/a_Apply for This Plan' is clicked on

2019-07-23 16:16:33 - [MESSAGE][PASSED] - Object: 'Object Repository/mobileSanity/HBI/detail/a_Apply for This Plan' is clicked on

2019-07-23 16:16:33 - [TEST_STEP][PASSED] - waitForPageLoad(10): Wait for page load successfully

2019-07-23 16:16:33 - [MESSAGE][PASSED] - Wait for page load successfully

2019-07-23 16:16:33 - [TEST_STEP][PASSED] - callTestCase(findTestCase("mobileWeb/_include/get_screenshot"), [:], STOP_ON_FAILURE): Call Test Case 'Test Cases/mobileWeb/_include/get_screenshot' successfully

2019-07-23 16:16:33 - [TEST_CASE][PASSED] - Test Cases/mobileWeb/_include/get_screenshot: Test Cases/mobileWeb/_include/get_screenshot

2019-07-23 16:16:33 - [TEST_STEP][PASSED] - takeScreenshot(screenPath + i + ".png"): Taking screenshot successfully

2019-07-23 16:16:34 - [MESSAGE][PASSED] - Taking screenshot successfully
[[ATTACHMENT|D:\\Test\\AgileTest\\AgileTest\\Reports\\mobileWeb\\hbi\\20190723_161403\\../Screenshots/iPhone X/hbi/Agile One/20190723_161419/4.png]]

2019-07-23 16:16:34 - [TEST_STEP][PASSED] - (internal.GlobalVariable.i++): null

2019-07-23 16:16:34 - [MESSAGE][PASSED] - Call Test Case 'Test Cases/mobileWeb/_include/get_screenshot' successfully

2019-07-23 16:16:34 - [TEST_STEP][PASSED] - click(findTestObject("mobileSanity/HBI/Page_Apply/span_Start Secure Application")): Object: 'Object Repository/mobileSanity/HBI/Page_Apply/span_Start Secure Application' is clicked on

2019-07-23 16:16:40 - [MESSAGE][PASSED] - Object: 'Object Repository/mobileSanity/HBI/Page_Apply/span_Start Secure Application' is clicked on

2019-07-23 16:16:40 - [TEST_STEP][PASSED] - waitForPageLoad(10): Wait for page load successfully

2019-07-23 16:16:40 - [MESSAGE][PASSED] - Wait for page load successfully

2019-07-23 16:16:40 - [TEST_STEP][PASSED] - callTestCase(findTestCase("mobileWeb/_include/get_screenshot"), [:], STOP_ON_FAILURE): Call Test Case 'Test Cases/mobileWeb/_include/get_screenshot' successfully

2019-07-23 16:16:41 - [TEST_CASE][PASSED] - Test Cases/mobileWeb/_include/get_screenshot: Test Cases/mobileWeb/_include/get_screenshot

2019-07-23 16:16:41 - [TEST_STEP][PASSED] - takeScreenshot(screenPath + i + ".png"): Taking screenshot successfully

2019-07-23 16:16:41 - [MESSAGE][PASSED] - Taking screenshot successfully
[[ATTACHMENT|D:\\Test\\AgileTest\\AgileTest\\Reports\\mobileWeb\\hbi\\20190723_161403\\../Screenshots/iPhone X/hbi/Agile One/20190723_161419/5.png]]

2019-07-23 16:16:41 - [TEST_STEP][PASSED] - (internal.GlobalVariable.i++): null

2019-07-23 16:16:41 - [MESSAGE][PASSED] - Call Test Case 'Test Cases/mobileWeb/_include/get_screenshot' successfully

2019-07-23 16:16:41 - [TEST_STEP][PASSED] - callTestCase(findTestCase("mobileWeb/_include/goToEnd_hbi"), ["carrier":"agileone"], CONTINUE_ON_FAILURE): Call Test Case 'Test Cases/mobileWeb/_include/goToEnd_hbi' successfully

2019-07-23 16:16:42 - [TEST_CASE][PASSED] - Test Cases/mobileWeb/_include/goToEnd_hbi: Test Cases/mobileWeb/_include/goToEnd_hbi

2019-07-23 16:16:42 - [TEST_STEP][PASSED] - callTestCase(findTestCase("mobileWeb/_include/name"), [:], CONTINUE_ON_FAILURE): Call Test Case 'Test Cases/mobileWeb/_include/name' successfully

2019-07-23 16:16:42 - [TEST_CASE][PASSED] - Test Cases/mobileWeb/_include/name: Test Cases/mobileWeb/_include/name

2019-07-23 16:16:43 - [TEST_STEP][PASSED] - driver = getWebDriver(): null

2019-07-23 16:16:43 - [TEST_STEP][PASSED] - selenium = new com.thoughtworks.selenium.webdriven.WebDriverBackedSelenium(driver, internal.GlobalVariable.ENV): null

2019-07-23 16:16:43 - [TEST_STEP][PASSED] - FirstName = "Test-123": null

2019-07-23 16:16:43 - [TEST_STEP][PASSED] - LastName = selenium.getEval("{var x="ABCDEFGHIJKLMNOPQRSTUVWXYZabcdefghijklmnopqrstuvwxyz"; var tmp="ZZ11-"; for (i=0;i<8;i++) tmp+=x.charAt(Math.ceil(51*Math.random()));tmp;}"): null

2019-07-23 16:16:43 - [TEST_STEP][PASSED] - Address = selenium.getEval("{var x="ABCDEFGHIJKLMNOPQRSTUVWXYZabcdefghijklmnopqrstuvwxyz"; var tmp=""; for (i=0;i<8;i++) tmp+=x.charAt(Math.ceil(51*Math.random()));tmp;}"): null

2019-07-23 16:16:43 - [TEST_STEP][PASSED] - City = selenium.getEval("{var x="ABCDEFGHIJKLMNOPQRSTUVWXYZabcdefghijklmnopqrstuvwxyz"; var tmp=""; for (i=0;i<8;i++) tmp+=x.charAt(Math.ceil(51*Math.random()));tmp;}"): null

2019-07-23 16:16:44 - [TEST_STEP][PASSED] - tel1 = selenium.getEval("{var x="123456789"; var tmp=""; for (i=0;i<3;i++) tmp+=x.charAt(Math.ceil(8*Math.random()));tmp;}"): null

2019-07-23 16:16:44 - [TEST_STEP][PASSED] - tel2 = selenium.getEval("{var x="123456789"; var tmp=""; for (i=0;i<3;i++) tmp+=x.charAt(Math.ceil(8*Math.random()));tmp;}"): null

2019-07-23 16:16:44 - [TEST_STEP][PASSED] - tel3 = selenium.getEval("{var x="123456789"; var tmp=""; for (i=0;i<4;i++) tmp+=x.charAt(Math.ceil(8*Math.random()));tmp;}"): null

2019-07-23 16:16:44 - [TEST_STEP][PASSED] - Tel = selenium.getExpression(tel1 + "-" + tel2 + "-" + tel3): null

2019-07-23 16:16:44 - [TEST_STEP][PASSED] - AutoEmail = selenium.getEval("{var x="ABCDEFGHIJKLMNOPQRSTUVWXYZabcdefghijklmnopqrstuvwxyz"; var tmp="test."; for (i=0;i<8;i++) tmp+=x.charAt(Math.ceil(51*Math.random()));tmp+="@suryani.cn";}"): null

2019-07-23 16:16:44 - [TEST_STEP][PASSED] - FirstName = FirstName: null

2019-07-23 16:16:44 - [TEST_STEP][PASSED] - LastName = LastName: null

2019-07-23 16:16:44 - [TEST_STEP][PASSED] - Address = Address: null

2019-07-23 16:16:44 - [TEST_STEP][PASSED] - City = City: null

2019-07-23 16:16:44 - [TEST_STEP][PASSED] - Tel = Tel: null

2019-07-23 16:16:44 - [TEST_STEP][PASSED] - AutoEmail = AutoEmail: null

2019-07-23 16:16:44 - [TEST_STEP][PASSED] - println(FirstName): null

2019-07-23 16:16:44 - [TEST_STEP][PASSED] - println(LastName): null

2019-07-23 16:16:44 - [TEST_STEP][PASSED] - println(Address): null

2019-07-23 16:16:44 - [TEST_STEP][PASSED] - println(City): null

2019-07-23 16:16:44 - [TEST_STEP][PASSED] - println(Tel): null

2019-07-23 16:16:44 - [TEST_STEP][PASSED] - println(AutoEmail): null

2019-07-23 16:16:44 - [MESSAGE][PASSED] - Call Test Case 'Test Cases/mobileWeb/_include/name' successfully

2019-07-23 16:16:44 - [TEST_STEP][PASSED] - setText(findTestObject("mobileSanity/HBI/Page_App Page 1/input__member-P-1-firstName"), FirstName): Text 'Test-123' is set on object 'Object Repository/mobileSanity/HBI/Page_App Page 1/input__member-P-1-firstName'

2019-07-23 16:16:47 - [MESSAGE][PASSED] - Text 'Test-123' is set on object 'Object Repository/mobileSanity/HBI/Page_App Page 1/input__member-P-1-firstName'

2019-07-23 16:16:47 - [TEST_STEP][PASSED] - setText(findTestObject("mobileSanity/HBI/Page_App Page 1/input__member-P-1-lastName"), LastName): Text 'ZZ11-pdHQJRWQ' is set on object 'Object Repository/mobileSanity/HBI/Page_App Page 1/input__member-P-1-lastName'

2019-07-23 16:16:50 - [MESSAGE][PASSED] - Text 'ZZ11-pdHQJRWQ' is set on object 'Object Repository/mobileSanity/HBI/Page_App Page 1/input__member-P-1-lastName'

2019-07-23 16:16:50 - [TEST_STEP][PASSED] - if (carrier == "agileone" || carrier == "agilesecure"): Text 'test6' is set on object 'Object Repository/mobileSanity/HBI/Page_App Page 1/input__contingent-beneficiary-relationship'

2019-07-23 16:16:50 - [TEST_STEP][PASSED] - setText(findTestObject("mobileSanity/HBI/Page_App Page 1/input__primary-beneficiary-fir"), "test1"): Text 'test1' is set on object 'Object Repository/mobileSanity/HBI/Page_App Page 1/input__primary-beneficiary-fir'

2019-07-23 16:16:50 - [MESSAGE][PASSED] - Text 'test1' is set on object 'Object Repository/mobileSanity/HBI/Page_App Page 1/input__primary-beneficiary-fir'

2019-07-23 16:16:50 - [TEST_STEP][PASSED] - setText(findTestObject("mobileSanity/HBI/Page_App Page 1/input__primary-beneficiary-las"), "test2"): Text 'test2' is set on object 'Object Repository/mobileSanity/HBI/Page_App Page 1/input__primary-beneficiary-las'

2019-07-23 16:16:51 - [MESSAGE][PASSED] - Text 'test2' is set on object 'Object Repository/mobileSanity/HBI/Page_App Page 1/input__primary-beneficiary-las'

2019-07-23 16:16:51 - [TEST_STEP][PASSED] - setText(findTestObject("mobileSanity/HBI/Page_App Page 1/input__primary-beneficiary-rel"), "test3"): Text 'test3' is set on object 'Object Repository/mobileSanity/HBI/Page_App Page 1/input__primary-beneficiary-rel'

2019-07-23 16:16:51 - [MESSAGE][PASSED] - Text 'test3' is set on object 'Object Repository/mobileSanity/HBI/Page_App Page 1/input__primary-beneficiary-rel'

2019-07-23 16:16:51 - [TEST_STEP][PASSED] - setText(findTestObject("mobileSanity/HBI/Page_App Page 1/input__contingent-beneficiary-"), "test4"): Text 'test4' is set on object 'Object Repository/mobileSanity/HBI/Page_App Page 1/input__contingent-beneficiary-'

2019-07-23 16:16:52 - [MESSAGE][PASSED] - Text 'test4' is set on object 'Object Repository/mobileSanity/HBI/Page_App Page 1/input__contingent-beneficiary-'

2019-07-23 16:16:52 - [TEST_STEP][PASSED] - setText(findTestObject("mobileSanity/HBI/Page_App Page 1/input__contingent-beneficiary-_lastname"), "test5"): Text 'test5' is set on object 'Object Repository/mobileSanity/HBI/Page_App Page 1/input__contingent-beneficiary-_lastname'

2019-07-23 16:16:53 - [MESSAGE][PASSED] - Text 'test5' is set on object 'Object Repository/mobileSanity/HBI/Page_App Page 1/input__contingent-beneficiary-_lastname'

2019-07-23 16:16:53 - [TEST_STEP][PASSED] - setText(findTestObject("mobileSanity/HBI/Page_App Page 1/input__contingent-beneficiary-relationship"), "test6"): Text 'test6' is set on object 'Object Repository/mobileSanity/HBI/Page_App Page 1/input__contingent-beneficiary-relationship'

2019-07-23 16:16:54 - [MESSAGE][PASSED] - Text 'test6' is set on object 'Object Repository/mobileSanity/HBI/Page_App Page 1/input__contingent-beneficiary-relationship'

2019-07-23 16:16:54 - [TEST_STEP][PASSED] - setText(findTestObject("mobileSanity/HBI/Page_App Page 1/input__address"), Address): Text 'vtNtvmOP' is set on object 'Object Repository/mobileSanity/HBI/Page_App Page 1/input__address'

2019-07-23 16:16:54 - [MESSAGE][PASSED] - Text 'vtNtvmOP' is set on object 'Object Repository/mobileSanity/HBI/Page_App Page 1/input__address'

2019-07-23 16:16:54 - [TEST_STEP][PASSED] - setText(findTestObject("mobileSanity/HBI/Page_App Page 1/input__city"), City): Text 'rhwZqqgR' is set on object 'Object Repository/mobileSanity/HBI/Page_App Page 1/input__city'

2019-07-23 16:16:55 - [MESSAGE][PASSED] - Text 'rhwZqqgR' is set on object 'Object Repository/mobileSanity/HBI/Page_App Page 1/input__city'

2019-07-23 16:16:55 - [TEST_STEP][PASSED] - setText(findTestObject("mobileSanity/HBI/Page_App Page 1/input__email"), AutoEmail): Text 'test.PuhrvTth@suryani.cn' is set on object 'Object Repository/mobileSanity/HBI/Page_App Page 1/input__email'

2019-07-23 16:16:56 - [MESSAGE][PASSED] - Text 'test.PuhrvTth@suryani.cn' is set on object 'Object Repository/mobileSanity/HBI/Page_App Page 1/input__email'

2019-07-23 16:16:56 - [TEST_STEP][PASSED] - setText(findTestObject("mobileSanity/HBI/Page_App Page 1/input_tel"), Tel): Text '588-736-9737' is set on object 'Object Repository/mobileSanity/HBI/Page_App Page 1/input_tel'

2019-07-23 16:16:58 - [MESSAGE][PASSED] - Text '588-736-9737' is set on object 'Object Repository/mobileSanity/HBI/Page_App Page 1/input_tel'

2019-07-23 16:16:58 - [TEST_STEP][PASSED] - click(findTestObject("mobileSanity/HBI/Page_App Page 1/a_Continue to Step 2 - Payment")): Object: 'Object Repository/mobileSanity/HBI/Page_App Page 1/a_Continue to Step 2 - Payment' is clicked on

2019-07-23 16:16:58 - [MESSAGE][PASSED] - Object: 'Object Repository/mobileSanity/HBI/Page_App Page 1/a_Continue to Step 2 - Payment' is clicked on

2019-07-23 16:16:58 - [TEST_STEP][PASSED] - waitForPageLoad(10): Wait for page load successfully

2019-07-23 16:16:58 - [MESSAGE][PASSED] - Wait for page load successfully

2019-07-23 16:16:58 - [TEST_STEP][PASSED] - Thread.sleep(2000): null

2019-07-23 16:17:00 - [TEST_STEP][PASSED] - callTestCase(findTestCase("mobileWeb/_include/get_screenshot"), [:], STOP_ON_FAILURE): Call Test Case 'Test Cases/mobileWeb/_include/get_screenshot' successfully

2019-07-23 16:17:00 - [TEST_CASE][PASSED] - Test Cases/mobileWeb/_include/get_screenshot: Test Cases/mobileWeb/_include/get_screenshot

2019-07-23 16:17:00 - [TEST_STEP][PASSED] - takeScreenshot(screenPath + i + ".png"): Taking screenshot successfully

2019-07-23 16:17:01 - [MESSAGE][PASSED] - Taking screenshot successfully
[[ATTACHMENT|D:\\Test\\AgileTest\\AgileTest\\Reports\\mobileWeb\\hbi\\20190723_161403\\../Screenshots/iPhone X/hbi/Agile One/20190723_161419/6.png]]

2019-07-23 16:17:01 - [TEST_STEP][PASSED] - (internal.GlobalVariable.i++): null

2019-07-23 16:17:01 - [MESSAGE][PASSED] - Call Test Case 'Test Cases/mobileWeb/_include/get_screenshot' successfully

2019-07-23 16:17:01 - [TEST_STEP][PASSED] - setText(findTestObject("mobileSanity/HBI/Page_App Page 2/input__credit-card-first"), FirstName): Text 'Test-123' is set on object 'Object Repository/mobileSanity/HBI/Page_App Page 2/input__credit-card-first'

2019-07-23 16:17:02 - [MESSAGE][PASSED] - Text 'Test-123' is set on object 'Object Repository/mobileSanity/HBI/Page_App Page 2/input__credit-card-first'

2019-07-23 16:17:02 - [TEST_STEP][PASSED] - setText(findTestObject("mobileSanity/HBI/Page_App Page 2/input__credit-card-last"), LastName): Text 'ZZ11-pdHQJRWQ' is set on object 'Object Repository/mobileSanity/HBI/Page_App Page 2/input__credit-card-last'

2019-07-23 16:17:02 - [MESSAGE][PASSED] - Text 'ZZ11-pdHQJRWQ' is set on object 'Object Repository/mobileSanity/HBI/Page_App Page 2/input__credit-card-last'

2019-07-23 16:17:02 - [TEST_STEP][PASSED] - selectOptionByValue(findTestObject("mobileSanity/HBI/Page_App Page 2/select_MM010203040506070809101"), "12", true): All options with value '12' are selected in object 'Object Repository/mobileSanity/HBI/Page_App Page 2/select_MM010203040506070809101'  using regular expression

2019-07-23 16:17:03 - [MESSAGE][PASSED] - All options with value '12' are selected in object 'Object Repository/mobileSanity/HBI/Page_App Page 2/select_MM010203040506070809101'  using regular expression

2019-07-23 16:17:03 - [TEST_STEP][PASSED] - selectOptionByValue(findTestObject("mobileSanity/HBI/Page_App Page 2/select_YYYY2019202020212022202"), "2026", true): All options with value '2026' are selected in object 'Object Repository/mobileSanity/HBI/Page_App Page 2/select_YYYY2019202020212022202'  using regular expression

2019-07-23 16:17:04 - [MESSAGE][PASSED] - All options with value '2026' are selected in object 'Object Repository/mobileSanity/HBI/Page_App Page 2/select_YYYY2019202020212022202'  using regular expression

2019-07-23 16:17:04 - [TEST_STEP][PASSED] - setText(findTestObject("mobileSanity/HBI/Page_App Page 2/input__credit-card-number"), "4111111111111111"): Text '4111111111111111' is set on object 'Object Repository/mobileSanity/HBI/Page_App Page 2/input__credit-card-number'

2019-07-23 16:17:04 - [MESSAGE][PASSED] - Text '4111111111111111' is set on object 'Object Repository/mobileSanity/HBI/Page_App Page 2/input__credit-card-number'

2019-07-23 16:17:04 - [TEST_STEP][PASSED] - setText(findTestObject("mobileSanity/HBI/Page_App Page 2/input__cvv"), "123"): Text '123' is set on object 'Object Repository/mobileSanity/HBI/Page_App Page 2/input__cvv'

2019-07-23 16:17:04 - [MESSAGE][PASSED] - Text '123' is set on object 'Object Repository/mobileSanity/HBI/Page_App Page 2/input__cvv'

2019-07-23 16:17:04 - [TEST_STEP][PASSED] - click(findTestObject("mobileSanity/HBI/Page_App Page 2/label_My billing address is th")): Object: 'Object Repository/mobileSanity/HBI/Page_App Page 2/label_My billing address is th' is clicked on

2019-07-23 16:17:05 - [MESSAGE][PASSED] - Object: 'Object Repository/mobileSanity/HBI/Page_App Page 2/label_My billing address is th' is clicked on

2019-07-23 16:17:05 - [TEST_STEP][PASSED] - click(findTestObject("mobileSanity/HBI/Page_App Page 2/label_I Accept Authorization f")): Object: 'Object Repository/mobileSanity/HBI/Page_App Page 2/label_I Accept Authorization f' is clicked on

2019-07-23 16:17:05 - [MESSAGE][PASSED] - Object: 'Object Repository/mobileSanity/HBI/Page_App Page 2/label_I Accept Authorization f' is clicked on

2019-07-23 16:17:05 - [TEST_STEP][PASSED] - click(findTestObject("mobileSanity/HBI/Page_App Page 2/a_Continue to Step 3 - Review")): Object: 'Object Repository/mobileSanity/HBI/Page_App Page 2/a_Continue to Step 3 - Review' is clicked on

2019-07-23 16:17:05 - [MESSAGE][PASSED] - Object: 'Object Repository/mobileSanity/HBI/Page_App Page 2/a_Continue to Step 3 - Review' is clicked on

2019-07-23 16:17:05 - [TEST_STEP][PASSED] - waitForPageLoad(10): Wait for page load successfully

2019-07-23 16:17:05 - [MESSAGE][PASSED] - Wait for page load successfully

2019-07-23 16:17:05 - [TEST_STEP][PASSED] - Thread.sleep(2000): null

2019-07-23 16:17:07 - [TEST_STEP][PASSED] - callTestCase(findTestCase("mobileWeb/_include/get_screenshot"), [:], STOP_ON_FAILURE): Call Test Case 'Test Cases/mobileWeb/_include/get_screenshot' successfully

2019-07-23 16:17:08 - [TEST_CASE][PASSED] - Test Cases/mobileWeb/_include/get_screenshot: Test Cases/mobileWeb/_include/get_screenshot

2019-07-23 16:17:08 - [TEST_STEP][PASSED] - takeScreenshot(screenPath + i + ".png"): Taking screenshot successfully

2019-07-23 16:17:10 - [MESSAGE][PASSED] - Taking screenshot successfully
[[ATTACHMENT|D:\\Test\\AgileTest\\AgileTest\\Reports\\mobileWeb\\hbi\\20190723_161403\\../Screenshots/iPhone X/hbi/Agile One/20190723_161419/7.png]]

2019-07-23 16:17:10 - [TEST_STEP][PASSED] - (internal.GlobalVariable.i++): null

2019-07-23 16:17:10 - [MESSAGE][PASSED] - Call Test Case 'Test Cases/mobileWeb/_include/get_screenshot' successfully

2019-07-23 16:17:10 - [TEST_STEP][PASSED] - if (test.MobileKeywords.isElementPresent_Web(findTestObject("mobileSanity/HBI/Page_App Page 2/a_No Thanks"), 10)): test.MobileKeywords.isElementPresent_Web is PASSED

2019-07-23 16:17:33 - [MESSAGE][INFO] - Unable to find the element located by 'By.xpath: //a[@type = 'submit' and (text() = 'No Thanks' or . = 'No Thanks')]'. Please recheck the objects properties to make sure the desired element is located. 

2019-07-23 16:17:33 - [MESSAGE][PASSED] - test.MobileKeywords.isElementPresent_Web is PASSED

2019-07-23 16:17:33 - [TEST_STEP][PASSED] - waitForPageLoad(10): Wait for page load successfully

2019-07-23 16:17:33 - [MESSAGE][PASSED] - Wait for page load successfully

2019-07-23 16:17:33 - [TEST_STEP][PASSED] - click(findTestObject("mobileSanity/HBI/Page_App Page 3/label")): Object: 'Object Repository/mobileSanity/HBI/Page_App Page 3/label' is clicked on

2019-07-23 16:17:33 - [MESSAGE][PASSED] - Object: 'Object Repository/mobileSanity/HBI/Page_App Page 3/label' is clicked on

2019-07-23 16:17:33 - [TEST_STEP][PASSED] - click(findTestObject("mobileSanity/HBI/Page_App Page 3/p_CLICK TO SIGN")): Object: 'Object Repository/mobileSanity/HBI/Page_App Page 3/p_CLICK TO SIGN' is clicked on

2019-07-23 16:17:33 - [MESSAGE][PASSED] - Object: 'Object Repository/mobileSanity/HBI/Page_App Page 3/p_CLICK TO SIGN' is clicked on

2019-07-23 16:17:33 - [TEST_STEP][PASSED] - click(findTestObject("mobileSanity/HBI/Page_App Page 3/a_Submit Your Application")): Object: 'Object Repository/mobileSanity/HBI/Page_App Page 3/a_Submit Your Application' is clicked on

2019-07-23 16:17:33 - [MESSAGE][PASSED] - Object: 'Object Repository/mobileSanity/HBI/Page_App Page 3/a_Submit Your Application' is clicked on

2019-07-23 16:17:33 - [TEST_STEP][PASSED] - Thread.sleep(30000): null

2019-07-23 16:18:03 - [TEST_STEP][PASSED] - callTestCase(findTestCase("mobileWeb/_include/get_screenshot"), [:], STOP_ON_FAILURE): Call Test Case 'Test Cases/mobileWeb/_include/get_screenshot' successfully

2019-07-23 16:18:03 - [TEST_CASE][PASSED] - Test Cases/mobileWeb/_include/get_screenshot: Test Cases/mobileWeb/_include/get_screenshot

2019-07-23 16:18:03 - [TEST_STEP][PASSED] - takeScreenshot(screenPath + i + ".png"): Taking screenshot successfully

2019-07-23 16:18:04 - [MESSAGE][PASSED] - Taking screenshot successfully
[[ATTACHMENT|D:\\Test\\AgileTest\\AgileTest\\Reports\\mobileWeb\\hbi\\20190723_161403\\../Screenshots/iPhone X/hbi/Agile One/20190723_161419/8.png]]

2019-07-23 16:18:04 - [TEST_STEP][PASSED] - (internal.GlobalVariable.i++): null

2019-07-23 16:18:04 - [MESSAGE][PASSED] - Call Test Case 'Test Cases/mobileWeb/_include/get_screenshot' successfully

2019-07-23 16:18:04 - [TEST_STEP][PASSED] - verifyTextPresent("Congratulations", false): Text 'Congratulations' is present on page 

2019-07-23 16:18:04 - [MESSAGE][PASSED] - Text 'Congratulations' is present on page 

2019-07-23 16:18:04 - [MESSAGE][PASSED] - Call Test Case 'Test Cases/mobileWeb/_include/goToEnd_hbi' successfully]]></system-out>
         <system-err><![CDATA[]]></system-err>
      </testcase>
      <testcase name="Test Cases/mobileWeb/HBI/Legion Limited Medical" classname="Test Cases/mobileWeb/HBI/Legion Limited Medical" status="PASSED">
         <system-out><![CDATA[2019-07-23 16:18:04 - [TEST_CASE][PASSED] - Test Cases/mobileWeb/HBI/Legion Limited Medical: Test Cases/mobileWeb/HBI/Legion Limited Medical

2019-07-23 16:18:04 - [TEST_STEP][PASSED] - callTestCase(findTestCase("mobileWeb/_include/get_screenPath"), ["productLine":"hbi", "carrierName":"Legion Limited Medical"], CONTINUE_ON_FAILURE): Call Test Case 'Test Cases/mobileWeb/_include/get_screenPath' successfully

2019-07-23 16:18:05 - [TEST_CASE][PASSED] - Test Cases/mobileWeb/_include/get_screenPath: Test Cases/mobileWeb/_include/get_screenPath

2019-07-23 16:18:05 - [TEST_STEP][PASSED] - m = getExecutionProperties(): null

2019-07-23 16:18:05 - [TEST_STEP][PASSED] - deviceName = get("mobileEmulation").get("deviceName"): null

2019-07-23 16:18:05 - [TEST_STEP][PASSED] - println(deviceName): null

2019-07-23 16:18:05 - [TEST_STEP][PASSED] - now = new java.util.Date(): null

2019-07-23 16:18:05 - [TEST_STEP][PASSED] - mydate = now.format("yyyyMMdd_HHmmss"): null

2019-07-23 16:18:05 - [TEST_STEP][PASSED] - screenPath = "../Screenshots/": null

2019-07-23 16:18:05 - [TEST_STEP][PASSED] - screenPath = screenPath + deviceName + "/" + productLine + "/" + carrierName + "/" + mydate + "/": null

2019-07-23 16:18:05 - [TEST_STEP][PASSED] - println(screenPath): null

2019-07-23 16:18:05 - [MESSAGE][PASSED] - Call Test Case 'Test Cases/mobileWeb/_include/get_screenPath' successfully

2019-07-23 16:18:05 - [TEST_STEP][PASSED] - i = 0: null

2019-07-23 16:18:05 - [TEST_STEP][PASSED] - callTestCase(findTestCase("mobileWeb/_include/openWebSite"), [:], CONTINUE_ON_FAILURE): Call Test Case 'Test Cases/mobileWeb/_include/openWebSite' successfully

2019-07-23 16:18:05 - [TEST_CASE][PASSED] - Test Cases/mobileWeb/_include/openWebSite: Test Cases/mobileWeb/_include/openWebSite

2019-07-23 16:18:05 - [TEST_STEP][PASSED] - openBrowser(ENV): Browser is opened with url: 'https://praetemptatus.agilehealthinsurance.com'

2019-07-23 16:18:05 - [MESSAGE][WARNING] - A browser is already opened. Closing browser and opening a new one

2019-07-23 16:18:06 - [MESSAGE][INFO] - Starting 'Chrome' driver

2019-07-23 16:18:06 - [MESSAGE][INFO] - User set preference: ['mobileEmulation', '{deviceName=iPhone X}']

2019-07-23 16:18:06 - [MESSAGE][INFO] - User set preference: ['args', '[--incognito, --aggressive-cache-discard, --no-sandbox, --window-size=375,812]']

2019-07-23 16:18:21 - [MESSAGE][PASSED] - Browser is opened with url: 'https://praetemptatus.agilehealthinsurance.com'

2019-07-23 16:18:21 - [TEST_STEP][PASSED] - waitForPageLoad(10): Wait for page load successfully

2019-07-23 16:18:21 - [MESSAGE][PASSED] - Wait for page load successfully

2019-07-23 16:18:21 - [TEST_STEP][PASSED] - callTestCase(findTestCase("mobileWeb/_include/get_screenshot"), [:], STOP_ON_FAILURE): Call Test Case 'Test Cases/mobileWeb/_include/get_screenshot' successfully

2019-07-23 16:18:21 - [TEST_CASE][PASSED] - Test Cases/mobileWeb/_include/get_screenshot: Test Cases/mobileWeb/_include/get_screenshot

2019-07-23 16:18:21 - [TEST_STEP][PASSED] - takeScreenshot(screenPath + i + ".png"): Taking screenshot successfully

2019-07-23 16:18:27 - [MESSAGE][PASSED] - Taking screenshot successfully
[[ATTACHMENT|D:\\Test\\AgileTest\\AgileTest\\Reports\\mobileWeb\\hbi\\20190723_161403\\../Screenshots/iPhone X/hbi/Legion Limited Medical/20190723_161805/0.png]]

2019-07-23 16:18:27 - [TEST_STEP][PASSED] - (internal.GlobalVariable.i++): null

2019-07-23 16:18:27 - [MESSAGE][PASSED] - Call Test Case 'Test Cases/mobileWeb/_include/get_screenshot' successfully

2019-07-23 16:18:27 - [MESSAGE][PASSED] - Call Test Case 'Test Cases/mobileWeb/_include/openWebSite' successfully

2019-07-23 16:18:27 - [TEST_STEP][PASSED] - callTestCase(findTestCase("mobileWeb/_include/census_hbi"), [:], CONTINUE_ON_FAILURE): Call Test Case 'Test Cases/mobileWeb/_include/census_hbi' successfully

2019-07-23 16:18:27 - [TEST_CASE][PASSED] - Test Cases/mobileWeb/_include/census_hbi: Test Cases/mobileWeb/_include/census_hbi

2019-07-23 16:18:27 - [TEST_STEP][PASSED] - click(findTestObject("mobileSanity/Common/side_nav/menu")): Object: 'Object Repository/mobileSanity/Common/side_nav/menu' is clicked on

2019-07-23 16:18:28 - [MESSAGE][PASSED] - Object: 'Object Repository/mobileSanity/Common/side_nav/menu' is clicked on

2019-07-23 16:18:28 - [TEST_STEP][PASSED] - Thread.sleep(3000): null

2019-07-23 16:18:31 - [TEST_STEP][PASSED] - click(findTestObject("mobileSanity/Common/side_nav/nav_hbi")): Object: 'Object Repository/mobileSanity/Common/side_nav/nav_hbi' is clicked on

2019-07-23 16:18:36 - [MESSAGE][PASSED] - Object: 'Object Repository/mobileSanity/Common/side_nav/nav_hbi' is clicked on

2019-07-23 16:18:36 - [TEST_STEP][PASSED] - waitForPageLoad(10): Wait for page load successfully

2019-07-23 16:18:36 - [MESSAGE][PASSED] - Wait for page load successfully

2019-07-23 16:18:36 - [TEST_STEP][PASSED] - callTestCase(findTestCase("mobileWeb/_include/get_screenshot"), [:], STOP_ON_FAILURE): Call Test Case 'Test Cases/mobileWeb/_include/get_screenshot' successfully

2019-07-23 16:18:36 - [TEST_CASE][PASSED] - Test Cases/mobileWeb/_include/get_screenshot: Test Cases/mobileWeb/_include/get_screenshot

2019-07-23 16:18:37 - [TEST_STEP][PASSED] - takeScreenshot(screenPath + i + ".png"): Taking screenshot successfully

2019-07-23 16:18:38 - [MESSAGE][PASSED] - Taking screenshot successfully
[[ATTACHMENT|D:\\Test\\AgileTest\\AgileTest\\Reports\\mobileWeb\\hbi\\20190723_161403\\../Screenshots/iPhone X/hbi/Legion Limited Medical/20190723_161805/1.png]]

2019-07-23 16:18:38 - [TEST_STEP][PASSED] - (internal.GlobalVariable.i++): null

2019-07-23 16:18:38 - [MESSAGE][PASSED] - Call Test Case 'Test Cases/mobileWeb/_include/get_screenshot' successfully

2019-07-23 16:18:38 - [TEST_STEP][PASSED] - setText(findTestObject("mobileSanity/HBI/census/input_Location_zip-input"), zipcode): Text '35215' is set on object 'Object Repository/mobileSanity/HBI/census/input_Location_zip-input'

2019-07-23 16:18:39 - [MESSAGE][PASSED] - Text '35215' is set on object 'Object Repository/mobileSanity/HBI/census/input_Location_zip-input'

2019-07-23 16:18:39 - [TEST_STEP][PASSED] - Thread.sleep(500): null

2019-07-23 16:18:39 - [TEST_STEP][PASSED] - setText(findTestObject("mobileSanity/HBI/census/input_Date of Birth_dob-0"), "12121980"): Text '12121980' is set on object 'Object Repository/mobileSanity/HBI/census/input_Date of Birth_dob-0'

2019-07-23 16:18:40 - [MESSAGE][PASSED] - Text '12121980' is set on object 'Object Repository/mobileSanity/HBI/census/input_Date of Birth_dob-0'

2019-07-23 16:18:40 - [TEST_STEP][PASSED] - click(findTestObject("mobileSanity/HBI/census/label_Male")): Object: 'Object Repository/mobileSanity/HBI/census/label_Male' is clicked on

2019-07-23 16:18:40 - [MESSAGE][PASSED] - Object: 'Object Repository/mobileSanity/HBI/census/label_Male' is clicked on

2019-07-23 16:18:40 - [TEST_STEP][PASSED] - click(findTestObject("mobileSanity/HBI/census/label_Get a Quote")): Object: 'Object Repository/mobileSanity/HBI/census/label_Get a Quote' is clicked on

2019-07-23 16:18:40 - [MESSAGE][PASSED] - Object: 'Object Repository/mobileSanity/HBI/census/label_Get a Quote' is clicked on

2019-07-23 16:18:40 - [TEST_STEP][PASSED] - waitForPageLoad(10): Wait for page load successfully

2019-07-23 16:18:40 - [MESSAGE][PASSED] - Wait for page load successfully

2019-07-23 16:18:40 - [TEST_STEP][PASSED] - callTestCase(findTestCase("mobileWeb/_include/get_screenshot"), [:], STOP_ON_FAILURE): Call Test Case 'Test Cases/mobileWeb/_include/get_screenshot' successfully

2019-07-23 16:18:40 - [TEST_CASE][PASSED] - Test Cases/mobileWeb/_include/get_screenshot: Test Cases/mobileWeb/_include/get_screenshot

2019-07-23 16:18:40 - [TEST_STEP][PASSED] - takeScreenshot(screenPath + i + ".png"): Taking screenshot successfully

2019-07-23 16:18:41 - [MESSAGE][PASSED] - Taking screenshot successfully
[[ATTACHMENT|D:\\Test\\AgileTest\\AgileTest\\Reports\\mobileWeb\\hbi\\20190723_161403\\../Screenshots/iPhone X/hbi/Legion Limited Medical/20190723_161805/2.png]]

2019-07-23 16:18:41 - [TEST_STEP][PASSED] - (internal.GlobalVariable.i++): null

2019-07-23 16:18:41 - [MESSAGE][PASSED] - Call Test Case 'Test Cases/mobileWeb/_include/get_screenshot' successfully

2019-07-23 16:18:41 - [MESSAGE][PASSED] - Call Test Case 'Test Cases/mobileWeb/_include/census_hbi' successfully

2019-07-23 16:18:41 - [TEST_STEP][PASSED] - click(findTestObject("mobileSanity/HBI/quote/a_Legion Limited Medical 500")): Object: 'Object Repository/mobileSanity/HBI/quote/a_Legion Limited Medical 500' is clicked on

2019-07-23 16:19:17 - [MESSAGE][PASSED] - Object: 'Object Repository/mobileSanity/HBI/quote/a_Legion Limited Medical 500' is clicked on

2019-07-23 16:19:17 - [TEST_STEP][PASSED] - waitForPageLoad(10): Wait for page load successfully

2019-07-23 16:19:17 - [MESSAGE][PASSED] - Wait for page load successfully

2019-07-23 16:19:17 - [TEST_STEP][PASSED] - callTestCase(findTestCase("mobileWeb/_include/get_screenshot"), [:], STOP_ON_FAILURE): Call Test Case 'Test Cases/mobileWeb/_include/get_screenshot' successfully

2019-07-23 16:19:17 - [TEST_CASE][PASSED] - Test Cases/mobileWeb/_include/get_screenshot: Test Cases/mobileWeb/_include/get_screenshot

2019-07-23 16:19:17 - [TEST_STEP][PASSED] - takeScreenshot(screenPath + i + ".png"): Taking screenshot successfully

2019-07-23 16:19:19 - [MESSAGE][PASSED] - Taking screenshot successfully
[[ATTACHMENT|D:\\Test\\AgileTest\\AgileTest\\Reports\\mobileWeb\\hbi\\20190723_161403\\../Screenshots/iPhone X/hbi/Legion Limited Medical/20190723_161805/3.png]]

2019-07-23 16:19:19 - [TEST_STEP][PASSED] - (internal.GlobalVariable.i++): null

2019-07-23 16:19:19 - [MESSAGE][PASSED] - Call Test Case 'Test Cases/mobileWeb/_include/get_screenshot' successfully

2019-07-23 16:19:19 - [TEST_STEP][PASSED] - click(findTestObject("mobileSanity/HBI/detail/a_Apply for This Plan")): Object: 'Object Repository/mobileSanity/HBI/detail/a_Apply for This Plan' is clicked on

2019-07-23 16:19:25 - [MESSAGE][PASSED] - Object: 'Object Repository/mobileSanity/HBI/detail/a_Apply for This Plan' is clicked on

2019-07-23 16:19:25 - [TEST_STEP][PASSED] - waitForPageLoad(10): Wait for page load successfully

2019-07-23 16:19:25 - [MESSAGE][PASSED] - Wait for page load successfully

2019-07-23 16:19:25 - [TEST_STEP][PASSED] - callTestCase(findTestCase("mobileWeb/_include/get_screenshot"), [:], STOP_ON_FAILURE): Call Test Case 'Test Cases/mobileWeb/_include/get_screenshot' successfully

2019-07-23 16:19:25 - [TEST_CASE][PASSED] - Test Cases/mobileWeb/_include/get_screenshot: Test Cases/mobileWeb/_include/get_screenshot

2019-07-23 16:19:25 - [TEST_STEP][PASSED] - takeScreenshot(screenPath + i + ".png"): Taking screenshot successfully

2019-07-23 16:19:26 - [MESSAGE][PASSED] - Taking screenshot successfully
[[ATTACHMENT|D:\\Test\\AgileTest\\AgileTest\\Reports\\mobileWeb\\hbi\\20190723_161403\\../Screenshots/iPhone X/hbi/Legion Limited Medical/20190723_161805/4.png]]

2019-07-23 16:19:26 - [TEST_STEP][PASSED] - (internal.GlobalVariable.i++): null

2019-07-23 16:19:26 - [MESSAGE][PASSED] - Call Test Case 'Test Cases/mobileWeb/_include/get_screenshot' successfully

2019-07-23 16:19:26 - [TEST_STEP][PASSED] - click(findTestObject("mobileSanity/HBI/Page_Apply/span_Start Secure Application")): Object: 'Object Repository/mobileSanity/HBI/Page_Apply/span_Start Secure Application' is clicked on

2019-07-23 16:19:40 - [MESSAGE][PASSED] - Object: 'Object Repository/mobileSanity/HBI/Page_Apply/span_Start Secure Application' is clicked on

2019-07-23 16:19:40 - [TEST_STEP][PASSED] - waitForPageLoad(10): Wait for page load successfully

2019-07-23 16:19:40 - [MESSAGE][PASSED] - Wait for page load successfully

2019-07-23 16:19:40 - [TEST_STEP][PASSED] - callTestCase(findTestCase("mobileWeb/_include/get_screenshot"), [:], STOP_ON_FAILURE): Call Test Case 'Test Cases/mobileWeb/_include/get_screenshot' successfully

2019-07-23 16:19:40 - [TEST_CASE][PASSED] - Test Cases/mobileWeb/_include/get_screenshot: Test Cases/mobileWeb/_include/get_screenshot

2019-07-23 16:19:40 - [TEST_STEP][PASSED] - takeScreenshot(screenPath + i + ".png"): Taking screenshot successfully

2019-07-23 16:19:41 - [MESSAGE][PASSED] - Taking screenshot successfully
[[ATTACHMENT|D:\\Test\\AgileTest\\AgileTest\\Reports\\mobileWeb\\hbi\\20190723_161403\\../Screenshots/iPhone X/hbi/Legion Limited Medical/20190723_161805/5.png]]

2019-07-23 16:19:41 - [TEST_STEP][PASSED] - (internal.GlobalVariable.i++): null

2019-07-23 16:19:41 - [MESSAGE][PASSED] - Call Test Case 'Test Cases/mobileWeb/_include/get_screenshot' successfully

2019-07-23 16:19:41 - [TEST_STEP][PASSED] - callTestCase(findTestCase("mobileWeb/_include/goToEnd_hbi"), ["carrier":"legionlimitedmedical"], CONTINUE_ON_FAILURE): Call Test Case 'Test Cases/mobileWeb/_include/goToEnd_hbi' successfully

2019-07-23 16:19:41 - [TEST_CASE][PASSED] - Test Cases/mobileWeb/_include/goToEnd_hbi: Test Cases/mobileWeb/_include/goToEnd_hbi

2019-07-23 16:19:41 - [TEST_STEP][PASSED] - callTestCase(findTestCase("mobileWeb/_include/name"), [:], CONTINUE_ON_FAILURE): Call Test Case 'Test Cases/mobileWeb/_include/name' successfully

2019-07-23 16:19:41 - [TEST_CASE][PASSED] - Test Cases/mobileWeb/_include/name: Test Cases/mobileWeb/_include/name

2019-07-23 16:19:41 - [TEST_STEP][PASSED] - driver = getWebDriver(): null

2019-07-23 16:19:41 - [TEST_STEP][PASSED] - selenium = new com.thoughtworks.selenium.webdriven.WebDriverBackedSelenium(driver, internal.GlobalVariable.ENV): null

2019-07-23 16:19:41 - [TEST_STEP][PASSED] - FirstName = "Test-123": null

2019-07-23 16:19:41 - [TEST_STEP][PASSED] - LastName = selenium.getEval("{var x="ABCDEFGHIJKLMNOPQRSTUVWXYZabcdefghijklmnopqrstuvwxyz"; var tmp="ZZ11-"; for (i=0;i<8;i++) tmp+=x.charAt(Math.ceil(51*Math.random()));tmp;}"): null

2019-07-23 16:19:41 - [TEST_STEP][PASSED] - Address = selenium.getEval("{var x="ABCDEFGHIJKLMNOPQRSTUVWXYZabcdefghijklmnopqrstuvwxyz"; var tmp=""; for (i=0;i<8;i++) tmp+=x.charAt(Math.ceil(51*Math.random()));tmp;}"): null

2019-07-23 16:19:41 - [TEST_STEP][PASSED] - City = selenium.getEval("{var x="ABCDEFGHIJKLMNOPQRSTUVWXYZabcdefghijklmnopqrstuvwxyz"; var tmp=""; for (i=0;i<8;i++) tmp+=x.charAt(Math.ceil(51*Math.random()));tmp;}"): null

2019-07-23 16:19:41 - [TEST_STEP][PASSED] - tel1 = selenium.getEval("{var x="123456789"; var tmp=""; for (i=0;i<3;i++) tmp+=x.charAt(Math.ceil(8*Math.random()));tmp;}"): null

2019-07-23 16:19:41 - [TEST_STEP][PASSED] - tel2 = selenium.getEval("{var x="123456789"; var tmp=""; for (i=0;i<3;i++) tmp+=x.charAt(Math.ceil(8*Math.random()));tmp;}"): null

2019-07-23 16:19:41 - [TEST_STEP][PASSED] - tel3 = selenium.getEval("{var x="123456789"; var tmp=""; for (i=0;i<4;i++) tmp+=x.charAt(Math.ceil(8*Math.random()));tmp;}"): null

2019-07-23 16:19:41 - [TEST_STEP][PASSED] - Tel = selenium.getExpression(tel1 + "-" + tel2 + "-" + tel3): null

2019-07-23 16:19:41 - [TEST_STEP][PASSED] - AutoEmail = selenium.getEval("{var x="ABCDEFGHIJKLMNOPQRSTUVWXYZabcdefghijklmnopqrstuvwxyz"; var tmp="test."; for (i=0;i<8;i++) tmp+=x.charAt(Math.ceil(51*Math.random()));tmp+="@suryani.cn";}"): null

2019-07-23 16:19:41 - [TEST_STEP][PASSED] - FirstName = FirstName: null

2019-07-23 16:19:41 - [TEST_STEP][PASSED] - LastName = LastName: null

2019-07-23 16:19:41 - [TEST_STEP][PASSED] - Address = Address: null

2019-07-23 16:19:41 - [TEST_STEP][PASSED] - City = City: null

2019-07-23 16:19:41 - [TEST_STEP][PASSED] - Tel = Tel: null

2019-07-23 16:19:41 - [TEST_STEP][PASSED] - AutoEmail = AutoEmail: null

2019-07-23 16:19:41 - [TEST_STEP][PASSED] - println(FirstName): null

2019-07-23 16:19:41 - [TEST_STEP][PASSED] - println(LastName): null

2019-07-23 16:19:41 - [TEST_STEP][PASSED] - println(Address): null

2019-07-23 16:19:41 - [TEST_STEP][PASSED] - println(City): null

2019-07-23 16:19:41 - [TEST_STEP][PASSED] - println(Tel): null

2019-07-23 16:19:41 - [TEST_STEP][PASSED] - println(AutoEmail): null

2019-07-23 16:19:41 - [MESSAGE][PASSED] - Call Test Case 'Test Cases/mobileWeb/_include/name' successfully

2019-07-23 16:19:41 - [TEST_STEP][PASSED] - setText(findTestObject("mobileSanity/HBI/Page_App Page 1/input__member-P-1-firstName"), FirstName): Text 'Test-123' is set on object 'Object Repository/mobileSanity/HBI/Page_App Page 1/input__member-P-1-firstName'

2019-07-23 16:19:52 - [MESSAGE][PASSED] - Text 'Test-123' is set on object 'Object Repository/mobileSanity/HBI/Page_App Page 1/input__member-P-1-firstName'

2019-07-23 16:19:52 - [TEST_STEP][PASSED] - setText(findTestObject("mobileSanity/HBI/Page_App Page 1/input__member-P-1-lastName"), LastName): Text 'ZZ11-hZEwnwSF' is set on object 'Object Repository/mobileSanity/HBI/Page_App Page 1/input__member-P-1-lastName'

2019-07-23 16:19:52 - [MESSAGE][PASSED] - Text 'ZZ11-hZEwnwSF' is set on object 'Object Repository/mobileSanity/HBI/Page_App Page 1/input__member-P-1-lastName'

2019-07-23 16:19:52 - [TEST_STEP][PASSED] - if (carrier == "agileone" || carrier == "agilesecure"): null

2019-07-23 16:19:52 - [TEST_STEP][PASSED] - setText(findTestObject("mobileSanity/HBI/Page_App Page 1/input__address"), Address): Text 'gDsCkZZO' is set on object 'Object Repository/mobileSanity/HBI/Page_App Page 1/input__address'

2019-07-23 16:19:53 - [MESSAGE][PASSED] - Text 'gDsCkZZO' is set on object 'Object Repository/mobileSanity/HBI/Page_App Page 1/input__address'

2019-07-23 16:19:53 - [TEST_STEP][PASSED] - setText(findTestObject("mobileSanity/HBI/Page_App Page 1/input__city"), City): Text 'owkrfiVq' is set on object 'Object Repository/mobileSanity/HBI/Page_App Page 1/input__city'

2019-07-23 16:19:53 - [MESSAGE][PASSED] - Text 'owkrfiVq' is set on object 'Object Repository/mobileSanity/HBI/Page_App Page 1/input__city'

2019-07-23 16:19:53 - [TEST_STEP][PASSED] - setText(findTestObject("mobileSanity/HBI/Page_App Page 1/input__email"), AutoEmail): Text 'test.dldvvNNs@suryani.cn' is set on object 'Object Repository/mobileSanity/HBI/Page_App Page 1/input__email'

2019-07-23 16:19:54 - [MESSAGE][PASSED] - Text 'test.dldvvNNs@suryani.cn' is set on object 'Object Repository/mobileSanity/HBI/Page_App Page 1/input__email'

2019-07-23 16:19:54 - [TEST_STEP][PASSED] - setText(findTestObject("mobileSanity/HBI/Page_App Page 1/input_tel"), Tel): Text '254-226-3338' is set on object 'Object Repository/mobileSanity/HBI/Page_App Page 1/input_tel'

2019-07-23 16:19:54 - [MESSAGE][PASSED] - Text '254-226-3338' is set on object 'Object Repository/mobileSanity/HBI/Page_App Page 1/input_tel'

2019-07-23 16:19:54 - [TEST_STEP][PASSED] - click(findTestObject("mobileSanity/HBI/Page_App Page 1/a_Continue to Step 2 - Payment")): Object: 'Object Repository/mobileSanity/HBI/Page_App Page 1/a_Continue to Step 2 - Payment' is clicked on

2019-07-23 16:19:54 - [MESSAGE][PASSED] - Object: 'Object Repository/mobileSanity/HBI/Page_App Page 1/a_Continue to Step 2 - Payment' is clicked on

2019-07-23 16:19:54 - [TEST_STEP][PASSED] - waitForPageLoad(10): Wait for page load successfully

2019-07-23 16:19:54 - [MESSAGE][PASSED] - Wait for page load successfully

2019-07-23 16:19:54 - [TEST_STEP][PASSED] - Thread.sleep(2000): null

2019-07-23 16:19:56 - [TEST_STEP][PASSED] - callTestCase(findTestCase("mobileWeb/_include/get_screenshot"), [:], STOP_ON_FAILURE): Call Test Case 'Test Cases/mobileWeb/_include/get_screenshot' successfully

2019-07-23 16:19:56 - [TEST_CASE][PASSED] - Test Cases/mobileWeb/_include/get_screenshot: Test Cases/mobileWeb/_include/get_screenshot

2019-07-23 16:19:56 - [TEST_STEP][PASSED] - takeScreenshot(screenPath + i + ".png"): Taking screenshot successfully

2019-07-23 16:19:57 - [MESSAGE][PASSED] - Taking screenshot successfully
[[ATTACHMENT|D:\\Test\\AgileTest\\AgileTest\\Reports\\mobileWeb\\hbi\\20190723_161403\\../Screenshots/iPhone X/hbi/Legion Limited Medical/20190723_161805/6.png]]

2019-07-23 16:19:57 - [TEST_STEP][PASSED] - (internal.GlobalVariable.i++): null

2019-07-23 16:19:57 - [MESSAGE][PASSED] - Call Test Case 'Test Cases/mobileWeb/_include/get_screenshot' successfully

2019-07-23 16:19:57 - [TEST_STEP][PASSED] - setText(findTestObject("mobileSanity/HBI/Page_App Page 2/input__credit-card-first"), FirstName): Text 'Test-123' is set on object 'Object Repository/mobileSanity/HBI/Page_App Page 2/input__credit-card-first'

2019-07-23 16:19:58 - [MESSAGE][PASSED] - Text 'Test-123' is set on object 'Object Repository/mobileSanity/HBI/Page_App Page 2/input__credit-card-first'

2019-07-23 16:19:58 - [TEST_STEP][PASSED] - setText(findTestObject("mobileSanity/HBI/Page_App Page 2/input__credit-card-last"), LastName): Text 'ZZ11-hZEwnwSF' is set on object 'Object Repository/mobileSanity/HBI/Page_App Page 2/input__credit-card-last'

2019-07-23 16:19:58 - [MESSAGE][PASSED] - Text 'ZZ11-hZEwnwSF' is set on object 'Object Repository/mobileSanity/HBI/Page_App Page 2/input__credit-card-last'

2019-07-23 16:19:58 - [TEST_STEP][PASSED] - selectOptionByValue(findTestObject("mobileSanity/HBI/Page_App Page 2/select_MM010203040506070809101"), "12", true): All options with value '12' are selected in object 'Object Repository/mobileSanity/HBI/Page_App Page 2/select_MM010203040506070809101'  using regular expression

2019-07-23 16:19:58 - [MESSAGE][PASSED] - All options with value '12' are selected in object 'Object Repository/mobileSanity/HBI/Page_App Page 2/select_MM010203040506070809101'  using regular expression

2019-07-23 16:19:58 - [TEST_STEP][PASSED] - selectOptionByValue(findTestObject("mobileSanity/HBI/Page_App Page 2/select_YYYY2019202020212022202"), "2026", true): All options with value '2026' are selected in object 'Object Repository/mobileSanity/HBI/Page_App Page 2/select_YYYY2019202020212022202'  using regular expression

2019-07-23 16:19:59 - [MESSAGE][PASSED] - All options with value '2026' are selected in object 'Object Repository/mobileSanity/HBI/Page_App Page 2/select_YYYY2019202020212022202'  using regular expression

2019-07-23 16:19:59 - [TEST_STEP][PASSED] - setText(findTestObject("mobileSanity/HBI/Page_App Page 2/input__credit-card-number"), "4111111111111111"): Text '4111111111111111' is set on object 'Object Repository/mobileSanity/HBI/Page_App Page 2/input__credit-card-number'

2019-07-23 16:20:01 - [MESSAGE][PASSED] - Text '4111111111111111' is set on object 'Object Repository/mobileSanity/HBI/Page_App Page 2/input__credit-card-number'

2019-07-23 16:20:01 - [TEST_STEP][PASSED] - setText(findTestObject("mobileSanity/HBI/Page_App Page 2/input__cvv"), "123"): Text '123' is set on object 'Object Repository/mobileSanity/HBI/Page_App Page 2/input__cvv'

2019-07-23 16:20:01 - [MESSAGE][PASSED] - Text '123' is set on object 'Object Repository/mobileSanity/HBI/Page_App Page 2/input__cvv'

2019-07-23 16:20:01 - [TEST_STEP][PASSED] - click(findTestObject("mobileSanity/HBI/Page_App Page 2/label_My billing address is th")): Object: 'Object Repository/mobileSanity/HBI/Page_App Page 2/label_My billing address is th' is clicked on

2019-07-23 16:20:02 - [MESSAGE][PASSED] - Object: 'Object Repository/mobileSanity/HBI/Page_App Page 2/label_My billing address is th' is clicked on

2019-07-23 16:20:02 - [TEST_STEP][PASSED] - click(findTestObject("mobileSanity/HBI/Page_App Page 2/label_I Accept Authorization f")): Object: 'Object Repository/mobileSanity/HBI/Page_App Page 2/label_I Accept Authorization f' is clicked on

2019-07-23 16:20:02 - [MESSAGE][PASSED] - Object: 'Object Repository/mobileSanity/HBI/Page_App Page 2/label_I Accept Authorization f' is clicked on

2019-07-23 16:20:02 - [TEST_STEP][PASSED] - click(findTestObject("mobileSanity/HBI/Page_App Page 2/a_Continue to Step 3 - Review")): Object: 'Object Repository/mobileSanity/HBI/Page_App Page 2/a_Continue to Step 3 - Review' is clicked on

2019-07-23 16:20:03 - [MESSAGE][PASSED] - Object: 'Object Repository/mobileSanity/HBI/Page_App Page 2/a_Continue to Step 3 - Review' is clicked on

2019-07-23 16:20:03 - [TEST_STEP][PASSED] - waitForPageLoad(10): Wait for page load successfully

2019-07-23 16:20:03 - [MESSAGE][PASSED] - Wait for page load successfully

2019-07-23 16:20:03 - [TEST_STEP][PASSED] - Thread.sleep(2000): null

2019-07-23 16:20:05 - [TEST_STEP][PASSED] - callTestCase(findTestCase("mobileWeb/_include/get_screenshot"), [:], STOP_ON_FAILURE): Call Test Case 'Test Cases/mobileWeb/_include/get_screenshot' successfully

2019-07-23 16:20:05 - [TEST_CASE][PASSED] - Test Cases/mobileWeb/_include/get_screenshot: Test Cases/mobileWeb/_include/get_screenshot

2019-07-23 16:20:05 - [TEST_STEP][PASSED] - takeScreenshot(screenPath + i + ".png"): Taking screenshot successfully

2019-07-23 16:20:06 - [MESSAGE][PASSED] - Taking screenshot successfully
[[ATTACHMENT|D:\\Test\\AgileTest\\AgileTest\\Reports\\mobileWeb\\hbi\\20190723_161403\\../Screenshots/iPhone X/hbi/Legion Limited Medical/20190723_161805/7.png]]

2019-07-23 16:20:06 - [TEST_STEP][PASSED] - (internal.GlobalVariable.i++): null

2019-07-23 16:20:06 - [MESSAGE][PASSED] - Call Test Case 'Test Cases/mobileWeb/_include/get_screenshot' successfully

2019-07-23 16:20:06 - [TEST_STEP][PASSED] - if (test.MobileKeywords.isElementPresent_Web(findTestObject("mobileSanity/HBI/Page_App Page 2/a_No Thanks"), 10)): test.MobileKeywords.isElementPresent_Web is PASSED

2019-07-23 16:20:28 - [MESSAGE][INFO] - Unable to find the element located by 'By.xpath: //a[@type = 'submit' and (text() = 'No Thanks' or . = 'No Thanks')]'. Please recheck the objects properties to make sure the desired element is located. 

2019-07-23 16:20:28 - [MESSAGE][PASSED] - test.MobileKeywords.isElementPresent_Web is PASSED

2019-07-23 16:20:28 - [TEST_STEP][PASSED] - waitForPageLoad(10): Wait for page load successfully

2019-07-23 16:20:28 - [MESSAGE][PASSED] - Wait for page load successfully

2019-07-23 16:20:28 - [TEST_STEP][PASSED] - click(findTestObject("mobileSanity/HBI/Page_App Page 3/label")): Object: 'Object Repository/mobileSanity/HBI/Page_App Page 3/label' is clicked on

2019-07-23 16:20:28 - [MESSAGE][PASSED] - Object: 'Object Repository/mobileSanity/HBI/Page_App Page 3/label' is clicked on

2019-07-23 16:20:28 - [TEST_STEP][PASSED] - click(findTestObject("mobileSanity/HBI/Page_App Page 3/p_CLICK TO SIGN")): Object: 'Object Repository/mobileSanity/HBI/Page_App Page 3/p_CLICK TO SIGN' is clicked on

2019-07-23 16:20:28 - [MESSAGE][PASSED] - Object: 'Object Repository/mobileSanity/HBI/Page_App Page 3/p_CLICK TO SIGN' is clicked on

2019-07-23 16:20:28 - [TEST_STEP][PASSED] - click(findTestObject("mobileSanity/HBI/Page_App Page 3/a_Submit Your Application")): Object: 'Object Repository/mobileSanity/HBI/Page_App Page 3/a_Submit Your Application' is clicked on

2019-07-23 16:20:28 - [MESSAGE][PASSED] - Object: 'Object Repository/mobileSanity/HBI/Page_App Page 3/a_Submit Your Application' is clicked on

2019-07-23 16:20:28 - [TEST_STEP][PASSED] - Thread.sleep(30000): null

2019-07-23 16:20:58 - [TEST_STEP][PASSED] - callTestCase(findTestCase("mobileWeb/_include/get_screenshot"), [:], STOP_ON_FAILURE): Call Test Case 'Test Cases/mobileWeb/_include/get_screenshot' successfully

2019-07-23 16:20:58 - [TEST_CASE][PASSED] - Test Cases/mobileWeb/_include/get_screenshot: Test Cases/mobileWeb/_include/get_screenshot

2019-07-23 16:20:58 - [TEST_STEP][PASSED] - takeScreenshot(screenPath + i + ".png"): Taking screenshot successfully

2019-07-23 16:21:15 - [MESSAGE][PASSED] - Taking screenshot successfully
[[ATTACHMENT|D:\\Test\\AgileTest\\AgileTest\\Reports\\mobileWeb\\hbi\\20190723_161403\\../Screenshots/iPhone X/hbi/Legion Limited Medical/20190723_161805/8.png]]

2019-07-23 16:21:15 - [TEST_STEP][PASSED] - (internal.GlobalVariable.i++): null

2019-07-23 16:21:15 - [MESSAGE][PASSED] - Call Test Case 'Test Cases/mobileWeb/_include/get_screenshot' successfully

2019-07-23 16:21:15 - [TEST_STEP][PASSED] - verifyTextPresent("Congratulations", false): Text 'Congratulations' is present on page 

2019-07-23 16:21:16 - [MESSAGE][PASSED] - Text 'Congratulations' is present on page 

2019-07-23 16:21:16 - [MESSAGE][PASSED] - Call Test Case 'Test Cases/mobileWeb/_include/goToEnd_hbi' successfully]]></system-out>
         <system-err><![CDATA[]]></system-err>
      </testcase>
      <testcase name="Test Cases/mobileWeb/HBI/Cardinal Choice" classname="Test Cases/mobileWeb/HBI/Cardinal Choice" status="FAILED">
         <failure type="FAILED" message="Test Cases/mobileWeb/HBI/Cardinal Choice FAILED.
Reason:
com.kms.katalon.core.exception.StepFailedException: Unable to click on object 'Object Repository/mobileSanity/HBI/quote/a_Cardinal Choice' (Root cause: com.kms.katalon.core.webui.exception.WebElementNotFoundException: Web element with id: 'Object Repository/mobileSanity/HBI/quote/a_Cardinal Choice' located by 'By.xpath: //li[@class='js-plan plan js-plan-responsive' and @data-id='cardinalchoice-al-750-22500-75-3']/div[2]/table/tbody/tr/td/a' not found)
	at com.kms.katalon.core.keyword.internal.KeywordMain.stepFailed(KeywordMain.groovy:36)
	at com.kms.katalon.core.webui.keyword.internal.WebUIKeywordMain.stepFailed(WebUIKeywordMain.groovy:65)
	at com.kms.katalon.core.webui.keyword.internal.WebUIKeywordMain.runKeyword(WebUIKeywordMain.groovy:27)
	at com.kms.katalon.core.webui.keyword.builtin.ClickKeyword.click(ClickKeyword.groovy:86)
	at com.kms.katalon.core.webui.keyword.builtin.ClickKeyword.execute(ClickKeyword.groovy:67)
	at com.kms.katalon.core.keyword.internal.KeywordExecutor.executeKeywordForPlatform(KeywordExecutor.groovy:53)
	at com.kms.katalon.core.webui.keyword.WebUiBuiltInKeywords.click(WebUiBuiltInKeywords.groovy:616)
	at com.kms.katalon.core.webui.keyword.WebUiBuiltInKeywords$click$2.call(Unknown Source)
	at Cardinal Choice.run(Cardinal Choice:32)
	at com.kms.katalon.core.main.ScriptEngine.run(ScriptEngine.java:194)
	at com.kms.katalon.core.main.ScriptEngine.runScriptAsRawText(ScriptEngine.java:119)
	at com.kms.katalon.core.main.TestCaseExecutor.runScript(TestCaseExecutor.java:321)
	at com.kms.katalon.core.main.TestCaseExecutor.doExecute(TestCaseExecutor.java:312)
	at com.kms.katalon.core.main.TestCaseExecutor.processExecutionPhase(TestCaseExecutor.java:291)
	at com.kms.katalon.core.main.TestCaseExecutor.accessMainPhase(TestCaseExecutor.java:283)
	at com.kms.katalon.core.main.TestCaseExecutor.execute(TestCaseExecutor.java:222)
	at com.kms.katalon.core.main.TestSuiteExecutor.accessTestCaseMainPhase(TestSuiteExecutor.java:129)
	at com.kms.katalon.core.main.TestSuiteExecutor.accessTestSuiteMainPhase(TestSuiteExecutor.java:112)
	at com.kms.katalon.core.main.TestSuiteExecutor.execute(TestSuiteExecutor.java:81)
	at com.kms.katalon.core.main.TestCaseMain.startTestSuite(TestCaseMain.java:149)
	at com.kms.katalon.core.main.TestCaseMain$startTestSuite$0.call(Unknown Source)
	at TempTestSuite1563869643905.run(TempTestSuite1563869643905.groovy:36)
"/>
         <system-out><![CDATA[2019-07-23 16:21:16 - [TEST_CASE][FAILED] - Test Cases/mobileWeb/HBI/Cardinal Choice: Test Cases/mobileWeb/HBI/Cardinal Choice FAILED.
Reason:
com.kms.katalon.core.exception.StepFailedException: Unable to click on object 'Object Repository/mobileSanity/HBI/quote/a_Cardinal Choice' (Root cause: com.kms.katalon.core.webui.exception.WebElementNotFoundException: Web element with id: 'Object Repository/mobileSanity/HBI/quote/a_Cardinal Choice' located by 'By.xpath: //li[@class='js-plan plan js-plan-responsive' and @data-id='cardinalchoice-al-750-22500-75-3']/div[2]/table/tbody/tr/td/a' not found)
	at com.kms.katalon.core.keyword.internal.KeywordMain.stepFailed(KeywordMain.groovy:36)
	at com.kms.katalon.core.webui.keyword.internal.WebUIKeywordMain.stepFailed(WebUIKeywordMain.groovy:65)
	at com.kms.katalon.core.webui.keyword.internal.WebUIKeywordMain.runKeyword(WebUIKeywordMain.groovy:27)
	at com.kms.katalon.core.webui.keyword.builtin.ClickKeyword.click(ClickKeyword.groovy:86)
	at com.kms.katalon.core.webui.keyword.builtin.ClickKeyword.execute(ClickKeyword.groovy:67)
	at com.kms.katalon.core.keyword.internal.KeywordExecutor.executeKeywordForPlatform(KeywordExecutor.groovy:53)
	at com.kms.katalon.core.webui.keyword.WebUiBuiltInKeywords.click(WebUiBuiltInKeywords.groovy:616)
	at com.kms.katalon.core.webui.keyword.WebUiBuiltInKeywords$click$2.call(Unknown Source)
	at Cardinal Choice.run(Cardinal Choice:32)
	at com.kms.katalon.core.main.ScriptEngine.run(ScriptEngine.java:194)
	at com.kms.katalon.core.main.ScriptEngine.runScriptAsRawText(ScriptEngine.java:119)
	at com.kms.katalon.core.main.TestCaseExecutor.runScript(TestCaseExecutor.java:321)
	at com.kms.katalon.core.main.TestCaseExecutor.doExecute(TestCaseExecutor.java:312)
	at com.kms.katalon.core.main.TestCaseExecutor.processExecutionPhase(TestCaseExecutor.java:291)
	at com.kms.katalon.core.main.TestCaseExecutor.accessMainPhase(TestCaseExecutor.java:283)
	at com.kms.katalon.core.main.TestCaseExecutor.execute(TestCaseExecutor.java:222)
	at com.kms.katalon.core.main.TestSuiteExecutor.accessTestCaseMainPhase(TestSuiteExecutor.java:129)
	at com.kms.katalon.core.main.TestSuiteExecutor.accessTestSuiteMainPhase(TestSuiteExecutor.java:112)
	at com.kms.katalon.core.main.TestSuiteExecutor.execute(TestSuiteExecutor.java:81)
	at com.kms.katalon.core.main.TestCaseMain.startTestSuite(TestCaseMain.java:149)
	at com.kms.katalon.core.main.TestCaseMain$startTestSuite$0.call(Unknown Source)
	at TempTestSuite1563869643905.run(TempTestSuite1563869643905.groovy:36)


2019-07-23 16:21:16 - [TEST_STEP][PASSED] - callTestCase(findTestCase("mobileWeb/_include/get_screenPath"), ["productLine":"hbi", "carrierName":"Cardinal Choice"], CONTINUE_ON_FAILURE): Call Test Case 'Test Cases/mobileWeb/_include/get_screenPath' successfully

2019-07-23 16:21:16 - [TEST_CASE][PASSED] - Test Cases/mobileWeb/_include/get_screenPath: Test Cases/mobileWeb/_include/get_screenPath

2019-07-23 16:21:16 - [TEST_STEP][PASSED] - m = getExecutionProperties(): null

2019-07-23 16:21:16 - [TEST_STEP][PASSED] - deviceName = get("mobileEmulation").get("deviceName"): null

2019-07-23 16:21:16 - [TEST_STEP][PASSED] - println(deviceName): null

2019-07-23 16:21:16 - [TEST_STEP][PASSED] - now = new java.util.Date(): null

2019-07-23 16:21:16 - [TEST_STEP][PASSED] - mydate = now.format("yyyyMMdd_HHmmss"): null

2019-07-23 16:21:16 - [TEST_STEP][PASSED] - screenPath = "../Screenshots/": null

2019-07-23 16:21:16 - [TEST_STEP][PASSED] - screenPath = screenPath + deviceName + "/" + productLine + "/" + carrierName + "/" + mydate + "/": null

2019-07-23 16:21:16 - [TEST_STEP][PASSED] - println(screenPath): null

2019-07-23 16:21:16 - [MESSAGE][PASSED] - Call Test Case 'Test Cases/mobileWeb/_include/get_screenPath' successfully

2019-07-23 16:21:16 - [TEST_STEP][PASSED] - i = 0: null

2019-07-23 16:21:16 - [TEST_STEP][PASSED] - callTestCase(findTestCase("mobileWeb/_include/openWebSite"), [:], CONTINUE_ON_FAILURE): Call Test Case 'Test Cases/mobileWeb/_include/openWebSite' successfully

2019-07-23 16:21:16 - [TEST_CASE][PASSED] - Test Cases/mobileWeb/_include/openWebSite: Test Cases/mobileWeb/_include/openWebSite

2019-07-23 16:21:16 - [TEST_STEP][PASSED] - openBrowser(ENV): Browser is opened with url: 'https://praetemptatus.agilehealthinsurance.com'

2019-07-23 16:21:16 - [MESSAGE][WARNING] - A browser is already opened. Closing browser and opening a new one

2019-07-23 16:21:17 - [MESSAGE][INFO] - Starting 'Chrome' driver

2019-07-23 16:21:17 - [MESSAGE][INFO] - User set preference: ['mobileEmulation', '{deviceName=iPhone X}']

2019-07-23 16:21:17 - [MESSAGE][INFO] - User set preference: ['args', '[--incognito, --aggressive-cache-discard, --no-sandbox, --window-size=375,812]']

2019-07-23 16:21:38 - [MESSAGE][PASSED] - Browser is opened with url: 'https://praetemptatus.agilehealthinsurance.com'

2019-07-23 16:21:38 - [TEST_STEP][PASSED] - waitForPageLoad(10): Wait for page load successfully

2019-07-23 16:21:38 - [MESSAGE][PASSED] - Wait for page load successfully

2019-07-23 16:21:38 - [TEST_STEP][PASSED] - callTestCase(findTestCase("mobileWeb/_include/get_screenshot"), [:], STOP_ON_FAILURE): Call Test Case 'Test Cases/mobileWeb/_include/get_screenshot' successfully

2019-07-23 16:21:38 - [TEST_CASE][PASSED] - Test Cases/mobileWeb/_include/get_screenshot: Test Cases/mobileWeb/_include/get_screenshot

2019-07-23 16:21:38 - [TEST_STEP][PASSED] - takeScreenshot(screenPath + i + ".png"): Taking screenshot successfully

2019-07-23 16:21:39 - [MESSAGE][PASSED] - Taking screenshot successfully
[[ATTACHMENT|D:\\Test\\AgileTest\\AgileTest\\Reports\\mobileWeb\\hbi\\20190723_161403\\../Screenshots/iPhone X/hbi/Cardinal Choice/20190723_162116/0.png]]

2019-07-23 16:21:39 - [TEST_STEP][PASSED] - (internal.GlobalVariable.i++): null

2019-07-23 16:21:39 - [MESSAGE][PASSED] - Call Test Case 'Test Cases/mobileWeb/_include/get_screenshot' successfully

2019-07-23 16:21:39 - [MESSAGE][PASSED] - Call Test Case 'Test Cases/mobileWeb/_include/openWebSite' successfully

2019-07-23 16:21:39 - [TEST_STEP][PASSED] - callTestCase(findTestCase("mobileWeb/_include/census_hbi"), [:], CONTINUE_ON_FAILURE): Call Test Case 'Test Cases/mobileWeb/_include/census_hbi' successfully

2019-07-23 16:21:39 - [TEST_CASE][PASSED] - Test Cases/mobileWeb/_include/census_hbi: Test Cases/mobileWeb/_include/census_hbi

2019-07-23 16:21:39 - [TEST_STEP][PASSED] - click(findTestObject("mobileSanity/Common/side_nav/menu")): Object: 'Object Repository/mobileSanity/Common/side_nav/menu' is clicked on

2019-07-23 16:21:40 - [MESSAGE][PASSED] - Object: 'Object Repository/mobileSanity/Common/side_nav/menu' is clicked on

2019-07-23 16:21:40 - [TEST_STEP][PASSED] - Thread.sleep(3000): null

2019-07-23 16:21:43 - [TEST_STEP][PASSED] - click(findTestObject("mobileSanity/Common/side_nav/nav_hbi")): Object: 'Object Repository/mobileSanity/Common/side_nav/nav_hbi' is clicked on

2019-07-23 16:21:52 - [MESSAGE][PASSED] - Object: 'Object Repository/mobileSanity/Common/side_nav/nav_hbi' is clicked on

2019-07-23 16:21:52 - [TEST_STEP][PASSED] - waitForPageLoad(10): Wait for page load successfully

2019-07-23 16:21:52 - [MESSAGE][PASSED] - Wait for page load successfully

2019-07-23 16:21:52 - [TEST_STEP][PASSED] - callTestCase(findTestCase("mobileWeb/_include/get_screenshot"), [:], STOP_ON_FAILURE): Call Test Case 'Test Cases/mobileWeb/_include/get_screenshot' successfully

2019-07-23 16:21:52 - [TEST_CASE][PASSED] - Test Cases/mobileWeb/_include/get_screenshot: Test Cases/mobileWeb/_include/get_screenshot

2019-07-23 16:21:52 - [TEST_STEP][PASSED] - takeScreenshot(screenPath + i + ".png"): Taking screenshot successfully

2019-07-23 16:21:54 - [MESSAGE][PASSED] - Taking screenshot successfully
[[ATTACHMENT|D:\\Test\\AgileTest\\AgileTest\\Reports\\mobileWeb\\hbi\\20190723_161403\\../Screenshots/iPhone X/hbi/Cardinal Choice/20190723_162116/1.png]]

2019-07-23 16:21:54 - [TEST_STEP][PASSED] - (internal.GlobalVariable.i++): null

2019-07-23 16:21:54 - [MESSAGE][PASSED] - Call Test Case 'Test Cases/mobileWeb/_include/get_screenshot' successfully

2019-07-23 16:21:54 - [TEST_STEP][PASSED] - setText(findTestObject("mobileSanity/HBI/census/input_Location_zip-input"), zipcode): Text '35215' is set on object 'Object Repository/mobileSanity/HBI/census/input_Location_zip-input'

2019-07-23 16:21:54 - [MESSAGE][PASSED] - Text '35215' is set on object 'Object Repository/mobileSanity/HBI/census/input_Location_zip-input'

2019-07-23 16:21:54 - [TEST_STEP][PASSED] - Thread.sleep(500): null

2019-07-23 16:21:55 - [TEST_STEP][PASSED] - setText(findTestObject("mobileSanity/HBI/census/input_Date of Birth_dob-0"), "12121980"): Text '12121980' is set on object 'Object Repository/mobileSanity/HBI/census/input_Date of Birth_dob-0'

2019-07-23 16:21:55 - [MESSAGE][PASSED] - Text '12121980' is set on object 'Object Repository/mobileSanity/HBI/census/input_Date of Birth_dob-0'

2019-07-23 16:21:55 - [TEST_STEP][PASSED] - click(findTestObject("mobileSanity/HBI/census/label_Male")): Object: 'Object Repository/mobileSanity/HBI/census/label_Male' is clicked on

2019-07-23 16:21:55 - [MESSAGE][PASSED] - Object: 'Object Repository/mobileSanity/HBI/census/label_Male' is clicked on

2019-07-23 16:21:55 - [TEST_STEP][PASSED] - click(findTestObject("mobileSanity/HBI/census/label_Get a Quote")): Object: 'Object Repository/mobileSanity/HBI/census/label_Get a Quote' is clicked on

2019-07-23 16:21:55 - [MESSAGE][PASSED] - Object: 'Object Repository/mobileSanity/HBI/census/label_Get a Quote' is clicked on

2019-07-23 16:21:55 - [TEST_STEP][PASSED] - waitForPageLoad(10): Wait for page load successfully

2019-07-23 16:21:55 - [MESSAGE][PASSED] - Wait for page load successfully

2019-07-23 16:21:55 - [TEST_STEP][PASSED] - callTestCase(findTestCase("mobileWeb/_include/get_screenshot"), [:], STOP_ON_FAILURE): Call Test Case 'Test Cases/mobileWeb/_include/get_screenshot' successfully

2019-07-23 16:21:55 - [TEST_CASE][PASSED] - Test Cases/mobileWeb/_include/get_screenshot: Test Cases/mobileWeb/_include/get_screenshot

2019-07-23 16:21:55 - [TEST_STEP][PASSED] - takeScreenshot(screenPath + i + ".png"): Taking screenshot successfully

2019-07-23 16:21:56 - [MESSAGE][PASSED] - Taking screenshot successfully
[[ATTACHMENT|D:\\Test\\AgileTest\\AgileTest\\Reports\\mobileWeb\\hbi\\20190723_161403\\../Screenshots/iPhone X/hbi/Cardinal Choice/20190723_162116/2.png]]

2019-07-23 16:21:56 - [TEST_STEP][PASSED] - (internal.GlobalVariable.i++): null

2019-07-23 16:21:56 - [MESSAGE][PASSED] - Call Test Case 'Test Cases/mobileWeb/_include/get_screenshot' successfully

2019-07-23 16:21:56 - [MESSAGE][PASSED] - Call Test Case 'Test Cases/mobileWeb/_include/census_hbi' successfully

2019-07-23 16:21:56 - [TEST_STEP][PASSED] - Thread.sleep(5000): null

2019-07-23 16:22:01 - [TEST_STEP][PASSED] - scrollToPosition(200, 2300): Browser is scrolled to position x = 200, y = 2300

2019-07-23 16:22:03 - [MESSAGE][PASSED] - Browser is scrolled to position x = 200, y = 2300

2019-07-23 16:22:03 - [TEST_STEP][FAILED] - click(findTestObject("mobileSanity/HBI/quote/a_Cardinal Choice")): click(findTestObject("mobileSanity/HBI/quote/a_Cardinal Choice")) FAILED.
Reason:
com.kms.katalon.core.exception.StepFailedException: Unable to click on object 'Object Repository/mobileSanity/HBI/quote/a_Cardinal Choice' (Root cause: com.kms.katalon.core.webui.exception.WebElementNotFoundException: Web element with id: 'Object Repository/mobileSanity/HBI/quote/a_Cardinal Choice' located by 'By.xpath: //li[@class='js-plan plan js-plan-responsive' and @data-id='cardinalchoice-al-750-22500-75-3']/div[2]/table/tbody/tr/td/a' not found)
	at com.kms.katalon.core.keyword.internal.KeywordMain.stepFailed(KeywordMain.groovy:36)
	at com.kms.katalon.core.webui.keyword.internal.WebUIKeywordMain.stepFailed(WebUIKeywordMain.groovy:65)
	at com.kms.katalon.core.webui.keyword.internal.WebUIKeywordMain.runKeyword(WebUIKeywordMain.groovy:27)
	at com.kms.katalon.core.webui.keyword.builtin.ClickKeyword.click(ClickKeyword.groovy:86)
	at com.kms.katalon.core.webui.keyword.builtin.ClickKeyword.execute(ClickKeyword.groovy:67)
	at com.kms.katalon.core.keyword.internal.KeywordExecutor.executeKeywordForPlatform(KeywordExecutor.groovy:53)
	at com.kms.katalon.core.webui.keyword.WebUiBuiltInKeywords.click(WebUiBuiltInKeywords.groovy:616)
	at com.kms.katalon.core.webui.keyword.WebUiBuiltInKeywords$click$2.call(Unknown Source)
	at Cardinal Choice.run(Cardinal Choice:32)
	at com.kms.katalon.core.main.ScriptEngine.run(ScriptEngine.java:194)
	at com.kms.katalon.core.main.ScriptEngine.runScriptAsRawText(ScriptEngine.java:119)
	at com.kms.katalon.core.main.TestCaseExecutor.runScript(TestCaseExecutor.java:321)
	at com.kms.katalon.core.main.TestCaseExecutor.doExecute(TestCaseExecutor.java:312)
	at com.kms.katalon.core.main.TestCaseExecutor.processExecutionPhase(TestCaseExecutor.java:291)
	at com.kms.katalon.core.main.TestCaseExecutor.accessMainPhase(TestCaseExecutor.java:283)
	at com.kms.katalon.core.main.TestCaseExecutor.execute(TestCaseExecutor.java:222)
	at com.kms.katalon.core.main.TestSuiteExecutor.accessTestCaseMainPhase(TestSuiteExecutor.java:129)
	at com.kms.katalon.core.main.TestSuiteExecutor.accessTestSuiteMainPhase(TestSuiteExecutor.java:112)
	at com.kms.katalon.core.main.TestSuiteExecutor.execute(TestSuiteExecutor.java:81)
	at com.kms.katalon.core.main.TestCaseMain.startTestSuite(TestCaseMain.java:149)
	at com.kms.katalon.core.main.TestCaseMain$startTestSuite$0.call(Unknown Source)
	at TempTestSuite1563869643905.run(TempTestSuite1563869643905.groovy:36)


2019-07-23 16:22:25 - [MESSAGE][INFO] - Unable to find the element located by 'By.xpath: //li[@class='js-plan plan js-plan-responsive' and @data-id='cardinalchoice-al-750-22500-75-3']/div[2]/table/tbody/tr/td/a'. Please recheck the objects properties to make sure the desired element is located. 

2019-07-23 16:22:26 - [MESSAGE][FAILED] - Unable to click on object 'Object Repository/mobileSanity/HBI/quote/a_Cardinal Choice' (Root cause: com.kms.katalon.core.webui.exception.WebElementNotFoundException: Web element with id: 'Object Repository/mobileSanity/HBI/quote/a_Cardinal Choice' located by 'By.xpath: //li[@class='js-plan plan js-plan-responsive' and @data-id='cardinalchoice-al-750-22500-75-3']/div[2]/table/tbody/tr/td/a' not found)
[[ATTACHMENT|D:\\Test\\AgileTest\\AgileTest\\Reports\\mobileWeb\\hbi\\20190723_161403\\1563870145764.png]]

2019-07-23 16:22:26 - [MESSAGE][FAILED] - click(findTestObject("mobileSanity/HBI/quote/a_Cardinal Choice")) FAILED.
Reason:
com.kms.katalon.core.exception.StepFailedException: Unable to click on object 'Object Repository/mobileSanity/HBI/quote/a_Cardinal Choice' (Root cause: com.kms.katalon.core.webui.exception.WebElementNotFoundException: Web element with id: 'Object Repository/mobileSanity/HBI/quote/a_Cardinal Choice' located by 'By.xpath: //li[@class='js-plan plan js-plan-responsive' and @data-id='cardinalchoice-al-750-22500-75-3']/div[2]/table/tbody/tr/td/a' not found)
	at com.kms.katalon.core.keyword.internal.KeywordMain.stepFailed(KeywordMain.groovy:36)
	at com.kms.katalon.core.webui.keyword.internal.WebUIKeywordMain.stepFailed(WebUIKeywordMain.groovy:65)
	at com.kms.katalon.core.webui.keyword.internal.WebUIKeywordMain.runKeyword(WebUIKeywordMain.groovy:27)
	at com.kms.katalon.core.webui.keyword.builtin.ClickKeyword.click(ClickKeyword.groovy:86)
	at com.kms.katalon.core.webui.keyword.builtin.ClickKeyword.execute(ClickKeyword.groovy:67)
	at com.kms.katalon.core.keyword.internal.KeywordExecutor.executeKeywordForPlatform(KeywordExecutor.groovy:53)
	at com.kms.katalon.core.webui.keyword.WebUiBuiltInKeywords.click(WebUiBuiltInKeywords.groovy:616)
	at com.kms.katalon.core.webui.keyword.WebUiBuiltInKeywords$click$2.call(Unknown Source)
	at Cardinal Choice.run(Cardinal Choice:32)
	at com.kms.katalon.core.main.ScriptEngine.run(ScriptEngine.java:194)
	at com.kms.katalon.core.main.ScriptEngine.runScriptAsRawText(ScriptEngine.java:119)
	at com.kms.katalon.core.main.TestCaseExecutor.runScript(TestCaseExecutor.java:321)
	at com.kms.katalon.core.main.TestCaseExecutor.doExecute(TestCaseExecutor.java:312)
	at com.kms.katalon.core.main.TestCaseExecutor.processExecutionPhase(TestCaseExecutor.java:291)
	at com.kms.katalon.core.main.TestCaseExecutor.accessMainPhase(TestCaseExecutor.java:283)
	at com.kms.katalon.core.main.TestCaseExecutor.execute(TestCaseExecutor.java:222)
	at com.kms.katalon.core.main.TestSuiteExecutor.accessTestCaseMainPhase(TestSuiteExecutor.java:129)
	at com.kms.katalon.core.main.TestSuiteExecutor.accessTestSuiteMainPhase(TestSuiteExecutor.java:112)
	at com.kms.katalon.core.main.TestSuiteExecutor.execute(TestSuiteExecutor.java:81)
	at com.kms.katalon.core.main.TestCaseMain.startTestSuite(TestCaseMain.java:149)
	at com.kms.katalon.core.main.TestCaseMain$startTestSuite$0.call(Unknown Source)
	at TempTestSuite1563869643905.run(TempTestSuite1563869643905.groovy:36)]]></system-out>
         <system-err><![CDATA[2019-07-23 16:21:16 - [TEST_CASE][FAILED] - Test Cases/mobileWeb/HBI/Cardinal Choice: Test Cases/mobileWeb/HBI/Cardinal Choice FAILED.
Reason:
com.kms.katalon.core.exception.StepFailedException: Unable to click on object 'Object Repository/mobileSanity/HBI/quote/a_Cardinal Choice' (Root cause: com.kms.katalon.core.webui.exception.WebElementNotFoundException: Web element with id: 'Object Repository/mobileSanity/HBI/quote/a_Cardinal Choice' located by 'By.xpath: //li[@class='js-plan plan js-plan-responsive' and @data-id='cardinalchoice-al-750-22500-75-3']/div[2]/table/tbody/tr/td/a' not found)
	at com.kms.katalon.core.keyword.internal.KeywordMain.stepFailed(KeywordMain.groovy:36)
	at com.kms.katalon.core.webui.keyword.internal.WebUIKeywordMain.stepFailed(WebUIKeywordMain.groovy:65)
	at com.kms.katalon.core.webui.keyword.internal.WebUIKeywordMain.runKeyword(WebUIKeywordMain.groovy:27)
	at com.kms.katalon.core.webui.keyword.builtin.ClickKeyword.click(ClickKeyword.groovy:86)
	at com.kms.katalon.core.webui.keyword.builtin.ClickKeyword.execute(ClickKeyword.groovy:67)
	at com.kms.katalon.core.keyword.internal.KeywordExecutor.executeKeywordForPlatform(KeywordExecutor.groovy:53)
	at com.kms.katalon.core.webui.keyword.WebUiBuiltInKeywords.click(WebUiBuiltInKeywords.groovy:616)
	at com.kms.katalon.core.webui.keyword.WebUiBuiltInKeywords$click$2.call(Unknown Source)
	at Cardinal Choice.run(Cardinal Choice:32)
	at com.kms.katalon.core.main.ScriptEngine.run(ScriptEngine.java:194)
	at com.kms.katalon.core.main.ScriptEngine.runScriptAsRawText(ScriptEngine.java:119)
	at com.kms.katalon.core.main.TestCaseExecutor.runScript(TestCaseExecutor.java:321)
	at com.kms.katalon.core.main.TestCaseExecutor.doExecute(TestCaseExecutor.java:312)
	at com.kms.katalon.core.main.TestCaseExecutor.processExecutionPhase(TestCaseExecutor.java:291)
	at com.kms.katalon.core.main.TestCaseExecutor.accessMainPhase(TestCaseExecutor.java:283)
	at com.kms.katalon.core.main.TestCaseExecutor.execute(TestCaseExecutor.java:222)
	at com.kms.katalon.core.main.TestSuiteExecutor.accessTestCaseMainPhase(TestSuiteExecutor.java:129)
	at com.kms.katalon.core.main.TestSuiteExecutor.accessTestSuiteMainPhase(TestSuiteExecutor.java:112)
	at com.kms.katalon.core.main.TestSuiteExecutor.execute(TestSuiteExecutor.java:81)
	at com.kms.katalon.core.main.TestCaseMain.startTestSuite(TestCaseMain.java:149)
	at com.kms.katalon.core.main.TestCaseMain$startTestSuite$0.call(Unknown Source)
	at TempTestSuite1563869643905.run(TempTestSuite1563869643905.groovy:36)]]></system-err>
      </testcase>
      <testcase name="Test Cases/mobileWeb/HBI/Core Shield" classname="Test Cases/mobileWeb/HBI/Core Shield" status="PASSED">
         <system-out><![CDATA[2019-07-23 16:22:26 - [TEST_CASE][PASSED] - Test Cases/mobileWeb/HBI/Core Shield: Test Cases/mobileWeb/HBI/Core Shield

2019-07-23 16:22:26 - [TEST_STEP][PASSED] - callTestCase(findTestCase("mobileWeb/_include/get_screenPath"), ["productLine":"hbi", "carrierName":"Core Shield"], CONTINUE_ON_FAILURE): Call Test Case 'Test Cases/mobileWeb/_include/get_screenPath' successfully

2019-07-23 16:22:27 - [TEST_CASE][PASSED] - Test Cases/mobileWeb/_include/get_screenPath: Test Cases/mobileWeb/_include/get_screenPath

2019-07-23 16:22:27 - [TEST_STEP][PASSED] - m = getExecutionProperties(): null

2019-07-23 16:22:27 - [TEST_STEP][PASSED] - deviceName = get("mobileEmulation").get("deviceName"): null

2019-07-23 16:22:27 - [TEST_STEP][PASSED] - println(deviceName): null

2019-07-23 16:22:27 - [TEST_STEP][PASSED] - now = new java.util.Date(): null

2019-07-23 16:22:27 - [TEST_STEP][PASSED] - mydate = now.format("yyyyMMdd_HHmmss"): null

2019-07-23 16:22:27 - [TEST_STEP][PASSED] - screenPath = "../Screenshots/": null

2019-07-23 16:22:27 - [TEST_STEP][PASSED] - screenPath = screenPath + deviceName + "/" + productLine + "/" + carrierName + "/" + mydate + "/": null

2019-07-23 16:22:27 - [TEST_STEP][PASSED] - println(screenPath): null

2019-07-23 16:22:27 - [MESSAGE][PASSED] - Call Test Case 'Test Cases/mobileWeb/_include/get_screenPath' successfully

2019-07-23 16:22:27 - [TEST_STEP][PASSED] - i = 0: null

2019-07-23 16:22:27 - [TEST_STEP][PASSED] - callTestCase(findTestCase("mobileWeb/_include/openWebSite"), [:], CONTINUE_ON_FAILURE): Call Test Case 'Test Cases/mobileWeb/_include/openWebSite' successfully

2019-07-23 16:22:27 - [TEST_CASE][PASSED] - Test Cases/mobileWeb/_include/openWebSite: Test Cases/mobileWeb/_include/openWebSite

2019-07-23 16:22:27 - [TEST_STEP][PASSED] - openBrowser(ENV): Browser is opened with url: 'https://praetemptatus.agilehealthinsurance.com'

2019-07-23 16:22:27 - [MESSAGE][WARNING] - A browser is already opened. Closing browser and opening a new one

2019-07-23 16:22:27 - [MESSAGE][INFO] - Starting 'Chrome' driver

2019-07-23 16:22:27 - [MESSAGE][INFO] - User set preference: ['mobileEmulation', '{deviceName=iPhone X}']

2019-07-23 16:22:27 - [MESSAGE][INFO] - User set preference: ['args', '[--incognito, --aggressive-cache-discard, --no-sandbox, --window-size=375,812]']

2019-07-23 16:22:38 - [MESSAGE][PASSED] - Browser is opened with url: 'https://praetemptatus.agilehealthinsurance.com'

2019-07-23 16:22:38 - [TEST_STEP][PASSED] - waitForPageLoad(10): Wait for page load successfully

2019-07-23 16:22:38 - [MESSAGE][PASSED] - Wait for page load successfully

2019-07-23 16:22:38 - [TEST_STEP][PASSED] - callTestCase(findTestCase("mobileWeb/_include/get_screenshot"), [:], STOP_ON_FAILURE): Call Test Case 'Test Cases/mobileWeb/_include/get_screenshot' successfully

2019-07-23 16:22:38 - [TEST_CASE][PASSED] - Test Cases/mobileWeb/_include/get_screenshot: Test Cases/mobileWeb/_include/get_screenshot

2019-07-23 16:22:38 - [TEST_STEP][PASSED] - takeScreenshot(screenPath + i + ".png"): Taking screenshot successfully

2019-07-23 16:22:39 - [MESSAGE][PASSED] - Taking screenshot successfully
[[ATTACHMENT|D:\\Test\\AgileTest\\AgileTest\\Reports\\mobileWeb\\hbi\\20190723_161403\\../Screenshots/iPhone X/hbi/Core Shield/20190723_162227/0.png]]

2019-07-23 16:22:39 - [TEST_STEP][PASSED] - (internal.GlobalVariable.i++): null

2019-07-23 16:22:39 - [MESSAGE][PASSED] - Call Test Case 'Test Cases/mobileWeb/_include/get_screenshot' successfully

2019-07-23 16:22:39 - [MESSAGE][PASSED] - Call Test Case 'Test Cases/mobileWeb/_include/openWebSite' successfully

2019-07-23 16:22:39 - [TEST_STEP][PASSED] - callTestCase(findTestCase("mobileWeb/_include/census_hbi"), [:], CONTINUE_ON_FAILURE): Call Test Case 'Test Cases/mobileWeb/_include/census_hbi' successfully

2019-07-23 16:22:39 - [TEST_CASE][PASSED] - Test Cases/mobileWeb/_include/census_hbi: Test Cases/mobileWeb/_include/census_hbi

2019-07-23 16:22:39 - [TEST_STEP][PASSED] - click(findTestObject("mobileSanity/Common/side_nav/menu")): Object: 'Object Repository/mobileSanity/Common/side_nav/menu' is clicked on

2019-07-23 16:22:40 - [MESSAGE][PASSED] - Object: 'Object Repository/mobileSanity/Common/side_nav/menu' is clicked on

2019-07-23 16:22:40 - [TEST_STEP][PASSED] - Thread.sleep(3000): null

2019-07-23 16:22:43 - [TEST_STEP][PASSED] - click(findTestObject("mobileSanity/Common/side_nav/nav_hbi")): Object: 'Object Repository/mobileSanity/Common/side_nav/nav_hbi' is clicked on

2019-07-23 16:22:47 - [MESSAGE][PASSED] - Object: 'Object Repository/mobileSanity/Common/side_nav/nav_hbi' is clicked on

2019-07-23 16:22:47 - [TEST_STEP][PASSED] - waitForPageLoad(10): Wait for page load successfully

2019-07-23 16:22:47 - [MESSAGE][PASSED] - Wait for page load successfully

2019-07-23 16:22:47 - [TEST_STEP][PASSED] - callTestCase(findTestCase("mobileWeb/_include/get_screenshot"), [:], STOP_ON_FAILURE): Call Test Case 'Test Cases/mobileWeb/_include/get_screenshot' successfully

2019-07-23 16:22:47 - [TEST_CASE][PASSED] - Test Cases/mobileWeb/_include/get_screenshot: Test Cases/mobileWeb/_include/get_screenshot

2019-07-23 16:22:47 - [TEST_STEP][PASSED] - takeScreenshot(screenPath + i + ".png"): Taking screenshot successfully

2019-07-23 16:22:48 - [MESSAGE][PASSED] - Taking screenshot successfully
[[ATTACHMENT|D:\\Test\\AgileTest\\AgileTest\\Reports\\mobileWeb\\hbi\\20190723_161403\\../Screenshots/iPhone X/hbi/Core Shield/20190723_162227/1.png]]

2019-07-23 16:22:48 - [TEST_STEP][PASSED] - (internal.GlobalVariable.i++): null

2019-07-23 16:22:48 - [MESSAGE][PASSED] - Call Test Case 'Test Cases/mobileWeb/_include/get_screenshot' successfully

2019-07-23 16:22:48 - [TEST_STEP][PASSED] - setText(findTestObject("mobileSanity/HBI/census/input_Location_zip-input"), zipcode): Text '35215' is set on object 'Object Repository/mobileSanity/HBI/census/input_Location_zip-input'

2019-07-23 16:22:48 - [MESSAGE][PASSED] - Text '35215' is set on object 'Object Repository/mobileSanity/HBI/census/input_Location_zip-input'

2019-07-23 16:22:48 - [TEST_STEP][PASSED] - Thread.sleep(500): null

2019-07-23 16:22:49 - [TEST_STEP][PASSED] - setText(findTestObject("mobileSanity/HBI/census/input_Date of Birth_dob-0"), "12121980"): Text '12121980' is set on object 'Object Repository/mobileSanity/HBI/census/input_Date of Birth_dob-0'

2019-07-23 16:22:49 - [MESSAGE][PASSED] - Text '12121980' is set on object 'Object Repository/mobileSanity/HBI/census/input_Date of Birth_dob-0'

2019-07-23 16:22:49 - [TEST_STEP][PASSED] - click(findTestObject("mobileSanity/HBI/census/label_Male")): Object: 'Object Repository/mobileSanity/HBI/census/label_Male' is clicked on

2019-07-23 16:22:49 - [MESSAGE][PASSED] - Object: 'Object Repository/mobileSanity/HBI/census/label_Male' is clicked on

2019-07-23 16:22:49 - [TEST_STEP][PASSED] - click(findTestObject("mobileSanity/HBI/census/label_Get a Quote")): Object: 'Object Repository/mobileSanity/HBI/census/label_Get a Quote' is clicked on

2019-07-23 16:22:50 - [MESSAGE][PASSED] - Object: 'Object Repository/mobileSanity/HBI/census/label_Get a Quote' is clicked on

2019-07-23 16:22:50 - [TEST_STEP][PASSED] - waitForPageLoad(10): Wait for page load successfully

2019-07-23 16:22:50 - [MESSAGE][PASSED] - Wait for page load successfully

2019-07-23 16:22:50 - [TEST_STEP][PASSED] - callTestCase(findTestCase("mobileWeb/_include/get_screenshot"), [:], STOP_ON_FAILURE): Call Test Case 'Test Cases/mobileWeb/_include/get_screenshot' successfully

2019-07-23 16:22:50 - [TEST_CASE][PASSED] - Test Cases/mobileWeb/_include/get_screenshot: Test Cases/mobileWeb/_include/get_screenshot

2019-07-23 16:22:50 - [TEST_STEP][PASSED] - takeScreenshot(screenPath + i + ".png"): Taking screenshot successfully

2019-07-23 16:22:50 - [MESSAGE][PASSED] - Taking screenshot successfully
[[ATTACHMENT|D:\\Test\\AgileTest\\AgileTest\\Reports\\mobileWeb\\hbi\\20190723_161403\\../Screenshots/iPhone X/hbi/Core Shield/20190723_162227/2.png]]

2019-07-23 16:22:50 - [TEST_STEP][PASSED] - (internal.GlobalVariable.i++): null

2019-07-23 16:22:50 - [MESSAGE][PASSED] - Call Test Case 'Test Cases/mobileWeb/_include/get_screenshot' successfully

2019-07-23 16:22:50 - [MESSAGE][PASSED] - Call Test Case 'Test Cases/mobileWeb/_include/census_hbi' successfully

2019-07-23 16:22:50 - [TEST_STEP][PASSED] - Thread.sleep(5000): null

2019-07-23 16:22:55 - [TEST_STEP][PASSED] - scrollToPosition(200, 2300): Browser is scrolled to position x = 200, y = 2300

2019-07-23 16:23:00 - [MESSAGE][PASSED] - Browser is scrolled to position x = 200, y = 2300

2019-07-23 16:23:00 - [TEST_STEP][PASSED] - click(findTestObject("mobileSanity/HBI/quote/a_Core Shield")): Object: 'Object Repository/mobileSanity/HBI/quote/a_Core Shield' is clicked on

2019-07-23 16:23:08 - [MESSAGE][PASSED] - Object: 'Object Repository/mobileSanity/HBI/quote/a_Core Shield' is clicked on

2019-07-23 16:23:08 - [TEST_STEP][PASSED] - waitForPageLoad(10): Wait for page load successfully

2019-07-23 16:23:09 - [MESSAGE][PASSED] - Wait for page load successfully

2019-07-23 16:23:09 - [TEST_STEP][PASSED] - callTestCase(findTestCase("mobileWeb/_include/get_screenshot"), [:], STOP_ON_FAILURE): Call Test Case 'Test Cases/mobileWeb/_include/get_screenshot' successfully

2019-07-23 16:23:09 - [TEST_CASE][PASSED] - Test Cases/mobileWeb/_include/get_screenshot: Test Cases/mobileWeb/_include/get_screenshot

2019-07-23 16:23:09 - [TEST_STEP][PASSED] - takeScreenshot(screenPath + i + ".png"): Taking screenshot successfully

2019-07-23 16:23:10 - [MESSAGE][PASSED] - Taking screenshot successfully
[[ATTACHMENT|D:\\Test\\AgileTest\\AgileTest\\Reports\\mobileWeb\\hbi\\20190723_161403\\../Screenshots/iPhone X/hbi/Core Shield/20190723_162227/3.png]]

2019-07-23 16:23:10 - [TEST_STEP][PASSED] - (internal.GlobalVariable.i++): null

2019-07-23 16:23:10 - [MESSAGE][PASSED] - Call Test Case 'Test Cases/mobileWeb/_include/get_screenshot' successfully

2019-07-23 16:23:10 - [TEST_STEP][PASSED] - click(findTestObject("mobileSanity/HBI/detail/a_Apply for This Plan")): Object: 'Object Repository/mobileSanity/HBI/detail/a_Apply for This Plan' is clicked on

2019-07-23 16:23:13 - [MESSAGE][PASSED] - Object: 'Object Repository/mobileSanity/HBI/detail/a_Apply for This Plan' is clicked on

2019-07-23 16:23:13 - [TEST_STEP][PASSED] - waitForPageLoad(10): Wait for page load successfully

2019-07-23 16:23:14 - [MESSAGE][PASSED] - Wait for page load successfully

2019-07-23 16:23:14 - [TEST_STEP][PASSED] - callTestCase(findTestCase("mobileWeb/_include/get_screenshot"), [:], STOP_ON_FAILURE): Call Test Case 'Test Cases/mobileWeb/_include/get_screenshot' successfully

2019-07-23 16:23:14 - [TEST_CASE][PASSED] - Test Cases/mobileWeb/_include/get_screenshot: Test Cases/mobileWeb/_include/get_screenshot

2019-07-23 16:23:14 - [TEST_STEP][PASSED] - takeScreenshot(screenPath + i + ".png"): Taking screenshot successfully

2019-07-23 16:23:15 - [MESSAGE][PASSED] - Taking screenshot successfully
[[ATTACHMENT|D:\\Test\\AgileTest\\AgileTest\\Reports\\mobileWeb\\hbi\\20190723_161403\\../Screenshots/iPhone X/hbi/Core Shield/20190723_162227/4.png]]

2019-07-23 16:23:15 - [TEST_STEP][PASSED] - (internal.GlobalVariable.i++): null

2019-07-23 16:23:15 - [MESSAGE][PASSED] - Call Test Case 'Test Cases/mobileWeb/_include/get_screenshot' successfully

2019-07-23 16:23:15 - [TEST_STEP][PASSED] - click(findTestObject("mobileSanity/HBI/Page_Apply/span_Start Secure Application")): Object: 'Object Repository/mobileSanity/HBI/Page_Apply/span_Start Secure Application' is clicked on

2019-07-23 16:23:19 - [MESSAGE][PASSED] - Object: 'Object Repository/mobileSanity/HBI/Page_Apply/span_Start Secure Application' is clicked on

2019-07-23 16:23:19 - [TEST_STEP][PASSED] - waitForPageLoad(10): Wait for page load successfully

2019-07-23 16:23:20 - [MESSAGE][PASSED] - Wait for page load successfully

2019-07-23 16:23:20 - [TEST_STEP][PASSED] - callTestCase(findTestCase("mobileWeb/_include/get_screenshot"), [:], STOP_ON_FAILURE): Call Test Case 'Test Cases/mobileWeb/_include/get_screenshot' successfully

2019-07-23 16:23:20 - [TEST_CASE][PASSED] - Test Cases/mobileWeb/_include/get_screenshot: Test Cases/mobileWeb/_include/get_screenshot

2019-07-23 16:23:20 - [TEST_STEP][PASSED] - takeScreenshot(screenPath + i + ".png"): Taking screenshot successfully

2019-07-23 16:23:21 - [MESSAGE][PASSED] - Taking screenshot successfully
[[ATTACHMENT|D:\\Test\\AgileTest\\AgileTest\\Reports\\mobileWeb\\hbi\\20190723_161403\\../Screenshots/iPhone X/hbi/Core Shield/20190723_162227/5.png]]

2019-07-23 16:23:21 - [TEST_STEP][PASSED] - (internal.GlobalVariable.i++): null

2019-07-23 16:23:21 - [MESSAGE][PASSED] - Call Test Case 'Test Cases/mobileWeb/_include/get_screenshot' successfully

2019-07-23 16:23:21 - [TEST_STEP][PASSED] - callTestCase(findTestCase("mobileWeb/_include/goToEnd_hbi"), ["carrier":"coreshield"], CONTINUE_ON_FAILURE): Call Test Case 'Test Cases/mobileWeb/_include/goToEnd_hbi' successfully

2019-07-23 16:23:21 - [TEST_CASE][PASSED] - Test Cases/mobileWeb/_include/goToEnd_hbi: Test Cases/mobileWeb/_include/goToEnd_hbi

2019-07-23 16:23:21 - [TEST_STEP][PASSED] - callTestCase(findTestCase("mobileWeb/_include/name"), [:], CONTINUE_ON_FAILURE): Call Test Case 'Test Cases/mobileWeb/_include/name' successfully

2019-07-23 16:23:21 - [TEST_CASE][PASSED] - Test Cases/mobileWeb/_include/name: Test Cases/mobileWeb/_include/name

2019-07-23 16:23:21 - [TEST_STEP][PASSED] - driver = getWebDriver(): null

2019-07-23 16:23:21 - [TEST_STEP][PASSED] - selenium = new com.thoughtworks.selenium.webdriven.WebDriverBackedSelenium(driver, internal.GlobalVariable.ENV): null

2019-07-23 16:23:21 - [TEST_STEP][PASSED] - FirstName = "Test-123": null

2019-07-23 16:23:21 - [TEST_STEP][PASSED] - LastName = selenium.getEval("{var x="ABCDEFGHIJKLMNOPQRSTUVWXYZabcdefghijklmnopqrstuvwxyz"; var tmp="ZZ11-"; for (i=0;i<8;i++) tmp+=x.charAt(Math.ceil(51*Math.random()));tmp;}"): null

2019-07-23 16:23:21 - [TEST_STEP][PASSED] - Address = selenium.getEval("{var x="ABCDEFGHIJKLMNOPQRSTUVWXYZabcdefghijklmnopqrstuvwxyz"; var tmp=""; for (i=0;i<8;i++) tmp+=x.charAt(Math.ceil(51*Math.random()));tmp;}"): null

2019-07-23 16:23:21 - [TEST_STEP][PASSED] - City = selenium.getEval("{var x="ABCDEFGHIJKLMNOPQRSTUVWXYZabcdefghijklmnopqrstuvwxyz"; var tmp=""; for (i=0;i<8;i++) tmp+=x.charAt(Math.ceil(51*Math.random()));tmp;}"): null

2019-07-23 16:23:21 - [TEST_STEP][PASSED] - tel1 = selenium.getEval("{var x="123456789"; var tmp=""; for (i=0;i<3;i++) tmp+=x.charAt(Math.ceil(8*Math.random()));tmp;}"): null

2019-07-23 16:23:21 - [TEST_STEP][PASSED] - tel2 = selenium.getEval("{var x="123456789"; var tmp=""; for (i=0;i<3;i++) tmp+=x.charAt(Math.ceil(8*Math.random()));tmp;}"): null

2019-07-23 16:23:21 - [TEST_STEP][PASSED] - tel3 = selenium.getEval("{var x="123456789"; var tmp=""; for (i=0;i<4;i++) tmp+=x.charAt(Math.ceil(8*Math.random()));tmp;}"): null

2019-07-23 16:23:21 - [TEST_STEP][PASSED] - Tel = selenium.getExpression(tel1 + "-" + tel2 + "-" + tel3): null

2019-07-23 16:23:21 - [TEST_STEP][PASSED] - AutoEmail = selenium.getEval("{var x="ABCDEFGHIJKLMNOPQRSTUVWXYZabcdefghijklmnopqrstuvwxyz"; var tmp="test."; for (i=0;i<8;i++) tmp+=x.charAt(Math.ceil(51*Math.random()));tmp+="@suryani.cn";}"): null

2019-07-23 16:23:21 - [TEST_STEP][PASSED] - FirstName = FirstName: null

2019-07-23 16:23:21 - [TEST_STEP][PASSED] - LastName = LastName: null

2019-07-23 16:23:21 - [TEST_STEP][PASSED] - Address = Address: null

2019-07-23 16:23:21 - [TEST_STEP][PASSED] - City = City: null

2019-07-23 16:23:21 - [TEST_STEP][PASSED] - Tel = Tel: null

2019-07-23 16:23:21 - [TEST_STEP][PASSED] - AutoEmail = AutoEmail: null

2019-07-23 16:23:21 - [TEST_STEP][PASSED] - println(FirstName): null

2019-07-23 16:23:21 - [TEST_STEP][PASSED] - println(LastName): null

2019-07-23 16:23:21 - [TEST_STEP][PASSED] - println(Address): null

2019-07-23 16:23:21 - [TEST_STEP][PASSED] - println(City): null

2019-07-23 16:23:21 - [TEST_STEP][PASSED] - println(Tel): null

2019-07-23 16:23:21 - [TEST_STEP][PASSED] - println(AutoEmail): null

2019-07-23 16:23:21 - [MESSAGE][PASSED] - Call Test Case 'Test Cases/mobileWeb/_include/name' successfully

2019-07-23 16:23:21 - [TEST_STEP][PASSED] - setText(findTestObject("mobileSanity/HBI/Page_App Page 1/input__member-P-1-firstName"), FirstName): Text 'Test-123' is set on object 'Object Repository/mobileSanity/HBI/Page_App Page 1/input__member-P-1-firstName'

2019-07-23 16:23:29 - [MESSAGE][PASSED] - Text 'Test-123' is set on object 'Object Repository/mobileSanity/HBI/Page_App Page 1/input__member-P-1-firstName'

2019-07-23 16:23:29 - [TEST_STEP][PASSED] - setText(findTestObject("mobileSanity/HBI/Page_App Page 1/input__member-P-1-lastName"), LastName): Text 'ZZ11-UyamTpRD' is set on object 'Object Repository/mobileSanity/HBI/Page_App Page 1/input__member-P-1-lastName'

2019-07-23 16:23:30 - [MESSAGE][PASSED] - Text 'ZZ11-UyamTpRD' is set on object 'Object Repository/mobileSanity/HBI/Page_App Page 1/input__member-P-1-lastName'

2019-07-23 16:23:30 - [TEST_STEP][PASSED] - if (carrier == "agileone" || carrier == "agilesecure"): null

2019-07-23 16:23:30 - [TEST_STEP][PASSED] - setText(findTestObject("mobileSanity/HBI/Page_App Page 1/input__address"), Address): Text 'oqPRPHiH' is set on object 'Object Repository/mobileSanity/HBI/Page_App Page 1/input__address'

2019-07-23 16:23:30 - [MESSAGE][PASSED] - Text 'oqPRPHiH' is set on object 'Object Repository/mobileSanity/HBI/Page_App Page 1/input__address'

2019-07-23 16:23:30 - [TEST_STEP][PASSED] - setText(findTestObject("mobileSanity/HBI/Page_App Page 1/input__city"), City): Text 'eUOMUVXI' is set on object 'Object Repository/mobileSanity/HBI/Page_App Page 1/input__city'

2019-07-23 16:23:30 - [MESSAGE][PASSED] - Text 'eUOMUVXI' is set on object 'Object Repository/mobileSanity/HBI/Page_App Page 1/input__city'

2019-07-23 16:23:30 - [TEST_STEP][PASSED] - setText(findTestObject("mobileSanity/HBI/Page_App Page 1/input__email"), AutoEmail): Text 'test.dUglRSxX@suryani.cn' is set on object 'Object Repository/mobileSanity/HBI/Page_App Page 1/input__email'

2019-07-23 16:23:30 - [MESSAGE][PASSED] - Text 'test.dUglRSxX@suryani.cn' is set on object 'Object Repository/mobileSanity/HBI/Page_App Page 1/input__email'

2019-07-23 16:23:30 - [TEST_STEP][PASSED] - setText(findTestObject("mobileSanity/HBI/Page_App Page 1/input_tel"), Tel): Text '477-926-8878' is set on object 'Object Repository/mobileSanity/HBI/Page_App Page 1/input_tel'

2019-07-23 16:23:31 - [MESSAGE][PASSED] - Text '477-926-8878' is set on object 'Object Repository/mobileSanity/HBI/Page_App Page 1/input_tel'

2019-07-23 16:23:31 - [TEST_STEP][PASSED] - click(findTestObject("mobileSanity/HBI/Page_App Page 1/a_Continue to Step 2 - Payment")): Object: 'Object Repository/mobileSanity/HBI/Page_App Page 1/a_Continue to Step 2 - Payment' is clicked on

2019-07-23 16:23:31 - [MESSAGE][PASSED] - Object: 'Object Repository/mobileSanity/HBI/Page_App Page 1/a_Continue to Step 2 - Payment' is clicked on

2019-07-23 16:23:31 - [TEST_STEP][PASSED] - waitForPageLoad(10): Wait for page load successfully

2019-07-23 16:23:31 - [MESSAGE][PASSED] - Wait for page load successfully

2019-07-23 16:23:31 - [TEST_STEP][PASSED] - Thread.sleep(2000): null

2019-07-23 16:23:33 - [TEST_STEP][PASSED] - callTestCase(findTestCase("mobileWeb/_include/get_screenshot"), [:], STOP_ON_FAILURE): Call Test Case 'Test Cases/mobileWeb/_include/get_screenshot' successfully

2019-07-23 16:23:33 - [TEST_CASE][PASSED] - Test Cases/mobileWeb/_include/get_screenshot: Test Cases/mobileWeb/_include/get_screenshot

2019-07-23 16:23:33 - [TEST_STEP][PASSED] - takeScreenshot(screenPath + i + ".png"): Taking screenshot successfully

2019-07-23 16:23:34 - [MESSAGE][PASSED] - Taking screenshot successfully
[[ATTACHMENT|D:\\Test\\AgileTest\\AgileTest\\Reports\\mobileWeb\\hbi\\20190723_161403\\../Screenshots/iPhone X/hbi/Core Shield/20190723_162227/6.png]]

2019-07-23 16:23:34 - [TEST_STEP][PASSED] - (internal.GlobalVariable.i++): null

2019-07-23 16:23:34 - [MESSAGE][PASSED] - Call Test Case 'Test Cases/mobileWeb/_include/get_screenshot' successfully

2019-07-23 16:23:34 - [TEST_STEP][PASSED] - setText(findTestObject("mobileSanity/HBI/Page_App Page 2/input__credit-card-first"), FirstName): Text 'Test-123' is set on object 'Object Repository/mobileSanity/HBI/Page_App Page 2/input__credit-card-first'

2019-07-23 16:23:34 - [MESSAGE][PASSED] - Text 'Test-123' is set on object 'Object Repository/mobileSanity/HBI/Page_App Page 2/input__credit-card-first'

2019-07-23 16:23:34 - [TEST_STEP][PASSED] - setText(findTestObject("mobileSanity/HBI/Page_App Page 2/input__credit-card-last"), LastName): Text 'ZZ11-UyamTpRD' is set on object 'Object Repository/mobileSanity/HBI/Page_App Page 2/input__credit-card-last'

2019-07-23 16:23:34 - [MESSAGE][PASSED] - Text 'ZZ11-UyamTpRD' is set on object 'Object Repository/mobileSanity/HBI/Page_App Page 2/input__credit-card-last'

2019-07-23 16:23:34 - [TEST_STEP][PASSED] - selectOptionByValue(findTestObject("mobileSanity/HBI/Page_App Page 2/select_MM010203040506070809101"), "12", true): All options with value '12' are selected in object 'Object Repository/mobileSanity/HBI/Page_App Page 2/select_MM010203040506070809101'  using regular expression

2019-07-23 16:23:34 - [MESSAGE][PASSED] - All options with value '12' are selected in object 'Object Repository/mobileSanity/HBI/Page_App Page 2/select_MM010203040506070809101'  using regular expression

2019-07-23 16:23:34 - [TEST_STEP][PASSED] - selectOptionByValue(findTestObject("mobileSanity/HBI/Page_App Page 2/select_YYYY2019202020212022202"), "2026", true): All options with value '2026' are selected in object 'Object Repository/mobileSanity/HBI/Page_App Page 2/select_YYYY2019202020212022202'  using regular expression

2019-07-23 16:23:35 - [MESSAGE][PASSED] - All options with value '2026' are selected in object 'Object Repository/mobileSanity/HBI/Page_App Page 2/select_YYYY2019202020212022202'  using regular expression

2019-07-23 16:23:35 - [TEST_STEP][PASSED] - setText(findTestObject("mobileSanity/HBI/Page_App Page 2/input__credit-card-number"), "4111111111111111"): Text '4111111111111111' is set on object 'Object Repository/mobileSanity/HBI/Page_App Page 2/input__credit-card-number'

2019-07-23 16:23:35 - [MESSAGE][PASSED] - Text '4111111111111111' is set on object 'Object Repository/mobileSanity/HBI/Page_App Page 2/input__credit-card-number'

2019-07-23 16:23:35 - [TEST_STEP][PASSED] - setText(findTestObject("mobileSanity/HBI/Page_App Page 2/input__cvv"), "123"): Text '123' is set on object 'Object Repository/mobileSanity/HBI/Page_App Page 2/input__cvv'

2019-07-23 16:23:35 - [MESSAGE][PASSED] - Text '123' is set on object 'Object Repository/mobileSanity/HBI/Page_App Page 2/input__cvv'

2019-07-23 16:23:35 - [TEST_STEP][PASSED] - click(findTestObject("mobileSanity/HBI/Page_App Page 2/label_My billing address is th")): Object: 'Object Repository/mobileSanity/HBI/Page_App Page 2/label_My billing address is th' is clicked on

2019-07-23 16:23:35 - [MESSAGE][PASSED] - Object: 'Object Repository/mobileSanity/HBI/Page_App Page 2/label_My billing address is th' is clicked on

2019-07-23 16:23:35 - [TEST_STEP][PASSED] - click(findTestObject("mobileSanity/HBI/Page_App Page 2/label_I Accept Authorization f")): Object: 'Object Repository/mobileSanity/HBI/Page_App Page 2/label_I Accept Authorization f' is clicked on

2019-07-23 16:23:35 - [MESSAGE][PASSED] - Object: 'Object Repository/mobileSanity/HBI/Page_App Page 2/label_I Accept Authorization f' is clicked on

2019-07-23 16:23:35 - [TEST_STEP][PASSED] - click(findTestObject("mobileSanity/HBI/Page_App Page 2/a_Continue to Step 3 - Review")): Object: 'Object Repository/mobileSanity/HBI/Page_App Page 2/a_Continue to Step 3 - Review' is clicked on

2019-07-23 16:23:36 - [MESSAGE][PASSED] - Object: 'Object Repository/mobileSanity/HBI/Page_App Page 2/a_Continue to Step 3 - Review' is clicked on

2019-07-23 16:23:36 - [TEST_STEP][PASSED] - waitForPageLoad(10): Wait for page load successfully

2019-07-23 16:23:36 - [MESSAGE][PASSED] - Wait for page load successfully

2019-07-23 16:23:36 - [TEST_STEP][PASSED] - Thread.sleep(2000): null

2019-07-23 16:23:38 - [TEST_STEP][PASSED] - callTestCase(findTestCase("mobileWeb/_include/get_screenshot"), [:], STOP_ON_FAILURE): Call Test Case 'Test Cases/mobileWeb/_include/get_screenshot' successfully

2019-07-23 16:23:38 - [TEST_CASE][PASSED] - Test Cases/mobileWeb/_include/get_screenshot: Test Cases/mobileWeb/_include/get_screenshot

2019-07-23 16:23:38 - [TEST_STEP][PASSED] - takeScreenshot(screenPath + i + ".png"): Taking screenshot successfully

2019-07-23 16:23:41 - [MESSAGE][PASSED] - Taking screenshot successfully
[[ATTACHMENT|D:\\Test\\AgileTest\\AgileTest\\Reports\\mobileWeb\\hbi\\20190723_161403\\../Screenshots/iPhone X/hbi/Core Shield/20190723_162227/7.png]]

2019-07-23 16:23:41 - [TEST_STEP][PASSED] - (internal.GlobalVariable.i++): null

2019-07-23 16:23:41 - [MESSAGE][PASSED] - Call Test Case 'Test Cases/mobileWeb/_include/get_screenshot' successfully

2019-07-23 16:23:41 - [TEST_STEP][PASSED] - if (test.MobileKeywords.isElementPresent_Web(findTestObject("mobileSanity/HBI/Page_App Page 2/a_No Thanks"), 10)): test.MobileKeywords.isElementPresent_Web is PASSED

2019-07-23 16:24:02 - [MESSAGE][INFO] - Unable to find the element located by 'By.xpath: //a[@type = 'submit' and (text() = 'No Thanks' or . = 'No Thanks')]'. Please recheck the objects properties to make sure the desired element is located. 

2019-07-23 16:24:02 - [MESSAGE][PASSED] - test.MobileKeywords.isElementPresent_Web is PASSED

2019-07-23 16:24:02 - [TEST_STEP][PASSED] - waitForPageLoad(10): Wait for page load successfully

2019-07-23 16:24:02 - [MESSAGE][PASSED] - Wait for page load successfully

2019-07-23 16:24:02 - [TEST_STEP][PASSED] - click(findTestObject("mobileSanity/HBI/Page_App Page 3/label")): Object: 'Object Repository/mobileSanity/HBI/Page_App Page 3/label' is clicked on

2019-07-23 16:24:03 - [MESSAGE][PASSED] - Object: 'Object Repository/mobileSanity/HBI/Page_App Page 3/label' is clicked on

2019-07-23 16:24:03 - [TEST_STEP][PASSED] - click(findTestObject("mobileSanity/HBI/Page_App Page 3/p_CLICK TO SIGN")): Object: 'Object Repository/mobileSanity/HBI/Page_App Page 3/p_CLICK TO SIGN' is clicked on

2019-07-23 16:24:03 - [MESSAGE][PASSED] - Object: 'Object Repository/mobileSanity/HBI/Page_App Page 3/p_CLICK TO SIGN' is clicked on

2019-07-23 16:24:03 - [TEST_STEP][PASSED] - click(findTestObject("mobileSanity/HBI/Page_App Page 3/a_Submit Your Application")): Object: 'Object Repository/mobileSanity/HBI/Page_App Page 3/a_Submit Your Application' is clicked on

2019-07-23 16:24:03 - [MESSAGE][PASSED] - Object: 'Object Repository/mobileSanity/HBI/Page_App Page 3/a_Submit Your Application' is clicked on

2019-07-23 16:24:03 - [TEST_STEP][PASSED] - Thread.sleep(30000): null

2019-07-23 16:24:33 - [TEST_STEP][PASSED] - callTestCase(findTestCase("mobileWeb/_include/get_screenshot"), [:], STOP_ON_FAILURE): Call Test Case 'Test Cases/mobileWeb/_include/get_screenshot' successfully

2019-07-23 16:24:33 - [TEST_CASE][PASSED] - Test Cases/mobileWeb/_include/get_screenshot: Test Cases/mobileWeb/_include/get_screenshot

2019-07-23 16:24:33 - [TEST_STEP][PASSED] - takeScreenshot(screenPath + i + ".png"): Taking screenshot successfully

2019-07-23 16:24:48 - [MESSAGE][PASSED] - Taking screenshot successfully
[[ATTACHMENT|D:\\Test\\AgileTest\\AgileTest\\Reports\\mobileWeb\\hbi\\20190723_161403\\../Screenshots/iPhone X/hbi/Core Shield/20190723_162227/8.png]]

2019-07-23 16:24:48 - [TEST_STEP][PASSED] - (internal.GlobalVariable.i++): null

2019-07-23 16:24:48 - [MESSAGE][PASSED] - Call Test Case 'Test Cases/mobileWeb/_include/get_screenshot' successfully

2019-07-23 16:24:48 - [TEST_STEP][PASSED] - verifyTextPresent("Congratulations", false): Text 'Congratulations' is present on page 

2019-07-23 16:24:49 - [MESSAGE][PASSED] - Text 'Congratulations' is present on page 

2019-07-23 16:24:49 - [MESSAGE][PASSED] - Call Test Case 'Test Cases/mobileWeb/_include/goToEnd_hbi' successfully]]></system-out>
         <system-err><![CDATA[]]></system-err>
      </testcase>
      <testcase name="Test Cases/mobileWeb/HBI/Agile Secure" classname="Test Cases/mobileWeb/HBI/Agile Secure" status="PASSED">
         <system-out><![CDATA[2019-07-23 16:24:49 - [TEST_CASE][PASSED] - Test Cases/mobileWeb/HBI/Agile Secure: Test Cases/mobileWeb/HBI/Agile Secure

2019-07-23 16:24:49 - [TEST_STEP][PASSED] - callTestCase(findTestCase("mobileWeb/_include/get_screenPath"), ["productLine":"hbi", "carrierName":"Agile Secure"], CONTINUE_ON_FAILURE): Call Test Case 'Test Cases/mobileWeb/_include/get_screenPath' successfully

2019-07-23 16:24:49 - [TEST_CASE][PASSED] - Test Cases/mobileWeb/_include/get_screenPath: Test Cases/mobileWeb/_include/get_screenPath

2019-07-23 16:24:49 - [TEST_STEP][PASSED] - m = getExecutionProperties(): null

2019-07-23 16:24:49 - [TEST_STEP][PASSED] - deviceName = get("mobileEmulation").get("deviceName"): null

2019-07-23 16:24:49 - [TEST_STEP][PASSED] - println(deviceName): null

2019-07-23 16:24:49 - [TEST_STEP][PASSED] - now = new java.util.Date(): null

2019-07-23 16:24:49 - [TEST_STEP][PASSED] - mydate = now.format("yyyyMMdd_HHmmss"): null

2019-07-23 16:24:49 - [TEST_STEP][PASSED] - screenPath = "../Screenshots/": null

2019-07-23 16:24:49 - [TEST_STEP][PASSED] - screenPath = screenPath + deviceName + "/" + productLine + "/" + carrierName + "/" + mydate + "/": null

2019-07-23 16:24:49 - [TEST_STEP][PASSED] - println(screenPath): null

2019-07-23 16:24:49 - [MESSAGE][PASSED] - Call Test Case 'Test Cases/mobileWeb/_include/get_screenPath' successfully

2019-07-23 16:24:49 - [TEST_STEP][PASSED] - i = 0: null

2019-07-23 16:24:49 - [TEST_STEP][PASSED] - callTestCase(findTestCase("mobileWeb/_include/openWebSite"), [:], CONTINUE_ON_FAILURE): Call Test Case 'Test Cases/mobileWeb/_include/openWebSite' successfully

2019-07-23 16:24:49 - [TEST_CASE][PASSED] - Test Cases/mobileWeb/_include/openWebSite: Test Cases/mobileWeb/_include/openWebSite

2019-07-23 16:24:49 - [TEST_STEP][PASSED] - openBrowser(ENV): Browser is opened with url: 'https://praetemptatus.agilehealthinsurance.com'

2019-07-23 16:24:49 - [MESSAGE][WARNING] - A browser is already opened. Closing browser and opening a new one

2019-07-23 16:24:50 - [MESSAGE][INFO] - Starting 'Chrome' driver

2019-07-23 16:24:50 - [MESSAGE][INFO] - User set preference: ['mobileEmulation', '{deviceName=iPhone X}']

2019-07-23 16:24:50 - [MESSAGE][INFO] - User set preference: ['args', '[--incognito, --aggressive-cache-discard, --no-sandbox, --window-size=375,812]']

2019-07-23 16:24:58 - [MESSAGE][PASSED] - Browser is opened with url: 'https://praetemptatus.agilehealthinsurance.com'

2019-07-23 16:24:58 - [TEST_STEP][PASSED] - waitForPageLoad(10): Wait for page load successfully

2019-07-23 16:24:58 - [MESSAGE][PASSED] - Wait for page load successfully

2019-07-23 16:24:58 - [TEST_STEP][PASSED] - callTestCase(findTestCase("mobileWeb/_include/get_screenshot"), [:], STOP_ON_FAILURE): Call Test Case 'Test Cases/mobileWeb/_include/get_screenshot' successfully

2019-07-23 16:24:58 - [TEST_CASE][PASSED] - Test Cases/mobileWeb/_include/get_screenshot: Test Cases/mobileWeb/_include/get_screenshot

2019-07-23 16:24:58 - [TEST_STEP][PASSED] - takeScreenshot(screenPath + i + ".png"): Taking screenshot successfully

2019-07-23 16:25:00 - [MESSAGE][PASSED] - Taking screenshot successfully
[[ATTACHMENT|D:\\Test\\AgileTest\\AgileTest\\Reports\\mobileWeb\\hbi\\20190723_161403\\../Screenshots/iPhone X/hbi/Agile Secure/20190723_162449/0.png]]

2019-07-23 16:25:00 - [TEST_STEP][PASSED] - (internal.GlobalVariable.i++): null

2019-07-23 16:25:00 - [MESSAGE][PASSED] - Call Test Case 'Test Cases/mobileWeb/_include/get_screenshot' successfully

2019-07-23 16:25:00 - [MESSAGE][PASSED] - Call Test Case 'Test Cases/mobileWeb/_include/openWebSite' successfully

2019-07-23 16:25:00 - [TEST_STEP][PASSED] - callTestCase(findTestCase("mobileWeb/_include/census_hbi"), ["zipcode":"08701"], CONTINUE_ON_FAILURE): Call Test Case 'Test Cases/mobileWeb/_include/census_hbi' successfully

2019-07-23 16:25:00 - [TEST_CASE][PASSED] - Test Cases/mobileWeb/_include/census_hbi: Test Cases/mobileWeb/_include/census_hbi

2019-07-23 16:25:00 - [TEST_STEP][PASSED] - click(findTestObject("mobileSanity/Common/side_nav/menu")): Object: 'Object Repository/mobileSanity/Common/side_nav/menu' is clicked on

2019-07-23 16:25:01 - [MESSAGE][PASSED] - Object: 'Object Repository/mobileSanity/Common/side_nav/menu' is clicked on

2019-07-23 16:25:01 - [TEST_STEP][PASSED] - Thread.sleep(3000): null

2019-07-23 16:25:04 - [TEST_STEP][PASSED] - click(findTestObject("mobileSanity/Common/side_nav/nav_hbi")): Object: 'Object Repository/mobileSanity/Common/side_nav/nav_hbi' is clicked on

2019-07-23 16:25:07 - [MESSAGE][PASSED] - Object: 'Object Repository/mobileSanity/Common/side_nav/nav_hbi' is clicked on

2019-07-23 16:25:07 - [TEST_STEP][PASSED] - waitForPageLoad(10): Wait for page load successfully

2019-07-23 16:25:07 - [MESSAGE][PASSED] - Wait for page load successfully

2019-07-23 16:25:07 - [TEST_STEP][PASSED] - callTestCase(findTestCase("mobileWeb/_include/get_screenshot"), [:], STOP_ON_FAILURE): Call Test Case 'Test Cases/mobileWeb/_include/get_screenshot' successfully

2019-07-23 16:25:07 - [TEST_CASE][PASSED] - Test Cases/mobileWeb/_include/get_screenshot: Test Cases/mobileWeb/_include/get_screenshot

2019-07-23 16:25:07 - [TEST_STEP][PASSED] - takeScreenshot(screenPath + i + ".png"): Taking screenshot successfully

2019-07-23 16:25:09 - [MESSAGE][PASSED] - Taking screenshot successfully
[[ATTACHMENT|D:\\Test\\AgileTest\\AgileTest\\Reports\\mobileWeb\\hbi\\20190723_161403\\../Screenshots/iPhone X/hbi/Agile Secure/20190723_162449/1.png]]

2019-07-23 16:25:09 - [TEST_STEP][PASSED] - (internal.GlobalVariable.i++): null

2019-07-23 16:25:09 - [MESSAGE][PASSED] - Call Test Case 'Test Cases/mobileWeb/_include/get_screenshot' successfully

2019-07-23 16:25:09 - [TEST_STEP][PASSED] - setText(findTestObject("mobileSanity/HBI/census/input_Location_zip-input"), zipcode): Text '08701' is set on object 'Object Repository/mobileSanity/HBI/census/input_Location_zip-input'

2019-07-23 16:25:09 - [MESSAGE][PASSED] - Text '08701' is set on object 'Object Repository/mobileSanity/HBI/census/input_Location_zip-input'

2019-07-23 16:25:09 - [TEST_STEP][PASSED] - Thread.sleep(500): null

2019-07-23 16:25:09 - [TEST_STEP][PASSED] - setText(findTestObject("mobileSanity/HBI/census/input_Date of Birth_dob-0"), "12121980"): Text '12121980' is set on object 'Object Repository/mobileSanity/HBI/census/input_Date of Birth_dob-0'

2019-07-23 16:25:10 - [MESSAGE][PASSED] - Text '12121980' is set on object 'Object Repository/mobileSanity/HBI/census/input_Date of Birth_dob-0'

2019-07-23 16:25:10 - [TEST_STEP][PASSED] - click(findTestObject("mobileSanity/HBI/census/label_Male")): Object: 'Object Repository/mobileSanity/HBI/census/label_Male' is clicked on

2019-07-23 16:25:10 - [MESSAGE][PASSED] - Object: 'Object Repository/mobileSanity/HBI/census/label_Male' is clicked on

2019-07-23 16:25:10 - [TEST_STEP][PASSED] - click(findTestObject("mobileSanity/HBI/census/label_Get a Quote")): Object: 'Object Repository/mobileSanity/HBI/census/label_Get a Quote' is clicked on

2019-07-23 16:25:10 - [MESSAGE][PASSED] - Object: 'Object Repository/mobileSanity/HBI/census/label_Get a Quote' is clicked on

2019-07-23 16:25:10 - [TEST_STEP][PASSED] - waitForPageLoad(10): Wait for page load successfully

2019-07-23 16:25:10 - [MESSAGE][PASSED] - Wait for page load successfully

2019-07-23 16:25:10 - [TEST_STEP][PASSED] - callTestCase(findTestCase("mobileWeb/_include/get_screenshot"), [:], STOP_ON_FAILURE): Call Test Case 'Test Cases/mobileWeb/_include/get_screenshot' successfully

2019-07-23 16:25:10 - [TEST_CASE][PASSED] - Test Cases/mobileWeb/_include/get_screenshot: Test Cases/mobileWeb/_include/get_screenshot

2019-07-23 16:25:10 - [TEST_STEP][PASSED] - takeScreenshot(screenPath + i + ".png"): Taking screenshot successfully

2019-07-23 16:25:23 - [MESSAGE][PASSED] - Taking screenshot successfully
[[ATTACHMENT|D:\\Test\\AgileTest\\AgileTest\\Reports\\mobileWeb\\hbi\\20190723_161403\\../Screenshots/iPhone X/hbi/Agile Secure/20190723_162449/2.png]]

2019-07-23 16:25:23 - [TEST_STEP][PASSED] - (internal.GlobalVariable.i++): null

2019-07-23 16:25:23 - [MESSAGE][PASSED] - Call Test Case 'Test Cases/mobileWeb/_include/get_screenshot' successfully

2019-07-23 16:25:23 - [MESSAGE][PASSED] - Call Test Case 'Test Cases/mobileWeb/_include/census_hbi' successfully

2019-07-23 16:25:23 - [TEST_STEP][PASSED] - click(findTestObject("mobileSanity/HBI/detail/a_Apply for This Plan")): Object: 'Object Repository/mobileSanity/HBI/detail/a_Apply for This Plan' is clicked on

2019-07-23 16:25:30 - [MESSAGE][PASSED] - Object: 'Object Repository/mobileSanity/HBI/detail/a_Apply for This Plan' is clicked on

2019-07-23 16:25:30 - [TEST_STEP][PASSED] - waitForPageLoad(10): Wait for page load successfully

2019-07-23 16:25:31 - [MESSAGE][PASSED] - Wait for page load successfully

2019-07-23 16:25:31 - [TEST_STEP][PASSED] - callTestCase(findTestCase("mobileWeb/_include/get_screenshot"), [:], STOP_ON_FAILURE): Call Test Case 'Test Cases/mobileWeb/_include/get_screenshot' successfully

2019-07-23 16:25:31 - [TEST_CASE][PASSED] - Test Cases/mobileWeb/_include/get_screenshot: Test Cases/mobileWeb/_include/get_screenshot

2019-07-23 16:25:31 - [TEST_STEP][PASSED] - takeScreenshot(screenPath + i + ".png"): Taking screenshot successfully

2019-07-23 16:25:31 - [MESSAGE][PASSED] - Taking screenshot successfully
[[ATTACHMENT|D:\\Test\\AgileTest\\AgileTest\\Reports\\mobileWeb\\hbi\\20190723_161403\\../Screenshots/iPhone X/hbi/Agile Secure/20190723_162449/3.png]]

2019-07-23 16:25:31 - [TEST_STEP][PASSED] - (internal.GlobalVariable.i++): null

2019-07-23 16:25:31 - [MESSAGE][PASSED] - Call Test Case 'Test Cases/mobileWeb/_include/get_screenshot' successfully

2019-07-23 16:25:31 - [TEST_STEP][PASSED] - click(findTestObject("mobileSanity/HBI/Page_Apply/span_Start Secure Application")): Object: 'Object Repository/mobileSanity/HBI/Page_Apply/span_Start Secure Application' is clicked on

2019-07-23 16:25:41 - [MESSAGE][PASSED] - Object: 'Object Repository/mobileSanity/HBI/Page_Apply/span_Start Secure Application' is clicked on

2019-07-23 16:25:41 - [TEST_STEP][PASSED] - waitForPageLoad(10): Wait for page load successfully

2019-07-23 16:25:41 - [MESSAGE][PASSED] - Wait for page load successfully

2019-07-23 16:25:41 - [TEST_STEP][PASSED] - callTestCase(findTestCase("mobileWeb/_include/get_screenshot"), [:], STOP_ON_FAILURE): Call Test Case 'Test Cases/mobileWeb/_include/get_screenshot' successfully

2019-07-23 16:25:41 - [TEST_CASE][PASSED] - Test Cases/mobileWeb/_include/get_screenshot: Test Cases/mobileWeb/_include/get_screenshot

2019-07-23 16:25:41 - [TEST_STEP][PASSED] - takeScreenshot(screenPath + i + ".png"): Taking screenshot successfully

2019-07-23 16:25:42 - [MESSAGE][PASSED] - Taking screenshot successfully
[[ATTACHMENT|D:\\Test\\AgileTest\\AgileTest\\Reports\\mobileWeb\\hbi\\20190723_161403\\../Screenshots/iPhone X/hbi/Agile Secure/20190723_162449/4.png]]

2019-07-23 16:25:42 - [TEST_STEP][PASSED] - (internal.GlobalVariable.i++): null

2019-07-23 16:25:42 - [MESSAGE][PASSED] - Call Test Case 'Test Cases/mobileWeb/_include/get_screenshot' successfully

2019-07-23 16:25:42 - [TEST_STEP][PASSED] - callTestCase(findTestCase("mobileWeb/_include/goToEnd_hbi"), ["carrier":"agilesecure"], CONTINUE_ON_FAILURE): Call Test Case 'Test Cases/mobileWeb/_include/goToEnd_hbi' successfully

2019-07-23 16:25:42 - [TEST_CASE][PASSED] - Test Cases/mobileWeb/_include/goToEnd_hbi: Test Cases/mobileWeb/_include/goToEnd_hbi

2019-07-23 16:25:42 - [TEST_STEP][PASSED] - callTestCase(findTestCase("mobileWeb/_include/name"), [:], CONTINUE_ON_FAILURE): Call Test Case 'Test Cases/mobileWeb/_include/name' successfully

2019-07-23 16:25:42 - [TEST_CASE][PASSED] - Test Cases/mobileWeb/_include/name: Test Cases/mobileWeb/_include/name

2019-07-23 16:25:42 - [TEST_STEP][PASSED] - driver = getWebDriver(): null

2019-07-23 16:25:42 - [TEST_STEP][PASSED] - selenium = new com.thoughtworks.selenium.webdriven.WebDriverBackedSelenium(driver, internal.GlobalVariable.ENV): null

2019-07-23 16:25:42 - [TEST_STEP][PASSED] - FirstName = "Test-123": null

2019-07-23 16:25:42 - [TEST_STEP][PASSED] - LastName = selenium.getEval("{var x="ABCDEFGHIJKLMNOPQRSTUVWXYZabcdefghijklmnopqrstuvwxyz"; var tmp="ZZ11-"; for (i=0;i<8;i++) tmp+=x.charAt(Math.ceil(51*Math.random()));tmp;}"): null

2019-07-23 16:25:42 - [TEST_STEP][PASSED] - Address = selenium.getEval("{var x="ABCDEFGHIJKLMNOPQRSTUVWXYZabcdefghijklmnopqrstuvwxyz"; var tmp=""; for (i=0;i<8;i++) tmp+=x.charAt(Math.ceil(51*Math.random()));tmp;}"): null

2019-07-23 16:25:42 - [TEST_STEP][PASSED] - City = selenium.getEval("{var x="ABCDEFGHIJKLMNOPQRSTUVWXYZabcdefghijklmnopqrstuvwxyz"; var tmp=""; for (i=0;i<8;i++) tmp+=x.charAt(Math.ceil(51*Math.random()));tmp;}"): null

2019-07-23 16:25:42 - [TEST_STEP][PASSED] - tel1 = selenium.getEval("{var x="123456789"; var tmp=""; for (i=0;i<3;i++) tmp+=x.charAt(Math.ceil(8*Math.random()));tmp;}"): null

2019-07-23 16:25:42 - [TEST_STEP][PASSED] - tel2 = selenium.getEval("{var x="123456789"; var tmp=""; for (i=0;i<3;i++) tmp+=x.charAt(Math.ceil(8*Math.random()));tmp;}"): null

2019-07-23 16:25:42 - [TEST_STEP][PASSED] - tel3 = selenium.getEval("{var x="123456789"; var tmp=""; for (i=0;i<4;i++) tmp+=x.charAt(Math.ceil(8*Math.random()));tmp;}"): null

2019-07-23 16:25:42 - [TEST_STEP][PASSED] - Tel = selenium.getExpression(tel1 + "-" + tel2 + "-" + tel3): null

2019-07-23 16:25:42 - [TEST_STEP][PASSED] - AutoEmail = selenium.getEval("{var x="ABCDEFGHIJKLMNOPQRSTUVWXYZabcdefghijklmnopqrstuvwxyz"; var tmp="test."; for (i=0;i<8;i++) tmp+=x.charAt(Math.ceil(51*Math.random()));tmp+="@suryani.cn";}"): null

2019-07-23 16:25:42 - [TEST_STEP][PASSED] - FirstName = FirstName: null

2019-07-23 16:25:42 - [TEST_STEP][PASSED] - LastName = LastName: null

2019-07-23 16:25:42 - [TEST_STEP][PASSED] - Address = Address: null

2019-07-23 16:25:42 - [TEST_STEP][PASSED] - City = City: null

2019-07-23 16:25:42 - [TEST_STEP][PASSED] - Tel = Tel: null

2019-07-23 16:25:42 - [TEST_STEP][PASSED] - AutoEmail = AutoEmail: null

2019-07-23 16:25:42 - [TEST_STEP][PASSED] - println(FirstName): null

2019-07-23 16:25:42 - [TEST_STEP][PASSED] - println(LastName): null

2019-07-23 16:25:42 - [TEST_STEP][PASSED] - println(Address): null

2019-07-23 16:25:42 - [TEST_STEP][PASSED] - println(City): null

2019-07-23 16:25:42 - [TEST_STEP][PASSED] - println(Tel): null

2019-07-23 16:25:42 - [TEST_STEP][PASSED] - println(AutoEmail): null

2019-07-23 16:25:42 - [MESSAGE][PASSED] - Call Test Case 'Test Cases/mobileWeb/_include/name' successfully

2019-07-23 16:25:42 - [TEST_STEP][PASSED] - setText(findTestObject("mobileSanity/HBI/Page_App Page 1/input__member-P-1-firstName"), FirstName): Text 'Test-123' is set on object 'Object Repository/mobileSanity/HBI/Page_App Page 1/input__member-P-1-firstName'

2019-07-23 16:25:54 - [MESSAGE][PASSED] - Text 'Test-123' is set on object 'Object Repository/mobileSanity/HBI/Page_App Page 1/input__member-P-1-firstName'

2019-07-23 16:25:54 - [TEST_STEP][PASSED] - setText(findTestObject("mobileSanity/HBI/Page_App Page 1/input__member-P-1-lastName"), LastName): Text 'ZZ11-rdjIvrmG' is set on object 'Object Repository/mobileSanity/HBI/Page_App Page 1/input__member-P-1-lastName'

2019-07-23 16:25:55 - [MESSAGE][PASSED] - Text 'ZZ11-rdjIvrmG' is set on object 'Object Repository/mobileSanity/HBI/Page_App Page 1/input__member-P-1-lastName'

2019-07-23 16:25:55 - [TEST_STEP][PASSED] - if (carrier == "agileone" || carrier == "agilesecure"): Text 'test6' is set on object 'Object Repository/mobileSanity/HBI/Page_App Page 1/input__contingent-beneficiary-relationship'

2019-07-23 16:25:55 - [TEST_STEP][PASSED] - setText(findTestObject("mobileSanity/HBI/Page_App Page 1/input__primary-beneficiary-fir"), "test1"): Text 'test1' is set on object 'Object Repository/mobileSanity/HBI/Page_App Page 1/input__primary-beneficiary-fir'

2019-07-23 16:25:55 - [MESSAGE][PASSED] - Text 'test1' is set on object 'Object Repository/mobileSanity/HBI/Page_App Page 1/input__primary-beneficiary-fir'

2019-07-23 16:25:55 - [TEST_STEP][PASSED] - setText(findTestObject("mobileSanity/HBI/Page_App Page 1/input__primary-beneficiary-las"), "test2"): Text 'test2' is set on object 'Object Repository/mobileSanity/HBI/Page_App Page 1/input__primary-beneficiary-las'

2019-07-23 16:25:55 - [MESSAGE][PASSED] - Text 'test2' is set on object 'Object Repository/mobileSanity/HBI/Page_App Page 1/input__primary-beneficiary-las'

2019-07-23 16:25:55 - [TEST_STEP][PASSED] - setText(findTestObject("mobileSanity/HBI/Page_App Page 1/input__primary-beneficiary-rel"), "test3"): Text 'test3' is set on object 'Object Repository/mobileSanity/HBI/Page_App Page 1/input__primary-beneficiary-rel'

2019-07-23 16:25:55 - [MESSAGE][PASSED] - Text 'test3' is set on object 'Object Repository/mobileSanity/HBI/Page_App Page 1/input__primary-beneficiary-rel'

2019-07-23 16:25:55 - [TEST_STEP][PASSED] - setText(findTestObject("mobileSanity/HBI/Page_App Page 1/input__contingent-beneficiary-"), "test4"): Text 'test4' is set on object 'Object Repository/mobileSanity/HBI/Page_App Page 1/input__contingent-beneficiary-'

2019-07-23 16:25:55 - [MESSAGE][PASSED] - Text 'test4' is set on object 'Object Repository/mobileSanity/HBI/Page_App Page 1/input__contingent-beneficiary-'

2019-07-23 16:25:55 - [TEST_STEP][PASSED] - setText(findTestObject("mobileSanity/HBI/Page_App Page 1/input__contingent-beneficiary-_lastname"), "test5"): Text 'test5' is set on object 'Object Repository/mobileSanity/HBI/Page_App Page 1/input__contingent-beneficiary-_lastname'

2019-07-23 16:25:55 - [MESSAGE][PASSED] - Text 'test5' is set on object 'Object Repository/mobileSanity/HBI/Page_App Page 1/input__contingent-beneficiary-_lastname'

2019-07-23 16:25:55 - [TEST_STEP][PASSED] - setText(findTestObject("mobileSanity/HBI/Page_App Page 1/input__contingent-beneficiary-relationship"), "test6"): Text 'test6' is set on object 'Object Repository/mobileSanity/HBI/Page_App Page 1/input__contingent-beneficiary-relationship'

2019-07-23 16:25:56 - [MESSAGE][PASSED] - Text 'test6' is set on object 'Object Repository/mobileSanity/HBI/Page_App Page 1/input__contingent-beneficiary-relationship'

2019-07-23 16:25:56 - [TEST_STEP][PASSED] - setText(findTestObject("mobileSanity/HBI/Page_App Page 1/input__address"), Address): Text 'hpdpDUvu' is set on object 'Object Repository/mobileSanity/HBI/Page_App Page 1/input__address'

2019-07-23 16:25:56 - [MESSAGE][PASSED] - Text 'hpdpDUvu' is set on object 'Object Repository/mobileSanity/HBI/Page_App Page 1/input__address'

2019-07-23 16:25:56 - [TEST_STEP][PASSED] - setText(findTestObject("mobileSanity/HBI/Page_App Page 1/input__city"), City): Text 'uXuCQxNS' is set on object 'Object Repository/mobileSanity/HBI/Page_App Page 1/input__city'

2019-07-23 16:25:56 - [MESSAGE][PASSED] - Text 'uXuCQxNS' is set on object 'Object Repository/mobileSanity/HBI/Page_App Page 1/input__city'

2019-07-23 16:25:56 - [TEST_STEP][PASSED] - setText(findTestObject("mobileSanity/HBI/Page_App Page 1/input__email"), AutoEmail): Text 'test.szZMLsOu@suryani.cn' is set on object 'Object Repository/mobileSanity/HBI/Page_App Page 1/input__email'

2019-07-23 16:25:56 - [MESSAGE][PASSED] - Text 'test.szZMLsOu@suryani.cn' is set on object 'Object Repository/mobileSanity/HBI/Page_App Page 1/input__email'

2019-07-23 16:25:56 - [TEST_STEP][PASSED] - setText(findTestObject("mobileSanity/HBI/Page_App Page 1/input_tel"), Tel): Text '782-835-4353' is set on object 'Object Repository/mobileSanity/HBI/Page_App Page 1/input_tel'

2019-07-23 16:25:57 - [MESSAGE][PASSED] - Text '782-835-4353' is set on object 'Object Repository/mobileSanity/HBI/Page_App Page 1/input_tel'

2019-07-23 16:25:57 - [TEST_STEP][PASSED] - click(findTestObject("mobileSanity/HBI/Page_App Page 1/a_Continue to Step 2 - Payment")): Object: 'Object Repository/mobileSanity/HBI/Page_App Page 1/a_Continue to Step 2 - Payment' is clicked on

2019-07-23 16:25:57 - [MESSAGE][PASSED] - Object: 'Object Repository/mobileSanity/HBI/Page_App Page 1/a_Continue to Step 2 - Payment' is clicked on

2019-07-23 16:25:57 - [TEST_STEP][PASSED] - waitForPageLoad(10): Wait for page load successfully

2019-07-23 16:25:57 - [MESSAGE][PASSED] - Wait for page load successfully

2019-07-23 16:25:57 - [TEST_STEP][PASSED] - Thread.sleep(2000): null

2019-07-23 16:25:59 - [TEST_STEP][PASSED] - callTestCase(findTestCase("mobileWeb/_include/get_screenshot"), [:], STOP_ON_FAILURE): Call Test Case 'Test Cases/mobileWeb/_include/get_screenshot' successfully

2019-07-23 16:25:59 - [TEST_CASE][PASSED] - Test Cases/mobileWeb/_include/get_screenshot: Test Cases/mobileWeb/_include/get_screenshot

2019-07-23 16:25:59 - [TEST_STEP][PASSED] - takeScreenshot(screenPath + i + ".png"): Taking screenshot successfully

2019-07-23 16:26:00 - [MESSAGE][PASSED] - Taking screenshot successfully
[[ATTACHMENT|D:\\Test\\AgileTest\\AgileTest\\Reports\\mobileWeb\\hbi\\20190723_161403\\../Screenshots/iPhone X/hbi/Agile Secure/20190723_162449/5.png]]

2019-07-23 16:26:00 - [TEST_STEP][PASSED] - (internal.GlobalVariable.i++): null

2019-07-23 16:26:00 - [MESSAGE][PASSED] - Call Test Case 'Test Cases/mobileWeb/_include/get_screenshot' successfully

2019-07-23 16:26:00 - [TEST_STEP][PASSED] - setText(findTestObject("mobileSanity/HBI/Page_App Page 2/input__credit-card-first"), FirstName): Text 'Test-123' is set on object 'Object Repository/mobileSanity/HBI/Page_App Page 2/input__credit-card-first'

2019-07-23 16:26:00 - [MESSAGE][PASSED] - Text 'Test-123' is set on object 'Object Repository/mobileSanity/HBI/Page_App Page 2/input__credit-card-first'

2019-07-23 16:26:00 - [TEST_STEP][PASSED] - setText(findTestObject("mobileSanity/HBI/Page_App Page 2/input__credit-card-last"), LastName): Text 'ZZ11-rdjIvrmG' is set on object 'Object Repository/mobileSanity/HBI/Page_App Page 2/input__credit-card-last'

2019-07-23 16:26:02 - [MESSAGE][PASSED] - Text 'ZZ11-rdjIvrmG' is set on object 'Object Repository/mobileSanity/HBI/Page_App Page 2/input__credit-card-last'

2019-07-23 16:26:02 - [TEST_STEP][PASSED] - selectOptionByValue(findTestObject("mobileSanity/HBI/Page_App Page 2/select_MM010203040506070809101"), "12", true): All options with value '12' are selected in object 'Object Repository/mobileSanity/HBI/Page_App Page 2/select_MM010203040506070809101'  using regular expression

2019-07-23 16:26:02 - [MESSAGE][PASSED] - All options with value '12' are selected in object 'Object Repository/mobileSanity/HBI/Page_App Page 2/select_MM010203040506070809101'  using regular expression

2019-07-23 16:26:02 - [TEST_STEP][PASSED] - selectOptionByValue(findTestObject("mobileSanity/HBI/Page_App Page 2/select_YYYY2019202020212022202"), "2026", true): All options with value '2026' are selected in object 'Object Repository/mobileSanity/HBI/Page_App Page 2/select_YYYY2019202020212022202'  using regular expression

2019-07-23 16:26:03 - [MESSAGE][PASSED] - All options with value '2026' are selected in object 'Object Repository/mobileSanity/HBI/Page_App Page 2/select_YYYY2019202020212022202'  using regular expression

2019-07-23 16:26:03 - [TEST_STEP][PASSED] - setText(findTestObject("mobileSanity/HBI/Page_App Page 2/input__credit-card-number"), "4111111111111111"): Text '4111111111111111' is set on object 'Object Repository/mobileSanity/HBI/Page_App Page 2/input__credit-card-number'

2019-07-23 16:26:04 - [MESSAGE][PASSED] - Text '4111111111111111' is set on object 'Object Repository/mobileSanity/HBI/Page_App Page 2/input__credit-card-number'

2019-07-23 16:26:04 - [TEST_STEP][PASSED] - setText(findTestObject("mobileSanity/HBI/Page_App Page 2/input__cvv"), "123"): Text '123' is set on object 'Object Repository/mobileSanity/HBI/Page_App Page 2/input__cvv'

2019-07-23 16:26:04 - [MESSAGE][PASSED] - Text '123' is set on object 'Object Repository/mobileSanity/HBI/Page_App Page 2/input__cvv'

2019-07-23 16:26:04 - [TEST_STEP][PASSED] - click(findTestObject("mobileSanity/HBI/Page_App Page 2/label_My billing address is th")): Object: 'Object Repository/mobileSanity/HBI/Page_App Page 2/label_My billing address is th' is clicked on

2019-07-23 16:26:04 - [MESSAGE][PASSED] - Object: 'Object Repository/mobileSanity/HBI/Page_App Page 2/label_My billing address is th' is clicked on

2019-07-23 16:26:04 - [TEST_STEP][PASSED] - click(findTestObject("mobileSanity/HBI/Page_App Page 2/label_I Accept Authorization f")): Object: 'Object Repository/mobileSanity/HBI/Page_App Page 2/label_I Accept Authorization f' is clicked on

2019-07-23 16:26:04 - [MESSAGE][PASSED] - Object: 'Object Repository/mobileSanity/HBI/Page_App Page 2/label_I Accept Authorization f' is clicked on

2019-07-23 16:26:04 - [TEST_STEP][PASSED] - click(findTestObject("mobileSanity/HBI/Page_App Page 2/a_Continue to Step 3 - Review")): Object: 'Object Repository/mobileSanity/HBI/Page_App Page 2/a_Continue to Step 3 - Review' is clicked on

2019-07-23 16:26:05 - [MESSAGE][PASSED] - Object: 'Object Repository/mobileSanity/HBI/Page_App Page 2/a_Continue to Step 3 - Review' is clicked on

2019-07-23 16:26:05 - [TEST_STEP][PASSED] - waitForPageLoad(10): Wait for page load successfully

2019-07-23 16:26:05 - [MESSAGE][PASSED] - Wait for page load successfully

2019-07-23 16:26:05 - [TEST_STEP][PASSED] - Thread.sleep(2000): null

2019-07-23 16:26:07 - [TEST_STEP][PASSED] - callTestCase(findTestCase("mobileWeb/_include/get_screenshot"), [:], STOP_ON_FAILURE): Call Test Case 'Test Cases/mobileWeb/_include/get_screenshot' successfully

2019-07-23 16:26:07 - [TEST_CASE][PASSED] - Test Cases/mobileWeb/_include/get_screenshot: Test Cases/mobileWeb/_include/get_screenshot

2019-07-23 16:26:07 - [TEST_STEP][PASSED] - takeScreenshot(screenPath + i + ".png"): Taking screenshot successfully

2019-07-23 16:26:12 - [MESSAGE][PASSED] - Taking screenshot successfully
[[ATTACHMENT|D:\\Test\\AgileTest\\AgileTest\\Reports\\mobileWeb\\hbi\\20190723_161403\\../Screenshots/iPhone X/hbi/Agile Secure/20190723_162449/6.png]]

2019-07-23 16:26:12 - [TEST_STEP][PASSED] - (internal.GlobalVariable.i++): null

2019-07-23 16:26:12 - [MESSAGE][PASSED] - Call Test Case 'Test Cases/mobileWeb/_include/get_screenshot' successfully

2019-07-23 16:26:12 - [TEST_STEP][PASSED] - if (test.MobileKeywords.isElementPresent_Web(findTestObject("mobileSanity/HBI/Page_App Page 2/a_No Thanks"), 10)): test.MobileKeywords.isElementPresent_Web is PASSED

2019-07-23 16:26:33 - [MESSAGE][INFO] - Unable to find the element located by 'By.xpath: //a[@type = 'submit' and (text() = 'No Thanks' or . = 'No Thanks')]'. Please recheck the objects properties to make sure the desired element is located. 

2019-07-23 16:26:33 - [MESSAGE][PASSED] - test.MobileKeywords.isElementPresent_Web is PASSED

2019-07-23 16:26:33 - [TEST_STEP][PASSED] - waitForPageLoad(10): Wait for page load successfully

2019-07-23 16:26:33 - [MESSAGE][PASSED] - Wait for page load successfully

2019-07-23 16:26:33 - [TEST_STEP][PASSED] - click(findTestObject("mobileSanity/HBI/Page_App Page 3/label")): Object: 'Object Repository/mobileSanity/HBI/Page_App Page 3/label' is clicked on

2019-07-23 16:26:33 - [MESSAGE][PASSED] - Object: 'Object Repository/mobileSanity/HBI/Page_App Page 3/label' is clicked on

2019-07-23 16:26:33 - [TEST_STEP][PASSED] - click(findTestObject("mobileSanity/HBI/Page_App Page 3/p_CLICK TO SIGN")): Object: 'Object Repository/mobileSanity/HBI/Page_App Page 3/p_CLICK TO SIGN' is clicked on

2019-07-23 16:26:33 - [MESSAGE][PASSED] - Object: 'Object Repository/mobileSanity/HBI/Page_App Page 3/p_CLICK TO SIGN' is clicked on

2019-07-23 16:26:33 - [TEST_STEP][PASSED] - click(findTestObject("mobileSanity/HBI/Page_App Page 3/a_Submit Your Application")): Object: 'Object Repository/mobileSanity/HBI/Page_App Page 3/a_Submit Your Application' is clicked on

2019-07-23 16:26:33 - [MESSAGE][PASSED] - Object: 'Object Repository/mobileSanity/HBI/Page_App Page 3/a_Submit Your Application' is clicked on

2019-07-23 16:26:33 - [TEST_STEP][PASSED] - Thread.sleep(30000): null

2019-07-23 16:27:03 - [TEST_STEP][PASSED] - callTestCase(findTestCase("mobileWeb/_include/get_screenshot"), [:], STOP_ON_FAILURE): Call Test Case 'Test Cases/mobileWeb/_include/get_screenshot' successfully

2019-07-23 16:27:03 - [TEST_CASE][PASSED] - Test Cases/mobileWeb/_include/get_screenshot: Test Cases/mobileWeb/_include/get_screenshot

2019-07-23 16:27:03 - [TEST_STEP][PASSED] - takeScreenshot(screenPath + i + ".png"): Taking screenshot successfully

2019-07-23 16:27:04 - [MESSAGE][PASSED] - Taking screenshot successfully
[[ATTACHMENT|D:\\Test\\AgileTest\\AgileTest\\Reports\\mobileWeb\\hbi\\20190723_161403\\../Screenshots/iPhone X/hbi/Agile Secure/20190723_162449/7.png]]

2019-07-23 16:27:04 - [TEST_STEP][PASSED] - (internal.GlobalVariable.i++): null

2019-07-23 16:27:04 - [MESSAGE][PASSED] - Call Test Case 'Test Cases/mobileWeb/_include/get_screenshot' successfully

2019-07-23 16:27:04 - [TEST_STEP][PASSED] - verifyTextPresent("Congratulations", false): Text 'Congratulations' is present on page 

2019-07-23 16:27:05 - [MESSAGE][PASSED] - Text 'Congratulations' is present on page 

2019-07-23 16:27:05 - [MESSAGE][PASSED] - Call Test Case 'Test Cases/mobileWeb/_include/goToEnd_hbi' successfully]]></system-out>
         <system-err><![CDATA[]]></system-err>
      </testcase>
      <testcase name="Test Cases/mobileWeb/HBI/Fixed Cash Benefit" classname="Test Cases/mobileWeb/HBI/Fixed Cash Benefit" status="FAILED">
         <failure type="FAILED" message="Test Cases/mobileWeb/HBI/Fixed Cash Benefit FAILED.
Reason:
com.kms.katalon.core.exception.StepFailedException: Unable to click on object 'Object Repository/mobileSanity/HBI/quote/a_Fixed Cash Benefit' (Root cause: com.kms.katalon.core.webui.exception.WebElementNotFoundException: Web element with id: 'Object Repository/mobileSanity/HBI/quote/a_Fixed Cash Benefit' located by 'By.xpath: //li[@class='js-plan plan js-plan-responsive' and @data-id='slaicohbi-az-500-30-50-5']/div[2]/table/tbody/tr/td/a' not found)
	at com.kms.katalon.core.keyword.internal.KeywordMain.stepFailed(KeywordMain.groovy:36)
	at com.kms.katalon.core.webui.keyword.internal.WebUIKeywordMain.stepFailed(WebUIKeywordMain.groovy:65)
	at com.kms.katalon.core.webui.keyword.internal.WebUIKeywordMain.runKeyword(WebUIKeywordMain.groovy:27)
	at com.kms.katalon.core.webui.keyword.builtin.ClickKeyword.click(ClickKeyword.groovy:86)
	at com.kms.katalon.core.webui.keyword.builtin.ClickKeyword.execute(ClickKeyword.groovy:67)
	at com.kms.katalon.core.keyword.internal.KeywordExecutor.executeKeywordForPlatform(KeywordExecutor.groovy:53)
	at com.kms.katalon.core.webui.keyword.WebUiBuiltInKeywords.click(WebUiBuiltInKeywords.groovy:616)
	at com.kms.katalon.core.webui.keyword.WebUiBuiltInKeywords$click$2.call(Unknown Source)
	at Fixed Cash Benefit.run(Fixed Cash Benefit:29)
	at com.kms.katalon.core.main.ScriptEngine.run(ScriptEngine.java:194)
	at com.kms.katalon.core.main.ScriptEngine.runScriptAsRawText(ScriptEngine.java:119)
	at com.kms.katalon.core.main.TestCaseExecutor.runScript(TestCaseExecutor.java:321)
	at com.kms.katalon.core.main.TestCaseExecutor.doExecute(TestCaseExecutor.java:312)
	at com.kms.katalon.core.main.TestCaseExecutor.processExecutionPhase(TestCaseExecutor.java:291)
	at com.kms.katalon.core.main.TestCaseExecutor.accessMainPhase(TestCaseExecutor.java:283)
	at com.kms.katalon.core.main.TestCaseExecutor.execute(TestCaseExecutor.java:222)
	at com.kms.katalon.core.main.TestSuiteExecutor.accessTestCaseMainPhase(TestSuiteExecutor.java:129)
	at com.kms.katalon.core.main.TestSuiteExecutor.accessTestSuiteMainPhase(TestSuiteExecutor.java:112)
	at com.kms.katalon.core.main.TestSuiteExecutor.execute(TestSuiteExecutor.java:81)
	at com.kms.katalon.core.main.TestCaseMain.startTestSuite(TestCaseMain.java:149)
	at com.kms.katalon.core.main.TestCaseMain$startTestSuite$0.call(Unknown Source)
	at TempTestSuite1563869643905.run(TempTestSuite1563869643905.groovy:36)
"/>
         <system-out><![CDATA[2019-07-23 16:27:05 - [TEST_CASE][FAILED] - Test Cases/mobileWeb/HBI/Fixed Cash Benefit: Test Cases/mobileWeb/HBI/Fixed Cash Benefit FAILED.
Reason:
com.kms.katalon.core.exception.StepFailedException: Unable to click on object 'Object Repository/mobileSanity/HBI/quote/a_Fixed Cash Benefit' (Root cause: com.kms.katalon.core.webui.exception.WebElementNotFoundException: Web element with id: 'Object Repository/mobileSanity/HBI/quote/a_Fixed Cash Benefit' located by 'By.xpath: //li[@class='js-plan plan js-plan-responsive' and @data-id='slaicohbi-az-500-30-50-5']/div[2]/table/tbody/tr/td/a' not found)
	at com.kms.katalon.core.keyword.internal.KeywordMain.stepFailed(KeywordMain.groovy:36)
	at com.kms.katalon.core.webui.keyword.internal.WebUIKeywordMain.stepFailed(WebUIKeywordMain.groovy:65)
	at com.kms.katalon.core.webui.keyword.internal.WebUIKeywordMain.runKeyword(WebUIKeywordMain.groovy:27)
	at com.kms.katalon.core.webui.keyword.builtin.ClickKeyword.click(ClickKeyword.groovy:86)
	at com.kms.katalon.core.webui.keyword.builtin.ClickKeyword.execute(ClickKeyword.groovy:67)
	at com.kms.katalon.core.keyword.internal.KeywordExecutor.executeKeywordForPlatform(KeywordExecutor.groovy:53)
	at com.kms.katalon.core.webui.keyword.WebUiBuiltInKeywords.click(WebUiBuiltInKeywords.groovy:616)
	at com.kms.katalon.core.webui.keyword.WebUiBuiltInKeywords$click$2.call(Unknown Source)
	at Fixed Cash Benefit.run(Fixed Cash Benefit:29)
	at com.kms.katalon.core.main.ScriptEngine.run(ScriptEngine.java:194)
	at com.kms.katalon.core.main.ScriptEngine.runScriptAsRawText(ScriptEngine.java:119)
	at com.kms.katalon.core.main.TestCaseExecutor.runScript(TestCaseExecutor.java:321)
	at com.kms.katalon.core.main.TestCaseExecutor.doExecute(TestCaseExecutor.java:312)
	at com.kms.katalon.core.main.TestCaseExecutor.processExecutionPhase(TestCaseExecutor.java:291)
	at com.kms.katalon.core.main.TestCaseExecutor.accessMainPhase(TestCaseExecutor.java:283)
	at com.kms.katalon.core.main.TestCaseExecutor.execute(TestCaseExecutor.java:222)
	at com.kms.katalon.core.main.TestSuiteExecutor.accessTestCaseMainPhase(TestSuiteExecutor.java:129)
	at com.kms.katalon.core.main.TestSuiteExecutor.accessTestSuiteMainPhase(TestSuiteExecutor.java:112)
	at com.kms.katalon.core.main.TestSuiteExecutor.execute(TestSuiteExecutor.java:81)
	at com.kms.katalon.core.main.TestCaseMain.startTestSuite(TestCaseMain.java:149)
	at com.kms.katalon.core.main.TestCaseMain$startTestSuite$0.call(Unknown Source)
	at TempTestSuite1563869643905.run(TempTestSuite1563869643905.groovy:36)


2019-07-23 16:27:05 - [TEST_STEP][PASSED] - callTestCase(findTestCase("mobileWeb/_include/get_screenPath"), ["productLine":"hbi", "carrierName":"Fixed Cash Benefit"], CONTINUE_ON_FAILURE): Call Test Case 'Test Cases/mobileWeb/_include/get_screenPath' successfully

2019-07-23 16:27:05 - [TEST_CASE][PASSED] - Test Cases/mobileWeb/_include/get_screenPath: Test Cases/mobileWeb/_include/get_screenPath

2019-07-23 16:27:05 - [TEST_STEP][PASSED] - m = getExecutionProperties(): null

2019-07-23 16:27:05 - [TEST_STEP][PASSED] - deviceName = get("mobileEmulation").get("deviceName"): null

2019-07-23 16:27:05 - [TEST_STEP][PASSED] - println(deviceName): null

2019-07-23 16:27:05 - [TEST_STEP][PASSED] - now = new java.util.Date(): null

2019-07-23 16:27:05 - [TEST_STEP][PASSED] - mydate = now.format("yyyyMMdd_HHmmss"): null

2019-07-23 16:27:05 - [TEST_STEP][PASSED] - screenPath = "../Screenshots/": null

2019-07-23 16:27:05 - [TEST_STEP][PASSED] - screenPath = screenPath + deviceName + "/" + productLine + "/" + carrierName + "/" + mydate + "/": null

2019-07-23 16:27:05 - [TEST_STEP][PASSED] - println(screenPath): null

2019-07-23 16:27:05 - [MESSAGE][PASSED] - Call Test Case 'Test Cases/mobileWeb/_include/get_screenPath' successfully

2019-07-23 16:27:05 - [TEST_STEP][PASSED] - i = 0: null

2019-07-23 16:27:05 - [TEST_STEP][PASSED] - callTestCase(findTestCase("mobileWeb/_include/openWebSite"), [:], CONTINUE_ON_FAILURE): Call Test Case 'Test Cases/mobileWeb/_include/openWebSite' successfully

2019-07-23 16:27:05 - [TEST_CASE][PASSED] - Test Cases/mobileWeb/_include/openWebSite: Test Cases/mobileWeb/_include/openWebSite

2019-07-23 16:27:05 - [TEST_STEP][PASSED] - openBrowser(ENV): Browser is opened with url: 'https://praetemptatus.agilehealthinsurance.com'

2019-07-23 16:27:05 - [MESSAGE][WARNING] - A browser is already opened. Closing browser and opening a new one

2019-07-23 16:27:06 - [MESSAGE][INFO] - Starting 'Chrome' driver

2019-07-23 16:27:06 - [MESSAGE][INFO] - User set preference: ['mobileEmulation', '{deviceName=iPhone X}']

2019-07-23 16:27:06 - [MESSAGE][INFO] - User set preference: ['args', '[--incognito, --aggressive-cache-discard, --no-sandbox, --window-size=375,812]']

2019-07-23 16:27:14 - [MESSAGE][PASSED] - Browser is opened with url: 'https://praetemptatus.agilehealthinsurance.com'

2019-07-23 16:27:14 - [TEST_STEP][PASSED] - waitForPageLoad(10): Wait for page load successfully

2019-07-23 16:27:14 - [MESSAGE][PASSED] - Wait for page load successfully

2019-07-23 16:27:14 - [TEST_STEP][PASSED] - callTestCase(findTestCase("mobileWeb/_include/get_screenshot"), [:], STOP_ON_FAILURE): Call Test Case 'Test Cases/mobileWeb/_include/get_screenshot' successfully

2019-07-23 16:27:14 - [TEST_CASE][PASSED] - Test Cases/mobileWeb/_include/get_screenshot: Test Cases/mobileWeb/_include/get_screenshot

2019-07-23 16:27:14 - [TEST_STEP][PASSED] - takeScreenshot(screenPath + i + ".png"): Taking screenshot successfully

2019-07-23 16:27:16 - [MESSAGE][PASSED] - Taking screenshot successfully
[[ATTACHMENT|D:\\Test\\AgileTest\\AgileTest\\Reports\\mobileWeb\\hbi\\20190723_161403\\../Screenshots/iPhone X/hbi/Fixed Cash Benefit/20190723_162705/0.png]]

2019-07-23 16:27:16 - [TEST_STEP][PASSED] - (internal.GlobalVariable.i++): null

2019-07-23 16:27:16 - [MESSAGE][PASSED] - Call Test Case 'Test Cases/mobileWeb/_include/get_screenshot' successfully

2019-07-23 16:27:16 - [MESSAGE][PASSED] - Call Test Case 'Test Cases/mobileWeb/_include/openWebSite' successfully

2019-07-23 16:27:16 - [TEST_STEP][PASSED] - callTestCase(findTestCase("mobileWeb/_include/census_hbi"), ["zipcode":"85364"], CONTINUE_ON_FAILURE): Call Test Case 'Test Cases/mobileWeb/_include/census_hbi' successfully

2019-07-23 16:27:16 - [TEST_CASE][PASSED] - Test Cases/mobileWeb/_include/census_hbi: Test Cases/mobileWeb/_include/census_hbi

2019-07-23 16:27:16 - [TEST_STEP][PASSED] - click(findTestObject("mobileSanity/Common/side_nav/menu")): Object: 'Object Repository/mobileSanity/Common/side_nav/menu' is clicked on

2019-07-23 16:27:16 - [MESSAGE][PASSED] - Object: 'Object Repository/mobileSanity/Common/side_nav/menu' is clicked on

2019-07-23 16:27:16 - [TEST_STEP][PASSED] - Thread.sleep(3000): null

2019-07-23 16:27:19 - [TEST_STEP][PASSED] - click(findTestObject("mobileSanity/Common/side_nav/nav_hbi")): Object: 'Object Repository/mobileSanity/Common/side_nav/nav_hbi' is clicked on

2019-07-23 16:27:21 - [MESSAGE][PASSED] - Object: 'Object Repository/mobileSanity/Common/side_nav/nav_hbi' is clicked on

2019-07-23 16:27:21 - [TEST_STEP][PASSED] - waitForPageLoad(10): Wait for page load successfully

2019-07-23 16:27:22 - [MESSAGE][PASSED] - Wait for page load successfully

2019-07-23 16:27:22 - [TEST_STEP][PASSED] - callTestCase(findTestCase("mobileWeb/_include/get_screenshot"), [:], STOP_ON_FAILURE): Call Test Case 'Test Cases/mobileWeb/_include/get_screenshot' successfully

2019-07-23 16:27:22 - [TEST_CASE][PASSED] - Test Cases/mobileWeb/_include/get_screenshot: Test Cases/mobileWeb/_include/get_screenshot

2019-07-23 16:27:22 - [TEST_STEP][PASSED] - takeScreenshot(screenPath + i + ".png"): Taking screenshot successfully

2019-07-23 16:27:23 - [MESSAGE][PASSED] - Taking screenshot successfully
[[ATTACHMENT|D:\\Test\\AgileTest\\AgileTest\\Reports\\mobileWeb\\hbi\\20190723_161403\\../Screenshots/iPhone X/hbi/Fixed Cash Benefit/20190723_162705/1.png]]

2019-07-23 16:27:23 - [TEST_STEP][PASSED] - (internal.GlobalVariable.i++): null

2019-07-23 16:27:23 - [MESSAGE][PASSED] - Call Test Case 'Test Cases/mobileWeb/_include/get_screenshot' successfully

2019-07-23 16:27:23 - [TEST_STEP][PASSED] - setText(findTestObject("mobileSanity/HBI/census/input_Location_zip-input"), zipcode): Text '85364' is set on object 'Object Repository/mobileSanity/HBI/census/input_Location_zip-input'

2019-07-23 16:27:23 - [MESSAGE][PASSED] - Text '85364' is set on object 'Object Repository/mobileSanity/HBI/census/input_Location_zip-input'

2019-07-23 16:27:23 - [TEST_STEP][PASSED] - Thread.sleep(500): null

2019-07-23 16:27:23 - [TEST_STEP][PASSED] - setText(findTestObject("mobileSanity/HBI/census/input_Date of Birth_dob-0"), "12121980"): Text '12121980' is set on object 'Object Repository/mobileSanity/HBI/census/input_Date of Birth_dob-0'

2019-07-23 16:27:24 - [MESSAGE][PASSED] - Text '12121980' is set on object 'Object Repository/mobileSanity/HBI/census/input_Date of Birth_dob-0'

2019-07-23 16:27:24 - [TEST_STEP][PASSED] - click(findTestObject("mobileSanity/HBI/census/label_Male")): Object: 'Object Repository/mobileSanity/HBI/census/label_Male' is clicked on

2019-07-23 16:27:24 - [MESSAGE][PASSED] - Object: 'Object Repository/mobileSanity/HBI/census/label_Male' is clicked on

2019-07-23 16:27:24 - [TEST_STEP][PASSED] - click(findTestObject("mobileSanity/HBI/census/label_Get a Quote")): Object: 'Object Repository/mobileSanity/HBI/census/label_Get a Quote' is clicked on

2019-07-23 16:27:24 - [MESSAGE][PASSED] - Object: 'Object Repository/mobileSanity/HBI/census/label_Get a Quote' is clicked on

2019-07-23 16:27:24 - [TEST_STEP][PASSED] - waitForPageLoad(10): Wait for page load successfully

2019-07-23 16:27:24 - [MESSAGE][PASSED] - Wait for page load successfully

2019-07-23 16:27:24 - [TEST_STEP][PASSED] - callTestCase(findTestCase("mobileWeb/_include/get_screenshot"), [:], STOP_ON_FAILURE): Call Test Case 'Test Cases/mobileWeb/_include/get_screenshot' successfully

2019-07-23 16:27:24 - [TEST_CASE][PASSED] - Test Cases/mobileWeb/_include/get_screenshot: Test Cases/mobileWeb/_include/get_screenshot

2019-07-23 16:27:24 - [TEST_STEP][PASSED] - takeScreenshot(screenPath + i + ".png"): Taking screenshot successfully

2019-07-23 16:27:25 - [MESSAGE][PASSED] - Taking screenshot successfully
[[ATTACHMENT|D:\\Test\\AgileTest\\AgileTest\\Reports\\mobileWeb\\hbi\\20190723_161403\\../Screenshots/iPhone X/hbi/Fixed Cash Benefit/20190723_162705/2.png]]

2019-07-23 16:27:25 - [TEST_STEP][PASSED] - (internal.GlobalVariable.i++): null

2019-07-23 16:27:25 - [MESSAGE][PASSED] - Call Test Case 'Test Cases/mobileWeb/_include/get_screenshot' successfully

2019-07-23 16:27:25 - [MESSAGE][PASSED] - Call Test Case 'Test Cases/mobileWeb/_include/census_hbi' successfully

2019-07-23 16:27:25 - [TEST_STEP][PASSED] - Thread.sleep(5000): null

2019-07-23 16:27:30 - [TEST_STEP][PASSED] - scrollToPosition(200, 2300): Browser is scrolled to position x = 200, y = 2300

2019-07-23 16:27:30 - [MESSAGE][PASSED] - Browser is scrolled to position x = 200, y = 2300

2019-07-23 16:27:30 - [TEST_STEP][FAILED] - click(findTestObject("mobileSanity/HBI/quote/a_Fixed Cash Benefit")): click(findTestObject("mobileSanity/HBI/quote/a_Fixed Cash Benefit")) FAILED.
Reason:
com.kms.katalon.core.exception.StepFailedException: Unable to click on object 'Object Repository/mobileSanity/HBI/quote/a_Fixed Cash Benefit' (Root cause: com.kms.katalon.core.webui.exception.WebElementNotFoundException: Web element with id: 'Object Repository/mobileSanity/HBI/quote/a_Fixed Cash Benefit' located by 'By.xpath: //li[@class='js-plan plan js-plan-responsive' and @data-id='slaicohbi-az-500-30-50-5']/div[2]/table/tbody/tr/td/a' not found)
	at com.kms.katalon.core.keyword.internal.KeywordMain.stepFailed(KeywordMain.groovy:36)
	at com.kms.katalon.core.webui.keyword.internal.WebUIKeywordMain.stepFailed(WebUIKeywordMain.groovy:65)
	at com.kms.katalon.core.webui.keyword.internal.WebUIKeywordMain.runKeyword(WebUIKeywordMain.groovy:27)
	at com.kms.katalon.core.webui.keyword.builtin.ClickKeyword.click(ClickKeyword.groovy:86)
	at com.kms.katalon.core.webui.keyword.builtin.ClickKeyword.execute(ClickKeyword.groovy:67)
	at com.kms.katalon.core.keyword.internal.KeywordExecutor.executeKeywordForPlatform(KeywordExecutor.groovy:53)
	at com.kms.katalon.core.webui.keyword.WebUiBuiltInKeywords.click(WebUiBuiltInKeywords.groovy:616)
	at com.kms.katalon.core.webui.keyword.WebUiBuiltInKeywords$click$2.call(Unknown Source)
	at Fixed Cash Benefit.run(Fixed Cash Benefit:29)
	at com.kms.katalon.core.main.ScriptEngine.run(ScriptEngine.java:194)
	at com.kms.katalon.core.main.ScriptEngine.runScriptAsRawText(ScriptEngine.java:119)
	at com.kms.katalon.core.main.TestCaseExecutor.runScript(TestCaseExecutor.java:321)
	at com.kms.katalon.core.main.TestCaseExecutor.doExecute(TestCaseExecutor.java:312)
	at com.kms.katalon.core.main.TestCaseExecutor.processExecutionPhase(TestCaseExecutor.java:291)
	at com.kms.katalon.core.main.TestCaseExecutor.accessMainPhase(TestCaseExecutor.java:283)
	at com.kms.katalon.core.main.TestCaseExecutor.execute(TestCaseExecutor.java:222)
	at com.kms.katalon.core.main.TestSuiteExecutor.accessTestCaseMainPhase(TestSuiteExecutor.java:129)
	at com.kms.katalon.core.main.TestSuiteExecutor.accessTestSuiteMainPhase(TestSuiteExecutor.java:112)
	at com.kms.katalon.core.main.TestSuiteExecutor.execute(TestSuiteExecutor.java:81)
	at com.kms.katalon.core.main.TestCaseMain.startTestSuite(TestCaseMain.java:149)
	at com.kms.katalon.core.main.TestCaseMain$startTestSuite$0.call(Unknown Source)
	at TempTestSuite1563869643905.run(TempTestSuite1563869643905.groovy:36)


2019-07-23 16:27:51 - [MESSAGE][INFO] - Unable to find the element located by 'By.xpath: //li[@class='js-plan plan js-plan-responsive' and @data-id='slaicohbi-az-500-30-50-5']/div[2]/table/tbody/tr/td/a'. Please recheck the objects properties to make sure the desired element is located. 

2019-07-23 16:27:52 - [MESSAGE][FAILED] - Unable to click on object 'Object Repository/mobileSanity/HBI/quote/a_Fixed Cash Benefit' (Root cause: com.kms.katalon.core.webui.exception.WebElementNotFoundException: Web element with id: 'Object Repository/mobileSanity/HBI/quote/a_Fixed Cash Benefit' located by 'By.xpath: //li[@class='js-plan plan js-plan-responsive' and @data-id='slaicohbi-az-500-30-50-5']/div[2]/table/tbody/tr/td/a' not found)
[[ATTACHMENT|D:\\Test\\AgileTest\\AgileTest\\Reports\\mobileWeb\\hbi\\20190723_161403\\1563870471596.png]]

2019-07-23 16:27:52 - [MESSAGE][FAILED] - click(findTestObject("mobileSanity/HBI/quote/a_Fixed Cash Benefit")) FAILED.
Reason:
com.kms.katalon.core.exception.StepFailedException: Unable to click on object 'Object Repository/mobileSanity/HBI/quote/a_Fixed Cash Benefit' (Root cause: com.kms.katalon.core.webui.exception.WebElementNotFoundException: Web element with id: 'Object Repository/mobileSanity/HBI/quote/a_Fixed Cash Benefit' located by 'By.xpath: //li[@class='js-plan plan js-plan-responsive' and @data-id='slaicohbi-az-500-30-50-5']/div[2]/table/tbody/tr/td/a' not found)
	at com.kms.katalon.core.keyword.internal.KeywordMain.stepFailed(KeywordMain.groovy:36)
	at com.kms.katalon.core.webui.keyword.internal.WebUIKeywordMain.stepFailed(WebUIKeywordMain.groovy:65)
	at com.kms.katalon.core.webui.keyword.internal.WebUIKeywordMain.runKeyword(WebUIKeywordMain.groovy:27)
	at com.kms.katalon.core.webui.keyword.builtin.ClickKeyword.click(ClickKeyword.groovy:86)
	at com.kms.katalon.core.webui.keyword.builtin.ClickKeyword.execute(ClickKeyword.groovy:67)
	at com.kms.katalon.core.keyword.internal.KeywordExecutor.executeKeywordForPlatform(KeywordExecutor.groovy:53)
	at com.kms.katalon.core.webui.keyword.WebUiBuiltInKeywords.click(WebUiBuiltInKeywords.groovy:616)
	at com.kms.katalon.core.webui.keyword.WebUiBuiltInKeywords$click$2.call(Unknown Source)
	at Fixed Cash Benefit.run(Fixed Cash Benefit:29)
	at com.kms.katalon.core.main.ScriptEngine.run(ScriptEngine.java:194)
	at com.kms.katalon.core.main.ScriptEngine.runScriptAsRawText(ScriptEngine.java:119)
	at com.kms.katalon.core.main.TestCaseExecutor.runScript(TestCaseExecutor.java:321)
	at com.kms.katalon.core.main.TestCaseExecutor.doExecute(TestCaseExecutor.java:312)
	at com.kms.katalon.core.main.TestCaseExecutor.processExecutionPhase(TestCaseExecutor.java:291)
	at com.kms.katalon.core.main.TestCaseExecutor.accessMainPhase(TestCaseExecutor.java:283)
	at com.kms.katalon.core.main.TestCaseExecutor.execute(TestCaseExecutor.java:222)
	at com.kms.katalon.core.main.TestSuiteExecutor.accessTestCaseMainPhase(TestSuiteExecutor.java:129)
	at com.kms.katalon.core.main.TestSuiteExecutor.accessTestSuiteMainPhase(TestSuiteExecutor.java:112)
	at com.kms.katalon.core.main.TestSuiteExecutor.execute(TestSuiteExecutor.java:81)
	at com.kms.katalon.core.main.TestCaseMain.startTestSuite(TestCaseMain.java:149)
	at com.kms.katalon.core.main.TestCaseMain$startTestSuite$0.call(Unknown Source)
	at TempTestSuite1563869643905.run(TempTestSuite1563869643905.groovy:36)]]></system-out>
         <system-err><![CDATA[2019-07-23 16:27:05 - [TEST_CASE][FAILED] - Test Cases/mobileWeb/HBI/Fixed Cash Benefit: Test Cases/mobileWeb/HBI/Fixed Cash Benefit FAILED.
Reason:
com.kms.katalon.core.exception.StepFailedException: Unable to click on object 'Object Repository/mobileSanity/HBI/quote/a_Fixed Cash Benefit' (Root cause: com.kms.katalon.core.webui.exception.WebElementNotFoundException: Web element with id: 'Object Repository/mobileSanity/HBI/quote/a_Fixed Cash Benefit' located by 'By.xpath: //li[@class='js-plan plan js-plan-responsive' and @data-id='slaicohbi-az-500-30-50-5']/div[2]/table/tbody/tr/td/a' not found)
	at com.kms.katalon.core.keyword.internal.KeywordMain.stepFailed(KeywordMain.groovy:36)
	at com.kms.katalon.core.webui.keyword.internal.WebUIKeywordMain.stepFailed(WebUIKeywordMain.groovy:65)
	at com.kms.katalon.core.webui.keyword.internal.WebUIKeywordMain.runKeyword(WebUIKeywordMain.groovy:27)
	at com.kms.katalon.core.webui.keyword.builtin.ClickKeyword.click(ClickKeyword.groovy:86)
	at com.kms.katalon.core.webui.keyword.builtin.ClickKeyword.execute(ClickKeyword.groovy:67)
	at com.kms.katalon.core.keyword.internal.KeywordExecutor.executeKeywordForPlatform(KeywordExecutor.groovy:53)
	at com.kms.katalon.core.webui.keyword.WebUiBuiltInKeywords.click(WebUiBuiltInKeywords.groovy:616)
	at com.kms.katalon.core.webui.keyword.WebUiBuiltInKeywords$click$2.call(Unknown Source)
	at Fixed Cash Benefit.run(Fixed Cash Benefit:29)
	at com.kms.katalon.core.main.ScriptEngine.run(ScriptEngine.java:194)
	at com.kms.katalon.core.main.ScriptEngine.runScriptAsRawText(ScriptEngine.java:119)
	at com.kms.katalon.core.main.TestCaseExecutor.runScript(TestCaseExecutor.java:321)
	at com.kms.katalon.core.main.TestCaseExecutor.doExecute(TestCaseExecutor.java:312)
	at com.kms.katalon.core.main.TestCaseExecutor.processExecutionPhase(TestCaseExecutor.java:291)
	at com.kms.katalon.core.main.TestCaseExecutor.accessMainPhase(TestCaseExecutor.java:283)
	at com.kms.katalon.core.main.TestCaseExecutor.execute(TestCaseExecutor.java:222)
	at com.kms.katalon.core.main.TestSuiteExecutor.accessTestCaseMainPhase(TestSuiteExecutor.java:129)
	at com.kms.katalon.core.main.TestSuiteExecutor.accessTestSuiteMainPhase(TestSuiteExecutor.java:112)
	at com.kms.katalon.core.main.TestSuiteExecutor.execute(TestSuiteExecutor.java:81)
	at com.kms.katalon.core.main.TestCaseMain.startTestSuite(TestCaseMain.java:149)
	at com.kms.katalon.core.main.TestCaseMain$startTestSuite$0.call(Unknown Source)
	at TempTestSuite1563869643905.run(TempTestSuite1563869643905.groovy:36)]]></system-err>
      </testcase>
      <system-out><![CDATA[2019-07-23 16:14:12 - [TEST_SUITE][FAILED] - hbi: Test Cases/mobileWeb/HBI/Cardinal Choice FAILED.
Reason:
com.kms.katalon.core.exception.StepFailedException: Unable to click on object 'Object Repository/mobileSanity/HBI/quote/a_Cardinal Choice' (Root cause: com.kms.katalon.core.webui.exception.WebElementNotFoundException: Web element with id: 'Object Repository/mobileSanity/HBI/quote/a_Cardinal Choice' located by 'By.xpath: //li[@class='js-plan plan js-plan-responsive' and @data-id='cardinalchoice-al-750-22500-75-3']/div[2]/table/tbody/tr/td/a' not found)
	at com.kms.katalon.core.keyword.internal.KeywordMain.stepFailed(KeywordMain.groovy:36)
	at com.kms.katalon.core.webui.keyword.internal.WebUIKeywordMain.stepFailed(WebUIKeywordMain.groovy:65)
	at com.kms.katalon.core.webui.keyword.internal.WebUIKeywordMain.runKeyword(WebUIKeywordMain.groovy:27)
	at com.kms.katalon.core.webui.keyword.builtin.ClickKeyword.click(ClickKeyword.groovy:86)
	at com.kms.katalon.core.webui.keyword.builtin.ClickKeyword.execute(ClickKeyword.groovy:67)
	at com.kms.katalon.core.keyword.internal.KeywordExecutor.executeKeywordForPlatform(KeywordExecutor.groovy:53)
	at com.kms.katalon.core.webui.keyword.WebUiBuiltInKeywords.click(WebUiBuiltInKeywords.groovy:616)
	at com.kms.katalon.core.webui.keyword.WebUiBuiltInKeywords$click$2.call(Unknown Source)
	at Cardinal Choice.run(Cardinal Choice:32)
	at com.kms.katalon.core.main.ScriptEngine.run(ScriptEngine.java:194)
	at com.kms.katalon.core.main.ScriptEngine.runScriptAsRawText(ScriptEngine.java:119)
	at com.kms.katalon.core.main.TestCaseExecutor.runScript(TestCaseExecutor.java:321)
	at com.kms.katalon.core.main.TestCaseExecutor.doExecute(TestCaseExecutor.java:312)
	at com.kms.katalon.core.main.TestCaseExecutor.processExecutionPhase(TestCaseExecutor.java:291)
	at com.kms.katalon.core.main.TestCaseExecutor.accessMainPhase(TestCaseExecutor.java:283)
	at com.kms.katalon.core.main.TestCaseExecutor.execute(TestCaseExecutor.java:222)
	at com.kms.katalon.core.main.TestSuiteExecutor.accessTestCaseMainPhase(TestSuiteExecutor.java:129)
	at com.kms.katalon.core.main.TestSuiteExecutor.accessTestSuiteMainPhase(TestSuiteExecutor.java:112)
	at com.kms.katalon.core.main.TestSuiteExecutor.execute(TestSuiteExecutor.java:81)
	at com.kms.katalon.core.main.TestCaseMain.startTestSuite(TestCaseMain.java:149)
	at com.kms.katalon.core.main.TestCaseMain$startTestSuite$0.call(Unknown Source)
	at TempTestSuite1563869643905.run(TempTestSuite1563869643905.groovy:36)]]></system-out>
      <system-err><![CDATA[2019-07-23 16:14:12 - [TEST_SUITE][FAILED] - hbi: Test Cases/mobileWeb/HBI/Cardinal Choice FAILED.
Reason:
com.kms.katalon.core.exception.StepFailedException: Unable to click on object 'Object Repository/mobileSanity/HBI/quote/a_Cardinal Choice' (Root cause: com.kms.katalon.core.webui.exception.WebElementNotFoundException: Web element with id: 'Object Repository/mobileSanity/HBI/quote/a_Cardinal Choice' located by 'By.xpath: //li[@class='js-plan plan js-plan-responsive' and @data-id='cardinalchoice-al-750-22500-75-3']/div[2]/table/tbody/tr/td/a' not found)
	at com.kms.katalon.core.keyword.internal.KeywordMain.stepFailed(KeywordMain.groovy:36)
	at com.kms.katalon.core.webui.keyword.internal.WebUIKeywordMain.stepFailed(WebUIKeywordMain.groovy:65)
	at com.kms.katalon.core.webui.keyword.internal.WebUIKeywordMain.runKeyword(WebUIKeywordMain.groovy:27)
	at com.kms.katalon.core.webui.keyword.builtin.ClickKeyword.click(ClickKeyword.groovy:86)
	at com.kms.katalon.core.webui.keyword.builtin.ClickKeyword.execute(ClickKeyword.groovy:67)
	at com.kms.katalon.core.keyword.internal.KeywordExecutor.executeKeywordForPlatform(KeywordExecutor.groovy:53)
	at com.kms.katalon.core.webui.keyword.WebUiBuiltInKeywords.click(WebUiBuiltInKeywords.groovy:616)
	at com.kms.katalon.core.webui.keyword.WebUiBuiltInKeywords$click$2.call(Unknown Source)
	at Cardinal Choice.run(Cardinal Choice:32)
	at com.kms.katalon.core.main.ScriptEngine.run(ScriptEngine.java:194)
	at com.kms.katalon.core.main.ScriptEngine.runScriptAsRawText(ScriptEngine.java:119)
	at com.kms.katalon.core.main.TestCaseExecutor.runScript(TestCaseExecutor.java:321)
	at com.kms.katalon.core.main.TestCaseExecutor.doExecute(TestCaseExecutor.java:312)
	at com.kms.katalon.core.main.TestCaseExecutor.processExecutionPhase(TestCaseExecutor.java:291)
	at com.kms.katalon.core.main.TestCaseExecutor.accessMainPhase(TestCaseExecutor.java:283)
	at com.kms.katalon.core.main.TestCaseExecutor.execute(TestCaseExecutor.java:222)
	at com.kms.katalon.core.main.TestSuiteExecutor.accessTestCaseMainPhase(TestSuiteExecutor.java:129)
	at com.kms.katalon.core.main.TestSuiteExecutor.accessTestSuiteMainPhase(TestSuiteExecutor.java:112)
	at com.kms.katalon.core.main.TestSuiteExecutor.execute(TestSuiteExecutor.java:81)
	at com.kms.katalon.core.main.TestCaseMain.startTestSuite(TestCaseMain.java:149)
	at com.kms.katalon.core.main.TestCaseMain$startTestSuite$0.call(Unknown Source)
	at TempTestSuite1563869643905.run(TempTestSuite1563869643905.groovy:36)]]></system-err>
   </testsuite>
</testsuites>
