<?xml version="1.0" encoding="UTF-8"?>
<testsuites name="stm" time="168" tests="0" failures="7" errors="1">
   <testsuite name="stm" tests="0" failures="7" errors="1" time="168" timestamp="2019-11-12 08:06:48" hostname="Administrator - 172.30.0.53" id="Test Suites/mobileWeb/stm">
      <properties>
         <property name="deviceName" value=""/>
         <property name="devicePlatform" value=""/>
         <property name="logFolder" value="D:\\Test\\AgileTest\\Reports\\mobileWeb\\stm\\20191112_080024"/>
         <property name="logFiles" value="D:\\Test\\AgileTest\\Reports\\mobileWeb\\stm\\20191112_080024\\execution0.log"/>
         <property name="attachments" value="D:\\Test\\AgileTest\\Reports\\mobileWeb\\stm\\20191112_080024\\../Screenshots/iPhone 6/stm/Salico/20191112_080650/0.png, D:\\Test\\AgileTest\\Reports\\mobileWeb\\stm\\20191112_080024\\../Screenshots/iPhone 6/stm/Salico/20191112_080650/1.png, D:\\Test\\AgileTest\\Reports\\mobileWeb\\stm\\20191112_080024\\../Screenshots/iPhone 6/stm/Salico/20191112_080650/2.png, D:\\Test\\AgileTest\\Reports\\mobileWeb\\stm\\20191112_080024\\1573564031770.png, D:\\Test\\AgileTest\\Reports\\mobileWeb\\stm\\20191112_080024\\../Screenshots/iPhone 6/stm/Salico/20191112_080650/3.png, D:\\Test\\AgileTest\\Reports\\mobileWeb\\stm\\20191112_080024\\../Screenshots/iPhone 6/stm/AdvantHealth/20191112_080714/0.png, D:\\Test\\AgileTest\\Reports\\mobileWeb\\stm\\20191112_080024\\../Screenshots/iPhone 6/stm/AdvantHealth/20191112_080714/1.png, D:\\Test\\AgileTest\\Reports\\mobileWeb\\stm\\20191112_080024\\../Screenshots/iPhone 6/stm/AdvantHealth/20191112_080714/2.png, D:\\Test\\AgileTest\\Reports\\mobileWeb\\stm\\20191112_080024\\1573564053110.png, D:\\Test\\AgileTest\\Reports\\mobileWeb\\stm\\20191112_080024\\../Screenshots/iPhone 6/stm/AdvantHealth/20191112_080714/3.png, D:\\Test\\AgileTest\\Reports\\mobileWeb\\stm\\20191112_080024\\../Screenshots/iPhone 6/stm/Companion/20191112_080736/0.png, D:\\Test\\AgileTest\\Reports\\mobileWeb\\stm\\20191112_080024\\../Screenshots/iPhone 6/stm/Companion/20191112_080736/1.png, D:\\Test\\AgileTest\\Reports\\mobileWeb\\stm\\20191112_080024\\../Screenshots/iPhone 6/stm/Companion/20191112_080736/2.png, D:\\Test\\AgileTest\\Reports\\mobileWeb\\stm\\20191112_080024\\1573564074374.png, D:\\Test\\AgileTest\\Reports\\mobileWeb\\stm\\20191112_080024\\../Screenshots/iPhone 6/stm/Companion/20191112_080736/3.png, D:\\Test\\AgileTest\\Reports\\mobileWeb\\stm\\20191112_080024\\../Screenshots/iPhone 6/stm/Everest/20191112_080757/0.png, D:\\Test\\AgileTest\\Reports\\mobileWeb\\stm\\20191112_080024\\../Screenshots/iPhone 6/stm/Everest/20191112_080757/1.png, D:\\Test\\AgileTest\\Reports\\mobileWeb\\stm\\20191112_080024\\../Screenshots/iPhone 6/stm/Everest/20191112_080757/2.png, D:\\Test\\AgileTest\\Reports\\mobileWeb\\stm\\20191112_080024\\1573564095123.png, D:\\Test\\AgileTest\\Reports\\mobileWeb\\stm\\20191112_080024\\../Screenshots/iPhone 6/stm/Everest/20191112_080757/3.png, D:\\Test\\AgileTest\\Reports\\mobileWeb\\stm\\20191112_080024\\../Screenshots/iPhone 6/stm/Everest Prime/20191112_080818/0.png, D:\\Test\\AgileTest\\Reports\\mobileWeb\\stm\\20191112_080024\\../Screenshots/iPhone 6/stm/Everest Prime/20191112_080818/1.png, D:\\Test\\AgileTest\\Reports\\mobileWeb\\stm\\20191112_080024\\../Screenshots/iPhone 6/stm/Everest Prime/20191112_080818/2.png, D:\\Test\\AgileTest\\Reports\\mobileWeb\\stm\\20191112_080024\\1573564116779.png, D:\\Test\\AgileTest\\Reports\\mobileWeb\\stm\\20191112_080024\\../Screenshots/iPhone 6/stm/Everest Prime/20191112_080818/3.png, D:\\Test\\AgileTest\\Reports\\mobileWeb\\stm\\20191112_080024\\../Screenshots/iPhone 6/stm/LifeShield/20191112_080839/0.png, D:\\Test\\AgileTest\\Reports\\mobileWeb\\stm\\20191112_080024\\../Screenshots/iPhone 6/stm/LifeShield/20191112_080839/1.png, D:\\Test\\AgileTest\\Reports\\mobileWeb\\stm\\20191112_080024\\../Screenshots/iPhone 6/stm/LifeShield/20191112_080839/2.png, D:\\Test\\AgileTest\\Reports\\mobileWeb\\stm\\20191112_080024\\../Screenshots/iPhone 6/stm/National General/20191112_080855/0.png, D:\\Test\\AgileTest\\Reports\\mobileWeb\\stm\\20191112_080024\\../Screenshots/iPhone 6/stm/National General/20191112_080855/1.png, D:\\Test\\AgileTest\\Reports\\mobileWeb\\stm\\20191112_080024\\../Screenshots/iPhone 6/stm/National General/20191112_080855/2.png, D:\\Test\\AgileTest\\Reports\\mobileWeb\\stm\\20191112_080024\\1573564153417.png, D:\\Test\\AgileTest\\Reports\\mobileWeb\\stm\\20191112_080024\\../Screenshots/iPhone 6/stm/National General/20191112_080855/3.png, D:\\Test\\AgileTest\\Reports\\mobileWeb\\stm\\20191112_080024\\../Screenshots/iPhone 6/stm/Aspen/20191112_080916/0.png, D:\\Test\\AgileTest\\Reports\\mobileWeb\\stm\\20191112_080024\\../Screenshots/iPhone 6/stm/Aspen/20191112_080916/1.png, D:\\Test\\AgileTest\\Reports\\mobileWeb\\stm\\20191112_080024\\../Screenshots/iPhone 6/stm/Aspen/20191112_080916/2.png, D:\\Test\\AgileTest\\Reports\\mobileWeb\\stm\\20191112_080024\\1573564174367.png, D:\\Test\\AgileTest\\Reports\\mobileWeb\\stm\\20191112_080024\\../Screenshots/iPhone 6/stm/Aspen/20191112_080916/3.png"/>
         <property name="hostName" value="Administrator - 172.30.0.53"/>
         <property name="os" value="Windows Server 2012 R2 64bit"/>
         <property name="katalonVersion" value="5.10.1.1"/>
         <property name="browser" value="Safari 11"/>
         <property name="hostAddress" value="172.30.0.53"/>
         <property name="sessionId" value="901c4b13fdf76972d66cc5c4790f10cf"/>
         <property name="seleniumVersion" value="3.7.1"/>
         <property name="proxyInformation" value="ProxyInformation{proxyOption=NO_PROXY, proxyServerType=HTTP, password=, proxyServerAddress=, proxyServerPort=0}"/>
         <property name="platform" value="Windows Server 2012 R2"/>
      </properties>
      <testcase name="Test Cases/mobileWeb/stm/Slaico" classname="Test Cases/mobileWeb/stm/Slaico" status="FAILED">
         <failure type="FAILED" message="Test Cases/mobileWeb/stm/Slaico FAILED.
Reason:
com.kms.katalon.core.exception.StepFailedException: Unable to click on object 'Object Repository/mobileSanity/STM/STM Quote Page/a_Show Plans' (Root cause: org.openqa.selenium.WebDriverException: unknown error: Element &lt;a href=&quot;#&quot; class=&quot;js-show-plans c-filter-modal-v3__show-plans&quot; type=&quot;button&quot;>...&lt;/a> is not clickable at point (187, 629). Other element would receive the click: &lt;iframe src=&quot;https://secure.livechatinc.com/licence/11465608/v2/open_chat.cgi?license=11465608&amp;amp;group=0&amp;amp;embedded=1&amp;amp;widget_version=3&amp;amp;unique_groups=0&quot; allowtransparency=&quot;true&quot; allow=&quot;autoplay&quot; id=&quot;chat-widget&quot; name=&quot;chat-widget&quot; scrolling=&quot;no&quot; role=&quot;application&quot; aria-label=&quot;LiveChat chat widget&quot; style=&quot;width: 100%; height: 100%; min-height: 0px; min-width: 0px; margin: 0px; padding: 0px; background-image: none; background-position: 0% 0%; background-size: initial; background-attachment: scroll; background-origin: initial; background-clip: initial; background-color: rgba(0, 0, 0, 0); border-width: 0px; float: none; position: absolute; top: 0px; left: 0px; bottom: 0px; right: 0px; transition: none 0s ease 0s !important;&quot;>&lt;/iframe>
  (Session info: chrome=78.0.3904.70)
  (Driver info: chromedriver=2.43.600210 (68dcf5eebde37173d4027fa8635e332711d2874a),platform=Windows NT 6.3.9600 x86_64) (WARNING: The server did not provide any stacktrace information)
Command duration or timeout: 0 milliseconds
Build info: version: '3.7.1', revision: '8a0099a', time: '2017-11-06T21:07:36.161Z'
System info: host: 'WIN-U215233FMVE', ip: '172.30.0.53', os.name: 'Windows Server 2012 R2', os.arch: 'amd64', os.version: '6.3', java.version: '1.8.0_181'
Driver info: com.kms.katalon.selenium.driver.CChromeDriver
Capabilities {acceptInsecureCerts: false, acceptSslCerts: false, applicationCacheEnabled: false, browserConnectionEnabled: false, browserName: chrome, chrome: {chromedriverVersion: 2.43.600210 (68dcf5eebde371..., userDataDir: C:\Users\ADMINI~1\AppData\L...}, cssSelectorsEnabled: true, databaseEnabled: false, goog:chromeOptions: {debuggerAddress: localhost:62144}, handlesAlerts: true, hasTouchScreen: true, javascriptEnabled: true, locationContextEnabled: true, mobileEmulationEnabled: true, nativeEvents: true, networkConnectionEnabled: false, pageLoadStrategy: normal, platform: XP, platformName: XP, rotatable: false, setWindowRect: true, takesHeapSnapshot: true, takesScreenshot: true, unexpectedAlertBehaviour: , unhandledPromptBehavior: , version: 78.0.3904.70, webStorageEnabled: true}
Session ID: 80130899d7642719bd8f88df5cc63055)
	at com.kms.katalon.core.keyword.internal.KeywordMain.stepFailed(KeywordMain.groovy:32)
	at com.kms.katalon.core.webui.keyword.internal.WebUIKeywordMain.stepFailed(WebUIKeywordMain.groovy:65)
	at com.kms.katalon.core.webui.keyword.internal.WebUIKeywordMain.runKeyword(WebUIKeywordMain.groovy:27)
	at com.kms.katalon.core.webui.keyword.builtin.ClickKeyword.click(ClickKeyword.groovy:86)
	at com.kms.katalon.core.webui.keyword.builtin.ClickKeyword.execute(ClickKeyword.groovy:67)
	at com.kms.katalon.core.keyword.internal.KeywordExecutor.executeKeywordForPlatform(KeywordExecutor.groovy:53)
	at com.kms.katalon.core.webui.keyword.WebUiBuiltInKeywords.click(WebUiBuiltInKeywords.groovy:616)
	at com.kms.katalon.core.webui.keyword.WebUiBuiltInKeywords$click$3.call(Unknown Source)
	at filter_stm.run(filter_stm:46)
	at com.kms.katalon.core.main.ScriptEngine.run(ScriptEngine.java:194)
	at com.kms.katalon.core.main.ScriptEngine.runScriptAsRawText(ScriptEngine.java:119)
	at com.kms.katalon.core.main.TestCaseExecutor.runScript(TestCaseExecutor.java:328)
	at com.kms.katalon.core.main.TestCaseExecutor.doExecute(TestCaseExecutor.java:319)
	at com.kms.katalon.core.main.TestCaseExecutor.processExecutionPhase(TestCaseExecutor.java:298)
	at com.kms.katalon.core.main.TestCaseExecutor.accessMainPhase(TestCaseExecutor.java:290)
	at com.kms.katalon.core.main.TestCaseExecutor.execute(TestCaseExecutor.java:224)
	at com.kms.katalon.core.main.TestCaseMain.runTestCase(TestCaseMain.java:106)
	at com.kms.katalon.core.keyword.builtin.CallTestCaseKeyword$_callTestCase_closure1.doCall(CallTestCaseKeyword.groovy:59)
	at com.kms.katalon.core.keyword.builtin.CallTestCaseKeyword$_callTestCase_closure1.call(CallTestCaseKeyword.groovy)
	at com.kms.katalon.core.keyword.internal.KeywordMain.runKeyword(KeywordMain.groovy:54)
	at com.kms.katalon.core.keyword.builtin.CallTestCaseKeyword.callTestCase(CallTestCaseKeyword.groovy:80)
	at com.kms.katalon.core.keyword.builtin.CallTestCaseKeyword.execute(CallTestCaseKeyword.groovy:44)
	at com.kms.katalon.core.keyword.internal.KeywordExecutor.executeKeywordForPlatform(KeywordExecutor.groovy:53)
	at com.kms.katalon.core.keyword.BuiltinKeywords.callTestCase(BuiltinKeywords.groovy:334)
	at Slaico.run(Slaico:26)
	at com.kms.katalon.core.main.ScriptEngine.run(ScriptEngine.java:194)
	at com.kms.katalon.core.main.ScriptEngine.runScriptAsRawText(ScriptEngine.java:119)
	at com.kms.katalon.core.main.TestCaseExecutor.runScript(TestCaseExecutor.java:328)
	at com.kms.katalon.core.main.TestCaseExecutor.doExecute(TestCaseExecutor.java:319)
	at com.kms.katalon.core.main.TestCaseExecutor.processExecutionPhase(TestCaseExecutor.java:298)
	at com.kms.katalon.core.main.TestCaseExecutor.accessMainPhase(TestCaseExecutor.java:290)
	at com.kms.katalon.core.main.TestCaseExecutor.execute(TestCaseExecutor.java:224)
	at com.kms.katalon.core.main.TestSuiteExecutor.accessTestCaseMainPhase(TestSuiteExecutor.java:129)
	at com.kms.katalon.core.main.TestSuiteExecutor.accessTestSuiteMainPhase(TestSuiteExecutor.java:112)
	at com.kms.katalon.core.main.TestSuiteExecutor.execute(TestSuiteExecutor.java:81)
	at com.kms.katalon.core.main.TestCaseMain.startTestSuite(TestCaseMain.java:149)
	at com.kms.katalon.core.main.TestCaseMain$startTestSuite$0.call(Unknown Source)
	at TempTestSuite1573563624301.run(TempTestSuite1573563624301.groovy:36)
"/>
         <system-out><![CDATA[2019-11-12 08:06:49 - [TEST_CASE][FAILED] - Test Cases/mobileWeb/stm/Slaico: Test Cases/mobileWeb/stm/Slaico FAILED.
Reason:
com.kms.katalon.core.exception.StepFailedException: Unable to click on object 'Object Repository/mobileSanity/STM/STM Quote Page/a_Show Plans' (Root cause: org.openqa.selenium.WebDriverException: unknown error: Element <a href="#" class="js-show-plans c-filter-modal-v3__show-plans" type="button">...</a> is not clickable at point (187, 629). Other element would receive the click: <iframe src="https://secure.livechatinc.com/licence/11465608/v2/open_chat.cgi?license=11465608&amp;group=0&amp;embedded=1&amp;widget_version=3&amp;unique_groups=0" allowtransparency="true" allow="autoplay" id="chat-widget" name="chat-widget" scrolling="no" role="application" aria-label="LiveChat chat widget" style="width: 100%; height: 100%; min-height: 0px; min-width: 0px; margin: 0px; padding: 0px; background-image: none; background-position: 0% 0%; background-size: initial; background-attachment: scroll; background-origin: initial; background-clip: initial; background-color: rgba(0, 0, 0, 0); border-width: 0px; float: none; position: absolute; top: 0px; left: 0px; bottom: 0px; right: 0px; transition: none 0s ease 0s !important;"></iframe>
  (Session info: chrome=78.0.3904.70)
  (Driver info: chromedriver=2.43.600210 (68dcf5eebde37173d4027fa8635e332711d2874a),platform=Windows NT 6.3.9600 x86_64) (WARNING: The server did not provide any stacktrace information)
Command duration or timeout: 0 milliseconds
Build info: version: '3.7.1', revision: '8a0099a', time: '2017-11-06T21:07:36.161Z'
System info: host: 'WIN-U215233FMVE', ip: '172.30.0.53', os.name: 'Windows Server 2012 R2', os.arch: 'amd64', os.version: '6.3', java.version: '1.8.0_181'
Driver info: com.kms.katalon.selenium.driver.CChromeDriver
Capabilities {acceptInsecureCerts: false, acceptSslCerts: false, applicationCacheEnabled: false, browserConnectionEnabled: false, browserName: chrome, chrome: {chromedriverVersion: 2.43.600210 (68dcf5eebde371..., userDataDir: C:\Users\ADMINI~1\AppData\L...}, cssSelectorsEnabled: true, databaseEnabled: false, goog:chromeOptions: {debuggerAddress: localhost:62144}, handlesAlerts: true, hasTouchScreen: true, javascriptEnabled: true, locationContextEnabled: true, mobileEmulationEnabled: true, nativeEvents: true, networkConnectionEnabled: false, pageLoadStrategy: normal, platform: XP, platformName: XP, rotatable: false, setWindowRect: true, takesHeapSnapshot: true, takesScreenshot: true, unexpectedAlertBehaviour: , unhandledPromptBehavior: , version: 78.0.3904.70, webStorageEnabled: true}
Session ID: 80130899d7642719bd8f88df5cc63055)
	at com.kms.katalon.core.keyword.internal.KeywordMain.stepFailed(KeywordMain.groovy:32)
	at com.kms.katalon.core.webui.keyword.internal.WebUIKeywordMain.stepFailed(WebUIKeywordMain.groovy:65)
	at com.kms.katalon.core.webui.keyword.internal.WebUIKeywordMain.runKeyword(WebUIKeywordMain.groovy:27)
	at com.kms.katalon.core.webui.keyword.builtin.ClickKeyword.click(ClickKeyword.groovy:86)
	at com.kms.katalon.core.webui.keyword.builtin.ClickKeyword.execute(ClickKeyword.groovy:67)
	at com.kms.katalon.core.keyword.internal.KeywordExecutor.executeKeywordForPlatform(KeywordExecutor.groovy:53)
	at com.kms.katalon.core.webui.keyword.WebUiBuiltInKeywords.click(WebUiBuiltInKeywords.groovy:616)
	at com.kms.katalon.core.webui.keyword.WebUiBuiltInKeywords$click$3.call(Unknown Source)
	at filter_stm.run(filter_stm:46)
	at com.kms.katalon.core.main.ScriptEngine.run(ScriptEngine.java:194)
	at com.kms.katalon.core.main.ScriptEngine.runScriptAsRawText(ScriptEngine.java:119)
	at com.kms.katalon.core.main.TestCaseExecutor.runScript(TestCaseExecutor.java:328)
	at com.kms.katalon.core.main.TestCaseExecutor.doExecute(TestCaseExecutor.java:319)
	at com.kms.katalon.core.main.TestCaseExecutor.processExecutionPhase(TestCaseExecutor.java:298)
	at com.kms.katalon.core.main.TestCaseExecutor.accessMainPhase(TestCaseExecutor.java:290)
	at com.kms.katalon.core.main.TestCaseExecutor.execute(TestCaseExecutor.java:224)
	at com.kms.katalon.core.main.TestCaseMain.runTestCase(TestCaseMain.java:106)
	at com.kms.katalon.core.keyword.builtin.CallTestCaseKeyword$_callTestCase_closure1.doCall(CallTestCaseKeyword.groovy:59)
	at com.kms.katalon.core.keyword.builtin.CallTestCaseKeyword$_callTestCase_closure1.call(CallTestCaseKeyword.groovy)
	at com.kms.katalon.core.keyword.internal.KeywordMain.runKeyword(KeywordMain.groovy:54)
	at com.kms.katalon.core.keyword.builtin.CallTestCaseKeyword.callTestCase(CallTestCaseKeyword.groovy:80)
	at com.kms.katalon.core.keyword.builtin.CallTestCaseKeyword.execute(CallTestCaseKeyword.groovy:44)
	at com.kms.katalon.core.keyword.internal.KeywordExecutor.executeKeywordForPlatform(KeywordExecutor.groovy:53)
	at com.kms.katalon.core.keyword.BuiltinKeywords.callTestCase(BuiltinKeywords.groovy:334)
	at Slaico.run(Slaico:26)
	at com.kms.katalon.core.main.ScriptEngine.run(ScriptEngine.java:194)
	at com.kms.katalon.core.main.ScriptEngine.runScriptAsRawText(ScriptEngine.java:119)
	at com.kms.katalon.core.main.TestCaseExecutor.runScript(TestCaseExecutor.java:328)
	at com.kms.katalon.core.main.TestCaseExecutor.doExecute(TestCaseExecutor.java:319)
	at com.kms.katalon.core.main.TestCaseExecutor.processExecutionPhase(TestCaseExecutor.java:298)
	at com.kms.katalon.core.main.TestCaseExecutor.accessMainPhase(TestCaseExecutor.java:290)
	at com.kms.katalon.core.main.TestCaseExecutor.execute(TestCaseExecutor.java:224)
	at com.kms.katalon.core.main.TestSuiteExecutor.accessTestCaseMainPhase(TestSuiteExecutor.java:129)
	at com.kms.katalon.core.main.TestSuiteExecutor.accessTestSuiteMainPhase(TestSuiteExecutor.java:112)
	at com.kms.katalon.core.main.TestSuiteExecutor.execute(TestSuiteExecutor.java:81)
	at com.kms.katalon.core.main.TestCaseMain.startTestSuite(TestCaseMain.java:149)
	at com.kms.katalon.core.main.TestCaseMain$startTestSuite$0.call(Unknown Source)
	at TempTestSuite1573563624301.run(TempTestSuite1573563624301.groovy:36)


2019-11-12 08:06:49 - [TEST_STEP][PASSED] - callTestCase(findTestCase("mobileWeb/_include/get_screenPath"), ["productLine":"stm", "carrierName":"Salico"], CONTINUE_ON_FAILURE): Call Test Case 'Test Cases/mobileWeb/_include/get_screenPath' successfully

2019-11-12 08:06:49 - [TEST_CASE][PASSED] - Test Cases/mobileWeb/_include/get_screenPath: Test Cases/mobileWeb/_include/get_screenPath

2019-11-12 08:06:50 - [TEST_STEP][PASSED] - m = getExecutionProperties(): null

2019-11-12 08:06:50 - [TEST_STEP][PASSED] - deviceName = get("mobileEmulation").get("deviceName"): null

2019-11-12 08:06:50 - [TEST_STEP][PASSED] - println(deviceName): null

2019-11-12 08:06:50 - [TEST_STEP][PASSED] - now = new java.util.Date(): null

2019-11-12 08:06:50 - [TEST_STEP][PASSED] - mydate = now.format("yyyyMMdd_HHmmss"): null

2019-11-12 08:06:50 - [TEST_STEP][PASSED] - screenPath = "../Screenshots/": null

2019-11-12 08:06:50 - [TEST_STEP][PASSED] - screenPath = screenPath + deviceName + "/" + productLine + "/" + carrierName + "/" + mydate + "/": null

2019-11-12 08:06:50 - [TEST_STEP][PASSED] - println(screenPath): null

2019-11-12 08:06:50 - [MESSAGE][PASSED] - Call Test Case 'Test Cases/mobileWeb/_include/get_screenPath' successfully

2019-11-12 08:06:50 - [TEST_STEP][PASSED] - i = 0: null

2019-11-12 08:06:50 - [TEST_STEP][PASSED] - callTestCase(findTestCase("mobileWeb/_include/openWebSite"), [:], STOP_ON_FAILURE): Call Test Case 'Test Cases/mobileWeb/_include/openWebSite' successfully

2019-11-12 08:06:50 - [TEST_CASE][PASSED] - Test Cases/mobileWeb/_include/openWebSite: Test Cases/mobileWeb/_include/openWebSite

2019-11-12 08:06:50 - [TEST_STEP][PASSED] - openBrowser(env): Browser is opened with url: 'https://praetemptatus.agilehealthinsurance.com'

2019-11-12 08:06:50 - [MESSAGE][INFO] - Starting 'Chrome' driver

2019-11-12 08:06:50 - [MESSAGE][INFO] - User set preference: ['mobileEmulation', '{deviceName=iPhone 6}']

2019-11-12 08:06:50 - [MESSAGE][INFO] - User set preference: ['args', '[--incognito, --aggressive-cache-discard, --window-size=375,677, --no-sandbox]']

2019-11-12 08:06:50 - [MESSAGE][INFO] - Action delay is set to 0 seconds

2019-11-12 08:06:53 - [MESSAGE][PASSED] - Browser is opened with url: 'https://praetemptatus.agilehealthinsurance.com'

2019-11-12 08:06:53 - [TEST_STEP][PASSED] - waitForPageLoad(20): Wait for page load successfully

2019-11-12 08:06:54 - [MESSAGE][PASSED] - Wait for page load successfully

2019-11-12 08:06:54 - [TEST_STEP][PASSED] - callTestCase(findTestCase("mobileWeb/_include/get_screenshot"), [:], STOP_ON_FAILURE): Call Test Case 'Test Cases/mobileWeb/_include/get_screenshot' successfully

2019-11-12 08:06:54 - [TEST_CASE][PASSED] - Test Cases/mobileWeb/_include/get_screenshot: Test Cases/mobileWeb/_include/get_screenshot

2019-11-12 08:06:54 - [TEST_STEP][PASSED] - takeScreenshot(screenPath + i + ".png"): Taking screenshot successfully

2019-11-12 08:06:56 - [MESSAGE][PASSED] - Taking screenshot successfully
[[ATTACHMENT|D:\\Test\\AgileTest\\Reports\\mobileWeb\\stm\\20191112_080024\\../Screenshots/iPhone 6/stm/Salico/20191112_080650/0.png]]

2019-11-12 08:06:56 - [TEST_STEP][PASSED] - (internal.GlobalVariable.i++): null

2019-11-12 08:06:56 - [MESSAGE][PASSED] - Call Test Case 'Test Cases/mobileWeb/_include/get_screenshot' successfully

2019-11-12 08:06:56 - [MESSAGE][PASSED] - Call Test Case 'Test Cases/mobileWeb/_include/openWebSite' successfully

2019-11-12 08:06:56 - [TEST_STEP][PASSED] - callTestCase(findTestCase("mobileWeb/_include/census_stm"), ["zipcode":"60602"], STOP_ON_FAILURE): Call Test Case 'Test Cases/mobileWeb/_include/census_stm' successfully

2019-11-12 08:06:56 - [TEST_CASE][PASSED] - Test Cases/mobileWeb/_include/census_stm: Test Cases/mobileWeb/_include/census_stm

2019-11-12 08:06:56 - [TEST_STEP][PASSED] - waitForElementClickable(findTestObject("mobileSanity/STM/Home Page/a_Quote  Save Today"), 10): Object 'Object Repository/mobileSanity/STM/Home Page/a_Quote  Save Today' is clickable

2019-11-12 08:06:56 - [MESSAGE][PASSED] - Object 'Object Repository/mobileSanity/STM/Home Page/a_Quote  Save Today' is clickable

2019-11-12 08:06:56 - [TEST_STEP][PASSED] - click(findTestObject("mobileSanity/STM/Home Page/a_Quote  Save Today")): Object: 'Object Repository/mobileSanity/STM/Home Page/a_Quote  Save Today' is clicked on

2019-11-12 08:06:57 - [MESSAGE][PASSED] - Object: 'Object Repository/mobileSanity/STM/Home Page/a_Quote  Save Today' is clicked on

2019-11-12 08:06:57 - [TEST_STEP][PASSED] - waitForPageLoad(10): Wait for page load successfully

2019-11-12 08:06:57 - [MESSAGE][PASSED] - Wait for page load successfully

2019-11-12 08:06:57 - [TEST_STEP][PASSED] - callTestCase(findTestCase("mobileWeb/_include/get_screenshot"), [:], STOP_ON_FAILURE): Call Test Case 'Test Cases/mobileWeb/_include/get_screenshot' successfully

2019-11-12 08:06:57 - [TEST_CASE][PASSED] - Test Cases/mobileWeb/_include/get_screenshot: Test Cases/mobileWeb/_include/get_screenshot

2019-11-12 08:06:57 - [TEST_STEP][PASSED] - takeScreenshot(screenPath + i + ".png"): Taking screenshot successfully

2019-11-12 08:06:58 - [MESSAGE][PASSED] - Taking screenshot successfully
[[ATTACHMENT|D:\\Test\\AgileTest\\Reports\\mobileWeb\\stm\\20191112_080024\\../Screenshots/iPhone 6/stm/Salico/20191112_080650/1.png]]

2019-11-12 08:06:58 - [TEST_STEP][PASSED] - (internal.GlobalVariable.i++): null

2019-11-12 08:06:58 - [MESSAGE][PASSED] - Call Test Case 'Test Cases/mobileWeb/_include/get_screenshot' successfully

2019-11-12 08:06:58 - [TEST_STEP][PASSED] - setText(findTestObject("mobileSanity/STM/STM Census Page/input_Location_zip-input"), zipcode): Text '60602' is set on object 'Object Repository/mobileSanity/STM/STM Census Page/input_Location_zip-input'

2019-11-12 08:06:58 - [MESSAGE][PASSED] - Text '60602' is set on object 'Object Repository/mobileSanity/STM/STM Census Page/input_Location_zip-input'

2019-11-12 08:06:58 - [TEST_STEP][PASSED] - Thread.sleep(500): null

2019-11-12 08:06:58 - [TEST_STEP][PASSED] - setText(findTestObject("mobileSanity/STM/STM Census Page/input_Date of Birth_dob-0"), "03031987"): Text '03031987' is set on object 'Object Repository/mobileSanity/STM/STM Census Page/input_Date of Birth_dob-0'

2019-11-12 08:06:58 - [MESSAGE][PASSED] - Text '03031987' is set on object 'Object Repository/mobileSanity/STM/STM Census Page/input_Date of Birth_dob-0'

2019-11-12 08:06:58 - [TEST_STEP][PASSED] - click(findTestObject("mobileSanity/STM/STM Census Page/label_Male")): Object: 'Object Repository/mobileSanity/STM/STM Census Page/label_Male' is clicked on

2019-11-12 08:06:58 - [MESSAGE][PASSED] - Object: 'Object Repository/mobileSanity/STM/STM Census Page/label_Male' is clicked on

2019-11-12 08:06:58 - [TEST_STEP][PASSED] - click(findTestObject("mobileSanity/STM/STM Census Page/label_Compare Plans")): Object: 'Object Repository/mobileSanity/STM/STM Census Page/label_Compare Plans' is clicked on

2019-11-12 08:07:01 - [MESSAGE][PASSED] - Object: 'Object Repository/mobileSanity/STM/STM Census Page/label_Compare Plans' is clicked on

2019-11-12 08:07:01 - [TEST_STEP][PASSED] - waitForElementVisible(findTestObject("mobileSanity/STM/STM Quote Page/button_sort"), 20): Object 'Object Repository/mobileSanity/STM/STM Quote Page/button_sort' is visible

2019-11-12 08:07:02 - [MESSAGE][PASSED] - Object 'Object Repository/mobileSanity/STM/STM Quote Page/button_sort' is visible

2019-11-12 08:07:02 - [TEST_STEP][PASSED] - Thread.sleep(3000): null

2019-11-12 08:07:05 - [TEST_STEP][PASSED] - callTestCase(findTestCase("mobileWeb/_include/get_screenshot"), [:], STOP_ON_FAILURE): Call Test Case 'Test Cases/mobileWeb/_include/get_screenshot' successfully

2019-11-12 08:07:05 - [TEST_CASE][PASSED] - Test Cases/mobileWeb/_include/get_screenshot: Test Cases/mobileWeb/_include/get_screenshot

2019-11-12 08:07:05 - [TEST_STEP][PASSED] - takeScreenshot(screenPath + i + ".png"): Taking screenshot successfully

2019-11-12 08:07:05 - [MESSAGE][PASSED] - Taking screenshot successfully
[[ATTACHMENT|D:\\Test\\AgileTest\\Reports\\mobileWeb\\stm\\20191112_080024\\../Screenshots/iPhone 6/stm/Salico/20191112_080650/2.png]]

2019-11-12 08:07:05 - [TEST_STEP][PASSED] - (internal.GlobalVariable.i++): null

2019-11-12 08:07:05 - [MESSAGE][PASSED] - Call Test Case 'Test Cases/mobileWeb/_include/get_screenshot' successfully

2019-11-12 08:07:05 - [TEST_STEP][PASSED] - Thread.sleep(1000): null

2019-11-12 08:07:06 - [MESSAGE][PASSED] - Call Test Case 'Test Cases/mobileWeb/_include/census_stm' successfully

2019-11-12 08:07:06 - [TEST_STEP][FAILED] - callTestCase(findTestCase("mobileWeb/_include/filter_stm"), ["carrier":"slaico"], STOP_ON_FAILURE): callTestCase(findTestCase("mobileWeb/_include/filter_stm"), ["carrier":"slaico"], STOP_ON_FAILURE) FAILED.
Reason:
com.kms.katalon.core.exception.StepFailedException: Unable to click on object 'Object Repository/mobileSanity/STM/STM Quote Page/a_Show Plans' (Root cause: org.openqa.selenium.WebDriverException: unknown error: Element <a href="#" class="js-show-plans c-filter-modal-v3__show-plans" type="button">...</a> is not clickable at point (187, 629). Other element would receive the click: <iframe src="https://secure.livechatinc.com/licence/11465608/v2/open_chat.cgi?license=11465608&amp;group=0&amp;embedded=1&amp;widget_version=3&amp;unique_groups=0" allowtransparency="true" allow="autoplay" id="chat-widget" name="chat-widget" scrolling="no" role="application" aria-label="LiveChat chat widget" style="width: 100%; height: 100%; min-height: 0px; min-width: 0px; margin: 0px; padding: 0px; background-image: none; background-position: 0% 0%; background-size: initial; background-attachment: scroll; background-origin: initial; background-clip: initial; background-color: rgba(0, 0, 0, 0); border-width: 0px; float: none; position: absolute; top: 0px; left: 0px; bottom: 0px; right: 0px; transition: none 0s ease 0s !important;"></iframe>
  (Session info: chrome=78.0.3904.70)
  (Driver info: chromedriver=2.43.600210 (68dcf5eebde37173d4027fa8635e332711d2874a),platform=Windows NT 6.3.9600 x86_64) (WARNING: The server did not provide any stacktrace information)
Command duration or timeout: 0 milliseconds
Build info: version: '3.7.1', revision: '8a0099a', time: '2017-11-06T21:07:36.161Z'
System info: host: 'WIN-U215233FMVE', ip: '172.30.0.53', os.name: 'Windows Server 2012 R2', os.arch: 'amd64', os.version: '6.3', java.version: '1.8.0_181'
Driver info: com.kms.katalon.selenium.driver.CChromeDriver
Capabilities {acceptInsecureCerts: false, acceptSslCerts: false, applicationCacheEnabled: false, browserConnectionEnabled: false, browserName: chrome, chrome: {chromedriverVersion: 2.43.600210 (68dcf5eebde371..., userDataDir: C:\Users\ADMINI~1\AppData\L...}, cssSelectorsEnabled: true, databaseEnabled: false, goog:chromeOptions: {debuggerAddress: localhost:62144}, handlesAlerts: true, hasTouchScreen: true, javascriptEnabled: true, locationContextEnabled: true, mobileEmulationEnabled: true, nativeEvents: true, networkConnectionEnabled: false, pageLoadStrategy: normal, platform: XP, platformName: XP, rotatable: false, setWindowRect: true, takesHeapSnapshot: true, takesScreenshot: true, unexpectedAlertBehaviour: , unhandledPromptBehavior: , version: 78.0.3904.70, webStorageEnabled: true}
Session ID: 80130899d7642719bd8f88df5cc63055)
	at com.kms.katalon.core.keyword.internal.KeywordMain.stepFailed(KeywordMain.groovy:32)
	at com.kms.katalon.core.webui.keyword.internal.WebUIKeywordMain.stepFailed(WebUIKeywordMain.groovy:65)
	at com.kms.katalon.core.webui.keyword.internal.WebUIKeywordMain.runKeyword(WebUIKeywordMain.groovy:27)
	at com.kms.katalon.core.webui.keyword.builtin.ClickKeyword.click(ClickKeyword.groovy:86)
	at com.kms.katalon.core.webui.keyword.builtin.ClickKeyword.execute(ClickKeyword.groovy:67)
	at com.kms.katalon.core.keyword.internal.KeywordExecutor.executeKeywordForPlatform(KeywordExecutor.groovy:53)
	at com.kms.katalon.core.webui.keyword.WebUiBuiltInKeywords.click(WebUiBuiltInKeywords.groovy:616)
	at com.kms.katalon.core.webui.keyword.WebUiBuiltInKeywords$click$3.call(Unknown Source)
	at filter_stm.run(filter_stm:46)
	at com.kms.katalon.core.main.ScriptEngine.run(ScriptEngine.java:194)
	at com.kms.katalon.core.main.ScriptEngine.runScriptAsRawText(ScriptEngine.java:119)
	at com.kms.katalon.core.main.TestCaseExecutor.runScript(TestCaseExecutor.java:328)
	at com.kms.katalon.core.main.TestCaseExecutor.doExecute(TestCaseExecutor.java:319)
	at com.kms.katalon.core.main.TestCaseExecutor.processExecutionPhase(TestCaseExecutor.java:298)
	at com.kms.katalon.core.main.TestCaseExecutor.accessMainPhase(TestCaseExecutor.java:290)
	at com.kms.katalon.core.main.TestCaseExecutor.execute(TestCaseExecutor.java:224)
	at com.kms.katalon.core.main.TestCaseMain.runTestCase(TestCaseMain.java:106)
	at com.kms.katalon.core.keyword.builtin.CallTestCaseKeyword$_callTestCase_closure1.doCall(CallTestCaseKeyword.groovy:59)
	at com.kms.katalon.core.keyword.builtin.CallTestCaseKeyword$_callTestCase_closure1.call(CallTestCaseKeyword.groovy)
	at com.kms.katalon.core.keyword.internal.KeywordMain.runKeyword(KeywordMain.groovy:54)
	at com.kms.katalon.core.keyword.builtin.CallTestCaseKeyword.callTestCase(CallTestCaseKeyword.groovy:80)
	at com.kms.katalon.core.keyword.builtin.CallTestCaseKeyword.execute(CallTestCaseKeyword.groovy:44)
	at com.kms.katalon.core.keyword.internal.KeywordExecutor.executeKeywordForPlatform(KeywordExecutor.groovy:53)
	at com.kms.katalon.core.keyword.BuiltinKeywords.callTestCase(BuiltinKeywords.groovy:334)
	at Slaico.run(Slaico:26)
	at com.kms.katalon.core.main.ScriptEngine.run(ScriptEngine.java:194)
	at com.kms.katalon.core.main.ScriptEngine.runScriptAsRawText(ScriptEngine.java:119)
	at com.kms.katalon.core.main.TestCaseExecutor.runScript(TestCaseExecutor.java:328)
	at com.kms.katalon.core.main.TestCaseExecutor.doExecute(TestCaseExecutor.java:319)
	at com.kms.katalon.core.main.TestCaseExecutor.processExecutionPhase(TestCaseExecutor.java:298)
	at com.kms.katalon.core.main.TestCaseExecutor.accessMainPhase(TestCaseExecutor.java:290)
	at com.kms.katalon.core.main.TestCaseExecutor.execute(TestCaseExecutor.java:224)
	at com.kms.katalon.core.main.TestSuiteExecutor.accessTestCaseMainPhase(TestSuiteExecutor.java:129)
	at com.kms.katalon.core.main.TestSuiteExecutor.accessTestSuiteMainPhase(TestSuiteExecutor.java:112)
	at com.kms.katalon.core.main.TestSuiteExecutor.execute(TestSuiteExecutor.java:81)
	at com.kms.katalon.core.main.TestCaseMain.startTestSuite(TestCaseMain.java:149)
	at com.kms.katalon.core.main.TestCaseMain$startTestSuite$0.call(Unknown Source)
	at TempTestSuite1573563624301.run(TempTestSuite1573563624301.groovy:36)


2019-11-12 08:07:06 - [TEST_CASE][FAILED] - Test Cases/mobileWeb/_include/filter_stm: Test Cases/mobileWeb/_include/filter_stm FAILED.
Reason:
com.kms.katalon.core.exception.StepFailedException: Unable to click on object 'Object Repository/mobileSanity/STM/STM Quote Page/a_Show Plans' (Root cause: org.openqa.selenium.WebDriverException: unknown error: Element <a href="#" class="js-show-plans c-filter-modal-v3__show-plans" type="button">...</a> is not clickable at point (187, 629). Other element would receive the click: <iframe src="https://secure.livechatinc.com/licence/11465608/v2/open_chat.cgi?license=11465608&amp;group=0&amp;embedded=1&amp;widget_version=3&amp;unique_groups=0" allowtransparency="true" allow="autoplay" id="chat-widget" name="chat-widget" scrolling="no" role="application" aria-label="LiveChat chat widget" style="width: 100%; height: 100%; min-height: 0px; min-width: 0px; margin: 0px; padding: 0px; background-image: none; background-position: 0% 0%; background-size: initial; background-attachment: scroll; background-origin: initial; background-clip: initial; background-color: rgba(0, 0, 0, 0); border-width: 0px; float: none; position: absolute; top: 0px; left: 0px; bottom: 0px; right: 0px; transition: none 0s ease 0s !important;"></iframe>
  (Session info: chrome=78.0.3904.70)
  (Driver info: chromedriver=2.43.600210 (68dcf5eebde37173d4027fa8635e332711d2874a),platform=Windows NT 6.3.9600 x86_64) (WARNING: The server did not provide any stacktrace information)
Command duration or timeout: 0 milliseconds
Build info: version: '3.7.1', revision: '8a0099a', time: '2017-11-06T21:07:36.161Z'
System info: host: 'WIN-U215233FMVE', ip: '172.30.0.53', os.name: 'Windows Server 2012 R2', os.arch: 'amd64', os.version: '6.3', java.version: '1.8.0_181'
Driver info: com.kms.katalon.selenium.driver.CChromeDriver
Capabilities {acceptInsecureCerts: false, acceptSslCerts: false, applicationCacheEnabled: false, browserConnectionEnabled: false, browserName: chrome, chrome: {chromedriverVersion: 2.43.600210 (68dcf5eebde371..., userDataDir: C:\Users\ADMINI~1\AppData\L...}, cssSelectorsEnabled: true, databaseEnabled: false, goog:chromeOptions: {debuggerAddress: localhost:62144}, handlesAlerts: true, hasTouchScreen: true, javascriptEnabled: true, locationContextEnabled: true, mobileEmulationEnabled: true, nativeEvents: true, networkConnectionEnabled: false, pageLoadStrategy: normal, platform: XP, platformName: XP, rotatable: false, setWindowRect: true, takesHeapSnapshot: true, takesScreenshot: true, unexpectedAlertBehaviour: , unhandledPromptBehavior: , version: 78.0.3904.70, webStorageEnabled: true}
Session ID: 80130899d7642719bd8f88df5cc63055)
	at com.kms.katalon.core.keyword.internal.KeywordMain.stepFailed(KeywordMain.groovy:32)
	at com.kms.katalon.core.webui.keyword.internal.WebUIKeywordMain.stepFailed(WebUIKeywordMain.groovy:65)
	at com.kms.katalon.core.webui.keyword.internal.WebUIKeywordMain.runKeyword(WebUIKeywordMain.groovy:27)
	at com.kms.katalon.core.webui.keyword.builtin.ClickKeyword.click(ClickKeyword.groovy:86)
	at com.kms.katalon.core.webui.keyword.builtin.ClickKeyword.execute(ClickKeyword.groovy:67)
	at com.kms.katalon.core.keyword.internal.KeywordExecutor.executeKeywordForPlatform(KeywordExecutor.groovy:53)
	at com.kms.katalon.core.webui.keyword.WebUiBuiltInKeywords.click(WebUiBuiltInKeywords.groovy:616)
	at com.kms.katalon.core.webui.keyword.WebUiBuiltInKeywords$click$3.call(Unknown Source)
	at filter_stm.run(filter_stm:46)
	at com.kms.katalon.core.main.ScriptEngine.run(ScriptEngine.java:194)
	at com.kms.katalon.core.main.ScriptEngine.runScriptAsRawText(ScriptEngine.java:119)
	at com.kms.katalon.core.main.TestCaseExecutor.runScript(TestCaseExecutor.java:328)
	at com.kms.katalon.core.main.TestCaseExecutor.doExecute(TestCaseExecutor.java:319)
	at com.kms.katalon.core.main.TestCaseExecutor.processExecutionPhase(TestCaseExecutor.java:298)
	at com.kms.katalon.core.main.TestCaseExecutor.accessMainPhase(TestCaseExecutor.java:290)
	at com.kms.katalon.core.main.TestCaseExecutor.execute(TestCaseExecutor.java:224)
	at com.kms.katalon.core.main.TestCaseMain.runTestCase(TestCaseMain.java:106)
	at com.kms.katalon.core.keyword.builtin.CallTestCaseKeyword$_callTestCase_closure1.doCall(CallTestCaseKeyword.groovy:59)
	at com.kms.katalon.core.keyword.builtin.CallTestCaseKeyword$_callTestCase_closure1.call(CallTestCaseKeyword.groovy)
	at com.kms.katalon.core.keyword.internal.KeywordMain.runKeyword(KeywordMain.groovy:54)
	at com.kms.katalon.core.keyword.builtin.CallTestCaseKeyword.callTestCase(CallTestCaseKeyword.groovy:80)
	at com.kms.katalon.core.keyword.builtin.CallTestCaseKeyword.execute(CallTestCaseKeyword.groovy:44)
	at com.kms.katalon.core.keyword.internal.KeywordExecutor.executeKeywordForPlatform(KeywordExecutor.groovy:53)
	at com.kms.katalon.core.keyword.BuiltinKeywords.callTestCase(BuiltinKeywords.groovy:334)
	at Slaico.run(Slaico:26)
	at com.kms.katalon.core.main.ScriptEngine.run(ScriptEngine.java:194)
	at com.kms.katalon.core.main.ScriptEngine.runScriptAsRawText(ScriptEngine.java:119)
	at com.kms.katalon.core.main.TestCaseExecutor.runScript(TestCaseExecutor.java:328)
	at com.kms.katalon.core.main.TestCaseExecutor.doExecute(TestCaseExecutor.java:319)
	at com.kms.katalon.core.main.TestCaseExecutor.processExecutionPhase(TestCaseExecutor.java:298)
	at com.kms.katalon.core.main.TestCaseExecutor.accessMainPhase(TestCaseExecutor.java:290)
	at com.kms.katalon.core.main.TestCaseExecutor.execute(TestCaseExecutor.java:224)
	at com.kms.katalon.core.main.TestSuiteExecutor.accessTestCaseMainPhase(TestSuiteExecutor.java:129)
	at com.kms.katalon.core.main.TestSuiteExecutor.accessTestSuiteMainPhase(TestSuiteExecutor.java:112)
	at com.kms.katalon.core.main.TestSuiteExecutor.execute(TestSuiteExecutor.java:81)
	at com.kms.katalon.core.main.TestCaseMain.startTestSuite(TestCaseMain.java:149)
	at com.kms.katalon.core.main.TestCaseMain$startTestSuite$0.call(Unknown Source)
	at TempTestSuite1573563624301.run(TempTestSuite1573563624301.groovy:36)


2019-11-12 08:07:06 - [TEST_STEP][PASSED] - driver = getWebDriver(): null

2019-11-12 08:07:06 - [TEST_STEP][PASSED] - selenium = new com.thoughtworks.selenium.webdriven.WebDriverBackedSelenium(driver, internal.GlobalVariable.ENV): null

2019-11-12 08:07:07 - [TEST_STEP][PASSED] - Thread.sleep(1000): null

2019-11-12 08:07:08 - [TEST_STEP][PASSED] - click(findTestObject("mobileSanity/STM/STM Quote Page/button_filters")): Object: 'Object Repository/mobileSanity/STM/STM Quote Page/button_filters' is clicked on

2019-11-12 08:07:08 - [MESSAGE][PASSED] - Object: 'Object Repository/mobileSanity/STM/STM Quote Page/button_filters' is clicked on

2019-11-12 08:07:08 - [TEST_STEP][PASSED] - Thread.sleep(1000): null

2019-11-12 08:07:09 - [TEST_STEP][PASSED] - click(findTestObject("mobileSanity/STM/STM Quote Page/i_Insurance company")): Object: 'Object Repository/mobileSanity/STM/STM Quote Page/i_Insurance company' is clicked on

2019-11-12 08:07:09 - [MESSAGE][PASSED] - Object: 'Object Repository/mobileSanity/STM/STM Quote Page/i_Insurance company' is clicked on

2019-11-12 08:07:09 - [TEST_STEP][PASSED] - Thread.sleep(1000): null

2019-11-12 08:07:10 - [TEST_STEP][PASSED] - filter_carrier = "//input[@name='filter[carrier]' and @value='" + carrier + "']/following::label": null

2019-11-12 08:07:10 - [TEST_STEP][PASSED] - println(filter_carrier): null

2019-11-12 08:07:10 - [TEST_STEP][PASSED] - test.MobileKeywords.clickJS_ByXpath(filter_carrier): test.MobileKeywords.clickJS_ByXpath is PASSED

2019-11-12 08:07:10 - [MESSAGE][PASSED] - Execute JavaScript 'arguments[0].click()' successfully

2019-11-12 08:07:10 - [MESSAGE][PASSED] - test.MobileKeywords.clickJS_ByXpath is PASSED

2019-11-12 08:07:10 - [TEST_STEP][PASSED] - Thread.sleep(1000): null

2019-11-12 08:07:11 - [TEST_STEP][PASSED] - scrollToElement(findTestObject("mobileSanity/STM/STM Quote Page/a_Show Plans"), 1000): Scroll to object 'Object Repository/mobileSanity/STM/STM Quote Page/a_Show Plans' successfully

2019-11-12 08:07:11 - [MESSAGE][PASSED] - Scroll to object 'Object Repository/mobileSanity/STM/STM Quote Page/a_Show Plans' successfully

2019-11-12 08:07:11 - [TEST_STEP][FAILED] - click(findTestObject("mobileSanity/STM/STM Quote Page/a_Show Plans")): Unable to click on object 'Object Repository/mobileSanity/STM/STM Quote Page/a_Show Plans' (Root cause: org.openqa.selenium.WebDriverException: unknown error: Element <a href="#" class="js-show-plans c-filter-modal-v3__show-plans" type="button">...</a> is not clickable at point (187, 629). Other element would receive the click: <iframe src="https://secure.livechatinc.com/licence/11465608/v2/open_chat.cgi?license=11465608&amp;group=0&amp;embedded=1&amp;widget_version=3&amp;unique_groups=0" allowtransparency="true" allow="autoplay" id="chat-widget" name="chat-widget" scrolling="no" role="application" aria-label="LiveChat chat widget" style="width: 100%; height: 100%; min-height: 0px; min-width: 0px; margin: 0px; padding: 0px; background-image: none; background-position: 0% 0%; background-size: initial; background-attachment: scroll; background-origin: initial; background-clip: initial; background-color: rgba(0, 0, 0, 0); border-width: 0px; float: none; position: absolute; top: 0px; left: 0px; bottom: 0px; right: 0px; transition: none 0s ease 0s !important;"></iframe>
  (Session info: chrome=78.0.3904.70)
  (Driver info: chromedriver=2.43.600210 (68dcf5eebde37173d4027fa8635e332711d2874a),platform=Windows NT 6.3.9600 x86_64) (WARNING: The server did not provide any stacktrace information)
Command duration or timeout: 0 milliseconds
Build info: version: '3.7.1', revision: '8a0099a', time: '2017-11-06T21:07:36.161Z'
System info: host: 'WIN-U215233FMVE', ip: '172.30.0.53', os.name: 'Windows Server 2012 R2', os.arch: 'amd64', os.version: '6.3', java.version: '1.8.0_181'
Driver info: com.kms.katalon.selenium.driver.CChromeDriver
Capabilities {acceptInsecureCerts: false, acceptSslCerts: false, applicationCacheEnabled: false, browserConnectionEnabled: false, browserName: chrome, chrome: {chromedriverVersion: 2.43.600210 (68dcf5eebde371..., userDataDir: C:\Users\ADMINI~1\AppData\L...}, cssSelectorsEnabled: true, databaseEnabled: false, goog:chromeOptions: {debuggerAddress: localhost:62144}, handlesAlerts: true, hasTouchScreen: true, javascriptEnabled: true, locationContextEnabled: true, mobileEmulationEnabled: true, nativeEvents: true, networkConnectionEnabled: false, pageLoadStrategy: normal, platform: XP, platformName: XP, rotatable: false, setWindowRect: true, takesHeapSnapshot: true, takesScreenshot: true, unexpectedAlertBehaviour: , unhandledPromptBehavior: , version: 78.0.3904.70, webStorageEnabled: true}
Session ID: 80130899d7642719bd8f88df5cc63055)

2019-11-12 08:07:12 - [MESSAGE][FAILED] - Unable to click on object 'Object Repository/mobileSanity/STM/STM Quote Page/a_Show Plans' (Root cause: org.openqa.selenium.WebDriverException: unknown error: Element <a href="#" class="js-show-plans c-filter-modal-v3__show-plans" type="button">...</a> is not clickable at point (187, 629). Other element would receive the click: <iframe src="https://secure.livechatinc.com/licence/11465608/v2/open_chat.cgi?license=11465608&amp;group=0&amp;embedded=1&amp;widget_version=3&amp;unique_groups=0" allowtransparency="true" allow="autoplay" id="chat-widget" name="chat-widget" scrolling="no" role="application" aria-label="LiveChat chat widget" style="width: 100%; height: 100%; min-height: 0px; min-width: 0px; margin: 0px; padding: 0px; background-image: none; background-position: 0% 0%; background-size: initial; background-attachment: scroll; background-origin: initial; background-clip: initial; background-color: rgba(0, 0, 0, 0); border-width: 0px; float: none; position: absolute; top: 0px; left: 0px; bottom: 0px; right: 0px; transition: none 0s ease 0s !important;"></iframe>
  (Session info: chrome=78.0.3904.70)
  (Driver info: chromedriver=2.43.600210 (68dcf5eebde37173d4027fa8635e332711d2874a),platform=Windows NT 6.3.9600 x86_64) (WARNING: The server did not provide any stacktrace information)
Command duration or timeout: 0 milliseconds
Build info: version: '3.7.1', revision: '8a0099a', time: '2017-11-06T21:07:36.161Z'
System info: host: 'WIN-U215233FMVE', ip: '172.30.0.53', os.name: 'Windows Server 2012 R2', os.arch: 'amd64', os.version: '6.3', java.version: '1.8.0_181'
Driver info: com.kms.katalon.selenium.driver.CChromeDriver
Capabilities {acceptInsecureCerts: false, acceptSslCerts: false, applicationCacheEnabled: false, browserConnectionEnabled: false, browserName: chrome, chrome: {chromedriverVersion: 2.43.600210 (68dcf5eebde371..., userDataDir: C:\Users\ADMINI~1\AppData\L...}, cssSelectorsEnabled: true, databaseEnabled: false, goog:chromeOptions: {debuggerAddress: localhost:62144}, handlesAlerts: true, hasTouchScreen: true, javascriptEnabled: true, locationContextEnabled: true, mobileEmulationEnabled: true, nativeEvents: true, networkConnectionEnabled: false, pageLoadStrategy: normal, platform: XP, platformName: XP, rotatable: false, setWindowRect: true, takesHeapSnapshot: true, takesScreenshot: true, unexpectedAlertBehaviour: , unhandledPromptBehavior: , version: 78.0.3904.70, webStorageEnabled: true}
Session ID: 80130899d7642719bd8f88df5cc63055)
[[ATTACHMENT|D:\\Test\\AgileTest\\Reports\\mobileWeb\\stm\\20191112_080024\\1573564031770.png]]

2019-11-12 08:07:12 - [TEST_STEP][PASSED] - waitForJQueryLoad(20, STOP_ON_FAILURE): jQuery is ready.

2019-11-12 08:07:12 - [MESSAGE][PASSED] - jQuery is ready.

2019-11-12 08:07:12 - [TEST_STEP][PASSED] - Thread.sleep(2000): null

2019-11-12 08:07:14 - [TEST_STEP][FAILED] - callTestCase(findTestCase("mobileWeb/_include/get_screenshot"), [:], STOP_ON_FAILURE): callTestCase(findTestCase("mobileWeb/_include/get_screenshot"), [:], STOP_ON_FAILURE) FAILED.
Reason:
com.kms.katalon.core.exception.StepFailedException: Unable to click on object 'Object Repository/mobileSanity/STM/STM Quote Page/a_Show Plans' (Root cause: org.openqa.selenium.WebDriverException: unknown error: Element <a href="#" class="js-show-plans c-filter-modal-v3__show-plans" type="button">...</a> is not clickable at point (187, 629). Other element would receive the click: <iframe src="https://secure.livechatinc.com/licence/11465608/v2/open_chat.cgi?license=11465608&amp;group=0&amp;embedded=1&amp;widget_version=3&amp;unique_groups=0" allowtransparency="true" allow="autoplay" id="chat-widget" name="chat-widget" scrolling="no" role="application" aria-label="LiveChat chat widget" style="width: 100%; height: 100%; min-height: 0px; min-width: 0px; margin: 0px; padding: 0px; background-image: none; background-position: 0% 0%; background-size: initial; background-attachment: scroll; background-origin: initial; background-clip: initial; background-color: rgba(0, 0, 0, 0); border-width: 0px; float: none; position: absolute; top: 0px; left: 0px; bottom: 0px; right: 0px; transition: none 0s ease 0s !important;"></iframe>
  (Session info: chrome=78.0.3904.70)
  (Driver info: chromedriver=2.43.600210 (68dcf5eebde37173d4027fa8635e332711d2874a),platform=Windows NT 6.3.9600 x86_64) (WARNING: The server did not provide any stacktrace information)
Command duration or timeout: 0 milliseconds
Build info: version: '3.7.1', revision: '8a0099a', time: '2017-11-06T21:07:36.161Z'
System info: host: 'WIN-U215233FMVE', ip: '172.30.0.53', os.name: 'Windows Server 2012 R2', os.arch: 'amd64', os.version: '6.3', java.version: '1.8.0_181'
Driver info: com.kms.katalon.selenium.driver.CChromeDriver
Capabilities {acceptInsecureCerts: false, acceptSslCerts: false, applicationCacheEnabled: false, browserConnectionEnabled: false, browserName: chrome, chrome: {chromedriverVersion: 2.43.600210 (68dcf5eebde371..., userDataDir: C:\Users\ADMINI~1\AppData\L...}, cssSelectorsEnabled: true, databaseEnabled: false, goog:chromeOptions: {debuggerAddress: localhost:62144}, handlesAlerts: true, hasTouchScreen: true, javascriptEnabled: true, locationContextEnabled: true, mobileEmulationEnabled: true, nativeEvents: true, networkConnectionEnabled: false, pageLoadStrategy: normal, platform: XP, platformName: XP, rotatable: false, setWindowRect: true, takesHeapSnapshot: true, takesScreenshot: true, unexpectedAlertBehaviour: , unhandledPromptBehavior: , version: 78.0.3904.70, webStorageEnabled: true}
Session ID: 80130899d7642719bd8f88df5cc63055)
	at com.kms.katalon.core.keyword.internal.KeywordMain.stepFailed(KeywordMain.groovy:32)
	at com.kms.katalon.core.webui.keyword.internal.WebUIKeywordMain.stepFailed(WebUIKeywordMain.groovy:65)
	at com.kms.katalon.core.webui.keyword.internal.WebUIKeywordMain.runKeyword(WebUIKeywordMain.groovy:27)
	at com.kms.katalon.core.webui.keyword.builtin.ClickKeyword.click(ClickKeyword.groovy:86)
	at com.kms.katalon.core.webui.keyword.builtin.ClickKeyword.execute(ClickKeyword.groovy:67)
	at com.kms.katalon.core.keyword.internal.KeywordExecutor.executeKeywordForPlatform(KeywordExecutor.groovy:53)
	at com.kms.katalon.core.webui.keyword.WebUiBuiltInKeywords.click(WebUiBuiltInKeywords.groovy:616)
	at com.kms.katalon.core.webui.keyword.WebUiBuiltInKeywords$click$3.call(Unknown Source)
	at filter_stm.run(filter_stm:46)
	at com.kms.katalon.core.main.ScriptEngine.run(ScriptEngine.java:194)
	at com.kms.katalon.core.main.ScriptEngine.runScriptAsRawText(ScriptEngine.java:119)
	at com.kms.katalon.core.main.TestCaseExecutor.runScript(TestCaseExecutor.java:328)
	at com.kms.katalon.core.main.TestCaseExecutor.doExecute(TestCaseExecutor.java:319)
	at com.kms.katalon.core.main.TestCaseExecutor.processExecutionPhase(TestCaseExecutor.java:298)
	at com.kms.katalon.core.main.TestCaseExecutor.accessMainPhase(TestCaseExecutor.java:290)
	at com.kms.katalon.core.main.TestCaseExecutor.execute(TestCaseExecutor.java:224)
	at com.kms.katalon.core.main.TestCaseMain.runTestCase(TestCaseMain.java:106)
	at com.kms.katalon.core.keyword.builtin.CallTestCaseKeyword$_callTestCase_closure1.doCall(CallTestCaseKeyword.groovy:59)
	at com.kms.katalon.core.keyword.builtin.CallTestCaseKeyword$_callTestCase_closure1.call(CallTestCaseKeyword.groovy)
	at com.kms.katalon.core.keyword.internal.KeywordMain.runKeyword(KeywordMain.groovy:54)
	at com.kms.katalon.core.keyword.builtin.CallTestCaseKeyword.callTestCase(CallTestCaseKeyword.groovy:80)
	at com.kms.katalon.core.keyword.builtin.CallTestCaseKeyword.execute(CallTestCaseKeyword.groovy:44)
	at com.kms.katalon.core.keyword.internal.KeywordExecutor.executeKeywordForPlatform(KeywordExecutor.groovy:53)
	at com.kms.katalon.core.keyword.BuiltinKeywords.callTestCase(BuiltinKeywords.groovy:334)
	at Slaico.run(Slaico:26)
	at com.kms.katalon.core.main.ScriptEngine.run(ScriptEngine.java:194)
	at com.kms.katalon.core.main.ScriptEngine.runScriptAsRawText(ScriptEngine.java:119)
	at com.kms.katalon.core.main.TestCaseExecutor.runScript(TestCaseExecutor.java:328)
	at com.kms.katalon.core.main.TestCaseExecutor.doExecute(TestCaseExecutor.java:319)
	at com.kms.katalon.core.main.TestCaseExecutor.processExecutionPhase(TestCaseExecutor.java:298)
	at com.kms.katalon.core.main.TestCaseExecutor.accessMainPhase(TestCaseExecutor.java:290)
	at com.kms.katalon.core.main.TestCaseExecutor.execute(TestCaseExecutor.java:224)
	at com.kms.katalon.core.main.TestSuiteExecutor.accessTestCaseMainPhase(TestSuiteExecutor.java:129)
	at com.kms.katalon.core.main.TestSuiteExecutor.accessTestSuiteMainPhase(TestSuiteExecutor.java:112)
	at com.kms.katalon.core.main.TestSuiteExecutor.execute(TestSuiteExecutor.java:81)
	at com.kms.katalon.core.main.TestCaseMain.startTestSuite(TestCaseMain.java:149)
	at com.kms.katalon.core.main.TestCaseMain$startTestSuite$0.call(Unknown Source)
	at TempTestSuite1573563624301.run(TempTestSuite1573563624301.groovy:36)


2019-11-12 08:07:14 - [TEST_CASE][PASSED] - Test Cases/mobileWeb/_include/get_screenshot: Test Cases/mobileWeb/_include/get_screenshot

2019-11-12 08:07:14 - [TEST_STEP][PASSED] - takeScreenshot(screenPath + i + ".png"): Taking screenshot successfully

2019-11-12 08:07:14 - [MESSAGE][PASSED] - Taking screenshot successfully
[[ATTACHMENT|D:\\Test\\AgileTest\\Reports\\mobileWeb\\stm\\20191112_080024\\../Screenshots/iPhone 6/stm/Salico/20191112_080650/3.png]]

2019-11-12 08:07:14 - [TEST_STEP][PASSED] - (internal.GlobalVariable.i++): null

2019-11-12 08:07:14 - [MESSAGE][PASSED] - Call Test Case 'Test Cases/mobileWeb/_include/get_screenshot' successfully

2019-11-12 08:07:14 - [MESSAGE][FAILED] - callTestCase(findTestCase("mobileWeb/_include/get_screenshot"), [:], STOP_ON_FAILURE) FAILED.
Reason:
com.kms.katalon.core.exception.StepFailedException: Unable to click on object 'Object Repository/mobileSanity/STM/STM Quote Page/a_Show Plans' (Root cause: org.openqa.selenium.WebDriverException: unknown error: Element <a href="#" class="js-show-plans c-filter-modal-v3__show-plans" type="button">...</a> is not clickable at point (187, 629). Other element would receive the click: <iframe src="https://secure.livechatinc.com/licence/11465608/v2/open_chat.cgi?license=11465608&amp;group=0&amp;embedded=1&amp;widget_version=3&amp;unique_groups=0" allowtransparency="true" allow="autoplay" id="chat-widget" name="chat-widget" scrolling="no" role="application" aria-label="LiveChat chat widget" style="width: 100%; height: 100%; min-height: 0px; min-width: 0px; margin: 0px; padding: 0px; background-image: none; background-position: 0% 0%; background-size: initial; background-attachment: scroll; background-origin: initial; background-clip: initial; background-color: rgba(0, 0, 0, 0); border-width: 0px; float: none; position: absolute; top: 0px; left: 0px; bottom: 0px; right: 0px; transition: none 0s ease 0s !important;"></iframe>
  (Session info: chrome=78.0.3904.70)
  (Driver info: chromedriver=2.43.600210 (68dcf5eebde37173d4027fa8635e332711d2874a),platform=Windows NT 6.3.9600 x86_64) (WARNING: The server did not provide any stacktrace information)
Command duration or timeout: 0 milliseconds
Build info: version: '3.7.1', revision: '8a0099a', time: '2017-11-06T21:07:36.161Z'
System info: host: 'WIN-U215233FMVE', ip: '172.30.0.53', os.name: 'Windows Server 2012 R2', os.arch: 'amd64', os.version: '6.3', java.version: '1.8.0_181'
Driver info: com.kms.katalon.selenium.driver.CChromeDriver
Capabilities {acceptInsecureCerts: false, acceptSslCerts: false, applicationCacheEnabled: false, browserConnectionEnabled: false, browserName: chrome, chrome: {chromedriverVersion: 2.43.600210 (68dcf5eebde371..., userDataDir: C:\Users\ADMINI~1\AppData\L...}, cssSelectorsEnabled: true, databaseEnabled: false, goog:chromeOptions: {debuggerAddress: localhost:62144}, handlesAlerts: true, hasTouchScreen: true, javascriptEnabled: true, locationContextEnabled: true, mobileEmulationEnabled: true, nativeEvents: true, networkConnectionEnabled: false, pageLoadStrategy: normal, platform: XP, platformName: XP, rotatable: false, setWindowRect: true, takesHeapSnapshot: true, takesScreenshot: true, unexpectedAlertBehaviour: , unhandledPromptBehavior: , version: 78.0.3904.70, webStorageEnabled: true}
Session ID: 80130899d7642719bd8f88df5cc63055)
	at com.kms.katalon.core.keyword.internal.KeywordMain.stepFailed(KeywordMain.groovy:32)
	at com.kms.katalon.core.webui.keyword.internal.WebUIKeywordMain.stepFailed(WebUIKeywordMain.groovy:65)
	at com.kms.katalon.core.webui.keyword.internal.WebUIKeywordMain.runKeyword(WebUIKeywordMain.groovy:27)
	at com.kms.katalon.core.webui.keyword.builtin.ClickKeyword.click(ClickKeyword.groovy:86)
	at com.kms.katalon.core.webui.keyword.builtin.ClickKeyword.execute(ClickKeyword.groovy:67)
	at com.kms.katalon.core.keyword.internal.KeywordExecutor.executeKeywordForPlatform(KeywordExecutor.groovy:53)
	at com.kms.katalon.core.webui.keyword.WebUiBuiltInKeywords.click(WebUiBuiltInKeywords.groovy:616)
	at com.kms.katalon.core.webui.keyword.WebUiBuiltInKeywords$click$3.call(Unknown Source)
	at filter_stm.run(filter_stm:46)
	at com.kms.katalon.core.main.ScriptEngine.run(ScriptEngine.java:194)
	at com.kms.katalon.core.main.ScriptEngine.runScriptAsRawText(ScriptEngine.java:119)
	at com.kms.katalon.core.main.TestCaseExecutor.runScript(TestCaseExecutor.java:328)
	at com.kms.katalon.core.main.TestCaseExecutor.doExecute(TestCaseExecutor.java:319)
	at com.kms.katalon.core.main.TestCaseExecutor.processExecutionPhase(TestCaseExecutor.java:298)
	at com.kms.katalon.core.main.TestCaseExecutor.accessMainPhase(TestCaseExecutor.java:290)
	at com.kms.katalon.core.main.TestCaseExecutor.execute(TestCaseExecutor.java:224)
	at com.kms.katalon.core.main.TestCaseMain.runTestCase(TestCaseMain.java:106)
	at com.kms.katalon.core.keyword.builtin.CallTestCaseKeyword$_callTestCase_closure1.doCall(CallTestCaseKeyword.groovy:59)
	at com.kms.katalon.core.keyword.builtin.CallTestCaseKeyword$_callTestCase_closure1.call(CallTestCaseKeyword.groovy)
	at com.kms.katalon.core.keyword.internal.KeywordMain.runKeyword(KeywordMain.groovy:54)
	at com.kms.katalon.core.keyword.builtin.CallTestCaseKeyword.callTestCase(CallTestCaseKeyword.groovy:80)
	at com.kms.katalon.core.keyword.builtin.CallTestCaseKeyword.execute(CallTestCaseKeyword.groovy:44)
	at com.kms.katalon.core.keyword.internal.KeywordExecutor.executeKeywordForPlatform(KeywordExecutor.groovy:53)
	at com.kms.katalon.core.keyword.BuiltinKeywords.callTestCase(BuiltinKeywords.groovy:334)
	at Slaico.run(Slaico:26)
	at com.kms.katalon.core.main.ScriptEngine.run(ScriptEngine.java:194)
	at com.kms.katalon.core.main.ScriptEngine.runScriptAsRawText(ScriptEngine.java:119)
	at com.kms.katalon.core.main.TestCaseExecutor.runScript(TestCaseExecutor.java:328)
	at com.kms.katalon.core.main.TestCaseExecutor.doExecute(TestCaseExecutor.java:319)
	at com.kms.katalon.core.main.TestCaseExecutor.processExecutionPhase(TestCaseExecutor.java:298)
	at com.kms.katalon.core.main.TestCaseExecutor.accessMainPhase(TestCaseExecutor.java:290)
	at com.kms.katalon.core.main.TestCaseExecutor.execute(TestCaseExecutor.java:224)
	at com.kms.katalon.core.main.TestSuiteExecutor.accessTestCaseMainPhase(TestSuiteExecutor.java:129)
	at com.kms.katalon.core.main.TestSuiteExecutor.accessTestSuiteMainPhase(TestSuiteExecutor.java:112)
	at com.kms.katalon.core.main.TestSuiteExecutor.execute(TestSuiteExecutor.java:81)
	at com.kms.katalon.core.main.TestCaseMain.startTestSuite(TestCaseMain.java:149)
	at com.kms.katalon.core.main.TestCaseMain$startTestSuite$0.call(Unknown Source)
	at TempTestSuite1573563624301.run(TempTestSuite1573563624301.groovy:36)


2019-11-12 08:07:14 - [MESSAGE][FAILED] - Unable to call Test Case 'Test Cases/mobileWeb/_include/filter_stm' (Root cause: com.kms.katalon.core.exception.StepFailedException: Call Test Case 'Test Cases/mobileWeb/_include/filter_stm' failed)

2019-11-12 08:07:14 - [MESSAGE][FAILED] - callTestCase(findTestCase("mobileWeb/_include/filter_stm"), ["carrier":"slaico"], STOP_ON_FAILURE) FAILED.
Reason:
com.kms.katalon.core.exception.StepFailedException: Unable to click on object 'Object Repository/mobileSanity/STM/STM Quote Page/a_Show Plans' (Root cause: org.openqa.selenium.WebDriverException: unknown error: Element <a href="#" class="js-show-plans c-filter-modal-v3__show-plans" type="button">...</a> is not clickable at point (187, 629). Other element would receive the click: <iframe src="https://secure.livechatinc.com/licence/11465608/v2/open_chat.cgi?license=11465608&amp;group=0&amp;embedded=1&amp;widget_version=3&amp;unique_groups=0" allowtransparency="true" allow="autoplay" id="chat-widget" name="chat-widget" scrolling="no" role="application" aria-label="LiveChat chat widget" style="width: 100%; height: 100%; min-height: 0px; min-width: 0px; margin: 0px; padding: 0px; background-image: none; background-position: 0% 0%; background-size: initial; background-attachment: scroll; background-origin: initial; background-clip: initial; background-color: rgba(0, 0, 0, 0); border-width: 0px; float: none; position: absolute; top: 0px; left: 0px; bottom: 0px; right: 0px; transition: none 0s ease 0s !important;"></iframe>
  (Session info: chrome=78.0.3904.70)
  (Driver info: chromedriver=2.43.600210 (68dcf5eebde37173d4027fa8635e332711d2874a),platform=Windows NT 6.3.9600 x86_64) (WARNING: The server did not provide any stacktrace information)
Command duration or timeout: 0 milliseconds
Build info: version: '3.7.1', revision: '8a0099a', time: '2017-11-06T21:07:36.161Z'
System info: host: 'WIN-U215233FMVE', ip: '172.30.0.53', os.name: 'Windows Server 2012 R2', os.arch: 'amd64', os.version: '6.3', java.version: '1.8.0_181'
Driver info: com.kms.katalon.selenium.driver.CChromeDriver
Capabilities {acceptInsecureCerts: false, acceptSslCerts: false, applicationCacheEnabled: false, browserConnectionEnabled: false, browserName: chrome, chrome: {chromedriverVersion: 2.43.600210 (68dcf5eebde371..., userDataDir: C:\Users\ADMINI~1\AppData\L...}, cssSelectorsEnabled: true, databaseEnabled: false, goog:chromeOptions: {debuggerAddress: localhost:62144}, handlesAlerts: true, hasTouchScreen: true, javascriptEnabled: true, locationContextEnabled: true, mobileEmulationEnabled: true, nativeEvents: true, networkConnectionEnabled: false, pageLoadStrategy: normal, platform: XP, platformName: XP, rotatable: false, setWindowRect: true, takesHeapSnapshot: true, takesScreenshot: true, unexpectedAlertBehaviour: , unhandledPromptBehavior: , version: 78.0.3904.70, webStorageEnabled: true}
Session ID: 80130899d7642719bd8f88df5cc63055)
	at com.kms.katalon.core.keyword.internal.KeywordMain.stepFailed(KeywordMain.groovy:32)
	at com.kms.katalon.core.webui.keyword.internal.WebUIKeywordMain.stepFailed(WebUIKeywordMain.groovy:65)
	at com.kms.katalon.core.webui.keyword.internal.WebUIKeywordMain.runKeyword(WebUIKeywordMain.groovy:27)
	at com.kms.katalon.core.webui.keyword.builtin.ClickKeyword.click(ClickKeyword.groovy:86)
	at com.kms.katalon.core.webui.keyword.builtin.ClickKeyword.execute(ClickKeyword.groovy:67)
	at com.kms.katalon.core.keyword.internal.KeywordExecutor.executeKeywordForPlatform(KeywordExecutor.groovy:53)
	at com.kms.katalon.core.webui.keyword.WebUiBuiltInKeywords.click(WebUiBuiltInKeywords.groovy:616)
	at com.kms.katalon.core.webui.keyword.WebUiBuiltInKeywords$click$3.call(Unknown Source)
	at filter_stm.run(filter_stm:46)
	at com.kms.katalon.core.main.ScriptEngine.run(ScriptEngine.java:194)
	at com.kms.katalon.core.main.ScriptEngine.runScriptAsRawText(ScriptEngine.java:119)
	at com.kms.katalon.core.main.TestCaseExecutor.runScript(TestCaseExecutor.java:328)
	at com.kms.katalon.core.main.TestCaseExecutor.doExecute(TestCaseExecutor.java:319)
	at com.kms.katalon.core.main.TestCaseExecutor.processExecutionPhase(TestCaseExecutor.java:298)
	at com.kms.katalon.core.main.TestCaseExecutor.accessMainPhase(TestCaseExecutor.java:290)
	at com.kms.katalon.core.main.TestCaseExecutor.execute(TestCaseExecutor.java:224)
	at com.kms.katalon.core.main.TestCaseMain.runTestCase(TestCaseMain.java:106)
	at com.kms.katalon.core.keyword.builtin.CallTestCaseKeyword$_callTestCase_closure1.doCall(CallTestCaseKeyword.groovy:59)
	at com.kms.katalon.core.keyword.builtin.CallTestCaseKeyword$_callTestCase_closure1.call(CallTestCaseKeyword.groovy)
	at com.kms.katalon.core.keyword.internal.KeywordMain.runKeyword(KeywordMain.groovy:54)
	at com.kms.katalon.core.keyword.builtin.CallTestCaseKeyword.callTestCase(CallTestCaseKeyword.groovy:80)
	at com.kms.katalon.core.keyword.builtin.CallTestCaseKeyword.execute(CallTestCaseKeyword.groovy:44)
	at com.kms.katalon.core.keyword.internal.KeywordExecutor.executeKeywordForPlatform(KeywordExecutor.groovy:53)
	at com.kms.katalon.core.keyword.BuiltinKeywords.callTestCase(BuiltinKeywords.groovy:334)
	at Slaico.run(Slaico:26)
	at com.kms.katalon.core.main.ScriptEngine.run(ScriptEngine.java:194)
	at com.kms.katalon.core.main.ScriptEngine.runScriptAsRawText(ScriptEngine.java:119)
	at com.kms.katalon.core.main.TestCaseExecutor.runScript(TestCaseExecutor.java:328)
	at com.kms.katalon.core.main.TestCaseExecutor.doExecute(TestCaseExecutor.java:319)
	at com.kms.katalon.core.main.TestCaseExecutor.processExecutionPhase(TestCaseExecutor.java:298)
	at com.kms.katalon.core.main.TestCaseExecutor.accessMainPhase(TestCaseExecutor.java:290)
	at com.kms.katalon.core.main.TestCaseExecutor.execute(TestCaseExecutor.java:224)
	at com.kms.katalon.core.main.TestSuiteExecutor.accessTestCaseMainPhase(TestSuiteExecutor.java:129)
	at com.kms.katalon.core.main.TestSuiteExecutor.accessTestSuiteMainPhase(TestSuiteExecutor.java:112)
	at com.kms.katalon.core.main.TestSuiteExecutor.execute(TestSuiteExecutor.java:81)
	at com.kms.katalon.core.main.TestCaseMain.startTestSuite(TestCaseMain.java:149)
	at com.kms.katalon.core.main.TestCaseMain$startTestSuite$0.call(Unknown Source)
	at TempTestSuite1573563624301.run(TempTestSuite1573563624301.groovy:36)]]></system-out>
         <system-err><![CDATA[2019-11-12 08:06:49 - [TEST_CASE][FAILED] - Test Cases/mobileWeb/stm/Slaico: Test Cases/mobileWeb/stm/Slaico FAILED.
Reason:
com.kms.katalon.core.exception.StepFailedException: Unable to click on object 'Object Repository/mobileSanity/STM/STM Quote Page/a_Show Plans' (Root cause: org.openqa.selenium.WebDriverException: unknown error: Element <a href="#" class="js-show-plans c-filter-modal-v3__show-plans" type="button">...</a> is not clickable at point (187, 629). Other element would receive the click: <iframe src="https://secure.livechatinc.com/licence/11465608/v2/open_chat.cgi?license=11465608&amp;group=0&amp;embedded=1&amp;widget_version=3&amp;unique_groups=0" allowtransparency="true" allow="autoplay" id="chat-widget" name="chat-widget" scrolling="no" role="application" aria-label="LiveChat chat widget" style="width: 100%; height: 100%; min-height: 0px; min-width: 0px; margin: 0px; padding: 0px; background-image: none; background-position: 0% 0%; background-size: initial; background-attachment: scroll; background-origin: initial; background-clip: initial; background-color: rgba(0, 0, 0, 0); border-width: 0px; float: none; position: absolute; top: 0px; left: 0px; bottom: 0px; right: 0px; transition: none 0s ease 0s !important;"></iframe>
  (Session info: chrome=78.0.3904.70)
  (Driver info: chromedriver=2.43.600210 (68dcf5eebde37173d4027fa8635e332711d2874a),platform=Windows NT 6.3.9600 x86_64) (WARNING: The server did not provide any stacktrace information)
Command duration or timeout: 0 milliseconds
Build info: version: '3.7.1', revision: '8a0099a', time: '2017-11-06T21:07:36.161Z'
System info: host: 'WIN-U215233FMVE', ip: '172.30.0.53', os.name: 'Windows Server 2012 R2', os.arch: 'amd64', os.version: '6.3', java.version: '1.8.0_181'
Driver info: com.kms.katalon.selenium.driver.CChromeDriver
Capabilities {acceptInsecureCerts: false, acceptSslCerts: false, applicationCacheEnabled: false, browserConnectionEnabled: false, browserName: chrome, chrome: {chromedriverVersion: 2.43.600210 (68dcf5eebde371..., userDataDir: C:\Users\ADMINI~1\AppData\L...}, cssSelectorsEnabled: true, databaseEnabled: false, goog:chromeOptions: {debuggerAddress: localhost:62144}, handlesAlerts: true, hasTouchScreen: true, javascriptEnabled: true, locationContextEnabled: true, mobileEmulationEnabled: true, nativeEvents: true, networkConnectionEnabled: false, pageLoadStrategy: normal, platform: XP, platformName: XP, rotatable: false, setWindowRect: true, takesHeapSnapshot: true, takesScreenshot: true, unexpectedAlertBehaviour: , unhandledPromptBehavior: , version: 78.0.3904.70, webStorageEnabled: true}
Session ID: 80130899d7642719bd8f88df5cc63055)
	at com.kms.katalon.core.keyword.internal.KeywordMain.stepFailed(KeywordMain.groovy:32)
	at com.kms.katalon.core.webui.keyword.internal.WebUIKeywordMain.stepFailed(WebUIKeywordMain.groovy:65)
	at com.kms.katalon.core.webui.keyword.internal.WebUIKeywordMain.runKeyword(WebUIKeywordMain.groovy:27)
	at com.kms.katalon.core.webui.keyword.builtin.ClickKeyword.click(ClickKeyword.groovy:86)
	at com.kms.katalon.core.webui.keyword.builtin.ClickKeyword.execute(ClickKeyword.groovy:67)
	at com.kms.katalon.core.keyword.internal.KeywordExecutor.executeKeywordForPlatform(KeywordExecutor.groovy:53)
	at com.kms.katalon.core.webui.keyword.WebUiBuiltInKeywords.click(WebUiBuiltInKeywords.groovy:616)
	at com.kms.katalon.core.webui.keyword.WebUiBuiltInKeywords$click$3.call(Unknown Source)
	at filter_stm.run(filter_stm:46)
	at com.kms.katalon.core.main.ScriptEngine.run(ScriptEngine.java:194)
	at com.kms.katalon.core.main.ScriptEngine.runScriptAsRawText(ScriptEngine.java:119)
	at com.kms.katalon.core.main.TestCaseExecutor.runScript(TestCaseExecutor.java:328)
	at com.kms.katalon.core.main.TestCaseExecutor.doExecute(TestCaseExecutor.java:319)
	at com.kms.katalon.core.main.TestCaseExecutor.processExecutionPhase(TestCaseExecutor.java:298)
	at com.kms.katalon.core.main.TestCaseExecutor.accessMainPhase(TestCaseExecutor.java:290)
	at com.kms.katalon.core.main.TestCaseExecutor.execute(TestCaseExecutor.java:224)
	at com.kms.katalon.core.main.TestCaseMain.runTestCase(TestCaseMain.java:106)
	at com.kms.katalon.core.keyword.builtin.CallTestCaseKeyword$_callTestCase_closure1.doCall(CallTestCaseKeyword.groovy:59)
	at com.kms.katalon.core.keyword.builtin.CallTestCaseKeyword$_callTestCase_closure1.call(CallTestCaseKeyword.groovy)
	at com.kms.katalon.core.keyword.internal.KeywordMain.runKeyword(KeywordMain.groovy:54)
	at com.kms.katalon.core.keyword.builtin.CallTestCaseKeyword.callTestCase(CallTestCaseKeyword.groovy:80)
	at com.kms.katalon.core.keyword.builtin.CallTestCaseKeyword.execute(CallTestCaseKeyword.groovy:44)
	at com.kms.katalon.core.keyword.internal.KeywordExecutor.executeKeywordForPlatform(KeywordExecutor.groovy:53)
	at com.kms.katalon.core.keyword.BuiltinKeywords.callTestCase(BuiltinKeywords.groovy:334)
	at Slaico.run(Slaico:26)
	at com.kms.katalon.core.main.ScriptEngine.run(ScriptEngine.java:194)
	at com.kms.katalon.core.main.ScriptEngine.runScriptAsRawText(ScriptEngine.java:119)
	at com.kms.katalon.core.main.TestCaseExecutor.runScript(TestCaseExecutor.java:328)
	at com.kms.katalon.core.main.TestCaseExecutor.doExecute(TestCaseExecutor.java:319)
	at com.kms.katalon.core.main.TestCaseExecutor.processExecutionPhase(TestCaseExecutor.java:298)
	at com.kms.katalon.core.main.TestCaseExecutor.accessMainPhase(TestCaseExecutor.java:290)
	at com.kms.katalon.core.main.TestCaseExecutor.execute(TestCaseExecutor.java:224)
	at com.kms.katalon.core.main.TestSuiteExecutor.accessTestCaseMainPhase(TestSuiteExecutor.java:129)
	at com.kms.katalon.core.main.TestSuiteExecutor.accessTestSuiteMainPhase(TestSuiteExecutor.java:112)
	at com.kms.katalon.core.main.TestSuiteExecutor.execute(TestSuiteExecutor.java:81)
	at com.kms.katalon.core.main.TestCaseMain.startTestSuite(TestCaseMain.java:149)
	at com.kms.katalon.core.main.TestCaseMain$startTestSuite$0.call(Unknown Source)
	at TempTestSuite1573563624301.run(TempTestSuite1573563624301.groovy:36)]]></system-err>
      </testcase>
      <testcase name="Test Cases/mobileWeb/stm/AdvantHealth" classname="Test Cases/mobileWeb/stm/AdvantHealth" status="FAILED">
         <failure type="FAILED" message="Test Cases/mobileWeb/stm/AdvantHealth FAILED.
Reason:
com.kms.katalon.core.exception.StepFailedException: Unable to click on object 'Object Repository/mobileSanity/STM/STM Quote Page/a_Show Plans' (Root cause: org.openqa.selenium.WebDriverException: unknown error: Element &lt;a href=&quot;#&quot; class=&quot;js-show-plans c-filter-modal-v3__show-plans&quot; type=&quot;button&quot;>...&lt;/a> is not clickable at point (187, 629). Other element would receive the click: &lt;iframe src=&quot;https://secure.livechatinc.com/licence/11465608/v2/open_chat.cgi?license=11465608&amp;amp;group=0&amp;amp;embedded=1&amp;amp;widget_version=3&amp;amp;unique_groups=0&quot; allowtransparency=&quot;true&quot; allow=&quot;autoplay&quot; id=&quot;chat-widget&quot; name=&quot;chat-widget&quot; scrolling=&quot;no&quot; role=&quot;application&quot; aria-label=&quot;LiveChat chat widget&quot; style=&quot;width: 100%; height: 100%; min-height: 0px; min-width: 0px; margin: 0px; padding: 0px; background-image: none; background-position: 0% 0%; background-size: initial; background-attachment: scroll; background-origin: initial; background-clip: initial; background-color: rgba(0, 0, 0, 0); border-width: 0px; float: none; position: absolute; top: 0px; left: 0px; bottom: 0px; right: 0px; transition: none 0s ease 0s !important;&quot;>&lt;/iframe>
  (Session info: chrome=78.0.3904.70)
  (Driver info: chromedriver=2.43.600210 (68dcf5eebde37173d4027fa8635e332711d2874a),platform=Windows NT 6.3.9600 x86_64) (WARNING: The server did not provide any stacktrace information)
Command duration or timeout: 0 milliseconds
Build info: version: '3.7.1', revision: '8a0099a', time: '2017-11-06T21:07:36.161Z'
System info: host: 'WIN-U215233FMVE', ip: '172.30.0.53', os.name: 'Windows Server 2012 R2', os.arch: 'amd64', os.version: '6.3', java.version: '1.8.0_181'
Driver info: com.kms.katalon.selenium.driver.CChromeDriver
Capabilities {acceptInsecureCerts: false, acceptSslCerts: false, applicationCacheEnabled: false, browserConnectionEnabled: false, browserName: chrome, chrome: {chromedriverVersion: 2.43.600210 (68dcf5eebde371..., userDataDir: C:\Users\ADMINI~1\AppData\L...}, cssSelectorsEnabled: true, databaseEnabled: false, goog:chromeOptions: {debuggerAddress: localhost:62269}, handlesAlerts: true, hasTouchScreen: true, javascriptEnabled: true, locationContextEnabled: true, mobileEmulationEnabled: true, nativeEvents: true, networkConnectionEnabled: false, pageLoadStrategy: normal, platform: XP, platformName: XP, rotatable: false, setWindowRect: true, takesHeapSnapshot: true, takesScreenshot: true, unexpectedAlertBehaviour: , unhandledPromptBehavior: , version: 78.0.3904.70, webStorageEnabled: true}
Session ID: 9a37b74db64b987f6dab96876992bf3e)
	at com.kms.katalon.core.keyword.internal.KeywordMain.stepFailed(KeywordMain.groovy:32)
	at com.kms.katalon.core.webui.keyword.internal.WebUIKeywordMain.stepFailed(WebUIKeywordMain.groovy:65)
	at com.kms.katalon.core.webui.keyword.internal.WebUIKeywordMain.runKeyword(WebUIKeywordMain.groovy:27)
	at com.kms.katalon.core.webui.keyword.builtin.ClickKeyword.click(ClickKeyword.groovy:86)
	at com.kms.katalon.core.webui.keyword.builtin.ClickKeyword.execute(ClickKeyword.groovy:67)
	at com.kms.katalon.core.keyword.internal.KeywordExecutor.executeKeywordForPlatform(KeywordExecutor.groovy:53)
	at com.kms.katalon.core.webui.keyword.WebUiBuiltInKeywords.click(WebUiBuiltInKeywords.groovy:616)
	at com.kms.katalon.core.webui.keyword.WebUiBuiltInKeywords$click$3.call(Unknown Source)
	at filter_stm.run(filter_stm:46)
	at com.kms.katalon.core.main.ScriptEngine.run(ScriptEngine.java:194)
	at com.kms.katalon.core.main.ScriptEngine.runScriptAsRawText(ScriptEngine.java:119)
	at com.kms.katalon.core.main.TestCaseExecutor.runScript(TestCaseExecutor.java:328)
	at com.kms.katalon.core.main.TestCaseExecutor.doExecute(TestCaseExecutor.java:319)
	at com.kms.katalon.core.main.TestCaseExecutor.processExecutionPhase(TestCaseExecutor.java:298)
	at com.kms.katalon.core.main.TestCaseExecutor.accessMainPhase(TestCaseExecutor.java:290)
	at com.kms.katalon.core.main.TestCaseExecutor.execute(TestCaseExecutor.java:224)
	at com.kms.katalon.core.main.TestCaseMain.runTestCase(TestCaseMain.java:106)
	at com.kms.katalon.core.keyword.builtin.CallTestCaseKeyword$_callTestCase_closure1.doCall(CallTestCaseKeyword.groovy:59)
	at com.kms.katalon.core.keyword.builtin.CallTestCaseKeyword$_callTestCase_closure1.call(CallTestCaseKeyword.groovy)
	at com.kms.katalon.core.keyword.internal.KeywordMain.runKeyword(KeywordMain.groovy:54)
	at com.kms.katalon.core.keyword.builtin.CallTestCaseKeyword.callTestCase(CallTestCaseKeyword.groovy:80)
	at com.kms.katalon.core.keyword.builtin.CallTestCaseKeyword.execute(CallTestCaseKeyword.groovy:44)
	at com.kms.katalon.core.keyword.internal.KeywordExecutor.executeKeywordForPlatform(KeywordExecutor.groovy:53)
	at com.kms.katalon.core.keyword.BuiltinKeywords.callTestCase(BuiltinKeywords.groovy:334)
	at AdvantHealth.run(AdvantHealth:29)
	at com.kms.katalon.core.main.ScriptEngine.run(ScriptEngine.java:194)
	at com.kms.katalon.core.main.ScriptEngine.runScriptAsRawText(ScriptEngine.java:119)
	at com.kms.katalon.core.main.TestCaseExecutor.runScript(TestCaseExecutor.java:328)
	at com.kms.katalon.core.main.TestCaseExecutor.doExecute(TestCaseExecutor.java:319)
	at com.kms.katalon.core.main.TestCaseExecutor.processExecutionPhase(TestCaseExecutor.java:298)
	at com.kms.katalon.core.main.TestCaseExecutor.accessMainPhase(TestCaseExecutor.java:290)
	at com.kms.katalon.core.main.TestCaseExecutor.execute(TestCaseExecutor.java:224)
	at com.kms.katalon.core.main.TestSuiteExecutor.accessTestCaseMainPhase(TestSuiteExecutor.java:129)
	at com.kms.katalon.core.main.TestSuiteExecutor.accessTestSuiteMainPhase(TestSuiteExecutor.java:112)
	at com.kms.katalon.core.main.TestSuiteExecutor.execute(TestSuiteExecutor.java:81)
	at com.kms.katalon.core.main.TestCaseMain.startTestSuite(TestCaseMain.java:149)
	at com.kms.katalon.core.main.TestCaseMain$startTestSuite$0.call(Unknown Source)
	at TempTestSuite1573563624301.run(TempTestSuite1573563624301.groovy:36)
"/>
         <system-out><![CDATA[2019-11-12 08:07:14 - [TEST_CASE][FAILED] - Test Cases/mobileWeb/stm/AdvantHealth: Test Cases/mobileWeb/stm/AdvantHealth FAILED.
Reason:
com.kms.katalon.core.exception.StepFailedException: Unable to click on object 'Object Repository/mobileSanity/STM/STM Quote Page/a_Show Plans' (Root cause: org.openqa.selenium.WebDriverException: unknown error: Element <a href="#" class="js-show-plans c-filter-modal-v3__show-plans" type="button">...</a> is not clickable at point (187, 629). Other element would receive the click: <iframe src="https://secure.livechatinc.com/licence/11465608/v2/open_chat.cgi?license=11465608&amp;group=0&amp;embedded=1&amp;widget_version=3&amp;unique_groups=0" allowtransparency="true" allow="autoplay" id="chat-widget" name="chat-widget" scrolling="no" role="application" aria-label="LiveChat chat widget" style="width: 100%; height: 100%; min-height: 0px; min-width: 0px; margin: 0px; padding: 0px; background-image: none; background-position: 0% 0%; background-size: initial; background-attachment: scroll; background-origin: initial; background-clip: initial; background-color: rgba(0, 0, 0, 0); border-width: 0px; float: none; position: absolute; top: 0px; left: 0px; bottom: 0px; right: 0px; transition: none 0s ease 0s !important;"></iframe>
  (Session info: chrome=78.0.3904.70)
  (Driver info: chromedriver=2.43.600210 (68dcf5eebde37173d4027fa8635e332711d2874a),platform=Windows NT 6.3.9600 x86_64) (WARNING: The server did not provide any stacktrace information)
Command duration or timeout: 0 milliseconds
Build info: version: '3.7.1', revision: '8a0099a', time: '2017-11-06T21:07:36.161Z'
System info: host: 'WIN-U215233FMVE', ip: '172.30.0.53', os.name: 'Windows Server 2012 R2', os.arch: 'amd64', os.version: '6.3', java.version: '1.8.0_181'
Driver info: com.kms.katalon.selenium.driver.CChromeDriver
Capabilities {acceptInsecureCerts: false, acceptSslCerts: false, applicationCacheEnabled: false, browserConnectionEnabled: false, browserName: chrome, chrome: {chromedriverVersion: 2.43.600210 (68dcf5eebde371..., userDataDir: C:\Users\ADMINI~1\AppData\L...}, cssSelectorsEnabled: true, databaseEnabled: false, goog:chromeOptions: {debuggerAddress: localhost:62269}, handlesAlerts: true, hasTouchScreen: true, javascriptEnabled: true, locationContextEnabled: true, mobileEmulationEnabled: true, nativeEvents: true, networkConnectionEnabled: false, pageLoadStrategy: normal, platform: XP, platformName: XP, rotatable: false, setWindowRect: true, takesHeapSnapshot: true, takesScreenshot: true, unexpectedAlertBehaviour: , unhandledPromptBehavior: , version: 78.0.3904.70, webStorageEnabled: true}
Session ID: 9a37b74db64b987f6dab96876992bf3e)
	at com.kms.katalon.core.keyword.internal.KeywordMain.stepFailed(KeywordMain.groovy:32)
	at com.kms.katalon.core.webui.keyword.internal.WebUIKeywordMain.stepFailed(WebUIKeywordMain.groovy:65)
	at com.kms.katalon.core.webui.keyword.internal.WebUIKeywordMain.runKeyword(WebUIKeywordMain.groovy:27)
	at com.kms.katalon.core.webui.keyword.builtin.ClickKeyword.click(ClickKeyword.groovy:86)
	at com.kms.katalon.core.webui.keyword.builtin.ClickKeyword.execute(ClickKeyword.groovy:67)
	at com.kms.katalon.core.keyword.internal.KeywordExecutor.executeKeywordForPlatform(KeywordExecutor.groovy:53)
	at com.kms.katalon.core.webui.keyword.WebUiBuiltInKeywords.click(WebUiBuiltInKeywords.groovy:616)
	at com.kms.katalon.core.webui.keyword.WebUiBuiltInKeywords$click$3.call(Unknown Source)
	at filter_stm.run(filter_stm:46)
	at com.kms.katalon.core.main.ScriptEngine.run(ScriptEngine.java:194)
	at com.kms.katalon.core.main.ScriptEngine.runScriptAsRawText(ScriptEngine.java:119)
	at com.kms.katalon.core.main.TestCaseExecutor.runScript(TestCaseExecutor.java:328)
	at com.kms.katalon.core.main.TestCaseExecutor.doExecute(TestCaseExecutor.java:319)
	at com.kms.katalon.core.main.TestCaseExecutor.processExecutionPhase(TestCaseExecutor.java:298)
	at com.kms.katalon.core.main.TestCaseExecutor.accessMainPhase(TestCaseExecutor.java:290)
	at com.kms.katalon.core.main.TestCaseExecutor.execute(TestCaseExecutor.java:224)
	at com.kms.katalon.core.main.TestCaseMain.runTestCase(TestCaseMain.java:106)
	at com.kms.katalon.core.keyword.builtin.CallTestCaseKeyword$_callTestCase_closure1.doCall(CallTestCaseKeyword.groovy:59)
	at com.kms.katalon.core.keyword.builtin.CallTestCaseKeyword$_callTestCase_closure1.call(CallTestCaseKeyword.groovy)
	at com.kms.katalon.core.keyword.internal.KeywordMain.runKeyword(KeywordMain.groovy:54)
	at com.kms.katalon.core.keyword.builtin.CallTestCaseKeyword.callTestCase(CallTestCaseKeyword.groovy:80)
	at com.kms.katalon.core.keyword.builtin.CallTestCaseKeyword.execute(CallTestCaseKeyword.groovy:44)
	at com.kms.katalon.core.keyword.internal.KeywordExecutor.executeKeywordForPlatform(KeywordExecutor.groovy:53)
	at com.kms.katalon.core.keyword.BuiltinKeywords.callTestCase(BuiltinKeywords.groovy:334)
	at AdvantHealth.run(AdvantHealth:29)
	at com.kms.katalon.core.main.ScriptEngine.run(ScriptEngine.java:194)
	at com.kms.katalon.core.main.ScriptEngine.runScriptAsRawText(ScriptEngine.java:119)
	at com.kms.katalon.core.main.TestCaseExecutor.runScript(TestCaseExecutor.java:328)
	at com.kms.katalon.core.main.TestCaseExecutor.doExecute(TestCaseExecutor.java:319)
	at com.kms.katalon.core.main.TestCaseExecutor.processExecutionPhase(TestCaseExecutor.java:298)
	at com.kms.katalon.core.main.TestCaseExecutor.accessMainPhase(TestCaseExecutor.java:290)
	at com.kms.katalon.core.main.TestCaseExecutor.execute(TestCaseExecutor.java:224)
	at com.kms.katalon.core.main.TestSuiteExecutor.accessTestCaseMainPhase(TestSuiteExecutor.java:129)
	at com.kms.katalon.core.main.TestSuiteExecutor.accessTestSuiteMainPhase(TestSuiteExecutor.java:112)
	at com.kms.katalon.core.main.TestSuiteExecutor.execute(TestSuiteExecutor.java:81)
	at com.kms.katalon.core.main.TestCaseMain.startTestSuite(TestCaseMain.java:149)
	at com.kms.katalon.core.main.TestCaseMain$startTestSuite$0.call(Unknown Source)
	at TempTestSuite1573563624301.run(TempTestSuite1573563624301.groovy:36)


2019-11-12 08:07:14 - [TEST_STEP][PASSED] - callTestCase(findTestCase("mobileWeb/_include/get_screenPath"), ["productLine":"stm", "carrierName":"AdvantHealth"], CONTINUE_ON_FAILURE): Call Test Case 'Test Cases/mobileWeb/_include/get_screenPath' successfully

2019-11-12 08:07:14 - [TEST_CASE][PASSED] - Test Cases/mobileWeb/_include/get_screenPath: Test Cases/mobileWeb/_include/get_screenPath

2019-11-12 08:07:14 - [TEST_STEP][PASSED] - m = getExecutionProperties(): null

2019-11-12 08:07:14 - [TEST_STEP][PASSED] - deviceName = get("mobileEmulation").get("deviceName"): null

2019-11-12 08:07:14 - [TEST_STEP][PASSED] - println(deviceName): null

2019-11-12 08:07:14 - [TEST_STEP][PASSED] - now = new java.util.Date(): null

2019-11-12 08:07:14 - [TEST_STEP][PASSED] - mydate = now.format("yyyyMMdd_HHmmss"): null

2019-11-12 08:07:14 - [TEST_STEP][PASSED] - screenPath = "../Screenshots/": null

2019-11-12 08:07:14 - [TEST_STEP][PASSED] - screenPath = screenPath + deviceName + "/" + productLine + "/" + carrierName + "/" + mydate + "/": null

2019-11-12 08:07:14 - [TEST_STEP][PASSED] - println(screenPath): null

2019-11-12 08:07:14 - [MESSAGE][PASSED] - Call Test Case 'Test Cases/mobileWeb/_include/get_screenPath' successfully

2019-11-12 08:07:14 - [TEST_STEP][PASSED] - i = 0: null

2019-11-12 08:07:14 - [TEST_STEP][PASSED] - callTestCase(findTestCase("mobileWeb/_include/openWebSite"), [:], CONTINUE_ON_FAILURE): Call Test Case 'Test Cases/mobileWeb/_include/openWebSite' successfully

2019-11-12 08:07:15 - [TEST_CASE][PASSED] - Test Cases/mobileWeb/_include/openWebSite: Test Cases/mobileWeb/_include/openWebSite

2019-11-12 08:07:15 - [TEST_STEP][PASSED] - openBrowser(env): Browser is opened with url: 'https://praetemptatus.agilehealthinsurance.com'

2019-11-12 08:07:15 - [MESSAGE][WARNING] - A browser is already opened. Closing browser and opening a new one

2019-11-12 08:07:15 - [MESSAGE][INFO] - Starting 'Chrome' driver

2019-11-12 08:07:15 - [MESSAGE][INFO] - User set preference: ['mobileEmulation', '{deviceName=iPhone 6}']

2019-11-12 08:07:15 - [MESSAGE][INFO] - User set preference: ['args', '[--incognito, --aggressive-cache-discard, --window-size=375,677, --no-sandbox]']

2019-11-12 08:07:17 - [MESSAGE][PASSED] - Browser is opened with url: 'https://praetemptatus.agilehealthinsurance.com'

2019-11-12 08:07:17 - [TEST_STEP][PASSED] - waitForPageLoad(20): Wait for page load successfully

2019-11-12 08:07:17 - [MESSAGE][PASSED] - Wait for page load successfully

2019-11-12 08:07:17 - [TEST_STEP][PASSED] - callTestCase(findTestCase("mobileWeb/_include/get_screenshot"), [:], STOP_ON_FAILURE): Call Test Case 'Test Cases/mobileWeb/_include/get_screenshot' successfully

2019-11-12 08:07:17 - [TEST_CASE][PASSED] - Test Cases/mobileWeb/_include/get_screenshot: Test Cases/mobileWeb/_include/get_screenshot

2019-11-12 08:07:17 - [TEST_STEP][PASSED] - takeScreenshot(screenPath + i + ".png"): Taking screenshot successfully

2019-11-12 08:07:18 - [MESSAGE][PASSED] - Taking screenshot successfully
[[ATTACHMENT|D:\\Test\\AgileTest\\Reports\\mobileWeb\\stm\\20191112_080024\\../Screenshots/iPhone 6/stm/AdvantHealth/20191112_080714/0.png]]

2019-11-12 08:07:18 - [TEST_STEP][PASSED] - (internal.GlobalVariable.i++): null

2019-11-12 08:07:18 - [MESSAGE][PASSED] - Call Test Case 'Test Cases/mobileWeb/_include/get_screenshot' successfully

2019-11-12 08:07:18 - [MESSAGE][PASSED] - Call Test Case 'Test Cases/mobileWeb/_include/openWebSite' successfully

2019-11-12 08:07:18 - [TEST_STEP][PASSED] - callTestCase(findTestCase("mobileWeb/_include/census_stm"), ["zipcode":"35215"], STOP_ON_FAILURE): Call Test Case 'Test Cases/mobileWeb/_include/census_stm' successfully

2019-11-12 08:07:18 - [TEST_CASE][PASSED] - Test Cases/mobileWeb/_include/census_stm: Test Cases/mobileWeb/_include/census_stm

2019-11-12 08:07:18 - [TEST_STEP][PASSED] - waitForElementClickable(findTestObject("mobileSanity/STM/Home Page/a_Quote  Save Today"), 10): Object 'Object Repository/mobileSanity/STM/Home Page/a_Quote  Save Today' is clickable

2019-11-12 08:07:18 - [MESSAGE][PASSED] - Object 'Object Repository/mobileSanity/STM/Home Page/a_Quote  Save Today' is clickable

2019-11-12 08:07:18 - [TEST_STEP][PASSED] - click(findTestObject("mobileSanity/STM/Home Page/a_Quote  Save Today")): Object: 'Object Repository/mobileSanity/STM/Home Page/a_Quote  Save Today' is clicked on

2019-11-12 08:07:19 - [MESSAGE][PASSED] - Object: 'Object Repository/mobileSanity/STM/Home Page/a_Quote  Save Today' is clicked on

2019-11-12 08:07:19 - [TEST_STEP][PASSED] - waitForPageLoad(10): Wait for page load successfully

2019-11-12 08:07:19 - [MESSAGE][PASSED] - Wait for page load successfully

2019-11-12 08:07:19 - [TEST_STEP][PASSED] - callTestCase(findTestCase("mobileWeb/_include/get_screenshot"), [:], STOP_ON_FAILURE): Call Test Case 'Test Cases/mobileWeb/_include/get_screenshot' successfully

2019-11-12 08:07:19 - [TEST_CASE][PASSED] - Test Cases/mobileWeb/_include/get_screenshot: Test Cases/mobileWeb/_include/get_screenshot

2019-11-12 08:07:19 - [TEST_STEP][PASSED] - takeScreenshot(screenPath + i + ".png"): Taking screenshot successfully

2019-11-12 08:07:20 - [MESSAGE][PASSED] - Taking screenshot successfully
[[ATTACHMENT|D:\\Test\\AgileTest\\Reports\\mobileWeb\\stm\\20191112_080024\\../Screenshots/iPhone 6/stm/AdvantHealth/20191112_080714/1.png]]

2019-11-12 08:07:20 - [TEST_STEP][PASSED] - (internal.GlobalVariable.i++): null

2019-11-12 08:07:20 - [MESSAGE][PASSED] - Call Test Case 'Test Cases/mobileWeb/_include/get_screenshot' successfully

2019-11-12 08:07:20 - [TEST_STEP][PASSED] - setText(findTestObject("mobileSanity/STM/STM Census Page/input_Location_zip-input"), zipcode): Text '35215' is set on object 'Object Repository/mobileSanity/STM/STM Census Page/input_Location_zip-input'

2019-11-12 08:07:20 - [MESSAGE][PASSED] - Text '35215' is set on object 'Object Repository/mobileSanity/STM/STM Census Page/input_Location_zip-input'

2019-11-12 08:07:20 - [TEST_STEP][PASSED] - Thread.sleep(500): null

2019-11-12 08:07:20 - [TEST_STEP][PASSED] - setText(findTestObject("mobileSanity/STM/STM Census Page/input_Date of Birth_dob-0"), "03031987"): Text '03031987' is set on object 'Object Repository/mobileSanity/STM/STM Census Page/input_Date of Birth_dob-0'

2019-11-12 08:07:20 - [MESSAGE][PASSED] - Text '03031987' is set on object 'Object Repository/mobileSanity/STM/STM Census Page/input_Date of Birth_dob-0'

2019-11-12 08:07:20 - [TEST_STEP][PASSED] - click(findTestObject("mobileSanity/STM/STM Census Page/label_Male")): Object: 'Object Repository/mobileSanity/STM/STM Census Page/label_Male' is clicked on

2019-11-12 08:07:21 - [MESSAGE][PASSED] - Object: 'Object Repository/mobileSanity/STM/STM Census Page/label_Male' is clicked on

2019-11-12 08:07:21 - [TEST_STEP][PASSED] - click(findTestObject("mobileSanity/STM/STM Census Page/label_Compare Plans")): Object: 'Object Repository/mobileSanity/STM/STM Census Page/label_Compare Plans' is clicked on

2019-11-12 08:07:23 - [MESSAGE][PASSED] - Object: 'Object Repository/mobileSanity/STM/STM Census Page/label_Compare Plans' is clicked on

2019-11-12 08:07:23 - [TEST_STEP][PASSED] - waitForElementVisible(findTestObject("mobileSanity/STM/STM Quote Page/button_sort"), 20): Object 'Object Repository/mobileSanity/STM/STM Quote Page/button_sort' is visible

2019-11-12 08:07:23 - [MESSAGE][PASSED] - Object 'Object Repository/mobileSanity/STM/STM Quote Page/button_sort' is visible

2019-11-12 08:07:23 - [TEST_STEP][PASSED] - Thread.sleep(3000): null

2019-11-12 08:07:26 - [TEST_STEP][PASSED] - callTestCase(findTestCase("mobileWeb/_include/get_screenshot"), [:], STOP_ON_FAILURE): Call Test Case 'Test Cases/mobileWeb/_include/get_screenshot' successfully

2019-11-12 08:07:26 - [TEST_CASE][PASSED] - Test Cases/mobileWeb/_include/get_screenshot: Test Cases/mobileWeb/_include/get_screenshot

2019-11-12 08:07:26 - [TEST_STEP][PASSED] - takeScreenshot(screenPath + i + ".png"): Taking screenshot successfully

2019-11-12 08:07:27 - [MESSAGE][PASSED] - Taking screenshot successfully
[[ATTACHMENT|D:\\Test\\AgileTest\\Reports\\mobileWeb\\stm\\20191112_080024\\../Screenshots/iPhone 6/stm/AdvantHealth/20191112_080714/2.png]]

2019-11-12 08:07:27 - [TEST_STEP][PASSED] - (internal.GlobalVariable.i++): null

2019-11-12 08:07:27 - [MESSAGE][PASSED] - Call Test Case 'Test Cases/mobileWeb/_include/get_screenshot' successfully

2019-11-12 08:07:27 - [TEST_STEP][PASSED] - Thread.sleep(1000): null

2019-11-12 08:07:28 - [MESSAGE][PASSED] - Call Test Case 'Test Cases/mobileWeb/_include/census_stm' successfully

2019-11-12 08:07:28 - [TEST_STEP][FAILED] - callTestCase(findTestCase("mobileWeb/_include/filter_stm"), ["carrier":"advanthealth"], STOP_ON_FAILURE): callTestCase(findTestCase("mobileWeb/_include/filter_stm"), ["carrier":"advanthealth"], STOP_ON_FAILURE) FAILED.
Reason:
com.kms.katalon.core.exception.StepFailedException: Unable to click on object 'Object Repository/mobileSanity/STM/STM Quote Page/a_Show Plans' (Root cause: org.openqa.selenium.WebDriverException: unknown error: Element <a href="#" class="js-show-plans c-filter-modal-v3__show-plans" type="button">...</a> is not clickable at point (187, 629). Other element would receive the click: <iframe src="https://secure.livechatinc.com/licence/11465608/v2/open_chat.cgi?license=11465608&amp;group=0&amp;embedded=1&amp;widget_version=3&amp;unique_groups=0" allowtransparency="true" allow="autoplay" id="chat-widget" name="chat-widget" scrolling="no" role="application" aria-label="LiveChat chat widget" style="width: 100%; height: 100%; min-height: 0px; min-width: 0px; margin: 0px; padding: 0px; background-image: none; background-position: 0% 0%; background-size: initial; background-attachment: scroll; background-origin: initial; background-clip: initial; background-color: rgba(0, 0, 0, 0); border-width: 0px; float: none; position: absolute; top: 0px; left: 0px; bottom: 0px; right: 0px; transition: none 0s ease 0s !important;"></iframe>
  (Session info: chrome=78.0.3904.70)
  (Driver info: chromedriver=2.43.600210 (68dcf5eebde37173d4027fa8635e332711d2874a),platform=Windows NT 6.3.9600 x86_64) (WARNING: The server did not provide any stacktrace information)
Command duration or timeout: 0 milliseconds
Build info: version: '3.7.1', revision: '8a0099a', time: '2017-11-06T21:07:36.161Z'
System info: host: 'WIN-U215233FMVE', ip: '172.30.0.53', os.name: 'Windows Server 2012 R2', os.arch: 'amd64', os.version: '6.3', java.version: '1.8.0_181'
Driver info: com.kms.katalon.selenium.driver.CChromeDriver
Capabilities {acceptInsecureCerts: false, acceptSslCerts: false, applicationCacheEnabled: false, browserConnectionEnabled: false, browserName: chrome, chrome: {chromedriverVersion: 2.43.600210 (68dcf5eebde371..., userDataDir: C:\Users\ADMINI~1\AppData\L...}, cssSelectorsEnabled: true, databaseEnabled: false, goog:chromeOptions: {debuggerAddress: localhost:62269}, handlesAlerts: true, hasTouchScreen: true, javascriptEnabled: true, locationContextEnabled: true, mobileEmulationEnabled: true, nativeEvents: true, networkConnectionEnabled: false, pageLoadStrategy: normal, platform: XP, platformName: XP, rotatable: false, setWindowRect: true, takesHeapSnapshot: true, takesScreenshot: true, unexpectedAlertBehaviour: , unhandledPromptBehavior: , version: 78.0.3904.70, webStorageEnabled: true}
Session ID: 9a37b74db64b987f6dab96876992bf3e)
	at com.kms.katalon.core.keyword.internal.KeywordMain.stepFailed(KeywordMain.groovy:32)
	at com.kms.katalon.core.webui.keyword.internal.WebUIKeywordMain.stepFailed(WebUIKeywordMain.groovy:65)
	at com.kms.katalon.core.webui.keyword.internal.WebUIKeywordMain.runKeyword(WebUIKeywordMain.groovy:27)
	at com.kms.katalon.core.webui.keyword.builtin.ClickKeyword.click(ClickKeyword.groovy:86)
	at com.kms.katalon.core.webui.keyword.builtin.ClickKeyword.execute(ClickKeyword.groovy:67)
	at com.kms.katalon.core.keyword.internal.KeywordExecutor.executeKeywordForPlatform(KeywordExecutor.groovy:53)
	at com.kms.katalon.core.webui.keyword.WebUiBuiltInKeywords.click(WebUiBuiltInKeywords.groovy:616)
	at com.kms.katalon.core.webui.keyword.WebUiBuiltInKeywords$click$3.call(Unknown Source)
	at filter_stm.run(filter_stm:46)
	at com.kms.katalon.core.main.ScriptEngine.run(ScriptEngine.java:194)
	at com.kms.katalon.core.main.ScriptEngine.runScriptAsRawText(ScriptEngine.java:119)
	at com.kms.katalon.core.main.TestCaseExecutor.runScript(TestCaseExecutor.java:328)
	at com.kms.katalon.core.main.TestCaseExecutor.doExecute(TestCaseExecutor.java:319)
	at com.kms.katalon.core.main.TestCaseExecutor.processExecutionPhase(TestCaseExecutor.java:298)
	at com.kms.katalon.core.main.TestCaseExecutor.accessMainPhase(TestCaseExecutor.java:290)
	at com.kms.katalon.core.main.TestCaseExecutor.execute(TestCaseExecutor.java:224)
	at com.kms.katalon.core.main.TestCaseMain.runTestCase(TestCaseMain.java:106)
	at com.kms.katalon.core.keyword.builtin.CallTestCaseKeyword$_callTestCase_closure1.doCall(CallTestCaseKeyword.groovy:59)
	at com.kms.katalon.core.keyword.builtin.CallTestCaseKeyword$_callTestCase_closure1.call(CallTestCaseKeyword.groovy)
	at com.kms.katalon.core.keyword.internal.KeywordMain.runKeyword(KeywordMain.groovy:54)
	at com.kms.katalon.core.keyword.builtin.CallTestCaseKeyword.callTestCase(CallTestCaseKeyword.groovy:80)
	at com.kms.katalon.core.keyword.builtin.CallTestCaseKeyword.execute(CallTestCaseKeyword.groovy:44)
	at com.kms.katalon.core.keyword.internal.KeywordExecutor.executeKeywordForPlatform(KeywordExecutor.groovy:53)
	at com.kms.katalon.core.keyword.BuiltinKeywords.callTestCase(BuiltinKeywords.groovy:334)
	at AdvantHealth.run(AdvantHealth:29)
	at com.kms.katalon.core.main.ScriptEngine.run(ScriptEngine.java:194)
	at com.kms.katalon.core.main.ScriptEngine.runScriptAsRawText(ScriptEngine.java:119)
	at com.kms.katalon.core.main.TestCaseExecutor.runScript(TestCaseExecutor.java:328)
	at com.kms.katalon.core.main.TestCaseExecutor.doExecute(TestCaseExecutor.java:319)
	at com.kms.katalon.core.main.TestCaseExecutor.processExecutionPhase(TestCaseExecutor.java:298)
	at com.kms.katalon.core.main.TestCaseExecutor.accessMainPhase(TestCaseExecutor.java:290)
	at com.kms.katalon.core.main.TestCaseExecutor.execute(TestCaseExecutor.java:224)
	at com.kms.katalon.core.main.TestSuiteExecutor.accessTestCaseMainPhase(TestSuiteExecutor.java:129)
	at com.kms.katalon.core.main.TestSuiteExecutor.accessTestSuiteMainPhase(TestSuiteExecutor.java:112)
	at com.kms.katalon.core.main.TestSuiteExecutor.execute(TestSuiteExecutor.java:81)
	at com.kms.katalon.core.main.TestCaseMain.startTestSuite(TestCaseMain.java:149)
	at com.kms.katalon.core.main.TestCaseMain$startTestSuite$0.call(Unknown Source)
	at TempTestSuite1573563624301.run(TempTestSuite1573563624301.groovy:36)


2019-11-12 08:07:28 - [TEST_CASE][FAILED] - Test Cases/mobileWeb/_include/filter_stm: Test Cases/mobileWeb/_include/filter_stm FAILED.
Reason:
com.kms.katalon.core.exception.StepFailedException: Unable to click on object 'Object Repository/mobileSanity/STM/STM Quote Page/a_Show Plans' (Root cause: org.openqa.selenium.WebDriverException: unknown error: Element <a href="#" class="js-show-plans c-filter-modal-v3__show-plans" type="button">...</a> is not clickable at point (187, 629). Other element would receive the click: <iframe src="https://secure.livechatinc.com/licence/11465608/v2/open_chat.cgi?license=11465608&amp;group=0&amp;embedded=1&amp;widget_version=3&amp;unique_groups=0" allowtransparency="true" allow="autoplay" id="chat-widget" name="chat-widget" scrolling="no" role="application" aria-label="LiveChat chat widget" style="width: 100%; height: 100%; min-height: 0px; min-width: 0px; margin: 0px; padding: 0px; background-image: none; background-position: 0% 0%; background-size: initial; background-attachment: scroll; background-origin: initial; background-clip: initial; background-color: rgba(0, 0, 0, 0); border-width: 0px; float: none; position: absolute; top: 0px; left: 0px; bottom: 0px; right: 0px; transition: none 0s ease 0s !important;"></iframe>
  (Session info: chrome=78.0.3904.70)
  (Driver info: chromedriver=2.43.600210 (68dcf5eebde37173d4027fa8635e332711d2874a),platform=Windows NT 6.3.9600 x86_64) (WARNING: The server did not provide any stacktrace information)
Command duration or timeout: 0 milliseconds
Build info: version: '3.7.1', revision: '8a0099a', time: '2017-11-06T21:07:36.161Z'
System info: host: 'WIN-U215233FMVE', ip: '172.30.0.53', os.name: 'Windows Server 2012 R2', os.arch: 'amd64', os.version: '6.3', java.version: '1.8.0_181'
Driver info: com.kms.katalon.selenium.driver.CChromeDriver
Capabilities {acceptInsecureCerts: false, acceptSslCerts: false, applicationCacheEnabled: false, browserConnectionEnabled: false, browserName: chrome, chrome: {chromedriverVersion: 2.43.600210 (68dcf5eebde371..., userDataDir: C:\Users\ADMINI~1\AppData\L...}, cssSelectorsEnabled: true, databaseEnabled: false, goog:chromeOptions: {debuggerAddress: localhost:62269}, handlesAlerts: true, hasTouchScreen: true, javascriptEnabled: true, locationContextEnabled: true, mobileEmulationEnabled: true, nativeEvents: true, networkConnectionEnabled: false, pageLoadStrategy: normal, platform: XP, platformName: XP, rotatable: false, setWindowRect: true, takesHeapSnapshot: true, takesScreenshot: true, unexpectedAlertBehaviour: , unhandledPromptBehavior: , version: 78.0.3904.70, webStorageEnabled: true}
Session ID: 9a37b74db64b987f6dab96876992bf3e)
	at com.kms.katalon.core.keyword.internal.KeywordMain.stepFailed(KeywordMain.groovy:32)
	at com.kms.katalon.core.webui.keyword.internal.WebUIKeywordMain.stepFailed(WebUIKeywordMain.groovy:65)
	at com.kms.katalon.core.webui.keyword.internal.WebUIKeywordMain.runKeyword(WebUIKeywordMain.groovy:27)
	at com.kms.katalon.core.webui.keyword.builtin.ClickKeyword.click(ClickKeyword.groovy:86)
	at com.kms.katalon.core.webui.keyword.builtin.ClickKeyword.execute(ClickKeyword.groovy:67)
	at com.kms.katalon.core.keyword.internal.KeywordExecutor.executeKeywordForPlatform(KeywordExecutor.groovy:53)
	at com.kms.katalon.core.webui.keyword.WebUiBuiltInKeywords.click(WebUiBuiltInKeywords.groovy:616)
	at com.kms.katalon.core.webui.keyword.WebUiBuiltInKeywords$click$3.call(Unknown Source)
	at filter_stm.run(filter_stm:46)
	at com.kms.katalon.core.main.ScriptEngine.run(ScriptEngine.java:194)
	at com.kms.katalon.core.main.ScriptEngine.runScriptAsRawText(ScriptEngine.java:119)
	at com.kms.katalon.core.main.TestCaseExecutor.runScript(TestCaseExecutor.java:328)
	at com.kms.katalon.core.main.TestCaseExecutor.doExecute(TestCaseExecutor.java:319)
	at com.kms.katalon.core.main.TestCaseExecutor.processExecutionPhase(TestCaseExecutor.java:298)
	at com.kms.katalon.core.main.TestCaseExecutor.accessMainPhase(TestCaseExecutor.java:290)
	at com.kms.katalon.core.main.TestCaseExecutor.execute(TestCaseExecutor.java:224)
	at com.kms.katalon.core.main.TestCaseMain.runTestCase(TestCaseMain.java:106)
	at com.kms.katalon.core.keyword.builtin.CallTestCaseKeyword$_callTestCase_closure1.doCall(CallTestCaseKeyword.groovy:59)
	at com.kms.katalon.core.keyword.builtin.CallTestCaseKeyword$_callTestCase_closure1.call(CallTestCaseKeyword.groovy)
	at com.kms.katalon.core.keyword.internal.KeywordMain.runKeyword(KeywordMain.groovy:54)
	at com.kms.katalon.core.keyword.builtin.CallTestCaseKeyword.callTestCase(CallTestCaseKeyword.groovy:80)
	at com.kms.katalon.core.keyword.builtin.CallTestCaseKeyword.execute(CallTestCaseKeyword.groovy:44)
	at com.kms.katalon.core.keyword.internal.KeywordExecutor.executeKeywordForPlatform(KeywordExecutor.groovy:53)
	at com.kms.katalon.core.keyword.BuiltinKeywords.callTestCase(BuiltinKeywords.groovy:334)
	at AdvantHealth.run(AdvantHealth:29)
	at com.kms.katalon.core.main.ScriptEngine.run(ScriptEngine.java:194)
	at com.kms.katalon.core.main.ScriptEngine.runScriptAsRawText(ScriptEngine.java:119)
	at com.kms.katalon.core.main.TestCaseExecutor.runScript(TestCaseExecutor.java:328)
	at com.kms.katalon.core.main.TestCaseExecutor.doExecute(TestCaseExecutor.java:319)
	at com.kms.katalon.core.main.TestCaseExecutor.processExecutionPhase(TestCaseExecutor.java:298)
	at com.kms.katalon.core.main.TestCaseExecutor.accessMainPhase(TestCaseExecutor.java:290)
	at com.kms.katalon.core.main.TestCaseExecutor.execute(TestCaseExecutor.java:224)
	at com.kms.katalon.core.main.TestSuiteExecutor.accessTestCaseMainPhase(TestSuiteExecutor.java:129)
	at com.kms.katalon.core.main.TestSuiteExecutor.accessTestSuiteMainPhase(TestSuiteExecutor.java:112)
	at com.kms.katalon.core.main.TestSuiteExecutor.execute(TestSuiteExecutor.java:81)
	at com.kms.katalon.core.main.TestCaseMain.startTestSuite(TestCaseMain.java:149)
	at com.kms.katalon.core.main.TestCaseMain$startTestSuite$0.call(Unknown Source)
	at TempTestSuite1573563624301.run(TempTestSuite1573563624301.groovy:36)


2019-11-12 08:07:28 - [TEST_STEP][PASSED] - driver = getWebDriver(): null

2019-11-12 08:07:28 - [TEST_STEP][PASSED] - selenium = new com.thoughtworks.selenium.webdriven.WebDriverBackedSelenium(driver, internal.GlobalVariable.ENV): null

2019-11-12 08:07:28 - [TEST_STEP][PASSED] - Thread.sleep(1000): null

2019-11-12 08:07:29 - [TEST_STEP][PASSED] - click(findTestObject("mobileSanity/STM/STM Quote Page/button_filters")): Object: 'Object Repository/mobileSanity/STM/STM Quote Page/button_filters' is clicked on

2019-11-12 08:07:29 - [MESSAGE][PASSED] - Object: 'Object Repository/mobileSanity/STM/STM Quote Page/button_filters' is clicked on

2019-11-12 08:07:29 - [TEST_STEP][PASSED] - Thread.sleep(1000): null

2019-11-12 08:07:30 - [TEST_STEP][PASSED] - click(findTestObject("mobileSanity/STM/STM Quote Page/i_Insurance company")): Object: 'Object Repository/mobileSanity/STM/STM Quote Page/i_Insurance company' is clicked on

2019-11-12 08:07:30 - [MESSAGE][PASSED] - Object: 'Object Repository/mobileSanity/STM/STM Quote Page/i_Insurance company' is clicked on

2019-11-12 08:07:30 - [TEST_STEP][PASSED] - Thread.sleep(1000): null

2019-11-12 08:07:31 - [TEST_STEP][PASSED] - filter_carrier = "//input[@name='filter[carrier]' and @value='" + carrier + "']/following::label": null

2019-11-12 08:07:31 - [TEST_STEP][PASSED] - println(filter_carrier): null

2019-11-12 08:07:31 - [TEST_STEP][PASSED] - test.MobileKeywords.clickJS_ByXpath(filter_carrier): test.MobileKeywords.clickJS_ByXpath is PASSED

2019-11-12 08:07:31 - [MESSAGE][PASSED] - Execute JavaScript 'arguments[0].click()' successfully

2019-11-12 08:07:31 - [MESSAGE][PASSED] - test.MobileKeywords.clickJS_ByXpath is PASSED

2019-11-12 08:07:31 - [TEST_STEP][PASSED] - Thread.sleep(1000): null

2019-11-12 08:07:32 - [TEST_STEP][PASSED] - scrollToElement(findTestObject("mobileSanity/STM/STM Quote Page/a_Show Plans"), 1000): Scroll to object 'Object Repository/mobileSanity/STM/STM Quote Page/a_Show Plans' successfully

2019-11-12 08:07:33 - [MESSAGE][PASSED] - Scroll to object 'Object Repository/mobileSanity/STM/STM Quote Page/a_Show Plans' successfully

2019-11-12 08:07:33 - [TEST_STEP][FAILED] - click(findTestObject("mobileSanity/STM/STM Quote Page/a_Show Plans")): Unable to click on object 'Object Repository/mobileSanity/STM/STM Quote Page/a_Show Plans' (Root cause: org.openqa.selenium.WebDriverException: unknown error: Element <a href="#" class="js-show-plans c-filter-modal-v3__show-plans" type="button">...</a> is not clickable at point (187, 629). Other element would receive the click: <iframe src="https://secure.livechatinc.com/licence/11465608/v2/open_chat.cgi?license=11465608&amp;group=0&amp;embedded=1&amp;widget_version=3&amp;unique_groups=0" allowtransparency="true" allow="autoplay" id="chat-widget" name="chat-widget" scrolling="no" role="application" aria-label="LiveChat chat widget" style="width: 100%; height: 100%; min-height: 0px; min-width: 0px; margin: 0px; padding: 0px; background-image: none; background-position: 0% 0%; background-size: initial; background-attachment: scroll; background-origin: initial; background-clip: initial; background-color: rgba(0, 0, 0, 0); border-width: 0px; float: none; position: absolute; top: 0px; left: 0px; bottom: 0px; right: 0px; transition: none 0s ease 0s !important;"></iframe>
  (Session info: chrome=78.0.3904.70)
  (Driver info: chromedriver=2.43.600210 (68dcf5eebde37173d4027fa8635e332711d2874a),platform=Windows NT 6.3.9600 x86_64) (WARNING: The server did not provide any stacktrace information)
Command duration or timeout: 0 milliseconds
Build info: version: '3.7.1', revision: '8a0099a', time: '2017-11-06T21:07:36.161Z'
System info: host: 'WIN-U215233FMVE', ip: '172.30.0.53', os.name: 'Windows Server 2012 R2', os.arch: 'amd64', os.version: '6.3', java.version: '1.8.0_181'
Driver info: com.kms.katalon.selenium.driver.CChromeDriver
Capabilities {acceptInsecureCerts: false, acceptSslCerts: false, applicationCacheEnabled: false, browserConnectionEnabled: false, browserName: chrome, chrome: {chromedriverVersion: 2.43.600210 (68dcf5eebde371..., userDataDir: C:\Users\ADMINI~1\AppData\L...}, cssSelectorsEnabled: true, databaseEnabled: false, goog:chromeOptions: {debuggerAddress: localhost:62269}, handlesAlerts: true, hasTouchScreen: true, javascriptEnabled: true, locationContextEnabled: true, mobileEmulationEnabled: true, nativeEvents: true, networkConnectionEnabled: false, pageLoadStrategy: normal, platform: XP, platformName: XP, rotatable: false, setWindowRect: true, takesHeapSnapshot: true, takesScreenshot: true, unexpectedAlertBehaviour: , unhandledPromptBehavior: , version: 78.0.3904.70, webStorageEnabled: true}
Session ID: 9a37b74db64b987f6dab96876992bf3e)

2019-11-12 08:07:33 - [MESSAGE][FAILED] - Unable to click on object 'Object Repository/mobileSanity/STM/STM Quote Page/a_Show Plans' (Root cause: org.openqa.selenium.WebDriverException: unknown error: Element <a href="#" class="js-show-plans c-filter-modal-v3__show-plans" type="button">...</a> is not clickable at point (187, 629). Other element would receive the click: <iframe src="https://secure.livechatinc.com/licence/11465608/v2/open_chat.cgi?license=11465608&amp;group=0&amp;embedded=1&amp;widget_version=3&amp;unique_groups=0" allowtransparency="true" allow="autoplay" id="chat-widget" name="chat-widget" scrolling="no" role="application" aria-label="LiveChat chat widget" style="width: 100%; height: 100%; min-height: 0px; min-width: 0px; margin: 0px; padding: 0px; background-image: none; background-position: 0% 0%; background-size: initial; background-attachment: scroll; background-origin: initial; background-clip: initial; background-color: rgba(0, 0, 0, 0); border-width: 0px; float: none; position: absolute; top: 0px; left: 0px; bottom: 0px; right: 0px; transition: none 0s ease 0s !important;"></iframe>
  (Session info: chrome=78.0.3904.70)
  (Driver info: chromedriver=2.43.600210 (68dcf5eebde37173d4027fa8635e332711d2874a),platform=Windows NT 6.3.9600 x86_64) (WARNING: The server did not provide any stacktrace information)
Command duration or timeout: 0 milliseconds
Build info: version: '3.7.1', revision: '8a0099a', time: '2017-11-06T21:07:36.161Z'
System info: host: 'WIN-U215233FMVE', ip: '172.30.0.53', os.name: 'Windows Server 2012 R2', os.arch: 'amd64', os.version: '6.3', java.version: '1.8.0_181'
Driver info: com.kms.katalon.selenium.driver.CChromeDriver
Capabilities {acceptInsecureCerts: false, acceptSslCerts: false, applicationCacheEnabled: false, browserConnectionEnabled: false, browserName: chrome, chrome: {chromedriverVersion: 2.43.600210 (68dcf5eebde371..., userDataDir: C:\Users\ADMINI~1\AppData\L...}, cssSelectorsEnabled: true, databaseEnabled: false, goog:chromeOptions: {debuggerAddress: localhost:62269}, handlesAlerts: true, hasTouchScreen: true, javascriptEnabled: true, locationContextEnabled: true, mobileEmulationEnabled: true, nativeEvents: true, networkConnectionEnabled: false, pageLoadStrategy: normal, platform: XP, platformName: XP, rotatable: false, setWindowRect: true, takesHeapSnapshot: true, takesScreenshot: true, unexpectedAlertBehaviour: , unhandledPromptBehavior: , version: 78.0.3904.70, webStorageEnabled: true}
Session ID: 9a37b74db64b987f6dab96876992bf3e)
[[ATTACHMENT|D:\\Test\\AgileTest\\Reports\\mobileWeb\\stm\\20191112_080024\\1573564053110.png]]

2019-11-12 08:07:33 - [TEST_STEP][PASSED] - waitForJQueryLoad(20, STOP_ON_FAILURE): jQuery is ready.

2019-11-12 08:07:33 - [MESSAGE][PASSED] - jQuery is ready.

2019-11-12 08:07:33 - [TEST_STEP][PASSED] - Thread.sleep(2000): null

2019-11-12 08:07:35 - [TEST_STEP][FAILED] - callTestCase(findTestCase("mobileWeb/_include/get_screenshot"), [:], STOP_ON_FAILURE): callTestCase(findTestCase("mobileWeb/_include/get_screenshot"), [:], STOP_ON_FAILURE) FAILED.
Reason:
com.kms.katalon.core.exception.StepFailedException: Unable to click on object 'Object Repository/mobileSanity/STM/STM Quote Page/a_Show Plans' (Root cause: org.openqa.selenium.WebDriverException: unknown error: Element <a href="#" class="js-show-plans c-filter-modal-v3__show-plans" type="button">...</a> is not clickable at point (187, 629). Other element would receive the click: <iframe src="https://secure.livechatinc.com/licence/11465608/v2/open_chat.cgi?license=11465608&amp;group=0&amp;embedded=1&amp;widget_version=3&amp;unique_groups=0" allowtransparency="true" allow="autoplay" id="chat-widget" name="chat-widget" scrolling="no" role="application" aria-label="LiveChat chat widget" style="width: 100%; height: 100%; min-height: 0px; min-width: 0px; margin: 0px; padding: 0px; background-image: none; background-position: 0% 0%; background-size: initial; background-attachment: scroll; background-origin: initial; background-clip: initial; background-color: rgba(0, 0, 0, 0); border-width: 0px; float: none; position: absolute; top: 0px; left: 0px; bottom: 0px; right: 0px; transition: none 0s ease 0s !important;"></iframe>
  (Session info: chrome=78.0.3904.70)
  (Driver info: chromedriver=2.43.600210 (68dcf5eebde37173d4027fa8635e332711d2874a),platform=Windows NT 6.3.9600 x86_64) (WARNING: The server did not provide any stacktrace information)
Command duration or timeout: 0 milliseconds
Build info: version: '3.7.1', revision: '8a0099a', time: '2017-11-06T21:07:36.161Z'
System info: host: 'WIN-U215233FMVE', ip: '172.30.0.53', os.name: 'Windows Server 2012 R2', os.arch: 'amd64', os.version: '6.3', java.version: '1.8.0_181'
Driver info: com.kms.katalon.selenium.driver.CChromeDriver
Capabilities {acceptInsecureCerts: false, acceptSslCerts: false, applicationCacheEnabled: false, browserConnectionEnabled: false, browserName: chrome, chrome: {chromedriverVersion: 2.43.600210 (68dcf5eebde371..., userDataDir: C:\Users\ADMINI~1\AppData\L...}, cssSelectorsEnabled: true, databaseEnabled: false, goog:chromeOptions: {debuggerAddress: localhost:62269}, handlesAlerts: true, hasTouchScreen: true, javascriptEnabled: true, locationContextEnabled: true, mobileEmulationEnabled: true, nativeEvents: true, networkConnectionEnabled: false, pageLoadStrategy: normal, platform: XP, platformName: XP, rotatable: false, setWindowRect: true, takesHeapSnapshot: true, takesScreenshot: true, unexpectedAlertBehaviour: , unhandledPromptBehavior: , version: 78.0.3904.70, webStorageEnabled: true}
Session ID: 9a37b74db64b987f6dab96876992bf3e)
	at com.kms.katalon.core.keyword.internal.KeywordMain.stepFailed(KeywordMain.groovy:32)
	at com.kms.katalon.core.webui.keyword.internal.WebUIKeywordMain.stepFailed(WebUIKeywordMain.groovy:65)
	at com.kms.katalon.core.webui.keyword.internal.WebUIKeywordMain.runKeyword(WebUIKeywordMain.groovy:27)
	at com.kms.katalon.core.webui.keyword.builtin.ClickKeyword.click(ClickKeyword.groovy:86)
	at com.kms.katalon.core.webui.keyword.builtin.ClickKeyword.execute(ClickKeyword.groovy:67)
	at com.kms.katalon.core.keyword.internal.KeywordExecutor.executeKeywordForPlatform(KeywordExecutor.groovy:53)
	at com.kms.katalon.core.webui.keyword.WebUiBuiltInKeywords.click(WebUiBuiltInKeywords.groovy:616)
	at com.kms.katalon.core.webui.keyword.WebUiBuiltInKeywords$click$3.call(Unknown Source)
	at filter_stm.run(filter_stm:46)
	at com.kms.katalon.core.main.ScriptEngine.run(ScriptEngine.java:194)
	at com.kms.katalon.core.main.ScriptEngine.runScriptAsRawText(ScriptEngine.java:119)
	at com.kms.katalon.core.main.TestCaseExecutor.runScript(TestCaseExecutor.java:328)
	at com.kms.katalon.core.main.TestCaseExecutor.doExecute(TestCaseExecutor.java:319)
	at com.kms.katalon.core.main.TestCaseExecutor.processExecutionPhase(TestCaseExecutor.java:298)
	at com.kms.katalon.core.main.TestCaseExecutor.accessMainPhase(TestCaseExecutor.java:290)
	at com.kms.katalon.core.main.TestCaseExecutor.execute(TestCaseExecutor.java:224)
	at com.kms.katalon.core.main.TestCaseMain.runTestCase(TestCaseMain.java:106)
	at com.kms.katalon.core.keyword.builtin.CallTestCaseKeyword$_callTestCase_closure1.doCall(CallTestCaseKeyword.groovy:59)
	at com.kms.katalon.core.keyword.builtin.CallTestCaseKeyword$_callTestCase_closure1.call(CallTestCaseKeyword.groovy)
	at com.kms.katalon.core.keyword.internal.KeywordMain.runKeyword(KeywordMain.groovy:54)
	at com.kms.katalon.core.keyword.builtin.CallTestCaseKeyword.callTestCase(CallTestCaseKeyword.groovy:80)
	at com.kms.katalon.core.keyword.builtin.CallTestCaseKeyword.execute(CallTestCaseKeyword.groovy:44)
	at com.kms.katalon.core.keyword.internal.KeywordExecutor.executeKeywordForPlatform(KeywordExecutor.groovy:53)
	at com.kms.katalon.core.keyword.BuiltinKeywords.callTestCase(BuiltinKeywords.groovy:334)
	at AdvantHealth.run(AdvantHealth:29)
	at com.kms.katalon.core.main.ScriptEngine.run(ScriptEngine.java:194)
	at com.kms.katalon.core.main.ScriptEngine.runScriptAsRawText(ScriptEngine.java:119)
	at com.kms.katalon.core.main.TestCaseExecutor.runScript(TestCaseExecutor.java:328)
	at com.kms.katalon.core.main.TestCaseExecutor.doExecute(TestCaseExecutor.java:319)
	at com.kms.katalon.core.main.TestCaseExecutor.processExecutionPhase(TestCaseExecutor.java:298)
	at com.kms.katalon.core.main.TestCaseExecutor.accessMainPhase(TestCaseExecutor.java:290)
	at com.kms.katalon.core.main.TestCaseExecutor.execute(TestCaseExecutor.java:224)
	at com.kms.katalon.core.main.TestSuiteExecutor.accessTestCaseMainPhase(TestSuiteExecutor.java:129)
	at com.kms.katalon.core.main.TestSuiteExecutor.accessTestSuiteMainPhase(TestSuiteExecutor.java:112)
	at com.kms.katalon.core.main.TestSuiteExecutor.execute(TestSuiteExecutor.java:81)
	at com.kms.katalon.core.main.TestCaseMain.startTestSuite(TestCaseMain.java:149)
	at com.kms.katalon.core.main.TestCaseMain$startTestSuite$0.call(Unknown Source)
	at TempTestSuite1573563624301.run(TempTestSuite1573563624301.groovy:36)


2019-11-12 08:07:35 - [TEST_CASE][PASSED] - Test Cases/mobileWeb/_include/get_screenshot: Test Cases/mobileWeb/_include/get_screenshot

2019-11-12 08:07:35 - [TEST_STEP][PASSED] - takeScreenshot(screenPath + i + ".png"): Taking screenshot successfully

2019-11-12 08:07:36 - [MESSAGE][PASSED] - Taking screenshot successfully
[[ATTACHMENT|D:\\Test\\AgileTest\\Reports\\mobileWeb\\stm\\20191112_080024\\../Screenshots/iPhone 6/stm/AdvantHealth/20191112_080714/3.png]]

2019-11-12 08:07:36 - [TEST_STEP][PASSED] - (internal.GlobalVariable.i++): null

2019-11-12 08:07:36 - [MESSAGE][PASSED] - Call Test Case 'Test Cases/mobileWeb/_include/get_screenshot' successfully

2019-11-12 08:07:36 - [MESSAGE][FAILED] - callTestCase(findTestCase("mobileWeb/_include/get_screenshot"), [:], STOP_ON_FAILURE) FAILED.
Reason:
com.kms.katalon.core.exception.StepFailedException: Unable to click on object 'Object Repository/mobileSanity/STM/STM Quote Page/a_Show Plans' (Root cause: org.openqa.selenium.WebDriverException: unknown error: Element <a href="#" class="js-show-plans c-filter-modal-v3__show-plans" type="button">...</a> is not clickable at point (187, 629). Other element would receive the click: <iframe src="https://secure.livechatinc.com/licence/11465608/v2/open_chat.cgi?license=11465608&amp;group=0&amp;embedded=1&amp;widget_version=3&amp;unique_groups=0" allowtransparency="true" allow="autoplay" id="chat-widget" name="chat-widget" scrolling="no" role="application" aria-label="LiveChat chat widget" style="width: 100%; height: 100%; min-height: 0px; min-width: 0px; margin: 0px; padding: 0px; background-image: none; background-position: 0% 0%; background-size: initial; background-attachment: scroll; background-origin: initial; background-clip: initial; background-color: rgba(0, 0, 0, 0); border-width: 0px; float: none; position: absolute; top: 0px; left: 0px; bottom: 0px; right: 0px; transition: none 0s ease 0s !important;"></iframe>
  (Session info: chrome=78.0.3904.70)
  (Driver info: chromedriver=2.43.600210 (68dcf5eebde37173d4027fa8635e332711d2874a),platform=Windows NT 6.3.9600 x86_64) (WARNING: The server did not provide any stacktrace information)
Command duration or timeout: 0 milliseconds
Build info: version: '3.7.1', revision: '8a0099a', time: '2017-11-06T21:07:36.161Z'
System info: host: 'WIN-U215233FMVE', ip: '172.30.0.53', os.name: 'Windows Server 2012 R2', os.arch: 'amd64', os.version: '6.3', java.version: '1.8.0_181'
Driver info: com.kms.katalon.selenium.driver.CChromeDriver
Capabilities {acceptInsecureCerts: false, acceptSslCerts: false, applicationCacheEnabled: false, browserConnectionEnabled: false, browserName: chrome, chrome: {chromedriverVersion: 2.43.600210 (68dcf5eebde371..., userDataDir: C:\Users\ADMINI~1\AppData\L...}, cssSelectorsEnabled: true, databaseEnabled: false, goog:chromeOptions: {debuggerAddress: localhost:62269}, handlesAlerts: true, hasTouchScreen: true, javascriptEnabled: true, locationContextEnabled: true, mobileEmulationEnabled: true, nativeEvents: true, networkConnectionEnabled: false, pageLoadStrategy: normal, platform: XP, platformName: XP, rotatable: false, setWindowRect: true, takesHeapSnapshot: true, takesScreenshot: true, unexpectedAlertBehaviour: , unhandledPromptBehavior: , version: 78.0.3904.70, webStorageEnabled: true}
Session ID: 9a37b74db64b987f6dab96876992bf3e)
	at com.kms.katalon.core.keyword.internal.KeywordMain.stepFailed(KeywordMain.groovy:32)
	at com.kms.katalon.core.webui.keyword.internal.WebUIKeywordMain.stepFailed(WebUIKeywordMain.groovy:65)
	at com.kms.katalon.core.webui.keyword.internal.WebUIKeywordMain.runKeyword(WebUIKeywordMain.groovy:27)
	at com.kms.katalon.core.webui.keyword.builtin.ClickKeyword.click(ClickKeyword.groovy:86)
	at com.kms.katalon.core.webui.keyword.builtin.ClickKeyword.execute(ClickKeyword.groovy:67)
	at com.kms.katalon.core.keyword.internal.KeywordExecutor.executeKeywordForPlatform(KeywordExecutor.groovy:53)
	at com.kms.katalon.core.webui.keyword.WebUiBuiltInKeywords.click(WebUiBuiltInKeywords.groovy:616)
	at com.kms.katalon.core.webui.keyword.WebUiBuiltInKeywords$click$3.call(Unknown Source)
	at filter_stm.run(filter_stm:46)
	at com.kms.katalon.core.main.ScriptEngine.run(ScriptEngine.java:194)
	at com.kms.katalon.core.main.ScriptEngine.runScriptAsRawText(ScriptEngine.java:119)
	at com.kms.katalon.core.main.TestCaseExecutor.runScript(TestCaseExecutor.java:328)
	at com.kms.katalon.core.main.TestCaseExecutor.doExecute(TestCaseExecutor.java:319)
	at com.kms.katalon.core.main.TestCaseExecutor.processExecutionPhase(TestCaseExecutor.java:298)
	at com.kms.katalon.core.main.TestCaseExecutor.accessMainPhase(TestCaseExecutor.java:290)
	at com.kms.katalon.core.main.TestCaseExecutor.execute(TestCaseExecutor.java:224)
	at com.kms.katalon.core.main.TestCaseMain.runTestCase(TestCaseMain.java:106)
	at com.kms.katalon.core.keyword.builtin.CallTestCaseKeyword$_callTestCase_closure1.doCall(CallTestCaseKeyword.groovy:59)
	at com.kms.katalon.core.keyword.builtin.CallTestCaseKeyword$_callTestCase_closure1.call(CallTestCaseKeyword.groovy)
	at com.kms.katalon.core.keyword.internal.KeywordMain.runKeyword(KeywordMain.groovy:54)
	at com.kms.katalon.core.keyword.builtin.CallTestCaseKeyword.callTestCase(CallTestCaseKeyword.groovy:80)
	at com.kms.katalon.core.keyword.builtin.CallTestCaseKeyword.execute(CallTestCaseKeyword.groovy:44)
	at com.kms.katalon.core.keyword.internal.KeywordExecutor.executeKeywordForPlatform(KeywordExecutor.groovy:53)
	at com.kms.katalon.core.keyword.BuiltinKeywords.callTestCase(BuiltinKeywords.groovy:334)
	at AdvantHealth.run(AdvantHealth:29)
	at com.kms.katalon.core.main.ScriptEngine.run(ScriptEngine.java:194)
	at com.kms.katalon.core.main.ScriptEngine.runScriptAsRawText(ScriptEngine.java:119)
	at com.kms.katalon.core.main.TestCaseExecutor.runScript(TestCaseExecutor.java:328)
	at com.kms.katalon.core.main.TestCaseExecutor.doExecute(TestCaseExecutor.java:319)
	at com.kms.katalon.core.main.TestCaseExecutor.processExecutionPhase(TestCaseExecutor.java:298)
	at com.kms.katalon.core.main.TestCaseExecutor.accessMainPhase(TestCaseExecutor.java:290)
	at com.kms.katalon.core.main.TestCaseExecutor.execute(TestCaseExecutor.java:224)
	at com.kms.katalon.core.main.TestSuiteExecutor.accessTestCaseMainPhase(TestSuiteExecutor.java:129)
	at com.kms.katalon.core.main.TestSuiteExecutor.accessTestSuiteMainPhase(TestSuiteExecutor.java:112)
	at com.kms.katalon.core.main.TestSuiteExecutor.execute(TestSuiteExecutor.java:81)
	at com.kms.katalon.core.main.TestCaseMain.startTestSuite(TestCaseMain.java:149)
	at com.kms.katalon.core.main.TestCaseMain$startTestSuite$0.call(Unknown Source)
	at TempTestSuite1573563624301.run(TempTestSuite1573563624301.groovy:36)


2019-11-12 08:07:36 - [MESSAGE][FAILED] - Unable to call Test Case 'Test Cases/mobileWeb/_include/filter_stm' (Root cause: com.kms.katalon.core.exception.StepFailedException: Call Test Case 'Test Cases/mobileWeb/_include/filter_stm' failed)

2019-11-12 08:07:36 - [MESSAGE][FAILED] - callTestCase(findTestCase("mobileWeb/_include/filter_stm"), ["carrier":"advanthealth"], STOP_ON_FAILURE) FAILED.
Reason:
com.kms.katalon.core.exception.StepFailedException: Unable to click on object 'Object Repository/mobileSanity/STM/STM Quote Page/a_Show Plans' (Root cause: org.openqa.selenium.WebDriverException: unknown error: Element <a href="#" class="js-show-plans c-filter-modal-v3__show-plans" type="button">...</a> is not clickable at point (187, 629). Other element would receive the click: <iframe src="https://secure.livechatinc.com/licence/11465608/v2/open_chat.cgi?license=11465608&amp;group=0&amp;embedded=1&amp;widget_version=3&amp;unique_groups=0" allowtransparency="true" allow="autoplay" id="chat-widget" name="chat-widget" scrolling="no" role="application" aria-label="LiveChat chat widget" style="width: 100%; height: 100%; min-height: 0px; min-width: 0px; margin: 0px; padding: 0px; background-image: none; background-position: 0% 0%; background-size: initial; background-attachment: scroll; background-origin: initial; background-clip: initial; background-color: rgba(0, 0, 0, 0); border-width: 0px; float: none; position: absolute; top: 0px; left: 0px; bottom: 0px; right: 0px; transition: none 0s ease 0s !important;"></iframe>
  (Session info: chrome=78.0.3904.70)
  (Driver info: chromedriver=2.43.600210 (68dcf5eebde37173d4027fa8635e332711d2874a),platform=Windows NT 6.3.9600 x86_64) (WARNING: The server did not provide any stacktrace information)
Command duration or timeout: 0 milliseconds
Build info: version: '3.7.1', revision: '8a0099a', time: '2017-11-06T21:07:36.161Z'
System info: host: 'WIN-U215233FMVE', ip: '172.30.0.53', os.name: 'Windows Server 2012 R2', os.arch: 'amd64', os.version: '6.3', java.version: '1.8.0_181'
Driver info: com.kms.katalon.selenium.driver.CChromeDriver
Capabilities {acceptInsecureCerts: false, acceptSslCerts: false, applicationCacheEnabled: false, browserConnectionEnabled: false, browserName: chrome, chrome: {chromedriverVersion: 2.43.600210 (68dcf5eebde371..., userDataDir: C:\Users\ADMINI~1\AppData\L...}, cssSelectorsEnabled: true, databaseEnabled: false, goog:chromeOptions: {debuggerAddress: localhost:62269}, handlesAlerts: true, hasTouchScreen: true, javascriptEnabled: true, locationContextEnabled: true, mobileEmulationEnabled: true, nativeEvents: true, networkConnectionEnabled: false, pageLoadStrategy: normal, platform: XP, platformName: XP, rotatable: false, setWindowRect: true, takesHeapSnapshot: true, takesScreenshot: true, unexpectedAlertBehaviour: , unhandledPromptBehavior: , version: 78.0.3904.70, webStorageEnabled: true}
Session ID: 9a37b74db64b987f6dab96876992bf3e)
	at com.kms.katalon.core.keyword.internal.KeywordMain.stepFailed(KeywordMain.groovy:32)
	at com.kms.katalon.core.webui.keyword.internal.WebUIKeywordMain.stepFailed(WebUIKeywordMain.groovy:65)
	at com.kms.katalon.core.webui.keyword.internal.WebUIKeywordMain.runKeyword(WebUIKeywordMain.groovy:27)
	at com.kms.katalon.core.webui.keyword.builtin.ClickKeyword.click(ClickKeyword.groovy:86)
	at com.kms.katalon.core.webui.keyword.builtin.ClickKeyword.execute(ClickKeyword.groovy:67)
	at com.kms.katalon.core.keyword.internal.KeywordExecutor.executeKeywordForPlatform(KeywordExecutor.groovy:53)
	at com.kms.katalon.core.webui.keyword.WebUiBuiltInKeywords.click(WebUiBuiltInKeywords.groovy:616)
	at com.kms.katalon.core.webui.keyword.WebUiBuiltInKeywords$click$3.call(Unknown Source)
	at filter_stm.run(filter_stm:46)
	at com.kms.katalon.core.main.ScriptEngine.run(ScriptEngine.java:194)
	at com.kms.katalon.core.main.ScriptEngine.runScriptAsRawText(ScriptEngine.java:119)
	at com.kms.katalon.core.main.TestCaseExecutor.runScript(TestCaseExecutor.java:328)
	at com.kms.katalon.core.main.TestCaseExecutor.doExecute(TestCaseExecutor.java:319)
	at com.kms.katalon.core.main.TestCaseExecutor.processExecutionPhase(TestCaseExecutor.java:298)
	at com.kms.katalon.core.main.TestCaseExecutor.accessMainPhase(TestCaseExecutor.java:290)
	at com.kms.katalon.core.main.TestCaseExecutor.execute(TestCaseExecutor.java:224)
	at com.kms.katalon.core.main.TestCaseMain.runTestCase(TestCaseMain.java:106)
	at com.kms.katalon.core.keyword.builtin.CallTestCaseKeyword$_callTestCase_closure1.doCall(CallTestCaseKeyword.groovy:59)
	at com.kms.katalon.core.keyword.builtin.CallTestCaseKeyword$_callTestCase_closure1.call(CallTestCaseKeyword.groovy)
	at com.kms.katalon.core.keyword.internal.KeywordMain.runKeyword(KeywordMain.groovy:54)
	at com.kms.katalon.core.keyword.builtin.CallTestCaseKeyword.callTestCase(CallTestCaseKeyword.groovy:80)
	at com.kms.katalon.core.keyword.builtin.CallTestCaseKeyword.execute(CallTestCaseKeyword.groovy:44)
	at com.kms.katalon.core.keyword.internal.KeywordExecutor.executeKeywordForPlatform(KeywordExecutor.groovy:53)
	at com.kms.katalon.core.keyword.BuiltinKeywords.callTestCase(BuiltinKeywords.groovy:334)
	at AdvantHealth.run(AdvantHealth:29)
	at com.kms.katalon.core.main.ScriptEngine.run(ScriptEngine.java:194)
	at com.kms.katalon.core.main.ScriptEngine.runScriptAsRawText(ScriptEngine.java:119)
	at com.kms.katalon.core.main.TestCaseExecutor.runScript(TestCaseExecutor.java:328)
	at com.kms.katalon.core.main.TestCaseExecutor.doExecute(TestCaseExecutor.java:319)
	at com.kms.katalon.core.main.TestCaseExecutor.processExecutionPhase(TestCaseExecutor.java:298)
	at com.kms.katalon.core.main.TestCaseExecutor.accessMainPhase(TestCaseExecutor.java:290)
	at com.kms.katalon.core.main.TestCaseExecutor.execute(TestCaseExecutor.java:224)
	at com.kms.katalon.core.main.TestSuiteExecutor.accessTestCaseMainPhase(TestSuiteExecutor.java:129)
	at com.kms.katalon.core.main.TestSuiteExecutor.accessTestSuiteMainPhase(TestSuiteExecutor.java:112)
	at com.kms.katalon.core.main.TestSuiteExecutor.execute(TestSuiteExecutor.java:81)
	at com.kms.katalon.core.main.TestCaseMain.startTestSuite(TestCaseMain.java:149)
	at com.kms.katalon.core.main.TestCaseMain$startTestSuite$0.call(Unknown Source)
	at TempTestSuite1573563624301.run(TempTestSuite1573563624301.groovy:36)]]></system-out>
         <system-err><![CDATA[2019-11-12 08:07:14 - [TEST_CASE][FAILED] - Test Cases/mobileWeb/stm/AdvantHealth: Test Cases/mobileWeb/stm/AdvantHealth FAILED.
Reason:
com.kms.katalon.core.exception.StepFailedException: Unable to click on object 'Object Repository/mobileSanity/STM/STM Quote Page/a_Show Plans' (Root cause: org.openqa.selenium.WebDriverException: unknown error: Element <a href="#" class="js-show-plans c-filter-modal-v3__show-plans" type="button">...</a> is not clickable at point (187, 629). Other element would receive the click: <iframe src="https://secure.livechatinc.com/licence/11465608/v2/open_chat.cgi?license=11465608&amp;group=0&amp;embedded=1&amp;widget_version=3&amp;unique_groups=0" allowtransparency="true" allow="autoplay" id="chat-widget" name="chat-widget" scrolling="no" role="application" aria-label="LiveChat chat widget" style="width: 100%; height: 100%; min-height: 0px; min-width: 0px; margin: 0px; padding: 0px; background-image: none; background-position: 0% 0%; background-size: initial; background-attachment: scroll; background-origin: initial; background-clip: initial; background-color: rgba(0, 0, 0, 0); border-width: 0px; float: none; position: absolute; top: 0px; left: 0px; bottom: 0px; right: 0px; transition: none 0s ease 0s !important;"></iframe>
  (Session info: chrome=78.0.3904.70)
  (Driver info: chromedriver=2.43.600210 (68dcf5eebde37173d4027fa8635e332711d2874a),platform=Windows NT 6.3.9600 x86_64) (WARNING: The server did not provide any stacktrace information)
Command duration or timeout: 0 milliseconds
Build info: version: '3.7.1', revision: '8a0099a', time: '2017-11-06T21:07:36.161Z'
System info: host: 'WIN-U215233FMVE', ip: '172.30.0.53', os.name: 'Windows Server 2012 R2', os.arch: 'amd64', os.version: '6.3', java.version: '1.8.0_181'
Driver info: com.kms.katalon.selenium.driver.CChromeDriver
Capabilities {acceptInsecureCerts: false, acceptSslCerts: false, applicationCacheEnabled: false, browserConnectionEnabled: false, browserName: chrome, chrome: {chromedriverVersion: 2.43.600210 (68dcf5eebde371..., userDataDir: C:\Users\ADMINI~1\AppData\L...}, cssSelectorsEnabled: true, databaseEnabled: false, goog:chromeOptions: {debuggerAddress: localhost:62269}, handlesAlerts: true, hasTouchScreen: true, javascriptEnabled: true, locationContextEnabled: true, mobileEmulationEnabled: true, nativeEvents: true, networkConnectionEnabled: false, pageLoadStrategy: normal, platform: XP, platformName: XP, rotatable: false, setWindowRect: true, takesHeapSnapshot: true, takesScreenshot: true, unexpectedAlertBehaviour: , unhandledPromptBehavior: , version: 78.0.3904.70, webStorageEnabled: true}
Session ID: 9a37b74db64b987f6dab96876992bf3e)
	at com.kms.katalon.core.keyword.internal.KeywordMain.stepFailed(KeywordMain.groovy:32)
	at com.kms.katalon.core.webui.keyword.internal.WebUIKeywordMain.stepFailed(WebUIKeywordMain.groovy:65)
	at com.kms.katalon.core.webui.keyword.internal.WebUIKeywordMain.runKeyword(WebUIKeywordMain.groovy:27)
	at com.kms.katalon.core.webui.keyword.builtin.ClickKeyword.click(ClickKeyword.groovy:86)
	at com.kms.katalon.core.webui.keyword.builtin.ClickKeyword.execute(ClickKeyword.groovy:67)
	at com.kms.katalon.core.keyword.internal.KeywordExecutor.executeKeywordForPlatform(KeywordExecutor.groovy:53)
	at com.kms.katalon.core.webui.keyword.WebUiBuiltInKeywords.click(WebUiBuiltInKeywords.groovy:616)
	at com.kms.katalon.core.webui.keyword.WebUiBuiltInKeywords$click$3.call(Unknown Source)
	at filter_stm.run(filter_stm:46)
	at com.kms.katalon.core.main.ScriptEngine.run(ScriptEngine.java:194)
	at com.kms.katalon.core.main.ScriptEngine.runScriptAsRawText(ScriptEngine.java:119)
	at com.kms.katalon.core.main.TestCaseExecutor.runScript(TestCaseExecutor.java:328)
	at com.kms.katalon.core.main.TestCaseExecutor.doExecute(TestCaseExecutor.java:319)
	at com.kms.katalon.core.main.TestCaseExecutor.processExecutionPhase(TestCaseExecutor.java:298)
	at com.kms.katalon.core.main.TestCaseExecutor.accessMainPhase(TestCaseExecutor.java:290)
	at com.kms.katalon.core.main.TestCaseExecutor.execute(TestCaseExecutor.java:224)
	at com.kms.katalon.core.main.TestCaseMain.runTestCase(TestCaseMain.java:106)
	at com.kms.katalon.core.keyword.builtin.CallTestCaseKeyword$_callTestCase_closure1.doCall(CallTestCaseKeyword.groovy:59)
	at com.kms.katalon.core.keyword.builtin.CallTestCaseKeyword$_callTestCase_closure1.call(CallTestCaseKeyword.groovy)
	at com.kms.katalon.core.keyword.internal.KeywordMain.runKeyword(KeywordMain.groovy:54)
	at com.kms.katalon.core.keyword.builtin.CallTestCaseKeyword.callTestCase(CallTestCaseKeyword.groovy:80)
	at com.kms.katalon.core.keyword.builtin.CallTestCaseKeyword.execute(CallTestCaseKeyword.groovy:44)
	at com.kms.katalon.core.keyword.internal.KeywordExecutor.executeKeywordForPlatform(KeywordExecutor.groovy:53)
	at com.kms.katalon.core.keyword.BuiltinKeywords.callTestCase(BuiltinKeywords.groovy:334)
	at AdvantHealth.run(AdvantHealth:29)
	at com.kms.katalon.core.main.ScriptEngine.run(ScriptEngine.java:194)
	at com.kms.katalon.core.main.ScriptEngine.runScriptAsRawText(ScriptEngine.java:119)
	at com.kms.katalon.core.main.TestCaseExecutor.runScript(TestCaseExecutor.java:328)
	at com.kms.katalon.core.main.TestCaseExecutor.doExecute(TestCaseExecutor.java:319)
	at com.kms.katalon.core.main.TestCaseExecutor.processExecutionPhase(TestCaseExecutor.java:298)
	at com.kms.katalon.core.main.TestCaseExecutor.accessMainPhase(TestCaseExecutor.java:290)
	at com.kms.katalon.core.main.TestCaseExecutor.execute(TestCaseExecutor.java:224)
	at com.kms.katalon.core.main.TestSuiteExecutor.accessTestCaseMainPhase(TestSuiteExecutor.java:129)
	at com.kms.katalon.core.main.TestSuiteExecutor.accessTestSuiteMainPhase(TestSuiteExecutor.java:112)
	at com.kms.katalon.core.main.TestSuiteExecutor.execute(TestSuiteExecutor.java:81)
	at com.kms.katalon.core.main.TestCaseMain.startTestSuite(TestCaseMain.java:149)
	at com.kms.katalon.core.main.TestCaseMain$startTestSuite$0.call(Unknown Source)
	at TempTestSuite1573563624301.run(TempTestSuite1573563624301.groovy:36)]]></system-err>
      </testcase>
      <testcase name="Test Cases/mobileWeb/stm/Companion" classname="Test Cases/mobileWeb/stm/Companion" status="FAILED">
         <failure type="FAILED" message="Test Cases/mobileWeb/stm/Companion FAILED.
Reason:
com.kms.katalon.core.exception.StepFailedException: Unable to click on object 'Object Repository/mobileSanity/STM/STM Quote Page/a_Show Plans' (Root cause: org.openqa.selenium.WebDriverException: unknown error: Element &lt;a href=&quot;#&quot; class=&quot;js-show-plans c-filter-modal-v3__show-plans&quot; type=&quot;button&quot;>...&lt;/a> is not clickable at point (187, 629). Other element would receive the click: &lt;iframe src=&quot;https://secure.livechatinc.com/licence/11465608/v2/open_chat.cgi?license=11465608&amp;amp;group=0&amp;amp;embedded=1&amp;amp;widget_version=3&amp;amp;unique_groups=0&quot; allowtransparency=&quot;true&quot; allow=&quot;autoplay&quot; id=&quot;chat-widget&quot; name=&quot;chat-widget&quot; scrolling=&quot;no&quot; role=&quot;application&quot; aria-label=&quot;LiveChat chat widget&quot; style=&quot;width: 100%; height: 100%; min-height: 0px; min-width: 0px; margin: 0px; padding: 0px; background-image: none; background-position: 0% 0%; background-size: initial; background-attachment: scroll; background-origin: initial; background-clip: initial; background-color: rgba(0, 0, 0, 0); border-width: 0px; float: none; position: absolute; top: 0px; left: 0px; bottom: 0px; right: 0px; transition: none 0s ease 0s !important;&quot;>&lt;/iframe>
  (Session info: chrome=78.0.3904.70)
  (Driver info: chromedriver=2.43.600210 (68dcf5eebde37173d4027fa8635e332711d2874a),platform=Windows NT 6.3.9600 x86_64) (WARNING: The server did not provide any stacktrace information)
Command duration or timeout: 0 milliseconds
Build info: version: '3.7.1', revision: '8a0099a', time: '2017-11-06T21:07:36.161Z'
System info: host: 'WIN-U215233FMVE', ip: '172.30.0.53', os.name: 'Windows Server 2012 R2', os.arch: 'amd64', os.version: '6.3', java.version: '1.8.0_181'
Driver info: com.kms.katalon.selenium.driver.CChromeDriver
Capabilities {acceptInsecureCerts: false, acceptSslCerts: false, applicationCacheEnabled: false, browserConnectionEnabled: false, browserName: chrome, chrome: {chromedriverVersion: 2.43.600210 (68dcf5eebde371..., userDataDir: C:\Users\ADMINI~1\AppData\L...}, cssSelectorsEnabled: true, databaseEnabled: false, goog:chromeOptions: {debuggerAddress: localhost:62389}, handlesAlerts: true, hasTouchScreen: true, javascriptEnabled: true, locationContextEnabled: true, mobileEmulationEnabled: true, nativeEvents: true, networkConnectionEnabled: false, pageLoadStrategy: normal, platform: XP, platformName: XP, rotatable: false, setWindowRect: true, takesHeapSnapshot: true, takesScreenshot: true, unexpectedAlertBehaviour: , unhandledPromptBehavior: , version: 78.0.3904.70, webStorageEnabled: true}
Session ID: 46b814d129cd8d82ff745f1a6e689249)
	at com.kms.katalon.core.keyword.internal.KeywordMain.stepFailed(KeywordMain.groovy:32)
	at com.kms.katalon.core.webui.keyword.internal.WebUIKeywordMain.stepFailed(WebUIKeywordMain.groovy:65)
	at com.kms.katalon.core.webui.keyword.internal.WebUIKeywordMain.runKeyword(WebUIKeywordMain.groovy:27)
	at com.kms.katalon.core.webui.keyword.builtin.ClickKeyword.click(ClickKeyword.groovy:86)
	at com.kms.katalon.core.webui.keyword.builtin.ClickKeyword.execute(ClickKeyword.groovy:67)
	at com.kms.katalon.core.keyword.internal.KeywordExecutor.executeKeywordForPlatform(KeywordExecutor.groovy:53)
	at com.kms.katalon.core.webui.keyword.WebUiBuiltInKeywords.click(WebUiBuiltInKeywords.groovy:616)
	at com.kms.katalon.core.webui.keyword.WebUiBuiltInKeywords$click$3.call(Unknown Source)
	at filter_stm.run(filter_stm:46)
	at com.kms.katalon.core.main.ScriptEngine.run(ScriptEngine.java:194)
	at com.kms.katalon.core.main.ScriptEngine.runScriptAsRawText(ScriptEngine.java:119)
	at com.kms.katalon.core.main.TestCaseExecutor.runScript(TestCaseExecutor.java:328)
	at com.kms.katalon.core.main.TestCaseExecutor.doExecute(TestCaseExecutor.java:319)
	at com.kms.katalon.core.main.TestCaseExecutor.processExecutionPhase(TestCaseExecutor.java:298)
	at com.kms.katalon.core.main.TestCaseExecutor.accessMainPhase(TestCaseExecutor.java:290)
	at com.kms.katalon.core.main.TestCaseExecutor.execute(TestCaseExecutor.java:224)
	at com.kms.katalon.core.main.TestCaseMain.runTestCase(TestCaseMain.java:106)
	at com.kms.katalon.core.keyword.builtin.CallTestCaseKeyword$_callTestCase_closure1.doCall(CallTestCaseKeyword.groovy:59)
	at com.kms.katalon.core.keyword.builtin.CallTestCaseKeyword$_callTestCase_closure1.call(CallTestCaseKeyword.groovy)
	at com.kms.katalon.core.keyword.internal.KeywordMain.runKeyword(KeywordMain.groovy:54)
	at com.kms.katalon.core.keyword.builtin.CallTestCaseKeyword.callTestCase(CallTestCaseKeyword.groovy:80)
	at com.kms.katalon.core.keyword.builtin.CallTestCaseKeyword.execute(CallTestCaseKeyword.groovy:44)
	at com.kms.katalon.core.keyword.internal.KeywordExecutor.executeKeywordForPlatform(KeywordExecutor.groovy:53)
	at com.kms.katalon.core.keyword.BuiltinKeywords.callTestCase(BuiltinKeywords.groovy:334)
	at Companion.run(Companion:25)
	at com.kms.katalon.core.main.ScriptEngine.run(ScriptEngine.java:194)
	at com.kms.katalon.core.main.ScriptEngine.runScriptAsRawText(ScriptEngine.java:119)
	at com.kms.katalon.core.main.TestCaseExecutor.runScript(TestCaseExecutor.java:328)
	at com.kms.katalon.core.main.TestCaseExecutor.doExecute(TestCaseExecutor.java:319)
	at com.kms.katalon.core.main.TestCaseExecutor.processExecutionPhase(TestCaseExecutor.java:298)
	at com.kms.katalon.core.main.TestCaseExecutor.accessMainPhase(TestCaseExecutor.java:290)
	at com.kms.katalon.core.main.TestCaseExecutor.execute(TestCaseExecutor.java:224)
	at com.kms.katalon.core.main.TestSuiteExecutor.accessTestCaseMainPhase(TestSuiteExecutor.java:129)
	at com.kms.katalon.core.main.TestSuiteExecutor.accessTestSuiteMainPhase(TestSuiteExecutor.java:112)
	at com.kms.katalon.core.main.TestSuiteExecutor.execute(TestSuiteExecutor.java:81)
	at com.kms.katalon.core.main.TestCaseMain.startTestSuite(TestCaseMain.java:149)
	at com.kms.katalon.core.main.TestCaseMain$startTestSuite$0.call(Unknown Source)
	at TempTestSuite1573563624301.run(TempTestSuite1573563624301.groovy:36)
"/>
         <system-out><![CDATA[2019-11-12 08:07:36 - [TEST_CASE][FAILED] - Test Cases/mobileWeb/stm/Companion: Test Cases/mobileWeb/stm/Companion FAILED.
Reason:
com.kms.katalon.core.exception.StepFailedException: Unable to click on object 'Object Repository/mobileSanity/STM/STM Quote Page/a_Show Plans' (Root cause: org.openqa.selenium.WebDriverException: unknown error: Element <a href="#" class="js-show-plans c-filter-modal-v3__show-plans" type="button">...</a> is not clickable at point (187, 629). Other element would receive the click: <iframe src="https://secure.livechatinc.com/licence/11465608/v2/open_chat.cgi?license=11465608&amp;group=0&amp;embedded=1&amp;widget_version=3&amp;unique_groups=0" allowtransparency="true" allow="autoplay" id="chat-widget" name="chat-widget" scrolling="no" role="application" aria-label="LiveChat chat widget" style="width: 100%; height: 100%; min-height: 0px; min-width: 0px; margin: 0px; padding: 0px; background-image: none; background-position: 0% 0%; background-size: initial; background-attachment: scroll; background-origin: initial; background-clip: initial; background-color: rgba(0, 0, 0, 0); border-width: 0px; float: none; position: absolute; top: 0px; left: 0px; bottom: 0px; right: 0px; transition: none 0s ease 0s !important;"></iframe>
  (Session info: chrome=78.0.3904.70)
  (Driver info: chromedriver=2.43.600210 (68dcf5eebde37173d4027fa8635e332711d2874a),platform=Windows NT 6.3.9600 x86_64) (WARNING: The server did not provide any stacktrace information)
Command duration or timeout: 0 milliseconds
Build info: version: '3.7.1', revision: '8a0099a', time: '2017-11-06T21:07:36.161Z'
System info: host: 'WIN-U215233FMVE', ip: '172.30.0.53', os.name: 'Windows Server 2012 R2', os.arch: 'amd64', os.version: '6.3', java.version: '1.8.0_181'
Driver info: com.kms.katalon.selenium.driver.CChromeDriver
Capabilities {acceptInsecureCerts: false, acceptSslCerts: false, applicationCacheEnabled: false, browserConnectionEnabled: false, browserName: chrome, chrome: {chromedriverVersion: 2.43.600210 (68dcf5eebde371..., userDataDir: C:\Users\ADMINI~1\AppData\L...}, cssSelectorsEnabled: true, databaseEnabled: false, goog:chromeOptions: {debuggerAddress: localhost:62389}, handlesAlerts: true, hasTouchScreen: true, javascriptEnabled: true, locationContextEnabled: true, mobileEmulationEnabled: true, nativeEvents: true, networkConnectionEnabled: false, pageLoadStrategy: normal, platform: XP, platformName: XP, rotatable: false, setWindowRect: true, takesHeapSnapshot: true, takesScreenshot: true, unexpectedAlertBehaviour: , unhandledPromptBehavior: , version: 78.0.3904.70, webStorageEnabled: true}
Session ID: 46b814d129cd8d82ff745f1a6e689249)
	at com.kms.katalon.core.keyword.internal.KeywordMain.stepFailed(KeywordMain.groovy:32)
	at com.kms.katalon.core.webui.keyword.internal.WebUIKeywordMain.stepFailed(WebUIKeywordMain.groovy:65)
	at com.kms.katalon.core.webui.keyword.internal.WebUIKeywordMain.runKeyword(WebUIKeywordMain.groovy:27)
	at com.kms.katalon.core.webui.keyword.builtin.ClickKeyword.click(ClickKeyword.groovy:86)
	at com.kms.katalon.core.webui.keyword.builtin.ClickKeyword.execute(ClickKeyword.groovy:67)
	at com.kms.katalon.core.keyword.internal.KeywordExecutor.executeKeywordForPlatform(KeywordExecutor.groovy:53)
	at com.kms.katalon.core.webui.keyword.WebUiBuiltInKeywords.click(WebUiBuiltInKeywords.groovy:616)
	at com.kms.katalon.core.webui.keyword.WebUiBuiltInKeywords$click$3.call(Unknown Source)
	at filter_stm.run(filter_stm:46)
	at com.kms.katalon.core.main.ScriptEngine.run(ScriptEngine.java:194)
	at com.kms.katalon.core.main.ScriptEngine.runScriptAsRawText(ScriptEngine.java:119)
	at com.kms.katalon.core.main.TestCaseExecutor.runScript(TestCaseExecutor.java:328)
	at com.kms.katalon.core.main.TestCaseExecutor.doExecute(TestCaseExecutor.java:319)
	at com.kms.katalon.core.main.TestCaseExecutor.processExecutionPhase(TestCaseExecutor.java:298)
	at com.kms.katalon.core.main.TestCaseExecutor.accessMainPhase(TestCaseExecutor.java:290)
	at com.kms.katalon.core.main.TestCaseExecutor.execute(TestCaseExecutor.java:224)
	at com.kms.katalon.core.main.TestCaseMain.runTestCase(TestCaseMain.java:106)
	at com.kms.katalon.core.keyword.builtin.CallTestCaseKeyword$_callTestCase_closure1.doCall(CallTestCaseKeyword.groovy:59)
	at com.kms.katalon.core.keyword.builtin.CallTestCaseKeyword$_callTestCase_closure1.call(CallTestCaseKeyword.groovy)
	at com.kms.katalon.core.keyword.internal.KeywordMain.runKeyword(KeywordMain.groovy:54)
	at com.kms.katalon.core.keyword.builtin.CallTestCaseKeyword.callTestCase(CallTestCaseKeyword.groovy:80)
	at com.kms.katalon.core.keyword.builtin.CallTestCaseKeyword.execute(CallTestCaseKeyword.groovy:44)
	at com.kms.katalon.core.keyword.internal.KeywordExecutor.executeKeywordForPlatform(KeywordExecutor.groovy:53)
	at com.kms.katalon.core.keyword.BuiltinKeywords.callTestCase(BuiltinKeywords.groovy:334)
	at Companion.run(Companion:25)
	at com.kms.katalon.core.main.ScriptEngine.run(ScriptEngine.java:194)
	at com.kms.katalon.core.main.ScriptEngine.runScriptAsRawText(ScriptEngine.java:119)
	at com.kms.katalon.core.main.TestCaseExecutor.runScript(TestCaseExecutor.java:328)
	at com.kms.katalon.core.main.TestCaseExecutor.doExecute(TestCaseExecutor.java:319)
	at com.kms.katalon.core.main.TestCaseExecutor.processExecutionPhase(TestCaseExecutor.java:298)
	at com.kms.katalon.core.main.TestCaseExecutor.accessMainPhase(TestCaseExecutor.java:290)
	at com.kms.katalon.core.main.TestCaseExecutor.execute(TestCaseExecutor.java:224)
	at com.kms.katalon.core.main.TestSuiteExecutor.accessTestCaseMainPhase(TestSuiteExecutor.java:129)
	at com.kms.katalon.core.main.TestSuiteExecutor.accessTestSuiteMainPhase(TestSuiteExecutor.java:112)
	at com.kms.katalon.core.main.TestSuiteExecutor.execute(TestSuiteExecutor.java:81)
	at com.kms.katalon.core.main.TestCaseMain.startTestSuite(TestCaseMain.java:149)
	at com.kms.katalon.core.main.TestCaseMain$startTestSuite$0.call(Unknown Source)
	at TempTestSuite1573563624301.run(TempTestSuite1573563624301.groovy:36)


2019-11-12 08:07:36 - [TEST_STEP][PASSED] - callTestCase(findTestCase("mobileWeb/_include/get_screenPath"), ["productLine":"stm", "carrierName":"Companion"], CONTINUE_ON_FAILURE): Call Test Case 'Test Cases/mobileWeb/_include/get_screenPath' successfully

2019-11-12 08:07:36 - [TEST_CASE][PASSED] - Test Cases/mobileWeb/_include/get_screenPath: Test Cases/mobileWeb/_include/get_screenPath

2019-11-12 08:07:36 - [TEST_STEP][PASSED] - m = getExecutionProperties(): null

2019-11-12 08:07:36 - [TEST_STEP][PASSED] - deviceName = get("mobileEmulation").get("deviceName"): null

2019-11-12 08:07:36 - [TEST_STEP][PASSED] - println(deviceName): null

2019-11-12 08:07:36 - [TEST_STEP][PASSED] - now = new java.util.Date(): null

2019-11-12 08:07:36 - [TEST_STEP][PASSED] - mydate = now.format("yyyyMMdd_HHmmss"): null

2019-11-12 08:07:36 - [TEST_STEP][PASSED] - screenPath = "../Screenshots/": null

2019-11-12 08:07:36 - [TEST_STEP][PASSED] - screenPath = screenPath + deviceName + "/" + productLine + "/" + carrierName + "/" + mydate + "/": null

2019-11-12 08:07:36 - [TEST_STEP][PASSED] - println(screenPath): null

2019-11-12 08:07:36 - [MESSAGE][PASSED] - Call Test Case 'Test Cases/mobileWeb/_include/get_screenPath' successfully

2019-11-12 08:07:36 - [TEST_STEP][PASSED] - i = 0: null

2019-11-12 08:07:36 - [TEST_STEP][PASSED] - callTestCase(findTestCase("mobileWeb/_include/openWebSite"), [:], CONTINUE_ON_FAILURE): Call Test Case 'Test Cases/mobileWeb/_include/openWebSite' successfully

2019-11-12 08:07:36 - [TEST_CASE][PASSED] - Test Cases/mobileWeb/_include/openWebSite: Test Cases/mobileWeb/_include/openWebSite

2019-11-12 08:07:36 - [TEST_STEP][PASSED] - openBrowser(env): Browser is opened with url: 'https://praetemptatus.agilehealthinsurance.com'

2019-11-12 08:07:36 - [MESSAGE][WARNING] - A browser is already opened. Closing browser and opening a new one

2019-11-12 08:07:37 - [MESSAGE][INFO] - Starting 'Chrome' driver

2019-11-12 08:07:37 - [MESSAGE][INFO] - User set preference: ['mobileEmulation', '{deviceName=iPhone 6}']

2019-11-12 08:07:37 - [MESSAGE][INFO] - User set preference: ['args', '[--incognito, --aggressive-cache-discard, --window-size=375,677, --no-sandbox]']

2019-11-12 08:07:39 - [MESSAGE][PASSED] - Browser is opened with url: 'https://praetemptatus.agilehealthinsurance.com'

2019-11-12 08:07:39 - [TEST_STEP][PASSED] - waitForPageLoad(20): Wait for page load successfully

2019-11-12 08:07:39 - [MESSAGE][PASSED] - Wait for page load successfully

2019-11-12 08:07:39 - [TEST_STEP][PASSED] - callTestCase(findTestCase("mobileWeb/_include/get_screenshot"), [:], STOP_ON_FAILURE): Call Test Case 'Test Cases/mobileWeb/_include/get_screenshot' successfully

2019-11-12 08:07:39 - [TEST_CASE][PASSED] - Test Cases/mobileWeb/_include/get_screenshot: Test Cases/mobileWeb/_include/get_screenshot

2019-11-12 08:07:39 - [TEST_STEP][PASSED] - takeScreenshot(screenPath + i + ".png"): Taking screenshot successfully

2019-11-12 08:07:40 - [MESSAGE][PASSED] - Taking screenshot successfully
[[ATTACHMENT|D:\\Test\\AgileTest\\Reports\\mobileWeb\\stm\\20191112_080024\\../Screenshots/iPhone 6/stm/Companion/20191112_080736/0.png]]

2019-11-12 08:07:40 - [TEST_STEP][PASSED] - (internal.GlobalVariable.i++): null

2019-11-12 08:07:40 - [MESSAGE][PASSED] - Call Test Case 'Test Cases/mobileWeb/_include/get_screenshot' successfully

2019-11-12 08:07:40 - [MESSAGE][PASSED] - Call Test Case 'Test Cases/mobileWeb/_include/openWebSite' successfully

2019-11-12 08:07:40 - [TEST_STEP][PASSED] - callTestCase(findTestCase("mobileWeb/_include/census_stm"), [:], CONTINUE_ON_FAILURE): Call Test Case 'Test Cases/mobileWeb/_include/census_stm' successfully

2019-11-12 08:07:40 - [TEST_CASE][PASSED] - Test Cases/mobileWeb/_include/census_stm: Test Cases/mobileWeb/_include/census_stm

2019-11-12 08:07:40 - [TEST_STEP][PASSED] - waitForElementClickable(findTestObject("mobileSanity/STM/Home Page/a_Quote  Save Today"), 10): Object 'Object Repository/mobileSanity/STM/Home Page/a_Quote  Save Today' is clickable

2019-11-12 08:07:40 - [MESSAGE][PASSED] - Object 'Object Repository/mobileSanity/STM/Home Page/a_Quote  Save Today' is clickable

2019-11-12 08:07:40 - [TEST_STEP][PASSED] - click(findTestObject("mobileSanity/STM/Home Page/a_Quote  Save Today")): Object: 'Object Repository/mobileSanity/STM/Home Page/a_Quote  Save Today' is clicked on

2019-11-12 08:07:41 - [MESSAGE][PASSED] - Object: 'Object Repository/mobileSanity/STM/Home Page/a_Quote  Save Today' is clicked on

2019-11-12 08:07:41 - [TEST_STEP][PASSED] - waitForPageLoad(10): Wait for page load successfully

2019-11-12 08:07:41 - [MESSAGE][PASSED] - Wait for page load successfully

2019-11-12 08:07:41 - [TEST_STEP][PASSED] - callTestCase(findTestCase("mobileWeb/_include/get_screenshot"), [:], STOP_ON_FAILURE): Call Test Case 'Test Cases/mobileWeb/_include/get_screenshot' successfully

2019-11-12 08:07:41 - [TEST_CASE][PASSED] - Test Cases/mobileWeb/_include/get_screenshot: Test Cases/mobileWeb/_include/get_screenshot

2019-11-12 08:07:41 - [TEST_STEP][PASSED] - takeScreenshot(screenPath + i + ".png"): Taking screenshot successfully

2019-11-12 08:07:42 - [MESSAGE][PASSED] - Taking screenshot successfully
[[ATTACHMENT|D:\\Test\\AgileTest\\Reports\\mobileWeb\\stm\\20191112_080024\\../Screenshots/iPhone 6/stm/Companion/20191112_080736/1.png]]

2019-11-12 08:07:42 - [TEST_STEP][PASSED] - (internal.GlobalVariable.i++): null

2019-11-12 08:07:42 - [MESSAGE][PASSED] - Call Test Case 'Test Cases/mobileWeb/_include/get_screenshot' successfully

2019-11-12 08:07:42 - [TEST_STEP][PASSED] - setText(findTestObject("mobileSanity/STM/STM Census Page/input_Location_zip-input"), zipcode): Text '35215' is set on object 'Object Repository/mobileSanity/STM/STM Census Page/input_Location_zip-input'

2019-11-12 08:07:42 - [MESSAGE][PASSED] - Text '35215' is set on object 'Object Repository/mobileSanity/STM/STM Census Page/input_Location_zip-input'

2019-11-12 08:07:42 - [TEST_STEP][PASSED] - Thread.sleep(500): null

2019-11-12 08:07:42 - [TEST_STEP][PASSED] - setText(findTestObject("mobileSanity/STM/STM Census Page/input_Date of Birth_dob-0"), "03031987"): Text '03031987' is set on object 'Object Repository/mobileSanity/STM/STM Census Page/input_Date of Birth_dob-0'

2019-11-12 08:07:42 - [MESSAGE][PASSED] - Text '03031987' is set on object 'Object Repository/mobileSanity/STM/STM Census Page/input_Date of Birth_dob-0'

2019-11-12 08:07:42 - [TEST_STEP][PASSED] - click(findTestObject("mobileSanity/STM/STM Census Page/label_Male")): Object: 'Object Repository/mobileSanity/STM/STM Census Page/label_Male' is clicked on

2019-11-12 08:07:43 - [MESSAGE][PASSED] - Object: 'Object Repository/mobileSanity/STM/STM Census Page/label_Male' is clicked on

2019-11-12 08:07:43 - [TEST_STEP][PASSED] - click(findTestObject("mobileSanity/STM/STM Census Page/label_Compare Plans")): Object: 'Object Repository/mobileSanity/STM/STM Census Page/label_Compare Plans' is clicked on

2019-11-12 08:07:44 - [MESSAGE][PASSED] - Object: 'Object Repository/mobileSanity/STM/STM Census Page/label_Compare Plans' is clicked on

2019-11-12 08:07:44 - [TEST_STEP][PASSED] - waitForElementVisible(findTestObject("mobileSanity/STM/STM Quote Page/button_sort"), 20): Object 'Object Repository/mobileSanity/STM/STM Quote Page/button_sort' is visible

2019-11-12 08:07:45 - [MESSAGE][PASSED] - Object 'Object Repository/mobileSanity/STM/STM Quote Page/button_sort' is visible

2019-11-12 08:07:45 - [TEST_STEP][PASSED] - Thread.sleep(3000): null

2019-11-12 08:07:48 - [TEST_STEP][PASSED] - callTestCase(findTestCase("mobileWeb/_include/get_screenshot"), [:], STOP_ON_FAILURE): Call Test Case 'Test Cases/mobileWeb/_include/get_screenshot' successfully

2019-11-12 08:07:48 - [TEST_CASE][PASSED] - Test Cases/mobileWeb/_include/get_screenshot: Test Cases/mobileWeb/_include/get_screenshot

2019-11-12 08:07:48 - [TEST_STEP][PASSED] - takeScreenshot(screenPath + i + ".png"): Taking screenshot successfully

2019-11-12 08:07:48 - [MESSAGE][PASSED] - Taking screenshot successfully
[[ATTACHMENT|D:\\Test\\AgileTest\\Reports\\mobileWeb\\stm\\20191112_080024\\../Screenshots/iPhone 6/stm/Companion/20191112_080736/2.png]]

2019-11-12 08:07:48 - [TEST_STEP][PASSED] - (internal.GlobalVariable.i++): null

2019-11-12 08:07:48 - [MESSAGE][PASSED] - Call Test Case 'Test Cases/mobileWeb/_include/get_screenshot' successfully

2019-11-12 08:07:48 - [TEST_STEP][PASSED] - Thread.sleep(1000): null

2019-11-12 08:07:49 - [MESSAGE][PASSED] - Call Test Case 'Test Cases/mobileWeb/_include/census_stm' successfully

2019-11-12 08:07:49 - [TEST_STEP][FAILED] - callTestCase(findTestCase("mobileWeb/_include/filter_stm"), ["carrier":"pivotcompanion"], STOP_ON_FAILURE): callTestCase(findTestCase("mobileWeb/_include/filter_stm"), ["carrier":"pivotcompanion"], STOP_ON_FAILURE) FAILED.
Reason:
com.kms.katalon.core.exception.StepFailedException: Unable to click on object 'Object Repository/mobileSanity/STM/STM Quote Page/a_Show Plans' (Root cause: org.openqa.selenium.WebDriverException: unknown error: Element <a href="#" class="js-show-plans c-filter-modal-v3__show-plans" type="button">...</a> is not clickable at point (187, 629). Other element would receive the click: <iframe src="https://secure.livechatinc.com/licence/11465608/v2/open_chat.cgi?license=11465608&amp;group=0&amp;embedded=1&amp;widget_version=3&amp;unique_groups=0" allowtransparency="true" allow="autoplay" id="chat-widget" name="chat-widget" scrolling="no" role="application" aria-label="LiveChat chat widget" style="width: 100%; height: 100%; min-height: 0px; min-width: 0px; margin: 0px; padding: 0px; background-image: none; background-position: 0% 0%; background-size: initial; background-attachment: scroll; background-origin: initial; background-clip: initial; background-color: rgba(0, 0, 0, 0); border-width: 0px; float: none; position: absolute; top: 0px; left: 0px; bottom: 0px; right: 0px; transition: none 0s ease 0s !important;"></iframe>
  (Session info: chrome=78.0.3904.70)
  (Driver info: chromedriver=2.43.600210 (68dcf5eebde37173d4027fa8635e332711d2874a),platform=Windows NT 6.3.9600 x86_64) (WARNING: The server did not provide any stacktrace information)
Command duration or timeout: 0 milliseconds
Build info: version: '3.7.1', revision: '8a0099a', time: '2017-11-06T21:07:36.161Z'
System info: host: 'WIN-U215233FMVE', ip: '172.30.0.53', os.name: 'Windows Server 2012 R2', os.arch: 'amd64', os.version: '6.3', java.version: '1.8.0_181'
Driver info: com.kms.katalon.selenium.driver.CChromeDriver
Capabilities {acceptInsecureCerts: false, acceptSslCerts: false, applicationCacheEnabled: false, browserConnectionEnabled: false, browserName: chrome, chrome: {chromedriverVersion: 2.43.600210 (68dcf5eebde371..., userDataDir: C:\Users\ADMINI~1\AppData\L...}, cssSelectorsEnabled: true, databaseEnabled: false, goog:chromeOptions: {debuggerAddress: localhost:62389}, handlesAlerts: true, hasTouchScreen: true, javascriptEnabled: true, locationContextEnabled: true, mobileEmulationEnabled: true, nativeEvents: true, networkConnectionEnabled: false, pageLoadStrategy: normal, platform: XP, platformName: XP, rotatable: false, setWindowRect: true, takesHeapSnapshot: true, takesScreenshot: true, unexpectedAlertBehaviour: , unhandledPromptBehavior: , version: 78.0.3904.70, webStorageEnabled: true}
Session ID: 46b814d129cd8d82ff745f1a6e689249)
	at com.kms.katalon.core.keyword.internal.KeywordMain.stepFailed(KeywordMain.groovy:32)
	at com.kms.katalon.core.webui.keyword.internal.WebUIKeywordMain.stepFailed(WebUIKeywordMain.groovy:65)
	at com.kms.katalon.core.webui.keyword.internal.WebUIKeywordMain.runKeyword(WebUIKeywordMain.groovy:27)
	at com.kms.katalon.core.webui.keyword.builtin.ClickKeyword.click(ClickKeyword.groovy:86)
	at com.kms.katalon.core.webui.keyword.builtin.ClickKeyword.execute(ClickKeyword.groovy:67)
	at com.kms.katalon.core.keyword.internal.KeywordExecutor.executeKeywordForPlatform(KeywordExecutor.groovy:53)
	at com.kms.katalon.core.webui.keyword.WebUiBuiltInKeywords.click(WebUiBuiltInKeywords.groovy:616)
	at com.kms.katalon.core.webui.keyword.WebUiBuiltInKeywords$click$3.call(Unknown Source)
	at filter_stm.run(filter_stm:46)
	at com.kms.katalon.core.main.ScriptEngine.run(ScriptEngine.java:194)
	at com.kms.katalon.core.main.ScriptEngine.runScriptAsRawText(ScriptEngine.java:119)
	at com.kms.katalon.core.main.TestCaseExecutor.runScript(TestCaseExecutor.java:328)
	at com.kms.katalon.core.main.TestCaseExecutor.doExecute(TestCaseExecutor.java:319)
	at com.kms.katalon.core.main.TestCaseExecutor.processExecutionPhase(TestCaseExecutor.java:298)
	at com.kms.katalon.core.main.TestCaseExecutor.accessMainPhase(TestCaseExecutor.java:290)
	at com.kms.katalon.core.main.TestCaseExecutor.execute(TestCaseExecutor.java:224)
	at com.kms.katalon.core.main.TestCaseMain.runTestCase(TestCaseMain.java:106)
	at com.kms.katalon.core.keyword.builtin.CallTestCaseKeyword$_callTestCase_closure1.doCall(CallTestCaseKeyword.groovy:59)
	at com.kms.katalon.core.keyword.builtin.CallTestCaseKeyword$_callTestCase_closure1.call(CallTestCaseKeyword.groovy)
	at com.kms.katalon.core.keyword.internal.KeywordMain.runKeyword(KeywordMain.groovy:54)
	at com.kms.katalon.core.keyword.builtin.CallTestCaseKeyword.callTestCase(CallTestCaseKeyword.groovy:80)
	at com.kms.katalon.core.keyword.builtin.CallTestCaseKeyword.execute(CallTestCaseKeyword.groovy:44)
	at com.kms.katalon.core.keyword.internal.KeywordExecutor.executeKeywordForPlatform(KeywordExecutor.groovy:53)
	at com.kms.katalon.core.keyword.BuiltinKeywords.callTestCase(BuiltinKeywords.groovy:334)
	at Companion.run(Companion:25)
	at com.kms.katalon.core.main.ScriptEngine.run(ScriptEngine.java:194)
	at com.kms.katalon.core.main.ScriptEngine.runScriptAsRawText(ScriptEngine.java:119)
	at com.kms.katalon.core.main.TestCaseExecutor.runScript(TestCaseExecutor.java:328)
	at com.kms.katalon.core.main.TestCaseExecutor.doExecute(TestCaseExecutor.java:319)
	at com.kms.katalon.core.main.TestCaseExecutor.processExecutionPhase(TestCaseExecutor.java:298)
	at com.kms.katalon.core.main.TestCaseExecutor.accessMainPhase(TestCaseExecutor.java:290)
	at com.kms.katalon.core.main.TestCaseExecutor.execute(TestCaseExecutor.java:224)
	at com.kms.katalon.core.main.TestSuiteExecutor.accessTestCaseMainPhase(TestSuiteExecutor.java:129)
	at com.kms.katalon.core.main.TestSuiteExecutor.accessTestSuiteMainPhase(TestSuiteExecutor.java:112)
	at com.kms.katalon.core.main.TestSuiteExecutor.execute(TestSuiteExecutor.java:81)
	at com.kms.katalon.core.main.TestCaseMain.startTestSuite(TestCaseMain.java:149)
	at com.kms.katalon.core.main.TestCaseMain$startTestSuite$0.call(Unknown Source)
	at TempTestSuite1573563624301.run(TempTestSuite1573563624301.groovy:36)


2019-11-12 08:07:49 - [TEST_CASE][FAILED] - Test Cases/mobileWeb/_include/filter_stm: Test Cases/mobileWeb/_include/filter_stm FAILED.
Reason:
com.kms.katalon.core.exception.StepFailedException: Unable to click on object 'Object Repository/mobileSanity/STM/STM Quote Page/a_Show Plans' (Root cause: org.openqa.selenium.WebDriverException: unknown error: Element <a href="#" class="js-show-plans c-filter-modal-v3__show-plans" type="button">...</a> is not clickable at point (187, 629). Other element would receive the click: <iframe src="https://secure.livechatinc.com/licence/11465608/v2/open_chat.cgi?license=11465608&amp;group=0&amp;embedded=1&amp;widget_version=3&amp;unique_groups=0" allowtransparency="true" allow="autoplay" id="chat-widget" name="chat-widget" scrolling="no" role="application" aria-label="LiveChat chat widget" style="width: 100%; height: 100%; min-height: 0px; min-width: 0px; margin: 0px; padding: 0px; background-image: none; background-position: 0% 0%; background-size: initial; background-attachment: scroll; background-origin: initial; background-clip: initial; background-color: rgba(0, 0, 0, 0); border-width: 0px; float: none; position: absolute; top: 0px; left: 0px; bottom: 0px; right: 0px; transition: none 0s ease 0s !important;"></iframe>
  (Session info: chrome=78.0.3904.70)
  (Driver info: chromedriver=2.43.600210 (68dcf5eebde37173d4027fa8635e332711d2874a),platform=Windows NT 6.3.9600 x86_64) (WARNING: The server did not provide any stacktrace information)
Command duration or timeout: 0 milliseconds
Build info: version: '3.7.1', revision: '8a0099a', time: '2017-11-06T21:07:36.161Z'
System info: host: 'WIN-U215233FMVE', ip: '172.30.0.53', os.name: 'Windows Server 2012 R2', os.arch: 'amd64', os.version: '6.3', java.version: '1.8.0_181'
Driver info: com.kms.katalon.selenium.driver.CChromeDriver
Capabilities {acceptInsecureCerts: false, acceptSslCerts: false, applicationCacheEnabled: false, browserConnectionEnabled: false, browserName: chrome, chrome: {chromedriverVersion: 2.43.600210 (68dcf5eebde371..., userDataDir: C:\Users\ADMINI~1\AppData\L...}, cssSelectorsEnabled: true, databaseEnabled: false, goog:chromeOptions: {debuggerAddress: localhost:62389}, handlesAlerts: true, hasTouchScreen: true, javascriptEnabled: true, locationContextEnabled: true, mobileEmulationEnabled: true, nativeEvents: true, networkConnectionEnabled: false, pageLoadStrategy: normal, platform: XP, platformName: XP, rotatable: false, setWindowRect: true, takesHeapSnapshot: true, takesScreenshot: true, unexpectedAlertBehaviour: , unhandledPromptBehavior: , version: 78.0.3904.70, webStorageEnabled: true}
Session ID: 46b814d129cd8d82ff745f1a6e689249)
	at com.kms.katalon.core.keyword.internal.KeywordMain.stepFailed(KeywordMain.groovy:32)
	at com.kms.katalon.core.webui.keyword.internal.WebUIKeywordMain.stepFailed(WebUIKeywordMain.groovy:65)
	at com.kms.katalon.core.webui.keyword.internal.WebUIKeywordMain.runKeyword(WebUIKeywordMain.groovy:27)
	at com.kms.katalon.core.webui.keyword.builtin.ClickKeyword.click(ClickKeyword.groovy:86)
	at com.kms.katalon.core.webui.keyword.builtin.ClickKeyword.execute(ClickKeyword.groovy:67)
	at com.kms.katalon.core.keyword.internal.KeywordExecutor.executeKeywordForPlatform(KeywordExecutor.groovy:53)
	at com.kms.katalon.core.webui.keyword.WebUiBuiltInKeywords.click(WebUiBuiltInKeywords.groovy:616)
	at com.kms.katalon.core.webui.keyword.WebUiBuiltInKeywords$click$3.call(Unknown Source)
	at filter_stm.run(filter_stm:46)
	at com.kms.katalon.core.main.ScriptEngine.run(ScriptEngine.java:194)
	at com.kms.katalon.core.main.ScriptEngine.runScriptAsRawText(ScriptEngine.java:119)
	at com.kms.katalon.core.main.TestCaseExecutor.runScript(TestCaseExecutor.java:328)
	at com.kms.katalon.core.main.TestCaseExecutor.doExecute(TestCaseExecutor.java:319)
	at com.kms.katalon.core.main.TestCaseExecutor.processExecutionPhase(TestCaseExecutor.java:298)
	at com.kms.katalon.core.main.TestCaseExecutor.accessMainPhase(TestCaseExecutor.java:290)
	at com.kms.katalon.core.main.TestCaseExecutor.execute(TestCaseExecutor.java:224)
	at com.kms.katalon.core.main.TestCaseMain.runTestCase(TestCaseMain.java:106)
	at com.kms.katalon.core.keyword.builtin.CallTestCaseKeyword$_callTestCase_closure1.doCall(CallTestCaseKeyword.groovy:59)
	at com.kms.katalon.core.keyword.builtin.CallTestCaseKeyword$_callTestCase_closure1.call(CallTestCaseKeyword.groovy)
	at com.kms.katalon.core.keyword.internal.KeywordMain.runKeyword(KeywordMain.groovy:54)
	at com.kms.katalon.core.keyword.builtin.CallTestCaseKeyword.callTestCase(CallTestCaseKeyword.groovy:80)
	at com.kms.katalon.core.keyword.builtin.CallTestCaseKeyword.execute(CallTestCaseKeyword.groovy:44)
	at com.kms.katalon.core.keyword.internal.KeywordExecutor.executeKeywordForPlatform(KeywordExecutor.groovy:53)
	at com.kms.katalon.core.keyword.BuiltinKeywords.callTestCase(BuiltinKeywords.groovy:334)
	at Companion.run(Companion:25)
	at com.kms.katalon.core.main.ScriptEngine.run(ScriptEngine.java:194)
	at com.kms.katalon.core.main.ScriptEngine.runScriptAsRawText(ScriptEngine.java:119)
	at com.kms.katalon.core.main.TestCaseExecutor.runScript(TestCaseExecutor.java:328)
	at com.kms.katalon.core.main.TestCaseExecutor.doExecute(TestCaseExecutor.java:319)
	at com.kms.katalon.core.main.TestCaseExecutor.processExecutionPhase(TestCaseExecutor.java:298)
	at com.kms.katalon.core.main.TestCaseExecutor.accessMainPhase(TestCaseExecutor.java:290)
	at com.kms.katalon.core.main.TestCaseExecutor.execute(TestCaseExecutor.java:224)
	at com.kms.katalon.core.main.TestSuiteExecutor.accessTestCaseMainPhase(TestSuiteExecutor.java:129)
	at com.kms.katalon.core.main.TestSuiteExecutor.accessTestSuiteMainPhase(TestSuiteExecutor.java:112)
	at com.kms.katalon.core.main.TestSuiteExecutor.execute(TestSuiteExecutor.java:81)
	at com.kms.katalon.core.main.TestCaseMain.startTestSuite(TestCaseMain.java:149)
	at com.kms.katalon.core.main.TestCaseMain$startTestSuite$0.call(Unknown Source)
	at TempTestSuite1573563624301.run(TempTestSuite1573563624301.groovy:36)


2019-11-12 08:07:49 - [TEST_STEP][PASSED] - driver = getWebDriver(): null

2019-11-12 08:07:49 - [TEST_STEP][PASSED] - selenium = new com.thoughtworks.selenium.webdriven.WebDriverBackedSelenium(driver, internal.GlobalVariable.ENV): null

2019-11-12 08:07:49 - [TEST_STEP][PASSED] - Thread.sleep(1000): null

2019-11-12 08:07:50 - [TEST_STEP][PASSED] - click(findTestObject("mobileSanity/STM/STM Quote Page/button_filters")): Object: 'Object Repository/mobileSanity/STM/STM Quote Page/button_filters' is clicked on

2019-11-12 08:07:51 - [MESSAGE][PASSED] - Object: 'Object Repository/mobileSanity/STM/STM Quote Page/button_filters' is clicked on

2019-11-12 08:07:51 - [TEST_STEP][PASSED] - Thread.sleep(1000): null

2019-11-12 08:07:52 - [TEST_STEP][PASSED] - click(findTestObject("mobileSanity/STM/STM Quote Page/i_Insurance company")): Object: 'Object Repository/mobileSanity/STM/STM Quote Page/i_Insurance company' is clicked on

2019-11-12 08:07:52 - [MESSAGE][PASSED] - Object: 'Object Repository/mobileSanity/STM/STM Quote Page/i_Insurance company' is clicked on

2019-11-12 08:07:52 - [TEST_STEP][PASSED] - Thread.sleep(1000): null

2019-11-12 08:07:53 - [TEST_STEP][PASSED] - filter_carrier = "//input[@name='filter[carrier]' and @value='" + carrier + "']/following::label": null

2019-11-12 08:07:53 - [TEST_STEP][PASSED] - println(filter_carrier): null

2019-11-12 08:07:53 - [TEST_STEP][PASSED] - test.MobileKeywords.clickJS_ByXpath(filter_carrier): test.MobileKeywords.clickJS_ByXpath is PASSED

2019-11-12 08:07:53 - [MESSAGE][PASSED] - Execute JavaScript 'arguments[0].click()' successfully

2019-11-12 08:07:53 - [MESSAGE][PASSED] - test.MobileKeywords.clickJS_ByXpath is PASSED

2019-11-12 08:07:53 - [TEST_STEP][PASSED] - Thread.sleep(1000): null

2019-11-12 08:07:54 - [TEST_STEP][PASSED] - scrollToElement(findTestObject("mobileSanity/STM/STM Quote Page/a_Show Plans"), 1000): Scroll to object 'Object Repository/mobileSanity/STM/STM Quote Page/a_Show Plans' successfully

2019-11-12 08:07:54 - [MESSAGE][PASSED] - Scroll to object 'Object Repository/mobileSanity/STM/STM Quote Page/a_Show Plans' successfully

2019-11-12 08:07:54 - [TEST_STEP][FAILED] - click(findTestObject("mobileSanity/STM/STM Quote Page/a_Show Plans")): Unable to click on object 'Object Repository/mobileSanity/STM/STM Quote Page/a_Show Plans' (Root cause: org.openqa.selenium.WebDriverException: unknown error: Element <a href="#" class="js-show-plans c-filter-modal-v3__show-plans" type="button">...</a> is not clickable at point (187, 629). Other element would receive the click: <iframe src="https://secure.livechatinc.com/licence/11465608/v2/open_chat.cgi?license=11465608&amp;group=0&amp;embedded=1&amp;widget_version=3&amp;unique_groups=0" allowtransparency="true" allow="autoplay" id="chat-widget" name="chat-widget" scrolling="no" role="application" aria-label="LiveChat chat widget" style="width: 100%; height: 100%; min-height: 0px; min-width: 0px; margin: 0px; padding: 0px; background-image: none; background-position: 0% 0%; background-size: initial; background-attachment: scroll; background-origin: initial; background-clip: initial; background-color: rgba(0, 0, 0, 0); border-width: 0px; float: none; position: absolute; top: 0px; left: 0px; bottom: 0px; right: 0px; transition: none 0s ease 0s !important;"></iframe>
  (Session info: chrome=78.0.3904.70)
  (Driver info: chromedriver=2.43.600210 (68dcf5eebde37173d4027fa8635e332711d2874a),platform=Windows NT 6.3.9600 x86_64) (WARNING: The server did not provide any stacktrace information)
Command duration or timeout: 0 milliseconds
Build info: version: '3.7.1', revision: '8a0099a', time: '2017-11-06T21:07:36.161Z'
System info: host: 'WIN-U215233FMVE', ip: '172.30.0.53', os.name: 'Windows Server 2012 R2', os.arch: 'amd64', os.version: '6.3', java.version: '1.8.0_181'
Driver info: com.kms.katalon.selenium.driver.CChromeDriver
Capabilities {acceptInsecureCerts: false, acceptSslCerts: false, applicationCacheEnabled: false, browserConnectionEnabled: false, browserName: chrome, chrome: {chromedriverVersion: 2.43.600210 (68dcf5eebde371..., userDataDir: C:\Users\ADMINI~1\AppData\L...}, cssSelectorsEnabled: true, databaseEnabled: false, goog:chromeOptions: {debuggerAddress: localhost:62389}, handlesAlerts: true, hasTouchScreen: true, javascriptEnabled: true, locationContextEnabled: true, mobileEmulationEnabled: true, nativeEvents: true, networkConnectionEnabled: false, pageLoadStrategy: normal, platform: XP, platformName: XP, rotatable: false, setWindowRect: true, takesHeapSnapshot: true, takesScreenshot: true, unexpectedAlertBehaviour: , unhandledPromptBehavior: , version: 78.0.3904.70, webStorageEnabled: true}
Session ID: 46b814d129cd8d82ff745f1a6e689249)

2019-11-12 08:07:54 - [MESSAGE][FAILED] - Unable to click on object 'Object Repository/mobileSanity/STM/STM Quote Page/a_Show Plans' (Root cause: org.openqa.selenium.WebDriverException: unknown error: Element <a href="#" class="js-show-plans c-filter-modal-v3__show-plans" type="button">...</a> is not clickable at point (187, 629). Other element would receive the click: <iframe src="https://secure.livechatinc.com/licence/11465608/v2/open_chat.cgi?license=11465608&amp;group=0&amp;embedded=1&amp;widget_version=3&amp;unique_groups=0" allowtransparency="true" allow="autoplay" id="chat-widget" name="chat-widget" scrolling="no" role="application" aria-label="LiveChat chat widget" style="width: 100%; height: 100%; min-height: 0px; min-width: 0px; margin: 0px; padding: 0px; background-image: none; background-position: 0% 0%; background-size: initial; background-attachment: scroll; background-origin: initial; background-clip: initial; background-color: rgba(0, 0, 0, 0); border-width: 0px; float: none; position: absolute; top: 0px; left: 0px; bottom: 0px; right: 0px; transition: none 0s ease 0s !important;"></iframe>
  (Session info: chrome=78.0.3904.70)
  (Driver info: chromedriver=2.43.600210 (68dcf5eebde37173d4027fa8635e332711d2874a),platform=Windows NT 6.3.9600 x86_64) (WARNING: The server did not provide any stacktrace information)
Command duration or timeout: 0 milliseconds
Build info: version: '3.7.1', revision: '8a0099a', time: '2017-11-06T21:07:36.161Z'
System info: host: 'WIN-U215233FMVE', ip: '172.30.0.53', os.name: 'Windows Server 2012 R2', os.arch: 'amd64', os.version: '6.3', java.version: '1.8.0_181'
Driver info: com.kms.katalon.selenium.driver.CChromeDriver
Capabilities {acceptInsecureCerts: false, acceptSslCerts: false, applicationCacheEnabled: false, browserConnectionEnabled: false, browserName: chrome, chrome: {chromedriverVersion: 2.43.600210 (68dcf5eebde371..., userDataDir: C:\Users\ADMINI~1\AppData\L...}, cssSelectorsEnabled: true, databaseEnabled: false, goog:chromeOptions: {debuggerAddress: localhost:62389}, handlesAlerts: true, hasTouchScreen: true, javascriptEnabled: true, locationContextEnabled: true, mobileEmulationEnabled: true, nativeEvents: true, networkConnectionEnabled: false, pageLoadStrategy: normal, platform: XP, platformName: XP, rotatable: false, setWindowRect: true, takesHeapSnapshot: true, takesScreenshot: true, unexpectedAlertBehaviour: , unhandledPromptBehavior: , version: 78.0.3904.70, webStorageEnabled: true}
Session ID: 46b814d129cd8d82ff745f1a6e689249)
[[ATTACHMENT|D:\\Test\\AgileTest\\Reports\\mobileWeb\\stm\\20191112_080024\\1573564074374.png]]

2019-11-12 08:07:54 - [TEST_STEP][PASSED] - waitForJQueryLoad(20, STOP_ON_FAILURE): jQuery is ready.

2019-11-12 08:07:54 - [MESSAGE][PASSED] - jQuery is ready.

2019-11-12 08:07:54 - [TEST_STEP][PASSED] - Thread.sleep(2000): null

2019-11-12 08:07:56 - [TEST_STEP][FAILED] - callTestCase(findTestCase("mobileWeb/_include/get_screenshot"), [:], STOP_ON_FAILURE): callTestCase(findTestCase("mobileWeb/_include/get_screenshot"), [:], STOP_ON_FAILURE) FAILED.
Reason:
com.kms.katalon.core.exception.StepFailedException: Unable to click on object 'Object Repository/mobileSanity/STM/STM Quote Page/a_Show Plans' (Root cause: org.openqa.selenium.WebDriverException: unknown error: Element <a href="#" class="js-show-plans c-filter-modal-v3__show-plans" type="button">...</a> is not clickable at point (187, 629). Other element would receive the click: <iframe src="https://secure.livechatinc.com/licence/11465608/v2/open_chat.cgi?license=11465608&amp;group=0&amp;embedded=1&amp;widget_version=3&amp;unique_groups=0" allowtransparency="true" allow="autoplay" id="chat-widget" name="chat-widget" scrolling="no" role="application" aria-label="LiveChat chat widget" style="width: 100%; height: 100%; min-height: 0px; min-width: 0px; margin: 0px; padding: 0px; background-image: none; background-position: 0% 0%; background-size: initial; background-attachment: scroll; background-origin: initial; background-clip: initial; background-color: rgba(0, 0, 0, 0); border-width: 0px; float: none; position: absolute; top: 0px; left: 0px; bottom: 0px; right: 0px; transition: none 0s ease 0s !important;"></iframe>
  (Session info: chrome=78.0.3904.70)
  (Driver info: chromedriver=2.43.600210 (68dcf5eebde37173d4027fa8635e332711d2874a),platform=Windows NT 6.3.9600 x86_64) (WARNING: The server did not provide any stacktrace information)
Command duration or timeout: 0 milliseconds
Build info: version: '3.7.1', revision: '8a0099a', time: '2017-11-06T21:07:36.161Z'
System info: host: 'WIN-U215233FMVE', ip: '172.30.0.53', os.name: 'Windows Server 2012 R2', os.arch: 'amd64', os.version: '6.3', java.version: '1.8.0_181'
Driver info: com.kms.katalon.selenium.driver.CChromeDriver
Capabilities {acceptInsecureCerts: false, acceptSslCerts: false, applicationCacheEnabled: false, browserConnectionEnabled: false, browserName: chrome, chrome: {chromedriverVersion: 2.43.600210 (68dcf5eebde371..., userDataDir: C:\Users\ADMINI~1\AppData\L...}, cssSelectorsEnabled: true, databaseEnabled: false, goog:chromeOptions: {debuggerAddress: localhost:62389}, handlesAlerts: true, hasTouchScreen: true, javascriptEnabled: true, locationContextEnabled: true, mobileEmulationEnabled: true, nativeEvents: true, networkConnectionEnabled: false, pageLoadStrategy: normal, platform: XP, platformName: XP, rotatable: false, setWindowRect: true, takesHeapSnapshot: true, takesScreenshot: true, unexpectedAlertBehaviour: , unhandledPromptBehavior: , version: 78.0.3904.70, webStorageEnabled: true}
Session ID: 46b814d129cd8d82ff745f1a6e689249)
	at com.kms.katalon.core.keyword.internal.KeywordMain.stepFailed(KeywordMain.groovy:32)
	at com.kms.katalon.core.webui.keyword.internal.WebUIKeywordMain.stepFailed(WebUIKeywordMain.groovy:65)
	at com.kms.katalon.core.webui.keyword.internal.WebUIKeywordMain.runKeyword(WebUIKeywordMain.groovy:27)
	at com.kms.katalon.core.webui.keyword.builtin.ClickKeyword.click(ClickKeyword.groovy:86)
	at com.kms.katalon.core.webui.keyword.builtin.ClickKeyword.execute(ClickKeyword.groovy:67)
	at com.kms.katalon.core.keyword.internal.KeywordExecutor.executeKeywordForPlatform(KeywordExecutor.groovy:53)
	at com.kms.katalon.core.webui.keyword.WebUiBuiltInKeywords.click(WebUiBuiltInKeywords.groovy:616)
	at com.kms.katalon.core.webui.keyword.WebUiBuiltInKeywords$click$3.call(Unknown Source)
	at filter_stm.run(filter_stm:46)
	at com.kms.katalon.core.main.ScriptEngine.run(ScriptEngine.java:194)
	at com.kms.katalon.core.main.ScriptEngine.runScriptAsRawText(ScriptEngine.java:119)
	at com.kms.katalon.core.main.TestCaseExecutor.runScript(TestCaseExecutor.java:328)
	at com.kms.katalon.core.main.TestCaseExecutor.doExecute(TestCaseExecutor.java:319)
	at com.kms.katalon.core.main.TestCaseExecutor.processExecutionPhase(TestCaseExecutor.java:298)
	at com.kms.katalon.core.main.TestCaseExecutor.accessMainPhase(TestCaseExecutor.java:290)
	at com.kms.katalon.core.main.TestCaseExecutor.execute(TestCaseExecutor.java:224)
	at com.kms.katalon.core.main.TestCaseMain.runTestCase(TestCaseMain.java:106)
	at com.kms.katalon.core.keyword.builtin.CallTestCaseKeyword$_callTestCase_closure1.doCall(CallTestCaseKeyword.groovy:59)
	at com.kms.katalon.core.keyword.builtin.CallTestCaseKeyword$_callTestCase_closure1.call(CallTestCaseKeyword.groovy)
	at com.kms.katalon.core.keyword.internal.KeywordMain.runKeyword(KeywordMain.groovy:54)
	at com.kms.katalon.core.keyword.builtin.CallTestCaseKeyword.callTestCase(CallTestCaseKeyword.groovy:80)
	at com.kms.katalon.core.keyword.builtin.CallTestCaseKeyword.execute(CallTestCaseKeyword.groovy:44)
	at com.kms.katalon.core.keyword.internal.KeywordExecutor.executeKeywordForPlatform(KeywordExecutor.groovy:53)
	at com.kms.katalon.core.keyword.BuiltinKeywords.callTestCase(BuiltinKeywords.groovy:334)
	at Companion.run(Companion:25)
	at com.kms.katalon.core.main.ScriptEngine.run(ScriptEngine.java:194)
	at com.kms.katalon.core.main.ScriptEngine.runScriptAsRawText(ScriptEngine.java:119)
	at com.kms.katalon.core.main.TestCaseExecutor.runScript(TestCaseExecutor.java:328)
	at com.kms.katalon.core.main.TestCaseExecutor.doExecute(TestCaseExecutor.java:319)
	at com.kms.katalon.core.main.TestCaseExecutor.processExecutionPhase(TestCaseExecutor.java:298)
	at com.kms.katalon.core.main.TestCaseExecutor.accessMainPhase(TestCaseExecutor.java:290)
	at com.kms.katalon.core.main.TestCaseExecutor.execute(TestCaseExecutor.java:224)
	at com.kms.katalon.core.main.TestSuiteExecutor.accessTestCaseMainPhase(TestSuiteExecutor.java:129)
	at com.kms.katalon.core.main.TestSuiteExecutor.accessTestSuiteMainPhase(TestSuiteExecutor.java:112)
	at com.kms.katalon.core.main.TestSuiteExecutor.execute(TestSuiteExecutor.java:81)
	at com.kms.katalon.core.main.TestCaseMain.startTestSuite(TestCaseMain.java:149)
	at com.kms.katalon.core.main.TestCaseMain$startTestSuite$0.call(Unknown Source)
	at TempTestSuite1573563624301.run(TempTestSuite1573563624301.groovy:36)


2019-11-12 08:07:56 - [TEST_CASE][PASSED] - Test Cases/mobileWeb/_include/get_screenshot: Test Cases/mobileWeb/_include/get_screenshot

2019-11-12 08:07:56 - [TEST_STEP][PASSED] - takeScreenshot(screenPath + i + ".png"): Taking screenshot successfully

2019-11-12 08:07:57 - [MESSAGE][PASSED] - Taking screenshot successfully
[[ATTACHMENT|D:\\Test\\AgileTest\\Reports\\mobileWeb\\stm\\20191112_080024\\../Screenshots/iPhone 6/stm/Companion/20191112_080736/3.png]]

2019-11-12 08:07:57 - [TEST_STEP][PASSED] - (internal.GlobalVariable.i++): null

2019-11-12 08:07:57 - [MESSAGE][PASSED] - Call Test Case 'Test Cases/mobileWeb/_include/get_screenshot' successfully

2019-11-12 08:07:57 - [MESSAGE][FAILED] - callTestCase(findTestCase("mobileWeb/_include/get_screenshot"), [:], STOP_ON_FAILURE) FAILED.
Reason:
com.kms.katalon.core.exception.StepFailedException: Unable to click on object 'Object Repository/mobileSanity/STM/STM Quote Page/a_Show Plans' (Root cause: org.openqa.selenium.WebDriverException: unknown error: Element <a href="#" class="js-show-plans c-filter-modal-v3__show-plans" type="button">...</a> is not clickable at point (187, 629). Other element would receive the click: <iframe src="https://secure.livechatinc.com/licence/11465608/v2/open_chat.cgi?license=11465608&amp;group=0&amp;embedded=1&amp;widget_version=3&amp;unique_groups=0" allowtransparency="true" allow="autoplay" id="chat-widget" name="chat-widget" scrolling="no" role="application" aria-label="LiveChat chat widget" style="width: 100%; height: 100%; min-height: 0px; min-width: 0px; margin: 0px; padding: 0px; background-image: none; background-position: 0% 0%; background-size: initial; background-attachment: scroll; background-origin: initial; background-clip: initial; background-color: rgba(0, 0, 0, 0); border-width: 0px; float: none; position: absolute; top: 0px; left: 0px; bottom: 0px; right: 0px; transition: none 0s ease 0s !important;"></iframe>
  (Session info: chrome=78.0.3904.70)
  (Driver info: chromedriver=2.43.600210 (68dcf5eebde37173d4027fa8635e332711d2874a),platform=Windows NT 6.3.9600 x86_64) (WARNING: The server did not provide any stacktrace information)
Command duration or timeout: 0 milliseconds
Build info: version: '3.7.1', revision: '8a0099a', time: '2017-11-06T21:07:36.161Z'
System info: host: 'WIN-U215233FMVE', ip: '172.30.0.53', os.name: 'Windows Server 2012 R2', os.arch: 'amd64', os.version: '6.3', java.version: '1.8.0_181'
Driver info: com.kms.katalon.selenium.driver.CChromeDriver
Capabilities {acceptInsecureCerts: false, acceptSslCerts: false, applicationCacheEnabled: false, browserConnectionEnabled: false, browserName: chrome, chrome: {chromedriverVersion: 2.43.600210 (68dcf5eebde371..., userDataDir: C:\Users\ADMINI~1\AppData\L...}, cssSelectorsEnabled: true, databaseEnabled: false, goog:chromeOptions: {debuggerAddress: localhost:62389}, handlesAlerts: true, hasTouchScreen: true, javascriptEnabled: true, locationContextEnabled: true, mobileEmulationEnabled: true, nativeEvents: true, networkConnectionEnabled: false, pageLoadStrategy: normal, platform: XP, platformName: XP, rotatable: false, setWindowRect: true, takesHeapSnapshot: true, takesScreenshot: true, unexpectedAlertBehaviour: , unhandledPromptBehavior: , version: 78.0.3904.70, webStorageEnabled: true}
Session ID: 46b814d129cd8d82ff745f1a6e689249)
	at com.kms.katalon.core.keyword.internal.KeywordMain.stepFailed(KeywordMain.groovy:32)
	at com.kms.katalon.core.webui.keyword.internal.WebUIKeywordMain.stepFailed(WebUIKeywordMain.groovy:65)
	at com.kms.katalon.core.webui.keyword.internal.WebUIKeywordMain.runKeyword(WebUIKeywordMain.groovy:27)
	at com.kms.katalon.core.webui.keyword.builtin.ClickKeyword.click(ClickKeyword.groovy:86)
	at com.kms.katalon.core.webui.keyword.builtin.ClickKeyword.execute(ClickKeyword.groovy:67)
	at com.kms.katalon.core.keyword.internal.KeywordExecutor.executeKeywordForPlatform(KeywordExecutor.groovy:53)
	at com.kms.katalon.core.webui.keyword.WebUiBuiltInKeywords.click(WebUiBuiltInKeywords.groovy:616)
	at com.kms.katalon.core.webui.keyword.WebUiBuiltInKeywords$click$3.call(Unknown Source)
	at filter_stm.run(filter_stm:46)
	at com.kms.katalon.core.main.ScriptEngine.run(ScriptEngine.java:194)
	at com.kms.katalon.core.main.ScriptEngine.runScriptAsRawText(ScriptEngine.java:119)
	at com.kms.katalon.core.main.TestCaseExecutor.runScript(TestCaseExecutor.java:328)
	at com.kms.katalon.core.main.TestCaseExecutor.doExecute(TestCaseExecutor.java:319)
	at com.kms.katalon.core.main.TestCaseExecutor.processExecutionPhase(TestCaseExecutor.java:298)
	at com.kms.katalon.core.main.TestCaseExecutor.accessMainPhase(TestCaseExecutor.java:290)
	at com.kms.katalon.core.main.TestCaseExecutor.execute(TestCaseExecutor.java:224)
	at com.kms.katalon.core.main.TestCaseMain.runTestCase(TestCaseMain.java:106)
	at com.kms.katalon.core.keyword.builtin.CallTestCaseKeyword$_callTestCase_closure1.doCall(CallTestCaseKeyword.groovy:59)
	at com.kms.katalon.core.keyword.builtin.CallTestCaseKeyword$_callTestCase_closure1.call(CallTestCaseKeyword.groovy)
	at com.kms.katalon.core.keyword.internal.KeywordMain.runKeyword(KeywordMain.groovy:54)
	at com.kms.katalon.core.keyword.builtin.CallTestCaseKeyword.callTestCase(CallTestCaseKeyword.groovy:80)
	at com.kms.katalon.core.keyword.builtin.CallTestCaseKeyword.execute(CallTestCaseKeyword.groovy:44)
	at com.kms.katalon.core.keyword.internal.KeywordExecutor.executeKeywordForPlatform(KeywordExecutor.groovy:53)
	at com.kms.katalon.core.keyword.BuiltinKeywords.callTestCase(BuiltinKeywords.groovy:334)
	at Companion.run(Companion:25)
	at com.kms.katalon.core.main.ScriptEngine.run(ScriptEngine.java:194)
	at com.kms.katalon.core.main.ScriptEngine.runScriptAsRawText(ScriptEngine.java:119)
	at com.kms.katalon.core.main.TestCaseExecutor.runScript(TestCaseExecutor.java:328)
	at com.kms.katalon.core.main.TestCaseExecutor.doExecute(TestCaseExecutor.java:319)
	at com.kms.katalon.core.main.TestCaseExecutor.processExecutionPhase(TestCaseExecutor.java:298)
	at com.kms.katalon.core.main.TestCaseExecutor.accessMainPhase(TestCaseExecutor.java:290)
	at com.kms.katalon.core.main.TestCaseExecutor.execute(TestCaseExecutor.java:224)
	at com.kms.katalon.core.main.TestSuiteExecutor.accessTestCaseMainPhase(TestSuiteExecutor.java:129)
	at com.kms.katalon.core.main.TestSuiteExecutor.accessTestSuiteMainPhase(TestSuiteExecutor.java:112)
	at com.kms.katalon.core.main.TestSuiteExecutor.execute(TestSuiteExecutor.java:81)
	at com.kms.katalon.core.main.TestCaseMain.startTestSuite(TestCaseMain.java:149)
	at com.kms.katalon.core.main.TestCaseMain$startTestSuite$0.call(Unknown Source)
	at TempTestSuite1573563624301.run(TempTestSuite1573563624301.groovy:36)


2019-11-12 08:07:57 - [MESSAGE][FAILED] - Unable to call Test Case 'Test Cases/mobileWeb/_include/filter_stm' (Root cause: com.kms.katalon.core.exception.StepFailedException: Call Test Case 'Test Cases/mobileWeb/_include/filter_stm' failed)

2019-11-12 08:07:57 - [MESSAGE][FAILED] - callTestCase(findTestCase("mobileWeb/_include/filter_stm"), ["carrier":"pivotcompanion"], STOP_ON_FAILURE) FAILED.
Reason:
com.kms.katalon.core.exception.StepFailedException: Unable to click on object 'Object Repository/mobileSanity/STM/STM Quote Page/a_Show Plans' (Root cause: org.openqa.selenium.WebDriverException: unknown error: Element <a href="#" class="js-show-plans c-filter-modal-v3__show-plans" type="button">...</a> is not clickable at point (187, 629). Other element would receive the click: <iframe src="https://secure.livechatinc.com/licence/11465608/v2/open_chat.cgi?license=11465608&amp;group=0&amp;embedded=1&amp;widget_version=3&amp;unique_groups=0" allowtransparency="true" allow="autoplay" id="chat-widget" name="chat-widget" scrolling="no" role="application" aria-label="LiveChat chat widget" style="width: 100%; height: 100%; min-height: 0px; min-width: 0px; margin: 0px; padding: 0px; background-image: none; background-position: 0% 0%; background-size: initial; background-attachment: scroll; background-origin: initial; background-clip: initial; background-color: rgba(0, 0, 0, 0); border-width: 0px; float: none; position: absolute; top: 0px; left: 0px; bottom: 0px; right: 0px; transition: none 0s ease 0s !important;"></iframe>
  (Session info: chrome=78.0.3904.70)
  (Driver info: chromedriver=2.43.600210 (68dcf5eebde37173d4027fa8635e332711d2874a),platform=Windows NT 6.3.9600 x86_64) (WARNING: The server did not provide any stacktrace information)
Command duration or timeout: 0 milliseconds
Build info: version: '3.7.1', revision: '8a0099a', time: '2017-11-06T21:07:36.161Z'
System info: host: 'WIN-U215233FMVE', ip: '172.30.0.53', os.name: 'Windows Server 2012 R2', os.arch: 'amd64', os.version: '6.3', java.version: '1.8.0_181'
Driver info: com.kms.katalon.selenium.driver.CChromeDriver
Capabilities {acceptInsecureCerts: false, acceptSslCerts: false, applicationCacheEnabled: false, browserConnectionEnabled: false, browserName: chrome, chrome: {chromedriverVersion: 2.43.600210 (68dcf5eebde371..., userDataDir: C:\Users\ADMINI~1\AppData\L...}, cssSelectorsEnabled: true, databaseEnabled: false, goog:chromeOptions: {debuggerAddress: localhost:62389}, handlesAlerts: true, hasTouchScreen: true, javascriptEnabled: true, locationContextEnabled: true, mobileEmulationEnabled: true, nativeEvents: true, networkConnectionEnabled: false, pageLoadStrategy: normal, platform: XP, platformName: XP, rotatable: false, setWindowRect: true, takesHeapSnapshot: true, takesScreenshot: true, unexpectedAlertBehaviour: , unhandledPromptBehavior: , version: 78.0.3904.70, webStorageEnabled: true}
Session ID: 46b814d129cd8d82ff745f1a6e689249)
	at com.kms.katalon.core.keyword.internal.KeywordMain.stepFailed(KeywordMain.groovy:32)
	at com.kms.katalon.core.webui.keyword.internal.WebUIKeywordMain.stepFailed(WebUIKeywordMain.groovy:65)
	at com.kms.katalon.core.webui.keyword.internal.WebUIKeywordMain.runKeyword(WebUIKeywordMain.groovy:27)
	at com.kms.katalon.core.webui.keyword.builtin.ClickKeyword.click(ClickKeyword.groovy:86)
	at com.kms.katalon.core.webui.keyword.builtin.ClickKeyword.execute(ClickKeyword.groovy:67)
	at com.kms.katalon.core.keyword.internal.KeywordExecutor.executeKeywordForPlatform(KeywordExecutor.groovy:53)
	at com.kms.katalon.core.webui.keyword.WebUiBuiltInKeywords.click(WebUiBuiltInKeywords.groovy:616)
	at com.kms.katalon.core.webui.keyword.WebUiBuiltInKeywords$click$3.call(Unknown Source)
	at filter_stm.run(filter_stm:46)
	at com.kms.katalon.core.main.ScriptEngine.run(ScriptEngine.java:194)
	at com.kms.katalon.core.main.ScriptEngine.runScriptAsRawText(ScriptEngine.java:119)
	at com.kms.katalon.core.main.TestCaseExecutor.runScript(TestCaseExecutor.java:328)
	at com.kms.katalon.core.main.TestCaseExecutor.doExecute(TestCaseExecutor.java:319)
	at com.kms.katalon.core.main.TestCaseExecutor.processExecutionPhase(TestCaseExecutor.java:298)
	at com.kms.katalon.core.main.TestCaseExecutor.accessMainPhase(TestCaseExecutor.java:290)
	at com.kms.katalon.core.main.TestCaseExecutor.execute(TestCaseExecutor.java:224)
	at com.kms.katalon.core.main.TestCaseMain.runTestCase(TestCaseMain.java:106)
	at com.kms.katalon.core.keyword.builtin.CallTestCaseKeyword$_callTestCase_closure1.doCall(CallTestCaseKeyword.groovy:59)
	at com.kms.katalon.core.keyword.builtin.CallTestCaseKeyword$_callTestCase_closure1.call(CallTestCaseKeyword.groovy)
	at com.kms.katalon.core.keyword.internal.KeywordMain.runKeyword(KeywordMain.groovy:54)
	at com.kms.katalon.core.keyword.builtin.CallTestCaseKeyword.callTestCase(CallTestCaseKeyword.groovy:80)
	at com.kms.katalon.core.keyword.builtin.CallTestCaseKeyword.execute(CallTestCaseKeyword.groovy:44)
	at com.kms.katalon.core.keyword.internal.KeywordExecutor.executeKeywordForPlatform(KeywordExecutor.groovy:53)
	at com.kms.katalon.core.keyword.BuiltinKeywords.callTestCase(BuiltinKeywords.groovy:334)
	at Companion.run(Companion:25)
	at com.kms.katalon.core.main.ScriptEngine.run(ScriptEngine.java:194)
	at com.kms.katalon.core.main.ScriptEngine.runScriptAsRawText(ScriptEngine.java:119)
	at com.kms.katalon.core.main.TestCaseExecutor.runScript(TestCaseExecutor.java:328)
	at com.kms.katalon.core.main.TestCaseExecutor.doExecute(TestCaseExecutor.java:319)
	at com.kms.katalon.core.main.TestCaseExecutor.processExecutionPhase(TestCaseExecutor.java:298)
	at com.kms.katalon.core.main.TestCaseExecutor.accessMainPhase(TestCaseExecutor.java:290)
	at com.kms.katalon.core.main.TestCaseExecutor.execute(TestCaseExecutor.java:224)
	at com.kms.katalon.core.main.TestSuiteExecutor.accessTestCaseMainPhase(TestSuiteExecutor.java:129)
	at com.kms.katalon.core.main.TestSuiteExecutor.accessTestSuiteMainPhase(TestSuiteExecutor.java:112)
	at com.kms.katalon.core.main.TestSuiteExecutor.execute(TestSuiteExecutor.java:81)
	at com.kms.katalon.core.main.TestCaseMain.startTestSuite(TestCaseMain.java:149)
	at com.kms.katalon.core.main.TestCaseMain$startTestSuite$0.call(Unknown Source)
	at TempTestSuite1573563624301.run(TempTestSuite1573563624301.groovy:36)]]></system-out>
         <system-err><![CDATA[2019-11-12 08:07:36 - [TEST_CASE][FAILED] - Test Cases/mobileWeb/stm/Companion: Test Cases/mobileWeb/stm/Companion FAILED.
Reason:
com.kms.katalon.core.exception.StepFailedException: Unable to click on object 'Object Repository/mobileSanity/STM/STM Quote Page/a_Show Plans' (Root cause: org.openqa.selenium.WebDriverException: unknown error: Element <a href="#" class="js-show-plans c-filter-modal-v3__show-plans" type="button">...</a> is not clickable at point (187, 629). Other element would receive the click: <iframe src="https://secure.livechatinc.com/licence/11465608/v2/open_chat.cgi?license=11465608&amp;group=0&amp;embedded=1&amp;widget_version=3&amp;unique_groups=0" allowtransparency="true" allow="autoplay" id="chat-widget" name="chat-widget" scrolling="no" role="application" aria-label="LiveChat chat widget" style="width: 100%; height: 100%; min-height: 0px; min-width: 0px; margin: 0px; padding: 0px; background-image: none; background-position: 0% 0%; background-size: initial; background-attachment: scroll; background-origin: initial; background-clip: initial; background-color: rgba(0, 0, 0, 0); border-width: 0px; float: none; position: absolute; top: 0px; left: 0px; bottom: 0px; right: 0px; transition: none 0s ease 0s !important;"></iframe>
  (Session info: chrome=78.0.3904.70)
  (Driver info: chromedriver=2.43.600210 (68dcf5eebde37173d4027fa8635e332711d2874a),platform=Windows NT 6.3.9600 x86_64) (WARNING: The server did not provide any stacktrace information)
Command duration or timeout: 0 milliseconds
Build info: version: '3.7.1', revision: '8a0099a', time: '2017-11-06T21:07:36.161Z'
System info: host: 'WIN-U215233FMVE', ip: '172.30.0.53', os.name: 'Windows Server 2012 R2', os.arch: 'amd64', os.version: '6.3', java.version: '1.8.0_181'
Driver info: com.kms.katalon.selenium.driver.CChromeDriver
Capabilities {acceptInsecureCerts: false, acceptSslCerts: false, applicationCacheEnabled: false, browserConnectionEnabled: false, browserName: chrome, chrome: {chromedriverVersion: 2.43.600210 (68dcf5eebde371..., userDataDir: C:\Users\ADMINI~1\AppData\L...}, cssSelectorsEnabled: true, databaseEnabled: false, goog:chromeOptions: {debuggerAddress: localhost:62389}, handlesAlerts: true, hasTouchScreen: true, javascriptEnabled: true, locationContextEnabled: true, mobileEmulationEnabled: true, nativeEvents: true, networkConnectionEnabled: false, pageLoadStrategy: normal, platform: XP, platformName: XP, rotatable: false, setWindowRect: true, takesHeapSnapshot: true, takesScreenshot: true, unexpectedAlertBehaviour: , unhandledPromptBehavior: , version: 78.0.3904.70, webStorageEnabled: true}
Session ID: 46b814d129cd8d82ff745f1a6e689249)
	at com.kms.katalon.core.keyword.internal.KeywordMain.stepFailed(KeywordMain.groovy:32)
	at com.kms.katalon.core.webui.keyword.internal.WebUIKeywordMain.stepFailed(WebUIKeywordMain.groovy:65)
	at com.kms.katalon.core.webui.keyword.internal.WebUIKeywordMain.runKeyword(WebUIKeywordMain.groovy:27)
	at com.kms.katalon.core.webui.keyword.builtin.ClickKeyword.click(ClickKeyword.groovy:86)
	at com.kms.katalon.core.webui.keyword.builtin.ClickKeyword.execute(ClickKeyword.groovy:67)
	at com.kms.katalon.core.keyword.internal.KeywordExecutor.executeKeywordForPlatform(KeywordExecutor.groovy:53)
	at com.kms.katalon.core.webui.keyword.WebUiBuiltInKeywords.click(WebUiBuiltInKeywords.groovy:616)
	at com.kms.katalon.core.webui.keyword.WebUiBuiltInKeywords$click$3.call(Unknown Source)
	at filter_stm.run(filter_stm:46)
	at com.kms.katalon.core.main.ScriptEngine.run(ScriptEngine.java:194)
	at com.kms.katalon.core.main.ScriptEngine.runScriptAsRawText(ScriptEngine.java:119)
	at com.kms.katalon.core.main.TestCaseExecutor.runScript(TestCaseExecutor.java:328)
	at com.kms.katalon.core.main.TestCaseExecutor.doExecute(TestCaseExecutor.java:319)
	at com.kms.katalon.core.main.TestCaseExecutor.processExecutionPhase(TestCaseExecutor.java:298)
	at com.kms.katalon.core.main.TestCaseExecutor.accessMainPhase(TestCaseExecutor.java:290)
	at com.kms.katalon.core.main.TestCaseExecutor.execute(TestCaseExecutor.java:224)
	at com.kms.katalon.core.main.TestCaseMain.runTestCase(TestCaseMain.java:106)
	at com.kms.katalon.core.keyword.builtin.CallTestCaseKeyword$_callTestCase_closure1.doCall(CallTestCaseKeyword.groovy:59)
	at com.kms.katalon.core.keyword.builtin.CallTestCaseKeyword$_callTestCase_closure1.call(CallTestCaseKeyword.groovy)
	at com.kms.katalon.core.keyword.internal.KeywordMain.runKeyword(KeywordMain.groovy:54)
	at com.kms.katalon.core.keyword.builtin.CallTestCaseKeyword.callTestCase(CallTestCaseKeyword.groovy:80)
	at com.kms.katalon.core.keyword.builtin.CallTestCaseKeyword.execute(CallTestCaseKeyword.groovy:44)
	at com.kms.katalon.core.keyword.internal.KeywordExecutor.executeKeywordForPlatform(KeywordExecutor.groovy:53)
	at com.kms.katalon.core.keyword.BuiltinKeywords.callTestCase(BuiltinKeywords.groovy:334)
	at Companion.run(Companion:25)
	at com.kms.katalon.core.main.ScriptEngine.run(ScriptEngine.java:194)
	at com.kms.katalon.core.main.ScriptEngine.runScriptAsRawText(ScriptEngine.java:119)
	at com.kms.katalon.core.main.TestCaseExecutor.runScript(TestCaseExecutor.java:328)
	at com.kms.katalon.core.main.TestCaseExecutor.doExecute(TestCaseExecutor.java:319)
	at com.kms.katalon.core.main.TestCaseExecutor.processExecutionPhase(TestCaseExecutor.java:298)
	at com.kms.katalon.core.main.TestCaseExecutor.accessMainPhase(TestCaseExecutor.java:290)
	at com.kms.katalon.core.main.TestCaseExecutor.execute(TestCaseExecutor.java:224)
	at com.kms.katalon.core.main.TestSuiteExecutor.accessTestCaseMainPhase(TestSuiteExecutor.java:129)
	at com.kms.katalon.core.main.TestSuiteExecutor.accessTestSuiteMainPhase(TestSuiteExecutor.java:112)
	at com.kms.katalon.core.main.TestSuiteExecutor.execute(TestSuiteExecutor.java:81)
	at com.kms.katalon.core.main.TestCaseMain.startTestSuite(TestCaseMain.java:149)
	at com.kms.katalon.core.main.TestCaseMain$startTestSuite$0.call(Unknown Source)
	at TempTestSuite1573563624301.run(TempTestSuite1573563624301.groovy:36)]]></system-err>
      </testcase>
      <testcase name="Test Cases/mobileWeb/stm/Everest" classname="Test Cases/mobileWeb/stm/Everest" status="FAILED">
         <failure type="FAILED" message="Test Cases/mobileWeb/stm/Everest FAILED.
Reason:
com.kms.katalon.core.exception.StepFailedException: Unable to click on object 'Object Repository/mobileSanity/STM/STM Quote Page/a_Show Plans' (Root cause: org.openqa.selenium.WebDriverException: unknown error: Element &lt;a href=&quot;#&quot; class=&quot;js-show-plans c-filter-modal-v3__show-plans&quot; type=&quot;button&quot;>...&lt;/a> is not clickable at point (187, 629). Other element would receive the click: &lt;iframe src=&quot;https://secure.livechatinc.com/licence/11465608/v2/open_chat.cgi?license=11465608&amp;amp;group=0&amp;amp;embedded=1&amp;amp;widget_version=3&amp;amp;unique_groups=0&quot; allowtransparency=&quot;true&quot; allow=&quot;autoplay&quot; id=&quot;chat-widget&quot; name=&quot;chat-widget&quot; scrolling=&quot;no&quot; role=&quot;application&quot; aria-label=&quot;LiveChat chat widget&quot; style=&quot;width: 100%; height: 100%; min-height: 0px; min-width: 0px; margin: 0px; padding: 0px; background-image: none; background-position: 0% 0%; background-size: initial; background-attachment: scroll; background-origin: initial; background-clip: initial; background-color: rgba(0, 0, 0, 0); border-width: 0px; float: none; position: absolute; top: 0px; left: 0px; bottom: 0px; right: 0px; transition: none 0s ease 0s !important;&quot;>&lt;/iframe>
  (Session info: chrome=78.0.3904.70)
  (Driver info: chromedriver=2.43.600210 (68dcf5eebde37173d4027fa8635e332711d2874a),platform=Windows NT 6.3.9600 x86_64) (WARNING: The server did not provide any stacktrace information)
Command duration or timeout: 0 milliseconds
Build info: version: '3.7.1', revision: '8a0099a', time: '2017-11-06T21:07:36.161Z'
System info: host: 'WIN-U215233FMVE', ip: '172.30.0.53', os.name: 'Windows Server 2012 R2', os.arch: 'amd64', os.version: '6.3', java.version: '1.8.0_181'
Driver info: com.kms.katalon.selenium.driver.CChromeDriver
Capabilities {acceptInsecureCerts: false, acceptSslCerts: false, applicationCacheEnabled: false, browserConnectionEnabled: false, browserName: chrome, chrome: {chromedriverVersion: 2.43.600210 (68dcf5eebde371..., userDataDir: C:\Users\ADMINI~1\AppData\L...}, cssSelectorsEnabled: true, databaseEnabled: false, goog:chromeOptions: {debuggerAddress: localhost:62507}, handlesAlerts: true, hasTouchScreen: true, javascriptEnabled: true, locationContextEnabled: true, mobileEmulationEnabled: true, nativeEvents: true, networkConnectionEnabled: false, pageLoadStrategy: normal, platform: XP, platformName: XP, rotatable: false, setWindowRect: true, takesHeapSnapshot: true, takesScreenshot: true, unexpectedAlertBehaviour: , unhandledPromptBehavior: , version: 78.0.3904.70, webStorageEnabled: true}
Session ID: bb702cda63c55c33ab1c75c2fdd7210a)
	at com.kms.katalon.core.keyword.internal.KeywordMain.stepFailed(KeywordMain.groovy:32)
	at com.kms.katalon.core.webui.keyword.internal.WebUIKeywordMain.stepFailed(WebUIKeywordMain.groovy:65)
	at com.kms.katalon.core.webui.keyword.internal.WebUIKeywordMain.runKeyword(WebUIKeywordMain.groovy:27)
	at com.kms.katalon.core.webui.keyword.builtin.ClickKeyword.click(ClickKeyword.groovy:86)
	at com.kms.katalon.core.webui.keyword.builtin.ClickKeyword.execute(ClickKeyword.groovy:67)
	at com.kms.katalon.core.keyword.internal.KeywordExecutor.executeKeywordForPlatform(KeywordExecutor.groovy:53)
	at com.kms.katalon.core.webui.keyword.WebUiBuiltInKeywords.click(WebUiBuiltInKeywords.groovy:616)
	at com.kms.katalon.core.webui.keyword.WebUiBuiltInKeywords$click$3.call(Unknown Source)
	at filter_stm.run(filter_stm:46)
	at com.kms.katalon.core.main.ScriptEngine.run(ScriptEngine.java:194)
	at com.kms.katalon.core.main.ScriptEngine.runScriptAsRawText(ScriptEngine.java:119)
	at com.kms.katalon.core.main.TestCaseExecutor.runScript(TestCaseExecutor.java:328)
	at com.kms.katalon.core.main.TestCaseExecutor.doExecute(TestCaseExecutor.java:319)
	at com.kms.katalon.core.main.TestCaseExecutor.processExecutionPhase(TestCaseExecutor.java:298)
	at com.kms.katalon.core.main.TestCaseExecutor.accessMainPhase(TestCaseExecutor.java:290)
	at com.kms.katalon.core.main.TestCaseExecutor.execute(TestCaseExecutor.java:224)
	at com.kms.katalon.core.main.TestCaseMain.runTestCase(TestCaseMain.java:106)
	at com.kms.katalon.core.keyword.builtin.CallTestCaseKeyword$_callTestCase_closure1.doCall(CallTestCaseKeyword.groovy:59)
	at com.kms.katalon.core.keyword.builtin.CallTestCaseKeyword$_callTestCase_closure1.call(CallTestCaseKeyword.groovy)
	at com.kms.katalon.core.keyword.internal.KeywordMain.runKeyword(KeywordMain.groovy:54)
	at com.kms.katalon.core.keyword.builtin.CallTestCaseKeyword.callTestCase(CallTestCaseKeyword.groovy:80)
	at com.kms.katalon.core.keyword.builtin.CallTestCaseKeyword.execute(CallTestCaseKeyword.groovy:44)
	at com.kms.katalon.core.keyword.internal.KeywordExecutor.executeKeywordForPlatform(KeywordExecutor.groovy:53)
	at com.kms.katalon.core.keyword.BuiltinKeywords.callTestCase(BuiltinKeywords.groovy:334)
	at Everest.run(Everest:25)
	at com.kms.katalon.core.main.ScriptEngine.run(ScriptEngine.java:194)
	at com.kms.katalon.core.main.ScriptEngine.runScriptAsRawText(ScriptEngine.java:119)
	at com.kms.katalon.core.main.TestCaseExecutor.runScript(TestCaseExecutor.java:328)
	at com.kms.katalon.core.main.TestCaseExecutor.doExecute(TestCaseExecutor.java:319)
	at com.kms.katalon.core.main.TestCaseExecutor.processExecutionPhase(TestCaseExecutor.java:298)
	at com.kms.katalon.core.main.TestCaseExecutor.accessMainPhase(TestCaseExecutor.java:290)
	at com.kms.katalon.core.main.TestCaseExecutor.execute(TestCaseExecutor.java:224)
	at com.kms.katalon.core.main.TestSuiteExecutor.accessTestCaseMainPhase(TestSuiteExecutor.java:129)
	at com.kms.katalon.core.main.TestSuiteExecutor.accessTestSuiteMainPhase(TestSuiteExecutor.java:112)
	at com.kms.katalon.core.main.TestSuiteExecutor.execute(TestSuiteExecutor.java:81)
	at com.kms.katalon.core.main.TestCaseMain.startTestSuite(TestCaseMain.java:149)
	at com.kms.katalon.core.main.TestCaseMain$startTestSuite$0.call(Unknown Source)
	at TempTestSuite1573563624301.run(TempTestSuite1573563624301.groovy:36)
"/>
         <system-out><![CDATA[2019-11-12 08:07:57 - [TEST_CASE][FAILED] - Test Cases/mobileWeb/stm/Everest: Test Cases/mobileWeb/stm/Everest FAILED.
Reason:
com.kms.katalon.core.exception.StepFailedException: Unable to click on object 'Object Repository/mobileSanity/STM/STM Quote Page/a_Show Plans' (Root cause: org.openqa.selenium.WebDriverException: unknown error: Element <a href="#" class="js-show-plans c-filter-modal-v3__show-plans" type="button">...</a> is not clickable at point (187, 629). Other element would receive the click: <iframe src="https://secure.livechatinc.com/licence/11465608/v2/open_chat.cgi?license=11465608&amp;group=0&amp;embedded=1&amp;widget_version=3&amp;unique_groups=0" allowtransparency="true" allow="autoplay" id="chat-widget" name="chat-widget" scrolling="no" role="application" aria-label="LiveChat chat widget" style="width: 100%; height: 100%; min-height: 0px; min-width: 0px; margin: 0px; padding: 0px; background-image: none; background-position: 0% 0%; background-size: initial; background-attachment: scroll; background-origin: initial; background-clip: initial; background-color: rgba(0, 0, 0, 0); border-width: 0px; float: none; position: absolute; top: 0px; left: 0px; bottom: 0px; right: 0px; transition: none 0s ease 0s !important;"></iframe>
  (Session info: chrome=78.0.3904.70)
  (Driver info: chromedriver=2.43.600210 (68dcf5eebde37173d4027fa8635e332711d2874a),platform=Windows NT 6.3.9600 x86_64) (WARNING: The server did not provide any stacktrace information)
Command duration or timeout: 0 milliseconds
Build info: version: '3.7.1', revision: '8a0099a', time: '2017-11-06T21:07:36.161Z'
System info: host: 'WIN-U215233FMVE', ip: '172.30.0.53', os.name: 'Windows Server 2012 R2', os.arch: 'amd64', os.version: '6.3', java.version: '1.8.0_181'
Driver info: com.kms.katalon.selenium.driver.CChromeDriver
Capabilities {acceptInsecureCerts: false, acceptSslCerts: false, applicationCacheEnabled: false, browserConnectionEnabled: false, browserName: chrome, chrome: {chromedriverVersion: 2.43.600210 (68dcf5eebde371..., userDataDir: C:\Users\ADMINI~1\AppData\L...}, cssSelectorsEnabled: true, databaseEnabled: false, goog:chromeOptions: {debuggerAddress: localhost:62507}, handlesAlerts: true, hasTouchScreen: true, javascriptEnabled: true, locationContextEnabled: true, mobileEmulationEnabled: true, nativeEvents: true, networkConnectionEnabled: false, pageLoadStrategy: normal, platform: XP, platformName: XP, rotatable: false, setWindowRect: true, takesHeapSnapshot: true, takesScreenshot: true, unexpectedAlertBehaviour: , unhandledPromptBehavior: , version: 78.0.3904.70, webStorageEnabled: true}
Session ID: bb702cda63c55c33ab1c75c2fdd7210a)
	at com.kms.katalon.core.keyword.internal.KeywordMain.stepFailed(KeywordMain.groovy:32)
	at com.kms.katalon.core.webui.keyword.internal.WebUIKeywordMain.stepFailed(WebUIKeywordMain.groovy:65)
	at com.kms.katalon.core.webui.keyword.internal.WebUIKeywordMain.runKeyword(WebUIKeywordMain.groovy:27)
	at com.kms.katalon.core.webui.keyword.builtin.ClickKeyword.click(ClickKeyword.groovy:86)
	at com.kms.katalon.core.webui.keyword.builtin.ClickKeyword.execute(ClickKeyword.groovy:67)
	at com.kms.katalon.core.keyword.internal.KeywordExecutor.executeKeywordForPlatform(KeywordExecutor.groovy:53)
	at com.kms.katalon.core.webui.keyword.WebUiBuiltInKeywords.click(WebUiBuiltInKeywords.groovy:616)
	at com.kms.katalon.core.webui.keyword.WebUiBuiltInKeywords$click$3.call(Unknown Source)
	at filter_stm.run(filter_stm:46)
	at com.kms.katalon.core.main.ScriptEngine.run(ScriptEngine.java:194)
	at com.kms.katalon.core.main.ScriptEngine.runScriptAsRawText(ScriptEngine.java:119)
	at com.kms.katalon.core.main.TestCaseExecutor.runScript(TestCaseExecutor.java:328)
	at com.kms.katalon.core.main.TestCaseExecutor.doExecute(TestCaseExecutor.java:319)
	at com.kms.katalon.core.main.TestCaseExecutor.processExecutionPhase(TestCaseExecutor.java:298)
	at com.kms.katalon.core.main.TestCaseExecutor.accessMainPhase(TestCaseExecutor.java:290)
	at com.kms.katalon.core.main.TestCaseExecutor.execute(TestCaseExecutor.java:224)
	at com.kms.katalon.core.main.TestCaseMain.runTestCase(TestCaseMain.java:106)
	at com.kms.katalon.core.keyword.builtin.CallTestCaseKeyword$_callTestCase_closure1.doCall(CallTestCaseKeyword.groovy:59)
	at com.kms.katalon.core.keyword.builtin.CallTestCaseKeyword$_callTestCase_closure1.call(CallTestCaseKeyword.groovy)
	at com.kms.katalon.core.keyword.internal.KeywordMain.runKeyword(KeywordMain.groovy:54)
	at com.kms.katalon.core.keyword.builtin.CallTestCaseKeyword.callTestCase(CallTestCaseKeyword.groovy:80)
	at com.kms.katalon.core.keyword.builtin.CallTestCaseKeyword.execute(CallTestCaseKeyword.groovy:44)
	at com.kms.katalon.core.keyword.internal.KeywordExecutor.executeKeywordForPlatform(KeywordExecutor.groovy:53)
	at com.kms.katalon.core.keyword.BuiltinKeywords.callTestCase(BuiltinKeywords.groovy:334)
	at Everest.run(Everest:25)
	at com.kms.katalon.core.main.ScriptEngine.run(ScriptEngine.java:194)
	at com.kms.katalon.core.main.ScriptEngine.runScriptAsRawText(ScriptEngine.java:119)
	at com.kms.katalon.core.main.TestCaseExecutor.runScript(TestCaseExecutor.java:328)
	at com.kms.katalon.core.main.TestCaseExecutor.doExecute(TestCaseExecutor.java:319)
	at com.kms.katalon.core.main.TestCaseExecutor.processExecutionPhase(TestCaseExecutor.java:298)
	at com.kms.katalon.core.main.TestCaseExecutor.accessMainPhase(TestCaseExecutor.java:290)
	at com.kms.katalon.core.main.TestCaseExecutor.execute(TestCaseExecutor.java:224)
	at com.kms.katalon.core.main.TestSuiteExecutor.accessTestCaseMainPhase(TestSuiteExecutor.java:129)
	at com.kms.katalon.core.main.TestSuiteExecutor.accessTestSuiteMainPhase(TestSuiteExecutor.java:112)
	at com.kms.katalon.core.main.TestSuiteExecutor.execute(TestSuiteExecutor.java:81)
	at com.kms.katalon.core.main.TestCaseMain.startTestSuite(TestCaseMain.java:149)
	at com.kms.katalon.core.main.TestCaseMain$startTestSuite$0.call(Unknown Source)
	at TempTestSuite1573563624301.run(TempTestSuite1573563624301.groovy:36)


2019-11-12 08:07:57 - [TEST_STEP][PASSED] - callTestCase(findTestCase("mobileWeb/_include/get_screenPath"), ["productLine":"stm", "carrierName":"Everest"], CONTINUE_ON_FAILURE): Call Test Case 'Test Cases/mobileWeb/_include/get_screenPath' successfully

2019-11-12 08:07:57 - [TEST_CASE][PASSED] - Test Cases/mobileWeb/_include/get_screenPath: Test Cases/mobileWeb/_include/get_screenPath

2019-11-12 08:07:57 - [TEST_STEP][PASSED] - m = getExecutionProperties(): null

2019-11-12 08:07:57 - [TEST_STEP][PASSED] - deviceName = get("mobileEmulation").get("deviceName"): null

2019-11-12 08:07:57 - [TEST_STEP][PASSED] - println(deviceName): null

2019-11-12 08:07:57 - [TEST_STEP][PASSED] - now = new java.util.Date(): null

2019-11-12 08:07:57 - [TEST_STEP][PASSED] - mydate = now.format("yyyyMMdd_HHmmss"): null

2019-11-12 08:07:57 - [TEST_STEP][PASSED] - screenPath = "../Screenshots/": null

2019-11-12 08:07:57 - [TEST_STEP][PASSED] - screenPath = screenPath + deviceName + "/" + productLine + "/" + carrierName + "/" + mydate + "/": null

2019-11-12 08:07:57 - [TEST_STEP][PASSED] - println(screenPath): null

2019-11-12 08:07:57 - [MESSAGE][PASSED] - Call Test Case 'Test Cases/mobileWeb/_include/get_screenPath' successfully

2019-11-12 08:07:57 - [TEST_STEP][PASSED] - i = 0: null

2019-11-12 08:07:57 - [TEST_STEP][PASSED] - callTestCase(findTestCase("mobileWeb/_include/openWebSite"), [:], STOP_ON_FAILURE): Call Test Case 'Test Cases/mobileWeb/_include/openWebSite' successfully

2019-11-12 08:07:57 - [TEST_CASE][PASSED] - Test Cases/mobileWeb/_include/openWebSite: Test Cases/mobileWeb/_include/openWebSite

2019-11-12 08:07:57 - [TEST_STEP][PASSED] - openBrowser(env): Browser is opened with url: 'https://praetemptatus.agilehealthinsurance.com'

2019-11-12 08:07:57 - [MESSAGE][WARNING] - A browser is already opened. Closing browser and opening a new one

2019-11-12 08:07:58 - [MESSAGE][INFO] - Starting 'Chrome' driver

2019-11-12 08:07:58 - [MESSAGE][INFO] - User set preference: ['mobileEmulation', '{deviceName=iPhone 6}']

2019-11-12 08:07:58 - [MESSAGE][INFO] - User set preference: ['args', '[--incognito, --aggressive-cache-discard, --window-size=375,677, --no-sandbox]']

2019-11-12 08:08:00 - [MESSAGE][PASSED] - Browser is opened with url: 'https://praetemptatus.agilehealthinsurance.com'

2019-11-12 08:08:00 - [TEST_STEP][PASSED] - waitForPageLoad(20): Wait for page load successfully

2019-11-12 08:08:00 - [MESSAGE][PASSED] - Wait for page load successfully

2019-11-12 08:08:00 - [TEST_STEP][PASSED] - callTestCase(findTestCase("mobileWeb/_include/get_screenshot"), [:], STOP_ON_FAILURE): Call Test Case 'Test Cases/mobileWeb/_include/get_screenshot' successfully

2019-11-12 08:08:00 - [TEST_CASE][PASSED] - Test Cases/mobileWeb/_include/get_screenshot: Test Cases/mobileWeb/_include/get_screenshot

2019-11-12 08:08:00 - [TEST_STEP][PASSED] - takeScreenshot(screenPath + i + ".png"): Taking screenshot successfully

2019-11-12 08:08:01 - [MESSAGE][PASSED] - Taking screenshot successfully
[[ATTACHMENT|D:\\Test\\AgileTest\\Reports\\mobileWeb\\stm\\20191112_080024\\../Screenshots/iPhone 6/stm/Everest/20191112_080757/0.png]]

2019-11-12 08:08:01 - [TEST_STEP][PASSED] - (internal.GlobalVariable.i++): null

2019-11-12 08:08:01 - [MESSAGE][PASSED] - Call Test Case 'Test Cases/mobileWeb/_include/get_screenshot' successfully

2019-11-12 08:08:01 - [MESSAGE][PASSED] - Call Test Case 'Test Cases/mobileWeb/_include/openWebSite' successfully

2019-11-12 08:08:01 - [TEST_STEP][PASSED] - callTestCase(findTestCase("mobileWeb/_include/census_stm"), ["zipcode":"83709"], STOP_ON_FAILURE): Call Test Case 'Test Cases/mobileWeb/_include/census_stm' successfully

2019-11-12 08:08:01 - [TEST_CASE][PASSED] - Test Cases/mobileWeb/_include/census_stm: Test Cases/mobileWeb/_include/census_stm

2019-11-12 08:08:01 - [TEST_STEP][PASSED] - waitForElementClickable(findTestObject("mobileSanity/STM/Home Page/a_Quote  Save Today"), 10): Object 'Object Repository/mobileSanity/STM/Home Page/a_Quote  Save Today' is clickable

2019-11-12 08:08:01 - [MESSAGE][PASSED] - Object 'Object Repository/mobileSanity/STM/Home Page/a_Quote  Save Today' is clickable

2019-11-12 08:08:01 - [TEST_STEP][PASSED] - click(findTestObject("mobileSanity/STM/Home Page/a_Quote  Save Today")): Object: 'Object Repository/mobileSanity/STM/Home Page/a_Quote  Save Today' is clicked on

2019-11-12 08:08:02 - [MESSAGE][PASSED] - Object: 'Object Repository/mobileSanity/STM/Home Page/a_Quote  Save Today' is clicked on

2019-11-12 08:08:02 - [TEST_STEP][PASSED] - waitForPageLoad(10): Wait for page load successfully

2019-11-12 08:08:02 - [MESSAGE][PASSED] - Wait for page load successfully

2019-11-12 08:08:02 - [TEST_STEP][PASSED] - callTestCase(findTestCase("mobileWeb/_include/get_screenshot"), [:], STOP_ON_FAILURE): Call Test Case 'Test Cases/mobileWeb/_include/get_screenshot' successfully

2019-11-12 08:08:02 - [TEST_CASE][PASSED] - Test Cases/mobileWeb/_include/get_screenshot: Test Cases/mobileWeb/_include/get_screenshot

2019-11-12 08:08:02 - [TEST_STEP][PASSED] - takeScreenshot(screenPath + i + ".png"): Taking screenshot successfully

2019-11-12 08:08:02 - [MESSAGE][PASSED] - Taking screenshot successfully
[[ATTACHMENT|D:\\Test\\AgileTest\\Reports\\mobileWeb\\stm\\20191112_080024\\../Screenshots/iPhone 6/stm/Everest/20191112_080757/1.png]]

2019-11-12 08:08:02 - [TEST_STEP][PASSED] - (internal.GlobalVariable.i++): null

2019-11-12 08:08:02 - [MESSAGE][PASSED] - Call Test Case 'Test Cases/mobileWeb/_include/get_screenshot' successfully

2019-11-12 08:08:02 - [TEST_STEP][PASSED] - setText(findTestObject("mobileSanity/STM/STM Census Page/input_Location_zip-input"), zipcode): Text '83709' is set on object 'Object Repository/mobileSanity/STM/STM Census Page/input_Location_zip-input'

2019-11-12 08:08:03 - [MESSAGE][PASSED] - Text '83709' is set on object 'Object Repository/mobileSanity/STM/STM Census Page/input_Location_zip-input'

2019-11-12 08:08:03 - [TEST_STEP][PASSED] - Thread.sleep(500): null

2019-11-12 08:08:03 - [TEST_STEP][PASSED] - setText(findTestObject("mobileSanity/STM/STM Census Page/input_Date of Birth_dob-0"), "03031987"): Text '03031987' is set on object 'Object Repository/mobileSanity/STM/STM Census Page/input_Date of Birth_dob-0'

2019-11-12 08:08:03 - [MESSAGE][PASSED] - Text '03031987' is set on object 'Object Repository/mobileSanity/STM/STM Census Page/input_Date of Birth_dob-0'

2019-11-12 08:08:03 - [TEST_STEP][PASSED] - click(findTestObject("mobileSanity/STM/STM Census Page/label_Male")): Object: 'Object Repository/mobileSanity/STM/STM Census Page/label_Male' is clicked on

2019-11-12 08:08:03 - [MESSAGE][PASSED] - Object: 'Object Repository/mobileSanity/STM/STM Census Page/label_Male' is clicked on

2019-11-12 08:08:03 - [TEST_STEP][PASSED] - click(findTestObject("mobileSanity/STM/STM Census Page/label_Compare Plans")): Object: 'Object Repository/mobileSanity/STM/STM Census Page/label_Compare Plans' is clicked on

2019-11-12 08:08:05 - [MESSAGE][PASSED] - Object: 'Object Repository/mobileSanity/STM/STM Census Page/label_Compare Plans' is clicked on

2019-11-12 08:08:05 - [TEST_STEP][PASSED] - waitForElementVisible(findTestObject("mobileSanity/STM/STM Quote Page/button_sort"), 20): Object 'Object Repository/mobileSanity/STM/STM Quote Page/button_sort' is visible

2019-11-12 08:08:06 - [MESSAGE][PASSED] - Object 'Object Repository/mobileSanity/STM/STM Quote Page/button_sort' is visible

2019-11-12 08:08:06 - [TEST_STEP][PASSED] - Thread.sleep(3000): null

2019-11-12 08:08:09 - [TEST_STEP][PASSED] - callTestCase(findTestCase("mobileWeb/_include/get_screenshot"), [:], STOP_ON_FAILURE): Call Test Case 'Test Cases/mobileWeb/_include/get_screenshot' successfully

2019-11-12 08:08:09 - [TEST_CASE][PASSED] - Test Cases/mobileWeb/_include/get_screenshot: Test Cases/mobileWeb/_include/get_screenshot

2019-11-12 08:08:09 - [TEST_STEP][PASSED] - takeScreenshot(screenPath + i + ".png"): Taking screenshot successfully

2019-11-12 08:08:09 - [MESSAGE][PASSED] - Taking screenshot successfully
[[ATTACHMENT|D:\\Test\\AgileTest\\Reports\\mobileWeb\\stm\\20191112_080024\\../Screenshots/iPhone 6/stm/Everest/20191112_080757/2.png]]

2019-11-12 08:08:09 - [TEST_STEP][PASSED] - (internal.GlobalVariable.i++): null

2019-11-12 08:08:09 - [MESSAGE][PASSED] - Call Test Case 'Test Cases/mobileWeb/_include/get_screenshot' successfully

2019-11-12 08:08:09 - [TEST_STEP][PASSED] - Thread.sleep(1000): null

2019-11-12 08:08:10 - [MESSAGE][PASSED] - Call Test Case 'Test Cases/mobileWeb/_include/census_stm' successfully

2019-11-12 08:08:10 - [TEST_STEP][FAILED] - callTestCase(findTestCase("mobileWeb/_include/filter_stm"), ["carrier":"everest-one"], STOP_ON_FAILURE): callTestCase(findTestCase("mobileWeb/_include/filter_stm"), ["carrier":"everest-one"], STOP_ON_FAILURE) FAILED.
Reason:
com.kms.katalon.core.exception.StepFailedException: Unable to click on object 'Object Repository/mobileSanity/STM/STM Quote Page/a_Show Plans' (Root cause: org.openqa.selenium.WebDriverException: unknown error: Element <a href="#" class="js-show-plans c-filter-modal-v3__show-plans" type="button">...</a> is not clickable at point (187, 629). Other element would receive the click: <iframe src="https://secure.livechatinc.com/licence/11465608/v2/open_chat.cgi?license=11465608&amp;group=0&amp;embedded=1&amp;widget_version=3&amp;unique_groups=0" allowtransparency="true" allow="autoplay" id="chat-widget" name="chat-widget" scrolling="no" role="application" aria-label="LiveChat chat widget" style="width: 100%; height: 100%; min-height: 0px; min-width: 0px; margin: 0px; padding: 0px; background-image: none; background-position: 0% 0%; background-size: initial; background-attachment: scroll; background-origin: initial; background-clip: initial; background-color: rgba(0, 0, 0, 0); border-width: 0px; float: none; position: absolute; top: 0px; left: 0px; bottom: 0px; right: 0px; transition: none 0s ease 0s !important;"></iframe>
  (Session info: chrome=78.0.3904.70)
  (Driver info: chromedriver=2.43.600210 (68dcf5eebde37173d4027fa8635e332711d2874a),platform=Windows NT 6.3.9600 x86_64) (WARNING: The server did not provide any stacktrace information)
Command duration or timeout: 0 milliseconds
Build info: version: '3.7.1', revision: '8a0099a', time: '2017-11-06T21:07:36.161Z'
System info: host: 'WIN-U215233FMVE', ip: '172.30.0.53', os.name: 'Windows Server 2012 R2', os.arch: 'amd64', os.version: '6.3', java.version: '1.8.0_181'
Driver info: com.kms.katalon.selenium.driver.CChromeDriver
Capabilities {acceptInsecureCerts: false, acceptSslCerts: false, applicationCacheEnabled: false, browserConnectionEnabled: false, browserName: chrome, chrome: {chromedriverVersion: 2.43.600210 (68dcf5eebde371..., userDataDir: C:\Users\ADMINI~1\AppData\L...}, cssSelectorsEnabled: true, databaseEnabled: false, goog:chromeOptions: {debuggerAddress: localhost:62507}, handlesAlerts: true, hasTouchScreen: true, javascriptEnabled: true, locationContextEnabled: true, mobileEmulationEnabled: true, nativeEvents: true, networkConnectionEnabled: false, pageLoadStrategy: normal, platform: XP, platformName: XP, rotatable: false, setWindowRect: true, takesHeapSnapshot: true, takesScreenshot: true, unexpectedAlertBehaviour: , unhandledPromptBehavior: , version: 78.0.3904.70, webStorageEnabled: true}
Session ID: bb702cda63c55c33ab1c75c2fdd7210a)
	at com.kms.katalon.core.keyword.internal.KeywordMain.stepFailed(KeywordMain.groovy:32)
	at com.kms.katalon.core.webui.keyword.internal.WebUIKeywordMain.stepFailed(WebUIKeywordMain.groovy:65)
	at com.kms.katalon.core.webui.keyword.internal.WebUIKeywordMain.runKeyword(WebUIKeywordMain.groovy:27)
	at com.kms.katalon.core.webui.keyword.builtin.ClickKeyword.click(ClickKeyword.groovy:86)
	at com.kms.katalon.core.webui.keyword.builtin.ClickKeyword.execute(ClickKeyword.groovy:67)
	at com.kms.katalon.core.keyword.internal.KeywordExecutor.executeKeywordForPlatform(KeywordExecutor.groovy:53)
	at com.kms.katalon.core.webui.keyword.WebUiBuiltInKeywords.click(WebUiBuiltInKeywords.groovy:616)
	at com.kms.katalon.core.webui.keyword.WebUiBuiltInKeywords$click$3.call(Unknown Source)
	at filter_stm.run(filter_stm:46)
	at com.kms.katalon.core.main.ScriptEngine.run(ScriptEngine.java:194)
	at com.kms.katalon.core.main.ScriptEngine.runScriptAsRawText(ScriptEngine.java:119)
	at com.kms.katalon.core.main.TestCaseExecutor.runScript(TestCaseExecutor.java:328)
	at com.kms.katalon.core.main.TestCaseExecutor.doExecute(TestCaseExecutor.java:319)
	at com.kms.katalon.core.main.TestCaseExecutor.processExecutionPhase(TestCaseExecutor.java:298)
	at com.kms.katalon.core.main.TestCaseExecutor.accessMainPhase(TestCaseExecutor.java:290)
	at com.kms.katalon.core.main.TestCaseExecutor.execute(TestCaseExecutor.java:224)
	at com.kms.katalon.core.main.TestCaseMain.runTestCase(TestCaseMain.java:106)
	at com.kms.katalon.core.keyword.builtin.CallTestCaseKeyword$_callTestCase_closure1.doCall(CallTestCaseKeyword.groovy:59)
	at com.kms.katalon.core.keyword.builtin.CallTestCaseKeyword$_callTestCase_closure1.call(CallTestCaseKeyword.groovy)
	at com.kms.katalon.core.keyword.internal.KeywordMain.runKeyword(KeywordMain.groovy:54)
	at com.kms.katalon.core.keyword.builtin.CallTestCaseKeyword.callTestCase(CallTestCaseKeyword.groovy:80)
	at com.kms.katalon.core.keyword.builtin.CallTestCaseKeyword.execute(CallTestCaseKeyword.groovy:44)
	at com.kms.katalon.core.keyword.internal.KeywordExecutor.executeKeywordForPlatform(KeywordExecutor.groovy:53)
	at com.kms.katalon.core.keyword.BuiltinKeywords.callTestCase(BuiltinKeywords.groovy:334)
	at Everest.run(Everest:25)
	at com.kms.katalon.core.main.ScriptEngine.run(ScriptEngine.java:194)
	at com.kms.katalon.core.main.ScriptEngine.runScriptAsRawText(ScriptEngine.java:119)
	at com.kms.katalon.core.main.TestCaseExecutor.runScript(TestCaseExecutor.java:328)
	at com.kms.katalon.core.main.TestCaseExecutor.doExecute(TestCaseExecutor.java:319)
	at com.kms.katalon.core.main.TestCaseExecutor.processExecutionPhase(TestCaseExecutor.java:298)
	at com.kms.katalon.core.main.TestCaseExecutor.accessMainPhase(TestCaseExecutor.java:290)
	at com.kms.katalon.core.main.TestCaseExecutor.execute(TestCaseExecutor.java:224)
	at com.kms.katalon.core.main.TestSuiteExecutor.accessTestCaseMainPhase(TestSuiteExecutor.java:129)
	at com.kms.katalon.core.main.TestSuiteExecutor.accessTestSuiteMainPhase(TestSuiteExecutor.java:112)
	at com.kms.katalon.core.main.TestSuiteExecutor.execute(TestSuiteExecutor.java:81)
	at com.kms.katalon.core.main.TestCaseMain.startTestSuite(TestCaseMain.java:149)
	at com.kms.katalon.core.main.TestCaseMain$startTestSuite$0.call(Unknown Source)
	at TempTestSuite1573563624301.run(TempTestSuite1573563624301.groovy:36)


2019-11-12 08:08:10 - [TEST_CASE][FAILED] - Test Cases/mobileWeb/_include/filter_stm: Test Cases/mobileWeb/_include/filter_stm FAILED.
Reason:
com.kms.katalon.core.exception.StepFailedException: Unable to click on object 'Object Repository/mobileSanity/STM/STM Quote Page/a_Show Plans' (Root cause: org.openqa.selenium.WebDriverException: unknown error: Element <a href="#" class="js-show-plans c-filter-modal-v3__show-plans" type="button">...</a> is not clickable at point (187, 629). Other element would receive the click: <iframe src="https://secure.livechatinc.com/licence/11465608/v2/open_chat.cgi?license=11465608&amp;group=0&amp;embedded=1&amp;widget_version=3&amp;unique_groups=0" allowtransparency="true" allow="autoplay" id="chat-widget" name="chat-widget" scrolling="no" role="application" aria-label="LiveChat chat widget" style="width: 100%; height: 100%; min-height: 0px; min-width: 0px; margin: 0px; padding: 0px; background-image: none; background-position: 0% 0%; background-size: initial; background-attachment: scroll; background-origin: initial; background-clip: initial; background-color: rgba(0, 0, 0, 0); border-width: 0px; float: none; position: absolute; top: 0px; left: 0px; bottom: 0px; right: 0px; transition: none 0s ease 0s !important;"></iframe>
  (Session info: chrome=78.0.3904.70)
  (Driver info: chromedriver=2.43.600210 (68dcf5eebde37173d4027fa8635e332711d2874a),platform=Windows NT 6.3.9600 x86_64) (WARNING: The server did not provide any stacktrace information)
Command duration or timeout: 0 milliseconds
Build info: version: '3.7.1', revision: '8a0099a', time: '2017-11-06T21:07:36.161Z'
System info: host: 'WIN-U215233FMVE', ip: '172.30.0.53', os.name: 'Windows Server 2012 R2', os.arch: 'amd64', os.version: '6.3', java.version: '1.8.0_181'
Driver info: com.kms.katalon.selenium.driver.CChromeDriver
Capabilities {acceptInsecureCerts: false, acceptSslCerts: false, applicationCacheEnabled: false, browserConnectionEnabled: false, browserName: chrome, chrome: {chromedriverVersion: 2.43.600210 (68dcf5eebde371..., userDataDir: C:\Users\ADMINI~1\AppData\L...}, cssSelectorsEnabled: true, databaseEnabled: false, goog:chromeOptions: {debuggerAddress: localhost:62507}, handlesAlerts: true, hasTouchScreen: true, javascriptEnabled: true, locationContextEnabled: true, mobileEmulationEnabled: true, nativeEvents: true, networkConnectionEnabled: false, pageLoadStrategy: normal, platform: XP, platformName: XP, rotatable: false, setWindowRect: true, takesHeapSnapshot: true, takesScreenshot: true, unexpectedAlertBehaviour: , unhandledPromptBehavior: , version: 78.0.3904.70, webStorageEnabled: true}
Session ID: bb702cda63c55c33ab1c75c2fdd7210a)
	at com.kms.katalon.core.keyword.internal.KeywordMain.stepFailed(KeywordMain.groovy:32)
	at com.kms.katalon.core.webui.keyword.internal.WebUIKeywordMain.stepFailed(WebUIKeywordMain.groovy:65)
	at com.kms.katalon.core.webui.keyword.internal.WebUIKeywordMain.runKeyword(WebUIKeywordMain.groovy:27)
	at com.kms.katalon.core.webui.keyword.builtin.ClickKeyword.click(ClickKeyword.groovy:86)
	at com.kms.katalon.core.webui.keyword.builtin.ClickKeyword.execute(ClickKeyword.groovy:67)
	at com.kms.katalon.core.keyword.internal.KeywordExecutor.executeKeywordForPlatform(KeywordExecutor.groovy:53)
	at com.kms.katalon.core.webui.keyword.WebUiBuiltInKeywords.click(WebUiBuiltInKeywords.groovy:616)
	at com.kms.katalon.core.webui.keyword.WebUiBuiltInKeywords$click$3.call(Unknown Source)
	at filter_stm.run(filter_stm:46)
	at com.kms.katalon.core.main.ScriptEngine.run(ScriptEngine.java:194)
	at com.kms.katalon.core.main.ScriptEngine.runScriptAsRawText(ScriptEngine.java:119)
	at com.kms.katalon.core.main.TestCaseExecutor.runScript(TestCaseExecutor.java:328)
	at com.kms.katalon.core.main.TestCaseExecutor.doExecute(TestCaseExecutor.java:319)
	at com.kms.katalon.core.main.TestCaseExecutor.processExecutionPhase(TestCaseExecutor.java:298)
	at com.kms.katalon.core.main.TestCaseExecutor.accessMainPhase(TestCaseExecutor.java:290)
	at com.kms.katalon.core.main.TestCaseExecutor.execute(TestCaseExecutor.java:224)
	at com.kms.katalon.core.main.TestCaseMain.runTestCase(TestCaseMain.java:106)
	at com.kms.katalon.core.keyword.builtin.CallTestCaseKeyword$_callTestCase_closure1.doCall(CallTestCaseKeyword.groovy:59)
	at com.kms.katalon.core.keyword.builtin.CallTestCaseKeyword$_callTestCase_closure1.call(CallTestCaseKeyword.groovy)
	at com.kms.katalon.core.keyword.internal.KeywordMain.runKeyword(KeywordMain.groovy:54)
	at com.kms.katalon.core.keyword.builtin.CallTestCaseKeyword.callTestCase(CallTestCaseKeyword.groovy:80)
	at com.kms.katalon.core.keyword.builtin.CallTestCaseKeyword.execute(CallTestCaseKeyword.groovy:44)
	at com.kms.katalon.core.keyword.internal.KeywordExecutor.executeKeywordForPlatform(KeywordExecutor.groovy:53)
	at com.kms.katalon.core.keyword.BuiltinKeywords.callTestCase(BuiltinKeywords.groovy:334)
	at Everest.run(Everest:25)
	at com.kms.katalon.core.main.ScriptEngine.run(ScriptEngine.java:194)
	at com.kms.katalon.core.main.ScriptEngine.runScriptAsRawText(ScriptEngine.java:119)
	at com.kms.katalon.core.main.TestCaseExecutor.runScript(TestCaseExecutor.java:328)
	at com.kms.katalon.core.main.TestCaseExecutor.doExecute(TestCaseExecutor.java:319)
	at com.kms.katalon.core.main.TestCaseExecutor.processExecutionPhase(TestCaseExecutor.java:298)
	at com.kms.katalon.core.main.TestCaseExecutor.accessMainPhase(TestCaseExecutor.java:290)
	at com.kms.katalon.core.main.TestCaseExecutor.execute(TestCaseExecutor.java:224)
	at com.kms.katalon.core.main.TestSuiteExecutor.accessTestCaseMainPhase(TestSuiteExecutor.java:129)
	at com.kms.katalon.core.main.TestSuiteExecutor.accessTestSuiteMainPhase(TestSuiteExecutor.java:112)
	at com.kms.katalon.core.main.TestSuiteExecutor.execute(TestSuiteExecutor.java:81)
	at com.kms.katalon.core.main.TestCaseMain.startTestSuite(TestCaseMain.java:149)
	at com.kms.katalon.core.main.TestCaseMain$startTestSuite$0.call(Unknown Source)
	at TempTestSuite1573563624301.run(TempTestSuite1573563624301.groovy:36)


2019-11-12 08:08:10 - [TEST_STEP][PASSED] - driver = getWebDriver(): null

2019-11-12 08:08:10 - [TEST_STEP][PASSED] - selenium = new com.thoughtworks.selenium.webdriven.WebDriverBackedSelenium(driver, internal.GlobalVariable.ENV): null

2019-11-12 08:08:10 - [TEST_STEP][PASSED] - Thread.sleep(1000): null

2019-11-12 08:08:11 - [TEST_STEP][PASSED] - click(findTestObject("mobileSanity/STM/STM Quote Page/button_filters")): Object: 'Object Repository/mobileSanity/STM/STM Quote Page/button_filters' is clicked on

2019-11-12 08:08:11 - [MESSAGE][PASSED] - Object: 'Object Repository/mobileSanity/STM/STM Quote Page/button_filters' is clicked on

2019-11-12 08:08:11 - [TEST_STEP][PASSED] - Thread.sleep(1000): null

2019-11-12 08:08:12 - [TEST_STEP][PASSED] - click(findTestObject("mobileSanity/STM/STM Quote Page/i_Insurance company")): Object: 'Object Repository/mobileSanity/STM/STM Quote Page/i_Insurance company' is clicked on

2019-11-12 08:08:12 - [MESSAGE][PASSED] - Object: 'Object Repository/mobileSanity/STM/STM Quote Page/i_Insurance company' is clicked on

2019-11-12 08:08:12 - [TEST_STEP][PASSED] - Thread.sleep(1000): null

2019-11-12 08:08:13 - [TEST_STEP][PASSED] - filter_carrier = "//input[@name='filter[carrier]' and @value='" + carrier + "']/following::label": null

2019-11-12 08:08:13 - [TEST_STEP][PASSED] - println(filter_carrier): null

2019-11-12 08:08:13 - [TEST_STEP][PASSED] - test.MobileKeywords.clickJS_ByXpath(filter_carrier): test.MobileKeywords.clickJS_ByXpath is PASSED

2019-11-12 08:08:13 - [MESSAGE][PASSED] - Execute JavaScript 'arguments[0].click()' successfully

2019-11-12 08:08:13 - [MESSAGE][PASSED] - test.MobileKeywords.clickJS_ByXpath is PASSED

2019-11-12 08:08:13 - [TEST_STEP][PASSED] - Thread.sleep(1000): null

2019-11-12 08:08:14 - [TEST_STEP][PASSED] - scrollToElement(findTestObject("mobileSanity/STM/STM Quote Page/a_Show Plans"), 1000): Scroll to object 'Object Repository/mobileSanity/STM/STM Quote Page/a_Show Plans' successfully

2019-11-12 08:08:15 - [MESSAGE][PASSED] - Scroll to object 'Object Repository/mobileSanity/STM/STM Quote Page/a_Show Plans' successfully

2019-11-12 08:08:15 - [TEST_STEP][FAILED] - click(findTestObject("mobileSanity/STM/STM Quote Page/a_Show Plans")): Unable to click on object 'Object Repository/mobileSanity/STM/STM Quote Page/a_Show Plans' (Root cause: org.openqa.selenium.WebDriverException: unknown error: Element <a href="#" class="js-show-plans c-filter-modal-v3__show-plans" type="button">...</a> is not clickable at point (187, 629). Other element would receive the click: <iframe src="https://secure.livechatinc.com/licence/11465608/v2/open_chat.cgi?license=11465608&amp;group=0&amp;embedded=1&amp;widget_version=3&amp;unique_groups=0" allowtransparency="true" allow="autoplay" id="chat-widget" name="chat-widget" scrolling="no" role="application" aria-label="LiveChat chat widget" style="width: 100%; height: 100%; min-height: 0px; min-width: 0px; margin: 0px; padding: 0px; background-image: none; background-position: 0% 0%; background-size: initial; background-attachment: scroll; background-origin: initial; background-clip: initial; background-color: rgba(0, 0, 0, 0); border-width: 0px; float: none; position: absolute; top: 0px; left: 0px; bottom: 0px; right: 0px; transition: none 0s ease 0s !important;"></iframe>
  (Session info: chrome=78.0.3904.70)
  (Driver info: chromedriver=2.43.600210 (68dcf5eebde37173d4027fa8635e332711d2874a),platform=Windows NT 6.3.9600 x86_64) (WARNING: The server did not provide any stacktrace information)
Command duration or timeout: 0 milliseconds
Build info: version: '3.7.1', revision: '8a0099a', time: '2017-11-06T21:07:36.161Z'
System info: host: 'WIN-U215233FMVE', ip: '172.30.0.53', os.name: 'Windows Server 2012 R2', os.arch: 'amd64', os.version: '6.3', java.version: '1.8.0_181'
Driver info: com.kms.katalon.selenium.driver.CChromeDriver
Capabilities {acceptInsecureCerts: false, acceptSslCerts: false, applicationCacheEnabled: false, browserConnectionEnabled: false, browserName: chrome, chrome: {chromedriverVersion: 2.43.600210 (68dcf5eebde371..., userDataDir: C:\Users\ADMINI~1\AppData\L...}, cssSelectorsEnabled: true, databaseEnabled: false, goog:chromeOptions: {debuggerAddress: localhost:62507}, handlesAlerts: true, hasTouchScreen: true, javascriptEnabled: true, locationContextEnabled: true, mobileEmulationEnabled: true, nativeEvents: true, networkConnectionEnabled: false, pageLoadStrategy: normal, platform: XP, platformName: XP, rotatable: false, setWindowRect: true, takesHeapSnapshot: true, takesScreenshot: true, unexpectedAlertBehaviour: , unhandledPromptBehavior: , version: 78.0.3904.70, webStorageEnabled: true}
Session ID: bb702cda63c55c33ab1c75c2fdd7210a)

2019-11-12 08:08:15 - [MESSAGE][FAILED] - Unable to click on object 'Object Repository/mobileSanity/STM/STM Quote Page/a_Show Plans' (Root cause: org.openqa.selenium.WebDriverException: unknown error: Element <a href="#" class="js-show-plans c-filter-modal-v3__show-plans" type="button">...</a> is not clickable at point (187, 629). Other element would receive the click: <iframe src="https://secure.livechatinc.com/licence/11465608/v2/open_chat.cgi?license=11465608&amp;group=0&amp;embedded=1&amp;widget_version=3&amp;unique_groups=0" allowtransparency="true" allow="autoplay" id="chat-widget" name="chat-widget" scrolling="no" role="application" aria-label="LiveChat chat widget" style="width: 100%; height: 100%; min-height: 0px; min-width: 0px; margin: 0px; padding: 0px; background-image: none; background-position: 0% 0%; background-size: initial; background-attachment: scroll; background-origin: initial; background-clip: initial; background-color: rgba(0, 0, 0, 0); border-width: 0px; float: none; position: absolute; top: 0px; left: 0px; bottom: 0px; right: 0px; transition: none 0s ease 0s !important;"></iframe>
  (Session info: chrome=78.0.3904.70)
  (Driver info: chromedriver=2.43.600210 (68dcf5eebde37173d4027fa8635e332711d2874a),platform=Windows NT 6.3.9600 x86_64) (WARNING: The server did not provide any stacktrace information)
Command duration or timeout: 0 milliseconds
Build info: version: '3.7.1', revision: '8a0099a', time: '2017-11-06T21:07:36.161Z'
System info: host: 'WIN-U215233FMVE', ip: '172.30.0.53', os.name: 'Windows Server 2012 R2', os.arch: 'amd64', os.version: '6.3', java.version: '1.8.0_181'
Driver info: com.kms.katalon.selenium.driver.CChromeDriver
Capabilities {acceptInsecureCerts: false, acceptSslCerts: false, applicationCacheEnabled: false, browserConnectionEnabled: false, browserName: chrome, chrome: {chromedriverVersion: 2.43.600210 (68dcf5eebde371..., userDataDir: C:\Users\ADMINI~1\AppData\L...}, cssSelectorsEnabled: true, databaseEnabled: false, goog:chromeOptions: {debuggerAddress: localhost:62507}, handlesAlerts: true, hasTouchScreen: true, javascriptEnabled: true, locationContextEnabled: true, mobileEmulationEnabled: true, nativeEvents: true, networkConnectionEnabled: false, pageLoadStrategy: normal, platform: XP, platformName: XP, rotatable: false, setWindowRect: true, takesHeapSnapshot: true, takesScreenshot: true, unexpectedAlertBehaviour: , unhandledPromptBehavior: , version: 78.0.3904.70, webStorageEnabled: true}
Session ID: bb702cda63c55c33ab1c75c2fdd7210a)
[[ATTACHMENT|D:\\Test\\AgileTest\\Reports\\mobileWeb\\stm\\20191112_080024\\1573564095123.png]]

2019-11-12 08:08:15 - [TEST_STEP][PASSED] - waitForJQueryLoad(20, STOP_ON_FAILURE): jQuery is ready.

2019-11-12 08:08:15 - [MESSAGE][PASSED] - jQuery is ready.

2019-11-12 08:08:15 - [TEST_STEP][PASSED] - Thread.sleep(2000): null

2019-11-12 08:08:17 - [TEST_STEP][FAILED] - callTestCase(findTestCase("mobileWeb/_include/get_screenshot"), [:], STOP_ON_FAILURE): callTestCase(findTestCase("mobileWeb/_include/get_screenshot"), [:], STOP_ON_FAILURE) FAILED.
Reason:
com.kms.katalon.core.exception.StepFailedException: Unable to click on object 'Object Repository/mobileSanity/STM/STM Quote Page/a_Show Plans' (Root cause: org.openqa.selenium.WebDriverException: unknown error: Element <a href="#" class="js-show-plans c-filter-modal-v3__show-plans" type="button">...</a> is not clickable at point (187, 629). Other element would receive the click: <iframe src="https://secure.livechatinc.com/licence/11465608/v2/open_chat.cgi?license=11465608&amp;group=0&amp;embedded=1&amp;widget_version=3&amp;unique_groups=0" allowtransparency="true" allow="autoplay" id="chat-widget" name="chat-widget" scrolling="no" role="application" aria-label="LiveChat chat widget" style="width: 100%; height: 100%; min-height: 0px; min-width: 0px; margin: 0px; padding: 0px; background-image: none; background-position: 0% 0%; background-size: initial; background-attachment: scroll; background-origin: initial; background-clip: initial; background-color: rgba(0, 0, 0, 0); border-width: 0px; float: none; position: absolute; top: 0px; left: 0px; bottom: 0px; right: 0px; transition: none 0s ease 0s !important;"></iframe>
  (Session info: chrome=78.0.3904.70)
  (Driver info: chromedriver=2.43.600210 (68dcf5eebde37173d4027fa8635e332711d2874a),platform=Windows NT 6.3.9600 x86_64) (WARNING: The server did not provide any stacktrace information)
Command duration or timeout: 0 milliseconds
Build info: version: '3.7.1', revision: '8a0099a', time: '2017-11-06T21:07:36.161Z'
System info: host: 'WIN-U215233FMVE', ip: '172.30.0.53', os.name: 'Windows Server 2012 R2', os.arch: 'amd64', os.version: '6.3', java.version: '1.8.0_181'
Driver info: com.kms.katalon.selenium.driver.CChromeDriver
Capabilities {acceptInsecureCerts: false, acceptSslCerts: false, applicationCacheEnabled: false, browserConnectionEnabled: false, browserName: chrome, chrome: {chromedriverVersion: 2.43.600210 (68dcf5eebde371..., userDataDir: C:\Users\ADMINI~1\AppData\L...}, cssSelectorsEnabled: true, databaseEnabled: false, goog:chromeOptions: {debuggerAddress: localhost:62507}, handlesAlerts: true, hasTouchScreen: true, javascriptEnabled: true, locationContextEnabled: true, mobileEmulationEnabled: true, nativeEvents: true, networkConnectionEnabled: false, pageLoadStrategy: normal, platform: XP, platformName: XP, rotatable: false, setWindowRect: true, takesHeapSnapshot: true, takesScreenshot: true, unexpectedAlertBehaviour: , unhandledPromptBehavior: , version: 78.0.3904.70, webStorageEnabled: true}
Session ID: bb702cda63c55c33ab1c75c2fdd7210a)
	at com.kms.katalon.core.keyword.internal.KeywordMain.stepFailed(KeywordMain.groovy:32)
	at com.kms.katalon.core.webui.keyword.internal.WebUIKeywordMain.stepFailed(WebUIKeywordMain.groovy:65)
	at com.kms.katalon.core.webui.keyword.internal.WebUIKeywordMain.runKeyword(WebUIKeywordMain.groovy:27)
	at com.kms.katalon.core.webui.keyword.builtin.ClickKeyword.click(ClickKeyword.groovy:86)
	at com.kms.katalon.core.webui.keyword.builtin.ClickKeyword.execute(ClickKeyword.groovy:67)
	at com.kms.katalon.core.keyword.internal.KeywordExecutor.executeKeywordForPlatform(KeywordExecutor.groovy:53)
	at com.kms.katalon.core.webui.keyword.WebUiBuiltInKeywords.click(WebUiBuiltInKeywords.groovy:616)
	at com.kms.katalon.core.webui.keyword.WebUiBuiltInKeywords$click$3.call(Unknown Source)
	at filter_stm.run(filter_stm:46)
	at com.kms.katalon.core.main.ScriptEngine.run(ScriptEngine.java:194)
	at com.kms.katalon.core.main.ScriptEngine.runScriptAsRawText(ScriptEngine.java:119)
	at com.kms.katalon.core.main.TestCaseExecutor.runScript(TestCaseExecutor.java:328)
	at com.kms.katalon.core.main.TestCaseExecutor.doExecute(TestCaseExecutor.java:319)
	at com.kms.katalon.core.main.TestCaseExecutor.processExecutionPhase(TestCaseExecutor.java:298)
	at com.kms.katalon.core.main.TestCaseExecutor.accessMainPhase(TestCaseExecutor.java:290)
	at com.kms.katalon.core.main.TestCaseExecutor.execute(TestCaseExecutor.java:224)
	at com.kms.katalon.core.main.TestCaseMain.runTestCase(TestCaseMain.java:106)
	at com.kms.katalon.core.keyword.builtin.CallTestCaseKeyword$_callTestCase_closure1.doCall(CallTestCaseKeyword.groovy:59)
	at com.kms.katalon.core.keyword.builtin.CallTestCaseKeyword$_callTestCase_closure1.call(CallTestCaseKeyword.groovy)
	at com.kms.katalon.core.keyword.internal.KeywordMain.runKeyword(KeywordMain.groovy:54)
	at com.kms.katalon.core.keyword.builtin.CallTestCaseKeyword.callTestCase(CallTestCaseKeyword.groovy:80)
	at com.kms.katalon.core.keyword.builtin.CallTestCaseKeyword.execute(CallTestCaseKeyword.groovy:44)
	at com.kms.katalon.core.keyword.internal.KeywordExecutor.executeKeywordForPlatform(KeywordExecutor.groovy:53)
	at com.kms.katalon.core.keyword.BuiltinKeywords.callTestCase(BuiltinKeywords.groovy:334)
	at Everest.run(Everest:25)
	at com.kms.katalon.core.main.ScriptEngine.run(ScriptEngine.java:194)
	at com.kms.katalon.core.main.ScriptEngine.runScriptAsRawText(ScriptEngine.java:119)
	at com.kms.katalon.core.main.TestCaseExecutor.runScript(TestCaseExecutor.java:328)
	at com.kms.katalon.core.main.TestCaseExecutor.doExecute(TestCaseExecutor.java:319)
	at com.kms.katalon.core.main.TestCaseExecutor.processExecutionPhase(TestCaseExecutor.java:298)
	at com.kms.katalon.core.main.TestCaseExecutor.accessMainPhase(TestCaseExecutor.java:290)
	at com.kms.katalon.core.main.TestCaseExecutor.execute(TestCaseExecutor.java:224)
	at com.kms.katalon.core.main.TestSuiteExecutor.accessTestCaseMainPhase(TestSuiteExecutor.java:129)
	at com.kms.katalon.core.main.TestSuiteExecutor.accessTestSuiteMainPhase(TestSuiteExecutor.java:112)
	at com.kms.katalon.core.main.TestSuiteExecutor.execute(TestSuiteExecutor.java:81)
	at com.kms.katalon.core.main.TestCaseMain.startTestSuite(TestCaseMain.java:149)
	at com.kms.katalon.core.main.TestCaseMain$startTestSuite$0.call(Unknown Source)
	at TempTestSuite1573563624301.run(TempTestSuite1573563624301.groovy:36)


2019-11-12 08:08:17 - [TEST_CASE][PASSED] - Test Cases/mobileWeb/_include/get_screenshot: Test Cases/mobileWeb/_include/get_screenshot

2019-11-12 08:08:17 - [TEST_STEP][PASSED] - takeScreenshot(screenPath + i + ".png"): Taking screenshot successfully

2019-11-12 08:08:17 - [MESSAGE][PASSED] - Taking screenshot successfully
[[ATTACHMENT|D:\\Test\\AgileTest\\Reports\\mobileWeb\\stm\\20191112_080024\\../Screenshots/iPhone 6/stm/Everest/20191112_080757/3.png]]

2019-11-12 08:08:17 - [TEST_STEP][PASSED] - (internal.GlobalVariable.i++): null

2019-11-12 08:08:17 - [MESSAGE][PASSED] - Call Test Case 'Test Cases/mobileWeb/_include/get_screenshot' successfully

2019-11-12 08:08:17 - [MESSAGE][FAILED] - callTestCase(findTestCase("mobileWeb/_include/get_screenshot"), [:], STOP_ON_FAILURE) FAILED.
Reason:
com.kms.katalon.core.exception.StepFailedException: Unable to click on object 'Object Repository/mobileSanity/STM/STM Quote Page/a_Show Plans' (Root cause: org.openqa.selenium.WebDriverException: unknown error: Element <a href="#" class="js-show-plans c-filter-modal-v3__show-plans" type="button">...</a> is not clickable at point (187, 629). Other element would receive the click: <iframe src="https://secure.livechatinc.com/licence/11465608/v2/open_chat.cgi?license=11465608&amp;group=0&amp;embedded=1&amp;widget_version=3&amp;unique_groups=0" allowtransparency="true" allow="autoplay" id="chat-widget" name="chat-widget" scrolling="no" role="application" aria-label="LiveChat chat widget" style="width: 100%; height: 100%; min-height: 0px; min-width: 0px; margin: 0px; padding: 0px; background-image: none; background-position: 0% 0%; background-size: initial; background-attachment: scroll; background-origin: initial; background-clip: initial; background-color: rgba(0, 0, 0, 0); border-width: 0px; float: none; position: absolute; top: 0px; left: 0px; bottom: 0px; right: 0px; transition: none 0s ease 0s !important;"></iframe>
  (Session info: chrome=78.0.3904.70)
  (Driver info: chromedriver=2.43.600210 (68dcf5eebde37173d4027fa8635e332711d2874a),platform=Windows NT 6.3.9600 x86_64) (WARNING: The server did not provide any stacktrace information)
Command duration or timeout: 0 milliseconds
Build info: version: '3.7.1', revision: '8a0099a', time: '2017-11-06T21:07:36.161Z'
System info: host: 'WIN-U215233FMVE', ip: '172.30.0.53', os.name: 'Windows Server 2012 R2', os.arch: 'amd64', os.version: '6.3', java.version: '1.8.0_181'
Driver info: com.kms.katalon.selenium.driver.CChromeDriver
Capabilities {acceptInsecureCerts: false, acceptSslCerts: false, applicationCacheEnabled: false, browserConnectionEnabled: false, browserName: chrome, chrome: {chromedriverVersion: 2.43.600210 (68dcf5eebde371..., userDataDir: C:\Users\ADMINI~1\AppData\L...}, cssSelectorsEnabled: true, databaseEnabled: false, goog:chromeOptions: {debuggerAddress: localhost:62507}, handlesAlerts: true, hasTouchScreen: true, javascriptEnabled: true, locationContextEnabled: true, mobileEmulationEnabled: true, nativeEvents: true, networkConnectionEnabled: false, pageLoadStrategy: normal, platform: XP, platformName: XP, rotatable: false, setWindowRect: true, takesHeapSnapshot: true, takesScreenshot: true, unexpectedAlertBehaviour: , unhandledPromptBehavior: , version: 78.0.3904.70, webStorageEnabled: true}
Session ID: bb702cda63c55c33ab1c75c2fdd7210a)
	at com.kms.katalon.core.keyword.internal.KeywordMain.stepFailed(KeywordMain.groovy:32)
	at com.kms.katalon.core.webui.keyword.internal.WebUIKeywordMain.stepFailed(WebUIKeywordMain.groovy:65)
	at com.kms.katalon.core.webui.keyword.internal.WebUIKeywordMain.runKeyword(WebUIKeywordMain.groovy:27)
	at com.kms.katalon.core.webui.keyword.builtin.ClickKeyword.click(ClickKeyword.groovy:86)
	at com.kms.katalon.core.webui.keyword.builtin.ClickKeyword.execute(ClickKeyword.groovy:67)
	at com.kms.katalon.core.keyword.internal.KeywordExecutor.executeKeywordForPlatform(KeywordExecutor.groovy:53)
	at com.kms.katalon.core.webui.keyword.WebUiBuiltInKeywords.click(WebUiBuiltInKeywords.groovy:616)
	at com.kms.katalon.core.webui.keyword.WebUiBuiltInKeywords$click$3.call(Unknown Source)
	at filter_stm.run(filter_stm:46)
	at com.kms.katalon.core.main.ScriptEngine.run(ScriptEngine.java:194)
	at com.kms.katalon.core.main.ScriptEngine.runScriptAsRawText(ScriptEngine.java:119)
	at com.kms.katalon.core.main.TestCaseExecutor.runScript(TestCaseExecutor.java:328)
	at com.kms.katalon.core.main.TestCaseExecutor.doExecute(TestCaseExecutor.java:319)
	at com.kms.katalon.core.main.TestCaseExecutor.processExecutionPhase(TestCaseExecutor.java:298)
	at com.kms.katalon.core.main.TestCaseExecutor.accessMainPhase(TestCaseExecutor.java:290)
	at com.kms.katalon.core.main.TestCaseExecutor.execute(TestCaseExecutor.java:224)
	at com.kms.katalon.core.main.TestCaseMain.runTestCase(TestCaseMain.java:106)
	at com.kms.katalon.core.keyword.builtin.CallTestCaseKeyword$_callTestCase_closure1.doCall(CallTestCaseKeyword.groovy:59)
	at com.kms.katalon.core.keyword.builtin.CallTestCaseKeyword$_callTestCase_closure1.call(CallTestCaseKeyword.groovy)
	at com.kms.katalon.core.keyword.internal.KeywordMain.runKeyword(KeywordMain.groovy:54)
	at com.kms.katalon.core.keyword.builtin.CallTestCaseKeyword.callTestCase(CallTestCaseKeyword.groovy:80)
	at com.kms.katalon.core.keyword.builtin.CallTestCaseKeyword.execute(CallTestCaseKeyword.groovy:44)
	at com.kms.katalon.core.keyword.internal.KeywordExecutor.executeKeywordForPlatform(KeywordExecutor.groovy:53)
	at com.kms.katalon.core.keyword.BuiltinKeywords.callTestCase(BuiltinKeywords.groovy:334)
	at Everest.run(Everest:25)
	at com.kms.katalon.core.main.ScriptEngine.run(ScriptEngine.java:194)
	at com.kms.katalon.core.main.ScriptEngine.runScriptAsRawText(ScriptEngine.java:119)
	at com.kms.katalon.core.main.TestCaseExecutor.runScript(TestCaseExecutor.java:328)
	at com.kms.katalon.core.main.TestCaseExecutor.doExecute(TestCaseExecutor.java:319)
	at com.kms.katalon.core.main.TestCaseExecutor.processExecutionPhase(TestCaseExecutor.java:298)
	at com.kms.katalon.core.main.TestCaseExecutor.accessMainPhase(TestCaseExecutor.java:290)
	at com.kms.katalon.core.main.TestCaseExecutor.execute(TestCaseExecutor.java:224)
	at com.kms.katalon.core.main.TestSuiteExecutor.accessTestCaseMainPhase(TestSuiteExecutor.java:129)
	at com.kms.katalon.core.main.TestSuiteExecutor.accessTestSuiteMainPhase(TestSuiteExecutor.java:112)
	at com.kms.katalon.core.main.TestSuiteExecutor.execute(TestSuiteExecutor.java:81)
	at com.kms.katalon.core.main.TestCaseMain.startTestSuite(TestCaseMain.java:149)
	at com.kms.katalon.core.main.TestCaseMain$startTestSuite$0.call(Unknown Source)
	at TempTestSuite1573563624301.run(TempTestSuite1573563624301.groovy:36)


2019-11-12 08:08:17 - [MESSAGE][FAILED] - Unable to call Test Case 'Test Cases/mobileWeb/_include/filter_stm' (Root cause: com.kms.katalon.core.exception.StepFailedException: Call Test Case 'Test Cases/mobileWeb/_include/filter_stm' failed)

2019-11-12 08:08:17 - [MESSAGE][FAILED] - callTestCase(findTestCase("mobileWeb/_include/filter_stm"), ["carrier":"everest-one"], STOP_ON_FAILURE) FAILED.
Reason:
com.kms.katalon.core.exception.StepFailedException: Unable to click on object 'Object Repository/mobileSanity/STM/STM Quote Page/a_Show Plans' (Root cause: org.openqa.selenium.WebDriverException: unknown error: Element <a href="#" class="js-show-plans c-filter-modal-v3__show-plans" type="button">...</a> is not clickable at point (187, 629). Other element would receive the click: <iframe src="https://secure.livechatinc.com/licence/11465608/v2/open_chat.cgi?license=11465608&amp;group=0&amp;embedded=1&amp;widget_version=3&amp;unique_groups=0" allowtransparency="true" allow="autoplay" id="chat-widget" name="chat-widget" scrolling="no" role="application" aria-label="LiveChat chat widget" style="width: 100%; height: 100%; min-height: 0px; min-width: 0px; margin: 0px; padding: 0px; background-image: none; background-position: 0% 0%; background-size: initial; background-attachment: scroll; background-origin: initial; background-clip: initial; background-color: rgba(0, 0, 0, 0); border-width: 0px; float: none; position: absolute; top: 0px; left: 0px; bottom: 0px; right: 0px; transition: none 0s ease 0s !important;"></iframe>
  (Session info: chrome=78.0.3904.70)
  (Driver info: chromedriver=2.43.600210 (68dcf5eebde37173d4027fa8635e332711d2874a),platform=Windows NT 6.3.9600 x86_64) (WARNING: The server did not provide any stacktrace information)
Command duration or timeout: 0 milliseconds
Build info: version: '3.7.1', revision: '8a0099a', time: '2017-11-06T21:07:36.161Z'
System info: host: 'WIN-U215233FMVE', ip: '172.30.0.53', os.name: 'Windows Server 2012 R2', os.arch: 'amd64', os.version: '6.3', java.version: '1.8.0_181'
Driver info: com.kms.katalon.selenium.driver.CChromeDriver
Capabilities {acceptInsecureCerts: false, acceptSslCerts: false, applicationCacheEnabled: false, browserConnectionEnabled: false, browserName: chrome, chrome: {chromedriverVersion: 2.43.600210 (68dcf5eebde371..., userDataDir: C:\Users\ADMINI~1\AppData\L...}, cssSelectorsEnabled: true, databaseEnabled: false, goog:chromeOptions: {debuggerAddress: localhost:62507}, handlesAlerts: true, hasTouchScreen: true, javascriptEnabled: true, locationContextEnabled: true, mobileEmulationEnabled: true, nativeEvents: true, networkConnectionEnabled: false, pageLoadStrategy: normal, platform: XP, platformName: XP, rotatable: false, setWindowRect: true, takesHeapSnapshot: true, takesScreenshot: true, unexpectedAlertBehaviour: , unhandledPromptBehavior: , version: 78.0.3904.70, webStorageEnabled: true}
Session ID: bb702cda63c55c33ab1c75c2fdd7210a)
	at com.kms.katalon.core.keyword.internal.KeywordMain.stepFailed(KeywordMain.groovy:32)
	at com.kms.katalon.core.webui.keyword.internal.WebUIKeywordMain.stepFailed(WebUIKeywordMain.groovy:65)
	at com.kms.katalon.core.webui.keyword.internal.WebUIKeywordMain.runKeyword(WebUIKeywordMain.groovy:27)
	at com.kms.katalon.core.webui.keyword.builtin.ClickKeyword.click(ClickKeyword.groovy:86)
	at com.kms.katalon.core.webui.keyword.builtin.ClickKeyword.execute(ClickKeyword.groovy:67)
	at com.kms.katalon.core.keyword.internal.KeywordExecutor.executeKeywordForPlatform(KeywordExecutor.groovy:53)
	at com.kms.katalon.core.webui.keyword.WebUiBuiltInKeywords.click(WebUiBuiltInKeywords.groovy:616)
	at com.kms.katalon.core.webui.keyword.WebUiBuiltInKeywords$click$3.call(Unknown Source)
	at filter_stm.run(filter_stm:46)
	at com.kms.katalon.core.main.ScriptEngine.run(ScriptEngine.java:194)
	at com.kms.katalon.core.main.ScriptEngine.runScriptAsRawText(ScriptEngine.java:119)
	at com.kms.katalon.core.main.TestCaseExecutor.runScript(TestCaseExecutor.java:328)
	at com.kms.katalon.core.main.TestCaseExecutor.doExecute(TestCaseExecutor.java:319)
	at com.kms.katalon.core.main.TestCaseExecutor.processExecutionPhase(TestCaseExecutor.java:298)
	at com.kms.katalon.core.main.TestCaseExecutor.accessMainPhase(TestCaseExecutor.java:290)
	at com.kms.katalon.core.main.TestCaseExecutor.execute(TestCaseExecutor.java:224)
	at com.kms.katalon.core.main.TestCaseMain.runTestCase(TestCaseMain.java:106)
	at com.kms.katalon.core.keyword.builtin.CallTestCaseKeyword$_callTestCase_closure1.doCall(CallTestCaseKeyword.groovy:59)
	at com.kms.katalon.core.keyword.builtin.CallTestCaseKeyword$_callTestCase_closure1.call(CallTestCaseKeyword.groovy)
	at com.kms.katalon.core.keyword.internal.KeywordMain.runKeyword(KeywordMain.groovy:54)
	at com.kms.katalon.core.keyword.builtin.CallTestCaseKeyword.callTestCase(CallTestCaseKeyword.groovy:80)
	at com.kms.katalon.core.keyword.builtin.CallTestCaseKeyword.execute(CallTestCaseKeyword.groovy:44)
	at com.kms.katalon.core.keyword.internal.KeywordExecutor.executeKeywordForPlatform(KeywordExecutor.groovy:53)
	at com.kms.katalon.core.keyword.BuiltinKeywords.callTestCase(BuiltinKeywords.groovy:334)
	at Everest.run(Everest:25)
	at com.kms.katalon.core.main.ScriptEngine.run(ScriptEngine.java:194)
	at com.kms.katalon.core.main.ScriptEngine.runScriptAsRawText(ScriptEngine.java:119)
	at com.kms.katalon.core.main.TestCaseExecutor.runScript(TestCaseExecutor.java:328)
	at com.kms.katalon.core.main.TestCaseExecutor.doExecute(TestCaseExecutor.java:319)
	at com.kms.katalon.core.main.TestCaseExecutor.processExecutionPhase(TestCaseExecutor.java:298)
	at com.kms.katalon.core.main.TestCaseExecutor.accessMainPhase(TestCaseExecutor.java:290)
	at com.kms.katalon.core.main.TestCaseExecutor.execute(TestCaseExecutor.java:224)
	at com.kms.katalon.core.main.TestSuiteExecutor.accessTestCaseMainPhase(TestSuiteExecutor.java:129)
	at com.kms.katalon.core.main.TestSuiteExecutor.accessTestSuiteMainPhase(TestSuiteExecutor.java:112)
	at com.kms.katalon.core.main.TestSuiteExecutor.execute(TestSuiteExecutor.java:81)
	at com.kms.katalon.core.main.TestCaseMain.startTestSuite(TestCaseMain.java:149)
	at com.kms.katalon.core.main.TestCaseMain$startTestSuite$0.call(Unknown Source)
	at TempTestSuite1573563624301.run(TempTestSuite1573563624301.groovy:36)]]></system-out>
         <system-err><![CDATA[2019-11-12 08:07:57 - [TEST_CASE][FAILED] - Test Cases/mobileWeb/stm/Everest: Test Cases/mobileWeb/stm/Everest FAILED.
Reason:
com.kms.katalon.core.exception.StepFailedException: Unable to click on object 'Object Repository/mobileSanity/STM/STM Quote Page/a_Show Plans' (Root cause: org.openqa.selenium.WebDriverException: unknown error: Element <a href="#" class="js-show-plans c-filter-modal-v3__show-plans" type="button">...</a> is not clickable at point (187, 629). Other element would receive the click: <iframe src="https://secure.livechatinc.com/licence/11465608/v2/open_chat.cgi?license=11465608&amp;group=0&amp;embedded=1&amp;widget_version=3&amp;unique_groups=0" allowtransparency="true" allow="autoplay" id="chat-widget" name="chat-widget" scrolling="no" role="application" aria-label="LiveChat chat widget" style="width: 100%; height: 100%; min-height: 0px; min-width: 0px; margin: 0px; padding: 0px; background-image: none; background-position: 0% 0%; background-size: initial; background-attachment: scroll; background-origin: initial; background-clip: initial; background-color: rgba(0, 0, 0, 0); border-width: 0px; float: none; position: absolute; top: 0px; left: 0px; bottom: 0px; right: 0px; transition: none 0s ease 0s !important;"></iframe>
  (Session info: chrome=78.0.3904.70)
  (Driver info: chromedriver=2.43.600210 (68dcf5eebde37173d4027fa8635e332711d2874a),platform=Windows NT 6.3.9600 x86_64) (WARNING: The server did not provide any stacktrace information)
Command duration or timeout: 0 milliseconds
Build info: version: '3.7.1', revision: '8a0099a', time: '2017-11-06T21:07:36.161Z'
System info: host: 'WIN-U215233FMVE', ip: '172.30.0.53', os.name: 'Windows Server 2012 R2', os.arch: 'amd64', os.version: '6.3', java.version: '1.8.0_181'
Driver info: com.kms.katalon.selenium.driver.CChromeDriver
Capabilities {acceptInsecureCerts: false, acceptSslCerts: false, applicationCacheEnabled: false, browserConnectionEnabled: false, browserName: chrome, chrome: {chromedriverVersion: 2.43.600210 (68dcf5eebde371..., userDataDir: C:\Users\ADMINI~1\AppData\L...}, cssSelectorsEnabled: true, databaseEnabled: false, goog:chromeOptions: {debuggerAddress: localhost:62507}, handlesAlerts: true, hasTouchScreen: true, javascriptEnabled: true, locationContextEnabled: true, mobileEmulationEnabled: true, nativeEvents: true, networkConnectionEnabled: false, pageLoadStrategy: normal, platform: XP, platformName: XP, rotatable: false, setWindowRect: true, takesHeapSnapshot: true, takesScreenshot: true, unexpectedAlertBehaviour: , unhandledPromptBehavior: , version: 78.0.3904.70, webStorageEnabled: true}
Session ID: bb702cda63c55c33ab1c75c2fdd7210a)
	at com.kms.katalon.core.keyword.internal.KeywordMain.stepFailed(KeywordMain.groovy:32)
	at com.kms.katalon.core.webui.keyword.internal.WebUIKeywordMain.stepFailed(WebUIKeywordMain.groovy:65)
	at com.kms.katalon.core.webui.keyword.internal.WebUIKeywordMain.runKeyword(WebUIKeywordMain.groovy:27)
	at com.kms.katalon.core.webui.keyword.builtin.ClickKeyword.click(ClickKeyword.groovy:86)
	at com.kms.katalon.core.webui.keyword.builtin.ClickKeyword.execute(ClickKeyword.groovy:67)
	at com.kms.katalon.core.keyword.internal.KeywordExecutor.executeKeywordForPlatform(KeywordExecutor.groovy:53)
	at com.kms.katalon.core.webui.keyword.WebUiBuiltInKeywords.click(WebUiBuiltInKeywords.groovy:616)
	at com.kms.katalon.core.webui.keyword.WebUiBuiltInKeywords$click$3.call(Unknown Source)
	at filter_stm.run(filter_stm:46)
	at com.kms.katalon.core.main.ScriptEngine.run(ScriptEngine.java:194)
	at com.kms.katalon.core.main.ScriptEngine.runScriptAsRawText(ScriptEngine.java:119)
	at com.kms.katalon.core.main.TestCaseExecutor.runScript(TestCaseExecutor.java:328)
	at com.kms.katalon.core.main.TestCaseExecutor.doExecute(TestCaseExecutor.java:319)
	at com.kms.katalon.core.main.TestCaseExecutor.processExecutionPhase(TestCaseExecutor.java:298)
	at com.kms.katalon.core.main.TestCaseExecutor.accessMainPhase(TestCaseExecutor.java:290)
	at com.kms.katalon.core.main.TestCaseExecutor.execute(TestCaseExecutor.java:224)
	at com.kms.katalon.core.main.TestCaseMain.runTestCase(TestCaseMain.java:106)
	at com.kms.katalon.core.keyword.builtin.CallTestCaseKeyword$_callTestCase_closure1.doCall(CallTestCaseKeyword.groovy:59)
	at com.kms.katalon.core.keyword.builtin.CallTestCaseKeyword$_callTestCase_closure1.call(CallTestCaseKeyword.groovy)
	at com.kms.katalon.core.keyword.internal.KeywordMain.runKeyword(KeywordMain.groovy:54)
	at com.kms.katalon.core.keyword.builtin.CallTestCaseKeyword.callTestCase(CallTestCaseKeyword.groovy:80)
	at com.kms.katalon.core.keyword.builtin.CallTestCaseKeyword.execute(CallTestCaseKeyword.groovy:44)
	at com.kms.katalon.core.keyword.internal.KeywordExecutor.executeKeywordForPlatform(KeywordExecutor.groovy:53)
	at com.kms.katalon.core.keyword.BuiltinKeywords.callTestCase(BuiltinKeywords.groovy:334)
	at Everest.run(Everest:25)
	at com.kms.katalon.core.main.ScriptEngine.run(ScriptEngine.java:194)
	at com.kms.katalon.core.main.ScriptEngine.runScriptAsRawText(ScriptEngine.java:119)
	at com.kms.katalon.core.main.TestCaseExecutor.runScript(TestCaseExecutor.java:328)
	at com.kms.katalon.core.main.TestCaseExecutor.doExecute(TestCaseExecutor.java:319)
	at com.kms.katalon.core.main.TestCaseExecutor.processExecutionPhase(TestCaseExecutor.java:298)
	at com.kms.katalon.core.main.TestCaseExecutor.accessMainPhase(TestCaseExecutor.java:290)
	at com.kms.katalon.core.main.TestCaseExecutor.execute(TestCaseExecutor.java:224)
	at com.kms.katalon.core.main.TestSuiteExecutor.accessTestCaseMainPhase(TestSuiteExecutor.java:129)
	at com.kms.katalon.core.main.TestSuiteExecutor.accessTestSuiteMainPhase(TestSuiteExecutor.java:112)
	at com.kms.katalon.core.main.TestSuiteExecutor.execute(TestSuiteExecutor.java:81)
	at com.kms.katalon.core.main.TestCaseMain.startTestSuite(TestCaseMain.java:149)
	at com.kms.katalon.core.main.TestCaseMain$startTestSuite$0.call(Unknown Source)
	at TempTestSuite1573563624301.run(TempTestSuite1573563624301.groovy:36)]]></system-err>
      </testcase>
      <testcase name="Test Cases/mobileWeb/stm/Everest Prime" classname="Test Cases/mobileWeb/stm/Everest Prime" status="FAILED">
         <failure type="FAILED" message="Test Cases/mobileWeb/stm/Everest Prime FAILED.
Reason:
com.kms.katalon.core.exception.StepFailedException: Unable to click on object 'Object Repository/mobileSanity/STM/STM Quote Page/a_Show Plans' (Root cause: org.openqa.selenium.WebDriverException: unknown error: Element &lt;a href=&quot;#&quot; class=&quot;js-show-plans c-filter-modal-v3__show-plans&quot; type=&quot;button&quot;>...&lt;/a> is not clickable at point (187, 629). Other element would receive the click: &lt;iframe src=&quot;https://secure.livechatinc.com/licence/11465608/v2/open_chat.cgi?license=11465608&amp;amp;group=0&amp;amp;embedded=1&amp;amp;widget_version=3&amp;amp;unique_groups=0&quot; allowtransparency=&quot;true&quot; allow=&quot;autoplay&quot; id=&quot;chat-widget&quot; name=&quot;chat-widget&quot; scrolling=&quot;no&quot; role=&quot;application&quot; aria-label=&quot;LiveChat chat widget&quot; style=&quot;width: 100%; height: 100%; min-height: 0px; min-width: 0px; margin: 0px; padding: 0px; background-image: none; background-position: 0% 0%; background-size: initial; background-attachment: scroll; background-origin: initial; background-clip: initial; background-color: rgba(0, 0, 0, 0); border-width: 0px; float: none; position: absolute; top: 0px; left: 0px; bottom: 0px; right: 0px; transition: none 0s ease 0s !important;&quot;>&lt;/iframe>
  (Session info: chrome=78.0.3904.70)
  (Driver info: chromedriver=2.43.600210 (68dcf5eebde37173d4027fa8635e332711d2874a),platform=Windows NT 6.3.9600 x86_64) (WARNING: The server did not provide any stacktrace information)
Command duration or timeout: 0 milliseconds
Build info: version: '3.7.1', revision: '8a0099a', time: '2017-11-06T21:07:36.161Z'
System info: host: 'WIN-U215233FMVE', ip: '172.30.0.53', os.name: 'Windows Server 2012 R2', os.arch: 'amd64', os.version: '6.3', java.version: '1.8.0_181'
Driver info: com.kms.katalon.selenium.driver.CChromeDriver
Capabilities {acceptInsecureCerts: false, acceptSslCerts: false, applicationCacheEnabled: false, browserConnectionEnabled: false, browserName: chrome, chrome: {chromedriverVersion: 2.43.600210 (68dcf5eebde371..., userDataDir: C:\Users\ADMINI~1\AppData\L...}, cssSelectorsEnabled: true, databaseEnabled: false, goog:chromeOptions: {debuggerAddress: localhost:62628}, handlesAlerts: true, hasTouchScreen: true, javascriptEnabled: true, locationContextEnabled: true, mobileEmulationEnabled: true, nativeEvents: true, networkConnectionEnabled: false, pageLoadStrategy: normal, platform: XP, platformName: XP, rotatable: false, setWindowRect: true, takesHeapSnapshot: true, takesScreenshot: true, unexpectedAlertBehaviour: , unhandledPromptBehavior: , version: 78.0.3904.70, webStorageEnabled: true}
Session ID: 30d4f18d4aaf05d0469fe4ec6470d5d6)
	at com.kms.katalon.core.keyword.internal.KeywordMain.stepFailed(KeywordMain.groovy:32)
	at com.kms.katalon.core.webui.keyword.internal.WebUIKeywordMain.stepFailed(WebUIKeywordMain.groovy:65)
	at com.kms.katalon.core.webui.keyword.internal.WebUIKeywordMain.runKeyword(WebUIKeywordMain.groovy:27)
	at com.kms.katalon.core.webui.keyword.builtin.ClickKeyword.click(ClickKeyword.groovy:86)
	at com.kms.katalon.core.webui.keyword.builtin.ClickKeyword.execute(ClickKeyword.groovy:67)
	at com.kms.katalon.core.keyword.internal.KeywordExecutor.executeKeywordForPlatform(KeywordExecutor.groovy:53)
	at com.kms.katalon.core.webui.keyword.WebUiBuiltInKeywords.click(WebUiBuiltInKeywords.groovy:616)
	at com.kms.katalon.core.webui.keyword.WebUiBuiltInKeywords$click$3.call(Unknown Source)
	at filter_stm.run(filter_stm:46)
	at com.kms.katalon.core.main.ScriptEngine.run(ScriptEngine.java:194)
	at com.kms.katalon.core.main.ScriptEngine.runScriptAsRawText(ScriptEngine.java:119)
	at com.kms.katalon.core.main.TestCaseExecutor.runScript(TestCaseExecutor.java:328)
	at com.kms.katalon.core.main.TestCaseExecutor.doExecute(TestCaseExecutor.java:319)
	at com.kms.katalon.core.main.TestCaseExecutor.processExecutionPhase(TestCaseExecutor.java:298)
	at com.kms.katalon.core.main.TestCaseExecutor.accessMainPhase(TestCaseExecutor.java:290)
	at com.kms.katalon.core.main.TestCaseExecutor.execute(TestCaseExecutor.java:224)
	at com.kms.katalon.core.main.TestCaseMain.runTestCase(TestCaseMain.java:106)
	at com.kms.katalon.core.keyword.builtin.CallTestCaseKeyword$_callTestCase_closure1.doCall(CallTestCaseKeyword.groovy:59)
	at com.kms.katalon.core.keyword.builtin.CallTestCaseKeyword$_callTestCase_closure1.call(CallTestCaseKeyword.groovy)
	at com.kms.katalon.core.keyword.internal.KeywordMain.runKeyword(KeywordMain.groovy:54)
	at com.kms.katalon.core.keyword.builtin.CallTestCaseKeyword.callTestCase(CallTestCaseKeyword.groovy:80)
	at com.kms.katalon.core.keyword.builtin.CallTestCaseKeyword.execute(CallTestCaseKeyword.groovy:44)
	at com.kms.katalon.core.keyword.internal.KeywordExecutor.executeKeywordForPlatform(KeywordExecutor.groovy:53)
	at com.kms.katalon.core.keyword.BuiltinKeywords.callTestCase(BuiltinKeywords.groovy:334)
	at Everest Prime.run(Everest Prime:25)
	at com.kms.katalon.core.main.ScriptEngine.run(ScriptEngine.java:194)
	at com.kms.katalon.core.main.ScriptEngine.runScriptAsRawText(ScriptEngine.java:119)
	at com.kms.katalon.core.main.TestCaseExecutor.runScript(TestCaseExecutor.java:328)
	at com.kms.katalon.core.main.TestCaseExecutor.doExecute(TestCaseExecutor.java:319)
	at com.kms.katalon.core.main.TestCaseExecutor.processExecutionPhase(TestCaseExecutor.java:298)
	at com.kms.katalon.core.main.TestCaseExecutor.accessMainPhase(TestCaseExecutor.java:290)
	at com.kms.katalon.core.main.TestCaseExecutor.execute(TestCaseExecutor.java:224)
	at com.kms.katalon.core.main.TestSuiteExecutor.accessTestCaseMainPhase(TestSuiteExecutor.java:129)
	at com.kms.katalon.core.main.TestSuiteExecutor.accessTestSuiteMainPhase(TestSuiteExecutor.java:112)
	at com.kms.katalon.core.main.TestSuiteExecutor.execute(TestSuiteExecutor.java:81)
	at com.kms.katalon.core.main.TestCaseMain.startTestSuite(TestCaseMain.java:149)
	at com.kms.katalon.core.main.TestCaseMain$startTestSuite$0.call(Unknown Source)
	at TempTestSuite1573563624301.run(TempTestSuite1573563624301.groovy:36)
"/>
         <system-out><![CDATA[2019-11-12 08:08:17 - [TEST_CASE][FAILED] - Test Cases/mobileWeb/stm/Everest Prime: Test Cases/mobileWeb/stm/Everest Prime FAILED.
Reason:
com.kms.katalon.core.exception.StepFailedException: Unable to click on object 'Object Repository/mobileSanity/STM/STM Quote Page/a_Show Plans' (Root cause: org.openqa.selenium.WebDriverException: unknown error: Element <a href="#" class="js-show-plans c-filter-modal-v3__show-plans" type="button">...</a> is not clickable at point (187, 629). Other element would receive the click: <iframe src="https://secure.livechatinc.com/licence/11465608/v2/open_chat.cgi?license=11465608&amp;group=0&amp;embedded=1&amp;widget_version=3&amp;unique_groups=0" allowtransparency="true" allow="autoplay" id="chat-widget" name="chat-widget" scrolling="no" role="application" aria-label="LiveChat chat widget" style="width: 100%; height: 100%; min-height: 0px; min-width: 0px; margin: 0px; padding: 0px; background-image: none; background-position: 0% 0%; background-size: initial; background-attachment: scroll; background-origin: initial; background-clip: initial; background-color: rgba(0, 0, 0, 0); border-width: 0px; float: none; position: absolute; top: 0px; left: 0px; bottom: 0px; right: 0px; transition: none 0s ease 0s !important;"></iframe>
  (Session info: chrome=78.0.3904.70)
  (Driver info: chromedriver=2.43.600210 (68dcf5eebde37173d4027fa8635e332711d2874a),platform=Windows NT 6.3.9600 x86_64) (WARNING: The server did not provide any stacktrace information)
Command duration or timeout: 0 milliseconds
Build info: version: '3.7.1', revision: '8a0099a', time: '2017-11-06T21:07:36.161Z'
System info: host: 'WIN-U215233FMVE', ip: '172.30.0.53', os.name: 'Windows Server 2012 R2', os.arch: 'amd64', os.version: '6.3', java.version: '1.8.0_181'
Driver info: com.kms.katalon.selenium.driver.CChromeDriver
Capabilities {acceptInsecureCerts: false, acceptSslCerts: false, applicationCacheEnabled: false, browserConnectionEnabled: false, browserName: chrome, chrome: {chromedriverVersion: 2.43.600210 (68dcf5eebde371..., userDataDir: C:\Users\ADMINI~1\AppData\L...}, cssSelectorsEnabled: true, databaseEnabled: false, goog:chromeOptions: {debuggerAddress: localhost:62628}, handlesAlerts: true, hasTouchScreen: true, javascriptEnabled: true, locationContextEnabled: true, mobileEmulationEnabled: true, nativeEvents: true, networkConnectionEnabled: false, pageLoadStrategy: normal, platform: XP, platformName: XP, rotatable: false, setWindowRect: true, takesHeapSnapshot: true, takesScreenshot: true, unexpectedAlertBehaviour: , unhandledPromptBehavior: , version: 78.0.3904.70, webStorageEnabled: true}
Session ID: 30d4f18d4aaf05d0469fe4ec6470d5d6)
	at com.kms.katalon.core.keyword.internal.KeywordMain.stepFailed(KeywordMain.groovy:32)
	at com.kms.katalon.core.webui.keyword.internal.WebUIKeywordMain.stepFailed(WebUIKeywordMain.groovy:65)
	at com.kms.katalon.core.webui.keyword.internal.WebUIKeywordMain.runKeyword(WebUIKeywordMain.groovy:27)
	at com.kms.katalon.core.webui.keyword.builtin.ClickKeyword.click(ClickKeyword.groovy:86)
	at com.kms.katalon.core.webui.keyword.builtin.ClickKeyword.execute(ClickKeyword.groovy:67)
	at com.kms.katalon.core.keyword.internal.KeywordExecutor.executeKeywordForPlatform(KeywordExecutor.groovy:53)
	at com.kms.katalon.core.webui.keyword.WebUiBuiltInKeywords.click(WebUiBuiltInKeywords.groovy:616)
	at com.kms.katalon.core.webui.keyword.WebUiBuiltInKeywords$click$3.call(Unknown Source)
	at filter_stm.run(filter_stm:46)
	at com.kms.katalon.core.main.ScriptEngine.run(ScriptEngine.java:194)
	at com.kms.katalon.core.main.ScriptEngine.runScriptAsRawText(ScriptEngine.java:119)
	at com.kms.katalon.core.main.TestCaseExecutor.runScript(TestCaseExecutor.java:328)
	at com.kms.katalon.core.main.TestCaseExecutor.doExecute(TestCaseExecutor.java:319)
	at com.kms.katalon.core.main.TestCaseExecutor.processExecutionPhase(TestCaseExecutor.java:298)
	at com.kms.katalon.core.main.TestCaseExecutor.accessMainPhase(TestCaseExecutor.java:290)
	at com.kms.katalon.core.main.TestCaseExecutor.execute(TestCaseExecutor.java:224)
	at com.kms.katalon.core.main.TestCaseMain.runTestCase(TestCaseMain.java:106)
	at com.kms.katalon.core.keyword.builtin.CallTestCaseKeyword$_callTestCase_closure1.doCall(CallTestCaseKeyword.groovy:59)
	at com.kms.katalon.core.keyword.builtin.CallTestCaseKeyword$_callTestCase_closure1.call(CallTestCaseKeyword.groovy)
	at com.kms.katalon.core.keyword.internal.KeywordMain.runKeyword(KeywordMain.groovy:54)
	at com.kms.katalon.core.keyword.builtin.CallTestCaseKeyword.callTestCase(CallTestCaseKeyword.groovy:80)
	at com.kms.katalon.core.keyword.builtin.CallTestCaseKeyword.execute(CallTestCaseKeyword.groovy:44)
	at com.kms.katalon.core.keyword.internal.KeywordExecutor.executeKeywordForPlatform(KeywordExecutor.groovy:53)
	at com.kms.katalon.core.keyword.BuiltinKeywords.callTestCase(BuiltinKeywords.groovy:334)
	at Everest Prime.run(Everest Prime:25)
	at com.kms.katalon.core.main.ScriptEngine.run(ScriptEngine.java:194)
	at com.kms.katalon.core.main.ScriptEngine.runScriptAsRawText(ScriptEngine.java:119)
	at com.kms.katalon.core.main.TestCaseExecutor.runScript(TestCaseExecutor.java:328)
	at com.kms.katalon.core.main.TestCaseExecutor.doExecute(TestCaseExecutor.java:319)
	at com.kms.katalon.core.main.TestCaseExecutor.processExecutionPhase(TestCaseExecutor.java:298)
	at com.kms.katalon.core.main.TestCaseExecutor.accessMainPhase(TestCaseExecutor.java:290)
	at com.kms.katalon.core.main.TestCaseExecutor.execute(TestCaseExecutor.java:224)
	at com.kms.katalon.core.main.TestSuiteExecutor.accessTestCaseMainPhase(TestSuiteExecutor.java:129)
	at com.kms.katalon.core.main.TestSuiteExecutor.accessTestSuiteMainPhase(TestSuiteExecutor.java:112)
	at com.kms.katalon.core.main.TestSuiteExecutor.execute(TestSuiteExecutor.java:81)
	at com.kms.katalon.core.main.TestCaseMain.startTestSuite(TestCaseMain.java:149)
	at com.kms.katalon.core.main.TestCaseMain$startTestSuite$0.call(Unknown Source)
	at TempTestSuite1573563624301.run(TempTestSuite1573563624301.groovy:36)


2019-11-12 08:08:18 - [TEST_STEP][PASSED] - callTestCase(findTestCase("mobileWeb/_include/get_screenPath"), ["productLine":"stm", "carrierName":"Everest Prime"], CONTINUE_ON_FAILURE): Call Test Case 'Test Cases/mobileWeb/_include/get_screenPath' successfully

2019-11-12 08:08:18 - [TEST_CASE][PASSED] - Test Cases/mobileWeb/_include/get_screenPath: Test Cases/mobileWeb/_include/get_screenPath

2019-11-12 08:08:18 - [TEST_STEP][PASSED] - m = getExecutionProperties(): null

2019-11-12 08:08:18 - [TEST_STEP][PASSED] - deviceName = get("mobileEmulation").get("deviceName"): null

2019-11-12 08:08:18 - [TEST_STEP][PASSED] - println(deviceName): null

2019-11-12 08:08:18 - [TEST_STEP][PASSED] - now = new java.util.Date(): null

2019-11-12 08:08:18 - [TEST_STEP][PASSED] - mydate = now.format("yyyyMMdd_HHmmss"): null

2019-11-12 08:08:18 - [TEST_STEP][PASSED] - screenPath = "../Screenshots/": null

2019-11-12 08:08:18 - [TEST_STEP][PASSED] - screenPath = screenPath + deviceName + "/" + productLine + "/" + carrierName + "/" + mydate + "/": null

2019-11-12 08:08:18 - [TEST_STEP][PASSED] - println(screenPath): null

2019-11-12 08:08:18 - [MESSAGE][PASSED] - Call Test Case 'Test Cases/mobileWeb/_include/get_screenPath' successfully

2019-11-12 08:08:18 - [TEST_STEP][PASSED] - i = 0: null

2019-11-12 08:08:18 - [TEST_STEP][PASSED] - callTestCase(findTestCase("mobileWeb/_include/openWebSite"), [:], CONTINUE_ON_FAILURE): Call Test Case 'Test Cases/mobileWeb/_include/openWebSite' successfully

2019-11-12 08:08:18 - [TEST_CASE][PASSED] - Test Cases/mobileWeb/_include/openWebSite: Test Cases/mobileWeb/_include/openWebSite

2019-11-12 08:08:18 - [TEST_STEP][PASSED] - openBrowser(env): Browser is opened with url: 'https://praetemptatus.agilehealthinsurance.com'

2019-11-12 08:08:18 - [MESSAGE][WARNING] - A browser is already opened. Closing browser and opening a new one

2019-11-12 08:08:18 - [MESSAGE][INFO] - Starting 'Chrome' driver

2019-11-12 08:08:18 - [MESSAGE][INFO] - User set preference: ['mobileEmulation', '{deviceName=iPhone 6}']

2019-11-12 08:08:18 - [MESSAGE][INFO] - User set preference: ['args', '[--incognito, --aggressive-cache-discard, --window-size=375,677, --no-sandbox]']

2019-11-12 08:08:20 - [MESSAGE][PASSED] - Browser is opened with url: 'https://praetemptatus.agilehealthinsurance.com'

2019-11-12 08:08:20 - [TEST_STEP][PASSED] - waitForPageLoad(20): Wait for page load successfully

2019-11-12 08:08:20 - [MESSAGE][PASSED] - Wait for page load successfully

2019-11-12 08:08:20 - [TEST_STEP][PASSED] - callTestCase(findTestCase("mobileWeb/_include/get_screenshot"), [:], STOP_ON_FAILURE): Call Test Case 'Test Cases/mobileWeb/_include/get_screenshot' successfully

2019-11-12 08:08:20 - [TEST_CASE][PASSED] - Test Cases/mobileWeb/_include/get_screenshot: Test Cases/mobileWeb/_include/get_screenshot

2019-11-12 08:08:20 - [TEST_STEP][PASSED] - takeScreenshot(screenPath + i + ".png"): Taking screenshot successfully

2019-11-12 08:08:21 - [MESSAGE][PASSED] - Taking screenshot successfully
[[ATTACHMENT|D:\\Test\\AgileTest\\Reports\\mobileWeb\\stm\\20191112_080024\\../Screenshots/iPhone 6/stm/Everest Prime/20191112_080818/0.png]]

2019-11-12 08:08:21 - [TEST_STEP][PASSED] - (internal.GlobalVariable.i++): null

2019-11-12 08:08:21 - [MESSAGE][PASSED] - Call Test Case 'Test Cases/mobileWeb/_include/get_screenshot' successfully

2019-11-12 08:08:21 - [MESSAGE][PASSED] - Call Test Case 'Test Cases/mobileWeb/_include/openWebSite' successfully

2019-11-12 08:08:21 - [TEST_STEP][PASSED] - callTestCase(findTestCase("mobileWeb/_include/census_stm"), [:], CONTINUE_ON_FAILURE): Call Test Case 'Test Cases/mobileWeb/_include/census_stm' successfully

2019-11-12 08:08:21 - [TEST_CASE][PASSED] - Test Cases/mobileWeb/_include/census_stm: Test Cases/mobileWeb/_include/census_stm

2019-11-12 08:08:21 - [TEST_STEP][PASSED] - waitForElementClickable(findTestObject("mobileSanity/STM/Home Page/a_Quote  Save Today"), 10): Object 'Object Repository/mobileSanity/STM/Home Page/a_Quote  Save Today' is clickable

2019-11-12 08:08:21 - [MESSAGE][PASSED] - Object 'Object Repository/mobileSanity/STM/Home Page/a_Quote  Save Today' is clickable

2019-11-12 08:08:21 - [TEST_STEP][PASSED] - click(findTestObject("mobileSanity/STM/Home Page/a_Quote  Save Today")): Object: 'Object Repository/mobileSanity/STM/Home Page/a_Quote  Save Today' is clicked on

2019-11-12 08:08:22 - [MESSAGE][PASSED] - Object: 'Object Repository/mobileSanity/STM/Home Page/a_Quote  Save Today' is clicked on

2019-11-12 08:08:22 - [TEST_STEP][PASSED] - waitForPageLoad(10): Wait for page load successfully

2019-11-12 08:08:22 - [MESSAGE][PASSED] - Wait for page load successfully

2019-11-12 08:08:22 - [TEST_STEP][PASSED] - callTestCase(findTestCase("mobileWeb/_include/get_screenshot"), [:], STOP_ON_FAILURE): Call Test Case 'Test Cases/mobileWeb/_include/get_screenshot' successfully

2019-11-12 08:08:22 - [TEST_CASE][PASSED] - Test Cases/mobileWeb/_include/get_screenshot: Test Cases/mobileWeb/_include/get_screenshot

2019-11-12 08:08:22 - [TEST_STEP][PASSED] - takeScreenshot(screenPath + i + ".png"): Taking screenshot successfully

2019-11-12 08:08:23 - [MESSAGE][PASSED] - Taking screenshot successfully
[[ATTACHMENT|D:\\Test\\AgileTest\\Reports\\mobileWeb\\stm\\20191112_080024\\../Screenshots/iPhone 6/stm/Everest Prime/20191112_080818/1.png]]

2019-11-12 08:08:23 - [TEST_STEP][PASSED] - (internal.GlobalVariable.i++): null

2019-11-12 08:08:23 - [MESSAGE][PASSED] - Call Test Case 'Test Cases/mobileWeb/_include/get_screenshot' successfully

2019-11-12 08:08:23 - [TEST_STEP][PASSED] - setText(findTestObject("mobileSanity/STM/STM Census Page/input_Location_zip-input"), zipcode): Text '35215' is set on object 'Object Repository/mobileSanity/STM/STM Census Page/input_Location_zip-input'

2019-11-12 08:08:23 - [MESSAGE][PASSED] - Text '35215' is set on object 'Object Repository/mobileSanity/STM/STM Census Page/input_Location_zip-input'

2019-11-12 08:08:23 - [TEST_STEP][PASSED] - Thread.sleep(500): null

2019-11-12 08:08:24 - [TEST_STEP][PASSED] - setText(findTestObject("mobileSanity/STM/STM Census Page/input_Date of Birth_dob-0"), "03031987"): Text '03031987' is set on object 'Object Repository/mobileSanity/STM/STM Census Page/input_Date of Birth_dob-0'

2019-11-12 08:08:24 - [MESSAGE][PASSED] - Text '03031987' is set on object 'Object Repository/mobileSanity/STM/STM Census Page/input_Date of Birth_dob-0'

2019-11-12 08:08:24 - [TEST_STEP][PASSED] - click(findTestObject("mobileSanity/STM/STM Census Page/label_Male")): Object: 'Object Repository/mobileSanity/STM/STM Census Page/label_Male' is clicked on

2019-11-12 08:08:24 - [MESSAGE][PASSED] - Object: 'Object Repository/mobileSanity/STM/STM Census Page/label_Male' is clicked on

2019-11-12 08:08:24 - [TEST_STEP][PASSED] - click(findTestObject("mobileSanity/STM/STM Census Page/label_Compare Plans")): Object: 'Object Repository/mobileSanity/STM/STM Census Page/label_Compare Plans' is clicked on

2019-11-12 08:08:26 - [MESSAGE][PASSED] - Object: 'Object Repository/mobileSanity/STM/STM Census Page/label_Compare Plans' is clicked on

2019-11-12 08:08:26 - [TEST_STEP][PASSED] - waitForElementVisible(findTestObject("mobileSanity/STM/STM Quote Page/button_sort"), 20): Object 'Object Repository/mobileSanity/STM/STM Quote Page/button_sort' is visible

2019-11-12 08:08:27 - [MESSAGE][PASSED] - Object 'Object Repository/mobileSanity/STM/STM Quote Page/button_sort' is visible

2019-11-12 08:08:27 - [TEST_STEP][PASSED] - Thread.sleep(3000): null

2019-11-12 08:08:30 - [TEST_STEP][PASSED] - callTestCase(findTestCase("mobileWeb/_include/get_screenshot"), [:], STOP_ON_FAILURE): Call Test Case 'Test Cases/mobileWeb/_include/get_screenshot' successfully

2019-11-12 08:08:30 - [TEST_CASE][PASSED] - Test Cases/mobileWeb/_include/get_screenshot: Test Cases/mobileWeb/_include/get_screenshot

2019-11-12 08:08:30 - [TEST_STEP][PASSED] - takeScreenshot(screenPath + i + ".png"): Taking screenshot successfully

2019-11-12 08:08:31 - [MESSAGE][PASSED] - Taking screenshot successfully
[[ATTACHMENT|D:\\Test\\AgileTest\\Reports\\mobileWeb\\stm\\20191112_080024\\../Screenshots/iPhone 6/stm/Everest Prime/20191112_080818/2.png]]

2019-11-12 08:08:31 - [TEST_STEP][PASSED] - (internal.GlobalVariable.i++): null

2019-11-12 08:08:31 - [MESSAGE][PASSED] - Call Test Case 'Test Cases/mobileWeb/_include/get_screenshot' successfully

2019-11-12 08:08:31 - [TEST_STEP][PASSED] - Thread.sleep(1000): null

2019-11-12 08:08:32 - [MESSAGE][PASSED] - Call Test Case 'Test Cases/mobileWeb/_include/census_stm' successfully

2019-11-12 08:08:32 - [TEST_STEP][FAILED] - callTestCase(findTestCase("mobileWeb/_include/filter_stm"), ["carrier":"everest"], STOP_ON_FAILURE): callTestCase(findTestCase("mobileWeb/_include/filter_stm"), ["carrier":"everest"], STOP_ON_FAILURE) FAILED.
Reason:
com.kms.katalon.core.exception.StepFailedException: Unable to click on object 'Object Repository/mobileSanity/STM/STM Quote Page/a_Show Plans' (Root cause: org.openqa.selenium.WebDriverException: unknown error: Element <a href="#" class="js-show-plans c-filter-modal-v3__show-plans" type="button">...</a> is not clickable at point (187, 629). Other element would receive the click: <iframe src="https://secure.livechatinc.com/licence/11465608/v2/open_chat.cgi?license=11465608&amp;group=0&amp;embedded=1&amp;widget_version=3&amp;unique_groups=0" allowtransparency="true" allow="autoplay" id="chat-widget" name="chat-widget" scrolling="no" role="application" aria-label="LiveChat chat widget" style="width: 100%; height: 100%; min-height: 0px; min-width: 0px; margin: 0px; padding: 0px; background-image: none; background-position: 0% 0%; background-size: initial; background-attachment: scroll; background-origin: initial; background-clip: initial; background-color: rgba(0, 0, 0, 0); border-width: 0px; float: none; position: absolute; top: 0px; left: 0px; bottom: 0px; right: 0px; transition: none 0s ease 0s !important;"></iframe>
  (Session info: chrome=78.0.3904.70)
  (Driver info: chromedriver=2.43.600210 (68dcf5eebde37173d4027fa8635e332711d2874a),platform=Windows NT 6.3.9600 x86_64) (WARNING: The server did not provide any stacktrace information)
Command duration or timeout: 0 milliseconds
Build info: version: '3.7.1', revision: '8a0099a', time: '2017-11-06T21:07:36.161Z'
System info: host: 'WIN-U215233FMVE', ip: '172.30.0.53', os.name: 'Windows Server 2012 R2', os.arch: 'amd64', os.version: '6.3', java.version: '1.8.0_181'
Driver info: com.kms.katalon.selenium.driver.CChromeDriver
Capabilities {acceptInsecureCerts: false, acceptSslCerts: false, applicationCacheEnabled: false, browserConnectionEnabled: false, browserName: chrome, chrome: {chromedriverVersion: 2.43.600210 (68dcf5eebde371..., userDataDir: C:\Users\ADMINI~1\AppData\L...}, cssSelectorsEnabled: true, databaseEnabled: false, goog:chromeOptions: {debuggerAddress: localhost:62628}, handlesAlerts: true, hasTouchScreen: true, javascriptEnabled: true, locationContextEnabled: true, mobileEmulationEnabled: true, nativeEvents: true, networkConnectionEnabled: false, pageLoadStrategy: normal, platform: XP, platformName: XP, rotatable: false, setWindowRect: true, takesHeapSnapshot: true, takesScreenshot: true, unexpectedAlertBehaviour: , unhandledPromptBehavior: , version: 78.0.3904.70, webStorageEnabled: true}
Session ID: 30d4f18d4aaf05d0469fe4ec6470d5d6)
	at com.kms.katalon.core.keyword.internal.KeywordMain.stepFailed(KeywordMain.groovy:32)
	at com.kms.katalon.core.webui.keyword.internal.WebUIKeywordMain.stepFailed(WebUIKeywordMain.groovy:65)
	at com.kms.katalon.core.webui.keyword.internal.WebUIKeywordMain.runKeyword(WebUIKeywordMain.groovy:27)
	at com.kms.katalon.core.webui.keyword.builtin.ClickKeyword.click(ClickKeyword.groovy:86)
	at com.kms.katalon.core.webui.keyword.builtin.ClickKeyword.execute(ClickKeyword.groovy:67)
	at com.kms.katalon.core.keyword.internal.KeywordExecutor.executeKeywordForPlatform(KeywordExecutor.groovy:53)
	at com.kms.katalon.core.webui.keyword.WebUiBuiltInKeywords.click(WebUiBuiltInKeywords.groovy:616)
	at com.kms.katalon.core.webui.keyword.WebUiBuiltInKeywords$click$3.call(Unknown Source)
	at filter_stm.run(filter_stm:46)
	at com.kms.katalon.core.main.ScriptEngine.run(ScriptEngine.java:194)
	at com.kms.katalon.core.main.ScriptEngine.runScriptAsRawText(ScriptEngine.java:119)
	at com.kms.katalon.core.main.TestCaseExecutor.runScript(TestCaseExecutor.java:328)
	at com.kms.katalon.core.main.TestCaseExecutor.doExecute(TestCaseExecutor.java:319)
	at com.kms.katalon.core.main.TestCaseExecutor.processExecutionPhase(TestCaseExecutor.java:298)
	at com.kms.katalon.core.main.TestCaseExecutor.accessMainPhase(TestCaseExecutor.java:290)
	at com.kms.katalon.core.main.TestCaseExecutor.execute(TestCaseExecutor.java:224)
	at com.kms.katalon.core.main.TestCaseMain.runTestCase(TestCaseMain.java:106)
	at com.kms.katalon.core.keyword.builtin.CallTestCaseKeyword$_callTestCase_closure1.doCall(CallTestCaseKeyword.groovy:59)
	at com.kms.katalon.core.keyword.builtin.CallTestCaseKeyword$_callTestCase_closure1.call(CallTestCaseKeyword.groovy)
	at com.kms.katalon.core.keyword.internal.KeywordMain.runKeyword(KeywordMain.groovy:54)
	at com.kms.katalon.core.keyword.builtin.CallTestCaseKeyword.callTestCase(CallTestCaseKeyword.groovy:80)
	at com.kms.katalon.core.keyword.builtin.CallTestCaseKeyword.execute(CallTestCaseKeyword.groovy:44)
	at com.kms.katalon.core.keyword.internal.KeywordExecutor.executeKeywordForPlatform(KeywordExecutor.groovy:53)
	at com.kms.katalon.core.keyword.BuiltinKeywords.callTestCase(BuiltinKeywords.groovy:334)
	at Everest Prime.run(Everest Prime:25)
	at com.kms.katalon.core.main.ScriptEngine.run(ScriptEngine.java:194)
	at com.kms.katalon.core.main.ScriptEngine.runScriptAsRawText(ScriptEngine.java:119)
	at com.kms.katalon.core.main.TestCaseExecutor.runScript(TestCaseExecutor.java:328)
	at com.kms.katalon.core.main.TestCaseExecutor.doExecute(TestCaseExecutor.java:319)
	at com.kms.katalon.core.main.TestCaseExecutor.processExecutionPhase(TestCaseExecutor.java:298)
	at com.kms.katalon.core.main.TestCaseExecutor.accessMainPhase(TestCaseExecutor.java:290)
	at com.kms.katalon.core.main.TestCaseExecutor.execute(TestCaseExecutor.java:224)
	at com.kms.katalon.core.main.TestSuiteExecutor.accessTestCaseMainPhase(TestSuiteExecutor.java:129)
	at com.kms.katalon.core.main.TestSuiteExecutor.accessTestSuiteMainPhase(TestSuiteExecutor.java:112)
	at com.kms.katalon.core.main.TestSuiteExecutor.execute(TestSuiteExecutor.java:81)
	at com.kms.katalon.core.main.TestCaseMain.startTestSuite(TestCaseMain.java:149)
	at com.kms.katalon.core.main.TestCaseMain$startTestSuite$0.call(Unknown Source)
	at TempTestSuite1573563624301.run(TempTestSuite1573563624301.groovy:36)


2019-11-12 08:08:32 - [TEST_CASE][FAILED] - Test Cases/mobileWeb/_include/filter_stm: Test Cases/mobileWeb/_include/filter_stm FAILED.
Reason:
com.kms.katalon.core.exception.StepFailedException: Unable to click on object 'Object Repository/mobileSanity/STM/STM Quote Page/a_Show Plans' (Root cause: org.openqa.selenium.WebDriverException: unknown error: Element <a href="#" class="js-show-plans c-filter-modal-v3__show-plans" type="button">...</a> is not clickable at point (187, 629). Other element would receive the click: <iframe src="https://secure.livechatinc.com/licence/11465608/v2/open_chat.cgi?license=11465608&amp;group=0&amp;embedded=1&amp;widget_version=3&amp;unique_groups=0" allowtransparency="true" allow="autoplay" id="chat-widget" name="chat-widget" scrolling="no" role="application" aria-label="LiveChat chat widget" style="width: 100%; height: 100%; min-height: 0px; min-width: 0px; margin: 0px; padding: 0px; background-image: none; background-position: 0% 0%; background-size: initial; background-attachment: scroll; background-origin: initial; background-clip: initial; background-color: rgba(0, 0, 0, 0); border-width: 0px; float: none; position: absolute; top: 0px; left: 0px; bottom: 0px; right: 0px; transition: none 0s ease 0s !important;"></iframe>
  (Session info: chrome=78.0.3904.70)
  (Driver info: chromedriver=2.43.600210 (68dcf5eebde37173d4027fa8635e332711d2874a),platform=Windows NT 6.3.9600 x86_64) (WARNING: The server did not provide any stacktrace information)
Command duration or timeout: 0 milliseconds
Build info: version: '3.7.1', revision: '8a0099a', time: '2017-11-06T21:07:36.161Z'
System info: host: 'WIN-U215233FMVE', ip: '172.30.0.53', os.name: 'Windows Server 2012 R2', os.arch: 'amd64', os.version: '6.3', java.version: '1.8.0_181'
Driver info: com.kms.katalon.selenium.driver.CChromeDriver
Capabilities {acceptInsecureCerts: false, acceptSslCerts: false, applicationCacheEnabled: false, browserConnectionEnabled: false, browserName: chrome, chrome: {chromedriverVersion: 2.43.600210 (68dcf5eebde371..., userDataDir: C:\Users\ADMINI~1\AppData\L...}, cssSelectorsEnabled: true, databaseEnabled: false, goog:chromeOptions: {debuggerAddress: localhost:62628}, handlesAlerts: true, hasTouchScreen: true, javascriptEnabled: true, locationContextEnabled: true, mobileEmulationEnabled: true, nativeEvents: true, networkConnectionEnabled: false, pageLoadStrategy: normal, platform: XP, platformName: XP, rotatable: false, setWindowRect: true, takesHeapSnapshot: true, takesScreenshot: true, unexpectedAlertBehaviour: , unhandledPromptBehavior: , version: 78.0.3904.70, webStorageEnabled: true}
Session ID: 30d4f18d4aaf05d0469fe4ec6470d5d6)
	at com.kms.katalon.core.keyword.internal.KeywordMain.stepFailed(KeywordMain.groovy:32)
	at com.kms.katalon.core.webui.keyword.internal.WebUIKeywordMain.stepFailed(WebUIKeywordMain.groovy:65)
	at com.kms.katalon.core.webui.keyword.internal.WebUIKeywordMain.runKeyword(WebUIKeywordMain.groovy:27)
	at com.kms.katalon.core.webui.keyword.builtin.ClickKeyword.click(ClickKeyword.groovy:86)
	at com.kms.katalon.core.webui.keyword.builtin.ClickKeyword.execute(ClickKeyword.groovy:67)
	at com.kms.katalon.core.keyword.internal.KeywordExecutor.executeKeywordForPlatform(KeywordExecutor.groovy:53)
	at com.kms.katalon.core.webui.keyword.WebUiBuiltInKeywords.click(WebUiBuiltInKeywords.groovy:616)
	at com.kms.katalon.core.webui.keyword.WebUiBuiltInKeywords$click$3.call(Unknown Source)
	at filter_stm.run(filter_stm:46)
	at com.kms.katalon.core.main.ScriptEngine.run(ScriptEngine.java:194)
	at com.kms.katalon.core.main.ScriptEngine.runScriptAsRawText(ScriptEngine.java:119)
	at com.kms.katalon.core.main.TestCaseExecutor.runScript(TestCaseExecutor.java:328)
	at com.kms.katalon.core.main.TestCaseExecutor.doExecute(TestCaseExecutor.java:319)
	at com.kms.katalon.core.main.TestCaseExecutor.processExecutionPhase(TestCaseExecutor.java:298)
	at com.kms.katalon.core.main.TestCaseExecutor.accessMainPhase(TestCaseExecutor.java:290)
	at com.kms.katalon.core.main.TestCaseExecutor.execute(TestCaseExecutor.java:224)
	at com.kms.katalon.core.main.TestCaseMain.runTestCase(TestCaseMain.java:106)
	at com.kms.katalon.core.keyword.builtin.CallTestCaseKeyword$_callTestCase_closure1.doCall(CallTestCaseKeyword.groovy:59)
	at com.kms.katalon.core.keyword.builtin.CallTestCaseKeyword$_callTestCase_closure1.call(CallTestCaseKeyword.groovy)
	at com.kms.katalon.core.keyword.internal.KeywordMain.runKeyword(KeywordMain.groovy:54)
	at com.kms.katalon.core.keyword.builtin.CallTestCaseKeyword.callTestCase(CallTestCaseKeyword.groovy:80)
	at com.kms.katalon.core.keyword.builtin.CallTestCaseKeyword.execute(CallTestCaseKeyword.groovy:44)
	at com.kms.katalon.core.keyword.internal.KeywordExecutor.executeKeywordForPlatform(KeywordExecutor.groovy:53)
	at com.kms.katalon.core.keyword.BuiltinKeywords.callTestCase(BuiltinKeywords.groovy:334)
	at Everest Prime.run(Everest Prime:25)
	at com.kms.katalon.core.main.ScriptEngine.run(ScriptEngine.java:194)
	at com.kms.katalon.core.main.ScriptEngine.runScriptAsRawText(ScriptEngine.java:119)
	at com.kms.katalon.core.main.TestCaseExecutor.runScript(TestCaseExecutor.java:328)
	at com.kms.katalon.core.main.TestCaseExecutor.doExecute(TestCaseExecutor.java:319)
	at com.kms.katalon.core.main.TestCaseExecutor.processExecutionPhase(TestCaseExecutor.java:298)
	at com.kms.katalon.core.main.TestCaseExecutor.accessMainPhase(TestCaseExecutor.java:290)
	at com.kms.katalon.core.main.TestCaseExecutor.execute(TestCaseExecutor.java:224)
	at com.kms.katalon.core.main.TestSuiteExecutor.accessTestCaseMainPhase(TestSuiteExecutor.java:129)
	at com.kms.katalon.core.main.TestSuiteExecutor.accessTestSuiteMainPhase(TestSuiteExecutor.java:112)
	at com.kms.katalon.core.main.TestSuiteExecutor.execute(TestSuiteExecutor.java:81)
	at com.kms.katalon.core.main.TestCaseMain.startTestSuite(TestCaseMain.java:149)
	at com.kms.katalon.core.main.TestCaseMain$startTestSuite$0.call(Unknown Source)
	at TempTestSuite1573563624301.run(TempTestSuite1573563624301.groovy:36)


2019-11-12 08:08:32 - [TEST_STEP][PASSED] - driver = getWebDriver(): null

2019-11-12 08:08:32 - [TEST_STEP][PASSED] - selenium = new com.thoughtworks.selenium.webdriven.WebDriverBackedSelenium(driver, internal.GlobalVariable.ENV): null

2019-11-12 08:08:32 - [TEST_STEP][PASSED] - Thread.sleep(1000): null

2019-11-12 08:08:33 - [TEST_STEP][PASSED] - click(findTestObject("mobileSanity/STM/STM Quote Page/button_filters")): Object: 'Object Repository/mobileSanity/STM/STM Quote Page/button_filters' is clicked on

2019-11-12 08:08:33 - [MESSAGE][PASSED] - Object: 'Object Repository/mobileSanity/STM/STM Quote Page/button_filters' is clicked on

2019-11-12 08:08:33 - [TEST_STEP][PASSED] - Thread.sleep(1000): null

2019-11-12 08:08:34 - [TEST_STEP][PASSED] - click(findTestObject("mobileSanity/STM/STM Quote Page/i_Insurance company")): Object: 'Object Repository/mobileSanity/STM/STM Quote Page/i_Insurance company' is clicked on

2019-11-12 08:08:34 - [MESSAGE][PASSED] - Object: 'Object Repository/mobileSanity/STM/STM Quote Page/i_Insurance company' is clicked on

2019-11-12 08:08:34 - [TEST_STEP][PASSED] - Thread.sleep(1000): null

2019-11-12 08:08:35 - [TEST_STEP][PASSED] - filter_carrier = "//input[@name='filter[carrier]' and @value='" + carrier + "']/following::label": null

2019-11-12 08:08:35 - [TEST_STEP][PASSED] - println(filter_carrier): null

2019-11-12 08:08:35 - [TEST_STEP][PASSED] - test.MobileKeywords.clickJS_ByXpath(filter_carrier): test.MobileKeywords.clickJS_ByXpath is PASSED

2019-11-12 08:08:35 - [MESSAGE][PASSED] - Execute JavaScript 'arguments[0].click()' successfully

2019-11-12 08:08:35 - [MESSAGE][PASSED] - test.MobileKeywords.clickJS_ByXpath is PASSED

2019-11-12 08:08:35 - [TEST_STEP][PASSED] - Thread.sleep(1000): null

2019-11-12 08:08:36 - [TEST_STEP][PASSED] - scrollToElement(findTestObject("mobileSanity/STM/STM Quote Page/a_Show Plans"), 1000): Scroll to object 'Object Repository/mobileSanity/STM/STM Quote Page/a_Show Plans' successfully

2019-11-12 08:08:36 - [MESSAGE][PASSED] - Scroll to object 'Object Repository/mobileSanity/STM/STM Quote Page/a_Show Plans' successfully

2019-11-12 08:08:36 - [TEST_STEP][FAILED] - click(findTestObject("mobileSanity/STM/STM Quote Page/a_Show Plans")): Unable to click on object 'Object Repository/mobileSanity/STM/STM Quote Page/a_Show Plans' (Root cause: org.openqa.selenium.WebDriverException: unknown error: Element <a href="#" class="js-show-plans c-filter-modal-v3__show-plans" type="button">...</a> is not clickable at point (187, 629). Other element would receive the click: <iframe src="https://secure.livechatinc.com/licence/11465608/v2/open_chat.cgi?license=11465608&amp;group=0&amp;embedded=1&amp;widget_version=3&amp;unique_groups=0" allowtransparency="true" allow="autoplay" id="chat-widget" name="chat-widget" scrolling="no" role="application" aria-label="LiveChat chat widget" style="width: 100%; height: 100%; min-height: 0px; min-width: 0px; margin: 0px; padding: 0px; background-image: none; background-position: 0% 0%; background-size: initial; background-attachment: scroll; background-origin: initial; background-clip: initial; background-color: rgba(0, 0, 0, 0); border-width: 0px; float: none; position: absolute; top: 0px; left: 0px; bottom: 0px; right: 0px; transition: none 0s ease 0s !important;"></iframe>
  (Session info: chrome=78.0.3904.70)
  (Driver info: chromedriver=2.43.600210 (68dcf5eebde37173d4027fa8635e332711d2874a),platform=Windows NT 6.3.9600 x86_64) (WARNING: The server did not provide any stacktrace information)
Command duration or timeout: 0 milliseconds
Build info: version: '3.7.1', revision: '8a0099a', time: '2017-11-06T21:07:36.161Z'
System info: host: 'WIN-U215233FMVE', ip: '172.30.0.53', os.name: 'Windows Server 2012 R2', os.arch: 'amd64', os.version: '6.3', java.version: '1.8.0_181'
Driver info: com.kms.katalon.selenium.driver.CChromeDriver
Capabilities {acceptInsecureCerts: false, acceptSslCerts: false, applicationCacheEnabled: false, browserConnectionEnabled: false, browserName: chrome, chrome: {chromedriverVersion: 2.43.600210 (68dcf5eebde371..., userDataDir: C:\Users\ADMINI~1\AppData\L...}, cssSelectorsEnabled: true, databaseEnabled: false, goog:chromeOptions: {debuggerAddress: localhost:62628}, handlesAlerts: true, hasTouchScreen: true, javascriptEnabled: true, locationContextEnabled: true, mobileEmulationEnabled: true, nativeEvents: true, networkConnectionEnabled: false, pageLoadStrategy: normal, platform: XP, platformName: XP, rotatable: false, setWindowRect: true, takesHeapSnapshot: true, takesScreenshot: true, unexpectedAlertBehaviour: , unhandledPromptBehavior: , version: 78.0.3904.70, webStorageEnabled: true}
Session ID: 30d4f18d4aaf05d0469fe4ec6470d5d6)

2019-11-12 08:08:37 - [MESSAGE][FAILED] - Unable to click on object 'Object Repository/mobileSanity/STM/STM Quote Page/a_Show Plans' (Root cause: org.openqa.selenium.WebDriverException: unknown error: Element <a href="#" class="js-show-plans c-filter-modal-v3__show-plans" type="button">...</a> is not clickable at point (187, 629). Other element would receive the click: <iframe src="https://secure.livechatinc.com/licence/11465608/v2/open_chat.cgi?license=11465608&amp;group=0&amp;embedded=1&amp;widget_version=3&amp;unique_groups=0" allowtransparency="true" allow="autoplay" id="chat-widget" name="chat-widget" scrolling="no" role="application" aria-label="LiveChat chat widget" style="width: 100%; height: 100%; min-height: 0px; min-width: 0px; margin: 0px; padding: 0px; background-image: none; background-position: 0% 0%; background-size: initial; background-attachment: scroll; background-origin: initial; background-clip: initial; background-color: rgba(0, 0, 0, 0); border-width: 0px; float: none; position: absolute; top: 0px; left: 0px; bottom: 0px; right: 0px; transition: none 0s ease 0s !important;"></iframe>
  (Session info: chrome=78.0.3904.70)
  (Driver info: chromedriver=2.43.600210 (68dcf5eebde37173d4027fa8635e332711d2874a),platform=Windows NT 6.3.9600 x86_64) (WARNING: The server did not provide any stacktrace information)
Command duration or timeout: 0 milliseconds
Build info: version: '3.7.1', revision: '8a0099a', time: '2017-11-06T21:07:36.161Z'
System info: host: 'WIN-U215233FMVE', ip: '172.30.0.53', os.name: 'Windows Server 2012 R2', os.arch: 'amd64', os.version: '6.3', java.version: '1.8.0_181'
Driver info: com.kms.katalon.selenium.driver.CChromeDriver
Capabilities {acceptInsecureCerts: false, acceptSslCerts: false, applicationCacheEnabled: false, browserConnectionEnabled: false, browserName: chrome, chrome: {chromedriverVersion: 2.43.600210 (68dcf5eebde371..., userDataDir: C:\Users\ADMINI~1\AppData\L...}, cssSelectorsEnabled: true, databaseEnabled: false, goog:chromeOptions: {debuggerAddress: localhost:62628}, handlesAlerts: true, hasTouchScreen: true, javascriptEnabled: true, locationContextEnabled: true, mobileEmulationEnabled: true, nativeEvents: true, networkConnectionEnabled: false, pageLoadStrategy: normal, platform: XP, platformName: XP, rotatable: false, setWindowRect: true, takesHeapSnapshot: true, takesScreenshot: true, unexpectedAlertBehaviour: , unhandledPromptBehavior: , version: 78.0.3904.70, webStorageEnabled: true}
Session ID: 30d4f18d4aaf05d0469fe4ec6470d5d6)
[[ATTACHMENT|D:\\Test\\AgileTest\\Reports\\mobileWeb\\stm\\20191112_080024\\1573564116779.png]]

2019-11-12 08:08:37 - [TEST_STEP][PASSED] - waitForJQueryLoad(20, STOP_ON_FAILURE): jQuery is ready.

2019-11-12 08:08:37 - [MESSAGE][PASSED] - jQuery is ready.

2019-11-12 08:08:37 - [TEST_STEP][PASSED] - Thread.sleep(2000): null

2019-11-12 08:08:39 - [TEST_STEP][FAILED] - callTestCase(findTestCase("mobileWeb/_include/get_screenshot"), [:], STOP_ON_FAILURE): callTestCase(findTestCase("mobileWeb/_include/get_screenshot"), [:], STOP_ON_FAILURE) FAILED.
Reason:
com.kms.katalon.core.exception.StepFailedException: Unable to click on object 'Object Repository/mobileSanity/STM/STM Quote Page/a_Show Plans' (Root cause: org.openqa.selenium.WebDriverException: unknown error: Element <a href="#" class="js-show-plans c-filter-modal-v3__show-plans" type="button">...</a> is not clickable at point (187, 629). Other element would receive the click: <iframe src="https://secure.livechatinc.com/licence/11465608/v2/open_chat.cgi?license=11465608&amp;group=0&amp;embedded=1&amp;widget_version=3&amp;unique_groups=0" allowtransparency="true" allow="autoplay" id="chat-widget" name="chat-widget" scrolling="no" role="application" aria-label="LiveChat chat widget" style="width: 100%; height: 100%; min-height: 0px; min-width: 0px; margin: 0px; padding: 0px; background-image: none; background-position: 0% 0%; background-size: initial; background-attachment: scroll; background-origin: initial; background-clip: initial; background-color: rgba(0, 0, 0, 0); border-width: 0px; float: none; position: absolute; top: 0px; left: 0px; bottom: 0px; right: 0px; transition: none 0s ease 0s !important;"></iframe>
  (Session info: chrome=78.0.3904.70)
  (Driver info: chromedriver=2.43.600210 (68dcf5eebde37173d4027fa8635e332711d2874a),platform=Windows NT 6.3.9600 x86_64) (WARNING: The server did not provide any stacktrace information)
Command duration or timeout: 0 milliseconds
Build info: version: '3.7.1', revision: '8a0099a', time: '2017-11-06T21:07:36.161Z'
System info: host: 'WIN-U215233FMVE', ip: '172.30.0.53', os.name: 'Windows Server 2012 R2', os.arch: 'amd64', os.version: '6.3', java.version: '1.8.0_181'
Driver info: com.kms.katalon.selenium.driver.CChromeDriver
Capabilities {acceptInsecureCerts: false, acceptSslCerts: false, applicationCacheEnabled: false, browserConnectionEnabled: false, browserName: chrome, chrome: {chromedriverVersion: 2.43.600210 (68dcf5eebde371..., userDataDir: C:\Users\ADMINI~1\AppData\L...}, cssSelectorsEnabled: true, databaseEnabled: false, goog:chromeOptions: {debuggerAddress: localhost:62628}, handlesAlerts: true, hasTouchScreen: true, javascriptEnabled: true, locationContextEnabled: true, mobileEmulationEnabled: true, nativeEvents: true, networkConnectionEnabled: false, pageLoadStrategy: normal, platform: XP, platformName: XP, rotatable: false, setWindowRect: true, takesHeapSnapshot: true, takesScreenshot: true, unexpectedAlertBehaviour: , unhandledPromptBehavior: , version: 78.0.3904.70, webStorageEnabled: true}
Session ID: 30d4f18d4aaf05d0469fe4ec6470d5d6)
	at com.kms.katalon.core.keyword.internal.KeywordMain.stepFailed(KeywordMain.groovy:32)
	at com.kms.katalon.core.webui.keyword.internal.WebUIKeywordMain.stepFailed(WebUIKeywordMain.groovy:65)
	at com.kms.katalon.core.webui.keyword.internal.WebUIKeywordMain.runKeyword(WebUIKeywordMain.groovy:27)
	at com.kms.katalon.core.webui.keyword.builtin.ClickKeyword.click(ClickKeyword.groovy:86)
	at com.kms.katalon.core.webui.keyword.builtin.ClickKeyword.execute(ClickKeyword.groovy:67)
	at com.kms.katalon.core.keyword.internal.KeywordExecutor.executeKeywordForPlatform(KeywordExecutor.groovy:53)
	at com.kms.katalon.core.webui.keyword.WebUiBuiltInKeywords.click(WebUiBuiltInKeywords.groovy:616)
	at com.kms.katalon.core.webui.keyword.WebUiBuiltInKeywords$click$3.call(Unknown Source)
	at filter_stm.run(filter_stm:46)
	at com.kms.katalon.core.main.ScriptEngine.run(ScriptEngine.java:194)
	at com.kms.katalon.core.main.ScriptEngine.runScriptAsRawText(ScriptEngine.java:119)
	at com.kms.katalon.core.main.TestCaseExecutor.runScript(TestCaseExecutor.java:328)
	at com.kms.katalon.core.main.TestCaseExecutor.doExecute(TestCaseExecutor.java:319)
	at com.kms.katalon.core.main.TestCaseExecutor.processExecutionPhase(TestCaseExecutor.java:298)
	at com.kms.katalon.core.main.TestCaseExecutor.accessMainPhase(TestCaseExecutor.java:290)
	at com.kms.katalon.core.main.TestCaseExecutor.execute(TestCaseExecutor.java:224)
	at com.kms.katalon.core.main.TestCaseMain.runTestCase(TestCaseMain.java:106)
	at com.kms.katalon.core.keyword.builtin.CallTestCaseKeyword$_callTestCase_closure1.doCall(CallTestCaseKeyword.groovy:59)
	at com.kms.katalon.core.keyword.builtin.CallTestCaseKeyword$_callTestCase_closure1.call(CallTestCaseKeyword.groovy)
	at com.kms.katalon.core.keyword.internal.KeywordMain.runKeyword(KeywordMain.groovy:54)
	at com.kms.katalon.core.keyword.builtin.CallTestCaseKeyword.callTestCase(CallTestCaseKeyword.groovy:80)
	at com.kms.katalon.core.keyword.builtin.CallTestCaseKeyword.execute(CallTestCaseKeyword.groovy:44)
	at com.kms.katalon.core.keyword.internal.KeywordExecutor.executeKeywordForPlatform(KeywordExecutor.groovy:53)
	at com.kms.katalon.core.keyword.BuiltinKeywords.callTestCase(BuiltinKeywords.groovy:334)
	at Everest Prime.run(Everest Prime:25)
	at com.kms.katalon.core.main.ScriptEngine.run(ScriptEngine.java:194)
	at com.kms.katalon.core.main.ScriptEngine.runScriptAsRawText(ScriptEngine.java:119)
	at com.kms.katalon.core.main.TestCaseExecutor.runScript(TestCaseExecutor.java:328)
	at com.kms.katalon.core.main.TestCaseExecutor.doExecute(TestCaseExecutor.java:319)
	at com.kms.katalon.core.main.TestCaseExecutor.processExecutionPhase(TestCaseExecutor.java:298)
	at com.kms.katalon.core.main.TestCaseExecutor.accessMainPhase(TestCaseExecutor.java:290)
	at com.kms.katalon.core.main.TestCaseExecutor.execute(TestCaseExecutor.java:224)
	at com.kms.katalon.core.main.TestSuiteExecutor.accessTestCaseMainPhase(TestSuiteExecutor.java:129)
	at com.kms.katalon.core.main.TestSuiteExecutor.accessTestSuiteMainPhase(TestSuiteExecutor.java:112)
	at com.kms.katalon.core.main.TestSuiteExecutor.execute(TestSuiteExecutor.java:81)
	at com.kms.katalon.core.main.TestCaseMain.startTestSuite(TestCaseMain.java:149)
	at com.kms.katalon.core.main.TestCaseMain$startTestSuite$0.call(Unknown Source)
	at TempTestSuite1573563624301.run(TempTestSuite1573563624301.groovy:36)


2019-11-12 08:08:39 - [TEST_CASE][PASSED] - Test Cases/mobileWeb/_include/get_screenshot: Test Cases/mobileWeb/_include/get_screenshot

2019-11-12 08:08:39 - [TEST_STEP][PASSED] - takeScreenshot(screenPath + i + ".png"): Taking screenshot successfully

2019-11-12 08:08:39 - [MESSAGE][PASSED] - Taking screenshot successfully
[[ATTACHMENT|D:\\Test\\AgileTest\\Reports\\mobileWeb\\stm\\20191112_080024\\../Screenshots/iPhone 6/stm/Everest Prime/20191112_080818/3.png]]

2019-11-12 08:08:39 - [TEST_STEP][PASSED] - (internal.GlobalVariable.i++): null

2019-11-12 08:08:39 - [MESSAGE][PASSED] - Call Test Case 'Test Cases/mobileWeb/_include/get_screenshot' successfully

2019-11-12 08:08:39 - [MESSAGE][FAILED] - callTestCase(findTestCase("mobileWeb/_include/get_screenshot"), [:], STOP_ON_FAILURE) FAILED.
Reason:
com.kms.katalon.core.exception.StepFailedException: Unable to click on object 'Object Repository/mobileSanity/STM/STM Quote Page/a_Show Plans' (Root cause: org.openqa.selenium.WebDriverException: unknown error: Element <a href="#" class="js-show-plans c-filter-modal-v3__show-plans" type="button">...</a> is not clickable at point (187, 629). Other element would receive the click: <iframe src="https://secure.livechatinc.com/licence/11465608/v2/open_chat.cgi?license=11465608&amp;group=0&amp;embedded=1&amp;widget_version=3&amp;unique_groups=0" allowtransparency="true" allow="autoplay" id="chat-widget" name="chat-widget" scrolling="no" role="application" aria-label="LiveChat chat widget" style="width: 100%; height: 100%; min-height: 0px; min-width: 0px; margin: 0px; padding: 0px; background-image: none; background-position: 0% 0%; background-size: initial; background-attachment: scroll; background-origin: initial; background-clip: initial; background-color: rgba(0, 0, 0, 0); border-width: 0px; float: none; position: absolute; top: 0px; left: 0px; bottom: 0px; right: 0px; transition: none 0s ease 0s !important;"></iframe>
  (Session info: chrome=78.0.3904.70)
  (Driver info: chromedriver=2.43.600210 (68dcf5eebde37173d4027fa8635e332711d2874a),platform=Windows NT 6.3.9600 x86_64) (WARNING: The server did not provide any stacktrace information)
Command duration or timeout: 0 milliseconds
Build info: version: '3.7.1', revision: '8a0099a', time: '2017-11-06T21:07:36.161Z'
System info: host: 'WIN-U215233FMVE', ip: '172.30.0.53', os.name: 'Windows Server 2012 R2', os.arch: 'amd64', os.version: '6.3', java.version: '1.8.0_181'
Driver info: com.kms.katalon.selenium.driver.CChromeDriver
Capabilities {acceptInsecureCerts: false, acceptSslCerts: false, applicationCacheEnabled: false, browserConnectionEnabled: false, browserName: chrome, chrome: {chromedriverVersion: 2.43.600210 (68dcf5eebde371..., userDataDir: C:\Users\ADMINI~1\AppData\L...}, cssSelectorsEnabled: true, databaseEnabled: false, goog:chromeOptions: {debuggerAddress: localhost:62628}, handlesAlerts: true, hasTouchScreen: true, javascriptEnabled: true, locationContextEnabled: true, mobileEmulationEnabled: true, nativeEvents: true, networkConnectionEnabled: false, pageLoadStrategy: normal, platform: XP, platformName: XP, rotatable: false, setWindowRect: true, takesHeapSnapshot: true, takesScreenshot: true, unexpectedAlertBehaviour: , unhandledPromptBehavior: , version: 78.0.3904.70, webStorageEnabled: true}
Session ID: 30d4f18d4aaf05d0469fe4ec6470d5d6)
	at com.kms.katalon.core.keyword.internal.KeywordMain.stepFailed(KeywordMain.groovy:32)
	at com.kms.katalon.core.webui.keyword.internal.WebUIKeywordMain.stepFailed(WebUIKeywordMain.groovy:65)
	at com.kms.katalon.core.webui.keyword.internal.WebUIKeywordMain.runKeyword(WebUIKeywordMain.groovy:27)
	at com.kms.katalon.core.webui.keyword.builtin.ClickKeyword.click(ClickKeyword.groovy:86)
	at com.kms.katalon.core.webui.keyword.builtin.ClickKeyword.execute(ClickKeyword.groovy:67)
	at com.kms.katalon.core.keyword.internal.KeywordExecutor.executeKeywordForPlatform(KeywordExecutor.groovy:53)
	at com.kms.katalon.core.webui.keyword.WebUiBuiltInKeywords.click(WebUiBuiltInKeywords.groovy:616)
	at com.kms.katalon.core.webui.keyword.WebUiBuiltInKeywords$click$3.call(Unknown Source)
	at filter_stm.run(filter_stm:46)
	at com.kms.katalon.core.main.ScriptEngine.run(ScriptEngine.java:194)
	at com.kms.katalon.core.main.ScriptEngine.runScriptAsRawText(ScriptEngine.java:119)
	at com.kms.katalon.core.main.TestCaseExecutor.runScript(TestCaseExecutor.java:328)
	at com.kms.katalon.core.main.TestCaseExecutor.doExecute(TestCaseExecutor.java:319)
	at com.kms.katalon.core.main.TestCaseExecutor.processExecutionPhase(TestCaseExecutor.java:298)
	at com.kms.katalon.core.main.TestCaseExecutor.accessMainPhase(TestCaseExecutor.java:290)
	at com.kms.katalon.core.main.TestCaseExecutor.execute(TestCaseExecutor.java:224)
	at com.kms.katalon.core.main.TestCaseMain.runTestCase(TestCaseMain.java:106)
	at com.kms.katalon.core.keyword.builtin.CallTestCaseKeyword$_callTestCase_closure1.doCall(CallTestCaseKeyword.groovy:59)
	at com.kms.katalon.core.keyword.builtin.CallTestCaseKeyword$_callTestCase_closure1.call(CallTestCaseKeyword.groovy)
	at com.kms.katalon.core.keyword.internal.KeywordMain.runKeyword(KeywordMain.groovy:54)
	at com.kms.katalon.core.keyword.builtin.CallTestCaseKeyword.callTestCase(CallTestCaseKeyword.groovy:80)
	at com.kms.katalon.core.keyword.builtin.CallTestCaseKeyword.execute(CallTestCaseKeyword.groovy:44)
	at com.kms.katalon.core.keyword.internal.KeywordExecutor.executeKeywordForPlatform(KeywordExecutor.groovy:53)
	at com.kms.katalon.core.keyword.BuiltinKeywords.callTestCase(BuiltinKeywords.groovy:334)
	at Everest Prime.run(Everest Prime:25)
	at com.kms.katalon.core.main.ScriptEngine.run(ScriptEngine.java:194)
	at com.kms.katalon.core.main.ScriptEngine.runScriptAsRawText(ScriptEngine.java:119)
	at com.kms.katalon.core.main.TestCaseExecutor.runScript(TestCaseExecutor.java:328)
	at com.kms.katalon.core.main.TestCaseExecutor.doExecute(TestCaseExecutor.java:319)
	at com.kms.katalon.core.main.TestCaseExecutor.processExecutionPhase(TestCaseExecutor.java:298)
	at com.kms.katalon.core.main.TestCaseExecutor.accessMainPhase(TestCaseExecutor.java:290)
	at com.kms.katalon.core.main.TestCaseExecutor.execute(TestCaseExecutor.java:224)
	at com.kms.katalon.core.main.TestSuiteExecutor.accessTestCaseMainPhase(TestSuiteExecutor.java:129)
	at com.kms.katalon.core.main.TestSuiteExecutor.accessTestSuiteMainPhase(TestSuiteExecutor.java:112)
	at com.kms.katalon.core.main.TestSuiteExecutor.execute(TestSuiteExecutor.java:81)
	at com.kms.katalon.core.main.TestCaseMain.startTestSuite(TestCaseMain.java:149)
	at com.kms.katalon.core.main.TestCaseMain$startTestSuite$0.call(Unknown Source)
	at TempTestSuite1573563624301.run(TempTestSuite1573563624301.groovy:36)


2019-11-12 08:08:39 - [MESSAGE][FAILED] - Unable to call Test Case 'Test Cases/mobileWeb/_include/filter_stm' (Root cause: com.kms.katalon.core.exception.StepFailedException: Call Test Case 'Test Cases/mobileWeb/_include/filter_stm' failed)

2019-11-12 08:08:39 - [MESSAGE][FAILED] - callTestCase(findTestCase("mobileWeb/_include/filter_stm"), ["carrier":"everest"], STOP_ON_FAILURE) FAILED.
Reason:
com.kms.katalon.core.exception.StepFailedException: Unable to click on object 'Object Repository/mobileSanity/STM/STM Quote Page/a_Show Plans' (Root cause: org.openqa.selenium.WebDriverException: unknown error: Element <a href="#" class="js-show-plans c-filter-modal-v3__show-plans" type="button">...</a> is not clickable at point (187, 629). Other element would receive the click: <iframe src="https://secure.livechatinc.com/licence/11465608/v2/open_chat.cgi?license=11465608&amp;group=0&amp;embedded=1&amp;widget_version=3&amp;unique_groups=0" allowtransparency="true" allow="autoplay" id="chat-widget" name="chat-widget" scrolling="no" role="application" aria-label="LiveChat chat widget" style="width: 100%; height: 100%; min-height: 0px; min-width: 0px; margin: 0px; padding: 0px; background-image: none; background-position: 0% 0%; background-size: initial; background-attachment: scroll; background-origin: initial; background-clip: initial; background-color: rgba(0, 0, 0, 0); border-width: 0px; float: none; position: absolute; top: 0px; left: 0px; bottom: 0px; right: 0px; transition: none 0s ease 0s !important;"></iframe>
  (Session info: chrome=78.0.3904.70)
  (Driver info: chromedriver=2.43.600210 (68dcf5eebde37173d4027fa8635e332711d2874a),platform=Windows NT 6.3.9600 x86_64) (WARNING: The server did not provide any stacktrace information)
Command duration or timeout: 0 milliseconds
Build info: version: '3.7.1', revision: '8a0099a', time: '2017-11-06T21:07:36.161Z'
System info: host: 'WIN-U215233FMVE', ip: '172.30.0.53', os.name: 'Windows Server 2012 R2', os.arch: 'amd64', os.version: '6.3', java.version: '1.8.0_181'
Driver info: com.kms.katalon.selenium.driver.CChromeDriver
Capabilities {acceptInsecureCerts: false, acceptSslCerts: false, applicationCacheEnabled: false, browserConnectionEnabled: false, browserName: chrome, chrome: {chromedriverVersion: 2.43.600210 (68dcf5eebde371..., userDataDir: C:\Users\ADMINI~1\AppData\L...}, cssSelectorsEnabled: true, databaseEnabled: false, goog:chromeOptions: {debuggerAddress: localhost:62628}, handlesAlerts: true, hasTouchScreen: true, javascriptEnabled: true, locationContextEnabled: true, mobileEmulationEnabled: true, nativeEvents: true, networkConnectionEnabled: false, pageLoadStrategy: normal, platform: XP, platformName: XP, rotatable: false, setWindowRect: true, takesHeapSnapshot: true, takesScreenshot: true, unexpectedAlertBehaviour: , unhandledPromptBehavior: , version: 78.0.3904.70, webStorageEnabled: true}
Session ID: 30d4f18d4aaf05d0469fe4ec6470d5d6)
	at com.kms.katalon.core.keyword.internal.KeywordMain.stepFailed(KeywordMain.groovy:32)
	at com.kms.katalon.core.webui.keyword.internal.WebUIKeywordMain.stepFailed(WebUIKeywordMain.groovy:65)
	at com.kms.katalon.core.webui.keyword.internal.WebUIKeywordMain.runKeyword(WebUIKeywordMain.groovy:27)
	at com.kms.katalon.core.webui.keyword.builtin.ClickKeyword.click(ClickKeyword.groovy:86)
	at com.kms.katalon.core.webui.keyword.builtin.ClickKeyword.execute(ClickKeyword.groovy:67)
	at com.kms.katalon.core.keyword.internal.KeywordExecutor.executeKeywordForPlatform(KeywordExecutor.groovy:53)
	at com.kms.katalon.core.webui.keyword.WebUiBuiltInKeywords.click(WebUiBuiltInKeywords.groovy:616)
	at com.kms.katalon.core.webui.keyword.WebUiBuiltInKeywords$click$3.call(Unknown Source)
	at filter_stm.run(filter_stm:46)
	at com.kms.katalon.core.main.ScriptEngine.run(ScriptEngine.java:194)
	at com.kms.katalon.core.main.ScriptEngine.runScriptAsRawText(ScriptEngine.java:119)
	at com.kms.katalon.core.main.TestCaseExecutor.runScript(TestCaseExecutor.java:328)
	at com.kms.katalon.core.main.TestCaseExecutor.doExecute(TestCaseExecutor.java:319)
	at com.kms.katalon.core.main.TestCaseExecutor.processExecutionPhase(TestCaseExecutor.java:298)
	at com.kms.katalon.core.main.TestCaseExecutor.accessMainPhase(TestCaseExecutor.java:290)
	at com.kms.katalon.core.main.TestCaseExecutor.execute(TestCaseExecutor.java:224)
	at com.kms.katalon.core.main.TestCaseMain.runTestCase(TestCaseMain.java:106)
	at com.kms.katalon.core.keyword.builtin.CallTestCaseKeyword$_callTestCase_closure1.doCall(CallTestCaseKeyword.groovy:59)
	at com.kms.katalon.core.keyword.builtin.CallTestCaseKeyword$_callTestCase_closure1.call(CallTestCaseKeyword.groovy)
	at com.kms.katalon.core.keyword.internal.KeywordMain.runKeyword(KeywordMain.groovy:54)
	at com.kms.katalon.core.keyword.builtin.CallTestCaseKeyword.callTestCase(CallTestCaseKeyword.groovy:80)
	at com.kms.katalon.core.keyword.builtin.CallTestCaseKeyword.execute(CallTestCaseKeyword.groovy:44)
	at com.kms.katalon.core.keyword.internal.KeywordExecutor.executeKeywordForPlatform(KeywordExecutor.groovy:53)
	at com.kms.katalon.core.keyword.BuiltinKeywords.callTestCase(BuiltinKeywords.groovy:334)
	at Everest Prime.run(Everest Prime:25)
	at com.kms.katalon.core.main.ScriptEngine.run(ScriptEngine.java:194)
	at com.kms.katalon.core.main.ScriptEngine.runScriptAsRawText(ScriptEngine.java:119)
	at com.kms.katalon.core.main.TestCaseExecutor.runScript(TestCaseExecutor.java:328)
	at com.kms.katalon.core.main.TestCaseExecutor.doExecute(TestCaseExecutor.java:319)
	at com.kms.katalon.core.main.TestCaseExecutor.processExecutionPhase(TestCaseExecutor.java:298)
	at com.kms.katalon.core.main.TestCaseExecutor.accessMainPhase(TestCaseExecutor.java:290)
	at com.kms.katalon.core.main.TestCaseExecutor.execute(TestCaseExecutor.java:224)
	at com.kms.katalon.core.main.TestSuiteExecutor.accessTestCaseMainPhase(TestSuiteExecutor.java:129)
	at com.kms.katalon.core.main.TestSuiteExecutor.accessTestSuiteMainPhase(TestSuiteExecutor.java:112)
	at com.kms.katalon.core.main.TestSuiteExecutor.execute(TestSuiteExecutor.java:81)
	at com.kms.katalon.core.main.TestCaseMain.startTestSuite(TestCaseMain.java:149)
	at com.kms.katalon.core.main.TestCaseMain$startTestSuite$0.call(Unknown Source)
	at TempTestSuite1573563624301.run(TempTestSuite1573563624301.groovy:36)]]></system-out>
         <system-err><![CDATA[2019-11-12 08:08:17 - [TEST_CASE][FAILED] - Test Cases/mobileWeb/stm/Everest Prime: Test Cases/mobileWeb/stm/Everest Prime FAILED.
Reason:
com.kms.katalon.core.exception.StepFailedException: Unable to click on object 'Object Repository/mobileSanity/STM/STM Quote Page/a_Show Plans' (Root cause: org.openqa.selenium.WebDriverException: unknown error: Element <a href="#" class="js-show-plans c-filter-modal-v3__show-plans" type="button">...</a> is not clickable at point (187, 629). Other element would receive the click: <iframe src="https://secure.livechatinc.com/licence/11465608/v2/open_chat.cgi?license=11465608&amp;group=0&amp;embedded=1&amp;widget_version=3&amp;unique_groups=0" allowtransparency="true" allow="autoplay" id="chat-widget" name="chat-widget" scrolling="no" role="application" aria-label="LiveChat chat widget" style="width: 100%; height: 100%; min-height: 0px; min-width: 0px; margin: 0px; padding: 0px; background-image: none; background-position: 0% 0%; background-size: initial; background-attachment: scroll; background-origin: initial; background-clip: initial; background-color: rgba(0, 0, 0, 0); border-width: 0px; float: none; position: absolute; top: 0px; left: 0px; bottom: 0px; right: 0px; transition: none 0s ease 0s !important;"></iframe>
  (Session info: chrome=78.0.3904.70)
  (Driver info: chromedriver=2.43.600210 (68dcf5eebde37173d4027fa8635e332711d2874a),platform=Windows NT 6.3.9600 x86_64) (WARNING: The server did not provide any stacktrace information)
Command duration or timeout: 0 milliseconds
Build info: version: '3.7.1', revision: '8a0099a', time: '2017-11-06T21:07:36.161Z'
System info: host: 'WIN-U215233FMVE', ip: '172.30.0.53', os.name: 'Windows Server 2012 R2', os.arch: 'amd64', os.version: '6.3', java.version: '1.8.0_181'
Driver info: com.kms.katalon.selenium.driver.CChromeDriver
Capabilities {acceptInsecureCerts: false, acceptSslCerts: false, applicationCacheEnabled: false, browserConnectionEnabled: false, browserName: chrome, chrome: {chromedriverVersion: 2.43.600210 (68dcf5eebde371..., userDataDir: C:\Users\ADMINI~1\AppData\L...}, cssSelectorsEnabled: true, databaseEnabled: false, goog:chromeOptions: {debuggerAddress: localhost:62628}, handlesAlerts: true, hasTouchScreen: true, javascriptEnabled: true, locationContextEnabled: true, mobileEmulationEnabled: true, nativeEvents: true, networkConnectionEnabled: false, pageLoadStrategy: normal, platform: XP, platformName: XP, rotatable: false, setWindowRect: true, takesHeapSnapshot: true, takesScreenshot: true, unexpectedAlertBehaviour: , unhandledPromptBehavior: , version: 78.0.3904.70, webStorageEnabled: true}
Session ID: 30d4f18d4aaf05d0469fe4ec6470d5d6)
	at com.kms.katalon.core.keyword.internal.KeywordMain.stepFailed(KeywordMain.groovy:32)
	at com.kms.katalon.core.webui.keyword.internal.WebUIKeywordMain.stepFailed(WebUIKeywordMain.groovy:65)
	at com.kms.katalon.core.webui.keyword.internal.WebUIKeywordMain.runKeyword(WebUIKeywordMain.groovy:27)
	at com.kms.katalon.core.webui.keyword.builtin.ClickKeyword.click(ClickKeyword.groovy:86)
	at com.kms.katalon.core.webui.keyword.builtin.ClickKeyword.execute(ClickKeyword.groovy:67)
	at com.kms.katalon.core.keyword.internal.KeywordExecutor.executeKeywordForPlatform(KeywordExecutor.groovy:53)
	at com.kms.katalon.core.webui.keyword.WebUiBuiltInKeywords.click(WebUiBuiltInKeywords.groovy:616)
	at com.kms.katalon.core.webui.keyword.WebUiBuiltInKeywords$click$3.call(Unknown Source)
	at filter_stm.run(filter_stm:46)
	at com.kms.katalon.core.main.ScriptEngine.run(ScriptEngine.java:194)
	at com.kms.katalon.core.main.ScriptEngine.runScriptAsRawText(ScriptEngine.java:119)
	at com.kms.katalon.core.main.TestCaseExecutor.runScript(TestCaseExecutor.java:328)
	at com.kms.katalon.core.main.TestCaseExecutor.doExecute(TestCaseExecutor.java:319)
	at com.kms.katalon.core.main.TestCaseExecutor.processExecutionPhase(TestCaseExecutor.java:298)
	at com.kms.katalon.core.main.TestCaseExecutor.accessMainPhase(TestCaseExecutor.java:290)
	at com.kms.katalon.core.main.TestCaseExecutor.execute(TestCaseExecutor.java:224)
	at com.kms.katalon.core.main.TestCaseMain.runTestCase(TestCaseMain.java:106)
	at com.kms.katalon.core.keyword.builtin.CallTestCaseKeyword$_callTestCase_closure1.doCall(CallTestCaseKeyword.groovy:59)
	at com.kms.katalon.core.keyword.builtin.CallTestCaseKeyword$_callTestCase_closure1.call(CallTestCaseKeyword.groovy)
	at com.kms.katalon.core.keyword.internal.KeywordMain.runKeyword(KeywordMain.groovy:54)
	at com.kms.katalon.core.keyword.builtin.CallTestCaseKeyword.callTestCase(CallTestCaseKeyword.groovy:80)
	at com.kms.katalon.core.keyword.builtin.CallTestCaseKeyword.execute(CallTestCaseKeyword.groovy:44)
	at com.kms.katalon.core.keyword.internal.KeywordExecutor.executeKeywordForPlatform(KeywordExecutor.groovy:53)
	at com.kms.katalon.core.keyword.BuiltinKeywords.callTestCase(BuiltinKeywords.groovy:334)
	at Everest Prime.run(Everest Prime:25)
	at com.kms.katalon.core.main.ScriptEngine.run(ScriptEngine.java:194)
	at com.kms.katalon.core.main.ScriptEngine.runScriptAsRawText(ScriptEngine.java:119)
	at com.kms.katalon.core.main.TestCaseExecutor.runScript(TestCaseExecutor.java:328)
	at com.kms.katalon.core.main.TestCaseExecutor.doExecute(TestCaseExecutor.java:319)
	at com.kms.katalon.core.main.TestCaseExecutor.processExecutionPhase(TestCaseExecutor.java:298)
	at com.kms.katalon.core.main.TestCaseExecutor.accessMainPhase(TestCaseExecutor.java:290)
	at com.kms.katalon.core.main.TestCaseExecutor.execute(TestCaseExecutor.java:224)
	at com.kms.katalon.core.main.TestSuiteExecutor.accessTestCaseMainPhase(TestSuiteExecutor.java:129)
	at com.kms.katalon.core.main.TestSuiteExecutor.accessTestSuiteMainPhase(TestSuiteExecutor.java:112)
	at com.kms.katalon.core.main.TestSuiteExecutor.execute(TestSuiteExecutor.java:81)
	at com.kms.katalon.core.main.TestCaseMain.startTestSuite(TestCaseMain.java:149)
	at com.kms.katalon.core.main.TestCaseMain$startTestSuite$0.call(Unknown Source)
	at TempTestSuite1573563624301.run(TempTestSuite1573563624301.groovy:36)]]></system-err>
      </testcase>
      <testcase name="Test Cases/mobileWeb/stm/LifeShield" classname="Test Cases/mobileWeb/stm/LifeShield" status="ERROR">
         <error type="ERROR" message="Test Cases/mobileWeb/stm/LifeShield FAILED.
Reason:
org.openqa.selenium.NoSuchElementException: no such element: Unable to locate element: {&quot;method&quot;:&quot;xpath&quot;,&quot;selector&quot;:&quot;//input[@name='filter[carrier]' and @value='lifeshield']/following::label&quot;}
  (Session info: chrome=78.0.3904.70)
  (Driver info: chromedriver=2.43.600210 (68dcf5eebde37173d4027fa8635e332711d2874a),platform=Windows NT 6.3.9600 x86_64) (WARNING: The server did not provide any stacktrace information)
Command duration or timeout: 0 milliseconds
For documentation on this error, please visit: http://seleniumhq.org/exceptions/no_such_element.html
Build info: version: '3.7.1', revision: '8a0099a', time: '2017-11-06T21:07:36.161Z'
System info: host: 'WIN-U215233FMVE', ip: '172.30.0.53', os.name: 'Windows Server 2012 R2', os.arch: 'amd64', os.version: '6.3', java.version: '1.8.0_181'
Driver info: com.kms.katalon.selenium.driver.CChromeDriver
Capabilities {acceptInsecureCerts: false, acceptSslCerts: false, applicationCacheEnabled: false, browserConnectionEnabled: false, browserName: chrome, chrome: {chromedriverVersion: 2.43.600210 (68dcf5eebde371..., userDataDir: C:\Users\ADMINI~1\AppData\L...}, cssSelectorsEnabled: true, databaseEnabled: false, goog:chromeOptions: {debuggerAddress: localhost:62752}, handlesAlerts: true, hasTouchScreen: true, javascriptEnabled: true, locationContextEnabled: true, mobileEmulationEnabled: true, nativeEvents: true, networkConnectionEnabled: false, pageLoadStrategy: normal, platform: XP, platformName: XP, rotatable: false, setWindowRect: true, takesHeapSnapshot: true, takesScreenshot: true, unexpectedAlertBehaviour: , unhandledPromptBehavior: , version: 78.0.3904.70, webStorageEnabled: true}
Session ID: 466da65bca777eb8c9663b416c0de3ba
*** Element info: {Using=xpath, value=//input[@name='filter[carrier]' and @value='lifeshield']/following::label}
	at org.openqa.selenium.remote.ErrorHandler.createThrowable(ErrorHandler.java:214)
	at org.openqa.selenium.remote.ErrorHandler.throwIfResponseFailed(ErrorHandler.java:166)
	at org.openqa.selenium.remote.http.JsonHttpResponseCodec.reconstructValue(JsonHttpResponseCodec.java:40)
	at org.openqa.selenium.remote.http.AbstractHttpResponseCodec.decode(AbstractHttpResponseCodec.java:80)
	at org.openqa.selenium.remote.http.AbstractHttpResponseCodec.decode(AbstractHttpResponseCodec.java:44)
	at org.openqa.selenium.remote.HttpCommandExecutor.execute(HttpCommandExecutor.java:164)
	at org.openqa.selenium.remote.service.DriverCommandExecutor.execute(DriverCommandExecutor.java:83)
	at org.openqa.selenium.remote.RemoteWebDriver.execute(RemoteWebDriver.java:600)
	at com.kms.katalon.selenium.driver.CChromeDriver.execute(CChromeDriver.java:20)
	at org.openqa.selenium.remote.RemoteWebDriver.findElement(RemoteWebDriver.java:370)
	at org.openqa.selenium.remote.RemoteWebDriver.findElementByXPath(RemoteWebDriver.java:472)
	at org.openqa.selenium.By$ByXPath.findElement(By.java:361)
	at org.openqa.selenium.remote.RemoteWebDriver.findElement(RemoteWebDriver.java:362)
	at org.openqa.selenium.WebDriver$findElement.call(Unknown Source)
	at test.MobileKeywords.clickJS_ByXpath(MobileKeywords.groovy:86)
	at test.MobileKeywords.invokeMethod(MobileKeywords.groovy)
	at com.kms.katalon.core.main.CustomKeywordDelegatingMetaClass.invokeStaticMethod(CustomKeywordDelegatingMetaClass.java:49)
	at filter_stm.run(filter_stm:40)
	at com.kms.katalon.core.main.ScriptEngine.run(ScriptEngine.java:194)
	at com.kms.katalon.core.main.ScriptEngine.runScriptAsRawText(ScriptEngine.java:119)
	at com.kms.katalon.core.main.TestCaseExecutor.runScript(TestCaseExecutor.java:328)
	at com.kms.katalon.core.main.TestCaseExecutor.doExecute(TestCaseExecutor.java:319)
	at com.kms.katalon.core.main.TestCaseExecutor.processExecutionPhase(TestCaseExecutor.java:298)
	at com.kms.katalon.core.main.TestCaseExecutor.accessMainPhase(TestCaseExecutor.java:290)
	at com.kms.katalon.core.main.TestCaseExecutor.execute(TestCaseExecutor.java:224)
	at com.kms.katalon.core.main.TestCaseMain.runTestCase(TestCaseMain.java:106)
	at com.kms.katalon.core.keyword.builtin.CallTestCaseKeyword$_callTestCase_closure1.doCall(CallTestCaseKeyword.groovy:59)
	at com.kms.katalon.core.keyword.builtin.CallTestCaseKeyword$_callTestCase_closure1.call(CallTestCaseKeyword.groovy)
	at com.kms.katalon.core.keyword.internal.KeywordMain.runKeyword(KeywordMain.groovy:54)
	at com.kms.katalon.core.keyword.builtin.CallTestCaseKeyword.callTestCase(CallTestCaseKeyword.groovy:80)
	at com.kms.katalon.core.keyword.builtin.CallTestCaseKeyword.execute(CallTestCaseKeyword.groovy:44)
	at com.kms.katalon.core.keyword.internal.KeywordExecutor.executeKeywordForPlatform(KeywordExecutor.groovy:53)
	at com.kms.katalon.core.keyword.BuiltinKeywords.callTestCase(BuiltinKeywords.groovy:334)
	at LifeShield.run(LifeShield:25)
	at com.kms.katalon.core.main.ScriptEngine.run(ScriptEngine.java:194)
	at com.kms.katalon.core.main.ScriptEngine.runScriptAsRawText(ScriptEngine.java:119)
	at com.kms.katalon.core.main.TestCaseExecutor.runScript(TestCaseExecutor.java:328)
	at com.kms.katalon.core.main.TestCaseExecutor.doExecute(TestCaseExecutor.java:319)
	at com.kms.katalon.core.main.TestCaseExecutor.processExecutionPhase(TestCaseExecutor.java:298)
	at com.kms.katalon.core.main.TestCaseExecutor.accessMainPhase(TestCaseExecutor.java:290)
	at com.kms.katalon.core.main.TestCaseExecutor.execute(TestCaseExecutor.java:224)
	at com.kms.katalon.core.main.TestSuiteExecutor.accessTestCaseMainPhase(TestSuiteExecutor.java:129)
	at com.kms.katalon.core.main.TestSuiteExecutor.accessTestSuiteMainPhase(TestSuiteExecutor.java:112)
	at com.kms.katalon.core.main.TestSuiteExecutor.execute(TestSuiteExecutor.java:81)
	at com.kms.katalon.core.main.TestCaseMain.startTestSuite(TestCaseMain.java:149)
	at com.kms.katalon.core.main.TestCaseMain$startTestSuite$0.call(Unknown Source)
	at TempTestSuite1573563624301.run(TempTestSuite1573563624301.groovy:36)
"/>
         <system-out><![CDATA[2019-11-12 08:08:39 - [TEST_CASE][ERROR] - Test Cases/mobileWeb/stm/LifeShield: Test Cases/mobileWeb/stm/LifeShield FAILED.
Reason:
org.openqa.selenium.NoSuchElementException: no such element: Unable to locate element: {"method":"xpath","selector":"//input[@name='filter[carrier]' and @value='lifeshield']/following::label"}
  (Session info: chrome=78.0.3904.70)
  (Driver info: chromedriver=2.43.600210 (68dcf5eebde37173d4027fa8635e332711d2874a),platform=Windows NT 6.3.9600 x86_64) (WARNING: The server did not provide any stacktrace information)
Command duration or timeout: 0 milliseconds
For documentation on this error, please visit: http://seleniumhq.org/exceptions/no_such_element.html
Build info: version: '3.7.1', revision: '8a0099a', time: '2017-11-06T21:07:36.161Z'
System info: host: 'WIN-U215233FMVE', ip: '172.30.0.53', os.name: 'Windows Server 2012 R2', os.arch: 'amd64', os.version: '6.3', java.version: '1.8.0_181'
Driver info: com.kms.katalon.selenium.driver.CChromeDriver
Capabilities {acceptInsecureCerts: false, acceptSslCerts: false, applicationCacheEnabled: false, browserConnectionEnabled: false, browserName: chrome, chrome: {chromedriverVersion: 2.43.600210 (68dcf5eebde371..., userDataDir: C:\Users\ADMINI~1\AppData\L...}, cssSelectorsEnabled: true, databaseEnabled: false, goog:chromeOptions: {debuggerAddress: localhost:62752}, handlesAlerts: true, hasTouchScreen: true, javascriptEnabled: true, locationContextEnabled: true, mobileEmulationEnabled: true, nativeEvents: true, networkConnectionEnabled: false, pageLoadStrategy: normal, platform: XP, platformName: XP, rotatable: false, setWindowRect: true, takesHeapSnapshot: true, takesScreenshot: true, unexpectedAlertBehaviour: , unhandledPromptBehavior: , version: 78.0.3904.70, webStorageEnabled: true}
Session ID: 466da65bca777eb8c9663b416c0de3ba
*** Element info: {Using=xpath, value=//input[@name='filter[carrier]' and @value='lifeshield']/following::label}
	at org.openqa.selenium.remote.ErrorHandler.createThrowable(ErrorHandler.java:214)
	at org.openqa.selenium.remote.ErrorHandler.throwIfResponseFailed(ErrorHandler.java:166)
	at org.openqa.selenium.remote.http.JsonHttpResponseCodec.reconstructValue(JsonHttpResponseCodec.java:40)
	at org.openqa.selenium.remote.http.AbstractHttpResponseCodec.decode(AbstractHttpResponseCodec.java:80)
	at org.openqa.selenium.remote.http.AbstractHttpResponseCodec.decode(AbstractHttpResponseCodec.java:44)
	at org.openqa.selenium.remote.HttpCommandExecutor.execute(HttpCommandExecutor.java:164)
	at org.openqa.selenium.remote.service.DriverCommandExecutor.execute(DriverCommandExecutor.java:83)
	at org.openqa.selenium.remote.RemoteWebDriver.execute(RemoteWebDriver.java:600)
	at com.kms.katalon.selenium.driver.CChromeDriver.execute(CChromeDriver.java:20)
	at org.openqa.selenium.remote.RemoteWebDriver.findElement(RemoteWebDriver.java:370)
	at org.openqa.selenium.remote.RemoteWebDriver.findElementByXPath(RemoteWebDriver.java:472)
	at org.openqa.selenium.By$ByXPath.findElement(By.java:361)
	at org.openqa.selenium.remote.RemoteWebDriver.findElement(RemoteWebDriver.java:362)
	at org.openqa.selenium.WebDriver$findElement.call(Unknown Source)
	at test.MobileKeywords.clickJS_ByXpath(MobileKeywords.groovy:86)
	at test.MobileKeywords.invokeMethod(MobileKeywords.groovy)
	at com.kms.katalon.core.main.CustomKeywordDelegatingMetaClass.invokeStaticMethod(CustomKeywordDelegatingMetaClass.java:49)
	at filter_stm.run(filter_stm:40)
	at com.kms.katalon.core.main.ScriptEngine.run(ScriptEngine.java:194)
	at com.kms.katalon.core.main.ScriptEngine.runScriptAsRawText(ScriptEngine.java:119)
	at com.kms.katalon.core.main.TestCaseExecutor.runScript(TestCaseExecutor.java:328)
	at com.kms.katalon.core.main.TestCaseExecutor.doExecute(TestCaseExecutor.java:319)
	at com.kms.katalon.core.main.TestCaseExecutor.processExecutionPhase(TestCaseExecutor.java:298)
	at com.kms.katalon.core.main.TestCaseExecutor.accessMainPhase(TestCaseExecutor.java:290)
	at com.kms.katalon.core.main.TestCaseExecutor.execute(TestCaseExecutor.java:224)
	at com.kms.katalon.core.main.TestCaseMain.runTestCase(TestCaseMain.java:106)
	at com.kms.katalon.core.keyword.builtin.CallTestCaseKeyword$_callTestCase_closure1.doCall(CallTestCaseKeyword.groovy:59)
	at com.kms.katalon.core.keyword.builtin.CallTestCaseKeyword$_callTestCase_closure1.call(CallTestCaseKeyword.groovy)
	at com.kms.katalon.core.keyword.internal.KeywordMain.runKeyword(KeywordMain.groovy:54)
	at com.kms.katalon.core.keyword.builtin.CallTestCaseKeyword.callTestCase(CallTestCaseKeyword.groovy:80)
	at com.kms.katalon.core.keyword.builtin.CallTestCaseKeyword.execute(CallTestCaseKeyword.groovy:44)
	at com.kms.katalon.core.keyword.internal.KeywordExecutor.executeKeywordForPlatform(KeywordExecutor.groovy:53)
	at com.kms.katalon.core.keyword.BuiltinKeywords.callTestCase(BuiltinKeywords.groovy:334)
	at LifeShield.run(LifeShield:25)
	at com.kms.katalon.core.main.ScriptEngine.run(ScriptEngine.java:194)
	at com.kms.katalon.core.main.ScriptEngine.runScriptAsRawText(ScriptEngine.java:119)
	at com.kms.katalon.core.main.TestCaseExecutor.runScript(TestCaseExecutor.java:328)
	at com.kms.katalon.core.main.TestCaseExecutor.doExecute(TestCaseExecutor.java:319)
	at com.kms.katalon.core.main.TestCaseExecutor.processExecutionPhase(TestCaseExecutor.java:298)
	at com.kms.katalon.core.main.TestCaseExecutor.accessMainPhase(TestCaseExecutor.java:290)
	at com.kms.katalon.core.main.TestCaseExecutor.execute(TestCaseExecutor.java:224)
	at com.kms.katalon.core.main.TestSuiteExecutor.accessTestCaseMainPhase(TestSuiteExecutor.java:129)
	at com.kms.katalon.core.main.TestSuiteExecutor.accessTestSuiteMainPhase(TestSuiteExecutor.java:112)
	at com.kms.katalon.core.main.TestSuiteExecutor.execute(TestSuiteExecutor.java:81)
	at com.kms.katalon.core.main.TestCaseMain.startTestSuite(TestCaseMain.java:149)
	at com.kms.katalon.core.main.TestCaseMain$startTestSuite$0.call(Unknown Source)
	at TempTestSuite1573563624301.run(TempTestSuite1573563624301.groovy:36)


2019-11-12 08:08:39 - [TEST_STEP][PASSED] - callTestCase(findTestCase("mobileWeb/_include/get_screenPath"), ["productLine":"stm", "carrierName":"LifeShield"], CONTINUE_ON_FAILURE): Call Test Case 'Test Cases/mobileWeb/_include/get_screenPath' successfully

2019-11-12 08:08:39 - [TEST_CASE][PASSED] - Test Cases/mobileWeb/_include/get_screenPath: Test Cases/mobileWeb/_include/get_screenPath

2019-11-12 08:08:39 - [TEST_STEP][PASSED] - m = getExecutionProperties(): null

2019-11-12 08:08:39 - [TEST_STEP][PASSED] - deviceName = get("mobileEmulation").get("deviceName"): null

2019-11-12 08:08:39 - [TEST_STEP][PASSED] - println(deviceName): null

2019-11-12 08:08:39 - [TEST_STEP][PASSED] - now = new java.util.Date(): null

2019-11-12 08:08:39 - [TEST_STEP][PASSED] - mydate = now.format("yyyyMMdd_HHmmss"): null

2019-11-12 08:08:39 - [TEST_STEP][PASSED] - screenPath = "../Screenshots/": null

2019-11-12 08:08:39 - [TEST_STEP][PASSED] - screenPath = screenPath + deviceName + "/" + productLine + "/" + carrierName + "/" + mydate + "/": null

2019-11-12 08:08:39 - [TEST_STEP][PASSED] - println(screenPath): null

2019-11-12 08:08:39 - [MESSAGE][PASSED] - Call Test Case 'Test Cases/mobileWeb/_include/get_screenPath' successfully

2019-11-12 08:08:39 - [TEST_STEP][PASSED] - i = 0: null

2019-11-12 08:08:39 - [TEST_STEP][PASSED] - callTestCase(findTestCase("mobileWeb/_include/openWebSite"), [:], STOP_ON_FAILURE): Call Test Case 'Test Cases/mobileWeb/_include/openWebSite' successfully

2019-11-12 08:08:40 - [TEST_CASE][PASSED] - Test Cases/mobileWeb/_include/openWebSite: Test Cases/mobileWeb/_include/openWebSite

2019-11-12 08:08:40 - [TEST_STEP][PASSED] - openBrowser(env): Browser is opened with url: 'https://praetemptatus.agilehealthinsurance.com'

2019-11-12 08:08:40 - [MESSAGE][WARNING] - A browser is already opened. Closing browser and opening a new one

2019-11-12 08:08:40 - [MESSAGE][INFO] - Starting 'Chrome' driver

2019-11-12 08:08:40 - [MESSAGE][INFO] - User set preference: ['mobileEmulation', '{deviceName=iPhone 6}']

2019-11-12 08:08:40 - [MESSAGE][INFO] - User set preference: ['args', '[--incognito, --aggressive-cache-discard, --window-size=375,677, --no-sandbox]']

2019-11-12 08:08:42 - [MESSAGE][PASSED] - Browser is opened with url: 'https://praetemptatus.agilehealthinsurance.com'

2019-11-12 08:08:42 - [TEST_STEP][PASSED] - waitForPageLoad(20): Wait for page load successfully

2019-11-12 08:08:42 - [MESSAGE][PASSED] - Wait for page load successfully

2019-11-12 08:08:42 - [TEST_STEP][PASSED] - callTestCase(findTestCase("mobileWeb/_include/get_screenshot"), [:], STOP_ON_FAILURE): Call Test Case 'Test Cases/mobileWeb/_include/get_screenshot' successfully

2019-11-12 08:08:42 - [TEST_CASE][PASSED] - Test Cases/mobileWeb/_include/get_screenshot: Test Cases/mobileWeb/_include/get_screenshot

2019-11-12 08:08:42 - [TEST_STEP][PASSED] - takeScreenshot(screenPath + i + ".png"): Taking screenshot successfully

2019-11-12 08:08:43 - [MESSAGE][PASSED] - Taking screenshot successfully
[[ATTACHMENT|D:\\Test\\AgileTest\\Reports\\mobileWeb\\stm\\20191112_080024\\../Screenshots/iPhone 6/stm/LifeShield/20191112_080839/0.png]]

2019-11-12 08:08:43 - [TEST_STEP][PASSED] - (internal.GlobalVariable.i++): null

2019-11-12 08:08:43 - [MESSAGE][PASSED] - Call Test Case 'Test Cases/mobileWeb/_include/get_screenshot' successfully

2019-11-12 08:08:43 - [MESSAGE][PASSED] - Call Test Case 'Test Cases/mobileWeb/_include/openWebSite' successfully

2019-11-12 08:08:43 - [TEST_STEP][PASSED] - callTestCase(findTestCase("mobileWeb/_include/census_stm"), ["zipcode":"60602"], STOP_ON_FAILURE): Call Test Case 'Test Cases/mobileWeb/_include/census_stm' successfully

2019-11-12 08:08:43 - [TEST_CASE][PASSED] - Test Cases/mobileWeb/_include/census_stm: Test Cases/mobileWeb/_include/census_stm

2019-11-12 08:08:43 - [TEST_STEP][PASSED] - waitForElementClickable(findTestObject("mobileSanity/STM/Home Page/a_Quote  Save Today"), 10): Object 'Object Repository/mobileSanity/STM/Home Page/a_Quote  Save Today' is clickable

2019-11-12 08:08:43 - [MESSAGE][PASSED] - Object 'Object Repository/mobileSanity/STM/Home Page/a_Quote  Save Today' is clickable

2019-11-12 08:08:43 - [TEST_STEP][PASSED] - click(findTestObject("mobileSanity/STM/Home Page/a_Quote  Save Today")): Object: 'Object Repository/mobileSanity/STM/Home Page/a_Quote  Save Today' is clicked on

2019-11-12 08:08:44 - [MESSAGE][PASSED] - Object: 'Object Repository/mobileSanity/STM/Home Page/a_Quote  Save Today' is clicked on

2019-11-12 08:08:44 - [TEST_STEP][PASSED] - waitForPageLoad(10): Wait for page load successfully

2019-11-12 08:08:44 - [MESSAGE][PASSED] - Wait for page load successfully

2019-11-12 08:08:44 - [TEST_STEP][PASSED] - callTestCase(findTestCase("mobileWeb/_include/get_screenshot"), [:], STOP_ON_FAILURE): Call Test Case 'Test Cases/mobileWeb/_include/get_screenshot' successfully

2019-11-12 08:08:44 - [TEST_CASE][PASSED] - Test Cases/mobileWeb/_include/get_screenshot: Test Cases/mobileWeb/_include/get_screenshot

2019-11-12 08:08:44 - [TEST_STEP][PASSED] - takeScreenshot(screenPath + i + ".png"): Taking screenshot successfully

2019-11-12 08:08:44 - [MESSAGE][PASSED] - Taking screenshot successfully
[[ATTACHMENT|D:\\Test\\AgileTest\\Reports\\mobileWeb\\stm\\20191112_080024\\../Screenshots/iPhone 6/stm/LifeShield/20191112_080839/1.png]]

2019-11-12 08:08:44 - [TEST_STEP][PASSED] - (internal.GlobalVariable.i++): null

2019-11-12 08:08:44 - [MESSAGE][PASSED] - Call Test Case 'Test Cases/mobileWeb/_include/get_screenshot' successfully

2019-11-12 08:08:44 - [TEST_STEP][PASSED] - setText(findTestObject("mobileSanity/STM/STM Census Page/input_Location_zip-input"), zipcode): Text '60602' is set on object 'Object Repository/mobileSanity/STM/STM Census Page/input_Location_zip-input'

2019-11-12 08:08:44 - [MESSAGE][PASSED] - Text '60602' is set on object 'Object Repository/mobileSanity/STM/STM Census Page/input_Location_zip-input'

2019-11-12 08:08:44 - [TEST_STEP][PASSED] - Thread.sleep(500): null

2019-11-12 08:08:45 - [TEST_STEP][PASSED] - setText(findTestObject("mobileSanity/STM/STM Census Page/input_Date of Birth_dob-0"), "03031987"): Text '03031987' is set on object 'Object Repository/mobileSanity/STM/STM Census Page/input_Date of Birth_dob-0'

2019-11-12 08:08:45 - [MESSAGE][PASSED] - Text '03031987' is set on object 'Object Repository/mobileSanity/STM/STM Census Page/input_Date of Birth_dob-0'

2019-11-12 08:08:45 - [TEST_STEP][PASSED] - click(findTestObject("mobileSanity/STM/STM Census Page/label_Male")): Object: 'Object Repository/mobileSanity/STM/STM Census Page/label_Male' is clicked on

2019-11-12 08:08:45 - [MESSAGE][PASSED] - Object: 'Object Repository/mobileSanity/STM/STM Census Page/label_Male' is clicked on

2019-11-12 08:08:45 - [TEST_STEP][PASSED] - click(findTestObject("mobileSanity/STM/STM Census Page/label_Compare Plans")): Object: 'Object Repository/mobileSanity/STM/STM Census Page/label_Compare Plans' is clicked on

2019-11-12 08:08:47 - [MESSAGE][PASSED] - Object: 'Object Repository/mobileSanity/STM/STM Census Page/label_Compare Plans' is clicked on

2019-11-12 08:08:47 - [TEST_STEP][PASSED] - waitForElementVisible(findTestObject("mobileSanity/STM/STM Quote Page/button_sort"), 20): Object 'Object Repository/mobileSanity/STM/STM Quote Page/button_sort' is visible

2019-11-12 08:08:47 - [MESSAGE][PASSED] - Object 'Object Repository/mobileSanity/STM/STM Quote Page/button_sort' is visible

2019-11-12 08:08:47 - [TEST_STEP][PASSED] - Thread.sleep(3000): null

2019-11-12 08:08:50 - [TEST_STEP][PASSED] - callTestCase(findTestCase("mobileWeb/_include/get_screenshot"), [:], STOP_ON_FAILURE): Call Test Case 'Test Cases/mobileWeb/_include/get_screenshot' successfully

2019-11-12 08:08:50 - [TEST_CASE][PASSED] - Test Cases/mobileWeb/_include/get_screenshot: Test Cases/mobileWeb/_include/get_screenshot

2019-11-12 08:08:50 - [TEST_STEP][PASSED] - takeScreenshot(screenPath + i + ".png"): Taking screenshot successfully

2019-11-12 08:08:51 - [MESSAGE][PASSED] - Taking screenshot successfully
[[ATTACHMENT|D:\\Test\\AgileTest\\Reports\\mobileWeb\\stm\\20191112_080024\\../Screenshots/iPhone 6/stm/LifeShield/20191112_080839/2.png]]

2019-11-12 08:08:51 - [TEST_STEP][PASSED] - (internal.GlobalVariable.i++): null

2019-11-12 08:08:51 - [MESSAGE][PASSED] - Call Test Case 'Test Cases/mobileWeb/_include/get_screenshot' successfully

2019-11-12 08:08:51 - [TEST_STEP][PASSED] - Thread.sleep(1000): null

2019-11-12 08:08:52 - [MESSAGE][PASSED] - Call Test Case 'Test Cases/mobileWeb/_include/census_stm' successfully

2019-11-12 08:08:52 - [TEST_STEP][ERROR] - callTestCase(findTestCase("mobileWeb/_include/filter_stm"), ["carrier":"lifeshield"], STOP_ON_FAILURE): callTestCase(findTestCase("mobileWeb/_include/filter_stm"), ["carrier":"lifeshield"], STOP_ON_FAILURE) FAILED.
Reason:
org.openqa.selenium.NoSuchElementException: no such element: Unable to locate element: {"method":"xpath","selector":"//input[@name='filter[carrier]' and @value='lifeshield']/following::label"}
  (Session info: chrome=78.0.3904.70)
  (Driver info: chromedriver=2.43.600210 (68dcf5eebde37173d4027fa8635e332711d2874a),platform=Windows NT 6.3.9600 x86_64) (WARNING: The server did not provide any stacktrace information)
Command duration or timeout: 0 milliseconds
For documentation on this error, please visit: http://seleniumhq.org/exceptions/no_such_element.html
Build info: version: '3.7.1', revision: '8a0099a', time: '2017-11-06T21:07:36.161Z'
System info: host: 'WIN-U215233FMVE', ip: '172.30.0.53', os.name: 'Windows Server 2012 R2', os.arch: 'amd64', os.version: '6.3', java.version: '1.8.0_181'
Driver info: com.kms.katalon.selenium.driver.CChromeDriver
Capabilities {acceptInsecureCerts: false, acceptSslCerts: false, applicationCacheEnabled: false, browserConnectionEnabled: false, browserName: chrome, chrome: {chromedriverVersion: 2.43.600210 (68dcf5eebde371..., userDataDir: C:\Users\ADMINI~1\AppData\L...}, cssSelectorsEnabled: true, databaseEnabled: false, goog:chromeOptions: {debuggerAddress: localhost:62752}, handlesAlerts: true, hasTouchScreen: true, javascriptEnabled: true, locationContextEnabled: true, mobileEmulationEnabled: true, nativeEvents: true, networkConnectionEnabled: false, pageLoadStrategy: normal, platform: XP, platformName: XP, rotatable: false, setWindowRect: true, takesHeapSnapshot: true, takesScreenshot: true, unexpectedAlertBehaviour: , unhandledPromptBehavior: , version: 78.0.3904.70, webStorageEnabled: true}
Session ID: 466da65bca777eb8c9663b416c0de3ba
*** Element info: {Using=xpath, value=//input[@name='filter[carrier]' and @value='lifeshield']/following::label}
	at org.openqa.selenium.remote.ErrorHandler.createThrowable(ErrorHandler.java:214)
	at org.openqa.selenium.remote.ErrorHandler.throwIfResponseFailed(ErrorHandler.java:166)
	at org.openqa.selenium.remote.http.JsonHttpResponseCodec.reconstructValue(JsonHttpResponseCodec.java:40)
	at org.openqa.selenium.remote.http.AbstractHttpResponseCodec.decode(AbstractHttpResponseCodec.java:80)
	at org.openqa.selenium.remote.http.AbstractHttpResponseCodec.decode(AbstractHttpResponseCodec.java:44)
	at org.openqa.selenium.remote.HttpCommandExecutor.execute(HttpCommandExecutor.java:164)
	at org.openqa.selenium.remote.service.DriverCommandExecutor.execute(DriverCommandExecutor.java:83)
	at org.openqa.selenium.remote.RemoteWebDriver.execute(RemoteWebDriver.java:600)
	at com.kms.katalon.selenium.driver.CChromeDriver.execute(CChromeDriver.java:20)
	at org.openqa.selenium.remote.RemoteWebDriver.findElement(RemoteWebDriver.java:370)
	at org.openqa.selenium.remote.RemoteWebDriver.findElementByXPath(RemoteWebDriver.java:472)
	at org.openqa.selenium.By$ByXPath.findElement(By.java:361)
	at org.openqa.selenium.remote.RemoteWebDriver.findElement(RemoteWebDriver.java:362)
	at org.openqa.selenium.WebDriver$findElement.call(Unknown Source)
	at test.MobileKeywords.clickJS_ByXpath(MobileKeywords.groovy:86)
	at test.MobileKeywords.invokeMethod(MobileKeywords.groovy)
	at com.kms.katalon.core.main.CustomKeywordDelegatingMetaClass.invokeStaticMethod(CustomKeywordDelegatingMetaClass.java:49)
	at filter_stm.run(filter_stm:40)
	at com.kms.katalon.core.main.ScriptEngine.run(ScriptEngine.java:194)
	at com.kms.katalon.core.main.ScriptEngine.runScriptAsRawText(ScriptEngine.java:119)
	at com.kms.katalon.core.main.TestCaseExecutor.runScript(TestCaseExecutor.java:328)
	at com.kms.katalon.core.main.TestCaseExecutor.doExecute(TestCaseExecutor.java:319)
	at com.kms.katalon.core.main.TestCaseExecutor.processExecutionPhase(TestCaseExecutor.java:298)
	at com.kms.katalon.core.main.TestCaseExecutor.accessMainPhase(TestCaseExecutor.java:290)
	at com.kms.katalon.core.main.TestCaseExecutor.execute(TestCaseExecutor.java:224)
	at com.kms.katalon.core.main.TestCaseMain.runTestCase(TestCaseMain.java:106)
	at com.kms.katalon.core.keyword.builtin.CallTestCaseKeyword$_callTestCase_closure1.doCall(CallTestCaseKeyword.groovy:59)
	at com.kms.katalon.core.keyword.builtin.CallTestCaseKeyword$_callTestCase_closure1.call(CallTestCaseKeyword.groovy)
	at com.kms.katalon.core.keyword.internal.KeywordMain.runKeyword(KeywordMain.groovy:54)
	at com.kms.katalon.core.keyword.builtin.CallTestCaseKeyword.callTestCase(CallTestCaseKeyword.groovy:80)
	at com.kms.katalon.core.keyword.builtin.CallTestCaseKeyword.execute(CallTestCaseKeyword.groovy:44)
	at com.kms.katalon.core.keyword.internal.KeywordExecutor.executeKeywordForPlatform(KeywordExecutor.groovy:53)
	at com.kms.katalon.core.keyword.BuiltinKeywords.callTestCase(BuiltinKeywords.groovy:334)
	at LifeShield.run(LifeShield:25)
	at com.kms.katalon.core.main.ScriptEngine.run(ScriptEngine.java:194)
	at com.kms.katalon.core.main.ScriptEngine.runScriptAsRawText(ScriptEngine.java:119)
	at com.kms.katalon.core.main.TestCaseExecutor.runScript(TestCaseExecutor.java:328)
	at com.kms.katalon.core.main.TestCaseExecutor.doExecute(TestCaseExecutor.java:319)
	at com.kms.katalon.core.main.TestCaseExecutor.processExecutionPhase(TestCaseExecutor.java:298)
	at com.kms.katalon.core.main.TestCaseExecutor.accessMainPhase(TestCaseExecutor.java:290)
	at com.kms.katalon.core.main.TestCaseExecutor.execute(TestCaseExecutor.java:224)
	at com.kms.katalon.core.main.TestSuiteExecutor.accessTestCaseMainPhase(TestSuiteExecutor.java:129)
	at com.kms.katalon.core.main.TestSuiteExecutor.accessTestSuiteMainPhase(TestSuiteExecutor.java:112)
	at com.kms.katalon.core.main.TestSuiteExecutor.execute(TestSuiteExecutor.java:81)
	at com.kms.katalon.core.main.TestCaseMain.startTestSuite(TestCaseMain.java:149)
	at com.kms.katalon.core.main.TestCaseMain$startTestSuite$0.call(Unknown Source)
	at TempTestSuite1573563624301.run(TempTestSuite1573563624301.groovy:36)


2019-11-12 08:08:52 - [TEST_CASE][ERROR] - Test Cases/mobileWeb/_include/filter_stm: Test Cases/mobileWeb/_include/filter_stm FAILED.
Reason:
org.openqa.selenium.NoSuchElementException: no such element: Unable to locate element: {"method":"xpath","selector":"//input[@name='filter[carrier]' and @value='lifeshield']/following::label"}
  (Session info: chrome=78.0.3904.70)
  (Driver info: chromedriver=2.43.600210 (68dcf5eebde37173d4027fa8635e332711d2874a),platform=Windows NT 6.3.9600 x86_64) (WARNING: The server did not provide any stacktrace information)
Command duration or timeout: 0 milliseconds
For documentation on this error, please visit: http://seleniumhq.org/exceptions/no_such_element.html
Build info: version: '3.7.1', revision: '8a0099a', time: '2017-11-06T21:07:36.161Z'
System info: host: 'WIN-U215233FMVE', ip: '172.30.0.53', os.name: 'Windows Server 2012 R2', os.arch: 'amd64', os.version: '6.3', java.version: '1.8.0_181'
Driver info: com.kms.katalon.selenium.driver.CChromeDriver
Capabilities {acceptInsecureCerts: false, acceptSslCerts: false, applicationCacheEnabled: false, browserConnectionEnabled: false, browserName: chrome, chrome: {chromedriverVersion: 2.43.600210 (68dcf5eebde371..., userDataDir: C:\Users\ADMINI~1\AppData\L...}, cssSelectorsEnabled: true, databaseEnabled: false, goog:chromeOptions: {debuggerAddress: localhost:62752}, handlesAlerts: true, hasTouchScreen: true, javascriptEnabled: true, locationContextEnabled: true, mobileEmulationEnabled: true, nativeEvents: true, networkConnectionEnabled: false, pageLoadStrategy: normal, platform: XP, platformName: XP, rotatable: false, setWindowRect: true, takesHeapSnapshot: true, takesScreenshot: true, unexpectedAlertBehaviour: , unhandledPromptBehavior: , version: 78.0.3904.70, webStorageEnabled: true}
Session ID: 466da65bca777eb8c9663b416c0de3ba
*** Element info: {Using=xpath, value=//input[@name='filter[carrier]' and @value='lifeshield']/following::label}
	at org.openqa.selenium.remote.ErrorHandler.createThrowable(ErrorHandler.java:214)
	at org.openqa.selenium.remote.ErrorHandler.throwIfResponseFailed(ErrorHandler.java:166)
	at org.openqa.selenium.remote.http.JsonHttpResponseCodec.reconstructValue(JsonHttpResponseCodec.java:40)
	at org.openqa.selenium.remote.http.AbstractHttpResponseCodec.decode(AbstractHttpResponseCodec.java:80)
	at org.openqa.selenium.remote.http.AbstractHttpResponseCodec.decode(AbstractHttpResponseCodec.java:44)
	at org.openqa.selenium.remote.HttpCommandExecutor.execute(HttpCommandExecutor.java:164)
	at org.openqa.selenium.remote.service.DriverCommandExecutor.execute(DriverCommandExecutor.java:83)
	at org.openqa.selenium.remote.RemoteWebDriver.execute(RemoteWebDriver.java:600)
	at com.kms.katalon.selenium.driver.CChromeDriver.execute(CChromeDriver.java:20)
	at org.openqa.selenium.remote.RemoteWebDriver.findElement(RemoteWebDriver.java:370)
	at org.openqa.selenium.remote.RemoteWebDriver.findElementByXPath(RemoteWebDriver.java:472)
	at org.openqa.selenium.By$ByXPath.findElement(By.java:361)
	at org.openqa.selenium.remote.RemoteWebDriver.findElement(RemoteWebDriver.java:362)
	at org.openqa.selenium.WebDriver$findElement.call(Unknown Source)
	at test.MobileKeywords.clickJS_ByXpath(MobileKeywords.groovy:86)
	at test.MobileKeywords.invokeMethod(MobileKeywords.groovy)
	at com.kms.katalon.core.main.CustomKeywordDelegatingMetaClass.invokeStaticMethod(CustomKeywordDelegatingMetaClass.java:49)
	at filter_stm.run(filter_stm:40)
	at com.kms.katalon.core.main.ScriptEngine.run(ScriptEngine.java:194)
	at com.kms.katalon.core.main.ScriptEngine.runScriptAsRawText(ScriptEngine.java:119)
	at com.kms.katalon.core.main.TestCaseExecutor.runScript(TestCaseExecutor.java:328)
	at com.kms.katalon.core.main.TestCaseExecutor.doExecute(TestCaseExecutor.java:319)
	at com.kms.katalon.core.main.TestCaseExecutor.processExecutionPhase(TestCaseExecutor.java:298)
	at com.kms.katalon.core.main.TestCaseExecutor.accessMainPhase(TestCaseExecutor.java:290)
	at com.kms.katalon.core.main.TestCaseExecutor.execute(TestCaseExecutor.java:224)
	at com.kms.katalon.core.main.TestCaseMain.runTestCase(TestCaseMain.java:106)
	at com.kms.katalon.core.keyword.builtin.CallTestCaseKeyword$_callTestCase_closure1.doCall(CallTestCaseKeyword.groovy:59)
	at com.kms.katalon.core.keyword.builtin.CallTestCaseKeyword$_callTestCase_closure1.call(CallTestCaseKeyword.groovy)
	at com.kms.katalon.core.keyword.internal.KeywordMain.runKeyword(KeywordMain.groovy:54)
	at com.kms.katalon.core.keyword.builtin.CallTestCaseKeyword.callTestCase(CallTestCaseKeyword.groovy:80)
	at com.kms.katalon.core.keyword.builtin.CallTestCaseKeyword.execute(CallTestCaseKeyword.groovy:44)
	at com.kms.katalon.core.keyword.internal.KeywordExecutor.executeKeywordForPlatform(KeywordExecutor.groovy:53)
	at com.kms.katalon.core.keyword.BuiltinKeywords.callTestCase(BuiltinKeywords.groovy:334)
	at LifeShield.run(LifeShield:25)
	at com.kms.katalon.core.main.ScriptEngine.run(ScriptEngine.java:194)
	at com.kms.katalon.core.main.ScriptEngine.runScriptAsRawText(ScriptEngine.java:119)
	at com.kms.katalon.core.main.TestCaseExecutor.runScript(TestCaseExecutor.java:328)
	at com.kms.katalon.core.main.TestCaseExecutor.doExecute(TestCaseExecutor.java:319)
	at com.kms.katalon.core.main.TestCaseExecutor.processExecutionPhase(TestCaseExecutor.java:298)
	at com.kms.katalon.core.main.TestCaseExecutor.accessMainPhase(TestCaseExecutor.java:290)
	at com.kms.katalon.core.main.TestCaseExecutor.execute(TestCaseExecutor.java:224)
	at com.kms.katalon.core.main.TestSuiteExecutor.accessTestCaseMainPhase(TestSuiteExecutor.java:129)
	at com.kms.katalon.core.main.TestSuiteExecutor.accessTestSuiteMainPhase(TestSuiteExecutor.java:112)
	at com.kms.katalon.core.main.TestSuiteExecutor.execute(TestSuiteExecutor.java:81)
	at com.kms.katalon.core.main.TestCaseMain.startTestSuite(TestCaseMain.java:149)
	at com.kms.katalon.core.main.TestCaseMain$startTestSuite$0.call(Unknown Source)
	at TempTestSuite1573563624301.run(TempTestSuite1573563624301.groovy:36)


2019-11-12 08:08:52 - [TEST_STEP][PASSED] - driver = getWebDriver(): null

2019-11-12 08:08:52 - [TEST_STEP][PASSED] - selenium = new com.thoughtworks.selenium.webdriven.WebDriverBackedSelenium(driver, internal.GlobalVariable.ENV): null

2019-11-12 08:08:52 - [TEST_STEP][PASSED] - Thread.sleep(1000): null

2019-11-12 08:08:53 - [TEST_STEP][PASSED] - click(findTestObject("mobileSanity/STM/STM Quote Page/button_filters")): Object: 'Object Repository/mobileSanity/STM/STM Quote Page/button_filters' is clicked on

2019-11-12 08:08:53 - [MESSAGE][PASSED] - Object: 'Object Repository/mobileSanity/STM/STM Quote Page/button_filters' is clicked on

2019-11-12 08:08:53 - [TEST_STEP][PASSED] - Thread.sleep(1000): null

2019-11-12 08:08:54 - [TEST_STEP][PASSED] - click(findTestObject("mobileSanity/STM/STM Quote Page/i_Insurance company")): Object: 'Object Repository/mobileSanity/STM/STM Quote Page/i_Insurance company' is clicked on

2019-11-12 08:08:54 - [MESSAGE][PASSED] - Object: 'Object Repository/mobileSanity/STM/STM Quote Page/i_Insurance company' is clicked on

2019-11-12 08:08:54 - [TEST_STEP][PASSED] - Thread.sleep(1000): null

2019-11-12 08:08:55 - [TEST_STEP][PASSED] - filter_carrier = "//input[@name='filter[carrier]' and @value='" + carrier + "']/following::label": null

2019-11-12 08:08:55 - [TEST_STEP][PASSED] - println(filter_carrier): null

2019-11-12 08:08:55 - [TEST_STEP][ERROR] - test.MobileKeywords.clickJS_ByXpath(filter_carrier): test.MobileKeywords.clickJS_ByXpath(filter_carrier) FAILED.
Reason:
org.openqa.selenium.NoSuchElementException: no such element: Unable to locate element: {"method":"xpath","selector":"//input[@name='filter[carrier]' and @value='lifeshield']/following::label"}
  (Session info: chrome=78.0.3904.70)
  (Driver info: chromedriver=2.43.600210 (68dcf5eebde37173d4027fa8635e332711d2874a),platform=Windows NT 6.3.9600 x86_64) (WARNING: The server did not provide any stacktrace information)
Command duration or timeout: 0 milliseconds
For documentation on this error, please visit: http://seleniumhq.org/exceptions/no_such_element.html
Build info: version: '3.7.1', revision: '8a0099a', time: '2017-11-06T21:07:36.161Z'
System info: host: 'WIN-U215233FMVE', ip: '172.30.0.53', os.name: 'Windows Server 2012 R2', os.arch: 'amd64', os.version: '6.3', java.version: '1.8.0_181'
Driver info: com.kms.katalon.selenium.driver.CChromeDriver
Capabilities {acceptInsecureCerts: false, acceptSslCerts: false, applicationCacheEnabled: false, browserConnectionEnabled: false, browserName: chrome, chrome: {chromedriverVersion: 2.43.600210 (68dcf5eebde371..., userDataDir: C:\Users\ADMINI~1\AppData\L...}, cssSelectorsEnabled: true, databaseEnabled: false, goog:chromeOptions: {debuggerAddress: localhost:62752}, handlesAlerts: true, hasTouchScreen: true, javascriptEnabled: true, locationContextEnabled: true, mobileEmulationEnabled: true, nativeEvents: true, networkConnectionEnabled: false, pageLoadStrategy: normal, platform: XP, platformName: XP, rotatable: false, setWindowRect: true, takesHeapSnapshot: true, takesScreenshot: true, unexpectedAlertBehaviour: , unhandledPromptBehavior: , version: 78.0.3904.70, webStorageEnabled: true}
Session ID: 466da65bca777eb8c9663b416c0de3ba
*** Element info: {Using=xpath, value=//input[@name='filter[carrier]' and @value='lifeshield']/following::label}
	at org.openqa.selenium.remote.ErrorHandler.createThrowable(ErrorHandler.java:214)
	at org.openqa.selenium.remote.ErrorHandler.throwIfResponseFailed(ErrorHandler.java:166)
	at org.openqa.selenium.remote.http.JsonHttpResponseCodec.reconstructValue(JsonHttpResponseCodec.java:40)
	at org.openqa.selenium.remote.http.AbstractHttpResponseCodec.decode(AbstractHttpResponseCodec.java:80)
	at org.openqa.selenium.remote.http.AbstractHttpResponseCodec.decode(AbstractHttpResponseCodec.java:44)
	at org.openqa.selenium.remote.HttpCommandExecutor.execute(HttpCommandExecutor.java:164)
	at org.openqa.selenium.remote.service.DriverCommandExecutor.execute(DriverCommandExecutor.java:83)
	at org.openqa.selenium.remote.RemoteWebDriver.execute(RemoteWebDriver.java:600)
	at com.kms.katalon.selenium.driver.CChromeDriver.execute(CChromeDriver.java:20)
	at org.openqa.selenium.remote.RemoteWebDriver.findElement(RemoteWebDriver.java:370)
	at org.openqa.selenium.remote.RemoteWebDriver.findElementByXPath(RemoteWebDriver.java:472)
	at org.openqa.selenium.By$ByXPath.findElement(By.java:361)
	at org.openqa.selenium.remote.RemoteWebDriver.findElement(RemoteWebDriver.java:362)
	at org.openqa.selenium.WebDriver$findElement.call(Unknown Source)
	at test.MobileKeywords.clickJS_ByXpath(MobileKeywords.groovy:86)
	at test.MobileKeywords.invokeMethod(MobileKeywords.groovy)
	at com.kms.katalon.core.main.CustomKeywordDelegatingMetaClass.invokeStaticMethod(CustomKeywordDelegatingMetaClass.java:49)
	at filter_stm.run(filter_stm:40)
	at com.kms.katalon.core.main.ScriptEngine.run(ScriptEngine.java:194)
	at com.kms.katalon.core.main.ScriptEngine.runScriptAsRawText(ScriptEngine.java:119)
	at com.kms.katalon.core.main.TestCaseExecutor.runScript(TestCaseExecutor.java:328)
	at com.kms.katalon.core.main.TestCaseExecutor.doExecute(TestCaseExecutor.java:319)
	at com.kms.katalon.core.main.TestCaseExecutor.processExecutionPhase(TestCaseExecutor.java:298)
	at com.kms.katalon.core.main.TestCaseExecutor.accessMainPhase(TestCaseExecutor.java:290)
	at com.kms.katalon.core.main.TestCaseExecutor.execute(TestCaseExecutor.java:224)
	at com.kms.katalon.core.main.TestCaseMain.runTestCase(TestCaseMain.java:106)
	at com.kms.katalon.core.keyword.builtin.CallTestCaseKeyword$_callTestCase_closure1.doCall(CallTestCaseKeyword.groovy:59)
	at com.kms.katalon.core.keyword.builtin.CallTestCaseKeyword$_callTestCase_closure1.call(CallTestCaseKeyword.groovy)
	at com.kms.katalon.core.keyword.internal.KeywordMain.runKeyword(KeywordMain.groovy:54)
	at com.kms.katalon.core.keyword.builtin.CallTestCaseKeyword.callTestCase(CallTestCaseKeyword.groovy:80)
	at com.kms.katalon.core.keyword.builtin.CallTestCaseKeyword.execute(CallTestCaseKeyword.groovy:44)
	at com.kms.katalon.core.keyword.internal.KeywordExecutor.executeKeywordForPlatform(KeywordExecutor.groovy:53)
	at com.kms.katalon.core.keyword.BuiltinKeywords.callTestCase(BuiltinKeywords.groovy:334)
	at LifeShield.run(LifeShield:25)
	at com.kms.katalon.core.main.ScriptEngine.run(ScriptEngine.java:194)
	at com.kms.katalon.core.main.ScriptEngine.runScriptAsRawText(ScriptEngine.java:119)
	at com.kms.katalon.core.main.TestCaseExecutor.runScript(TestCaseExecutor.java:328)
	at com.kms.katalon.core.main.TestCaseExecutor.doExecute(TestCaseExecutor.java:319)
	at com.kms.katalon.core.main.TestCaseExecutor.processExecutionPhase(TestCaseExecutor.java:298)
	at com.kms.katalon.core.main.TestCaseExecutor.accessMainPhase(TestCaseExecutor.java:290)
	at com.kms.katalon.core.main.TestCaseExecutor.execute(TestCaseExecutor.java:224)
	at com.kms.katalon.core.main.TestSuiteExecutor.accessTestCaseMainPhase(TestSuiteExecutor.java:129)
	at com.kms.katalon.core.main.TestSuiteExecutor.accessTestSuiteMainPhase(TestSuiteExecutor.java:112)
	at com.kms.katalon.core.main.TestSuiteExecutor.execute(TestSuiteExecutor.java:81)
	at com.kms.katalon.core.main.TestCaseMain.startTestSuite(TestCaseMain.java:149)
	at com.kms.katalon.core.main.TestCaseMain$startTestSuite$0.call(Unknown Source)
	at TempTestSuite1573563624301.run(TempTestSuite1573563624301.groovy:36)


2019-11-12 08:08:55 - [MESSAGE][ERROR] - no such element: Unable to locate element: {"method":"xpath","selector":"//input[@name='filter[carrier]' and @value='lifeshield']/following::label"}
  (Session info: chrome=78.0.3904.70)
  (Driver info: chromedriver=2.43.600210 (68dcf5eebde37173d4027fa8635e332711d2874a),platform=Windows NT 6.3.9600 x86_64) (WARNING: The server did not provide any stacktrace information)
Command duration or timeout: 0 milliseconds
For documentation on this error, please visit: http://seleniumhq.org/exceptions/no_such_element.html
Build info: version: '3.7.1', revision: '8a0099a', time: '2017-11-06T21:07:36.161Z'
System info: host: 'WIN-U215233FMVE', ip: '172.30.0.53', os.name: 'Windows Server 2012 R2', os.arch: 'amd64', os.version: '6.3', java.version: '1.8.0_181'
Driver info: com.kms.katalon.selenium.driver.CChromeDriver
Capabilities {acceptInsecureCerts: false, acceptSslCerts: false, applicationCacheEnabled: false, browserConnectionEnabled: false, browserName: chrome, chrome: {chromedriverVersion: 2.43.600210 (68dcf5eebde371..., userDataDir: C:\Users\ADMINI~1\AppData\L...}, cssSelectorsEnabled: true, databaseEnabled: false, goog:chromeOptions: {debuggerAddress: localhost:62752}, handlesAlerts: true, hasTouchScreen: true, javascriptEnabled: true, locationContextEnabled: true, mobileEmulationEnabled: true, nativeEvents: true, networkConnectionEnabled: false, pageLoadStrategy: normal, platform: XP, platformName: XP, rotatable: false, setWindowRect: true, takesHeapSnapshot: true, takesScreenshot: true, unexpectedAlertBehaviour: , unhandledPromptBehavior: , version: 78.0.3904.70, webStorageEnabled: true}
Session ID: 466da65bca777eb8c9663b416c0de3ba
*** Element info: {Using=xpath, value=//input[@name='filter[carrier]' and @value='lifeshield']/following::label}

2019-11-12 08:08:55 - [MESSAGE][ERROR] - test.MobileKeywords.clickJS_ByXpath(filter_carrier) FAILED.
Reason:
org.openqa.selenium.NoSuchElementException: no such element: Unable to locate element: {"method":"xpath","selector":"//input[@name='filter[carrier]' and @value='lifeshield']/following::label"}
  (Session info: chrome=78.0.3904.70)
  (Driver info: chromedriver=2.43.600210 (68dcf5eebde37173d4027fa8635e332711d2874a),platform=Windows NT 6.3.9600 x86_64) (WARNING: The server did not provide any stacktrace information)
Command duration or timeout: 0 milliseconds
For documentation on this error, please visit: http://seleniumhq.org/exceptions/no_such_element.html
Build info: version: '3.7.1', revision: '8a0099a', time: '2017-11-06T21:07:36.161Z'
System info: host: 'WIN-U215233FMVE', ip: '172.30.0.53', os.name: 'Windows Server 2012 R2', os.arch: 'amd64', os.version: '6.3', java.version: '1.8.0_181'
Driver info: com.kms.katalon.selenium.driver.CChromeDriver
Capabilities {acceptInsecureCerts: false, acceptSslCerts: false, applicationCacheEnabled: false, browserConnectionEnabled: false, browserName: chrome, chrome: {chromedriverVersion: 2.43.600210 (68dcf5eebde371..., userDataDir: C:\Users\ADMINI~1\AppData\L...}, cssSelectorsEnabled: true, databaseEnabled: false, goog:chromeOptions: {debuggerAddress: localhost:62752}, handlesAlerts: true, hasTouchScreen: true, javascriptEnabled: true, locationContextEnabled: true, mobileEmulationEnabled: true, nativeEvents: true, networkConnectionEnabled: false, pageLoadStrategy: normal, platform: XP, platformName: XP, rotatable: false, setWindowRect: true, takesHeapSnapshot: true, takesScreenshot: true, unexpectedAlertBehaviour: , unhandledPromptBehavior: , version: 78.0.3904.70, webStorageEnabled: true}
Session ID: 466da65bca777eb8c9663b416c0de3ba
*** Element info: {Using=xpath, value=//input[@name='filter[carrier]' and @value='lifeshield']/following::label}
	at org.openqa.selenium.remote.ErrorHandler.createThrowable(ErrorHandler.java:214)
	at org.openqa.selenium.remote.ErrorHandler.throwIfResponseFailed(ErrorHandler.java:166)
	at org.openqa.selenium.remote.http.JsonHttpResponseCodec.reconstructValue(JsonHttpResponseCodec.java:40)
	at org.openqa.selenium.remote.http.AbstractHttpResponseCodec.decode(AbstractHttpResponseCodec.java:80)
	at org.openqa.selenium.remote.http.AbstractHttpResponseCodec.decode(AbstractHttpResponseCodec.java:44)
	at org.openqa.selenium.remote.HttpCommandExecutor.execute(HttpCommandExecutor.java:164)
	at org.openqa.selenium.remote.service.DriverCommandExecutor.execute(DriverCommandExecutor.java:83)
	at org.openqa.selenium.remote.RemoteWebDriver.execute(RemoteWebDriver.java:600)
	at com.kms.katalon.selenium.driver.CChromeDriver.execute(CChromeDriver.java:20)
	at org.openqa.selenium.remote.RemoteWebDriver.findElement(RemoteWebDriver.java:370)
	at org.openqa.selenium.remote.RemoteWebDriver.findElementByXPath(RemoteWebDriver.java:472)
	at org.openqa.selenium.By$ByXPath.findElement(By.java:361)
	at org.openqa.selenium.remote.RemoteWebDriver.findElement(RemoteWebDriver.java:362)
	at org.openqa.selenium.WebDriver$findElement.call(Unknown Source)
	at test.MobileKeywords.clickJS_ByXpath(MobileKeywords.groovy:86)
	at test.MobileKeywords.invokeMethod(MobileKeywords.groovy)
	at com.kms.katalon.core.main.CustomKeywordDelegatingMetaClass.invokeStaticMethod(CustomKeywordDelegatingMetaClass.java:49)
	at filter_stm.run(filter_stm:40)
	at com.kms.katalon.core.main.ScriptEngine.run(ScriptEngine.java:194)
	at com.kms.katalon.core.main.ScriptEngine.runScriptAsRawText(ScriptEngine.java:119)
	at com.kms.katalon.core.main.TestCaseExecutor.runScript(TestCaseExecutor.java:328)
	at com.kms.katalon.core.main.TestCaseExecutor.doExecute(TestCaseExecutor.java:319)
	at com.kms.katalon.core.main.TestCaseExecutor.processExecutionPhase(TestCaseExecutor.java:298)
	at com.kms.katalon.core.main.TestCaseExecutor.accessMainPhase(TestCaseExecutor.java:290)
	at com.kms.katalon.core.main.TestCaseExecutor.execute(TestCaseExecutor.java:224)
	at com.kms.katalon.core.main.TestCaseMain.runTestCase(TestCaseMain.java:106)
	at com.kms.katalon.core.keyword.builtin.CallTestCaseKeyword$_callTestCase_closure1.doCall(CallTestCaseKeyword.groovy:59)
	at com.kms.katalon.core.keyword.builtin.CallTestCaseKeyword$_callTestCase_closure1.call(CallTestCaseKeyword.groovy)
	at com.kms.katalon.core.keyword.internal.KeywordMain.runKeyword(KeywordMain.groovy:54)
	at com.kms.katalon.core.keyword.builtin.CallTestCaseKeyword.callTestCase(CallTestCaseKeyword.groovy:80)
	at com.kms.katalon.core.keyword.builtin.CallTestCaseKeyword.execute(CallTestCaseKeyword.groovy:44)
	at com.kms.katalon.core.keyword.internal.KeywordExecutor.executeKeywordForPlatform(KeywordExecutor.groovy:53)
	at com.kms.katalon.core.keyword.BuiltinKeywords.callTestCase(BuiltinKeywords.groovy:334)
	at LifeShield.run(LifeShield:25)
	at com.kms.katalon.core.main.ScriptEngine.run(ScriptEngine.java:194)
	at com.kms.katalon.core.main.ScriptEngine.runScriptAsRawText(ScriptEngine.java:119)
	at com.kms.katalon.core.main.TestCaseExecutor.runScript(TestCaseExecutor.java:328)
	at com.kms.katalon.core.main.TestCaseExecutor.doExecute(TestCaseExecutor.java:319)
	at com.kms.katalon.core.main.TestCaseExecutor.processExecutionPhase(TestCaseExecutor.java:298)
	at com.kms.katalon.core.main.TestCaseExecutor.accessMainPhase(TestCaseExecutor.java:290)
	at com.kms.katalon.core.main.TestCaseExecutor.execute(TestCaseExecutor.java:224)
	at com.kms.katalon.core.main.TestSuiteExecutor.accessTestCaseMainPhase(TestSuiteExecutor.java:129)
	at com.kms.katalon.core.main.TestSuiteExecutor.accessTestSuiteMainPhase(TestSuiteExecutor.java:112)
	at com.kms.katalon.core.main.TestSuiteExecutor.execute(TestSuiteExecutor.java:81)
	at com.kms.katalon.core.main.TestCaseMain.startTestSuite(TestCaseMain.java:149)
	at com.kms.katalon.core.main.TestCaseMain$startTestSuite$0.call(Unknown Source)
	at TempTestSuite1573563624301.run(TempTestSuite1573563624301.groovy:36)


2019-11-12 08:08:55 - [MESSAGE][FAILED] - Unable to call Test Case 'Test Cases/mobileWeb/_include/filter_stm' (Root cause: com.kms.katalon.core.exception.StepErrorException: Call Test Case 'Test Cases/mobileWeb/_include/filter_stm' failed because of error(s))

2019-11-12 08:08:55 - [MESSAGE][ERROR] - callTestCase(findTestCase("mobileWeb/_include/filter_stm"), ["carrier":"lifeshield"], STOP_ON_FAILURE) FAILED.
Reason:
org.openqa.selenium.NoSuchElementException: no such element: Unable to locate element: {"method":"xpath","selector":"//input[@name='filter[carrier]' and @value='lifeshield']/following::label"}
  (Session info: chrome=78.0.3904.70)
  (Driver info: chromedriver=2.43.600210 (68dcf5eebde37173d4027fa8635e332711d2874a),platform=Windows NT 6.3.9600 x86_64) (WARNING: The server did not provide any stacktrace information)
Command duration or timeout: 0 milliseconds
For documentation on this error, please visit: http://seleniumhq.org/exceptions/no_such_element.html
Build info: version: '3.7.1', revision: '8a0099a', time: '2017-11-06T21:07:36.161Z'
System info: host: 'WIN-U215233FMVE', ip: '172.30.0.53', os.name: 'Windows Server 2012 R2', os.arch: 'amd64', os.version: '6.3', java.version: '1.8.0_181'
Driver info: com.kms.katalon.selenium.driver.CChromeDriver
Capabilities {acceptInsecureCerts: false, acceptSslCerts: false, applicationCacheEnabled: false, browserConnectionEnabled: false, browserName: chrome, chrome: {chromedriverVersion: 2.43.600210 (68dcf5eebde371..., userDataDir: C:\Users\ADMINI~1\AppData\L...}, cssSelectorsEnabled: true, databaseEnabled: false, goog:chromeOptions: {debuggerAddress: localhost:62752}, handlesAlerts: true, hasTouchScreen: true, javascriptEnabled: true, locationContextEnabled: true, mobileEmulationEnabled: true, nativeEvents: true, networkConnectionEnabled: false, pageLoadStrategy: normal, platform: XP, platformName: XP, rotatable: false, setWindowRect: true, takesHeapSnapshot: true, takesScreenshot: true, unexpectedAlertBehaviour: , unhandledPromptBehavior: , version: 78.0.3904.70, webStorageEnabled: true}
Session ID: 466da65bca777eb8c9663b416c0de3ba
*** Element info: {Using=xpath, value=//input[@name='filter[carrier]' and @value='lifeshield']/following::label}
	at org.openqa.selenium.remote.ErrorHandler.createThrowable(ErrorHandler.java:214)
	at org.openqa.selenium.remote.ErrorHandler.throwIfResponseFailed(ErrorHandler.java:166)
	at org.openqa.selenium.remote.http.JsonHttpResponseCodec.reconstructValue(JsonHttpResponseCodec.java:40)
	at org.openqa.selenium.remote.http.AbstractHttpResponseCodec.decode(AbstractHttpResponseCodec.java:80)
	at org.openqa.selenium.remote.http.AbstractHttpResponseCodec.decode(AbstractHttpResponseCodec.java:44)
	at org.openqa.selenium.remote.HttpCommandExecutor.execute(HttpCommandExecutor.java:164)
	at org.openqa.selenium.remote.service.DriverCommandExecutor.execute(DriverCommandExecutor.java:83)
	at org.openqa.selenium.remote.RemoteWebDriver.execute(RemoteWebDriver.java:600)
	at com.kms.katalon.selenium.driver.CChromeDriver.execute(CChromeDriver.java:20)
	at org.openqa.selenium.remote.RemoteWebDriver.findElement(RemoteWebDriver.java:370)
	at org.openqa.selenium.remote.RemoteWebDriver.findElementByXPath(RemoteWebDriver.java:472)
	at org.openqa.selenium.By$ByXPath.findElement(By.java:361)
	at org.openqa.selenium.remote.RemoteWebDriver.findElement(RemoteWebDriver.java:362)
	at org.openqa.selenium.WebDriver$findElement.call(Unknown Source)
	at test.MobileKeywords.clickJS_ByXpath(MobileKeywords.groovy:86)
	at test.MobileKeywords.invokeMethod(MobileKeywords.groovy)
	at com.kms.katalon.core.main.CustomKeywordDelegatingMetaClass.invokeStaticMethod(CustomKeywordDelegatingMetaClass.java:49)
	at filter_stm.run(filter_stm:40)
	at com.kms.katalon.core.main.ScriptEngine.run(ScriptEngine.java:194)
	at com.kms.katalon.core.main.ScriptEngine.runScriptAsRawText(ScriptEngine.java:119)
	at com.kms.katalon.core.main.TestCaseExecutor.runScript(TestCaseExecutor.java:328)
	at com.kms.katalon.core.main.TestCaseExecutor.doExecute(TestCaseExecutor.java:319)
	at com.kms.katalon.core.main.TestCaseExecutor.processExecutionPhase(TestCaseExecutor.java:298)
	at com.kms.katalon.core.main.TestCaseExecutor.accessMainPhase(TestCaseExecutor.java:290)
	at com.kms.katalon.core.main.TestCaseExecutor.execute(TestCaseExecutor.java:224)
	at com.kms.katalon.core.main.TestCaseMain.runTestCase(TestCaseMain.java:106)
	at com.kms.katalon.core.keyword.builtin.CallTestCaseKeyword$_callTestCase_closure1.doCall(CallTestCaseKeyword.groovy:59)
	at com.kms.katalon.core.keyword.builtin.CallTestCaseKeyword$_callTestCase_closure1.call(CallTestCaseKeyword.groovy)
	at com.kms.katalon.core.keyword.internal.KeywordMain.runKeyword(KeywordMain.groovy:54)
	at com.kms.katalon.core.keyword.builtin.CallTestCaseKeyword.callTestCase(CallTestCaseKeyword.groovy:80)
	at com.kms.katalon.core.keyword.builtin.CallTestCaseKeyword.execute(CallTestCaseKeyword.groovy:44)
	at com.kms.katalon.core.keyword.internal.KeywordExecutor.executeKeywordForPlatform(KeywordExecutor.groovy:53)
	at com.kms.katalon.core.keyword.BuiltinKeywords.callTestCase(BuiltinKeywords.groovy:334)
	at LifeShield.run(LifeShield:25)
	at com.kms.katalon.core.main.ScriptEngine.run(ScriptEngine.java:194)
	at com.kms.katalon.core.main.ScriptEngine.runScriptAsRawText(ScriptEngine.java:119)
	at com.kms.katalon.core.main.TestCaseExecutor.runScript(TestCaseExecutor.java:328)
	at com.kms.katalon.core.main.TestCaseExecutor.doExecute(TestCaseExecutor.java:319)
	at com.kms.katalon.core.main.TestCaseExecutor.processExecutionPhase(TestCaseExecutor.java:298)
	at com.kms.katalon.core.main.TestCaseExecutor.accessMainPhase(TestCaseExecutor.java:290)
	at com.kms.katalon.core.main.TestCaseExecutor.execute(TestCaseExecutor.java:224)
	at com.kms.katalon.core.main.TestSuiteExecutor.accessTestCaseMainPhase(TestSuiteExecutor.java:129)
	at com.kms.katalon.core.main.TestSuiteExecutor.accessTestSuiteMainPhase(TestSuiteExecutor.java:112)
	at com.kms.katalon.core.main.TestSuiteExecutor.execute(TestSuiteExecutor.java:81)
	at com.kms.katalon.core.main.TestCaseMain.startTestSuite(TestCaseMain.java:149)
	at com.kms.katalon.core.main.TestCaseMain$startTestSuite$0.call(Unknown Source)
	at TempTestSuite1573563624301.run(TempTestSuite1573563624301.groovy:36)]]></system-out>
         <system-err><![CDATA[2019-11-12 08:08:39 - [TEST_CASE][ERROR] - Test Cases/mobileWeb/stm/LifeShield: Test Cases/mobileWeb/stm/LifeShield FAILED.
Reason:
org.openqa.selenium.NoSuchElementException: no such element: Unable to locate element: {"method":"xpath","selector":"//input[@name='filter[carrier]' and @value='lifeshield']/following::label"}
  (Session info: chrome=78.0.3904.70)
  (Driver info: chromedriver=2.43.600210 (68dcf5eebde37173d4027fa8635e332711d2874a),platform=Windows NT 6.3.9600 x86_64) (WARNING: The server did not provide any stacktrace information)
Command duration or timeout: 0 milliseconds
For documentation on this error, please visit: http://seleniumhq.org/exceptions/no_such_element.html
Build info: version: '3.7.1', revision: '8a0099a', time: '2017-11-06T21:07:36.161Z'
System info: host: 'WIN-U215233FMVE', ip: '172.30.0.53', os.name: 'Windows Server 2012 R2', os.arch: 'amd64', os.version: '6.3', java.version: '1.8.0_181'
Driver info: com.kms.katalon.selenium.driver.CChromeDriver
Capabilities {acceptInsecureCerts: false, acceptSslCerts: false, applicationCacheEnabled: false, browserConnectionEnabled: false, browserName: chrome, chrome: {chromedriverVersion: 2.43.600210 (68dcf5eebde371..., userDataDir: C:\Users\ADMINI~1\AppData\L...}, cssSelectorsEnabled: true, databaseEnabled: false, goog:chromeOptions: {debuggerAddress: localhost:62752}, handlesAlerts: true, hasTouchScreen: true, javascriptEnabled: true, locationContextEnabled: true, mobileEmulationEnabled: true, nativeEvents: true, networkConnectionEnabled: false, pageLoadStrategy: normal, platform: XP, platformName: XP, rotatable: false, setWindowRect: true, takesHeapSnapshot: true, takesScreenshot: true, unexpectedAlertBehaviour: , unhandledPromptBehavior: , version: 78.0.3904.70, webStorageEnabled: true}
Session ID: 466da65bca777eb8c9663b416c0de3ba
*** Element info: {Using=xpath, value=//input[@name='filter[carrier]' and @value='lifeshield']/following::label}
	at org.openqa.selenium.remote.ErrorHandler.createThrowable(ErrorHandler.java:214)
	at org.openqa.selenium.remote.ErrorHandler.throwIfResponseFailed(ErrorHandler.java:166)
	at org.openqa.selenium.remote.http.JsonHttpResponseCodec.reconstructValue(JsonHttpResponseCodec.java:40)
	at org.openqa.selenium.remote.http.AbstractHttpResponseCodec.decode(AbstractHttpResponseCodec.java:80)
	at org.openqa.selenium.remote.http.AbstractHttpResponseCodec.decode(AbstractHttpResponseCodec.java:44)
	at org.openqa.selenium.remote.HttpCommandExecutor.execute(HttpCommandExecutor.java:164)
	at org.openqa.selenium.remote.service.DriverCommandExecutor.execute(DriverCommandExecutor.java:83)
	at org.openqa.selenium.remote.RemoteWebDriver.execute(RemoteWebDriver.java:600)
	at com.kms.katalon.selenium.driver.CChromeDriver.execute(CChromeDriver.java:20)
	at org.openqa.selenium.remote.RemoteWebDriver.findElement(RemoteWebDriver.java:370)
	at org.openqa.selenium.remote.RemoteWebDriver.findElementByXPath(RemoteWebDriver.java:472)
	at org.openqa.selenium.By$ByXPath.findElement(By.java:361)
	at org.openqa.selenium.remote.RemoteWebDriver.findElement(RemoteWebDriver.java:362)
	at org.openqa.selenium.WebDriver$findElement.call(Unknown Source)
	at test.MobileKeywords.clickJS_ByXpath(MobileKeywords.groovy:86)
	at test.MobileKeywords.invokeMethod(MobileKeywords.groovy)
	at com.kms.katalon.core.main.CustomKeywordDelegatingMetaClass.invokeStaticMethod(CustomKeywordDelegatingMetaClass.java:49)
	at filter_stm.run(filter_stm:40)
	at com.kms.katalon.core.main.ScriptEngine.run(ScriptEngine.java:194)
	at com.kms.katalon.core.main.ScriptEngine.runScriptAsRawText(ScriptEngine.java:119)
	at com.kms.katalon.core.main.TestCaseExecutor.runScript(TestCaseExecutor.java:328)
	at com.kms.katalon.core.main.TestCaseExecutor.doExecute(TestCaseExecutor.java:319)
	at com.kms.katalon.core.main.TestCaseExecutor.processExecutionPhase(TestCaseExecutor.java:298)
	at com.kms.katalon.core.main.TestCaseExecutor.accessMainPhase(TestCaseExecutor.java:290)
	at com.kms.katalon.core.main.TestCaseExecutor.execute(TestCaseExecutor.java:224)
	at com.kms.katalon.core.main.TestCaseMain.runTestCase(TestCaseMain.java:106)
	at com.kms.katalon.core.keyword.builtin.CallTestCaseKeyword$_callTestCase_closure1.doCall(CallTestCaseKeyword.groovy:59)
	at com.kms.katalon.core.keyword.builtin.CallTestCaseKeyword$_callTestCase_closure1.call(CallTestCaseKeyword.groovy)
	at com.kms.katalon.core.keyword.internal.KeywordMain.runKeyword(KeywordMain.groovy:54)
	at com.kms.katalon.core.keyword.builtin.CallTestCaseKeyword.callTestCase(CallTestCaseKeyword.groovy:80)
	at com.kms.katalon.core.keyword.builtin.CallTestCaseKeyword.execute(CallTestCaseKeyword.groovy:44)
	at com.kms.katalon.core.keyword.internal.KeywordExecutor.executeKeywordForPlatform(KeywordExecutor.groovy:53)
	at com.kms.katalon.core.keyword.BuiltinKeywords.callTestCase(BuiltinKeywords.groovy:334)
	at LifeShield.run(LifeShield:25)
	at com.kms.katalon.core.main.ScriptEngine.run(ScriptEngine.java:194)
	at com.kms.katalon.core.main.ScriptEngine.runScriptAsRawText(ScriptEngine.java:119)
	at com.kms.katalon.core.main.TestCaseExecutor.runScript(TestCaseExecutor.java:328)
	at com.kms.katalon.core.main.TestCaseExecutor.doExecute(TestCaseExecutor.java:319)
	at com.kms.katalon.core.main.TestCaseExecutor.processExecutionPhase(TestCaseExecutor.java:298)
	at com.kms.katalon.core.main.TestCaseExecutor.accessMainPhase(TestCaseExecutor.java:290)
	at com.kms.katalon.core.main.TestCaseExecutor.execute(TestCaseExecutor.java:224)
	at com.kms.katalon.core.main.TestSuiteExecutor.accessTestCaseMainPhase(TestSuiteExecutor.java:129)
	at com.kms.katalon.core.main.TestSuiteExecutor.accessTestSuiteMainPhase(TestSuiteExecutor.java:112)
	at com.kms.katalon.core.main.TestSuiteExecutor.execute(TestSuiteExecutor.java:81)
	at com.kms.katalon.core.main.TestCaseMain.startTestSuite(TestCaseMain.java:149)
	at com.kms.katalon.core.main.TestCaseMain$startTestSuite$0.call(Unknown Source)
	at TempTestSuite1573563624301.run(TempTestSuite1573563624301.groovy:36)]]></system-err>
      </testcase>
      <testcase name="Test Cases/mobileWeb/stm/NationalGeneral" classname="Test Cases/mobileWeb/stm/NationalGeneral" status="FAILED">
         <failure type="FAILED" message="Test Cases/mobileWeb/stm/NationalGeneral FAILED.
Reason:
com.kms.katalon.core.exception.StepFailedException: Unable to click on object 'Object Repository/mobileSanity/STM/STM Quote Page/a_Show Plans' (Root cause: org.openqa.selenium.WebDriverException: unknown error: Element &lt;a href=&quot;#&quot; class=&quot;js-show-plans c-filter-modal-v3__show-plans&quot; type=&quot;button&quot;>...&lt;/a> is not clickable at point (187, 629). Other element would receive the click: &lt;iframe src=&quot;https://secure.livechatinc.com/licence/11465608/v2/open_chat.cgi?license=11465608&amp;amp;group=0&amp;amp;embedded=1&amp;amp;widget_version=3&amp;amp;unique_groups=0&quot; allowtransparency=&quot;true&quot; allow=&quot;autoplay&quot; id=&quot;chat-widget&quot; name=&quot;chat-widget&quot; scrolling=&quot;no&quot; role=&quot;application&quot; aria-label=&quot;LiveChat chat widget&quot; style=&quot;width: 100%; height: 100%; min-height: 0px; min-width: 0px; margin: 0px; padding: 0px; background-image: none; background-position: 0% 0%; background-size: initial; background-attachment: scroll; background-origin: initial; background-clip: initial; background-color: rgba(0, 0, 0, 0); border-width: 0px; float: none; position: absolute; top: 0px; left: 0px; bottom: 0px; right: 0px; transition: none 0s ease 0s !important;&quot;>&lt;/iframe>
  (Session info: chrome=78.0.3904.70)
  (Driver info: chromedriver=2.43.600210 (68dcf5eebde37173d4027fa8635e332711d2874a),platform=Windows NT 6.3.9600 x86_64) (WARNING: The server did not provide any stacktrace information)
Command duration or timeout: 0 milliseconds
Build info: version: '3.7.1', revision: '8a0099a', time: '2017-11-06T21:07:36.161Z'
System info: host: 'WIN-U215233FMVE', ip: '172.30.0.53', os.name: 'Windows Server 2012 R2', os.arch: 'amd64', os.version: '6.3', java.version: '1.8.0_181'
Driver info: com.kms.katalon.selenium.driver.CChromeDriver
Capabilities {acceptInsecureCerts: false, acceptSslCerts: false, applicationCacheEnabled: false, browserConnectionEnabled: false, browserName: chrome, chrome: {chromedriverVersion: 2.43.600210 (68dcf5eebde371..., userDataDir: C:\Users\ADMINI~1\AppData\L...}, cssSelectorsEnabled: true, databaseEnabled: false, goog:chromeOptions: {debuggerAddress: localhost:62870}, handlesAlerts: true, hasTouchScreen: true, javascriptEnabled: true, locationContextEnabled: true, mobileEmulationEnabled: true, nativeEvents: true, networkConnectionEnabled: false, pageLoadStrategy: normal, platform: XP, platformName: XP, rotatable: false, setWindowRect: true, takesHeapSnapshot: true, takesScreenshot: true, unexpectedAlertBehaviour: , unhandledPromptBehavior: , version: 78.0.3904.70, webStorageEnabled: true}
Session ID: e8b0e7af9b5a088bb5ce01ced18ca153)
	at com.kms.katalon.core.keyword.internal.KeywordMain.stepFailed(KeywordMain.groovy:32)
	at com.kms.katalon.core.webui.keyword.internal.WebUIKeywordMain.stepFailed(WebUIKeywordMain.groovy:65)
	at com.kms.katalon.core.webui.keyword.internal.WebUIKeywordMain.runKeyword(WebUIKeywordMain.groovy:27)
	at com.kms.katalon.core.webui.keyword.builtin.ClickKeyword.click(ClickKeyword.groovy:86)
	at com.kms.katalon.core.webui.keyword.builtin.ClickKeyword.execute(ClickKeyword.groovy:67)
	at com.kms.katalon.core.keyword.internal.KeywordExecutor.executeKeywordForPlatform(KeywordExecutor.groovy:53)
	at com.kms.katalon.core.webui.keyword.WebUiBuiltInKeywords.click(WebUiBuiltInKeywords.groovy:616)
	at com.kms.katalon.core.webui.keyword.WebUiBuiltInKeywords$click$3.call(Unknown Source)
	at filter_stm.run(filter_stm:46)
	at com.kms.katalon.core.main.ScriptEngine.run(ScriptEngine.java:194)
	at com.kms.katalon.core.main.ScriptEngine.runScriptAsRawText(ScriptEngine.java:119)
	at com.kms.katalon.core.main.TestCaseExecutor.runScript(TestCaseExecutor.java:328)
	at com.kms.katalon.core.main.TestCaseExecutor.doExecute(TestCaseExecutor.java:319)
	at com.kms.katalon.core.main.TestCaseExecutor.processExecutionPhase(TestCaseExecutor.java:298)
	at com.kms.katalon.core.main.TestCaseExecutor.accessMainPhase(TestCaseExecutor.java:290)
	at com.kms.katalon.core.main.TestCaseExecutor.execute(TestCaseExecutor.java:224)
	at com.kms.katalon.core.main.TestCaseMain.runTestCase(TestCaseMain.java:106)
	at com.kms.katalon.core.keyword.builtin.CallTestCaseKeyword$_callTestCase_closure1.doCall(CallTestCaseKeyword.groovy:59)
	at com.kms.katalon.core.keyword.builtin.CallTestCaseKeyword$_callTestCase_closure1.call(CallTestCaseKeyword.groovy)
	at com.kms.katalon.core.keyword.internal.KeywordMain.runKeyword(KeywordMain.groovy:54)
	at com.kms.katalon.core.keyword.builtin.CallTestCaseKeyword.callTestCase(CallTestCaseKeyword.groovy:80)
	at com.kms.katalon.core.keyword.builtin.CallTestCaseKeyword.execute(CallTestCaseKeyword.groovy:44)
	at com.kms.katalon.core.keyword.internal.KeywordExecutor.executeKeywordForPlatform(KeywordExecutor.groovy:53)
	at com.kms.katalon.core.keyword.BuiltinKeywords.callTestCase(BuiltinKeywords.groovy:334)
	at NationalGeneral.run(NationalGeneral:25)
	at com.kms.katalon.core.main.ScriptEngine.run(ScriptEngine.java:194)
	at com.kms.katalon.core.main.ScriptEngine.runScriptAsRawText(ScriptEngine.java:119)
	at com.kms.katalon.core.main.TestCaseExecutor.runScript(TestCaseExecutor.java:328)
	at com.kms.katalon.core.main.TestCaseExecutor.doExecute(TestCaseExecutor.java:319)
	at com.kms.katalon.core.main.TestCaseExecutor.processExecutionPhase(TestCaseExecutor.java:298)
	at com.kms.katalon.core.main.TestCaseExecutor.accessMainPhase(TestCaseExecutor.java:290)
	at com.kms.katalon.core.main.TestCaseExecutor.execute(TestCaseExecutor.java:224)
	at com.kms.katalon.core.main.TestSuiteExecutor.accessTestCaseMainPhase(TestSuiteExecutor.java:129)
	at com.kms.katalon.core.main.TestSuiteExecutor.accessTestSuiteMainPhase(TestSuiteExecutor.java:112)
	at com.kms.katalon.core.main.TestSuiteExecutor.execute(TestSuiteExecutor.java:81)
	at com.kms.katalon.core.main.TestCaseMain.startTestSuite(TestCaseMain.java:149)
	at com.kms.katalon.core.main.TestCaseMain$startTestSuite$0.call(Unknown Source)
	at TempTestSuite1573563624301.run(TempTestSuite1573563624301.groovy:36)
"/>
         <system-out><![CDATA[2019-11-12 08:08:55 - [TEST_CASE][FAILED] - Test Cases/mobileWeb/stm/NationalGeneral: Test Cases/mobileWeb/stm/NationalGeneral FAILED.
Reason:
com.kms.katalon.core.exception.StepFailedException: Unable to click on object 'Object Repository/mobileSanity/STM/STM Quote Page/a_Show Plans' (Root cause: org.openqa.selenium.WebDriverException: unknown error: Element <a href="#" class="js-show-plans c-filter-modal-v3__show-plans" type="button">...</a> is not clickable at point (187, 629). Other element would receive the click: <iframe src="https://secure.livechatinc.com/licence/11465608/v2/open_chat.cgi?license=11465608&amp;group=0&amp;embedded=1&amp;widget_version=3&amp;unique_groups=0" allowtransparency="true" allow="autoplay" id="chat-widget" name="chat-widget" scrolling="no" role="application" aria-label="LiveChat chat widget" style="width: 100%; height: 100%; min-height: 0px; min-width: 0px; margin: 0px; padding: 0px; background-image: none; background-position: 0% 0%; background-size: initial; background-attachment: scroll; background-origin: initial; background-clip: initial; background-color: rgba(0, 0, 0, 0); border-width: 0px; float: none; position: absolute; top: 0px; left: 0px; bottom: 0px; right: 0px; transition: none 0s ease 0s !important;"></iframe>
  (Session info: chrome=78.0.3904.70)
  (Driver info: chromedriver=2.43.600210 (68dcf5eebde37173d4027fa8635e332711d2874a),platform=Windows NT 6.3.9600 x86_64) (WARNING: The server did not provide any stacktrace information)
Command duration or timeout: 0 milliseconds
Build info: version: '3.7.1', revision: '8a0099a', time: '2017-11-06T21:07:36.161Z'
System info: host: 'WIN-U215233FMVE', ip: '172.30.0.53', os.name: 'Windows Server 2012 R2', os.arch: 'amd64', os.version: '6.3', java.version: '1.8.0_181'
Driver info: com.kms.katalon.selenium.driver.CChromeDriver
Capabilities {acceptInsecureCerts: false, acceptSslCerts: false, applicationCacheEnabled: false, browserConnectionEnabled: false, browserName: chrome, chrome: {chromedriverVersion: 2.43.600210 (68dcf5eebde371..., userDataDir: C:\Users\ADMINI~1\AppData\L...}, cssSelectorsEnabled: true, databaseEnabled: false, goog:chromeOptions: {debuggerAddress: localhost:62870}, handlesAlerts: true, hasTouchScreen: true, javascriptEnabled: true, locationContextEnabled: true, mobileEmulationEnabled: true, nativeEvents: true, networkConnectionEnabled: false, pageLoadStrategy: normal, platform: XP, platformName: XP, rotatable: false, setWindowRect: true, takesHeapSnapshot: true, takesScreenshot: true, unexpectedAlertBehaviour: , unhandledPromptBehavior: , version: 78.0.3904.70, webStorageEnabled: true}
Session ID: e8b0e7af9b5a088bb5ce01ced18ca153)
	at com.kms.katalon.core.keyword.internal.KeywordMain.stepFailed(KeywordMain.groovy:32)
	at com.kms.katalon.core.webui.keyword.internal.WebUIKeywordMain.stepFailed(WebUIKeywordMain.groovy:65)
	at com.kms.katalon.core.webui.keyword.internal.WebUIKeywordMain.runKeyword(WebUIKeywordMain.groovy:27)
	at com.kms.katalon.core.webui.keyword.builtin.ClickKeyword.click(ClickKeyword.groovy:86)
	at com.kms.katalon.core.webui.keyword.builtin.ClickKeyword.execute(ClickKeyword.groovy:67)
	at com.kms.katalon.core.keyword.internal.KeywordExecutor.executeKeywordForPlatform(KeywordExecutor.groovy:53)
	at com.kms.katalon.core.webui.keyword.WebUiBuiltInKeywords.click(WebUiBuiltInKeywords.groovy:616)
	at com.kms.katalon.core.webui.keyword.WebUiBuiltInKeywords$click$3.call(Unknown Source)
	at filter_stm.run(filter_stm:46)
	at com.kms.katalon.core.main.ScriptEngine.run(ScriptEngine.java:194)
	at com.kms.katalon.core.main.ScriptEngine.runScriptAsRawText(ScriptEngine.java:119)
	at com.kms.katalon.core.main.TestCaseExecutor.runScript(TestCaseExecutor.java:328)
	at com.kms.katalon.core.main.TestCaseExecutor.doExecute(TestCaseExecutor.java:319)
	at com.kms.katalon.core.main.TestCaseExecutor.processExecutionPhase(TestCaseExecutor.java:298)
	at com.kms.katalon.core.main.TestCaseExecutor.accessMainPhase(TestCaseExecutor.java:290)
	at com.kms.katalon.core.main.TestCaseExecutor.execute(TestCaseExecutor.java:224)
	at com.kms.katalon.core.main.TestCaseMain.runTestCase(TestCaseMain.java:106)
	at com.kms.katalon.core.keyword.builtin.CallTestCaseKeyword$_callTestCase_closure1.doCall(CallTestCaseKeyword.groovy:59)
	at com.kms.katalon.core.keyword.builtin.CallTestCaseKeyword$_callTestCase_closure1.call(CallTestCaseKeyword.groovy)
	at com.kms.katalon.core.keyword.internal.KeywordMain.runKeyword(KeywordMain.groovy:54)
	at com.kms.katalon.core.keyword.builtin.CallTestCaseKeyword.callTestCase(CallTestCaseKeyword.groovy:80)
	at com.kms.katalon.core.keyword.builtin.CallTestCaseKeyword.execute(CallTestCaseKeyword.groovy:44)
	at com.kms.katalon.core.keyword.internal.KeywordExecutor.executeKeywordForPlatform(KeywordExecutor.groovy:53)
	at com.kms.katalon.core.keyword.BuiltinKeywords.callTestCase(BuiltinKeywords.groovy:334)
	at NationalGeneral.run(NationalGeneral:25)
	at com.kms.katalon.core.main.ScriptEngine.run(ScriptEngine.java:194)
	at com.kms.katalon.core.main.ScriptEngine.runScriptAsRawText(ScriptEngine.java:119)
	at com.kms.katalon.core.main.TestCaseExecutor.runScript(TestCaseExecutor.java:328)
	at com.kms.katalon.core.main.TestCaseExecutor.doExecute(TestCaseExecutor.java:319)
	at com.kms.katalon.core.main.TestCaseExecutor.processExecutionPhase(TestCaseExecutor.java:298)
	at com.kms.katalon.core.main.TestCaseExecutor.accessMainPhase(TestCaseExecutor.java:290)
	at com.kms.katalon.core.main.TestCaseExecutor.execute(TestCaseExecutor.java:224)
	at com.kms.katalon.core.main.TestSuiteExecutor.accessTestCaseMainPhase(TestSuiteExecutor.java:129)
	at com.kms.katalon.core.main.TestSuiteExecutor.accessTestSuiteMainPhase(TestSuiteExecutor.java:112)
	at com.kms.katalon.core.main.TestSuiteExecutor.execute(TestSuiteExecutor.java:81)
	at com.kms.katalon.core.main.TestCaseMain.startTestSuite(TestCaseMain.java:149)
	at com.kms.katalon.core.main.TestCaseMain$startTestSuite$0.call(Unknown Source)
	at TempTestSuite1573563624301.run(TempTestSuite1573563624301.groovy:36)


2019-11-12 08:08:55 - [TEST_STEP][PASSED] - callTestCase(findTestCase("mobileWeb/_include/get_screenPath"), ["productLine":"stm", "carrierName":"National General"], CONTINUE_ON_FAILURE): Call Test Case 'Test Cases/mobileWeb/_include/get_screenPath' successfully

2019-11-12 08:08:55 - [TEST_CASE][PASSED] - Test Cases/mobileWeb/_include/get_screenPath: Test Cases/mobileWeb/_include/get_screenPath

2019-11-12 08:08:55 - [TEST_STEP][PASSED] - m = getExecutionProperties(): null

2019-11-12 08:08:55 - [TEST_STEP][PASSED] - deviceName = get("mobileEmulation").get("deviceName"): null

2019-11-12 08:08:55 - [TEST_STEP][PASSED] - println(deviceName): null

2019-11-12 08:08:55 - [TEST_STEP][PASSED] - now = new java.util.Date(): null

2019-11-12 08:08:55 - [TEST_STEP][PASSED] - mydate = now.format("yyyyMMdd_HHmmss"): null

2019-11-12 08:08:55 - [TEST_STEP][PASSED] - screenPath = "../Screenshots/": null

2019-11-12 08:08:55 - [TEST_STEP][PASSED] - screenPath = screenPath + deviceName + "/" + productLine + "/" + carrierName + "/" + mydate + "/": null

2019-11-12 08:08:55 - [TEST_STEP][PASSED] - println(screenPath): null

2019-11-12 08:08:55 - [MESSAGE][PASSED] - Call Test Case 'Test Cases/mobileWeb/_include/get_screenPath' successfully

2019-11-12 08:08:55 - [TEST_STEP][PASSED] - i = 0: null

2019-11-12 08:08:55 - [TEST_STEP][PASSED] - callTestCase(findTestCase("mobileWeb/_include/openWebSite"), [:], CONTINUE_ON_FAILURE): Call Test Case 'Test Cases/mobileWeb/_include/openWebSite' successfully

2019-11-12 08:08:55 - [TEST_CASE][PASSED] - Test Cases/mobileWeb/_include/openWebSite: Test Cases/mobileWeb/_include/openWebSite

2019-11-12 08:08:55 - [TEST_STEP][PASSED] - openBrowser(env): Browser is opened with url: 'https://praetemptatus.agilehealthinsurance.com'

2019-11-12 08:08:55 - [MESSAGE][WARNING] - A browser is already opened. Closing browser and opening a new one

2019-11-12 08:08:56 - [MESSAGE][INFO] - Starting 'Chrome' driver

2019-11-12 08:08:56 - [MESSAGE][INFO] - User set preference: ['mobileEmulation', '{deviceName=iPhone 6}']

2019-11-12 08:08:56 - [MESSAGE][INFO] - User set preference: ['args', '[--incognito, --aggressive-cache-discard, --window-size=375,677, --no-sandbox]']

2019-11-12 08:08:58 - [MESSAGE][PASSED] - Browser is opened with url: 'https://praetemptatus.agilehealthinsurance.com'

2019-11-12 08:08:58 - [TEST_STEP][PASSED] - waitForPageLoad(20): Wait for page load successfully

2019-11-12 08:08:58 - [MESSAGE][PASSED] - Wait for page load successfully

2019-11-12 08:08:58 - [TEST_STEP][PASSED] - callTestCase(findTestCase("mobileWeb/_include/get_screenshot"), [:], STOP_ON_FAILURE): Call Test Case 'Test Cases/mobileWeb/_include/get_screenshot' successfully

2019-11-12 08:08:58 - [TEST_CASE][PASSED] - Test Cases/mobileWeb/_include/get_screenshot: Test Cases/mobileWeb/_include/get_screenshot

2019-11-12 08:08:58 - [TEST_STEP][PASSED] - takeScreenshot(screenPath + i + ".png"): Taking screenshot successfully

2019-11-12 08:08:59 - [MESSAGE][PASSED] - Taking screenshot successfully
[[ATTACHMENT|D:\\Test\\AgileTest\\Reports\\mobileWeb\\stm\\20191112_080024\\../Screenshots/iPhone 6/stm/National General/20191112_080855/0.png]]

2019-11-12 08:08:59 - [TEST_STEP][PASSED] - (internal.GlobalVariable.i++): null

2019-11-12 08:08:59 - [MESSAGE][PASSED] - Call Test Case 'Test Cases/mobileWeb/_include/get_screenshot' successfully

2019-11-12 08:08:59 - [MESSAGE][PASSED] - Call Test Case 'Test Cases/mobileWeb/_include/openWebSite' successfully

2019-11-12 08:08:59 - [TEST_STEP][PASSED] - callTestCase(findTestCase("mobileWeb/_include/census_stm"), [:], CONTINUE_ON_FAILURE): Call Test Case 'Test Cases/mobileWeb/_include/census_stm' successfully

2019-11-12 08:08:59 - [TEST_CASE][PASSED] - Test Cases/mobileWeb/_include/census_stm: Test Cases/mobileWeb/_include/census_stm

2019-11-12 08:08:59 - [TEST_STEP][PASSED] - waitForElementClickable(findTestObject("mobileSanity/STM/Home Page/a_Quote  Save Today"), 10): Object 'Object Repository/mobileSanity/STM/Home Page/a_Quote  Save Today' is clickable

2019-11-12 08:08:59 - [MESSAGE][PASSED] - Object 'Object Repository/mobileSanity/STM/Home Page/a_Quote  Save Today' is clickable

2019-11-12 08:08:59 - [TEST_STEP][PASSED] - click(findTestObject("mobileSanity/STM/Home Page/a_Quote  Save Today")): Object: 'Object Repository/mobileSanity/STM/Home Page/a_Quote  Save Today' is clicked on

2019-11-12 08:09:00 - [MESSAGE][PASSED] - Object: 'Object Repository/mobileSanity/STM/Home Page/a_Quote  Save Today' is clicked on

2019-11-12 08:09:00 - [TEST_STEP][PASSED] - waitForPageLoad(10): Wait for page load successfully

2019-11-12 08:09:00 - [MESSAGE][PASSED] - Wait for page load successfully

2019-11-12 08:09:00 - [TEST_STEP][PASSED] - callTestCase(findTestCase("mobileWeb/_include/get_screenshot"), [:], STOP_ON_FAILURE): Call Test Case 'Test Cases/mobileWeb/_include/get_screenshot' successfully

2019-11-12 08:09:00 - [TEST_CASE][PASSED] - Test Cases/mobileWeb/_include/get_screenshot: Test Cases/mobileWeb/_include/get_screenshot

2019-11-12 08:09:00 - [TEST_STEP][PASSED] - takeScreenshot(screenPath + i + ".png"): Taking screenshot successfully

2019-11-12 08:09:01 - [MESSAGE][PASSED] - Taking screenshot successfully
[[ATTACHMENT|D:\\Test\\AgileTest\\Reports\\mobileWeb\\stm\\20191112_080024\\../Screenshots/iPhone 6/stm/National General/20191112_080855/1.png]]

2019-11-12 08:09:01 - [TEST_STEP][PASSED] - (internal.GlobalVariable.i++): null

2019-11-12 08:09:01 - [MESSAGE][PASSED] - Call Test Case 'Test Cases/mobileWeb/_include/get_screenshot' successfully

2019-11-12 08:09:01 - [TEST_STEP][PASSED] - setText(findTestObject("mobileSanity/STM/STM Census Page/input_Location_zip-input"), zipcode): Text '35215' is set on object 'Object Repository/mobileSanity/STM/STM Census Page/input_Location_zip-input'

2019-11-12 08:09:01 - [MESSAGE][PASSED] - Text '35215' is set on object 'Object Repository/mobileSanity/STM/STM Census Page/input_Location_zip-input'

2019-11-12 08:09:01 - [TEST_STEP][PASSED] - Thread.sleep(500): null

2019-11-12 08:09:01 - [TEST_STEP][PASSED] - setText(findTestObject("mobileSanity/STM/STM Census Page/input_Date of Birth_dob-0"), "03031987"): Text '03031987' is set on object 'Object Repository/mobileSanity/STM/STM Census Page/input_Date of Birth_dob-0'

2019-11-12 08:09:02 - [MESSAGE][PASSED] - Text '03031987' is set on object 'Object Repository/mobileSanity/STM/STM Census Page/input_Date of Birth_dob-0'

2019-11-12 08:09:02 - [TEST_STEP][PASSED] - click(findTestObject("mobileSanity/STM/STM Census Page/label_Male")): Object: 'Object Repository/mobileSanity/STM/STM Census Page/label_Male' is clicked on

2019-11-12 08:09:02 - [MESSAGE][PASSED] - Object: 'Object Repository/mobileSanity/STM/STM Census Page/label_Male' is clicked on

2019-11-12 08:09:02 - [TEST_STEP][PASSED] - click(findTestObject("mobileSanity/STM/STM Census Page/label_Compare Plans")): Object: 'Object Repository/mobileSanity/STM/STM Census Page/label_Compare Plans' is clicked on

2019-11-12 08:09:03 - [MESSAGE][PASSED] - Object: 'Object Repository/mobileSanity/STM/STM Census Page/label_Compare Plans' is clicked on

2019-11-12 08:09:03 - [TEST_STEP][PASSED] - waitForElementVisible(findTestObject("mobileSanity/STM/STM Quote Page/button_sort"), 20): Object 'Object Repository/mobileSanity/STM/STM Quote Page/button_sort' is visible

2019-11-12 08:09:04 - [MESSAGE][PASSED] - Object 'Object Repository/mobileSanity/STM/STM Quote Page/button_sort' is visible

2019-11-12 08:09:04 - [TEST_STEP][PASSED] - Thread.sleep(3000): null

2019-11-12 08:09:07 - [TEST_STEP][PASSED] - callTestCase(findTestCase("mobileWeb/_include/get_screenshot"), [:], STOP_ON_FAILURE): Call Test Case 'Test Cases/mobileWeb/_include/get_screenshot' successfully

2019-11-12 08:09:07 - [TEST_CASE][PASSED] - Test Cases/mobileWeb/_include/get_screenshot: Test Cases/mobileWeb/_include/get_screenshot

2019-11-12 08:09:07 - [TEST_STEP][PASSED] - takeScreenshot(screenPath + i + ".png"): Taking screenshot successfully

2019-11-12 08:09:07 - [MESSAGE][PASSED] - Taking screenshot successfully
[[ATTACHMENT|D:\\Test\\AgileTest\\Reports\\mobileWeb\\stm\\20191112_080024\\../Screenshots/iPhone 6/stm/National General/20191112_080855/2.png]]

2019-11-12 08:09:07 - [TEST_STEP][PASSED] - (internal.GlobalVariable.i++): null

2019-11-12 08:09:07 - [MESSAGE][PASSED] - Call Test Case 'Test Cases/mobileWeb/_include/get_screenshot' successfully

2019-11-12 08:09:07 - [TEST_STEP][PASSED] - Thread.sleep(1000): null

2019-11-12 08:09:08 - [MESSAGE][PASSED] - Call Test Case 'Test Cases/mobileWeb/_include/census_stm' successfully

2019-11-12 08:09:08 - [TEST_STEP][FAILED] - callTestCase(findTestCase("mobileWeb/_include/filter_stm"), ["carrier":"nationalgeneral"], STOP_ON_FAILURE): callTestCase(findTestCase("mobileWeb/_include/filter_stm"), ["carrier":"nationalgeneral"], STOP_ON_FAILURE) FAILED.
Reason:
com.kms.katalon.core.exception.StepFailedException: Unable to click on object 'Object Repository/mobileSanity/STM/STM Quote Page/a_Show Plans' (Root cause: org.openqa.selenium.WebDriverException: unknown error: Element <a href="#" class="js-show-plans c-filter-modal-v3__show-plans" type="button">...</a> is not clickable at point (187, 629). Other element would receive the click: <iframe src="https://secure.livechatinc.com/licence/11465608/v2/open_chat.cgi?license=11465608&amp;group=0&amp;embedded=1&amp;widget_version=3&amp;unique_groups=0" allowtransparency="true" allow="autoplay" id="chat-widget" name="chat-widget" scrolling="no" role="application" aria-label="LiveChat chat widget" style="width: 100%; height: 100%; min-height: 0px; min-width: 0px; margin: 0px; padding: 0px; background-image: none; background-position: 0% 0%; background-size: initial; background-attachment: scroll; background-origin: initial; background-clip: initial; background-color: rgba(0, 0, 0, 0); border-width: 0px; float: none; position: absolute; top: 0px; left: 0px; bottom: 0px; right: 0px; transition: none 0s ease 0s !important;"></iframe>
  (Session info: chrome=78.0.3904.70)
  (Driver info: chromedriver=2.43.600210 (68dcf5eebde37173d4027fa8635e332711d2874a),platform=Windows NT 6.3.9600 x86_64) (WARNING: The server did not provide any stacktrace information)
Command duration or timeout: 0 milliseconds
Build info: version: '3.7.1', revision: '8a0099a', time: '2017-11-06T21:07:36.161Z'
System info: host: 'WIN-U215233FMVE', ip: '172.30.0.53', os.name: 'Windows Server 2012 R2', os.arch: 'amd64', os.version: '6.3', java.version: '1.8.0_181'
Driver info: com.kms.katalon.selenium.driver.CChromeDriver
Capabilities {acceptInsecureCerts: false, acceptSslCerts: false, applicationCacheEnabled: false, browserConnectionEnabled: false, browserName: chrome, chrome: {chromedriverVersion: 2.43.600210 (68dcf5eebde371..., userDataDir: C:\Users\ADMINI~1\AppData\L...}, cssSelectorsEnabled: true, databaseEnabled: false, goog:chromeOptions: {debuggerAddress: localhost:62870}, handlesAlerts: true, hasTouchScreen: true, javascriptEnabled: true, locationContextEnabled: true, mobileEmulationEnabled: true, nativeEvents: true, networkConnectionEnabled: false, pageLoadStrategy: normal, platform: XP, platformName: XP, rotatable: false, setWindowRect: true, takesHeapSnapshot: true, takesScreenshot: true, unexpectedAlertBehaviour: , unhandledPromptBehavior: , version: 78.0.3904.70, webStorageEnabled: true}
Session ID: e8b0e7af9b5a088bb5ce01ced18ca153)
	at com.kms.katalon.core.keyword.internal.KeywordMain.stepFailed(KeywordMain.groovy:32)
	at com.kms.katalon.core.webui.keyword.internal.WebUIKeywordMain.stepFailed(WebUIKeywordMain.groovy:65)
	at com.kms.katalon.core.webui.keyword.internal.WebUIKeywordMain.runKeyword(WebUIKeywordMain.groovy:27)
	at com.kms.katalon.core.webui.keyword.builtin.ClickKeyword.click(ClickKeyword.groovy:86)
	at com.kms.katalon.core.webui.keyword.builtin.ClickKeyword.execute(ClickKeyword.groovy:67)
	at com.kms.katalon.core.keyword.internal.KeywordExecutor.executeKeywordForPlatform(KeywordExecutor.groovy:53)
	at com.kms.katalon.core.webui.keyword.WebUiBuiltInKeywords.click(WebUiBuiltInKeywords.groovy:616)
	at com.kms.katalon.core.webui.keyword.WebUiBuiltInKeywords$click$3.call(Unknown Source)
	at filter_stm.run(filter_stm:46)
	at com.kms.katalon.core.main.ScriptEngine.run(ScriptEngine.java:194)
	at com.kms.katalon.core.main.ScriptEngine.runScriptAsRawText(ScriptEngine.java:119)
	at com.kms.katalon.core.main.TestCaseExecutor.runScript(TestCaseExecutor.java:328)
	at com.kms.katalon.core.main.TestCaseExecutor.doExecute(TestCaseExecutor.java:319)
	at com.kms.katalon.core.main.TestCaseExecutor.processExecutionPhase(TestCaseExecutor.java:298)
	at com.kms.katalon.core.main.TestCaseExecutor.accessMainPhase(TestCaseExecutor.java:290)
	at com.kms.katalon.core.main.TestCaseExecutor.execute(TestCaseExecutor.java:224)
	at com.kms.katalon.core.main.TestCaseMain.runTestCase(TestCaseMain.java:106)
	at com.kms.katalon.core.keyword.builtin.CallTestCaseKeyword$_callTestCase_closure1.doCall(CallTestCaseKeyword.groovy:59)
	at com.kms.katalon.core.keyword.builtin.CallTestCaseKeyword$_callTestCase_closure1.call(CallTestCaseKeyword.groovy)
	at com.kms.katalon.core.keyword.internal.KeywordMain.runKeyword(KeywordMain.groovy:54)
	at com.kms.katalon.core.keyword.builtin.CallTestCaseKeyword.callTestCase(CallTestCaseKeyword.groovy:80)
	at com.kms.katalon.core.keyword.builtin.CallTestCaseKeyword.execute(CallTestCaseKeyword.groovy:44)
	at com.kms.katalon.core.keyword.internal.KeywordExecutor.executeKeywordForPlatform(KeywordExecutor.groovy:53)
	at com.kms.katalon.core.keyword.BuiltinKeywords.callTestCase(BuiltinKeywords.groovy:334)
	at NationalGeneral.run(NationalGeneral:25)
	at com.kms.katalon.core.main.ScriptEngine.run(ScriptEngine.java:194)
	at com.kms.katalon.core.main.ScriptEngine.runScriptAsRawText(ScriptEngine.java:119)
	at com.kms.katalon.core.main.TestCaseExecutor.runScript(TestCaseExecutor.java:328)
	at com.kms.katalon.core.main.TestCaseExecutor.doExecute(TestCaseExecutor.java:319)
	at com.kms.katalon.core.main.TestCaseExecutor.processExecutionPhase(TestCaseExecutor.java:298)
	at com.kms.katalon.core.main.TestCaseExecutor.accessMainPhase(TestCaseExecutor.java:290)
	at com.kms.katalon.core.main.TestCaseExecutor.execute(TestCaseExecutor.java:224)
	at com.kms.katalon.core.main.TestSuiteExecutor.accessTestCaseMainPhase(TestSuiteExecutor.java:129)
	at com.kms.katalon.core.main.TestSuiteExecutor.accessTestSuiteMainPhase(TestSuiteExecutor.java:112)
	at com.kms.katalon.core.main.TestSuiteExecutor.execute(TestSuiteExecutor.java:81)
	at com.kms.katalon.core.main.TestCaseMain.startTestSuite(TestCaseMain.java:149)
	at com.kms.katalon.core.main.TestCaseMain$startTestSuite$0.call(Unknown Source)
	at TempTestSuite1573563624301.run(TempTestSuite1573563624301.groovy:36)


2019-11-12 08:09:08 - [TEST_CASE][FAILED] - Test Cases/mobileWeb/_include/filter_stm: Test Cases/mobileWeb/_include/filter_stm FAILED.
Reason:
com.kms.katalon.core.exception.StepFailedException: Unable to click on object 'Object Repository/mobileSanity/STM/STM Quote Page/a_Show Plans' (Root cause: org.openqa.selenium.WebDriverException: unknown error: Element <a href="#" class="js-show-plans c-filter-modal-v3__show-plans" type="button">...</a> is not clickable at point (187, 629). Other element would receive the click: <iframe src="https://secure.livechatinc.com/licence/11465608/v2/open_chat.cgi?license=11465608&amp;group=0&amp;embedded=1&amp;widget_version=3&amp;unique_groups=0" allowtransparency="true" allow="autoplay" id="chat-widget" name="chat-widget" scrolling="no" role="application" aria-label="LiveChat chat widget" style="width: 100%; height: 100%; min-height: 0px; min-width: 0px; margin: 0px; padding: 0px; background-image: none; background-position: 0% 0%; background-size: initial; background-attachment: scroll; background-origin: initial; background-clip: initial; background-color: rgba(0, 0, 0, 0); border-width: 0px; float: none; position: absolute; top: 0px; left: 0px; bottom: 0px; right: 0px; transition: none 0s ease 0s !important;"></iframe>
  (Session info: chrome=78.0.3904.70)
  (Driver info: chromedriver=2.43.600210 (68dcf5eebde37173d4027fa8635e332711d2874a),platform=Windows NT 6.3.9600 x86_64) (WARNING: The server did not provide any stacktrace information)
Command duration or timeout: 0 milliseconds
Build info: version: '3.7.1', revision: '8a0099a', time: '2017-11-06T21:07:36.161Z'
System info: host: 'WIN-U215233FMVE', ip: '172.30.0.53', os.name: 'Windows Server 2012 R2', os.arch: 'amd64', os.version: '6.3', java.version: '1.8.0_181'
Driver info: com.kms.katalon.selenium.driver.CChromeDriver
Capabilities {acceptInsecureCerts: false, acceptSslCerts: false, applicationCacheEnabled: false, browserConnectionEnabled: false, browserName: chrome, chrome: {chromedriverVersion: 2.43.600210 (68dcf5eebde371..., userDataDir: C:\Users\ADMINI~1\AppData\L...}, cssSelectorsEnabled: true, databaseEnabled: false, goog:chromeOptions: {debuggerAddress: localhost:62870}, handlesAlerts: true, hasTouchScreen: true, javascriptEnabled: true, locationContextEnabled: true, mobileEmulationEnabled: true, nativeEvents: true, networkConnectionEnabled: false, pageLoadStrategy: normal, platform: XP, platformName: XP, rotatable: false, setWindowRect: true, takesHeapSnapshot: true, takesScreenshot: true, unexpectedAlertBehaviour: , unhandledPromptBehavior: , version: 78.0.3904.70, webStorageEnabled: true}
Session ID: e8b0e7af9b5a088bb5ce01ced18ca153)
	at com.kms.katalon.core.keyword.internal.KeywordMain.stepFailed(KeywordMain.groovy:32)
	at com.kms.katalon.core.webui.keyword.internal.WebUIKeywordMain.stepFailed(WebUIKeywordMain.groovy:65)
	at com.kms.katalon.core.webui.keyword.internal.WebUIKeywordMain.runKeyword(WebUIKeywordMain.groovy:27)
	at com.kms.katalon.core.webui.keyword.builtin.ClickKeyword.click(ClickKeyword.groovy:86)
	at com.kms.katalon.core.webui.keyword.builtin.ClickKeyword.execute(ClickKeyword.groovy:67)
	at com.kms.katalon.core.keyword.internal.KeywordExecutor.executeKeywordForPlatform(KeywordExecutor.groovy:53)
	at com.kms.katalon.core.webui.keyword.WebUiBuiltInKeywords.click(WebUiBuiltInKeywords.groovy:616)
	at com.kms.katalon.core.webui.keyword.WebUiBuiltInKeywords$click$3.call(Unknown Source)
	at filter_stm.run(filter_stm:46)
	at com.kms.katalon.core.main.ScriptEngine.run(ScriptEngine.java:194)
	at com.kms.katalon.core.main.ScriptEngine.runScriptAsRawText(ScriptEngine.java:119)
	at com.kms.katalon.core.main.TestCaseExecutor.runScript(TestCaseExecutor.java:328)
	at com.kms.katalon.core.main.TestCaseExecutor.doExecute(TestCaseExecutor.java:319)
	at com.kms.katalon.core.main.TestCaseExecutor.processExecutionPhase(TestCaseExecutor.java:298)
	at com.kms.katalon.core.main.TestCaseExecutor.accessMainPhase(TestCaseExecutor.java:290)
	at com.kms.katalon.core.main.TestCaseExecutor.execute(TestCaseExecutor.java:224)
	at com.kms.katalon.core.main.TestCaseMain.runTestCase(TestCaseMain.java:106)
	at com.kms.katalon.core.keyword.builtin.CallTestCaseKeyword$_callTestCase_closure1.doCall(CallTestCaseKeyword.groovy:59)
	at com.kms.katalon.core.keyword.builtin.CallTestCaseKeyword$_callTestCase_closure1.call(CallTestCaseKeyword.groovy)
	at com.kms.katalon.core.keyword.internal.KeywordMain.runKeyword(KeywordMain.groovy:54)
	at com.kms.katalon.core.keyword.builtin.CallTestCaseKeyword.callTestCase(CallTestCaseKeyword.groovy:80)
	at com.kms.katalon.core.keyword.builtin.CallTestCaseKeyword.execute(CallTestCaseKeyword.groovy:44)
	at com.kms.katalon.core.keyword.internal.KeywordExecutor.executeKeywordForPlatform(KeywordExecutor.groovy:53)
	at com.kms.katalon.core.keyword.BuiltinKeywords.callTestCase(BuiltinKeywords.groovy:334)
	at NationalGeneral.run(NationalGeneral:25)
	at com.kms.katalon.core.main.ScriptEngine.run(ScriptEngine.java:194)
	at com.kms.katalon.core.main.ScriptEngine.runScriptAsRawText(ScriptEngine.java:119)
	at com.kms.katalon.core.main.TestCaseExecutor.runScript(TestCaseExecutor.java:328)
	at com.kms.katalon.core.main.TestCaseExecutor.doExecute(TestCaseExecutor.java:319)
	at com.kms.katalon.core.main.TestCaseExecutor.processExecutionPhase(TestCaseExecutor.java:298)
	at com.kms.katalon.core.main.TestCaseExecutor.accessMainPhase(TestCaseExecutor.java:290)
	at com.kms.katalon.core.main.TestCaseExecutor.execute(TestCaseExecutor.java:224)
	at com.kms.katalon.core.main.TestSuiteExecutor.accessTestCaseMainPhase(TestSuiteExecutor.java:129)
	at com.kms.katalon.core.main.TestSuiteExecutor.accessTestSuiteMainPhase(TestSuiteExecutor.java:112)
	at com.kms.katalon.core.main.TestSuiteExecutor.execute(TestSuiteExecutor.java:81)
	at com.kms.katalon.core.main.TestCaseMain.startTestSuite(TestCaseMain.java:149)
	at com.kms.katalon.core.main.TestCaseMain$startTestSuite$0.call(Unknown Source)
	at TempTestSuite1573563624301.run(TempTestSuite1573563624301.groovy:36)


2019-11-12 08:09:08 - [TEST_STEP][PASSED] - driver = getWebDriver(): null

2019-11-12 08:09:08 - [TEST_STEP][PASSED] - selenium = new com.thoughtworks.selenium.webdriven.WebDriverBackedSelenium(driver, internal.GlobalVariable.ENV): null

2019-11-12 08:09:08 - [TEST_STEP][PASSED] - Thread.sleep(1000): null

2019-11-12 08:09:09 - [TEST_STEP][PASSED] - click(findTestObject("mobileSanity/STM/STM Quote Page/button_filters")): Object: 'Object Repository/mobileSanity/STM/STM Quote Page/button_filters' is clicked on

2019-11-12 08:09:10 - [MESSAGE][PASSED] - Object: 'Object Repository/mobileSanity/STM/STM Quote Page/button_filters' is clicked on

2019-11-12 08:09:10 - [TEST_STEP][PASSED] - Thread.sleep(1000): null

2019-11-12 08:09:11 - [TEST_STEP][PASSED] - click(findTestObject("mobileSanity/STM/STM Quote Page/i_Insurance company")): Object: 'Object Repository/mobileSanity/STM/STM Quote Page/i_Insurance company' is clicked on

2019-11-12 08:09:11 - [MESSAGE][PASSED] - Object: 'Object Repository/mobileSanity/STM/STM Quote Page/i_Insurance company' is clicked on

2019-11-12 08:09:11 - [TEST_STEP][PASSED] - Thread.sleep(1000): null

2019-11-12 08:09:12 - [TEST_STEP][PASSED] - filter_carrier = "//input[@name='filter[carrier]' and @value='" + carrier + "']/following::label": null

2019-11-12 08:09:12 - [TEST_STEP][PASSED] - println(filter_carrier): null

2019-11-12 08:09:12 - [TEST_STEP][PASSED] - test.MobileKeywords.clickJS_ByXpath(filter_carrier): test.MobileKeywords.clickJS_ByXpath is PASSED

2019-11-12 08:09:12 - [MESSAGE][PASSED] - Execute JavaScript 'arguments[0].click()' successfully

2019-11-12 08:09:12 - [MESSAGE][PASSED] - test.MobileKeywords.clickJS_ByXpath is PASSED

2019-11-12 08:09:12 - [TEST_STEP][PASSED] - Thread.sleep(1000): null

2019-11-12 08:09:13 - [TEST_STEP][PASSED] - scrollToElement(findTestObject("mobileSanity/STM/STM Quote Page/a_Show Plans"), 1000): Scroll to object 'Object Repository/mobileSanity/STM/STM Quote Page/a_Show Plans' successfully

2019-11-12 08:09:13 - [MESSAGE][PASSED] - Scroll to object 'Object Repository/mobileSanity/STM/STM Quote Page/a_Show Plans' successfully

2019-11-12 08:09:13 - [TEST_STEP][FAILED] - click(findTestObject("mobileSanity/STM/STM Quote Page/a_Show Plans")): Unable to click on object 'Object Repository/mobileSanity/STM/STM Quote Page/a_Show Plans' (Root cause: org.openqa.selenium.WebDriverException: unknown error: Element <a href="#" class="js-show-plans c-filter-modal-v3__show-plans" type="button">...</a> is not clickable at point (187, 629). Other element would receive the click: <iframe src="https://secure.livechatinc.com/licence/11465608/v2/open_chat.cgi?license=11465608&amp;group=0&amp;embedded=1&amp;widget_version=3&amp;unique_groups=0" allowtransparency="true" allow="autoplay" id="chat-widget" name="chat-widget" scrolling="no" role="application" aria-label="LiveChat chat widget" style="width: 100%; height: 100%; min-height: 0px; min-width: 0px; margin: 0px; padding: 0px; background-image: none; background-position: 0% 0%; background-size: initial; background-attachment: scroll; background-origin: initial; background-clip: initial; background-color: rgba(0, 0, 0, 0); border-width: 0px; float: none; position: absolute; top: 0px; left: 0px; bottom: 0px; right: 0px; transition: none 0s ease 0s !important;"></iframe>
  (Session info: chrome=78.0.3904.70)
  (Driver info: chromedriver=2.43.600210 (68dcf5eebde37173d4027fa8635e332711d2874a),platform=Windows NT 6.3.9600 x86_64) (WARNING: The server did not provide any stacktrace information)
Command duration or timeout: 0 milliseconds
Build info: version: '3.7.1', revision: '8a0099a', time: '2017-11-06T21:07:36.161Z'
System info: host: 'WIN-U215233FMVE', ip: '172.30.0.53', os.name: 'Windows Server 2012 R2', os.arch: 'amd64', os.version: '6.3', java.version: '1.8.0_181'
Driver info: com.kms.katalon.selenium.driver.CChromeDriver
Capabilities {acceptInsecureCerts: false, acceptSslCerts: false, applicationCacheEnabled: false, browserConnectionEnabled: false, browserName: chrome, chrome: {chromedriverVersion: 2.43.600210 (68dcf5eebde371..., userDataDir: C:\Users\ADMINI~1\AppData\L...}, cssSelectorsEnabled: true, databaseEnabled: false, goog:chromeOptions: {debuggerAddress: localhost:62870}, handlesAlerts: true, hasTouchScreen: true, javascriptEnabled: true, locationContextEnabled: true, mobileEmulationEnabled: true, nativeEvents: true, networkConnectionEnabled: false, pageLoadStrategy: normal, platform: XP, platformName: XP, rotatable: false, setWindowRect: true, takesHeapSnapshot: true, takesScreenshot: true, unexpectedAlertBehaviour: , unhandledPromptBehavior: , version: 78.0.3904.70, webStorageEnabled: true}
Session ID: e8b0e7af9b5a088bb5ce01ced18ca153)

2019-11-12 08:09:13 - [MESSAGE][FAILED] - Unable to click on object 'Object Repository/mobileSanity/STM/STM Quote Page/a_Show Plans' (Root cause: org.openqa.selenium.WebDriverException: unknown error: Element <a href="#" class="js-show-plans c-filter-modal-v3__show-plans" type="button">...</a> is not clickable at point (187, 629). Other element would receive the click: <iframe src="https://secure.livechatinc.com/licence/11465608/v2/open_chat.cgi?license=11465608&amp;group=0&amp;embedded=1&amp;widget_version=3&amp;unique_groups=0" allowtransparency="true" allow="autoplay" id="chat-widget" name="chat-widget" scrolling="no" role="application" aria-label="LiveChat chat widget" style="width: 100%; height: 100%; min-height: 0px; min-width: 0px; margin: 0px; padding: 0px; background-image: none; background-position: 0% 0%; background-size: initial; background-attachment: scroll; background-origin: initial; background-clip: initial; background-color: rgba(0, 0, 0, 0); border-width: 0px; float: none; position: absolute; top: 0px; left: 0px; bottom: 0px; right: 0px; transition: none 0s ease 0s !important;"></iframe>
  (Session info: chrome=78.0.3904.70)
  (Driver info: chromedriver=2.43.600210 (68dcf5eebde37173d4027fa8635e332711d2874a),platform=Windows NT 6.3.9600 x86_64) (WARNING: The server did not provide any stacktrace information)
Command duration or timeout: 0 milliseconds
Build info: version: '3.7.1', revision: '8a0099a', time: '2017-11-06T21:07:36.161Z'
System info: host: 'WIN-U215233FMVE', ip: '172.30.0.53', os.name: 'Windows Server 2012 R2', os.arch: 'amd64', os.version: '6.3', java.version: '1.8.0_181'
Driver info: com.kms.katalon.selenium.driver.CChromeDriver
Capabilities {acceptInsecureCerts: false, acceptSslCerts: false, applicationCacheEnabled: false, browserConnectionEnabled: false, browserName: chrome, chrome: {chromedriverVersion: 2.43.600210 (68dcf5eebde371..., userDataDir: C:\Users\ADMINI~1\AppData\L...}, cssSelectorsEnabled: true, databaseEnabled: false, goog:chromeOptions: {debuggerAddress: localhost:62870}, handlesAlerts: true, hasTouchScreen: true, javascriptEnabled: true, locationContextEnabled: true, mobileEmulationEnabled: true, nativeEvents: true, networkConnectionEnabled: false, pageLoadStrategy: normal, platform: XP, platformName: XP, rotatable: false, setWindowRect: true, takesHeapSnapshot: true, takesScreenshot: true, unexpectedAlertBehaviour: , unhandledPromptBehavior: , version: 78.0.3904.70, webStorageEnabled: true}
Session ID: e8b0e7af9b5a088bb5ce01ced18ca153)
[[ATTACHMENT|D:\\Test\\AgileTest\\Reports\\mobileWeb\\stm\\20191112_080024\\1573564153417.png]]

2019-11-12 08:09:13 - [TEST_STEP][PASSED] - waitForJQueryLoad(20, STOP_ON_FAILURE): jQuery is ready.

2019-11-12 08:09:13 - [MESSAGE][PASSED] - jQuery is ready.

2019-11-12 08:09:13 - [TEST_STEP][PASSED] - Thread.sleep(2000): null

2019-11-12 08:09:15 - [TEST_STEP][FAILED] - callTestCase(findTestCase("mobileWeb/_include/get_screenshot"), [:], STOP_ON_FAILURE): callTestCase(findTestCase("mobileWeb/_include/get_screenshot"), [:], STOP_ON_FAILURE) FAILED.
Reason:
com.kms.katalon.core.exception.StepFailedException: Unable to click on object 'Object Repository/mobileSanity/STM/STM Quote Page/a_Show Plans' (Root cause: org.openqa.selenium.WebDriverException: unknown error: Element <a href="#" class="js-show-plans c-filter-modal-v3__show-plans" type="button">...</a> is not clickable at point (187, 629). Other element would receive the click: <iframe src="https://secure.livechatinc.com/licence/11465608/v2/open_chat.cgi?license=11465608&amp;group=0&amp;embedded=1&amp;widget_version=3&amp;unique_groups=0" allowtransparency="true" allow="autoplay" id="chat-widget" name="chat-widget" scrolling="no" role="application" aria-label="LiveChat chat widget" style="width: 100%; height: 100%; min-height: 0px; min-width: 0px; margin: 0px; padding: 0px; background-image: none; background-position: 0% 0%; background-size: initial; background-attachment: scroll; background-origin: initial; background-clip: initial; background-color: rgba(0, 0, 0, 0); border-width: 0px; float: none; position: absolute; top: 0px; left: 0px; bottom: 0px; right: 0px; transition: none 0s ease 0s !important;"></iframe>
  (Session info: chrome=78.0.3904.70)
  (Driver info: chromedriver=2.43.600210 (68dcf5eebde37173d4027fa8635e332711d2874a),platform=Windows NT 6.3.9600 x86_64) (WARNING: The server did not provide any stacktrace information)
Command duration or timeout: 0 milliseconds
Build info: version: '3.7.1', revision: '8a0099a', time: '2017-11-06T21:07:36.161Z'
System info: host: 'WIN-U215233FMVE', ip: '172.30.0.53', os.name: 'Windows Server 2012 R2', os.arch: 'amd64', os.version: '6.3', java.version: '1.8.0_181'
Driver info: com.kms.katalon.selenium.driver.CChromeDriver
Capabilities {acceptInsecureCerts: false, acceptSslCerts: false, applicationCacheEnabled: false, browserConnectionEnabled: false, browserName: chrome, chrome: {chromedriverVersion: 2.43.600210 (68dcf5eebde371..., userDataDir: C:\Users\ADMINI~1\AppData\L...}, cssSelectorsEnabled: true, databaseEnabled: false, goog:chromeOptions: {debuggerAddress: localhost:62870}, handlesAlerts: true, hasTouchScreen: true, javascriptEnabled: true, locationContextEnabled: true, mobileEmulationEnabled: true, nativeEvents: true, networkConnectionEnabled: false, pageLoadStrategy: normal, platform: XP, platformName: XP, rotatable: false, setWindowRect: true, takesHeapSnapshot: true, takesScreenshot: true, unexpectedAlertBehaviour: , unhandledPromptBehavior: , version: 78.0.3904.70, webStorageEnabled: true}
Session ID: e8b0e7af9b5a088bb5ce01ced18ca153)
	at com.kms.katalon.core.keyword.internal.KeywordMain.stepFailed(KeywordMain.groovy:32)
	at com.kms.katalon.core.webui.keyword.internal.WebUIKeywordMain.stepFailed(WebUIKeywordMain.groovy:65)
	at com.kms.katalon.core.webui.keyword.internal.WebUIKeywordMain.runKeyword(WebUIKeywordMain.groovy:27)
	at com.kms.katalon.core.webui.keyword.builtin.ClickKeyword.click(ClickKeyword.groovy:86)
	at com.kms.katalon.core.webui.keyword.builtin.ClickKeyword.execute(ClickKeyword.groovy:67)
	at com.kms.katalon.core.keyword.internal.KeywordExecutor.executeKeywordForPlatform(KeywordExecutor.groovy:53)
	at com.kms.katalon.core.webui.keyword.WebUiBuiltInKeywords.click(WebUiBuiltInKeywords.groovy:616)
	at com.kms.katalon.core.webui.keyword.WebUiBuiltInKeywords$click$3.call(Unknown Source)
	at filter_stm.run(filter_stm:46)
	at com.kms.katalon.core.main.ScriptEngine.run(ScriptEngine.java:194)
	at com.kms.katalon.core.main.ScriptEngine.runScriptAsRawText(ScriptEngine.java:119)
	at com.kms.katalon.core.main.TestCaseExecutor.runScript(TestCaseExecutor.java:328)
	at com.kms.katalon.core.main.TestCaseExecutor.doExecute(TestCaseExecutor.java:319)
	at com.kms.katalon.core.main.TestCaseExecutor.processExecutionPhase(TestCaseExecutor.java:298)
	at com.kms.katalon.core.main.TestCaseExecutor.accessMainPhase(TestCaseExecutor.java:290)
	at com.kms.katalon.core.main.TestCaseExecutor.execute(TestCaseExecutor.java:224)
	at com.kms.katalon.core.main.TestCaseMain.runTestCase(TestCaseMain.java:106)
	at com.kms.katalon.core.keyword.builtin.CallTestCaseKeyword$_callTestCase_closure1.doCall(CallTestCaseKeyword.groovy:59)
	at com.kms.katalon.core.keyword.builtin.CallTestCaseKeyword$_callTestCase_closure1.call(CallTestCaseKeyword.groovy)
	at com.kms.katalon.core.keyword.internal.KeywordMain.runKeyword(KeywordMain.groovy:54)
	at com.kms.katalon.core.keyword.builtin.CallTestCaseKeyword.callTestCase(CallTestCaseKeyword.groovy:80)
	at com.kms.katalon.core.keyword.builtin.CallTestCaseKeyword.execute(CallTestCaseKeyword.groovy:44)
	at com.kms.katalon.core.keyword.internal.KeywordExecutor.executeKeywordForPlatform(KeywordExecutor.groovy:53)
	at com.kms.katalon.core.keyword.BuiltinKeywords.callTestCase(BuiltinKeywords.groovy:334)
	at NationalGeneral.run(NationalGeneral:25)
	at com.kms.katalon.core.main.ScriptEngine.run(ScriptEngine.java:194)
	at com.kms.katalon.core.main.ScriptEngine.runScriptAsRawText(ScriptEngine.java:119)
	at com.kms.katalon.core.main.TestCaseExecutor.runScript(TestCaseExecutor.java:328)
	at com.kms.katalon.core.main.TestCaseExecutor.doExecute(TestCaseExecutor.java:319)
	at com.kms.katalon.core.main.TestCaseExecutor.processExecutionPhase(TestCaseExecutor.java:298)
	at com.kms.katalon.core.main.TestCaseExecutor.accessMainPhase(TestCaseExecutor.java:290)
	at com.kms.katalon.core.main.TestCaseExecutor.execute(TestCaseExecutor.java:224)
	at com.kms.katalon.core.main.TestSuiteExecutor.accessTestCaseMainPhase(TestSuiteExecutor.java:129)
	at com.kms.katalon.core.main.TestSuiteExecutor.accessTestSuiteMainPhase(TestSuiteExecutor.java:112)
	at com.kms.katalon.core.main.TestSuiteExecutor.execute(TestSuiteExecutor.java:81)
	at com.kms.katalon.core.main.TestCaseMain.startTestSuite(TestCaseMain.java:149)
	at com.kms.katalon.core.main.TestCaseMain$startTestSuite$0.call(Unknown Source)
	at TempTestSuite1573563624301.run(TempTestSuite1573563624301.groovy:36)


2019-11-12 08:09:15 - [TEST_CASE][PASSED] - Test Cases/mobileWeb/_include/get_screenshot: Test Cases/mobileWeb/_include/get_screenshot

2019-11-12 08:09:15 - [TEST_STEP][PASSED] - takeScreenshot(screenPath + i + ".png"): Taking screenshot successfully

2019-11-12 08:09:16 - [MESSAGE][PASSED] - Taking screenshot successfully
[[ATTACHMENT|D:\\Test\\AgileTest\\Reports\\mobileWeb\\stm\\20191112_080024\\../Screenshots/iPhone 6/stm/National General/20191112_080855/3.png]]

2019-11-12 08:09:16 - [TEST_STEP][PASSED] - (internal.GlobalVariable.i++): null

2019-11-12 08:09:16 - [MESSAGE][PASSED] - Call Test Case 'Test Cases/mobileWeb/_include/get_screenshot' successfully

2019-11-12 08:09:16 - [MESSAGE][FAILED] - callTestCase(findTestCase("mobileWeb/_include/get_screenshot"), [:], STOP_ON_FAILURE) FAILED.
Reason:
com.kms.katalon.core.exception.StepFailedException: Unable to click on object 'Object Repository/mobileSanity/STM/STM Quote Page/a_Show Plans' (Root cause: org.openqa.selenium.WebDriverException: unknown error: Element <a href="#" class="js-show-plans c-filter-modal-v3__show-plans" type="button">...</a> is not clickable at point (187, 629). Other element would receive the click: <iframe src="https://secure.livechatinc.com/licence/11465608/v2/open_chat.cgi?license=11465608&amp;group=0&amp;embedded=1&amp;widget_version=3&amp;unique_groups=0" allowtransparency="true" allow="autoplay" id="chat-widget" name="chat-widget" scrolling="no" role="application" aria-label="LiveChat chat widget" style="width: 100%; height: 100%; min-height: 0px; min-width: 0px; margin: 0px; padding: 0px; background-image: none; background-position: 0% 0%; background-size: initial; background-attachment: scroll; background-origin: initial; background-clip: initial; background-color: rgba(0, 0, 0, 0); border-width: 0px; float: none; position: absolute; top: 0px; left: 0px; bottom: 0px; right: 0px; transition: none 0s ease 0s !important;"></iframe>
  (Session info: chrome=78.0.3904.70)
  (Driver info: chromedriver=2.43.600210 (68dcf5eebde37173d4027fa8635e332711d2874a),platform=Windows NT 6.3.9600 x86_64) (WARNING: The server did not provide any stacktrace information)
Command duration or timeout: 0 milliseconds
Build info: version: '3.7.1', revision: '8a0099a', time: '2017-11-06T21:07:36.161Z'
System info: host: 'WIN-U215233FMVE', ip: '172.30.0.53', os.name: 'Windows Server 2012 R2', os.arch: 'amd64', os.version: '6.3', java.version: '1.8.0_181'
Driver info: com.kms.katalon.selenium.driver.CChromeDriver
Capabilities {acceptInsecureCerts: false, acceptSslCerts: false, applicationCacheEnabled: false, browserConnectionEnabled: false, browserName: chrome, chrome: {chromedriverVersion: 2.43.600210 (68dcf5eebde371..., userDataDir: C:\Users\ADMINI~1\AppData\L...}, cssSelectorsEnabled: true, databaseEnabled: false, goog:chromeOptions: {debuggerAddress: localhost:62870}, handlesAlerts: true, hasTouchScreen: true, javascriptEnabled: true, locationContextEnabled: true, mobileEmulationEnabled: true, nativeEvents: true, networkConnectionEnabled: false, pageLoadStrategy: normal, platform: XP, platformName: XP, rotatable: false, setWindowRect: true, takesHeapSnapshot: true, takesScreenshot: true, unexpectedAlertBehaviour: , unhandledPromptBehavior: , version: 78.0.3904.70, webStorageEnabled: true}
Session ID: e8b0e7af9b5a088bb5ce01ced18ca153)
	at com.kms.katalon.core.keyword.internal.KeywordMain.stepFailed(KeywordMain.groovy:32)
	at com.kms.katalon.core.webui.keyword.internal.WebUIKeywordMain.stepFailed(WebUIKeywordMain.groovy:65)
	at com.kms.katalon.core.webui.keyword.internal.WebUIKeywordMain.runKeyword(WebUIKeywordMain.groovy:27)
	at com.kms.katalon.core.webui.keyword.builtin.ClickKeyword.click(ClickKeyword.groovy:86)
	at com.kms.katalon.core.webui.keyword.builtin.ClickKeyword.execute(ClickKeyword.groovy:67)
	at com.kms.katalon.core.keyword.internal.KeywordExecutor.executeKeywordForPlatform(KeywordExecutor.groovy:53)
	at com.kms.katalon.core.webui.keyword.WebUiBuiltInKeywords.click(WebUiBuiltInKeywords.groovy:616)
	at com.kms.katalon.core.webui.keyword.WebUiBuiltInKeywords$click$3.call(Unknown Source)
	at filter_stm.run(filter_stm:46)
	at com.kms.katalon.core.main.ScriptEngine.run(ScriptEngine.java:194)
	at com.kms.katalon.core.main.ScriptEngine.runScriptAsRawText(ScriptEngine.java:119)
	at com.kms.katalon.core.main.TestCaseExecutor.runScript(TestCaseExecutor.java:328)
	at com.kms.katalon.core.main.TestCaseExecutor.doExecute(TestCaseExecutor.java:319)
	at com.kms.katalon.core.main.TestCaseExecutor.processExecutionPhase(TestCaseExecutor.java:298)
	at com.kms.katalon.core.main.TestCaseExecutor.accessMainPhase(TestCaseExecutor.java:290)
	at com.kms.katalon.core.main.TestCaseExecutor.execute(TestCaseExecutor.java:224)
	at com.kms.katalon.core.main.TestCaseMain.runTestCase(TestCaseMain.java:106)
	at com.kms.katalon.core.keyword.builtin.CallTestCaseKeyword$_callTestCase_closure1.doCall(CallTestCaseKeyword.groovy:59)
	at com.kms.katalon.core.keyword.builtin.CallTestCaseKeyword$_callTestCase_closure1.call(CallTestCaseKeyword.groovy)
	at com.kms.katalon.core.keyword.internal.KeywordMain.runKeyword(KeywordMain.groovy:54)
	at com.kms.katalon.core.keyword.builtin.CallTestCaseKeyword.callTestCase(CallTestCaseKeyword.groovy:80)
	at com.kms.katalon.core.keyword.builtin.CallTestCaseKeyword.execute(CallTestCaseKeyword.groovy:44)
	at com.kms.katalon.core.keyword.internal.KeywordExecutor.executeKeywordForPlatform(KeywordExecutor.groovy:53)
	at com.kms.katalon.core.keyword.BuiltinKeywords.callTestCase(BuiltinKeywords.groovy:334)
	at NationalGeneral.run(NationalGeneral:25)
	at com.kms.katalon.core.main.ScriptEngine.run(ScriptEngine.java:194)
	at com.kms.katalon.core.main.ScriptEngine.runScriptAsRawText(ScriptEngine.java:119)
	at com.kms.katalon.core.main.TestCaseExecutor.runScript(TestCaseExecutor.java:328)
	at com.kms.katalon.core.main.TestCaseExecutor.doExecute(TestCaseExecutor.java:319)
	at com.kms.katalon.core.main.TestCaseExecutor.processExecutionPhase(TestCaseExecutor.java:298)
	at com.kms.katalon.core.main.TestCaseExecutor.accessMainPhase(TestCaseExecutor.java:290)
	at com.kms.katalon.core.main.TestCaseExecutor.execute(TestCaseExecutor.java:224)
	at com.kms.katalon.core.main.TestSuiteExecutor.accessTestCaseMainPhase(TestSuiteExecutor.java:129)
	at com.kms.katalon.core.main.TestSuiteExecutor.accessTestSuiteMainPhase(TestSuiteExecutor.java:112)
	at com.kms.katalon.core.main.TestSuiteExecutor.execute(TestSuiteExecutor.java:81)
	at com.kms.katalon.core.main.TestCaseMain.startTestSuite(TestCaseMain.java:149)
	at com.kms.katalon.core.main.TestCaseMain$startTestSuite$0.call(Unknown Source)
	at TempTestSuite1573563624301.run(TempTestSuite1573563624301.groovy:36)


2019-11-12 08:09:16 - [MESSAGE][FAILED] - Unable to call Test Case 'Test Cases/mobileWeb/_include/filter_stm' (Root cause: com.kms.katalon.core.exception.StepFailedException: Call Test Case 'Test Cases/mobileWeb/_include/filter_stm' failed)

2019-11-12 08:09:16 - [MESSAGE][FAILED] - callTestCase(findTestCase("mobileWeb/_include/filter_stm"), ["carrier":"nationalgeneral"], STOP_ON_FAILURE) FAILED.
Reason:
com.kms.katalon.core.exception.StepFailedException: Unable to click on object 'Object Repository/mobileSanity/STM/STM Quote Page/a_Show Plans' (Root cause: org.openqa.selenium.WebDriverException: unknown error: Element <a href="#" class="js-show-plans c-filter-modal-v3__show-plans" type="button">...</a> is not clickable at point (187, 629). Other element would receive the click: <iframe src="https://secure.livechatinc.com/licence/11465608/v2/open_chat.cgi?license=11465608&amp;group=0&amp;embedded=1&amp;widget_version=3&amp;unique_groups=0" allowtransparency="true" allow="autoplay" id="chat-widget" name="chat-widget" scrolling="no" role="application" aria-label="LiveChat chat widget" style="width: 100%; height: 100%; min-height: 0px; min-width: 0px; margin: 0px; padding: 0px; background-image: none; background-position: 0% 0%; background-size: initial; background-attachment: scroll; background-origin: initial; background-clip: initial; background-color: rgba(0, 0, 0, 0); border-width: 0px; float: none; position: absolute; top: 0px; left: 0px; bottom: 0px; right: 0px; transition: none 0s ease 0s !important;"></iframe>
  (Session info: chrome=78.0.3904.70)
  (Driver info: chromedriver=2.43.600210 (68dcf5eebde37173d4027fa8635e332711d2874a),platform=Windows NT 6.3.9600 x86_64) (WARNING: The server did not provide any stacktrace information)
Command duration or timeout: 0 milliseconds
Build info: version: '3.7.1', revision: '8a0099a', time: '2017-11-06T21:07:36.161Z'
System info: host: 'WIN-U215233FMVE', ip: '172.30.0.53', os.name: 'Windows Server 2012 R2', os.arch: 'amd64', os.version: '6.3', java.version: '1.8.0_181'
Driver info: com.kms.katalon.selenium.driver.CChromeDriver
Capabilities {acceptInsecureCerts: false, acceptSslCerts: false, applicationCacheEnabled: false, browserConnectionEnabled: false, browserName: chrome, chrome: {chromedriverVersion: 2.43.600210 (68dcf5eebde371..., userDataDir: C:\Users\ADMINI~1\AppData\L...}, cssSelectorsEnabled: true, databaseEnabled: false, goog:chromeOptions: {debuggerAddress: localhost:62870}, handlesAlerts: true, hasTouchScreen: true, javascriptEnabled: true, locationContextEnabled: true, mobileEmulationEnabled: true, nativeEvents: true, networkConnectionEnabled: false, pageLoadStrategy: normal, platform: XP, platformName: XP, rotatable: false, setWindowRect: true, takesHeapSnapshot: true, takesScreenshot: true, unexpectedAlertBehaviour: , unhandledPromptBehavior: , version: 78.0.3904.70, webStorageEnabled: true}
Session ID: e8b0e7af9b5a088bb5ce01ced18ca153)
	at com.kms.katalon.core.keyword.internal.KeywordMain.stepFailed(KeywordMain.groovy:32)
	at com.kms.katalon.core.webui.keyword.internal.WebUIKeywordMain.stepFailed(WebUIKeywordMain.groovy:65)
	at com.kms.katalon.core.webui.keyword.internal.WebUIKeywordMain.runKeyword(WebUIKeywordMain.groovy:27)
	at com.kms.katalon.core.webui.keyword.builtin.ClickKeyword.click(ClickKeyword.groovy:86)
	at com.kms.katalon.core.webui.keyword.builtin.ClickKeyword.execute(ClickKeyword.groovy:67)
	at com.kms.katalon.core.keyword.internal.KeywordExecutor.executeKeywordForPlatform(KeywordExecutor.groovy:53)
	at com.kms.katalon.core.webui.keyword.WebUiBuiltInKeywords.click(WebUiBuiltInKeywords.groovy:616)
	at com.kms.katalon.core.webui.keyword.WebUiBuiltInKeywords$click$3.call(Unknown Source)
	at filter_stm.run(filter_stm:46)
	at com.kms.katalon.core.main.ScriptEngine.run(ScriptEngine.java:194)
	at com.kms.katalon.core.main.ScriptEngine.runScriptAsRawText(ScriptEngine.java:119)
	at com.kms.katalon.core.main.TestCaseExecutor.runScript(TestCaseExecutor.java:328)
	at com.kms.katalon.core.main.TestCaseExecutor.doExecute(TestCaseExecutor.java:319)
	at com.kms.katalon.core.main.TestCaseExecutor.processExecutionPhase(TestCaseExecutor.java:298)
	at com.kms.katalon.core.main.TestCaseExecutor.accessMainPhase(TestCaseExecutor.java:290)
	at com.kms.katalon.core.main.TestCaseExecutor.execute(TestCaseExecutor.java:224)
	at com.kms.katalon.core.main.TestCaseMain.runTestCase(TestCaseMain.java:106)
	at com.kms.katalon.core.keyword.builtin.CallTestCaseKeyword$_callTestCase_closure1.doCall(CallTestCaseKeyword.groovy:59)
	at com.kms.katalon.core.keyword.builtin.CallTestCaseKeyword$_callTestCase_closure1.call(CallTestCaseKeyword.groovy)
	at com.kms.katalon.core.keyword.internal.KeywordMain.runKeyword(KeywordMain.groovy:54)
	at com.kms.katalon.core.keyword.builtin.CallTestCaseKeyword.callTestCase(CallTestCaseKeyword.groovy:80)
	at com.kms.katalon.core.keyword.builtin.CallTestCaseKeyword.execute(CallTestCaseKeyword.groovy:44)
	at com.kms.katalon.core.keyword.internal.KeywordExecutor.executeKeywordForPlatform(KeywordExecutor.groovy:53)
	at com.kms.katalon.core.keyword.BuiltinKeywords.callTestCase(BuiltinKeywords.groovy:334)
	at NationalGeneral.run(NationalGeneral:25)
	at com.kms.katalon.core.main.ScriptEngine.run(ScriptEngine.java:194)
	at com.kms.katalon.core.main.ScriptEngine.runScriptAsRawText(ScriptEngine.java:119)
	at com.kms.katalon.core.main.TestCaseExecutor.runScript(TestCaseExecutor.java:328)
	at com.kms.katalon.core.main.TestCaseExecutor.doExecute(TestCaseExecutor.java:319)
	at com.kms.katalon.core.main.TestCaseExecutor.processExecutionPhase(TestCaseExecutor.java:298)
	at com.kms.katalon.core.main.TestCaseExecutor.accessMainPhase(TestCaseExecutor.java:290)
	at com.kms.katalon.core.main.TestCaseExecutor.execute(TestCaseExecutor.java:224)
	at com.kms.katalon.core.main.TestSuiteExecutor.accessTestCaseMainPhase(TestSuiteExecutor.java:129)
	at com.kms.katalon.core.main.TestSuiteExecutor.accessTestSuiteMainPhase(TestSuiteExecutor.java:112)
	at com.kms.katalon.core.main.TestSuiteExecutor.execute(TestSuiteExecutor.java:81)
	at com.kms.katalon.core.main.TestCaseMain.startTestSuite(TestCaseMain.java:149)
	at com.kms.katalon.core.main.TestCaseMain$startTestSuite$0.call(Unknown Source)
	at TempTestSuite1573563624301.run(TempTestSuite1573563624301.groovy:36)]]></system-out>
         <system-err><![CDATA[2019-11-12 08:08:55 - [TEST_CASE][FAILED] - Test Cases/mobileWeb/stm/NationalGeneral: Test Cases/mobileWeb/stm/NationalGeneral FAILED.
Reason:
com.kms.katalon.core.exception.StepFailedException: Unable to click on object 'Object Repository/mobileSanity/STM/STM Quote Page/a_Show Plans' (Root cause: org.openqa.selenium.WebDriverException: unknown error: Element <a href="#" class="js-show-plans c-filter-modal-v3__show-plans" type="button">...</a> is not clickable at point (187, 629). Other element would receive the click: <iframe src="https://secure.livechatinc.com/licence/11465608/v2/open_chat.cgi?license=11465608&amp;group=0&amp;embedded=1&amp;widget_version=3&amp;unique_groups=0" allowtransparency="true" allow="autoplay" id="chat-widget" name="chat-widget" scrolling="no" role="application" aria-label="LiveChat chat widget" style="width: 100%; height: 100%; min-height: 0px; min-width: 0px; margin: 0px; padding: 0px; background-image: none; background-position: 0% 0%; background-size: initial; background-attachment: scroll; background-origin: initial; background-clip: initial; background-color: rgba(0, 0, 0, 0); border-width: 0px; float: none; position: absolute; top: 0px; left: 0px; bottom: 0px; right: 0px; transition: none 0s ease 0s !important;"></iframe>
  (Session info: chrome=78.0.3904.70)
  (Driver info: chromedriver=2.43.600210 (68dcf5eebde37173d4027fa8635e332711d2874a),platform=Windows NT 6.3.9600 x86_64) (WARNING: The server did not provide any stacktrace information)
Command duration or timeout: 0 milliseconds
Build info: version: '3.7.1', revision: '8a0099a', time: '2017-11-06T21:07:36.161Z'
System info: host: 'WIN-U215233FMVE', ip: '172.30.0.53', os.name: 'Windows Server 2012 R2', os.arch: 'amd64', os.version: '6.3', java.version: '1.8.0_181'
Driver info: com.kms.katalon.selenium.driver.CChromeDriver
Capabilities {acceptInsecureCerts: false, acceptSslCerts: false, applicationCacheEnabled: false, browserConnectionEnabled: false, browserName: chrome, chrome: {chromedriverVersion: 2.43.600210 (68dcf5eebde371..., userDataDir: C:\Users\ADMINI~1\AppData\L...}, cssSelectorsEnabled: true, databaseEnabled: false, goog:chromeOptions: {debuggerAddress: localhost:62870}, handlesAlerts: true, hasTouchScreen: true, javascriptEnabled: true, locationContextEnabled: true, mobileEmulationEnabled: true, nativeEvents: true, networkConnectionEnabled: false, pageLoadStrategy: normal, platform: XP, platformName: XP, rotatable: false, setWindowRect: true, takesHeapSnapshot: true, takesScreenshot: true, unexpectedAlertBehaviour: , unhandledPromptBehavior: , version: 78.0.3904.70, webStorageEnabled: true}
Session ID: e8b0e7af9b5a088bb5ce01ced18ca153)
	at com.kms.katalon.core.keyword.internal.KeywordMain.stepFailed(KeywordMain.groovy:32)
	at com.kms.katalon.core.webui.keyword.internal.WebUIKeywordMain.stepFailed(WebUIKeywordMain.groovy:65)
	at com.kms.katalon.core.webui.keyword.internal.WebUIKeywordMain.runKeyword(WebUIKeywordMain.groovy:27)
	at com.kms.katalon.core.webui.keyword.builtin.ClickKeyword.click(ClickKeyword.groovy:86)
	at com.kms.katalon.core.webui.keyword.builtin.ClickKeyword.execute(ClickKeyword.groovy:67)
	at com.kms.katalon.core.keyword.internal.KeywordExecutor.executeKeywordForPlatform(KeywordExecutor.groovy:53)
	at com.kms.katalon.core.webui.keyword.WebUiBuiltInKeywords.click(WebUiBuiltInKeywords.groovy:616)
	at com.kms.katalon.core.webui.keyword.WebUiBuiltInKeywords$click$3.call(Unknown Source)
	at filter_stm.run(filter_stm:46)
	at com.kms.katalon.core.main.ScriptEngine.run(ScriptEngine.java:194)
	at com.kms.katalon.core.main.ScriptEngine.runScriptAsRawText(ScriptEngine.java:119)
	at com.kms.katalon.core.main.TestCaseExecutor.runScript(TestCaseExecutor.java:328)
	at com.kms.katalon.core.main.TestCaseExecutor.doExecute(TestCaseExecutor.java:319)
	at com.kms.katalon.core.main.TestCaseExecutor.processExecutionPhase(TestCaseExecutor.java:298)
	at com.kms.katalon.core.main.TestCaseExecutor.accessMainPhase(TestCaseExecutor.java:290)
	at com.kms.katalon.core.main.TestCaseExecutor.execute(TestCaseExecutor.java:224)
	at com.kms.katalon.core.main.TestCaseMain.runTestCase(TestCaseMain.java:106)
	at com.kms.katalon.core.keyword.builtin.CallTestCaseKeyword$_callTestCase_closure1.doCall(CallTestCaseKeyword.groovy:59)
	at com.kms.katalon.core.keyword.builtin.CallTestCaseKeyword$_callTestCase_closure1.call(CallTestCaseKeyword.groovy)
	at com.kms.katalon.core.keyword.internal.KeywordMain.runKeyword(KeywordMain.groovy:54)
	at com.kms.katalon.core.keyword.builtin.CallTestCaseKeyword.callTestCase(CallTestCaseKeyword.groovy:80)
	at com.kms.katalon.core.keyword.builtin.CallTestCaseKeyword.execute(CallTestCaseKeyword.groovy:44)
	at com.kms.katalon.core.keyword.internal.KeywordExecutor.executeKeywordForPlatform(KeywordExecutor.groovy:53)
	at com.kms.katalon.core.keyword.BuiltinKeywords.callTestCase(BuiltinKeywords.groovy:334)
	at NationalGeneral.run(NationalGeneral:25)
	at com.kms.katalon.core.main.ScriptEngine.run(ScriptEngine.java:194)
	at com.kms.katalon.core.main.ScriptEngine.runScriptAsRawText(ScriptEngine.java:119)
	at com.kms.katalon.core.main.TestCaseExecutor.runScript(TestCaseExecutor.java:328)
	at com.kms.katalon.core.main.TestCaseExecutor.doExecute(TestCaseExecutor.java:319)
	at com.kms.katalon.core.main.TestCaseExecutor.processExecutionPhase(TestCaseExecutor.java:298)
	at com.kms.katalon.core.main.TestCaseExecutor.accessMainPhase(TestCaseExecutor.java:290)
	at com.kms.katalon.core.main.TestCaseExecutor.execute(TestCaseExecutor.java:224)
	at com.kms.katalon.core.main.TestSuiteExecutor.accessTestCaseMainPhase(TestSuiteExecutor.java:129)
	at com.kms.katalon.core.main.TestSuiteExecutor.accessTestSuiteMainPhase(TestSuiteExecutor.java:112)
	at com.kms.katalon.core.main.TestSuiteExecutor.execute(TestSuiteExecutor.java:81)
	at com.kms.katalon.core.main.TestCaseMain.startTestSuite(TestCaseMain.java:149)
	at com.kms.katalon.core.main.TestCaseMain$startTestSuite$0.call(Unknown Source)
	at TempTestSuite1573563624301.run(TempTestSuite1573563624301.groovy:36)]]></system-err>
      </testcase>
      <testcase name="Test Cases/mobileWeb/stm/Aspen" classname="Test Cases/mobileWeb/stm/Aspen" status="FAILED">
         <failure type="FAILED" message="Test Cases/mobileWeb/stm/Aspen FAILED.
Reason:
com.kms.katalon.core.exception.StepFailedException: Unable to click on object 'Object Repository/mobileSanity/STM/STM Quote Page/a_Show Plans' (Root cause: org.openqa.selenium.WebDriverException: unknown error: Element &lt;a href=&quot;#&quot; class=&quot;js-show-plans c-filter-modal-v3__show-plans&quot; type=&quot;button&quot;>...&lt;/a> is not clickable at point (187, 629). Other element would receive the click: &lt;iframe src=&quot;https://secure.livechatinc.com/licence/11465608/v2/open_chat.cgi?license=11465608&amp;amp;group=0&amp;amp;embedded=1&amp;amp;widget_version=3&amp;amp;unique_groups=0&quot; allowtransparency=&quot;true&quot; allow=&quot;autoplay&quot; id=&quot;chat-widget&quot; name=&quot;chat-widget&quot; scrolling=&quot;no&quot; role=&quot;application&quot; aria-label=&quot;LiveChat chat widget&quot; style=&quot;width: 100%; height: 100%; min-height: 0px; min-width: 0px; margin: 0px; padding: 0px; background-image: none; background-position: 0% 0%; background-size: initial; background-attachment: scroll; background-origin: initial; background-clip: initial; background-color: rgba(0, 0, 0, 0); border-width: 0px; float: none; position: absolute; top: 0px; left: 0px; bottom: 0px; right: 0px; transition: none 0s ease 0s !important;&quot;>&lt;/iframe>
  (Session info: chrome=78.0.3904.70)
  (Driver info: chromedriver=2.43.600210 (68dcf5eebde37173d4027fa8635e332711d2874a),platform=Windows NT 6.3.9600 x86_64) (WARNING: The server did not provide any stacktrace information)
Command duration or timeout: 0 milliseconds
Build info: version: '3.7.1', revision: '8a0099a', time: '2017-11-06T21:07:36.161Z'
System info: host: 'WIN-U215233FMVE', ip: '172.30.0.53', os.name: 'Windows Server 2012 R2', os.arch: 'amd64', os.version: '6.3', java.version: '1.8.0_181'
Driver info: com.kms.katalon.selenium.driver.CChromeDriver
Capabilities {acceptInsecureCerts: false, acceptSslCerts: false, applicationCacheEnabled: false, browserConnectionEnabled: false, browserName: chrome, chrome: {chromedriverVersion: 2.43.600210 (68dcf5eebde371..., userDataDir: C:\Users\ADMINI~1\AppData\L...}, cssSelectorsEnabled: true, databaseEnabled: false, goog:chromeOptions: {debuggerAddress: localhost:62992}, handlesAlerts: true, hasTouchScreen: true, javascriptEnabled: true, locationContextEnabled: true, mobileEmulationEnabled: true, nativeEvents: true, networkConnectionEnabled: false, pageLoadStrategy: normal, platform: XP, platformName: XP, rotatable: false, setWindowRect: true, takesHeapSnapshot: true, takesScreenshot: true, unexpectedAlertBehaviour: , unhandledPromptBehavior: , version: 78.0.3904.70, webStorageEnabled: true}
Session ID: 901c4b13fdf76972d66cc5c4790f10cf)
	at com.kms.katalon.core.keyword.internal.KeywordMain.stepFailed(KeywordMain.groovy:32)
	at com.kms.katalon.core.webui.keyword.internal.WebUIKeywordMain.stepFailed(WebUIKeywordMain.groovy:65)
	at com.kms.katalon.core.webui.keyword.internal.WebUIKeywordMain.runKeyword(WebUIKeywordMain.groovy:27)
	at com.kms.katalon.core.webui.keyword.builtin.ClickKeyword.click(ClickKeyword.groovy:86)
	at com.kms.katalon.core.webui.keyword.builtin.ClickKeyword.execute(ClickKeyword.groovy:67)
	at com.kms.katalon.core.keyword.internal.KeywordExecutor.executeKeywordForPlatform(KeywordExecutor.groovy:53)
	at com.kms.katalon.core.webui.keyword.WebUiBuiltInKeywords.click(WebUiBuiltInKeywords.groovy:616)
	at com.kms.katalon.core.webui.keyword.WebUiBuiltInKeywords$click$3.call(Unknown Source)
	at filter_stm.run(filter_stm:46)
	at com.kms.katalon.core.main.ScriptEngine.run(ScriptEngine.java:194)
	at com.kms.katalon.core.main.ScriptEngine.runScriptAsRawText(ScriptEngine.java:119)
	at com.kms.katalon.core.main.TestCaseExecutor.runScript(TestCaseExecutor.java:328)
	at com.kms.katalon.core.main.TestCaseExecutor.doExecute(TestCaseExecutor.java:319)
	at com.kms.katalon.core.main.TestCaseExecutor.processExecutionPhase(TestCaseExecutor.java:298)
	at com.kms.katalon.core.main.TestCaseExecutor.accessMainPhase(TestCaseExecutor.java:290)
	at com.kms.katalon.core.main.TestCaseExecutor.execute(TestCaseExecutor.java:224)
	at com.kms.katalon.core.main.TestCaseMain.runTestCase(TestCaseMain.java:106)
	at com.kms.katalon.core.keyword.builtin.CallTestCaseKeyword$_callTestCase_closure1.doCall(CallTestCaseKeyword.groovy:59)
	at com.kms.katalon.core.keyword.builtin.CallTestCaseKeyword$_callTestCase_closure1.call(CallTestCaseKeyword.groovy)
	at com.kms.katalon.core.keyword.internal.KeywordMain.runKeyword(KeywordMain.groovy:54)
	at com.kms.katalon.core.keyword.builtin.CallTestCaseKeyword.callTestCase(CallTestCaseKeyword.groovy:80)
	at com.kms.katalon.core.keyword.builtin.CallTestCaseKeyword.execute(CallTestCaseKeyword.groovy:44)
	at com.kms.katalon.core.keyword.internal.KeywordExecutor.executeKeywordForPlatform(KeywordExecutor.groovy:53)
	at com.kms.katalon.core.keyword.BuiltinKeywords.callTestCase(BuiltinKeywords.groovy:334)
	at Aspen.run(Aspen:25)
	at com.kms.katalon.core.main.ScriptEngine.run(ScriptEngine.java:194)
	at com.kms.katalon.core.main.ScriptEngine.runScriptAsRawText(ScriptEngine.java:119)
	at com.kms.katalon.core.main.TestCaseExecutor.runScript(TestCaseExecutor.java:328)
	at com.kms.katalon.core.main.TestCaseExecutor.doExecute(TestCaseExecutor.java:319)
	at com.kms.katalon.core.main.TestCaseExecutor.processExecutionPhase(TestCaseExecutor.java:298)
	at com.kms.katalon.core.main.TestCaseExecutor.accessMainPhase(TestCaseExecutor.java:290)
	at com.kms.katalon.core.main.TestCaseExecutor.execute(TestCaseExecutor.java:224)
	at com.kms.katalon.core.main.TestSuiteExecutor.accessTestCaseMainPhase(TestSuiteExecutor.java:129)
	at com.kms.katalon.core.main.TestSuiteExecutor.accessTestSuiteMainPhase(TestSuiteExecutor.java:112)
	at com.kms.katalon.core.main.TestSuiteExecutor.execute(TestSuiteExecutor.java:81)
	at com.kms.katalon.core.main.TestCaseMain.startTestSuite(TestCaseMain.java:149)
	at com.kms.katalon.core.main.TestCaseMain$startTestSuite$0.call(Unknown Source)
	at TempTestSuite1573563624301.run(TempTestSuite1573563624301.groovy:36)
"/>
         <system-out><![CDATA[2019-11-12 08:09:16 - [TEST_CASE][FAILED] - Test Cases/mobileWeb/stm/Aspen: Test Cases/mobileWeb/stm/Aspen FAILED.
Reason:
com.kms.katalon.core.exception.StepFailedException: Unable to click on object 'Object Repository/mobileSanity/STM/STM Quote Page/a_Show Plans' (Root cause: org.openqa.selenium.WebDriverException: unknown error: Element <a href="#" class="js-show-plans c-filter-modal-v3__show-plans" type="button">...</a> is not clickable at point (187, 629). Other element would receive the click: <iframe src="https://secure.livechatinc.com/licence/11465608/v2/open_chat.cgi?license=11465608&amp;group=0&amp;embedded=1&amp;widget_version=3&amp;unique_groups=0" allowtransparency="true" allow="autoplay" id="chat-widget" name="chat-widget" scrolling="no" role="application" aria-label="LiveChat chat widget" style="width: 100%; height: 100%; min-height: 0px; min-width: 0px; margin: 0px; padding: 0px; background-image: none; background-position: 0% 0%; background-size: initial; background-attachment: scroll; background-origin: initial; background-clip: initial; background-color: rgba(0, 0, 0, 0); border-width: 0px; float: none; position: absolute; top: 0px; left: 0px; bottom: 0px; right: 0px; transition: none 0s ease 0s !important;"></iframe>
  (Session info: chrome=78.0.3904.70)
  (Driver info: chromedriver=2.43.600210 (68dcf5eebde37173d4027fa8635e332711d2874a),platform=Windows NT 6.3.9600 x86_64) (WARNING: The server did not provide any stacktrace information)
Command duration or timeout: 0 milliseconds
Build info: version: '3.7.1', revision: '8a0099a', time: '2017-11-06T21:07:36.161Z'
System info: host: 'WIN-U215233FMVE', ip: '172.30.0.53', os.name: 'Windows Server 2012 R2', os.arch: 'amd64', os.version: '6.3', java.version: '1.8.0_181'
Driver info: com.kms.katalon.selenium.driver.CChromeDriver
Capabilities {acceptInsecureCerts: false, acceptSslCerts: false, applicationCacheEnabled: false, browserConnectionEnabled: false, browserName: chrome, chrome: {chromedriverVersion: 2.43.600210 (68dcf5eebde371..., userDataDir: C:\Users\ADMINI~1\AppData\L...}, cssSelectorsEnabled: true, databaseEnabled: false, goog:chromeOptions: {debuggerAddress: localhost:62992}, handlesAlerts: true, hasTouchScreen: true, javascriptEnabled: true, locationContextEnabled: true, mobileEmulationEnabled: true, nativeEvents: true, networkConnectionEnabled: false, pageLoadStrategy: normal, platform: XP, platformName: XP, rotatable: false, setWindowRect: true, takesHeapSnapshot: true, takesScreenshot: true, unexpectedAlertBehaviour: , unhandledPromptBehavior: , version: 78.0.3904.70, webStorageEnabled: true}
Session ID: 901c4b13fdf76972d66cc5c4790f10cf)
	at com.kms.katalon.core.keyword.internal.KeywordMain.stepFailed(KeywordMain.groovy:32)
	at com.kms.katalon.core.webui.keyword.internal.WebUIKeywordMain.stepFailed(WebUIKeywordMain.groovy:65)
	at com.kms.katalon.core.webui.keyword.internal.WebUIKeywordMain.runKeyword(WebUIKeywordMain.groovy:27)
	at com.kms.katalon.core.webui.keyword.builtin.ClickKeyword.click(ClickKeyword.groovy:86)
	at com.kms.katalon.core.webui.keyword.builtin.ClickKeyword.execute(ClickKeyword.groovy:67)
	at com.kms.katalon.core.keyword.internal.KeywordExecutor.executeKeywordForPlatform(KeywordExecutor.groovy:53)
	at com.kms.katalon.core.webui.keyword.WebUiBuiltInKeywords.click(WebUiBuiltInKeywords.groovy:616)
	at com.kms.katalon.core.webui.keyword.WebUiBuiltInKeywords$click$3.call(Unknown Source)
	at filter_stm.run(filter_stm:46)
	at com.kms.katalon.core.main.ScriptEngine.run(ScriptEngine.java:194)
	at com.kms.katalon.core.main.ScriptEngine.runScriptAsRawText(ScriptEngine.java:119)
	at com.kms.katalon.core.main.TestCaseExecutor.runScript(TestCaseExecutor.java:328)
	at com.kms.katalon.core.main.TestCaseExecutor.doExecute(TestCaseExecutor.java:319)
	at com.kms.katalon.core.main.TestCaseExecutor.processExecutionPhase(TestCaseExecutor.java:298)
	at com.kms.katalon.core.main.TestCaseExecutor.accessMainPhase(TestCaseExecutor.java:290)
	at com.kms.katalon.core.main.TestCaseExecutor.execute(TestCaseExecutor.java:224)
	at com.kms.katalon.core.main.TestCaseMain.runTestCase(TestCaseMain.java:106)
	at com.kms.katalon.core.keyword.builtin.CallTestCaseKeyword$_callTestCase_closure1.doCall(CallTestCaseKeyword.groovy:59)
	at com.kms.katalon.core.keyword.builtin.CallTestCaseKeyword$_callTestCase_closure1.call(CallTestCaseKeyword.groovy)
	at com.kms.katalon.core.keyword.internal.KeywordMain.runKeyword(KeywordMain.groovy:54)
	at com.kms.katalon.core.keyword.builtin.CallTestCaseKeyword.callTestCase(CallTestCaseKeyword.groovy:80)
	at com.kms.katalon.core.keyword.builtin.CallTestCaseKeyword.execute(CallTestCaseKeyword.groovy:44)
	at com.kms.katalon.core.keyword.internal.KeywordExecutor.executeKeywordForPlatform(KeywordExecutor.groovy:53)
	at com.kms.katalon.core.keyword.BuiltinKeywords.callTestCase(BuiltinKeywords.groovy:334)
	at Aspen.run(Aspen:25)
	at com.kms.katalon.core.main.ScriptEngine.run(ScriptEngine.java:194)
	at com.kms.katalon.core.main.ScriptEngine.runScriptAsRawText(ScriptEngine.java:119)
	at com.kms.katalon.core.main.TestCaseExecutor.runScript(TestCaseExecutor.java:328)
	at com.kms.katalon.core.main.TestCaseExecutor.doExecute(TestCaseExecutor.java:319)
	at com.kms.katalon.core.main.TestCaseExecutor.processExecutionPhase(TestCaseExecutor.java:298)
	at com.kms.katalon.core.main.TestCaseExecutor.accessMainPhase(TestCaseExecutor.java:290)
	at com.kms.katalon.core.main.TestCaseExecutor.execute(TestCaseExecutor.java:224)
	at com.kms.katalon.core.main.TestSuiteExecutor.accessTestCaseMainPhase(TestSuiteExecutor.java:129)
	at com.kms.katalon.core.main.TestSuiteExecutor.accessTestSuiteMainPhase(TestSuiteExecutor.java:112)
	at com.kms.katalon.core.main.TestSuiteExecutor.execute(TestSuiteExecutor.java:81)
	at com.kms.katalon.core.main.TestCaseMain.startTestSuite(TestCaseMain.java:149)
	at com.kms.katalon.core.main.TestCaseMain$startTestSuite$0.call(Unknown Source)
	at TempTestSuite1573563624301.run(TempTestSuite1573563624301.groovy:36)


2019-11-12 08:09:16 - [TEST_STEP][PASSED] - callTestCase(findTestCase("mobileWeb/_include/get_screenPath"), ["productLine":"stm", "carrierName":"Aspen"], CONTINUE_ON_FAILURE): Call Test Case 'Test Cases/mobileWeb/_include/get_screenPath' successfully

2019-11-12 08:09:16 - [TEST_CASE][PASSED] - Test Cases/mobileWeb/_include/get_screenPath: Test Cases/mobileWeb/_include/get_screenPath

2019-11-12 08:09:16 - [TEST_STEP][PASSED] - m = getExecutionProperties(): null

2019-11-12 08:09:16 - [TEST_STEP][PASSED] - deviceName = get("mobileEmulation").get("deviceName"): null

2019-11-12 08:09:16 - [TEST_STEP][PASSED] - println(deviceName): null

2019-11-12 08:09:16 - [TEST_STEP][PASSED] - now = new java.util.Date(): null

2019-11-12 08:09:16 - [TEST_STEP][PASSED] - mydate = now.format("yyyyMMdd_HHmmss"): null

2019-11-12 08:09:16 - [TEST_STEP][PASSED] - screenPath = "../Screenshots/": null

2019-11-12 08:09:16 - [TEST_STEP][PASSED] - screenPath = screenPath + deviceName + "/" + productLine + "/" + carrierName + "/" + mydate + "/": null

2019-11-12 08:09:16 - [TEST_STEP][PASSED] - println(screenPath): null

2019-11-12 08:09:16 - [MESSAGE][PASSED] - Call Test Case 'Test Cases/mobileWeb/_include/get_screenPath' successfully

2019-11-12 08:09:16 - [TEST_STEP][PASSED] - i = 0: null

2019-11-12 08:09:16 - [TEST_STEP][PASSED] - callTestCase(findTestCase("mobileWeb/_include/openWebSite"), [:], STOP_ON_FAILURE): Call Test Case 'Test Cases/mobileWeb/_include/openWebSite' successfully

2019-11-12 08:09:16 - [TEST_CASE][PASSED] - Test Cases/mobileWeb/_include/openWebSite: Test Cases/mobileWeb/_include/openWebSite

2019-11-12 08:09:16 - [TEST_STEP][PASSED] - openBrowser(env): Browser is opened with url: 'https://praetemptatus.agilehealthinsurance.com'

2019-11-12 08:09:16 - [MESSAGE][WARNING] - A browser is already opened. Closing browser and opening a new one

2019-11-12 08:09:17 - [MESSAGE][INFO] - Starting 'Chrome' driver

2019-11-12 08:09:17 - [MESSAGE][INFO] - User set preference: ['mobileEmulation', '{deviceName=iPhone 6}']

2019-11-12 08:09:17 - [MESSAGE][INFO] - User set preference: ['args', '[--incognito, --aggressive-cache-discard, --window-size=375,677, --no-sandbox]']

2019-11-12 08:09:19 - [MESSAGE][PASSED] - Browser is opened with url: 'https://praetemptatus.agilehealthinsurance.com'

2019-11-12 08:09:19 - [TEST_STEP][PASSED] - waitForPageLoad(20): Wait for page load successfully

2019-11-12 08:09:19 - [MESSAGE][PASSED] - Wait for page load successfully

2019-11-12 08:09:19 - [TEST_STEP][PASSED] - callTestCase(findTestCase("mobileWeb/_include/get_screenshot"), [:], STOP_ON_FAILURE): Call Test Case 'Test Cases/mobileWeb/_include/get_screenshot' successfully

2019-11-12 08:09:19 - [TEST_CASE][PASSED] - Test Cases/mobileWeb/_include/get_screenshot: Test Cases/mobileWeb/_include/get_screenshot

2019-11-12 08:09:19 - [TEST_STEP][PASSED] - takeScreenshot(screenPath + i + ".png"): Taking screenshot successfully

2019-11-12 08:09:19 - [MESSAGE][PASSED] - Taking screenshot successfully
[[ATTACHMENT|D:\\Test\\AgileTest\\Reports\\mobileWeb\\stm\\20191112_080024\\../Screenshots/iPhone 6/stm/Aspen/20191112_080916/0.png]]

2019-11-12 08:09:19 - [TEST_STEP][PASSED] - (internal.GlobalVariable.i++): null

2019-11-12 08:09:19 - [MESSAGE][PASSED] - Call Test Case 'Test Cases/mobileWeb/_include/get_screenshot' successfully

2019-11-12 08:09:19 - [MESSAGE][PASSED] - Call Test Case 'Test Cases/mobileWeb/_include/openWebSite' successfully

2019-11-12 08:09:19 - [TEST_STEP][PASSED] - callTestCase(findTestCase("mobileWeb/_include/census_stm"), ["zipcode":"60602"], STOP_ON_FAILURE): Call Test Case 'Test Cases/mobileWeb/_include/census_stm' successfully

2019-11-12 08:09:19 - [TEST_CASE][PASSED] - Test Cases/mobileWeb/_include/census_stm: Test Cases/mobileWeb/_include/census_stm

2019-11-12 08:09:19 - [TEST_STEP][PASSED] - waitForElementClickable(findTestObject("mobileSanity/STM/Home Page/a_Quote  Save Today"), 10): Object 'Object Repository/mobileSanity/STM/Home Page/a_Quote  Save Today' is clickable

2019-11-12 08:09:20 - [MESSAGE][PASSED] - Object 'Object Repository/mobileSanity/STM/Home Page/a_Quote  Save Today' is clickable

2019-11-12 08:09:20 - [TEST_STEP][PASSED] - click(findTestObject("mobileSanity/STM/Home Page/a_Quote  Save Today")): Object: 'Object Repository/mobileSanity/STM/Home Page/a_Quote  Save Today' is clicked on

2019-11-12 08:09:20 - [MESSAGE][PASSED] - Object: 'Object Repository/mobileSanity/STM/Home Page/a_Quote  Save Today' is clicked on

2019-11-12 08:09:20 - [TEST_STEP][PASSED] - waitForPageLoad(10): Wait for page load successfully

2019-11-12 08:09:20 - [MESSAGE][PASSED] - Wait for page load successfully

2019-11-12 08:09:20 - [TEST_STEP][PASSED] - callTestCase(findTestCase("mobileWeb/_include/get_screenshot"), [:], STOP_ON_FAILURE): Call Test Case 'Test Cases/mobileWeb/_include/get_screenshot' successfully

2019-11-12 08:09:20 - [TEST_CASE][PASSED] - Test Cases/mobileWeb/_include/get_screenshot: Test Cases/mobileWeb/_include/get_screenshot

2019-11-12 08:09:20 - [TEST_STEP][PASSED] - takeScreenshot(screenPath + i + ".png"): Taking screenshot successfully

2019-11-12 08:09:21 - [MESSAGE][PASSED] - Taking screenshot successfully
[[ATTACHMENT|D:\\Test\\AgileTest\\Reports\\mobileWeb\\stm\\20191112_080024\\../Screenshots/iPhone 6/stm/Aspen/20191112_080916/1.png]]

2019-11-12 08:09:21 - [TEST_STEP][PASSED] - (internal.GlobalVariable.i++): null

2019-11-12 08:09:21 - [MESSAGE][PASSED] - Call Test Case 'Test Cases/mobileWeb/_include/get_screenshot' successfully

2019-11-12 08:09:21 - [TEST_STEP][PASSED] - setText(findTestObject("mobileSanity/STM/STM Census Page/input_Location_zip-input"), zipcode): Text '60602' is set on object 'Object Repository/mobileSanity/STM/STM Census Page/input_Location_zip-input'

2019-11-12 08:09:21 - [MESSAGE][PASSED] - Text '60602' is set on object 'Object Repository/mobileSanity/STM/STM Census Page/input_Location_zip-input'

2019-11-12 08:09:21 - [TEST_STEP][PASSED] - Thread.sleep(500): null

2019-11-12 08:09:22 - [TEST_STEP][PASSED] - setText(findTestObject("mobileSanity/STM/STM Census Page/input_Date of Birth_dob-0"), "03031987"): Text '03031987' is set on object 'Object Repository/mobileSanity/STM/STM Census Page/input_Date of Birth_dob-0'

2019-11-12 08:09:22 - [MESSAGE][PASSED] - Text '03031987' is set on object 'Object Repository/mobileSanity/STM/STM Census Page/input_Date of Birth_dob-0'

2019-11-12 08:09:22 - [TEST_STEP][PASSED] - click(findTestObject("mobileSanity/STM/STM Census Page/label_Male")): Object: 'Object Repository/mobileSanity/STM/STM Census Page/label_Male' is clicked on

2019-11-12 08:09:22 - [MESSAGE][PASSED] - Object: 'Object Repository/mobileSanity/STM/STM Census Page/label_Male' is clicked on

2019-11-12 08:09:22 - [TEST_STEP][PASSED] - click(findTestObject("mobileSanity/STM/STM Census Page/label_Compare Plans")): Object: 'Object Repository/mobileSanity/STM/STM Census Page/label_Compare Plans' is clicked on

2019-11-12 08:09:24 - [MESSAGE][PASSED] - Object: 'Object Repository/mobileSanity/STM/STM Census Page/label_Compare Plans' is clicked on

2019-11-12 08:09:24 - [TEST_STEP][PASSED] - waitForElementVisible(findTestObject("mobileSanity/STM/STM Quote Page/button_sort"), 20): Object 'Object Repository/mobileSanity/STM/STM Quote Page/button_sort' is visible

2019-11-12 08:09:25 - [MESSAGE][PASSED] - Object 'Object Repository/mobileSanity/STM/STM Quote Page/button_sort' is visible

2019-11-12 08:09:25 - [TEST_STEP][PASSED] - Thread.sleep(3000): null

2019-11-12 08:09:28 - [TEST_STEP][PASSED] - callTestCase(findTestCase("mobileWeb/_include/get_screenshot"), [:], STOP_ON_FAILURE): Call Test Case 'Test Cases/mobileWeb/_include/get_screenshot' successfully

2019-11-12 08:09:28 - [TEST_CASE][PASSED] - Test Cases/mobileWeb/_include/get_screenshot: Test Cases/mobileWeb/_include/get_screenshot

2019-11-12 08:09:28 - [TEST_STEP][PASSED] - takeScreenshot(screenPath + i + ".png"): Taking screenshot successfully

2019-11-12 08:09:28 - [MESSAGE][PASSED] - Taking screenshot successfully
[[ATTACHMENT|D:\\Test\\AgileTest\\Reports\\mobileWeb\\stm\\20191112_080024\\../Screenshots/iPhone 6/stm/Aspen/20191112_080916/2.png]]

2019-11-12 08:09:28 - [TEST_STEP][PASSED] - (internal.GlobalVariable.i++): null

2019-11-12 08:09:28 - [MESSAGE][PASSED] - Call Test Case 'Test Cases/mobileWeb/_include/get_screenshot' successfully

2019-11-12 08:09:28 - [TEST_STEP][PASSED] - Thread.sleep(1000): null

2019-11-12 08:09:29 - [MESSAGE][PASSED] - Call Test Case 'Test Cases/mobileWeb/_include/census_stm' successfully

2019-11-12 08:09:29 - [TEST_STEP][FAILED] - callTestCase(findTestCase("mobileWeb/_include/filter_stm"), ["carrier":"aspen"], STOP_ON_FAILURE): callTestCase(findTestCase("mobileWeb/_include/filter_stm"), ["carrier":"aspen"], STOP_ON_FAILURE) FAILED.
Reason:
com.kms.katalon.core.exception.StepFailedException: Unable to click on object 'Object Repository/mobileSanity/STM/STM Quote Page/a_Show Plans' (Root cause: org.openqa.selenium.WebDriverException: unknown error: Element <a href="#" class="js-show-plans c-filter-modal-v3__show-plans" type="button">...</a> is not clickable at point (187, 629). Other element would receive the click: <iframe src="https://secure.livechatinc.com/licence/11465608/v2/open_chat.cgi?license=11465608&amp;group=0&amp;embedded=1&amp;widget_version=3&amp;unique_groups=0" allowtransparency="true" allow="autoplay" id="chat-widget" name="chat-widget" scrolling="no" role="application" aria-label="LiveChat chat widget" style="width: 100%; height: 100%; min-height: 0px; min-width: 0px; margin: 0px; padding: 0px; background-image: none; background-position: 0% 0%; background-size: initial; background-attachment: scroll; background-origin: initial; background-clip: initial; background-color: rgba(0, 0, 0, 0); border-width: 0px; float: none; position: absolute; top: 0px; left: 0px; bottom: 0px; right: 0px; transition: none 0s ease 0s !important;"></iframe>
  (Session info: chrome=78.0.3904.70)
  (Driver info: chromedriver=2.43.600210 (68dcf5eebde37173d4027fa8635e332711d2874a),platform=Windows NT 6.3.9600 x86_64) (WARNING: The server did not provide any stacktrace information)
Command duration or timeout: 0 milliseconds
Build info: version: '3.7.1', revision: '8a0099a', time: '2017-11-06T21:07:36.161Z'
System info: host: 'WIN-U215233FMVE', ip: '172.30.0.53', os.name: 'Windows Server 2012 R2', os.arch: 'amd64', os.version: '6.3', java.version: '1.8.0_181'
Driver info: com.kms.katalon.selenium.driver.CChromeDriver
Capabilities {acceptInsecureCerts: false, acceptSslCerts: false, applicationCacheEnabled: false, browserConnectionEnabled: false, browserName: chrome, chrome: {chromedriverVersion: 2.43.600210 (68dcf5eebde371..., userDataDir: C:\Users\ADMINI~1\AppData\L...}, cssSelectorsEnabled: true, databaseEnabled: false, goog:chromeOptions: {debuggerAddress: localhost:62992}, handlesAlerts: true, hasTouchScreen: true, javascriptEnabled: true, locationContextEnabled: true, mobileEmulationEnabled: true, nativeEvents: true, networkConnectionEnabled: false, pageLoadStrategy: normal, platform: XP, platformName: XP, rotatable: false, setWindowRect: true, takesHeapSnapshot: true, takesScreenshot: true, unexpectedAlertBehaviour: , unhandledPromptBehavior: , version: 78.0.3904.70, webStorageEnabled: true}
Session ID: 901c4b13fdf76972d66cc5c4790f10cf)
	at com.kms.katalon.core.keyword.internal.KeywordMain.stepFailed(KeywordMain.groovy:32)
	at com.kms.katalon.core.webui.keyword.internal.WebUIKeywordMain.stepFailed(WebUIKeywordMain.groovy:65)
	at com.kms.katalon.core.webui.keyword.internal.WebUIKeywordMain.runKeyword(WebUIKeywordMain.groovy:27)
	at com.kms.katalon.core.webui.keyword.builtin.ClickKeyword.click(ClickKeyword.groovy:86)
	at com.kms.katalon.core.webui.keyword.builtin.ClickKeyword.execute(ClickKeyword.groovy:67)
	at com.kms.katalon.core.keyword.internal.KeywordExecutor.executeKeywordForPlatform(KeywordExecutor.groovy:53)
	at com.kms.katalon.core.webui.keyword.WebUiBuiltInKeywords.click(WebUiBuiltInKeywords.groovy:616)
	at com.kms.katalon.core.webui.keyword.WebUiBuiltInKeywords$click$3.call(Unknown Source)
	at filter_stm.run(filter_stm:46)
	at com.kms.katalon.core.main.ScriptEngine.run(ScriptEngine.java:194)
	at com.kms.katalon.core.main.ScriptEngine.runScriptAsRawText(ScriptEngine.java:119)
	at com.kms.katalon.core.main.TestCaseExecutor.runScript(TestCaseExecutor.java:328)
	at com.kms.katalon.core.main.TestCaseExecutor.doExecute(TestCaseExecutor.java:319)
	at com.kms.katalon.core.main.TestCaseExecutor.processExecutionPhase(TestCaseExecutor.java:298)
	at com.kms.katalon.core.main.TestCaseExecutor.accessMainPhase(TestCaseExecutor.java:290)
	at com.kms.katalon.core.main.TestCaseExecutor.execute(TestCaseExecutor.java:224)
	at com.kms.katalon.core.main.TestCaseMain.runTestCase(TestCaseMain.java:106)
	at com.kms.katalon.core.keyword.builtin.CallTestCaseKeyword$_callTestCase_closure1.doCall(CallTestCaseKeyword.groovy:59)
	at com.kms.katalon.core.keyword.builtin.CallTestCaseKeyword$_callTestCase_closure1.call(CallTestCaseKeyword.groovy)
	at com.kms.katalon.core.keyword.internal.KeywordMain.runKeyword(KeywordMain.groovy:54)
	at com.kms.katalon.core.keyword.builtin.CallTestCaseKeyword.callTestCase(CallTestCaseKeyword.groovy:80)
	at com.kms.katalon.core.keyword.builtin.CallTestCaseKeyword.execute(CallTestCaseKeyword.groovy:44)
	at com.kms.katalon.core.keyword.internal.KeywordExecutor.executeKeywordForPlatform(KeywordExecutor.groovy:53)
	at com.kms.katalon.core.keyword.BuiltinKeywords.callTestCase(BuiltinKeywords.groovy:334)
	at Aspen.run(Aspen:25)
	at com.kms.katalon.core.main.ScriptEngine.run(ScriptEngine.java:194)
	at com.kms.katalon.core.main.ScriptEngine.runScriptAsRawText(ScriptEngine.java:119)
	at com.kms.katalon.core.main.TestCaseExecutor.runScript(TestCaseExecutor.java:328)
	at com.kms.katalon.core.main.TestCaseExecutor.doExecute(TestCaseExecutor.java:319)
	at com.kms.katalon.core.main.TestCaseExecutor.processExecutionPhase(TestCaseExecutor.java:298)
	at com.kms.katalon.core.main.TestCaseExecutor.accessMainPhase(TestCaseExecutor.java:290)
	at com.kms.katalon.core.main.TestCaseExecutor.execute(TestCaseExecutor.java:224)
	at com.kms.katalon.core.main.TestSuiteExecutor.accessTestCaseMainPhase(TestSuiteExecutor.java:129)
	at com.kms.katalon.core.main.TestSuiteExecutor.accessTestSuiteMainPhase(TestSuiteExecutor.java:112)
	at com.kms.katalon.core.main.TestSuiteExecutor.execute(TestSuiteExecutor.java:81)
	at com.kms.katalon.core.main.TestCaseMain.startTestSuite(TestCaseMain.java:149)
	at com.kms.katalon.core.main.TestCaseMain$startTestSuite$0.call(Unknown Source)
	at TempTestSuite1573563624301.run(TempTestSuite1573563624301.groovy:36)


2019-11-12 08:09:29 - [TEST_CASE][FAILED] - Test Cases/mobileWeb/_include/filter_stm: Test Cases/mobileWeb/_include/filter_stm FAILED.
Reason:
com.kms.katalon.core.exception.StepFailedException: Unable to click on object 'Object Repository/mobileSanity/STM/STM Quote Page/a_Show Plans' (Root cause: org.openqa.selenium.WebDriverException: unknown error: Element <a href="#" class="js-show-plans c-filter-modal-v3__show-plans" type="button">...</a> is not clickable at point (187, 629). Other element would receive the click: <iframe src="https://secure.livechatinc.com/licence/11465608/v2/open_chat.cgi?license=11465608&amp;group=0&amp;embedded=1&amp;widget_version=3&amp;unique_groups=0" allowtransparency="true" allow="autoplay" id="chat-widget" name="chat-widget" scrolling="no" role="application" aria-label="LiveChat chat widget" style="width: 100%; height: 100%; min-height: 0px; min-width: 0px; margin: 0px; padding: 0px; background-image: none; background-position: 0% 0%; background-size: initial; background-attachment: scroll; background-origin: initial; background-clip: initial; background-color: rgba(0, 0, 0, 0); border-width: 0px; float: none; position: absolute; top: 0px; left: 0px; bottom: 0px; right: 0px; transition: none 0s ease 0s !important;"></iframe>
  (Session info: chrome=78.0.3904.70)
  (Driver info: chromedriver=2.43.600210 (68dcf5eebde37173d4027fa8635e332711d2874a),platform=Windows NT 6.3.9600 x86_64) (WARNING: The server did not provide any stacktrace information)
Command duration or timeout: 0 milliseconds
Build info: version: '3.7.1', revision: '8a0099a', time: '2017-11-06T21:07:36.161Z'
System info: host: 'WIN-U215233FMVE', ip: '172.30.0.53', os.name: 'Windows Server 2012 R2', os.arch: 'amd64', os.version: '6.3', java.version: '1.8.0_181'
Driver info: com.kms.katalon.selenium.driver.CChromeDriver
Capabilities {acceptInsecureCerts: false, acceptSslCerts: false, applicationCacheEnabled: false, browserConnectionEnabled: false, browserName: chrome, chrome: {chromedriverVersion: 2.43.600210 (68dcf5eebde371..., userDataDir: C:\Users\ADMINI~1\AppData\L...}, cssSelectorsEnabled: true, databaseEnabled: false, goog:chromeOptions: {debuggerAddress: localhost:62992}, handlesAlerts: true, hasTouchScreen: true, javascriptEnabled: true, locationContextEnabled: true, mobileEmulationEnabled: true, nativeEvents: true, networkConnectionEnabled: false, pageLoadStrategy: normal, platform: XP, platformName: XP, rotatable: false, setWindowRect: true, takesHeapSnapshot: true, takesScreenshot: true, unexpectedAlertBehaviour: , unhandledPromptBehavior: , version: 78.0.3904.70, webStorageEnabled: true}
Session ID: 901c4b13fdf76972d66cc5c4790f10cf)
	at com.kms.katalon.core.keyword.internal.KeywordMain.stepFailed(KeywordMain.groovy:32)
	at com.kms.katalon.core.webui.keyword.internal.WebUIKeywordMain.stepFailed(WebUIKeywordMain.groovy:65)
	at com.kms.katalon.core.webui.keyword.internal.WebUIKeywordMain.runKeyword(WebUIKeywordMain.groovy:27)
	at com.kms.katalon.core.webui.keyword.builtin.ClickKeyword.click(ClickKeyword.groovy:86)
	at com.kms.katalon.core.webui.keyword.builtin.ClickKeyword.execute(ClickKeyword.groovy:67)
	at com.kms.katalon.core.keyword.internal.KeywordExecutor.executeKeywordForPlatform(KeywordExecutor.groovy:53)
	at com.kms.katalon.core.webui.keyword.WebUiBuiltInKeywords.click(WebUiBuiltInKeywords.groovy:616)
	at com.kms.katalon.core.webui.keyword.WebUiBuiltInKeywords$click$3.call(Unknown Source)
	at filter_stm.run(filter_stm:46)
	at com.kms.katalon.core.main.ScriptEngine.run(ScriptEngine.java:194)
	at com.kms.katalon.core.main.ScriptEngine.runScriptAsRawText(ScriptEngine.java:119)
	at com.kms.katalon.core.main.TestCaseExecutor.runScript(TestCaseExecutor.java:328)
	at com.kms.katalon.core.main.TestCaseExecutor.doExecute(TestCaseExecutor.java:319)
	at com.kms.katalon.core.main.TestCaseExecutor.processExecutionPhase(TestCaseExecutor.java:298)
	at com.kms.katalon.core.main.TestCaseExecutor.accessMainPhase(TestCaseExecutor.java:290)
	at com.kms.katalon.core.main.TestCaseExecutor.execute(TestCaseExecutor.java:224)
	at com.kms.katalon.core.main.TestCaseMain.runTestCase(TestCaseMain.java:106)
	at com.kms.katalon.core.keyword.builtin.CallTestCaseKeyword$_callTestCase_closure1.doCall(CallTestCaseKeyword.groovy:59)
	at com.kms.katalon.core.keyword.builtin.CallTestCaseKeyword$_callTestCase_closure1.call(CallTestCaseKeyword.groovy)
	at com.kms.katalon.core.keyword.internal.KeywordMain.runKeyword(KeywordMain.groovy:54)
	at com.kms.katalon.core.keyword.builtin.CallTestCaseKeyword.callTestCase(CallTestCaseKeyword.groovy:80)
	at com.kms.katalon.core.keyword.builtin.CallTestCaseKeyword.execute(CallTestCaseKeyword.groovy:44)
	at com.kms.katalon.core.keyword.internal.KeywordExecutor.executeKeywordForPlatform(KeywordExecutor.groovy:53)
	at com.kms.katalon.core.keyword.BuiltinKeywords.callTestCase(BuiltinKeywords.groovy:334)
	at Aspen.run(Aspen:25)
	at com.kms.katalon.core.main.ScriptEngine.run(ScriptEngine.java:194)
	at com.kms.katalon.core.main.ScriptEngine.runScriptAsRawText(ScriptEngine.java:119)
	at com.kms.katalon.core.main.TestCaseExecutor.runScript(TestCaseExecutor.java:328)
	at com.kms.katalon.core.main.TestCaseExecutor.doExecute(TestCaseExecutor.java:319)
	at com.kms.katalon.core.main.TestCaseExecutor.processExecutionPhase(TestCaseExecutor.java:298)
	at com.kms.katalon.core.main.TestCaseExecutor.accessMainPhase(TestCaseExecutor.java:290)
	at com.kms.katalon.core.main.TestCaseExecutor.execute(TestCaseExecutor.java:224)
	at com.kms.katalon.core.main.TestSuiteExecutor.accessTestCaseMainPhase(TestSuiteExecutor.java:129)
	at com.kms.katalon.core.main.TestSuiteExecutor.accessTestSuiteMainPhase(TestSuiteExecutor.java:112)
	at com.kms.katalon.core.main.TestSuiteExecutor.execute(TestSuiteExecutor.java:81)
	at com.kms.katalon.core.main.TestCaseMain.startTestSuite(TestCaseMain.java:149)
	at com.kms.katalon.core.main.TestCaseMain$startTestSuite$0.call(Unknown Source)
	at TempTestSuite1573563624301.run(TempTestSuite1573563624301.groovy:36)


2019-11-12 08:09:29 - [TEST_STEP][PASSED] - driver = getWebDriver(): null

2019-11-12 08:09:29 - [TEST_STEP][PASSED] - selenium = new com.thoughtworks.selenium.webdriven.WebDriverBackedSelenium(driver, internal.GlobalVariable.ENV): null

2019-11-12 08:09:29 - [TEST_STEP][PASSED] - Thread.sleep(1000): null

2019-11-12 08:09:30 - [TEST_STEP][PASSED] - click(findTestObject("mobileSanity/STM/STM Quote Page/button_filters")): Object: 'Object Repository/mobileSanity/STM/STM Quote Page/button_filters' is clicked on

2019-11-12 08:09:30 - [MESSAGE][PASSED] - Object: 'Object Repository/mobileSanity/STM/STM Quote Page/button_filters' is clicked on

2019-11-12 08:09:30 - [TEST_STEP][PASSED] - Thread.sleep(1000): null

2019-11-12 08:09:31 - [TEST_STEP][PASSED] - click(findTestObject("mobileSanity/STM/STM Quote Page/i_Insurance company")): Object: 'Object Repository/mobileSanity/STM/STM Quote Page/i_Insurance company' is clicked on

2019-11-12 08:09:32 - [MESSAGE][PASSED] - Object: 'Object Repository/mobileSanity/STM/STM Quote Page/i_Insurance company' is clicked on

2019-11-12 08:09:32 - [TEST_STEP][PASSED] - Thread.sleep(1000): null

2019-11-12 08:09:33 - [TEST_STEP][PASSED] - filter_carrier = "//input[@name='filter[carrier]' and @value='" + carrier + "']/following::label": null

2019-11-12 08:09:33 - [TEST_STEP][PASSED] - println(filter_carrier): null

2019-11-12 08:09:33 - [TEST_STEP][PASSED] - test.MobileKeywords.clickJS_ByXpath(filter_carrier): test.MobileKeywords.clickJS_ByXpath is PASSED

2019-11-12 08:09:33 - [MESSAGE][PASSED] - Execute JavaScript 'arguments[0].click()' successfully

2019-11-12 08:09:33 - [MESSAGE][PASSED] - test.MobileKeywords.clickJS_ByXpath is PASSED

2019-11-12 08:09:33 - [TEST_STEP][PASSED] - Thread.sleep(1000): null

2019-11-12 08:09:34 - [TEST_STEP][PASSED] - scrollToElement(findTestObject("mobileSanity/STM/STM Quote Page/a_Show Plans"), 1000): Scroll to object 'Object Repository/mobileSanity/STM/STM Quote Page/a_Show Plans' successfully

2019-11-12 08:09:34 - [MESSAGE][PASSED] - Scroll to object 'Object Repository/mobileSanity/STM/STM Quote Page/a_Show Plans' successfully

2019-11-12 08:09:34 - [TEST_STEP][FAILED] - click(findTestObject("mobileSanity/STM/STM Quote Page/a_Show Plans")): Unable to click on object 'Object Repository/mobileSanity/STM/STM Quote Page/a_Show Plans' (Root cause: org.openqa.selenium.WebDriverException: unknown error: Element <a href="#" class="js-show-plans c-filter-modal-v3__show-plans" type="button">...</a> is not clickable at point (187, 629). Other element would receive the click: <iframe src="https://secure.livechatinc.com/licence/11465608/v2/open_chat.cgi?license=11465608&amp;group=0&amp;embedded=1&amp;widget_version=3&amp;unique_groups=0" allowtransparency="true" allow="autoplay" id="chat-widget" name="chat-widget" scrolling="no" role="application" aria-label="LiveChat chat widget" style="width: 100%; height: 100%; min-height: 0px; min-width: 0px; margin: 0px; padding: 0px; background-image: none; background-position: 0% 0%; background-size: initial; background-attachment: scroll; background-origin: initial; background-clip: initial; background-color: rgba(0, 0, 0, 0); border-width: 0px; float: none; position: absolute; top: 0px; left: 0px; bottom: 0px; right: 0px; transition: none 0s ease 0s !important;"></iframe>
  (Session info: chrome=78.0.3904.70)
  (Driver info: chromedriver=2.43.600210 (68dcf5eebde37173d4027fa8635e332711d2874a),platform=Windows NT 6.3.9600 x86_64) (WARNING: The server did not provide any stacktrace information)
Command duration or timeout: 0 milliseconds
Build info: version: '3.7.1', revision: '8a0099a', time: '2017-11-06T21:07:36.161Z'
System info: host: 'WIN-U215233FMVE', ip: '172.30.0.53', os.name: 'Windows Server 2012 R2', os.arch: 'amd64', os.version: '6.3', java.version: '1.8.0_181'
Driver info: com.kms.katalon.selenium.driver.CChromeDriver
Capabilities {acceptInsecureCerts: false, acceptSslCerts: false, applicationCacheEnabled: false, browserConnectionEnabled: false, browserName: chrome, chrome: {chromedriverVersion: 2.43.600210 (68dcf5eebde371..., userDataDir: C:\Users\ADMINI~1\AppData\L...}, cssSelectorsEnabled: true, databaseEnabled: false, goog:chromeOptions: {debuggerAddress: localhost:62992}, handlesAlerts: true, hasTouchScreen: true, javascriptEnabled: true, locationContextEnabled: true, mobileEmulationEnabled: true, nativeEvents: true, networkConnectionEnabled: false, pageLoadStrategy: normal, platform: XP, platformName: XP, rotatable: false, setWindowRect: true, takesHeapSnapshot: true, takesScreenshot: true, unexpectedAlertBehaviour: , unhandledPromptBehavior: , version: 78.0.3904.70, webStorageEnabled: true}
Session ID: 901c4b13fdf76972d66cc5c4790f10cf)

2019-11-12 08:09:34 - [MESSAGE][FAILED] - Unable to click on object 'Object Repository/mobileSanity/STM/STM Quote Page/a_Show Plans' (Root cause: org.openqa.selenium.WebDriverException: unknown error: Element <a href="#" class="js-show-plans c-filter-modal-v3__show-plans" type="button">...</a> is not clickable at point (187, 629). Other element would receive the click: <iframe src="https://secure.livechatinc.com/licence/11465608/v2/open_chat.cgi?license=11465608&amp;group=0&amp;embedded=1&amp;widget_version=3&amp;unique_groups=0" allowtransparency="true" allow="autoplay" id="chat-widget" name="chat-widget" scrolling="no" role="application" aria-label="LiveChat chat widget" style="width: 100%; height: 100%; min-height: 0px; min-width: 0px; margin: 0px; padding: 0px; background-image: none; background-position: 0% 0%; background-size: initial; background-attachment: scroll; background-origin: initial; background-clip: initial; background-color: rgba(0, 0, 0, 0); border-width: 0px; float: none; position: absolute; top: 0px; left: 0px; bottom: 0px; right: 0px; transition: none 0s ease 0s !important;"></iframe>
  (Session info: chrome=78.0.3904.70)
  (Driver info: chromedriver=2.43.600210 (68dcf5eebde37173d4027fa8635e332711d2874a),platform=Windows NT 6.3.9600 x86_64) (WARNING: The server did not provide any stacktrace information)
Command duration or timeout: 0 milliseconds
Build info: version: '3.7.1', revision: '8a0099a', time: '2017-11-06T21:07:36.161Z'
System info: host: 'WIN-U215233FMVE', ip: '172.30.0.53', os.name: 'Windows Server 2012 R2', os.arch: 'amd64', os.version: '6.3', java.version: '1.8.0_181'
Driver info: com.kms.katalon.selenium.driver.CChromeDriver
Capabilities {acceptInsecureCerts: false, acceptSslCerts: false, applicationCacheEnabled: false, browserConnectionEnabled: false, browserName: chrome, chrome: {chromedriverVersion: 2.43.600210 (68dcf5eebde371..., userDataDir: C:\Users\ADMINI~1\AppData\L...}, cssSelectorsEnabled: true, databaseEnabled: false, goog:chromeOptions: {debuggerAddress: localhost:62992}, handlesAlerts: true, hasTouchScreen: true, javascriptEnabled: true, locationContextEnabled: true, mobileEmulationEnabled: true, nativeEvents: true, networkConnectionEnabled: false, pageLoadStrategy: normal, platform: XP, platformName: XP, rotatable: false, setWindowRect: true, takesHeapSnapshot: true, takesScreenshot: true, unexpectedAlertBehaviour: , unhandledPromptBehavior: , version: 78.0.3904.70, webStorageEnabled: true}
Session ID: 901c4b13fdf76972d66cc5c4790f10cf)
[[ATTACHMENT|D:\\Test\\AgileTest\\Reports\\mobileWeb\\stm\\20191112_080024\\1573564174367.png]]

2019-11-12 08:09:34 - [TEST_STEP][PASSED] - waitForJQueryLoad(20, STOP_ON_FAILURE): jQuery is ready.

2019-11-12 08:09:34 - [MESSAGE][PASSED] - jQuery is ready.

2019-11-12 08:09:34 - [TEST_STEP][PASSED] - Thread.sleep(2000): null

2019-11-12 08:09:36 - [TEST_STEP][FAILED] - callTestCase(findTestCase("mobileWeb/_include/get_screenshot"), [:], STOP_ON_FAILURE): callTestCase(findTestCase("mobileWeb/_include/get_screenshot"), [:], STOP_ON_FAILURE) FAILED.
Reason:
com.kms.katalon.core.exception.StepFailedException: Unable to click on object 'Object Repository/mobileSanity/STM/STM Quote Page/a_Show Plans' (Root cause: org.openqa.selenium.WebDriverException: unknown error: Element <a href="#" class="js-show-plans c-filter-modal-v3__show-plans" type="button">...</a> is not clickable at point (187, 629). Other element would receive the click: <iframe src="https://secure.livechatinc.com/licence/11465608/v2/open_chat.cgi?license=11465608&amp;group=0&amp;embedded=1&amp;widget_version=3&amp;unique_groups=0" allowtransparency="true" allow="autoplay" id="chat-widget" name="chat-widget" scrolling="no" role="application" aria-label="LiveChat chat widget" style="width: 100%; height: 100%; min-height: 0px; min-width: 0px; margin: 0px; padding: 0px; background-image: none; background-position: 0% 0%; background-size: initial; background-attachment: scroll; background-origin: initial; background-clip: initial; background-color: rgba(0, 0, 0, 0); border-width: 0px; float: none; position: absolute; top: 0px; left: 0px; bottom: 0px; right: 0px; transition: none 0s ease 0s !important;"></iframe>
  (Session info: chrome=78.0.3904.70)
  (Driver info: chromedriver=2.43.600210 (68dcf5eebde37173d4027fa8635e332711d2874a),platform=Windows NT 6.3.9600 x86_64) (WARNING: The server did not provide any stacktrace information)
Command duration or timeout: 0 milliseconds
Build info: version: '3.7.1', revision: '8a0099a', time: '2017-11-06T21:07:36.161Z'
System info: host: 'WIN-U215233FMVE', ip: '172.30.0.53', os.name: 'Windows Server 2012 R2', os.arch: 'amd64', os.version: '6.3', java.version: '1.8.0_181'
Driver info: com.kms.katalon.selenium.driver.CChromeDriver
Capabilities {acceptInsecureCerts: false, acceptSslCerts: false, applicationCacheEnabled: false, browserConnectionEnabled: false, browserName: chrome, chrome: {chromedriverVersion: 2.43.600210 (68dcf5eebde371..., userDataDir: C:\Users\ADMINI~1\AppData\L...}, cssSelectorsEnabled: true, databaseEnabled: false, goog:chromeOptions: {debuggerAddress: localhost:62992}, handlesAlerts: true, hasTouchScreen: true, javascriptEnabled: true, locationContextEnabled: true, mobileEmulationEnabled: true, nativeEvents: true, networkConnectionEnabled: false, pageLoadStrategy: normal, platform: XP, platformName: XP, rotatable: false, setWindowRect: true, takesHeapSnapshot: true, takesScreenshot: true, unexpectedAlertBehaviour: , unhandledPromptBehavior: , version: 78.0.3904.70, webStorageEnabled: true}
Session ID: 901c4b13fdf76972d66cc5c4790f10cf)
	at com.kms.katalon.core.keyword.internal.KeywordMain.stepFailed(KeywordMain.groovy:32)
	at com.kms.katalon.core.webui.keyword.internal.WebUIKeywordMain.stepFailed(WebUIKeywordMain.groovy:65)
	at com.kms.katalon.core.webui.keyword.internal.WebUIKeywordMain.runKeyword(WebUIKeywordMain.groovy:27)
	at com.kms.katalon.core.webui.keyword.builtin.ClickKeyword.click(ClickKeyword.groovy:86)
	at com.kms.katalon.core.webui.keyword.builtin.ClickKeyword.execute(ClickKeyword.groovy:67)
	at com.kms.katalon.core.keyword.internal.KeywordExecutor.executeKeywordForPlatform(KeywordExecutor.groovy:53)
	at com.kms.katalon.core.webui.keyword.WebUiBuiltInKeywords.click(WebUiBuiltInKeywords.groovy:616)
	at com.kms.katalon.core.webui.keyword.WebUiBuiltInKeywords$click$3.call(Unknown Source)
	at filter_stm.run(filter_stm:46)
	at com.kms.katalon.core.main.ScriptEngine.run(ScriptEngine.java:194)
	at com.kms.katalon.core.main.ScriptEngine.runScriptAsRawText(ScriptEngine.java:119)
	at com.kms.katalon.core.main.TestCaseExecutor.runScript(TestCaseExecutor.java:328)
	at com.kms.katalon.core.main.TestCaseExecutor.doExecute(TestCaseExecutor.java:319)
	at com.kms.katalon.core.main.TestCaseExecutor.processExecutionPhase(TestCaseExecutor.java:298)
	at com.kms.katalon.core.main.TestCaseExecutor.accessMainPhase(TestCaseExecutor.java:290)
	at com.kms.katalon.core.main.TestCaseExecutor.execute(TestCaseExecutor.java:224)
	at com.kms.katalon.core.main.TestCaseMain.runTestCase(TestCaseMain.java:106)
	at com.kms.katalon.core.keyword.builtin.CallTestCaseKeyword$_callTestCase_closure1.doCall(CallTestCaseKeyword.groovy:59)
	at com.kms.katalon.core.keyword.builtin.CallTestCaseKeyword$_callTestCase_closure1.call(CallTestCaseKeyword.groovy)
	at com.kms.katalon.core.keyword.internal.KeywordMain.runKeyword(KeywordMain.groovy:54)
	at com.kms.katalon.core.keyword.builtin.CallTestCaseKeyword.callTestCase(CallTestCaseKeyword.groovy:80)
	at com.kms.katalon.core.keyword.builtin.CallTestCaseKeyword.execute(CallTestCaseKeyword.groovy:44)
	at com.kms.katalon.core.keyword.internal.KeywordExecutor.executeKeywordForPlatform(KeywordExecutor.groovy:53)
	at com.kms.katalon.core.keyword.BuiltinKeywords.callTestCase(BuiltinKeywords.groovy:334)
	at Aspen.run(Aspen:25)
	at com.kms.katalon.core.main.ScriptEngine.run(ScriptEngine.java:194)
	at com.kms.katalon.core.main.ScriptEngine.runScriptAsRawText(ScriptEngine.java:119)
	at com.kms.katalon.core.main.TestCaseExecutor.runScript(TestCaseExecutor.java:328)
	at com.kms.katalon.core.main.TestCaseExecutor.doExecute(TestCaseExecutor.java:319)
	at com.kms.katalon.core.main.TestCaseExecutor.processExecutionPhase(TestCaseExecutor.java:298)
	at com.kms.katalon.core.main.TestCaseExecutor.accessMainPhase(TestCaseExecutor.java:290)
	at com.kms.katalon.core.main.TestCaseExecutor.execute(TestCaseExecutor.java:224)
	at com.kms.katalon.core.main.TestSuiteExecutor.accessTestCaseMainPhase(TestSuiteExecutor.java:129)
	at com.kms.katalon.core.main.TestSuiteExecutor.accessTestSuiteMainPhase(TestSuiteExecutor.java:112)
	at com.kms.katalon.core.main.TestSuiteExecutor.execute(TestSuiteExecutor.java:81)
	at com.kms.katalon.core.main.TestCaseMain.startTestSuite(TestCaseMain.java:149)
	at com.kms.katalon.core.main.TestCaseMain$startTestSuite$0.call(Unknown Source)
	at TempTestSuite1573563624301.run(TempTestSuite1573563624301.groovy:36)


2019-11-12 08:09:36 - [TEST_CASE][PASSED] - Test Cases/mobileWeb/_include/get_screenshot: Test Cases/mobileWeb/_include/get_screenshot

2019-11-12 08:09:36 - [TEST_STEP][PASSED] - takeScreenshot(screenPath + i + ".png"): Taking screenshot successfully

2019-11-12 08:09:37 - [MESSAGE][PASSED] - Taking screenshot successfully
[[ATTACHMENT|D:\\Test\\AgileTest\\Reports\\mobileWeb\\stm\\20191112_080024\\../Screenshots/iPhone 6/stm/Aspen/20191112_080916/3.png]]

2019-11-12 08:09:37 - [TEST_STEP][PASSED] - (internal.GlobalVariable.i++): null

2019-11-12 08:09:37 - [MESSAGE][PASSED] - Call Test Case 'Test Cases/mobileWeb/_include/get_screenshot' successfully

2019-11-12 08:09:37 - [MESSAGE][FAILED] - callTestCase(findTestCase("mobileWeb/_include/get_screenshot"), [:], STOP_ON_FAILURE) FAILED.
Reason:
com.kms.katalon.core.exception.StepFailedException: Unable to click on object 'Object Repository/mobileSanity/STM/STM Quote Page/a_Show Plans' (Root cause: org.openqa.selenium.WebDriverException: unknown error: Element <a href="#" class="js-show-plans c-filter-modal-v3__show-plans" type="button">...</a> is not clickable at point (187, 629). Other element would receive the click: <iframe src="https://secure.livechatinc.com/licence/11465608/v2/open_chat.cgi?license=11465608&amp;group=0&amp;embedded=1&amp;widget_version=3&amp;unique_groups=0" allowtransparency="true" allow="autoplay" id="chat-widget" name="chat-widget" scrolling="no" role="application" aria-label="LiveChat chat widget" style="width: 100%; height: 100%; min-height: 0px; min-width: 0px; margin: 0px; padding: 0px; background-image: none; background-position: 0% 0%; background-size: initial; background-attachment: scroll; background-origin: initial; background-clip: initial; background-color: rgba(0, 0, 0, 0); border-width: 0px; float: none; position: absolute; top: 0px; left: 0px; bottom: 0px; right: 0px; transition: none 0s ease 0s !important;"></iframe>
  (Session info: chrome=78.0.3904.70)
  (Driver info: chromedriver=2.43.600210 (68dcf5eebde37173d4027fa8635e332711d2874a),platform=Windows NT 6.3.9600 x86_64) (WARNING: The server did not provide any stacktrace information)
Command duration or timeout: 0 milliseconds
Build info: version: '3.7.1', revision: '8a0099a', time: '2017-11-06T21:07:36.161Z'
System info: host: 'WIN-U215233FMVE', ip: '172.30.0.53', os.name: 'Windows Server 2012 R2', os.arch: 'amd64', os.version: '6.3', java.version: '1.8.0_181'
Driver info: com.kms.katalon.selenium.driver.CChromeDriver
Capabilities {acceptInsecureCerts: false, acceptSslCerts: false, applicationCacheEnabled: false, browserConnectionEnabled: false, browserName: chrome, chrome: {chromedriverVersion: 2.43.600210 (68dcf5eebde371..., userDataDir: C:\Users\ADMINI~1\AppData\L...}, cssSelectorsEnabled: true, databaseEnabled: false, goog:chromeOptions: {debuggerAddress: localhost:62992}, handlesAlerts: true, hasTouchScreen: true, javascriptEnabled: true, locationContextEnabled: true, mobileEmulationEnabled: true, nativeEvents: true, networkConnectionEnabled: false, pageLoadStrategy: normal, platform: XP, platformName: XP, rotatable: false, setWindowRect: true, takesHeapSnapshot: true, takesScreenshot: true, unexpectedAlertBehaviour: , unhandledPromptBehavior: , version: 78.0.3904.70, webStorageEnabled: true}
Session ID: 901c4b13fdf76972d66cc5c4790f10cf)
	at com.kms.katalon.core.keyword.internal.KeywordMain.stepFailed(KeywordMain.groovy:32)
	at com.kms.katalon.core.webui.keyword.internal.WebUIKeywordMain.stepFailed(WebUIKeywordMain.groovy:65)
	at com.kms.katalon.core.webui.keyword.internal.WebUIKeywordMain.runKeyword(WebUIKeywordMain.groovy:27)
	at com.kms.katalon.core.webui.keyword.builtin.ClickKeyword.click(ClickKeyword.groovy:86)
	at com.kms.katalon.core.webui.keyword.builtin.ClickKeyword.execute(ClickKeyword.groovy:67)
	at com.kms.katalon.core.keyword.internal.KeywordExecutor.executeKeywordForPlatform(KeywordExecutor.groovy:53)
	at com.kms.katalon.core.webui.keyword.WebUiBuiltInKeywords.click(WebUiBuiltInKeywords.groovy:616)
	at com.kms.katalon.core.webui.keyword.WebUiBuiltInKeywords$click$3.call(Unknown Source)
	at filter_stm.run(filter_stm:46)
	at com.kms.katalon.core.main.ScriptEngine.run(ScriptEngine.java:194)
	at com.kms.katalon.core.main.ScriptEngine.runScriptAsRawText(ScriptEngine.java:119)
	at com.kms.katalon.core.main.TestCaseExecutor.runScript(TestCaseExecutor.java:328)
	at com.kms.katalon.core.main.TestCaseExecutor.doExecute(TestCaseExecutor.java:319)
	at com.kms.katalon.core.main.TestCaseExecutor.processExecutionPhase(TestCaseExecutor.java:298)
	at com.kms.katalon.core.main.TestCaseExecutor.accessMainPhase(TestCaseExecutor.java:290)
	at com.kms.katalon.core.main.TestCaseExecutor.execute(TestCaseExecutor.java:224)
	at com.kms.katalon.core.main.TestCaseMain.runTestCase(TestCaseMain.java:106)
	at com.kms.katalon.core.keyword.builtin.CallTestCaseKeyword$_callTestCase_closure1.doCall(CallTestCaseKeyword.groovy:59)
	at com.kms.katalon.core.keyword.builtin.CallTestCaseKeyword$_callTestCase_closure1.call(CallTestCaseKeyword.groovy)
	at com.kms.katalon.core.keyword.internal.KeywordMain.runKeyword(KeywordMain.groovy:54)
	at com.kms.katalon.core.keyword.builtin.CallTestCaseKeyword.callTestCase(CallTestCaseKeyword.groovy:80)
	at com.kms.katalon.core.keyword.builtin.CallTestCaseKeyword.execute(CallTestCaseKeyword.groovy:44)
	at com.kms.katalon.core.keyword.internal.KeywordExecutor.executeKeywordForPlatform(KeywordExecutor.groovy:53)
	at com.kms.katalon.core.keyword.BuiltinKeywords.callTestCase(BuiltinKeywords.groovy:334)
	at Aspen.run(Aspen:25)
	at com.kms.katalon.core.main.ScriptEngine.run(ScriptEngine.java:194)
	at com.kms.katalon.core.main.ScriptEngine.runScriptAsRawText(ScriptEngine.java:119)
	at com.kms.katalon.core.main.TestCaseExecutor.runScript(TestCaseExecutor.java:328)
	at com.kms.katalon.core.main.TestCaseExecutor.doExecute(TestCaseExecutor.java:319)
	at com.kms.katalon.core.main.TestCaseExecutor.processExecutionPhase(TestCaseExecutor.java:298)
	at com.kms.katalon.core.main.TestCaseExecutor.accessMainPhase(TestCaseExecutor.java:290)
	at com.kms.katalon.core.main.TestCaseExecutor.execute(TestCaseExecutor.java:224)
	at com.kms.katalon.core.main.TestSuiteExecutor.accessTestCaseMainPhase(TestSuiteExecutor.java:129)
	at com.kms.katalon.core.main.TestSuiteExecutor.accessTestSuiteMainPhase(TestSuiteExecutor.java:112)
	at com.kms.katalon.core.main.TestSuiteExecutor.execute(TestSuiteExecutor.java:81)
	at com.kms.katalon.core.main.TestCaseMain.startTestSuite(TestCaseMain.java:149)
	at com.kms.katalon.core.main.TestCaseMain$startTestSuite$0.call(Unknown Source)
	at TempTestSuite1573563624301.run(TempTestSuite1573563624301.groovy:36)


2019-11-12 08:09:37 - [MESSAGE][FAILED] - Unable to call Test Case 'Test Cases/mobileWeb/_include/filter_stm' (Root cause: com.kms.katalon.core.exception.StepFailedException: Call Test Case 'Test Cases/mobileWeb/_include/filter_stm' failed)

2019-11-12 08:09:37 - [MESSAGE][FAILED] - callTestCase(findTestCase("mobileWeb/_include/filter_stm"), ["carrier":"aspen"], STOP_ON_FAILURE) FAILED.
Reason:
com.kms.katalon.core.exception.StepFailedException: Unable to click on object 'Object Repository/mobileSanity/STM/STM Quote Page/a_Show Plans' (Root cause: org.openqa.selenium.WebDriverException: unknown error: Element <a href="#" class="js-show-plans c-filter-modal-v3__show-plans" type="button">...</a> is not clickable at point (187, 629). Other element would receive the click: <iframe src="https://secure.livechatinc.com/licence/11465608/v2/open_chat.cgi?license=11465608&amp;group=0&amp;embedded=1&amp;widget_version=3&amp;unique_groups=0" allowtransparency="true" allow="autoplay" id="chat-widget" name="chat-widget" scrolling="no" role="application" aria-label="LiveChat chat widget" style="width: 100%; height: 100%; min-height: 0px; min-width: 0px; margin: 0px; padding: 0px; background-image: none; background-position: 0% 0%; background-size: initial; background-attachment: scroll; background-origin: initial; background-clip: initial; background-color: rgba(0, 0, 0, 0); border-width: 0px; float: none; position: absolute; top: 0px; left: 0px; bottom: 0px; right: 0px; transition: none 0s ease 0s !important;"></iframe>
  (Session info: chrome=78.0.3904.70)
  (Driver info: chromedriver=2.43.600210 (68dcf5eebde37173d4027fa8635e332711d2874a),platform=Windows NT 6.3.9600 x86_64) (WARNING: The server did not provide any stacktrace information)
Command duration or timeout: 0 milliseconds
Build info: version: '3.7.1', revision: '8a0099a', time: '2017-11-06T21:07:36.161Z'
System info: host: 'WIN-U215233FMVE', ip: '172.30.0.53', os.name: 'Windows Server 2012 R2', os.arch: 'amd64', os.version: '6.3', java.version: '1.8.0_181'
Driver info: com.kms.katalon.selenium.driver.CChromeDriver
Capabilities {acceptInsecureCerts: false, acceptSslCerts: false, applicationCacheEnabled: false, browserConnectionEnabled: false, browserName: chrome, chrome: {chromedriverVersion: 2.43.600210 (68dcf5eebde371..., userDataDir: C:\Users\ADMINI~1\AppData\L...}, cssSelectorsEnabled: true, databaseEnabled: false, goog:chromeOptions: {debuggerAddress: localhost:62992}, handlesAlerts: true, hasTouchScreen: true, javascriptEnabled: true, locationContextEnabled: true, mobileEmulationEnabled: true, nativeEvents: true, networkConnectionEnabled: false, pageLoadStrategy: normal, platform: XP, platformName: XP, rotatable: false, setWindowRect: true, takesHeapSnapshot: true, takesScreenshot: true, unexpectedAlertBehaviour: , unhandledPromptBehavior: , version: 78.0.3904.70, webStorageEnabled: true}
Session ID: 901c4b13fdf76972d66cc5c4790f10cf)
	at com.kms.katalon.core.keyword.internal.KeywordMain.stepFailed(KeywordMain.groovy:32)
	at com.kms.katalon.core.webui.keyword.internal.WebUIKeywordMain.stepFailed(WebUIKeywordMain.groovy:65)
	at com.kms.katalon.core.webui.keyword.internal.WebUIKeywordMain.runKeyword(WebUIKeywordMain.groovy:27)
	at com.kms.katalon.core.webui.keyword.builtin.ClickKeyword.click(ClickKeyword.groovy:86)
	at com.kms.katalon.core.webui.keyword.builtin.ClickKeyword.execute(ClickKeyword.groovy:67)
	at com.kms.katalon.core.keyword.internal.KeywordExecutor.executeKeywordForPlatform(KeywordExecutor.groovy:53)
	at com.kms.katalon.core.webui.keyword.WebUiBuiltInKeywords.click(WebUiBuiltInKeywords.groovy:616)
	at com.kms.katalon.core.webui.keyword.WebUiBuiltInKeywords$click$3.call(Unknown Source)
	at filter_stm.run(filter_stm:46)
	at com.kms.katalon.core.main.ScriptEngine.run(ScriptEngine.java:194)
	at com.kms.katalon.core.main.ScriptEngine.runScriptAsRawText(ScriptEngine.java:119)
	at com.kms.katalon.core.main.TestCaseExecutor.runScript(TestCaseExecutor.java:328)
	at com.kms.katalon.core.main.TestCaseExecutor.doExecute(TestCaseExecutor.java:319)
	at com.kms.katalon.core.main.TestCaseExecutor.processExecutionPhase(TestCaseExecutor.java:298)
	at com.kms.katalon.core.main.TestCaseExecutor.accessMainPhase(TestCaseExecutor.java:290)
	at com.kms.katalon.core.main.TestCaseExecutor.execute(TestCaseExecutor.java:224)
	at com.kms.katalon.core.main.TestCaseMain.runTestCase(TestCaseMain.java:106)
	at com.kms.katalon.core.keyword.builtin.CallTestCaseKeyword$_callTestCase_closure1.doCall(CallTestCaseKeyword.groovy:59)
	at com.kms.katalon.core.keyword.builtin.CallTestCaseKeyword$_callTestCase_closure1.call(CallTestCaseKeyword.groovy)
	at com.kms.katalon.core.keyword.internal.KeywordMain.runKeyword(KeywordMain.groovy:54)
	at com.kms.katalon.core.keyword.builtin.CallTestCaseKeyword.callTestCase(CallTestCaseKeyword.groovy:80)
	at com.kms.katalon.core.keyword.builtin.CallTestCaseKeyword.execute(CallTestCaseKeyword.groovy:44)
	at com.kms.katalon.core.keyword.internal.KeywordExecutor.executeKeywordForPlatform(KeywordExecutor.groovy:53)
	at com.kms.katalon.core.keyword.BuiltinKeywords.callTestCase(BuiltinKeywords.groovy:334)
	at Aspen.run(Aspen:25)
	at com.kms.katalon.core.main.ScriptEngine.run(ScriptEngine.java:194)
	at com.kms.katalon.core.main.ScriptEngine.runScriptAsRawText(ScriptEngine.java:119)
	at com.kms.katalon.core.main.TestCaseExecutor.runScript(TestCaseExecutor.java:328)
	at com.kms.katalon.core.main.TestCaseExecutor.doExecute(TestCaseExecutor.java:319)
	at com.kms.katalon.core.main.TestCaseExecutor.processExecutionPhase(TestCaseExecutor.java:298)
	at com.kms.katalon.core.main.TestCaseExecutor.accessMainPhase(TestCaseExecutor.java:290)
	at com.kms.katalon.core.main.TestCaseExecutor.execute(TestCaseExecutor.java:224)
	at com.kms.katalon.core.main.TestSuiteExecutor.accessTestCaseMainPhase(TestSuiteExecutor.java:129)
	at com.kms.katalon.core.main.TestSuiteExecutor.accessTestSuiteMainPhase(TestSuiteExecutor.java:112)
	at com.kms.katalon.core.main.TestSuiteExecutor.execute(TestSuiteExecutor.java:81)
	at com.kms.katalon.core.main.TestCaseMain.startTestSuite(TestCaseMain.java:149)
	at com.kms.katalon.core.main.TestCaseMain$startTestSuite$0.call(Unknown Source)
	at TempTestSuite1573563624301.run(TempTestSuite1573563624301.groovy:36)]]></system-out>
         <system-err><![CDATA[2019-11-12 08:09:16 - [TEST_CASE][FAILED] - Test Cases/mobileWeb/stm/Aspen: Test Cases/mobileWeb/stm/Aspen FAILED.
Reason:
com.kms.katalon.core.exception.StepFailedException: Unable to click on object 'Object Repository/mobileSanity/STM/STM Quote Page/a_Show Plans' (Root cause: org.openqa.selenium.WebDriverException: unknown error: Element <a href="#" class="js-show-plans c-filter-modal-v3__show-plans" type="button">...</a> is not clickable at point (187, 629). Other element would receive the click: <iframe src="https://secure.livechatinc.com/licence/11465608/v2/open_chat.cgi?license=11465608&amp;group=0&amp;embedded=1&amp;widget_version=3&amp;unique_groups=0" allowtransparency="true" allow="autoplay" id="chat-widget" name="chat-widget" scrolling="no" role="application" aria-label="LiveChat chat widget" style="width: 100%; height: 100%; min-height: 0px; min-width: 0px; margin: 0px; padding: 0px; background-image: none; background-position: 0% 0%; background-size: initial; background-attachment: scroll; background-origin: initial; background-clip: initial; background-color: rgba(0, 0, 0, 0); border-width: 0px; float: none; position: absolute; top: 0px; left: 0px; bottom: 0px; right: 0px; transition: none 0s ease 0s !important;"></iframe>
  (Session info: chrome=78.0.3904.70)
  (Driver info: chromedriver=2.43.600210 (68dcf5eebde37173d4027fa8635e332711d2874a),platform=Windows NT 6.3.9600 x86_64) (WARNING: The server did not provide any stacktrace information)
Command duration or timeout: 0 milliseconds
Build info: version: '3.7.1', revision: '8a0099a', time: '2017-11-06T21:07:36.161Z'
System info: host: 'WIN-U215233FMVE', ip: '172.30.0.53', os.name: 'Windows Server 2012 R2', os.arch: 'amd64', os.version: '6.3', java.version: '1.8.0_181'
Driver info: com.kms.katalon.selenium.driver.CChromeDriver
Capabilities {acceptInsecureCerts: false, acceptSslCerts: false, applicationCacheEnabled: false, browserConnectionEnabled: false, browserName: chrome, chrome: {chromedriverVersion: 2.43.600210 (68dcf5eebde371..., userDataDir: C:\Users\ADMINI~1\AppData\L...}, cssSelectorsEnabled: true, databaseEnabled: false, goog:chromeOptions: {debuggerAddress: localhost:62992}, handlesAlerts: true, hasTouchScreen: true, javascriptEnabled: true, locationContextEnabled: true, mobileEmulationEnabled: true, nativeEvents: true, networkConnectionEnabled: false, pageLoadStrategy: normal, platform: XP, platformName: XP, rotatable: false, setWindowRect: true, takesHeapSnapshot: true, takesScreenshot: true, unexpectedAlertBehaviour: , unhandledPromptBehavior: , version: 78.0.3904.70, webStorageEnabled: true}
Session ID: 901c4b13fdf76972d66cc5c4790f10cf)
	at com.kms.katalon.core.keyword.internal.KeywordMain.stepFailed(KeywordMain.groovy:32)
	at com.kms.katalon.core.webui.keyword.internal.WebUIKeywordMain.stepFailed(WebUIKeywordMain.groovy:65)
	at com.kms.katalon.core.webui.keyword.internal.WebUIKeywordMain.runKeyword(WebUIKeywordMain.groovy:27)
	at com.kms.katalon.core.webui.keyword.builtin.ClickKeyword.click(ClickKeyword.groovy:86)
	at com.kms.katalon.core.webui.keyword.builtin.ClickKeyword.execute(ClickKeyword.groovy:67)
	at com.kms.katalon.core.keyword.internal.KeywordExecutor.executeKeywordForPlatform(KeywordExecutor.groovy:53)
	at com.kms.katalon.core.webui.keyword.WebUiBuiltInKeywords.click(WebUiBuiltInKeywords.groovy:616)
	at com.kms.katalon.core.webui.keyword.WebUiBuiltInKeywords$click$3.call(Unknown Source)
	at filter_stm.run(filter_stm:46)
	at com.kms.katalon.core.main.ScriptEngine.run(ScriptEngine.java:194)
	at com.kms.katalon.core.main.ScriptEngine.runScriptAsRawText(ScriptEngine.java:119)
	at com.kms.katalon.core.main.TestCaseExecutor.runScript(TestCaseExecutor.java:328)
	at com.kms.katalon.core.main.TestCaseExecutor.doExecute(TestCaseExecutor.java:319)
	at com.kms.katalon.core.main.TestCaseExecutor.processExecutionPhase(TestCaseExecutor.java:298)
	at com.kms.katalon.core.main.TestCaseExecutor.accessMainPhase(TestCaseExecutor.java:290)
	at com.kms.katalon.core.main.TestCaseExecutor.execute(TestCaseExecutor.java:224)
	at com.kms.katalon.core.main.TestCaseMain.runTestCase(TestCaseMain.java:106)
	at com.kms.katalon.core.keyword.builtin.CallTestCaseKeyword$_callTestCase_closure1.doCall(CallTestCaseKeyword.groovy:59)
	at com.kms.katalon.core.keyword.builtin.CallTestCaseKeyword$_callTestCase_closure1.call(CallTestCaseKeyword.groovy)
	at com.kms.katalon.core.keyword.internal.KeywordMain.runKeyword(KeywordMain.groovy:54)
	at com.kms.katalon.core.keyword.builtin.CallTestCaseKeyword.callTestCase(CallTestCaseKeyword.groovy:80)
	at com.kms.katalon.core.keyword.builtin.CallTestCaseKeyword.execute(CallTestCaseKeyword.groovy:44)
	at com.kms.katalon.core.keyword.internal.KeywordExecutor.executeKeywordForPlatform(KeywordExecutor.groovy:53)
	at com.kms.katalon.core.keyword.BuiltinKeywords.callTestCase(BuiltinKeywords.groovy:334)
	at Aspen.run(Aspen:25)
	at com.kms.katalon.core.main.ScriptEngine.run(ScriptEngine.java:194)
	at com.kms.katalon.core.main.ScriptEngine.runScriptAsRawText(ScriptEngine.java:119)
	at com.kms.katalon.core.main.TestCaseExecutor.runScript(TestCaseExecutor.java:328)
	at com.kms.katalon.core.main.TestCaseExecutor.doExecute(TestCaseExecutor.java:319)
	at com.kms.katalon.core.main.TestCaseExecutor.processExecutionPhase(TestCaseExecutor.java:298)
	at com.kms.katalon.core.main.TestCaseExecutor.accessMainPhase(TestCaseExecutor.java:290)
	at com.kms.katalon.core.main.TestCaseExecutor.execute(TestCaseExecutor.java:224)
	at com.kms.katalon.core.main.TestSuiteExecutor.accessTestCaseMainPhase(TestSuiteExecutor.java:129)
	at com.kms.katalon.core.main.TestSuiteExecutor.accessTestSuiteMainPhase(TestSuiteExecutor.java:112)
	at com.kms.katalon.core.main.TestSuiteExecutor.execute(TestSuiteExecutor.java:81)
	at com.kms.katalon.core.main.TestCaseMain.startTestSuite(TestCaseMain.java:149)
	at com.kms.katalon.core.main.TestCaseMain$startTestSuite$0.call(Unknown Source)
	at TempTestSuite1573563624301.run(TempTestSuite1573563624301.groovy:36)]]></system-err>
      </testcase>
      <system-out><![CDATA[2019-11-12 08:06:48 - [TEST_SUITE][FAILED] - stm: Test Cases/mobileWeb/stm/Slaico FAILED.
Reason:
com.kms.katalon.core.exception.StepFailedException: Unable to click on object 'Object Repository/mobileSanity/STM/STM Quote Page/a_Show Plans' (Root cause: org.openqa.selenium.WebDriverException: unknown error: Element <a href="#" class="js-show-plans c-filter-modal-v3__show-plans" type="button">...</a> is not clickable at point (187, 629). Other element would receive the click: <iframe src="https://secure.livechatinc.com/licence/11465608/v2/open_chat.cgi?license=11465608&amp;group=0&amp;embedded=1&amp;widget_version=3&amp;unique_groups=0" allowtransparency="true" allow="autoplay" id="chat-widget" name="chat-widget" scrolling="no" role="application" aria-label="LiveChat chat widget" style="width: 100%; height: 100%; min-height: 0px; min-width: 0px; margin: 0px; padding: 0px; background-image: none; background-position: 0% 0%; background-size: initial; background-attachment: scroll; background-origin: initial; background-clip: initial; background-color: rgba(0, 0, 0, 0); border-width: 0px; float: none; position: absolute; top: 0px; left: 0px; bottom: 0px; right: 0px; transition: none 0s ease 0s !important;"></iframe>
  (Session info: chrome=78.0.3904.70)
  (Driver info: chromedriver=2.43.600210 (68dcf5eebde37173d4027fa8635e332711d2874a),platform=Windows NT 6.3.9600 x86_64) (WARNING: The server did not provide any stacktrace information)
Command duration or timeout: 0 milliseconds
Build info: version: '3.7.1', revision: '8a0099a', time: '2017-11-06T21:07:36.161Z'
System info: host: 'WIN-U215233FMVE', ip: '172.30.0.53', os.name: 'Windows Server 2012 R2', os.arch: 'amd64', os.version: '6.3', java.version: '1.8.0_181'
Driver info: com.kms.katalon.selenium.driver.CChromeDriver
Capabilities {acceptInsecureCerts: false, acceptSslCerts: false, applicationCacheEnabled: false, browserConnectionEnabled: false, browserName: chrome, chrome: {chromedriverVersion: 2.43.600210 (68dcf5eebde371..., userDataDir: C:\Users\ADMINI~1\AppData\L...}, cssSelectorsEnabled: true, databaseEnabled: false, goog:chromeOptions: {debuggerAddress: localhost:62144}, handlesAlerts: true, hasTouchScreen: true, javascriptEnabled: true, locationContextEnabled: true, mobileEmulationEnabled: true, nativeEvents: true, networkConnectionEnabled: false, pageLoadStrategy: normal, platform: XP, platformName: XP, rotatable: false, setWindowRect: true, takesHeapSnapshot: true, takesScreenshot: true, unexpectedAlertBehaviour: , unhandledPromptBehavior: , version: 78.0.3904.70, webStorageEnabled: true}
Session ID: 80130899d7642719bd8f88df5cc63055)
	at com.kms.katalon.core.keyword.internal.KeywordMain.stepFailed(KeywordMain.groovy:32)
	at com.kms.katalon.core.webui.keyword.internal.WebUIKeywordMain.stepFailed(WebUIKeywordMain.groovy:65)
	at com.kms.katalon.core.webui.keyword.internal.WebUIKeywordMain.runKeyword(WebUIKeywordMain.groovy:27)
	at com.kms.katalon.core.webui.keyword.builtin.ClickKeyword.click(ClickKeyword.groovy:86)
	at com.kms.katalon.core.webui.keyword.builtin.ClickKeyword.execute(ClickKeyword.groovy:67)
	at com.kms.katalon.core.keyword.internal.KeywordExecutor.executeKeywordForPlatform(KeywordExecutor.groovy:53)
	at com.kms.katalon.core.webui.keyword.WebUiBuiltInKeywords.click(WebUiBuiltInKeywords.groovy:616)
	at com.kms.katalon.core.webui.keyword.WebUiBuiltInKeywords$click$3.call(Unknown Source)
	at filter_stm.run(filter_stm:46)
	at com.kms.katalon.core.main.ScriptEngine.run(ScriptEngine.java:194)
	at com.kms.katalon.core.main.ScriptEngine.runScriptAsRawText(ScriptEngine.java:119)
	at com.kms.katalon.core.main.TestCaseExecutor.runScript(TestCaseExecutor.java:328)
	at com.kms.katalon.core.main.TestCaseExecutor.doExecute(TestCaseExecutor.java:319)
	at com.kms.katalon.core.main.TestCaseExecutor.processExecutionPhase(TestCaseExecutor.java:298)
	at com.kms.katalon.core.main.TestCaseExecutor.accessMainPhase(TestCaseExecutor.java:290)
	at com.kms.katalon.core.main.TestCaseExecutor.execute(TestCaseExecutor.java:224)
	at com.kms.katalon.core.main.TestCaseMain.runTestCase(TestCaseMain.java:106)
	at com.kms.katalon.core.keyword.builtin.CallTestCaseKeyword$_callTestCase_closure1.doCall(CallTestCaseKeyword.groovy:59)
	at com.kms.katalon.core.keyword.builtin.CallTestCaseKeyword$_callTestCase_closure1.call(CallTestCaseKeyword.groovy)
	at com.kms.katalon.core.keyword.internal.KeywordMain.runKeyword(KeywordMain.groovy:54)
	at com.kms.katalon.core.keyword.builtin.CallTestCaseKeyword.callTestCase(CallTestCaseKeyword.groovy:80)
	at com.kms.katalon.core.keyword.builtin.CallTestCaseKeyword.execute(CallTestCaseKeyword.groovy:44)
	at com.kms.katalon.core.keyword.internal.KeywordExecutor.executeKeywordForPlatform(KeywordExecutor.groovy:53)
	at com.kms.katalon.core.keyword.BuiltinKeywords.callTestCase(BuiltinKeywords.groovy:334)
	at Slaico.run(Slaico:26)
	at com.kms.katalon.core.main.ScriptEngine.run(ScriptEngine.java:194)
	at com.kms.katalon.core.main.ScriptEngine.runScriptAsRawText(ScriptEngine.java:119)
	at com.kms.katalon.core.main.TestCaseExecutor.runScript(TestCaseExecutor.java:328)
	at com.kms.katalon.core.main.TestCaseExecutor.doExecute(TestCaseExecutor.java:319)
	at com.kms.katalon.core.main.TestCaseExecutor.processExecutionPhase(TestCaseExecutor.java:298)
	at com.kms.katalon.core.main.TestCaseExecutor.accessMainPhase(TestCaseExecutor.java:290)
	at com.kms.katalon.core.main.TestCaseExecutor.execute(TestCaseExecutor.java:224)
	at com.kms.katalon.core.main.TestSuiteExecutor.accessTestCaseMainPhase(TestSuiteExecutor.java:129)
	at com.kms.katalon.core.main.TestSuiteExecutor.accessTestSuiteMainPhase(TestSuiteExecutor.java:112)
	at com.kms.katalon.core.main.TestSuiteExecutor.execute(TestSuiteExecutor.java:81)
	at com.kms.katalon.core.main.TestCaseMain.startTestSuite(TestCaseMain.java:149)
	at com.kms.katalon.core.main.TestCaseMain$startTestSuite$0.call(Unknown Source)
	at TempTestSuite1573563624301.run(TempTestSuite1573563624301.groovy:36)]]></system-out>
      <system-err><![CDATA[2019-11-12 08:06:48 - [TEST_SUITE][FAILED] - stm: Test Cases/mobileWeb/stm/Slaico FAILED.
Reason:
com.kms.katalon.core.exception.StepFailedException: Unable to click on object 'Object Repository/mobileSanity/STM/STM Quote Page/a_Show Plans' (Root cause: org.openqa.selenium.WebDriverException: unknown error: Element <a href="#" class="js-show-plans c-filter-modal-v3__show-plans" type="button">...</a> is not clickable at point (187, 629). Other element would receive the click: <iframe src="https://secure.livechatinc.com/licence/11465608/v2/open_chat.cgi?license=11465608&amp;group=0&amp;embedded=1&amp;widget_version=3&amp;unique_groups=0" allowtransparency="true" allow="autoplay" id="chat-widget" name="chat-widget" scrolling="no" role="application" aria-label="LiveChat chat widget" style="width: 100%; height: 100%; min-height: 0px; min-width: 0px; margin: 0px; padding: 0px; background-image: none; background-position: 0% 0%; background-size: initial; background-attachment: scroll; background-origin: initial; background-clip: initial; background-color: rgba(0, 0, 0, 0); border-width: 0px; float: none; position: absolute; top: 0px; left: 0px; bottom: 0px; right: 0px; transition: none 0s ease 0s !important;"></iframe>
  (Session info: chrome=78.0.3904.70)
  (Driver info: chromedriver=2.43.600210 (68dcf5eebde37173d4027fa8635e332711d2874a),platform=Windows NT 6.3.9600 x86_64) (WARNING: The server did not provide any stacktrace information)
Command duration or timeout: 0 milliseconds
Build info: version: '3.7.1', revision: '8a0099a', time: '2017-11-06T21:07:36.161Z'
System info: host: 'WIN-U215233FMVE', ip: '172.30.0.53', os.name: 'Windows Server 2012 R2', os.arch: 'amd64', os.version: '6.3', java.version: '1.8.0_181'
Driver info: com.kms.katalon.selenium.driver.CChromeDriver
Capabilities {acceptInsecureCerts: false, acceptSslCerts: false, applicationCacheEnabled: false, browserConnectionEnabled: false, browserName: chrome, chrome: {chromedriverVersion: 2.43.600210 (68dcf5eebde371..., userDataDir: C:\Users\ADMINI~1\AppData\L...}, cssSelectorsEnabled: true, databaseEnabled: false, goog:chromeOptions: {debuggerAddress: localhost:62144}, handlesAlerts: true, hasTouchScreen: true, javascriptEnabled: true, locationContextEnabled: true, mobileEmulationEnabled: true, nativeEvents: true, networkConnectionEnabled: false, pageLoadStrategy: normal, platform: XP, platformName: XP, rotatable: false, setWindowRect: true, takesHeapSnapshot: true, takesScreenshot: true, unexpectedAlertBehaviour: , unhandledPromptBehavior: , version: 78.0.3904.70, webStorageEnabled: true}
Session ID: 80130899d7642719bd8f88df5cc63055)
	at com.kms.katalon.core.keyword.internal.KeywordMain.stepFailed(KeywordMain.groovy:32)
	at com.kms.katalon.core.webui.keyword.internal.WebUIKeywordMain.stepFailed(WebUIKeywordMain.groovy:65)
	at com.kms.katalon.core.webui.keyword.internal.WebUIKeywordMain.runKeyword(WebUIKeywordMain.groovy:27)
	at com.kms.katalon.core.webui.keyword.builtin.ClickKeyword.click(ClickKeyword.groovy:86)
	at com.kms.katalon.core.webui.keyword.builtin.ClickKeyword.execute(ClickKeyword.groovy:67)
	at com.kms.katalon.core.keyword.internal.KeywordExecutor.executeKeywordForPlatform(KeywordExecutor.groovy:53)
	at com.kms.katalon.core.webui.keyword.WebUiBuiltInKeywords.click(WebUiBuiltInKeywords.groovy:616)
	at com.kms.katalon.core.webui.keyword.WebUiBuiltInKeywords$click$3.call(Unknown Source)
	at filter_stm.run(filter_stm:46)
	at com.kms.katalon.core.main.ScriptEngine.run(ScriptEngine.java:194)
	at com.kms.katalon.core.main.ScriptEngine.runScriptAsRawText(ScriptEngine.java:119)
	at com.kms.katalon.core.main.TestCaseExecutor.runScript(TestCaseExecutor.java:328)
	at com.kms.katalon.core.main.TestCaseExecutor.doExecute(TestCaseExecutor.java:319)
	at com.kms.katalon.core.main.TestCaseExecutor.processExecutionPhase(TestCaseExecutor.java:298)
	at com.kms.katalon.core.main.TestCaseExecutor.accessMainPhase(TestCaseExecutor.java:290)
	at com.kms.katalon.core.main.TestCaseExecutor.execute(TestCaseExecutor.java:224)
	at com.kms.katalon.core.main.TestCaseMain.runTestCase(TestCaseMain.java:106)
	at com.kms.katalon.core.keyword.builtin.CallTestCaseKeyword$_callTestCase_closure1.doCall(CallTestCaseKeyword.groovy:59)
	at com.kms.katalon.core.keyword.builtin.CallTestCaseKeyword$_callTestCase_closure1.call(CallTestCaseKeyword.groovy)
	at com.kms.katalon.core.keyword.internal.KeywordMain.runKeyword(KeywordMain.groovy:54)
	at com.kms.katalon.core.keyword.builtin.CallTestCaseKeyword.callTestCase(CallTestCaseKeyword.groovy:80)
	at com.kms.katalon.core.keyword.builtin.CallTestCaseKeyword.execute(CallTestCaseKeyword.groovy:44)
	at com.kms.katalon.core.keyword.internal.KeywordExecutor.executeKeywordForPlatform(KeywordExecutor.groovy:53)
	at com.kms.katalon.core.keyword.BuiltinKeywords.callTestCase(BuiltinKeywords.groovy:334)
	at Slaico.run(Slaico:26)
	at com.kms.katalon.core.main.ScriptEngine.run(ScriptEngine.java:194)
	at com.kms.katalon.core.main.ScriptEngine.runScriptAsRawText(ScriptEngine.java:119)
	at com.kms.katalon.core.main.TestCaseExecutor.runScript(TestCaseExecutor.java:328)
	at com.kms.katalon.core.main.TestCaseExecutor.doExecute(TestCaseExecutor.java:319)
	at com.kms.katalon.core.main.TestCaseExecutor.processExecutionPhase(TestCaseExecutor.java:298)
	at com.kms.katalon.core.main.TestCaseExecutor.accessMainPhase(TestCaseExecutor.java:290)
	at com.kms.katalon.core.main.TestCaseExecutor.execute(TestCaseExecutor.java:224)
	at com.kms.katalon.core.main.TestSuiteExecutor.accessTestCaseMainPhase(TestSuiteExecutor.java:129)
	at com.kms.katalon.core.main.TestSuiteExecutor.accessTestSuiteMainPhase(TestSuiteExecutor.java:112)
	at com.kms.katalon.core.main.TestSuiteExecutor.execute(TestSuiteExecutor.java:81)
	at com.kms.katalon.core.main.TestCaseMain.startTestSuite(TestCaseMain.java:149)
	at com.kms.katalon.core.main.TestCaseMain$startTestSuite$0.call(Unknown Source)
	at TempTestSuite1573563624301.run(TempTestSuite1573563624301.groovy:36)]]></system-err>
   </testsuite>
</testsuites>
