<?xml version="1.0" encoding="UTF-8"?>
<testsuites name="ahi" time="820" tests="9" failures="0" errors="0">
   <testsuite name="ahi" tests="9" failures="0" errors="0" time="820" timestamp="2020-04-23 08:14:24" hostname="Administrator - 172.30.0.53" id="Test Suites/AHI/ahi">
      <properties>
         <property name="deviceName" value=""/>
         <property name="devicePlatform" value=""/>
         <property name="logFolder" value="D:\\Test\\AgileTest\\Reports\\AHI\\ahi\\20200423_080048"/>
         <property name="logFiles" value="D:\\Test\\AgileTest\\Reports\\AHI\\ahi\\20200423_080048\\execution0.log"/>
         <property name="attachments" value="D:\\Test\\AgileTest\\Reports\\AHI\\ahi\\20200423_080048\\../Screenshots/iPhone 6/AHI/ACA Health Insurance/20200423_081426/0.png, D:\\Test\\AgileTest\\Reports\\AHI\\ahi\\20200423_080048\\../Screenshots/iPhone 6/AHI/ACA Health Insurance/20200423_081426/1.png, D:\\Test\\AgileTest\\Reports\\AHI\\ahi\\20200423_080048\\../Screenshots/iPhone 6/AHI/ACA Health Insurance/20200423_081426/2.png, D:\\Test\\AgileTest\\Reports\\AHI\\ahi\\20200423_080048\\../Screenshots/iPhone 6/AHI/Cancer Insurance/20200423_081528/0.png, D:\\Test\\AgileTest\\Reports\\AHI\\ahi\\20200423_080048\\../Screenshots/iPhone 6/AHI/Cancer Insurance/20200423_081528/1.png, D:\\Test\\AgileTest\\Reports\\AHI\\ahi\\20200423_080048\\../Screenshots/iPhone 6/AHI/Cancer Insurance/20200423_081528/2.png, D:\\Test\\AgileTest\\Reports\\AHI\\ahi\\20200423_080048\\../Screenshots/iPhone 6/AHI/Cancer Insurance/20200423_081528/3.png, D:\\Test\\AgileTest\\Reports\\AHI\\ahi\\20200423_080048\\../Screenshots/iPhone 6/AHI/Cancer Insurance/20200423_081528/4.png, D:\\Test\\AgileTest\\Reports\\AHI\\ahi\\20200423_080048\\../Screenshots/iPhone 6/AHI/Cancer Insurance/20200423_081528/5.png, D:\\Test\\AgileTest\\Reports\\AHI\\ahi\\20200423_080048\\../Screenshots/iPhone 6/AHI/Cancer Insurance/20200423_081528/6.png, D:\\Test\\AgileTest\\Reports\\AHI\\ahi\\20200423_080048\\../Screenshots/iPhone 6/AHI/Cancer Insurance/20200423_081528/7.png, D:\\Test\\AgileTest\\Reports\\AHI\\ahi\\20200423_080048\\../Screenshots/iPhone 6/AHI/Cancer Insurance/20200423_081528/8.png, D:\\Test\\AgileTest\\Reports\\AHI\\ahi\\20200423_080048\\../Screenshots/iPhone 6/AHI/Cancer Insurance/20200423_081528/9.png, D:\\Test\\AgileTest\\Reports\\AHI\\ahi\\20200423_080048\\../Screenshots/iPhone 6/AHI/Dental - National General/20200423_081723/0.png, D:\\Test\\AgileTest\\Reports\\AHI\\ahi\\20200423_080048\\../Screenshots/iPhone 6/AHI/Dental - National General/20200423_081723/1.png, D:\\Test\\AgileTest\\Reports\\AHI\\ahi\\20200423_080048\\../Screenshots/iPhone 6/AHI/Dental - National General/20200423_081723/2.png, D:\\Test\\AgileTest\\Reports\\AHI\\ahi\\20200423_080048\\../Screenshots/iPhone 6/AHI/Dental - National General/20200423_081723/3.png, D:\\Test\\AgileTest\\Reports\\AHI\\ahi\\20200423_080048\\../Screenshots/iPhone 6/AHI/Dental - National General/20200423_081723/4.png, D:\\Test\\AgileTest\\Reports\\AHI\\ahi\\20200423_080048\\../Screenshots/iPhone 6/AHI/Dental - National General/20200423_081723/5.png, D:\\Test\\AgileTest\\Reports\\AHI\\ahi\\20200423_080048\\../Screenshots/iPhone 6/AHI/Dental - National General/20200423_081723/6.png, D:\\Test\\AgileTest\\Reports\\AHI\\ahi\\20200423_080048\\../Screenshots/iPhone 6/AHI/Dental - National General/20200423_081723/7.png, D:\\Test\\AgileTest\\Reports\\AHI\\ahi\\20200423_080048\\../Screenshots/iPhone 6/AHI/Dental - National General/20200423_081723/8.png, D:\\Test\\AgileTest\\Reports\\AHI\\ahi\\20200423_080048\\../Screenshots/iPhone 6/AHI/Dental - USA Access/20200423_081928/0.png, D:\\Test\\AgileTest\\Reports\\AHI\\ahi\\20200423_080048\\../Screenshots/iPhone 6/AHI/Dental - USA Access/20200423_081928/1.png, D:\\Test\\AgileTest\\Reports\\AHI\\ahi\\20200423_080048\\../Screenshots/iPhone 6/AHI/Dental - USA Access/20200423_081928/2.png, D:\\Test\\AgileTest\\Reports\\AHI\\ahi\\20200423_080048\\../Screenshots/iPhone 6/AHI/Dental - USA Access/20200423_081928/3.png, D:\\Test\\AgileTest\\Reports\\AHI\\ahi\\20200423_080048\\../Screenshots/iPhone 6/AHI/Dental - USA Access/20200423_081928/4.png, D:\\Test\\AgileTest\\Reports\\AHI\\ahi\\20200423_080048\\../Screenshots/iPhone 6/AHI/Dental - USA Access/20200423_081928/5.png, D:\\Test\\AgileTest\\Reports\\AHI\\ahi\\20200423_080048\\../Screenshots/iPhone 6/AHI/Dental - USA Access/20200423_081928/6.png, D:\\Test\\AgileTest\\Reports\\AHI\\ahi\\20200423_080048\\../Screenshots/iPhone 6/AHI/Dental - USA Access/20200423_081928/7.png, D:\\Test\\AgileTest\\Reports\\AHI\\ahi\\20200423_080048\\../Screenshots/iPhone 6/AHI/Dental - USA Access/20200423_081928/8.png, D:\\Test\\AgileTest\\Reports\\AHI\\ahi\\20200423_080048\\../Screenshots/iPhone 6/AHI/HBI/20200423_082127/0.png, D:\\Test\\AgileTest\\Reports\\AHI\\ahi\\20200423_080048\\../Screenshots/iPhone 6/AHI/HBI/20200423_082127/1.png, D:\\Test\\AgileTest\\Reports\\AHI\\ahi\\20200423_080048\\../Screenshots/iPhone 6/AHI/HBI/20200423_082127/2.png, D:\\Test\\AgileTest\\Reports\\AHI\\ahi\\20200423_080048\\../Screenshots/iPhone 6/AHI/Medicare/20200423_082239/0.png, D:\\Test\\AgileTest\\Reports\\AHI\\ahi\\20200423_080048\\../Screenshots/iPhone 6/AHI/Medicare/20200423_082239/1.png, D:\\Test\\AgileTest\\Reports\\AHI\\ahi\\20200423_080048\\../Screenshots/iPhone 6/AHI/Pet Insurance/20200423_082315/0.png, D:\\Test\\AgileTest\\Reports\\AHI\\ahi\\20200423_080048\\../Screenshots/iPhone 6/AHI/Pet Insurance/20200423_082315/1.png, D:\\Test\\AgileTest\\Reports\\AHI\\ahi\\20200423_080048\\../Screenshots/iPhone 6/AHI/Pet Insurance/20200423_082315/2.png, D:\\Test\\AgileTest\\Reports\\AHI\\ahi\\20200423_080048\\../Screenshots/iPhone 6/AHI/Pet Insurance/20200423_082315/3.png, D:\\Test\\AgileTest\\Reports\\AHI\\ahi\\20200423_080048\\../Screenshots/iPhone 6/AHI/Pet Insurance/20200423_082315/4.png, D:\\Test\\AgileTest\\Reports\\AHI\\ahi\\20200423_080048\\../Screenshots/iPhone 6/AHI/Pet Insurance/20200423_082315/5.png, D:\\Test\\AgileTest\\Reports\\AHI\\ahi\\20200423_080048\\../Screenshots/iPhone 6/AHI/Pet Insurance/20200423_082315/6.png, D:\\Test\\AgileTest\\Reports\\AHI\\ahi\\20200423_080048\\../Screenshots/iPhone 6/AHI/Pet Insurance/20200423_082315/7.png, D:\\Test\\AgileTest\\Reports\\AHI\\ahi\\20200423_080048\\../Screenshots/iPhone 6/AHI/Pet Insurance/20200423_082315/8.png, D:\\Test\\AgileTest\\Reports\\AHI\\ahi\\20200423_080048\\../Screenshots/iPhone 6/AHI/Pet Insurance/20200423_082315/9.png, D:\\Test\\AgileTest\\Reports\\AHI\\ahi\\20200423_080048\\../Screenshots/iPhone 6/AHI/Pet Insurance/20200423_082315/10.png, D:\\Test\\AgileTest\\Reports\\AHI\\ahi\\20200423_080048\\../Screenshots/iPhone 6/AHI/STM/20200423_082451/0.png, D:\\Test\\AgileTest\\Reports\\AHI\\ahi\\20200423_080048\\../Screenshots/iPhone 6/AHI/STM/20200423_082451/1.png, D:\\Test\\AgileTest\\Reports\\AHI\\ahi\\20200423_080048\\../Screenshots/iPhone 6/AHI/STM/20200423_082451/2.png, D:\\Test\\AgileTest\\Reports\\AHI\\ahi\\20200423_080048\\../Screenshots/iPhone 6/AHI/Teladoc/20200423_082600/0.png, D:\\Test\\AgileTest\\Reports\\AHI\\ahi\\20200423_080048\\../Screenshots/iPhone 6/AHI/Teladoc/20200423_082600/1.png, D:\\Test\\AgileTest\\Reports\\AHI\\ahi\\20200423_080048\\../Screenshots/iPhone 6/AHI/Teladoc/20200423_082600/2.png, D:\\Test\\AgileTest\\Reports\\AHI\\ahi\\20200423_080048\\../Screenshots/iPhone 6/AHI/Teladoc/20200423_082600/3.png, D:\\Test\\AgileTest\\Reports\\AHI\\ahi\\20200423_080048\\../Screenshots/iPhone 6/AHI/Teladoc/20200423_082600/4.png, D:\\Test\\AgileTest\\Reports\\AHI\\ahi\\20200423_080048\\../Screenshots/iPhone 6/AHI/Teladoc/20200423_082600/5.png, D:\\Test\\AgileTest\\Reports\\AHI\\ahi\\20200423_080048\\../Screenshots/iPhone 6/AHI/Teladoc/20200423_082600/6.png"/>
         <property name="hostName" value="Administrator - 172.30.0.53"/>
         <property name="os" value="Windows Server 2012 R2 64bit"/>
         <property name="katalonVersion" value="5.10.1.1"/>
         <property name="browser" value="Safari 11"/>
         <property name="hostAddress" value="172.30.0.53"/>
         <property name="sessionId" value="07aec1b3ef21e3c992c81ae16189644e"/>
         <property name="seleniumVersion" value="3.7.1"/>
         <property name="proxyInformation" value="ProxyInformation{proxyOption=NO_PROXY, proxyServerType=HTTP, password=, proxyServerAddress=, proxyServerPort=0}"/>
         <property name="platform" value="Windows Server 2012 R2"/>
      </properties>
      <testcase name="Test Cases/AHI/NEW/ACA Health Insurance" classname="Test Cases/AHI/NEW/ACA Health Insurance" status="PASSED">
         <system-out><![CDATA[2020-04-23 08:14:24 - [TEST_CASE][PASSED] - Test Cases/AHI/NEW/ACA Health Insurance: Test Cases/AHI/NEW/ACA Health Insurance

2020-04-23 08:14:25 - [TEST_STEP][PASSED] - callTestCase(findTestCase("AHI/_include/get_screenPath"), ["productLine":"AHI", "carrierName":"ACA Health Insurance"], CONTINUE_ON_FAILURE): Call Test Case 'Test Cases/AHI/_include/get_screenPath' successfully

2020-04-23 08:14:26 - [TEST_CASE][PASSED] - Test Cases/AHI/_include/get_screenPath: Test Cases/AHI/_include/get_screenPath

2020-04-23 08:14:26 - [TEST_STEP][PASSED] - m = getExecutionProperties(): null

2020-04-23 08:14:26 - [TEST_STEP][PASSED] - deviceName = get("mobileEmulation").get("deviceName"): null

2020-04-23 08:14:26 - [TEST_STEP][PASSED] - println(deviceName): null

2020-04-23 08:14:26 - [TEST_STEP][PASSED] - now = new java.util.Date(): null

2020-04-23 08:14:26 - [TEST_STEP][PASSED] - mydate = now.format("yyyyMMdd_HHmmss"): null

2020-04-23 08:14:26 - [TEST_STEP][PASSED] - screenPath = "../Screenshots/": null

2020-04-23 08:14:26 - [TEST_STEP][PASSED] - screenPath = screenPath + deviceName + "/" + productLine + "/" + carrierName + "/" + mydate + "/": null

2020-04-23 08:14:26 - [TEST_STEP][PASSED] - println(screenPath): null

2020-04-23 08:14:26 - [MESSAGE][PASSED] - Call Test Case 'Test Cases/AHI/_include/get_screenPath' successfully

2020-04-23 08:14:26 - [TEST_STEP][PASSED] - i = 0: null

2020-04-23 08:14:26 - [TEST_STEP][PASSED] - callTestCase(findTestCase("AHI/_include/openWebSite"), [:], CONTINUE_ON_FAILURE): Call Test Case 'Test Cases/AHI/_include/openWebSite' successfully

2020-04-23 08:14:26 - [TEST_CASE][PASSED] - Test Cases/AHI/_include/openWebSite: Test Cases/AHI/_include/openWebSite

2020-04-23 08:14:26 - [TEST_STEP][PASSED] - openBrowser(env): Browser is opened with url: 'https://praetemptatus.agilehealthinsurance.com'

2020-04-23 08:14:27 - [MESSAGE][INFO] - Starting 'Chrome' driver

2020-04-23 08:14:27 - [MESSAGE][INFO] - User set preference: ['mobileEmulation', '{deviceName=iPhone 6}']

2020-04-23 08:14:27 - [MESSAGE][INFO] - User set preference: ['args', '[--incognito, --aggressive-cache-discard, --window-size=375,677, --no-sandbox, --ignore-certificate-errors]']

2020-04-23 08:14:27 - [MESSAGE][INFO] - Action delay is set to 0 seconds

2020-04-23 08:14:45 - [MESSAGE][PASSED] - Browser is opened with url: 'https://praetemptatus.agilehealthinsurance.com'

2020-04-23 08:14:45 - [TEST_STEP][PASSED] - waitForPageLoad(20): Wait for page load successfully

2020-04-23 08:14:45 - [MESSAGE][PASSED] - Wait for page load successfully

2020-04-23 08:14:45 - [TEST_STEP][PASSED] - callTestCase(findTestCase("AHI/_include/get_screenshot"), [:], STOP_ON_FAILURE): Call Test Case 'Test Cases/AHI/_include/get_screenshot' successfully

2020-04-23 08:14:45 - [TEST_CASE][PASSED] - Test Cases/AHI/_include/get_screenshot: Test Cases/AHI/_include/get_screenshot

2020-04-23 08:14:46 - [TEST_STEP][PASSED] - Thread.sleep(1000): null

2020-04-23 08:14:47 - [TEST_STEP][PASSED] - takeScreenshot(screenPath + i + ".png"): Taking screenshot successfully

2020-04-23 08:14:48 - [MESSAGE][PASSED] - Taking screenshot successfully
[[ATTACHMENT|D:\\Test\\AgileTest\\Reports\\AHI\\ahi\\20200423_080048\\../Screenshots/iPhone 6/AHI/ACA Health Insurance/20200423_081426/0.png]]

2020-04-23 08:14:48 - [TEST_STEP][PASSED] - (internal.GlobalVariable.i++): null

2020-04-23 08:14:48 - [MESSAGE][PASSED] - Call Test Case 'Test Cases/AHI/_include/get_screenshot' successfully

2020-04-23 08:14:48 - [MESSAGE][PASSED] - Call Test Case 'Test Cases/AHI/_include/openWebSite' successfully

2020-04-23 08:14:48 - [TEST_STEP][PASSED] - driver = getWebDriver(): null

2020-04-23 08:14:48 - [TEST_STEP][PASSED] - baseUrl = ENV: null

2020-04-23 08:14:48 - [TEST_STEP][PASSED] - selenium = new com.thoughtworks.selenium.webdriven.WebDriverBackedSelenium(driver, baseUrl): null

2020-04-23 08:14:48 - [TEST_STEP][PASSED] - selenium.click("//*[@class='filter-option-inner-inner']"): null

2020-04-23 08:14:48 - [TEST_STEP][PASSED] - selenium.click("id=bs-select-1-0"): null

2020-04-23 08:14:48 - [TEST_STEP][PASSED] - selenium.click("id=primaryCTA"): null

2020-04-23 08:14:55 - [TEST_STEP][PASSED] - for ([second = 0, second < 10, (second++)]): null

2020-04-23 08:14:55 - [TEST_STEP][PASSED] - try: null

2020-04-23 08:14:55 - [TEST_STEP][PASSED] - if (selenium.isElementPresent("xpath=//h1[contains(text(),'Find the right Individual and Family health care plan for you')]")): null

2020-04-23 08:15:01 - [TEST_STEP][PASSED] - break: null

2020-04-23 08:15:01 - [TEST_STEP][PASSED] - callTestCase(findTestCase("AHI/_include/get_screenshot"), [:], STOP_ON_FAILURE): Call Test Case 'Test Cases/AHI/_include/get_screenshot' successfully

2020-04-23 08:15:01 - [TEST_CASE][PASSED] - Test Cases/AHI/_include/get_screenshot: Test Cases/AHI/_include/get_screenshot

2020-04-23 08:15:01 - [TEST_STEP][PASSED] - Thread.sleep(1000): null

2020-04-23 08:15:02 - [TEST_STEP][PASSED] - takeScreenshot(screenPath + i + ".png"): Taking screenshot successfully

2020-04-23 08:15:05 - [MESSAGE][PASSED] - Taking screenshot successfully
[[ATTACHMENT|D:\\Test\\AgileTest\\Reports\\AHI\\ahi\\20200423_080048\\../Screenshots/iPhone 6/AHI/ACA Health Insurance/20200423_081426/1.png]]

2020-04-23 08:15:05 - [TEST_STEP][PASSED] - (internal.GlobalVariable.i++): null

2020-04-23 08:15:05 - [MESSAGE][PASSED] - Call Test Case 'Test Cases/AHI/_include/get_screenshot' successfully

2020-04-23 08:15:05 - [TEST_STEP][PASSED] - url = selenium.getAttribute("xpath=(//a[@class='front-door-quote-button'])@href"): null

2020-04-23 08:15:05 - [TEST_STEP][PASSED] - navigateToUrl(url): Navigate to 'https://www.healthpocket.com/individual-health-insurance?__hstc=225231557.20b48f0c7910675149a6d47cbf1900bc.1587644104505.1587644104505.1587644104505.1&__hssc=225231557.1.1587644104505&__hsfp=937275251' successfully

2020-04-23 08:15:26 - [MESSAGE][PASSED] - Navigate to 'https://www.healthpocket.com/individual-health-insurance?__hstc=225231557.20b48f0c7910675149a6d47cbf1900bc.1587644104505.1587644104505.1587644104505.1&__hssc=225231557.1.1587644104505&__hsfp=937275251' successfully

2020-04-23 08:15:26 - [TEST_STEP][PASSED] - waitForPageLoad(10): Wait for page load successfully

2020-04-23 08:15:26 - [MESSAGE][PASSED] - Wait for page load successfully

2020-04-23 08:15:26 - [TEST_STEP][PASSED] - callTestCase(findTestCase("AHI/_include/get_screenshot"), [:], STOP_ON_FAILURE): Call Test Case 'Test Cases/AHI/_include/get_screenshot' successfully

2020-04-23 08:15:26 - [TEST_CASE][PASSED] - Test Cases/AHI/_include/get_screenshot: Test Cases/AHI/_include/get_screenshot

2020-04-23 08:15:26 - [TEST_STEP][PASSED] - Thread.sleep(1000): null

2020-04-23 08:15:27 - [TEST_STEP][PASSED] - takeScreenshot(screenPath + i + ".png"): Taking screenshot successfully

2020-04-23 08:15:27 - [MESSAGE][PASSED] - Taking screenshot successfully
[[ATTACHMENT|D:\\Test\\AgileTest\\Reports\\AHI\\ahi\\20200423_080048\\../Screenshots/iPhone 6/AHI/ACA Health Insurance/20200423_081426/2.png]]

2020-04-23 08:15:27 - [TEST_STEP][PASSED] - (internal.GlobalVariable.i++): null

2020-04-23 08:15:27 - [MESSAGE][PASSED] - Call Test Case 'Test Cases/AHI/_include/get_screenshot' successfully]]></system-out>
         <system-err><![CDATA[]]></system-err>
      </testcase>
      <testcase name="Test Cases/AHI/NEW/Cancer Insurance" classname="Test Cases/AHI/NEW/Cancer Insurance" status="PASSED">
         <system-out><![CDATA[2020-04-23 08:15:27 - [TEST_CASE][PASSED] - Test Cases/AHI/NEW/Cancer Insurance: Test Cases/AHI/NEW/Cancer Insurance

2020-04-23 08:15:27 - [TEST_STEP][PASSED] - callTestCase(findTestCase("AHI/_include/get_screenPath"), ["productLine":"AHI", "carrierName":"Cancer Insurance"], CONTINUE_ON_FAILURE): Call Test Case 'Test Cases/AHI/_include/get_screenPath' successfully

2020-04-23 08:15:27 - [TEST_CASE][PASSED] - Test Cases/AHI/_include/get_screenPath: Test Cases/AHI/_include/get_screenPath

2020-04-23 08:15:28 - [TEST_STEP][PASSED] - m = getExecutionProperties(): null

2020-04-23 08:15:28 - [TEST_STEP][PASSED] - deviceName = get("mobileEmulation").get("deviceName"): null

2020-04-23 08:15:28 - [TEST_STEP][PASSED] - println(deviceName): null

2020-04-23 08:15:28 - [TEST_STEP][PASSED] - now = new java.util.Date(): null

2020-04-23 08:15:28 - [TEST_STEP][PASSED] - mydate = now.format("yyyyMMdd_HHmmss"): null

2020-04-23 08:15:28 - [TEST_STEP][PASSED] - screenPath = "../Screenshots/": null

2020-04-23 08:15:28 - [TEST_STEP][PASSED] - screenPath = screenPath + deviceName + "/" + productLine + "/" + carrierName + "/" + mydate + "/": null

2020-04-23 08:15:28 - [TEST_STEP][PASSED] - println(screenPath): null

2020-04-23 08:15:28 - [MESSAGE][PASSED] - Call Test Case 'Test Cases/AHI/_include/get_screenPath' successfully

2020-04-23 08:15:28 - [TEST_STEP][PASSED] - i = 0: null

2020-04-23 08:15:28 - [TEST_STEP][PASSED] - callTestCase(findTestCase("AHI/_include/openWebSite"), [:], CONTINUE_ON_FAILURE): Call Test Case 'Test Cases/AHI/_include/openWebSite' successfully

2020-04-23 08:15:28 - [TEST_CASE][PASSED] - Test Cases/AHI/_include/openWebSite: Test Cases/AHI/_include/openWebSite

2020-04-23 08:15:28 - [TEST_STEP][PASSED] - openBrowser(env): Browser is opened with url: 'https://praetemptatus.agilehealthinsurance.com'

2020-04-23 08:15:28 - [MESSAGE][WARNING] - A browser is already opened. Closing browser and opening a new one

2020-04-23 08:15:28 - [MESSAGE][INFO] - Starting 'Chrome' driver

2020-04-23 08:15:28 - [MESSAGE][INFO] - User set preference: ['mobileEmulation', '{deviceName=iPhone 6}']

2020-04-23 08:15:28 - [MESSAGE][INFO] - User set preference: ['args', '[--incognito, --aggressive-cache-discard, --window-size=375,677, --no-sandbox, --ignore-certificate-errors]']

2020-04-23 08:15:41 - [MESSAGE][PASSED] - Browser is opened with url: 'https://praetemptatus.agilehealthinsurance.com'

2020-04-23 08:15:41 - [TEST_STEP][PASSED] - waitForPageLoad(20): Wait for page load successfully

2020-04-23 08:15:41 - [MESSAGE][PASSED] - Wait for page load successfully

2020-04-23 08:15:41 - [TEST_STEP][PASSED] - callTestCase(findTestCase("AHI/_include/get_screenshot"), [:], STOP_ON_FAILURE): Call Test Case 'Test Cases/AHI/_include/get_screenshot' successfully

2020-04-23 08:15:41 - [TEST_CASE][PASSED] - Test Cases/AHI/_include/get_screenshot: Test Cases/AHI/_include/get_screenshot

2020-04-23 08:15:41 - [TEST_STEP][PASSED] - Thread.sleep(1000): null

2020-04-23 08:15:42 - [TEST_STEP][PASSED] - takeScreenshot(screenPath + i + ".png"): Taking screenshot successfully

2020-04-23 08:15:43 - [MESSAGE][PASSED] - Taking screenshot successfully
[[ATTACHMENT|D:\\Test\\AgileTest\\Reports\\AHI\\ahi\\20200423_080048\\../Screenshots/iPhone 6/AHI/Cancer Insurance/20200423_081528/0.png]]

2020-04-23 08:15:43 - [TEST_STEP][PASSED] - (internal.GlobalVariable.i++): null

2020-04-23 08:15:43 - [MESSAGE][PASSED] - Call Test Case 'Test Cases/AHI/_include/get_screenshot' successfully

2020-04-23 08:15:43 - [MESSAGE][PASSED] - Call Test Case 'Test Cases/AHI/_include/openWebSite' successfully

2020-04-23 08:15:43 - [TEST_STEP][PASSED] - driver = getWebDriver(): null

2020-04-23 08:15:43 - [TEST_STEP][PASSED] - baseUrl = ENV: null

2020-04-23 08:15:43 - [TEST_STEP][PASSED] - selenium = new com.thoughtworks.selenium.webdriven.WebDriverBackedSelenium(driver, baseUrl): null

2020-04-23 08:15:43 - [TEST_STEP][PASSED] - selenium.click("//*[@class='filter-option-inner-inner']"): null

2020-04-23 08:15:43 - [TEST_STEP][PASSED] - selenium.click("id=bs-select-1-1"): null

2020-04-23 08:15:44 - [TEST_STEP][PASSED] - selenium.click("id=primaryCTA"): null

2020-04-23 08:15:45 - [TEST_STEP][PASSED] - for ([second = 0, second < 20, (second++)]): null

2020-04-23 08:15:45 - [TEST_STEP][PASSED] - try: null

2020-04-23 08:15:45 - [TEST_STEP][PASSED] - if (selenium.isElementPresent("id=zip-input")): null

2020-04-23 08:15:45 - [TEST_STEP][PASSED] - break: null

2020-04-23 08:15:45 - [TEST_STEP][PASSED] - callTestCase(findTestCase("AHI/_include/get_screenshot"), [:], STOP_ON_FAILURE): Call Test Case 'Test Cases/AHI/_include/get_screenshot' successfully

2020-04-23 08:15:45 - [TEST_CASE][PASSED] - Test Cases/AHI/_include/get_screenshot: Test Cases/AHI/_include/get_screenshot

2020-04-23 08:15:45 - [TEST_STEP][PASSED] - Thread.sleep(1000): null

2020-04-23 08:15:46 - [TEST_STEP][PASSED] - takeScreenshot(screenPath + i + ".png"): Taking screenshot successfully

2020-04-23 08:15:46 - [MESSAGE][PASSED] - Taking screenshot successfully
[[ATTACHMENT|D:\\Test\\AgileTest\\Reports\\AHI\\ahi\\20200423_080048\\../Screenshots/iPhone 6/AHI/Cancer Insurance/20200423_081528/1.png]]

2020-04-23 08:15:46 - [TEST_STEP][PASSED] - (internal.GlobalVariable.i++): null

2020-04-23 08:15:46 - [MESSAGE][PASSED] - Call Test Case 'Test Cases/AHI/_include/get_screenshot' successfully

2020-04-23 08:15:46 - [TEST_STEP][PASSED] - sendKeys(findTestObject("mobileSanity/Cancer Insurance/zip"), "35216"): Keys '35216' sent to object: 'Object Repository/mobileSanity/Cancer Insurance/zip'

2020-04-23 08:15:46 - [MESSAGE][PASSED] - Keys '35216' sent to object: 'Object Repository/mobileSanity/Cancer Insurance/zip'

2020-04-23 08:15:46 - [TEST_STEP][PASSED] - sendKeys(findTestObject("mobileSanity/Cancer Insurance/dob-0"), "01/01/1990"): Keys '01/01/1990' sent to object: 'Object Repository/mobileSanity/Cancer Insurance/dob-0'

2020-04-23 08:15:47 - [MESSAGE][PASSED] - Keys '01/01/1990' sent to object: 'Object Repository/mobileSanity/Cancer Insurance/dob-0'

2020-04-23 08:15:47 - [TEST_STEP][PASSED] - Thread.sleep(2000): null

2020-04-23 08:15:49 - [TEST_STEP][PASSED] - selenium.click("//label[@for='gender-m-0']"): null

2020-04-23 08:15:49 - [TEST_STEP][PASSED] - Thread.sleep(3000): null

2020-04-23 08:15:52 - [TEST_STEP][PASSED] - selenium.click("id=js-see-plans"): null

2020-04-23 08:16:03 - [TEST_STEP][PASSED] - for ([second = 0, second < 20, (second++)]): null

2020-04-23 08:16:03 - [TEST_STEP][PASSED] - try: null

2020-04-23 08:16:03 - [TEST_STEP][PASSED] - if (selenium.isElementPresent("xpath=//h1[contains(text(),'3 Cancer Insurance Policies Found')]")): null

2020-04-23 08:16:04 - [TEST_STEP][PASSED] - Thread.sleep(1000): null

2020-04-23 08:16:05 - [TEST_STEP][PASSED] - try: null

2020-04-23 08:16:05 - [TEST_STEP][PASSED] - if (selenium.isElementPresent("xpath=//h1[contains(text(),'3 Cancer Insurance Policies Found')]")): null

2020-04-23 08:16:05 - [TEST_STEP][PASSED] - Thread.sleep(1000): null

2020-04-23 08:16:06 - [TEST_STEP][PASSED] - try: null

2020-04-23 08:16:06 - [TEST_STEP][PASSED] - if (selenium.isElementPresent("xpath=//h1[contains(text(),'3 Cancer Insurance Policies Found')]")): null

2020-04-23 08:16:06 - [TEST_STEP][PASSED] - Thread.sleep(1000): null

2020-04-23 08:16:07 - [TEST_STEP][PASSED] - try: null

2020-04-23 08:16:07 - [TEST_STEP][PASSED] - if (selenium.isElementPresent("xpath=//h1[contains(text(),'3 Cancer Insurance Policies Found')]")): null

2020-04-23 08:16:08 - [TEST_STEP][PASSED] - Thread.sleep(1000): null

2020-04-23 08:16:09 - [TEST_STEP][PASSED] - try: null

2020-04-23 08:16:09 - [TEST_STEP][PASSED] - if (selenium.isElementPresent("xpath=//h1[contains(text(),'3 Cancer Insurance Policies Found')]")): null

2020-04-23 08:16:09 - [TEST_STEP][PASSED] - Thread.sleep(1000): null

2020-04-23 08:16:10 - [TEST_STEP][PASSED] - try: null

2020-04-23 08:16:10 - [TEST_STEP][PASSED] - if (selenium.isElementPresent("xpath=//h1[contains(text(),'3 Cancer Insurance Policies Found')]")): null

2020-04-23 08:16:10 - [TEST_STEP][PASSED] - Thread.sleep(1000): null

2020-04-23 08:16:11 - [TEST_STEP][PASSED] - try: null

2020-04-23 08:16:11 - [TEST_STEP][PASSED] - if (selenium.isElementPresent("xpath=//h1[contains(text(),'3 Cancer Insurance Policies Found')]")): null

2020-04-23 08:16:11 - [TEST_STEP][PASSED] - Thread.sleep(1000): null

2020-04-23 08:16:12 - [TEST_STEP][PASSED] - try: null

2020-04-23 08:16:12 - [TEST_STEP][PASSED] - if (selenium.isElementPresent("xpath=//h1[contains(text(),'3 Cancer Insurance Policies Found')]")): null

2020-04-23 08:16:12 - [TEST_STEP][PASSED] - Thread.sleep(1000): null

2020-04-23 08:16:13 - [TEST_STEP][PASSED] - try: null

2020-04-23 08:16:13 - [TEST_STEP][PASSED] - if (selenium.isElementPresent("xpath=//h1[contains(text(),'3 Cancer Insurance Policies Found')]")): null

2020-04-23 08:16:13 - [TEST_STEP][PASSED] - Thread.sleep(1000): null

2020-04-23 08:16:14 - [TEST_STEP][PASSED] - try: null

2020-04-23 08:16:14 - [TEST_STEP][PASSED] - if (selenium.isElementPresent("xpath=//h1[contains(text(),'3 Cancer Insurance Policies Found')]")): null

2020-04-23 08:16:14 - [TEST_STEP][PASSED] - Thread.sleep(1000): null

2020-04-23 08:16:15 - [TEST_STEP][PASSED] - try: null

2020-04-23 08:16:15 - [TEST_STEP][PASSED] - if (selenium.isElementPresent("xpath=//h1[contains(text(),'3 Cancer Insurance Policies Found')]")): null

2020-04-23 08:16:15 - [TEST_STEP][PASSED] - Thread.sleep(1000): null

2020-04-23 08:16:16 - [TEST_STEP][PASSED] - try: null

2020-04-23 08:16:16 - [TEST_STEP][PASSED] - if (selenium.isElementPresent("xpath=//h1[contains(text(),'3 Cancer Insurance Policies Found')]")): null

2020-04-23 08:16:16 - [TEST_STEP][PASSED] - Thread.sleep(1000): null

2020-04-23 08:16:17 - [TEST_STEP][PASSED] - try: null

2020-04-23 08:16:17 - [TEST_STEP][PASSED] - if (selenium.isElementPresent("xpath=//h1[contains(text(),'3 Cancer Insurance Policies Found')]")): null

2020-04-23 08:16:18 - [TEST_STEP][PASSED] - Thread.sleep(1000): null

2020-04-23 08:16:19 - [TEST_STEP][PASSED] - try: null

2020-04-23 08:16:19 - [TEST_STEP][PASSED] - if (selenium.isElementPresent("xpath=//h1[contains(text(),'3 Cancer Insurance Policies Found')]")): null

2020-04-23 08:16:19 - [TEST_STEP][PASSED] - Thread.sleep(1000): null

2020-04-23 08:16:20 - [TEST_STEP][PASSED] - try: null

2020-04-23 08:16:20 - [TEST_STEP][PASSED] - if (selenium.isElementPresent("xpath=//h1[contains(text(),'3 Cancer Insurance Policies Found')]")): null

2020-04-23 08:16:21 - [TEST_STEP][PASSED] - Thread.sleep(1000): null

2020-04-23 08:16:22 - [TEST_STEP][PASSED] - try: null

2020-04-23 08:16:22 - [TEST_STEP][PASSED] - if (selenium.isElementPresent("xpath=//h1[contains(text(),'3 Cancer Insurance Policies Found')]")): null

2020-04-23 08:16:22 - [TEST_STEP][PASSED] - Thread.sleep(1000): null

2020-04-23 08:16:23 - [TEST_STEP][PASSED] - try: null

2020-04-23 08:16:23 - [TEST_STEP][PASSED] - if (selenium.isElementPresent("xpath=//h1[contains(text(),'3 Cancer Insurance Policies Found')]")): null

2020-04-23 08:16:23 - [TEST_STEP][PASSED] - Thread.sleep(1000): null

2020-04-23 08:16:24 - [TEST_STEP][PASSED] - try: null

2020-04-23 08:16:24 - [TEST_STEP][PASSED] - if (selenium.isElementPresent("xpath=//h1[contains(text(),'3 Cancer Insurance Policies Found')]")): null

2020-04-23 08:16:24 - [TEST_STEP][PASSED] - Thread.sleep(1000): null

2020-04-23 08:16:25 - [TEST_STEP][PASSED] - try: null

2020-04-23 08:16:25 - [TEST_STEP][PASSED] - if (selenium.isElementPresent("xpath=//h1[contains(text(),'3 Cancer Insurance Policies Found')]")): null

2020-04-23 08:16:25 - [TEST_STEP][PASSED] - Thread.sleep(1000): null

2020-04-23 08:16:26 - [TEST_STEP][PASSED] - try: null

2020-04-23 08:16:26 - [TEST_STEP][PASSED] - if (selenium.isElementPresent("xpath=//h1[contains(text(),'3 Cancer Insurance Policies Found')]")): null

2020-04-23 08:16:26 - [TEST_STEP][PASSED] - Thread.sleep(1000): null

2020-04-23 08:16:27 - [TEST_STEP][PASSED] - callTestCase(findTestCase("AHI/_include/get_screenshot"), [:], STOP_ON_FAILURE): Call Test Case 'Test Cases/AHI/_include/get_screenshot' successfully

2020-04-23 08:16:27 - [TEST_CASE][PASSED] - Test Cases/AHI/_include/get_screenshot: Test Cases/AHI/_include/get_screenshot

2020-04-23 08:16:27 - [TEST_STEP][PASSED] - Thread.sleep(1000): null

2020-04-23 08:16:28 - [TEST_STEP][PASSED] - takeScreenshot(screenPath + i + ".png"): Taking screenshot successfully

2020-04-23 08:16:28 - [MESSAGE][PASSED] - Taking screenshot successfully
[[ATTACHMENT|D:\\Test\\AgileTest\\Reports\\AHI\\ahi\\20200423_080048\\../Screenshots/iPhone 6/AHI/Cancer Insurance/20200423_081528/2.png]]

2020-04-23 08:16:28 - [TEST_STEP][PASSED] - (internal.GlobalVariable.i++): null

2020-04-23 08:16:28 - [MESSAGE][PASSED] - Call Test Case 'Test Cases/AHI/_include/get_screenshot' successfully

2020-04-23 08:16:28 - [TEST_STEP][PASSED] - selenium.click("xpath=(//a[contains(text(),'Option 1')])[1]"): null

2020-04-23 08:16:33 - [TEST_STEP][PASSED] - for ([second = 0, second < 20, (second++)]): null

2020-04-23 08:16:33 - [TEST_STEP][PASSED] - try: null

2020-04-23 08:16:33 - [TEST_STEP][PASSED] - if (selenium.isElementPresent("id=plan-details-primary-apply")): null

2020-04-23 08:16:34 - [TEST_STEP][PASSED] - break: null

2020-04-23 08:16:34 - [TEST_STEP][PASSED] - callTestCase(findTestCase("AHI/_include/get_screenshot"), [:], STOP_ON_FAILURE): Call Test Case 'Test Cases/AHI/_include/get_screenshot' successfully

2020-04-23 08:16:34 - [TEST_CASE][PASSED] - Test Cases/AHI/_include/get_screenshot: Test Cases/AHI/_include/get_screenshot

2020-04-23 08:16:34 - [TEST_STEP][PASSED] - Thread.sleep(1000): null

2020-04-23 08:16:35 - [TEST_STEP][PASSED] - takeScreenshot(screenPath + i + ".png"): Taking screenshot successfully

2020-04-23 08:16:36 - [MESSAGE][PASSED] - Taking screenshot successfully
[[ATTACHMENT|D:\\Test\\AgileTest\\Reports\\AHI\\ahi\\20200423_080048\\../Screenshots/iPhone 6/AHI/Cancer Insurance/20200423_081528/3.png]]

2020-04-23 08:16:36 - [TEST_STEP][PASSED] - (internal.GlobalVariable.i++): null

2020-04-23 08:16:36 - [MESSAGE][PASSED] - Call Test Case 'Test Cases/AHI/_include/get_screenshot' successfully

2020-04-23 08:16:36 - [TEST_STEP][PASSED] - selenium.click("id=plan-details-primary-apply"): null

2020-04-23 08:16:37 - [TEST_STEP][PASSED] - for ([second = 0, second < 20, (second++)]): null

2020-04-23 08:16:37 - [TEST_STEP][PASSED] - try: null

2020-04-23 08:16:37 - [TEST_STEP][PASSED] - if (selenium.isElementPresent("id=applyButton")): null

2020-04-23 08:16:38 - [TEST_STEP][PASSED] - break: null

2020-04-23 08:16:38 - [TEST_STEP][PASSED] - callTestCase(findTestCase("AHI/_include/get_screenshot"), [:], STOP_ON_FAILURE): Call Test Case 'Test Cases/AHI/_include/get_screenshot' successfully

2020-04-23 08:16:39 - [TEST_CASE][PASSED] - Test Cases/AHI/_include/get_screenshot: Test Cases/AHI/_include/get_screenshot

2020-04-23 08:16:39 - [TEST_STEP][PASSED] - Thread.sleep(1000): null

2020-04-23 08:16:40 - [TEST_STEP][PASSED] - takeScreenshot(screenPath + i + ".png"): Taking screenshot successfully

2020-04-23 08:16:40 - [MESSAGE][PASSED] - Taking screenshot successfully
[[ATTACHMENT|D:\\Test\\AgileTest\\Reports\\AHI\\ahi\\20200423_080048\\../Screenshots/iPhone 6/AHI/Cancer Insurance/20200423_081528/4.png]]

2020-04-23 08:16:40 - [TEST_STEP][PASSED] - (internal.GlobalVariable.i++): null

2020-04-23 08:16:40 - [MESSAGE][PASSED] - Call Test Case 'Test Cases/AHI/_include/get_screenshot' successfully

2020-04-23 08:16:40 - [TEST_STEP][PASSED] - selenium.click("id=applyButton"): null

2020-04-23 08:16:44 - [TEST_STEP][PASSED] - for ([second = 0, second < 20, (second++)]): null

2020-04-23 08:16:44 - [TEST_STEP][PASSED] - try: null

2020-04-23 08:16:44 - [TEST_STEP][PASSED] - if (selenium.isElementPresent("id=member-P-1-firstName")): null

2020-04-23 08:16:44 - [TEST_STEP][PASSED] - break: null

2020-04-23 08:16:44 - [TEST_STEP][PASSED] - callTestCase(findTestCase("AHI/_include/get_screenshot"), [:], STOP_ON_FAILURE): Call Test Case 'Test Cases/AHI/_include/get_screenshot' successfully

2020-04-23 08:16:44 - [TEST_CASE][PASSED] - Test Cases/AHI/_include/get_screenshot: Test Cases/AHI/_include/get_screenshot

2020-04-23 08:16:44 - [TEST_STEP][PASSED] - Thread.sleep(1000): null

2020-04-23 08:16:45 - [TEST_STEP][PASSED] - takeScreenshot(screenPath + i + ".png"): Taking screenshot successfully

2020-04-23 08:16:46 - [MESSAGE][PASSED] - Taking screenshot successfully
[[ATTACHMENT|D:\\Test\\AgileTest\\Reports\\AHI\\ahi\\20200423_080048\\../Screenshots/iPhone 6/AHI/Cancer Insurance/20200423_081528/5.png]]

2020-04-23 08:16:46 - [TEST_STEP][PASSED] - (internal.GlobalVariable.i++): null

2020-04-23 08:16:46 - [MESSAGE][PASSED] - Call Test Case 'Test Cases/AHI/_include/get_screenshot' successfully

2020-04-23 08:16:46 - [TEST_STEP][PASSED] - callTestCase(findTestCase("AHI/_include/name"), [:], STOP_ON_FAILURE): Call Test Case 'Test Cases/AHI/_include/name' successfully

2020-04-23 08:16:46 - [TEST_CASE][PASSED] - Test Cases/AHI/_include/name: Test Cases/AHI/_include/name

2020-04-23 08:16:46 - [TEST_STEP][PASSED] - driver = getWebDriver(): null

2020-04-23 08:16:46 - [TEST_STEP][PASSED] - selenium = new com.thoughtworks.selenium.webdriven.WebDriverBackedSelenium(driver, internal.GlobalVariable.ENV): null

2020-04-23 08:16:46 - [TEST_STEP][PASSED] - FirstName = "Test-123": null

2020-04-23 08:16:46 - [TEST_STEP][PASSED] - LastName = selenium.getEval("{var x="ABCDEFGHIJKLMNOPQRSTUVWXYZabcdefghijklmnopqrstuvwxyz"; var tmp="ZZ11-"; for (i=0;i<8;i++) tmp+=x.charAt(Math.ceil(51*Math.random()));tmp;}"): null

2020-04-23 08:16:46 - [TEST_STEP][PASSED] - Address = selenium.getEval("{var x="ABCDEFGHIJKLMNOPQRSTUVWXYZabcdefghijklmnopqrstuvwxyz"; var tmp=""; for (i=0;i<8;i++) tmp+=x.charAt(Math.ceil(51*Math.random()));tmp;}"): null

2020-04-23 08:16:46 - [TEST_STEP][PASSED] - City = selenium.getEval("{var x="ABCDEFGHIJKLMNOPQRSTUVWXYZabcdefghijklmnopqrstuvwxyz"; var tmp=""; for (i=0;i<8;i++) tmp+=x.charAt(Math.ceil(51*Math.random()));tmp;}"): null

2020-04-23 08:16:46 - [TEST_STEP][PASSED] - tel1 = selenium.getEval("{var x="123456789"; var tmp=""; for (i=0;i<3;i++) tmp+=x.charAt(Math.ceil(8*Math.random()));tmp;}"): null

2020-04-23 08:16:46 - [TEST_STEP][PASSED] - tel2 = selenium.getEval("{var x="123456789"; var tmp=""; for (i=0;i<3;i++) tmp+=x.charAt(Math.ceil(8*Math.random()));tmp;}"): null

2020-04-23 08:16:46 - [TEST_STEP][PASSED] - tel3 = selenium.getEval("{var x="123456789"; var tmp=""; for (i=0;i<4;i++) tmp+=x.charAt(Math.ceil(8*Math.random()));tmp;}"): null

2020-04-23 08:16:46 - [TEST_STEP][PASSED] - Tel = selenium.getExpression(tel1 + "-" + tel2 + "-" + tel3): null

2020-04-23 08:16:46 - [TEST_STEP][PASSED] - AutoEmail = selenium.getEval("{var x="ABCDEFGHIJKLMNOPQRSTUVWXYZabcdefghijklmnopqrstuvwxyz"; var tmp="test."; for (i=0;i<8;i++) tmp+=x.charAt(Math.ceil(51*Math.random()));tmp+="@suryani.cn";}"): null

2020-04-23 08:16:46 - [TEST_STEP][PASSED] - FirstName = FirstName: null

2020-04-23 08:16:46 - [TEST_STEP][PASSED] - LastName = LastName: null

2020-04-23 08:16:46 - [TEST_STEP][PASSED] - Address = Address: null

2020-04-23 08:16:46 - [TEST_STEP][PASSED] - City = City: null

2020-04-23 08:16:46 - [TEST_STEP][PASSED] - Tel = Tel: null

2020-04-23 08:16:46 - [TEST_STEP][PASSED] - AutoEmail = AutoEmail: null

2020-04-23 08:16:46 - [TEST_STEP][PASSED] - println(FirstName): null

2020-04-23 08:16:46 - [TEST_STEP][PASSED] - println(LastName): null

2020-04-23 08:16:46 - [TEST_STEP][PASSED] - println(Address): null

2020-04-23 08:16:46 - [TEST_STEP][PASSED] - println(City): null

2020-04-23 08:16:46 - [TEST_STEP][PASSED] - println(Tel): null

2020-04-23 08:16:46 - [TEST_STEP][PASSED] - println(AutoEmail): null

2020-04-23 08:16:46 - [MESSAGE][PASSED] - Call Test Case 'Test Cases/AHI/_include/name' successfully

2020-04-23 08:16:46 - [TEST_STEP][PASSED] - selenium.type("id=member-P-1-firstName", FirstName): null

2020-04-23 08:16:46 - [TEST_STEP][PASSED] - selenium.type("id=member-P-1-lastName", LastName): null

2020-04-23 08:16:47 - [TEST_STEP][PASSED] - selenium.type("id=address", Address): null

2020-04-23 08:16:47 - [TEST_STEP][PASSED] - selenium.type("id=city", City): null

2020-04-23 08:16:47 - [TEST_STEP][PASSED] - selenium.type("id=email", AutoEmail): null

2020-04-23 08:16:48 - [TEST_STEP][PASSED] - selenium.type("id=primaryPhone", Tel): null

2020-04-23 08:16:48 - [TEST_STEP][PASSED] - selenium.click("id=js-app-continue-link"): null

2020-04-23 08:16:48 - [TEST_STEP][PASSED] - for ([second = 0, second < 20, (second++)]): null

2020-04-23 08:16:48 - [TEST_STEP][PASSED] - try: null

2020-04-23 08:16:48 - [TEST_STEP][PASSED] - if (selenium.isElementPresent("xpath=(//*[@class='js-question js-app-page-medical-question-wrapper'])[1]/div/button[1]")): null

2020-04-23 08:16:49 - [TEST_STEP][PASSED] - Thread.sleep(1000): null

2020-04-23 08:16:50 - [TEST_STEP][PASSED] - try: null

2020-04-23 08:16:50 - [TEST_STEP][PASSED] - if (selenium.isElementPresent("xpath=(//*[@class='js-question js-app-page-medical-question-wrapper'])[1]/div/button[1]")): null

2020-04-23 08:16:50 - [TEST_STEP][PASSED] - break: null

2020-04-23 08:16:50 - [TEST_STEP][PASSED] - callTestCase(findTestCase("AHI/_include/get_screenshot"), [:], STOP_ON_FAILURE): Call Test Case 'Test Cases/AHI/_include/get_screenshot' successfully

2020-04-23 08:16:50 - [TEST_CASE][PASSED] - Test Cases/AHI/_include/get_screenshot: Test Cases/AHI/_include/get_screenshot

2020-04-23 08:16:50 - [TEST_STEP][PASSED] - Thread.sleep(1000): null

2020-04-23 08:16:51 - [TEST_STEP][PASSED] - takeScreenshot(screenPath + i + ".png"): Taking screenshot successfully

2020-04-23 08:16:51 - [MESSAGE][PASSED] - Taking screenshot successfully
[[ATTACHMENT|D:\\Test\\AgileTest\\Reports\\AHI\\ahi\\20200423_080048\\../Screenshots/iPhone 6/AHI/Cancer Insurance/20200423_081528/6.png]]

2020-04-23 08:16:51 - [TEST_STEP][PASSED] - (internal.GlobalVariable.i++): null

2020-04-23 08:16:51 - [MESSAGE][PASSED] - Call Test Case 'Test Cases/AHI/_include/get_screenshot' successfully

2020-04-23 08:16:51 - [TEST_STEP][PASSED] - for ([i = 1, i < 12, (i++)]): null

2020-04-23 08:16:51 - [TEST_STEP][PASSED] - selenium.click("xpath=(//*[@class='js-question js-app-page-medical-question-wrapper'])[" + i + "]/div/button[1]"): null

2020-04-23 08:16:51 - [TEST_STEP][PASSED] - selenium.click("xpath=(//*[@class='js-question js-app-page-medical-question-wrapper'])[" + i + "]/div/button[1]"): null

2020-04-23 08:16:52 - [TEST_STEP][PASSED] - selenium.click("xpath=(//*[@class='js-question js-app-page-medical-question-wrapper'])[" + i + "]/div/button[1]"): null

2020-04-23 08:16:53 - [TEST_STEP][PASSED] - selenium.click("xpath=(//*[@class='js-question js-app-page-medical-question-wrapper'])[" + i + "]/div/button[1]"): null

2020-04-23 08:16:53 - [TEST_STEP][PASSED] - selenium.click("xpath=(//*[@class='js-question js-app-page-medical-question-wrapper'])[" + i + "]/div/button[1]"): null

2020-04-23 08:16:54 - [TEST_STEP][PASSED] - selenium.click("xpath=(//*[@class='js-question js-app-page-medical-question-wrapper'])[" + i + "]/div/button[1]"): null

2020-04-23 08:16:55 - [TEST_STEP][PASSED] - selenium.click("xpath=(//*[@class='js-question js-app-page-medical-question-wrapper'])[" + i + "]/div/button[1]"): null

2020-04-23 08:16:56 - [TEST_STEP][PASSED] - selenium.click("xpath=(//*[@class='js-question js-app-page-medical-question-wrapper'])[" + i + "]/div/button[1]"): null

2020-04-23 08:16:57 - [TEST_STEP][PASSED] - selenium.click("xpath=(//*[@class='js-question js-app-page-medical-question-wrapper'])[" + i + "]/div/button[1]"): null

2020-04-23 08:16:57 - [TEST_STEP][PASSED] - selenium.click("xpath=(//*[@class='js-question js-app-page-medical-question-wrapper'])[" + i + "]/div/button[1]"): null

2020-04-23 08:16:58 - [TEST_STEP][PASSED] - selenium.click("xpath=(//*[@class='js-question js-app-page-medical-question-wrapper'])[" + i + "]/div/button[1]"): null

2020-04-23 08:16:59 - [TEST_STEP][PASSED] - selenium.click("id=js-app-continue-link"): null

2020-04-23 08:17:00 - [TEST_STEP][PASSED] - for ([second = 0, second < 20, (second++)]): null

2020-04-23 08:17:00 - [TEST_STEP][PASSED] - try: null

2020-04-23 08:17:00 - [TEST_STEP][PASSED] - if (selenium.isElementPresent("id=credit-card-number")): null

2020-04-23 08:17:00 - [TEST_STEP][PASSED] - break: null

2020-04-23 08:17:00 - [TEST_STEP][PASSED] - callTestCase(findTestCase("AHI/_include/get_screenshot"), [:], STOP_ON_FAILURE): Call Test Case 'Test Cases/AHI/_include/get_screenshot' successfully

2020-04-23 08:17:00 - [TEST_CASE][PASSED] - Test Cases/AHI/_include/get_screenshot: Test Cases/AHI/_include/get_screenshot

2020-04-23 08:17:00 - [TEST_STEP][PASSED] - Thread.sleep(1000): null

2020-04-23 08:17:01 - [TEST_STEP][PASSED] - takeScreenshot(screenPath + i + ".png"): Taking screenshot successfully

2020-04-23 08:17:04 - [MESSAGE][PASSED] - Taking screenshot successfully
[[ATTACHMENT|D:\\Test\\AgileTest\\Reports\\AHI\\ahi\\20200423_080048\\../Screenshots/iPhone 6/AHI/Cancer Insurance/20200423_081528/7.png]]

2020-04-23 08:17:04 - [TEST_STEP][PASSED] - (internal.GlobalVariable.i++): null

2020-04-23 08:17:04 - [MESSAGE][PASSED] - Call Test Case 'Test Cases/AHI/_include/get_screenshot' successfully

2020-04-23 08:17:04 - [TEST_STEP][PASSED] - selenium.type("id=credit-card-number", "4111123123123123"): null

2020-04-23 08:17:04 - [TEST_STEP][PASSED] - selenium.type("id=credit-card-first", "test"): null

2020-04-23 08:17:05 - [TEST_STEP][PASSED] - selenium.type("id=credit-card-last", "test"): null

2020-04-23 08:17:05 - [TEST_STEP][PASSED] - selenium.select("id=expiration-month", "12"): null

2020-04-23 08:17:05 - [TEST_STEP][PASSED] - selenium.select("id=expiration-year", "2026"): null

2020-04-23 08:17:05 - [TEST_STEP][PASSED] - selenium.type("id=credit-card-cvv", "123"): null

2020-04-23 08:17:06 - [TEST_STEP][PASSED] - selenium.type("id=credit-card-number", "4111123123123123"): null

2020-04-23 08:17:06 - [TEST_STEP][PASSED] - selenium.click("id=js-same-billing"): null

2020-04-23 08:17:06 - [TEST_STEP][PASSED] - selenium.click("id=credit-payment-authorization"): null

2020-04-23 08:17:06 - [TEST_STEP][PASSED] - selenium.click("id=js-app-continue-link"): null

2020-04-23 08:17:06 - [TEST_STEP][PASSED] - for ([second = 0, second < 20, (second++)]): null

2020-04-23 08:17:06 - [TEST_STEP][PASSED] - try: null

2020-04-23 08:17:06 - [TEST_STEP][PASSED] - if (selenium.isElementPresent("id=consent-checkbox-0")): null

2020-04-23 08:17:06 - [TEST_STEP][PASSED] - Thread.sleep(1000): null

2020-04-23 08:17:07 - [TEST_STEP][PASSED] - try: null

2020-04-23 08:17:07 - [TEST_STEP][PASSED] - if (selenium.isElementPresent("id=consent-checkbox-0")): null

2020-04-23 08:17:08 - [TEST_STEP][PASSED] - break: null

2020-04-23 08:17:08 - [TEST_STEP][PASSED] - callTestCase(findTestCase("AHI/_include/get_screenshot"), [:], STOP_ON_FAILURE): Call Test Case 'Test Cases/AHI/_include/get_screenshot' successfully

2020-04-23 08:17:08 - [TEST_CASE][PASSED] - Test Cases/AHI/_include/get_screenshot: Test Cases/AHI/_include/get_screenshot

2020-04-23 08:17:08 - [TEST_STEP][PASSED] - Thread.sleep(1000): null

2020-04-23 08:17:09 - [TEST_STEP][PASSED] - takeScreenshot(screenPath + i + ".png"): Taking screenshot successfully

2020-04-23 08:17:09 - [MESSAGE][PASSED] - Taking screenshot successfully
[[ATTACHMENT|D:\\Test\\AgileTest\\Reports\\AHI\\ahi\\20200423_080048\\../Screenshots/iPhone 6/AHI/Cancer Insurance/20200423_081528/8.png]]

2020-04-23 08:17:09 - [TEST_STEP][PASSED] - (internal.GlobalVariable.i++): null

2020-04-23 08:17:09 - [MESSAGE][PASSED] - Call Test Case 'Test Cases/AHI/_include/get_screenshot' successfully

2020-04-23 08:17:09 - [TEST_STEP][PASSED] - selenium.click("id=consent-checkbox-0"): null

2020-04-23 08:17:09 - [TEST_STEP][PASSED] - selenium.click("id=js-signature-tab"): null

2020-04-23 08:17:09 - [TEST_STEP][PASSED] - selenium.click("id=js-app-continue-link"): null

2020-04-23 08:17:10 - [TEST_STEP][PASSED] - for ([second = 0, second < 30, (second++)]): null

2020-04-23 08:17:10 - [TEST_STEP][PASSED] - try: null

2020-04-23 08:17:10 - [TEST_STEP][PASSED] - if (selenium.isElementPresent("xpath=//h2[contains(text(),'Thank You')]")): null

2020-04-23 08:17:10 - [TEST_STEP][PASSED] - Thread.sleep(1000): null

2020-04-23 08:17:11 - [TEST_STEP][PASSED] - try: null

2020-04-23 08:17:11 - [TEST_STEP][PASSED] - if (selenium.isElementPresent("xpath=//h2[contains(text(),'Thank You')]")): null

2020-04-23 08:17:11 - [TEST_STEP][PASSED] - Thread.sleep(1000): null

2020-04-23 08:17:12 - [TEST_STEP][PASSED] - try: null

2020-04-23 08:17:12 - [TEST_STEP][PASSED] - if (selenium.isElementPresent("xpath=//h2[contains(text(),'Thank You')]")): null

2020-04-23 08:17:12 - [TEST_STEP][PASSED] - Thread.sleep(1000): null

2020-04-23 08:17:13 - [TEST_STEP][PASSED] - try: null

2020-04-23 08:17:13 - [TEST_STEP][PASSED] - if (selenium.isElementPresent("xpath=//h2[contains(text(),'Thank You')]")): null

2020-04-23 08:17:13 - [TEST_STEP][PASSED] - Thread.sleep(1000): null

2020-04-23 08:17:14 - [TEST_STEP][PASSED] - try: null

2020-04-23 08:17:14 - [TEST_STEP][PASSED] - if (selenium.isElementPresent("xpath=//h2[contains(text(),'Thank You')]")): null

2020-04-23 08:17:14 - [TEST_STEP][PASSED] - Thread.sleep(1000): null

2020-04-23 08:17:15 - [TEST_STEP][PASSED] - try: null

2020-04-23 08:17:15 - [TEST_STEP][PASSED] - if (selenium.isElementPresent("xpath=//h2[contains(text(),'Thank You')]")): null

2020-04-23 08:17:15 - [TEST_STEP][PASSED] - Thread.sleep(1000): null

2020-04-23 08:17:16 - [TEST_STEP][PASSED] - try: null

2020-04-23 08:17:16 - [TEST_STEP][PASSED] - if (selenium.isElementPresent("xpath=//h2[contains(text(),'Thank You')]")): null

2020-04-23 08:17:16 - [TEST_STEP][PASSED] - Thread.sleep(1000): null

2020-04-23 08:17:17 - [TEST_STEP][PASSED] - try: null

2020-04-23 08:17:17 - [TEST_STEP][PASSED] - if (selenium.isElementPresent("xpath=//h2[contains(text(),'Thank You')]")): null

2020-04-23 08:17:17 - [TEST_STEP][PASSED] - Thread.sleep(1000): null

2020-04-23 08:17:18 - [TEST_STEP][PASSED] - try: null

2020-04-23 08:17:18 - [TEST_STEP][PASSED] - if (selenium.isElementPresent("xpath=//h2[contains(text(),'Thank You')]")): null

2020-04-23 08:17:18 - [TEST_STEP][PASSED] - Thread.sleep(1000): null

2020-04-23 08:17:19 - [TEST_STEP][PASSED] - try: null

2020-04-23 08:17:19 - [TEST_STEP][PASSED] - if (selenium.isElementPresent("xpath=//h2[contains(text(),'Thank You')]")): null

2020-04-23 08:17:19 - [TEST_STEP][PASSED] - Thread.sleep(1000): null

2020-04-23 08:17:20 - [TEST_STEP][PASSED] - try: null

2020-04-23 08:17:20 - [TEST_STEP][PASSED] - if (selenium.isElementPresent("xpath=//h2[contains(text(),'Thank You')]")): null

2020-04-23 08:17:20 - [TEST_STEP][PASSED] - Thread.sleep(1000): null

2020-04-23 08:17:21 - [TEST_STEP][PASSED] - try: null

2020-04-23 08:17:21 - [TEST_STEP][PASSED] - if (selenium.isElementPresent("xpath=//h2[contains(text(),'Thank You')]")): null

2020-04-23 08:17:21 - [TEST_STEP][PASSED] - break: null

2020-04-23 08:17:21 - [TEST_STEP][PASSED] - callTestCase(findTestCase("AHI/_include/get_screenshot"), [:], STOP_ON_FAILURE): Call Test Case 'Test Cases/AHI/_include/get_screenshot' successfully

2020-04-23 08:17:21 - [TEST_CASE][PASSED] - Test Cases/AHI/_include/get_screenshot: Test Cases/AHI/_include/get_screenshot

2020-04-23 08:17:21 - [TEST_STEP][PASSED] - Thread.sleep(1000): null

2020-04-23 08:17:22 - [TEST_STEP][PASSED] - takeScreenshot(screenPath + i + ".png"): Taking screenshot successfully

2020-04-23 08:17:23 - [MESSAGE][PASSED] - Taking screenshot successfully
[[ATTACHMENT|D:\\Test\\AgileTest\\Reports\\AHI\\ahi\\20200423_080048\\../Screenshots/iPhone 6/AHI/Cancer Insurance/20200423_081528/9.png]]

2020-04-23 08:17:23 - [TEST_STEP][PASSED] - (internal.GlobalVariable.i++): null

2020-04-23 08:17:23 - [MESSAGE][PASSED] - Call Test Case 'Test Cases/AHI/_include/get_screenshot' successfully]]></system-out>
         <system-err><![CDATA[]]></system-err>
      </testcase>
      <testcase name="Test Cases/AHI/NEW/Dental/National General" classname="Test Cases/AHI/NEW/Dental/National General" status="PASSED">
         <system-out><![CDATA[2020-04-23 08:17:23 - [TEST_CASE][PASSED] - Test Cases/AHI/NEW/Dental/National General: Test Cases/AHI/NEW/Dental/National General

2020-04-23 08:17:23 - [TEST_STEP][PASSED] - callTestCase(findTestCase("AHI/_include/get_screenPath"), ["productLine":"AHI", "carrierName":"Dental - National General"], CONTINUE_ON_FAILURE): Call Test Case 'Test Cases/AHI/_include/get_screenPath' successfully

2020-04-23 08:17:23 - [TEST_CASE][PASSED] - Test Cases/AHI/_include/get_screenPath: Test Cases/AHI/_include/get_screenPath

2020-04-23 08:17:23 - [TEST_STEP][PASSED] - m = getExecutionProperties(): null

2020-04-23 08:17:23 - [TEST_STEP][PASSED] - deviceName = get("mobileEmulation").get("deviceName"): null

2020-04-23 08:17:23 - [TEST_STEP][PASSED] - println(deviceName): null

2020-04-23 08:17:23 - [TEST_STEP][PASSED] - now = new java.util.Date(): null

2020-04-23 08:17:23 - [TEST_STEP][PASSED] - mydate = now.format("yyyyMMdd_HHmmss"): null

2020-04-23 08:17:23 - [TEST_STEP][PASSED] - screenPath = "../Screenshots/": null

2020-04-23 08:17:23 - [TEST_STEP][PASSED] - screenPath = screenPath + deviceName + "/" + productLine + "/" + carrierName + "/" + mydate + "/": null

2020-04-23 08:17:23 - [TEST_STEP][PASSED] - println(screenPath): null

2020-04-23 08:17:23 - [MESSAGE][PASSED] - Call Test Case 'Test Cases/AHI/_include/get_screenPath' successfully

2020-04-23 08:17:23 - [TEST_STEP][PASSED] - i = 0: null

2020-04-23 08:17:23 - [TEST_STEP][PASSED] - callTestCase(findTestCase("AHI/_include/openWebSite"), [:], STOP_ON_FAILURE): Call Test Case 'Test Cases/AHI/_include/openWebSite' successfully

2020-04-23 08:17:23 - [TEST_CASE][PASSED] - Test Cases/AHI/_include/openWebSite: Test Cases/AHI/_include/openWebSite

2020-04-23 08:17:23 - [TEST_STEP][PASSED] - openBrowser(env): Browser is opened with url: 'https://praetemptatus.agilehealthinsurance.com'

2020-04-23 08:17:23 - [MESSAGE][WARNING] - A browser is already opened. Closing browser and opening a new one

2020-04-23 08:17:24 - [MESSAGE][INFO] - Starting 'Chrome' driver

2020-04-23 08:17:24 - [MESSAGE][INFO] - User set preference: ['mobileEmulation', '{deviceName=iPhone 6}']

2020-04-23 08:17:24 - [MESSAGE][INFO] - User set preference: ['args', '[--incognito, --aggressive-cache-discard, --window-size=375,677, --no-sandbox, --ignore-certificate-errors]']

2020-04-23 08:17:39 - [MESSAGE][PASSED] - Browser is opened with url: 'https://praetemptatus.agilehealthinsurance.com'

2020-04-23 08:17:39 - [TEST_STEP][PASSED] - waitForPageLoad(20): Wait for page load successfully

2020-04-23 08:17:39 - [MESSAGE][PASSED] - Wait for page load successfully

2020-04-23 08:17:39 - [TEST_STEP][PASSED] - callTestCase(findTestCase("AHI/_include/get_screenshot"), [:], STOP_ON_FAILURE): Call Test Case 'Test Cases/AHI/_include/get_screenshot' successfully

2020-04-23 08:17:39 - [TEST_CASE][PASSED] - Test Cases/AHI/_include/get_screenshot: Test Cases/AHI/_include/get_screenshot

2020-04-23 08:17:39 - [TEST_STEP][PASSED] - Thread.sleep(1000): null

2020-04-23 08:17:40 - [TEST_STEP][PASSED] - takeScreenshot(screenPath + i + ".png"): Taking screenshot successfully

2020-04-23 08:17:41 - [MESSAGE][PASSED] - Taking screenshot successfully
[[ATTACHMENT|D:\\Test\\AgileTest\\Reports\\AHI\\ahi\\20200423_080048\\../Screenshots/iPhone 6/AHI/Dental - National General/20200423_081723/0.png]]

2020-04-23 08:17:41 - [TEST_STEP][PASSED] - (internal.GlobalVariable.i++): null

2020-04-23 08:17:41 - [MESSAGE][PASSED] - Call Test Case 'Test Cases/AHI/_include/get_screenshot' successfully

2020-04-23 08:17:41 - [MESSAGE][PASSED] - Call Test Case 'Test Cases/AHI/_include/openWebSite' successfully

2020-04-23 08:17:41 - [TEST_STEP][PASSED] - driver = getWebDriver(): null

2020-04-23 08:17:41 - [TEST_STEP][PASSED] - baseUrl = ENV: null

2020-04-23 08:17:41 - [TEST_STEP][PASSED] - selenium = new com.thoughtworks.selenium.webdriven.WebDriverBackedSelenium(driver, baseUrl): null

2020-04-23 08:17:41 - [TEST_STEP][PASSED] - selenium.click("//*[@class='filter-option-inner-inner']"): null

2020-04-23 08:17:41 - [TEST_STEP][PASSED] - selenium.click("id=bs-select-1-2"): null

2020-04-23 08:17:42 - [TEST_STEP][PASSED] - selenium.click("id=primaryCTA"): null

2020-04-23 08:17:49 - [TEST_STEP][PASSED] - for ([second = 0, second < 20, (second++)]): null

2020-04-23 08:17:49 - [TEST_STEP][PASSED] - try: null

2020-04-23 08:17:49 - [TEST_STEP][PASSED] - if (selenium.isElementPresent("id=zip-input")): null

2020-04-23 08:17:55 - [TEST_STEP][PASSED] - break: null

2020-04-23 08:17:55 - [TEST_STEP][PASSED] - callTestCase(findTestCase("AHI/_include/get_screenshot"), [:], STOP_ON_FAILURE): Call Test Case 'Test Cases/AHI/_include/get_screenshot' successfully

2020-04-23 08:17:55 - [TEST_CASE][PASSED] - Test Cases/AHI/_include/get_screenshot: Test Cases/AHI/_include/get_screenshot

2020-04-23 08:17:55 - [TEST_STEP][PASSED] - Thread.sleep(1000): null

2020-04-23 08:17:56 - [TEST_STEP][PASSED] - takeScreenshot(screenPath + i + ".png"): Taking screenshot successfully

2020-04-23 08:17:57 - [MESSAGE][PASSED] - Taking screenshot successfully
[[ATTACHMENT|D:\\Test\\AgileTest\\Reports\\AHI\\ahi\\20200423_080048\\../Screenshots/iPhone 6/AHI/Dental - National General/20200423_081723/1.png]]

2020-04-23 08:17:57 - [TEST_STEP][PASSED] - (internal.GlobalVariable.i++): null

2020-04-23 08:17:57 - [MESSAGE][PASSED] - Call Test Case 'Test Cases/AHI/_include/get_screenshot' successfully

2020-04-23 08:17:57 - [TEST_STEP][PASSED] - setText(findTestObject("mobileSanity/Dental/census/input_Location_zip-input"), "35215"): Text '35215' is set on object 'Object Repository/mobileSanity/Dental/census/input_Location_zip-input'

2020-04-23 08:17:57 - [MESSAGE][PASSED] - Text '35215' is set on object 'Object Repository/mobileSanity/Dental/census/input_Location_zip-input'

2020-04-23 08:17:57 - [TEST_STEP][PASSED] - setText(findTestObject("mobileSanity/Dental/census/input_Date of Birth_dob-0"), "12121980"): Text '12121980' is set on object 'Object Repository/mobileSanity/Dental/census/input_Date of Birth_dob-0'

2020-04-23 08:17:57 - [MESSAGE][PASSED] - Text '12121980' is set on object 'Object Repository/mobileSanity/Dental/census/input_Date of Birth_dob-0'

2020-04-23 08:17:57 - [TEST_STEP][PASSED] - click(findTestObject("mobileSanity/Dental/census/label_Male")): Object: 'Object Repository/mobileSanity/Dental/census/label_Male' is clicked on

2020-04-23 08:17:57 - [MESSAGE][PASSED] - Object: 'Object Repository/mobileSanity/Dental/census/label_Male' is clicked on

2020-04-23 08:17:57 - [TEST_STEP][PASSED] - selenium.click("id=js-see-plans"): null

2020-04-23 08:18:13 - [TEST_STEP][PASSED] - for ([second = 0, second < 20, (second++)]): null

2020-04-23 08:18:13 - [TEST_STEP][PASSED] - try: null

2020-04-23 08:18:13 - [TEST_STEP][PASSED] - if (selenium.isElementPresent("id=js-quote-header")): null

2020-04-23 08:18:13 - [TEST_STEP][PASSED] - break: null

2020-04-23 08:18:13 - [TEST_STEP][PASSED] - callTestCase(findTestCase("AHI/_include/get_screenshot"), [:], STOP_ON_FAILURE): Call Test Case 'Test Cases/AHI/_include/get_screenshot' successfully

2020-04-23 08:18:13 - [TEST_CASE][PASSED] - Test Cases/AHI/_include/get_screenshot: Test Cases/AHI/_include/get_screenshot

2020-04-23 08:18:13 - [TEST_STEP][PASSED] - Thread.sleep(1000): null

2020-04-23 08:18:14 - [TEST_STEP][PASSED] - takeScreenshot(screenPath + i + ".png"): Taking screenshot successfully

2020-04-23 08:18:15 - [MESSAGE][PASSED] - Taking screenshot successfully
[[ATTACHMENT|D:\\Test\\AgileTest\\Reports\\AHI\\ahi\\20200423_080048\\../Screenshots/iPhone 6/AHI/Dental - National General/20200423_081723/2.png]]

2020-04-23 08:18:15 - [TEST_STEP][PASSED] - (internal.GlobalVariable.i++): null

2020-04-23 08:18:15 - [MESSAGE][PASSED] - Call Test Case 'Test Cases/AHI/_include/get_screenshot' successfully

2020-04-23 08:18:15 - [TEST_STEP][PASSED] - click(findTestObject("mobileSanity/Dental/filter/btn_filter")): Object: 'Object Repository/mobileSanity/Dental/filter/btn_filter' is clicked on

2020-04-23 08:18:15 - [MESSAGE][PASSED] - Object: 'Object Repository/mobileSanity/Dental/filter/btn_filter' is clicked on

2020-04-23 08:18:15 - [TEST_STEP][PASSED] - waitForElementVisible(findTestObject("mobileSanity/Dental/filter/btn_company"), 10): Object 'Object Repository/mobileSanity/Dental/filter/btn_company' is visible

2020-04-23 08:18:15 - [MESSAGE][PASSED] - Object 'Object Repository/mobileSanity/Dental/filter/btn_company' is visible

2020-04-23 08:18:15 - [TEST_STEP][PASSED] - click(findTestObject("mobileSanity/Dental/filter/btn_company")): Object: 'Object Repository/mobileSanity/Dental/filter/btn_company' is clicked on

2020-04-23 08:18:15 - [MESSAGE][PASSED] - Object: 'Object Repository/mobileSanity/Dental/filter/btn_company' is clicked on

2020-04-23 08:18:15 - [TEST_STEP][PASSED] - Thread.sleep(2000): null

2020-04-23 08:18:17 - [TEST_STEP][PASSED] - click(findTestObject("mobileSanity/Dental/filter/btn_ng")): Object: 'Object Repository/mobileSanity/Dental/filter/btn_ng' is clicked on

2020-04-23 08:18:17 - [MESSAGE][PASSED] - Object: 'Object Repository/mobileSanity/Dental/filter/btn_ng' is clicked on

2020-04-23 08:18:17 - [TEST_STEP][PASSED] - waitForJQueryLoad(20, STOP_ON_FAILURE): jQuery is ready.

2020-04-23 08:18:18 - [MESSAGE][PASSED] - jQuery is ready.

2020-04-23 08:18:18 - [TEST_STEP][PASSED] - callTestCase(findTestCase("AHI/_include/get_screenshot"), [:], STOP_ON_FAILURE): Call Test Case 'Test Cases/AHI/_include/get_screenshot' successfully

2020-04-23 08:18:18 - [TEST_CASE][PASSED] - Test Cases/AHI/_include/get_screenshot: Test Cases/AHI/_include/get_screenshot

2020-04-23 08:18:18 - [TEST_STEP][PASSED] - Thread.sleep(1000): null

2020-04-23 08:18:19 - [TEST_STEP][PASSED] - takeScreenshot(screenPath + i + ".png"): Taking screenshot successfully

2020-04-23 08:18:20 - [MESSAGE][PASSED] - Taking screenshot successfully
[[ATTACHMENT|D:\\Test\\AgileTest\\Reports\\AHI\\ahi\\20200423_080048\\../Screenshots/iPhone 6/AHI/Dental - National General/20200423_081723/3.png]]

2020-04-23 08:18:20 - [TEST_STEP][PASSED] - (internal.GlobalVariable.i++): null

2020-04-23 08:18:20 - [MESSAGE][PASSED] - Call Test Case 'Test Cases/AHI/_include/get_screenshot' successfully

2020-04-23 08:18:20 - [TEST_STEP][PASSED] - click(findTestObject("mobileSanity/Dental/filter/btn_filter")): Object: 'Object Repository/mobileSanity/Dental/filter/btn_filter' is clicked on

2020-04-23 08:18:20 - [MESSAGE][PASSED] - Object: 'Object Repository/mobileSanity/Dental/filter/btn_filter' is clicked on

2020-04-23 08:18:20 - [TEST_STEP][PASSED] - Thread.sleep(2000): null

2020-04-23 08:18:22 - [TEST_STEP][PASSED] - scrollToPosition(0, 600): Browser is scrolled to position x = 0, y = 600

2020-04-23 08:18:22 - [MESSAGE][PASSED] - Browser is scrolled to position x = 0, y = 600

2020-04-23 08:18:22 - [TEST_STEP][PASSED] - Thread.sleep(2000): null

2020-04-23 08:18:24 - [TEST_STEP][PASSED] - click(findTestObject("mobileSanity/Dental/quote/a_Select This Plan")): Object: 'Object Repository/mobileSanity/Dental/quote/a_Select This Plan' is clicked on

2020-04-23 08:18:25 - [MESSAGE][PASSED] - Object: 'Object Repository/mobileSanity/Dental/quote/a_Select This Plan' is clicked on

2020-04-23 08:18:25 - [TEST_STEP][PASSED] - waitForPageLoad(10): Wait for page load successfully

2020-04-23 08:18:26 - [MESSAGE][PASSED] - Wait for page load successfully

2020-04-23 08:18:26 - [TEST_STEP][PASSED] - callTestCase(findTestCase("AHI/_include/get_screenshot"), [:], STOP_ON_FAILURE): Call Test Case 'Test Cases/AHI/_include/get_screenshot' successfully

2020-04-23 08:18:26 - [TEST_CASE][PASSED] - Test Cases/AHI/_include/get_screenshot: Test Cases/AHI/_include/get_screenshot

2020-04-23 08:18:26 - [TEST_STEP][PASSED] - Thread.sleep(1000): null

2020-04-23 08:18:27 - [TEST_STEP][PASSED] - takeScreenshot(screenPath + i + ".png"): Taking screenshot successfully

2020-04-23 08:18:28 - [MESSAGE][PASSED] - Taking screenshot successfully
[[ATTACHMENT|D:\\Test\\AgileTest\\Reports\\AHI\\ahi\\20200423_080048\\../Screenshots/iPhone 6/AHI/Dental - National General/20200423_081723/4.png]]

2020-04-23 08:18:28 - [TEST_STEP][PASSED] - (internal.GlobalVariable.i++): null

2020-04-23 08:18:28 - [MESSAGE][PASSED] - Call Test Case 'Test Cases/AHI/_include/get_screenshot' successfully

2020-04-23 08:18:28 - [TEST_STEP][PASSED] - Thread.sleep(3000): null

2020-04-23 08:18:31 - [TEST_STEP][PASSED] - click(findTestObject("mobileSanity/Dental/apply/span_Start Secure Application")): Object: 'Object Repository/mobileSanity/Dental/apply/span_Start Secure Application' is clicked on

2020-04-23 08:18:32 - [MESSAGE][PASSED] - Object: 'Object Repository/mobileSanity/Dental/apply/span_Start Secure Application' is clicked on

2020-04-23 08:18:32 - [TEST_STEP][PASSED] - for ([second = 0, second < 20, (second++)]): null

2020-04-23 08:18:32 - [TEST_STEP][PASSED] - try: null

2020-04-23 08:18:32 - [TEST_STEP][PASSED] - if (selenium.isElementPresent("id=member-P-1-firstName")): null

2020-04-23 08:18:33 - [TEST_STEP][PASSED] - Thread.sleep(1000): null

2020-04-23 08:18:34 - [TEST_STEP][PASSED] - try: null

2020-04-23 08:18:34 - [TEST_STEP][PASSED] - if (selenium.isElementPresent("id=member-P-1-firstName")): null

2020-04-23 08:18:34 - [TEST_STEP][PASSED] - break: null

2020-04-23 08:18:34 - [TEST_STEP][PASSED] - callTestCase(findTestCase("AHI/_include/get_screenshot"), [:], STOP_ON_FAILURE): Call Test Case 'Test Cases/AHI/_include/get_screenshot' successfully

2020-04-23 08:18:34 - [TEST_CASE][PASSED] - Test Cases/AHI/_include/get_screenshot: Test Cases/AHI/_include/get_screenshot

2020-04-23 08:18:34 - [TEST_STEP][PASSED] - Thread.sleep(1000): null

2020-04-23 08:18:35 - [TEST_STEP][PASSED] - takeScreenshot(screenPath + i + ".png"): Taking screenshot successfully

2020-04-23 08:18:35 - [MESSAGE][PASSED] - Taking screenshot successfully
[[ATTACHMENT|D:\\Test\\AgileTest\\Reports\\AHI\\ahi\\20200423_080048\\../Screenshots/iPhone 6/AHI/Dental - National General/20200423_081723/5.png]]

2020-04-23 08:18:35 - [TEST_STEP][PASSED] - (internal.GlobalVariable.i++): null

2020-04-23 08:18:35 - [MESSAGE][PASSED] - Call Test Case 'Test Cases/AHI/_include/get_screenshot' successfully

2020-04-23 08:18:35 - [TEST_STEP][PASSED] - callTestCase(findTestCase("AHI/_include/name"), [:], CONTINUE_ON_FAILURE): Call Test Case 'Test Cases/AHI/_include/name' successfully

2020-04-23 08:18:35 - [TEST_CASE][PASSED] - Test Cases/AHI/_include/name: Test Cases/AHI/_include/name

2020-04-23 08:18:35 - [TEST_STEP][PASSED] - driver = getWebDriver(): null

2020-04-23 08:18:35 - [TEST_STEP][PASSED] - selenium = new com.thoughtworks.selenium.webdriven.WebDriverBackedSelenium(driver, internal.GlobalVariable.ENV): null

2020-04-23 08:18:35 - [TEST_STEP][PASSED] - FirstName = "Test-123": null

2020-04-23 08:18:35 - [TEST_STEP][PASSED] - LastName = selenium.getEval("{var x="ABCDEFGHIJKLMNOPQRSTUVWXYZabcdefghijklmnopqrstuvwxyz"; var tmp="ZZ11-"; for (i=0;i<8;i++) tmp+=x.charAt(Math.ceil(51*Math.random()));tmp;}"): null

2020-04-23 08:18:35 - [TEST_STEP][PASSED] - Address = selenium.getEval("{var x="ABCDEFGHIJKLMNOPQRSTUVWXYZabcdefghijklmnopqrstuvwxyz"; var tmp=""; for (i=0;i<8;i++) tmp+=x.charAt(Math.ceil(51*Math.random()));tmp;}"): null

2020-04-23 08:18:35 - [TEST_STEP][PASSED] - City = selenium.getEval("{var x="ABCDEFGHIJKLMNOPQRSTUVWXYZabcdefghijklmnopqrstuvwxyz"; var tmp=""; for (i=0;i<8;i++) tmp+=x.charAt(Math.ceil(51*Math.random()));tmp;}"): null

2020-04-23 08:18:35 - [TEST_STEP][PASSED] - tel1 = selenium.getEval("{var x="123456789"; var tmp=""; for (i=0;i<3;i++) tmp+=x.charAt(Math.ceil(8*Math.random()));tmp;}"): null

2020-04-23 08:18:36 - [TEST_STEP][PASSED] - tel2 = selenium.getEval("{var x="123456789"; var tmp=""; for (i=0;i<3;i++) tmp+=x.charAt(Math.ceil(8*Math.random()));tmp;}"): null

2020-04-23 08:18:36 - [TEST_STEP][PASSED] - tel3 = selenium.getEval("{var x="123456789"; var tmp=""; for (i=0;i<4;i++) tmp+=x.charAt(Math.ceil(8*Math.random()));tmp;}"): null

2020-04-23 08:18:36 - [TEST_STEP][PASSED] - Tel = selenium.getExpression(tel1 + "-" + tel2 + "-" + tel3): null

2020-04-23 08:18:36 - [TEST_STEP][PASSED] - AutoEmail = selenium.getEval("{var x="ABCDEFGHIJKLMNOPQRSTUVWXYZabcdefghijklmnopqrstuvwxyz"; var tmp="test."; for (i=0;i<8;i++) tmp+=x.charAt(Math.ceil(51*Math.random()));tmp+="@suryani.cn";}"): null

2020-04-23 08:18:36 - [TEST_STEP][PASSED] - FirstName = FirstName: null

2020-04-23 08:18:36 - [TEST_STEP][PASSED] - LastName = LastName: null

2020-04-23 08:18:36 - [TEST_STEP][PASSED] - Address = Address: null

2020-04-23 08:18:36 - [TEST_STEP][PASSED] - City = City: null

2020-04-23 08:18:36 - [TEST_STEP][PASSED] - Tel = Tel: null

2020-04-23 08:18:36 - [TEST_STEP][PASSED] - AutoEmail = AutoEmail: null

2020-04-23 08:18:36 - [TEST_STEP][PASSED] - println(FirstName): null

2020-04-23 08:18:36 - [TEST_STEP][PASSED] - println(LastName): null

2020-04-23 08:18:36 - [TEST_STEP][PASSED] - println(Address): null

2020-04-23 08:18:36 - [TEST_STEP][PASSED] - println(City): null

2020-04-23 08:18:36 - [TEST_STEP][PASSED] - println(Tel): null

2020-04-23 08:18:36 - [TEST_STEP][PASSED] - println(AutoEmail): null

2020-04-23 08:18:36 - [MESSAGE][PASSED] - Call Test Case 'Test Cases/AHI/_include/name' successfully

2020-04-23 08:18:36 - [TEST_STEP][PASSED] - Thread.sleep(3000): null

2020-04-23 08:18:39 - [TEST_STEP][PASSED] - setText(findTestObject("mobileSanity/Dental/app_page1/input__member-P-1-firstName"), FirstName): Text 'Test-123' is set on object 'Object Repository/mobileSanity/Dental/app_page1/input__member-P-1-firstName'

2020-04-23 08:18:39 - [MESSAGE][PASSED] - Text 'Test-123' is set on object 'Object Repository/mobileSanity/Dental/app_page1/input__member-P-1-firstName'

2020-04-23 08:18:39 - [TEST_STEP][PASSED] - setText(findTestObject("mobileSanity/Dental/app_page1/input__member-P-1-lastName"), LastName): Text 'ZZ11-HFtaJmBH' is set on object 'Object Repository/mobileSanity/Dental/app_page1/input__member-P-1-lastName'

2020-04-23 08:18:40 - [MESSAGE][PASSED] - Text 'ZZ11-HFtaJmBH' is set on object 'Object Repository/mobileSanity/Dental/app_page1/input__member-P-1-lastName'

2020-04-23 08:18:40 - [TEST_STEP][PASSED] - setText(findTestObject("mobileSanity/Dental/app_page1/input__address"), Address): Text 'PvHqpWOM' is set on object 'Object Repository/mobileSanity/Dental/app_page1/input__address'

2020-04-23 08:18:40 - [MESSAGE][PASSED] - Text 'PvHqpWOM' is set on object 'Object Repository/mobileSanity/Dental/app_page1/input__address'

2020-04-23 08:18:40 - [TEST_STEP][PASSED] - setText(findTestObject("mobileSanity/Dental/app_page1/input__city"), City): Text 'OVzZJLXZ' is set on object 'Object Repository/mobileSanity/Dental/app_page1/input__city'

2020-04-23 08:18:40 - [MESSAGE][PASSED] - Text 'OVzZJLXZ' is set on object 'Object Repository/mobileSanity/Dental/app_page1/input__city'

2020-04-23 08:18:40 - [TEST_STEP][PASSED] - setText(findTestObject("mobileSanity/Dental/app_page1/input__email"), AutoEmail): Text 'test.DsUyCpza@suryani.cn' is set on object 'Object Repository/mobileSanity/Dental/app_page1/input__email'

2020-04-23 08:18:41 - [MESSAGE][PASSED] - Text 'test.DsUyCpza@suryani.cn' is set on object 'Object Repository/mobileSanity/Dental/app_page1/input__email'

2020-04-23 08:18:41 - [TEST_STEP][PASSED] - setText(findTestObject("mobileSanity/Dental/app_page1/input_phone"), Tel): Text '382-622-9832' is set on object 'Object Repository/mobileSanity/Dental/app_page1/input_phone'

2020-04-23 08:18:41 - [MESSAGE][PASSED] - Text '382-622-9832' is set on object 'Object Repository/mobileSanity/Dental/app_page1/input_phone'

2020-04-23 08:18:41 - [TEST_STEP][PASSED] - click(findTestObject("mobileSanity/Dental/app_page1/a_Continue to Step 2 - Payment")): Object: 'Object Repository/mobileSanity/Dental/app_page1/a_Continue to Step 2 - Payment' is clicked on

2020-04-23 08:18:41 - [MESSAGE][PASSED] - Object: 'Object Repository/mobileSanity/Dental/app_page1/a_Continue to Step 2 - Payment' is clicked on

2020-04-23 08:18:41 - [TEST_STEP][PASSED] - for ([second = 0, second < 20, (second++)]): null

2020-04-23 08:18:41 - [TEST_STEP][PASSED] - try: null

2020-04-23 08:18:41 - [TEST_STEP][PASSED] - if (selenium.isElementPresent("id=credit-card-number")): null

2020-04-23 08:18:41 - [TEST_STEP][PASSED] - Thread.sleep(1000): null

2020-04-23 08:18:42 - [TEST_STEP][PASSED] - try: null

2020-04-23 08:18:42 - [TEST_STEP][PASSED] - if (selenium.isElementPresent("id=credit-card-number")): null

2020-04-23 08:18:43 - [TEST_STEP][PASSED] - break: null

2020-04-23 08:18:43 - [TEST_STEP][PASSED] - callTestCase(findTestCase("AHI/_include/get_screenshot"), [:], STOP_ON_FAILURE): Call Test Case 'Test Cases/AHI/_include/get_screenshot' successfully

2020-04-23 08:18:43 - [TEST_CASE][PASSED] - Test Cases/AHI/_include/get_screenshot: Test Cases/AHI/_include/get_screenshot

2020-04-23 08:18:43 - [TEST_STEP][PASSED] - Thread.sleep(1000): null

2020-04-23 08:18:44 - [TEST_STEP][PASSED] - takeScreenshot(screenPath + i + ".png"): Taking screenshot successfully

2020-04-23 08:18:44 - [MESSAGE][PASSED] - Taking screenshot successfully
[[ATTACHMENT|D:\\Test\\AgileTest\\Reports\\AHI\\ahi\\20200423_080048\\../Screenshots/iPhone 6/AHI/Dental - National General/20200423_081723/6.png]]

2020-04-23 08:18:44 - [TEST_STEP][PASSED] - (internal.GlobalVariable.i++): null

2020-04-23 08:18:44 - [MESSAGE][PASSED] - Call Test Case 'Test Cases/AHI/_include/get_screenshot' successfully

2020-04-23 08:18:44 - [TEST_STEP][PASSED] - setText(findTestObject("mobileSanity/Dental/app_page2/input__credit-card-first"), FirstName): Text 'Test-123' is set on object 'Object Repository/mobileSanity/Dental/app_page2/input__credit-card-first'

2020-04-23 08:18:44 - [MESSAGE][PASSED] - Text 'Test-123' is set on object 'Object Repository/mobileSanity/Dental/app_page2/input__credit-card-first'

2020-04-23 08:18:44 - [TEST_STEP][PASSED] - setText(findTestObject("mobileSanity/Dental/app_page2/input__credit-card-last"), LastName): Text 'ZZ11-HFtaJmBH' is set on object 'Object Repository/mobileSanity/Dental/app_page2/input__credit-card-last'

2020-04-23 08:18:45 - [MESSAGE][PASSED] - Text 'ZZ11-HFtaJmBH' is set on object 'Object Repository/mobileSanity/Dental/app_page2/input__credit-card-last'

2020-04-23 08:18:45 - [TEST_STEP][PASSED] - selectOptionByValue(findTestObject("mobileSanity/Dental/app_page2/select_MM010203040506070809101"), "12", true): All options with value '12' are selected in object 'Object Repository/mobileSanity/Dental/app_page2/select_MM010203040506070809101'  using regular expression

2020-04-23 08:18:45 - [MESSAGE][PASSED] - All options with value '12' are selected in object 'Object Repository/mobileSanity/Dental/app_page2/select_MM010203040506070809101'  using regular expression

2020-04-23 08:18:45 - [TEST_STEP][PASSED] - selectOptionByValue(findTestObject("mobileSanity/Dental/app_page2/select_YYYY2019202020212022202"), "2026", true): All options with value '2026' are selected in object 'Object Repository/mobileSanity/Dental/app_page2/select_YYYY2019202020212022202'  using regular expression

2020-04-23 08:18:46 - [MESSAGE][PASSED] - All options with value '2026' are selected in object 'Object Repository/mobileSanity/Dental/app_page2/select_YYYY2019202020212022202'  using regular expression

2020-04-23 08:18:46 - [TEST_STEP][PASSED] - setText(findTestObject("mobileSanity/Dental/app_page2/input__credit-card-number"), "4111111111111111"): Text '4111111111111111' is set on object 'Object Repository/mobileSanity/Dental/app_page2/input__credit-card-number'

2020-04-23 08:18:46 - [MESSAGE][PASSED] - Text '4111111111111111' is set on object 'Object Repository/mobileSanity/Dental/app_page2/input__credit-card-number'

2020-04-23 08:18:46 - [TEST_STEP][PASSED] - setText(findTestObject("mobileSanity/Dental/app_page2/input__cvv"), "123"): Text '123' is set on object 'Object Repository/mobileSanity/Dental/app_page2/input__cvv'

2020-04-23 08:18:46 - [MESSAGE][PASSED] - Text '123' is set on object 'Object Repository/mobileSanity/Dental/app_page2/input__cvv'

2020-04-23 08:18:46 - [TEST_STEP][PASSED] - click(findTestObject("mobileSanity/Dental/app_page2/label_My billing address is th")): Object: 'Object Repository/mobileSanity/Dental/app_page2/label_My billing address is th' is clicked on

2020-04-23 08:18:46 - [MESSAGE][PASSED] - Object: 'Object Repository/mobileSanity/Dental/app_page2/label_My billing address is th' is clicked on

2020-04-23 08:18:46 - [TEST_STEP][PASSED] - click(findTestObject("mobileSanity/Dental/app_page2/label_I Accept Authorization f")): Object: 'Object Repository/mobileSanity/Dental/app_page2/label_I Accept Authorization f' is clicked on

2020-04-23 08:18:47 - [MESSAGE][PASSED] - Object: 'Object Repository/mobileSanity/Dental/app_page2/label_I Accept Authorization f' is clicked on

2020-04-23 08:18:47 - [TEST_STEP][PASSED] - click(findTestObject("mobileSanity/Dental/app_page2/a_Continue to Step 3 - Review")): Object: 'Object Repository/mobileSanity/Dental/app_page2/a_Continue to Step 3 - Review' is clicked on

2020-04-23 08:18:47 - [MESSAGE][PASSED] - Object: 'Object Repository/mobileSanity/Dental/app_page2/a_Continue to Step 3 - Review' is clicked on

2020-04-23 08:18:47 - [TEST_STEP][PASSED] - for ([second = 0, second < 20, (second++)]): null

2020-04-23 08:18:47 - [TEST_STEP][PASSED] - try: null

2020-04-23 08:18:47 - [TEST_STEP][PASSED] - if (selenium.isElementPresent("id=consent-checkbox-0")): null

2020-04-23 08:18:48 - [TEST_STEP][PASSED] - Thread.sleep(1000): null

2020-04-23 08:18:49 - [TEST_STEP][PASSED] - try: null

2020-04-23 08:18:49 - [TEST_STEP][PASSED] - if (selenium.isElementPresent("id=consent-checkbox-0")): null

2020-04-23 08:18:49 - [TEST_STEP][PASSED] - break: null

2020-04-23 08:18:49 - [TEST_STEP][PASSED] - waitForElementClickable(findTestObject("mobileSanity/Dental/app_page3/label"), 20): Object 'Object Repository/mobileSanity/Dental/app_page3/label' is clickable

2020-04-23 08:18:49 - [MESSAGE][PASSED] - Object 'Object Repository/mobileSanity/Dental/app_page3/label' is clickable

2020-04-23 08:18:49 - [TEST_STEP][PASSED] - callTestCase(findTestCase("AHI/_include/get_screenshot"), [:], STOP_ON_FAILURE): Call Test Case 'Test Cases/AHI/_include/get_screenshot' successfully

2020-04-23 08:18:49 - [TEST_CASE][PASSED] - Test Cases/AHI/_include/get_screenshot: Test Cases/AHI/_include/get_screenshot

2020-04-23 08:18:49 - [TEST_STEP][PASSED] - Thread.sleep(1000): null

2020-04-23 08:18:50 - [TEST_STEP][PASSED] - takeScreenshot(screenPath + i + ".png"): Taking screenshot successfully

2020-04-23 08:18:50 - [MESSAGE][PASSED] - Taking screenshot successfully
[[ATTACHMENT|D:\\Test\\AgileTest\\Reports\\AHI\\ahi\\20200423_080048\\../Screenshots/iPhone 6/AHI/Dental - National General/20200423_081723/7.png]]

2020-04-23 08:18:50 - [TEST_STEP][PASSED] - (internal.GlobalVariable.i++): null

2020-04-23 08:18:50 - [MESSAGE][PASSED] - Call Test Case 'Test Cases/AHI/_include/get_screenshot' successfully

2020-04-23 08:18:50 - [TEST_STEP][PASSED] - click(findTestObject("mobileSanity/Dental/app_page3/label")): Object: 'Object Repository/mobileSanity/Dental/app_page3/label' is clicked on

2020-04-23 08:18:50 - [MESSAGE][PASSED] - Object: 'Object Repository/mobileSanity/Dental/app_page3/label' is clicked on

2020-04-23 08:18:50 - [TEST_STEP][PASSED] - click(findTestObject("mobileSanity/Dental/app_page3/p_CLICK TO SIGN")): Object: 'Object Repository/mobileSanity/Dental/app_page3/p_CLICK TO SIGN' is clicked on

2020-04-23 08:18:51 - [MESSAGE][PASSED] - Object: 'Object Repository/mobileSanity/Dental/app_page3/p_CLICK TO SIGN' is clicked on

2020-04-23 08:18:51 - [TEST_STEP][PASSED] - click(findTestObject("mobileSanity/Dental/app_page3/a_Submit Your Application")): Object: 'Object Repository/mobileSanity/Dental/app_page3/a_Submit Your Application' is clicked on

2020-04-23 08:18:51 - [MESSAGE][PASSED] - Object: 'Object Repository/mobileSanity/Dental/app_page3/a_Submit Your Application' is clicked on

2020-04-23 08:18:51 - [TEST_STEP][PASSED] - for ([second = 0, second < 30, (second++)]): null

2020-04-23 08:18:51 - [TEST_STEP][PASSED] - try: null

2020-04-23 08:18:51 - [TEST_STEP][PASSED] - if (selenium.isElementPresent("id=app-confirmation")): null

2020-04-23 08:18:51 - [TEST_STEP][PASSED] - Thread.sleep(1000): null

2020-04-23 08:18:52 - [TEST_STEP][PASSED] - try: null

2020-04-23 08:18:52 - [TEST_STEP][PASSED] - if (selenium.isElementPresent("id=app-confirmation")): null

2020-04-23 08:18:55 - [TEST_STEP][PASSED] - Thread.sleep(1000): null

2020-04-23 08:18:56 - [TEST_STEP][PASSED] - try: null

2020-04-23 08:18:56 - [TEST_STEP][PASSED] - if (selenium.isElementPresent("id=app-confirmation")): null

2020-04-23 08:18:56 - [TEST_STEP][PASSED] - Thread.sleep(1000): null

2020-04-23 08:18:57 - [TEST_STEP][PASSED] - try: null

2020-04-23 08:18:57 - [TEST_STEP][PASSED] - if (selenium.isElementPresent("id=app-confirmation")): null

2020-04-23 08:18:57 - [TEST_STEP][PASSED] - Thread.sleep(1000): null

2020-04-23 08:18:58 - [TEST_STEP][PASSED] - try: null

2020-04-23 08:18:58 - [TEST_STEP][PASSED] - if (selenium.isElementPresent("id=app-confirmation")): null

2020-04-23 08:18:58 - [TEST_STEP][PASSED] - Thread.sleep(1000): null

2020-04-23 08:18:59 - [TEST_STEP][PASSED] - try: null

2020-04-23 08:18:59 - [TEST_STEP][PASSED] - if (selenium.isElementPresent("id=app-confirmation")): null

2020-04-23 08:18:59 - [TEST_STEP][PASSED] - Thread.sleep(1000): null

2020-04-23 08:19:00 - [TEST_STEP][PASSED] - try: null

2020-04-23 08:19:00 - [TEST_STEP][PASSED] - if (selenium.isElementPresent("id=app-confirmation")): null

2020-04-23 08:19:00 - [TEST_STEP][PASSED] - Thread.sleep(1000): null

2020-04-23 08:19:01 - [TEST_STEP][PASSED] - try: null

2020-04-23 08:19:01 - [TEST_STEP][PASSED] - if (selenium.isElementPresent("id=app-confirmation")): null

2020-04-23 08:19:01 - [TEST_STEP][PASSED] - Thread.sleep(1000): null

2020-04-23 08:19:02 - [TEST_STEP][PASSED] - try: null

2020-04-23 08:19:02 - [TEST_STEP][PASSED] - if (selenium.isElementPresent("id=app-confirmation")): null

2020-04-23 08:19:02 - [TEST_STEP][PASSED] - Thread.sleep(1000): null

2020-04-23 08:19:03 - [TEST_STEP][PASSED] - try: null

2020-04-23 08:19:03 - [TEST_STEP][PASSED] - if (selenium.isElementPresent("id=app-confirmation")): null

2020-04-23 08:19:03 - [TEST_STEP][PASSED] - Thread.sleep(1000): null

2020-04-23 08:19:04 - [TEST_STEP][PASSED] - try: null

2020-04-23 08:19:04 - [TEST_STEP][PASSED] - if (selenium.isElementPresent("id=app-confirmation")): null

2020-04-23 08:19:04 - [TEST_STEP][PASSED] - Thread.sleep(1000): null

2020-04-23 08:19:05 - [TEST_STEP][PASSED] - try: null

2020-04-23 08:19:05 - [TEST_STEP][PASSED] - if (selenium.isElementPresent("id=app-confirmation")): null

2020-04-23 08:19:05 - [TEST_STEP][PASSED] - Thread.sleep(1000): null

2020-04-23 08:19:06 - [TEST_STEP][PASSED] - try: null

2020-04-23 08:19:06 - [TEST_STEP][PASSED] - if (selenium.isElementPresent("id=app-confirmation")): null

2020-04-23 08:19:06 - [TEST_STEP][PASSED] - Thread.sleep(1000): null

2020-04-23 08:19:07 - [TEST_STEP][PASSED] - try: null

2020-04-23 08:19:07 - [TEST_STEP][PASSED] - if (selenium.isElementPresent("id=app-confirmation")): null

2020-04-23 08:19:07 - [TEST_STEP][PASSED] - Thread.sleep(1000): null

2020-04-23 08:19:08 - [TEST_STEP][PASSED] - try: null

2020-04-23 08:19:08 - [TEST_STEP][PASSED] - if (selenium.isElementPresent("id=app-confirmation")): null

2020-04-23 08:19:08 - [TEST_STEP][PASSED] - Thread.sleep(1000): null

2020-04-23 08:19:09 - [TEST_STEP][PASSED] - try: null

2020-04-23 08:19:09 - [TEST_STEP][PASSED] - if (selenium.isElementPresent("id=app-confirmation")): null

2020-04-23 08:19:10 - [TEST_STEP][PASSED] - Thread.sleep(1000): null

2020-04-23 08:19:11 - [TEST_STEP][PASSED] - try: null

2020-04-23 08:19:11 - [TEST_STEP][PASSED] - if (selenium.isElementPresent("id=app-confirmation")): null

2020-04-23 08:19:11 - [TEST_STEP][PASSED] - Thread.sleep(1000): null

2020-04-23 08:19:12 - [TEST_STEP][PASSED] - try: null

2020-04-23 08:19:12 - [TEST_STEP][PASSED] - if (selenium.isElementPresent("id=app-confirmation")): null

2020-04-23 08:19:12 - [TEST_STEP][PASSED] - Thread.sleep(1000): null

2020-04-23 08:19:13 - [TEST_STEP][PASSED] - try: null

2020-04-23 08:19:13 - [TEST_STEP][PASSED] - if (selenium.isElementPresent("id=app-confirmation")): null

2020-04-23 08:19:13 - [TEST_STEP][PASSED] - Thread.sleep(1000): null

2020-04-23 08:19:14 - [TEST_STEP][PASSED] - try: null

2020-04-23 08:19:14 - [TEST_STEP][PASSED] - if (selenium.isElementPresent("id=app-confirmation")): null

2020-04-23 08:19:14 - [TEST_STEP][PASSED] - Thread.sleep(1000): null

2020-04-23 08:19:15 - [TEST_STEP][PASSED] - try: null

2020-04-23 08:19:15 - [TEST_STEP][PASSED] - if (selenium.isElementPresent("id=app-confirmation")): null

2020-04-23 08:19:15 - [TEST_STEP][PASSED] - Thread.sleep(1000): null

2020-04-23 08:19:16 - [TEST_STEP][PASSED] - try: null

2020-04-23 08:19:16 - [TEST_STEP][PASSED] - if (selenium.isElementPresent("id=app-confirmation")): null

2020-04-23 08:19:16 - [TEST_STEP][PASSED] - Thread.sleep(1000): null

2020-04-23 08:19:17 - [TEST_STEP][PASSED] - try: null

2020-04-23 08:19:17 - [TEST_STEP][PASSED] - if (selenium.isElementPresent("id=app-confirmation")): null

2020-04-23 08:19:17 - [TEST_STEP][PASSED] - Thread.sleep(1000): null

2020-04-23 08:19:18 - [TEST_STEP][PASSED] - try: null

2020-04-23 08:19:18 - [TEST_STEP][PASSED] - if (selenium.isElementPresent("id=app-confirmation")): null

2020-04-23 08:19:18 - [TEST_STEP][PASSED] - Thread.sleep(1000): null

2020-04-23 08:19:19 - [TEST_STEP][PASSED] - try: null

2020-04-23 08:19:19 - [TEST_STEP][PASSED] - if (selenium.isElementPresent("id=app-confirmation")): null

2020-04-23 08:19:19 - [TEST_STEP][PASSED] - Thread.sleep(1000): null

2020-04-23 08:19:20 - [TEST_STEP][PASSED] - try: null

2020-04-23 08:19:20 - [TEST_STEP][PASSED] - if (selenium.isElementPresent("id=app-confirmation")): null

2020-04-23 08:19:20 - [TEST_STEP][PASSED] - Thread.sleep(1000): null

2020-04-23 08:19:21 - [TEST_STEP][PASSED] - try: null

2020-04-23 08:19:21 - [TEST_STEP][PASSED] - if (selenium.isElementPresent("id=app-confirmation")): null

2020-04-23 08:19:21 - [TEST_STEP][PASSED] - Thread.sleep(1000): null

2020-04-23 08:19:22 - [TEST_STEP][PASSED] - try: null

2020-04-23 08:19:22 - [TEST_STEP][PASSED] - if (selenium.isElementPresent("id=app-confirmation")): null

2020-04-23 08:19:22 - [TEST_STEP][PASSED] - Thread.sleep(1000): null

2020-04-23 08:19:23 - [TEST_STEP][PASSED] - try: null

2020-04-23 08:19:23 - [TEST_STEP][PASSED] - if (selenium.isElementPresent("id=app-confirmation")): null

2020-04-23 08:19:23 - [TEST_STEP][PASSED] - Thread.sleep(1000): null

2020-04-23 08:19:24 - [TEST_STEP][PASSED] - try: null

2020-04-23 08:19:24 - [TEST_STEP][PASSED] - if (selenium.isElementPresent("id=app-confirmation")): null

2020-04-23 08:19:24 - [TEST_STEP][PASSED] - Thread.sleep(1000): null

2020-04-23 08:19:25 - [TEST_STEP][PASSED] - callTestCase(findTestCase("AHI/_include/get_screenshot"), [:], STOP_ON_FAILURE): Call Test Case 'Test Cases/AHI/_include/get_screenshot' successfully

2020-04-23 08:19:25 - [TEST_CASE][PASSED] - Test Cases/AHI/_include/get_screenshot: Test Cases/AHI/_include/get_screenshot

2020-04-23 08:19:25 - [TEST_STEP][PASSED] - Thread.sleep(1000): null

2020-04-23 08:19:26 - [TEST_STEP][PASSED] - takeScreenshot(screenPath + i + ".png"): Taking screenshot successfully

2020-04-23 08:19:27 - [MESSAGE][PASSED] - Taking screenshot successfully
[[ATTACHMENT|D:\\Test\\AgileTest\\Reports\\AHI\\ahi\\20200423_080048\\../Screenshots/iPhone 6/AHI/Dental - National General/20200423_081723/8.png]]

2020-04-23 08:19:27 - [TEST_STEP][PASSED] - (internal.GlobalVariable.i++): null

2020-04-23 08:19:27 - [MESSAGE][PASSED] - Call Test Case 'Test Cases/AHI/_include/get_screenshot' successfully]]></system-out>
         <system-err><![CDATA[]]></system-err>
      </testcase>
      <testcase name="Test Cases/AHI/NEW/Dental/USA Access" classname="Test Cases/AHI/NEW/Dental/USA Access" status="PASSED">
         <system-out><![CDATA[2020-04-23 08:19:27 - [TEST_CASE][PASSED] - Test Cases/AHI/NEW/Dental/USA Access: Test Cases/AHI/NEW/Dental/USA Access

2020-04-23 08:19:27 - [TEST_STEP][PASSED] - callTestCase(findTestCase("AHI/_include/get_screenPath"), ["productLine":"AHI", "carrierName":"Dental - USA Access"], CONTINUE_ON_FAILURE): Call Test Case 'Test Cases/AHI/_include/get_screenPath' successfully

2020-04-23 08:19:28 - [TEST_CASE][PASSED] - Test Cases/AHI/_include/get_screenPath: Test Cases/AHI/_include/get_screenPath

2020-04-23 08:19:28 - [TEST_STEP][PASSED] - m = getExecutionProperties(): null

2020-04-23 08:19:28 - [TEST_STEP][PASSED] - deviceName = get("mobileEmulation").get("deviceName"): null

2020-04-23 08:19:28 - [TEST_STEP][PASSED] - println(deviceName): null

2020-04-23 08:19:28 - [TEST_STEP][PASSED] - now = new java.util.Date(): null

2020-04-23 08:19:28 - [TEST_STEP][PASSED] - mydate = now.format("yyyyMMdd_HHmmss"): null

2020-04-23 08:19:28 - [TEST_STEP][PASSED] - screenPath = "../Screenshots/": null

2020-04-23 08:19:28 - [TEST_STEP][PASSED] - screenPath = screenPath + deviceName + "/" + productLine + "/" + carrierName + "/" + mydate + "/": null

2020-04-23 08:19:28 - [TEST_STEP][PASSED] - println(screenPath): null

2020-04-23 08:19:28 - [MESSAGE][PASSED] - Call Test Case 'Test Cases/AHI/_include/get_screenPath' successfully

2020-04-23 08:19:28 - [TEST_STEP][PASSED] - i = 0: null

2020-04-23 08:19:28 - [TEST_STEP][PASSED] - callTestCase(findTestCase("AHI/_include/openWebSite"), [:], STOP_ON_FAILURE): Call Test Case 'Test Cases/AHI/_include/openWebSite' successfully

2020-04-23 08:19:28 - [TEST_CASE][PASSED] - Test Cases/AHI/_include/openWebSite: Test Cases/AHI/_include/openWebSite

2020-04-23 08:19:28 - [TEST_STEP][PASSED] - openBrowser(env): Browser is opened with url: 'https://praetemptatus.agilehealthinsurance.com'

2020-04-23 08:19:28 - [MESSAGE][WARNING] - A browser is already opened. Closing browser and opening a new one

2020-04-23 08:19:29 - [MESSAGE][INFO] - Starting 'Chrome' driver

2020-04-23 08:19:29 - [MESSAGE][INFO] - User set preference: ['mobileEmulation', '{deviceName=iPhone 6}']

2020-04-23 08:19:29 - [MESSAGE][INFO] - User set preference: ['args', '[--incognito, --aggressive-cache-discard, --window-size=375,677, --no-sandbox, --ignore-certificate-errors]']

2020-04-23 08:19:44 - [MESSAGE][PASSED] - Browser is opened with url: 'https://praetemptatus.agilehealthinsurance.com'

2020-04-23 08:19:44 - [TEST_STEP][PASSED] - waitForPageLoad(20): Wait for page load successfully

2020-04-23 08:19:44 - [MESSAGE][PASSED] - Wait for page load successfully

2020-04-23 08:19:44 - [TEST_STEP][PASSED] - callTestCase(findTestCase("AHI/_include/get_screenshot"), [:], STOP_ON_FAILURE): Call Test Case 'Test Cases/AHI/_include/get_screenshot' successfully

2020-04-23 08:19:44 - [TEST_CASE][PASSED] - Test Cases/AHI/_include/get_screenshot: Test Cases/AHI/_include/get_screenshot

2020-04-23 08:19:44 - [TEST_STEP][PASSED] - Thread.sleep(1000): null

2020-04-23 08:19:45 - [TEST_STEP][PASSED] - takeScreenshot(screenPath + i + ".png"): Taking screenshot successfully

2020-04-23 08:19:45 - [MESSAGE][PASSED] - Taking screenshot successfully
[[ATTACHMENT|D:\\Test\\AgileTest\\Reports\\AHI\\ahi\\20200423_080048\\../Screenshots/iPhone 6/AHI/Dental - USA Access/20200423_081928/0.png]]

2020-04-23 08:19:45 - [TEST_STEP][PASSED] - (internal.GlobalVariable.i++): null

2020-04-23 08:19:45 - [MESSAGE][PASSED] - Call Test Case 'Test Cases/AHI/_include/get_screenshot' successfully

2020-04-23 08:19:46 - [MESSAGE][PASSED] - Call Test Case 'Test Cases/AHI/_include/openWebSite' successfully

2020-04-23 08:19:46 - [TEST_STEP][PASSED] - driver = getWebDriver(): null

2020-04-23 08:19:46 - [TEST_STEP][PASSED] - baseUrl = ENV: null

2020-04-23 08:19:46 - [TEST_STEP][PASSED] - selenium = new com.thoughtworks.selenium.webdriven.WebDriverBackedSelenium(driver, baseUrl): null

2020-04-23 08:19:46 - [TEST_STEP][PASSED] - selenium.click("//*[@class='filter-option-inner-inner']"): null

2020-04-23 08:19:46 - [TEST_STEP][PASSED] - selenium.click("id=bs-select-1-2"): null

2020-04-23 08:19:46 - [TEST_STEP][PASSED] - selenium.click("id=primaryCTA"): null

2020-04-23 08:19:54 - [TEST_STEP][PASSED] - for ([second = 0, second < 20, (second++)]): null

2020-04-23 08:19:54 - [TEST_STEP][PASSED] - try: null

2020-04-23 08:19:54 - [TEST_STEP][PASSED] - if (selenium.isElementPresent("id=zip-input")): null

2020-04-23 08:19:54 - [TEST_STEP][PASSED] - break: null

2020-04-23 08:19:54 - [TEST_STEP][PASSED] - callTestCase(findTestCase("AHI/_include/get_screenshot"), [:], STOP_ON_FAILURE): Call Test Case 'Test Cases/AHI/_include/get_screenshot' successfully

2020-04-23 08:19:54 - [TEST_CASE][PASSED] - Test Cases/AHI/_include/get_screenshot: Test Cases/AHI/_include/get_screenshot

2020-04-23 08:19:54 - [TEST_STEP][PASSED] - Thread.sleep(1000): null

2020-04-23 08:19:55 - [TEST_STEP][PASSED] - takeScreenshot(screenPath + i + ".png"): Taking screenshot successfully

2020-04-23 08:19:55 - [MESSAGE][PASSED] - Taking screenshot successfully
[[ATTACHMENT|D:\\Test\\AgileTest\\Reports\\AHI\\ahi\\20200423_080048\\../Screenshots/iPhone 6/AHI/Dental - USA Access/20200423_081928/1.png]]

2020-04-23 08:19:55 - [TEST_STEP][PASSED] - (internal.GlobalVariable.i++): null

2020-04-23 08:19:55 - [MESSAGE][PASSED] - Call Test Case 'Test Cases/AHI/_include/get_screenshot' successfully

2020-04-23 08:19:55 - [TEST_STEP][PASSED] - setText(findTestObject("mobileSanity/Dental/census/input_Location_zip-input"), "35215"): Text '35215' is set on object 'Object Repository/mobileSanity/Dental/census/input_Location_zip-input'

2020-04-23 08:19:56 - [MESSAGE][PASSED] - Text '35215' is set on object 'Object Repository/mobileSanity/Dental/census/input_Location_zip-input'

2020-04-23 08:19:56 - [TEST_STEP][PASSED] - setText(findTestObject("mobileSanity/Dental/census/input_Date of Birth_dob-0"), "12121980"): Text '12121980' is set on object 'Object Repository/mobileSanity/Dental/census/input_Date of Birth_dob-0'

2020-04-23 08:19:56 - [MESSAGE][PASSED] - Text '12121980' is set on object 'Object Repository/mobileSanity/Dental/census/input_Date of Birth_dob-0'

2020-04-23 08:19:56 - [TEST_STEP][PASSED] - click(findTestObject("mobileSanity/Dental/census/label_Male")): Object: 'Object Repository/mobileSanity/Dental/census/label_Male' is clicked on

2020-04-23 08:19:56 - [MESSAGE][PASSED] - Object: 'Object Repository/mobileSanity/Dental/census/label_Male' is clicked on

2020-04-23 08:19:56 - [TEST_STEP][PASSED] - selenium.click("id=js-see-plans"): null

2020-04-23 08:20:03 - [TEST_STEP][PASSED] - for ([second = 0, second < 20, (second++)]): null

2020-04-23 08:20:03 - [TEST_STEP][PASSED] - try: null

2020-04-23 08:20:03 - [TEST_STEP][PASSED] - if (selenium.isElementPresent("id=js-quote-header")): null

2020-04-23 08:20:06 - [TEST_STEP][PASSED] - break: null

2020-04-23 08:20:06 - [TEST_STEP][PASSED] - callTestCase(findTestCase("AHI/_include/get_screenshot"), [:], STOP_ON_FAILURE): Call Test Case 'Test Cases/AHI/_include/get_screenshot' successfully

2020-04-23 08:20:06 - [TEST_CASE][PASSED] - Test Cases/AHI/_include/get_screenshot: Test Cases/AHI/_include/get_screenshot

2020-04-23 08:20:06 - [TEST_STEP][PASSED] - Thread.sleep(1000): null

2020-04-23 08:20:07 - [TEST_STEP][PASSED] - takeScreenshot(screenPath + i + ".png"): Taking screenshot successfully

2020-04-23 08:20:08 - [MESSAGE][PASSED] - Taking screenshot successfully
[[ATTACHMENT|D:\\Test\\AgileTest\\Reports\\AHI\\ahi\\20200423_080048\\../Screenshots/iPhone 6/AHI/Dental - USA Access/20200423_081928/2.png]]

2020-04-23 08:20:08 - [TEST_STEP][PASSED] - (internal.GlobalVariable.i++): null

2020-04-23 08:20:08 - [MESSAGE][PASSED] - Call Test Case 'Test Cases/AHI/_include/get_screenshot' successfully

2020-04-23 08:20:08 - [TEST_STEP][PASSED] - click(findTestObject("mobileSanity/Dental/filter/btn_filter")): Object: 'Object Repository/mobileSanity/Dental/filter/btn_filter' is clicked on

2020-04-23 08:20:08 - [MESSAGE][PASSED] - Object: 'Object Repository/mobileSanity/Dental/filter/btn_filter' is clicked on

2020-04-23 08:20:08 - [TEST_STEP][PASSED] - waitForElementVisible(findTestObject("mobileSanity/Dental/filter/btn_company"), 10): Object 'Object Repository/mobileSanity/Dental/filter/btn_company' is visible

2020-04-23 08:20:08 - [MESSAGE][PASSED] - Object 'Object Repository/mobileSanity/Dental/filter/btn_company' is visible

2020-04-23 08:20:08 - [TEST_STEP][PASSED] - click(findTestObject("mobileSanity/Dental/filter/btn_company")): Object: 'Object Repository/mobileSanity/Dental/filter/btn_company' is clicked on

2020-04-23 08:20:08 - [MESSAGE][PASSED] - Object: 'Object Repository/mobileSanity/Dental/filter/btn_company' is clicked on

2020-04-23 08:20:08 - [TEST_STEP][PASSED] - Thread.sleep(2000): null

2020-04-23 08:20:10 - [TEST_STEP][PASSED] - click(findTestObject("mobileSanity/Dental/filter/btn_usa")): Object: 'Object Repository/mobileSanity/Dental/filter/btn_usa' is clicked on

2020-04-23 08:20:10 - [MESSAGE][PASSED] - Object: 'Object Repository/mobileSanity/Dental/filter/btn_usa' is clicked on

2020-04-23 08:20:10 - [TEST_STEP][PASSED] - waitForJQueryLoad(20, STOP_ON_FAILURE): jQuery is ready.

2020-04-23 08:20:11 - [MESSAGE][PASSED] - jQuery is ready.

2020-04-23 08:20:11 - [TEST_STEP][PASSED] - callTestCase(findTestCase("AHI/_include/get_screenshot"), [:], STOP_ON_FAILURE): Call Test Case 'Test Cases/AHI/_include/get_screenshot' successfully

2020-04-23 08:20:11 - [TEST_CASE][PASSED] - Test Cases/AHI/_include/get_screenshot: Test Cases/AHI/_include/get_screenshot

2020-04-23 08:20:11 - [TEST_STEP][PASSED] - Thread.sleep(1000): null

2020-04-23 08:20:12 - [TEST_STEP][PASSED] - takeScreenshot(screenPath + i + ".png"): Taking screenshot successfully

2020-04-23 08:20:12 - [MESSAGE][PASSED] - Taking screenshot successfully
[[ATTACHMENT|D:\\Test\\AgileTest\\Reports\\AHI\\ahi\\20200423_080048\\../Screenshots/iPhone 6/AHI/Dental - USA Access/20200423_081928/3.png]]

2020-04-23 08:20:12 - [TEST_STEP][PASSED] - (internal.GlobalVariable.i++): null

2020-04-23 08:20:12 - [MESSAGE][PASSED] - Call Test Case 'Test Cases/AHI/_include/get_screenshot' successfully

2020-04-23 08:20:12 - [TEST_STEP][PASSED] - click(findTestObject("mobileSanity/Dental/filter/btn_filter")): Object: 'Object Repository/mobileSanity/Dental/filter/btn_filter' is clicked on

2020-04-23 08:20:13 - [MESSAGE][PASSED] - Object: 'Object Repository/mobileSanity/Dental/filter/btn_filter' is clicked on

2020-04-23 08:20:13 - [TEST_STEP][PASSED] - click(findTestObject("mobileSanity/Dental/quote/a_Select This Plan")): Object: 'Object Repository/mobileSanity/Dental/quote/a_Select This Plan' is clicked on

2020-04-23 08:20:13 - [MESSAGE][PASSED] - Object: 'Object Repository/mobileSanity/Dental/quote/a_Select This Plan' is clicked on

2020-04-23 08:20:13 - [TEST_STEP][PASSED] - waitForPageLoad(10): Wait for page load successfully

2020-04-23 08:20:13 - [MESSAGE][PASSED] - Wait for page load successfully

2020-04-23 08:20:13 - [TEST_STEP][PASSED] - callTestCase(findTestCase("AHI/_include/get_screenshot"), [:], STOP_ON_FAILURE): Call Test Case 'Test Cases/AHI/_include/get_screenshot' successfully

2020-04-23 08:20:13 - [TEST_CASE][PASSED] - Test Cases/AHI/_include/get_screenshot: Test Cases/AHI/_include/get_screenshot

2020-04-23 08:20:13 - [TEST_STEP][PASSED] - Thread.sleep(1000): null

2020-04-23 08:20:14 - [TEST_STEP][PASSED] - takeScreenshot(screenPath + i + ".png"): Taking screenshot successfully

2020-04-23 08:20:15 - [MESSAGE][PASSED] - Taking screenshot successfully
[[ATTACHMENT|D:\\Test\\AgileTest\\Reports\\AHI\\ahi\\20200423_080048\\../Screenshots/iPhone 6/AHI/Dental - USA Access/20200423_081928/4.png]]

2020-04-23 08:20:15 - [TEST_STEP][PASSED] - (internal.GlobalVariable.i++): null

2020-04-23 08:20:15 - [MESSAGE][PASSED] - Call Test Case 'Test Cases/AHI/_include/get_screenshot' successfully

2020-04-23 08:20:15 - [TEST_STEP][PASSED] - Thread.sleep(3000): null

2020-04-23 08:20:18 - [TEST_STEP][PASSED] - click(findTestObject("mobileSanity/Dental/apply/span_Start Secure Application")): Object: 'Object Repository/mobileSanity/Dental/apply/span_Start Secure Application' is clicked on

2020-04-23 08:20:20 - [MESSAGE][PASSED] - Object: 'Object Repository/mobileSanity/Dental/apply/span_Start Secure Application' is clicked on

2020-04-23 08:20:20 - [TEST_STEP][PASSED] - for ([second = 0, second < 20, (second++)]): null

2020-04-23 08:20:20 - [TEST_STEP][PASSED] - try: null

2020-04-23 08:20:20 - [TEST_STEP][PASSED] - if (selenium.isElementPresent("id=member-P-1-firstName")): null

2020-04-23 08:20:20 - [TEST_STEP][PASSED] - break: null

2020-04-23 08:20:20 - [TEST_STEP][PASSED] - callTestCase(findTestCase("AHI/_include/get_screenshot"), [:], STOP_ON_FAILURE): Call Test Case 'Test Cases/AHI/_include/get_screenshot' successfully

2020-04-23 08:20:20 - [TEST_CASE][PASSED] - Test Cases/AHI/_include/get_screenshot: Test Cases/AHI/_include/get_screenshot

2020-04-23 08:20:20 - [TEST_STEP][PASSED] - Thread.sleep(1000): null

2020-04-23 08:20:21 - [TEST_STEP][PASSED] - takeScreenshot(screenPath + i + ".png"): Taking screenshot successfully

2020-04-23 08:20:22 - [MESSAGE][PASSED] - Taking screenshot successfully
[[ATTACHMENT|D:\\Test\\AgileTest\\Reports\\AHI\\ahi\\20200423_080048\\../Screenshots/iPhone 6/AHI/Dental - USA Access/20200423_081928/5.png]]

2020-04-23 08:20:22 - [TEST_STEP][PASSED] - (internal.GlobalVariable.i++): null

2020-04-23 08:20:22 - [MESSAGE][PASSED] - Call Test Case 'Test Cases/AHI/_include/get_screenshot' successfully

2020-04-23 08:20:22 - [TEST_STEP][PASSED] - callTestCase(findTestCase("AHI/_include/name"), [:], CONTINUE_ON_FAILURE): Call Test Case 'Test Cases/AHI/_include/name' successfully

2020-04-23 08:20:22 - [TEST_CASE][PASSED] - Test Cases/AHI/_include/name: Test Cases/AHI/_include/name

2020-04-23 08:20:22 - [TEST_STEP][PASSED] - driver = getWebDriver(): null

2020-04-23 08:20:22 - [TEST_STEP][PASSED] - selenium = new com.thoughtworks.selenium.webdriven.WebDriverBackedSelenium(driver, internal.GlobalVariable.ENV): null

2020-04-23 08:20:22 - [TEST_STEP][PASSED] - FirstName = "Test-123": null

2020-04-23 08:20:22 - [TEST_STEP][PASSED] - LastName = selenium.getEval("{var x="ABCDEFGHIJKLMNOPQRSTUVWXYZabcdefghijklmnopqrstuvwxyz"; var tmp="ZZ11-"; for (i=0;i<8;i++) tmp+=x.charAt(Math.ceil(51*Math.random()));tmp;}"): null

2020-04-23 08:20:22 - [TEST_STEP][PASSED] - Address = selenium.getEval("{var x="ABCDEFGHIJKLMNOPQRSTUVWXYZabcdefghijklmnopqrstuvwxyz"; var tmp=""; for (i=0;i<8;i++) tmp+=x.charAt(Math.ceil(51*Math.random()));tmp;}"): null

2020-04-23 08:20:22 - [TEST_STEP][PASSED] - City = selenium.getEval("{var x="ABCDEFGHIJKLMNOPQRSTUVWXYZabcdefghijklmnopqrstuvwxyz"; var tmp=""; for (i=0;i<8;i++) tmp+=x.charAt(Math.ceil(51*Math.random()));tmp;}"): null

2020-04-23 08:20:22 - [TEST_STEP][PASSED] - tel1 = selenium.getEval("{var x="123456789"; var tmp=""; for (i=0;i<3;i++) tmp+=x.charAt(Math.ceil(8*Math.random()));tmp;}"): null

2020-04-23 08:20:22 - [TEST_STEP][PASSED] - tel2 = selenium.getEval("{var x="123456789"; var tmp=""; for (i=0;i<3;i++) tmp+=x.charAt(Math.ceil(8*Math.random()));tmp;}"): null

2020-04-23 08:20:22 - [TEST_STEP][PASSED] - tel3 = selenium.getEval("{var x="123456789"; var tmp=""; for (i=0;i<4;i++) tmp+=x.charAt(Math.ceil(8*Math.random()));tmp;}"): null

2020-04-23 08:20:22 - [TEST_STEP][PASSED] - Tel = selenium.getExpression(tel1 + "-" + tel2 + "-" + tel3): null

2020-04-23 08:20:22 - [TEST_STEP][PASSED] - AutoEmail = selenium.getEval("{var x="ABCDEFGHIJKLMNOPQRSTUVWXYZabcdefghijklmnopqrstuvwxyz"; var tmp="test."; for (i=0;i<8;i++) tmp+=x.charAt(Math.ceil(51*Math.random()));tmp+="@suryani.cn";}"): null

2020-04-23 08:20:22 - [TEST_STEP][PASSED] - FirstName = FirstName: null

2020-04-23 08:20:22 - [TEST_STEP][PASSED] - LastName = LastName: null

2020-04-23 08:20:22 - [TEST_STEP][PASSED] - Address = Address: null

2020-04-23 08:20:22 - [TEST_STEP][PASSED] - City = City: null

2020-04-23 08:20:22 - [TEST_STEP][PASSED] - Tel = Tel: null

2020-04-23 08:20:22 - [TEST_STEP][PASSED] - AutoEmail = AutoEmail: null

2020-04-23 08:20:22 - [TEST_STEP][PASSED] - println(FirstName): null

2020-04-23 08:20:22 - [TEST_STEP][PASSED] - println(LastName): null

2020-04-23 08:20:22 - [TEST_STEP][PASSED] - println(Address): null

2020-04-23 08:20:22 - [TEST_STEP][PASSED] - println(City): null

2020-04-23 08:20:22 - [TEST_STEP][PASSED] - println(Tel): null

2020-04-23 08:20:22 - [TEST_STEP][PASSED] - println(AutoEmail): null

2020-04-23 08:20:22 - [MESSAGE][PASSED] - Call Test Case 'Test Cases/AHI/_include/name' successfully

2020-04-23 08:20:22 - [TEST_STEP][PASSED] - Thread.sleep(3000): null

2020-04-23 08:20:25 - [TEST_STEP][PASSED] - setText(findTestObject("mobileSanity/Dental/app_page1/input__member-P-1-firstName"), FirstName): Text 'Test-123' is set on object 'Object Repository/mobileSanity/Dental/app_page1/input__member-P-1-firstName'

2020-04-23 08:20:25 - [MESSAGE][PASSED] - Text 'Test-123' is set on object 'Object Repository/mobileSanity/Dental/app_page1/input__member-P-1-firstName'

2020-04-23 08:20:25 - [TEST_STEP][PASSED] - setText(findTestObject("mobileSanity/Dental/app_page1/input__member-P-1-lastName"), LastName): Text 'ZZ11-eezRswJW' is set on object 'Object Repository/mobileSanity/Dental/app_page1/input__member-P-1-lastName'

2020-04-23 08:20:26 - [MESSAGE][PASSED] - Text 'ZZ11-eezRswJW' is set on object 'Object Repository/mobileSanity/Dental/app_page1/input__member-P-1-lastName'

2020-04-23 08:20:26 - [TEST_STEP][PASSED] - setText(findTestObject("mobileSanity/Dental/app_page1/input__address"), Address): Text 'wHdCCgqW' is set on object 'Object Repository/mobileSanity/Dental/app_page1/input__address'

2020-04-23 08:20:26 - [MESSAGE][PASSED] - Text 'wHdCCgqW' is set on object 'Object Repository/mobileSanity/Dental/app_page1/input__address'

2020-04-23 08:20:26 - [TEST_STEP][PASSED] - setText(findTestObject("mobileSanity/Dental/app_page1/input__city"), City): Text 'cpkjivZF' is set on object 'Object Repository/mobileSanity/Dental/app_page1/input__city'

2020-04-23 08:20:27 - [MESSAGE][PASSED] - Text 'cpkjivZF' is set on object 'Object Repository/mobileSanity/Dental/app_page1/input__city'

2020-04-23 08:20:27 - [TEST_STEP][PASSED] - setText(findTestObject("mobileSanity/Dental/app_page1/input__email"), AutoEmail): Text 'test.JeNCDyLd@suryani.cn' is set on object 'Object Repository/mobileSanity/Dental/app_page1/input__email'

2020-04-23 08:20:27 - [MESSAGE][PASSED] - Text 'test.JeNCDyLd@suryani.cn' is set on object 'Object Repository/mobileSanity/Dental/app_page1/input__email'

2020-04-23 08:20:27 - [TEST_STEP][PASSED] - setText(findTestObject("mobileSanity/Dental/app_page1/input_phone"), Tel): Text '377-532-2624' is set on object 'Object Repository/mobileSanity/Dental/app_page1/input_phone'

2020-04-23 08:20:28 - [MESSAGE][PASSED] - Text '377-532-2624' is set on object 'Object Repository/mobileSanity/Dental/app_page1/input_phone'

2020-04-23 08:20:28 - [TEST_STEP][PASSED] - click(findTestObject("mobileSanity/Dental/app_page1/a_Continue to Step 2 - Payment")): Object: 'Object Repository/mobileSanity/Dental/app_page1/a_Continue to Step 2 - Payment' is clicked on

2020-04-23 08:20:29 - [MESSAGE][PASSED] - Object: 'Object Repository/mobileSanity/Dental/app_page1/a_Continue to Step 2 - Payment' is clicked on

2020-04-23 08:20:29 - [TEST_STEP][PASSED] - for ([second = 0, second < 20, (second++)]): null

2020-04-23 08:20:29 - [TEST_STEP][PASSED] - try: null

2020-04-23 08:20:29 - [TEST_STEP][PASSED] - if (selenium.isElementPresent("id=credit-card-number")): null

2020-04-23 08:20:29 - [TEST_STEP][PASSED] - break: null

2020-04-23 08:20:29 - [TEST_STEP][PASSED] - Thread.sleep(2000): null

2020-04-23 08:20:31 - [TEST_STEP][PASSED] - click(findTestObject("mobileSanity/Dental/app_page2/membership/label_ihaveread")): Object: 'Object Repository/mobileSanity/Dental/app_page2/membership/label_ihaveread' is clicked on

2020-04-23 08:20:31 - [MESSAGE][PASSED] - Object: 'Object Repository/mobileSanity/Dental/app_page2/membership/label_ihaveread' is clicked on

2020-04-23 08:20:31 - [TEST_STEP][PASSED] - click(findTestObject("mobileSanity/Dental/app_page2/membership/a_ok")): Object: 'Object Repository/mobileSanity/Dental/app_page2/membership/a_ok' is clicked on

2020-04-23 08:20:32 - [MESSAGE][PASSED] - Object: 'Object Repository/mobileSanity/Dental/app_page2/membership/a_ok' is clicked on

2020-04-23 08:20:32 - [TEST_STEP][PASSED] - Thread.sleep(3000): null

2020-04-23 08:20:35 - [TEST_STEP][PASSED] - callTestCase(findTestCase("AHI/_include/get_screenshot"), [:], STOP_ON_FAILURE): Call Test Case 'Test Cases/AHI/_include/get_screenshot' successfully

2020-04-23 08:20:35 - [TEST_CASE][PASSED] - Test Cases/AHI/_include/get_screenshot: Test Cases/AHI/_include/get_screenshot

2020-04-23 08:20:35 - [TEST_STEP][PASSED] - Thread.sleep(1000): null

2020-04-23 08:20:36 - [TEST_STEP][PASSED] - takeScreenshot(screenPath + i + ".png"): Taking screenshot successfully

2020-04-23 08:20:36 - [MESSAGE][PASSED] - Taking screenshot successfully
[[ATTACHMENT|D:\\Test\\AgileTest\\Reports\\AHI\\ahi\\20200423_080048\\../Screenshots/iPhone 6/AHI/Dental - USA Access/20200423_081928/6.png]]

2020-04-23 08:20:36 - [TEST_STEP][PASSED] - (internal.GlobalVariable.i++): null

2020-04-23 08:20:36 - [MESSAGE][PASSED] - Call Test Case 'Test Cases/AHI/_include/get_screenshot' successfully

2020-04-23 08:20:36 - [TEST_STEP][PASSED] - setText(findTestObject("mobileSanity/Dental/app_page2/input__credit-card-first"), FirstName): Text 'Test-123' is set on object 'Object Repository/mobileSanity/Dental/app_page2/input__credit-card-first'

2020-04-23 08:20:37 - [MESSAGE][PASSED] - Text 'Test-123' is set on object 'Object Repository/mobileSanity/Dental/app_page2/input__credit-card-first'

2020-04-23 08:20:37 - [TEST_STEP][PASSED] - setText(findTestObject("mobileSanity/Dental/app_page2/input__credit-card-last"), LastName): Text 'ZZ11-eezRswJW' is set on object 'Object Repository/mobileSanity/Dental/app_page2/input__credit-card-last'

2020-04-23 08:20:37 - [MESSAGE][PASSED] - Text 'ZZ11-eezRswJW' is set on object 'Object Repository/mobileSanity/Dental/app_page2/input__credit-card-last'

2020-04-23 08:20:37 - [TEST_STEP][PASSED] - selectOptionByValue(findTestObject("mobileSanity/Dental/app_page2/select_MM010203040506070809101"), "12", true): All options with value '12' are selected in object 'Object Repository/mobileSanity/Dental/app_page2/select_MM010203040506070809101'  using regular expression

2020-04-23 08:20:38 - [MESSAGE][PASSED] - All options with value '12' are selected in object 'Object Repository/mobileSanity/Dental/app_page2/select_MM010203040506070809101'  using regular expression

2020-04-23 08:20:38 - [TEST_STEP][PASSED] - selectOptionByValue(findTestObject("mobileSanity/Dental/app_page2/select_YYYY2019202020212022202"), "2026", true): All options with value '2026' are selected in object 'Object Repository/mobileSanity/Dental/app_page2/select_YYYY2019202020212022202'  using regular expression

2020-04-23 08:20:38 - [MESSAGE][PASSED] - All options with value '2026' are selected in object 'Object Repository/mobileSanity/Dental/app_page2/select_YYYY2019202020212022202'  using regular expression

2020-04-23 08:20:38 - [TEST_STEP][PASSED] - setText(findTestObject("mobileSanity/Dental/app_page2/input__credit-card-number"), "4111111111111111"): Text '4111111111111111' is set on object 'Object Repository/mobileSanity/Dental/app_page2/input__credit-card-number'

2020-04-23 08:20:38 - [MESSAGE][PASSED] - Text '4111111111111111' is set on object 'Object Repository/mobileSanity/Dental/app_page2/input__credit-card-number'

2020-04-23 08:20:38 - [TEST_STEP][PASSED] - setText(findTestObject("mobileSanity/Dental/app_page2/input__cvv"), "123"): Text '123' is set on object 'Object Repository/mobileSanity/Dental/app_page2/input__cvv'

2020-04-23 08:20:39 - [MESSAGE][PASSED] - Text '123' is set on object 'Object Repository/mobileSanity/Dental/app_page2/input__cvv'

2020-04-23 08:20:39 - [TEST_STEP][PASSED] - click(findTestObject("mobileSanity/Dental/app_page2/label_My billing address is th")): Object: 'Object Repository/mobileSanity/Dental/app_page2/label_My billing address is th' is clicked on

2020-04-23 08:20:39 - [MESSAGE][PASSED] - Object: 'Object Repository/mobileSanity/Dental/app_page2/label_My billing address is th' is clicked on

2020-04-23 08:20:39 - [TEST_STEP][PASSED] - click(findTestObject("mobileSanity/Dental/app_page2/label_I Accept Authorization f")): Object: 'Object Repository/mobileSanity/Dental/app_page2/label_I Accept Authorization f' is clicked on

2020-04-23 08:20:39 - [MESSAGE][PASSED] - Object: 'Object Repository/mobileSanity/Dental/app_page2/label_I Accept Authorization f' is clicked on

2020-04-23 08:20:39 - [TEST_STEP][PASSED] - click(findTestObject("mobileSanity/Dental/app_page2/a_Continue to Step 3 - Review")): Object: 'Object Repository/mobileSanity/Dental/app_page2/a_Continue to Step 3 - Review' is clicked on

2020-04-23 08:20:43 - [MESSAGE][PASSED] - Object: 'Object Repository/mobileSanity/Dental/app_page2/a_Continue to Step 3 - Review' is clicked on

2020-04-23 08:20:43 - [TEST_STEP][PASSED] - for ([second = 0, second < 20, (second++)]): null

2020-04-23 08:20:43 - [TEST_STEP][PASSED] - try: null

2020-04-23 08:20:43 - [TEST_STEP][PASSED] - if (selenium.isElementPresent("id=consent-checkbox-0")): null

2020-04-23 08:20:43 - [TEST_STEP][PASSED] - Thread.sleep(1000): null

2020-04-23 08:20:44 - [TEST_STEP][PASSED] - try: null

2020-04-23 08:20:44 - [TEST_STEP][PASSED] - if (selenium.isElementPresent("id=consent-checkbox-0")): null

2020-04-23 08:20:45 - [TEST_STEP][PASSED] - Thread.sleep(1000): null

2020-04-23 08:20:46 - [TEST_STEP][PASSED] - try: null

2020-04-23 08:20:46 - [TEST_STEP][PASSED] - if (selenium.isElementPresent("id=consent-checkbox-0")): null

2020-04-23 08:20:46 - [TEST_STEP][PASSED] - Thread.sleep(1000): null

2020-04-23 08:20:47 - [TEST_STEP][PASSED] - try: null

2020-04-23 08:20:47 - [TEST_STEP][PASSED] - if (selenium.isElementPresent("id=consent-checkbox-0")): null

2020-04-23 08:20:47 - [TEST_STEP][PASSED] - Thread.sleep(1000): null

2020-04-23 08:20:48 - [TEST_STEP][PASSED] - try: null

2020-04-23 08:20:48 - [TEST_STEP][PASSED] - if (selenium.isElementPresent("id=consent-checkbox-0")): null

2020-04-23 08:20:48 - [TEST_STEP][PASSED] - Thread.sleep(1000): null

2020-04-23 08:20:49 - [TEST_STEP][PASSED] - try: null

2020-04-23 08:20:49 - [TEST_STEP][PASSED] - if (selenium.isElementPresent("id=consent-checkbox-0")): null

2020-04-23 08:20:49 - [TEST_STEP][PASSED] - Thread.sleep(1000): null

2020-04-23 08:20:50 - [TEST_STEP][PASSED] - try: null

2020-04-23 08:20:50 - [TEST_STEP][PASSED] - if (selenium.isElementPresent("id=consent-checkbox-0")): null

2020-04-23 08:20:50 - [TEST_STEP][PASSED] - Thread.sleep(1000): null

2020-04-23 08:20:51 - [TEST_STEP][PASSED] - try: null

2020-04-23 08:20:51 - [TEST_STEP][PASSED] - if (selenium.isElementPresent("id=consent-checkbox-0")): null

2020-04-23 08:20:51 - [TEST_STEP][PASSED] - break: null

2020-04-23 08:20:51 - [TEST_STEP][PASSED] - waitForElementClickable(findTestObject("mobileSanity/Dental/app_page3/label"), 20): Object 'Object Repository/mobileSanity/Dental/app_page3/label' is clickable

2020-04-23 08:20:51 - [MESSAGE][PASSED] - Object 'Object Repository/mobileSanity/Dental/app_page3/label' is clickable

2020-04-23 08:20:51 - [TEST_STEP][PASSED] - callTestCase(findTestCase("AHI/_include/get_screenshot"), [:], STOP_ON_FAILURE): Call Test Case 'Test Cases/AHI/_include/get_screenshot' successfully

2020-04-23 08:20:51 - [TEST_CASE][PASSED] - Test Cases/AHI/_include/get_screenshot: Test Cases/AHI/_include/get_screenshot

2020-04-23 08:20:51 - [TEST_STEP][PASSED] - Thread.sleep(1000): null

2020-04-23 08:20:52 - [TEST_STEP][PASSED] - takeScreenshot(screenPath + i + ".png"): Taking screenshot successfully

2020-04-23 08:20:52 - [MESSAGE][PASSED] - Taking screenshot successfully
[[ATTACHMENT|D:\\Test\\AgileTest\\Reports\\AHI\\ahi\\20200423_080048\\../Screenshots/iPhone 6/AHI/Dental - USA Access/20200423_081928/7.png]]

2020-04-23 08:20:52 - [TEST_STEP][PASSED] - (internal.GlobalVariable.i++): null

2020-04-23 08:20:52 - [MESSAGE][PASSED] - Call Test Case 'Test Cases/AHI/_include/get_screenshot' successfully

2020-04-23 08:20:52 - [TEST_STEP][PASSED] - click(findTestObject("mobileSanity/Dental/app_page3/label")): Object: 'Object Repository/mobileSanity/Dental/app_page3/label' is clicked on

2020-04-23 08:20:53 - [MESSAGE][PASSED] - Object: 'Object Repository/mobileSanity/Dental/app_page3/label' is clicked on

2020-04-23 08:20:53 - [TEST_STEP][PASSED] - click(findTestObject("mobileSanity/Dental/app_page3/p_CLICK TO SIGN")): Object: 'Object Repository/mobileSanity/Dental/app_page3/p_CLICK TO SIGN' is clicked on

2020-04-23 08:20:53 - [MESSAGE][PASSED] - Object: 'Object Repository/mobileSanity/Dental/app_page3/p_CLICK TO SIGN' is clicked on

2020-04-23 08:20:53 - [TEST_STEP][PASSED] - click(findTestObject("mobileSanity/Dental/app_page3/a_Submit Your Application")): Object: 'Object Repository/mobileSanity/Dental/app_page3/a_Submit Your Application' is clicked on

2020-04-23 08:20:53 - [MESSAGE][PASSED] - Object: 'Object Repository/mobileSanity/Dental/app_page3/a_Submit Your Application' is clicked on

2020-04-23 08:20:53 - [TEST_STEP][PASSED] - for ([second = 0, second < 30, (second++)]): null

2020-04-23 08:20:53 - [TEST_STEP][PASSED] - try: null

2020-04-23 08:20:53 - [TEST_STEP][PASSED] - if (selenium.isElementPresent("id=app-confirmation")): null

2020-04-23 08:20:53 - [TEST_STEP][PASSED] - Thread.sleep(1000): null

2020-04-23 08:20:54 - [TEST_STEP][PASSED] - try: null

2020-04-23 08:20:54 - [TEST_STEP][PASSED] - if (selenium.isElementPresent("id=app-confirmation")): null

2020-04-23 08:20:54 - [TEST_STEP][PASSED] - Thread.sleep(1000): null

2020-04-23 08:20:55 - [TEST_STEP][PASSED] - try: null

2020-04-23 08:20:55 - [TEST_STEP][PASSED] - if (selenium.isElementPresent("id=app-confirmation")): null

2020-04-23 08:20:55 - [TEST_STEP][PASSED] - Thread.sleep(1000): null

2020-04-23 08:20:56 - [TEST_STEP][PASSED] - try: null

2020-04-23 08:20:56 - [TEST_STEP][PASSED] - if (selenium.isElementPresent("id=app-confirmation")): null

2020-04-23 08:20:56 - [TEST_STEP][PASSED] - Thread.sleep(1000): null

2020-04-23 08:20:57 - [TEST_STEP][PASSED] - try: null

2020-04-23 08:20:57 - [TEST_STEP][PASSED] - if (selenium.isElementPresent("id=app-confirmation")): null

2020-04-23 08:20:57 - [TEST_STEP][PASSED] - Thread.sleep(1000): null

2020-04-23 08:20:58 - [TEST_STEP][PASSED] - try: null

2020-04-23 08:20:58 - [TEST_STEP][PASSED] - if (selenium.isElementPresent("id=app-confirmation")): null

2020-04-23 08:20:58 - [TEST_STEP][PASSED] - Thread.sleep(1000): null

2020-04-23 08:20:59 - [TEST_STEP][PASSED] - try: null

2020-04-23 08:20:59 - [TEST_STEP][PASSED] - if (selenium.isElementPresent("id=app-confirmation")): null

2020-04-23 08:20:59 - [TEST_STEP][PASSED] - Thread.sleep(1000): null

2020-04-23 08:21:00 - [TEST_STEP][PASSED] - try: null

2020-04-23 08:21:00 - [TEST_STEP][PASSED] - if (selenium.isElementPresent("id=app-confirmation")): null

2020-04-23 08:21:00 - [TEST_STEP][PASSED] - Thread.sleep(1000): null

2020-04-23 08:21:01 - [TEST_STEP][PASSED] - try: null

2020-04-23 08:21:01 - [TEST_STEP][PASSED] - if (selenium.isElementPresent("id=app-confirmation")): null

2020-04-23 08:21:01 - [TEST_STEP][PASSED] - Thread.sleep(1000): null

2020-04-23 08:21:02 - [TEST_STEP][PASSED] - try: null

2020-04-23 08:21:02 - [TEST_STEP][PASSED] - if (selenium.isElementPresent("id=app-confirmation")): null

2020-04-23 08:21:02 - [TEST_STEP][PASSED] - Thread.sleep(1000): null

2020-04-23 08:21:03 - [TEST_STEP][PASSED] - try: null

2020-04-23 08:21:03 - [TEST_STEP][PASSED] - if (selenium.isElementPresent("id=app-confirmation")): null

2020-04-23 08:21:03 - [TEST_STEP][PASSED] - Thread.sleep(1000): null

2020-04-23 08:21:04 - [TEST_STEP][PASSED] - try: null

2020-04-23 08:21:04 - [TEST_STEP][PASSED] - if (selenium.isElementPresent("id=app-confirmation")): null

2020-04-23 08:21:05 - [TEST_STEP][PASSED] - Thread.sleep(1000): null

2020-04-23 08:21:06 - [TEST_STEP][PASSED] - try: null

2020-04-23 08:21:06 - [TEST_STEP][PASSED] - if (selenium.isElementPresent("id=app-confirmation")): null

2020-04-23 08:21:06 - [TEST_STEP][PASSED] - Thread.sleep(1000): null

2020-04-23 08:21:07 - [TEST_STEP][PASSED] - try: null

2020-04-23 08:21:07 - [TEST_STEP][PASSED] - if (selenium.isElementPresent("id=app-confirmation")): null

2020-04-23 08:21:07 - [TEST_STEP][PASSED] - Thread.sleep(1000): null

2020-04-23 08:21:08 - [TEST_STEP][PASSED] - try: null

2020-04-23 08:21:08 - [TEST_STEP][PASSED] - if (selenium.isElementPresent("id=app-confirmation")): null

2020-04-23 08:21:08 - [TEST_STEP][PASSED] - Thread.sleep(1000): null

2020-04-23 08:21:09 - [TEST_STEP][PASSED] - try: null

2020-04-23 08:21:09 - [TEST_STEP][PASSED] - if (selenium.isElementPresent("id=app-confirmation")): null

2020-04-23 08:21:09 - [TEST_STEP][PASSED] - Thread.sleep(1000): null

2020-04-23 08:21:10 - [TEST_STEP][PASSED] - try: null

2020-04-23 08:21:10 - [TEST_STEP][PASSED] - if (selenium.isElementPresent("id=app-confirmation")): null

2020-04-23 08:21:10 - [TEST_STEP][PASSED] - Thread.sleep(1000): null

2020-04-23 08:21:11 - [TEST_STEP][PASSED] - try: null

2020-04-23 08:21:11 - [TEST_STEP][PASSED] - if (selenium.isElementPresent("id=app-confirmation")): null

2020-04-23 08:21:11 - [TEST_STEP][PASSED] - Thread.sleep(1000): null

2020-04-23 08:21:12 - [TEST_STEP][PASSED] - try: null

2020-04-23 08:21:12 - [TEST_STEP][PASSED] - if (selenium.isElementPresent("id=app-confirmation")): null

2020-04-23 08:21:12 - [TEST_STEP][PASSED] - Thread.sleep(1000): null

2020-04-23 08:21:13 - [TEST_STEP][PASSED] - try: null

2020-04-23 08:21:13 - [TEST_STEP][PASSED] - if (selenium.isElementPresent("id=app-confirmation")): null

2020-04-23 08:21:13 - [TEST_STEP][PASSED] - Thread.sleep(1000): null

2020-04-23 08:21:14 - [TEST_STEP][PASSED] - try: null

2020-04-23 08:21:14 - [TEST_STEP][PASSED] - if (selenium.isElementPresent("id=app-confirmation")): null

2020-04-23 08:21:14 - [TEST_STEP][PASSED] - Thread.sleep(1000): null

2020-04-23 08:21:15 - [TEST_STEP][PASSED] - try: null

2020-04-23 08:21:15 - [TEST_STEP][PASSED] - if (selenium.isElementPresent("id=app-confirmation")): null

2020-04-23 08:21:15 - [TEST_STEP][PASSED] - Thread.sleep(1000): null

2020-04-23 08:21:16 - [TEST_STEP][PASSED] - try: null

2020-04-23 08:21:16 - [TEST_STEP][PASSED] - if (selenium.isElementPresent("id=app-confirmation")): null

2020-04-23 08:21:16 - [TEST_STEP][PASSED] - Thread.sleep(1000): null

2020-04-23 08:21:17 - [TEST_STEP][PASSED] - try: null

2020-04-23 08:21:17 - [TEST_STEP][PASSED] - if (selenium.isElementPresent("id=app-confirmation")): null

2020-04-23 08:21:17 - [TEST_STEP][PASSED] - Thread.sleep(1000): null

2020-04-23 08:21:18 - [TEST_STEP][PASSED] - try: null

2020-04-23 08:21:18 - [TEST_STEP][PASSED] - if (selenium.isElementPresent("id=app-confirmation")): null

2020-04-23 08:21:18 - [TEST_STEP][PASSED] - Thread.sleep(1000): null

2020-04-23 08:21:19 - [TEST_STEP][PASSED] - try: null

2020-04-23 08:21:19 - [TEST_STEP][PASSED] - if (selenium.isElementPresent("id=app-confirmation")): null

2020-04-23 08:21:19 - [TEST_STEP][PASSED] - Thread.sleep(1000): null

2020-04-23 08:21:20 - [TEST_STEP][PASSED] - try: null

2020-04-23 08:21:20 - [TEST_STEP][PASSED] - if (selenium.isElementPresent("id=app-confirmation")): null

2020-04-23 08:21:20 - [TEST_STEP][PASSED] - Thread.sleep(1000): null

2020-04-23 08:21:21 - [TEST_STEP][PASSED] - try: null

2020-04-23 08:21:21 - [TEST_STEP][PASSED] - if (selenium.isElementPresent("id=app-confirmation")): null

2020-04-23 08:21:21 - [TEST_STEP][PASSED] - Thread.sleep(1000): null

2020-04-23 08:21:22 - [TEST_STEP][PASSED] - try: null

2020-04-23 08:21:22 - [TEST_STEP][PASSED] - if (selenium.isElementPresent("id=app-confirmation")): null

2020-04-23 08:21:23 - [TEST_STEP][PASSED] - Thread.sleep(1000): null

2020-04-23 08:21:24 - [TEST_STEP][PASSED] - try: null

2020-04-23 08:21:24 - [TEST_STEP][PASSED] - if (selenium.isElementPresent("id=app-confirmation")): null

2020-04-23 08:21:24 - [TEST_STEP][PASSED] - Thread.sleep(1000): null

2020-04-23 08:21:25 - [TEST_STEP][PASSED] - callTestCase(findTestCase("AHI/_include/get_screenshot"), [:], STOP_ON_FAILURE): Call Test Case 'Test Cases/AHI/_include/get_screenshot' successfully

2020-04-23 08:21:25 - [TEST_CASE][PASSED] - Test Cases/AHI/_include/get_screenshot: Test Cases/AHI/_include/get_screenshot

2020-04-23 08:21:25 - [TEST_STEP][PASSED] - Thread.sleep(1000): null

2020-04-23 08:21:26 - [TEST_STEP][PASSED] - takeScreenshot(screenPath + i + ".png"): Taking screenshot successfully

2020-04-23 08:21:26 - [MESSAGE][PASSED] - Taking screenshot successfully
[[ATTACHMENT|D:\\Test\\AgileTest\\Reports\\AHI\\ahi\\20200423_080048\\../Screenshots/iPhone 6/AHI/Dental - USA Access/20200423_081928/8.png]]

2020-04-23 08:21:26 - [TEST_STEP][PASSED] - (internal.GlobalVariable.i++): null

2020-04-23 08:21:26 - [MESSAGE][PASSED] - Call Test Case 'Test Cases/AHI/_include/get_screenshot' successfully]]></system-out>
         <system-err><![CDATA[]]></system-err>
      </testcase>
      <testcase name="Test Cases/AHI/NEW/HBI" classname="Test Cases/AHI/NEW/HBI" status="PASSED">
         <system-out><![CDATA[2020-04-23 08:21:26 - [TEST_CASE][PASSED] - Test Cases/AHI/NEW/HBI: Test Cases/AHI/NEW/HBI

2020-04-23 08:21:26 - [TEST_STEP][PASSED] - callTestCase(findTestCase("AHI/_include/get_screenPath"), ["productLine":"AHI", "carrierName":"HBI"], CONTINUE_ON_FAILURE): Call Test Case 'Test Cases/AHI/_include/get_screenPath' successfully

2020-04-23 08:21:27 - [TEST_CASE][PASSED] - Test Cases/AHI/_include/get_screenPath: Test Cases/AHI/_include/get_screenPath

2020-04-23 08:21:27 - [TEST_STEP][PASSED] - m = getExecutionProperties(): null

2020-04-23 08:21:27 - [TEST_STEP][PASSED] - deviceName = get("mobileEmulation").get("deviceName"): null

2020-04-23 08:21:27 - [TEST_STEP][PASSED] - println(deviceName): null

2020-04-23 08:21:27 - [TEST_STEP][PASSED] - now = new java.util.Date(): null

2020-04-23 08:21:27 - [TEST_STEP][PASSED] - mydate = now.format("yyyyMMdd_HHmmss"): null

2020-04-23 08:21:27 - [TEST_STEP][PASSED] - screenPath = "../Screenshots/": null

2020-04-23 08:21:27 - [TEST_STEP][PASSED] - screenPath = screenPath + deviceName + "/" + productLine + "/" + carrierName + "/" + mydate + "/": null

2020-04-23 08:21:27 - [TEST_STEP][PASSED] - println(screenPath): null

2020-04-23 08:21:27 - [MESSAGE][PASSED] - Call Test Case 'Test Cases/AHI/_include/get_screenPath' successfully

2020-04-23 08:21:27 - [TEST_STEP][PASSED] - i = 0: null

2020-04-23 08:21:27 - [TEST_STEP][PASSED] - callTestCase(findTestCase("AHI/_include/openWebSite"), [:], CONTINUE_ON_FAILURE): Call Test Case 'Test Cases/AHI/_include/openWebSite' successfully

2020-04-23 08:21:27 - [TEST_CASE][PASSED] - Test Cases/AHI/_include/openWebSite: Test Cases/AHI/_include/openWebSite

2020-04-23 08:21:27 - [TEST_STEP][PASSED] - openBrowser(env): Browser is opened with url: 'https://praetemptatus.agilehealthinsurance.com'

2020-04-23 08:21:27 - [MESSAGE][WARNING] - A browser is already opened. Closing browser and opening a new one

2020-04-23 08:21:28 - [MESSAGE][INFO] - Starting 'Chrome' driver

2020-04-23 08:21:28 - [MESSAGE][INFO] - User set preference: ['mobileEmulation', '{deviceName=iPhone 6}']

2020-04-23 08:21:28 - [MESSAGE][INFO] - User set preference: ['args', '[--incognito, --aggressive-cache-discard, --window-size=375,677, --no-sandbox, --ignore-certificate-errors]']

2020-04-23 08:21:44 - [MESSAGE][PASSED] - Browser is opened with url: 'https://praetemptatus.agilehealthinsurance.com'

2020-04-23 08:21:44 - [TEST_STEP][PASSED] - waitForPageLoad(20): Wait for page load successfully

2020-04-23 08:21:44 - [MESSAGE][PASSED] - Wait for page load successfully

2020-04-23 08:21:44 - [TEST_STEP][PASSED] - callTestCase(findTestCase("AHI/_include/get_screenshot"), [:], STOP_ON_FAILURE): Call Test Case 'Test Cases/AHI/_include/get_screenshot' successfully

2020-04-23 08:21:44 - [TEST_CASE][PASSED] - Test Cases/AHI/_include/get_screenshot: Test Cases/AHI/_include/get_screenshot

2020-04-23 08:21:44 - [TEST_STEP][PASSED] - Thread.sleep(1000): null

2020-04-23 08:21:45 - [TEST_STEP][PASSED] - takeScreenshot(screenPath + i + ".png"): Taking screenshot successfully

2020-04-23 08:21:46 - [MESSAGE][PASSED] - Taking screenshot successfully
[[ATTACHMENT|D:\\Test\\AgileTest\\Reports\\AHI\\ahi\\20200423_080048\\../Screenshots/iPhone 6/AHI/HBI/20200423_082127/0.png]]

2020-04-23 08:21:46 - [TEST_STEP][PASSED] - (internal.GlobalVariable.i++): null

2020-04-23 08:21:46 - [MESSAGE][PASSED] - Call Test Case 'Test Cases/AHI/_include/get_screenshot' successfully

2020-04-23 08:21:46 - [MESSAGE][PASSED] - Call Test Case 'Test Cases/AHI/_include/openWebSite' successfully

2020-04-23 08:21:46 - [TEST_STEP][PASSED] - driver = getWebDriver(): null

2020-04-23 08:21:46 - [TEST_STEP][PASSED] - baseUrl = ENV: null

2020-04-23 08:21:46 - [TEST_STEP][PASSED] - selenium = new com.thoughtworks.selenium.webdriven.WebDriverBackedSelenium(driver, baseUrl): null

2020-04-23 08:21:46 - [TEST_STEP][PASSED] - selenium.click("//*[@class='filter-option-inner-inner']"): null

2020-04-23 08:21:46 - [TEST_STEP][PASSED] - selenium.click("id=bs-select-1-3"): null

2020-04-23 08:21:46 - [TEST_STEP][PASSED] - selenium.click("id=primaryCTA"): null

2020-04-23 08:21:54 - [TEST_STEP][PASSED] - for ([second = 0, second < 10, (second++)]): null

2020-04-23 08:21:54 - [TEST_STEP][PASSED] - try: null

2020-04-23 08:21:54 - [TEST_STEP][PASSED] - if (selenium.isElementPresent("id=js-traffic-to-aiq")): null

2020-04-23 08:21:54 - [TEST_STEP][PASSED] - break: null

2020-04-23 08:21:54 - [TEST_STEP][PASSED] - callTestCase(findTestCase("AHI/_include/get_screenshot"), [:], STOP_ON_FAILURE): Call Test Case 'Test Cases/AHI/_include/get_screenshot' successfully

2020-04-23 08:21:54 - [TEST_CASE][PASSED] - Test Cases/AHI/_include/get_screenshot: Test Cases/AHI/_include/get_screenshot

2020-04-23 08:21:54 - [TEST_STEP][PASSED] - Thread.sleep(1000): null

2020-04-23 08:21:55 - [TEST_STEP][PASSED] - takeScreenshot(screenPath + i + ".png"): Taking screenshot successfully

2020-04-23 08:21:55 - [MESSAGE][PASSED] - Taking screenshot successfully
[[ATTACHMENT|D:\\Test\\AgileTest\\Reports\\AHI\\ahi\\20200423_080048\\../Screenshots/iPhone 6/AHI/HBI/20200423_082127/1.png]]

2020-04-23 08:21:55 - [TEST_STEP][PASSED] - (internal.GlobalVariable.i++): null

2020-04-23 08:21:55 - [MESSAGE][PASSED] - Call Test Case 'Test Cases/AHI/_include/get_screenshot' successfully

2020-04-23 08:21:55 - [TEST_STEP][PASSED] - url = selenium.getAttribute("xpath=(//a[@id='js-traffic-to-aiq'])@href"): null

2020-04-23 08:21:56 - [TEST_STEP][PASSED] - navigateToUrl(url): Navigate to 'https://healthinsurance.net/health?utm_source=hiiq&utm_medium=cpm&utm_campaign=agile' successfully

2020-04-23 08:22:37 - [MESSAGE][PASSED] - Navigate to 'https://healthinsurance.net/health?utm_source=hiiq&utm_medium=cpm&utm_campaign=agile' successfully

2020-04-23 08:22:37 - [TEST_STEP][PASSED] - waitForPageLoad(10): Wait for page load successfully

2020-04-23 08:22:37 - [MESSAGE][PASSED] - Wait for page load successfully

2020-04-23 08:22:37 - [TEST_STEP][PASSED] - callTestCase(findTestCase("AHI/_include/get_screenshot"), [:], STOP_ON_FAILURE): Call Test Case 'Test Cases/AHI/_include/get_screenshot' successfully

2020-04-23 08:22:37 - [TEST_CASE][PASSED] - Test Cases/AHI/_include/get_screenshot: Test Cases/AHI/_include/get_screenshot

2020-04-23 08:22:37 - [TEST_STEP][PASSED] - Thread.sleep(1000): null

2020-04-23 08:22:38 - [TEST_STEP][PASSED] - takeScreenshot(screenPath + i + ".png"): Taking screenshot successfully

2020-04-23 08:22:38 - [MESSAGE][PASSED] - Taking screenshot successfully
[[ATTACHMENT|D:\\Test\\AgileTest\\Reports\\AHI\\ahi\\20200423_080048\\../Screenshots/iPhone 6/AHI/HBI/20200423_082127/2.png]]

2020-04-23 08:22:38 - [TEST_STEP][PASSED] - (internal.GlobalVariable.i++): null

2020-04-23 08:22:38 - [MESSAGE][PASSED] - Call Test Case 'Test Cases/AHI/_include/get_screenshot' successfully]]></system-out>
         <system-err><![CDATA[]]></system-err>
      </testcase>
      <testcase name="Test Cases/AHI/NEW/Medicare" classname="Test Cases/AHI/NEW/Medicare" status="PASSED">
         <system-out><![CDATA[2020-04-23 08:22:38 - [TEST_CASE][PASSED] - Test Cases/AHI/NEW/Medicare: Test Cases/AHI/NEW/Medicare

2020-04-23 08:22:39 - [TEST_STEP][PASSED] - callTestCase(findTestCase("AHI/_include/get_screenPath"), ["productLine":"AHI", "carrierName":"Medicare"], CONTINUE_ON_FAILURE): Call Test Case 'Test Cases/AHI/_include/get_screenPath' successfully

2020-04-23 08:22:39 - [TEST_CASE][PASSED] - Test Cases/AHI/_include/get_screenPath: Test Cases/AHI/_include/get_screenPath

2020-04-23 08:22:39 - [TEST_STEP][PASSED] - m = getExecutionProperties(): null

2020-04-23 08:22:39 - [TEST_STEP][PASSED] - deviceName = get("mobileEmulation").get("deviceName"): null

2020-04-23 08:22:39 - [TEST_STEP][PASSED] - println(deviceName): null

2020-04-23 08:22:39 - [TEST_STEP][PASSED] - now = new java.util.Date(): null

2020-04-23 08:22:39 - [TEST_STEP][PASSED] - mydate = now.format("yyyyMMdd_HHmmss"): null

2020-04-23 08:22:39 - [TEST_STEP][PASSED] - screenPath = "../Screenshots/": null

2020-04-23 08:22:39 - [TEST_STEP][PASSED] - screenPath = screenPath + deviceName + "/" + productLine + "/" + carrierName + "/" + mydate + "/": null

2020-04-23 08:22:39 - [TEST_STEP][PASSED] - println(screenPath): null

2020-04-23 08:22:39 - [MESSAGE][PASSED] - Call Test Case 'Test Cases/AHI/_include/get_screenPath' successfully

2020-04-23 08:22:39 - [TEST_STEP][PASSED] - i = 0: null

2020-04-23 08:22:39 - [TEST_STEP][PASSED] - callTestCase(findTestCase("AHI/_include/openWebSite"), [:], CONTINUE_ON_FAILURE): Call Test Case 'Test Cases/AHI/_include/openWebSite' successfully

2020-04-23 08:22:39 - [TEST_CASE][PASSED] - Test Cases/AHI/_include/openWebSite: Test Cases/AHI/_include/openWebSite

2020-04-23 08:22:39 - [TEST_STEP][PASSED] - openBrowser(env): Browser is opened with url: 'https://praetemptatus.agilehealthinsurance.com'

2020-04-23 08:22:39 - [MESSAGE][WARNING] - A browser is already opened. Closing browser and opening a new one

2020-04-23 08:22:40 - [MESSAGE][INFO] - Starting 'Chrome' driver

2020-04-23 08:22:40 - [MESSAGE][INFO] - User set preference: ['mobileEmulation', '{deviceName=iPhone 6}']

2020-04-23 08:22:40 - [MESSAGE][INFO] - User set preference: ['args', '[--incognito, --aggressive-cache-discard, --window-size=375,677, --no-sandbox, --ignore-certificate-errors]']

2020-04-23 08:22:55 - [MESSAGE][PASSED] - Browser is opened with url: 'https://praetemptatus.agilehealthinsurance.com'

2020-04-23 08:22:55 - [TEST_STEP][PASSED] - waitForPageLoad(20): Wait for page load successfully

2020-04-23 08:22:55 - [MESSAGE][PASSED] - Wait for page load successfully

2020-04-23 08:22:55 - [TEST_STEP][PASSED] - callTestCase(findTestCase("AHI/_include/get_screenshot"), [:], STOP_ON_FAILURE): Call Test Case 'Test Cases/AHI/_include/get_screenshot' successfully

2020-04-23 08:22:55 - [TEST_CASE][PASSED] - Test Cases/AHI/_include/get_screenshot: Test Cases/AHI/_include/get_screenshot

2020-04-23 08:22:55 - [TEST_STEP][PASSED] - Thread.sleep(1000): null

2020-04-23 08:22:56 - [TEST_STEP][PASSED] - takeScreenshot(screenPath + i + ".png"): Taking screenshot successfully

2020-04-23 08:22:57 - [MESSAGE][PASSED] - Taking screenshot successfully
[[ATTACHMENT|D:\\Test\\AgileTest\\Reports\\AHI\\ahi\\20200423_080048\\../Screenshots/iPhone 6/AHI/Medicare/20200423_082239/0.png]]

2020-04-23 08:22:57 - [TEST_STEP][PASSED] - (internal.GlobalVariable.i++): null

2020-04-23 08:22:57 - [MESSAGE][PASSED] - Call Test Case 'Test Cases/AHI/_include/get_screenshot' successfully

2020-04-23 08:22:57 - [MESSAGE][PASSED] - Call Test Case 'Test Cases/AHI/_include/openWebSite' successfully

2020-04-23 08:22:57 - [TEST_STEP][PASSED] - driver = getWebDriver(): null

2020-04-23 08:22:57 - [TEST_STEP][PASSED] - baseUrl = ENV: null

2020-04-23 08:22:57 - [TEST_STEP][PASSED] - selenium = new com.thoughtworks.selenium.webdriven.WebDriverBackedSelenium(driver, baseUrl): null

2020-04-23 08:22:57 - [TEST_STEP][PASSED] - selenium.click("//*[@class='filter-option-inner-inner']"): null

2020-04-23 08:22:57 - [TEST_STEP][PASSED] - selenium.click("id=bs-select-1-4"): null

2020-04-23 08:22:57 - [TEST_STEP][PASSED] - selenium.click("id=primaryCTA"): null

2020-04-23 08:22:57 - [TEST_STEP][PASSED] - for ([second = 0, second < 10, (second++)]): null

2020-04-23 08:22:57 - [TEST_STEP][PASSED] - try: null

2020-04-23 08:22:57 - [TEST_STEP][PASSED] - if (selenium.isElementPresent("//h1[contains(text(),'Compare Medicare health plans')]")): null

2020-04-23 08:22:57 - [TEST_STEP][PASSED] - Thread.sleep(1000): null

2020-04-23 08:22:58 - [TEST_STEP][PASSED] - try: null

2020-04-23 08:22:58 - [TEST_STEP][PASSED] - if (selenium.isElementPresent("//h1[contains(text(),'Compare Medicare health plans')]")): null

2020-04-23 08:22:58 - [TEST_STEP][PASSED] - Thread.sleep(1000): null

2020-04-23 08:22:59 - [TEST_STEP][PASSED] - try: null

2020-04-23 08:22:59 - [TEST_STEP][PASSED] - if (selenium.isElementPresent("//h1[contains(text(),'Compare Medicare health plans')]")): null

2020-04-23 08:22:59 - [TEST_STEP][PASSED] - Thread.sleep(1000): null

2020-04-23 08:23:00 - [TEST_STEP][PASSED] - try: null

2020-04-23 08:23:00 - [TEST_STEP][PASSED] - if (selenium.isElementPresent("//h1[contains(text(),'Compare Medicare health plans')]")): null

2020-04-23 08:23:00 - [TEST_STEP][PASSED] - Thread.sleep(1000): null

2020-04-23 08:23:01 - [TEST_STEP][PASSED] - try: null

2020-04-23 08:23:01 - [TEST_STEP][PASSED] - if (selenium.isElementPresent("//h1[contains(text(),'Compare Medicare health plans')]")): null

2020-04-23 08:23:14 - [TEST_STEP][PASSED] - break: null

2020-04-23 08:23:14 - [TEST_STEP][PASSED] - callTestCase(findTestCase("AHI/_include/get_screenshot"), [:], STOP_ON_FAILURE): Call Test Case 'Test Cases/AHI/_include/get_screenshot' successfully

2020-04-23 08:23:14 - [TEST_CASE][PASSED] - Test Cases/AHI/_include/get_screenshot: Test Cases/AHI/_include/get_screenshot

2020-04-23 08:23:14 - [TEST_STEP][PASSED] - Thread.sleep(1000): null

2020-04-23 08:23:15 - [TEST_STEP][PASSED] - takeScreenshot(screenPath + i + ".png"): Taking screenshot successfully

2020-04-23 08:23:15 - [MESSAGE][PASSED] - Taking screenshot successfully
[[ATTACHMENT|D:\\Test\\AgileTest\\Reports\\AHI\\ahi\\20200423_080048\\../Screenshots/iPhone 6/AHI/Medicare/20200423_082239/1.png]]

2020-04-23 08:23:15 - [TEST_STEP][PASSED] - (internal.GlobalVariable.i++): null

2020-04-23 08:23:15 - [MESSAGE][PASSED] - Call Test Case 'Test Cases/AHI/_include/get_screenshot' successfully]]></system-out>
         <system-err><![CDATA[]]></system-err>
      </testcase>
      <testcase name="Test Cases/AHI/NEW/Pet Insurance" classname="Test Cases/AHI/NEW/Pet Insurance" status="PASSED">
         <system-out><![CDATA[2020-04-23 08:23:15 - [TEST_CASE][PASSED] - Test Cases/AHI/NEW/Pet Insurance: Test Cases/AHI/NEW/Pet Insurance

2020-04-23 08:23:15 - [TEST_STEP][PASSED] - callTestCase(findTestCase("AHI/_include/get_screenPath"), ["productLine":"AHI", "carrierName":"Pet Insurance"], CONTINUE_ON_FAILURE): Call Test Case 'Test Cases/AHI/_include/get_screenPath' successfully

2020-04-23 08:23:15 - [TEST_CASE][PASSED] - Test Cases/AHI/_include/get_screenPath: Test Cases/AHI/_include/get_screenPath

2020-04-23 08:23:15 - [TEST_STEP][PASSED] - m = getExecutionProperties(): null

2020-04-23 08:23:15 - [TEST_STEP][PASSED] - deviceName = get("mobileEmulation").get("deviceName"): null

2020-04-23 08:23:15 - [TEST_STEP][PASSED] - println(deviceName): null

2020-04-23 08:23:15 - [TEST_STEP][PASSED] - now = new java.util.Date(): null

2020-04-23 08:23:15 - [TEST_STEP][PASSED] - mydate = now.format("yyyyMMdd_HHmmss"): null

2020-04-23 08:23:15 - [TEST_STEP][PASSED] - screenPath = "../Screenshots/": null

2020-04-23 08:23:15 - [TEST_STEP][PASSED] - screenPath = screenPath + deviceName + "/" + productLine + "/" + carrierName + "/" + mydate + "/": null

2020-04-23 08:23:15 - [TEST_STEP][PASSED] - println(screenPath): null

2020-04-23 08:23:15 - [MESSAGE][PASSED] - Call Test Case 'Test Cases/AHI/_include/get_screenPath' successfully

2020-04-23 08:23:15 - [TEST_STEP][PASSED] - i = 0: null

2020-04-23 08:23:15 - [TEST_STEP][PASSED] - callTestCase(findTestCase("AHI/_include/openWebSite"), [:], CONTINUE_ON_FAILURE): Call Test Case 'Test Cases/AHI/_include/openWebSite' successfully

2020-04-23 08:23:15 - [TEST_CASE][PASSED] - Test Cases/AHI/_include/openWebSite: Test Cases/AHI/_include/openWebSite

2020-04-23 08:23:15 - [TEST_STEP][PASSED] - openBrowser(env): Browser is opened with url: 'https://praetemptatus.agilehealthinsurance.com'

2020-04-23 08:23:15 - [MESSAGE][WARNING] - A browser is already opened. Closing browser and opening a new one

2020-04-23 08:23:16 - [MESSAGE][INFO] - Starting 'Chrome' driver

2020-04-23 08:23:16 - [MESSAGE][INFO] - User set preference: ['mobileEmulation', '{deviceName=iPhone 6}']

2020-04-23 08:23:16 - [MESSAGE][INFO] - User set preference: ['args', '[--incognito, --aggressive-cache-discard, --window-size=375,677, --no-sandbox, --ignore-certificate-errors]']

2020-04-23 08:23:24 - [MESSAGE][PASSED] - Browser is opened with url: 'https://praetemptatus.agilehealthinsurance.com'

2020-04-23 08:23:24 - [TEST_STEP][PASSED] - waitForPageLoad(20): Wait for page load successfully

2020-04-23 08:23:24 - [MESSAGE][PASSED] - Wait for page load successfully

2020-04-23 08:23:24 - [TEST_STEP][PASSED] - callTestCase(findTestCase("AHI/_include/get_screenshot"), [:], STOP_ON_FAILURE): Call Test Case 'Test Cases/AHI/_include/get_screenshot' successfully

2020-04-23 08:23:25 - [TEST_CASE][PASSED] - Test Cases/AHI/_include/get_screenshot: Test Cases/AHI/_include/get_screenshot

2020-04-23 08:23:25 - [TEST_STEP][PASSED] - Thread.sleep(1000): null

2020-04-23 08:23:26 - [TEST_STEP][PASSED] - takeScreenshot(screenPath + i + ".png"): Taking screenshot successfully

2020-04-23 08:23:26 - [MESSAGE][PASSED] - Taking screenshot successfully
[[ATTACHMENT|D:\\Test\\AgileTest\\Reports\\AHI\\ahi\\20200423_080048\\../Screenshots/iPhone 6/AHI/Pet Insurance/20200423_082315/0.png]]

2020-04-23 08:23:26 - [TEST_STEP][PASSED] - (internal.GlobalVariable.i++): null

2020-04-23 08:23:26 - [MESSAGE][PASSED] - Call Test Case 'Test Cases/AHI/_include/get_screenshot' successfully

2020-04-23 08:23:26 - [MESSAGE][PASSED] - Call Test Case 'Test Cases/AHI/_include/openWebSite' successfully

2020-04-23 08:23:26 - [TEST_STEP][PASSED] - driver = getWebDriver(): null

2020-04-23 08:23:26 - [TEST_STEP][PASSED] - baseUrl = ENV: null

2020-04-23 08:23:26 - [TEST_STEP][PASSED] - selenium = new com.thoughtworks.selenium.webdriven.WebDriverBackedSelenium(driver, baseUrl): null

2020-04-23 08:23:26 - [TEST_STEP][PASSED] - selenium.click("//*[@class='filter-option-inner-inner']"): null

2020-04-23 08:23:26 - [TEST_STEP][PASSED] - selenium.click("id=bs-select-1-5"): null

2020-04-23 08:23:26 - [TEST_STEP][PASSED] - selenium.click("id=primaryCTA"): null

2020-04-23 08:23:28 - [TEST_STEP][PASSED] - for ([second = 0, second < 20, (second++)]): null

2020-04-23 08:23:28 - [TEST_STEP][PASSED] - try: null

2020-04-23 08:23:28 - [TEST_STEP][PASSED] - if (selenium.isElementPresent("id=zip-input")): null

2020-04-23 08:23:28 - [TEST_STEP][PASSED] - break: null

2020-04-23 08:23:28 - [TEST_STEP][PASSED] - callTestCase(findTestCase("AHI/_include/get_screenshot"), [:], STOP_ON_FAILURE): Call Test Case 'Test Cases/AHI/_include/get_screenshot' successfully

2020-04-23 08:23:28 - [TEST_CASE][PASSED] - Test Cases/AHI/_include/get_screenshot: Test Cases/AHI/_include/get_screenshot

2020-04-23 08:23:28 - [TEST_STEP][PASSED] - Thread.sleep(1000): null

2020-04-23 08:23:29 - [TEST_STEP][PASSED] - takeScreenshot(screenPath + i + ".png"): Taking screenshot successfully

2020-04-23 08:23:30 - [MESSAGE][PASSED] - Taking screenshot successfully
[[ATTACHMENT|D:\\Test\\AgileTest\\Reports\\AHI\\ahi\\20200423_080048\\../Screenshots/iPhone 6/AHI/Pet Insurance/20200423_082315/1.png]]

2020-04-23 08:23:30 - [TEST_STEP][PASSED] - (internal.GlobalVariable.i++): null

2020-04-23 08:23:30 - [MESSAGE][PASSED] - Call Test Case 'Test Cases/AHI/_include/get_screenshot' successfully

2020-04-23 08:23:30 - [TEST_STEP][PASSED] - sendKeys(findTestObject("mobileSanity/Cancer Insurance/zip"), "35216"): Keys '35216' sent to object: 'Object Repository/mobileSanity/Cancer Insurance/zip'

2020-04-23 08:23:30 - [MESSAGE][PASSED] - Keys '35216' sent to object: 'Object Repository/mobileSanity/Cancer Insurance/zip'

2020-04-23 08:23:30 - [TEST_STEP][PASSED] - Thread.sleep(3000): null

2020-04-23 08:23:33 - [TEST_STEP][PASSED] - selenium.click("id=js-see-plans"): null

2020-04-23 08:23:33 - [TEST_STEP][PASSED] - for ([second = 0, second < 20, (second++)]): null

2020-04-23 08:23:33 - [TEST_STEP][PASSED] - try: null

2020-04-23 08:23:33 - [TEST_STEP][PASSED] - if (selenium.isElementPresent("id=name-input")): null

2020-04-23 08:23:33 - [TEST_STEP][PASSED] - Thread.sleep(1000): null

2020-04-23 08:23:34 - [TEST_STEP][PASSED] - try: null

2020-04-23 08:23:34 - [TEST_STEP][PASSED] - if (selenium.isElementPresent("id=name-input")): null

2020-04-23 08:23:34 - [TEST_STEP][PASSED] - break: null

2020-04-23 08:23:34 - [TEST_STEP][PASSED] - callTestCase(findTestCase("AHI/_include/get_screenshot"), [:], STOP_ON_FAILURE): Call Test Case 'Test Cases/AHI/_include/get_screenshot' successfully

2020-04-23 08:23:34 - [TEST_CASE][PASSED] - Test Cases/AHI/_include/get_screenshot: Test Cases/AHI/_include/get_screenshot

2020-04-23 08:23:34 - [TEST_STEP][PASSED] - Thread.sleep(1000): null

2020-04-23 08:23:36 - [TEST_STEP][PASSED] - takeScreenshot(screenPath + i + ".png"): Taking screenshot successfully

2020-04-23 08:23:36 - [MESSAGE][PASSED] - Taking screenshot successfully
[[ATTACHMENT|D:\\Test\\AgileTest\\Reports\\AHI\\ahi\\20200423_080048\\../Screenshots/iPhone 6/AHI/Pet Insurance/20200423_082315/2.png]]

2020-04-23 08:23:36 - [TEST_STEP][PASSED] - (internal.GlobalVariable.i++): null

2020-04-23 08:23:36 - [MESSAGE][PASSED] - Call Test Case 'Test Cases/AHI/_include/get_screenshot' successfully

2020-04-23 08:23:36 - [TEST_STEP][PASSED] - setText(findTestObject("mobileSanity/Pet Insurance/name-input"), "Test cat"): Text 'Test cat' is set on object 'Object Repository/mobileSanity/Pet Insurance/name-input'

2020-04-23 08:23:36 - [MESSAGE][PASSED] - Text 'Test cat' is set on object 'Object Repository/mobileSanity/Pet Insurance/name-input'

2020-04-23 08:23:36 - [TEST_STEP][PASSED] - selenium.click("id=js-continue"): null

2020-04-23 08:23:36 - [TEST_STEP][PASSED] - for ([second = 0, second < 20, (second++)]): null

2020-04-23 08:23:36 - [TEST_STEP][PASSED] - try: null

2020-04-23 08:23:36 - [TEST_STEP][PASSED] - if (selenium.isElementPresent("xpath=//label[@for='p-cat']")): null

2020-04-23 08:23:36 - [TEST_STEP][PASSED] - Thread.sleep(1000): null

2020-04-23 08:23:37 - [TEST_STEP][PASSED] - try: null

2020-04-23 08:23:37 - [TEST_STEP][PASSED] - if (selenium.isElementPresent("xpath=//label[@for='p-cat']")): null

2020-04-23 08:23:37 - [TEST_STEP][PASSED] - break: null

2020-04-23 08:23:37 - [TEST_STEP][PASSED] - callTestCase(findTestCase("AHI/_include/get_screenshot"), [:], STOP_ON_FAILURE): Call Test Case 'Test Cases/AHI/_include/get_screenshot' successfully

2020-04-23 08:23:37 - [TEST_CASE][PASSED] - Test Cases/AHI/_include/get_screenshot: Test Cases/AHI/_include/get_screenshot

2020-04-23 08:23:37 - [TEST_STEP][PASSED] - Thread.sleep(1000): null

2020-04-23 08:23:38 - [TEST_STEP][PASSED] - takeScreenshot(screenPath + i + ".png"): Taking screenshot successfully

2020-04-23 08:23:39 - [MESSAGE][PASSED] - Taking screenshot successfully
[[ATTACHMENT|D:\\Test\\AgileTest\\Reports\\AHI\\ahi\\20200423_080048\\../Screenshots/iPhone 6/AHI/Pet Insurance/20200423_082315/3.png]]

2020-04-23 08:23:39 - [TEST_STEP][PASSED] - (internal.GlobalVariable.i++): null

2020-04-23 08:23:39 - [MESSAGE][PASSED] - Call Test Case 'Test Cases/AHI/_include/get_screenshot' successfully

2020-04-23 08:23:39 - [TEST_STEP][PASSED] - selenium.click("//label[@for='p-cat']"): null

2020-04-23 08:23:39 - [TEST_STEP][PASSED] - for ([second = 0, second < 20, (second++)]): null

2020-04-23 08:23:39 - [TEST_STEP][PASSED] - try: null

2020-04-23 08:23:39 - [TEST_STEP][PASSED] - if (selenium.isElementPresent("id=dob-mm-input")): null

2020-04-23 08:23:39 - [TEST_STEP][PASSED] - Thread.sleep(1000): null

2020-04-23 08:23:40 - [TEST_STEP][PASSED] - try: null

2020-04-23 08:23:40 - [TEST_STEP][PASSED] - if (selenium.isElementPresent("id=dob-mm-input")): null

2020-04-23 08:23:40 - [TEST_STEP][PASSED] - break: null

2020-04-23 08:23:40 - [TEST_STEP][PASSED] - callTestCase(findTestCase("AHI/_include/get_screenshot"), [:], STOP_ON_FAILURE): Call Test Case 'Test Cases/AHI/_include/get_screenshot' successfully

2020-04-23 08:23:40 - [TEST_CASE][PASSED] - Test Cases/AHI/_include/get_screenshot: Test Cases/AHI/_include/get_screenshot

2020-04-23 08:23:40 - [TEST_STEP][PASSED] - Thread.sleep(1000): null

2020-04-23 08:23:41 - [TEST_STEP][PASSED] - takeScreenshot(screenPath + i + ".png"): Taking screenshot successfully

2020-04-23 08:23:41 - [MESSAGE][PASSED] - Taking screenshot successfully
[[ATTACHMENT|D:\\Test\\AgileTest\\Reports\\AHI\\ahi\\20200423_080048\\../Screenshots/iPhone 6/AHI/Pet Insurance/20200423_082315/4.png]]

2020-04-23 08:23:41 - [TEST_STEP][PASSED] - (internal.GlobalVariable.i++): null

2020-04-23 08:23:41 - [MESSAGE][PASSED] - Call Test Case 'Test Cases/AHI/_include/get_screenshot' successfully

2020-04-23 08:23:41 - [TEST_STEP][PASSED] - setText(findTestObject("mobileSanity/Pet Insurance/dob-mm-input"), "01"): Text '01' is set on object 'Object Repository/mobileSanity/Pet Insurance/dob-mm-input'

2020-04-23 08:23:41 - [MESSAGE][PASSED] - Text '01' is set on object 'Object Repository/mobileSanity/Pet Insurance/dob-mm-input'

2020-04-23 08:23:41 - [TEST_STEP][PASSED] - setText(findTestObject("mobileSanity/Pet Insurance/dob-dd-input"), "01"): Text '01' is set on object 'Object Repository/mobileSanity/Pet Insurance/dob-dd-input'

2020-04-23 08:23:41 - [MESSAGE][PASSED] - Text '01' is set on object 'Object Repository/mobileSanity/Pet Insurance/dob-dd-input'

2020-04-23 08:23:41 - [TEST_STEP][PASSED] - setText(findTestObject("mobileSanity/Pet Insurance/dob-yyyy-input"), "2016"): Text '2016' is set on object 'Object Repository/mobileSanity/Pet Insurance/dob-yyyy-input'

2020-04-23 08:23:41 - [MESSAGE][PASSED] - Text '2016' is set on object 'Object Repository/mobileSanity/Pet Insurance/dob-yyyy-input'

2020-04-23 08:23:41 - [TEST_STEP][PASSED] - for ([second = 0, second < 20, (second++)]): null

2020-04-23 08:23:41 - [TEST_STEP][PASSED] - try: null

2020-04-23 08:23:41 - [TEST_STEP][PASSED] - if (selenium.isElementPresent("xpath=//label[@for='p-no']")): null

2020-04-23 08:23:42 - [TEST_STEP][PASSED] - Thread.sleep(1000): null

2020-04-23 08:23:43 - [TEST_STEP][PASSED] - try: null

2020-04-23 08:23:43 - [TEST_STEP][PASSED] - if (selenium.isElementPresent("xpath=//label[@for='p-no']")): null

2020-04-23 08:23:43 - [TEST_STEP][PASSED] - break: null

2020-04-23 08:23:43 - [TEST_STEP][PASSED] - callTestCase(findTestCase("AHI/_include/get_screenshot"), [:], STOP_ON_FAILURE): Call Test Case 'Test Cases/AHI/_include/get_screenshot' successfully

2020-04-23 08:23:43 - [TEST_CASE][PASSED] - Test Cases/AHI/_include/get_screenshot: Test Cases/AHI/_include/get_screenshot

2020-04-23 08:23:43 - [TEST_STEP][PASSED] - Thread.sleep(1000): null

2020-04-23 08:23:44 - [TEST_STEP][PASSED] - takeScreenshot(screenPath + i + ".png"): Taking screenshot successfully

2020-04-23 08:23:44 - [MESSAGE][PASSED] - Taking screenshot successfully
[[ATTACHMENT|D:\\Test\\AgileTest\\Reports\\AHI\\ahi\\20200423_080048\\../Screenshots/iPhone 6/AHI/Pet Insurance/20200423_082315/5.png]]

2020-04-23 08:23:44 - [TEST_STEP][PASSED] - (internal.GlobalVariable.i++): null

2020-04-23 08:23:44 - [MESSAGE][PASSED] - Call Test Case 'Test Cases/AHI/_include/get_screenshot' successfully

2020-04-23 08:23:44 - [TEST_STEP][PASSED] - selenium.click("//label[@for='p-no']"): null

2020-04-23 08:23:44 - [TEST_STEP][PASSED] - for ([second = 0, second < 20, (second++)]): null

2020-04-23 08:23:44 - [TEST_STEP][PASSED] - try: null

2020-04-23 08:23:44 - [TEST_STEP][PASSED] - if (selenium.isElementPresent("id=applyCta")): null

2020-04-23 08:23:55 - [TEST_STEP][PASSED] - break: null

2020-04-23 08:23:55 - [TEST_STEP][PASSED] - callTestCase(findTestCase("AHI/_include/get_screenshot"), [:], STOP_ON_FAILURE): Call Test Case 'Test Cases/AHI/_include/get_screenshot' successfully

2020-04-23 08:23:55 - [TEST_CASE][PASSED] - Test Cases/AHI/_include/get_screenshot: Test Cases/AHI/_include/get_screenshot

2020-04-23 08:23:55 - [TEST_STEP][PASSED] - Thread.sleep(1000): null

2020-04-23 08:23:56 - [TEST_STEP][PASSED] - takeScreenshot(screenPath + i + ".png"): Taking screenshot successfully

2020-04-23 08:23:57 - [MESSAGE][PASSED] - Taking screenshot successfully
[[ATTACHMENT|D:\\Test\\AgileTest\\Reports\\AHI\\ahi\\20200423_080048\\../Screenshots/iPhone 6/AHI/Pet Insurance/20200423_082315/6.png]]

2020-04-23 08:23:57 - [TEST_STEP][PASSED] - (internal.GlobalVariable.i++): null

2020-04-23 08:23:57 - [MESSAGE][PASSED] - Call Test Case 'Test Cases/AHI/_include/get_screenshot' successfully

2020-04-23 08:23:57 - [TEST_STEP][PASSED] - selenium.click("id=applyCta"): null

2020-04-23 08:24:05 - [TEST_STEP][PASSED] - for ([second = 0, second < 20, (second++)]): null

2020-04-23 08:24:05 - [TEST_STEP][PASSED] - try: null

2020-04-23 08:24:05 - [TEST_STEP][PASSED] - if (selenium.isElementPresent("id=member-P-1-firstName")): null

2020-04-23 08:24:05 - [TEST_STEP][PASSED] - break: null

2020-04-23 08:24:05 - [TEST_STEP][PASSED] - callTestCase(findTestCase("AHI/_include/get_screenshot"), [:], STOP_ON_FAILURE): Call Test Case 'Test Cases/AHI/_include/get_screenshot' successfully

2020-04-23 08:24:06 - [TEST_CASE][PASSED] - Test Cases/AHI/_include/get_screenshot: Test Cases/AHI/_include/get_screenshot

2020-04-23 08:24:06 - [TEST_STEP][PASSED] - Thread.sleep(1000): null

2020-04-23 08:24:07 - [TEST_STEP][PASSED] - takeScreenshot(screenPath + i + ".png"): Taking screenshot successfully

2020-04-23 08:24:07 - [MESSAGE][PASSED] - Taking screenshot successfully
[[ATTACHMENT|D:\\Test\\AgileTest\\Reports\\AHI\\ahi\\20200423_080048\\../Screenshots/iPhone 6/AHI/Pet Insurance/20200423_082315/7.png]]

2020-04-23 08:24:07 - [TEST_STEP][PASSED] - (internal.GlobalVariable.i++): null

2020-04-23 08:24:07 - [MESSAGE][PASSED] - Call Test Case 'Test Cases/AHI/_include/get_screenshot' successfully

2020-04-23 08:24:07 - [TEST_STEP][PASSED] - callTestCase(findTestCase("AHI/_include/name"), [:], STOP_ON_FAILURE): Call Test Case 'Test Cases/AHI/_include/name' successfully

2020-04-23 08:24:07 - [TEST_CASE][PASSED] - Test Cases/AHI/_include/name: Test Cases/AHI/_include/name

2020-04-23 08:24:07 - [TEST_STEP][PASSED] - driver = getWebDriver(): null

2020-04-23 08:24:07 - [TEST_STEP][PASSED] - selenium = new com.thoughtworks.selenium.webdriven.WebDriverBackedSelenium(driver, internal.GlobalVariable.ENV): null

2020-04-23 08:24:07 - [TEST_STEP][PASSED] - FirstName = "Test-123": null

2020-04-23 08:24:07 - [TEST_STEP][PASSED] - LastName = selenium.getEval("{var x="ABCDEFGHIJKLMNOPQRSTUVWXYZabcdefghijklmnopqrstuvwxyz"; var tmp="ZZ11-"; for (i=0;i<8;i++) tmp+=x.charAt(Math.ceil(51*Math.random()));tmp;}"): null

2020-04-23 08:24:07 - [TEST_STEP][PASSED] - Address = selenium.getEval("{var x="ABCDEFGHIJKLMNOPQRSTUVWXYZabcdefghijklmnopqrstuvwxyz"; var tmp=""; for (i=0;i<8;i++) tmp+=x.charAt(Math.ceil(51*Math.random()));tmp;}"): null

2020-04-23 08:24:07 - [TEST_STEP][PASSED] - City = selenium.getEval("{var x="ABCDEFGHIJKLMNOPQRSTUVWXYZabcdefghijklmnopqrstuvwxyz"; var tmp=""; for (i=0;i<8;i++) tmp+=x.charAt(Math.ceil(51*Math.random()));tmp;}"): null

2020-04-23 08:24:07 - [TEST_STEP][PASSED] - tel1 = selenium.getEval("{var x="123456789"; var tmp=""; for (i=0;i<3;i++) tmp+=x.charAt(Math.ceil(8*Math.random()));tmp;}"): null

2020-04-23 08:24:07 - [TEST_STEP][PASSED] - tel2 = selenium.getEval("{var x="123456789"; var tmp=""; for (i=0;i<3;i++) tmp+=x.charAt(Math.ceil(8*Math.random()));tmp;}"): null

2020-04-23 08:24:07 - [TEST_STEP][PASSED] - tel3 = selenium.getEval("{var x="123456789"; var tmp=""; for (i=0;i<4;i++) tmp+=x.charAt(Math.ceil(8*Math.random()));tmp;}"): null

2020-04-23 08:24:07 - [TEST_STEP][PASSED] - Tel = selenium.getExpression(tel1 + "-" + tel2 + "-" + tel3): null

2020-04-23 08:24:07 - [TEST_STEP][PASSED] - AutoEmail = selenium.getEval("{var x="ABCDEFGHIJKLMNOPQRSTUVWXYZabcdefghijklmnopqrstuvwxyz"; var tmp="test."; for (i=0;i<8;i++) tmp+=x.charAt(Math.ceil(51*Math.random()));tmp+="@suryani.cn";}"): null

2020-04-23 08:24:07 - [TEST_STEP][PASSED] - FirstName = FirstName: null

2020-04-23 08:24:07 - [TEST_STEP][PASSED] - LastName = LastName: null

2020-04-23 08:24:07 - [TEST_STEP][PASSED] - Address = Address: null

2020-04-23 08:24:07 - [TEST_STEP][PASSED] - City = City: null

2020-04-23 08:24:07 - [TEST_STEP][PASSED] - Tel = Tel: null

2020-04-23 08:24:07 - [TEST_STEP][PASSED] - AutoEmail = AutoEmail: null

2020-04-23 08:24:07 - [TEST_STEP][PASSED] - println(FirstName): null

2020-04-23 08:24:07 - [TEST_STEP][PASSED] - println(LastName): null

2020-04-23 08:24:07 - [TEST_STEP][PASSED] - println(Address): null

2020-04-23 08:24:07 - [TEST_STEP][PASSED] - println(City): null

2020-04-23 08:24:07 - [TEST_STEP][PASSED] - println(Tel): null

2020-04-23 08:24:07 - [TEST_STEP][PASSED] - println(AutoEmail): null

2020-04-23 08:24:07 - [MESSAGE][PASSED] - Call Test Case 'Test Cases/AHI/_include/name' successfully

2020-04-23 08:24:07 - [TEST_STEP][PASSED] - selenium.type("id=member-P-1-firstName", FirstName): null

2020-04-23 08:24:07 - [TEST_STEP][PASSED] - selenium.type("id=member-P-1-lastName", LastName): null

2020-04-23 08:24:07 - [TEST_STEP][PASSED] - selenium.type("id=address", Address): null

2020-04-23 08:24:07 - [TEST_STEP][PASSED] - selenium.type("id=city", City): null

2020-04-23 08:24:07 - [TEST_STEP][PASSED] - selenium.type("id=email", AutoEmail): null

2020-04-23 08:24:07 - [TEST_STEP][PASSED] - selenium.type("id=primaryPhone", Tel): null

2020-04-23 08:24:08 - [TEST_STEP][PASSED] - selenium.click("id=pet-veterinary-clinic-flag"): null

2020-04-23 08:24:08 - [TEST_STEP][PASSED] - Thread.sleep(2000): null

2020-04-23 08:24:10 - [TEST_STEP][PASSED] - selenium.click("id=js-app-continue-link"): null

2020-04-23 08:24:10 - [TEST_STEP][PASSED] - for ([second = 0, second < 20, (second++)]): null

2020-04-23 08:24:10 - [TEST_STEP][PASSED] - try: null

2020-04-23 08:24:10 - [TEST_STEP][PASSED] - if (selenium.isElementPresent("id=credit-card-number")): null

2020-04-23 08:24:10 - [TEST_STEP][PASSED] - Thread.sleep(1000): null

2020-04-23 08:24:11 - [TEST_STEP][PASSED] - try: null

2020-04-23 08:24:11 - [TEST_STEP][PASSED] - if (selenium.isElementPresent("id=credit-card-number")): null

2020-04-23 08:24:11 - [TEST_STEP][PASSED] - break: null

2020-04-23 08:24:11 - [TEST_STEP][PASSED] - callTestCase(findTestCase("AHI/_include/get_screenshot"), [:], STOP_ON_FAILURE): Call Test Case 'Test Cases/AHI/_include/get_screenshot' successfully

2020-04-23 08:24:11 - [TEST_CASE][PASSED] - Test Cases/AHI/_include/get_screenshot: Test Cases/AHI/_include/get_screenshot

2020-04-23 08:24:11 - [TEST_STEP][PASSED] - Thread.sleep(1000): null

2020-04-23 08:24:12 - [TEST_STEP][PASSED] - takeScreenshot(screenPath + i + ".png"): Taking screenshot successfully

2020-04-23 08:24:12 - [MESSAGE][PASSED] - Taking screenshot successfully
[[ATTACHMENT|D:\\Test\\AgileTest\\Reports\\AHI\\ahi\\20200423_080048\\../Screenshots/iPhone 6/AHI/Pet Insurance/20200423_082315/8.png]]

2020-04-23 08:24:12 - [TEST_STEP][PASSED] - (internal.GlobalVariable.i++): null

2020-04-23 08:24:12 - [MESSAGE][PASSED] - Call Test Case 'Test Cases/AHI/_include/get_screenshot' successfully

2020-04-23 08:24:12 - [TEST_STEP][PASSED] - selenium.type("id=credit-card-number", "4111111111111111"): null

2020-04-23 08:24:12 - [TEST_STEP][PASSED] - selenium.type("id=credit-card-first", "test"): null

2020-04-23 08:24:13 - [TEST_STEP][PASSED] - selenium.type("id=credit-card-last", "test"): null

2020-04-23 08:24:13 - [TEST_STEP][PASSED] - selenium.select("id=expiration-month", "12"): null

2020-04-23 08:24:13 - [TEST_STEP][PASSED] - selenium.select("id=expiration-year", "2026"): null

2020-04-23 08:24:13 - [TEST_STEP][PASSED] - selenium.type("id=credit-card-cvv", "123"): null

2020-04-23 08:24:13 - [TEST_STEP][PASSED] - selenium.type("id=credit-card-number", "4111111111111111"): null

2020-04-23 08:24:13 - [TEST_STEP][PASSED] - selenium.click("id=js-same-billing"): null

2020-04-23 08:24:13 - [TEST_STEP][PASSED] - selenium.click("id=credit-payment-authorization"): null

2020-04-23 08:24:13 - [TEST_STEP][PASSED] - selenium.click("id=js-app-continue-link"): null

2020-04-23 08:24:13 - [TEST_STEP][PASSED] - for ([second = 0, second < 20, (second++)]): null

2020-04-23 08:24:13 - [TEST_STEP][PASSED] - try: null

2020-04-23 08:24:13 - [TEST_STEP][PASSED] - if (selenium.isElementPresent("id=consent-checkbox-0")): null

2020-04-23 08:24:13 - [TEST_STEP][PASSED] - Thread.sleep(1000): null

2020-04-23 08:24:14 - [TEST_STEP][PASSED] - try: null

2020-04-23 08:24:14 - [TEST_STEP][PASSED] - if (selenium.isElementPresent("id=consent-checkbox-0")): null

2020-04-23 08:24:14 - [TEST_STEP][PASSED] - Thread.sleep(1000): null

2020-04-23 08:24:15 - [TEST_STEP][PASSED] - try: null

2020-04-23 08:24:15 - [TEST_STEP][PASSED] - if (selenium.isElementPresent("id=consent-checkbox-0")): null

2020-04-23 08:24:16 - [TEST_STEP][PASSED] - break: null

2020-04-23 08:24:16 - [TEST_STEP][PASSED] - callTestCase(findTestCase("AHI/_include/get_screenshot"), [:], STOP_ON_FAILURE): Call Test Case 'Test Cases/AHI/_include/get_screenshot' successfully

2020-04-23 08:24:16 - [TEST_CASE][PASSED] - Test Cases/AHI/_include/get_screenshot: Test Cases/AHI/_include/get_screenshot

2020-04-23 08:24:16 - [TEST_STEP][PASSED] - Thread.sleep(1000): null

2020-04-23 08:24:17 - [TEST_STEP][PASSED] - takeScreenshot(screenPath + i + ".png"): Taking screenshot successfully

2020-04-23 08:24:17 - [MESSAGE][PASSED] - Taking screenshot successfully
[[ATTACHMENT|D:\\Test\\AgileTest\\Reports\\AHI\\ahi\\20200423_080048\\../Screenshots/iPhone 6/AHI/Pet Insurance/20200423_082315/9.png]]

2020-04-23 08:24:17 - [TEST_STEP][PASSED] - (internal.GlobalVariable.i++): null

2020-04-23 08:24:17 - [MESSAGE][PASSED] - Call Test Case 'Test Cases/AHI/_include/get_screenshot' successfully

2020-04-23 08:24:17 - [TEST_STEP][PASSED] - selenium.click("id=consent-checkbox-0"): null

2020-04-23 08:24:17 - [TEST_STEP][PASSED] - selenium.click("id=consent-checkbox-1"): null

2020-04-23 08:24:17 - [TEST_STEP][PASSED] - selenium.click("id=consent-checkbox-2"): null

2020-04-23 08:24:17 - [TEST_STEP][PASSED] - selenium.click("id=consent-checkbox-3"): null

2020-04-23 08:24:17 - [TEST_STEP][PASSED] - selenium.click("id=js-signature-tab"): null

2020-04-23 08:24:17 - [TEST_STEP][PASSED] - selenium.click("id=js-app-continue-link"): null

2020-04-23 08:24:18 - [TEST_STEP][PASSED] - for ([second = 0, second < 30, (second++)]): null

2020-04-23 08:24:18 - [TEST_STEP][PASSED] - try: null

2020-04-23 08:24:18 - [TEST_STEP][PASSED] - if (selenium.isElementPresent("xpath=//h2[contains(text(),'Thank You')]")): null

2020-04-23 08:24:18 - [TEST_STEP][PASSED] - Thread.sleep(1000): null

2020-04-23 08:24:19 - [TEST_STEP][PASSED] - try: null

2020-04-23 08:24:19 - [TEST_STEP][PASSED] - if (selenium.isElementPresent("xpath=//h2[contains(text(),'Thank You')]")): null

2020-04-23 08:24:19 - [TEST_STEP][PASSED] - Thread.sleep(1000): null

2020-04-23 08:24:20 - [TEST_STEP][PASSED] - try: null

2020-04-23 08:24:20 - [TEST_STEP][PASSED] - if (selenium.isElementPresent("xpath=//h2[contains(text(),'Thank You')]")): null

2020-04-23 08:24:20 - [TEST_STEP][PASSED] - Thread.sleep(1000): null

2020-04-23 08:24:21 - [TEST_STEP][PASSED] - try: null

2020-04-23 08:24:21 - [TEST_STEP][PASSED] - if (selenium.isElementPresent("xpath=//h2[contains(text(),'Thank You')]")): null

2020-04-23 08:24:21 - [TEST_STEP][PASSED] - Thread.sleep(1000): null

2020-04-23 08:24:22 - [TEST_STEP][PASSED] - try: null

2020-04-23 08:24:22 - [TEST_STEP][PASSED] - if (selenium.isElementPresent("xpath=//h2[contains(text(),'Thank You')]")): null

2020-04-23 08:24:22 - [TEST_STEP][PASSED] - Thread.sleep(1000): null

2020-04-23 08:24:23 - [TEST_STEP][PASSED] - try: null

2020-04-23 08:24:23 - [TEST_STEP][PASSED] - if (selenium.isElementPresent("xpath=//h2[contains(text(),'Thank You')]")): null

2020-04-23 08:24:23 - [TEST_STEP][PASSED] - Thread.sleep(1000): null

2020-04-23 08:24:24 - [TEST_STEP][PASSED] - try: null

2020-04-23 08:24:24 - [TEST_STEP][PASSED] - if (selenium.isElementPresent("xpath=//h2[contains(text(),'Thank You')]")): null

2020-04-23 08:24:24 - [TEST_STEP][PASSED] - Thread.sleep(1000): null

2020-04-23 08:24:25 - [TEST_STEP][PASSED] - try: null

2020-04-23 08:24:25 - [TEST_STEP][PASSED] - if (selenium.isElementPresent("xpath=//h2[contains(text(),'Thank You')]")): null

2020-04-23 08:24:25 - [TEST_STEP][PASSED] - Thread.sleep(1000): null

2020-04-23 08:24:26 - [TEST_STEP][PASSED] - try: null

2020-04-23 08:24:26 - [TEST_STEP][PASSED] - if (selenium.isElementPresent("xpath=//h2[contains(text(),'Thank You')]")): null

2020-04-23 08:24:26 - [TEST_STEP][PASSED] - Thread.sleep(1000): null

2020-04-23 08:24:27 - [TEST_STEP][PASSED] - try: null

2020-04-23 08:24:27 - [TEST_STEP][PASSED] - if (selenium.isElementPresent("xpath=//h2[contains(text(),'Thank You')]")): null

2020-04-23 08:24:28 - [TEST_STEP][PASSED] - Thread.sleep(1000): null

2020-04-23 08:24:29 - [TEST_STEP][PASSED] - try: null

2020-04-23 08:24:29 - [TEST_STEP][PASSED] - if (selenium.isElementPresent("xpath=//h2[contains(text(),'Thank You')]")): null

2020-04-23 08:24:29 - [TEST_STEP][PASSED] - Thread.sleep(1000): null

2020-04-23 08:24:30 - [TEST_STEP][PASSED] - try: null

2020-04-23 08:24:30 - [TEST_STEP][PASSED] - if (selenium.isElementPresent("xpath=//h2[contains(text(),'Thank You')]")): null

2020-04-23 08:24:30 - [TEST_STEP][PASSED] - Thread.sleep(1000): null

2020-04-23 08:24:31 - [TEST_STEP][PASSED] - try: null

2020-04-23 08:24:31 - [TEST_STEP][PASSED] - if (selenium.isElementPresent("xpath=//h2[contains(text(),'Thank You')]")): null

2020-04-23 08:24:31 - [TEST_STEP][PASSED] - Thread.sleep(1000): null

2020-04-23 08:24:32 - [TEST_STEP][PASSED] - try: null

2020-04-23 08:24:32 - [TEST_STEP][PASSED] - if (selenium.isElementPresent("xpath=//h2[contains(text(),'Thank You')]")): null

2020-04-23 08:24:32 - [TEST_STEP][PASSED] - Thread.sleep(1000): null

2020-04-23 08:24:33 - [TEST_STEP][PASSED] - try: null

2020-04-23 08:24:33 - [TEST_STEP][PASSED] - if (selenium.isElementPresent("xpath=//h2[contains(text(),'Thank You')]")): null

2020-04-23 08:24:33 - [TEST_STEP][PASSED] - Thread.sleep(1000): null

2020-04-23 08:24:34 - [TEST_STEP][PASSED] - try: null

2020-04-23 08:24:34 - [TEST_STEP][PASSED] - if (selenium.isElementPresent("xpath=//h2[contains(text(),'Thank You')]")): null

2020-04-23 08:24:34 - [TEST_STEP][PASSED] - Thread.sleep(1000): null

2020-04-23 08:24:35 - [TEST_STEP][PASSED] - try: null

2020-04-23 08:24:35 - [TEST_STEP][PASSED] - if (selenium.isElementPresent("xpath=//h2[contains(text(),'Thank You')]")): null

2020-04-23 08:24:35 - [TEST_STEP][PASSED] - Thread.sleep(1000): null

2020-04-23 08:24:36 - [TEST_STEP][PASSED] - try: null

2020-04-23 08:24:36 - [TEST_STEP][PASSED] - if (selenium.isElementPresent("xpath=//h2[contains(text(),'Thank You')]")): null

2020-04-23 08:24:36 - [TEST_STEP][PASSED] - Thread.sleep(1000): null

2020-04-23 08:24:37 - [TEST_STEP][PASSED] - try: null

2020-04-23 08:24:37 - [TEST_STEP][PASSED] - if (selenium.isElementPresent("xpath=//h2[contains(text(),'Thank You')]")): null

2020-04-23 08:24:37 - [TEST_STEP][PASSED] - Thread.sleep(1000): null

2020-04-23 08:24:38 - [TEST_STEP][PASSED] - try: null

2020-04-23 08:24:38 - [TEST_STEP][PASSED] - if (selenium.isElementPresent("xpath=//h2[contains(text(),'Thank You')]")): null

2020-04-23 08:24:38 - [TEST_STEP][PASSED] - Thread.sleep(1000): null

2020-04-23 08:24:39 - [TEST_STEP][PASSED] - try: null

2020-04-23 08:24:39 - [TEST_STEP][PASSED] - if (selenium.isElementPresent("xpath=//h2[contains(text(),'Thank You')]")): null

2020-04-23 08:24:39 - [TEST_STEP][PASSED] - Thread.sleep(1000): null

2020-04-23 08:24:40 - [TEST_STEP][PASSED] - try: null

2020-04-23 08:24:40 - [TEST_STEP][PASSED] - if (selenium.isElementPresent("xpath=//h2[contains(text(),'Thank You')]")): null

2020-04-23 08:24:40 - [TEST_STEP][PASSED] - Thread.sleep(1000): null

2020-04-23 08:24:41 - [TEST_STEP][PASSED] - try: null

2020-04-23 08:24:41 - [TEST_STEP][PASSED] - if (selenium.isElementPresent("xpath=//h2[contains(text(),'Thank You')]")): null

2020-04-23 08:24:41 - [TEST_STEP][PASSED] - Thread.sleep(1000): null

2020-04-23 08:24:42 - [TEST_STEP][PASSED] - try: null

2020-04-23 08:24:42 - [TEST_STEP][PASSED] - if (selenium.isElementPresent("xpath=//h2[contains(text(),'Thank You')]")): null

2020-04-23 08:24:42 - [TEST_STEP][PASSED] - Thread.sleep(1000): null

2020-04-23 08:24:43 - [TEST_STEP][PASSED] - try: null

2020-04-23 08:24:43 - [TEST_STEP][PASSED] - if (selenium.isElementPresent("xpath=//h2[contains(text(),'Thank You')]")): null

2020-04-23 08:24:43 - [TEST_STEP][PASSED] - Thread.sleep(1000): null

2020-04-23 08:24:44 - [TEST_STEP][PASSED] - try: null

2020-04-23 08:24:44 - [TEST_STEP][PASSED] - if (selenium.isElementPresent("xpath=//h2[contains(text(),'Thank You')]")): null

2020-04-23 08:24:44 - [TEST_STEP][PASSED] - Thread.sleep(1000): null

2020-04-23 08:24:45 - [TEST_STEP][PASSED] - try: null

2020-04-23 08:24:45 - [TEST_STEP][PASSED] - if (selenium.isElementPresent("xpath=//h2[contains(text(),'Thank You')]")): null

2020-04-23 08:24:45 - [TEST_STEP][PASSED] - Thread.sleep(1000): null

2020-04-23 08:24:46 - [TEST_STEP][PASSED] - try: null

2020-04-23 08:24:46 - [TEST_STEP][PASSED] - if (selenium.isElementPresent("xpath=//h2[contains(text(),'Thank You')]")): null

2020-04-23 08:24:46 - [TEST_STEP][PASSED] - Thread.sleep(1000): null

2020-04-23 08:24:47 - [TEST_STEP][PASSED] - try: null

2020-04-23 08:24:47 - [TEST_STEP][PASSED] - if (selenium.isElementPresent("xpath=//h2[contains(text(),'Thank You')]")): null

2020-04-23 08:24:47 - [TEST_STEP][PASSED] - Thread.sleep(1000): null

2020-04-23 08:24:48 - [TEST_STEP][PASSED] - try: null

2020-04-23 08:24:48 - [TEST_STEP][PASSED] - if (selenium.isElementPresent("xpath=//h2[contains(text(),'Thank You')]")): null

2020-04-23 08:24:48 - [TEST_STEP][PASSED] - Thread.sleep(1000): null

2020-04-23 08:24:49 - [TEST_STEP][PASSED] - callTestCase(findTestCase("AHI/_include/get_screenshot"), [:], STOP_ON_FAILURE): Call Test Case 'Test Cases/AHI/_include/get_screenshot' successfully

2020-04-23 08:24:49 - [TEST_CASE][PASSED] - Test Cases/AHI/_include/get_screenshot: Test Cases/AHI/_include/get_screenshot

2020-04-23 08:24:49 - [TEST_STEP][PASSED] - Thread.sleep(1000): null

2020-04-23 08:24:50 - [TEST_STEP][PASSED] - takeScreenshot(screenPath + i + ".png"): Taking screenshot successfully

2020-04-23 08:24:50 - [MESSAGE][PASSED] - Taking screenshot successfully
[[ATTACHMENT|D:\\Test\\AgileTest\\Reports\\AHI\\ahi\\20200423_080048\\../Screenshots/iPhone 6/AHI/Pet Insurance/20200423_082315/10.png]]

2020-04-23 08:24:50 - [TEST_STEP][PASSED] - (internal.GlobalVariable.i++): null

2020-04-23 08:24:50 - [MESSAGE][PASSED] - Call Test Case 'Test Cases/AHI/_include/get_screenshot' successfully]]></system-out>
         <system-err><![CDATA[]]></system-err>
      </testcase>
      <testcase name="Test Cases/AHI/NEW/STM" classname="Test Cases/AHI/NEW/STM" status="PASSED">
         <system-out><![CDATA[2020-04-23 08:24:50 - [TEST_CASE][PASSED] - Test Cases/AHI/NEW/STM: Test Cases/AHI/NEW/STM

2020-04-23 08:24:51 - [TEST_STEP][PASSED] - callTestCase(findTestCase("AHI/_include/get_screenPath"), ["productLine":"AHI", "carrierName":"STM"], CONTINUE_ON_FAILURE): Call Test Case 'Test Cases/AHI/_include/get_screenPath' successfully

2020-04-23 08:24:51 - [TEST_CASE][PASSED] - Test Cases/AHI/_include/get_screenPath: Test Cases/AHI/_include/get_screenPath

2020-04-23 08:24:51 - [TEST_STEP][PASSED] - m = getExecutionProperties(): null

2020-04-23 08:24:51 - [TEST_STEP][PASSED] - deviceName = get("mobileEmulation").get("deviceName"): null

2020-04-23 08:24:51 - [TEST_STEP][PASSED] - println(deviceName): null

2020-04-23 08:24:51 - [TEST_STEP][PASSED] - now = new java.util.Date(): null

2020-04-23 08:24:51 - [TEST_STEP][PASSED] - mydate = now.format("yyyyMMdd_HHmmss"): null

2020-04-23 08:24:51 - [TEST_STEP][PASSED] - screenPath = "../Screenshots/": null

2020-04-23 08:24:51 - [TEST_STEP][PASSED] - screenPath = screenPath + deviceName + "/" + productLine + "/" + carrierName + "/" + mydate + "/": null

2020-04-23 08:24:51 - [TEST_STEP][PASSED] - println(screenPath): null

2020-04-23 08:24:51 - [MESSAGE][PASSED] - Call Test Case 'Test Cases/AHI/_include/get_screenPath' successfully

2020-04-23 08:24:51 - [TEST_STEP][PASSED] - i = 0: null

2020-04-23 08:24:51 - [TEST_STEP][PASSED] - callTestCase(findTestCase("AHI/_include/openWebSite"), [:], CONTINUE_ON_FAILURE): Call Test Case 'Test Cases/AHI/_include/openWebSite' successfully

2020-04-23 08:24:51 - [TEST_CASE][PASSED] - Test Cases/AHI/_include/openWebSite: Test Cases/AHI/_include/openWebSite

2020-04-23 08:24:51 - [TEST_STEP][PASSED] - openBrowser(env): Browser is opened with url: 'https://praetemptatus.agilehealthinsurance.com'

2020-04-23 08:24:51 - [MESSAGE][WARNING] - A browser is already opened. Closing browser and opening a new one

2020-04-23 08:24:52 - [MESSAGE][INFO] - Starting 'Chrome' driver

2020-04-23 08:24:52 - [MESSAGE][INFO] - User set preference: ['mobileEmulation', '{deviceName=iPhone 6}']

2020-04-23 08:24:52 - [MESSAGE][INFO] - User set preference: ['args', '[--incognito, --aggressive-cache-discard, --window-size=375,677, --no-sandbox, --ignore-certificate-errors]']

2020-04-23 08:25:06 - [MESSAGE][PASSED] - Browser is opened with url: 'https://praetemptatus.agilehealthinsurance.com'

2020-04-23 08:25:06 - [TEST_STEP][PASSED] - waitForPageLoad(20): Wait for page load successfully

2020-04-23 08:25:06 - [MESSAGE][PASSED] - Wait for page load successfully

2020-04-23 08:25:06 - [TEST_STEP][PASSED] - callTestCase(findTestCase("AHI/_include/get_screenshot"), [:], STOP_ON_FAILURE): Call Test Case 'Test Cases/AHI/_include/get_screenshot' successfully

2020-04-23 08:25:06 - [TEST_CASE][PASSED] - Test Cases/AHI/_include/get_screenshot: Test Cases/AHI/_include/get_screenshot

2020-04-23 08:25:06 - [TEST_STEP][PASSED] - Thread.sleep(1000): null

2020-04-23 08:25:07 - [TEST_STEP][PASSED] - takeScreenshot(screenPath + i + ".png"): Taking screenshot successfully

2020-04-23 08:25:08 - [MESSAGE][PASSED] - Taking screenshot successfully
[[ATTACHMENT|D:\\Test\\AgileTest\\Reports\\AHI\\ahi\\20200423_080048\\../Screenshots/iPhone 6/AHI/STM/20200423_082451/0.png]]

2020-04-23 08:25:08 - [TEST_STEP][PASSED] - (internal.GlobalVariable.i++): null

2020-04-23 08:25:08 - [MESSAGE][PASSED] - Call Test Case 'Test Cases/AHI/_include/get_screenshot' successfully

2020-04-23 08:25:08 - [MESSAGE][PASSED] - Call Test Case 'Test Cases/AHI/_include/openWebSite' successfully

2020-04-23 08:25:08 - [TEST_STEP][PASSED] - driver = getWebDriver(): null

2020-04-23 08:25:08 - [TEST_STEP][PASSED] - baseUrl = ENV: null

2020-04-23 08:25:08 - [TEST_STEP][PASSED] - selenium = new com.thoughtworks.selenium.webdriven.WebDriverBackedSelenium(driver, baseUrl): null

2020-04-23 08:25:08 - [TEST_STEP][PASSED] - selenium.click("//*[@class='filter-option-inner-inner']"): null

2020-04-23 08:25:08 - [TEST_STEP][PASSED] - selenium.click("id=bs-select-1-6"): null

2020-04-23 08:25:08 - [TEST_STEP][PASSED] - selenium.click("id=primaryCTA"): null

2020-04-23 08:25:15 - [TEST_STEP][PASSED] - for ([second = 0, second < 10, (second++)]): null

2020-04-23 08:25:15 - [TEST_STEP][PASSED] - try: null

2020-04-23 08:25:15 - [TEST_STEP][PASSED] - if (selenium.isElementPresent("id=js-traffic-to-aiq")): null

2020-04-23 08:25:16 - [TEST_STEP][PASSED] - break: null

2020-04-23 08:25:16 - [TEST_STEP][PASSED] - callTestCase(findTestCase("AHI/_include/get_screenshot"), [:], STOP_ON_FAILURE): Call Test Case 'Test Cases/AHI/_include/get_screenshot' successfully

2020-04-23 08:25:16 - [TEST_CASE][PASSED] - Test Cases/AHI/_include/get_screenshot: Test Cases/AHI/_include/get_screenshot

2020-04-23 08:25:16 - [TEST_STEP][PASSED] - Thread.sleep(1000): null

2020-04-23 08:25:17 - [TEST_STEP][PASSED] - takeScreenshot(screenPath + i + ".png"): Taking screenshot successfully

2020-04-23 08:25:17 - [MESSAGE][PASSED] - Taking screenshot successfully
[[ATTACHMENT|D:\\Test\\AgileTest\\Reports\\AHI\\ahi\\20200423_080048\\../Screenshots/iPhone 6/AHI/STM/20200423_082451/1.png]]

2020-04-23 08:25:17 - [TEST_STEP][PASSED] - (internal.GlobalVariable.i++): null

2020-04-23 08:25:17 - [MESSAGE][PASSED] - Call Test Case 'Test Cases/AHI/_include/get_screenshot' successfully

2020-04-23 08:25:17 - [TEST_STEP][PASSED] - url = selenium.getAttribute("xpath=(//a[@id='js-traffic-to-aiq'])@href"): null

2020-04-23 08:25:17 - [TEST_STEP][PASSED] - navigateToUrl(url): Navigate to 'https://healthinsurance.net/health?utm_source=hiiq&utm_medium=cpm&utm_campaign=agile' successfully

2020-04-23 08:25:58 - [MESSAGE][PASSED] - Navigate to 'https://healthinsurance.net/health?utm_source=hiiq&utm_medium=cpm&utm_campaign=agile' successfully

2020-04-23 08:25:58 - [TEST_STEP][PASSED] - waitForPageLoad(10): Wait for page load successfully

2020-04-23 08:25:58 - [MESSAGE][PASSED] - Wait for page load successfully

2020-04-23 08:25:58 - [TEST_STEP][PASSED] - callTestCase(findTestCase("AHI/_include/get_screenshot"), [:], STOP_ON_FAILURE): Call Test Case 'Test Cases/AHI/_include/get_screenshot' successfully

2020-04-23 08:25:59 - [TEST_CASE][PASSED] - Test Cases/AHI/_include/get_screenshot: Test Cases/AHI/_include/get_screenshot

2020-04-23 08:25:59 - [TEST_STEP][PASSED] - Thread.sleep(1000): null

2020-04-23 08:26:00 - [TEST_STEP][PASSED] - takeScreenshot(screenPath + i + ".png"): Taking screenshot successfully

2020-04-23 08:26:00 - [MESSAGE][PASSED] - Taking screenshot successfully
[[ATTACHMENT|D:\\Test\\AgileTest\\Reports\\AHI\\ahi\\20200423_080048\\../Screenshots/iPhone 6/AHI/STM/20200423_082451/2.png]]

2020-04-23 08:26:00 - [TEST_STEP][PASSED] - (internal.GlobalVariable.i++): null

2020-04-23 08:26:00 - [MESSAGE][PASSED] - Call Test Case 'Test Cases/AHI/_include/get_screenshot' successfully]]></system-out>
         <system-err><![CDATA[]]></system-err>
      </testcase>
      <testcase name="Test Cases/AHI/NEW/Teladoc" classname="Test Cases/AHI/NEW/Teladoc" status="PASSED">
         <system-out><![CDATA[2020-04-23 08:26:00 - [TEST_CASE][PASSED] - Test Cases/AHI/NEW/Teladoc: Test Cases/AHI/NEW/Teladoc

2020-04-23 08:26:00 - [TEST_STEP][PASSED] - callTestCase(findTestCase("AHI/_include/get_screenPath"), ["productLine":"AHI", "carrierName":"Teladoc"], CONTINUE_ON_FAILURE): Call Test Case 'Test Cases/AHI/_include/get_screenPath' successfully

2020-04-23 08:26:00 - [TEST_CASE][PASSED] - Test Cases/AHI/_include/get_screenPath: Test Cases/AHI/_include/get_screenPath

2020-04-23 08:26:00 - [TEST_STEP][PASSED] - m = getExecutionProperties(): null

2020-04-23 08:26:00 - [TEST_STEP][PASSED] - deviceName = get("mobileEmulation").get("deviceName"): null

2020-04-23 08:26:00 - [TEST_STEP][PASSED] - println(deviceName): null

2020-04-23 08:26:00 - [TEST_STEP][PASSED] - now = new java.util.Date(): null

2020-04-23 08:26:00 - [TEST_STEP][PASSED] - mydate = now.format("yyyyMMdd_HHmmss"): null

2020-04-23 08:26:00 - [TEST_STEP][PASSED] - screenPath = "../Screenshots/": null

2020-04-23 08:26:00 - [TEST_STEP][PASSED] - screenPath = screenPath + deviceName + "/" + productLine + "/" + carrierName + "/" + mydate + "/": null

2020-04-23 08:26:00 - [TEST_STEP][PASSED] - println(screenPath): null

2020-04-23 08:26:00 - [MESSAGE][PASSED] - Call Test Case 'Test Cases/AHI/_include/get_screenPath' successfully

2020-04-23 08:26:00 - [TEST_STEP][PASSED] - i = 0: null

2020-04-23 08:26:00 - [TEST_STEP][PASSED] - callTestCase(findTestCase("AHI/_include/openWebSite"), [:], STOP_ON_FAILURE): Call Test Case 'Test Cases/AHI/_include/openWebSite' successfully

2020-04-23 08:26:00 - [TEST_CASE][PASSED] - Test Cases/AHI/_include/openWebSite: Test Cases/AHI/_include/openWebSite

2020-04-23 08:26:00 - [TEST_STEP][PASSED] - openBrowser(env): Browser is opened with url: 'https://praetemptatus.agilehealthinsurance.com'

2020-04-23 08:26:00 - [MESSAGE][WARNING] - A browser is already opened. Closing browser and opening a new one

2020-04-23 08:26:01 - [MESSAGE][INFO] - Starting 'Chrome' driver

2020-04-23 08:26:01 - [MESSAGE][INFO] - User set preference: ['mobileEmulation', '{deviceName=iPhone 6}']

2020-04-23 08:26:01 - [MESSAGE][INFO] - User set preference: ['args', '[--incognito, --aggressive-cache-discard, --window-size=375,677, --no-sandbox, --ignore-certificate-errors]']

2020-04-23 08:26:16 - [MESSAGE][PASSED] - Browser is opened with url: 'https://praetemptatus.agilehealthinsurance.com'

2020-04-23 08:26:16 - [TEST_STEP][PASSED] - waitForPageLoad(20): Wait for page load successfully

2020-04-23 08:26:16 - [MESSAGE][PASSED] - Wait for page load successfully

2020-04-23 08:26:16 - [TEST_STEP][PASSED] - callTestCase(findTestCase("AHI/_include/get_screenshot"), [:], STOP_ON_FAILURE): Call Test Case 'Test Cases/AHI/_include/get_screenshot' successfully

2020-04-23 08:26:16 - [TEST_CASE][PASSED] - Test Cases/AHI/_include/get_screenshot: Test Cases/AHI/_include/get_screenshot

2020-04-23 08:26:16 - [TEST_STEP][PASSED] - Thread.sleep(1000): null

2020-04-23 08:26:17 - [TEST_STEP][PASSED] - takeScreenshot(screenPath + i + ".png"): Taking screenshot successfully

2020-04-23 08:26:18 - [MESSAGE][PASSED] - Taking screenshot successfully
[[ATTACHMENT|D:\\Test\\AgileTest\\Reports\\AHI\\ahi\\20200423_080048\\../Screenshots/iPhone 6/AHI/Teladoc/20200423_082600/0.png]]

2020-04-23 08:26:18 - [TEST_STEP][PASSED] - (internal.GlobalVariable.i++): null

2020-04-23 08:26:18 - [MESSAGE][PASSED] - Call Test Case 'Test Cases/AHI/_include/get_screenshot' successfully

2020-04-23 08:26:18 - [MESSAGE][PASSED] - Call Test Case 'Test Cases/AHI/_include/openWebSite' successfully

2020-04-23 08:26:18 - [TEST_STEP][PASSED] - driver = getWebDriver(): null

2020-04-23 08:26:18 - [TEST_STEP][PASSED] - baseUrl = ENV: null

2020-04-23 08:26:18 - [TEST_STEP][PASSED] - selenium = new com.thoughtworks.selenium.webdriven.WebDriverBackedSelenium(driver, baseUrl): null

2020-04-23 08:26:18 - [TEST_STEP][PASSED] - selenium.click("//*[@class='filter-option-inner-inner']"): null

2020-04-23 08:26:18 - [TEST_STEP][PASSED] - selenium.click("id=bs-select-1-7"): null

2020-04-23 08:26:18 - [TEST_STEP][PASSED] - selenium.click("id=primaryCTA"): null

2020-04-23 08:26:28 - [TEST_STEP][PASSED] - waitForElementVisible(findTestObject("mobileSanity/Teladoc/front_door_h1"), 20): Object 'Object Repository/mobileSanity/Teladoc/front_door_h1' is visible

2020-04-23 08:26:28 - [MESSAGE][PASSED] - Object 'Object Repository/mobileSanity/Teladoc/front_door_h1' is visible

2020-04-23 08:26:28 - [TEST_STEP][PASSED] - callTestCase(findTestCase("AHI/_include/get_screenshot"), [:], STOP_ON_FAILURE): Call Test Case 'Test Cases/AHI/_include/get_screenshot' successfully

2020-04-23 08:26:29 - [TEST_CASE][PASSED] - Test Cases/AHI/_include/get_screenshot: Test Cases/AHI/_include/get_screenshot

2020-04-23 08:26:29 - [TEST_STEP][PASSED] - Thread.sleep(1000): null

2020-04-23 08:26:30 - [TEST_STEP][PASSED] - takeScreenshot(screenPath + i + ".png"): Taking screenshot successfully

2020-04-23 08:26:30 - [MESSAGE][PASSED] - Taking screenshot successfully
[[ATTACHMENT|D:\\Test\\AgileTest\\Reports\\AHI\\ahi\\20200423_080048\\../Screenshots/iPhone 6/AHI/Teladoc/20200423_082600/1.png]]

2020-04-23 08:26:30 - [TEST_STEP][PASSED] - (internal.GlobalVariable.i++): null

2020-04-23 08:26:30 - [MESSAGE][PASSED] - Call Test Case 'Test Cases/AHI/_include/get_screenshot' successfully

2020-04-23 08:26:30 - [TEST_STEP][PASSED] - waitForElementVisible(findTestObject("mobileSanity/Teladoc/census/input_Location_zip-input"), 20): Object 'Object Repository/mobileSanity/Teladoc/census/input_Location_zip-input' is visible

2020-04-23 08:26:30 - [MESSAGE][PASSED] - Object 'Object Repository/mobileSanity/Teladoc/census/input_Location_zip-input' is visible

2020-04-23 08:26:30 - [TEST_STEP][PASSED] - sendKeys(findTestObject("mobileSanity/Teladoc/census/input_Location_zip-input"), "35215"): Keys '35215' sent to object: 'Object Repository/mobileSanity/Teladoc/census/input_Location_zip-input'

2020-04-23 08:26:30 - [MESSAGE][PASSED] - Keys '35215' sent to object: 'Object Repository/mobileSanity/Teladoc/census/input_Location_zip-input'

2020-04-23 08:26:30 - [TEST_STEP][PASSED] - Thread.sleep(500): null

2020-04-23 08:26:31 - [TEST_STEP][PASSED] - setText(findTestObject("mobileSanity/Teladoc/census/input_Date of Birth_dob-0"), "12121980"): Text '12121980' is set on object 'Object Repository/mobileSanity/Teladoc/census/input_Date of Birth_dob-0'

2020-04-23 08:26:31 - [MESSAGE][PASSED] - Text '12121980' is set on object 'Object Repository/mobileSanity/Teladoc/census/input_Date of Birth_dob-0'

2020-04-23 08:26:31 - [TEST_STEP][PASSED] - click(findTestObject("mobileSanity/Teladoc/census/label_Male")): Object: 'Object Repository/mobileSanity/Teladoc/census/label_Male' is clicked on

2020-04-23 08:26:31 - [MESSAGE][PASSED] - Object: 'Object Repository/mobileSanity/Teladoc/census/label_Male' is clicked on

2020-04-23 08:26:31 - [TEST_STEP][PASSED] - Thread.sleep(3000): null

2020-04-23 08:26:34 - [TEST_STEP][PASSED] - click(findTestObject("mobileSanity/Teladoc/census/get_a_quote")): Object: 'Object Repository/mobileSanity/Teladoc/census/get_a_quote' is clicked on

2020-04-23 08:26:47 - [MESSAGE][PASSED] - Object: 'Object Repository/mobileSanity/Teladoc/census/get_a_quote' is clicked on

2020-04-23 08:26:47 - [TEST_STEP][PASSED] - waitForElementVisible(findTestObject("mobileSanity/Teladoc/apply_button"), 20): Object 'Object Repository/mobileSanity/Teladoc/apply_button' is visible

2020-04-23 08:26:47 - [MESSAGE][PASSED] - Object 'Object Repository/mobileSanity/Teladoc/apply_button' is visible

2020-04-23 08:26:47 - [TEST_STEP][PASSED] - callTestCase(findTestCase("AHI/_include/get_screenshot"), [:], STOP_ON_FAILURE): Call Test Case 'Test Cases/AHI/_include/get_screenshot' successfully

2020-04-23 08:26:47 - [TEST_CASE][PASSED] - Test Cases/AHI/_include/get_screenshot: Test Cases/AHI/_include/get_screenshot

2020-04-23 08:26:47 - [TEST_STEP][PASSED] - Thread.sleep(1000): null

2020-04-23 08:26:48 - [TEST_STEP][PASSED] - takeScreenshot(screenPath + i + ".png"): Taking screenshot successfully

2020-04-23 08:26:48 - [MESSAGE][PASSED] - Taking screenshot successfully
[[ATTACHMENT|D:\\Test\\AgileTest\\Reports\\AHI\\ahi\\20200423_080048\\../Screenshots/iPhone 6/AHI/Teladoc/20200423_082600/2.png]]

2020-04-23 08:26:48 - [TEST_STEP][PASSED] - (internal.GlobalVariable.i++): null

2020-04-23 08:26:48 - [MESSAGE][PASSED] - Call Test Case 'Test Cases/AHI/_include/get_screenshot' successfully

2020-04-23 08:26:48 - [TEST_STEP][PASSED] - click(findTestObject("mobileSanity/Teladoc/apply_button")): Object: 'Object Repository/mobileSanity/Teladoc/apply_button' is clicked on

2020-04-23 08:26:59 - [MESSAGE][PASSED] - Object: 'Object Repository/mobileSanity/Teladoc/apply_button' is clicked on

2020-04-23 08:26:59 - [TEST_STEP][PASSED] - waitForPageLoad(20): Wait for page load successfully

2020-04-23 08:26:59 - [MESSAGE][PASSED] - Wait for page load successfully

2020-04-23 08:26:59 - [TEST_STEP][PASSED] - waitForElementPresent(findTestObject("mobileSanity/Teladoc/Page_App Page 1/input__member-P-1-firstName"), 20): Object 'Object Repository/mobileSanity/Teladoc/Page_App Page 1/input__member-P-1-firstName' is present

2020-04-23 08:27:00 - [MESSAGE][PASSED] - Object 'Object Repository/mobileSanity/Teladoc/Page_App Page 1/input__member-P-1-firstName' is present

2020-04-23 08:27:00 - [TEST_STEP][PASSED] - callTestCase(findTestCase("AHI/_include/get_screenshot"), [:], STOP_ON_FAILURE): Call Test Case 'Test Cases/AHI/_include/get_screenshot' successfully

2020-04-23 08:27:00 - [TEST_CASE][PASSED] - Test Cases/AHI/_include/get_screenshot: Test Cases/AHI/_include/get_screenshot

2020-04-23 08:27:00 - [TEST_STEP][PASSED] - Thread.sleep(1000): null

2020-04-23 08:27:01 - [TEST_STEP][PASSED] - takeScreenshot(screenPath + i + ".png"): Taking screenshot successfully

2020-04-23 08:27:01 - [MESSAGE][PASSED] - Taking screenshot successfully
[[ATTACHMENT|D:\\Test\\AgileTest\\Reports\\AHI\\ahi\\20200423_080048\\../Screenshots/iPhone 6/AHI/Teladoc/20200423_082600/3.png]]

2020-04-23 08:27:01 - [TEST_STEP][PASSED] - (internal.GlobalVariable.i++): null

2020-04-23 08:27:01 - [MESSAGE][PASSED] - Call Test Case 'Test Cases/AHI/_include/get_screenshot' successfully

2020-04-23 08:27:01 - [TEST_STEP][PASSED] - callTestCase(findTestCase("AHI/_include/name"), [:], STOP_ON_FAILURE): Call Test Case 'Test Cases/AHI/_include/name' successfully

2020-04-23 08:27:01 - [TEST_CASE][PASSED] - Test Cases/AHI/_include/name: Test Cases/AHI/_include/name

2020-04-23 08:27:01 - [TEST_STEP][PASSED] - driver = getWebDriver(): null

2020-04-23 08:27:01 - [TEST_STEP][PASSED] - selenium = new com.thoughtworks.selenium.webdriven.WebDriverBackedSelenium(driver, internal.GlobalVariable.ENV): null

2020-04-23 08:27:01 - [TEST_STEP][PASSED] - FirstName = "Test-123": null

2020-04-23 08:27:01 - [TEST_STEP][PASSED] - LastName = selenium.getEval("{var x="ABCDEFGHIJKLMNOPQRSTUVWXYZabcdefghijklmnopqrstuvwxyz"; var tmp="ZZ11-"; for (i=0;i<8;i++) tmp+=x.charAt(Math.ceil(51*Math.random()));tmp;}"): null

2020-04-23 08:27:01 - [TEST_STEP][PASSED] - Address = selenium.getEval("{var x="ABCDEFGHIJKLMNOPQRSTUVWXYZabcdefghijklmnopqrstuvwxyz"; var tmp=""; for (i=0;i<8;i++) tmp+=x.charAt(Math.ceil(51*Math.random()));tmp;}"): null

2020-04-23 08:27:01 - [TEST_STEP][PASSED] - City = selenium.getEval("{var x="ABCDEFGHIJKLMNOPQRSTUVWXYZabcdefghijklmnopqrstuvwxyz"; var tmp=""; for (i=0;i<8;i++) tmp+=x.charAt(Math.ceil(51*Math.random()));tmp;}"): null

2020-04-23 08:27:01 - [TEST_STEP][PASSED] - tel1 = selenium.getEval("{var x="123456789"; var tmp=""; for (i=0;i<3;i++) tmp+=x.charAt(Math.ceil(8*Math.random()));tmp;}"): null

2020-04-23 08:27:01 - [TEST_STEP][PASSED] - tel2 = selenium.getEval("{var x="123456789"; var tmp=""; for (i=0;i<3;i++) tmp+=x.charAt(Math.ceil(8*Math.random()));tmp;}"): null

2020-04-23 08:27:01 - [TEST_STEP][PASSED] - tel3 = selenium.getEval("{var x="123456789"; var tmp=""; for (i=0;i<4;i++) tmp+=x.charAt(Math.ceil(8*Math.random()));tmp;}"): null

2020-04-23 08:27:01 - [TEST_STEP][PASSED] - Tel = selenium.getExpression(tel1 + "-" + tel2 + "-" + tel3): null

2020-04-23 08:27:01 - [TEST_STEP][PASSED] - AutoEmail = selenium.getEval("{var x="ABCDEFGHIJKLMNOPQRSTUVWXYZabcdefghijklmnopqrstuvwxyz"; var tmp="test."; for (i=0;i<8;i++) tmp+=x.charAt(Math.ceil(51*Math.random()));tmp+="@suryani.cn";}"): null

2020-04-23 08:27:01 - [TEST_STEP][PASSED] - FirstName = FirstName: null

2020-04-23 08:27:01 - [TEST_STEP][PASSED] - LastName = LastName: null

2020-04-23 08:27:01 - [TEST_STEP][PASSED] - Address = Address: null

2020-04-23 08:27:01 - [TEST_STEP][PASSED] - City = City: null

2020-04-23 08:27:01 - [TEST_STEP][PASSED] - Tel = Tel: null

2020-04-23 08:27:01 - [TEST_STEP][PASSED] - AutoEmail = AutoEmail: null

2020-04-23 08:27:01 - [TEST_STEP][PASSED] - println(FirstName): null

2020-04-23 08:27:01 - [TEST_STEP][PASSED] - println(LastName): null

2020-04-23 08:27:01 - [TEST_STEP][PASSED] - println(Address): null

2020-04-23 08:27:01 - [TEST_STEP][PASSED] - println(City): null

2020-04-23 08:27:01 - [TEST_STEP][PASSED] - println(Tel): null

2020-04-23 08:27:01 - [TEST_STEP][PASSED] - println(AutoEmail): null

2020-04-23 08:27:01 - [MESSAGE][PASSED] - Call Test Case 'Test Cases/AHI/_include/name' successfully

2020-04-23 08:27:01 - [TEST_STEP][PASSED] - setText(findTestObject("mobileSanity/Teladoc/Page_App Page 1/input__member-P-1-firstName"), FirstName): Text 'Test-123' is set on object 'Object Repository/mobileSanity/Teladoc/Page_App Page 1/input__member-P-1-firstName'

2020-04-23 08:27:02 - [MESSAGE][PASSED] - Text 'Test-123' is set on object 'Object Repository/mobileSanity/Teladoc/Page_App Page 1/input__member-P-1-firstName'

2020-04-23 08:27:02 - [TEST_STEP][PASSED] - setText(findTestObject("mobileSanity/Teladoc/Page_App Page 1/input__member-P-1-lastName"), LastName): Text 'ZZ11-aNgnnotJ' is set on object 'Object Repository/mobileSanity/Teladoc/Page_App Page 1/input__member-P-1-lastName'

2020-04-23 08:27:02 - [MESSAGE][PASSED] - Text 'ZZ11-aNgnnotJ' is set on object 'Object Repository/mobileSanity/Teladoc/Page_App Page 1/input__member-P-1-lastName'

2020-04-23 08:27:02 - [TEST_STEP][PASSED] - selectOptionByValue(findTestObject("mobileSanity/Teladoc/Page_App Page 1/select_01020304050607"), "05", true): All options with value '05' are selected in object 'Object Repository/mobileSanity/Teladoc/Page_App Page 1/select_01020304050607'  using regular expression

2020-04-23 08:27:02 - [MESSAGE][PASSED] - All options with value '05' are selected in object 'Object Repository/mobileSanity/Teladoc/Page_App Page 1/select_01020304050607'  using regular expression

2020-04-23 08:27:02 - [TEST_STEP][PASSED] - selectOptionByValue(findTestObject("mobileSanity/Teladoc/Page_App Page 1/select_00102030405060708091011"), "06", true): All options with value '06' are selected in object 'Object Repository/mobileSanity/Teladoc/Page_App Page 1/select_00102030405060708091011'  using regular expression

2020-04-23 08:27:03 - [MESSAGE][PASSED] - All options with value '06' are selected in object 'Object Repository/mobileSanity/Teladoc/Page_App Page 1/select_00102030405060708091011'  using regular expression

2020-04-23 08:27:03 - [TEST_STEP][PASSED] - setText(findTestObject("mobileSanity/Teladoc/Page_App Page 1/input_lbs"), "180"): Text '180' is set on object 'Object Repository/mobileSanity/Teladoc/Page_App Page 1/input_lbs'

2020-04-23 08:27:03 - [MESSAGE][PASSED] - Text '180' is set on object 'Object Repository/mobileSanity/Teladoc/Page_App Page 1/input_lbs'

2020-04-23 08:27:03 - [TEST_STEP][PASSED] - setText(findTestObject("mobileSanity/Teladoc/Page_App Page 1/input__address"), Address): Text 'KVfhWbmQ' is set on object 'Object Repository/mobileSanity/Teladoc/Page_App Page 1/input__address'

2020-04-23 08:27:03 - [MESSAGE][PASSED] - Text 'KVfhWbmQ' is set on object 'Object Repository/mobileSanity/Teladoc/Page_App Page 1/input__address'

2020-04-23 08:27:03 - [TEST_STEP][PASSED] - setText(findTestObject("mobileSanity/Teladoc/Page_App Page 1/input__city"), City): Text 'wmQWyyCx' is set on object 'Object Repository/mobileSanity/Teladoc/Page_App Page 1/input__city'

2020-04-23 08:27:03 - [MESSAGE][PASSED] - Text 'wmQWyyCx' is set on object 'Object Repository/mobileSanity/Teladoc/Page_App Page 1/input__city'

2020-04-23 08:27:03 - [TEST_STEP][PASSED] - setText(findTestObject("mobileSanity/Teladoc/Page_App Page 1/input__email"), AutoEmail): Text 'test.bJVUqofP@suryani.cn' is set on object 'Object Repository/mobileSanity/Teladoc/Page_App Page 1/input__email'

2020-04-23 08:27:03 - [MESSAGE][PASSED] - Text 'test.bJVUqofP@suryani.cn' is set on object 'Object Repository/mobileSanity/Teladoc/Page_App Page 1/input__email'

2020-04-23 08:27:03 - [TEST_STEP][PASSED] - setText(findTestObject("mobileSanity/Teladoc/Page_App Page 1/input_phone number"), Tel): Text '975-349-8323' is set on object 'Object Repository/mobileSanity/Teladoc/Page_App Page 1/input_phone number'

2020-04-23 08:27:04 - [MESSAGE][PASSED] - Text '975-349-8323' is set on object 'Object Repository/mobileSanity/Teladoc/Page_App Page 1/input_phone number'

2020-04-23 08:27:04 - [TEST_STEP][PASSED] - Thread.sleep(5000): null

2020-04-23 08:27:09 - [TEST_STEP][PASSED] - click(findTestObject("mobileSanity/Teladoc/Page_App Page 1/a_Continue to Step 2 - Payment")): Object: 'Object Repository/mobileSanity/Teladoc/Page_App Page 1/a_Continue to Step 2 - Payment' is clicked on

2020-04-23 08:27:09 - [MESSAGE][PASSED] - Object: 'Object Repository/mobileSanity/Teladoc/Page_App Page 1/a_Continue to Step 2 - Payment' is clicked on

2020-04-23 08:27:09 - [TEST_STEP][PASSED] - waitForPageLoad(20): Wait for page load successfully

2020-04-23 08:27:09 - [MESSAGE][PASSED] - Wait for page load successfully

2020-04-23 08:27:09 - [TEST_STEP][PASSED] - waitForElementVisible(findTestObject("mobileSanity/Teladoc/Page_App Page 2/input__credit-card-first"), 20): Object 'Object Repository/mobileSanity/Teladoc/Page_App Page 2/input__credit-card-first' is visible

2020-04-23 08:27:10 - [MESSAGE][PASSED] - Object 'Object Repository/mobileSanity/Teladoc/Page_App Page 2/input__credit-card-first' is visible

2020-04-23 08:27:10 - [TEST_STEP][PASSED] - callTestCase(findTestCase("AHI/_include/get_screenshot"), [:], STOP_ON_FAILURE): Call Test Case 'Test Cases/AHI/_include/get_screenshot' successfully

2020-04-23 08:27:10 - [TEST_CASE][PASSED] - Test Cases/AHI/_include/get_screenshot: Test Cases/AHI/_include/get_screenshot

2020-04-23 08:27:10 - [TEST_STEP][PASSED] - Thread.sleep(1000): null

2020-04-23 08:27:11 - [TEST_STEP][PASSED] - takeScreenshot(screenPath + i + ".png"): Taking screenshot successfully

2020-04-23 08:27:12 - [MESSAGE][PASSED] - Taking screenshot successfully
[[ATTACHMENT|D:\\Test\\AgileTest\\Reports\\AHI\\ahi\\20200423_080048\\../Screenshots/iPhone 6/AHI/Teladoc/20200423_082600/4.png]]

2020-04-23 08:27:12 - [TEST_STEP][PASSED] - (internal.GlobalVariable.i++): null

2020-04-23 08:27:12 - [MESSAGE][PASSED] - Call Test Case 'Test Cases/AHI/_include/get_screenshot' successfully

2020-04-23 08:27:12 - [TEST_STEP][PASSED] - setText(findTestObject("mobileSanity/Teladoc/Page_App Page 2/input__credit-card-first"), FirstName): Text 'Test-123' is set on object 'Object Repository/mobileSanity/Teladoc/Page_App Page 2/input__credit-card-first'

2020-04-23 08:27:12 - [MESSAGE][PASSED] - Text 'Test-123' is set on object 'Object Repository/mobileSanity/Teladoc/Page_App Page 2/input__credit-card-first'

2020-04-23 08:27:12 - [TEST_STEP][PASSED] - setText(findTestObject("mobileSanity/Teladoc/Page_App Page 2/input__credit-card-last"), LastName): Text 'ZZ11-aNgnnotJ' is set on object 'Object Repository/mobileSanity/Teladoc/Page_App Page 2/input__credit-card-last'

2020-04-23 08:27:12 - [MESSAGE][PASSED] - Text 'ZZ11-aNgnnotJ' is set on object 'Object Repository/mobileSanity/Teladoc/Page_App Page 2/input__credit-card-last'

2020-04-23 08:27:12 - [TEST_STEP][PASSED] - selectOptionByValue(findTestObject("mobileSanity/Teladoc/Page_App Page 2/select_MM010203040506070809101"), "12", true): All options with value '12' are selected in object 'Object Repository/mobileSanity/Teladoc/Page_App Page 2/select_MM010203040506070809101'  using regular expression

2020-04-23 08:27:13 - [MESSAGE][PASSED] - All options with value '12' are selected in object 'Object Repository/mobileSanity/Teladoc/Page_App Page 2/select_MM010203040506070809101'  using regular expression

2020-04-23 08:27:13 - [TEST_STEP][PASSED] - selectOptionByValue(findTestObject("mobileSanity/Teladoc/Page_App Page 2/select_YYYY2019202020212022202"), "2026", true): All options with value '2026' are selected in object 'Object Repository/mobileSanity/Teladoc/Page_App Page 2/select_YYYY2019202020212022202'  using regular expression

2020-04-23 08:27:13 - [MESSAGE][PASSED] - All options with value '2026' are selected in object 'Object Repository/mobileSanity/Teladoc/Page_App Page 2/select_YYYY2019202020212022202'  using regular expression

2020-04-23 08:27:13 - [TEST_STEP][PASSED] - setText(findTestObject("mobileSanity/Teladoc/Page_App Page 2/input__credit-card-number"), "4111111111111111"): Text '4111111111111111' is set on object 'Object Repository/mobileSanity/Teladoc/Page_App Page 2/input__credit-card-number'

2020-04-23 08:27:13 - [MESSAGE][PASSED] - Text '4111111111111111' is set on object 'Object Repository/mobileSanity/Teladoc/Page_App Page 2/input__credit-card-number'

2020-04-23 08:27:13 - [TEST_STEP][PASSED] - setText(findTestObject("mobileSanity/Teladoc/Page_App Page 2/input__credit-card-cvv"), "122"): Text '122' is set on object 'Object Repository/mobileSanity/Teladoc/Page_App Page 2/input__credit-card-cvv'

2020-04-23 08:27:13 - [MESSAGE][PASSED] - Text '122' is set on object 'Object Repository/mobileSanity/Teladoc/Page_App Page 2/input__credit-card-cvv'

2020-04-23 08:27:13 - [TEST_STEP][PASSED] - click(findTestObject("mobileSanity/Teladoc/Page_App Page 2/label_My billing address is th")): Object: 'Object Repository/mobileSanity/Teladoc/Page_App Page 2/label_My billing address is th' is clicked on

2020-04-23 08:27:14 - [MESSAGE][PASSED] - Object: 'Object Repository/mobileSanity/Teladoc/Page_App Page 2/label_My billing address is th' is clicked on

2020-04-23 08:27:14 - [TEST_STEP][PASSED] - click(findTestObject("mobileSanity/Teladoc/Page_App Page 2/label_I Accept Authorization f")): Object: 'Object Repository/mobileSanity/Teladoc/Page_App Page 2/label_I Accept Authorization f' is clicked on

2020-04-23 08:27:14 - [MESSAGE][PASSED] - Object: 'Object Repository/mobileSanity/Teladoc/Page_App Page 2/label_I Accept Authorization f' is clicked on

2020-04-23 08:27:14 - [TEST_STEP][PASSED] - click(findTestObject("mobileSanity/Teladoc/Page_App Page 2/a_Continue to Step 3 - Review")): Object: 'Object Repository/mobileSanity/Teladoc/Page_App Page 2/a_Continue to Step 3 - Review' is clicked on

2020-04-23 08:27:14 - [MESSAGE][PASSED] - Object: 'Object Repository/mobileSanity/Teladoc/Page_App Page 2/a_Continue to Step 3 - Review' is clicked on

2020-04-23 08:27:14 - [TEST_STEP][PASSED] - waitForPageLoad(20): Wait for page load successfully

2020-04-23 08:27:14 - [MESSAGE][PASSED] - Wait for page load successfully

2020-04-23 08:27:14 - [TEST_STEP][PASSED] - waitForElementPresent(findTestObject("mobileSanity/Teladoc/Page_App Page 3/label"), 20): Object 'Object Repository/mobileSanity/Teladoc/Page_App Page 3/label' is present

2020-04-23 08:27:25 - [MESSAGE][PASSED] - Object 'Object Repository/mobileSanity/Teladoc/Page_App Page 3/label' is present

2020-04-23 08:27:25 - [TEST_STEP][PASSED] - Thread.sleep(5000): null

2020-04-23 08:27:30 - [TEST_STEP][PASSED] - callTestCase(findTestCase("AHI/_include/get_screenshot"), [:], STOP_ON_FAILURE): Call Test Case 'Test Cases/AHI/_include/get_screenshot' successfully

2020-04-23 08:27:30 - [TEST_CASE][PASSED] - Test Cases/AHI/_include/get_screenshot: Test Cases/AHI/_include/get_screenshot

2020-04-23 08:27:30 - [TEST_STEP][PASSED] - Thread.sleep(1000): null

2020-04-23 08:27:31 - [TEST_STEP][PASSED] - takeScreenshot(screenPath + i + ".png"): Taking screenshot successfully

2020-04-23 08:27:31 - [MESSAGE][PASSED] - Taking screenshot successfully
[[ATTACHMENT|D:\\Test\\AgileTest\\Reports\\AHI\\ahi\\20200423_080048\\../Screenshots/iPhone 6/AHI/Teladoc/20200423_082600/5.png]]

2020-04-23 08:27:31 - [TEST_STEP][PASSED] - (internal.GlobalVariable.i++): null

2020-04-23 08:27:31 - [MESSAGE][PASSED] - Call Test Case 'Test Cases/AHI/_include/get_screenshot' successfully

2020-04-23 08:27:31 - [TEST_STEP][PASSED] - scrollToElement(findTestObject("mobileSanity/Teladoc/Page_App Page 3/label"), 10): Scroll to object 'Object Repository/mobileSanity/Teladoc/Page_App Page 3/label' successfully

2020-04-23 08:27:31 - [MESSAGE][PASSED] - Scroll to object 'Object Repository/mobileSanity/Teladoc/Page_App Page 3/label' successfully

2020-04-23 08:27:31 - [TEST_STEP][PASSED] - waitForElementClickable(findTestObject("mobileSanity/Teladoc/Page_App Page 3/label"), 10): Object 'Object Repository/mobileSanity/Teladoc/Page_App Page 3/label' is clickable

2020-04-23 08:27:31 - [MESSAGE][PASSED] - Object 'Object Repository/mobileSanity/Teladoc/Page_App Page 3/label' is clickable

2020-04-23 08:27:31 - [TEST_STEP][PASSED] - click(findTestObject("mobileSanity/Teladoc/Page_App Page 3/label")): Object: 'Object Repository/mobileSanity/Teladoc/Page_App Page 3/label' is clicked on

2020-04-23 08:27:31 - [MESSAGE][PASSED] - Object: 'Object Repository/mobileSanity/Teladoc/Page_App Page 3/label' is clicked on

2020-04-23 08:27:31 - [TEST_STEP][PASSED] - click(findTestObject("mobileSanity/Teladoc/Page_App Page 3/p_")): Object: 'Object Repository/mobileSanity/Teladoc/Page_App Page 3/p_' is clicked on

2020-04-23 08:27:31 - [MESSAGE][PASSED] - Object: 'Object Repository/mobileSanity/Teladoc/Page_App Page 3/p_' is clicked on

2020-04-23 08:27:31 - [TEST_STEP][PASSED] - click(findTestObject("mobileSanity/Teladoc/Page_App Page 3/a_Submit Your Application")): Object: 'Object Repository/mobileSanity/Teladoc/Page_App Page 3/a_Submit Your Application' is clicked on

2020-04-23 08:27:31 - [MESSAGE][PASSED] - Object: 'Object Repository/mobileSanity/Teladoc/Page_App Page 3/a_Submit Your Application' is clicked on

2020-04-23 08:27:31 - [TEST_STEP][PASSED] - waitForElementPresent(findTestObject("mobileSanity/Common/app-confirmation"), 30): Object 'Object Repository/mobileSanity/Common/app-confirmation' is not present after 30 second(s)

2020-04-23 08:28:03 - [MESSAGE][INFO] - Unable to find the element located by 'By.xpath: //*[@id = 'app-confirmation']'. Please recheck the objects properties to make sure the desired element is located. 

2020-04-23 08:28:03 - [MESSAGE][WARNING] - Object 'Object Repository/mobileSanity/Common/app-confirmation' is not present after 30 second(s)

2020-04-23 08:28:03 - [TEST_STEP][PASSED] - callTestCase(findTestCase("AHI/_include/get_screenshot"), [:], STOP_ON_FAILURE): Call Test Case 'Test Cases/AHI/_include/get_screenshot' successfully

2020-04-23 08:28:03 - [TEST_CASE][PASSED] - Test Cases/AHI/_include/get_screenshot: Test Cases/AHI/_include/get_screenshot

2020-04-23 08:28:03 - [TEST_STEP][PASSED] - Thread.sleep(1000): null

2020-04-23 08:28:04 - [TEST_STEP][PASSED] - takeScreenshot(screenPath + i + ".png"): Taking screenshot successfully

2020-04-23 08:28:04 - [MESSAGE][PASSED] - Taking screenshot successfully
[[ATTACHMENT|D:\\Test\\AgileTest\\Reports\\AHI\\ahi\\20200423_080048\\../Screenshots/iPhone 6/AHI/Teladoc/20200423_082600/6.png]]

2020-04-23 08:28:04 - [TEST_STEP][PASSED] - (internal.GlobalVariable.i++): null

2020-04-23 08:28:04 - [MESSAGE][PASSED] - Call Test Case 'Test Cases/AHI/_include/get_screenshot' successfully]]></system-out>
         <system-err><![CDATA[]]></system-err>
      </testcase>
      <system-out><![CDATA[2020-04-23 08:14:24 - [TEST_SUITE][PASSED] - ahi: Test Cases/AHI/NEW/Teladoc]]></system-out>
      <system-err><![CDATA[]]></system-err>
   </testsuite>
</testsuites>
