<?xml version="1.0" encoding="UTF-8" standalone="yes"?>
<testsuites name="dental" time="261" tests="2" failures="0" errors="0">
    <testsuite name="dental" tests="2" failures="0" errors="0" time="261" timestamp="2019-07-24 14:14:03" hostname="sofee.yu - windows10.microdone.cn" id="Test Suites/mobileWeb/dental">
        <properties>
            <property name="deviceName" value=""/>
            <property name="devicePlatform" value=""/>
            <property name="logFolder" value="D:\\Test\\AgileTest\\AgileTest\\Reports\\mobileWeb\\dental\\20190724_141358"/>
            <property name="logFiles" value="D:\\Test\\AgileTest\\AgileTest\\Reports\\mobileWeb\\dental\\20190724_141358\\execution0.log"/>
            <property name="attachments" value="D:\\Test\\AgileTest\\AgileTest\\Reports\\mobileWeb\\dental\\20190724_141358\\../Screenshots/iPhone X/dental/National General/20190724_141405/0.png, D:\\Test\\AgileTest\\AgileTest\\Reports\\mobileWeb\\dental\\20190724_141358\\../Screenshots/iPhone X/dental/National General/20190724_141405/1.png, D:\\Test\\AgileTest\\AgileTest\\Reports\\mobileWeb\\dental\\20190724_141358\\../Screenshots/iPhone X/dental/National General/20190724_141405/2.png, D:\\Test\\AgileTest\\AgileTest\\Reports\\mobileWeb\\dental\\20190724_141358\\../Screenshots/iPhone X/dental/National General/20190724_141405/3.png, D:\\Test\\AgileTest\\AgileTest\\Reports\\mobileWeb\\dental\\20190724_141358\\../Screenshots/iPhone X/dental/National General/20190724_141405/4.png, D:\\Test\\AgileTest\\AgileTest\\Reports\\mobileWeb\\dental\\20190724_141358\\../Screenshots/iPhone X/dental/National General/20190724_141405/5.png, D:\\Test\\AgileTest\\AgileTest\\Reports\\mobileWeb\\dental\\20190724_141358\\../Screenshots/iPhone X/dental/National General/20190724_141405/6.png, D:\\Test\\AgileTest\\AgileTest\\Reports\\mobileWeb\\dental\\20190724_141358\\../Screenshots/iPhone X/dental/National General/20190724_141405/7.png, D:\\Test\\AgileTest\\AgileTest\\Reports\\mobileWeb\\dental\\20190724_141358\\../Screenshots/iPhone X/dental/National General/20190724_141405/8.png, D:\\Test\\AgileTest\\AgileTest\\Reports\\mobileWeb\\dental\\20190724_141358\\../Screenshots/iPhone X/dental/National General/20190724_141405/9.png, D:\\Test\\AgileTest\\AgileTest\\Reports\\mobileWeb\\dental\\20190724_141358\\../Screenshots/iPhone X/dental/Nationwide/20190724_141629/0.png, D:\\Test\\AgileTest\\AgileTest\\Reports\\mobileWeb\\dental\\20190724_141358\\../Screenshots/iPhone X/dental/Nationwide/20190724_141629/1.png, D:\\Test\\AgileTest\\AgileTest\\Reports\\mobileWeb\\dental\\20190724_141358\\../Screenshots/iPhone X/dental/Nationwide/20190724_141629/2.png, D:\\Test\\AgileTest\\AgileTest\\Reports\\mobileWeb\\dental\\20190724_141358\\../Screenshots/iPhone X/dental/Nationwide/20190724_141629/3.png, D:\\Test\\AgileTest\\AgileTest\\Reports\\mobileWeb\\dental\\20190724_141358\\../Screenshots/iPhone X/dental/Nationwide/20190724_141629/4.png, D:\\Test\\AgileTest\\AgileTest\\Reports\\mobileWeb\\dental\\20190724_141358\\../Screenshots/iPhone X/dental/Nationwide/20190724_141629/5.png, D:\\Test\\AgileTest\\AgileTest\\Reports\\mobileWeb\\dental\\20190724_141358\\../Screenshots/iPhone X/dental/Nationwide/20190724_141629/6.png, D:\\Test\\AgileTest\\AgileTest\\Reports\\mobileWeb\\dental\\20190724_141358\\../Screenshots/iPhone X/dental/Nationwide/20190724_141629/7.png, D:\\Test\\AgileTest\\AgileTest\\Reports\\mobileWeb\\dental\\20190724_141358\\../Screenshots/iPhone X/dental/Nationwide/20190724_141629/8.png, D:\\Test\\AgileTest\\AgileTest\\Reports\\mobileWeb\\dental\\20190724_141358\\../Screenshots/iPhone X/dental/Nationwide/20190724_141629/9.png"/>
            <property name="hostName" value="sofee.yu - windows10.microdone.cn"/>
            <property name="os" value="Windows 7 64bit"/>
            <property name="katalonVersion" value="6.2.2.4"/>
            <property name="browser" value="Safari 11"/>
            <property name="hostAddress" value="172.16.86.47"/>
            <property name="sessionId" value="4f57c902425abc75390cb6b620905ba3"/>
            <property name="seleniumVersion" value="3.141.59"/>
            <property name="proxyInformation" value="ProxyInformation{proxyOption=NO_PROXY, proxyServerType=HTTP, password=, proxyServerAddress=, proxyServerPort=0}"/>
            <property name="platform" value="Windows 7"/>
        </properties>
        <testcase name="Test Cases/mobileWeb/Dental/National General" classname="Test Cases/mobileWeb/Dental/National General" status="PASSED">
            <system-out>2019-07-24 14:14:03 - [TEST_CASE][PASSED] - Test Cases/mobileWeb/Dental/National General: Test Cases/mobileWeb/Dental/National General&#xD;
&#xD;
2019-07-24 14:14:04 - [TEST_STEP][PASSED] - callTestCase(findTestCase("mobileWeb/_include/get_screenPath"), ["productLine":"dental", "carrierName":"National General"], CONTINUE_ON_FAILURE): Call Test Case 'Test Cases/mobileWeb/_include/get_screenPath' successfully&#xD;
&#xD;
2019-07-24 14:14:04 - [TEST_CASE][PASSED] - Test Cases/mobileWeb/_include/get_screenPath: Test Cases/mobileWeb/_include/get_screenPath&#xD;
&#xD;
2019-07-24 14:14:05 - [TEST_STEP][PASSED] - m = getExecutionProperties(): null&#xD;
&#xD;
2019-07-24 14:14:05 - [TEST_STEP][PASSED] - deviceName = get("mobileEmulation").get("deviceName"): null&#xD;
&#xD;
2019-07-24 14:14:05 - [TEST_STEP][PASSED] - println(deviceName): null&#xD;
&#xD;
2019-07-24 14:14:05 - [TEST_STEP][PASSED] - now = new java.util.Date(): null&#xD;
&#xD;
2019-07-24 14:14:05 - [TEST_STEP][PASSED] - mydate = now.format("yyyyMMdd_HHmmss"): null&#xD;
&#xD;
2019-07-24 14:14:05 - [TEST_STEP][PASSED] - screenPath = "../Screenshots/": null&#xD;
&#xD;
2019-07-24 14:14:06 - [TEST_STEP][PASSED] - screenPath = screenPath + deviceName + "/" + productLine + "/" + carrierName + "/" + mydate + "/": null&#xD;
&#xD;
2019-07-24 14:14:06 - [TEST_STEP][PASSED] - println(screenPath): null&#xD;
&#xD;
2019-07-24 14:14:06 - [MESSAGE][PASSED] - Call Test Case 'Test Cases/mobileWeb/_include/get_screenPath' successfully&#xD;
&#xD;
2019-07-24 14:14:06 - [TEST_STEP][PASSED] - callTestCase(findTestCase("mobileWeb/_include/openWebSite"), [:], STOP_ON_FAILURE): Call Test Case 'Test Cases/mobileWeb/_include/openWebSite' successfully&#xD;
&#xD;
2019-07-24 14:14:06 - [TEST_CASE][PASSED] - Test Cases/mobileWeb/_include/openWebSite: Test Cases/mobileWeb/_include/openWebSite&#xD;
&#xD;
2019-07-24 14:14:07 - [TEST_STEP][PASSED] - openBrowser(ENV): Browser is opened with url: 'https://praetemptatus.agilehealthinsurance.com'&#xD;
&#xD;
2019-07-24 14:14:07 - [MESSAGE][INFO] - Starting 'Chrome' driver&#xD;
&#xD;
2019-07-24 14:14:07 - [MESSAGE][INFO] - User set preference: ['mobileEmulation', '{deviceName=iPhone X}']&#xD;
&#xD;
2019-07-24 14:14:07 - [MESSAGE][INFO] - User set preference: ['args', '[--incognito, --aggressive-cache-discard, --no-sandbox, --window-size=375,812]']&#xD;
&#xD;
2019-07-24 14:14:07 - [MESSAGE][INFO] - Action delay is set to 0 seconds&#xD;
&#xD;
2019-07-24 14:14:33 - [MESSAGE][PASSED] - Browser is opened with url: 'https://praetemptatus.agilehealthinsurance.com'&#xD;
&#xD;
2019-07-24 14:14:33 - [TEST_STEP][PASSED] - waitForPageLoad(10): Wait for page load successfully&#xD;
&#xD;
2019-07-24 14:14:34 - [MESSAGE][PASSED] - Wait for page load successfully&#xD;
&#xD;
2019-07-24 14:14:34 - [TEST_STEP][PASSED] - callTestCase(findTestCase("mobileWeb/_include/get_screenshot"), [:], STOP_ON_FAILURE): Call Test Case 'Test Cases/mobileWeb/_include/get_screenshot' successfully&#xD;
&#xD;
2019-07-24 14:14:34 - [TEST_CASE][PASSED] - Test Cases/mobileWeb/_include/get_screenshot: Test Cases/mobileWeb/_include/get_screenshot&#xD;
&#xD;
2019-07-24 14:14:34 - [TEST_STEP][PASSED] - takeScreenshot(screenPath + i + ".png"): Taking screenshot successfully&#xD;
&#xD;
2019-07-24 14:14:36 - [MESSAGE][PASSED] - Taking screenshot successfully&#xD;
[[ATTACHMENT|D:\\Test\\AgileTest\\AgileTest\\Reports\\mobileWeb\\dental\\20190724_141358\\../Screenshots/iPhone X/dental/National General/20190724_141405/0.png]]&#xD;
&#xD;
2019-07-24 14:14:36 - [TEST_STEP][PASSED] - (internal.GlobalVariable.i++): null&#xD;
&#xD;
2019-07-24 14:14:36 - [MESSAGE][PASSED] - Call Test Case 'Test Cases/mobileWeb/_include/get_screenshot' successfully&#xD;
&#xD;
2019-07-24 14:14:36 - [MESSAGE][PASSED] - Call Test Case 'Test Cases/mobileWeb/_include/openWebSite' successfully&#xD;
&#xD;
2019-07-24 14:14:36 - [TEST_STEP][PASSED] - callTestCase(findTestCase("mobileWeb/_include/census_dental"), ["zipcode":zipcode, "dob":"12/12/1980"], STOP_ON_FAILURE): Call Test Case 'Test Cases/mobileWeb/_include/census_dental' successfully&#xD;
&#xD;
2019-07-24 14:14:36 - [TEST_CASE][PASSED] - Test Cases/mobileWeb/_include/census_dental: Test Cases/mobileWeb/_include/census_dental&#xD;
&#xD;
2019-07-24 14:14:36 - [TEST_STEP][PASSED] - click(findTestObject("mobileSanity/Common/side_nav/menu")): Object: 'Object Repository/mobileSanity/Common/side_nav/menu' is clicked on&#xD;
&#xD;
2019-07-24 14:14:39 - [MESSAGE][PASSED] - Object: 'Object Repository/mobileSanity/Common/side_nav/menu' is clicked on&#xD;
&#xD;
2019-07-24 14:14:39 - [TEST_STEP][PASSED] - Thread.sleep(3000): null&#xD;
&#xD;
2019-07-24 14:14:42 - [TEST_STEP][PASSED] - callTestCase(findTestCase("mobileWeb/_include/get_screenshot"), [:], STOP_ON_FAILURE): Call Test Case 'Test Cases/mobileWeb/_include/get_screenshot' successfully&#xD;
&#xD;
2019-07-24 14:14:42 - [TEST_CASE][PASSED] - Test Cases/mobileWeb/_include/get_screenshot: Test Cases/mobileWeb/_include/get_screenshot&#xD;
&#xD;
2019-07-24 14:14:42 - [TEST_STEP][PASSED] - takeScreenshot(screenPath + i + ".png"): Taking screenshot successfully&#xD;
&#xD;
2019-07-24 14:14:43 - [MESSAGE][PASSED] - Taking screenshot successfully&#xD;
[[ATTACHMENT|D:\\Test\\AgileTest\\AgileTest\\Reports\\mobileWeb\\dental\\20190724_141358\\../Screenshots/iPhone X/dental/National General/20190724_141405/1.png]]&#xD;
&#xD;
2019-07-24 14:14:43 - [TEST_STEP][PASSED] - (internal.GlobalVariable.i++): null&#xD;
&#xD;
2019-07-24 14:14:43 - [MESSAGE][PASSED] - Call Test Case 'Test Cases/mobileWeb/_include/get_screenshot' successfully&#xD;
&#xD;
2019-07-24 14:14:43 - [TEST_STEP][PASSED] - click(findTestObject("mobileSanity/Common/side_nav/nav_dental")): Object: 'Object Repository/mobileSanity/Common/side_nav/nav_dental' is clicked on&#xD;
&#xD;
2019-07-24 14:14:47 - [MESSAGE][PASSED] - Object: 'Object Repository/mobileSanity/Common/side_nav/nav_dental' is clicked on&#xD;
&#xD;
2019-07-24 14:14:47 - [TEST_STEP][PASSED] - waitForPageLoad(10): Wait for page load successfully&#xD;
&#xD;
2019-07-24 14:14:49 - [MESSAGE][PASSED] - Wait for page load successfully&#xD;
&#xD;
2019-07-24 14:14:49 - [TEST_STEP][PASSED] - callTestCase(findTestCase("mobileWeb/_include/get_screenshot"), [:], STOP_ON_FAILURE): Call Test Case 'Test Cases/mobileWeb/_include/get_screenshot' successfully&#xD;
&#xD;
2019-07-24 14:14:49 - [TEST_CASE][PASSED] - Test Cases/mobileWeb/_include/get_screenshot: Test Cases/mobileWeb/_include/get_screenshot&#xD;
&#xD;
2019-07-24 14:14:49 - [TEST_STEP][PASSED] - takeScreenshot(screenPath + i + ".png"): Taking screenshot successfully&#xD;
&#xD;
2019-07-24 14:14:50 - [MESSAGE][PASSED] - Taking screenshot successfully&#xD;
[[ATTACHMENT|D:\\Test\\AgileTest\\AgileTest\\Reports\\mobileWeb\\dental\\20190724_141358\\../Screenshots/iPhone X/dental/National General/20190724_141405/2.png]]&#xD;
&#xD;
2019-07-24 14:14:50 - [TEST_STEP][PASSED] - (internal.GlobalVariable.i++): null&#xD;
&#xD;
2019-07-24 14:14:50 - [MESSAGE][PASSED] - Call Test Case 'Test Cases/mobileWeb/_include/get_screenshot' successfully&#xD;
&#xD;
2019-07-24 14:14:50 - [TEST_STEP][PASSED] - sendKeys(findTestObject("mobileSanity/Dental/census/input_Location_zip-input"), zipcode): Keys '35215' sent to object: 'Object Repository/mobileSanity/Dental/census/input_Location_zip-input'&#xD;
&#xD;
2019-07-24 14:14:50 - [MESSAGE][PASSED] - Keys '35215' sent to object: 'Object Repository/mobileSanity/Dental/census/input_Location_zip-input'&#xD;
&#xD;
2019-07-24 14:14:50 - [TEST_STEP][PASSED] - Thread.sleep(500): null&#xD;
&#xD;
2019-07-24 14:14:51 - [TEST_STEP][PASSED] - setText(findTestObject("mobileSanity/Dental/census/input_Date of Birth_dob-0"), "12121980"): Text '12121980' is set on object 'Object Repository/mobileSanity/Dental/census/input_Date of Birth_dob-0'&#xD;
&#xD;
2019-07-24 14:14:51 - [MESSAGE][PASSED] - Text '12121980' is set on object 'Object Repository/mobileSanity/Dental/census/input_Date of Birth_dob-0'&#xD;
&#xD;
2019-07-24 14:14:51 - [TEST_STEP][PASSED] - click(findTestObject("mobileSanity/Dental/census/label_Male")): Object: 'Object Repository/mobileSanity/Dental/census/label_Male' is clicked on&#xD;
&#xD;
2019-07-24 14:14:52 - [MESSAGE][PASSED] - Object: 'Object Repository/mobileSanity/Dental/census/label_Male' is clicked on&#xD;
&#xD;
2019-07-24 14:14:52 - [TEST_STEP][PASSED] - click(findTestObject("mobileSanity/Dental/census/label_Compare Dental Insurance")): Object: 'Object Repository/mobileSanity/Dental/census/label_Compare Dental Insurance' is clicked on&#xD;
&#xD;
2019-07-24 14:14:56 - [MESSAGE][PASSED] - Object: 'Object Repository/mobileSanity/Dental/census/label_Compare Dental Insurance' is clicked on&#xD;
&#xD;
2019-07-24 14:14:57 - [TEST_STEP][PASSED] - waitForPageLoad(10): Wait for page load successfully&#xD;
&#xD;
2019-07-24 14:15:00 - [MESSAGE][PASSED] - Wait for page load successfully&#xD;
&#xD;
2019-07-24 14:15:00 - [TEST_STEP][PASSED] - Thread.sleep(2000): null&#xD;
&#xD;
2019-07-24 14:15:02 - [TEST_STEP][PASSED] - callTestCase(findTestCase("mobileWeb/_include/get_screenshot"), [:], STOP_ON_FAILURE): Call Test Case 'Test Cases/mobileWeb/_include/get_screenshot' successfully&#xD;
&#xD;
2019-07-24 14:15:02 - [TEST_CASE][PASSED] - Test Cases/mobileWeb/_include/get_screenshot: Test Cases/mobileWeb/_include/get_screenshot&#xD;
&#xD;
2019-07-24 14:15:02 - [TEST_STEP][PASSED] - takeScreenshot(screenPath + i + ".png"): Taking screenshot successfully&#xD;
&#xD;
2019-07-24 14:15:03 - [MESSAGE][PASSED] - Taking screenshot successfully&#xD;
[[ATTACHMENT|D:\\Test\\AgileTest\\AgileTest\\Reports\\mobileWeb\\dental\\20190724_141358\\../Screenshots/iPhone X/dental/National General/20190724_141405/3.png]]&#xD;
&#xD;
2019-07-24 14:15:03 - [TEST_STEP][PASSED] - (internal.GlobalVariable.i++): null&#xD;
&#xD;
2019-07-24 14:15:03 - [MESSAGE][PASSED] - Call Test Case 'Test Cases/mobileWeb/_include/get_screenshot' successfully&#xD;
&#xD;
2019-07-24 14:15:03 - [MESSAGE][PASSED] - Call Test Case 'Test Cases/mobileWeb/_include/census_dental' successfully&#xD;
&#xD;
2019-07-24 14:15:03 - [TEST_STEP][PASSED] - click(findTestObject("mobileSanity/Dental/filter/btn_filter")): Object: 'Object Repository/mobileSanity/Dental/filter/btn_filter' is clicked on&#xD;
&#xD;
2019-07-24 14:15:03 - [MESSAGE][PASSED] - Object: 'Object Repository/mobileSanity/Dental/filter/btn_filter' is clicked on&#xD;
&#xD;
2019-07-24 14:15:03 - [TEST_STEP][PASSED] - waitForElementVisible(findTestObject("mobileSanity/Dental/filter/btn_company"), 10): Object 'Object Repository/mobileSanity/Dental/filter/btn_company' is visible&#xD;
&#xD;
2019-07-24 14:15:04 - [MESSAGE][PASSED] - Object 'Object Repository/mobileSanity/Dental/filter/btn_company' is visible&#xD;
&#xD;
2019-07-24 14:15:04 - [TEST_STEP][PASSED] - click(findTestObject("mobileSanity/Dental/filter/btn_company")): Object: 'Object Repository/mobileSanity/Dental/filter/btn_company' is clicked on&#xD;
&#xD;
2019-07-24 14:15:04 - [MESSAGE][PASSED] - Object: 'Object Repository/mobileSanity/Dental/filter/btn_company' is clicked on&#xD;
&#xD;
2019-07-24 14:15:04 - [TEST_STEP][PASSED] - Thread.sleep(2000): null&#xD;
&#xD;
2019-07-24 14:15:06 - [TEST_STEP][PASSED] - click(findTestObject("mobileSanity/Dental/filter/btn_ng")): Object: 'Object Repository/mobileSanity/Dental/filter/btn_ng' is clicked on&#xD;
&#xD;
2019-07-24 14:15:06 - [MESSAGE][PASSED] - Object: 'Object Repository/mobileSanity/Dental/filter/btn_ng' is clicked on&#xD;
&#xD;
2019-07-24 14:15:06 - [TEST_STEP][PASSED] - waitForJQueryLoad(20, STOP_ON_FAILURE): jQuery is ready.&#xD;
&#xD;
2019-07-24 14:15:08 - [MESSAGE][PASSED] - jQuery is ready.&#xD;
&#xD;
2019-07-24 14:15:08 - [TEST_STEP][PASSED] - callTestCase(findTestCase("mobileWeb/_include/get_screenshot"), [:], STOP_ON_FAILURE): Call Test Case 'Test Cases/mobileWeb/_include/get_screenshot' successfully&#xD;
&#xD;
2019-07-24 14:15:08 - [TEST_CASE][PASSED] - Test Cases/mobileWeb/_include/get_screenshot: Test Cases/mobileWeb/_include/get_screenshot&#xD;
&#xD;
2019-07-24 14:15:08 - [TEST_STEP][PASSED] - takeScreenshot(screenPath + i + ".png"): Taking screenshot successfully&#xD;
&#xD;
2019-07-24 14:15:09 - [MESSAGE][PASSED] - Taking screenshot successfully&#xD;
[[ATTACHMENT|D:\\Test\\AgileTest\\AgileTest\\Reports\\mobileWeb\\dental\\20190724_141358\\../Screenshots/iPhone X/dental/National General/20190724_141405/4.png]]&#xD;
&#xD;
2019-07-24 14:15:09 - [TEST_STEP][PASSED] - (internal.GlobalVariable.i++): null&#xD;
&#xD;
2019-07-24 14:15:09 - [MESSAGE][PASSED] - Call Test Case 'Test Cases/mobileWeb/_include/get_screenshot' successfully&#xD;
&#xD;
2019-07-24 14:15:09 - [TEST_STEP][PASSED] - click(findTestObject("mobileSanity/Dental/filter/btn_filter")): Object: 'Object Repository/mobileSanity/Dental/filter/btn_filter' is clicked on&#xD;
&#xD;
2019-07-24 14:15:09 - [MESSAGE][PASSED] - Object: 'Object Repository/mobileSanity/Dental/filter/btn_filter' is clicked on&#xD;
&#xD;
2019-07-24 14:15:09 - [TEST_STEP][PASSED] - click(findTestObject("mobileSanity/Dental/quote/a_Select This Plan")): Object: 'Object Repository/mobileSanity/Dental/quote/a_Select This Plan' is clicked on&#xD;
&#xD;
2019-07-24 14:15:11 - [MESSAGE][PASSED] - Object: 'Object Repository/mobileSanity/Dental/quote/a_Select This Plan' is clicked on&#xD;
&#xD;
2019-07-24 14:15:11 - [TEST_STEP][PASSED] - waitForPageLoad(10): Wait for page load successfully&#xD;
&#xD;
2019-07-24 14:15:11 - [MESSAGE][PASSED] - Wait for page load successfully&#xD;
&#xD;
2019-07-24 14:15:11 - [TEST_STEP][PASSED] - callTestCase(findTestCase("mobileWeb/_include/get_screenshot"), [:], STOP_ON_FAILURE): Call Test Case 'Test Cases/mobileWeb/_include/get_screenshot' successfully&#xD;
&#xD;
2019-07-24 14:15:11 - [TEST_CASE][PASSED] - Test Cases/mobileWeb/_include/get_screenshot: Test Cases/mobileWeb/_include/get_screenshot&#xD;
&#xD;
2019-07-24 14:15:11 - [TEST_STEP][PASSED] - takeScreenshot(screenPath + i + ".png"): Taking screenshot successfully&#xD;
&#xD;
2019-07-24 14:15:14 - [MESSAGE][PASSED] - Taking screenshot successfully&#xD;
[[ATTACHMENT|D:\\Test\\AgileTest\\AgileTest\\Reports\\mobileWeb\\dental\\20190724_141358\\../Screenshots/iPhone X/dental/National General/20190724_141405/5.png]]&#xD;
&#xD;
2019-07-24 14:15:14 - [TEST_STEP][PASSED] - (internal.GlobalVariable.i++): null&#xD;
&#xD;
2019-07-24 14:15:14 - [MESSAGE][PASSED] - Call Test Case 'Test Cases/mobileWeb/_include/get_screenshot' successfully&#xD;
&#xD;
2019-07-24 14:15:14 - [TEST_STEP][PASSED] - click(findTestObject("mobileSanity/Dental/apply/span_Start Secure Application")): Object: 'Object Repository/mobileSanity/Dental/apply/span_Start Secure Application' is clicked on&#xD;
&#xD;
2019-07-24 14:15:16 - [MESSAGE][PASSED] - Object: 'Object Repository/mobileSanity/Dental/apply/span_Start Secure Application' is clicked on&#xD;
&#xD;
2019-07-24 14:15:16 - [TEST_STEP][PASSED] - waitForPageLoad(10): Wait for page load successfully&#xD;
&#xD;
2019-07-24 14:15:18 - [MESSAGE][PASSED] - Wait for page load successfully&#xD;
&#xD;
2019-07-24 14:15:18 - [TEST_STEP][PASSED] - Thread.sleep(2000): null&#xD;
&#xD;
2019-07-24 14:15:20 - [TEST_STEP][PASSED] - callTestCase(findTestCase("mobileWeb/_include/get_screenshot"), [:], STOP_ON_FAILURE): Call Test Case 'Test Cases/mobileWeb/_include/get_screenshot' successfully&#xD;
&#xD;
2019-07-24 14:15:20 - [TEST_CASE][PASSED] - Test Cases/mobileWeb/_include/get_screenshot: Test Cases/mobileWeb/_include/get_screenshot&#xD;
&#xD;
2019-07-24 14:15:20 - [TEST_STEP][PASSED] - takeScreenshot(screenPath + i + ".png"): Taking screenshot successfully&#xD;
&#xD;
2019-07-24 14:15:21 - [MESSAGE][PASSED] - Taking screenshot successfully&#xD;
[[ATTACHMENT|D:\\Test\\AgileTest\\AgileTest\\Reports\\mobileWeb\\dental\\20190724_141358\\../Screenshots/iPhone X/dental/National General/20190724_141405/6.png]]&#xD;
&#xD;
2019-07-24 14:15:21 - [TEST_STEP][PASSED] - (internal.GlobalVariable.i++): null&#xD;
&#xD;
2019-07-24 14:15:21 - [MESSAGE][PASSED] - Call Test Case 'Test Cases/mobileWeb/_include/get_screenshot' successfully&#xD;
&#xD;
2019-07-24 14:15:21 - [TEST_STEP][PASSED] - callTestCase(findTestCase("mobileWeb/_include/goToEnd_dental"), ["carrier":"nationalgeneral"], CONTINUE_ON_FAILURE): Call Test Case 'Test Cases/mobileWeb/_include/goToEnd_dental' successfully&#xD;
&#xD;
2019-07-24 14:15:21 - [TEST_CASE][PASSED] - Test Cases/mobileWeb/_include/goToEnd_dental: Test Cases/mobileWeb/_include/goToEnd_dental&#xD;
&#xD;
2019-07-24 14:15:21 - [TEST_STEP][PASSED] - callTestCase(findTestCase("mobileWeb/_include/name"), [:], CONTINUE_ON_FAILURE): Call Test Case 'Test Cases/mobileWeb/_include/name' successfully&#xD;
&#xD;
2019-07-24 14:15:21 - [TEST_CASE][PASSED] - Test Cases/mobileWeb/_include/name: Test Cases/mobileWeb/_include/name&#xD;
&#xD;
2019-07-24 14:15:22 - [TEST_STEP][PASSED] - driver = getWebDriver(): null&#xD;
&#xD;
2019-07-24 14:15:22 - [TEST_STEP][PASSED] - selenium = new com.thoughtworks.selenium.webdriven.WebDriverBackedSelenium(driver, internal.GlobalVariable.ENV): null&#xD;
&#xD;
2019-07-24 14:15:22 - [TEST_STEP][PASSED] - FirstName = "Test-123": null&#xD;
&#xD;
2019-07-24 14:15:22 - [TEST_STEP][PASSED] - LastName = selenium.getEval("{var x="ABCDEFGHIJKLMNOPQRSTUVWXYZabcdefghijklmnopqrstuvwxyz"; var tmp="ZZ11-"; for (i=0;i&lt;8;i++) tmp+=x.charAt(Math.ceil(51*Math.random()));tmp;}"): null&#xD;
&#xD;
2019-07-24 14:15:22 - [TEST_STEP][PASSED] - Address = selenium.getEval("{var x="ABCDEFGHIJKLMNOPQRSTUVWXYZabcdefghijklmnopqrstuvwxyz"; var tmp=""; for (i=0;i&lt;8;i++) tmp+=x.charAt(Math.ceil(51*Math.random()));tmp;}"): null&#xD;
&#xD;
2019-07-24 14:15:22 - [TEST_STEP][PASSED] - City = selenium.getEval("{var x="ABCDEFGHIJKLMNOPQRSTUVWXYZabcdefghijklmnopqrstuvwxyz"; var tmp=""; for (i=0;i&lt;8;i++) tmp+=x.charAt(Math.ceil(51*Math.random()));tmp;}"): null&#xD;
&#xD;
2019-07-24 14:15:22 - [TEST_STEP][PASSED] - tel1 = selenium.getEval("{var x="123456789"; var tmp=""; for (i=0;i&lt;3;i++) tmp+=x.charAt(Math.ceil(8*Math.random()));tmp;}"): null&#xD;
&#xD;
2019-07-24 14:15:22 - [TEST_STEP][PASSED] - tel2 = selenium.getEval("{var x="123456789"; var tmp=""; for (i=0;i&lt;3;i++) tmp+=x.charAt(Math.ceil(8*Math.random()));tmp;}"): null&#xD;
&#xD;
2019-07-24 14:15:22 - [TEST_STEP][PASSED] - tel3 = selenium.getEval("{var x="123456789"; var tmp=""; for (i=0;i&lt;4;i++) tmp+=x.charAt(Math.ceil(8*Math.random()));tmp;}"): null&#xD;
&#xD;
2019-07-24 14:15:22 - [TEST_STEP][PASSED] - Tel = selenium.getExpression(tel1 + "-" + tel2 + "-" + tel3): null&#xD;
&#xD;
2019-07-24 14:15:22 - [TEST_STEP][PASSED] - AutoEmail = selenium.getEval("{var x="ABCDEFGHIJKLMNOPQRSTUVWXYZabcdefghijklmnopqrstuvwxyz"; var tmp="test."; for (i=0;i&lt;8;i++) tmp+=x.charAt(Math.ceil(51*Math.random()));tmp+="@suryani.cn";}"): null&#xD;
&#xD;
2019-07-24 14:15:22 - [TEST_STEP][PASSED] - FirstName = FirstName: null&#xD;
&#xD;
2019-07-24 14:15:22 - [TEST_STEP][PASSED] - LastName = LastName: null&#xD;
&#xD;
2019-07-24 14:15:22 - [TEST_STEP][PASSED] - Address = Address: null&#xD;
&#xD;
2019-07-24 14:15:22 - [TEST_STEP][PASSED] - City = City: null&#xD;
&#xD;
2019-07-24 14:15:22 - [TEST_STEP][PASSED] - Tel = Tel: null&#xD;
&#xD;
2019-07-24 14:15:22 - [TEST_STEP][PASSED] - AutoEmail = AutoEmail: null&#xD;
&#xD;
2019-07-24 14:15:22 - [TEST_STEP][PASSED] - println(FirstName): null&#xD;
&#xD;
2019-07-24 14:15:22 - [TEST_STEP][PASSED] - println(LastName): null&#xD;
&#xD;
2019-07-24 14:15:22 - [TEST_STEP][PASSED] - println(Address): null&#xD;
&#xD;
2019-07-24 14:15:22 - [TEST_STEP][PASSED] - println(City): null&#xD;
&#xD;
2019-07-24 14:15:22 - [TEST_STEP][PASSED] - println(Tel): null&#xD;
&#xD;
2019-07-24 14:15:22 - [TEST_STEP][PASSED] - println(AutoEmail): null&#xD;
&#xD;
2019-07-24 14:15:22 - [MESSAGE][PASSED] - Call Test Case 'Test Cases/mobileWeb/_include/name' successfully&#xD;
&#xD;
2019-07-24 14:15:22 - [TEST_STEP][PASSED] - Thread.sleep(3000): null&#xD;
&#xD;
2019-07-24 14:15:25 - [TEST_STEP][PASSED] - setText(findTestObject("mobileSanity/Dental/app_page1/input__member-P-1-firstName"), FirstName): Text 'Test-123' is set on object 'Object Repository/mobileSanity/Dental/app_page1/input__member-P-1-firstName'&#xD;
&#xD;
2019-07-24 14:15:26 - [MESSAGE][PASSED] - Text 'Test-123' is set on object 'Object Repository/mobileSanity/Dental/app_page1/input__member-P-1-firstName'&#xD;
&#xD;
2019-07-24 14:15:26 - [TEST_STEP][PASSED] - setText(findTestObject("mobileSanity/Dental/app_page1/input__member-P-1-lastName"), LastName): Text 'ZZ11-yGQlYNgu' is set on object 'Object Repository/mobileSanity/Dental/app_page1/input__member-P-1-lastName'&#xD;
&#xD;
2019-07-24 14:15:26 - [MESSAGE][PASSED] - Text 'ZZ11-yGQlYNgu' is set on object 'Object Repository/mobileSanity/Dental/app_page1/input__member-P-1-lastName'&#xD;
&#xD;
2019-07-24 14:15:26 - [TEST_STEP][PASSED] - setText(findTestObject("mobileSanity/Dental/app_page1/input__address"), Address): Text 'tVXYqayr' is set on object 'Object Repository/mobileSanity/Dental/app_page1/input__address'&#xD;
&#xD;
2019-07-24 14:15:26 - [MESSAGE][PASSED] - Text 'tVXYqayr' is set on object 'Object Repository/mobileSanity/Dental/app_page1/input__address'&#xD;
&#xD;
2019-07-24 14:15:26 - [TEST_STEP][PASSED] - setText(findTestObject("mobileSanity/Dental/app_page1/input__city"), City): Text 'mLtUcbhB' is set on object 'Object Repository/mobileSanity/Dental/app_page1/input__city'&#xD;
&#xD;
2019-07-24 14:15:26 - [MESSAGE][PASSED] - Text 'mLtUcbhB' is set on object 'Object Repository/mobileSanity/Dental/app_page1/input__city'&#xD;
&#xD;
2019-07-24 14:15:26 - [TEST_STEP][PASSED] - setText(findTestObject("mobileSanity/Dental/app_page1/input__email"), AutoEmail): Text 'test.dcYrIDGH@suryani.cn' is set on object 'Object Repository/mobileSanity/Dental/app_page1/input__email'&#xD;
&#xD;
2019-07-24 14:15:27 - [MESSAGE][PASSED] - Text 'test.dcYrIDGH@suryani.cn' is set on object 'Object Repository/mobileSanity/Dental/app_page1/input__email'&#xD;
&#xD;
2019-07-24 14:15:27 - [TEST_STEP][PASSED] - setText(findTestObject("mobileSanity/Dental/app_page1/input_phone"), Tel): Text '939-786-8239' is set on object 'Object Repository/mobileSanity/Dental/app_page1/input_phone'&#xD;
&#xD;
2019-07-24 14:15:27 - [MESSAGE][PASSED] - Text '939-786-8239' is set on object 'Object Repository/mobileSanity/Dental/app_page1/input_phone'&#xD;
&#xD;
2019-07-24 14:15:27 - [TEST_STEP][PASSED] - click(findTestObject("mobileSanity/Dental/app_page1/a_Continue to Step 2 - Payment")): Object: 'Object Repository/mobileSanity/Dental/app_page1/a_Continue to Step 2 - Payment' is clicked on&#xD;
&#xD;
2019-07-24 14:15:27 - [MESSAGE][PASSED] - Object: 'Object Repository/mobileSanity/Dental/app_page1/a_Continue to Step 2 - Payment' is clicked on&#xD;
&#xD;
2019-07-24 14:15:27 - [TEST_STEP][PASSED] - waitForPageLoad(10): Wait for page load successfully&#xD;
&#xD;
2019-07-24 14:15:27 - [MESSAGE][PASSED] - Wait for page load successfully&#xD;
&#xD;
2019-07-24 14:15:27 - [TEST_STEP][PASSED] - Thread.sleep(2000): null&#xD;
&#xD;
2019-07-24 14:15:29 - [TEST_STEP][PASSED] - callTestCase(findTestCase("mobileWeb/_include/get_screenshot"), [:], STOP_ON_FAILURE): Call Test Case 'Test Cases/mobileWeb/_include/get_screenshot' successfully&#xD;
&#xD;
2019-07-24 14:15:29 - [TEST_CASE][PASSED] - Test Cases/mobileWeb/_include/get_screenshot: Test Cases/mobileWeb/_include/get_screenshot&#xD;
&#xD;
2019-07-24 14:15:29 - [TEST_STEP][PASSED] - takeScreenshot(screenPath + i + ".png"): Taking screenshot successfully&#xD;
&#xD;
2019-07-24 14:15:30 - [MESSAGE][PASSED] - Taking screenshot successfully&#xD;
[[ATTACHMENT|D:\\Test\\AgileTest\\AgileTest\\Reports\\mobileWeb\\dental\\20190724_141358\\../Screenshots/iPhone X/dental/National General/20190724_141405/7.png]]&#xD;
&#xD;
2019-07-24 14:15:30 - [TEST_STEP][PASSED] - (internal.GlobalVariable.i++): null&#xD;
&#xD;
2019-07-24 14:15:30 - [MESSAGE][PASSED] - Call Test Case 'Test Cases/mobileWeb/_include/get_screenshot' successfully&#xD;
&#xD;
2019-07-24 14:15:30 - [TEST_STEP][PASSED] - if (carrier == "usa"): null&#xD;
&#xD;
2019-07-24 14:15:30 - [TEST_STEP][PASSED] - setText(findTestObject("mobileSanity/Dental/app_page2/input__credit-card-first"), FirstName): Text 'Test-123' is set on object 'Object Repository/mobileSanity/Dental/app_page2/input__credit-card-first'&#xD;
&#xD;
2019-07-24 14:15:30 - [MESSAGE][PASSED] - Text 'Test-123' is set on object 'Object Repository/mobileSanity/Dental/app_page2/input__credit-card-first'&#xD;
&#xD;
2019-07-24 14:15:30 - [TEST_STEP][PASSED] - setText(findTestObject("mobileSanity/Dental/app_page2/input__credit-card-last"), LastName): Text 'ZZ11-yGQlYNgu' is set on object 'Object Repository/mobileSanity/Dental/app_page2/input__credit-card-last'&#xD;
&#xD;
2019-07-24 14:15:31 - [MESSAGE][PASSED] - Text 'ZZ11-yGQlYNgu' is set on object 'Object Repository/mobileSanity/Dental/app_page2/input__credit-card-last'&#xD;
&#xD;
2019-07-24 14:15:31 - [TEST_STEP][PASSED] - selectOptionByValue(findTestObject("mobileSanity/Dental/app_page2/select_MM010203040506070809101"), "12", true): All options with value '12' are selected in object 'Object Repository/mobileSanity/Dental/app_page2/select_MM010203040506070809101'  using regular expression&#xD;
&#xD;
2019-07-24 14:15:31 - [MESSAGE][PASSED] - All options with value '12' are selected in object 'Object Repository/mobileSanity/Dental/app_page2/select_MM010203040506070809101'  using regular expression&#xD;
&#xD;
2019-07-24 14:15:31 - [TEST_STEP][PASSED] - selectOptionByValue(findTestObject("mobileSanity/Dental/app_page2/select_YYYY2019202020212022202"), "2026", true): All options with value '2026' are selected in object 'Object Repository/mobileSanity/Dental/app_page2/select_YYYY2019202020212022202'  using regular expression&#xD;
&#xD;
2019-07-24 14:15:32 - [MESSAGE][PASSED] - All options with value '2026' are selected in object 'Object Repository/mobileSanity/Dental/app_page2/select_YYYY2019202020212022202'  using regular expression&#xD;
&#xD;
2019-07-24 14:15:32 - [TEST_STEP][PASSED] - setText(findTestObject("mobileSanity/Dental/app_page2/input__credit-card-number"), "4111111111111111"): Text '4111111111111111' is set on object 'Object Repository/mobileSanity/Dental/app_page2/input__credit-card-number'&#xD;
&#xD;
2019-07-24 14:15:32 - [MESSAGE][PASSED] - Text '4111111111111111' is set on object 'Object Repository/mobileSanity/Dental/app_page2/input__credit-card-number'&#xD;
&#xD;
2019-07-24 14:15:32 - [TEST_STEP][PASSED] - setText(findTestObject("mobileSanity/Dental/app_page2/input__cvv"), "123"): Text '123' is set on object 'Object Repository/mobileSanity/Dental/app_page2/input__cvv'&#xD;
&#xD;
2019-07-24 14:15:32 - [MESSAGE][PASSED] - Text '123' is set on object 'Object Repository/mobileSanity/Dental/app_page2/input__cvv'&#xD;
&#xD;
2019-07-24 14:15:32 - [TEST_STEP][PASSED] - click(findTestObject("mobileSanity/Dental/app_page2/label_My billing address is th")): Object: 'Object Repository/mobileSanity/Dental/app_page2/label_My billing address is th' is clicked on&#xD;
&#xD;
2019-07-24 14:15:32 - [MESSAGE][PASSED] - Object: 'Object Repository/mobileSanity/Dental/app_page2/label_My billing address is th' is clicked on&#xD;
&#xD;
2019-07-24 14:15:32 - [TEST_STEP][PASSED] - click(findTestObject("mobileSanity/Dental/app_page2/label_I Accept Authorization f")): Object: 'Object Repository/mobileSanity/Dental/app_page2/label_I Accept Authorization f' is clicked on&#xD;
&#xD;
2019-07-24 14:15:32 - [MESSAGE][PASSED] - Object: 'Object Repository/mobileSanity/Dental/app_page2/label_I Accept Authorization f' is clicked on&#xD;
&#xD;
2019-07-24 14:15:32 - [TEST_STEP][PASSED] - click(findTestObject("mobileSanity/Dental/app_page2/a_Continue to Step 3 - Review")): Object: 'Object Repository/mobileSanity/Dental/app_page2/a_Continue to Step 3 - Review' is clicked on&#xD;
&#xD;
2019-07-24 14:15:33 - [MESSAGE][PASSED] - Object: 'Object Repository/mobileSanity/Dental/app_page2/a_Continue to Step 3 - Review' is clicked on&#xD;
&#xD;
2019-07-24 14:15:33 - [TEST_STEP][PASSED] - waitForPageLoad(10): Wait for page load successfully&#xD;
&#xD;
2019-07-24 14:15:33 - [MESSAGE][PASSED] - Wait for page load successfully&#xD;
&#xD;
2019-07-24 14:15:33 - [TEST_STEP][PASSED] - Thread.sleep(2000): null&#xD;
&#xD;
2019-07-24 14:15:35 - [TEST_STEP][PASSED] - callTestCase(findTestCase("mobileWeb/_include/get_screenshot"), [:], STOP_ON_FAILURE): Call Test Case 'Test Cases/mobileWeb/_include/get_screenshot' successfully&#xD;
&#xD;
2019-07-24 14:15:35 - [TEST_CASE][PASSED] - Test Cases/mobileWeb/_include/get_screenshot: Test Cases/mobileWeb/_include/get_screenshot&#xD;
&#xD;
2019-07-24 14:15:35 - [TEST_STEP][PASSED] - takeScreenshot(screenPath + i + ".png"): Taking screenshot successfully&#xD;
&#xD;
2019-07-24 14:15:36 - [MESSAGE][PASSED] - Taking screenshot successfully&#xD;
[[ATTACHMENT|D:\\Test\\AgileTest\\AgileTest\\Reports\\mobileWeb\\dental\\20190724_141358\\../Screenshots/iPhone X/dental/National General/20190724_141405/8.png]]&#xD;
&#xD;
2019-07-24 14:15:36 - [TEST_STEP][PASSED] - (internal.GlobalVariable.i++): null&#xD;
&#xD;
2019-07-24 14:15:36 - [MESSAGE][PASSED] - Call Test Case 'Test Cases/mobileWeb/_include/get_screenshot' successfully&#xD;
&#xD;
2019-07-24 14:15:36 - [TEST_STEP][PASSED] - click(findTestObject("mobileSanity/Dental/app_page3/label")): Object: 'Object Repository/mobileSanity/Dental/app_page3/label' is clicked on&#xD;
&#xD;
2019-07-24 14:15:36 - [MESSAGE][PASSED] - Object: 'Object Repository/mobileSanity/Dental/app_page3/label' is clicked on&#xD;
&#xD;
2019-07-24 14:15:36 - [TEST_STEP][PASSED] - click(findTestObject("mobileSanity/Dental/app_page3/p_CLICK TO SIGN")): Object: 'Object Repository/mobileSanity/Dental/app_page3/p_CLICK TO SIGN' is clicked on&#xD;
&#xD;
2019-07-24 14:15:37 - [MESSAGE][PASSED] - Object: 'Object Repository/mobileSanity/Dental/app_page3/p_CLICK TO SIGN' is clicked on&#xD;
&#xD;
2019-07-24 14:15:37 - [TEST_STEP][PASSED] - click(findTestObject("mobileSanity/Dental/app_page3/a_Submit Your Application")): Object: 'Object Repository/mobileSanity/Dental/app_page3/a_Submit Your Application' is clicked on&#xD;
&#xD;
2019-07-24 14:15:37 - [MESSAGE][PASSED] - Object: 'Object Repository/mobileSanity/Dental/app_page3/a_Submit Your Application' is clicked on&#xD;
&#xD;
2019-07-24 14:15:37 - [TEST_STEP][PASSED] - Thread.sleep(50000): null&#xD;
&#xD;
2019-07-24 14:16:27 - [TEST_STEP][PASSED] - callTestCase(findTestCase("mobileWeb/_include/get_screenshot"), [:], STOP_ON_FAILURE): Call Test Case 'Test Cases/mobileWeb/_include/get_screenshot' successfully&#xD;
&#xD;
2019-07-24 14:16:27 - [TEST_CASE][PASSED] - Test Cases/mobileWeb/_include/get_screenshot: Test Cases/mobileWeb/_include/get_screenshot&#xD;
&#xD;
2019-07-24 14:16:27 - [TEST_STEP][PASSED] - takeScreenshot(screenPath + i + ".png"): Taking screenshot successfully&#xD;
&#xD;
2019-07-24 14:16:28 - [MESSAGE][PASSED] - Taking screenshot successfully&#xD;
[[ATTACHMENT|D:\\Test\\AgileTest\\AgileTest\\Reports\\mobileWeb\\dental\\20190724_141358\\../Screenshots/iPhone X/dental/National General/20190724_141405/9.png]]&#xD;
&#xD;
2019-07-24 14:16:28 - [TEST_STEP][PASSED] - (internal.GlobalVariable.i++): null&#xD;
&#xD;
2019-07-24 14:16:28 - [MESSAGE][PASSED] - Call Test Case 'Test Cases/mobileWeb/_include/get_screenshot' successfully&#xD;
&#xD;
2019-07-24 14:16:28 - [TEST_STEP][PASSED] - verifyTextPresent("Congratulations", false): Text 'Congratulations' is present on page &#xD;
&#xD;
2019-07-24 14:16:28 - [MESSAGE][PASSED] - Text 'Congratulations' is present on page &#xD;
&#xD;
2019-07-24 14:16:28 - [MESSAGE][PASSED] - Call Test Case 'Test Cases/mobileWeb/_include/goToEnd_dental' successfully</system-out>
            <system-err></system-err>
        </testcase>
        <testcase name="Test Cases/mobileWeb/Dental/Nationwide" classname="Test Cases/mobileWeb/Dental/Nationwide" status="PASSED">
            <system-out>2019-07-24 14:16:28 - [TEST_CASE][PASSED] - Test Cases/mobileWeb/Dental/Nationwide: Test Cases/mobileWeb/Dental/Nationwide&#xD;
&#xD;
2019-07-24 14:16:29 - [TEST_STEP][PASSED] - callTestCase(findTestCase("mobileWeb/_include/get_screenPath"), ["productLine":"dental", "carrierName":"Nationwide"], CONTINUE_ON_FAILURE): Call Test Case 'Test Cases/mobileWeb/_include/get_screenPath' successfully&#xD;
&#xD;
2019-07-24 14:16:29 - [TEST_CASE][PASSED] - Test Cases/mobileWeb/_include/get_screenPath: Test Cases/mobileWeb/_include/get_screenPath&#xD;
&#xD;
2019-07-24 14:16:29 - [TEST_STEP][PASSED] - m = getExecutionProperties(): null&#xD;
&#xD;
2019-07-24 14:16:29 - [TEST_STEP][PASSED] - deviceName = get("mobileEmulation").get("deviceName"): null&#xD;
&#xD;
2019-07-24 14:16:29 - [TEST_STEP][PASSED] - println(deviceName): null&#xD;
&#xD;
2019-07-24 14:16:29 - [TEST_STEP][PASSED] - now = new java.util.Date(): null&#xD;
&#xD;
2019-07-24 14:16:29 - [TEST_STEP][PASSED] - mydate = now.format("yyyyMMdd_HHmmss"): null&#xD;
&#xD;
2019-07-24 14:16:29 - [TEST_STEP][PASSED] - screenPath = "../Screenshots/": null&#xD;
&#xD;
2019-07-24 14:16:29 - [TEST_STEP][PASSED] - screenPath = screenPath + deviceName + "/" + productLine + "/" + carrierName + "/" + mydate + "/": null&#xD;
&#xD;
2019-07-24 14:16:29 - [TEST_STEP][PASSED] - println(screenPath): null&#xD;
&#xD;
2019-07-24 14:16:29 - [MESSAGE][PASSED] - Call Test Case 'Test Cases/mobileWeb/_include/get_screenPath' successfully&#xD;
&#xD;
2019-07-24 14:16:29 - [TEST_STEP][PASSED] - i = 0: null&#xD;
&#xD;
2019-07-24 14:16:29 - [TEST_STEP][PASSED] - callTestCase(findTestCase("mobileWeb/_include/openWebSite"), [:], STOP_ON_FAILURE): Call Test Case 'Test Cases/mobileWeb/_include/openWebSite' successfully&#xD;
&#xD;
2019-07-24 14:16:29 - [TEST_CASE][PASSED] - Test Cases/mobileWeb/_include/openWebSite: Test Cases/mobileWeb/_include/openWebSite&#xD;
&#xD;
2019-07-24 14:16:29 - [TEST_STEP][PASSED] - openBrowser(ENV): Browser is opened with url: 'https://praetemptatus.agilehealthinsurance.com'&#xD;
&#xD;
2019-07-24 14:16:29 - [MESSAGE][WARNING] - A browser is already opened. Closing browser and opening a new one&#xD;
&#xD;
2019-07-24 14:16:29 - [MESSAGE][INFO] - Starting 'Chrome' driver&#xD;
&#xD;
2019-07-24 14:16:29 - [MESSAGE][INFO] - User set preference: ['mobileEmulation', '{deviceName=iPhone X}']&#xD;
&#xD;
2019-07-24 14:16:29 - [MESSAGE][INFO] - User set preference: ['args', '[--incognito, --aggressive-cache-discard, --no-sandbox, --window-size=375,812]']&#xD;
&#xD;
2019-07-24 14:16:36 - [MESSAGE][PASSED] - Browser is opened with url: 'https://praetemptatus.agilehealthinsurance.com'&#xD;
&#xD;
2019-07-24 14:16:36 - [TEST_STEP][PASSED] - waitForPageLoad(10): Wait for page load successfully&#xD;
&#xD;
2019-07-24 14:16:36 - [MESSAGE][PASSED] - Wait for page load successfully&#xD;
&#xD;
2019-07-24 14:16:36 - [TEST_STEP][PASSED] - callTestCase(findTestCase("mobileWeb/_include/get_screenshot"), [:], STOP_ON_FAILURE): Call Test Case 'Test Cases/mobileWeb/_include/get_screenshot' successfully&#xD;
&#xD;
2019-07-24 14:16:37 - [TEST_CASE][PASSED] - Test Cases/mobileWeb/_include/get_screenshot: Test Cases/mobileWeb/_include/get_screenshot&#xD;
&#xD;
2019-07-24 14:16:37 - [TEST_STEP][PASSED] - takeScreenshot(screenPath + i + ".png"): Taking screenshot successfully&#xD;
&#xD;
2019-07-24 14:16:38 - [MESSAGE][PASSED] - Taking screenshot successfully&#xD;
[[ATTACHMENT|D:\\Test\\AgileTest\\AgileTest\\Reports\\mobileWeb\\dental\\20190724_141358\\../Screenshots/iPhone X/dental/Nationwide/20190724_141629/0.png]]&#xD;
&#xD;
2019-07-24 14:16:38 - [TEST_STEP][PASSED] - (internal.GlobalVariable.i++): null&#xD;
&#xD;
2019-07-24 14:16:38 - [MESSAGE][PASSED] - Call Test Case 'Test Cases/mobileWeb/_include/get_screenshot' successfully&#xD;
&#xD;
2019-07-24 14:16:38 - [MESSAGE][PASSED] - Call Test Case 'Test Cases/mobileWeb/_include/openWebSite' successfully&#xD;
&#xD;
2019-07-24 14:16:38 - [TEST_STEP][PASSED] - callTestCase(findTestCase("mobileWeb/_include/census_dental"), [:], STOP_ON_FAILURE): Call Test Case 'Test Cases/mobileWeb/_include/census_dental' successfully&#xD;
&#xD;
2019-07-24 14:16:38 - [TEST_CASE][PASSED] - Test Cases/mobileWeb/_include/census_dental: Test Cases/mobileWeb/_include/census_dental&#xD;
&#xD;
2019-07-24 14:16:38 - [TEST_STEP][PASSED] - click(findTestObject("mobileSanity/Common/side_nav/menu")): Object: 'Object Repository/mobileSanity/Common/side_nav/menu' is clicked on&#xD;
&#xD;
2019-07-24 14:16:40 - [MESSAGE][PASSED] - Object: 'Object Repository/mobileSanity/Common/side_nav/menu' is clicked on&#xD;
&#xD;
2019-07-24 14:16:40 - [TEST_STEP][PASSED] - Thread.sleep(3000): null&#xD;
&#xD;
2019-07-24 14:16:43 - [TEST_STEP][PASSED] - callTestCase(findTestCase("mobileWeb/_include/get_screenshot"), [:], STOP_ON_FAILURE): Call Test Case 'Test Cases/mobileWeb/_include/get_screenshot' successfully&#xD;
&#xD;
2019-07-24 14:16:43 - [TEST_CASE][PASSED] - Test Cases/mobileWeb/_include/get_screenshot: Test Cases/mobileWeb/_include/get_screenshot&#xD;
&#xD;
2019-07-24 14:16:43 - [TEST_STEP][PASSED] - takeScreenshot(screenPath + i + ".png"): Taking screenshot successfully&#xD;
&#xD;
2019-07-24 14:16:44 - [MESSAGE][PASSED] - Taking screenshot successfully&#xD;
[[ATTACHMENT|D:\\Test\\AgileTest\\AgileTest\\Reports\\mobileWeb\\dental\\20190724_141358\\../Screenshots/iPhone X/dental/Nationwide/20190724_141629/1.png]]&#xD;
&#xD;
2019-07-24 14:16:44 - [TEST_STEP][PASSED] - (internal.GlobalVariable.i++): null&#xD;
&#xD;
2019-07-24 14:16:44 - [MESSAGE][PASSED] - Call Test Case 'Test Cases/mobileWeb/_include/get_screenshot' successfully&#xD;
&#xD;
2019-07-24 14:16:44 - [TEST_STEP][PASSED] - click(findTestObject("mobileSanity/Common/side_nav/nav_dental")): Object: 'Object Repository/mobileSanity/Common/side_nav/nav_dental' is clicked on&#xD;
&#xD;
2019-07-24 14:16:46 - [MESSAGE][PASSED] - Object: 'Object Repository/mobileSanity/Common/side_nav/nav_dental' is clicked on&#xD;
&#xD;
2019-07-24 14:16:46 - [TEST_STEP][PASSED] - waitForPageLoad(10): Wait for page load successfully&#xD;
&#xD;
2019-07-24 14:16:46 - [MESSAGE][PASSED] - Wait for page load successfully&#xD;
&#xD;
2019-07-24 14:16:46 - [TEST_STEP][PASSED] - callTestCase(findTestCase("mobileWeb/_include/get_screenshot"), [:], STOP_ON_FAILURE): Call Test Case 'Test Cases/mobileWeb/_include/get_screenshot' successfully&#xD;
&#xD;
2019-07-24 14:16:46 - [TEST_CASE][PASSED] - Test Cases/mobileWeb/_include/get_screenshot: Test Cases/mobileWeb/_include/get_screenshot&#xD;
&#xD;
2019-07-24 14:16:46 - [TEST_STEP][PASSED] - takeScreenshot(screenPath + i + ".png"): Taking screenshot successfully&#xD;
&#xD;
2019-07-24 14:16:47 - [MESSAGE][PASSED] - Taking screenshot successfully&#xD;
[[ATTACHMENT|D:\\Test\\AgileTest\\AgileTest\\Reports\\mobileWeb\\dental\\20190724_141358\\../Screenshots/iPhone X/dental/Nationwide/20190724_141629/2.png]]&#xD;
&#xD;
2019-07-24 14:16:47 - [TEST_STEP][PASSED] - (internal.GlobalVariable.i++): null&#xD;
&#xD;
2019-07-24 14:16:47 - [MESSAGE][PASSED] - Call Test Case 'Test Cases/mobileWeb/_include/get_screenshot' successfully&#xD;
&#xD;
2019-07-24 14:16:47 - [TEST_STEP][PASSED] - sendKeys(findTestObject("mobileSanity/Dental/census/input_Location_zip-input"), zipcode): Keys '35215' sent to object: 'Object Repository/mobileSanity/Dental/census/input_Location_zip-input'&#xD;
&#xD;
2019-07-24 14:16:48 - [MESSAGE][PASSED] - Keys '35215' sent to object: 'Object Repository/mobileSanity/Dental/census/input_Location_zip-input'&#xD;
&#xD;
2019-07-24 14:16:48 - [TEST_STEP][PASSED] - Thread.sleep(500): null&#xD;
&#xD;
2019-07-24 14:16:48 - [TEST_STEP][PASSED] - setText(findTestObject("mobileSanity/Dental/census/input_Date of Birth_dob-0"), "12121980"): Text '12121980' is set on object 'Object Repository/mobileSanity/Dental/census/input_Date of Birth_dob-0'&#xD;
&#xD;
2019-07-24 14:16:49 - [MESSAGE][PASSED] - Text '12121980' is set on object 'Object Repository/mobileSanity/Dental/census/input_Date of Birth_dob-0'&#xD;
&#xD;
2019-07-24 14:16:49 - [TEST_STEP][PASSED] - click(findTestObject("mobileSanity/Dental/census/label_Male")): Object: 'Object Repository/mobileSanity/Dental/census/label_Male' is clicked on&#xD;
&#xD;
2019-07-24 14:16:49 - [MESSAGE][PASSED] - Object: 'Object Repository/mobileSanity/Dental/census/label_Male' is clicked on&#xD;
&#xD;
2019-07-24 14:16:49 - [TEST_STEP][PASSED] - click(findTestObject("mobileSanity/Dental/census/label_Compare Dental Insurance")): Object: 'Object Repository/mobileSanity/Dental/census/label_Compare Dental Insurance' is clicked on&#xD;
&#xD;
2019-07-24 14:16:54 - [MESSAGE][PASSED] - Object: 'Object Repository/mobileSanity/Dental/census/label_Compare Dental Insurance' is clicked on&#xD;
&#xD;
2019-07-24 14:16:54 - [TEST_STEP][PASSED] - waitForPageLoad(10): Wait for page load successfully&#xD;
&#xD;
2019-07-24 14:16:54 - [MESSAGE][PASSED] - Wait for page load successfully&#xD;
&#xD;
2019-07-24 14:16:54 - [TEST_STEP][PASSED] - Thread.sleep(2000): null&#xD;
&#xD;
2019-07-24 14:16:56 - [TEST_STEP][PASSED] - callTestCase(findTestCase("mobileWeb/_include/get_screenshot"), [:], STOP_ON_FAILURE): Call Test Case 'Test Cases/mobileWeb/_include/get_screenshot' successfully&#xD;
&#xD;
2019-07-24 14:16:56 - [TEST_CASE][PASSED] - Test Cases/mobileWeb/_include/get_screenshot: Test Cases/mobileWeb/_include/get_screenshot&#xD;
&#xD;
2019-07-24 14:16:56 - [TEST_STEP][PASSED] - takeScreenshot(screenPath + i + ".png"): Taking screenshot successfully&#xD;
&#xD;
2019-07-24 14:16:57 - [MESSAGE][PASSED] - Taking screenshot successfully&#xD;
[[ATTACHMENT|D:\\Test\\AgileTest\\AgileTest\\Reports\\mobileWeb\\dental\\20190724_141358\\../Screenshots/iPhone X/dental/Nationwide/20190724_141629/3.png]]&#xD;
&#xD;
2019-07-24 14:16:57 - [TEST_STEP][PASSED] - (internal.GlobalVariable.i++): null&#xD;
&#xD;
2019-07-24 14:16:57 - [MESSAGE][PASSED] - Call Test Case 'Test Cases/mobileWeb/_include/get_screenshot' successfully&#xD;
&#xD;
2019-07-24 14:16:57 - [MESSAGE][PASSED] - Call Test Case 'Test Cases/mobileWeb/_include/census_dental' successfully&#xD;
&#xD;
2019-07-24 14:16:57 - [TEST_STEP][PASSED] - click(findTestObject("mobileSanity/Dental/filter/btn_filter")): Object: 'Object Repository/mobileSanity/Dental/filter/btn_filter' is clicked on&#xD;
&#xD;
2019-07-24 14:16:57 - [MESSAGE][PASSED] - Object: 'Object Repository/mobileSanity/Dental/filter/btn_filter' is clicked on&#xD;
&#xD;
2019-07-24 14:16:57 - [TEST_STEP][PASSED] - Thread.sleep(1000): null&#xD;
&#xD;
2019-07-24 14:16:58 - [TEST_STEP][PASSED] - waitForElementVisible(findTestObject("mobileSanity/Dental/filter/btn_company"), 10): Object 'Object Repository/mobileSanity/Dental/filter/btn_company' is visible&#xD;
&#xD;
2019-07-24 14:16:58 - [MESSAGE][PASSED] - Object 'Object Repository/mobileSanity/Dental/filter/btn_company' is visible&#xD;
&#xD;
2019-07-24 14:16:58 - [TEST_STEP][PASSED] - click(findTestObject("mobileSanity/Dental/filter/btn_company")): Object: 'Object Repository/mobileSanity/Dental/filter/btn_company' is clicked on&#xD;
&#xD;
2019-07-24 14:16:58 - [MESSAGE][PASSED] - Object: 'Object Repository/mobileSanity/Dental/filter/btn_company' is clicked on&#xD;
&#xD;
2019-07-24 14:16:58 - [TEST_STEP][PASSED] - Thread.sleep(2000): null&#xD;
&#xD;
2019-07-24 14:17:00 - [TEST_STEP][PASSED] - click(findTestObject("mobileSanity/Dental/filter/btn_nationwide")): Object: 'Object Repository/mobileSanity/Dental/filter/btn_nationwide' is clicked on&#xD;
&#xD;
2019-07-24 14:17:00 - [MESSAGE][PASSED] - Object: 'Object Repository/mobileSanity/Dental/filter/btn_nationwide' is clicked on&#xD;
&#xD;
2019-07-24 14:17:00 - [TEST_STEP][PASSED] - waitForJQueryLoad(20, STOP_ON_FAILURE): jQuery is ready.&#xD;
&#xD;
2019-07-24 14:17:02 - [MESSAGE][PASSED] - jQuery is ready.&#xD;
&#xD;
2019-07-24 14:17:02 - [TEST_STEP][PASSED] - callTestCase(findTestCase("mobileWeb/_include/get_screenshot"), [:], STOP_ON_FAILURE): Call Test Case 'Test Cases/mobileWeb/_include/get_screenshot' successfully&#xD;
&#xD;
2019-07-24 14:17:02 - [TEST_CASE][PASSED] - Test Cases/mobileWeb/_include/get_screenshot: Test Cases/mobileWeb/_include/get_screenshot&#xD;
&#xD;
2019-07-24 14:17:02 - [TEST_STEP][PASSED] - takeScreenshot(screenPath + i + ".png"): Taking screenshot successfully&#xD;
&#xD;
2019-07-24 14:17:03 - [MESSAGE][PASSED] - Taking screenshot successfully&#xD;
[[ATTACHMENT|D:\\Test\\AgileTest\\AgileTest\\Reports\\mobileWeb\\dental\\20190724_141358\\../Screenshots/iPhone X/dental/Nationwide/20190724_141629/4.png]]&#xD;
&#xD;
2019-07-24 14:17:03 - [TEST_STEP][PASSED] - (internal.GlobalVariable.i++): null&#xD;
&#xD;
2019-07-24 14:17:03 - [MESSAGE][PASSED] - Call Test Case 'Test Cases/mobileWeb/_include/get_screenshot' successfully&#xD;
&#xD;
2019-07-24 14:17:03 - [TEST_STEP][PASSED] - click(findTestObject("mobileSanity/Dental/filter/btn_filter")): Object: 'Object Repository/mobileSanity/Dental/filter/btn_filter' is clicked on&#xD;
&#xD;
2019-07-24 14:17:03 - [MESSAGE][PASSED] - Object: 'Object Repository/mobileSanity/Dental/filter/btn_filter' is clicked on&#xD;
&#xD;
2019-07-24 14:17:03 - [TEST_STEP][PASSED] - click(findTestObject("mobileSanity/Dental/quote/a_Select This Plan")): Object: 'Object Repository/mobileSanity/Dental/quote/a_Select This Plan' is clicked on&#xD;
&#xD;
2019-07-24 14:17:04 - [MESSAGE][PASSED] - Object: 'Object Repository/mobileSanity/Dental/quote/a_Select This Plan' is clicked on&#xD;
&#xD;
2019-07-24 14:17:04 - [TEST_STEP][PASSED] - waitForPageLoad(10): Wait for page load successfully&#xD;
&#xD;
2019-07-24 14:17:05 - [MESSAGE][PASSED] - Wait for page load successfully&#xD;
&#xD;
2019-07-24 14:17:05 - [TEST_STEP][PASSED] - callTestCase(findTestCase("mobileWeb/_include/get_screenshot"), [:], STOP_ON_FAILURE): Call Test Case 'Test Cases/mobileWeb/_include/get_screenshot' successfully&#xD;
&#xD;
2019-07-24 14:17:05 - [TEST_CASE][PASSED] - Test Cases/mobileWeb/_include/get_screenshot: Test Cases/mobileWeb/_include/get_screenshot&#xD;
&#xD;
2019-07-24 14:17:05 - [TEST_STEP][PASSED] - takeScreenshot(screenPath + i + ".png"): Taking screenshot successfully&#xD;
&#xD;
2019-07-24 14:17:06 - [MESSAGE][PASSED] - Taking screenshot successfully&#xD;
[[ATTACHMENT|D:\\Test\\AgileTest\\AgileTest\\Reports\\mobileWeb\\dental\\20190724_141358\\../Screenshots/iPhone X/dental/Nationwide/20190724_141629/5.png]]&#xD;
&#xD;
2019-07-24 14:17:06 - [TEST_STEP][PASSED] - (internal.GlobalVariable.i++): null&#xD;
&#xD;
2019-07-24 14:17:06 - [MESSAGE][PASSED] - Call Test Case 'Test Cases/mobileWeb/_include/get_screenshot' successfully&#xD;
&#xD;
2019-07-24 14:17:06 - [TEST_STEP][PASSED] - click(findTestObject("mobileSanity/Dental/apply/span_Start Secure Application")): Object: 'Object Repository/mobileSanity/Dental/apply/span_Start Secure Application' is clicked on&#xD;
&#xD;
2019-07-24 14:17:08 - [MESSAGE][PASSED] - Object: 'Object Repository/mobileSanity/Dental/apply/span_Start Secure Application' is clicked on&#xD;
&#xD;
2019-07-24 14:17:08 - [TEST_STEP][PASSED] - waitForPageLoad(10): Wait for page load successfully&#xD;
&#xD;
2019-07-24 14:17:09 - [MESSAGE][PASSED] - Wait for page load successfully&#xD;
&#xD;
2019-07-24 14:17:09 - [TEST_STEP][PASSED] - callTestCase(findTestCase("mobileWeb/_include/get_screenshot"), [:], STOP_ON_FAILURE): Call Test Case 'Test Cases/mobileWeb/_include/get_screenshot' successfully&#xD;
&#xD;
2019-07-24 14:17:09 - [TEST_CASE][PASSED] - Test Cases/mobileWeb/_include/get_screenshot: Test Cases/mobileWeb/_include/get_screenshot&#xD;
&#xD;
2019-07-24 14:17:09 - [TEST_STEP][PASSED] - takeScreenshot(screenPath + i + ".png"): Taking screenshot successfully&#xD;
&#xD;
2019-07-24 14:17:10 - [MESSAGE][PASSED] - Taking screenshot successfully&#xD;
[[ATTACHMENT|D:\\Test\\AgileTest\\AgileTest\\Reports\\mobileWeb\\dental\\20190724_141358\\../Screenshots/iPhone X/dental/Nationwide/20190724_141629/6.png]]&#xD;
&#xD;
2019-07-24 14:17:10 - [TEST_STEP][PASSED] - (internal.GlobalVariable.i++): null&#xD;
&#xD;
2019-07-24 14:17:10 - [MESSAGE][PASSED] - Call Test Case 'Test Cases/mobileWeb/_include/get_screenshot' successfully&#xD;
&#xD;
2019-07-24 14:17:10 - [TEST_STEP][PASSED] - callTestCase(findTestCase("mobileWeb/_include/goToEnd_dental"), ["carrier":"nationwide"], STOP_ON_FAILURE): Call Test Case 'Test Cases/mobileWeb/_include/goToEnd_dental' successfully&#xD;
&#xD;
2019-07-24 14:17:10 - [TEST_CASE][PASSED] - Test Cases/mobileWeb/_include/goToEnd_dental: Test Cases/mobileWeb/_include/goToEnd_dental&#xD;
&#xD;
2019-07-24 14:17:10 - [TEST_STEP][PASSED] - callTestCase(findTestCase("mobileWeb/_include/name"), [:], CONTINUE_ON_FAILURE): Call Test Case 'Test Cases/mobileWeb/_include/name' successfully&#xD;
&#xD;
2019-07-24 14:17:10 - [TEST_CASE][PASSED] - Test Cases/mobileWeb/_include/name: Test Cases/mobileWeb/_include/name&#xD;
&#xD;
2019-07-24 14:17:10 - [TEST_STEP][PASSED] - driver = getWebDriver(): null&#xD;
&#xD;
2019-07-24 14:17:10 - [TEST_STEP][PASSED] - selenium = new com.thoughtworks.selenium.webdriven.WebDriverBackedSelenium(driver, internal.GlobalVariable.ENV): null&#xD;
&#xD;
2019-07-24 14:17:10 - [TEST_STEP][PASSED] - FirstName = "Test-123": null&#xD;
&#xD;
2019-07-24 14:17:10 - [TEST_STEP][PASSED] - LastName = selenium.getEval("{var x="ABCDEFGHIJKLMNOPQRSTUVWXYZabcdefghijklmnopqrstuvwxyz"; var tmp="ZZ11-"; for (i=0;i&lt;8;i++) tmp+=x.charAt(Math.ceil(51*Math.random()));tmp;}"): null&#xD;
&#xD;
2019-07-24 14:17:10 - [TEST_STEP][PASSED] - Address = selenium.getEval("{var x="ABCDEFGHIJKLMNOPQRSTUVWXYZabcdefghijklmnopqrstuvwxyz"; var tmp=""; for (i=0;i&lt;8;i++) tmp+=x.charAt(Math.ceil(51*Math.random()));tmp;}"): null&#xD;
&#xD;
2019-07-24 14:17:10 - [TEST_STEP][PASSED] - City = selenium.getEval("{var x="ABCDEFGHIJKLMNOPQRSTUVWXYZabcdefghijklmnopqrstuvwxyz"; var tmp=""; for (i=0;i&lt;8;i++) tmp+=x.charAt(Math.ceil(51*Math.random()));tmp;}"): null&#xD;
&#xD;
2019-07-24 14:17:10 - [TEST_STEP][PASSED] - tel1 = selenium.getEval("{var x="123456789"; var tmp=""; for (i=0;i&lt;3;i++) tmp+=x.charAt(Math.ceil(8*Math.random()));tmp;}"): null&#xD;
&#xD;
2019-07-24 14:17:10 - [TEST_STEP][PASSED] - tel2 = selenium.getEval("{var x="123456789"; var tmp=""; for (i=0;i&lt;3;i++) tmp+=x.charAt(Math.ceil(8*Math.random()));tmp;}"): null&#xD;
&#xD;
2019-07-24 14:17:10 - [TEST_STEP][PASSED] - tel3 = selenium.getEval("{var x="123456789"; var tmp=""; for (i=0;i&lt;4;i++) tmp+=x.charAt(Math.ceil(8*Math.random()));tmp;}"): null&#xD;
&#xD;
2019-07-24 14:17:10 - [TEST_STEP][PASSED] - Tel = selenium.getExpression(tel1 + "-" + tel2 + "-" + tel3): null&#xD;
&#xD;
2019-07-24 14:17:10 - [TEST_STEP][PASSED] - AutoEmail = selenium.getEval("{var x="ABCDEFGHIJKLMNOPQRSTUVWXYZabcdefghijklmnopqrstuvwxyz"; var tmp="test."; for (i=0;i&lt;8;i++) tmp+=x.charAt(Math.ceil(51*Math.random()));tmp+="@suryani.cn";}"): null&#xD;
&#xD;
2019-07-24 14:17:10 - [TEST_STEP][PASSED] - FirstName = FirstName: null&#xD;
&#xD;
2019-07-24 14:17:10 - [TEST_STEP][PASSED] - LastName = LastName: null&#xD;
&#xD;
2019-07-24 14:17:10 - [TEST_STEP][PASSED] - Address = Address: null&#xD;
&#xD;
2019-07-24 14:17:10 - [TEST_STEP][PASSED] - City = City: null&#xD;
&#xD;
2019-07-24 14:17:10 - [TEST_STEP][PASSED] - Tel = Tel: null&#xD;
&#xD;
2019-07-24 14:17:10 - [TEST_STEP][PASSED] - AutoEmail = AutoEmail: null&#xD;
&#xD;
2019-07-24 14:17:10 - [TEST_STEP][PASSED] - println(FirstName): null&#xD;
&#xD;
2019-07-24 14:17:10 - [TEST_STEP][PASSED] - println(LastName): null&#xD;
&#xD;
2019-07-24 14:17:10 - [TEST_STEP][PASSED] - println(Address): null&#xD;
&#xD;
2019-07-24 14:17:10 - [TEST_STEP][PASSED] - println(City): null&#xD;
&#xD;
2019-07-24 14:17:10 - [TEST_STEP][PASSED] - println(Tel): null&#xD;
&#xD;
2019-07-24 14:17:10 - [TEST_STEP][PASSED] - println(AutoEmail): null&#xD;
&#xD;
2019-07-24 14:17:10 - [MESSAGE][PASSED] - Call Test Case 'Test Cases/mobileWeb/_include/name' successfully&#xD;
&#xD;
2019-07-24 14:17:10 - [TEST_STEP][PASSED] - Thread.sleep(3000): null&#xD;
&#xD;
2019-07-24 14:17:13 - [TEST_STEP][PASSED] - setText(findTestObject("mobileSanity/Dental/app_page1/input__member-P-1-firstName"), FirstName): Text 'Test-123' is set on object 'Object Repository/mobileSanity/Dental/app_page1/input__member-P-1-firstName'&#xD;
&#xD;
2019-07-24 14:17:13 - [MESSAGE][PASSED] - Text 'Test-123' is set on object 'Object Repository/mobileSanity/Dental/app_page1/input__member-P-1-firstName'&#xD;
&#xD;
2019-07-24 14:17:13 - [TEST_STEP][PASSED] - setText(findTestObject("mobileSanity/Dental/app_page1/input__member-P-1-lastName"), LastName): Text 'ZZ11-enrDDyax' is set on object 'Object Repository/mobileSanity/Dental/app_page1/input__member-P-1-lastName'&#xD;
&#xD;
2019-07-24 14:17:14 - [MESSAGE][PASSED] - Text 'ZZ11-enrDDyax' is set on object 'Object Repository/mobileSanity/Dental/app_page1/input__member-P-1-lastName'&#xD;
&#xD;
2019-07-24 14:17:14 - [TEST_STEP][PASSED] - setText(findTestObject("mobileSanity/Dental/app_page1/input__address"), Address): Text 'YXRdjjRn' is set on object 'Object Repository/mobileSanity/Dental/app_page1/input__address'&#xD;
&#xD;
2019-07-24 14:17:14 - [MESSAGE][PASSED] - Text 'YXRdjjRn' is set on object 'Object Repository/mobileSanity/Dental/app_page1/input__address'&#xD;
&#xD;
2019-07-24 14:17:14 - [TEST_STEP][PASSED] - setText(findTestObject("mobileSanity/Dental/app_page1/input__city"), City): Text 'JKlzgHEp' is set on object 'Object Repository/mobileSanity/Dental/app_page1/input__city'&#xD;
&#xD;
2019-07-24 14:17:14 - [MESSAGE][PASSED] - Text 'JKlzgHEp' is set on object 'Object Repository/mobileSanity/Dental/app_page1/input__city'&#xD;
&#xD;
2019-07-24 14:17:14 - [TEST_STEP][PASSED] - setText(findTestObject("mobileSanity/Dental/app_page1/input__email"), AutoEmail): Text 'test.xiMdwdJi@suryani.cn' is set on object 'Object Repository/mobileSanity/Dental/app_page1/input__email'&#xD;
&#xD;
2019-07-24 14:17:14 - [MESSAGE][PASSED] - Text 'test.xiMdwdJi@suryani.cn' is set on object 'Object Repository/mobileSanity/Dental/app_page1/input__email'&#xD;
&#xD;
2019-07-24 14:17:14 - [TEST_STEP][PASSED] - setText(findTestObject("mobileSanity/Dental/app_page1/input_phone"), Tel): Text '222-356-3282' is set on object 'Object Repository/mobileSanity/Dental/app_page1/input_phone'&#xD;
&#xD;
2019-07-24 14:17:15 - [MESSAGE][PASSED] - Text '222-356-3282' is set on object 'Object Repository/mobileSanity/Dental/app_page1/input_phone'&#xD;
&#xD;
2019-07-24 14:17:15 - [TEST_STEP][PASSED] - click(findTestObject("mobileSanity/Dental/app_page1/a_Continue to Step 2 - Payment")): Object: 'Object Repository/mobileSanity/Dental/app_page1/a_Continue to Step 2 - Payment' is clicked on&#xD;
&#xD;
2019-07-24 14:17:15 - [MESSAGE][PASSED] - Object: 'Object Repository/mobileSanity/Dental/app_page1/a_Continue to Step 2 - Payment' is clicked on&#xD;
&#xD;
2019-07-24 14:17:15 - [TEST_STEP][PASSED] - waitForPageLoad(10): Wait for page load successfully&#xD;
&#xD;
2019-07-24 14:17:15 - [MESSAGE][PASSED] - Wait for page load successfully&#xD;
&#xD;
2019-07-24 14:17:15 - [TEST_STEP][PASSED] - Thread.sleep(2000): null&#xD;
&#xD;
2019-07-24 14:17:17 - [TEST_STEP][PASSED] - callTestCase(findTestCase("mobileWeb/_include/get_screenshot"), [:], STOP_ON_FAILURE): Call Test Case 'Test Cases/mobileWeb/_include/get_screenshot' successfully&#xD;
&#xD;
2019-07-24 14:17:17 - [TEST_CASE][PASSED] - Test Cases/mobileWeb/_include/get_screenshot: Test Cases/mobileWeb/_include/get_screenshot&#xD;
&#xD;
2019-07-24 14:17:17 - [TEST_STEP][PASSED] - takeScreenshot(screenPath + i + ".png"): Taking screenshot successfully&#xD;
&#xD;
2019-07-24 14:17:18 - [MESSAGE][PASSED] - Taking screenshot successfully&#xD;
[[ATTACHMENT|D:\\Test\\AgileTest\\AgileTest\\Reports\\mobileWeb\\dental\\20190724_141358\\../Screenshots/iPhone X/dental/Nationwide/20190724_141629/7.png]]&#xD;
&#xD;
2019-07-24 14:17:18 - [TEST_STEP][PASSED] - (internal.GlobalVariable.i++): null&#xD;
&#xD;
2019-07-24 14:17:18 - [MESSAGE][PASSED] - Call Test Case 'Test Cases/mobileWeb/_include/get_screenshot' successfully&#xD;
&#xD;
2019-07-24 14:17:18 - [TEST_STEP][PASSED] - if (carrier == "usa"): null&#xD;
&#xD;
2019-07-24 14:17:18 - [TEST_STEP][PASSED] - setText(findTestObject("mobileSanity/Dental/app_page2/input__credit-card-first"), FirstName): Text 'Test-123' is set on object 'Object Repository/mobileSanity/Dental/app_page2/input__credit-card-first'&#xD;
&#xD;
2019-07-24 14:17:18 - [MESSAGE][PASSED] - Text 'Test-123' is set on object 'Object Repository/mobileSanity/Dental/app_page2/input__credit-card-first'&#xD;
&#xD;
2019-07-24 14:17:18 - [TEST_STEP][PASSED] - setText(findTestObject("mobileSanity/Dental/app_page2/input__credit-card-last"), LastName): Text 'ZZ11-enrDDyax' is set on object 'Object Repository/mobileSanity/Dental/app_page2/input__credit-card-last'&#xD;
&#xD;
2019-07-24 14:17:19 - [MESSAGE][PASSED] - Text 'ZZ11-enrDDyax' is set on object 'Object Repository/mobileSanity/Dental/app_page2/input__credit-card-last'&#xD;
&#xD;
2019-07-24 14:17:19 - [TEST_STEP][PASSED] - selectOptionByValue(findTestObject("mobileSanity/Dental/app_page2/select_MM010203040506070809101"), "12", true): All options with value '12' are selected in object 'Object Repository/mobileSanity/Dental/app_page2/select_MM010203040506070809101'  using regular expression&#xD;
&#xD;
2019-07-24 14:17:19 - [MESSAGE][PASSED] - All options with value '12' are selected in object 'Object Repository/mobileSanity/Dental/app_page2/select_MM010203040506070809101'  using regular expression&#xD;
&#xD;
2019-07-24 14:17:19 - [TEST_STEP][PASSED] - selectOptionByValue(findTestObject("mobileSanity/Dental/app_page2/select_YYYY2019202020212022202"), "2026", true): All options with value '2026' are selected in object 'Object Repository/mobileSanity/Dental/app_page2/select_YYYY2019202020212022202'  using regular expression&#xD;
&#xD;
2019-07-24 14:17:19 - [MESSAGE][PASSED] - All options with value '2026' are selected in object 'Object Repository/mobileSanity/Dental/app_page2/select_YYYY2019202020212022202'  using regular expression&#xD;
&#xD;
2019-07-24 14:17:19 - [TEST_STEP][PASSED] - setText(findTestObject("mobileSanity/Dental/app_page2/input__credit-card-number"), "4111111111111111"): Text '4111111111111111' is set on object 'Object Repository/mobileSanity/Dental/app_page2/input__credit-card-number'&#xD;
&#xD;
2019-07-24 14:17:20 - [MESSAGE][PASSED] - Text '4111111111111111' is set on object 'Object Repository/mobileSanity/Dental/app_page2/input__credit-card-number'&#xD;
&#xD;
2019-07-24 14:17:20 - [TEST_STEP][PASSED] - setText(findTestObject("mobileSanity/Dental/app_page2/input__cvv"), "123"): Text '123' is set on object 'Object Repository/mobileSanity/Dental/app_page2/input__cvv'&#xD;
&#xD;
2019-07-24 14:17:20 - [MESSAGE][PASSED] - Text '123' is set on object 'Object Repository/mobileSanity/Dental/app_page2/input__cvv'&#xD;
&#xD;
2019-07-24 14:17:20 - [TEST_STEP][PASSED] - click(findTestObject("mobileSanity/Dental/app_page2/label_My billing address is th")): Object: 'Object Repository/mobileSanity/Dental/app_page2/label_My billing address is th' is clicked on&#xD;
&#xD;
2019-07-24 14:17:20 - [MESSAGE][PASSED] - Object: 'Object Repository/mobileSanity/Dental/app_page2/label_My billing address is th' is clicked on&#xD;
&#xD;
2019-07-24 14:17:20 - [TEST_STEP][PASSED] - click(findTestObject("mobileSanity/Dental/app_page2/label_I Accept Authorization f")): Object: 'Object Repository/mobileSanity/Dental/app_page2/label_I Accept Authorization f' is clicked on&#xD;
&#xD;
2019-07-24 14:17:21 - [MESSAGE][PASSED] - Object: 'Object Repository/mobileSanity/Dental/app_page2/label_I Accept Authorization f' is clicked on&#xD;
&#xD;
2019-07-24 14:17:21 - [TEST_STEP][PASSED] - click(findTestObject("mobileSanity/Dental/app_page2/a_Continue to Step 3 - Review")): Object: 'Object Repository/mobileSanity/Dental/app_page2/a_Continue to Step 3 - Review' is clicked on&#xD;
&#xD;
2019-07-24 14:17:21 - [MESSAGE][PASSED] - Object: 'Object Repository/mobileSanity/Dental/app_page2/a_Continue to Step 3 - Review' is clicked on&#xD;
&#xD;
2019-07-24 14:17:21 - [TEST_STEP][PASSED] - waitForPageLoad(10): Wait for page load successfully&#xD;
&#xD;
2019-07-24 14:17:21 - [MESSAGE][PASSED] - Wait for page load successfully&#xD;
&#xD;
2019-07-24 14:17:21 - [TEST_STEP][PASSED] - Thread.sleep(2000): null&#xD;
&#xD;
2019-07-24 14:17:23 - [TEST_STEP][PASSED] - callTestCase(findTestCase("mobileWeb/_include/get_screenshot"), [:], STOP_ON_FAILURE): Call Test Case 'Test Cases/mobileWeb/_include/get_screenshot' successfully&#xD;
&#xD;
2019-07-24 14:17:23 - [TEST_CASE][PASSED] - Test Cases/mobileWeb/_include/get_screenshot: Test Cases/mobileWeb/_include/get_screenshot&#xD;
&#xD;
2019-07-24 14:17:23 - [TEST_STEP][PASSED] - takeScreenshot(screenPath + i + ".png"): Taking screenshot successfully&#xD;
&#xD;
2019-07-24 14:17:25 - [MESSAGE][PASSED] - Taking screenshot successfully&#xD;
[[ATTACHMENT|D:\\Test\\AgileTest\\AgileTest\\Reports\\mobileWeb\\dental\\20190724_141358\\../Screenshots/iPhone X/dental/Nationwide/20190724_141629/8.png]]&#xD;
&#xD;
2019-07-24 14:17:25 - [TEST_STEP][PASSED] - (internal.GlobalVariable.i++): null&#xD;
&#xD;
2019-07-24 14:17:25 - [MESSAGE][PASSED] - Call Test Case 'Test Cases/mobileWeb/_include/get_screenshot' successfully&#xD;
&#xD;
2019-07-24 14:17:25 - [TEST_STEP][PASSED] - click(findTestObject("mobileSanity/Dental/app_page3/label")): Object: 'Object Repository/mobileSanity/Dental/app_page3/label' is clicked on&#xD;
&#xD;
2019-07-24 14:17:33 - [MESSAGE][PASSED] - Object: 'Object Repository/mobileSanity/Dental/app_page3/label' is clicked on&#xD;
&#xD;
2019-07-24 14:17:33 - [TEST_STEP][PASSED] - click(findTestObject("mobileSanity/Dental/app_page3/p_CLICK TO SIGN")): Object: 'Object Repository/mobileSanity/Dental/app_page3/p_CLICK TO SIGN' is clicked on&#xD;
&#xD;
2019-07-24 14:17:33 - [MESSAGE][PASSED] - Object: 'Object Repository/mobileSanity/Dental/app_page3/p_CLICK TO SIGN' is clicked on&#xD;
&#xD;
2019-07-24 14:17:33 - [TEST_STEP][PASSED] - click(findTestObject("mobileSanity/Dental/app_page3/a_Submit Your Application")): Object: 'Object Repository/mobileSanity/Dental/app_page3/a_Submit Your Application' is clicked on&#xD;
&#xD;
2019-07-24 14:17:33 - [MESSAGE][PASSED] - Object: 'Object Repository/mobileSanity/Dental/app_page3/a_Submit Your Application' is clicked on&#xD;
&#xD;
2019-07-24 14:17:33 - [TEST_STEP][PASSED] - Thread.sleep(50000): null&#xD;
&#xD;
2019-07-24 14:18:23 - [TEST_STEP][PASSED] - callTestCase(findTestCase("mobileWeb/_include/get_screenshot"), [:], STOP_ON_FAILURE): Call Test Case 'Test Cases/mobileWeb/_include/get_screenshot' successfully&#xD;
&#xD;
2019-07-24 14:18:23 - [TEST_CASE][PASSED] - Test Cases/mobileWeb/_include/get_screenshot: Test Cases/mobileWeb/_include/get_screenshot&#xD;
&#xD;
2019-07-24 14:18:23 - [TEST_STEP][PASSED] - takeScreenshot(screenPath + i + ".png"): Taking screenshot successfully&#xD;
&#xD;
2019-07-24 14:18:24 - [MESSAGE][PASSED] - Taking screenshot successfully&#xD;
[[ATTACHMENT|D:\\Test\\AgileTest\\AgileTest\\Reports\\mobileWeb\\dental\\20190724_141358\\../Screenshots/iPhone X/dental/Nationwide/20190724_141629/9.png]]&#xD;
&#xD;
2019-07-24 14:18:24 - [TEST_STEP][PASSED] - (internal.GlobalVariable.i++): null&#xD;
&#xD;
2019-07-24 14:18:24 - [MESSAGE][PASSED] - Call Test Case 'Test Cases/mobileWeb/_include/get_screenshot' successfully&#xD;
&#xD;
2019-07-24 14:18:24 - [TEST_STEP][PASSED] - verifyTextPresent("Congratulations", false): Text 'Congratulations' is present on page &#xD;
&#xD;
2019-07-24 14:18:24 - [MESSAGE][PASSED] - Text 'Congratulations' is present on page &#xD;
&#xD;
2019-07-24 14:18:24 - [MESSAGE][PASSED] - Call Test Case 'Test Cases/mobileWeb/_include/goToEnd_dental' successfully</system-out>
            <system-err></system-err>
        </testcase>
        <system-out>2019-07-24 14:14:03 - [TEST_SUITE][INCOMPLETE] - dental: null</system-out>
        <system-err>2019-07-24 14:14:03 - [TEST_SUITE][INCOMPLETE] - dental: null</system-err>
    </testsuite>
</testsuites>
