<?xml version="1.0" encoding="UTF-8"?>
<testsuites name="dental" time="80" tests="0" failures="3" errors="0">
   <testsuite name="dental" tests="0" failures="3" errors="0" time="80" timestamp="2019-11-07 08:00:38" hostname="Administrator - 172.30.0.53" id="Test Suites/mobileWeb/dental">
      <properties>
         <property name="deviceName" value=""/>
         <property name="devicePlatform" value=""/>
         <property name="logFolder" value="D:\\Test\\AgileTest\\Reports\\mobileWeb\\dental\\20191107_080033"/>
         <property name="logFiles" value="D:\\Test\\AgileTest\\Reports\\mobileWeb\\dental\\20191107_080033\\execution0.log"/>
         <property name="attachments" value="D:\\Test\\AgileTest\\Reports\\mobileWeb\\dental\\20191107_080033\\../Screenshots/iPhone 6/dental/National General/20191107_080041/0.png, D:\\Test\\AgileTest\\Reports\\mobileWeb\\dental\\20191107_080033\\../Screenshots/iPhone 6/dental/National General/20191107_080041/1.png, D:\\Test\\AgileTest\\Reports\\mobileWeb\\dental\\20191107_080033\\../Screenshots/iPhone 6/dental/National General/20191107_080041/2.png, D:\\Test\\AgileTest\\Reports\\mobileWeb\\dental\\20191107_080033\\../Screenshots/iPhone 6/dental/National General/20191107_080041/3.png, D:\\Test\\AgileTest\\Reports\\mobileWeb\\dental\\20191107_080033\\../Screenshots/iPhone 6/dental/National General/20191107_080041/4.png, D:\\Test\\AgileTest\\Reports\\mobileWeb\\dental\\20191107_080033\\1573131673872.png, D:\\Test\\AgileTest\\Reports\\mobileWeb\\dental\\20191107_080033\\../Screenshots/iPhone 6/dental/Nationwide/20191107_080114/0.png, D:\\Test\\AgileTest\\Reports\\mobileWeb\\dental\\20191107_080033\\../Screenshots/iPhone 6/dental/Nationwide/20191107_080114/1.png, D:\\Test\\AgileTest\\Reports\\mobileWeb\\dental\\20191107_080033\\../Screenshots/iPhone 6/dental/Nationwide/20191107_080114/2.png, D:\\Test\\AgileTest\\Reports\\mobileWeb\\dental\\20191107_080033\\../Screenshots/iPhone 6/dental/Nationwide/20191107_080114/3.png, D:\\Test\\AgileTest\\Reports\\mobileWeb\\dental\\20191107_080033\\../Screenshots/iPhone 6/dental/Nationwide/20191107_080114/4.png, D:\\Test\\AgileTest\\Reports\\mobileWeb\\dental\\20191107_080033\\1573131696509.png, D:\\Test\\AgileTest\\Reports\\mobileWeb\\dental\\20191107_080033\\../Screenshots/iPhone 6/dental/USA Access/20191107_080137/0.png, D:\\Test\\AgileTest\\Reports\\mobileWeb\\dental\\20191107_080033\\../Screenshots/iPhone 6/dental/USA Access/20191107_080137/1.png, D:\\Test\\AgileTest\\Reports\\mobileWeb\\dental\\20191107_080033\\../Screenshots/iPhone 6/dental/USA Access/20191107_080137/2.png, D:\\Test\\AgileTest\\Reports\\mobileWeb\\dental\\20191107_080033\\../Screenshots/iPhone 6/dental/USA Access/20191107_080137/3.png, D:\\Test\\AgileTest\\Reports\\mobileWeb\\dental\\20191107_080033\\../Screenshots/iPhone 6/dental/USA Access/20191107_080137/4.png, D:\\Test\\AgileTest\\Reports\\mobileWeb\\dental\\20191107_080033\\1573131717612.png"/>
         <property name="hostName" value="Administrator - 172.30.0.53"/>
         <property name="os" value="Windows Server 2012 R2 64bit"/>
         <property name="katalonVersion" value="5.10.1.1"/>
         <property name="browser" value="Safari 11"/>
         <property name="hostAddress" value="172.30.0.53"/>
         <property name="sessionId" value="7beb8bf5ccdbd53fe708e57e058a509c"/>
         <property name="seleniumVersion" value="3.7.1"/>
         <property name="proxyInformation" value="ProxyInformation{proxyOption=NO_PROXY, proxyServerType=HTTP, password=, proxyServerAddress=, proxyServerPort=0}"/>
         <property name="platform" value="Windows Server 2012 R2"/>
      </properties>
      <testcase name="Test Cases/mobileWeb/Dental/National General" classname="Test Cases/mobileWeb/Dental/National General" status="FAILED">
         <failure type="FAILED" message="Test Cases/mobileWeb/Dental/National General FAILED.
Reason:
com.kms.katalon.core.exception.StepFailedException: Unable to click on object 'Object Repository/mobileSanity/Dental/quote/a_Select This Plan' (Root cause: org.openqa.selenium.WebDriverException: unknown error: Element &lt;a href=&quot;/dental-insurance/apply/nationalgeneral-dental-essentials-al&quot; class=&quot;js-buy-plan quote-plan-buy&quot;>...&lt;/a> is not clickable at point (187, 645). Other element would receive the click: &lt;iframe src=&quot;https://secure.livechatinc.com/licence/11465608/v2/open_chat.cgi?license=11465608&amp;amp;group=0&amp;amp;embedded=1&amp;amp;widget_version=3&amp;amp;unique_groups=0&quot; allowtransparency=&quot;true&quot; allow=&quot;autoplay&quot; id=&quot;chat-widget&quot; name=&quot;chat-widget&quot; scrolling=&quot;no&quot; role=&quot;application&quot; aria-label=&quot;LiveChat chat widget&quot; style=&quot;width: 100%; height: 100%; min-height: 0px; min-width: 0px; margin: 0px; padding: 0px; background-image: none; background-position: 0% 0%; background-size: initial; background-attachment: scroll; background-origin: initial; background-clip: initial; background-color: rgba(0, 0, 0, 0); border-width: 0px; float: none; position: absolute; top: 0px; left: 0px; bottom: 0px; right: 0px; transition: none 0s ease 0s !important;&quot;>&lt;/iframe>
  (Session info: chrome=78.0.3904.70)
  (Driver info: chromedriver=2.43.600210 (68dcf5eebde37173d4027fa8635e332711d2874a),platform=Windows NT 6.3.9600 x86_64) (WARNING: The server did not provide any stacktrace information)
Command duration or timeout: 0 milliseconds
Build info: version: '3.7.1', revision: '8a0099a', time: '2017-11-06T21:07:36.161Z'
System info: host: 'WIN-U215233FMVE', ip: '172.30.0.53', os.name: 'Windows Server 2012 R2', os.arch: 'amd64', os.version: '6.3', java.version: '1.8.0_181'
Driver info: com.kms.katalon.selenium.driver.CChromeDriver
Capabilities {acceptInsecureCerts: false, acceptSslCerts: false, applicationCacheEnabled: false, browserConnectionEnabled: false, browserName: chrome, chrome: {chromedriverVersion: 2.43.600210 (68dcf5eebde371..., userDataDir: C:\Users\ADMINI~1\AppData\L...}, cssSelectorsEnabled: true, databaseEnabled: false, goog:chromeOptions: {debuggerAddress: localhost:55915}, handlesAlerts: true, hasTouchScreen: true, javascriptEnabled: true, locationContextEnabled: true, mobileEmulationEnabled: true, nativeEvents: true, networkConnectionEnabled: false, pageLoadStrategy: normal, platform: XP, platformName: XP, rotatable: false, setWindowRect: true, takesHeapSnapshot: true, takesScreenshot: true, unexpectedAlertBehaviour: , unhandledPromptBehavior: , version: 78.0.3904.70, webStorageEnabled: true}
Session ID: 90c95e4e901afab1acf6952872d6d234)
	at com.kms.katalon.core.keyword.internal.KeywordMain.stepFailed(KeywordMain.groovy:36)
	at com.kms.katalon.core.webui.keyword.internal.WebUIKeywordMain.stepFailed(WebUIKeywordMain.groovy:65)
	at com.kms.katalon.core.webui.keyword.internal.WebUIKeywordMain.runKeyword(WebUIKeywordMain.groovy:27)
	at com.kms.katalon.core.webui.keyword.builtin.ClickKeyword.click(ClickKeyword.groovy:86)
	at com.kms.katalon.core.webui.keyword.builtin.ClickKeyword.execute(ClickKeyword.groovy:67)
	at com.kms.katalon.core.keyword.internal.KeywordExecutor.executeKeywordForPlatform(KeywordExecutor.groovy:53)
	at com.kms.katalon.core.webui.keyword.WebUiBuiltInKeywords.click(WebUiBuiltInKeywords.groovy:616)
	at com.kms.katalon.core.webui.keyword.WebUiBuiltInKeywords$click$2.call(Unknown Source)
	at National General.run(National General:40)
	at com.kms.katalon.core.main.ScriptEngine.run(ScriptEngine.java:194)
	at com.kms.katalon.core.main.ScriptEngine.runScriptAsRawText(ScriptEngine.java:119)
	at com.kms.katalon.core.main.TestCaseExecutor.runScript(TestCaseExecutor.java:328)
	at com.kms.katalon.core.main.TestCaseExecutor.doExecute(TestCaseExecutor.java:319)
	at com.kms.katalon.core.main.TestCaseExecutor.processExecutionPhase(TestCaseExecutor.java:298)
	at com.kms.katalon.core.main.TestCaseExecutor.accessMainPhase(TestCaseExecutor.java:290)
	at com.kms.katalon.core.main.TestCaseExecutor.execute(TestCaseExecutor.java:224)
	at com.kms.katalon.core.main.TestSuiteExecutor.accessTestCaseMainPhase(TestSuiteExecutor.java:129)
	at com.kms.katalon.core.main.TestSuiteExecutor.accessTestSuiteMainPhase(TestSuiteExecutor.java:112)
	at com.kms.katalon.core.main.TestSuiteExecutor.execute(TestSuiteExecutor.java:81)
	at com.kms.katalon.core.main.TestCaseMain.startTestSuite(TestCaseMain.java:149)
	at com.kms.katalon.core.main.TestCaseMain$startTestSuite$0.call(Unknown Source)
	at TempTestSuite1573131633276.run(TempTestSuite1573131633276.groovy:36)
"/>
         <system-out><![CDATA[2019-11-07 08:00:39 - [TEST_CASE][FAILED] - Test Cases/mobileWeb/Dental/National General: Test Cases/mobileWeb/Dental/National General FAILED.
Reason:
com.kms.katalon.core.exception.StepFailedException: Unable to click on object 'Object Repository/mobileSanity/Dental/quote/a_Select This Plan' (Root cause: org.openqa.selenium.WebDriverException: unknown error: Element <a href="/dental-insurance/apply/nationalgeneral-dental-essentials-al" class="js-buy-plan quote-plan-buy">...</a> is not clickable at point (187, 645). Other element would receive the click: <iframe src="https://secure.livechatinc.com/licence/11465608/v2/open_chat.cgi?license=11465608&amp;group=0&amp;embedded=1&amp;widget_version=3&amp;unique_groups=0" allowtransparency="true" allow="autoplay" id="chat-widget" name="chat-widget" scrolling="no" role="application" aria-label="LiveChat chat widget" style="width: 100%; height: 100%; min-height: 0px; min-width: 0px; margin: 0px; padding: 0px; background-image: none; background-position: 0% 0%; background-size: initial; background-attachment: scroll; background-origin: initial; background-clip: initial; background-color: rgba(0, 0, 0, 0); border-width: 0px; float: none; position: absolute; top: 0px; left: 0px; bottom: 0px; right: 0px; transition: none 0s ease 0s !important;"></iframe>
  (Session info: chrome=78.0.3904.70)
  (Driver info: chromedriver=2.43.600210 (68dcf5eebde37173d4027fa8635e332711d2874a),platform=Windows NT 6.3.9600 x86_64) (WARNING: The server did not provide any stacktrace information)
Command duration or timeout: 0 milliseconds
Build info: version: '3.7.1', revision: '8a0099a', time: '2017-11-06T21:07:36.161Z'
System info: host: 'WIN-U215233FMVE', ip: '172.30.0.53', os.name: 'Windows Server 2012 R2', os.arch: 'amd64', os.version: '6.3', java.version: '1.8.0_181'
Driver info: com.kms.katalon.selenium.driver.CChromeDriver
Capabilities {acceptInsecureCerts: false, acceptSslCerts: false, applicationCacheEnabled: false, browserConnectionEnabled: false, browserName: chrome, chrome: {chromedriverVersion: 2.43.600210 (68dcf5eebde371..., userDataDir: C:\Users\ADMINI~1\AppData\L...}, cssSelectorsEnabled: true, databaseEnabled: false, goog:chromeOptions: {debuggerAddress: localhost:55915}, handlesAlerts: true, hasTouchScreen: true, javascriptEnabled: true, locationContextEnabled: true, mobileEmulationEnabled: true, nativeEvents: true, networkConnectionEnabled: false, pageLoadStrategy: normal, platform: XP, platformName: XP, rotatable: false, setWindowRect: true, takesHeapSnapshot: true, takesScreenshot: true, unexpectedAlertBehaviour: , unhandledPromptBehavior: , version: 78.0.3904.70, webStorageEnabled: true}
Session ID: 90c95e4e901afab1acf6952872d6d234)
	at com.kms.katalon.core.keyword.internal.KeywordMain.stepFailed(KeywordMain.groovy:36)
	at com.kms.katalon.core.webui.keyword.internal.WebUIKeywordMain.stepFailed(WebUIKeywordMain.groovy:65)
	at com.kms.katalon.core.webui.keyword.internal.WebUIKeywordMain.runKeyword(WebUIKeywordMain.groovy:27)
	at com.kms.katalon.core.webui.keyword.builtin.ClickKeyword.click(ClickKeyword.groovy:86)
	at com.kms.katalon.core.webui.keyword.builtin.ClickKeyword.execute(ClickKeyword.groovy:67)
	at com.kms.katalon.core.keyword.internal.KeywordExecutor.executeKeywordForPlatform(KeywordExecutor.groovy:53)
	at com.kms.katalon.core.webui.keyword.WebUiBuiltInKeywords.click(WebUiBuiltInKeywords.groovy:616)
	at com.kms.katalon.core.webui.keyword.WebUiBuiltInKeywords$click$2.call(Unknown Source)
	at National General.run(National General:40)
	at com.kms.katalon.core.main.ScriptEngine.run(ScriptEngine.java:194)
	at com.kms.katalon.core.main.ScriptEngine.runScriptAsRawText(ScriptEngine.java:119)
	at com.kms.katalon.core.main.TestCaseExecutor.runScript(TestCaseExecutor.java:328)
	at com.kms.katalon.core.main.TestCaseExecutor.doExecute(TestCaseExecutor.java:319)
	at com.kms.katalon.core.main.TestCaseExecutor.processExecutionPhase(TestCaseExecutor.java:298)
	at com.kms.katalon.core.main.TestCaseExecutor.accessMainPhase(TestCaseExecutor.java:290)
	at com.kms.katalon.core.main.TestCaseExecutor.execute(TestCaseExecutor.java:224)
	at com.kms.katalon.core.main.TestSuiteExecutor.accessTestCaseMainPhase(TestSuiteExecutor.java:129)
	at com.kms.katalon.core.main.TestSuiteExecutor.accessTestSuiteMainPhase(TestSuiteExecutor.java:112)
	at com.kms.katalon.core.main.TestSuiteExecutor.execute(TestSuiteExecutor.java:81)
	at com.kms.katalon.core.main.TestCaseMain.startTestSuite(TestCaseMain.java:149)
	at com.kms.katalon.core.main.TestCaseMain$startTestSuite$0.call(Unknown Source)
	at TempTestSuite1573131633276.run(TempTestSuite1573131633276.groovy:36)


2019-11-07 08:00:40 - [TEST_STEP][PASSED] - callTestCase(findTestCase("mobileWeb/_include/get_screenPath"), ["productLine":"dental", "carrierName":"National General"], CONTINUE_ON_FAILURE): Call Test Case 'Test Cases/mobileWeb/_include/get_screenPath' successfully

2019-11-07 08:00:40 - [TEST_CASE][PASSED] - Test Cases/mobileWeb/_include/get_screenPath: Test Cases/mobileWeb/_include/get_screenPath

2019-11-07 08:00:41 - [TEST_STEP][PASSED] - m = getExecutionProperties(): null

2019-11-07 08:00:41 - [TEST_STEP][PASSED] - deviceName = get("mobileEmulation").get("deviceName"): null

2019-11-07 08:00:41 - [TEST_STEP][PASSED] - println(deviceName): null

2019-11-07 08:00:41 - [TEST_STEP][PASSED] - now = new java.util.Date(): null

2019-11-07 08:00:41 - [TEST_STEP][PASSED] - mydate = now.format("yyyyMMdd_HHmmss"): null

2019-11-07 08:00:41 - [TEST_STEP][PASSED] - screenPath = "../Screenshots/": null

2019-11-07 08:00:41 - [TEST_STEP][PASSED] - screenPath = screenPath + deviceName + "/" + productLine + "/" + carrierName + "/" + mydate + "/": null

2019-11-07 08:00:41 - [TEST_STEP][PASSED] - println(screenPath): null

2019-11-07 08:00:41 - [MESSAGE][PASSED] - Call Test Case 'Test Cases/mobileWeb/_include/get_screenPath' successfully

2019-11-07 08:00:41 - [TEST_STEP][PASSED] - callTestCase(findTestCase("mobileWeb/_include/openWebSite"), [:], STOP_ON_FAILURE): Call Test Case 'Test Cases/mobileWeb/_include/openWebSite' successfully

2019-11-07 08:00:41 - [TEST_CASE][PASSED] - Test Cases/mobileWeb/_include/openWebSite: Test Cases/mobileWeb/_include/openWebSite

2019-11-07 08:00:42 - [TEST_STEP][PASSED] - openBrowser(env): Browser is opened with url: 'https://praetemptatus.agilehealthinsurance.com'

2019-11-07 08:00:44 - [MESSAGE][INFO] - Starting 'Chrome' driver

2019-11-07 08:00:44 - [MESSAGE][INFO] - User set preference: ['mobileEmulation', '{deviceName=iPhone 6}']

2019-11-07 08:00:44 - [MESSAGE][INFO] - User set preference: ['args', '[--incognito, --aggressive-cache-discard, --window-size=375,677, --no-sandbox]']

2019-11-07 08:00:44 - [MESSAGE][INFO] - Action delay is set to 0 seconds

2019-11-07 08:00:49 - [MESSAGE][PASSED] - Browser is opened with url: 'https://praetemptatus.agilehealthinsurance.com'

2019-11-07 08:00:49 - [TEST_STEP][PASSED] - waitForPageLoad(20): Wait for page load successfully

2019-11-07 08:00:51 - [MESSAGE][PASSED] - Wait for page load successfully

2019-11-07 08:00:51 - [TEST_STEP][PASSED] - Thread.sleep(2000): null

2019-11-07 08:00:53 - [TEST_STEP][PASSED] - callTestCase(findTestCase("mobileWeb/_include/get_screenshot"), [:], STOP_ON_FAILURE): Call Test Case 'Test Cases/mobileWeb/_include/get_screenshot' successfully

2019-11-07 08:00:53 - [TEST_CASE][PASSED] - Test Cases/mobileWeb/_include/get_screenshot: Test Cases/mobileWeb/_include/get_screenshot

2019-11-07 08:00:53 - [TEST_STEP][PASSED] - takeScreenshot(screenPath + i + ".png"): Taking screenshot successfully

2019-11-07 08:00:54 - [MESSAGE][PASSED] - Taking screenshot successfully
[[ATTACHMENT|D:\\Test\\AgileTest\\Reports\\mobileWeb\\dental\\20191107_080033\\../Screenshots/iPhone 6/dental/National General/20191107_080041/0.png]]

2019-11-07 08:00:54 - [TEST_STEP][PASSED] - (internal.GlobalVariable.i++): null

2019-11-07 08:00:54 - [MESSAGE][PASSED] - Call Test Case 'Test Cases/mobileWeb/_include/get_screenshot' successfully

2019-11-07 08:00:54 - [MESSAGE][PASSED] - Call Test Case 'Test Cases/mobileWeb/_include/openWebSite' successfully

2019-11-07 08:00:54 - [TEST_STEP][PASSED] - callTestCase(findTestCase("mobileWeb/_include/census_dental"), ["zipcode":zipcode, "dob":"12/12/1980"], STOP_ON_FAILURE): Call Test Case 'Test Cases/mobileWeb/_include/census_dental' successfully

2019-11-07 08:00:54 - [TEST_CASE][PASSED] - Test Cases/mobileWeb/_include/census_dental: Test Cases/mobileWeb/_include/census_dental

2019-11-07 08:00:54 - [TEST_STEP][PASSED] - click(findTestObject("mobileSanity/Common/side_nav/menu")): Object: 'Object Repository/mobileSanity/Common/side_nav/menu' is clicked on

2019-11-07 08:00:54 - [MESSAGE][PASSED] - Object: 'Object Repository/mobileSanity/Common/side_nav/menu' is clicked on

2019-11-07 08:00:54 - [TEST_STEP][PASSED] - Thread.sleep(3000): null

2019-11-07 08:00:57 - [TEST_STEP][PASSED] - callTestCase(findTestCase("mobileWeb/_include/get_screenshot"), [:], STOP_ON_FAILURE): Call Test Case 'Test Cases/mobileWeb/_include/get_screenshot' successfully

2019-11-07 08:00:58 - [TEST_CASE][PASSED] - Test Cases/mobileWeb/_include/get_screenshot: Test Cases/mobileWeb/_include/get_screenshot

2019-11-07 08:00:58 - [TEST_STEP][PASSED] - takeScreenshot(screenPath + i + ".png"): Taking screenshot successfully

2019-11-07 08:00:58 - [MESSAGE][PASSED] - Taking screenshot successfully
[[ATTACHMENT|D:\\Test\\AgileTest\\Reports\\mobileWeb\\dental\\20191107_080033\\../Screenshots/iPhone 6/dental/National General/20191107_080041/1.png]]

2019-11-07 08:00:58 - [TEST_STEP][PASSED] - (internal.GlobalVariable.i++): null

2019-11-07 08:00:58 - [MESSAGE][PASSED] - Call Test Case 'Test Cases/mobileWeb/_include/get_screenshot' successfully

2019-11-07 08:00:58 - [TEST_STEP][PASSED] - click(findTestObject("mobileSanity/Common/side_nav/nav_dental")): Object: 'Object Repository/mobileSanity/Common/side_nav/nav_dental' is clicked on

2019-11-07 08:00:59 - [MESSAGE][PASSED] - Object: 'Object Repository/mobileSanity/Common/side_nav/nav_dental' is clicked on

2019-11-07 08:00:59 - [TEST_STEP][PASSED] - waitForPageLoad(10): Wait for page load successfully

2019-11-07 08:01:01 - [MESSAGE][PASSED] - Wait for page load successfully

2019-11-07 08:01:01 - [TEST_STEP][PASSED] - callTestCase(findTestCase("mobileWeb/_include/get_screenshot"), [:], STOP_ON_FAILURE): Call Test Case 'Test Cases/mobileWeb/_include/get_screenshot' successfully

2019-11-07 08:01:01 - [TEST_CASE][PASSED] - Test Cases/mobileWeb/_include/get_screenshot: Test Cases/mobileWeb/_include/get_screenshot

2019-11-07 08:01:01 - [TEST_STEP][PASSED] - takeScreenshot(screenPath + i + ".png"): Taking screenshot successfully

2019-11-07 08:01:02 - [MESSAGE][PASSED] - Taking screenshot successfully
[[ATTACHMENT|D:\\Test\\AgileTest\\Reports\\mobileWeb\\dental\\20191107_080033\\../Screenshots/iPhone 6/dental/National General/20191107_080041/2.png]]

2019-11-07 08:01:02 - [TEST_STEP][PASSED] - (internal.GlobalVariable.i++): null

2019-11-07 08:01:02 - [MESSAGE][PASSED] - Call Test Case 'Test Cases/mobileWeb/_include/get_screenshot' successfully

2019-11-07 08:01:02 - [TEST_STEP][PASSED] - sendKeys(findTestObject("mobileSanity/Dental/census/input_Location_zip-input"), zipcode): Keys '35215' sent to object: 'Object Repository/mobileSanity/Dental/census/input_Location_zip-input'

2019-11-07 08:01:02 - [MESSAGE][PASSED] - Keys '35215' sent to object: 'Object Repository/mobileSanity/Dental/census/input_Location_zip-input'

2019-11-07 08:01:02 - [TEST_STEP][PASSED] - Thread.sleep(500): null

2019-11-07 08:01:02 - [TEST_STEP][PASSED] - setText(findTestObject("mobileSanity/Dental/census/input_Date of Birth_dob-0"), "12121980"): Text '12121980' is set on object 'Object Repository/mobileSanity/Dental/census/input_Date of Birth_dob-0'

2019-11-07 08:01:02 - [MESSAGE][PASSED] - Text '12121980' is set on object 'Object Repository/mobileSanity/Dental/census/input_Date of Birth_dob-0'

2019-11-07 08:01:02 - [TEST_STEP][PASSED] - click(findTestObject("mobileSanity/Dental/census/label_Male")): Object: 'Object Repository/mobileSanity/Dental/census/label_Male' is clicked on

2019-11-07 08:01:03 - [MESSAGE][PASSED] - Object: 'Object Repository/mobileSanity/Dental/census/label_Male' is clicked on

2019-11-07 08:01:03 - [TEST_STEP][PASSED] - click(findTestObject("mobileSanity/Dental/census/label_Compare Dental Insurance")): Object: 'Object Repository/mobileSanity/Dental/census/label_Compare Dental Insurance' is clicked on

2019-11-07 08:01:06 - [MESSAGE][PASSED] - Object: 'Object Repository/mobileSanity/Dental/census/label_Compare Dental Insurance' is clicked on

2019-11-07 08:01:06 - [TEST_STEP][PASSED] - waitForPageLoad(10): Wait for page load successfully

2019-11-07 08:01:07 - [MESSAGE][PASSED] - Wait for page load successfully

2019-11-07 08:01:07 - [TEST_STEP][PASSED] - Thread.sleep(2000): null

2019-11-07 08:01:09 - [TEST_STEP][PASSED] - callTestCase(findTestCase("mobileWeb/_include/get_screenshot"), [:], STOP_ON_FAILURE): Call Test Case 'Test Cases/mobileWeb/_include/get_screenshot' successfully

2019-11-07 08:01:09 - [TEST_CASE][PASSED] - Test Cases/mobileWeb/_include/get_screenshot: Test Cases/mobileWeb/_include/get_screenshot

2019-11-07 08:01:09 - [TEST_STEP][PASSED] - takeScreenshot(screenPath + i + ".png"): Taking screenshot successfully

2019-11-07 08:01:10 - [MESSAGE][PASSED] - Taking screenshot successfully
[[ATTACHMENT|D:\\Test\\AgileTest\\Reports\\mobileWeb\\dental\\20191107_080033\\../Screenshots/iPhone 6/dental/National General/20191107_080041/3.png]]

2019-11-07 08:01:10 - [TEST_STEP][PASSED] - (internal.GlobalVariable.i++): null

2019-11-07 08:01:10 - [MESSAGE][PASSED] - Call Test Case 'Test Cases/mobileWeb/_include/get_screenshot' successfully

2019-11-07 08:01:10 - [MESSAGE][PASSED] - Call Test Case 'Test Cases/mobileWeb/_include/census_dental' successfully

2019-11-07 08:01:10 - [TEST_STEP][PASSED] - click(findTestObject("mobileSanity/Dental/filter/btn_filter")): Object: 'Object Repository/mobileSanity/Dental/filter/btn_filter' is clicked on

2019-11-07 08:01:10 - [MESSAGE][PASSED] - Object: 'Object Repository/mobileSanity/Dental/filter/btn_filter' is clicked on

2019-11-07 08:01:10 - [TEST_STEP][PASSED] - waitForElementVisible(findTestObject("mobileSanity/Dental/filter/btn_company"), 10): Object 'Object Repository/mobileSanity/Dental/filter/btn_company' is visible

2019-11-07 08:01:10 - [MESSAGE][PASSED] - Object 'Object Repository/mobileSanity/Dental/filter/btn_company' is visible

2019-11-07 08:01:10 - [TEST_STEP][PASSED] - click(findTestObject("mobileSanity/Dental/filter/btn_company")): Object: 'Object Repository/mobileSanity/Dental/filter/btn_company' is clicked on

2019-11-07 08:01:10 - [MESSAGE][PASSED] - Object: 'Object Repository/mobileSanity/Dental/filter/btn_company' is clicked on

2019-11-07 08:01:10 - [TEST_STEP][PASSED] - Thread.sleep(2000): null

2019-11-07 08:01:12 - [TEST_STEP][PASSED] - click(findTestObject("mobileSanity/Dental/filter/btn_ng")): Object: 'Object Repository/mobileSanity/Dental/filter/btn_ng' is clicked on

2019-11-07 08:01:12 - [MESSAGE][PASSED] - Object: 'Object Repository/mobileSanity/Dental/filter/btn_ng' is clicked on

2019-11-07 08:01:12 - [TEST_STEP][PASSED] - waitForJQueryLoad(20, STOP_ON_FAILURE): jQuery is ready.

2019-11-07 08:01:13 - [MESSAGE][PASSED] - jQuery is ready.

2019-11-07 08:01:13 - [TEST_STEP][PASSED] - callTestCase(findTestCase("mobileWeb/_include/get_screenshot"), [:], STOP_ON_FAILURE): Call Test Case 'Test Cases/mobileWeb/_include/get_screenshot' successfully

2019-11-07 08:01:13 - [TEST_CASE][PASSED] - Test Cases/mobileWeb/_include/get_screenshot: Test Cases/mobileWeb/_include/get_screenshot

2019-11-07 08:01:13 - [TEST_STEP][PASSED] - takeScreenshot(screenPath + i + ".png"): Taking screenshot successfully

2019-11-07 08:01:13 - [MESSAGE][PASSED] - Taking screenshot successfully
[[ATTACHMENT|D:\\Test\\AgileTest\\Reports\\mobileWeb\\dental\\20191107_080033\\../Screenshots/iPhone 6/dental/National General/20191107_080041/4.png]]

2019-11-07 08:01:13 - [TEST_STEP][PASSED] - (internal.GlobalVariable.i++): null

2019-11-07 08:01:13 - [MESSAGE][PASSED] - Call Test Case 'Test Cases/mobileWeb/_include/get_screenshot' successfully

2019-11-07 08:01:13 - [TEST_STEP][PASSED] - click(findTestObject("mobileSanity/Dental/filter/btn_filter")): Object: 'Object Repository/mobileSanity/Dental/filter/btn_filter' is clicked on

2019-11-07 08:01:13 - [MESSAGE][PASSED] - Object: 'Object Repository/mobileSanity/Dental/filter/btn_filter' is clicked on

2019-11-07 08:01:13 - [TEST_STEP][FAILED] - click(findTestObject("mobileSanity/Dental/quote/a_Select This Plan")): click(findTestObject("mobileSanity/Dental/quote/a_Select This Plan")) FAILED.
Reason:
com.kms.katalon.core.exception.StepFailedException: Unable to click on object 'Object Repository/mobileSanity/Dental/quote/a_Select This Plan' (Root cause: org.openqa.selenium.WebDriverException: unknown error: Element <a href="/dental-insurance/apply/nationalgeneral-dental-essentials-al" class="js-buy-plan quote-plan-buy">...</a> is not clickable at point (187, 645). Other element would receive the click: <iframe src="https://secure.livechatinc.com/licence/11465608/v2/open_chat.cgi?license=11465608&amp;group=0&amp;embedded=1&amp;widget_version=3&amp;unique_groups=0" allowtransparency="true" allow="autoplay" id="chat-widget" name="chat-widget" scrolling="no" role="application" aria-label="LiveChat chat widget" style="width: 100%; height: 100%; min-height: 0px; min-width: 0px; margin: 0px; padding: 0px; background-image: none; background-position: 0% 0%; background-size: initial; background-attachment: scroll; background-origin: initial; background-clip: initial; background-color: rgba(0, 0, 0, 0); border-width: 0px; float: none; position: absolute; top: 0px; left: 0px; bottom: 0px; right: 0px; transition: none 0s ease 0s !important;"></iframe>
  (Session info: chrome=78.0.3904.70)
  (Driver info: chromedriver=2.43.600210 (68dcf5eebde37173d4027fa8635e332711d2874a),platform=Windows NT 6.3.9600 x86_64) (WARNING: The server did not provide any stacktrace information)
Command duration or timeout: 0 milliseconds
Build info: version: '3.7.1', revision: '8a0099a', time: '2017-11-06T21:07:36.161Z'
System info: host: 'WIN-U215233FMVE', ip: '172.30.0.53', os.name: 'Windows Server 2012 R2', os.arch: 'amd64', os.version: '6.3', java.version: '1.8.0_181'
Driver info: com.kms.katalon.selenium.driver.CChromeDriver
Capabilities {acceptInsecureCerts: false, acceptSslCerts: false, applicationCacheEnabled: false, browserConnectionEnabled: false, browserName: chrome, chrome: {chromedriverVersion: 2.43.600210 (68dcf5eebde371..., userDataDir: C:\Users\ADMINI~1\AppData\L...}, cssSelectorsEnabled: true, databaseEnabled: false, goog:chromeOptions: {debuggerAddress: localhost:55915}, handlesAlerts: true, hasTouchScreen: true, javascriptEnabled: true, locationContextEnabled: true, mobileEmulationEnabled: true, nativeEvents: true, networkConnectionEnabled: false, pageLoadStrategy: normal, platform: XP, platformName: XP, rotatable: false, setWindowRect: true, takesHeapSnapshot: true, takesScreenshot: true, unexpectedAlertBehaviour: , unhandledPromptBehavior: , version: 78.0.3904.70, webStorageEnabled: true}
Session ID: 90c95e4e901afab1acf6952872d6d234)
	at com.kms.katalon.core.keyword.internal.KeywordMain.stepFailed(KeywordMain.groovy:36)
	at com.kms.katalon.core.webui.keyword.internal.WebUIKeywordMain.stepFailed(WebUIKeywordMain.groovy:65)
	at com.kms.katalon.core.webui.keyword.internal.WebUIKeywordMain.runKeyword(WebUIKeywordMain.groovy:27)
	at com.kms.katalon.core.webui.keyword.builtin.ClickKeyword.click(ClickKeyword.groovy:86)
	at com.kms.katalon.core.webui.keyword.builtin.ClickKeyword.execute(ClickKeyword.groovy:67)
	at com.kms.katalon.core.keyword.internal.KeywordExecutor.executeKeywordForPlatform(KeywordExecutor.groovy:53)
	at com.kms.katalon.core.webui.keyword.WebUiBuiltInKeywords.click(WebUiBuiltInKeywords.groovy:616)
	at com.kms.katalon.core.webui.keyword.WebUiBuiltInKeywords$click$2.call(Unknown Source)
	at National General.run(National General:40)
	at com.kms.katalon.core.main.ScriptEngine.run(ScriptEngine.java:194)
	at com.kms.katalon.core.main.ScriptEngine.runScriptAsRawText(ScriptEngine.java:119)
	at com.kms.katalon.core.main.TestCaseExecutor.runScript(TestCaseExecutor.java:328)
	at com.kms.katalon.core.main.TestCaseExecutor.doExecute(TestCaseExecutor.java:319)
	at com.kms.katalon.core.main.TestCaseExecutor.processExecutionPhase(TestCaseExecutor.java:298)
	at com.kms.katalon.core.main.TestCaseExecutor.accessMainPhase(TestCaseExecutor.java:290)
	at com.kms.katalon.core.main.TestCaseExecutor.execute(TestCaseExecutor.java:224)
	at com.kms.katalon.core.main.TestSuiteExecutor.accessTestCaseMainPhase(TestSuiteExecutor.java:129)
	at com.kms.katalon.core.main.TestSuiteExecutor.accessTestSuiteMainPhase(TestSuiteExecutor.java:112)
	at com.kms.katalon.core.main.TestSuiteExecutor.execute(TestSuiteExecutor.java:81)
	at com.kms.katalon.core.main.TestCaseMain.startTestSuite(TestCaseMain.java:149)
	at com.kms.katalon.core.main.TestCaseMain$startTestSuite$0.call(Unknown Source)
	at TempTestSuite1573131633276.run(TempTestSuite1573131633276.groovy:36)


2019-11-07 08:01:14 - [MESSAGE][FAILED] - Unable to click on object 'Object Repository/mobileSanity/Dental/quote/a_Select This Plan' (Root cause: org.openqa.selenium.WebDriverException: unknown error: Element <a href="/dental-insurance/apply/nationalgeneral-dental-essentials-al" class="js-buy-plan quote-plan-buy">...</a> is not clickable at point (187, 645). Other element would receive the click: <iframe src="https://secure.livechatinc.com/licence/11465608/v2/open_chat.cgi?license=11465608&amp;group=0&amp;embedded=1&amp;widget_version=3&amp;unique_groups=0" allowtransparency="true" allow="autoplay" id="chat-widget" name="chat-widget" scrolling="no" role="application" aria-label="LiveChat chat widget" style="width: 100%; height: 100%; min-height: 0px; min-width: 0px; margin: 0px; padding: 0px; background-image: none; background-position: 0% 0%; background-size: initial; background-attachment: scroll; background-origin: initial; background-clip: initial; background-color: rgba(0, 0, 0, 0); border-width: 0px; float: none; position: absolute; top: 0px; left: 0px; bottom: 0px; right: 0px; transition: none 0s ease 0s !important;"></iframe>
  (Session info: chrome=78.0.3904.70)
  (Driver info: chromedriver=2.43.600210 (68dcf5eebde37173d4027fa8635e332711d2874a),platform=Windows NT 6.3.9600 x86_64) (WARNING: The server did not provide any stacktrace information)
Command duration or timeout: 0 milliseconds
Build info: version: '3.7.1', revision: '8a0099a', time: '2017-11-06T21:07:36.161Z'
System info: host: 'WIN-U215233FMVE', ip: '172.30.0.53', os.name: 'Windows Server 2012 R2', os.arch: 'amd64', os.version: '6.3', java.version: '1.8.0_181'
Driver info: com.kms.katalon.selenium.driver.CChromeDriver
Capabilities {acceptInsecureCerts: false, acceptSslCerts: false, applicationCacheEnabled: false, browserConnectionEnabled: false, browserName: chrome, chrome: {chromedriverVersion: 2.43.600210 (68dcf5eebde371..., userDataDir: C:\Users\ADMINI~1\AppData\L...}, cssSelectorsEnabled: true, databaseEnabled: false, goog:chromeOptions: {debuggerAddress: localhost:55915}, handlesAlerts: true, hasTouchScreen: true, javascriptEnabled: true, locationContextEnabled: true, mobileEmulationEnabled: true, nativeEvents: true, networkConnectionEnabled: false, pageLoadStrategy: normal, platform: XP, platformName: XP, rotatable: false, setWindowRect: true, takesHeapSnapshot: true, takesScreenshot: true, unexpectedAlertBehaviour: , unhandledPromptBehavior: , version: 78.0.3904.70, webStorageEnabled: true}
Session ID: 90c95e4e901afab1acf6952872d6d234)
[[ATTACHMENT|D:\\Test\\AgileTest\\Reports\\mobileWeb\\dental\\20191107_080033\\1573131673872.png]]

2019-11-07 08:01:14 - [MESSAGE][FAILED] - click(findTestObject("mobileSanity/Dental/quote/a_Select This Plan")) FAILED.
Reason:
com.kms.katalon.core.exception.StepFailedException: Unable to click on object 'Object Repository/mobileSanity/Dental/quote/a_Select This Plan' (Root cause: org.openqa.selenium.WebDriverException: unknown error: Element <a href="/dental-insurance/apply/nationalgeneral-dental-essentials-al" class="js-buy-plan quote-plan-buy">...</a> is not clickable at point (187, 645). Other element would receive the click: <iframe src="https://secure.livechatinc.com/licence/11465608/v2/open_chat.cgi?license=11465608&amp;group=0&amp;embedded=1&amp;widget_version=3&amp;unique_groups=0" allowtransparency="true" allow="autoplay" id="chat-widget" name="chat-widget" scrolling="no" role="application" aria-label="LiveChat chat widget" style="width: 100%; height: 100%; min-height: 0px; min-width: 0px; margin: 0px; padding: 0px; background-image: none; background-position: 0% 0%; background-size: initial; background-attachment: scroll; background-origin: initial; background-clip: initial; background-color: rgba(0, 0, 0, 0); border-width: 0px; float: none; position: absolute; top: 0px; left: 0px; bottom: 0px; right: 0px; transition: none 0s ease 0s !important;"></iframe>
  (Session info: chrome=78.0.3904.70)
  (Driver info: chromedriver=2.43.600210 (68dcf5eebde37173d4027fa8635e332711d2874a),platform=Windows NT 6.3.9600 x86_64) (WARNING: The server did not provide any stacktrace information)
Command duration or timeout: 0 milliseconds
Build info: version: '3.7.1', revision: '8a0099a', time: '2017-11-06T21:07:36.161Z'
System info: host: 'WIN-U215233FMVE', ip: '172.30.0.53', os.name: 'Windows Server 2012 R2', os.arch: 'amd64', os.version: '6.3', java.version: '1.8.0_181'
Driver info: com.kms.katalon.selenium.driver.CChromeDriver
Capabilities {acceptInsecureCerts: false, acceptSslCerts: false, applicationCacheEnabled: false, browserConnectionEnabled: false, browserName: chrome, chrome: {chromedriverVersion: 2.43.600210 (68dcf5eebde371..., userDataDir: C:\Users\ADMINI~1\AppData\L...}, cssSelectorsEnabled: true, databaseEnabled: false, goog:chromeOptions: {debuggerAddress: localhost:55915}, handlesAlerts: true, hasTouchScreen: true, javascriptEnabled: true, locationContextEnabled: true, mobileEmulationEnabled: true, nativeEvents: true, networkConnectionEnabled: false, pageLoadStrategy: normal, platform: XP, platformName: XP, rotatable: false, setWindowRect: true, takesHeapSnapshot: true, takesScreenshot: true, unexpectedAlertBehaviour: , unhandledPromptBehavior: , version: 78.0.3904.70, webStorageEnabled: true}
Session ID: 90c95e4e901afab1acf6952872d6d234)
	at com.kms.katalon.core.keyword.internal.KeywordMain.stepFailed(KeywordMain.groovy:36)
	at com.kms.katalon.core.webui.keyword.internal.WebUIKeywordMain.stepFailed(WebUIKeywordMain.groovy:65)
	at com.kms.katalon.core.webui.keyword.internal.WebUIKeywordMain.runKeyword(WebUIKeywordMain.groovy:27)
	at com.kms.katalon.core.webui.keyword.builtin.ClickKeyword.click(ClickKeyword.groovy:86)
	at com.kms.katalon.core.webui.keyword.builtin.ClickKeyword.execute(ClickKeyword.groovy:67)
	at com.kms.katalon.core.keyword.internal.KeywordExecutor.executeKeywordForPlatform(KeywordExecutor.groovy:53)
	at com.kms.katalon.core.webui.keyword.WebUiBuiltInKeywords.click(WebUiBuiltInKeywords.groovy:616)
	at com.kms.katalon.core.webui.keyword.WebUiBuiltInKeywords$click$2.call(Unknown Source)
	at National General.run(National General:40)
	at com.kms.katalon.core.main.ScriptEngine.run(ScriptEngine.java:194)
	at com.kms.katalon.core.main.ScriptEngine.runScriptAsRawText(ScriptEngine.java:119)
	at com.kms.katalon.core.main.TestCaseExecutor.runScript(TestCaseExecutor.java:328)
	at com.kms.katalon.core.main.TestCaseExecutor.doExecute(TestCaseExecutor.java:319)
	at com.kms.katalon.core.main.TestCaseExecutor.processExecutionPhase(TestCaseExecutor.java:298)
	at com.kms.katalon.core.main.TestCaseExecutor.accessMainPhase(TestCaseExecutor.java:290)
	at com.kms.katalon.core.main.TestCaseExecutor.execute(TestCaseExecutor.java:224)
	at com.kms.katalon.core.main.TestSuiteExecutor.accessTestCaseMainPhase(TestSuiteExecutor.java:129)
	at com.kms.katalon.core.main.TestSuiteExecutor.accessTestSuiteMainPhase(TestSuiteExecutor.java:112)
	at com.kms.katalon.core.main.TestSuiteExecutor.execute(TestSuiteExecutor.java:81)
	at com.kms.katalon.core.main.TestCaseMain.startTestSuite(TestCaseMain.java:149)
	at com.kms.katalon.core.main.TestCaseMain$startTestSuite$0.call(Unknown Source)
	at TempTestSuite1573131633276.run(TempTestSuite1573131633276.groovy:36)]]></system-out>
         <system-err><![CDATA[2019-11-07 08:00:39 - [TEST_CASE][FAILED] - Test Cases/mobileWeb/Dental/National General: Test Cases/mobileWeb/Dental/National General FAILED.
Reason:
com.kms.katalon.core.exception.StepFailedException: Unable to click on object 'Object Repository/mobileSanity/Dental/quote/a_Select This Plan' (Root cause: org.openqa.selenium.WebDriverException: unknown error: Element <a href="/dental-insurance/apply/nationalgeneral-dental-essentials-al" class="js-buy-plan quote-plan-buy">...</a> is not clickable at point (187, 645). Other element would receive the click: <iframe src="https://secure.livechatinc.com/licence/11465608/v2/open_chat.cgi?license=11465608&amp;group=0&amp;embedded=1&amp;widget_version=3&amp;unique_groups=0" allowtransparency="true" allow="autoplay" id="chat-widget" name="chat-widget" scrolling="no" role="application" aria-label="LiveChat chat widget" style="width: 100%; height: 100%; min-height: 0px; min-width: 0px; margin: 0px; padding: 0px; background-image: none; background-position: 0% 0%; background-size: initial; background-attachment: scroll; background-origin: initial; background-clip: initial; background-color: rgba(0, 0, 0, 0); border-width: 0px; float: none; position: absolute; top: 0px; left: 0px; bottom: 0px; right: 0px; transition: none 0s ease 0s !important;"></iframe>
  (Session info: chrome=78.0.3904.70)
  (Driver info: chromedriver=2.43.600210 (68dcf5eebde37173d4027fa8635e332711d2874a),platform=Windows NT 6.3.9600 x86_64) (WARNING: The server did not provide any stacktrace information)
Command duration or timeout: 0 milliseconds
Build info: version: '3.7.1', revision: '8a0099a', time: '2017-11-06T21:07:36.161Z'
System info: host: 'WIN-U215233FMVE', ip: '172.30.0.53', os.name: 'Windows Server 2012 R2', os.arch: 'amd64', os.version: '6.3', java.version: '1.8.0_181'
Driver info: com.kms.katalon.selenium.driver.CChromeDriver
Capabilities {acceptInsecureCerts: false, acceptSslCerts: false, applicationCacheEnabled: false, browserConnectionEnabled: false, browserName: chrome, chrome: {chromedriverVersion: 2.43.600210 (68dcf5eebde371..., userDataDir: C:\Users\ADMINI~1\AppData\L...}, cssSelectorsEnabled: true, databaseEnabled: false, goog:chromeOptions: {debuggerAddress: localhost:55915}, handlesAlerts: true, hasTouchScreen: true, javascriptEnabled: true, locationContextEnabled: true, mobileEmulationEnabled: true, nativeEvents: true, networkConnectionEnabled: false, pageLoadStrategy: normal, platform: XP, platformName: XP, rotatable: false, setWindowRect: true, takesHeapSnapshot: true, takesScreenshot: true, unexpectedAlertBehaviour: , unhandledPromptBehavior: , version: 78.0.3904.70, webStorageEnabled: true}
Session ID: 90c95e4e901afab1acf6952872d6d234)
	at com.kms.katalon.core.keyword.internal.KeywordMain.stepFailed(KeywordMain.groovy:36)
	at com.kms.katalon.core.webui.keyword.internal.WebUIKeywordMain.stepFailed(WebUIKeywordMain.groovy:65)
	at com.kms.katalon.core.webui.keyword.internal.WebUIKeywordMain.runKeyword(WebUIKeywordMain.groovy:27)
	at com.kms.katalon.core.webui.keyword.builtin.ClickKeyword.click(ClickKeyword.groovy:86)
	at com.kms.katalon.core.webui.keyword.builtin.ClickKeyword.execute(ClickKeyword.groovy:67)
	at com.kms.katalon.core.keyword.internal.KeywordExecutor.executeKeywordForPlatform(KeywordExecutor.groovy:53)
	at com.kms.katalon.core.webui.keyword.WebUiBuiltInKeywords.click(WebUiBuiltInKeywords.groovy:616)
	at com.kms.katalon.core.webui.keyword.WebUiBuiltInKeywords$click$2.call(Unknown Source)
	at National General.run(National General:40)
	at com.kms.katalon.core.main.ScriptEngine.run(ScriptEngine.java:194)
	at com.kms.katalon.core.main.ScriptEngine.runScriptAsRawText(ScriptEngine.java:119)
	at com.kms.katalon.core.main.TestCaseExecutor.runScript(TestCaseExecutor.java:328)
	at com.kms.katalon.core.main.TestCaseExecutor.doExecute(TestCaseExecutor.java:319)
	at com.kms.katalon.core.main.TestCaseExecutor.processExecutionPhase(TestCaseExecutor.java:298)
	at com.kms.katalon.core.main.TestCaseExecutor.accessMainPhase(TestCaseExecutor.java:290)
	at com.kms.katalon.core.main.TestCaseExecutor.execute(TestCaseExecutor.java:224)
	at com.kms.katalon.core.main.TestSuiteExecutor.accessTestCaseMainPhase(TestSuiteExecutor.java:129)
	at com.kms.katalon.core.main.TestSuiteExecutor.accessTestSuiteMainPhase(TestSuiteExecutor.java:112)
	at com.kms.katalon.core.main.TestSuiteExecutor.execute(TestSuiteExecutor.java:81)
	at com.kms.katalon.core.main.TestCaseMain.startTestSuite(TestCaseMain.java:149)
	at com.kms.katalon.core.main.TestCaseMain$startTestSuite$0.call(Unknown Source)
	at TempTestSuite1573131633276.run(TempTestSuite1573131633276.groovy:36)]]></system-err>
      </testcase>
      <testcase name="Test Cases/mobileWeb/Dental/Nationwide" classname="Test Cases/mobileWeb/Dental/Nationwide" status="FAILED">
         <failure type="FAILED" message="Test Cases/mobileWeb/Dental/Nationwide FAILED.
Reason:
com.kms.katalon.core.exception.StepFailedException: Unable to click on object 'Object Repository/mobileSanity/Dental/quote/a_Select This Plan' (Root cause: org.openqa.selenium.WebDriverException: unknown error: Element &lt;a href=&quot;/dental-insurance/apply/foundation-dental-protector-i-al&quot; class=&quot;js-buy-plan quote-plan-buy&quot;>...&lt;/a> is not clickable at point (187, 645). Other element would receive the click: &lt;iframe src=&quot;https://secure.livechatinc.com/licence/11465608/v2/open_chat.cgi?license=11465608&amp;amp;group=0&amp;amp;embedded=1&amp;amp;widget_version=3&amp;amp;unique_groups=0&quot; allowtransparency=&quot;true&quot; allow=&quot;autoplay&quot; id=&quot;chat-widget&quot; name=&quot;chat-widget&quot; scrolling=&quot;no&quot; role=&quot;application&quot; aria-label=&quot;LiveChat chat widget&quot; style=&quot;width: 100%; height: 100%; min-height: 0px; min-width: 0px; margin: 0px; padding: 0px; background-image: none; background-position: 0% 0%; background-size: initial; background-attachment: scroll; background-origin: initial; background-clip: initial; background-color: rgba(0, 0, 0, 0); border-width: 0px; float: none; position: absolute; top: 0px; left: 0px; bottom: 0px; right: 0px; transition: none 0s ease 0s !important;&quot;>&lt;/iframe>
  (Session info: chrome=78.0.3904.70)
  (Driver info: chromedriver=2.43.600210 (68dcf5eebde37173d4027fa8635e332711d2874a),platform=Windows NT 6.3.9600 x86_64) (WARNING: The server did not provide any stacktrace information)
Command duration or timeout: 0 milliseconds
Build info: version: '3.7.1', revision: '8a0099a', time: '2017-11-06T21:07:36.161Z'
System info: host: 'WIN-U215233FMVE', ip: '172.30.0.53', os.name: 'Windows Server 2012 R2', os.arch: 'amd64', os.version: '6.3', java.version: '1.8.0_181'
Driver info: com.kms.katalon.selenium.driver.CChromeDriver
Capabilities {acceptInsecureCerts: false, acceptSslCerts: false, applicationCacheEnabled: false, browserConnectionEnabled: false, browserName: chrome, chrome: {chromedriverVersion: 2.43.600210 (68dcf5eebde371..., userDataDir: C:\Users\ADMINI~1\AppData\L...}, cssSelectorsEnabled: true, databaseEnabled: false, goog:chromeOptions: {debuggerAddress: localhost:56157}, handlesAlerts: true, hasTouchScreen: true, javascriptEnabled: true, locationContextEnabled: true, mobileEmulationEnabled: true, nativeEvents: true, networkConnectionEnabled: false, pageLoadStrategy: normal, platform: XP, platformName: XP, rotatable: false, setWindowRect: true, takesHeapSnapshot: true, takesScreenshot: true, unexpectedAlertBehaviour: , unhandledPromptBehavior: , version: 78.0.3904.70, webStorageEnabled: true}
Session ID: b43e370ade99b3a7e561a5113eff21a6)
	at com.kms.katalon.core.keyword.internal.KeywordMain.stepFailed(KeywordMain.groovy:36)
	at com.kms.katalon.core.webui.keyword.internal.WebUIKeywordMain.stepFailed(WebUIKeywordMain.groovy:65)
	at com.kms.katalon.core.webui.keyword.internal.WebUIKeywordMain.runKeyword(WebUIKeywordMain.groovy:27)
	at com.kms.katalon.core.webui.keyword.builtin.ClickKeyword.click(ClickKeyword.groovy:86)
	at com.kms.katalon.core.webui.keyword.builtin.ClickKeyword.execute(ClickKeyword.groovy:67)
	at com.kms.katalon.core.keyword.internal.KeywordExecutor.executeKeywordForPlatform(KeywordExecutor.groovy:53)
	at com.kms.katalon.core.webui.keyword.WebUiBuiltInKeywords.click(WebUiBuiltInKeywords.groovy:616)
	at com.kms.katalon.core.webui.keyword.WebUiBuiltInKeywords$click$2.call(Unknown Source)
	at Nationwide.run(Nationwide:40)
	at com.kms.katalon.core.main.ScriptEngine.run(ScriptEngine.java:194)
	at com.kms.katalon.core.main.ScriptEngine.runScriptAsRawText(ScriptEngine.java:119)
	at com.kms.katalon.core.main.TestCaseExecutor.runScript(TestCaseExecutor.java:328)
	at com.kms.katalon.core.main.TestCaseExecutor.doExecute(TestCaseExecutor.java:319)
	at com.kms.katalon.core.main.TestCaseExecutor.processExecutionPhase(TestCaseExecutor.java:298)
	at com.kms.katalon.core.main.TestCaseExecutor.accessMainPhase(TestCaseExecutor.java:290)
	at com.kms.katalon.core.main.TestCaseExecutor.execute(TestCaseExecutor.java:224)
	at com.kms.katalon.core.main.TestSuiteExecutor.accessTestCaseMainPhase(TestSuiteExecutor.java:129)
	at com.kms.katalon.core.main.TestSuiteExecutor.accessTestSuiteMainPhase(TestSuiteExecutor.java:112)
	at com.kms.katalon.core.main.TestSuiteExecutor.execute(TestSuiteExecutor.java:81)
	at com.kms.katalon.core.main.TestCaseMain.startTestSuite(TestCaseMain.java:149)
	at com.kms.katalon.core.main.TestCaseMain$startTestSuite$0.call(Unknown Source)
	at TempTestSuite1573131633276.run(TempTestSuite1573131633276.groovy:36)
"/>
         <system-out><![CDATA[2019-11-07 08:01:14 - [TEST_CASE][FAILED] - Test Cases/mobileWeb/Dental/Nationwide: Test Cases/mobileWeb/Dental/Nationwide FAILED.
Reason:
com.kms.katalon.core.exception.StepFailedException: Unable to click on object 'Object Repository/mobileSanity/Dental/quote/a_Select This Plan' (Root cause: org.openqa.selenium.WebDriverException: unknown error: Element <a href="/dental-insurance/apply/foundation-dental-protector-i-al" class="js-buy-plan quote-plan-buy">...</a> is not clickable at point (187, 645). Other element would receive the click: <iframe src="https://secure.livechatinc.com/licence/11465608/v2/open_chat.cgi?license=11465608&amp;group=0&amp;embedded=1&amp;widget_version=3&amp;unique_groups=0" allowtransparency="true" allow="autoplay" id="chat-widget" name="chat-widget" scrolling="no" role="application" aria-label="LiveChat chat widget" style="width: 100%; height: 100%; min-height: 0px; min-width: 0px; margin: 0px; padding: 0px; background-image: none; background-position: 0% 0%; background-size: initial; background-attachment: scroll; background-origin: initial; background-clip: initial; background-color: rgba(0, 0, 0, 0); border-width: 0px; float: none; position: absolute; top: 0px; left: 0px; bottom: 0px; right: 0px; transition: none 0s ease 0s !important;"></iframe>
  (Session info: chrome=78.0.3904.70)
  (Driver info: chromedriver=2.43.600210 (68dcf5eebde37173d4027fa8635e332711d2874a),platform=Windows NT 6.3.9600 x86_64) (WARNING: The server did not provide any stacktrace information)
Command duration or timeout: 0 milliseconds
Build info: version: '3.7.1', revision: '8a0099a', time: '2017-11-06T21:07:36.161Z'
System info: host: 'WIN-U215233FMVE', ip: '172.30.0.53', os.name: 'Windows Server 2012 R2', os.arch: 'amd64', os.version: '6.3', java.version: '1.8.0_181'
Driver info: com.kms.katalon.selenium.driver.CChromeDriver
Capabilities {acceptInsecureCerts: false, acceptSslCerts: false, applicationCacheEnabled: false, browserConnectionEnabled: false, browserName: chrome, chrome: {chromedriverVersion: 2.43.600210 (68dcf5eebde371..., userDataDir: C:\Users\ADMINI~1\AppData\L...}, cssSelectorsEnabled: true, databaseEnabled: false, goog:chromeOptions: {debuggerAddress: localhost:56157}, handlesAlerts: true, hasTouchScreen: true, javascriptEnabled: true, locationContextEnabled: true, mobileEmulationEnabled: true, nativeEvents: true, networkConnectionEnabled: false, pageLoadStrategy: normal, platform: XP, platformName: XP, rotatable: false, setWindowRect: true, takesHeapSnapshot: true, takesScreenshot: true, unexpectedAlertBehaviour: , unhandledPromptBehavior: , version: 78.0.3904.70, webStorageEnabled: true}
Session ID: b43e370ade99b3a7e561a5113eff21a6)
	at com.kms.katalon.core.keyword.internal.KeywordMain.stepFailed(KeywordMain.groovy:36)
	at com.kms.katalon.core.webui.keyword.internal.WebUIKeywordMain.stepFailed(WebUIKeywordMain.groovy:65)
	at com.kms.katalon.core.webui.keyword.internal.WebUIKeywordMain.runKeyword(WebUIKeywordMain.groovy:27)
	at com.kms.katalon.core.webui.keyword.builtin.ClickKeyword.click(ClickKeyword.groovy:86)
	at com.kms.katalon.core.webui.keyword.builtin.ClickKeyword.execute(ClickKeyword.groovy:67)
	at com.kms.katalon.core.keyword.internal.KeywordExecutor.executeKeywordForPlatform(KeywordExecutor.groovy:53)
	at com.kms.katalon.core.webui.keyword.WebUiBuiltInKeywords.click(WebUiBuiltInKeywords.groovy:616)
	at com.kms.katalon.core.webui.keyword.WebUiBuiltInKeywords$click$2.call(Unknown Source)
	at Nationwide.run(Nationwide:40)
	at com.kms.katalon.core.main.ScriptEngine.run(ScriptEngine.java:194)
	at com.kms.katalon.core.main.ScriptEngine.runScriptAsRawText(ScriptEngine.java:119)
	at com.kms.katalon.core.main.TestCaseExecutor.runScript(TestCaseExecutor.java:328)
	at com.kms.katalon.core.main.TestCaseExecutor.doExecute(TestCaseExecutor.java:319)
	at com.kms.katalon.core.main.TestCaseExecutor.processExecutionPhase(TestCaseExecutor.java:298)
	at com.kms.katalon.core.main.TestCaseExecutor.accessMainPhase(TestCaseExecutor.java:290)
	at com.kms.katalon.core.main.TestCaseExecutor.execute(TestCaseExecutor.java:224)
	at com.kms.katalon.core.main.TestSuiteExecutor.accessTestCaseMainPhase(TestSuiteExecutor.java:129)
	at com.kms.katalon.core.main.TestSuiteExecutor.accessTestSuiteMainPhase(TestSuiteExecutor.java:112)
	at com.kms.katalon.core.main.TestSuiteExecutor.execute(TestSuiteExecutor.java:81)
	at com.kms.katalon.core.main.TestCaseMain.startTestSuite(TestCaseMain.java:149)
	at com.kms.katalon.core.main.TestCaseMain$startTestSuite$0.call(Unknown Source)
	at TempTestSuite1573131633276.run(TempTestSuite1573131633276.groovy:36)


2019-11-07 08:01:14 - [TEST_STEP][PASSED] - callTestCase(findTestCase("mobileWeb/_include/get_screenPath"), ["productLine":"dental", "carrierName":"Nationwide"], CONTINUE_ON_FAILURE): Call Test Case 'Test Cases/mobileWeb/_include/get_screenPath' successfully

2019-11-07 08:01:14 - [TEST_CASE][PASSED] - Test Cases/mobileWeb/_include/get_screenPath: Test Cases/mobileWeb/_include/get_screenPath

2019-11-07 08:01:14 - [TEST_STEP][PASSED] - m = getExecutionProperties(): null

2019-11-07 08:01:14 - [TEST_STEP][PASSED] - deviceName = get("mobileEmulation").get("deviceName"): null

2019-11-07 08:01:14 - [TEST_STEP][PASSED] - println(deviceName): null

2019-11-07 08:01:14 - [TEST_STEP][PASSED] - now = new java.util.Date(): null

2019-11-07 08:01:14 - [TEST_STEP][PASSED] - mydate = now.format("yyyyMMdd_HHmmss"): null

2019-11-07 08:01:14 - [TEST_STEP][PASSED] - screenPath = "../Screenshots/": null

2019-11-07 08:01:14 - [TEST_STEP][PASSED] - screenPath = screenPath + deviceName + "/" + productLine + "/" + carrierName + "/" + mydate + "/": null

2019-11-07 08:01:14 - [TEST_STEP][PASSED] - println(screenPath): null

2019-11-07 08:01:14 - [MESSAGE][PASSED] - Call Test Case 'Test Cases/mobileWeb/_include/get_screenPath' successfully

2019-11-07 08:01:14 - [TEST_STEP][PASSED] - i = 0: null

2019-11-07 08:01:14 - [TEST_STEP][PASSED] - callTestCase(findTestCase("mobileWeb/_include/openWebSite"), [:], STOP_ON_FAILURE): Call Test Case 'Test Cases/mobileWeb/_include/openWebSite' successfully

2019-11-07 08:01:14 - [TEST_CASE][PASSED] - Test Cases/mobileWeb/_include/openWebSite: Test Cases/mobileWeb/_include/openWebSite

2019-11-07 08:01:14 - [TEST_STEP][PASSED] - openBrowser(env): Browser is opened with url: 'https://praetemptatus.agilehealthinsurance.com'

2019-11-07 08:01:14 - [MESSAGE][WARNING] - A browser is already opened. Closing browser and opening a new one

2019-11-07 08:01:15 - [MESSAGE][INFO] - Starting 'Chrome' driver

2019-11-07 08:01:15 - [MESSAGE][INFO] - User set preference: ['mobileEmulation', '{deviceName=iPhone 6}']

2019-11-07 08:01:15 - [MESSAGE][INFO] - User set preference: ['args', '[--incognito, --aggressive-cache-discard, --window-size=375,677, --no-sandbox]']

2019-11-07 08:01:17 - [MESSAGE][PASSED] - Browser is opened with url: 'https://praetemptatus.agilehealthinsurance.com'

2019-11-07 08:01:17 - [TEST_STEP][PASSED] - waitForPageLoad(20): Wait for page load successfully

2019-11-07 08:01:17 - [MESSAGE][PASSED] - Wait for page load successfully

2019-11-07 08:01:17 - [TEST_STEP][PASSED] - Thread.sleep(2000): null

2019-11-07 08:01:19 - [TEST_STEP][PASSED] - callTestCase(findTestCase("mobileWeb/_include/get_screenshot"), [:], STOP_ON_FAILURE): Call Test Case 'Test Cases/mobileWeb/_include/get_screenshot' successfully

2019-11-07 08:01:19 - [TEST_CASE][PASSED] - Test Cases/mobileWeb/_include/get_screenshot: Test Cases/mobileWeb/_include/get_screenshot

2019-11-07 08:01:19 - [TEST_STEP][PASSED] - takeScreenshot(screenPath + i + ".png"): Taking screenshot successfully

2019-11-07 08:01:20 - [MESSAGE][PASSED] - Taking screenshot successfully
[[ATTACHMENT|D:\\Test\\AgileTest\\Reports\\mobileWeb\\dental\\20191107_080033\\../Screenshots/iPhone 6/dental/Nationwide/20191107_080114/0.png]]

2019-11-07 08:01:20 - [TEST_STEP][PASSED] - (internal.GlobalVariable.i++): null

2019-11-07 08:01:20 - [MESSAGE][PASSED] - Call Test Case 'Test Cases/mobileWeb/_include/get_screenshot' successfully

2019-11-07 08:01:20 - [MESSAGE][PASSED] - Call Test Case 'Test Cases/mobileWeb/_include/openWebSite' successfully

2019-11-07 08:01:20 - [TEST_STEP][PASSED] - callTestCase(findTestCase("mobileWeb/_include/census_dental"), [:], STOP_ON_FAILURE): Call Test Case 'Test Cases/mobileWeb/_include/census_dental' successfully

2019-11-07 08:01:20 - [TEST_CASE][PASSED] - Test Cases/mobileWeb/_include/census_dental: Test Cases/mobileWeb/_include/census_dental

2019-11-07 08:01:20 - [TEST_STEP][PASSED] - click(findTestObject("mobileSanity/Common/side_nav/menu")): Object: 'Object Repository/mobileSanity/Common/side_nav/menu' is clicked on

2019-11-07 08:01:20 - [MESSAGE][PASSED] - Object: 'Object Repository/mobileSanity/Common/side_nav/menu' is clicked on

2019-11-07 08:01:20 - [TEST_STEP][PASSED] - Thread.sleep(3000): null

2019-11-07 08:01:23 - [TEST_STEP][PASSED] - callTestCase(findTestCase("mobileWeb/_include/get_screenshot"), [:], STOP_ON_FAILURE): Call Test Case 'Test Cases/mobileWeb/_include/get_screenshot' successfully

2019-11-07 08:01:23 - [TEST_CASE][PASSED] - Test Cases/mobileWeb/_include/get_screenshot: Test Cases/mobileWeb/_include/get_screenshot

2019-11-07 08:01:23 - [TEST_STEP][PASSED] - takeScreenshot(screenPath + i + ".png"): Taking screenshot successfully

2019-11-07 08:01:24 - [MESSAGE][PASSED] - Taking screenshot successfully
[[ATTACHMENT|D:\\Test\\AgileTest\\Reports\\mobileWeb\\dental\\20191107_080033\\../Screenshots/iPhone 6/dental/Nationwide/20191107_080114/1.png]]

2019-11-07 08:01:24 - [TEST_STEP][PASSED] - (internal.GlobalVariable.i++): null

2019-11-07 08:01:24 - [MESSAGE][PASSED] - Call Test Case 'Test Cases/mobileWeb/_include/get_screenshot' successfully

2019-11-07 08:01:24 - [TEST_STEP][PASSED] - click(findTestObject("mobileSanity/Common/side_nav/nav_dental")): Object: 'Object Repository/mobileSanity/Common/side_nav/nav_dental' is clicked on

2019-11-07 08:01:25 - [MESSAGE][PASSED] - Object: 'Object Repository/mobileSanity/Common/side_nav/nav_dental' is clicked on

2019-11-07 08:01:25 - [TEST_STEP][PASSED] - waitForPageLoad(10): Wait for page load successfully

2019-11-07 08:01:26 - [MESSAGE][PASSED] - Wait for page load successfully

2019-11-07 08:01:26 - [TEST_STEP][PASSED] - callTestCase(findTestCase("mobileWeb/_include/get_screenshot"), [:], STOP_ON_FAILURE): Call Test Case 'Test Cases/mobileWeb/_include/get_screenshot' successfully

2019-11-07 08:01:26 - [TEST_CASE][PASSED] - Test Cases/mobileWeb/_include/get_screenshot: Test Cases/mobileWeb/_include/get_screenshot

2019-11-07 08:01:26 - [TEST_STEP][PASSED] - takeScreenshot(screenPath + i + ".png"): Taking screenshot successfully

2019-11-07 08:01:26 - [MESSAGE][PASSED] - Taking screenshot successfully
[[ATTACHMENT|D:\\Test\\AgileTest\\Reports\\mobileWeb\\dental\\20191107_080033\\../Screenshots/iPhone 6/dental/Nationwide/20191107_080114/2.png]]

2019-11-07 08:01:26 - [TEST_STEP][PASSED] - (internal.GlobalVariable.i++): null

2019-11-07 08:01:26 - [MESSAGE][PASSED] - Call Test Case 'Test Cases/mobileWeb/_include/get_screenshot' successfully

2019-11-07 08:01:26 - [TEST_STEP][PASSED] - sendKeys(findTestObject("mobileSanity/Dental/census/input_Location_zip-input"), zipcode): Keys '35215' sent to object: 'Object Repository/mobileSanity/Dental/census/input_Location_zip-input'

2019-11-07 08:01:26 - [MESSAGE][PASSED] - Keys '35215' sent to object: 'Object Repository/mobileSanity/Dental/census/input_Location_zip-input'

2019-11-07 08:01:26 - [TEST_STEP][PASSED] - Thread.sleep(500): null

2019-11-07 08:01:27 - [TEST_STEP][PASSED] - setText(findTestObject("mobileSanity/Dental/census/input_Date of Birth_dob-0"), "12121980"): Text '12121980' is set on object 'Object Repository/mobileSanity/Dental/census/input_Date of Birth_dob-0'

2019-11-07 08:01:27 - [MESSAGE][PASSED] - Text '12121980' is set on object 'Object Repository/mobileSanity/Dental/census/input_Date of Birth_dob-0'

2019-11-07 08:01:27 - [TEST_STEP][PASSED] - click(findTestObject("mobileSanity/Dental/census/label_Male")): Object: 'Object Repository/mobileSanity/Dental/census/label_Male' is clicked on

2019-11-07 08:01:27 - [MESSAGE][PASSED] - Object: 'Object Repository/mobileSanity/Dental/census/label_Male' is clicked on

2019-11-07 08:01:27 - [TEST_STEP][PASSED] - click(findTestObject("mobileSanity/Dental/census/label_Compare Dental Insurance")): Object: 'Object Repository/mobileSanity/Dental/census/label_Compare Dental Insurance' is clicked on

2019-11-07 08:01:28 - [MESSAGE][PASSED] - Object: 'Object Repository/mobileSanity/Dental/census/label_Compare Dental Insurance' is clicked on

2019-11-07 08:01:28 - [TEST_STEP][PASSED] - waitForPageLoad(10): Wait for page load successfully

2019-11-07 08:01:29 - [MESSAGE][PASSED] - Wait for page load successfully

2019-11-07 08:01:29 - [TEST_STEP][PASSED] - Thread.sleep(2000): null

2019-11-07 08:01:31 - [TEST_STEP][PASSED] - callTestCase(findTestCase("mobileWeb/_include/get_screenshot"), [:], STOP_ON_FAILURE): Call Test Case 'Test Cases/mobileWeb/_include/get_screenshot' successfully

2019-11-07 08:01:31 - [TEST_CASE][PASSED] - Test Cases/mobileWeb/_include/get_screenshot: Test Cases/mobileWeb/_include/get_screenshot

2019-11-07 08:01:31 - [TEST_STEP][PASSED] - takeScreenshot(screenPath + i + ".png"): Taking screenshot successfully

2019-11-07 08:01:31 - [MESSAGE][PASSED] - Taking screenshot successfully
[[ATTACHMENT|D:\\Test\\AgileTest\\Reports\\mobileWeb\\dental\\20191107_080033\\../Screenshots/iPhone 6/dental/Nationwide/20191107_080114/3.png]]

2019-11-07 08:01:31 - [TEST_STEP][PASSED] - (internal.GlobalVariable.i++): null

2019-11-07 08:01:31 - [MESSAGE][PASSED] - Call Test Case 'Test Cases/mobileWeb/_include/get_screenshot' successfully

2019-11-07 08:01:31 - [MESSAGE][PASSED] - Call Test Case 'Test Cases/mobileWeb/_include/census_dental' successfully

2019-11-07 08:01:31 - [TEST_STEP][PASSED] - click(findTestObject("mobileSanity/Dental/filter/btn_filter")): Object: 'Object Repository/mobileSanity/Dental/filter/btn_filter' is clicked on

2019-11-07 08:01:31 - [MESSAGE][PASSED] - Object: 'Object Repository/mobileSanity/Dental/filter/btn_filter' is clicked on

2019-11-07 08:01:31 - [TEST_STEP][PASSED] - Thread.sleep(1000): null

2019-11-07 08:01:32 - [TEST_STEP][PASSED] - waitForElementVisible(findTestObject("mobileSanity/Dental/filter/btn_company"), 10): Object 'Object Repository/mobileSanity/Dental/filter/btn_company' is visible

2019-11-07 08:01:32 - [MESSAGE][PASSED] - Object 'Object Repository/mobileSanity/Dental/filter/btn_company' is visible

2019-11-07 08:01:32 - [TEST_STEP][PASSED] - click(findTestObject("mobileSanity/Dental/filter/btn_company")): Object: 'Object Repository/mobileSanity/Dental/filter/btn_company' is clicked on

2019-11-07 08:01:32 - [MESSAGE][PASSED] - Object: 'Object Repository/mobileSanity/Dental/filter/btn_company' is clicked on

2019-11-07 08:01:32 - [TEST_STEP][PASSED] - Thread.sleep(2000): null

2019-11-07 08:01:34 - [TEST_STEP][PASSED] - click(findTestObject("mobileSanity/Dental/filter/btn_nationwide")): Object: 'Object Repository/mobileSanity/Dental/filter/btn_nationwide' is clicked on

2019-11-07 08:01:34 - [MESSAGE][PASSED] - Object: 'Object Repository/mobileSanity/Dental/filter/btn_nationwide' is clicked on

2019-11-07 08:01:34 - [TEST_STEP][PASSED] - waitForJQueryLoad(20, STOP_ON_FAILURE): jQuery is ready.

2019-11-07 08:01:35 - [MESSAGE][PASSED] - jQuery is ready.

2019-11-07 08:01:35 - [TEST_STEP][PASSED] - callTestCase(findTestCase("mobileWeb/_include/get_screenshot"), [:], STOP_ON_FAILURE): Call Test Case 'Test Cases/mobileWeb/_include/get_screenshot' successfully

2019-11-07 08:01:35 - [TEST_CASE][PASSED] - Test Cases/mobileWeb/_include/get_screenshot: Test Cases/mobileWeb/_include/get_screenshot

2019-11-07 08:01:35 - [TEST_STEP][PASSED] - takeScreenshot(screenPath + i + ".png"): Taking screenshot successfully

2019-11-07 08:01:36 - [MESSAGE][PASSED] - Taking screenshot successfully
[[ATTACHMENT|D:\\Test\\AgileTest\\Reports\\mobileWeb\\dental\\20191107_080033\\../Screenshots/iPhone 6/dental/Nationwide/20191107_080114/4.png]]

2019-11-07 08:01:36 - [TEST_STEP][PASSED] - (internal.GlobalVariable.i++): null

2019-11-07 08:01:36 - [MESSAGE][PASSED] - Call Test Case 'Test Cases/mobileWeb/_include/get_screenshot' successfully

2019-11-07 08:01:36 - [TEST_STEP][PASSED] - click(findTestObject("mobileSanity/Dental/filter/btn_filter")): Object: 'Object Repository/mobileSanity/Dental/filter/btn_filter' is clicked on

2019-11-07 08:01:36 - [MESSAGE][PASSED] - Object: 'Object Repository/mobileSanity/Dental/filter/btn_filter' is clicked on

2019-11-07 08:01:36 - [TEST_STEP][FAILED] - click(findTestObject("mobileSanity/Dental/quote/a_Select This Plan")): click(findTestObject("mobileSanity/Dental/quote/a_Select This Plan")) FAILED.
Reason:
com.kms.katalon.core.exception.StepFailedException: Unable to click on object 'Object Repository/mobileSanity/Dental/quote/a_Select This Plan' (Root cause: org.openqa.selenium.WebDriverException: unknown error: Element <a href="/dental-insurance/apply/foundation-dental-protector-i-al" class="js-buy-plan quote-plan-buy">...</a> is not clickable at point (187, 645). Other element would receive the click: <iframe src="https://secure.livechatinc.com/licence/11465608/v2/open_chat.cgi?license=11465608&amp;group=0&amp;embedded=1&amp;widget_version=3&amp;unique_groups=0" allowtransparency="true" allow="autoplay" id="chat-widget" name="chat-widget" scrolling="no" role="application" aria-label="LiveChat chat widget" style="width: 100%; height: 100%; min-height: 0px; min-width: 0px; margin: 0px; padding: 0px; background-image: none; background-position: 0% 0%; background-size: initial; background-attachment: scroll; background-origin: initial; background-clip: initial; background-color: rgba(0, 0, 0, 0); border-width: 0px; float: none; position: absolute; top: 0px; left: 0px; bottom: 0px; right: 0px; transition: none 0s ease 0s !important;"></iframe>
  (Session info: chrome=78.0.3904.70)
  (Driver info: chromedriver=2.43.600210 (68dcf5eebde37173d4027fa8635e332711d2874a),platform=Windows NT 6.3.9600 x86_64) (WARNING: The server did not provide any stacktrace information)
Command duration or timeout: 0 milliseconds
Build info: version: '3.7.1', revision: '8a0099a', time: '2017-11-06T21:07:36.161Z'
System info: host: 'WIN-U215233FMVE', ip: '172.30.0.53', os.name: 'Windows Server 2012 R2', os.arch: 'amd64', os.version: '6.3', java.version: '1.8.0_181'
Driver info: com.kms.katalon.selenium.driver.CChromeDriver
Capabilities {acceptInsecureCerts: false, acceptSslCerts: false, applicationCacheEnabled: false, browserConnectionEnabled: false, browserName: chrome, chrome: {chromedriverVersion: 2.43.600210 (68dcf5eebde371..., userDataDir: C:\Users\ADMINI~1\AppData\L...}, cssSelectorsEnabled: true, databaseEnabled: false, goog:chromeOptions: {debuggerAddress: localhost:56157}, handlesAlerts: true, hasTouchScreen: true, javascriptEnabled: true, locationContextEnabled: true, mobileEmulationEnabled: true, nativeEvents: true, networkConnectionEnabled: false, pageLoadStrategy: normal, platform: XP, platformName: XP, rotatable: false, setWindowRect: true, takesHeapSnapshot: true, takesScreenshot: true, unexpectedAlertBehaviour: , unhandledPromptBehavior: , version: 78.0.3904.70, webStorageEnabled: true}
Session ID: b43e370ade99b3a7e561a5113eff21a6)
	at com.kms.katalon.core.keyword.internal.KeywordMain.stepFailed(KeywordMain.groovy:36)
	at com.kms.katalon.core.webui.keyword.internal.WebUIKeywordMain.stepFailed(WebUIKeywordMain.groovy:65)
	at com.kms.katalon.core.webui.keyword.internal.WebUIKeywordMain.runKeyword(WebUIKeywordMain.groovy:27)
	at com.kms.katalon.core.webui.keyword.builtin.ClickKeyword.click(ClickKeyword.groovy:86)
	at com.kms.katalon.core.webui.keyword.builtin.ClickKeyword.execute(ClickKeyword.groovy:67)
	at com.kms.katalon.core.keyword.internal.KeywordExecutor.executeKeywordForPlatform(KeywordExecutor.groovy:53)
	at com.kms.katalon.core.webui.keyword.WebUiBuiltInKeywords.click(WebUiBuiltInKeywords.groovy:616)
	at com.kms.katalon.core.webui.keyword.WebUiBuiltInKeywords$click$2.call(Unknown Source)
	at Nationwide.run(Nationwide:40)
	at com.kms.katalon.core.main.ScriptEngine.run(ScriptEngine.java:194)
	at com.kms.katalon.core.main.ScriptEngine.runScriptAsRawText(ScriptEngine.java:119)
	at com.kms.katalon.core.main.TestCaseExecutor.runScript(TestCaseExecutor.java:328)
	at com.kms.katalon.core.main.TestCaseExecutor.doExecute(TestCaseExecutor.java:319)
	at com.kms.katalon.core.main.TestCaseExecutor.processExecutionPhase(TestCaseExecutor.java:298)
	at com.kms.katalon.core.main.TestCaseExecutor.accessMainPhase(TestCaseExecutor.java:290)
	at com.kms.katalon.core.main.TestCaseExecutor.execute(TestCaseExecutor.java:224)
	at com.kms.katalon.core.main.TestSuiteExecutor.accessTestCaseMainPhase(TestSuiteExecutor.java:129)
	at com.kms.katalon.core.main.TestSuiteExecutor.accessTestSuiteMainPhase(TestSuiteExecutor.java:112)
	at com.kms.katalon.core.main.TestSuiteExecutor.execute(TestSuiteExecutor.java:81)
	at com.kms.katalon.core.main.TestCaseMain.startTestSuite(TestCaseMain.java:149)
	at com.kms.katalon.core.main.TestCaseMain$startTestSuite$0.call(Unknown Source)
	at TempTestSuite1573131633276.run(TempTestSuite1573131633276.groovy:36)


2019-11-07 08:01:36 - [MESSAGE][FAILED] - Unable to click on object 'Object Repository/mobileSanity/Dental/quote/a_Select This Plan' (Root cause: org.openqa.selenium.WebDriverException: unknown error: Element <a href="/dental-insurance/apply/foundation-dental-protector-i-al" class="js-buy-plan quote-plan-buy">...</a> is not clickable at point (187, 645). Other element would receive the click: <iframe src="https://secure.livechatinc.com/licence/11465608/v2/open_chat.cgi?license=11465608&amp;group=0&amp;embedded=1&amp;widget_version=3&amp;unique_groups=0" allowtransparency="true" allow="autoplay" id="chat-widget" name="chat-widget" scrolling="no" role="application" aria-label="LiveChat chat widget" style="width: 100%; height: 100%; min-height: 0px; min-width: 0px; margin: 0px; padding: 0px; background-image: none; background-position: 0% 0%; background-size: initial; background-attachment: scroll; background-origin: initial; background-clip: initial; background-color: rgba(0, 0, 0, 0); border-width: 0px; float: none; position: absolute; top: 0px; left: 0px; bottom: 0px; right: 0px; transition: none 0s ease 0s !important;"></iframe>
  (Session info: chrome=78.0.3904.70)
  (Driver info: chromedriver=2.43.600210 (68dcf5eebde37173d4027fa8635e332711d2874a),platform=Windows NT 6.3.9600 x86_64) (WARNING: The server did not provide any stacktrace information)
Command duration or timeout: 0 milliseconds
Build info: version: '3.7.1', revision: '8a0099a', time: '2017-11-06T21:07:36.161Z'
System info: host: 'WIN-U215233FMVE', ip: '172.30.0.53', os.name: 'Windows Server 2012 R2', os.arch: 'amd64', os.version: '6.3', java.version: '1.8.0_181'
Driver info: com.kms.katalon.selenium.driver.CChromeDriver
Capabilities {acceptInsecureCerts: false, acceptSslCerts: false, applicationCacheEnabled: false, browserConnectionEnabled: false, browserName: chrome, chrome: {chromedriverVersion: 2.43.600210 (68dcf5eebde371..., userDataDir: C:\Users\ADMINI~1\AppData\L...}, cssSelectorsEnabled: true, databaseEnabled: false, goog:chromeOptions: {debuggerAddress: localhost:56157}, handlesAlerts: true, hasTouchScreen: true, javascriptEnabled: true, locationContextEnabled: true, mobileEmulationEnabled: true, nativeEvents: true, networkConnectionEnabled: false, pageLoadStrategy: normal, platform: XP, platformName: XP, rotatable: false, setWindowRect: true, takesHeapSnapshot: true, takesScreenshot: true, unexpectedAlertBehaviour: , unhandledPromptBehavior: , version: 78.0.3904.70, webStorageEnabled: true}
Session ID: b43e370ade99b3a7e561a5113eff21a6)
[[ATTACHMENT|D:\\Test\\AgileTest\\Reports\\mobileWeb\\dental\\20191107_080033\\1573131696509.png]]

2019-11-07 08:01:36 - [MESSAGE][FAILED] - click(findTestObject("mobileSanity/Dental/quote/a_Select This Plan")) FAILED.
Reason:
com.kms.katalon.core.exception.StepFailedException: Unable to click on object 'Object Repository/mobileSanity/Dental/quote/a_Select This Plan' (Root cause: org.openqa.selenium.WebDriverException: unknown error: Element <a href="/dental-insurance/apply/foundation-dental-protector-i-al" class="js-buy-plan quote-plan-buy">...</a> is not clickable at point (187, 645). Other element would receive the click: <iframe src="https://secure.livechatinc.com/licence/11465608/v2/open_chat.cgi?license=11465608&amp;group=0&amp;embedded=1&amp;widget_version=3&amp;unique_groups=0" allowtransparency="true" allow="autoplay" id="chat-widget" name="chat-widget" scrolling="no" role="application" aria-label="LiveChat chat widget" style="width: 100%; height: 100%; min-height: 0px; min-width: 0px; margin: 0px; padding: 0px; background-image: none; background-position: 0% 0%; background-size: initial; background-attachment: scroll; background-origin: initial; background-clip: initial; background-color: rgba(0, 0, 0, 0); border-width: 0px; float: none; position: absolute; top: 0px; left: 0px; bottom: 0px; right: 0px; transition: none 0s ease 0s !important;"></iframe>
  (Session info: chrome=78.0.3904.70)
  (Driver info: chromedriver=2.43.600210 (68dcf5eebde37173d4027fa8635e332711d2874a),platform=Windows NT 6.3.9600 x86_64) (WARNING: The server did not provide any stacktrace information)
Command duration or timeout: 0 milliseconds
Build info: version: '3.7.1', revision: '8a0099a', time: '2017-11-06T21:07:36.161Z'
System info: host: 'WIN-U215233FMVE', ip: '172.30.0.53', os.name: 'Windows Server 2012 R2', os.arch: 'amd64', os.version: '6.3', java.version: '1.8.0_181'
Driver info: com.kms.katalon.selenium.driver.CChromeDriver
Capabilities {acceptInsecureCerts: false, acceptSslCerts: false, applicationCacheEnabled: false, browserConnectionEnabled: false, browserName: chrome, chrome: {chromedriverVersion: 2.43.600210 (68dcf5eebde371..., userDataDir: C:\Users\ADMINI~1\AppData\L...}, cssSelectorsEnabled: true, databaseEnabled: false, goog:chromeOptions: {debuggerAddress: localhost:56157}, handlesAlerts: true, hasTouchScreen: true, javascriptEnabled: true, locationContextEnabled: true, mobileEmulationEnabled: true, nativeEvents: true, networkConnectionEnabled: false, pageLoadStrategy: normal, platform: XP, platformName: XP, rotatable: false, setWindowRect: true, takesHeapSnapshot: true, takesScreenshot: true, unexpectedAlertBehaviour: , unhandledPromptBehavior: , version: 78.0.3904.70, webStorageEnabled: true}
Session ID: b43e370ade99b3a7e561a5113eff21a6)
	at com.kms.katalon.core.keyword.internal.KeywordMain.stepFailed(KeywordMain.groovy:36)
	at com.kms.katalon.core.webui.keyword.internal.WebUIKeywordMain.stepFailed(WebUIKeywordMain.groovy:65)
	at com.kms.katalon.core.webui.keyword.internal.WebUIKeywordMain.runKeyword(WebUIKeywordMain.groovy:27)
	at com.kms.katalon.core.webui.keyword.builtin.ClickKeyword.click(ClickKeyword.groovy:86)
	at com.kms.katalon.core.webui.keyword.builtin.ClickKeyword.execute(ClickKeyword.groovy:67)
	at com.kms.katalon.core.keyword.internal.KeywordExecutor.executeKeywordForPlatform(KeywordExecutor.groovy:53)
	at com.kms.katalon.core.webui.keyword.WebUiBuiltInKeywords.click(WebUiBuiltInKeywords.groovy:616)
	at com.kms.katalon.core.webui.keyword.WebUiBuiltInKeywords$click$2.call(Unknown Source)
	at Nationwide.run(Nationwide:40)
	at com.kms.katalon.core.main.ScriptEngine.run(ScriptEngine.java:194)
	at com.kms.katalon.core.main.ScriptEngine.runScriptAsRawText(ScriptEngine.java:119)
	at com.kms.katalon.core.main.TestCaseExecutor.runScript(TestCaseExecutor.java:328)
	at com.kms.katalon.core.main.TestCaseExecutor.doExecute(TestCaseExecutor.java:319)
	at com.kms.katalon.core.main.TestCaseExecutor.processExecutionPhase(TestCaseExecutor.java:298)
	at com.kms.katalon.core.main.TestCaseExecutor.accessMainPhase(TestCaseExecutor.java:290)
	at com.kms.katalon.core.main.TestCaseExecutor.execute(TestCaseExecutor.java:224)
	at com.kms.katalon.core.main.TestSuiteExecutor.accessTestCaseMainPhase(TestSuiteExecutor.java:129)
	at com.kms.katalon.core.main.TestSuiteExecutor.accessTestSuiteMainPhase(TestSuiteExecutor.java:112)
	at com.kms.katalon.core.main.TestSuiteExecutor.execute(TestSuiteExecutor.java:81)
	at com.kms.katalon.core.main.TestCaseMain.startTestSuite(TestCaseMain.java:149)
	at com.kms.katalon.core.main.TestCaseMain$startTestSuite$0.call(Unknown Source)
	at TempTestSuite1573131633276.run(TempTestSuite1573131633276.groovy:36)]]></system-out>
         <system-err><![CDATA[2019-11-07 08:01:14 - [TEST_CASE][FAILED] - Test Cases/mobileWeb/Dental/Nationwide: Test Cases/mobileWeb/Dental/Nationwide FAILED.
Reason:
com.kms.katalon.core.exception.StepFailedException: Unable to click on object 'Object Repository/mobileSanity/Dental/quote/a_Select This Plan' (Root cause: org.openqa.selenium.WebDriverException: unknown error: Element <a href="/dental-insurance/apply/foundation-dental-protector-i-al" class="js-buy-plan quote-plan-buy">...</a> is not clickable at point (187, 645). Other element would receive the click: <iframe src="https://secure.livechatinc.com/licence/11465608/v2/open_chat.cgi?license=11465608&amp;group=0&amp;embedded=1&amp;widget_version=3&amp;unique_groups=0" allowtransparency="true" allow="autoplay" id="chat-widget" name="chat-widget" scrolling="no" role="application" aria-label="LiveChat chat widget" style="width: 100%; height: 100%; min-height: 0px; min-width: 0px; margin: 0px; padding: 0px; background-image: none; background-position: 0% 0%; background-size: initial; background-attachment: scroll; background-origin: initial; background-clip: initial; background-color: rgba(0, 0, 0, 0); border-width: 0px; float: none; position: absolute; top: 0px; left: 0px; bottom: 0px; right: 0px; transition: none 0s ease 0s !important;"></iframe>
  (Session info: chrome=78.0.3904.70)
  (Driver info: chromedriver=2.43.600210 (68dcf5eebde37173d4027fa8635e332711d2874a),platform=Windows NT 6.3.9600 x86_64) (WARNING: The server did not provide any stacktrace information)
Command duration or timeout: 0 milliseconds
Build info: version: '3.7.1', revision: '8a0099a', time: '2017-11-06T21:07:36.161Z'
System info: host: 'WIN-U215233FMVE', ip: '172.30.0.53', os.name: 'Windows Server 2012 R2', os.arch: 'amd64', os.version: '6.3', java.version: '1.8.0_181'
Driver info: com.kms.katalon.selenium.driver.CChromeDriver
Capabilities {acceptInsecureCerts: false, acceptSslCerts: false, applicationCacheEnabled: false, browserConnectionEnabled: false, browserName: chrome, chrome: {chromedriverVersion: 2.43.600210 (68dcf5eebde371..., userDataDir: C:\Users\ADMINI~1\AppData\L...}, cssSelectorsEnabled: true, databaseEnabled: false, goog:chromeOptions: {debuggerAddress: localhost:56157}, handlesAlerts: true, hasTouchScreen: true, javascriptEnabled: true, locationContextEnabled: true, mobileEmulationEnabled: true, nativeEvents: true, networkConnectionEnabled: false, pageLoadStrategy: normal, platform: XP, platformName: XP, rotatable: false, setWindowRect: true, takesHeapSnapshot: true, takesScreenshot: true, unexpectedAlertBehaviour: , unhandledPromptBehavior: , version: 78.0.3904.70, webStorageEnabled: true}
Session ID: b43e370ade99b3a7e561a5113eff21a6)
	at com.kms.katalon.core.keyword.internal.KeywordMain.stepFailed(KeywordMain.groovy:36)
	at com.kms.katalon.core.webui.keyword.internal.WebUIKeywordMain.stepFailed(WebUIKeywordMain.groovy:65)
	at com.kms.katalon.core.webui.keyword.internal.WebUIKeywordMain.runKeyword(WebUIKeywordMain.groovy:27)
	at com.kms.katalon.core.webui.keyword.builtin.ClickKeyword.click(ClickKeyword.groovy:86)
	at com.kms.katalon.core.webui.keyword.builtin.ClickKeyword.execute(ClickKeyword.groovy:67)
	at com.kms.katalon.core.keyword.internal.KeywordExecutor.executeKeywordForPlatform(KeywordExecutor.groovy:53)
	at com.kms.katalon.core.webui.keyword.WebUiBuiltInKeywords.click(WebUiBuiltInKeywords.groovy:616)
	at com.kms.katalon.core.webui.keyword.WebUiBuiltInKeywords$click$2.call(Unknown Source)
	at Nationwide.run(Nationwide:40)
	at com.kms.katalon.core.main.ScriptEngine.run(ScriptEngine.java:194)
	at com.kms.katalon.core.main.ScriptEngine.runScriptAsRawText(ScriptEngine.java:119)
	at com.kms.katalon.core.main.TestCaseExecutor.runScript(TestCaseExecutor.java:328)
	at com.kms.katalon.core.main.TestCaseExecutor.doExecute(TestCaseExecutor.java:319)
	at com.kms.katalon.core.main.TestCaseExecutor.processExecutionPhase(TestCaseExecutor.java:298)
	at com.kms.katalon.core.main.TestCaseExecutor.accessMainPhase(TestCaseExecutor.java:290)
	at com.kms.katalon.core.main.TestCaseExecutor.execute(TestCaseExecutor.java:224)
	at com.kms.katalon.core.main.TestSuiteExecutor.accessTestCaseMainPhase(TestSuiteExecutor.java:129)
	at com.kms.katalon.core.main.TestSuiteExecutor.accessTestSuiteMainPhase(TestSuiteExecutor.java:112)
	at com.kms.katalon.core.main.TestSuiteExecutor.execute(TestSuiteExecutor.java:81)
	at com.kms.katalon.core.main.TestCaseMain.startTestSuite(TestCaseMain.java:149)
	at com.kms.katalon.core.main.TestCaseMain$startTestSuite$0.call(Unknown Source)
	at TempTestSuite1573131633276.run(TempTestSuite1573131633276.groovy:36)]]></system-err>
      </testcase>
      <testcase name="Test Cases/mobileWeb/Dental/USA Access" classname="Test Cases/mobileWeb/Dental/USA Access" status="FAILED">
         <failure type="FAILED" message="Test Cases/mobileWeb/Dental/USA Access FAILED.
Reason:
com.kms.katalon.core.exception.StepFailedException: Unable to click on object 'Object Repository/mobileSanity/Dental/quote/a_Select This Plan' (Root cause: org.openqa.selenium.WebDriverException: unknown error: Element &lt;a href=&quot;/dental-insurance/apply/usa-plus-dental-vision-al&quot; class=&quot;js-buy-plan quote-plan-buy&quot;>...&lt;/a> is not clickable at point (187, 645). Other element would receive the click: &lt;iframe src=&quot;https://secure.livechatinc.com/licence/11465608/v2/open_chat.cgi?license=11465608&amp;amp;group=0&amp;amp;embedded=1&amp;amp;widget_version=3&amp;amp;unique_groups=0&quot; allowtransparency=&quot;true&quot; allow=&quot;autoplay&quot; id=&quot;chat-widget&quot; name=&quot;chat-widget&quot; scrolling=&quot;no&quot; role=&quot;application&quot; aria-label=&quot;LiveChat chat widget&quot; style=&quot;width: 100%; height: 100%; min-height: 0px; min-width: 0px; margin: 0px; padding: 0px; background-image: none; background-position: 0% 0%; background-size: initial; background-attachment: scroll; background-origin: initial; background-clip: initial; background-color: rgba(0, 0, 0, 0); border-width: 0px; float: none; position: absolute; top: 0px; left: 0px; bottom: 0px; right: 0px; transition: none 0s ease 0s !important;&quot;>&lt;/iframe>
  (Session info: chrome=78.0.3904.70)
  (Driver info: chromedriver=2.43.600210 (68dcf5eebde37173d4027fa8635e332711d2874a),platform=Windows NT 6.3.9600 x86_64) (WARNING: The server did not provide any stacktrace information)
Command duration or timeout: 0 milliseconds
Build info: version: '3.7.1', revision: '8a0099a', time: '2017-11-06T21:07:36.161Z'
System info: host: 'WIN-U215233FMVE', ip: '172.30.0.53', os.name: 'Windows Server 2012 R2', os.arch: 'amd64', os.version: '6.3', java.version: '1.8.0_181'
Driver info: com.kms.katalon.selenium.driver.CChromeDriver
Capabilities {acceptInsecureCerts: false, acceptSslCerts: false, applicationCacheEnabled: false, browserConnectionEnabled: false, browserName: chrome, chrome: {chromedriverVersion: 2.43.600210 (68dcf5eebde371..., userDataDir: C:\Users\ADMINI~1\AppData\L...}, cssSelectorsEnabled: true, databaseEnabled: false, goog:chromeOptions: {debuggerAddress: localhost:56409}, handlesAlerts: true, hasTouchScreen: true, javascriptEnabled: true, locationContextEnabled: true, mobileEmulationEnabled: true, nativeEvents: true, networkConnectionEnabled: false, pageLoadStrategy: normal, platform: XP, platformName: XP, rotatable: false, setWindowRect: true, takesHeapSnapshot: true, takesScreenshot: true, unexpectedAlertBehaviour: , unhandledPromptBehavior: , version: 78.0.3904.70, webStorageEnabled: true}
Session ID: 7beb8bf5ccdbd53fe708e57e058a509c)
	at com.kms.katalon.core.keyword.internal.KeywordMain.stepFailed(KeywordMain.groovy:36)
	at com.kms.katalon.core.webui.keyword.internal.WebUIKeywordMain.stepFailed(WebUIKeywordMain.groovy:65)
	at com.kms.katalon.core.webui.keyword.internal.WebUIKeywordMain.runKeyword(WebUIKeywordMain.groovy:27)
	at com.kms.katalon.core.webui.keyword.builtin.ClickKeyword.click(ClickKeyword.groovy:86)
	at com.kms.katalon.core.webui.keyword.builtin.ClickKeyword.execute(ClickKeyword.groovy:67)
	at com.kms.katalon.core.keyword.internal.KeywordExecutor.executeKeywordForPlatform(KeywordExecutor.groovy:53)
	at com.kms.katalon.core.webui.keyword.WebUiBuiltInKeywords.click(WebUiBuiltInKeywords.groovy:616)
	at com.kms.katalon.core.webui.keyword.WebUiBuiltInKeywords$click$2.call(Unknown Source)
	at USA Access.run(USA Access:43)
	at com.kms.katalon.core.main.ScriptEngine.run(ScriptEngine.java:194)
	at com.kms.katalon.core.main.ScriptEngine.runScriptAsRawText(ScriptEngine.java:119)
	at com.kms.katalon.core.main.TestCaseExecutor.runScript(TestCaseExecutor.java:328)
	at com.kms.katalon.core.main.TestCaseExecutor.doExecute(TestCaseExecutor.java:319)
	at com.kms.katalon.core.main.TestCaseExecutor.processExecutionPhase(TestCaseExecutor.java:298)
	at com.kms.katalon.core.main.TestCaseExecutor.accessMainPhase(TestCaseExecutor.java:290)
	at com.kms.katalon.core.main.TestCaseExecutor.execute(TestCaseExecutor.java:224)
	at com.kms.katalon.core.main.TestSuiteExecutor.accessTestCaseMainPhase(TestSuiteExecutor.java:129)
	at com.kms.katalon.core.main.TestSuiteExecutor.accessTestSuiteMainPhase(TestSuiteExecutor.java:112)
	at com.kms.katalon.core.main.TestSuiteExecutor.execute(TestSuiteExecutor.java:81)
	at com.kms.katalon.core.main.TestCaseMain.startTestSuite(TestCaseMain.java:149)
	at com.kms.katalon.core.main.TestCaseMain$startTestSuite$0.call(Unknown Source)
	at TempTestSuite1573131633276.run(TempTestSuite1573131633276.groovy:36)
"/>
         <system-out><![CDATA[2019-11-07 08:01:36 - [TEST_CASE][FAILED] - Test Cases/mobileWeb/Dental/USA Access: Test Cases/mobileWeb/Dental/USA Access FAILED.
Reason:
com.kms.katalon.core.exception.StepFailedException: Unable to click on object 'Object Repository/mobileSanity/Dental/quote/a_Select This Plan' (Root cause: org.openqa.selenium.WebDriverException: unknown error: Element <a href="/dental-insurance/apply/usa-plus-dental-vision-al" class="js-buy-plan quote-plan-buy">...</a> is not clickable at point (187, 645). Other element would receive the click: <iframe src="https://secure.livechatinc.com/licence/11465608/v2/open_chat.cgi?license=11465608&amp;group=0&amp;embedded=1&amp;widget_version=3&amp;unique_groups=0" allowtransparency="true" allow="autoplay" id="chat-widget" name="chat-widget" scrolling="no" role="application" aria-label="LiveChat chat widget" style="width: 100%; height: 100%; min-height: 0px; min-width: 0px; margin: 0px; padding: 0px; background-image: none; background-position: 0% 0%; background-size: initial; background-attachment: scroll; background-origin: initial; background-clip: initial; background-color: rgba(0, 0, 0, 0); border-width: 0px; float: none; position: absolute; top: 0px; left: 0px; bottom: 0px; right: 0px; transition: none 0s ease 0s !important;"></iframe>
  (Session info: chrome=78.0.3904.70)
  (Driver info: chromedriver=2.43.600210 (68dcf5eebde37173d4027fa8635e332711d2874a),platform=Windows NT 6.3.9600 x86_64) (WARNING: The server did not provide any stacktrace information)
Command duration or timeout: 0 milliseconds
Build info: version: '3.7.1', revision: '8a0099a', time: '2017-11-06T21:07:36.161Z'
System info: host: 'WIN-U215233FMVE', ip: '172.30.0.53', os.name: 'Windows Server 2012 R2', os.arch: 'amd64', os.version: '6.3', java.version: '1.8.0_181'
Driver info: com.kms.katalon.selenium.driver.CChromeDriver
Capabilities {acceptInsecureCerts: false, acceptSslCerts: false, applicationCacheEnabled: false, browserConnectionEnabled: false, browserName: chrome, chrome: {chromedriverVersion: 2.43.600210 (68dcf5eebde371..., userDataDir: C:\Users\ADMINI~1\AppData\L...}, cssSelectorsEnabled: true, databaseEnabled: false, goog:chromeOptions: {debuggerAddress: localhost:56409}, handlesAlerts: true, hasTouchScreen: true, javascriptEnabled: true, locationContextEnabled: true, mobileEmulationEnabled: true, nativeEvents: true, networkConnectionEnabled: false, pageLoadStrategy: normal, platform: XP, platformName: XP, rotatable: false, setWindowRect: true, takesHeapSnapshot: true, takesScreenshot: true, unexpectedAlertBehaviour: , unhandledPromptBehavior: , version: 78.0.3904.70, webStorageEnabled: true}
Session ID: 7beb8bf5ccdbd53fe708e57e058a509c)
	at com.kms.katalon.core.keyword.internal.KeywordMain.stepFailed(KeywordMain.groovy:36)
	at com.kms.katalon.core.webui.keyword.internal.WebUIKeywordMain.stepFailed(WebUIKeywordMain.groovy:65)
	at com.kms.katalon.core.webui.keyword.internal.WebUIKeywordMain.runKeyword(WebUIKeywordMain.groovy:27)
	at com.kms.katalon.core.webui.keyword.builtin.ClickKeyword.click(ClickKeyword.groovy:86)
	at com.kms.katalon.core.webui.keyword.builtin.ClickKeyword.execute(ClickKeyword.groovy:67)
	at com.kms.katalon.core.keyword.internal.KeywordExecutor.executeKeywordForPlatform(KeywordExecutor.groovy:53)
	at com.kms.katalon.core.webui.keyword.WebUiBuiltInKeywords.click(WebUiBuiltInKeywords.groovy:616)
	at com.kms.katalon.core.webui.keyword.WebUiBuiltInKeywords$click$2.call(Unknown Source)
	at USA Access.run(USA Access:43)
	at com.kms.katalon.core.main.ScriptEngine.run(ScriptEngine.java:194)
	at com.kms.katalon.core.main.ScriptEngine.runScriptAsRawText(ScriptEngine.java:119)
	at com.kms.katalon.core.main.TestCaseExecutor.runScript(TestCaseExecutor.java:328)
	at com.kms.katalon.core.main.TestCaseExecutor.doExecute(TestCaseExecutor.java:319)
	at com.kms.katalon.core.main.TestCaseExecutor.processExecutionPhase(TestCaseExecutor.java:298)
	at com.kms.katalon.core.main.TestCaseExecutor.accessMainPhase(TestCaseExecutor.java:290)
	at com.kms.katalon.core.main.TestCaseExecutor.execute(TestCaseExecutor.java:224)
	at com.kms.katalon.core.main.TestSuiteExecutor.accessTestCaseMainPhase(TestSuiteExecutor.java:129)
	at com.kms.katalon.core.main.TestSuiteExecutor.accessTestSuiteMainPhase(TestSuiteExecutor.java:112)
	at com.kms.katalon.core.main.TestSuiteExecutor.execute(TestSuiteExecutor.java:81)
	at com.kms.katalon.core.main.TestCaseMain.startTestSuite(TestCaseMain.java:149)
	at com.kms.katalon.core.main.TestCaseMain$startTestSuite$0.call(Unknown Source)
	at TempTestSuite1573131633276.run(TempTestSuite1573131633276.groovy:36)


2019-11-07 08:01:37 - [TEST_STEP][PASSED] - callTestCase(findTestCase("mobileWeb/_include/get_screenPath"), ["productLine":"dental", "carrierName":"USA Access"], CONTINUE_ON_FAILURE): Call Test Case 'Test Cases/mobileWeb/_include/get_screenPath' successfully

2019-11-07 08:01:37 - [TEST_CASE][PASSED] - Test Cases/mobileWeb/_include/get_screenPath: Test Cases/mobileWeb/_include/get_screenPath

2019-11-07 08:01:37 - [TEST_STEP][PASSED] - m = getExecutionProperties(): null

2019-11-07 08:01:37 - [TEST_STEP][PASSED] - deviceName = get("mobileEmulation").get("deviceName"): null

2019-11-07 08:01:37 - [TEST_STEP][PASSED] - println(deviceName): null

2019-11-07 08:01:37 - [TEST_STEP][PASSED] - now = new java.util.Date(): null

2019-11-07 08:01:37 - [TEST_STEP][PASSED] - mydate = now.format("yyyyMMdd_HHmmss"): null

2019-11-07 08:01:37 - [TEST_STEP][PASSED] - screenPath = "../Screenshots/": null

2019-11-07 08:01:37 - [TEST_STEP][PASSED] - screenPath = screenPath + deviceName + "/" + productLine + "/" + carrierName + "/" + mydate + "/": null

2019-11-07 08:01:37 - [TEST_STEP][PASSED] - println(screenPath): null

2019-11-07 08:01:37 - [MESSAGE][PASSED] - Call Test Case 'Test Cases/mobileWeb/_include/get_screenPath' successfully

2019-11-07 08:01:37 - [TEST_STEP][PASSED] - i = 0: null

2019-11-07 08:01:37 - [TEST_STEP][PASSED] - callTestCase(findTestCase("mobileWeb/_include/openWebSite"), [:], STOP_ON_FAILURE): Call Test Case 'Test Cases/mobileWeb/_include/openWebSite' successfully

2019-11-07 08:01:37 - [TEST_CASE][PASSED] - Test Cases/mobileWeb/_include/openWebSite: Test Cases/mobileWeb/_include/openWebSite

2019-11-07 08:01:37 - [TEST_STEP][PASSED] - openBrowser(env): Browser is opened with url: 'https://praetemptatus.agilehealthinsurance.com'

2019-11-07 08:01:37 - [MESSAGE][WARNING] - A browser is already opened. Closing browser and opening a new one

2019-11-07 08:01:38 - [MESSAGE][INFO] - Starting 'Chrome' driver

2019-11-07 08:01:38 - [MESSAGE][INFO] - User set preference: ['mobileEmulation', '{deviceName=iPhone 6}']

2019-11-07 08:01:38 - [MESSAGE][INFO] - User set preference: ['args', '[--incognito, --aggressive-cache-discard, --window-size=375,677, --no-sandbox]']

2019-11-07 08:01:39 - [MESSAGE][PASSED] - Browser is opened with url: 'https://praetemptatus.agilehealthinsurance.com'

2019-11-07 08:01:39 - [TEST_STEP][PASSED] - waitForPageLoad(20): Wait for page load successfully

2019-11-07 08:01:40 - [MESSAGE][PASSED] - Wait for page load successfully

2019-11-07 08:01:40 - [TEST_STEP][PASSED] - Thread.sleep(2000): null

2019-11-07 08:01:42 - [TEST_STEP][PASSED] - callTestCase(findTestCase("mobileWeb/_include/get_screenshot"), [:], STOP_ON_FAILURE): Call Test Case 'Test Cases/mobileWeb/_include/get_screenshot' successfully

2019-11-07 08:01:42 - [TEST_CASE][PASSED] - Test Cases/mobileWeb/_include/get_screenshot: Test Cases/mobileWeb/_include/get_screenshot

2019-11-07 08:01:42 - [TEST_STEP][PASSED] - takeScreenshot(screenPath + i + ".png"): Taking screenshot successfully

2019-11-07 08:01:42 - [MESSAGE][PASSED] - Taking screenshot successfully
[[ATTACHMENT|D:\\Test\\AgileTest\\Reports\\mobileWeb\\dental\\20191107_080033\\../Screenshots/iPhone 6/dental/USA Access/20191107_080137/0.png]]

2019-11-07 08:01:42 - [TEST_STEP][PASSED] - (internal.GlobalVariable.i++): null

2019-11-07 08:01:42 - [MESSAGE][PASSED] - Call Test Case 'Test Cases/mobileWeb/_include/get_screenshot' successfully

2019-11-07 08:01:42 - [MESSAGE][PASSED] - Call Test Case 'Test Cases/mobileWeb/_include/openWebSite' successfully

2019-11-07 08:01:42 - [TEST_STEP][PASSED] - callTestCase(findTestCase("mobileWeb/_include/census_dental"), [:], STOP_ON_FAILURE): Call Test Case 'Test Cases/mobileWeb/_include/census_dental' successfully

2019-11-07 08:01:42 - [TEST_CASE][PASSED] - Test Cases/mobileWeb/_include/census_dental: Test Cases/mobileWeb/_include/census_dental

2019-11-07 08:01:42 - [TEST_STEP][PASSED] - click(findTestObject("mobileSanity/Common/side_nav/menu")): Object: 'Object Repository/mobileSanity/Common/side_nav/menu' is clicked on

2019-11-07 08:01:42 - [MESSAGE][PASSED] - Object: 'Object Repository/mobileSanity/Common/side_nav/menu' is clicked on

2019-11-07 08:01:42 - [TEST_STEP][PASSED] - Thread.sleep(3000): null

2019-11-07 08:01:45 - [TEST_STEP][PASSED] - callTestCase(findTestCase("mobileWeb/_include/get_screenshot"), [:], STOP_ON_FAILURE): Call Test Case 'Test Cases/mobileWeb/_include/get_screenshot' successfully

2019-11-07 08:01:46 - [TEST_CASE][PASSED] - Test Cases/mobileWeb/_include/get_screenshot: Test Cases/mobileWeb/_include/get_screenshot

2019-11-07 08:01:46 - [TEST_STEP][PASSED] - takeScreenshot(screenPath + i + ".png"): Taking screenshot successfully

2019-11-07 08:01:46 - [MESSAGE][PASSED] - Taking screenshot successfully
[[ATTACHMENT|D:\\Test\\AgileTest\\Reports\\mobileWeb\\dental\\20191107_080033\\../Screenshots/iPhone 6/dental/USA Access/20191107_080137/1.png]]

2019-11-07 08:01:46 - [TEST_STEP][PASSED] - (internal.GlobalVariable.i++): null

2019-11-07 08:01:46 - [MESSAGE][PASSED] - Call Test Case 'Test Cases/mobileWeb/_include/get_screenshot' successfully

2019-11-07 08:01:46 - [TEST_STEP][PASSED] - click(findTestObject("mobileSanity/Common/side_nav/nav_dental")): Object: 'Object Repository/mobileSanity/Common/side_nav/nav_dental' is clicked on

2019-11-07 08:01:47 - [MESSAGE][PASSED] - Object: 'Object Repository/mobileSanity/Common/side_nav/nav_dental' is clicked on

2019-11-07 08:01:47 - [TEST_STEP][PASSED] - waitForPageLoad(10): Wait for page load successfully

2019-11-07 08:01:47 - [MESSAGE][PASSED] - Wait for page load successfully

2019-11-07 08:01:47 - [TEST_STEP][PASSED] - callTestCase(findTestCase("mobileWeb/_include/get_screenshot"), [:], STOP_ON_FAILURE): Call Test Case 'Test Cases/mobileWeb/_include/get_screenshot' successfully

2019-11-07 08:01:47 - [TEST_CASE][PASSED] - Test Cases/mobileWeb/_include/get_screenshot: Test Cases/mobileWeb/_include/get_screenshot

2019-11-07 08:01:47 - [TEST_STEP][PASSED] - takeScreenshot(screenPath + i + ".png"): Taking screenshot successfully

2019-11-07 08:01:48 - [MESSAGE][PASSED] - Taking screenshot successfully
[[ATTACHMENT|D:\\Test\\AgileTest\\Reports\\mobileWeb\\dental\\20191107_080033\\../Screenshots/iPhone 6/dental/USA Access/20191107_080137/2.png]]

2019-11-07 08:01:48 - [TEST_STEP][PASSED] - (internal.GlobalVariable.i++): null

2019-11-07 08:01:48 - [MESSAGE][PASSED] - Call Test Case 'Test Cases/mobileWeb/_include/get_screenshot' successfully

2019-11-07 08:01:48 - [TEST_STEP][PASSED] - sendKeys(findTestObject("mobileSanity/Dental/census/input_Location_zip-input"), zipcode): Keys '35215' sent to object: 'Object Repository/mobileSanity/Dental/census/input_Location_zip-input'

2019-11-07 08:01:48 - [MESSAGE][PASSED] - Keys '35215' sent to object: 'Object Repository/mobileSanity/Dental/census/input_Location_zip-input'

2019-11-07 08:01:48 - [TEST_STEP][PASSED] - Thread.sleep(500): null

2019-11-07 08:01:49 - [TEST_STEP][PASSED] - setText(findTestObject("mobileSanity/Dental/census/input_Date of Birth_dob-0"), "12121980"): Text '12121980' is set on object 'Object Repository/mobileSanity/Dental/census/input_Date of Birth_dob-0'

2019-11-07 08:01:49 - [MESSAGE][PASSED] - Text '12121980' is set on object 'Object Repository/mobileSanity/Dental/census/input_Date of Birth_dob-0'

2019-11-07 08:01:49 - [TEST_STEP][PASSED] - click(findTestObject("mobileSanity/Dental/census/label_Male")): Object: 'Object Repository/mobileSanity/Dental/census/label_Male' is clicked on

2019-11-07 08:01:49 - [MESSAGE][PASSED] - Object: 'Object Repository/mobileSanity/Dental/census/label_Male' is clicked on

2019-11-07 08:01:49 - [TEST_STEP][PASSED] - click(findTestObject("mobileSanity/Dental/census/label_Compare Dental Insurance")): Object: 'Object Repository/mobileSanity/Dental/census/label_Compare Dental Insurance' is clicked on

2019-11-07 08:01:51 - [MESSAGE][PASSED] - Object: 'Object Repository/mobileSanity/Dental/census/label_Compare Dental Insurance' is clicked on

2019-11-07 08:01:51 - [TEST_STEP][PASSED] - waitForPageLoad(10): Wait for page load successfully

2019-11-07 08:01:51 - [MESSAGE][PASSED] - Wait for page load successfully

2019-11-07 08:01:51 - [TEST_STEP][PASSED] - Thread.sleep(2000): null

2019-11-07 08:01:53 - [TEST_STEP][PASSED] - callTestCase(findTestCase("mobileWeb/_include/get_screenshot"), [:], STOP_ON_FAILURE): Call Test Case 'Test Cases/mobileWeb/_include/get_screenshot' successfully

2019-11-07 08:01:53 - [TEST_CASE][PASSED] - Test Cases/mobileWeb/_include/get_screenshot: Test Cases/mobileWeb/_include/get_screenshot

2019-11-07 08:01:53 - [TEST_STEP][PASSED] - takeScreenshot(screenPath + i + ".png"): Taking screenshot successfully

2019-11-07 08:01:53 - [MESSAGE][PASSED] - Taking screenshot successfully
[[ATTACHMENT|D:\\Test\\AgileTest\\Reports\\mobileWeb\\dental\\20191107_080033\\../Screenshots/iPhone 6/dental/USA Access/20191107_080137/3.png]]

2019-11-07 08:01:53 - [TEST_STEP][PASSED] - (internal.GlobalVariable.i++): null

2019-11-07 08:01:53 - [MESSAGE][PASSED] - Call Test Case 'Test Cases/mobileWeb/_include/get_screenshot' successfully

2019-11-07 08:01:53 - [MESSAGE][PASSED] - Call Test Case 'Test Cases/mobileWeb/_include/census_dental' successfully

2019-11-07 08:01:53 - [TEST_STEP][PASSED] - comment("-------------quote page--------------------"): -------------quote page--------------------

2019-11-07 08:01:53 - [MESSAGE][INFO] - -------------quote page--------------------

2019-11-07 08:01:53 - [TEST_STEP][PASSED] - click(findTestObject("mobileSanity/Dental/filter/btn_filter")): Object: 'Object Repository/mobileSanity/Dental/filter/btn_filter' is clicked on

2019-11-07 08:01:53 - [MESSAGE][PASSED] - Object: 'Object Repository/mobileSanity/Dental/filter/btn_filter' is clicked on

2019-11-07 08:01:53 - [TEST_STEP][PASSED] - waitForElementVisible(findTestObject("mobileSanity/Dental/filter/btn_company"), 10): Object 'Object Repository/mobileSanity/Dental/filter/btn_company' is visible

2019-11-07 08:01:53 - [MESSAGE][PASSED] - Object 'Object Repository/mobileSanity/Dental/filter/btn_company' is visible

2019-11-07 08:01:53 - [TEST_STEP][PASSED] - click(findTestObject("mobileSanity/Dental/filter/btn_company")): Object: 'Object Repository/mobileSanity/Dental/filter/btn_company' is clicked on

2019-11-07 08:01:54 - [MESSAGE][PASSED] - Object: 'Object Repository/mobileSanity/Dental/filter/btn_company' is clicked on

2019-11-07 08:01:54 - [TEST_STEP][PASSED] - Thread.sleep(2000): null

2019-11-07 08:01:56 - [TEST_STEP][PASSED] - click(findTestObject("mobileSanity/Dental/filter/btn_usa")): Object: 'Object Repository/mobileSanity/Dental/filter/btn_usa' is clicked on

2019-11-07 08:01:56 - [MESSAGE][PASSED] - Object: 'Object Repository/mobileSanity/Dental/filter/btn_usa' is clicked on

2019-11-07 08:01:56 - [TEST_STEP][PASSED] - waitForJQueryLoad(20, STOP_ON_FAILURE): jQuery is ready.

2019-11-07 08:01:57 - [MESSAGE][PASSED] - jQuery is ready.

2019-11-07 08:01:57 - [TEST_STEP][PASSED] - callTestCase(findTestCase("mobileWeb/_include/get_screenshot"), [:], STOP_ON_FAILURE): Call Test Case 'Test Cases/mobileWeb/_include/get_screenshot' successfully

2019-11-07 08:01:57 - [TEST_CASE][PASSED] - Test Cases/mobileWeb/_include/get_screenshot: Test Cases/mobileWeb/_include/get_screenshot

2019-11-07 08:01:57 - [TEST_STEP][PASSED] - takeScreenshot(screenPath + i + ".png"): Taking screenshot successfully

2019-11-07 08:01:57 - [MESSAGE][PASSED] - Taking screenshot successfully
[[ATTACHMENT|D:\\Test\\AgileTest\\Reports\\mobileWeb\\dental\\20191107_080033\\../Screenshots/iPhone 6/dental/USA Access/20191107_080137/4.png]]

2019-11-07 08:01:57 - [TEST_STEP][PASSED] - (internal.GlobalVariable.i++): null

2019-11-07 08:01:57 - [MESSAGE][PASSED] - Call Test Case 'Test Cases/mobileWeb/_include/get_screenshot' successfully

2019-11-07 08:01:57 - [TEST_STEP][PASSED] - click(findTestObject("mobileSanity/Dental/filter/btn_filter")): Object: 'Object Repository/mobileSanity/Dental/filter/btn_filter' is clicked on

2019-11-07 08:01:57 - [MESSAGE][PASSED] - Object: 'Object Repository/mobileSanity/Dental/filter/btn_filter' is clicked on

2019-11-07 08:01:57 - [TEST_STEP][FAILED] - click(findTestObject("mobileSanity/Dental/quote/a_Select This Plan")): click(findTestObject("mobileSanity/Dental/quote/a_Select This Plan")) FAILED.
Reason:
com.kms.katalon.core.exception.StepFailedException: Unable to click on object 'Object Repository/mobileSanity/Dental/quote/a_Select This Plan' (Root cause: org.openqa.selenium.WebDriverException: unknown error: Element <a href="/dental-insurance/apply/usa-plus-dental-vision-al" class="js-buy-plan quote-plan-buy">...</a> is not clickable at point (187, 645). Other element would receive the click: <iframe src="https://secure.livechatinc.com/licence/11465608/v2/open_chat.cgi?license=11465608&amp;group=0&amp;embedded=1&amp;widget_version=3&amp;unique_groups=0" allowtransparency="true" allow="autoplay" id="chat-widget" name="chat-widget" scrolling="no" role="application" aria-label="LiveChat chat widget" style="width: 100%; height: 100%; min-height: 0px; min-width: 0px; margin: 0px; padding: 0px; background-image: none; background-position: 0% 0%; background-size: initial; background-attachment: scroll; background-origin: initial; background-clip: initial; background-color: rgba(0, 0, 0, 0); border-width: 0px; float: none; position: absolute; top: 0px; left: 0px; bottom: 0px; right: 0px; transition: none 0s ease 0s !important;"></iframe>
  (Session info: chrome=78.0.3904.70)
  (Driver info: chromedriver=2.43.600210 (68dcf5eebde37173d4027fa8635e332711d2874a),platform=Windows NT 6.3.9600 x86_64) (WARNING: The server did not provide any stacktrace information)
Command duration or timeout: 0 milliseconds
Build info: version: '3.7.1', revision: '8a0099a', time: '2017-11-06T21:07:36.161Z'
System info: host: 'WIN-U215233FMVE', ip: '172.30.0.53', os.name: 'Windows Server 2012 R2', os.arch: 'amd64', os.version: '6.3', java.version: '1.8.0_181'
Driver info: com.kms.katalon.selenium.driver.CChromeDriver
Capabilities {acceptInsecureCerts: false, acceptSslCerts: false, applicationCacheEnabled: false, browserConnectionEnabled: false, browserName: chrome, chrome: {chromedriverVersion: 2.43.600210 (68dcf5eebde371..., userDataDir: C:\Users\ADMINI~1\AppData\L...}, cssSelectorsEnabled: true, databaseEnabled: false, goog:chromeOptions: {debuggerAddress: localhost:56409}, handlesAlerts: true, hasTouchScreen: true, javascriptEnabled: true, locationContextEnabled: true, mobileEmulationEnabled: true, nativeEvents: true, networkConnectionEnabled: false, pageLoadStrategy: normal, platform: XP, platformName: XP, rotatable: false, setWindowRect: true, takesHeapSnapshot: true, takesScreenshot: true, unexpectedAlertBehaviour: , unhandledPromptBehavior: , version: 78.0.3904.70, webStorageEnabled: true}
Session ID: 7beb8bf5ccdbd53fe708e57e058a509c)
	at com.kms.katalon.core.keyword.internal.KeywordMain.stepFailed(KeywordMain.groovy:36)
	at com.kms.katalon.core.webui.keyword.internal.WebUIKeywordMain.stepFailed(WebUIKeywordMain.groovy:65)
	at com.kms.katalon.core.webui.keyword.internal.WebUIKeywordMain.runKeyword(WebUIKeywordMain.groovy:27)
	at com.kms.katalon.core.webui.keyword.builtin.ClickKeyword.click(ClickKeyword.groovy:86)
	at com.kms.katalon.core.webui.keyword.builtin.ClickKeyword.execute(ClickKeyword.groovy:67)
	at com.kms.katalon.core.keyword.internal.KeywordExecutor.executeKeywordForPlatform(KeywordExecutor.groovy:53)
	at com.kms.katalon.core.webui.keyword.WebUiBuiltInKeywords.click(WebUiBuiltInKeywords.groovy:616)
	at com.kms.katalon.core.webui.keyword.WebUiBuiltInKeywords$click$2.call(Unknown Source)
	at USA Access.run(USA Access:43)
	at com.kms.katalon.core.main.ScriptEngine.run(ScriptEngine.java:194)
	at com.kms.katalon.core.main.ScriptEngine.runScriptAsRawText(ScriptEngine.java:119)
	at com.kms.katalon.core.main.TestCaseExecutor.runScript(TestCaseExecutor.java:328)
	at com.kms.katalon.core.main.TestCaseExecutor.doExecute(TestCaseExecutor.java:319)
	at com.kms.katalon.core.main.TestCaseExecutor.processExecutionPhase(TestCaseExecutor.java:298)
	at com.kms.katalon.core.main.TestCaseExecutor.accessMainPhase(TestCaseExecutor.java:290)
	at com.kms.katalon.core.main.TestCaseExecutor.execute(TestCaseExecutor.java:224)
	at com.kms.katalon.core.main.TestSuiteExecutor.accessTestCaseMainPhase(TestSuiteExecutor.java:129)
	at com.kms.katalon.core.main.TestSuiteExecutor.accessTestSuiteMainPhase(TestSuiteExecutor.java:112)
	at com.kms.katalon.core.main.TestSuiteExecutor.execute(TestSuiteExecutor.java:81)
	at com.kms.katalon.core.main.TestCaseMain.startTestSuite(TestCaseMain.java:149)
	at com.kms.katalon.core.main.TestCaseMain$startTestSuite$0.call(Unknown Source)
	at TempTestSuite1573131633276.run(TempTestSuite1573131633276.groovy:36)


2019-11-07 08:01:57 - [MESSAGE][FAILED] - Unable to click on object 'Object Repository/mobileSanity/Dental/quote/a_Select This Plan' (Root cause: org.openqa.selenium.WebDriverException: unknown error: Element <a href="/dental-insurance/apply/usa-plus-dental-vision-al" class="js-buy-plan quote-plan-buy">...</a> is not clickable at point (187, 645). Other element would receive the click: <iframe src="https://secure.livechatinc.com/licence/11465608/v2/open_chat.cgi?license=11465608&amp;group=0&amp;embedded=1&amp;widget_version=3&amp;unique_groups=0" allowtransparency="true" allow="autoplay" id="chat-widget" name="chat-widget" scrolling="no" role="application" aria-label="LiveChat chat widget" style="width: 100%; height: 100%; min-height: 0px; min-width: 0px; margin: 0px; padding: 0px; background-image: none; background-position: 0% 0%; background-size: initial; background-attachment: scroll; background-origin: initial; background-clip: initial; background-color: rgba(0, 0, 0, 0); border-width: 0px; float: none; position: absolute; top: 0px; left: 0px; bottom: 0px; right: 0px; transition: none 0s ease 0s !important;"></iframe>
  (Session info: chrome=78.0.3904.70)
  (Driver info: chromedriver=2.43.600210 (68dcf5eebde37173d4027fa8635e332711d2874a),platform=Windows NT 6.3.9600 x86_64) (WARNING: The server did not provide any stacktrace information)
Command duration or timeout: 0 milliseconds
Build info: version: '3.7.1', revision: '8a0099a', time: '2017-11-06T21:07:36.161Z'
System info: host: 'WIN-U215233FMVE', ip: '172.30.0.53', os.name: 'Windows Server 2012 R2', os.arch: 'amd64', os.version: '6.3', java.version: '1.8.0_181'
Driver info: com.kms.katalon.selenium.driver.CChromeDriver
Capabilities {acceptInsecureCerts: false, acceptSslCerts: false, applicationCacheEnabled: false, browserConnectionEnabled: false, browserName: chrome, chrome: {chromedriverVersion: 2.43.600210 (68dcf5eebde371..., userDataDir: C:\Users\ADMINI~1\AppData\L...}, cssSelectorsEnabled: true, databaseEnabled: false, goog:chromeOptions: {debuggerAddress: localhost:56409}, handlesAlerts: true, hasTouchScreen: true, javascriptEnabled: true, locationContextEnabled: true, mobileEmulationEnabled: true, nativeEvents: true, networkConnectionEnabled: false, pageLoadStrategy: normal, platform: XP, platformName: XP, rotatable: false, setWindowRect: true, takesHeapSnapshot: true, takesScreenshot: true, unexpectedAlertBehaviour: , unhandledPromptBehavior: , version: 78.0.3904.70, webStorageEnabled: true}
Session ID: 7beb8bf5ccdbd53fe708e57e058a509c)
[[ATTACHMENT|D:\\Test\\AgileTest\\Reports\\mobileWeb\\dental\\20191107_080033\\1573131717612.png]]

2019-11-07 08:01:57 - [MESSAGE][FAILED] - click(findTestObject("mobileSanity/Dental/quote/a_Select This Plan")) FAILED.
Reason:
com.kms.katalon.core.exception.StepFailedException: Unable to click on object 'Object Repository/mobileSanity/Dental/quote/a_Select This Plan' (Root cause: org.openqa.selenium.WebDriverException: unknown error: Element <a href="/dental-insurance/apply/usa-plus-dental-vision-al" class="js-buy-plan quote-plan-buy">...</a> is not clickable at point (187, 645). Other element would receive the click: <iframe src="https://secure.livechatinc.com/licence/11465608/v2/open_chat.cgi?license=11465608&amp;group=0&amp;embedded=1&amp;widget_version=3&amp;unique_groups=0" allowtransparency="true" allow="autoplay" id="chat-widget" name="chat-widget" scrolling="no" role="application" aria-label="LiveChat chat widget" style="width: 100%; height: 100%; min-height: 0px; min-width: 0px; margin: 0px; padding: 0px; background-image: none; background-position: 0% 0%; background-size: initial; background-attachment: scroll; background-origin: initial; background-clip: initial; background-color: rgba(0, 0, 0, 0); border-width: 0px; float: none; position: absolute; top: 0px; left: 0px; bottom: 0px; right: 0px; transition: none 0s ease 0s !important;"></iframe>
  (Session info: chrome=78.0.3904.70)
  (Driver info: chromedriver=2.43.600210 (68dcf5eebde37173d4027fa8635e332711d2874a),platform=Windows NT 6.3.9600 x86_64) (WARNING: The server did not provide any stacktrace information)
Command duration or timeout: 0 milliseconds
Build info: version: '3.7.1', revision: '8a0099a', time: '2017-11-06T21:07:36.161Z'
System info: host: 'WIN-U215233FMVE', ip: '172.30.0.53', os.name: 'Windows Server 2012 R2', os.arch: 'amd64', os.version: '6.3', java.version: '1.8.0_181'
Driver info: com.kms.katalon.selenium.driver.CChromeDriver
Capabilities {acceptInsecureCerts: false, acceptSslCerts: false, applicationCacheEnabled: false, browserConnectionEnabled: false, browserName: chrome, chrome: {chromedriverVersion: 2.43.600210 (68dcf5eebde371..., userDataDir: C:\Users\ADMINI~1\AppData\L...}, cssSelectorsEnabled: true, databaseEnabled: false, goog:chromeOptions: {debuggerAddress: localhost:56409}, handlesAlerts: true, hasTouchScreen: true, javascriptEnabled: true, locationContextEnabled: true, mobileEmulationEnabled: true, nativeEvents: true, networkConnectionEnabled: false, pageLoadStrategy: normal, platform: XP, platformName: XP, rotatable: false, setWindowRect: true, takesHeapSnapshot: true, takesScreenshot: true, unexpectedAlertBehaviour: , unhandledPromptBehavior: , version: 78.0.3904.70, webStorageEnabled: true}
Session ID: 7beb8bf5ccdbd53fe708e57e058a509c)
	at com.kms.katalon.core.keyword.internal.KeywordMain.stepFailed(KeywordMain.groovy:36)
	at com.kms.katalon.core.webui.keyword.internal.WebUIKeywordMain.stepFailed(WebUIKeywordMain.groovy:65)
	at com.kms.katalon.core.webui.keyword.internal.WebUIKeywordMain.runKeyword(WebUIKeywordMain.groovy:27)
	at com.kms.katalon.core.webui.keyword.builtin.ClickKeyword.click(ClickKeyword.groovy:86)
	at com.kms.katalon.core.webui.keyword.builtin.ClickKeyword.execute(ClickKeyword.groovy:67)
	at com.kms.katalon.core.keyword.internal.KeywordExecutor.executeKeywordForPlatform(KeywordExecutor.groovy:53)
	at com.kms.katalon.core.webui.keyword.WebUiBuiltInKeywords.click(WebUiBuiltInKeywords.groovy:616)
	at com.kms.katalon.core.webui.keyword.WebUiBuiltInKeywords$click$2.call(Unknown Source)
	at USA Access.run(USA Access:43)
	at com.kms.katalon.core.main.ScriptEngine.run(ScriptEngine.java:194)
	at com.kms.katalon.core.main.ScriptEngine.runScriptAsRawText(ScriptEngine.java:119)
	at com.kms.katalon.core.main.TestCaseExecutor.runScript(TestCaseExecutor.java:328)
	at com.kms.katalon.core.main.TestCaseExecutor.doExecute(TestCaseExecutor.java:319)
	at com.kms.katalon.core.main.TestCaseExecutor.processExecutionPhase(TestCaseExecutor.java:298)
	at com.kms.katalon.core.main.TestCaseExecutor.accessMainPhase(TestCaseExecutor.java:290)
	at com.kms.katalon.core.main.TestCaseExecutor.execute(TestCaseExecutor.java:224)
	at com.kms.katalon.core.main.TestSuiteExecutor.accessTestCaseMainPhase(TestSuiteExecutor.java:129)
	at com.kms.katalon.core.main.TestSuiteExecutor.accessTestSuiteMainPhase(TestSuiteExecutor.java:112)
	at com.kms.katalon.core.main.TestSuiteExecutor.execute(TestSuiteExecutor.java:81)
	at com.kms.katalon.core.main.TestCaseMain.startTestSuite(TestCaseMain.java:149)
	at com.kms.katalon.core.main.TestCaseMain$startTestSuite$0.call(Unknown Source)
	at TempTestSuite1573131633276.run(TempTestSuite1573131633276.groovy:36)]]></system-out>
         <system-err><![CDATA[2019-11-07 08:01:36 - [TEST_CASE][FAILED] - Test Cases/mobileWeb/Dental/USA Access: Test Cases/mobileWeb/Dental/USA Access FAILED.
Reason:
com.kms.katalon.core.exception.StepFailedException: Unable to click on object 'Object Repository/mobileSanity/Dental/quote/a_Select This Plan' (Root cause: org.openqa.selenium.WebDriverException: unknown error: Element <a href="/dental-insurance/apply/usa-plus-dental-vision-al" class="js-buy-plan quote-plan-buy">...</a> is not clickable at point (187, 645). Other element would receive the click: <iframe src="https://secure.livechatinc.com/licence/11465608/v2/open_chat.cgi?license=11465608&amp;group=0&amp;embedded=1&amp;widget_version=3&amp;unique_groups=0" allowtransparency="true" allow="autoplay" id="chat-widget" name="chat-widget" scrolling="no" role="application" aria-label="LiveChat chat widget" style="width: 100%; height: 100%; min-height: 0px; min-width: 0px; margin: 0px; padding: 0px; background-image: none; background-position: 0% 0%; background-size: initial; background-attachment: scroll; background-origin: initial; background-clip: initial; background-color: rgba(0, 0, 0, 0); border-width: 0px; float: none; position: absolute; top: 0px; left: 0px; bottom: 0px; right: 0px; transition: none 0s ease 0s !important;"></iframe>
  (Session info: chrome=78.0.3904.70)
  (Driver info: chromedriver=2.43.600210 (68dcf5eebde37173d4027fa8635e332711d2874a),platform=Windows NT 6.3.9600 x86_64) (WARNING: The server did not provide any stacktrace information)
Command duration or timeout: 0 milliseconds
Build info: version: '3.7.1', revision: '8a0099a', time: '2017-11-06T21:07:36.161Z'
System info: host: 'WIN-U215233FMVE', ip: '172.30.0.53', os.name: 'Windows Server 2012 R2', os.arch: 'amd64', os.version: '6.3', java.version: '1.8.0_181'
Driver info: com.kms.katalon.selenium.driver.CChromeDriver
Capabilities {acceptInsecureCerts: false, acceptSslCerts: false, applicationCacheEnabled: false, browserConnectionEnabled: false, browserName: chrome, chrome: {chromedriverVersion: 2.43.600210 (68dcf5eebde371..., userDataDir: C:\Users\ADMINI~1\AppData\L...}, cssSelectorsEnabled: true, databaseEnabled: false, goog:chromeOptions: {debuggerAddress: localhost:56409}, handlesAlerts: true, hasTouchScreen: true, javascriptEnabled: true, locationContextEnabled: true, mobileEmulationEnabled: true, nativeEvents: true, networkConnectionEnabled: false, pageLoadStrategy: normal, platform: XP, platformName: XP, rotatable: false, setWindowRect: true, takesHeapSnapshot: true, takesScreenshot: true, unexpectedAlertBehaviour: , unhandledPromptBehavior: , version: 78.0.3904.70, webStorageEnabled: true}
Session ID: 7beb8bf5ccdbd53fe708e57e058a509c)
	at com.kms.katalon.core.keyword.internal.KeywordMain.stepFailed(KeywordMain.groovy:36)
	at com.kms.katalon.core.webui.keyword.internal.WebUIKeywordMain.stepFailed(WebUIKeywordMain.groovy:65)
	at com.kms.katalon.core.webui.keyword.internal.WebUIKeywordMain.runKeyword(WebUIKeywordMain.groovy:27)
	at com.kms.katalon.core.webui.keyword.builtin.ClickKeyword.click(ClickKeyword.groovy:86)
	at com.kms.katalon.core.webui.keyword.builtin.ClickKeyword.execute(ClickKeyword.groovy:67)
	at com.kms.katalon.core.keyword.internal.KeywordExecutor.executeKeywordForPlatform(KeywordExecutor.groovy:53)
	at com.kms.katalon.core.webui.keyword.WebUiBuiltInKeywords.click(WebUiBuiltInKeywords.groovy:616)
	at com.kms.katalon.core.webui.keyword.WebUiBuiltInKeywords$click$2.call(Unknown Source)
	at USA Access.run(USA Access:43)
	at com.kms.katalon.core.main.ScriptEngine.run(ScriptEngine.java:194)
	at com.kms.katalon.core.main.ScriptEngine.runScriptAsRawText(ScriptEngine.java:119)
	at com.kms.katalon.core.main.TestCaseExecutor.runScript(TestCaseExecutor.java:328)
	at com.kms.katalon.core.main.TestCaseExecutor.doExecute(TestCaseExecutor.java:319)
	at com.kms.katalon.core.main.TestCaseExecutor.processExecutionPhase(TestCaseExecutor.java:298)
	at com.kms.katalon.core.main.TestCaseExecutor.accessMainPhase(TestCaseExecutor.java:290)
	at com.kms.katalon.core.main.TestCaseExecutor.execute(TestCaseExecutor.java:224)
	at com.kms.katalon.core.main.TestSuiteExecutor.accessTestCaseMainPhase(TestSuiteExecutor.java:129)
	at com.kms.katalon.core.main.TestSuiteExecutor.accessTestSuiteMainPhase(TestSuiteExecutor.java:112)
	at com.kms.katalon.core.main.TestSuiteExecutor.execute(TestSuiteExecutor.java:81)
	at com.kms.katalon.core.main.TestCaseMain.startTestSuite(TestCaseMain.java:149)
	at com.kms.katalon.core.main.TestCaseMain$startTestSuite$0.call(Unknown Source)
	at TempTestSuite1573131633276.run(TempTestSuite1573131633276.groovy:36)]]></system-err>
      </testcase>
      <system-out><![CDATA[2019-11-07 08:00:38 - [TEST_SUITE][FAILED] - dental: Test Cases/mobileWeb/Dental/National General FAILED.
Reason:
com.kms.katalon.core.exception.StepFailedException: Unable to click on object 'Object Repository/mobileSanity/Dental/quote/a_Select This Plan' (Root cause: org.openqa.selenium.WebDriverException: unknown error: Element <a href="/dental-insurance/apply/nationalgeneral-dental-essentials-al" class="js-buy-plan quote-plan-buy">...</a> is not clickable at point (187, 645). Other element would receive the click: <iframe src="https://secure.livechatinc.com/licence/11465608/v2/open_chat.cgi?license=11465608&amp;group=0&amp;embedded=1&amp;widget_version=3&amp;unique_groups=0" allowtransparency="true" allow="autoplay" id="chat-widget" name="chat-widget" scrolling="no" role="application" aria-label="LiveChat chat widget" style="width: 100%; height: 100%; min-height: 0px; min-width: 0px; margin: 0px; padding: 0px; background-image: none; background-position: 0% 0%; background-size: initial; background-attachment: scroll; background-origin: initial; background-clip: initial; background-color: rgba(0, 0, 0, 0); border-width: 0px; float: none; position: absolute; top: 0px; left: 0px; bottom: 0px; right: 0px; transition: none 0s ease 0s !important;"></iframe>
  (Session info: chrome=78.0.3904.70)
  (Driver info: chromedriver=2.43.600210 (68dcf5eebde37173d4027fa8635e332711d2874a),platform=Windows NT 6.3.9600 x86_64) (WARNING: The server did not provide any stacktrace information)
Command duration or timeout: 0 milliseconds
Build info: version: '3.7.1', revision: '8a0099a', time: '2017-11-06T21:07:36.161Z'
System info: host: 'WIN-U215233FMVE', ip: '172.30.0.53', os.name: 'Windows Server 2012 R2', os.arch: 'amd64', os.version: '6.3', java.version: '1.8.0_181'
Driver info: com.kms.katalon.selenium.driver.CChromeDriver
Capabilities {acceptInsecureCerts: false, acceptSslCerts: false, applicationCacheEnabled: false, browserConnectionEnabled: false, browserName: chrome, chrome: {chromedriverVersion: 2.43.600210 (68dcf5eebde371..., userDataDir: C:\Users\ADMINI~1\AppData\L...}, cssSelectorsEnabled: true, databaseEnabled: false, goog:chromeOptions: {debuggerAddress: localhost:55915}, handlesAlerts: true, hasTouchScreen: true, javascriptEnabled: true, locationContextEnabled: true, mobileEmulationEnabled: true, nativeEvents: true, networkConnectionEnabled: false, pageLoadStrategy: normal, platform: XP, platformName: XP, rotatable: false, setWindowRect: true, takesHeapSnapshot: true, takesScreenshot: true, unexpectedAlertBehaviour: , unhandledPromptBehavior: , version: 78.0.3904.70, webStorageEnabled: true}
Session ID: 90c95e4e901afab1acf6952872d6d234)
	at com.kms.katalon.core.keyword.internal.KeywordMain.stepFailed(KeywordMain.groovy:36)
	at com.kms.katalon.core.webui.keyword.internal.WebUIKeywordMain.stepFailed(WebUIKeywordMain.groovy:65)
	at com.kms.katalon.core.webui.keyword.internal.WebUIKeywordMain.runKeyword(WebUIKeywordMain.groovy:27)
	at com.kms.katalon.core.webui.keyword.builtin.ClickKeyword.click(ClickKeyword.groovy:86)
	at com.kms.katalon.core.webui.keyword.builtin.ClickKeyword.execute(ClickKeyword.groovy:67)
	at com.kms.katalon.core.keyword.internal.KeywordExecutor.executeKeywordForPlatform(KeywordExecutor.groovy:53)
	at com.kms.katalon.core.webui.keyword.WebUiBuiltInKeywords.click(WebUiBuiltInKeywords.groovy:616)
	at com.kms.katalon.core.webui.keyword.WebUiBuiltInKeywords$click$2.call(Unknown Source)
	at National General.run(National General:40)
	at com.kms.katalon.core.main.ScriptEngine.run(ScriptEngine.java:194)
	at com.kms.katalon.core.main.ScriptEngine.runScriptAsRawText(ScriptEngine.java:119)
	at com.kms.katalon.core.main.TestCaseExecutor.runScript(TestCaseExecutor.java:328)
	at com.kms.katalon.core.main.TestCaseExecutor.doExecute(TestCaseExecutor.java:319)
	at com.kms.katalon.core.main.TestCaseExecutor.processExecutionPhase(TestCaseExecutor.java:298)
	at com.kms.katalon.core.main.TestCaseExecutor.accessMainPhase(TestCaseExecutor.java:290)
	at com.kms.katalon.core.main.TestCaseExecutor.execute(TestCaseExecutor.java:224)
	at com.kms.katalon.core.main.TestSuiteExecutor.accessTestCaseMainPhase(TestSuiteExecutor.java:129)
	at com.kms.katalon.core.main.TestSuiteExecutor.accessTestSuiteMainPhase(TestSuiteExecutor.java:112)
	at com.kms.katalon.core.main.TestSuiteExecutor.execute(TestSuiteExecutor.java:81)
	at com.kms.katalon.core.main.TestCaseMain.startTestSuite(TestCaseMain.java:149)
	at com.kms.katalon.core.main.TestCaseMain$startTestSuite$0.call(Unknown Source)
	at TempTestSuite1573131633276.run(TempTestSuite1573131633276.groovy:36)]]></system-out>
      <system-err><![CDATA[2019-11-07 08:00:38 - [TEST_SUITE][FAILED] - dental: Test Cases/mobileWeb/Dental/National General FAILED.
Reason:
com.kms.katalon.core.exception.StepFailedException: Unable to click on object 'Object Repository/mobileSanity/Dental/quote/a_Select This Plan' (Root cause: org.openqa.selenium.WebDriverException: unknown error: Element <a href="/dental-insurance/apply/nationalgeneral-dental-essentials-al" class="js-buy-plan quote-plan-buy">...</a> is not clickable at point (187, 645). Other element would receive the click: <iframe src="https://secure.livechatinc.com/licence/11465608/v2/open_chat.cgi?license=11465608&amp;group=0&amp;embedded=1&amp;widget_version=3&amp;unique_groups=0" allowtransparency="true" allow="autoplay" id="chat-widget" name="chat-widget" scrolling="no" role="application" aria-label="LiveChat chat widget" style="width: 100%; height: 100%; min-height: 0px; min-width: 0px; margin: 0px; padding: 0px; background-image: none; background-position: 0% 0%; background-size: initial; background-attachment: scroll; background-origin: initial; background-clip: initial; background-color: rgba(0, 0, 0, 0); border-width: 0px; float: none; position: absolute; top: 0px; left: 0px; bottom: 0px; right: 0px; transition: none 0s ease 0s !important;"></iframe>
  (Session info: chrome=78.0.3904.70)
  (Driver info: chromedriver=2.43.600210 (68dcf5eebde37173d4027fa8635e332711d2874a),platform=Windows NT 6.3.9600 x86_64) (WARNING: The server did not provide any stacktrace information)
Command duration or timeout: 0 milliseconds
Build info: version: '3.7.1', revision: '8a0099a', time: '2017-11-06T21:07:36.161Z'
System info: host: 'WIN-U215233FMVE', ip: '172.30.0.53', os.name: 'Windows Server 2012 R2', os.arch: 'amd64', os.version: '6.3', java.version: '1.8.0_181'
Driver info: com.kms.katalon.selenium.driver.CChromeDriver
Capabilities {acceptInsecureCerts: false, acceptSslCerts: false, applicationCacheEnabled: false, browserConnectionEnabled: false, browserName: chrome, chrome: {chromedriverVersion: 2.43.600210 (68dcf5eebde371..., userDataDir: C:\Users\ADMINI~1\AppData\L...}, cssSelectorsEnabled: true, databaseEnabled: false, goog:chromeOptions: {debuggerAddress: localhost:55915}, handlesAlerts: true, hasTouchScreen: true, javascriptEnabled: true, locationContextEnabled: true, mobileEmulationEnabled: true, nativeEvents: true, networkConnectionEnabled: false, pageLoadStrategy: normal, platform: XP, platformName: XP, rotatable: false, setWindowRect: true, takesHeapSnapshot: true, takesScreenshot: true, unexpectedAlertBehaviour: , unhandledPromptBehavior: , version: 78.0.3904.70, webStorageEnabled: true}
Session ID: 90c95e4e901afab1acf6952872d6d234)
	at com.kms.katalon.core.keyword.internal.KeywordMain.stepFailed(KeywordMain.groovy:36)
	at com.kms.katalon.core.webui.keyword.internal.WebUIKeywordMain.stepFailed(WebUIKeywordMain.groovy:65)
	at com.kms.katalon.core.webui.keyword.internal.WebUIKeywordMain.runKeyword(WebUIKeywordMain.groovy:27)
	at com.kms.katalon.core.webui.keyword.builtin.ClickKeyword.click(ClickKeyword.groovy:86)
	at com.kms.katalon.core.webui.keyword.builtin.ClickKeyword.execute(ClickKeyword.groovy:67)
	at com.kms.katalon.core.keyword.internal.KeywordExecutor.executeKeywordForPlatform(KeywordExecutor.groovy:53)
	at com.kms.katalon.core.webui.keyword.WebUiBuiltInKeywords.click(WebUiBuiltInKeywords.groovy:616)
	at com.kms.katalon.core.webui.keyword.WebUiBuiltInKeywords$click$2.call(Unknown Source)
	at National General.run(National General:40)
	at com.kms.katalon.core.main.ScriptEngine.run(ScriptEngine.java:194)
	at com.kms.katalon.core.main.ScriptEngine.runScriptAsRawText(ScriptEngine.java:119)
	at com.kms.katalon.core.main.TestCaseExecutor.runScript(TestCaseExecutor.java:328)
	at com.kms.katalon.core.main.TestCaseExecutor.doExecute(TestCaseExecutor.java:319)
	at com.kms.katalon.core.main.TestCaseExecutor.processExecutionPhase(TestCaseExecutor.java:298)
	at com.kms.katalon.core.main.TestCaseExecutor.accessMainPhase(TestCaseExecutor.java:290)
	at com.kms.katalon.core.main.TestCaseExecutor.execute(TestCaseExecutor.java:224)
	at com.kms.katalon.core.main.TestSuiteExecutor.accessTestCaseMainPhase(TestSuiteExecutor.java:129)
	at com.kms.katalon.core.main.TestSuiteExecutor.accessTestSuiteMainPhase(TestSuiteExecutor.java:112)
	at com.kms.katalon.core.main.TestSuiteExecutor.execute(TestSuiteExecutor.java:81)
	at com.kms.katalon.core.main.TestCaseMain.startTestSuite(TestCaseMain.java:149)
	at com.kms.katalon.core.main.TestCaseMain$startTestSuite$0.call(Unknown Source)
	at TempTestSuite1573131633276.run(TempTestSuite1573131633276.groovy:36)]]></system-err>
   </testsuite>
</testsuites>
