<?xml version="1.0" encoding="UTF-8"?>
<testsuites name="PremierSMI" time="527" tests="4" failures="0" errors="0">
   <testsuite name="PremierSMI" tests="4" failures="0" errors="0" time="527" timestamp="2020-03-24 08:12:06" hostname="Administrator - 172.30.0.53" id="Test Suites/PrivateLabel/PremierSMI">
      <properties>
         <property name="deviceName" value=""/>
         <property name="devicePlatform" value=""/>
         <property name="logFolder" value="D:\\Test\\AgileTest\\Reports\\PrivateLabel\\PremierSMI\\20200324_080037"/>
         <property name="logFiles" value="D:\\Test\\AgileTest\\Reports\\PrivateLabel\\PremierSMI\\20200324_080037\\execution0.log"/>
         <property name="attachments" value="D:\\Test\\AgileTest\\Reports\\PrivateLabel\\PremierSMI\\20200324_080037\\../Screenshots/iPhone 6/PremierSMI/AdvantHealth/20200324_081212/0.png, D:\\Test\\AgileTest\\Reports\\PrivateLabel\\PremierSMI\\20200324_080037\\../Screenshots/iPhone 6/PremierSMI/AdvantHealth/20200324_081212/1.png, D:\\Test\\AgileTest\\Reports\\PrivateLabel\\PremierSMI\\20200324_080037\\../Screenshots/iPhone 6/PremierSMI/AdvantHealth/20200324_081212/2.png, D:\\Test\\AgileTest\\Reports\\PrivateLabel\\PremierSMI\\20200324_080037\\../Screenshots/iPhone 6/PremierSMI/AdvantHealth/20200324_081212/3.png, D:\\Test\\AgileTest\\Reports\\PrivateLabel\\PremierSMI\\20200324_080037\\../Screenshots/iPhone 6/PremierSMI/AdvantHealth/20200324_081212/4.png, D:\\Test\\AgileTest\\Reports\\PrivateLabel\\PremierSMI\\20200324_080037\\../Screenshots/iPhone 6/PremierSMI/AdvantHealth/20200324_081212/5.png, D:\\Test\\AgileTest\\Reports\\PrivateLabel\\PremierSMI\\20200324_080037\\../Screenshots/iPhone 6/PremierSMI/AdvantHealth/20200324_081212/6.png, D:\\Test\\AgileTest\\Reports\\PrivateLabel\\PremierSMI\\20200324_080037\\../Screenshots/iPhone 6/PremierSMI/AdvantHealth/20200324_081212/7.png, D:\\Test\\AgileTest\\Reports\\PrivateLabel\\PremierSMI\\20200324_080037\\../Screenshots/iPhone 6/PremierSMI/AdvantHealth/20200324_081212/8.png, D:\\Test\\AgileTest\\Reports\\PrivateLabel\\PremierSMI\\20200324_080037\\../Screenshots/iPhone 6/PremierSMI/AdvantHealth/20200324_081212/9.png, D:\\Test\\AgileTest\\Reports\\PrivateLabel\\PremierSMI\\20200324_080037\\../Screenshots/iPhone 6/PremierSMI/AdvantHealth/20200324_081212/10.png, D:\\Test\\AgileTest\\Reports\\PrivateLabel\\PremierSMI\\20200324_080037\\../Screenshots/iPhone 6/PremierSMI/Aspen/20200324_081436/0.png, D:\\Test\\AgileTest\\Reports\\PrivateLabel\\PremierSMI\\20200324_080037\\../Screenshots/iPhone 6/PremierSMI/Aspen/20200324_081436/1.png, D:\\Test\\AgileTest\\Reports\\PrivateLabel\\PremierSMI\\20200324_080037\\../Screenshots/iPhone 6/PremierSMI/Aspen/20200324_081436/2.png, D:\\Test\\AgileTest\\Reports\\PrivateLabel\\PremierSMI\\20200324_080037\\../Screenshots/iPhone 6/PremierSMI/Aspen/20200324_081436/3.png, D:\\Test\\AgileTest\\Reports\\PrivateLabel\\PremierSMI\\20200324_080037\\../Screenshots/iPhone 6/PremierSMI/Aspen/20200324_081436/4.png, D:\\Test\\AgileTest\\Reports\\PrivateLabel\\PremierSMI\\20200324_080037\\../Screenshots/iPhone 6/PremierSMI/Aspen/20200324_081436/5.png, D:\\Test\\AgileTest\\Reports\\PrivateLabel\\PremierSMI\\20200324_080037\\../Screenshots/iPhone 6/PremierSMI/Aspen/20200324_081436/6.png, D:\\Test\\AgileTest\\Reports\\PrivateLabel\\PremierSMI\\20200324_080037\\../Screenshots/iPhone 6/PremierSMI/Aspen/20200324_081436/7.png, D:\\Test\\AgileTest\\Reports\\PrivateLabel\\PremierSMI\\20200324_080037\\../Screenshots/iPhone 6/PremierSMI/Aspen/20200324_081436/8.png, D:\\Test\\AgileTest\\Reports\\PrivateLabel\\PremierSMI\\20200324_080037\\../Screenshots/iPhone 6/PremierSMI/Aspen/20200324_081436/9.png, D:\\Test\\AgileTest\\Reports\\PrivateLabel\\PremierSMI\\20200324_080037\\../Screenshots/iPhone 6/PremierSMI/Aspen/20200324_081436/10.png, D:\\Test\\AgileTest\\Reports\\PrivateLabel\\PremierSMI\\20200324_080037\\../Screenshots/iPhone 6/PremierSMI/Health Choice/20200324_081649/0.png, D:\\Test\\AgileTest\\Reports\\PrivateLabel\\PremierSMI\\20200324_080037\\../Screenshots/iPhone 6/PremierSMI/Health Choice/20200324_081649/1.png, D:\\Test\\AgileTest\\Reports\\PrivateLabel\\PremierSMI\\20200324_080037\\../Screenshots/iPhone 6/PremierSMI/Health Choice/20200324_081649/2.png, D:\\Test\\AgileTest\\Reports\\PrivateLabel\\PremierSMI\\20200324_080037\\../Screenshots/iPhone 6/PremierSMI/Health Choice/20200324_081649/3.png, D:\\Test\\AgileTest\\Reports\\PrivateLabel\\PremierSMI\\20200324_080037\\../Screenshots/iPhone 6/PremierSMI/Health Choice/20200324_081649/4.png, D:\\Test\\AgileTest\\Reports\\PrivateLabel\\PremierSMI\\20200324_080037\\../Screenshots/iPhone 6/PremierSMI/Health Choice/20200324_081649/5.png, D:\\Test\\AgileTest\\Reports\\PrivateLabel\\PremierSMI\\20200324_080037\\../Screenshots/iPhone 6/PremierSMI/Health Choice/20200324_081649/6.png, D:\\Test\\AgileTest\\Reports\\PrivateLabel\\PremierSMI\\20200324_080037\\../Screenshots/iPhone 6/PremierSMI/Health Choice/20200324_081649/7.png, D:\\Test\\AgileTest\\Reports\\PrivateLabel\\PremierSMI\\20200324_080037\\../Screenshots/iPhone 6/PremierSMI/Health Choice/20200324_081649/8.png, D:\\Test\\AgileTest\\Reports\\PrivateLabel\\PremierSMI\\20200324_080037\\../Screenshots/iPhone 6/PremierSMI/Health Choice/20200324_081649/9.png, D:\\Test\\AgileTest\\Reports\\PrivateLabel\\PremierSMI\\20200324_080037\\../Screenshots/iPhone 6/PremierSMI/Legion/20200324_081849/0.png, D:\\Test\\AgileTest\\Reports\\PrivateLabel\\PremierSMI\\20200324_080037\\../Screenshots/iPhone 6/PremierSMI/Legion/20200324_081849/1.png, D:\\Test\\AgileTest\\Reports\\PrivateLabel\\PremierSMI\\20200324_080037\\../Screenshots/iPhone 6/PremierSMI/Legion/20200324_081849/2.png, D:\\Test\\AgileTest\\Reports\\PrivateLabel\\PremierSMI\\20200324_080037\\../Screenshots/iPhone 6/PremierSMI/Legion/20200324_081849/3.png, D:\\Test\\AgileTest\\Reports\\PrivateLabel\\PremierSMI\\20200324_080037\\../Screenshots/iPhone 6/PremierSMI/Legion/20200324_081849/4.png, D:\\Test\\AgileTest\\Reports\\PrivateLabel\\PremierSMI\\20200324_080037\\../Screenshots/iPhone 6/PremierSMI/Legion/20200324_081849/5.png, D:\\Test\\AgileTest\\Reports\\PrivateLabel\\PremierSMI\\20200324_080037\\../Screenshots/iPhone 6/PremierSMI/Legion/20200324_081849/6.png, D:\\Test\\AgileTest\\Reports\\PrivateLabel\\PremierSMI\\20200324_080037\\../Screenshots/iPhone 6/PremierSMI/Legion/20200324_081849/7.png, D:\\Test\\AgileTest\\Reports\\PrivateLabel\\PremierSMI\\20200324_080037\\../Screenshots/iPhone 6/PremierSMI/Legion/20200324_081849/8.png, D:\\Test\\AgileTest\\Reports\\PrivateLabel\\PremierSMI\\20200324_080037\\../Screenshots/iPhone 6/PremierSMI/Legion/20200324_081849/9.png"/>
         <property name="hostName" value="Administrator - 172.30.0.53"/>
         <property name="os" value="Windows Server 2012 R2 64bit"/>
         <property name="katalonVersion" value="5.10.1.1"/>
         <property name="browser" value="Safari 11"/>
         <property name="hostAddress" value="172.30.0.53"/>
         <property name="sessionId" value="9743a7ca95a757c591d48e1a2a554920"/>
         <property name="seleniumVersion" value="3.7.1"/>
         <property name="proxyInformation" value="ProxyInformation{proxyOption=NO_PROXY, proxyServerType=HTTP, password=, proxyServerAddress=, proxyServerPort=0}"/>
         <property name="platform" value="Windows Server 2012 R2"/>
      </properties>
      <testcase name="Test Cases/PL Site/PremierSMI/AdvantHealth" classname="Test Cases/PL Site/PremierSMI/AdvantHealth" status="PASSED">
         <system-out><![CDATA[2020-03-24 08:12:07 - [TEST_CASE][PASSED] - Test Cases/PL Site/PremierSMI/AdvantHealth: Test Cases/PL Site/PremierSMI/AdvantHealth

2020-03-24 08:12:07 - [TEST_STEP][PASSED] - callTestCase(findTestCase("AHI/_include/get_screenPath"), ["productLine":"PremierSMI", "carrierName":"AdvantHealth"], CONTINUE_ON_FAILURE): Call Test Case 'Test Cases/AHI/_include/get_screenPath' successfully

2020-03-24 08:12:09 - [TEST_CASE][PASSED] - Test Cases/AHI/_include/get_screenPath: Test Cases/AHI/_include/get_screenPath

2020-03-24 08:12:11 - [TEST_STEP][PASSED] - m = getExecutionProperties(): null

2020-03-24 08:12:11 - [TEST_STEP][PASSED] - deviceName = get("mobileEmulation").get("deviceName"): null

2020-03-24 08:12:11 - [TEST_STEP][PASSED] - println(deviceName): null

2020-03-24 08:12:11 - [TEST_STEP][PASSED] - now = new java.util.Date(): null

2020-03-24 08:12:12 - [TEST_STEP][PASSED] - mydate = now.format("yyyyMMdd_HHmmss"): null

2020-03-24 08:12:12 - [TEST_STEP][PASSED] - screenPath = "../Screenshots/": null

2020-03-24 08:12:12 - [TEST_STEP][PASSED] - screenPath = screenPath + deviceName + "/" + productLine + "/" + carrierName + "/" + mydate + "/": null

2020-03-24 08:12:12 - [TEST_STEP][PASSED] - println(screenPath): null

2020-03-24 08:12:12 - [MESSAGE][PASSED] - Call Test Case 'Test Cases/AHI/_include/get_screenPath' successfully

2020-03-24 08:12:12 - [TEST_STEP][PASSED] - i = 0: null

2020-03-24 08:12:12 - [TEST_STEP][PASSED] - callTestCase(findTestCase("AHI/_include/openWebSite"), ["env":"https://premiersmi--qa.storefront.mybenefitskeeper.com"], CONTINUE_ON_FAILURE): Call Test Case 'Test Cases/AHI/_include/openWebSite' successfully

2020-03-24 08:12:12 - [TEST_CASE][PASSED] - Test Cases/AHI/_include/openWebSite: Test Cases/AHI/_include/openWebSite

2020-03-24 08:12:13 - [TEST_STEP][PASSED] - openBrowser(env): Browser is opened with url: 'https://premiersmi--qa.storefront.mybenefitskeeper.com'

2020-03-24 08:12:14 - [MESSAGE][INFO] - Starting 'Chrome' driver

2020-03-24 08:12:14 - [MESSAGE][INFO] - User set preference: ['mobileEmulation', '{deviceName=iPhone 6}']

2020-03-24 08:12:14 - [MESSAGE][INFO] - User set preference: ['args', '[--incognito, --aggressive-cache-discard, --window-size=375,677, --no-sandbox, --ignore-certificate-errors]']

2020-03-24 08:12:14 - [MESSAGE][INFO] - Action delay is set to 0 seconds

2020-03-24 08:12:24 - [MESSAGE][PASSED] - Browser is opened with url: 'https://premiersmi--qa.storefront.mybenefitskeeper.com'

2020-03-24 08:12:24 - [TEST_STEP][PASSED] - waitForPageLoad(20): Wait for page load successfully

2020-03-24 08:12:24 - [MESSAGE][PASSED] - Wait for page load successfully

2020-03-24 08:12:24 - [TEST_STEP][PASSED] - callTestCase(findTestCase("AHI/_include/get_screenshot"), [:], STOP_ON_FAILURE): Call Test Case 'Test Cases/AHI/_include/get_screenshot' successfully

2020-03-24 08:12:24 - [TEST_CASE][PASSED] - Test Cases/AHI/_include/get_screenshot: Test Cases/AHI/_include/get_screenshot

2020-03-24 08:12:24 - [TEST_STEP][PASSED] - Thread.sleep(1000): null

2020-03-24 08:12:25 - [TEST_STEP][PASSED] - takeScreenshot(screenPath + i + ".png"): Taking screenshot successfully

2020-03-24 08:12:26 - [MESSAGE][PASSED] - Taking screenshot successfully
[[ATTACHMENT|D:\\Test\\AgileTest\\Reports\\PrivateLabel\\PremierSMI\\20200324_080037\\../Screenshots/iPhone 6/PremierSMI/AdvantHealth/20200324_081212/0.png]]

2020-03-24 08:12:26 - [TEST_STEP][PASSED] - (internal.GlobalVariable.i++): null

2020-03-24 08:12:26 - [MESSAGE][PASSED] - Call Test Case 'Test Cases/AHI/_include/get_screenshot' successfully

2020-03-24 08:12:26 - [MESSAGE][PASSED] - Call Test Case 'Test Cases/AHI/_include/openWebSite' successfully

2020-03-24 08:12:26 - [TEST_STEP][PASSED] - callTestCase(findTestCase("AHI/_include/census_stm"), ["zipcode":"35215"], STOP_ON_FAILURE): Call Test Case 'Test Cases/AHI/_include/census_stm' successfully

2020-03-24 08:12:26 - [TEST_CASE][PASSED] - Test Cases/AHI/_include/census_stm: Test Cases/AHI/_include/census_stm

2020-03-24 08:12:26 - [TEST_STEP][PASSED] - waitForElementClickable(findTestObject("mobileSanity/STM/Home Page/a_Quote  Save Today"), 10): Object 'Object Repository/mobileSanity/STM/Home Page/a_Quote  Save Today' is clickable

2020-03-24 08:12:26 - [MESSAGE][PASSED] - Object 'Object Repository/mobileSanity/STM/Home Page/a_Quote  Save Today' is clickable

2020-03-24 08:12:26 - [TEST_STEP][PASSED] - click(findTestObject("mobileSanity/STM/Home Page/a_Quote  Save Today")): Object: 'Object Repository/mobileSanity/STM/Home Page/a_Quote  Save Today' is clicked on

2020-03-24 08:12:28 - [MESSAGE][PASSED] - Object: 'Object Repository/mobileSanity/STM/Home Page/a_Quote  Save Today' is clicked on

2020-03-24 08:12:28 - [TEST_STEP][PASSED] - waitForElementPresent(findTestObject("mobileSanity/STM/STM Census Page/input_Location_zip-input"), 20): Object 'Object Repository/mobileSanity/STM/STM Census Page/input_Location_zip-input' is present

2020-03-24 08:12:28 - [MESSAGE][PASSED] - Object 'Object Repository/mobileSanity/STM/STM Census Page/input_Location_zip-input' is present

2020-03-24 08:12:28 - [TEST_STEP][PASSED] - callTestCase(findTestCase("AHI/_include/get_screenshot"), [:], STOP_ON_FAILURE): Call Test Case 'Test Cases/AHI/_include/get_screenshot' successfully

2020-03-24 08:12:28 - [TEST_CASE][PASSED] - Test Cases/AHI/_include/get_screenshot: Test Cases/AHI/_include/get_screenshot

2020-03-24 08:12:28 - [TEST_STEP][PASSED] - Thread.sleep(1000): null

2020-03-24 08:12:29 - [TEST_STEP][PASSED] - takeScreenshot(screenPath + i + ".png"): Taking screenshot successfully

2020-03-24 08:12:30 - [MESSAGE][PASSED] - Taking screenshot successfully
[[ATTACHMENT|D:\\Test\\AgileTest\\Reports\\PrivateLabel\\PremierSMI\\20200324_080037\\../Screenshots/iPhone 6/PremierSMI/AdvantHealth/20200324_081212/1.png]]

2020-03-24 08:12:30 - [TEST_STEP][PASSED] - (internal.GlobalVariable.i++): null

2020-03-24 08:12:30 - [MESSAGE][PASSED] - Call Test Case 'Test Cases/AHI/_include/get_screenshot' successfully

2020-03-24 08:12:30 - [TEST_STEP][PASSED] - setText(findTestObject("mobileSanity/STM/STM Census Page/input_Location_zip-input"), zipcode): Text '35215' is set on object 'Object Repository/mobileSanity/STM/STM Census Page/input_Location_zip-input'

2020-03-24 08:12:30 - [MESSAGE][PASSED] - Text '35215' is set on object 'Object Repository/mobileSanity/STM/STM Census Page/input_Location_zip-input'

2020-03-24 08:12:30 - [TEST_STEP][PASSED] - Thread.sleep(500): null

2020-03-24 08:12:30 - [TEST_STEP][PASSED] - setText(findTestObject("mobileSanity/STM/STM Census Page/input_Date of Birth_dob-0"), "03031987"): Text '03031987' is set on object 'Object Repository/mobileSanity/STM/STM Census Page/input_Date of Birth_dob-0'

2020-03-24 08:12:31 - [MESSAGE][PASSED] - Text '03031987' is set on object 'Object Repository/mobileSanity/STM/STM Census Page/input_Date of Birth_dob-0'

2020-03-24 08:12:31 - [TEST_STEP][PASSED] - click(findTestObject("mobileSanity/STM/STM Census Page/label_Male")): Object: 'Object Repository/mobileSanity/STM/STM Census Page/label_Male' is clicked on

2020-03-24 08:12:31 - [MESSAGE][PASSED] - Object: 'Object Repository/mobileSanity/STM/STM Census Page/label_Male' is clicked on

2020-03-24 08:12:31 - [TEST_STEP][PASSED] - Thread.sleep(2000): null

2020-03-24 08:12:33 - [TEST_STEP][PASSED] - click(findTestObject("mobileSanity/STM/STM Census Page/label_Compare Plans")): Object: 'Object Repository/mobileSanity/STM/STM Census Page/label_Compare Plans' is clicked on

2020-03-24 08:12:35 - [MESSAGE][PASSED] - Object: 'Object Repository/mobileSanity/STM/STM Census Page/label_Compare Plans' is clicked on

2020-03-24 08:12:35 - [TEST_STEP][PASSED] - waitForElementVisible(findTestObject("mobileSanity/STM/STM Quote Page/button_sort"), 20): Object 'Object Repository/mobileSanity/STM/STM Quote Page/button_sort' is visible

2020-03-24 08:12:35 - [MESSAGE][PASSED] - Object 'Object Repository/mobileSanity/STM/STM Quote Page/button_sort' is visible

2020-03-24 08:12:35 - [TEST_STEP][PASSED] - Thread.sleep(3000): null

2020-03-24 08:12:38 - [TEST_STEP][PASSED] - callTestCase(findTestCase("AHI/_include/get_screenshot"), [:], STOP_ON_FAILURE): Call Test Case 'Test Cases/AHI/_include/get_screenshot' successfully

2020-03-24 08:12:38 - [TEST_CASE][PASSED] - Test Cases/AHI/_include/get_screenshot: Test Cases/AHI/_include/get_screenshot

2020-03-24 08:12:38 - [TEST_STEP][PASSED] - Thread.sleep(1000): null

2020-03-24 08:12:39 - [TEST_STEP][PASSED] - takeScreenshot(screenPath + i + ".png"): Taking screenshot successfully

2020-03-24 08:12:39 - [MESSAGE][PASSED] - Taking screenshot successfully
[[ATTACHMENT|D:\\Test\\AgileTest\\Reports\\PrivateLabel\\PremierSMI\\20200324_080037\\../Screenshots/iPhone 6/PremierSMI/AdvantHealth/20200324_081212/2.png]]

2020-03-24 08:12:39 - [TEST_STEP][PASSED] - (internal.GlobalVariable.i++): null

2020-03-24 08:12:39 - [MESSAGE][PASSED] - Call Test Case 'Test Cases/AHI/_include/get_screenshot' successfully

2020-03-24 08:12:39 - [TEST_STEP][PASSED] - Thread.sleep(1000): null

2020-03-24 08:12:40 - [MESSAGE][PASSED] - Call Test Case 'Test Cases/AHI/_include/census_stm' successfully

2020-03-24 08:12:40 - [TEST_STEP][PASSED] - callTestCase(findTestCase("AHI/_include/goToDetail_stm"), ["carrier":"advanthealth"], STOP_ON_FAILURE): Call Test Case 'Test Cases/AHI/_include/goToDetail_stm' successfully

2020-03-24 08:12:41 - [TEST_CASE][PASSED] - Test Cases/AHI/_include/goToDetail_stm: Test Cases/AHI/_include/goToDetail_stm

2020-03-24 08:12:41 - [TEST_STEP][PASSED] - driver = getWebDriver(): null

2020-03-24 08:12:41 - [TEST_STEP][PASSED] - selenium = new com.thoughtworks.selenium.webdriven.WebDriverBackedSelenium(driver, internal.GlobalVariable.ENV): null

2020-03-24 08:12:41 - [TEST_STEP][PASSED] - a_plan_name = "xpath=//a[contains(@href,'/term-health-insurance/plan/" + carrier + "')]": null

2020-03-24 08:12:41 - [TEST_STEP][PASSED] - println(a_plan_name): null

2020-03-24 08:12:41 - [TEST_STEP][PASSED] - selenium.click(a_plan_name): null

2020-03-24 08:12:43 - [TEST_STEP][PASSED] - waitForPageLoad(20): Wait for page load successfully

2020-03-24 08:12:43 - [MESSAGE][PASSED] - Wait for page load successfully

2020-03-24 08:12:43 - [TEST_STEP][PASSED] - Thread.sleep(2000): null

2020-03-24 08:12:45 - [TEST_STEP][PASSED] - callTestCase(findTestCase("AHI/_include/get_screenshot"), [:], STOP_ON_FAILURE): Call Test Case 'Test Cases/AHI/_include/get_screenshot' successfully

2020-03-24 08:12:45 - [TEST_CASE][PASSED] - Test Cases/AHI/_include/get_screenshot: Test Cases/AHI/_include/get_screenshot

2020-03-24 08:12:45 - [TEST_STEP][PASSED] - Thread.sleep(1000): null

2020-03-24 08:12:46 - [TEST_STEP][PASSED] - takeScreenshot(screenPath + i + ".png"): Taking screenshot successfully

2020-03-24 08:12:46 - [MESSAGE][PASSED] - Taking screenshot successfully
[[ATTACHMENT|D:\\Test\\AgileTest\\Reports\\PrivateLabel\\PremierSMI\\20200324_080037\\../Screenshots/iPhone 6/PremierSMI/AdvantHealth/20200324_081212/3.png]]

2020-03-24 08:12:46 - [TEST_STEP][PASSED] - (internal.GlobalVariable.i++): null

2020-03-24 08:12:46 - [MESSAGE][PASSED] - Call Test Case 'Test Cases/AHI/_include/get_screenshot' successfully

2020-03-24 08:12:46 - [MESSAGE][PASSED] - Call Test Case 'Test Cases/AHI/_include/goToDetail_stm' successfully

2020-03-24 08:12:46 - [TEST_STEP][PASSED] - callTestCase(findTestCase("AHI/_include/apply_stm"), [:], STOP_ON_FAILURE): Call Test Case 'Test Cases/AHI/_include/apply_stm' successfully

2020-03-24 08:12:47 - [TEST_CASE][PASSED] - Test Cases/AHI/_include/apply_stm: Test Cases/AHI/_include/apply_stm

2020-03-24 08:12:47 - [TEST_STEP][PASSED] - waitForElementVisible(findTestObject("mobileSanity/STM/STM PlanDetail Page/a_Apply for This Plan"), 5): Object 'Object Repository/mobileSanity/STM/STM PlanDetail Page/a_Apply for This Plan' is visible

2020-03-24 08:12:47 - [MESSAGE][PASSED] - Object 'Object Repository/mobileSanity/STM/STM PlanDetail Page/a_Apply for This Plan' is visible

2020-03-24 08:12:47 - [TEST_STEP][PASSED] - click(findTestObject("mobileSanity/STM/STM PlanDetail Page/a_Apply for This Plan")): Object: 'Object Repository/mobileSanity/STM/STM PlanDetail Page/a_Apply for This Plan' is clicked on

2020-03-24 08:12:47 - [MESSAGE][PASSED] - Object: 'Object Repository/mobileSanity/STM/STM PlanDetail Page/a_Apply for This Plan' is clicked on

2020-03-24 08:12:47 - [TEST_STEP][PASSED] - waitForPageLoad(10): Wait for page load successfully

2020-03-24 08:12:47 - [MESSAGE][PASSED] - Wait for page load successfully

2020-03-24 08:12:47 - [TEST_STEP][PASSED] - Thread.sleep(2000): null

2020-03-24 08:12:49 - [TEST_STEP][PASSED] - callTestCase(findTestCase("AHI/_include/get_screenshot"), [:], STOP_ON_FAILURE): Call Test Case 'Test Cases/AHI/_include/get_screenshot' successfully

2020-03-24 08:12:50 - [TEST_CASE][PASSED] - Test Cases/AHI/_include/get_screenshot: Test Cases/AHI/_include/get_screenshot

2020-03-24 08:12:50 - [TEST_STEP][PASSED] - Thread.sleep(1000): null

2020-03-24 08:12:51 - [TEST_STEP][PASSED] - takeScreenshot(screenPath + i + ".png"): Taking screenshot successfully

2020-03-24 08:12:51 - [MESSAGE][PASSED] - Taking screenshot successfully
[[ATTACHMENT|D:\\Test\\AgileTest\\Reports\\PrivateLabel\\PremierSMI\\20200324_080037\\../Screenshots/iPhone 6/PremierSMI/AdvantHealth/20200324_081212/4.png]]

2020-03-24 08:12:51 - [TEST_STEP][PASSED] - (internal.GlobalVariable.i++): null

2020-03-24 08:12:51 - [MESSAGE][PASSED] - Call Test Case 'Test Cases/AHI/_include/get_screenshot' successfully

2020-03-24 08:12:51 - [TEST_STEP][PASSED] - waitForElementVisible(findTestObject("mobileSanity/STM/STM Apply Page/a_Start Secure Application"), 5): Object 'Object Repository/mobileSanity/STM/STM Apply Page/a_Start Secure Application' is visible

2020-03-24 08:12:51 - [MESSAGE][PASSED] - Object 'Object Repository/mobileSanity/STM/STM Apply Page/a_Start Secure Application' is visible

2020-03-24 08:12:51 - [TEST_STEP][PASSED] - click(findTestObject("mobileSanity/STM/STM Apply Page/a_Start Secure Application")): Object: 'Object Repository/mobileSanity/STM/STM Apply Page/a_Start Secure Application' is clicked on

2020-03-24 08:12:51 - [MESSAGE][PASSED] - Object: 'Object Repository/mobileSanity/STM/STM Apply Page/a_Start Secure Application' is clicked on

2020-03-24 08:12:51 - [TEST_STEP][PASSED] - waitForPageLoad(20): Wait for page load successfully

2020-03-24 08:12:51 - [MESSAGE][PASSED] - Wait for page load successfully

2020-03-24 08:12:51 - [TEST_STEP][PASSED] - Thread.sleep(2000): null

2020-03-24 08:12:53 - [TEST_STEP][PASSED] - callTestCase(findTestCase("AHI/_include/get_screenshot"), [:], STOP_ON_FAILURE): Call Test Case 'Test Cases/AHI/_include/get_screenshot' successfully

2020-03-24 08:12:53 - [TEST_CASE][PASSED] - Test Cases/AHI/_include/get_screenshot: Test Cases/AHI/_include/get_screenshot

2020-03-24 08:12:53 - [TEST_STEP][PASSED] - Thread.sleep(1000): null

2020-03-24 08:12:54 - [TEST_STEP][PASSED] - takeScreenshot(screenPath + i + ".png"): Taking screenshot successfully

2020-03-24 08:12:55 - [MESSAGE][PASSED] - Taking screenshot successfully
[[ATTACHMENT|D:\\Test\\AgileTest\\Reports\\PrivateLabel\\PremierSMI\\20200324_080037\\../Screenshots/iPhone 6/PremierSMI/AdvantHealth/20200324_081212/5.png]]

2020-03-24 08:12:55 - [TEST_STEP][PASSED] - (internal.GlobalVariable.i++): null

2020-03-24 08:12:55 - [MESSAGE][PASSED] - Call Test Case 'Test Cases/AHI/_include/get_screenshot' successfully

2020-03-24 08:12:55 - [MESSAGE][PASSED] - Call Test Case 'Test Cases/AHI/_include/apply_stm' successfully

2020-03-24 08:12:55 - [TEST_STEP][PASSED] - callTestCase(findTestCase("AHI/_include/goToEnd_stm_autofill"), [:], STOP_ON_FAILURE): Call Test Case 'Test Cases/AHI/_include/goToEnd_stm_autofill' successfully

2020-03-24 08:12:55 - [TEST_CASE][PASSED] - Test Cases/AHI/_include/goToEnd_stm_autofill: Test Cases/AHI/_include/goToEnd_stm_autofill

2020-03-24 08:12:55 - [TEST_STEP][PASSED] - callTestCase(findTestCase("AHI/_include/name"), [:], CONTINUE_ON_FAILURE): Call Test Case 'Test Cases/AHI/_include/name' successfully

2020-03-24 08:12:55 - [TEST_CASE][PASSED] - Test Cases/AHI/_include/name: Test Cases/AHI/_include/name

2020-03-24 08:12:56 - [TEST_STEP][PASSED] - driver = getWebDriver(): null

2020-03-24 08:12:56 - [TEST_STEP][PASSED] - selenium = new com.thoughtworks.selenium.webdriven.WebDriverBackedSelenium(driver, internal.GlobalVariable.ENV): null

2020-03-24 08:12:56 - [TEST_STEP][PASSED] - FirstName = "Test-123": null

2020-03-24 08:12:56 - [TEST_STEP][PASSED] - LastName = selenium.getEval("{var x="ABCDEFGHIJKLMNOPQRSTUVWXYZabcdefghijklmnopqrstuvwxyz"; var tmp="ZZ11-"; for (i=0;i<8;i++) tmp+=x.charAt(Math.ceil(51*Math.random()));tmp;}"): null

2020-03-24 08:12:56 - [TEST_STEP][PASSED] - Address = selenium.getEval("{var x="ABCDEFGHIJKLMNOPQRSTUVWXYZabcdefghijklmnopqrstuvwxyz"; var tmp=""; for (i=0;i<8;i++) tmp+=x.charAt(Math.ceil(51*Math.random()));tmp;}"): null

2020-03-24 08:12:56 - [TEST_STEP][PASSED] - City = selenium.getEval("{var x="ABCDEFGHIJKLMNOPQRSTUVWXYZabcdefghijklmnopqrstuvwxyz"; var tmp=""; for (i=0;i<8;i++) tmp+=x.charAt(Math.ceil(51*Math.random()));tmp;}"): null

2020-03-24 08:12:56 - [TEST_STEP][PASSED] - tel1 = selenium.getEval("{var x="123456789"; var tmp=""; for (i=0;i<3;i++) tmp+=x.charAt(Math.ceil(8*Math.random()));tmp;}"): null

2020-03-24 08:12:56 - [TEST_STEP][PASSED] - tel2 = selenium.getEval("{var x="123456789"; var tmp=""; for (i=0;i<3;i++) tmp+=x.charAt(Math.ceil(8*Math.random()));tmp;}"): null

2020-03-24 08:12:56 - [TEST_STEP][PASSED] - tel3 = selenium.getEval("{var x="123456789"; var tmp=""; for (i=0;i<4;i++) tmp+=x.charAt(Math.ceil(8*Math.random()));tmp;}"): null

2020-03-24 08:12:56 - [TEST_STEP][PASSED] - Tel = selenium.getExpression(tel1 + "-" + tel2 + "-" + tel3): null

2020-03-24 08:12:56 - [TEST_STEP][PASSED] - AutoEmail = selenium.getEval("{var x="ABCDEFGHIJKLMNOPQRSTUVWXYZabcdefghijklmnopqrstuvwxyz"; var tmp="test."; for (i=0;i<8;i++) tmp+=x.charAt(Math.ceil(51*Math.random()));tmp+="@suryani.cn";}"): null

2020-03-24 08:12:56 - [TEST_STEP][PASSED] - FirstName = FirstName: null

2020-03-24 08:12:56 - [TEST_STEP][PASSED] - LastName = LastName: null

2020-03-24 08:12:56 - [TEST_STEP][PASSED] - Address = Address: null

2020-03-24 08:12:56 - [TEST_STEP][PASSED] - City = City: null

2020-03-24 08:12:56 - [TEST_STEP][PASSED] - Tel = Tel: null

2020-03-24 08:12:56 - [TEST_STEP][PASSED] - AutoEmail = AutoEmail: null

2020-03-24 08:12:56 - [TEST_STEP][PASSED] - println(FirstName): null

2020-03-24 08:12:56 - [TEST_STEP][PASSED] - println(LastName): null

2020-03-24 08:12:56 - [TEST_STEP][PASSED] - println(Address): null

2020-03-24 08:12:56 - [TEST_STEP][PASSED] - println(City): null

2020-03-24 08:12:56 - [TEST_STEP][PASSED] - println(Tel): null

2020-03-24 08:12:56 - [TEST_STEP][PASSED] - println(AutoEmail): null

2020-03-24 08:12:56 - [MESSAGE][PASSED] - Call Test Case 'Test Cases/AHI/_include/name' successfully

2020-03-24 08:12:56 - [TEST_STEP][PASSED] - try: Call Test Case 'Test Cases/AHI/_include/get_screenshot' successfully

2020-03-24 08:12:56 - [TEST_STEP][PASSED] - if (verifyTextPresent("Month Duration Acknowledgement", false)): Call Test Case 'Test Cases/AHI/_include/get_screenshot' successfully

2020-03-24 08:12:56 - [MESSAGE][PASSED] - Text 'Month Duration Acknowledgement' is present on page 

2020-03-24 08:12:56 - [TEST_STEP][PASSED] - click(findTestObject("mobileSanity/STM/Page_App Page 1/label_By checking this box I u")): Object: 'Object Repository/mobileSanity/STM/Page_App Page 1/label_By checking this box I u' is clicked on

2020-03-24 08:12:56 - [MESSAGE][PASSED] - Object: 'Object Repository/mobileSanity/STM/Page_App Page 1/label_By checking this box I u' is clicked on

2020-03-24 08:12:56 - [TEST_STEP][PASSED] - click(findTestObject("mobileSanity/STM/Page_App Page 1/button_Continue to Application")): Object: 'Object Repository/mobileSanity/STM/Page_App Page 1/button_Continue to Application' is clicked on

2020-03-24 08:12:57 - [MESSAGE][PASSED] - Object: 'Object Repository/mobileSanity/STM/Page_App Page 1/button_Continue to Application' is clicked on

2020-03-24 08:12:57 - [TEST_STEP][PASSED] - waitForPageLoad(20): Wait for page load successfully

2020-03-24 08:12:57 - [MESSAGE][PASSED] - Wait for page load successfully

2020-03-24 08:12:57 - [TEST_STEP][PASSED] - Thread.sleep(5000): null

2020-03-24 08:13:02 - [TEST_STEP][PASSED] - callTestCase(findTestCase("AHI/_include/get_screenshot"), [:], STOP_ON_FAILURE): Call Test Case 'Test Cases/AHI/_include/get_screenshot' successfully

2020-03-24 08:13:02 - [TEST_CASE][PASSED] - Test Cases/AHI/_include/get_screenshot: Test Cases/AHI/_include/get_screenshot

2020-03-24 08:13:02 - [TEST_STEP][PASSED] - Thread.sleep(1000): null

2020-03-24 08:13:03 - [TEST_STEP][PASSED] - takeScreenshot(screenPath + i + ".png"): Taking screenshot successfully

2020-03-24 08:13:04 - [MESSAGE][PASSED] - Taking screenshot successfully
[[ATTACHMENT|D:\\Test\\AgileTest\\Reports\\PrivateLabel\\PremierSMI\\20200324_080037\\../Screenshots/iPhone 6/PremierSMI/AdvantHealth/20200324_081212/6.png]]

2020-03-24 08:13:04 - [TEST_STEP][PASSED] - (internal.GlobalVariable.i++): null

2020-03-24 08:13:04 - [MESSAGE][PASSED] - Call Test Case 'Test Cases/AHI/_include/get_screenshot' successfully

2020-03-24 08:13:04 - [TEST_STEP][PASSED] - waitForPageLoad(10): Wait for page load successfully

2020-03-24 08:13:04 - [MESSAGE][PASSED] - Wait for page load successfully

2020-03-24 08:13:04 - [TEST_STEP][PASSED] - Thread.sleep(3000): null

2020-03-24 08:13:07 - [TEST_STEP][PASSED] - waitForElementVisible(findTestObject("mobileSanity/STM/Page_App Page 1/a_Autofill App Info"), 20): Object 'Object Repository/mobileSanity/STM/Page_App Page 1/a_Autofill App Info' is visible

2020-03-24 08:13:07 - [MESSAGE][PASSED] - Object 'Object Repository/mobileSanity/STM/Page_App Page 1/a_Autofill App Info' is visible

2020-03-24 08:13:07 - [TEST_STEP][PASSED] - click(findTestObject("mobileSanity/STM/Page_App Page 1/a_Autofill App Info")): Object: 'Object Repository/mobileSanity/STM/Page_App Page 1/a_Autofill App Info' is clicked on

2020-03-24 08:13:08 - [MESSAGE][PASSED] - Object: 'Object Repository/mobileSanity/STM/Page_App Page 1/a_Autofill App Info' is clicked on

2020-03-24 08:13:08 - [TEST_STEP][PASSED] - Thread.sleep(1000): null

2020-03-24 08:13:09 - [TEST_STEP][PASSED] - click(findTestObject("mobileSanity/STM/Page_App Page 1/a_Autofill App Info")): Object: 'Object Repository/mobileSanity/STM/Page_App Page 1/a_Autofill App Info' is clicked on

2020-03-24 08:13:09 - [MESSAGE][PASSED] - Object: 'Object Repository/mobileSanity/STM/Page_App Page 1/a_Autofill App Info' is clicked on

2020-03-24 08:13:09 - [TEST_STEP][PASSED] - Thread.sleep(1000): null

2020-03-24 08:13:10 - [TEST_STEP][PASSED] - waitForElementVisible(findTestObject("mobileSanity/STM/Page_App Page 1/a_Continue"), 20): Object 'Object Repository/mobileSanity/STM/Page_App Page 1/a_Continue' is visible

2020-03-24 08:13:10 - [MESSAGE][PASSED] - Object 'Object Repository/mobileSanity/STM/Page_App Page 1/a_Continue' is visible

2020-03-24 08:13:10 - [TEST_STEP][PASSED] - click(findTestObject("mobileSanity/STM/Page_App Page 1/a_Continue")): Object: 'Object Repository/mobileSanity/STM/Page_App Page 1/a_Continue' is clicked on

2020-03-24 08:13:10 - [MESSAGE][PASSED] - Object: 'Object Repository/mobileSanity/STM/Page_App Page 1/a_Continue' is clicked on

2020-03-24 08:13:10 - [TEST_STEP][PASSED] - waitForPageLoad(20): Wait for page load successfully

2020-03-24 08:13:11 - [MESSAGE][PASSED] - Wait for page load successfully

2020-03-24 08:13:11 - [TEST_STEP][PASSED] - Thread.sleep(5000): null

2020-03-24 08:13:16 - [TEST_STEP][PASSED] - callTestCase(findTestCase("AHI/_include/get_screenshot"), [:], STOP_ON_FAILURE): Call Test Case 'Test Cases/AHI/_include/get_screenshot' successfully

2020-03-24 08:13:16 - [TEST_CASE][PASSED] - Test Cases/AHI/_include/get_screenshot: Test Cases/AHI/_include/get_screenshot

2020-03-24 08:13:16 - [TEST_STEP][PASSED] - Thread.sleep(1000): null

2020-03-24 08:13:17 - [TEST_STEP][PASSED] - takeScreenshot(screenPath + i + ".png"): Taking screenshot successfully

2020-03-24 08:13:17 - [MESSAGE][PASSED] - Taking screenshot successfully
[[ATTACHMENT|D:\\Test\\AgileTest\\Reports\\PrivateLabel\\PremierSMI\\20200324_080037\\../Screenshots/iPhone 6/PremierSMI/AdvantHealth/20200324_081212/7.png]]

2020-03-24 08:13:17 - [TEST_STEP][PASSED] - (internal.GlobalVariable.i++): null

2020-03-24 08:13:17 - [MESSAGE][PASSED] - Call Test Case 'Test Cases/AHI/_include/get_screenshot' successfully

2020-03-24 08:13:17 - [TEST_STEP][PASSED] - click(findTestObject("mobileSanity/STM/Page_App Page 2/a_Continue to Step 3 - Payment")): Object: 'Object Repository/mobileSanity/STM/Page_App Page 2/a_Continue to Step 3 - Payment' is clicked on

2020-03-24 08:13:18 - [MESSAGE][PASSED] - Object: 'Object Repository/mobileSanity/STM/Page_App Page 2/a_Continue to Step 3 - Payment' is clicked on

2020-03-24 08:13:18 - [TEST_STEP][PASSED] - waitForPageLoad(20): Wait for page load successfully

2020-03-24 08:13:18 - [MESSAGE][PASSED] - Wait for page load successfully

2020-03-24 08:13:18 - [TEST_STEP][PASSED] - waitForElementVisible(findTestObject("mobileSanity/STM/Page_App Page 3/input__credit-card-cvv"), 20): Object 'Object Repository/mobileSanity/STM/Page_App Page 3/input__credit-card-cvv' is visible

2020-03-24 08:13:19 - [MESSAGE][PASSED] - Object 'Object Repository/mobileSanity/STM/Page_App Page 3/input__credit-card-cvv' is visible

2020-03-24 08:13:19 - [TEST_STEP][PASSED] - Thread.sleep(2000): null

2020-03-24 08:13:21 - [TEST_STEP][PASSED] - callTestCase(findTestCase("AHI/_include/get_screenshot"), [:], STOP_ON_FAILURE): Call Test Case 'Test Cases/AHI/_include/get_screenshot' successfully

2020-03-24 08:13:21 - [TEST_CASE][PASSED] - Test Cases/AHI/_include/get_screenshot: Test Cases/AHI/_include/get_screenshot

2020-03-24 08:13:21 - [TEST_STEP][PASSED] - Thread.sleep(1000): null

2020-03-24 08:13:22 - [TEST_STEP][PASSED] - takeScreenshot(screenPath + i + ".png"): Taking screenshot successfully

2020-03-24 08:13:23 - [MESSAGE][PASSED] - Taking screenshot successfully
[[ATTACHMENT|D:\\Test\\AgileTest\\Reports\\PrivateLabel\\PremierSMI\\20200324_080037\\../Screenshots/iPhone 6/PremierSMI/AdvantHealth/20200324_081212/8.png]]

2020-03-24 08:13:23 - [TEST_STEP][PASSED] - (internal.GlobalVariable.i++): null

2020-03-24 08:13:23 - [MESSAGE][PASSED] - Call Test Case 'Test Cases/AHI/_include/get_screenshot' successfully

2020-03-24 08:13:23 - [TEST_STEP][PASSED] - clearText(findTestObject("mobileSanity/STM/Page_App Page 3/input__credit-card-cvv")): Text of object 'Object Repository/mobileSanity/STM/Page_App Page 3/input__credit-card-cvv' is cleared

2020-03-24 08:13:23 - [MESSAGE][PASSED] - Text of object 'Object Repository/mobileSanity/STM/Page_App Page 3/input__credit-card-cvv' is cleared

2020-03-24 08:13:23 - [TEST_STEP][PASSED] - setText(findTestObject("mobileSanity/STM/Page_App Page 3/input__credit-card-cvv"), "123"): Text '123' is set on object 'Object Repository/mobileSanity/STM/Page_App Page 3/input__credit-card-cvv'

2020-03-24 08:13:24 - [MESSAGE][PASSED] - Text '123' is set on object 'Object Repository/mobileSanity/STM/Page_App Page 3/input__credit-card-cvv'

2020-03-24 08:13:24 - [TEST_STEP][PASSED] - click(findTestObject("mobileSanity/STM/Page_App Page 3/label_I Accept Authorization f")): Object: 'Object Repository/mobileSanity/STM/Page_App Page 3/label_I Accept Authorization f' is clicked on

2020-03-24 08:13:24 - [MESSAGE][PASSED] - Object: 'Object Repository/mobileSanity/STM/Page_App Page 3/label_I Accept Authorization f' is clicked on

2020-03-24 08:13:24 - [TEST_STEP][PASSED] - click(findTestObject("mobileSanity/STM/Page_App Page 3/a_Continue to Step 4 - Review")): Object: 'Object Repository/mobileSanity/STM/Page_App Page 3/a_Continue to Step 4 - Review' is clicked on

2020-03-24 08:13:26 - [MESSAGE][PASSED] - Object: 'Object Repository/mobileSanity/STM/Page_App Page 3/a_Continue to Step 4 - Review' is clicked on

2020-03-24 08:13:26 - [TEST_STEP][PASSED] - waitForPageLoad(10): Wait for page load successfully

2020-03-24 08:13:26 - [MESSAGE][PASSED] - Wait for page load successfully

2020-03-24 08:13:26 - [TEST_STEP][PASSED] - waitForElementClickable(findTestObject("mobileSanity/STM/Page_App Page 4/label"), 10): Object 'Object Repository/mobileSanity/STM/Page_App Page 4/label' is clickable

2020-03-24 08:13:28 - [MESSAGE][PASSED] - Object 'Object Repository/mobileSanity/STM/Page_App Page 4/label' is clickable

2020-03-24 08:13:28 - [TEST_STEP][PASSED] - Thread.sleep(2000): null

2020-03-24 08:13:30 - [TEST_STEP][PASSED] - callTestCase(findTestCase("AHI/_include/get_screenshot"), [:], STOP_ON_FAILURE): Call Test Case 'Test Cases/AHI/_include/get_screenshot' successfully

2020-03-24 08:13:30 - [TEST_CASE][PASSED] - Test Cases/AHI/_include/get_screenshot: Test Cases/AHI/_include/get_screenshot

2020-03-24 08:13:30 - [TEST_STEP][PASSED] - Thread.sleep(1000): null

2020-03-24 08:13:31 - [TEST_STEP][PASSED] - takeScreenshot(screenPath + i + ".png"): Taking screenshot successfully

2020-03-24 08:13:32 - [MESSAGE][PASSED] - Taking screenshot successfully
[[ATTACHMENT|D:\\Test\\AgileTest\\Reports\\PrivateLabel\\PremierSMI\\20200324_080037\\../Screenshots/iPhone 6/PremierSMI/AdvantHealth/20200324_081212/9.png]]

2020-03-24 08:13:32 - [TEST_STEP][PASSED] - (internal.GlobalVariable.i++): null

2020-03-24 08:13:32 - [MESSAGE][PASSED] - Call Test Case 'Test Cases/AHI/_include/get_screenshot' successfully

2020-03-24 08:13:32 - [TEST_STEP][PASSED] - click(findTestObject("mobileSanity/STM/Page_App Page 4/label")): Object: 'Object Repository/mobileSanity/STM/Page_App Page 4/label' is clicked on

2020-03-24 08:13:33 - [MESSAGE][PASSED] - Object: 'Object Repository/mobileSanity/STM/Page_App Page 4/label' is clicked on

2020-03-24 08:13:33 - [TEST_STEP][PASSED] - click(findTestObject("mobileSanity/STM/Page_App Page 4/div_CLICK TO SIGN")): Object: 'Object Repository/mobileSanity/STM/Page_App Page 4/div_CLICK TO SIGN' is clicked on

2020-03-24 08:13:33 - [MESSAGE][PASSED] - Object: 'Object Repository/mobileSanity/STM/Page_App Page 4/div_CLICK TO SIGN' is clicked on

2020-03-24 08:13:33 - [TEST_STEP][PASSED] - click(findTestObject("mobileSanity/STM/Page_App Page 4/a_Submit Your Application")): Object: 'Object Repository/mobileSanity/STM/Page_App Page 4/a_Submit Your Application' is clicked on

2020-03-24 08:13:34 - [MESSAGE][PASSED] - Object: 'Object Repository/mobileSanity/STM/Page_App Page 4/a_Submit Your Application' is clicked on

2020-03-24 08:13:34 - [TEST_STEP][PASSED] - waitForElementPresent(findTestObject("mobileSanity/Common/app-confirmation"), 50): Object 'Object Repository/mobileSanity/Common/app-confirmation' is not present after 50 second(s)

2020-03-24 08:14:34 - [MESSAGE][INFO] - Unable to find the element located by 'By.xpath: //*[@id = 'app-confirmation']'. Please recheck the objects properties to make sure the desired element is located. 

2020-03-24 08:14:34 - [MESSAGE][WARNING] - Object 'Object Repository/mobileSanity/Common/app-confirmation' is not present after 50 second(s)

2020-03-24 08:14:34 - [TEST_STEP][PASSED] - callTestCase(findTestCase("AHI/_include/get_screenshot"), [:], STOP_ON_FAILURE): Call Test Case 'Test Cases/AHI/_include/get_screenshot' successfully

2020-03-24 08:14:34 - [TEST_CASE][PASSED] - Test Cases/AHI/_include/get_screenshot: Test Cases/AHI/_include/get_screenshot

2020-03-24 08:14:34 - [TEST_STEP][PASSED] - Thread.sleep(1000): null

2020-03-24 08:14:35 - [TEST_STEP][PASSED] - takeScreenshot(screenPath + i + ".png"): Taking screenshot successfully

2020-03-24 08:14:36 - [MESSAGE][PASSED] - Taking screenshot successfully
[[ATTACHMENT|D:\\Test\\AgileTest\\Reports\\PrivateLabel\\PremierSMI\\20200324_080037\\../Screenshots/iPhone 6/PremierSMI/AdvantHealth/20200324_081212/10.png]]

2020-03-24 08:14:36 - [TEST_STEP][PASSED] - (internal.GlobalVariable.i++): null

2020-03-24 08:14:36 - [MESSAGE][PASSED] - Call Test Case 'Test Cases/AHI/_include/get_screenshot' successfully

2020-03-24 08:14:36 - [MESSAGE][PASSED] - Call Test Case 'Test Cases/AHI/_include/goToEnd_stm_autofill' successfully]]></system-out>
         <system-err><![CDATA[]]></system-err>
      </testcase>
      <testcase name="Test Cases/PL Site/PremierSMI/Aspen" classname="Test Cases/PL Site/PremierSMI/Aspen" status="PASSED">
         <system-out><![CDATA[2020-03-24 08:14:36 - [TEST_CASE][PASSED] - Test Cases/PL Site/PremierSMI/Aspen: Test Cases/PL Site/PremierSMI/Aspen

2020-03-24 08:14:36 - [TEST_STEP][PASSED] - callTestCase(findTestCase("AHI/_include/get_screenPath"), ["productLine":"PremierSMI", "carrierName":"Aspen"], CONTINUE_ON_FAILURE): Call Test Case 'Test Cases/AHI/_include/get_screenPath' successfully

2020-03-24 08:14:36 - [TEST_CASE][PASSED] - Test Cases/AHI/_include/get_screenPath: Test Cases/AHI/_include/get_screenPath

2020-03-24 08:14:36 - [TEST_STEP][PASSED] - m = getExecutionProperties(): null

2020-03-24 08:14:36 - [TEST_STEP][PASSED] - deviceName = get("mobileEmulation").get("deviceName"): null

2020-03-24 08:14:36 - [TEST_STEP][PASSED] - println(deviceName): null

2020-03-24 08:14:36 - [TEST_STEP][PASSED] - now = new java.util.Date(): null

2020-03-24 08:14:36 - [TEST_STEP][PASSED] - mydate = now.format("yyyyMMdd_HHmmss"): null

2020-03-24 08:14:36 - [TEST_STEP][PASSED] - screenPath = "../Screenshots/": null

2020-03-24 08:14:36 - [TEST_STEP][PASSED] - screenPath = screenPath + deviceName + "/" + productLine + "/" + carrierName + "/" + mydate + "/": null

2020-03-24 08:14:36 - [TEST_STEP][PASSED] - println(screenPath): null

2020-03-24 08:14:36 - [MESSAGE][PASSED] - Call Test Case 'Test Cases/AHI/_include/get_screenPath' successfully

2020-03-24 08:14:36 - [TEST_STEP][PASSED] - i = 0: null

2020-03-24 08:14:36 - [TEST_STEP][PASSED] - callTestCase(findTestCase("AHI/_include/openWebSite"), ["env":"https://premiersmi--qa.storefront.mybenefitskeeper.com"], CONTINUE_ON_FAILURE): Call Test Case 'Test Cases/AHI/_include/openWebSite' successfully

2020-03-24 08:14:36 - [TEST_CASE][PASSED] - Test Cases/AHI/_include/openWebSite: Test Cases/AHI/_include/openWebSite

2020-03-24 08:14:36 - [TEST_STEP][PASSED] - openBrowser(env): Browser is opened with url: 'https://premiersmi--qa.storefront.mybenefitskeeper.com'

2020-03-24 08:14:36 - [MESSAGE][WARNING] - A browser is already opened. Closing browser and opening a new one

2020-03-24 08:14:37 - [MESSAGE][INFO] - Starting 'Chrome' driver

2020-03-24 08:14:37 - [MESSAGE][INFO] - User set preference: ['mobileEmulation', '{deviceName=iPhone 6}']

2020-03-24 08:14:37 - [MESSAGE][INFO] - User set preference: ['args', '[--incognito, --aggressive-cache-discard, --window-size=375,677, --no-sandbox, --ignore-certificate-errors]']

2020-03-24 08:14:42 - [MESSAGE][PASSED] - Browser is opened with url: 'https://premiersmi--qa.storefront.mybenefitskeeper.com'

2020-03-24 08:14:42 - [TEST_STEP][PASSED] - waitForPageLoad(20): Wait for page load successfully

2020-03-24 08:14:43 - [MESSAGE][PASSED] - Wait for page load successfully

2020-03-24 08:14:43 - [TEST_STEP][PASSED] - callTestCase(findTestCase("AHI/_include/get_screenshot"), [:], STOP_ON_FAILURE): Call Test Case 'Test Cases/AHI/_include/get_screenshot' successfully

2020-03-24 08:14:43 - [TEST_CASE][PASSED] - Test Cases/AHI/_include/get_screenshot: Test Cases/AHI/_include/get_screenshot

2020-03-24 08:14:43 - [TEST_STEP][PASSED] - Thread.sleep(1000): null

2020-03-24 08:14:44 - [TEST_STEP][PASSED] - takeScreenshot(screenPath + i + ".png"): Taking screenshot successfully

2020-03-24 08:14:44 - [MESSAGE][PASSED] - Taking screenshot successfully
[[ATTACHMENT|D:\\Test\\AgileTest\\Reports\\PrivateLabel\\PremierSMI\\20200324_080037\\../Screenshots/iPhone 6/PremierSMI/Aspen/20200324_081436/0.png]]

2020-03-24 08:14:44 - [TEST_STEP][PASSED] - (internal.GlobalVariable.i++): null

2020-03-24 08:14:44 - [MESSAGE][PASSED] - Call Test Case 'Test Cases/AHI/_include/get_screenshot' successfully

2020-03-24 08:14:44 - [MESSAGE][PASSED] - Call Test Case 'Test Cases/AHI/_include/openWebSite' successfully

2020-03-24 08:14:44 - [TEST_STEP][PASSED] - callTestCase(findTestCase("AHI/_include/census_stm"), ["zipcode":"35215"], STOP_ON_FAILURE): Call Test Case 'Test Cases/AHI/_include/census_stm' successfully

2020-03-24 08:14:44 - [TEST_CASE][PASSED] - Test Cases/AHI/_include/census_stm: Test Cases/AHI/_include/census_stm

2020-03-24 08:14:45 - [TEST_STEP][PASSED] - waitForElementClickable(findTestObject("mobileSanity/STM/Home Page/a_Quote  Save Today"), 10): Object 'Object Repository/mobileSanity/STM/Home Page/a_Quote  Save Today' is clickable

2020-03-24 08:14:45 - [MESSAGE][PASSED] - Object 'Object Repository/mobileSanity/STM/Home Page/a_Quote  Save Today' is clickable

2020-03-24 08:14:45 - [TEST_STEP][PASSED] - click(findTestObject("mobileSanity/STM/Home Page/a_Quote  Save Today")): Object: 'Object Repository/mobileSanity/STM/Home Page/a_Quote  Save Today' is clicked on

2020-03-24 08:14:46 - [MESSAGE][PASSED] - Object: 'Object Repository/mobileSanity/STM/Home Page/a_Quote  Save Today' is clicked on

2020-03-24 08:14:46 - [TEST_STEP][PASSED] - waitForElementPresent(findTestObject("mobileSanity/STM/STM Census Page/input_Location_zip-input"), 20): Object 'Object Repository/mobileSanity/STM/STM Census Page/input_Location_zip-input' is present

2020-03-24 08:14:46 - [MESSAGE][PASSED] - Object 'Object Repository/mobileSanity/STM/STM Census Page/input_Location_zip-input' is present

2020-03-24 08:14:46 - [TEST_STEP][PASSED] - callTestCase(findTestCase("AHI/_include/get_screenshot"), [:], STOP_ON_FAILURE): Call Test Case 'Test Cases/AHI/_include/get_screenshot' successfully

2020-03-24 08:14:46 - [TEST_CASE][PASSED] - Test Cases/AHI/_include/get_screenshot: Test Cases/AHI/_include/get_screenshot

2020-03-24 08:14:46 - [TEST_STEP][PASSED] - Thread.sleep(1000): null

2020-03-24 08:14:47 - [TEST_STEP][PASSED] - takeScreenshot(screenPath + i + ".png"): Taking screenshot successfully

2020-03-24 08:14:48 - [MESSAGE][PASSED] - Taking screenshot successfully
[[ATTACHMENT|D:\\Test\\AgileTest\\Reports\\PrivateLabel\\PremierSMI\\20200324_080037\\../Screenshots/iPhone 6/PremierSMI/Aspen/20200324_081436/1.png]]

2020-03-24 08:14:48 - [TEST_STEP][PASSED] - (internal.GlobalVariable.i++): null

2020-03-24 08:14:48 - [MESSAGE][PASSED] - Call Test Case 'Test Cases/AHI/_include/get_screenshot' successfully

2020-03-24 08:14:48 - [TEST_STEP][PASSED] - setText(findTestObject("mobileSanity/STM/STM Census Page/input_Location_zip-input"), zipcode): Text '35215' is set on object 'Object Repository/mobileSanity/STM/STM Census Page/input_Location_zip-input'

2020-03-24 08:14:48 - [MESSAGE][PASSED] - Text '35215' is set on object 'Object Repository/mobileSanity/STM/STM Census Page/input_Location_zip-input'

2020-03-24 08:14:48 - [TEST_STEP][PASSED] - Thread.sleep(500): null

2020-03-24 08:14:49 - [TEST_STEP][PASSED] - setText(findTestObject("mobileSanity/STM/STM Census Page/input_Date of Birth_dob-0"), "03031987"): Text '03031987' is set on object 'Object Repository/mobileSanity/STM/STM Census Page/input_Date of Birth_dob-0'

2020-03-24 08:14:49 - [MESSAGE][PASSED] - Text '03031987' is set on object 'Object Repository/mobileSanity/STM/STM Census Page/input_Date of Birth_dob-0'

2020-03-24 08:14:49 - [TEST_STEP][PASSED] - click(findTestObject("mobileSanity/STM/STM Census Page/label_Male")): Object: 'Object Repository/mobileSanity/STM/STM Census Page/label_Male' is clicked on

2020-03-24 08:14:50 - [MESSAGE][PASSED] - Object: 'Object Repository/mobileSanity/STM/STM Census Page/label_Male' is clicked on

2020-03-24 08:14:50 - [TEST_STEP][PASSED] - Thread.sleep(2000): null

2020-03-24 08:14:52 - [TEST_STEP][PASSED] - click(findTestObject("mobileSanity/STM/STM Census Page/label_Compare Plans")): Object: 'Object Repository/mobileSanity/STM/STM Census Page/label_Compare Plans' is clicked on

2020-03-24 08:14:53 - [MESSAGE][PASSED] - Object: 'Object Repository/mobileSanity/STM/STM Census Page/label_Compare Plans' is clicked on

2020-03-24 08:14:53 - [TEST_STEP][PASSED] - waitForElementVisible(findTestObject("mobileSanity/STM/STM Quote Page/button_sort"), 20): Object 'Object Repository/mobileSanity/STM/STM Quote Page/button_sort' is visible

2020-03-24 08:14:54 - [MESSAGE][PASSED] - Object 'Object Repository/mobileSanity/STM/STM Quote Page/button_sort' is visible

2020-03-24 08:14:54 - [TEST_STEP][PASSED] - Thread.sleep(3000): null

2020-03-24 08:14:57 - [TEST_STEP][PASSED] - callTestCase(findTestCase("AHI/_include/get_screenshot"), [:], STOP_ON_FAILURE): Call Test Case 'Test Cases/AHI/_include/get_screenshot' successfully

2020-03-24 08:14:57 - [TEST_CASE][PASSED] - Test Cases/AHI/_include/get_screenshot: Test Cases/AHI/_include/get_screenshot

2020-03-24 08:14:57 - [TEST_STEP][PASSED] - Thread.sleep(1000): null

2020-03-24 08:14:58 - [TEST_STEP][PASSED] - takeScreenshot(screenPath + i + ".png"): Taking screenshot successfully

2020-03-24 08:14:58 - [MESSAGE][PASSED] - Taking screenshot successfully
[[ATTACHMENT|D:\\Test\\AgileTest\\Reports\\PrivateLabel\\PremierSMI\\20200324_080037\\../Screenshots/iPhone 6/PremierSMI/Aspen/20200324_081436/2.png]]

2020-03-24 08:14:58 - [TEST_STEP][PASSED] - (internal.GlobalVariable.i++): null

2020-03-24 08:14:58 - [MESSAGE][PASSED] - Call Test Case 'Test Cases/AHI/_include/get_screenshot' successfully

2020-03-24 08:14:58 - [TEST_STEP][PASSED] - Thread.sleep(1000): null

2020-03-24 08:14:59 - [MESSAGE][PASSED] - Call Test Case 'Test Cases/AHI/_include/census_stm' successfully

2020-03-24 08:14:59 - [TEST_STEP][PASSED] - callTestCase(findTestCase("AHI/_include/goToDetail_stm"), ["carrier":"aspen"], STOP_ON_FAILURE): Call Test Case 'Test Cases/AHI/_include/goToDetail_stm' successfully

2020-03-24 08:14:59 - [TEST_CASE][PASSED] - Test Cases/AHI/_include/goToDetail_stm: Test Cases/AHI/_include/goToDetail_stm

2020-03-24 08:14:59 - [TEST_STEP][PASSED] - driver = getWebDriver(): null

2020-03-24 08:14:59 - [TEST_STEP][PASSED] - selenium = new com.thoughtworks.selenium.webdriven.WebDriverBackedSelenium(driver, internal.GlobalVariable.ENV): null

2020-03-24 08:15:00 - [TEST_STEP][PASSED] - a_plan_name = "xpath=//a[contains(@href,'/term-health-insurance/plan/" + carrier + "')]": null

2020-03-24 08:15:00 - [TEST_STEP][PASSED] - println(a_plan_name): null

2020-03-24 08:15:00 - [TEST_STEP][PASSED] - selenium.click(a_plan_name): null

2020-03-24 08:15:01 - [TEST_STEP][PASSED] - waitForPageLoad(20): Wait for page load successfully

2020-03-24 08:15:01 - [MESSAGE][PASSED] - Wait for page load successfully

2020-03-24 08:15:01 - [TEST_STEP][PASSED] - Thread.sleep(2000): null

2020-03-24 08:15:03 - [TEST_STEP][PASSED] - callTestCase(findTestCase("AHI/_include/get_screenshot"), [:], STOP_ON_FAILURE): Call Test Case 'Test Cases/AHI/_include/get_screenshot' successfully

2020-03-24 08:15:03 - [TEST_CASE][PASSED] - Test Cases/AHI/_include/get_screenshot: Test Cases/AHI/_include/get_screenshot

2020-03-24 08:15:03 - [TEST_STEP][PASSED] - Thread.sleep(1000): null

2020-03-24 08:15:04 - [TEST_STEP][PASSED] - takeScreenshot(screenPath + i + ".png"): Taking screenshot successfully

2020-03-24 08:15:05 - [MESSAGE][PASSED] - Taking screenshot successfully
[[ATTACHMENT|D:\\Test\\AgileTest\\Reports\\PrivateLabel\\PremierSMI\\20200324_080037\\../Screenshots/iPhone 6/PremierSMI/Aspen/20200324_081436/3.png]]

2020-03-24 08:15:05 - [TEST_STEP][PASSED] - (internal.GlobalVariable.i++): null

2020-03-24 08:15:05 - [MESSAGE][PASSED] - Call Test Case 'Test Cases/AHI/_include/get_screenshot' successfully

2020-03-24 08:15:05 - [MESSAGE][PASSED] - Call Test Case 'Test Cases/AHI/_include/goToDetail_stm' successfully

2020-03-24 08:15:05 - [TEST_STEP][PASSED] - callTestCase(findTestCase("AHI/_include/apply_stm"), [:], STOP_ON_FAILURE): Call Test Case 'Test Cases/AHI/_include/apply_stm' successfully

2020-03-24 08:15:05 - [TEST_CASE][PASSED] - Test Cases/AHI/_include/apply_stm: Test Cases/AHI/_include/apply_stm

2020-03-24 08:15:05 - [TEST_STEP][PASSED] - waitForElementVisible(findTestObject("mobileSanity/STM/STM PlanDetail Page/a_Apply for This Plan"), 5): Object 'Object Repository/mobileSanity/STM/STM PlanDetail Page/a_Apply for This Plan' is visible

2020-03-24 08:15:05 - [MESSAGE][PASSED] - Object 'Object Repository/mobileSanity/STM/STM PlanDetail Page/a_Apply for This Plan' is visible

2020-03-24 08:15:05 - [TEST_STEP][PASSED] - click(findTestObject("mobileSanity/STM/STM PlanDetail Page/a_Apply for This Plan")): Object: 'Object Repository/mobileSanity/STM/STM PlanDetail Page/a_Apply for This Plan' is clicked on

2020-03-24 08:15:06 - [MESSAGE][PASSED] - Object: 'Object Repository/mobileSanity/STM/STM PlanDetail Page/a_Apply for This Plan' is clicked on

2020-03-24 08:15:06 - [TEST_STEP][PASSED] - waitForPageLoad(10): Wait for page load successfully

2020-03-24 08:15:06 - [MESSAGE][PASSED] - Wait for page load successfully

2020-03-24 08:15:06 - [TEST_STEP][PASSED] - Thread.sleep(2000): null

2020-03-24 08:15:08 - [TEST_STEP][PASSED] - callTestCase(findTestCase("AHI/_include/get_screenshot"), [:], STOP_ON_FAILURE): Call Test Case 'Test Cases/AHI/_include/get_screenshot' successfully

2020-03-24 08:15:08 - [TEST_CASE][PASSED] - Test Cases/AHI/_include/get_screenshot: Test Cases/AHI/_include/get_screenshot

2020-03-24 08:15:08 - [TEST_STEP][PASSED] - Thread.sleep(1000): null

2020-03-24 08:15:09 - [TEST_STEP][PASSED] - takeScreenshot(screenPath + i + ".png"): Taking screenshot successfully

2020-03-24 08:15:09 - [MESSAGE][PASSED] - Taking screenshot successfully
[[ATTACHMENT|D:\\Test\\AgileTest\\Reports\\PrivateLabel\\PremierSMI\\20200324_080037\\../Screenshots/iPhone 6/PremierSMI/Aspen/20200324_081436/4.png]]

2020-03-24 08:15:09 - [TEST_STEP][PASSED] - (internal.GlobalVariable.i++): null

2020-03-24 08:15:09 - [MESSAGE][PASSED] - Call Test Case 'Test Cases/AHI/_include/get_screenshot' successfully

2020-03-24 08:15:09 - [TEST_STEP][PASSED] - waitForElementVisible(findTestObject("mobileSanity/STM/STM Apply Page/a_Start Secure Application"), 5): Object 'Object Repository/mobileSanity/STM/STM Apply Page/a_Start Secure Application' is visible

2020-03-24 08:15:09 - [MESSAGE][PASSED] - Object 'Object Repository/mobileSanity/STM/STM Apply Page/a_Start Secure Application' is visible

2020-03-24 08:15:09 - [TEST_STEP][PASSED] - click(findTestObject("mobileSanity/STM/STM Apply Page/a_Start Secure Application")): Object: 'Object Repository/mobileSanity/STM/STM Apply Page/a_Start Secure Application' is clicked on

2020-03-24 08:15:10 - [MESSAGE][PASSED] - Object: 'Object Repository/mobileSanity/STM/STM Apply Page/a_Start Secure Application' is clicked on

2020-03-24 08:15:10 - [TEST_STEP][PASSED] - waitForPageLoad(20): Wait for page load successfully

2020-03-24 08:15:10 - [MESSAGE][PASSED] - Wait for page load successfully

2020-03-24 08:15:10 - [TEST_STEP][PASSED] - Thread.sleep(2000): null

2020-03-24 08:15:12 - [TEST_STEP][PASSED] - callTestCase(findTestCase("AHI/_include/get_screenshot"), [:], STOP_ON_FAILURE): Call Test Case 'Test Cases/AHI/_include/get_screenshot' successfully

2020-03-24 08:15:12 - [TEST_CASE][PASSED] - Test Cases/AHI/_include/get_screenshot: Test Cases/AHI/_include/get_screenshot

2020-03-24 08:15:12 - [TEST_STEP][PASSED] - Thread.sleep(1000): null

2020-03-24 08:15:13 - [TEST_STEP][PASSED] - takeScreenshot(screenPath + i + ".png"): Taking screenshot successfully

2020-03-24 08:15:13 - [MESSAGE][PASSED] - Taking screenshot successfully
[[ATTACHMENT|D:\\Test\\AgileTest\\Reports\\PrivateLabel\\PremierSMI\\20200324_080037\\../Screenshots/iPhone 6/PremierSMI/Aspen/20200324_081436/5.png]]

2020-03-24 08:15:13 - [TEST_STEP][PASSED] - (internal.GlobalVariable.i++): null

2020-03-24 08:15:13 - [MESSAGE][PASSED] - Call Test Case 'Test Cases/AHI/_include/get_screenshot' successfully

2020-03-24 08:15:14 - [MESSAGE][PASSED] - Call Test Case 'Test Cases/AHI/_include/apply_stm' successfully

2020-03-24 08:15:14 - [TEST_STEP][PASSED] - callTestCase(findTestCase("AHI/_include/goToEnd_stm_autofill"), [:], STOP_ON_FAILURE): Call Test Case 'Test Cases/AHI/_include/goToEnd_stm_autofill' successfully

2020-03-24 08:15:14 - [TEST_CASE][PASSED] - Test Cases/AHI/_include/goToEnd_stm_autofill: Test Cases/AHI/_include/goToEnd_stm_autofill

2020-03-24 08:15:14 - [TEST_STEP][PASSED] - callTestCase(findTestCase("AHI/_include/name"), [:], CONTINUE_ON_FAILURE): Call Test Case 'Test Cases/AHI/_include/name' successfully

2020-03-24 08:15:14 - [TEST_CASE][PASSED] - Test Cases/AHI/_include/name: Test Cases/AHI/_include/name

2020-03-24 08:15:14 - [TEST_STEP][PASSED] - driver = getWebDriver(): null

2020-03-24 08:15:14 - [TEST_STEP][PASSED] - selenium = new com.thoughtworks.selenium.webdriven.WebDriverBackedSelenium(driver, internal.GlobalVariable.ENV): null

2020-03-24 08:15:14 - [TEST_STEP][PASSED] - FirstName = "Test-123": null

2020-03-24 08:15:14 - [TEST_STEP][PASSED] - LastName = selenium.getEval("{var x="ABCDEFGHIJKLMNOPQRSTUVWXYZabcdefghijklmnopqrstuvwxyz"; var tmp="ZZ11-"; for (i=0;i<8;i++) tmp+=x.charAt(Math.ceil(51*Math.random()));tmp;}"): null

2020-03-24 08:15:14 - [TEST_STEP][PASSED] - Address = selenium.getEval("{var x="ABCDEFGHIJKLMNOPQRSTUVWXYZabcdefghijklmnopqrstuvwxyz"; var tmp=""; for (i=0;i<8;i++) tmp+=x.charAt(Math.ceil(51*Math.random()));tmp;}"): null

2020-03-24 08:15:14 - [TEST_STEP][PASSED] - City = selenium.getEval("{var x="ABCDEFGHIJKLMNOPQRSTUVWXYZabcdefghijklmnopqrstuvwxyz"; var tmp=""; for (i=0;i<8;i++) tmp+=x.charAt(Math.ceil(51*Math.random()));tmp;}"): null

2020-03-24 08:15:14 - [TEST_STEP][PASSED] - tel1 = selenium.getEval("{var x="123456789"; var tmp=""; for (i=0;i<3;i++) tmp+=x.charAt(Math.ceil(8*Math.random()));tmp;}"): null

2020-03-24 08:15:14 - [TEST_STEP][PASSED] - tel2 = selenium.getEval("{var x="123456789"; var tmp=""; for (i=0;i<3;i++) tmp+=x.charAt(Math.ceil(8*Math.random()));tmp;}"): null

2020-03-24 08:15:14 - [TEST_STEP][PASSED] - tel3 = selenium.getEval("{var x="123456789"; var tmp=""; for (i=0;i<4;i++) tmp+=x.charAt(Math.ceil(8*Math.random()));tmp;}"): null

2020-03-24 08:15:14 - [TEST_STEP][PASSED] - Tel = selenium.getExpression(tel1 + "-" + tel2 + "-" + tel3): null

2020-03-24 08:15:14 - [TEST_STEP][PASSED] - AutoEmail = selenium.getEval("{var x="ABCDEFGHIJKLMNOPQRSTUVWXYZabcdefghijklmnopqrstuvwxyz"; var tmp="test."; for (i=0;i<8;i++) tmp+=x.charAt(Math.ceil(51*Math.random()));tmp+="@suryani.cn";}"): null

2020-03-24 08:15:14 - [TEST_STEP][PASSED] - FirstName = FirstName: null

2020-03-24 08:15:14 - [TEST_STEP][PASSED] - LastName = LastName: null

2020-03-24 08:15:14 - [TEST_STEP][PASSED] - Address = Address: null

2020-03-24 08:15:14 - [TEST_STEP][PASSED] - City = City: null

2020-03-24 08:15:14 - [TEST_STEP][PASSED] - Tel = Tel: null

2020-03-24 08:15:14 - [TEST_STEP][PASSED] - AutoEmail = AutoEmail: null

2020-03-24 08:15:14 - [TEST_STEP][PASSED] - println(FirstName): null

2020-03-24 08:15:14 - [TEST_STEP][PASSED] - println(LastName): null

2020-03-24 08:15:14 - [TEST_STEP][PASSED] - println(Address): null

2020-03-24 08:15:14 - [TEST_STEP][PASSED] - println(City): null

2020-03-24 08:15:14 - [TEST_STEP][PASSED] - println(Tel): null

2020-03-24 08:15:14 - [TEST_STEP][PASSED] - println(AutoEmail): null

2020-03-24 08:15:14 - [MESSAGE][PASSED] - Call Test Case 'Test Cases/AHI/_include/name' successfully

2020-03-24 08:15:14 - [TEST_STEP][PASSED] - try: Call Test Case 'Test Cases/AHI/_include/get_screenshot' successfully

2020-03-24 08:15:14 - [TEST_STEP][PASSED] - if (verifyTextPresent("Month Duration Acknowledgement", false)): Call Test Case 'Test Cases/AHI/_include/get_screenshot' successfully

2020-03-24 08:15:14 - [MESSAGE][PASSED] - Text 'Month Duration Acknowledgement' is present on page 

2020-03-24 08:15:14 - [TEST_STEP][PASSED] - click(findTestObject("mobileSanity/STM/Page_App Page 1/label_By checking this box I u")): Object: 'Object Repository/mobileSanity/STM/Page_App Page 1/label_By checking this box I u' is clicked on

2020-03-24 08:15:14 - [MESSAGE][PASSED] - Object: 'Object Repository/mobileSanity/STM/Page_App Page 1/label_By checking this box I u' is clicked on

2020-03-24 08:15:14 - [TEST_STEP][PASSED] - click(findTestObject("mobileSanity/STM/Page_App Page 1/button_Continue to Application")): Object: 'Object Repository/mobileSanity/STM/Page_App Page 1/button_Continue to Application' is clicked on

2020-03-24 08:15:14 - [MESSAGE][PASSED] - Object: 'Object Repository/mobileSanity/STM/Page_App Page 1/button_Continue to Application' is clicked on

2020-03-24 08:15:14 - [TEST_STEP][PASSED] - waitForPageLoad(20): Wait for page load successfully

2020-03-24 08:15:15 - [MESSAGE][PASSED] - Wait for page load successfully

2020-03-24 08:15:15 - [TEST_STEP][PASSED] - Thread.sleep(5000): null

2020-03-24 08:15:20 - [TEST_STEP][PASSED] - callTestCase(findTestCase("AHI/_include/get_screenshot"), [:], STOP_ON_FAILURE): Call Test Case 'Test Cases/AHI/_include/get_screenshot' successfully

2020-03-24 08:15:20 - [TEST_CASE][PASSED] - Test Cases/AHI/_include/get_screenshot: Test Cases/AHI/_include/get_screenshot

2020-03-24 08:15:20 - [TEST_STEP][PASSED] - Thread.sleep(1000): null

2020-03-24 08:15:21 - [TEST_STEP][PASSED] - takeScreenshot(screenPath + i + ".png"): Taking screenshot successfully

2020-03-24 08:15:21 - [MESSAGE][PASSED] - Taking screenshot successfully
[[ATTACHMENT|D:\\Test\\AgileTest\\Reports\\PrivateLabel\\PremierSMI\\20200324_080037\\../Screenshots/iPhone 6/PremierSMI/Aspen/20200324_081436/6.png]]

2020-03-24 08:15:21 - [TEST_STEP][PASSED] - (internal.GlobalVariable.i++): null

2020-03-24 08:15:21 - [MESSAGE][PASSED] - Call Test Case 'Test Cases/AHI/_include/get_screenshot' successfully

2020-03-24 08:15:21 - [TEST_STEP][PASSED] - waitForPageLoad(10): Wait for page load successfully

2020-03-24 08:15:21 - [MESSAGE][PASSED] - Wait for page load successfully

2020-03-24 08:15:21 - [TEST_STEP][PASSED] - Thread.sleep(3000): null

2020-03-24 08:15:24 - [TEST_STEP][PASSED] - waitForElementVisible(findTestObject("mobileSanity/STM/Page_App Page 1/a_Autofill App Info"), 20): Object 'Object Repository/mobileSanity/STM/Page_App Page 1/a_Autofill App Info' is visible

2020-03-24 08:15:24 - [MESSAGE][PASSED] - Object 'Object Repository/mobileSanity/STM/Page_App Page 1/a_Autofill App Info' is visible

2020-03-24 08:15:24 - [TEST_STEP][PASSED] - click(findTestObject("mobileSanity/STM/Page_App Page 1/a_Autofill App Info")): Object: 'Object Repository/mobileSanity/STM/Page_App Page 1/a_Autofill App Info' is clicked on

2020-03-24 08:15:25 - [MESSAGE][PASSED] - Object: 'Object Repository/mobileSanity/STM/Page_App Page 1/a_Autofill App Info' is clicked on

2020-03-24 08:15:25 - [TEST_STEP][PASSED] - Thread.sleep(1000): null

2020-03-24 08:15:26 - [TEST_STEP][PASSED] - click(findTestObject("mobileSanity/STM/Page_App Page 1/a_Autofill App Info")): Object: 'Object Repository/mobileSanity/STM/Page_App Page 1/a_Autofill App Info' is clicked on

2020-03-24 08:15:27 - [MESSAGE][PASSED] - Object: 'Object Repository/mobileSanity/STM/Page_App Page 1/a_Autofill App Info' is clicked on

2020-03-24 08:15:27 - [TEST_STEP][PASSED] - Thread.sleep(1000): null

2020-03-24 08:15:28 - [TEST_STEP][PASSED] - waitForElementVisible(findTestObject("mobileSanity/STM/Page_App Page 1/a_Continue"), 20): Object 'Object Repository/mobileSanity/STM/Page_App Page 1/a_Continue' is visible

2020-03-24 08:15:28 - [MESSAGE][PASSED] - Object 'Object Repository/mobileSanity/STM/Page_App Page 1/a_Continue' is visible

2020-03-24 08:15:28 - [TEST_STEP][PASSED] - click(findTestObject("mobileSanity/STM/Page_App Page 1/a_Continue")): Object: 'Object Repository/mobileSanity/STM/Page_App Page 1/a_Continue' is clicked on

2020-03-24 08:15:29 - [MESSAGE][PASSED] - Object: 'Object Repository/mobileSanity/STM/Page_App Page 1/a_Continue' is clicked on

2020-03-24 08:15:29 - [TEST_STEP][PASSED] - waitForPageLoad(20): Wait for page load successfully

2020-03-24 08:15:29 - [MESSAGE][PASSED] - Wait for page load successfully

2020-03-24 08:15:29 - [TEST_STEP][PASSED] - Thread.sleep(5000): null

2020-03-24 08:15:34 - [TEST_STEP][PASSED] - callTestCase(findTestCase("AHI/_include/get_screenshot"), [:], STOP_ON_FAILURE): Call Test Case 'Test Cases/AHI/_include/get_screenshot' successfully

2020-03-24 08:15:34 - [TEST_CASE][PASSED] - Test Cases/AHI/_include/get_screenshot: Test Cases/AHI/_include/get_screenshot

2020-03-24 08:15:34 - [TEST_STEP][PASSED] - Thread.sleep(1000): null

2020-03-24 08:15:35 - [TEST_STEP][PASSED] - takeScreenshot(screenPath + i + ".png"): Taking screenshot successfully

2020-03-24 08:15:35 - [MESSAGE][PASSED] - Taking screenshot successfully
[[ATTACHMENT|D:\\Test\\AgileTest\\Reports\\PrivateLabel\\PremierSMI\\20200324_080037\\../Screenshots/iPhone 6/PremierSMI/Aspen/20200324_081436/7.png]]

2020-03-24 08:15:35 - [TEST_STEP][PASSED] - (internal.GlobalVariable.i++): null

2020-03-24 08:15:35 - [MESSAGE][PASSED] - Call Test Case 'Test Cases/AHI/_include/get_screenshot' successfully

2020-03-24 08:15:35 - [TEST_STEP][PASSED] - click(findTestObject("mobileSanity/STM/Page_App Page 2/a_Continue to Step 3 - Payment")): Object: 'Object Repository/mobileSanity/STM/Page_App Page 2/a_Continue to Step 3 - Payment' is clicked on

2020-03-24 08:15:35 - [MESSAGE][PASSED] - Object: 'Object Repository/mobileSanity/STM/Page_App Page 2/a_Continue to Step 3 - Payment' is clicked on

2020-03-24 08:15:35 - [TEST_STEP][PASSED] - waitForPageLoad(20): Wait for page load successfully

2020-03-24 08:15:36 - [MESSAGE][PASSED] - Wait for page load successfully

2020-03-24 08:15:36 - [TEST_STEP][PASSED] - waitForElementVisible(findTestObject("mobileSanity/STM/Page_App Page 3/input__credit-card-cvv"), 20): Object 'Object Repository/mobileSanity/STM/Page_App Page 3/input__credit-card-cvv' is visible

2020-03-24 08:15:36 - [MESSAGE][PASSED] - Object 'Object Repository/mobileSanity/STM/Page_App Page 3/input__credit-card-cvv' is visible

2020-03-24 08:15:36 - [TEST_STEP][PASSED] - Thread.sleep(2000): null

2020-03-24 08:15:38 - [TEST_STEP][PASSED] - callTestCase(findTestCase("AHI/_include/get_screenshot"), [:], STOP_ON_FAILURE): Call Test Case 'Test Cases/AHI/_include/get_screenshot' successfully

2020-03-24 08:15:38 - [TEST_CASE][PASSED] - Test Cases/AHI/_include/get_screenshot: Test Cases/AHI/_include/get_screenshot

2020-03-24 08:15:38 - [TEST_STEP][PASSED] - Thread.sleep(1000): null

2020-03-24 08:15:39 - [TEST_STEP][PASSED] - takeScreenshot(screenPath + i + ".png"): Taking screenshot successfully

2020-03-24 08:15:40 - [MESSAGE][PASSED] - Taking screenshot successfully
[[ATTACHMENT|D:\\Test\\AgileTest\\Reports\\PrivateLabel\\PremierSMI\\20200324_080037\\../Screenshots/iPhone 6/PremierSMI/Aspen/20200324_081436/8.png]]

2020-03-24 08:15:40 - [TEST_STEP][PASSED] - (internal.GlobalVariable.i++): null

2020-03-24 08:15:40 - [MESSAGE][PASSED] - Call Test Case 'Test Cases/AHI/_include/get_screenshot' successfully

2020-03-24 08:15:40 - [TEST_STEP][PASSED] - clearText(findTestObject("mobileSanity/STM/Page_App Page 3/input__credit-card-cvv")): Text of object 'Object Repository/mobileSanity/STM/Page_App Page 3/input__credit-card-cvv' is cleared

2020-03-24 08:15:40 - [MESSAGE][PASSED] - Text of object 'Object Repository/mobileSanity/STM/Page_App Page 3/input__credit-card-cvv' is cleared

2020-03-24 08:15:40 - [TEST_STEP][PASSED] - setText(findTestObject("mobileSanity/STM/Page_App Page 3/input__credit-card-cvv"), "123"): Text '123' is set on object 'Object Repository/mobileSanity/STM/Page_App Page 3/input__credit-card-cvv'

2020-03-24 08:15:40 - [MESSAGE][PASSED] - Text '123' is set on object 'Object Repository/mobileSanity/STM/Page_App Page 3/input__credit-card-cvv'

2020-03-24 08:15:40 - [TEST_STEP][PASSED] - click(findTestObject("mobileSanity/STM/Page_App Page 3/label_I Accept Authorization f")): Object: 'Object Repository/mobileSanity/STM/Page_App Page 3/label_I Accept Authorization f' is clicked on

2020-03-24 08:15:40 - [MESSAGE][PASSED] - Object: 'Object Repository/mobileSanity/STM/Page_App Page 3/label_I Accept Authorization f' is clicked on

2020-03-24 08:15:40 - [TEST_STEP][PASSED] - click(findTestObject("mobileSanity/STM/Page_App Page 3/a_Continue to Step 4 - Review")): Object: 'Object Repository/mobileSanity/STM/Page_App Page 3/a_Continue to Step 4 - Review' is clicked on

2020-03-24 08:15:41 - [MESSAGE][PASSED] - Object: 'Object Repository/mobileSanity/STM/Page_App Page 3/a_Continue to Step 4 - Review' is clicked on

2020-03-24 08:15:41 - [TEST_STEP][PASSED] - waitForPageLoad(10): Wait for page load successfully

2020-03-24 08:15:41 - [MESSAGE][PASSED] - Wait for page load successfully

2020-03-24 08:15:41 - [TEST_STEP][PASSED] - waitForElementClickable(findTestObject("mobileSanity/STM/Page_App Page 4/label"), 10): Object 'Object Repository/mobileSanity/STM/Page_App Page 4/label' is clickable

2020-03-24 08:15:42 - [MESSAGE][PASSED] - Object 'Object Repository/mobileSanity/STM/Page_App Page 4/label' is clickable

2020-03-24 08:15:42 - [TEST_STEP][PASSED] - Thread.sleep(2000): null

2020-03-24 08:15:44 - [TEST_STEP][PASSED] - callTestCase(findTestCase("AHI/_include/get_screenshot"), [:], STOP_ON_FAILURE): Call Test Case 'Test Cases/AHI/_include/get_screenshot' successfully

2020-03-24 08:15:44 - [TEST_CASE][PASSED] - Test Cases/AHI/_include/get_screenshot: Test Cases/AHI/_include/get_screenshot

2020-03-24 08:15:44 - [TEST_STEP][PASSED] - Thread.sleep(1000): null

2020-03-24 08:15:45 - [TEST_STEP][PASSED] - takeScreenshot(screenPath + i + ".png"): Taking screenshot successfully

2020-03-24 08:15:46 - [MESSAGE][PASSED] - Taking screenshot successfully
[[ATTACHMENT|D:\\Test\\AgileTest\\Reports\\PrivateLabel\\PremierSMI\\20200324_080037\\../Screenshots/iPhone 6/PremierSMI/Aspen/20200324_081436/9.png]]

2020-03-24 08:15:46 - [TEST_STEP][PASSED] - (internal.GlobalVariable.i++): null

2020-03-24 08:15:46 - [MESSAGE][PASSED] - Call Test Case 'Test Cases/AHI/_include/get_screenshot' successfully

2020-03-24 08:15:46 - [TEST_STEP][PASSED] - click(findTestObject("mobileSanity/STM/Page_App Page 4/label")): Object: 'Object Repository/mobileSanity/STM/Page_App Page 4/label' is clicked on

2020-03-24 08:15:46 - [MESSAGE][PASSED] - Object: 'Object Repository/mobileSanity/STM/Page_App Page 4/label' is clicked on

2020-03-24 08:15:46 - [TEST_STEP][PASSED] - click(findTestObject("mobileSanity/STM/Page_App Page 4/div_CLICK TO SIGN")): Object: 'Object Repository/mobileSanity/STM/Page_App Page 4/div_CLICK TO SIGN' is clicked on

2020-03-24 08:15:47 - [MESSAGE][PASSED] - Object: 'Object Repository/mobileSanity/STM/Page_App Page 4/div_CLICK TO SIGN' is clicked on

2020-03-24 08:15:47 - [TEST_STEP][PASSED] - click(findTestObject("mobileSanity/STM/Page_App Page 4/a_Submit Your Application")): Object: 'Object Repository/mobileSanity/STM/Page_App Page 4/a_Submit Your Application' is clicked on

2020-03-24 08:15:47 - [MESSAGE][PASSED] - Object: 'Object Repository/mobileSanity/STM/Page_App Page 4/a_Submit Your Application' is clicked on

2020-03-24 08:15:47 - [TEST_STEP][PASSED] - waitForElementPresent(findTestObject("mobileSanity/Common/app-confirmation"), 50): Object 'Object Repository/mobileSanity/Common/app-confirmation' is not present after 50 second(s)

2020-03-24 08:16:46 - [MESSAGE][INFO] - Unable to find the element located by 'By.xpath: //*[@id = 'app-confirmation']'. Please recheck the objects properties to make sure the desired element is located. 

2020-03-24 08:16:46 - [MESSAGE][WARNING] - Object 'Object Repository/mobileSanity/Common/app-confirmation' is not present after 50 second(s)

2020-03-24 08:16:46 - [TEST_STEP][PASSED] - callTestCase(findTestCase("AHI/_include/get_screenshot"), [:], STOP_ON_FAILURE): Call Test Case 'Test Cases/AHI/_include/get_screenshot' successfully

2020-03-24 08:16:47 - [TEST_CASE][PASSED] - Test Cases/AHI/_include/get_screenshot: Test Cases/AHI/_include/get_screenshot

2020-03-24 08:16:47 - [TEST_STEP][PASSED] - Thread.sleep(1000): null

2020-03-24 08:16:48 - [TEST_STEP][PASSED] - takeScreenshot(screenPath + i + ".png"): Taking screenshot successfully

2020-03-24 08:16:48 - [MESSAGE][PASSED] - Taking screenshot successfully
[[ATTACHMENT|D:\\Test\\AgileTest\\Reports\\PrivateLabel\\PremierSMI\\20200324_080037\\../Screenshots/iPhone 6/PremierSMI/Aspen/20200324_081436/10.png]]

2020-03-24 08:16:48 - [TEST_STEP][PASSED] - (internal.GlobalVariable.i++): null

2020-03-24 08:16:48 - [MESSAGE][PASSED] - Call Test Case 'Test Cases/AHI/_include/get_screenshot' successfully

2020-03-24 08:16:48 - [MESSAGE][PASSED] - Call Test Case 'Test Cases/AHI/_include/goToEnd_stm_autofill' successfully]]></system-out>
         <system-err><![CDATA[]]></system-err>
      </testcase>
      <testcase name="Test Cases/PL Site/PremierSMI/Health Choice" classname="Test Cases/PL Site/PremierSMI/Health Choice" status="PASSED">
         <system-out><![CDATA[2020-03-24 08:16:48 - [TEST_CASE][PASSED] - Test Cases/PL Site/PremierSMI/Health Choice: Test Cases/PL Site/PremierSMI/Health Choice

2020-03-24 08:16:49 - [TEST_STEP][PASSED] - callTestCase(findTestCase("AHI/_include/get_screenPath"), ["productLine":"PremierSMI", "carrierName":"Health Choice"], CONTINUE_ON_FAILURE): Call Test Case 'Test Cases/AHI/_include/get_screenPath' successfully

2020-03-24 08:16:49 - [TEST_CASE][PASSED] - Test Cases/AHI/_include/get_screenPath: Test Cases/AHI/_include/get_screenPath

2020-03-24 08:16:49 - [TEST_STEP][PASSED] - m = getExecutionProperties(): null

2020-03-24 08:16:49 - [TEST_STEP][PASSED] - deviceName = get("mobileEmulation").get("deviceName"): null

2020-03-24 08:16:49 - [TEST_STEP][PASSED] - println(deviceName): null

2020-03-24 08:16:49 - [TEST_STEP][PASSED] - now = new java.util.Date(): null

2020-03-24 08:16:49 - [TEST_STEP][PASSED] - mydate = now.format("yyyyMMdd_HHmmss"): null

2020-03-24 08:16:49 - [TEST_STEP][PASSED] - screenPath = "../Screenshots/": null

2020-03-24 08:16:49 - [TEST_STEP][PASSED] - screenPath = screenPath + deviceName + "/" + productLine + "/" + carrierName + "/" + mydate + "/": null

2020-03-24 08:16:49 - [TEST_STEP][PASSED] - println(screenPath): null

2020-03-24 08:16:49 - [MESSAGE][PASSED] - Call Test Case 'Test Cases/AHI/_include/get_screenPath' successfully

2020-03-24 08:16:49 - [TEST_STEP][PASSED] - i = 0: null

2020-03-24 08:16:49 - [TEST_STEP][PASSED] - callTestCase(findTestCase("AHI/_include/openWebSite"), ["env":"https://premiersmi--qa.storefront.mybenefitskeeper.com"], STOP_ON_FAILURE): Call Test Case 'Test Cases/AHI/_include/openWebSite' successfully

2020-03-24 08:16:49 - [TEST_CASE][PASSED] - Test Cases/AHI/_include/openWebSite: Test Cases/AHI/_include/openWebSite

2020-03-24 08:16:49 - [TEST_STEP][PASSED] - openBrowser(env): Browser is opened with url: 'https://premiersmi--qa.storefront.mybenefitskeeper.com'

2020-03-24 08:16:49 - [MESSAGE][WARNING] - A browser is already opened. Closing browser and opening a new one

2020-03-24 08:16:50 - [MESSAGE][INFO] - Starting 'Chrome' driver

2020-03-24 08:16:50 - [MESSAGE][INFO] - User set preference: ['mobileEmulation', '{deviceName=iPhone 6}']

2020-03-24 08:16:50 - [MESSAGE][INFO] - User set preference: ['args', '[--incognito, --aggressive-cache-discard, --window-size=375,677, --no-sandbox, --ignore-certificate-errors]']

2020-03-24 08:16:54 - [MESSAGE][PASSED] - Browser is opened with url: 'https://premiersmi--qa.storefront.mybenefitskeeper.com'

2020-03-24 08:16:54 - [TEST_STEP][PASSED] - waitForPageLoad(20): Wait for page load successfully

2020-03-24 08:16:54 - [MESSAGE][PASSED] - Wait for page load successfully

2020-03-24 08:16:54 - [TEST_STEP][PASSED] - callTestCase(findTestCase("AHI/_include/get_screenshot"), [:], STOP_ON_FAILURE): Call Test Case 'Test Cases/AHI/_include/get_screenshot' successfully

2020-03-24 08:16:54 - [TEST_CASE][PASSED] - Test Cases/AHI/_include/get_screenshot: Test Cases/AHI/_include/get_screenshot

2020-03-24 08:16:54 - [TEST_STEP][PASSED] - Thread.sleep(1000): null

2020-03-24 08:16:55 - [TEST_STEP][PASSED] - takeScreenshot(screenPath + i + ".png"): Taking screenshot successfully

2020-03-24 08:16:55 - [MESSAGE][PASSED] - Taking screenshot successfully
[[ATTACHMENT|D:\\Test\\AgileTest\\Reports\\PrivateLabel\\PremierSMI\\20200324_080037\\../Screenshots/iPhone 6/PremierSMI/Health Choice/20200324_081649/0.png]]

2020-03-24 08:16:55 - [TEST_STEP][PASSED] - (internal.GlobalVariable.i++): null

2020-03-24 08:16:55 - [MESSAGE][PASSED] - Call Test Case 'Test Cases/AHI/_include/get_screenshot' successfully

2020-03-24 08:16:55 - [MESSAGE][PASSED] - Call Test Case 'Test Cases/AHI/_include/openWebSite' successfully

2020-03-24 08:16:55 - [TEST_STEP][PASSED] - callTestCase(findTestCase("PL Site/_include/census_hbi"), ["zipcode":"35215"], CONTINUE_ON_FAILURE): Call Test Case 'Test Cases/PL Site/_include/census_hbi' successfully

2020-03-24 08:16:56 - [TEST_CASE][PASSED] - Test Cases/PL Site/_include/census_hbi: Test Cases/PL Site/_include/census_hbi

2020-03-24 08:16:56 - [TEST_STEP][PASSED] - click(findTestObject("mobileSanity/Common/side_nav/menu")): Object: 'Object Repository/mobileSanity/Common/side_nav/menu' is clicked on

2020-03-24 08:16:57 - [MESSAGE][PASSED] - Object: 'Object Repository/mobileSanity/Common/side_nav/menu' is clicked on

2020-03-24 08:16:57 - [TEST_STEP][PASSED] - Thread.sleep(3000): null

2020-03-24 08:17:00 - [TEST_STEP][PASSED] - callTestCase(findTestCase("AHI/_include/get_screenshot"), [:], STOP_ON_FAILURE): Call Test Case 'Test Cases/AHI/_include/get_screenshot' successfully

2020-03-24 08:17:00 - [TEST_CASE][PASSED] - Test Cases/AHI/_include/get_screenshot: Test Cases/AHI/_include/get_screenshot

2020-03-24 08:17:00 - [TEST_STEP][PASSED] - Thread.sleep(1000): null

2020-03-24 08:17:01 - [TEST_STEP][PASSED] - takeScreenshot(screenPath + i + ".png"): Taking screenshot successfully

2020-03-24 08:17:02 - [MESSAGE][PASSED] - Taking screenshot successfully
[[ATTACHMENT|D:\\Test\\AgileTest\\Reports\\PrivateLabel\\PremierSMI\\20200324_080037\\../Screenshots/iPhone 6/PremierSMI/Health Choice/20200324_081649/1.png]]

2020-03-24 08:17:02 - [TEST_STEP][PASSED] - (internal.GlobalVariable.i++): null

2020-03-24 08:17:02 - [MESSAGE][PASSED] - Call Test Case 'Test Cases/AHI/_include/get_screenshot' successfully

2020-03-24 08:17:02 - [TEST_STEP][PASSED] - click(findTestObject("PLSite/pl_nav_hbi")): Object: 'Object Repository/PLSite/pl_nav_hbi' is clicked on

2020-03-24 08:17:03 - [MESSAGE][PASSED] - Object: 'Object Repository/PLSite/pl_nav_hbi' is clicked on

2020-03-24 08:17:03 - [TEST_STEP][PASSED] - waitForPageLoad(10): Wait for page load successfully

2020-03-24 08:17:03 - [MESSAGE][PASSED] - Wait for page load successfully

2020-03-24 08:17:03 - [TEST_STEP][PASSED] - Thread.sleep(3000): null

2020-03-24 08:17:06 - [TEST_STEP][PASSED] - callTestCase(findTestCase("AHI/_include/get_screenshot"), [:], STOP_ON_FAILURE): Call Test Case 'Test Cases/AHI/_include/get_screenshot' successfully

2020-03-24 08:17:06 - [TEST_CASE][PASSED] - Test Cases/AHI/_include/get_screenshot: Test Cases/AHI/_include/get_screenshot

2020-03-24 08:17:06 - [TEST_STEP][PASSED] - Thread.sleep(1000): null

2020-03-24 08:17:07 - [TEST_STEP][PASSED] - takeScreenshot(screenPath + i + ".png"): Taking screenshot successfully

2020-03-24 08:17:07 - [MESSAGE][PASSED] - Taking screenshot successfully
[[ATTACHMENT|D:\\Test\\AgileTest\\Reports\\PrivateLabel\\PremierSMI\\20200324_080037\\../Screenshots/iPhone 6/PremierSMI/Health Choice/20200324_081649/2.png]]

2020-03-24 08:17:07 - [TEST_STEP][PASSED] - (internal.GlobalVariable.i++): null

2020-03-24 08:17:07 - [MESSAGE][PASSED] - Call Test Case 'Test Cases/AHI/_include/get_screenshot' successfully

2020-03-24 08:17:07 - [TEST_STEP][PASSED] - setText(findTestObject("mobileSanity/HBI/census/input_Location_zip-input"), zipcode): Text '35215' is set on object 'Object Repository/mobileSanity/HBI/census/input_Location_zip-input'

2020-03-24 08:17:08 - [MESSAGE][PASSED] - Text '35215' is set on object 'Object Repository/mobileSanity/HBI/census/input_Location_zip-input'

2020-03-24 08:17:08 - [TEST_STEP][PASSED] - Thread.sleep(500): null

2020-03-24 08:17:09 - [TEST_STEP][PASSED] - setText(findTestObject("mobileSanity/HBI/census/input_Date of Birth_dob-0"), "12121980"): Text '12121980' is set on object 'Object Repository/mobileSanity/HBI/census/input_Date of Birth_dob-0'

2020-03-24 08:17:10 - [MESSAGE][PASSED] - Text '12121980' is set on object 'Object Repository/mobileSanity/HBI/census/input_Date of Birth_dob-0'

2020-03-24 08:17:10 - [TEST_STEP][PASSED] - click(findTestObject("mobileSanity/HBI/census/label_Male")): Object: 'Object Repository/mobileSanity/HBI/census/label_Male' is clicked on

2020-03-24 08:17:10 - [MESSAGE][PASSED] - Object: 'Object Repository/mobileSanity/HBI/census/label_Male' is clicked on

2020-03-24 08:17:10 - [TEST_STEP][PASSED] - click(findTestObject("mobileSanity/HBI/census/label_Get a Quote")): Object: 'Object Repository/mobileSanity/HBI/census/label_Get a Quote' is clicked on

2020-03-24 08:17:11 - [MESSAGE][PASSED] - Object: 'Object Repository/mobileSanity/HBI/census/label_Get a Quote' is clicked on

2020-03-24 08:17:11 - [TEST_STEP][PASSED] - waitForPageLoad(20): Wait for page load successfully

2020-03-24 08:17:12 - [MESSAGE][PASSED] - Wait for page load successfully

2020-03-24 08:17:12 - [TEST_STEP][PASSED] - Thread.sleep(3000): null

2020-03-24 08:17:15 - [TEST_STEP][PASSED] - callTestCase(findTestCase("AHI/_include/check_quoteleadform"), [:], STOP_ON_FAILURE): Call Test Case 'Test Cases/AHI/_include/check_quoteleadform' successfully

2020-03-24 08:17:15 - [TEST_CASE][PASSED] - Test Cases/AHI/_include/check_quoteleadform: Test Cases/AHI/_include/check_quoteleadform

2020-03-24 08:17:15 - [TEST_STEP][PASSED] - callTestCase(findTestCase("AHI/_include/name"), [:], CONTINUE_ON_FAILURE): Call Test Case 'Test Cases/AHI/_include/name' successfully

2020-03-24 08:17:15 - [TEST_CASE][PASSED] - Test Cases/AHI/_include/name: Test Cases/AHI/_include/name

2020-03-24 08:17:15 - [TEST_STEP][PASSED] - driver = getWebDriver(): null

2020-03-24 08:17:15 - [TEST_STEP][PASSED] - selenium = new com.thoughtworks.selenium.webdriven.WebDriverBackedSelenium(driver, internal.GlobalVariable.ENV): null

2020-03-24 08:17:15 - [TEST_STEP][PASSED] - FirstName = "Test-123": null

2020-03-24 08:17:15 - [TEST_STEP][PASSED] - LastName = selenium.getEval("{var x="ABCDEFGHIJKLMNOPQRSTUVWXYZabcdefghijklmnopqrstuvwxyz"; var tmp="ZZ11-"; for (i=0;i<8;i++) tmp+=x.charAt(Math.ceil(51*Math.random()));tmp;}"): null

2020-03-24 08:17:15 - [TEST_STEP][PASSED] - Address = selenium.getEval("{var x="ABCDEFGHIJKLMNOPQRSTUVWXYZabcdefghijklmnopqrstuvwxyz"; var tmp=""; for (i=0;i<8;i++) tmp+=x.charAt(Math.ceil(51*Math.random()));tmp;}"): null

2020-03-24 08:17:16 - [TEST_STEP][PASSED] - City = selenium.getEval("{var x="ABCDEFGHIJKLMNOPQRSTUVWXYZabcdefghijklmnopqrstuvwxyz"; var tmp=""; for (i=0;i<8;i++) tmp+=x.charAt(Math.ceil(51*Math.random()));tmp;}"): null

2020-03-24 08:17:16 - [TEST_STEP][PASSED] - tel1 = selenium.getEval("{var x="123456789"; var tmp=""; for (i=0;i<3;i++) tmp+=x.charAt(Math.ceil(8*Math.random()));tmp;}"): null

2020-03-24 08:17:16 - [TEST_STEP][PASSED] - tel2 = selenium.getEval("{var x="123456789"; var tmp=""; for (i=0;i<3;i++) tmp+=x.charAt(Math.ceil(8*Math.random()));tmp;}"): null

2020-03-24 08:17:16 - [TEST_STEP][PASSED] - tel3 = selenium.getEval("{var x="123456789"; var tmp=""; for (i=0;i<4;i++) tmp+=x.charAt(Math.ceil(8*Math.random()));tmp;}"): null

2020-03-24 08:17:16 - [TEST_STEP][PASSED] - Tel = selenium.getExpression(tel1 + "-" + tel2 + "-" + tel3): null

2020-03-24 08:17:16 - [TEST_STEP][PASSED] - AutoEmail = selenium.getEval("{var x="ABCDEFGHIJKLMNOPQRSTUVWXYZabcdefghijklmnopqrstuvwxyz"; var tmp="test."; for (i=0;i<8;i++) tmp+=x.charAt(Math.ceil(51*Math.random()));tmp+="@suryani.cn";}"): null

2020-03-24 08:17:16 - [TEST_STEP][PASSED] - FirstName = FirstName: null

2020-03-24 08:17:16 - [TEST_STEP][PASSED] - LastName = LastName: null

2020-03-24 08:17:16 - [TEST_STEP][PASSED] - Address = Address: null

2020-03-24 08:17:16 - [TEST_STEP][PASSED] - City = City: null

2020-03-24 08:17:16 - [TEST_STEP][PASSED] - Tel = Tel: null

2020-03-24 08:17:16 - [TEST_STEP][PASSED] - AutoEmail = AutoEmail: null

2020-03-24 08:17:16 - [TEST_STEP][PASSED] - println(FirstName): null

2020-03-24 08:17:16 - [TEST_STEP][PASSED] - println(LastName): null

2020-03-24 08:17:16 - [TEST_STEP][PASSED] - println(Address): null

2020-03-24 08:17:16 - [TEST_STEP][PASSED] - println(City): null

2020-03-24 08:17:16 - [TEST_STEP][PASSED] - println(Tel): null

2020-03-24 08:17:16 - [TEST_STEP][PASSED] - println(AutoEmail): null

2020-03-24 08:17:16 - [MESSAGE][PASSED] - Call Test Case 'Test Cases/AHI/_include/name' successfully

2020-03-24 08:17:16 - [TEST_STEP][PASSED] - leadform_exist = test.MobileKeywords.isElementPresent_Web(findTestObject("mobileSanity/quote lead form/lead_form"), 20): test.MobileKeywords.isElementPresent_Web is PASSED

2020-03-24 08:17:39 - [MESSAGE][INFO] - Unable to find the element located by 'By.xpath: //*[@id = 'lightboxLeadForm']'. Please recheck the objects properties to make sure the desired element is located. 

2020-03-24 08:17:39 - [MESSAGE][PASSED] - test.MobileKeywords.isElementPresent_Web is PASSED

2020-03-24 08:17:39 - [TEST_STEP][PASSED] - if (leadform_exist): null

2020-03-24 08:17:39 - [MESSAGE][PASSED] - Call Test Case 'Test Cases/AHI/_include/check_quoteleadform' successfully

2020-03-24 08:17:39 - [TEST_STEP][PASSED] - callTestCase(findTestCase("AHI/_include/get_screenshot"), [:], STOP_ON_FAILURE): Call Test Case 'Test Cases/AHI/_include/get_screenshot' successfully

2020-03-24 08:17:39 - [TEST_CASE][PASSED] - Test Cases/AHI/_include/get_screenshot: Test Cases/AHI/_include/get_screenshot

2020-03-24 08:17:39 - [TEST_STEP][PASSED] - Thread.sleep(1000): null

2020-03-24 08:17:40 - [TEST_STEP][PASSED] - takeScreenshot(screenPath + i + ".png"): Taking screenshot successfully

2020-03-24 08:17:41 - [MESSAGE][PASSED] - Taking screenshot successfully
[[ATTACHMENT|D:\\Test\\AgileTest\\Reports\\PrivateLabel\\PremierSMI\\20200324_080037\\../Screenshots/iPhone 6/PremierSMI/Health Choice/20200324_081649/3.png]]

2020-03-24 08:17:41 - [TEST_STEP][PASSED] - (internal.GlobalVariable.i++): null

2020-03-24 08:17:41 - [MESSAGE][PASSED] - Call Test Case 'Test Cases/AHI/_include/get_screenshot' successfully

2020-03-24 08:17:41 - [MESSAGE][PASSED] - Call Test Case 'Test Cases/PL Site/_include/census_hbi' successfully

2020-03-24 08:17:41 - [TEST_STEP][PASSED] - Thread.sleep(5000): null

2020-03-24 08:17:46 - [TEST_STEP][PASSED] - scrollToPosition(200, 2300): Browser is scrolled to position x = 200, y = 2300

2020-03-24 08:17:46 - [MESSAGE][PASSED] - Browser is scrolled to position x = 200, y = 2300

2020-03-24 08:17:46 - [TEST_STEP][PASSED] - click(findTestObject("mobileSanity/HBI/quote/a_Health Choice")): Object: 'Object Repository/mobileSanity/HBI/quote/a_Health Choice' is clicked on

2020-03-24 08:17:47 - [MESSAGE][PASSED] - Object: 'Object Repository/mobileSanity/HBI/quote/a_Health Choice' is clicked on

2020-03-24 08:17:47 - [TEST_STEP][PASSED] - waitForPageLoad(10): Wait for page load successfully

2020-03-24 08:17:47 - [MESSAGE][PASSED] - Wait for page load successfully

2020-03-24 08:17:47 - [TEST_STEP][PASSED] - callTestCase(findTestCase("AHI/_include/get_screenshot"), [:], STOP_ON_FAILURE): Call Test Case 'Test Cases/AHI/_include/get_screenshot' successfully

2020-03-24 08:17:47 - [TEST_CASE][PASSED] - Test Cases/AHI/_include/get_screenshot: Test Cases/AHI/_include/get_screenshot

2020-03-24 08:17:47 - [TEST_STEP][PASSED] - Thread.sleep(1000): null

2020-03-24 08:17:48 - [TEST_STEP][PASSED] - takeScreenshot(screenPath + i + ".png"): Taking screenshot successfully

2020-03-24 08:17:48 - [MESSAGE][PASSED] - Taking screenshot successfully
[[ATTACHMENT|D:\\Test\\AgileTest\\Reports\\PrivateLabel\\PremierSMI\\20200324_080037\\../Screenshots/iPhone 6/PremierSMI/Health Choice/20200324_081649/4.png]]

2020-03-24 08:17:48 - [TEST_STEP][PASSED] - (internal.GlobalVariable.i++): null

2020-03-24 08:17:48 - [MESSAGE][PASSED] - Call Test Case 'Test Cases/AHI/_include/get_screenshot' successfully

2020-03-24 08:17:48 - [TEST_STEP][PASSED] - click(findTestObject("mobileSanity/HBI/detail/a_Apply for This Plan")): Object: 'Object Repository/mobileSanity/HBI/detail/a_Apply for This Plan' is clicked on

2020-03-24 08:17:48 - [MESSAGE][PASSED] - Object: 'Object Repository/mobileSanity/HBI/detail/a_Apply for This Plan' is clicked on

2020-03-24 08:17:48 - [TEST_STEP][PASSED] - waitForPageLoad(10): Wait for page load successfully

2020-03-24 08:17:49 - [MESSAGE][PASSED] - Wait for page load successfully

2020-03-24 08:17:49 - [TEST_STEP][PASSED] - callTestCase(findTestCase("AHI/_include/get_screenshot"), [:], STOP_ON_FAILURE): Call Test Case 'Test Cases/AHI/_include/get_screenshot' successfully

2020-03-24 08:17:49 - [TEST_CASE][PASSED] - Test Cases/AHI/_include/get_screenshot: Test Cases/AHI/_include/get_screenshot

2020-03-24 08:17:49 - [TEST_STEP][PASSED] - Thread.sleep(1000): null

2020-03-24 08:17:50 - [TEST_STEP][PASSED] - takeScreenshot(screenPath + i + ".png"): Taking screenshot successfully

2020-03-24 08:17:50 - [MESSAGE][PASSED] - Taking screenshot successfully
[[ATTACHMENT|D:\\Test\\AgileTest\\Reports\\PrivateLabel\\PremierSMI\\20200324_080037\\../Screenshots/iPhone 6/PremierSMI/Health Choice/20200324_081649/5.png]]

2020-03-24 08:17:50 - [TEST_STEP][PASSED] - (internal.GlobalVariable.i++): null

2020-03-24 08:17:50 - [MESSAGE][PASSED] - Call Test Case 'Test Cases/AHI/_include/get_screenshot' successfully

2020-03-24 08:17:50 - [TEST_STEP][PASSED] - click(findTestObject("mobileSanity/HBI/Page_Apply/span_Start Secure Application")): Object: 'Object Repository/mobileSanity/HBI/Page_Apply/span_Start Secure Application' is clicked on

2020-03-24 08:17:50 - [MESSAGE][PASSED] - Object: 'Object Repository/mobileSanity/HBI/Page_Apply/span_Start Secure Application' is clicked on

2020-03-24 08:17:50 - [TEST_STEP][PASSED] - waitForPageLoad(10): Wait for page load successfully

2020-03-24 08:17:51 - [MESSAGE][PASSED] - Wait for page load successfully

2020-03-24 08:17:51 - [TEST_STEP][PASSED] - callTestCase(findTestCase("AHI/_include/get_screenshot"), [:], STOP_ON_FAILURE): Call Test Case 'Test Cases/AHI/_include/get_screenshot' successfully

2020-03-24 08:17:51 - [TEST_CASE][PASSED] - Test Cases/AHI/_include/get_screenshot: Test Cases/AHI/_include/get_screenshot

2020-03-24 08:17:51 - [TEST_STEP][PASSED] - Thread.sleep(1000): null

2020-03-24 08:17:52 - [TEST_STEP][PASSED] - takeScreenshot(screenPath + i + ".png"): Taking screenshot successfully

2020-03-24 08:17:52 - [MESSAGE][PASSED] - Taking screenshot successfully
[[ATTACHMENT|D:\\Test\\AgileTest\\Reports\\PrivateLabel\\PremierSMI\\20200324_080037\\../Screenshots/iPhone 6/PremierSMI/Health Choice/20200324_081649/6.png]]

2020-03-24 08:17:52 - [TEST_STEP][PASSED] - (internal.GlobalVariable.i++): null

2020-03-24 08:17:52 - [MESSAGE][PASSED] - Call Test Case 'Test Cases/AHI/_include/get_screenshot' successfully

2020-03-24 08:17:52 - [TEST_STEP][PASSED] - callTestCase(findTestCase("AHI/_include/goToEnd_hbi"), ["carrier":"healthchoiceplus"], CONTINUE_ON_FAILURE): Call Test Case 'Test Cases/AHI/_include/goToEnd_hbi' successfully

2020-03-24 08:17:52 - [TEST_CASE][PASSED] - Test Cases/AHI/_include/goToEnd_hbi: Test Cases/AHI/_include/goToEnd_hbi

2020-03-24 08:17:53 - [TEST_STEP][PASSED] - if (state == "ca"): null

2020-03-24 08:17:53 - [TEST_STEP][PASSED] - callTestCase(findTestCase("AHI/_include/name"), [:], CONTINUE_ON_FAILURE): Call Test Case 'Test Cases/AHI/_include/name' successfully

2020-03-24 08:17:53 - [TEST_CASE][PASSED] - Test Cases/AHI/_include/name: Test Cases/AHI/_include/name

2020-03-24 08:17:53 - [TEST_STEP][PASSED] - driver = getWebDriver(): null

2020-03-24 08:17:53 - [TEST_STEP][PASSED] - selenium = new com.thoughtworks.selenium.webdriven.WebDriverBackedSelenium(driver, internal.GlobalVariable.ENV): null

2020-03-24 08:17:53 - [TEST_STEP][PASSED] - FirstName = "Test-123": null

2020-03-24 08:17:53 - [TEST_STEP][PASSED] - LastName = selenium.getEval("{var x="ABCDEFGHIJKLMNOPQRSTUVWXYZabcdefghijklmnopqrstuvwxyz"; var tmp="ZZ11-"; for (i=0;i<8;i++) tmp+=x.charAt(Math.ceil(51*Math.random()));tmp;}"): null

2020-03-24 08:17:53 - [TEST_STEP][PASSED] - Address = selenium.getEval("{var x="ABCDEFGHIJKLMNOPQRSTUVWXYZabcdefghijklmnopqrstuvwxyz"; var tmp=""; for (i=0;i<8;i++) tmp+=x.charAt(Math.ceil(51*Math.random()));tmp;}"): null

2020-03-24 08:17:53 - [TEST_STEP][PASSED] - City = selenium.getEval("{var x="ABCDEFGHIJKLMNOPQRSTUVWXYZabcdefghijklmnopqrstuvwxyz"; var tmp=""; for (i=0;i<8;i++) tmp+=x.charAt(Math.ceil(51*Math.random()));tmp;}"): null

2020-03-24 08:17:53 - [TEST_STEP][PASSED] - tel1 = selenium.getEval("{var x="123456789"; var tmp=""; for (i=0;i<3;i++) tmp+=x.charAt(Math.ceil(8*Math.random()));tmp;}"): null

2020-03-24 08:17:53 - [TEST_STEP][PASSED] - tel2 = selenium.getEval("{var x="123456789"; var tmp=""; for (i=0;i<3;i++) tmp+=x.charAt(Math.ceil(8*Math.random()));tmp;}"): null

2020-03-24 08:17:53 - [TEST_STEP][PASSED] - tel3 = selenium.getEval("{var x="123456789"; var tmp=""; for (i=0;i<4;i++) tmp+=x.charAt(Math.ceil(8*Math.random()));tmp;}"): null

2020-03-24 08:17:53 - [TEST_STEP][PASSED] - Tel = selenium.getExpression(tel1 + "-" + tel2 + "-" + tel3): null

2020-03-24 08:17:53 - [TEST_STEP][PASSED] - AutoEmail = selenium.getEval("{var x="ABCDEFGHIJKLMNOPQRSTUVWXYZabcdefghijklmnopqrstuvwxyz"; var tmp="test."; for (i=0;i<8;i++) tmp+=x.charAt(Math.ceil(51*Math.random()));tmp+="@suryani.cn";}"): null

2020-03-24 08:17:53 - [TEST_STEP][PASSED] - FirstName = FirstName: null

2020-03-24 08:17:53 - [TEST_STEP][PASSED] - LastName = LastName: null

2020-03-24 08:17:53 - [TEST_STEP][PASSED] - Address = Address: null

2020-03-24 08:17:53 - [TEST_STEP][PASSED] - City = City: null

2020-03-24 08:17:53 - [TEST_STEP][PASSED] - Tel = Tel: null

2020-03-24 08:17:53 - [TEST_STEP][PASSED] - AutoEmail = AutoEmail: null

2020-03-24 08:17:53 - [TEST_STEP][PASSED] - println(FirstName): null

2020-03-24 08:17:53 - [TEST_STEP][PASSED] - println(LastName): null

2020-03-24 08:17:53 - [TEST_STEP][PASSED] - println(Address): null

2020-03-24 08:17:53 - [TEST_STEP][PASSED] - println(City): null

2020-03-24 08:17:53 - [TEST_STEP][PASSED] - println(Tel): null

2020-03-24 08:17:53 - [TEST_STEP][PASSED] - println(AutoEmail): null

2020-03-24 08:17:53 - [MESSAGE][PASSED] - Call Test Case 'Test Cases/AHI/_include/name' successfully

2020-03-24 08:17:53 - [TEST_STEP][PASSED] - setText(findTestObject("mobileSanity/HBI/Page_App Page 1/input__member-P-1-firstName"), FirstName): Text 'Test-123' is set on object 'Object Repository/mobileSanity/HBI/Page_App Page 1/input__member-P-1-firstName'

2020-03-24 08:17:53 - [MESSAGE][PASSED] - Text 'Test-123' is set on object 'Object Repository/mobileSanity/HBI/Page_App Page 1/input__member-P-1-firstName'

2020-03-24 08:17:53 - [TEST_STEP][PASSED] - setText(findTestObject("mobileSanity/HBI/Page_App Page 1/input__member-P-1-lastName"), LastName): Text 'ZZ11-fMzNpssJ' is set on object 'Object Repository/mobileSanity/HBI/Page_App Page 1/input__member-P-1-lastName'

2020-03-24 08:17:54 - [MESSAGE][PASSED] - Text 'ZZ11-fMzNpssJ' is set on object 'Object Repository/mobileSanity/HBI/Page_App Page 1/input__member-P-1-lastName'

2020-03-24 08:17:54 - [TEST_STEP][PASSED] - if (carrier == "agileone" || carrier == "agilesecure"): null

2020-03-24 08:17:54 - [TEST_STEP][PASSED] - setText(findTestObject("mobileSanity/HBI/Page_App Page 1/input__address"), Address): Text 'tgsouLrf' is set on object 'Object Repository/mobileSanity/HBI/Page_App Page 1/input__address'

2020-03-24 08:17:54 - [MESSAGE][PASSED] - Text 'tgsouLrf' is set on object 'Object Repository/mobileSanity/HBI/Page_App Page 1/input__address'

2020-03-24 08:17:54 - [TEST_STEP][PASSED] - setText(findTestObject("mobileSanity/HBI/Page_App Page 1/input__city"), City): Text 'ZSkcBNOW' is set on object 'Object Repository/mobileSanity/HBI/Page_App Page 1/input__city'

2020-03-24 08:17:54 - [MESSAGE][PASSED] - Text 'ZSkcBNOW' is set on object 'Object Repository/mobileSanity/HBI/Page_App Page 1/input__city'

2020-03-24 08:17:54 - [TEST_STEP][PASSED] - setText(findTestObject("mobileSanity/HBI/Page_App Page 1/input__email"), AutoEmail): Text 'test.IaVeSWmt@suryani.cn' is set on object 'Object Repository/mobileSanity/HBI/Page_App Page 1/input__email'

2020-03-24 08:17:55 - [MESSAGE][PASSED] - Text 'test.IaVeSWmt@suryani.cn' is set on object 'Object Repository/mobileSanity/HBI/Page_App Page 1/input__email'

2020-03-24 08:17:55 - [TEST_STEP][PASSED] - setText(findTestObject("mobileSanity/HBI/Page_App Page 1/input_tel"), Tel): Text '266-497-4597' is set on object 'Object Repository/mobileSanity/HBI/Page_App Page 1/input_tel'

2020-03-24 08:17:55 - [MESSAGE][PASSED] - Text '266-497-4597' is set on object 'Object Repository/mobileSanity/HBI/Page_App Page 1/input_tel'

2020-03-24 08:17:55 - [TEST_STEP][PASSED] - Thread.sleep(5000): null

2020-03-24 08:18:00 - [TEST_STEP][PASSED] - click(findTestObject("mobileSanity/HBI/Page_App Page 1/a_Continue to Step 2 - Payment")): Object: 'Object Repository/mobileSanity/HBI/Page_App Page 1/a_Continue to Step 2 - Payment' is clicked on

2020-03-24 08:18:00 - [MESSAGE][PASSED] - Object: 'Object Repository/mobileSanity/HBI/Page_App Page 1/a_Continue to Step 2 - Payment' is clicked on

2020-03-24 08:18:00 - [TEST_STEP][PASSED] - waitForPageLoad(20): Wait for page load successfully

2020-03-24 08:18:00 - [MESSAGE][PASSED] - Wait for page load successfully

2020-03-24 08:18:00 - [TEST_STEP][PASSED] - Thread.sleep(2000): null

2020-03-24 08:18:02 - [TEST_STEP][PASSED] - waitForElementVisible(findTestObject("mobileSanity/HBI/Page_App Page 2/input__credit-card-first"), 20): Object 'Object Repository/mobileSanity/HBI/Page_App Page 2/input__credit-card-first' is visible

2020-03-24 08:18:02 - [MESSAGE][PASSED] - Object 'Object Repository/mobileSanity/HBI/Page_App Page 2/input__credit-card-first' is visible

2020-03-24 08:18:02 - [TEST_STEP][PASSED] - callTestCase(findTestCase("AHI/_include/get_screenshot"), [:], STOP_ON_FAILURE): Call Test Case 'Test Cases/AHI/_include/get_screenshot' successfully

2020-03-24 08:18:02 - [TEST_CASE][PASSED] - Test Cases/AHI/_include/get_screenshot: Test Cases/AHI/_include/get_screenshot

2020-03-24 08:18:02 - [TEST_STEP][PASSED] - Thread.sleep(1000): null

2020-03-24 08:18:03 - [TEST_STEP][PASSED] - takeScreenshot(screenPath + i + ".png"): Taking screenshot successfully

2020-03-24 08:18:04 - [MESSAGE][PASSED] - Taking screenshot successfully
[[ATTACHMENT|D:\\Test\\AgileTest\\Reports\\PrivateLabel\\PremierSMI\\20200324_080037\\../Screenshots/iPhone 6/PremierSMI/Health Choice/20200324_081649/7.png]]

2020-03-24 08:18:04 - [TEST_STEP][PASSED] - (internal.GlobalVariable.i++): null

2020-03-24 08:18:04 - [MESSAGE][PASSED] - Call Test Case 'Test Cases/AHI/_include/get_screenshot' successfully

2020-03-24 08:18:04 - [TEST_STEP][PASSED] - setText(findTestObject("mobileSanity/HBI/Page_App Page 2/input__credit-card-first"), FirstName): Text 'Test-123' is set on object 'Object Repository/mobileSanity/HBI/Page_App Page 2/input__credit-card-first'

2020-03-24 08:18:04 - [MESSAGE][PASSED] - Text 'Test-123' is set on object 'Object Repository/mobileSanity/HBI/Page_App Page 2/input__credit-card-first'

2020-03-24 08:18:04 - [TEST_STEP][PASSED] - setText(findTestObject("mobileSanity/HBI/Page_App Page 2/input__credit-card-last"), LastName): Text 'ZZ11-fMzNpssJ' is set on object 'Object Repository/mobileSanity/HBI/Page_App Page 2/input__credit-card-last'

2020-03-24 08:18:04 - [MESSAGE][PASSED] - Text 'ZZ11-fMzNpssJ' is set on object 'Object Repository/mobileSanity/HBI/Page_App Page 2/input__credit-card-last'

2020-03-24 08:18:04 - [TEST_STEP][PASSED] - selectOptionByValue(findTestObject("mobileSanity/HBI/Page_App Page 2/select_MM010203040506070809101"), "12", true): All options with value '12' are selected in object 'Object Repository/mobileSanity/HBI/Page_App Page 2/select_MM010203040506070809101'  using regular expression

2020-03-24 08:18:05 - [MESSAGE][PASSED] - All options with value '12' are selected in object 'Object Repository/mobileSanity/HBI/Page_App Page 2/select_MM010203040506070809101'  using regular expression

2020-03-24 08:18:05 - [TEST_STEP][PASSED] - selectOptionByValue(findTestObject("mobileSanity/HBI/Page_App Page 2/select_YYYY2019202020212022202"), "2026", true): All options with value '2026' are selected in object 'Object Repository/mobileSanity/HBI/Page_App Page 2/select_YYYY2019202020212022202'  using regular expression

2020-03-24 08:18:05 - [MESSAGE][PASSED] - All options with value '2026' are selected in object 'Object Repository/mobileSanity/HBI/Page_App Page 2/select_YYYY2019202020212022202'  using regular expression

2020-03-24 08:18:05 - [TEST_STEP][PASSED] - setText(findTestObject("mobileSanity/HBI/Page_App Page 2/input__credit-card-number"), "4111111111111111"): Text '4111111111111111' is set on object 'Object Repository/mobileSanity/HBI/Page_App Page 2/input__credit-card-number'

2020-03-24 08:18:05 - [MESSAGE][PASSED] - Text '4111111111111111' is set on object 'Object Repository/mobileSanity/HBI/Page_App Page 2/input__credit-card-number'

2020-03-24 08:18:05 - [TEST_STEP][PASSED] - setText(findTestObject("mobileSanity/HBI/Page_App Page 2/input__cvv"), "123"): Text '123' is set on object 'Object Repository/mobileSanity/HBI/Page_App Page 2/input__cvv'

2020-03-24 08:18:06 - [MESSAGE][PASSED] - Text '123' is set on object 'Object Repository/mobileSanity/HBI/Page_App Page 2/input__cvv'

2020-03-24 08:18:06 - [TEST_STEP][PASSED] - click(findTestObject("mobileSanity/HBI/Page_App Page 2/label_My billing address is th")): Object: 'Object Repository/mobileSanity/HBI/Page_App Page 2/label_My billing address is th' is clicked on

2020-03-24 08:18:06 - [MESSAGE][PASSED] - Object: 'Object Repository/mobileSanity/HBI/Page_App Page 2/label_My billing address is th' is clicked on

2020-03-24 08:18:06 - [TEST_STEP][PASSED] - click(findTestObject("mobileSanity/HBI/Page_App Page 2/label_I Accept Authorization f")): Object: 'Object Repository/mobileSanity/HBI/Page_App Page 2/label_I Accept Authorization f' is clicked on

2020-03-24 08:18:06 - [MESSAGE][PASSED] - Object: 'Object Repository/mobileSanity/HBI/Page_App Page 2/label_I Accept Authorization f' is clicked on

2020-03-24 08:18:06 - [TEST_STEP][PASSED] - click(findTestObject("mobileSanity/HBI/Page_App Page 2/a_Continue to Step 3 - Review")): Object: 'Object Repository/mobileSanity/HBI/Page_App Page 2/a_Continue to Step 3 - Review' is clicked on

2020-03-24 08:18:06 - [MESSAGE][PASSED] - Object: 'Object Repository/mobileSanity/HBI/Page_App Page 2/a_Continue to Step 3 - Review' is clicked on

2020-03-24 08:18:06 - [TEST_STEP][PASSED] - waitForPageLoad(20): Wait for page load successfully

2020-03-24 08:18:06 - [MESSAGE][PASSED] - Wait for page load successfully

2020-03-24 08:18:06 - [TEST_STEP][PASSED] - Thread.sleep(10000): null

2020-03-24 08:18:16 - [TEST_STEP][PASSED] - waitForElementPresent(findTestObject("mobileSanity/HBI/Page_App Page 3/label"), 20): Object 'Object Repository/mobileSanity/HBI/Page_App Page 3/label' is present

2020-03-24 08:18:18 - [MESSAGE][PASSED] - Object 'Object Repository/mobileSanity/HBI/Page_App Page 3/label' is present

2020-03-24 08:18:18 - [TEST_STEP][PASSED] - callTestCase(findTestCase("AHI/_include/get_screenshot"), [:], STOP_ON_FAILURE): Call Test Case 'Test Cases/AHI/_include/get_screenshot' successfully

2020-03-24 08:18:18 - [TEST_CASE][PASSED] - Test Cases/AHI/_include/get_screenshot: Test Cases/AHI/_include/get_screenshot

2020-03-24 08:18:18 - [TEST_STEP][PASSED] - Thread.sleep(1000): null

2020-03-24 08:18:19 - [TEST_STEP][PASSED] - takeScreenshot(screenPath + i + ".png"): Taking screenshot successfully

2020-03-24 08:18:20 - [MESSAGE][PASSED] - Taking screenshot successfully
[[ATTACHMENT|D:\\Test\\AgileTest\\Reports\\PrivateLabel\\PremierSMI\\20200324_080037\\../Screenshots/iPhone 6/PremierSMI/Health Choice/20200324_081649/8.png]]

2020-03-24 08:18:20 - [TEST_STEP][PASSED] - (internal.GlobalVariable.i++): null

2020-03-24 08:18:20 - [MESSAGE][PASSED] - Call Test Case 'Test Cases/AHI/_include/get_screenshot' successfully

2020-03-24 08:18:20 - [TEST_STEP][PASSED] - click(findTestObject("mobileSanity/HBI/Page_App Page 3/label")): Object: 'Object Repository/mobileSanity/HBI/Page_App Page 3/label' is clicked on

2020-03-24 08:18:20 - [MESSAGE][PASSED] - Object: 'Object Repository/mobileSanity/HBI/Page_App Page 3/label' is clicked on

2020-03-24 08:18:20 - [TEST_STEP][PASSED] - click(findTestObject("mobileSanity/HBI/Page_App Page 3/p_CLICK TO SIGN")): Object: 'Object Repository/mobileSanity/HBI/Page_App Page 3/p_CLICK TO SIGN' is clicked on

2020-03-24 08:18:20 - [MESSAGE][PASSED] - Object: 'Object Repository/mobileSanity/HBI/Page_App Page 3/p_CLICK TO SIGN' is clicked on

2020-03-24 08:18:20 - [TEST_STEP][PASSED] - click(findTestObject("mobileSanity/HBI/Page_App Page 3/a_Submit Your Application")): Object: 'Object Repository/mobileSanity/HBI/Page_App Page 3/a_Submit Your Application' is clicked on

2020-03-24 08:18:20 - [MESSAGE][PASSED] - Object: 'Object Repository/mobileSanity/HBI/Page_App Page 3/a_Submit Your Application' is clicked on

2020-03-24 08:18:20 - [TEST_STEP][PASSED] - waitForElementPresent(findTestObject("mobileSanity/Common/app-confirmation"), 20): Object 'Object Repository/mobileSanity/Common/app-confirmation' is not present after 20 second(s)

2020-03-24 08:18:47 - [MESSAGE][INFO] - Unable to find the element located by 'By.xpath: //*[@id = 'app-confirmation']'. Please recheck the objects properties to make sure the desired element is located. 

2020-03-24 08:18:47 - [MESSAGE][WARNING] - Object 'Object Repository/mobileSanity/Common/app-confirmation' is not present after 20 second(s)

2020-03-24 08:18:47 - [TEST_STEP][PASSED] - callTestCase(findTestCase("AHI/_include/get_screenshot"), [:], STOP_ON_FAILURE): Call Test Case 'Test Cases/AHI/_include/get_screenshot' successfully

2020-03-24 08:18:47 - [TEST_CASE][PASSED] - Test Cases/AHI/_include/get_screenshot: Test Cases/AHI/_include/get_screenshot

2020-03-24 08:18:47 - [TEST_STEP][PASSED] - Thread.sleep(1000): null

2020-03-24 08:18:48 - [TEST_STEP][PASSED] - takeScreenshot(screenPath + i + ".png"): Taking screenshot successfully

2020-03-24 08:18:48 - [MESSAGE][PASSED] - Taking screenshot successfully
[[ATTACHMENT|D:\\Test\\AgileTest\\Reports\\PrivateLabel\\PremierSMI\\20200324_080037\\../Screenshots/iPhone 6/PremierSMI/Health Choice/20200324_081649/9.png]]

2020-03-24 08:18:48 - [TEST_STEP][PASSED] - (internal.GlobalVariable.i++): null

2020-03-24 08:18:48 - [MESSAGE][PASSED] - Call Test Case 'Test Cases/AHI/_include/get_screenshot' successfully

2020-03-24 08:18:48 - [MESSAGE][PASSED] - Call Test Case 'Test Cases/AHI/_include/goToEnd_hbi' successfully]]></system-out>
         <system-err><![CDATA[]]></system-err>
      </testcase>
      <testcase name="Test Cases/PL Site/PremierSMI/Legion" classname="Test Cases/PL Site/PremierSMI/Legion" status="PASSED">
         <system-out><![CDATA[2020-03-24 08:18:48 - [TEST_CASE][PASSED] - Test Cases/PL Site/PremierSMI/Legion: Test Cases/PL Site/PremierSMI/Legion

2020-03-24 08:18:49 - [TEST_STEP][PASSED] - callTestCase(findTestCase("AHI/_include/get_screenPath"), ["productLine":"PremierSMI", "carrierName":"Legion"], CONTINUE_ON_FAILURE): Call Test Case 'Test Cases/AHI/_include/get_screenPath' successfully

2020-03-24 08:18:49 - [TEST_CASE][PASSED] - Test Cases/AHI/_include/get_screenPath: Test Cases/AHI/_include/get_screenPath

2020-03-24 08:18:49 - [TEST_STEP][PASSED] - m = getExecutionProperties(): null

2020-03-24 08:18:49 - [TEST_STEP][PASSED] - deviceName = get("mobileEmulation").get("deviceName"): null

2020-03-24 08:18:49 - [TEST_STEP][PASSED] - println(deviceName): null

2020-03-24 08:18:49 - [TEST_STEP][PASSED] - now = new java.util.Date(): null

2020-03-24 08:18:49 - [TEST_STEP][PASSED] - mydate = now.format("yyyyMMdd_HHmmss"): null

2020-03-24 08:18:49 - [TEST_STEP][PASSED] - screenPath = "../Screenshots/": null

2020-03-24 08:18:49 - [TEST_STEP][PASSED] - screenPath = screenPath + deviceName + "/" + productLine + "/" + carrierName + "/" + mydate + "/": null

2020-03-24 08:18:49 - [TEST_STEP][PASSED] - println(screenPath): null

2020-03-24 08:18:49 - [MESSAGE][PASSED] - Call Test Case 'Test Cases/AHI/_include/get_screenPath' successfully

2020-03-24 08:18:49 - [TEST_STEP][PASSED] - i = 0: null

2020-03-24 08:18:49 - [TEST_STEP][PASSED] - callTestCase(findTestCase("AHI/_include/openWebSite"), ["env":"https://premiersmi--qa.storefront.mybenefitskeeper.com"], STOP_ON_FAILURE): Call Test Case 'Test Cases/AHI/_include/openWebSite' successfully

2020-03-24 08:18:49 - [TEST_CASE][PASSED] - Test Cases/AHI/_include/openWebSite: Test Cases/AHI/_include/openWebSite

2020-03-24 08:18:49 - [TEST_STEP][PASSED] - openBrowser(env): Browser is opened with url: 'https://premiersmi--qa.storefront.mybenefitskeeper.com'

2020-03-24 08:18:49 - [MESSAGE][WARNING] - A browser is already opened. Closing browser and opening a new one

2020-03-24 08:18:51 - [MESSAGE][INFO] - Starting 'Chrome' driver

2020-03-24 08:18:51 - [MESSAGE][INFO] - User set preference: ['mobileEmulation', '{deviceName=iPhone 6}']

2020-03-24 08:18:51 - [MESSAGE][INFO] - User set preference: ['args', '[--incognito, --aggressive-cache-discard, --window-size=375,677, --no-sandbox, --ignore-certificate-errors]']

2020-03-24 08:19:01 - [MESSAGE][PASSED] - Browser is opened with url: 'https://premiersmi--qa.storefront.mybenefitskeeper.com'

2020-03-24 08:19:01 - [TEST_STEP][PASSED] - waitForPageLoad(20): Wait for page load successfully

2020-03-24 08:19:02 - [MESSAGE][PASSED] - Wait for page load successfully

2020-03-24 08:19:02 - [TEST_STEP][PASSED] - callTestCase(findTestCase("AHI/_include/get_screenshot"), [:], STOP_ON_FAILURE): Call Test Case 'Test Cases/AHI/_include/get_screenshot' successfully

2020-03-24 08:19:02 - [TEST_CASE][PASSED] - Test Cases/AHI/_include/get_screenshot: Test Cases/AHI/_include/get_screenshot

2020-03-24 08:19:02 - [TEST_STEP][PASSED] - Thread.sleep(1000): null

2020-03-24 08:19:03 - [TEST_STEP][PASSED] - takeScreenshot(screenPath + i + ".png"): Taking screenshot successfully

2020-03-24 08:19:04 - [MESSAGE][PASSED] - Taking screenshot successfully
[[ATTACHMENT|D:\\Test\\AgileTest\\Reports\\PrivateLabel\\PremierSMI\\20200324_080037\\../Screenshots/iPhone 6/PremierSMI/Legion/20200324_081849/0.png]]

2020-03-24 08:19:04 - [TEST_STEP][PASSED] - (internal.GlobalVariable.i++): null

2020-03-24 08:19:04 - [MESSAGE][PASSED] - Call Test Case 'Test Cases/AHI/_include/get_screenshot' successfully

2020-03-24 08:19:04 - [MESSAGE][PASSED] - Call Test Case 'Test Cases/AHI/_include/openWebSite' successfully

2020-03-24 08:19:04 - [TEST_STEP][PASSED] - callTestCase(findTestCase("PL Site/_include/census_hbi"), ["zipcode":"35215"], CONTINUE_ON_FAILURE): Call Test Case 'Test Cases/PL Site/_include/census_hbi' successfully

2020-03-24 08:19:04 - [TEST_CASE][PASSED] - Test Cases/PL Site/_include/census_hbi: Test Cases/PL Site/_include/census_hbi

2020-03-24 08:19:04 - [TEST_STEP][PASSED] - click(findTestObject("mobileSanity/Common/side_nav/menu")): Object: 'Object Repository/mobileSanity/Common/side_nav/menu' is clicked on

2020-03-24 08:19:04 - [MESSAGE][PASSED] - Object: 'Object Repository/mobileSanity/Common/side_nav/menu' is clicked on

2020-03-24 08:19:04 - [TEST_STEP][PASSED] - Thread.sleep(3000): null

2020-03-24 08:19:07 - [TEST_STEP][PASSED] - callTestCase(findTestCase("AHI/_include/get_screenshot"), [:], STOP_ON_FAILURE): Call Test Case 'Test Cases/AHI/_include/get_screenshot' successfully

2020-03-24 08:19:07 - [TEST_CASE][PASSED] - Test Cases/AHI/_include/get_screenshot: Test Cases/AHI/_include/get_screenshot

2020-03-24 08:19:07 - [TEST_STEP][PASSED] - Thread.sleep(1000): null

2020-03-24 08:19:08 - [TEST_STEP][PASSED] - takeScreenshot(screenPath + i + ".png"): Taking screenshot successfully

2020-03-24 08:19:09 - [MESSAGE][PASSED] - Taking screenshot successfully
[[ATTACHMENT|D:\\Test\\AgileTest\\Reports\\PrivateLabel\\PremierSMI\\20200324_080037\\../Screenshots/iPhone 6/PremierSMI/Legion/20200324_081849/1.png]]

2020-03-24 08:19:09 - [TEST_STEP][PASSED] - (internal.GlobalVariable.i++): null

2020-03-24 08:19:09 - [MESSAGE][PASSED] - Call Test Case 'Test Cases/AHI/_include/get_screenshot' successfully

2020-03-24 08:19:09 - [TEST_STEP][PASSED] - click(findTestObject("PLSite/pl_nav_hbi")): Object: 'Object Repository/PLSite/pl_nav_hbi' is clicked on

2020-03-24 08:19:10 - [MESSAGE][PASSED] - Object: 'Object Repository/PLSite/pl_nav_hbi' is clicked on

2020-03-24 08:19:10 - [TEST_STEP][PASSED] - waitForPageLoad(10): Wait for page load successfully

2020-03-24 08:19:10 - [MESSAGE][PASSED] - Wait for page load successfully

2020-03-24 08:19:10 - [TEST_STEP][PASSED] - Thread.sleep(3000): null

2020-03-24 08:19:13 - [TEST_STEP][PASSED] - callTestCase(findTestCase("AHI/_include/get_screenshot"), [:], STOP_ON_FAILURE): Call Test Case 'Test Cases/AHI/_include/get_screenshot' successfully

2020-03-24 08:19:13 - [TEST_CASE][PASSED] - Test Cases/AHI/_include/get_screenshot: Test Cases/AHI/_include/get_screenshot

2020-03-24 08:19:13 - [TEST_STEP][PASSED] - Thread.sleep(1000): null

2020-03-24 08:19:14 - [TEST_STEP][PASSED] - takeScreenshot(screenPath + i + ".png"): Taking screenshot successfully

2020-03-24 08:19:14 - [MESSAGE][PASSED] - Taking screenshot successfully
[[ATTACHMENT|D:\\Test\\AgileTest\\Reports\\PrivateLabel\\PremierSMI\\20200324_080037\\../Screenshots/iPhone 6/PremierSMI/Legion/20200324_081849/2.png]]

2020-03-24 08:19:14 - [TEST_STEP][PASSED] - (internal.GlobalVariable.i++): null

2020-03-24 08:19:14 - [MESSAGE][PASSED] - Call Test Case 'Test Cases/AHI/_include/get_screenshot' successfully

2020-03-24 08:19:14 - [TEST_STEP][PASSED] - setText(findTestObject("mobileSanity/HBI/census/input_Location_zip-input"), zipcode): Text '35215' is set on object 'Object Repository/mobileSanity/HBI/census/input_Location_zip-input'

2020-03-24 08:19:16 - [MESSAGE][PASSED] - Text '35215' is set on object 'Object Repository/mobileSanity/HBI/census/input_Location_zip-input'

2020-03-24 08:19:16 - [TEST_STEP][PASSED] - Thread.sleep(500): null

2020-03-24 08:19:17 - [TEST_STEP][PASSED] - setText(findTestObject("mobileSanity/HBI/census/input_Date of Birth_dob-0"), "12121980"): Text '12121980' is set on object 'Object Repository/mobileSanity/HBI/census/input_Date of Birth_dob-0'

2020-03-24 08:19:17 - [MESSAGE][PASSED] - Text '12121980' is set on object 'Object Repository/mobileSanity/HBI/census/input_Date of Birth_dob-0'

2020-03-24 08:19:17 - [TEST_STEP][PASSED] - click(findTestObject("mobileSanity/HBI/census/label_Male")): Object: 'Object Repository/mobileSanity/HBI/census/label_Male' is clicked on

2020-03-24 08:19:17 - [MESSAGE][PASSED] - Object: 'Object Repository/mobileSanity/HBI/census/label_Male' is clicked on

2020-03-24 08:19:17 - [TEST_STEP][PASSED] - click(findTestObject("mobileSanity/HBI/census/label_Get a Quote")): Object: 'Object Repository/mobileSanity/HBI/census/label_Get a Quote' is clicked on

2020-03-24 08:19:19 - [MESSAGE][PASSED] - Object: 'Object Repository/mobileSanity/HBI/census/label_Get a Quote' is clicked on

2020-03-24 08:19:19 - [TEST_STEP][PASSED] - waitForPageLoad(20): Wait for page load successfully

2020-03-24 08:19:20 - [MESSAGE][PASSED] - Wait for page load successfully

2020-03-24 08:19:20 - [TEST_STEP][PASSED] - Thread.sleep(3000): null

2020-03-24 08:19:23 - [TEST_STEP][PASSED] - callTestCase(findTestCase("AHI/_include/check_quoteleadform"), [:], STOP_ON_FAILURE): Call Test Case 'Test Cases/AHI/_include/check_quoteleadform' successfully

2020-03-24 08:19:23 - [TEST_CASE][PASSED] - Test Cases/AHI/_include/check_quoteleadform: Test Cases/AHI/_include/check_quoteleadform

2020-03-24 08:19:23 - [TEST_STEP][PASSED] - callTestCase(findTestCase("AHI/_include/name"), [:], CONTINUE_ON_FAILURE): Call Test Case 'Test Cases/AHI/_include/name' successfully

2020-03-24 08:19:23 - [TEST_CASE][PASSED] - Test Cases/AHI/_include/name: Test Cases/AHI/_include/name

2020-03-24 08:19:23 - [TEST_STEP][PASSED] - driver = getWebDriver(): null

2020-03-24 08:19:23 - [TEST_STEP][PASSED] - selenium = new com.thoughtworks.selenium.webdriven.WebDriverBackedSelenium(driver, internal.GlobalVariable.ENV): null

2020-03-24 08:19:23 - [TEST_STEP][PASSED] - FirstName = "Test-123": null

2020-03-24 08:19:23 - [TEST_STEP][PASSED] - LastName = selenium.getEval("{var x="ABCDEFGHIJKLMNOPQRSTUVWXYZabcdefghijklmnopqrstuvwxyz"; var tmp="ZZ11-"; for (i=0;i<8;i++) tmp+=x.charAt(Math.ceil(51*Math.random()));tmp;}"): null

2020-03-24 08:19:23 - [TEST_STEP][PASSED] - Address = selenium.getEval("{var x="ABCDEFGHIJKLMNOPQRSTUVWXYZabcdefghijklmnopqrstuvwxyz"; var tmp=""; for (i=0;i<8;i++) tmp+=x.charAt(Math.ceil(51*Math.random()));tmp;}"): null

2020-03-24 08:19:23 - [TEST_STEP][PASSED] - City = selenium.getEval("{var x="ABCDEFGHIJKLMNOPQRSTUVWXYZabcdefghijklmnopqrstuvwxyz"; var tmp=""; for (i=0;i<8;i++) tmp+=x.charAt(Math.ceil(51*Math.random()));tmp;}"): null

2020-03-24 08:19:23 - [TEST_STEP][PASSED] - tel1 = selenium.getEval("{var x="123456789"; var tmp=""; for (i=0;i<3;i++) tmp+=x.charAt(Math.ceil(8*Math.random()));tmp;}"): null

2020-03-24 08:19:24 - [TEST_STEP][PASSED] - tel2 = selenium.getEval("{var x="123456789"; var tmp=""; for (i=0;i<3;i++) tmp+=x.charAt(Math.ceil(8*Math.random()));tmp;}"): null

2020-03-24 08:19:24 - [TEST_STEP][PASSED] - tel3 = selenium.getEval("{var x="123456789"; var tmp=""; for (i=0;i<4;i++) tmp+=x.charAt(Math.ceil(8*Math.random()));tmp;}"): null

2020-03-24 08:19:24 - [TEST_STEP][PASSED] - Tel = selenium.getExpression(tel1 + "-" + tel2 + "-" + tel3): null

2020-03-24 08:19:24 - [TEST_STEP][PASSED] - AutoEmail = selenium.getEval("{var x="ABCDEFGHIJKLMNOPQRSTUVWXYZabcdefghijklmnopqrstuvwxyz"; var tmp="test."; for (i=0;i<8;i++) tmp+=x.charAt(Math.ceil(51*Math.random()));tmp+="@suryani.cn";}"): null

2020-03-24 08:19:24 - [TEST_STEP][PASSED] - FirstName = FirstName: null

2020-03-24 08:19:24 - [TEST_STEP][PASSED] - LastName = LastName: null

2020-03-24 08:19:24 - [TEST_STEP][PASSED] - Address = Address: null

2020-03-24 08:19:24 - [TEST_STEP][PASSED] - City = City: null

2020-03-24 08:19:24 - [TEST_STEP][PASSED] - Tel = Tel: null

2020-03-24 08:19:24 - [TEST_STEP][PASSED] - AutoEmail = AutoEmail: null

2020-03-24 08:19:24 - [TEST_STEP][PASSED] - println(FirstName): null

2020-03-24 08:19:24 - [TEST_STEP][PASSED] - println(LastName): null

2020-03-24 08:19:24 - [TEST_STEP][PASSED] - println(Address): null

2020-03-24 08:19:24 - [TEST_STEP][PASSED] - println(City): null

2020-03-24 08:19:24 - [TEST_STEP][PASSED] - println(Tel): null

2020-03-24 08:19:24 - [TEST_STEP][PASSED] - println(AutoEmail): null

2020-03-24 08:19:24 - [MESSAGE][PASSED] - Call Test Case 'Test Cases/AHI/_include/name' successfully

2020-03-24 08:19:24 - [TEST_STEP][PASSED] - leadform_exist = test.MobileKeywords.isElementPresent_Web(findTestObject("mobileSanity/quote lead form/lead_form"), 20): test.MobileKeywords.isElementPresent_Web is PASSED

2020-03-24 08:19:46 - [MESSAGE][INFO] - Unable to find the element located by 'By.xpath: //*[@id = 'lightboxLeadForm']'. Please recheck the objects properties to make sure the desired element is located. 

2020-03-24 08:19:46 - [MESSAGE][PASSED] - test.MobileKeywords.isElementPresent_Web is PASSED

2020-03-24 08:19:46 - [TEST_STEP][PASSED] - if (leadform_exist): null

2020-03-24 08:19:46 - [MESSAGE][PASSED] - Call Test Case 'Test Cases/AHI/_include/check_quoteleadform' successfully

2020-03-24 08:19:46 - [TEST_STEP][PASSED] - callTestCase(findTestCase("AHI/_include/get_screenshot"), [:], STOP_ON_FAILURE): Call Test Case 'Test Cases/AHI/_include/get_screenshot' successfully

2020-03-24 08:19:46 - [TEST_CASE][PASSED] - Test Cases/AHI/_include/get_screenshot: Test Cases/AHI/_include/get_screenshot

2020-03-24 08:19:46 - [TEST_STEP][PASSED] - Thread.sleep(1000): null

2020-03-24 08:19:47 - [TEST_STEP][PASSED] - takeScreenshot(screenPath + i + ".png"): Taking screenshot successfully

2020-03-24 08:19:47 - [MESSAGE][PASSED] - Taking screenshot successfully
[[ATTACHMENT|D:\\Test\\AgileTest\\Reports\\PrivateLabel\\PremierSMI\\20200324_080037\\../Screenshots/iPhone 6/PremierSMI/Legion/20200324_081849/3.png]]

2020-03-24 08:19:47 - [TEST_STEP][PASSED] - (internal.GlobalVariable.i++): null

2020-03-24 08:19:47 - [MESSAGE][PASSED] - Call Test Case 'Test Cases/AHI/_include/get_screenshot' successfully

2020-03-24 08:19:47 - [MESSAGE][PASSED] - Call Test Case 'Test Cases/PL Site/_include/census_hbi' successfully

2020-03-24 08:19:47 - [TEST_STEP][PASSED] - Thread.sleep(5000): null

2020-03-24 08:19:52 - [TEST_STEP][PASSED] - scrollToPosition(200, 2300): Browser is scrolled to position x = 200, y = 2300

2020-03-24 08:19:52 - [MESSAGE][PASSED] - Browser is scrolled to position x = 200, y = 2300

2020-03-24 08:19:52 - [TEST_STEP][PASSED] - click(findTestObject("mobileSanity/HBI/quote/a_Legion Limited Medical 500")): Object: 'Object Repository/mobileSanity/HBI/quote/a_Legion Limited Medical 500' is clicked on

2020-03-24 08:19:53 - [MESSAGE][PASSED] - Object: 'Object Repository/mobileSanity/HBI/quote/a_Legion Limited Medical 500' is clicked on

2020-03-24 08:19:53 - [TEST_STEP][PASSED] - waitForPageLoad(10): Wait for page load successfully

2020-03-24 08:19:53 - [MESSAGE][PASSED] - Wait for page load successfully

2020-03-24 08:19:53 - [TEST_STEP][PASSED] - callTestCase(findTestCase("AHI/_include/get_screenshot"), [:], STOP_ON_FAILURE): Call Test Case 'Test Cases/AHI/_include/get_screenshot' successfully

2020-03-24 08:19:53 - [TEST_CASE][PASSED] - Test Cases/AHI/_include/get_screenshot: Test Cases/AHI/_include/get_screenshot

2020-03-24 08:19:53 - [TEST_STEP][PASSED] - Thread.sleep(1000): null

2020-03-24 08:19:55 - [TEST_STEP][PASSED] - takeScreenshot(screenPath + i + ".png"): Taking screenshot successfully

2020-03-24 08:19:56 - [MESSAGE][PASSED] - Taking screenshot successfully
[[ATTACHMENT|D:\\Test\\AgileTest\\Reports\\PrivateLabel\\PremierSMI\\20200324_080037\\../Screenshots/iPhone 6/PremierSMI/Legion/20200324_081849/4.png]]

2020-03-24 08:19:56 - [TEST_STEP][PASSED] - (internal.GlobalVariable.i++): null

2020-03-24 08:19:56 - [MESSAGE][PASSED] - Call Test Case 'Test Cases/AHI/_include/get_screenshot' successfully

2020-03-24 08:19:56 - [TEST_STEP][PASSED] - click(findTestObject("mobileSanity/HBI/detail/a_Apply for This Plan")): Object: 'Object Repository/mobileSanity/HBI/detail/a_Apply for This Plan' is clicked on

2020-03-24 08:19:56 - [MESSAGE][PASSED] - Object: 'Object Repository/mobileSanity/HBI/detail/a_Apply for This Plan' is clicked on

2020-03-24 08:19:56 - [TEST_STEP][PASSED] - waitForPageLoad(10): Wait for page load successfully

2020-03-24 08:19:56 - [MESSAGE][PASSED] - Wait for page load successfully

2020-03-24 08:19:56 - [TEST_STEP][PASSED] - callTestCase(findTestCase("AHI/_include/get_screenshot"), [:], STOP_ON_FAILURE): Call Test Case 'Test Cases/AHI/_include/get_screenshot' successfully

2020-03-24 08:19:56 - [TEST_CASE][PASSED] - Test Cases/AHI/_include/get_screenshot: Test Cases/AHI/_include/get_screenshot

2020-03-24 08:19:57 - [TEST_STEP][PASSED] - Thread.sleep(1000): null

2020-03-24 08:19:58 - [TEST_STEP][PASSED] - takeScreenshot(screenPath + i + ".png"): Taking screenshot successfully

2020-03-24 08:19:58 - [MESSAGE][PASSED] - Taking screenshot successfully
[[ATTACHMENT|D:\\Test\\AgileTest\\Reports\\PrivateLabel\\PremierSMI\\20200324_080037\\../Screenshots/iPhone 6/PremierSMI/Legion/20200324_081849/5.png]]

2020-03-24 08:19:58 - [TEST_STEP][PASSED] - (internal.GlobalVariable.i++): null

2020-03-24 08:19:58 - [MESSAGE][PASSED] - Call Test Case 'Test Cases/AHI/_include/get_screenshot' successfully

2020-03-24 08:19:58 - [TEST_STEP][PASSED] - click(findTestObject("mobileSanity/HBI/Page_Apply/span_Start Secure Application")): Object: 'Object Repository/mobileSanity/HBI/Page_Apply/span_Start Secure Application' is clicked on

2020-03-24 08:19:59 - [MESSAGE][PASSED] - Object: 'Object Repository/mobileSanity/HBI/Page_Apply/span_Start Secure Application' is clicked on

2020-03-24 08:19:59 - [TEST_STEP][PASSED] - waitForPageLoad(10): Wait for page load successfully

2020-03-24 08:20:00 - [MESSAGE][PASSED] - Wait for page load successfully

2020-03-24 08:20:00 - [TEST_STEP][PASSED] - callTestCase(findTestCase("AHI/_include/get_screenshot"), [:], STOP_ON_FAILURE): Call Test Case 'Test Cases/AHI/_include/get_screenshot' successfully

2020-03-24 08:20:00 - [TEST_CASE][PASSED] - Test Cases/AHI/_include/get_screenshot: Test Cases/AHI/_include/get_screenshot

2020-03-24 08:20:00 - [TEST_STEP][PASSED] - Thread.sleep(1000): null

2020-03-24 08:20:01 - [TEST_STEP][PASSED] - takeScreenshot(screenPath + i + ".png"): Taking screenshot successfully

2020-03-24 08:20:02 - [MESSAGE][PASSED] - Taking screenshot successfully
[[ATTACHMENT|D:\\Test\\AgileTest\\Reports\\PrivateLabel\\PremierSMI\\20200324_080037\\../Screenshots/iPhone 6/PremierSMI/Legion/20200324_081849/6.png]]

2020-03-24 08:20:02 - [TEST_STEP][PASSED] - (internal.GlobalVariable.i++): null

2020-03-24 08:20:02 - [MESSAGE][PASSED] - Call Test Case 'Test Cases/AHI/_include/get_screenshot' successfully

2020-03-24 08:20:02 - [TEST_STEP][PASSED] - callTestCase(findTestCase("AHI/_include/goToEnd_hbi"), ["carrier":"legion"], CONTINUE_ON_FAILURE): Call Test Case 'Test Cases/AHI/_include/goToEnd_hbi' successfully

2020-03-24 08:20:02 - [TEST_CASE][PASSED] - Test Cases/AHI/_include/goToEnd_hbi: Test Cases/AHI/_include/goToEnd_hbi

2020-03-24 08:20:02 - [TEST_STEP][PASSED] - if (state == "ca"): null

2020-03-24 08:20:02 - [TEST_STEP][PASSED] - callTestCase(findTestCase("AHI/_include/name"), [:], CONTINUE_ON_FAILURE): Call Test Case 'Test Cases/AHI/_include/name' successfully

2020-03-24 08:20:02 - [TEST_CASE][PASSED] - Test Cases/AHI/_include/name: Test Cases/AHI/_include/name

2020-03-24 08:20:02 - [TEST_STEP][PASSED] - driver = getWebDriver(): null

2020-03-24 08:20:02 - [TEST_STEP][PASSED] - selenium = new com.thoughtworks.selenium.webdriven.WebDriverBackedSelenium(driver, internal.GlobalVariable.ENV): null

2020-03-24 08:20:02 - [TEST_STEP][PASSED] - FirstName = "Test-123": null

2020-03-24 08:20:03 - [TEST_STEP][PASSED] - LastName = selenium.getEval("{var x="ABCDEFGHIJKLMNOPQRSTUVWXYZabcdefghijklmnopqrstuvwxyz"; var tmp="ZZ11-"; for (i=0;i<8;i++) tmp+=x.charAt(Math.ceil(51*Math.random()));tmp;}"): null

2020-03-24 08:20:03 - [TEST_STEP][PASSED] - Address = selenium.getEval("{var x="ABCDEFGHIJKLMNOPQRSTUVWXYZabcdefghijklmnopqrstuvwxyz"; var tmp=""; for (i=0;i<8;i++) tmp+=x.charAt(Math.ceil(51*Math.random()));tmp;}"): null

2020-03-24 08:20:03 - [TEST_STEP][PASSED] - City = selenium.getEval("{var x="ABCDEFGHIJKLMNOPQRSTUVWXYZabcdefghijklmnopqrstuvwxyz"; var tmp=""; for (i=0;i<8;i++) tmp+=x.charAt(Math.ceil(51*Math.random()));tmp;}"): null

2020-03-24 08:20:03 - [TEST_STEP][PASSED] - tel1 = selenium.getEval("{var x="123456789"; var tmp=""; for (i=0;i<3;i++) tmp+=x.charAt(Math.ceil(8*Math.random()));tmp;}"): null

2020-03-24 08:20:03 - [TEST_STEP][PASSED] - tel2 = selenium.getEval("{var x="123456789"; var tmp=""; for (i=0;i<3;i++) tmp+=x.charAt(Math.ceil(8*Math.random()));tmp;}"): null

2020-03-24 08:20:03 - [TEST_STEP][PASSED] - tel3 = selenium.getEval("{var x="123456789"; var tmp=""; for (i=0;i<4;i++) tmp+=x.charAt(Math.ceil(8*Math.random()));tmp;}"): null

2020-03-24 08:20:03 - [TEST_STEP][PASSED] - Tel = selenium.getExpression(tel1 + "-" + tel2 + "-" + tel3): null

2020-03-24 08:20:03 - [TEST_STEP][PASSED] - AutoEmail = selenium.getEval("{var x="ABCDEFGHIJKLMNOPQRSTUVWXYZabcdefghijklmnopqrstuvwxyz"; var tmp="test."; for (i=0;i<8;i++) tmp+=x.charAt(Math.ceil(51*Math.random()));tmp+="@suryani.cn";}"): null

2020-03-24 08:20:03 - [TEST_STEP][PASSED] - FirstName = FirstName: null

2020-03-24 08:20:03 - [TEST_STEP][PASSED] - LastName = LastName: null

2020-03-24 08:20:03 - [TEST_STEP][PASSED] - Address = Address: null

2020-03-24 08:20:03 - [TEST_STEP][PASSED] - City = City: null

2020-03-24 08:20:03 - [TEST_STEP][PASSED] - Tel = Tel: null

2020-03-24 08:20:03 - [TEST_STEP][PASSED] - AutoEmail = AutoEmail: null

2020-03-24 08:20:03 - [TEST_STEP][PASSED] - println(FirstName): null

2020-03-24 08:20:03 - [TEST_STEP][PASSED] - println(LastName): null

2020-03-24 08:20:03 - [TEST_STEP][PASSED] - println(Address): null

2020-03-24 08:20:03 - [TEST_STEP][PASSED] - println(City): null

2020-03-24 08:20:03 - [TEST_STEP][PASSED] - println(Tel): null

2020-03-24 08:20:03 - [TEST_STEP][PASSED] - println(AutoEmail): null

2020-03-24 08:20:03 - [MESSAGE][PASSED] - Call Test Case 'Test Cases/AHI/_include/name' successfully

2020-03-24 08:20:03 - [TEST_STEP][PASSED] - setText(findTestObject("mobileSanity/HBI/Page_App Page 1/input__member-P-1-firstName"), FirstName): Text 'Test-123' is set on object 'Object Repository/mobileSanity/HBI/Page_App Page 1/input__member-P-1-firstName'

2020-03-24 08:20:03 - [MESSAGE][PASSED] - Text 'Test-123' is set on object 'Object Repository/mobileSanity/HBI/Page_App Page 1/input__member-P-1-firstName'

2020-03-24 08:20:03 - [TEST_STEP][PASSED] - setText(findTestObject("mobileSanity/HBI/Page_App Page 1/input__member-P-1-lastName"), LastName): Text 'ZZ11-aLHKrSLl' is set on object 'Object Repository/mobileSanity/HBI/Page_App Page 1/input__member-P-1-lastName'

2020-03-24 08:20:03 - [MESSAGE][PASSED] - Text 'ZZ11-aLHKrSLl' is set on object 'Object Repository/mobileSanity/HBI/Page_App Page 1/input__member-P-1-lastName'

2020-03-24 08:20:03 - [TEST_STEP][PASSED] - if (carrier == "agileone" || carrier == "agilesecure"): null

2020-03-24 08:20:03 - [TEST_STEP][PASSED] - setText(findTestObject("mobileSanity/HBI/Page_App Page 1/input__address"), Address): Text 'GDjinRcd' is set on object 'Object Repository/mobileSanity/HBI/Page_App Page 1/input__address'

2020-03-24 08:20:04 - [MESSAGE][PASSED] - Text 'GDjinRcd' is set on object 'Object Repository/mobileSanity/HBI/Page_App Page 1/input__address'

2020-03-24 08:20:04 - [TEST_STEP][PASSED] - setText(findTestObject("mobileSanity/HBI/Page_App Page 1/input__city"), City): Text 'JmlLmZcJ' is set on object 'Object Repository/mobileSanity/HBI/Page_App Page 1/input__city'

2020-03-24 08:20:04 - [MESSAGE][PASSED] - Text 'JmlLmZcJ' is set on object 'Object Repository/mobileSanity/HBI/Page_App Page 1/input__city'

2020-03-24 08:20:04 - [TEST_STEP][PASSED] - setText(findTestObject("mobileSanity/HBI/Page_App Page 1/input__email"), AutoEmail): Text 'test.DdFljFKK@suryani.cn' is set on object 'Object Repository/mobileSanity/HBI/Page_App Page 1/input__email'

2020-03-24 08:20:04 - [MESSAGE][PASSED] - Text 'test.DdFljFKK@suryani.cn' is set on object 'Object Repository/mobileSanity/HBI/Page_App Page 1/input__email'

2020-03-24 08:20:04 - [TEST_STEP][PASSED] - setText(findTestObject("mobileSanity/HBI/Page_App Page 1/input_tel"), Tel): Text '254-442-5658' is set on object 'Object Repository/mobileSanity/HBI/Page_App Page 1/input_tel'

2020-03-24 08:20:05 - [MESSAGE][PASSED] - Text '254-442-5658' is set on object 'Object Repository/mobileSanity/HBI/Page_App Page 1/input_tel'

2020-03-24 08:20:05 - [TEST_STEP][PASSED] - Thread.sleep(5000): null

2020-03-24 08:20:10 - [TEST_STEP][PASSED] - click(findTestObject("mobileSanity/HBI/Page_App Page 1/a_Continue to Step 2 - Payment")): Object: 'Object Repository/mobileSanity/HBI/Page_App Page 1/a_Continue to Step 2 - Payment' is clicked on

2020-03-24 08:20:10 - [MESSAGE][PASSED] - Object: 'Object Repository/mobileSanity/HBI/Page_App Page 1/a_Continue to Step 2 - Payment' is clicked on

2020-03-24 08:20:10 - [TEST_STEP][PASSED] - waitForPageLoad(20): Wait for page load successfully

2020-03-24 08:20:10 - [MESSAGE][PASSED] - Wait for page load successfully

2020-03-24 08:20:10 - [TEST_STEP][PASSED] - Thread.sleep(2000): null

2020-03-24 08:20:12 - [TEST_STEP][PASSED] - waitForElementVisible(findTestObject("mobileSanity/HBI/Page_App Page 2/input__credit-card-first"), 20): Object 'Object Repository/mobileSanity/HBI/Page_App Page 2/input__credit-card-first' is visible

2020-03-24 08:20:12 - [MESSAGE][PASSED] - Object 'Object Repository/mobileSanity/HBI/Page_App Page 2/input__credit-card-first' is visible

2020-03-24 08:20:12 - [TEST_STEP][PASSED] - callTestCase(findTestCase("AHI/_include/get_screenshot"), [:], STOP_ON_FAILURE): Call Test Case 'Test Cases/AHI/_include/get_screenshot' successfully

2020-03-24 08:20:12 - [TEST_CASE][PASSED] - Test Cases/AHI/_include/get_screenshot: Test Cases/AHI/_include/get_screenshot

2020-03-24 08:20:12 - [TEST_STEP][PASSED] - Thread.sleep(1000): null

2020-03-24 08:20:13 - [TEST_STEP][PASSED] - takeScreenshot(screenPath + i + ".png"): Taking screenshot successfully

2020-03-24 08:20:14 - [MESSAGE][PASSED] - Taking screenshot successfully
[[ATTACHMENT|D:\\Test\\AgileTest\\Reports\\PrivateLabel\\PremierSMI\\20200324_080037\\../Screenshots/iPhone 6/PremierSMI/Legion/20200324_081849/7.png]]

2020-03-24 08:20:14 - [TEST_STEP][PASSED] - (internal.GlobalVariable.i++): null

2020-03-24 08:20:14 - [MESSAGE][PASSED] - Call Test Case 'Test Cases/AHI/_include/get_screenshot' successfully

2020-03-24 08:20:14 - [TEST_STEP][PASSED] - setText(findTestObject("mobileSanity/HBI/Page_App Page 2/input__credit-card-first"), FirstName): Text 'Test-123' is set on object 'Object Repository/mobileSanity/HBI/Page_App Page 2/input__credit-card-first'

2020-03-24 08:20:14 - [MESSAGE][PASSED] - Text 'Test-123' is set on object 'Object Repository/mobileSanity/HBI/Page_App Page 2/input__credit-card-first'

2020-03-24 08:20:14 - [TEST_STEP][PASSED] - setText(findTestObject("mobileSanity/HBI/Page_App Page 2/input__credit-card-last"), LastName): Text 'ZZ11-aLHKrSLl' is set on object 'Object Repository/mobileSanity/HBI/Page_App Page 2/input__credit-card-last'

2020-03-24 08:20:14 - [MESSAGE][PASSED] - Text 'ZZ11-aLHKrSLl' is set on object 'Object Repository/mobileSanity/HBI/Page_App Page 2/input__credit-card-last'

2020-03-24 08:20:14 - [TEST_STEP][PASSED] - selectOptionByValue(findTestObject("mobileSanity/HBI/Page_App Page 2/select_MM010203040506070809101"), "12", true): All options with value '12' are selected in object 'Object Repository/mobileSanity/HBI/Page_App Page 2/select_MM010203040506070809101'  using regular expression

2020-03-24 08:20:15 - [MESSAGE][PASSED] - All options with value '12' are selected in object 'Object Repository/mobileSanity/HBI/Page_App Page 2/select_MM010203040506070809101'  using regular expression

2020-03-24 08:20:15 - [TEST_STEP][PASSED] - selectOptionByValue(findTestObject("mobileSanity/HBI/Page_App Page 2/select_YYYY2019202020212022202"), "2026", true): All options with value '2026' are selected in object 'Object Repository/mobileSanity/HBI/Page_App Page 2/select_YYYY2019202020212022202'  using regular expression

2020-03-24 08:20:15 - [MESSAGE][PASSED] - All options with value '2026' are selected in object 'Object Repository/mobileSanity/HBI/Page_App Page 2/select_YYYY2019202020212022202'  using regular expression

2020-03-24 08:20:15 - [TEST_STEP][PASSED] - setText(findTestObject("mobileSanity/HBI/Page_App Page 2/input__credit-card-number"), "4111111111111111"): Text '4111111111111111' is set on object 'Object Repository/mobileSanity/HBI/Page_App Page 2/input__credit-card-number'

2020-03-24 08:20:16 - [MESSAGE][PASSED] - Text '4111111111111111' is set on object 'Object Repository/mobileSanity/HBI/Page_App Page 2/input__credit-card-number'

2020-03-24 08:20:16 - [TEST_STEP][PASSED] - setText(findTestObject("mobileSanity/HBI/Page_App Page 2/input__cvv"), "123"): Text '123' is set on object 'Object Repository/mobileSanity/HBI/Page_App Page 2/input__cvv'

2020-03-24 08:20:16 - [MESSAGE][PASSED] - Text '123' is set on object 'Object Repository/mobileSanity/HBI/Page_App Page 2/input__cvv'

2020-03-24 08:20:16 - [TEST_STEP][PASSED] - click(findTestObject("mobileSanity/HBI/Page_App Page 2/label_My billing address is th")): Object: 'Object Repository/mobileSanity/HBI/Page_App Page 2/label_My billing address is th' is clicked on

2020-03-24 08:20:16 - [MESSAGE][PASSED] - Object: 'Object Repository/mobileSanity/HBI/Page_App Page 2/label_My billing address is th' is clicked on

2020-03-24 08:20:16 - [TEST_STEP][PASSED] - click(findTestObject("mobileSanity/HBI/Page_App Page 2/label_I Accept Authorization f")): Object: 'Object Repository/mobileSanity/HBI/Page_App Page 2/label_I Accept Authorization f' is clicked on

2020-03-24 08:20:16 - [MESSAGE][PASSED] - Object: 'Object Repository/mobileSanity/HBI/Page_App Page 2/label_I Accept Authorization f' is clicked on

2020-03-24 08:20:16 - [TEST_STEP][PASSED] - click(findTestObject("mobileSanity/HBI/Page_App Page 2/a_Continue to Step 3 - Review")): Object: 'Object Repository/mobileSanity/HBI/Page_App Page 2/a_Continue to Step 3 - Review' is clicked on

2020-03-24 08:20:16 - [MESSAGE][PASSED] - Object: 'Object Repository/mobileSanity/HBI/Page_App Page 2/a_Continue to Step 3 - Review' is clicked on

2020-03-24 08:20:16 - [TEST_STEP][PASSED] - waitForPageLoad(20): Wait for page load successfully

2020-03-24 08:20:16 - [MESSAGE][PASSED] - Wait for page load successfully

2020-03-24 08:20:16 - [TEST_STEP][PASSED] - Thread.sleep(10000): null

2020-03-24 08:20:26 - [TEST_STEP][PASSED] - waitForElementPresent(findTestObject("mobileSanity/HBI/Page_App Page 3/label"), 20): Object 'Object Repository/mobileSanity/HBI/Page_App Page 3/label' is present

2020-03-24 08:20:27 - [MESSAGE][PASSED] - Object 'Object Repository/mobileSanity/HBI/Page_App Page 3/label' is present

2020-03-24 08:20:27 - [TEST_STEP][PASSED] - callTestCase(findTestCase("AHI/_include/get_screenshot"), [:], STOP_ON_FAILURE): Call Test Case 'Test Cases/AHI/_include/get_screenshot' successfully

2020-03-24 08:20:27 - [TEST_CASE][PASSED] - Test Cases/AHI/_include/get_screenshot: Test Cases/AHI/_include/get_screenshot

2020-03-24 08:20:27 - [TEST_STEP][PASSED] - Thread.sleep(1000): null

2020-03-24 08:20:28 - [TEST_STEP][PASSED] - takeScreenshot(screenPath + i + ".png"): Taking screenshot successfully

2020-03-24 08:20:28 - [MESSAGE][PASSED] - Taking screenshot successfully
[[ATTACHMENT|D:\\Test\\AgileTest\\Reports\\PrivateLabel\\PremierSMI\\20200324_080037\\../Screenshots/iPhone 6/PremierSMI/Legion/20200324_081849/8.png]]

2020-03-24 08:20:28 - [TEST_STEP][PASSED] - (internal.GlobalVariable.i++): null

2020-03-24 08:20:28 - [MESSAGE][PASSED] - Call Test Case 'Test Cases/AHI/_include/get_screenshot' successfully

2020-03-24 08:20:28 - [TEST_STEP][PASSED] - click(findTestObject("mobileSanity/HBI/Page_App Page 3/label")): Object: 'Object Repository/mobileSanity/HBI/Page_App Page 3/label' is clicked on

2020-03-24 08:20:29 - [MESSAGE][PASSED] - Object: 'Object Repository/mobileSanity/HBI/Page_App Page 3/label' is clicked on

2020-03-24 08:20:29 - [TEST_STEP][PASSED] - click(findTestObject("mobileSanity/HBI/Page_App Page 3/p_CLICK TO SIGN")): Object: 'Object Repository/mobileSanity/HBI/Page_App Page 3/p_CLICK TO SIGN' is clicked on

2020-03-24 08:20:29 - [MESSAGE][PASSED] - Object: 'Object Repository/mobileSanity/HBI/Page_App Page 3/p_CLICK TO SIGN' is clicked on

2020-03-24 08:20:29 - [TEST_STEP][PASSED] - click(findTestObject("mobileSanity/HBI/Page_App Page 3/a_Submit Your Application")): Object: 'Object Repository/mobileSanity/HBI/Page_App Page 3/a_Submit Your Application' is clicked on

2020-03-24 08:20:29 - [MESSAGE][PASSED] - Object: 'Object Repository/mobileSanity/HBI/Page_App Page 3/a_Submit Your Application' is clicked on

2020-03-24 08:20:29 - [TEST_STEP][PASSED] - waitForElementPresent(findTestObject("mobileSanity/Common/app-confirmation"), 20): Object 'Object Repository/mobileSanity/Common/app-confirmation' is not present after 20 second(s)

2020-03-24 08:20:52 - [MESSAGE][INFO] - Unable to find the element located by 'By.xpath: //*[@id = 'app-confirmation']'. Please recheck the objects properties to make sure the desired element is located. 

2020-03-24 08:20:52 - [MESSAGE][WARNING] - Object 'Object Repository/mobileSanity/Common/app-confirmation' is not present after 20 second(s)

2020-03-24 08:20:52 - [TEST_STEP][PASSED] - callTestCase(findTestCase("AHI/_include/get_screenshot"), [:], STOP_ON_FAILURE): Call Test Case 'Test Cases/AHI/_include/get_screenshot' successfully

2020-03-24 08:20:52 - [TEST_CASE][PASSED] - Test Cases/AHI/_include/get_screenshot: Test Cases/AHI/_include/get_screenshot

2020-03-24 08:20:52 - [TEST_STEP][PASSED] - Thread.sleep(1000): null

2020-03-24 08:20:53 - [TEST_STEP][PASSED] - takeScreenshot(screenPath + i + ".png"): Taking screenshot successfully

2020-03-24 08:20:53 - [MESSAGE][PASSED] - Taking screenshot successfully
[[ATTACHMENT|D:\\Test\\AgileTest\\Reports\\PrivateLabel\\PremierSMI\\20200324_080037\\../Screenshots/iPhone 6/PremierSMI/Legion/20200324_081849/9.png]]

2020-03-24 08:20:53 - [TEST_STEP][PASSED] - (internal.GlobalVariable.i++): null

2020-03-24 08:20:53 - [MESSAGE][PASSED] - Call Test Case 'Test Cases/AHI/_include/get_screenshot' successfully

2020-03-24 08:20:53 - [MESSAGE][PASSED] - Call Test Case 'Test Cases/AHI/_include/goToEnd_hbi' successfully]]></system-out>
         <system-err><![CDATA[]]></system-err>
      </testcase>
      <system-out><![CDATA[2020-03-24 08:12:06 - [TEST_SUITE][PASSED] - PremierSMI: Test Cases/PL Site/PremierSMI/Legion]]></system-out>
      <system-err><![CDATA[]]></system-err>
   </testsuite>
</testsuites>
