<?xml version="1.0" encoding="UTF-8" standalone="yes"?>
<testsuites name="stm" time="731" tests="5" failures="2" errors="0">
    <testsuite name="stm" tests="5" failures="2" errors="0" time="731" timestamp="2019-08-05 13:14:03" hostname="sofee.yu - windows10.microdone.cn" id="Test Suites/mobileWeb/stm">
        <properties>
            <property name="deviceName" value=""/>
            <property name="devicePlatform" value=""/>
            <property name="logFolder" value="D:\\Test\\AgileTest\\AgileTest\\Reports\\mobileWeb\\stm\\20190805_131400"/>
            <property name="logFiles" value="D:\\Test\\AgileTest\\AgileTest\\Reports\\mobileWeb\\stm\\20190805_131400\\execution0.log"/>
            <property name="attachments" value="D:\\Test\\AgileTest\\AgileTest\\Reports\\mobileWeb\\stm\\20190805_131400\\../Screenshots/iPhone X/stm/Salico/20190805_131405/0.png, D:\\Test\\AgileTest\\AgileTest\\Reports\\mobileWeb\\stm\\20190805_131400\\../Screenshots/iPhone X/stm/Salico/20190805_131405/1.png, D:\\Test\\AgileTest\\AgileTest\\Reports\\mobileWeb\\stm\\20190805_131400\\../Screenshots/iPhone X/stm/Salico/20190805_131405/2.png, D:\\Test\\AgileTest\\AgileTest\\Reports\\mobileWeb\\stm\\20190805_131400\\../Screenshots/iPhone X/stm/Salico/20190805_131405/3.png, D:\\Test\\AgileTest\\AgileTest\\Reports\\mobileWeb\\stm\\20190805_131400\\../Screenshots/iPhone X/stm/Salico/20190805_131405/4.png, D:\\Test\\AgileTest\\AgileTest\\Reports\\mobileWeb\\stm\\20190805_131400\\../Screenshots/iPhone X/stm/Salico/20190805_131405/5.png, D:\\Test\\AgileTest\\AgileTest\\Reports\\mobileWeb\\stm\\20190805_131400\\../Screenshots/iPhone X/stm/Salico/20190805_131405/6.png, D:\\Test\\AgileTest\\AgileTest\\Reports\\mobileWeb\\stm\\20190805_131400\\1564982108140.png, D:\\Test\\AgileTest\\AgileTest\\Reports\\mobileWeb\\stm\\20190805_131400\\../Screenshots/iPhone X/stm/Salico/20190805_131405/7.png, D:\\Test\\AgileTest\\AgileTest\\Reports\\mobileWeb\\stm\\20190805_131400\\../Screenshots/iPhone X/stm/Salico/20190805_131405/8.png, D:\\Test\\AgileTest\\AgileTest\\Reports\\mobileWeb\\stm\\20190805_131400\\../Screenshots/iPhone X/stm/Salico/20190805_131405/9.png, D:\\Test\\AgileTest\\AgileTest\\Reports\\mobileWeb\\stm\\20190805_131400\\../Screenshots/iPhone X/stm/Salico/20190805_131405/10.png, D:\\Test\\AgileTest\\AgileTest\\Reports\\mobileWeb\\stm\\20190805_131400\\../Screenshots/iPhone X/stm/AdvantHealth/20190805_131558/0.png, D:\\Test\\AgileTest\\AgileTest\\Reports\\mobileWeb\\stm\\20190805_131400\\../Screenshots/iPhone X/stm/AdvantHealth/20190805_131558/1.png, D:\\Test\\AgileTest\\AgileTest\\Reports\\mobileWeb\\stm\\20190805_131400\\../Screenshots/iPhone X/stm/AdvantHealth/20190805_131558/2.png, D:\\Test\\AgileTest\\AgileTest\\Reports\\mobileWeb\\stm\\20190805_131400\\../Screenshots/iPhone X/stm/AdvantHealth/20190805_131558/3.png, D:\\Test\\AgileTest\\AgileTest\\Reports\\mobileWeb\\stm\\20190805_131400\\../Screenshots/iPhone X/stm/AdvantHealth/20190805_131558/4.png, D:\\Test\\AgileTest\\AgileTest\\Reports\\mobileWeb\\stm\\20190805_131400\\../Screenshots/iPhone X/stm/AdvantHealth/20190805_131558/5.png, D:\\Test\\AgileTest\\AgileTest\\Reports\\mobileWeb\\stm\\20190805_131400\\../Screenshots/iPhone X/stm/AdvantHealth/20190805_131558/6.png, D:\\Test\\AgileTest\\AgileTest\\Reports\\mobileWeb\\stm\\20190805_131400\\../Screenshots/iPhone X/stm/AdvantHealth/20190805_131558/7.png, D:\\Test\\AgileTest\\AgileTest\\Reports\\mobileWeb\\stm\\20190805_131400\\../Screenshots/iPhone X/stm/AdvantHealth/20190805_131558/8.png, D:\\Test\\AgileTest\\AgileTest\\Reports\\mobileWeb\\stm\\20190805_131400\\1564982249328.png, D:\\Test\\AgileTest\\AgileTest\\Reports\\mobileWeb\\stm\\20190805_131400\\../Screenshots/iPhone X/stm/Companion/20190805_131730/0.png, D:\\Test\\AgileTest\\AgileTest\\Reports\\mobileWeb\\stm\\20190805_131400\\../Screenshots/iPhone X/stm/Companion/20190805_131730/1.png, D:\\Test\\AgileTest\\AgileTest\\Reports\\mobileWeb\\stm\\20190805_131400\\../Screenshots/iPhone X/stm/Companion/20190805_131730/2.png, D:\\Test\\AgileTest\\AgileTest\\Reports\\mobileWeb\\stm\\20190805_131400\\../Screenshots/iPhone X/stm/Companion/20190805_131730/3.png, D:\\Test\\AgileTest\\AgileTest\\Reports\\mobileWeb\\stm\\20190805_131400\\../Screenshots/iPhone X/stm/Companion/20190805_131730/4.png, D:\\Test\\AgileTest\\AgileTest\\Reports\\mobileWeb\\stm\\20190805_131400\\../Screenshots/iPhone X/stm/Companion/20190805_131730/5.png, D:\\Test\\AgileTest\\AgileTest\\Reports\\mobileWeb\\stm\\20190805_131400\\../Screenshots/iPhone X/stm/Companion/20190805_131730/6.png, D:\\Test\\AgileTest\\AgileTest\\Reports\\mobileWeb\\stm\\20190805_131400\\1564982304181.png, D:\\Test\\AgileTest\\AgileTest\\Reports\\mobileWeb\\stm\\20190805_131400\\../Screenshots/iPhone X/stm/Companion/20190805_131730/7.png, D:\\Test\\AgileTest\\AgileTest\\Reports\\mobileWeb\\stm\\20190805_131400\\../Screenshots/iPhone X/stm/Companion/20190805_131730/8.png, D:\\Test\\AgileTest\\AgileTest\\Reports\\mobileWeb\\stm\\20190805_131400\\../Screenshots/iPhone X/stm/Companion/20190805_131730/9.png, D:\\Test\\AgileTest\\AgileTest\\Reports\\mobileWeb\\stm\\20190805_131400\\../Screenshots/iPhone X/stm/Companion/20190805_131730/10.png, D:\\Test\\AgileTest\\AgileTest\\Reports\\mobileWeb\\stm\\20190805_131400\\../Screenshots/iPhone X/stm/Everest/20190805_131923/0.png, D:\\Test\\AgileTest\\AgileTest\\Reports\\mobileWeb\\stm\\20190805_131400\\../Screenshots/iPhone X/stm/Everest/20190805_131923/1.png, D:\\Test\\AgileTest\\AgileTest\\Reports\\mobileWeb\\stm\\20190805_131400\\../Screenshots/iPhone X/stm/Everest/20190805_131923/2.png, D:\\Test\\AgileTest\\AgileTest\\Reports\\mobileWeb\\stm\\20190805_131400\\../Screenshots/iPhone X/stm/Everest/20190805_131923/3.png, D:\\Test\\AgileTest\\AgileTest\\Reports\\mobileWeb\\stm\\20190805_131400\\../Screenshots/iPhone X/stm/Everest/20190805_131923/4.png, D:\\Test\\AgileTest\\AgileTest\\Reports\\mobileWeb\\stm\\20190805_131400\\../Screenshots/iPhone X/stm/Everest/20190805_131923/5.png, D:\\Test\\AgileTest\\AgileTest\\Reports\\mobileWeb\\stm\\20190805_131400\\../Screenshots/iPhone X/stm/Everest/20190805_131923/6.png, D:\\Test\\AgileTest\\AgileTest\\Reports\\mobileWeb\\stm\\20190805_131400\\1564982416690.png, D:\\Test\\AgileTest\\AgileTest\\Reports\\mobileWeb\\stm\\20190805_131400\\../Screenshots/iPhone X/stm/Everest/20190805_131923/7.png, D:\\Test\\AgileTest\\AgileTest\\Reports\\mobileWeb\\stm\\20190805_131400\\../Screenshots/iPhone X/stm/Everest/20190805_131923/8.png, D:\\Test\\AgileTest\\AgileTest\\Reports\\mobileWeb\\stm\\20190805_131400\\../Screenshots/iPhone X/stm/Everest/20190805_131923/9.png, D:\\Test\\AgileTest\\AgileTest\\Reports\\mobileWeb\\stm\\20190805_131400\\../Screenshots/iPhone X/stm/Everest/20190805_131923/10.png, D:\\Test\\AgileTest\\AgileTest\\Reports\\mobileWeb\\stm\\20190805_131400\\../Screenshots/iPhone X/stm/Everest Prime/20190805_132105/0.png, D:\\Test\\AgileTest\\AgileTest\\Reports\\mobileWeb\\stm\\20190805_131400\\../Screenshots/iPhone X/stm/Everest Prime/20190805_132105/1.png, D:\\Test\\AgileTest\\AgileTest\\Reports\\mobileWeb\\stm\\20190805_131400\\../Screenshots/iPhone X/stm/Everest Prime/20190805_132105/2.png, D:\\Test\\AgileTest\\AgileTest\\Reports\\mobileWeb\\stm\\20190805_131400\\../Screenshots/iPhone X/stm/Everest Prime/20190805_132105/3.png, D:\\Test\\AgileTest\\AgileTest\\Reports\\mobileWeb\\stm\\20190805_131400\\../Screenshots/iPhone X/stm/Everest Prime/20190805_132105/4.png, D:\\Test\\AgileTest\\AgileTest\\Reports\\mobileWeb\\stm\\20190805_131400\\../Screenshots/iPhone X/stm/Everest Prime/20190805_132105/5.png, D:\\Test\\AgileTest\\AgileTest\\Reports\\mobileWeb\\stm\\20190805_131400\\../Screenshots/iPhone X/stm/Everest Prime/20190805_132105/6.png, D:\\Test\\AgileTest\\AgileTest\\Reports\\mobileWeb\\stm\\20190805_131400\\1564982521244.png, D:\\Test\\AgileTest\\AgileTest\\Reports\\mobileWeb\\stm\\20190805_131400\\../Screenshots/iPhone X/stm/Everest Prime/20190805_132105/7.png, D:\\Test\\AgileTest\\AgileTest\\Reports\\mobileWeb\\stm\\20190805_131400\\../Screenshots/iPhone X/stm/Everest Prime/20190805_132105/8.png, D:\\Test\\AgileTest\\AgileTest\\Reports\\mobileWeb\\stm\\20190805_131400\\../Screenshots/iPhone X/stm/Everest Prime/20190805_132105/9.png, D:\\Test\\AgileTest\\AgileTest\\Reports\\mobileWeb\\stm\\20190805_131400\\../Screenshots/iPhone X/stm/Everest Prime/20190805_132105/10.png, D:\\Test\\AgileTest\\AgileTest\\Reports\\mobileWeb\\stm\\20190805_131400\\../Screenshots/iPhone X/stm/LifeShield/20190805_132251/0.png, D:\\Test\\AgileTest\\AgileTest\\Reports\\mobileWeb\\stm\\20190805_131400\\../Screenshots/iPhone X/stm/LifeShield/20190805_132251/1.png, D:\\Test\\AgileTest\\AgileTest\\Reports\\mobileWeb\\stm\\20190805_131400\\../Screenshots/iPhone X/stm/LifeShield/20190805_132251/2.png, D:\\Test\\AgileTest\\AgileTest\\Reports\\mobileWeb\\stm\\20190805_131400\\../Screenshots/iPhone X/stm/LifeShield/20190805_132251/3.png, D:\\Test\\AgileTest\\AgileTest\\Reports\\mobileWeb\\stm\\20190805_131400\\../Screenshots/iPhone X/stm/LifeShield/20190805_132251/4.png, D:\\Test\\AgileTest\\AgileTest\\Reports\\mobileWeb\\stm\\20190805_131400\\../Screenshots/iPhone X/stm/LifeShield/20190805_132251/5.png, D:\\Test\\AgileTest\\AgileTest\\Reports\\mobileWeb\\stm\\20190805_131400\\../Screenshots/iPhone X/stm/LifeShield/20190805_132251/6.png, D:\\Test\\AgileTest\\AgileTest\\Reports\\mobileWeb\\stm\\20190805_131400\\1564982623666.png, D:\\Test\\AgileTest\\AgileTest\\Reports\\mobileWeb\\stm\\20190805_131400\\../Screenshots/iPhone X/stm/LifeShield/20190805_132251/7.png, D:\\Test\\AgileTest\\AgileTest\\Reports\\mobileWeb\\stm\\20190805_131400\\../Screenshots/iPhone X/stm/LifeShield/20190805_132251/8.png, D:\\Test\\AgileTest\\AgileTest\\Reports\\mobileWeb\\stm\\20190805_131400\\../Screenshots/iPhone X/stm/LifeShield/20190805_132251/9.png, D:\\Test\\AgileTest\\AgileTest\\Reports\\mobileWeb\\stm\\20190805_131400\\../Screenshots/iPhone X/stm/LifeShield/20190805_132251/10.png, D:\\Test\\AgileTest\\AgileTest\\Reports\\mobileWeb\\stm\\20190805_131400\\../Screenshots/iPhone X/stm/National General/20190805_132437/0.png, D:\\Test\\AgileTest\\AgileTest\\Reports\\mobileWeb\\stm\\20190805_131400\\../Screenshots/iPhone X/stm/National General/20190805_132437/1.png, D:\\Test\\AgileTest\\AgileTest\\Reports\\mobileWeb\\stm\\20190805_131400\\../Screenshots/iPhone X/stm/National General/20190805_132437/2.png, D:\\Test\\AgileTest\\AgileTest\\Reports\\mobileWeb\\stm\\20190805_131400\\../Screenshots/iPhone X/stm/National General/20190805_132437/3.png, D:\\Test\\AgileTest\\AgileTest\\Reports\\mobileWeb\\stm\\20190805_131400\\../Screenshots/iPhone X/stm/National General/20190805_132437/4.png, D:\\Test\\AgileTest\\AgileTest\\Reports\\mobileWeb\\stm\\20190805_131400\\../Screenshots/iPhone X/stm/National General/20190805_132437/5.png, D:\\Test\\AgileTest\\AgileTest\\Reports\\mobileWeb\\stm\\20190805_131400\\../Screenshots/iPhone X/stm/National General/20190805_132437/6.png, D:\\Test\\AgileTest\\AgileTest\\Reports\\mobileWeb\\stm\\20190805_131400\\../Screenshots/iPhone X/stm/National General/20190805_132437/7.png, D:\\Test\\AgileTest\\AgileTest\\Reports\\mobileWeb\\stm\\20190805_131400\\../Screenshots/iPhone X/stm/National General/20190805_132437/8.png, D:\\Test\\AgileTest\\AgileTest\\Reports\\mobileWeb\\stm\\20190805_131400\\../Screenshots/iPhone X/stm/National General/20190805_132437/9.png, D:\\Test\\AgileTest\\AgileTest\\Reports\\mobileWeb\\stm\\20190805_131400\\1564982774350.png"/>
            <property name="hostName" value="sofee.yu - windows10.microdone.cn"/>
            <property name="os" value="Windows 7 64bit"/>
            <property name="katalonVersion" value="6.2.2.4"/>
            <property name="browser" value="Safari 11"/>
            <property name="hostAddress" value="172.16.86.47"/>
            <property name="sessionId" value="b36aad9e607bef1b0742f9d79d8f7395"/>
            <property name="seleniumVersion" value="3.141.59"/>
            <property name="proxyInformation" value="ProxyInformation{proxyOption=NO_PROXY, proxyServerType=HTTP, password=, proxyServerAddress=, proxyServerPort=0}"/>
            <property name="platform" value="Windows 7"/>
        </properties>
        <testcase name="Test Cases/mobileWeb/stm/Slaico" classname="Test Cases/mobileWeb/stm/Slaico" status="PASSED">
            <system-out>2019-08-05 13:14:03 - [TEST_CASE][PASSED] - Test Cases/mobileWeb/stm/Slaico: Test Cases/mobileWeb/stm/Slaico&#xD;
&#xD;
2019-08-05 13:14:04 - [TEST_STEP][PASSED] - callTestCase(findTestCase("mobileWeb/_include/get_screenPath"), ["productLine":"stm", "carrierName":"Salico"], CONTINUE_ON_FAILURE): Call Test Case 'Test Cases/mobileWeb/_include/get_screenPath' successfully&#xD;
&#xD;
2019-08-05 13:14:04 - [TEST_CASE][PASSED] - Test Cases/mobileWeb/_include/get_screenPath: Test Cases/mobileWeb/_include/get_screenPath&#xD;
&#xD;
2019-08-05 13:14:05 - [TEST_STEP][PASSED] - m = getExecutionProperties(): null&#xD;
&#xD;
2019-08-05 13:14:05 - [TEST_STEP][PASSED] - deviceName = get("mobileEmulation").get("deviceName"): null&#xD;
&#xD;
2019-08-05 13:14:05 - [TEST_STEP][PASSED] - println(deviceName): null&#xD;
&#xD;
2019-08-05 13:14:05 - [TEST_STEP][PASSED] - now = new java.util.Date(): null&#xD;
&#xD;
2019-08-05 13:14:05 - [TEST_STEP][PASSED] - mydate = now.format("yyyyMMdd_HHmmss"): null&#xD;
&#xD;
2019-08-05 13:14:05 - [TEST_STEP][PASSED] - screenPath = "../Screenshots/": null&#xD;
&#xD;
2019-08-05 13:14:05 - [TEST_STEP][PASSED] - screenPath = screenPath + deviceName + "/" + productLine + "/" + carrierName + "/" + mydate + "/": null&#xD;
&#xD;
2019-08-05 13:14:05 - [TEST_STEP][PASSED] - println(screenPath): null&#xD;
&#xD;
2019-08-05 13:14:05 - [MESSAGE][PASSED] - Call Test Case 'Test Cases/mobileWeb/_include/get_screenPath' successfully&#xD;
&#xD;
2019-08-05 13:14:05 - [TEST_STEP][PASSED] - i = 0: null&#xD;
&#xD;
2019-08-05 13:14:05 - [TEST_STEP][PASSED] - callTestCase(findTestCase("mobileWeb/_include/openWebSite"), [:], STOP_ON_FAILURE): Call Test Case 'Test Cases/mobileWeb/_include/openWebSite' successfully&#xD;
&#xD;
2019-08-05 13:14:05 - [TEST_CASE][PASSED] - Test Cases/mobileWeb/_include/openWebSite: Test Cases/mobileWeb/_include/openWebSite&#xD;
&#xD;
2019-08-05 13:14:05 - [TEST_STEP][PASSED] - openBrowser(env): Browser is opened with url: 'https://praetemptatus.agilehealthinsurance.com'&#xD;
&#xD;
2019-08-05 13:14:06 - [MESSAGE][INFO] - Starting 'Chrome' driver&#xD;
&#xD;
2019-08-05 13:14:06 - [MESSAGE][INFO] - User set preference: ['mobileEmulation', '{deviceName=iPhone X}']&#xD;
&#xD;
2019-08-05 13:14:06 - [MESSAGE][INFO] - User set preference: ['args', '[--incognito, --aggressive-cache-discard, --no-sandbox, --window-size=375,812]']&#xD;
&#xD;
2019-08-05 13:14:06 - [MESSAGE][INFO] - Action delay is set to 0 seconds&#xD;
&#xD;
2019-08-05 13:14:14 - [MESSAGE][PASSED] - Browser is opened with url: 'https://praetemptatus.agilehealthinsurance.com'&#xD;
&#xD;
2019-08-05 13:14:14 - [TEST_STEP][PASSED] - waitForPageLoad(10): Wait for page load successfully&#xD;
&#xD;
2019-08-05 13:14:14 - [MESSAGE][PASSED] - Wait for page load successfully&#xD;
&#xD;
2019-08-05 13:14:14 - [TEST_STEP][PASSED] - callTestCase(findTestCase("mobileWeb/_include/get_screenshot"), [:], STOP_ON_FAILURE): Call Test Case 'Test Cases/mobileWeb/_include/get_screenshot' successfully&#xD;
&#xD;
2019-08-05 13:14:14 - [TEST_CASE][PASSED] - Test Cases/mobileWeb/_include/get_screenshot: Test Cases/mobileWeb/_include/get_screenshot&#xD;
&#xD;
2019-08-05 13:14:15 - [TEST_STEP][PASSED] - takeScreenshot(screenPath + i + ".png"): Taking screenshot successfully&#xD;
&#xD;
2019-08-05 13:14:17 - [MESSAGE][PASSED] - Taking screenshot successfully&#xD;
[[ATTACHMENT|D:\\Test\\AgileTest\\AgileTest\\Reports\\mobileWeb\\stm\\20190805_131400\\../Screenshots/iPhone X/stm/Salico/20190805_131405/0.png]]&#xD;
&#xD;
2019-08-05 13:14:17 - [TEST_STEP][PASSED] - (internal.GlobalVariable.i++): null&#xD;
&#xD;
2019-08-05 13:14:17 - [MESSAGE][PASSED] - Call Test Case 'Test Cases/mobileWeb/_include/get_screenshot' successfully&#xD;
&#xD;
2019-08-05 13:14:17 - [MESSAGE][PASSED] - Call Test Case 'Test Cases/mobileWeb/_include/openWebSite' successfully&#xD;
&#xD;
2019-08-05 13:14:17 - [TEST_STEP][PASSED] - callTestCase(findTestCase("mobileWeb/_include/census_stm"), ["zipcode":"60602"], STOP_ON_FAILURE): Call Test Case 'Test Cases/mobileWeb/_include/census_stm' successfully&#xD;
&#xD;
2019-08-05 13:14:17 - [TEST_CASE][PASSED] - Test Cases/mobileWeb/_include/census_stm: Test Cases/mobileWeb/_include/census_stm&#xD;
&#xD;
2019-08-05 13:14:17 - [TEST_STEP][PASSED] - waitForElementClickable(findTestObject("mobileSanity/STM/Home Page/a_Quote  Save Today"), 10): Object 'Object Repository/mobileSanity/STM/Home Page/a_Quote  Save Today' is clickable&#xD;
&#xD;
2019-08-05 13:14:18 - [MESSAGE][PASSED] - Object 'Object Repository/mobileSanity/STM/Home Page/a_Quote  Save Today' is clickable&#xD;
&#xD;
2019-08-05 13:14:18 - [TEST_STEP][PASSED] - click(findTestObject("mobileSanity/STM/Home Page/a_Quote  Save Today")): Object: 'Object Repository/mobileSanity/STM/Home Page/a_Quote  Save Today' is clicked on&#xD;
&#xD;
2019-08-05 13:14:21 - [MESSAGE][PASSED] - Object: 'Object Repository/mobileSanity/STM/Home Page/a_Quote  Save Today' is clicked on&#xD;
&#xD;
2019-08-05 13:14:21 - [TEST_STEP][PASSED] - waitForPageLoad(10): Wait for page load successfully&#xD;
&#xD;
2019-08-05 13:14:21 - [MESSAGE][PASSED] - Wait for page load successfully&#xD;
&#xD;
2019-08-05 13:14:21 - [TEST_STEP][PASSED] - callTestCase(findTestCase("mobileWeb/_include/get_screenshot"), [:], STOP_ON_FAILURE): Call Test Case 'Test Cases/mobileWeb/_include/get_screenshot' successfully&#xD;
&#xD;
2019-08-05 13:14:21 - [TEST_CASE][PASSED] - Test Cases/mobileWeb/_include/get_screenshot: Test Cases/mobileWeb/_include/get_screenshot&#xD;
&#xD;
2019-08-05 13:14:21 - [TEST_STEP][PASSED] - takeScreenshot(screenPath + i + ".png"): Taking screenshot successfully&#xD;
&#xD;
2019-08-05 13:14:22 - [MESSAGE][PASSED] - Taking screenshot successfully&#xD;
[[ATTACHMENT|D:\\Test\\AgileTest\\AgileTest\\Reports\\mobileWeb\\stm\\20190805_131400\\../Screenshots/iPhone X/stm/Salico/20190805_131405/1.png]]&#xD;
&#xD;
2019-08-05 13:14:22 - [TEST_STEP][PASSED] - (internal.GlobalVariable.i++): null&#xD;
&#xD;
2019-08-05 13:14:22 - [MESSAGE][PASSED] - Call Test Case 'Test Cases/mobileWeb/_include/get_screenshot' successfully&#xD;
&#xD;
2019-08-05 13:14:22 - [TEST_STEP][PASSED] - setText(findTestObject("mobileSanity/STM/STM Census Page/input_Location_zip-input"), zipcode): Text '60602' is set on object 'Object Repository/mobileSanity/STM/STM Census Page/input_Location_zip-input'&#xD;
&#xD;
2019-08-05 13:14:25 - [MESSAGE][PASSED] - Text '60602' is set on object 'Object Repository/mobileSanity/STM/STM Census Page/input_Location_zip-input'&#xD;
&#xD;
2019-08-05 13:14:25 - [TEST_STEP][PASSED] - Thread.sleep(500): null&#xD;
&#xD;
2019-08-05 13:14:26 - [TEST_STEP][PASSED] - setText(findTestObject("mobileSanity/STM/STM Census Page/input_Date of Birth_dob-0"), "03031987"): Text '03031987' is set on object 'Object Repository/mobileSanity/STM/STM Census Page/input_Date of Birth_dob-0'&#xD;
&#xD;
2019-08-05 13:14:26 - [MESSAGE][PASSED] - Text '03031987' is set on object 'Object Repository/mobileSanity/STM/STM Census Page/input_Date of Birth_dob-0'&#xD;
&#xD;
2019-08-05 13:14:26 - [TEST_STEP][PASSED] - click(findTestObject("mobileSanity/STM/STM Census Page/label_Male")): Object: 'Object Repository/mobileSanity/STM/STM Census Page/label_Male' is clicked on&#xD;
&#xD;
2019-08-05 13:14:26 - [MESSAGE][PASSED] - Object: 'Object Repository/mobileSanity/STM/STM Census Page/label_Male' is clicked on&#xD;
&#xD;
2019-08-05 13:14:26 - [TEST_STEP][PASSED] - click(findTestObject("mobileSanity/STM/STM Census Page/label_Compare Plans")): Object: 'Object Repository/mobileSanity/STM/STM Census Page/label_Compare Plans' is clicked on&#xD;
&#xD;
2019-08-05 13:14:26 - [MESSAGE][PASSED] - Object: 'Object Repository/mobileSanity/STM/STM Census Page/label_Compare Plans' is clicked on&#xD;
&#xD;
2019-08-05 13:14:26 - [TEST_STEP][PASSED] - waitForElementVisible(findTestObject("mobileSanity/STM/STM Quote Page/button_sort"), 20): Object 'Object Repository/mobileSanity/STM/STM Quote Page/button_sort' is visible&#xD;
&#xD;
2019-08-05 13:14:33 - [MESSAGE][PASSED] - Object 'Object Repository/mobileSanity/STM/STM Quote Page/button_sort' is visible&#xD;
&#xD;
2019-08-05 13:14:33 - [TEST_STEP][PASSED] - Thread.sleep(3000): null&#xD;
&#xD;
2019-08-05 13:14:36 - [TEST_STEP][PASSED] - callTestCase(findTestCase("mobileWeb/_include/get_screenshot"), [:], STOP_ON_FAILURE): Call Test Case 'Test Cases/mobileWeb/_include/get_screenshot' successfully&#xD;
&#xD;
2019-08-05 13:14:36 - [TEST_CASE][PASSED] - Test Cases/mobileWeb/_include/get_screenshot: Test Cases/mobileWeb/_include/get_screenshot&#xD;
&#xD;
2019-08-05 13:14:36 - [TEST_STEP][PASSED] - takeScreenshot(screenPath + i + ".png"): Taking screenshot successfully&#xD;
&#xD;
2019-08-05 13:14:37 - [MESSAGE][PASSED] - Taking screenshot successfully&#xD;
[[ATTACHMENT|D:\\Test\\AgileTest\\AgileTest\\Reports\\mobileWeb\\stm\\20190805_131400\\../Screenshots/iPhone X/stm/Salico/20190805_131405/2.png]]&#xD;
&#xD;
2019-08-05 13:14:37 - [TEST_STEP][PASSED] - (internal.GlobalVariable.i++): null&#xD;
&#xD;
2019-08-05 13:14:37 - [MESSAGE][PASSED] - Call Test Case 'Test Cases/mobileWeb/_include/get_screenshot' successfully&#xD;
&#xD;
2019-08-05 13:14:37 - [TEST_STEP][PASSED] - Thread.sleep(1000): null&#xD;
&#xD;
2019-08-05 13:14:38 - [MESSAGE][PASSED] - Call Test Case 'Test Cases/mobileWeb/_include/census_stm' successfully&#xD;
&#xD;
2019-08-05 13:14:38 - [TEST_STEP][PASSED] - callTestCase(findTestCase("mobileWeb/_include/filter_stm"), ["carrier":"slaico"], STOP_ON_FAILURE): Call Test Case 'Test Cases/mobileWeb/_include/filter_stm' successfully&#xD;
&#xD;
2019-08-05 13:14:38 - [TEST_CASE][PASSED] - Test Cases/mobileWeb/_include/filter_stm: Test Cases/mobileWeb/_include/filter_stm&#xD;
&#xD;
2019-08-05 13:14:39 - [TEST_STEP][PASSED] - driver = getWebDriver(): null&#xD;
&#xD;
2019-08-05 13:14:39 - [TEST_STEP][PASSED] - selenium = new com.thoughtworks.selenium.webdriven.WebDriverBackedSelenium(driver, internal.GlobalVariable.ENV): null&#xD;
&#xD;
2019-08-05 13:14:39 - [TEST_STEP][PASSED] - Thread.sleep(1000): null&#xD;
&#xD;
2019-08-05 13:14:40 - [TEST_STEP][PASSED] - click(findTestObject("mobileSanity/STM/STM Quote Page/button_filters")): Object: 'Object Repository/mobileSanity/STM/STM Quote Page/button_filters' is clicked on&#xD;
&#xD;
2019-08-05 13:14:40 - [MESSAGE][PASSED] - Object: 'Object Repository/mobileSanity/STM/STM Quote Page/button_filters' is clicked on&#xD;
&#xD;
2019-08-05 13:14:40 - [TEST_STEP][PASSED] - Thread.sleep(1000): null&#xD;
&#xD;
2019-08-05 13:14:41 - [TEST_STEP][PASSED] - click(findTestObject("mobileSanity/STM/STM Quote Page/i_Insurance company")): Object: 'Object Repository/mobileSanity/STM/STM Quote Page/i_Insurance company' is clicked on&#xD;
&#xD;
2019-08-05 13:14:41 - [MESSAGE][PASSED] - Object: 'Object Repository/mobileSanity/STM/STM Quote Page/i_Insurance company' is clicked on&#xD;
&#xD;
2019-08-05 13:14:41 - [TEST_STEP][PASSED] - Thread.sleep(1000): null&#xD;
&#xD;
2019-08-05 13:14:42 - [TEST_STEP][PASSED] - filter_carrier = "//input[@name='filter[carrier]' and @value='" + carrier + "']/following::label": null&#xD;
&#xD;
2019-08-05 13:14:42 - [TEST_STEP][PASSED] - println(filter_carrier): null&#xD;
&#xD;
2019-08-05 13:14:42 - [TEST_STEP][PASSED] - test.MobileKeywords.clickJS_ByXpath(filter_carrier): test.MobileKeywords.clickJS_ByXpath is PASSED&#xD;
&#xD;
2019-08-05 13:14:43 - [MESSAGE][PASSED] - Execute JavaScript 'arguments[0].click()' successfully&#xD;
&#xD;
2019-08-05 13:14:43 - [MESSAGE][PASSED] - test.MobileKeywords.clickJS_ByXpath is PASSED&#xD;
&#xD;
2019-08-05 13:14:43 - [TEST_STEP][PASSED] - Thread.sleep(1000): null&#xD;
&#xD;
2019-08-05 13:14:44 - [TEST_STEP][PASSED] - scrollToElement(findTestObject("mobileSanity/STM/STM Quote Page/a_Show Plans"), 1000): Scroll to object 'Object Repository/mobileSanity/STM/STM Quote Page/a_Show Plans' successfully&#xD;
&#xD;
2019-08-05 13:14:44 - [MESSAGE][PASSED] - Scroll to object 'Object Repository/mobileSanity/STM/STM Quote Page/a_Show Plans' successfully&#xD;
&#xD;
2019-08-05 13:14:44 - [TEST_STEP][PASSED] - click(findTestObject("mobileSanity/STM/STM Quote Page/a_Show Plans")): Object: 'Object Repository/mobileSanity/STM/STM Quote Page/a_Show Plans' is clicked on&#xD;
&#xD;
2019-08-05 13:14:44 - [MESSAGE][PASSED] - Object: 'Object Repository/mobileSanity/STM/STM Quote Page/a_Show Plans' is clicked on&#xD;
&#xD;
2019-08-05 13:14:44 - [TEST_STEP][PASSED] - waitForJQueryLoad(10, STOP_ON_FAILURE): jQuery is ready.&#xD;
&#xD;
2019-08-05 13:14:45 - [MESSAGE][PASSED] - jQuery is ready.&#xD;
&#xD;
2019-08-05 13:14:45 - [TEST_STEP][PASSED] - Thread.sleep(2000): null&#xD;
&#xD;
2019-08-05 13:14:47 - [TEST_STEP][PASSED] - callTestCase(findTestCase("mobileWeb/_include/get_screenshot"), [:], STOP_ON_FAILURE): Call Test Case 'Test Cases/mobileWeb/_include/get_screenshot' successfully&#xD;
&#xD;
2019-08-05 13:14:47 - [TEST_CASE][PASSED] - Test Cases/mobileWeb/_include/get_screenshot: Test Cases/mobileWeb/_include/get_screenshot&#xD;
&#xD;
2019-08-05 13:14:47 - [TEST_STEP][PASSED] - takeScreenshot(screenPath + i + ".png"): Taking screenshot successfully&#xD;
&#xD;
2019-08-05 13:14:47 - [MESSAGE][PASSED] - Taking screenshot successfully&#xD;
[[ATTACHMENT|D:\\Test\\AgileTest\\AgileTest\\Reports\\mobileWeb\\stm\\20190805_131400\\../Screenshots/iPhone X/stm/Salico/20190805_131405/3.png]]&#xD;
&#xD;
2019-08-05 13:14:47 - [TEST_STEP][PASSED] - (internal.GlobalVariable.i++): null&#xD;
&#xD;
2019-08-05 13:14:47 - [MESSAGE][PASSED] - Call Test Case 'Test Cases/mobileWeb/_include/get_screenshot' successfully&#xD;
&#xD;
2019-08-05 13:14:47 - [MESSAGE][PASSED] - Call Test Case 'Test Cases/mobileWeb/_include/filter_stm' successfully&#xD;
&#xD;
2019-08-05 13:14:47 - [TEST_STEP][PASSED] - callTestCase(findTestCase("mobileWeb/_include/goToDetail_stm"), ["carrier":"slaico"], STOP_ON_FAILURE): Call Test Case 'Test Cases/mobileWeb/_include/goToDetail_stm' successfully&#xD;
&#xD;
2019-08-05 13:14:48 - [TEST_CASE][PASSED] - Test Cases/mobileWeb/_include/goToDetail_stm: Test Cases/mobileWeb/_include/goToDetail_stm&#xD;
&#xD;
2019-08-05 13:14:48 - [TEST_STEP][PASSED] - driver = getWebDriver(): null&#xD;
&#xD;
2019-08-05 13:14:48 - [TEST_STEP][PASSED] - selenium = new com.thoughtworks.selenium.webdriven.WebDriverBackedSelenium(driver, internal.GlobalVariable.ENV): null&#xD;
&#xD;
2019-08-05 13:14:48 - [TEST_STEP][PASSED] - a_plan_name = "xpath=//a[contains(@href,'/term-health-insurance/plan/" + carrier + "')]": null&#xD;
&#xD;
2019-08-05 13:14:48 - [TEST_STEP][PASSED] - println(a_plan_name): null&#xD;
&#xD;
2019-08-05 13:14:48 - [TEST_STEP][PASSED] - selenium.click(a_plan_name): null&#xD;
&#xD;
2019-08-05 13:14:53 - [TEST_STEP][PASSED] - waitForPageLoad(10): Wait for page load successfully&#xD;
&#xD;
2019-08-05 13:14:53 - [MESSAGE][PASSED] - Wait for page load successfully&#xD;
&#xD;
2019-08-05 13:14:53 - [TEST_STEP][PASSED] - Thread.sleep(2000): null&#xD;
&#xD;
2019-08-05 13:14:55 - [TEST_STEP][PASSED] - callTestCase(findTestCase("mobileWeb/_include/get_screenshot"), [:], STOP_ON_FAILURE): Call Test Case 'Test Cases/mobileWeb/_include/get_screenshot' successfully&#xD;
&#xD;
2019-08-05 13:14:55 - [TEST_CASE][PASSED] - Test Cases/mobileWeb/_include/get_screenshot: Test Cases/mobileWeb/_include/get_screenshot&#xD;
&#xD;
2019-08-05 13:14:55 - [TEST_STEP][PASSED] - takeScreenshot(screenPath + i + ".png"): Taking screenshot successfully&#xD;
&#xD;
2019-08-05 13:14:56 - [MESSAGE][PASSED] - Taking screenshot successfully&#xD;
[[ATTACHMENT|D:\\Test\\AgileTest\\AgileTest\\Reports\\mobileWeb\\stm\\20190805_131400\\../Screenshots/iPhone X/stm/Salico/20190805_131405/4.png]]&#xD;
&#xD;
2019-08-05 13:14:56 - [TEST_STEP][PASSED] - (internal.GlobalVariable.i++): null&#xD;
&#xD;
2019-08-05 13:14:56 - [MESSAGE][PASSED] - Call Test Case 'Test Cases/mobileWeb/_include/get_screenshot' successfully&#xD;
&#xD;
2019-08-05 13:14:56 - [MESSAGE][PASSED] - Call Test Case 'Test Cases/mobileWeb/_include/goToDetail_stm' successfully&#xD;
&#xD;
2019-08-05 13:14:56 - [TEST_STEP][PASSED] - callTestCase(findTestCase("mobileWeb/_include/apply_stm"), [:], STOP_ON_FAILURE): Call Test Case 'Test Cases/mobileWeb/_include/apply_stm' successfully&#xD;
&#xD;
2019-08-05 13:14:56 - [TEST_CASE][PASSED] - Test Cases/mobileWeb/_include/apply_stm: Test Cases/mobileWeb/_include/apply_stm&#xD;
&#xD;
2019-08-05 13:14:56 - [TEST_STEP][PASSED] - waitForElementVisible(findTestObject("mobileSanity/STM/STM PlanDetail Page/a_Apply for This Plan"), 5): Object 'Object Repository/mobileSanity/STM/STM PlanDetail Page/a_Apply for This Plan' is visible&#xD;
&#xD;
2019-08-05 13:14:56 - [MESSAGE][PASSED] - Object 'Object Repository/mobileSanity/STM/STM PlanDetail Page/a_Apply for This Plan' is visible&#xD;
&#xD;
2019-08-05 13:14:56 - [TEST_STEP][PASSED] - click(findTestObject("mobileSanity/STM/STM PlanDetail Page/a_Apply for This Plan")): Object: 'Object Repository/mobileSanity/STM/STM PlanDetail Page/a_Apply for This Plan' is clicked on&#xD;
&#xD;
2019-08-05 13:14:58 - [MESSAGE][PASSED] - Object: 'Object Repository/mobileSanity/STM/STM PlanDetail Page/a_Apply for This Plan' is clicked on&#xD;
&#xD;
2019-08-05 13:14:58 - [TEST_STEP][PASSED] - waitForPageLoad(10): Wait for page load successfully&#xD;
&#xD;
2019-08-05 13:14:58 - [MESSAGE][PASSED] - Wait for page load successfully&#xD;
&#xD;
2019-08-05 13:14:58 - [TEST_STEP][PASSED] - Thread.sleep(2000): null&#xD;
&#xD;
2019-08-05 13:15:00 - [TEST_STEP][PASSED] - callTestCase(findTestCase("mobileWeb/_include/get_screenshot"), [:], STOP_ON_FAILURE): Call Test Case 'Test Cases/mobileWeb/_include/get_screenshot' successfully&#xD;
&#xD;
2019-08-05 13:15:00 - [TEST_CASE][PASSED] - Test Cases/mobileWeb/_include/get_screenshot: Test Cases/mobileWeb/_include/get_screenshot&#xD;
&#xD;
2019-08-05 13:15:00 - [TEST_STEP][PASSED] - takeScreenshot(screenPath + i + ".png"): Taking screenshot successfully&#xD;
&#xD;
2019-08-05 13:15:01 - [MESSAGE][PASSED] - Taking screenshot successfully&#xD;
[[ATTACHMENT|D:\\Test\\AgileTest\\AgileTest\\Reports\\mobileWeb\\stm\\20190805_131400\\../Screenshots/iPhone X/stm/Salico/20190805_131405/5.png]]&#xD;
&#xD;
2019-08-05 13:15:01 - [TEST_STEP][PASSED] - (internal.GlobalVariable.i++): null&#xD;
&#xD;
2019-08-05 13:15:01 - [MESSAGE][PASSED] - Call Test Case 'Test Cases/mobileWeb/_include/get_screenshot' successfully&#xD;
&#xD;
2019-08-05 13:15:01 - [TEST_STEP][PASSED] - waitForElementVisible(findTestObject("mobileSanity/STM/STM Apply Page/a_Start Secure Application"), 5): Object 'Object Repository/mobileSanity/STM/STM Apply Page/a_Start Secure Application' is visible&#xD;
&#xD;
2019-08-05 13:15:01 - [MESSAGE][PASSED] - Object 'Object Repository/mobileSanity/STM/STM Apply Page/a_Start Secure Application' is visible&#xD;
&#xD;
2019-08-05 13:15:01 - [TEST_STEP][PASSED] - click(findTestObject("mobileSanity/STM/STM Apply Page/a_Start Secure Application")): Object: 'Object Repository/mobileSanity/STM/STM Apply Page/a_Start Secure Application' is clicked on&#xD;
&#xD;
2019-08-05 13:15:03 - [MESSAGE][PASSED] - Object: 'Object Repository/mobileSanity/STM/STM Apply Page/a_Start Secure Application' is clicked on&#xD;
&#xD;
2019-08-05 13:15:03 - [TEST_STEP][PASSED] - waitForPageLoad(20): Wait for page load successfully&#xD;
&#xD;
2019-08-05 13:15:03 - [MESSAGE][PASSED] - Wait for page load successfully&#xD;
&#xD;
2019-08-05 13:15:03 - [TEST_STEP][PASSED] - Thread.sleep(2000): null&#xD;
&#xD;
2019-08-05 13:15:05 - [TEST_STEP][PASSED] - callTestCase(findTestCase("mobileWeb/_include/get_screenshot"), [:], STOP_ON_FAILURE): Call Test Case 'Test Cases/mobileWeb/_include/get_screenshot' successfully&#xD;
&#xD;
2019-08-05 13:15:05 - [TEST_CASE][PASSED] - Test Cases/mobileWeb/_include/get_screenshot: Test Cases/mobileWeb/_include/get_screenshot&#xD;
&#xD;
2019-08-05 13:15:05 - [TEST_STEP][PASSED] - takeScreenshot(screenPath + i + ".png"): Taking screenshot successfully&#xD;
&#xD;
2019-08-05 13:15:06 - [MESSAGE][PASSED] - Taking screenshot successfully&#xD;
[[ATTACHMENT|D:\\Test\\AgileTest\\AgileTest\\Reports\\mobileWeb\\stm\\20190805_131400\\../Screenshots/iPhone X/stm/Salico/20190805_131405/6.png]]&#xD;
&#xD;
2019-08-05 13:15:06 - [TEST_STEP][PASSED] - (internal.GlobalVariable.i++): null&#xD;
&#xD;
2019-08-05 13:15:06 - [MESSAGE][PASSED] - Call Test Case 'Test Cases/mobileWeb/_include/get_screenshot' successfully&#xD;
&#xD;
2019-08-05 13:15:06 - [MESSAGE][PASSED] - Call Test Case 'Test Cases/mobileWeb/_include/apply_stm' successfully&#xD;
&#xD;
2019-08-05 13:15:06 - [TEST_STEP][PASSED] - callTestCase(findTestCase("mobileWeb/_include/goToEnd_stm_autofill"), [:], STOP_ON_FAILURE): Call Test Case 'Test Cases/mobileWeb/_include/goToEnd_stm_autofill' successfully&#xD;
&#xD;
2019-08-05 13:15:06 - [TEST_CASE][PASSED] - Test Cases/mobileWeb/_include/goToEnd_stm_autofill: Test Cases/mobileWeb/_include/goToEnd_stm_autofill&#xD;
&#xD;
2019-08-05 13:15:07 - [TEST_STEP][PASSED] - callTestCase(findTestCase("mobileWeb/_include/name"), [:], CONTINUE_ON_FAILURE): Call Test Case 'Test Cases/mobileWeb/_include/name' successfully&#xD;
&#xD;
2019-08-05 13:15:07 - [TEST_CASE][PASSED] - Test Cases/mobileWeb/_include/name: Test Cases/mobileWeb/_include/name&#xD;
&#xD;
2019-08-05 13:15:07 - [TEST_STEP][PASSED] - driver = getWebDriver(): null&#xD;
&#xD;
2019-08-05 13:15:07 - [TEST_STEP][PASSED] - selenium = new com.thoughtworks.selenium.webdriven.WebDriverBackedSelenium(driver, internal.GlobalVariable.ENV): null&#xD;
&#xD;
2019-08-05 13:15:07 - [TEST_STEP][PASSED] - FirstName = "Test-123": null&#xD;
&#xD;
2019-08-05 13:15:07 - [TEST_STEP][PASSED] - LastName = selenium.getEval("{var x="ABCDEFGHIJKLMNOPQRSTUVWXYZabcdefghijklmnopqrstuvwxyz"; var tmp="ZZ11-"; for (i=0;i&lt;8;i++) tmp+=x.charAt(Math.ceil(51*Math.random()));tmp;}"): null&#xD;
&#xD;
2019-08-05 13:15:07 - [TEST_STEP][PASSED] - Address = selenium.getEval("{var x="ABCDEFGHIJKLMNOPQRSTUVWXYZabcdefghijklmnopqrstuvwxyz"; var tmp=""; for (i=0;i&lt;8;i++) tmp+=x.charAt(Math.ceil(51*Math.random()));tmp;}"): null&#xD;
&#xD;
2019-08-05 13:15:07 - [TEST_STEP][PASSED] - City = selenium.getEval("{var x="ABCDEFGHIJKLMNOPQRSTUVWXYZabcdefghijklmnopqrstuvwxyz"; var tmp=""; for (i=0;i&lt;8;i++) tmp+=x.charAt(Math.ceil(51*Math.random()));tmp;}"): null&#xD;
&#xD;
2019-08-05 13:15:07 - [TEST_STEP][PASSED] - tel1 = selenium.getEval("{var x="123456789"; var tmp=""; for (i=0;i&lt;3;i++) tmp+=x.charAt(Math.ceil(8*Math.random()));tmp;}"): null&#xD;
&#xD;
2019-08-05 13:15:07 - [TEST_STEP][PASSED] - tel2 = selenium.getEval("{var x="123456789"; var tmp=""; for (i=0;i&lt;3;i++) tmp+=x.charAt(Math.ceil(8*Math.random()));tmp;}"): null&#xD;
&#xD;
2019-08-05 13:15:07 - [TEST_STEP][PASSED] - tel3 = selenium.getEval("{var x="123456789"; var tmp=""; for (i=0;i&lt;4;i++) tmp+=x.charAt(Math.ceil(8*Math.random()));tmp;}"): null&#xD;
&#xD;
2019-08-05 13:15:07 - [TEST_STEP][PASSED] - Tel = selenium.getExpression(tel1 + "-" + tel2 + "-" + tel3): null&#xD;
&#xD;
2019-08-05 13:15:07 - [TEST_STEP][PASSED] - AutoEmail = selenium.getEval("{var x="ABCDEFGHIJKLMNOPQRSTUVWXYZabcdefghijklmnopqrstuvwxyz"; var tmp="test."; for (i=0;i&lt;8;i++) tmp+=x.charAt(Math.ceil(51*Math.random()));tmp+="@suryani.cn";}"): null&#xD;
&#xD;
2019-08-05 13:15:07 - [TEST_STEP][PASSED] - FirstName = FirstName: null&#xD;
&#xD;
2019-08-05 13:15:07 - [TEST_STEP][PASSED] - LastName = LastName: null&#xD;
&#xD;
2019-08-05 13:15:07 - [TEST_STEP][PASSED] - Address = Address: null&#xD;
&#xD;
2019-08-05 13:15:07 - [TEST_STEP][PASSED] - City = City: null&#xD;
&#xD;
2019-08-05 13:15:07 - [TEST_STEP][PASSED] - Tel = Tel: null&#xD;
&#xD;
2019-08-05 13:15:07 - [TEST_STEP][PASSED] - AutoEmail = AutoEmail: null&#xD;
&#xD;
2019-08-05 13:15:07 - [TEST_STEP][PASSED] - println(FirstName): null&#xD;
&#xD;
2019-08-05 13:15:07 - [TEST_STEP][PASSED] - println(LastName): null&#xD;
&#xD;
2019-08-05 13:15:07 - [TEST_STEP][PASSED] - println(Address): null&#xD;
&#xD;
2019-08-05 13:15:07 - [TEST_STEP][PASSED] - println(City): null&#xD;
&#xD;
2019-08-05 13:15:07 - [TEST_STEP][PASSED] - println(Tel): null&#xD;
&#xD;
2019-08-05 13:15:07 - [TEST_STEP][PASSED] - println(AutoEmail): null&#xD;
&#xD;
2019-08-05 13:15:07 - [MESSAGE][PASSED] - Call Test Case 'Test Cases/mobileWeb/_include/name' successfully&#xD;
&#xD;
2019-08-05 13:15:07 - [TEST_STEP][FAILED] - try: Unable to verify text 'Month Duration Acknowledgement' is present  (Root cause: com.kms.katalon.core.exception.StepFailedException: Unable to verify text 'Month Duration Acknowledgement' is present &#xD;
	at com.kms.katalon.core.webui.keyword.internal.WebUIKeywordMain.stepFailed(WebUIKeywordMain.groovy:64)&#xD;
	at com.kms.katalon.core.webui.keyword.internal.WebUIKeywordMain.runKeyword(WebUIKeywordMain.groovy:26)&#xD;
	at com.kms.katalon.core.webui.keyword.builtin.VerifyTextPresentKeyword.verifyTextPresent(VerifyTextPresentKeyword.groovy:83)&#xD;
	at com.kms.katalon.core.webui.keyword.builtin.VerifyTextPresentKeyword.execute(VerifyTextPresentKeyword.groovy:68)&#xD;
	at com.kms.katalon.core.keyword.internal.KeywordExecutor.executeKeywordForPlatform(KeywordExecutor.groovy:56)&#xD;
	at com.kms.katalon.core.webui.keyword.WebUiBuiltInKeywords.verifyTextPresent(WebUiBuiltInKeywords.groovy:1693)&#xD;
	at com.kms.katalon.core.webui.keyword.WebUiBuiltInKeywords$verifyTextPresent$9.call(Unknown Source)&#xD;
	at goToEnd_stm_autofill.run(goToEnd_stm_autofill:19)&#xD;
	at com.kms.katalon.core.main.ScriptEngine.run(ScriptEngine.java:194)&#xD;
	at com.kms.katalon.core.main.ScriptEngine.runScriptAsRawText(ScriptEngine.java:119)&#xD;
	at com.kms.katalon.core.main.TestCaseExecutor.runScript(TestCaseExecutor.java:337)&#xD;
	at com.kms.katalon.core.main.TestCaseExecutor.doExecute(TestCaseExecutor.java:328)&#xD;
	at com.kms.katalon.core.main.TestCaseExecutor.processExecutionPhase(TestCaseExecutor.java:307)&#xD;
	at com.kms.katalon.core.main.TestCaseExecutor.accessMainPhase(TestCaseExecutor.java:299)&#xD;
	at com.kms.katalon.core.main.TestCaseExecutor.execute(TestCaseExecutor.java:233)&#xD;
	at com.kms.katalon.core.main.TestCaseMain.runTestCase(TestCaseMain.java:114)&#xD;
	at com.kms.katalon.core.keyword.builtin.CallTestCaseKeyword$_callTestCase_closure1.doCall(CallTestCaseKeyword.groovy:59)&#xD;
	at com.kms.katalon.core.keyword.builtin.CallTestCaseKeyword$_callTestCase_closure1.call(CallTestCaseKeyword.groovy)&#xD;
	at com.kms.katalon.core.keyword.internal.KeywordMain.runKeyword(KeywordMain.groovy:68)&#xD;
	at com.kms.katalon.core.keyword.builtin.CallTestCaseKeyword.callTestCase(CallTestCaseKeyword.groovy:81)&#xD;
	at com.kms.katalon.core.keyword.builtin.CallTestCaseKeyword.execute(CallTestCaseKeyword.groovy:44)&#xD;
	at com.kms.katalon.core.keyword.internal.KeywordExecutor.executeKeywordForPlatform(KeywordExecutor.groovy:56)&#xD;
	at com.kms.katalon.core.keyword.BuiltinKeywords.callTestCase(BuiltinKeywords.groovy:334)&#xD;
	at Slaico.run(Slaico:32)&#xD;
	at com.kms.katalon.core.main.ScriptEngine.run(ScriptEngine.java:194)&#xD;
	at com.kms.katalon.core.main.ScriptEngine.runScriptAsRawText(ScriptEngine.java:119)&#xD;
	at com.kms.katalon.core.main.TestCaseExecutor.runScript(TestCaseExecutor.java:337)&#xD;
	at com.kms.katalon.core.main.TestCaseExecutor.doExecute(TestCaseExecutor.java:328)&#xD;
	at com.kms.katalon.core.main.TestCaseExecutor.processExecutionPhase(TestCaseExecutor.java:307)&#xD;
	at com.kms.katalon.core.main.TestCaseExecutor.accessMainPhase(TestCaseExecutor.java:299)&#xD;
	at com.kms.katalon.core.main.TestCaseExecutor.execute(TestCaseExecutor.java:233)&#xD;
	at com.kms.katalon.core.main.TestSuiteExecutor.accessTestCaseMainPhase(TestSuiteExecutor.java:133)&#xD;
	at com.kms.katalon.core.main.TestSuiteExecutor.accessTestSuiteMainPhase(TestSuiteExecutor.java:116)&#xD;
	at com.kms.katalon.core.main.TestSuiteExecutor.execute(TestSuiteExecutor.java:83)&#xD;
	at com.kms.katalon.core.main.TestCaseMain.startTestSuite(TestCaseMain.java:157)&#xD;
	at com.kms.katalon.core.main.TestCaseMain$startTestSuite$0.call(Unknown Source)&#xD;
	at TempTestSuite1564982040506.run(TempTestSuite1564982040506.groovy:35)&#xD;
Caused by: com.kms.katalon.core.exception.StepFailedException: Text 'Month Duration Acknowledgement' is not present on page &#xD;
	at com.kms.katalon.core.webui.keyword.internal.WebUIKeywordMain.stepFailed(WebUIKeywordMain.groovy:64)&#xD;
	at com.kms.katalon.core.webui.keyword.builtin.VerifyTextPresentKeyword$_verifyTextPresent_closure1.doCall(VerifyTextPresentKeyword.groovy:79)&#xD;
	at com.kms.katalon.core.webui.keyword.builtin.VerifyTextPresentKeyword$_verifyTextPresent_closure1.call(VerifyTextPresentKeyword.groovy)&#xD;
	at com.kms.katalon.core.webui.keyword.internal.WebUIKeywordMain.runKeyword(WebUIKeywordMain.groovy:20)&#xD;
	... 35 more&#xD;
)&#xD;
&#xD;
2019-08-05 13:15:07 - [TEST_STEP][FAILED] - if (verifyTextPresent("Month Duration Acknowledgement", false)): Unable to verify text 'Month Duration Acknowledgement' is present  (Root cause: com.kms.katalon.core.exception.StepFailedException: Unable to verify text 'Month Duration Acknowledgement' is present &#xD;
	at com.kms.katalon.core.webui.keyword.internal.WebUIKeywordMain.stepFailed(WebUIKeywordMain.groovy:64)&#xD;
	at com.kms.katalon.core.webui.keyword.internal.WebUIKeywordMain.runKeyword(WebUIKeywordMain.groovy:26)&#xD;
	at com.kms.katalon.core.webui.keyword.builtin.VerifyTextPresentKeyword.verifyTextPresent(VerifyTextPresentKeyword.groovy:83)&#xD;
	at com.kms.katalon.core.webui.keyword.builtin.VerifyTextPresentKeyword.execute(VerifyTextPresentKeyword.groovy:68)&#xD;
	at com.kms.katalon.core.keyword.internal.KeywordExecutor.executeKeywordForPlatform(KeywordExecutor.groovy:56)&#xD;
	at com.kms.katalon.core.webui.keyword.WebUiBuiltInKeywords.verifyTextPresent(WebUiBuiltInKeywords.groovy:1693)&#xD;
	at com.kms.katalon.core.webui.keyword.WebUiBuiltInKeywords$verifyTextPresent$9.call(Unknown Source)&#xD;
	at goToEnd_stm_autofill.run(goToEnd_stm_autofill:19)&#xD;
	at com.kms.katalon.core.main.ScriptEngine.run(ScriptEngine.java:194)&#xD;
	at com.kms.katalon.core.main.ScriptEngine.runScriptAsRawText(ScriptEngine.java:119)&#xD;
	at com.kms.katalon.core.main.TestCaseExecutor.runScript(TestCaseExecutor.java:337)&#xD;
	at com.kms.katalon.core.main.TestCaseExecutor.doExecute(TestCaseExecutor.java:328)&#xD;
	at com.kms.katalon.core.main.TestCaseExecutor.processExecutionPhase(TestCaseExecutor.java:307)&#xD;
	at com.kms.katalon.core.main.TestCaseExecutor.accessMainPhase(TestCaseExecutor.java:299)&#xD;
	at com.kms.katalon.core.main.TestCaseExecutor.execute(TestCaseExecutor.java:233)&#xD;
	at com.kms.katalon.core.main.TestCaseMain.runTestCase(TestCaseMain.java:114)&#xD;
	at com.kms.katalon.core.keyword.builtin.CallTestCaseKeyword$_callTestCase_closure1.doCall(CallTestCaseKeyword.groovy:59)&#xD;
	at com.kms.katalon.core.keyword.builtin.CallTestCaseKeyword$_callTestCase_closure1.call(CallTestCaseKeyword.groovy)&#xD;
	at com.kms.katalon.core.keyword.internal.KeywordMain.runKeyword(KeywordMain.groovy:68)&#xD;
	at com.kms.katalon.core.keyword.builtin.CallTestCaseKeyword.callTestCase(CallTestCaseKeyword.groovy:81)&#xD;
	at com.kms.katalon.core.keyword.builtin.CallTestCaseKeyword.execute(CallTestCaseKeyword.groovy:44)&#xD;
	at com.kms.katalon.core.keyword.internal.KeywordExecutor.executeKeywordForPlatform(KeywordExecutor.groovy:56)&#xD;
	at com.kms.katalon.core.keyword.BuiltinKeywords.callTestCase(BuiltinKeywords.groovy:334)&#xD;
	at Slaico.run(Slaico:32)&#xD;
	at com.kms.katalon.core.main.ScriptEngine.run(ScriptEngine.java:194)&#xD;
	at com.kms.katalon.core.main.ScriptEngine.runScriptAsRawText(ScriptEngine.java:119)&#xD;
	at com.kms.katalon.core.main.TestCaseExecutor.runScript(TestCaseExecutor.java:337)&#xD;
	at com.kms.katalon.core.main.TestCaseExecutor.doExecute(TestCaseExecutor.java:328)&#xD;
	at com.kms.katalon.core.main.TestCaseExecutor.processExecutionPhase(TestCaseExecutor.java:307)&#xD;
	at com.kms.katalon.core.main.TestCaseExecutor.accessMainPhase(TestCaseExecutor.java:299)&#xD;
	at com.kms.katalon.core.main.TestCaseExecutor.execute(TestCaseExecutor.java:233)&#xD;
	at com.kms.katalon.core.main.TestSuiteExecutor.accessTestCaseMainPhase(TestSuiteExecutor.java:133)&#xD;
	at com.kms.katalon.core.main.TestSuiteExecutor.accessTestSuiteMainPhase(TestSuiteExecutor.java:116)&#xD;
	at com.kms.katalon.core.main.TestSuiteExecutor.execute(TestSuiteExecutor.java:83)&#xD;
	at com.kms.katalon.core.main.TestCaseMain.startTestSuite(TestCaseMain.java:157)&#xD;
	at com.kms.katalon.core.main.TestCaseMain$startTestSuite$0.call(Unknown Source)&#xD;
	at TempTestSuite1564982040506.run(TempTestSuite1564982040506.groovy:35)&#xD;
Caused by: com.kms.katalon.core.exception.StepFailedException: Text 'Month Duration Acknowledgement' is not present on page &#xD;
	at com.kms.katalon.core.webui.keyword.internal.WebUIKeywordMain.stepFailed(WebUIKeywordMain.groovy:64)&#xD;
	at com.kms.katalon.core.webui.keyword.builtin.VerifyTextPresentKeyword$_verifyTextPresent_closure1.doCall(VerifyTextPresentKeyword.groovy:79)&#xD;
	at com.kms.katalon.core.webui.keyword.builtin.VerifyTextPresentKeyword$_verifyTextPresent_closure1.call(VerifyTextPresentKeyword.groovy)&#xD;
	at com.kms.katalon.core.webui.keyword.internal.WebUIKeywordMain.runKeyword(WebUIKeywordMain.groovy:20)&#xD;
	... 35 more&#xD;
)&#xD;
&#xD;
2019-08-05 13:15:07 - [MESSAGE][FAILED] - Text 'Month Duration Acknowledgement' is not present on page  (Root cause: com.kms.katalon.core.exception.StepFailedException: Text 'Month Duration Acknowledgement' is not present on page &#xD;
	at com.kms.katalon.core.webui.keyword.internal.WebUIKeywordMain.stepFailed(WebUIKeywordMain.groovy:64)&#xD;
	at com.kms.katalon.core.webui.keyword.builtin.VerifyTextPresentKeyword$_verifyTextPresent_closure1.doCall(VerifyTextPresentKeyword.groovy:79)&#xD;
	at com.kms.katalon.core.webui.keyword.builtin.VerifyTextPresentKeyword$_verifyTextPresent_closure1.call(VerifyTextPresentKeyword.groovy)&#xD;
	at com.kms.katalon.core.webui.keyword.internal.WebUIKeywordMain.runKeyword(WebUIKeywordMain.groovy:20)&#xD;
	at com.kms.katalon.core.webui.keyword.builtin.VerifyTextPresentKeyword.verifyTextPresent(VerifyTextPresentKeyword.groovy:83)&#xD;
	at com.kms.katalon.core.webui.keyword.builtin.VerifyTextPresentKeyword.execute(VerifyTextPresentKeyword.groovy:68)&#xD;
	at com.kms.katalon.core.keyword.internal.KeywordExecutor.executeKeywordForPlatform(KeywordExecutor.groovy:56)&#xD;
	at com.kms.katalon.core.webui.keyword.WebUiBuiltInKeywords.verifyTextPresent(WebUiBuiltInKeywords.groovy:1693)&#xD;
	at com.kms.katalon.core.webui.keyword.WebUiBuiltInKeywords$verifyTextPresent$9.call(Unknown Source)&#xD;
	at goToEnd_stm_autofill.run(goToEnd_stm_autofill:19)&#xD;
	at com.kms.katalon.core.main.ScriptEngine.run(ScriptEngine.java:194)&#xD;
	at com.kms.katalon.core.main.ScriptEngine.runScriptAsRawText(ScriptEngine.java:119)&#xD;
	at com.kms.katalon.core.main.TestCaseExecutor.runScript(TestCaseExecutor.java:337)&#xD;
	at com.kms.katalon.core.main.TestCaseExecutor.doExecute(TestCaseExecutor.java:328)&#xD;
	at com.kms.katalon.core.main.TestCaseExecutor.processExecutionPhase(TestCaseExecutor.java:307)&#xD;
	at com.kms.katalon.core.main.TestCaseExecutor.accessMainPhase(TestCaseExecutor.java:299)&#xD;
	at com.kms.katalon.core.main.TestCaseExecutor.execute(TestCaseExecutor.java:233)&#xD;
	at com.kms.katalon.core.main.TestCaseMain.runTestCase(TestCaseMain.java:114)&#xD;
	at com.kms.katalon.core.keyword.builtin.CallTestCaseKeyword$_callTestCase_closure1.doCall(CallTestCaseKeyword.groovy:59)&#xD;
	at com.kms.katalon.core.keyword.builtin.CallTestCaseKeyword$_callTestCase_closure1.call(CallTestCaseKeyword.groovy)&#xD;
	at com.kms.katalon.core.keyword.internal.KeywordMain.runKeyword(KeywordMain.groovy:68)&#xD;
	at com.kms.katalon.core.keyword.builtin.CallTestCaseKeyword.callTestCase(CallTestCaseKeyword.groovy:81)&#xD;
	at com.kms.katalon.core.keyword.builtin.CallTestCaseKeyword.execute(CallTestCaseKeyword.groovy:44)&#xD;
	at com.kms.katalon.core.keyword.internal.KeywordExecutor.executeKeywordForPlatform(KeywordExecutor.groovy:56)&#xD;
	at com.kms.katalon.core.keyword.BuiltinKeywords.callTestCase(BuiltinKeywords.groovy:334)&#xD;
	at Slaico.run(Slaico:32)&#xD;
	at com.kms.katalon.core.main.ScriptEngine.run(ScriptEngine.java:194)&#xD;
	at com.kms.katalon.core.main.ScriptEngine.runScriptAsRawText(ScriptEngine.java:119)&#xD;
	at com.kms.katalon.core.main.TestCaseExecutor.runScript(TestCaseExecutor.java:337)&#xD;
	at com.kms.katalon.core.main.TestCaseExecutor.doExecute(TestCaseExecutor.java:328)&#xD;
	at com.kms.katalon.core.main.TestCaseExecutor.processExecutionPhase(TestCaseExecutor.java:307)&#xD;
	at com.kms.katalon.core.main.TestCaseExecutor.accessMainPhase(TestCaseExecutor.java:299)&#xD;
	at com.kms.katalon.core.main.TestCaseExecutor.execute(TestCaseExecutor.java:233)&#xD;
	at com.kms.katalon.core.main.TestSuiteExecutor.accessTestCaseMainPhase(TestSuiteExecutor.java:133)&#xD;
	at com.kms.katalon.core.main.TestSuiteExecutor.accessTestSuiteMainPhase(TestSuiteExecutor.java:116)&#xD;
	at com.kms.katalon.core.main.TestSuiteExecutor.execute(TestSuiteExecutor.java:83)&#xD;
	at com.kms.katalon.core.main.TestCaseMain.startTestSuite(TestCaseMain.java:157)&#xD;
	at com.kms.katalon.core.main.TestCaseMain$startTestSuite$0.call(Unknown Source)&#xD;
	at TempTestSuite1564982040506.run(TempTestSuite1564982040506.groovy:35)&#xD;
)&#xD;
&#xD;
2019-08-05 13:15:08 - [MESSAGE][FAILED] - Unable to verify text 'Month Duration Acknowledgement' is present  (Root cause: com.kms.katalon.core.exception.StepFailedException: Unable to verify text 'Month Duration Acknowledgement' is present &#xD;
	at com.kms.katalon.core.webui.keyword.internal.WebUIKeywordMain.stepFailed(WebUIKeywordMain.groovy:64)&#xD;
	at com.kms.katalon.core.webui.keyword.internal.WebUIKeywordMain.runKeyword(WebUIKeywordMain.groovy:26)&#xD;
	at com.kms.katalon.core.webui.keyword.builtin.VerifyTextPresentKeyword.verifyTextPresent(VerifyTextPresentKeyword.groovy:83)&#xD;
	at com.kms.katalon.core.webui.keyword.builtin.VerifyTextPresentKeyword.execute(VerifyTextPresentKeyword.groovy:68)&#xD;
	at com.kms.katalon.core.keyword.internal.KeywordExecutor.executeKeywordForPlatform(KeywordExecutor.groovy:56)&#xD;
	at com.kms.katalon.core.webui.keyword.WebUiBuiltInKeywords.verifyTextPresent(WebUiBuiltInKeywords.groovy:1693)&#xD;
	at com.kms.katalon.core.webui.keyword.WebUiBuiltInKeywords$verifyTextPresent$9.call(Unknown Source)&#xD;
	at goToEnd_stm_autofill.run(goToEnd_stm_autofill:19)&#xD;
	at com.kms.katalon.core.main.ScriptEngine.run(ScriptEngine.java:194)&#xD;
	at com.kms.katalon.core.main.ScriptEngine.runScriptAsRawText(ScriptEngine.java:119)&#xD;
	at com.kms.katalon.core.main.TestCaseExecutor.runScript(TestCaseExecutor.java:337)&#xD;
	at com.kms.katalon.core.main.TestCaseExecutor.doExecute(TestCaseExecutor.java:328)&#xD;
	at com.kms.katalon.core.main.TestCaseExecutor.processExecutionPhase(TestCaseExecutor.java:307)&#xD;
	at com.kms.katalon.core.main.TestCaseExecutor.accessMainPhase(TestCaseExecutor.java:299)&#xD;
	at com.kms.katalon.core.main.TestCaseExecutor.execute(TestCaseExecutor.java:233)&#xD;
	at com.kms.katalon.core.main.TestCaseMain.runTestCase(TestCaseMain.java:114)&#xD;
	at com.kms.katalon.core.keyword.builtin.CallTestCaseKeyword$_callTestCase_closure1.doCall(CallTestCaseKeyword.groovy:59)&#xD;
	at com.kms.katalon.core.keyword.builtin.CallTestCaseKeyword$_callTestCase_closure1.call(CallTestCaseKeyword.groovy)&#xD;
	at com.kms.katalon.core.keyword.internal.KeywordMain.runKeyword(KeywordMain.groovy:68)&#xD;
	at com.kms.katalon.core.keyword.builtin.CallTestCaseKeyword.callTestCase(CallTestCaseKeyword.groovy:81)&#xD;
	at com.kms.katalon.core.keyword.builtin.CallTestCaseKeyword.execute(CallTestCaseKeyword.groovy:44)&#xD;
	at com.kms.katalon.core.keyword.internal.KeywordExecutor.executeKeywordForPlatform(KeywordExecutor.groovy:56)&#xD;
	at com.kms.katalon.core.keyword.BuiltinKeywords.callTestCase(BuiltinKeywords.groovy:334)&#xD;
	at Slaico.run(Slaico:32)&#xD;
	at com.kms.katalon.core.main.ScriptEngine.run(ScriptEngine.java:194)&#xD;
	at com.kms.katalon.core.main.ScriptEngine.runScriptAsRawText(ScriptEngine.java:119)&#xD;
	at com.kms.katalon.core.main.TestCaseExecutor.runScript(TestCaseExecutor.java:337)&#xD;
	at com.kms.katalon.core.main.TestCaseExecutor.doExecute(TestCaseExecutor.java:328)&#xD;
	at com.kms.katalon.core.main.TestCaseExecutor.processExecutionPhase(TestCaseExecutor.java:307)&#xD;
	at com.kms.katalon.core.main.TestCaseExecutor.accessMainPhase(TestCaseExecutor.java:299)&#xD;
	at com.kms.katalon.core.main.TestCaseExecutor.execute(TestCaseExecutor.java:233)&#xD;
	at com.kms.katalon.core.main.TestSuiteExecutor.accessTestCaseMainPhase(TestSuiteExecutor.java:133)&#xD;
	at com.kms.katalon.core.main.TestSuiteExecutor.accessTestSuiteMainPhase(TestSuiteExecutor.java:116)&#xD;
	at com.kms.katalon.core.main.TestSuiteExecutor.execute(TestSuiteExecutor.java:83)&#xD;
	at com.kms.katalon.core.main.TestCaseMain.startTestSuite(TestCaseMain.java:157)&#xD;
	at com.kms.katalon.core.main.TestCaseMain$startTestSuite$0.call(Unknown Source)&#xD;
	at TempTestSuite1564982040506.run(TempTestSuite1564982040506.groovy:35)&#xD;
Caused by: com.kms.katalon.core.exception.StepFailedException: Text 'Month Duration Acknowledgement' is not present on page &#xD;
	at com.kms.katalon.core.webui.keyword.internal.WebUIKeywordMain.stepFailed(WebUIKeywordMain.groovy:64)&#xD;
	at com.kms.katalon.core.webui.keyword.builtin.VerifyTextPresentKeyword$_verifyTextPresent_closure1.doCall(VerifyTextPresentKeyword.groovy:79)&#xD;
	at com.kms.katalon.core.webui.keyword.builtin.VerifyTextPresentKeyword$_verifyTextPresent_closure1.call(VerifyTextPresentKeyword.groovy)&#xD;
	at com.kms.katalon.core.webui.keyword.internal.WebUIKeywordMain.runKeyword(WebUIKeywordMain.groovy:20)&#xD;
	... 35 more&#xD;
)&#xD;
[[ATTACHMENT|D:\\Test\\AgileTest\\AgileTest\\Reports\\mobileWeb\\stm\\20190805_131400\\1564982108140.png]]&#xD;
&#xD;
2019-08-05 13:15:08 - [TEST_STEP][PASSED] - catch (Exception e): null&#xD;
&#xD;
2019-08-05 13:15:08 - [TEST_STEP][PASSED] - println("no consecutive"): null&#xD;
&#xD;
2019-08-05 13:15:08 - [TEST_STEP][PASSED] - waitForPageLoad(10): Wait for page load successfully&#xD;
&#xD;
2019-08-05 13:15:08 - [MESSAGE][PASSED] - Wait for page load successfully&#xD;
&#xD;
2019-08-05 13:15:08 - [TEST_STEP][PASSED] - Thread.sleep(3000): null&#xD;
&#xD;
2019-08-05 13:15:11 - [TEST_STEP][PASSED] - waitForElementVisible(findTestObject("mobileSanity/STM/Page_App Page 1/a_Autofill App Info"), 20): Object 'Object Repository/mobileSanity/STM/Page_App Page 1/a_Autofill App Info' is visible&#xD;
&#xD;
2019-08-05 13:15:11 - [MESSAGE][PASSED] - Object 'Object Repository/mobileSanity/STM/Page_App Page 1/a_Autofill App Info' is visible&#xD;
&#xD;
2019-08-05 13:15:11 - [TEST_STEP][PASSED] - click(findTestObject("mobileSanity/STM/Page_App Page 1/a_Autofill App Info")): Object: 'Object Repository/mobileSanity/STM/Page_App Page 1/a_Autofill App Info' is clicked on&#xD;
&#xD;
2019-08-05 13:15:12 - [MESSAGE][PASSED] - Object: 'Object Repository/mobileSanity/STM/Page_App Page 1/a_Autofill App Info' is clicked on&#xD;
&#xD;
2019-08-05 13:15:12 - [TEST_STEP][PASSED] - Thread.sleep(1000): null&#xD;
&#xD;
2019-08-05 13:15:13 - [TEST_STEP][PASSED] - click(findTestObject("mobileSanity/STM/Page_App Page 1/a_Autofill App Info")): Object: 'Object Repository/mobileSanity/STM/Page_App Page 1/a_Autofill App Info' is clicked on&#xD;
&#xD;
2019-08-05 13:15:13 - [MESSAGE][PASSED] - Object: 'Object Repository/mobileSanity/STM/Page_App Page 1/a_Autofill App Info' is clicked on&#xD;
&#xD;
2019-08-05 13:15:13 - [TEST_STEP][PASSED] - Thread.sleep(1000): null&#xD;
&#xD;
2019-08-05 13:15:14 - [TEST_STEP][PASSED] - waitForElementVisible(findTestObject("mobileSanity/STM/Page_App Page 1/a_Continue"), 20): Object 'Object Repository/mobileSanity/STM/Page_App Page 1/a_Continue' is visible&#xD;
&#xD;
2019-08-05 13:15:14 - [MESSAGE][PASSED] - Object 'Object Repository/mobileSanity/STM/Page_App Page 1/a_Continue' is visible&#xD;
&#xD;
2019-08-05 13:15:14 - [TEST_STEP][PASSED] - click(findTestObject("mobileSanity/STM/Page_App Page 1/a_Continue")): Object: 'Object Repository/mobileSanity/STM/Page_App Page 1/a_Continue' is clicked on&#xD;
&#xD;
2019-08-05 13:15:14 - [MESSAGE][PASSED] - Object: 'Object Repository/mobileSanity/STM/Page_App Page 1/a_Continue' is clicked on&#xD;
&#xD;
2019-08-05 13:15:14 - [TEST_STEP][PASSED] - waitForPageLoad(10): Wait for page load successfully&#xD;
&#xD;
2019-08-05 13:15:14 - [MESSAGE][PASSED] - Wait for page load successfully&#xD;
&#xD;
2019-08-05 13:15:14 - [TEST_STEP][PASSED] - Thread.sleep(2000): null&#xD;
&#xD;
2019-08-05 13:15:16 - [TEST_STEP][PASSED] - callTestCase(findTestCase("mobileWeb/_include/get_screenshot"), [:], STOP_ON_FAILURE): Call Test Case 'Test Cases/mobileWeb/_include/get_screenshot' successfully&#xD;
&#xD;
2019-08-05 13:15:16 - [TEST_CASE][PASSED] - Test Cases/mobileWeb/_include/get_screenshot: Test Cases/mobileWeb/_include/get_screenshot&#xD;
&#xD;
2019-08-05 13:15:16 - [TEST_STEP][PASSED] - takeScreenshot(screenPath + i + ".png"): Taking screenshot successfully&#xD;
&#xD;
2019-08-05 13:15:17 - [MESSAGE][PASSED] - Taking screenshot successfully&#xD;
[[ATTACHMENT|D:\\Test\\AgileTest\\AgileTest\\Reports\\mobileWeb\\stm\\20190805_131400\\../Screenshots/iPhone X/stm/Salico/20190805_131405/7.png]]&#xD;
&#xD;
2019-08-05 13:15:17 - [TEST_STEP][PASSED] - (internal.GlobalVariable.i++): null&#xD;
&#xD;
2019-08-05 13:15:17 - [MESSAGE][PASSED] - Call Test Case 'Test Cases/mobileWeb/_include/get_screenshot' successfully&#xD;
&#xD;
2019-08-05 13:15:17 - [TEST_STEP][PASSED] - click(findTestObject("mobileSanity/STM/Page_App Page 2/a_Continue to Step 3 - Payment")): Object: 'Object Repository/mobileSanity/STM/Page_App Page 2/a_Continue to Step 3 - Payment' is clicked on&#xD;
&#xD;
2019-08-05 13:15:17 - [MESSAGE][PASSED] - Object: 'Object Repository/mobileSanity/STM/Page_App Page 2/a_Continue to Step 3 - Payment' is clicked on&#xD;
&#xD;
2019-08-05 13:15:17 - [TEST_STEP][PASSED] - waitForPageLoad(10): Wait for page load successfully&#xD;
&#xD;
2019-08-05 13:15:17 - [MESSAGE][PASSED] - Wait for page load successfully&#xD;
&#xD;
2019-08-05 13:15:17 - [TEST_STEP][PASSED] - Thread.sleep(2000): null&#xD;
&#xD;
2019-08-05 13:15:19 - [TEST_STEP][PASSED] - callTestCase(findTestCase("mobileWeb/_include/get_screenshot"), [:], STOP_ON_FAILURE): Call Test Case 'Test Cases/mobileWeb/_include/get_screenshot' successfully&#xD;
&#xD;
2019-08-05 13:15:19 - [TEST_CASE][PASSED] - Test Cases/mobileWeb/_include/get_screenshot: Test Cases/mobileWeb/_include/get_screenshot&#xD;
&#xD;
2019-08-05 13:15:19 - [TEST_STEP][PASSED] - takeScreenshot(screenPath + i + ".png"): Taking screenshot successfully&#xD;
&#xD;
2019-08-05 13:15:20 - [MESSAGE][PASSED] - Taking screenshot successfully&#xD;
[[ATTACHMENT|D:\\Test\\AgileTest\\AgileTest\\Reports\\mobileWeb\\stm\\20190805_131400\\../Screenshots/iPhone X/stm/Salico/20190805_131405/8.png]]&#xD;
&#xD;
2019-08-05 13:15:20 - [TEST_STEP][PASSED] - (internal.GlobalVariable.i++): null&#xD;
&#xD;
2019-08-05 13:15:20 - [MESSAGE][PASSED] - Call Test Case 'Test Cases/mobileWeb/_include/get_screenshot' successfully&#xD;
&#xD;
2019-08-05 13:15:20 - [TEST_STEP][PASSED] - clearText(findTestObject("mobileSanity/STM/Page_App Page 3/input__credit-card-cvv")): Text of object 'Object Repository/mobileSanity/STM/Page_App Page 3/input__credit-card-cvv' is cleared&#xD;
&#xD;
2019-08-05 13:15:20 - [MESSAGE][PASSED] - Text of object 'Object Repository/mobileSanity/STM/Page_App Page 3/input__credit-card-cvv' is cleared&#xD;
&#xD;
2019-08-05 13:15:20 - [TEST_STEP][PASSED] - setText(findTestObject("mobileSanity/STM/Page_App Page 3/input__credit-card-cvv"), "123"): Text '123' is set on object 'Object Repository/mobileSanity/STM/Page_App Page 3/input__credit-card-cvv'&#xD;
&#xD;
2019-08-05 13:15:20 - [MESSAGE][PASSED] - Text '123' is set on object 'Object Repository/mobileSanity/STM/Page_App Page 3/input__credit-card-cvv'&#xD;
&#xD;
2019-08-05 13:15:20 - [TEST_STEP][PASSED] - click(findTestObject("mobileSanity/STM/Page_App Page 3/label_I Accept Authorization f")): Object: 'Object Repository/mobileSanity/STM/Page_App Page 3/label_I Accept Authorization f' is clicked on&#xD;
&#xD;
2019-08-05 13:15:20 - [MESSAGE][PASSED] - Object: 'Object Repository/mobileSanity/STM/Page_App Page 3/label_I Accept Authorization f' is clicked on&#xD;
&#xD;
2019-08-05 13:15:20 - [TEST_STEP][PASSED] - click(findTestObject("mobileSanity/STM/Page_App Page 3/a_Continue to Step 4 - Review")): Object: 'Object Repository/mobileSanity/STM/Page_App Page 3/a_Continue to Step 4 - Review' is clicked on&#xD;
&#xD;
2019-08-05 13:15:20 - [MESSAGE][PASSED] - Object: 'Object Repository/mobileSanity/STM/Page_App Page 3/a_Continue to Step 4 - Review' is clicked on&#xD;
&#xD;
2019-08-05 13:15:20 - [TEST_STEP][PASSED] - waitForPageLoad(10): Wait for page load successfully&#xD;
&#xD;
2019-08-05 13:15:20 - [MESSAGE][PASSED] - Wait for page load successfully&#xD;
&#xD;
2019-08-05 13:15:20 - [TEST_STEP][PASSED] - waitForElementClickable(findTestObject("mobileSanity/STM/Page_App Page 4/label"), 10): Object 'Object Repository/mobileSanity/STM/Page_App Page 4/label' is clickable&#xD;
&#xD;
2019-08-05 13:15:24 - [MESSAGE][PASSED] - Object 'Object Repository/mobileSanity/STM/Page_App Page 4/label' is clickable&#xD;
&#xD;
2019-08-05 13:15:24 - [TEST_STEP][PASSED] - Thread.sleep(2000): null&#xD;
&#xD;
2019-08-05 13:15:26 - [TEST_STEP][PASSED] - callTestCase(findTestCase("mobileWeb/_include/get_screenshot"), [:], STOP_ON_FAILURE): Call Test Case 'Test Cases/mobileWeb/_include/get_screenshot' successfully&#xD;
&#xD;
2019-08-05 13:15:26 - [TEST_CASE][PASSED] - Test Cases/mobileWeb/_include/get_screenshot: Test Cases/mobileWeb/_include/get_screenshot&#xD;
&#xD;
2019-08-05 13:15:26 - [TEST_STEP][PASSED] - takeScreenshot(screenPath + i + ".png"): Taking screenshot successfully&#xD;
&#xD;
2019-08-05 13:15:26 - [MESSAGE][PASSED] - Taking screenshot successfully&#xD;
[[ATTACHMENT|D:\\Test\\AgileTest\\AgileTest\\Reports\\mobileWeb\\stm\\20190805_131400\\../Screenshots/iPhone X/stm/Salico/20190805_131405/9.png]]&#xD;
&#xD;
2019-08-05 13:15:26 - [TEST_STEP][PASSED] - (internal.GlobalVariable.i++): null&#xD;
&#xD;
2019-08-05 13:15:26 - [MESSAGE][PASSED] - Call Test Case 'Test Cases/mobileWeb/_include/get_screenshot' successfully&#xD;
&#xD;
2019-08-05 13:15:26 - [TEST_STEP][PASSED] - click(findTestObject("mobileSanity/STM/Page_App Page 4/label")): Object: 'Object Repository/mobileSanity/STM/Page_App Page 4/label' is clicked on&#xD;
&#xD;
2019-08-05 13:15:27 - [MESSAGE][PASSED] - Object: 'Object Repository/mobileSanity/STM/Page_App Page 4/label' is clicked on&#xD;
&#xD;
2019-08-05 13:15:27 - [TEST_STEP][PASSED] - click(findTestObject("mobileSanity/STM/Page_App Page 4/div_CLICK TO SIGN")): Object: 'Object Repository/mobileSanity/STM/Page_App Page 4/div_CLICK TO SIGN' is clicked on&#xD;
&#xD;
2019-08-05 13:15:27 - [MESSAGE][PASSED] - Object: 'Object Repository/mobileSanity/STM/Page_App Page 4/div_CLICK TO SIGN' is clicked on&#xD;
&#xD;
2019-08-05 13:15:27 - [TEST_STEP][PASSED] - click(findTestObject("mobileSanity/STM/Page_App Page 4/a_Submit Your Application")): Object: 'Object Repository/mobileSanity/STM/Page_App Page 4/a_Submit Your Application' is clicked on&#xD;
&#xD;
2019-08-05 13:15:27 - [MESSAGE][PASSED] - Object: 'Object Repository/mobileSanity/STM/Page_App Page 4/a_Submit Your Application' is clicked on&#xD;
&#xD;
2019-08-05 13:15:27 - [TEST_STEP][PASSED] - Thread.sleep(30000): null&#xD;
&#xD;
2019-08-05 13:15:57 - [TEST_STEP][PASSED] - callTestCase(findTestCase("mobileWeb/_include/get_screenshot"), [:], STOP_ON_FAILURE): Call Test Case 'Test Cases/mobileWeb/_include/get_screenshot' successfully&#xD;
&#xD;
2019-08-05 13:15:57 - [TEST_CASE][PASSED] - Test Cases/mobileWeb/_include/get_screenshot: Test Cases/mobileWeb/_include/get_screenshot&#xD;
&#xD;
2019-08-05 13:15:57 - [TEST_STEP][PASSED] - takeScreenshot(screenPath + i + ".png"): Taking screenshot successfully&#xD;
&#xD;
2019-08-05 13:15:58 - [MESSAGE][PASSED] - Taking screenshot successfully&#xD;
[[ATTACHMENT|D:\\Test\\AgileTest\\AgileTest\\Reports\\mobileWeb\\stm\\20190805_131400\\../Screenshots/iPhone X/stm/Salico/20190805_131405/10.png]]&#xD;
&#xD;
2019-08-05 13:15:58 - [TEST_STEP][PASSED] - (internal.GlobalVariable.i++): null&#xD;
&#xD;
2019-08-05 13:15:58 - [MESSAGE][PASSED] - Call Test Case 'Test Cases/mobileWeb/_include/get_screenshot' successfully&#xD;
&#xD;
2019-08-05 13:15:58 - [TEST_STEP][PASSED] - waitForElementPresent(findTestObject("mobileSanity/STM/Page_App Page 6/span_planName"), 30): Object 'Object Repository/mobileSanity/STM/Page_App Page 6/span_planName' is present&#xD;
&#xD;
2019-08-05 13:15:58 - [MESSAGE][PASSED] - Object 'Object Repository/mobileSanity/STM/Page_App Page 6/span_planName' is present&#xD;
&#xD;
2019-08-05 13:15:58 - [TEST_STEP][PASSED] - verifyElementPresent(findTestObject("mobileSanity/STM/Page_App Page 6/span_planName"), 20): Object 'Object Repository/mobileSanity/STM/Page_App Page 6/span_planName' is present&#xD;
&#xD;
2019-08-05 13:15:58 - [MESSAGE][PASSED] - Object 'Object Repository/mobileSanity/STM/Page_App Page 6/span_planName' is present&#xD;
&#xD;
2019-08-05 13:15:58 - [TEST_STEP][PASSED] - verifyElementPresent(findTestObject("mobileSanity/STM/Page_App Page 6/span_approved"), 20): Object 'Object Repository/mobileSanity/STM/Page_App Page 6/span_approved' is present&#xD;
&#xD;
2019-08-05 13:15:58 - [MESSAGE][PASSED] - Object 'Object Repository/mobileSanity/STM/Page_App Page 6/span_approved' is present&#xD;
&#xD;
2019-08-05 13:15:58 - [MESSAGE][PASSED] - Call Test Case 'Test Cases/mobileWeb/_include/goToEnd_stm_autofill' successfully</system-out>
            <system-err></system-err>
        </testcase>
        <testcase name="Test Cases/mobileWeb/stm/AdvantHealth" classname="Test Cases/mobileWeb/stm/AdvantHealth" status="FAILED">
            <failure type="FAILED" message="Test Cases/mobileWeb/stm/AdvantHealth FAILED.&#xA;Reason:&#xA;com.kms.katalon.core.exception.StepFailedException: Call Test Case 'Test Cases/mobileWeb/_include/goToEnd_stm_autofill' failed&#xD;&#xA;&#x9;at com.kms.katalon.core.keyword.builtin.CallTestCaseKeyword$_callTestCase_closure1.doCall(CallTestCaseKeyword.groovy:63)&#xD;&#xA;&#x9;at com.kms.katalon.core.keyword.builtin.CallTestCaseKeyword$_callTestCase_closure1.call(CallTestCaseKeyword.groovy)&#xD;&#xA;&#x9;at com.kms.katalon.core.keyword.internal.KeywordMain.runKeyword(KeywordMain.groovy:68)&#xD;&#xA;&#x9;at com.kms.katalon.core.keyword.builtin.CallTestCaseKeyword.callTestCase(CallTestCaseKeyword.groovy:81)&#xD;&#xA;&#x9;at com.kms.katalon.core.keyword.builtin.CallTestCaseKeyword.execute(CallTestCaseKeyword.groovy:44)&#xD;&#xA;&#x9;at com.kms.katalon.core.keyword.internal.KeywordExecutor.executeKeywordForPlatform(KeywordExecutor.groovy:56)&#xD;&#xA;&#x9;at com.kms.katalon.core.keyword.BuiltinKeywords.callTestCase(BuiltinKeywords.groovy:334)&#xD;&#xA;&#x9;at AdvantHealth.run(AdvantHealth:35)&#xD;&#xA;&#x9;at com.kms.katalon.core.main.ScriptEngine.run(ScriptEngine.java:194)&#xD;&#xA;&#x9;at com.kms.katalon.core.main.ScriptEngine.runScriptAsRawText(ScriptEngine.java:119)&#xD;&#xA;&#x9;at com.kms.katalon.core.main.TestCaseExecutor.runScript(TestCaseExecutor.java:337)&#xD;&#xA;&#x9;at com.kms.katalon.core.main.TestCaseExecutor.doExecute(TestCaseExecutor.java:328)&#xD;&#xA;&#x9;at com.kms.katalon.core.main.TestCaseExecutor.processExecutionPhase(TestCaseExecutor.java:307)&#xD;&#xA;&#x9;at com.kms.katalon.core.main.TestCaseExecutor.accessMainPhase(TestCaseExecutor.java:299)&#xD;&#xA;&#x9;at com.kms.katalon.core.main.TestCaseExecutor.execute(TestCaseExecutor.java:233)&#xD;&#xA;&#x9;at com.kms.katalon.core.main.TestSuiteExecutor.accessTestCaseMainPhase(TestSuiteExecutor.java:133)&#xD;&#xA;&#x9;at com.kms.katalon.core.main.TestSuiteExecutor.accessTestSuiteMainPhase(TestSuiteExecutor.java:116)&#xD;&#xA;&#x9;at com.kms.katalon.core.main.TestSuiteExecutor.execute(TestSuiteExecutor.java:83)&#xD;&#xA;&#x9;at com.kms.katalon.core.main.TestCaseMain.startTestSuite(TestCaseMain.java:157)&#xD;&#xA;&#x9;at com.kms.katalon.core.main.TestCaseMain$startTestSuite$0.call(Unknown Source)&#xD;&#xA;&#x9;at TempTestSuite1564982040506.run(TempTestSuite1564982040506.groovy:35)&#xD;&#xA;Caused by: com.kms.katalon.core.exception.StepFailedException: Unable to click on object 'Object Repository/mobileSanity/STM/Page_App Page 2/a_Continue to Step 3 - Payment'&#xD;&#xA;&#x9;at com.kms.katalon.core.webui.keyword.internal.WebUIKeywordMain.stepFailed(WebUIKeywordMain.groovy:64)&#xD;&#xA;&#x9;at com.kms.katalon.core.webui.keyword.internal.WebUIKeywordMain.runKeyword(WebUIKeywordMain.groovy:26)&#xD;&#xA;&#x9;at com.kms.katalon.core.webui.keyword.builtin.ClickKeyword.click(ClickKeyword.groovy:86)&#xD;&#xA;&#x9;at com.kms.katalon.core.webui.keyword.builtin.ClickKeyword.execute(ClickKeyword.groovy:67)&#xD;&#xA;&#x9;at com.kms.katalon.core.keyword.internal.KeywordExecutor.executeKeywordForPlatform(KeywordExecutor.groovy:56)&#xD;&#xA;&#x9;at com.kms.katalon.core.webui.keyword.WebUiBuiltInKeywords.click(WebUiBuiltInKeywords.groovy:616)&#xD;&#xA;&#x9;at com.kms.katalon.core.webui.keyword.WebUiBuiltInKeywords$click$3.call(Unknown Source)&#xD;&#xA;&#x9;at goToEnd_stm_autofill.run(goToEnd_stm_autofill:61)&#xD;&#xA;&#x9;at com.kms.katalon.core.main.ScriptEngine.run(ScriptEngine.java:194)&#xD;&#xA;&#x9;at com.kms.katalon.core.main.ScriptEngine.runScriptAsRawText(ScriptEngine.java:119)&#xD;&#xA;&#x9;at com.kms.katalon.core.main.TestCaseExecutor.runScript(TestCaseExecutor.java:337)&#xD;&#xA;&#x9;at com.kms.katalon.core.main.TestCaseExecutor.doExecute(TestCaseExecutor.java:328)&#xD;&#xA;&#x9;at com.kms.katalon.core.main.TestCaseExecutor.processExecutionPhase(TestCaseExecutor.java:307)&#xD;&#xA;&#x9;at com.kms.katalon.core.main.TestCaseExecutor.accessMainPhase(TestCaseExecutor.java:299)&#xD;&#xA;&#x9;at com.kms.katalon.core.main.TestCaseExecutor.execute(TestCaseExecutor.java:233)&#xD;&#xA;&#x9;at com.kms.katalon.core.main.TestCaseMain.runTestCase(TestCaseMain.java:114)&#xD;&#xA;&#x9;at com.kms.katalon.core.keyword.builtin.CallTestCaseKeyword$_callTestCase_closure1.doCall(CallTestCaseKeyword.groovy:59)&#xD;&#xA;&#x9;... 20 more&#xD;&#xA;Caused by: com.kms.katalon.core.webui.exception.WebElementNotFoundException: Web element with id: 'Object Repository/mobileSanity/STM/Page_App Page 2/a_Continue to Step 3 - Payment' located by 'By.xpath: //a[@id = 'js-app-continue-link']' not found&#xD;&#xA;&#x9;at com.kms.katalon.core.webui.common.WebUiCommonHelper.findWebElement(WebUiCommonHelper.java:1097)&#xD;&#xA;&#x9;at com.kms.katalon.core.webui.keyword.internal.WebUIAbstractKeyword.findWebElement(WebUIAbstractKeyword.groovy:27)&#xD;&#xA;&#x9;at com.kms.katalon.core.webui.keyword.internal.WebUIAbstractKeyword.findWebElement(WebUIAbstractKeyword.groovy:26)&#xD;&#xA;&#x9;at com.kms.katalon.core.webui.keyword.builtin.ClickKeyword$_click_closure1.doCall(ClickKeyword.groovy:77)&#xD;&#xA;&#x9;at com.kms.katalon.core.webui.keyword.builtin.ClickKeyword$_click_closure1.call(ClickKeyword.groovy)&#xD;&#xA;&#x9;at com.kms.katalon.core.webui.keyword.internal.WebUIKeywordMain.runKeyword(WebUIKeywordMain.groovy:20)&#xD;&#xA;&#x9;... 35 more&#xD;&#xA;"/>
            <system-out>2019-08-05 13:15:58 - [TEST_CASE][FAILED] - Test Cases/mobileWeb/stm/AdvantHealth: Test Cases/mobileWeb/stm/AdvantHealth FAILED.
Reason:
com.kms.katalon.core.exception.StepFailedException: Call Test Case 'Test Cases/mobileWeb/_include/goToEnd_stm_autofill' failed&#xD;
	at com.kms.katalon.core.keyword.builtin.CallTestCaseKeyword$_callTestCase_closure1.doCall(CallTestCaseKeyword.groovy:63)&#xD;
	at com.kms.katalon.core.keyword.builtin.CallTestCaseKeyword$_callTestCase_closure1.call(CallTestCaseKeyword.groovy)&#xD;
	at com.kms.katalon.core.keyword.internal.KeywordMain.runKeyword(KeywordMain.groovy:68)&#xD;
	at com.kms.katalon.core.keyword.builtin.CallTestCaseKeyword.callTestCase(CallTestCaseKeyword.groovy:81)&#xD;
	at com.kms.katalon.core.keyword.builtin.CallTestCaseKeyword.execute(CallTestCaseKeyword.groovy:44)&#xD;
	at com.kms.katalon.core.keyword.internal.KeywordExecutor.executeKeywordForPlatform(KeywordExecutor.groovy:56)&#xD;
	at com.kms.katalon.core.keyword.BuiltinKeywords.callTestCase(BuiltinKeywords.groovy:334)&#xD;
	at AdvantHealth.run(AdvantHealth:35)&#xD;
	at com.kms.katalon.core.main.ScriptEngine.run(ScriptEngine.java:194)&#xD;
	at com.kms.katalon.core.main.ScriptEngine.runScriptAsRawText(ScriptEngine.java:119)&#xD;
	at com.kms.katalon.core.main.TestCaseExecutor.runScript(TestCaseExecutor.java:337)&#xD;
	at com.kms.katalon.core.main.TestCaseExecutor.doExecute(TestCaseExecutor.java:328)&#xD;
	at com.kms.katalon.core.main.TestCaseExecutor.processExecutionPhase(TestCaseExecutor.java:307)&#xD;
	at com.kms.katalon.core.main.TestCaseExecutor.accessMainPhase(TestCaseExecutor.java:299)&#xD;
	at com.kms.katalon.core.main.TestCaseExecutor.execute(TestCaseExecutor.java:233)&#xD;
	at com.kms.katalon.core.main.TestSuiteExecutor.accessTestCaseMainPhase(TestSuiteExecutor.java:133)&#xD;
	at com.kms.katalon.core.main.TestSuiteExecutor.accessTestSuiteMainPhase(TestSuiteExecutor.java:116)&#xD;
	at com.kms.katalon.core.main.TestSuiteExecutor.execute(TestSuiteExecutor.java:83)&#xD;
	at com.kms.katalon.core.main.TestCaseMain.startTestSuite(TestCaseMain.java:157)&#xD;
	at com.kms.katalon.core.main.TestCaseMain$startTestSuite$0.call(Unknown Source)&#xD;
	at TempTestSuite1564982040506.run(TempTestSuite1564982040506.groovy:35)&#xD;
Caused by: com.kms.katalon.core.exception.StepFailedException: Unable to click on object 'Object Repository/mobileSanity/STM/Page_App Page 2/a_Continue to Step 3 - Payment'&#xD;
	at com.kms.katalon.core.webui.keyword.internal.WebUIKeywordMain.stepFailed(WebUIKeywordMain.groovy:64)&#xD;
	at com.kms.katalon.core.webui.keyword.internal.WebUIKeywordMain.runKeyword(WebUIKeywordMain.groovy:26)&#xD;
	at com.kms.katalon.core.webui.keyword.builtin.ClickKeyword.click(ClickKeyword.groovy:86)&#xD;
	at com.kms.katalon.core.webui.keyword.builtin.ClickKeyword.execute(ClickKeyword.groovy:67)&#xD;
	at com.kms.katalon.core.keyword.internal.KeywordExecutor.executeKeywordForPlatform(KeywordExecutor.groovy:56)&#xD;
	at com.kms.katalon.core.webui.keyword.WebUiBuiltInKeywords.click(WebUiBuiltInKeywords.groovy:616)&#xD;
	at com.kms.katalon.core.webui.keyword.WebUiBuiltInKeywords$click$3.call(Unknown Source)&#xD;
	at goToEnd_stm_autofill.run(goToEnd_stm_autofill:61)&#xD;
	at com.kms.katalon.core.main.ScriptEngine.run(ScriptEngine.java:194)&#xD;
	at com.kms.katalon.core.main.ScriptEngine.runScriptAsRawText(ScriptEngine.java:119)&#xD;
	at com.kms.katalon.core.main.TestCaseExecutor.runScript(TestCaseExecutor.java:337)&#xD;
	at com.kms.katalon.core.main.TestCaseExecutor.doExecute(TestCaseExecutor.java:328)&#xD;
	at com.kms.katalon.core.main.TestCaseExecutor.processExecutionPhase(TestCaseExecutor.java:307)&#xD;
	at com.kms.katalon.core.main.TestCaseExecutor.accessMainPhase(TestCaseExecutor.java:299)&#xD;
	at com.kms.katalon.core.main.TestCaseExecutor.execute(TestCaseExecutor.java:233)&#xD;
	at com.kms.katalon.core.main.TestCaseMain.runTestCase(TestCaseMain.java:114)&#xD;
	at com.kms.katalon.core.keyword.builtin.CallTestCaseKeyword$_callTestCase_closure1.doCall(CallTestCaseKeyword.groovy:59)&#xD;
	... 20 more&#xD;
Caused by: com.kms.katalon.core.webui.exception.WebElementNotFoundException: Web element with id: 'Object Repository/mobileSanity/STM/Page_App Page 2/a_Continue to Step 3 - Payment' located by 'By.xpath: //a[@id = 'js-app-continue-link']' not found&#xD;
	at com.kms.katalon.core.webui.common.WebUiCommonHelper.findWebElement(WebUiCommonHelper.java:1097)&#xD;
	at com.kms.katalon.core.webui.keyword.internal.WebUIAbstractKeyword.findWebElement(WebUIAbstractKeyword.groovy:27)&#xD;
	at com.kms.katalon.core.webui.keyword.internal.WebUIAbstractKeyword.findWebElement(WebUIAbstractKeyword.groovy:26)&#xD;
	at com.kms.katalon.core.webui.keyword.builtin.ClickKeyword$_click_closure1.doCall(ClickKeyword.groovy:77)&#xD;
	at com.kms.katalon.core.webui.keyword.builtin.ClickKeyword$_click_closure1.call(ClickKeyword.groovy)&#xD;
	at com.kms.katalon.core.webui.keyword.internal.WebUIKeywordMain.runKeyword(WebUIKeywordMain.groovy:20)&#xD;
	... 35 more&#xD;
&#xD;
&#xD;
2019-08-05 13:15:58 - [TEST_STEP][PASSED] - callTestCase(findTestCase("mobileWeb/_include/get_screenPath"), ["productLine":"stm", "carrierName":"AdvantHealth"], CONTINUE_ON_FAILURE): Call Test Case 'Test Cases/mobileWeb/_include/get_screenPath' successfully&#xD;
&#xD;
2019-08-05 13:15:58 - [TEST_CASE][PASSED] - Test Cases/mobileWeb/_include/get_screenPath: Test Cases/mobileWeb/_include/get_screenPath&#xD;
&#xD;
2019-08-05 13:15:58 - [TEST_STEP][PASSED] - m = getExecutionProperties(): null&#xD;
&#xD;
2019-08-05 13:15:58 - [TEST_STEP][PASSED] - deviceName = get("mobileEmulation").get("deviceName"): null&#xD;
&#xD;
2019-08-05 13:15:58 - [TEST_STEP][PASSED] - println(deviceName): null&#xD;
&#xD;
2019-08-05 13:15:58 - [TEST_STEP][PASSED] - now = new java.util.Date(): null&#xD;
&#xD;
2019-08-05 13:15:58 - [TEST_STEP][PASSED] - mydate = now.format("yyyyMMdd_HHmmss"): null&#xD;
&#xD;
2019-08-05 13:15:58 - [TEST_STEP][PASSED] - screenPath = "../Screenshots/": null&#xD;
&#xD;
2019-08-05 13:15:58 - [TEST_STEP][PASSED] - screenPath = screenPath + deviceName + "/" + productLine + "/" + carrierName + "/" + mydate + "/": null&#xD;
&#xD;
2019-08-05 13:15:58 - [TEST_STEP][PASSED] - println(screenPath): null&#xD;
&#xD;
2019-08-05 13:15:58 - [MESSAGE][PASSED] - Call Test Case 'Test Cases/mobileWeb/_include/get_screenPath' successfully&#xD;
&#xD;
2019-08-05 13:15:58 - [TEST_STEP][PASSED] - i = 0: null&#xD;
&#xD;
2019-08-05 13:15:58 - [TEST_STEP][PASSED] - callTestCase(findTestCase("mobileWeb/_include/openWebSite"), [:], CONTINUE_ON_FAILURE): Call Test Case 'Test Cases/mobileWeb/_include/openWebSite' successfully&#xD;
&#xD;
2019-08-05 13:15:58 - [TEST_CASE][PASSED] - Test Cases/mobileWeb/_include/openWebSite: Test Cases/mobileWeb/_include/openWebSite&#xD;
&#xD;
2019-08-05 13:15:58 - [TEST_STEP][PASSED] - openBrowser(env): Browser is opened with url: 'https://praetemptatus.agilehealthinsurance.com'&#xD;
&#xD;
2019-08-05 13:15:58 - [MESSAGE][WARNING] - A browser is already opened. Closing browser and opening a new one&#xD;
&#xD;
2019-08-05 13:15:59 - [MESSAGE][INFO] - Starting 'Chrome' driver&#xD;
&#xD;
2019-08-05 13:15:59 - [MESSAGE][INFO] - User set preference: ['mobileEmulation', '{deviceName=iPhone X}']&#xD;
&#xD;
2019-08-05 13:15:59 - [MESSAGE][INFO] - User set preference: ['args', '[--incognito, --aggressive-cache-discard, --no-sandbox, --window-size=375,812]']&#xD;
&#xD;
2019-08-05 13:16:06 - [MESSAGE][PASSED] - Browser is opened with url: 'https://praetemptatus.agilehealthinsurance.com'&#xD;
&#xD;
2019-08-05 13:16:06 - [TEST_STEP][PASSED] - waitForPageLoad(10): Wait for page load successfully&#xD;
&#xD;
2019-08-05 13:16:06 - [MESSAGE][PASSED] - Wait for page load successfully&#xD;
&#xD;
2019-08-05 13:16:06 - [TEST_STEP][PASSED] - callTestCase(findTestCase("mobileWeb/_include/get_screenshot"), [:], STOP_ON_FAILURE): Call Test Case 'Test Cases/mobileWeb/_include/get_screenshot' successfully&#xD;
&#xD;
2019-08-05 13:16:06 - [TEST_CASE][PASSED] - Test Cases/mobileWeb/_include/get_screenshot: Test Cases/mobileWeb/_include/get_screenshot&#xD;
&#xD;
2019-08-05 13:16:06 - [TEST_STEP][PASSED] - takeScreenshot(screenPath + i + ".png"): Taking screenshot successfully&#xD;
&#xD;
2019-08-05 13:16:08 - [MESSAGE][PASSED] - Taking screenshot successfully&#xD;
[[ATTACHMENT|D:\\Test\\AgileTest\\AgileTest\\Reports\\mobileWeb\\stm\\20190805_131400\\../Screenshots/iPhone X/stm/AdvantHealth/20190805_131558/0.png]]&#xD;
&#xD;
2019-08-05 13:16:08 - [TEST_STEP][PASSED] - (internal.GlobalVariable.i++): null&#xD;
&#xD;
2019-08-05 13:16:08 - [MESSAGE][PASSED] - Call Test Case 'Test Cases/mobileWeb/_include/get_screenshot' successfully&#xD;
&#xD;
2019-08-05 13:16:08 - [MESSAGE][PASSED] - Call Test Case 'Test Cases/mobileWeb/_include/openWebSite' successfully&#xD;
&#xD;
2019-08-05 13:16:08 - [TEST_STEP][PASSED] - callTestCase(findTestCase("mobileWeb/_include/census_stm"), ["zipcode":"35215"], STOP_ON_FAILURE): Call Test Case 'Test Cases/mobileWeb/_include/census_stm' successfully&#xD;
&#xD;
2019-08-05 13:16:08 - [TEST_CASE][PASSED] - Test Cases/mobileWeb/_include/census_stm: Test Cases/mobileWeb/_include/census_stm&#xD;
&#xD;
2019-08-05 13:16:08 - [TEST_STEP][PASSED] - waitForElementClickable(findTestObject("mobileSanity/STM/Home Page/a_Quote  Save Today"), 10): Object 'Object Repository/mobileSanity/STM/Home Page/a_Quote  Save Today' is clickable&#xD;
&#xD;
2019-08-05 13:16:10 - [MESSAGE][PASSED] - Object 'Object Repository/mobileSanity/STM/Home Page/a_Quote  Save Today' is clickable&#xD;
&#xD;
2019-08-05 13:16:10 - [TEST_STEP][PASSED] - click(findTestObject("mobileSanity/STM/Home Page/a_Quote  Save Today")): Object: 'Object Repository/mobileSanity/STM/Home Page/a_Quote  Save Today' is clicked on&#xD;
&#xD;
2019-08-05 13:16:11 - [MESSAGE][PASSED] - Object: 'Object Repository/mobileSanity/STM/Home Page/a_Quote  Save Today' is clicked on&#xD;
&#xD;
2019-08-05 13:16:11 - [TEST_STEP][PASSED] - waitForPageLoad(10): Wait for page load successfully&#xD;
&#xD;
2019-08-05 13:16:11 - [MESSAGE][PASSED] - Wait for page load successfully&#xD;
&#xD;
2019-08-05 13:16:11 - [TEST_STEP][PASSED] - callTestCase(findTestCase("mobileWeb/_include/get_screenshot"), [:], STOP_ON_FAILURE): Call Test Case 'Test Cases/mobileWeb/_include/get_screenshot' successfully&#xD;
&#xD;
2019-08-05 13:16:11 - [TEST_CASE][PASSED] - Test Cases/mobileWeb/_include/get_screenshot: Test Cases/mobileWeb/_include/get_screenshot&#xD;
&#xD;
2019-08-05 13:16:11 - [TEST_STEP][PASSED] - takeScreenshot(screenPath + i + ".png"): Taking screenshot successfully&#xD;
&#xD;
2019-08-05 13:16:13 - [MESSAGE][PASSED] - Taking screenshot successfully&#xD;
[[ATTACHMENT|D:\\Test\\AgileTest\\AgileTest\\Reports\\mobileWeb\\stm\\20190805_131400\\../Screenshots/iPhone X/stm/AdvantHealth/20190805_131558/1.png]]&#xD;
&#xD;
2019-08-05 13:16:13 - [TEST_STEP][PASSED] - (internal.GlobalVariable.i++): null&#xD;
&#xD;
2019-08-05 13:16:13 - [MESSAGE][PASSED] - Call Test Case 'Test Cases/mobileWeb/_include/get_screenshot' successfully&#xD;
&#xD;
2019-08-05 13:16:13 - [TEST_STEP][PASSED] - setText(findTestObject("mobileSanity/STM/STM Census Page/input_Location_zip-input"), zipcode): Text '35215' is set on object 'Object Repository/mobileSanity/STM/STM Census Page/input_Location_zip-input'&#xD;
&#xD;
2019-08-05 13:16:13 - [MESSAGE][PASSED] - Text '35215' is set on object 'Object Repository/mobileSanity/STM/STM Census Page/input_Location_zip-input'&#xD;
&#xD;
2019-08-05 13:16:13 - [TEST_STEP][PASSED] - Thread.sleep(500): null&#xD;
&#xD;
2019-08-05 13:16:13 - [TEST_STEP][PASSED] - setText(findTestObject("mobileSanity/STM/STM Census Page/input_Date of Birth_dob-0"), "03031987"): Text '03031987' is set on object 'Object Repository/mobileSanity/STM/STM Census Page/input_Date of Birth_dob-0'&#xD;
&#xD;
2019-08-05 13:16:13 - [MESSAGE][PASSED] - Text '03031987' is set on object 'Object Repository/mobileSanity/STM/STM Census Page/input_Date of Birth_dob-0'&#xD;
&#xD;
2019-08-05 13:16:13 - [TEST_STEP][PASSED] - click(findTestObject("mobileSanity/STM/STM Census Page/label_Male")): Object: 'Object Repository/mobileSanity/STM/STM Census Page/label_Male' is clicked on&#xD;
&#xD;
2019-08-05 13:16:14 - [MESSAGE][PASSED] - Object: 'Object Repository/mobileSanity/STM/STM Census Page/label_Male' is clicked on&#xD;
&#xD;
2019-08-05 13:16:14 - [TEST_STEP][PASSED] - click(findTestObject("mobileSanity/STM/STM Census Page/label_Compare Plans")): Object: 'Object Repository/mobileSanity/STM/STM Census Page/label_Compare Plans' is clicked on&#xD;
&#xD;
2019-08-05 13:16:14 - [MESSAGE][PASSED] - Object: 'Object Repository/mobileSanity/STM/STM Census Page/label_Compare Plans' is clicked on&#xD;
&#xD;
2019-08-05 13:16:14 - [TEST_STEP][PASSED] - waitForElementVisible(findTestObject("mobileSanity/STM/STM Quote Page/button_sort"), 20): Object 'Object Repository/mobileSanity/STM/STM Quote Page/button_sort' is visible&#xD;
&#xD;
2019-08-05 13:16:19 - [MESSAGE][PASSED] - Object 'Object Repository/mobileSanity/STM/STM Quote Page/button_sort' is visible&#xD;
&#xD;
2019-08-05 13:16:19 - [TEST_STEP][PASSED] - Thread.sleep(3000): null&#xD;
&#xD;
2019-08-05 13:16:22 - [TEST_STEP][PASSED] - callTestCase(findTestCase("mobileWeb/_include/get_screenshot"), [:], STOP_ON_FAILURE): Call Test Case 'Test Cases/mobileWeb/_include/get_screenshot' successfully&#xD;
&#xD;
2019-08-05 13:16:22 - [TEST_CASE][PASSED] - Test Cases/mobileWeb/_include/get_screenshot: Test Cases/mobileWeb/_include/get_screenshot&#xD;
&#xD;
2019-08-05 13:16:22 - [TEST_STEP][PASSED] - takeScreenshot(screenPath + i + ".png"): Taking screenshot successfully&#xD;
&#xD;
2019-08-05 13:16:22 - [MESSAGE][PASSED] - Taking screenshot successfully&#xD;
[[ATTACHMENT|D:\\Test\\AgileTest\\AgileTest\\Reports\\mobileWeb\\stm\\20190805_131400\\../Screenshots/iPhone X/stm/AdvantHealth/20190805_131558/2.png]]&#xD;
&#xD;
2019-08-05 13:16:22 - [TEST_STEP][PASSED] - (internal.GlobalVariable.i++): null&#xD;
&#xD;
2019-08-05 13:16:22 - [MESSAGE][PASSED] - Call Test Case 'Test Cases/mobileWeb/_include/get_screenshot' successfully&#xD;
&#xD;
2019-08-05 13:16:22 - [TEST_STEP][PASSED] - Thread.sleep(1000): null&#xD;
&#xD;
2019-08-05 13:16:23 - [MESSAGE][PASSED] - Call Test Case 'Test Cases/mobileWeb/_include/census_stm' successfully&#xD;
&#xD;
2019-08-05 13:16:23 - [TEST_STEP][PASSED] - callTestCase(findTestCase("mobileWeb/_include/filter_stm"), ["carrier":"advanthealth"], STOP_ON_FAILURE): Call Test Case 'Test Cases/mobileWeb/_include/filter_stm' successfully&#xD;
&#xD;
2019-08-05 13:16:23 - [TEST_CASE][PASSED] - Test Cases/mobileWeb/_include/filter_stm: Test Cases/mobileWeb/_include/filter_stm&#xD;
&#xD;
2019-08-05 13:16:24 - [TEST_STEP][PASSED] - driver = getWebDriver(): null&#xD;
&#xD;
2019-08-05 13:16:24 - [TEST_STEP][PASSED] - selenium = new com.thoughtworks.selenium.webdriven.WebDriverBackedSelenium(driver, internal.GlobalVariable.ENV): null&#xD;
&#xD;
2019-08-05 13:16:24 - [TEST_STEP][PASSED] - Thread.sleep(1000): null&#xD;
&#xD;
2019-08-05 13:16:25 - [TEST_STEP][PASSED] - click(findTestObject("mobileSanity/STM/STM Quote Page/button_filters")): Object: 'Object Repository/mobileSanity/STM/STM Quote Page/button_filters' is clicked on&#xD;
&#xD;
2019-08-05 13:16:25 - [MESSAGE][PASSED] - Object: 'Object Repository/mobileSanity/STM/STM Quote Page/button_filters' is clicked on&#xD;
&#xD;
2019-08-05 13:16:25 - [TEST_STEP][PASSED] - Thread.sleep(1000): null&#xD;
&#xD;
2019-08-05 13:16:26 - [TEST_STEP][PASSED] - click(findTestObject("mobileSanity/STM/STM Quote Page/i_Insurance company")): Object: 'Object Repository/mobileSanity/STM/STM Quote Page/i_Insurance company' is clicked on&#xD;
&#xD;
2019-08-05 13:16:26 - [MESSAGE][PASSED] - Object: 'Object Repository/mobileSanity/STM/STM Quote Page/i_Insurance company' is clicked on&#xD;
&#xD;
2019-08-05 13:16:26 - [TEST_STEP][PASSED] - Thread.sleep(1000): null&#xD;
&#xD;
2019-08-05 13:16:27 - [TEST_STEP][PASSED] - filter_carrier = "//input[@name='filter[carrier]' and @value='" + carrier + "']/following::label": null&#xD;
&#xD;
2019-08-05 13:16:27 - [TEST_STEP][PASSED] - println(filter_carrier): null&#xD;
&#xD;
2019-08-05 13:16:27 - [TEST_STEP][PASSED] - test.MobileKeywords.clickJS_ByXpath(filter_carrier): test.MobileKeywords.clickJS_ByXpath is PASSED&#xD;
&#xD;
2019-08-05 13:16:27 - [MESSAGE][PASSED] - Execute JavaScript 'arguments[0].click()' successfully&#xD;
&#xD;
2019-08-05 13:16:27 - [MESSAGE][PASSED] - test.MobileKeywords.clickJS_ByXpath is PASSED&#xD;
&#xD;
2019-08-05 13:16:27 - [TEST_STEP][PASSED] - Thread.sleep(1000): null&#xD;
&#xD;
2019-08-05 13:16:28 - [TEST_STEP][PASSED] - scrollToElement(findTestObject("mobileSanity/STM/STM Quote Page/a_Show Plans"), 1000): Scroll to object 'Object Repository/mobileSanity/STM/STM Quote Page/a_Show Plans' successfully&#xD;
&#xD;
2019-08-05 13:16:28 - [MESSAGE][PASSED] - Scroll to object 'Object Repository/mobileSanity/STM/STM Quote Page/a_Show Plans' successfully&#xD;
&#xD;
2019-08-05 13:16:28 - [TEST_STEP][PASSED] - click(findTestObject("mobileSanity/STM/STM Quote Page/a_Show Plans")): Object: 'Object Repository/mobileSanity/STM/STM Quote Page/a_Show Plans' is clicked on&#xD;
&#xD;
2019-08-05 13:16:29 - [MESSAGE][PASSED] - Object: 'Object Repository/mobileSanity/STM/STM Quote Page/a_Show Plans' is clicked on&#xD;
&#xD;
2019-08-05 13:16:29 - [TEST_STEP][PASSED] - waitForJQueryLoad(10, STOP_ON_FAILURE): jQuery is ready.&#xD;
&#xD;
2019-08-05 13:16:29 - [MESSAGE][PASSED] - jQuery is ready.&#xD;
&#xD;
2019-08-05 13:16:29 - [TEST_STEP][PASSED] - Thread.sleep(2000): null&#xD;
&#xD;
2019-08-05 13:16:31 - [TEST_STEP][PASSED] - callTestCase(findTestCase("mobileWeb/_include/get_screenshot"), [:], STOP_ON_FAILURE): Call Test Case 'Test Cases/mobileWeb/_include/get_screenshot' successfully&#xD;
&#xD;
2019-08-05 13:16:31 - [TEST_CASE][PASSED] - Test Cases/mobileWeb/_include/get_screenshot: Test Cases/mobileWeb/_include/get_screenshot&#xD;
&#xD;
2019-08-05 13:16:31 - [TEST_STEP][PASSED] - takeScreenshot(screenPath + i + ".png"): Taking screenshot successfully&#xD;
&#xD;
2019-08-05 13:16:32 - [MESSAGE][PASSED] - Taking screenshot successfully&#xD;
[[ATTACHMENT|D:\\Test\\AgileTest\\AgileTest\\Reports\\mobileWeb\\stm\\20190805_131400\\../Screenshots/iPhone X/stm/AdvantHealth/20190805_131558/3.png]]&#xD;
&#xD;
2019-08-05 13:16:32 - [TEST_STEP][PASSED] - (internal.GlobalVariable.i++): null&#xD;
&#xD;
2019-08-05 13:16:32 - [MESSAGE][PASSED] - Call Test Case 'Test Cases/mobileWeb/_include/get_screenshot' successfully&#xD;
&#xD;
2019-08-05 13:16:32 - [MESSAGE][PASSED] - Call Test Case 'Test Cases/mobileWeb/_include/filter_stm' successfully&#xD;
&#xD;
2019-08-05 13:16:32 - [TEST_STEP][PASSED] - callTestCase(findTestCase("mobileWeb/_include/goToDetail_stm"), ["carrier":"advanthealth"], STOP_ON_FAILURE): Call Test Case 'Test Cases/mobileWeb/_include/goToDetail_stm' successfully&#xD;
&#xD;
2019-08-05 13:16:32 - [TEST_CASE][PASSED] - Test Cases/mobileWeb/_include/goToDetail_stm: Test Cases/mobileWeb/_include/goToDetail_stm&#xD;
&#xD;
2019-08-05 13:16:32 - [TEST_STEP][PASSED] - driver = getWebDriver(): null&#xD;
&#xD;
2019-08-05 13:16:32 - [TEST_STEP][PASSED] - selenium = new com.thoughtworks.selenium.webdriven.WebDriverBackedSelenium(driver, internal.GlobalVariable.ENV): null&#xD;
&#xD;
2019-08-05 13:16:32 - [TEST_STEP][PASSED] - a_plan_name = "xpath=//a[contains(@href,'/term-health-insurance/plan/" + carrier + "')]": null&#xD;
&#xD;
2019-08-05 13:16:32 - [TEST_STEP][PASSED] - println(a_plan_name): null&#xD;
&#xD;
2019-08-05 13:16:32 - [TEST_STEP][PASSED] - selenium.click(a_plan_name): null&#xD;
&#xD;
2019-08-05 13:16:37 - [TEST_STEP][PASSED] - waitForPageLoad(10): Wait for page load successfully&#xD;
&#xD;
2019-08-05 13:16:37 - [MESSAGE][PASSED] - Wait for page load successfully&#xD;
&#xD;
2019-08-05 13:16:37 - [TEST_STEP][PASSED] - Thread.sleep(2000): null&#xD;
&#xD;
2019-08-05 13:16:39 - [TEST_STEP][PASSED] - callTestCase(findTestCase("mobileWeb/_include/get_screenshot"), [:], STOP_ON_FAILURE): Call Test Case 'Test Cases/mobileWeb/_include/get_screenshot' successfully&#xD;
&#xD;
2019-08-05 13:16:39 - [TEST_CASE][PASSED] - Test Cases/mobileWeb/_include/get_screenshot: Test Cases/mobileWeb/_include/get_screenshot&#xD;
&#xD;
2019-08-05 13:16:39 - [TEST_STEP][PASSED] - takeScreenshot(screenPath + i + ".png"): Taking screenshot successfully&#xD;
&#xD;
2019-08-05 13:16:40 - [MESSAGE][PASSED] - Taking screenshot successfully&#xD;
[[ATTACHMENT|D:\\Test\\AgileTest\\AgileTest\\Reports\\mobileWeb\\stm\\20190805_131400\\../Screenshots/iPhone X/stm/AdvantHealth/20190805_131558/4.png]]&#xD;
&#xD;
2019-08-05 13:16:40 - [TEST_STEP][PASSED] - (internal.GlobalVariable.i++): null&#xD;
&#xD;
2019-08-05 13:16:40 - [MESSAGE][PASSED] - Call Test Case 'Test Cases/mobileWeb/_include/get_screenshot' successfully&#xD;
&#xD;
2019-08-05 13:16:40 - [MESSAGE][PASSED] - Call Test Case 'Test Cases/mobileWeb/_include/goToDetail_stm' successfully&#xD;
&#xD;
2019-08-05 13:16:40 - [TEST_STEP][PASSED] - callTestCase(findTestCase("mobileWeb/_include/apply_stm"), [:], STOP_ON_FAILURE): Call Test Case 'Test Cases/mobileWeb/_include/apply_stm' successfully&#xD;
&#xD;
2019-08-05 13:16:40 - [TEST_CASE][PASSED] - Test Cases/mobileWeb/_include/apply_stm: Test Cases/mobileWeb/_include/apply_stm&#xD;
&#xD;
2019-08-05 13:16:40 - [TEST_STEP][PASSED] - waitForElementVisible(findTestObject("mobileSanity/STM/STM PlanDetail Page/a_Apply for This Plan"), 5): Object 'Object Repository/mobileSanity/STM/STM PlanDetail Page/a_Apply for This Plan' is visible&#xD;
&#xD;
2019-08-05 13:16:40 - [MESSAGE][PASSED] - Object 'Object Repository/mobileSanity/STM/STM PlanDetail Page/a_Apply for This Plan' is visible&#xD;
&#xD;
2019-08-05 13:16:40 - [TEST_STEP][PASSED] - click(findTestObject("mobileSanity/STM/STM PlanDetail Page/a_Apply for This Plan")): Object: 'Object Repository/mobileSanity/STM/STM PlanDetail Page/a_Apply for This Plan' is clicked on&#xD;
&#xD;
2019-08-05 13:16:41 - [MESSAGE][PASSED] - Object: 'Object Repository/mobileSanity/STM/STM PlanDetail Page/a_Apply for This Plan' is clicked on&#xD;
&#xD;
2019-08-05 13:16:41 - [TEST_STEP][PASSED] - waitForPageLoad(10): Wait for page load successfully&#xD;
&#xD;
2019-08-05 13:16:42 - [MESSAGE][PASSED] - Wait for page load successfully&#xD;
&#xD;
2019-08-05 13:16:42 - [TEST_STEP][PASSED] - Thread.sleep(2000): null&#xD;
&#xD;
2019-08-05 13:16:44 - [TEST_STEP][PASSED] - callTestCase(findTestCase("mobileWeb/_include/get_screenshot"), [:], STOP_ON_FAILURE): Call Test Case 'Test Cases/mobileWeb/_include/get_screenshot' successfully&#xD;
&#xD;
2019-08-05 13:16:44 - [TEST_CASE][PASSED] - Test Cases/mobileWeb/_include/get_screenshot: Test Cases/mobileWeb/_include/get_screenshot&#xD;
&#xD;
2019-08-05 13:16:44 - [TEST_STEP][PASSED] - takeScreenshot(screenPath + i + ".png"): Taking screenshot successfully&#xD;
&#xD;
2019-08-05 13:16:44 - [MESSAGE][PASSED] - Taking screenshot successfully&#xD;
[[ATTACHMENT|D:\\Test\\AgileTest\\AgileTest\\Reports\\mobileWeb\\stm\\20190805_131400\\../Screenshots/iPhone X/stm/AdvantHealth/20190805_131558/5.png]]&#xD;
&#xD;
2019-08-05 13:16:44 - [TEST_STEP][PASSED] - (internal.GlobalVariable.i++): null&#xD;
&#xD;
2019-08-05 13:16:44 - [MESSAGE][PASSED] - Call Test Case 'Test Cases/mobileWeb/_include/get_screenshot' successfully&#xD;
&#xD;
2019-08-05 13:16:44 - [TEST_STEP][PASSED] - waitForElementVisible(findTestObject("mobileSanity/STM/STM Apply Page/a_Start Secure Application"), 5): Object 'Object Repository/mobileSanity/STM/STM Apply Page/a_Start Secure Application' is visible&#xD;
&#xD;
2019-08-05 13:16:44 - [MESSAGE][PASSED] - Object 'Object Repository/mobileSanity/STM/STM Apply Page/a_Start Secure Application' is visible&#xD;
&#xD;
2019-08-05 13:16:44 - [TEST_STEP][PASSED] - click(findTestObject("mobileSanity/STM/STM Apply Page/a_Start Secure Application")): Object: 'Object Repository/mobileSanity/STM/STM Apply Page/a_Start Secure Application' is clicked on&#xD;
&#xD;
2019-08-05 13:16:46 - [MESSAGE][PASSED] - Object: 'Object Repository/mobileSanity/STM/STM Apply Page/a_Start Secure Application' is clicked on&#xD;
&#xD;
2019-08-05 13:16:46 - [TEST_STEP][PASSED] - waitForPageLoad(20): Wait for page load successfully&#xD;
&#xD;
2019-08-05 13:16:48 - [MESSAGE][PASSED] - Wait for page load successfully&#xD;
&#xD;
2019-08-05 13:16:48 - [TEST_STEP][PASSED] - Thread.sleep(2000): null&#xD;
&#xD;
2019-08-05 13:16:50 - [TEST_STEP][PASSED] - callTestCase(findTestCase("mobileWeb/_include/get_screenshot"), [:], STOP_ON_FAILURE): Call Test Case 'Test Cases/mobileWeb/_include/get_screenshot' successfully&#xD;
&#xD;
2019-08-05 13:16:50 - [TEST_CASE][PASSED] - Test Cases/mobileWeb/_include/get_screenshot: Test Cases/mobileWeb/_include/get_screenshot&#xD;
&#xD;
2019-08-05 13:16:50 - [TEST_STEP][PASSED] - takeScreenshot(screenPath + i + ".png"): Taking screenshot successfully&#xD;
&#xD;
2019-08-05 13:16:50 - [MESSAGE][PASSED] - Taking screenshot successfully&#xD;
[[ATTACHMENT|D:\\Test\\AgileTest\\AgileTest\\Reports\\mobileWeb\\stm\\20190805_131400\\../Screenshots/iPhone X/stm/AdvantHealth/20190805_131558/6.png]]&#xD;
&#xD;
2019-08-05 13:16:50 - [TEST_STEP][PASSED] - (internal.GlobalVariable.i++): null&#xD;
&#xD;
2019-08-05 13:16:50 - [MESSAGE][PASSED] - Call Test Case 'Test Cases/mobileWeb/_include/get_screenshot' successfully&#xD;
&#xD;
2019-08-05 13:16:50 - [MESSAGE][PASSED] - Call Test Case 'Test Cases/mobileWeb/_include/apply_stm' successfully&#xD;
&#xD;
2019-08-05 13:16:50 - [TEST_STEP][FAILED] - callTestCase(findTestCase("mobileWeb/_include/goToEnd_stm_autofill"), [:], STOP_ON_FAILURE): Unable to call Test Case 'Test Cases/mobileWeb/_include/goToEnd_stm_autofill' (Root cause: com.kms.katalon.core.exception.StepFailedException: Call Test Case 'Test Cases/mobileWeb/_include/goToEnd_stm_autofill' failed&#xD;
	at com.kms.katalon.core.keyword.builtin.CallTestCaseKeyword$_callTestCase_closure1.doCall(CallTestCaseKeyword.groovy:63)&#xD;
	at com.kms.katalon.core.keyword.builtin.CallTestCaseKeyword$_callTestCase_closure1.call(CallTestCaseKeyword.groovy)&#xD;
	at com.kms.katalon.core.keyword.internal.KeywordMain.runKeyword(KeywordMain.groovy:68)&#xD;
	at com.kms.katalon.core.keyword.builtin.CallTestCaseKeyword.callTestCase(CallTestCaseKeyword.groovy:81)&#xD;
	at com.kms.katalon.core.keyword.builtin.CallTestCaseKeyword.execute(CallTestCaseKeyword.groovy:44)&#xD;
	at com.kms.katalon.core.keyword.internal.KeywordExecutor.executeKeywordForPlatform(KeywordExecutor.groovy:56)&#xD;
	at com.kms.katalon.core.keyword.BuiltinKeywords.callTestCase(BuiltinKeywords.groovy:334)&#xD;
	at AdvantHealth.run(AdvantHealth:35)&#xD;
	at com.kms.katalon.core.main.ScriptEngine.run(ScriptEngine.java:194)&#xD;
	at com.kms.katalon.core.main.ScriptEngine.runScriptAsRawText(ScriptEngine.java:119)&#xD;
	at com.kms.katalon.core.main.TestCaseExecutor.runScript(TestCaseExecutor.java:337)&#xD;
	at com.kms.katalon.core.main.TestCaseExecutor.doExecute(TestCaseExecutor.java:328)&#xD;
	at com.kms.katalon.core.main.TestCaseExecutor.processExecutionPhase(TestCaseExecutor.java:307)&#xD;
	at com.kms.katalon.core.main.TestCaseExecutor.accessMainPhase(TestCaseExecutor.java:299)&#xD;
	at com.kms.katalon.core.main.TestCaseExecutor.execute(TestCaseExecutor.java:233)&#xD;
	at com.kms.katalon.core.main.TestSuiteExecutor.accessTestCaseMainPhase(TestSuiteExecutor.java:133)&#xD;
	at com.kms.katalon.core.main.TestSuiteExecutor.accessTestSuiteMainPhase(TestSuiteExecutor.java:116)&#xD;
	at com.kms.katalon.core.main.TestSuiteExecutor.execute(TestSuiteExecutor.java:83)&#xD;
	at com.kms.katalon.core.main.TestCaseMain.startTestSuite(TestCaseMain.java:157)&#xD;
	at com.kms.katalon.core.main.TestCaseMain$startTestSuite$0.call(Unknown Source)&#xD;
	at TempTestSuite1564982040506.run(TempTestSuite1564982040506.groovy:35)&#xD;
Caused by: com.kms.katalon.core.exception.StepFailedException: Unable to click on object 'Object Repository/mobileSanity/STM/Page_App Page 2/a_Continue to Step 3 - Payment'&#xD;
	at com.kms.katalon.core.webui.keyword.internal.WebUIKeywordMain.stepFailed(WebUIKeywordMain.groovy:64)&#xD;
	at com.kms.katalon.core.webui.keyword.internal.WebUIKeywordMain.runKeyword(WebUIKeywordMain.groovy:26)&#xD;
	at com.kms.katalon.core.webui.keyword.builtin.ClickKeyword.click(ClickKeyword.groovy:86)&#xD;
	at com.kms.katalon.core.webui.keyword.builtin.ClickKeyword.execute(ClickKeyword.groovy:67)&#xD;
	at com.kms.katalon.core.keyword.internal.KeywordExecutor.executeKeywordForPlatform(KeywordExecutor.groovy:56)&#xD;
	at com.kms.katalon.core.webui.keyword.WebUiBuiltInKeywords.click(WebUiBuiltInKeywords.groovy:616)&#xD;
	at com.kms.katalon.core.webui.keyword.WebUiBuiltInKeywords$click$3.call(Unknown Source)&#xD;
	at goToEnd_stm_autofill.run(goToEnd_stm_autofill:61)&#xD;
	at com.kms.katalon.core.main.ScriptEngine.run(ScriptEngine.java:194)&#xD;
	at com.kms.katalon.core.main.ScriptEngine.runScriptAsRawText(ScriptEngine.java:119)&#xD;
	at com.kms.katalon.core.main.TestCaseExecutor.runScript(TestCaseExecutor.java:337)&#xD;
	at com.kms.katalon.core.main.TestCaseExecutor.doExecute(TestCaseExecutor.java:328)&#xD;
	at com.kms.katalon.core.main.TestCaseExecutor.processExecutionPhase(TestCaseExecutor.java:307)&#xD;
	at com.kms.katalon.core.main.TestCaseExecutor.accessMainPhase(TestCaseExecutor.java:299)&#xD;
	at com.kms.katalon.core.main.TestCaseExecutor.execute(TestCaseExecutor.java:233)&#xD;
	at com.kms.katalon.core.main.TestCaseMain.runTestCase(TestCaseMain.java:114)&#xD;
	at com.kms.katalon.core.keyword.builtin.CallTestCaseKeyword$_callTestCase_closure1.doCall(CallTestCaseKeyword.groovy:59)&#xD;
	... 20 more&#xD;
Caused by: com.kms.katalon.core.webui.exception.WebElementNotFoundException: Web element with id: 'Object Repository/mobileSanity/STM/Page_App Page 2/a_Continue to Step 3 - Payment' located by 'By.xpath: //a[@id = 'js-app-continue-link']' not found&#xD;
	at com.kms.katalon.core.webui.common.WebUiCommonHelper.findWebElement(WebUiCommonHelper.java:1097)&#xD;
	at com.kms.katalon.core.webui.keyword.internal.WebUIAbstractKeyword.findWebElement(WebUIAbstractKeyword.groovy:27)&#xD;
	at com.kms.katalon.core.webui.keyword.internal.WebUIAbstractKeyword.findWebElement(WebUIAbstractKeyword.groovy:26)&#xD;
	at com.kms.katalon.core.webui.keyword.builtin.ClickKeyword$_click_closure1.doCall(ClickKeyword.groovy:77)&#xD;
	at com.kms.katalon.core.webui.keyword.builtin.ClickKeyword$_click_closure1.call(ClickKeyword.groovy)&#xD;
	at com.kms.katalon.core.webui.keyword.internal.WebUIKeywordMain.runKeyword(WebUIKeywordMain.groovy:20)&#xD;
	... 35 more&#xD;
)&#xD;
&#xD;
2019-08-05 13:16:50 - [TEST_CASE][FAILED] - Test Cases/mobileWeb/_include/goToEnd_stm_autofill: Test Cases/mobileWeb/_include/goToEnd_stm_autofill FAILED.
Reason:
com.kms.katalon.core.exception.StepFailedException: Unable to click on object 'Object Repository/mobileSanity/STM/Page_App Page 2/a_Continue to Step 3 - Payment'&#xD;
	at com.kms.katalon.core.webui.keyword.internal.WebUIKeywordMain.stepFailed(WebUIKeywordMain.groovy:64)&#xD;
	at com.kms.katalon.core.webui.keyword.internal.WebUIKeywordMain.runKeyword(WebUIKeywordMain.groovy:26)&#xD;
	at com.kms.katalon.core.webui.keyword.builtin.ClickKeyword.click(ClickKeyword.groovy:86)&#xD;
	at com.kms.katalon.core.webui.keyword.builtin.ClickKeyword.execute(ClickKeyword.groovy:67)&#xD;
	at com.kms.katalon.core.keyword.internal.KeywordExecutor.executeKeywordForPlatform(KeywordExecutor.groovy:56)&#xD;
	at com.kms.katalon.core.webui.keyword.WebUiBuiltInKeywords.click(WebUiBuiltInKeywords.groovy:616)&#xD;
	at com.kms.katalon.core.webui.keyword.WebUiBuiltInKeywords$click$3.call(Unknown Source)&#xD;
	at goToEnd_stm_autofill.run(goToEnd_stm_autofill:61)&#xD;
	at com.kms.katalon.core.main.ScriptEngine.run(ScriptEngine.java:194)&#xD;
	at com.kms.katalon.core.main.ScriptEngine.runScriptAsRawText(ScriptEngine.java:119)&#xD;
	at com.kms.katalon.core.main.TestCaseExecutor.runScript(TestCaseExecutor.java:337)&#xD;
	at com.kms.katalon.core.main.TestCaseExecutor.doExecute(TestCaseExecutor.java:328)&#xD;
	at com.kms.katalon.core.main.TestCaseExecutor.processExecutionPhase(TestCaseExecutor.java:307)&#xD;
	at com.kms.katalon.core.main.TestCaseExecutor.accessMainPhase(TestCaseExecutor.java:299)&#xD;
	at com.kms.katalon.core.main.TestCaseExecutor.execute(TestCaseExecutor.java:233)&#xD;
	at com.kms.katalon.core.main.TestCaseMain.runTestCase(TestCaseMain.java:114)&#xD;
	at com.kms.katalon.core.keyword.builtin.CallTestCaseKeyword$_callTestCase_closure1.doCall(CallTestCaseKeyword.groovy:59)&#xD;
	at com.kms.katalon.core.keyword.builtin.CallTestCaseKeyword$_callTestCase_closure1.call(CallTestCaseKeyword.groovy)&#xD;
	at com.kms.katalon.core.keyword.internal.KeywordMain.runKeyword(KeywordMain.groovy:68)&#xD;
	at com.kms.katalon.core.keyword.builtin.CallTestCaseKeyword.callTestCase(CallTestCaseKeyword.groovy:81)&#xD;
	at com.kms.katalon.core.keyword.builtin.CallTestCaseKeyword.execute(CallTestCaseKeyword.groovy:44)&#xD;
	at com.kms.katalon.core.keyword.internal.KeywordExecutor.executeKeywordForPlatform(KeywordExecutor.groovy:56)&#xD;
	at com.kms.katalon.core.keyword.BuiltinKeywords.callTestCase(BuiltinKeywords.groovy:334)&#xD;
	at AdvantHealth.run(AdvantHealth:35)&#xD;
	at com.kms.katalon.core.main.ScriptEngine.run(ScriptEngine.java:194)&#xD;
	at com.kms.katalon.core.main.ScriptEngine.runScriptAsRawText(ScriptEngine.java:119)&#xD;
	at com.kms.katalon.core.main.TestCaseExecutor.runScript(TestCaseExecutor.java:337)&#xD;
	at com.kms.katalon.core.main.TestCaseExecutor.doExecute(TestCaseExecutor.java:328)&#xD;
	at com.kms.katalon.core.main.TestCaseExecutor.processExecutionPhase(TestCaseExecutor.java:307)&#xD;
	at com.kms.katalon.core.main.TestCaseExecutor.accessMainPhase(TestCaseExecutor.java:299)&#xD;
	at com.kms.katalon.core.main.TestCaseExecutor.execute(TestCaseExecutor.java:233)&#xD;
	at com.kms.katalon.core.main.TestSuiteExecutor.accessTestCaseMainPhase(TestSuiteExecutor.java:133)&#xD;
	at com.kms.katalon.core.main.TestSuiteExecutor.accessTestSuiteMainPhase(TestSuiteExecutor.java:116)&#xD;
	at com.kms.katalon.core.main.TestSuiteExecutor.execute(TestSuiteExecutor.java:83)&#xD;
	at com.kms.katalon.core.main.TestCaseMain.startTestSuite(TestCaseMain.java:157)&#xD;
	at com.kms.katalon.core.main.TestCaseMain$startTestSuite$0.call(Unknown Source)&#xD;
	at TempTestSuite1564982040506.run(TempTestSuite1564982040506.groovy:35)&#xD;
Caused by: com.kms.katalon.core.webui.exception.WebElementNotFoundException: Web element with id: 'Object Repository/mobileSanity/STM/Page_App Page 2/a_Continue to Step 3 - Payment' located by 'By.xpath: //a[@id = 'js-app-continue-link']' not found&#xD;
	at com.kms.katalon.core.webui.common.WebUiCommonHelper.findWebElement(WebUiCommonHelper.java:1097)&#xD;
	at com.kms.katalon.core.webui.keyword.internal.WebUIAbstractKeyword.findWebElement(WebUIAbstractKeyword.groovy:27)&#xD;
	at com.kms.katalon.core.webui.keyword.internal.WebUIAbstractKeyword.findWebElement(WebUIAbstractKeyword.groovy:26)&#xD;
	at com.kms.katalon.core.webui.keyword.builtin.ClickKeyword$_click_closure1.doCall(ClickKeyword.groovy:77)&#xD;
	at com.kms.katalon.core.webui.keyword.builtin.ClickKeyword$_click_closure1.call(ClickKeyword.groovy)&#xD;
	at com.kms.katalon.core.webui.keyword.internal.WebUIKeywordMain.runKeyword(WebUIKeywordMain.groovy:20)&#xD;
	... 35 more&#xD;
&#xD;
&#xD;
2019-08-05 13:16:50 - [TEST_STEP][PASSED] - callTestCase(findTestCase("mobileWeb/_include/name"), [:], CONTINUE_ON_FAILURE): Call Test Case 'Test Cases/mobileWeb/_include/name' successfully&#xD;
&#xD;
2019-08-05 13:16:51 - [TEST_CASE][PASSED] - Test Cases/mobileWeb/_include/name: Test Cases/mobileWeb/_include/name&#xD;
&#xD;
2019-08-05 13:16:51 - [TEST_STEP][PASSED] - driver = getWebDriver(): null&#xD;
&#xD;
2019-08-05 13:16:51 - [TEST_STEP][PASSED] - selenium = new com.thoughtworks.selenium.webdriven.WebDriverBackedSelenium(driver, internal.GlobalVariable.ENV): null&#xD;
&#xD;
2019-08-05 13:16:51 - [TEST_STEP][PASSED] - FirstName = "Test-123": null&#xD;
&#xD;
2019-08-05 13:16:51 - [TEST_STEP][PASSED] - LastName = selenium.getEval("{var x="ABCDEFGHIJKLMNOPQRSTUVWXYZabcdefghijklmnopqrstuvwxyz"; var tmp="ZZ11-"; for (i=0;i&lt;8;i++) tmp+=x.charAt(Math.ceil(51*Math.random()));tmp;}"): null&#xD;
&#xD;
2019-08-05 13:16:51 - [TEST_STEP][PASSED] - Address = selenium.getEval("{var x="ABCDEFGHIJKLMNOPQRSTUVWXYZabcdefghijklmnopqrstuvwxyz"; var tmp=""; for (i=0;i&lt;8;i++) tmp+=x.charAt(Math.ceil(51*Math.random()));tmp;}"): null&#xD;
&#xD;
2019-08-05 13:16:51 - [TEST_STEP][PASSED] - City = selenium.getEval("{var x="ABCDEFGHIJKLMNOPQRSTUVWXYZabcdefghijklmnopqrstuvwxyz"; var tmp=""; for (i=0;i&lt;8;i++) tmp+=x.charAt(Math.ceil(51*Math.random()));tmp;}"): null&#xD;
&#xD;
2019-08-05 13:16:51 - [TEST_STEP][PASSED] - tel1 = selenium.getEval("{var x="123456789"; var tmp=""; for (i=0;i&lt;3;i++) tmp+=x.charAt(Math.ceil(8*Math.random()));tmp;}"): null&#xD;
&#xD;
2019-08-05 13:16:51 - [TEST_STEP][PASSED] - tel2 = selenium.getEval("{var x="123456789"; var tmp=""; for (i=0;i&lt;3;i++) tmp+=x.charAt(Math.ceil(8*Math.random()));tmp;}"): null&#xD;
&#xD;
2019-08-05 13:16:51 - [TEST_STEP][PASSED] - tel3 = selenium.getEval("{var x="123456789"; var tmp=""; for (i=0;i&lt;4;i++) tmp+=x.charAt(Math.ceil(8*Math.random()));tmp;}"): null&#xD;
&#xD;
2019-08-05 13:16:51 - [TEST_STEP][PASSED] - Tel = selenium.getExpression(tel1 + "-" + tel2 + "-" + tel3): null&#xD;
&#xD;
2019-08-05 13:16:51 - [TEST_STEP][PASSED] - AutoEmail = selenium.getEval("{var x="ABCDEFGHIJKLMNOPQRSTUVWXYZabcdefghijklmnopqrstuvwxyz"; var tmp="test."; for (i=0;i&lt;8;i++) tmp+=x.charAt(Math.ceil(51*Math.random()));tmp+="@suryani.cn";}"): null&#xD;
&#xD;
2019-08-05 13:16:51 - [TEST_STEP][PASSED] - FirstName = FirstName: null&#xD;
&#xD;
2019-08-05 13:16:51 - [TEST_STEP][PASSED] - LastName = LastName: null&#xD;
&#xD;
2019-08-05 13:16:51 - [TEST_STEP][PASSED] - Address = Address: null&#xD;
&#xD;
2019-08-05 13:16:51 - [TEST_STEP][PASSED] - City = City: null&#xD;
&#xD;
2019-08-05 13:16:51 - [TEST_STEP][PASSED] - Tel = Tel: null&#xD;
&#xD;
2019-08-05 13:16:51 - [TEST_STEP][PASSED] - AutoEmail = AutoEmail: null&#xD;
&#xD;
2019-08-05 13:16:51 - [TEST_STEP][PASSED] - println(FirstName): null&#xD;
&#xD;
2019-08-05 13:16:51 - [TEST_STEP][PASSED] - println(LastName): null&#xD;
&#xD;
2019-08-05 13:16:51 - [TEST_STEP][PASSED] - println(Address): null&#xD;
&#xD;
2019-08-05 13:16:51 - [TEST_STEP][PASSED] - println(City): null&#xD;
&#xD;
2019-08-05 13:16:51 - [TEST_STEP][PASSED] - println(Tel): null&#xD;
&#xD;
2019-08-05 13:16:51 - [TEST_STEP][PASSED] - println(AutoEmail): null&#xD;
&#xD;
2019-08-05 13:16:51 - [MESSAGE][PASSED] - Call Test Case 'Test Cases/mobileWeb/_include/name' successfully&#xD;
&#xD;
2019-08-05 13:16:51 - [TEST_STEP][PASSED] - try: Call Test Case 'Test Cases/mobileWeb/_include/get_screenshot' successfully&#xD;
&#xD;
2019-08-05 13:16:51 - [TEST_STEP][PASSED] - if (verifyTextPresent("Month Duration Acknowledgement", false)): Call Test Case 'Test Cases/mobileWeb/_include/get_screenshot' successfully&#xD;
&#xD;
2019-08-05 13:16:51 - [MESSAGE][PASSED] - Text 'Month Duration Acknowledgement' is present on page &#xD;
&#xD;
2019-08-05 13:16:51 - [TEST_STEP][PASSED] - click(findTestObject("mobileSanity/STM/Page_App Page 1/label_By checking this box I u")): Object: 'Object Repository/mobileSanity/STM/Page_App Page 1/label_By checking this box I u' is clicked on&#xD;
&#xD;
2019-08-05 13:16:51 - [MESSAGE][PASSED] - Object: 'Object Repository/mobileSanity/STM/Page_App Page 1/label_By checking this box I u' is clicked on&#xD;
&#xD;
2019-08-05 13:16:51 - [TEST_STEP][PASSED] - click(findTestObject("mobileSanity/STM/Page_App Page 1/button_Continue to Application")): Object: 'Object Repository/mobileSanity/STM/Page_App Page 1/button_Continue to Application' is clicked on&#xD;
&#xD;
2019-08-05 13:16:53 - [MESSAGE][PASSED] - Object: 'Object Repository/mobileSanity/STM/Page_App Page 1/button_Continue to Application' is clicked on&#xD;
&#xD;
2019-08-05 13:16:53 - [TEST_STEP][PASSED] - waitForPageLoad(20): Wait for page load successfully&#xD;
&#xD;
2019-08-05 13:16:53 - [MESSAGE][PASSED] - Wait for page load successfully&#xD;
&#xD;
2019-08-05 13:16:53 - [TEST_STEP][PASSED] - Thread.sleep(5000): null&#xD;
&#xD;
2019-08-05 13:16:58 - [TEST_STEP][PASSED] - callTestCase(findTestCase("mobileWeb/_include/get_screenshot"), [:], STOP_ON_FAILURE): Call Test Case 'Test Cases/mobileWeb/_include/get_screenshot' successfully&#xD;
&#xD;
2019-08-05 13:16:58 - [TEST_CASE][PASSED] - Test Cases/mobileWeb/_include/get_screenshot: Test Cases/mobileWeb/_include/get_screenshot&#xD;
&#xD;
2019-08-05 13:16:58 - [TEST_STEP][PASSED] - takeScreenshot(screenPath + i + ".png"): Taking screenshot successfully&#xD;
&#xD;
2019-08-05 13:16:59 - [MESSAGE][PASSED] - Taking screenshot successfully&#xD;
[[ATTACHMENT|D:\\Test\\AgileTest\\AgileTest\\Reports\\mobileWeb\\stm\\20190805_131400\\../Screenshots/iPhone X/stm/AdvantHealth/20190805_131558/7.png]]&#xD;
&#xD;
2019-08-05 13:16:59 - [TEST_STEP][PASSED] - (internal.GlobalVariable.i++): null&#xD;
&#xD;
2019-08-05 13:16:59 - [MESSAGE][PASSED] - Call Test Case 'Test Cases/mobileWeb/_include/get_screenshot' successfully&#xD;
&#xD;
2019-08-05 13:16:59 - [TEST_STEP][PASSED] - waitForPageLoad(10): Wait for page load successfully&#xD;
&#xD;
2019-08-05 13:16:59 - [MESSAGE][PASSED] - Wait for page load successfully&#xD;
&#xD;
2019-08-05 13:16:59 - [TEST_STEP][PASSED] - Thread.sleep(3000): null&#xD;
&#xD;
2019-08-05 13:17:02 - [TEST_STEP][PASSED] - waitForElementVisible(findTestObject("mobileSanity/STM/Page_App Page 1/a_Autofill App Info"), 20): Object 'Object Repository/mobileSanity/STM/Page_App Page 1/a_Autofill App Info' is visible&#xD;
&#xD;
2019-08-05 13:17:02 - [MESSAGE][PASSED] - Object 'Object Repository/mobileSanity/STM/Page_App Page 1/a_Autofill App Info' is visible&#xD;
&#xD;
2019-08-05 13:17:02 - [TEST_STEP][PASSED] - click(findTestObject("mobileSanity/STM/Page_App Page 1/a_Autofill App Info")): Object: 'Object Repository/mobileSanity/STM/Page_App Page 1/a_Autofill App Info' is clicked on&#xD;
&#xD;
2019-08-05 13:17:02 - [MESSAGE][PASSED] - Object: 'Object Repository/mobileSanity/STM/Page_App Page 1/a_Autofill App Info' is clicked on&#xD;
&#xD;
2019-08-05 13:17:02 - [TEST_STEP][PASSED] - Thread.sleep(1000): null&#xD;
&#xD;
2019-08-05 13:17:03 - [TEST_STEP][PASSED] - click(findTestObject("mobileSanity/STM/Page_App Page 1/a_Autofill App Info")): Object: 'Object Repository/mobileSanity/STM/Page_App Page 1/a_Autofill App Info' is clicked on&#xD;
&#xD;
2019-08-05 13:17:04 - [MESSAGE][PASSED] - Object: 'Object Repository/mobileSanity/STM/Page_App Page 1/a_Autofill App Info' is clicked on&#xD;
&#xD;
2019-08-05 13:17:04 - [TEST_STEP][PASSED] - Thread.sleep(1000): null&#xD;
&#xD;
2019-08-05 13:17:05 - [TEST_STEP][PASSED] - waitForElementVisible(findTestObject("mobileSanity/STM/Page_App Page 1/a_Continue"), 20): Object 'Object Repository/mobileSanity/STM/Page_App Page 1/a_Continue' is visible&#xD;
&#xD;
2019-08-05 13:17:05 - [MESSAGE][PASSED] - Object 'Object Repository/mobileSanity/STM/Page_App Page 1/a_Continue' is visible&#xD;
&#xD;
2019-08-05 13:17:05 - [TEST_STEP][PASSED] - click(findTestObject("mobileSanity/STM/Page_App Page 1/a_Continue")): Object: 'Object Repository/mobileSanity/STM/Page_App Page 1/a_Continue' is clicked on&#xD;
&#xD;
2019-08-05 13:17:05 - [MESSAGE][PASSED] - Object: 'Object Repository/mobileSanity/STM/Page_App Page 1/a_Continue' is clicked on&#xD;
&#xD;
2019-08-05 13:17:05 - [TEST_STEP][PASSED] - waitForPageLoad(10): Wait for page load successfully&#xD;
&#xD;
2019-08-05 13:17:05 - [MESSAGE][PASSED] - Wait for page load successfully&#xD;
&#xD;
2019-08-05 13:17:05 - [TEST_STEP][PASSED] - Thread.sleep(2000): null&#xD;
&#xD;
2019-08-05 13:17:07 - [TEST_STEP][PASSED] - callTestCase(findTestCase("mobileWeb/_include/get_screenshot"), [:], STOP_ON_FAILURE): Call Test Case 'Test Cases/mobileWeb/_include/get_screenshot' successfully&#xD;
&#xD;
2019-08-05 13:17:07 - [TEST_CASE][PASSED] - Test Cases/mobileWeb/_include/get_screenshot: Test Cases/mobileWeb/_include/get_screenshot&#xD;
&#xD;
2019-08-05 13:17:07 - [TEST_STEP][PASSED] - takeScreenshot(screenPath + i + ".png"): Taking screenshot successfully&#xD;
&#xD;
2019-08-05 13:17:08 - [MESSAGE][PASSED] - Taking screenshot successfully&#xD;
[[ATTACHMENT|D:\\Test\\AgileTest\\AgileTest\\Reports\\mobileWeb\\stm\\20190805_131400\\../Screenshots/iPhone X/stm/AdvantHealth/20190805_131558/8.png]]&#xD;
&#xD;
2019-08-05 13:17:08 - [TEST_STEP][PASSED] - (internal.GlobalVariable.i++): null&#xD;
&#xD;
2019-08-05 13:17:08 - [MESSAGE][PASSED] - Call Test Case 'Test Cases/mobileWeb/_include/get_screenshot' successfully&#xD;
&#xD;
2019-08-05 13:17:08 - [TEST_STEP][FAILED] - click(findTestObject("mobileSanity/STM/Page_App Page 2/a_Continue to Step 3 - Payment")): Unable to click on object 'Object Repository/mobileSanity/STM/Page_App Page 2/a_Continue to Step 3 - Payment' (Root cause: com.kms.katalon.core.exception.StepFailedException: Unable to click on object 'Object Repository/mobileSanity/STM/Page_App Page 2/a_Continue to Step 3 - Payment'&#xD;
	at com.kms.katalon.core.webui.keyword.internal.WebUIKeywordMain.stepFailed(WebUIKeywordMain.groovy:64)&#xD;
	at com.kms.katalon.core.webui.keyword.internal.WebUIKeywordMain.runKeyword(WebUIKeywordMain.groovy:26)&#xD;
	at com.kms.katalon.core.webui.keyword.builtin.ClickKeyword.click(ClickKeyword.groovy:86)&#xD;
	at com.kms.katalon.core.webui.keyword.builtin.ClickKeyword.execute(ClickKeyword.groovy:67)&#xD;
	at com.kms.katalon.core.keyword.internal.KeywordExecutor.executeKeywordForPlatform(KeywordExecutor.groovy:56)&#xD;
	at com.kms.katalon.core.webui.keyword.WebUiBuiltInKeywords.click(WebUiBuiltInKeywords.groovy:616)&#xD;
	at com.kms.katalon.core.webui.keyword.WebUiBuiltInKeywords$click$3.call(Unknown Source)&#xD;
	at goToEnd_stm_autofill.run(goToEnd_stm_autofill:61)&#xD;
	at com.kms.katalon.core.main.ScriptEngine.run(ScriptEngine.java:194)&#xD;
	at com.kms.katalon.core.main.ScriptEngine.runScriptAsRawText(ScriptEngine.java:119)&#xD;
	at com.kms.katalon.core.main.TestCaseExecutor.runScript(TestCaseExecutor.java:337)&#xD;
	at com.kms.katalon.core.main.TestCaseExecutor.doExecute(TestCaseExecutor.java:328)&#xD;
	at com.kms.katalon.core.main.TestCaseExecutor.processExecutionPhase(TestCaseExecutor.java:307)&#xD;
	at com.kms.katalon.core.main.TestCaseExecutor.accessMainPhase(TestCaseExecutor.java:299)&#xD;
	at com.kms.katalon.core.main.TestCaseExecutor.execute(TestCaseExecutor.java:233)&#xD;
	at com.kms.katalon.core.main.TestCaseMain.runTestCase(TestCaseMain.java:114)&#xD;
	at com.kms.katalon.core.keyword.builtin.CallTestCaseKeyword$_callTestCase_closure1.doCall(CallTestCaseKeyword.groovy:59)&#xD;
	at com.kms.katalon.core.keyword.builtin.CallTestCaseKeyword$_callTestCase_closure1.call(CallTestCaseKeyword.groovy)&#xD;
	at com.kms.katalon.core.keyword.internal.KeywordMain.runKeyword(KeywordMain.groovy:68)&#xD;
	at com.kms.katalon.core.keyword.builtin.CallTestCaseKeyword.callTestCase(CallTestCaseKeyword.groovy:81)&#xD;
	at com.kms.katalon.core.keyword.builtin.CallTestCaseKeyword.execute(CallTestCaseKeyword.groovy:44)&#xD;
	at com.kms.katalon.core.keyword.internal.KeywordExecutor.executeKeywordForPlatform(KeywordExecutor.groovy:56)&#xD;
	at com.kms.katalon.core.keyword.BuiltinKeywords.callTestCase(BuiltinKeywords.groovy:334)&#xD;
	at AdvantHealth.run(AdvantHealth:35)&#xD;
	at com.kms.katalon.core.main.ScriptEngine.run(ScriptEngine.java:194)&#xD;
	at com.kms.katalon.core.main.ScriptEngine.runScriptAsRawText(ScriptEngine.java:119)&#xD;
	at com.kms.katalon.core.main.TestCaseExecutor.runScript(TestCaseExecutor.java:337)&#xD;
	at com.kms.katalon.core.main.TestCaseExecutor.doExecute(TestCaseExecutor.java:328)&#xD;
	at com.kms.katalon.core.main.TestCaseExecutor.processExecutionPhase(TestCaseExecutor.java:307)&#xD;
	at com.kms.katalon.core.main.TestCaseExecutor.accessMainPhase(TestCaseExecutor.java:299)&#xD;
	at com.kms.katalon.core.main.TestCaseExecutor.execute(TestCaseExecutor.java:233)&#xD;
	at com.kms.katalon.core.main.TestSuiteExecutor.accessTestCaseMainPhase(TestSuiteExecutor.java:133)&#xD;
	at com.kms.katalon.core.main.TestSuiteExecutor.accessTestSuiteMainPhase(TestSuiteExecutor.java:116)&#xD;
	at com.kms.katalon.core.main.TestSuiteExecutor.execute(TestSuiteExecutor.java:83)&#xD;
	at com.kms.katalon.core.main.TestCaseMain.startTestSuite(TestCaseMain.java:157)&#xD;
	at com.kms.katalon.core.main.TestCaseMain$startTestSuite$0.call(Unknown Source)&#xD;
	at TempTestSuite1564982040506.run(TempTestSuite1564982040506.groovy:35)&#xD;
Caused by: com.kms.katalon.core.webui.exception.WebElementNotFoundException: Web element with id: 'Object Repository/mobileSanity/STM/Page_App Page 2/a_Continue to Step 3 - Payment' located by 'By.xpath: //a[@id = 'js-app-continue-link']' not found&#xD;
	at com.kms.katalon.core.webui.common.WebUiCommonHelper.findWebElement(WebUiCommonHelper.java:1097)&#xD;
	at com.kms.katalon.core.webui.keyword.internal.WebUIAbstractKeyword.findWebElement(WebUIAbstractKeyword.groovy:27)&#xD;
	at com.kms.katalon.core.webui.keyword.internal.WebUIAbstractKeyword.findWebElement(WebUIAbstractKeyword.groovy:26)&#xD;
	at com.kms.katalon.core.webui.keyword.builtin.ClickKeyword$_click_closure1.doCall(ClickKeyword.groovy:77)&#xD;
	at com.kms.katalon.core.webui.keyword.builtin.ClickKeyword$_click_closure1.call(ClickKeyword.groovy)&#xD;
	at com.kms.katalon.core.webui.keyword.internal.WebUIKeywordMain.runKeyword(WebUIKeywordMain.groovy:20)&#xD;
	at com.kms.katalon.core.webui.keyword.builtin.ClickKeyword.click(ClickKeyword.groovy:86)&#xD;
	at com.kms.katalon.core.webui.keyword.builtin.ClickKeyword.execute(ClickKeyword.groovy:67)&#xD;
	at com.kms.katalon.core.keyword.internal.KeywordExecutor.executeKeywordForPlatform(KeywordExecutor.groovy:56)&#xD;
	at com.kms.katalon.core.webui.keyword.WebUiBuiltInKeywords.click(WebUiBuiltInKeywords.groovy:616)&#xD;
	at com.kms.katalon.core.webui.keyword.WebUiBuiltInKeywords$click$3.call(Unknown Source)&#xD;
	at Script1551662596271.run(Script1551662596271.groovy:61)&#xD;
	at com.kms.katalon.core.main.ScriptEngine.run(ScriptEngine.java:194)&#xD;
	at com.kms.katalon.core.main.ScriptEngine.runScriptAsRawText(ScriptEngine.java:119)&#xD;
	at com.kms.katalon.core.main.TestCaseExecutor.runScript(TestCaseExecutor.java:337)&#xD;
	at com.kms.katalon.core.main.TestCaseExecutor.doExecute(TestCaseExecutor.java:328)&#xD;
	at com.kms.katalon.core.main.TestCaseExecutor.processExecutionPhase(TestCaseExecutor.java:307)&#xD;
	at com.kms.katalon.core.main.TestCaseExecutor.accessMainPhase(TestCaseExecutor.java:299)&#xD;
	at com.kms.katalon.core.main.TestCaseExecutor.execute(TestCaseExecutor.java:233)&#xD;
	at com.kms.katalon.core.main.TestCaseMain.runTestCase(TestCaseMain.java:114)&#xD;
	at com.kms.katalon.core.keyword.builtin.CallTestCaseKeyword$_callTestCase_closure1.doCall(CallTestCaseKeyword.groovy:59)&#xD;
	at com.kms.katalon.core.keyword.builtin.CallTestCaseKeyword$_callTestCase_closure1.call(CallTestCaseKeyword.groovy)&#xD;
	at com.kms.katalon.core.keyword.internal.KeywordMain.runKeyword(KeywordMain.groovy:68)&#xD;
	at com.kms.katalon.core.keyword.builtin.CallTestCaseKeyword.callTestCase(CallTestCaseKeyword.groovy:81)&#xD;
	at com.kms.katalon.core.keyword.builtin.CallTestCaseKeyword.execute(CallTestCaseKeyword.groovy:44)&#xD;
	at com.kms.katalon.core.keyword.internal.KeywordExecutor.executeKeywordForPlatform(KeywordExecutor.groovy:56)&#xD;
	at com.kms.katalon.core.keyword.BuiltinKeywords.callTestCase(BuiltinKeywords.groovy:334)&#xD;
	at Script1550559228254.run(Script1550559228254.groovy:35)&#xD;
	... 13 more&#xD;
)&#xD;
&#xD;
2019-08-05 13:17:29 - [MESSAGE][INFO] - Unable to find the element located by 'By.xpath: //a[@id = 'js-app-continue-link']'. Please recheck the objects properties to make sure the desired element is located. &#xD;
&#xD;
2019-08-05 13:17:30 - [MESSAGE][FAILED] - Unable to click on object 'Object Repository/mobileSanity/STM/Page_App Page 2/a_Continue to Step 3 - Payment' (Root cause: com.kms.katalon.core.exception.StepFailedException: Unable to click on object 'Object Repository/mobileSanity/STM/Page_App Page 2/a_Continue to Step 3 - Payment'&#xD;
	at com.kms.katalon.core.webui.keyword.internal.WebUIKeywordMain.stepFailed(WebUIKeywordMain.groovy:64)&#xD;
	at com.kms.katalon.core.webui.keyword.internal.WebUIKeywordMain.runKeyword(WebUIKeywordMain.groovy:26)&#xD;
	at com.kms.katalon.core.webui.keyword.builtin.ClickKeyword.click(ClickKeyword.groovy:86)&#xD;
	at com.kms.katalon.core.webui.keyword.builtin.ClickKeyword.execute(ClickKeyword.groovy:67)&#xD;
	at com.kms.katalon.core.keyword.internal.KeywordExecutor.executeKeywordForPlatform(KeywordExecutor.groovy:56)&#xD;
	at com.kms.katalon.core.webui.keyword.WebUiBuiltInKeywords.click(WebUiBuiltInKeywords.groovy:616)&#xD;
	at com.kms.katalon.core.webui.keyword.WebUiBuiltInKeywords$click$3.call(Unknown Source)&#xD;
	at goToEnd_stm_autofill.run(goToEnd_stm_autofill:61)&#xD;
	at com.kms.katalon.core.main.ScriptEngine.run(ScriptEngine.java:194)&#xD;
	at com.kms.katalon.core.main.ScriptEngine.runScriptAsRawText(ScriptEngine.java:119)&#xD;
	at com.kms.katalon.core.main.TestCaseExecutor.runScript(TestCaseExecutor.java:337)&#xD;
	at com.kms.katalon.core.main.TestCaseExecutor.doExecute(TestCaseExecutor.java:328)&#xD;
	at com.kms.katalon.core.main.TestCaseExecutor.processExecutionPhase(TestCaseExecutor.java:307)&#xD;
	at com.kms.katalon.core.main.TestCaseExecutor.accessMainPhase(TestCaseExecutor.java:299)&#xD;
	at com.kms.katalon.core.main.TestCaseExecutor.execute(TestCaseExecutor.java:233)&#xD;
	at com.kms.katalon.core.main.TestCaseMain.runTestCase(TestCaseMain.java:114)&#xD;
	at com.kms.katalon.core.keyword.builtin.CallTestCaseKeyword$_callTestCase_closure1.doCall(CallTestCaseKeyword.groovy:59)&#xD;
	at com.kms.katalon.core.keyword.builtin.CallTestCaseKeyword$_callTestCase_closure1.call(CallTestCaseKeyword.groovy)&#xD;
	at com.kms.katalon.core.keyword.internal.KeywordMain.runKeyword(KeywordMain.groovy:68)&#xD;
	at com.kms.katalon.core.keyword.builtin.CallTestCaseKeyword.callTestCase(CallTestCaseKeyword.groovy:81)&#xD;
	at com.kms.katalon.core.keyword.builtin.CallTestCaseKeyword.execute(CallTestCaseKeyword.groovy:44)&#xD;
	at com.kms.katalon.core.keyword.internal.KeywordExecutor.executeKeywordForPlatform(KeywordExecutor.groovy:56)&#xD;
	at com.kms.katalon.core.keyword.BuiltinKeywords.callTestCase(BuiltinKeywords.groovy:334)&#xD;
	at AdvantHealth.run(AdvantHealth:35)&#xD;
	at com.kms.katalon.core.main.ScriptEngine.run(ScriptEngine.java:194)&#xD;
	at com.kms.katalon.core.main.ScriptEngine.runScriptAsRawText(ScriptEngine.java:119)&#xD;
	at com.kms.katalon.core.main.TestCaseExecutor.runScript(TestCaseExecutor.java:337)&#xD;
	at com.kms.katalon.core.main.TestCaseExecutor.doExecute(TestCaseExecutor.java:328)&#xD;
	at com.kms.katalon.core.main.TestCaseExecutor.processExecutionPhase(TestCaseExecutor.java:307)&#xD;
	at com.kms.katalon.core.main.TestCaseExecutor.accessMainPhase(TestCaseExecutor.java:299)&#xD;
	at com.kms.katalon.core.main.TestCaseExecutor.execute(TestCaseExecutor.java:233)&#xD;
	at com.kms.katalon.core.main.TestSuiteExecutor.accessTestCaseMainPhase(TestSuiteExecutor.java:133)&#xD;
	at com.kms.katalon.core.main.TestSuiteExecutor.accessTestSuiteMainPhase(TestSuiteExecutor.java:116)&#xD;
	at com.kms.katalon.core.main.TestSuiteExecutor.execute(TestSuiteExecutor.java:83)&#xD;
	at com.kms.katalon.core.main.TestCaseMain.startTestSuite(TestCaseMain.java:157)&#xD;
	at com.kms.katalon.core.main.TestCaseMain$startTestSuite$0.call(Unknown Source)&#xD;
	at TempTestSuite1564982040506.run(TempTestSuite1564982040506.groovy:35)&#xD;
Caused by: com.kms.katalon.core.webui.exception.WebElementNotFoundException: Web element with id: 'Object Repository/mobileSanity/STM/Page_App Page 2/a_Continue to Step 3 - Payment' located by 'By.xpath: //a[@id = 'js-app-continue-link']' not found&#xD;
	at com.kms.katalon.core.webui.common.WebUiCommonHelper.findWebElement(WebUiCommonHelper.java:1097)&#xD;
	at com.kms.katalon.core.webui.keyword.internal.WebUIAbstractKeyword.findWebElement(WebUIAbstractKeyword.groovy:27)&#xD;
	at com.kms.katalon.core.webui.keyword.internal.WebUIAbstractKeyword.findWebElement(WebUIAbstractKeyword.groovy:26)&#xD;
	at com.kms.katalon.core.webui.keyword.builtin.ClickKeyword$_click_closure1.doCall(ClickKeyword.groovy:77)&#xD;
	at com.kms.katalon.core.webui.keyword.builtin.ClickKeyword$_click_closure1.call(ClickKeyword.groovy)&#xD;
	at com.kms.katalon.core.webui.keyword.internal.WebUIKeywordMain.runKeyword(WebUIKeywordMain.groovy:20)&#xD;
	at com.kms.katalon.core.webui.keyword.builtin.ClickKeyword.click(ClickKeyword.groovy:86)&#xD;
	at com.kms.katalon.core.webui.keyword.builtin.ClickKeyword.execute(ClickKeyword.groovy:67)&#xD;
	at com.kms.katalon.core.keyword.internal.KeywordExecutor.executeKeywordForPlatform(KeywordExecutor.groovy:56)&#xD;
	at com.kms.katalon.core.webui.keyword.WebUiBuiltInKeywords.click(WebUiBuiltInKeywords.groovy:616)&#xD;
	at com.kms.katalon.core.webui.keyword.WebUiBuiltInKeywords$click$3.call(Unknown Source)&#xD;
	at Script1551662596271.run(Script1551662596271.groovy:61)&#xD;
	at com.kms.katalon.core.main.ScriptEngine.run(ScriptEngine.java:194)&#xD;
	at com.kms.katalon.core.main.ScriptEngine.runScriptAsRawText(ScriptEngine.java:119)&#xD;
	at com.kms.katalon.core.main.TestCaseExecutor.runScript(TestCaseExecutor.java:337)&#xD;
	at com.kms.katalon.core.main.TestCaseExecutor.doExecute(TestCaseExecutor.java:328)&#xD;
	at com.kms.katalon.core.main.TestCaseExecutor.processExecutionPhase(TestCaseExecutor.java:307)&#xD;
	at com.kms.katalon.core.main.TestCaseExecutor.accessMainPhase(TestCaseExecutor.java:299)&#xD;
	at com.kms.katalon.core.main.TestCaseExecutor.execute(TestCaseExecutor.java:233)&#xD;
	at com.kms.katalon.core.main.TestCaseMain.runTestCase(TestCaseMain.java:114)&#xD;
	at com.kms.katalon.core.keyword.builtin.CallTestCaseKeyword$_callTestCase_closure1.doCall(CallTestCaseKeyword.groovy:59)&#xD;
	at com.kms.katalon.core.keyword.builtin.CallTestCaseKeyword$_callTestCase_closure1.call(CallTestCaseKeyword.groovy)&#xD;
	at com.kms.katalon.core.keyword.internal.KeywordMain.runKeyword(KeywordMain.groovy:68)&#xD;
	at com.kms.katalon.core.keyword.builtin.CallTestCaseKeyword.callTestCase(CallTestCaseKeyword.groovy:81)&#xD;
	at com.kms.katalon.core.keyword.builtin.CallTestCaseKeyword.execute(CallTestCaseKeyword.groovy:44)&#xD;
	at com.kms.katalon.core.keyword.internal.KeywordExecutor.executeKeywordForPlatform(KeywordExecutor.groovy:56)&#xD;
	at com.kms.katalon.core.keyword.BuiltinKeywords.callTestCase(BuiltinKeywords.groovy:334)&#xD;
	at Script1550559228254.run(Script1550559228254.groovy:35)&#xD;
	... 13 more&#xD;
)&#xD;
[[ATTACHMENT|D:\\Test\\AgileTest\\AgileTest\\Reports\\mobileWeb\\stm\\20190805_131400\\1564982249328.png]]&#xD;
&#xD;
2019-08-05 13:17:30 - [MESSAGE][FAILED] - Unable to call Test Case 'Test Cases/mobileWeb/_include/goToEnd_stm_autofill' (Root cause: com.kms.katalon.core.exception.StepFailedException: Call Test Case 'Test Cases/mobileWeb/_include/goToEnd_stm_autofill' failed&#xD;
	at com.kms.katalon.core.keyword.builtin.CallTestCaseKeyword$_callTestCase_closure1.doCall(CallTestCaseKeyword.groovy:63)&#xD;
	at com.kms.katalon.core.keyword.builtin.CallTestCaseKeyword$_callTestCase_closure1.call(CallTestCaseKeyword.groovy)&#xD;
	at com.kms.katalon.core.keyword.internal.KeywordMain.runKeyword(KeywordMain.groovy:68)&#xD;
	at com.kms.katalon.core.keyword.builtin.CallTestCaseKeyword.callTestCase(CallTestCaseKeyword.groovy:81)&#xD;
	at com.kms.katalon.core.keyword.builtin.CallTestCaseKeyword.execute(CallTestCaseKeyword.groovy:44)&#xD;
	at com.kms.katalon.core.keyword.internal.KeywordExecutor.executeKeywordForPlatform(KeywordExecutor.groovy:56)&#xD;
	at com.kms.katalon.core.keyword.BuiltinKeywords.callTestCase(BuiltinKeywords.groovy:334)&#xD;
	at AdvantHealth.run(AdvantHealth:35)&#xD;
	at com.kms.katalon.core.main.ScriptEngine.run(ScriptEngine.java:194)&#xD;
	at com.kms.katalon.core.main.ScriptEngine.runScriptAsRawText(ScriptEngine.java:119)&#xD;
	at com.kms.katalon.core.main.TestCaseExecutor.runScript(TestCaseExecutor.java:337)&#xD;
	at com.kms.katalon.core.main.TestCaseExecutor.doExecute(TestCaseExecutor.java:328)&#xD;
	at com.kms.katalon.core.main.TestCaseExecutor.processExecutionPhase(TestCaseExecutor.java:307)&#xD;
	at com.kms.katalon.core.main.TestCaseExecutor.accessMainPhase(TestCaseExecutor.java:299)&#xD;
	at com.kms.katalon.core.main.TestCaseExecutor.execute(TestCaseExecutor.java:233)&#xD;
	at com.kms.katalon.core.main.TestSuiteExecutor.accessTestCaseMainPhase(TestSuiteExecutor.java:133)&#xD;
	at com.kms.katalon.core.main.TestSuiteExecutor.accessTestSuiteMainPhase(TestSuiteExecutor.java:116)&#xD;
	at com.kms.katalon.core.main.TestSuiteExecutor.execute(TestSuiteExecutor.java:83)&#xD;
	at com.kms.katalon.core.main.TestCaseMain.startTestSuite(TestCaseMain.java:157)&#xD;
	at com.kms.katalon.core.main.TestCaseMain$startTestSuite$0.call(Unknown Source)&#xD;
	at TempTestSuite1564982040506.run(TempTestSuite1564982040506.groovy:35)&#xD;
Caused by: com.kms.katalon.core.exception.StepFailedException: Unable to click on object 'Object Repository/mobileSanity/STM/Page_App Page 2/a_Continue to Step 3 - Payment'&#xD;
	at com.kms.katalon.core.webui.keyword.internal.WebUIKeywordMain.stepFailed(WebUIKeywordMain.groovy:64)&#xD;
	at com.kms.katalon.core.webui.keyword.internal.WebUIKeywordMain.runKeyword(WebUIKeywordMain.groovy:26)&#xD;
	at com.kms.katalon.core.webui.keyword.builtin.ClickKeyword.click(ClickKeyword.groovy:86)&#xD;
	at com.kms.katalon.core.webui.keyword.builtin.ClickKeyword.execute(ClickKeyword.groovy:67)&#xD;
	at com.kms.katalon.core.keyword.internal.KeywordExecutor.executeKeywordForPlatform(KeywordExecutor.groovy:56)&#xD;
	at com.kms.katalon.core.webui.keyword.WebUiBuiltInKeywords.click(WebUiBuiltInKeywords.groovy:616)&#xD;
	at com.kms.katalon.core.webui.keyword.WebUiBuiltInKeywords$click$3.call(Unknown Source)&#xD;
	at goToEnd_stm_autofill.run(goToEnd_stm_autofill:61)&#xD;
	at com.kms.katalon.core.main.ScriptEngine.run(ScriptEngine.java:194)&#xD;
	at com.kms.katalon.core.main.ScriptEngine.runScriptAsRawText(ScriptEngine.java:119)&#xD;
	at com.kms.katalon.core.main.TestCaseExecutor.runScript(TestCaseExecutor.java:337)&#xD;
	at com.kms.katalon.core.main.TestCaseExecutor.doExecute(TestCaseExecutor.java:328)&#xD;
	at com.kms.katalon.core.main.TestCaseExecutor.processExecutionPhase(TestCaseExecutor.java:307)&#xD;
	at com.kms.katalon.core.main.TestCaseExecutor.accessMainPhase(TestCaseExecutor.java:299)&#xD;
	at com.kms.katalon.core.main.TestCaseExecutor.execute(TestCaseExecutor.java:233)&#xD;
	at com.kms.katalon.core.main.TestCaseMain.runTestCase(TestCaseMain.java:114)&#xD;
	at com.kms.katalon.core.keyword.builtin.CallTestCaseKeyword$_callTestCase_closure1.doCall(CallTestCaseKeyword.groovy:59)&#xD;
	... 20 more&#xD;
Caused by: com.kms.katalon.core.webui.exception.WebElementNotFoundException: Web element with id: 'Object Repository/mobileSanity/STM/Page_App Page 2/a_Continue to Step 3 - Payment' located by 'By.xpath: //a[@id = 'js-app-continue-link']' not found&#xD;
	at com.kms.katalon.core.webui.common.WebUiCommonHelper.findWebElement(WebUiCommonHelper.java:1097)&#xD;
	at com.kms.katalon.core.webui.keyword.internal.WebUIAbstractKeyword.findWebElement(WebUIAbstractKeyword.groovy:27)&#xD;
	at com.kms.katalon.core.webui.keyword.internal.WebUIAbstractKeyword.findWebElement(WebUIAbstractKeyword.groovy:26)&#xD;
	at com.kms.katalon.core.webui.keyword.builtin.ClickKeyword$_click_closure1.doCall(ClickKeyword.groovy:77)&#xD;
	at com.kms.katalon.core.webui.keyword.builtin.ClickKeyword$_click_closure1.call(ClickKeyword.groovy)&#xD;
	at com.kms.katalon.core.webui.keyword.internal.WebUIKeywordMain.runKeyword(WebUIKeywordMain.groovy:20)&#xD;
	... 35 more&#xD;
)</system-out>
            <system-err>2019-08-05 13:15:58 - [TEST_CASE][FAILED] - Test Cases/mobileWeb/stm/AdvantHealth: Test Cases/mobileWeb/stm/AdvantHealth FAILED.
Reason:
com.kms.katalon.core.exception.StepFailedException: Call Test Case 'Test Cases/mobileWeb/_include/goToEnd_stm_autofill' failed&#xD;
	at com.kms.katalon.core.keyword.builtin.CallTestCaseKeyword$_callTestCase_closure1.doCall(CallTestCaseKeyword.groovy:63)&#xD;
	at com.kms.katalon.core.keyword.builtin.CallTestCaseKeyword$_callTestCase_closure1.call(CallTestCaseKeyword.groovy)&#xD;
	at com.kms.katalon.core.keyword.internal.KeywordMain.runKeyword(KeywordMain.groovy:68)&#xD;
	at com.kms.katalon.core.keyword.builtin.CallTestCaseKeyword.callTestCase(CallTestCaseKeyword.groovy:81)&#xD;
	at com.kms.katalon.core.keyword.builtin.CallTestCaseKeyword.execute(CallTestCaseKeyword.groovy:44)&#xD;
	at com.kms.katalon.core.keyword.internal.KeywordExecutor.executeKeywordForPlatform(KeywordExecutor.groovy:56)&#xD;
	at com.kms.katalon.core.keyword.BuiltinKeywords.callTestCase(BuiltinKeywords.groovy:334)&#xD;
	at AdvantHealth.run(AdvantHealth:35)&#xD;
	at com.kms.katalon.core.main.ScriptEngine.run(ScriptEngine.java:194)&#xD;
	at com.kms.katalon.core.main.ScriptEngine.runScriptAsRawText(ScriptEngine.java:119)&#xD;
	at com.kms.katalon.core.main.TestCaseExecutor.runScript(TestCaseExecutor.java:337)&#xD;
	at com.kms.katalon.core.main.TestCaseExecutor.doExecute(TestCaseExecutor.java:328)&#xD;
	at com.kms.katalon.core.main.TestCaseExecutor.processExecutionPhase(TestCaseExecutor.java:307)&#xD;
	at com.kms.katalon.core.main.TestCaseExecutor.accessMainPhase(TestCaseExecutor.java:299)&#xD;
	at com.kms.katalon.core.main.TestCaseExecutor.execute(TestCaseExecutor.java:233)&#xD;
	at com.kms.katalon.core.main.TestSuiteExecutor.accessTestCaseMainPhase(TestSuiteExecutor.java:133)&#xD;
	at com.kms.katalon.core.main.TestSuiteExecutor.accessTestSuiteMainPhase(TestSuiteExecutor.java:116)&#xD;
	at com.kms.katalon.core.main.TestSuiteExecutor.execute(TestSuiteExecutor.java:83)&#xD;
	at com.kms.katalon.core.main.TestCaseMain.startTestSuite(TestCaseMain.java:157)&#xD;
	at com.kms.katalon.core.main.TestCaseMain$startTestSuite$0.call(Unknown Source)&#xD;
	at TempTestSuite1564982040506.run(TempTestSuite1564982040506.groovy:35)&#xD;
Caused by: com.kms.katalon.core.exception.StepFailedException: Unable to click on object 'Object Repository/mobileSanity/STM/Page_App Page 2/a_Continue to Step 3 - Payment'&#xD;
	at com.kms.katalon.core.webui.keyword.internal.WebUIKeywordMain.stepFailed(WebUIKeywordMain.groovy:64)&#xD;
	at com.kms.katalon.core.webui.keyword.internal.WebUIKeywordMain.runKeyword(WebUIKeywordMain.groovy:26)&#xD;
	at com.kms.katalon.core.webui.keyword.builtin.ClickKeyword.click(ClickKeyword.groovy:86)&#xD;
	at com.kms.katalon.core.webui.keyword.builtin.ClickKeyword.execute(ClickKeyword.groovy:67)&#xD;
	at com.kms.katalon.core.keyword.internal.KeywordExecutor.executeKeywordForPlatform(KeywordExecutor.groovy:56)&#xD;
	at com.kms.katalon.core.webui.keyword.WebUiBuiltInKeywords.click(WebUiBuiltInKeywords.groovy:616)&#xD;
	at com.kms.katalon.core.webui.keyword.WebUiBuiltInKeywords$click$3.call(Unknown Source)&#xD;
	at goToEnd_stm_autofill.run(goToEnd_stm_autofill:61)&#xD;
	at com.kms.katalon.core.main.ScriptEngine.run(ScriptEngine.java:194)&#xD;
	at com.kms.katalon.core.main.ScriptEngine.runScriptAsRawText(ScriptEngine.java:119)&#xD;
	at com.kms.katalon.core.main.TestCaseExecutor.runScript(TestCaseExecutor.java:337)&#xD;
	at com.kms.katalon.core.main.TestCaseExecutor.doExecute(TestCaseExecutor.java:328)&#xD;
	at com.kms.katalon.core.main.TestCaseExecutor.processExecutionPhase(TestCaseExecutor.java:307)&#xD;
	at com.kms.katalon.core.main.TestCaseExecutor.accessMainPhase(TestCaseExecutor.java:299)&#xD;
	at com.kms.katalon.core.main.TestCaseExecutor.execute(TestCaseExecutor.java:233)&#xD;
	at com.kms.katalon.core.main.TestCaseMain.runTestCase(TestCaseMain.java:114)&#xD;
	at com.kms.katalon.core.keyword.builtin.CallTestCaseKeyword$_callTestCase_closure1.doCall(CallTestCaseKeyword.groovy:59)&#xD;
	... 20 more&#xD;
Caused by: com.kms.katalon.core.webui.exception.WebElementNotFoundException: Web element with id: 'Object Repository/mobileSanity/STM/Page_App Page 2/a_Continue to Step 3 - Payment' located by 'By.xpath: //a[@id = 'js-app-continue-link']' not found&#xD;
	at com.kms.katalon.core.webui.common.WebUiCommonHelper.findWebElement(WebUiCommonHelper.java:1097)&#xD;
	at com.kms.katalon.core.webui.keyword.internal.WebUIAbstractKeyword.findWebElement(WebUIAbstractKeyword.groovy:27)&#xD;
	at com.kms.katalon.core.webui.keyword.internal.WebUIAbstractKeyword.findWebElement(WebUIAbstractKeyword.groovy:26)&#xD;
	at com.kms.katalon.core.webui.keyword.builtin.ClickKeyword$_click_closure1.doCall(ClickKeyword.groovy:77)&#xD;
	at com.kms.katalon.core.webui.keyword.builtin.ClickKeyword$_click_closure1.call(ClickKeyword.groovy)&#xD;
	at com.kms.katalon.core.webui.keyword.internal.WebUIKeywordMain.runKeyword(WebUIKeywordMain.groovy:20)&#xD;
	... 35 more</system-err>
        </testcase>
        <testcase name="Test Cases/mobileWeb/stm/Companion" classname="Test Cases/mobileWeb/stm/Companion" status="PASSED">
            <system-out>2019-08-05 13:17:30 - [TEST_CASE][PASSED] - Test Cases/mobileWeb/stm/Companion: Test Cases/mobileWeb/stm/Companion&#xD;
&#xD;
2019-08-05 13:17:30 - [TEST_STEP][PASSED] - callTestCase(findTestCase("mobileWeb/_include/get_screenPath"), ["productLine":"stm", "carrierName":"Companion"], CONTINUE_ON_FAILURE): Call Test Case 'Test Cases/mobileWeb/_include/get_screenPath' successfully&#xD;
&#xD;
2019-08-05 13:17:30 - [TEST_CASE][PASSED] - Test Cases/mobileWeb/_include/get_screenPath: Test Cases/mobileWeb/_include/get_screenPath&#xD;
&#xD;
2019-08-05 13:17:30 - [TEST_STEP][PASSED] - m = getExecutionProperties(): null&#xD;
&#xD;
2019-08-05 13:17:30 - [TEST_STEP][PASSED] - deviceName = get("mobileEmulation").get("deviceName"): null&#xD;
&#xD;
2019-08-05 13:17:30 - [TEST_STEP][PASSED] - println(deviceName): null&#xD;
&#xD;
2019-08-05 13:17:30 - [TEST_STEP][PASSED] - now = new java.util.Date(): null&#xD;
&#xD;
2019-08-05 13:17:30 - [TEST_STEP][PASSED] - mydate = now.format("yyyyMMdd_HHmmss"): null&#xD;
&#xD;
2019-08-05 13:17:30 - [TEST_STEP][PASSED] - screenPath = "../Screenshots/": null&#xD;
&#xD;
2019-08-05 13:17:30 - [TEST_STEP][PASSED] - screenPath = screenPath + deviceName + "/" + productLine + "/" + carrierName + "/" + mydate + "/": null&#xD;
&#xD;
2019-08-05 13:17:30 - [TEST_STEP][PASSED] - println(screenPath): null&#xD;
&#xD;
2019-08-05 13:17:30 - [MESSAGE][PASSED] - Call Test Case 'Test Cases/mobileWeb/_include/get_screenPath' successfully&#xD;
&#xD;
2019-08-05 13:17:30 - [TEST_STEP][PASSED] - i = 0: null&#xD;
&#xD;
2019-08-05 13:17:30 - [TEST_STEP][PASSED] - callTestCase(findTestCase("mobileWeb/_include/openWebSite"), [:], CONTINUE_ON_FAILURE): Call Test Case 'Test Cases/mobileWeb/_include/openWebSite' successfully&#xD;
&#xD;
2019-08-05 13:17:30 - [TEST_CASE][PASSED] - Test Cases/mobileWeb/_include/openWebSite: Test Cases/mobileWeb/_include/openWebSite&#xD;
&#xD;
2019-08-05 13:17:30 - [TEST_STEP][PASSED] - openBrowser(env): Browser is opened with url: 'https://praetemptatus.agilehealthinsurance.com'&#xD;
&#xD;
2019-08-05 13:17:30 - [MESSAGE][WARNING] - A browser is already opened. Closing browser and opening a new one&#xD;
&#xD;
2019-08-05 13:17:31 - [MESSAGE][INFO] - Starting 'Chrome' driver&#xD;
&#xD;
2019-08-05 13:17:31 - [MESSAGE][INFO] - User set preference: ['mobileEmulation', '{deviceName=iPhone X}']&#xD;
&#xD;
2019-08-05 13:17:31 - [MESSAGE][INFO] - User set preference: ['args', '[--incognito, --aggressive-cache-discard, --no-sandbox, --window-size=375,812]']&#xD;
&#xD;
2019-08-05 13:17:39 - [MESSAGE][PASSED] - Browser is opened with url: 'https://praetemptatus.agilehealthinsurance.com'&#xD;
&#xD;
2019-08-05 13:17:39 - [TEST_STEP][PASSED] - waitForPageLoad(10): Wait for page load successfully&#xD;
&#xD;
2019-08-05 13:17:39 - [MESSAGE][PASSED] - Wait for page load successfully&#xD;
&#xD;
2019-08-05 13:17:39 - [TEST_STEP][PASSED] - callTestCase(findTestCase("mobileWeb/_include/get_screenshot"), [:], STOP_ON_FAILURE): Call Test Case 'Test Cases/mobileWeb/_include/get_screenshot' successfully&#xD;
&#xD;
2019-08-05 13:17:39 - [TEST_CASE][PASSED] - Test Cases/mobileWeb/_include/get_screenshot: Test Cases/mobileWeb/_include/get_screenshot&#xD;
&#xD;
2019-08-05 13:17:39 - [TEST_STEP][PASSED] - takeScreenshot(screenPath + i + ".png"): Taking screenshot successfully&#xD;
&#xD;
2019-08-05 13:17:41 - [MESSAGE][PASSED] - Taking screenshot successfully&#xD;
[[ATTACHMENT|D:\\Test\\AgileTest\\AgileTest\\Reports\\mobileWeb\\stm\\20190805_131400\\../Screenshots/iPhone X/stm/Companion/20190805_131730/0.png]]&#xD;
&#xD;
2019-08-05 13:17:41 - [TEST_STEP][PASSED] - (internal.GlobalVariable.i++): null&#xD;
&#xD;
2019-08-05 13:17:41 - [MESSAGE][PASSED] - Call Test Case 'Test Cases/mobileWeb/_include/get_screenshot' successfully&#xD;
&#xD;
2019-08-05 13:17:41 - [MESSAGE][PASSED] - Call Test Case 'Test Cases/mobileWeb/_include/openWebSite' successfully&#xD;
&#xD;
2019-08-05 13:17:41 - [TEST_STEP][PASSED] - callTestCase(findTestCase("mobileWeb/_include/census_stm"), [:], CONTINUE_ON_FAILURE): Call Test Case 'Test Cases/mobileWeb/_include/census_stm' successfully&#xD;
&#xD;
2019-08-05 13:17:41 - [TEST_CASE][PASSED] - Test Cases/mobileWeb/_include/census_stm: Test Cases/mobileWeb/_include/census_stm&#xD;
&#xD;
2019-08-05 13:17:41 - [TEST_STEP][PASSED] - waitForElementClickable(findTestObject("mobileSanity/STM/Home Page/a_Quote  Save Today"), 10): Object 'Object Repository/mobileSanity/STM/Home Page/a_Quote  Save Today' is clickable&#xD;
&#xD;
2019-08-05 13:17:41 - [MESSAGE][PASSED] - Object 'Object Repository/mobileSanity/STM/Home Page/a_Quote  Save Today' is clickable&#xD;
&#xD;
2019-08-05 13:17:41 - [TEST_STEP][PASSED] - click(findTestObject("mobileSanity/STM/Home Page/a_Quote  Save Today")): Object: 'Object Repository/mobileSanity/STM/Home Page/a_Quote  Save Today' is clicked on&#xD;
&#xD;
2019-08-05 13:17:42 - [MESSAGE][PASSED] - Object: 'Object Repository/mobileSanity/STM/Home Page/a_Quote  Save Today' is clicked on&#xD;
&#xD;
2019-08-05 13:17:42 - [TEST_STEP][PASSED] - waitForPageLoad(10): Wait for page load successfully&#xD;
&#xD;
2019-08-05 13:17:42 - [MESSAGE][PASSED] - Wait for page load successfully&#xD;
&#xD;
2019-08-05 13:17:42 - [TEST_STEP][PASSED] - callTestCase(findTestCase("mobileWeb/_include/get_screenshot"), [:], STOP_ON_FAILURE): Call Test Case 'Test Cases/mobileWeb/_include/get_screenshot' successfully&#xD;
&#xD;
2019-08-05 13:17:42 - [TEST_CASE][PASSED] - Test Cases/mobileWeb/_include/get_screenshot: Test Cases/mobileWeb/_include/get_screenshot&#xD;
&#xD;
2019-08-05 13:17:42 - [TEST_STEP][PASSED] - takeScreenshot(screenPath + i + ".png"): Taking screenshot successfully&#xD;
&#xD;
2019-08-05 13:17:43 - [MESSAGE][PASSED] - Taking screenshot successfully&#xD;
[[ATTACHMENT|D:\\Test\\AgileTest\\AgileTest\\Reports\\mobileWeb\\stm\\20190805_131400\\../Screenshots/iPhone X/stm/Companion/20190805_131730/1.png]]&#xD;
&#xD;
2019-08-05 13:17:43 - [TEST_STEP][PASSED] - (internal.GlobalVariable.i++): null&#xD;
&#xD;
2019-08-05 13:17:43 - [MESSAGE][PASSED] - Call Test Case 'Test Cases/mobileWeb/_include/get_screenshot' successfully&#xD;
&#xD;
2019-08-05 13:17:43 - [TEST_STEP][PASSED] - setText(findTestObject("mobileSanity/STM/STM Census Page/input_Location_zip-input"), zipcode): Text '35215' is set on object 'Object Repository/mobileSanity/STM/STM Census Page/input_Location_zip-input'&#xD;
&#xD;
2019-08-05 13:17:44 - [MESSAGE][PASSED] - Text '35215' is set on object 'Object Repository/mobileSanity/STM/STM Census Page/input_Location_zip-input'&#xD;
&#xD;
2019-08-05 13:17:44 - [TEST_STEP][PASSED] - Thread.sleep(500): null&#xD;
&#xD;
2019-08-05 13:17:45 - [TEST_STEP][PASSED] - setText(findTestObject("mobileSanity/STM/STM Census Page/input_Date of Birth_dob-0"), "03031987"): Text '03031987' is set on object 'Object Repository/mobileSanity/STM/STM Census Page/input_Date of Birth_dob-0'&#xD;
&#xD;
2019-08-05 13:17:45 - [MESSAGE][PASSED] - Text '03031987' is set on object 'Object Repository/mobileSanity/STM/STM Census Page/input_Date of Birth_dob-0'&#xD;
&#xD;
2019-08-05 13:17:45 - [TEST_STEP][PASSED] - click(findTestObject("mobileSanity/STM/STM Census Page/label_Male")): Object: 'Object Repository/mobileSanity/STM/STM Census Page/label_Male' is clicked on&#xD;
&#xD;
2019-08-05 13:17:45 - [MESSAGE][PASSED] - Object: 'Object Repository/mobileSanity/STM/STM Census Page/label_Male' is clicked on&#xD;
&#xD;
2019-08-05 13:17:45 - [TEST_STEP][PASSED] - click(findTestObject("mobileSanity/STM/STM Census Page/label_Compare Plans")): Object: 'Object Repository/mobileSanity/STM/STM Census Page/label_Compare Plans' is clicked on&#xD;
&#xD;
2019-08-05 13:17:46 - [MESSAGE][PASSED] - Object: 'Object Repository/mobileSanity/STM/STM Census Page/label_Compare Plans' is clicked on&#xD;
&#xD;
2019-08-05 13:17:46 - [TEST_STEP][PASSED] - waitForElementVisible(findTestObject("mobileSanity/STM/STM Quote Page/button_sort"), 20): Object 'Object Repository/mobileSanity/STM/STM Quote Page/button_sort' is visible&#xD;
&#xD;
2019-08-05 13:17:51 - [MESSAGE][PASSED] - Object 'Object Repository/mobileSanity/STM/STM Quote Page/button_sort' is visible&#xD;
&#xD;
2019-08-05 13:17:51 - [TEST_STEP][PASSED] - Thread.sleep(3000): null&#xD;
&#xD;
2019-08-05 13:17:54 - [TEST_STEP][PASSED] - callTestCase(findTestCase("mobileWeb/_include/get_screenshot"), [:], STOP_ON_FAILURE): Call Test Case 'Test Cases/mobileWeb/_include/get_screenshot' successfully&#xD;
&#xD;
2019-08-05 13:17:54 - [TEST_CASE][PASSED] - Test Cases/mobileWeb/_include/get_screenshot: Test Cases/mobileWeb/_include/get_screenshot&#xD;
&#xD;
2019-08-05 13:17:54 - [TEST_STEP][PASSED] - takeScreenshot(screenPath + i + ".png"): Taking screenshot successfully&#xD;
&#xD;
2019-08-05 13:17:55 - [MESSAGE][PASSED] - Taking screenshot successfully&#xD;
[[ATTACHMENT|D:\\Test\\AgileTest\\AgileTest\\Reports\\mobileWeb\\stm\\20190805_131400\\../Screenshots/iPhone X/stm/Companion/20190805_131730/2.png]]&#xD;
&#xD;
2019-08-05 13:17:55 - [TEST_STEP][PASSED] - (internal.GlobalVariable.i++): null&#xD;
&#xD;
2019-08-05 13:17:55 - [MESSAGE][PASSED] - Call Test Case 'Test Cases/mobileWeb/_include/get_screenshot' successfully&#xD;
&#xD;
2019-08-05 13:17:55 - [TEST_STEP][PASSED] - Thread.sleep(1000): null&#xD;
&#xD;
2019-08-05 13:17:56 - [MESSAGE][PASSED] - Call Test Case 'Test Cases/mobileWeb/_include/census_stm' successfully&#xD;
&#xD;
2019-08-05 13:17:56 - [TEST_STEP][PASSED] - callTestCase(findTestCase("mobileWeb/_include/filter_stm"), ["carrier":"pivotcompanion"], STOP_ON_FAILURE): Call Test Case 'Test Cases/mobileWeb/_include/filter_stm' successfully&#xD;
&#xD;
2019-08-05 13:17:56 - [TEST_CASE][PASSED] - Test Cases/mobileWeb/_include/filter_stm: Test Cases/mobileWeb/_include/filter_stm&#xD;
&#xD;
2019-08-05 13:17:56 - [TEST_STEP][PASSED] - driver = getWebDriver(): null&#xD;
&#xD;
2019-08-05 13:17:56 - [TEST_STEP][PASSED] - selenium = new com.thoughtworks.selenium.webdriven.WebDriverBackedSelenium(driver, internal.GlobalVariable.ENV): null&#xD;
&#xD;
2019-08-05 13:17:56 - [TEST_STEP][PASSED] - Thread.sleep(1000): null&#xD;
&#xD;
2019-08-05 13:17:57 - [TEST_STEP][PASSED] - click(findTestObject("mobileSanity/STM/STM Quote Page/button_filters")): Object: 'Object Repository/mobileSanity/STM/STM Quote Page/button_filters' is clicked on&#xD;
&#xD;
2019-08-05 13:17:57 - [MESSAGE][PASSED] - Object: 'Object Repository/mobileSanity/STM/STM Quote Page/button_filters' is clicked on&#xD;
&#xD;
2019-08-05 13:17:57 - [TEST_STEP][PASSED] - Thread.sleep(1000): null&#xD;
&#xD;
2019-08-05 13:17:58 - [TEST_STEP][PASSED] - click(findTestObject("mobileSanity/STM/STM Quote Page/i_Insurance company")): Object: 'Object Repository/mobileSanity/STM/STM Quote Page/i_Insurance company' is clicked on&#xD;
&#xD;
2019-08-05 13:17:58 - [MESSAGE][PASSED] - Object: 'Object Repository/mobileSanity/STM/STM Quote Page/i_Insurance company' is clicked on&#xD;
&#xD;
2019-08-05 13:17:58 - [TEST_STEP][PASSED] - Thread.sleep(1000): null&#xD;
&#xD;
2019-08-05 13:17:59 - [TEST_STEP][PASSED] - filter_carrier = "//input[@name='filter[carrier]' and @value='" + carrier + "']/following::label": null&#xD;
&#xD;
2019-08-05 13:17:59 - [TEST_STEP][PASSED] - println(filter_carrier): null&#xD;
&#xD;
2019-08-05 13:17:59 - [TEST_STEP][PASSED] - test.MobileKeywords.clickJS_ByXpath(filter_carrier): test.MobileKeywords.clickJS_ByXpath is PASSED&#xD;
&#xD;
2019-08-05 13:18:00 - [MESSAGE][PASSED] - Execute JavaScript 'arguments[0].click()' successfully&#xD;
&#xD;
2019-08-05 13:18:00 - [MESSAGE][PASSED] - test.MobileKeywords.clickJS_ByXpath is PASSED&#xD;
&#xD;
2019-08-05 13:18:00 - [TEST_STEP][PASSED] - Thread.sleep(1000): null&#xD;
&#xD;
2019-08-05 13:18:01 - [TEST_STEP][PASSED] - scrollToElement(findTestObject("mobileSanity/STM/STM Quote Page/a_Show Plans"), 1000): Scroll to object 'Object Repository/mobileSanity/STM/STM Quote Page/a_Show Plans' successfully&#xD;
&#xD;
2019-08-05 13:18:01 - [MESSAGE][PASSED] - Scroll to object 'Object Repository/mobileSanity/STM/STM Quote Page/a_Show Plans' successfully&#xD;
&#xD;
2019-08-05 13:18:01 - [TEST_STEP][PASSED] - click(findTestObject("mobileSanity/STM/STM Quote Page/a_Show Plans")): Object: 'Object Repository/mobileSanity/STM/STM Quote Page/a_Show Plans' is clicked on&#xD;
&#xD;
2019-08-05 13:18:01 - [MESSAGE][PASSED] - Object: 'Object Repository/mobileSanity/STM/STM Quote Page/a_Show Plans' is clicked on&#xD;
&#xD;
2019-08-05 13:18:01 - [TEST_STEP][PASSED] - waitForJQueryLoad(10, STOP_ON_FAILURE): jQuery is ready.&#xD;
&#xD;
2019-08-05 13:18:01 - [MESSAGE][PASSED] - jQuery is ready.&#xD;
&#xD;
2019-08-05 13:18:01 - [TEST_STEP][PASSED] - Thread.sleep(2000): null&#xD;
&#xD;
2019-08-05 13:18:03 - [TEST_STEP][PASSED] - callTestCase(findTestCase("mobileWeb/_include/get_screenshot"), [:], STOP_ON_FAILURE): Call Test Case 'Test Cases/mobileWeb/_include/get_screenshot' successfully&#xD;
&#xD;
2019-08-05 13:18:04 - [TEST_CASE][PASSED] - Test Cases/mobileWeb/_include/get_screenshot: Test Cases/mobileWeb/_include/get_screenshot&#xD;
&#xD;
2019-08-05 13:18:04 - [TEST_STEP][PASSED] - takeScreenshot(screenPath + i + ".png"): Taking screenshot successfully&#xD;
&#xD;
2019-08-05 13:18:04 - [MESSAGE][PASSED] - Taking screenshot successfully&#xD;
[[ATTACHMENT|D:\\Test\\AgileTest\\AgileTest\\Reports\\mobileWeb\\stm\\20190805_131400\\../Screenshots/iPhone X/stm/Companion/20190805_131730/3.png]]&#xD;
&#xD;
2019-08-05 13:18:04 - [TEST_STEP][PASSED] - (internal.GlobalVariable.i++): null&#xD;
&#xD;
2019-08-05 13:18:04 - [MESSAGE][PASSED] - Call Test Case 'Test Cases/mobileWeb/_include/get_screenshot' successfully&#xD;
&#xD;
2019-08-05 13:18:04 - [MESSAGE][PASSED] - Call Test Case 'Test Cases/mobileWeb/_include/filter_stm' successfully&#xD;
&#xD;
2019-08-05 13:18:04 - [TEST_STEP][PASSED] - callTestCase(findTestCase("mobileWeb/_include/goToDetail_stm"), ["carrier":"pivot-health-choice"], STOP_ON_FAILURE): Call Test Case 'Test Cases/mobileWeb/_include/goToDetail_stm' successfully&#xD;
&#xD;
2019-08-05 13:18:04 - [TEST_CASE][PASSED] - Test Cases/mobileWeb/_include/goToDetail_stm: Test Cases/mobileWeb/_include/goToDetail_stm&#xD;
&#xD;
2019-08-05 13:18:04 - [TEST_STEP][PASSED] - driver = getWebDriver(): null&#xD;
&#xD;
2019-08-05 13:18:04 - [TEST_STEP][PASSED] - selenium = new com.thoughtworks.selenium.webdriven.WebDriverBackedSelenium(driver, internal.GlobalVariable.ENV): null&#xD;
&#xD;
2019-08-05 13:18:04 - [TEST_STEP][PASSED] - a_plan_name = "xpath=//a[contains(@href,'/term-health-insurance/plan/" + carrier + "')]": null&#xD;
&#xD;
2019-08-05 13:18:04 - [TEST_STEP][PASSED] - println(a_plan_name): null&#xD;
&#xD;
2019-08-05 13:18:04 - [TEST_STEP][PASSED] - selenium.click(a_plan_name): null&#xD;
&#xD;
2019-08-05 13:18:09 - [TEST_STEP][PASSED] - waitForPageLoad(10): Wait for page load successfully&#xD;
&#xD;
2019-08-05 13:18:09 - [MESSAGE][PASSED] - Wait for page load successfully&#xD;
&#xD;
2019-08-05 13:18:09 - [TEST_STEP][PASSED] - Thread.sleep(2000): null&#xD;
&#xD;
2019-08-05 13:18:11 - [TEST_STEP][PASSED] - callTestCase(findTestCase("mobileWeb/_include/get_screenshot"), [:], STOP_ON_FAILURE): Call Test Case 'Test Cases/mobileWeb/_include/get_screenshot' successfully&#xD;
&#xD;
2019-08-05 13:18:11 - [TEST_CASE][PASSED] - Test Cases/mobileWeb/_include/get_screenshot: Test Cases/mobileWeb/_include/get_screenshot&#xD;
&#xD;
2019-08-05 13:18:11 - [TEST_STEP][PASSED] - takeScreenshot(screenPath + i + ".png"): Taking screenshot successfully&#xD;
&#xD;
2019-08-05 13:18:12 - [MESSAGE][PASSED] - Taking screenshot successfully&#xD;
[[ATTACHMENT|D:\\Test\\AgileTest\\AgileTest\\Reports\\mobileWeb\\stm\\20190805_131400\\../Screenshots/iPhone X/stm/Companion/20190805_131730/4.png]]&#xD;
&#xD;
2019-08-05 13:18:12 - [TEST_STEP][PASSED] - (internal.GlobalVariable.i++): null&#xD;
&#xD;
2019-08-05 13:18:12 - [MESSAGE][PASSED] - Call Test Case 'Test Cases/mobileWeb/_include/get_screenshot' successfully&#xD;
&#xD;
2019-08-05 13:18:12 - [MESSAGE][PASSED] - Call Test Case 'Test Cases/mobileWeb/_include/goToDetail_stm' successfully&#xD;
&#xD;
2019-08-05 13:18:12 - [TEST_STEP][PASSED] - callTestCase(findTestCase("mobileWeb/_include/apply_stm"), [:], STOP_ON_FAILURE): Call Test Case 'Test Cases/mobileWeb/_include/apply_stm' successfully&#xD;
&#xD;
2019-08-05 13:18:12 - [TEST_CASE][PASSED] - Test Cases/mobileWeb/_include/apply_stm: Test Cases/mobileWeb/_include/apply_stm&#xD;
&#xD;
2019-08-05 13:18:12 - [TEST_STEP][PASSED] - waitForElementVisible(findTestObject("mobileSanity/STM/STM PlanDetail Page/a_Apply for This Plan"), 5): Object 'Object Repository/mobileSanity/STM/STM PlanDetail Page/a_Apply for This Plan' is visible&#xD;
&#xD;
2019-08-05 13:18:12 - [MESSAGE][PASSED] - Object 'Object Repository/mobileSanity/STM/STM PlanDetail Page/a_Apply for This Plan' is visible&#xD;
&#xD;
2019-08-05 13:18:12 - [TEST_STEP][PASSED] - click(findTestObject("mobileSanity/STM/STM PlanDetail Page/a_Apply for This Plan")): Object: 'Object Repository/mobileSanity/STM/STM PlanDetail Page/a_Apply for This Plan' is clicked on&#xD;
&#xD;
2019-08-05 13:18:14 - [MESSAGE][PASSED] - Object: 'Object Repository/mobileSanity/STM/STM PlanDetail Page/a_Apply for This Plan' is clicked on&#xD;
&#xD;
2019-08-05 13:18:14 - [TEST_STEP][PASSED] - waitForPageLoad(10): Wait for page load successfully&#xD;
&#xD;
2019-08-05 13:18:15 - [MESSAGE][PASSED] - Wait for page load successfully&#xD;
&#xD;
2019-08-05 13:18:15 - [TEST_STEP][PASSED] - Thread.sleep(2000): null&#xD;
&#xD;
2019-08-05 13:18:17 - [TEST_STEP][PASSED] - callTestCase(findTestCase("mobileWeb/_include/get_screenshot"), [:], STOP_ON_FAILURE): Call Test Case 'Test Cases/mobileWeb/_include/get_screenshot' successfully&#xD;
&#xD;
2019-08-05 13:18:17 - [TEST_CASE][PASSED] - Test Cases/mobileWeb/_include/get_screenshot: Test Cases/mobileWeb/_include/get_screenshot&#xD;
&#xD;
2019-08-05 13:18:17 - [TEST_STEP][PASSED] - takeScreenshot(screenPath + i + ".png"): Taking screenshot successfully&#xD;
&#xD;
2019-08-05 13:18:17 - [MESSAGE][PASSED] - Taking screenshot successfully&#xD;
[[ATTACHMENT|D:\\Test\\AgileTest\\AgileTest\\Reports\\mobileWeb\\stm\\20190805_131400\\../Screenshots/iPhone X/stm/Companion/20190805_131730/5.png]]&#xD;
&#xD;
2019-08-05 13:18:17 - [TEST_STEP][PASSED] - (internal.GlobalVariable.i++): null&#xD;
&#xD;
2019-08-05 13:18:17 - [MESSAGE][PASSED] - Call Test Case 'Test Cases/mobileWeb/_include/get_screenshot' successfully&#xD;
&#xD;
2019-08-05 13:18:17 - [TEST_STEP][PASSED] - waitForElementVisible(findTestObject("mobileSanity/STM/STM Apply Page/a_Start Secure Application"), 5): Object 'Object Repository/mobileSanity/STM/STM Apply Page/a_Start Secure Application' is visible&#xD;
&#xD;
2019-08-05 13:18:17 - [MESSAGE][PASSED] - Object 'Object Repository/mobileSanity/STM/STM Apply Page/a_Start Secure Application' is visible&#xD;
&#xD;
2019-08-05 13:18:17 - [TEST_STEP][PASSED] - click(findTestObject("mobileSanity/STM/STM Apply Page/a_Start Secure Application")): Object: 'Object Repository/mobileSanity/STM/STM Apply Page/a_Start Secure Application' is clicked on&#xD;
&#xD;
2019-08-05 13:18:20 - [MESSAGE][PASSED] - Object: 'Object Repository/mobileSanity/STM/STM Apply Page/a_Start Secure Application' is clicked on&#xD;
&#xD;
2019-08-05 13:18:20 - [TEST_STEP][PASSED] - waitForPageLoad(20): Wait for page load successfully&#xD;
&#xD;
2019-08-05 13:18:20 - [MESSAGE][PASSED] - Wait for page load successfully&#xD;
&#xD;
2019-08-05 13:18:20 - [TEST_STEP][PASSED] - Thread.sleep(2000): null&#xD;
&#xD;
2019-08-05 13:18:22 - [TEST_STEP][PASSED] - callTestCase(findTestCase("mobileWeb/_include/get_screenshot"), [:], STOP_ON_FAILURE): Call Test Case 'Test Cases/mobileWeb/_include/get_screenshot' successfully&#xD;
&#xD;
2019-08-05 13:18:22 - [TEST_CASE][PASSED] - Test Cases/mobileWeb/_include/get_screenshot: Test Cases/mobileWeb/_include/get_screenshot&#xD;
&#xD;
2019-08-05 13:18:22 - [TEST_STEP][PASSED] - takeScreenshot(screenPath + i + ".png"): Taking screenshot successfully&#xD;
&#xD;
2019-08-05 13:18:23 - [MESSAGE][PASSED] - Taking screenshot successfully&#xD;
[[ATTACHMENT|D:\\Test\\AgileTest\\AgileTest\\Reports\\mobileWeb\\stm\\20190805_131400\\../Screenshots/iPhone X/stm/Companion/20190805_131730/6.png]]&#xD;
&#xD;
2019-08-05 13:18:23 - [TEST_STEP][PASSED] - (internal.GlobalVariable.i++): null&#xD;
&#xD;
2019-08-05 13:18:23 - [MESSAGE][PASSED] - Call Test Case 'Test Cases/mobileWeb/_include/get_screenshot' successfully&#xD;
&#xD;
2019-08-05 13:18:23 - [MESSAGE][PASSED] - Call Test Case 'Test Cases/mobileWeb/_include/apply_stm' successfully&#xD;
&#xD;
2019-08-05 13:18:23 - [TEST_STEP][PASSED] - callTestCase(findTestCase("mobileWeb/_include/goToEnd_stm_autofill"), [:], STOP_ON_FAILURE): Call Test Case 'Test Cases/mobileWeb/_include/goToEnd_stm_autofill' successfully&#xD;
&#xD;
2019-08-05 13:18:23 - [TEST_CASE][PASSED] - Test Cases/mobileWeb/_include/goToEnd_stm_autofill: Test Cases/mobileWeb/_include/goToEnd_stm_autofill&#xD;
&#xD;
2019-08-05 13:18:23 - [TEST_STEP][PASSED] - callTestCase(findTestCase("mobileWeb/_include/name"), [:], CONTINUE_ON_FAILURE): Call Test Case 'Test Cases/mobileWeb/_include/name' successfully&#xD;
&#xD;
2019-08-05 13:18:23 - [TEST_CASE][PASSED] - Test Cases/mobileWeb/_include/name: Test Cases/mobileWeb/_include/name&#xD;
&#xD;
2019-08-05 13:18:23 - [TEST_STEP][PASSED] - driver = getWebDriver(): null&#xD;
&#xD;
2019-08-05 13:18:23 - [TEST_STEP][PASSED] - selenium = new com.thoughtworks.selenium.webdriven.WebDriverBackedSelenium(driver, internal.GlobalVariable.ENV): null&#xD;
&#xD;
2019-08-05 13:18:23 - [TEST_STEP][PASSED] - FirstName = "Test-123": null&#xD;
&#xD;
2019-08-05 13:18:23 - [TEST_STEP][PASSED] - LastName = selenium.getEval("{var x="ABCDEFGHIJKLMNOPQRSTUVWXYZabcdefghijklmnopqrstuvwxyz"; var tmp="ZZ11-"; for (i=0;i&lt;8;i++) tmp+=x.charAt(Math.ceil(51*Math.random()));tmp;}"): null&#xD;
&#xD;
2019-08-05 13:18:23 - [TEST_STEP][PASSED] - Address = selenium.getEval("{var x="ABCDEFGHIJKLMNOPQRSTUVWXYZabcdefghijklmnopqrstuvwxyz"; var tmp=""; for (i=0;i&lt;8;i++) tmp+=x.charAt(Math.ceil(51*Math.random()));tmp;}"): null&#xD;
&#xD;
2019-08-05 13:18:23 - [TEST_STEP][PASSED] - City = selenium.getEval("{var x="ABCDEFGHIJKLMNOPQRSTUVWXYZabcdefghijklmnopqrstuvwxyz"; var tmp=""; for (i=0;i&lt;8;i++) tmp+=x.charAt(Math.ceil(51*Math.random()));tmp;}"): null&#xD;
&#xD;
2019-08-05 13:18:23 - [TEST_STEP][PASSED] - tel1 = selenium.getEval("{var x="123456789"; var tmp=""; for (i=0;i&lt;3;i++) tmp+=x.charAt(Math.ceil(8*Math.random()));tmp;}"): null&#xD;
&#xD;
2019-08-05 13:18:23 - [TEST_STEP][PASSED] - tel2 = selenium.getEval("{var x="123456789"; var tmp=""; for (i=0;i&lt;3;i++) tmp+=x.charAt(Math.ceil(8*Math.random()));tmp;}"): null&#xD;
&#xD;
2019-08-05 13:18:23 - [TEST_STEP][PASSED] - tel3 = selenium.getEval("{var x="123456789"; var tmp=""; for (i=0;i&lt;4;i++) tmp+=x.charAt(Math.ceil(8*Math.random()));tmp;}"): null&#xD;
&#xD;
2019-08-05 13:18:23 - [TEST_STEP][PASSED] - Tel = selenium.getExpression(tel1 + "-" + tel2 + "-" + tel3): null&#xD;
&#xD;
2019-08-05 13:18:23 - [TEST_STEP][PASSED] - AutoEmail = selenium.getEval("{var x="ABCDEFGHIJKLMNOPQRSTUVWXYZabcdefghijklmnopqrstuvwxyz"; var tmp="test."; for (i=0;i&lt;8;i++) tmp+=x.charAt(Math.ceil(51*Math.random()));tmp+="@suryani.cn";}"): null&#xD;
&#xD;
2019-08-05 13:18:23 - [TEST_STEP][PASSED] - FirstName = FirstName: null&#xD;
&#xD;
2019-08-05 13:18:23 - [TEST_STEP][PASSED] - LastName = LastName: null&#xD;
&#xD;
2019-08-05 13:18:23 - [TEST_STEP][PASSED] - Address = Address: null&#xD;
&#xD;
2019-08-05 13:18:23 - [TEST_STEP][PASSED] - City = City: null&#xD;
&#xD;
2019-08-05 13:18:23 - [TEST_STEP][PASSED] - Tel = Tel: null&#xD;
&#xD;
2019-08-05 13:18:23 - [TEST_STEP][PASSED] - AutoEmail = AutoEmail: null&#xD;
&#xD;
2019-08-05 13:18:23 - [TEST_STEP][PASSED] - println(FirstName): null&#xD;
&#xD;
2019-08-05 13:18:23 - [TEST_STEP][PASSED] - println(LastName): null&#xD;
&#xD;
2019-08-05 13:18:23 - [TEST_STEP][PASSED] - println(Address): null&#xD;
&#xD;
2019-08-05 13:18:23 - [TEST_STEP][PASSED] - println(City): null&#xD;
&#xD;
2019-08-05 13:18:23 - [TEST_STEP][PASSED] - println(Tel): null&#xD;
&#xD;
2019-08-05 13:18:23 - [TEST_STEP][PASSED] - println(AutoEmail): null&#xD;
&#xD;
2019-08-05 13:18:23 - [MESSAGE][PASSED] - Call Test Case 'Test Cases/mobileWeb/_include/name' successfully&#xD;
&#xD;
2019-08-05 13:18:23 - [TEST_STEP][FAILED] - try: Unable to verify text 'Month Duration Acknowledgement' is present  (Root cause: com.kms.katalon.core.exception.StepFailedException: Unable to verify text 'Month Duration Acknowledgement' is present &#xD;
	at com.kms.katalon.core.webui.keyword.internal.WebUIKeywordMain.stepFailed(WebUIKeywordMain.groovy:64)&#xD;
	at com.kms.katalon.core.webui.keyword.internal.WebUIKeywordMain.runKeyword(WebUIKeywordMain.groovy:26)&#xD;
	at com.kms.katalon.core.webui.keyword.builtin.VerifyTextPresentKeyword.verifyTextPresent(VerifyTextPresentKeyword.groovy:83)&#xD;
	at com.kms.katalon.core.webui.keyword.builtin.VerifyTextPresentKeyword.execute(VerifyTextPresentKeyword.groovy:68)&#xD;
	at com.kms.katalon.core.keyword.internal.KeywordExecutor.executeKeywordForPlatform(KeywordExecutor.groovy:56)&#xD;
	at com.kms.katalon.core.webui.keyword.WebUiBuiltInKeywords.verifyTextPresent(WebUiBuiltInKeywords.groovy:1693)&#xD;
	at com.kms.katalon.core.webui.keyword.WebUiBuiltInKeywords$verifyTextPresent$9.call(Unknown Source)&#xD;
	at goToEnd_stm_autofill.run(goToEnd_stm_autofill:19)&#xD;
	at com.kms.katalon.core.main.ScriptEngine.run(ScriptEngine.java:194)&#xD;
	at com.kms.katalon.core.main.ScriptEngine.runScriptAsRawText(ScriptEngine.java:119)&#xD;
	at com.kms.katalon.core.main.TestCaseExecutor.runScript(TestCaseExecutor.java:337)&#xD;
	at com.kms.katalon.core.main.TestCaseExecutor.doExecute(TestCaseExecutor.java:328)&#xD;
	at com.kms.katalon.core.main.TestCaseExecutor.processExecutionPhase(TestCaseExecutor.java:307)&#xD;
	at com.kms.katalon.core.main.TestCaseExecutor.accessMainPhase(TestCaseExecutor.java:299)&#xD;
	at com.kms.katalon.core.main.TestCaseExecutor.execute(TestCaseExecutor.java:233)&#xD;
	at com.kms.katalon.core.main.TestCaseMain.runTestCase(TestCaseMain.java:114)&#xD;
	at com.kms.katalon.core.keyword.builtin.CallTestCaseKeyword$_callTestCase_closure1.doCall(CallTestCaseKeyword.groovy:59)&#xD;
	at com.kms.katalon.core.keyword.builtin.CallTestCaseKeyword$_callTestCase_closure1.call(CallTestCaseKeyword.groovy)&#xD;
	at com.kms.katalon.core.keyword.internal.KeywordMain.runKeyword(KeywordMain.groovy:68)&#xD;
	at com.kms.katalon.core.keyword.builtin.CallTestCaseKeyword.callTestCase(CallTestCaseKeyword.groovy:81)&#xD;
	at com.kms.katalon.core.keyword.builtin.CallTestCaseKeyword.execute(CallTestCaseKeyword.groovy:44)&#xD;
	at com.kms.katalon.core.keyword.internal.KeywordExecutor.executeKeywordForPlatform(KeywordExecutor.groovy:56)&#xD;
	at com.kms.katalon.core.keyword.BuiltinKeywords.callTestCase(BuiltinKeywords.groovy:334)&#xD;
	at Companion.run(Companion:31)&#xD;
	at com.kms.katalon.core.main.ScriptEngine.run(ScriptEngine.java:194)&#xD;
	at com.kms.katalon.core.main.ScriptEngine.runScriptAsRawText(ScriptEngine.java:119)&#xD;
	at com.kms.katalon.core.main.TestCaseExecutor.runScript(TestCaseExecutor.java:337)&#xD;
	at com.kms.katalon.core.main.TestCaseExecutor.doExecute(TestCaseExecutor.java:328)&#xD;
	at com.kms.katalon.core.main.TestCaseExecutor.processExecutionPhase(TestCaseExecutor.java:307)&#xD;
	at com.kms.katalon.core.main.TestCaseExecutor.accessMainPhase(TestCaseExecutor.java:299)&#xD;
	at com.kms.katalon.core.main.TestCaseExecutor.execute(TestCaseExecutor.java:233)&#xD;
	at com.kms.katalon.core.main.TestSuiteExecutor.accessTestCaseMainPhase(TestSuiteExecutor.java:133)&#xD;
	at com.kms.katalon.core.main.TestSuiteExecutor.accessTestSuiteMainPhase(TestSuiteExecutor.java:116)&#xD;
	at com.kms.katalon.core.main.TestSuiteExecutor.execute(TestSuiteExecutor.java:83)&#xD;
	at com.kms.katalon.core.main.TestCaseMain.startTestSuite(TestCaseMain.java:157)&#xD;
	at com.kms.katalon.core.main.TestCaseMain$startTestSuite$0.call(Unknown Source)&#xD;
	at TempTestSuite1564982040506.run(TempTestSuite1564982040506.groovy:35)&#xD;
Caused by: com.kms.katalon.core.exception.StepFailedException: Text 'Month Duration Acknowledgement' is not present on page &#xD;
	at com.kms.katalon.core.webui.keyword.internal.WebUIKeywordMain.stepFailed(WebUIKeywordMain.groovy:64)&#xD;
	at com.kms.katalon.core.webui.keyword.builtin.VerifyTextPresentKeyword$_verifyTextPresent_closure1.doCall(VerifyTextPresentKeyword.groovy:79)&#xD;
	at com.kms.katalon.core.webui.keyword.builtin.VerifyTextPresentKeyword$_verifyTextPresent_closure1.call(VerifyTextPresentKeyword.groovy)&#xD;
	at com.kms.katalon.core.webui.keyword.internal.WebUIKeywordMain.runKeyword(WebUIKeywordMain.groovy:20)&#xD;
	... 35 more&#xD;
)&#xD;
&#xD;
2019-08-05 13:18:23 - [TEST_STEP][FAILED] - if (verifyTextPresent("Month Duration Acknowledgement", false)): Unable to verify text 'Month Duration Acknowledgement' is present  (Root cause: com.kms.katalon.core.exception.StepFailedException: Unable to verify text 'Month Duration Acknowledgement' is present &#xD;
	at com.kms.katalon.core.webui.keyword.internal.WebUIKeywordMain.stepFailed(WebUIKeywordMain.groovy:64)&#xD;
	at com.kms.katalon.core.webui.keyword.internal.WebUIKeywordMain.runKeyword(WebUIKeywordMain.groovy:26)&#xD;
	at com.kms.katalon.core.webui.keyword.builtin.VerifyTextPresentKeyword.verifyTextPresent(VerifyTextPresentKeyword.groovy:83)&#xD;
	at com.kms.katalon.core.webui.keyword.builtin.VerifyTextPresentKeyword.execute(VerifyTextPresentKeyword.groovy:68)&#xD;
	at com.kms.katalon.core.keyword.internal.KeywordExecutor.executeKeywordForPlatform(KeywordExecutor.groovy:56)&#xD;
	at com.kms.katalon.core.webui.keyword.WebUiBuiltInKeywords.verifyTextPresent(WebUiBuiltInKeywords.groovy:1693)&#xD;
	at com.kms.katalon.core.webui.keyword.WebUiBuiltInKeywords$verifyTextPresent$9.call(Unknown Source)&#xD;
	at goToEnd_stm_autofill.run(goToEnd_stm_autofill:19)&#xD;
	at com.kms.katalon.core.main.ScriptEngine.run(ScriptEngine.java:194)&#xD;
	at com.kms.katalon.core.main.ScriptEngine.runScriptAsRawText(ScriptEngine.java:119)&#xD;
	at com.kms.katalon.core.main.TestCaseExecutor.runScript(TestCaseExecutor.java:337)&#xD;
	at com.kms.katalon.core.main.TestCaseExecutor.doExecute(TestCaseExecutor.java:328)&#xD;
	at com.kms.katalon.core.main.TestCaseExecutor.processExecutionPhase(TestCaseExecutor.java:307)&#xD;
	at com.kms.katalon.core.main.TestCaseExecutor.accessMainPhase(TestCaseExecutor.java:299)&#xD;
	at com.kms.katalon.core.main.TestCaseExecutor.execute(TestCaseExecutor.java:233)&#xD;
	at com.kms.katalon.core.main.TestCaseMain.runTestCase(TestCaseMain.java:114)&#xD;
	at com.kms.katalon.core.keyword.builtin.CallTestCaseKeyword$_callTestCase_closure1.doCall(CallTestCaseKeyword.groovy:59)&#xD;
	at com.kms.katalon.core.keyword.builtin.CallTestCaseKeyword$_callTestCase_closure1.call(CallTestCaseKeyword.groovy)&#xD;
	at com.kms.katalon.core.keyword.internal.KeywordMain.runKeyword(KeywordMain.groovy:68)&#xD;
	at com.kms.katalon.core.keyword.builtin.CallTestCaseKeyword.callTestCase(CallTestCaseKeyword.groovy:81)&#xD;
	at com.kms.katalon.core.keyword.builtin.CallTestCaseKeyword.execute(CallTestCaseKeyword.groovy:44)&#xD;
	at com.kms.katalon.core.keyword.internal.KeywordExecutor.executeKeywordForPlatform(KeywordExecutor.groovy:56)&#xD;
	at com.kms.katalon.core.keyword.BuiltinKeywords.callTestCase(BuiltinKeywords.groovy:334)&#xD;
	at Companion.run(Companion:31)&#xD;
	at com.kms.katalon.core.main.ScriptEngine.run(ScriptEngine.java:194)&#xD;
	at com.kms.katalon.core.main.ScriptEngine.runScriptAsRawText(ScriptEngine.java:119)&#xD;
	at com.kms.katalon.core.main.TestCaseExecutor.runScript(TestCaseExecutor.java:337)&#xD;
	at com.kms.katalon.core.main.TestCaseExecutor.doExecute(TestCaseExecutor.java:328)&#xD;
	at com.kms.katalon.core.main.TestCaseExecutor.processExecutionPhase(TestCaseExecutor.java:307)&#xD;
	at com.kms.katalon.core.main.TestCaseExecutor.accessMainPhase(TestCaseExecutor.java:299)&#xD;
	at com.kms.katalon.core.main.TestCaseExecutor.execute(TestCaseExecutor.java:233)&#xD;
	at com.kms.katalon.core.main.TestSuiteExecutor.accessTestCaseMainPhase(TestSuiteExecutor.java:133)&#xD;
	at com.kms.katalon.core.main.TestSuiteExecutor.accessTestSuiteMainPhase(TestSuiteExecutor.java:116)&#xD;
	at com.kms.katalon.core.main.TestSuiteExecutor.execute(TestSuiteExecutor.java:83)&#xD;
	at com.kms.katalon.core.main.TestCaseMain.startTestSuite(TestCaseMain.java:157)&#xD;
	at com.kms.katalon.core.main.TestCaseMain$startTestSuite$0.call(Unknown Source)&#xD;
	at TempTestSuite1564982040506.run(TempTestSuite1564982040506.groovy:35)&#xD;
Caused by: com.kms.katalon.core.exception.StepFailedException: Text 'Month Duration Acknowledgement' is not present on page &#xD;
	at com.kms.katalon.core.webui.keyword.internal.WebUIKeywordMain.stepFailed(WebUIKeywordMain.groovy:64)&#xD;
	at com.kms.katalon.core.webui.keyword.builtin.VerifyTextPresentKeyword$_verifyTextPresent_closure1.doCall(VerifyTextPresentKeyword.groovy:79)&#xD;
	at com.kms.katalon.core.webui.keyword.builtin.VerifyTextPresentKeyword$_verifyTextPresent_closure1.call(VerifyTextPresentKeyword.groovy)&#xD;
	at com.kms.katalon.core.webui.keyword.internal.WebUIKeywordMain.runKeyword(WebUIKeywordMain.groovy:20)&#xD;
	... 35 more&#xD;
)&#xD;
&#xD;
2019-08-05 13:18:24 - [MESSAGE][FAILED] - Text 'Month Duration Acknowledgement' is not present on page  (Root cause: com.kms.katalon.core.exception.StepFailedException: Text 'Month Duration Acknowledgement' is not present on page &#xD;
	at com.kms.katalon.core.webui.keyword.internal.WebUIKeywordMain.stepFailed(WebUIKeywordMain.groovy:64)&#xD;
	at com.kms.katalon.core.webui.keyword.builtin.VerifyTextPresentKeyword$_verifyTextPresent_closure1.doCall(VerifyTextPresentKeyword.groovy:79)&#xD;
	at com.kms.katalon.core.webui.keyword.builtin.VerifyTextPresentKeyword$_verifyTextPresent_closure1.call(VerifyTextPresentKeyword.groovy)&#xD;
	at com.kms.katalon.core.webui.keyword.internal.WebUIKeywordMain.runKeyword(WebUIKeywordMain.groovy:20)&#xD;
	at com.kms.katalon.core.webui.keyword.builtin.VerifyTextPresentKeyword.verifyTextPresent(VerifyTextPresentKeyword.groovy:83)&#xD;
	at com.kms.katalon.core.webui.keyword.builtin.VerifyTextPresentKeyword.execute(VerifyTextPresentKeyword.groovy:68)&#xD;
	at com.kms.katalon.core.keyword.internal.KeywordExecutor.executeKeywordForPlatform(KeywordExecutor.groovy:56)&#xD;
	at com.kms.katalon.core.webui.keyword.WebUiBuiltInKeywords.verifyTextPresent(WebUiBuiltInKeywords.groovy:1693)&#xD;
	at com.kms.katalon.core.webui.keyword.WebUiBuiltInKeywords$verifyTextPresent$9.call(Unknown Source)&#xD;
	at goToEnd_stm_autofill.run(goToEnd_stm_autofill:19)&#xD;
	at com.kms.katalon.core.main.ScriptEngine.run(ScriptEngine.java:194)&#xD;
	at com.kms.katalon.core.main.ScriptEngine.runScriptAsRawText(ScriptEngine.java:119)&#xD;
	at com.kms.katalon.core.main.TestCaseExecutor.runScript(TestCaseExecutor.java:337)&#xD;
	at com.kms.katalon.core.main.TestCaseExecutor.doExecute(TestCaseExecutor.java:328)&#xD;
	at com.kms.katalon.core.main.TestCaseExecutor.processExecutionPhase(TestCaseExecutor.java:307)&#xD;
	at com.kms.katalon.core.main.TestCaseExecutor.accessMainPhase(TestCaseExecutor.java:299)&#xD;
	at com.kms.katalon.core.main.TestCaseExecutor.execute(TestCaseExecutor.java:233)&#xD;
	at com.kms.katalon.core.main.TestCaseMain.runTestCase(TestCaseMain.java:114)&#xD;
	at com.kms.katalon.core.keyword.builtin.CallTestCaseKeyword$_callTestCase_closure1.doCall(CallTestCaseKeyword.groovy:59)&#xD;
	at com.kms.katalon.core.keyword.builtin.CallTestCaseKeyword$_callTestCase_closure1.call(CallTestCaseKeyword.groovy)&#xD;
	at com.kms.katalon.core.keyword.internal.KeywordMain.runKeyword(KeywordMain.groovy:68)&#xD;
	at com.kms.katalon.core.keyword.builtin.CallTestCaseKeyword.callTestCase(CallTestCaseKeyword.groovy:81)&#xD;
	at com.kms.katalon.core.keyword.builtin.CallTestCaseKeyword.execute(CallTestCaseKeyword.groovy:44)&#xD;
	at com.kms.katalon.core.keyword.internal.KeywordExecutor.executeKeywordForPlatform(KeywordExecutor.groovy:56)&#xD;
	at com.kms.katalon.core.keyword.BuiltinKeywords.callTestCase(BuiltinKeywords.groovy:334)&#xD;
	at Companion.run(Companion:31)&#xD;
	at com.kms.katalon.core.main.ScriptEngine.run(ScriptEngine.java:194)&#xD;
	at com.kms.katalon.core.main.ScriptEngine.runScriptAsRawText(ScriptEngine.java:119)&#xD;
	at com.kms.katalon.core.main.TestCaseExecutor.runScript(TestCaseExecutor.java:337)&#xD;
	at com.kms.katalon.core.main.TestCaseExecutor.doExecute(TestCaseExecutor.java:328)&#xD;
	at com.kms.katalon.core.main.TestCaseExecutor.processExecutionPhase(TestCaseExecutor.java:307)&#xD;
	at com.kms.katalon.core.main.TestCaseExecutor.accessMainPhase(TestCaseExecutor.java:299)&#xD;
	at com.kms.katalon.core.main.TestCaseExecutor.execute(TestCaseExecutor.java:233)&#xD;
	at com.kms.katalon.core.main.TestSuiteExecutor.accessTestCaseMainPhase(TestSuiteExecutor.java:133)&#xD;
	at com.kms.katalon.core.main.TestSuiteExecutor.accessTestSuiteMainPhase(TestSuiteExecutor.java:116)&#xD;
	at com.kms.katalon.core.main.TestSuiteExecutor.execute(TestSuiteExecutor.java:83)&#xD;
	at com.kms.katalon.core.main.TestCaseMain.startTestSuite(TestCaseMain.java:157)&#xD;
	at com.kms.katalon.core.main.TestCaseMain$startTestSuite$0.call(Unknown Source)&#xD;
	at TempTestSuite1564982040506.run(TempTestSuite1564982040506.groovy:35)&#xD;
)&#xD;
&#xD;
2019-08-05 13:18:24 - [MESSAGE][FAILED] - Unable to verify text 'Month Duration Acknowledgement' is present  (Root cause: com.kms.katalon.core.exception.StepFailedException: Unable to verify text 'Month Duration Acknowledgement' is present &#xD;
	at com.kms.katalon.core.webui.keyword.internal.WebUIKeywordMain.stepFailed(WebUIKeywordMain.groovy:64)&#xD;
	at com.kms.katalon.core.webui.keyword.internal.WebUIKeywordMain.runKeyword(WebUIKeywordMain.groovy:26)&#xD;
	at com.kms.katalon.core.webui.keyword.builtin.VerifyTextPresentKeyword.verifyTextPresent(VerifyTextPresentKeyword.groovy:83)&#xD;
	at com.kms.katalon.core.webui.keyword.builtin.VerifyTextPresentKeyword.execute(VerifyTextPresentKeyword.groovy:68)&#xD;
	at com.kms.katalon.core.keyword.internal.KeywordExecutor.executeKeywordForPlatform(KeywordExecutor.groovy:56)&#xD;
	at com.kms.katalon.core.webui.keyword.WebUiBuiltInKeywords.verifyTextPresent(WebUiBuiltInKeywords.groovy:1693)&#xD;
	at com.kms.katalon.core.webui.keyword.WebUiBuiltInKeywords$verifyTextPresent$9.call(Unknown Source)&#xD;
	at goToEnd_stm_autofill.run(goToEnd_stm_autofill:19)&#xD;
	at com.kms.katalon.core.main.ScriptEngine.run(ScriptEngine.java:194)&#xD;
	at com.kms.katalon.core.main.ScriptEngine.runScriptAsRawText(ScriptEngine.java:119)&#xD;
	at com.kms.katalon.core.main.TestCaseExecutor.runScript(TestCaseExecutor.java:337)&#xD;
	at com.kms.katalon.core.main.TestCaseExecutor.doExecute(TestCaseExecutor.java:328)&#xD;
	at com.kms.katalon.core.main.TestCaseExecutor.processExecutionPhase(TestCaseExecutor.java:307)&#xD;
	at com.kms.katalon.core.main.TestCaseExecutor.accessMainPhase(TestCaseExecutor.java:299)&#xD;
	at com.kms.katalon.core.main.TestCaseExecutor.execute(TestCaseExecutor.java:233)&#xD;
	at com.kms.katalon.core.main.TestCaseMain.runTestCase(TestCaseMain.java:114)&#xD;
	at com.kms.katalon.core.keyword.builtin.CallTestCaseKeyword$_callTestCase_closure1.doCall(CallTestCaseKeyword.groovy:59)&#xD;
	at com.kms.katalon.core.keyword.builtin.CallTestCaseKeyword$_callTestCase_closure1.call(CallTestCaseKeyword.groovy)&#xD;
	at com.kms.katalon.core.keyword.internal.KeywordMain.runKeyword(KeywordMain.groovy:68)&#xD;
	at com.kms.katalon.core.keyword.builtin.CallTestCaseKeyword.callTestCase(CallTestCaseKeyword.groovy:81)&#xD;
	at com.kms.katalon.core.keyword.builtin.CallTestCaseKeyword.execute(CallTestCaseKeyword.groovy:44)&#xD;
	at com.kms.katalon.core.keyword.internal.KeywordExecutor.executeKeywordForPlatform(KeywordExecutor.groovy:56)&#xD;
	at com.kms.katalon.core.keyword.BuiltinKeywords.callTestCase(BuiltinKeywords.groovy:334)&#xD;
	at Companion.run(Companion:31)&#xD;
	at com.kms.katalon.core.main.ScriptEngine.run(ScriptEngine.java:194)&#xD;
	at com.kms.katalon.core.main.ScriptEngine.runScriptAsRawText(ScriptEngine.java:119)&#xD;
	at com.kms.katalon.core.main.TestCaseExecutor.runScript(TestCaseExecutor.java:337)&#xD;
	at com.kms.katalon.core.main.TestCaseExecutor.doExecute(TestCaseExecutor.java:328)&#xD;
	at com.kms.katalon.core.main.TestCaseExecutor.processExecutionPhase(TestCaseExecutor.java:307)&#xD;
	at com.kms.katalon.core.main.TestCaseExecutor.accessMainPhase(TestCaseExecutor.java:299)&#xD;
	at com.kms.katalon.core.main.TestCaseExecutor.execute(TestCaseExecutor.java:233)&#xD;
	at com.kms.katalon.core.main.TestSuiteExecutor.accessTestCaseMainPhase(TestSuiteExecutor.java:133)&#xD;
	at com.kms.katalon.core.main.TestSuiteExecutor.accessTestSuiteMainPhase(TestSuiteExecutor.java:116)&#xD;
	at com.kms.katalon.core.main.TestSuiteExecutor.execute(TestSuiteExecutor.java:83)&#xD;
	at com.kms.katalon.core.main.TestCaseMain.startTestSuite(TestCaseMain.java:157)&#xD;
	at com.kms.katalon.core.main.TestCaseMain$startTestSuite$0.call(Unknown Source)&#xD;
	at TempTestSuite1564982040506.run(TempTestSuite1564982040506.groovy:35)&#xD;
Caused by: com.kms.katalon.core.exception.StepFailedException: Text 'Month Duration Acknowledgement' is not present on page &#xD;
	at com.kms.katalon.core.webui.keyword.internal.WebUIKeywordMain.stepFailed(WebUIKeywordMain.groovy:64)&#xD;
	at com.kms.katalon.core.webui.keyword.builtin.VerifyTextPresentKeyword$_verifyTextPresent_closure1.doCall(VerifyTextPresentKeyword.groovy:79)&#xD;
	at com.kms.katalon.core.webui.keyword.builtin.VerifyTextPresentKeyword$_verifyTextPresent_closure1.call(VerifyTextPresentKeyword.groovy)&#xD;
	at com.kms.katalon.core.webui.keyword.internal.WebUIKeywordMain.runKeyword(WebUIKeywordMain.groovy:20)&#xD;
	... 35 more&#xD;
)&#xD;
[[ATTACHMENT|D:\\Test\\AgileTest\\AgileTest\\Reports\\mobileWeb\\stm\\20190805_131400\\1564982304181.png]]&#xD;
&#xD;
2019-08-05 13:18:25 - [TEST_STEP][PASSED] - catch (Exception e): null&#xD;
&#xD;
2019-08-05 13:18:25 - [TEST_STEP][PASSED] - println("no consecutive"): null&#xD;
&#xD;
2019-08-05 13:18:25 - [TEST_STEP][PASSED] - waitForPageLoad(10): Wait for page load successfully&#xD;
&#xD;
2019-08-05 13:18:25 - [MESSAGE][PASSED] - Wait for page load successfully&#xD;
&#xD;
2019-08-05 13:18:25 - [TEST_STEP][PASSED] - Thread.sleep(3000): null&#xD;
&#xD;
2019-08-05 13:18:28 - [TEST_STEP][PASSED] - waitForElementVisible(findTestObject("mobileSanity/STM/Page_App Page 1/a_Autofill App Info"), 20): Object 'Object Repository/mobileSanity/STM/Page_App Page 1/a_Autofill App Info' is visible&#xD;
&#xD;
2019-08-05 13:18:28 - [MESSAGE][PASSED] - Object 'Object Repository/mobileSanity/STM/Page_App Page 1/a_Autofill App Info' is visible&#xD;
&#xD;
2019-08-05 13:18:28 - [TEST_STEP][PASSED] - click(findTestObject("mobileSanity/STM/Page_App Page 1/a_Autofill App Info")): Object: 'Object Repository/mobileSanity/STM/Page_App Page 1/a_Autofill App Info' is clicked on&#xD;
&#xD;
2019-08-05 13:18:28 - [MESSAGE][PASSED] - Object: 'Object Repository/mobileSanity/STM/Page_App Page 1/a_Autofill App Info' is clicked on&#xD;
&#xD;
2019-08-05 13:18:28 - [TEST_STEP][PASSED] - Thread.sleep(1000): null&#xD;
&#xD;
2019-08-05 13:18:29 - [TEST_STEP][PASSED] - click(findTestObject("mobileSanity/STM/Page_App Page 1/a_Autofill App Info")): Object: 'Object Repository/mobileSanity/STM/Page_App Page 1/a_Autofill App Info' is clicked on&#xD;
&#xD;
2019-08-05 13:18:29 - [MESSAGE][PASSED] - Object: 'Object Repository/mobileSanity/STM/Page_App Page 1/a_Autofill App Info' is clicked on&#xD;
&#xD;
2019-08-05 13:18:29 - [TEST_STEP][PASSED] - Thread.sleep(1000): null&#xD;
&#xD;
2019-08-05 13:18:30 - [TEST_STEP][PASSED] - waitForElementVisible(findTestObject("mobileSanity/STM/Page_App Page 1/a_Continue"), 20): Object 'Object Repository/mobileSanity/STM/Page_App Page 1/a_Continue' is visible&#xD;
&#xD;
2019-08-05 13:18:30 - [MESSAGE][PASSED] - Object 'Object Repository/mobileSanity/STM/Page_App Page 1/a_Continue' is visible&#xD;
&#xD;
2019-08-05 13:18:30 - [TEST_STEP][PASSED] - click(findTestObject("mobileSanity/STM/Page_App Page 1/a_Continue")): Object: 'Object Repository/mobileSanity/STM/Page_App Page 1/a_Continue' is clicked on&#xD;
&#xD;
2019-08-05 13:18:30 - [MESSAGE][PASSED] - Object: 'Object Repository/mobileSanity/STM/Page_App Page 1/a_Continue' is clicked on&#xD;
&#xD;
2019-08-05 13:18:30 - [TEST_STEP][PASSED] - waitForPageLoad(10): Wait for page load successfully&#xD;
&#xD;
2019-08-05 13:18:31 - [MESSAGE][PASSED] - Wait for page load successfully&#xD;
&#xD;
2019-08-05 13:18:31 - [TEST_STEP][PASSED] - Thread.sleep(2000): null&#xD;
&#xD;
2019-08-05 13:18:33 - [TEST_STEP][PASSED] - callTestCase(findTestCase("mobileWeb/_include/get_screenshot"), [:], STOP_ON_FAILURE): Call Test Case 'Test Cases/mobileWeb/_include/get_screenshot' successfully&#xD;
&#xD;
2019-08-05 13:18:33 - [TEST_CASE][PASSED] - Test Cases/mobileWeb/_include/get_screenshot: Test Cases/mobileWeb/_include/get_screenshot&#xD;
&#xD;
2019-08-05 13:18:33 - [TEST_STEP][PASSED] - takeScreenshot(screenPath + i + ".png"): Taking screenshot successfully&#xD;
&#xD;
2019-08-05 13:18:33 - [MESSAGE][PASSED] - Taking screenshot successfully&#xD;
[[ATTACHMENT|D:\\Test\\AgileTest\\AgileTest\\Reports\\mobileWeb\\stm\\20190805_131400\\../Screenshots/iPhone X/stm/Companion/20190805_131730/7.png]]&#xD;
&#xD;
2019-08-05 13:18:33 - [TEST_STEP][PASSED] - (internal.GlobalVariable.i++): null&#xD;
&#xD;
2019-08-05 13:18:33 - [MESSAGE][PASSED] - Call Test Case 'Test Cases/mobileWeb/_include/get_screenshot' successfully&#xD;
&#xD;
2019-08-05 13:18:33 - [TEST_STEP][PASSED] - click(findTestObject("mobileSanity/STM/Page_App Page 2/a_Continue to Step 3 - Payment")): Object: 'Object Repository/mobileSanity/STM/Page_App Page 2/a_Continue to Step 3 - Payment' is clicked on&#xD;
&#xD;
2019-08-05 13:18:33 - [MESSAGE][PASSED] - Object: 'Object Repository/mobileSanity/STM/Page_App Page 2/a_Continue to Step 3 - Payment' is clicked on&#xD;
&#xD;
2019-08-05 13:18:33 - [TEST_STEP][PASSED] - waitForPageLoad(10): Wait for page load successfully&#xD;
&#xD;
2019-08-05 13:18:33 - [MESSAGE][PASSED] - Wait for page load successfully&#xD;
&#xD;
2019-08-05 13:18:33 - [TEST_STEP][PASSED] - Thread.sleep(2000): null&#xD;
&#xD;
2019-08-05 13:18:35 - [TEST_STEP][PASSED] - callTestCase(findTestCase("mobileWeb/_include/get_screenshot"), [:], STOP_ON_FAILURE): Call Test Case 'Test Cases/mobileWeb/_include/get_screenshot' successfully&#xD;
&#xD;
2019-08-05 13:18:36 - [TEST_CASE][PASSED] - Test Cases/mobileWeb/_include/get_screenshot: Test Cases/mobileWeb/_include/get_screenshot&#xD;
&#xD;
2019-08-05 13:18:36 - [TEST_STEP][PASSED] - takeScreenshot(screenPath + i + ".png"): Taking screenshot successfully&#xD;
&#xD;
2019-08-05 13:18:36 - [MESSAGE][PASSED] - Taking screenshot successfully&#xD;
[[ATTACHMENT|D:\\Test\\AgileTest\\AgileTest\\Reports\\mobileWeb\\stm\\20190805_131400\\../Screenshots/iPhone X/stm/Companion/20190805_131730/8.png]]&#xD;
&#xD;
2019-08-05 13:18:36 - [TEST_STEP][PASSED] - (internal.GlobalVariable.i++): null&#xD;
&#xD;
2019-08-05 13:18:36 - [MESSAGE][PASSED] - Call Test Case 'Test Cases/mobileWeb/_include/get_screenshot' successfully&#xD;
&#xD;
2019-08-05 13:18:36 - [TEST_STEP][PASSED] - clearText(findTestObject("mobileSanity/STM/Page_App Page 3/input__credit-card-cvv")): Text of object 'Object Repository/mobileSanity/STM/Page_App Page 3/input__credit-card-cvv' is cleared&#xD;
&#xD;
2019-08-05 13:18:36 - [MESSAGE][PASSED] - Text of object 'Object Repository/mobileSanity/STM/Page_App Page 3/input__credit-card-cvv' is cleared&#xD;
&#xD;
2019-08-05 13:18:36 - [TEST_STEP][PASSED] - setText(findTestObject("mobileSanity/STM/Page_App Page 3/input__credit-card-cvv"), "123"): Text '123' is set on object 'Object Repository/mobileSanity/STM/Page_App Page 3/input__credit-card-cvv'&#xD;
&#xD;
2019-08-05 13:18:36 - [MESSAGE][PASSED] - Text '123' is set on object 'Object Repository/mobileSanity/STM/Page_App Page 3/input__credit-card-cvv'&#xD;
&#xD;
2019-08-05 13:18:36 - [TEST_STEP][PASSED] - click(findTestObject("mobileSanity/STM/Page_App Page 3/label_I Accept Authorization f")): Object: 'Object Repository/mobileSanity/STM/Page_App Page 3/label_I Accept Authorization f' is clicked on&#xD;
&#xD;
2019-08-05 13:18:37 - [MESSAGE][PASSED] - Object: 'Object Repository/mobileSanity/STM/Page_App Page 3/label_I Accept Authorization f' is clicked on&#xD;
&#xD;
2019-08-05 13:18:37 - [TEST_STEP][PASSED] - click(findTestObject("mobileSanity/STM/Page_App Page 3/a_Continue to Step 4 - Review")): Object: 'Object Repository/mobileSanity/STM/Page_App Page 3/a_Continue to Step 4 - Review' is clicked on&#xD;
&#xD;
2019-08-05 13:18:37 - [MESSAGE][PASSED] - Object: 'Object Repository/mobileSanity/STM/Page_App Page 3/a_Continue to Step 4 - Review' is clicked on&#xD;
&#xD;
2019-08-05 13:18:37 - [TEST_STEP][PASSED] - waitForPageLoad(10): Wait for page load successfully&#xD;
&#xD;
2019-08-05 13:18:37 - [MESSAGE][PASSED] - Wait for page load successfully&#xD;
&#xD;
2019-08-05 13:18:37 - [TEST_STEP][PASSED] - waitForElementClickable(findTestObject("mobileSanity/STM/Page_App Page 4/label"), 10): Web element with id: 'Object Repository/mobileSanity/STM/Page_App Page 4/label' located by 'By.xpath: //input[@id = 'consent-checkbox-0']' not found&#xD;
&#xD;
2019-08-05 13:18:49 - [MESSAGE][INFO] - Unable to find the element located by 'By.xpath: //input[@id = 'consent-checkbox-0']'. Please recheck the objects properties to make sure the desired element is located. &#xD;
&#xD;
2019-08-05 13:18:49 - [MESSAGE][WARNING] - Web element with id: 'Object Repository/mobileSanity/STM/Page_App Page 4/label' located by 'By.xpath: //input[@id = 'consent-checkbox-0']' not found&#xD;
&#xD;
2019-08-05 13:18:49 - [TEST_STEP][PASSED] - Thread.sleep(2000): null&#xD;
&#xD;
2019-08-05 13:18:51 - [TEST_STEP][PASSED] - callTestCase(findTestCase("mobileWeb/_include/get_screenshot"), [:], STOP_ON_FAILURE): Call Test Case 'Test Cases/mobileWeb/_include/get_screenshot' successfully&#xD;
&#xD;
2019-08-05 13:18:51 - [TEST_CASE][PASSED] - Test Cases/mobileWeb/_include/get_screenshot: Test Cases/mobileWeb/_include/get_screenshot&#xD;
&#xD;
2019-08-05 13:18:51 - [TEST_STEP][PASSED] - takeScreenshot(screenPath + i + ".png"): Taking screenshot successfully&#xD;
&#xD;
2019-08-05 13:18:52 - [MESSAGE][PASSED] - Taking screenshot successfully&#xD;
[[ATTACHMENT|D:\\Test\\AgileTest\\AgileTest\\Reports\\mobileWeb\\stm\\20190805_131400\\../Screenshots/iPhone X/stm/Companion/20190805_131730/9.png]]&#xD;
&#xD;
2019-08-05 13:18:52 - [TEST_STEP][PASSED] - (internal.GlobalVariable.i++): null&#xD;
&#xD;
2019-08-05 13:18:52 - [MESSAGE][PASSED] - Call Test Case 'Test Cases/mobileWeb/_include/get_screenshot' successfully&#xD;
&#xD;
2019-08-05 13:18:52 - [TEST_STEP][PASSED] - click(findTestObject("mobileSanity/STM/Page_App Page 4/label")): Object: 'Object Repository/mobileSanity/STM/Page_App Page 4/label' is clicked on&#xD;
&#xD;
2019-08-05 13:18:52 - [MESSAGE][PASSED] - Object: 'Object Repository/mobileSanity/STM/Page_App Page 4/label' is clicked on&#xD;
&#xD;
2019-08-05 13:18:52 - [TEST_STEP][PASSED] - click(findTestObject("mobileSanity/STM/Page_App Page 4/div_CLICK TO SIGN")): Object: 'Object Repository/mobileSanity/STM/Page_App Page 4/div_CLICK TO SIGN' is clicked on&#xD;
&#xD;
2019-08-05 13:18:52 - [MESSAGE][PASSED] - Object: 'Object Repository/mobileSanity/STM/Page_App Page 4/div_CLICK TO SIGN' is clicked on&#xD;
&#xD;
2019-08-05 13:18:52 - [TEST_STEP][PASSED] - click(findTestObject("mobileSanity/STM/Page_App Page 4/a_Submit Your Application")): Object: 'Object Repository/mobileSanity/STM/Page_App Page 4/a_Submit Your Application' is clicked on&#xD;
&#xD;
2019-08-05 13:18:52 - [MESSAGE][PASSED] - Object: 'Object Repository/mobileSanity/STM/Page_App Page 4/a_Submit Your Application' is clicked on&#xD;
&#xD;
2019-08-05 13:18:52 - [TEST_STEP][PASSED] - Thread.sleep(30000): null&#xD;
&#xD;
2019-08-05 13:19:22 - [TEST_STEP][PASSED] - callTestCase(findTestCase("mobileWeb/_include/get_screenshot"), [:], STOP_ON_FAILURE): Call Test Case 'Test Cases/mobileWeb/_include/get_screenshot' successfully&#xD;
&#xD;
2019-08-05 13:19:22 - [TEST_CASE][PASSED] - Test Cases/mobileWeb/_include/get_screenshot: Test Cases/mobileWeb/_include/get_screenshot&#xD;
&#xD;
2019-08-05 13:19:22 - [TEST_STEP][PASSED] - takeScreenshot(screenPath + i + ".png"): Taking screenshot successfully&#xD;
&#xD;
2019-08-05 13:19:23 - [MESSAGE][PASSED] - Taking screenshot successfully&#xD;
[[ATTACHMENT|D:\\Test\\AgileTest\\AgileTest\\Reports\\mobileWeb\\stm\\20190805_131400\\../Screenshots/iPhone X/stm/Companion/20190805_131730/10.png]]&#xD;
&#xD;
2019-08-05 13:19:23 - [TEST_STEP][PASSED] - (internal.GlobalVariable.i++): null&#xD;
&#xD;
2019-08-05 13:19:23 - [MESSAGE][PASSED] - Call Test Case 'Test Cases/mobileWeb/_include/get_screenshot' successfully&#xD;
&#xD;
2019-08-05 13:19:23 - [TEST_STEP][PASSED] - waitForElementPresent(findTestObject("mobileSanity/STM/Page_App Page 6/span_planName"), 30): Object 'Object Repository/mobileSanity/STM/Page_App Page 6/span_planName' is present&#xD;
&#xD;
2019-08-05 13:19:23 - [MESSAGE][PASSED] - Object 'Object Repository/mobileSanity/STM/Page_App Page 6/span_planName' is present&#xD;
&#xD;
2019-08-05 13:19:23 - [TEST_STEP][PASSED] - verifyElementPresent(findTestObject("mobileSanity/STM/Page_App Page 6/span_planName"), 20): Object 'Object Repository/mobileSanity/STM/Page_App Page 6/span_planName' is present&#xD;
&#xD;
2019-08-05 13:19:23 - [MESSAGE][PASSED] - Object 'Object Repository/mobileSanity/STM/Page_App Page 6/span_planName' is present&#xD;
&#xD;
2019-08-05 13:19:23 - [TEST_STEP][PASSED] - verifyElementPresent(findTestObject("mobileSanity/STM/Page_App Page 6/span_approved"), 20): Object 'Object Repository/mobileSanity/STM/Page_App Page 6/span_approved' is present&#xD;
&#xD;
2019-08-05 13:19:23 - [MESSAGE][PASSED] - Object 'Object Repository/mobileSanity/STM/Page_App Page 6/span_approved' is present&#xD;
&#xD;
2019-08-05 13:19:23 - [MESSAGE][PASSED] - Call Test Case 'Test Cases/mobileWeb/_include/goToEnd_stm_autofill' successfully</system-out>
            <system-err></system-err>
        </testcase>
        <testcase name="Test Cases/mobileWeb/stm/Everest" classname="Test Cases/mobileWeb/stm/Everest" status="PASSED">
            <system-out>2019-08-05 13:19:23 - [TEST_CASE][PASSED] - Test Cases/mobileWeb/stm/Everest: Test Cases/mobileWeb/stm/Everest&#xD;
&#xD;
2019-08-05 13:19:23 - [TEST_STEP][PASSED] - callTestCase(findTestCase("mobileWeb/_include/get_screenPath"), ["productLine":"stm", "carrierName":"Everest"], CONTINUE_ON_FAILURE): Call Test Case 'Test Cases/mobileWeb/_include/get_screenPath' successfully&#xD;
&#xD;
2019-08-05 13:19:23 - [TEST_CASE][PASSED] - Test Cases/mobileWeb/_include/get_screenPath: Test Cases/mobileWeb/_include/get_screenPath&#xD;
&#xD;
2019-08-05 13:19:23 - [TEST_STEP][PASSED] - m = getExecutionProperties(): null&#xD;
&#xD;
2019-08-05 13:19:23 - [TEST_STEP][PASSED] - deviceName = get("mobileEmulation").get("deviceName"): null&#xD;
&#xD;
2019-08-05 13:19:23 - [TEST_STEP][PASSED] - println(deviceName): null&#xD;
&#xD;
2019-08-05 13:19:23 - [TEST_STEP][PASSED] - now = new java.util.Date(): null&#xD;
&#xD;
2019-08-05 13:19:23 - [TEST_STEP][PASSED] - mydate = now.format("yyyyMMdd_HHmmss"): null&#xD;
&#xD;
2019-08-05 13:19:23 - [TEST_STEP][PASSED] - screenPath = "../Screenshots/": null&#xD;
&#xD;
2019-08-05 13:19:23 - [TEST_STEP][PASSED] - screenPath = screenPath + deviceName + "/" + productLine + "/" + carrierName + "/" + mydate + "/": null&#xD;
&#xD;
2019-08-05 13:19:23 - [TEST_STEP][PASSED] - println(screenPath): null&#xD;
&#xD;
2019-08-05 13:19:23 - [MESSAGE][PASSED] - Call Test Case 'Test Cases/mobileWeb/_include/get_screenPath' successfully&#xD;
&#xD;
2019-08-05 13:19:23 - [TEST_STEP][PASSED] - i = 0: null&#xD;
&#xD;
2019-08-05 13:19:23 - [TEST_STEP][PASSED] - callTestCase(findTestCase("mobileWeb/_include/openWebSite"), [:], STOP_ON_FAILURE): Call Test Case 'Test Cases/mobileWeb/_include/openWebSite' successfully&#xD;
&#xD;
2019-08-05 13:19:23 - [TEST_CASE][PASSED] - Test Cases/mobileWeb/_include/openWebSite: Test Cases/mobileWeb/_include/openWebSite&#xD;
&#xD;
2019-08-05 13:19:23 - [TEST_STEP][PASSED] - openBrowser(env): Browser is opened with url: 'https://praetemptatus.agilehealthinsurance.com'&#xD;
&#xD;
2019-08-05 13:19:23 - [MESSAGE][WARNING] - A browser is already opened. Closing browser and opening a new one&#xD;
&#xD;
2019-08-05 13:19:24 - [MESSAGE][INFO] - Starting 'Chrome' driver&#xD;
&#xD;
2019-08-05 13:19:24 - [MESSAGE][INFO] - User set preference: ['mobileEmulation', '{deviceName=iPhone X}']&#xD;
&#xD;
2019-08-05 13:19:24 - [MESSAGE][INFO] - User set preference: ['args', '[--incognito, --aggressive-cache-discard, --no-sandbox, --window-size=375,812]']&#xD;
&#xD;
2019-08-05 13:19:31 - [MESSAGE][PASSED] - Browser is opened with url: 'https://praetemptatus.agilehealthinsurance.com'&#xD;
&#xD;
2019-08-05 13:19:31 - [TEST_STEP][PASSED] - waitForPageLoad(10): Wait for page load successfully&#xD;
&#xD;
2019-08-05 13:19:31 - [MESSAGE][PASSED] - Wait for page load successfully&#xD;
&#xD;
2019-08-05 13:19:31 - [TEST_STEP][PASSED] - callTestCase(findTestCase("mobileWeb/_include/get_screenshot"), [:], STOP_ON_FAILURE): Call Test Case 'Test Cases/mobileWeb/_include/get_screenshot' successfully&#xD;
&#xD;
2019-08-05 13:19:31 - [TEST_CASE][PASSED] - Test Cases/mobileWeb/_include/get_screenshot: Test Cases/mobileWeb/_include/get_screenshot&#xD;
&#xD;
2019-08-05 13:19:31 - [TEST_STEP][PASSED] - takeScreenshot(screenPath + i + ".png"): Taking screenshot successfully&#xD;
&#xD;
2019-08-05 13:19:32 - [MESSAGE][PASSED] - Taking screenshot successfully&#xD;
[[ATTACHMENT|D:\\Test\\AgileTest\\AgileTest\\Reports\\mobileWeb\\stm\\20190805_131400\\../Screenshots/iPhone X/stm/Everest/20190805_131923/0.png]]&#xD;
&#xD;
2019-08-05 13:19:32 - [TEST_STEP][PASSED] - (internal.GlobalVariable.i++): null&#xD;
&#xD;
2019-08-05 13:19:32 - [MESSAGE][PASSED] - Call Test Case 'Test Cases/mobileWeb/_include/get_screenshot' successfully&#xD;
&#xD;
2019-08-05 13:19:32 - [MESSAGE][PASSED] - Call Test Case 'Test Cases/mobileWeb/_include/openWebSite' successfully&#xD;
&#xD;
2019-08-05 13:19:32 - [TEST_STEP][PASSED] - callTestCase(findTestCase("mobileWeb/_include/census_stm"), ["zipcode":"83709"], STOP_ON_FAILURE): Call Test Case 'Test Cases/mobileWeb/_include/census_stm' successfully&#xD;
&#xD;
2019-08-05 13:19:32 - [TEST_CASE][PASSED] - Test Cases/mobileWeb/_include/census_stm: Test Cases/mobileWeb/_include/census_stm&#xD;
&#xD;
2019-08-05 13:19:32 - [TEST_STEP][PASSED] - waitForElementClickable(findTestObject("mobileSanity/STM/Home Page/a_Quote  Save Today"), 10): Object 'Object Repository/mobileSanity/STM/Home Page/a_Quote  Save Today' is clickable&#xD;
&#xD;
2019-08-05 13:19:32 - [MESSAGE][PASSED] - Object 'Object Repository/mobileSanity/STM/Home Page/a_Quote  Save Today' is clickable&#xD;
&#xD;
2019-08-05 13:19:32 - [TEST_STEP][PASSED] - click(findTestObject("mobileSanity/STM/Home Page/a_Quote  Save Today")): Object: 'Object Repository/mobileSanity/STM/Home Page/a_Quote  Save Today' is clicked on&#xD;
&#xD;
2019-08-05 13:19:33 - [MESSAGE][PASSED] - Object: 'Object Repository/mobileSanity/STM/Home Page/a_Quote  Save Today' is clicked on&#xD;
&#xD;
2019-08-05 13:19:33 - [TEST_STEP][PASSED] - waitForPageLoad(10): Wait for page load successfully&#xD;
&#xD;
2019-08-05 13:19:33 - [MESSAGE][PASSED] - Wait for page load successfully&#xD;
&#xD;
2019-08-05 13:19:33 - [TEST_STEP][PASSED] - callTestCase(findTestCase("mobileWeb/_include/get_screenshot"), [:], STOP_ON_FAILURE): Call Test Case 'Test Cases/mobileWeb/_include/get_screenshot' successfully&#xD;
&#xD;
2019-08-05 13:19:34 - [TEST_CASE][PASSED] - Test Cases/mobileWeb/_include/get_screenshot: Test Cases/mobileWeb/_include/get_screenshot&#xD;
&#xD;
2019-08-05 13:19:34 - [TEST_STEP][PASSED] - takeScreenshot(screenPath + i + ".png"): Taking screenshot successfully&#xD;
&#xD;
2019-08-05 13:19:36 - [MESSAGE][PASSED] - Taking screenshot successfully&#xD;
[[ATTACHMENT|D:\\Test\\AgileTest\\AgileTest\\Reports\\mobileWeb\\stm\\20190805_131400\\../Screenshots/iPhone X/stm/Everest/20190805_131923/1.png]]&#xD;
&#xD;
2019-08-05 13:19:36 - [TEST_STEP][PASSED] - (internal.GlobalVariable.i++): null&#xD;
&#xD;
2019-08-05 13:19:36 - [MESSAGE][PASSED] - Call Test Case 'Test Cases/mobileWeb/_include/get_screenshot' successfully&#xD;
&#xD;
2019-08-05 13:19:36 - [TEST_STEP][PASSED] - setText(findTestObject("mobileSanity/STM/STM Census Page/input_Location_zip-input"), zipcode): Text '83709' is set on object 'Object Repository/mobileSanity/STM/STM Census Page/input_Location_zip-input'&#xD;
&#xD;
2019-08-05 13:19:36 - [MESSAGE][PASSED] - Text '83709' is set on object 'Object Repository/mobileSanity/STM/STM Census Page/input_Location_zip-input'&#xD;
&#xD;
2019-08-05 13:19:36 - [TEST_STEP][PASSED] - Thread.sleep(500): null&#xD;
&#xD;
2019-08-05 13:19:37 - [TEST_STEP][PASSED] - setText(findTestObject("mobileSanity/STM/STM Census Page/input_Date of Birth_dob-0"), "03031987"): Text '03031987' is set on object 'Object Repository/mobileSanity/STM/STM Census Page/input_Date of Birth_dob-0'&#xD;
&#xD;
2019-08-05 13:19:37 - [MESSAGE][PASSED] - Text '03031987' is set on object 'Object Repository/mobileSanity/STM/STM Census Page/input_Date of Birth_dob-0'&#xD;
&#xD;
2019-08-05 13:19:37 - [TEST_STEP][PASSED] - click(findTestObject("mobileSanity/STM/STM Census Page/label_Male")): Object: 'Object Repository/mobileSanity/STM/STM Census Page/label_Male' is clicked on&#xD;
&#xD;
2019-08-05 13:19:37 - [MESSAGE][PASSED] - Object: 'Object Repository/mobileSanity/STM/STM Census Page/label_Male' is clicked on&#xD;
&#xD;
2019-08-05 13:19:37 - [TEST_STEP][PASSED] - click(findTestObject("mobileSanity/STM/STM Census Page/label_Compare Plans")): Object: 'Object Repository/mobileSanity/STM/STM Census Page/label_Compare Plans' is clicked on&#xD;
&#xD;
2019-08-05 13:19:37 - [MESSAGE][PASSED] - Object: 'Object Repository/mobileSanity/STM/STM Census Page/label_Compare Plans' is clicked on&#xD;
&#xD;
2019-08-05 13:19:37 - [TEST_STEP][PASSED] - waitForElementVisible(findTestObject("mobileSanity/STM/STM Quote Page/button_sort"), 20): Object 'Object Repository/mobileSanity/STM/STM Quote Page/button_sort' is visible&#xD;
&#xD;
2019-08-05 13:19:42 - [MESSAGE][PASSED] - Object 'Object Repository/mobileSanity/STM/STM Quote Page/button_sort' is visible&#xD;
&#xD;
2019-08-05 13:19:42 - [TEST_STEP][PASSED] - Thread.sleep(3000): null&#xD;
&#xD;
2019-08-05 13:19:45 - [TEST_STEP][PASSED] - callTestCase(findTestCase("mobileWeb/_include/get_screenshot"), [:], STOP_ON_FAILURE): Call Test Case 'Test Cases/mobileWeb/_include/get_screenshot' successfully&#xD;
&#xD;
2019-08-05 13:19:45 - [TEST_CASE][PASSED] - Test Cases/mobileWeb/_include/get_screenshot: Test Cases/mobileWeb/_include/get_screenshot&#xD;
&#xD;
2019-08-05 13:19:45 - [TEST_STEP][PASSED] - takeScreenshot(screenPath + i + ".png"): Taking screenshot successfully&#xD;
&#xD;
2019-08-05 13:19:45 - [MESSAGE][PASSED] - Taking screenshot successfully&#xD;
[[ATTACHMENT|D:\\Test\\AgileTest\\AgileTest\\Reports\\mobileWeb\\stm\\20190805_131400\\../Screenshots/iPhone X/stm/Everest/20190805_131923/2.png]]&#xD;
&#xD;
2019-08-05 13:19:45 - [TEST_STEP][PASSED] - (internal.GlobalVariable.i++): null&#xD;
&#xD;
2019-08-05 13:19:45 - [MESSAGE][PASSED] - Call Test Case 'Test Cases/mobileWeb/_include/get_screenshot' successfully&#xD;
&#xD;
2019-08-05 13:19:45 - [TEST_STEP][PASSED] - Thread.sleep(1000): null&#xD;
&#xD;
2019-08-05 13:19:46 - [MESSAGE][PASSED] - Call Test Case 'Test Cases/mobileWeb/_include/census_stm' successfully&#xD;
&#xD;
2019-08-05 13:19:46 - [TEST_STEP][PASSED] - callTestCase(findTestCase("mobileWeb/_include/filter_stm"), ["carrier":"everest-one"], STOP_ON_FAILURE): Call Test Case 'Test Cases/mobileWeb/_include/filter_stm' successfully&#xD;
&#xD;
2019-08-05 13:19:47 - [TEST_CASE][PASSED] - Test Cases/mobileWeb/_include/filter_stm: Test Cases/mobileWeb/_include/filter_stm&#xD;
&#xD;
2019-08-05 13:19:47 - [TEST_STEP][PASSED] - driver = getWebDriver(): null&#xD;
&#xD;
2019-08-05 13:19:47 - [TEST_STEP][PASSED] - selenium = new com.thoughtworks.selenium.webdriven.WebDriverBackedSelenium(driver, internal.GlobalVariable.ENV): null&#xD;
&#xD;
2019-08-05 13:19:47 - [TEST_STEP][PASSED] - Thread.sleep(1000): null&#xD;
&#xD;
2019-08-05 13:19:48 - [TEST_STEP][PASSED] - click(findTestObject("mobileSanity/STM/STM Quote Page/button_filters")): Object: 'Object Repository/mobileSanity/STM/STM Quote Page/button_filters' is clicked on&#xD;
&#xD;
2019-08-05 13:19:48 - [MESSAGE][PASSED] - Object: 'Object Repository/mobileSanity/STM/STM Quote Page/button_filters' is clicked on&#xD;
&#xD;
2019-08-05 13:19:48 - [TEST_STEP][PASSED] - Thread.sleep(1000): null&#xD;
&#xD;
2019-08-05 13:19:49 - [TEST_STEP][PASSED] - click(findTestObject("mobileSanity/STM/STM Quote Page/i_Insurance company")): Object: 'Object Repository/mobileSanity/STM/STM Quote Page/i_Insurance company' is clicked on&#xD;
&#xD;
2019-08-05 13:19:49 - [MESSAGE][PASSED] - Object: 'Object Repository/mobileSanity/STM/STM Quote Page/i_Insurance company' is clicked on&#xD;
&#xD;
2019-08-05 13:19:49 - [TEST_STEP][PASSED] - Thread.sleep(1000): null&#xD;
&#xD;
2019-08-05 13:19:50 - [TEST_STEP][PASSED] - filter_carrier = "//input[@name='filter[carrier]' and @value='" + carrier + "']/following::label": null&#xD;
&#xD;
2019-08-05 13:19:50 - [TEST_STEP][PASSED] - println(filter_carrier): null&#xD;
&#xD;
2019-08-05 13:19:50 - [TEST_STEP][PASSED] - test.MobileKeywords.clickJS_ByXpath(filter_carrier): test.MobileKeywords.clickJS_ByXpath is PASSED&#xD;
&#xD;
2019-08-05 13:19:50 - [MESSAGE][PASSED] - Execute JavaScript 'arguments[0].click()' successfully&#xD;
&#xD;
2019-08-05 13:19:50 - [MESSAGE][PASSED] - test.MobileKeywords.clickJS_ByXpath is PASSED&#xD;
&#xD;
2019-08-05 13:19:50 - [TEST_STEP][PASSED] - Thread.sleep(1000): null&#xD;
&#xD;
2019-08-05 13:19:51 - [TEST_STEP][PASSED] - scrollToElement(findTestObject("mobileSanity/STM/STM Quote Page/a_Show Plans"), 1000): Scroll to object 'Object Repository/mobileSanity/STM/STM Quote Page/a_Show Plans' successfully&#xD;
&#xD;
2019-08-05 13:19:51 - [MESSAGE][PASSED] - Scroll to object 'Object Repository/mobileSanity/STM/STM Quote Page/a_Show Plans' successfully&#xD;
&#xD;
2019-08-05 13:19:51 - [TEST_STEP][PASSED] - click(findTestObject("mobileSanity/STM/STM Quote Page/a_Show Plans")): Object: 'Object Repository/mobileSanity/STM/STM Quote Page/a_Show Plans' is clicked on&#xD;
&#xD;
2019-08-05 13:19:52 - [MESSAGE][PASSED] - Object: 'Object Repository/mobileSanity/STM/STM Quote Page/a_Show Plans' is clicked on&#xD;
&#xD;
2019-08-05 13:19:52 - [TEST_STEP][PASSED] - waitForJQueryLoad(10, STOP_ON_FAILURE): jQuery is ready.&#xD;
&#xD;
2019-08-05 13:19:52 - [MESSAGE][PASSED] - jQuery is ready.&#xD;
&#xD;
2019-08-05 13:19:52 - [TEST_STEP][PASSED] - Thread.sleep(2000): null&#xD;
&#xD;
2019-08-05 13:19:54 - [TEST_STEP][PASSED] - callTestCase(findTestCase("mobileWeb/_include/get_screenshot"), [:], STOP_ON_FAILURE): Call Test Case 'Test Cases/mobileWeb/_include/get_screenshot' successfully&#xD;
&#xD;
2019-08-05 13:19:54 - [TEST_CASE][PASSED] - Test Cases/mobileWeb/_include/get_screenshot: Test Cases/mobileWeb/_include/get_screenshot&#xD;
&#xD;
2019-08-05 13:19:54 - [TEST_STEP][PASSED] - takeScreenshot(screenPath + i + ".png"): Taking screenshot successfully&#xD;
&#xD;
2019-08-05 13:19:55 - [MESSAGE][PASSED] - Taking screenshot successfully&#xD;
[[ATTACHMENT|D:\\Test\\AgileTest\\AgileTest\\Reports\\mobileWeb\\stm\\20190805_131400\\../Screenshots/iPhone X/stm/Everest/20190805_131923/3.png]]&#xD;
&#xD;
2019-08-05 13:19:55 - [TEST_STEP][PASSED] - (internal.GlobalVariable.i++): null&#xD;
&#xD;
2019-08-05 13:19:55 - [MESSAGE][PASSED] - Call Test Case 'Test Cases/mobileWeb/_include/get_screenshot' successfully&#xD;
&#xD;
2019-08-05 13:19:55 - [MESSAGE][PASSED] - Call Test Case 'Test Cases/mobileWeb/_include/filter_stm' successfully&#xD;
&#xD;
2019-08-05 13:19:55 - [TEST_STEP][PASSED] - callTestCase(findTestCase("mobileWeb/_include/goToDetail_stm"), ["carrier":"everest-one"], STOP_ON_FAILURE): Call Test Case 'Test Cases/mobileWeb/_include/goToDetail_stm' successfully&#xD;
&#xD;
2019-08-05 13:19:55 - [TEST_CASE][PASSED] - Test Cases/mobileWeb/_include/goToDetail_stm: Test Cases/mobileWeb/_include/goToDetail_stm&#xD;
&#xD;
2019-08-05 13:19:55 - [TEST_STEP][PASSED] - driver = getWebDriver(): null&#xD;
&#xD;
2019-08-05 13:19:55 - [TEST_STEP][PASSED] - selenium = new com.thoughtworks.selenium.webdriven.WebDriverBackedSelenium(driver, internal.GlobalVariable.ENV): null&#xD;
&#xD;
2019-08-05 13:19:55 - [TEST_STEP][PASSED] - a_plan_name = "xpath=//a[contains(@href,'/term-health-insurance/plan/" + carrier + "')]": null&#xD;
&#xD;
2019-08-05 13:19:55 - [TEST_STEP][PASSED] - println(a_plan_name): null&#xD;
&#xD;
2019-08-05 13:19:55 - [TEST_STEP][PASSED] - selenium.click(a_plan_name): null&#xD;
&#xD;
2019-08-05 13:20:01 - [TEST_STEP][PASSED] - waitForPageLoad(10): Wait for page load successfully&#xD;
&#xD;
2019-08-05 13:20:01 - [MESSAGE][PASSED] - Wait for page load successfully&#xD;
&#xD;
2019-08-05 13:20:01 - [TEST_STEP][PASSED] - Thread.sleep(2000): null&#xD;
&#xD;
2019-08-05 13:20:03 - [TEST_STEP][PASSED] - callTestCase(findTestCase("mobileWeb/_include/get_screenshot"), [:], STOP_ON_FAILURE): Call Test Case 'Test Cases/mobileWeb/_include/get_screenshot' successfully&#xD;
&#xD;
2019-08-05 13:20:03 - [TEST_CASE][PASSED] - Test Cases/mobileWeb/_include/get_screenshot: Test Cases/mobileWeb/_include/get_screenshot&#xD;
&#xD;
2019-08-05 13:20:03 - [TEST_STEP][PASSED] - takeScreenshot(screenPath + i + ".png"): Taking screenshot successfully&#xD;
&#xD;
2019-08-05 13:20:04 - [MESSAGE][PASSED] - Taking screenshot successfully&#xD;
[[ATTACHMENT|D:\\Test\\AgileTest\\AgileTest\\Reports\\mobileWeb\\stm\\20190805_131400\\../Screenshots/iPhone X/stm/Everest/20190805_131923/4.png]]&#xD;
&#xD;
2019-08-05 13:20:04 - [TEST_STEP][PASSED] - (internal.GlobalVariable.i++): null&#xD;
&#xD;
2019-08-05 13:20:04 - [MESSAGE][PASSED] - Call Test Case 'Test Cases/mobileWeb/_include/get_screenshot' successfully&#xD;
&#xD;
2019-08-05 13:20:04 - [MESSAGE][PASSED] - Call Test Case 'Test Cases/mobileWeb/_include/goToDetail_stm' successfully&#xD;
&#xD;
2019-08-05 13:20:04 - [TEST_STEP][PASSED] - callTestCase(findTestCase("mobileWeb/_include/apply_stm"), [:], STOP_ON_FAILURE): Call Test Case 'Test Cases/mobileWeb/_include/apply_stm' successfully&#xD;
&#xD;
2019-08-05 13:20:04 - [TEST_CASE][PASSED] - Test Cases/mobileWeb/_include/apply_stm: Test Cases/mobileWeb/_include/apply_stm&#xD;
&#xD;
2019-08-05 13:20:04 - [TEST_STEP][PASSED] - waitForElementVisible(findTestObject("mobileSanity/STM/STM PlanDetail Page/a_Apply for This Plan"), 5): Object 'Object Repository/mobileSanity/STM/STM PlanDetail Page/a_Apply for This Plan' is visible&#xD;
&#xD;
2019-08-05 13:20:04 - [MESSAGE][PASSED] - Object 'Object Repository/mobileSanity/STM/STM PlanDetail Page/a_Apply for This Plan' is visible&#xD;
&#xD;
2019-08-05 13:20:04 - [TEST_STEP][PASSED] - click(findTestObject("mobileSanity/STM/STM PlanDetail Page/a_Apply for This Plan")): Object: 'Object Repository/mobileSanity/STM/STM PlanDetail Page/a_Apply for This Plan' is clicked on&#xD;
&#xD;
2019-08-05 13:20:06 - [MESSAGE][PASSED] - Object: 'Object Repository/mobileSanity/STM/STM PlanDetail Page/a_Apply for This Plan' is clicked on&#xD;
&#xD;
2019-08-05 13:20:06 - [TEST_STEP][PASSED] - waitForPageLoad(10): Wait for page load successfully&#xD;
&#xD;
2019-08-05 13:20:06 - [MESSAGE][PASSED] - Wait for page load successfully&#xD;
&#xD;
2019-08-05 13:20:06 - [TEST_STEP][PASSED] - Thread.sleep(2000): null&#xD;
&#xD;
2019-08-05 13:20:08 - [TEST_STEP][PASSED] - callTestCase(findTestCase("mobileWeb/_include/get_screenshot"), [:], STOP_ON_FAILURE): Call Test Case 'Test Cases/mobileWeb/_include/get_screenshot' successfully&#xD;
&#xD;
2019-08-05 13:20:09 - [TEST_CASE][PASSED] - Test Cases/mobileWeb/_include/get_screenshot: Test Cases/mobileWeb/_include/get_screenshot&#xD;
&#xD;
2019-08-05 13:20:09 - [TEST_STEP][PASSED] - takeScreenshot(screenPath + i + ".png"): Taking screenshot successfully&#xD;
&#xD;
2019-08-05 13:20:09 - [MESSAGE][PASSED] - Taking screenshot successfully&#xD;
[[ATTACHMENT|D:\\Test\\AgileTest\\AgileTest\\Reports\\mobileWeb\\stm\\20190805_131400\\../Screenshots/iPhone X/stm/Everest/20190805_131923/5.png]]&#xD;
&#xD;
2019-08-05 13:20:09 - [TEST_STEP][PASSED] - (internal.GlobalVariable.i++): null&#xD;
&#xD;
2019-08-05 13:20:09 - [MESSAGE][PASSED] - Call Test Case 'Test Cases/mobileWeb/_include/get_screenshot' successfully&#xD;
&#xD;
2019-08-05 13:20:09 - [TEST_STEP][PASSED] - waitForElementVisible(findTestObject("mobileSanity/STM/STM Apply Page/a_Start Secure Application"), 5): Object 'Object Repository/mobileSanity/STM/STM Apply Page/a_Start Secure Application' is visible&#xD;
&#xD;
2019-08-05 13:20:09 - [MESSAGE][PASSED] - Object 'Object Repository/mobileSanity/STM/STM Apply Page/a_Start Secure Application' is visible&#xD;
&#xD;
2019-08-05 13:20:09 - [TEST_STEP][PASSED] - click(findTestObject("mobileSanity/STM/STM Apply Page/a_Start Secure Application")): Object: 'Object Repository/mobileSanity/STM/STM Apply Page/a_Start Secure Application' is clicked on&#xD;
&#xD;
2019-08-05 13:20:12 - [MESSAGE][PASSED] - Object: 'Object Repository/mobileSanity/STM/STM Apply Page/a_Start Secure Application' is clicked on&#xD;
&#xD;
2019-08-05 13:20:12 - [TEST_STEP][PASSED] - waitForPageLoad(20): Wait for page load successfully&#xD;
&#xD;
2019-08-05 13:20:13 - [MESSAGE][PASSED] - Wait for page load successfully&#xD;
&#xD;
2019-08-05 13:20:13 - [TEST_STEP][PASSED] - Thread.sleep(2000): null&#xD;
&#xD;
2019-08-05 13:20:15 - [TEST_STEP][PASSED] - callTestCase(findTestCase("mobileWeb/_include/get_screenshot"), [:], STOP_ON_FAILURE): Call Test Case 'Test Cases/mobileWeb/_include/get_screenshot' successfully&#xD;
&#xD;
2019-08-05 13:20:15 - [TEST_CASE][PASSED] - Test Cases/mobileWeb/_include/get_screenshot: Test Cases/mobileWeb/_include/get_screenshot&#xD;
&#xD;
2019-08-05 13:20:15 - [TEST_STEP][PASSED] - takeScreenshot(screenPath + i + ".png"): Taking screenshot successfully&#xD;
&#xD;
2019-08-05 13:20:15 - [MESSAGE][PASSED] - Taking screenshot successfully&#xD;
[[ATTACHMENT|D:\\Test\\AgileTest\\AgileTest\\Reports\\mobileWeb\\stm\\20190805_131400\\../Screenshots/iPhone X/stm/Everest/20190805_131923/6.png]]&#xD;
&#xD;
2019-08-05 13:20:15 - [TEST_STEP][PASSED] - (internal.GlobalVariable.i++): null&#xD;
&#xD;
2019-08-05 13:20:15 - [MESSAGE][PASSED] - Call Test Case 'Test Cases/mobileWeb/_include/get_screenshot' successfully&#xD;
&#xD;
2019-08-05 13:20:15 - [MESSAGE][PASSED] - Call Test Case 'Test Cases/mobileWeb/_include/apply_stm' successfully&#xD;
&#xD;
2019-08-05 13:20:15 - [TEST_STEP][PASSED] - callTestCase(findTestCase("mobileWeb/_include/goToEnd_stm_autofill"), [:], STOP_ON_FAILURE): Call Test Case 'Test Cases/mobileWeb/_include/goToEnd_stm_autofill' successfully&#xD;
&#xD;
2019-08-05 13:20:15 - [TEST_CASE][PASSED] - Test Cases/mobileWeb/_include/goToEnd_stm_autofill: Test Cases/mobileWeb/_include/goToEnd_stm_autofill&#xD;
&#xD;
2019-08-05 13:20:15 - [TEST_STEP][PASSED] - callTestCase(findTestCase("mobileWeb/_include/name"), [:], CONTINUE_ON_FAILURE): Call Test Case 'Test Cases/mobileWeb/_include/name' successfully&#xD;
&#xD;
2019-08-05 13:20:15 - [TEST_CASE][PASSED] - Test Cases/mobileWeb/_include/name: Test Cases/mobileWeb/_include/name&#xD;
&#xD;
2019-08-05 13:20:15 - [TEST_STEP][PASSED] - driver = getWebDriver(): null&#xD;
&#xD;
2019-08-05 13:20:15 - [TEST_STEP][PASSED] - selenium = new com.thoughtworks.selenium.webdriven.WebDriverBackedSelenium(driver, internal.GlobalVariable.ENV): null&#xD;
&#xD;
2019-08-05 13:20:15 - [TEST_STEP][PASSED] - FirstName = "Test-123": null&#xD;
&#xD;
2019-08-05 13:20:15 - [TEST_STEP][PASSED] - LastName = selenium.getEval("{var x="ABCDEFGHIJKLMNOPQRSTUVWXYZabcdefghijklmnopqrstuvwxyz"; var tmp="ZZ11-"; for (i=0;i&lt;8;i++) tmp+=x.charAt(Math.ceil(51*Math.random()));tmp;}"): null&#xD;
&#xD;
2019-08-05 13:20:15 - [TEST_STEP][PASSED] - Address = selenium.getEval("{var x="ABCDEFGHIJKLMNOPQRSTUVWXYZabcdefghijklmnopqrstuvwxyz"; var tmp=""; for (i=0;i&lt;8;i++) tmp+=x.charAt(Math.ceil(51*Math.random()));tmp;}"): null&#xD;
&#xD;
2019-08-05 13:20:15 - [TEST_STEP][PASSED] - City = selenium.getEval("{var x="ABCDEFGHIJKLMNOPQRSTUVWXYZabcdefghijklmnopqrstuvwxyz"; var tmp=""; for (i=0;i&lt;8;i++) tmp+=x.charAt(Math.ceil(51*Math.random()));tmp;}"): null&#xD;
&#xD;
2019-08-05 13:20:15 - [TEST_STEP][PASSED] - tel1 = selenium.getEval("{var x="123456789"; var tmp=""; for (i=0;i&lt;3;i++) tmp+=x.charAt(Math.ceil(8*Math.random()));tmp;}"): null&#xD;
&#xD;
2019-08-05 13:20:15 - [TEST_STEP][PASSED] - tel2 = selenium.getEval("{var x="123456789"; var tmp=""; for (i=0;i&lt;3;i++) tmp+=x.charAt(Math.ceil(8*Math.random()));tmp;}"): null&#xD;
&#xD;
2019-08-05 13:20:15 - [TEST_STEP][PASSED] - tel3 = selenium.getEval("{var x="123456789"; var tmp=""; for (i=0;i&lt;4;i++) tmp+=x.charAt(Math.ceil(8*Math.random()));tmp;}"): null&#xD;
&#xD;
2019-08-05 13:20:15 - [TEST_STEP][PASSED] - Tel = selenium.getExpression(tel1 + "-" + tel2 + "-" + tel3): null&#xD;
&#xD;
2019-08-05 13:20:15 - [TEST_STEP][PASSED] - AutoEmail = selenium.getEval("{var x="ABCDEFGHIJKLMNOPQRSTUVWXYZabcdefghijklmnopqrstuvwxyz"; var tmp="test."; for (i=0;i&lt;8;i++) tmp+=x.charAt(Math.ceil(51*Math.random()));tmp+="@suryani.cn";}"): null&#xD;
&#xD;
2019-08-05 13:20:15 - [TEST_STEP][PASSED] - FirstName = FirstName: null&#xD;
&#xD;
2019-08-05 13:20:15 - [TEST_STEP][PASSED] - LastName = LastName: null&#xD;
&#xD;
2019-08-05 13:20:15 - [TEST_STEP][PASSED] - Address = Address: null&#xD;
&#xD;
2019-08-05 13:20:15 - [TEST_STEP][PASSED] - City = City: null&#xD;
&#xD;
2019-08-05 13:20:15 - [TEST_STEP][PASSED] - Tel = Tel: null&#xD;
&#xD;
2019-08-05 13:20:15 - [TEST_STEP][PASSED] - AutoEmail = AutoEmail: null&#xD;
&#xD;
2019-08-05 13:20:15 - [TEST_STEP][PASSED] - println(FirstName): null&#xD;
&#xD;
2019-08-05 13:20:15 - [TEST_STEP][PASSED] - println(LastName): null&#xD;
&#xD;
2019-08-05 13:20:15 - [TEST_STEP][PASSED] - println(Address): null&#xD;
&#xD;
2019-08-05 13:20:15 - [TEST_STEP][PASSED] - println(City): null&#xD;
&#xD;
2019-08-05 13:20:15 - [TEST_STEP][PASSED] - println(Tel): null&#xD;
&#xD;
2019-08-05 13:20:15 - [TEST_STEP][PASSED] - println(AutoEmail): null&#xD;
&#xD;
2019-08-05 13:20:15 - [MESSAGE][PASSED] - Call Test Case 'Test Cases/mobileWeb/_include/name' successfully&#xD;
&#xD;
2019-08-05 13:20:15 - [TEST_STEP][FAILED] - try: Unable to verify text 'Month Duration Acknowledgement' is present  (Root cause: com.kms.katalon.core.exception.StepFailedException: Unable to verify text 'Month Duration Acknowledgement' is present &#xD;
	at com.kms.katalon.core.webui.keyword.internal.WebUIKeywordMain.stepFailed(WebUIKeywordMain.groovy:64)&#xD;
	at com.kms.katalon.core.webui.keyword.internal.WebUIKeywordMain.runKeyword(WebUIKeywordMain.groovy:26)&#xD;
	at com.kms.katalon.core.webui.keyword.builtin.VerifyTextPresentKeyword.verifyTextPresent(VerifyTextPresentKeyword.groovy:83)&#xD;
	at com.kms.katalon.core.webui.keyword.builtin.VerifyTextPresentKeyword.execute(VerifyTextPresentKeyword.groovy:68)&#xD;
	at com.kms.katalon.core.keyword.internal.KeywordExecutor.executeKeywordForPlatform(KeywordExecutor.groovy:56)&#xD;
	at com.kms.katalon.core.webui.keyword.WebUiBuiltInKeywords.verifyTextPresent(WebUiBuiltInKeywords.groovy:1693)&#xD;
	at com.kms.katalon.core.webui.keyword.WebUiBuiltInKeywords$verifyTextPresent$9.call(Unknown Source)&#xD;
	at goToEnd_stm_autofill.run(goToEnd_stm_autofill:19)&#xD;
	at com.kms.katalon.core.main.ScriptEngine.run(ScriptEngine.java:194)&#xD;
	at com.kms.katalon.core.main.ScriptEngine.runScriptAsRawText(ScriptEngine.java:119)&#xD;
	at com.kms.katalon.core.main.TestCaseExecutor.runScript(TestCaseExecutor.java:337)&#xD;
	at com.kms.katalon.core.main.TestCaseExecutor.doExecute(TestCaseExecutor.java:328)&#xD;
	at com.kms.katalon.core.main.TestCaseExecutor.processExecutionPhase(TestCaseExecutor.java:307)&#xD;
	at com.kms.katalon.core.main.TestCaseExecutor.accessMainPhase(TestCaseExecutor.java:299)&#xD;
	at com.kms.katalon.core.main.TestCaseExecutor.execute(TestCaseExecutor.java:233)&#xD;
	at com.kms.katalon.core.main.TestCaseMain.runTestCase(TestCaseMain.java:114)&#xD;
	at com.kms.katalon.core.keyword.builtin.CallTestCaseKeyword$_callTestCase_closure1.doCall(CallTestCaseKeyword.groovy:59)&#xD;
	at com.kms.katalon.core.keyword.builtin.CallTestCaseKeyword$_callTestCase_closure1.call(CallTestCaseKeyword.groovy)&#xD;
	at com.kms.katalon.core.keyword.internal.KeywordMain.runKeyword(KeywordMain.groovy:68)&#xD;
	at com.kms.katalon.core.keyword.builtin.CallTestCaseKeyword.callTestCase(CallTestCaseKeyword.groovy:81)&#xD;
	at com.kms.katalon.core.keyword.builtin.CallTestCaseKeyword.execute(CallTestCaseKeyword.groovy:44)&#xD;
	at com.kms.katalon.core.keyword.internal.KeywordExecutor.executeKeywordForPlatform(KeywordExecutor.groovy:56)&#xD;
	at com.kms.katalon.core.keyword.BuiltinKeywords.callTestCase(BuiltinKeywords.groovy:334)&#xD;
	at Everest.run(Everest:31)&#xD;
	at com.kms.katalon.core.main.ScriptEngine.run(ScriptEngine.java:194)&#xD;
	at com.kms.katalon.core.main.ScriptEngine.runScriptAsRawText(ScriptEngine.java:119)&#xD;
	at com.kms.katalon.core.main.TestCaseExecutor.runScript(TestCaseExecutor.java:337)&#xD;
	at com.kms.katalon.core.main.TestCaseExecutor.doExecute(TestCaseExecutor.java:328)&#xD;
	at com.kms.katalon.core.main.TestCaseExecutor.processExecutionPhase(TestCaseExecutor.java:307)&#xD;
	at com.kms.katalon.core.main.TestCaseExecutor.accessMainPhase(TestCaseExecutor.java:299)&#xD;
	at com.kms.katalon.core.main.TestCaseExecutor.execute(TestCaseExecutor.java:233)&#xD;
	at com.kms.katalon.core.main.TestSuiteExecutor.accessTestCaseMainPhase(TestSuiteExecutor.java:133)&#xD;
	at com.kms.katalon.core.main.TestSuiteExecutor.accessTestSuiteMainPhase(TestSuiteExecutor.java:116)&#xD;
	at com.kms.katalon.core.main.TestSuiteExecutor.execute(TestSuiteExecutor.java:83)&#xD;
	at com.kms.katalon.core.main.TestCaseMain.startTestSuite(TestCaseMain.java:157)&#xD;
	at com.kms.katalon.core.main.TestCaseMain$startTestSuite$0.call(Unknown Source)&#xD;
	at TempTestSuite1564982040506.run(TempTestSuite1564982040506.groovy:35)&#xD;
Caused by: com.kms.katalon.core.exception.StepFailedException: Text 'Month Duration Acknowledgement' is not present on page &#xD;
	at com.kms.katalon.core.webui.keyword.internal.WebUIKeywordMain.stepFailed(WebUIKeywordMain.groovy:64)&#xD;
	at com.kms.katalon.core.webui.keyword.builtin.VerifyTextPresentKeyword$_verifyTextPresent_closure1.doCall(VerifyTextPresentKeyword.groovy:79)&#xD;
	at com.kms.katalon.core.webui.keyword.builtin.VerifyTextPresentKeyword$_verifyTextPresent_closure1.call(VerifyTextPresentKeyword.groovy)&#xD;
	at com.kms.katalon.core.webui.keyword.internal.WebUIKeywordMain.runKeyword(WebUIKeywordMain.groovy:20)&#xD;
	... 35 more&#xD;
)&#xD;
&#xD;
2019-08-05 13:20:15 - [TEST_STEP][FAILED] - if (verifyTextPresent("Month Duration Acknowledgement", false)): Unable to verify text 'Month Duration Acknowledgement' is present  (Root cause: com.kms.katalon.core.exception.StepFailedException: Unable to verify text 'Month Duration Acknowledgement' is present &#xD;
	at com.kms.katalon.core.webui.keyword.internal.WebUIKeywordMain.stepFailed(WebUIKeywordMain.groovy:64)&#xD;
	at com.kms.katalon.core.webui.keyword.internal.WebUIKeywordMain.runKeyword(WebUIKeywordMain.groovy:26)&#xD;
	at com.kms.katalon.core.webui.keyword.builtin.VerifyTextPresentKeyword.verifyTextPresent(VerifyTextPresentKeyword.groovy:83)&#xD;
	at com.kms.katalon.core.webui.keyword.builtin.VerifyTextPresentKeyword.execute(VerifyTextPresentKeyword.groovy:68)&#xD;
	at com.kms.katalon.core.keyword.internal.KeywordExecutor.executeKeywordForPlatform(KeywordExecutor.groovy:56)&#xD;
	at com.kms.katalon.core.webui.keyword.WebUiBuiltInKeywords.verifyTextPresent(WebUiBuiltInKeywords.groovy:1693)&#xD;
	at com.kms.katalon.core.webui.keyword.WebUiBuiltInKeywords$verifyTextPresent$9.call(Unknown Source)&#xD;
	at goToEnd_stm_autofill.run(goToEnd_stm_autofill:19)&#xD;
	at com.kms.katalon.core.main.ScriptEngine.run(ScriptEngine.java:194)&#xD;
	at com.kms.katalon.core.main.ScriptEngine.runScriptAsRawText(ScriptEngine.java:119)&#xD;
	at com.kms.katalon.core.main.TestCaseExecutor.runScript(TestCaseExecutor.java:337)&#xD;
	at com.kms.katalon.core.main.TestCaseExecutor.doExecute(TestCaseExecutor.java:328)&#xD;
	at com.kms.katalon.core.main.TestCaseExecutor.processExecutionPhase(TestCaseExecutor.java:307)&#xD;
	at com.kms.katalon.core.main.TestCaseExecutor.accessMainPhase(TestCaseExecutor.java:299)&#xD;
	at com.kms.katalon.core.main.TestCaseExecutor.execute(TestCaseExecutor.java:233)&#xD;
	at com.kms.katalon.core.main.TestCaseMain.runTestCase(TestCaseMain.java:114)&#xD;
	at com.kms.katalon.core.keyword.builtin.CallTestCaseKeyword$_callTestCase_closure1.doCall(CallTestCaseKeyword.groovy:59)&#xD;
	at com.kms.katalon.core.keyword.builtin.CallTestCaseKeyword$_callTestCase_closure1.call(CallTestCaseKeyword.groovy)&#xD;
	at com.kms.katalon.core.keyword.internal.KeywordMain.runKeyword(KeywordMain.groovy:68)&#xD;
	at com.kms.katalon.core.keyword.builtin.CallTestCaseKeyword.callTestCase(CallTestCaseKeyword.groovy:81)&#xD;
	at com.kms.katalon.core.keyword.builtin.CallTestCaseKeyword.execute(CallTestCaseKeyword.groovy:44)&#xD;
	at com.kms.katalon.core.keyword.internal.KeywordExecutor.executeKeywordForPlatform(KeywordExecutor.groovy:56)&#xD;
	at com.kms.katalon.core.keyword.BuiltinKeywords.callTestCase(BuiltinKeywords.groovy:334)&#xD;
	at Everest.run(Everest:31)&#xD;
	at com.kms.katalon.core.main.ScriptEngine.run(ScriptEngine.java:194)&#xD;
	at com.kms.katalon.core.main.ScriptEngine.runScriptAsRawText(ScriptEngine.java:119)&#xD;
	at com.kms.katalon.core.main.TestCaseExecutor.runScript(TestCaseExecutor.java:337)&#xD;
	at com.kms.katalon.core.main.TestCaseExecutor.doExecute(TestCaseExecutor.java:328)&#xD;
	at com.kms.katalon.core.main.TestCaseExecutor.processExecutionPhase(TestCaseExecutor.java:307)&#xD;
	at com.kms.katalon.core.main.TestCaseExecutor.accessMainPhase(TestCaseExecutor.java:299)&#xD;
	at com.kms.katalon.core.main.TestCaseExecutor.execute(TestCaseExecutor.java:233)&#xD;
	at com.kms.katalon.core.main.TestSuiteExecutor.accessTestCaseMainPhase(TestSuiteExecutor.java:133)&#xD;
	at com.kms.katalon.core.main.TestSuiteExecutor.accessTestSuiteMainPhase(TestSuiteExecutor.java:116)&#xD;
	at com.kms.katalon.core.main.TestSuiteExecutor.execute(TestSuiteExecutor.java:83)&#xD;
	at com.kms.katalon.core.main.TestCaseMain.startTestSuite(TestCaseMain.java:157)&#xD;
	at com.kms.katalon.core.main.TestCaseMain$startTestSuite$0.call(Unknown Source)&#xD;
	at TempTestSuite1564982040506.run(TempTestSuite1564982040506.groovy:35)&#xD;
Caused by: com.kms.katalon.core.exception.StepFailedException: Text 'Month Duration Acknowledgement' is not present on page &#xD;
	at com.kms.katalon.core.webui.keyword.internal.WebUIKeywordMain.stepFailed(WebUIKeywordMain.groovy:64)&#xD;
	at com.kms.katalon.core.webui.keyword.builtin.VerifyTextPresentKeyword$_verifyTextPresent_closure1.doCall(VerifyTextPresentKeyword.groovy:79)&#xD;
	at com.kms.katalon.core.webui.keyword.builtin.VerifyTextPresentKeyword$_verifyTextPresent_closure1.call(VerifyTextPresentKeyword.groovy)&#xD;
	at com.kms.katalon.core.webui.keyword.internal.WebUIKeywordMain.runKeyword(WebUIKeywordMain.groovy:20)&#xD;
	... 35 more&#xD;
)&#xD;
&#xD;
2019-08-05 13:20:16 - [MESSAGE][FAILED] - Text 'Month Duration Acknowledgement' is not present on page  (Root cause: com.kms.katalon.core.exception.StepFailedException: Text 'Month Duration Acknowledgement' is not present on page &#xD;
	at com.kms.katalon.core.webui.keyword.internal.WebUIKeywordMain.stepFailed(WebUIKeywordMain.groovy:64)&#xD;
	at com.kms.katalon.core.webui.keyword.builtin.VerifyTextPresentKeyword$_verifyTextPresent_closure1.doCall(VerifyTextPresentKeyword.groovy:79)&#xD;
	at com.kms.katalon.core.webui.keyword.builtin.VerifyTextPresentKeyword$_verifyTextPresent_closure1.call(VerifyTextPresentKeyword.groovy)&#xD;
	at com.kms.katalon.core.webui.keyword.internal.WebUIKeywordMain.runKeyword(WebUIKeywordMain.groovy:20)&#xD;
	at com.kms.katalon.core.webui.keyword.builtin.VerifyTextPresentKeyword.verifyTextPresent(VerifyTextPresentKeyword.groovy:83)&#xD;
	at com.kms.katalon.core.webui.keyword.builtin.VerifyTextPresentKeyword.execute(VerifyTextPresentKeyword.groovy:68)&#xD;
	at com.kms.katalon.core.keyword.internal.KeywordExecutor.executeKeywordForPlatform(KeywordExecutor.groovy:56)&#xD;
	at com.kms.katalon.core.webui.keyword.WebUiBuiltInKeywords.verifyTextPresent(WebUiBuiltInKeywords.groovy:1693)&#xD;
	at com.kms.katalon.core.webui.keyword.WebUiBuiltInKeywords$verifyTextPresent$9.call(Unknown Source)&#xD;
	at goToEnd_stm_autofill.run(goToEnd_stm_autofill:19)&#xD;
	at com.kms.katalon.core.main.ScriptEngine.run(ScriptEngine.java:194)&#xD;
	at com.kms.katalon.core.main.ScriptEngine.runScriptAsRawText(ScriptEngine.java:119)&#xD;
	at com.kms.katalon.core.main.TestCaseExecutor.runScript(TestCaseExecutor.java:337)&#xD;
	at com.kms.katalon.core.main.TestCaseExecutor.doExecute(TestCaseExecutor.java:328)&#xD;
	at com.kms.katalon.core.main.TestCaseExecutor.processExecutionPhase(TestCaseExecutor.java:307)&#xD;
	at com.kms.katalon.core.main.TestCaseExecutor.accessMainPhase(TestCaseExecutor.java:299)&#xD;
	at com.kms.katalon.core.main.TestCaseExecutor.execute(TestCaseExecutor.java:233)&#xD;
	at com.kms.katalon.core.main.TestCaseMain.runTestCase(TestCaseMain.java:114)&#xD;
	at com.kms.katalon.core.keyword.builtin.CallTestCaseKeyword$_callTestCase_closure1.doCall(CallTestCaseKeyword.groovy:59)&#xD;
	at com.kms.katalon.core.keyword.builtin.CallTestCaseKeyword$_callTestCase_closure1.call(CallTestCaseKeyword.groovy)&#xD;
	at com.kms.katalon.core.keyword.internal.KeywordMain.runKeyword(KeywordMain.groovy:68)&#xD;
	at com.kms.katalon.core.keyword.builtin.CallTestCaseKeyword.callTestCase(CallTestCaseKeyword.groovy:81)&#xD;
	at com.kms.katalon.core.keyword.builtin.CallTestCaseKeyword.execute(CallTestCaseKeyword.groovy:44)&#xD;
	at com.kms.katalon.core.keyword.internal.KeywordExecutor.executeKeywordForPlatform(KeywordExecutor.groovy:56)&#xD;
	at com.kms.katalon.core.keyword.BuiltinKeywords.callTestCase(BuiltinKeywords.groovy:334)&#xD;
	at Everest.run(Everest:31)&#xD;
	at com.kms.katalon.core.main.ScriptEngine.run(ScriptEngine.java:194)&#xD;
	at com.kms.katalon.core.main.ScriptEngine.runScriptAsRawText(ScriptEngine.java:119)&#xD;
	at com.kms.katalon.core.main.TestCaseExecutor.runScript(TestCaseExecutor.java:337)&#xD;
	at com.kms.katalon.core.main.TestCaseExecutor.doExecute(TestCaseExecutor.java:328)&#xD;
	at com.kms.katalon.core.main.TestCaseExecutor.processExecutionPhase(TestCaseExecutor.java:307)&#xD;
	at com.kms.katalon.core.main.TestCaseExecutor.accessMainPhase(TestCaseExecutor.java:299)&#xD;
	at com.kms.katalon.core.main.TestCaseExecutor.execute(TestCaseExecutor.java:233)&#xD;
	at com.kms.katalon.core.main.TestSuiteExecutor.accessTestCaseMainPhase(TestSuiteExecutor.java:133)&#xD;
	at com.kms.katalon.core.main.TestSuiteExecutor.accessTestSuiteMainPhase(TestSuiteExecutor.java:116)&#xD;
	at com.kms.katalon.core.main.TestSuiteExecutor.execute(TestSuiteExecutor.java:83)&#xD;
	at com.kms.katalon.core.main.TestCaseMain.startTestSuite(TestCaseMain.java:157)&#xD;
	at com.kms.katalon.core.main.TestCaseMain$startTestSuite$0.call(Unknown Source)&#xD;
	at TempTestSuite1564982040506.run(TempTestSuite1564982040506.groovy:35)&#xD;
)&#xD;
&#xD;
2019-08-05 13:20:17 - [MESSAGE][FAILED] - Unable to verify text 'Month Duration Acknowledgement' is present  (Root cause: com.kms.katalon.core.exception.StepFailedException: Unable to verify text 'Month Duration Acknowledgement' is present &#xD;
	at com.kms.katalon.core.webui.keyword.internal.WebUIKeywordMain.stepFailed(WebUIKeywordMain.groovy:64)&#xD;
	at com.kms.katalon.core.webui.keyword.internal.WebUIKeywordMain.runKeyword(WebUIKeywordMain.groovy:26)&#xD;
	at com.kms.katalon.core.webui.keyword.builtin.VerifyTextPresentKeyword.verifyTextPresent(VerifyTextPresentKeyword.groovy:83)&#xD;
	at com.kms.katalon.core.webui.keyword.builtin.VerifyTextPresentKeyword.execute(VerifyTextPresentKeyword.groovy:68)&#xD;
	at com.kms.katalon.core.keyword.internal.KeywordExecutor.executeKeywordForPlatform(KeywordExecutor.groovy:56)&#xD;
	at com.kms.katalon.core.webui.keyword.WebUiBuiltInKeywords.verifyTextPresent(WebUiBuiltInKeywords.groovy:1693)&#xD;
	at com.kms.katalon.core.webui.keyword.WebUiBuiltInKeywords$verifyTextPresent$9.call(Unknown Source)&#xD;
	at goToEnd_stm_autofill.run(goToEnd_stm_autofill:19)&#xD;
	at com.kms.katalon.core.main.ScriptEngine.run(ScriptEngine.java:194)&#xD;
	at com.kms.katalon.core.main.ScriptEngine.runScriptAsRawText(ScriptEngine.java:119)&#xD;
	at com.kms.katalon.core.main.TestCaseExecutor.runScript(TestCaseExecutor.java:337)&#xD;
	at com.kms.katalon.core.main.TestCaseExecutor.doExecute(TestCaseExecutor.java:328)&#xD;
	at com.kms.katalon.core.main.TestCaseExecutor.processExecutionPhase(TestCaseExecutor.java:307)&#xD;
	at com.kms.katalon.core.main.TestCaseExecutor.accessMainPhase(TestCaseExecutor.java:299)&#xD;
	at com.kms.katalon.core.main.TestCaseExecutor.execute(TestCaseExecutor.java:233)&#xD;
	at com.kms.katalon.core.main.TestCaseMain.runTestCase(TestCaseMain.java:114)&#xD;
	at com.kms.katalon.core.keyword.builtin.CallTestCaseKeyword$_callTestCase_closure1.doCall(CallTestCaseKeyword.groovy:59)&#xD;
	at com.kms.katalon.core.keyword.builtin.CallTestCaseKeyword$_callTestCase_closure1.call(CallTestCaseKeyword.groovy)&#xD;
	at com.kms.katalon.core.keyword.internal.KeywordMain.runKeyword(KeywordMain.groovy:68)&#xD;
	at com.kms.katalon.core.keyword.builtin.CallTestCaseKeyword.callTestCase(CallTestCaseKeyword.groovy:81)&#xD;
	at com.kms.katalon.core.keyword.builtin.CallTestCaseKeyword.execute(CallTestCaseKeyword.groovy:44)&#xD;
	at com.kms.katalon.core.keyword.internal.KeywordExecutor.executeKeywordForPlatform(KeywordExecutor.groovy:56)&#xD;
	at com.kms.katalon.core.keyword.BuiltinKeywords.callTestCase(BuiltinKeywords.groovy:334)&#xD;
	at Everest.run(Everest:31)&#xD;
	at com.kms.katalon.core.main.ScriptEngine.run(ScriptEngine.java:194)&#xD;
	at com.kms.katalon.core.main.ScriptEngine.runScriptAsRawText(ScriptEngine.java:119)&#xD;
	at com.kms.katalon.core.main.TestCaseExecutor.runScript(TestCaseExecutor.java:337)&#xD;
	at com.kms.katalon.core.main.TestCaseExecutor.doExecute(TestCaseExecutor.java:328)&#xD;
	at com.kms.katalon.core.main.TestCaseExecutor.processExecutionPhase(TestCaseExecutor.java:307)&#xD;
	at com.kms.katalon.core.main.TestCaseExecutor.accessMainPhase(TestCaseExecutor.java:299)&#xD;
	at com.kms.katalon.core.main.TestCaseExecutor.execute(TestCaseExecutor.java:233)&#xD;
	at com.kms.katalon.core.main.TestSuiteExecutor.accessTestCaseMainPhase(TestSuiteExecutor.java:133)&#xD;
	at com.kms.katalon.core.main.TestSuiteExecutor.accessTestSuiteMainPhase(TestSuiteExecutor.java:116)&#xD;
	at com.kms.katalon.core.main.TestSuiteExecutor.execute(TestSuiteExecutor.java:83)&#xD;
	at com.kms.katalon.core.main.TestCaseMain.startTestSuite(TestCaseMain.java:157)&#xD;
	at com.kms.katalon.core.main.TestCaseMain$startTestSuite$0.call(Unknown Source)&#xD;
	at TempTestSuite1564982040506.run(TempTestSuite1564982040506.groovy:35)&#xD;
Caused by: com.kms.katalon.core.exception.StepFailedException: Text 'Month Duration Acknowledgement' is not present on page &#xD;
	at com.kms.katalon.core.webui.keyword.internal.WebUIKeywordMain.stepFailed(WebUIKeywordMain.groovy:64)&#xD;
	at com.kms.katalon.core.webui.keyword.builtin.VerifyTextPresentKeyword$_verifyTextPresent_closure1.doCall(VerifyTextPresentKeyword.groovy:79)&#xD;
	at com.kms.katalon.core.webui.keyword.builtin.VerifyTextPresentKeyword$_verifyTextPresent_closure1.call(VerifyTextPresentKeyword.groovy)&#xD;
	at com.kms.katalon.core.webui.keyword.internal.WebUIKeywordMain.runKeyword(WebUIKeywordMain.groovy:20)&#xD;
	... 35 more&#xD;
)&#xD;
[[ATTACHMENT|D:\\Test\\AgileTest\\AgileTest\\Reports\\mobileWeb\\stm\\20190805_131400\\1564982416690.png]]&#xD;
&#xD;
2019-08-05 13:20:17 - [TEST_STEP][PASSED] - catch (Exception e): null&#xD;
&#xD;
2019-08-05 13:20:17 - [TEST_STEP][PASSED] - println("no consecutive"): null&#xD;
&#xD;
2019-08-05 13:20:17 - [TEST_STEP][PASSED] - waitForPageLoad(10): Wait for page load successfully&#xD;
&#xD;
2019-08-05 13:20:17 - [MESSAGE][PASSED] - Wait for page load successfully&#xD;
&#xD;
2019-08-05 13:20:17 - [TEST_STEP][PASSED] - Thread.sleep(3000): null&#xD;
&#xD;
2019-08-05 13:20:20 - [TEST_STEP][PASSED] - waitForElementVisible(findTestObject("mobileSanity/STM/Page_App Page 1/a_Autofill App Info"), 20): Object 'Object Repository/mobileSanity/STM/Page_App Page 1/a_Autofill App Info' is visible&#xD;
&#xD;
2019-08-05 13:20:20 - [MESSAGE][PASSED] - Object 'Object Repository/mobileSanity/STM/Page_App Page 1/a_Autofill App Info' is visible&#xD;
&#xD;
2019-08-05 13:20:20 - [TEST_STEP][PASSED] - click(findTestObject("mobileSanity/STM/Page_App Page 1/a_Autofill App Info")): Object: 'Object Repository/mobileSanity/STM/Page_App Page 1/a_Autofill App Info' is clicked on&#xD;
&#xD;
2019-08-05 13:20:20 - [MESSAGE][PASSED] - Object: 'Object Repository/mobileSanity/STM/Page_App Page 1/a_Autofill App Info' is clicked on&#xD;
&#xD;
2019-08-05 13:20:20 - [TEST_STEP][PASSED] - Thread.sleep(1000): null&#xD;
&#xD;
2019-08-05 13:20:21 - [TEST_STEP][PASSED] - click(findTestObject("mobileSanity/STM/Page_App Page 1/a_Autofill App Info")): Object: 'Object Repository/mobileSanity/STM/Page_App Page 1/a_Autofill App Info' is clicked on&#xD;
&#xD;
2019-08-05 13:20:21 - [MESSAGE][PASSED] - Object: 'Object Repository/mobileSanity/STM/Page_App Page 1/a_Autofill App Info' is clicked on&#xD;
&#xD;
2019-08-05 13:20:21 - [TEST_STEP][PASSED] - Thread.sleep(1000): null&#xD;
&#xD;
2019-08-05 13:20:22 - [TEST_STEP][PASSED] - waitForElementVisible(findTestObject("mobileSanity/STM/Page_App Page 1/a_Continue"), 20): Object 'Object Repository/mobileSanity/STM/Page_App Page 1/a_Continue' is visible&#xD;
&#xD;
2019-08-05 13:20:22 - [MESSAGE][PASSED] - Object 'Object Repository/mobileSanity/STM/Page_App Page 1/a_Continue' is visible&#xD;
&#xD;
2019-08-05 13:20:22 - [TEST_STEP][PASSED] - click(findTestObject("mobileSanity/STM/Page_App Page 1/a_Continue")): Object: 'Object Repository/mobileSanity/STM/Page_App Page 1/a_Continue' is clicked on&#xD;
&#xD;
2019-08-05 13:20:22 - [MESSAGE][PASSED] - Object: 'Object Repository/mobileSanity/STM/Page_App Page 1/a_Continue' is clicked on&#xD;
&#xD;
2019-08-05 13:20:22 - [TEST_STEP][PASSED] - waitForPageLoad(10): Wait for page load successfully&#xD;
&#xD;
2019-08-05 13:20:23 - [MESSAGE][PASSED] - Wait for page load successfully&#xD;
&#xD;
2019-08-05 13:20:23 - [TEST_STEP][PASSED] - Thread.sleep(2000): null&#xD;
&#xD;
2019-08-05 13:20:25 - [TEST_STEP][PASSED] - callTestCase(findTestCase("mobileWeb/_include/get_screenshot"), [:], STOP_ON_FAILURE): Call Test Case 'Test Cases/mobileWeb/_include/get_screenshot' successfully&#xD;
&#xD;
2019-08-05 13:20:25 - [TEST_CASE][PASSED] - Test Cases/mobileWeb/_include/get_screenshot: Test Cases/mobileWeb/_include/get_screenshot&#xD;
&#xD;
2019-08-05 13:20:25 - [TEST_STEP][PASSED] - takeScreenshot(screenPath + i + ".png"): Taking screenshot successfully&#xD;
&#xD;
2019-08-05 13:20:25 - [MESSAGE][PASSED] - Taking screenshot successfully&#xD;
[[ATTACHMENT|D:\\Test\\AgileTest\\AgileTest\\Reports\\mobileWeb\\stm\\20190805_131400\\../Screenshots/iPhone X/stm/Everest/20190805_131923/7.png]]&#xD;
&#xD;
2019-08-05 13:20:25 - [TEST_STEP][PASSED] - (internal.GlobalVariable.i++): null&#xD;
&#xD;
2019-08-05 13:20:25 - [MESSAGE][PASSED] - Call Test Case 'Test Cases/mobileWeb/_include/get_screenshot' successfully&#xD;
&#xD;
2019-08-05 13:20:25 - [TEST_STEP][PASSED] - click(findTestObject("mobileSanity/STM/Page_App Page 2/a_Continue to Step 3 - Payment")): Object: 'Object Repository/mobileSanity/STM/Page_App Page 2/a_Continue to Step 3 - Payment' is clicked on&#xD;
&#xD;
2019-08-05 13:20:25 - [MESSAGE][PASSED] - Object: 'Object Repository/mobileSanity/STM/Page_App Page 2/a_Continue to Step 3 - Payment' is clicked on&#xD;
&#xD;
2019-08-05 13:20:25 - [TEST_STEP][PASSED] - waitForPageLoad(10): Wait for page load successfully&#xD;
&#xD;
2019-08-05 13:20:25 - [MESSAGE][PASSED] - Wait for page load successfully&#xD;
&#xD;
2019-08-05 13:20:25 - [TEST_STEP][PASSED] - Thread.sleep(2000): null&#xD;
&#xD;
2019-08-05 13:20:27 - [TEST_STEP][PASSED] - callTestCase(findTestCase("mobileWeb/_include/get_screenshot"), [:], STOP_ON_FAILURE): Call Test Case 'Test Cases/mobileWeb/_include/get_screenshot' successfully&#xD;
&#xD;
2019-08-05 13:20:27 - [TEST_CASE][PASSED] - Test Cases/mobileWeb/_include/get_screenshot: Test Cases/mobileWeb/_include/get_screenshot&#xD;
&#xD;
2019-08-05 13:20:27 - [TEST_STEP][PASSED] - takeScreenshot(screenPath + i + ".png"): Taking screenshot successfully&#xD;
&#xD;
2019-08-05 13:20:28 - [MESSAGE][PASSED] - Taking screenshot successfully&#xD;
[[ATTACHMENT|D:\\Test\\AgileTest\\AgileTest\\Reports\\mobileWeb\\stm\\20190805_131400\\../Screenshots/iPhone X/stm/Everest/20190805_131923/8.png]]&#xD;
&#xD;
2019-08-05 13:20:28 - [TEST_STEP][PASSED] - (internal.GlobalVariable.i++): null&#xD;
&#xD;
2019-08-05 13:20:28 - [MESSAGE][PASSED] - Call Test Case 'Test Cases/mobileWeb/_include/get_screenshot' successfully&#xD;
&#xD;
2019-08-05 13:20:28 - [TEST_STEP][PASSED] - clearText(findTestObject("mobileSanity/STM/Page_App Page 3/input__credit-card-cvv")): Text of object 'Object Repository/mobileSanity/STM/Page_App Page 3/input__credit-card-cvv' is cleared&#xD;
&#xD;
2019-08-05 13:20:28 - [MESSAGE][PASSED] - Text of object 'Object Repository/mobileSanity/STM/Page_App Page 3/input__credit-card-cvv' is cleared&#xD;
&#xD;
2019-08-05 13:20:28 - [TEST_STEP][PASSED] - setText(findTestObject("mobileSanity/STM/Page_App Page 3/input__credit-card-cvv"), "123"): Text '123' is set on object 'Object Repository/mobileSanity/STM/Page_App Page 3/input__credit-card-cvv'&#xD;
&#xD;
2019-08-05 13:20:28 - [MESSAGE][PASSED] - Text '123' is set on object 'Object Repository/mobileSanity/STM/Page_App Page 3/input__credit-card-cvv'&#xD;
&#xD;
2019-08-05 13:20:28 - [TEST_STEP][PASSED] - click(findTestObject("mobileSanity/STM/Page_App Page 3/label_I Accept Authorization f")): Object: 'Object Repository/mobileSanity/STM/Page_App Page 3/label_I Accept Authorization f' is clicked on&#xD;
&#xD;
2019-08-05 13:20:29 - [MESSAGE][PASSED] - Object: 'Object Repository/mobileSanity/STM/Page_App Page 3/label_I Accept Authorization f' is clicked on&#xD;
&#xD;
2019-08-05 13:20:29 - [TEST_STEP][PASSED] - click(findTestObject("mobileSanity/STM/Page_App Page 3/a_Continue to Step 4 - Review")): Object: 'Object Repository/mobileSanity/STM/Page_App Page 3/a_Continue to Step 4 - Review' is clicked on&#xD;
&#xD;
2019-08-05 13:20:29 - [MESSAGE][PASSED] - Object: 'Object Repository/mobileSanity/STM/Page_App Page 3/a_Continue to Step 4 - Review' is clicked on&#xD;
&#xD;
2019-08-05 13:20:29 - [TEST_STEP][PASSED] - waitForPageLoad(10): Wait for page load successfully&#xD;
&#xD;
2019-08-05 13:20:29 - [MESSAGE][PASSED] - Wait for page load successfully&#xD;
&#xD;
2019-08-05 13:20:29 - [TEST_STEP][PASSED] - waitForElementClickable(findTestObject("mobileSanity/STM/Page_App Page 4/label"), 10): Object 'Object Repository/mobileSanity/STM/Page_App Page 4/label' is clickable&#xD;
&#xD;
2019-08-05 13:20:31 - [MESSAGE][PASSED] - Object 'Object Repository/mobileSanity/STM/Page_App Page 4/label' is clickable&#xD;
&#xD;
2019-08-05 13:20:31 - [TEST_STEP][PASSED] - Thread.sleep(2000): null&#xD;
&#xD;
2019-08-05 13:20:33 - [TEST_STEP][PASSED] - callTestCase(findTestCase("mobileWeb/_include/get_screenshot"), [:], STOP_ON_FAILURE): Call Test Case 'Test Cases/mobileWeb/_include/get_screenshot' successfully&#xD;
&#xD;
2019-08-05 13:20:33 - [TEST_CASE][PASSED] - Test Cases/mobileWeb/_include/get_screenshot: Test Cases/mobileWeb/_include/get_screenshot&#xD;
&#xD;
2019-08-05 13:20:33 - [TEST_STEP][PASSED] - takeScreenshot(screenPath + i + ".png"): Taking screenshot successfully&#xD;
&#xD;
2019-08-05 13:20:34 - [MESSAGE][PASSED] - Taking screenshot successfully&#xD;
[[ATTACHMENT|D:\\Test\\AgileTest\\AgileTest\\Reports\\mobileWeb\\stm\\20190805_131400\\../Screenshots/iPhone X/stm/Everest/20190805_131923/9.png]]&#xD;
&#xD;
2019-08-05 13:20:34 - [TEST_STEP][PASSED] - (internal.GlobalVariable.i++): null&#xD;
&#xD;
2019-08-05 13:20:34 - [MESSAGE][PASSED] - Call Test Case 'Test Cases/mobileWeb/_include/get_screenshot' successfully&#xD;
&#xD;
2019-08-05 13:20:34 - [TEST_STEP][PASSED] - click(findTestObject("mobileSanity/STM/Page_App Page 4/label")): Object: 'Object Repository/mobileSanity/STM/Page_App Page 4/label' is clicked on&#xD;
&#xD;
2019-08-05 13:20:34 - [MESSAGE][PASSED] - Object: 'Object Repository/mobileSanity/STM/Page_App Page 4/label' is clicked on&#xD;
&#xD;
2019-08-05 13:20:34 - [TEST_STEP][PASSED] - click(findTestObject("mobileSanity/STM/Page_App Page 4/div_CLICK TO SIGN")): Object: 'Object Repository/mobileSanity/STM/Page_App Page 4/div_CLICK TO SIGN' is clicked on&#xD;
&#xD;
2019-08-05 13:20:34 - [MESSAGE][PASSED] - Object: 'Object Repository/mobileSanity/STM/Page_App Page 4/div_CLICK TO SIGN' is clicked on&#xD;
&#xD;
2019-08-05 13:20:34 - [TEST_STEP][PASSED] - click(findTestObject("mobileSanity/STM/Page_App Page 4/a_Submit Your Application")): Object: 'Object Repository/mobileSanity/STM/Page_App Page 4/a_Submit Your Application' is clicked on&#xD;
&#xD;
2019-08-05 13:20:34 - [MESSAGE][PASSED] - Object: 'Object Repository/mobileSanity/STM/Page_App Page 4/a_Submit Your Application' is clicked on&#xD;
&#xD;
2019-08-05 13:20:34 - [TEST_STEP][PASSED] - Thread.sleep(30000): null&#xD;
&#xD;
2019-08-05 13:21:04 - [TEST_STEP][PASSED] - callTestCase(findTestCase("mobileWeb/_include/get_screenshot"), [:], STOP_ON_FAILURE): Call Test Case 'Test Cases/mobileWeb/_include/get_screenshot' successfully&#xD;
&#xD;
2019-08-05 13:21:04 - [TEST_CASE][PASSED] - Test Cases/mobileWeb/_include/get_screenshot: Test Cases/mobileWeb/_include/get_screenshot&#xD;
&#xD;
2019-08-05 13:21:04 - [TEST_STEP][PASSED] - takeScreenshot(screenPath + i + ".png"): Taking screenshot successfully&#xD;
&#xD;
2019-08-05 13:21:05 - [MESSAGE][PASSED] - Taking screenshot successfully&#xD;
[[ATTACHMENT|D:\\Test\\AgileTest\\AgileTest\\Reports\\mobileWeb\\stm\\20190805_131400\\../Screenshots/iPhone X/stm/Everest/20190805_131923/10.png]]&#xD;
&#xD;
2019-08-05 13:21:05 - [TEST_STEP][PASSED] - (internal.GlobalVariable.i++): null&#xD;
&#xD;
2019-08-05 13:21:05 - [MESSAGE][PASSED] - Call Test Case 'Test Cases/mobileWeb/_include/get_screenshot' successfully&#xD;
&#xD;
2019-08-05 13:21:05 - [TEST_STEP][PASSED] - waitForElementPresent(findTestObject("mobileSanity/STM/Page_App Page 6/span_planName"), 30): Object 'Object Repository/mobileSanity/STM/Page_App Page 6/span_planName' is present&#xD;
&#xD;
2019-08-05 13:21:05 - [MESSAGE][PASSED] - Object 'Object Repository/mobileSanity/STM/Page_App Page 6/span_planName' is present&#xD;
&#xD;
2019-08-05 13:21:05 - [TEST_STEP][PASSED] - verifyElementPresent(findTestObject("mobileSanity/STM/Page_App Page 6/span_planName"), 20): Object 'Object Repository/mobileSanity/STM/Page_App Page 6/span_planName' is present&#xD;
&#xD;
2019-08-05 13:21:05 - [MESSAGE][PASSED] - Object 'Object Repository/mobileSanity/STM/Page_App Page 6/span_planName' is present&#xD;
&#xD;
2019-08-05 13:21:05 - [TEST_STEP][PASSED] - verifyElementPresent(findTestObject("mobileSanity/STM/Page_App Page 6/span_approved"), 20): Object 'Object Repository/mobileSanity/STM/Page_App Page 6/span_approved' is present&#xD;
&#xD;
2019-08-05 13:21:05 - [MESSAGE][PASSED] - Object 'Object Repository/mobileSanity/STM/Page_App Page 6/span_approved' is present&#xD;
&#xD;
2019-08-05 13:21:05 - [MESSAGE][PASSED] - Call Test Case 'Test Cases/mobileWeb/_include/goToEnd_stm_autofill' successfully</system-out>
            <system-err></system-err>
        </testcase>
        <testcase name="Test Cases/mobileWeb/stm/Everest Prime" classname="Test Cases/mobileWeb/stm/Everest Prime" status="PASSED">
            <system-out>2019-08-05 13:21:05 - [TEST_CASE][PASSED] - Test Cases/mobileWeb/stm/Everest Prime: Test Cases/mobileWeb/stm/Everest Prime&#xD;
&#xD;
2019-08-05 13:21:05 - [TEST_STEP][PASSED] - callTestCase(findTestCase("mobileWeb/_include/get_screenPath"), ["productLine":"stm", "carrierName":"Everest Prime"], CONTINUE_ON_FAILURE): Call Test Case 'Test Cases/mobileWeb/_include/get_screenPath' successfully&#xD;
&#xD;
2019-08-05 13:21:05 - [TEST_CASE][PASSED] - Test Cases/mobileWeb/_include/get_screenPath: Test Cases/mobileWeb/_include/get_screenPath&#xD;
&#xD;
2019-08-05 13:21:05 - [TEST_STEP][PASSED] - m = getExecutionProperties(): null&#xD;
&#xD;
2019-08-05 13:21:05 - [TEST_STEP][PASSED] - deviceName = get("mobileEmulation").get("deviceName"): null&#xD;
&#xD;
2019-08-05 13:21:05 - [TEST_STEP][PASSED] - println(deviceName): null&#xD;
&#xD;
2019-08-05 13:21:05 - [TEST_STEP][PASSED] - now = new java.util.Date(): null&#xD;
&#xD;
2019-08-05 13:21:05 - [TEST_STEP][PASSED] - mydate = now.format("yyyyMMdd_HHmmss"): null&#xD;
&#xD;
2019-08-05 13:21:05 - [TEST_STEP][PASSED] - screenPath = "../Screenshots/": null&#xD;
&#xD;
2019-08-05 13:21:05 - [TEST_STEP][PASSED] - screenPath = screenPath + deviceName + "/" + productLine + "/" + carrierName + "/" + mydate + "/": null&#xD;
&#xD;
2019-08-05 13:21:05 - [TEST_STEP][PASSED] - println(screenPath): null&#xD;
&#xD;
2019-08-05 13:21:05 - [MESSAGE][PASSED] - Call Test Case 'Test Cases/mobileWeb/_include/get_screenPath' successfully&#xD;
&#xD;
2019-08-05 13:21:05 - [TEST_STEP][PASSED] - i = 0: null&#xD;
&#xD;
2019-08-05 13:21:05 - [TEST_STEP][PASSED] - callTestCase(findTestCase("mobileWeb/_include/openWebSite"), [:], CONTINUE_ON_FAILURE): Call Test Case 'Test Cases/mobileWeb/_include/openWebSite' successfully&#xD;
&#xD;
2019-08-05 13:21:05 - [TEST_CASE][PASSED] - Test Cases/mobileWeb/_include/openWebSite: Test Cases/mobileWeb/_include/openWebSite&#xD;
&#xD;
2019-08-05 13:21:05 - [TEST_STEP][PASSED] - openBrowser(env): Browser is opened with url: 'https://praetemptatus.agilehealthinsurance.com'&#xD;
&#xD;
2019-08-05 13:21:05 - [MESSAGE][WARNING] - A browser is already opened. Closing browser and opening a new one&#xD;
&#xD;
2019-08-05 13:21:06 - [MESSAGE][INFO] - Starting 'Chrome' driver&#xD;
&#xD;
2019-08-05 13:21:06 - [MESSAGE][INFO] - User set preference: ['mobileEmulation', '{deviceName=iPhone X}']&#xD;
&#xD;
2019-08-05 13:21:06 - [MESSAGE][INFO] - User set preference: ['args', '[--incognito, --aggressive-cache-discard, --no-sandbox, --window-size=375,812]']&#xD;
&#xD;
2019-08-05 13:21:13 - [MESSAGE][PASSED] - Browser is opened with url: 'https://praetemptatus.agilehealthinsurance.com'&#xD;
&#xD;
2019-08-05 13:21:13 - [TEST_STEP][PASSED] - waitForPageLoad(10): Wait for page load successfully&#xD;
&#xD;
2019-08-05 13:21:13 - [MESSAGE][PASSED] - Wait for page load successfully&#xD;
&#xD;
2019-08-05 13:21:13 - [TEST_STEP][PASSED] - callTestCase(findTestCase("mobileWeb/_include/get_screenshot"), [:], STOP_ON_FAILURE): Call Test Case 'Test Cases/mobileWeb/_include/get_screenshot' successfully&#xD;
&#xD;
2019-08-05 13:21:13 - [TEST_CASE][PASSED] - Test Cases/mobileWeb/_include/get_screenshot: Test Cases/mobileWeb/_include/get_screenshot&#xD;
&#xD;
2019-08-05 13:21:13 - [TEST_STEP][PASSED] - takeScreenshot(screenPath + i + ".png"): Taking screenshot successfully&#xD;
&#xD;
2019-08-05 13:21:17 - [MESSAGE][PASSED] - Taking screenshot successfully&#xD;
[[ATTACHMENT|D:\\Test\\AgileTest\\AgileTest\\Reports\\mobileWeb\\stm\\20190805_131400\\../Screenshots/iPhone X/stm/Everest Prime/20190805_132105/0.png]]&#xD;
&#xD;
2019-08-05 13:21:17 - [TEST_STEP][PASSED] - (internal.GlobalVariable.i++): null&#xD;
&#xD;
2019-08-05 13:21:17 - [MESSAGE][PASSED] - Call Test Case 'Test Cases/mobileWeb/_include/get_screenshot' successfully&#xD;
&#xD;
2019-08-05 13:21:17 - [MESSAGE][PASSED] - Call Test Case 'Test Cases/mobileWeb/_include/openWebSite' successfully&#xD;
&#xD;
2019-08-05 13:21:17 - [TEST_STEP][PASSED] - callTestCase(findTestCase("mobileWeb/_include/census_stm"), [:], CONTINUE_ON_FAILURE): Call Test Case 'Test Cases/mobileWeb/_include/census_stm' successfully&#xD;
&#xD;
2019-08-05 13:21:17 - [TEST_CASE][PASSED] - Test Cases/mobileWeb/_include/census_stm: Test Cases/mobileWeb/_include/census_stm&#xD;
&#xD;
2019-08-05 13:21:17 - [TEST_STEP][PASSED] - waitForElementClickable(findTestObject("mobileSanity/STM/Home Page/a_Quote  Save Today"), 10): Object 'Object Repository/mobileSanity/STM/Home Page/a_Quote  Save Today' is clickable&#xD;
&#xD;
2019-08-05 13:21:18 - [MESSAGE][PASSED] - Object 'Object Repository/mobileSanity/STM/Home Page/a_Quote  Save Today' is clickable&#xD;
&#xD;
2019-08-05 13:21:18 - [TEST_STEP][PASSED] - click(findTestObject("mobileSanity/STM/Home Page/a_Quote  Save Today")): Object: 'Object Repository/mobileSanity/STM/Home Page/a_Quote  Save Today' is clicked on&#xD;
&#xD;
2019-08-05 13:21:20 - [MESSAGE][PASSED] - Object: 'Object Repository/mobileSanity/STM/Home Page/a_Quote  Save Today' is clicked on&#xD;
&#xD;
2019-08-05 13:21:20 - [TEST_STEP][PASSED] - waitForPageLoad(10): Wait for page load successfully&#xD;
&#xD;
2019-08-05 13:21:20 - [MESSAGE][PASSED] - Wait for page load successfully&#xD;
&#xD;
2019-08-05 13:21:20 - [TEST_STEP][PASSED] - callTestCase(findTestCase("mobileWeb/_include/get_screenshot"), [:], STOP_ON_FAILURE): Call Test Case 'Test Cases/mobileWeb/_include/get_screenshot' successfully&#xD;
&#xD;
2019-08-05 13:21:21 - [TEST_CASE][PASSED] - Test Cases/mobileWeb/_include/get_screenshot: Test Cases/mobileWeb/_include/get_screenshot&#xD;
&#xD;
2019-08-05 13:21:21 - [TEST_STEP][PASSED] - takeScreenshot(screenPath + i + ".png"): Taking screenshot successfully&#xD;
&#xD;
2019-08-05 13:21:21 - [MESSAGE][PASSED] - Taking screenshot successfully&#xD;
[[ATTACHMENT|D:\\Test\\AgileTest\\AgileTest\\Reports\\mobileWeb\\stm\\20190805_131400\\../Screenshots/iPhone X/stm/Everest Prime/20190805_132105/1.png]]&#xD;
&#xD;
2019-08-05 13:21:21 - [TEST_STEP][PASSED] - (internal.GlobalVariable.i++): null&#xD;
&#xD;
2019-08-05 13:21:21 - [MESSAGE][PASSED] - Call Test Case 'Test Cases/mobileWeb/_include/get_screenshot' successfully&#xD;
&#xD;
2019-08-05 13:21:21 - [TEST_STEP][PASSED] - setText(findTestObject("mobileSanity/STM/STM Census Page/input_Location_zip-input"), zipcode): Text '35215' is set on object 'Object Repository/mobileSanity/STM/STM Census Page/input_Location_zip-input'&#xD;
&#xD;
2019-08-05 13:21:22 - [MESSAGE][PASSED] - Text '35215' is set on object 'Object Repository/mobileSanity/STM/STM Census Page/input_Location_zip-input'&#xD;
&#xD;
2019-08-05 13:21:22 - [TEST_STEP][PASSED] - Thread.sleep(500): null&#xD;
&#xD;
2019-08-05 13:21:22 - [TEST_STEP][PASSED] - setText(findTestObject("mobileSanity/STM/STM Census Page/input_Date of Birth_dob-0"), "03031987"): Text '03031987' is set on object 'Object Repository/mobileSanity/STM/STM Census Page/input_Date of Birth_dob-0'&#xD;
&#xD;
2019-08-05 13:21:22 - [MESSAGE][PASSED] - Text '03031987' is set on object 'Object Repository/mobileSanity/STM/STM Census Page/input_Date of Birth_dob-0'&#xD;
&#xD;
2019-08-05 13:21:22 - [TEST_STEP][PASSED] - click(findTestObject("mobileSanity/STM/STM Census Page/label_Male")): Object: 'Object Repository/mobileSanity/STM/STM Census Page/label_Male' is clicked on&#xD;
&#xD;
2019-08-05 13:21:23 - [MESSAGE][PASSED] - Object: 'Object Repository/mobileSanity/STM/STM Census Page/label_Male' is clicked on&#xD;
&#xD;
2019-08-05 13:21:23 - [TEST_STEP][PASSED] - click(findTestObject("mobileSanity/STM/STM Census Page/label_Compare Plans")): Object: 'Object Repository/mobileSanity/STM/STM Census Page/label_Compare Plans' is clicked on&#xD;
&#xD;
2019-08-05 13:21:23 - [MESSAGE][PASSED] - Object: 'Object Repository/mobileSanity/STM/STM Census Page/label_Compare Plans' is clicked on&#xD;
&#xD;
2019-08-05 13:21:23 - [TEST_STEP][PASSED] - waitForElementVisible(findTestObject("mobileSanity/STM/STM Quote Page/button_sort"), 20): Object 'Object Repository/mobileSanity/STM/STM Quote Page/button_sort' is visible&#xD;
&#xD;
2019-08-05 13:21:29 - [MESSAGE][PASSED] - Object 'Object Repository/mobileSanity/STM/STM Quote Page/button_sort' is visible&#xD;
&#xD;
2019-08-05 13:21:29 - [TEST_STEP][PASSED] - Thread.sleep(3000): null&#xD;
&#xD;
2019-08-05 13:21:32 - [TEST_STEP][PASSED] - callTestCase(findTestCase("mobileWeb/_include/get_screenshot"), [:], STOP_ON_FAILURE): Call Test Case 'Test Cases/mobileWeb/_include/get_screenshot' successfully&#xD;
&#xD;
2019-08-05 13:21:32 - [TEST_CASE][PASSED] - Test Cases/mobileWeb/_include/get_screenshot: Test Cases/mobileWeb/_include/get_screenshot&#xD;
&#xD;
2019-08-05 13:21:32 - [TEST_STEP][PASSED] - takeScreenshot(screenPath + i + ".png"): Taking screenshot successfully&#xD;
&#xD;
2019-08-05 13:21:32 - [MESSAGE][PASSED] - Taking screenshot successfully&#xD;
[[ATTACHMENT|D:\\Test\\AgileTest\\AgileTest\\Reports\\mobileWeb\\stm\\20190805_131400\\../Screenshots/iPhone X/stm/Everest Prime/20190805_132105/2.png]]&#xD;
&#xD;
2019-08-05 13:21:32 - [TEST_STEP][PASSED] - (internal.GlobalVariable.i++): null&#xD;
&#xD;
2019-08-05 13:21:32 - [MESSAGE][PASSED] - Call Test Case 'Test Cases/mobileWeb/_include/get_screenshot' successfully&#xD;
&#xD;
2019-08-05 13:21:32 - [TEST_STEP][PASSED] - Thread.sleep(1000): null&#xD;
&#xD;
2019-08-05 13:21:33 - [MESSAGE][PASSED] - Call Test Case 'Test Cases/mobileWeb/_include/census_stm' successfully&#xD;
&#xD;
2019-08-05 13:21:33 - [TEST_STEP][PASSED] - callTestCase(findTestCase("mobileWeb/_include/filter_stm"), ["carrier":"everest"], STOP_ON_FAILURE): Call Test Case 'Test Cases/mobileWeb/_include/filter_stm' successfully&#xD;
&#xD;
2019-08-05 13:21:34 - [TEST_CASE][PASSED] - Test Cases/mobileWeb/_include/filter_stm: Test Cases/mobileWeb/_include/filter_stm&#xD;
&#xD;
2019-08-05 13:21:34 - [TEST_STEP][PASSED] - driver = getWebDriver(): null&#xD;
&#xD;
2019-08-05 13:21:34 - [TEST_STEP][PASSED] - selenium = new com.thoughtworks.selenium.webdriven.WebDriverBackedSelenium(driver, internal.GlobalVariable.ENV): null&#xD;
&#xD;
2019-08-05 13:21:34 - [TEST_STEP][PASSED] - Thread.sleep(1000): null&#xD;
&#xD;
2019-08-05 13:21:35 - [TEST_STEP][PASSED] - click(findTestObject("mobileSanity/STM/STM Quote Page/button_filters")): Object: 'Object Repository/mobileSanity/STM/STM Quote Page/button_filters' is clicked on&#xD;
&#xD;
2019-08-05 13:21:35 - [MESSAGE][PASSED] - Object: 'Object Repository/mobileSanity/STM/STM Quote Page/button_filters' is clicked on&#xD;
&#xD;
2019-08-05 13:21:35 - [TEST_STEP][PASSED] - Thread.sleep(1000): null&#xD;
&#xD;
2019-08-05 13:21:36 - [TEST_STEP][PASSED] - click(findTestObject("mobileSanity/STM/STM Quote Page/i_Insurance company")): Object: 'Object Repository/mobileSanity/STM/STM Quote Page/i_Insurance company' is clicked on&#xD;
&#xD;
2019-08-05 13:21:36 - [MESSAGE][PASSED] - Object: 'Object Repository/mobileSanity/STM/STM Quote Page/i_Insurance company' is clicked on&#xD;
&#xD;
2019-08-05 13:21:36 - [TEST_STEP][PASSED] - Thread.sleep(1000): null&#xD;
&#xD;
2019-08-05 13:21:37 - [TEST_STEP][PASSED] - filter_carrier = "//input[@name='filter[carrier]' and @value='" + carrier + "']/following::label": null&#xD;
&#xD;
2019-08-05 13:21:37 - [TEST_STEP][PASSED] - println(filter_carrier): null&#xD;
&#xD;
2019-08-05 13:21:37 - [TEST_STEP][PASSED] - test.MobileKeywords.clickJS_ByXpath(filter_carrier): test.MobileKeywords.clickJS_ByXpath is PASSED&#xD;
&#xD;
2019-08-05 13:21:37 - [MESSAGE][PASSED] - Execute JavaScript 'arguments[0].click()' successfully&#xD;
&#xD;
2019-08-05 13:21:37 - [MESSAGE][PASSED] - test.MobileKeywords.clickJS_ByXpath is PASSED&#xD;
&#xD;
2019-08-05 13:21:37 - [TEST_STEP][PASSED] - Thread.sleep(1000): null&#xD;
&#xD;
2019-08-05 13:21:38 - [TEST_STEP][PASSED] - scrollToElement(findTestObject("mobileSanity/STM/STM Quote Page/a_Show Plans"), 1000): Scroll to object 'Object Repository/mobileSanity/STM/STM Quote Page/a_Show Plans' successfully&#xD;
&#xD;
2019-08-05 13:21:38 - [MESSAGE][PASSED] - Scroll to object 'Object Repository/mobileSanity/STM/STM Quote Page/a_Show Plans' successfully&#xD;
&#xD;
2019-08-05 13:21:38 - [TEST_STEP][PASSED] - click(findTestObject("mobileSanity/STM/STM Quote Page/a_Show Plans")): Object: 'Object Repository/mobileSanity/STM/STM Quote Page/a_Show Plans' is clicked on&#xD;
&#xD;
2019-08-05 13:21:39 - [MESSAGE][PASSED] - Object: 'Object Repository/mobileSanity/STM/STM Quote Page/a_Show Plans' is clicked on&#xD;
&#xD;
2019-08-05 13:21:39 - [TEST_STEP][PASSED] - waitForJQueryLoad(10, STOP_ON_FAILURE): jQuery is ready.&#xD;
&#xD;
2019-08-05 13:21:39 - [MESSAGE][PASSED] - jQuery is ready.&#xD;
&#xD;
2019-08-05 13:21:39 - [TEST_STEP][PASSED] - Thread.sleep(2000): null&#xD;
&#xD;
2019-08-05 13:21:41 - [TEST_STEP][PASSED] - callTestCase(findTestCase("mobileWeb/_include/get_screenshot"), [:], STOP_ON_FAILURE): Call Test Case 'Test Cases/mobileWeb/_include/get_screenshot' successfully&#xD;
&#xD;
2019-08-05 13:21:41 - [TEST_CASE][PASSED] - Test Cases/mobileWeb/_include/get_screenshot: Test Cases/mobileWeb/_include/get_screenshot&#xD;
&#xD;
2019-08-05 13:21:41 - [TEST_STEP][PASSED] - takeScreenshot(screenPath + i + ".png"): Taking screenshot successfully&#xD;
&#xD;
2019-08-05 13:21:42 - [MESSAGE][PASSED] - Taking screenshot successfully&#xD;
[[ATTACHMENT|D:\\Test\\AgileTest\\AgileTest\\Reports\\mobileWeb\\stm\\20190805_131400\\../Screenshots/iPhone X/stm/Everest Prime/20190805_132105/3.png]]&#xD;
&#xD;
2019-08-05 13:21:42 - [TEST_STEP][PASSED] - (internal.GlobalVariable.i++): null&#xD;
&#xD;
2019-08-05 13:21:42 - [MESSAGE][PASSED] - Call Test Case 'Test Cases/mobileWeb/_include/get_screenshot' successfully&#xD;
&#xD;
2019-08-05 13:21:42 - [MESSAGE][PASSED] - Call Test Case 'Test Cases/mobileWeb/_include/filter_stm' successfully&#xD;
&#xD;
2019-08-05 13:21:42 - [TEST_STEP][PASSED] - callTestCase(findTestCase("mobileWeb/_include/goToDetail_stm"), ["carrier":"everest"], STOP_ON_FAILURE): Call Test Case 'Test Cases/mobileWeb/_include/goToDetail_stm' successfully&#xD;
&#xD;
2019-08-05 13:21:42 - [TEST_CASE][PASSED] - Test Cases/mobileWeb/_include/goToDetail_stm: Test Cases/mobileWeb/_include/goToDetail_stm&#xD;
&#xD;
2019-08-05 13:21:42 - [TEST_STEP][PASSED] - driver = getWebDriver(): null&#xD;
&#xD;
2019-08-05 13:21:42 - [TEST_STEP][PASSED] - selenium = new com.thoughtworks.selenium.webdriven.WebDriverBackedSelenium(driver, internal.GlobalVariable.ENV): null&#xD;
&#xD;
2019-08-05 13:21:42 - [TEST_STEP][PASSED] - a_plan_name = "xpath=//a[contains(@href,'/term-health-insurance/plan/" + carrier + "')]": null&#xD;
&#xD;
2019-08-05 13:21:42 - [TEST_STEP][PASSED] - println(a_plan_name): null&#xD;
&#xD;
2019-08-05 13:21:42 - [TEST_STEP][PASSED] - selenium.click(a_plan_name): null&#xD;
&#xD;
2019-08-05 13:21:46 - [TEST_STEP][PASSED] - waitForPageLoad(10): Wait for page load successfully&#xD;
&#xD;
2019-08-05 13:21:46 - [MESSAGE][PASSED] - Wait for page load successfully&#xD;
&#xD;
2019-08-05 13:21:46 - [TEST_STEP][PASSED] - Thread.sleep(2000): null&#xD;
&#xD;
2019-08-05 13:21:48 - [TEST_STEP][PASSED] - callTestCase(findTestCase("mobileWeb/_include/get_screenshot"), [:], STOP_ON_FAILURE): Call Test Case 'Test Cases/mobileWeb/_include/get_screenshot' successfully&#xD;
&#xD;
2019-08-05 13:21:48 - [TEST_CASE][PASSED] - Test Cases/mobileWeb/_include/get_screenshot: Test Cases/mobileWeb/_include/get_screenshot&#xD;
&#xD;
2019-08-05 13:21:48 - [TEST_STEP][PASSED] - takeScreenshot(screenPath + i + ".png"): Taking screenshot successfully&#xD;
&#xD;
2019-08-05 13:21:49 - [MESSAGE][PASSED] - Taking screenshot successfully&#xD;
[[ATTACHMENT|D:\\Test\\AgileTest\\AgileTest\\Reports\\mobileWeb\\stm\\20190805_131400\\../Screenshots/iPhone X/stm/Everest Prime/20190805_132105/4.png]]&#xD;
&#xD;
2019-08-05 13:21:49 - [TEST_STEP][PASSED] - (internal.GlobalVariable.i++): null&#xD;
&#xD;
2019-08-05 13:21:49 - [MESSAGE][PASSED] - Call Test Case 'Test Cases/mobileWeb/_include/get_screenshot' successfully&#xD;
&#xD;
2019-08-05 13:21:49 - [MESSAGE][PASSED] - Call Test Case 'Test Cases/mobileWeb/_include/goToDetail_stm' successfully&#xD;
&#xD;
2019-08-05 13:21:49 - [TEST_STEP][PASSED] - callTestCase(findTestCase("mobileWeb/_include/apply_stm"), [:], STOP_ON_FAILURE): Call Test Case 'Test Cases/mobileWeb/_include/apply_stm' successfully&#xD;
&#xD;
2019-08-05 13:21:49 - [TEST_CASE][PASSED] - Test Cases/mobileWeb/_include/apply_stm: Test Cases/mobileWeb/_include/apply_stm&#xD;
&#xD;
2019-08-05 13:21:49 - [TEST_STEP][PASSED] - waitForElementVisible(findTestObject("mobileSanity/STM/STM PlanDetail Page/a_Apply for This Plan"), 5): Object 'Object Repository/mobileSanity/STM/STM PlanDetail Page/a_Apply for This Plan' is visible&#xD;
&#xD;
2019-08-05 13:21:49 - [MESSAGE][PASSED] - Object 'Object Repository/mobileSanity/STM/STM PlanDetail Page/a_Apply for This Plan' is visible&#xD;
&#xD;
2019-08-05 13:21:49 - [TEST_STEP][PASSED] - click(findTestObject("mobileSanity/STM/STM PlanDetail Page/a_Apply for This Plan")): Object: 'Object Repository/mobileSanity/STM/STM PlanDetail Page/a_Apply for This Plan' is clicked on&#xD;
&#xD;
2019-08-05 13:21:51 - [MESSAGE][PASSED] - Object: 'Object Repository/mobileSanity/STM/STM PlanDetail Page/a_Apply for This Plan' is clicked on&#xD;
&#xD;
2019-08-05 13:21:51 - [TEST_STEP][PASSED] - waitForPageLoad(10): Wait for page load successfully&#xD;
&#xD;
2019-08-05 13:21:51 - [MESSAGE][PASSED] - Wait for page load successfully&#xD;
&#xD;
2019-08-05 13:21:51 - [TEST_STEP][PASSED] - Thread.sleep(2000): null&#xD;
&#xD;
2019-08-05 13:21:53 - [TEST_STEP][PASSED] - callTestCase(findTestCase("mobileWeb/_include/get_screenshot"), [:], STOP_ON_FAILURE): Call Test Case 'Test Cases/mobileWeb/_include/get_screenshot' successfully&#xD;
&#xD;
2019-08-05 13:21:53 - [TEST_CASE][PASSED] - Test Cases/mobileWeb/_include/get_screenshot: Test Cases/mobileWeb/_include/get_screenshot&#xD;
&#xD;
2019-08-05 13:21:53 - [TEST_STEP][PASSED] - takeScreenshot(screenPath + i + ".png"): Taking screenshot successfully&#xD;
&#xD;
2019-08-05 13:21:53 - [MESSAGE][PASSED] - Taking screenshot successfully&#xD;
[[ATTACHMENT|D:\\Test\\AgileTest\\AgileTest\\Reports\\mobileWeb\\stm\\20190805_131400\\../Screenshots/iPhone X/stm/Everest Prime/20190805_132105/5.png]]&#xD;
&#xD;
2019-08-05 13:21:53 - [TEST_STEP][PASSED] - (internal.GlobalVariable.i++): null&#xD;
&#xD;
2019-08-05 13:21:53 - [MESSAGE][PASSED] - Call Test Case 'Test Cases/mobileWeb/_include/get_screenshot' successfully&#xD;
&#xD;
2019-08-05 13:21:53 - [TEST_STEP][PASSED] - waitForElementVisible(findTestObject("mobileSanity/STM/STM Apply Page/a_Start Secure Application"), 5): Object 'Object Repository/mobileSanity/STM/STM Apply Page/a_Start Secure Application' is visible&#xD;
&#xD;
2019-08-05 13:21:53 - [MESSAGE][PASSED] - Object 'Object Repository/mobileSanity/STM/STM Apply Page/a_Start Secure Application' is visible&#xD;
&#xD;
2019-08-05 13:21:53 - [TEST_STEP][PASSED] - click(findTestObject("mobileSanity/STM/STM Apply Page/a_Start Secure Application")): Object: 'Object Repository/mobileSanity/STM/STM Apply Page/a_Start Secure Application' is clicked on&#xD;
&#xD;
2019-08-05 13:21:57 - [MESSAGE][PASSED] - Object: 'Object Repository/mobileSanity/STM/STM Apply Page/a_Start Secure Application' is clicked on&#xD;
&#xD;
2019-08-05 13:21:57 - [TEST_STEP][PASSED] - waitForPageLoad(20): Wait for page load successfully&#xD;
&#xD;
2019-08-05 13:21:58 - [MESSAGE][PASSED] - Wait for page load successfully&#xD;
&#xD;
2019-08-05 13:21:58 - [TEST_STEP][PASSED] - Thread.sleep(2000): null&#xD;
&#xD;
2019-08-05 13:22:00 - [TEST_STEP][PASSED] - callTestCase(findTestCase("mobileWeb/_include/get_screenshot"), [:], STOP_ON_FAILURE): Call Test Case 'Test Cases/mobileWeb/_include/get_screenshot' successfully&#xD;
&#xD;
2019-08-05 13:22:00 - [TEST_CASE][PASSED] - Test Cases/mobileWeb/_include/get_screenshot: Test Cases/mobileWeb/_include/get_screenshot&#xD;
&#xD;
2019-08-05 13:22:00 - [TEST_STEP][PASSED] - takeScreenshot(screenPath + i + ".png"): Taking screenshot successfully&#xD;
&#xD;
2019-08-05 13:22:00 - [MESSAGE][PASSED] - Taking screenshot successfully&#xD;
[[ATTACHMENT|D:\\Test\\AgileTest\\AgileTest\\Reports\\mobileWeb\\stm\\20190805_131400\\../Screenshots/iPhone X/stm/Everest Prime/20190805_132105/6.png]]&#xD;
&#xD;
2019-08-05 13:22:00 - [TEST_STEP][PASSED] - (internal.GlobalVariable.i++): null&#xD;
&#xD;
2019-08-05 13:22:00 - [MESSAGE][PASSED] - Call Test Case 'Test Cases/mobileWeb/_include/get_screenshot' successfully&#xD;
&#xD;
2019-08-05 13:22:00 - [MESSAGE][PASSED] - Call Test Case 'Test Cases/mobileWeb/_include/apply_stm' successfully&#xD;
&#xD;
2019-08-05 13:22:00 - [TEST_STEP][PASSED] - callTestCase(findTestCase("mobileWeb/_include/goToEnd_stm_autofill"), [:], STOP_ON_FAILURE): Call Test Case 'Test Cases/mobileWeb/_include/goToEnd_stm_autofill' successfully&#xD;
&#xD;
2019-08-05 13:22:00 - [TEST_CASE][PASSED] - Test Cases/mobileWeb/_include/goToEnd_stm_autofill: Test Cases/mobileWeb/_include/goToEnd_stm_autofill&#xD;
&#xD;
2019-08-05 13:22:00 - [TEST_STEP][PASSED] - callTestCase(findTestCase("mobileWeb/_include/name"), [:], CONTINUE_ON_FAILURE): Call Test Case 'Test Cases/mobileWeb/_include/name' successfully&#xD;
&#xD;
2019-08-05 13:22:00 - [TEST_CASE][PASSED] - Test Cases/mobileWeb/_include/name: Test Cases/mobileWeb/_include/name&#xD;
&#xD;
2019-08-05 13:22:00 - [TEST_STEP][PASSED] - driver = getWebDriver(): null&#xD;
&#xD;
2019-08-05 13:22:00 - [TEST_STEP][PASSED] - selenium = new com.thoughtworks.selenium.webdriven.WebDriverBackedSelenium(driver, internal.GlobalVariable.ENV): null&#xD;
&#xD;
2019-08-05 13:22:00 - [TEST_STEP][PASSED] - FirstName = "Test-123": null&#xD;
&#xD;
2019-08-05 13:22:00 - [TEST_STEP][PASSED] - LastName = selenium.getEval("{var x="ABCDEFGHIJKLMNOPQRSTUVWXYZabcdefghijklmnopqrstuvwxyz"; var tmp="ZZ11-"; for (i=0;i&lt;8;i++) tmp+=x.charAt(Math.ceil(51*Math.random()));tmp;}"): null&#xD;
&#xD;
2019-08-05 13:22:00 - [TEST_STEP][PASSED] - Address = selenium.getEval("{var x="ABCDEFGHIJKLMNOPQRSTUVWXYZabcdefghijklmnopqrstuvwxyz"; var tmp=""; for (i=0;i&lt;8;i++) tmp+=x.charAt(Math.ceil(51*Math.random()));tmp;}"): null&#xD;
&#xD;
2019-08-05 13:22:00 - [TEST_STEP][PASSED] - City = selenium.getEval("{var x="ABCDEFGHIJKLMNOPQRSTUVWXYZabcdefghijklmnopqrstuvwxyz"; var tmp=""; for (i=0;i&lt;8;i++) tmp+=x.charAt(Math.ceil(51*Math.random()));tmp;}"): null&#xD;
&#xD;
2019-08-05 13:22:00 - [TEST_STEP][PASSED] - tel1 = selenium.getEval("{var x="123456789"; var tmp=""; for (i=0;i&lt;3;i++) tmp+=x.charAt(Math.ceil(8*Math.random()));tmp;}"): null&#xD;
&#xD;
2019-08-05 13:22:00 - [TEST_STEP][PASSED] - tel2 = selenium.getEval("{var x="123456789"; var tmp=""; for (i=0;i&lt;3;i++) tmp+=x.charAt(Math.ceil(8*Math.random()));tmp;}"): null&#xD;
&#xD;
2019-08-05 13:22:00 - [TEST_STEP][PASSED] - tel3 = selenium.getEval("{var x="123456789"; var tmp=""; for (i=0;i&lt;4;i++) tmp+=x.charAt(Math.ceil(8*Math.random()));tmp;}"): null&#xD;
&#xD;
2019-08-05 13:22:00 - [TEST_STEP][PASSED] - Tel = selenium.getExpression(tel1 + "-" + tel2 + "-" + tel3): null&#xD;
&#xD;
2019-08-05 13:22:00 - [TEST_STEP][PASSED] - AutoEmail = selenium.getEval("{var x="ABCDEFGHIJKLMNOPQRSTUVWXYZabcdefghijklmnopqrstuvwxyz"; var tmp="test."; for (i=0;i&lt;8;i++) tmp+=x.charAt(Math.ceil(51*Math.random()));tmp+="@suryani.cn";}"): null&#xD;
&#xD;
2019-08-05 13:22:00 - [TEST_STEP][PASSED] - FirstName = FirstName: null&#xD;
&#xD;
2019-08-05 13:22:00 - [TEST_STEP][PASSED] - LastName = LastName: null&#xD;
&#xD;
2019-08-05 13:22:00 - [TEST_STEP][PASSED] - Address = Address: null&#xD;
&#xD;
2019-08-05 13:22:00 - [TEST_STEP][PASSED] - City = City: null&#xD;
&#xD;
2019-08-05 13:22:00 - [TEST_STEP][PASSED] - Tel = Tel: null&#xD;
&#xD;
2019-08-05 13:22:00 - [TEST_STEP][PASSED] - AutoEmail = AutoEmail: null&#xD;
&#xD;
2019-08-05 13:22:00 - [TEST_STEP][PASSED] - println(FirstName): null&#xD;
&#xD;
2019-08-05 13:22:00 - [TEST_STEP][PASSED] - println(LastName): null&#xD;
&#xD;
2019-08-05 13:22:00 - [TEST_STEP][PASSED] - println(Address): null&#xD;
&#xD;
2019-08-05 13:22:00 - [TEST_STEP][PASSED] - println(City): null&#xD;
&#xD;
2019-08-05 13:22:00 - [TEST_STEP][PASSED] - println(Tel): null&#xD;
&#xD;
2019-08-05 13:22:00 - [TEST_STEP][PASSED] - println(AutoEmail): null&#xD;
&#xD;
2019-08-05 13:22:00 - [MESSAGE][PASSED] - Call Test Case 'Test Cases/mobileWeb/_include/name' successfully&#xD;
&#xD;
2019-08-05 13:22:00 - [TEST_STEP][FAILED] - try: Unable to verify text 'Month Duration Acknowledgement' is present  (Root cause: com.kms.katalon.core.exception.StepFailedException: Unable to verify text 'Month Duration Acknowledgement' is present &#xD;
	at com.kms.katalon.core.webui.keyword.internal.WebUIKeywordMain.stepFailed(WebUIKeywordMain.groovy:64)&#xD;
	at com.kms.katalon.core.webui.keyword.internal.WebUIKeywordMain.runKeyword(WebUIKeywordMain.groovy:26)&#xD;
	at com.kms.katalon.core.webui.keyword.builtin.VerifyTextPresentKeyword.verifyTextPresent(VerifyTextPresentKeyword.groovy:83)&#xD;
	at com.kms.katalon.core.webui.keyword.builtin.VerifyTextPresentKeyword.execute(VerifyTextPresentKeyword.groovy:68)&#xD;
	at com.kms.katalon.core.keyword.internal.KeywordExecutor.executeKeywordForPlatform(KeywordExecutor.groovy:56)&#xD;
	at com.kms.katalon.core.webui.keyword.WebUiBuiltInKeywords.verifyTextPresent(WebUiBuiltInKeywords.groovy:1693)&#xD;
	at com.kms.katalon.core.webui.keyword.WebUiBuiltInKeywords$verifyTextPresent$9.call(Unknown Source)&#xD;
	at goToEnd_stm_autofill.run(goToEnd_stm_autofill:19)&#xD;
	at com.kms.katalon.core.main.ScriptEngine.run(ScriptEngine.java:194)&#xD;
	at com.kms.katalon.core.main.ScriptEngine.runScriptAsRawText(ScriptEngine.java:119)&#xD;
	at com.kms.katalon.core.main.TestCaseExecutor.runScript(TestCaseExecutor.java:337)&#xD;
	at com.kms.katalon.core.main.TestCaseExecutor.doExecute(TestCaseExecutor.java:328)&#xD;
	at com.kms.katalon.core.main.TestCaseExecutor.processExecutionPhase(TestCaseExecutor.java:307)&#xD;
	at com.kms.katalon.core.main.TestCaseExecutor.accessMainPhase(TestCaseExecutor.java:299)&#xD;
	at com.kms.katalon.core.main.TestCaseExecutor.execute(TestCaseExecutor.java:233)&#xD;
	at com.kms.katalon.core.main.TestCaseMain.runTestCase(TestCaseMain.java:114)&#xD;
	at com.kms.katalon.core.keyword.builtin.CallTestCaseKeyword$_callTestCase_closure1.doCall(CallTestCaseKeyword.groovy:59)&#xD;
	at com.kms.katalon.core.keyword.builtin.CallTestCaseKeyword$_callTestCase_closure1.call(CallTestCaseKeyword.groovy)&#xD;
	at com.kms.katalon.core.keyword.internal.KeywordMain.runKeyword(KeywordMain.groovy:68)&#xD;
	at com.kms.katalon.core.keyword.builtin.CallTestCaseKeyword.callTestCase(CallTestCaseKeyword.groovy:81)&#xD;
	at com.kms.katalon.core.keyword.builtin.CallTestCaseKeyword.execute(CallTestCaseKeyword.groovy:44)&#xD;
	at com.kms.katalon.core.keyword.internal.KeywordExecutor.executeKeywordForPlatform(KeywordExecutor.groovy:56)&#xD;
	at com.kms.katalon.core.keyword.BuiltinKeywords.callTestCase(BuiltinKeywords.groovy:334)&#xD;
	at Everest Prime.run(Everest Prime:31)&#xD;
	at com.kms.katalon.core.main.ScriptEngine.run(ScriptEngine.java:194)&#xD;
	at com.kms.katalon.core.main.ScriptEngine.runScriptAsRawText(ScriptEngine.java:119)&#xD;
	at com.kms.katalon.core.main.TestCaseExecutor.runScript(TestCaseExecutor.java:337)&#xD;
	at com.kms.katalon.core.main.TestCaseExecutor.doExecute(TestCaseExecutor.java:328)&#xD;
	at com.kms.katalon.core.main.TestCaseExecutor.processExecutionPhase(TestCaseExecutor.java:307)&#xD;
	at com.kms.katalon.core.main.TestCaseExecutor.accessMainPhase(TestCaseExecutor.java:299)&#xD;
	at com.kms.katalon.core.main.TestCaseExecutor.execute(TestCaseExecutor.java:233)&#xD;
	at com.kms.katalon.core.main.TestSuiteExecutor.accessTestCaseMainPhase(TestSuiteExecutor.java:133)&#xD;
	at com.kms.katalon.core.main.TestSuiteExecutor.accessTestSuiteMainPhase(TestSuiteExecutor.java:116)&#xD;
	at com.kms.katalon.core.main.TestSuiteExecutor.execute(TestSuiteExecutor.java:83)&#xD;
	at com.kms.katalon.core.main.TestCaseMain.startTestSuite(TestCaseMain.java:157)&#xD;
	at com.kms.katalon.core.main.TestCaseMain$startTestSuite$0.call(Unknown Source)&#xD;
	at TempTestSuite1564982040506.run(TempTestSuite1564982040506.groovy:35)&#xD;
Caused by: com.kms.katalon.core.exception.StepFailedException: Text 'Month Duration Acknowledgement' is not present on page &#xD;
	at com.kms.katalon.core.webui.keyword.internal.WebUIKeywordMain.stepFailed(WebUIKeywordMain.groovy:64)&#xD;
	at com.kms.katalon.core.webui.keyword.builtin.VerifyTextPresentKeyword$_verifyTextPresent_closure1.doCall(VerifyTextPresentKeyword.groovy:79)&#xD;
	at com.kms.katalon.core.webui.keyword.builtin.VerifyTextPresentKeyword$_verifyTextPresent_closure1.call(VerifyTextPresentKeyword.groovy)&#xD;
	at com.kms.katalon.core.webui.keyword.internal.WebUIKeywordMain.runKeyword(WebUIKeywordMain.groovy:20)&#xD;
	... 35 more&#xD;
)&#xD;
&#xD;
2019-08-05 13:22:00 - [TEST_STEP][FAILED] - if (verifyTextPresent("Month Duration Acknowledgement", false)): Unable to verify text 'Month Duration Acknowledgement' is present  (Root cause: com.kms.katalon.core.exception.StepFailedException: Unable to verify text 'Month Duration Acknowledgement' is present &#xD;
	at com.kms.katalon.core.webui.keyword.internal.WebUIKeywordMain.stepFailed(WebUIKeywordMain.groovy:64)&#xD;
	at com.kms.katalon.core.webui.keyword.internal.WebUIKeywordMain.runKeyword(WebUIKeywordMain.groovy:26)&#xD;
	at com.kms.katalon.core.webui.keyword.builtin.VerifyTextPresentKeyword.verifyTextPresent(VerifyTextPresentKeyword.groovy:83)&#xD;
	at com.kms.katalon.core.webui.keyword.builtin.VerifyTextPresentKeyword.execute(VerifyTextPresentKeyword.groovy:68)&#xD;
	at com.kms.katalon.core.keyword.internal.KeywordExecutor.executeKeywordForPlatform(KeywordExecutor.groovy:56)&#xD;
	at com.kms.katalon.core.webui.keyword.WebUiBuiltInKeywords.verifyTextPresent(WebUiBuiltInKeywords.groovy:1693)&#xD;
	at com.kms.katalon.core.webui.keyword.WebUiBuiltInKeywords$verifyTextPresent$9.call(Unknown Source)&#xD;
	at goToEnd_stm_autofill.run(goToEnd_stm_autofill:19)&#xD;
	at com.kms.katalon.core.main.ScriptEngine.run(ScriptEngine.java:194)&#xD;
	at com.kms.katalon.core.main.ScriptEngine.runScriptAsRawText(ScriptEngine.java:119)&#xD;
	at com.kms.katalon.core.main.TestCaseExecutor.runScript(TestCaseExecutor.java:337)&#xD;
	at com.kms.katalon.core.main.TestCaseExecutor.doExecute(TestCaseExecutor.java:328)&#xD;
	at com.kms.katalon.core.main.TestCaseExecutor.processExecutionPhase(TestCaseExecutor.java:307)&#xD;
	at com.kms.katalon.core.main.TestCaseExecutor.accessMainPhase(TestCaseExecutor.java:299)&#xD;
	at com.kms.katalon.core.main.TestCaseExecutor.execute(TestCaseExecutor.java:233)&#xD;
	at com.kms.katalon.core.main.TestCaseMain.runTestCase(TestCaseMain.java:114)&#xD;
	at com.kms.katalon.core.keyword.builtin.CallTestCaseKeyword$_callTestCase_closure1.doCall(CallTestCaseKeyword.groovy:59)&#xD;
	at com.kms.katalon.core.keyword.builtin.CallTestCaseKeyword$_callTestCase_closure1.call(CallTestCaseKeyword.groovy)&#xD;
	at com.kms.katalon.core.keyword.internal.KeywordMain.runKeyword(KeywordMain.groovy:68)&#xD;
	at com.kms.katalon.core.keyword.builtin.CallTestCaseKeyword.callTestCase(CallTestCaseKeyword.groovy:81)&#xD;
	at com.kms.katalon.core.keyword.builtin.CallTestCaseKeyword.execute(CallTestCaseKeyword.groovy:44)&#xD;
	at com.kms.katalon.core.keyword.internal.KeywordExecutor.executeKeywordForPlatform(KeywordExecutor.groovy:56)&#xD;
	at com.kms.katalon.core.keyword.BuiltinKeywords.callTestCase(BuiltinKeywords.groovy:334)&#xD;
	at Everest Prime.run(Everest Prime:31)&#xD;
	at com.kms.katalon.core.main.ScriptEngine.run(ScriptEngine.java:194)&#xD;
	at com.kms.katalon.core.main.ScriptEngine.runScriptAsRawText(ScriptEngine.java:119)&#xD;
	at com.kms.katalon.core.main.TestCaseExecutor.runScript(TestCaseExecutor.java:337)&#xD;
	at com.kms.katalon.core.main.TestCaseExecutor.doExecute(TestCaseExecutor.java:328)&#xD;
	at com.kms.katalon.core.main.TestCaseExecutor.processExecutionPhase(TestCaseExecutor.java:307)&#xD;
	at com.kms.katalon.core.main.TestCaseExecutor.accessMainPhase(TestCaseExecutor.java:299)&#xD;
	at com.kms.katalon.core.main.TestCaseExecutor.execute(TestCaseExecutor.java:233)&#xD;
	at com.kms.katalon.core.main.TestSuiteExecutor.accessTestCaseMainPhase(TestSuiteExecutor.java:133)&#xD;
	at com.kms.katalon.core.main.TestSuiteExecutor.accessTestSuiteMainPhase(TestSuiteExecutor.java:116)&#xD;
	at com.kms.katalon.core.main.TestSuiteExecutor.execute(TestSuiteExecutor.java:83)&#xD;
	at com.kms.katalon.core.main.TestCaseMain.startTestSuite(TestCaseMain.java:157)&#xD;
	at com.kms.katalon.core.main.TestCaseMain$startTestSuite$0.call(Unknown Source)&#xD;
	at TempTestSuite1564982040506.run(TempTestSuite1564982040506.groovy:35)&#xD;
Caused by: com.kms.katalon.core.exception.StepFailedException: Text 'Month Duration Acknowledgement' is not present on page &#xD;
	at com.kms.katalon.core.webui.keyword.internal.WebUIKeywordMain.stepFailed(WebUIKeywordMain.groovy:64)&#xD;
	at com.kms.katalon.core.webui.keyword.builtin.VerifyTextPresentKeyword$_verifyTextPresent_closure1.doCall(VerifyTextPresentKeyword.groovy:79)&#xD;
	at com.kms.katalon.core.webui.keyword.builtin.VerifyTextPresentKeyword$_verifyTextPresent_closure1.call(VerifyTextPresentKeyword.groovy)&#xD;
	at com.kms.katalon.core.webui.keyword.internal.WebUIKeywordMain.runKeyword(WebUIKeywordMain.groovy:20)&#xD;
	... 35 more&#xD;
)&#xD;
&#xD;
2019-08-05 13:22:01 - [MESSAGE][FAILED] - Text 'Month Duration Acknowledgement' is not present on page  (Root cause: com.kms.katalon.core.exception.StepFailedException: Text 'Month Duration Acknowledgement' is not present on page &#xD;
	at com.kms.katalon.core.webui.keyword.internal.WebUIKeywordMain.stepFailed(WebUIKeywordMain.groovy:64)&#xD;
	at com.kms.katalon.core.webui.keyword.builtin.VerifyTextPresentKeyword$_verifyTextPresent_closure1.doCall(VerifyTextPresentKeyword.groovy:79)&#xD;
	at com.kms.katalon.core.webui.keyword.builtin.VerifyTextPresentKeyword$_verifyTextPresent_closure1.call(VerifyTextPresentKeyword.groovy)&#xD;
	at com.kms.katalon.core.webui.keyword.internal.WebUIKeywordMain.runKeyword(WebUIKeywordMain.groovy:20)&#xD;
	at com.kms.katalon.core.webui.keyword.builtin.VerifyTextPresentKeyword.verifyTextPresent(VerifyTextPresentKeyword.groovy:83)&#xD;
	at com.kms.katalon.core.webui.keyword.builtin.VerifyTextPresentKeyword.execute(VerifyTextPresentKeyword.groovy:68)&#xD;
	at com.kms.katalon.core.keyword.internal.KeywordExecutor.executeKeywordForPlatform(KeywordExecutor.groovy:56)&#xD;
	at com.kms.katalon.core.webui.keyword.WebUiBuiltInKeywords.verifyTextPresent(WebUiBuiltInKeywords.groovy:1693)&#xD;
	at com.kms.katalon.core.webui.keyword.WebUiBuiltInKeywords$verifyTextPresent$9.call(Unknown Source)&#xD;
	at goToEnd_stm_autofill.run(goToEnd_stm_autofill:19)&#xD;
	at com.kms.katalon.core.main.ScriptEngine.run(ScriptEngine.java:194)&#xD;
	at com.kms.katalon.core.main.ScriptEngine.runScriptAsRawText(ScriptEngine.java:119)&#xD;
	at com.kms.katalon.core.main.TestCaseExecutor.runScript(TestCaseExecutor.java:337)&#xD;
	at com.kms.katalon.core.main.TestCaseExecutor.doExecute(TestCaseExecutor.java:328)&#xD;
	at com.kms.katalon.core.main.TestCaseExecutor.processExecutionPhase(TestCaseExecutor.java:307)&#xD;
	at com.kms.katalon.core.main.TestCaseExecutor.accessMainPhase(TestCaseExecutor.java:299)&#xD;
	at com.kms.katalon.core.main.TestCaseExecutor.execute(TestCaseExecutor.java:233)&#xD;
	at com.kms.katalon.core.main.TestCaseMain.runTestCase(TestCaseMain.java:114)&#xD;
	at com.kms.katalon.core.keyword.builtin.CallTestCaseKeyword$_callTestCase_closure1.doCall(CallTestCaseKeyword.groovy:59)&#xD;
	at com.kms.katalon.core.keyword.builtin.CallTestCaseKeyword$_callTestCase_closure1.call(CallTestCaseKeyword.groovy)&#xD;
	at com.kms.katalon.core.keyword.internal.KeywordMain.runKeyword(KeywordMain.groovy:68)&#xD;
	at com.kms.katalon.core.keyword.builtin.CallTestCaseKeyword.callTestCase(CallTestCaseKeyword.groovy:81)&#xD;
	at com.kms.katalon.core.keyword.builtin.CallTestCaseKeyword.execute(CallTestCaseKeyword.groovy:44)&#xD;
	at com.kms.katalon.core.keyword.internal.KeywordExecutor.executeKeywordForPlatform(KeywordExecutor.groovy:56)&#xD;
	at com.kms.katalon.core.keyword.BuiltinKeywords.callTestCase(BuiltinKeywords.groovy:334)&#xD;
	at Everest Prime.run(Everest Prime:31)&#xD;
	at com.kms.katalon.core.main.ScriptEngine.run(ScriptEngine.java:194)&#xD;
	at com.kms.katalon.core.main.ScriptEngine.runScriptAsRawText(ScriptEngine.java:119)&#xD;
	at com.kms.katalon.core.main.TestCaseExecutor.runScript(TestCaseExecutor.java:337)&#xD;
	at com.kms.katalon.core.main.TestCaseExecutor.doExecute(TestCaseExecutor.java:328)&#xD;
	at com.kms.katalon.core.main.TestCaseExecutor.processExecutionPhase(TestCaseExecutor.java:307)&#xD;
	at com.kms.katalon.core.main.TestCaseExecutor.accessMainPhase(TestCaseExecutor.java:299)&#xD;
	at com.kms.katalon.core.main.TestCaseExecutor.execute(TestCaseExecutor.java:233)&#xD;
	at com.kms.katalon.core.main.TestSuiteExecutor.accessTestCaseMainPhase(TestSuiteExecutor.java:133)&#xD;
	at com.kms.katalon.core.main.TestSuiteExecutor.accessTestSuiteMainPhase(TestSuiteExecutor.java:116)&#xD;
	at com.kms.katalon.core.main.TestSuiteExecutor.execute(TestSuiteExecutor.java:83)&#xD;
	at com.kms.katalon.core.main.TestCaseMain.startTestSuite(TestCaseMain.java:157)&#xD;
	at com.kms.katalon.core.main.TestCaseMain$startTestSuite$0.call(Unknown Source)&#xD;
	at TempTestSuite1564982040506.run(TempTestSuite1564982040506.groovy:35)&#xD;
)&#xD;
&#xD;
2019-08-05 13:22:01 - [MESSAGE][FAILED] - Unable to verify text 'Month Duration Acknowledgement' is present  (Root cause: com.kms.katalon.core.exception.StepFailedException: Unable to verify text 'Month Duration Acknowledgement' is present &#xD;
	at com.kms.katalon.core.webui.keyword.internal.WebUIKeywordMain.stepFailed(WebUIKeywordMain.groovy:64)&#xD;
	at com.kms.katalon.core.webui.keyword.internal.WebUIKeywordMain.runKeyword(WebUIKeywordMain.groovy:26)&#xD;
	at com.kms.katalon.core.webui.keyword.builtin.VerifyTextPresentKeyword.verifyTextPresent(VerifyTextPresentKeyword.groovy:83)&#xD;
	at com.kms.katalon.core.webui.keyword.builtin.VerifyTextPresentKeyword.execute(VerifyTextPresentKeyword.groovy:68)&#xD;
	at com.kms.katalon.core.keyword.internal.KeywordExecutor.executeKeywordForPlatform(KeywordExecutor.groovy:56)&#xD;
	at com.kms.katalon.core.webui.keyword.WebUiBuiltInKeywords.verifyTextPresent(WebUiBuiltInKeywords.groovy:1693)&#xD;
	at com.kms.katalon.core.webui.keyword.WebUiBuiltInKeywords$verifyTextPresent$9.call(Unknown Source)&#xD;
	at goToEnd_stm_autofill.run(goToEnd_stm_autofill:19)&#xD;
	at com.kms.katalon.core.main.ScriptEngine.run(ScriptEngine.java:194)&#xD;
	at com.kms.katalon.core.main.ScriptEngine.runScriptAsRawText(ScriptEngine.java:119)&#xD;
	at com.kms.katalon.core.main.TestCaseExecutor.runScript(TestCaseExecutor.java:337)&#xD;
	at com.kms.katalon.core.main.TestCaseExecutor.doExecute(TestCaseExecutor.java:328)&#xD;
	at com.kms.katalon.core.main.TestCaseExecutor.processExecutionPhase(TestCaseExecutor.java:307)&#xD;
	at com.kms.katalon.core.main.TestCaseExecutor.accessMainPhase(TestCaseExecutor.java:299)&#xD;
	at com.kms.katalon.core.main.TestCaseExecutor.execute(TestCaseExecutor.java:233)&#xD;
	at com.kms.katalon.core.main.TestCaseMain.runTestCase(TestCaseMain.java:114)&#xD;
	at com.kms.katalon.core.keyword.builtin.CallTestCaseKeyword$_callTestCase_closure1.doCall(CallTestCaseKeyword.groovy:59)&#xD;
	at com.kms.katalon.core.keyword.builtin.CallTestCaseKeyword$_callTestCase_closure1.call(CallTestCaseKeyword.groovy)&#xD;
	at com.kms.katalon.core.keyword.internal.KeywordMain.runKeyword(KeywordMain.groovy:68)&#xD;
	at com.kms.katalon.core.keyword.builtin.CallTestCaseKeyword.callTestCase(CallTestCaseKeyword.groovy:81)&#xD;
	at com.kms.katalon.core.keyword.builtin.CallTestCaseKeyword.execute(CallTestCaseKeyword.groovy:44)&#xD;
	at com.kms.katalon.core.keyword.internal.KeywordExecutor.executeKeywordForPlatform(KeywordExecutor.groovy:56)&#xD;
	at com.kms.katalon.core.keyword.BuiltinKeywords.callTestCase(BuiltinKeywords.groovy:334)&#xD;
	at Everest Prime.run(Everest Prime:31)&#xD;
	at com.kms.katalon.core.main.ScriptEngine.run(ScriptEngine.java:194)&#xD;
	at com.kms.katalon.core.main.ScriptEngine.runScriptAsRawText(ScriptEngine.java:119)&#xD;
	at com.kms.katalon.core.main.TestCaseExecutor.runScript(TestCaseExecutor.java:337)&#xD;
	at com.kms.katalon.core.main.TestCaseExecutor.doExecute(TestCaseExecutor.java:328)&#xD;
	at com.kms.katalon.core.main.TestCaseExecutor.processExecutionPhase(TestCaseExecutor.java:307)&#xD;
	at com.kms.katalon.core.main.TestCaseExecutor.accessMainPhase(TestCaseExecutor.java:299)&#xD;
	at com.kms.katalon.core.main.TestCaseExecutor.execute(TestCaseExecutor.java:233)&#xD;
	at com.kms.katalon.core.main.TestSuiteExecutor.accessTestCaseMainPhase(TestSuiteExecutor.java:133)&#xD;
	at com.kms.katalon.core.main.TestSuiteExecutor.accessTestSuiteMainPhase(TestSuiteExecutor.java:116)&#xD;
	at com.kms.katalon.core.main.TestSuiteExecutor.execute(TestSuiteExecutor.java:83)&#xD;
	at com.kms.katalon.core.main.TestCaseMain.startTestSuite(TestCaseMain.java:157)&#xD;
	at com.kms.katalon.core.main.TestCaseMain$startTestSuite$0.call(Unknown Source)&#xD;
	at TempTestSuite1564982040506.run(TempTestSuite1564982040506.groovy:35)&#xD;
Caused by: com.kms.katalon.core.exception.StepFailedException: Text 'Month Duration Acknowledgement' is not present on page &#xD;
	at com.kms.katalon.core.webui.keyword.internal.WebUIKeywordMain.stepFailed(WebUIKeywordMain.groovy:64)&#xD;
	at com.kms.katalon.core.webui.keyword.builtin.VerifyTextPresentKeyword$_verifyTextPresent_closure1.doCall(VerifyTextPresentKeyword.groovy:79)&#xD;
	at com.kms.katalon.core.webui.keyword.builtin.VerifyTextPresentKeyword$_verifyTextPresent_closure1.call(VerifyTextPresentKeyword.groovy)&#xD;
	at com.kms.katalon.core.webui.keyword.internal.WebUIKeywordMain.runKeyword(WebUIKeywordMain.groovy:20)&#xD;
	... 35 more&#xD;
)&#xD;
[[ATTACHMENT|D:\\Test\\AgileTest\\AgileTest\\Reports\\mobileWeb\\stm\\20190805_131400\\1564982521244.png]]&#xD;
&#xD;
2019-08-05 13:22:02 - [TEST_STEP][PASSED] - catch (Exception e): null&#xD;
&#xD;
2019-08-05 13:22:02 - [TEST_STEP][PASSED] - println("no consecutive"): null&#xD;
&#xD;
2019-08-05 13:22:02 - [TEST_STEP][PASSED] - waitForPageLoad(10): Wait for page load successfully&#xD;
&#xD;
2019-08-05 13:22:02 - [MESSAGE][PASSED] - Wait for page load successfully&#xD;
&#xD;
2019-08-05 13:22:02 - [TEST_STEP][PASSED] - Thread.sleep(3000): null&#xD;
&#xD;
2019-08-05 13:22:05 - [TEST_STEP][PASSED] - waitForElementVisible(findTestObject("mobileSanity/STM/Page_App Page 1/a_Autofill App Info"), 20): Object 'Object Repository/mobileSanity/STM/Page_App Page 1/a_Autofill App Info' is visible&#xD;
&#xD;
2019-08-05 13:22:05 - [MESSAGE][PASSED] - Object 'Object Repository/mobileSanity/STM/Page_App Page 1/a_Autofill App Info' is visible&#xD;
&#xD;
2019-08-05 13:22:05 - [TEST_STEP][PASSED] - click(findTestObject("mobileSanity/STM/Page_App Page 1/a_Autofill App Info")): Object: 'Object Repository/mobileSanity/STM/Page_App Page 1/a_Autofill App Info' is clicked on&#xD;
&#xD;
2019-08-05 13:22:05 - [MESSAGE][PASSED] - Object: 'Object Repository/mobileSanity/STM/Page_App Page 1/a_Autofill App Info' is clicked on&#xD;
&#xD;
2019-08-05 13:22:05 - [TEST_STEP][PASSED] - Thread.sleep(1000): null&#xD;
&#xD;
2019-08-05 13:22:06 - [TEST_STEP][PASSED] - click(findTestObject("mobileSanity/STM/Page_App Page 1/a_Autofill App Info")): Object: 'Object Repository/mobileSanity/STM/Page_App Page 1/a_Autofill App Info' is clicked on&#xD;
&#xD;
2019-08-05 13:22:06 - [MESSAGE][PASSED] - Object: 'Object Repository/mobileSanity/STM/Page_App Page 1/a_Autofill App Info' is clicked on&#xD;
&#xD;
2019-08-05 13:22:06 - [TEST_STEP][PASSED] - Thread.sleep(1000): null&#xD;
&#xD;
2019-08-05 13:22:07 - [TEST_STEP][PASSED] - waitForElementVisible(findTestObject("mobileSanity/STM/Page_App Page 1/a_Continue"), 20): Object 'Object Repository/mobileSanity/STM/Page_App Page 1/a_Continue' is visible&#xD;
&#xD;
2019-08-05 13:22:07 - [MESSAGE][PASSED] - Object 'Object Repository/mobileSanity/STM/Page_App Page 1/a_Continue' is visible&#xD;
&#xD;
2019-08-05 13:22:07 - [TEST_STEP][PASSED] - click(findTestObject("mobileSanity/STM/Page_App Page 1/a_Continue")): Object: 'Object Repository/mobileSanity/STM/Page_App Page 1/a_Continue' is clicked on&#xD;
&#xD;
2019-08-05 13:22:07 - [MESSAGE][PASSED] - Object: 'Object Repository/mobileSanity/STM/Page_App Page 1/a_Continue' is clicked on&#xD;
&#xD;
2019-08-05 13:22:07 - [TEST_STEP][PASSED] - waitForPageLoad(10): Wait for page load successfully&#xD;
&#xD;
2019-08-05 13:22:07 - [MESSAGE][PASSED] - Wait for page load successfully&#xD;
&#xD;
2019-08-05 13:22:07 - [TEST_STEP][PASSED] - Thread.sleep(2000): null&#xD;
&#xD;
2019-08-05 13:22:09 - [TEST_STEP][PASSED] - callTestCase(findTestCase("mobileWeb/_include/get_screenshot"), [:], STOP_ON_FAILURE): Call Test Case 'Test Cases/mobileWeb/_include/get_screenshot' successfully&#xD;
&#xD;
2019-08-05 13:22:09 - [TEST_CASE][PASSED] - Test Cases/mobileWeb/_include/get_screenshot: Test Cases/mobileWeb/_include/get_screenshot&#xD;
&#xD;
2019-08-05 13:22:09 - [TEST_STEP][PASSED] - takeScreenshot(screenPath + i + ".png"): Taking screenshot successfully&#xD;
&#xD;
2019-08-05 13:22:10 - [MESSAGE][PASSED] - Taking screenshot successfully&#xD;
[[ATTACHMENT|D:\\Test\\AgileTest\\AgileTest\\Reports\\mobileWeb\\stm\\20190805_131400\\../Screenshots/iPhone X/stm/Everest Prime/20190805_132105/7.png]]&#xD;
&#xD;
2019-08-05 13:22:10 - [TEST_STEP][PASSED] - (internal.GlobalVariable.i++): null&#xD;
&#xD;
2019-08-05 13:22:10 - [MESSAGE][PASSED] - Call Test Case 'Test Cases/mobileWeb/_include/get_screenshot' successfully&#xD;
&#xD;
2019-08-05 13:22:10 - [TEST_STEP][PASSED] - click(findTestObject("mobileSanity/STM/Page_App Page 2/a_Continue to Step 3 - Payment")): Object: 'Object Repository/mobileSanity/STM/Page_App Page 2/a_Continue to Step 3 - Payment' is clicked on&#xD;
&#xD;
2019-08-05 13:22:10 - [MESSAGE][PASSED] - Object: 'Object Repository/mobileSanity/STM/Page_App Page 2/a_Continue to Step 3 - Payment' is clicked on&#xD;
&#xD;
2019-08-05 13:22:10 - [TEST_STEP][PASSED] - waitForPageLoad(10): Wait for page load successfully&#xD;
&#xD;
2019-08-05 13:22:11 - [MESSAGE][PASSED] - Wait for page load successfully&#xD;
&#xD;
2019-08-05 13:22:11 - [TEST_STEP][PASSED] - Thread.sleep(2000): null&#xD;
&#xD;
2019-08-05 13:22:13 - [TEST_STEP][PASSED] - callTestCase(findTestCase("mobileWeb/_include/get_screenshot"), [:], STOP_ON_FAILURE): Call Test Case 'Test Cases/mobileWeb/_include/get_screenshot' successfully&#xD;
&#xD;
2019-08-05 13:22:13 - [TEST_CASE][PASSED] - Test Cases/mobileWeb/_include/get_screenshot: Test Cases/mobileWeb/_include/get_screenshot&#xD;
&#xD;
2019-08-05 13:22:13 - [TEST_STEP][PASSED] - takeScreenshot(screenPath + i + ".png"): Taking screenshot successfully&#xD;
&#xD;
2019-08-05 13:22:13 - [MESSAGE][PASSED] - Taking screenshot successfully&#xD;
[[ATTACHMENT|D:\\Test\\AgileTest\\AgileTest\\Reports\\mobileWeb\\stm\\20190805_131400\\../Screenshots/iPhone X/stm/Everest Prime/20190805_132105/8.png]]&#xD;
&#xD;
2019-08-05 13:22:13 - [TEST_STEP][PASSED] - (internal.GlobalVariable.i++): null&#xD;
&#xD;
2019-08-05 13:22:13 - [MESSAGE][PASSED] - Call Test Case 'Test Cases/mobileWeb/_include/get_screenshot' successfully&#xD;
&#xD;
2019-08-05 13:22:13 - [TEST_STEP][PASSED] - clearText(findTestObject("mobileSanity/STM/Page_App Page 3/input__credit-card-cvv")): Text of object 'Object Repository/mobileSanity/STM/Page_App Page 3/input__credit-card-cvv' is cleared&#xD;
&#xD;
2019-08-05 13:22:13 - [MESSAGE][PASSED] - Text of object 'Object Repository/mobileSanity/STM/Page_App Page 3/input__credit-card-cvv' is cleared&#xD;
&#xD;
2019-08-05 13:22:13 - [TEST_STEP][PASSED] - setText(findTestObject("mobileSanity/STM/Page_App Page 3/input__credit-card-cvv"), "123"): Text '123' is set on object 'Object Repository/mobileSanity/STM/Page_App Page 3/input__credit-card-cvv'&#xD;
&#xD;
2019-08-05 13:22:13 - [MESSAGE][PASSED] - Text '123' is set on object 'Object Repository/mobileSanity/STM/Page_App Page 3/input__credit-card-cvv'&#xD;
&#xD;
2019-08-05 13:22:13 - [TEST_STEP][PASSED] - click(findTestObject("mobileSanity/STM/Page_App Page 3/label_I Accept Authorization f")): Object: 'Object Repository/mobileSanity/STM/Page_App Page 3/label_I Accept Authorization f' is clicked on&#xD;
&#xD;
2019-08-05 13:22:14 - [MESSAGE][PASSED] - Object: 'Object Repository/mobileSanity/STM/Page_App Page 3/label_I Accept Authorization f' is clicked on&#xD;
&#xD;
2019-08-05 13:22:14 - [TEST_STEP][PASSED] - click(findTestObject("mobileSanity/STM/Page_App Page 3/a_Continue to Step 4 - Review")): Object: 'Object Repository/mobileSanity/STM/Page_App Page 3/a_Continue to Step 4 - Review' is clicked on&#xD;
&#xD;
2019-08-05 13:22:14 - [MESSAGE][PASSED] - Object: 'Object Repository/mobileSanity/STM/Page_App Page 3/a_Continue to Step 4 - Review' is clicked on&#xD;
&#xD;
2019-08-05 13:22:14 - [TEST_STEP][PASSED] - waitForPageLoad(10): Wait for page load successfully&#xD;
&#xD;
2019-08-05 13:22:14 - [MESSAGE][PASSED] - Wait for page load successfully&#xD;
&#xD;
2019-08-05 13:22:14 - [TEST_STEP][PASSED] - waitForElementClickable(findTestObject("mobileSanity/STM/Page_App Page 4/label"), 10): Object 'Object Repository/mobileSanity/STM/Page_App Page 4/label' is clickable&#xD;
&#xD;
2019-08-05 13:22:16 - [MESSAGE][PASSED] - Object 'Object Repository/mobileSanity/STM/Page_App Page 4/label' is clickable&#xD;
&#xD;
2019-08-05 13:22:16 - [TEST_STEP][PASSED] - Thread.sleep(2000): null&#xD;
&#xD;
2019-08-05 13:22:18 - [TEST_STEP][PASSED] - callTestCase(findTestCase("mobileWeb/_include/get_screenshot"), [:], STOP_ON_FAILURE): Call Test Case 'Test Cases/mobileWeb/_include/get_screenshot' successfully&#xD;
&#xD;
2019-08-05 13:22:18 - [TEST_CASE][PASSED] - Test Cases/mobileWeb/_include/get_screenshot: Test Cases/mobileWeb/_include/get_screenshot&#xD;
&#xD;
2019-08-05 13:22:18 - [TEST_STEP][PASSED] - takeScreenshot(screenPath + i + ".png"): Taking screenshot successfully&#xD;
&#xD;
2019-08-05 13:22:19 - [MESSAGE][PASSED] - Taking screenshot successfully&#xD;
[[ATTACHMENT|D:\\Test\\AgileTest\\AgileTest\\Reports\\mobileWeb\\stm\\20190805_131400\\../Screenshots/iPhone X/stm/Everest Prime/20190805_132105/9.png]]&#xD;
&#xD;
2019-08-05 13:22:19 - [TEST_STEP][PASSED] - (internal.GlobalVariable.i++): null&#xD;
&#xD;
2019-08-05 13:22:19 - [MESSAGE][PASSED] - Call Test Case 'Test Cases/mobileWeb/_include/get_screenshot' successfully&#xD;
&#xD;
2019-08-05 13:22:19 - [TEST_STEP][PASSED] - click(findTestObject("mobileSanity/STM/Page_App Page 4/label")): Object: 'Object Repository/mobileSanity/STM/Page_App Page 4/label' is clicked on&#xD;
&#xD;
2019-08-05 13:22:19 - [MESSAGE][PASSED] - Object: 'Object Repository/mobileSanity/STM/Page_App Page 4/label' is clicked on&#xD;
&#xD;
2019-08-05 13:22:19 - [TEST_STEP][PASSED] - click(findTestObject("mobileSanity/STM/Page_App Page 4/div_CLICK TO SIGN")): Object: 'Object Repository/mobileSanity/STM/Page_App Page 4/div_CLICK TO SIGN' is clicked on&#xD;
&#xD;
2019-08-05 13:22:19 - [MESSAGE][PASSED] - Object: 'Object Repository/mobileSanity/STM/Page_App Page 4/div_CLICK TO SIGN' is clicked on&#xD;
&#xD;
2019-08-05 13:22:19 - [TEST_STEP][PASSED] - click(findTestObject("mobileSanity/STM/Page_App Page 4/a_Submit Your Application")): Object: 'Object Repository/mobileSanity/STM/Page_App Page 4/a_Submit Your Application' is clicked on&#xD;
&#xD;
2019-08-05 13:22:20 - [MESSAGE][PASSED] - Object: 'Object Repository/mobileSanity/STM/Page_App Page 4/a_Submit Your Application' is clicked on&#xD;
&#xD;
2019-08-05 13:22:20 - [TEST_STEP][PASSED] - Thread.sleep(30000): null&#xD;
&#xD;
2019-08-05 13:22:50 - [TEST_STEP][PASSED] - callTestCase(findTestCase("mobileWeb/_include/get_screenshot"), [:], STOP_ON_FAILURE): Call Test Case 'Test Cases/mobileWeb/_include/get_screenshot' successfully&#xD;
&#xD;
2019-08-05 13:22:50 - [TEST_CASE][PASSED] - Test Cases/mobileWeb/_include/get_screenshot: Test Cases/mobileWeb/_include/get_screenshot&#xD;
&#xD;
2019-08-05 13:22:50 - [TEST_STEP][PASSED] - takeScreenshot(screenPath + i + ".png"): Taking screenshot successfully&#xD;
&#xD;
2019-08-05 13:22:50 - [MESSAGE][PASSED] - Taking screenshot successfully&#xD;
[[ATTACHMENT|D:\\Test\\AgileTest\\AgileTest\\Reports\\mobileWeb\\stm\\20190805_131400\\../Screenshots/iPhone X/stm/Everest Prime/20190805_132105/10.png]]&#xD;
&#xD;
2019-08-05 13:22:50 - [TEST_STEP][PASSED] - (internal.GlobalVariable.i++): null&#xD;
&#xD;
2019-08-05 13:22:50 - [MESSAGE][PASSED] - Call Test Case 'Test Cases/mobileWeb/_include/get_screenshot' successfully&#xD;
&#xD;
2019-08-05 13:22:50 - [TEST_STEP][PASSED] - waitForElementPresent(findTestObject("mobileSanity/STM/Page_App Page 6/span_planName"), 30): Object 'Object Repository/mobileSanity/STM/Page_App Page 6/span_planName' is present&#xD;
&#xD;
2019-08-05 13:22:51 - [MESSAGE][PASSED] - Object 'Object Repository/mobileSanity/STM/Page_App Page 6/span_planName' is present&#xD;
&#xD;
2019-08-05 13:22:51 - [TEST_STEP][PASSED] - verifyElementPresent(findTestObject("mobileSanity/STM/Page_App Page 6/span_planName"), 20): Object 'Object Repository/mobileSanity/STM/Page_App Page 6/span_planName' is present&#xD;
&#xD;
2019-08-05 13:22:51 - [MESSAGE][PASSED] - Object 'Object Repository/mobileSanity/STM/Page_App Page 6/span_planName' is present&#xD;
&#xD;
2019-08-05 13:22:51 - [TEST_STEP][PASSED] - verifyElementPresent(findTestObject("mobileSanity/STM/Page_App Page 6/span_approved"), 20): Object 'Object Repository/mobileSanity/STM/Page_App Page 6/span_approved' is present&#xD;
&#xD;
2019-08-05 13:22:51 - [MESSAGE][PASSED] - Object 'Object Repository/mobileSanity/STM/Page_App Page 6/span_approved' is present&#xD;
&#xD;
2019-08-05 13:22:51 - [MESSAGE][PASSED] - Call Test Case 'Test Cases/mobileWeb/_include/goToEnd_stm_autofill' successfully</system-out>
            <system-err></system-err>
        </testcase>
        <testcase name="Test Cases/mobileWeb/stm/LifeShield" classname="Test Cases/mobileWeb/stm/LifeShield" status="PASSED">
            <system-out>2019-08-05 13:22:51 - [TEST_CASE][PASSED] - Test Cases/mobileWeb/stm/LifeShield: Test Cases/mobileWeb/stm/LifeShield&#xD;
&#xD;
2019-08-05 13:22:51 - [TEST_STEP][PASSED] - callTestCase(findTestCase("mobileWeb/_include/get_screenPath"), ["productLine":"stm", "carrierName":"LifeShield"], CONTINUE_ON_FAILURE): Call Test Case 'Test Cases/mobileWeb/_include/get_screenPath' successfully&#xD;
&#xD;
2019-08-05 13:22:51 - [TEST_CASE][PASSED] - Test Cases/mobileWeb/_include/get_screenPath: Test Cases/mobileWeb/_include/get_screenPath&#xD;
&#xD;
2019-08-05 13:22:51 - [TEST_STEP][PASSED] - m = getExecutionProperties(): null&#xD;
&#xD;
2019-08-05 13:22:51 - [TEST_STEP][PASSED] - deviceName = get("mobileEmulation").get("deviceName"): null&#xD;
&#xD;
2019-08-05 13:22:51 - [TEST_STEP][PASSED] - println(deviceName): null&#xD;
&#xD;
2019-08-05 13:22:51 - [TEST_STEP][PASSED] - now = new java.util.Date(): null&#xD;
&#xD;
2019-08-05 13:22:51 - [TEST_STEP][PASSED] - mydate = now.format("yyyyMMdd_HHmmss"): null&#xD;
&#xD;
2019-08-05 13:22:51 - [TEST_STEP][PASSED] - screenPath = "../Screenshots/": null&#xD;
&#xD;
2019-08-05 13:22:51 - [TEST_STEP][PASSED] - screenPath = screenPath + deviceName + "/" + productLine + "/" + carrierName + "/" + mydate + "/": null&#xD;
&#xD;
2019-08-05 13:22:51 - [TEST_STEP][PASSED] - println(screenPath): null&#xD;
&#xD;
2019-08-05 13:22:51 - [MESSAGE][PASSED] - Call Test Case 'Test Cases/mobileWeb/_include/get_screenPath' successfully&#xD;
&#xD;
2019-08-05 13:22:51 - [TEST_STEP][PASSED] - i = 0: null&#xD;
&#xD;
2019-08-05 13:22:51 - [TEST_STEP][PASSED] - callTestCase(findTestCase("mobileWeb/_include/openWebSite"), [:], STOP_ON_FAILURE): Call Test Case 'Test Cases/mobileWeb/_include/openWebSite' successfully&#xD;
&#xD;
2019-08-05 13:22:51 - [TEST_CASE][PASSED] - Test Cases/mobileWeb/_include/openWebSite: Test Cases/mobileWeb/_include/openWebSite&#xD;
&#xD;
2019-08-05 13:22:51 - [TEST_STEP][PASSED] - openBrowser(env): Browser is opened with url: 'https://praetemptatus.agilehealthinsurance.com'&#xD;
&#xD;
2019-08-05 13:22:51 - [MESSAGE][WARNING] - A browser is already opened. Closing browser and opening a new one&#xD;
&#xD;
2019-08-05 13:22:52 - [MESSAGE][INFO] - Starting 'Chrome' driver&#xD;
&#xD;
2019-08-05 13:22:52 - [MESSAGE][INFO] - User set preference: ['mobileEmulation', '{deviceName=iPhone X}']&#xD;
&#xD;
2019-08-05 13:22:52 - [MESSAGE][INFO] - User set preference: ['args', '[--incognito, --aggressive-cache-discard, --no-sandbox, --window-size=375,812]']&#xD;
&#xD;
2019-08-05 13:22:59 - [MESSAGE][PASSED] - Browser is opened with url: 'https://praetemptatus.agilehealthinsurance.com'&#xD;
&#xD;
2019-08-05 13:22:59 - [TEST_STEP][PASSED] - waitForPageLoad(10): Wait for page load successfully&#xD;
&#xD;
2019-08-05 13:22:59 - [MESSAGE][PASSED] - Wait for page load successfully&#xD;
&#xD;
2019-08-05 13:22:59 - [TEST_STEP][PASSED] - callTestCase(findTestCase("mobileWeb/_include/get_screenshot"), [:], STOP_ON_FAILURE): Call Test Case 'Test Cases/mobileWeb/_include/get_screenshot' successfully&#xD;
&#xD;
2019-08-05 13:22:59 - [TEST_CASE][PASSED] - Test Cases/mobileWeb/_include/get_screenshot: Test Cases/mobileWeb/_include/get_screenshot&#xD;
&#xD;
2019-08-05 13:22:59 - [TEST_STEP][PASSED] - takeScreenshot(screenPath + i + ".png"): Taking screenshot successfully&#xD;
&#xD;
2019-08-05 13:23:00 - [MESSAGE][PASSED] - Taking screenshot successfully&#xD;
[[ATTACHMENT|D:\\Test\\AgileTest\\AgileTest\\Reports\\mobileWeb\\stm\\20190805_131400\\../Screenshots/iPhone X/stm/LifeShield/20190805_132251/0.png]]&#xD;
&#xD;
2019-08-05 13:23:00 - [TEST_STEP][PASSED] - (internal.GlobalVariable.i++): null&#xD;
&#xD;
2019-08-05 13:23:00 - [MESSAGE][PASSED] - Call Test Case 'Test Cases/mobileWeb/_include/get_screenshot' successfully&#xD;
&#xD;
2019-08-05 13:23:00 - [MESSAGE][PASSED] - Call Test Case 'Test Cases/mobileWeb/_include/openWebSite' successfully&#xD;
&#xD;
2019-08-05 13:23:00 - [TEST_STEP][PASSED] - callTestCase(findTestCase("mobileWeb/_include/census_stm"), ["zipcode":"60602"], STOP_ON_FAILURE): Call Test Case 'Test Cases/mobileWeb/_include/census_stm' successfully&#xD;
&#xD;
2019-08-05 13:23:00 - [TEST_CASE][PASSED] - Test Cases/mobileWeb/_include/census_stm: Test Cases/mobileWeb/_include/census_stm&#xD;
&#xD;
2019-08-05 13:23:00 - [TEST_STEP][PASSED] - waitForElementClickable(findTestObject("mobileSanity/STM/Home Page/a_Quote  Save Today"), 10): Object 'Object Repository/mobileSanity/STM/Home Page/a_Quote  Save Today' is clickable&#xD;
&#xD;
2019-08-05 13:23:02 - [MESSAGE][PASSED] - Object 'Object Repository/mobileSanity/STM/Home Page/a_Quote  Save Today' is clickable&#xD;
&#xD;
2019-08-05 13:23:02 - [TEST_STEP][PASSED] - click(findTestObject("mobileSanity/STM/Home Page/a_Quote  Save Today")): Object: 'Object Repository/mobileSanity/STM/Home Page/a_Quote  Save Today' is clicked on&#xD;
&#xD;
2019-08-05 13:23:03 - [MESSAGE][PASSED] - Object: 'Object Repository/mobileSanity/STM/Home Page/a_Quote  Save Today' is clicked on&#xD;
&#xD;
2019-08-05 13:23:03 - [TEST_STEP][PASSED] - waitForPageLoad(10): Wait for page load successfully&#xD;
&#xD;
2019-08-05 13:23:03 - [MESSAGE][PASSED] - Wait for page load successfully&#xD;
&#xD;
2019-08-05 13:23:03 - [TEST_STEP][PASSED] - callTestCase(findTestCase("mobileWeb/_include/get_screenshot"), [:], STOP_ON_FAILURE): Call Test Case 'Test Cases/mobileWeb/_include/get_screenshot' successfully&#xD;
&#xD;
2019-08-05 13:23:03 - [TEST_CASE][PASSED] - Test Cases/mobileWeb/_include/get_screenshot: Test Cases/mobileWeb/_include/get_screenshot&#xD;
&#xD;
2019-08-05 13:23:03 - [TEST_STEP][PASSED] - takeScreenshot(screenPath + i + ".png"): Taking screenshot successfully&#xD;
&#xD;
2019-08-05 13:23:04 - [MESSAGE][PASSED] - Taking screenshot successfully&#xD;
[[ATTACHMENT|D:\\Test\\AgileTest\\AgileTest\\Reports\\mobileWeb\\stm\\20190805_131400\\../Screenshots/iPhone X/stm/LifeShield/20190805_132251/1.png]]&#xD;
&#xD;
2019-08-05 13:23:04 - [TEST_STEP][PASSED] - (internal.GlobalVariable.i++): null&#xD;
&#xD;
2019-08-05 13:23:04 - [MESSAGE][PASSED] - Call Test Case 'Test Cases/mobileWeb/_include/get_screenshot' successfully&#xD;
&#xD;
2019-08-05 13:23:04 - [TEST_STEP][PASSED] - setText(findTestObject("mobileSanity/STM/STM Census Page/input_Location_zip-input"), zipcode): Text '60602' is set on object 'Object Repository/mobileSanity/STM/STM Census Page/input_Location_zip-input'&#xD;
&#xD;
2019-08-05 13:23:04 - [MESSAGE][PASSED] - Text '60602' is set on object 'Object Repository/mobileSanity/STM/STM Census Page/input_Location_zip-input'&#xD;
&#xD;
2019-08-05 13:23:04 - [TEST_STEP][PASSED] - Thread.sleep(500): null&#xD;
&#xD;
2019-08-05 13:23:05 - [TEST_STEP][PASSED] - setText(findTestObject("mobileSanity/STM/STM Census Page/input_Date of Birth_dob-0"), "03031987"): Text '03031987' is set on object 'Object Repository/mobileSanity/STM/STM Census Page/input_Date of Birth_dob-0'&#xD;
&#xD;
2019-08-05 13:23:05 - [MESSAGE][PASSED] - Text '03031987' is set on object 'Object Repository/mobileSanity/STM/STM Census Page/input_Date of Birth_dob-0'&#xD;
&#xD;
2019-08-05 13:23:05 - [TEST_STEP][PASSED] - click(findTestObject("mobileSanity/STM/STM Census Page/label_Male")): Object: 'Object Repository/mobileSanity/STM/STM Census Page/label_Male' is clicked on&#xD;
&#xD;
2019-08-05 13:23:05 - [MESSAGE][PASSED] - Object: 'Object Repository/mobileSanity/STM/STM Census Page/label_Male' is clicked on&#xD;
&#xD;
2019-08-05 13:23:05 - [TEST_STEP][PASSED] - click(findTestObject("mobileSanity/STM/STM Census Page/label_Compare Plans")): Object: 'Object Repository/mobileSanity/STM/STM Census Page/label_Compare Plans' is clicked on&#xD;
&#xD;
2019-08-05 13:23:05 - [MESSAGE][PASSED] - Object: 'Object Repository/mobileSanity/STM/STM Census Page/label_Compare Plans' is clicked on&#xD;
&#xD;
2019-08-05 13:23:05 - [TEST_STEP][PASSED] - waitForElementVisible(findTestObject("mobileSanity/STM/STM Quote Page/button_sort"), 20): Object 'Object Repository/mobileSanity/STM/STM Quote Page/button_sort' is visible&#xD;
&#xD;
2019-08-05 13:23:11 - [MESSAGE][PASSED] - Object 'Object Repository/mobileSanity/STM/STM Quote Page/button_sort' is visible&#xD;
&#xD;
2019-08-05 13:23:11 - [TEST_STEP][PASSED] - Thread.sleep(3000): null&#xD;
&#xD;
2019-08-05 13:23:14 - [TEST_STEP][PASSED] - callTestCase(findTestCase("mobileWeb/_include/get_screenshot"), [:], STOP_ON_FAILURE): Call Test Case 'Test Cases/mobileWeb/_include/get_screenshot' successfully&#xD;
&#xD;
2019-08-05 13:23:14 - [TEST_CASE][PASSED] - Test Cases/mobileWeb/_include/get_screenshot: Test Cases/mobileWeb/_include/get_screenshot&#xD;
&#xD;
2019-08-05 13:23:14 - [TEST_STEP][PASSED] - takeScreenshot(screenPath + i + ".png"): Taking screenshot successfully&#xD;
&#xD;
2019-08-05 13:23:14 - [MESSAGE][PASSED] - Taking screenshot successfully&#xD;
[[ATTACHMENT|D:\\Test\\AgileTest\\AgileTest\\Reports\\mobileWeb\\stm\\20190805_131400\\../Screenshots/iPhone X/stm/LifeShield/20190805_132251/2.png]]&#xD;
&#xD;
2019-08-05 13:23:14 - [TEST_STEP][PASSED] - (internal.GlobalVariable.i++): null&#xD;
&#xD;
2019-08-05 13:23:14 - [MESSAGE][PASSED] - Call Test Case 'Test Cases/mobileWeb/_include/get_screenshot' successfully&#xD;
&#xD;
2019-08-05 13:23:14 - [TEST_STEP][PASSED] - Thread.sleep(1000): null&#xD;
&#xD;
2019-08-05 13:23:15 - [MESSAGE][PASSED] - Call Test Case 'Test Cases/mobileWeb/_include/census_stm' successfully&#xD;
&#xD;
2019-08-05 13:23:15 - [TEST_STEP][PASSED] - callTestCase(findTestCase("mobileWeb/_include/filter_stm"), ["carrier":"lifeshield"], STOP_ON_FAILURE): Call Test Case 'Test Cases/mobileWeb/_include/filter_stm' successfully&#xD;
&#xD;
2019-08-05 13:23:15 - [TEST_CASE][PASSED] - Test Cases/mobileWeb/_include/filter_stm: Test Cases/mobileWeb/_include/filter_stm&#xD;
&#xD;
2019-08-05 13:23:16 - [TEST_STEP][PASSED] - driver = getWebDriver(): null&#xD;
&#xD;
2019-08-05 13:23:16 - [TEST_STEP][PASSED] - selenium = new com.thoughtworks.selenium.webdriven.WebDriverBackedSelenium(driver, internal.GlobalVariable.ENV): null&#xD;
&#xD;
2019-08-05 13:23:16 - [TEST_STEP][PASSED] - Thread.sleep(1000): null&#xD;
&#xD;
2019-08-05 13:23:17 - [TEST_STEP][PASSED] - click(findTestObject("mobileSanity/STM/STM Quote Page/button_filters")): Object: 'Object Repository/mobileSanity/STM/STM Quote Page/button_filters' is clicked on&#xD;
&#xD;
2019-08-05 13:23:17 - [MESSAGE][PASSED] - Object: 'Object Repository/mobileSanity/STM/STM Quote Page/button_filters' is clicked on&#xD;
&#xD;
2019-08-05 13:23:17 - [TEST_STEP][PASSED] - Thread.sleep(1000): null&#xD;
&#xD;
2019-08-05 13:23:18 - [TEST_STEP][PASSED] - click(findTestObject("mobileSanity/STM/STM Quote Page/i_Insurance company")): Object: 'Object Repository/mobileSanity/STM/STM Quote Page/i_Insurance company' is clicked on&#xD;
&#xD;
2019-08-05 13:23:18 - [MESSAGE][PASSED] - Object: 'Object Repository/mobileSanity/STM/STM Quote Page/i_Insurance company' is clicked on&#xD;
&#xD;
2019-08-05 13:23:18 - [TEST_STEP][PASSED] - Thread.sleep(1000): null&#xD;
&#xD;
2019-08-05 13:23:19 - [TEST_STEP][PASSED] - filter_carrier = "//input[@name='filter[carrier]' and @value='" + carrier + "']/following::label": null&#xD;
&#xD;
2019-08-05 13:23:19 - [TEST_STEP][PASSED] - println(filter_carrier): null&#xD;
&#xD;
2019-08-05 13:23:19 - [TEST_STEP][PASSED] - test.MobileKeywords.clickJS_ByXpath(filter_carrier): test.MobileKeywords.clickJS_ByXpath is PASSED&#xD;
&#xD;
2019-08-05 13:23:19 - [MESSAGE][PASSED] - Execute JavaScript 'arguments[0].click()' successfully&#xD;
&#xD;
2019-08-05 13:23:19 - [MESSAGE][PASSED] - test.MobileKeywords.clickJS_ByXpath is PASSED&#xD;
&#xD;
2019-08-05 13:23:19 - [TEST_STEP][PASSED] - Thread.sleep(1000): null&#xD;
&#xD;
2019-08-05 13:23:20 - [TEST_STEP][PASSED] - scrollToElement(findTestObject("mobileSanity/STM/STM Quote Page/a_Show Plans"), 1000): Scroll to object 'Object Repository/mobileSanity/STM/STM Quote Page/a_Show Plans' successfully&#xD;
&#xD;
2019-08-05 13:23:20 - [MESSAGE][PASSED] - Scroll to object 'Object Repository/mobileSanity/STM/STM Quote Page/a_Show Plans' successfully&#xD;
&#xD;
2019-08-05 13:23:20 - [TEST_STEP][PASSED] - click(findTestObject("mobileSanity/STM/STM Quote Page/a_Show Plans")): Object: 'Object Repository/mobileSanity/STM/STM Quote Page/a_Show Plans' is clicked on&#xD;
&#xD;
2019-08-05 13:23:21 - [MESSAGE][PASSED] - Object: 'Object Repository/mobileSanity/STM/STM Quote Page/a_Show Plans' is clicked on&#xD;
&#xD;
2019-08-05 13:23:21 - [TEST_STEP][PASSED] - waitForJQueryLoad(10, STOP_ON_FAILURE): jQuery is ready.&#xD;
&#xD;
2019-08-05 13:23:21 - [MESSAGE][PASSED] - jQuery is ready.&#xD;
&#xD;
2019-08-05 13:23:21 - [TEST_STEP][PASSED] - Thread.sleep(2000): null&#xD;
&#xD;
2019-08-05 13:23:23 - [TEST_STEP][PASSED] - callTestCase(findTestCase("mobileWeb/_include/get_screenshot"), [:], STOP_ON_FAILURE): Call Test Case 'Test Cases/mobileWeb/_include/get_screenshot' successfully&#xD;
&#xD;
2019-08-05 13:23:23 - [TEST_CASE][PASSED] - Test Cases/mobileWeb/_include/get_screenshot: Test Cases/mobileWeb/_include/get_screenshot&#xD;
&#xD;
2019-08-05 13:23:23 - [TEST_STEP][PASSED] - takeScreenshot(screenPath + i + ".png"): Taking screenshot successfully&#xD;
&#xD;
2019-08-05 13:23:24 - [MESSAGE][PASSED] - Taking screenshot successfully&#xD;
[[ATTACHMENT|D:\\Test\\AgileTest\\AgileTest\\Reports\\mobileWeb\\stm\\20190805_131400\\../Screenshots/iPhone X/stm/LifeShield/20190805_132251/3.png]]&#xD;
&#xD;
2019-08-05 13:23:24 - [TEST_STEP][PASSED] - (internal.GlobalVariable.i++): null&#xD;
&#xD;
2019-08-05 13:23:24 - [MESSAGE][PASSED] - Call Test Case 'Test Cases/mobileWeb/_include/get_screenshot' successfully&#xD;
&#xD;
2019-08-05 13:23:24 - [MESSAGE][PASSED] - Call Test Case 'Test Cases/mobileWeb/_include/filter_stm' successfully&#xD;
&#xD;
2019-08-05 13:23:24 - [TEST_STEP][PASSED] - callTestCase(findTestCase("mobileWeb/_include/goToDetail_stm"), ["carrier":"lifeshield"], STOP_ON_FAILURE): Call Test Case 'Test Cases/mobileWeb/_include/goToDetail_stm' successfully&#xD;
&#xD;
2019-08-05 13:23:24 - [TEST_CASE][PASSED] - Test Cases/mobileWeb/_include/goToDetail_stm: Test Cases/mobileWeb/_include/goToDetail_stm&#xD;
&#xD;
2019-08-05 13:23:24 - [TEST_STEP][PASSED] - driver = getWebDriver(): null&#xD;
&#xD;
2019-08-05 13:23:24 - [TEST_STEP][PASSED] - selenium = new com.thoughtworks.selenium.webdriven.WebDriverBackedSelenium(driver, internal.GlobalVariable.ENV): null&#xD;
&#xD;
2019-08-05 13:23:24 - [TEST_STEP][PASSED] - a_plan_name = "xpath=//a[contains(@href,'/term-health-insurance/plan/" + carrier + "')]": null&#xD;
&#xD;
2019-08-05 13:23:24 - [TEST_STEP][PASSED] - println(a_plan_name): null&#xD;
&#xD;
2019-08-05 13:23:24 - [TEST_STEP][PASSED] - selenium.click(a_plan_name): null&#xD;
&#xD;
2019-08-05 13:23:28 - [TEST_STEP][PASSED] - waitForPageLoad(10): Wait for page load successfully&#xD;
&#xD;
2019-08-05 13:23:29 - [MESSAGE][PASSED] - Wait for page load successfully&#xD;
&#xD;
2019-08-05 13:23:29 - [TEST_STEP][PASSED] - Thread.sleep(2000): null&#xD;
&#xD;
2019-08-05 13:23:31 - [TEST_STEP][PASSED] - callTestCase(findTestCase("mobileWeb/_include/get_screenshot"), [:], STOP_ON_FAILURE): Call Test Case 'Test Cases/mobileWeb/_include/get_screenshot' successfully&#xD;
&#xD;
2019-08-05 13:23:31 - [TEST_CASE][PASSED] - Test Cases/mobileWeb/_include/get_screenshot: Test Cases/mobileWeb/_include/get_screenshot&#xD;
&#xD;
2019-08-05 13:23:31 - [TEST_STEP][PASSED] - takeScreenshot(screenPath + i + ".png"): Taking screenshot successfully&#xD;
&#xD;
2019-08-05 13:23:31 - [MESSAGE][PASSED] - Taking screenshot successfully&#xD;
[[ATTACHMENT|D:\\Test\\AgileTest\\AgileTest\\Reports\\mobileWeb\\stm\\20190805_131400\\../Screenshots/iPhone X/stm/LifeShield/20190805_132251/4.png]]&#xD;
&#xD;
2019-08-05 13:23:31 - [TEST_STEP][PASSED] - (internal.GlobalVariable.i++): null&#xD;
&#xD;
2019-08-05 13:23:31 - [MESSAGE][PASSED] - Call Test Case 'Test Cases/mobileWeb/_include/get_screenshot' successfully&#xD;
&#xD;
2019-08-05 13:23:31 - [MESSAGE][PASSED] - Call Test Case 'Test Cases/mobileWeb/_include/goToDetail_stm' successfully&#xD;
&#xD;
2019-08-05 13:23:31 - [TEST_STEP][PASSED] - callTestCase(findTestCase("mobileWeb/_include/apply_stm"), [:], STOP_ON_FAILURE): Call Test Case 'Test Cases/mobileWeb/_include/apply_stm' successfully&#xD;
&#xD;
2019-08-05 13:23:31 - [TEST_CASE][PASSED] - Test Cases/mobileWeb/_include/apply_stm: Test Cases/mobileWeb/_include/apply_stm&#xD;
&#xD;
2019-08-05 13:23:31 - [TEST_STEP][PASSED] - waitForElementVisible(findTestObject("mobileSanity/STM/STM PlanDetail Page/a_Apply for This Plan"), 5): Object 'Object Repository/mobileSanity/STM/STM PlanDetail Page/a_Apply for This Plan' is visible&#xD;
&#xD;
2019-08-05 13:23:32 - [MESSAGE][PASSED] - Object 'Object Repository/mobileSanity/STM/STM PlanDetail Page/a_Apply for This Plan' is visible&#xD;
&#xD;
2019-08-05 13:23:32 - [TEST_STEP][PASSED] - click(findTestObject("mobileSanity/STM/STM PlanDetail Page/a_Apply for This Plan")): Object: 'Object Repository/mobileSanity/STM/STM PlanDetail Page/a_Apply for This Plan' is clicked on&#xD;
&#xD;
2019-08-05 13:23:34 - [MESSAGE][PASSED] - Object: 'Object Repository/mobileSanity/STM/STM PlanDetail Page/a_Apply for This Plan' is clicked on&#xD;
&#xD;
2019-08-05 13:23:34 - [TEST_STEP][PASSED] - waitForPageLoad(10): Wait for page load successfully&#xD;
&#xD;
2019-08-05 13:23:34 - [MESSAGE][PASSED] - Wait for page load successfully&#xD;
&#xD;
2019-08-05 13:23:34 - [TEST_STEP][PASSED] - Thread.sleep(2000): null&#xD;
&#xD;
2019-08-05 13:23:36 - [TEST_STEP][PASSED] - callTestCase(findTestCase("mobileWeb/_include/get_screenshot"), [:], STOP_ON_FAILURE): Call Test Case 'Test Cases/mobileWeb/_include/get_screenshot' successfully&#xD;
&#xD;
2019-08-05 13:23:36 - [TEST_CASE][PASSED] - Test Cases/mobileWeb/_include/get_screenshot: Test Cases/mobileWeb/_include/get_screenshot&#xD;
&#xD;
2019-08-05 13:23:36 - [TEST_STEP][PASSED] - takeScreenshot(screenPath + i + ".png"): Taking screenshot successfully&#xD;
&#xD;
2019-08-05 13:23:37 - [MESSAGE][PASSED] - Taking screenshot successfully&#xD;
[[ATTACHMENT|D:\\Test\\AgileTest\\AgileTest\\Reports\\mobileWeb\\stm\\20190805_131400\\../Screenshots/iPhone X/stm/LifeShield/20190805_132251/5.png]]&#xD;
&#xD;
2019-08-05 13:23:37 - [TEST_STEP][PASSED] - (internal.GlobalVariable.i++): null&#xD;
&#xD;
2019-08-05 13:23:37 - [MESSAGE][PASSED] - Call Test Case 'Test Cases/mobileWeb/_include/get_screenshot' successfully&#xD;
&#xD;
2019-08-05 13:23:37 - [TEST_STEP][PASSED] - waitForElementVisible(findTestObject("mobileSanity/STM/STM Apply Page/a_Start Secure Application"), 5): Object 'Object Repository/mobileSanity/STM/STM Apply Page/a_Start Secure Application' is visible&#xD;
&#xD;
2019-08-05 13:23:37 - [MESSAGE][PASSED] - Object 'Object Repository/mobileSanity/STM/STM Apply Page/a_Start Secure Application' is visible&#xD;
&#xD;
2019-08-05 13:23:37 - [TEST_STEP][PASSED] - click(findTestObject("mobileSanity/STM/STM Apply Page/a_Start Secure Application")): Object: 'Object Repository/mobileSanity/STM/STM Apply Page/a_Start Secure Application' is clicked on&#xD;
&#xD;
2019-08-05 13:23:40 - [MESSAGE][PASSED] - Object: 'Object Repository/mobileSanity/STM/STM Apply Page/a_Start Secure Application' is clicked on&#xD;
&#xD;
2019-08-05 13:23:40 - [TEST_STEP][PASSED] - waitForPageLoad(20): Wait for page load successfully&#xD;
&#xD;
2019-08-05 13:23:40 - [MESSAGE][PASSED] - Wait for page load successfully&#xD;
&#xD;
2019-08-05 13:23:40 - [TEST_STEP][PASSED] - Thread.sleep(2000): null&#xD;
&#xD;
2019-08-05 13:23:42 - [TEST_STEP][PASSED] - callTestCase(findTestCase("mobileWeb/_include/get_screenshot"), [:], STOP_ON_FAILURE): Call Test Case 'Test Cases/mobileWeb/_include/get_screenshot' successfully&#xD;
&#xD;
2019-08-05 13:23:42 - [TEST_CASE][PASSED] - Test Cases/mobileWeb/_include/get_screenshot: Test Cases/mobileWeb/_include/get_screenshot&#xD;
&#xD;
2019-08-05 13:23:42 - [TEST_STEP][PASSED] - takeScreenshot(screenPath + i + ".png"): Taking screenshot successfully&#xD;
&#xD;
2019-08-05 13:23:42 - [MESSAGE][PASSED] - Taking screenshot successfully&#xD;
[[ATTACHMENT|D:\\Test\\AgileTest\\AgileTest\\Reports\\mobileWeb\\stm\\20190805_131400\\../Screenshots/iPhone X/stm/LifeShield/20190805_132251/6.png]]&#xD;
&#xD;
2019-08-05 13:23:42 - [TEST_STEP][PASSED] - (internal.GlobalVariable.i++): null&#xD;
&#xD;
2019-08-05 13:23:42 - [MESSAGE][PASSED] - Call Test Case 'Test Cases/mobileWeb/_include/get_screenshot' successfully&#xD;
&#xD;
2019-08-05 13:23:42 - [MESSAGE][PASSED] - Call Test Case 'Test Cases/mobileWeb/_include/apply_stm' successfully&#xD;
&#xD;
2019-08-05 13:23:42 - [TEST_STEP][PASSED] - callTestCase(findTestCase("mobileWeb/_include/goToEnd_stm_autofill"), [:], STOP_ON_FAILURE): Call Test Case 'Test Cases/mobileWeb/_include/goToEnd_stm_autofill' successfully&#xD;
&#xD;
2019-08-05 13:23:42 - [TEST_CASE][PASSED] - Test Cases/mobileWeb/_include/goToEnd_stm_autofill: Test Cases/mobileWeb/_include/goToEnd_stm_autofill&#xD;
&#xD;
2019-08-05 13:23:42 - [TEST_STEP][PASSED] - callTestCase(findTestCase("mobileWeb/_include/name"), [:], CONTINUE_ON_FAILURE): Call Test Case 'Test Cases/mobileWeb/_include/name' successfully&#xD;
&#xD;
2019-08-05 13:23:42 - [TEST_CASE][PASSED] - Test Cases/mobileWeb/_include/name: Test Cases/mobileWeb/_include/name&#xD;
&#xD;
2019-08-05 13:23:42 - [TEST_STEP][PASSED] - driver = getWebDriver(): null&#xD;
&#xD;
2019-08-05 13:23:42 - [TEST_STEP][PASSED] - selenium = new com.thoughtworks.selenium.webdriven.WebDriverBackedSelenium(driver, internal.GlobalVariable.ENV): null&#xD;
&#xD;
2019-08-05 13:23:43 - [TEST_STEP][PASSED] - FirstName = "Test-123": null&#xD;
&#xD;
2019-08-05 13:23:43 - [TEST_STEP][PASSED] - LastName = selenium.getEval("{var x="ABCDEFGHIJKLMNOPQRSTUVWXYZabcdefghijklmnopqrstuvwxyz"; var tmp="ZZ11-"; for (i=0;i&lt;8;i++) tmp+=x.charAt(Math.ceil(51*Math.random()));tmp;}"): null&#xD;
&#xD;
2019-08-05 13:23:43 - [TEST_STEP][PASSED] - Address = selenium.getEval("{var x="ABCDEFGHIJKLMNOPQRSTUVWXYZabcdefghijklmnopqrstuvwxyz"; var tmp=""; for (i=0;i&lt;8;i++) tmp+=x.charAt(Math.ceil(51*Math.random()));tmp;}"): null&#xD;
&#xD;
2019-08-05 13:23:43 - [TEST_STEP][PASSED] - City = selenium.getEval("{var x="ABCDEFGHIJKLMNOPQRSTUVWXYZabcdefghijklmnopqrstuvwxyz"; var tmp=""; for (i=0;i&lt;8;i++) tmp+=x.charAt(Math.ceil(51*Math.random()));tmp;}"): null&#xD;
&#xD;
2019-08-05 13:23:43 - [TEST_STEP][PASSED] - tel1 = selenium.getEval("{var x="123456789"; var tmp=""; for (i=0;i&lt;3;i++) tmp+=x.charAt(Math.ceil(8*Math.random()));tmp;}"): null&#xD;
&#xD;
2019-08-05 13:23:43 - [TEST_STEP][PASSED] - tel2 = selenium.getEval("{var x="123456789"; var tmp=""; for (i=0;i&lt;3;i++) tmp+=x.charAt(Math.ceil(8*Math.random()));tmp;}"): null&#xD;
&#xD;
2019-08-05 13:23:43 - [TEST_STEP][PASSED] - tel3 = selenium.getEval("{var x="123456789"; var tmp=""; for (i=0;i&lt;4;i++) tmp+=x.charAt(Math.ceil(8*Math.random()));tmp;}"): null&#xD;
&#xD;
2019-08-05 13:23:43 - [TEST_STEP][PASSED] - Tel = selenium.getExpression(tel1 + "-" + tel2 + "-" + tel3): null&#xD;
&#xD;
2019-08-05 13:23:43 - [TEST_STEP][PASSED] - AutoEmail = selenium.getEval("{var x="ABCDEFGHIJKLMNOPQRSTUVWXYZabcdefghijklmnopqrstuvwxyz"; var tmp="test."; for (i=0;i&lt;8;i++) tmp+=x.charAt(Math.ceil(51*Math.random()));tmp+="@suryani.cn";}"): null&#xD;
&#xD;
2019-08-05 13:23:43 - [TEST_STEP][PASSED] - FirstName = FirstName: null&#xD;
&#xD;
2019-08-05 13:23:43 - [TEST_STEP][PASSED] - LastName = LastName: null&#xD;
&#xD;
2019-08-05 13:23:43 - [TEST_STEP][PASSED] - Address = Address: null&#xD;
&#xD;
2019-08-05 13:23:43 - [TEST_STEP][PASSED] - City = City: null&#xD;
&#xD;
2019-08-05 13:23:43 - [TEST_STEP][PASSED] - Tel = Tel: null&#xD;
&#xD;
2019-08-05 13:23:43 - [TEST_STEP][PASSED] - AutoEmail = AutoEmail: null&#xD;
&#xD;
2019-08-05 13:23:43 - [TEST_STEP][PASSED] - println(FirstName): null&#xD;
&#xD;
2019-08-05 13:23:43 - [TEST_STEP][PASSED] - println(LastName): null&#xD;
&#xD;
2019-08-05 13:23:43 - [TEST_STEP][PASSED] - println(Address): null&#xD;
&#xD;
2019-08-05 13:23:43 - [TEST_STEP][PASSED] - println(City): null&#xD;
&#xD;
2019-08-05 13:23:43 - [TEST_STEP][PASSED] - println(Tel): null&#xD;
&#xD;
2019-08-05 13:23:43 - [TEST_STEP][PASSED] - println(AutoEmail): null&#xD;
&#xD;
2019-08-05 13:23:43 - [MESSAGE][PASSED] - Call Test Case 'Test Cases/mobileWeb/_include/name' successfully&#xD;
&#xD;
2019-08-05 13:23:43 - [TEST_STEP][FAILED] - try: Unable to verify text 'Month Duration Acknowledgement' is present  (Root cause: com.kms.katalon.core.exception.StepFailedException: Unable to verify text 'Month Duration Acknowledgement' is present &#xD;
	at com.kms.katalon.core.webui.keyword.internal.WebUIKeywordMain.stepFailed(WebUIKeywordMain.groovy:64)&#xD;
	at com.kms.katalon.core.webui.keyword.internal.WebUIKeywordMain.runKeyword(WebUIKeywordMain.groovy:26)&#xD;
	at com.kms.katalon.core.webui.keyword.builtin.VerifyTextPresentKeyword.verifyTextPresent(VerifyTextPresentKeyword.groovy:83)&#xD;
	at com.kms.katalon.core.webui.keyword.builtin.VerifyTextPresentKeyword.execute(VerifyTextPresentKeyword.groovy:68)&#xD;
	at com.kms.katalon.core.keyword.internal.KeywordExecutor.executeKeywordForPlatform(KeywordExecutor.groovy:56)&#xD;
	at com.kms.katalon.core.webui.keyword.WebUiBuiltInKeywords.verifyTextPresent(WebUiBuiltInKeywords.groovy:1693)&#xD;
	at com.kms.katalon.core.webui.keyword.WebUiBuiltInKeywords$verifyTextPresent$9.call(Unknown Source)&#xD;
	at goToEnd_stm_autofill.run(goToEnd_stm_autofill:19)&#xD;
	at com.kms.katalon.core.main.ScriptEngine.run(ScriptEngine.java:194)&#xD;
	at com.kms.katalon.core.main.ScriptEngine.runScriptAsRawText(ScriptEngine.java:119)&#xD;
	at com.kms.katalon.core.main.TestCaseExecutor.runScript(TestCaseExecutor.java:337)&#xD;
	at com.kms.katalon.core.main.TestCaseExecutor.doExecute(TestCaseExecutor.java:328)&#xD;
	at com.kms.katalon.core.main.TestCaseExecutor.processExecutionPhase(TestCaseExecutor.java:307)&#xD;
	at com.kms.katalon.core.main.TestCaseExecutor.accessMainPhase(TestCaseExecutor.java:299)&#xD;
	at com.kms.katalon.core.main.TestCaseExecutor.execute(TestCaseExecutor.java:233)&#xD;
	at com.kms.katalon.core.main.TestCaseMain.runTestCase(TestCaseMain.java:114)&#xD;
	at com.kms.katalon.core.keyword.builtin.CallTestCaseKeyword$_callTestCase_closure1.doCall(CallTestCaseKeyword.groovy:59)&#xD;
	at com.kms.katalon.core.keyword.builtin.CallTestCaseKeyword$_callTestCase_closure1.call(CallTestCaseKeyword.groovy)&#xD;
	at com.kms.katalon.core.keyword.internal.KeywordMain.runKeyword(KeywordMain.groovy:68)&#xD;
	at com.kms.katalon.core.keyword.builtin.CallTestCaseKeyword.callTestCase(CallTestCaseKeyword.groovy:81)&#xD;
	at com.kms.katalon.core.keyword.builtin.CallTestCaseKeyword.execute(CallTestCaseKeyword.groovy:44)&#xD;
	at com.kms.katalon.core.keyword.internal.KeywordExecutor.executeKeywordForPlatform(KeywordExecutor.groovy:56)&#xD;
	at com.kms.katalon.core.keyword.BuiltinKeywords.callTestCase(BuiltinKeywords.groovy:334)&#xD;
	at LifeShield.run(LifeShield:31)&#xD;
	at com.kms.katalon.core.main.ScriptEngine.run(ScriptEngine.java:194)&#xD;
	at com.kms.katalon.core.main.ScriptEngine.runScriptAsRawText(ScriptEngine.java:119)&#xD;
	at com.kms.katalon.core.main.TestCaseExecutor.runScript(TestCaseExecutor.java:337)&#xD;
	at com.kms.katalon.core.main.TestCaseExecutor.doExecute(TestCaseExecutor.java:328)&#xD;
	at com.kms.katalon.core.main.TestCaseExecutor.processExecutionPhase(TestCaseExecutor.java:307)&#xD;
	at com.kms.katalon.core.main.TestCaseExecutor.accessMainPhase(TestCaseExecutor.java:299)&#xD;
	at com.kms.katalon.core.main.TestCaseExecutor.execute(TestCaseExecutor.java:233)&#xD;
	at com.kms.katalon.core.main.TestSuiteExecutor.accessTestCaseMainPhase(TestSuiteExecutor.java:133)&#xD;
	at com.kms.katalon.core.main.TestSuiteExecutor.accessTestSuiteMainPhase(TestSuiteExecutor.java:116)&#xD;
	at com.kms.katalon.core.main.TestSuiteExecutor.execute(TestSuiteExecutor.java:83)&#xD;
	at com.kms.katalon.core.main.TestCaseMain.startTestSuite(TestCaseMain.java:157)&#xD;
	at com.kms.katalon.core.main.TestCaseMain$startTestSuite$0.call(Unknown Source)&#xD;
	at TempTestSuite1564982040506.run(TempTestSuite1564982040506.groovy:35)&#xD;
Caused by: com.kms.katalon.core.exception.StepFailedException: Text 'Month Duration Acknowledgement' is not present on page &#xD;
	at com.kms.katalon.core.webui.keyword.internal.WebUIKeywordMain.stepFailed(WebUIKeywordMain.groovy:64)&#xD;
	at com.kms.katalon.core.webui.keyword.builtin.VerifyTextPresentKeyword$_verifyTextPresent_closure1.doCall(VerifyTextPresentKeyword.groovy:79)&#xD;
	at com.kms.katalon.core.webui.keyword.builtin.VerifyTextPresentKeyword$_verifyTextPresent_closure1.call(VerifyTextPresentKeyword.groovy)&#xD;
	at com.kms.katalon.core.webui.keyword.internal.WebUIKeywordMain.runKeyword(WebUIKeywordMain.groovy:20)&#xD;
	... 35 more&#xD;
)&#xD;
&#xD;
2019-08-05 13:23:43 - [TEST_STEP][FAILED] - if (verifyTextPresent("Month Duration Acknowledgement", false)): Unable to verify text 'Month Duration Acknowledgement' is present  (Root cause: com.kms.katalon.core.exception.StepFailedException: Unable to verify text 'Month Duration Acknowledgement' is present &#xD;
	at com.kms.katalon.core.webui.keyword.internal.WebUIKeywordMain.stepFailed(WebUIKeywordMain.groovy:64)&#xD;
	at com.kms.katalon.core.webui.keyword.internal.WebUIKeywordMain.runKeyword(WebUIKeywordMain.groovy:26)&#xD;
	at com.kms.katalon.core.webui.keyword.builtin.VerifyTextPresentKeyword.verifyTextPresent(VerifyTextPresentKeyword.groovy:83)&#xD;
	at com.kms.katalon.core.webui.keyword.builtin.VerifyTextPresentKeyword.execute(VerifyTextPresentKeyword.groovy:68)&#xD;
	at com.kms.katalon.core.keyword.internal.KeywordExecutor.executeKeywordForPlatform(KeywordExecutor.groovy:56)&#xD;
	at com.kms.katalon.core.webui.keyword.WebUiBuiltInKeywords.verifyTextPresent(WebUiBuiltInKeywords.groovy:1693)&#xD;
	at com.kms.katalon.core.webui.keyword.WebUiBuiltInKeywords$verifyTextPresent$9.call(Unknown Source)&#xD;
	at goToEnd_stm_autofill.run(goToEnd_stm_autofill:19)&#xD;
	at com.kms.katalon.core.main.ScriptEngine.run(ScriptEngine.java:194)&#xD;
	at com.kms.katalon.core.main.ScriptEngine.runScriptAsRawText(ScriptEngine.java:119)&#xD;
	at com.kms.katalon.core.main.TestCaseExecutor.runScript(TestCaseExecutor.java:337)&#xD;
	at com.kms.katalon.core.main.TestCaseExecutor.doExecute(TestCaseExecutor.java:328)&#xD;
	at com.kms.katalon.core.main.TestCaseExecutor.processExecutionPhase(TestCaseExecutor.java:307)&#xD;
	at com.kms.katalon.core.main.TestCaseExecutor.accessMainPhase(TestCaseExecutor.java:299)&#xD;
	at com.kms.katalon.core.main.TestCaseExecutor.execute(TestCaseExecutor.java:233)&#xD;
	at com.kms.katalon.core.main.TestCaseMain.runTestCase(TestCaseMain.java:114)&#xD;
	at com.kms.katalon.core.keyword.builtin.CallTestCaseKeyword$_callTestCase_closure1.doCall(CallTestCaseKeyword.groovy:59)&#xD;
	at com.kms.katalon.core.keyword.builtin.CallTestCaseKeyword$_callTestCase_closure1.call(CallTestCaseKeyword.groovy)&#xD;
	at com.kms.katalon.core.keyword.internal.KeywordMain.runKeyword(KeywordMain.groovy:68)&#xD;
	at com.kms.katalon.core.keyword.builtin.CallTestCaseKeyword.callTestCase(CallTestCaseKeyword.groovy:81)&#xD;
	at com.kms.katalon.core.keyword.builtin.CallTestCaseKeyword.execute(CallTestCaseKeyword.groovy:44)&#xD;
	at com.kms.katalon.core.keyword.internal.KeywordExecutor.executeKeywordForPlatform(KeywordExecutor.groovy:56)&#xD;
	at com.kms.katalon.core.keyword.BuiltinKeywords.callTestCase(BuiltinKeywords.groovy:334)&#xD;
	at LifeShield.run(LifeShield:31)&#xD;
	at com.kms.katalon.core.main.ScriptEngine.run(ScriptEngine.java:194)&#xD;
	at com.kms.katalon.core.main.ScriptEngine.runScriptAsRawText(ScriptEngine.java:119)&#xD;
	at com.kms.katalon.core.main.TestCaseExecutor.runScript(TestCaseExecutor.java:337)&#xD;
	at com.kms.katalon.core.main.TestCaseExecutor.doExecute(TestCaseExecutor.java:328)&#xD;
	at com.kms.katalon.core.main.TestCaseExecutor.processExecutionPhase(TestCaseExecutor.java:307)&#xD;
	at com.kms.katalon.core.main.TestCaseExecutor.accessMainPhase(TestCaseExecutor.java:299)&#xD;
	at com.kms.katalon.core.main.TestCaseExecutor.execute(TestCaseExecutor.java:233)&#xD;
	at com.kms.katalon.core.main.TestSuiteExecutor.accessTestCaseMainPhase(TestSuiteExecutor.java:133)&#xD;
	at com.kms.katalon.core.main.TestSuiteExecutor.accessTestSuiteMainPhase(TestSuiteExecutor.java:116)&#xD;
	at com.kms.katalon.core.main.TestSuiteExecutor.execute(TestSuiteExecutor.java:83)&#xD;
	at com.kms.katalon.core.main.TestCaseMain.startTestSuite(TestCaseMain.java:157)&#xD;
	at com.kms.katalon.core.main.TestCaseMain$startTestSuite$0.call(Unknown Source)&#xD;
	at TempTestSuite1564982040506.run(TempTestSuite1564982040506.groovy:35)&#xD;
Caused by: com.kms.katalon.core.exception.StepFailedException: Text 'Month Duration Acknowledgement' is not present on page &#xD;
	at com.kms.katalon.core.webui.keyword.internal.WebUIKeywordMain.stepFailed(WebUIKeywordMain.groovy:64)&#xD;
	at com.kms.katalon.core.webui.keyword.builtin.VerifyTextPresentKeyword$_verifyTextPresent_closure1.doCall(VerifyTextPresentKeyword.groovy:79)&#xD;
	at com.kms.katalon.core.webui.keyword.builtin.VerifyTextPresentKeyword$_verifyTextPresent_closure1.call(VerifyTextPresentKeyword.groovy)&#xD;
	at com.kms.katalon.core.webui.keyword.internal.WebUIKeywordMain.runKeyword(WebUIKeywordMain.groovy:20)&#xD;
	... 35 more&#xD;
)&#xD;
&#xD;
2019-08-05 13:23:43 - [MESSAGE][FAILED] - Text 'Month Duration Acknowledgement' is not present on page  (Root cause: com.kms.katalon.core.exception.StepFailedException: Text 'Month Duration Acknowledgement' is not present on page &#xD;
	at com.kms.katalon.core.webui.keyword.internal.WebUIKeywordMain.stepFailed(WebUIKeywordMain.groovy:64)&#xD;
	at com.kms.katalon.core.webui.keyword.builtin.VerifyTextPresentKeyword$_verifyTextPresent_closure1.doCall(VerifyTextPresentKeyword.groovy:79)&#xD;
	at com.kms.katalon.core.webui.keyword.builtin.VerifyTextPresentKeyword$_verifyTextPresent_closure1.call(VerifyTextPresentKeyword.groovy)&#xD;
	at com.kms.katalon.core.webui.keyword.internal.WebUIKeywordMain.runKeyword(WebUIKeywordMain.groovy:20)&#xD;
	at com.kms.katalon.core.webui.keyword.builtin.VerifyTextPresentKeyword.verifyTextPresent(VerifyTextPresentKeyword.groovy:83)&#xD;
	at com.kms.katalon.core.webui.keyword.builtin.VerifyTextPresentKeyword.execute(VerifyTextPresentKeyword.groovy:68)&#xD;
	at com.kms.katalon.core.keyword.internal.KeywordExecutor.executeKeywordForPlatform(KeywordExecutor.groovy:56)&#xD;
	at com.kms.katalon.core.webui.keyword.WebUiBuiltInKeywords.verifyTextPresent(WebUiBuiltInKeywords.groovy:1693)&#xD;
	at com.kms.katalon.core.webui.keyword.WebUiBuiltInKeywords$verifyTextPresent$9.call(Unknown Source)&#xD;
	at goToEnd_stm_autofill.run(goToEnd_stm_autofill:19)&#xD;
	at com.kms.katalon.core.main.ScriptEngine.run(ScriptEngine.java:194)&#xD;
	at com.kms.katalon.core.main.ScriptEngine.runScriptAsRawText(ScriptEngine.java:119)&#xD;
	at com.kms.katalon.core.main.TestCaseExecutor.runScript(TestCaseExecutor.java:337)&#xD;
	at com.kms.katalon.core.main.TestCaseExecutor.doExecute(TestCaseExecutor.java:328)&#xD;
	at com.kms.katalon.core.main.TestCaseExecutor.processExecutionPhase(TestCaseExecutor.java:307)&#xD;
	at com.kms.katalon.core.main.TestCaseExecutor.accessMainPhase(TestCaseExecutor.java:299)&#xD;
	at com.kms.katalon.core.main.TestCaseExecutor.execute(TestCaseExecutor.java:233)&#xD;
	at com.kms.katalon.core.main.TestCaseMain.runTestCase(TestCaseMain.java:114)&#xD;
	at com.kms.katalon.core.keyword.builtin.CallTestCaseKeyword$_callTestCase_closure1.doCall(CallTestCaseKeyword.groovy:59)&#xD;
	at com.kms.katalon.core.keyword.builtin.CallTestCaseKeyword$_callTestCase_closure1.call(CallTestCaseKeyword.groovy)&#xD;
	at com.kms.katalon.core.keyword.internal.KeywordMain.runKeyword(KeywordMain.groovy:68)&#xD;
	at com.kms.katalon.core.keyword.builtin.CallTestCaseKeyword.callTestCase(CallTestCaseKeyword.groovy:81)&#xD;
	at com.kms.katalon.core.keyword.builtin.CallTestCaseKeyword.execute(CallTestCaseKeyword.groovy:44)&#xD;
	at com.kms.katalon.core.keyword.internal.KeywordExecutor.executeKeywordForPlatform(KeywordExecutor.groovy:56)&#xD;
	at com.kms.katalon.core.keyword.BuiltinKeywords.callTestCase(BuiltinKeywords.groovy:334)&#xD;
	at LifeShield.run(LifeShield:31)&#xD;
	at com.kms.katalon.core.main.ScriptEngine.run(ScriptEngine.java:194)&#xD;
	at com.kms.katalon.core.main.ScriptEngine.runScriptAsRawText(ScriptEngine.java:119)&#xD;
	at com.kms.katalon.core.main.TestCaseExecutor.runScript(TestCaseExecutor.java:337)&#xD;
	at com.kms.katalon.core.main.TestCaseExecutor.doExecute(TestCaseExecutor.java:328)&#xD;
	at com.kms.katalon.core.main.TestCaseExecutor.processExecutionPhase(TestCaseExecutor.java:307)&#xD;
	at com.kms.katalon.core.main.TestCaseExecutor.accessMainPhase(TestCaseExecutor.java:299)&#xD;
	at com.kms.katalon.core.main.TestCaseExecutor.execute(TestCaseExecutor.java:233)&#xD;
	at com.kms.katalon.core.main.TestSuiteExecutor.accessTestCaseMainPhase(TestSuiteExecutor.java:133)&#xD;
	at com.kms.katalon.core.main.TestSuiteExecutor.accessTestSuiteMainPhase(TestSuiteExecutor.java:116)&#xD;
	at com.kms.katalon.core.main.TestSuiteExecutor.execute(TestSuiteExecutor.java:83)&#xD;
	at com.kms.katalon.core.main.TestCaseMain.startTestSuite(TestCaseMain.java:157)&#xD;
	at com.kms.katalon.core.main.TestCaseMain$startTestSuite$0.call(Unknown Source)&#xD;
	at TempTestSuite1564982040506.run(TempTestSuite1564982040506.groovy:35)&#xD;
)&#xD;
&#xD;
2019-08-05 13:23:44 - [MESSAGE][FAILED] - Unable to verify text 'Month Duration Acknowledgement' is present  (Root cause: com.kms.katalon.core.exception.StepFailedException: Unable to verify text 'Month Duration Acknowledgement' is present &#xD;
	at com.kms.katalon.core.webui.keyword.internal.WebUIKeywordMain.stepFailed(WebUIKeywordMain.groovy:64)&#xD;
	at com.kms.katalon.core.webui.keyword.internal.WebUIKeywordMain.runKeyword(WebUIKeywordMain.groovy:26)&#xD;
	at com.kms.katalon.core.webui.keyword.builtin.VerifyTextPresentKeyword.verifyTextPresent(VerifyTextPresentKeyword.groovy:83)&#xD;
	at com.kms.katalon.core.webui.keyword.builtin.VerifyTextPresentKeyword.execute(VerifyTextPresentKeyword.groovy:68)&#xD;
	at com.kms.katalon.core.keyword.internal.KeywordExecutor.executeKeywordForPlatform(KeywordExecutor.groovy:56)&#xD;
	at com.kms.katalon.core.webui.keyword.WebUiBuiltInKeywords.verifyTextPresent(WebUiBuiltInKeywords.groovy:1693)&#xD;
	at com.kms.katalon.core.webui.keyword.WebUiBuiltInKeywords$verifyTextPresent$9.call(Unknown Source)&#xD;
	at goToEnd_stm_autofill.run(goToEnd_stm_autofill:19)&#xD;
	at com.kms.katalon.core.main.ScriptEngine.run(ScriptEngine.java:194)&#xD;
	at com.kms.katalon.core.main.ScriptEngine.runScriptAsRawText(ScriptEngine.java:119)&#xD;
	at com.kms.katalon.core.main.TestCaseExecutor.runScript(TestCaseExecutor.java:337)&#xD;
	at com.kms.katalon.core.main.TestCaseExecutor.doExecute(TestCaseExecutor.java:328)&#xD;
	at com.kms.katalon.core.main.TestCaseExecutor.processExecutionPhase(TestCaseExecutor.java:307)&#xD;
	at com.kms.katalon.core.main.TestCaseExecutor.accessMainPhase(TestCaseExecutor.java:299)&#xD;
	at com.kms.katalon.core.main.TestCaseExecutor.execute(TestCaseExecutor.java:233)&#xD;
	at com.kms.katalon.core.main.TestCaseMain.runTestCase(TestCaseMain.java:114)&#xD;
	at com.kms.katalon.core.keyword.builtin.CallTestCaseKeyword$_callTestCase_closure1.doCall(CallTestCaseKeyword.groovy:59)&#xD;
	at com.kms.katalon.core.keyword.builtin.CallTestCaseKeyword$_callTestCase_closure1.call(CallTestCaseKeyword.groovy)&#xD;
	at com.kms.katalon.core.keyword.internal.KeywordMain.runKeyword(KeywordMain.groovy:68)&#xD;
	at com.kms.katalon.core.keyword.builtin.CallTestCaseKeyword.callTestCase(CallTestCaseKeyword.groovy:81)&#xD;
	at com.kms.katalon.core.keyword.builtin.CallTestCaseKeyword.execute(CallTestCaseKeyword.groovy:44)&#xD;
	at com.kms.katalon.core.keyword.internal.KeywordExecutor.executeKeywordForPlatform(KeywordExecutor.groovy:56)&#xD;
	at com.kms.katalon.core.keyword.BuiltinKeywords.callTestCase(BuiltinKeywords.groovy:334)&#xD;
	at LifeShield.run(LifeShield:31)&#xD;
	at com.kms.katalon.core.main.ScriptEngine.run(ScriptEngine.java:194)&#xD;
	at com.kms.katalon.core.main.ScriptEngine.runScriptAsRawText(ScriptEngine.java:119)&#xD;
	at com.kms.katalon.core.main.TestCaseExecutor.runScript(TestCaseExecutor.java:337)&#xD;
	at com.kms.katalon.core.main.TestCaseExecutor.doExecute(TestCaseExecutor.java:328)&#xD;
	at com.kms.katalon.core.main.TestCaseExecutor.processExecutionPhase(TestCaseExecutor.java:307)&#xD;
	at com.kms.katalon.core.main.TestCaseExecutor.accessMainPhase(TestCaseExecutor.java:299)&#xD;
	at com.kms.katalon.core.main.TestCaseExecutor.execute(TestCaseExecutor.java:233)&#xD;
	at com.kms.katalon.core.main.TestSuiteExecutor.accessTestCaseMainPhase(TestSuiteExecutor.java:133)&#xD;
	at com.kms.katalon.core.main.TestSuiteExecutor.accessTestSuiteMainPhase(TestSuiteExecutor.java:116)&#xD;
	at com.kms.katalon.core.main.TestSuiteExecutor.execute(TestSuiteExecutor.java:83)&#xD;
	at com.kms.katalon.core.main.TestCaseMain.startTestSuite(TestCaseMain.java:157)&#xD;
	at com.kms.katalon.core.main.TestCaseMain$startTestSuite$0.call(Unknown Source)&#xD;
	at TempTestSuite1564982040506.run(TempTestSuite1564982040506.groovy:35)&#xD;
Caused by: com.kms.katalon.core.exception.StepFailedException: Text 'Month Duration Acknowledgement' is not present on page &#xD;
	at com.kms.katalon.core.webui.keyword.internal.WebUIKeywordMain.stepFailed(WebUIKeywordMain.groovy:64)&#xD;
	at com.kms.katalon.core.webui.keyword.builtin.VerifyTextPresentKeyword$_verifyTextPresent_closure1.doCall(VerifyTextPresentKeyword.groovy:79)&#xD;
	at com.kms.katalon.core.webui.keyword.builtin.VerifyTextPresentKeyword$_verifyTextPresent_closure1.call(VerifyTextPresentKeyword.groovy)&#xD;
	at com.kms.katalon.core.webui.keyword.internal.WebUIKeywordMain.runKeyword(WebUIKeywordMain.groovy:20)&#xD;
	... 35 more&#xD;
)&#xD;
[[ATTACHMENT|D:\\Test\\AgileTest\\AgileTest\\Reports\\mobileWeb\\stm\\20190805_131400\\1564982623666.png]]&#xD;
&#xD;
2019-08-05 13:23:44 - [TEST_STEP][PASSED] - catch (Exception e): null&#xD;
&#xD;
2019-08-05 13:23:44 - [TEST_STEP][PASSED] - println("no consecutive"): null&#xD;
&#xD;
2019-08-05 13:23:44 - [TEST_STEP][PASSED] - waitForPageLoad(10): Wait for page load successfully&#xD;
&#xD;
2019-08-05 13:23:44 - [MESSAGE][PASSED] - Wait for page load successfully&#xD;
&#xD;
2019-08-05 13:23:44 - [TEST_STEP][PASSED] - Thread.sleep(3000): null&#xD;
&#xD;
2019-08-05 13:23:47 - [TEST_STEP][PASSED] - waitForElementVisible(findTestObject("mobileSanity/STM/Page_App Page 1/a_Autofill App Info"), 20): Object 'Object Repository/mobileSanity/STM/Page_App Page 1/a_Autofill App Info' is visible&#xD;
&#xD;
2019-08-05 13:23:47 - [MESSAGE][PASSED] - Object 'Object Repository/mobileSanity/STM/Page_App Page 1/a_Autofill App Info' is visible&#xD;
&#xD;
2019-08-05 13:23:47 - [TEST_STEP][PASSED] - click(findTestObject("mobileSanity/STM/Page_App Page 1/a_Autofill App Info")): Object: 'Object Repository/mobileSanity/STM/Page_App Page 1/a_Autofill App Info' is clicked on&#xD;
&#xD;
2019-08-05 13:23:48 - [MESSAGE][PASSED] - Object: 'Object Repository/mobileSanity/STM/Page_App Page 1/a_Autofill App Info' is clicked on&#xD;
&#xD;
2019-08-05 13:23:48 - [TEST_STEP][PASSED] - Thread.sleep(1000): null&#xD;
&#xD;
2019-08-05 13:23:49 - [TEST_STEP][PASSED] - click(findTestObject("mobileSanity/STM/Page_App Page 1/a_Autofill App Info")): Object: 'Object Repository/mobileSanity/STM/Page_App Page 1/a_Autofill App Info' is clicked on&#xD;
&#xD;
2019-08-05 13:23:49 - [MESSAGE][PASSED] - Object: 'Object Repository/mobileSanity/STM/Page_App Page 1/a_Autofill App Info' is clicked on&#xD;
&#xD;
2019-08-05 13:23:49 - [TEST_STEP][PASSED] - Thread.sleep(1000): null&#xD;
&#xD;
2019-08-05 13:23:50 - [TEST_STEP][PASSED] - waitForElementVisible(findTestObject("mobileSanity/STM/Page_App Page 1/a_Continue"), 20): Object 'Object Repository/mobileSanity/STM/Page_App Page 1/a_Continue' is visible&#xD;
&#xD;
2019-08-05 13:23:50 - [MESSAGE][PASSED] - Object 'Object Repository/mobileSanity/STM/Page_App Page 1/a_Continue' is visible&#xD;
&#xD;
2019-08-05 13:23:50 - [TEST_STEP][PASSED] - click(findTestObject("mobileSanity/STM/Page_App Page 1/a_Continue")): Object: 'Object Repository/mobileSanity/STM/Page_App Page 1/a_Continue' is clicked on&#xD;
&#xD;
2019-08-05 13:23:50 - [MESSAGE][PASSED] - Object: 'Object Repository/mobileSanity/STM/Page_App Page 1/a_Continue' is clicked on&#xD;
&#xD;
2019-08-05 13:23:50 - [TEST_STEP][PASSED] - waitForPageLoad(10): Wait for page load successfully&#xD;
&#xD;
2019-08-05 13:23:50 - [MESSAGE][PASSED] - Wait for page load successfully&#xD;
&#xD;
2019-08-05 13:23:50 - [TEST_STEP][PASSED] - Thread.sleep(2000): null&#xD;
&#xD;
2019-08-05 13:23:52 - [TEST_STEP][PASSED] - callTestCase(findTestCase("mobileWeb/_include/get_screenshot"), [:], STOP_ON_FAILURE): Call Test Case 'Test Cases/mobileWeb/_include/get_screenshot' successfully&#xD;
&#xD;
2019-08-05 13:23:52 - [TEST_CASE][PASSED] - Test Cases/mobileWeb/_include/get_screenshot: Test Cases/mobileWeb/_include/get_screenshot&#xD;
&#xD;
2019-08-05 13:23:52 - [TEST_STEP][PASSED] - takeScreenshot(screenPath + i + ".png"): Taking screenshot successfully&#xD;
&#xD;
2019-08-05 13:23:53 - [MESSAGE][PASSED] - Taking screenshot successfully&#xD;
[[ATTACHMENT|D:\\Test\\AgileTest\\AgileTest\\Reports\\mobileWeb\\stm\\20190805_131400\\../Screenshots/iPhone X/stm/LifeShield/20190805_132251/7.png]]&#xD;
&#xD;
2019-08-05 13:23:53 - [TEST_STEP][PASSED] - (internal.GlobalVariable.i++): null&#xD;
&#xD;
2019-08-05 13:23:53 - [MESSAGE][PASSED] - Call Test Case 'Test Cases/mobileWeb/_include/get_screenshot' successfully&#xD;
&#xD;
2019-08-05 13:23:53 - [TEST_STEP][PASSED] - click(findTestObject("mobileSanity/STM/Page_App Page 2/a_Continue to Step 3 - Payment")): Object: 'Object Repository/mobileSanity/STM/Page_App Page 2/a_Continue to Step 3 - Payment' is clicked on&#xD;
&#xD;
2019-08-05 13:23:53 - [MESSAGE][PASSED] - Object: 'Object Repository/mobileSanity/STM/Page_App Page 2/a_Continue to Step 3 - Payment' is clicked on&#xD;
&#xD;
2019-08-05 13:23:53 - [TEST_STEP][PASSED] - waitForPageLoad(10): Wait for page load successfully&#xD;
&#xD;
2019-08-05 13:23:53 - [MESSAGE][PASSED] - Wait for page load successfully&#xD;
&#xD;
2019-08-05 13:23:53 - [TEST_STEP][PASSED] - Thread.sleep(2000): null&#xD;
&#xD;
2019-08-05 13:23:55 - [TEST_STEP][PASSED] - callTestCase(findTestCase("mobileWeb/_include/get_screenshot"), [:], STOP_ON_FAILURE): Call Test Case 'Test Cases/mobileWeb/_include/get_screenshot' successfully&#xD;
&#xD;
2019-08-05 13:23:55 - [TEST_CASE][PASSED] - Test Cases/mobileWeb/_include/get_screenshot: Test Cases/mobileWeb/_include/get_screenshot&#xD;
&#xD;
2019-08-05 13:23:55 - [TEST_STEP][PASSED] - takeScreenshot(screenPath + i + ".png"): Taking screenshot successfully&#xD;
&#xD;
2019-08-05 13:23:56 - [MESSAGE][PASSED] - Taking screenshot successfully&#xD;
[[ATTACHMENT|D:\\Test\\AgileTest\\AgileTest\\Reports\\mobileWeb\\stm\\20190805_131400\\../Screenshots/iPhone X/stm/LifeShield/20190805_132251/8.png]]&#xD;
&#xD;
2019-08-05 13:23:56 - [TEST_STEP][PASSED] - (internal.GlobalVariable.i++): null&#xD;
&#xD;
2019-08-05 13:23:56 - [MESSAGE][PASSED] - Call Test Case 'Test Cases/mobileWeb/_include/get_screenshot' successfully&#xD;
&#xD;
2019-08-05 13:23:56 - [TEST_STEP][PASSED] - clearText(findTestObject("mobileSanity/STM/Page_App Page 3/input__credit-card-cvv")): Text of object 'Object Repository/mobileSanity/STM/Page_App Page 3/input__credit-card-cvv' is cleared&#xD;
&#xD;
2019-08-05 13:23:56 - [MESSAGE][PASSED] - Text of object 'Object Repository/mobileSanity/STM/Page_App Page 3/input__credit-card-cvv' is cleared&#xD;
&#xD;
2019-08-05 13:23:56 - [TEST_STEP][PASSED] - setText(findTestObject("mobileSanity/STM/Page_App Page 3/input__credit-card-cvv"), "123"): Text '123' is set on object 'Object Repository/mobileSanity/STM/Page_App Page 3/input__credit-card-cvv'&#xD;
&#xD;
2019-08-05 13:23:56 - [MESSAGE][PASSED] - Text '123' is set on object 'Object Repository/mobileSanity/STM/Page_App Page 3/input__credit-card-cvv'&#xD;
&#xD;
2019-08-05 13:23:56 - [TEST_STEP][PASSED] - click(findTestObject("mobileSanity/STM/Page_App Page 3/label_I Accept Authorization f")): Object: 'Object Repository/mobileSanity/STM/Page_App Page 3/label_I Accept Authorization f' is clicked on&#xD;
&#xD;
2019-08-05 13:23:56 - [MESSAGE][PASSED] - Object: 'Object Repository/mobileSanity/STM/Page_App Page 3/label_I Accept Authorization f' is clicked on&#xD;
&#xD;
2019-08-05 13:23:56 - [TEST_STEP][PASSED] - click(findTestObject("mobileSanity/STM/Page_App Page 3/a_Continue to Step 4 - Review")): Object: 'Object Repository/mobileSanity/STM/Page_App Page 3/a_Continue to Step 4 - Review' is clicked on&#xD;
&#xD;
2019-08-05 13:23:56 - [MESSAGE][PASSED] - Object: 'Object Repository/mobileSanity/STM/Page_App Page 3/a_Continue to Step 4 - Review' is clicked on&#xD;
&#xD;
2019-08-05 13:23:56 - [TEST_STEP][PASSED] - waitForPageLoad(10): Wait for page load successfully&#xD;
&#xD;
2019-08-05 13:23:56 - [MESSAGE][PASSED] - Wait for page load successfully&#xD;
&#xD;
2019-08-05 13:23:56 - [TEST_STEP][PASSED] - waitForElementClickable(findTestObject("mobileSanity/STM/Page_App Page 4/label"), 10): Object 'Object Repository/mobileSanity/STM/Page_App Page 4/label' is clickable&#xD;
&#xD;
2019-08-05 13:23:58 - [MESSAGE][PASSED] - Object 'Object Repository/mobileSanity/STM/Page_App Page 4/label' is clickable&#xD;
&#xD;
2019-08-05 13:23:58 - [TEST_STEP][PASSED] - Thread.sleep(2000): null&#xD;
&#xD;
2019-08-05 13:24:00 - [TEST_STEP][PASSED] - callTestCase(findTestCase("mobileWeb/_include/get_screenshot"), [:], STOP_ON_FAILURE): Call Test Case 'Test Cases/mobileWeb/_include/get_screenshot' successfully&#xD;
&#xD;
2019-08-05 13:24:00 - [TEST_CASE][PASSED] - Test Cases/mobileWeb/_include/get_screenshot: Test Cases/mobileWeb/_include/get_screenshot&#xD;
&#xD;
2019-08-05 13:24:00 - [TEST_STEP][PASSED] - takeScreenshot(screenPath + i + ".png"): Taking screenshot successfully&#xD;
&#xD;
2019-08-05 13:24:01 - [MESSAGE][PASSED] - Taking screenshot successfully&#xD;
[[ATTACHMENT|D:\\Test\\AgileTest\\AgileTest\\Reports\\mobileWeb\\stm\\20190805_131400\\../Screenshots/iPhone X/stm/LifeShield/20190805_132251/9.png]]&#xD;
&#xD;
2019-08-05 13:24:01 - [TEST_STEP][PASSED] - (internal.GlobalVariable.i++): null&#xD;
&#xD;
2019-08-05 13:24:01 - [MESSAGE][PASSED] - Call Test Case 'Test Cases/mobileWeb/_include/get_screenshot' successfully&#xD;
&#xD;
2019-08-05 13:24:01 - [TEST_STEP][PASSED] - click(findTestObject("mobileSanity/STM/Page_App Page 4/label")): Object: 'Object Repository/mobileSanity/STM/Page_App Page 4/label' is clicked on&#xD;
&#xD;
2019-08-05 13:24:01 - [MESSAGE][PASSED] - Object: 'Object Repository/mobileSanity/STM/Page_App Page 4/label' is clicked on&#xD;
&#xD;
2019-08-05 13:24:01 - [TEST_STEP][PASSED] - click(findTestObject("mobileSanity/STM/Page_App Page 4/div_CLICK TO SIGN")): Object: 'Object Repository/mobileSanity/STM/Page_App Page 4/div_CLICK TO SIGN' is clicked on&#xD;
&#xD;
2019-08-05 13:24:02 - [MESSAGE][PASSED] - Object: 'Object Repository/mobileSanity/STM/Page_App Page 4/div_CLICK TO SIGN' is clicked on&#xD;
&#xD;
2019-08-05 13:24:02 - [TEST_STEP][PASSED] - click(findTestObject("mobileSanity/STM/Page_App Page 4/a_Submit Your Application")): Object: 'Object Repository/mobileSanity/STM/Page_App Page 4/a_Submit Your Application' is clicked on&#xD;
&#xD;
2019-08-05 13:24:02 - [MESSAGE][PASSED] - Object: 'Object Repository/mobileSanity/STM/Page_App Page 4/a_Submit Your Application' is clicked on&#xD;
&#xD;
2019-08-05 13:24:02 - [TEST_STEP][PASSED] - Thread.sleep(30000): null&#xD;
&#xD;
2019-08-05 13:24:32 - [TEST_STEP][PASSED] - callTestCase(findTestCase("mobileWeb/_include/get_screenshot"), [:], STOP_ON_FAILURE): Call Test Case 'Test Cases/mobileWeb/_include/get_screenshot' successfully&#xD;
&#xD;
2019-08-05 13:24:32 - [TEST_CASE][PASSED] - Test Cases/mobileWeb/_include/get_screenshot: Test Cases/mobileWeb/_include/get_screenshot&#xD;
&#xD;
2019-08-05 13:24:32 - [TEST_STEP][PASSED] - takeScreenshot(screenPath + i + ".png"): Taking screenshot successfully&#xD;
&#xD;
2019-08-05 13:24:37 - [MESSAGE][PASSED] - Taking screenshot successfully&#xD;
[[ATTACHMENT|D:\\Test\\AgileTest\\AgileTest\\Reports\\mobileWeb\\stm\\20190805_131400\\../Screenshots/iPhone X/stm/LifeShield/20190805_132251/10.png]]&#xD;
&#xD;
2019-08-05 13:24:37 - [TEST_STEP][PASSED] - (internal.GlobalVariable.i++): null&#xD;
&#xD;
2019-08-05 13:24:37 - [MESSAGE][PASSED] - Call Test Case 'Test Cases/mobileWeb/_include/get_screenshot' successfully&#xD;
&#xD;
2019-08-05 13:24:37 - [TEST_STEP][PASSED] - waitForElementPresent(findTestObject("mobileSanity/STM/Page_App Page 6/span_planName"), 30): Object 'Object Repository/mobileSanity/STM/Page_App Page 6/span_planName' is present&#xD;
&#xD;
2019-08-05 13:24:37 - [MESSAGE][PASSED] - Object 'Object Repository/mobileSanity/STM/Page_App Page 6/span_planName' is present&#xD;
&#xD;
2019-08-05 13:24:37 - [TEST_STEP][PASSED] - verifyElementPresent(findTestObject("mobileSanity/STM/Page_App Page 6/span_planName"), 20): Object 'Object Repository/mobileSanity/STM/Page_App Page 6/span_planName' is present&#xD;
&#xD;
2019-08-05 13:24:37 - [MESSAGE][PASSED] - Object 'Object Repository/mobileSanity/STM/Page_App Page 6/span_planName' is present&#xD;
&#xD;
2019-08-05 13:24:37 - [TEST_STEP][PASSED] - verifyElementPresent(findTestObject("mobileSanity/STM/Page_App Page 6/span_approved"), 20): Object 'Object Repository/mobileSanity/STM/Page_App Page 6/span_approved' is present&#xD;
&#xD;
2019-08-05 13:24:37 - [MESSAGE][PASSED] - Object 'Object Repository/mobileSanity/STM/Page_App Page 6/span_approved' is present&#xD;
&#xD;
2019-08-05 13:24:37 - [MESSAGE][PASSED] - Call Test Case 'Test Cases/mobileWeb/_include/goToEnd_stm_autofill' successfully</system-out>
            <system-err></system-err>
        </testcase>
        <testcase name="Test Cases/mobileWeb/stm/NationalGeneral" classname="Test Cases/mobileWeb/stm/NationalGeneral" status="FAILED">
            <failure type="FAILED" message="Test Cases/mobileWeb/stm/NationalGeneral FAILED.&#xA;Reason:&#xA;com.kms.katalon.core.exception.StepFailedException: Call Test Case 'Test Cases/mobileWeb/_include/goToEnd_stm_autofill' failed&#xD;&#xA;&#x9;at com.kms.katalon.core.keyword.builtin.CallTestCaseKeyword$_callTestCase_closure1.doCall(CallTestCaseKeyword.groovy:63)&#xD;&#xA;&#x9;at com.kms.katalon.core.keyword.builtin.CallTestCaseKeyword$_callTestCase_closure1.call(CallTestCaseKeyword.groovy)&#xD;&#xA;&#x9;at com.kms.katalon.core.keyword.internal.KeywordMain.runKeyword(KeywordMain.groovy:68)&#xD;&#xA;&#x9;at com.kms.katalon.core.keyword.builtin.CallTestCaseKeyword.callTestCase(CallTestCaseKeyword.groovy:81)&#xD;&#xA;&#x9;at com.kms.katalon.core.keyword.builtin.CallTestCaseKeyword.execute(CallTestCaseKeyword.groovy:44)&#xD;&#xA;&#x9;at com.kms.katalon.core.keyword.internal.KeywordExecutor.executeKeywordForPlatform(KeywordExecutor.groovy:56)&#xD;&#xA;&#x9;at com.kms.katalon.core.keyword.BuiltinKeywords.callTestCase(BuiltinKeywords.groovy:334)&#xD;&#xA;&#x9;at NationalGeneral.run(NationalGeneral:31)&#xD;&#xA;&#x9;at com.kms.katalon.core.main.ScriptEngine.run(ScriptEngine.java:194)&#xD;&#xA;&#x9;at com.kms.katalon.core.main.ScriptEngine.runScriptAsRawText(ScriptEngine.java:119)&#xD;&#xA;&#x9;at com.kms.katalon.core.main.TestCaseExecutor.runScript(TestCaseExecutor.java:337)&#xD;&#xA;&#x9;at com.kms.katalon.core.main.TestCaseExecutor.doExecute(TestCaseExecutor.java:328)&#xD;&#xA;&#x9;at com.kms.katalon.core.main.TestCaseExecutor.processExecutionPhase(TestCaseExecutor.java:307)&#xD;&#xA;&#x9;at com.kms.katalon.core.main.TestCaseExecutor.accessMainPhase(TestCaseExecutor.java:299)&#xD;&#xA;&#x9;at com.kms.katalon.core.main.TestCaseExecutor.execute(TestCaseExecutor.java:233)&#xD;&#xA;&#x9;at com.kms.katalon.core.main.TestSuiteExecutor.accessTestCaseMainPhase(TestSuiteExecutor.java:133)&#xD;&#xA;&#x9;at com.kms.katalon.core.main.TestSuiteExecutor.accessTestSuiteMainPhase(TestSuiteExecutor.java:116)&#xD;&#xA;&#x9;at com.kms.katalon.core.main.TestSuiteExecutor.execute(TestSuiteExecutor.java:83)&#xD;&#xA;&#x9;at com.kms.katalon.core.main.TestCaseMain.startTestSuite(TestCaseMain.java:157)&#xD;&#xA;&#x9;at com.kms.katalon.core.main.TestCaseMain$startTestSuite$0.call(Unknown Source)&#xD;&#xA;&#x9;at TempTestSuite1564982040506.run(TempTestSuite1564982040506.groovy:35)&#xD;&#xA;Caused by: com.kms.katalon.core.exception.StepFailedException: Unable to clear text of object 'Object Repository/mobileSanity/STM/Page_App Page 3/input__credit-card-cvv'&#xD;&#xA;&#x9;at com.kms.katalon.core.webui.keyword.internal.WebUIKeywordMain.stepFailed(WebUIKeywordMain.groovy:64)&#xD;&#xA;&#x9;at com.kms.katalon.core.webui.keyword.internal.WebUIKeywordMain.runKeyword(WebUIKeywordMain.groovy:42)&#xD;&#xA;&#x9;at com.kms.katalon.core.webui.keyword.builtin.ClearTextKeyword.clearText(ClearTextKeyword.groovy:61)&#xD;&#xA;&#x9;at com.kms.katalon.core.webui.keyword.builtin.ClearTextKeyword.execute(ClearTextKeyword.groovy:34)&#xD;&#xA;&#x9;at com.kms.katalon.core.keyword.internal.KeywordExecutor.executeKeywordForPlatform(KeywordExecutor.groovy:56)&#xD;&#xA;&#x9;at com.kms.katalon.core.webui.keyword.WebUiBuiltInKeywords.clearText(WebUiBuiltInKeywords.groovy:3817)&#xD;&#xA;&#x9;at com.kms.katalon.core.webui.keyword.WebUiBuiltInKeywords$clearText$10.call(Unknown Source)&#xD;&#xA;&#x9;at goToEnd_stm_autofill.run(goToEnd_stm_autofill:69)&#xD;&#xA;&#x9;at com.kms.katalon.core.main.ScriptEngine.run(ScriptEngine.java:194)&#xD;&#xA;&#x9;at com.kms.katalon.core.main.ScriptEngine.runScriptAsRawText(ScriptEngine.java:119)&#xD;&#xA;&#x9;at com.kms.katalon.core.main.TestCaseExecutor.runScript(TestCaseExecutor.java:337)&#xD;&#xA;&#x9;at com.kms.katalon.core.main.TestCaseExecutor.doExecute(TestCaseExecutor.java:328)&#xD;&#xA;&#x9;at com.kms.katalon.core.main.TestCaseExecutor.processExecutionPhase(TestCaseExecutor.java:307)&#xD;&#xA;&#x9;at com.kms.katalon.core.main.TestCaseExecutor.accessMainPhase(TestCaseExecutor.java:299)&#xD;&#xA;&#x9;at com.kms.katalon.core.main.TestCaseExecutor.execute(TestCaseExecutor.java:233)&#xD;&#xA;&#x9;at com.kms.katalon.core.main.TestCaseMain.runTestCase(TestCaseMain.java:114)&#xD;&#xA;&#x9;at com.kms.katalon.core.keyword.builtin.CallTestCaseKeyword$_callTestCase_closure1.doCall(CallTestCaseKeyword.groovy:59)&#xD;&#xA;&#x9;... 20 more&#xD;&#xA;Caused by: com.kms.katalon.core.webui.exception.WebElementNotFoundException: Web element with id: 'Object Repository/mobileSanity/STM/Page_App Page 3/input__credit-card-cvv' located by 'By.xpath: id(&quot;credit-card-cvv&quot;)[count(. | //input[@type = 'text' and @id = 'credit-card-cvv']) = count(//input[@type = 'text' and @id = 'credit-card-cvv'])]' not found&#xD;&#xA;&#x9;at com.kms.katalon.core.webui.common.WebUiCommonHelper.findWebElement(WebUiCommonHelper.java:1097)&#xD;&#xA;&#x9;at com.kms.katalon.core.webui.keyword.internal.WebUIAbstractKeyword.findWebElement(WebUIAbstractKeyword.groovy:27)&#xD;&#xA;&#x9;at com.kms.katalon.core.webui.keyword.internal.WebUIAbstractKeyword.findWebElement(WebUIAbstractKeyword.groovy:26)&#xD;&#xA;&#x9;at com.kms.katalon.core.webui.keyword.builtin.ClearTextKeyword$_clearText_closure1.doCall(ClearTextKeyword.groovy:44)&#xD;&#xA;&#x9;at com.kms.katalon.core.webui.keyword.builtin.ClearTextKeyword$_clearText_closure1.call(ClearTextKeyword.groovy)&#xD;&#xA;&#x9;at com.kms.katalon.core.webui.keyword.internal.WebUIKeywordMain.runKeyword(WebUIKeywordMain.groovy:33)&#xD;&#xA;&#x9;... 35 more&#xD;&#xA;"/>
            <system-out>2019-08-05 13:24:37 - [TEST_CASE][FAILED] - Test Cases/mobileWeb/stm/NationalGeneral: Test Cases/mobileWeb/stm/NationalGeneral FAILED.
Reason:
com.kms.katalon.core.exception.StepFailedException: Call Test Case 'Test Cases/mobileWeb/_include/goToEnd_stm_autofill' failed&#xD;
	at com.kms.katalon.core.keyword.builtin.CallTestCaseKeyword$_callTestCase_closure1.doCall(CallTestCaseKeyword.groovy:63)&#xD;
	at com.kms.katalon.core.keyword.builtin.CallTestCaseKeyword$_callTestCase_closure1.call(CallTestCaseKeyword.groovy)&#xD;
	at com.kms.katalon.core.keyword.internal.KeywordMain.runKeyword(KeywordMain.groovy:68)&#xD;
	at com.kms.katalon.core.keyword.builtin.CallTestCaseKeyword.callTestCase(CallTestCaseKeyword.groovy:81)&#xD;
	at com.kms.katalon.core.keyword.builtin.CallTestCaseKeyword.execute(CallTestCaseKeyword.groovy:44)&#xD;
	at com.kms.katalon.core.keyword.internal.KeywordExecutor.executeKeywordForPlatform(KeywordExecutor.groovy:56)&#xD;
	at com.kms.katalon.core.keyword.BuiltinKeywords.callTestCase(BuiltinKeywords.groovy:334)&#xD;
	at NationalGeneral.run(NationalGeneral:31)&#xD;
	at com.kms.katalon.core.main.ScriptEngine.run(ScriptEngine.java:194)&#xD;
	at com.kms.katalon.core.main.ScriptEngine.runScriptAsRawText(ScriptEngine.java:119)&#xD;
	at com.kms.katalon.core.main.TestCaseExecutor.runScript(TestCaseExecutor.java:337)&#xD;
	at com.kms.katalon.core.main.TestCaseExecutor.doExecute(TestCaseExecutor.java:328)&#xD;
	at com.kms.katalon.core.main.TestCaseExecutor.processExecutionPhase(TestCaseExecutor.java:307)&#xD;
	at com.kms.katalon.core.main.TestCaseExecutor.accessMainPhase(TestCaseExecutor.java:299)&#xD;
	at com.kms.katalon.core.main.TestCaseExecutor.execute(TestCaseExecutor.java:233)&#xD;
	at com.kms.katalon.core.main.TestSuiteExecutor.accessTestCaseMainPhase(TestSuiteExecutor.java:133)&#xD;
	at com.kms.katalon.core.main.TestSuiteExecutor.accessTestSuiteMainPhase(TestSuiteExecutor.java:116)&#xD;
	at com.kms.katalon.core.main.TestSuiteExecutor.execute(TestSuiteExecutor.java:83)&#xD;
	at com.kms.katalon.core.main.TestCaseMain.startTestSuite(TestCaseMain.java:157)&#xD;
	at com.kms.katalon.core.main.TestCaseMain$startTestSuite$0.call(Unknown Source)&#xD;
	at TempTestSuite1564982040506.run(TempTestSuite1564982040506.groovy:35)&#xD;
Caused by: com.kms.katalon.core.exception.StepFailedException: Unable to clear text of object 'Object Repository/mobileSanity/STM/Page_App Page 3/input__credit-card-cvv'&#xD;
	at com.kms.katalon.core.webui.keyword.internal.WebUIKeywordMain.stepFailed(WebUIKeywordMain.groovy:64)&#xD;
	at com.kms.katalon.core.webui.keyword.internal.WebUIKeywordMain.runKeyword(WebUIKeywordMain.groovy:42)&#xD;
	at com.kms.katalon.core.webui.keyword.builtin.ClearTextKeyword.clearText(ClearTextKeyword.groovy:61)&#xD;
	at com.kms.katalon.core.webui.keyword.builtin.ClearTextKeyword.execute(ClearTextKeyword.groovy:34)&#xD;
	at com.kms.katalon.core.keyword.internal.KeywordExecutor.executeKeywordForPlatform(KeywordExecutor.groovy:56)&#xD;
	at com.kms.katalon.core.webui.keyword.WebUiBuiltInKeywords.clearText(WebUiBuiltInKeywords.groovy:3817)&#xD;
	at com.kms.katalon.core.webui.keyword.WebUiBuiltInKeywords$clearText$10.call(Unknown Source)&#xD;
	at goToEnd_stm_autofill.run(goToEnd_stm_autofill:69)&#xD;
	at com.kms.katalon.core.main.ScriptEngine.run(ScriptEngine.java:194)&#xD;
	at com.kms.katalon.core.main.ScriptEngine.runScriptAsRawText(ScriptEngine.java:119)&#xD;
	at com.kms.katalon.core.main.TestCaseExecutor.runScript(TestCaseExecutor.java:337)&#xD;
	at com.kms.katalon.core.main.TestCaseExecutor.doExecute(TestCaseExecutor.java:328)&#xD;
	at com.kms.katalon.core.main.TestCaseExecutor.processExecutionPhase(TestCaseExecutor.java:307)&#xD;
	at com.kms.katalon.core.main.TestCaseExecutor.accessMainPhase(TestCaseExecutor.java:299)&#xD;
	at com.kms.katalon.core.main.TestCaseExecutor.execute(TestCaseExecutor.java:233)&#xD;
	at com.kms.katalon.core.main.TestCaseMain.runTestCase(TestCaseMain.java:114)&#xD;
	at com.kms.katalon.core.keyword.builtin.CallTestCaseKeyword$_callTestCase_closure1.doCall(CallTestCaseKeyword.groovy:59)&#xD;
	... 20 more&#xD;
Caused by: com.kms.katalon.core.webui.exception.WebElementNotFoundException: Web element with id: 'Object Repository/mobileSanity/STM/Page_App Page 3/input__credit-card-cvv' located by 'By.xpath: id("credit-card-cvv")[count(. | //input[@type = 'text' and @id = 'credit-card-cvv']) = count(//input[@type = 'text' and @id = 'credit-card-cvv'])]' not found&#xD;
	at com.kms.katalon.core.webui.common.WebUiCommonHelper.findWebElement(WebUiCommonHelper.java:1097)&#xD;
	at com.kms.katalon.core.webui.keyword.internal.WebUIAbstractKeyword.findWebElement(WebUIAbstractKeyword.groovy:27)&#xD;
	at com.kms.katalon.core.webui.keyword.internal.WebUIAbstractKeyword.findWebElement(WebUIAbstractKeyword.groovy:26)&#xD;
	at com.kms.katalon.core.webui.keyword.builtin.ClearTextKeyword$_clearText_closure1.doCall(ClearTextKeyword.groovy:44)&#xD;
	at com.kms.katalon.core.webui.keyword.builtin.ClearTextKeyword$_clearText_closure1.call(ClearTextKeyword.groovy)&#xD;
	at com.kms.katalon.core.webui.keyword.internal.WebUIKeywordMain.runKeyword(WebUIKeywordMain.groovy:33)&#xD;
	... 35 more&#xD;
&#xD;
&#xD;
2019-08-05 13:24:37 - [TEST_STEP][PASSED] - callTestCase(findTestCase("mobileWeb/_include/get_screenPath"), ["productLine":"stm", "carrierName":"National General"], CONTINUE_ON_FAILURE): Call Test Case 'Test Cases/mobileWeb/_include/get_screenPath' successfully&#xD;
&#xD;
2019-08-05 13:24:37 - [TEST_CASE][PASSED] - Test Cases/mobileWeb/_include/get_screenPath: Test Cases/mobileWeb/_include/get_screenPath&#xD;
&#xD;
2019-08-05 13:24:37 - [TEST_STEP][PASSED] - m = getExecutionProperties(): null&#xD;
&#xD;
2019-08-05 13:24:37 - [TEST_STEP][PASSED] - deviceName = get("mobileEmulation").get("deviceName"): null&#xD;
&#xD;
2019-08-05 13:24:37 - [TEST_STEP][PASSED] - println(deviceName): null&#xD;
&#xD;
2019-08-05 13:24:37 - [TEST_STEP][PASSED] - now = new java.util.Date(): null&#xD;
&#xD;
2019-08-05 13:24:37 - [TEST_STEP][PASSED] - mydate = now.format("yyyyMMdd_HHmmss"): null&#xD;
&#xD;
2019-08-05 13:24:37 - [TEST_STEP][PASSED] - screenPath = "../Screenshots/": null&#xD;
&#xD;
2019-08-05 13:24:37 - [TEST_STEP][PASSED] - screenPath = screenPath + deviceName + "/" + productLine + "/" + carrierName + "/" + mydate + "/": null&#xD;
&#xD;
2019-08-05 13:24:37 - [TEST_STEP][PASSED] - println(screenPath): null&#xD;
&#xD;
2019-08-05 13:24:37 - [MESSAGE][PASSED] - Call Test Case 'Test Cases/mobileWeb/_include/get_screenPath' successfully&#xD;
&#xD;
2019-08-05 13:24:37 - [TEST_STEP][PASSED] - i = 0: null&#xD;
&#xD;
2019-08-05 13:24:37 - [TEST_STEP][PASSED] - callTestCase(findTestCase("mobileWeb/_include/openWebSite"), [:], CONTINUE_ON_FAILURE): Call Test Case 'Test Cases/mobileWeb/_include/openWebSite' successfully&#xD;
&#xD;
2019-08-05 13:24:37 - [TEST_CASE][PASSED] - Test Cases/mobileWeb/_include/openWebSite: Test Cases/mobileWeb/_include/openWebSite&#xD;
&#xD;
2019-08-05 13:24:37 - [TEST_STEP][PASSED] - openBrowser(env): Browser is opened with url: 'https://praetemptatus.agilehealthinsurance.com'&#xD;
&#xD;
2019-08-05 13:24:37 - [MESSAGE][WARNING] - A browser is already opened. Closing browser and opening a new one&#xD;
&#xD;
2019-08-05 13:24:38 - [MESSAGE][INFO] - Starting 'Chrome' driver&#xD;
&#xD;
2019-08-05 13:24:38 - [MESSAGE][INFO] - User set preference: ['mobileEmulation', '{deviceName=iPhone X}']&#xD;
&#xD;
2019-08-05 13:24:38 - [MESSAGE][INFO] - User set preference: ['args', '[--incognito, --aggressive-cache-discard, --no-sandbox, --window-size=375,812]']&#xD;
&#xD;
2019-08-05 13:24:44 - [MESSAGE][PASSED] - Browser is opened with url: 'https://praetemptatus.agilehealthinsurance.com'&#xD;
&#xD;
2019-08-05 13:24:44 - [TEST_STEP][PASSED] - waitForPageLoad(10): Wait for page load successfully&#xD;
&#xD;
2019-08-05 13:24:44 - [MESSAGE][PASSED] - Wait for page load successfully&#xD;
&#xD;
2019-08-05 13:24:44 - [TEST_STEP][PASSED] - callTestCase(findTestCase("mobileWeb/_include/get_screenshot"), [:], STOP_ON_FAILURE): Call Test Case 'Test Cases/mobileWeb/_include/get_screenshot' successfully&#xD;
&#xD;
2019-08-05 13:24:44 - [TEST_CASE][PASSED] - Test Cases/mobileWeb/_include/get_screenshot: Test Cases/mobileWeb/_include/get_screenshot&#xD;
&#xD;
2019-08-05 13:24:44 - [TEST_STEP][PASSED] - takeScreenshot(screenPath + i + ".png"): Taking screenshot successfully&#xD;
&#xD;
2019-08-05 13:24:47 - [MESSAGE][PASSED] - Taking screenshot successfully&#xD;
[[ATTACHMENT|D:\\Test\\AgileTest\\AgileTest\\Reports\\mobileWeb\\stm\\20190805_131400\\../Screenshots/iPhone X/stm/National General/20190805_132437/0.png]]&#xD;
&#xD;
2019-08-05 13:24:47 - [TEST_STEP][PASSED] - (internal.GlobalVariable.i++): null&#xD;
&#xD;
2019-08-05 13:24:47 - [MESSAGE][PASSED] - Call Test Case 'Test Cases/mobileWeb/_include/get_screenshot' successfully&#xD;
&#xD;
2019-08-05 13:24:47 - [MESSAGE][PASSED] - Call Test Case 'Test Cases/mobileWeb/_include/openWebSite' successfully&#xD;
&#xD;
2019-08-05 13:24:47 - [TEST_STEP][PASSED] - callTestCase(findTestCase("mobileWeb/_include/census_stm"), [:], CONTINUE_ON_FAILURE): Call Test Case 'Test Cases/mobileWeb/_include/census_stm' successfully&#xD;
&#xD;
2019-08-05 13:24:47 - [TEST_CASE][PASSED] - Test Cases/mobileWeb/_include/census_stm: Test Cases/mobileWeb/_include/census_stm&#xD;
&#xD;
2019-08-05 13:24:47 - [TEST_STEP][PASSED] - waitForElementClickable(findTestObject("mobileSanity/STM/Home Page/a_Quote  Save Today"), 10): Object 'Object Repository/mobileSanity/STM/Home Page/a_Quote  Save Today' is clickable&#xD;
&#xD;
2019-08-05 13:24:48 - [MESSAGE][PASSED] - Object 'Object Repository/mobileSanity/STM/Home Page/a_Quote  Save Today' is clickable&#xD;
&#xD;
2019-08-05 13:24:48 - [TEST_STEP][PASSED] - click(findTestObject("mobileSanity/STM/Home Page/a_Quote  Save Today")): Object: 'Object Repository/mobileSanity/STM/Home Page/a_Quote  Save Today' is clicked on&#xD;
&#xD;
2019-08-05 13:24:51 - [MESSAGE][PASSED] - Object: 'Object Repository/mobileSanity/STM/Home Page/a_Quote  Save Today' is clicked on&#xD;
&#xD;
2019-08-05 13:24:51 - [TEST_STEP][PASSED] - waitForPageLoad(10): Wait for page load successfully&#xD;
&#xD;
2019-08-05 13:24:51 - [MESSAGE][PASSED] - Wait for page load successfully&#xD;
&#xD;
2019-08-05 13:24:51 - [TEST_STEP][PASSED] - callTestCase(findTestCase("mobileWeb/_include/get_screenshot"), [:], STOP_ON_FAILURE): Call Test Case 'Test Cases/mobileWeb/_include/get_screenshot' successfully&#xD;
&#xD;
2019-08-05 13:24:51 - [TEST_CASE][PASSED] - Test Cases/mobileWeb/_include/get_screenshot: Test Cases/mobileWeb/_include/get_screenshot&#xD;
&#xD;
2019-08-05 13:24:51 - [TEST_STEP][PASSED] - takeScreenshot(screenPath + i + ".png"): Taking screenshot successfully&#xD;
&#xD;
2019-08-05 13:24:52 - [MESSAGE][PASSED] - Taking screenshot successfully&#xD;
[[ATTACHMENT|D:\\Test\\AgileTest\\AgileTest\\Reports\\mobileWeb\\stm\\20190805_131400\\../Screenshots/iPhone X/stm/National General/20190805_132437/1.png]]&#xD;
&#xD;
2019-08-05 13:24:52 - [TEST_STEP][PASSED] - (internal.GlobalVariable.i++): null&#xD;
&#xD;
2019-08-05 13:24:52 - [MESSAGE][PASSED] - Call Test Case 'Test Cases/mobileWeb/_include/get_screenshot' successfully&#xD;
&#xD;
2019-08-05 13:24:52 - [TEST_STEP][PASSED] - setText(findTestObject("mobileSanity/STM/STM Census Page/input_Location_zip-input"), zipcode): Text '35215' is set on object 'Object Repository/mobileSanity/STM/STM Census Page/input_Location_zip-input'&#xD;
&#xD;
2019-08-05 13:24:52 - [MESSAGE][PASSED] - Text '35215' is set on object 'Object Repository/mobileSanity/STM/STM Census Page/input_Location_zip-input'&#xD;
&#xD;
2019-08-05 13:24:52 - [TEST_STEP][PASSED] - Thread.sleep(500): null&#xD;
&#xD;
2019-08-05 13:24:53 - [TEST_STEP][PASSED] - setText(findTestObject("mobileSanity/STM/STM Census Page/input_Date of Birth_dob-0"), "03031987"): Text '03031987' is set on object 'Object Repository/mobileSanity/STM/STM Census Page/input_Date of Birth_dob-0'&#xD;
&#xD;
2019-08-05 13:24:53 - [MESSAGE][PASSED] - Text '03031987' is set on object 'Object Repository/mobileSanity/STM/STM Census Page/input_Date of Birth_dob-0'&#xD;
&#xD;
2019-08-05 13:24:53 - [TEST_STEP][PASSED] - click(findTestObject("mobileSanity/STM/STM Census Page/label_Male")): Object: 'Object Repository/mobileSanity/STM/STM Census Page/label_Male' is clicked on&#xD;
&#xD;
2019-08-05 13:24:53 - [MESSAGE][PASSED] - Object: 'Object Repository/mobileSanity/STM/STM Census Page/label_Male' is clicked on&#xD;
&#xD;
2019-08-05 13:24:53 - [TEST_STEP][PASSED] - click(findTestObject("mobileSanity/STM/STM Census Page/label_Compare Plans")): Object: 'Object Repository/mobileSanity/STM/STM Census Page/label_Compare Plans' is clicked on&#xD;
&#xD;
2019-08-05 13:24:54 - [MESSAGE][PASSED] - Object: 'Object Repository/mobileSanity/STM/STM Census Page/label_Compare Plans' is clicked on&#xD;
&#xD;
2019-08-05 13:24:54 - [TEST_STEP][PASSED] - waitForElementVisible(findTestObject("mobileSanity/STM/STM Quote Page/button_sort"), 20): Object 'Object Repository/mobileSanity/STM/STM Quote Page/button_sort' is visible&#xD;
&#xD;
2019-08-05 13:25:00 - [MESSAGE][PASSED] - Object 'Object Repository/mobileSanity/STM/STM Quote Page/button_sort' is visible&#xD;
&#xD;
2019-08-05 13:25:00 - [TEST_STEP][PASSED] - Thread.sleep(3000): null&#xD;
&#xD;
2019-08-05 13:25:03 - [TEST_STEP][PASSED] - callTestCase(findTestCase("mobileWeb/_include/get_screenshot"), [:], STOP_ON_FAILURE): Call Test Case 'Test Cases/mobileWeb/_include/get_screenshot' successfully&#xD;
&#xD;
2019-08-05 13:25:03 - [TEST_CASE][PASSED] - Test Cases/mobileWeb/_include/get_screenshot: Test Cases/mobileWeb/_include/get_screenshot&#xD;
&#xD;
2019-08-05 13:25:03 - [TEST_STEP][PASSED] - takeScreenshot(screenPath + i + ".png"): Taking screenshot successfully&#xD;
&#xD;
2019-08-05 13:25:04 - [MESSAGE][PASSED] - Taking screenshot successfully&#xD;
[[ATTACHMENT|D:\\Test\\AgileTest\\AgileTest\\Reports\\mobileWeb\\stm\\20190805_131400\\../Screenshots/iPhone X/stm/National General/20190805_132437/2.png]]&#xD;
&#xD;
2019-08-05 13:25:04 - [TEST_STEP][PASSED] - (internal.GlobalVariable.i++): null&#xD;
&#xD;
2019-08-05 13:25:04 - [MESSAGE][PASSED] - Call Test Case 'Test Cases/mobileWeb/_include/get_screenshot' successfully&#xD;
&#xD;
2019-08-05 13:25:04 - [TEST_STEP][PASSED] - Thread.sleep(1000): null&#xD;
&#xD;
2019-08-05 13:25:05 - [MESSAGE][PASSED] - Call Test Case 'Test Cases/mobileWeb/_include/census_stm' successfully&#xD;
&#xD;
2019-08-05 13:25:05 - [TEST_STEP][PASSED] - callTestCase(findTestCase("mobileWeb/_include/filter_stm"), ["carrier":"nationalgeneral"], STOP_ON_FAILURE): Call Test Case 'Test Cases/mobileWeb/_include/filter_stm' successfully&#xD;
&#xD;
2019-08-05 13:25:05 - [TEST_CASE][PASSED] - Test Cases/mobileWeb/_include/filter_stm: Test Cases/mobileWeb/_include/filter_stm&#xD;
&#xD;
2019-08-05 13:25:05 - [TEST_STEP][PASSED] - driver = getWebDriver(): null&#xD;
&#xD;
2019-08-05 13:25:05 - [TEST_STEP][PASSED] - selenium = new com.thoughtworks.selenium.webdriven.WebDriverBackedSelenium(driver, internal.GlobalVariable.ENV): null&#xD;
&#xD;
2019-08-05 13:25:05 - [TEST_STEP][PASSED] - Thread.sleep(1000): null&#xD;
&#xD;
2019-08-05 13:25:06 - [TEST_STEP][PASSED] - click(findTestObject("mobileSanity/STM/STM Quote Page/button_filters")): Object: 'Object Repository/mobileSanity/STM/STM Quote Page/button_filters' is clicked on&#xD;
&#xD;
2019-08-05 13:25:06 - [MESSAGE][PASSED] - Object: 'Object Repository/mobileSanity/STM/STM Quote Page/button_filters' is clicked on&#xD;
&#xD;
2019-08-05 13:25:06 - [TEST_STEP][PASSED] - Thread.sleep(1000): null&#xD;
&#xD;
2019-08-05 13:25:07 - [TEST_STEP][PASSED] - click(findTestObject("mobileSanity/STM/STM Quote Page/i_Insurance company")): Object: 'Object Repository/mobileSanity/STM/STM Quote Page/i_Insurance company' is clicked on&#xD;
&#xD;
2019-08-05 13:25:07 - [MESSAGE][PASSED] - Object: 'Object Repository/mobileSanity/STM/STM Quote Page/i_Insurance company' is clicked on&#xD;
&#xD;
2019-08-05 13:25:07 - [TEST_STEP][PASSED] - Thread.sleep(1000): null&#xD;
&#xD;
2019-08-05 13:25:08 - [TEST_STEP][PASSED] - filter_carrier = "//input[@name='filter[carrier]' and @value='" + carrier + "']/following::label": null&#xD;
&#xD;
2019-08-05 13:25:08 - [TEST_STEP][PASSED] - println(filter_carrier): null&#xD;
&#xD;
2019-08-05 13:25:08 - [TEST_STEP][PASSED] - test.MobileKeywords.clickJS_ByXpath(filter_carrier): test.MobileKeywords.clickJS_ByXpath is PASSED&#xD;
&#xD;
2019-08-05 13:25:08 - [MESSAGE][PASSED] - Execute JavaScript 'arguments[0].click()' successfully&#xD;
&#xD;
2019-08-05 13:25:08 - [MESSAGE][PASSED] - test.MobileKeywords.clickJS_ByXpath is PASSED&#xD;
&#xD;
2019-08-05 13:25:08 - [TEST_STEP][PASSED] - Thread.sleep(1000): null&#xD;
&#xD;
2019-08-05 13:25:09 - [TEST_STEP][PASSED] - scrollToElement(findTestObject("mobileSanity/STM/STM Quote Page/a_Show Plans"), 1000): Scroll to object 'Object Repository/mobileSanity/STM/STM Quote Page/a_Show Plans' successfully&#xD;
&#xD;
2019-08-05 13:25:09 - [MESSAGE][PASSED] - Scroll to object 'Object Repository/mobileSanity/STM/STM Quote Page/a_Show Plans' successfully&#xD;
&#xD;
2019-08-05 13:25:09 - [TEST_STEP][PASSED] - click(findTestObject("mobileSanity/STM/STM Quote Page/a_Show Plans")): Object: 'Object Repository/mobileSanity/STM/STM Quote Page/a_Show Plans' is clicked on&#xD;
&#xD;
2019-08-05 13:25:10 - [MESSAGE][PASSED] - Object: 'Object Repository/mobileSanity/STM/STM Quote Page/a_Show Plans' is clicked on&#xD;
&#xD;
2019-08-05 13:25:10 - [TEST_STEP][PASSED] - waitForJQueryLoad(10, STOP_ON_FAILURE): jQuery is ready.&#xD;
&#xD;
2019-08-05 13:25:10 - [MESSAGE][PASSED] - jQuery is ready.&#xD;
&#xD;
2019-08-05 13:25:10 - [TEST_STEP][PASSED] - Thread.sleep(2000): null&#xD;
&#xD;
2019-08-05 13:25:12 - [TEST_STEP][PASSED] - callTestCase(findTestCase("mobileWeb/_include/get_screenshot"), [:], STOP_ON_FAILURE): Call Test Case 'Test Cases/mobileWeb/_include/get_screenshot' successfully&#xD;
&#xD;
2019-08-05 13:25:12 - [TEST_CASE][PASSED] - Test Cases/mobileWeb/_include/get_screenshot: Test Cases/mobileWeb/_include/get_screenshot&#xD;
&#xD;
2019-08-05 13:25:12 - [TEST_STEP][PASSED] - takeScreenshot(screenPath + i + ".png"): Taking screenshot successfully&#xD;
&#xD;
2019-08-05 13:25:13 - [MESSAGE][PASSED] - Taking screenshot successfully&#xD;
[[ATTACHMENT|D:\\Test\\AgileTest\\AgileTest\\Reports\\mobileWeb\\stm\\20190805_131400\\../Screenshots/iPhone X/stm/National General/20190805_132437/3.png]]&#xD;
&#xD;
2019-08-05 13:25:13 - [TEST_STEP][PASSED] - (internal.GlobalVariable.i++): null&#xD;
&#xD;
2019-08-05 13:25:13 - [MESSAGE][PASSED] - Call Test Case 'Test Cases/mobileWeb/_include/get_screenshot' successfully&#xD;
&#xD;
2019-08-05 13:25:13 - [MESSAGE][PASSED] - Call Test Case 'Test Cases/mobileWeb/_include/filter_stm' successfully&#xD;
&#xD;
2019-08-05 13:25:13 - [TEST_STEP][PASSED] - callTestCase(findTestCase("mobileWeb/_include/goToDetail_stm"), ["carrier":"nationalgeneral"], STOP_ON_FAILURE): Call Test Case 'Test Cases/mobileWeb/_include/goToDetail_stm' successfully&#xD;
&#xD;
2019-08-05 13:25:13 - [TEST_CASE][PASSED] - Test Cases/mobileWeb/_include/goToDetail_stm: Test Cases/mobileWeb/_include/goToDetail_stm&#xD;
&#xD;
2019-08-05 13:25:13 - [TEST_STEP][PASSED] - driver = getWebDriver(): null&#xD;
&#xD;
2019-08-05 13:25:13 - [TEST_STEP][PASSED] - selenium = new com.thoughtworks.selenium.webdriven.WebDriverBackedSelenium(driver, internal.GlobalVariable.ENV): null&#xD;
&#xD;
2019-08-05 13:25:13 - [TEST_STEP][PASSED] - a_plan_name = "xpath=//a[contains(@href,'/term-health-insurance/plan/" + carrier + "')]": null&#xD;
&#xD;
2019-08-05 13:25:13 - [TEST_STEP][PASSED] - println(a_plan_name): null&#xD;
&#xD;
2019-08-05 13:25:13 - [TEST_STEP][PASSED] - selenium.click(a_plan_name): null&#xD;
&#xD;
2019-08-05 13:25:20 - [TEST_STEP][PASSED] - waitForPageLoad(10): Wait for page load successfully&#xD;
&#xD;
2019-08-05 13:25:21 - [MESSAGE][PASSED] - Wait for page load successfully&#xD;
&#xD;
2019-08-05 13:25:21 - [TEST_STEP][PASSED] - Thread.sleep(2000): null&#xD;
&#xD;
2019-08-05 13:25:23 - [TEST_STEP][PASSED] - callTestCase(findTestCase("mobileWeb/_include/get_screenshot"), [:], STOP_ON_FAILURE): Call Test Case 'Test Cases/mobileWeb/_include/get_screenshot' successfully&#xD;
&#xD;
2019-08-05 13:25:23 - [TEST_CASE][PASSED] - Test Cases/mobileWeb/_include/get_screenshot: Test Cases/mobileWeb/_include/get_screenshot&#xD;
&#xD;
2019-08-05 13:25:23 - [TEST_STEP][PASSED] - takeScreenshot(screenPath + i + ".png"): Taking screenshot successfully&#xD;
&#xD;
2019-08-05 13:25:23 - [MESSAGE][PASSED] - Taking screenshot successfully&#xD;
[[ATTACHMENT|D:\\Test\\AgileTest\\AgileTest\\Reports\\mobileWeb\\stm\\20190805_131400\\../Screenshots/iPhone X/stm/National General/20190805_132437/4.png]]&#xD;
&#xD;
2019-08-05 13:25:23 - [TEST_STEP][PASSED] - (internal.GlobalVariable.i++): null&#xD;
&#xD;
2019-08-05 13:25:23 - [MESSAGE][PASSED] - Call Test Case 'Test Cases/mobileWeb/_include/get_screenshot' successfully&#xD;
&#xD;
2019-08-05 13:25:23 - [MESSAGE][PASSED] - Call Test Case 'Test Cases/mobileWeb/_include/goToDetail_stm' successfully&#xD;
&#xD;
2019-08-05 13:25:23 - [TEST_STEP][PASSED] - callTestCase(findTestCase("mobileWeb/_include/apply_stm"), [:], STOP_ON_FAILURE): Call Test Case 'Test Cases/mobileWeb/_include/apply_stm' successfully&#xD;
&#xD;
2019-08-05 13:25:23 - [TEST_CASE][PASSED] - Test Cases/mobileWeb/_include/apply_stm: Test Cases/mobileWeb/_include/apply_stm&#xD;
&#xD;
2019-08-05 13:25:23 - [TEST_STEP][PASSED] - waitForElementVisible(findTestObject("mobileSanity/STM/STM PlanDetail Page/a_Apply for This Plan"), 5): Object 'Object Repository/mobileSanity/STM/STM PlanDetail Page/a_Apply for This Plan' is visible&#xD;
&#xD;
2019-08-05 13:25:23 - [MESSAGE][PASSED] - Object 'Object Repository/mobileSanity/STM/STM PlanDetail Page/a_Apply for This Plan' is visible&#xD;
&#xD;
2019-08-05 13:25:23 - [TEST_STEP][PASSED] - click(findTestObject("mobileSanity/STM/STM PlanDetail Page/a_Apply for This Plan")): Object: 'Object Repository/mobileSanity/STM/STM PlanDetail Page/a_Apply for This Plan' is clicked on&#xD;
&#xD;
2019-08-05 13:25:25 - [MESSAGE][PASSED] - Object: 'Object Repository/mobileSanity/STM/STM PlanDetail Page/a_Apply for This Plan' is clicked on&#xD;
&#xD;
2019-08-05 13:25:25 - [TEST_STEP][PASSED] - waitForPageLoad(10): Wait for page load successfully&#xD;
&#xD;
2019-08-05 13:25:25 - [MESSAGE][PASSED] - Wait for page load successfully&#xD;
&#xD;
2019-08-05 13:25:25 - [TEST_STEP][PASSED] - Thread.sleep(2000): null&#xD;
&#xD;
2019-08-05 13:25:27 - [TEST_STEP][PASSED] - callTestCase(findTestCase("mobileWeb/_include/get_screenshot"), [:], STOP_ON_FAILURE): Call Test Case 'Test Cases/mobileWeb/_include/get_screenshot' successfully&#xD;
&#xD;
2019-08-05 13:25:27 - [TEST_CASE][PASSED] - Test Cases/mobileWeb/_include/get_screenshot: Test Cases/mobileWeb/_include/get_screenshot&#xD;
&#xD;
2019-08-05 13:25:27 - [TEST_STEP][PASSED] - takeScreenshot(screenPath + i + ".png"): Taking screenshot successfully&#xD;
&#xD;
2019-08-05 13:25:28 - [MESSAGE][PASSED] - Taking screenshot successfully&#xD;
[[ATTACHMENT|D:\\Test\\AgileTest\\AgileTest\\Reports\\mobileWeb\\stm\\20190805_131400\\../Screenshots/iPhone X/stm/National General/20190805_132437/5.png]]&#xD;
&#xD;
2019-08-05 13:25:28 - [TEST_STEP][PASSED] - (internal.GlobalVariable.i++): null&#xD;
&#xD;
2019-08-05 13:25:28 - [MESSAGE][PASSED] - Call Test Case 'Test Cases/mobileWeb/_include/get_screenshot' successfully&#xD;
&#xD;
2019-08-05 13:25:28 - [TEST_STEP][PASSED] - waitForElementVisible(findTestObject("mobileSanity/STM/STM Apply Page/a_Start Secure Application"), 5): Object 'Object Repository/mobileSanity/STM/STM Apply Page/a_Start Secure Application' is visible&#xD;
&#xD;
2019-08-05 13:25:28 - [MESSAGE][PASSED] - Object 'Object Repository/mobileSanity/STM/STM Apply Page/a_Start Secure Application' is visible&#xD;
&#xD;
2019-08-05 13:25:28 - [TEST_STEP][PASSED] - click(findTestObject("mobileSanity/STM/STM Apply Page/a_Start Secure Application")): Object: 'Object Repository/mobileSanity/STM/STM Apply Page/a_Start Secure Application' is clicked on&#xD;
&#xD;
2019-08-05 13:25:29 - [MESSAGE][PASSED] - Object: 'Object Repository/mobileSanity/STM/STM Apply Page/a_Start Secure Application' is clicked on&#xD;
&#xD;
2019-08-05 13:25:29 - [TEST_STEP][PASSED] - waitForPageLoad(20): Wait for page load successfully&#xD;
&#xD;
2019-08-05 13:25:30 - [MESSAGE][PASSED] - Wait for page load successfully&#xD;
&#xD;
2019-08-05 13:25:30 - [TEST_STEP][PASSED] - Thread.sleep(2000): null&#xD;
&#xD;
2019-08-05 13:25:32 - [TEST_STEP][PASSED] - callTestCase(findTestCase("mobileWeb/_include/get_screenshot"), [:], STOP_ON_FAILURE): Call Test Case 'Test Cases/mobileWeb/_include/get_screenshot' successfully&#xD;
&#xD;
2019-08-05 13:25:32 - [TEST_CASE][PASSED] - Test Cases/mobileWeb/_include/get_screenshot: Test Cases/mobileWeb/_include/get_screenshot&#xD;
&#xD;
2019-08-05 13:25:32 - [TEST_STEP][PASSED] - takeScreenshot(screenPath + i + ".png"): Taking screenshot successfully&#xD;
&#xD;
2019-08-05 13:25:32 - [MESSAGE][PASSED] - Taking screenshot successfully&#xD;
[[ATTACHMENT|D:\\Test\\AgileTest\\AgileTest\\Reports\\mobileWeb\\stm\\20190805_131400\\../Screenshots/iPhone X/stm/National General/20190805_132437/6.png]]&#xD;
&#xD;
2019-08-05 13:25:32 - [TEST_STEP][PASSED] - (internal.GlobalVariable.i++): null&#xD;
&#xD;
2019-08-05 13:25:32 - [MESSAGE][PASSED] - Call Test Case 'Test Cases/mobileWeb/_include/get_screenshot' successfully&#xD;
&#xD;
2019-08-05 13:25:32 - [MESSAGE][PASSED] - Call Test Case 'Test Cases/mobileWeb/_include/apply_stm' successfully&#xD;
&#xD;
2019-08-05 13:25:32 - [TEST_STEP][FAILED] - callTestCase(findTestCase("mobileWeb/_include/goToEnd_stm_autofill"), [:], STOP_ON_FAILURE): Unable to call Test Case 'Test Cases/mobileWeb/_include/goToEnd_stm_autofill' (Root cause: com.kms.katalon.core.exception.StepFailedException: Call Test Case 'Test Cases/mobileWeb/_include/goToEnd_stm_autofill' failed&#xD;
	at com.kms.katalon.core.keyword.builtin.CallTestCaseKeyword$_callTestCase_closure1.doCall(CallTestCaseKeyword.groovy:63)&#xD;
	at com.kms.katalon.core.keyword.builtin.CallTestCaseKeyword$_callTestCase_closure1.call(CallTestCaseKeyword.groovy)&#xD;
	at com.kms.katalon.core.keyword.internal.KeywordMain.runKeyword(KeywordMain.groovy:68)&#xD;
	at com.kms.katalon.core.keyword.builtin.CallTestCaseKeyword.callTestCase(CallTestCaseKeyword.groovy:81)&#xD;
	at com.kms.katalon.core.keyword.builtin.CallTestCaseKeyword.execute(CallTestCaseKeyword.groovy:44)&#xD;
	at com.kms.katalon.core.keyword.internal.KeywordExecutor.executeKeywordForPlatform(KeywordExecutor.groovy:56)&#xD;
	at com.kms.katalon.core.keyword.BuiltinKeywords.callTestCase(BuiltinKeywords.groovy:334)&#xD;
	at NationalGeneral.run(NationalGeneral:31)&#xD;
	at com.kms.katalon.core.main.ScriptEngine.run(ScriptEngine.java:194)&#xD;
	at com.kms.katalon.core.main.ScriptEngine.runScriptAsRawText(ScriptEngine.java:119)&#xD;
	at com.kms.katalon.core.main.TestCaseExecutor.runScript(TestCaseExecutor.java:337)&#xD;
	at com.kms.katalon.core.main.TestCaseExecutor.doExecute(TestCaseExecutor.java:328)&#xD;
	at com.kms.katalon.core.main.TestCaseExecutor.processExecutionPhase(TestCaseExecutor.java:307)&#xD;
	at com.kms.katalon.core.main.TestCaseExecutor.accessMainPhase(TestCaseExecutor.java:299)&#xD;
	at com.kms.katalon.core.main.TestCaseExecutor.execute(TestCaseExecutor.java:233)&#xD;
	at com.kms.katalon.core.main.TestSuiteExecutor.accessTestCaseMainPhase(TestSuiteExecutor.java:133)&#xD;
	at com.kms.katalon.core.main.TestSuiteExecutor.accessTestSuiteMainPhase(TestSuiteExecutor.java:116)&#xD;
	at com.kms.katalon.core.main.TestSuiteExecutor.execute(TestSuiteExecutor.java:83)&#xD;
	at com.kms.katalon.core.main.TestCaseMain.startTestSuite(TestCaseMain.java:157)&#xD;
	at com.kms.katalon.core.main.TestCaseMain$startTestSuite$0.call(Unknown Source)&#xD;
	at TempTestSuite1564982040506.run(TempTestSuite1564982040506.groovy:35)&#xD;
Caused by: com.kms.katalon.core.exception.StepFailedException: Unable to clear text of object 'Object Repository/mobileSanity/STM/Page_App Page 3/input__credit-card-cvv'&#xD;
	at com.kms.katalon.core.webui.keyword.internal.WebUIKeywordMain.stepFailed(WebUIKeywordMain.groovy:64)&#xD;
	at com.kms.katalon.core.webui.keyword.internal.WebUIKeywordMain.runKeyword(WebUIKeywordMain.groovy:42)&#xD;
	at com.kms.katalon.core.webui.keyword.builtin.ClearTextKeyword.clearText(ClearTextKeyword.groovy:61)&#xD;
	at com.kms.katalon.core.webui.keyword.builtin.ClearTextKeyword.execute(ClearTextKeyword.groovy:34)&#xD;
	at com.kms.katalon.core.keyword.internal.KeywordExecutor.executeKeywordForPlatform(KeywordExecutor.groovy:56)&#xD;
	at com.kms.katalon.core.webui.keyword.WebUiBuiltInKeywords.clearText(WebUiBuiltInKeywords.groovy:3817)&#xD;
	at com.kms.katalon.core.webui.keyword.WebUiBuiltInKeywords$clearText$10.call(Unknown Source)&#xD;
	at goToEnd_stm_autofill.run(goToEnd_stm_autofill:69)&#xD;
	at com.kms.katalon.core.main.ScriptEngine.run(ScriptEngine.java:194)&#xD;
	at com.kms.katalon.core.main.ScriptEngine.runScriptAsRawText(ScriptEngine.java:119)&#xD;
	at com.kms.katalon.core.main.TestCaseExecutor.runScript(TestCaseExecutor.java:337)&#xD;
	at com.kms.katalon.core.main.TestCaseExecutor.doExecute(TestCaseExecutor.java:328)&#xD;
	at com.kms.katalon.core.main.TestCaseExecutor.processExecutionPhase(TestCaseExecutor.java:307)&#xD;
	at com.kms.katalon.core.main.TestCaseExecutor.accessMainPhase(TestCaseExecutor.java:299)&#xD;
	at com.kms.katalon.core.main.TestCaseExecutor.execute(TestCaseExecutor.java:233)&#xD;
	at com.kms.katalon.core.main.TestCaseMain.runTestCase(TestCaseMain.java:114)&#xD;
	at com.kms.katalon.core.keyword.builtin.CallTestCaseKeyword$_callTestCase_closure1.doCall(CallTestCaseKeyword.groovy:59)&#xD;
	... 20 more&#xD;
Caused by: com.kms.katalon.core.webui.exception.WebElementNotFoundException: Web element with id: 'Object Repository/mobileSanity/STM/Page_App Page 3/input__credit-card-cvv' located by 'By.xpath: id("credit-card-cvv")[count(. | //input[@type = 'text' and @id = 'credit-card-cvv']) = count(//input[@type = 'text' and @id = 'credit-card-cvv'])]' not found&#xD;
	at com.kms.katalon.core.webui.common.WebUiCommonHelper.findWebElement(WebUiCommonHelper.java:1097)&#xD;
	at com.kms.katalon.core.webui.keyword.internal.WebUIAbstractKeyword.findWebElement(WebUIAbstractKeyword.groovy:27)&#xD;
	at com.kms.katalon.core.webui.keyword.internal.WebUIAbstractKeyword.findWebElement(WebUIAbstractKeyword.groovy:26)&#xD;
	at com.kms.katalon.core.webui.keyword.builtin.ClearTextKeyword$_clearText_closure1.doCall(ClearTextKeyword.groovy:44)&#xD;
	at com.kms.katalon.core.webui.keyword.builtin.ClearTextKeyword$_clearText_closure1.call(ClearTextKeyword.groovy)&#xD;
	at com.kms.katalon.core.webui.keyword.internal.WebUIKeywordMain.runKeyword(WebUIKeywordMain.groovy:33)&#xD;
	... 35 more&#xD;
)&#xD;
&#xD;
2019-08-05 13:25:33 - [TEST_CASE][FAILED] - Test Cases/mobileWeb/_include/goToEnd_stm_autofill: Test Cases/mobileWeb/_include/goToEnd_stm_autofill FAILED.
Reason:
com.kms.katalon.core.exception.StepFailedException: Unable to clear text of object 'Object Repository/mobileSanity/STM/Page_App Page 3/input__credit-card-cvv'&#xD;
	at com.kms.katalon.core.webui.keyword.internal.WebUIKeywordMain.stepFailed(WebUIKeywordMain.groovy:64)&#xD;
	at com.kms.katalon.core.webui.keyword.internal.WebUIKeywordMain.runKeyword(WebUIKeywordMain.groovy:42)&#xD;
	at com.kms.katalon.core.webui.keyword.builtin.ClearTextKeyword.clearText(ClearTextKeyword.groovy:61)&#xD;
	at com.kms.katalon.core.webui.keyword.builtin.ClearTextKeyword.execute(ClearTextKeyword.groovy:34)&#xD;
	at com.kms.katalon.core.keyword.internal.KeywordExecutor.executeKeywordForPlatform(KeywordExecutor.groovy:56)&#xD;
	at com.kms.katalon.core.webui.keyword.WebUiBuiltInKeywords.clearText(WebUiBuiltInKeywords.groovy:3817)&#xD;
	at com.kms.katalon.core.webui.keyword.WebUiBuiltInKeywords$clearText$10.call(Unknown Source)&#xD;
	at goToEnd_stm_autofill.run(goToEnd_stm_autofill:69)&#xD;
	at com.kms.katalon.core.main.ScriptEngine.run(ScriptEngine.java:194)&#xD;
	at com.kms.katalon.core.main.ScriptEngine.runScriptAsRawText(ScriptEngine.java:119)&#xD;
	at com.kms.katalon.core.main.TestCaseExecutor.runScript(TestCaseExecutor.java:337)&#xD;
	at com.kms.katalon.core.main.TestCaseExecutor.doExecute(TestCaseExecutor.java:328)&#xD;
	at com.kms.katalon.core.main.TestCaseExecutor.processExecutionPhase(TestCaseExecutor.java:307)&#xD;
	at com.kms.katalon.core.main.TestCaseExecutor.accessMainPhase(TestCaseExecutor.java:299)&#xD;
	at com.kms.katalon.core.main.TestCaseExecutor.execute(TestCaseExecutor.java:233)&#xD;
	at com.kms.katalon.core.main.TestCaseMain.runTestCase(TestCaseMain.java:114)&#xD;
	at com.kms.katalon.core.keyword.builtin.CallTestCaseKeyword$_callTestCase_closure1.doCall(CallTestCaseKeyword.groovy:59)&#xD;
	at com.kms.katalon.core.keyword.builtin.CallTestCaseKeyword$_callTestCase_closure1.call(CallTestCaseKeyword.groovy)&#xD;
	at com.kms.katalon.core.keyword.internal.KeywordMain.runKeyword(KeywordMain.groovy:68)&#xD;
	at com.kms.katalon.core.keyword.builtin.CallTestCaseKeyword.callTestCase(CallTestCaseKeyword.groovy:81)&#xD;
	at com.kms.katalon.core.keyword.builtin.CallTestCaseKeyword.execute(CallTestCaseKeyword.groovy:44)&#xD;
	at com.kms.katalon.core.keyword.internal.KeywordExecutor.executeKeywordForPlatform(KeywordExecutor.groovy:56)&#xD;
	at com.kms.katalon.core.keyword.BuiltinKeywords.callTestCase(BuiltinKeywords.groovy:334)&#xD;
	at NationalGeneral.run(NationalGeneral:31)&#xD;
	at com.kms.katalon.core.main.ScriptEngine.run(ScriptEngine.java:194)&#xD;
	at com.kms.katalon.core.main.ScriptEngine.runScriptAsRawText(ScriptEngine.java:119)&#xD;
	at com.kms.katalon.core.main.TestCaseExecutor.runScript(TestCaseExecutor.java:337)&#xD;
	at com.kms.katalon.core.main.TestCaseExecutor.doExecute(TestCaseExecutor.java:328)&#xD;
	at com.kms.katalon.core.main.TestCaseExecutor.processExecutionPhase(TestCaseExecutor.java:307)&#xD;
	at com.kms.katalon.core.main.TestCaseExecutor.accessMainPhase(TestCaseExecutor.java:299)&#xD;
	at com.kms.katalon.core.main.TestCaseExecutor.execute(TestCaseExecutor.java:233)&#xD;
	at com.kms.katalon.core.main.TestSuiteExecutor.accessTestCaseMainPhase(TestSuiteExecutor.java:133)&#xD;
	at com.kms.katalon.core.main.TestSuiteExecutor.accessTestSuiteMainPhase(TestSuiteExecutor.java:116)&#xD;
	at com.kms.katalon.core.main.TestSuiteExecutor.execute(TestSuiteExecutor.java:83)&#xD;
	at com.kms.katalon.core.main.TestCaseMain.startTestSuite(TestCaseMain.java:157)&#xD;
	at com.kms.katalon.core.main.TestCaseMain$startTestSuite$0.call(Unknown Source)&#xD;
	at TempTestSuite1564982040506.run(TempTestSuite1564982040506.groovy:35)&#xD;
Caused by: com.kms.katalon.core.webui.exception.WebElementNotFoundException: Web element with id: 'Object Repository/mobileSanity/STM/Page_App Page 3/input__credit-card-cvv' located by 'By.xpath: id("credit-card-cvv")[count(. | //input[@type = 'text' and @id = 'credit-card-cvv']) = count(//input[@type = 'text' and @id = 'credit-card-cvv'])]' not found&#xD;
	at com.kms.katalon.core.webui.common.WebUiCommonHelper.findWebElement(WebUiCommonHelper.java:1097)&#xD;
	at com.kms.katalon.core.webui.keyword.internal.WebUIAbstractKeyword.findWebElement(WebUIAbstractKeyword.groovy:27)&#xD;
	at com.kms.katalon.core.webui.keyword.internal.WebUIAbstractKeyword.findWebElement(WebUIAbstractKeyword.groovy:26)&#xD;
	at com.kms.katalon.core.webui.keyword.builtin.ClearTextKeyword$_clearText_closure1.doCall(ClearTextKeyword.groovy:44)&#xD;
	at com.kms.katalon.core.webui.keyword.builtin.ClearTextKeyword$_clearText_closure1.call(ClearTextKeyword.groovy)&#xD;
	at com.kms.katalon.core.webui.keyword.internal.WebUIKeywordMain.runKeyword(WebUIKeywordMain.groovy:33)&#xD;
	... 35 more&#xD;
&#xD;
&#xD;
2019-08-05 13:25:33 - [TEST_STEP][PASSED] - callTestCase(findTestCase("mobileWeb/_include/name"), [:], CONTINUE_ON_FAILURE): Call Test Case 'Test Cases/mobileWeb/_include/name' successfully&#xD;
&#xD;
2019-08-05 13:25:33 - [TEST_CASE][PASSED] - Test Cases/mobileWeb/_include/name: Test Cases/mobileWeb/_include/name&#xD;
&#xD;
2019-08-05 13:25:33 - [TEST_STEP][PASSED] - driver = getWebDriver(): null&#xD;
&#xD;
2019-08-05 13:25:33 - [TEST_STEP][PASSED] - selenium = new com.thoughtworks.selenium.webdriven.WebDriverBackedSelenium(driver, internal.GlobalVariable.ENV): null&#xD;
&#xD;
2019-08-05 13:25:33 - [TEST_STEP][PASSED] - FirstName = "Test-123": null&#xD;
&#xD;
2019-08-05 13:25:33 - [TEST_STEP][PASSED] - LastName = selenium.getEval("{var x="ABCDEFGHIJKLMNOPQRSTUVWXYZabcdefghijklmnopqrstuvwxyz"; var tmp="ZZ11-"; for (i=0;i&lt;8;i++) tmp+=x.charAt(Math.ceil(51*Math.random()));tmp;}"): null&#xD;
&#xD;
2019-08-05 13:25:33 - [TEST_STEP][PASSED] - Address = selenium.getEval("{var x="ABCDEFGHIJKLMNOPQRSTUVWXYZabcdefghijklmnopqrstuvwxyz"; var tmp=""; for (i=0;i&lt;8;i++) tmp+=x.charAt(Math.ceil(51*Math.random()));tmp;}"): null&#xD;
&#xD;
2019-08-05 13:25:33 - [TEST_STEP][PASSED] - City = selenium.getEval("{var x="ABCDEFGHIJKLMNOPQRSTUVWXYZabcdefghijklmnopqrstuvwxyz"; var tmp=""; for (i=0;i&lt;8;i++) tmp+=x.charAt(Math.ceil(51*Math.random()));tmp;}"): null&#xD;
&#xD;
2019-08-05 13:25:33 - [TEST_STEP][PASSED] - tel1 = selenium.getEval("{var x="123456789"; var tmp=""; for (i=0;i&lt;3;i++) tmp+=x.charAt(Math.ceil(8*Math.random()));tmp;}"): null&#xD;
&#xD;
2019-08-05 13:25:33 - [TEST_STEP][PASSED] - tel2 = selenium.getEval("{var x="123456789"; var tmp=""; for (i=0;i&lt;3;i++) tmp+=x.charAt(Math.ceil(8*Math.random()));tmp;}"): null&#xD;
&#xD;
2019-08-05 13:25:33 - [TEST_STEP][PASSED] - tel3 = selenium.getEval("{var x="123456789"; var tmp=""; for (i=0;i&lt;4;i++) tmp+=x.charAt(Math.ceil(8*Math.random()));tmp;}"): null&#xD;
&#xD;
2019-08-05 13:25:33 - [TEST_STEP][PASSED] - Tel = selenium.getExpression(tel1 + "-" + tel2 + "-" + tel3): null&#xD;
&#xD;
2019-08-05 13:25:33 - [TEST_STEP][PASSED] - AutoEmail = selenium.getEval("{var x="ABCDEFGHIJKLMNOPQRSTUVWXYZabcdefghijklmnopqrstuvwxyz"; var tmp="test."; for (i=0;i&lt;8;i++) tmp+=x.charAt(Math.ceil(51*Math.random()));tmp+="@suryani.cn";}"): null&#xD;
&#xD;
2019-08-05 13:25:33 - [TEST_STEP][PASSED] - FirstName = FirstName: null&#xD;
&#xD;
2019-08-05 13:25:33 - [TEST_STEP][PASSED] - LastName = LastName: null&#xD;
&#xD;
2019-08-05 13:25:33 - [TEST_STEP][PASSED] - Address = Address: null&#xD;
&#xD;
2019-08-05 13:25:33 - [TEST_STEP][PASSED] - City = City: null&#xD;
&#xD;
2019-08-05 13:25:33 - [TEST_STEP][PASSED] - Tel = Tel: null&#xD;
&#xD;
2019-08-05 13:25:33 - [TEST_STEP][PASSED] - AutoEmail = AutoEmail: null&#xD;
&#xD;
2019-08-05 13:25:33 - [TEST_STEP][PASSED] - println(FirstName): null&#xD;
&#xD;
2019-08-05 13:25:33 - [TEST_STEP][PASSED] - println(LastName): null&#xD;
&#xD;
2019-08-05 13:25:33 - [TEST_STEP][PASSED] - println(Address): null&#xD;
&#xD;
2019-08-05 13:25:33 - [TEST_STEP][PASSED] - println(City): null&#xD;
&#xD;
2019-08-05 13:25:33 - [TEST_STEP][PASSED] - println(Tel): null&#xD;
&#xD;
2019-08-05 13:25:33 - [TEST_STEP][PASSED] - println(AutoEmail): null&#xD;
&#xD;
2019-08-05 13:25:33 - [MESSAGE][PASSED] - Call Test Case 'Test Cases/mobileWeb/_include/name' successfully&#xD;
&#xD;
2019-08-05 13:25:33 - [TEST_STEP][PASSED] - try: Call Test Case 'Test Cases/mobileWeb/_include/get_screenshot' successfully&#xD;
&#xD;
2019-08-05 13:25:33 - [TEST_STEP][PASSED] - if (verifyTextPresent("Month Duration Acknowledgement", false)): Call Test Case 'Test Cases/mobileWeb/_include/get_screenshot' successfully&#xD;
&#xD;
2019-08-05 13:25:33 - [MESSAGE][PASSED] - Text 'Month Duration Acknowledgement' is present on page &#xD;
&#xD;
2019-08-05 13:25:33 - [TEST_STEP][PASSED] - click(findTestObject("mobileSanity/STM/Page_App Page 1/label_By checking this box I u")): Object: 'Object Repository/mobileSanity/STM/Page_App Page 1/label_By checking this box I u' is clicked on&#xD;
&#xD;
2019-08-05 13:25:33 - [MESSAGE][PASSED] - Object: 'Object Repository/mobileSanity/STM/Page_App Page 1/label_By checking this box I u' is clicked on&#xD;
&#xD;
2019-08-05 13:25:33 - [TEST_STEP][PASSED] - click(findTestObject("mobileSanity/STM/Page_App Page 1/button_Continue to Application")): Object: 'Object Repository/mobileSanity/STM/Page_App Page 1/button_Continue to Application' is clicked on&#xD;
&#xD;
2019-08-05 13:25:36 - [MESSAGE][PASSED] - Object: 'Object Repository/mobileSanity/STM/Page_App Page 1/button_Continue to Application' is clicked on&#xD;
&#xD;
2019-08-05 13:25:36 - [TEST_STEP][PASSED] - waitForPageLoad(20): Wait for page load successfully&#xD;
&#xD;
2019-08-05 13:25:36 - [MESSAGE][PASSED] - Wait for page load successfully&#xD;
&#xD;
2019-08-05 13:25:36 - [TEST_STEP][PASSED] - Thread.sleep(5000): null&#xD;
&#xD;
2019-08-05 13:25:41 - [TEST_STEP][PASSED] - callTestCase(findTestCase("mobileWeb/_include/get_screenshot"), [:], STOP_ON_FAILURE): Call Test Case 'Test Cases/mobileWeb/_include/get_screenshot' successfully&#xD;
&#xD;
2019-08-05 13:25:41 - [TEST_CASE][PASSED] - Test Cases/mobileWeb/_include/get_screenshot: Test Cases/mobileWeb/_include/get_screenshot&#xD;
&#xD;
2019-08-05 13:25:41 - [TEST_STEP][PASSED] - takeScreenshot(screenPath + i + ".png"): Taking screenshot successfully&#xD;
&#xD;
2019-08-05 13:25:42 - [MESSAGE][PASSED] - Taking screenshot successfully&#xD;
[[ATTACHMENT|D:\\Test\\AgileTest\\AgileTest\\Reports\\mobileWeb\\stm\\20190805_131400\\../Screenshots/iPhone X/stm/National General/20190805_132437/7.png]]&#xD;
&#xD;
2019-08-05 13:25:42 - [TEST_STEP][PASSED] - (internal.GlobalVariable.i++): null&#xD;
&#xD;
2019-08-05 13:25:42 - [MESSAGE][PASSED] - Call Test Case 'Test Cases/mobileWeb/_include/get_screenshot' successfully&#xD;
&#xD;
2019-08-05 13:25:42 - [TEST_STEP][PASSED] - waitForPageLoad(10): Wait for page load successfully&#xD;
&#xD;
2019-08-05 13:25:42 - [MESSAGE][PASSED] - Wait for page load successfully&#xD;
&#xD;
2019-08-05 13:25:42 - [TEST_STEP][PASSED] - Thread.sleep(3000): null&#xD;
&#xD;
2019-08-05 13:25:45 - [TEST_STEP][PASSED] - waitForElementVisible(findTestObject("mobileSanity/STM/Page_App Page 1/a_Autofill App Info"), 20): Object 'Object Repository/mobileSanity/STM/Page_App Page 1/a_Autofill App Info' is visible&#xD;
&#xD;
2019-08-05 13:25:45 - [MESSAGE][PASSED] - Object 'Object Repository/mobileSanity/STM/Page_App Page 1/a_Autofill App Info' is visible&#xD;
&#xD;
2019-08-05 13:25:45 - [TEST_STEP][PASSED] - click(findTestObject("mobileSanity/STM/Page_App Page 1/a_Autofill App Info")): Object: 'Object Repository/mobileSanity/STM/Page_App Page 1/a_Autofill App Info' is clicked on&#xD;
&#xD;
2019-08-05 13:25:45 - [MESSAGE][PASSED] - Object: 'Object Repository/mobileSanity/STM/Page_App Page 1/a_Autofill App Info' is clicked on&#xD;
&#xD;
2019-08-05 13:25:45 - [TEST_STEP][PASSED] - Thread.sleep(1000): null&#xD;
&#xD;
2019-08-05 13:25:46 - [TEST_STEP][PASSED] - click(findTestObject("mobileSanity/STM/Page_App Page 1/a_Autofill App Info")): Object: 'Object Repository/mobileSanity/STM/Page_App Page 1/a_Autofill App Info' is clicked on&#xD;
&#xD;
2019-08-05 13:25:46 - [MESSAGE][PASSED] - Object: 'Object Repository/mobileSanity/STM/Page_App Page 1/a_Autofill App Info' is clicked on&#xD;
&#xD;
2019-08-05 13:25:46 - [TEST_STEP][PASSED] - Thread.sleep(1000): null&#xD;
&#xD;
2019-08-05 13:25:47 - [TEST_STEP][PASSED] - waitForElementVisible(findTestObject("mobileSanity/STM/Page_App Page 1/a_Continue"), 20): Object 'Object Repository/mobileSanity/STM/Page_App Page 1/a_Continue' is visible&#xD;
&#xD;
2019-08-05 13:25:47 - [MESSAGE][PASSED] - Object 'Object Repository/mobileSanity/STM/Page_App Page 1/a_Continue' is visible&#xD;
&#xD;
2019-08-05 13:25:47 - [TEST_STEP][PASSED] - click(findTestObject("mobileSanity/STM/Page_App Page 1/a_Continue")): Object: 'Object Repository/mobileSanity/STM/Page_App Page 1/a_Continue' is clicked on&#xD;
&#xD;
2019-08-05 13:25:47 - [MESSAGE][PASSED] - Object: 'Object Repository/mobileSanity/STM/Page_App Page 1/a_Continue' is clicked on&#xD;
&#xD;
2019-08-05 13:25:47 - [TEST_STEP][PASSED] - waitForPageLoad(10): Wait for page load successfully&#xD;
&#xD;
2019-08-05 13:25:47 - [MESSAGE][PASSED] - Wait for page load successfully&#xD;
&#xD;
2019-08-05 13:25:47 - [TEST_STEP][PASSED] - Thread.sleep(2000): null&#xD;
&#xD;
2019-08-05 13:25:49 - [TEST_STEP][PASSED] - callTestCase(findTestCase("mobileWeb/_include/get_screenshot"), [:], STOP_ON_FAILURE): Call Test Case 'Test Cases/mobileWeb/_include/get_screenshot' successfully&#xD;
&#xD;
2019-08-05 13:25:49 - [TEST_CASE][PASSED] - Test Cases/mobileWeb/_include/get_screenshot: Test Cases/mobileWeb/_include/get_screenshot&#xD;
&#xD;
2019-08-05 13:25:49 - [TEST_STEP][PASSED] - takeScreenshot(screenPath + i + ".png"): Taking screenshot successfully&#xD;
&#xD;
2019-08-05 13:25:50 - [MESSAGE][PASSED] - Taking screenshot successfully&#xD;
[[ATTACHMENT|D:\\Test\\AgileTest\\AgileTest\\Reports\\mobileWeb\\stm\\20190805_131400\\../Screenshots/iPhone X/stm/National General/20190805_132437/8.png]]&#xD;
&#xD;
2019-08-05 13:25:50 - [TEST_STEP][PASSED] - (internal.GlobalVariable.i++): null&#xD;
&#xD;
2019-08-05 13:25:50 - [MESSAGE][PASSED] - Call Test Case 'Test Cases/mobileWeb/_include/get_screenshot' successfully&#xD;
&#xD;
2019-08-05 13:25:50 - [TEST_STEP][PASSED] - click(findTestObject("mobileSanity/STM/Page_App Page 2/a_Continue to Step 3 - Payment")): Object: 'Object Repository/mobileSanity/STM/Page_App Page 2/a_Continue to Step 3 - Payment' is clicked on&#xD;
&#xD;
2019-08-05 13:25:50 - [MESSAGE][PASSED] - Object: 'Object Repository/mobileSanity/STM/Page_App Page 2/a_Continue to Step 3 - Payment' is clicked on&#xD;
&#xD;
2019-08-05 13:25:50 - [TEST_STEP][PASSED] - waitForPageLoad(10): Wait for page load successfully&#xD;
&#xD;
2019-08-05 13:25:50 - [MESSAGE][PASSED] - Wait for page load successfully&#xD;
&#xD;
2019-08-05 13:25:50 - [TEST_STEP][PASSED] - Thread.sleep(2000): null&#xD;
&#xD;
2019-08-05 13:25:52 - [TEST_STEP][PASSED] - callTestCase(findTestCase("mobileWeb/_include/get_screenshot"), [:], STOP_ON_FAILURE): Call Test Case 'Test Cases/mobileWeb/_include/get_screenshot' successfully&#xD;
&#xD;
2019-08-05 13:25:52 - [TEST_CASE][PASSED] - Test Cases/mobileWeb/_include/get_screenshot: Test Cases/mobileWeb/_include/get_screenshot&#xD;
&#xD;
2019-08-05 13:25:52 - [TEST_STEP][PASSED] - takeScreenshot(screenPath + i + ".png"): Taking screenshot successfully&#xD;
&#xD;
2019-08-05 13:25:53 - [MESSAGE][PASSED] - Taking screenshot successfully&#xD;
[[ATTACHMENT|D:\\Test\\AgileTest\\AgileTest\\Reports\\mobileWeb\\stm\\20190805_131400\\../Screenshots/iPhone X/stm/National General/20190805_132437/9.png]]&#xD;
&#xD;
2019-08-05 13:25:53 - [TEST_STEP][PASSED] - (internal.GlobalVariable.i++): null&#xD;
&#xD;
2019-08-05 13:25:53 - [MESSAGE][PASSED] - Call Test Case 'Test Cases/mobileWeb/_include/get_screenshot' successfully&#xD;
&#xD;
2019-08-05 13:25:53 - [TEST_STEP][FAILED] - clearText(findTestObject("mobileSanity/STM/Page_App Page 3/input__credit-card-cvv")): Unable to clear text of object 'Object Repository/mobileSanity/STM/Page_App Page 3/input__credit-card-cvv' (Root cause: com.kms.katalon.core.exception.StepFailedException: Unable to clear text of object 'Object Repository/mobileSanity/STM/Page_App Page 3/input__credit-card-cvv'&#xD;
	at com.kms.katalon.core.webui.keyword.internal.WebUIKeywordMain.stepFailed(WebUIKeywordMain.groovy:64)&#xD;
	at com.kms.katalon.core.webui.keyword.internal.WebUIKeywordMain.runKeyword(WebUIKeywordMain.groovy:42)&#xD;
	at com.kms.katalon.core.webui.keyword.builtin.ClearTextKeyword.clearText(ClearTextKeyword.groovy:61)&#xD;
	at com.kms.katalon.core.webui.keyword.builtin.ClearTextKeyword.execute(ClearTextKeyword.groovy:34)&#xD;
	at com.kms.katalon.core.keyword.internal.KeywordExecutor.executeKeywordForPlatform(KeywordExecutor.groovy:56)&#xD;
	at com.kms.katalon.core.webui.keyword.WebUiBuiltInKeywords.clearText(WebUiBuiltInKeywords.groovy:3817)&#xD;
	at com.kms.katalon.core.webui.keyword.WebUiBuiltInKeywords$clearText$10.call(Unknown Source)&#xD;
	at goToEnd_stm_autofill.run(goToEnd_stm_autofill:69)&#xD;
	at com.kms.katalon.core.main.ScriptEngine.run(ScriptEngine.java:194)&#xD;
	at com.kms.katalon.core.main.ScriptEngine.runScriptAsRawText(ScriptEngine.java:119)&#xD;
	at com.kms.katalon.core.main.TestCaseExecutor.runScript(TestCaseExecutor.java:337)&#xD;
	at com.kms.katalon.core.main.TestCaseExecutor.doExecute(TestCaseExecutor.java:328)&#xD;
	at com.kms.katalon.core.main.TestCaseExecutor.processExecutionPhase(TestCaseExecutor.java:307)&#xD;
	at com.kms.katalon.core.main.TestCaseExecutor.accessMainPhase(TestCaseExecutor.java:299)&#xD;
	at com.kms.katalon.core.main.TestCaseExecutor.execute(TestCaseExecutor.java:233)&#xD;
	at com.kms.katalon.core.main.TestCaseMain.runTestCase(TestCaseMain.java:114)&#xD;
	at com.kms.katalon.core.keyword.builtin.CallTestCaseKeyword$_callTestCase_closure1.doCall(CallTestCaseKeyword.groovy:59)&#xD;
	at com.kms.katalon.core.keyword.builtin.CallTestCaseKeyword$_callTestCase_closure1.call(CallTestCaseKeyword.groovy)&#xD;
	at com.kms.katalon.core.keyword.internal.KeywordMain.runKeyword(KeywordMain.groovy:68)&#xD;
	at com.kms.katalon.core.keyword.builtin.CallTestCaseKeyword.callTestCase(CallTestCaseKeyword.groovy:81)&#xD;
	at com.kms.katalon.core.keyword.builtin.CallTestCaseKeyword.execute(CallTestCaseKeyword.groovy:44)&#xD;
	at com.kms.katalon.core.keyword.internal.KeywordExecutor.executeKeywordForPlatform(KeywordExecutor.groovy:56)&#xD;
	at com.kms.katalon.core.keyword.BuiltinKeywords.callTestCase(BuiltinKeywords.groovy:334)&#xD;
	at NationalGeneral.run(NationalGeneral:31)&#xD;
	at com.kms.katalon.core.main.ScriptEngine.run(ScriptEngine.java:194)&#xD;
	at com.kms.katalon.core.main.ScriptEngine.runScriptAsRawText(ScriptEngine.java:119)&#xD;
	at com.kms.katalon.core.main.TestCaseExecutor.runScript(TestCaseExecutor.java:337)&#xD;
	at com.kms.katalon.core.main.TestCaseExecutor.doExecute(TestCaseExecutor.java:328)&#xD;
	at com.kms.katalon.core.main.TestCaseExecutor.processExecutionPhase(TestCaseExecutor.java:307)&#xD;
	at com.kms.katalon.core.main.TestCaseExecutor.accessMainPhase(TestCaseExecutor.java:299)&#xD;
	at com.kms.katalon.core.main.TestCaseExecutor.execute(TestCaseExecutor.java:233)&#xD;
	at com.kms.katalon.core.main.TestSuiteExecutor.accessTestCaseMainPhase(TestSuiteExecutor.java:133)&#xD;
	at com.kms.katalon.core.main.TestSuiteExecutor.accessTestSuiteMainPhase(TestSuiteExecutor.java:116)&#xD;
	at com.kms.katalon.core.main.TestSuiteExecutor.execute(TestSuiteExecutor.java:83)&#xD;
	at com.kms.katalon.core.main.TestCaseMain.startTestSuite(TestCaseMain.java:157)&#xD;
	at com.kms.katalon.core.main.TestCaseMain$startTestSuite$0.call(Unknown Source)&#xD;
	at TempTestSuite1564982040506.run(TempTestSuite1564982040506.groovy:35)&#xD;
Caused by: com.kms.katalon.core.webui.exception.WebElementNotFoundException: Web element with id: 'Object Repository/mobileSanity/STM/Page_App Page 3/input__credit-card-cvv' located by 'By.xpath: id("credit-card-cvv")[count(. | //input[@type = 'text' and @id = 'credit-card-cvv']) = count(//input[@type = 'text' and @id = 'credit-card-cvv'])]' not found&#xD;
	at com.kms.katalon.core.webui.common.WebUiCommonHelper.findWebElement(WebUiCommonHelper.java:1097)&#xD;
	at com.kms.katalon.core.webui.keyword.internal.WebUIAbstractKeyword.findWebElement(WebUIAbstractKeyword.groovy:27)&#xD;
	at com.kms.katalon.core.webui.keyword.internal.WebUIAbstractKeyword.findWebElement(WebUIAbstractKeyword.groovy:26)&#xD;
	at com.kms.katalon.core.webui.keyword.builtin.ClearTextKeyword$_clearText_closure1.doCall(ClearTextKeyword.groovy:44)&#xD;
	at com.kms.katalon.core.webui.keyword.builtin.ClearTextKeyword$_clearText_closure1.call(ClearTextKeyword.groovy)&#xD;
	at com.kms.katalon.core.webui.keyword.internal.WebUIKeywordMain.runKeyword(WebUIKeywordMain.groovy:33)&#xD;
	at com.kms.katalon.core.webui.keyword.builtin.ClearTextKeyword.clearText(ClearTextKeyword.groovy:61)&#xD;
	at com.kms.katalon.core.webui.keyword.builtin.ClearTextKeyword.execute(ClearTextKeyword.groovy:34)&#xD;
	at com.kms.katalon.core.keyword.internal.KeywordExecutor.executeKeywordForPlatform(KeywordExecutor.groovy:56)&#xD;
	at com.kms.katalon.core.webui.keyword.WebUiBuiltInKeywords.clearText(WebUiBuiltInKeywords.groovy:3817)&#xD;
	at com.kms.katalon.core.webui.keyword.WebUiBuiltInKeywords$clearText$10.call(Unknown Source)&#xD;
	at Script1551662596271.run(Script1551662596271.groovy:69)&#xD;
	at com.kms.katalon.core.main.ScriptEngine.run(ScriptEngine.java:194)&#xD;
	at com.kms.katalon.core.main.ScriptEngine.runScriptAsRawText(ScriptEngine.java:119)&#xD;
	at com.kms.katalon.core.main.TestCaseExecutor.runScript(TestCaseExecutor.java:337)&#xD;
	at com.kms.katalon.core.main.TestCaseExecutor.doExecute(TestCaseExecutor.java:328)&#xD;
	at com.kms.katalon.core.main.TestCaseExecutor.processExecutionPhase(TestCaseExecutor.java:307)&#xD;
	at com.kms.katalon.core.main.TestCaseExecutor.accessMainPhase(TestCaseExecutor.java:299)&#xD;
	at com.kms.katalon.core.main.TestCaseExecutor.execute(TestCaseExecutor.java:233)&#xD;
	at com.kms.katalon.core.main.TestCaseMain.runTestCase(TestCaseMain.java:114)&#xD;
	at com.kms.katalon.core.keyword.builtin.CallTestCaseKeyword$_callTestCase_closure1.doCall(CallTestCaseKeyword.groovy:59)&#xD;
	at com.kms.katalon.core.keyword.builtin.CallTestCaseKeyword$_callTestCase_closure1.call(CallTestCaseKeyword.groovy)&#xD;
	at com.kms.katalon.core.keyword.internal.KeywordMain.runKeyword(KeywordMain.groovy:68)&#xD;
	at com.kms.katalon.core.keyword.builtin.CallTestCaseKeyword.callTestCase(CallTestCaseKeyword.groovy:81)&#xD;
	at com.kms.katalon.core.keyword.builtin.CallTestCaseKeyword.execute(CallTestCaseKeyword.groovy:44)&#xD;
	at com.kms.katalon.core.keyword.internal.KeywordExecutor.executeKeywordForPlatform(KeywordExecutor.groovy:56)&#xD;
	at com.kms.katalon.core.keyword.BuiltinKeywords.callTestCase(BuiltinKeywords.groovy:334)&#xD;
	at Script1550140547987.run(Script1550140547987.groovy:31)&#xD;
	... 13 more&#xD;
)&#xD;
&#xD;
2019-08-05 13:26:14 - [MESSAGE][INFO] - Unable to find the element located by 'By.xpath: id("credit-card-cvv")[count(. | //input[@type = 'text' and @id = 'credit-card-cvv']) = count(//input[@type = 'text' and @id = 'credit-card-cvv'])]'. Please recheck the objects properties to make sure the desired element is located. &#xD;
&#xD;
2019-08-05 13:26:15 - [MESSAGE][FAILED] - Unable to clear text of object 'Object Repository/mobileSanity/STM/Page_App Page 3/input__credit-card-cvv' (Root cause: com.kms.katalon.core.exception.StepFailedException: Unable to clear text of object 'Object Repository/mobileSanity/STM/Page_App Page 3/input__credit-card-cvv'&#xD;
	at com.kms.katalon.core.webui.keyword.internal.WebUIKeywordMain.stepFailed(WebUIKeywordMain.groovy:64)&#xD;
	at com.kms.katalon.core.webui.keyword.internal.WebUIKeywordMain.runKeyword(WebUIKeywordMain.groovy:42)&#xD;
	at com.kms.katalon.core.webui.keyword.builtin.ClearTextKeyword.clearText(ClearTextKeyword.groovy:61)&#xD;
	at com.kms.katalon.core.webui.keyword.builtin.ClearTextKeyword.execute(ClearTextKeyword.groovy:34)&#xD;
	at com.kms.katalon.core.keyword.internal.KeywordExecutor.executeKeywordForPlatform(KeywordExecutor.groovy:56)&#xD;
	at com.kms.katalon.core.webui.keyword.WebUiBuiltInKeywords.clearText(WebUiBuiltInKeywords.groovy:3817)&#xD;
	at com.kms.katalon.core.webui.keyword.WebUiBuiltInKeywords$clearText$10.call(Unknown Source)&#xD;
	at goToEnd_stm_autofill.run(goToEnd_stm_autofill:69)&#xD;
	at com.kms.katalon.core.main.ScriptEngine.run(ScriptEngine.java:194)&#xD;
	at com.kms.katalon.core.main.ScriptEngine.runScriptAsRawText(ScriptEngine.java:119)&#xD;
	at com.kms.katalon.core.main.TestCaseExecutor.runScript(TestCaseExecutor.java:337)&#xD;
	at com.kms.katalon.core.main.TestCaseExecutor.doExecute(TestCaseExecutor.java:328)&#xD;
	at com.kms.katalon.core.main.TestCaseExecutor.processExecutionPhase(TestCaseExecutor.java:307)&#xD;
	at com.kms.katalon.core.main.TestCaseExecutor.accessMainPhase(TestCaseExecutor.java:299)&#xD;
	at com.kms.katalon.core.main.TestCaseExecutor.execute(TestCaseExecutor.java:233)&#xD;
	at com.kms.katalon.core.main.TestCaseMain.runTestCase(TestCaseMain.java:114)&#xD;
	at com.kms.katalon.core.keyword.builtin.CallTestCaseKeyword$_callTestCase_closure1.doCall(CallTestCaseKeyword.groovy:59)&#xD;
	at com.kms.katalon.core.keyword.builtin.CallTestCaseKeyword$_callTestCase_closure1.call(CallTestCaseKeyword.groovy)&#xD;
	at com.kms.katalon.core.keyword.internal.KeywordMain.runKeyword(KeywordMain.groovy:68)&#xD;
	at com.kms.katalon.core.keyword.builtin.CallTestCaseKeyword.callTestCase(CallTestCaseKeyword.groovy:81)&#xD;
	at com.kms.katalon.core.keyword.builtin.CallTestCaseKeyword.execute(CallTestCaseKeyword.groovy:44)&#xD;
	at com.kms.katalon.core.keyword.internal.KeywordExecutor.executeKeywordForPlatform(KeywordExecutor.groovy:56)&#xD;
	at com.kms.katalon.core.keyword.BuiltinKeywords.callTestCase(BuiltinKeywords.groovy:334)&#xD;
	at NationalGeneral.run(NationalGeneral:31)&#xD;
	at com.kms.katalon.core.main.ScriptEngine.run(ScriptEngine.java:194)&#xD;
	at com.kms.katalon.core.main.ScriptEngine.runScriptAsRawText(ScriptEngine.java:119)&#xD;
	at com.kms.katalon.core.main.TestCaseExecutor.runScript(TestCaseExecutor.java:337)&#xD;
	at com.kms.katalon.core.main.TestCaseExecutor.doExecute(TestCaseExecutor.java:328)&#xD;
	at com.kms.katalon.core.main.TestCaseExecutor.processExecutionPhase(TestCaseExecutor.java:307)&#xD;
	at com.kms.katalon.core.main.TestCaseExecutor.accessMainPhase(TestCaseExecutor.java:299)&#xD;
	at com.kms.katalon.core.main.TestCaseExecutor.execute(TestCaseExecutor.java:233)&#xD;
	at com.kms.katalon.core.main.TestSuiteExecutor.accessTestCaseMainPhase(TestSuiteExecutor.java:133)&#xD;
	at com.kms.katalon.core.main.TestSuiteExecutor.accessTestSuiteMainPhase(TestSuiteExecutor.java:116)&#xD;
	at com.kms.katalon.core.main.TestSuiteExecutor.execute(TestSuiteExecutor.java:83)&#xD;
	at com.kms.katalon.core.main.TestCaseMain.startTestSuite(TestCaseMain.java:157)&#xD;
	at com.kms.katalon.core.main.TestCaseMain$startTestSuite$0.call(Unknown Source)&#xD;
	at TempTestSuite1564982040506.run(TempTestSuite1564982040506.groovy:35)&#xD;
Caused by: com.kms.katalon.core.webui.exception.WebElementNotFoundException: Web element with id: 'Object Repository/mobileSanity/STM/Page_App Page 3/input__credit-card-cvv' located by 'By.xpath: id("credit-card-cvv")[count(. | //input[@type = 'text' and @id = 'credit-card-cvv']) = count(//input[@type = 'text' and @id = 'credit-card-cvv'])]' not found&#xD;
	at com.kms.katalon.core.webui.common.WebUiCommonHelper.findWebElement(WebUiCommonHelper.java:1097)&#xD;
	at com.kms.katalon.core.webui.keyword.internal.WebUIAbstractKeyword.findWebElement(WebUIAbstractKeyword.groovy:27)&#xD;
	at com.kms.katalon.core.webui.keyword.internal.WebUIAbstractKeyword.findWebElement(WebUIAbstractKeyword.groovy:26)&#xD;
	at com.kms.katalon.core.webui.keyword.builtin.ClearTextKeyword$_clearText_closure1.doCall(ClearTextKeyword.groovy:44)&#xD;
	at com.kms.katalon.core.webui.keyword.builtin.ClearTextKeyword$_clearText_closure1.call(ClearTextKeyword.groovy)&#xD;
	at com.kms.katalon.core.webui.keyword.internal.WebUIKeywordMain.runKeyword(WebUIKeywordMain.groovy:33)&#xD;
	at com.kms.katalon.core.webui.keyword.builtin.ClearTextKeyword.clearText(ClearTextKeyword.groovy:61)&#xD;
	at com.kms.katalon.core.webui.keyword.builtin.ClearTextKeyword.execute(ClearTextKeyword.groovy:34)&#xD;
	at com.kms.katalon.core.keyword.internal.KeywordExecutor.executeKeywordForPlatform(KeywordExecutor.groovy:56)&#xD;
	at com.kms.katalon.core.webui.keyword.WebUiBuiltInKeywords.clearText(WebUiBuiltInKeywords.groovy:3817)&#xD;
	at com.kms.katalon.core.webui.keyword.WebUiBuiltInKeywords$clearText$10.call(Unknown Source)&#xD;
	at Script1551662596271.run(Script1551662596271.groovy:69)&#xD;
	at com.kms.katalon.core.main.ScriptEngine.run(ScriptEngine.java:194)&#xD;
	at com.kms.katalon.core.main.ScriptEngine.runScriptAsRawText(ScriptEngine.java:119)&#xD;
	at com.kms.katalon.core.main.TestCaseExecutor.runScript(TestCaseExecutor.java:337)&#xD;
	at com.kms.katalon.core.main.TestCaseExecutor.doExecute(TestCaseExecutor.java:328)&#xD;
	at com.kms.katalon.core.main.TestCaseExecutor.processExecutionPhase(TestCaseExecutor.java:307)&#xD;
	at com.kms.katalon.core.main.TestCaseExecutor.accessMainPhase(TestCaseExecutor.java:299)&#xD;
	at com.kms.katalon.core.main.TestCaseExecutor.execute(TestCaseExecutor.java:233)&#xD;
	at com.kms.katalon.core.main.TestCaseMain.runTestCase(TestCaseMain.java:114)&#xD;
	at com.kms.katalon.core.keyword.builtin.CallTestCaseKeyword$_callTestCase_closure1.doCall(CallTestCaseKeyword.groovy:59)&#xD;
	at com.kms.katalon.core.keyword.builtin.CallTestCaseKeyword$_callTestCase_closure1.call(CallTestCaseKeyword.groovy)&#xD;
	at com.kms.katalon.core.keyword.internal.KeywordMain.runKeyword(KeywordMain.groovy:68)&#xD;
	at com.kms.katalon.core.keyword.builtin.CallTestCaseKeyword.callTestCase(CallTestCaseKeyword.groovy:81)&#xD;
	at com.kms.katalon.core.keyword.builtin.CallTestCaseKeyword.execute(CallTestCaseKeyword.groovy:44)&#xD;
	at com.kms.katalon.core.keyword.internal.KeywordExecutor.executeKeywordForPlatform(KeywordExecutor.groovy:56)&#xD;
	at com.kms.katalon.core.keyword.BuiltinKeywords.callTestCase(BuiltinKeywords.groovy:334)&#xD;
	at Script1550140547987.run(Script1550140547987.groovy:31)&#xD;
	... 13 more&#xD;
)&#xD;
[[ATTACHMENT|D:\\Test\\AgileTest\\AgileTest\\Reports\\mobileWeb\\stm\\20190805_131400\\1564982774350.png]]&#xD;
&#xD;
2019-08-05 13:26:15 - [MESSAGE][FAILED] - Unable to call Test Case 'Test Cases/mobileWeb/_include/goToEnd_stm_autofill' (Root cause: com.kms.katalon.core.exception.StepFailedException: Call Test Case 'Test Cases/mobileWeb/_include/goToEnd_stm_autofill' failed&#xD;
	at com.kms.katalon.core.keyword.builtin.CallTestCaseKeyword$_callTestCase_closure1.doCall(CallTestCaseKeyword.groovy:63)&#xD;
	at com.kms.katalon.core.keyword.builtin.CallTestCaseKeyword$_callTestCase_closure1.call(CallTestCaseKeyword.groovy)&#xD;
	at com.kms.katalon.core.keyword.internal.KeywordMain.runKeyword(KeywordMain.groovy:68)&#xD;
	at com.kms.katalon.core.keyword.builtin.CallTestCaseKeyword.callTestCase(CallTestCaseKeyword.groovy:81)&#xD;
	at com.kms.katalon.core.keyword.builtin.CallTestCaseKeyword.execute(CallTestCaseKeyword.groovy:44)&#xD;
	at com.kms.katalon.core.keyword.internal.KeywordExecutor.executeKeywordForPlatform(KeywordExecutor.groovy:56)&#xD;
	at com.kms.katalon.core.keyword.BuiltinKeywords.callTestCase(BuiltinKeywords.groovy:334)&#xD;
	at NationalGeneral.run(NationalGeneral:31)&#xD;
	at com.kms.katalon.core.main.ScriptEngine.run(ScriptEngine.java:194)&#xD;
	at com.kms.katalon.core.main.ScriptEngine.runScriptAsRawText(ScriptEngine.java:119)&#xD;
	at com.kms.katalon.core.main.TestCaseExecutor.runScript(TestCaseExecutor.java:337)&#xD;
	at com.kms.katalon.core.main.TestCaseExecutor.doExecute(TestCaseExecutor.java:328)&#xD;
	at com.kms.katalon.core.main.TestCaseExecutor.processExecutionPhase(TestCaseExecutor.java:307)&#xD;
	at com.kms.katalon.core.main.TestCaseExecutor.accessMainPhase(TestCaseExecutor.java:299)&#xD;
	at com.kms.katalon.core.main.TestCaseExecutor.execute(TestCaseExecutor.java:233)&#xD;
	at com.kms.katalon.core.main.TestSuiteExecutor.accessTestCaseMainPhase(TestSuiteExecutor.java:133)&#xD;
	at com.kms.katalon.core.main.TestSuiteExecutor.accessTestSuiteMainPhase(TestSuiteExecutor.java:116)&#xD;
	at com.kms.katalon.core.main.TestSuiteExecutor.execute(TestSuiteExecutor.java:83)&#xD;
	at com.kms.katalon.core.main.TestCaseMain.startTestSuite(TestCaseMain.java:157)&#xD;
	at com.kms.katalon.core.main.TestCaseMain$startTestSuite$0.call(Unknown Source)&#xD;
	at TempTestSuite1564982040506.run(TempTestSuite1564982040506.groovy:35)&#xD;
Caused by: com.kms.katalon.core.exception.StepFailedException: Unable to clear text of object 'Object Repository/mobileSanity/STM/Page_App Page 3/input__credit-card-cvv'&#xD;
	at com.kms.katalon.core.webui.keyword.internal.WebUIKeywordMain.stepFailed(WebUIKeywordMain.groovy:64)&#xD;
	at com.kms.katalon.core.webui.keyword.internal.WebUIKeywordMain.runKeyword(WebUIKeywordMain.groovy:42)&#xD;
	at com.kms.katalon.core.webui.keyword.builtin.ClearTextKeyword.clearText(ClearTextKeyword.groovy:61)&#xD;
	at com.kms.katalon.core.webui.keyword.builtin.ClearTextKeyword.execute(ClearTextKeyword.groovy:34)&#xD;
	at com.kms.katalon.core.keyword.internal.KeywordExecutor.executeKeywordForPlatform(KeywordExecutor.groovy:56)&#xD;
	at com.kms.katalon.core.webui.keyword.WebUiBuiltInKeywords.clearText(WebUiBuiltInKeywords.groovy:3817)&#xD;
	at com.kms.katalon.core.webui.keyword.WebUiBuiltInKeywords$clearText$10.call(Unknown Source)&#xD;
	at goToEnd_stm_autofill.run(goToEnd_stm_autofill:69)&#xD;
	at com.kms.katalon.core.main.ScriptEngine.run(ScriptEngine.java:194)&#xD;
	at com.kms.katalon.core.main.ScriptEngine.runScriptAsRawText(ScriptEngine.java:119)&#xD;
	at com.kms.katalon.core.main.TestCaseExecutor.runScript(TestCaseExecutor.java:337)&#xD;
	at com.kms.katalon.core.main.TestCaseExecutor.doExecute(TestCaseExecutor.java:328)&#xD;
	at com.kms.katalon.core.main.TestCaseExecutor.processExecutionPhase(TestCaseExecutor.java:307)&#xD;
	at com.kms.katalon.core.main.TestCaseExecutor.accessMainPhase(TestCaseExecutor.java:299)&#xD;
	at com.kms.katalon.core.main.TestCaseExecutor.execute(TestCaseExecutor.java:233)&#xD;
	at com.kms.katalon.core.main.TestCaseMain.runTestCase(TestCaseMain.java:114)&#xD;
	at com.kms.katalon.core.keyword.builtin.CallTestCaseKeyword$_callTestCase_closure1.doCall(CallTestCaseKeyword.groovy:59)&#xD;
	... 20 more&#xD;
Caused by: com.kms.katalon.core.webui.exception.WebElementNotFoundException: Web element with id: 'Object Repository/mobileSanity/STM/Page_App Page 3/input__credit-card-cvv' located by 'By.xpath: id("credit-card-cvv")[count(. | //input[@type = 'text' and @id = 'credit-card-cvv']) = count(//input[@type = 'text' and @id = 'credit-card-cvv'])]' not found&#xD;
	at com.kms.katalon.core.webui.common.WebUiCommonHelper.findWebElement(WebUiCommonHelper.java:1097)&#xD;
	at com.kms.katalon.core.webui.keyword.internal.WebUIAbstractKeyword.findWebElement(WebUIAbstractKeyword.groovy:27)&#xD;
	at com.kms.katalon.core.webui.keyword.internal.WebUIAbstractKeyword.findWebElement(WebUIAbstractKeyword.groovy:26)&#xD;
	at com.kms.katalon.core.webui.keyword.builtin.ClearTextKeyword$_clearText_closure1.doCall(ClearTextKeyword.groovy:44)&#xD;
	at com.kms.katalon.core.webui.keyword.builtin.ClearTextKeyword$_clearText_closure1.call(ClearTextKeyword.groovy)&#xD;
	at com.kms.katalon.core.webui.keyword.internal.WebUIKeywordMain.runKeyword(WebUIKeywordMain.groovy:33)&#xD;
	... 35 more&#xD;
)</system-out>
            <system-err>2019-08-05 13:24:37 - [TEST_CASE][FAILED] - Test Cases/mobileWeb/stm/NationalGeneral: Test Cases/mobileWeb/stm/NationalGeneral FAILED.
Reason:
com.kms.katalon.core.exception.StepFailedException: Call Test Case 'Test Cases/mobileWeb/_include/goToEnd_stm_autofill' failed&#xD;
	at com.kms.katalon.core.keyword.builtin.CallTestCaseKeyword$_callTestCase_closure1.doCall(CallTestCaseKeyword.groovy:63)&#xD;
	at com.kms.katalon.core.keyword.builtin.CallTestCaseKeyword$_callTestCase_closure1.call(CallTestCaseKeyword.groovy)&#xD;
	at com.kms.katalon.core.keyword.internal.KeywordMain.runKeyword(KeywordMain.groovy:68)&#xD;
	at com.kms.katalon.core.keyword.builtin.CallTestCaseKeyword.callTestCase(CallTestCaseKeyword.groovy:81)&#xD;
	at com.kms.katalon.core.keyword.builtin.CallTestCaseKeyword.execute(CallTestCaseKeyword.groovy:44)&#xD;
	at com.kms.katalon.core.keyword.internal.KeywordExecutor.executeKeywordForPlatform(KeywordExecutor.groovy:56)&#xD;
	at com.kms.katalon.core.keyword.BuiltinKeywords.callTestCase(BuiltinKeywords.groovy:334)&#xD;
	at NationalGeneral.run(NationalGeneral:31)&#xD;
	at com.kms.katalon.core.main.ScriptEngine.run(ScriptEngine.java:194)&#xD;
	at com.kms.katalon.core.main.ScriptEngine.runScriptAsRawText(ScriptEngine.java:119)&#xD;
	at com.kms.katalon.core.main.TestCaseExecutor.runScript(TestCaseExecutor.java:337)&#xD;
	at com.kms.katalon.core.main.TestCaseExecutor.doExecute(TestCaseExecutor.java:328)&#xD;
	at com.kms.katalon.core.main.TestCaseExecutor.processExecutionPhase(TestCaseExecutor.java:307)&#xD;
	at com.kms.katalon.core.main.TestCaseExecutor.accessMainPhase(TestCaseExecutor.java:299)&#xD;
	at com.kms.katalon.core.main.TestCaseExecutor.execute(TestCaseExecutor.java:233)&#xD;
	at com.kms.katalon.core.main.TestSuiteExecutor.accessTestCaseMainPhase(TestSuiteExecutor.java:133)&#xD;
	at com.kms.katalon.core.main.TestSuiteExecutor.accessTestSuiteMainPhase(TestSuiteExecutor.java:116)&#xD;
	at com.kms.katalon.core.main.TestSuiteExecutor.execute(TestSuiteExecutor.java:83)&#xD;
	at com.kms.katalon.core.main.TestCaseMain.startTestSuite(TestCaseMain.java:157)&#xD;
	at com.kms.katalon.core.main.TestCaseMain$startTestSuite$0.call(Unknown Source)&#xD;
	at TempTestSuite1564982040506.run(TempTestSuite1564982040506.groovy:35)&#xD;
Caused by: com.kms.katalon.core.exception.StepFailedException: Unable to clear text of object 'Object Repository/mobileSanity/STM/Page_App Page 3/input__credit-card-cvv'&#xD;
	at com.kms.katalon.core.webui.keyword.internal.WebUIKeywordMain.stepFailed(WebUIKeywordMain.groovy:64)&#xD;
	at com.kms.katalon.core.webui.keyword.internal.WebUIKeywordMain.runKeyword(WebUIKeywordMain.groovy:42)&#xD;
	at com.kms.katalon.core.webui.keyword.builtin.ClearTextKeyword.clearText(ClearTextKeyword.groovy:61)&#xD;
	at com.kms.katalon.core.webui.keyword.builtin.ClearTextKeyword.execute(ClearTextKeyword.groovy:34)&#xD;
	at com.kms.katalon.core.keyword.internal.KeywordExecutor.executeKeywordForPlatform(KeywordExecutor.groovy:56)&#xD;
	at com.kms.katalon.core.webui.keyword.WebUiBuiltInKeywords.clearText(WebUiBuiltInKeywords.groovy:3817)&#xD;
	at com.kms.katalon.core.webui.keyword.WebUiBuiltInKeywords$clearText$10.call(Unknown Source)&#xD;
	at goToEnd_stm_autofill.run(goToEnd_stm_autofill:69)&#xD;
	at com.kms.katalon.core.main.ScriptEngine.run(ScriptEngine.java:194)&#xD;
	at com.kms.katalon.core.main.ScriptEngine.runScriptAsRawText(ScriptEngine.java:119)&#xD;
	at com.kms.katalon.core.main.TestCaseExecutor.runScript(TestCaseExecutor.java:337)&#xD;
	at com.kms.katalon.core.main.TestCaseExecutor.doExecute(TestCaseExecutor.java:328)&#xD;
	at com.kms.katalon.core.main.TestCaseExecutor.processExecutionPhase(TestCaseExecutor.java:307)&#xD;
	at com.kms.katalon.core.main.TestCaseExecutor.accessMainPhase(TestCaseExecutor.java:299)&#xD;
	at com.kms.katalon.core.main.TestCaseExecutor.execute(TestCaseExecutor.java:233)&#xD;
	at com.kms.katalon.core.main.TestCaseMain.runTestCase(TestCaseMain.java:114)&#xD;
	at com.kms.katalon.core.keyword.builtin.CallTestCaseKeyword$_callTestCase_closure1.doCall(CallTestCaseKeyword.groovy:59)&#xD;
	... 20 more&#xD;
Caused by: com.kms.katalon.core.webui.exception.WebElementNotFoundException: Web element with id: 'Object Repository/mobileSanity/STM/Page_App Page 3/input__credit-card-cvv' located by 'By.xpath: id("credit-card-cvv")[count(. | //input[@type = 'text' and @id = 'credit-card-cvv']) = count(//input[@type = 'text' and @id = 'credit-card-cvv'])]' not found&#xD;
	at com.kms.katalon.core.webui.common.WebUiCommonHelper.findWebElement(WebUiCommonHelper.java:1097)&#xD;
	at com.kms.katalon.core.webui.keyword.internal.WebUIAbstractKeyword.findWebElement(WebUIAbstractKeyword.groovy:27)&#xD;
	at com.kms.katalon.core.webui.keyword.internal.WebUIAbstractKeyword.findWebElement(WebUIAbstractKeyword.groovy:26)&#xD;
	at com.kms.katalon.core.webui.keyword.builtin.ClearTextKeyword$_clearText_closure1.doCall(ClearTextKeyword.groovy:44)&#xD;
	at com.kms.katalon.core.webui.keyword.builtin.ClearTextKeyword$_clearText_closure1.call(ClearTextKeyword.groovy)&#xD;
	at com.kms.katalon.core.webui.keyword.internal.WebUIKeywordMain.runKeyword(WebUIKeywordMain.groovy:33)&#xD;
	... 35 more</system-err>
        </testcase>
        <system-out>2019-08-05 13:14:03 - [TEST_SUITE][INCOMPLETE] - stm: null</system-out>
        <system-err>2019-08-05 13:14:03 - [TEST_SUITE][INCOMPLETE] - stm: null</system-err>
    </testsuite>
</testsuites>
