<?xml version="1.0" encoding="UTF-8"?>
<testsuites name="hic" time="1694" tests="17" failures="3" errors="0">
   <testsuite name="hic" tests="17" failures="3" errors="0" time="1694" timestamp="2019-12-09 00:47:07" hostname="Administrator - 172.30.0.53" id="Test Suites/HIC/hic">
      <properties>
         <property name="deviceName" value=""/>
         <property name="devicePlatform" value=""/>
         <property name="logFolder" value="D:\\Test\\AgileTest\\Reports\\HIC\\hic\\20191209_004704"/>
         <property name="logFiles" value="D:\\Test\\AgileTest\\Reports\\HIC\\hic\\20191209_004704\\execution0.log"/>
         <property name="attachments" value="D:\\Test\\AgileTest\\Reports\\HIC\\hic\\20191209_004704\\../Screenshots/iPhone 6/HIC/ACA/ACA/20191209_004709/0.png, D:\\Test\\AgileTest\\Reports\\HIC\\hic\\20191209_004704\\../Screenshots/iPhone 6/HIC/ACA/ACA/20191209_004709/1.png, D:\\Test\\AgileTest\\Reports\\HIC\\hic\\20191209_004704\\../Screenshots/iPhone 6/HIC/ACA/ACA/20191209_004709/2.png, D:\\Test\\AgileTest\\Reports\\HIC\\hic\\20191209_004704\\../Screenshots/iPhone 6/HIC/Dental/National General/20191209_004730/0.png, D:\\Test\\AgileTest\\Reports\\HIC\\hic\\20191209_004704\\../Screenshots/iPhone 6/HIC/Dental/National General/20191209_004730/1.png, D:\\Test\\AgileTest\\Reports\\HIC\\hic\\20191209_004704\\../Screenshots/iPhone 6/HIC/Dental/National General/20191209_004730/2.png, D:\\Test\\AgileTest\\Reports\\HIC\\hic\\20191209_004704\\../Screenshots/iPhone 6/HIC/Dental/National General/20191209_004730/3.png, D:\\Test\\AgileTest\\Reports\\HIC\\hic\\20191209_004704\\../Screenshots/iPhone 6/HIC/Dental/National General/20191209_004730/4.png, D:\\Test\\AgileTest\\Reports\\HIC\\hic\\20191209_004704\\../Screenshots/iPhone 6/HIC/Dental/National General/20191209_004730/5.png, D:\\Test\\AgileTest\\Reports\\HIC\\hic\\20191209_004704\\../Screenshots/iPhone 6/HIC/Dental/National General/20191209_004730/6.png, D:\\Test\\AgileTest\\Reports\\HIC\\hic\\20191209_004704\\../Screenshots/iPhone 6/HIC/Dental/National General/20191209_004730/7.png, D:\\Test\\AgileTest\\Reports\\HIC\\hic\\20191209_004704\\../Screenshots/iPhone 6/HIC/Dental/National General/20191209_004730/8.png, D:\\Test\\AgileTest\\Reports\\HIC\\hic\\20191209_004704\\../Screenshots/iPhone 6/HIC/Dental/USA Access/20191209_004932/0.png, D:\\Test\\AgileTest\\Reports\\HIC\\hic\\20191209_004704\\../Screenshots/iPhone 6/HIC/Dental/USA Access/20191209_004932/1.png, D:\\Test\\AgileTest\\Reports\\HIC\\hic\\20191209_004704\\../Screenshots/iPhone 6/HIC/Dental/USA Access/20191209_004932/2.png, D:\\Test\\AgileTest\\Reports\\HIC\\hic\\20191209_004704\\../Screenshots/iPhone 6/HIC/Dental/USA Access/20191209_004932/3.png, D:\\Test\\AgileTest\\Reports\\HIC\\hic\\20191209_004704\\../Screenshots/iPhone 6/HIC/Dental/USA Access/20191209_004932/4.png, D:\\Test\\AgileTest\\Reports\\HIC\\hic\\20191209_004704\\../Screenshots/iPhone 6/HIC/Dental/USA Access/20191209_004932/5.png, D:\\Test\\AgileTest\\Reports\\HIC\\hic\\20191209_004704\\../Screenshots/iPhone 6/HIC/Dental/USA Access/20191209_004932/6.png, D:\\Test\\AgileTest\\Reports\\HIC\\hic\\20191209_004704\\../Screenshots/iPhone 6/HIC/Dental/USA Access/20191209_004932/7.png, D:\\Test\\AgileTest\\Reports\\HIC\\hic\\20191209_004704\\../Screenshots/iPhone 6/HIC/Dental/USA Access/20191209_004932/8.png, D:\\Test\\AgileTest\\Reports\\HIC\\hic\\20191209_004704\\../Screenshots/iPhone 6/HIC/Dental/USA Access/20191209_004932/9.png, D:\\Test\\AgileTest\\Reports\\HIC\\hic\\20191209_004704\\../Screenshots/iPhone 6/HIC/HBI/Agile One/20191209_005122/0.png, D:\\Test\\AgileTest\\Reports\\HIC\\hic\\20191209_004704\\../Screenshots/iPhone 6/HIC/HBI/Agile One/20191209_005122/1.png, D:\\Test\\AgileTest\\Reports\\HIC\\hic\\20191209_004704\\../Screenshots/iPhone 6/HIC/HBI/Agile One/20191209_005122/2.png, D:\\Test\\AgileTest\\Reports\\HIC\\hic\\20191209_004704\\../Screenshots/iPhone 6/HIC/HBI/Agile One/20191209_005122/3.png, D:\\Test\\AgileTest\\Reports\\HIC\\hic\\20191209_004704\\../Screenshots/iPhone 6/HIC/HBI/Agile One/20191209_005122/4.png, D:\\Test\\AgileTest\\Reports\\HIC\\hic\\20191209_004704\\../Screenshots/iPhone 6/HIC/HBI/Agile One/20191209_005122/5.png, D:\\Test\\AgileTest\\Reports\\HIC\\hic\\20191209_004704\\../Screenshots/iPhone 6/HIC/HBI/Agile One/20191209_005122/6.png, D:\\Test\\AgileTest\\Reports\\HIC\\hic\\20191209_004704\\../Screenshots/iPhone 6/HIC/HBI/Agile One/20191209_005122/7.png, D:\\Test\\AgileTest\\Reports\\HIC\\hic\\20191209_004704\\../Screenshots/iPhone 6/HIC/HBI/Agile One/20191209_005122/8.png, D:\\Test\\AgileTest\\Reports\\HIC\\hic\\20191209_004704\\../Screenshots/iPhone 6/HIC/HBI/Agile Secure/20191209_005253/0.png, D:\\Test\\AgileTest\\Reports\\HIC\\hic\\20191209_004704\\../Screenshots/iPhone 6/HIC/HBI/Agile Secure/20191209_005253/1.png, D:\\Test\\AgileTest\\Reports\\HIC\\hic\\20191209_004704\\../Screenshots/iPhone 6/HIC/HBI/Agile Secure/20191209_005253/2.png, D:\\Test\\AgileTest\\Reports\\HIC\\hic\\20191209_004704\\../Screenshots/iPhone 6/HIC/HBI/Agile Secure/20191209_005253/3.png, D:\\Test\\AgileTest\\Reports\\HIC\\hic\\20191209_004704\\../Screenshots/iPhone 6/HIC/HBI/Agile Secure/20191209_005253/4.png, D:\\Test\\AgileTest\\Reports\\HIC\\hic\\20191209_004704\\../Screenshots/iPhone 6/HIC/HBI/Agile Secure/20191209_005253/5.png, D:\\Test\\AgileTest\\Reports\\HIC\\hic\\20191209_004704\\../Screenshots/iPhone 6/HIC/HBI/Agile Secure/20191209_005253/6.png, D:\\Test\\AgileTest\\Reports\\HIC\\hic\\20191209_004704\\../Screenshots/iPhone 6/HIC/HBI/Agile Secure/20191209_005253/7.png, D:\\Test\\AgileTest\\Reports\\HIC\\hic\\20191209_004704\\../Screenshots/iPhone 6/HIC/HBI/Cardinal Choice/20191209_005417/0.png, D:\\Test\\AgileTest\\Reports\\HIC\\hic\\20191209_004704\\../Screenshots/iPhone 6/HIC/HBI/Cardinal Choice/20191209_005417/1.png, D:\\Test\\AgileTest\\Reports\\HIC\\hic\\20191209_004704\\../Screenshots/iPhone 6/HIC/HBI/Cardinal Choice/20191209_005417/2.png, D:\\Test\\AgileTest\\Reports\\HIC\\hic\\20191209_004704\\../Screenshots/iPhone 6/HIC/HBI/Cardinal Choice/20191209_005417/3.png, D:\\Test\\AgileTest\\Reports\\HIC\\hic\\20191209_004704\\../Screenshots/iPhone 6/HIC/HBI/Cardinal Choice/20191209_005417/4.png, D:\\Test\\AgileTest\\Reports\\HIC\\hic\\20191209_004704\\../Screenshots/iPhone 6/HIC/HBI/Cardinal Choice/20191209_005417/5.png, D:\\Test\\AgileTest\\Reports\\HIC\\hic\\20191209_004704\\../Screenshots/iPhone 6/HIC/HBI/Cardinal Choice/20191209_005417/6.png, D:\\Test\\AgileTest\\Reports\\HIC\\hic\\20191209_004704\\../Screenshots/iPhone 6/HIC/HBI/Cardinal Choice/20191209_005417/7.png, D:\\Test\\AgileTest\\Reports\\HIC\\hic\\20191209_004704\\../Screenshots/iPhone 6/HIC/HBI/Cardinal Choice/20191209_005417/8.png, D:\\Test\\AgileTest\\Reports\\HIC\\hic\\20191209_004704\\../Screenshots/iPhone 6/HIC/HBI/Core Shield/20191209_005606/0.png, D:\\Test\\AgileTest\\Reports\\HIC\\hic\\20191209_004704\\../Screenshots/iPhone 6/HIC/HBI/Core Shield/20191209_005606/1.png, D:\\Test\\AgileTest\\Reports\\HIC\\hic\\20191209_004704\\../Screenshots/iPhone 6/HIC/HBI/Core Shield/20191209_005606/2.png, D:\\Test\\AgileTest\\Reports\\HIC\\hic\\20191209_004704\\../Screenshots/iPhone 6/HIC/HBI/Core Shield/20191209_005606/3.png, D:\\Test\\AgileTest\\Reports\\HIC\\hic\\20191209_004704\\../Screenshots/iPhone 6/HIC/HBI/Core Shield/20191209_005606/4.png, D:\\Test\\AgileTest\\Reports\\HIC\\hic\\20191209_004704\\../Screenshots/iPhone 6/HIC/HBI/Core Shield/20191209_005606/5.png, D:\\Test\\AgileTest\\Reports\\HIC\\hic\\20191209_004704\\../Screenshots/iPhone 6/HIC/HBI/Core Shield/20191209_005606/6.png, D:\\Test\\AgileTest\\Reports\\HIC\\hic\\20191209_004704\\../Screenshots/iPhone 6/HIC/HBI/Core Shield/20191209_005606/7.png, D:\\Test\\AgileTest\\Reports\\HIC\\hic\\20191209_004704\\../Screenshots/iPhone 6/HIC/HBI/Core Shield/20191209_005606/8.png, D:\\Test\\AgileTest\\Reports\\HIC\\hic\\20191209_004704\\../Screenshots/iPhone 6/HIC/HBI/Fixed Cash Benefit/20191209_005743/0.png, D:\\Test\\AgileTest\\Reports\\HIC\\hic\\20191209_004704\\../Screenshots/iPhone 6/HIC/HBI/Fixed Cash Benefit/20191209_005743/1.png, D:\\Test\\AgileTest\\Reports\\HIC\\hic\\20191209_004704\\../Screenshots/iPhone 6/HIC/HBI/Fixed Cash Benefit/20191209_005743/2.png, D:\\Test\\AgileTest\\Reports\\HIC\\hic\\20191209_004704\\../Screenshots/iPhone 6/HIC/HBI/Fixed Cash Benefit/20191209_005743/3.png, D:\\Test\\AgileTest\\Reports\\HIC\\hic\\20191209_004704\\../Screenshots/iPhone 6/HIC/HBI/Fixed Cash Benefit/20191209_005743/4.png, D:\\Test\\AgileTest\\Reports\\HIC\\hic\\20191209_004704\\../Screenshots/iPhone 6/HIC/HBI/Fixed Cash Benefit/20191209_005743/5.png, D:\\Test\\AgileTest\\Reports\\HIC\\hic\\20191209_004704\\../Screenshots/iPhone 6/HIC/HBI/Fixed Cash Benefit/20191209_005743/6.png, D:\\Test\\AgileTest\\Reports\\HIC\\hic\\20191209_004704\\../Screenshots/iPhone 6/HIC/HBI/Fixed Cash Benefit/20191209_005743/7.png, D:\\Test\\AgileTest\\Reports\\HIC\\hic\\20191209_004704\\../Screenshots/iPhone 6/HIC/HBI/Fixed Cash Benefit/20191209_005743/8.png, D:\\Test\\AgileTest\\Reports\\HIC\\hic\\20191209_004704\\../Screenshots/iPhone 6/HIC/HBI/Health Choice/20191209_005912/0.png, D:\\Test\\AgileTest\\Reports\\HIC\\hic\\20191209_004704\\../Screenshots/iPhone 6/HIC/HBI/Health Choice/20191209_005912/1.png, D:\\Test\\AgileTest\\Reports\\HIC\\hic\\20191209_004704\\../Screenshots/iPhone 6/HIC/HBI/Health Choice/20191209_005912/2.png, D:\\Test\\AgileTest\\Reports\\HIC\\hic\\20191209_004704\\../Screenshots/iPhone 6/HIC/HBI/Health Choice/20191209_005912/3.png, D:\\Test\\AgileTest\\Reports\\HIC\\hic\\20191209_004704\\../Screenshots/iPhone 6/HIC/HBI/Health Choice/20191209_005912/4.png, D:\\Test\\AgileTest\\Reports\\HIC\\hic\\20191209_004704\\../Screenshots/iPhone 6/HIC/HBI/Health Choice/20191209_005912/5.png, D:\\Test\\AgileTest\\Reports\\HIC\\hic\\20191209_004704\\../Screenshots/iPhone 6/HIC/HBI/Health Choice/20191209_005912/6.png, D:\\Test\\AgileTest\\Reports\\HIC\\hic\\20191209_004704\\../Screenshots/iPhone 6/HIC/HBI/Health Choice/20191209_005912/7.png, D:\\Test\\AgileTest\\Reports\\HIC\\hic\\20191209_004704\\../Screenshots/iPhone 6/HIC/HBI/Health Choice/20191209_005912/8.png, D:\\Test\\AgileTest\\Reports\\HIC\\hic\\20191209_004704\\../Screenshots/iPhone 6/HIC/HBI/Legion Limited Medical/20191209_010041/0.png, D:\\Test\\AgileTest\\Reports\\HIC\\hic\\20191209_004704\\../Screenshots/iPhone 6/HIC/HBI/Legion Limited Medical/20191209_010041/1.png, D:\\Test\\AgileTest\\Reports\\HIC\\hic\\20191209_004704\\../Screenshots/iPhone 6/HIC/HBI/Legion Limited Medical/20191209_010041/2.png, D:\\Test\\AgileTest\\Reports\\HIC\\hic\\20191209_004704\\../Screenshots/iPhone 6/HIC/HBI/Legion Limited Medical/20191209_010041/3.png, D:\\Test\\AgileTest\\Reports\\HIC\\hic\\20191209_004704\\../Screenshots/iPhone 6/HIC/HBI/Legion Limited Medical/20191209_010041/4.png, D:\\Test\\AgileTest\\Reports\\HIC\\hic\\20191209_004704\\../Screenshots/iPhone 6/HIC/HBI/Legion Limited Medical/20191209_010041/5.png, D:\\Test\\AgileTest\\Reports\\HIC\\hic\\20191209_004704\\../Screenshots/iPhone 6/HIC/HBI/Legion Limited Medical/20191209_010041/6.png, D:\\Test\\AgileTest\\Reports\\HIC\\hic\\20191209_004704\\../Screenshots/iPhone 6/HIC/HBI/Legion Limited Medical/20191209_010041/7.png, D:\\Test\\AgileTest\\Reports\\HIC\\hic\\20191209_004704\\../Screenshots/iPhone 6/HIC/HBI/Legion Limited Medical/20191209_010041/8.png, D:\\Test\\AgileTest\\Reports\\HIC\\hic\\20191209_004704\\../Screenshots/iPhone 6/HIC/HBI/Vitala Care/20191209_010204/0.png, D:\\Test\\AgileTest\\Reports\\HIC\\hic\\20191209_004704\\../Screenshots/iPhone 6/HIC/HBI/Vitala Care/20191209_010204/1.png, D:\\Test\\AgileTest\\Reports\\HIC\\hic\\20191209_004704\\../Screenshots/iPhone 6/HIC/HBI/Vitala Care/20191209_010204/2.png, D:\\Test\\AgileTest\\Reports\\HIC\\hic\\20191209_004704\\../Screenshots/iPhone 6/HIC/HBI/Vitala Care/20191209_010204/3.png, D:\\Test\\AgileTest\\Reports\\HIC\\hic\\20191209_004704\\../Screenshots/iPhone 6/HIC/HBI/Vitala Care/20191209_010204/4.png, D:\\Test\\AgileTest\\Reports\\HIC\\hic\\20191209_004704\\../Screenshots/iPhone 6/HIC/HBI/Vitala Care/20191209_010204/5.png, D:\\Test\\AgileTest\\Reports\\HIC\\hic\\20191209_004704\\../Screenshots/iPhone 6/HIC/HBI/Vitala Care/20191209_010204/6.png, D:\\Test\\AgileTest\\Reports\\HIC\\hic\\20191209_004704\\../Screenshots/iPhone 6/HIC/HBI/Vitala Care/20191209_010204/7.png, D:\\Test\\AgileTest\\Reports\\HIC\\hic\\20191209_004704\\../Screenshots/iPhone 6/HIC/HBI/Vitala Care/20191209_010204/8.png, D:\\Test\\AgileTest\\Reports\\HIC\\hic\\20191209_004704\\../Screenshots/iPhone 6/HIC/HBI/Vitala Care/20191209_010204/9.png, D:\\Test\\AgileTest\\Reports\\HIC\\hic\\20191209_004704\\../Screenshots/iPhone 6/HIC/Medicare/Medicare/20191209_010356/0.png, D:\\Test\\AgileTest\\Reports\\HIC\\hic\\20191209_004704\\../Screenshots/iPhone 6/HIC/Medicare/Medicare/20191209_010356/1.png, D:\\Test\\AgileTest\\Reports\\HIC\\hic\\20191209_004704\\../Screenshots/iPhone 6/HIC/Medicare/Medicare/20191209_010356/2.png, D:\\Test\\AgileTest\\Reports\\HIC\\hic\\20191209_004704\\../Screenshots/iPhone 6/HIC/Medicare/Medicare/20191209_010356/3.png, D:\\Test\\AgileTest\\Reports\\HIC\\hic\\20191209_004704\\../Screenshots/iPhone 6/HIC/STM/AdvantHealth/20191209_010430/0.png, D:\\Test\\AgileTest\\Reports\\HIC\\hic\\20191209_004704\\../Screenshots/iPhone 6/HIC/STM/AdvantHealth/20191209_010430/1.png, D:\\Test\\AgileTest\\Reports\\HIC\\hic\\20191209_004704\\../Screenshots/iPhone 6/HIC/STM/AdvantHealth/20191209_010430/2.png, D:\\Test\\AgileTest\\Reports\\HIC\\hic\\20191209_004704\\1575871498931.png, D:\\Test\\AgileTest\\Reports\\HIC\\hic\\20191209_004704\\../Screenshots/iPhone 6/HIC/STM/Aspen/20191209_010500/0.png, D:\\Test\\AgileTest\\Reports\\HIC\\hic\\20191209_004704\\../Screenshots/iPhone 6/HIC/STM/Aspen/20191209_010500/1.png, D:\\Test\\AgileTest\\Reports\\HIC\\hic\\20191209_004704\\../Screenshots/iPhone 6/HIC/STM/Aspen/20191209_010500/2.png, D:\\Test\\AgileTest\\Reports\\HIC\\hic\\20191209_004704\\../Screenshots/iPhone 6/HIC/STM/Aspen/20191209_010500/3.png, D:\\Test\\AgileTest\\Reports\\HIC\\hic\\20191209_004704\\../Screenshots/iPhone 6/HIC/STM/Aspen/20191209_010500/4.png, D:\\Test\\AgileTest\\Reports\\HIC\\hic\\20191209_004704\\../Screenshots/iPhone 6/HIC/STM/Aspen/20191209_010500/5.png, D:\\Test\\AgileTest\\Reports\\HIC\\hic\\20191209_004704\\../Screenshots/iPhone 6/HIC/STM/Aspen/20191209_010500/6.png, D:\\Test\\AgileTest\\Reports\\HIC\\hic\\20191209_004704\\1575871555263.png, D:\\Test\\AgileTest\\Reports\\HIC\\hic\\20191209_004704\\../Screenshots/iPhone 6/HIC/STM/Aspen/20191209_010500/7.png, D:\\Test\\AgileTest\\Reports\\HIC\\hic\\20191209_004704\\../Screenshots/iPhone 6/HIC/STM/Aspen/20191209_010500/8.png, D:\\Test\\AgileTest\\Reports\\HIC\\hic\\20191209_004704\\../Screenshots/iPhone 6/HIC/STM/Aspen/20191209_010500/9.png, D:\\Test\\AgileTest\\Reports\\HIC\\hic\\20191209_004704\\../Screenshots/iPhone 6/HIC/STM/Aspen/20191209_010500/10.png, D:\\Test\\AgileTest\\Reports\\HIC\\hic\\20191209_004704\\../Screenshots/iPhone 6/HIC/STM/Companion/20191209_010647/0.png, D:\\Test\\AgileTest\\Reports\\HIC\\hic\\20191209_004704\\../Screenshots/iPhone 6/HIC/STM/Companion/20191209_010647/1.png, D:\\Test\\AgileTest\\Reports\\HIC\\hic\\20191209_004704\\../Screenshots/iPhone 6/HIC/STM/Companion/20191209_010647/2.png, D:\\Test\\AgileTest\\Reports\\HIC\\hic\\20191209_004704\\../Screenshots/iPhone 6/HIC/STM/Companion/20191209_010647/3.png, D:\\Test\\AgileTest\\Reports\\HIC\\hic\\20191209_004704\\../Screenshots/iPhone 6/HIC/STM/Companion/20191209_010647/4.png, D:\\Test\\AgileTest\\Reports\\HIC\\hic\\20191209_004704\\../Screenshots/iPhone 6/HIC/STM/Companion/20191209_010647/5.png, D:\\Test\\AgileTest\\Reports\\HIC\\hic\\20191209_004704\\../Screenshots/iPhone 6/HIC/STM/Companion/20191209_010647/6.png, D:\\Test\\AgileTest\\Reports\\HIC\\hic\\20191209_004704\\1575871652814.png, D:\\Test\\AgileTest\\Reports\\HIC\\hic\\20191209_004704\\../Screenshots/iPhone 6/HIC/STM/Companion/20191209_010647/7.png, D:\\Test\\AgileTest\\Reports\\HIC\\hic\\20191209_004704\\../Screenshots/iPhone 6/HIC/STM/Companion/20191209_010647/8.png, D:\\Test\\AgileTest\\Reports\\HIC\\hic\\20191209_004704\\../Screenshots/iPhone 6/HIC/STM/Companion/20191209_010647/9.png, D:\\Test\\AgileTest\\Reports\\HIC\\hic\\20191209_004704\\../Screenshots/iPhone 6/HIC/STM/Companion/20191209_010647/10.png, D:\\Test\\AgileTest\\Reports\\HIC\\hic\\20191209_004704\\../Screenshots/iPhone 6/HIC/STM/Everest Prime/20191209_010833/0.png, D:\\Test\\AgileTest\\Reports\\HIC\\hic\\20191209_004704\\../Screenshots/iPhone 6/HIC/STM/Everest Prime/20191209_010833/1.png, D:\\Test\\AgileTest\\Reports\\HIC\\hic\\20191209_004704\\../Screenshots/iPhone 6/HIC/STM/Everest Prime/20191209_010833/2.png, D:\\Test\\AgileTest\\Reports\\HIC\\hic\\20191209_004704\\../Screenshots/iPhone 6/HIC/STM/Everest Prime/20191209_010833/3.png, D:\\Test\\AgileTest\\Reports\\HIC\\hic\\20191209_004704\\../Screenshots/iPhone 6/HIC/STM/Everest Prime/20191209_010833/4.png, D:\\Test\\AgileTest\\Reports\\HIC\\hic\\20191209_004704\\../Screenshots/iPhone 6/HIC/STM/Everest Prime/20191209_010833/5.png, D:\\Test\\AgileTest\\Reports\\HIC\\hic\\20191209_004704\\../Screenshots/iPhone 6/HIC/STM/Everest Prime/20191209_010833/6.png, D:\\Test\\AgileTest\\Reports\\HIC\\hic\\20191209_004704\\1575871753435.png, D:\\Test\\AgileTest\\Reports\\HIC\\hic\\20191209_004704\\../Screenshots/iPhone 6/HIC/STM/Everest Prime/20191209_010833/7.png, D:\\Test\\AgileTest\\Reports\\HIC\\hic\\20191209_004704\\../Screenshots/iPhone 6/HIC/STM/Everest Prime/20191209_010833/8.png, D:\\Test\\AgileTest\\Reports\\HIC\\hic\\20191209_004704\\../Screenshots/iPhone 6/HIC/STM/Everest Prime/20191209_010833/9.png, D:\\Test\\AgileTest\\Reports\\HIC\\hic\\20191209_004704\\../Screenshots/iPhone 6/HIC/STM/Everest Prime/20191209_010833/10.png, D:\\Test\\AgileTest\\Reports\\HIC\\hic\\20191209_004704\\../Screenshots/iPhone 6/HIC/STM/Everest/20191209_011003/0.png, D:\\Test\\AgileTest\\Reports\\HIC\\hic\\20191209_004704\\../Screenshots/iPhone 6/HIC/STM/Everest/20191209_011003/1.png, D:\\Test\\AgileTest\\Reports\\HIC\\hic\\20191209_004704\\../Screenshots/iPhone 6/HIC/STM/Everest/20191209_011003/2.png, D:\\Test\\AgileTest\\Reports\\HIC\\hic\\20191209_004704\\../Screenshots/iPhone 6/HIC/STM/Everest/20191209_011003/3.png, D:\\Test\\AgileTest\\Reports\\HIC\\hic\\20191209_004704\\../Screenshots/iPhone 6/HIC/STM/Everest/20191209_011003/4.png, D:\\Test\\AgileTest\\Reports\\HIC\\hic\\20191209_004704\\../Screenshots/iPhone 6/HIC/STM/Everest/20191209_011003/5.png, D:\\Test\\AgileTest\\Reports\\HIC\\hic\\20191209_004704\\../Screenshots/iPhone 6/HIC/STM/Everest/20191209_011003/6.png, D:\\Test\\AgileTest\\Reports\\HIC\\hic\\20191209_004704\\1575871860608.png, D:\\Test\\AgileTest\\Reports\\HIC\\hic\\20191209_004704\\../Screenshots/iPhone 6/HIC/STM/Everest/20191209_011003/7.png, D:\\Test\\AgileTest\\Reports\\HIC\\hic\\20191209_004704\\../Screenshots/iPhone 6/HIC/STM/Everest/20191209_011003/8.png, D:\\Test\\AgileTest\\Reports\\HIC\\hic\\20191209_004704\\../Screenshots/iPhone 6/HIC/STM/Everest/20191209_011003/9.png, D:\\Test\\AgileTest\\Reports\\HIC\\hic\\20191209_004704\\../Screenshots/iPhone 6/HIC/STM/Everest/20191209_011003/10.png, D:\\Test\\AgileTest\\Reports\\HIC\\hic\\20191209_004704\\../Screenshots/iPhone 6/HIC/STM/National General/20191209_011153/0.png, D:\\Test\\AgileTest\\Reports\\HIC\\hic\\20191209_004704\\../Screenshots/iPhone 6/HIC/STM/National General/20191209_011153/1.png, D:\\Test\\AgileTest\\Reports\\HIC\\hic\\20191209_004704\\../Screenshots/iPhone 6/HIC/STM/National General/20191209_011153/2.png, D:\\Test\\AgileTest\\Reports\\HIC\\hic\\20191209_004704\\1575871948516.png, D:\\Test\\AgileTest\\Reports\\HIC\\hic\\20191209_004704\\../Screenshots/iPhone 6/HIC/STM/Slaico/20191209_011230/0.png, D:\\Test\\AgileTest\\Reports\\HIC\\hic\\20191209_004704\\../Screenshots/iPhone 6/HIC/STM/Slaico/20191209_011230/1.png, D:\\Test\\AgileTest\\Reports\\HIC\\hic\\20191209_004704\\../Screenshots/iPhone 6/HIC/STM/Slaico/20191209_011230/2.png, D:\\Test\\AgileTest\\Reports\\HIC\\hic\\20191209_004704\\1575871992735.png, D:\\Test\\AgileTest\\Reports\\HIC\\hic\\20191209_004704\\../Screenshots/iPhone 6/HIC/Teladoc/Teladoc/20191209_011313/0.png, D:\\Test\\AgileTest\\Reports\\HIC\\hic\\20191209_004704\\../Screenshots/iPhone 6/HIC/Teladoc/Teladoc/20191209_011313/1.png, D:\\Test\\AgileTest\\Reports\\HIC\\hic\\20191209_004704\\../Screenshots/iPhone 6/HIC/Teladoc/Teladoc/20191209_011313/2.png, D:\\Test\\AgileTest\\Reports\\HIC\\hic\\20191209_004704\\../Screenshots/iPhone 6/HIC/Teladoc/Teladoc/20191209_011313/3.png, D:\\Test\\AgileTest\\Reports\\HIC\\hic\\20191209_004704\\../Screenshots/iPhone 6/HIC/Teladoc/Teladoc/20191209_011313/4.png, D:\\Test\\AgileTest\\Reports\\HIC\\hic\\20191209_004704\\../Screenshots/iPhone 6/HIC/Teladoc/Teladoc/20191209_011313/5.png, D:\\Test\\AgileTest\\Reports\\HIC\\hic\\20191209_004704\\../Screenshots/iPhone 6/HIC/Teladoc/Teladoc/20191209_011313/6.png, D:\\Test\\AgileTest\\Reports\\HIC\\hic\\20191209_004704\\../Screenshots/iPhone 6/HIC/Teladoc/Teladoc/20191209_011313/7.png"/>
         <property name="hostName" value="Administrator - 172.30.0.53"/>
         <property name="os" value="Windows Server 2012 R2 64bit"/>
         <property name="katalonVersion" value="5.10.1.1"/>
         <property name="browser" value="Safari 11"/>
         <property name="hostAddress" value="172.30.0.53"/>
         <property name="sessionId" value="e4a1de9499dabe6e1e48b05af3cab4fd"/>
         <property name="seleniumVersion" value="3.7.1"/>
         <property name="proxyInformation" value="ProxyInformation{proxyOption=NO_PROXY, proxyServerType=HTTP, password=, proxyServerAddress=, proxyServerPort=0}"/>
         <property name="platform" value="Windows Server 2012 R2"/>
      </properties>
      <testcase name="Test Cases/HIC/ACA" classname="Test Cases/HIC/ACA" status="PASSED">
         <system-out><![CDATA[2019-12-09 00:47:08 - [TEST_CASE][PASSED] - Test Cases/HIC/ACA: Test Cases/HIC/ACA

2019-12-09 00:47:08 - [TEST_STEP][PASSED] - callTestCase(findTestCase("HIC/_include/get_hicScreenPath"), ["project":"HIC", "productLine":"ACA", "carrierName":"ACA"], CONTINUE_ON_FAILURE): Call Test Case 'Test Cases/HIC/_include/get_hicScreenPath' successfully

2019-12-09 00:47:08 - [TEST_CASE][PASSED] - Test Cases/HIC/_include/get_hicScreenPath: Test Cases/HIC/_include/get_hicScreenPath

2019-12-09 00:47:09 - [TEST_STEP][PASSED] - m = getExecutionProperties(): null

2019-12-09 00:47:09 - [TEST_STEP][PASSED] - deviceName = get("mobileEmulation").get("deviceName"): null

2019-12-09 00:47:09 - [TEST_STEP][PASSED] - println(deviceName): null

2019-12-09 00:47:09 - [TEST_STEP][PASSED] - now = new java.util.Date(): null

2019-12-09 00:47:09 - [TEST_STEP][PASSED] - mydate = now.format("yyyyMMdd_HHmmss"): null

2019-12-09 00:47:09 - [TEST_STEP][PASSED] - screenPath = "../Screenshots/": null

2019-12-09 00:47:09 - [TEST_STEP][PASSED] - screenPath = screenPath + deviceName + "/" + project + "/" + productLine + "/" + carrierName + "/" + mydate + "/": null

2019-12-09 00:47:09 - [TEST_STEP][PASSED] - println(screenPath): null

2019-12-09 00:47:09 - [MESSAGE][PASSED] - Call Test Case 'Test Cases/HIC/_include/get_hicScreenPath' successfully

2019-12-09 00:47:09 - [TEST_STEP][PASSED] - i = 0: null

2019-12-09 00:47:09 - [TEST_STEP][PASSED] - callTestCase(findTestCase("AHI/_include/openWebSite"), ["env":"https://qa.healthinsurance.com/"], CONTINUE_ON_FAILURE): Call Test Case 'Test Cases/AHI/_include/openWebSite' successfully

2019-12-09 00:47:09 - [TEST_CASE][PASSED] - Test Cases/AHI/_include/openWebSite: Test Cases/AHI/_include/openWebSite

2019-12-09 00:47:09 - [TEST_STEP][PASSED] - openBrowser(env): Browser is opened with url: 'https://qa.healthinsurance.com/'

2019-12-09 00:47:09 - [MESSAGE][INFO] - Starting 'Chrome' driver

2019-12-09 00:47:09 - [MESSAGE][INFO] - User set preference: ['mobileEmulation', '{deviceName=iPhone 6}']

2019-12-09 00:47:09 - [MESSAGE][INFO] - User set preference: ['args', '[--incognito, --aggressive-cache-discard, --window-size=375,677, --no-sandbox]']

2019-12-09 00:47:09 - [MESSAGE][INFO] - Action delay is set to 0 seconds

2019-12-09 00:47:12 - [MESSAGE][PASSED] - Browser is opened with url: 'https://qa.healthinsurance.com/'

2019-12-09 00:47:12 - [TEST_STEP][PASSED] - waitForPageLoad(20): Wait for page load successfully

2019-12-09 00:47:12 - [MESSAGE][PASSED] - Wait for page load successfully

2019-12-09 00:47:12 - [TEST_STEP][PASSED] - callTestCase(findTestCase("AHI/_include/get_screenshot"), [:], STOP_ON_FAILURE): Call Test Case 'Test Cases/AHI/_include/get_screenshot' successfully

2019-12-09 00:47:12 - [TEST_CASE][PASSED] - Test Cases/AHI/_include/get_screenshot: Test Cases/AHI/_include/get_screenshot

2019-12-09 00:47:13 - [TEST_STEP][PASSED] - takeScreenshot(screenPath + i + ".png"): Taking screenshot successfully

2019-12-09 00:47:13 - [MESSAGE][PASSED] - Taking screenshot successfully
[[ATTACHMENT|D:\\Test\\AgileTest\\Reports\\HIC\\hic\\20191209_004704\\../Screenshots/iPhone 6/HIC/ACA/ACA/20191209_004709/0.png]]

2019-12-09 00:47:13 - [TEST_STEP][PASSED] - (internal.GlobalVariable.i++): null

2019-12-09 00:47:13 - [MESSAGE][PASSED] - Call Test Case 'Test Cases/AHI/_include/get_screenshot' successfully

2019-12-09 00:47:13 - [MESSAGE][PASSED] - Call Test Case 'Test Cases/AHI/_include/openWebSite' successfully

2019-12-09 00:47:13 - [TEST_STEP][PASSED] - click(findTestObject("hic/nav/navButton")): Object: 'Object Repository/hic/nav/navButton' is clicked on

2019-12-09 00:47:13 - [MESSAGE][PASSED] - Object: 'Object Repository/hic/nav/navButton' is clicked on

2019-12-09 00:47:13 - [TEST_STEP][PASSED] - click(findTestObject("hic/nav/acaLink")): Object: 'Object Repository/hic/nav/acaLink' is clicked on

2019-12-09 00:47:14 - [MESSAGE][PASSED] - Object: 'Object Repository/hic/nav/acaLink' is clicked on

2019-12-09 00:47:14 - [TEST_STEP][PASSED] - Thread.sleep(2000): null

2019-12-09 00:47:16 - [TEST_STEP][PASSED] - callTestCase(findTestCase("AHI/_include/get_screenshot"), [:], STOP_ON_FAILURE): Call Test Case 'Test Cases/AHI/_include/get_screenshot' successfully

2019-12-09 00:47:16 - [TEST_CASE][PASSED] - Test Cases/AHI/_include/get_screenshot: Test Cases/AHI/_include/get_screenshot

2019-12-09 00:47:16 - [TEST_STEP][PASSED] - takeScreenshot(screenPath + i + ".png"): Taking screenshot successfully

2019-12-09 00:47:16 - [MESSAGE][PASSED] - Taking screenshot successfully
[[ATTACHMENT|D:\\Test\\AgileTest\\Reports\\HIC\\hic\\20191209_004704\\../Screenshots/iPhone 6/HIC/ACA/ACA/20191209_004709/1.png]]

2019-12-09 00:47:16 - [TEST_STEP][PASSED] - (internal.GlobalVariable.i++): null

2019-12-09 00:47:16 - [MESSAGE][PASSED] - Call Test Case 'Test Cases/AHI/_include/get_screenshot' successfully

2019-12-09 00:47:16 - [TEST_STEP][PASSED] - setText(findTestObject("hic/aca/zip"), "33186"): Text '33186' is set on object 'Object Repository/hic/aca/zip'

2019-12-09 00:47:17 - [MESSAGE][PASSED] - Text '33186' is set on object 'Object Repository/hic/aca/zip'

2019-12-09 00:47:17 - [TEST_STEP][PASSED] - Thread.sleep(5000): null

2019-12-09 00:47:22 - [TEST_STEP][PASSED] - click(findTestObject("hic/aca/comparePlan")): Object: 'Object Repository/hic/aca/comparePlan' is clicked on

2019-12-09 00:47:24 - [MESSAGE][PASSED] - Object: 'Object Repository/hic/aca/comparePlan' is clicked on

2019-12-09 00:47:24 - [TEST_STEP][PASSED] - Thread.sleep(5000): null

2019-12-09 00:47:29 - [TEST_STEP][PASSED] - callTestCase(findTestCase("AHI/_include/get_screenshot"), [:], STOP_ON_FAILURE): Call Test Case 'Test Cases/AHI/_include/get_screenshot' successfully

2019-12-09 00:47:29 - [TEST_CASE][PASSED] - Test Cases/AHI/_include/get_screenshot: Test Cases/AHI/_include/get_screenshot

2019-12-09 00:47:29 - [TEST_STEP][PASSED] - takeScreenshot(screenPath + i + ".png"): Taking screenshot successfully

2019-12-09 00:47:29 - [MESSAGE][PASSED] - Taking screenshot successfully
[[ATTACHMENT|D:\\Test\\AgileTest\\Reports\\HIC\\hic\\20191209_004704\\../Screenshots/iPhone 6/HIC/ACA/ACA/20191209_004709/2.png]]

2019-12-09 00:47:29 - [TEST_STEP][PASSED] - (internal.GlobalVariable.i++): null

2019-12-09 00:47:29 - [MESSAGE][PASSED] - Call Test Case 'Test Cases/AHI/_include/get_screenshot' successfully]]></system-out>
         <system-err><![CDATA[]]></system-err>
      </testcase>
      <testcase name="Test Cases/HIC/Dental/National General" classname="Test Cases/HIC/Dental/National General" status="PASSED">
         <system-out><![CDATA[2019-12-09 00:47:29 - [TEST_CASE][PASSED] - Test Cases/HIC/Dental/National General: Test Cases/HIC/Dental/National General

2019-12-09 00:47:29 - [TEST_STEP][PASSED] - callTestCase(findTestCase("HIC/_include/get_hicScreenPath"), ["project":"HIC", "productLine":"Dental", "carrierName":"National General"], CONTINUE_ON_FAILURE): Call Test Case 'Test Cases/HIC/_include/get_hicScreenPath' successfully

2019-12-09 00:47:30 - [TEST_CASE][PASSED] - Test Cases/HIC/_include/get_hicScreenPath: Test Cases/HIC/_include/get_hicScreenPath

2019-12-09 00:47:30 - [TEST_STEP][PASSED] - m = getExecutionProperties(): null

2019-12-09 00:47:30 - [TEST_STEP][PASSED] - deviceName = get("mobileEmulation").get("deviceName"): null

2019-12-09 00:47:30 - [TEST_STEP][PASSED] - println(deviceName): null

2019-12-09 00:47:30 - [TEST_STEP][PASSED] - now = new java.util.Date(): null

2019-12-09 00:47:30 - [TEST_STEP][PASSED] - mydate = now.format("yyyyMMdd_HHmmss"): null

2019-12-09 00:47:30 - [TEST_STEP][PASSED] - screenPath = "../Screenshots/": null

2019-12-09 00:47:30 - [TEST_STEP][PASSED] - screenPath = screenPath + deviceName + "/" + project + "/" + productLine + "/" + carrierName + "/" + mydate + "/": null

2019-12-09 00:47:30 - [TEST_STEP][PASSED] - println(screenPath): null

2019-12-09 00:47:30 - [MESSAGE][PASSED] - Call Test Case 'Test Cases/HIC/_include/get_hicScreenPath' successfully

2019-12-09 00:47:30 - [TEST_STEP][PASSED] - i = 0: null

2019-12-09 00:47:30 - [TEST_STEP][PASSED] - callTestCase(findTestCase("AHI/_include/openWebSite"), ["env":"https://qa.healthinsurance.com/"], CONTINUE_ON_FAILURE): Call Test Case 'Test Cases/AHI/_include/openWebSite' successfully

2019-12-09 00:47:30 - [TEST_CASE][PASSED] - Test Cases/AHI/_include/openWebSite: Test Cases/AHI/_include/openWebSite

2019-12-09 00:47:30 - [TEST_STEP][PASSED] - openBrowser(env): Browser is opened with url: 'https://qa.healthinsurance.com/'

2019-12-09 00:47:30 - [MESSAGE][WARNING] - A browser is already opened. Closing browser and opening a new one

2019-12-09 00:47:31 - [MESSAGE][INFO] - Starting 'Chrome' driver

2019-12-09 00:47:31 - [MESSAGE][INFO] - User set preference: ['mobileEmulation', '{deviceName=iPhone 6}']

2019-12-09 00:47:31 - [MESSAGE][INFO] - User set preference: ['args', '[--incognito, --aggressive-cache-discard, --window-size=375,677, --no-sandbox]']

2019-12-09 00:47:34 - [MESSAGE][PASSED] - Browser is opened with url: 'https://qa.healthinsurance.com/'

2019-12-09 00:47:34 - [TEST_STEP][PASSED] - waitForPageLoad(20): Wait for page load successfully

2019-12-09 00:47:34 - [MESSAGE][PASSED] - Wait for page load successfully

2019-12-09 00:47:34 - [TEST_STEP][PASSED] - callTestCase(findTestCase("AHI/_include/get_screenshot"), [:], STOP_ON_FAILURE): Call Test Case 'Test Cases/AHI/_include/get_screenshot' successfully

2019-12-09 00:47:34 - [TEST_CASE][PASSED] - Test Cases/AHI/_include/get_screenshot: Test Cases/AHI/_include/get_screenshot

2019-12-09 00:47:34 - [TEST_STEP][PASSED] - takeScreenshot(screenPath + i + ".png"): Taking screenshot successfully

2019-12-09 00:47:35 - [MESSAGE][PASSED] - Taking screenshot successfully
[[ATTACHMENT|D:\\Test\\AgileTest\\Reports\\HIC\\hic\\20191209_004704\\../Screenshots/iPhone 6/HIC/Dental/National General/20191209_004730/0.png]]

2019-12-09 00:47:35 - [TEST_STEP][PASSED] - (internal.GlobalVariable.i++): null

2019-12-09 00:47:35 - [MESSAGE][PASSED] - Call Test Case 'Test Cases/AHI/_include/get_screenshot' successfully

2019-12-09 00:47:35 - [MESSAGE][PASSED] - Call Test Case 'Test Cases/AHI/_include/openWebSite' successfully

2019-12-09 00:47:35 - [TEST_STEP][PASSED] - click(findTestObject("hic/nav/navButton")): Object: 'Object Repository/hic/nav/navButton' is clicked on

2019-12-09 00:47:35 - [MESSAGE][PASSED] - Object: 'Object Repository/hic/nav/navButton' is clicked on

2019-12-09 00:47:35 - [TEST_STEP][PASSED] - Thread.sleep(2000): null

2019-12-09 00:47:37 - [TEST_STEP][PASSED] - click(findTestObject("hic/nav/dentalLink")): Object: 'Object Repository/hic/nav/dentalLink' is clicked on

2019-12-09 00:47:37 - [MESSAGE][PASSED] - Object: 'Object Repository/hic/nav/dentalLink' is clicked on

2019-12-09 00:47:37 - [TEST_STEP][PASSED] - Thread.sleep(2000): null

2019-12-09 00:47:39 - [TEST_STEP][PASSED] - callTestCase(findTestCase("AHI/_include/get_screenshot"), [:], STOP_ON_FAILURE): Call Test Case 'Test Cases/AHI/_include/get_screenshot' successfully

2019-12-09 00:47:39 - [TEST_CASE][PASSED] - Test Cases/AHI/_include/get_screenshot: Test Cases/AHI/_include/get_screenshot

2019-12-09 00:47:39 - [TEST_STEP][PASSED] - takeScreenshot(screenPath + i + ".png"): Taking screenshot successfully

2019-12-09 00:47:40 - [MESSAGE][PASSED] - Taking screenshot successfully
[[ATTACHMENT|D:\\Test\\AgileTest\\Reports\\HIC\\hic\\20191209_004704\\../Screenshots/iPhone 6/HIC/Dental/National General/20191209_004730/1.png]]

2019-12-09 00:47:40 - [TEST_STEP][PASSED] - (internal.GlobalVariable.i++): null

2019-12-09 00:47:40 - [MESSAGE][PASSED] - Call Test Case 'Test Cases/AHI/_include/get_screenshot' successfully

2019-12-09 00:47:40 - [TEST_STEP][PASSED] - callTestCase(findTestCase("HIC/_include/stm_census"), ["zipcode":"35215"], STOP_ON_FAILURE): Call Test Case 'Test Cases/HIC/_include/stm_census' successfully

2019-12-09 00:47:40 - [TEST_CASE][PASSED] - Test Cases/HIC/_include/stm_census: Test Cases/HIC/_include/stm_census

2019-12-09 00:47:40 - [TEST_STEP][PASSED] - setText(findTestObject("hic/stm/zip"), zipcode): Text '35215' is set on object 'Object Repository/hic/stm/zip'

2019-12-09 00:47:42 - [MESSAGE][PASSED] - Text '35215' is set on object 'Object Repository/hic/stm/zip'

2019-12-09 00:47:42 - [TEST_STEP][PASSED] - Thread.sleep(500): null

2019-12-09 00:47:42 - [TEST_STEP][PASSED] - setText(findTestObject("hic/stm/primaryDOB"), "03031987"): Text '03031987' is set on object 'Object Repository/hic/stm/primaryDOB'

2019-12-09 00:47:42 - [MESSAGE][PASSED] - Text '03031987' is set on object 'Object Repository/hic/stm/primaryDOB'

2019-12-09 00:47:42 - [TEST_STEP][PASSED] - click(findTestObject("hic/stm/female")): Object: 'Object Repository/hic/stm/female' is clicked on

2019-12-09 00:47:42 - [MESSAGE][PASSED] - Object: 'Object Repository/hic/stm/female' is clicked on

2019-12-09 00:47:42 - [TEST_STEP][PASSED] - Thread.sleep(3000): null

2019-12-09 00:47:45 - [TEST_STEP][PASSED] - click(findTestObject("hic/stm/submitButton")): Object: 'Object Repository/hic/stm/submitButton' is clicked on

2019-12-09 00:47:46 - [MESSAGE][PASSED] - Object: 'Object Repository/hic/stm/submitButton' is clicked on

2019-12-09 00:47:46 - [TEST_STEP][PASSED] - Thread.sleep(6000): null

2019-12-09 00:47:52 - [TEST_STEP][PASSED] - callTestCase(findTestCase("AHI/_include/get_screenshot"), [:], STOP_ON_FAILURE): Call Test Case 'Test Cases/AHI/_include/get_screenshot' successfully

2019-12-09 00:47:52 - [TEST_CASE][PASSED] - Test Cases/AHI/_include/get_screenshot: Test Cases/AHI/_include/get_screenshot

2019-12-09 00:47:52 - [TEST_STEP][PASSED] - takeScreenshot(screenPath + i + ".png"): Taking screenshot successfully

2019-12-09 00:47:53 - [MESSAGE][PASSED] - Taking screenshot successfully
[[ATTACHMENT|D:\\Test\\AgileTest\\Reports\\HIC\\hic\\20191209_004704\\../Screenshots/iPhone 6/HIC/Dental/National General/20191209_004730/2.png]]

2019-12-09 00:47:53 - [TEST_STEP][PASSED] - (internal.GlobalVariable.i++): null

2019-12-09 00:47:53 - [MESSAGE][PASSED] - Call Test Case 'Test Cases/AHI/_include/get_screenshot' successfully

2019-12-09 00:47:53 - [TEST_STEP][PASSED] - Thread.sleep(1000): null

2019-12-09 00:47:54 - [MESSAGE][PASSED] - Call Test Case 'Test Cases/HIC/_include/stm_census' successfully

2019-12-09 00:47:54 - [TEST_STEP][PASSED] - click(findTestObject("mobileSanity/Dental/filter/btn_filter")): Object: 'Object Repository/mobileSanity/Dental/filter/btn_filter' is clicked on

2019-12-09 00:47:54 - [MESSAGE][PASSED] - Object: 'Object Repository/mobileSanity/Dental/filter/btn_filter' is clicked on

2019-12-09 00:47:54 - [TEST_STEP][PASSED] - waitForElementVisible(findTestObject("mobileSanity/Dental/filter/btn_company"), 10): Object 'Object Repository/mobileSanity/Dental/filter/btn_company' is visible

2019-12-09 00:47:54 - [MESSAGE][PASSED] - Object 'Object Repository/mobileSanity/Dental/filter/btn_company' is visible

2019-12-09 00:47:54 - [TEST_STEP][PASSED] - click(findTestObject("mobileSanity/Dental/filter/btn_company")): Object: 'Object Repository/mobileSanity/Dental/filter/btn_company' is clicked on

2019-12-09 00:47:54 - [MESSAGE][PASSED] - Object: 'Object Repository/mobileSanity/Dental/filter/btn_company' is clicked on

2019-12-09 00:47:54 - [TEST_STEP][PASSED] - Thread.sleep(2000): null

2019-12-09 00:47:56 - [TEST_STEP][PASSED] - click(findTestObject("mobileSanity/Dental/filter/btn_ng")): Object: 'Object Repository/mobileSanity/Dental/filter/btn_ng' is clicked on

2019-12-09 00:47:56 - [MESSAGE][PASSED] - Object: 'Object Repository/mobileSanity/Dental/filter/btn_ng' is clicked on

2019-12-09 00:47:56 - [TEST_STEP][PASSED] - waitForJQueryLoad(20, STOP_ON_FAILURE): jQuery is ready.

2019-12-09 00:47:57 - [MESSAGE][PASSED] - jQuery is ready.

2019-12-09 00:47:57 - [TEST_STEP][PASSED] - callTestCase(findTestCase("AHI/_include/get_screenshot"), [:], STOP_ON_FAILURE): Call Test Case 'Test Cases/AHI/_include/get_screenshot' successfully

2019-12-09 00:47:57 - [TEST_CASE][PASSED] - Test Cases/AHI/_include/get_screenshot: Test Cases/AHI/_include/get_screenshot

2019-12-09 00:47:57 - [TEST_STEP][PASSED] - takeScreenshot(screenPath + i + ".png"): Taking screenshot successfully

2019-12-09 00:47:57 - [MESSAGE][PASSED] - Taking screenshot successfully
[[ATTACHMENT|D:\\Test\\AgileTest\\Reports\\HIC\\hic\\20191209_004704\\../Screenshots/iPhone 6/HIC/Dental/National General/20191209_004730/3.png]]

2019-12-09 00:47:57 - [TEST_STEP][PASSED] - (internal.GlobalVariable.i++): null

2019-12-09 00:47:57 - [MESSAGE][PASSED] - Call Test Case 'Test Cases/AHI/_include/get_screenshot' successfully

2019-12-09 00:47:57 - [TEST_STEP][PASSED] - click(findTestObject("mobileSanity/Dental/filter/btn_filter")): Object: 'Object Repository/mobileSanity/Dental/filter/btn_filter' is clicked on

2019-12-09 00:47:58 - [MESSAGE][PASSED] - Object: 'Object Repository/mobileSanity/Dental/filter/btn_filter' is clicked on

2019-12-09 00:47:58 - [TEST_STEP][PASSED] - Thread.sleep(2000): null

2019-12-09 00:48:00 - [TEST_STEP][PASSED] - scrollToPosition(0, 600): Browser is scrolled to position x = 0, y = 600

2019-12-09 00:48:00 - [MESSAGE][PASSED] - Browser is scrolled to position x = 0, y = 600

2019-12-09 00:48:00 - [TEST_STEP][PASSED] - Thread.sleep(2000): null

2019-12-09 00:48:02 - [TEST_STEP][PASSED] - click(findTestObject("mobileSanity/Dental/quote/a_Select This Plan")): Object: 'Object Repository/mobileSanity/Dental/quote/a_Select This Plan' is clicked on

2019-12-09 00:48:02 - [MESSAGE][PASSED] - Object: 'Object Repository/mobileSanity/Dental/quote/a_Select This Plan' is clicked on

2019-12-09 00:48:02 - [TEST_STEP][PASSED] - waitForPageLoad(10): Wait for page load successfully

2019-12-09 00:48:02 - [MESSAGE][PASSED] - Wait for page load successfully

2019-12-09 00:48:02 - [TEST_STEP][PASSED] - callTestCase(findTestCase("AHI/_include/get_screenshot"), [:], STOP_ON_FAILURE): Call Test Case 'Test Cases/AHI/_include/get_screenshot' successfully

2019-12-09 00:48:02 - [TEST_CASE][PASSED] - Test Cases/AHI/_include/get_screenshot: Test Cases/AHI/_include/get_screenshot

2019-12-09 00:48:02 - [TEST_STEP][PASSED] - takeScreenshot(screenPath + i + ".png"): Taking screenshot successfully

2019-12-09 00:48:03 - [MESSAGE][PASSED] - Taking screenshot successfully
[[ATTACHMENT|D:\\Test\\AgileTest\\Reports\\HIC\\hic\\20191209_004704\\../Screenshots/iPhone 6/HIC/Dental/National General/20191209_004730/4.png]]

2019-12-09 00:48:03 - [TEST_STEP][PASSED] - (internal.GlobalVariable.i++): null

2019-12-09 00:48:03 - [MESSAGE][PASSED] - Call Test Case 'Test Cases/AHI/_include/get_screenshot' successfully

2019-12-09 00:48:03 - [TEST_STEP][PASSED] - Thread.sleep(2000): null

2019-12-09 00:48:05 - [TEST_STEP][PASSED] - click(findTestObject("mobileSanity/Dental/apply/span_Start Secure Application")): Object: 'Object Repository/mobileSanity/Dental/apply/span_Start Secure Application' is clicked on

2019-12-09 00:48:05 - [MESSAGE][PASSED] - Object: 'Object Repository/mobileSanity/Dental/apply/span_Start Secure Application' is clicked on

2019-12-09 00:48:05 - [TEST_STEP][PASSED] - waitForPageLoad(10): Wait for page load successfully

2019-12-09 00:48:06 - [MESSAGE][PASSED] - Wait for page load successfully

2019-12-09 00:48:06 - [TEST_STEP][PASSED] - Thread.sleep(2000): null

2019-12-09 00:48:08 - [TEST_STEP][PASSED] - callTestCase(findTestCase("AHI/_include/get_screenshot"), [:], STOP_ON_FAILURE): Call Test Case 'Test Cases/AHI/_include/get_screenshot' successfully

2019-12-09 00:48:08 - [TEST_CASE][PASSED] - Test Cases/AHI/_include/get_screenshot: Test Cases/AHI/_include/get_screenshot

2019-12-09 00:48:08 - [TEST_STEP][PASSED] - takeScreenshot(screenPath + i + ".png"): Taking screenshot successfully

2019-12-09 00:48:08 - [MESSAGE][PASSED] - Taking screenshot successfully
[[ATTACHMENT|D:\\Test\\AgileTest\\Reports\\HIC\\hic\\20191209_004704\\../Screenshots/iPhone 6/HIC/Dental/National General/20191209_004730/5.png]]

2019-12-09 00:48:08 - [TEST_STEP][PASSED] - (internal.GlobalVariable.i++): null

2019-12-09 00:48:08 - [MESSAGE][PASSED] - Call Test Case 'Test Cases/AHI/_include/get_screenshot' successfully

2019-12-09 00:48:08 - [TEST_STEP][PASSED] - callTestCase(findTestCase("AHI/_include/goToEnd_dental"), ["carrier":"nationalgeneral"], CONTINUE_ON_FAILURE): Call Test Case 'Test Cases/AHI/_include/goToEnd_dental' successfully

2019-12-09 00:48:08 - [TEST_CASE][PASSED] - Test Cases/AHI/_include/goToEnd_dental: Test Cases/AHI/_include/goToEnd_dental

2019-12-09 00:48:08 - [TEST_STEP][PASSED] - callTestCase(findTestCase("AHI/_include/name"), [:], CONTINUE_ON_FAILURE): Call Test Case 'Test Cases/AHI/_include/name' successfully

2019-12-09 00:48:08 - [TEST_CASE][PASSED] - Test Cases/AHI/_include/name: Test Cases/AHI/_include/name

2019-12-09 00:48:08 - [TEST_STEP][PASSED] - driver = getWebDriver(): null

2019-12-09 00:48:09 - [TEST_STEP][PASSED] - selenium = new com.thoughtworks.selenium.webdriven.WebDriverBackedSelenium(driver, internal.GlobalVariable.ENV): null

2019-12-09 00:48:09 - [TEST_STEP][PASSED] - FirstName = "Test-123": null

2019-12-09 00:48:09 - [TEST_STEP][PASSED] - LastName = selenium.getEval("{var x="ABCDEFGHIJKLMNOPQRSTUVWXYZabcdefghijklmnopqrstuvwxyz"; var tmp="ZZ11-"; for (i=0;i<8;i++) tmp+=x.charAt(Math.ceil(51*Math.random()));tmp;}"): null

2019-12-09 00:48:09 - [TEST_STEP][PASSED] - Address = selenium.getEval("{var x="ABCDEFGHIJKLMNOPQRSTUVWXYZabcdefghijklmnopqrstuvwxyz"; var tmp=""; for (i=0;i<8;i++) tmp+=x.charAt(Math.ceil(51*Math.random()));tmp;}"): null

2019-12-09 00:48:09 - [TEST_STEP][PASSED] - City = selenium.getEval("{var x="ABCDEFGHIJKLMNOPQRSTUVWXYZabcdefghijklmnopqrstuvwxyz"; var tmp=""; for (i=0;i<8;i++) tmp+=x.charAt(Math.ceil(51*Math.random()));tmp;}"): null

2019-12-09 00:48:09 - [TEST_STEP][PASSED] - tel1 = selenium.getEval("{var x="123456789"; var tmp=""; for (i=0;i<3;i++) tmp+=x.charAt(Math.ceil(8*Math.random()));tmp;}"): null

2019-12-09 00:48:09 - [TEST_STEP][PASSED] - tel2 = selenium.getEval("{var x="123456789"; var tmp=""; for (i=0;i<3;i++) tmp+=x.charAt(Math.ceil(8*Math.random()));tmp;}"): null

2019-12-09 00:48:09 - [TEST_STEP][PASSED] - tel3 = selenium.getEval("{var x="123456789"; var tmp=""; for (i=0;i<4;i++) tmp+=x.charAt(Math.ceil(8*Math.random()));tmp;}"): null

2019-12-09 00:48:09 - [TEST_STEP][PASSED] - Tel = selenium.getExpression(tel1 + "-" + tel2 + "-" + tel3): null

2019-12-09 00:48:09 - [TEST_STEP][PASSED] - AutoEmail = selenium.getEval("{var x="ABCDEFGHIJKLMNOPQRSTUVWXYZabcdefghijklmnopqrstuvwxyz"; var tmp="test."; for (i=0;i<8;i++) tmp+=x.charAt(Math.ceil(51*Math.random()));tmp+="@suryani.cn";}"): null

2019-12-09 00:48:09 - [TEST_STEP][PASSED] - FirstName = FirstName: null

2019-12-09 00:48:09 - [TEST_STEP][PASSED] - LastName = LastName: null

2019-12-09 00:48:09 - [TEST_STEP][PASSED] - Address = Address: null

2019-12-09 00:48:09 - [TEST_STEP][PASSED] - City = City: null

2019-12-09 00:48:09 - [TEST_STEP][PASSED] - Tel = Tel: null

2019-12-09 00:48:09 - [TEST_STEP][PASSED] - AutoEmail = AutoEmail: null

2019-12-09 00:48:09 - [TEST_STEP][PASSED] - println(FirstName): null

2019-12-09 00:48:09 - [TEST_STEP][PASSED] - println(LastName): null

2019-12-09 00:48:09 - [TEST_STEP][PASSED] - println(Address): null

2019-12-09 00:48:09 - [TEST_STEP][PASSED] - println(City): null

2019-12-09 00:48:09 - [TEST_STEP][PASSED] - println(Tel): null

2019-12-09 00:48:09 - [TEST_STEP][PASSED] - println(AutoEmail): null

2019-12-09 00:48:09 - [MESSAGE][PASSED] - Call Test Case 'Test Cases/AHI/_include/name' successfully

2019-12-09 00:48:09 - [TEST_STEP][PASSED] - Thread.sleep(3000): null

2019-12-09 00:48:12 - [TEST_STEP][PASSED] - setText(findTestObject("mobileSanity/Dental/app_page1/input__member-P-1-firstName"), FirstName): Text 'Test-123' is set on object 'Object Repository/mobileSanity/Dental/app_page1/input__member-P-1-firstName'

2019-12-09 00:48:12 - [MESSAGE][PASSED] - Text 'Test-123' is set on object 'Object Repository/mobileSanity/Dental/app_page1/input__member-P-1-firstName'

2019-12-09 00:48:12 - [TEST_STEP][PASSED] - setText(findTestObject("mobileSanity/Dental/app_page1/input__member-P-1-lastName"), LastName): Text 'ZZ11-xbedpycR' is set on object 'Object Repository/mobileSanity/Dental/app_page1/input__member-P-1-lastName'

2019-12-09 00:48:12 - [MESSAGE][PASSED] - Text 'ZZ11-xbedpycR' is set on object 'Object Repository/mobileSanity/Dental/app_page1/input__member-P-1-lastName'

2019-12-09 00:48:12 - [TEST_STEP][PASSED] - setText(findTestObject("mobileSanity/Dental/app_page1/input__address"), Address): Text 'unRuIFXY' is set on object 'Object Repository/mobileSanity/Dental/app_page1/input__address'

2019-12-09 00:48:13 - [MESSAGE][PASSED] - Text 'unRuIFXY' is set on object 'Object Repository/mobileSanity/Dental/app_page1/input__address'

2019-12-09 00:48:13 - [TEST_STEP][PASSED] - setText(findTestObject("mobileSanity/Dental/app_page1/input__city"), City): Text 'IatCvphc' is set on object 'Object Repository/mobileSanity/Dental/app_page1/input__city'

2019-12-09 00:48:13 - [MESSAGE][PASSED] - Text 'IatCvphc' is set on object 'Object Repository/mobileSanity/Dental/app_page1/input__city'

2019-12-09 00:48:13 - [TEST_STEP][PASSED] - setText(findTestObject("mobileSanity/Dental/app_page1/input__email"), AutoEmail): Text 'test.JVIyIKQN@suryani.cn' is set on object 'Object Repository/mobileSanity/Dental/app_page1/input__email'

2019-12-09 00:48:13 - [MESSAGE][PASSED] - Text 'test.JVIyIKQN@suryani.cn' is set on object 'Object Repository/mobileSanity/Dental/app_page1/input__email'

2019-12-09 00:48:13 - [TEST_STEP][PASSED] - setText(findTestObject("mobileSanity/Dental/app_page1/input_phone"), Tel): Text '233-828-2367' is set on object 'Object Repository/mobileSanity/Dental/app_page1/input_phone'

2019-12-09 00:48:13 - [MESSAGE][PASSED] - Text '233-828-2367' is set on object 'Object Repository/mobileSanity/Dental/app_page1/input_phone'

2019-12-09 00:48:13 - [TEST_STEP][PASSED] - click(findTestObject("mobileSanity/Dental/app_page1/a_Continue to Step 2 - Payment")): Object: 'Object Repository/mobileSanity/Dental/app_page1/a_Continue to Step 2 - Payment' is clicked on

2019-12-09 00:48:14 - [MESSAGE][PASSED] - Object: 'Object Repository/mobileSanity/Dental/app_page1/a_Continue to Step 2 - Payment' is clicked on

2019-12-09 00:48:14 - [TEST_STEP][PASSED] - waitForPageLoad(10): Wait for page load successfully

2019-12-09 00:48:14 - [MESSAGE][PASSED] - Wait for page load successfully

2019-12-09 00:48:14 - [TEST_STEP][PASSED] - Thread.sleep(2000): null

2019-12-09 00:48:16 - [TEST_STEP][PASSED] - if (carrier == "usa"): null

2019-12-09 00:48:16 - [TEST_STEP][PASSED] - callTestCase(findTestCase("AHI/_include/get_screenshot"), [:], STOP_ON_FAILURE): Call Test Case 'Test Cases/AHI/_include/get_screenshot' successfully

2019-12-09 00:48:16 - [TEST_CASE][PASSED] - Test Cases/AHI/_include/get_screenshot: Test Cases/AHI/_include/get_screenshot

2019-12-09 00:48:16 - [TEST_STEP][PASSED] - takeScreenshot(screenPath + i + ".png"): Taking screenshot successfully

2019-12-09 00:48:16 - [MESSAGE][PASSED] - Taking screenshot successfully
[[ATTACHMENT|D:\\Test\\AgileTest\\Reports\\HIC\\hic\\20191209_004704\\../Screenshots/iPhone 6/HIC/Dental/National General/20191209_004730/6.png]]

2019-12-09 00:48:16 - [TEST_STEP][PASSED] - (internal.GlobalVariable.i++): null

2019-12-09 00:48:16 - [MESSAGE][PASSED] - Call Test Case 'Test Cases/AHI/_include/get_screenshot' successfully

2019-12-09 00:48:16 - [TEST_STEP][PASSED] - setText(findTestObject("mobileSanity/Dental/app_page2/input__credit-card-first"), FirstName): Text 'Test-123' is set on object 'Object Repository/mobileSanity/Dental/app_page2/input__credit-card-first'

2019-12-09 00:48:16 - [MESSAGE][PASSED] - Text 'Test-123' is set on object 'Object Repository/mobileSanity/Dental/app_page2/input__credit-card-first'

2019-12-09 00:48:16 - [TEST_STEP][PASSED] - setText(findTestObject("mobileSanity/Dental/app_page2/input__credit-card-last"), LastName): Text 'ZZ11-xbedpycR' is set on object 'Object Repository/mobileSanity/Dental/app_page2/input__credit-card-last'

2019-12-09 00:48:16 - [MESSAGE][PASSED] - Text 'ZZ11-xbedpycR' is set on object 'Object Repository/mobileSanity/Dental/app_page2/input__credit-card-last'

2019-12-09 00:48:16 - [TEST_STEP][PASSED] - selectOptionByValue(findTestObject("mobileSanity/Dental/app_page2/select_MM010203040506070809101"), "12", true): All options with value '12' are selected in object 'Object Repository/mobileSanity/Dental/app_page2/select_MM010203040506070809101'  using regular expression

2019-12-09 00:48:17 - [MESSAGE][PASSED] - All options with value '12' are selected in object 'Object Repository/mobileSanity/Dental/app_page2/select_MM010203040506070809101'  using regular expression

2019-12-09 00:48:17 - [TEST_STEP][PASSED] - selectOptionByValue(findTestObject("mobileSanity/Dental/app_page2/select_YYYY2019202020212022202"), "2026", true): All options with value '2026' are selected in object 'Object Repository/mobileSanity/Dental/app_page2/select_YYYY2019202020212022202'  using regular expression

2019-12-09 00:48:17 - [MESSAGE][PASSED] - All options with value '2026' are selected in object 'Object Repository/mobileSanity/Dental/app_page2/select_YYYY2019202020212022202'  using regular expression

2019-12-09 00:48:17 - [TEST_STEP][PASSED] - setText(findTestObject("mobileSanity/Dental/app_page2/input__credit-card-number"), "4111111111111111"): Text '4111111111111111' is set on object 'Object Repository/mobileSanity/Dental/app_page2/input__credit-card-number'

2019-12-09 00:48:17 - [MESSAGE][PASSED] - Text '4111111111111111' is set on object 'Object Repository/mobileSanity/Dental/app_page2/input__credit-card-number'

2019-12-09 00:48:17 - [TEST_STEP][PASSED] - setText(findTestObject("mobileSanity/Dental/app_page2/input__cvv"), "123"): Text '123' is set on object 'Object Repository/mobileSanity/Dental/app_page2/input__cvv'

2019-12-09 00:48:18 - [MESSAGE][PASSED] - Text '123' is set on object 'Object Repository/mobileSanity/Dental/app_page2/input__cvv'

2019-12-09 00:48:18 - [TEST_STEP][PASSED] - click(findTestObject("mobileSanity/Dental/app_page2/label_My billing address is th")): Object: 'Object Repository/mobileSanity/Dental/app_page2/label_My billing address is th' is clicked on

2019-12-09 00:48:18 - [MESSAGE][PASSED] - Object: 'Object Repository/mobileSanity/Dental/app_page2/label_My billing address is th' is clicked on

2019-12-09 00:48:18 - [TEST_STEP][PASSED] - click(findTestObject("mobileSanity/Dental/app_page2/label_I Accept Authorization f")): Object: 'Object Repository/mobileSanity/Dental/app_page2/label_I Accept Authorization f' is clicked on

2019-12-09 00:48:18 - [MESSAGE][PASSED] - Object: 'Object Repository/mobileSanity/Dental/app_page2/label_I Accept Authorization f' is clicked on

2019-12-09 00:48:18 - [TEST_STEP][PASSED] - click(findTestObject("mobileSanity/Dental/app_page2/a_Continue to Step 3 - Review")): Object: 'Object Repository/mobileSanity/Dental/app_page2/a_Continue to Step 3 - Review' is clicked on

2019-12-09 00:48:18 - [MESSAGE][PASSED] - Object: 'Object Repository/mobileSanity/Dental/app_page2/a_Continue to Step 3 - Review' is clicked on

2019-12-09 00:48:18 - [TEST_STEP][PASSED] - waitForPageLoad(20): Wait for page load successfully

2019-12-09 00:48:18 - [MESSAGE][PASSED] - Wait for page load successfully

2019-12-09 00:48:18 - [TEST_STEP][PASSED] - Thread.sleep(2000): null

2019-12-09 00:48:20 - [TEST_STEP][PASSED] - waitForElementClickable(findTestObject("mobileSanity/Dental/app_page3/label"), 20): Object 'Object Repository/mobileSanity/Dental/app_page3/label' is clickable

2019-12-09 00:48:20 - [MESSAGE][PASSED] - Object 'Object Repository/mobileSanity/Dental/app_page3/label' is clickable

2019-12-09 00:48:20 - [TEST_STEP][PASSED] - callTestCase(findTestCase("AHI/_include/get_screenshot"), [:], STOP_ON_FAILURE): Call Test Case 'Test Cases/AHI/_include/get_screenshot' successfully

2019-12-09 00:48:20 - [TEST_CASE][PASSED] - Test Cases/AHI/_include/get_screenshot: Test Cases/AHI/_include/get_screenshot

2019-12-09 00:48:20 - [TEST_STEP][PASSED] - takeScreenshot(screenPath + i + ".png"): Taking screenshot successfully

2019-12-09 00:48:21 - [MESSAGE][PASSED] - Taking screenshot successfully
[[ATTACHMENT|D:\\Test\\AgileTest\\Reports\\HIC\\hic\\20191209_004704\\../Screenshots/iPhone 6/HIC/Dental/National General/20191209_004730/7.png]]

2019-12-09 00:48:21 - [TEST_STEP][PASSED] - (internal.GlobalVariable.i++): null

2019-12-09 00:48:21 - [MESSAGE][PASSED] - Call Test Case 'Test Cases/AHI/_include/get_screenshot' successfully

2019-12-09 00:48:21 - [TEST_STEP][PASSED] - click(findTestObject("mobileSanity/Dental/app_page3/label")): Object: 'Object Repository/mobileSanity/Dental/app_page3/label' is clicked on

2019-12-09 00:48:21 - [MESSAGE][PASSED] - Object: 'Object Repository/mobileSanity/Dental/app_page3/label' is clicked on

2019-12-09 00:48:21 - [TEST_STEP][PASSED] - click(findTestObject("mobileSanity/Dental/app_page3/p_CLICK TO SIGN")): Object: 'Object Repository/mobileSanity/Dental/app_page3/p_CLICK TO SIGN' is clicked on

2019-12-09 00:48:21 - [MESSAGE][PASSED] - Object: 'Object Repository/mobileSanity/Dental/app_page3/p_CLICK TO SIGN' is clicked on

2019-12-09 00:48:21 - [TEST_STEP][PASSED] - click(findTestObject("mobileSanity/Dental/app_page3/a_Submit Your Application")): Object: 'Object Repository/mobileSanity/Dental/app_page3/a_Submit Your Application' is clicked on

2019-12-09 00:48:21 - [MESSAGE][PASSED] - Object: 'Object Repository/mobileSanity/Dental/app_page3/a_Submit Your Application' is clicked on

2019-12-09 00:48:21 - [TEST_STEP][PASSED] - Thread.sleep(50000): null

2019-12-09 00:49:11 - [TEST_STEP][PASSED] - waitForElementPresent(findTestObject("mobileSanity/Dental/app_page4/js-app-confirmation"), 20): Object 'Object Repository/mobileSanity/Dental/app_page4/js-app-confirmation' is not present after 20 second(s)

2019-12-09 00:49:32 - [MESSAGE][INFO] - Unable to find the element located by 'By.xpath: //*[@id = 'js-app-confirmation']'. Please recheck the objects properties to make sure the desired element is located. 

2019-12-09 00:49:32 - [MESSAGE][WARNING] - Object 'Object Repository/mobileSanity/Dental/app_page4/js-app-confirmation' is not present after 20 second(s)

2019-12-09 00:49:32 - [TEST_STEP][PASSED] - callTestCase(findTestCase("AHI/_include/get_screenshot"), [:], STOP_ON_FAILURE): Call Test Case 'Test Cases/AHI/_include/get_screenshot' successfully

2019-12-09 00:49:32 - [TEST_CASE][PASSED] - Test Cases/AHI/_include/get_screenshot: Test Cases/AHI/_include/get_screenshot

2019-12-09 00:49:32 - [TEST_STEP][PASSED] - takeScreenshot(screenPath + i + ".png"): Taking screenshot successfully

2019-12-09 00:49:32 - [MESSAGE][PASSED] - Taking screenshot successfully
[[ATTACHMENT|D:\\Test\\AgileTest\\Reports\\HIC\\hic\\20191209_004704\\../Screenshots/iPhone 6/HIC/Dental/National General/20191209_004730/8.png]]

2019-12-09 00:49:32 - [TEST_STEP][PASSED] - (internal.GlobalVariable.i++): null

2019-12-09 00:49:32 - [MESSAGE][PASSED] - Call Test Case 'Test Cases/AHI/_include/get_screenshot' successfully

2019-12-09 00:49:32 - [MESSAGE][PASSED] - Call Test Case 'Test Cases/AHI/_include/goToEnd_dental' successfully]]></system-out>
         <system-err><![CDATA[]]></system-err>
      </testcase>
      <testcase name="Test Cases/HIC/Dental/USA Access" classname="Test Cases/HIC/Dental/USA Access" status="PASSED">
         <system-out><![CDATA[2019-12-09 00:49:32 - [TEST_CASE][PASSED] - Test Cases/HIC/Dental/USA Access: Test Cases/HIC/Dental/USA Access

2019-12-09 00:49:32 - [TEST_STEP][PASSED] - callTestCase(findTestCase("HIC/_include/get_hicScreenPath"), ["project":"HIC", "productLine":"Dental", "carrierName":"USA Access"], CONTINUE_ON_FAILURE): Call Test Case 'Test Cases/HIC/_include/get_hicScreenPath' successfully

2019-12-09 00:49:32 - [TEST_CASE][PASSED] - Test Cases/HIC/_include/get_hicScreenPath: Test Cases/HIC/_include/get_hicScreenPath

2019-12-09 00:49:32 - [TEST_STEP][PASSED] - m = getExecutionProperties(): null

2019-12-09 00:49:32 - [TEST_STEP][PASSED] - deviceName = get("mobileEmulation").get("deviceName"): null

2019-12-09 00:49:32 - [TEST_STEP][PASSED] - println(deviceName): null

2019-12-09 00:49:32 - [TEST_STEP][PASSED] - now = new java.util.Date(): null

2019-12-09 00:49:32 - [TEST_STEP][PASSED] - mydate = now.format("yyyyMMdd_HHmmss"): null

2019-12-09 00:49:32 - [TEST_STEP][PASSED] - screenPath = "../Screenshots/": null

2019-12-09 00:49:32 - [TEST_STEP][PASSED] - screenPath = screenPath + deviceName + "/" + project + "/" + productLine + "/" + carrierName + "/" + mydate + "/": null

2019-12-09 00:49:32 - [TEST_STEP][PASSED] - println(screenPath): null

2019-12-09 00:49:32 - [MESSAGE][PASSED] - Call Test Case 'Test Cases/HIC/_include/get_hicScreenPath' successfully

2019-12-09 00:49:32 - [TEST_STEP][PASSED] - i = 0: null

2019-12-09 00:49:32 - [TEST_STEP][PASSED] - callTestCase(findTestCase("AHI/_include/openWebSite"), ["env":"https://qa.healthinsurance.com/"], CONTINUE_ON_FAILURE): Call Test Case 'Test Cases/AHI/_include/openWebSite' successfully

2019-12-09 00:49:32 - [TEST_CASE][PASSED] - Test Cases/AHI/_include/openWebSite: Test Cases/AHI/_include/openWebSite

2019-12-09 00:49:32 - [TEST_STEP][PASSED] - openBrowser(env): Browser is opened with url: 'https://qa.healthinsurance.com/'

2019-12-09 00:49:32 - [MESSAGE][WARNING] - A browser is already opened. Closing browser and opening a new one

2019-12-09 00:49:33 - [MESSAGE][INFO] - Starting 'Chrome' driver

2019-12-09 00:49:33 - [MESSAGE][INFO] - User set preference: ['mobileEmulation', '{deviceName=iPhone 6}']

2019-12-09 00:49:33 - [MESSAGE][INFO] - User set preference: ['args', '[--incognito, --aggressive-cache-discard, --window-size=375,677, --no-sandbox]']

2019-12-09 00:49:35 - [MESSAGE][PASSED] - Browser is opened with url: 'https://qa.healthinsurance.com/'

2019-12-09 00:49:35 - [TEST_STEP][PASSED] - waitForPageLoad(20): Wait for page load successfully

2019-12-09 00:49:35 - [MESSAGE][PASSED] - Wait for page load successfully

2019-12-09 00:49:35 - [TEST_STEP][PASSED] - callTestCase(findTestCase("AHI/_include/get_screenshot"), [:], STOP_ON_FAILURE): Call Test Case 'Test Cases/AHI/_include/get_screenshot' successfully

2019-12-09 00:49:35 - [TEST_CASE][PASSED] - Test Cases/AHI/_include/get_screenshot: Test Cases/AHI/_include/get_screenshot

2019-12-09 00:49:35 - [TEST_STEP][PASSED] - takeScreenshot(screenPath + i + ".png"): Taking screenshot successfully

2019-12-09 00:49:36 - [MESSAGE][PASSED] - Taking screenshot successfully
[[ATTACHMENT|D:\\Test\\AgileTest\\Reports\\HIC\\hic\\20191209_004704\\../Screenshots/iPhone 6/HIC/Dental/USA Access/20191209_004932/0.png]]

2019-12-09 00:49:36 - [TEST_STEP][PASSED] - (internal.GlobalVariable.i++): null

2019-12-09 00:49:36 - [MESSAGE][PASSED] - Call Test Case 'Test Cases/AHI/_include/get_screenshot' successfully

2019-12-09 00:49:36 - [MESSAGE][PASSED] - Call Test Case 'Test Cases/AHI/_include/openWebSite' successfully

2019-12-09 00:49:36 - [TEST_STEP][PASSED] - click(findTestObject("hic/nav/navButton")): Object: 'Object Repository/hic/nav/navButton' is clicked on

2019-12-09 00:49:36 - [MESSAGE][PASSED] - Object: 'Object Repository/hic/nav/navButton' is clicked on

2019-12-09 00:49:36 - [TEST_STEP][PASSED] - Thread.sleep(2000): null

2019-12-09 00:49:38 - [TEST_STEP][PASSED] - click(findTestObject("hic/nav/dentalLink")): Object: 'Object Repository/hic/nav/dentalLink' is clicked on

2019-12-09 00:49:38 - [MESSAGE][PASSED] - Object: 'Object Repository/hic/nav/dentalLink' is clicked on

2019-12-09 00:49:38 - [TEST_STEP][PASSED] - Thread.sleep(2000): null

2019-12-09 00:49:40 - [TEST_STEP][PASSED] - callTestCase(findTestCase("AHI/_include/get_screenshot"), [:], STOP_ON_FAILURE): Call Test Case 'Test Cases/AHI/_include/get_screenshot' successfully

2019-12-09 00:49:40 - [TEST_CASE][PASSED] - Test Cases/AHI/_include/get_screenshot: Test Cases/AHI/_include/get_screenshot

2019-12-09 00:49:40 - [TEST_STEP][PASSED] - takeScreenshot(screenPath + i + ".png"): Taking screenshot successfully

2019-12-09 00:49:41 - [MESSAGE][PASSED] - Taking screenshot successfully
[[ATTACHMENT|D:\\Test\\AgileTest\\Reports\\HIC\\hic\\20191209_004704\\../Screenshots/iPhone 6/HIC/Dental/USA Access/20191209_004932/1.png]]

2019-12-09 00:49:41 - [TEST_STEP][PASSED] - (internal.GlobalVariable.i++): null

2019-12-09 00:49:41 - [MESSAGE][PASSED] - Call Test Case 'Test Cases/AHI/_include/get_screenshot' successfully

2019-12-09 00:49:41 - [TEST_STEP][PASSED] - callTestCase(findTestCase("HIC/_include/stm_census"), ["zipcode":"35215"], STOP_ON_FAILURE): Call Test Case 'Test Cases/HIC/_include/stm_census' successfully

2019-12-09 00:49:41 - [TEST_CASE][PASSED] - Test Cases/HIC/_include/stm_census: Test Cases/HIC/_include/stm_census

2019-12-09 00:49:41 - [TEST_STEP][PASSED] - setText(findTestObject("hic/stm/zip"), zipcode): Text '35215' is set on object 'Object Repository/hic/stm/zip'

2019-12-09 00:49:41 - [MESSAGE][PASSED] - Text '35215' is set on object 'Object Repository/hic/stm/zip'

2019-12-09 00:49:41 - [TEST_STEP][PASSED] - Thread.sleep(500): null

2019-12-09 00:49:41 - [TEST_STEP][PASSED] - setText(findTestObject("hic/stm/primaryDOB"), "03031987"): Text '03031987' is set on object 'Object Repository/hic/stm/primaryDOB'

2019-12-09 00:49:42 - [MESSAGE][PASSED] - Text '03031987' is set on object 'Object Repository/hic/stm/primaryDOB'

2019-12-09 00:49:42 - [TEST_STEP][PASSED] - click(findTestObject("hic/stm/female")): Object: 'Object Repository/hic/stm/female' is clicked on

2019-12-09 00:49:42 - [MESSAGE][PASSED] - Object: 'Object Repository/hic/stm/female' is clicked on

2019-12-09 00:49:42 - [TEST_STEP][PASSED] - Thread.sleep(3000): null

2019-12-09 00:49:45 - [TEST_STEP][PASSED] - click(findTestObject("hic/stm/submitButton")): Object: 'Object Repository/hic/stm/submitButton' is clicked on

2019-12-09 00:49:46 - [MESSAGE][PASSED] - Object: 'Object Repository/hic/stm/submitButton' is clicked on

2019-12-09 00:49:46 - [TEST_STEP][PASSED] - Thread.sleep(6000): null

2019-12-09 00:49:52 - [TEST_STEP][PASSED] - callTestCase(findTestCase("AHI/_include/get_screenshot"), [:], STOP_ON_FAILURE): Call Test Case 'Test Cases/AHI/_include/get_screenshot' successfully

2019-12-09 00:49:52 - [TEST_CASE][PASSED] - Test Cases/AHI/_include/get_screenshot: Test Cases/AHI/_include/get_screenshot

2019-12-09 00:49:52 - [TEST_STEP][PASSED] - takeScreenshot(screenPath + i + ".png"): Taking screenshot successfully

2019-12-09 00:49:52 - [MESSAGE][PASSED] - Taking screenshot successfully
[[ATTACHMENT|D:\\Test\\AgileTest\\Reports\\HIC\\hic\\20191209_004704\\../Screenshots/iPhone 6/HIC/Dental/USA Access/20191209_004932/2.png]]

2019-12-09 00:49:52 - [TEST_STEP][PASSED] - (internal.GlobalVariable.i++): null

2019-12-09 00:49:52 - [MESSAGE][PASSED] - Call Test Case 'Test Cases/AHI/_include/get_screenshot' successfully

2019-12-09 00:49:52 - [TEST_STEP][PASSED] - Thread.sleep(1000): null

2019-12-09 00:49:53 - [MESSAGE][PASSED] - Call Test Case 'Test Cases/HIC/_include/stm_census' successfully

2019-12-09 00:49:53 - [TEST_STEP][PASSED] - click(findTestObject("mobileSanity/Dental/filter/btn_filter")): Object: 'Object Repository/mobileSanity/Dental/filter/btn_filter' is clicked on

2019-12-09 00:49:53 - [MESSAGE][PASSED] - Object: 'Object Repository/mobileSanity/Dental/filter/btn_filter' is clicked on

2019-12-09 00:49:53 - [TEST_STEP][PASSED] - waitForElementVisible(findTestObject("mobileSanity/Dental/filter/btn_company"), 10): Object 'Object Repository/mobileSanity/Dental/filter/btn_company' is visible

2019-12-09 00:49:53 - [MESSAGE][PASSED] - Object 'Object Repository/mobileSanity/Dental/filter/btn_company' is visible

2019-12-09 00:49:53 - [TEST_STEP][PASSED] - click(findTestObject("mobileSanity/Dental/filter/btn_company")): Object: 'Object Repository/mobileSanity/Dental/filter/btn_company' is clicked on

2019-12-09 00:49:53 - [MESSAGE][PASSED] - Object: 'Object Repository/mobileSanity/Dental/filter/btn_company' is clicked on

2019-12-09 00:49:53 - [TEST_STEP][PASSED] - Thread.sleep(2000): null

2019-12-09 00:49:55 - [TEST_STEP][PASSED] - click(findTestObject("mobileSanity/Dental/filter/btn_usa")): Object: 'Object Repository/mobileSanity/Dental/filter/btn_usa' is clicked on

2019-12-09 00:49:55 - [MESSAGE][PASSED] - Object: 'Object Repository/mobileSanity/Dental/filter/btn_usa' is clicked on

2019-12-09 00:49:55 - [TEST_STEP][PASSED] - waitForJQueryLoad(20, STOP_ON_FAILURE): jQuery is ready.

2019-12-09 00:49:56 - [MESSAGE][PASSED] - jQuery is ready.

2019-12-09 00:49:56 - [TEST_STEP][PASSED] - callTestCase(findTestCase("AHI/_include/get_screenshot"), [:], STOP_ON_FAILURE): Call Test Case 'Test Cases/AHI/_include/get_screenshot' successfully

2019-12-09 00:49:56 - [TEST_CASE][PASSED] - Test Cases/AHI/_include/get_screenshot: Test Cases/AHI/_include/get_screenshot

2019-12-09 00:49:56 - [TEST_STEP][PASSED] - takeScreenshot(screenPath + i + ".png"): Taking screenshot successfully

2019-12-09 00:49:56 - [MESSAGE][PASSED] - Taking screenshot successfully
[[ATTACHMENT|D:\\Test\\AgileTest\\Reports\\HIC\\hic\\20191209_004704\\../Screenshots/iPhone 6/HIC/Dental/USA Access/20191209_004932/3.png]]

2019-12-09 00:49:56 - [TEST_STEP][PASSED] - (internal.GlobalVariable.i++): null

2019-12-09 00:49:56 - [MESSAGE][PASSED] - Call Test Case 'Test Cases/AHI/_include/get_screenshot' successfully

2019-12-09 00:49:56 - [TEST_STEP][PASSED] - click(findTestObject("mobileSanity/Dental/filter/btn_filter")): Object: 'Object Repository/mobileSanity/Dental/filter/btn_filter' is clicked on

2019-12-09 00:49:56 - [MESSAGE][PASSED] - Object: 'Object Repository/mobileSanity/Dental/filter/btn_filter' is clicked on

2019-12-09 00:49:56 - [TEST_STEP][PASSED] - Thread.sleep(2000): null

2019-12-09 00:49:58 - [TEST_STEP][PASSED] - scrollToPosition(0, 600): Browser is scrolled to position x = 0, y = 600

2019-12-09 00:49:58 - [MESSAGE][PASSED] - Browser is scrolled to position x = 0, y = 600

2019-12-09 00:49:58 - [TEST_STEP][PASSED] - Thread.sleep(2000): null

2019-12-09 00:50:00 - [TEST_STEP][PASSED] - click(findTestObject("mobileSanity/Dental/quote/a_Select This Plan")): Object: 'Object Repository/mobileSanity/Dental/quote/a_Select This Plan' is clicked on

2019-12-09 00:50:01 - [MESSAGE][PASSED] - Object: 'Object Repository/mobileSanity/Dental/quote/a_Select This Plan' is clicked on

2019-12-09 00:50:01 - [TEST_STEP][PASSED] - waitForPageLoad(10): Wait for page load successfully

2019-12-09 00:50:01 - [MESSAGE][PASSED] - Wait for page load successfully

2019-12-09 00:50:01 - [TEST_STEP][PASSED] - callTestCase(findTestCase("AHI/_include/get_screenshot"), [:], STOP_ON_FAILURE): Call Test Case 'Test Cases/AHI/_include/get_screenshot' successfully

2019-12-09 00:50:01 - [TEST_CASE][PASSED] - Test Cases/AHI/_include/get_screenshot: Test Cases/AHI/_include/get_screenshot

2019-12-09 00:50:01 - [TEST_STEP][PASSED] - takeScreenshot(screenPath + i + ".png"): Taking screenshot successfully

2019-12-09 00:50:02 - [MESSAGE][PASSED] - Taking screenshot successfully
[[ATTACHMENT|D:\\Test\\AgileTest\\Reports\\HIC\\hic\\20191209_004704\\../Screenshots/iPhone 6/HIC/Dental/USA Access/20191209_004932/4.png]]

2019-12-09 00:50:02 - [TEST_STEP][PASSED] - (internal.GlobalVariable.i++): null

2019-12-09 00:50:02 - [MESSAGE][PASSED] - Call Test Case 'Test Cases/AHI/_include/get_screenshot' successfully

2019-12-09 00:50:02 - [TEST_STEP][PASSED] - Thread.sleep(2000): null

2019-12-09 00:50:04 - [TEST_STEP][PASSED] - click(findTestObject("mobileSanity/Dental/apply/span_Start Secure Application")): Object: 'Object Repository/mobileSanity/Dental/apply/span_Start Secure Application' is clicked on

2019-12-09 00:50:04 - [MESSAGE][PASSED] - Object: 'Object Repository/mobileSanity/Dental/apply/span_Start Secure Application' is clicked on

2019-12-09 00:50:04 - [TEST_STEP][PASSED] - waitForPageLoad(10): Wait for page load successfully

2019-12-09 00:50:05 - [MESSAGE][PASSED] - Wait for page load successfully

2019-12-09 00:50:05 - [TEST_STEP][PASSED] - Thread.sleep(2000): null

2019-12-09 00:50:07 - [TEST_STEP][PASSED] - callTestCase(findTestCase("AHI/_include/get_screenshot"), [:], STOP_ON_FAILURE): Call Test Case 'Test Cases/AHI/_include/get_screenshot' successfully

2019-12-09 00:50:07 - [TEST_CASE][PASSED] - Test Cases/AHI/_include/get_screenshot: Test Cases/AHI/_include/get_screenshot

2019-12-09 00:50:07 - [TEST_STEP][PASSED] - takeScreenshot(screenPath + i + ".png"): Taking screenshot successfully

2019-12-09 00:50:07 - [MESSAGE][PASSED] - Taking screenshot successfully
[[ATTACHMENT|D:\\Test\\AgileTest\\Reports\\HIC\\hic\\20191209_004704\\../Screenshots/iPhone 6/HIC/Dental/USA Access/20191209_004932/5.png]]

2019-12-09 00:50:07 - [TEST_STEP][PASSED] - (internal.GlobalVariable.i++): null

2019-12-09 00:50:07 - [MESSAGE][PASSED] - Call Test Case 'Test Cases/AHI/_include/get_screenshot' successfully

2019-12-09 00:50:07 - [TEST_STEP][PASSED] - callTestCase(findTestCase("AHI/_include/goToEnd_dental"), ["carrier":"usa"], CONTINUE_ON_FAILURE): Call Test Case 'Test Cases/AHI/_include/goToEnd_dental' successfully

2019-12-09 00:50:07 - [TEST_CASE][PASSED] - Test Cases/AHI/_include/goToEnd_dental: Test Cases/AHI/_include/goToEnd_dental

2019-12-09 00:50:08 - [TEST_STEP][PASSED] - callTestCase(findTestCase("AHI/_include/name"), [:], CONTINUE_ON_FAILURE): Call Test Case 'Test Cases/AHI/_include/name' successfully

2019-12-09 00:50:08 - [TEST_CASE][PASSED] - Test Cases/AHI/_include/name: Test Cases/AHI/_include/name

2019-12-09 00:50:08 - [TEST_STEP][PASSED] - driver = getWebDriver(): null

2019-12-09 00:50:08 - [TEST_STEP][PASSED] - selenium = new com.thoughtworks.selenium.webdriven.WebDriverBackedSelenium(driver, internal.GlobalVariable.ENV): null

2019-12-09 00:50:08 - [TEST_STEP][PASSED] - FirstName = "Test-123": null

2019-12-09 00:50:08 - [TEST_STEP][PASSED] - LastName = selenium.getEval("{var x="ABCDEFGHIJKLMNOPQRSTUVWXYZabcdefghijklmnopqrstuvwxyz"; var tmp="ZZ11-"; for (i=0;i<8;i++) tmp+=x.charAt(Math.ceil(51*Math.random()));tmp;}"): null

2019-12-09 00:50:08 - [TEST_STEP][PASSED] - Address = selenium.getEval("{var x="ABCDEFGHIJKLMNOPQRSTUVWXYZabcdefghijklmnopqrstuvwxyz"; var tmp=""; for (i=0;i<8;i++) tmp+=x.charAt(Math.ceil(51*Math.random()));tmp;}"): null

2019-12-09 00:50:08 - [TEST_STEP][PASSED] - City = selenium.getEval("{var x="ABCDEFGHIJKLMNOPQRSTUVWXYZabcdefghijklmnopqrstuvwxyz"; var tmp=""; for (i=0;i<8;i++) tmp+=x.charAt(Math.ceil(51*Math.random()));tmp;}"): null

2019-12-09 00:50:08 - [TEST_STEP][PASSED] - tel1 = selenium.getEval("{var x="123456789"; var tmp=""; for (i=0;i<3;i++) tmp+=x.charAt(Math.ceil(8*Math.random()));tmp;}"): null

2019-12-09 00:50:08 - [TEST_STEP][PASSED] - tel2 = selenium.getEval("{var x="123456789"; var tmp=""; for (i=0;i<3;i++) tmp+=x.charAt(Math.ceil(8*Math.random()));tmp;}"): null

2019-12-09 00:50:08 - [TEST_STEP][PASSED] - tel3 = selenium.getEval("{var x="123456789"; var tmp=""; for (i=0;i<4;i++) tmp+=x.charAt(Math.ceil(8*Math.random()));tmp;}"): null

2019-12-09 00:50:08 - [TEST_STEP][PASSED] - Tel = selenium.getExpression(tel1 + "-" + tel2 + "-" + tel3): null

2019-12-09 00:50:08 - [TEST_STEP][PASSED] - AutoEmail = selenium.getEval("{var x="ABCDEFGHIJKLMNOPQRSTUVWXYZabcdefghijklmnopqrstuvwxyz"; var tmp="test."; for (i=0;i<8;i++) tmp+=x.charAt(Math.ceil(51*Math.random()));tmp+="@suryani.cn";}"): null

2019-12-09 00:50:08 - [TEST_STEP][PASSED] - FirstName = FirstName: null

2019-12-09 00:50:08 - [TEST_STEP][PASSED] - LastName = LastName: null

2019-12-09 00:50:08 - [TEST_STEP][PASSED] - Address = Address: null

2019-12-09 00:50:08 - [TEST_STEP][PASSED] - City = City: null

2019-12-09 00:50:08 - [TEST_STEP][PASSED] - Tel = Tel: null

2019-12-09 00:50:08 - [TEST_STEP][PASSED] - AutoEmail = AutoEmail: null

2019-12-09 00:50:08 - [TEST_STEP][PASSED] - println(FirstName): null

2019-12-09 00:50:08 - [TEST_STEP][PASSED] - println(LastName): null

2019-12-09 00:50:08 - [TEST_STEP][PASSED] - println(Address): null

2019-12-09 00:50:08 - [TEST_STEP][PASSED] - println(City): null

2019-12-09 00:50:08 - [TEST_STEP][PASSED] - println(Tel): null

2019-12-09 00:50:08 - [TEST_STEP][PASSED] - println(AutoEmail): null

2019-12-09 00:50:08 - [MESSAGE][PASSED] - Call Test Case 'Test Cases/AHI/_include/name' successfully

2019-12-09 00:50:08 - [TEST_STEP][PASSED] - Thread.sleep(3000): null

2019-12-09 00:50:11 - [TEST_STEP][PASSED] - setText(findTestObject("mobileSanity/Dental/app_page1/input__member-P-1-firstName"), FirstName): Text 'Test-123' is set on object 'Object Repository/mobileSanity/Dental/app_page1/input__member-P-1-firstName'

2019-12-09 00:50:11 - [MESSAGE][PASSED] - Text 'Test-123' is set on object 'Object Repository/mobileSanity/Dental/app_page1/input__member-P-1-firstName'

2019-12-09 00:50:11 - [TEST_STEP][PASSED] - setText(findTestObject("mobileSanity/Dental/app_page1/input__member-P-1-lastName"), LastName): Text 'ZZ11-ebBZcNKD' is set on object 'Object Repository/mobileSanity/Dental/app_page1/input__member-P-1-lastName'

2019-12-09 00:50:11 - [MESSAGE][PASSED] - Text 'ZZ11-ebBZcNKD' is set on object 'Object Repository/mobileSanity/Dental/app_page1/input__member-P-1-lastName'

2019-12-09 00:50:11 - [TEST_STEP][PASSED] - setText(findTestObject("mobileSanity/Dental/app_page1/input__address"), Address): Text 'GDUMIgWt' is set on object 'Object Repository/mobileSanity/Dental/app_page1/input__address'

2019-12-09 00:50:11 - [MESSAGE][PASSED] - Text 'GDUMIgWt' is set on object 'Object Repository/mobileSanity/Dental/app_page1/input__address'

2019-12-09 00:50:11 - [TEST_STEP][PASSED] - setText(findTestObject("mobileSanity/Dental/app_page1/input__city"), City): Text 'HcDIYRXX' is set on object 'Object Repository/mobileSanity/Dental/app_page1/input__city'

2019-12-09 00:50:11 - [MESSAGE][PASSED] - Text 'HcDIYRXX' is set on object 'Object Repository/mobileSanity/Dental/app_page1/input__city'

2019-12-09 00:50:11 - [TEST_STEP][PASSED] - setText(findTestObject("mobileSanity/Dental/app_page1/input__email"), AutoEmail): Text 'test.zkrWPFNa@suryani.cn' is set on object 'Object Repository/mobileSanity/Dental/app_page1/input__email'

2019-12-09 00:50:12 - [MESSAGE][PASSED] - Text 'test.zkrWPFNa@suryani.cn' is set on object 'Object Repository/mobileSanity/Dental/app_page1/input__email'

2019-12-09 00:50:12 - [TEST_STEP][PASSED] - setText(findTestObject("mobileSanity/Dental/app_page1/input_phone"), Tel): Text '233-432-2942' is set on object 'Object Repository/mobileSanity/Dental/app_page1/input_phone'

2019-12-09 00:50:12 - [MESSAGE][PASSED] - Text '233-432-2942' is set on object 'Object Repository/mobileSanity/Dental/app_page1/input_phone'

2019-12-09 00:50:12 - [TEST_STEP][PASSED] - click(findTestObject("mobileSanity/Dental/app_page1/a_Continue to Step 2 - Payment")): Object: 'Object Repository/mobileSanity/Dental/app_page1/a_Continue to Step 2 - Payment' is clicked on

2019-12-09 00:50:12 - [MESSAGE][PASSED] - Object: 'Object Repository/mobileSanity/Dental/app_page1/a_Continue to Step 2 - Payment' is clicked on

2019-12-09 00:50:12 - [TEST_STEP][PASSED] - waitForPageLoad(10): Wait for page load successfully

2019-12-09 00:50:12 - [MESSAGE][PASSED] - Wait for page load successfully

2019-12-09 00:50:12 - [TEST_STEP][PASSED] - Thread.sleep(2000): null

2019-12-09 00:50:14 - [TEST_STEP][PASSED] - if (carrier == "usa"): null

2019-12-09 00:50:14 - [TEST_STEP][PASSED] - callTestCase(findTestCase("AHI/_include/get_screenshot"), [:], STOP_ON_FAILURE): Call Test Case 'Test Cases/AHI/_include/get_screenshot' successfully

2019-12-09 00:50:14 - [TEST_CASE][PASSED] - Test Cases/AHI/_include/get_screenshot: Test Cases/AHI/_include/get_screenshot

2019-12-09 00:50:14 - [TEST_STEP][PASSED] - takeScreenshot(screenPath + i + ".png"): Taking screenshot successfully

2019-12-09 00:50:14 - [MESSAGE][PASSED] - Taking screenshot successfully
[[ATTACHMENT|D:\\Test\\AgileTest\\Reports\\HIC\\hic\\20191209_004704\\../Screenshots/iPhone 6/HIC/Dental/USA Access/20191209_004932/6.png]]

2019-12-09 00:50:14 - [TEST_STEP][PASSED] - (internal.GlobalVariable.i++): null

2019-12-09 00:50:14 - [MESSAGE][PASSED] - Call Test Case 'Test Cases/AHI/_include/get_screenshot' successfully

2019-12-09 00:50:14 - [TEST_STEP][PASSED] - click(findTestObject("mobileSanity/Dental/app_page2/membership/label_ihaveread")): Object: 'Object Repository/mobileSanity/Dental/app_page2/membership/label_ihaveread' is clicked on

2019-12-09 00:50:15 - [MESSAGE][PASSED] - Object: 'Object Repository/mobileSanity/Dental/app_page2/membership/label_ihaveread' is clicked on

2019-12-09 00:50:15 - [TEST_STEP][PASSED] - click(findTestObject("mobileSanity/Dental/app_page2/membership/a_ok")): Object: 'Object Repository/mobileSanity/Dental/app_page2/membership/a_ok' is clicked on

2019-12-09 00:50:15 - [MESSAGE][PASSED] - Object: 'Object Repository/mobileSanity/Dental/app_page2/membership/a_ok' is clicked on

2019-12-09 00:50:15 - [TEST_STEP][PASSED] - Thread.sleep(3000): null

2019-12-09 00:50:18 - [TEST_STEP][PASSED] - callTestCase(findTestCase("AHI/_include/get_screenshot"), [:], STOP_ON_FAILURE): Call Test Case 'Test Cases/AHI/_include/get_screenshot' successfully

2019-12-09 00:50:18 - [TEST_CASE][PASSED] - Test Cases/AHI/_include/get_screenshot: Test Cases/AHI/_include/get_screenshot

2019-12-09 00:50:18 - [TEST_STEP][PASSED] - takeScreenshot(screenPath + i + ".png"): Taking screenshot successfully

2019-12-09 00:50:18 - [MESSAGE][PASSED] - Taking screenshot successfully
[[ATTACHMENT|D:\\Test\\AgileTest\\Reports\\HIC\\hic\\20191209_004704\\../Screenshots/iPhone 6/HIC/Dental/USA Access/20191209_004932/7.png]]

2019-12-09 00:50:18 - [TEST_STEP][PASSED] - (internal.GlobalVariable.i++): null

2019-12-09 00:50:18 - [MESSAGE][PASSED] - Call Test Case 'Test Cases/AHI/_include/get_screenshot' successfully

2019-12-09 00:50:18 - [TEST_STEP][PASSED] - setText(findTestObject("mobileSanity/Dental/app_page2/input__credit-card-first"), FirstName): Text 'Test-123' is set on object 'Object Repository/mobileSanity/Dental/app_page2/input__credit-card-first'

2019-12-09 00:50:18 - [MESSAGE][PASSED] - Text 'Test-123' is set on object 'Object Repository/mobileSanity/Dental/app_page2/input__credit-card-first'

2019-12-09 00:50:18 - [TEST_STEP][PASSED] - setText(findTestObject("mobileSanity/Dental/app_page2/input__credit-card-last"), LastName): Text 'ZZ11-ebBZcNKD' is set on object 'Object Repository/mobileSanity/Dental/app_page2/input__credit-card-last'

2019-12-09 00:50:19 - [MESSAGE][PASSED] - Text 'ZZ11-ebBZcNKD' is set on object 'Object Repository/mobileSanity/Dental/app_page2/input__credit-card-last'

2019-12-09 00:50:19 - [TEST_STEP][PASSED] - selectOptionByValue(findTestObject("mobileSanity/Dental/app_page2/select_MM010203040506070809101"), "12", true): All options with value '12' are selected in object 'Object Repository/mobileSanity/Dental/app_page2/select_MM010203040506070809101'  using regular expression

2019-12-09 00:50:19 - [MESSAGE][PASSED] - All options with value '12' are selected in object 'Object Repository/mobileSanity/Dental/app_page2/select_MM010203040506070809101'  using regular expression

2019-12-09 00:50:19 - [TEST_STEP][PASSED] - selectOptionByValue(findTestObject("mobileSanity/Dental/app_page2/select_YYYY2019202020212022202"), "2026", true): All options with value '2026' are selected in object 'Object Repository/mobileSanity/Dental/app_page2/select_YYYY2019202020212022202'  using regular expression

2019-12-09 00:50:19 - [MESSAGE][PASSED] - All options with value '2026' are selected in object 'Object Repository/mobileSanity/Dental/app_page2/select_YYYY2019202020212022202'  using regular expression

2019-12-09 00:50:19 - [TEST_STEP][PASSED] - setText(findTestObject("mobileSanity/Dental/app_page2/input__credit-card-number"), "4111111111111111"): Text '4111111111111111' is set on object 'Object Repository/mobileSanity/Dental/app_page2/input__credit-card-number'

2019-12-09 00:50:20 - [MESSAGE][PASSED] - Text '4111111111111111' is set on object 'Object Repository/mobileSanity/Dental/app_page2/input__credit-card-number'

2019-12-09 00:50:20 - [TEST_STEP][PASSED] - setText(findTestObject("mobileSanity/Dental/app_page2/input__cvv"), "123"): Text '123' is set on object 'Object Repository/mobileSanity/Dental/app_page2/input__cvv'

2019-12-09 00:50:20 - [MESSAGE][PASSED] - Text '123' is set on object 'Object Repository/mobileSanity/Dental/app_page2/input__cvv'

2019-12-09 00:50:20 - [TEST_STEP][PASSED] - click(findTestObject("mobileSanity/Dental/app_page2/label_My billing address is th")): Object: 'Object Repository/mobileSanity/Dental/app_page2/label_My billing address is th' is clicked on

2019-12-09 00:50:20 - [MESSAGE][PASSED] - Object: 'Object Repository/mobileSanity/Dental/app_page2/label_My billing address is th' is clicked on

2019-12-09 00:50:20 - [TEST_STEP][PASSED] - click(findTestObject("mobileSanity/Dental/app_page2/label_I Accept Authorization f")): Object: 'Object Repository/mobileSanity/Dental/app_page2/label_I Accept Authorization f' is clicked on

2019-12-09 00:50:20 - [MESSAGE][PASSED] - Object: 'Object Repository/mobileSanity/Dental/app_page2/label_I Accept Authorization f' is clicked on

2019-12-09 00:50:20 - [TEST_STEP][PASSED] - click(findTestObject("mobileSanity/Dental/app_page2/a_Continue to Step 3 - Review")): Object: 'Object Repository/mobileSanity/Dental/app_page2/a_Continue to Step 3 - Review' is clicked on

2019-12-09 00:50:20 - [MESSAGE][PASSED] - Object: 'Object Repository/mobileSanity/Dental/app_page2/a_Continue to Step 3 - Review' is clicked on

2019-12-09 00:50:20 - [TEST_STEP][PASSED] - waitForPageLoad(20): Wait for page load successfully

2019-12-09 00:50:20 - [MESSAGE][PASSED] - Wait for page load successfully

2019-12-09 00:50:20 - [TEST_STEP][PASSED] - Thread.sleep(2000): null

2019-12-09 00:50:22 - [TEST_STEP][PASSED] - waitForElementClickable(findTestObject("mobileSanity/Dental/app_page3/label"), 20): Object 'Object Repository/mobileSanity/Dental/app_page3/label' is clickable

2019-12-09 00:50:31 - [MESSAGE][PASSED] - Object 'Object Repository/mobileSanity/Dental/app_page3/label' is clickable

2019-12-09 00:50:31 - [TEST_STEP][PASSED] - callTestCase(findTestCase("AHI/_include/get_screenshot"), [:], STOP_ON_FAILURE): Call Test Case 'Test Cases/AHI/_include/get_screenshot' successfully

2019-12-09 00:50:31 - [TEST_CASE][PASSED] - Test Cases/AHI/_include/get_screenshot: Test Cases/AHI/_include/get_screenshot

2019-12-09 00:50:31 - [TEST_STEP][PASSED] - takeScreenshot(screenPath + i + ".png"): Taking screenshot successfully

2019-12-09 00:50:31 - [MESSAGE][PASSED] - Taking screenshot successfully
[[ATTACHMENT|D:\\Test\\AgileTest\\Reports\\HIC\\hic\\20191209_004704\\../Screenshots/iPhone 6/HIC/Dental/USA Access/20191209_004932/8.png]]

2019-12-09 00:50:31 - [TEST_STEP][PASSED] - (internal.GlobalVariable.i++): null

2019-12-09 00:50:31 - [MESSAGE][PASSED] - Call Test Case 'Test Cases/AHI/_include/get_screenshot' successfully

2019-12-09 00:50:31 - [TEST_STEP][PASSED] - click(findTestObject("mobileSanity/Dental/app_page3/label")): Object: 'Object Repository/mobileSanity/Dental/app_page3/label' is clicked on

2019-12-09 00:50:31 - [MESSAGE][PASSED] - Object: 'Object Repository/mobileSanity/Dental/app_page3/label' is clicked on

2019-12-09 00:50:31 - [TEST_STEP][PASSED] - click(findTestObject("mobileSanity/Dental/app_page3/p_CLICK TO SIGN")): Object: 'Object Repository/mobileSanity/Dental/app_page3/p_CLICK TO SIGN' is clicked on

2019-12-09 00:50:31 - [MESSAGE][PASSED] - Object: 'Object Repository/mobileSanity/Dental/app_page3/p_CLICK TO SIGN' is clicked on

2019-12-09 00:50:31 - [TEST_STEP][PASSED] - click(findTestObject("mobileSanity/Dental/app_page3/a_Submit Your Application")): Object: 'Object Repository/mobileSanity/Dental/app_page3/a_Submit Your Application' is clicked on

2019-12-09 00:50:31 - [MESSAGE][PASSED] - Object: 'Object Repository/mobileSanity/Dental/app_page3/a_Submit Your Application' is clicked on

2019-12-09 00:50:31 - [TEST_STEP][PASSED] - Thread.sleep(50000): null

2019-12-09 00:51:21 - [TEST_STEP][PASSED] - waitForElementPresent(findTestObject("mobileSanity/Dental/app_page4/js-app-confirmation"), 20): Object 'Object Repository/mobileSanity/Dental/app_page4/js-app-confirmation' is present

2019-12-09 00:51:21 - [MESSAGE][PASSED] - Object 'Object Repository/mobileSanity/Dental/app_page4/js-app-confirmation' is present

2019-12-09 00:51:21 - [TEST_STEP][PASSED] - callTestCase(findTestCase("AHI/_include/get_screenshot"), [:], STOP_ON_FAILURE): Call Test Case 'Test Cases/AHI/_include/get_screenshot' successfully

2019-12-09 00:51:21 - [TEST_CASE][PASSED] - Test Cases/AHI/_include/get_screenshot: Test Cases/AHI/_include/get_screenshot

2019-12-09 00:51:21 - [TEST_STEP][PASSED] - takeScreenshot(screenPath + i + ".png"): Taking screenshot successfully

2019-12-09 00:51:22 - [MESSAGE][PASSED] - Taking screenshot successfully
[[ATTACHMENT|D:\\Test\\AgileTest\\Reports\\HIC\\hic\\20191209_004704\\../Screenshots/iPhone 6/HIC/Dental/USA Access/20191209_004932/9.png]]

2019-12-09 00:51:22 - [TEST_STEP][PASSED] - (internal.GlobalVariable.i++): null

2019-12-09 00:51:22 - [MESSAGE][PASSED] - Call Test Case 'Test Cases/AHI/_include/get_screenshot' successfully

2019-12-09 00:51:22 - [MESSAGE][PASSED] - Call Test Case 'Test Cases/AHI/_include/goToEnd_dental' successfully]]></system-out>
         <system-err><![CDATA[]]></system-err>
      </testcase>
      <testcase name="Test Cases/HIC/HBI/Agile One" classname="Test Cases/HIC/HBI/Agile One" status="PASSED">
         <system-out><![CDATA[2019-12-09 00:51:22 - [TEST_CASE][PASSED] - Test Cases/HIC/HBI/Agile One: Test Cases/HIC/HBI/Agile One

2019-12-09 00:51:22 - [TEST_STEP][PASSED] - callTestCase(findTestCase("HIC/_include/get_hicScreenPath"), ["project":"HIC", "productLine":"HBI", "carrierName":"Agile One"], CONTINUE_ON_FAILURE): Call Test Case 'Test Cases/HIC/_include/get_hicScreenPath' successfully

2019-12-09 00:51:22 - [TEST_CASE][PASSED] - Test Cases/HIC/_include/get_hicScreenPath: Test Cases/HIC/_include/get_hicScreenPath

2019-12-09 00:51:22 - [TEST_STEP][PASSED] - m = getExecutionProperties(): null

2019-12-09 00:51:22 - [TEST_STEP][PASSED] - deviceName = get("mobileEmulation").get("deviceName"): null

2019-12-09 00:51:22 - [TEST_STEP][PASSED] - println(deviceName): null

2019-12-09 00:51:22 - [TEST_STEP][PASSED] - now = new java.util.Date(): null

2019-12-09 00:51:22 - [TEST_STEP][PASSED] - mydate = now.format("yyyyMMdd_HHmmss"): null

2019-12-09 00:51:22 - [TEST_STEP][PASSED] - screenPath = "../Screenshots/": null

2019-12-09 00:51:22 - [TEST_STEP][PASSED] - screenPath = screenPath + deviceName + "/" + project + "/" + productLine + "/" + carrierName + "/" + mydate + "/": null

2019-12-09 00:51:22 - [TEST_STEP][PASSED] - println(screenPath): null

2019-12-09 00:51:22 - [MESSAGE][PASSED] - Call Test Case 'Test Cases/HIC/_include/get_hicScreenPath' successfully

2019-12-09 00:51:22 - [TEST_STEP][PASSED] - i = 0: null

2019-12-09 00:51:22 - [TEST_STEP][PASSED] - callTestCase(findTestCase("AHI/_include/openWebSite"), ["env":"https://qa.healthinsurance.com/"], CONTINUE_ON_FAILURE): Call Test Case 'Test Cases/AHI/_include/openWebSite' successfully

2019-12-09 00:51:22 - [TEST_CASE][PASSED] - Test Cases/AHI/_include/openWebSite: Test Cases/AHI/_include/openWebSite

2019-12-09 00:51:22 - [TEST_STEP][PASSED] - openBrowser(env): Browser is opened with url: 'https://qa.healthinsurance.com/'

2019-12-09 00:51:22 - [MESSAGE][WARNING] - A browser is already opened. Closing browser and opening a new one

2019-12-09 00:51:23 - [MESSAGE][INFO] - Starting 'Chrome' driver

2019-12-09 00:51:23 - [MESSAGE][INFO] - User set preference: ['mobileEmulation', '{deviceName=iPhone 6}']

2019-12-09 00:51:23 - [MESSAGE][INFO] - User set preference: ['args', '[--incognito, --aggressive-cache-discard, --window-size=375,677, --no-sandbox]']

2019-12-09 00:51:25 - [MESSAGE][PASSED] - Browser is opened with url: 'https://qa.healthinsurance.com/'

2019-12-09 00:51:25 - [TEST_STEP][PASSED] - waitForPageLoad(20): Wait for page load successfully

2019-12-09 00:51:25 - [MESSAGE][PASSED] - Wait for page load successfully

2019-12-09 00:51:25 - [TEST_STEP][PASSED] - callTestCase(findTestCase("AHI/_include/get_screenshot"), [:], STOP_ON_FAILURE): Call Test Case 'Test Cases/AHI/_include/get_screenshot' successfully

2019-12-09 00:51:25 - [TEST_CASE][PASSED] - Test Cases/AHI/_include/get_screenshot: Test Cases/AHI/_include/get_screenshot

2019-12-09 00:51:25 - [TEST_STEP][PASSED] - takeScreenshot(screenPath + i + ".png"): Taking screenshot successfully

2019-12-09 00:51:25 - [MESSAGE][PASSED] - Taking screenshot successfully
[[ATTACHMENT|D:\\Test\\AgileTest\\Reports\\HIC\\hic\\20191209_004704\\../Screenshots/iPhone 6/HIC/HBI/Agile One/20191209_005122/0.png]]

2019-12-09 00:51:25 - [TEST_STEP][PASSED] - (internal.GlobalVariable.i++): null

2019-12-09 00:51:25 - [MESSAGE][PASSED] - Call Test Case 'Test Cases/AHI/_include/get_screenshot' successfully

2019-12-09 00:51:25 - [MESSAGE][PASSED] - Call Test Case 'Test Cases/AHI/_include/openWebSite' successfully

2019-12-09 00:51:25 - [TEST_STEP][PASSED] - click(findTestObject("hic/nav/navButton")): Object: 'Object Repository/hic/nav/navButton' is clicked on

2019-12-09 00:51:25 - [MESSAGE][PASSED] - Object: 'Object Repository/hic/nav/navButton' is clicked on

2019-12-09 00:51:25 - [TEST_STEP][PASSED] - Thread.sleep(2000): null

2019-12-09 00:51:27 - [TEST_STEP][PASSED] - click(findTestObject("hic/nav/hbiLink")): Object: 'Object Repository/hic/nav/hbiLink' is clicked on

2019-12-09 00:51:28 - [MESSAGE][PASSED] - Object: 'Object Repository/hic/nav/hbiLink' is clicked on

2019-12-09 00:51:28 - [TEST_STEP][PASSED] - Thread.sleep(2000): null

2019-12-09 00:51:30 - [TEST_STEP][PASSED] - callTestCase(findTestCase("AHI/_include/get_screenshot"), [:], STOP_ON_FAILURE): Call Test Case 'Test Cases/AHI/_include/get_screenshot' successfully

2019-12-09 00:51:30 - [TEST_CASE][PASSED] - Test Cases/AHI/_include/get_screenshot: Test Cases/AHI/_include/get_screenshot

2019-12-09 00:51:30 - [TEST_STEP][PASSED] - takeScreenshot(screenPath + i + ".png"): Taking screenshot successfully

2019-12-09 00:51:30 - [MESSAGE][PASSED] - Taking screenshot successfully
[[ATTACHMENT|D:\\Test\\AgileTest\\Reports\\HIC\\hic\\20191209_004704\\../Screenshots/iPhone 6/HIC/HBI/Agile One/20191209_005122/1.png]]

2019-12-09 00:51:30 - [TEST_STEP][PASSED] - (internal.GlobalVariable.i++): null

2019-12-09 00:51:30 - [MESSAGE][PASSED] - Call Test Case 'Test Cases/AHI/_include/get_screenshot' successfully

2019-12-09 00:51:30 - [TEST_STEP][PASSED] - callTestCase(findTestCase("HIC/_include/stm_census"), ["zipcode":"35215"], STOP_ON_FAILURE): Call Test Case 'Test Cases/HIC/_include/stm_census' successfully

2019-12-09 00:51:30 - [TEST_CASE][PASSED] - Test Cases/HIC/_include/stm_census: Test Cases/HIC/_include/stm_census

2019-12-09 00:51:30 - [TEST_STEP][PASSED] - setText(findTestObject("hic/stm/zip"), zipcode): Text '35215' is set on object 'Object Repository/hic/stm/zip'

2019-12-09 00:51:31 - [MESSAGE][PASSED] - Text '35215' is set on object 'Object Repository/hic/stm/zip'

2019-12-09 00:51:31 - [TEST_STEP][PASSED] - Thread.sleep(500): null

2019-12-09 00:51:31 - [TEST_STEP][PASSED] - setText(findTestObject("hic/stm/primaryDOB"), "03031987"): Text '03031987' is set on object 'Object Repository/hic/stm/primaryDOB'

2019-12-09 00:51:31 - [MESSAGE][PASSED] - Text '03031987' is set on object 'Object Repository/hic/stm/primaryDOB'

2019-12-09 00:51:31 - [TEST_STEP][PASSED] - click(findTestObject("hic/stm/female")): Object: 'Object Repository/hic/stm/female' is clicked on

2019-12-09 00:51:32 - [MESSAGE][PASSED] - Object: 'Object Repository/hic/stm/female' is clicked on

2019-12-09 00:51:32 - [TEST_STEP][PASSED] - Thread.sleep(3000): null

2019-12-09 00:51:35 - [TEST_STEP][PASSED] - click(findTestObject("hic/stm/submitButton")): Object: 'Object Repository/hic/stm/submitButton' is clicked on

2019-12-09 00:51:37 - [MESSAGE][PASSED] - Object: 'Object Repository/hic/stm/submitButton' is clicked on

2019-12-09 00:51:37 - [TEST_STEP][PASSED] - Thread.sleep(6000): null

2019-12-09 00:51:43 - [TEST_STEP][PASSED] - callTestCase(findTestCase("AHI/_include/get_screenshot"), [:], STOP_ON_FAILURE): Call Test Case 'Test Cases/AHI/_include/get_screenshot' successfully

2019-12-09 00:51:43 - [TEST_CASE][PASSED] - Test Cases/AHI/_include/get_screenshot: Test Cases/AHI/_include/get_screenshot

2019-12-09 00:51:43 - [TEST_STEP][PASSED] - takeScreenshot(screenPath + i + ".png"): Taking screenshot successfully

2019-12-09 00:51:43 - [MESSAGE][PASSED] - Taking screenshot successfully
[[ATTACHMENT|D:\\Test\\AgileTest\\Reports\\HIC\\hic\\20191209_004704\\../Screenshots/iPhone 6/HIC/HBI/Agile One/20191209_005122/2.png]]

2019-12-09 00:51:43 - [TEST_STEP][PASSED] - (internal.GlobalVariable.i++): null

2019-12-09 00:51:43 - [MESSAGE][PASSED] - Call Test Case 'Test Cases/AHI/_include/get_screenshot' successfully

2019-12-09 00:51:43 - [TEST_STEP][PASSED] - Thread.sleep(1000): null

2019-12-09 00:51:44 - [MESSAGE][PASSED] - Call Test Case 'Test Cases/HIC/_include/stm_census' successfully

2019-12-09 00:51:44 - [TEST_STEP][PASSED] - Thread.sleep(5000): null

2019-12-09 00:51:49 - [TEST_STEP][PASSED] - scrollToPosition(200, 2300): Browser is scrolled to position x = 200, y = 2300

2019-12-09 00:51:49 - [MESSAGE][PASSED] - Browser is scrolled to position x = 200, y = 2300

2019-12-09 00:51:49 - [TEST_STEP][PASSED] - click(findTestObject("mobileSanity/HBI/quote/a_Agile One 750")): Object: 'Object Repository/mobileSanity/HBI/quote/a_Agile One 750' is clicked on

2019-12-09 00:51:50 - [MESSAGE][PASSED] - Object: 'Object Repository/mobileSanity/HBI/quote/a_Agile One 750' is clicked on

2019-12-09 00:51:50 - [TEST_STEP][PASSED] - waitForPageLoad(20): Wait for page load successfully

2019-12-09 00:51:50 - [MESSAGE][PASSED] - Wait for page load successfully

2019-12-09 00:51:50 - [TEST_STEP][PASSED] - waitForElementPresent(findTestObject("mobileSanity/HBI/detail/a_Apply for This Plan"), 20): Object 'Object Repository/mobileSanity/HBI/detail/a_Apply for This Plan' is present

2019-12-09 00:51:50 - [MESSAGE][PASSED] - Object 'Object Repository/mobileSanity/HBI/detail/a_Apply for This Plan' is present

2019-12-09 00:51:50 - [TEST_STEP][PASSED] - callTestCase(findTestCase("AHI/_include/get_screenshot"), [:], STOP_ON_FAILURE): Call Test Case 'Test Cases/AHI/_include/get_screenshot' successfully

2019-12-09 00:51:50 - [TEST_CASE][PASSED] - Test Cases/AHI/_include/get_screenshot: Test Cases/AHI/_include/get_screenshot

2019-12-09 00:51:50 - [TEST_STEP][PASSED] - takeScreenshot(screenPath + i + ".png"): Taking screenshot successfully

2019-12-09 00:51:51 - [MESSAGE][PASSED] - Taking screenshot successfully
[[ATTACHMENT|D:\\Test\\AgileTest\\Reports\\HIC\\hic\\20191209_004704\\../Screenshots/iPhone 6/HIC/HBI/Agile One/20191209_005122/3.png]]

2019-12-09 00:51:51 - [TEST_STEP][PASSED] - (internal.GlobalVariable.i++): null

2019-12-09 00:51:51 - [MESSAGE][PASSED] - Call Test Case 'Test Cases/AHI/_include/get_screenshot' successfully

2019-12-09 00:51:51 - [TEST_STEP][PASSED] - click(findTestObject("mobileSanity/HBI/detail/a_Apply for This Plan")): Object: 'Object Repository/mobileSanity/HBI/detail/a_Apply for This Plan' is clicked on

2019-12-09 00:51:51 - [MESSAGE][PASSED] - Object: 'Object Repository/mobileSanity/HBI/detail/a_Apply for This Plan' is clicked on

2019-12-09 00:51:51 - [TEST_STEP][PASSED] - waitForPageLoad(20): Wait for page load successfully

2019-12-09 00:51:51 - [MESSAGE][PASSED] - Wait for page load successfully

2019-12-09 00:51:51 - [TEST_STEP][PASSED] - waitForElementPresent(findTestObject("mobileSanity/HBI/Page_Apply/span_Start Secure Application"), 20): Object 'Object Repository/mobileSanity/HBI/Page_Apply/span_Start Secure Application' is present

2019-12-09 00:51:51 - [MESSAGE][PASSED] - Object 'Object Repository/mobileSanity/HBI/Page_Apply/span_Start Secure Application' is present

2019-12-09 00:51:51 - [TEST_STEP][PASSED] - callTestCase(findTestCase("AHI/_include/get_screenshot"), [:], STOP_ON_FAILURE): Call Test Case 'Test Cases/AHI/_include/get_screenshot' successfully

2019-12-09 00:51:51 - [TEST_CASE][PASSED] - Test Cases/AHI/_include/get_screenshot: Test Cases/AHI/_include/get_screenshot

2019-12-09 00:51:51 - [TEST_STEP][PASSED] - takeScreenshot(screenPath + i + ".png"): Taking screenshot successfully

2019-12-09 00:51:52 - [MESSAGE][PASSED] - Taking screenshot successfully
[[ATTACHMENT|D:\\Test\\AgileTest\\Reports\\HIC\\hic\\20191209_004704\\../Screenshots/iPhone 6/HIC/HBI/Agile One/20191209_005122/4.png]]

2019-12-09 00:51:52 - [TEST_STEP][PASSED] - (internal.GlobalVariable.i++): null

2019-12-09 00:51:52 - [MESSAGE][PASSED] - Call Test Case 'Test Cases/AHI/_include/get_screenshot' successfully

2019-12-09 00:51:52 - [TEST_STEP][PASSED] - click(findTestObject("mobileSanity/HBI/Page_Apply/span_Start Secure Application")): Object: 'Object Repository/mobileSanity/HBI/Page_Apply/span_Start Secure Application' is clicked on

2019-12-09 00:51:52 - [MESSAGE][PASSED] - Object: 'Object Repository/mobileSanity/HBI/Page_Apply/span_Start Secure Application' is clicked on

2019-12-09 00:51:52 - [TEST_STEP][PASSED] - waitForPageLoad(20): Wait for page load successfully

2019-12-09 00:51:52 - [MESSAGE][PASSED] - Wait for page load successfully

2019-12-09 00:51:52 - [TEST_STEP][PASSED] - Thread.sleep(5000): null

2019-12-09 00:51:57 - [TEST_STEP][PASSED] - callTestCase(findTestCase("AHI/_include/get_screenshot"), [:], STOP_ON_FAILURE): Call Test Case 'Test Cases/AHI/_include/get_screenshot' successfully

2019-12-09 00:51:57 - [TEST_CASE][PASSED] - Test Cases/AHI/_include/get_screenshot: Test Cases/AHI/_include/get_screenshot

2019-12-09 00:51:57 - [TEST_STEP][PASSED] - takeScreenshot(screenPath + i + ".png"): Taking screenshot successfully

2019-12-09 00:51:58 - [MESSAGE][PASSED] - Taking screenshot successfully
[[ATTACHMENT|D:\\Test\\AgileTest\\Reports\\HIC\\hic\\20191209_004704\\../Screenshots/iPhone 6/HIC/HBI/Agile One/20191209_005122/5.png]]

2019-12-09 00:51:58 - [TEST_STEP][PASSED] - (internal.GlobalVariable.i++): null

2019-12-09 00:51:58 - [MESSAGE][PASSED] - Call Test Case 'Test Cases/AHI/_include/get_screenshot' successfully

2019-12-09 00:51:58 - [TEST_STEP][PASSED] - callTestCase(findTestCase("AHI/_include/goToEnd_hbi"), ["carrier":"agileone"], CONTINUE_ON_FAILURE): Call Test Case 'Test Cases/AHI/_include/goToEnd_hbi' successfully

2019-12-09 00:51:58 - [TEST_CASE][PASSED] - Test Cases/AHI/_include/goToEnd_hbi: Test Cases/AHI/_include/goToEnd_hbi

2019-12-09 00:51:58 - [TEST_STEP][PASSED] - if (state == "ca"): null

2019-12-09 00:51:58 - [TEST_STEP][PASSED] - callTestCase(findTestCase("AHI/_include/name"), [:], CONTINUE_ON_FAILURE): Call Test Case 'Test Cases/AHI/_include/name' successfully

2019-12-09 00:51:58 - [TEST_CASE][PASSED] - Test Cases/AHI/_include/name: Test Cases/AHI/_include/name

2019-12-09 00:51:58 - [TEST_STEP][PASSED] - driver = getWebDriver(): null

2019-12-09 00:51:58 - [TEST_STEP][PASSED] - selenium = new com.thoughtworks.selenium.webdriven.WebDriverBackedSelenium(driver, internal.GlobalVariable.ENV): null

2019-12-09 00:51:58 - [TEST_STEP][PASSED] - FirstName = "Test-123": null

2019-12-09 00:51:58 - [TEST_STEP][PASSED] - LastName = selenium.getEval("{var x="ABCDEFGHIJKLMNOPQRSTUVWXYZabcdefghijklmnopqrstuvwxyz"; var tmp="ZZ11-"; for (i=0;i<8;i++) tmp+=x.charAt(Math.ceil(51*Math.random()));tmp;}"): null

2019-12-09 00:51:58 - [TEST_STEP][PASSED] - Address = selenium.getEval("{var x="ABCDEFGHIJKLMNOPQRSTUVWXYZabcdefghijklmnopqrstuvwxyz"; var tmp=""; for (i=0;i<8;i++) tmp+=x.charAt(Math.ceil(51*Math.random()));tmp;}"): null

2019-12-09 00:51:58 - [TEST_STEP][PASSED] - City = selenium.getEval("{var x="ABCDEFGHIJKLMNOPQRSTUVWXYZabcdefghijklmnopqrstuvwxyz"; var tmp=""; for (i=0;i<8;i++) tmp+=x.charAt(Math.ceil(51*Math.random()));tmp;}"): null

2019-12-09 00:51:58 - [TEST_STEP][PASSED] - tel1 = selenium.getEval("{var x="123456789"; var tmp=""; for (i=0;i<3;i++) tmp+=x.charAt(Math.ceil(8*Math.random()));tmp;}"): null

2019-12-09 00:51:58 - [TEST_STEP][PASSED] - tel2 = selenium.getEval("{var x="123456789"; var tmp=""; for (i=0;i<3;i++) tmp+=x.charAt(Math.ceil(8*Math.random()));tmp;}"): null

2019-12-09 00:51:58 - [TEST_STEP][PASSED] - tel3 = selenium.getEval("{var x="123456789"; var tmp=""; for (i=0;i<4;i++) tmp+=x.charAt(Math.ceil(8*Math.random()));tmp;}"): null

2019-12-09 00:51:58 - [TEST_STEP][PASSED] - Tel = selenium.getExpression(tel1 + "-" + tel2 + "-" + tel3): null

2019-12-09 00:51:58 - [TEST_STEP][PASSED] - AutoEmail = selenium.getEval("{var x="ABCDEFGHIJKLMNOPQRSTUVWXYZabcdefghijklmnopqrstuvwxyz"; var tmp="test."; for (i=0;i<8;i++) tmp+=x.charAt(Math.ceil(51*Math.random()));tmp+="@suryani.cn";}"): null

2019-12-09 00:51:58 - [TEST_STEP][PASSED] - FirstName = FirstName: null

2019-12-09 00:51:58 - [TEST_STEP][PASSED] - LastName = LastName: null

2019-12-09 00:51:58 - [TEST_STEP][PASSED] - Address = Address: null

2019-12-09 00:51:58 - [TEST_STEP][PASSED] - City = City: null

2019-12-09 00:51:58 - [TEST_STEP][PASSED] - Tel = Tel: null

2019-12-09 00:51:58 - [TEST_STEP][PASSED] - AutoEmail = AutoEmail: null

2019-12-09 00:51:58 - [TEST_STEP][PASSED] - println(FirstName): null

2019-12-09 00:51:58 - [TEST_STEP][PASSED] - println(LastName): null

2019-12-09 00:51:58 - [TEST_STEP][PASSED] - println(Address): null

2019-12-09 00:51:58 - [TEST_STEP][PASSED] - println(City): null

2019-12-09 00:51:58 - [TEST_STEP][PASSED] - println(Tel): null

2019-12-09 00:51:58 - [TEST_STEP][PASSED] - println(AutoEmail): null

2019-12-09 00:51:58 - [MESSAGE][PASSED] - Call Test Case 'Test Cases/AHI/_include/name' successfully

2019-12-09 00:51:58 - [TEST_STEP][PASSED] - setText(findTestObject("mobileSanity/HBI/Page_App Page 1/input__member-P-1-firstName"), FirstName): Text 'Test-123' is set on object 'Object Repository/mobileSanity/HBI/Page_App Page 1/input__member-P-1-firstName'

2019-12-09 00:51:58 - [MESSAGE][PASSED] - Text 'Test-123' is set on object 'Object Repository/mobileSanity/HBI/Page_App Page 1/input__member-P-1-firstName'

2019-12-09 00:51:58 - [TEST_STEP][PASSED] - setText(findTestObject("mobileSanity/HBI/Page_App Page 1/input__member-P-1-lastName"), LastName): Text 'ZZ11-GRldBojE' is set on object 'Object Repository/mobileSanity/HBI/Page_App Page 1/input__member-P-1-lastName'

2019-12-09 00:51:59 - [MESSAGE][PASSED] - Text 'ZZ11-GRldBojE' is set on object 'Object Repository/mobileSanity/HBI/Page_App Page 1/input__member-P-1-lastName'

2019-12-09 00:51:59 - [TEST_STEP][PASSED] - if (carrier == "agileone" || carrier == "agilesecure"): Text 'test6' is set on object 'Object Repository/mobileSanity/HBI/Page_App Page 1/input__contingent-beneficiary-relationship'

2019-12-09 00:51:59 - [TEST_STEP][PASSED] - setText(findTestObject("mobileSanity/HBI/Page_App Page 1/input__primary-beneficiary-fir"), "test1"): Text 'test1' is set on object 'Object Repository/mobileSanity/HBI/Page_App Page 1/input__primary-beneficiary-fir'

2019-12-09 00:51:59 - [MESSAGE][PASSED] - Text 'test1' is set on object 'Object Repository/mobileSanity/HBI/Page_App Page 1/input__primary-beneficiary-fir'

2019-12-09 00:51:59 - [TEST_STEP][PASSED] - setText(findTestObject("mobileSanity/HBI/Page_App Page 1/input__primary-beneficiary-las"), "test2"): Text 'test2' is set on object 'Object Repository/mobileSanity/HBI/Page_App Page 1/input__primary-beneficiary-las'

2019-12-09 00:52:00 - [MESSAGE][PASSED] - Text 'test2' is set on object 'Object Repository/mobileSanity/HBI/Page_App Page 1/input__primary-beneficiary-las'

2019-12-09 00:52:00 - [TEST_STEP][PASSED] - setText(findTestObject("mobileSanity/HBI/Page_App Page 1/input__primary-beneficiary-rel"), "test3"): Text 'test3' is set on object 'Object Repository/mobileSanity/HBI/Page_App Page 1/input__primary-beneficiary-rel'

2019-12-09 00:52:00 - [MESSAGE][PASSED] - Text 'test3' is set on object 'Object Repository/mobileSanity/HBI/Page_App Page 1/input__primary-beneficiary-rel'

2019-12-09 00:52:00 - [TEST_STEP][PASSED] - setText(findTestObject("mobileSanity/HBI/Page_App Page 1/input__contingent-beneficiary-"), "test4"): Text 'test4' is set on object 'Object Repository/mobileSanity/HBI/Page_App Page 1/input__contingent-beneficiary-'

2019-12-09 00:52:00 - [MESSAGE][PASSED] - Text 'test4' is set on object 'Object Repository/mobileSanity/HBI/Page_App Page 1/input__contingent-beneficiary-'

2019-12-09 00:52:00 - [TEST_STEP][PASSED] - setText(findTestObject("mobileSanity/HBI/Page_App Page 1/input__contingent-beneficiary-_lastname"), "test5"): Text 'test5' is set on object 'Object Repository/mobileSanity/HBI/Page_App Page 1/input__contingent-beneficiary-_lastname'

2019-12-09 00:52:00 - [MESSAGE][PASSED] - Text 'test5' is set on object 'Object Repository/mobileSanity/HBI/Page_App Page 1/input__contingent-beneficiary-_lastname'

2019-12-09 00:52:01 - [TEST_STEP][PASSED] - setText(findTestObject("mobileSanity/HBI/Page_App Page 1/input__contingent-beneficiary-relationship"), "test6"): Text 'test6' is set on object 'Object Repository/mobileSanity/HBI/Page_App Page 1/input__contingent-beneficiary-relationship'

2019-12-09 00:52:01 - [MESSAGE][PASSED] - Text 'test6' is set on object 'Object Repository/mobileSanity/HBI/Page_App Page 1/input__contingent-beneficiary-relationship'

2019-12-09 00:52:01 - [TEST_STEP][PASSED] - setText(findTestObject("mobileSanity/HBI/Page_App Page 1/input__address"), Address): Text 'jahmLXSJ' is set on object 'Object Repository/mobileSanity/HBI/Page_App Page 1/input__address'

2019-12-09 00:52:01 - [MESSAGE][PASSED] - Text 'jahmLXSJ' is set on object 'Object Repository/mobileSanity/HBI/Page_App Page 1/input__address'

2019-12-09 00:52:01 - [TEST_STEP][PASSED] - setText(findTestObject("mobileSanity/HBI/Page_App Page 1/input__city"), City): Text 'TlgQQnco' is set on object 'Object Repository/mobileSanity/HBI/Page_App Page 1/input__city'

2019-12-09 00:52:01 - [MESSAGE][PASSED] - Text 'TlgQQnco' is set on object 'Object Repository/mobileSanity/HBI/Page_App Page 1/input__city'

2019-12-09 00:52:01 - [TEST_STEP][PASSED] - setText(findTestObject("mobileSanity/HBI/Page_App Page 1/input__email"), AutoEmail): Text 'test.kJkvjPQe@suryani.cn' is set on object 'Object Repository/mobileSanity/HBI/Page_App Page 1/input__email'

2019-12-09 00:52:01 - [MESSAGE][PASSED] - Text 'test.kJkvjPQe@suryani.cn' is set on object 'Object Repository/mobileSanity/HBI/Page_App Page 1/input__email'

2019-12-09 00:52:01 - [TEST_STEP][PASSED] - setText(findTestObject("mobileSanity/HBI/Page_App Page 1/input_tel"), Tel): Text '682-864-4374' is set on object 'Object Repository/mobileSanity/HBI/Page_App Page 1/input_tel'

2019-12-09 00:52:02 - [MESSAGE][PASSED] - Text '682-864-4374' is set on object 'Object Repository/mobileSanity/HBI/Page_App Page 1/input_tel'

2019-12-09 00:52:02 - [TEST_STEP][PASSED] - Thread.sleep(5000): null

2019-12-09 00:52:07 - [TEST_STEP][PASSED] - click(findTestObject("mobileSanity/HBI/Page_App Page 1/a_Continue to Step 2 - Payment")): Object: 'Object Repository/mobileSanity/HBI/Page_App Page 1/a_Continue to Step 2 - Payment' is clicked on

2019-12-09 00:52:07 - [MESSAGE][PASSED] - Object: 'Object Repository/mobileSanity/HBI/Page_App Page 1/a_Continue to Step 2 - Payment' is clicked on

2019-12-09 00:52:07 - [TEST_STEP][PASSED] - waitForPageLoad(20): Wait for page load successfully

2019-12-09 00:52:07 - [MESSAGE][PASSED] - Wait for page load successfully

2019-12-09 00:52:07 - [TEST_STEP][PASSED] - Thread.sleep(2000): null

2019-12-09 00:52:09 - [TEST_STEP][PASSED] - waitForElementVisible(findTestObject("mobileSanity/HBI/Page_App Page 2/input__credit-card-first"), 20): Object 'Object Repository/mobileSanity/HBI/Page_App Page 2/input__credit-card-first' is visible

2019-12-09 00:52:09 - [MESSAGE][PASSED] - Object 'Object Repository/mobileSanity/HBI/Page_App Page 2/input__credit-card-first' is visible

2019-12-09 00:52:09 - [TEST_STEP][PASSED] - callTestCase(findTestCase("AHI/_include/get_screenshot"), [:], STOP_ON_FAILURE): Call Test Case 'Test Cases/AHI/_include/get_screenshot' successfully

2019-12-09 00:52:09 - [TEST_CASE][PASSED] - Test Cases/AHI/_include/get_screenshot: Test Cases/AHI/_include/get_screenshot

2019-12-09 00:52:09 - [TEST_STEP][PASSED] - takeScreenshot(screenPath + i + ".png"): Taking screenshot successfully

2019-12-09 00:52:09 - [MESSAGE][PASSED] - Taking screenshot successfully
[[ATTACHMENT|D:\\Test\\AgileTest\\Reports\\HIC\\hic\\20191209_004704\\../Screenshots/iPhone 6/HIC/HBI/Agile One/20191209_005122/6.png]]

2019-12-09 00:52:09 - [TEST_STEP][PASSED] - (internal.GlobalVariable.i++): null

2019-12-09 00:52:09 - [MESSAGE][PASSED] - Call Test Case 'Test Cases/AHI/_include/get_screenshot' successfully

2019-12-09 00:52:09 - [TEST_STEP][PASSED] - setText(findTestObject("mobileSanity/HBI/Page_App Page 2/input__credit-card-first"), FirstName): Text 'Test-123' is set on object 'Object Repository/mobileSanity/HBI/Page_App Page 2/input__credit-card-first'

2019-12-09 00:52:10 - [MESSAGE][PASSED] - Text 'Test-123' is set on object 'Object Repository/mobileSanity/HBI/Page_App Page 2/input__credit-card-first'

2019-12-09 00:52:10 - [TEST_STEP][PASSED] - setText(findTestObject("mobileSanity/HBI/Page_App Page 2/input__credit-card-last"), LastName): Text 'ZZ11-GRldBojE' is set on object 'Object Repository/mobileSanity/HBI/Page_App Page 2/input__credit-card-last'

2019-12-09 00:52:10 - [MESSAGE][PASSED] - Text 'ZZ11-GRldBojE' is set on object 'Object Repository/mobileSanity/HBI/Page_App Page 2/input__credit-card-last'

2019-12-09 00:52:10 - [TEST_STEP][PASSED] - selectOptionByValue(findTestObject("mobileSanity/HBI/Page_App Page 2/select_MM010203040506070809101"), "12", true): All options with value '12' are selected in object 'Object Repository/mobileSanity/HBI/Page_App Page 2/select_MM010203040506070809101'  using regular expression

2019-12-09 00:52:10 - [MESSAGE][PASSED] - All options with value '12' are selected in object 'Object Repository/mobileSanity/HBI/Page_App Page 2/select_MM010203040506070809101'  using regular expression

2019-12-09 00:52:10 - [TEST_STEP][PASSED] - selectOptionByValue(findTestObject("mobileSanity/HBI/Page_App Page 2/select_YYYY2019202020212022202"), "2026", true): All options with value '2026' are selected in object 'Object Repository/mobileSanity/HBI/Page_App Page 2/select_YYYY2019202020212022202'  using regular expression

2019-12-09 00:52:10 - [MESSAGE][PASSED] - All options with value '2026' are selected in object 'Object Repository/mobileSanity/HBI/Page_App Page 2/select_YYYY2019202020212022202'  using regular expression

2019-12-09 00:52:10 - [TEST_STEP][PASSED] - setText(findTestObject("mobileSanity/HBI/Page_App Page 2/input__credit-card-number"), "4111111111111111"): Text '4111111111111111' is set on object 'Object Repository/mobileSanity/HBI/Page_App Page 2/input__credit-card-number'

2019-12-09 00:52:11 - [MESSAGE][PASSED] - Text '4111111111111111' is set on object 'Object Repository/mobileSanity/HBI/Page_App Page 2/input__credit-card-number'

2019-12-09 00:52:11 - [TEST_STEP][PASSED] - setText(findTestObject("mobileSanity/HBI/Page_App Page 2/input__cvv"), "123"): Text '123' is set on object 'Object Repository/mobileSanity/HBI/Page_App Page 2/input__cvv'

2019-12-09 00:52:11 - [MESSAGE][PASSED] - Text '123' is set on object 'Object Repository/mobileSanity/HBI/Page_App Page 2/input__cvv'

2019-12-09 00:52:11 - [TEST_STEP][PASSED] - click(findTestObject("mobileSanity/HBI/Page_App Page 2/label_My billing address is th")): Object: 'Object Repository/mobileSanity/HBI/Page_App Page 2/label_My billing address is th' is clicked on

2019-12-09 00:52:11 - [MESSAGE][PASSED] - Object: 'Object Repository/mobileSanity/HBI/Page_App Page 2/label_My billing address is th' is clicked on

2019-12-09 00:52:11 - [TEST_STEP][PASSED] - click(findTestObject("mobileSanity/HBI/Page_App Page 2/label_I Accept Authorization f")): Object: 'Object Repository/mobileSanity/HBI/Page_App Page 2/label_I Accept Authorization f' is clicked on

2019-12-09 00:52:11 - [MESSAGE][PASSED] - Object: 'Object Repository/mobileSanity/HBI/Page_App Page 2/label_I Accept Authorization f' is clicked on

2019-12-09 00:52:11 - [TEST_STEP][PASSED] - click(findTestObject("mobileSanity/HBI/Page_App Page 2/a_Continue to Step 3 - Review")): Object: 'Object Repository/mobileSanity/HBI/Page_App Page 2/a_Continue to Step 3 - Review' is clicked on

2019-12-09 00:52:11 - [MESSAGE][PASSED] - Object: 'Object Repository/mobileSanity/HBI/Page_App Page 2/a_Continue to Step 3 - Review' is clicked on

2019-12-09 00:52:11 - [TEST_STEP][PASSED] - waitForPageLoad(20): Wait for page load successfully

2019-12-09 00:52:11 - [MESSAGE][PASSED] - Wait for page load successfully

2019-12-09 00:52:11 - [TEST_STEP][PASSED] - Thread.sleep(10000): null

2019-12-09 00:52:21 - [TEST_STEP][PASSED] - waitForElementPresent(findTestObject("mobileSanity/HBI/Page_App Page 3/label"), 20): Object 'Object Repository/mobileSanity/HBI/Page_App Page 3/label' is present

2019-12-09 00:52:22 - [MESSAGE][PASSED] - Object 'Object Repository/mobileSanity/HBI/Page_App Page 3/label' is present

2019-12-09 00:52:22 - [TEST_STEP][PASSED] - callTestCase(findTestCase("AHI/_include/get_screenshot"), [:], STOP_ON_FAILURE): Call Test Case 'Test Cases/AHI/_include/get_screenshot' successfully

2019-12-09 00:52:22 - [TEST_CASE][PASSED] - Test Cases/AHI/_include/get_screenshot: Test Cases/AHI/_include/get_screenshot

2019-12-09 00:52:22 - [TEST_STEP][PASSED] - takeScreenshot(screenPath + i + ".png"): Taking screenshot successfully

2019-12-09 00:52:22 - [MESSAGE][PASSED] - Taking screenshot successfully
[[ATTACHMENT|D:\\Test\\AgileTest\\Reports\\HIC\\hic\\20191209_004704\\../Screenshots/iPhone 6/HIC/HBI/Agile One/20191209_005122/7.png]]

2019-12-09 00:52:22 - [TEST_STEP][PASSED] - (internal.GlobalVariable.i++): null

2019-12-09 00:52:22 - [MESSAGE][PASSED] - Call Test Case 'Test Cases/AHI/_include/get_screenshot' successfully

2019-12-09 00:52:22 - [TEST_STEP][PASSED] - click(findTestObject("mobileSanity/HBI/Page_App Page 3/label")): Object: 'Object Repository/mobileSanity/HBI/Page_App Page 3/label' is clicked on

2019-12-09 00:52:22 - [MESSAGE][PASSED] - Object: 'Object Repository/mobileSanity/HBI/Page_App Page 3/label' is clicked on

2019-12-09 00:52:22 - [TEST_STEP][PASSED] - click(findTestObject("mobileSanity/HBI/Page_App Page 3/p_CLICK TO SIGN")): Object: 'Object Repository/mobileSanity/HBI/Page_App Page 3/p_CLICK TO SIGN' is clicked on

2019-12-09 00:52:22 - [MESSAGE][PASSED] - Object: 'Object Repository/mobileSanity/HBI/Page_App Page 3/p_CLICK TO SIGN' is clicked on

2019-12-09 00:52:22 - [TEST_STEP][PASSED] - click(findTestObject("mobileSanity/HBI/Page_App Page 3/a_Submit Your Application")): Object: 'Object Repository/mobileSanity/HBI/Page_App Page 3/a_Submit Your Application' is clicked on

2019-12-09 00:52:22 - [MESSAGE][PASSED] - Object: 'Object Repository/mobileSanity/HBI/Page_App Page 3/a_Submit Your Application' is clicked on

2019-12-09 00:52:22 - [TEST_STEP][PASSED] - Thread.sleep(30000): null

2019-12-09 00:52:52 - [TEST_STEP][PASSED] - callTestCase(findTestCase("AHI/_include/get_screenshot"), [:], STOP_ON_FAILURE): Call Test Case 'Test Cases/AHI/_include/get_screenshot' successfully

2019-12-09 00:52:52 - [TEST_CASE][PASSED] - Test Cases/AHI/_include/get_screenshot: Test Cases/AHI/_include/get_screenshot

2019-12-09 00:52:52 - [TEST_STEP][PASSED] - takeScreenshot(screenPath + i + ".png"): Taking screenshot successfully

2019-12-09 00:52:53 - [MESSAGE][PASSED] - Taking screenshot successfully
[[ATTACHMENT|D:\\Test\\AgileTest\\Reports\\HIC\\hic\\20191209_004704\\../Screenshots/iPhone 6/HIC/HBI/Agile One/20191209_005122/8.png]]

2019-12-09 00:52:53 - [TEST_STEP][PASSED] - (internal.GlobalVariable.i++): null

2019-12-09 00:52:53 - [MESSAGE][PASSED] - Call Test Case 'Test Cases/AHI/_include/get_screenshot' successfully

2019-12-09 00:52:53 - [TEST_STEP][PASSED] - verifyTextPresent("Congratulations", false): Text 'Congratulations' is present on page 

2019-12-09 00:52:53 - [MESSAGE][PASSED] - Text 'Congratulations' is present on page 

2019-12-09 00:52:53 - [MESSAGE][PASSED] - Call Test Case 'Test Cases/AHI/_include/goToEnd_hbi' successfully]]></system-out>
         <system-err><![CDATA[]]></system-err>
      </testcase>
      <testcase name="Test Cases/HIC/HBI/Agile Secure" classname="Test Cases/HIC/HBI/Agile Secure" status="PASSED">
         <system-out><![CDATA[2019-12-09 00:52:53 - [TEST_CASE][PASSED] - Test Cases/HIC/HBI/Agile Secure: Test Cases/HIC/HBI/Agile Secure

2019-12-09 00:52:53 - [TEST_STEP][PASSED] - callTestCase(findTestCase("HIC/_include/get_hicScreenPath"), ["project":"HIC", "productLine":"HBI", "carrierName":"Agile Secure"], CONTINUE_ON_FAILURE): Call Test Case 'Test Cases/HIC/_include/get_hicScreenPath' successfully

2019-12-09 00:52:53 - [TEST_CASE][PASSED] - Test Cases/HIC/_include/get_hicScreenPath: Test Cases/HIC/_include/get_hicScreenPath

2019-12-09 00:52:53 - [TEST_STEP][PASSED] - m = getExecutionProperties(): null

2019-12-09 00:52:53 - [TEST_STEP][PASSED] - deviceName = get("mobileEmulation").get("deviceName"): null

2019-12-09 00:52:53 - [TEST_STEP][PASSED] - println(deviceName): null

2019-12-09 00:52:53 - [TEST_STEP][PASSED] - now = new java.util.Date(): null

2019-12-09 00:52:53 - [TEST_STEP][PASSED] - mydate = now.format("yyyyMMdd_HHmmss"): null

2019-12-09 00:52:53 - [TEST_STEP][PASSED] - screenPath = "../Screenshots/": null

2019-12-09 00:52:53 - [TEST_STEP][PASSED] - screenPath = screenPath + deviceName + "/" + project + "/" + productLine + "/" + carrierName + "/" + mydate + "/": null

2019-12-09 00:52:53 - [TEST_STEP][PASSED] - println(screenPath): null

2019-12-09 00:52:53 - [MESSAGE][PASSED] - Call Test Case 'Test Cases/HIC/_include/get_hicScreenPath' successfully

2019-12-09 00:52:53 - [TEST_STEP][PASSED] - i = 0: null

2019-12-09 00:52:53 - [TEST_STEP][PASSED] - callTestCase(findTestCase("AHI/_include/openWebSite"), ["env":"https://qa.healthinsurance.com/"], CONTINUE_ON_FAILURE): Call Test Case 'Test Cases/AHI/_include/openWebSite' successfully

2019-12-09 00:52:53 - [TEST_CASE][PASSED] - Test Cases/AHI/_include/openWebSite: Test Cases/AHI/_include/openWebSite

2019-12-09 00:52:53 - [TEST_STEP][PASSED] - openBrowser(env): Browser is opened with url: 'https://qa.healthinsurance.com/'

2019-12-09 00:52:53 - [MESSAGE][WARNING] - A browser is already opened. Closing browser and opening a new one

2019-12-09 00:52:54 - [MESSAGE][INFO] - Starting 'Chrome' driver

2019-12-09 00:52:54 - [MESSAGE][INFO] - User set preference: ['mobileEmulation', '{deviceName=iPhone 6}']

2019-12-09 00:52:54 - [MESSAGE][INFO] - User set preference: ['args', '[--incognito, --aggressive-cache-discard, --window-size=375,677, --no-sandbox]']

2019-12-09 00:52:56 - [MESSAGE][PASSED] - Browser is opened with url: 'https://qa.healthinsurance.com/'

2019-12-09 00:52:56 - [TEST_STEP][PASSED] - waitForPageLoad(20): Wait for page load successfully

2019-12-09 00:52:56 - [MESSAGE][PASSED] - Wait for page load successfully

2019-12-09 00:52:56 - [TEST_STEP][PASSED] - callTestCase(findTestCase("AHI/_include/get_screenshot"), [:], STOP_ON_FAILURE): Call Test Case 'Test Cases/AHI/_include/get_screenshot' successfully

2019-12-09 00:52:56 - [TEST_CASE][PASSED] - Test Cases/AHI/_include/get_screenshot: Test Cases/AHI/_include/get_screenshot

2019-12-09 00:52:56 - [TEST_STEP][PASSED] - takeScreenshot(screenPath + i + ".png"): Taking screenshot successfully

2019-12-09 00:52:57 - [MESSAGE][PASSED] - Taking screenshot successfully
[[ATTACHMENT|D:\\Test\\AgileTest\\Reports\\HIC\\hic\\20191209_004704\\../Screenshots/iPhone 6/HIC/HBI/Agile Secure/20191209_005253/0.png]]

2019-12-09 00:52:57 - [TEST_STEP][PASSED] - (internal.GlobalVariable.i++): null

2019-12-09 00:52:57 - [MESSAGE][PASSED] - Call Test Case 'Test Cases/AHI/_include/get_screenshot' successfully

2019-12-09 00:52:57 - [MESSAGE][PASSED] - Call Test Case 'Test Cases/AHI/_include/openWebSite' successfully

2019-12-09 00:52:57 - [TEST_STEP][PASSED] - click(findTestObject("hic/nav/navButton")): Object: 'Object Repository/hic/nav/navButton' is clicked on

2019-12-09 00:52:57 - [MESSAGE][PASSED] - Object: 'Object Repository/hic/nav/navButton' is clicked on

2019-12-09 00:52:57 - [TEST_STEP][PASSED] - Thread.sleep(2000): null

2019-12-09 00:52:59 - [TEST_STEP][PASSED] - click(findTestObject("hic/nav/hbiLink")): Object: 'Object Repository/hic/nav/hbiLink' is clicked on

2019-12-09 00:52:59 - [MESSAGE][PASSED] - Object: 'Object Repository/hic/nav/hbiLink' is clicked on

2019-12-09 00:52:59 - [TEST_STEP][PASSED] - Thread.sleep(2000): null

2019-12-09 00:53:01 - [TEST_STEP][PASSED] - callTestCase(findTestCase("AHI/_include/get_screenshot"), [:], STOP_ON_FAILURE): Call Test Case 'Test Cases/AHI/_include/get_screenshot' successfully

2019-12-09 00:53:01 - [TEST_CASE][PASSED] - Test Cases/AHI/_include/get_screenshot: Test Cases/AHI/_include/get_screenshot

2019-12-09 00:53:01 - [TEST_STEP][PASSED] - takeScreenshot(screenPath + i + ".png"): Taking screenshot successfully

2019-12-09 00:53:01 - [MESSAGE][PASSED] - Taking screenshot successfully
[[ATTACHMENT|D:\\Test\\AgileTest\\Reports\\HIC\\hic\\20191209_004704\\../Screenshots/iPhone 6/HIC/HBI/Agile Secure/20191209_005253/1.png]]

2019-12-09 00:53:01 - [TEST_STEP][PASSED] - (internal.GlobalVariable.i++): null

2019-12-09 00:53:01 - [MESSAGE][PASSED] - Call Test Case 'Test Cases/AHI/_include/get_screenshot' successfully

2019-12-09 00:53:01 - [TEST_STEP][PASSED] - callTestCase(findTestCase("HIC/_include/stm_census"), ["zipcode":"08701"], STOP_ON_FAILURE): Call Test Case 'Test Cases/HIC/_include/stm_census' successfully

2019-12-09 00:53:01 - [TEST_CASE][PASSED] - Test Cases/HIC/_include/stm_census: Test Cases/HIC/_include/stm_census

2019-12-09 00:53:01 - [TEST_STEP][PASSED] - setText(findTestObject("hic/stm/zip"), zipcode): Text '08701' is set on object 'Object Repository/hic/stm/zip'

2019-12-09 00:53:02 - [MESSAGE][PASSED] - Text '08701' is set on object 'Object Repository/hic/stm/zip'

2019-12-09 00:53:02 - [TEST_STEP][PASSED] - Thread.sleep(500): null

2019-12-09 00:53:02 - [TEST_STEP][PASSED] - setText(findTestObject("hic/stm/primaryDOB"), "03031987"): Text '03031987' is set on object 'Object Repository/hic/stm/primaryDOB'

2019-12-09 00:53:02 - [MESSAGE][PASSED] - Text '03031987' is set on object 'Object Repository/hic/stm/primaryDOB'

2019-12-09 00:53:02 - [TEST_STEP][PASSED] - click(findTestObject("hic/stm/female")): Object: 'Object Repository/hic/stm/female' is clicked on

2019-12-09 00:53:03 - [MESSAGE][PASSED] - Object: 'Object Repository/hic/stm/female' is clicked on

2019-12-09 00:53:03 - [TEST_STEP][PASSED] - Thread.sleep(3000): null

2019-12-09 00:53:06 - [TEST_STEP][PASSED] - click(findTestObject("hic/stm/submitButton")): Object: 'Object Repository/hic/stm/submitButton' is clicked on

2019-12-09 00:53:06 - [MESSAGE][PASSED] - Object: 'Object Repository/hic/stm/submitButton' is clicked on

2019-12-09 00:53:06 - [TEST_STEP][PASSED] - Thread.sleep(6000): null

2019-12-09 00:53:12 - [TEST_STEP][PASSED] - callTestCase(findTestCase("AHI/_include/get_screenshot"), [:], STOP_ON_FAILURE): Call Test Case 'Test Cases/AHI/_include/get_screenshot' successfully

2019-12-09 00:53:13 - [TEST_CASE][PASSED] - Test Cases/AHI/_include/get_screenshot: Test Cases/AHI/_include/get_screenshot

2019-12-09 00:53:13 - [TEST_STEP][PASSED] - takeScreenshot(screenPath + i + ".png"): Taking screenshot successfully

2019-12-09 00:53:13 - [MESSAGE][PASSED] - Taking screenshot successfully
[[ATTACHMENT|D:\\Test\\AgileTest\\Reports\\HIC\\hic\\20191209_004704\\../Screenshots/iPhone 6/HIC/HBI/Agile Secure/20191209_005253/2.png]]

2019-12-09 00:53:13 - [TEST_STEP][PASSED] - (internal.GlobalVariable.i++): null

2019-12-09 00:53:13 - [MESSAGE][PASSED] - Call Test Case 'Test Cases/AHI/_include/get_screenshot' successfully

2019-12-09 00:53:13 - [TEST_STEP][PASSED] - Thread.sleep(1000): null

2019-12-09 00:53:14 - [MESSAGE][PASSED] - Call Test Case 'Test Cases/HIC/_include/stm_census' successfully

2019-12-09 00:53:14 - [TEST_STEP][PASSED] - click(findTestObject("mobileSanity/HBI/detail/a_Apply for This Plan")): Object: 'Object Repository/mobileSanity/HBI/detail/a_Apply for This Plan' is clicked on

2019-12-09 00:53:14 - [MESSAGE][PASSED] - Object: 'Object Repository/mobileSanity/HBI/detail/a_Apply for This Plan' is clicked on

2019-12-09 00:53:14 - [TEST_STEP][PASSED] - waitForPageLoad(20): Wait for page load successfully

2019-12-09 00:53:14 - [MESSAGE][PASSED] - Wait for page load successfully

2019-12-09 00:53:14 - [TEST_STEP][PASSED] - callTestCase(findTestCase("AHI/_include/get_screenshot"), [:], STOP_ON_FAILURE): Call Test Case 'Test Cases/AHI/_include/get_screenshot' successfully

2019-12-09 00:53:14 - [TEST_CASE][PASSED] - Test Cases/AHI/_include/get_screenshot: Test Cases/AHI/_include/get_screenshot

2019-12-09 00:53:15 - [TEST_STEP][PASSED] - takeScreenshot(screenPath + i + ".png"): Taking screenshot successfully

2019-12-09 00:53:15 - [MESSAGE][PASSED] - Taking screenshot successfully
[[ATTACHMENT|D:\\Test\\AgileTest\\Reports\\HIC\\hic\\20191209_004704\\../Screenshots/iPhone 6/HIC/HBI/Agile Secure/20191209_005253/3.png]]

2019-12-09 00:53:15 - [TEST_STEP][PASSED] - (internal.GlobalVariable.i++): null

2019-12-09 00:53:15 - [MESSAGE][PASSED] - Call Test Case 'Test Cases/AHI/_include/get_screenshot' successfully

2019-12-09 00:53:15 - [TEST_STEP][PASSED] - click(findTestObject("mobileSanity/HBI/Page_Apply/span_Start Secure Application")): Object: 'Object Repository/mobileSanity/HBI/Page_Apply/span_Start Secure Application' is clicked on

2019-12-09 00:53:16 - [MESSAGE][PASSED] - Object: 'Object Repository/mobileSanity/HBI/Page_Apply/span_Start Secure Application' is clicked on

2019-12-09 00:53:16 - [TEST_STEP][PASSED] - waitForPageLoad(20): Wait for page load successfully

2019-12-09 00:53:16 - [MESSAGE][PASSED] - Wait for page load successfully

2019-12-09 00:53:16 - [TEST_STEP][PASSED] - Thread.sleep(5000): null

2019-12-09 00:53:21 - [TEST_STEP][PASSED] - callTestCase(findTestCase("AHI/_include/get_screenshot"), [:], STOP_ON_FAILURE): Call Test Case 'Test Cases/AHI/_include/get_screenshot' successfully

2019-12-09 00:53:21 - [TEST_CASE][PASSED] - Test Cases/AHI/_include/get_screenshot: Test Cases/AHI/_include/get_screenshot

2019-12-09 00:53:21 - [TEST_STEP][PASSED] - takeScreenshot(screenPath + i + ".png"): Taking screenshot successfully

2019-12-09 00:53:21 - [MESSAGE][PASSED] - Taking screenshot successfully
[[ATTACHMENT|D:\\Test\\AgileTest\\Reports\\HIC\\hic\\20191209_004704\\../Screenshots/iPhone 6/HIC/HBI/Agile Secure/20191209_005253/4.png]]

2019-12-09 00:53:21 - [TEST_STEP][PASSED] - (internal.GlobalVariable.i++): null

2019-12-09 00:53:21 - [MESSAGE][PASSED] - Call Test Case 'Test Cases/AHI/_include/get_screenshot' successfully

2019-12-09 00:53:21 - [TEST_STEP][PASSED] - callTestCase(findTestCase("AHI/_include/goToEnd_hbi"), ["carrier":"agilesecure"], CONTINUE_ON_FAILURE): Call Test Case 'Test Cases/AHI/_include/goToEnd_hbi' successfully

2019-12-09 00:53:21 - [TEST_CASE][PASSED] - Test Cases/AHI/_include/goToEnd_hbi: Test Cases/AHI/_include/goToEnd_hbi

2019-12-09 00:53:22 - [TEST_STEP][PASSED] - if (state == "ca"): null

2019-12-09 00:53:22 - [TEST_STEP][PASSED] - callTestCase(findTestCase("AHI/_include/name"), [:], CONTINUE_ON_FAILURE): Call Test Case 'Test Cases/AHI/_include/name' successfully

2019-12-09 00:53:22 - [TEST_CASE][PASSED] - Test Cases/AHI/_include/name: Test Cases/AHI/_include/name

2019-12-09 00:53:22 - [TEST_STEP][PASSED] - driver = getWebDriver(): null

2019-12-09 00:53:22 - [TEST_STEP][PASSED] - selenium = new com.thoughtworks.selenium.webdriven.WebDriverBackedSelenium(driver, internal.GlobalVariable.ENV): null

2019-12-09 00:53:22 - [TEST_STEP][PASSED] - FirstName = "Test-123": null

2019-12-09 00:53:22 - [TEST_STEP][PASSED] - LastName = selenium.getEval("{var x="ABCDEFGHIJKLMNOPQRSTUVWXYZabcdefghijklmnopqrstuvwxyz"; var tmp="ZZ11-"; for (i=0;i<8;i++) tmp+=x.charAt(Math.ceil(51*Math.random()));tmp;}"): null

2019-12-09 00:53:22 - [TEST_STEP][PASSED] - Address = selenium.getEval("{var x="ABCDEFGHIJKLMNOPQRSTUVWXYZabcdefghijklmnopqrstuvwxyz"; var tmp=""; for (i=0;i<8;i++) tmp+=x.charAt(Math.ceil(51*Math.random()));tmp;}"): null

2019-12-09 00:53:22 - [TEST_STEP][PASSED] - City = selenium.getEval("{var x="ABCDEFGHIJKLMNOPQRSTUVWXYZabcdefghijklmnopqrstuvwxyz"; var tmp=""; for (i=0;i<8;i++) tmp+=x.charAt(Math.ceil(51*Math.random()));tmp;}"): null

2019-12-09 00:53:22 - [TEST_STEP][PASSED] - tel1 = selenium.getEval("{var x="123456789"; var tmp=""; for (i=0;i<3;i++) tmp+=x.charAt(Math.ceil(8*Math.random()));tmp;}"): null

2019-12-09 00:53:22 - [TEST_STEP][PASSED] - tel2 = selenium.getEval("{var x="123456789"; var tmp=""; for (i=0;i<3;i++) tmp+=x.charAt(Math.ceil(8*Math.random()));tmp;}"): null

2019-12-09 00:53:22 - [TEST_STEP][PASSED] - tel3 = selenium.getEval("{var x="123456789"; var tmp=""; for (i=0;i<4;i++) tmp+=x.charAt(Math.ceil(8*Math.random()));tmp;}"): null

2019-12-09 00:53:22 - [TEST_STEP][PASSED] - Tel = selenium.getExpression(tel1 + "-" + tel2 + "-" + tel3): null

2019-12-09 00:53:22 - [TEST_STEP][PASSED] - AutoEmail = selenium.getEval("{var x="ABCDEFGHIJKLMNOPQRSTUVWXYZabcdefghijklmnopqrstuvwxyz"; var tmp="test."; for (i=0;i<8;i++) tmp+=x.charAt(Math.ceil(51*Math.random()));tmp+="@suryani.cn";}"): null

2019-12-09 00:53:22 - [TEST_STEP][PASSED] - FirstName = FirstName: null

2019-12-09 00:53:22 - [TEST_STEP][PASSED] - LastName = LastName: null

2019-12-09 00:53:22 - [TEST_STEP][PASSED] - Address = Address: null

2019-12-09 00:53:22 - [TEST_STEP][PASSED] - City = City: null

2019-12-09 00:53:22 - [TEST_STEP][PASSED] - Tel = Tel: null

2019-12-09 00:53:22 - [TEST_STEP][PASSED] - AutoEmail = AutoEmail: null

2019-12-09 00:53:22 - [TEST_STEP][PASSED] - println(FirstName): null

2019-12-09 00:53:22 - [TEST_STEP][PASSED] - println(LastName): null

2019-12-09 00:53:22 - [TEST_STEP][PASSED] - println(Address): null

2019-12-09 00:53:22 - [TEST_STEP][PASSED] - println(City): null

2019-12-09 00:53:22 - [TEST_STEP][PASSED] - println(Tel): null

2019-12-09 00:53:22 - [TEST_STEP][PASSED] - println(AutoEmail): null

2019-12-09 00:53:22 - [MESSAGE][PASSED] - Call Test Case 'Test Cases/AHI/_include/name' successfully

2019-12-09 00:53:22 - [TEST_STEP][PASSED] - setText(findTestObject("mobileSanity/HBI/Page_App Page 1/input__member-P-1-firstName"), FirstName): Text 'Test-123' is set on object 'Object Repository/mobileSanity/HBI/Page_App Page 1/input__member-P-1-firstName'

2019-12-09 00:53:22 - [MESSAGE][PASSED] - Text 'Test-123' is set on object 'Object Repository/mobileSanity/HBI/Page_App Page 1/input__member-P-1-firstName'

2019-12-09 00:53:22 - [TEST_STEP][PASSED] - setText(findTestObject("mobileSanity/HBI/Page_App Page 1/input__member-P-1-lastName"), LastName): Text 'ZZ11-cXThGrYi' is set on object 'Object Repository/mobileSanity/HBI/Page_App Page 1/input__member-P-1-lastName'

2019-12-09 00:53:22 - [MESSAGE][PASSED] - Text 'ZZ11-cXThGrYi' is set on object 'Object Repository/mobileSanity/HBI/Page_App Page 1/input__member-P-1-lastName'

2019-12-09 00:53:22 - [TEST_STEP][PASSED] - if (carrier == "agileone" || carrier == "agilesecure"): Text 'test6' is set on object 'Object Repository/mobileSanity/HBI/Page_App Page 1/input__contingent-beneficiary-relationship'

2019-12-09 00:53:22 - [TEST_STEP][PASSED] - setText(findTestObject("mobileSanity/HBI/Page_App Page 1/input__primary-beneficiary-fir"), "test1"): Text 'test1' is set on object 'Object Repository/mobileSanity/HBI/Page_App Page 1/input__primary-beneficiary-fir'

2019-12-09 00:53:22 - [MESSAGE][PASSED] - Text 'test1' is set on object 'Object Repository/mobileSanity/HBI/Page_App Page 1/input__primary-beneficiary-fir'

2019-12-09 00:53:22 - [TEST_STEP][PASSED] - setText(findTestObject("mobileSanity/HBI/Page_App Page 1/input__primary-beneficiary-las"), "test2"): Text 'test2' is set on object 'Object Repository/mobileSanity/HBI/Page_App Page 1/input__primary-beneficiary-las'

2019-12-09 00:53:22 - [MESSAGE][PASSED] - Text 'test2' is set on object 'Object Repository/mobileSanity/HBI/Page_App Page 1/input__primary-beneficiary-las'

2019-12-09 00:53:22 - [TEST_STEP][PASSED] - setText(findTestObject("mobileSanity/HBI/Page_App Page 1/input__primary-beneficiary-rel"), "test3"): Text 'test3' is set on object 'Object Repository/mobileSanity/HBI/Page_App Page 1/input__primary-beneficiary-rel'

2019-12-09 00:53:23 - [MESSAGE][PASSED] - Text 'test3' is set on object 'Object Repository/mobileSanity/HBI/Page_App Page 1/input__primary-beneficiary-rel'

2019-12-09 00:53:23 - [TEST_STEP][PASSED] - setText(findTestObject("mobileSanity/HBI/Page_App Page 1/input__contingent-beneficiary-"), "test4"): Text 'test4' is set on object 'Object Repository/mobileSanity/HBI/Page_App Page 1/input__contingent-beneficiary-'

2019-12-09 00:53:23 - [MESSAGE][PASSED] - Text 'test4' is set on object 'Object Repository/mobileSanity/HBI/Page_App Page 1/input__contingent-beneficiary-'

2019-12-09 00:53:23 - [TEST_STEP][PASSED] - setText(findTestObject("mobileSanity/HBI/Page_App Page 1/input__contingent-beneficiary-_lastname"), "test5"): Text 'test5' is set on object 'Object Repository/mobileSanity/HBI/Page_App Page 1/input__contingent-beneficiary-_lastname'

2019-12-09 00:53:23 - [MESSAGE][PASSED] - Text 'test5' is set on object 'Object Repository/mobileSanity/HBI/Page_App Page 1/input__contingent-beneficiary-_lastname'

2019-12-09 00:53:23 - [TEST_STEP][PASSED] - setText(findTestObject("mobileSanity/HBI/Page_App Page 1/input__contingent-beneficiary-relationship"), "test6"): Text 'test6' is set on object 'Object Repository/mobileSanity/HBI/Page_App Page 1/input__contingent-beneficiary-relationship'

2019-12-09 00:53:23 - [MESSAGE][PASSED] - Text 'test6' is set on object 'Object Repository/mobileSanity/HBI/Page_App Page 1/input__contingent-beneficiary-relationship'

2019-12-09 00:53:23 - [TEST_STEP][PASSED] - setText(findTestObject("mobileSanity/HBI/Page_App Page 1/input__address"), Address): Text 'ReDjJDrc' is set on object 'Object Repository/mobileSanity/HBI/Page_App Page 1/input__address'

2019-12-09 00:53:23 - [MESSAGE][PASSED] - Text 'ReDjJDrc' is set on object 'Object Repository/mobileSanity/HBI/Page_App Page 1/input__address'

2019-12-09 00:53:23 - [TEST_STEP][PASSED] - setText(findTestObject("mobileSanity/HBI/Page_App Page 1/input__city"), City): Text 'xsBrGjic' is set on object 'Object Repository/mobileSanity/HBI/Page_App Page 1/input__city'

2019-12-09 00:53:23 - [MESSAGE][PASSED] - Text 'xsBrGjic' is set on object 'Object Repository/mobileSanity/HBI/Page_App Page 1/input__city'

2019-12-09 00:53:23 - [TEST_STEP][PASSED] - setText(findTestObject("mobileSanity/HBI/Page_App Page 1/input__email"), AutoEmail): Text 'test.LZbghEYs@suryani.cn' is set on object 'Object Repository/mobileSanity/HBI/Page_App Page 1/input__email'

2019-12-09 00:53:24 - [MESSAGE][PASSED] - Text 'test.LZbghEYs@suryani.cn' is set on object 'Object Repository/mobileSanity/HBI/Page_App Page 1/input__email'

2019-12-09 00:53:24 - [TEST_STEP][PASSED] - setText(findTestObject("mobileSanity/HBI/Page_App Page 1/input_tel"), Tel): Text '724-584-8742' is set on object 'Object Repository/mobileSanity/HBI/Page_App Page 1/input_tel'

2019-12-09 00:53:24 - [MESSAGE][PASSED] - Text '724-584-8742' is set on object 'Object Repository/mobileSanity/HBI/Page_App Page 1/input_tel'

2019-12-09 00:53:24 - [TEST_STEP][PASSED] - Thread.sleep(5000): null

2019-12-09 00:53:29 - [TEST_STEP][PASSED] - click(findTestObject("mobileSanity/HBI/Page_App Page 1/a_Continue to Step 2 - Payment")): Object: 'Object Repository/mobileSanity/HBI/Page_App Page 1/a_Continue to Step 2 - Payment' is clicked on

2019-12-09 00:53:29 - [MESSAGE][PASSED] - Object: 'Object Repository/mobileSanity/HBI/Page_App Page 1/a_Continue to Step 2 - Payment' is clicked on

2019-12-09 00:53:29 - [TEST_STEP][PASSED] - waitForPageLoad(20): Wait for page load successfully

2019-12-09 00:53:29 - [MESSAGE][PASSED] - Wait for page load successfully

2019-12-09 00:53:29 - [TEST_STEP][PASSED] - Thread.sleep(2000): null

2019-12-09 00:53:31 - [TEST_STEP][PASSED] - waitForElementVisible(findTestObject("mobileSanity/HBI/Page_App Page 2/input__credit-card-first"), 20): Object 'Object Repository/mobileSanity/HBI/Page_App Page 2/input__credit-card-first' is visible

2019-12-09 00:53:31 - [MESSAGE][PASSED] - Object 'Object Repository/mobileSanity/HBI/Page_App Page 2/input__credit-card-first' is visible

2019-12-09 00:53:31 - [TEST_STEP][PASSED] - callTestCase(findTestCase("AHI/_include/get_screenshot"), [:], STOP_ON_FAILURE): Call Test Case 'Test Cases/AHI/_include/get_screenshot' successfully

2019-12-09 00:53:31 - [TEST_CASE][PASSED] - Test Cases/AHI/_include/get_screenshot: Test Cases/AHI/_include/get_screenshot

2019-12-09 00:53:31 - [TEST_STEP][PASSED] - takeScreenshot(screenPath + i + ".png"): Taking screenshot successfully

2019-12-09 00:53:32 - [MESSAGE][PASSED] - Taking screenshot successfully
[[ATTACHMENT|D:\\Test\\AgileTest\\Reports\\HIC\\hic\\20191209_004704\\../Screenshots/iPhone 6/HIC/HBI/Agile Secure/20191209_005253/5.png]]

2019-12-09 00:53:32 - [TEST_STEP][PASSED] - (internal.GlobalVariable.i++): null

2019-12-09 00:53:32 - [MESSAGE][PASSED] - Call Test Case 'Test Cases/AHI/_include/get_screenshot' successfully

2019-12-09 00:53:32 - [TEST_STEP][PASSED] - setText(findTestObject("mobileSanity/HBI/Page_App Page 2/input__credit-card-first"), FirstName): Text 'Test-123' is set on object 'Object Repository/mobileSanity/HBI/Page_App Page 2/input__credit-card-first'

2019-12-09 00:53:32 - [MESSAGE][PASSED] - Text 'Test-123' is set on object 'Object Repository/mobileSanity/HBI/Page_App Page 2/input__credit-card-first'

2019-12-09 00:53:32 - [TEST_STEP][PASSED] - setText(findTestObject("mobileSanity/HBI/Page_App Page 2/input__credit-card-last"), LastName): Text 'ZZ11-cXThGrYi' is set on object 'Object Repository/mobileSanity/HBI/Page_App Page 2/input__credit-card-last'

2019-12-09 00:53:32 - [MESSAGE][PASSED] - Text 'ZZ11-cXThGrYi' is set on object 'Object Repository/mobileSanity/HBI/Page_App Page 2/input__credit-card-last'

2019-12-09 00:53:32 - [TEST_STEP][PASSED] - selectOptionByValue(findTestObject("mobileSanity/HBI/Page_App Page 2/select_MM010203040506070809101"), "12", true): All options with value '12' are selected in object 'Object Repository/mobileSanity/HBI/Page_App Page 2/select_MM010203040506070809101'  using regular expression

2019-12-09 00:53:32 - [MESSAGE][PASSED] - All options with value '12' are selected in object 'Object Repository/mobileSanity/HBI/Page_App Page 2/select_MM010203040506070809101'  using regular expression

2019-12-09 00:53:32 - [TEST_STEP][PASSED] - selectOptionByValue(findTestObject("mobileSanity/HBI/Page_App Page 2/select_YYYY2019202020212022202"), "2026", true): All options with value '2026' are selected in object 'Object Repository/mobileSanity/HBI/Page_App Page 2/select_YYYY2019202020212022202'  using regular expression

2019-12-09 00:53:33 - [MESSAGE][PASSED] - All options with value '2026' are selected in object 'Object Repository/mobileSanity/HBI/Page_App Page 2/select_YYYY2019202020212022202'  using regular expression

2019-12-09 00:53:33 - [TEST_STEP][PASSED] - setText(findTestObject("mobileSanity/HBI/Page_App Page 2/input__credit-card-number"), "4111111111111111"): Text '4111111111111111' is set on object 'Object Repository/mobileSanity/HBI/Page_App Page 2/input__credit-card-number'

2019-12-09 00:53:33 - [MESSAGE][PASSED] - Text '4111111111111111' is set on object 'Object Repository/mobileSanity/HBI/Page_App Page 2/input__credit-card-number'

2019-12-09 00:53:33 - [TEST_STEP][PASSED] - setText(findTestObject("mobileSanity/HBI/Page_App Page 2/input__cvv"), "123"): Text '123' is set on object 'Object Repository/mobileSanity/HBI/Page_App Page 2/input__cvv'

2019-12-09 00:53:33 - [MESSAGE][PASSED] - Text '123' is set on object 'Object Repository/mobileSanity/HBI/Page_App Page 2/input__cvv'

2019-12-09 00:53:33 - [TEST_STEP][PASSED] - click(findTestObject("mobileSanity/HBI/Page_App Page 2/label_My billing address is th")): Object: 'Object Repository/mobileSanity/HBI/Page_App Page 2/label_My billing address is th' is clicked on

2019-12-09 00:53:33 - [MESSAGE][PASSED] - Object: 'Object Repository/mobileSanity/HBI/Page_App Page 2/label_My billing address is th' is clicked on

2019-12-09 00:53:33 - [TEST_STEP][PASSED] - click(findTestObject("mobileSanity/HBI/Page_App Page 2/label_I Accept Authorization f")): Object: 'Object Repository/mobileSanity/HBI/Page_App Page 2/label_I Accept Authorization f' is clicked on

2019-12-09 00:53:33 - [MESSAGE][PASSED] - Object: 'Object Repository/mobileSanity/HBI/Page_App Page 2/label_I Accept Authorization f' is clicked on

2019-12-09 00:53:33 - [TEST_STEP][PASSED] - click(findTestObject("mobileSanity/HBI/Page_App Page 2/a_Continue to Step 3 - Review")): Object: 'Object Repository/mobileSanity/HBI/Page_App Page 2/a_Continue to Step 3 - Review' is clicked on

2019-12-09 00:53:34 - [MESSAGE][PASSED] - Object: 'Object Repository/mobileSanity/HBI/Page_App Page 2/a_Continue to Step 3 - Review' is clicked on

2019-12-09 00:53:34 - [TEST_STEP][PASSED] - waitForPageLoad(20): Wait for page load successfully

2019-12-09 00:53:34 - [MESSAGE][PASSED] - Wait for page load successfully

2019-12-09 00:53:34 - [TEST_STEP][PASSED] - Thread.sleep(10000): null

2019-12-09 00:53:44 - [TEST_STEP][PASSED] - waitForElementPresent(findTestObject("mobileSanity/HBI/Page_App Page 3/label"), 20): Object 'Object Repository/mobileSanity/HBI/Page_App Page 3/label' is present

2019-12-09 00:53:45 - [MESSAGE][PASSED] - Object 'Object Repository/mobileSanity/HBI/Page_App Page 3/label' is present

2019-12-09 00:53:45 - [TEST_STEP][PASSED] - callTestCase(findTestCase("AHI/_include/get_screenshot"), [:], STOP_ON_FAILURE): Call Test Case 'Test Cases/AHI/_include/get_screenshot' successfully

2019-12-09 00:53:45 - [TEST_CASE][PASSED] - Test Cases/AHI/_include/get_screenshot: Test Cases/AHI/_include/get_screenshot

2019-12-09 00:53:45 - [TEST_STEP][PASSED] - takeScreenshot(screenPath + i + ".png"): Taking screenshot successfully

2019-12-09 00:53:45 - [MESSAGE][PASSED] - Taking screenshot successfully
[[ATTACHMENT|D:\\Test\\AgileTest\\Reports\\HIC\\hic\\20191209_004704\\../Screenshots/iPhone 6/HIC/HBI/Agile Secure/20191209_005253/6.png]]

2019-12-09 00:53:45 - [TEST_STEP][PASSED] - (internal.GlobalVariable.i++): null

2019-12-09 00:53:45 - [MESSAGE][PASSED] - Call Test Case 'Test Cases/AHI/_include/get_screenshot' successfully

2019-12-09 00:53:45 - [TEST_STEP][PASSED] - click(findTestObject("mobileSanity/HBI/Page_App Page 3/label")): Object: 'Object Repository/mobileSanity/HBI/Page_App Page 3/label' is clicked on

2019-12-09 00:53:46 - [MESSAGE][PASSED] - Object: 'Object Repository/mobileSanity/HBI/Page_App Page 3/label' is clicked on

2019-12-09 00:53:46 - [TEST_STEP][PASSED] - click(findTestObject("mobileSanity/HBI/Page_App Page 3/p_CLICK TO SIGN")): Object: 'Object Repository/mobileSanity/HBI/Page_App Page 3/p_CLICK TO SIGN' is clicked on

2019-12-09 00:53:46 - [MESSAGE][PASSED] - Object: 'Object Repository/mobileSanity/HBI/Page_App Page 3/p_CLICK TO SIGN' is clicked on

2019-12-09 00:53:46 - [TEST_STEP][PASSED] - click(findTestObject("mobileSanity/HBI/Page_App Page 3/a_Submit Your Application")): Object: 'Object Repository/mobileSanity/HBI/Page_App Page 3/a_Submit Your Application' is clicked on

2019-12-09 00:53:46 - [MESSAGE][PASSED] - Object: 'Object Repository/mobileSanity/HBI/Page_App Page 3/a_Submit Your Application' is clicked on

2019-12-09 00:53:46 - [TEST_STEP][PASSED] - Thread.sleep(30000): null

2019-12-09 00:54:16 - [TEST_STEP][PASSED] - callTestCase(findTestCase("AHI/_include/get_screenshot"), [:], STOP_ON_FAILURE): Call Test Case 'Test Cases/AHI/_include/get_screenshot' successfully

2019-12-09 00:54:16 - [TEST_CASE][PASSED] - Test Cases/AHI/_include/get_screenshot: Test Cases/AHI/_include/get_screenshot

2019-12-09 00:54:16 - [TEST_STEP][PASSED] - takeScreenshot(screenPath + i + ".png"): Taking screenshot successfully

2019-12-09 00:54:17 - [MESSAGE][PASSED] - Taking screenshot successfully
[[ATTACHMENT|D:\\Test\\AgileTest\\Reports\\HIC\\hic\\20191209_004704\\../Screenshots/iPhone 6/HIC/HBI/Agile Secure/20191209_005253/7.png]]

2019-12-09 00:54:17 - [TEST_STEP][PASSED] - (internal.GlobalVariable.i++): null

2019-12-09 00:54:17 - [MESSAGE][PASSED] - Call Test Case 'Test Cases/AHI/_include/get_screenshot' successfully

2019-12-09 00:54:17 - [TEST_STEP][PASSED] - verifyTextPresent("Congratulations", false): Text 'Congratulations' is present on page 

2019-12-09 00:54:17 - [MESSAGE][PASSED] - Text 'Congratulations' is present on page 

2019-12-09 00:54:17 - [MESSAGE][PASSED] - Call Test Case 'Test Cases/AHI/_include/goToEnd_hbi' successfully]]></system-out>
         <system-err><![CDATA[]]></system-err>
      </testcase>
      <testcase name="Test Cases/HIC/HBI/Cardinal Choice" classname="Test Cases/HIC/HBI/Cardinal Choice" status="PASSED">
         <system-out><![CDATA[2019-12-09 00:54:17 - [TEST_CASE][PASSED] - Test Cases/HIC/HBI/Cardinal Choice: Test Cases/HIC/HBI/Cardinal Choice

2019-12-09 00:54:17 - [TEST_STEP][PASSED] - callTestCase(findTestCase("HIC/_include/get_hicScreenPath"), ["project":"HIC", "productLine":"HBI", "carrierName":"Cardinal Choice"], CONTINUE_ON_FAILURE): Call Test Case 'Test Cases/HIC/_include/get_hicScreenPath' successfully

2019-12-09 00:54:17 - [TEST_CASE][PASSED] - Test Cases/HIC/_include/get_hicScreenPath: Test Cases/HIC/_include/get_hicScreenPath

2019-12-09 00:54:17 - [TEST_STEP][PASSED] - m = getExecutionProperties(): null

2019-12-09 00:54:17 - [TEST_STEP][PASSED] - deviceName = get("mobileEmulation").get("deviceName"): null

2019-12-09 00:54:17 - [TEST_STEP][PASSED] - println(deviceName): null

2019-12-09 00:54:17 - [TEST_STEP][PASSED] - now = new java.util.Date(): null

2019-12-09 00:54:17 - [TEST_STEP][PASSED] - mydate = now.format("yyyyMMdd_HHmmss"): null

2019-12-09 00:54:17 - [TEST_STEP][PASSED] - screenPath = "../Screenshots/": null

2019-12-09 00:54:17 - [TEST_STEP][PASSED] - screenPath = screenPath + deviceName + "/" + project + "/" + productLine + "/" + carrierName + "/" + mydate + "/": null

2019-12-09 00:54:17 - [TEST_STEP][PASSED] - println(screenPath): null

2019-12-09 00:54:17 - [MESSAGE][PASSED] - Call Test Case 'Test Cases/HIC/_include/get_hicScreenPath' successfully

2019-12-09 00:54:17 - [TEST_STEP][PASSED] - i = 0: null

2019-12-09 00:54:17 - [TEST_STEP][PASSED] - callTestCase(findTestCase("AHI/_include/openWebSite"), ["env":"https://qa.healthinsurance.com/"], CONTINUE_ON_FAILURE): Call Test Case 'Test Cases/AHI/_include/openWebSite' successfully

2019-12-09 00:54:17 - [TEST_CASE][PASSED] - Test Cases/AHI/_include/openWebSite: Test Cases/AHI/_include/openWebSite

2019-12-09 00:54:17 - [TEST_STEP][PASSED] - openBrowser(env): Browser is opened with url: 'https://qa.healthinsurance.com/'

2019-12-09 00:54:17 - [MESSAGE][WARNING] - A browser is already opened. Closing browser and opening a new one

2019-12-09 00:54:18 - [MESSAGE][INFO] - Starting 'Chrome' driver

2019-12-09 00:54:18 - [MESSAGE][INFO] - User set preference: ['mobileEmulation', '{deviceName=iPhone 6}']

2019-12-09 00:54:18 - [MESSAGE][INFO] - User set preference: ['args', '[--incognito, --aggressive-cache-discard, --window-size=375,677, --no-sandbox]']

2019-12-09 00:54:21 - [MESSAGE][PASSED] - Browser is opened with url: 'https://qa.healthinsurance.com/'

2019-12-09 00:54:21 - [TEST_STEP][PASSED] - waitForPageLoad(20): Wait for page load successfully

2019-12-09 00:54:21 - [MESSAGE][PASSED] - Wait for page load successfully

2019-12-09 00:54:21 - [TEST_STEP][PASSED] - callTestCase(findTestCase("AHI/_include/get_screenshot"), [:], STOP_ON_FAILURE): Call Test Case 'Test Cases/AHI/_include/get_screenshot' successfully

2019-12-09 00:54:21 - [TEST_CASE][PASSED] - Test Cases/AHI/_include/get_screenshot: Test Cases/AHI/_include/get_screenshot

2019-12-09 00:54:21 - [TEST_STEP][PASSED] - takeScreenshot(screenPath + i + ".png"): Taking screenshot successfully

2019-12-09 00:54:22 - [MESSAGE][PASSED] - Taking screenshot successfully
[[ATTACHMENT|D:\\Test\\AgileTest\\Reports\\HIC\\hic\\20191209_004704\\../Screenshots/iPhone 6/HIC/HBI/Cardinal Choice/20191209_005417/0.png]]

2019-12-09 00:54:22 - [TEST_STEP][PASSED] - (internal.GlobalVariable.i++): null

2019-12-09 00:54:22 - [MESSAGE][PASSED] - Call Test Case 'Test Cases/AHI/_include/get_screenshot' successfully

2019-12-09 00:54:22 - [MESSAGE][PASSED] - Call Test Case 'Test Cases/AHI/_include/openWebSite' successfully

2019-12-09 00:54:22 - [TEST_STEP][PASSED] - click(findTestObject("hic/nav/navButton")): Object: 'Object Repository/hic/nav/navButton' is clicked on

2019-12-09 00:54:22 - [MESSAGE][PASSED] - Object: 'Object Repository/hic/nav/navButton' is clicked on

2019-12-09 00:54:22 - [TEST_STEP][PASSED] - Thread.sleep(2000): null

2019-12-09 00:54:24 - [TEST_STEP][PASSED] - click(findTestObject("hic/nav/hbiLink")): Object: 'Object Repository/hic/nav/hbiLink' is clicked on

2019-12-09 00:54:25 - [MESSAGE][PASSED] - Object: 'Object Repository/hic/nav/hbiLink' is clicked on

2019-12-09 00:54:25 - [TEST_STEP][PASSED] - Thread.sleep(2000): null

2019-12-09 00:54:27 - [TEST_STEP][PASSED] - callTestCase(findTestCase("AHI/_include/get_screenshot"), [:], STOP_ON_FAILURE): Call Test Case 'Test Cases/AHI/_include/get_screenshot' successfully

2019-12-09 00:54:27 - [TEST_CASE][PASSED] - Test Cases/AHI/_include/get_screenshot: Test Cases/AHI/_include/get_screenshot

2019-12-09 00:54:27 - [TEST_STEP][PASSED] - takeScreenshot(screenPath + i + ".png"): Taking screenshot successfully

2019-12-09 00:54:27 - [MESSAGE][PASSED] - Taking screenshot successfully
[[ATTACHMENT|D:\\Test\\AgileTest\\Reports\\HIC\\hic\\20191209_004704\\../Screenshots/iPhone 6/HIC/HBI/Cardinal Choice/20191209_005417/1.png]]

2019-12-09 00:54:27 - [TEST_STEP][PASSED] - (internal.GlobalVariable.i++): null

2019-12-09 00:54:27 - [MESSAGE][PASSED] - Call Test Case 'Test Cases/AHI/_include/get_screenshot' successfully

2019-12-09 00:54:27 - [TEST_STEP][PASSED] - callTestCase(findTestCase("HIC/_include/stm_census"), ["zipcode":"35215"], STOP_ON_FAILURE): Call Test Case 'Test Cases/HIC/_include/stm_census' successfully

2019-12-09 00:54:27 - [TEST_CASE][PASSED] - Test Cases/HIC/_include/stm_census: Test Cases/HIC/_include/stm_census

2019-12-09 00:54:27 - [TEST_STEP][PASSED] - setText(findTestObject("hic/stm/zip"), zipcode): Text '35215' is set on object 'Object Repository/hic/stm/zip'

2019-12-09 00:54:29 - [MESSAGE][PASSED] - Text '35215' is set on object 'Object Repository/hic/stm/zip'

2019-12-09 00:54:29 - [TEST_STEP][PASSED] - Thread.sleep(500): null

2019-12-09 00:54:29 - [TEST_STEP][PASSED] - setText(findTestObject("hic/stm/primaryDOB"), "03031987"): Text '03031987' is set on object 'Object Repository/hic/stm/primaryDOB'

2019-12-09 00:54:30 - [MESSAGE][PASSED] - Text '03031987' is set on object 'Object Repository/hic/stm/primaryDOB'

2019-12-09 00:54:30 - [TEST_STEP][PASSED] - click(findTestObject("hic/stm/female")): Object: 'Object Repository/hic/stm/female' is clicked on

2019-12-09 00:54:30 - [MESSAGE][PASSED] - Object: 'Object Repository/hic/stm/female' is clicked on

2019-12-09 00:54:30 - [TEST_STEP][PASSED] - Thread.sleep(3000): null

2019-12-09 00:54:33 - [TEST_STEP][PASSED] - click(findTestObject("hic/stm/submitButton")): Object: 'Object Repository/hic/stm/submitButton' is clicked on

2019-12-09 00:54:36 - [MESSAGE][PASSED] - Object: 'Object Repository/hic/stm/submitButton' is clicked on

2019-12-09 00:54:36 - [TEST_STEP][PASSED] - Thread.sleep(6000): null

2019-12-09 00:54:42 - [TEST_STEP][PASSED] - callTestCase(findTestCase("AHI/_include/get_screenshot"), [:], STOP_ON_FAILURE): Call Test Case 'Test Cases/AHI/_include/get_screenshot' successfully

2019-12-09 00:54:42 - [TEST_CASE][PASSED] - Test Cases/AHI/_include/get_screenshot: Test Cases/AHI/_include/get_screenshot

2019-12-09 00:54:42 - [TEST_STEP][PASSED] - takeScreenshot(screenPath + i + ".png"): Taking screenshot successfully

2019-12-09 00:54:42 - [MESSAGE][PASSED] - Taking screenshot successfully
[[ATTACHMENT|D:\\Test\\AgileTest\\Reports\\HIC\\hic\\20191209_004704\\../Screenshots/iPhone 6/HIC/HBI/Cardinal Choice/20191209_005417/2.png]]

2019-12-09 00:54:42 - [TEST_STEP][PASSED] - (internal.GlobalVariable.i++): null

2019-12-09 00:54:42 - [MESSAGE][PASSED] - Call Test Case 'Test Cases/AHI/_include/get_screenshot' successfully

2019-12-09 00:54:42 - [TEST_STEP][PASSED] - Thread.sleep(1000): null

2019-12-09 00:54:43 - [MESSAGE][PASSED] - Call Test Case 'Test Cases/HIC/_include/stm_census' successfully

2019-12-09 00:54:43 - [TEST_STEP][PASSED] - Thread.sleep(5000): null

2019-12-09 00:54:48 - [TEST_STEP][PASSED] - scrollToPosition(200, 2300): Browser is scrolled to position x = 200, y = 2300

2019-12-09 00:54:48 - [MESSAGE][PASSED] - Browser is scrolled to position x = 200, y = 2300

2019-12-09 00:54:48 - [TEST_STEP][PASSED] - click(findTestObject("mobileSanity/HBI/quote/a_Cardinal Choice")): Object: 'Object Repository/mobileSanity/HBI/quote/a_Cardinal Choice' is clicked on

2019-12-09 00:54:49 - [MESSAGE][PASSED] - Object: 'Object Repository/mobileSanity/HBI/quote/a_Cardinal Choice' is clicked on

2019-12-09 00:54:49 - [TEST_STEP][PASSED] - waitForPageLoad(20): Wait for page load successfully

2019-12-09 00:54:50 - [MESSAGE][PASSED] - Wait for page load successfully

2019-12-09 00:54:50 - [TEST_STEP][PASSED] - callTestCase(findTestCase("AHI/_include/get_screenshot"), [:], STOP_ON_FAILURE): Call Test Case 'Test Cases/AHI/_include/get_screenshot' successfully

2019-12-09 00:54:50 - [TEST_CASE][PASSED] - Test Cases/AHI/_include/get_screenshot: Test Cases/AHI/_include/get_screenshot

2019-12-09 00:54:50 - [TEST_STEP][PASSED] - takeScreenshot(screenPath + i + ".png"): Taking screenshot successfully

2019-12-09 00:54:52 - [MESSAGE][PASSED] - Taking screenshot successfully
[[ATTACHMENT|D:\\Test\\AgileTest\\Reports\\HIC\\hic\\20191209_004704\\../Screenshots/iPhone 6/HIC/HBI/Cardinal Choice/20191209_005417/3.png]]

2019-12-09 00:54:52 - [TEST_STEP][PASSED] - (internal.GlobalVariable.i++): null

2019-12-09 00:54:52 - [MESSAGE][PASSED] - Call Test Case 'Test Cases/AHI/_include/get_screenshot' successfully

2019-12-09 00:54:52 - [TEST_STEP][PASSED] - click(findTestObject("mobileSanity/HBI/detail/a_Apply for This Plan")): Object: 'Object Repository/mobileSanity/HBI/detail/a_Apply for This Plan' is clicked on

2019-12-09 00:54:57 - [MESSAGE][PASSED] - Object: 'Object Repository/mobileSanity/HBI/detail/a_Apply for This Plan' is clicked on

2019-12-09 00:54:57 - [TEST_STEP][PASSED] - waitForPageLoad(20): Wait for page load successfully

2019-12-09 00:54:59 - [MESSAGE][PASSED] - Wait for page load successfully

2019-12-09 00:54:59 - [TEST_STEP][PASSED] - callTestCase(findTestCase("AHI/_include/get_screenshot"), [:], STOP_ON_FAILURE): Call Test Case 'Test Cases/AHI/_include/get_screenshot' successfully

2019-12-09 00:54:59 - [TEST_CASE][PASSED] - Test Cases/AHI/_include/get_screenshot: Test Cases/AHI/_include/get_screenshot

2019-12-09 00:54:59 - [TEST_STEP][PASSED] - takeScreenshot(screenPath + i + ".png"): Taking screenshot successfully

2019-12-09 00:55:00 - [MESSAGE][PASSED] - Taking screenshot successfully
[[ATTACHMENT|D:\\Test\\AgileTest\\Reports\\HIC\\hic\\20191209_004704\\../Screenshots/iPhone 6/HIC/HBI/Cardinal Choice/20191209_005417/4.png]]

2019-12-09 00:55:00 - [TEST_STEP][PASSED] - (internal.GlobalVariable.i++): null

2019-12-09 00:55:00 - [MESSAGE][PASSED] - Call Test Case 'Test Cases/AHI/_include/get_screenshot' successfully

2019-12-09 00:55:00 - [TEST_STEP][PASSED] - click(findTestObject("mobileSanity/HBI/Page_Apply/span_Start Secure Application")): Object: 'Object Repository/mobileSanity/HBI/Page_Apply/span_Start Secure Application' is clicked on

2019-12-09 00:55:00 - [MESSAGE][PASSED] - Object: 'Object Repository/mobileSanity/HBI/Page_Apply/span_Start Secure Application' is clicked on

2019-12-09 00:55:00 - [TEST_STEP][PASSED] - waitForPageLoad(20): Wait for page load successfully

2019-12-09 00:55:00 - [MESSAGE][PASSED] - Wait for page load successfully

2019-12-09 00:55:00 - [TEST_STEP][PASSED] - Thread.sleep(5000): null

2019-12-09 00:55:05 - [TEST_STEP][PASSED] - callTestCase(findTestCase("AHI/_include/get_screenshot"), [:], STOP_ON_FAILURE): Call Test Case 'Test Cases/AHI/_include/get_screenshot' successfully

2019-12-09 00:55:05 - [TEST_CASE][PASSED] - Test Cases/AHI/_include/get_screenshot: Test Cases/AHI/_include/get_screenshot

2019-12-09 00:55:05 - [TEST_STEP][PASSED] - takeScreenshot(screenPath + i + ".png"): Taking screenshot successfully

2019-12-09 00:55:06 - [MESSAGE][PASSED] - Taking screenshot successfully
[[ATTACHMENT|D:\\Test\\AgileTest\\Reports\\HIC\\hic\\20191209_004704\\../Screenshots/iPhone 6/HIC/HBI/Cardinal Choice/20191209_005417/5.png]]

2019-12-09 00:55:06 - [TEST_STEP][PASSED] - (internal.GlobalVariable.i++): null

2019-12-09 00:55:06 - [MESSAGE][PASSED] - Call Test Case 'Test Cases/AHI/_include/get_screenshot' successfully

2019-12-09 00:55:06 - [TEST_STEP][PASSED] - callTestCase(findTestCase("AHI/_include/goToEnd_hbi"), ["carrier":"cardinalchoice"], CONTINUE_ON_FAILURE): Call Test Case 'Test Cases/AHI/_include/goToEnd_hbi' successfully

2019-12-09 00:55:06 - [TEST_CASE][PASSED] - Test Cases/AHI/_include/goToEnd_hbi: Test Cases/AHI/_include/goToEnd_hbi

2019-12-09 00:55:06 - [TEST_STEP][PASSED] - if (state == "ca"): null

2019-12-09 00:55:06 - [TEST_STEP][PASSED] - callTestCase(findTestCase("AHI/_include/name"), [:], CONTINUE_ON_FAILURE): Call Test Case 'Test Cases/AHI/_include/name' successfully

2019-12-09 00:55:06 - [TEST_CASE][PASSED] - Test Cases/AHI/_include/name: Test Cases/AHI/_include/name

2019-12-09 00:55:06 - [TEST_STEP][PASSED] - driver = getWebDriver(): null

2019-12-09 00:55:06 - [TEST_STEP][PASSED] - selenium = new com.thoughtworks.selenium.webdriven.WebDriverBackedSelenium(driver, internal.GlobalVariable.ENV): null

2019-12-09 00:55:06 - [TEST_STEP][PASSED] - FirstName = "Test-123": null

2019-12-09 00:55:06 - [TEST_STEP][PASSED] - LastName = selenium.getEval("{var x="ABCDEFGHIJKLMNOPQRSTUVWXYZabcdefghijklmnopqrstuvwxyz"; var tmp="ZZ11-"; for (i=0;i<8;i++) tmp+=x.charAt(Math.ceil(51*Math.random()));tmp;}"): null

2019-12-09 00:55:06 - [TEST_STEP][PASSED] - Address = selenium.getEval("{var x="ABCDEFGHIJKLMNOPQRSTUVWXYZabcdefghijklmnopqrstuvwxyz"; var tmp=""; for (i=0;i<8;i++) tmp+=x.charAt(Math.ceil(51*Math.random()));tmp;}"): null

2019-12-09 00:55:06 - [TEST_STEP][PASSED] - City = selenium.getEval("{var x="ABCDEFGHIJKLMNOPQRSTUVWXYZabcdefghijklmnopqrstuvwxyz"; var tmp=""; for (i=0;i<8;i++) tmp+=x.charAt(Math.ceil(51*Math.random()));tmp;}"): null

2019-12-09 00:55:06 - [TEST_STEP][PASSED] - tel1 = selenium.getEval("{var x="123456789"; var tmp=""; for (i=0;i<3;i++) tmp+=x.charAt(Math.ceil(8*Math.random()));tmp;}"): null

2019-12-09 00:55:06 - [TEST_STEP][PASSED] - tel2 = selenium.getEval("{var x="123456789"; var tmp=""; for (i=0;i<3;i++) tmp+=x.charAt(Math.ceil(8*Math.random()));tmp;}"): null

2019-12-09 00:55:06 - [TEST_STEP][PASSED] - tel3 = selenium.getEval("{var x="123456789"; var tmp=""; for (i=0;i<4;i++) tmp+=x.charAt(Math.ceil(8*Math.random()));tmp;}"): null

2019-12-09 00:55:06 - [TEST_STEP][PASSED] - Tel = selenium.getExpression(tel1 + "-" + tel2 + "-" + tel3): null

2019-12-09 00:55:06 - [TEST_STEP][PASSED] - AutoEmail = selenium.getEval("{var x="ABCDEFGHIJKLMNOPQRSTUVWXYZabcdefghijklmnopqrstuvwxyz"; var tmp="test."; for (i=0;i<8;i++) tmp+=x.charAt(Math.ceil(51*Math.random()));tmp+="@suryani.cn";}"): null

2019-12-09 00:55:06 - [TEST_STEP][PASSED] - FirstName = FirstName: null

2019-12-09 00:55:06 - [TEST_STEP][PASSED] - LastName = LastName: null

2019-12-09 00:55:06 - [TEST_STEP][PASSED] - Address = Address: null

2019-12-09 00:55:06 - [TEST_STEP][PASSED] - City = City: null

2019-12-09 00:55:06 - [TEST_STEP][PASSED] - Tel = Tel: null

2019-12-09 00:55:06 - [TEST_STEP][PASSED] - AutoEmail = AutoEmail: null

2019-12-09 00:55:06 - [TEST_STEP][PASSED] - println(FirstName): null

2019-12-09 00:55:06 - [TEST_STEP][PASSED] - println(LastName): null

2019-12-09 00:55:06 - [TEST_STEP][PASSED] - println(Address): null

2019-12-09 00:55:06 - [TEST_STEP][PASSED] - println(City): null

2019-12-09 00:55:06 - [TEST_STEP][PASSED] - println(Tel): null

2019-12-09 00:55:06 - [TEST_STEP][PASSED] - println(AutoEmail): null

2019-12-09 00:55:06 - [MESSAGE][PASSED] - Call Test Case 'Test Cases/AHI/_include/name' successfully

2019-12-09 00:55:06 - [TEST_STEP][PASSED] - setText(findTestObject("mobileSanity/HBI/Page_App Page 1/input__member-P-1-firstName"), FirstName): Text 'Test-123' is set on object 'Object Repository/mobileSanity/HBI/Page_App Page 1/input__member-P-1-firstName'

2019-12-09 00:55:07 - [MESSAGE][PASSED] - Text 'Test-123' is set on object 'Object Repository/mobileSanity/HBI/Page_App Page 1/input__member-P-1-firstName'

2019-12-09 00:55:07 - [TEST_STEP][PASSED] - setText(findTestObject("mobileSanity/HBI/Page_App Page 1/input__member-P-1-lastName"), LastName): Text 'ZZ11-YBGynyqk' is set on object 'Object Repository/mobileSanity/HBI/Page_App Page 1/input__member-P-1-lastName'

2019-12-09 00:55:08 - [MESSAGE][PASSED] - Text 'ZZ11-YBGynyqk' is set on object 'Object Repository/mobileSanity/HBI/Page_App Page 1/input__member-P-1-lastName'

2019-12-09 00:55:08 - [TEST_STEP][PASSED] - if (carrier == "agileone" || carrier == "agilesecure"): null

2019-12-09 00:55:08 - [TEST_STEP][PASSED] - setText(findTestObject("mobileSanity/HBI/Page_App Page 1/input__address"), Address): Text 'QWzJCDZl' is set on object 'Object Repository/mobileSanity/HBI/Page_App Page 1/input__address'

2019-12-09 00:55:08 - [MESSAGE][PASSED] - Text 'QWzJCDZl' is set on object 'Object Repository/mobileSanity/HBI/Page_App Page 1/input__address'

2019-12-09 00:55:08 - [TEST_STEP][PASSED] - setText(findTestObject("mobileSanity/HBI/Page_App Page 1/input__city"), City): Text 'KbsnPIbj' is set on object 'Object Repository/mobileSanity/HBI/Page_App Page 1/input__city'

2019-12-09 00:55:08 - [MESSAGE][PASSED] - Text 'KbsnPIbj' is set on object 'Object Repository/mobileSanity/HBI/Page_App Page 1/input__city'

2019-12-09 00:55:08 - [TEST_STEP][PASSED] - setText(findTestObject("mobileSanity/HBI/Page_App Page 1/input__email"), AutoEmail): Text 'test.PVWqQjqd@suryani.cn' is set on object 'Object Repository/mobileSanity/HBI/Page_App Page 1/input__email'

2019-12-09 00:55:09 - [MESSAGE][PASSED] - Text 'test.PVWqQjqd@suryani.cn' is set on object 'Object Repository/mobileSanity/HBI/Page_App Page 1/input__email'

2019-12-09 00:55:09 - [TEST_STEP][PASSED] - setText(findTestObject("mobileSanity/HBI/Page_App Page 1/input_tel"), Tel): Text '888-956-2588' is set on object 'Object Repository/mobileSanity/HBI/Page_App Page 1/input_tel'

2019-12-09 00:55:09 - [MESSAGE][PASSED] - Text '888-956-2588' is set on object 'Object Repository/mobileSanity/HBI/Page_App Page 1/input_tel'

2019-12-09 00:55:09 - [TEST_STEP][PASSED] - Thread.sleep(5000): null

2019-12-09 00:55:14 - [TEST_STEP][PASSED] - click(findTestObject("mobileSanity/HBI/Page_App Page 1/a_Continue to Step 2 - Payment")): Object: 'Object Repository/mobileSanity/HBI/Page_App Page 1/a_Continue to Step 2 - Payment' is clicked on

2019-12-09 00:55:14 - [MESSAGE][PASSED] - Object: 'Object Repository/mobileSanity/HBI/Page_App Page 1/a_Continue to Step 2 - Payment' is clicked on

2019-12-09 00:55:14 - [TEST_STEP][PASSED] - waitForPageLoad(20): Wait for page load successfully

2019-12-09 00:55:15 - [MESSAGE][PASSED] - Wait for page load successfully

2019-12-09 00:55:15 - [TEST_STEP][PASSED] - Thread.sleep(2000): null

2019-12-09 00:55:17 - [TEST_STEP][PASSED] - waitForElementVisible(findTestObject("mobileSanity/HBI/Page_App Page 2/input__credit-card-first"), 20): Object 'Object Repository/mobileSanity/HBI/Page_App Page 2/input__credit-card-first' is visible

2019-12-09 00:55:17 - [MESSAGE][PASSED] - Object 'Object Repository/mobileSanity/HBI/Page_App Page 2/input__credit-card-first' is visible

2019-12-09 00:55:17 - [TEST_STEP][PASSED] - callTestCase(findTestCase("AHI/_include/get_screenshot"), [:], STOP_ON_FAILURE): Call Test Case 'Test Cases/AHI/_include/get_screenshot' successfully

2019-12-09 00:55:17 - [TEST_CASE][PASSED] - Test Cases/AHI/_include/get_screenshot: Test Cases/AHI/_include/get_screenshot

2019-12-09 00:55:17 - [TEST_STEP][PASSED] - takeScreenshot(screenPath + i + ".png"): Taking screenshot successfully

2019-12-09 00:55:18 - [MESSAGE][PASSED] - Taking screenshot successfully
[[ATTACHMENT|D:\\Test\\AgileTest\\Reports\\HIC\\hic\\20191209_004704\\../Screenshots/iPhone 6/HIC/HBI/Cardinal Choice/20191209_005417/6.png]]

2019-12-09 00:55:18 - [TEST_STEP][PASSED] - (internal.GlobalVariable.i++): null

2019-12-09 00:55:18 - [MESSAGE][PASSED] - Call Test Case 'Test Cases/AHI/_include/get_screenshot' successfully

2019-12-09 00:55:18 - [TEST_STEP][PASSED] - setText(findTestObject("mobileSanity/HBI/Page_App Page 2/input__credit-card-first"), FirstName): Text 'Test-123' is set on object 'Object Repository/mobileSanity/HBI/Page_App Page 2/input__credit-card-first'

2019-12-09 00:55:18 - [MESSAGE][PASSED] - Text 'Test-123' is set on object 'Object Repository/mobileSanity/HBI/Page_App Page 2/input__credit-card-first'

2019-12-09 00:55:18 - [TEST_STEP][PASSED] - setText(findTestObject("mobileSanity/HBI/Page_App Page 2/input__credit-card-last"), LastName): Text 'ZZ11-YBGynyqk' is set on object 'Object Repository/mobileSanity/HBI/Page_App Page 2/input__credit-card-last'

2019-12-09 00:55:18 - [MESSAGE][PASSED] - Text 'ZZ11-YBGynyqk' is set on object 'Object Repository/mobileSanity/HBI/Page_App Page 2/input__credit-card-last'

2019-12-09 00:55:18 - [TEST_STEP][PASSED] - selectOptionByValue(findTestObject("mobileSanity/HBI/Page_App Page 2/select_MM010203040506070809101"), "12", true): All options with value '12' are selected in object 'Object Repository/mobileSanity/HBI/Page_App Page 2/select_MM010203040506070809101'  using regular expression

2019-12-09 00:55:19 - [MESSAGE][PASSED] - All options with value '12' are selected in object 'Object Repository/mobileSanity/HBI/Page_App Page 2/select_MM010203040506070809101'  using regular expression

2019-12-09 00:55:19 - [TEST_STEP][PASSED] - selectOptionByValue(findTestObject("mobileSanity/HBI/Page_App Page 2/select_YYYY2019202020212022202"), "2026", true): All options with value '2026' are selected in object 'Object Repository/mobileSanity/HBI/Page_App Page 2/select_YYYY2019202020212022202'  using regular expression

2019-12-09 00:55:19 - [MESSAGE][PASSED] - All options with value '2026' are selected in object 'Object Repository/mobileSanity/HBI/Page_App Page 2/select_YYYY2019202020212022202'  using regular expression

2019-12-09 00:55:19 - [TEST_STEP][PASSED] - setText(findTestObject("mobileSanity/HBI/Page_App Page 2/input__credit-card-number"), "4111111111111111"): Text '4111111111111111' is set on object 'Object Repository/mobileSanity/HBI/Page_App Page 2/input__credit-card-number'

2019-12-09 00:55:20 - [MESSAGE][PASSED] - Text '4111111111111111' is set on object 'Object Repository/mobileSanity/HBI/Page_App Page 2/input__credit-card-number'

2019-12-09 00:55:20 - [TEST_STEP][PASSED] - setText(findTestObject("mobileSanity/HBI/Page_App Page 2/input__cvv"), "123"): Text '123' is set on object 'Object Repository/mobileSanity/HBI/Page_App Page 2/input__cvv'

2019-12-09 00:55:20 - [MESSAGE][PASSED] - Text '123' is set on object 'Object Repository/mobileSanity/HBI/Page_App Page 2/input__cvv'

2019-12-09 00:55:20 - [TEST_STEP][PASSED] - click(findTestObject("mobileSanity/HBI/Page_App Page 2/label_My billing address is th")): Object: 'Object Repository/mobileSanity/HBI/Page_App Page 2/label_My billing address is th' is clicked on

2019-12-09 00:55:20 - [MESSAGE][PASSED] - Object: 'Object Repository/mobileSanity/HBI/Page_App Page 2/label_My billing address is th' is clicked on

2019-12-09 00:55:20 - [TEST_STEP][PASSED] - click(findTestObject("mobileSanity/HBI/Page_App Page 2/label_I Accept Authorization f")): Object: 'Object Repository/mobileSanity/HBI/Page_App Page 2/label_I Accept Authorization f' is clicked on

2019-12-09 00:55:21 - [MESSAGE][PASSED] - Object: 'Object Repository/mobileSanity/HBI/Page_App Page 2/label_I Accept Authorization f' is clicked on

2019-12-09 00:55:21 - [TEST_STEP][PASSED] - click(findTestObject("mobileSanity/HBI/Page_App Page 2/a_Continue to Step 3 - Review")): Object: 'Object Repository/mobileSanity/HBI/Page_App Page 2/a_Continue to Step 3 - Review' is clicked on

2019-12-09 00:55:24 - [MESSAGE][PASSED] - Object: 'Object Repository/mobileSanity/HBI/Page_App Page 2/a_Continue to Step 3 - Review' is clicked on

2019-12-09 00:55:24 - [TEST_STEP][PASSED] - waitForPageLoad(20): Wait for page load successfully

2019-12-09 00:55:24 - [MESSAGE][PASSED] - Wait for page load successfully

2019-12-09 00:55:24 - [TEST_STEP][PASSED] - Thread.sleep(10000): null

2019-12-09 00:55:34 - [TEST_STEP][PASSED] - waitForElementPresent(findTestObject("mobileSanity/HBI/Page_App Page 3/label"), 20): Object 'Object Repository/mobileSanity/HBI/Page_App Page 3/label' is present

2019-12-09 00:55:34 - [MESSAGE][PASSED] - Object 'Object Repository/mobileSanity/HBI/Page_App Page 3/label' is present

2019-12-09 00:55:34 - [TEST_STEP][PASSED] - callTestCase(findTestCase("AHI/_include/get_screenshot"), [:], STOP_ON_FAILURE): Call Test Case 'Test Cases/AHI/_include/get_screenshot' successfully

2019-12-09 00:55:34 - [TEST_CASE][PASSED] - Test Cases/AHI/_include/get_screenshot: Test Cases/AHI/_include/get_screenshot

2019-12-09 00:55:34 - [TEST_STEP][PASSED] - takeScreenshot(screenPath + i + ".png"): Taking screenshot successfully

2019-12-09 00:55:34 - [MESSAGE][PASSED] - Taking screenshot successfully
[[ATTACHMENT|D:\\Test\\AgileTest\\Reports\\HIC\\hic\\20191209_004704\\../Screenshots/iPhone 6/HIC/HBI/Cardinal Choice/20191209_005417/7.png]]

2019-12-09 00:55:34 - [TEST_STEP][PASSED] - (internal.GlobalVariable.i++): null

2019-12-09 00:55:34 - [MESSAGE][PASSED] - Call Test Case 'Test Cases/AHI/_include/get_screenshot' successfully

2019-12-09 00:55:34 - [TEST_STEP][PASSED] - click(findTestObject("mobileSanity/HBI/Page_App Page 3/label")): Object: 'Object Repository/mobileSanity/HBI/Page_App Page 3/label' is clicked on

2019-12-09 00:55:35 - [MESSAGE][PASSED] - Object: 'Object Repository/mobileSanity/HBI/Page_App Page 3/label' is clicked on

2019-12-09 00:55:35 - [TEST_STEP][PASSED] - click(findTestObject("mobileSanity/HBI/Page_App Page 3/p_CLICK TO SIGN")): Object: 'Object Repository/mobileSanity/HBI/Page_App Page 3/p_CLICK TO SIGN' is clicked on

2019-12-09 00:55:35 - [MESSAGE][PASSED] - Object: 'Object Repository/mobileSanity/HBI/Page_App Page 3/p_CLICK TO SIGN' is clicked on

2019-12-09 00:55:35 - [TEST_STEP][PASSED] - click(findTestObject("mobileSanity/HBI/Page_App Page 3/a_Submit Your Application")): Object: 'Object Repository/mobileSanity/HBI/Page_App Page 3/a_Submit Your Application' is clicked on

2019-12-09 00:55:35 - [MESSAGE][PASSED] - Object: 'Object Repository/mobileSanity/HBI/Page_App Page 3/a_Submit Your Application' is clicked on

2019-12-09 00:55:35 - [TEST_STEP][PASSED] - Thread.sleep(30000): null

2019-12-09 00:56:05 - [TEST_STEP][PASSED] - callTestCase(findTestCase("AHI/_include/get_screenshot"), [:], STOP_ON_FAILURE): Call Test Case 'Test Cases/AHI/_include/get_screenshot' successfully

2019-12-09 00:56:05 - [TEST_CASE][PASSED] - Test Cases/AHI/_include/get_screenshot: Test Cases/AHI/_include/get_screenshot

2019-12-09 00:56:05 - [TEST_STEP][PASSED] - takeScreenshot(screenPath + i + ".png"): Taking screenshot successfully

2019-12-09 00:56:05 - [MESSAGE][PASSED] - Taking screenshot successfully
[[ATTACHMENT|D:\\Test\\AgileTest\\Reports\\HIC\\hic\\20191209_004704\\../Screenshots/iPhone 6/HIC/HBI/Cardinal Choice/20191209_005417/8.png]]

2019-12-09 00:56:05 - [TEST_STEP][PASSED] - (internal.GlobalVariable.i++): null

2019-12-09 00:56:05 - [MESSAGE][PASSED] - Call Test Case 'Test Cases/AHI/_include/get_screenshot' successfully

2019-12-09 00:56:05 - [TEST_STEP][PASSED] - verifyTextPresent("Congratulations", false): Text 'Congratulations' is present on page 

2019-12-09 00:56:05 - [MESSAGE][PASSED] - Text 'Congratulations' is present on page 

2019-12-09 00:56:05 - [MESSAGE][PASSED] - Call Test Case 'Test Cases/AHI/_include/goToEnd_hbi' successfully]]></system-out>
         <system-err><![CDATA[]]></system-err>
      </testcase>
      <testcase name="Test Cases/HIC/HBI/Core Shield" classname="Test Cases/HIC/HBI/Core Shield" status="PASSED">
         <system-out><![CDATA[2019-12-09 00:56:05 - [TEST_CASE][PASSED] - Test Cases/HIC/HBI/Core Shield: Test Cases/HIC/HBI/Core Shield

2019-12-09 00:56:06 - [TEST_STEP][PASSED] - callTestCase(findTestCase("HIC/_include/get_hicScreenPath"), ["project":"HIC", "productLine":"HBI", "carrierName":"Core Shield"], CONTINUE_ON_FAILURE): Call Test Case 'Test Cases/HIC/_include/get_hicScreenPath' successfully

2019-12-09 00:56:06 - [TEST_CASE][PASSED] - Test Cases/HIC/_include/get_hicScreenPath: Test Cases/HIC/_include/get_hicScreenPath

2019-12-09 00:56:06 - [TEST_STEP][PASSED] - m = getExecutionProperties(): null

2019-12-09 00:56:06 - [TEST_STEP][PASSED] - deviceName = get("mobileEmulation").get("deviceName"): null

2019-12-09 00:56:06 - [TEST_STEP][PASSED] - println(deviceName): null

2019-12-09 00:56:06 - [TEST_STEP][PASSED] - now = new java.util.Date(): null

2019-12-09 00:56:06 - [TEST_STEP][PASSED] - mydate = now.format("yyyyMMdd_HHmmss"): null

2019-12-09 00:56:06 - [TEST_STEP][PASSED] - screenPath = "../Screenshots/": null

2019-12-09 00:56:06 - [TEST_STEP][PASSED] - screenPath = screenPath + deviceName + "/" + project + "/" + productLine + "/" + carrierName + "/" + mydate + "/": null

2019-12-09 00:56:06 - [TEST_STEP][PASSED] - println(screenPath): null

2019-12-09 00:56:06 - [MESSAGE][PASSED] - Call Test Case 'Test Cases/HIC/_include/get_hicScreenPath' successfully

2019-12-09 00:56:06 - [TEST_STEP][PASSED] - i = 0: null

2019-12-09 00:56:06 - [TEST_STEP][PASSED] - callTestCase(findTestCase("AHI/_include/openWebSite"), ["env":"https://qa.healthinsurance.com/"], CONTINUE_ON_FAILURE): Call Test Case 'Test Cases/AHI/_include/openWebSite' successfully

2019-12-09 00:56:06 - [TEST_CASE][PASSED] - Test Cases/AHI/_include/openWebSite: Test Cases/AHI/_include/openWebSite

2019-12-09 00:56:06 - [TEST_STEP][PASSED] - openBrowser(env): Browser is opened with url: 'https://qa.healthinsurance.com/'

2019-12-09 00:56:06 - [MESSAGE][WARNING] - A browser is already opened. Closing browser and opening a new one

2019-12-09 00:56:07 - [MESSAGE][INFO] - Starting 'Chrome' driver

2019-12-09 00:56:07 - [MESSAGE][INFO] - User set preference: ['mobileEmulation', '{deviceName=iPhone 6}']

2019-12-09 00:56:07 - [MESSAGE][INFO] - User set preference: ['args', '[--incognito, --aggressive-cache-discard, --window-size=375,677, --no-sandbox]']

2019-12-09 00:56:10 - [MESSAGE][PASSED] - Browser is opened with url: 'https://qa.healthinsurance.com/'

2019-12-09 00:56:10 - [TEST_STEP][PASSED] - waitForPageLoad(20): Wait for page load successfully

2019-12-09 00:56:10 - [MESSAGE][PASSED] - Wait for page load successfully

2019-12-09 00:56:10 - [TEST_STEP][PASSED] - callTestCase(findTestCase("AHI/_include/get_screenshot"), [:], STOP_ON_FAILURE): Call Test Case 'Test Cases/AHI/_include/get_screenshot' successfully

2019-12-09 00:56:10 - [TEST_CASE][PASSED] - Test Cases/AHI/_include/get_screenshot: Test Cases/AHI/_include/get_screenshot

2019-12-09 00:56:10 - [TEST_STEP][PASSED] - takeScreenshot(screenPath + i + ".png"): Taking screenshot successfully

2019-12-09 00:56:10 - [MESSAGE][PASSED] - Taking screenshot successfully
[[ATTACHMENT|D:\\Test\\AgileTest\\Reports\\HIC\\hic\\20191209_004704\\../Screenshots/iPhone 6/HIC/HBI/Core Shield/20191209_005606/0.png]]

2019-12-09 00:56:10 - [TEST_STEP][PASSED] - (internal.GlobalVariable.i++): null

2019-12-09 00:56:10 - [MESSAGE][PASSED] - Call Test Case 'Test Cases/AHI/_include/get_screenshot' successfully

2019-12-09 00:56:10 - [MESSAGE][PASSED] - Call Test Case 'Test Cases/AHI/_include/openWebSite' successfully

2019-12-09 00:56:10 - [TEST_STEP][PASSED] - click(findTestObject("hic/nav/navButton")): Object: 'Object Repository/hic/nav/navButton' is clicked on

2019-12-09 00:56:11 - [MESSAGE][PASSED] - Object: 'Object Repository/hic/nav/navButton' is clicked on

2019-12-09 00:56:11 - [TEST_STEP][PASSED] - Thread.sleep(2000): null

2019-12-09 00:56:13 - [TEST_STEP][PASSED] - click(findTestObject("hic/nav/hbiLink")): Object: 'Object Repository/hic/nav/hbiLink' is clicked on

2019-12-09 00:56:13 - [MESSAGE][PASSED] - Object: 'Object Repository/hic/nav/hbiLink' is clicked on

2019-12-09 00:56:13 - [TEST_STEP][PASSED] - Thread.sleep(2000): null

2019-12-09 00:56:15 - [TEST_STEP][PASSED] - callTestCase(findTestCase("AHI/_include/get_screenshot"), [:], STOP_ON_FAILURE): Call Test Case 'Test Cases/AHI/_include/get_screenshot' successfully

2019-12-09 00:56:15 - [TEST_CASE][PASSED] - Test Cases/AHI/_include/get_screenshot: Test Cases/AHI/_include/get_screenshot

2019-12-09 00:56:15 - [TEST_STEP][PASSED] - takeScreenshot(screenPath + i + ".png"): Taking screenshot successfully

2019-12-09 00:56:16 - [MESSAGE][PASSED] - Taking screenshot successfully
[[ATTACHMENT|D:\\Test\\AgileTest\\Reports\\HIC\\hic\\20191209_004704\\../Screenshots/iPhone 6/HIC/HBI/Core Shield/20191209_005606/1.png]]

2019-12-09 00:56:16 - [TEST_STEP][PASSED] - (internal.GlobalVariable.i++): null

2019-12-09 00:56:16 - [MESSAGE][PASSED] - Call Test Case 'Test Cases/AHI/_include/get_screenshot' successfully

2019-12-09 00:56:16 - [TEST_STEP][PASSED] - callTestCase(findTestCase("HIC/_include/stm_census"), ["zipcode":"35215"], STOP_ON_FAILURE): Call Test Case 'Test Cases/HIC/_include/stm_census' successfully

2019-12-09 00:56:16 - [TEST_CASE][PASSED] - Test Cases/HIC/_include/stm_census: Test Cases/HIC/_include/stm_census

2019-12-09 00:56:16 - [TEST_STEP][PASSED] - setText(findTestObject("hic/stm/zip"), zipcode): Text '35215' is set on object 'Object Repository/hic/stm/zip'

2019-12-09 00:56:17 - [MESSAGE][PASSED] - Text '35215' is set on object 'Object Repository/hic/stm/zip'

2019-12-09 00:56:17 - [TEST_STEP][PASSED] - Thread.sleep(500): null

2019-12-09 00:56:18 - [TEST_STEP][PASSED] - setText(findTestObject("hic/stm/primaryDOB"), "03031987"): Text '03031987' is set on object 'Object Repository/hic/stm/primaryDOB'

2019-12-09 00:56:19 - [MESSAGE][PASSED] - Text '03031987' is set on object 'Object Repository/hic/stm/primaryDOB'

2019-12-09 00:56:19 - [TEST_STEP][PASSED] - click(findTestObject("hic/stm/female")): Object: 'Object Repository/hic/stm/female' is clicked on

2019-12-09 00:56:19 - [MESSAGE][PASSED] - Object: 'Object Repository/hic/stm/female' is clicked on

2019-12-09 00:56:19 - [TEST_STEP][PASSED] - Thread.sleep(3000): null

2019-12-09 00:56:22 - [TEST_STEP][PASSED] - click(findTestObject("hic/stm/submitButton")): Object: 'Object Repository/hic/stm/submitButton' is clicked on

2019-12-09 00:56:25 - [MESSAGE][PASSED] - Object: 'Object Repository/hic/stm/submitButton' is clicked on

2019-12-09 00:56:25 - [TEST_STEP][PASSED] - Thread.sleep(6000): null

2019-12-09 00:56:31 - [TEST_STEP][PASSED] - callTestCase(findTestCase("AHI/_include/get_screenshot"), [:], STOP_ON_FAILURE): Call Test Case 'Test Cases/AHI/_include/get_screenshot' successfully

2019-12-09 00:56:31 - [TEST_CASE][PASSED] - Test Cases/AHI/_include/get_screenshot: Test Cases/AHI/_include/get_screenshot

2019-12-09 00:56:31 - [TEST_STEP][PASSED] - takeScreenshot(screenPath + i + ".png"): Taking screenshot successfully

2019-12-09 00:56:32 - [MESSAGE][PASSED] - Taking screenshot successfully
[[ATTACHMENT|D:\\Test\\AgileTest\\Reports\\HIC\\hic\\20191209_004704\\../Screenshots/iPhone 6/HIC/HBI/Core Shield/20191209_005606/2.png]]

2019-12-09 00:56:32 - [TEST_STEP][PASSED] - (internal.GlobalVariable.i++): null

2019-12-09 00:56:32 - [MESSAGE][PASSED] - Call Test Case 'Test Cases/AHI/_include/get_screenshot' successfully

2019-12-09 00:56:32 - [TEST_STEP][PASSED] - Thread.sleep(1000): null

2019-12-09 00:56:33 - [MESSAGE][PASSED] - Call Test Case 'Test Cases/HIC/_include/stm_census' successfully

2019-12-09 00:56:33 - [TEST_STEP][PASSED] - Thread.sleep(5000): null

2019-12-09 00:56:38 - [TEST_STEP][PASSED] - scrollToPosition(200, 2300): Browser is scrolled to position x = 200, y = 2300

2019-12-09 00:56:38 - [MESSAGE][PASSED] - Browser is scrolled to position x = 200, y = 2300

2019-12-09 00:56:38 - [TEST_STEP][PASSED] - click(findTestObject("mobileSanity/HBI/quote/a_Core Shield")): Object: 'Object Repository/mobileSanity/HBI/quote/a_Core Shield' is clicked on

2019-12-09 00:56:38 - [MESSAGE][PASSED] - Object: 'Object Repository/mobileSanity/HBI/quote/a_Core Shield' is clicked on

2019-12-09 00:56:38 - [TEST_STEP][PASSED] - waitForPageLoad(20): Wait for page load successfully

2019-12-09 00:56:39 - [MESSAGE][PASSED] - Wait for page load successfully

2019-12-09 00:56:39 - [TEST_STEP][PASSED] - callTestCase(findTestCase("AHI/_include/get_screenshot"), [:], STOP_ON_FAILURE): Call Test Case 'Test Cases/AHI/_include/get_screenshot' successfully

2019-12-09 00:56:39 - [TEST_CASE][PASSED] - Test Cases/AHI/_include/get_screenshot: Test Cases/AHI/_include/get_screenshot

2019-12-09 00:56:39 - [TEST_STEP][PASSED] - takeScreenshot(screenPath + i + ".png"): Taking screenshot successfully

2019-12-09 00:56:39 - [MESSAGE][PASSED] - Taking screenshot successfully
[[ATTACHMENT|D:\\Test\\AgileTest\\Reports\\HIC\\hic\\20191209_004704\\../Screenshots/iPhone 6/HIC/HBI/Core Shield/20191209_005606/3.png]]

2019-12-09 00:56:39 - [TEST_STEP][PASSED] - (internal.GlobalVariable.i++): null

2019-12-09 00:56:39 - [MESSAGE][PASSED] - Call Test Case 'Test Cases/AHI/_include/get_screenshot' successfully

2019-12-09 00:56:39 - [TEST_STEP][PASSED] - click(findTestObject("mobileSanity/HBI/detail/a_Apply for This Plan")): Object: 'Object Repository/mobileSanity/HBI/detail/a_Apply for This Plan' is clicked on

2019-12-09 00:56:40 - [MESSAGE][PASSED] - Object: 'Object Repository/mobileSanity/HBI/detail/a_Apply for This Plan' is clicked on

2019-12-09 00:56:40 - [TEST_STEP][PASSED] - waitForPageLoad(20): Wait for page load successfully

2019-12-09 00:56:40 - [MESSAGE][PASSED] - Wait for page load successfully

2019-12-09 00:56:40 - [TEST_STEP][PASSED] - callTestCase(findTestCase("AHI/_include/get_screenshot"), [:], STOP_ON_FAILURE): Call Test Case 'Test Cases/AHI/_include/get_screenshot' successfully

2019-12-09 00:56:40 - [TEST_CASE][PASSED] - Test Cases/AHI/_include/get_screenshot: Test Cases/AHI/_include/get_screenshot

2019-12-09 00:56:40 - [TEST_STEP][PASSED] - takeScreenshot(screenPath + i + ".png"): Taking screenshot successfully

2019-12-09 00:56:41 - [MESSAGE][PASSED] - Taking screenshot successfully
[[ATTACHMENT|D:\\Test\\AgileTest\\Reports\\HIC\\hic\\20191209_004704\\../Screenshots/iPhone 6/HIC/HBI/Core Shield/20191209_005606/4.png]]

2019-12-09 00:56:41 - [TEST_STEP][PASSED] - (internal.GlobalVariable.i++): null

2019-12-09 00:56:41 - [MESSAGE][PASSED] - Call Test Case 'Test Cases/AHI/_include/get_screenshot' successfully

2019-12-09 00:56:41 - [TEST_STEP][PASSED] - click(findTestObject("mobileSanity/HBI/Page_Apply/span_Start Secure Application")): Object: 'Object Repository/mobileSanity/HBI/Page_Apply/span_Start Secure Application' is clicked on

2019-12-09 00:56:41 - [MESSAGE][PASSED] - Object: 'Object Repository/mobileSanity/HBI/Page_Apply/span_Start Secure Application' is clicked on

2019-12-09 00:56:41 - [TEST_STEP][PASSED] - waitForPageLoad(20): Wait for page load successfully

2019-12-09 00:56:42 - [MESSAGE][PASSED] - Wait for page load successfully

2019-12-09 00:56:42 - [TEST_STEP][PASSED] - Thread.sleep(5000): null

2019-12-09 00:56:47 - [TEST_STEP][PASSED] - callTestCase(findTestCase("AHI/_include/get_screenshot"), [:], STOP_ON_FAILURE): Call Test Case 'Test Cases/AHI/_include/get_screenshot' successfully

2019-12-09 00:56:47 - [TEST_CASE][PASSED] - Test Cases/AHI/_include/get_screenshot: Test Cases/AHI/_include/get_screenshot

2019-12-09 00:56:47 - [TEST_STEP][PASSED] - takeScreenshot(screenPath + i + ".png"): Taking screenshot successfully

2019-12-09 00:56:47 - [MESSAGE][PASSED] - Taking screenshot successfully
[[ATTACHMENT|D:\\Test\\AgileTest\\Reports\\HIC\\hic\\20191209_004704\\../Screenshots/iPhone 6/HIC/HBI/Core Shield/20191209_005606/5.png]]

2019-12-09 00:56:47 - [TEST_STEP][PASSED] - (internal.GlobalVariable.i++): null

2019-12-09 00:56:47 - [MESSAGE][PASSED] - Call Test Case 'Test Cases/AHI/_include/get_screenshot' successfully

2019-12-09 00:56:47 - [TEST_STEP][PASSED] - callTestCase(findTestCase("AHI/_include/goToEnd_hbi"), ["carrier":"coreshield"], CONTINUE_ON_FAILURE): Call Test Case 'Test Cases/AHI/_include/goToEnd_hbi' successfully

2019-12-09 00:56:47 - [TEST_CASE][PASSED] - Test Cases/AHI/_include/goToEnd_hbi: Test Cases/AHI/_include/goToEnd_hbi

2019-12-09 00:56:47 - [TEST_STEP][PASSED] - if (state == "ca"): null

2019-12-09 00:56:47 - [TEST_STEP][PASSED] - callTestCase(findTestCase("AHI/_include/name"), [:], CONTINUE_ON_FAILURE): Call Test Case 'Test Cases/AHI/_include/name' successfully

2019-12-09 00:56:47 - [TEST_CASE][PASSED] - Test Cases/AHI/_include/name: Test Cases/AHI/_include/name

2019-12-09 00:56:47 - [TEST_STEP][PASSED] - driver = getWebDriver(): null

2019-12-09 00:56:47 - [TEST_STEP][PASSED] - selenium = new com.thoughtworks.selenium.webdriven.WebDriverBackedSelenium(driver, internal.GlobalVariable.ENV): null

2019-12-09 00:56:47 - [TEST_STEP][PASSED] - FirstName = "Test-123": null

2019-12-09 00:56:47 - [TEST_STEP][PASSED] - LastName = selenium.getEval("{var x="ABCDEFGHIJKLMNOPQRSTUVWXYZabcdefghijklmnopqrstuvwxyz"; var tmp="ZZ11-"; for (i=0;i<8;i++) tmp+=x.charAt(Math.ceil(51*Math.random()));tmp;}"): null

2019-12-09 00:56:47 - [TEST_STEP][PASSED] - Address = selenium.getEval("{var x="ABCDEFGHIJKLMNOPQRSTUVWXYZabcdefghijklmnopqrstuvwxyz"; var tmp=""; for (i=0;i<8;i++) tmp+=x.charAt(Math.ceil(51*Math.random()));tmp;}"): null

2019-12-09 00:56:47 - [TEST_STEP][PASSED] - City = selenium.getEval("{var x="ABCDEFGHIJKLMNOPQRSTUVWXYZabcdefghijklmnopqrstuvwxyz"; var tmp=""; for (i=0;i<8;i++) tmp+=x.charAt(Math.ceil(51*Math.random()));tmp;}"): null

2019-12-09 00:56:47 - [TEST_STEP][PASSED] - tel1 = selenium.getEval("{var x="123456789"; var tmp=""; for (i=0;i<3;i++) tmp+=x.charAt(Math.ceil(8*Math.random()));tmp;}"): null

2019-12-09 00:56:48 - [TEST_STEP][PASSED] - tel2 = selenium.getEval("{var x="123456789"; var tmp=""; for (i=0;i<3;i++) tmp+=x.charAt(Math.ceil(8*Math.random()));tmp;}"): null

2019-12-09 00:56:48 - [TEST_STEP][PASSED] - tel3 = selenium.getEval("{var x="123456789"; var tmp=""; for (i=0;i<4;i++) tmp+=x.charAt(Math.ceil(8*Math.random()));tmp;}"): null

2019-12-09 00:56:48 - [TEST_STEP][PASSED] - Tel = selenium.getExpression(tel1 + "-" + tel2 + "-" + tel3): null

2019-12-09 00:56:48 - [TEST_STEP][PASSED] - AutoEmail = selenium.getEval("{var x="ABCDEFGHIJKLMNOPQRSTUVWXYZabcdefghijklmnopqrstuvwxyz"; var tmp="test."; for (i=0;i<8;i++) tmp+=x.charAt(Math.ceil(51*Math.random()));tmp+="@suryani.cn";}"): null

2019-12-09 00:56:48 - [TEST_STEP][PASSED] - FirstName = FirstName: null

2019-12-09 00:56:48 - [TEST_STEP][PASSED] - LastName = LastName: null

2019-12-09 00:56:48 - [TEST_STEP][PASSED] - Address = Address: null

2019-12-09 00:56:48 - [TEST_STEP][PASSED] - City = City: null

2019-12-09 00:56:48 - [TEST_STEP][PASSED] - Tel = Tel: null

2019-12-09 00:56:48 - [TEST_STEP][PASSED] - AutoEmail = AutoEmail: null

2019-12-09 00:56:48 - [TEST_STEP][PASSED] - println(FirstName): null

2019-12-09 00:56:48 - [TEST_STEP][PASSED] - println(LastName): null

2019-12-09 00:56:48 - [TEST_STEP][PASSED] - println(Address): null

2019-12-09 00:56:48 - [TEST_STEP][PASSED] - println(City): null

2019-12-09 00:56:48 - [TEST_STEP][PASSED] - println(Tel): null

2019-12-09 00:56:48 - [TEST_STEP][PASSED] - println(AutoEmail): null

2019-12-09 00:56:48 - [MESSAGE][PASSED] - Call Test Case 'Test Cases/AHI/_include/name' successfully

2019-12-09 00:56:48 - [TEST_STEP][PASSED] - setText(findTestObject("mobileSanity/HBI/Page_App Page 1/input__member-P-1-firstName"), FirstName): Text 'Test-123' is set on object 'Object Repository/mobileSanity/HBI/Page_App Page 1/input__member-P-1-firstName'

2019-12-09 00:56:49 - [MESSAGE][PASSED] - Text 'Test-123' is set on object 'Object Repository/mobileSanity/HBI/Page_App Page 1/input__member-P-1-firstName'

2019-12-09 00:56:49 - [TEST_STEP][PASSED] - setText(findTestObject("mobileSanity/HBI/Page_App Page 1/input__member-P-1-lastName"), LastName): Text 'ZZ11-opOoqMgv' is set on object 'Object Repository/mobileSanity/HBI/Page_App Page 1/input__member-P-1-lastName'

2019-12-09 00:56:49 - [MESSAGE][PASSED] - Text 'ZZ11-opOoqMgv' is set on object 'Object Repository/mobileSanity/HBI/Page_App Page 1/input__member-P-1-lastName'

2019-12-09 00:56:49 - [TEST_STEP][PASSED] - if (carrier == "agileone" || carrier == "agilesecure"): null

2019-12-09 00:56:49 - [TEST_STEP][PASSED] - setText(findTestObject("mobileSanity/HBI/Page_App Page 1/input__address"), Address): Text 'vUvPpJdv' is set on object 'Object Repository/mobileSanity/HBI/Page_App Page 1/input__address'

2019-12-09 00:56:49 - [MESSAGE][PASSED] - Text 'vUvPpJdv' is set on object 'Object Repository/mobileSanity/HBI/Page_App Page 1/input__address'

2019-12-09 00:56:49 - [TEST_STEP][PASSED] - setText(findTestObject("mobileSanity/HBI/Page_App Page 1/input__city"), City): Text 'QZgxEdhu' is set on object 'Object Repository/mobileSanity/HBI/Page_App Page 1/input__city'

2019-12-09 00:56:49 - [MESSAGE][PASSED] - Text 'QZgxEdhu' is set on object 'Object Repository/mobileSanity/HBI/Page_App Page 1/input__city'

2019-12-09 00:56:49 - [TEST_STEP][PASSED] - setText(findTestObject("mobileSanity/HBI/Page_App Page 1/input__email"), AutoEmail): Text 'test.NjrxXCmB@suryani.cn' is set on object 'Object Repository/mobileSanity/HBI/Page_App Page 1/input__email'

2019-12-09 00:56:50 - [MESSAGE][PASSED] - Text 'test.NjrxXCmB@suryani.cn' is set on object 'Object Repository/mobileSanity/HBI/Page_App Page 1/input__email'

2019-12-09 00:56:50 - [TEST_STEP][PASSED] - setText(findTestObject("mobileSanity/HBI/Page_App Page 1/input_tel"), Tel): Text '543-246-4636' is set on object 'Object Repository/mobileSanity/HBI/Page_App Page 1/input_tel'

2019-12-09 00:56:50 - [MESSAGE][PASSED] - Text '543-246-4636' is set on object 'Object Repository/mobileSanity/HBI/Page_App Page 1/input_tel'

2019-12-09 00:56:50 - [TEST_STEP][PASSED] - Thread.sleep(5000): null

2019-12-09 00:56:55 - [TEST_STEP][PASSED] - click(findTestObject("mobileSanity/HBI/Page_App Page 1/a_Continue to Step 2 - Payment")): Object: 'Object Repository/mobileSanity/HBI/Page_App Page 1/a_Continue to Step 2 - Payment' is clicked on

2019-12-09 00:56:56 - [MESSAGE][PASSED] - Object: 'Object Repository/mobileSanity/HBI/Page_App Page 1/a_Continue to Step 2 - Payment' is clicked on

2019-12-09 00:56:56 - [TEST_STEP][PASSED] - waitForPageLoad(20): Wait for page load successfully

2019-12-09 00:56:56 - [MESSAGE][PASSED] - Wait for page load successfully

2019-12-09 00:56:56 - [TEST_STEP][PASSED] - Thread.sleep(2000): null

2019-12-09 00:56:58 - [TEST_STEP][PASSED] - waitForElementVisible(findTestObject("mobileSanity/HBI/Page_App Page 2/input__credit-card-first"), 20): Object 'Object Repository/mobileSanity/HBI/Page_App Page 2/input__credit-card-first' is visible

2019-12-09 00:56:58 - [MESSAGE][PASSED] - Object 'Object Repository/mobileSanity/HBI/Page_App Page 2/input__credit-card-first' is visible

2019-12-09 00:56:58 - [TEST_STEP][PASSED] - callTestCase(findTestCase("AHI/_include/get_screenshot"), [:], STOP_ON_FAILURE): Call Test Case 'Test Cases/AHI/_include/get_screenshot' successfully

2019-12-09 00:56:58 - [TEST_CASE][PASSED] - Test Cases/AHI/_include/get_screenshot: Test Cases/AHI/_include/get_screenshot

2019-12-09 00:56:58 - [TEST_STEP][PASSED] - takeScreenshot(screenPath + i + ".png"): Taking screenshot successfully

2019-12-09 00:56:58 - [MESSAGE][PASSED] - Taking screenshot successfully
[[ATTACHMENT|D:\\Test\\AgileTest\\Reports\\HIC\\hic\\20191209_004704\\../Screenshots/iPhone 6/HIC/HBI/Core Shield/20191209_005606/6.png]]

2019-12-09 00:56:58 - [TEST_STEP][PASSED] - (internal.GlobalVariable.i++): null

2019-12-09 00:56:58 - [MESSAGE][PASSED] - Call Test Case 'Test Cases/AHI/_include/get_screenshot' successfully

2019-12-09 00:56:58 - [TEST_STEP][PASSED] - setText(findTestObject("mobileSanity/HBI/Page_App Page 2/input__credit-card-first"), FirstName): Text 'Test-123' is set on object 'Object Repository/mobileSanity/HBI/Page_App Page 2/input__credit-card-first'

2019-12-09 00:56:59 - [MESSAGE][PASSED] - Text 'Test-123' is set on object 'Object Repository/mobileSanity/HBI/Page_App Page 2/input__credit-card-first'

2019-12-09 00:56:59 - [TEST_STEP][PASSED] - setText(findTestObject("mobileSanity/HBI/Page_App Page 2/input__credit-card-last"), LastName): Text 'ZZ11-opOoqMgv' is set on object 'Object Repository/mobileSanity/HBI/Page_App Page 2/input__credit-card-last'

2019-12-09 00:56:59 - [MESSAGE][PASSED] - Text 'ZZ11-opOoqMgv' is set on object 'Object Repository/mobileSanity/HBI/Page_App Page 2/input__credit-card-last'

2019-12-09 00:56:59 - [TEST_STEP][PASSED] - selectOptionByValue(findTestObject("mobileSanity/HBI/Page_App Page 2/select_MM010203040506070809101"), "12", true): All options with value '12' are selected in object 'Object Repository/mobileSanity/HBI/Page_App Page 2/select_MM010203040506070809101'  using regular expression

2019-12-09 00:56:59 - [MESSAGE][PASSED] - All options with value '12' are selected in object 'Object Repository/mobileSanity/HBI/Page_App Page 2/select_MM010203040506070809101'  using regular expression

2019-12-09 00:56:59 - [TEST_STEP][PASSED] - selectOptionByValue(findTestObject("mobileSanity/HBI/Page_App Page 2/select_YYYY2019202020212022202"), "2026", true): All options with value '2026' are selected in object 'Object Repository/mobileSanity/HBI/Page_App Page 2/select_YYYY2019202020212022202'  using regular expression

2019-12-09 00:57:00 - [MESSAGE][PASSED] - All options with value '2026' are selected in object 'Object Repository/mobileSanity/HBI/Page_App Page 2/select_YYYY2019202020212022202'  using regular expression

2019-12-09 00:57:00 - [TEST_STEP][PASSED] - setText(findTestObject("mobileSanity/HBI/Page_App Page 2/input__credit-card-number"), "4111111111111111"): Text '4111111111111111' is set on object 'Object Repository/mobileSanity/HBI/Page_App Page 2/input__credit-card-number'

2019-12-09 00:57:00 - [MESSAGE][PASSED] - Text '4111111111111111' is set on object 'Object Repository/mobileSanity/HBI/Page_App Page 2/input__credit-card-number'

2019-12-09 00:57:00 - [TEST_STEP][PASSED] - setText(findTestObject("mobileSanity/HBI/Page_App Page 2/input__cvv"), "123"): Text '123' is set on object 'Object Repository/mobileSanity/HBI/Page_App Page 2/input__cvv'

2019-12-09 00:57:00 - [MESSAGE][PASSED] - Text '123' is set on object 'Object Repository/mobileSanity/HBI/Page_App Page 2/input__cvv'

2019-12-09 00:57:00 - [TEST_STEP][PASSED] - click(findTestObject("mobileSanity/HBI/Page_App Page 2/label_My billing address is th")): Object: 'Object Repository/mobileSanity/HBI/Page_App Page 2/label_My billing address is th' is clicked on

2019-12-09 00:57:00 - [MESSAGE][PASSED] - Object: 'Object Repository/mobileSanity/HBI/Page_App Page 2/label_My billing address is th' is clicked on

2019-12-09 00:57:00 - [TEST_STEP][PASSED] - click(findTestObject("mobileSanity/HBI/Page_App Page 2/label_I Accept Authorization f")): Object: 'Object Repository/mobileSanity/HBI/Page_App Page 2/label_I Accept Authorization f' is clicked on

2019-12-09 00:57:00 - [MESSAGE][PASSED] - Object: 'Object Repository/mobileSanity/HBI/Page_App Page 2/label_I Accept Authorization f' is clicked on

2019-12-09 00:57:00 - [TEST_STEP][PASSED] - click(findTestObject("mobileSanity/HBI/Page_App Page 2/a_Continue to Step 3 - Review")): Object: 'Object Repository/mobileSanity/HBI/Page_App Page 2/a_Continue to Step 3 - Review' is clicked on

2019-12-09 00:57:00 - [MESSAGE][PASSED] - Object: 'Object Repository/mobileSanity/HBI/Page_App Page 2/a_Continue to Step 3 - Review' is clicked on

2019-12-09 00:57:00 - [TEST_STEP][PASSED] - waitForPageLoad(20): Wait for page load successfully

2019-12-09 00:57:00 - [MESSAGE][PASSED] - Wait for page load successfully

2019-12-09 00:57:00 - [TEST_STEP][PASSED] - Thread.sleep(10000): null

2019-12-09 00:57:10 - [TEST_STEP][PASSED] - waitForElementPresent(findTestObject("mobileSanity/HBI/Page_App Page 3/label"), 20): Object 'Object Repository/mobileSanity/HBI/Page_App Page 3/label' is present

2019-12-09 00:57:11 - [MESSAGE][PASSED] - Object 'Object Repository/mobileSanity/HBI/Page_App Page 3/label' is present

2019-12-09 00:57:11 - [TEST_STEP][PASSED] - callTestCase(findTestCase("AHI/_include/get_screenshot"), [:], STOP_ON_FAILURE): Call Test Case 'Test Cases/AHI/_include/get_screenshot' successfully

2019-12-09 00:57:11 - [TEST_CASE][PASSED] - Test Cases/AHI/_include/get_screenshot: Test Cases/AHI/_include/get_screenshot

2019-12-09 00:57:11 - [TEST_STEP][PASSED] - takeScreenshot(screenPath + i + ".png"): Taking screenshot successfully

2019-12-09 00:57:11 - [MESSAGE][PASSED] - Taking screenshot successfully
[[ATTACHMENT|D:\\Test\\AgileTest\\Reports\\HIC\\hic\\20191209_004704\\../Screenshots/iPhone 6/HIC/HBI/Core Shield/20191209_005606/7.png]]

2019-12-09 00:57:11 - [TEST_STEP][PASSED] - (internal.GlobalVariable.i++): null

2019-12-09 00:57:11 - [MESSAGE][PASSED] - Call Test Case 'Test Cases/AHI/_include/get_screenshot' successfully

2019-12-09 00:57:11 - [TEST_STEP][PASSED] - click(findTestObject("mobileSanity/HBI/Page_App Page 3/label")): Object: 'Object Repository/mobileSanity/HBI/Page_App Page 3/label' is clicked on

2019-12-09 00:57:12 - [MESSAGE][PASSED] - Object: 'Object Repository/mobileSanity/HBI/Page_App Page 3/label' is clicked on

2019-12-09 00:57:12 - [TEST_STEP][PASSED] - click(findTestObject("mobileSanity/HBI/Page_App Page 3/p_CLICK TO SIGN")): Object: 'Object Repository/mobileSanity/HBI/Page_App Page 3/p_CLICK TO SIGN' is clicked on

2019-12-09 00:57:12 - [MESSAGE][PASSED] - Object: 'Object Repository/mobileSanity/HBI/Page_App Page 3/p_CLICK TO SIGN' is clicked on

2019-12-09 00:57:12 - [TEST_STEP][PASSED] - click(findTestObject("mobileSanity/HBI/Page_App Page 3/a_Submit Your Application")): Object: 'Object Repository/mobileSanity/HBI/Page_App Page 3/a_Submit Your Application' is clicked on

2019-12-09 00:57:12 - [MESSAGE][PASSED] - Object: 'Object Repository/mobileSanity/HBI/Page_App Page 3/a_Submit Your Application' is clicked on

2019-12-09 00:57:12 - [TEST_STEP][PASSED] - Thread.sleep(30000): null

2019-12-09 00:57:42 - [TEST_STEP][PASSED] - callTestCase(findTestCase("AHI/_include/get_screenshot"), [:], STOP_ON_FAILURE): Call Test Case 'Test Cases/AHI/_include/get_screenshot' successfully

2019-12-09 00:57:42 - [TEST_CASE][PASSED] - Test Cases/AHI/_include/get_screenshot: Test Cases/AHI/_include/get_screenshot

2019-12-09 00:57:42 - [TEST_STEP][PASSED] - takeScreenshot(screenPath + i + ".png"): Taking screenshot successfully

2019-12-09 00:57:42 - [MESSAGE][PASSED] - Taking screenshot successfully
[[ATTACHMENT|D:\\Test\\AgileTest\\Reports\\HIC\\hic\\20191209_004704\\../Screenshots/iPhone 6/HIC/HBI/Core Shield/20191209_005606/8.png]]

2019-12-09 00:57:42 - [TEST_STEP][PASSED] - (internal.GlobalVariable.i++): null

2019-12-09 00:57:42 - [MESSAGE][PASSED] - Call Test Case 'Test Cases/AHI/_include/get_screenshot' successfully

2019-12-09 00:57:42 - [TEST_STEP][PASSED] - verifyTextPresent("Congratulations", false): Text 'Congratulations' is present on page 

2019-12-09 00:57:42 - [MESSAGE][PASSED] - Text 'Congratulations' is present on page 

2019-12-09 00:57:42 - [MESSAGE][PASSED] - Call Test Case 'Test Cases/AHI/_include/goToEnd_hbi' successfully]]></system-out>
         <system-err><![CDATA[]]></system-err>
      </testcase>
      <testcase name="Test Cases/HIC/HBI/Fixed Cash Benefit" classname="Test Cases/HIC/HBI/Fixed Cash Benefit" status="PASSED">
         <system-out><![CDATA[2019-12-09 00:57:42 - [TEST_CASE][PASSED] - Test Cases/HIC/HBI/Fixed Cash Benefit: Test Cases/HIC/HBI/Fixed Cash Benefit

2019-12-09 00:57:43 - [TEST_STEP][PASSED] - callTestCase(findTestCase("HIC/_include/get_hicScreenPath"), ["project":"HIC", "productLine":"HBI", "carrierName":"Fixed Cash Benefit"], CONTINUE_ON_FAILURE): Call Test Case 'Test Cases/HIC/_include/get_hicScreenPath' successfully

2019-12-09 00:57:43 - [TEST_CASE][PASSED] - Test Cases/HIC/_include/get_hicScreenPath: Test Cases/HIC/_include/get_hicScreenPath

2019-12-09 00:57:43 - [TEST_STEP][PASSED] - m = getExecutionProperties(): null

2019-12-09 00:57:43 - [TEST_STEP][PASSED] - deviceName = get("mobileEmulation").get("deviceName"): null

2019-12-09 00:57:43 - [TEST_STEP][PASSED] - println(deviceName): null

2019-12-09 00:57:43 - [TEST_STEP][PASSED] - now = new java.util.Date(): null

2019-12-09 00:57:43 - [TEST_STEP][PASSED] - mydate = now.format("yyyyMMdd_HHmmss"): null

2019-12-09 00:57:43 - [TEST_STEP][PASSED] - screenPath = "../Screenshots/": null

2019-12-09 00:57:43 - [TEST_STEP][PASSED] - screenPath = screenPath + deviceName + "/" + project + "/" + productLine + "/" + carrierName + "/" + mydate + "/": null

2019-12-09 00:57:43 - [TEST_STEP][PASSED] - println(screenPath): null

2019-12-09 00:57:43 - [MESSAGE][PASSED] - Call Test Case 'Test Cases/HIC/_include/get_hicScreenPath' successfully

2019-12-09 00:57:43 - [TEST_STEP][PASSED] - i = 0: null

2019-12-09 00:57:43 - [TEST_STEP][PASSED] - callTestCase(findTestCase("AHI/_include/openWebSite"), ["env":"https://qa.healthinsurance.com/"], CONTINUE_ON_FAILURE): Call Test Case 'Test Cases/AHI/_include/openWebSite' successfully

2019-12-09 00:57:43 - [TEST_CASE][PASSED] - Test Cases/AHI/_include/openWebSite: Test Cases/AHI/_include/openWebSite

2019-12-09 00:57:43 - [TEST_STEP][PASSED] - openBrowser(env): Browser is opened with url: 'https://qa.healthinsurance.com/'

2019-12-09 00:57:43 - [MESSAGE][WARNING] - A browser is already opened. Closing browser and opening a new one

2019-12-09 00:57:44 - [MESSAGE][INFO] - Starting 'Chrome' driver

2019-12-09 00:57:44 - [MESSAGE][INFO] - User set preference: ['mobileEmulation', '{deviceName=iPhone 6}']

2019-12-09 00:57:44 - [MESSAGE][INFO] - User set preference: ['args', '[--incognito, --aggressive-cache-discard, --window-size=375,677, --no-sandbox]']

2019-12-09 00:57:46 - [MESSAGE][PASSED] - Browser is opened with url: 'https://qa.healthinsurance.com/'

2019-12-09 00:57:46 - [TEST_STEP][PASSED] - waitForPageLoad(20): Wait for page load successfully

2019-12-09 00:57:46 - [MESSAGE][PASSED] - Wait for page load successfully

2019-12-09 00:57:46 - [TEST_STEP][PASSED] - callTestCase(findTestCase("AHI/_include/get_screenshot"), [:], STOP_ON_FAILURE): Call Test Case 'Test Cases/AHI/_include/get_screenshot' successfully

2019-12-09 00:57:46 - [TEST_CASE][PASSED] - Test Cases/AHI/_include/get_screenshot: Test Cases/AHI/_include/get_screenshot

2019-12-09 00:57:46 - [TEST_STEP][PASSED] - takeScreenshot(screenPath + i + ".png"): Taking screenshot successfully

2019-12-09 00:57:46 - [MESSAGE][PASSED] - Taking screenshot successfully
[[ATTACHMENT|D:\\Test\\AgileTest\\Reports\\HIC\\hic\\20191209_004704\\../Screenshots/iPhone 6/HIC/HBI/Fixed Cash Benefit/20191209_005743/0.png]]

2019-12-09 00:57:46 - [TEST_STEP][PASSED] - (internal.GlobalVariable.i++): null

2019-12-09 00:57:46 - [MESSAGE][PASSED] - Call Test Case 'Test Cases/AHI/_include/get_screenshot' successfully

2019-12-09 00:57:46 - [MESSAGE][PASSED] - Call Test Case 'Test Cases/AHI/_include/openWebSite' successfully

2019-12-09 00:57:46 - [TEST_STEP][PASSED] - click(findTestObject("hic/nav/navButton")): Object: 'Object Repository/hic/nav/navButton' is clicked on

2019-12-09 00:57:47 - [MESSAGE][PASSED] - Object: 'Object Repository/hic/nav/navButton' is clicked on

2019-12-09 00:57:47 - [TEST_STEP][PASSED] - Thread.sleep(2000): null

2019-12-09 00:57:49 - [TEST_STEP][PASSED] - click(findTestObject("hic/nav/hbiLink")): Object: 'Object Repository/hic/nav/hbiLink' is clicked on

2019-12-09 00:57:49 - [MESSAGE][PASSED] - Object: 'Object Repository/hic/nav/hbiLink' is clicked on

2019-12-09 00:57:49 - [TEST_STEP][PASSED] - Thread.sleep(2000): null

2019-12-09 00:57:51 - [TEST_STEP][PASSED] - callTestCase(findTestCase("AHI/_include/get_screenshot"), [:], STOP_ON_FAILURE): Call Test Case 'Test Cases/AHI/_include/get_screenshot' successfully

2019-12-09 00:57:51 - [TEST_CASE][PASSED] - Test Cases/AHI/_include/get_screenshot: Test Cases/AHI/_include/get_screenshot

2019-12-09 00:57:51 - [TEST_STEP][PASSED] - takeScreenshot(screenPath + i + ".png"): Taking screenshot successfully

2019-12-09 00:57:51 - [MESSAGE][PASSED] - Taking screenshot successfully
[[ATTACHMENT|D:\\Test\\AgileTest\\Reports\\HIC\\hic\\20191209_004704\\../Screenshots/iPhone 6/HIC/HBI/Fixed Cash Benefit/20191209_005743/1.png]]

2019-12-09 00:57:51 - [TEST_STEP][PASSED] - (internal.GlobalVariable.i++): null

2019-12-09 00:57:51 - [MESSAGE][PASSED] - Call Test Case 'Test Cases/AHI/_include/get_screenshot' successfully

2019-12-09 00:57:51 - [TEST_STEP][PASSED] - callTestCase(findTestCase("HIC/_include/stm_census"), ["zipcode":"85364"], STOP_ON_FAILURE): Call Test Case 'Test Cases/HIC/_include/stm_census' successfully

2019-12-09 00:57:51 - [TEST_CASE][PASSED] - Test Cases/HIC/_include/stm_census: Test Cases/HIC/_include/stm_census

2019-12-09 00:57:51 - [TEST_STEP][PASSED] - setText(findTestObject("hic/stm/zip"), zipcode): Text '85364' is set on object 'Object Repository/hic/stm/zip'

2019-12-09 00:57:51 - [MESSAGE][PASSED] - Text '85364' is set on object 'Object Repository/hic/stm/zip'

2019-12-09 00:57:51 - [TEST_STEP][PASSED] - Thread.sleep(500): null

2019-12-09 00:57:52 - [TEST_STEP][PASSED] - setText(findTestObject("hic/stm/primaryDOB"), "03031987"): Text '03031987' is set on object 'Object Repository/hic/stm/primaryDOB'

2019-12-09 00:57:52 - [MESSAGE][PASSED] - Text '03031987' is set on object 'Object Repository/hic/stm/primaryDOB'

2019-12-09 00:57:52 - [TEST_STEP][PASSED] - click(findTestObject("hic/stm/female")): Object: 'Object Repository/hic/stm/female' is clicked on

2019-12-09 00:57:52 - [MESSAGE][PASSED] - Object: 'Object Repository/hic/stm/female' is clicked on

2019-12-09 00:57:52 - [TEST_STEP][PASSED] - Thread.sleep(3000): null

2019-12-09 00:57:55 - [TEST_STEP][PASSED] - click(findTestObject("hic/stm/submitButton")): Object: 'Object Repository/hic/stm/submitButton' is clicked on

2019-12-09 00:57:57 - [MESSAGE][PASSED] - Object: 'Object Repository/hic/stm/submitButton' is clicked on

2019-12-09 00:57:57 - [TEST_STEP][PASSED] - Thread.sleep(6000): null

2019-12-09 00:58:03 - [TEST_STEP][PASSED] - callTestCase(findTestCase("AHI/_include/get_screenshot"), [:], STOP_ON_FAILURE): Call Test Case 'Test Cases/AHI/_include/get_screenshot' successfully

2019-12-09 00:58:03 - [TEST_CASE][PASSED] - Test Cases/AHI/_include/get_screenshot: Test Cases/AHI/_include/get_screenshot

2019-12-09 00:58:03 - [TEST_STEP][PASSED] - takeScreenshot(screenPath + i + ".png"): Taking screenshot successfully

2019-12-09 00:58:04 - [MESSAGE][PASSED] - Taking screenshot successfully
[[ATTACHMENT|D:\\Test\\AgileTest\\Reports\\HIC\\hic\\20191209_004704\\../Screenshots/iPhone 6/HIC/HBI/Fixed Cash Benefit/20191209_005743/2.png]]

2019-12-09 00:58:04 - [TEST_STEP][PASSED] - (internal.GlobalVariable.i++): null

2019-12-09 00:58:04 - [MESSAGE][PASSED] - Call Test Case 'Test Cases/AHI/_include/get_screenshot' successfully

2019-12-09 00:58:04 - [TEST_STEP][PASSED] - Thread.sleep(1000): null

2019-12-09 00:58:05 - [MESSAGE][PASSED] - Call Test Case 'Test Cases/HIC/_include/stm_census' successfully

2019-12-09 00:58:05 - [TEST_STEP][PASSED] - Thread.sleep(5000): null

2019-12-09 00:58:10 - [TEST_STEP][PASSED] - scrollToPosition(200, 2300): Browser is scrolled to position x = 200, y = 2300

2019-12-09 00:58:10 - [MESSAGE][PASSED] - Browser is scrolled to position x = 200, y = 2300

2019-12-09 00:58:10 - [TEST_STEP][PASSED] - click(findTestObject("mobileSanity/HBI/quote/a_Fixed Cash Benefit")): Object: 'Object Repository/mobileSanity/HBI/quote/a_Fixed Cash Benefit' is clicked on

2019-12-09 00:58:10 - [MESSAGE][PASSED] - Object: 'Object Repository/mobileSanity/HBI/quote/a_Fixed Cash Benefit' is clicked on

2019-12-09 00:58:10 - [TEST_STEP][PASSED] - waitForPageLoad(20): Wait for page load successfully

2019-12-09 00:58:10 - [MESSAGE][PASSED] - Wait for page load successfully

2019-12-09 00:58:10 - [TEST_STEP][PASSED] - callTestCase(findTestCase("AHI/_include/get_screenshot"), [:], STOP_ON_FAILURE): Call Test Case 'Test Cases/AHI/_include/get_screenshot' successfully

2019-12-09 00:58:10 - [TEST_CASE][PASSED] - Test Cases/AHI/_include/get_screenshot: Test Cases/AHI/_include/get_screenshot

2019-12-09 00:58:10 - [TEST_STEP][PASSED] - takeScreenshot(screenPath + i + ".png"): Taking screenshot successfully

2019-12-09 00:58:11 - [MESSAGE][PASSED] - Taking screenshot successfully
[[ATTACHMENT|D:\\Test\\AgileTest\\Reports\\HIC\\hic\\20191209_004704\\../Screenshots/iPhone 6/HIC/HBI/Fixed Cash Benefit/20191209_005743/3.png]]

2019-12-09 00:58:11 - [TEST_STEP][PASSED] - (internal.GlobalVariable.i++): null

2019-12-09 00:58:11 - [MESSAGE][PASSED] - Call Test Case 'Test Cases/AHI/_include/get_screenshot' successfully

2019-12-09 00:58:11 - [TEST_STEP][PASSED] - click(findTestObject("mobileSanity/HBI/detail/a_Apply for This Plan")): Object: 'Object Repository/mobileSanity/HBI/detail/a_Apply for This Plan' is clicked on

2019-12-09 00:58:11 - [MESSAGE][PASSED] - Object: 'Object Repository/mobileSanity/HBI/detail/a_Apply for This Plan' is clicked on

2019-12-09 00:58:11 - [TEST_STEP][PASSED] - waitForPageLoad(20): Wait for page load successfully

2019-12-09 00:58:12 - [MESSAGE][PASSED] - Wait for page load successfully

2019-12-09 00:58:12 - [TEST_STEP][PASSED] - callTestCase(findTestCase("AHI/_include/get_screenshot"), [:], STOP_ON_FAILURE): Call Test Case 'Test Cases/AHI/_include/get_screenshot' successfully

2019-12-09 00:58:12 - [TEST_CASE][PASSED] - Test Cases/AHI/_include/get_screenshot: Test Cases/AHI/_include/get_screenshot

2019-12-09 00:58:12 - [TEST_STEP][PASSED] - takeScreenshot(screenPath + i + ".png"): Taking screenshot successfully

2019-12-09 00:58:12 - [MESSAGE][PASSED] - Taking screenshot successfully
[[ATTACHMENT|D:\\Test\\AgileTest\\Reports\\HIC\\hic\\20191209_004704\\../Screenshots/iPhone 6/HIC/HBI/Fixed Cash Benefit/20191209_005743/4.png]]

2019-12-09 00:58:12 - [TEST_STEP][PASSED] - (internal.GlobalVariable.i++): null

2019-12-09 00:58:12 - [MESSAGE][PASSED] - Call Test Case 'Test Cases/AHI/_include/get_screenshot' successfully

2019-12-09 00:58:12 - [TEST_STEP][PASSED] - click(findTestObject("mobileSanity/HBI/Page_Apply/span_Start Secure Application")): Object: 'Object Repository/mobileSanity/HBI/Page_Apply/span_Start Secure Application' is clicked on

2019-12-09 00:58:13 - [MESSAGE][PASSED] - Object: 'Object Repository/mobileSanity/HBI/Page_Apply/span_Start Secure Application' is clicked on

2019-12-09 00:58:13 - [TEST_STEP][PASSED] - waitForPageLoad(20): Wait for page load successfully

2019-12-09 00:58:13 - [MESSAGE][PASSED] - Wait for page load successfully

2019-12-09 00:58:13 - [TEST_STEP][PASSED] - Thread.sleep(5000): null

2019-12-09 00:58:18 - [TEST_STEP][PASSED] - callTestCase(findTestCase("AHI/_include/get_screenshot"), [:], STOP_ON_FAILURE): Call Test Case 'Test Cases/AHI/_include/get_screenshot' successfully

2019-12-09 00:58:19 - [TEST_CASE][PASSED] - Test Cases/AHI/_include/get_screenshot: Test Cases/AHI/_include/get_screenshot

2019-12-09 00:58:19 - [TEST_STEP][PASSED] - takeScreenshot(screenPath + i + ".png"): Taking screenshot successfully

2019-12-09 00:58:19 - [MESSAGE][PASSED] - Taking screenshot successfully
[[ATTACHMENT|D:\\Test\\AgileTest\\Reports\\HIC\\hic\\20191209_004704\\../Screenshots/iPhone 6/HIC/HBI/Fixed Cash Benefit/20191209_005743/5.png]]

2019-12-09 00:58:19 - [TEST_STEP][PASSED] - (internal.GlobalVariable.i++): null

2019-12-09 00:58:19 - [MESSAGE][PASSED] - Call Test Case 'Test Cases/AHI/_include/get_screenshot' successfully

2019-12-09 00:58:19 - [TEST_STEP][PASSED] - callTestCase(findTestCase("AHI/_include/goToEnd_hbi"), ["carrier":"FixedCashBenefit"], CONTINUE_ON_FAILURE): Call Test Case 'Test Cases/AHI/_include/goToEnd_hbi' successfully

2019-12-09 00:58:19 - [TEST_CASE][PASSED] - Test Cases/AHI/_include/goToEnd_hbi: Test Cases/AHI/_include/goToEnd_hbi

2019-12-09 00:58:19 - [TEST_STEP][PASSED] - if (state == "ca"): null

2019-12-09 00:58:19 - [TEST_STEP][PASSED] - callTestCase(findTestCase("AHI/_include/name"), [:], CONTINUE_ON_FAILURE): Call Test Case 'Test Cases/AHI/_include/name' successfully

2019-12-09 00:58:19 - [TEST_CASE][PASSED] - Test Cases/AHI/_include/name: Test Cases/AHI/_include/name

2019-12-09 00:58:19 - [TEST_STEP][PASSED] - driver = getWebDriver(): null

2019-12-09 00:58:19 - [TEST_STEP][PASSED] - selenium = new com.thoughtworks.selenium.webdriven.WebDriverBackedSelenium(driver, internal.GlobalVariable.ENV): null

2019-12-09 00:58:19 - [TEST_STEP][PASSED] - FirstName = "Test-123": null

2019-12-09 00:58:19 - [TEST_STEP][PASSED] - LastName = selenium.getEval("{var x="ABCDEFGHIJKLMNOPQRSTUVWXYZabcdefghijklmnopqrstuvwxyz"; var tmp="ZZ11-"; for (i=0;i<8;i++) tmp+=x.charAt(Math.ceil(51*Math.random()));tmp;}"): null

2019-12-09 00:58:19 - [TEST_STEP][PASSED] - Address = selenium.getEval("{var x="ABCDEFGHIJKLMNOPQRSTUVWXYZabcdefghijklmnopqrstuvwxyz"; var tmp=""; for (i=0;i<8;i++) tmp+=x.charAt(Math.ceil(51*Math.random()));tmp;}"): null

2019-12-09 00:58:19 - [TEST_STEP][PASSED] - City = selenium.getEval("{var x="ABCDEFGHIJKLMNOPQRSTUVWXYZabcdefghijklmnopqrstuvwxyz"; var tmp=""; for (i=0;i<8;i++) tmp+=x.charAt(Math.ceil(51*Math.random()));tmp;}"): null

2019-12-09 00:58:19 - [TEST_STEP][PASSED] - tel1 = selenium.getEval("{var x="123456789"; var tmp=""; for (i=0;i<3;i++) tmp+=x.charAt(Math.ceil(8*Math.random()));tmp;}"): null

2019-12-09 00:58:19 - [TEST_STEP][PASSED] - tel2 = selenium.getEval("{var x="123456789"; var tmp=""; for (i=0;i<3;i++) tmp+=x.charAt(Math.ceil(8*Math.random()));tmp;}"): null

2019-12-09 00:58:19 - [TEST_STEP][PASSED] - tel3 = selenium.getEval("{var x="123456789"; var tmp=""; for (i=0;i<4;i++) tmp+=x.charAt(Math.ceil(8*Math.random()));tmp;}"): null

2019-12-09 00:58:19 - [TEST_STEP][PASSED] - Tel = selenium.getExpression(tel1 + "-" + tel2 + "-" + tel3): null

2019-12-09 00:58:19 - [TEST_STEP][PASSED] - AutoEmail = selenium.getEval("{var x="ABCDEFGHIJKLMNOPQRSTUVWXYZabcdefghijklmnopqrstuvwxyz"; var tmp="test."; for (i=0;i<8;i++) tmp+=x.charAt(Math.ceil(51*Math.random()));tmp+="@suryani.cn";}"): null

2019-12-09 00:58:19 - [TEST_STEP][PASSED] - FirstName = FirstName: null

2019-12-09 00:58:19 - [TEST_STEP][PASSED] - LastName = LastName: null

2019-12-09 00:58:19 - [TEST_STEP][PASSED] - Address = Address: null

2019-12-09 00:58:19 - [TEST_STEP][PASSED] - City = City: null

2019-12-09 00:58:19 - [TEST_STEP][PASSED] - Tel = Tel: null

2019-12-09 00:58:19 - [TEST_STEP][PASSED] - AutoEmail = AutoEmail: null

2019-12-09 00:58:19 - [TEST_STEP][PASSED] - println(FirstName): null

2019-12-09 00:58:19 - [TEST_STEP][PASSED] - println(LastName): null

2019-12-09 00:58:19 - [TEST_STEP][PASSED] - println(Address): null

2019-12-09 00:58:19 - [TEST_STEP][PASSED] - println(City): null

2019-12-09 00:58:19 - [TEST_STEP][PASSED] - println(Tel): null

2019-12-09 00:58:19 - [TEST_STEP][PASSED] - println(AutoEmail): null

2019-12-09 00:58:19 - [MESSAGE][PASSED] - Call Test Case 'Test Cases/AHI/_include/name' successfully

2019-12-09 00:58:19 - [TEST_STEP][PASSED] - setText(findTestObject("mobileSanity/HBI/Page_App Page 1/input__member-P-1-firstName"), FirstName): Text 'Test-123' is set on object 'Object Repository/mobileSanity/HBI/Page_App Page 1/input__member-P-1-firstName'

2019-12-09 00:58:19 - [MESSAGE][PASSED] - Text 'Test-123' is set on object 'Object Repository/mobileSanity/HBI/Page_App Page 1/input__member-P-1-firstName'

2019-12-09 00:58:19 - [TEST_STEP][PASSED] - setText(findTestObject("mobileSanity/HBI/Page_App Page 1/input__member-P-1-lastName"), LastName): Text 'ZZ11-uNEBgeuM' is set on object 'Object Repository/mobileSanity/HBI/Page_App Page 1/input__member-P-1-lastName'

2019-12-09 00:58:19 - [MESSAGE][PASSED] - Text 'ZZ11-uNEBgeuM' is set on object 'Object Repository/mobileSanity/HBI/Page_App Page 1/input__member-P-1-lastName'

2019-12-09 00:58:19 - [TEST_STEP][PASSED] - if (carrier == "agileone" || carrier == "agilesecure"): null

2019-12-09 00:58:19 - [TEST_STEP][PASSED] - setText(findTestObject("mobileSanity/HBI/Page_App Page 1/input__address"), Address): Text 'yCXckuGx' is set on object 'Object Repository/mobileSanity/HBI/Page_App Page 1/input__address'

2019-12-09 00:58:20 - [MESSAGE][PASSED] - Text 'yCXckuGx' is set on object 'Object Repository/mobileSanity/HBI/Page_App Page 1/input__address'

2019-12-09 00:58:20 - [TEST_STEP][PASSED] - setText(findTestObject("mobileSanity/HBI/Page_App Page 1/input__city"), City): Text 'zLddXCZM' is set on object 'Object Repository/mobileSanity/HBI/Page_App Page 1/input__city'

2019-12-09 00:58:20 - [MESSAGE][PASSED] - Text 'zLddXCZM' is set on object 'Object Repository/mobileSanity/HBI/Page_App Page 1/input__city'

2019-12-09 00:58:20 - [TEST_STEP][PASSED] - setText(findTestObject("mobileSanity/HBI/Page_App Page 1/input__email"), AutoEmail): Text 'test.LIMyIqeM@suryani.cn' is set on object 'Object Repository/mobileSanity/HBI/Page_App Page 1/input__email'

2019-12-09 00:58:20 - [MESSAGE][PASSED] - Text 'test.LIMyIqeM@suryani.cn' is set on object 'Object Repository/mobileSanity/HBI/Page_App Page 1/input__email'

2019-12-09 00:58:20 - [TEST_STEP][PASSED] - setText(findTestObject("mobileSanity/HBI/Page_App Page 1/input_tel"), Tel): Text '343-849-2535' is set on object 'Object Repository/mobileSanity/HBI/Page_App Page 1/input_tel'

2019-12-09 00:58:21 - [MESSAGE][PASSED] - Text '343-849-2535' is set on object 'Object Repository/mobileSanity/HBI/Page_App Page 1/input_tel'

2019-12-09 00:58:21 - [TEST_STEP][PASSED] - Thread.sleep(5000): null

2019-12-09 00:58:26 - [TEST_STEP][PASSED] - click(findTestObject("mobileSanity/HBI/Page_App Page 1/a_Continue to Step 2 - Payment")): Object: 'Object Repository/mobileSanity/HBI/Page_App Page 1/a_Continue to Step 2 - Payment' is clicked on

2019-12-09 00:58:26 - [MESSAGE][PASSED] - Object: 'Object Repository/mobileSanity/HBI/Page_App Page 1/a_Continue to Step 2 - Payment' is clicked on

2019-12-09 00:58:26 - [TEST_STEP][PASSED] - waitForPageLoad(20): Wait for page load successfully

2019-12-09 00:58:26 - [MESSAGE][PASSED] - Wait for page load successfully

2019-12-09 00:58:26 - [TEST_STEP][PASSED] - Thread.sleep(2000): null

2019-12-09 00:58:28 - [TEST_STEP][PASSED] - waitForElementVisible(findTestObject("mobileSanity/HBI/Page_App Page 2/input__credit-card-first"), 20): Object 'Object Repository/mobileSanity/HBI/Page_App Page 2/input__credit-card-first' is visible

2019-12-09 00:58:28 - [MESSAGE][PASSED] - Object 'Object Repository/mobileSanity/HBI/Page_App Page 2/input__credit-card-first' is visible

2019-12-09 00:58:28 - [TEST_STEP][PASSED] - callTestCase(findTestCase("AHI/_include/get_screenshot"), [:], STOP_ON_FAILURE): Call Test Case 'Test Cases/AHI/_include/get_screenshot' successfully

2019-12-09 00:58:28 - [TEST_CASE][PASSED] - Test Cases/AHI/_include/get_screenshot: Test Cases/AHI/_include/get_screenshot

2019-12-09 00:58:28 - [TEST_STEP][PASSED] - takeScreenshot(screenPath + i + ".png"): Taking screenshot successfully

2019-12-09 00:58:28 - [MESSAGE][PASSED] - Taking screenshot successfully
[[ATTACHMENT|D:\\Test\\AgileTest\\Reports\\HIC\\hic\\20191209_004704\\../Screenshots/iPhone 6/HIC/HBI/Fixed Cash Benefit/20191209_005743/6.png]]

2019-12-09 00:58:28 - [TEST_STEP][PASSED] - (internal.GlobalVariable.i++): null

2019-12-09 00:58:28 - [MESSAGE][PASSED] - Call Test Case 'Test Cases/AHI/_include/get_screenshot' successfully

2019-12-09 00:58:28 - [TEST_STEP][PASSED] - setText(findTestObject("mobileSanity/HBI/Page_App Page 2/input__credit-card-first"), FirstName): Text 'Test-123' is set on object 'Object Repository/mobileSanity/HBI/Page_App Page 2/input__credit-card-first'

2019-12-09 00:58:28 - [MESSAGE][PASSED] - Text 'Test-123' is set on object 'Object Repository/mobileSanity/HBI/Page_App Page 2/input__credit-card-first'

2019-12-09 00:58:28 - [TEST_STEP][PASSED] - setText(findTestObject("mobileSanity/HBI/Page_App Page 2/input__credit-card-last"), LastName): Text 'ZZ11-uNEBgeuM' is set on object 'Object Repository/mobileSanity/HBI/Page_App Page 2/input__credit-card-last'

2019-12-09 00:58:29 - [MESSAGE][PASSED] - Text 'ZZ11-uNEBgeuM' is set on object 'Object Repository/mobileSanity/HBI/Page_App Page 2/input__credit-card-last'

2019-12-09 00:58:29 - [TEST_STEP][PASSED] - selectOptionByValue(findTestObject("mobileSanity/HBI/Page_App Page 2/select_MM010203040506070809101"), "12", true): All options with value '12' are selected in object 'Object Repository/mobileSanity/HBI/Page_App Page 2/select_MM010203040506070809101'  using regular expression

2019-12-09 00:58:29 - [MESSAGE][PASSED] - All options with value '12' are selected in object 'Object Repository/mobileSanity/HBI/Page_App Page 2/select_MM010203040506070809101'  using regular expression

2019-12-09 00:58:29 - [TEST_STEP][PASSED] - selectOptionByValue(findTestObject("mobileSanity/HBI/Page_App Page 2/select_YYYY2019202020212022202"), "2026", true): All options with value '2026' are selected in object 'Object Repository/mobileSanity/HBI/Page_App Page 2/select_YYYY2019202020212022202'  using regular expression

2019-12-09 00:58:29 - [MESSAGE][PASSED] - All options with value '2026' are selected in object 'Object Repository/mobileSanity/HBI/Page_App Page 2/select_YYYY2019202020212022202'  using regular expression

2019-12-09 00:58:29 - [TEST_STEP][PASSED] - setText(findTestObject("mobileSanity/HBI/Page_App Page 2/input__credit-card-number"), "4111111111111111"): Text '4111111111111111' is set on object 'Object Repository/mobileSanity/HBI/Page_App Page 2/input__credit-card-number'

2019-12-09 00:58:29 - [MESSAGE][PASSED] - Text '4111111111111111' is set on object 'Object Repository/mobileSanity/HBI/Page_App Page 2/input__credit-card-number'

2019-12-09 00:58:29 - [TEST_STEP][PASSED] - setText(findTestObject("mobileSanity/HBI/Page_App Page 2/input__cvv"), "123"): Text '123' is set on object 'Object Repository/mobileSanity/HBI/Page_App Page 2/input__cvv'

2019-12-09 00:58:30 - [MESSAGE][PASSED] - Text '123' is set on object 'Object Repository/mobileSanity/HBI/Page_App Page 2/input__cvv'

2019-12-09 00:58:30 - [TEST_STEP][PASSED] - click(findTestObject("mobileSanity/HBI/Page_App Page 2/label_My billing address is th")): Object: 'Object Repository/mobileSanity/HBI/Page_App Page 2/label_My billing address is th' is clicked on

2019-12-09 00:58:30 - [MESSAGE][PASSED] - Object: 'Object Repository/mobileSanity/HBI/Page_App Page 2/label_My billing address is th' is clicked on

2019-12-09 00:58:30 - [TEST_STEP][PASSED] - click(findTestObject("mobileSanity/HBI/Page_App Page 2/label_I Accept Authorization f")): Object: 'Object Repository/mobileSanity/HBI/Page_App Page 2/label_I Accept Authorization f' is clicked on

2019-12-09 00:58:30 - [MESSAGE][PASSED] - Object: 'Object Repository/mobileSanity/HBI/Page_App Page 2/label_I Accept Authorization f' is clicked on

2019-12-09 00:58:30 - [TEST_STEP][PASSED] - click(findTestObject("mobileSanity/HBI/Page_App Page 2/a_Continue to Step 3 - Review")): Object: 'Object Repository/mobileSanity/HBI/Page_App Page 2/a_Continue to Step 3 - Review' is clicked on

2019-12-09 00:58:30 - [MESSAGE][PASSED] - Object: 'Object Repository/mobileSanity/HBI/Page_App Page 2/a_Continue to Step 3 - Review' is clicked on

2019-12-09 00:58:30 - [TEST_STEP][PASSED] - waitForPageLoad(20): Wait for page load successfully

2019-12-09 00:58:30 - [MESSAGE][PASSED] - Wait for page load successfully

2019-12-09 00:58:30 - [TEST_STEP][PASSED] - Thread.sleep(10000): null

2019-12-09 00:58:40 - [TEST_STEP][PASSED] - waitForElementPresent(findTestObject("mobileSanity/HBI/Page_App Page 3/label"), 20): Object 'Object Repository/mobileSanity/HBI/Page_App Page 3/label' is present

2019-12-09 00:58:41 - [MESSAGE][PASSED] - Object 'Object Repository/mobileSanity/HBI/Page_App Page 3/label' is present

2019-12-09 00:58:41 - [TEST_STEP][PASSED] - callTestCase(findTestCase("AHI/_include/get_screenshot"), [:], STOP_ON_FAILURE): Call Test Case 'Test Cases/AHI/_include/get_screenshot' successfully

2019-12-09 00:58:41 - [TEST_CASE][PASSED] - Test Cases/AHI/_include/get_screenshot: Test Cases/AHI/_include/get_screenshot

2019-12-09 00:58:41 - [TEST_STEP][PASSED] - takeScreenshot(screenPath + i + ".png"): Taking screenshot successfully

2019-12-09 00:58:41 - [MESSAGE][PASSED] - Taking screenshot successfully
[[ATTACHMENT|D:\\Test\\AgileTest\\Reports\\HIC\\hic\\20191209_004704\\../Screenshots/iPhone 6/HIC/HBI/Fixed Cash Benefit/20191209_005743/7.png]]

2019-12-09 00:58:41 - [TEST_STEP][PASSED] - (internal.GlobalVariable.i++): null

2019-12-09 00:58:41 - [MESSAGE][PASSED] - Call Test Case 'Test Cases/AHI/_include/get_screenshot' successfully

2019-12-09 00:58:41 - [TEST_STEP][PASSED] - click(findTestObject("mobileSanity/HBI/Page_App Page 3/label")): Object: 'Object Repository/mobileSanity/HBI/Page_App Page 3/label' is clicked on

2019-12-09 00:58:41 - [MESSAGE][PASSED] - Object: 'Object Repository/mobileSanity/HBI/Page_App Page 3/label' is clicked on

2019-12-09 00:58:41 - [TEST_STEP][PASSED] - click(findTestObject("mobileSanity/HBI/Page_App Page 3/p_CLICK TO SIGN")): Object: 'Object Repository/mobileSanity/HBI/Page_App Page 3/p_CLICK TO SIGN' is clicked on

2019-12-09 00:58:41 - [MESSAGE][PASSED] - Object: 'Object Repository/mobileSanity/HBI/Page_App Page 3/p_CLICK TO SIGN' is clicked on

2019-12-09 00:58:41 - [TEST_STEP][PASSED] - click(findTestObject("mobileSanity/HBI/Page_App Page 3/a_Submit Your Application")): Object: 'Object Repository/mobileSanity/HBI/Page_App Page 3/a_Submit Your Application' is clicked on

2019-12-09 00:58:41 - [MESSAGE][PASSED] - Object: 'Object Repository/mobileSanity/HBI/Page_App Page 3/a_Submit Your Application' is clicked on

2019-12-09 00:58:41 - [TEST_STEP][PASSED] - Thread.sleep(30000): null

2019-12-09 00:59:11 - [TEST_STEP][PASSED] - callTestCase(findTestCase("AHI/_include/get_screenshot"), [:], STOP_ON_FAILURE): Call Test Case 'Test Cases/AHI/_include/get_screenshot' successfully

2019-12-09 00:59:11 - [TEST_CASE][PASSED] - Test Cases/AHI/_include/get_screenshot: Test Cases/AHI/_include/get_screenshot

2019-12-09 00:59:11 - [TEST_STEP][PASSED] - takeScreenshot(screenPath + i + ".png"): Taking screenshot successfully

2019-12-09 00:59:12 - [MESSAGE][PASSED] - Taking screenshot successfully
[[ATTACHMENT|D:\\Test\\AgileTest\\Reports\\HIC\\hic\\20191209_004704\\../Screenshots/iPhone 6/HIC/HBI/Fixed Cash Benefit/20191209_005743/8.png]]

2019-12-09 00:59:12 - [TEST_STEP][PASSED] - (internal.GlobalVariable.i++): null

2019-12-09 00:59:12 - [MESSAGE][PASSED] - Call Test Case 'Test Cases/AHI/_include/get_screenshot' successfully

2019-12-09 00:59:12 - [TEST_STEP][PASSED] - verifyTextPresent("Congratulations", false): Text 'Congratulations' is present on page 

2019-12-09 00:59:12 - [MESSAGE][PASSED] - Text 'Congratulations' is present on page 

2019-12-09 00:59:12 - [MESSAGE][PASSED] - Call Test Case 'Test Cases/AHI/_include/goToEnd_hbi' successfully]]></system-out>
         <system-err><![CDATA[]]></system-err>
      </testcase>
      <testcase name="Test Cases/HIC/HBI/Health Choice" classname="Test Cases/HIC/HBI/Health Choice" status="PASSED">
         <system-out><![CDATA[2019-12-09 00:59:12 - [TEST_CASE][PASSED] - Test Cases/HIC/HBI/Health Choice: Test Cases/HIC/HBI/Health Choice

2019-12-09 00:59:12 - [TEST_STEP][PASSED] - callTestCase(findTestCase("HIC/_include/get_hicScreenPath"), ["project":"HIC", "productLine":"HBI", "carrierName":"Health Choice"], CONTINUE_ON_FAILURE): Call Test Case 'Test Cases/HIC/_include/get_hicScreenPath' successfully

2019-12-09 00:59:12 - [TEST_CASE][PASSED] - Test Cases/HIC/_include/get_hicScreenPath: Test Cases/HIC/_include/get_hicScreenPath

2019-12-09 00:59:12 - [TEST_STEP][PASSED] - m = getExecutionProperties(): null

2019-12-09 00:59:12 - [TEST_STEP][PASSED] - deviceName = get("mobileEmulation").get("deviceName"): null

2019-12-09 00:59:12 - [TEST_STEP][PASSED] - println(deviceName): null

2019-12-09 00:59:12 - [TEST_STEP][PASSED] - now = new java.util.Date(): null

2019-12-09 00:59:12 - [TEST_STEP][PASSED] - mydate = now.format("yyyyMMdd_HHmmss"): null

2019-12-09 00:59:12 - [TEST_STEP][PASSED] - screenPath = "../Screenshots/": null

2019-12-09 00:59:12 - [TEST_STEP][PASSED] - screenPath = screenPath + deviceName + "/" + project + "/" + productLine + "/" + carrierName + "/" + mydate + "/": null

2019-12-09 00:59:12 - [TEST_STEP][PASSED] - println(screenPath): null

2019-12-09 00:59:12 - [MESSAGE][PASSED] - Call Test Case 'Test Cases/HIC/_include/get_hicScreenPath' successfully

2019-12-09 00:59:12 - [TEST_STEP][PASSED] - i = 0: null

2019-12-09 00:59:12 - [TEST_STEP][PASSED] - callTestCase(findTestCase("AHI/_include/openWebSite"), ["env":"https://qa.healthinsurance.com/"], CONTINUE_ON_FAILURE): Call Test Case 'Test Cases/AHI/_include/openWebSite' successfully

2019-12-09 00:59:12 - [TEST_CASE][PASSED] - Test Cases/AHI/_include/openWebSite: Test Cases/AHI/_include/openWebSite

2019-12-09 00:59:12 - [TEST_STEP][PASSED] - openBrowser(env): Browser is opened with url: 'https://qa.healthinsurance.com/'

2019-12-09 00:59:12 - [MESSAGE][WARNING] - A browser is already opened. Closing browser and opening a new one

2019-12-09 00:59:13 - [MESSAGE][INFO] - Starting 'Chrome' driver

2019-12-09 00:59:13 - [MESSAGE][INFO] - User set preference: ['mobileEmulation', '{deviceName=iPhone 6}']

2019-12-09 00:59:13 - [MESSAGE][INFO] - User set preference: ['args', '[--incognito, --aggressive-cache-discard, --window-size=375,677, --no-sandbox]']

2019-12-09 00:59:15 - [MESSAGE][PASSED] - Browser is opened with url: 'https://qa.healthinsurance.com/'

2019-12-09 00:59:15 - [TEST_STEP][PASSED] - waitForPageLoad(20): Wait for page load successfully

2019-12-09 00:59:15 - [MESSAGE][PASSED] - Wait for page load successfully

2019-12-09 00:59:15 - [TEST_STEP][PASSED] - callTestCase(findTestCase("AHI/_include/get_screenshot"), [:], STOP_ON_FAILURE): Call Test Case 'Test Cases/AHI/_include/get_screenshot' successfully

2019-12-09 00:59:16 - [TEST_CASE][PASSED] - Test Cases/AHI/_include/get_screenshot: Test Cases/AHI/_include/get_screenshot

2019-12-09 00:59:16 - [TEST_STEP][PASSED] - takeScreenshot(screenPath + i + ".png"): Taking screenshot successfully

2019-12-09 00:59:16 - [MESSAGE][PASSED] - Taking screenshot successfully
[[ATTACHMENT|D:\\Test\\AgileTest\\Reports\\HIC\\hic\\20191209_004704\\../Screenshots/iPhone 6/HIC/HBI/Health Choice/20191209_005912/0.png]]

2019-12-09 00:59:16 - [TEST_STEP][PASSED] - (internal.GlobalVariable.i++): null

2019-12-09 00:59:16 - [MESSAGE][PASSED] - Call Test Case 'Test Cases/AHI/_include/get_screenshot' successfully

2019-12-09 00:59:16 - [MESSAGE][PASSED] - Call Test Case 'Test Cases/AHI/_include/openWebSite' successfully

2019-12-09 00:59:16 - [TEST_STEP][PASSED] - click(findTestObject("hic/nav/navButton")): Object: 'Object Repository/hic/nav/navButton' is clicked on

2019-12-09 00:59:16 - [MESSAGE][PASSED] - Object: 'Object Repository/hic/nav/navButton' is clicked on

2019-12-09 00:59:16 - [TEST_STEP][PASSED] - Thread.sleep(2000): null

2019-12-09 00:59:18 - [TEST_STEP][PASSED] - click(findTestObject("hic/nav/hbiLink")): Object: 'Object Repository/hic/nav/hbiLink' is clicked on

2019-12-09 00:59:18 - [MESSAGE][PASSED] - Object: 'Object Repository/hic/nav/hbiLink' is clicked on

2019-12-09 00:59:18 - [TEST_STEP][PASSED] - Thread.sleep(2000): null

2019-12-09 00:59:20 - [TEST_STEP][PASSED] - callTestCase(findTestCase("AHI/_include/get_screenshot"), [:], STOP_ON_FAILURE): Call Test Case 'Test Cases/AHI/_include/get_screenshot' successfully

2019-12-09 00:59:20 - [TEST_CASE][PASSED] - Test Cases/AHI/_include/get_screenshot: Test Cases/AHI/_include/get_screenshot

2019-12-09 00:59:20 - [TEST_STEP][PASSED] - takeScreenshot(screenPath + i + ".png"): Taking screenshot successfully

2019-12-09 00:59:21 - [MESSAGE][PASSED] - Taking screenshot successfully
[[ATTACHMENT|D:\\Test\\AgileTest\\Reports\\HIC\\hic\\20191209_004704\\../Screenshots/iPhone 6/HIC/HBI/Health Choice/20191209_005912/1.png]]

2019-12-09 00:59:21 - [TEST_STEP][PASSED] - (internal.GlobalVariable.i++): null

2019-12-09 00:59:21 - [MESSAGE][PASSED] - Call Test Case 'Test Cases/AHI/_include/get_screenshot' successfully

2019-12-09 00:59:21 - [TEST_STEP][PASSED] - callTestCase(findTestCase("HIC/_include/stm_census"), ["zipcode":"35215"], STOP_ON_FAILURE): Call Test Case 'Test Cases/HIC/_include/stm_census' successfully

2019-12-09 00:59:21 - [TEST_CASE][PASSED] - Test Cases/HIC/_include/stm_census: Test Cases/HIC/_include/stm_census

2019-12-09 00:59:21 - [TEST_STEP][PASSED] - setText(findTestObject("hic/stm/zip"), zipcode): Text '35215' is set on object 'Object Repository/hic/stm/zip'

2019-12-09 00:59:21 - [MESSAGE][PASSED] - Text '35215' is set on object 'Object Repository/hic/stm/zip'

2019-12-09 00:59:21 - [TEST_STEP][PASSED] - Thread.sleep(500): null

2019-12-09 00:59:22 - [TEST_STEP][PASSED] - setText(findTestObject("hic/stm/primaryDOB"), "03031987"): Text '03031987' is set on object 'Object Repository/hic/stm/primaryDOB'

2019-12-09 00:59:22 - [MESSAGE][PASSED] - Text '03031987' is set on object 'Object Repository/hic/stm/primaryDOB'

2019-12-09 00:59:22 - [TEST_STEP][PASSED] - click(findTestObject("hic/stm/female")): Object: 'Object Repository/hic/stm/female' is clicked on

2019-12-09 00:59:22 - [MESSAGE][PASSED] - Object: 'Object Repository/hic/stm/female' is clicked on

2019-12-09 00:59:22 - [TEST_STEP][PASSED] - Thread.sleep(3000): null

2019-12-09 00:59:25 - [TEST_STEP][PASSED] - click(findTestObject("hic/stm/submitButton")): Object: 'Object Repository/hic/stm/submitButton' is clicked on

2019-12-09 00:59:26 - [MESSAGE][PASSED] - Object: 'Object Repository/hic/stm/submitButton' is clicked on

2019-12-09 00:59:26 - [TEST_STEP][PASSED] - Thread.sleep(6000): null

2019-12-09 00:59:32 - [TEST_STEP][PASSED] - callTestCase(findTestCase("AHI/_include/get_screenshot"), [:], STOP_ON_FAILURE): Call Test Case 'Test Cases/AHI/_include/get_screenshot' successfully

2019-12-09 00:59:32 - [TEST_CASE][PASSED] - Test Cases/AHI/_include/get_screenshot: Test Cases/AHI/_include/get_screenshot

2019-12-09 00:59:32 - [TEST_STEP][PASSED] - takeScreenshot(screenPath + i + ".png"): Taking screenshot successfully

2019-12-09 00:59:32 - [MESSAGE][PASSED] - Taking screenshot successfully
[[ATTACHMENT|D:\\Test\\AgileTest\\Reports\\HIC\\hic\\20191209_004704\\../Screenshots/iPhone 6/HIC/HBI/Health Choice/20191209_005912/2.png]]

2019-12-09 00:59:32 - [TEST_STEP][PASSED] - (internal.GlobalVariable.i++): null

2019-12-09 00:59:32 - [MESSAGE][PASSED] - Call Test Case 'Test Cases/AHI/_include/get_screenshot' successfully

2019-12-09 00:59:32 - [TEST_STEP][PASSED] - Thread.sleep(1000): null

2019-12-09 00:59:33 - [MESSAGE][PASSED] - Call Test Case 'Test Cases/HIC/_include/stm_census' successfully

2019-12-09 00:59:33 - [TEST_STEP][PASSED] - Thread.sleep(5000): null

2019-12-09 00:59:38 - [TEST_STEP][PASSED] - scrollToPosition(200, 2300): Browser is scrolled to position x = 200, y = 2300

2019-12-09 00:59:38 - [MESSAGE][PASSED] - Browser is scrolled to position x = 200, y = 2300

2019-12-09 00:59:38 - [TEST_STEP][PASSED] - click(findTestObject("mobileSanity/HBI/quote/a_Health Choice")): Object: 'Object Repository/mobileSanity/HBI/quote/a_Health Choice' is clicked on

2019-12-09 00:59:39 - [MESSAGE][PASSED] - Object: 'Object Repository/mobileSanity/HBI/quote/a_Health Choice' is clicked on

2019-12-09 00:59:39 - [TEST_STEP][PASSED] - waitForPageLoad(20): Wait for page load successfully

2019-12-09 00:59:39 - [MESSAGE][PASSED] - Wait for page load successfully

2019-12-09 00:59:39 - [TEST_STEP][PASSED] - callTestCase(findTestCase("AHI/_include/get_screenshot"), [:], STOP_ON_FAILURE): Call Test Case 'Test Cases/AHI/_include/get_screenshot' successfully

2019-12-09 00:59:39 - [TEST_CASE][PASSED] - Test Cases/AHI/_include/get_screenshot: Test Cases/AHI/_include/get_screenshot

2019-12-09 00:59:39 - [TEST_STEP][PASSED] - takeScreenshot(screenPath + i + ".png"): Taking screenshot successfully

2019-12-09 00:59:40 - [MESSAGE][PASSED] - Taking screenshot successfully
[[ATTACHMENT|D:\\Test\\AgileTest\\Reports\\HIC\\hic\\20191209_004704\\../Screenshots/iPhone 6/HIC/HBI/Health Choice/20191209_005912/3.png]]

2019-12-09 00:59:40 - [TEST_STEP][PASSED] - (internal.GlobalVariable.i++): null

2019-12-09 00:59:40 - [MESSAGE][PASSED] - Call Test Case 'Test Cases/AHI/_include/get_screenshot' successfully

2019-12-09 00:59:40 - [TEST_STEP][PASSED] - click(findTestObject("mobileSanity/HBI/detail/a_Apply for This Plan")): Object: 'Object Repository/mobileSanity/HBI/detail/a_Apply for This Plan' is clicked on

2019-12-09 00:59:40 - [MESSAGE][PASSED] - Object: 'Object Repository/mobileSanity/HBI/detail/a_Apply for This Plan' is clicked on

2019-12-09 00:59:40 - [TEST_STEP][PASSED] - waitForPageLoad(20): Wait for page load successfully

2019-12-09 00:59:40 - [MESSAGE][PASSED] - Wait for page load successfully

2019-12-09 00:59:40 - [TEST_STEP][PASSED] - callTestCase(findTestCase("AHI/_include/get_screenshot"), [:], STOP_ON_FAILURE): Call Test Case 'Test Cases/AHI/_include/get_screenshot' successfully

2019-12-09 00:59:40 - [TEST_CASE][PASSED] - Test Cases/AHI/_include/get_screenshot: Test Cases/AHI/_include/get_screenshot

2019-12-09 00:59:40 - [TEST_STEP][PASSED] - takeScreenshot(screenPath + i + ".png"): Taking screenshot successfully

2019-12-09 00:59:41 - [MESSAGE][PASSED] - Taking screenshot successfully
[[ATTACHMENT|D:\\Test\\AgileTest\\Reports\\HIC\\hic\\20191209_004704\\../Screenshots/iPhone 6/HIC/HBI/Health Choice/20191209_005912/4.png]]

2019-12-09 00:59:41 - [TEST_STEP][PASSED] - (internal.GlobalVariable.i++): null

2019-12-09 00:59:41 - [MESSAGE][PASSED] - Call Test Case 'Test Cases/AHI/_include/get_screenshot' successfully

2019-12-09 00:59:41 - [TEST_STEP][PASSED] - click(findTestObject("mobileSanity/HBI/Page_Apply/span_Start Secure Application")): Object: 'Object Repository/mobileSanity/HBI/Page_Apply/span_Start Secure Application' is clicked on

2019-12-09 00:59:42 - [MESSAGE][PASSED] - Object: 'Object Repository/mobileSanity/HBI/Page_Apply/span_Start Secure Application' is clicked on

2019-12-09 00:59:42 - [TEST_STEP][PASSED] - waitForPageLoad(20): Wait for page load successfully

2019-12-09 00:59:42 - [MESSAGE][PASSED] - Wait for page load successfully

2019-12-09 00:59:42 - [TEST_STEP][PASSED] - Thread.sleep(5000): null

2019-12-09 00:59:47 - [TEST_STEP][PASSED] - callTestCase(findTestCase("AHI/_include/get_screenshot"), [:], STOP_ON_FAILURE): Call Test Case 'Test Cases/AHI/_include/get_screenshot' successfully

2019-12-09 00:59:47 - [TEST_CASE][PASSED] - Test Cases/AHI/_include/get_screenshot: Test Cases/AHI/_include/get_screenshot

2019-12-09 00:59:47 - [TEST_STEP][PASSED] - takeScreenshot(screenPath + i + ".png"): Taking screenshot successfully

2019-12-09 00:59:47 - [MESSAGE][PASSED] - Taking screenshot successfully
[[ATTACHMENT|D:\\Test\\AgileTest\\Reports\\HIC\\hic\\20191209_004704\\../Screenshots/iPhone 6/HIC/HBI/Health Choice/20191209_005912/5.png]]

2019-12-09 00:59:47 - [TEST_STEP][PASSED] - (internal.GlobalVariable.i++): null

2019-12-09 00:59:47 - [MESSAGE][PASSED] - Call Test Case 'Test Cases/AHI/_include/get_screenshot' successfully

2019-12-09 00:59:47 - [TEST_STEP][PASSED] - callTestCase(findTestCase("AHI/_include/goToEnd_hbi"), ["carrier":"healthchoiceplus"], CONTINUE_ON_FAILURE): Call Test Case 'Test Cases/AHI/_include/goToEnd_hbi' successfully

2019-12-09 00:59:47 - [TEST_CASE][PASSED] - Test Cases/AHI/_include/goToEnd_hbi: Test Cases/AHI/_include/goToEnd_hbi

2019-12-09 00:59:47 - [TEST_STEP][PASSED] - if (state == "ca"): null

2019-12-09 00:59:47 - [TEST_STEP][PASSED] - callTestCase(findTestCase("AHI/_include/name"), [:], CONTINUE_ON_FAILURE): Call Test Case 'Test Cases/AHI/_include/name' successfully

2019-12-09 00:59:47 - [TEST_CASE][PASSED] - Test Cases/AHI/_include/name: Test Cases/AHI/_include/name

2019-12-09 00:59:47 - [TEST_STEP][PASSED] - driver = getWebDriver(): null

2019-12-09 00:59:47 - [TEST_STEP][PASSED] - selenium = new com.thoughtworks.selenium.webdriven.WebDriverBackedSelenium(driver, internal.GlobalVariable.ENV): null

2019-12-09 00:59:47 - [TEST_STEP][PASSED] - FirstName = "Test-123": null

2019-12-09 00:59:47 - [TEST_STEP][PASSED] - LastName = selenium.getEval("{var x="ABCDEFGHIJKLMNOPQRSTUVWXYZabcdefghijklmnopqrstuvwxyz"; var tmp="ZZ11-"; for (i=0;i<8;i++) tmp+=x.charAt(Math.ceil(51*Math.random()));tmp;}"): null

2019-12-09 00:59:47 - [TEST_STEP][PASSED] - Address = selenium.getEval("{var x="ABCDEFGHIJKLMNOPQRSTUVWXYZabcdefghijklmnopqrstuvwxyz"; var tmp=""; for (i=0;i<8;i++) tmp+=x.charAt(Math.ceil(51*Math.random()));tmp;}"): null

2019-12-09 00:59:47 - [TEST_STEP][PASSED] - City = selenium.getEval("{var x="ABCDEFGHIJKLMNOPQRSTUVWXYZabcdefghijklmnopqrstuvwxyz"; var tmp=""; for (i=0;i<8;i++) tmp+=x.charAt(Math.ceil(51*Math.random()));tmp;}"): null

2019-12-09 00:59:47 - [TEST_STEP][PASSED] - tel1 = selenium.getEval("{var x="123456789"; var tmp=""; for (i=0;i<3;i++) tmp+=x.charAt(Math.ceil(8*Math.random()));tmp;}"): null

2019-12-09 00:59:47 - [TEST_STEP][PASSED] - tel2 = selenium.getEval("{var x="123456789"; var tmp=""; for (i=0;i<3;i++) tmp+=x.charAt(Math.ceil(8*Math.random()));tmp;}"): null

2019-12-09 00:59:47 - [TEST_STEP][PASSED] - tel3 = selenium.getEval("{var x="123456789"; var tmp=""; for (i=0;i<4;i++) tmp+=x.charAt(Math.ceil(8*Math.random()));tmp;}"): null

2019-12-09 00:59:47 - [TEST_STEP][PASSED] - Tel = selenium.getExpression(tel1 + "-" + tel2 + "-" + tel3): null

2019-12-09 00:59:47 - [TEST_STEP][PASSED] - AutoEmail = selenium.getEval("{var x="ABCDEFGHIJKLMNOPQRSTUVWXYZabcdefghijklmnopqrstuvwxyz"; var tmp="test."; for (i=0;i<8;i++) tmp+=x.charAt(Math.ceil(51*Math.random()));tmp+="@suryani.cn";}"): null

2019-12-09 00:59:47 - [TEST_STEP][PASSED] - FirstName = FirstName: null

2019-12-09 00:59:47 - [TEST_STEP][PASSED] - LastName = LastName: null

2019-12-09 00:59:47 - [TEST_STEP][PASSED] - Address = Address: null

2019-12-09 00:59:47 - [TEST_STEP][PASSED] - City = City: null

2019-12-09 00:59:47 - [TEST_STEP][PASSED] - Tel = Tel: null

2019-12-09 00:59:47 - [TEST_STEP][PASSED] - AutoEmail = AutoEmail: null

2019-12-09 00:59:47 - [TEST_STEP][PASSED] - println(FirstName): null

2019-12-09 00:59:47 - [TEST_STEP][PASSED] - println(LastName): null

2019-12-09 00:59:47 - [TEST_STEP][PASSED] - println(Address): null

2019-12-09 00:59:47 - [TEST_STEP][PASSED] - println(City): null

2019-12-09 00:59:47 - [TEST_STEP][PASSED] - println(Tel): null

2019-12-09 00:59:47 - [TEST_STEP][PASSED] - println(AutoEmail): null

2019-12-09 00:59:47 - [MESSAGE][PASSED] - Call Test Case 'Test Cases/AHI/_include/name' successfully

2019-12-09 00:59:47 - [TEST_STEP][PASSED] - setText(findTestObject("mobileSanity/HBI/Page_App Page 1/input__member-P-1-firstName"), FirstName): Text 'Test-123' is set on object 'Object Repository/mobileSanity/HBI/Page_App Page 1/input__member-P-1-firstName'

2019-12-09 00:59:48 - [MESSAGE][PASSED] - Text 'Test-123' is set on object 'Object Repository/mobileSanity/HBI/Page_App Page 1/input__member-P-1-firstName'

2019-12-09 00:59:48 - [TEST_STEP][PASSED] - setText(findTestObject("mobileSanity/HBI/Page_App Page 1/input__member-P-1-lastName"), LastName): Text 'ZZ11-ksrZpOdU' is set on object 'Object Repository/mobileSanity/HBI/Page_App Page 1/input__member-P-1-lastName'

2019-12-09 00:59:48 - [MESSAGE][PASSED] - Text 'ZZ11-ksrZpOdU' is set on object 'Object Repository/mobileSanity/HBI/Page_App Page 1/input__member-P-1-lastName'

2019-12-09 00:59:48 - [TEST_STEP][PASSED] - if (carrier == "agileone" || carrier == "agilesecure"): null

2019-12-09 00:59:48 - [TEST_STEP][PASSED] - setText(findTestObject("mobileSanity/HBI/Page_App Page 1/input__address"), Address): Text 'HmXLIvMg' is set on object 'Object Repository/mobileSanity/HBI/Page_App Page 1/input__address'

2019-12-09 00:59:48 - [MESSAGE][PASSED] - Text 'HmXLIvMg' is set on object 'Object Repository/mobileSanity/HBI/Page_App Page 1/input__address'

2019-12-09 00:59:48 - [TEST_STEP][PASSED] - setText(findTestObject("mobileSanity/HBI/Page_App Page 1/input__city"), City): Text 'HsDWCyKC' is set on object 'Object Repository/mobileSanity/HBI/Page_App Page 1/input__city'

2019-12-09 00:59:48 - [MESSAGE][PASSED] - Text 'HsDWCyKC' is set on object 'Object Repository/mobileSanity/HBI/Page_App Page 1/input__city'

2019-12-09 00:59:48 - [TEST_STEP][PASSED] - setText(findTestObject("mobileSanity/HBI/Page_App Page 1/input__email"), AutoEmail): Text 'test.VZriWbsu@suryani.cn' is set on object 'Object Repository/mobileSanity/HBI/Page_App Page 1/input__email'

2019-12-09 00:59:49 - [MESSAGE][PASSED] - Text 'test.VZriWbsu@suryani.cn' is set on object 'Object Repository/mobileSanity/HBI/Page_App Page 1/input__email'

2019-12-09 00:59:49 - [TEST_STEP][PASSED] - setText(findTestObject("mobileSanity/HBI/Page_App Page 1/input_tel"), Tel): Text '557-595-2725' is set on object 'Object Repository/mobileSanity/HBI/Page_App Page 1/input_tel'

2019-12-09 00:59:49 - [MESSAGE][PASSED] - Text '557-595-2725' is set on object 'Object Repository/mobileSanity/HBI/Page_App Page 1/input_tel'

2019-12-09 00:59:49 - [TEST_STEP][PASSED] - Thread.sleep(5000): null

2019-12-09 00:59:54 - [TEST_STEP][PASSED] - click(findTestObject("mobileSanity/HBI/Page_App Page 1/a_Continue to Step 2 - Payment")): Object: 'Object Repository/mobileSanity/HBI/Page_App Page 1/a_Continue to Step 2 - Payment' is clicked on

2019-12-09 00:59:54 - [MESSAGE][PASSED] - Object: 'Object Repository/mobileSanity/HBI/Page_App Page 1/a_Continue to Step 2 - Payment' is clicked on

2019-12-09 00:59:54 - [TEST_STEP][PASSED] - waitForPageLoad(20): Wait for page load successfully

2019-12-09 00:59:54 - [MESSAGE][PASSED] - Wait for page load successfully

2019-12-09 00:59:54 - [TEST_STEP][PASSED] - Thread.sleep(2000): null

2019-12-09 00:59:56 - [TEST_STEP][PASSED] - waitForElementVisible(findTestObject("mobileSanity/HBI/Page_App Page 2/input__credit-card-first"), 20): Object 'Object Repository/mobileSanity/HBI/Page_App Page 2/input__credit-card-first' is visible

2019-12-09 00:59:56 - [MESSAGE][PASSED] - Object 'Object Repository/mobileSanity/HBI/Page_App Page 2/input__credit-card-first' is visible

2019-12-09 00:59:56 - [TEST_STEP][PASSED] - callTestCase(findTestCase("AHI/_include/get_screenshot"), [:], STOP_ON_FAILURE): Call Test Case 'Test Cases/AHI/_include/get_screenshot' successfully

2019-12-09 00:59:56 - [TEST_CASE][PASSED] - Test Cases/AHI/_include/get_screenshot: Test Cases/AHI/_include/get_screenshot

2019-12-09 00:59:56 - [TEST_STEP][PASSED] - takeScreenshot(screenPath + i + ".png"): Taking screenshot successfully

2019-12-09 00:59:57 - [MESSAGE][PASSED] - Taking screenshot successfully
[[ATTACHMENT|D:\\Test\\AgileTest\\Reports\\HIC\\hic\\20191209_004704\\../Screenshots/iPhone 6/HIC/HBI/Health Choice/20191209_005912/6.png]]

2019-12-09 00:59:57 - [TEST_STEP][PASSED] - (internal.GlobalVariable.i++): null

2019-12-09 00:59:57 - [MESSAGE][PASSED] - Call Test Case 'Test Cases/AHI/_include/get_screenshot' successfully

2019-12-09 00:59:57 - [TEST_STEP][PASSED] - setText(findTestObject("mobileSanity/HBI/Page_App Page 2/input__credit-card-first"), FirstName): Text 'Test-123' is set on object 'Object Repository/mobileSanity/HBI/Page_App Page 2/input__credit-card-first'

2019-12-09 00:59:57 - [MESSAGE][PASSED] - Text 'Test-123' is set on object 'Object Repository/mobileSanity/HBI/Page_App Page 2/input__credit-card-first'

2019-12-09 00:59:57 - [TEST_STEP][PASSED] - setText(findTestObject("mobileSanity/HBI/Page_App Page 2/input__credit-card-last"), LastName): Text 'ZZ11-ksrZpOdU' is set on object 'Object Repository/mobileSanity/HBI/Page_App Page 2/input__credit-card-last'

2019-12-09 00:59:57 - [MESSAGE][PASSED] - Text 'ZZ11-ksrZpOdU' is set on object 'Object Repository/mobileSanity/HBI/Page_App Page 2/input__credit-card-last'

2019-12-09 00:59:57 - [TEST_STEP][PASSED] - selectOptionByValue(findTestObject("mobileSanity/HBI/Page_App Page 2/select_MM010203040506070809101"), "12", true): All options with value '12' are selected in object 'Object Repository/mobileSanity/HBI/Page_App Page 2/select_MM010203040506070809101'  using regular expression

2019-12-09 00:59:57 - [MESSAGE][PASSED] - All options with value '12' are selected in object 'Object Repository/mobileSanity/HBI/Page_App Page 2/select_MM010203040506070809101'  using regular expression

2019-12-09 00:59:57 - [TEST_STEP][PASSED] - selectOptionByValue(findTestObject("mobileSanity/HBI/Page_App Page 2/select_YYYY2019202020212022202"), "2026", true): All options with value '2026' are selected in object 'Object Repository/mobileSanity/HBI/Page_App Page 2/select_YYYY2019202020212022202'  using regular expression

2019-12-09 00:59:58 - [MESSAGE][PASSED] - All options with value '2026' are selected in object 'Object Repository/mobileSanity/HBI/Page_App Page 2/select_YYYY2019202020212022202'  using regular expression

2019-12-09 00:59:58 - [TEST_STEP][PASSED] - setText(findTestObject("mobileSanity/HBI/Page_App Page 2/input__credit-card-number"), "4111111111111111"): Text '4111111111111111' is set on object 'Object Repository/mobileSanity/HBI/Page_App Page 2/input__credit-card-number'

2019-12-09 00:59:58 - [MESSAGE][PASSED] - Text '4111111111111111' is set on object 'Object Repository/mobileSanity/HBI/Page_App Page 2/input__credit-card-number'

2019-12-09 00:59:58 - [TEST_STEP][PASSED] - setText(findTestObject("mobileSanity/HBI/Page_App Page 2/input__cvv"), "123"): Text '123' is set on object 'Object Repository/mobileSanity/HBI/Page_App Page 2/input__cvv'

2019-12-09 00:59:58 - [MESSAGE][PASSED] - Text '123' is set on object 'Object Repository/mobileSanity/HBI/Page_App Page 2/input__cvv'

2019-12-09 00:59:58 - [TEST_STEP][PASSED] - click(findTestObject("mobileSanity/HBI/Page_App Page 2/label_My billing address is th")): Object: 'Object Repository/mobileSanity/HBI/Page_App Page 2/label_My billing address is th' is clicked on

2019-12-09 00:59:58 - [MESSAGE][PASSED] - Object: 'Object Repository/mobileSanity/HBI/Page_App Page 2/label_My billing address is th' is clicked on

2019-12-09 00:59:58 - [TEST_STEP][PASSED] - click(findTestObject("mobileSanity/HBI/Page_App Page 2/label_I Accept Authorization f")): Object: 'Object Repository/mobileSanity/HBI/Page_App Page 2/label_I Accept Authorization f' is clicked on

2019-12-09 00:59:58 - [MESSAGE][PASSED] - Object: 'Object Repository/mobileSanity/HBI/Page_App Page 2/label_I Accept Authorization f' is clicked on

2019-12-09 00:59:58 - [TEST_STEP][PASSED] - click(findTestObject("mobileSanity/HBI/Page_App Page 2/a_Continue to Step 3 - Review")): Object: 'Object Repository/mobileSanity/HBI/Page_App Page 2/a_Continue to Step 3 - Review' is clicked on

2019-12-09 00:59:58 - [MESSAGE][PASSED] - Object: 'Object Repository/mobileSanity/HBI/Page_App Page 2/a_Continue to Step 3 - Review' is clicked on

2019-12-09 00:59:58 - [TEST_STEP][PASSED] - waitForPageLoad(20): Wait for page load successfully

2019-12-09 00:59:58 - [MESSAGE][PASSED] - Wait for page load successfully

2019-12-09 00:59:58 - [TEST_STEP][PASSED] - Thread.sleep(10000): null

2019-12-09 01:00:08 - [TEST_STEP][PASSED] - waitForElementPresent(findTestObject("mobileSanity/HBI/Page_App Page 3/label"), 20): Object 'Object Repository/mobileSanity/HBI/Page_App Page 3/label' is present

2019-12-09 01:00:09 - [MESSAGE][PASSED] - Object 'Object Repository/mobileSanity/HBI/Page_App Page 3/label' is present

2019-12-09 01:00:09 - [TEST_STEP][PASSED] - callTestCase(findTestCase("AHI/_include/get_screenshot"), [:], STOP_ON_FAILURE): Call Test Case 'Test Cases/AHI/_include/get_screenshot' successfully

2019-12-09 01:00:09 - [TEST_CASE][PASSED] - Test Cases/AHI/_include/get_screenshot: Test Cases/AHI/_include/get_screenshot

2019-12-09 01:00:09 - [TEST_STEP][PASSED] - takeScreenshot(screenPath + i + ".png"): Taking screenshot successfully

2019-12-09 01:00:10 - [MESSAGE][PASSED] - Taking screenshot successfully
[[ATTACHMENT|D:\\Test\\AgileTest\\Reports\\HIC\\hic\\20191209_004704\\../Screenshots/iPhone 6/HIC/HBI/Health Choice/20191209_005912/7.png]]

2019-12-09 01:00:10 - [TEST_STEP][PASSED] - (internal.GlobalVariable.i++): null

2019-12-09 01:00:10 - [MESSAGE][PASSED] - Call Test Case 'Test Cases/AHI/_include/get_screenshot' successfully

2019-12-09 01:00:10 - [TEST_STEP][PASSED] - click(findTestObject("mobileSanity/HBI/Page_App Page 3/label")): Object: 'Object Repository/mobileSanity/HBI/Page_App Page 3/label' is clicked on

2019-12-09 01:00:10 - [MESSAGE][PASSED] - Object: 'Object Repository/mobileSanity/HBI/Page_App Page 3/label' is clicked on

2019-12-09 01:00:10 - [TEST_STEP][PASSED] - click(findTestObject("mobileSanity/HBI/Page_App Page 3/p_CLICK TO SIGN")): Object: 'Object Repository/mobileSanity/HBI/Page_App Page 3/p_CLICK TO SIGN' is clicked on

2019-12-09 01:00:10 - [MESSAGE][PASSED] - Object: 'Object Repository/mobileSanity/HBI/Page_App Page 3/p_CLICK TO SIGN' is clicked on

2019-12-09 01:00:10 - [TEST_STEP][PASSED] - click(findTestObject("mobileSanity/HBI/Page_App Page 3/a_Submit Your Application")): Object: 'Object Repository/mobileSanity/HBI/Page_App Page 3/a_Submit Your Application' is clicked on

2019-12-09 01:00:10 - [MESSAGE][PASSED] - Object: 'Object Repository/mobileSanity/HBI/Page_App Page 3/a_Submit Your Application' is clicked on

2019-12-09 01:00:10 - [TEST_STEP][PASSED] - Thread.sleep(30000): null

2019-12-09 01:00:40 - [TEST_STEP][PASSED] - callTestCase(findTestCase("AHI/_include/get_screenshot"), [:], STOP_ON_FAILURE): Call Test Case 'Test Cases/AHI/_include/get_screenshot' successfully

2019-12-09 01:00:40 - [TEST_CASE][PASSED] - Test Cases/AHI/_include/get_screenshot: Test Cases/AHI/_include/get_screenshot

2019-12-09 01:00:40 - [TEST_STEP][PASSED] - takeScreenshot(screenPath + i + ".png"): Taking screenshot successfully

2019-12-09 01:00:40 - [MESSAGE][PASSED] - Taking screenshot successfully
[[ATTACHMENT|D:\\Test\\AgileTest\\Reports\\HIC\\hic\\20191209_004704\\../Screenshots/iPhone 6/HIC/HBI/Health Choice/20191209_005912/8.png]]

2019-12-09 01:00:40 - [TEST_STEP][PASSED] - (internal.GlobalVariable.i++): null

2019-12-09 01:00:40 - [MESSAGE][PASSED] - Call Test Case 'Test Cases/AHI/_include/get_screenshot' successfully

2019-12-09 01:00:40 - [TEST_STEP][PASSED] - verifyTextPresent("Congratulations", false): Text 'Congratulations' is present on page 

2019-12-09 01:00:40 - [MESSAGE][PASSED] - Text 'Congratulations' is present on page 

2019-12-09 01:00:40 - [MESSAGE][PASSED] - Call Test Case 'Test Cases/AHI/_include/goToEnd_hbi' successfully]]></system-out>
         <system-err><![CDATA[]]></system-err>
      </testcase>
      <testcase name="Test Cases/HIC/HBI/Legion Limited Medical" classname="Test Cases/HIC/HBI/Legion Limited Medical" status="PASSED">
         <system-out><![CDATA[2019-12-09 01:00:40 - [TEST_CASE][PASSED] - Test Cases/HIC/HBI/Legion Limited Medical: Test Cases/HIC/HBI/Legion Limited Medical

2019-12-09 01:00:40 - [TEST_STEP][PASSED] - callTestCase(findTestCase("HIC/_include/get_hicScreenPath"), ["project":"HIC", "productLine":"HBI", "carrierName":"Legion Limited Medical"], CONTINUE_ON_FAILURE): Call Test Case 'Test Cases/HIC/_include/get_hicScreenPath' successfully

2019-12-09 01:00:41 - [TEST_CASE][PASSED] - Test Cases/HIC/_include/get_hicScreenPath: Test Cases/HIC/_include/get_hicScreenPath

2019-12-09 01:00:41 - [TEST_STEP][PASSED] - m = getExecutionProperties(): null

2019-12-09 01:00:41 - [TEST_STEP][PASSED] - deviceName = get("mobileEmulation").get("deviceName"): null

2019-12-09 01:00:41 - [TEST_STEP][PASSED] - println(deviceName): null

2019-12-09 01:00:41 - [TEST_STEP][PASSED] - now = new java.util.Date(): null

2019-12-09 01:00:41 - [TEST_STEP][PASSED] - mydate = now.format("yyyyMMdd_HHmmss"): null

2019-12-09 01:00:41 - [TEST_STEP][PASSED] - screenPath = "../Screenshots/": null

2019-12-09 01:00:41 - [TEST_STEP][PASSED] - screenPath = screenPath + deviceName + "/" + project + "/" + productLine + "/" + carrierName + "/" + mydate + "/": null

2019-12-09 01:00:41 - [TEST_STEP][PASSED] - println(screenPath): null

2019-12-09 01:00:41 - [MESSAGE][PASSED] - Call Test Case 'Test Cases/HIC/_include/get_hicScreenPath' successfully

2019-12-09 01:00:41 - [TEST_STEP][PASSED] - i = 0: null

2019-12-09 01:00:41 - [TEST_STEP][PASSED] - callTestCase(findTestCase("AHI/_include/openWebSite"), ["env":"https://qa.healthinsurance.com/"], CONTINUE_ON_FAILURE): Call Test Case 'Test Cases/AHI/_include/openWebSite' successfully

2019-12-09 01:00:41 - [TEST_CASE][PASSED] - Test Cases/AHI/_include/openWebSite: Test Cases/AHI/_include/openWebSite

2019-12-09 01:00:41 - [TEST_STEP][PASSED] - openBrowser(env): Browser is opened with url: 'https://qa.healthinsurance.com/'

2019-12-09 01:00:41 - [MESSAGE][WARNING] - A browser is already opened. Closing browser and opening a new one

2019-12-09 01:00:42 - [MESSAGE][INFO] - Starting 'Chrome' driver

2019-12-09 01:00:42 - [MESSAGE][INFO] - User set preference: ['mobileEmulation', '{deviceName=iPhone 6}']

2019-12-09 01:00:42 - [MESSAGE][INFO] - User set preference: ['args', '[--incognito, --aggressive-cache-discard, --window-size=375,677, --no-sandbox]']

2019-12-09 01:00:44 - [MESSAGE][PASSED] - Browser is opened with url: 'https://qa.healthinsurance.com/'

2019-12-09 01:00:44 - [TEST_STEP][PASSED] - waitForPageLoad(20): Wait for page load successfully

2019-12-09 01:00:44 - [MESSAGE][PASSED] - Wait for page load successfully

2019-12-09 01:00:44 - [TEST_STEP][PASSED] - callTestCase(findTestCase("AHI/_include/get_screenshot"), [:], STOP_ON_FAILURE): Call Test Case 'Test Cases/AHI/_include/get_screenshot' successfully

2019-12-09 01:00:44 - [TEST_CASE][PASSED] - Test Cases/AHI/_include/get_screenshot: Test Cases/AHI/_include/get_screenshot

2019-12-09 01:00:44 - [TEST_STEP][PASSED] - takeScreenshot(screenPath + i + ".png"): Taking screenshot successfully

2019-12-09 01:00:44 - [MESSAGE][PASSED] - Taking screenshot successfully
[[ATTACHMENT|D:\\Test\\AgileTest\\Reports\\HIC\\hic\\20191209_004704\\../Screenshots/iPhone 6/HIC/HBI/Legion Limited Medical/20191209_010041/0.png]]

2019-12-09 01:00:44 - [TEST_STEP][PASSED] - (internal.GlobalVariable.i++): null

2019-12-09 01:00:44 - [MESSAGE][PASSED] - Call Test Case 'Test Cases/AHI/_include/get_screenshot' successfully

2019-12-09 01:00:44 - [MESSAGE][PASSED] - Call Test Case 'Test Cases/AHI/_include/openWebSite' successfully

2019-12-09 01:00:44 - [TEST_STEP][PASSED] - click(findTestObject("hic/nav/navButton")): Object: 'Object Repository/hic/nav/navButton' is clicked on

2019-12-09 01:00:44 - [MESSAGE][PASSED] - Object: 'Object Repository/hic/nav/navButton' is clicked on

2019-12-09 01:00:44 - [TEST_STEP][PASSED] - Thread.sleep(2000): null

2019-12-09 01:00:46 - [TEST_STEP][PASSED] - click(findTestObject("hic/nav/hbiLink")): Object: 'Object Repository/hic/nav/hbiLink' is clicked on

2019-12-09 01:00:46 - [MESSAGE][PASSED] - Object: 'Object Repository/hic/nav/hbiLink' is clicked on

2019-12-09 01:00:46 - [TEST_STEP][PASSED] - Thread.sleep(2000): null

2019-12-09 01:00:48 - [TEST_STEP][PASSED] - callTestCase(findTestCase("AHI/_include/get_screenshot"), [:], STOP_ON_FAILURE): Call Test Case 'Test Cases/AHI/_include/get_screenshot' successfully

2019-12-09 01:00:48 - [TEST_CASE][PASSED] - Test Cases/AHI/_include/get_screenshot: Test Cases/AHI/_include/get_screenshot

2019-12-09 01:00:48 - [TEST_STEP][PASSED] - takeScreenshot(screenPath + i + ".png"): Taking screenshot successfully

2019-12-09 01:00:49 - [MESSAGE][PASSED] - Taking screenshot successfully
[[ATTACHMENT|D:\\Test\\AgileTest\\Reports\\HIC\\hic\\20191209_004704\\../Screenshots/iPhone 6/HIC/HBI/Legion Limited Medical/20191209_010041/1.png]]

2019-12-09 01:00:49 - [TEST_STEP][PASSED] - (internal.GlobalVariable.i++): null

2019-12-09 01:00:49 - [MESSAGE][PASSED] - Call Test Case 'Test Cases/AHI/_include/get_screenshot' successfully

2019-12-09 01:00:49 - [TEST_STEP][PASSED] - callTestCase(findTestCase("HIC/_include/stm_census"), ["zipcode":"35215"], STOP_ON_FAILURE): Call Test Case 'Test Cases/HIC/_include/stm_census' successfully

2019-12-09 01:00:49 - [TEST_CASE][PASSED] - Test Cases/HIC/_include/stm_census: Test Cases/HIC/_include/stm_census

2019-12-09 01:00:49 - [TEST_STEP][PASSED] - setText(findTestObject("hic/stm/zip"), zipcode): Text '35215' is set on object 'Object Repository/hic/stm/zip'

2019-12-09 01:00:49 - [MESSAGE][PASSED] - Text '35215' is set on object 'Object Repository/hic/stm/zip'

2019-12-09 01:00:49 - [TEST_STEP][PASSED] - Thread.sleep(500): null

2019-12-09 01:00:50 - [TEST_STEP][PASSED] - setText(findTestObject("hic/stm/primaryDOB"), "03031987"): Text '03031987' is set on object 'Object Repository/hic/stm/primaryDOB'

2019-12-09 01:00:50 - [MESSAGE][PASSED] - Text '03031987' is set on object 'Object Repository/hic/stm/primaryDOB'

2019-12-09 01:00:50 - [TEST_STEP][PASSED] - click(findTestObject("hic/stm/female")): Object: 'Object Repository/hic/stm/female' is clicked on

2019-12-09 01:00:50 - [MESSAGE][PASSED] - Object: 'Object Repository/hic/stm/female' is clicked on

2019-12-09 01:00:50 - [TEST_STEP][PASSED] - Thread.sleep(3000): null

2019-12-09 01:00:53 - [TEST_STEP][PASSED] - click(findTestObject("hic/stm/submitButton")): Object: 'Object Repository/hic/stm/submitButton' is clicked on

2019-12-09 01:00:54 - [MESSAGE][PASSED] - Object: 'Object Repository/hic/stm/submitButton' is clicked on

2019-12-09 01:00:54 - [TEST_STEP][PASSED] - Thread.sleep(6000): null

2019-12-09 01:01:00 - [TEST_STEP][PASSED] - callTestCase(findTestCase("AHI/_include/get_screenshot"), [:], STOP_ON_FAILURE): Call Test Case 'Test Cases/AHI/_include/get_screenshot' successfully

2019-12-09 01:01:00 - [TEST_CASE][PASSED] - Test Cases/AHI/_include/get_screenshot: Test Cases/AHI/_include/get_screenshot

2019-12-09 01:01:00 - [TEST_STEP][PASSED] - takeScreenshot(screenPath + i + ".png"): Taking screenshot successfully

2019-12-09 01:01:01 - [MESSAGE][PASSED] - Taking screenshot successfully
[[ATTACHMENT|D:\\Test\\AgileTest\\Reports\\HIC\\hic\\20191209_004704\\../Screenshots/iPhone 6/HIC/HBI/Legion Limited Medical/20191209_010041/2.png]]

2019-12-09 01:01:01 - [TEST_STEP][PASSED] - (internal.GlobalVariable.i++): null

2019-12-09 01:01:01 - [MESSAGE][PASSED] - Call Test Case 'Test Cases/AHI/_include/get_screenshot' successfully

2019-12-09 01:01:01 - [TEST_STEP][PASSED] - Thread.sleep(1000): null

2019-12-09 01:01:02 - [MESSAGE][PASSED] - Call Test Case 'Test Cases/HIC/_include/stm_census' successfully

2019-12-09 01:01:02 - [TEST_STEP][PASSED] - click(findTestObject("mobileSanity/HBI/quote/a_Legion Limited Medical 500")): Object: 'Object Repository/mobileSanity/HBI/quote/a_Legion Limited Medical 500' is clicked on

2019-12-09 01:01:02 - [MESSAGE][PASSED] - Object: 'Object Repository/mobileSanity/HBI/quote/a_Legion Limited Medical 500' is clicked on

2019-12-09 01:01:02 - [TEST_STEP][PASSED] - waitForPageLoad(20): Wait for page load successfully

2019-12-09 01:01:02 - [MESSAGE][PASSED] - Wait for page load successfully

2019-12-09 01:01:02 - [TEST_STEP][PASSED] - callTestCase(findTestCase("AHI/_include/get_screenshot"), [:], STOP_ON_FAILURE): Call Test Case 'Test Cases/AHI/_include/get_screenshot' successfully

2019-12-09 01:01:02 - [TEST_CASE][PASSED] - Test Cases/AHI/_include/get_screenshot: Test Cases/AHI/_include/get_screenshot

2019-12-09 01:01:02 - [TEST_STEP][PASSED] - takeScreenshot(screenPath + i + ".png"): Taking screenshot successfully

2019-12-09 01:01:03 - [MESSAGE][PASSED] - Taking screenshot successfully
[[ATTACHMENT|D:\\Test\\AgileTest\\Reports\\HIC\\hic\\20191209_004704\\../Screenshots/iPhone 6/HIC/HBI/Legion Limited Medical/20191209_010041/3.png]]

2019-12-09 01:01:03 - [TEST_STEP][PASSED] - (internal.GlobalVariable.i++): null

2019-12-09 01:01:03 - [MESSAGE][PASSED] - Call Test Case 'Test Cases/AHI/_include/get_screenshot' successfully

2019-12-09 01:01:03 - [TEST_STEP][PASSED] - click(findTestObject("mobileSanity/HBI/detail/a_Apply for This Plan")): Object: 'Object Repository/mobileSanity/HBI/detail/a_Apply for This Plan' is clicked on

2019-12-09 01:01:03 - [MESSAGE][PASSED] - Object: 'Object Repository/mobileSanity/HBI/detail/a_Apply for This Plan' is clicked on

2019-12-09 01:01:03 - [TEST_STEP][PASSED] - waitForPageLoad(20): Wait for page load successfully

2019-12-09 01:01:03 - [MESSAGE][PASSED] - Wait for page load successfully

2019-12-09 01:01:03 - [TEST_STEP][PASSED] - callTestCase(findTestCase("AHI/_include/get_screenshot"), [:], STOP_ON_FAILURE): Call Test Case 'Test Cases/AHI/_include/get_screenshot' successfully

2019-12-09 01:01:03 - [TEST_CASE][PASSED] - Test Cases/AHI/_include/get_screenshot: Test Cases/AHI/_include/get_screenshot

2019-12-09 01:01:03 - [TEST_STEP][PASSED] - takeScreenshot(screenPath + i + ".png"): Taking screenshot successfully

2019-12-09 01:01:04 - [MESSAGE][PASSED] - Taking screenshot successfully
[[ATTACHMENT|D:\\Test\\AgileTest\\Reports\\HIC\\hic\\20191209_004704\\../Screenshots/iPhone 6/HIC/HBI/Legion Limited Medical/20191209_010041/4.png]]

2019-12-09 01:01:04 - [TEST_STEP][PASSED] - (internal.GlobalVariable.i++): null

2019-12-09 01:01:04 - [MESSAGE][PASSED] - Call Test Case 'Test Cases/AHI/_include/get_screenshot' successfully

2019-12-09 01:01:04 - [TEST_STEP][PASSED] - click(findTestObject("mobileSanity/HBI/Page_Apply/span_Start Secure Application")): Object: 'Object Repository/mobileSanity/HBI/Page_Apply/span_Start Secure Application' is clicked on

2019-12-09 01:01:04 - [MESSAGE][PASSED] - Object: 'Object Repository/mobileSanity/HBI/Page_Apply/span_Start Secure Application' is clicked on

2019-12-09 01:01:04 - [TEST_STEP][PASSED] - waitForPageLoad(20): Wait for page load successfully

2019-12-09 01:01:05 - [MESSAGE][PASSED] - Wait for page load successfully

2019-12-09 01:01:05 - [TEST_STEP][PASSED] - Thread.sleep(5000): null

2019-12-09 01:01:10 - [TEST_STEP][PASSED] - callTestCase(findTestCase("AHI/_include/get_screenshot"), [:], STOP_ON_FAILURE): Call Test Case 'Test Cases/AHI/_include/get_screenshot' successfully

2019-12-09 01:01:10 - [TEST_CASE][PASSED] - Test Cases/AHI/_include/get_screenshot: Test Cases/AHI/_include/get_screenshot

2019-12-09 01:01:10 - [TEST_STEP][PASSED] - takeScreenshot(screenPath + i + ".png"): Taking screenshot successfully

2019-12-09 01:01:10 - [MESSAGE][PASSED] - Taking screenshot successfully
[[ATTACHMENT|D:\\Test\\AgileTest\\Reports\\HIC\\hic\\20191209_004704\\../Screenshots/iPhone 6/HIC/HBI/Legion Limited Medical/20191209_010041/5.png]]

2019-12-09 01:01:10 - [TEST_STEP][PASSED] - (internal.GlobalVariable.i++): null

2019-12-09 01:01:10 - [MESSAGE][PASSED] - Call Test Case 'Test Cases/AHI/_include/get_screenshot' successfully

2019-12-09 01:01:10 - [TEST_STEP][PASSED] - callTestCase(findTestCase("AHI/_include/goToEnd_hbi"), ["carrier":"legionlimitedmedical"], CONTINUE_ON_FAILURE): Call Test Case 'Test Cases/AHI/_include/goToEnd_hbi' successfully

2019-12-09 01:01:10 - [TEST_CASE][PASSED] - Test Cases/AHI/_include/goToEnd_hbi: Test Cases/AHI/_include/goToEnd_hbi

2019-12-09 01:01:10 - [TEST_STEP][PASSED] - if (state == "ca"): null

2019-12-09 01:01:10 - [TEST_STEP][PASSED] - callTestCase(findTestCase("AHI/_include/name"), [:], CONTINUE_ON_FAILURE): Call Test Case 'Test Cases/AHI/_include/name' successfully

2019-12-09 01:01:11 - [TEST_CASE][PASSED] - Test Cases/AHI/_include/name: Test Cases/AHI/_include/name

2019-12-09 01:01:11 - [TEST_STEP][PASSED] - driver = getWebDriver(): null

2019-12-09 01:01:11 - [TEST_STEP][PASSED] - selenium = new com.thoughtworks.selenium.webdriven.WebDriverBackedSelenium(driver, internal.GlobalVariable.ENV): null

2019-12-09 01:01:11 - [TEST_STEP][PASSED] - FirstName = "Test-123": null

2019-12-09 01:01:11 - [TEST_STEP][PASSED] - LastName = selenium.getEval("{var x="ABCDEFGHIJKLMNOPQRSTUVWXYZabcdefghijklmnopqrstuvwxyz"; var tmp="ZZ11-"; for (i=0;i<8;i++) tmp+=x.charAt(Math.ceil(51*Math.random()));tmp;}"): null

2019-12-09 01:01:11 - [TEST_STEP][PASSED] - Address = selenium.getEval("{var x="ABCDEFGHIJKLMNOPQRSTUVWXYZabcdefghijklmnopqrstuvwxyz"; var tmp=""; for (i=0;i<8;i++) tmp+=x.charAt(Math.ceil(51*Math.random()));tmp;}"): null

2019-12-09 01:01:11 - [TEST_STEP][PASSED] - City = selenium.getEval("{var x="ABCDEFGHIJKLMNOPQRSTUVWXYZabcdefghijklmnopqrstuvwxyz"; var tmp=""; for (i=0;i<8;i++) tmp+=x.charAt(Math.ceil(51*Math.random()));tmp;}"): null

2019-12-09 01:01:11 - [TEST_STEP][PASSED] - tel1 = selenium.getEval("{var x="123456789"; var tmp=""; for (i=0;i<3;i++) tmp+=x.charAt(Math.ceil(8*Math.random()));tmp;}"): null

2019-12-09 01:01:11 - [TEST_STEP][PASSED] - tel2 = selenium.getEval("{var x="123456789"; var tmp=""; for (i=0;i<3;i++) tmp+=x.charAt(Math.ceil(8*Math.random()));tmp;}"): null

2019-12-09 01:01:11 - [TEST_STEP][PASSED] - tel3 = selenium.getEval("{var x="123456789"; var tmp=""; for (i=0;i<4;i++) tmp+=x.charAt(Math.ceil(8*Math.random()));tmp;}"): null

2019-12-09 01:01:11 - [TEST_STEP][PASSED] - Tel = selenium.getExpression(tel1 + "-" + tel2 + "-" + tel3): null

2019-12-09 01:01:11 - [TEST_STEP][PASSED] - AutoEmail = selenium.getEval("{var x="ABCDEFGHIJKLMNOPQRSTUVWXYZabcdefghijklmnopqrstuvwxyz"; var tmp="test."; for (i=0;i<8;i++) tmp+=x.charAt(Math.ceil(51*Math.random()));tmp+="@suryani.cn";}"): null

2019-12-09 01:01:11 - [TEST_STEP][PASSED] - FirstName = FirstName: null

2019-12-09 01:01:11 - [TEST_STEP][PASSED] - LastName = LastName: null

2019-12-09 01:01:11 - [TEST_STEP][PASSED] - Address = Address: null

2019-12-09 01:01:11 - [TEST_STEP][PASSED] - City = City: null

2019-12-09 01:01:11 - [TEST_STEP][PASSED] - Tel = Tel: null

2019-12-09 01:01:11 - [TEST_STEP][PASSED] - AutoEmail = AutoEmail: null

2019-12-09 01:01:11 - [TEST_STEP][PASSED] - println(FirstName): null

2019-12-09 01:01:11 - [TEST_STEP][PASSED] - println(LastName): null

2019-12-09 01:01:11 - [TEST_STEP][PASSED] - println(Address): null

2019-12-09 01:01:11 - [TEST_STEP][PASSED] - println(City): null

2019-12-09 01:01:11 - [TEST_STEP][PASSED] - println(Tel): null

2019-12-09 01:01:11 - [TEST_STEP][PASSED] - println(AutoEmail): null

2019-12-09 01:01:11 - [MESSAGE][PASSED] - Call Test Case 'Test Cases/AHI/_include/name' successfully

2019-12-09 01:01:11 - [TEST_STEP][PASSED] - setText(findTestObject("mobileSanity/HBI/Page_App Page 1/input__member-P-1-firstName"), FirstName): Text 'Test-123' is set on object 'Object Repository/mobileSanity/HBI/Page_App Page 1/input__member-P-1-firstName'

2019-12-09 01:01:11 - [MESSAGE][PASSED] - Text 'Test-123' is set on object 'Object Repository/mobileSanity/HBI/Page_App Page 1/input__member-P-1-firstName'

2019-12-09 01:01:11 - [TEST_STEP][PASSED] - setText(findTestObject("mobileSanity/HBI/Page_App Page 1/input__member-P-1-lastName"), LastName): Text 'ZZ11-nVyVSMMc' is set on object 'Object Repository/mobileSanity/HBI/Page_App Page 1/input__member-P-1-lastName'

2019-12-09 01:01:11 - [MESSAGE][PASSED] - Text 'ZZ11-nVyVSMMc' is set on object 'Object Repository/mobileSanity/HBI/Page_App Page 1/input__member-P-1-lastName'

2019-12-09 01:01:11 - [TEST_STEP][PASSED] - if (carrier == "agileone" || carrier == "agilesecure"): null

2019-12-09 01:01:11 - [TEST_STEP][PASSED] - setText(findTestObject("mobileSanity/HBI/Page_App Page 1/input__address"), Address): Text 'HJvKEDQc' is set on object 'Object Repository/mobileSanity/HBI/Page_App Page 1/input__address'

2019-12-09 01:01:12 - [MESSAGE][PASSED] - Text 'HJvKEDQc' is set on object 'Object Repository/mobileSanity/HBI/Page_App Page 1/input__address'

2019-12-09 01:01:12 - [TEST_STEP][PASSED] - setText(findTestObject("mobileSanity/HBI/Page_App Page 1/input__city"), City): Text 'IrgNgfST' is set on object 'Object Repository/mobileSanity/HBI/Page_App Page 1/input__city'

2019-12-09 01:01:12 - [MESSAGE][PASSED] - Text 'IrgNgfST' is set on object 'Object Repository/mobileSanity/HBI/Page_App Page 1/input__city'

2019-12-09 01:01:12 - [TEST_STEP][PASSED] - setText(findTestObject("mobileSanity/HBI/Page_App Page 1/input__email"), AutoEmail): Text 'test.YpjqFHZu@suryani.cn' is set on object 'Object Repository/mobileSanity/HBI/Page_App Page 1/input__email'

2019-12-09 01:01:12 - [MESSAGE][PASSED] - Text 'test.YpjqFHZu@suryani.cn' is set on object 'Object Repository/mobileSanity/HBI/Page_App Page 1/input__email'

2019-12-09 01:01:12 - [TEST_STEP][PASSED] - setText(findTestObject("mobileSanity/HBI/Page_App Page 1/input_tel"), Tel): Text '324-695-2995' is set on object 'Object Repository/mobileSanity/HBI/Page_App Page 1/input_tel'

2019-12-09 01:01:12 - [MESSAGE][PASSED] - Text '324-695-2995' is set on object 'Object Repository/mobileSanity/HBI/Page_App Page 1/input_tel'

2019-12-09 01:01:12 - [TEST_STEP][PASSED] - Thread.sleep(5000): null

2019-12-09 01:01:17 - [TEST_STEP][PASSED] - click(findTestObject("mobileSanity/HBI/Page_App Page 1/a_Continue to Step 2 - Payment")): Object: 'Object Repository/mobileSanity/HBI/Page_App Page 1/a_Continue to Step 2 - Payment' is clicked on

2019-12-09 01:01:17 - [MESSAGE][PASSED] - Object: 'Object Repository/mobileSanity/HBI/Page_App Page 1/a_Continue to Step 2 - Payment' is clicked on

2019-12-09 01:01:17 - [TEST_STEP][PASSED] - waitForPageLoad(20): Wait for page load successfully

2019-12-09 01:01:18 - [MESSAGE][PASSED] - Wait for page load successfully

2019-12-09 01:01:18 - [TEST_STEP][PASSED] - Thread.sleep(2000): null

2019-12-09 01:01:20 - [TEST_STEP][PASSED] - waitForElementVisible(findTestObject("mobileSanity/HBI/Page_App Page 2/input__credit-card-first"), 20): Object 'Object Repository/mobileSanity/HBI/Page_App Page 2/input__credit-card-first' is visible

2019-12-09 01:01:20 - [MESSAGE][PASSED] - Object 'Object Repository/mobileSanity/HBI/Page_App Page 2/input__credit-card-first' is visible

2019-12-09 01:01:20 - [TEST_STEP][PASSED] - callTestCase(findTestCase("AHI/_include/get_screenshot"), [:], STOP_ON_FAILURE): Call Test Case 'Test Cases/AHI/_include/get_screenshot' successfully

2019-12-09 01:01:20 - [TEST_CASE][PASSED] - Test Cases/AHI/_include/get_screenshot: Test Cases/AHI/_include/get_screenshot

2019-12-09 01:01:20 - [TEST_STEP][PASSED] - takeScreenshot(screenPath + i + ".png"): Taking screenshot successfully

2019-12-09 01:01:20 - [MESSAGE][PASSED] - Taking screenshot successfully
[[ATTACHMENT|D:\\Test\\AgileTest\\Reports\\HIC\\hic\\20191209_004704\\../Screenshots/iPhone 6/HIC/HBI/Legion Limited Medical/20191209_010041/6.png]]

2019-12-09 01:01:20 - [TEST_STEP][PASSED] - (internal.GlobalVariable.i++): null

2019-12-09 01:01:20 - [MESSAGE][PASSED] - Call Test Case 'Test Cases/AHI/_include/get_screenshot' successfully

2019-12-09 01:01:20 - [TEST_STEP][PASSED] - setText(findTestObject("mobileSanity/HBI/Page_App Page 2/input__credit-card-first"), FirstName): Text 'Test-123' is set on object 'Object Repository/mobileSanity/HBI/Page_App Page 2/input__credit-card-first'

2019-12-09 01:01:20 - [MESSAGE][PASSED] - Text 'Test-123' is set on object 'Object Repository/mobileSanity/HBI/Page_App Page 2/input__credit-card-first'

2019-12-09 01:01:20 - [TEST_STEP][PASSED] - setText(findTestObject("mobileSanity/HBI/Page_App Page 2/input__credit-card-last"), LastName): Text 'ZZ11-nVyVSMMc' is set on object 'Object Repository/mobileSanity/HBI/Page_App Page 2/input__credit-card-last'

2019-12-09 01:01:21 - [MESSAGE][PASSED] - Text 'ZZ11-nVyVSMMc' is set on object 'Object Repository/mobileSanity/HBI/Page_App Page 2/input__credit-card-last'

2019-12-09 01:01:21 - [TEST_STEP][PASSED] - selectOptionByValue(findTestObject("mobileSanity/HBI/Page_App Page 2/select_MM010203040506070809101"), "12", true): All options with value '12' are selected in object 'Object Repository/mobileSanity/HBI/Page_App Page 2/select_MM010203040506070809101'  using regular expression

2019-12-09 01:01:21 - [MESSAGE][PASSED] - All options with value '12' are selected in object 'Object Repository/mobileSanity/HBI/Page_App Page 2/select_MM010203040506070809101'  using regular expression

2019-12-09 01:01:21 - [TEST_STEP][PASSED] - selectOptionByValue(findTestObject("mobileSanity/HBI/Page_App Page 2/select_YYYY2019202020212022202"), "2026", true): All options with value '2026' are selected in object 'Object Repository/mobileSanity/HBI/Page_App Page 2/select_YYYY2019202020212022202'  using regular expression

2019-12-09 01:01:21 - [MESSAGE][PASSED] - All options with value '2026' are selected in object 'Object Repository/mobileSanity/HBI/Page_App Page 2/select_YYYY2019202020212022202'  using regular expression

2019-12-09 01:01:21 - [TEST_STEP][PASSED] - setText(findTestObject("mobileSanity/HBI/Page_App Page 2/input__credit-card-number"), "4111111111111111"): Text '4111111111111111' is set on object 'Object Repository/mobileSanity/HBI/Page_App Page 2/input__credit-card-number'

2019-12-09 01:01:22 - [MESSAGE][PASSED] - Text '4111111111111111' is set on object 'Object Repository/mobileSanity/HBI/Page_App Page 2/input__credit-card-number'

2019-12-09 01:01:22 - [TEST_STEP][PASSED] - setText(findTestObject("mobileSanity/HBI/Page_App Page 2/input__cvv"), "123"): Text '123' is set on object 'Object Repository/mobileSanity/HBI/Page_App Page 2/input__cvv'

2019-12-09 01:01:22 - [MESSAGE][PASSED] - Text '123' is set on object 'Object Repository/mobileSanity/HBI/Page_App Page 2/input__cvv'

2019-12-09 01:01:22 - [TEST_STEP][PASSED] - click(findTestObject("mobileSanity/HBI/Page_App Page 2/label_My billing address is th")): Object: 'Object Repository/mobileSanity/HBI/Page_App Page 2/label_My billing address is th' is clicked on

2019-12-09 01:01:22 - [MESSAGE][PASSED] - Object: 'Object Repository/mobileSanity/HBI/Page_App Page 2/label_My billing address is th' is clicked on

2019-12-09 01:01:22 - [TEST_STEP][PASSED] - click(findTestObject("mobileSanity/HBI/Page_App Page 2/label_I Accept Authorization f")): Object: 'Object Repository/mobileSanity/HBI/Page_App Page 2/label_I Accept Authorization f' is clicked on

2019-12-09 01:01:22 - [MESSAGE][PASSED] - Object: 'Object Repository/mobileSanity/HBI/Page_App Page 2/label_I Accept Authorization f' is clicked on

2019-12-09 01:01:22 - [TEST_STEP][PASSED] - click(findTestObject("mobileSanity/HBI/Page_App Page 2/a_Continue to Step 3 - Review")): Object: 'Object Repository/mobileSanity/HBI/Page_App Page 2/a_Continue to Step 3 - Review' is clicked on

2019-12-09 01:01:22 - [MESSAGE][PASSED] - Object: 'Object Repository/mobileSanity/HBI/Page_App Page 2/a_Continue to Step 3 - Review' is clicked on

2019-12-09 01:01:22 - [TEST_STEP][PASSED] - waitForPageLoad(20): Wait for page load successfully

2019-12-09 01:01:22 - [MESSAGE][PASSED] - Wait for page load successfully

2019-12-09 01:01:22 - [TEST_STEP][PASSED] - Thread.sleep(10000): null

2019-12-09 01:01:32 - [TEST_STEP][PASSED] - waitForElementPresent(findTestObject("mobileSanity/HBI/Page_App Page 3/label"), 20): Object 'Object Repository/mobileSanity/HBI/Page_App Page 3/label' is present

2019-12-09 01:01:33 - [MESSAGE][PASSED] - Object 'Object Repository/mobileSanity/HBI/Page_App Page 3/label' is present

2019-12-09 01:01:33 - [TEST_STEP][PASSED] - callTestCase(findTestCase("AHI/_include/get_screenshot"), [:], STOP_ON_FAILURE): Call Test Case 'Test Cases/AHI/_include/get_screenshot' successfully

2019-12-09 01:01:33 - [TEST_CASE][PASSED] - Test Cases/AHI/_include/get_screenshot: Test Cases/AHI/_include/get_screenshot

2019-12-09 01:01:33 - [TEST_STEP][PASSED] - takeScreenshot(screenPath + i + ".png"): Taking screenshot successfully

2019-12-09 01:01:33 - [MESSAGE][PASSED] - Taking screenshot successfully
[[ATTACHMENT|D:\\Test\\AgileTest\\Reports\\HIC\\hic\\20191209_004704\\../Screenshots/iPhone 6/HIC/HBI/Legion Limited Medical/20191209_010041/7.png]]

2019-12-09 01:01:33 - [TEST_STEP][PASSED] - (internal.GlobalVariable.i++): null

2019-12-09 01:01:33 - [MESSAGE][PASSED] - Call Test Case 'Test Cases/AHI/_include/get_screenshot' successfully

2019-12-09 01:01:33 - [TEST_STEP][PASSED] - click(findTestObject("mobileSanity/HBI/Page_App Page 3/label")): Object: 'Object Repository/mobileSanity/HBI/Page_App Page 3/label' is clicked on

2019-12-09 01:01:33 - [MESSAGE][PASSED] - Object: 'Object Repository/mobileSanity/HBI/Page_App Page 3/label' is clicked on

2019-12-09 01:01:33 - [TEST_STEP][PASSED] - click(findTestObject("mobileSanity/HBI/Page_App Page 3/p_CLICK TO SIGN")): Object: 'Object Repository/mobileSanity/HBI/Page_App Page 3/p_CLICK TO SIGN' is clicked on

2019-12-09 01:01:33 - [MESSAGE][PASSED] - Object: 'Object Repository/mobileSanity/HBI/Page_App Page 3/p_CLICK TO SIGN' is clicked on

2019-12-09 01:01:33 - [TEST_STEP][PASSED] - click(findTestObject("mobileSanity/HBI/Page_App Page 3/a_Submit Your Application")): Object: 'Object Repository/mobileSanity/HBI/Page_App Page 3/a_Submit Your Application' is clicked on

2019-12-09 01:01:33 - [MESSAGE][PASSED] - Object: 'Object Repository/mobileSanity/HBI/Page_App Page 3/a_Submit Your Application' is clicked on

2019-12-09 01:01:33 - [TEST_STEP][PASSED] - Thread.sleep(30000): null

2019-12-09 01:02:03 - [TEST_STEP][PASSED] - callTestCase(findTestCase("AHI/_include/get_screenshot"), [:], STOP_ON_FAILURE): Call Test Case 'Test Cases/AHI/_include/get_screenshot' successfully

2019-12-09 01:02:03 - [TEST_CASE][PASSED] - Test Cases/AHI/_include/get_screenshot: Test Cases/AHI/_include/get_screenshot

2019-12-09 01:02:03 - [TEST_STEP][PASSED] - takeScreenshot(screenPath + i + ".png"): Taking screenshot successfully

2019-12-09 01:02:04 - [MESSAGE][PASSED] - Taking screenshot successfully
[[ATTACHMENT|D:\\Test\\AgileTest\\Reports\\HIC\\hic\\20191209_004704\\../Screenshots/iPhone 6/HIC/HBI/Legion Limited Medical/20191209_010041/8.png]]

2019-12-09 01:02:04 - [TEST_STEP][PASSED] - (internal.GlobalVariable.i++): null

2019-12-09 01:02:04 - [MESSAGE][PASSED] - Call Test Case 'Test Cases/AHI/_include/get_screenshot' successfully

2019-12-09 01:02:04 - [TEST_STEP][PASSED] - verifyTextPresent("Congratulations", false): Text 'Congratulations' is present on page 

2019-12-09 01:02:04 - [MESSAGE][PASSED] - Text 'Congratulations' is present on page 

2019-12-09 01:02:04 - [MESSAGE][PASSED] - Call Test Case 'Test Cases/AHI/_include/goToEnd_hbi' successfully]]></system-out>
         <system-err><![CDATA[]]></system-err>
      </testcase>
      <testcase name="Test Cases/HIC/HBI/Vitala Care" classname="Test Cases/HIC/HBI/Vitala Care" status="PASSED">
         <system-out><![CDATA[2019-12-09 01:02:04 - [TEST_CASE][PASSED] - Test Cases/HIC/HBI/Vitala Care: Test Cases/HIC/HBI/Vitala Care

2019-12-09 01:02:04 - [TEST_STEP][PASSED] - callTestCase(findTestCase("HIC/_include/get_hicScreenPath"), ["project":"HIC", "productLine":"HBI", "carrierName":"Vitala Care"], CONTINUE_ON_FAILURE): Call Test Case 'Test Cases/HIC/_include/get_hicScreenPath' successfully

2019-12-09 01:02:04 - [TEST_CASE][PASSED] - Test Cases/HIC/_include/get_hicScreenPath: Test Cases/HIC/_include/get_hicScreenPath

2019-12-09 01:02:04 - [TEST_STEP][PASSED] - m = getExecutionProperties(): null

2019-12-09 01:02:04 - [TEST_STEP][PASSED] - deviceName = get("mobileEmulation").get("deviceName"): null

2019-12-09 01:02:04 - [TEST_STEP][PASSED] - println(deviceName): null

2019-12-09 01:02:04 - [TEST_STEP][PASSED] - now = new java.util.Date(): null

2019-12-09 01:02:04 - [TEST_STEP][PASSED] - mydate = now.format("yyyyMMdd_HHmmss"): null

2019-12-09 01:02:04 - [TEST_STEP][PASSED] - screenPath = "../Screenshots/": null

2019-12-09 01:02:04 - [TEST_STEP][PASSED] - screenPath = screenPath + deviceName + "/" + project + "/" + productLine + "/" + carrierName + "/" + mydate + "/": null

2019-12-09 01:02:04 - [TEST_STEP][PASSED] - println(screenPath): null

2019-12-09 01:02:04 - [MESSAGE][PASSED] - Call Test Case 'Test Cases/HIC/_include/get_hicScreenPath' successfully

2019-12-09 01:02:04 - [TEST_STEP][PASSED] - i = 0: null

2019-12-09 01:02:04 - [TEST_STEP][PASSED] - callTestCase(findTestCase("AHI/_include/openWebSite"), ["env":"https://qa.healthinsurance.com/"], CONTINUE_ON_FAILURE): Call Test Case 'Test Cases/AHI/_include/openWebSite' successfully

2019-12-09 01:02:04 - [TEST_CASE][PASSED] - Test Cases/AHI/_include/openWebSite: Test Cases/AHI/_include/openWebSite

2019-12-09 01:02:04 - [TEST_STEP][PASSED] - openBrowser(env): Browser is opened with url: 'https://qa.healthinsurance.com/'

2019-12-09 01:02:04 - [MESSAGE][WARNING] - A browser is already opened. Closing browser and opening a new one

2019-12-09 01:02:05 - [MESSAGE][INFO] - Starting 'Chrome' driver

2019-12-09 01:02:05 - [MESSAGE][INFO] - User set preference: ['mobileEmulation', '{deviceName=iPhone 6}']

2019-12-09 01:02:05 - [MESSAGE][INFO] - User set preference: ['args', '[--incognito, --aggressive-cache-discard, --window-size=375,677, --no-sandbox]']

2019-12-09 01:02:07 - [MESSAGE][PASSED] - Browser is opened with url: 'https://qa.healthinsurance.com/'

2019-12-09 01:02:07 - [TEST_STEP][PASSED] - waitForPageLoad(20): Wait for page load successfully

2019-12-09 01:02:07 - [MESSAGE][PASSED] - Wait for page load successfully

2019-12-09 01:02:07 - [TEST_STEP][PASSED] - callTestCase(findTestCase("AHI/_include/get_screenshot"), [:], STOP_ON_FAILURE): Call Test Case 'Test Cases/AHI/_include/get_screenshot' successfully

2019-12-09 01:02:07 - [TEST_CASE][PASSED] - Test Cases/AHI/_include/get_screenshot: Test Cases/AHI/_include/get_screenshot

2019-12-09 01:02:07 - [TEST_STEP][PASSED] - takeScreenshot(screenPath + i + ".png"): Taking screenshot successfully

2019-12-09 01:02:08 - [MESSAGE][PASSED] - Taking screenshot successfully
[[ATTACHMENT|D:\\Test\\AgileTest\\Reports\\HIC\\hic\\20191209_004704\\../Screenshots/iPhone 6/HIC/HBI/Vitala Care/20191209_010204/0.png]]

2019-12-09 01:02:08 - [TEST_STEP][PASSED] - (internal.GlobalVariable.i++): null

2019-12-09 01:02:08 - [MESSAGE][PASSED] - Call Test Case 'Test Cases/AHI/_include/get_screenshot' successfully

2019-12-09 01:02:08 - [MESSAGE][PASSED] - Call Test Case 'Test Cases/AHI/_include/openWebSite' successfully

2019-12-09 01:02:08 - [TEST_STEP][PASSED] - click(findTestObject("hic/nav/navButton")): Object: 'Object Repository/hic/nav/navButton' is clicked on

2019-12-09 01:02:08 - [MESSAGE][PASSED] - Object: 'Object Repository/hic/nav/navButton' is clicked on

2019-12-09 01:02:08 - [TEST_STEP][PASSED] - Thread.sleep(2000): null

2019-12-09 01:02:10 - [TEST_STEP][PASSED] - click(findTestObject("hic/nav/hbiLink")): Object: 'Object Repository/hic/nav/hbiLink' is clicked on

2019-12-09 01:02:10 - [MESSAGE][PASSED] - Object: 'Object Repository/hic/nav/hbiLink' is clicked on

2019-12-09 01:02:10 - [TEST_STEP][PASSED] - Thread.sleep(2000): null

2019-12-09 01:02:12 - [TEST_STEP][PASSED] - callTestCase(findTestCase("AHI/_include/get_screenshot"), [:], STOP_ON_FAILURE): Call Test Case 'Test Cases/AHI/_include/get_screenshot' successfully

2019-12-09 01:02:12 - [TEST_CASE][PASSED] - Test Cases/AHI/_include/get_screenshot: Test Cases/AHI/_include/get_screenshot

2019-12-09 01:02:12 - [TEST_STEP][PASSED] - takeScreenshot(screenPath + i + ".png"): Taking screenshot successfully

2019-12-09 01:02:13 - [MESSAGE][PASSED] - Taking screenshot successfully
[[ATTACHMENT|D:\\Test\\AgileTest\\Reports\\HIC\\hic\\20191209_004704\\../Screenshots/iPhone 6/HIC/HBI/Vitala Care/20191209_010204/1.png]]

2019-12-09 01:02:13 - [TEST_STEP][PASSED] - (internal.GlobalVariable.i++): null

2019-12-09 01:02:13 - [MESSAGE][PASSED] - Call Test Case 'Test Cases/AHI/_include/get_screenshot' successfully

2019-12-09 01:02:13 - [TEST_STEP][PASSED] - callTestCase(findTestCase("HIC/_include/stm_census"), ["zipcode":"90011"], STOP_ON_FAILURE): Call Test Case 'Test Cases/HIC/_include/stm_census' successfully

2019-12-09 01:02:13 - [TEST_CASE][PASSED] - Test Cases/HIC/_include/stm_census: Test Cases/HIC/_include/stm_census

2019-12-09 01:02:13 - [TEST_STEP][PASSED] - setText(findTestObject("hic/stm/zip"), zipcode): Text '90011' is set on object 'Object Repository/hic/stm/zip'

2019-12-09 01:02:13 - [MESSAGE][PASSED] - Text '90011' is set on object 'Object Repository/hic/stm/zip'

2019-12-09 01:02:13 - [TEST_STEP][PASSED] - Thread.sleep(500): null

2019-12-09 01:02:14 - [TEST_STEP][PASSED] - setText(findTestObject("hic/stm/primaryDOB"), "03031987"): Text '03031987' is set on object 'Object Repository/hic/stm/primaryDOB'

2019-12-09 01:02:14 - [MESSAGE][PASSED] - Text '03031987' is set on object 'Object Repository/hic/stm/primaryDOB'

2019-12-09 01:02:14 - [TEST_STEP][PASSED] - click(findTestObject("hic/stm/female")): Object: 'Object Repository/hic/stm/female' is clicked on

2019-12-09 01:02:14 - [MESSAGE][PASSED] - Object: 'Object Repository/hic/stm/female' is clicked on

2019-12-09 01:02:14 - [TEST_STEP][PASSED] - Thread.sleep(3000): null

2019-12-09 01:02:17 - [TEST_STEP][PASSED] - click(findTestObject("hic/stm/submitButton")): Object: 'Object Repository/hic/stm/submitButton' is clicked on

2019-12-09 01:02:21 - [MESSAGE][PASSED] - Object: 'Object Repository/hic/stm/submitButton' is clicked on

2019-12-09 01:02:21 - [TEST_STEP][PASSED] - Thread.sleep(6000): null

2019-12-09 01:02:27 - [TEST_STEP][PASSED] - callTestCase(findTestCase("AHI/_include/get_screenshot"), [:], STOP_ON_FAILURE): Call Test Case 'Test Cases/AHI/_include/get_screenshot' successfully

2019-12-09 01:02:27 - [TEST_CASE][PASSED] - Test Cases/AHI/_include/get_screenshot: Test Cases/AHI/_include/get_screenshot

2019-12-09 01:02:27 - [TEST_STEP][PASSED] - takeScreenshot(screenPath + i + ".png"): Taking screenshot successfully

2019-12-09 01:02:28 - [MESSAGE][PASSED] - Taking screenshot successfully
[[ATTACHMENT|D:\\Test\\AgileTest\\Reports\\HIC\\hic\\20191209_004704\\../Screenshots/iPhone 6/HIC/HBI/Vitala Care/20191209_010204/2.png]]

2019-12-09 01:02:28 - [TEST_STEP][PASSED] - (internal.GlobalVariable.i++): null

2019-12-09 01:02:28 - [MESSAGE][PASSED] - Call Test Case 'Test Cases/AHI/_include/get_screenshot' successfully

2019-12-09 01:02:28 - [TEST_STEP][PASSED] - Thread.sleep(1000): null

2019-12-09 01:02:29 - [MESSAGE][PASSED] - Call Test Case 'Test Cases/HIC/_include/stm_census' successfully

2019-12-09 01:02:29 - [TEST_STEP][PASSED] - Thread.sleep(5000): null

2019-12-09 01:02:34 - [TEST_STEP][PASSED] - scrollToPosition(200, 2300): Browser is scrolled to position x = 200, y = 2300

2019-12-09 01:02:34 - [MESSAGE][PASSED] - Browser is scrolled to position x = 200, y = 2300

2019-12-09 01:02:34 - [TEST_STEP][PASSED] - click(findTestObject("mobileSanity/HBI/quote/a_Vitala Care")): Object: 'Object Repository/mobileSanity/HBI/quote/a_Vitala Care' is clicked on

2019-12-09 01:02:36 - [MESSAGE][PASSED] - Object: 'Object Repository/mobileSanity/HBI/quote/a_Vitala Care' is clicked on

2019-12-09 01:02:36 - [TEST_STEP][PASSED] - waitForPageLoad(20): Wait for page load successfully

2019-12-09 01:02:37 - [MESSAGE][PASSED] - Wait for page load successfully

2019-12-09 01:02:37 - [TEST_STEP][PASSED] - callTestCase(findTestCase("AHI/_include/get_screenshot"), [:], STOP_ON_FAILURE): Call Test Case 'Test Cases/AHI/_include/get_screenshot' successfully

2019-12-09 01:02:37 - [TEST_CASE][PASSED] - Test Cases/AHI/_include/get_screenshot: Test Cases/AHI/_include/get_screenshot

2019-12-09 01:02:37 - [TEST_STEP][PASSED] - takeScreenshot(screenPath + i + ".png"): Taking screenshot successfully

2019-12-09 01:02:37 - [MESSAGE][PASSED] - Taking screenshot successfully
[[ATTACHMENT|D:\\Test\\AgileTest\\Reports\\HIC\\hic\\20191209_004704\\../Screenshots/iPhone 6/HIC/HBI/Vitala Care/20191209_010204/3.png]]

2019-12-09 01:02:37 - [TEST_STEP][PASSED] - (internal.GlobalVariable.i++): null

2019-12-09 01:02:37 - [MESSAGE][PASSED] - Call Test Case 'Test Cases/AHI/_include/get_screenshot' successfully

2019-12-09 01:02:37 - [TEST_STEP][PASSED] - click(findTestObject("mobileSanity/HBI/detail/a_Apply for This Plan")): Object: 'Object Repository/mobileSanity/HBI/detail/a_Apply for This Plan' is clicked on

2019-12-09 01:02:38 - [MESSAGE][PASSED] - Object: 'Object Repository/mobileSanity/HBI/detail/a_Apply for This Plan' is clicked on

2019-12-09 01:02:38 - [TEST_STEP][PASSED] - waitForPageLoad(20): Wait for page load successfully

2019-12-09 01:02:39 - [MESSAGE][PASSED] - Wait for page load successfully

2019-12-09 01:02:39 - [TEST_STEP][PASSED] - callTestCase(findTestCase("AHI/_include/get_screenshot"), [:], STOP_ON_FAILURE): Call Test Case 'Test Cases/AHI/_include/get_screenshot' successfully

2019-12-09 01:02:39 - [TEST_CASE][PASSED] - Test Cases/AHI/_include/get_screenshot: Test Cases/AHI/_include/get_screenshot

2019-12-09 01:02:39 - [TEST_STEP][PASSED] - takeScreenshot(screenPath + i + ".png"): Taking screenshot successfully

2019-12-09 01:02:40 - [MESSAGE][PASSED] - Taking screenshot successfully
[[ATTACHMENT|D:\\Test\\AgileTest\\Reports\\HIC\\hic\\20191209_004704\\../Screenshots/iPhone 6/HIC/HBI/Vitala Care/20191209_010204/4.png]]

2019-12-09 01:02:40 - [TEST_STEP][PASSED] - (internal.GlobalVariable.i++): null

2019-12-09 01:02:40 - [MESSAGE][PASSED] - Call Test Case 'Test Cases/AHI/_include/get_screenshot' successfully

2019-12-09 01:02:40 - [TEST_STEP][PASSED] - click(findTestObject("mobileSanity/HBI/Page_Apply/span_Start Secure Application")): Object: 'Object Repository/mobileSanity/HBI/Page_Apply/span_Start Secure Application' is clicked on

2019-12-09 01:02:42 - [MESSAGE][PASSED] - Object: 'Object Repository/mobileSanity/HBI/Page_Apply/span_Start Secure Application' is clicked on

2019-12-09 01:02:42 - [TEST_STEP][PASSED] - waitForPageLoad(20): Wait for page load successfully

2019-12-09 01:02:42 - [MESSAGE][PASSED] - Wait for page load successfully

2019-12-09 01:02:42 - [TEST_STEP][PASSED] - Thread.sleep(5000): null

2019-12-09 01:02:47 - [TEST_STEP][PASSED] - callTestCase(findTestCase("AHI/_include/get_screenshot"), [:], STOP_ON_FAILURE): Call Test Case 'Test Cases/AHI/_include/get_screenshot' successfully

2019-12-09 01:02:47 - [TEST_CASE][PASSED] - Test Cases/AHI/_include/get_screenshot: Test Cases/AHI/_include/get_screenshot

2019-12-09 01:02:47 - [TEST_STEP][PASSED] - takeScreenshot(screenPath + i + ".png"): Taking screenshot successfully

2019-12-09 01:02:48 - [MESSAGE][PASSED] - Taking screenshot successfully
[[ATTACHMENT|D:\\Test\\AgileTest\\Reports\\HIC\\hic\\20191209_004704\\../Screenshots/iPhone 6/HIC/HBI/Vitala Care/20191209_010204/5.png]]

2019-12-09 01:02:48 - [TEST_STEP][PASSED] - (internal.GlobalVariable.i++): null

2019-12-09 01:02:48 - [MESSAGE][PASSED] - Call Test Case 'Test Cases/AHI/_include/get_screenshot' successfully

2019-12-09 01:02:48 - [TEST_STEP][PASSED] - callTestCase(findTestCase("AHI/_include/goToEnd_hbi"), ["state":"ca", "carrier":"vitalacare"], CONTINUE_ON_FAILURE): Call Test Case 'Test Cases/AHI/_include/goToEnd_hbi' successfully

2019-12-09 01:02:48 - [TEST_CASE][PASSED] - Test Cases/AHI/_include/goToEnd_hbi: Test Cases/AHI/_include/goToEnd_hbi

2019-12-09 01:02:48 - [TEST_STEP][PASSED] - if (state == "ca"): Call Test Case 'Test Cases/AHI/_include/get_screenshot' successfully

2019-12-09 01:02:48 - [TEST_STEP][PASSED] - Thread.sleep(3000): null

2019-12-09 01:02:51 - [TEST_STEP][PASSED] - click(findTestObject("mobileSanity/HBI/Page_App Page 1/yes_question_1")): Object: 'Object Repository/mobileSanity/HBI/Page_App Page 1/yes_question_1' is clicked on

2019-12-09 01:02:51 - [MESSAGE][PASSED] - Object: 'Object Repository/mobileSanity/HBI/Page_App Page 1/yes_question_1' is clicked on

2019-12-09 01:02:51 - [TEST_STEP][PASSED] - click(findTestObject("mobileSanity/HBI/Page_App Page 1/continue_to_app_info")): Object: 'Object Repository/mobileSanity/HBI/Page_App Page 1/continue_to_app_info' is clicked on

2019-12-09 01:02:51 - [MESSAGE][PASSED] - Object: 'Object Repository/mobileSanity/HBI/Page_App Page 1/continue_to_app_info' is clicked on

2019-12-09 01:02:51 - [TEST_STEP][PASSED] - waitForPageLoad(20): Wait for page load successfully

2019-12-09 01:02:51 - [MESSAGE][PASSED] - Wait for page load successfully

2019-12-09 01:02:51 - [TEST_STEP][PASSED] - Thread.sleep(3000): null

2019-12-09 01:02:54 - [TEST_STEP][PASSED] - callTestCase(findTestCase("AHI/_include/get_screenshot"), [:], STOP_ON_FAILURE): Call Test Case 'Test Cases/AHI/_include/get_screenshot' successfully

2019-12-09 01:02:54 - [TEST_CASE][PASSED] - Test Cases/AHI/_include/get_screenshot: Test Cases/AHI/_include/get_screenshot

2019-12-09 01:02:54 - [TEST_STEP][PASSED] - takeScreenshot(screenPath + i + ".png"): Taking screenshot successfully

2019-12-09 01:02:55 - [MESSAGE][PASSED] - Taking screenshot successfully
[[ATTACHMENT|D:\\Test\\AgileTest\\Reports\\HIC\\hic\\20191209_004704\\../Screenshots/iPhone 6/HIC/HBI/Vitala Care/20191209_010204/6.png]]

2019-12-09 01:02:55 - [TEST_STEP][PASSED] - (internal.GlobalVariable.i++): null

2019-12-09 01:02:55 - [MESSAGE][PASSED] - Call Test Case 'Test Cases/AHI/_include/get_screenshot' successfully

2019-12-09 01:02:55 - [TEST_STEP][PASSED] - callTestCase(findTestCase("AHI/_include/name"), [:], CONTINUE_ON_FAILURE): Call Test Case 'Test Cases/AHI/_include/name' successfully

2019-12-09 01:02:55 - [TEST_CASE][PASSED] - Test Cases/AHI/_include/name: Test Cases/AHI/_include/name

2019-12-09 01:02:55 - [TEST_STEP][PASSED] - driver = getWebDriver(): null

2019-12-09 01:02:55 - [TEST_STEP][PASSED] - selenium = new com.thoughtworks.selenium.webdriven.WebDriverBackedSelenium(driver, internal.GlobalVariable.ENV): null

2019-12-09 01:02:55 - [TEST_STEP][PASSED] - FirstName = "Test-123": null

2019-12-09 01:02:55 - [TEST_STEP][PASSED] - LastName = selenium.getEval("{var x="ABCDEFGHIJKLMNOPQRSTUVWXYZabcdefghijklmnopqrstuvwxyz"; var tmp="ZZ11-"; for (i=0;i<8;i++) tmp+=x.charAt(Math.ceil(51*Math.random()));tmp;}"): null

2019-12-09 01:02:55 - [TEST_STEP][PASSED] - Address = selenium.getEval("{var x="ABCDEFGHIJKLMNOPQRSTUVWXYZabcdefghijklmnopqrstuvwxyz"; var tmp=""; for (i=0;i<8;i++) tmp+=x.charAt(Math.ceil(51*Math.random()));tmp;}"): null

2019-12-09 01:02:55 - [TEST_STEP][PASSED] - City = selenium.getEval("{var x="ABCDEFGHIJKLMNOPQRSTUVWXYZabcdefghijklmnopqrstuvwxyz"; var tmp=""; for (i=0;i<8;i++) tmp+=x.charAt(Math.ceil(51*Math.random()));tmp;}"): null

2019-12-09 01:02:55 - [TEST_STEP][PASSED] - tel1 = selenium.getEval("{var x="123456789"; var tmp=""; for (i=0;i<3;i++) tmp+=x.charAt(Math.ceil(8*Math.random()));tmp;}"): null

2019-12-09 01:02:55 - [TEST_STEP][PASSED] - tel2 = selenium.getEval("{var x="123456789"; var tmp=""; for (i=0;i<3;i++) tmp+=x.charAt(Math.ceil(8*Math.random()));tmp;}"): null

2019-12-09 01:02:55 - [TEST_STEP][PASSED] - tel3 = selenium.getEval("{var x="123456789"; var tmp=""; for (i=0;i<4;i++) tmp+=x.charAt(Math.ceil(8*Math.random()));tmp;}"): null

2019-12-09 01:02:55 - [TEST_STEP][PASSED] - Tel = selenium.getExpression(tel1 + "-" + tel2 + "-" + tel3): null

2019-12-09 01:02:55 - [TEST_STEP][PASSED] - AutoEmail = selenium.getEval("{var x="ABCDEFGHIJKLMNOPQRSTUVWXYZabcdefghijklmnopqrstuvwxyz"; var tmp="test."; for (i=0;i<8;i++) tmp+=x.charAt(Math.ceil(51*Math.random()));tmp+="@suryani.cn";}"): null

2019-12-09 01:02:55 - [TEST_STEP][PASSED] - FirstName = FirstName: null

2019-12-09 01:02:55 - [TEST_STEP][PASSED] - LastName = LastName: null

2019-12-09 01:02:55 - [TEST_STEP][PASSED] - Address = Address: null

2019-12-09 01:02:55 - [TEST_STEP][PASSED] - City = City: null

2019-12-09 01:02:55 - [TEST_STEP][PASSED] - Tel = Tel: null

2019-12-09 01:02:55 - [TEST_STEP][PASSED] - AutoEmail = AutoEmail: null

2019-12-09 01:02:55 - [TEST_STEP][PASSED] - println(FirstName): null

2019-12-09 01:02:55 - [TEST_STEP][PASSED] - println(LastName): null

2019-12-09 01:02:55 - [TEST_STEP][PASSED] - println(Address): null

2019-12-09 01:02:55 - [TEST_STEP][PASSED] - println(City): null

2019-12-09 01:02:55 - [TEST_STEP][PASSED] - println(Tel): null

2019-12-09 01:02:55 - [TEST_STEP][PASSED] - println(AutoEmail): null

2019-12-09 01:02:55 - [MESSAGE][PASSED] - Call Test Case 'Test Cases/AHI/_include/name' successfully

2019-12-09 01:02:55 - [TEST_STEP][PASSED] - setText(findTestObject("mobileSanity/HBI/Page_App Page 1/input__member-P-1-firstName"), FirstName): Text 'Test-123' is set on object 'Object Repository/mobileSanity/HBI/Page_App Page 1/input__member-P-1-firstName'

2019-12-09 01:02:55 - [MESSAGE][PASSED] - Text 'Test-123' is set on object 'Object Repository/mobileSanity/HBI/Page_App Page 1/input__member-P-1-firstName'

2019-12-09 01:02:55 - [TEST_STEP][PASSED] - setText(findTestObject("mobileSanity/HBI/Page_App Page 1/input__member-P-1-lastName"), LastName): Text 'ZZ11-NCgBUMvP' is set on object 'Object Repository/mobileSanity/HBI/Page_App Page 1/input__member-P-1-lastName'

2019-12-09 01:02:56 - [MESSAGE][PASSED] - Text 'ZZ11-NCgBUMvP' is set on object 'Object Repository/mobileSanity/HBI/Page_App Page 1/input__member-P-1-lastName'

2019-12-09 01:02:56 - [TEST_STEP][PASSED] - if (carrier == "agileone" || carrier == "agilesecure"): null

2019-12-09 01:02:56 - [TEST_STEP][PASSED] - setText(findTestObject("mobileSanity/HBI/Page_App Page 1/input__address"), Address): Text 'HXmddYIg' is set on object 'Object Repository/mobileSanity/HBI/Page_App Page 1/input__address'

2019-12-09 01:02:56 - [MESSAGE][PASSED] - Text 'HXmddYIg' is set on object 'Object Repository/mobileSanity/HBI/Page_App Page 1/input__address'

2019-12-09 01:02:56 - [TEST_STEP][PASSED] - setText(findTestObject("mobileSanity/HBI/Page_App Page 1/input__city"), City): Text 'fcSlsvZt' is set on object 'Object Repository/mobileSanity/HBI/Page_App Page 1/input__city'

2019-12-09 01:02:56 - [MESSAGE][PASSED] - Text 'fcSlsvZt' is set on object 'Object Repository/mobileSanity/HBI/Page_App Page 1/input__city'

2019-12-09 01:02:56 - [TEST_STEP][PASSED] - setText(findTestObject("mobileSanity/HBI/Page_App Page 1/input__email"), AutoEmail): Text 'test.SJkOoLRH@suryani.cn' is set on object 'Object Repository/mobileSanity/HBI/Page_App Page 1/input__email'

2019-12-09 01:02:57 - [MESSAGE][PASSED] - Text 'test.SJkOoLRH@suryani.cn' is set on object 'Object Repository/mobileSanity/HBI/Page_App Page 1/input__email'

2019-12-09 01:02:57 - [TEST_STEP][PASSED] - setText(findTestObject("mobileSanity/HBI/Page_App Page 1/input_tel"), Tel): Text '486-935-2278' is set on object 'Object Repository/mobileSanity/HBI/Page_App Page 1/input_tel'

2019-12-09 01:02:57 - [MESSAGE][PASSED] - Text '486-935-2278' is set on object 'Object Repository/mobileSanity/HBI/Page_App Page 1/input_tel'

2019-12-09 01:02:57 - [TEST_STEP][PASSED] - Thread.sleep(5000): null

2019-12-09 01:03:02 - [TEST_STEP][PASSED] - click(findTestObject("mobileSanity/HBI/Page_App Page 1/a_Continue to Step 2 - Payment")): Object: 'Object Repository/mobileSanity/HBI/Page_App Page 1/a_Continue to Step 2 - Payment' is clicked on

2019-12-09 01:03:02 - [MESSAGE][PASSED] - Object: 'Object Repository/mobileSanity/HBI/Page_App Page 1/a_Continue to Step 2 - Payment' is clicked on

2019-12-09 01:03:02 - [TEST_STEP][PASSED] - waitForPageLoad(20): Wait for page load successfully

2019-12-09 01:03:02 - [MESSAGE][PASSED] - Wait for page load successfully

2019-12-09 01:03:02 - [TEST_STEP][PASSED] - Thread.sleep(2000): null

2019-12-09 01:03:04 - [TEST_STEP][PASSED] - waitForElementVisible(findTestObject("mobileSanity/HBI/Page_App Page 2/input__credit-card-first"), 20): Object 'Object Repository/mobileSanity/HBI/Page_App Page 2/input__credit-card-first' is visible

2019-12-09 01:03:04 - [MESSAGE][PASSED] - Object 'Object Repository/mobileSanity/HBI/Page_App Page 2/input__credit-card-first' is visible

2019-12-09 01:03:04 - [TEST_STEP][PASSED] - callTestCase(findTestCase("AHI/_include/get_screenshot"), [:], STOP_ON_FAILURE): Call Test Case 'Test Cases/AHI/_include/get_screenshot' successfully

2019-12-09 01:03:04 - [TEST_CASE][PASSED] - Test Cases/AHI/_include/get_screenshot: Test Cases/AHI/_include/get_screenshot

2019-12-09 01:03:04 - [TEST_STEP][PASSED] - takeScreenshot(screenPath + i + ".png"): Taking screenshot successfully

2019-12-09 01:03:05 - [MESSAGE][PASSED] - Taking screenshot successfully
[[ATTACHMENT|D:\\Test\\AgileTest\\Reports\\HIC\\hic\\20191209_004704\\../Screenshots/iPhone 6/HIC/HBI/Vitala Care/20191209_010204/7.png]]

2019-12-09 01:03:05 - [TEST_STEP][PASSED] - (internal.GlobalVariable.i++): null

2019-12-09 01:03:05 - [MESSAGE][PASSED] - Call Test Case 'Test Cases/AHI/_include/get_screenshot' successfully

2019-12-09 01:03:05 - [TEST_STEP][PASSED] - setText(findTestObject("mobileSanity/HBI/Page_App Page 2/input__credit-card-first"), FirstName): Text 'Test-123' is set on object 'Object Repository/mobileSanity/HBI/Page_App Page 2/input__credit-card-first'

2019-12-09 01:03:05 - [MESSAGE][PASSED] - Text 'Test-123' is set on object 'Object Repository/mobileSanity/HBI/Page_App Page 2/input__credit-card-first'

2019-12-09 01:03:05 - [TEST_STEP][PASSED] - setText(findTestObject("mobileSanity/HBI/Page_App Page 2/input__credit-card-last"), LastName): Text 'ZZ11-NCgBUMvP' is set on object 'Object Repository/mobileSanity/HBI/Page_App Page 2/input__credit-card-last'

2019-12-09 01:03:05 - [MESSAGE][PASSED] - Text 'ZZ11-NCgBUMvP' is set on object 'Object Repository/mobileSanity/HBI/Page_App Page 2/input__credit-card-last'

2019-12-09 01:03:05 - [TEST_STEP][PASSED] - selectOptionByValue(findTestObject("mobileSanity/HBI/Page_App Page 2/select_MM010203040506070809101"), "12", true): All options with value '12' are selected in object 'Object Repository/mobileSanity/HBI/Page_App Page 2/select_MM010203040506070809101'  using regular expression

2019-12-09 01:03:06 - [MESSAGE][PASSED] - All options with value '12' are selected in object 'Object Repository/mobileSanity/HBI/Page_App Page 2/select_MM010203040506070809101'  using regular expression

2019-12-09 01:03:06 - [TEST_STEP][PASSED] - selectOptionByValue(findTestObject("mobileSanity/HBI/Page_App Page 2/select_YYYY2019202020212022202"), "2026", true): All options with value '2026' are selected in object 'Object Repository/mobileSanity/HBI/Page_App Page 2/select_YYYY2019202020212022202'  using regular expression

2019-12-09 01:03:06 - [MESSAGE][PASSED] - All options with value '2026' are selected in object 'Object Repository/mobileSanity/HBI/Page_App Page 2/select_YYYY2019202020212022202'  using regular expression

2019-12-09 01:03:06 - [TEST_STEP][PASSED] - setText(findTestObject("mobileSanity/HBI/Page_App Page 2/input__credit-card-number"), "4111111111111111"): Text '4111111111111111' is set on object 'Object Repository/mobileSanity/HBI/Page_App Page 2/input__credit-card-number'

2019-12-09 01:03:06 - [MESSAGE][PASSED] - Text '4111111111111111' is set on object 'Object Repository/mobileSanity/HBI/Page_App Page 2/input__credit-card-number'

2019-12-09 01:03:06 - [TEST_STEP][PASSED] - setText(findTestObject("mobileSanity/HBI/Page_App Page 2/input__cvv"), "123"): Text '123' is set on object 'Object Repository/mobileSanity/HBI/Page_App Page 2/input__cvv'

2019-12-09 01:03:06 - [MESSAGE][PASSED] - Text '123' is set on object 'Object Repository/mobileSanity/HBI/Page_App Page 2/input__cvv'

2019-12-09 01:03:06 - [TEST_STEP][PASSED] - click(findTestObject("mobileSanity/HBI/Page_App Page 2/label_My billing address is th")): Object: 'Object Repository/mobileSanity/HBI/Page_App Page 2/label_My billing address is th' is clicked on

2019-12-09 01:03:06 - [MESSAGE][PASSED] - Object: 'Object Repository/mobileSanity/HBI/Page_App Page 2/label_My billing address is th' is clicked on

2019-12-09 01:03:06 - [TEST_STEP][PASSED] - click(findTestObject("mobileSanity/HBI/Page_App Page 2/label_I Accept Authorization f")): Object: 'Object Repository/mobileSanity/HBI/Page_App Page 2/label_I Accept Authorization f' is clicked on

2019-12-09 01:03:07 - [MESSAGE][PASSED] - Object: 'Object Repository/mobileSanity/HBI/Page_App Page 2/label_I Accept Authorization f' is clicked on

2019-12-09 01:03:07 - [TEST_STEP][PASSED] - click(findTestObject("mobileSanity/HBI/Page_App Page 2/a_Continue to Step 3 - Review")): Object: 'Object Repository/mobileSanity/HBI/Page_App Page 2/a_Continue to Step 3 - Review' is clicked on

2019-12-09 01:03:07 - [MESSAGE][PASSED] - Object: 'Object Repository/mobileSanity/HBI/Page_App Page 2/a_Continue to Step 3 - Review' is clicked on

2019-12-09 01:03:07 - [TEST_STEP][PASSED] - waitForPageLoad(20): Wait for page load successfully

2019-12-09 01:03:07 - [MESSAGE][PASSED] - Wait for page load successfully

2019-12-09 01:03:07 - [TEST_STEP][PASSED] - Thread.sleep(10000): null

2019-12-09 01:03:17 - [TEST_STEP][PASSED] - waitForElementPresent(findTestObject("mobileSanity/HBI/Page_App Page 3/label"), 20): Object 'Object Repository/mobileSanity/HBI/Page_App Page 3/label' is present

2019-12-09 01:03:21 - [MESSAGE][PASSED] - Object 'Object Repository/mobileSanity/HBI/Page_App Page 3/label' is present

2019-12-09 01:03:21 - [TEST_STEP][PASSED] - callTestCase(findTestCase("AHI/_include/get_screenshot"), [:], STOP_ON_FAILURE): Call Test Case 'Test Cases/AHI/_include/get_screenshot' successfully

2019-12-09 01:03:21 - [TEST_CASE][PASSED] - Test Cases/AHI/_include/get_screenshot: Test Cases/AHI/_include/get_screenshot

2019-12-09 01:03:21 - [TEST_STEP][PASSED] - takeScreenshot(screenPath + i + ".png"): Taking screenshot successfully

2019-12-09 01:03:22 - [MESSAGE][PASSED] - Taking screenshot successfully
[[ATTACHMENT|D:\\Test\\AgileTest\\Reports\\HIC\\hic\\20191209_004704\\../Screenshots/iPhone 6/HIC/HBI/Vitala Care/20191209_010204/8.png]]

2019-12-09 01:03:22 - [TEST_STEP][PASSED] - (internal.GlobalVariable.i++): null

2019-12-09 01:03:22 - [MESSAGE][PASSED] - Call Test Case 'Test Cases/AHI/_include/get_screenshot' successfully

2019-12-09 01:03:22 - [TEST_STEP][PASSED] - click(findTestObject("mobileSanity/HBI/Page_App Page 3/label")): Object: 'Object Repository/mobileSanity/HBI/Page_App Page 3/label' is clicked on

2019-12-09 01:03:23 - [MESSAGE][PASSED] - Object: 'Object Repository/mobileSanity/HBI/Page_App Page 3/label' is clicked on

2019-12-09 01:03:23 - [TEST_STEP][PASSED] - click(findTestObject("mobileSanity/HBI/Page_App Page 3/p_CLICK TO SIGN")): Object: 'Object Repository/mobileSanity/HBI/Page_App Page 3/p_CLICK TO SIGN' is clicked on

2019-12-09 01:03:24 - [MESSAGE][PASSED] - Object: 'Object Repository/mobileSanity/HBI/Page_App Page 3/p_CLICK TO SIGN' is clicked on

2019-12-09 01:03:24 - [TEST_STEP][PASSED] - click(findTestObject("mobileSanity/HBI/Page_App Page 3/a_Submit Your Application")): Object: 'Object Repository/mobileSanity/HBI/Page_App Page 3/a_Submit Your Application' is clicked on

2019-12-09 01:03:25 - [MESSAGE][PASSED] - Object: 'Object Repository/mobileSanity/HBI/Page_App Page 3/a_Submit Your Application' is clicked on

2019-12-09 01:03:25 - [TEST_STEP][PASSED] - Thread.sleep(30000): null

2019-12-09 01:03:55 - [TEST_STEP][PASSED] - callTestCase(findTestCase("AHI/_include/get_screenshot"), [:], STOP_ON_FAILURE): Call Test Case 'Test Cases/AHI/_include/get_screenshot' successfully

2019-12-09 01:03:55 - [TEST_CASE][PASSED] - Test Cases/AHI/_include/get_screenshot: Test Cases/AHI/_include/get_screenshot

2019-12-09 01:03:55 - [TEST_STEP][PASSED] - takeScreenshot(screenPath + i + ".png"): Taking screenshot successfully

2019-12-09 01:03:55 - [MESSAGE][PASSED] - Taking screenshot successfully
[[ATTACHMENT|D:\\Test\\AgileTest\\Reports\\HIC\\hic\\20191209_004704\\../Screenshots/iPhone 6/HIC/HBI/Vitala Care/20191209_010204/9.png]]

2019-12-09 01:03:55 - [TEST_STEP][PASSED] - (internal.GlobalVariable.i++): null

2019-12-09 01:03:55 - [MESSAGE][PASSED] - Call Test Case 'Test Cases/AHI/_include/get_screenshot' successfully

2019-12-09 01:03:55 - [TEST_STEP][PASSED] - verifyTextPresent("Congratulations", false): Text 'Congratulations' is present on page 

2019-12-09 01:03:55 - [MESSAGE][PASSED] - Text 'Congratulations' is present on page 

2019-12-09 01:03:55 - [MESSAGE][PASSED] - Call Test Case 'Test Cases/AHI/_include/goToEnd_hbi' successfully]]></system-out>
         <system-err><![CDATA[]]></system-err>
      </testcase>
      <testcase name="Test Cases/HIC/Medicare" classname="Test Cases/HIC/Medicare" status="PASSED">
         <system-out><![CDATA[2019-12-09 01:03:55 - [TEST_CASE][PASSED] - Test Cases/HIC/Medicare: Test Cases/HIC/Medicare

2019-12-09 01:03:56 - [TEST_STEP][PASSED] - callTestCase(findTestCase("HIC/_include/get_hicScreenPath"), ["project":"HIC", "productLine":"Medicare", "carrierName":"Medicare"], CONTINUE_ON_FAILURE): Call Test Case 'Test Cases/HIC/_include/get_hicScreenPath' successfully

2019-12-09 01:03:56 - [TEST_CASE][PASSED] - Test Cases/HIC/_include/get_hicScreenPath: Test Cases/HIC/_include/get_hicScreenPath

2019-12-09 01:03:56 - [TEST_STEP][PASSED] - m = getExecutionProperties(): null

2019-12-09 01:03:56 - [TEST_STEP][PASSED] - deviceName = get("mobileEmulation").get("deviceName"): null

2019-12-09 01:03:56 - [TEST_STEP][PASSED] - println(deviceName): null

2019-12-09 01:03:56 - [TEST_STEP][PASSED] - now = new java.util.Date(): null

2019-12-09 01:03:56 - [TEST_STEP][PASSED] - mydate = now.format("yyyyMMdd_HHmmss"): null

2019-12-09 01:03:56 - [TEST_STEP][PASSED] - screenPath = "../Screenshots/": null

2019-12-09 01:03:56 - [TEST_STEP][PASSED] - screenPath = screenPath + deviceName + "/" + project + "/" + productLine + "/" + carrierName + "/" + mydate + "/": null

2019-12-09 01:03:56 - [TEST_STEP][PASSED] - println(screenPath): null

2019-12-09 01:03:56 - [MESSAGE][PASSED] - Call Test Case 'Test Cases/HIC/_include/get_hicScreenPath' successfully

2019-12-09 01:03:56 - [TEST_STEP][PASSED] - i = 0: null

2019-12-09 01:03:56 - [TEST_STEP][PASSED] - callTestCase(findTestCase("AHI/_include/openWebSite"), ["env":"https://qa.healthinsurance.com/"], CONTINUE_ON_FAILURE): Call Test Case 'Test Cases/AHI/_include/openWebSite' successfully

2019-12-09 01:03:56 - [TEST_CASE][PASSED] - Test Cases/AHI/_include/openWebSite: Test Cases/AHI/_include/openWebSite

2019-12-09 01:03:56 - [TEST_STEP][PASSED] - openBrowser(env): Browser is opened with url: 'https://qa.healthinsurance.com/'

2019-12-09 01:03:56 - [MESSAGE][WARNING] - A browser is already opened. Closing browser and opening a new one

2019-12-09 01:04:01 - [MESSAGE][INFO] - Starting 'Chrome' driver

2019-12-09 01:04:01 - [MESSAGE][INFO] - User set preference: ['mobileEmulation', '{deviceName=iPhone 6}']

2019-12-09 01:04:01 - [MESSAGE][INFO] - User set preference: ['args', '[--incognito, --aggressive-cache-discard, --window-size=375,677, --no-sandbox]']

2019-12-09 01:04:06 - [MESSAGE][PASSED] - Browser is opened with url: 'https://qa.healthinsurance.com/'

2019-12-09 01:04:06 - [TEST_STEP][PASSED] - waitForPageLoad(20): Wait for page load successfully

2019-12-09 01:04:07 - [MESSAGE][PASSED] - Wait for page load successfully

2019-12-09 01:04:07 - [TEST_STEP][PASSED] - callTestCase(findTestCase("AHI/_include/get_screenshot"), [:], STOP_ON_FAILURE): Call Test Case 'Test Cases/AHI/_include/get_screenshot' successfully

2019-12-09 01:04:07 - [TEST_CASE][PASSED] - Test Cases/AHI/_include/get_screenshot: Test Cases/AHI/_include/get_screenshot

2019-12-09 01:04:07 - [TEST_STEP][PASSED] - takeScreenshot(screenPath + i + ".png"): Taking screenshot successfully

2019-12-09 01:04:07 - [MESSAGE][PASSED] - Taking screenshot successfully
[[ATTACHMENT|D:\\Test\\AgileTest\\Reports\\HIC\\hic\\20191209_004704\\../Screenshots/iPhone 6/HIC/Medicare/Medicare/20191209_010356/0.png]]

2019-12-09 01:04:07 - [TEST_STEP][PASSED] - (internal.GlobalVariable.i++): null

2019-12-09 01:04:07 - [MESSAGE][PASSED] - Call Test Case 'Test Cases/AHI/_include/get_screenshot' successfully

2019-12-09 01:04:07 - [MESSAGE][PASSED] - Call Test Case 'Test Cases/AHI/_include/openWebSite' successfully

2019-12-09 01:04:07 - [TEST_STEP][PASSED] - click(findTestObject("hic/nav/navButton")): Object: 'Object Repository/hic/nav/navButton' is clicked on

2019-12-09 01:04:08 - [MESSAGE][PASSED] - Object: 'Object Repository/hic/nav/navButton' is clicked on

2019-12-09 01:04:08 - [TEST_STEP][PASSED] - click(findTestObject("hic/nav/medicareLink")): Object: 'Object Repository/hic/nav/medicareLink' is clicked on

2019-12-09 01:04:08 - [MESSAGE][PASSED] - Object: 'Object Repository/hic/nav/medicareLink' is clicked on

2019-12-09 01:04:08 - [TEST_STEP][PASSED] - Thread.sleep(2000): null

2019-12-09 01:04:10 - [TEST_STEP][PASSED] - callTestCase(findTestCase("AHI/_include/get_screenshot"), [:], STOP_ON_FAILURE): Call Test Case 'Test Cases/AHI/_include/get_screenshot' successfully

2019-12-09 01:04:10 - [TEST_CASE][PASSED] - Test Cases/AHI/_include/get_screenshot: Test Cases/AHI/_include/get_screenshot

2019-12-09 01:04:10 - [TEST_STEP][PASSED] - takeScreenshot(screenPath + i + ".png"): Taking screenshot successfully

2019-12-09 01:04:11 - [MESSAGE][PASSED] - Taking screenshot successfully
[[ATTACHMENT|D:\\Test\\AgileTest\\Reports\\HIC\\hic\\20191209_004704\\../Screenshots/iPhone 6/HIC/Medicare/Medicare/20191209_010356/1.png]]

2019-12-09 01:04:11 - [TEST_STEP][PASSED] - (internal.GlobalVariable.i++): null

2019-12-09 01:04:11 - [MESSAGE][PASSED] - Call Test Case 'Test Cases/AHI/_include/get_screenshot' successfully

2019-12-09 01:04:11 - [TEST_STEP][PASSED] - setText(findTestObject("hic/aca/zip"), "33186"): Text '33186' is set on object 'Object Repository/hic/aca/zip'

2019-12-09 01:04:12 - [MESSAGE][PASSED] - Text '33186' is set on object 'Object Repository/hic/aca/zip'

2019-12-09 01:04:12 - [TEST_STEP][PASSED] - Thread.sleep(5000): null

2019-12-09 01:04:17 - [TEST_STEP][PASSED] - click(findTestObject("hic/aca/comparePlan")): Object: 'Object Repository/hic/aca/comparePlan' is clicked on

2019-12-09 01:04:18 - [MESSAGE][PASSED] - Object: 'Object Repository/hic/aca/comparePlan' is clicked on

2019-12-09 01:04:18 - [TEST_STEP][PASSED] - Thread.sleep(5000): null

2019-12-09 01:04:23 - [TEST_STEP][PASSED] - callTestCase(findTestCase("AHI/_include/get_screenshot"), [:], STOP_ON_FAILURE): Call Test Case 'Test Cases/AHI/_include/get_screenshot' successfully

2019-12-09 01:04:23 - [TEST_CASE][PASSED] - Test Cases/AHI/_include/get_screenshot: Test Cases/AHI/_include/get_screenshot

2019-12-09 01:04:23 - [TEST_STEP][PASSED] - takeScreenshot(screenPath + i + ".png"): Taking screenshot successfully

2019-12-09 01:04:23 - [MESSAGE][PASSED] - Taking screenshot successfully
[[ATTACHMENT|D:\\Test\\AgileTest\\Reports\\HIC\\hic\\20191209_004704\\../Screenshots/iPhone 6/HIC/Medicare/Medicare/20191209_010356/2.png]]

2019-12-09 01:04:23 - [TEST_STEP][PASSED] - (internal.GlobalVariable.i++): null

2019-12-09 01:04:23 - [MESSAGE][PASSED] - Call Test Case 'Test Cases/AHI/_include/get_screenshot' successfully

2019-12-09 01:04:23 - [TEST_STEP][PASSED] - setText(findTestObject("hic/medicare/firstName"), "testfirst"): Text 'testfirst' is set on object 'Object Repository/hic/medicare/firstName'

2019-12-09 01:04:23 - [MESSAGE][PASSED] - Text 'testfirst' is set on object 'Object Repository/hic/medicare/firstName'

2019-12-09 01:04:23 - [TEST_STEP][PASSED] - setText(findTestObject("hic/medicare/lastName"), "testlast"): Text 'testlast' is set on object 'Object Repository/hic/medicare/lastName'

2019-12-09 01:04:24 - [MESSAGE][PASSED] - Text 'testlast' is set on object 'Object Repository/hic/medicare/lastName'

2019-12-09 01:04:24 - [TEST_STEP][PASSED] - setText(findTestObject("hic/medicare/phone"), "4524523625"): Text '4524523625' is set on object 'Object Repository/hic/medicare/phone'

2019-12-09 01:04:24 - [MESSAGE][PASSED] - Text '4524523625' is set on object 'Object Repository/hic/medicare/phone'

2019-12-09 01:04:24 - [TEST_STEP][PASSED] - setText(findTestObject("hic/medicare/email"), "test.test555@suryani.cn"): Text 'test.test555@suryani.cn' is set on object 'Object Repository/hic/medicare/email'

2019-12-09 01:04:24 - [MESSAGE][PASSED] - Text 'test.test555@suryani.cn' is set on object 'Object Repository/hic/medicare/email'

2019-12-09 01:04:24 - [TEST_STEP][PASSED] - click(findTestObject("hic/medicare/continue")): Object: 'Object Repository/hic/medicare/continue' is clicked on

2019-12-09 01:04:24 - [MESSAGE][PASSED] - Object: 'Object Repository/hic/medicare/continue' is clicked on

2019-12-09 01:04:24 - [TEST_STEP][PASSED] - Thread.sleep(5000): null

2019-12-09 01:04:29 - [TEST_STEP][PASSED] - callTestCase(findTestCase("AHI/_include/get_screenshot"), [:], STOP_ON_FAILURE): Call Test Case 'Test Cases/AHI/_include/get_screenshot' successfully

2019-12-09 01:04:29 - [TEST_CASE][PASSED] - Test Cases/AHI/_include/get_screenshot: Test Cases/AHI/_include/get_screenshot

2019-12-09 01:04:29 - [TEST_STEP][PASSED] - takeScreenshot(screenPath + i + ".png"): Taking screenshot successfully

2019-12-09 01:04:30 - [MESSAGE][PASSED] - Taking screenshot successfully
[[ATTACHMENT|D:\\Test\\AgileTest\\Reports\\HIC\\hic\\20191209_004704\\../Screenshots/iPhone 6/HIC/Medicare/Medicare/20191209_010356/3.png]]

2019-12-09 01:04:30 - [TEST_STEP][PASSED] - (internal.GlobalVariable.i++): null

2019-12-09 01:04:30 - [MESSAGE][PASSED] - Call Test Case 'Test Cases/AHI/_include/get_screenshot' successfully]]></system-out>
         <system-err><![CDATA[]]></system-err>
      </testcase>
      <testcase name="Test Cases/HIC/STM/AdvantHealth" classname="Test Cases/HIC/STM/AdvantHealth" status="FAILED">
         <failure type="FAILED" message="Test Cases/HIC/STM/AdvantHealth FAILED.
Reason:
com.kms.katalon.core.exception.StepFailedException: Unable to click on object 'Object Repository/mobileSanity/STM/STM Quote Page/button_filters' (Root cause: org.openqa.selenium.WebDriverException: unknown error: Element &lt;button type=&quot;button&quot; class=&quot;js-toggle-others c-filter-toggle-v3 &quot;>...&lt;/button> is not clickable at point (173, 138). Other element would receive the click: &lt;p class=&quot;leadBox--subheader&quot;>...&lt;/p>
  (Session info: chrome=78.0.3904.108)
  (Driver info: chromedriver=2.43.600210 (68dcf5eebde37173d4027fa8635e332711d2874a),platform=Windows NT 6.3.9600 x86_64) (WARNING: The server did not provide any stacktrace information)
Command duration or timeout: 0 milliseconds
Build info: version: '3.7.1', revision: '8a0099a', time: '2017-11-06T21:07:36.161Z'
System info: host: 'WIN-U215233FMVE', ip: '172.30.0.53', os.name: 'Windows Server 2012 R2', os.arch: 'amd64', os.version: '6.3', java.version: '1.8.0_181'
Driver info: com.kms.katalon.selenium.driver.CChromeDriver
Capabilities {acceptInsecureCerts: false, acceptSslCerts: false, applicationCacheEnabled: false, browserConnectionEnabled: false, browserName: chrome, chrome: {chromedriverVersion: 2.43.600210 (68dcf5eebde371..., userDataDir: C:\Users\ADMINI~1\AppData\L...}, cssSelectorsEnabled: true, databaseEnabled: false, goog:chromeOptions: {debuggerAddress: localhost:65088}, handlesAlerts: true, hasTouchScreen: true, javascriptEnabled: true, locationContextEnabled: true, mobileEmulationEnabled: true, nativeEvents: true, networkConnectionEnabled: false, pageLoadStrategy: normal, platform: XP, platformName: XP, rotatable: false, setWindowRect: true, takesHeapSnapshot: true, takesScreenshot: true, unexpectedAlertBehaviour: , unhandledPromptBehavior: , version: 78.0.3904.108, webStorageEnabled: true}
Session ID: 9713f87d7b52e8678f4112b16c1656ec)
	at com.kms.katalon.core.keyword.internal.KeywordMain.stepFailed(KeywordMain.groovy:36)
	at com.kms.katalon.core.webui.keyword.internal.WebUIKeywordMain.stepFailed(WebUIKeywordMain.groovy:65)
	at com.kms.katalon.core.webui.keyword.internal.WebUIKeywordMain.runKeyword(WebUIKeywordMain.groovy:27)
	at com.kms.katalon.core.webui.keyword.builtin.ClickKeyword.click(ClickKeyword.groovy:86)
	at com.kms.katalon.core.webui.keyword.builtin.ClickKeyword.execute(ClickKeyword.groovy:67)
	at com.kms.katalon.core.keyword.internal.KeywordExecutor.executeKeywordForPlatform(KeywordExecutor.groovy:53)
	at com.kms.katalon.core.webui.keyword.WebUiBuiltInKeywords.click(WebUiBuiltInKeywords.groovy:616)
	at com.kms.katalon.core.webui.keyword.WebUiBuiltInKeywords$click$2.call(Unknown Source)
	at filter_stm.run(filter_stm:28)
	at com.kms.katalon.core.main.ScriptEngine.run(ScriptEngine.java:194)
	at com.kms.katalon.core.main.ScriptEngine.runScriptAsRawText(ScriptEngine.java:119)
	at com.kms.katalon.core.main.TestCaseExecutor.runScript(TestCaseExecutor.java:328)
	at com.kms.katalon.core.main.TestCaseExecutor.doExecute(TestCaseExecutor.java:319)
	at com.kms.katalon.core.main.TestCaseExecutor.processExecutionPhase(TestCaseExecutor.java:298)
	at com.kms.katalon.core.main.TestCaseExecutor.accessMainPhase(TestCaseExecutor.java:290)
	at com.kms.katalon.core.main.TestCaseExecutor.execute(TestCaseExecutor.java:224)
	at com.kms.katalon.core.main.TestCaseMain.runTestCase(TestCaseMain.java:106)
	at com.kms.katalon.core.keyword.builtin.CallTestCaseKeyword$_callTestCase_closure1.doCall(CallTestCaseKeyword.groovy:59)
	at com.kms.katalon.core.keyword.builtin.CallTestCaseKeyword$_callTestCase_closure1.call(CallTestCaseKeyword.groovy)
	at com.kms.katalon.core.keyword.internal.KeywordMain.runKeyword(KeywordMain.groovy:54)
	at com.kms.katalon.core.keyword.builtin.CallTestCaseKeyword.callTestCase(CallTestCaseKeyword.groovy:80)
	at com.kms.katalon.core.keyword.builtin.CallTestCaseKeyword.execute(CallTestCaseKeyword.groovy:44)
	at com.kms.katalon.core.keyword.internal.KeywordExecutor.executeKeywordForPlatform(KeywordExecutor.groovy:53)
	at com.kms.katalon.core.keyword.BuiltinKeywords.callTestCase(BuiltinKeywords.groovy:334)
	at AdvantHealth.run(AdvantHealth:36)
	at com.kms.katalon.core.main.ScriptEngine.run(ScriptEngine.java:194)
	at com.kms.katalon.core.main.ScriptEngine.runScriptAsRawText(ScriptEngine.java:119)
	at com.kms.katalon.core.main.TestCaseExecutor.runScript(TestCaseExecutor.java:328)
	at com.kms.katalon.core.main.TestCaseExecutor.doExecute(TestCaseExecutor.java:319)
	at com.kms.katalon.core.main.TestCaseExecutor.processExecutionPhase(TestCaseExecutor.java:298)
	at com.kms.katalon.core.main.TestCaseExecutor.accessMainPhase(TestCaseExecutor.java:290)
	at com.kms.katalon.core.main.TestCaseExecutor.execute(TestCaseExecutor.java:224)
	at com.kms.katalon.core.main.TestSuiteExecutor.accessTestCaseMainPhase(TestSuiteExecutor.java:129)
	at com.kms.katalon.core.main.TestSuiteExecutor.accessTestSuiteMainPhase(TestSuiteExecutor.java:112)
	at com.kms.katalon.core.main.TestSuiteExecutor.execute(TestSuiteExecutor.java:81)
	at com.kms.katalon.core.main.TestCaseMain.startTestSuite(TestCaseMain.java:149)
	at com.kms.katalon.core.main.TestCaseMain$startTestSuite$0.call(Unknown Source)
	at TempTestSuite1575870424581.run(TempTestSuite1575870424581.groovy:36)
"/>
         <system-out><![CDATA[2019-12-09 01:04:30 - [TEST_CASE][FAILED] - Test Cases/HIC/STM/AdvantHealth: Test Cases/HIC/STM/AdvantHealth FAILED.
Reason:
com.kms.katalon.core.exception.StepFailedException: Unable to click on object 'Object Repository/mobileSanity/STM/STM Quote Page/button_filters' (Root cause: org.openqa.selenium.WebDriverException: unknown error: Element <button type="button" class="js-toggle-others c-filter-toggle-v3 ">...</button> is not clickable at point (173, 138). Other element would receive the click: <p class="leadBox--subheader">...</p>
  (Session info: chrome=78.0.3904.108)
  (Driver info: chromedriver=2.43.600210 (68dcf5eebde37173d4027fa8635e332711d2874a),platform=Windows NT 6.3.9600 x86_64) (WARNING: The server did not provide any stacktrace information)
Command duration or timeout: 0 milliseconds
Build info: version: '3.7.1', revision: '8a0099a', time: '2017-11-06T21:07:36.161Z'
System info: host: 'WIN-U215233FMVE', ip: '172.30.0.53', os.name: 'Windows Server 2012 R2', os.arch: 'amd64', os.version: '6.3', java.version: '1.8.0_181'
Driver info: com.kms.katalon.selenium.driver.CChromeDriver
Capabilities {acceptInsecureCerts: false, acceptSslCerts: false, applicationCacheEnabled: false, browserConnectionEnabled: false, browserName: chrome, chrome: {chromedriverVersion: 2.43.600210 (68dcf5eebde371..., userDataDir: C:\Users\ADMINI~1\AppData\L...}, cssSelectorsEnabled: true, databaseEnabled: false, goog:chromeOptions: {debuggerAddress: localhost:65088}, handlesAlerts: true, hasTouchScreen: true, javascriptEnabled: true, locationContextEnabled: true, mobileEmulationEnabled: true, nativeEvents: true, networkConnectionEnabled: false, pageLoadStrategy: normal, platform: XP, platformName: XP, rotatable: false, setWindowRect: true, takesHeapSnapshot: true, takesScreenshot: true, unexpectedAlertBehaviour: , unhandledPromptBehavior: , version: 78.0.3904.108, webStorageEnabled: true}
Session ID: 9713f87d7b52e8678f4112b16c1656ec)
	at com.kms.katalon.core.keyword.internal.KeywordMain.stepFailed(KeywordMain.groovy:36)
	at com.kms.katalon.core.webui.keyword.internal.WebUIKeywordMain.stepFailed(WebUIKeywordMain.groovy:65)
	at com.kms.katalon.core.webui.keyword.internal.WebUIKeywordMain.runKeyword(WebUIKeywordMain.groovy:27)
	at com.kms.katalon.core.webui.keyword.builtin.ClickKeyword.click(ClickKeyword.groovy:86)
	at com.kms.katalon.core.webui.keyword.builtin.ClickKeyword.execute(ClickKeyword.groovy:67)
	at com.kms.katalon.core.keyword.internal.KeywordExecutor.executeKeywordForPlatform(KeywordExecutor.groovy:53)
	at com.kms.katalon.core.webui.keyword.WebUiBuiltInKeywords.click(WebUiBuiltInKeywords.groovy:616)
	at com.kms.katalon.core.webui.keyword.WebUiBuiltInKeywords$click$2.call(Unknown Source)
	at filter_stm.run(filter_stm:28)
	at com.kms.katalon.core.main.ScriptEngine.run(ScriptEngine.java:194)
	at com.kms.katalon.core.main.ScriptEngine.runScriptAsRawText(ScriptEngine.java:119)
	at com.kms.katalon.core.main.TestCaseExecutor.runScript(TestCaseExecutor.java:328)
	at com.kms.katalon.core.main.TestCaseExecutor.doExecute(TestCaseExecutor.java:319)
	at com.kms.katalon.core.main.TestCaseExecutor.processExecutionPhase(TestCaseExecutor.java:298)
	at com.kms.katalon.core.main.TestCaseExecutor.accessMainPhase(TestCaseExecutor.java:290)
	at com.kms.katalon.core.main.TestCaseExecutor.execute(TestCaseExecutor.java:224)
	at com.kms.katalon.core.main.TestCaseMain.runTestCase(TestCaseMain.java:106)
	at com.kms.katalon.core.keyword.builtin.CallTestCaseKeyword$_callTestCase_closure1.doCall(CallTestCaseKeyword.groovy:59)
	at com.kms.katalon.core.keyword.builtin.CallTestCaseKeyword$_callTestCase_closure1.call(CallTestCaseKeyword.groovy)
	at com.kms.katalon.core.keyword.internal.KeywordMain.runKeyword(KeywordMain.groovy:54)
	at com.kms.katalon.core.keyword.builtin.CallTestCaseKeyword.callTestCase(CallTestCaseKeyword.groovy:80)
	at com.kms.katalon.core.keyword.builtin.CallTestCaseKeyword.execute(CallTestCaseKeyword.groovy:44)
	at com.kms.katalon.core.keyword.internal.KeywordExecutor.executeKeywordForPlatform(KeywordExecutor.groovy:53)
	at com.kms.katalon.core.keyword.BuiltinKeywords.callTestCase(BuiltinKeywords.groovy:334)
	at AdvantHealth.run(AdvantHealth:36)
	at com.kms.katalon.core.main.ScriptEngine.run(ScriptEngine.java:194)
	at com.kms.katalon.core.main.ScriptEngine.runScriptAsRawText(ScriptEngine.java:119)
	at com.kms.katalon.core.main.TestCaseExecutor.runScript(TestCaseExecutor.java:328)
	at com.kms.katalon.core.main.TestCaseExecutor.doExecute(TestCaseExecutor.java:319)
	at com.kms.katalon.core.main.TestCaseExecutor.processExecutionPhase(TestCaseExecutor.java:298)
	at com.kms.katalon.core.main.TestCaseExecutor.accessMainPhase(TestCaseExecutor.java:290)
	at com.kms.katalon.core.main.TestCaseExecutor.execute(TestCaseExecutor.java:224)
	at com.kms.katalon.core.main.TestSuiteExecutor.accessTestCaseMainPhase(TestSuiteExecutor.java:129)
	at com.kms.katalon.core.main.TestSuiteExecutor.accessTestSuiteMainPhase(TestSuiteExecutor.java:112)
	at com.kms.katalon.core.main.TestSuiteExecutor.execute(TestSuiteExecutor.java:81)
	at com.kms.katalon.core.main.TestCaseMain.startTestSuite(TestCaseMain.java:149)
	at com.kms.katalon.core.main.TestCaseMain$startTestSuite$0.call(Unknown Source)
	at TempTestSuite1575870424581.run(TempTestSuite1575870424581.groovy:36)


2019-12-09 01:04:30 - [TEST_STEP][PASSED] - callTestCase(findTestCase("HIC/_include/get_hicScreenPath"), ["project":"HIC", "productLine":"STM", "carrierName":"AdvantHealth"], CONTINUE_ON_FAILURE): Call Test Case 'Test Cases/HIC/_include/get_hicScreenPath' successfully

2019-12-09 01:04:30 - [TEST_CASE][PASSED] - Test Cases/HIC/_include/get_hicScreenPath: Test Cases/HIC/_include/get_hicScreenPath

2019-12-09 01:04:30 - [TEST_STEP][PASSED] - m = getExecutionProperties(): null

2019-12-09 01:04:30 - [TEST_STEP][PASSED] - deviceName = get("mobileEmulation").get("deviceName"): null

2019-12-09 01:04:30 - [TEST_STEP][PASSED] - println(deviceName): null

2019-12-09 01:04:30 - [TEST_STEP][PASSED] - now = new java.util.Date(): null

2019-12-09 01:04:30 - [TEST_STEP][PASSED] - mydate = now.format("yyyyMMdd_HHmmss"): null

2019-12-09 01:04:30 - [TEST_STEP][PASSED] - screenPath = "../Screenshots/": null

2019-12-09 01:04:30 - [TEST_STEP][PASSED] - screenPath = screenPath + deviceName + "/" + project + "/" + productLine + "/" + carrierName + "/" + mydate + "/": null

2019-12-09 01:04:30 - [TEST_STEP][PASSED] - println(screenPath): null

2019-12-09 01:04:30 - [MESSAGE][PASSED] - Call Test Case 'Test Cases/HIC/_include/get_hicScreenPath' successfully

2019-12-09 01:04:30 - [TEST_STEP][PASSED] - i = 0: null

2019-12-09 01:04:30 - [TEST_STEP][PASSED] - callTestCase(findTestCase("AHI/_include/openWebSite"), ["env":"https://qa.healthinsurance.com/"], CONTINUE_ON_FAILURE): Call Test Case 'Test Cases/AHI/_include/openWebSite' successfully

2019-12-09 01:04:30 - [TEST_CASE][PASSED] - Test Cases/AHI/_include/openWebSite: Test Cases/AHI/_include/openWebSite

2019-12-09 01:04:30 - [TEST_STEP][PASSED] - openBrowser(env): Browser is opened with url: 'https://qa.healthinsurance.com/'

2019-12-09 01:04:30 - [MESSAGE][WARNING] - A browser is already opened. Closing browser and opening a new one

2019-12-09 01:04:31 - [MESSAGE][INFO] - Starting 'Chrome' driver

2019-12-09 01:04:31 - [MESSAGE][INFO] - User set preference: ['mobileEmulation', '{deviceName=iPhone 6}']

2019-12-09 01:04:31 - [MESSAGE][INFO] - User set preference: ['args', '[--incognito, --aggressive-cache-discard, --window-size=375,677, --no-sandbox]']

2019-12-09 01:04:33 - [MESSAGE][PASSED] - Browser is opened with url: 'https://qa.healthinsurance.com/'

2019-12-09 01:04:33 - [TEST_STEP][PASSED] - waitForPageLoad(20): Wait for page load successfully

2019-12-09 01:04:33 - [MESSAGE][PASSED] - Wait for page load successfully

2019-12-09 01:04:33 - [TEST_STEP][PASSED] - callTestCase(findTestCase("AHI/_include/get_screenshot"), [:], STOP_ON_FAILURE): Call Test Case 'Test Cases/AHI/_include/get_screenshot' successfully

2019-12-09 01:04:33 - [TEST_CASE][PASSED] - Test Cases/AHI/_include/get_screenshot: Test Cases/AHI/_include/get_screenshot

2019-12-09 01:04:33 - [TEST_STEP][PASSED] - takeScreenshot(screenPath + i + ".png"): Taking screenshot successfully

2019-12-09 01:04:33 - [MESSAGE][PASSED] - Taking screenshot successfully
[[ATTACHMENT|D:\\Test\\AgileTest\\Reports\\HIC\\hic\\20191209_004704\\../Screenshots/iPhone 6/HIC/STM/AdvantHealth/20191209_010430/0.png]]

2019-12-09 01:04:33 - [TEST_STEP][PASSED] - (internal.GlobalVariable.i++): null

2019-12-09 01:04:33 - [MESSAGE][PASSED] - Call Test Case 'Test Cases/AHI/_include/get_screenshot' successfully

2019-12-09 01:04:33 - [MESSAGE][PASSED] - Call Test Case 'Test Cases/AHI/_include/openWebSite' successfully

2019-12-09 01:04:33 - [TEST_STEP][PASSED] - click(findTestObject("hic/nav/navButton")): Object: 'Object Repository/hic/nav/navButton' is clicked on

2019-12-09 01:04:33 - [MESSAGE][PASSED] - Object: 'Object Repository/hic/nav/navButton' is clicked on

2019-12-09 01:04:33 - [TEST_STEP][PASSED] - Thread.sleep(2000): null

2019-12-09 01:04:35 - [TEST_STEP][PASSED] - click(findTestObject("hic/nav/stmLink")): Object: 'Object Repository/hic/nav/stmLink' is clicked on

2019-12-09 01:04:35 - [MESSAGE][PASSED] - Object: 'Object Repository/hic/nav/stmLink' is clicked on

2019-12-09 01:04:35 - [TEST_STEP][PASSED] - Thread.sleep(2000): null

2019-12-09 01:04:37 - [TEST_STEP][PASSED] - callTestCase(findTestCase("AHI/_include/get_screenshot"), [:], STOP_ON_FAILURE): Call Test Case 'Test Cases/AHI/_include/get_screenshot' successfully

2019-12-09 01:04:38 - [TEST_CASE][PASSED] - Test Cases/AHI/_include/get_screenshot: Test Cases/AHI/_include/get_screenshot

2019-12-09 01:04:38 - [TEST_STEP][PASSED] - takeScreenshot(screenPath + i + ".png"): Taking screenshot successfully

2019-12-09 01:04:38 - [MESSAGE][PASSED] - Taking screenshot successfully
[[ATTACHMENT|D:\\Test\\AgileTest\\Reports\\HIC\\hic\\20191209_004704\\../Screenshots/iPhone 6/HIC/STM/AdvantHealth/20191209_010430/1.png]]

2019-12-09 01:04:38 - [TEST_STEP][PASSED] - (internal.GlobalVariable.i++): null

2019-12-09 01:04:38 - [MESSAGE][PASSED] - Call Test Case 'Test Cases/AHI/_include/get_screenshot' successfully

2019-12-09 01:04:38 - [TEST_STEP][PASSED] - callTestCase(findTestCase("HIC/_include/stm_census"), ["zipcode":"35215"], STOP_ON_FAILURE): Call Test Case 'Test Cases/HIC/_include/stm_census' successfully

2019-12-09 01:04:38 - [TEST_CASE][PASSED] - Test Cases/HIC/_include/stm_census: Test Cases/HIC/_include/stm_census

2019-12-09 01:04:38 - [TEST_STEP][PASSED] - setText(findTestObject("hic/stm/zip"), zipcode): Text '35215' is set on object 'Object Repository/hic/stm/zip'

2019-12-09 01:04:38 - [MESSAGE][PASSED] - Text '35215' is set on object 'Object Repository/hic/stm/zip'

2019-12-09 01:04:38 - [TEST_STEP][PASSED] - Thread.sleep(500): null

2019-12-09 01:04:39 - [TEST_STEP][PASSED] - setText(findTestObject("hic/stm/primaryDOB"), "03031987"): Text '03031987' is set on object 'Object Repository/hic/stm/primaryDOB'

2019-12-09 01:04:39 - [MESSAGE][PASSED] - Text '03031987' is set on object 'Object Repository/hic/stm/primaryDOB'

2019-12-09 01:04:39 - [TEST_STEP][PASSED] - click(findTestObject("hic/stm/female")): Object: 'Object Repository/hic/stm/female' is clicked on

2019-12-09 01:04:39 - [MESSAGE][PASSED] - Object: 'Object Repository/hic/stm/female' is clicked on

2019-12-09 01:04:39 - [TEST_STEP][PASSED] - Thread.sleep(3000): null

2019-12-09 01:04:42 - [TEST_STEP][PASSED] - click(findTestObject("hic/stm/submitButton")): Object: 'Object Repository/hic/stm/submitButton' is clicked on

2019-12-09 01:04:49 - [MESSAGE][PASSED] - Object: 'Object Repository/hic/stm/submitButton' is clicked on

2019-12-09 01:04:49 - [TEST_STEP][PASSED] - Thread.sleep(6000): null

2019-12-09 01:04:55 - [TEST_STEP][PASSED] - callTestCase(findTestCase("AHI/_include/get_screenshot"), [:], STOP_ON_FAILURE): Call Test Case 'Test Cases/AHI/_include/get_screenshot' successfully

2019-12-09 01:04:55 - [TEST_CASE][PASSED] - Test Cases/AHI/_include/get_screenshot: Test Cases/AHI/_include/get_screenshot

2019-12-09 01:04:55 - [TEST_STEP][PASSED] - takeScreenshot(screenPath + i + ".png"): Taking screenshot successfully

2019-12-09 01:04:56 - [MESSAGE][PASSED] - Taking screenshot successfully
[[ATTACHMENT|D:\\Test\\AgileTest\\Reports\\HIC\\hic\\20191209_004704\\../Screenshots/iPhone 6/HIC/STM/AdvantHealth/20191209_010430/2.png]]

2019-12-09 01:04:56 - [TEST_STEP][PASSED] - (internal.GlobalVariable.i++): null

2019-12-09 01:04:56 - [MESSAGE][PASSED] - Call Test Case 'Test Cases/AHI/_include/get_screenshot' successfully

2019-12-09 01:04:56 - [TEST_STEP][PASSED] - Thread.sleep(1000): null

2019-12-09 01:04:57 - [MESSAGE][PASSED] - Call Test Case 'Test Cases/HIC/_include/stm_census' successfully

2019-12-09 01:04:57 - [TEST_STEP][FAILED] - callTestCase(findTestCase("AHI/_include/filter_stm"), ["carrier":"advanthealth"], STOP_ON_FAILURE): callTestCase(findTestCase("AHI/_include/filter_stm"), ["carrier":"advanthealth"], STOP_ON_FAILURE) FAILED.
Reason:
com.kms.katalon.core.exception.StepFailedException: Unable to click on object 'Object Repository/mobileSanity/STM/STM Quote Page/button_filters' (Root cause: org.openqa.selenium.WebDriverException: unknown error: Element <button type="button" class="js-toggle-others c-filter-toggle-v3 ">...</button> is not clickable at point (173, 138). Other element would receive the click: <p class="leadBox--subheader">...</p>
  (Session info: chrome=78.0.3904.108)
  (Driver info: chromedriver=2.43.600210 (68dcf5eebde37173d4027fa8635e332711d2874a),platform=Windows NT 6.3.9600 x86_64) (WARNING: The server did not provide any stacktrace information)
Command duration or timeout: 0 milliseconds
Build info: version: '3.7.1', revision: '8a0099a', time: '2017-11-06T21:07:36.161Z'
System info: host: 'WIN-U215233FMVE', ip: '172.30.0.53', os.name: 'Windows Server 2012 R2', os.arch: 'amd64', os.version: '6.3', java.version: '1.8.0_181'
Driver info: com.kms.katalon.selenium.driver.CChromeDriver
Capabilities {acceptInsecureCerts: false, acceptSslCerts: false, applicationCacheEnabled: false, browserConnectionEnabled: false, browserName: chrome, chrome: {chromedriverVersion: 2.43.600210 (68dcf5eebde371..., userDataDir: C:\Users\ADMINI~1\AppData\L...}, cssSelectorsEnabled: true, databaseEnabled: false, goog:chromeOptions: {debuggerAddress: localhost:65088}, handlesAlerts: true, hasTouchScreen: true, javascriptEnabled: true, locationContextEnabled: true, mobileEmulationEnabled: true, nativeEvents: true, networkConnectionEnabled: false, pageLoadStrategy: normal, platform: XP, platformName: XP, rotatable: false, setWindowRect: true, takesHeapSnapshot: true, takesScreenshot: true, unexpectedAlertBehaviour: , unhandledPromptBehavior: , version: 78.0.3904.108, webStorageEnabled: true}
Session ID: 9713f87d7b52e8678f4112b16c1656ec)
	at com.kms.katalon.core.keyword.internal.KeywordMain.stepFailed(KeywordMain.groovy:36)
	at com.kms.katalon.core.webui.keyword.internal.WebUIKeywordMain.stepFailed(WebUIKeywordMain.groovy:65)
	at com.kms.katalon.core.webui.keyword.internal.WebUIKeywordMain.runKeyword(WebUIKeywordMain.groovy:27)
	at com.kms.katalon.core.webui.keyword.builtin.ClickKeyword.click(ClickKeyword.groovy:86)
	at com.kms.katalon.core.webui.keyword.builtin.ClickKeyword.execute(ClickKeyword.groovy:67)
	at com.kms.katalon.core.keyword.internal.KeywordExecutor.executeKeywordForPlatform(KeywordExecutor.groovy:53)
	at com.kms.katalon.core.webui.keyword.WebUiBuiltInKeywords.click(WebUiBuiltInKeywords.groovy:616)
	at com.kms.katalon.core.webui.keyword.WebUiBuiltInKeywords$click$2.call(Unknown Source)
	at filter_stm.run(filter_stm:28)
	at com.kms.katalon.core.main.ScriptEngine.run(ScriptEngine.java:194)
	at com.kms.katalon.core.main.ScriptEngine.runScriptAsRawText(ScriptEngine.java:119)
	at com.kms.katalon.core.main.TestCaseExecutor.runScript(TestCaseExecutor.java:328)
	at com.kms.katalon.core.main.TestCaseExecutor.doExecute(TestCaseExecutor.java:319)
	at com.kms.katalon.core.main.TestCaseExecutor.processExecutionPhase(TestCaseExecutor.java:298)
	at com.kms.katalon.core.main.TestCaseExecutor.accessMainPhase(TestCaseExecutor.java:290)
	at com.kms.katalon.core.main.TestCaseExecutor.execute(TestCaseExecutor.java:224)
	at com.kms.katalon.core.main.TestCaseMain.runTestCase(TestCaseMain.java:106)
	at com.kms.katalon.core.keyword.builtin.CallTestCaseKeyword$_callTestCase_closure1.doCall(CallTestCaseKeyword.groovy:59)
	at com.kms.katalon.core.keyword.builtin.CallTestCaseKeyword$_callTestCase_closure1.call(CallTestCaseKeyword.groovy)
	at com.kms.katalon.core.keyword.internal.KeywordMain.runKeyword(KeywordMain.groovy:54)
	at com.kms.katalon.core.keyword.builtin.CallTestCaseKeyword.callTestCase(CallTestCaseKeyword.groovy:80)
	at com.kms.katalon.core.keyword.builtin.CallTestCaseKeyword.execute(CallTestCaseKeyword.groovy:44)
	at com.kms.katalon.core.keyword.internal.KeywordExecutor.executeKeywordForPlatform(KeywordExecutor.groovy:53)
	at com.kms.katalon.core.keyword.BuiltinKeywords.callTestCase(BuiltinKeywords.groovy:334)
	at AdvantHealth.run(AdvantHealth:36)
	at com.kms.katalon.core.main.ScriptEngine.run(ScriptEngine.java:194)
	at com.kms.katalon.core.main.ScriptEngine.runScriptAsRawText(ScriptEngine.java:119)
	at com.kms.katalon.core.main.TestCaseExecutor.runScript(TestCaseExecutor.java:328)
	at com.kms.katalon.core.main.TestCaseExecutor.doExecute(TestCaseExecutor.java:319)
	at com.kms.katalon.core.main.TestCaseExecutor.processExecutionPhase(TestCaseExecutor.java:298)
	at com.kms.katalon.core.main.TestCaseExecutor.accessMainPhase(TestCaseExecutor.java:290)
	at com.kms.katalon.core.main.TestCaseExecutor.execute(TestCaseExecutor.java:224)
	at com.kms.katalon.core.main.TestSuiteExecutor.accessTestCaseMainPhase(TestSuiteExecutor.java:129)
	at com.kms.katalon.core.main.TestSuiteExecutor.accessTestSuiteMainPhase(TestSuiteExecutor.java:112)
	at com.kms.katalon.core.main.TestSuiteExecutor.execute(TestSuiteExecutor.java:81)
	at com.kms.katalon.core.main.TestCaseMain.startTestSuite(TestCaseMain.java:149)
	at com.kms.katalon.core.main.TestCaseMain$startTestSuite$0.call(Unknown Source)
	at TempTestSuite1575870424581.run(TempTestSuite1575870424581.groovy:36)


2019-12-09 01:04:57 - [TEST_CASE][FAILED] - Test Cases/AHI/_include/filter_stm: Test Cases/AHI/_include/filter_stm FAILED.
Reason:
com.kms.katalon.core.exception.StepFailedException: Unable to click on object 'Object Repository/mobileSanity/STM/STM Quote Page/button_filters' (Root cause: org.openqa.selenium.WebDriverException: unknown error: Element <button type="button" class="js-toggle-others c-filter-toggle-v3 ">...</button> is not clickable at point (173, 138). Other element would receive the click: <p class="leadBox--subheader">...</p>
  (Session info: chrome=78.0.3904.108)
  (Driver info: chromedriver=2.43.600210 (68dcf5eebde37173d4027fa8635e332711d2874a),platform=Windows NT 6.3.9600 x86_64) (WARNING: The server did not provide any stacktrace information)
Command duration or timeout: 0 milliseconds
Build info: version: '3.7.1', revision: '8a0099a', time: '2017-11-06T21:07:36.161Z'
System info: host: 'WIN-U215233FMVE', ip: '172.30.0.53', os.name: 'Windows Server 2012 R2', os.arch: 'amd64', os.version: '6.3', java.version: '1.8.0_181'
Driver info: com.kms.katalon.selenium.driver.CChromeDriver
Capabilities {acceptInsecureCerts: false, acceptSslCerts: false, applicationCacheEnabled: false, browserConnectionEnabled: false, browserName: chrome, chrome: {chromedriverVersion: 2.43.600210 (68dcf5eebde371..., userDataDir: C:\Users\ADMINI~1\AppData\L...}, cssSelectorsEnabled: true, databaseEnabled: false, goog:chromeOptions: {debuggerAddress: localhost:65088}, handlesAlerts: true, hasTouchScreen: true, javascriptEnabled: true, locationContextEnabled: true, mobileEmulationEnabled: true, nativeEvents: true, networkConnectionEnabled: false, pageLoadStrategy: normal, platform: XP, platformName: XP, rotatable: false, setWindowRect: true, takesHeapSnapshot: true, takesScreenshot: true, unexpectedAlertBehaviour: , unhandledPromptBehavior: , version: 78.0.3904.108, webStorageEnabled: true}
Session ID: 9713f87d7b52e8678f4112b16c1656ec)
	at com.kms.katalon.core.keyword.internal.KeywordMain.stepFailed(KeywordMain.groovy:36)
	at com.kms.katalon.core.webui.keyword.internal.WebUIKeywordMain.stepFailed(WebUIKeywordMain.groovy:65)
	at com.kms.katalon.core.webui.keyword.internal.WebUIKeywordMain.runKeyword(WebUIKeywordMain.groovy:27)
	at com.kms.katalon.core.webui.keyword.builtin.ClickKeyword.click(ClickKeyword.groovy:86)
	at com.kms.katalon.core.webui.keyword.builtin.ClickKeyword.execute(ClickKeyword.groovy:67)
	at com.kms.katalon.core.keyword.internal.KeywordExecutor.executeKeywordForPlatform(KeywordExecutor.groovy:53)
	at com.kms.katalon.core.webui.keyword.WebUiBuiltInKeywords.click(WebUiBuiltInKeywords.groovy:616)
	at com.kms.katalon.core.webui.keyword.WebUiBuiltInKeywords$click$2.call(Unknown Source)
	at filter_stm.run(filter_stm:28)
	at com.kms.katalon.core.main.ScriptEngine.run(ScriptEngine.java:194)
	at com.kms.katalon.core.main.ScriptEngine.runScriptAsRawText(ScriptEngine.java:119)
	at com.kms.katalon.core.main.TestCaseExecutor.runScript(TestCaseExecutor.java:328)
	at com.kms.katalon.core.main.TestCaseExecutor.doExecute(TestCaseExecutor.java:319)
	at com.kms.katalon.core.main.TestCaseExecutor.processExecutionPhase(TestCaseExecutor.java:298)
	at com.kms.katalon.core.main.TestCaseExecutor.accessMainPhase(TestCaseExecutor.java:290)
	at com.kms.katalon.core.main.TestCaseExecutor.execute(TestCaseExecutor.java:224)
	at com.kms.katalon.core.main.TestCaseMain.runTestCase(TestCaseMain.java:106)
	at com.kms.katalon.core.keyword.builtin.CallTestCaseKeyword$_callTestCase_closure1.doCall(CallTestCaseKeyword.groovy:59)
	at com.kms.katalon.core.keyword.builtin.CallTestCaseKeyword$_callTestCase_closure1.call(CallTestCaseKeyword.groovy)
	at com.kms.katalon.core.keyword.internal.KeywordMain.runKeyword(KeywordMain.groovy:54)
	at com.kms.katalon.core.keyword.builtin.CallTestCaseKeyword.callTestCase(CallTestCaseKeyword.groovy:80)
	at com.kms.katalon.core.keyword.builtin.CallTestCaseKeyword.execute(CallTestCaseKeyword.groovy:44)
	at com.kms.katalon.core.keyword.internal.KeywordExecutor.executeKeywordForPlatform(KeywordExecutor.groovy:53)
	at com.kms.katalon.core.keyword.BuiltinKeywords.callTestCase(BuiltinKeywords.groovy:334)
	at AdvantHealth.run(AdvantHealth:36)
	at com.kms.katalon.core.main.ScriptEngine.run(ScriptEngine.java:194)
	at com.kms.katalon.core.main.ScriptEngine.runScriptAsRawText(ScriptEngine.java:119)
	at com.kms.katalon.core.main.TestCaseExecutor.runScript(TestCaseExecutor.java:328)
	at com.kms.katalon.core.main.TestCaseExecutor.doExecute(TestCaseExecutor.java:319)
	at com.kms.katalon.core.main.TestCaseExecutor.processExecutionPhase(TestCaseExecutor.java:298)
	at com.kms.katalon.core.main.TestCaseExecutor.accessMainPhase(TestCaseExecutor.java:290)
	at com.kms.katalon.core.main.TestCaseExecutor.execute(TestCaseExecutor.java:224)
	at com.kms.katalon.core.main.TestSuiteExecutor.accessTestCaseMainPhase(TestSuiteExecutor.java:129)
	at com.kms.katalon.core.main.TestSuiteExecutor.accessTestSuiteMainPhase(TestSuiteExecutor.java:112)
	at com.kms.katalon.core.main.TestSuiteExecutor.execute(TestSuiteExecutor.java:81)
	at com.kms.katalon.core.main.TestCaseMain.startTestSuite(TestCaseMain.java:149)
	at com.kms.katalon.core.main.TestCaseMain$startTestSuite$0.call(Unknown Source)
	at TempTestSuite1575870424581.run(TempTestSuite1575870424581.groovy:36)


2019-12-09 01:04:57 - [TEST_STEP][PASSED] - driver = getWebDriver(): null

2019-12-09 01:04:57 - [TEST_STEP][PASSED] - selenium = new com.thoughtworks.selenium.webdriven.WebDriverBackedSelenium(driver, internal.GlobalVariable.ENV): null

2019-12-09 01:04:57 - [TEST_STEP][PASSED] - Thread.sleep(1000): null

2019-12-09 01:04:58 - [TEST_STEP][FAILED] - click(findTestObject("mobileSanity/STM/STM Quote Page/button_filters")): click(findTestObject("mobileSanity/STM/STM Quote Page/button_filters")) FAILED.
Reason:
com.kms.katalon.core.exception.StepFailedException: Unable to click on object 'Object Repository/mobileSanity/STM/STM Quote Page/button_filters' (Root cause: org.openqa.selenium.WebDriverException: unknown error: Element <button type="button" class="js-toggle-others c-filter-toggle-v3 ">...</button> is not clickable at point (173, 138). Other element would receive the click: <p class="leadBox--subheader">...</p>
  (Session info: chrome=78.0.3904.108)
  (Driver info: chromedriver=2.43.600210 (68dcf5eebde37173d4027fa8635e332711d2874a),platform=Windows NT 6.3.9600 x86_64) (WARNING: The server did not provide any stacktrace information)
Command duration or timeout: 0 milliseconds
Build info: version: '3.7.1', revision: '8a0099a', time: '2017-11-06T21:07:36.161Z'
System info: host: 'WIN-U215233FMVE', ip: '172.30.0.53', os.name: 'Windows Server 2012 R2', os.arch: 'amd64', os.version: '6.3', java.version: '1.8.0_181'
Driver info: com.kms.katalon.selenium.driver.CChromeDriver
Capabilities {acceptInsecureCerts: false, acceptSslCerts: false, applicationCacheEnabled: false, browserConnectionEnabled: false, browserName: chrome, chrome: {chromedriverVersion: 2.43.600210 (68dcf5eebde371..., userDataDir: C:\Users\ADMINI~1\AppData\L...}, cssSelectorsEnabled: true, databaseEnabled: false, goog:chromeOptions: {debuggerAddress: localhost:65088}, handlesAlerts: true, hasTouchScreen: true, javascriptEnabled: true, locationContextEnabled: true, mobileEmulationEnabled: true, nativeEvents: true, networkConnectionEnabled: false, pageLoadStrategy: normal, platform: XP, platformName: XP, rotatable: false, setWindowRect: true, takesHeapSnapshot: true, takesScreenshot: true, unexpectedAlertBehaviour: , unhandledPromptBehavior: , version: 78.0.3904.108, webStorageEnabled: true}
Session ID: 9713f87d7b52e8678f4112b16c1656ec)
	at com.kms.katalon.core.keyword.internal.KeywordMain.stepFailed(KeywordMain.groovy:36)
	at com.kms.katalon.core.webui.keyword.internal.WebUIKeywordMain.stepFailed(WebUIKeywordMain.groovy:65)
	at com.kms.katalon.core.webui.keyword.internal.WebUIKeywordMain.runKeyword(WebUIKeywordMain.groovy:27)
	at com.kms.katalon.core.webui.keyword.builtin.ClickKeyword.click(ClickKeyword.groovy:86)
	at com.kms.katalon.core.webui.keyword.builtin.ClickKeyword.execute(ClickKeyword.groovy:67)
	at com.kms.katalon.core.keyword.internal.KeywordExecutor.executeKeywordForPlatform(KeywordExecutor.groovy:53)
	at com.kms.katalon.core.webui.keyword.WebUiBuiltInKeywords.click(WebUiBuiltInKeywords.groovy:616)
	at com.kms.katalon.core.webui.keyword.WebUiBuiltInKeywords$click$2.call(Unknown Source)
	at filter_stm.run(filter_stm:28)
	at com.kms.katalon.core.main.ScriptEngine.run(ScriptEngine.java:194)
	at com.kms.katalon.core.main.ScriptEngine.runScriptAsRawText(ScriptEngine.java:119)
	at com.kms.katalon.core.main.TestCaseExecutor.runScript(TestCaseExecutor.java:328)
	at com.kms.katalon.core.main.TestCaseExecutor.doExecute(TestCaseExecutor.java:319)
	at com.kms.katalon.core.main.TestCaseExecutor.processExecutionPhase(TestCaseExecutor.java:298)
	at com.kms.katalon.core.main.TestCaseExecutor.accessMainPhase(TestCaseExecutor.java:290)
	at com.kms.katalon.core.main.TestCaseExecutor.execute(TestCaseExecutor.java:224)
	at com.kms.katalon.core.main.TestCaseMain.runTestCase(TestCaseMain.java:106)
	at com.kms.katalon.core.keyword.builtin.CallTestCaseKeyword$_callTestCase_closure1.doCall(CallTestCaseKeyword.groovy:59)
	at com.kms.katalon.core.keyword.builtin.CallTestCaseKeyword$_callTestCase_closure1.call(CallTestCaseKeyword.groovy)
	at com.kms.katalon.core.keyword.internal.KeywordMain.runKeyword(KeywordMain.groovy:54)
	at com.kms.katalon.core.keyword.builtin.CallTestCaseKeyword.callTestCase(CallTestCaseKeyword.groovy:80)
	at com.kms.katalon.core.keyword.builtin.CallTestCaseKeyword.execute(CallTestCaseKeyword.groovy:44)
	at com.kms.katalon.core.keyword.internal.KeywordExecutor.executeKeywordForPlatform(KeywordExecutor.groovy:53)
	at com.kms.katalon.core.keyword.BuiltinKeywords.callTestCase(BuiltinKeywords.groovy:334)
	at AdvantHealth.run(AdvantHealth:36)
	at com.kms.katalon.core.main.ScriptEngine.run(ScriptEngine.java:194)
	at com.kms.katalon.core.main.ScriptEngine.runScriptAsRawText(ScriptEngine.java:119)
	at com.kms.katalon.core.main.TestCaseExecutor.runScript(TestCaseExecutor.java:328)
	at com.kms.katalon.core.main.TestCaseExecutor.doExecute(TestCaseExecutor.java:319)
	at com.kms.katalon.core.main.TestCaseExecutor.processExecutionPhase(TestCaseExecutor.java:298)
	at com.kms.katalon.core.main.TestCaseExecutor.accessMainPhase(TestCaseExecutor.java:290)
	at com.kms.katalon.core.main.TestCaseExecutor.execute(TestCaseExecutor.java:224)
	at com.kms.katalon.core.main.TestSuiteExecutor.accessTestCaseMainPhase(TestSuiteExecutor.java:129)
	at com.kms.katalon.core.main.TestSuiteExecutor.accessTestSuiteMainPhase(TestSuiteExecutor.java:112)
	at com.kms.katalon.core.main.TestSuiteExecutor.execute(TestSuiteExecutor.java:81)
	at com.kms.katalon.core.main.TestCaseMain.startTestSuite(TestCaseMain.java:149)
	at com.kms.katalon.core.main.TestCaseMain$startTestSuite$0.call(Unknown Source)
	at TempTestSuite1575870424581.run(TempTestSuite1575870424581.groovy:36)


2019-12-09 01:04:59 - [MESSAGE][FAILED] - Unable to click on object 'Object Repository/mobileSanity/STM/STM Quote Page/button_filters' (Root cause: org.openqa.selenium.WebDriverException: unknown error: Element <button type="button" class="js-toggle-others c-filter-toggle-v3 ">...</button> is not clickable at point (173, 138). Other element would receive the click: <p class="leadBox--subheader">...</p>
  (Session info: chrome=78.0.3904.108)
  (Driver info: chromedriver=2.43.600210 (68dcf5eebde37173d4027fa8635e332711d2874a),platform=Windows NT 6.3.9600 x86_64) (WARNING: The server did not provide any stacktrace information)
Command duration or timeout: 0 milliseconds
Build info: version: '3.7.1', revision: '8a0099a', time: '2017-11-06T21:07:36.161Z'
System info: host: 'WIN-U215233FMVE', ip: '172.30.0.53', os.name: 'Windows Server 2012 R2', os.arch: 'amd64', os.version: '6.3', java.version: '1.8.0_181'
Driver info: com.kms.katalon.selenium.driver.CChromeDriver
Capabilities {acceptInsecureCerts: false, acceptSslCerts: false, applicationCacheEnabled: false, browserConnectionEnabled: false, browserName: chrome, chrome: {chromedriverVersion: 2.43.600210 (68dcf5eebde371..., userDataDir: C:\Users\ADMINI~1\AppData\L...}, cssSelectorsEnabled: true, databaseEnabled: false, goog:chromeOptions: {debuggerAddress: localhost:65088}, handlesAlerts: true, hasTouchScreen: true, javascriptEnabled: true, locationContextEnabled: true, mobileEmulationEnabled: true, nativeEvents: true, networkConnectionEnabled: false, pageLoadStrategy: normal, platform: XP, platformName: XP, rotatable: false, setWindowRect: true, takesHeapSnapshot: true, takesScreenshot: true, unexpectedAlertBehaviour: , unhandledPromptBehavior: , version: 78.0.3904.108, webStorageEnabled: true}
Session ID: 9713f87d7b52e8678f4112b16c1656ec)
[[ATTACHMENT|D:\\Test\\AgileTest\\Reports\\HIC\\hic\\20191209_004704\\1575871498931.png]]

2019-12-09 01:04:59 - [MESSAGE][FAILED] - click(findTestObject("mobileSanity/STM/STM Quote Page/button_filters")) FAILED.
Reason:
com.kms.katalon.core.exception.StepFailedException: Unable to click on object 'Object Repository/mobileSanity/STM/STM Quote Page/button_filters' (Root cause: org.openqa.selenium.WebDriverException: unknown error: Element <button type="button" class="js-toggle-others c-filter-toggle-v3 ">...</button> is not clickable at point (173, 138). Other element would receive the click: <p class="leadBox--subheader">...</p>
  (Session info: chrome=78.0.3904.108)
  (Driver info: chromedriver=2.43.600210 (68dcf5eebde37173d4027fa8635e332711d2874a),platform=Windows NT 6.3.9600 x86_64) (WARNING: The server did not provide any stacktrace information)
Command duration or timeout: 0 milliseconds
Build info: version: '3.7.1', revision: '8a0099a', time: '2017-11-06T21:07:36.161Z'
System info: host: 'WIN-U215233FMVE', ip: '172.30.0.53', os.name: 'Windows Server 2012 R2', os.arch: 'amd64', os.version: '6.3', java.version: '1.8.0_181'
Driver info: com.kms.katalon.selenium.driver.CChromeDriver
Capabilities {acceptInsecureCerts: false, acceptSslCerts: false, applicationCacheEnabled: false, browserConnectionEnabled: false, browserName: chrome, chrome: {chromedriverVersion: 2.43.600210 (68dcf5eebde371..., userDataDir: C:\Users\ADMINI~1\AppData\L...}, cssSelectorsEnabled: true, databaseEnabled: false, goog:chromeOptions: {debuggerAddress: localhost:65088}, handlesAlerts: true, hasTouchScreen: true, javascriptEnabled: true, locationContextEnabled: true, mobileEmulationEnabled: true, nativeEvents: true, networkConnectionEnabled: false, pageLoadStrategy: normal, platform: XP, platformName: XP, rotatable: false, setWindowRect: true, takesHeapSnapshot: true, takesScreenshot: true, unexpectedAlertBehaviour: , unhandledPromptBehavior: , version: 78.0.3904.108, webStorageEnabled: true}
Session ID: 9713f87d7b52e8678f4112b16c1656ec)
	at com.kms.katalon.core.keyword.internal.KeywordMain.stepFailed(KeywordMain.groovy:36)
	at com.kms.katalon.core.webui.keyword.internal.WebUIKeywordMain.stepFailed(WebUIKeywordMain.groovy:65)
	at com.kms.katalon.core.webui.keyword.internal.WebUIKeywordMain.runKeyword(WebUIKeywordMain.groovy:27)
	at com.kms.katalon.core.webui.keyword.builtin.ClickKeyword.click(ClickKeyword.groovy:86)
	at com.kms.katalon.core.webui.keyword.builtin.ClickKeyword.execute(ClickKeyword.groovy:67)
	at com.kms.katalon.core.keyword.internal.KeywordExecutor.executeKeywordForPlatform(KeywordExecutor.groovy:53)
	at com.kms.katalon.core.webui.keyword.WebUiBuiltInKeywords.click(WebUiBuiltInKeywords.groovy:616)
	at com.kms.katalon.core.webui.keyword.WebUiBuiltInKeywords$click$2.call(Unknown Source)
	at filter_stm.run(filter_stm:28)
	at com.kms.katalon.core.main.ScriptEngine.run(ScriptEngine.java:194)
	at com.kms.katalon.core.main.ScriptEngine.runScriptAsRawText(ScriptEngine.java:119)
	at com.kms.katalon.core.main.TestCaseExecutor.runScript(TestCaseExecutor.java:328)
	at com.kms.katalon.core.main.TestCaseExecutor.doExecute(TestCaseExecutor.java:319)
	at com.kms.katalon.core.main.TestCaseExecutor.processExecutionPhase(TestCaseExecutor.java:298)
	at com.kms.katalon.core.main.TestCaseExecutor.accessMainPhase(TestCaseExecutor.java:290)
	at com.kms.katalon.core.main.TestCaseExecutor.execute(TestCaseExecutor.java:224)
	at com.kms.katalon.core.main.TestCaseMain.runTestCase(TestCaseMain.java:106)
	at com.kms.katalon.core.keyword.builtin.CallTestCaseKeyword$_callTestCase_closure1.doCall(CallTestCaseKeyword.groovy:59)
	at com.kms.katalon.core.keyword.builtin.CallTestCaseKeyword$_callTestCase_closure1.call(CallTestCaseKeyword.groovy)
	at com.kms.katalon.core.keyword.internal.KeywordMain.runKeyword(KeywordMain.groovy:54)
	at com.kms.katalon.core.keyword.builtin.CallTestCaseKeyword.callTestCase(CallTestCaseKeyword.groovy:80)
	at com.kms.katalon.core.keyword.builtin.CallTestCaseKeyword.execute(CallTestCaseKeyword.groovy:44)
	at com.kms.katalon.core.keyword.internal.KeywordExecutor.executeKeywordForPlatform(KeywordExecutor.groovy:53)
	at com.kms.katalon.core.keyword.BuiltinKeywords.callTestCase(BuiltinKeywords.groovy:334)
	at AdvantHealth.run(AdvantHealth:36)
	at com.kms.katalon.core.main.ScriptEngine.run(ScriptEngine.java:194)
	at com.kms.katalon.core.main.ScriptEngine.runScriptAsRawText(ScriptEngine.java:119)
	at com.kms.katalon.core.main.TestCaseExecutor.runScript(TestCaseExecutor.java:328)
	at com.kms.katalon.core.main.TestCaseExecutor.doExecute(TestCaseExecutor.java:319)
	at com.kms.katalon.core.main.TestCaseExecutor.processExecutionPhase(TestCaseExecutor.java:298)
	at com.kms.katalon.core.main.TestCaseExecutor.accessMainPhase(TestCaseExecutor.java:290)
	at com.kms.katalon.core.main.TestCaseExecutor.execute(TestCaseExecutor.java:224)
	at com.kms.katalon.core.main.TestSuiteExecutor.accessTestCaseMainPhase(TestSuiteExecutor.java:129)
	at com.kms.katalon.core.main.TestSuiteExecutor.accessTestSuiteMainPhase(TestSuiteExecutor.java:112)
	at com.kms.katalon.core.main.TestSuiteExecutor.execute(TestSuiteExecutor.java:81)
	at com.kms.katalon.core.main.TestCaseMain.startTestSuite(TestCaseMain.java:149)
	at com.kms.katalon.core.main.TestCaseMain$startTestSuite$0.call(Unknown Source)
	at TempTestSuite1575870424581.run(TempTestSuite1575870424581.groovy:36)


2019-12-09 01:04:59 - [MESSAGE][FAILED] - Unable to call Test Case 'Test Cases/AHI/_include/filter_stm' (Root cause: com.kms.katalon.core.exception.StepFailedException: Call Test Case 'Test Cases/AHI/_include/filter_stm' failed)

2019-12-09 01:04:59 - [MESSAGE][FAILED] - callTestCase(findTestCase("AHI/_include/filter_stm"), ["carrier":"advanthealth"], STOP_ON_FAILURE) FAILED.
Reason:
com.kms.katalon.core.exception.StepFailedException: Unable to click on object 'Object Repository/mobileSanity/STM/STM Quote Page/button_filters' (Root cause: org.openqa.selenium.WebDriverException: unknown error: Element <button type="button" class="js-toggle-others c-filter-toggle-v3 ">...</button> is not clickable at point (173, 138). Other element would receive the click: <p class="leadBox--subheader">...</p>
  (Session info: chrome=78.0.3904.108)
  (Driver info: chromedriver=2.43.600210 (68dcf5eebde37173d4027fa8635e332711d2874a),platform=Windows NT 6.3.9600 x86_64) (WARNING: The server did not provide any stacktrace information)
Command duration or timeout: 0 milliseconds
Build info: version: '3.7.1', revision: '8a0099a', time: '2017-11-06T21:07:36.161Z'
System info: host: 'WIN-U215233FMVE', ip: '172.30.0.53', os.name: 'Windows Server 2012 R2', os.arch: 'amd64', os.version: '6.3', java.version: '1.8.0_181'
Driver info: com.kms.katalon.selenium.driver.CChromeDriver
Capabilities {acceptInsecureCerts: false, acceptSslCerts: false, applicationCacheEnabled: false, browserConnectionEnabled: false, browserName: chrome, chrome: {chromedriverVersion: 2.43.600210 (68dcf5eebde371..., userDataDir: C:\Users\ADMINI~1\AppData\L...}, cssSelectorsEnabled: true, databaseEnabled: false, goog:chromeOptions: {debuggerAddress: localhost:65088}, handlesAlerts: true, hasTouchScreen: true, javascriptEnabled: true, locationContextEnabled: true, mobileEmulationEnabled: true, nativeEvents: true, networkConnectionEnabled: false, pageLoadStrategy: normal, platform: XP, platformName: XP, rotatable: false, setWindowRect: true, takesHeapSnapshot: true, takesScreenshot: true, unexpectedAlertBehaviour: , unhandledPromptBehavior: , version: 78.0.3904.108, webStorageEnabled: true}
Session ID: 9713f87d7b52e8678f4112b16c1656ec)
	at com.kms.katalon.core.keyword.internal.KeywordMain.stepFailed(KeywordMain.groovy:36)
	at com.kms.katalon.core.webui.keyword.internal.WebUIKeywordMain.stepFailed(WebUIKeywordMain.groovy:65)
	at com.kms.katalon.core.webui.keyword.internal.WebUIKeywordMain.runKeyword(WebUIKeywordMain.groovy:27)
	at com.kms.katalon.core.webui.keyword.builtin.ClickKeyword.click(ClickKeyword.groovy:86)
	at com.kms.katalon.core.webui.keyword.builtin.ClickKeyword.execute(ClickKeyword.groovy:67)
	at com.kms.katalon.core.keyword.internal.KeywordExecutor.executeKeywordForPlatform(KeywordExecutor.groovy:53)
	at com.kms.katalon.core.webui.keyword.WebUiBuiltInKeywords.click(WebUiBuiltInKeywords.groovy:616)
	at com.kms.katalon.core.webui.keyword.WebUiBuiltInKeywords$click$2.call(Unknown Source)
	at filter_stm.run(filter_stm:28)
	at com.kms.katalon.core.main.ScriptEngine.run(ScriptEngine.java:194)
	at com.kms.katalon.core.main.ScriptEngine.runScriptAsRawText(ScriptEngine.java:119)
	at com.kms.katalon.core.main.TestCaseExecutor.runScript(TestCaseExecutor.java:328)
	at com.kms.katalon.core.main.TestCaseExecutor.doExecute(TestCaseExecutor.java:319)
	at com.kms.katalon.core.main.TestCaseExecutor.processExecutionPhase(TestCaseExecutor.java:298)
	at com.kms.katalon.core.main.TestCaseExecutor.accessMainPhase(TestCaseExecutor.java:290)
	at com.kms.katalon.core.main.TestCaseExecutor.execute(TestCaseExecutor.java:224)
	at com.kms.katalon.core.main.TestCaseMain.runTestCase(TestCaseMain.java:106)
	at com.kms.katalon.core.keyword.builtin.CallTestCaseKeyword$_callTestCase_closure1.doCall(CallTestCaseKeyword.groovy:59)
	at com.kms.katalon.core.keyword.builtin.CallTestCaseKeyword$_callTestCase_closure1.call(CallTestCaseKeyword.groovy)
	at com.kms.katalon.core.keyword.internal.KeywordMain.runKeyword(KeywordMain.groovy:54)
	at com.kms.katalon.core.keyword.builtin.CallTestCaseKeyword.callTestCase(CallTestCaseKeyword.groovy:80)
	at com.kms.katalon.core.keyword.builtin.CallTestCaseKeyword.execute(CallTestCaseKeyword.groovy:44)
	at com.kms.katalon.core.keyword.internal.KeywordExecutor.executeKeywordForPlatform(KeywordExecutor.groovy:53)
	at com.kms.katalon.core.keyword.BuiltinKeywords.callTestCase(BuiltinKeywords.groovy:334)
	at AdvantHealth.run(AdvantHealth:36)
	at com.kms.katalon.core.main.ScriptEngine.run(ScriptEngine.java:194)
	at com.kms.katalon.core.main.ScriptEngine.runScriptAsRawText(ScriptEngine.java:119)
	at com.kms.katalon.core.main.TestCaseExecutor.runScript(TestCaseExecutor.java:328)
	at com.kms.katalon.core.main.TestCaseExecutor.doExecute(TestCaseExecutor.java:319)
	at com.kms.katalon.core.main.TestCaseExecutor.processExecutionPhase(TestCaseExecutor.java:298)
	at com.kms.katalon.core.main.TestCaseExecutor.accessMainPhase(TestCaseExecutor.java:290)
	at com.kms.katalon.core.main.TestCaseExecutor.execute(TestCaseExecutor.java:224)
	at com.kms.katalon.core.main.TestSuiteExecutor.accessTestCaseMainPhase(TestSuiteExecutor.java:129)
	at com.kms.katalon.core.main.TestSuiteExecutor.accessTestSuiteMainPhase(TestSuiteExecutor.java:112)
	at com.kms.katalon.core.main.TestSuiteExecutor.execute(TestSuiteExecutor.java:81)
	at com.kms.katalon.core.main.TestCaseMain.startTestSuite(TestCaseMain.java:149)
	at com.kms.katalon.core.main.TestCaseMain$startTestSuite$0.call(Unknown Source)
	at TempTestSuite1575870424581.run(TempTestSuite1575870424581.groovy:36)]]></system-out>
         <system-err><![CDATA[2019-12-09 01:04:30 - [TEST_CASE][FAILED] - Test Cases/HIC/STM/AdvantHealth: Test Cases/HIC/STM/AdvantHealth FAILED.
Reason:
com.kms.katalon.core.exception.StepFailedException: Unable to click on object 'Object Repository/mobileSanity/STM/STM Quote Page/button_filters' (Root cause: org.openqa.selenium.WebDriverException: unknown error: Element <button type="button" class="js-toggle-others c-filter-toggle-v3 ">...</button> is not clickable at point (173, 138). Other element would receive the click: <p class="leadBox--subheader">...</p>
  (Session info: chrome=78.0.3904.108)
  (Driver info: chromedriver=2.43.600210 (68dcf5eebde37173d4027fa8635e332711d2874a),platform=Windows NT 6.3.9600 x86_64) (WARNING: The server did not provide any stacktrace information)
Command duration or timeout: 0 milliseconds
Build info: version: '3.7.1', revision: '8a0099a', time: '2017-11-06T21:07:36.161Z'
System info: host: 'WIN-U215233FMVE', ip: '172.30.0.53', os.name: 'Windows Server 2012 R2', os.arch: 'amd64', os.version: '6.3', java.version: '1.8.0_181'
Driver info: com.kms.katalon.selenium.driver.CChromeDriver
Capabilities {acceptInsecureCerts: false, acceptSslCerts: false, applicationCacheEnabled: false, browserConnectionEnabled: false, browserName: chrome, chrome: {chromedriverVersion: 2.43.600210 (68dcf5eebde371..., userDataDir: C:\Users\ADMINI~1\AppData\L...}, cssSelectorsEnabled: true, databaseEnabled: false, goog:chromeOptions: {debuggerAddress: localhost:65088}, handlesAlerts: true, hasTouchScreen: true, javascriptEnabled: true, locationContextEnabled: true, mobileEmulationEnabled: true, nativeEvents: true, networkConnectionEnabled: false, pageLoadStrategy: normal, platform: XP, platformName: XP, rotatable: false, setWindowRect: true, takesHeapSnapshot: true, takesScreenshot: true, unexpectedAlertBehaviour: , unhandledPromptBehavior: , version: 78.0.3904.108, webStorageEnabled: true}
Session ID: 9713f87d7b52e8678f4112b16c1656ec)
	at com.kms.katalon.core.keyword.internal.KeywordMain.stepFailed(KeywordMain.groovy:36)
	at com.kms.katalon.core.webui.keyword.internal.WebUIKeywordMain.stepFailed(WebUIKeywordMain.groovy:65)
	at com.kms.katalon.core.webui.keyword.internal.WebUIKeywordMain.runKeyword(WebUIKeywordMain.groovy:27)
	at com.kms.katalon.core.webui.keyword.builtin.ClickKeyword.click(ClickKeyword.groovy:86)
	at com.kms.katalon.core.webui.keyword.builtin.ClickKeyword.execute(ClickKeyword.groovy:67)
	at com.kms.katalon.core.keyword.internal.KeywordExecutor.executeKeywordForPlatform(KeywordExecutor.groovy:53)
	at com.kms.katalon.core.webui.keyword.WebUiBuiltInKeywords.click(WebUiBuiltInKeywords.groovy:616)
	at com.kms.katalon.core.webui.keyword.WebUiBuiltInKeywords$click$2.call(Unknown Source)
	at filter_stm.run(filter_stm:28)
	at com.kms.katalon.core.main.ScriptEngine.run(ScriptEngine.java:194)
	at com.kms.katalon.core.main.ScriptEngine.runScriptAsRawText(ScriptEngine.java:119)
	at com.kms.katalon.core.main.TestCaseExecutor.runScript(TestCaseExecutor.java:328)
	at com.kms.katalon.core.main.TestCaseExecutor.doExecute(TestCaseExecutor.java:319)
	at com.kms.katalon.core.main.TestCaseExecutor.processExecutionPhase(TestCaseExecutor.java:298)
	at com.kms.katalon.core.main.TestCaseExecutor.accessMainPhase(TestCaseExecutor.java:290)
	at com.kms.katalon.core.main.TestCaseExecutor.execute(TestCaseExecutor.java:224)
	at com.kms.katalon.core.main.TestCaseMain.runTestCase(TestCaseMain.java:106)
	at com.kms.katalon.core.keyword.builtin.CallTestCaseKeyword$_callTestCase_closure1.doCall(CallTestCaseKeyword.groovy:59)
	at com.kms.katalon.core.keyword.builtin.CallTestCaseKeyword$_callTestCase_closure1.call(CallTestCaseKeyword.groovy)
	at com.kms.katalon.core.keyword.internal.KeywordMain.runKeyword(KeywordMain.groovy:54)
	at com.kms.katalon.core.keyword.builtin.CallTestCaseKeyword.callTestCase(CallTestCaseKeyword.groovy:80)
	at com.kms.katalon.core.keyword.builtin.CallTestCaseKeyword.execute(CallTestCaseKeyword.groovy:44)
	at com.kms.katalon.core.keyword.internal.KeywordExecutor.executeKeywordForPlatform(KeywordExecutor.groovy:53)
	at com.kms.katalon.core.keyword.BuiltinKeywords.callTestCase(BuiltinKeywords.groovy:334)
	at AdvantHealth.run(AdvantHealth:36)
	at com.kms.katalon.core.main.ScriptEngine.run(ScriptEngine.java:194)
	at com.kms.katalon.core.main.ScriptEngine.runScriptAsRawText(ScriptEngine.java:119)
	at com.kms.katalon.core.main.TestCaseExecutor.runScript(TestCaseExecutor.java:328)
	at com.kms.katalon.core.main.TestCaseExecutor.doExecute(TestCaseExecutor.java:319)
	at com.kms.katalon.core.main.TestCaseExecutor.processExecutionPhase(TestCaseExecutor.java:298)
	at com.kms.katalon.core.main.TestCaseExecutor.accessMainPhase(TestCaseExecutor.java:290)
	at com.kms.katalon.core.main.TestCaseExecutor.execute(TestCaseExecutor.java:224)
	at com.kms.katalon.core.main.TestSuiteExecutor.accessTestCaseMainPhase(TestSuiteExecutor.java:129)
	at com.kms.katalon.core.main.TestSuiteExecutor.accessTestSuiteMainPhase(TestSuiteExecutor.java:112)
	at com.kms.katalon.core.main.TestSuiteExecutor.execute(TestSuiteExecutor.java:81)
	at com.kms.katalon.core.main.TestCaseMain.startTestSuite(TestCaseMain.java:149)
	at com.kms.katalon.core.main.TestCaseMain$startTestSuite$0.call(Unknown Source)
	at TempTestSuite1575870424581.run(TempTestSuite1575870424581.groovy:36)]]></system-err>
      </testcase>
      <testcase name="Test Cases/HIC/STM/Aspen" classname="Test Cases/HIC/STM/Aspen" status="PASSED">
         <system-out><![CDATA[2019-12-09 01:04:59 - [TEST_CASE][PASSED] - Test Cases/HIC/STM/Aspen: Test Cases/HIC/STM/Aspen

2019-12-09 01:04:59 - [TEST_STEP][PASSED] - callTestCase(findTestCase("HIC/_include/get_hicScreenPath"), ["project":"HIC", "productLine":"STM", "carrierName":"Aspen"], CONTINUE_ON_FAILURE): Call Test Case 'Test Cases/HIC/_include/get_hicScreenPath' successfully

2019-12-09 01:05:00 - [TEST_CASE][PASSED] - Test Cases/HIC/_include/get_hicScreenPath: Test Cases/HIC/_include/get_hicScreenPath

2019-12-09 01:05:00 - [TEST_STEP][PASSED] - m = getExecutionProperties(): null

2019-12-09 01:05:00 - [TEST_STEP][PASSED] - deviceName = get("mobileEmulation").get("deviceName"): null

2019-12-09 01:05:00 - [TEST_STEP][PASSED] - println(deviceName): null

2019-12-09 01:05:00 - [TEST_STEP][PASSED] - now = new java.util.Date(): null

2019-12-09 01:05:00 - [TEST_STEP][PASSED] - mydate = now.format("yyyyMMdd_HHmmss"): null

2019-12-09 01:05:00 - [TEST_STEP][PASSED] - screenPath = "../Screenshots/": null

2019-12-09 01:05:00 - [TEST_STEP][PASSED] - screenPath = screenPath + deviceName + "/" + project + "/" + productLine + "/" + carrierName + "/" + mydate + "/": null

2019-12-09 01:05:00 - [TEST_STEP][PASSED] - println(screenPath): null

2019-12-09 01:05:00 - [MESSAGE][PASSED] - Call Test Case 'Test Cases/HIC/_include/get_hicScreenPath' successfully

2019-12-09 01:05:00 - [TEST_STEP][PASSED] - i = 0: null

2019-12-09 01:05:00 - [TEST_STEP][PASSED] - callTestCase(findTestCase("AHI/_include/openWebSite"), ["env":"https://qa.healthinsurance.com/"], CONTINUE_ON_FAILURE): Call Test Case 'Test Cases/AHI/_include/openWebSite' successfully

2019-12-09 01:05:00 - [TEST_CASE][PASSED] - Test Cases/AHI/_include/openWebSite: Test Cases/AHI/_include/openWebSite

2019-12-09 01:05:00 - [TEST_STEP][PASSED] - openBrowser(env): Browser is opened with url: 'https://qa.healthinsurance.com/'

2019-12-09 01:05:00 - [MESSAGE][WARNING] - A browser is already opened. Closing browser and opening a new one

2019-12-09 01:05:03 - [MESSAGE][INFO] - Starting 'Chrome' driver

2019-12-09 01:05:03 - [MESSAGE][INFO] - User set preference: ['mobileEmulation', '{deviceName=iPhone 6}']

2019-12-09 01:05:03 - [MESSAGE][INFO] - User set preference: ['args', '[--incognito, --aggressive-cache-discard, --window-size=375,677, --no-sandbox]']

2019-12-09 01:05:06 - [MESSAGE][PASSED] - Browser is opened with url: 'https://qa.healthinsurance.com/'

2019-12-09 01:05:06 - [TEST_STEP][PASSED] - waitForPageLoad(20): Wait for page load successfully

2019-12-09 01:05:06 - [MESSAGE][PASSED] - Wait for page load successfully

2019-12-09 01:05:06 - [TEST_STEP][PASSED] - callTestCase(findTestCase("AHI/_include/get_screenshot"), [:], STOP_ON_FAILURE): Call Test Case 'Test Cases/AHI/_include/get_screenshot' successfully

2019-12-09 01:05:06 - [TEST_CASE][PASSED] - Test Cases/AHI/_include/get_screenshot: Test Cases/AHI/_include/get_screenshot

2019-12-09 01:05:06 - [TEST_STEP][PASSED] - takeScreenshot(screenPath + i + ".png"): Taking screenshot successfully

2019-12-09 01:05:07 - [MESSAGE][PASSED] - Taking screenshot successfully
[[ATTACHMENT|D:\\Test\\AgileTest\\Reports\\HIC\\hic\\20191209_004704\\../Screenshots/iPhone 6/HIC/STM/Aspen/20191209_010500/0.png]]

2019-12-09 01:05:07 - [TEST_STEP][PASSED] - (internal.GlobalVariable.i++): null

2019-12-09 01:05:07 - [MESSAGE][PASSED] - Call Test Case 'Test Cases/AHI/_include/get_screenshot' successfully

2019-12-09 01:05:07 - [MESSAGE][PASSED] - Call Test Case 'Test Cases/AHI/_include/openWebSite' successfully

2019-12-09 01:05:07 - [TEST_STEP][PASSED] - click(findTestObject("hic/nav/navButton")): Object: 'Object Repository/hic/nav/navButton' is clicked on

2019-12-09 01:05:07 - [MESSAGE][PASSED] - Object: 'Object Repository/hic/nav/navButton' is clicked on

2019-12-09 01:05:07 - [TEST_STEP][PASSED] - Thread.sleep(2000): null

2019-12-09 01:05:09 - [TEST_STEP][PASSED] - click(findTestObject("hic/nav/stmLink")): Object: 'Object Repository/hic/nav/stmLink' is clicked on

2019-12-09 01:05:09 - [MESSAGE][PASSED] - Object: 'Object Repository/hic/nav/stmLink' is clicked on

2019-12-09 01:05:09 - [TEST_STEP][PASSED] - Thread.sleep(2000): null

2019-12-09 01:05:11 - [TEST_STEP][PASSED] - callTestCase(findTestCase("AHI/_include/get_screenshot"), [:], STOP_ON_FAILURE): Call Test Case 'Test Cases/AHI/_include/get_screenshot' successfully

2019-12-09 01:05:11 - [TEST_CASE][PASSED] - Test Cases/AHI/_include/get_screenshot: Test Cases/AHI/_include/get_screenshot

2019-12-09 01:05:11 - [TEST_STEP][PASSED] - takeScreenshot(screenPath + i + ".png"): Taking screenshot successfully

2019-12-09 01:05:12 - [MESSAGE][PASSED] - Taking screenshot successfully
[[ATTACHMENT|D:\\Test\\AgileTest\\Reports\\HIC\\hic\\20191209_004704\\../Screenshots/iPhone 6/HIC/STM/Aspen/20191209_010500/1.png]]

2019-12-09 01:05:12 - [TEST_STEP][PASSED] - (internal.GlobalVariable.i++): null

2019-12-09 01:05:12 - [MESSAGE][PASSED] - Call Test Case 'Test Cases/AHI/_include/get_screenshot' successfully

2019-12-09 01:05:12 - [TEST_STEP][PASSED] - callTestCase(findTestCase("HIC/_include/stm_census"), ["zipcode":"60602"], STOP_ON_FAILURE): Call Test Case 'Test Cases/HIC/_include/stm_census' successfully

2019-12-09 01:05:12 - [TEST_CASE][PASSED] - Test Cases/HIC/_include/stm_census: Test Cases/HIC/_include/stm_census

2019-12-09 01:05:12 - [TEST_STEP][PASSED] - setText(findTestObject("hic/stm/zip"), zipcode): Text '60602' is set on object 'Object Repository/hic/stm/zip'

2019-12-09 01:05:17 - [MESSAGE][PASSED] - Text '60602' is set on object 'Object Repository/hic/stm/zip'

2019-12-09 01:05:17 - [TEST_STEP][PASSED] - Thread.sleep(500): null

2019-12-09 01:05:17 - [TEST_STEP][PASSED] - setText(findTestObject("hic/stm/primaryDOB"), "03031987"): Text '03031987' is set on object 'Object Repository/hic/stm/primaryDOB'

2019-12-09 01:05:19 - [MESSAGE][PASSED] - Text '03031987' is set on object 'Object Repository/hic/stm/primaryDOB'

2019-12-09 01:05:19 - [TEST_STEP][PASSED] - click(findTestObject("hic/stm/female")): Object: 'Object Repository/hic/stm/female' is clicked on

2019-12-09 01:05:21 - [MESSAGE][PASSED] - Object: 'Object Repository/hic/stm/female' is clicked on

2019-12-09 01:05:21 - [TEST_STEP][PASSED] - Thread.sleep(3000): null

2019-12-09 01:05:24 - [TEST_STEP][PASSED] - click(findTestObject("hic/stm/submitButton")): Object: 'Object Repository/hic/stm/submitButton' is clicked on

2019-12-09 01:05:28 - [MESSAGE][PASSED] - Object: 'Object Repository/hic/stm/submitButton' is clicked on

2019-12-09 01:05:28 - [TEST_STEP][PASSED] - Thread.sleep(6000): null

2019-12-09 01:05:34 - [TEST_STEP][PASSED] - callTestCase(findTestCase("AHI/_include/get_screenshot"), [:], STOP_ON_FAILURE): Call Test Case 'Test Cases/AHI/_include/get_screenshot' successfully

2019-12-09 01:05:34 - [TEST_CASE][PASSED] - Test Cases/AHI/_include/get_screenshot: Test Cases/AHI/_include/get_screenshot

2019-12-09 01:05:34 - [TEST_STEP][PASSED] - takeScreenshot(screenPath + i + ".png"): Taking screenshot successfully

2019-12-09 01:05:35 - [MESSAGE][PASSED] - Taking screenshot successfully
[[ATTACHMENT|D:\\Test\\AgileTest\\Reports\\HIC\\hic\\20191209_004704\\../Screenshots/iPhone 6/HIC/STM/Aspen/20191209_010500/2.png]]

2019-12-09 01:05:35 - [TEST_STEP][PASSED] - (internal.GlobalVariable.i++): null

2019-12-09 01:05:35 - [MESSAGE][PASSED] - Call Test Case 'Test Cases/AHI/_include/get_screenshot' successfully

2019-12-09 01:05:35 - [TEST_STEP][PASSED] - Thread.sleep(1000): null

2019-12-09 01:05:36 - [MESSAGE][PASSED] - Call Test Case 'Test Cases/HIC/_include/stm_census' successfully

2019-12-09 01:05:36 - [TEST_STEP][PASSED] - callTestCase(findTestCase("AHI/_include/filter_stm"), ["carrier":"aspen"], STOP_ON_FAILURE): Call Test Case 'Test Cases/AHI/_include/filter_stm' successfully

2019-12-09 01:05:36 - [TEST_CASE][PASSED] - Test Cases/AHI/_include/filter_stm: Test Cases/AHI/_include/filter_stm

2019-12-09 01:05:36 - [TEST_STEP][PASSED] - driver = getWebDriver(): null

2019-12-09 01:05:36 - [TEST_STEP][PASSED] - selenium = new com.thoughtworks.selenium.webdriven.WebDriverBackedSelenium(driver, internal.GlobalVariable.ENV): null

2019-12-09 01:05:36 - [TEST_STEP][PASSED] - Thread.sleep(1000): null

2019-12-09 01:05:37 - [TEST_STEP][PASSED] - click(findTestObject("mobileSanity/STM/STM Quote Page/button_filters")): Object: 'Object Repository/mobileSanity/STM/STM Quote Page/button_filters' is clicked on

2019-12-09 01:05:38 - [MESSAGE][PASSED] - Object: 'Object Repository/mobileSanity/STM/STM Quote Page/button_filters' is clicked on

2019-12-09 01:05:38 - [TEST_STEP][PASSED] - Thread.sleep(1000): null

2019-12-09 01:05:39 - [TEST_STEP][PASSED] - click(findTestObject("mobileSanity/STM/STM Quote Page/i_Insurance company")): Object: 'Object Repository/mobileSanity/STM/STM Quote Page/i_Insurance company' is clicked on

2019-12-09 01:05:39 - [MESSAGE][PASSED] - Object: 'Object Repository/mobileSanity/STM/STM Quote Page/i_Insurance company' is clicked on

2019-12-09 01:05:39 - [TEST_STEP][PASSED] - Thread.sleep(1000): null

2019-12-09 01:05:40 - [TEST_STEP][PASSED] - filter_carrier = "//input[@name='filter[carrier]' and @value='" + carrier + "']/following::label": null

2019-12-09 01:05:40 - [TEST_STEP][PASSED] - println(filter_carrier): null

2019-12-09 01:05:40 - [TEST_STEP][PASSED] - test.MobileKeywords.clickJS_ByXpath(filter_carrier): test.MobileKeywords.clickJS_ByXpath is PASSED

2019-12-09 01:05:40 - [MESSAGE][PASSED] - Execute JavaScript 'arguments[0].click()' successfully

2019-12-09 01:05:40 - [MESSAGE][PASSED] - test.MobileKeywords.clickJS_ByXpath is PASSED

2019-12-09 01:05:40 - [TEST_STEP][PASSED] - click(findTestObject("mobileSanity/STM/STM Quote Page/js-close c-link-button")): Object: 'Object Repository/mobileSanity/STM/STM Quote Page/js-close c-link-button' is clicked on

2019-12-09 01:05:40 - [MESSAGE][PASSED] - Object: 'Object Repository/mobileSanity/STM/STM Quote Page/js-close c-link-button' is clicked on

2019-12-09 01:05:40 - [TEST_STEP][PASSED] - Thread.sleep(2000): null

2019-12-09 01:05:42 - [TEST_STEP][PASSED] - callTestCase(findTestCase("AHI/_include/get_screenshot"), [:], STOP_ON_FAILURE): Call Test Case 'Test Cases/AHI/_include/get_screenshot' successfully

2019-12-09 01:05:42 - [TEST_CASE][PASSED] - Test Cases/AHI/_include/get_screenshot: Test Cases/AHI/_include/get_screenshot

2019-12-09 01:05:42 - [TEST_STEP][PASSED] - takeScreenshot(screenPath + i + ".png"): Taking screenshot successfully

2019-12-09 01:05:43 - [MESSAGE][PASSED] - Taking screenshot successfully
[[ATTACHMENT|D:\\Test\\AgileTest\\Reports\\HIC\\hic\\20191209_004704\\../Screenshots/iPhone 6/HIC/STM/Aspen/20191209_010500/3.png]]

2019-12-09 01:05:43 - [TEST_STEP][PASSED] - (internal.GlobalVariable.i++): null

2019-12-09 01:05:43 - [MESSAGE][PASSED] - Call Test Case 'Test Cases/AHI/_include/get_screenshot' successfully

2019-12-09 01:05:43 - [MESSAGE][PASSED] - Call Test Case 'Test Cases/AHI/_include/filter_stm' successfully

2019-12-09 01:05:43 - [TEST_STEP][PASSED] - callTestCase(findTestCase("AHI/_include/goToDetail_stm"), ["carrier":"aspen"], STOP_ON_FAILURE): Call Test Case 'Test Cases/AHI/_include/goToDetail_stm' successfully

2019-12-09 01:05:43 - [TEST_CASE][PASSED] - Test Cases/AHI/_include/goToDetail_stm: Test Cases/AHI/_include/goToDetail_stm

2019-12-09 01:05:43 - [TEST_STEP][PASSED] - driver = getWebDriver(): null

2019-12-09 01:05:43 - [TEST_STEP][PASSED] - selenium = new com.thoughtworks.selenium.webdriven.WebDriverBackedSelenium(driver, internal.GlobalVariable.ENV): null

2019-12-09 01:05:43 - [TEST_STEP][PASSED] - a_plan_name = "xpath=//a[contains(@href,'/term-health-insurance/plan/" + carrier + "')]": null

2019-12-09 01:05:43 - [TEST_STEP][PASSED] - println(a_plan_name): null

2019-12-09 01:05:43 - [TEST_STEP][PASSED] - selenium.click(a_plan_name): null

2019-12-09 01:05:44 - [TEST_STEP][PASSED] - waitForPageLoad(20): Wait for page load successfully

2019-12-09 01:05:44 - [MESSAGE][PASSED] - Wait for page load successfully

2019-12-09 01:05:44 - [TEST_STEP][PASSED] - Thread.sleep(2000): null

2019-12-09 01:05:46 - [TEST_STEP][PASSED] - callTestCase(findTestCase("AHI/_include/get_screenshot"), [:], STOP_ON_FAILURE): Call Test Case 'Test Cases/AHI/_include/get_screenshot' successfully

2019-12-09 01:05:46 - [TEST_CASE][PASSED] - Test Cases/AHI/_include/get_screenshot: Test Cases/AHI/_include/get_screenshot

2019-12-09 01:05:46 - [TEST_STEP][PASSED] - takeScreenshot(screenPath + i + ".png"): Taking screenshot successfully

2019-12-09 01:05:47 - [MESSAGE][PASSED] - Taking screenshot successfully
[[ATTACHMENT|D:\\Test\\AgileTest\\Reports\\HIC\\hic\\20191209_004704\\../Screenshots/iPhone 6/HIC/STM/Aspen/20191209_010500/4.png]]

2019-12-09 01:05:47 - [TEST_STEP][PASSED] - (internal.GlobalVariable.i++): null

2019-12-09 01:05:47 - [MESSAGE][PASSED] - Call Test Case 'Test Cases/AHI/_include/get_screenshot' successfully

2019-12-09 01:05:47 - [MESSAGE][PASSED] - Call Test Case 'Test Cases/AHI/_include/goToDetail_stm' successfully

2019-12-09 01:05:47 - [TEST_STEP][PASSED] - callTestCase(findTestCase("AHI/_include/apply_stm"), [:], STOP_ON_FAILURE): Call Test Case 'Test Cases/AHI/_include/apply_stm' successfully

2019-12-09 01:05:47 - [TEST_CASE][PASSED] - Test Cases/AHI/_include/apply_stm: Test Cases/AHI/_include/apply_stm

2019-12-09 01:05:47 - [TEST_STEP][PASSED] - waitForElementVisible(findTestObject("mobileSanity/STM/STM PlanDetail Page/a_Apply for This Plan"), 5): Object 'Object Repository/mobileSanity/STM/STM PlanDetail Page/a_Apply for This Plan' is visible

2019-12-09 01:05:47 - [MESSAGE][PASSED] - Object 'Object Repository/mobileSanity/STM/STM PlanDetail Page/a_Apply for This Plan' is visible

2019-12-09 01:05:47 - [TEST_STEP][PASSED] - click(findTestObject("mobileSanity/STM/STM PlanDetail Page/a_Apply for This Plan")): Object: 'Object Repository/mobileSanity/STM/STM PlanDetail Page/a_Apply for This Plan' is clicked on

2019-12-09 01:05:48 - [MESSAGE][PASSED] - Object: 'Object Repository/mobileSanity/STM/STM PlanDetail Page/a_Apply for This Plan' is clicked on

2019-12-09 01:05:48 - [TEST_STEP][PASSED] - waitForPageLoad(10): Wait for page load successfully

2019-12-09 01:05:49 - [MESSAGE][PASSED] - Wait for page load successfully

2019-12-09 01:05:49 - [TEST_STEP][PASSED] - Thread.sleep(2000): null

2019-12-09 01:05:51 - [TEST_STEP][PASSED] - callTestCase(findTestCase("AHI/_include/get_screenshot"), [:], STOP_ON_FAILURE): Call Test Case 'Test Cases/AHI/_include/get_screenshot' successfully

2019-12-09 01:05:51 - [TEST_CASE][PASSED] - Test Cases/AHI/_include/get_screenshot: Test Cases/AHI/_include/get_screenshot

2019-12-09 01:05:51 - [TEST_STEP][PASSED] - takeScreenshot(screenPath + i + ".png"): Taking screenshot successfully

2019-12-09 01:05:51 - [MESSAGE][PASSED] - Taking screenshot successfully
[[ATTACHMENT|D:\\Test\\AgileTest\\Reports\\HIC\\hic\\20191209_004704\\../Screenshots/iPhone 6/HIC/STM/Aspen/20191209_010500/5.png]]

2019-12-09 01:05:51 - [TEST_STEP][PASSED] - (internal.GlobalVariable.i++): null

2019-12-09 01:05:51 - [MESSAGE][PASSED] - Call Test Case 'Test Cases/AHI/_include/get_screenshot' successfully

2019-12-09 01:05:51 - [TEST_STEP][PASSED] - waitForElementVisible(findTestObject("mobileSanity/STM/STM Apply Page/a_Start Secure Application"), 5): Object 'Object Repository/mobileSanity/STM/STM Apply Page/a_Start Secure Application' is visible

2019-12-09 01:05:51 - [MESSAGE][PASSED] - Object 'Object Repository/mobileSanity/STM/STM Apply Page/a_Start Secure Application' is visible

2019-12-09 01:05:51 - [TEST_STEP][PASSED] - click(findTestObject("mobileSanity/STM/STM Apply Page/a_Start Secure Application")): Object: 'Object Repository/mobileSanity/STM/STM Apply Page/a_Start Secure Application' is clicked on

2019-12-09 01:05:52 - [MESSAGE][PASSED] - Object: 'Object Repository/mobileSanity/STM/STM Apply Page/a_Start Secure Application' is clicked on

2019-12-09 01:05:52 - [TEST_STEP][PASSED] - waitForPageLoad(20): Wait for page load successfully

2019-12-09 01:05:52 - [MESSAGE][PASSED] - Wait for page load successfully

2019-12-09 01:05:52 - [TEST_STEP][PASSED] - Thread.sleep(2000): null

2019-12-09 01:05:54 - [TEST_STEP][PASSED] - callTestCase(findTestCase("AHI/_include/get_screenshot"), [:], STOP_ON_FAILURE): Call Test Case 'Test Cases/AHI/_include/get_screenshot' successfully

2019-12-09 01:05:54 - [TEST_CASE][PASSED] - Test Cases/AHI/_include/get_screenshot: Test Cases/AHI/_include/get_screenshot

2019-12-09 01:05:54 - [TEST_STEP][PASSED] - takeScreenshot(screenPath + i + ".png"): Taking screenshot successfully

2019-12-09 01:05:54 - [MESSAGE][PASSED] - Taking screenshot successfully
[[ATTACHMENT|D:\\Test\\AgileTest\\Reports\\HIC\\hic\\20191209_004704\\../Screenshots/iPhone 6/HIC/STM/Aspen/20191209_010500/6.png]]

2019-12-09 01:05:54 - [TEST_STEP][PASSED] - (internal.GlobalVariable.i++): null

2019-12-09 01:05:54 - [MESSAGE][PASSED] - Call Test Case 'Test Cases/AHI/_include/get_screenshot' successfully

2019-12-09 01:05:54 - [MESSAGE][PASSED] - Call Test Case 'Test Cases/AHI/_include/apply_stm' successfully

2019-12-09 01:05:54 - [TEST_STEP][PASSED] - callTestCase(findTestCase("AHI/_include/goToEnd_stm_autofill"), [:], STOP_ON_FAILURE): Call Test Case 'Test Cases/AHI/_include/goToEnd_stm_autofill' successfully

2019-12-09 01:05:54 - [TEST_CASE][PASSED] - Test Cases/AHI/_include/goToEnd_stm_autofill: Test Cases/AHI/_include/goToEnd_stm_autofill

2019-12-09 01:05:54 - [TEST_STEP][PASSED] - callTestCase(findTestCase("AHI/_include/name"), [:], CONTINUE_ON_FAILURE): Call Test Case 'Test Cases/AHI/_include/name' successfully

2019-12-09 01:05:54 - [TEST_CASE][PASSED] - Test Cases/AHI/_include/name: Test Cases/AHI/_include/name

2019-12-09 01:05:54 - [TEST_STEP][PASSED] - driver = getWebDriver(): null

2019-12-09 01:05:54 - [TEST_STEP][PASSED] - selenium = new com.thoughtworks.selenium.webdriven.WebDriverBackedSelenium(driver, internal.GlobalVariable.ENV): null

2019-12-09 01:05:54 - [TEST_STEP][PASSED] - FirstName = "Test-123": null

2019-12-09 01:05:54 - [TEST_STEP][PASSED] - LastName = selenium.getEval("{var x="ABCDEFGHIJKLMNOPQRSTUVWXYZabcdefghijklmnopqrstuvwxyz"; var tmp="ZZ11-"; for (i=0;i<8;i++) tmp+=x.charAt(Math.ceil(51*Math.random()));tmp;}"): null

2019-12-09 01:05:55 - [TEST_STEP][PASSED] - Address = selenium.getEval("{var x="ABCDEFGHIJKLMNOPQRSTUVWXYZabcdefghijklmnopqrstuvwxyz"; var tmp=""; for (i=0;i<8;i++) tmp+=x.charAt(Math.ceil(51*Math.random()));tmp;}"): null

2019-12-09 01:05:55 - [TEST_STEP][PASSED] - City = selenium.getEval("{var x="ABCDEFGHIJKLMNOPQRSTUVWXYZabcdefghijklmnopqrstuvwxyz"; var tmp=""; for (i=0;i<8;i++) tmp+=x.charAt(Math.ceil(51*Math.random()));tmp;}"): null

2019-12-09 01:05:55 - [TEST_STEP][PASSED] - tel1 = selenium.getEval("{var x="123456789"; var tmp=""; for (i=0;i<3;i++) tmp+=x.charAt(Math.ceil(8*Math.random()));tmp;}"): null

2019-12-09 01:05:55 - [TEST_STEP][PASSED] - tel2 = selenium.getEval("{var x="123456789"; var tmp=""; for (i=0;i<3;i++) tmp+=x.charAt(Math.ceil(8*Math.random()));tmp;}"): null

2019-12-09 01:05:55 - [TEST_STEP][PASSED] - tel3 = selenium.getEval("{var x="123456789"; var tmp=""; for (i=0;i<4;i++) tmp+=x.charAt(Math.ceil(8*Math.random()));tmp;}"): null

2019-12-09 01:05:55 - [TEST_STEP][PASSED] - Tel = selenium.getExpression(tel1 + "-" + tel2 + "-" + tel3): null

2019-12-09 01:05:55 - [TEST_STEP][PASSED] - AutoEmail = selenium.getEval("{var x="ABCDEFGHIJKLMNOPQRSTUVWXYZabcdefghijklmnopqrstuvwxyz"; var tmp="test."; for (i=0;i<8;i++) tmp+=x.charAt(Math.ceil(51*Math.random()));tmp+="@suryani.cn";}"): null

2019-12-09 01:05:55 - [TEST_STEP][PASSED] - FirstName = FirstName: null

2019-12-09 01:05:55 - [TEST_STEP][PASSED] - LastName = LastName: null

2019-12-09 01:05:55 - [TEST_STEP][PASSED] - Address = Address: null

2019-12-09 01:05:55 - [TEST_STEP][PASSED] - City = City: null

2019-12-09 01:05:55 - [TEST_STEP][PASSED] - Tel = Tel: null

2019-12-09 01:05:55 - [TEST_STEP][PASSED] - AutoEmail = AutoEmail: null

2019-12-09 01:05:55 - [TEST_STEP][PASSED] - println(FirstName): null

2019-12-09 01:05:55 - [TEST_STEP][PASSED] - println(LastName): null

2019-12-09 01:05:55 - [TEST_STEP][PASSED] - println(Address): null

2019-12-09 01:05:55 - [TEST_STEP][PASSED] - println(City): null

2019-12-09 01:05:55 - [TEST_STEP][PASSED] - println(Tel): null

2019-12-09 01:05:55 - [TEST_STEP][PASSED] - println(AutoEmail): null

2019-12-09 01:05:55 - [MESSAGE][PASSED] - Call Test Case 'Test Cases/AHI/_include/name' successfully

2019-12-09 01:05:55 - [TEST_STEP][FAILED] - try: Unable to verify text 'Month Duration Acknowledgement' is present  (Root cause: com.kms.katalon.core.exception.StepFailedException: Text 'Month Duration Acknowledgement' is not present on page )

2019-12-09 01:05:55 - [TEST_STEP][FAILED] - if (verifyTextPresent("Month Duration Acknowledgement", false)): Unable to verify text 'Month Duration Acknowledgement' is present  (Root cause: com.kms.katalon.core.exception.StepFailedException: Text 'Month Duration Acknowledgement' is not present on page )

2019-12-09 01:05:55 - [MESSAGE][FAILED] - Text 'Month Duration Acknowledgement' is not present on page 

2019-12-09 01:05:55 - [MESSAGE][FAILED] - Unable to verify text 'Month Duration Acknowledgement' is present  (Root cause: com.kms.katalon.core.exception.StepFailedException: Text 'Month Duration Acknowledgement' is not present on page )
[[ATTACHMENT|D:\\Test\\AgileTest\\Reports\\HIC\\hic\\20191209_004704\\1575871555263.png]]

2019-12-09 01:05:55 - [TEST_STEP][PASSED] - catch (Exception e): null

2019-12-09 01:05:55 - [TEST_STEP][PASSED] - println("no consecutive"): null

2019-12-09 01:05:55 - [TEST_STEP][PASSED] - waitForPageLoad(10): Wait for page load successfully

2019-12-09 01:05:55 - [MESSAGE][PASSED] - Wait for page load successfully

2019-12-09 01:05:55 - [TEST_STEP][PASSED] - Thread.sleep(3000): null

2019-12-09 01:05:58 - [TEST_STEP][PASSED] - waitForElementVisible(findTestObject("mobileSanity/STM/Page_App Page 1/a_Autofill App Info"), 20): Object 'Object Repository/mobileSanity/STM/Page_App Page 1/a_Autofill App Info' is visible

2019-12-09 01:05:58 - [MESSAGE][PASSED] - Object 'Object Repository/mobileSanity/STM/Page_App Page 1/a_Autofill App Info' is visible

2019-12-09 01:05:58 - [TEST_STEP][PASSED] - click(findTestObject("mobileSanity/STM/Page_App Page 1/a_Autofill App Info")): Object: 'Object Repository/mobileSanity/STM/Page_App Page 1/a_Autofill App Info' is clicked on

2019-12-09 01:05:58 - [MESSAGE][PASSED] - Object: 'Object Repository/mobileSanity/STM/Page_App Page 1/a_Autofill App Info' is clicked on

2019-12-09 01:05:58 - [TEST_STEP][PASSED] - Thread.sleep(1000): null

2019-12-09 01:05:59 - [TEST_STEP][PASSED] - click(findTestObject("mobileSanity/STM/Page_App Page 1/a_Autofill App Info")): Object: 'Object Repository/mobileSanity/STM/Page_App Page 1/a_Autofill App Info' is clicked on

2019-12-09 01:05:59 - [MESSAGE][PASSED] - Object: 'Object Repository/mobileSanity/STM/Page_App Page 1/a_Autofill App Info' is clicked on

2019-12-09 01:05:59 - [TEST_STEP][PASSED] - Thread.sleep(1000): null

2019-12-09 01:06:00 - [TEST_STEP][PASSED] - waitForElementVisible(findTestObject("mobileSanity/STM/Page_App Page 1/a_Continue"), 20): Object 'Object Repository/mobileSanity/STM/Page_App Page 1/a_Continue' is visible

2019-12-09 01:06:00 - [MESSAGE][PASSED] - Object 'Object Repository/mobileSanity/STM/Page_App Page 1/a_Continue' is visible

2019-12-09 01:06:00 - [TEST_STEP][PASSED] - click(findTestObject("mobileSanity/STM/Page_App Page 1/a_Continue")): Object: 'Object Repository/mobileSanity/STM/Page_App Page 1/a_Continue' is clicked on

2019-12-09 01:06:01 - [MESSAGE][PASSED] - Object: 'Object Repository/mobileSanity/STM/Page_App Page 1/a_Continue' is clicked on

2019-12-09 01:06:01 - [TEST_STEP][PASSED] - waitForPageLoad(20): Wait for page load successfully

2019-12-09 01:06:01 - [MESSAGE][PASSED] - Wait for page load successfully

2019-12-09 01:06:01 - [TEST_STEP][PASSED] - Thread.sleep(5000): null

2019-12-09 01:06:06 - [TEST_STEP][PASSED] - callTestCase(findTestCase("AHI/_include/get_screenshot"), [:], STOP_ON_FAILURE): Call Test Case 'Test Cases/AHI/_include/get_screenshot' successfully

2019-12-09 01:06:06 - [TEST_CASE][PASSED] - Test Cases/AHI/_include/get_screenshot: Test Cases/AHI/_include/get_screenshot

2019-12-09 01:06:06 - [TEST_STEP][PASSED] - takeScreenshot(screenPath + i + ".png"): Taking screenshot successfully

2019-12-09 01:06:06 - [MESSAGE][PASSED] - Taking screenshot successfully
[[ATTACHMENT|D:\\Test\\AgileTest\\Reports\\HIC\\hic\\20191209_004704\\../Screenshots/iPhone 6/HIC/STM/Aspen/20191209_010500/7.png]]

2019-12-09 01:06:06 - [TEST_STEP][PASSED] - (internal.GlobalVariable.i++): null

2019-12-09 01:06:06 - [MESSAGE][PASSED] - Call Test Case 'Test Cases/AHI/_include/get_screenshot' successfully

2019-12-09 01:06:06 - [TEST_STEP][PASSED] - click(findTestObject("mobileSanity/STM/Page_App Page 2/a_Continue to Step 3 - Payment")): Object: 'Object Repository/mobileSanity/STM/Page_App Page 2/a_Continue to Step 3 - Payment' is clicked on

2019-12-09 01:06:06 - [MESSAGE][PASSED] - Object: 'Object Repository/mobileSanity/STM/Page_App Page 2/a_Continue to Step 3 - Payment' is clicked on

2019-12-09 01:06:06 - [TEST_STEP][PASSED] - waitForPageLoad(20): Wait for page load successfully

2019-12-09 01:06:06 - [MESSAGE][PASSED] - Wait for page load successfully

2019-12-09 01:06:06 - [TEST_STEP][PASSED] - waitForElementVisible(findTestObject("mobileSanity/STM/Page_App Page 3/input__credit-card-cvv"), 20): Object 'Object Repository/mobileSanity/STM/Page_App Page 3/input__credit-card-cvv' is visible

2019-12-09 01:06:07 - [MESSAGE][PASSED] - Object 'Object Repository/mobileSanity/STM/Page_App Page 3/input__credit-card-cvv' is visible

2019-12-09 01:06:07 - [TEST_STEP][PASSED] - Thread.sleep(2000): null

2019-12-09 01:06:09 - [TEST_STEP][PASSED] - callTestCase(findTestCase("AHI/_include/get_screenshot"), [:], STOP_ON_FAILURE): Call Test Case 'Test Cases/AHI/_include/get_screenshot' successfully

2019-12-09 01:06:09 - [TEST_CASE][PASSED] - Test Cases/AHI/_include/get_screenshot: Test Cases/AHI/_include/get_screenshot

2019-12-09 01:06:09 - [TEST_STEP][PASSED] - takeScreenshot(screenPath + i + ".png"): Taking screenshot successfully

2019-12-09 01:06:10 - [MESSAGE][PASSED] - Taking screenshot successfully
[[ATTACHMENT|D:\\Test\\AgileTest\\Reports\\HIC\\hic\\20191209_004704\\../Screenshots/iPhone 6/HIC/STM/Aspen/20191209_010500/8.png]]

2019-12-09 01:06:10 - [TEST_STEP][PASSED] - (internal.GlobalVariable.i++): null

2019-12-09 01:06:10 - [MESSAGE][PASSED] - Call Test Case 'Test Cases/AHI/_include/get_screenshot' successfully

2019-12-09 01:06:10 - [TEST_STEP][PASSED] - clearText(findTestObject("mobileSanity/STM/Page_App Page 3/input__credit-card-cvv")): Text of object 'Object Repository/mobileSanity/STM/Page_App Page 3/input__credit-card-cvv' is cleared

2019-12-09 01:06:10 - [MESSAGE][PASSED] - Text of object 'Object Repository/mobileSanity/STM/Page_App Page 3/input__credit-card-cvv' is cleared

2019-12-09 01:06:10 - [TEST_STEP][PASSED] - setText(findTestObject("mobileSanity/STM/Page_App Page 3/input__credit-card-cvv"), "123"): Text '123' is set on object 'Object Repository/mobileSanity/STM/Page_App Page 3/input__credit-card-cvv'

2019-12-09 01:06:11 - [MESSAGE][PASSED] - Text '123' is set on object 'Object Repository/mobileSanity/STM/Page_App Page 3/input__credit-card-cvv'

2019-12-09 01:06:11 - [TEST_STEP][PASSED] - click(findTestObject("mobileSanity/STM/Page_App Page 3/label_I Accept Authorization f")): Object: 'Object Repository/mobileSanity/STM/Page_App Page 3/label_I Accept Authorization f' is clicked on

2019-12-09 01:06:11 - [MESSAGE][PASSED] - Object: 'Object Repository/mobileSanity/STM/Page_App Page 3/label_I Accept Authorization f' is clicked on

2019-12-09 01:06:11 - [TEST_STEP][PASSED] - click(findTestObject("mobileSanity/STM/Page_App Page 3/a_Continue to Step 4 - Review")): Object: 'Object Repository/mobileSanity/STM/Page_App Page 3/a_Continue to Step 4 - Review' is clicked on

2019-12-09 01:06:12 - [MESSAGE][PASSED] - Object: 'Object Repository/mobileSanity/STM/Page_App Page 3/a_Continue to Step 4 - Review' is clicked on

2019-12-09 01:06:12 - [TEST_STEP][PASSED] - waitForPageLoad(10): Wait for page load successfully

2019-12-09 01:06:12 - [MESSAGE][PASSED] - Wait for page load successfully

2019-12-09 01:06:12 - [TEST_STEP][PASSED] - waitForElementClickable(findTestObject("mobileSanity/STM/Page_App Page 4/label"), 10): Object 'Object Repository/mobileSanity/STM/Page_App Page 4/label' is clickable

2019-12-09 01:06:12 - [MESSAGE][PASSED] - Object 'Object Repository/mobileSanity/STM/Page_App Page 4/label' is clickable

2019-12-09 01:06:12 - [TEST_STEP][PASSED] - Thread.sleep(2000): null

2019-12-09 01:06:14 - [TEST_STEP][PASSED] - callTestCase(findTestCase("AHI/_include/get_screenshot"), [:], STOP_ON_FAILURE): Call Test Case 'Test Cases/AHI/_include/get_screenshot' successfully

2019-12-09 01:06:14 - [TEST_CASE][PASSED] - Test Cases/AHI/_include/get_screenshot: Test Cases/AHI/_include/get_screenshot

2019-12-09 01:06:14 - [TEST_STEP][PASSED] - takeScreenshot(screenPath + i + ".png"): Taking screenshot successfully

2019-12-09 01:06:15 - [MESSAGE][PASSED] - Taking screenshot successfully
[[ATTACHMENT|D:\\Test\\AgileTest\\Reports\\HIC\\hic\\20191209_004704\\../Screenshots/iPhone 6/HIC/STM/Aspen/20191209_010500/9.png]]

2019-12-09 01:06:15 - [TEST_STEP][PASSED] - (internal.GlobalVariable.i++): null

2019-12-09 01:06:15 - [MESSAGE][PASSED] - Call Test Case 'Test Cases/AHI/_include/get_screenshot' successfully

2019-12-09 01:06:15 - [TEST_STEP][PASSED] - click(findTestObject("mobileSanity/STM/Page_App Page 4/label")): Object: 'Object Repository/mobileSanity/STM/Page_App Page 4/label' is clicked on

2019-12-09 01:06:16 - [MESSAGE][PASSED] - Object: 'Object Repository/mobileSanity/STM/Page_App Page 4/label' is clicked on

2019-12-09 01:06:16 - [TEST_STEP][PASSED] - click(findTestObject("mobileSanity/STM/Page_App Page 4/div_CLICK TO SIGN")): Object: 'Object Repository/mobileSanity/STM/Page_App Page 4/div_CLICK TO SIGN' is clicked on

2019-12-09 01:06:16 - [MESSAGE][PASSED] - Object: 'Object Repository/mobileSanity/STM/Page_App Page 4/div_CLICK TO SIGN' is clicked on

2019-12-09 01:06:16 - [TEST_STEP][PASSED] - click(findTestObject("mobileSanity/STM/Page_App Page 4/a_Submit Your Application")): Object: 'Object Repository/mobileSanity/STM/Page_App Page 4/a_Submit Your Application' is clicked on

2019-12-09 01:06:16 - [MESSAGE][PASSED] - Object: 'Object Repository/mobileSanity/STM/Page_App Page 4/a_Submit Your Application' is clicked on

2019-12-09 01:06:16 - [TEST_STEP][PASSED] - Thread.sleep(30000): null

2019-12-09 01:06:46 - [TEST_STEP][PASSED] - waitForElementPresent(findTestObject("mobileSanity/STM/Page_App Page 6/app-page-wrapper"), 20): Object 'Object Repository/mobileSanity/STM/Page_App Page 6/app-page-wrapper' is present

2019-12-09 01:06:46 - [MESSAGE][PASSED] - Object 'Object Repository/mobileSanity/STM/Page_App Page 6/app-page-wrapper' is present

2019-12-09 01:06:46 - [TEST_STEP][PASSED] - callTestCase(findTestCase("AHI/_include/get_screenshot"), [:], STOP_ON_FAILURE): Call Test Case 'Test Cases/AHI/_include/get_screenshot' successfully

2019-12-09 01:06:47 - [TEST_CASE][PASSED] - Test Cases/AHI/_include/get_screenshot: Test Cases/AHI/_include/get_screenshot

2019-12-09 01:06:47 - [TEST_STEP][PASSED] - takeScreenshot(screenPath + i + ".png"): Taking screenshot successfully

2019-12-09 01:06:47 - [MESSAGE][PASSED] - Taking screenshot successfully
[[ATTACHMENT|D:\\Test\\AgileTest\\Reports\\HIC\\hic\\20191209_004704\\../Screenshots/iPhone 6/HIC/STM/Aspen/20191209_010500/10.png]]

2019-12-09 01:06:47 - [TEST_STEP][PASSED] - (internal.GlobalVariable.i++): null

2019-12-09 01:06:47 - [MESSAGE][PASSED] - Call Test Case 'Test Cases/AHI/_include/get_screenshot' successfully

2019-12-09 01:06:47 - [MESSAGE][PASSED] - Call Test Case 'Test Cases/AHI/_include/goToEnd_stm_autofill' successfully]]></system-out>
         <system-err><![CDATA[]]></system-err>
      </testcase>
      <testcase name="Test Cases/HIC/STM/Companion" classname="Test Cases/HIC/STM/Companion" status="PASSED">
         <system-out><![CDATA[2019-12-09 01:06:47 - [TEST_CASE][PASSED] - Test Cases/HIC/STM/Companion: Test Cases/HIC/STM/Companion

2019-12-09 01:06:47 - [TEST_STEP][PASSED] - callTestCase(findTestCase("HIC/_include/get_hicScreenPath"), ["project":"HIC", "productLine":"STM", "carrierName":"Companion"], CONTINUE_ON_FAILURE): Call Test Case 'Test Cases/HIC/_include/get_hicScreenPath' successfully

2019-12-09 01:06:47 - [TEST_CASE][PASSED] - Test Cases/HIC/_include/get_hicScreenPath: Test Cases/HIC/_include/get_hicScreenPath

2019-12-09 01:06:47 - [TEST_STEP][PASSED] - m = getExecutionProperties(): null

2019-12-09 01:06:47 - [TEST_STEP][PASSED] - deviceName = get("mobileEmulation").get("deviceName"): null

2019-12-09 01:06:47 - [TEST_STEP][PASSED] - println(deviceName): null

2019-12-09 01:06:47 - [TEST_STEP][PASSED] - now = new java.util.Date(): null

2019-12-09 01:06:47 - [TEST_STEP][PASSED] - mydate = now.format("yyyyMMdd_HHmmss"): null

2019-12-09 01:06:47 - [TEST_STEP][PASSED] - screenPath = "../Screenshots/": null

2019-12-09 01:06:47 - [TEST_STEP][PASSED] - screenPath = screenPath + deviceName + "/" + project + "/" + productLine + "/" + carrierName + "/" + mydate + "/": null

2019-12-09 01:06:47 - [TEST_STEP][PASSED] - println(screenPath): null

2019-12-09 01:06:47 - [MESSAGE][PASSED] - Call Test Case 'Test Cases/HIC/_include/get_hicScreenPath' successfully

2019-12-09 01:06:47 - [TEST_STEP][PASSED] - i = 0: null

2019-12-09 01:06:47 - [TEST_STEP][PASSED] - callTestCase(findTestCase("AHI/_include/openWebSite"), ["env":"https://qa.healthinsurance.com/"], CONTINUE_ON_FAILURE): Call Test Case 'Test Cases/AHI/_include/openWebSite' successfully

2019-12-09 01:06:47 - [TEST_CASE][PASSED] - Test Cases/AHI/_include/openWebSite: Test Cases/AHI/_include/openWebSite

2019-12-09 01:06:47 - [TEST_STEP][PASSED] - openBrowser(env): Browser is opened with url: 'https://qa.healthinsurance.com/'

2019-12-09 01:06:47 - [MESSAGE][WARNING] - A browser is already opened. Closing browser and opening a new one

2019-12-09 01:06:49 - [MESSAGE][INFO] - Starting 'Chrome' driver

2019-12-09 01:06:49 - [MESSAGE][INFO] - User set preference: ['mobileEmulation', '{deviceName=iPhone 6}']

2019-12-09 01:06:49 - [MESSAGE][INFO] - User set preference: ['args', '[--incognito, --aggressive-cache-discard, --window-size=375,677, --no-sandbox]']

2019-12-09 01:06:52 - [MESSAGE][PASSED] - Browser is opened with url: 'https://qa.healthinsurance.com/'

2019-12-09 01:06:52 - [TEST_STEP][PASSED] - waitForPageLoad(20): Wait for page load successfully

2019-12-09 01:06:53 - [MESSAGE][PASSED] - Wait for page load successfully

2019-12-09 01:06:53 - [TEST_STEP][PASSED] - callTestCase(findTestCase("AHI/_include/get_screenshot"), [:], STOP_ON_FAILURE): Call Test Case 'Test Cases/AHI/_include/get_screenshot' successfully

2019-12-09 01:06:53 - [TEST_CASE][PASSED] - Test Cases/AHI/_include/get_screenshot: Test Cases/AHI/_include/get_screenshot

2019-12-09 01:06:53 - [TEST_STEP][PASSED] - takeScreenshot(screenPath + i + ".png"): Taking screenshot successfully

2019-12-09 01:06:53 - [MESSAGE][PASSED] - Taking screenshot successfully
[[ATTACHMENT|D:\\Test\\AgileTest\\Reports\\HIC\\hic\\20191209_004704\\../Screenshots/iPhone 6/HIC/STM/Companion/20191209_010647/0.png]]

2019-12-09 01:06:53 - [TEST_STEP][PASSED] - (internal.GlobalVariable.i++): null

2019-12-09 01:06:53 - [MESSAGE][PASSED] - Call Test Case 'Test Cases/AHI/_include/get_screenshot' successfully

2019-12-09 01:06:53 - [MESSAGE][PASSED] - Call Test Case 'Test Cases/AHI/_include/openWebSite' successfully

2019-12-09 01:06:53 - [TEST_STEP][PASSED] - click(findTestObject("hic/nav/navButton")): Object: 'Object Repository/hic/nav/navButton' is clicked on

2019-12-09 01:06:54 - [MESSAGE][PASSED] - Object: 'Object Repository/hic/nav/navButton' is clicked on

2019-12-09 01:06:54 - [TEST_STEP][PASSED] - Thread.sleep(2000): null

2019-12-09 01:06:56 - [TEST_STEP][PASSED] - click(findTestObject("hic/nav/stmLink")): Object: 'Object Repository/hic/nav/stmLink' is clicked on

2019-12-09 01:06:56 - [MESSAGE][PASSED] - Object: 'Object Repository/hic/nav/stmLink' is clicked on

2019-12-09 01:06:56 - [TEST_STEP][PASSED] - Thread.sleep(2000): null

2019-12-09 01:06:58 - [TEST_STEP][PASSED] - callTestCase(findTestCase("AHI/_include/get_screenshot"), [:], STOP_ON_FAILURE): Call Test Case 'Test Cases/AHI/_include/get_screenshot' successfully

2019-12-09 01:06:58 - [TEST_CASE][PASSED] - Test Cases/AHI/_include/get_screenshot: Test Cases/AHI/_include/get_screenshot

2019-12-09 01:06:58 - [TEST_STEP][PASSED] - takeScreenshot(screenPath + i + ".png"): Taking screenshot successfully

2019-12-09 01:06:58 - [MESSAGE][PASSED] - Taking screenshot successfully
[[ATTACHMENT|D:\\Test\\AgileTest\\Reports\\HIC\\hic\\20191209_004704\\../Screenshots/iPhone 6/HIC/STM/Companion/20191209_010647/1.png]]

2019-12-09 01:06:58 - [TEST_STEP][PASSED] - (internal.GlobalVariable.i++): null

2019-12-09 01:06:58 - [MESSAGE][PASSED] - Call Test Case 'Test Cases/AHI/_include/get_screenshot' successfully

2019-12-09 01:06:58 - [TEST_STEP][PASSED] - callTestCase(findTestCase("HIC/_include/stm_census"), ["zipcode":"35215"], STOP_ON_FAILURE): Call Test Case 'Test Cases/HIC/_include/stm_census' successfully

2019-12-09 01:06:59 - [TEST_CASE][PASSED] - Test Cases/HIC/_include/stm_census: Test Cases/HIC/_include/stm_census

2019-12-09 01:06:59 - [TEST_STEP][PASSED] - setText(findTestObject("hic/stm/zip"), zipcode): Text '35215' is set on object 'Object Repository/hic/stm/zip'

2019-12-09 01:06:59 - [MESSAGE][PASSED] - Text '35215' is set on object 'Object Repository/hic/stm/zip'

2019-12-09 01:06:59 - [TEST_STEP][PASSED] - Thread.sleep(500): null

2019-12-09 01:06:59 - [TEST_STEP][PASSED] - setText(findTestObject("hic/stm/primaryDOB"), "03031987"): Text '03031987' is set on object 'Object Repository/hic/stm/primaryDOB'

2019-12-09 01:07:00 - [MESSAGE][PASSED] - Text '03031987' is set on object 'Object Repository/hic/stm/primaryDOB'

2019-12-09 01:07:00 - [TEST_STEP][PASSED] - click(findTestObject("hic/stm/female")): Object: 'Object Repository/hic/stm/female' is clicked on

2019-12-09 01:07:00 - [MESSAGE][PASSED] - Object: 'Object Repository/hic/stm/female' is clicked on

2019-12-09 01:07:00 - [TEST_STEP][PASSED] - Thread.sleep(3000): null

2019-12-09 01:07:03 - [TEST_STEP][PASSED] - click(findTestObject("hic/stm/submitButton")): Object: 'Object Repository/hic/stm/submitButton' is clicked on

2019-12-09 01:07:06 - [MESSAGE][PASSED] - Object: 'Object Repository/hic/stm/submitButton' is clicked on

2019-12-09 01:07:06 - [TEST_STEP][PASSED] - Thread.sleep(6000): null

2019-12-09 01:07:12 - [TEST_STEP][PASSED] - callTestCase(findTestCase("AHI/_include/get_screenshot"), [:], STOP_ON_FAILURE): Call Test Case 'Test Cases/AHI/_include/get_screenshot' successfully

2019-12-09 01:07:12 - [TEST_CASE][PASSED] - Test Cases/AHI/_include/get_screenshot: Test Cases/AHI/_include/get_screenshot

2019-12-09 01:07:12 - [TEST_STEP][PASSED] - takeScreenshot(screenPath + i + ".png"): Taking screenshot successfully

2019-12-09 01:07:12 - [MESSAGE][PASSED] - Taking screenshot successfully
[[ATTACHMENT|D:\\Test\\AgileTest\\Reports\\HIC\\hic\\20191209_004704\\../Screenshots/iPhone 6/HIC/STM/Companion/20191209_010647/2.png]]

2019-12-09 01:07:12 - [TEST_STEP][PASSED] - (internal.GlobalVariable.i++): null

2019-12-09 01:07:12 - [MESSAGE][PASSED] - Call Test Case 'Test Cases/AHI/_include/get_screenshot' successfully

2019-12-09 01:07:12 - [TEST_STEP][PASSED] - Thread.sleep(1000): null

2019-12-09 01:07:13 - [MESSAGE][PASSED] - Call Test Case 'Test Cases/HIC/_include/stm_census' successfully

2019-12-09 01:07:13 - [TEST_STEP][PASSED] - callTestCase(findTestCase("AHI/_include/filter_stm"), ["carrier":"pivotcompanion"], STOP_ON_FAILURE): Call Test Case 'Test Cases/AHI/_include/filter_stm' successfully

2019-12-09 01:07:13 - [TEST_CASE][PASSED] - Test Cases/AHI/_include/filter_stm: Test Cases/AHI/_include/filter_stm

2019-12-09 01:07:13 - [TEST_STEP][PASSED] - driver = getWebDriver(): null

2019-12-09 01:07:13 - [TEST_STEP][PASSED] - selenium = new com.thoughtworks.selenium.webdriven.WebDriverBackedSelenium(driver, internal.GlobalVariable.ENV): null

2019-12-09 01:07:13 - [TEST_STEP][PASSED] - Thread.sleep(1000): null

2019-12-09 01:07:14 - [TEST_STEP][PASSED] - click(findTestObject("mobileSanity/STM/STM Quote Page/button_filters")): Object: 'Object Repository/mobileSanity/STM/STM Quote Page/button_filters' is clicked on

2019-12-09 01:07:15 - [MESSAGE][PASSED] - Object: 'Object Repository/mobileSanity/STM/STM Quote Page/button_filters' is clicked on

2019-12-09 01:07:15 - [TEST_STEP][PASSED] - Thread.sleep(1000): null

2019-12-09 01:07:16 - [TEST_STEP][PASSED] - click(findTestObject("mobileSanity/STM/STM Quote Page/i_Insurance company")): Object: 'Object Repository/mobileSanity/STM/STM Quote Page/i_Insurance company' is clicked on

2019-12-09 01:07:16 - [MESSAGE][PASSED] - Object: 'Object Repository/mobileSanity/STM/STM Quote Page/i_Insurance company' is clicked on

2019-12-09 01:07:16 - [TEST_STEP][PASSED] - Thread.sleep(1000): null

2019-12-09 01:07:17 - [TEST_STEP][PASSED] - filter_carrier = "//input[@name='filter[carrier]' and @value='" + carrier + "']/following::label": null

2019-12-09 01:07:17 - [TEST_STEP][PASSED] - println(filter_carrier): null

2019-12-09 01:07:17 - [TEST_STEP][PASSED] - test.MobileKeywords.clickJS_ByXpath(filter_carrier): test.MobileKeywords.clickJS_ByXpath is PASSED

2019-12-09 01:07:17 - [MESSAGE][PASSED] - Execute JavaScript 'arguments[0].click()' successfully

2019-12-09 01:07:17 - [MESSAGE][PASSED] - test.MobileKeywords.clickJS_ByXpath is PASSED

2019-12-09 01:07:17 - [TEST_STEP][PASSED] - click(findTestObject("mobileSanity/STM/STM Quote Page/js-close c-link-button")): Object: 'Object Repository/mobileSanity/STM/STM Quote Page/js-close c-link-button' is clicked on

2019-12-09 01:07:17 - [MESSAGE][PASSED] - Object: 'Object Repository/mobileSanity/STM/STM Quote Page/js-close c-link-button' is clicked on

2019-12-09 01:07:17 - [TEST_STEP][PASSED] - Thread.sleep(2000): null

2019-12-09 01:07:19 - [TEST_STEP][PASSED] - callTestCase(findTestCase("AHI/_include/get_screenshot"), [:], STOP_ON_FAILURE): Call Test Case 'Test Cases/AHI/_include/get_screenshot' successfully

2019-12-09 01:07:19 - [TEST_CASE][PASSED] - Test Cases/AHI/_include/get_screenshot: Test Cases/AHI/_include/get_screenshot

2019-12-09 01:07:19 - [TEST_STEP][PASSED] - takeScreenshot(screenPath + i + ".png"): Taking screenshot successfully

2019-12-09 01:07:20 - [MESSAGE][PASSED] - Taking screenshot successfully
[[ATTACHMENT|D:\\Test\\AgileTest\\Reports\\HIC\\hic\\20191209_004704\\../Screenshots/iPhone 6/HIC/STM/Companion/20191209_010647/3.png]]

2019-12-09 01:07:20 - [TEST_STEP][PASSED] - (internal.GlobalVariable.i++): null

2019-12-09 01:07:20 - [MESSAGE][PASSED] - Call Test Case 'Test Cases/AHI/_include/get_screenshot' successfully

2019-12-09 01:07:20 - [MESSAGE][PASSED] - Call Test Case 'Test Cases/AHI/_include/filter_stm' successfully

2019-12-09 01:07:20 - [TEST_STEP][PASSED] - callTestCase(findTestCase("AHI/_include/goToDetail_stm"), ["carrier":"pivot-health-choice"], STOP_ON_FAILURE): Call Test Case 'Test Cases/AHI/_include/goToDetail_stm' successfully

2019-12-09 01:07:20 - [TEST_CASE][PASSED] - Test Cases/AHI/_include/goToDetail_stm: Test Cases/AHI/_include/goToDetail_stm

2019-12-09 01:07:20 - [TEST_STEP][PASSED] - driver = getWebDriver(): null

2019-12-09 01:07:20 - [TEST_STEP][PASSED] - selenium = new com.thoughtworks.selenium.webdriven.WebDriverBackedSelenium(driver, internal.GlobalVariable.ENV): null

2019-12-09 01:07:20 - [TEST_STEP][PASSED] - a_plan_name = "xpath=//a[contains(@href,'/term-health-insurance/plan/" + carrier + "')]": null

2019-12-09 01:07:20 - [TEST_STEP][PASSED] - println(a_plan_name): null

2019-12-09 01:07:20 - [TEST_STEP][PASSED] - selenium.click(a_plan_name): null

2019-12-09 01:07:21 - [TEST_STEP][PASSED] - waitForPageLoad(20): Wait for page load successfully

2019-12-09 01:07:21 - [MESSAGE][PASSED] - Wait for page load successfully

2019-12-09 01:07:21 - [TEST_STEP][PASSED] - Thread.sleep(2000): null

2019-12-09 01:07:23 - [TEST_STEP][PASSED] - callTestCase(findTestCase("AHI/_include/get_screenshot"), [:], STOP_ON_FAILURE): Call Test Case 'Test Cases/AHI/_include/get_screenshot' successfully

2019-12-09 01:07:23 - [TEST_CASE][PASSED] - Test Cases/AHI/_include/get_screenshot: Test Cases/AHI/_include/get_screenshot

2019-12-09 01:07:23 - [TEST_STEP][PASSED] - takeScreenshot(screenPath + i + ".png"): Taking screenshot successfully

2019-12-09 01:07:24 - [MESSAGE][PASSED] - Taking screenshot successfully
[[ATTACHMENT|D:\\Test\\AgileTest\\Reports\\HIC\\hic\\20191209_004704\\../Screenshots/iPhone 6/HIC/STM/Companion/20191209_010647/4.png]]

2019-12-09 01:07:24 - [TEST_STEP][PASSED] - (internal.GlobalVariable.i++): null

2019-12-09 01:07:24 - [MESSAGE][PASSED] - Call Test Case 'Test Cases/AHI/_include/get_screenshot' successfully

2019-12-09 01:07:24 - [MESSAGE][PASSED] - Call Test Case 'Test Cases/AHI/_include/goToDetail_stm' successfully

2019-12-09 01:07:24 - [TEST_STEP][PASSED] - callTestCase(findTestCase("AHI/_include/apply_stm"), [:], STOP_ON_FAILURE): Call Test Case 'Test Cases/AHI/_include/apply_stm' successfully

2019-12-09 01:07:24 - [TEST_CASE][PASSED] - Test Cases/AHI/_include/apply_stm: Test Cases/AHI/_include/apply_stm

2019-12-09 01:07:24 - [TEST_STEP][PASSED] - waitForElementVisible(findTestObject("mobileSanity/STM/STM PlanDetail Page/a_Apply for This Plan"), 5): Object 'Object Repository/mobileSanity/STM/STM PlanDetail Page/a_Apply for This Plan' is visible

2019-12-09 01:07:24 - [MESSAGE][PASSED] - Object 'Object Repository/mobileSanity/STM/STM PlanDetail Page/a_Apply for This Plan' is visible

2019-12-09 01:07:24 - [TEST_STEP][PASSED] - click(findTestObject("mobileSanity/STM/STM PlanDetail Page/a_Apply for This Plan")): Object: 'Object Repository/mobileSanity/STM/STM PlanDetail Page/a_Apply for This Plan' is clicked on

2019-12-09 01:07:25 - [MESSAGE][PASSED] - Object: 'Object Repository/mobileSanity/STM/STM PlanDetail Page/a_Apply for This Plan' is clicked on

2019-12-09 01:07:25 - [TEST_STEP][PASSED] - waitForPageLoad(10): Wait for page load successfully

2019-12-09 01:07:25 - [MESSAGE][PASSED] - Wait for page load successfully

2019-12-09 01:07:25 - [TEST_STEP][PASSED] - Thread.sleep(2000): null

2019-12-09 01:07:27 - [TEST_STEP][PASSED] - callTestCase(findTestCase("AHI/_include/get_screenshot"), [:], STOP_ON_FAILURE): Call Test Case 'Test Cases/AHI/_include/get_screenshot' successfully

2019-12-09 01:07:27 - [TEST_CASE][PASSED] - Test Cases/AHI/_include/get_screenshot: Test Cases/AHI/_include/get_screenshot

2019-12-09 01:07:27 - [TEST_STEP][PASSED] - takeScreenshot(screenPath + i + ".png"): Taking screenshot successfully

2019-12-09 01:07:27 - [MESSAGE][PASSED] - Taking screenshot successfully
[[ATTACHMENT|D:\\Test\\AgileTest\\Reports\\HIC\\hic\\20191209_004704\\../Screenshots/iPhone 6/HIC/STM/Companion/20191209_010647/5.png]]

2019-12-09 01:07:27 - [TEST_STEP][PASSED] - (internal.GlobalVariable.i++): null

2019-12-09 01:07:27 - [MESSAGE][PASSED] - Call Test Case 'Test Cases/AHI/_include/get_screenshot' successfully

2019-12-09 01:07:27 - [TEST_STEP][PASSED] - waitForElementVisible(findTestObject("mobileSanity/STM/STM Apply Page/a_Start Secure Application"), 5): Object 'Object Repository/mobileSanity/STM/STM Apply Page/a_Start Secure Application' is visible

2019-12-09 01:07:27 - [MESSAGE][PASSED] - Object 'Object Repository/mobileSanity/STM/STM Apply Page/a_Start Secure Application' is visible

2019-12-09 01:07:27 - [TEST_STEP][PASSED] - click(findTestObject("mobileSanity/STM/STM Apply Page/a_Start Secure Application")): Object: 'Object Repository/mobileSanity/STM/STM Apply Page/a_Start Secure Application' is clicked on

2019-12-09 01:07:28 - [MESSAGE][PASSED] - Object: 'Object Repository/mobileSanity/STM/STM Apply Page/a_Start Secure Application' is clicked on

2019-12-09 01:07:28 - [TEST_STEP][PASSED] - waitForPageLoad(20): Wait for page load successfully

2019-12-09 01:07:28 - [MESSAGE][PASSED] - Wait for page load successfully

2019-12-09 01:07:28 - [TEST_STEP][PASSED] - Thread.sleep(2000): null

2019-12-09 01:07:30 - [TEST_STEP][PASSED] - callTestCase(findTestCase("AHI/_include/get_screenshot"), [:], STOP_ON_FAILURE): Call Test Case 'Test Cases/AHI/_include/get_screenshot' successfully

2019-12-09 01:07:30 - [TEST_CASE][PASSED] - Test Cases/AHI/_include/get_screenshot: Test Cases/AHI/_include/get_screenshot

2019-12-09 01:07:30 - [TEST_STEP][PASSED] - takeScreenshot(screenPath + i + ".png"): Taking screenshot successfully

2019-12-09 01:07:31 - [MESSAGE][PASSED] - Taking screenshot successfully
[[ATTACHMENT|D:\\Test\\AgileTest\\Reports\\HIC\\hic\\20191209_004704\\../Screenshots/iPhone 6/HIC/STM/Companion/20191209_010647/6.png]]

2019-12-09 01:07:31 - [TEST_STEP][PASSED] - (internal.GlobalVariable.i++): null

2019-12-09 01:07:31 - [MESSAGE][PASSED] - Call Test Case 'Test Cases/AHI/_include/get_screenshot' successfully

2019-12-09 01:07:31 - [MESSAGE][PASSED] - Call Test Case 'Test Cases/AHI/_include/apply_stm' successfully

2019-12-09 01:07:31 - [TEST_STEP][PASSED] - callTestCase(findTestCase("AHI/_include/goToEnd_stm_autofill"), [:], STOP_ON_FAILURE): Call Test Case 'Test Cases/AHI/_include/goToEnd_stm_autofill' successfully

2019-12-09 01:07:31 - [TEST_CASE][PASSED] - Test Cases/AHI/_include/goToEnd_stm_autofill: Test Cases/AHI/_include/goToEnd_stm_autofill

2019-12-09 01:07:31 - [TEST_STEP][PASSED] - callTestCase(findTestCase("AHI/_include/name"), [:], CONTINUE_ON_FAILURE): Call Test Case 'Test Cases/AHI/_include/name' successfully

2019-12-09 01:07:31 - [TEST_CASE][PASSED] - Test Cases/AHI/_include/name: Test Cases/AHI/_include/name

2019-12-09 01:07:31 - [TEST_STEP][PASSED] - driver = getWebDriver(): null

2019-12-09 01:07:31 - [TEST_STEP][PASSED] - selenium = new com.thoughtworks.selenium.webdriven.WebDriverBackedSelenium(driver, internal.GlobalVariable.ENV): null

2019-12-09 01:07:31 - [TEST_STEP][PASSED] - FirstName = "Test-123": null

2019-12-09 01:07:31 - [TEST_STEP][PASSED] - LastName = selenium.getEval("{var x="ABCDEFGHIJKLMNOPQRSTUVWXYZabcdefghijklmnopqrstuvwxyz"; var tmp="ZZ11-"; for (i=0;i<8;i++) tmp+=x.charAt(Math.ceil(51*Math.random()));tmp;}"): null

2019-12-09 01:07:31 - [TEST_STEP][PASSED] - Address = selenium.getEval("{var x="ABCDEFGHIJKLMNOPQRSTUVWXYZabcdefghijklmnopqrstuvwxyz"; var tmp=""; for (i=0;i<8;i++) tmp+=x.charAt(Math.ceil(51*Math.random()));tmp;}"): null

2019-12-09 01:07:31 - [TEST_STEP][PASSED] - City = selenium.getEval("{var x="ABCDEFGHIJKLMNOPQRSTUVWXYZabcdefghijklmnopqrstuvwxyz"; var tmp=""; for (i=0;i<8;i++) tmp+=x.charAt(Math.ceil(51*Math.random()));tmp;}"): null

2019-12-09 01:07:31 - [TEST_STEP][PASSED] - tel1 = selenium.getEval("{var x="123456789"; var tmp=""; for (i=0;i<3;i++) tmp+=x.charAt(Math.ceil(8*Math.random()));tmp;}"): null

2019-12-09 01:07:31 - [TEST_STEP][PASSED] - tel2 = selenium.getEval("{var x="123456789"; var tmp=""; for (i=0;i<3;i++) tmp+=x.charAt(Math.ceil(8*Math.random()));tmp;}"): null

2019-12-09 01:07:31 - [TEST_STEP][PASSED] - tel3 = selenium.getEval("{var x="123456789"; var tmp=""; for (i=0;i<4;i++) tmp+=x.charAt(Math.ceil(8*Math.random()));tmp;}"): null

2019-12-09 01:07:31 - [TEST_STEP][PASSED] - Tel = selenium.getExpression(tel1 + "-" + tel2 + "-" + tel3): null

2019-12-09 01:07:31 - [TEST_STEP][PASSED] - AutoEmail = selenium.getEval("{var x="ABCDEFGHIJKLMNOPQRSTUVWXYZabcdefghijklmnopqrstuvwxyz"; var tmp="test."; for (i=0;i<8;i++) tmp+=x.charAt(Math.ceil(51*Math.random()));tmp+="@suryani.cn";}"): null

2019-12-09 01:07:32 - [TEST_STEP][PASSED] - FirstName = FirstName: null

2019-12-09 01:07:32 - [TEST_STEP][PASSED] - LastName = LastName: null

2019-12-09 01:07:32 - [TEST_STEP][PASSED] - Address = Address: null

2019-12-09 01:07:32 - [TEST_STEP][PASSED] - City = City: null

2019-12-09 01:07:32 - [TEST_STEP][PASSED] - Tel = Tel: null

2019-12-09 01:07:32 - [TEST_STEP][PASSED] - AutoEmail = AutoEmail: null

2019-12-09 01:07:32 - [TEST_STEP][PASSED] - println(FirstName): null

2019-12-09 01:07:32 - [TEST_STEP][PASSED] - println(LastName): null

2019-12-09 01:07:32 - [TEST_STEP][PASSED] - println(Address): null

2019-12-09 01:07:32 - [TEST_STEP][PASSED] - println(City): null

2019-12-09 01:07:32 - [TEST_STEP][PASSED] - println(Tel): null

2019-12-09 01:07:32 - [TEST_STEP][PASSED] - println(AutoEmail): null

2019-12-09 01:07:32 - [MESSAGE][PASSED] - Call Test Case 'Test Cases/AHI/_include/name' successfully

2019-12-09 01:07:32 - [TEST_STEP][FAILED] - try: Unable to verify text 'Month Duration Acknowledgement' is present  (Root cause: com.kms.katalon.core.exception.StepFailedException: Text 'Month Duration Acknowledgement' is not present on page )

2019-12-09 01:07:32 - [TEST_STEP][FAILED] - if (verifyTextPresent("Month Duration Acknowledgement", false)): Unable to verify text 'Month Duration Acknowledgement' is present  (Root cause: com.kms.katalon.core.exception.StepFailedException: Text 'Month Duration Acknowledgement' is not present on page )

2019-12-09 01:07:32 - [MESSAGE][FAILED] - Text 'Month Duration Acknowledgement' is not present on page 

2019-12-09 01:07:33 - [MESSAGE][FAILED] - Unable to verify text 'Month Duration Acknowledgement' is present  (Root cause: com.kms.katalon.core.exception.StepFailedException: Text 'Month Duration Acknowledgement' is not present on page )
[[ATTACHMENT|D:\\Test\\AgileTest\\Reports\\HIC\\hic\\20191209_004704\\1575871652814.png]]

2019-12-09 01:07:33 - [TEST_STEP][PASSED] - catch (Exception e): null

2019-12-09 01:07:33 - [TEST_STEP][PASSED] - println("no consecutive"): null

2019-12-09 01:07:33 - [TEST_STEP][PASSED] - waitForPageLoad(10): Wait for page load successfully

2019-12-09 01:07:33 - [MESSAGE][PASSED] - Wait for page load successfully

2019-12-09 01:07:33 - [TEST_STEP][PASSED] - Thread.sleep(3000): null

2019-12-09 01:07:36 - [TEST_STEP][PASSED] - waitForElementVisible(findTestObject("mobileSanity/STM/Page_App Page 1/a_Autofill App Info"), 20): Object 'Object Repository/mobileSanity/STM/Page_App Page 1/a_Autofill App Info' is visible

2019-12-09 01:07:36 - [MESSAGE][PASSED] - Object 'Object Repository/mobileSanity/STM/Page_App Page 1/a_Autofill App Info' is visible

2019-12-09 01:07:36 - [TEST_STEP][PASSED] - click(findTestObject("mobileSanity/STM/Page_App Page 1/a_Autofill App Info")): Object: 'Object Repository/mobileSanity/STM/Page_App Page 1/a_Autofill App Info' is clicked on

2019-12-09 01:07:36 - [MESSAGE][PASSED] - Object: 'Object Repository/mobileSanity/STM/Page_App Page 1/a_Autofill App Info' is clicked on

2019-12-09 01:07:36 - [TEST_STEP][PASSED] - Thread.sleep(1000): null

2019-12-09 01:07:37 - [TEST_STEP][PASSED] - click(findTestObject("mobileSanity/STM/Page_App Page 1/a_Autofill App Info")): Object: 'Object Repository/mobileSanity/STM/Page_App Page 1/a_Autofill App Info' is clicked on

2019-12-09 01:07:38 - [MESSAGE][PASSED] - Object: 'Object Repository/mobileSanity/STM/Page_App Page 1/a_Autofill App Info' is clicked on

2019-12-09 01:07:38 - [TEST_STEP][PASSED] - Thread.sleep(1000): null

2019-12-09 01:07:39 - [TEST_STEP][PASSED] - waitForElementVisible(findTestObject("mobileSanity/STM/Page_App Page 1/a_Continue"), 20): Object 'Object Repository/mobileSanity/STM/Page_App Page 1/a_Continue' is visible

2019-12-09 01:07:39 - [MESSAGE][PASSED] - Object 'Object Repository/mobileSanity/STM/Page_App Page 1/a_Continue' is visible

2019-12-09 01:07:39 - [TEST_STEP][PASSED] - click(findTestObject("mobileSanity/STM/Page_App Page 1/a_Continue")): Object: 'Object Repository/mobileSanity/STM/Page_App Page 1/a_Continue' is clicked on

2019-12-09 01:07:39 - [MESSAGE][PASSED] - Object: 'Object Repository/mobileSanity/STM/Page_App Page 1/a_Continue' is clicked on

2019-12-09 01:07:39 - [TEST_STEP][PASSED] - waitForPageLoad(20): Wait for page load successfully

2019-12-09 01:07:39 - [MESSAGE][PASSED] - Wait for page load successfully

2019-12-09 01:07:39 - [TEST_STEP][PASSED] - Thread.sleep(5000): null

2019-12-09 01:07:44 - [TEST_STEP][PASSED] - callTestCase(findTestCase("AHI/_include/get_screenshot"), [:], STOP_ON_FAILURE): Call Test Case 'Test Cases/AHI/_include/get_screenshot' successfully

2019-12-09 01:07:44 - [TEST_CASE][PASSED] - Test Cases/AHI/_include/get_screenshot: Test Cases/AHI/_include/get_screenshot

2019-12-09 01:07:44 - [TEST_STEP][PASSED] - takeScreenshot(screenPath + i + ".png"): Taking screenshot successfully

2019-12-09 01:07:44 - [MESSAGE][PASSED] - Taking screenshot successfully
[[ATTACHMENT|D:\\Test\\AgileTest\\Reports\\HIC\\hic\\20191209_004704\\../Screenshots/iPhone 6/HIC/STM/Companion/20191209_010647/7.png]]

2019-12-09 01:07:44 - [TEST_STEP][PASSED] - (internal.GlobalVariable.i++): null

2019-12-09 01:07:44 - [MESSAGE][PASSED] - Call Test Case 'Test Cases/AHI/_include/get_screenshot' successfully

2019-12-09 01:07:44 - [TEST_STEP][PASSED] - click(findTestObject("mobileSanity/STM/Page_App Page 2/a_Continue to Step 3 - Payment")): Object: 'Object Repository/mobileSanity/STM/Page_App Page 2/a_Continue to Step 3 - Payment' is clicked on

2019-12-09 01:07:44 - [MESSAGE][PASSED] - Object: 'Object Repository/mobileSanity/STM/Page_App Page 2/a_Continue to Step 3 - Payment' is clicked on

2019-12-09 01:07:44 - [TEST_STEP][PASSED] - waitForPageLoad(20): Wait for page load successfully

2019-12-09 01:07:45 - [MESSAGE][PASSED] - Wait for page load successfully

2019-12-09 01:07:45 - [TEST_STEP][PASSED] - waitForElementVisible(findTestObject("mobileSanity/STM/Page_App Page 3/input__credit-card-cvv"), 20): Object 'Object Repository/mobileSanity/STM/Page_App Page 3/input__credit-card-cvv' is visible

2019-12-09 01:07:45 - [MESSAGE][PASSED] - Object 'Object Repository/mobileSanity/STM/Page_App Page 3/input__credit-card-cvv' is visible

2019-12-09 01:07:45 - [TEST_STEP][PASSED] - Thread.sleep(2000): null

2019-12-09 01:07:47 - [TEST_STEP][PASSED] - callTestCase(findTestCase("AHI/_include/get_screenshot"), [:], STOP_ON_FAILURE): Call Test Case 'Test Cases/AHI/_include/get_screenshot' successfully

2019-12-09 01:07:47 - [TEST_CASE][PASSED] - Test Cases/AHI/_include/get_screenshot: Test Cases/AHI/_include/get_screenshot

2019-12-09 01:07:47 - [TEST_STEP][PASSED] - takeScreenshot(screenPath + i + ".png"): Taking screenshot successfully

2019-12-09 01:07:48 - [MESSAGE][PASSED] - Taking screenshot successfully
[[ATTACHMENT|D:\\Test\\AgileTest\\Reports\\HIC\\hic\\20191209_004704\\../Screenshots/iPhone 6/HIC/STM/Companion/20191209_010647/8.png]]

2019-12-09 01:07:48 - [TEST_STEP][PASSED] - (internal.GlobalVariable.i++): null

2019-12-09 01:07:48 - [MESSAGE][PASSED] - Call Test Case 'Test Cases/AHI/_include/get_screenshot' successfully

2019-12-09 01:07:48 - [TEST_STEP][PASSED] - clearText(findTestObject("mobileSanity/STM/Page_App Page 3/input__credit-card-cvv")): Text of object 'Object Repository/mobileSanity/STM/Page_App Page 3/input__credit-card-cvv' is cleared

2019-12-09 01:07:48 - [MESSAGE][PASSED] - Text of object 'Object Repository/mobileSanity/STM/Page_App Page 3/input__credit-card-cvv' is cleared

2019-12-09 01:07:48 - [TEST_STEP][PASSED] - setText(findTestObject("mobileSanity/STM/Page_App Page 3/input__credit-card-cvv"), "123"): Text '123' is set on object 'Object Repository/mobileSanity/STM/Page_App Page 3/input__credit-card-cvv'

2019-12-09 01:07:48 - [MESSAGE][PASSED] - Text '123' is set on object 'Object Repository/mobileSanity/STM/Page_App Page 3/input__credit-card-cvv'

2019-12-09 01:07:48 - [TEST_STEP][PASSED] - click(findTestObject("mobileSanity/STM/Page_App Page 3/label_I Accept Authorization f")): Object: 'Object Repository/mobileSanity/STM/Page_App Page 3/label_I Accept Authorization f' is clicked on

2019-12-09 01:07:48 - [MESSAGE][PASSED] - Object: 'Object Repository/mobileSanity/STM/Page_App Page 3/label_I Accept Authorization f' is clicked on

2019-12-09 01:07:48 - [TEST_STEP][PASSED] - click(findTestObject("mobileSanity/STM/Page_App Page 3/a_Continue to Step 4 - Review")): Object: 'Object Repository/mobileSanity/STM/Page_App Page 3/a_Continue to Step 4 - Review' is clicked on

2019-12-09 01:07:48 - [MESSAGE][PASSED] - Object: 'Object Repository/mobileSanity/STM/Page_App Page 3/a_Continue to Step 4 - Review' is clicked on

2019-12-09 01:07:48 - [TEST_STEP][PASSED] - waitForPageLoad(10): Wait for page load successfully

2019-12-09 01:07:48 - [MESSAGE][PASSED] - Wait for page load successfully

2019-12-09 01:07:48 - [TEST_STEP][PASSED] - waitForElementClickable(findTestObject("mobileSanity/STM/Page_App Page 4/label"), 10): Web element with id: 'Object Repository/mobileSanity/STM/Page_App Page 4/label' located by 'By.xpath: //input[@id = 'consent-checkbox-0']' not found

2019-12-09 01:07:59 - [MESSAGE][INFO] - Unable to find the element located by 'By.xpath: //input[@id = 'consent-checkbox-0']'. Please recheck the objects properties to make sure the desired element is located. 

2019-12-09 01:07:59 - [MESSAGE][WARNING] - Web element with id: 'Object Repository/mobileSanity/STM/Page_App Page 4/label' located by 'By.xpath: //input[@id = 'consent-checkbox-0']' not found

2019-12-09 01:07:59 - [TEST_STEP][PASSED] - Thread.sleep(2000): null

2019-12-09 01:08:01 - [TEST_STEP][PASSED] - callTestCase(findTestCase("AHI/_include/get_screenshot"), [:], STOP_ON_FAILURE): Call Test Case 'Test Cases/AHI/_include/get_screenshot' successfully

2019-12-09 01:08:01 - [TEST_CASE][PASSED] - Test Cases/AHI/_include/get_screenshot: Test Cases/AHI/_include/get_screenshot

2019-12-09 01:08:01 - [TEST_STEP][PASSED] - takeScreenshot(screenPath + i + ".png"): Taking screenshot successfully

2019-12-09 01:08:02 - [MESSAGE][PASSED] - Taking screenshot successfully
[[ATTACHMENT|D:\\Test\\AgileTest\\Reports\\HIC\\hic\\20191209_004704\\../Screenshots/iPhone 6/HIC/STM/Companion/20191209_010647/9.png]]

2019-12-09 01:08:02 - [TEST_STEP][PASSED] - (internal.GlobalVariable.i++): null

2019-12-09 01:08:02 - [MESSAGE][PASSED] - Call Test Case 'Test Cases/AHI/_include/get_screenshot' successfully

2019-12-09 01:08:02 - [TEST_STEP][PASSED] - click(findTestObject("mobileSanity/STM/Page_App Page 4/label")): Object: 'Object Repository/mobileSanity/STM/Page_App Page 4/label' is clicked on

2019-12-09 01:08:02 - [MESSAGE][PASSED] - Object: 'Object Repository/mobileSanity/STM/Page_App Page 4/label' is clicked on

2019-12-09 01:08:02 - [TEST_STEP][PASSED] - click(findTestObject("mobileSanity/STM/Page_App Page 4/div_CLICK TO SIGN")): Object: 'Object Repository/mobileSanity/STM/Page_App Page 4/div_CLICK TO SIGN' is clicked on

2019-12-09 01:08:02 - [MESSAGE][PASSED] - Object: 'Object Repository/mobileSanity/STM/Page_App Page 4/div_CLICK TO SIGN' is clicked on

2019-12-09 01:08:02 - [TEST_STEP][PASSED] - click(findTestObject("mobileSanity/STM/Page_App Page 4/a_Submit Your Application")): Object: 'Object Repository/mobileSanity/STM/Page_App Page 4/a_Submit Your Application' is clicked on

2019-12-09 01:08:02 - [MESSAGE][PASSED] - Object: 'Object Repository/mobileSanity/STM/Page_App Page 4/a_Submit Your Application' is clicked on

2019-12-09 01:08:02 - [TEST_STEP][PASSED] - Thread.sleep(30000): null

2019-12-09 01:08:32 - [TEST_STEP][PASSED] - waitForElementPresent(findTestObject("mobileSanity/STM/Page_App Page 6/app-page-wrapper"), 20): Object 'Object Repository/mobileSanity/STM/Page_App Page 6/app-page-wrapper' is present

2019-12-09 01:08:32 - [MESSAGE][PASSED] - Object 'Object Repository/mobileSanity/STM/Page_App Page 6/app-page-wrapper' is present

2019-12-09 01:08:32 - [TEST_STEP][PASSED] - callTestCase(findTestCase("AHI/_include/get_screenshot"), [:], STOP_ON_FAILURE): Call Test Case 'Test Cases/AHI/_include/get_screenshot' successfully

2019-12-09 01:08:32 - [TEST_CASE][PASSED] - Test Cases/AHI/_include/get_screenshot: Test Cases/AHI/_include/get_screenshot

2019-12-09 01:08:32 - [TEST_STEP][PASSED] - takeScreenshot(screenPath + i + ".png"): Taking screenshot successfully

2019-12-09 01:08:33 - [MESSAGE][PASSED] - Taking screenshot successfully
[[ATTACHMENT|D:\\Test\\AgileTest\\Reports\\HIC\\hic\\20191209_004704\\../Screenshots/iPhone 6/HIC/STM/Companion/20191209_010647/10.png]]

2019-12-09 01:08:33 - [TEST_STEP][PASSED] - (internal.GlobalVariable.i++): null

2019-12-09 01:08:33 - [MESSAGE][PASSED] - Call Test Case 'Test Cases/AHI/_include/get_screenshot' successfully

2019-12-09 01:08:33 - [MESSAGE][PASSED] - Call Test Case 'Test Cases/AHI/_include/goToEnd_stm_autofill' successfully]]></system-out>
         <system-err><![CDATA[]]></system-err>
      </testcase>
      <testcase name="Test Cases/HIC/STM/Everest Prime" classname="Test Cases/HIC/STM/Everest Prime" status="PASSED">
         <system-out><![CDATA[2019-12-09 01:08:33 - [TEST_CASE][PASSED] - Test Cases/HIC/STM/Everest Prime: Test Cases/HIC/STM/Everest Prime

2019-12-09 01:08:33 - [TEST_STEP][PASSED] - callTestCase(findTestCase("HIC/_include/get_hicScreenPath"), ["project":"HIC", "productLine":"STM", "carrierName":"Everest Prime"], CONTINUE_ON_FAILURE): Call Test Case 'Test Cases/HIC/_include/get_hicScreenPath' successfully

2019-12-09 01:08:33 - [TEST_CASE][PASSED] - Test Cases/HIC/_include/get_hicScreenPath: Test Cases/HIC/_include/get_hicScreenPath

2019-12-09 01:08:33 - [TEST_STEP][PASSED] - m = getExecutionProperties(): null

2019-12-09 01:08:33 - [TEST_STEP][PASSED] - deviceName = get("mobileEmulation").get("deviceName"): null

2019-12-09 01:08:33 - [TEST_STEP][PASSED] - println(deviceName): null

2019-12-09 01:08:33 - [TEST_STEP][PASSED] - now = new java.util.Date(): null

2019-12-09 01:08:33 - [TEST_STEP][PASSED] - mydate = now.format("yyyyMMdd_HHmmss"): null

2019-12-09 01:08:33 - [TEST_STEP][PASSED] - screenPath = "../Screenshots/": null

2019-12-09 01:08:33 - [TEST_STEP][PASSED] - screenPath = screenPath + deviceName + "/" + project + "/" + productLine + "/" + carrierName + "/" + mydate + "/": null

2019-12-09 01:08:33 - [TEST_STEP][PASSED] - println(screenPath): null

2019-12-09 01:08:33 - [MESSAGE][PASSED] - Call Test Case 'Test Cases/HIC/_include/get_hicScreenPath' successfully

2019-12-09 01:08:33 - [TEST_STEP][PASSED] - i = 0: null

2019-12-09 01:08:33 - [TEST_STEP][PASSED] - callTestCase(findTestCase("AHI/_include/openWebSite"), ["env":"https://qa.healthinsurance.com/"], CONTINUE_ON_FAILURE): Call Test Case 'Test Cases/AHI/_include/openWebSite' successfully

2019-12-09 01:08:33 - [TEST_CASE][PASSED] - Test Cases/AHI/_include/openWebSite: Test Cases/AHI/_include/openWebSite

2019-12-09 01:08:33 - [TEST_STEP][PASSED] - openBrowser(env): Browser is opened with url: 'https://qa.healthinsurance.com/'

2019-12-09 01:08:33 - [MESSAGE][WARNING] - A browser is already opened. Closing browser and opening a new one

2019-12-09 01:08:34 - [MESSAGE][INFO] - Starting 'Chrome' driver

2019-12-09 01:08:34 - [MESSAGE][INFO] - User set preference: ['mobileEmulation', '{deviceName=iPhone 6}']

2019-12-09 01:08:34 - [MESSAGE][INFO] - User set preference: ['args', '[--incognito, --aggressive-cache-discard, --window-size=375,677, --no-sandbox]']

2019-12-09 01:08:36 - [MESSAGE][PASSED] - Browser is opened with url: 'https://qa.healthinsurance.com/'

2019-12-09 01:08:36 - [TEST_STEP][PASSED] - waitForPageLoad(20): Wait for page load successfully

2019-12-09 01:08:36 - [MESSAGE][PASSED] - Wait for page load successfully

2019-12-09 01:08:36 - [TEST_STEP][PASSED] - callTestCase(findTestCase("AHI/_include/get_screenshot"), [:], STOP_ON_FAILURE): Call Test Case 'Test Cases/AHI/_include/get_screenshot' successfully

2019-12-09 01:08:36 - [TEST_CASE][PASSED] - Test Cases/AHI/_include/get_screenshot: Test Cases/AHI/_include/get_screenshot

2019-12-09 01:08:36 - [TEST_STEP][PASSED] - takeScreenshot(screenPath + i + ".png"): Taking screenshot successfully

2019-12-09 01:08:36 - [MESSAGE][PASSED] - Taking screenshot successfully
[[ATTACHMENT|D:\\Test\\AgileTest\\Reports\\HIC\\hic\\20191209_004704\\../Screenshots/iPhone 6/HIC/STM/Everest Prime/20191209_010833/0.png]]

2019-12-09 01:08:36 - [TEST_STEP][PASSED] - (internal.GlobalVariable.i++): null

2019-12-09 01:08:36 - [MESSAGE][PASSED] - Call Test Case 'Test Cases/AHI/_include/get_screenshot' successfully

2019-12-09 01:08:36 - [MESSAGE][PASSED] - Call Test Case 'Test Cases/AHI/_include/openWebSite' successfully

2019-12-09 01:08:36 - [TEST_STEP][PASSED] - click(findTestObject("hic/nav/navButton")): Object: 'Object Repository/hic/nav/navButton' is clicked on

2019-12-09 01:08:36 - [MESSAGE][PASSED] - Object: 'Object Repository/hic/nav/navButton' is clicked on

2019-12-09 01:08:36 - [TEST_STEP][PASSED] - Thread.sleep(2000): null

2019-12-09 01:08:38 - [TEST_STEP][PASSED] - click(findTestObject("hic/nav/stmLink")): Object: 'Object Repository/hic/nav/stmLink' is clicked on

2019-12-09 01:08:39 - [MESSAGE][PASSED] - Object: 'Object Repository/hic/nav/stmLink' is clicked on

2019-12-09 01:08:39 - [TEST_STEP][PASSED] - Thread.sleep(2000): null

2019-12-09 01:08:41 - [TEST_STEP][PASSED] - callTestCase(findTestCase("AHI/_include/get_screenshot"), [:], STOP_ON_FAILURE): Call Test Case 'Test Cases/AHI/_include/get_screenshot' successfully

2019-12-09 01:08:41 - [TEST_CASE][PASSED] - Test Cases/AHI/_include/get_screenshot: Test Cases/AHI/_include/get_screenshot

2019-12-09 01:08:41 - [TEST_STEP][PASSED] - takeScreenshot(screenPath + i + ".png"): Taking screenshot successfully

2019-12-09 01:08:41 - [MESSAGE][PASSED] - Taking screenshot successfully
[[ATTACHMENT|D:\\Test\\AgileTest\\Reports\\HIC\\hic\\20191209_004704\\../Screenshots/iPhone 6/HIC/STM/Everest Prime/20191209_010833/1.png]]

2019-12-09 01:08:41 - [TEST_STEP][PASSED] - (internal.GlobalVariable.i++): null

2019-12-09 01:08:41 - [MESSAGE][PASSED] - Call Test Case 'Test Cases/AHI/_include/get_screenshot' successfully

2019-12-09 01:08:41 - [TEST_STEP][PASSED] - callTestCase(findTestCase("HIC/_include/stm_census"), ["zipcode":"35215"], STOP_ON_FAILURE): Call Test Case 'Test Cases/HIC/_include/stm_census' successfully

2019-12-09 01:08:41 - [TEST_CASE][PASSED] - Test Cases/HIC/_include/stm_census: Test Cases/HIC/_include/stm_census

2019-12-09 01:08:41 - [TEST_STEP][PASSED] - setText(findTestObject("hic/stm/zip"), zipcode): Text '35215' is set on object 'Object Repository/hic/stm/zip'

2019-12-09 01:08:41 - [MESSAGE][PASSED] - Text '35215' is set on object 'Object Repository/hic/stm/zip'

2019-12-09 01:08:41 - [TEST_STEP][PASSED] - Thread.sleep(500): null

2019-12-09 01:08:42 - [TEST_STEP][PASSED] - setText(findTestObject("hic/stm/primaryDOB"), "03031987"): Text '03031987' is set on object 'Object Repository/hic/stm/primaryDOB'

2019-12-09 01:08:42 - [MESSAGE][PASSED] - Text '03031987' is set on object 'Object Repository/hic/stm/primaryDOB'

2019-12-09 01:08:42 - [TEST_STEP][PASSED] - click(findTestObject("hic/stm/female")): Object: 'Object Repository/hic/stm/female' is clicked on

2019-12-09 01:08:42 - [MESSAGE][PASSED] - Object: 'Object Repository/hic/stm/female' is clicked on

2019-12-09 01:08:42 - [TEST_STEP][PASSED] - Thread.sleep(3000): null

2019-12-09 01:08:45 - [TEST_STEP][PASSED] - click(findTestObject("hic/stm/submitButton")): Object: 'Object Repository/hic/stm/submitButton' is clicked on

2019-12-09 01:08:47 - [MESSAGE][PASSED] - Object: 'Object Repository/hic/stm/submitButton' is clicked on

2019-12-09 01:08:47 - [TEST_STEP][PASSED] - Thread.sleep(6000): null

2019-12-09 01:08:53 - [TEST_STEP][PASSED] - callTestCase(findTestCase("AHI/_include/get_screenshot"), [:], STOP_ON_FAILURE): Call Test Case 'Test Cases/AHI/_include/get_screenshot' successfully

2019-12-09 01:08:53 - [TEST_CASE][PASSED] - Test Cases/AHI/_include/get_screenshot: Test Cases/AHI/_include/get_screenshot

2019-12-09 01:08:53 - [TEST_STEP][PASSED] - takeScreenshot(screenPath + i + ".png"): Taking screenshot successfully

2019-12-09 01:08:54 - [MESSAGE][PASSED] - Taking screenshot successfully
[[ATTACHMENT|D:\\Test\\AgileTest\\Reports\\HIC\\hic\\20191209_004704\\../Screenshots/iPhone 6/HIC/STM/Everest Prime/20191209_010833/2.png]]

2019-12-09 01:08:54 - [TEST_STEP][PASSED] - (internal.GlobalVariable.i++): null

2019-12-09 01:08:54 - [MESSAGE][PASSED] - Call Test Case 'Test Cases/AHI/_include/get_screenshot' successfully

2019-12-09 01:08:54 - [TEST_STEP][PASSED] - Thread.sleep(1000): null

2019-12-09 01:08:55 - [MESSAGE][PASSED] - Call Test Case 'Test Cases/HIC/_include/stm_census' successfully

2019-12-09 01:08:55 - [TEST_STEP][PASSED] - callTestCase(findTestCase("AHI/_include/filter_stm"), ["carrier":"everest"], STOP_ON_FAILURE): Call Test Case 'Test Cases/AHI/_include/filter_stm' successfully

2019-12-09 01:08:55 - [TEST_CASE][PASSED] - Test Cases/AHI/_include/filter_stm: Test Cases/AHI/_include/filter_stm

2019-12-09 01:08:55 - [TEST_STEP][PASSED] - driver = getWebDriver(): null

2019-12-09 01:08:55 - [TEST_STEP][PASSED] - selenium = new com.thoughtworks.selenium.webdriven.WebDriverBackedSelenium(driver, internal.GlobalVariable.ENV): null

2019-12-09 01:08:55 - [TEST_STEP][PASSED] - Thread.sleep(1000): null

2019-12-09 01:08:56 - [TEST_STEP][PASSED] - click(findTestObject("mobileSanity/STM/STM Quote Page/button_filters")): Object: 'Object Repository/mobileSanity/STM/STM Quote Page/button_filters' is clicked on

2019-12-09 01:08:56 - [MESSAGE][PASSED] - Object: 'Object Repository/mobileSanity/STM/STM Quote Page/button_filters' is clicked on

2019-12-09 01:08:56 - [TEST_STEP][PASSED] - Thread.sleep(1000): null

2019-12-09 01:08:57 - [TEST_STEP][PASSED] - click(findTestObject("mobileSanity/STM/STM Quote Page/i_Insurance company")): Object: 'Object Repository/mobileSanity/STM/STM Quote Page/i_Insurance company' is clicked on

2019-12-09 01:08:57 - [MESSAGE][PASSED] - Object: 'Object Repository/mobileSanity/STM/STM Quote Page/i_Insurance company' is clicked on

2019-12-09 01:08:57 - [TEST_STEP][PASSED] - Thread.sleep(1000): null

2019-12-09 01:08:58 - [TEST_STEP][PASSED] - filter_carrier = "//input[@name='filter[carrier]' and @value='" + carrier + "']/following::label": null

2019-12-09 01:08:58 - [TEST_STEP][PASSED] - println(filter_carrier): null

2019-12-09 01:08:58 - [TEST_STEP][PASSED] - test.MobileKeywords.clickJS_ByXpath(filter_carrier): test.MobileKeywords.clickJS_ByXpath is PASSED

2019-12-09 01:08:59 - [MESSAGE][PASSED] - Execute JavaScript 'arguments[0].click()' successfully

2019-12-09 01:08:59 - [MESSAGE][PASSED] - test.MobileKeywords.clickJS_ByXpath is PASSED

2019-12-09 01:08:59 - [TEST_STEP][PASSED] - click(findTestObject("mobileSanity/STM/STM Quote Page/js-close c-link-button")): Object: 'Object Repository/mobileSanity/STM/STM Quote Page/js-close c-link-button' is clicked on

2019-12-09 01:08:59 - [MESSAGE][PASSED] - Object: 'Object Repository/mobileSanity/STM/STM Quote Page/js-close c-link-button' is clicked on

2019-12-09 01:08:59 - [TEST_STEP][PASSED] - Thread.sleep(2000): null

2019-12-09 01:09:01 - [TEST_STEP][PASSED] - callTestCase(findTestCase("AHI/_include/get_screenshot"), [:], STOP_ON_FAILURE): Call Test Case 'Test Cases/AHI/_include/get_screenshot' successfully

2019-12-09 01:09:01 - [TEST_CASE][PASSED] - Test Cases/AHI/_include/get_screenshot: Test Cases/AHI/_include/get_screenshot

2019-12-09 01:09:01 - [TEST_STEP][PASSED] - takeScreenshot(screenPath + i + ".png"): Taking screenshot successfully

2019-12-09 01:09:01 - [MESSAGE][PASSED] - Taking screenshot successfully
[[ATTACHMENT|D:\\Test\\AgileTest\\Reports\\HIC\\hic\\20191209_004704\\../Screenshots/iPhone 6/HIC/STM/Everest Prime/20191209_010833/3.png]]

2019-12-09 01:09:01 - [TEST_STEP][PASSED] - (internal.GlobalVariable.i++): null

2019-12-09 01:09:01 - [MESSAGE][PASSED] - Call Test Case 'Test Cases/AHI/_include/get_screenshot' successfully

2019-12-09 01:09:01 - [MESSAGE][PASSED] - Call Test Case 'Test Cases/AHI/_include/filter_stm' successfully

2019-12-09 01:09:01 - [TEST_STEP][PASSED] - callTestCase(findTestCase("AHI/_include/goToDetail_stm"), ["carrier":"everest"], STOP_ON_FAILURE): Call Test Case 'Test Cases/AHI/_include/goToDetail_stm' successfully

2019-12-09 01:09:01 - [TEST_CASE][PASSED] - Test Cases/AHI/_include/goToDetail_stm: Test Cases/AHI/_include/goToDetail_stm

2019-12-09 01:09:01 - [TEST_STEP][PASSED] - driver = getWebDriver(): null

2019-12-09 01:09:01 - [TEST_STEP][PASSED] - selenium = new com.thoughtworks.selenium.webdriven.WebDriverBackedSelenium(driver, internal.GlobalVariable.ENV): null

2019-12-09 01:09:01 - [TEST_STEP][PASSED] - a_plan_name = "xpath=//a[contains(@href,'/term-health-insurance/plan/" + carrier + "')]": null

2019-12-09 01:09:01 - [TEST_STEP][PASSED] - println(a_plan_name): null

2019-12-09 01:09:01 - [TEST_STEP][PASSED] - selenium.click(a_plan_name): null

2019-12-09 01:09:02 - [TEST_STEP][PASSED] - waitForPageLoad(20): Wait for page load successfully

2019-12-09 01:09:02 - [MESSAGE][PASSED] - Wait for page load successfully

2019-12-09 01:09:02 - [TEST_STEP][PASSED] - Thread.sleep(2000): null

2019-12-09 01:09:04 - [TEST_STEP][PASSED] - callTestCase(findTestCase("AHI/_include/get_screenshot"), [:], STOP_ON_FAILURE): Call Test Case 'Test Cases/AHI/_include/get_screenshot' successfully

2019-12-09 01:09:04 - [TEST_CASE][PASSED] - Test Cases/AHI/_include/get_screenshot: Test Cases/AHI/_include/get_screenshot

2019-12-09 01:09:04 - [TEST_STEP][PASSED] - takeScreenshot(screenPath + i + ".png"): Taking screenshot successfully

2019-12-09 01:09:04 - [MESSAGE][PASSED] - Taking screenshot successfully
[[ATTACHMENT|D:\\Test\\AgileTest\\Reports\\HIC\\hic\\20191209_004704\\../Screenshots/iPhone 6/HIC/STM/Everest Prime/20191209_010833/4.png]]

2019-12-09 01:09:04 - [TEST_STEP][PASSED] - (internal.GlobalVariable.i++): null

2019-12-09 01:09:04 - [MESSAGE][PASSED] - Call Test Case 'Test Cases/AHI/_include/get_screenshot' successfully

2019-12-09 01:09:04 - [MESSAGE][PASSED] - Call Test Case 'Test Cases/AHI/_include/goToDetail_stm' successfully

2019-12-09 01:09:04 - [TEST_STEP][PASSED] - callTestCase(findTestCase("AHI/_include/apply_stm"), [:], STOP_ON_FAILURE): Call Test Case 'Test Cases/AHI/_include/apply_stm' successfully

2019-12-09 01:09:04 - [TEST_CASE][PASSED] - Test Cases/AHI/_include/apply_stm: Test Cases/AHI/_include/apply_stm

2019-12-09 01:09:04 - [TEST_STEP][PASSED] - waitForElementVisible(findTestObject("mobileSanity/STM/STM PlanDetail Page/a_Apply for This Plan"), 5): Object 'Object Repository/mobileSanity/STM/STM PlanDetail Page/a_Apply for This Plan' is visible

2019-12-09 01:09:05 - [MESSAGE][PASSED] - Object 'Object Repository/mobileSanity/STM/STM PlanDetail Page/a_Apply for This Plan' is visible

2019-12-09 01:09:05 - [TEST_STEP][PASSED] - click(findTestObject("mobileSanity/STM/STM PlanDetail Page/a_Apply for This Plan")): Object: 'Object Repository/mobileSanity/STM/STM PlanDetail Page/a_Apply for This Plan' is clicked on

2019-12-09 01:09:06 - [MESSAGE][PASSED] - Object: 'Object Repository/mobileSanity/STM/STM PlanDetail Page/a_Apply for This Plan' is clicked on

2019-12-09 01:09:06 - [TEST_STEP][PASSED] - waitForPageLoad(10): Wait for page load successfully

2019-12-09 01:09:06 - [MESSAGE][PASSED] - Wait for page load successfully

2019-12-09 01:09:06 - [TEST_STEP][PASSED] - Thread.sleep(2000): null

2019-12-09 01:09:08 - [TEST_STEP][PASSED] - callTestCase(findTestCase("AHI/_include/get_screenshot"), [:], STOP_ON_FAILURE): Call Test Case 'Test Cases/AHI/_include/get_screenshot' successfully

2019-12-09 01:09:08 - [TEST_CASE][PASSED] - Test Cases/AHI/_include/get_screenshot: Test Cases/AHI/_include/get_screenshot

2019-12-09 01:09:08 - [TEST_STEP][PASSED] - takeScreenshot(screenPath + i + ".png"): Taking screenshot successfully

2019-12-09 01:09:08 - [MESSAGE][PASSED] - Taking screenshot successfully
[[ATTACHMENT|D:\\Test\\AgileTest\\Reports\\HIC\\hic\\20191209_004704\\../Screenshots/iPhone 6/HIC/STM/Everest Prime/20191209_010833/5.png]]

2019-12-09 01:09:08 - [TEST_STEP][PASSED] - (internal.GlobalVariable.i++): null

2019-12-09 01:09:08 - [MESSAGE][PASSED] - Call Test Case 'Test Cases/AHI/_include/get_screenshot' successfully

2019-12-09 01:09:08 - [TEST_STEP][PASSED] - waitForElementVisible(findTestObject("mobileSanity/STM/STM Apply Page/a_Start Secure Application"), 5): Object 'Object Repository/mobileSanity/STM/STM Apply Page/a_Start Secure Application' is visible

2019-12-09 01:09:08 - [MESSAGE][PASSED] - Object 'Object Repository/mobileSanity/STM/STM Apply Page/a_Start Secure Application' is visible

2019-12-09 01:09:08 - [TEST_STEP][PASSED] - click(findTestObject("mobileSanity/STM/STM Apply Page/a_Start Secure Application")): Object: 'Object Repository/mobileSanity/STM/STM Apply Page/a_Start Secure Application' is clicked on

2019-12-09 01:09:09 - [MESSAGE][PASSED] - Object: 'Object Repository/mobileSanity/STM/STM Apply Page/a_Start Secure Application' is clicked on

2019-12-09 01:09:09 - [TEST_STEP][PASSED] - waitForPageLoad(20): Wait for page load successfully

2019-12-09 01:09:10 - [MESSAGE][PASSED] - Wait for page load successfully

2019-12-09 01:09:10 - [TEST_STEP][PASSED] - Thread.sleep(2000): null

2019-12-09 01:09:12 - [TEST_STEP][PASSED] - callTestCase(findTestCase("AHI/_include/get_screenshot"), [:], STOP_ON_FAILURE): Call Test Case 'Test Cases/AHI/_include/get_screenshot' successfully

2019-12-09 01:09:12 - [TEST_CASE][PASSED] - Test Cases/AHI/_include/get_screenshot: Test Cases/AHI/_include/get_screenshot

2019-12-09 01:09:12 - [TEST_STEP][PASSED] - takeScreenshot(screenPath + i + ".png"): Taking screenshot successfully

2019-12-09 01:09:13 - [MESSAGE][PASSED] - Taking screenshot successfully
[[ATTACHMENT|D:\\Test\\AgileTest\\Reports\\HIC\\hic\\20191209_004704\\../Screenshots/iPhone 6/HIC/STM/Everest Prime/20191209_010833/6.png]]

2019-12-09 01:09:13 - [TEST_STEP][PASSED] - (internal.GlobalVariable.i++): null

2019-12-09 01:09:13 - [MESSAGE][PASSED] - Call Test Case 'Test Cases/AHI/_include/get_screenshot' successfully

2019-12-09 01:09:13 - [MESSAGE][PASSED] - Call Test Case 'Test Cases/AHI/_include/apply_stm' successfully

2019-12-09 01:09:13 - [TEST_STEP][PASSED] - callTestCase(findTestCase("AHI/_include/goToEnd_stm_autofill"), [:], STOP_ON_FAILURE): Call Test Case 'Test Cases/AHI/_include/goToEnd_stm_autofill' successfully

2019-12-09 01:09:13 - [TEST_CASE][PASSED] - Test Cases/AHI/_include/goToEnd_stm_autofill: Test Cases/AHI/_include/goToEnd_stm_autofill

2019-12-09 01:09:13 - [TEST_STEP][PASSED] - callTestCase(findTestCase("AHI/_include/name"), [:], CONTINUE_ON_FAILURE): Call Test Case 'Test Cases/AHI/_include/name' successfully

2019-12-09 01:09:13 - [TEST_CASE][PASSED] - Test Cases/AHI/_include/name: Test Cases/AHI/_include/name

2019-12-09 01:09:13 - [TEST_STEP][PASSED] - driver = getWebDriver(): null

2019-12-09 01:09:13 - [TEST_STEP][PASSED] - selenium = new com.thoughtworks.selenium.webdriven.WebDriverBackedSelenium(driver, internal.GlobalVariable.ENV): null

2019-12-09 01:09:13 - [TEST_STEP][PASSED] - FirstName = "Test-123": null

2019-12-09 01:09:13 - [TEST_STEP][PASSED] - LastName = selenium.getEval("{var x="ABCDEFGHIJKLMNOPQRSTUVWXYZabcdefghijklmnopqrstuvwxyz"; var tmp="ZZ11-"; for (i=0;i<8;i++) tmp+=x.charAt(Math.ceil(51*Math.random()));tmp;}"): null

2019-12-09 01:09:13 - [TEST_STEP][PASSED] - Address = selenium.getEval("{var x="ABCDEFGHIJKLMNOPQRSTUVWXYZabcdefghijklmnopqrstuvwxyz"; var tmp=""; for (i=0;i<8;i++) tmp+=x.charAt(Math.ceil(51*Math.random()));tmp;}"): null

2019-12-09 01:09:13 - [TEST_STEP][PASSED] - City = selenium.getEval("{var x="ABCDEFGHIJKLMNOPQRSTUVWXYZabcdefghijklmnopqrstuvwxyz"; var tmp=""; for (i=0;i<8;i++) tmp+=x.charAt(Math.ceil(51*Math.random()));tmp;}"): null

2019-12-09 01:09:13 - [TEST_STEP][PASSED] - tel1 = selenium.getEval("{var x="123456789"; var tmp=""; for (i=0;i<3;i++) tmp+=x.charAt(Math.ceil(8*Math.random()));tmp;}"): null

2019-12-09 01:09:13 - [TEST_STEP][PASSED] - tel2 = selenium.getEval("{var x="123456789"; var tmp=""; for (i=0;i<3;i++) tmp+=x.charAt(Math.ceil(8*Math.random()));tmp;}"): null

2019-12-09 01:09:13 - [TEST_STEP][PASSED] - tel3 = selenium.getEval("{var x="123456789"; var tmp=""; for (i=0;i<4;i++) tmp+=x.charAt(Math.ceil(8*Math.random()));tmp;}"): null

2019-12-09 01:09:13 - [TEST_STEP][PASSED] - Tel = selenium.getExpression(tel1 + "-" + tel2 + "-" + tel3): null

2019-12-09 01:09:13 - [TEST_STEP][PASSED] - AutoEmail = selenium.getEval("{var x="ABCDEFGHIJKLMNOPQRSTUVWXYZabcdefghijklmnopqrstuvwxyz"; var tmp="test."; for (i=0;i<8;i++) tmp+=x.charAt(Math.ceil(51*Math.random()));tmp+="@suryani.cn";}"): null

2019-12-09 01:09:13 - [TEST_STEP][PASSED] - FirstName = FirstName: null

2019-12-09 01:09:13 - [TEST_STEP][PASSED] - LastName = LastName: null

2019-12-09 01:09:13 - [TEST_STEP][PASSED] - Address = Address: null

2019-12-09 01:09:13 - [TEST_STEP][PASSED] - City = City: null

2019-12-09 01:09:13 - [TEST_STEP][PASSED] - Tel = Tel: null

2019-12-09 01:09:13 - [TEST_STEP][PASSED] - AutoEmail = AutoEmail: null

2019-12-09 01:09:13 - [TEST_STEP][PASSED] - println(FirstName): null

2019-12-09 01:09:13 - [TEST_STEP][PASSED] - println(LastName): null

2019-12-09 01:09:13 - [TEST_STEP][PASSED] - println(Address): null

2019-12-09 01:09:13 - [TEST_STEP][PASSED] - println(City): null

2019-12-09 01:09:13 - [TEST_STEP][PASSED] - println(Tel): null

2019-12-09 01:09:13 - [TEST_STEP][PASSED] - println(AutoEmail): null

2019-12-09 01:09:13 - [MESSAGE][PASSED] - Call Test Case 'Test Cases/AHI/_include/name' successfully

2019-12-09 01:09:13 - [TEST_STEP][FAILED] - try: Unable to verify text 'Month Duration Acknowledgement' is present  (Root cause: com.kms.katalon.core.exception.StepFailedException: Text 'Month Duration Acknowledgement' is not present on page )

2019-12-09 01:09:13 - [TEST_STEP][FAILED] - if (verifyTextPresent("Month Duration Acknowledgement", false)): Unable to verify text 'Month Duration Acknowledgement' is present  (Root cause: com.kms.katalon.core.exception.StepFailedException: Text 'Month Duration Acknowledgement' is not present on page )

2019-12-09 01:09:13 - [MESSAGE][FAILED] - Text 'Month Duration Acknowledgement' is not present on page 

2019-12-09 01:09:13 - [MESSAGE][FAILED] - Unable to verify text 'Month Duration Acknowledgement' is present  (Root cause: com.kms.katalon.core.exception.StepFailedException: Text 'Month Duration Acknowledgement' is not present on page )
[[ATTACHMENT|D:\\Test\\AgileTest\\Reports\\HIC\\hic\\20191209_004704\\1575871753435.png]]

2019-12-09 01:09:13 - [TEST_STEP][PASSED] - catch (Exception e): null

2019-12-09 01:09:13 - [TEST_STEP][PASSED] - println("no consecutive"): null

2019-12-09 01:09:13 - [TEST_STEP][PASSED] - waitForPageLoad(10): Wait for page load successfully

2019-12-09 01:09:13 - [MESSAGE][PASSED] - Wait for page load successfully

2019-12-09 01:09:13 - [TEST_STEP][PASSED] - Thread.sleep(3000): null

2019-12-09 01:09:16 - [TEST_STEP][PASSED] - waitForElementVisible(findTestObject("mobileSanity/STM/Page_App Page 1/a_Autofill App Info"), 20): Object 'Object Repository/mobileSanity/STM/Page_App Page 1/a_Autofill App Info' is visible

2019-12-09 01:09:16 - [MESSAGE][PASSED] - Object 'Object Repository/mobileSanity/STM/Page_App Page 1/a_Autofill App Info' is visible

2019-12-09 01:09:16 - [TEST_STEP][PASSED] - click(findTestObject("mobileSanity/STM/Page_App Page 1/a_Autofill App Info")): Object: 'Object Repository/mobileSanity/STM/Page_App Page 1/a_Autofill App Info' is clicked on

2019-12-09 01:09:16 - [MESSAGE][PASSED] - Object: 'Object Repository/mobileSanity/STM/Page_App Page 1/a_Autofill App Info' is clicked on

2019-12-09 01:09:16 - [TEST_STEP][PASSED] - Thread.sleep(1000): null

2019-12-09 01:09:17 - [TEST_STEP][PASSED] - click(findTestObject("mobileSanity/STM/Page_App Page 1/a_Autofill App Info")): Object: 'Object Repository/mobileSanity/STM/Page_App Page 1/a_Autofill App Info' is clicked on

2019-12-09 01:09:18 - [MESSAGE][PASSED] - Object: 'Object Repository/mobileSanity/STM/Page_App Page 1/a_Autofill App Info' is clicked on

2019-12-09 01:09:18 - [TEST_STEP][PASSED] - Thread.sleep(1000): null

2019-12-09 01:09:19 - [TEST_STEP][PASSED] - waitForElementVisible(findTestObject("mobileSanity/STM/Page_App Page 1/a_Continue"), 20): Object 'Object Repository/mobileSanity/STM/Page_App Page 1/a_Continue' is visible

2019-12-09 01:09:19 - [MESSAGE][PASSED] - Object 'Object Repository/mobileSanity/STM/Page_App Page 1/a_Continue' is visible

2019-12-09 01:09:19 - [TEST_STEP][PASSED] - click(findTestObject("mobileSanity/STM/Page_App Page 1/a_Continue")): Object: 'Object Repository/mobileSanity/STM/Page_App Page 1/a_Continue' is clicked on

2019-12-09 01:09:19 - [MESSAGE][PASSED] - Object: 'Object Repository/mobileSanity/STM/Page_App Page 1/a_Continue' is clicked on

2019-12-09 01:09:19 - [TEST_STEP][PASSED] - waitForPageLoad(20): Wait for page load successfully

2019-12-09 01:09:19 - [MESSAGE][PASSED] - Wait for page load successfully

2019-12-09 01:09:19 - [TEST_STEP][PASSED] - Thread.sleep(5000): null

2019-12-09 01:09:24 - [TEST_STEP][PASSED] - callTestCase(findTestCase("AHI/_include/get_screenshot"), [:], STOP_ON_FAILURE): Call Test Case 'Test Cases/AHI/_include/get_screenshot' successfully

2019-12-09 01:09:24 - [TEST_CASE][PASSED] - Test Cases/AHI/_include/get_screenshot: Test Cases/AHI/_include/get_screenshot

2019-12-09 01:09:24 - [TEST_STEP][PASSED] - takeScreenshot(screenPath + i + ".png"): Taking screenshot successfully

2019-12-09 01:09:24 - [MESSAGE][PASSED] - Taking screenshot successfully
[[ATTACHMENT|D:\\Test\\AgileTest\\Reports\\HIC\\hic\\20191209_004704\\../Screenshots/iPhone 6/HIC/STM/Everest Prime/20191209_010833/7.png]]

2019-12-09 01:09:24 - [TEST_STEP][PASSED] - (internal.GlobalVariable.i++): null

2019-12-09 01:09:24 - [MESSAGE][PASSED] - Call Test Case 'Test Cases/AHI/_include/get_screenshot' successfully

2019-12-09 01:09:24 - [TEST_STEP][PASSED] - click(findTestObject("mobileSanity/STM/Page_App Page 2/a_Continue to Step 3 - Payment")): Object: 'Object Repository/mobileSanity/STM/Page_App Page 2/a_Continue to Step 3 - Payment' is clicked on

2019-12-09 01:09:25 - [MESSAGE][PASSED] - Object: 'Object Repository/mobileSanity/STM/Page_App Page 2/a_Continue to Step 3 - Payment' is clicked on

2019-12-09 01:09:25 - [TEST_STEP][PASSED] - waitForPageLoad(20): Wait for page load successfully

2019-12-09 01:09:25 - [MESSAGE][PASSED] - Wait for page load successfully

2019-12-09 01:09:25 - [TEST_STEP][PASSED] - waitForElementVisible(findTestObject("mobileSanity/STM/Page_App Page 3/input__credit-card-cvv"), 20): Object 'Object Repository/mobileSanity/STM/Page_App Page 3/input__credit-card-cvv' is visible

2019-12-09 01:09:25 - [MESSAGE][PASSED] - Object 'Object Repository/mobileSanity/STM/Page_App Page 3/input__credit-card-cvv' is visible

2019-12-09 01:09:25 - [TEST_STEP][PASSED] - Thread.sleep(2000): null

2019-12-09 01:09:27 - [TEST_STEP][PASSED] - callTestCase(findTestCase("AHI/_include/get_screenshot"), [:], STOP_ON_FAILURE): Call Test Case 'Test Cases/AHI/_include/get_screenshot' successfully

2019-12-09 01:09:27 - [TEST_CASE][PASSED] - Test Cases/AHI/_include/get_screenshot: Test Cases/AHI/_include/get_screenshot

2019-12-09 01:09:27 - [TEST_STEP][PASSED] - takeScreenshot(screenPath + i + ".png"): Taking screenshot successfully

2019-12-09 01:09:27 - [MESSAGE][PASSED] - Taking screenshot successfully
[[ATTACHMENT|D:\\Test\\AgileTest\\Reports\\HIC\\hic\\20191209_004704\\../Screenshots/iPhone 6/HIC/STM/Everest Prime/20191209_010833/8.png]]

2019-12-09 01:09:27 - [TEST_STEP][PASSED] - (internal.GlobalVariable.i++): null

2019-12-09 01:09:27 - [MESSAGE][PASSED] - Call Test Case 'Test Cases/AHI/_include/get_screenshot' successfully

2019-12-09 01:09:27 - [TEST_STEP][PASSED] - clearText(findTestObject("mobileSanity/STM/Page_App Page 3/input__credit-card-cvv")): Text of object 'Object Repository/mobileSanity/STM/Page_App Page 3/input__credit-card-cvv' is cleared

2019-12-09 01:09:27 - [MESSAGE][PASSED] - Text of object 'Object Repository/mobileSanity/STM/Page_App Page 3/input__credit-card-cvv' is cleared

2019-12-09 01:09:27 - [TEST_STEP][PASSED] - setText(findTestObject("mobileSanity/STM/Page_App Page 3/input__credit-card-cvv"), "123"): Text '123' is set on object 'Object Repository/mobileSanity/STM/Page_App Page 3/input__credit-card-cvv'

2019-12-09 01:09:28 - [MESSAGE][PASSED] - Text '123' is set on object 'Object Repository/mobileSanity/STM/Page_App Page 3/input__credit-card-cvv'

2019-12-09 01:09:28 - [TEST_STEP][PASSED] - click(findTestObject("mobileSanity/STM/Page_App Page 3/label_I Accept Authorization f")): Object: 'Object Repository/mobileSanity/STM/Page_App Page 3/label_I Accept Authorization f' is clicked on

2019-12-09 01:09:28 - [MESSAGE][PASSED] - Object: 'Object Repository/mobileSanity/STM/Page_App Page 3/label_I Accept Authorization f' is clicked on

2019-12-09 01:09:28 - [TEST_STEP][PASSED] - click(findTestObject("mobileSanity/STM/Page_App Page 3/a_Continue to Step 4 - Review")): Object: 'Object Repository/mobileSanity/STM/Page_App Page 3/a_Continue to Step 4 - Review' is clicked on

2019-12-09 01:09:28 - [MESSAGE][PASSED] - Object: 'Object Repository/mobileSanity/STM/Page_App Page 3/a_Continue to Step 4 - Review' is clicked on

2019-12-09 01:09:28 - [TEST_STEP][PASSED] - waitForPageLoad(10): Wait for page load successfully

2019-12-09 01:09:28 - [MESSAGE][PASSED] - Wait for page load successfully

2019-12-09 01:09:28 - [TEST_STEP][PASSED] - waitForElementClickable(findTestObject("mobileSanity/STM/Page_App Page 4/label"), 10): Object 'Object Repository/mobileSanity/STM/Page_App Page 4/label' is clickable

2019-12-09 01:09:29 - [MESSAGE][PASSED] - Object 'Object Repository/mobileSanity/STM/Page_App Page 4/label' is clickable

2019-12-09 01:09:29 - [TEST_STEP][PASSED] - Thread.sleep(2000): null

2019-12-09 01:09:31 - [TEST_STEP][PASSED] - callTestCase(findTestCase("AHI/_include/get_screenshot"), [:], STOP_ON_FAILURE): Call Test Case 'Test Cases/AHI/_include/get_screenshot' successfully

2019-12-09 01:09:31 - [TEST_CASE][PASSED] - Test Cases/AHI/_include/get_screenshot: Test Cases/AHI/_include/get_screenshot

2019-12-09 01:09:31 - [TEST_STEP][PASSED] - takeScreenshot(screenPath + i + ".png"): Taking screenshot successfully

2019-12-09 01:09:31 - [MESSAGE][PASSED] - Taking screenshot successfully
[[ATTACHMENT|D:\\Test\\AgileTest\\Reports\\HIC\\hic\\20191209_004704\\../Screenshots/iPhone 6/HIC/STM/Everest Prime/20191209_010833/9.png]]

2019-12-09 01:09:31 - [TEST_STEP][PASSED] - (internal.GlobalVariable.i++): null

2019-12-09 01:09:31 - [MESSAGE][PASSED] - Call Test Case 'Test Cases/AHI/_include/get_screenshot' successfully

2019-12-09 01:09:31 - [TEST_STEP][PASSED] - click(findTestObject("mobileSanity/STM/Page_App Page 4/label")): Object: 'Object Repository/mobileSanity/STM/Page_App Page 4/label' is clicked on

2019-12-09 01:09:31 - [MESSAGE][PASSED] - Object: 'Object Repository/mobileSanity/STM/Page_App Page 4/label' is clicked on

2019-12-09 01:09:31 - [TEST_STEP][PASSED] - click(findTestObject("mobileSanity/STM/Page_App Page 4/div_CLICK TO SIGN")): Object: 'Object Repository/mobileSanity/STM/Page_App Page 4/div_CLICK TO SIGN' is clicked on

2019-12-09 01:09:31 - [MESSAGE][PASSED] - Object: 'Object Repository/mobileSanity/STM/Page_App Page 4/div_CLICK TO SIGN' is clicked on

2019-12-09 01:09:31 - [TEST_STEP][PASSED] - click(findTestObject("mobileSanity/STM/Page_App Page 4/a_Submit Your Application")): Object: 'Object Repository/mobileSanity/STM/Page_App Page 4/a_Submit Your Application' is clicked on

2019-12-09 01:09:32 - [MESSAGE][PASSED] - Object: 'Object Repository/mobileSanity/STM/Page_App Page 4/a_Submit Your Application' is clicked on

2019-12-09 01:09:32 - [TEST_STEP][PASSED] - Thread.sleep(30000): null

2019-12-09 01:10:02 - [TEST_STEP][PASSED] - waitForElementPresent(findTestObject("mobileSanity/STM/Page_App Page 6/app-page-wrapper"), 20): Object 'Object Repository/mobileSanity/STM/Page_App Page 6/app-page-wrapper' is present

2019-12-09 01:10:02 - [MESSAGE][PASSED] - Object 'Object Repository/mobileSanity/STM/Page_App Page 6/app-page-wrapper' is present

2019-12-09 01:10:02 - [TEST_STEP][PASSED] - callTestCase(findTestCase("AHI/_include/get_screenshot"), [:], STOP_ON_FAILURE): Call Test Case 'Test Cases/AHI/_include/get_screenshot' successfully

2019-12-09 01:10:02 - [TEST_CASE][PASSED] - Test Cases/AHI/_include/get_screenshot: Test Cases/AHI/_include/get_screenshot

2019-12-09 01:10:02 - [TEST_STEP][PASSED] - takeScreenshot(screenPath + i + ".png"): Taking screenshot successfully

2019-12-09 01:10:03 - [MESSAGE][PASSED] - Taking screenshot successfully
[[ATTACHMENT|D:\\Test\\AgileTest\\Reports\\HIC\\hic\\20191209_004704\\../Screenshots/iPhone 6/HIC/STM/Everest Prime/20191209_010833/10.png]]

2019-12-09 01:10:03 - [TEST_STEP][PASSED] - (internal.GlobalVariable.i++): null

2019-12-09 01:10:03 - [MESSAGE][PASSED] - Call Test Case 'Test Cases/AHI/_include/get_screenshot' successfully

2019-12-09 01:10:03 - [MESSAGE][PASSED] - Call Test Case 'Test Cases/AHI/_include/goToEnd_stm_autofill' successfully]]></system-out>
         <system-err><![CDATA[]]></system-err>
      </testcase>
      <testcase name="Test Cases/HIC/STM/Everest" classname="Test Cases/HIC/STM/Everest" status="PASSED">
         <system-out><![CDATA[2019-12-09 01:10:03 - [TEST_CASE][PASSED] - Test Cases/HIC/STM/Everest: Test Cases/HIC/STM/Everest

2019-12-09 01:10:03 - [TEST_STEP][PASSED] - callTestCase(findTestCase("HIC/_include/get_hicScreenPath"), ["project":"HIC", "productLine":"STM", "carrierName":"Everest"], CONTINUE_ON_FAILURE): Call Test Case 'Test Cases/HIC/_include/get_hicScreenPath' successfully

2019-12-09 01:10:03 - [TEST_CASE][PASSED] - Test Cases/HIC/_include/get_hicScreenPath: Test Cases/HIC/_include/get_hicScreenPath

2019-12-09 01:10:03 - [TEST_STEP][PASSED] - m = getExecutionProperties(): null

2019-12-09 01:10:03 - [TEST_STEP][PASSED] - deviceName = get("mobileEmulation").get("deviceName"): null

2019-12-09 01:10:03 - [TEST_STEP][PASSED] - println(deviceName): null

2019-12-09 01:10:03 - [TEST_STEP][PASSED] - now = new java.util.Date(): null

2019-12-09 01:10:03 - [TEST_STEP][PASSED] - mydate = now.format("yyyyMMdd_HHmmss"): null

2019-12-09 01:10:03 - [TEST_STEP][PASSED] - screenPath = "../Screenshots/": null

2019-12-09 01:10:03 - [TEST_STEP][PASSED] - screenPath = screenPath + deviceName + "/" + project + "/" + productLine + "/" + carrierName + "/" + mydate + "/": null

2019-12-09 01:10:03 - [TEST_STEP][PASSED] - println(screenPath): null

2019-12-09 01:10:03 - [MESSAGE][PASSED] - Call Test Case 'Test Cases/HIC/_include/get_hicScreenPath' successfully

2019-12-09 01:10:03 - [TEST_STEP][PASSED] - i = 0: null

2019-12-09 01:10:03 - [TEST_STEP][PASSED] - callTestCase(findTestCase("AHI/_include/openWebSite"), ["env":"https://qa.healthinsurance.com/"], CONTINUE_ON_FAILURE): Call Test Case 'Test Cases/AHI/_include/openWebSite' successfully

2019-12-09 01:10:03 - [TEST_CASE][PASSED] - Test Cases/AHI/_include/openWebSite: Test Cases/AHI/_include/openWebSite

2019-12-09 01:10:03 - [TEST_STEP][PASSED] - openBrowser(env): Browser is opened with url: 'https://qa.healthinsurance.com/'

2019-12-09 01:10:03 - [MESSAGE][WARNING] - A browser is already opened. Closing browser and opening a new one

2019-12-09 01:10:10 - [MESSAGE][INFO] - Starting 'Chrome' driver

2019-12-09 01:10:10 - [MESSAGE][INFO] - User set preference: ['mobileEmulation', '{deviceName=iPhone 6}']

2019-12-09 01:10:10 - [MESSAGE][INFO] - User set preference: ['args', '[--incognito, --aggressive-cache-discard, --window-size=375,677, --no-sandbox]']

2019-12-09 01:10:14 - [MESSAGE][PASSED] - Browser is opened with url: 'https://qa.healthinsurance.com/'

2019-12-09 01:10:14 - [TEST_STEP][PASSED] - waitForPageLoad(20): Wait for page load successfully

2019-12-09 01:10:14 - [MESSAGE][PASSED] - Wait for page load successfully

2019-12-09 01:10:14 - [TEST_STEP][PASSED] - callTestCase(findTestCase("AHI/_include/get_screenshot"), [:], STOP_ON_FAILURE): Call Test Case 'Test Cases/AHI/_include/get_screenshot' successfully

2019-12-09 01:10:14 - [TEST_CASE][PASSED] - Test Cases/AHI/_include/get_screenshot: Test Cases/AHI/_include/get_screenshot

2019-12-09 01:10:14 - [TEST_STEP][PASSED] - takeScreenshot(screenPath + i + ".png"): Taking screenshot successfully

2019-12-09 01:10:15 - [MESSAGE][PASSED] - Taking screenshot successfully
[[ATTACHMENT|D:\\Test\\AgileTest\\Reports\\HIC\\hic\\20191209_004704\\../Screenshots/iPhone 6/HIC/STM/Everest/20191209_011003/0.png]]

2019-12-09 01:10:15 - [TEST_STEP][PASSED] - (internal.GlobalVariable.i++): null

2019-12-09 01:10:15 - [MESSAGE][PASSED] - Call Test Case 'Test Cases/AHI/_include/get_screenshot' successfully

2019-12-09 01:10:15 - [MESSAGE][PASSED] - Call Test Case 'Test Cases/AHI/_include/openWebSite' successfully

2019-12-09 01:10:15 - [TEST_STEP][PASSED] - click(findTestObject("hic/nav/navButton")): Object: 'Object Repository/hic/nav/navButton' is clicked on

2019-12-09 01:10:15 - [MESSAGE][PASSED] - Object: 'Object Repository/hic/nav/navButton' is clicked on

2019-12-09 01:10:15 - [TEST_STEP][PASSED] - Thread.sleep(2000): null

2019-12-09 01:10:17 - [TEST_STEP][PASSED] - click(findTestObject("hic/nav/stmLink")): Object: 'Object Repository/hic/nav/stmLink' is clicked on

2019-12-09 01:10:18 - [MESSAGE][PASSED] - Object: 'Object Repository/hic/nav/stmLink' is clicked on

2019-12-09 01:10:18 - [TEST_STEP][PASSED] - Thread.sleep(2000): null

2019-12-09 01:10:20 - [TEST_STEP][PASSED] - callTestCase(findTestCase("AHI/_include/get_screenshot"), [:], STOP_ON_FAILURE): Call Test Case 'Test Cases/AHI/_include/get_screenshot' successfully

2019-12-09 01:10:20 - [TEST_CASE][PASSED] - Test Cases/AHI/_include/get_screenshot: Test Cases/AHI/_include/get_screenshot

2019-12-09 01:10:20 - [TEST_STEP][PASSED] - takeScreenshot(screenPath + i + ".png"): Taking screenshot successfully

2019-12-09 01:10:20 - [MESSAGE][PASSED] - Taking screenshot successfully
[[ATTACHMENT|D:\\Test\\AgileTest\\Reports\\HIC\\hic\\20191209_004704\\../Screenshots/iPhone 6/HIC/STM/Everest/20191209_011003/1.png]]

2019-12-09 01:10:20 - [TEST_STEP][PASSED] - (internal.GlobalVariable.i++): null

2019-12-09 01:10:20 - [MESSAGE][PASSED] - Call Test Case 'Test Cases/AHI/_include/get_screenshot' successfully

2019-12-09 01:10:20 - [TEST_STEP][PASSED] - callTestCase(findTestCase("HIC/_include/stm_census"), ["zipcode":"83709"], STOP_ON_FAILURE): Call Test Case 'Test Cases/HIC/_include/stm_census' successfully

2019-12-09 01:10:20 - [TEST_CASE][PASSED] - Test Cases/HIC/_include/stm_census: Test Cases/HIC/_include/stm_census

2019-12-09 01:10:20 - [TEST_STEP][PASSED] - setText(findTestObject("hic/stm/zip"), zipcode): Text '83709' is set on object 'Object Repository/hic/stm/zip'

2019-12-09 01:10:21 - [MESSAGE][PASSED] - Text '83709' is set on object 'Object Repository/hic/stm/zip'

2019-12-09 01:10:21 - [TEST_STEP][PASSED] - Thread.sleep(500): null

2019-12-09 01:10:21 - [TEST_STEP][PASSED] - setText(findTestObject("hic/stm/primaryDOB"), "03031987"): Text '03031987' is set on object 'Object Repository/hic/stm/primaryDOB'

2019-12-09 01:10:22 - [MESSAGE][PASSED] - Text '03031987' is set on object 'Object Repository/hic/stm/primaryDOB'

2019-12-09 01:10:22 - [TEST_STEP][PASSED] - click(findTestObject("hic/stm/female")): Object: 'Object Repository/hic/stm/female' is clicked on

2019-12-09 01:10:23 - [MESSAGE][PASSED] - Object: 'Object Repository/hic/stm/female' is clicked on

2019-12-09 01:10:23 - [TEST_STEP][PASSED] - Thread.sleep(3000): null

2019-12-09 01:10:26 - [TEST_STEP][PASSED] - click(findTestObject("hic/stm/submitButton")): Object: 'Object Repository/hic/stm/submitButton' is clicked on

2019-12-09 01:10:29 - [MESSAGE][PASSED] - Object: 'Object Repository/hic/stm/submitButton' is clicked on

2019-12-09 01:10:29 - [TEST_STEP][PASSED] - Thread.sleep(6000): null

2019-12-09 01:10:35 - [TEST_STEP][PASSED] - callTestCase(findTestCase("AHI/_include/get_screenshot"), [:], STOP_ON_FAILURE): Call Test Case 'Test Cases/AHI/_include/get_screenshot' successfully

2019-12-09 01:10:35 - [TEST_CASE][PASSED] - Test Cases/AHI/_include/get_screenshot: Test Cases/AHI/_include/get_screenshot

2019-12-09 01:10:35 - [TEST_STEP][PASSED] - takeScreenshot(screenPath + i + ".png"): Taking screenshot successfully

2019-12-09 01:10:36 - [MESSAGE][PASSED] - Taking screenshot successfully
[[ATTACHMENT|D:\\Test\\AgileTest\\Reports\\HIC\\hic\\20191209_004704\\../Screenshots/iPhone 6/HIC/STM/Everest/20191209_011003/2.png]]

2019-12-09 01:10:36 - [TEST_STEP][PASSED] - (internal.GlobalVariable.i++): null

2019-12-09 01:10:36 - [MESSAGE][PASSED] - Call Test Case 'Test Cases/AHI/_include/get_screenshot' successfully

2019-12-09 01:10:36 - [TEST_STEP][PASSED] - Thread.sleep(1000): null

2019-12-09 01:10:37 - [MESSAGE][PASSED] - Call Test Case 'Test Cases/HIC/_include/stm_census' successfully

2019-12-09 01:10:37 - [TEST_STEP][PASSED] - callTestCase(findTestCase("AHI/_include/filter_stm"), ["carrier":"everest-one"], STOP_ON_FAILURE): Call Test Case 'Test Cases/AHI/_include/filter_stm' successfully

2019-12-09 01:10:37 - [TEST_CASE][PASSED] - Test Cases/AHI/_include/filter_stm: Test Cases/AHI/_include/filter_stm

2019-12-09 01:10:37 - [TEST_STEP][PASSED] - driver = getWebDriver(): null

2019-12-09 01:10:37 - [TEST_STEP][PASSED] - selenium = new com.thoughtworks.selenium.webdriven.WebDriverBackedSelenium(driver, internal.GlobalVariable.ENV): null

2019-12-09 01:10:37 - [TEST_STEP][PASSED] - Thread.sleep(1000): null

2019-12-09 01:10:38 - [TEST_STEP][PASSED] - click(findTestObject("mobileSanity/STM/STM Quote Page/button_filters")): Object: 'Object Repository/mobileSanity/STM/STM Quote Page/button_filters' is clicked on

2019-12-09 01:10:38 - [MESSAGE][PASSED] - Object: 'Object Repository/mobileSanity/STM/STM Quote Page/button_filters' is clicked on

2019-12-09 01:10:38 - [TEST_STEP][PASSED] - Thread.sleep(1000): null

2019-12-09 01:10:39 - [TEST_STEP][PASSED] - click(findTestObject("mobileSanity/STM/STM Quote Page/i_Insurance company")): Object: 'Object Repository/mobileSanity/STM/STM Quote Page/i_Insurance company' is clicked on

2019-12-09 01:10:39 - [MESSAGE][PASSED] - Object: 'Object Repository/mobileSanity/STM/STM Quote Page/i_Insurance company' is clicked on

2019-12-09 01:10:39 - [TEST_STEP][PASSED] - Thread.sleep(1000): null

2019-12-09 01:10:40 - [TEST_STEP][PASSED] - filter_carrier = "//input[@name='filter[carrier]' and @value='" + carrier + "']/following::label": null

2019-12-09 01:10:40 - [TEST_STEP][PASSED] - println(filter_carrier): null

2019-12-09 01:10:40 - [TEST_STEP][PASSED] - test.MobileKeywords.clickJS_ByXpath(filter_carrier): test.MobileKeywords.clickJS_ByXpath is PASSED

2019-12-09 01:10:40 - [MESSAGE][PASSED] - Execute JavaScript 'arguments[0].click()' successfully

2019-12-09 01:10:40 - [MESSAGE][PASSED] - test.MobileKeywords.clickJS_ByXpath is PASSED

2019-12-09 01:10:40 - [TEST_STEP][PASSED] - click(findTestObject("mobileSanity/STM/STM Quote Page/js-close c-link-button")): Object: 'Object Repository/mobileSanity/STM/STM Quote Page/js-close c-link-button' is clicked on

2019-12-09 01:10:41 - [MESSAGE][PASSED] - Object: 'Object Repository/mobileSanity/STM/STM Quote Page/js-close c-link-button' is clicked on

2019-12-09 01:10:41 - [TEST_STEP][PASSED] - Thread.sleep(2000): null

2019-12-09 01:10:43 - [TEST_STEP][PASSED] - callTestCase(findTestCase("AHI/_include/get_screenshot"), [:], STOP_ON_FAILURE): Call Test Case 'Test Cases/AHI/_include/get_screenshot' successfully

2019-12-09 01:10:43 - [TEST_CASE][PASSED] - Test Cases/AHI/_include/get_screenshot: Test Cases/AHI/_include/get_screenshot

2019-12-09 01:10:43 - [TEST_STEP][PASSED] - takeScreenshot(screenPath + i + ".png"): Taking screenshot successfully

2019-12-09 01:10:43 - [MESSAGE][PASSED] - Taking screenshot successfully
[[ATTACHMENT|D:\\Test\\AgileTest\\Reports\\HIC\\hic\\20191209_004704\\../Screenshots/iPhone 6/HIC/STM/Everest/20191209_011003/3.png]]

2019-12-09 01:10:43 - [TEST_STEP][PASSED] - (internal.GlobalVariable.i++): null

2019-12-09 01:10:43 - [MESSAGE][PASSED] - Call Test Case 'Test Cases/AHI/_include/get_screenshot' successfully

2019-12-09 01:10:43 - [MESSAGE][PASSED] - Call Test Case 'Test Cases/AHI/_include/filter_stm' successfully

2019-12-09 01:10:43 - [TEST_STEP][PASSED] - callTestCase(findTestCase("AHI/_include/goToDetail_stm"), ["carrier":"everest-one"], STOP_ON_FAILURE): Call Test Case 'Test Cases/AHI/_include/goToDetail_stm' successfully

2019-12-09 01:10:43 - [TEST_CASE][PASSED] - Test Cases/AHI/_include/goToDetail_stm: Test Cases/AHI/_include/goToDetail_stm

2019-12-09 01:10:43 - [TEST_STEP][PASSED] - driver = getWebDriver(): null

2019-12-09 01:10:43 - [TEST_STEP][PASSED] - selenium = new com.thoughtworks.selenium.webdriven.WebDriverBackedSelenium(driver, internal.GlobalVariable.ENV): null

2019-12-09 01:10:43 - [TEST_STEP][PASSED] - a_plan_name = "xpath=//a[contains(@href,'/term-health-insurance/plan/" + carrier + "')]": null

2019-12-09 01:10:43 - [TEST_STEP][PASSED] - println(a_plan_name): null

2019-12-09 01:10:43 - [TEST_STEP][PASSED] - selenium.click(a_plan_name): null

2019-12-09 01:10:45 - [TEST_STEP][PASSED] - waitForPageLoad(20): Wait for page load successfully

2019-12-09 01:10:46 - [MESSAGE][PASSED] - Wait for page load successfully

2019-12-09 01:10:46 - [TEST_STEP][PASSED] - Thread.sleep(2000): null

2019-12-09 01:10:48 - [TEST_STEP][PASSED] - callTestCase(findTestCase("AHI/_include/get_screenshot"), [:], STOP_ON_FAILURE): Call Test Case 'Test Cases/AHI/_include/get_screenshot' successfully

2019-12-09 01:10:48 - [TEST_CASE][PASSED] - Test Cases/AHI/_include/get_screenshot: Test Cases/AHI/_include/get_screenshot

2019-12-09 01:10:48 - [TEST_STEP][PASSED] - takeScreenshot(screenPath + i + ".png"): Taking screenshot successfully

2019-12-09 01:10:48 - [MESSAGE][PASSED] - Taking screenshot successfully
[[ATTACHMENT|D:\\Test\\AgileTest\\Reports\\HIC\\hic\\20191209_004704\\../Screenshots/iPhone 6/HIC/STM/Everest/20191209_011003/4.png]]

2019-12-09 01:10:48 - [TEST_STEP][PASSED] - (internal.GlobalVariable.i++): null

2019-12-09 01:10:48 - [MESSAGE][PASSED] - Call Test Case 'Test Cases/AHI/_include/get_screenshot' successfully

2019-12-09 01:10:48 - [MESSAGE][PASSED] - Call Test Case 'Test Cases/AHI/_include/goToDetail_stm' successfully

2019-12-09 01:10:48 - [TEST_STEP][PASSED] - callTestCase(findTestCase("AHI/_include/apply_stm"), [:], STOP_ON_FAILURE): Call Test Case 'Test Cases/AHI/_include/apply_stm' successfully

2019-12-09 01:10:48 - [TEST_CASE][PASSED] - Test Cases/AHI/_include/apply_stm: Test Cases/AHI/_include/apply_stm

2019-12-09 01:10:48 - [TEST_STEP][PASSED] - waitForElementVisible(findTestObject("mobileSanity/STM/STM PlanDetail Page/a_Apply for This Plan"), 5): Object 'Object Repository/mobileSanity/STM/STM PlanDetail Page/a_Apply for This Plan' is visible

2019-12-09 01:10:48 - [MESSAGE][PASSED] - Object 'Object Repository/mobileSanity/STM/STM PlanDetail Page/a_Apply for This Plan' is visible

2019-12-09 01:10:48 - [TEST_STEP][PASSED] - click(findTestObject("mobileSanity/STM/STM PlanDetail Page/a_Apply for This Plan")): Object: 'Object Repository/mobileSanity/STM/STM PlanDetail Page/a_Apply for This Plan' is clicked on

2019-12-09 01:10:49 - [MESSAGE][PASSED] - Object: 'Object Repository/mobileSanity/STM/STM PlanDetail Page/a_Apply for This Plan' is clicked on

2019-12-09 01:10:49 - [TEST_STEP][PASSED] - waitForPageLoad(10): Wait for page load successfully

2019-12-09 01:10:50 - [MESSAGE][PASSED] - Wait for page load successfully

2019-12-09 01:10:50 - [TEST_STEP][PASSED] - Thread.sleep(2000): null

2019-12-09 01:10:52 - [TEST_STEP][PASSED] - callTestCase(findTestCase("AHI/_include/get_screenshot"), [:], STOP_ON_FAILURE): Call Test Case 'Test Cases/AHI/_include/get_screenshot' successfully

2019-12-09 01:10:52 - [TEST_CASE][PASSED] - Test Cases/AHI/_include/get_screenshot: Test Cases/AHI/_include/get_screenshot

2019-12-09 01:10:52 - [TEST_STEP][PASSED] - takeScreenshot(screenPath + i + ".png"): Taking screenshot successfully

2019-12-09 01:10:52 - [MESSAGE][PASSED] - Taking screenshot successfully
[[ATTACHMENT|D:\\Test\\AgileTest\\Reports\\HIC\\hic\\20191209_004704\\../Screenshots/iPhone 6/HIC/STM/Everest/20191209_011003/5.png]]

2019-12-09 01:10:52 - [TEST_STEP][PASSED] - (internal.GlobalVariable.i++): null

2019-12-09 01:10:52 - [MESSAGE][PASSED] - Call Test Case 'Test Cases/AHI/_include/get_screenshot' successfully

2019-12-09 01:10:52 - [TEST_STEP][PASSED] - waitForElementVisible(findTestObject("mobileSanity/STM/STM Apply Page/a_Start Secure Application"), 5): Object 'Object Repository/mobileSanity/STM/STM Apply Page/a_Start Secure Application' is visible

2019-12-09 01:10:53 - [MESSAGE][PASSED] - Object 'Object Repository/mobileSanity/STM/STM Apply Page/a_Start Secure Application' is visible

2019-12-09 01:10:53 - [TEST_STEP][PASSED] - click(findTestObject("mobileSanity/STM/STM Apply Page/a_Start Secure Application")): Object: 'Object Repository/mobileSanity/STM/STM Apply Page/a_Start Secure Application' is clicked on

2019-12-09 01:10:53 - [MESSAGE][PASSED] - Object: 'Object Repository/mobileSanity/STM/STM Apply Page/a_Start Secure Application' is clicked on

2019-12-09 01:10:53 - [TEST_STEP][PASSED] - waitForPageLoad(20): Wait for page load successfully

2019-12-09 01:10:53 - [MESSAGE][PASSED] - Wait for page load successfully

2019-12-09 01:10:53 - [TEST_STEP][PASSED] - Thread.sleep(2000): null

2019-12-09 01:10:55 - [TEST_STEP][PASSED] - callTestCase(findTestCase("AHI/_include/get_screenshot"), [:], STOP_ON_FAILURE): Call Test Case 'Test Cases/AHI/_include/get_screenshot' successfully

2019-12-09 01:10:55 - [TEST_CASE][PASSED] - Test Cases/AHI/_include/get_screenshot: Test Cases/AHI/_include/get_screenshot

2019-12-09 01:10:55 - [TEST_STEP][PASSED] - takeScreenshot(screenPath + i + ".png"): Taking screenshot successfully

2019-12-09 01:10:56 - [MESSAGE][PASSED] - Taking screenshot successfully
[[ATTACHMENT|D:\\Test\\AgileTest\\Reports\\HIC\\hic\\20191209_004704\\../Screenshots/iPhone 6/HIC/STM/Everest/20191209_011003/6.png]]

2019-12-09 01:10:56 - [TEST_STEP][PASSED] - (internal.GlobalVariable.i++): null

2019-12-09 01:10:56 - [MESSAGE][PASSED] - Call Test Case 'Test Cases/AHI/_include/get_screenshot' successfully

2019-12-09 01:10:56 - [MESSAGE][PASSED] - Call Test Case 'Test Cases/AHI/_include/apply_stm' successfully

2019-12-09 01:10:56 - [TEST_STEP][PASSED] - callTestCase(findTestCase("AHI/_include/goToEnd_stm_autofill"), [:], STOP_ON_FAILURE): Call Test Case 'Test Cases/AHI/_include/goToEnd_stm_autofill' successfully

2019-12-09 01:10:56 - [TEST_CASE][PASSED] - Test Cases/AHI/_include/goToEnd_stm_autofill: Test Cases/AHI/_include/goToEnd_stm_autofill

2019-12-09 01:10:56 - [TEST_STEP][PASSED] - callTestCase(findTestCase("AHI/_include/name"), [:], CONTINUE_ON_FAILURE): Call Test Case 'Test Cases/AHI/_include/name' successfully

2019-12-09 01:10:56 - [TEST_CASE][PASSED] - Test Cases/AHI/_include/name: Test Cases/AHI/_include/name

2019-12-09 01:10:56 - [TEST_STEP][PASSED] - driver = getWebDriver(): null

2019-12-09 01:10:56 - [TEST_STEP][PASSED] - selenium = new com.thoughtworks.selenium.webdriven.WebDriverBackedSelenium(driver, internal.GlobalVariable.ENV): null

2019-12-09 01:10:56 - [TEST_STEP][PASSED] - FirstName = "Test-123": null

2019-12-09 01:10:56 - [TEST_STEP][PASSED] - LastName = selenium.getEval("{var x="ABCDEFGHIJKLMNOPQRSTUVWXYZabcdefghijklmnopqrstuvwxyz"; var tmp="ZZ11-"; for (i=0;i<8;i++) tmp+=x.charAt(Math.ceil(51*Math.random()));tmp;}"): null

2019-12-09 01:10:57 - [TEST_STEP][PASSED] - Address = selenium.getEval("{var x="ABCDEFGHIJKLMNOPQRSTUVWXYZabcdefghijklmnopqrstuvwxyz"; var tmp=""; for (i=0;i<8;i++) tmp+=x.charAt(Math.ceil(51*Math.random()));tmp;}"): null

2019-12-09 01:10:57 - [TEST_STEP][PASSED] - City = selenium.getEval("{var x="ABCDEFGHIJKLMNOPQRSTUVWXYZabcdefghijklmnopqrstuvwxyz"; var tmp=""; for (i=0;i<8;i++) tmp+=x.charAt(Math.ceil(51*Math.random()));tmp;}"): null

2019-12-09 01:10:57 - [TEST_STEP][PASSED] - tel1 = selenium.getEval("{var x="123456789"; var tmp=""; for (i=0;i<3;i++) tmp+=x.charAt(Math.ceil(8*Math.random()));tmp;}"): null

2019-12-09 01:10:57 - [TEST_STEP][PASSED] - tel2 = selenium.getEval("{var x="123456789"; var tmp=""; for (i=0;i<3;i++) tmp+=x.charAt(Math.ceil(8*Math.random()));tmp;}"): null

2019-12-09 01:10:57 - [TEST_STEP][PASSED] - tel3 = selenium.getEval("{var x="123456789"; var tmp=""; for (i=0;i<4;i++) tmp+=x.charAt(Math.ceil(8*Math.random()));tmp;}"): null

2019-12-09 01:10:57 - [TEST_STEP][PASSED] - Tel = selenium.getExpression(tel1 + "-" + tel2 + "-" + tel3): null

2019-12-09 01:10:57 - [TEST_STEP][PASSED] - AutoEmail = selenium.getEval("{var x="ABCDEFGHIJKLMNOPQRSTUVWXYZabcdefghijklmnopqrstuvwxyz"; var tmp="test."; for (i=0;i<8;i++) tmp+=x.charAt(Math.ceil(51*Math.random()));tmp+="@suryani.cn";}"): null

2019-12-09 01:10:57 - [TEST_STEP][PASSED] - FirstName = FirstName: null

2019-12-09 01:10:57 - [TEST_STEP][PASSED] - LastName = LastName: null

2019-12-09 01:10:57 - [TEST_STEP][PASSED] - Address = Address: null

2019-12-09 01:10:57 - [TEST_STEP][PASSED] - City = City: null

2019-12-09 01:10:57 - [TEST_STEP][PASSED] - Tel = Tel: null

2019-12-09 01:10:57 - [TEST_STEP][PASSED] - AutoEmail = AutoEmail: null

2019-12-09 01:10:57 - [TEST_STEP][PASSED] - println(FirstName): null

2019-12-09 01:10:57 - [TEST_STEP][PASSED] - println(LastName): null

2019-12-09 01:10:57 - [TEST_STEP][PASSED] - println(Address): null

2019-12-09 01:10:57 - [TEST_STEP][PASSED] - println(City): null

2019-12-09 01:10:57 - [TEST_STEP][PASSED] - println(Tel): null

2019-12-09 01:10:57 - [TEST_STEP][PASSED] - println(AutoEmail): null

2019-12-09 01:10:57 - [MESSAGE][PASSED] - Call Test Case 'Test Cases/AHI/_include/name' successfully

2019-12-09 01:10:57 - [TEST_STEP][FAILED] - try: Unable to verify text 'Month Duration Acknowledgement' is present  (Root cause: com.kms.katalon.core.exception.StepFailedException: Text 'Month Duration Acknowledgement' is not present on page )

2019-12-09 01:10:57 - [TEST_STEP][FAILED] - if (verifyTextPresent("Month Duration Acknowledgement", false)): Unable to verify text 'Month Duration Acknowledgement' is present  (Root cause: com.kms.katalon.core.exception.StepFailedException: Text 'Month Duration Acknowledgement' is not present on page )

2019-12-09 01:11:00 - [MESSAGE][FAILED] - Text 'Month Duration Acknowledgement' is not present on page 

2019-12-09 01:11:01 - [MESSAGE][FAILED] - Unable to verify text 'Month Duration Acknowledgement' is present  (Root cause: com.kms.katalon.core.exception.StepFailedException: Text 'Month Duration Acknowledgement' is not present on page )
[[ATTACHMENT|D:\\Test\\AgileTest\\Reports\\HIC\\hic\\20191209_004704\\1575871860608.png]]

2019-12-09 01:11:01 - [TEST_STEP][PASSED] - catch (Exception e): null

2019-12-09 01:11:01 - [TEST_STEP][PASSED] - println("no consecutive"): null

2019-12-09 01:11:01 - [TEST_STEP][PASSED] - waitForPageLoad(10): Wait for page load successfully

2019-12-09 01:11:01 - [MESSAGE][PASSED] - Wait for page load successfully

2019-12-09 01:11:01 - [TEST_STEP][PASSED] - Thread.sleep(3000): null

2019-12-09 01:11:04 - [TEST_STEP][PASSED] - waitForElementVisible(findTestObject("mobileSanity/STM/Page_App Page 1/a_Autofill App Info"), 20): Object 'Object Repository/mobileSanity/STM/Page_App Page 1/a_Autofill App Info' is visible

2019-12-09 01:11:04 - [MESSAGE][PASSED] - Object 'Object Repository/mobileSanity/STM/Page_App Page 1/a_Autofill App Info' is visible

2019-12-09 01:11:04 - [TEST_STEP][PASSED] - click(findTestObject("mobileSanity/STM/Page_App Page 1/a_Autofill App Info")): Object: 'Object Repository/mobileSanity/STM/Page_App Page 1/a_Autofill App Info' is clicked on

2019-12-09 01:11:04 - [MESSAGE][PASSED] - Object: 'Object Repository/mobileSanity/STM/Page_App Page 1/a_Autofill App Info' is clicked on

2019-12-09 01:11:04 - [TEST_STEP][PASSED] - Thread.sleep(1000): null

2019-12-09 01:11:05 - [TEST_STEP][PASSED] - click(findTestObject("mobileSanity/STM/Page_App Page 1/a_Autofill App Info")): Object: 'Object Repository/mobileSanity/STM/Page_App Page 1/a_Autofill App Info' is clicked on

2019-12-09 01:11:06 - [MESSAGE][PASSED] - Object: 'Object Repository/mobileSanity/STM/Page_App Page 1/a_Autofill App Info' is clicked on

2019-12-09 01:11:06 - [TEST_STEP][PASSED] - Thread.sleep(1000): null

2019-12-09 01:11:07 - [TEST_STEP][PASSED] - waitForElementVisible(findTestObject("mobileSanity/STM/Page_App Page 1/a_Continue"), 20): Object 'Object Repository/mobileSanity/STM/Page_App Page 1/a_Continue' is visible

2019-12-09 01:11:07 - [MESSAGE][PASSED] - Object 'Object Repository/mobileSanity/STM/Page_App Page 1/a_Continue' is visible

2019-12-09 01:11:07 - [TEST_STEP][PASSED] - click(findTestObject("mobileSanity/STM/Page_App Page 1/a_Continue")): Object: 'Object Repository/mobileSanity/STM/Page_App Page 1/a_Continue' is clicked on

2019-12-09 01:11:07 - [MESSAGE][PASSED] - Object: 'Object Repository/mobileSanity/STM/Page_App Page 1/a_Continue' is clicked on

2019-12-09 01:11:07 - [TEST_STEP][PASSED] - waitForPageLoad(20): Wait for page load successfully

2019-12-09 01:11:07 - [MESSAGE][PASSED] - Wait for page load successfully

2019-12-09 01:11:07 - [TEST_STEP][PASSED] - Thread.sleep(5000): null

2019-12-09 01:11:12 - [TEST_STEP][PASSED] - callTestCase(findTestCase("AHI/_include/get_screenshot"), [:], STOP_ON_FAILURE): Call Test Case 'Test Cases/AHI/_include/get_screenshot' successfully

2019-12-09 01:11:12 - [TEST_CASE][PASSED] - Test Cases/AHI/_include/get_screenshot: Test Cases/AHI/_include/get_screenshot

2019-12-09 01:11:12 - [TEST_STEP][PASSED] - takeScreenshot(screenPath + i + ".png"): Taking screenshot successfully

2019-12-09 01:11:13 - [MESSAGE][PASSED] - Taking screenshot successfully
[[ATTACHMENT|D:\\Test\\AgileTest\\Reports\\HIC\\hic\\20191209_004704\\../Screenshots/iPhone 6/HIC/STM/Everest/20191209_011003/7.png]]

2019-12-09 01:11:13 - [TEST_STEP][PASSED] - (internal.GlobalVariable.i++): null

2019-12-09 01:11:13 - [MESSAGE][PASSED] - Call Test Case 'Test Cases/AHI/_include/get_screenshot' successfully

2019-12-09 01:11:13 - [TEST_STEP][PASSED] - click(findTestObject("mobileSanity/STM/Page_App Page 2/a_Continue to Step 3 - Payment")): Object: 'Object Repository/mobileSanity/STM/Page_App Page 2/a_Continue to Step 3 - Payment' is clicked on

2019-12-09 01:11:13 - [MESSAGE][PASSED] - Object: 'Object Repository/mobileSanity/STM/Page_App Page 2/a_Continue to Step 3 - Payment' is clicked on

2019-12-09 01:11:13 - [TEST_STEP][PASSED] - waitForPageLoad(20): Wait for page load successfully

2019-12-09 01:11:13 - [MESSAGE][PASSED] - Wait for page load successfully

2019-12-09 01:11:13 - [TEST_STEP][PASSED] - waitForElementVisible(findTestObject("mobileSanity/STM/Page_App Page 3/input__credit-card-cvv"), 20): Object 'Object Repository/mobileSanity/STM/Page_App Page 3/input__credit-card-cvv' is visible

2019-12-09 01:11:13 - [MESSAGE][PASSED] - Object 'Object Repository/mobileSanity/STM/Page_App Page 3/input__credit-card-cvv' is visible

2019-12-09 01:11:13 - [TEST_STEP][PASSED] - Thread.sleep(2000): null

2019-12-09 01:11:15 - [TEST_STEP][PASSED] - callTestCase(findTestCase("AHI/_include/get_screenshot"), [:], STOP_ON_FAILURE): Call Test Case 'Test Cases/AHI/_include/get_screenshot' successfully

2019-12-09 01:11:16 - [TEST_CASE][PASSED] - Test Cases/AHI/_include/get_screenshot: Test Cases/AHI/_include/get_screenshot

2019-12-09 01:11:16 - [TEST_STEP][PASSED] - takeScreenshot(screenPath + i + ".png"): Taking screenshot successfully

2019-12-09 01:11:16 - [MESSAGE][PASSED] - Taking screenshot successfully
[[ATTACHMENT|D:\\Test\\AgileTest\\Reports\\HIC\\hic\\20191209_004704\\../Screenshots/iPhone 6/HIC/STM/Everest/20191209_011003/8.png]]

2019-12-09 01:11:16 - [TEST_STEP][PASSED] - (internal.GlobalVariable.i++): null

2019-12-09 01:11:16 - [MESSAGE][PASSED] - Call Test Case 'Test Cases/AHI/_include/get_screenshot' successfully

2019-12-09 01:11:16 - [TEST_STEP][PASSED] - clearText(findTestObject("mobileSanity/STM/Page_App Page 3/input__credit-card-cvv")): Text of object 'Object Repository/mobileSanity/STM/Page_App Page 3/input__credit-card-cvv' is cleared

2019-12-09 01:11:16 - [MESSAGE][PASSED] - Text of object 'Object Repository/mobileSanity/STM/Page_App Page 3/input__credit-card-cvv' is cleared

2019-12-09 01:11:16 - [TEST_STEP][PASSED] - setText(findTestObject("mobileSanity/STM/Page_App Page 3/input__credit-card-cvv"), "123"): Text '123' is set on object 'Object Repository/mobileSanity/STM/Page_App Page 3/input__credit-card-cvv'

2019-12-09 01:11:17 - [MESSAGE][PASSED] - Text '123' is set on object 'Object Repository/mobileSanity/STM/Page_App Page 3/input__credit-card-cvv'

2019-12-09 01:11:17 - [TEST_STEP][PASSED] - click(findTestObject("mobileSanity/STM/Page_App Page 3/label_I Accept Authorization f")): Object: 'Object Repository/mobileSanity/STM/Page_App Page 3/label_I Accept Authorization f' is clicked on

2019-12-09 01:11:17 - [MESSAGE][PASSED] - Object: 'Object Repository/mobileSanity/STM/Page_App Page 3/label_I Accept Authorization f' is clicked on

2019-12-09 01:11:17 - [TEST_STEP][PASSED] - click(findTestObject("mobileSanity/STM/Page_App Page 3/a_Continue to Step 4 - Review")): Object: 'Object Repository/mobileSanity/STM/Page_App Page 3/a_Continue to Step 4 - Review' is clicked on

2019-12-09 01:11:17 - [MESSAGE][PASSED] - Object: 'Object Repository/mobileSanity/STM/Page_App Page 3/a_Continue to Step 4 - Review' is clicked on

2019-12-09 01:11:17 - [TEST_STEP][PASSED] - waitForPageLoad(10): Wait for page load successfully

2019-12-09 01:11:17 - [MESSAGE][PASSED] - Wait for page load successfully

2019-12-09 01:11:17 - [TEST_STEP][PASSED] - waitForElementClickable(findTestObject("mobileSanity/STM/Page_App Page 4/label"), 10): Object 'Object Repository/mobileSanity/STM/Page_App Page 4/label' is clickable

2019-12-09 01:11:18 - [MESSAGE][PASSED] - Object 'Object Repository/mobileSanity/STM/Page_App Page 4/label' is clickable

2019-12-09 01:11:18 - [TEST_STEP][PASSED] - Thread.sleep(2000): null

2019-12-09 01:11:20 - [TEST_STEP][PASSED] - callTestCase(findTestCase("AHI/_include/get_screenshot"), [:], STOP_ON_FAILURE): Call Test Case 'Test Cases/AHI/_include/get_screenshot' successfully

2019-12-09 01:11:20 - [TEST_CASE][PASSED] - Test Cases/AHI/_include/get_screenshot: Test Cases/AHI/_include/get_screenshot

2019-12-09 01:11:20 - [TEST_STEP][PASSED] - takeScreenshot(screenPath + i + ".png"): Taking screenshot successfully

2019-12-09 01:11:20 - [MESSAGE][PASSED] - Taking screenshot successfully
[[ATTACHMENT|D:\\Test\\AgileTest\\Reports\\HIC\\hic\\20191209_004704\\../Screenshots/iPhone 6/HIC/STM/Everest/20191209_011003/9.png]]

2019-12-09 01:11:20 - [TEST_STEP][PASSED] - (internal.GlobalVariable.i++): null

2019-12-09 01:11:20 - [MESSAGE][PASSED] - Call Test Case 'Test Cases/AHI/_include/get_screenshot' successfully

2019-12-09 01:11:20 - [TEST_STEP][PASSED] - click(findTestObject("mobileSanity/STM/Page_App Page 4/label")): Object: 'Object Repository/mobileSanity/STM/Page_App Page 4/label' is clicked on

2019-12-09 01:11:20 - [MESSAGE][PASSED] - Object: 'Object Repository/mobileSanity/STM/Page_App Page 4/label' is clicked on

2019-12-09 01:11:20 - [TEST_STEP][PASSED] - click(findTestObject("mobileSanity/STM/Page_App Page 4/div_CLICK TO SIGN")): Object: 'Object Repository/mobileSanity/STM/Page_App Page 4/div_CLICK TO SIGN' is clicked on

2019-12-09 01:11:21 - [MESSAGE][PASSED] - Object: 'Object Repository/mobileSanity/STM/Page_App Page 4/div_CLICK TO SIGN' is clicked on

2019-12-09 01:11:21 - [TEST_STEP][PASSED] - click(findTestObject("mobileSanity/STM/Page_App Page 4/a_Submit Your Application")): Object: 'Object Repository/mobileSanity/STM/Page_App Page 4/a_Submit Your Application' is clicked on

2019-12-09 01:11:21 - [MESSAGE][PASSED] - Object: 'Object Repository/mobileSanity/STM/Page_App Page 4/a_Submit Your Application' is clicked on

2019-12-09 01:11:21 - [TEST_STEP][PASSED] - Thread.sleep(30000): null

2019-12-09 01:11:51 - [TEST_STEP][PASSED] - waitForElementPresent(findTestObject("mobileSanity/STM/Page_App Page 6/app-page-wrapper"), 20): Object 'Object Repository/mobileSanity/STM/Page_App Page 6/app-page-wrapper' is present

2019-12-09 01:11:51 - [MESSAGE][PASSED] - Object 'Object Repository/mobileSanity/STM/Page_App Page 6/app-page-wrapper' is present

2019-12-09 01:11:51 - [TEST_STEP][PASSED] - callTestCase(findTestCase("AHI/_include/get_screenshot"), [:], STOP_ON_FAILURE): Call Test Case 'Test Cases/AHI/_include/get_screenshot' successfully

2019-12-09 01:11:51 - [TEST_CASE][PASSED] - Test Cases/AHI/_include/get_screenshot: Test Cases/AHI/_include/get_screenshot

2019-12-09 01:11:51 - [TEST_STEP][PASSED] - takeScreenshot(screenPath + i + ".png"): Taking screenshot successfully

2019-12-09 01:11:52 - [MESSAGE][PASSED] - Taking screenshot successfully
[[ATTACHMENT|D:\\Test\\AgileTest\\Reports\\HIC\\hic\\20191209_004704\\../Screenshots/iPhone 6/HIC/STM/Everest/20191209_011003/10.png]]

2019-12-09 01:11:52 - [TEST_STEP][PASSED] - (internal.GlobalVariable.i++): null

2019-12-09 01:11:52 - [MESSAGE][PASSED] - Call Test Case 'Test Cases/AHI/_include/get_screenshot' successfully

2019-12-09 01:11:52 - [MESSAGE][PASSED] - Call Test Case 'Test Cases/AHI/_include/goToEnd_stm_autofill' successfully]]></system-out>
         <system-err><![CDATA[]]></system-err>
      </testcase>
      <testcase name="Test Cases/HIC/STM/NationalGeneral" classname="Test Cases/HIC/STM/NationalGeneral" status="FAILED">
         <failure type="FAILED" message="Test Cases/HIC/STM/NationalGeneral FAILED.
Reason:
com.kms.katalon.core.exception.StepFailedException: Unable to click on object 'Object Repository/mobileSanity/STM/STM Quote Page/button_filters' (Root cause: org.openqa.selenium.WebDriverException: unknown error: Element &lt;button type=&quot;button&quot; class=&quot;js-toggle-others c-filter-toggle-v3 &quot;>...&lt;/button> is not clickable at point (173, 138). Other element would receive the click: &lt;p class=&quot;leadBox--subheader&quot;>...&lt;/p>
  (Session info: chrome=78.0.3904.108)
  (Driver info: chromedriver=2.43.600210 (68dcf5eebde37173d4027fa8635e332711d2874a),platform=Windows NT 6.3.9600 x86_64) (WARNING: The server did not provide any stacktrace information)
Command duration or timeout: 0 milliseconds
Build info: version: '3.7.1', revision: '8a0099a', time: '2017-11-06T21:07:36.161Z'
System info: host: 'WIN-U215233FMVE', ip: '172.30.0.53', os.name: 'Windows Server 2012 R2', os.arch: 'amd64', os.version: '6.3', java.version: '1.8.0_181'
Driver info: com.kms.katalon.selenium.driver.CChromeDriver
Capabilities {acceptInsecureCerts: false, acceptSslCerts: false, applicationCacheEnabled: false, browserConnectionEnabled: false, browserName: chrome, chrome: {chromedriverVersion: 2.43.600210 (68dcf5eebde371..., userDataDir: C:\Users\ADMINI~1\AppData\L...}, cssSelectorsEnabled: true, databaseEnabled: false, goog:chromeOptions: {debuggerAddress: localhost:51830}, handlesAlerts: true, hasTouchScreen: true, javascriptEnabled: true, locationContextEnabled: true, mobileEmulationEnabled: true, nativeEvents: true, networkConnectionEnabled: false, pageLoadStrategy: normal, platform: XP, platformName: XP, rotatable: false, setWindowRect: true, takesHeapSnapshot: true, takesScreenshot: true, unexpectedAlertBehaviour: , unhandledPromptBehavior: , version: 78.0.3904.108, webStorageEnabled: true}
Session ID: 42ac6f7746ec533edfb9dee89b0889be)
	at com.kms.katalon.core.keyword.internal.KeywordMain.stepFailed(KeywordMain.groovy:36)
	at com.kms.katalon.core.webui.keyword.internal.WebUIKeywordMain.stepFailed(WebUIKeywordMain.groovy:65)
	at com.kms.katalon.core.webui.keyword.internal.WebUIKeywordMain.runKeyword(WebUIKeywordMain.groovy:27)
	at com.kms.katalon.core.webui.keyword.builtin.ClickKeyword.click(ClickKeyword.groovy:86)
	at com.kms.katalon.core.webui.keyword.builtin.ClickKeyword.execute(ClickKeyword.groovy:67)
	at com.kms.katalon.core.keyword.internal.KeywordExecutor.executeKeywordForPlatform(KeywordExecutor.groovy:53)
	at com.kms.katalon.core.webui.keyword.WebUiBuiltInKeywords.click(WebUiBuiltInKeywords.groovy:616)
	at com.kms.katalon.core.webui.keyword.WebUiBuiltInKeywords$click$2.call(Unknown Source)
	at filter_stm.run(filter_stm:28)
	at com.kms.katalon.core.main.ScriptEngine.run(ScriptEngine.java:194)
	at com.kms.katalon.core.main.ScriptEngine.runScriptAsRawText(ScriptEngine.java:119)
	at com.kms.katalon.core.main.TestCaseExecutor.runScript(TestCaseExecutor.java:328)
	at com.kms.katalon.core.main.TestCaseExecutor.doExecute(TestCaseExecutor.java:319)
	at com.kms.katalon.core.main.TestCaseExecutor.processExecutionPhase(TestCaseExecutor.java:298)
	at com.kms.katalon.core.main.TestCaseExecutor.accessMainPhase(TestCaseExecutor.java:290)
	at com.kms.katalon.core.main.TestCaseExecutor.execute(TestCaseExecutor.java:224)
	at com.kms.katalon.core.main.TestCaseMain.runTestCase(TestCaseMain.java:106)
	at com.kms.katalon.core.keyword.builtin.CallTestCaseKeyword$_callTestCase_closure1.doCall(CallTestCaseKeyword.groovy:59)
	at com.kms.katalon.core.keyword.builtin.CallTestCaseKeyword$_callTestCase_closure1.call(CallTestCaseKeyword.groovy)
	at com.kms.katalon.core.keyword.internal.KeywordMain.runKeyword(KeywordMain.groovy:54)
	at com.kms.katalon.core.keyword.builtin.CallTestCaseKeyword.callTestCase(CallTestCaseKeyword.groovy:80)
	at com.kms.katalon.core.keyword.builtin.CallTestCaseKeyword.execute(CallTestCaseKeyword.groovy:44)
	at com.kms.katalon.core.keyword.internal.KeywordExecutor.executeKeywordForPlatform(KeywordExecutor.groovy:53)
	at com.kms.katalon.core.keyword.BuiltinKeywords.callTestCase(BuiltinKeywords.groovy:334)
	at NationalGeneral.run(NationalGeneral:35)
	at com.kms.katalon.core.main.ScriptEngine.run(ScriptEngine.java:194)
	at com.kms.katalon.core.main.ScriptEngine.runScriptAsRawText(ScriptEngine.java:119)
	at com.kms.katalon.core.main.TestCaseExecutor.runScript(TestCaseExecutor.java:328)
	at com.kms.katalon.core.main.TestCaseExecutor.doExecute(TestCaseExecutor.java:319)
	at com.kms.katalon.core.main.TestCaseExecutor.processExecutionPhase(TestCaseExecutor.java:298)
	at com.kms.katalon.core.main.TestCaseExecutor.accessMainPhase(TestCaseExecutor.java:290)
	at com.kms.katalon.core.main.TestCaseExecutor.execute(TestCaseExecutor.java:224)
	at com.kms.katalon.core.main.TestSuiteExecutor.accessTestCaseMainPhase(TestSuiteExecutor.java:129)
	at com.kms.katalon.core.main.TestSuiteExecutor.accessTestSuiteMainPhase(TestSuiteExecutor.java:112)
	at com.kms.katalon.core.main.TestSuiteExecutor.execute(TestSuiteExecutor.java:81)
	at com.kms.katalon.core.main.TestCaseMain.startTestSuite(TestCaseMain.java:149)
	at com.kms.katalon.core.main.TestCaseMain$startTestSuite$0.call(Unknown Source)
	at TempTestSuite1575870424581.run(TempTestSuite1575870424581.groovy:36)
"/>
         <system-out><![CDATA[2019-12-09 01:11:52 - [TEST_CASE][FAILED] - Test Cases/HIC/STM/NationalGeneral: Test Cases/HIC/STM/NationalGeneral FAILED.
Reason:
com.kms.katalon.core.exception.StepFailedException: Unable to click on object 'Object Repository/mobileSanity/STM/STM Quote Page/button_filters' (Root cause: org.openqa.selenium.WebDriverException: unknown error: Element <button type="button" class="js-toggle-others c-filter-toggle-v3 ">...</button> is not clickable at point (173, 138). Other element would receive the click: <p class="leadBox--subheader">...</p>
  (Session info: chrome=78.0.3904.108)
  (Driver info: chromedriver=2.43.600210 (68dcf5eebde37173d4027fa8635e332711d2874a),platform=Windows NT 6.3.9600 x86_64) (WARNING: The server did not provide any stacktrace information)
Command duration or timeout: 0 milliseconds
Build info: version: '3.7.1', revision: '8a0099a', time: '2017-11-06T21:07:36.161Z'
System info: host: 'WIN-U215233FMVE', ip: '172.30.0.53', os.name: 'Windows Server 2012 R2', os.arch: 'amd64', os.version: '6.3', java.version: '1.8.0_181'
Driver info: com.kms.katalon.selenium.driver.CChromeDriver
Capabilities {acceptInsecureCerts: false, acceptSslCerts: false, applicationCacheEnabled: false, browserConnectionEnabled: false, browserName: chrome, chrome: {chromedriverVersion: 2.43.600210 (68dcf5eebde371..., userDataDir: C:\Users\ADMINI~1\AppData\L...}, cssSelectorsEnabled: true, databaseEnabled: false, goog:chromeOptions: {debuggerAddress: localhost:51830}, handlesAlerts: true, hasTouchScreen: true, javascriptEnabled: true, locationContextEnabled: true, mobileEmulationEnabled: true, nativeEvents: true, networkConnectionEnabled: false, pageLoadStrategy: normal, platform: XP, platformName: XP, rotatable: false, setWindowRect: true, takesHeapSnapshot: true, takesScreenshot: true, unexpectedAlertBehaviour: , unhandledPromptBehavior: , version: 78.0.3904.108, webStorageEnabled: true}
Session ID: 42ac6f7746ec533edfb9dee89b0889be)
	at com.kms.katalon.core.keyword.internal.KeywordMain.stepFailed(KeywordMain.groovy:36)
	at com.kms.katalon.core.webui.keyword.internal.WebUIKeywordMain.stepFailed(WebUIKeywordMain.groovy:65)
	at com.kms.katalon.core.webui.keyword.internal.WebUIKeywordMain.runKeyword(WebUIKeywordMain.groovy:27)
	at com.kms.katalon.core.webui.keyword.builtin.ClickKeyword.click(ClickKeyword.groovy:86)
	at com.kms.katalon.core.webui.keyword.builtin.ClickKeyword.execute(ClickKeyword.groovy:67)
	at com.kms.katalon.core.keyword.internal.KeywordExecutor.executeKeywordForPlatform(KeywordExecutor.groovy:53)
	at com.kms.katalon.core.webui.keyword.WebUiBuiltInKeywords.click(WebUiBuiltInKeywords.groovy:616)
	at com.kms.katalon.core.webui.keyword.WebUiBuiltInKeywords$click$2.call(Unknown Source)
	at filter_stm.run(filter_stm:28)
	at com.kms.katalon.core.main.ScriptEngine.run(ScriptEngine.java:194)
	at com.kms.katalon.core.main.ScriptEngine.runScriptAsRawText(ScriptEngine.java:119)
	at com.kms.katalon.core.main.TestCaseExecutor.runScript(TestCaseExecutor.java:328)
	at com.kms.katalon.core.main.TestCaseExecutor.doExecute(TestCaseExecutor.java:319)
	at com.kms.katalon.core.main.TestCaseExecutor.processExecutionPhase(TestCaseExecutor.java:298)
	at com.kms.katalon.core.main.TestCaseExecutor.accessMainPhase(TestCaseExecutor.java:290)
	at com.kms.katalon.core.main.TestCaseExecutor.execute(TestCaseExecutor.java:224)
	at com.kms.katalon.core.main.TestCaseMain.runTestCase(TestCaseMain.java:106)
	at com.kms.katalon.core.keyword.builtin.CallTestCaseKeyword$_callTestCase_closure1.doCall(CallTestCaseKeyword.groovy:59)
	at com.kms.katalon.core.keyword.builtin.CallTestCaseKeyword$_callTestCase_closure1.call(CallTestCaseKeyword.groovy)
	at com.kms.katalon.core.keyword.internal.KeywordMain.runKeyword(KeywordMain.groovy:54)
	at com.kms.katalon.core.keyword.builtin.CallTestCaseKeyword.callTestCase(CallTestCaseKeyword.groovy:80)
	at com.kms.katalon.core.keyword.builtin.CallTestCaseKeyword.execute(CallTestCaseKeyword.groovy:44)
	at com.kms.katalon.core.keyword.internal.KeywordExecutor.executeKeywordForPlatform(KeywordExecutor.groovy:53)
	at com.kms.katalon.core.keyword.BuiltinKeywords.callTestCase(BuiltinKeywords.groovy:334)
	at NationalGeneral.run(NationalGeneral:35)
	at com.kms.katalon.core.main.ScriptEngine.run(ScriptEngine.java:194)
	at com.kms.katalon.core.main.ScriptEngine.runScriptAsRawText(ScriptEngine.java:119)
	at com.kms.katalon.core.main.TestCaseExecutor.runScript(TestCaseExecutor.java:328)
	at com.kms.katalon.core.main.TestCaseExecutor.doExecute(TestCaseExecutor.java:319)
	at com.kms.katalon.core.main.TestCaseExecutor.processExecutionPhase(TestCaseExecutor.java:298)
	at com.kms.katalon.core.main.TestCaseExecutor.accessMainPhase(TestCaseExecutor.java:290)
	at com.kms.katalon.core.main.TestCaseExecutor.execute(TestCaseExecutor.java:224)
	at com.kms.katalon.core.main.TestSuiteExecutor.accessTestCaseMainPhase(TestSuiteExecutor.java:129)
	at com.kms.katalon.core.main.TestSuiteExecutor.accessTestSuiteMainPhase(TestSuiteExecutor.java:112)
	at com.kms.katalon.core.main.TestSuiteExecutor.execute(TestSuiteExecutor.java:81)
	at com.kms.katalon.core.main.TestCaseMain.startTestSuite(TestCaseMain.java:149)
	at com.kms.katalon.core.main.TestCaseMain$startTestSuite$0.call(Unknown Source)
	at TempTestSuite1575870424581.run(TempTestSuite1575870424581.groovy:36)


2019-12-09 01:11:53 - [TEST_STEP][PASSED] - callTestCase(findTestCase("HIC/_include/get_hicScreenPath"), ["project":"HIC", "productLine":"STM", "carrierName":"National General"], CONTINUE_ON_FAILURE): Call Test Case 'Test Cases/HIC/_include/get_hicScreenPath' successfully

2019-12-09 01:11:53 - [TEST_CASE][PASSED] - Test Cases/HIC/_include/get_hicScreenPath: Test Cases/HIC/_include/get_hicScreenPath

2019-12-09 01:11:53 - [TEST_STEP][PASSED] - m = getExecutionProperties(): null

2019-12-09 01:11:53 - [TEST_STEP][PASSED] - deviceName = get("mobileEmulation").get("deviceName"): null

2019-12-09 01:11:53 - [TEST_STEP][PASSED] - println(deviceName): null

2019-12-09 01:11:53 - [TEST_STEP][PASSED] - now = new java.util.Date(): null

2019-12-09 01:11:53 - [TEST_STEP][PASSED] - mydate = now.format("yyyyMMdd_HHmmss"): null

2019-12-09 01:11:53 - [TEST_STEP][PASSED] - screenPath = "../Screenshots/": null

2019-12-09 01:11:53 - [TEST_STEP][PASSED] - screenPath = screenPath + deviceName + "/" + project + "/" + productLine + "/" + carrierName + "/" + mydate + "/": null

2019-12-09 01:11:53 - [TEST_STEP][PASSED] - println(screenPath): null

2019-12-09 01:11:53 - [MESSAGE][PASSED] - Call Test Case 'Test Cases/HIC/_include/get_hicScreenPath' successfully

2019-12-09 01:11:53 - [TEST_STEP][PASSED] - i = 0: null

2019-12-09 01:11:53 - [TEST_STEP][PASSED] - callTestCase(findTestCase("AHI/_include/openWebSite"), ["env":"https://qa.healthinsurance.com/"], CONTINUE_ON_FAILURE): Call Test Case 'Test Cases/AHI/_include/openWebSite' successfully

2019-12-09 01:11:53 - [TEST_CASE][PASSED] - Test Cases/AHI/_include/openWebSite: Test Cases/AHI/_include/openWebSite

2019-12-09 01:11:53 - [TEST_STEP][PASSED] - openBrowser(env): Browser is opened with url: 'https://qa.healthinsurance.com/'

2019-12-09 01:11:53 - [MESSAGE][WARNING] - A browser is already opened. Closing browser and opening a new one

2019-12-09 01:11:56 - [MESSAGE][INFO] - Starting 'Chrome' driver

2019-12-09 01:11:56 - [MESSAGE][INFO] - User set preference: ['mobileEmulation', '{deviceName=iPhone 6}']

2019-12-09 01:11:56 - [MESSAGE][INFO] - User set preference: ['args', '[--incognito, --aggressive-cache-discard, --window-size=375,677, --no-sandbox]']

2019-12-09 01:12:02 - [MESSAGE][PASSED] - Browser is opened with url: 'https://qa.healthinsurance.com/'

2019-12-09 01:12:02 - [TEST_STEP][PASSED] - waitForPageLoad(20): Wait for page load successfully

2019-12-09 01:12:02 - [MESSAGE][PASSED] - Wait for page load successfully

2019-12-09 01:12:02 - [TEST_STEP][PASSED] - callTestCase(findTestCase("AHI/_include/get_screenshot"), [:], STOP_ON_FAILURE): Call Test Case 'Test Cases/AHI/_include/get_screenshot' successfully

2019-12-09 01:12:02 - [TEST_CASE][PASSED] - Test Cases/AHI/_include/get_screenshot: Test Cases/AHI/_include/get_screenshot

2019-12-09 01:12:02 - [TEST_STEP][PASSED] - takeScreenshot(screenPath + i + ".png"): Taking screenshot successfully

2019-12-09 01:12:02 - [MESSAGE][PASSED] - Taking screenshot successfully
[[ATTACHMENT|D:\\Test\\AgileTest\\Reports\\HIC\\hic\\20191209_004704\\../Screenshots/iPhone 6/HIC/STM/National General/20191209_011153/0.png]]

2019-12-09 01:12:02 - [TEST_STEP][PASSED] - (internal.GlobalVariable.i++): null

2019-12-09 01:12:02 - [MESSAGE][PASSED] - Call Test Case 'Test Cases/AHI/_include/get_screenshot' successfully

2019-12-09 01:12:02 - [MESSAGE][PASSED] - Call Test Case 'Test Cases/AHI/_include/openWebSite' successfully

2019-12-09 01:12:02 - [TEST_STEP][PASSED] - click(findTestObject("hic/nav/navButton")): Object: 'Object Repository/hic/nav/navButton' is clicked on

2019-12-09 01:12:02 - [MESSAGE][PASSED] - Object: 'Object Repository/hic/nav/navButton' is clicked on

2019-12-09 01:12:02 - [TEST_STEP][PASSED] - Thread.sleep(2000): null

2019-12-09 01:12:04 - [TEST_STEP][PASSED] - click(findTestObject("hic/nav/stmLink")): Object: 'Object Repository/hic/nav/stmLink' is clicked on

2019-12-09 01:12:05 - [MESSAGE][PASSED] - Object: 'Object Repository/hic/nav/stmLink' is clicked on

2019-12-09 01:12:05 - [TEST_STEP][PASSED] - Thread.sleep(2000): null

2019-12-09 01:12:07 - [TEST_STEP][PASSED] - callTestCase(findTestCase("AHI/_include/get_screenshot"), [:], STOP_ON_FAILURE): Call Test Case 'Test Cases/AHI/_include/get_screenshot' successfully

2019-12-09 01:12:07 - [TEST_CASE][PASSED] - Test Cases/AHI/_include/get_screenshot: Test Cases/AHI/_include/get_screenshot

2019-12-09 01:12:07 - [TEST_STEP][PASSED] - takeScreenshot(screenPath + i + ".png"): Taking screenshot successfully

2019-12-09 01:12:08 - [MESSAGE][PASSED] - Taking screenshot successfully
[[ATTACHMENT|D:\\Test\\AgileTest\\Reports\\HIC\\hic\\20191209_004704\\../Screenshots/iPhone 6/HIC/STM/National General/20191209_011153/1.png]]

2019-12-09 01:12:08 - [TEST_STEP][PASSED] - (internal.GlobalVariable.i++): null

2019-12-09 01:12:08 - [MESSAGE][PASSED] - Call Test Case 'Test Cases/AHI/_include/get_screenshot' successfully

2019-12-09 01:12:08 - [TEST_STEP][PASSED] - callTestCase(findTestCase("HIC/_include/stm_census"), ["zipcode":"35215"], STOP_ON_FAILURE): Call Test Case 'Test Cases/HIC/_include/stm_census' successfully

2019-12-09 01:12:08 - [TEST_CASE][PASSED] - Test Cases/HIC/_include/stm_census: Test Cases/HIC/_include/stm_census

2019-12-09 01:12:08 - [TEST_STEP][PASSED] - setText(findTestObject("hic/stm/zip"), zipcode): Text '35215' is set on object 'Object Repository/hic/stm/zip'

2019-12-09 01:12:08 - [MESSAGE][PASSED] - Text '35215' is set on object 'Object Repository/hic/stm/zip'

2019-12-09 01:12:08 - [TEST_STEP][PASSED] - Thread.sleep(500): null

2019-12-09 01:12:09 - [TEST_STEP][PASSED] - setText(findTestObject("hic/stm/primaryDOB"), "03031987"): Text '03031987' is set on object 'Object Repository/hic/stm/primaryDOB'

2019-12-09 01:12:09 - [MESSAGE][PASSED] - Text '03031987' is set on object 'Object Repository/hic/stm/primaryDOB'

2019-12-09 01:12:09 - [TEST_STEP][PASSED] - click(findTestObject("hic/stm/female")): Object: 'Object Repository/hic/stm/female' is clicked on

2019-12-09 01:12:09 - [MESSAGE][PASSED] - Object: 'Object Repository/hic/stm/female' is clicked on

2019-12-09 01:12:09 - [TEST_STEP][PASSED] - Thread.sleep(3000): null

2019-12-09 01:12:12 - [TEST_STEP][PASSED] - click(findTestObject("hic/stm/submitButton")): Object: 'Object Repository/hic/stm/submitButton' is clicked on

2019-12-09 01:12:17 - [MESSAGE][PASSED] - Object: 'Object Repository/hic/stm/submitButton' is clicked on

2019-12-09 01:12:17 - [TEST_STEP][PASSED] - Thread.sleep(6000): null

2019-12-09 01:12:23 - [TEST_STEP][PASSED] - callTestCase(findTestCase("AHI/_include/get_screenshot"), [:], STOP_ON_FAILURE): Call Test Case 'Test Cases/AHI/_include/get_screenshot' successfully

2019-12-09 01:12:23 - [TEST_CASE][PASSED] - Test Cases/AHI/_include/get_screenshot: Test Cases/AHI/_include/get_screenshot

2019-12-09 01:12:23 - [TEST_STEP][PASSED] - takeScreenshot(screenPath + i + ".png"): Taking screenshot successfully

2019-12-09 01:12:25 - [MESSAGE][PASSED] - Taking screenshot successfully
[[ATTACHMENT|D:\\Test\\AgileTest\\Reports\\HIC\\hic\\20191209_004704\\../Screenshots/iPhone 6/HIC/STM/National General/20191209_011153/2.png]]

2019-12-09 01:12:25 - [TEST_STEP][PASSED] - (internal.GlobalVariable.i++): null

2019-12-09 01:12:25 - [MESSAGE][PASSED] - Call Test Case 'Test Cases/AHI/_include/get_screenshot' successfully

2019-12-09 01:12:25 - [TEST_STEP][PASSED] - Thread.sleep(1000): null

2019-12-09 01:12:26 - [MESSAGE][PASSED] - Call Test Case 'Test Cases/HIC/_include/stm_census' successfully

2019-12-09 01:12:26 - [TEST_STEP][FAILED] - callTestCase(findTestCase("AHI/_include/filter_stm"), ["carrier":"nationalgeneral"], STOP_ON_FAILURE): callTestCase(findTestCase("AHI/_include/filter_stm"), ["carrier":"nationalgeneral"], STOP_ON_FAILURE) FAILED.
Reason:
com.kms.katalon.core.exception.StepFailedException: Unable to click on object 'Object Repository/mobileSanity/STM/STM Quote Page/button_filters' (Root cause: org.openqa.selenium.WebDriverException: unknown error: Element <button type="button" class="js-toggle-others c-filter-toggle-v3 ">...</button> is not clickable at point (173, 138). Other element would receive the click: <p class="leadBox--subheader">...</p>
  (Session info: chrome=78.0.3904.108)
  (Driver info: chromedriver=2.43.600210 (68dcf5eebde37173d4027fa8635e332711d2874a),platform=Windows NT 6.3.9600 x86_64) (WARNING: The server did not provide any stacktrace information)
Command duration or timeout: 0 milliseconds
Build info: version: '3.7.1', revision: '8a0099a', time: '2017-11-06T21:07:36.161Z'
System info: host: 'WIN-U215233FMVE', ip: '172.30.0.53', os.name: 'Windows Server 2012 R2', os.arch: 'amd64', os.version: '6.3', java.version: '1.8.0_181'
Driver info: com.kms.katalon.selenium.driver.CChromeDriver
Capabilities {acceptInsecureCerts: false, acceptSslCerts: false, applicationCacheEnabled: false, browserConnectionEnabled: false, browserName: chrome, chrome: {chromedriverVersion: 2.43.600210 (68dcf5eebde371..., userDataDir: C:\Users\ADMINI~1\AppData\L...}, cssSelectorsEnabled: true, databaseEnabled: false, goog:chromeOptions: {debuggerAddress: localhost:51830}, handlesAlerts: true, hasTouchScreen: true, javascriptEnabled: true, locationContextEnabled: true, mobileEmulationEnabled: true, nativeEvents: true, networkConnectionEnabled: false, pageLoadStrategy: normal, platform: XP, platformName: XP, rotatable: false, setWindowRect: true, takesHeapSnapshot: true, takesScreenshot: true, unexpectedAlertBehaviour: , unhandledPromptBehavior: , version: 78.0.3904.108, webStorageEnabled: true}
Session ID: 42ac6f7746ec533edfb9dee89b0889be)
	at com.kms.katalon.core.keyword.internal.KeywordMain.stepFailed(KeywordMain.groovy:36)
	at com.kms.katalon.core.webui.keyword.internal.WebUIKeywordMain.stepFailed(WebUIKeywordMain.groovy:65)
	at com.kms.katalon.core.webui.keyword.internal.WebUIKeywordMain.runKeyword(WebUIKeywordMain.groovy:27)
	at com.kms.katalon.core.webui.keyword.builtin.ClickKeyword.click(ClickKeyword.groovy:86)
	at com.kms.katalon.core.webui.keyword.builtin.ClickKeyword.execute(ClickKeyword.groovy:67)
	at com.kms.katalon.core.keyword.internal.KeywordExecutor.executeKeywordForPlatform(KeywordExecutor.groovy:53)
	at com.kms.katalon.core.webui.keyword.WebUiBuiltInKeywords.click(WebUiBuiltInKeywords.groovy:616)
	at com.kms.katalon.core.webui.keyword.WebUiBuiltInKeywords$click$2.call(Unknown Source)
	at filter_stm.run(filter_stm:28)
	at com.kms.katalon.core.main.ScriptEngine.run(ScriptEngine.java:194)
	at com.kms.katalon.core.main.ScriptEngine.runScriptAsRawText(ScriptEngine.java:119)
	at com.kms.katalon.core.main.TestCaseExecutor.runScript(TestCaseExecutor.java:328)
	at com.kms.katalon.core.main.TestCaseExecutor.doExecute(TestCaseExecutor.java:319)
	at com.kms.katalon.core.main.TestCaseExecutor.processExecutionPhase(TestCaseExecutor.java:298)
	at com.kms.katalon.core.main.TestCaseExecutor.accessMainPhase(TestCaseExecutor.java:290)
	at com.kms.katalon.core.main.TestCaseExecutor.execute(TestCaseExecutor.java:224)
	at com.kms.katalon.core.main.TestCaseMain.runTestCase(TestCaseMain.java:106)
	at com.kms.katalon.core.keyword.builtin.CallTestCaseKeyword$_callTestCase_closure1.doCall(CallTestCaseKeyword.groovy:59)
	at com.kms.katalon.core.keyword.builtin.CallTestCaseKeyword$_callTestCase_closure1.call(CallTestCaseKeyword.groovy)
	at com.kms.katalon.core.keyword.internal.KeywordMain.runKeyword(KeywordMain.groovy:54)
	at com.kms.katalon.core.keyword.builtin.CallTestCaseKeyword.callTestCase(CallTestCaseKeyword.groovy:80)
	at com.kms.katalon.core.keyword.builtin.CallTestCaseKeyword.execute(CallTestCaseKeyword.groovy:44)
	at com.kms.katalon.core.keyword.internal.KeywordExecutor.executeKeywordForPlatform(KeywordExecutor.groovy:53)
	at com.kms.katalon.core.keyword.BuiltinKeywords.callTestCase(BuiltinKeywords.groovy:334)
	at NationalGeneral.run(NationalGeneral:35)
	at com.kms.katalon.core.main.ScriptEngine.run(ScriptEngine.java:194)
	at com.kms.katalon.core.main.ScriptEngine.runScriptAsRawText(ScriptEngine.java:119)
	at com.kms.katalon.core.main.TestCaseExecutor.runScript(TestCaseExecutor.java:328)
	at com.kms.katalon.core.main.TestCaseExecutor.doExecute(TestCaseExecutor.java:319)
	at com.kms.katalon.core.main.TestCaseExecutor.processExecutionPhase(TestCaseExecutor.java:298)
	at com.kms.katalon.core.main.TestCaseExecutor.accessMainPhase(TestCaseExecutor.java:290)
	at com.kms.katalon.core.main.TestCaseExecutor.execute(TestCaseExecutor.java:224)
	at com.kms.katalon.core.main.TestSuiteExecutor.accessTestCaseMainPhase(TestSuiteExecutor.java:129)
	at com.kms.katalon.core.main.TestSuiteExecutor.accessTestSuiteMainPhase(TestSuiteExecutor.java:112)
	at com.kms.katalon.core.main.TestSuiteExecutor.execute(TestSuiteExecutor.java:81)
	at com.kms.katalon.core.main.TestCaseMain.startTestSuite(TestCaseMain.java:149)
	at com.kms.katalon.core.main.TestCaseMain$startTestSuite$0.call(Unknown Source)
	at TempTestSuite1575870424581.run(TempTestSuite1575870424581.groovy:36)


2019-12-09 01:12:26 - [TEST_CASE][FAILED] - Test Cases/AHI/_include/filter_stm: Test Cases/AHI/_include/filter_stm FAILED.
Reason:
com.kms.katalon.core.exception.StepFailedException: Unable to click on object 'Object Repository/mobileSanity/STM/STM Quote Page/button_filters' (Root cause: org.openqa.selenium.WebDriverException: unknown error: Element <button type="button" class="js-toggle-others c-filter-toggle-v3 ">...</button> is not clickable at point (173, 138). Other element would receive the click: <p class="leadBox--subheader">...</p>
  (Session info: chrome=78.0.3904.108)
  (Driver info: chromedriver=2.43.600210 (68dcf5eebde37173d4027fa8635e332711d2874a),platform=Windows NT 6.3.9600 x86_64) (WARNING: The server did not provide any stacktrace information)
Command duration or timeout: 0 milliseconds
Build info: version: '3.7.1', revision: '8a0099a', time: '2017-11-06T21:07:36.161Z'
System info: host: 'WIN-U215233FMVE', ip: '172.30.0.53', os.name: 'Windows Server 2012 R2', os.arch: 'amd64', os.version: '6.3', java.version: '1.8.0_181'
Driver info: com.kms.katalon.selenium.driver.CChromeDriver
Capabilities {acceptInsecureCerts: false, acceptSslCerts: false, applicationCacheEnabled: false, browserConnectionEnabled: false, browserName: chrome, chrome: {chromedriverVersion: 2.43.600210 (68dcf5eebde371..., userDataDir: C:\Users\ADMINI~1\AppData\L...}, cssSelectorsEnabled: true, databaseEnabled: false, goog:chromeOptions: {debuggerAddress: localhost:51830}, handlesAlerts: true, hasTouchScreen: true, javascriptEnabled: true, locationContextEnabled: true, mobileEmulationEnabled: true, nativeEvents: true, networkConnectionEnabled: false, pageLoadStrategy: normal, platform: XP, platformName: XP, rotatable: false, setWindowRect: true, takesHeapSnapshot: true, takesScreenshot: true, unexpectedAlertBehaviour: , unhandledPromptBehavior: , version: 78.0.3904.108, webStorageEnabled: true}
Session ID: 42ac6f7746ec533edfb9dee89b0889be)
	at com.kms.katalon.core.keyword.internal.KeywordMain.stepFailed(KeywordMain.groovy:36)
	at com.kms.katalon.core.webui.keyword.internal.WebUIKeywordMain.stepFailed(WebUIKeywordMain.groovy:65)
	at com.kms.katalon.core.webui.keyword.internal.WebUIKeywordMain.runKeyword(WebUIKeywordMain.groovy:27)
	at com.kms.katalon.core.webui.keyword.builtin.ClickKeyword.click(ClickKeyword.groovy:86)
	at com.kms.katalon.core.webui.keyword.builtin.ClickKeyword.execute(ClickKeyword.groovy:67)
	at com.kms.katalon.core.keyword.internal.KeywordExecutor.executeKeywordForPlatform(KeywordExecutor.groovy:53)
	at com.kms.katalon.core.webui.keyword.WebUiBuiltInKeywords.click(WebUiBuiltInKeywords.groovy:616)
	at com.kms.katalon.core.webui.keyword.WebUiBuiltInKeywords$click$2.call(Unknown Source)
	at filter_stm.run(filter_stm:28)
	at com.kms.katalon.core.main.ScriptEngine.run(ScriptEngine.java:194)
	at com.kms.katalon.core.main.ScriptEngine.runScriptAsRawText(ScriptEngine.java:119)
	at com.kms.katalon.core.main.TestCaseExecutor.runScript(TestCaseExecutor.java:328)
	at com.kms.katalon.core.main.TestCaseExecutor.doExecute(TestCaseExecutor.java:319)
	at com.kms.katalon.core.main.TestCaseExecutor.processExecutionPhase(TestCaseExecutor.java:298)
	at com.kms.katalon.core.main.TestCaseExecutor.accessMainPhase(TestCaseExecutor.java:290)
	at com.kms.katalon.core.main.TestCaseExecutor.execute(TestCaseExecutor.java:224)
	at com.kms.katalon.core.main.TestCaseMain.runTestCase(TestCaseMain.java:106)
	at com.kms.katalon.core.keyword.builtin.CallTestCaseKeyword$_callTestCase_closure1.doCall(CallTestCaseKeyword.groovy:59)
	at com.kms.katalon.core.keyword.builtin.CallTestCaseKeyword$_callTestCase_closure1.call(CallTestCaseKeyword.groovy)
	at com.kms.katalon.core.keyword.internal.KeywordMain.runKeyword(KeywordMain.groovy:54)
	at com.kms.katalon.core.keyword.builtin.CallTestCaseKeyword.callTestCase(CallTestCaseKeyword.groovy:80)
	at com.kms.katalon.core.keyword.builtin.CallTestCaseKeyword.execute(CallTestCaseKeyword.groovy:44)
	at com.kms.katalon.core.keyword.internal.KeywordExecutor.executeKeywordForPlatform(KeywordExecutor.groovy:53)
	at com.kms.katalon.core.keyword.BuiltinKeywords.callTestCase(BuiltinKeywords.groovy:334)
	at NationalGeneral.run(NationalGeneral:35)
	at com.kms.katalon.core.main.ScriptEngine.run(ScriptEngine.java:194)
	at com.kms.katalon.core.main.ScriptEngine.runScriptAsRawText(ScriptEngine.java:119)
	at com.kms.katalon.core.main.TestCaseExecutor.runScript(TestCaseExecutor.java:328)
	at com.kms.katalon.core.main.TestCaseExecutor.doExecute(TestCaseExecutor.java:319)
	at com.kms.katalon.core.main.TestCaseExecutor.processExecutionPhase(TestCaseExecutor.java:298)
	at com.kms.katalon.core.main.TestCaseExecutor.accessMainPhase(TestCaseExecutor.java:290)
	at com.kms.katalon.core.main.TestCaseExecutor.execute(TestCaseExecutor.java:224)
	at com.kms.katalon.core.main.TestSuiteExecutor.accessTestCaseMainPhase(TestSuiteExecutor.java:129)
	at com.kms.katalon.core.main.TestSuiteExecutor.accessTestSuiteMainPhase(TestSuiteExecutor.java:112)
	at com.kms.katalon.core.main.TestSuiteExecutor.execute(TestSuiteExecutor.java:81)
	at com.kms.katalon.core.main.TestCaseMain.startTestSuite(TestCaseMain.java:149)
	at com.kms.katalon.core.main.TestCaseMain$startTestSuite$0.call(Unknown Source)
	at TempTestSuite1575870424581.run(TempTestSuite1575870424581.groovy:36)


2019-12-09 01:12:26 - [TEST_STEP][PASSED] - driver = getWebDriver(): null

2019-12-09 01:12:26 - [TEST_STEP][PASSED] - selenium = new com.thoughtworks.selenium.webdriven.WebDriverBackedSelenium(driver, internal.GlobalVariable.ENV): null

2019-12-09 01:12:26 - [TEST_STEP][PASSED] - Thread.sleep(1000): null

2019-12-09 01:12:27 - [TEST_STEP][FAILED] - click(findTestObject("mobileSanity/STM/STM Quote Page/button_filters")): click(findTestObject("mobileSanity/STM/STM Quote Page/button_filters")) FAILED.
Reason:
com.kms.katalon.core.exception.StepFailedException: Unable to click on object 'Object Repository/mobileSanity/STM/STM Quote Page/button_filters' (Root cause: org.openqa.selenium.WebDriverException: unknown error: Element <button type="button" class="js-toggle-others c-filter-toggle-v3 ">...</button> is not clickable at point (173, 138). Other element would receive the click: <p class="leadBox--subheader">...</p>
  (Session info: chrome=78.0.3904.108)
  (Driver info: chromedriver=2.43.600210 (68dcf5eebde37173d4027fa8635e332711d2874a),platform=Windows NT 6.3.9600 x86_64) (WARNING: The server did not provide any stacktrace information)
Command duration or timeout: 0 milliseconds
Build info: version: '3.7.1', revision: '8a0099a', time: '2017-11-06T21:07:36.161Z'
System info: host: 'WIN-U215233FMVE', ip: '172.30.0.53', os.name: 'Windows Server 2012 R2', os.arch: 'amd64', os.version: '6.3', java.version: '1.8.0_181'
Driver info: com.kms.katalon.selenium.driver.CChromeDriver
Capabilities {acceptInsecureCerts: false, acceptSslCerts: false, applicationCacheEnabled: false, browserConnectionEnabled: false, browserName: chrome, chrome: {chromedriverVersion: 2.43.600210 (68dcf5eebde371..., userDataDir: C:\Users\ADMINI~1\AppData\L...}, cssSelectorsEnabled: true, databaseEnabled: false, goog:chromeOptions: {debuggerAddress: localhost:51830}, handlesAlerts: true, hasTouchScreen: true, javascriptEnabled: true, locationContextEnabled: true, mobileEmulationEnabled: true, nativeEvents: true, networkConnectionEnabled: false, pageLoadStrategy: normal, platform: XP, platformName: XP, rotatable: false, setWindowRect: true, takesHeapSnapshot: true, takesScreenshot: true, unexpectedAlertBehaviour: , unhandledPromptBehavior: , version: 78.0.3904.108, webStorageEnabled: true}
Session ID: 42ac6f7746ec533edfb9dee89b0889be)
	at com.kms.katalon.core.keyword.internal.KeywordMain.stepFailed(KeywordMain.groovy:36)
	at com.kms.katalon.core.webui.keyword.internal.WebUIKeywordMain.stepFailed(WebUIKeywordMain.groovy:65)
	at com.kms.katalon.core.webui.keyword.internal.WebUIKeywordMain.runKeyword(WebUIKeywordMain.groovy:27)
	at com.kms.katalon.core.webui.keyword.builtin.ClickKeyword.click(ClickKeyword.groovy:86)
	at com.kms.katalon.core.webui.keyword.builtin.ClickKeyword.execute(ClickKeyword.groovy:67)
	at com.kms.katalon.core.keyword.internal.KeywordExecutor.executeKeywordForPlatform(KeywordExecutor.groovy:53)
	at com.kms.katalon.core.webui.keyword.WebUiBuiltInKeywords.click(WebUiBuiltInKeywords.groovy:616)
	at com.kms.katalon.core.webui.keyword.WebUiBuiltInKeywords$click$2.call(Unknown Source)
	at filter_stm.run(filter_stm:28)
	at com.kms.katalon.core.main.ScriptEngine.run(ScriptEngine.java:194)
	at com.kms.katalon.core.main.ScriptEngine.runScriptAsRawText(ScriptEngine.java:119)
	at com.kms.katalon.core.main.TestCaseExecutor.runScript(TestCaseExecutor.java:328)
	at com.kms.katalon.core.main.TestCaseExecutor.doExecute(TestCaseExecutor.java:319)
	at com.kms.katalon.core.main.TestCaseExecutor.processExecutionPhase(TestCaseExecutor.java:298)
	at com.kms.katalon.core.main.TestCaseExecutor.accessMainPhase(TestCaseExecutor.java:290)
	at com.kms.katalon.core.main.TestCaseExecutor.execute(TestCaseExecutor.java:224)
	at com.kms.katalon.core.main.TestCaseMain.runTestCase(TestCaseMain.java:106)
	at com.kms.katalon.core.keyword.builtin.CallTestCaseKeyword$_callTestCase_closure1.doCall(CallTestCaseKeyword.groovy:59)
	at com.kms.katalon.core.keyword.builtin.CallTestCaseKeyword$_callTestCase_closure1.call(CallTestCaseKeyword.groovy)
	at com.kms.katalon.core.keyword.internal.KeywordMain.runKeyword(KeywordMain.groovy:54)
	at com.kms.katalon.core.keyword.builtin.CallTestCaseKeyword.callTestCase(CallTestCaseKeyword.groovy:80)
	at com.kms.katalon.core.keyword.builtin.CallTestCaseKeyword.execute(CallTestCaseKeyword.groovy:44)
	at com.kms.katalon.core.keyword.internal.KeywordExecutor.executeKeywordForPlatform(KeywordExecutor.groovy:53)
	at com.kms.katalon.core.keyword.BuiltinKeywords.callTestCase(BuiltinKeywords.groovy:334)
	at NationalGeneral.run(NationalGeneral:35)
	at com.kms.katalon.core.main.ScriptEngine.run(ScriptEngine.java:194)
	at com.kms.katalon.core.main.ScriptEngine.runScriptAsRawText(ScriptEngine.java:119)
	at com.kms.katalon.core.main.TestCaseExecutor.runScript(TestCaseExecutor.java:328)
	at com.kms.katalon.core.main.TestCaseExecutor.doExecute(TestCaseExecutor.java:319)
	at com.kms.katalon.core.main.TestCaseExecutor.processExecutionPhase(TestCaseExecutor.java:298)
	at com.kms.katalon.core.main.TestCaseExecutor.accessMainPhase(TestCaseExecutor.java:290)
	at com.kms.katalon.core.main.TestCaseExecutor.execute(TestCaseExecutor.java:224)
	at com.kms.katalon.core.main.TestSuiteExecutor.accessTestCaseMainPhase(TestSuiteExecutor.java:129)
	at com.kms.katalon.core.main.TestSuiteExecutor.accessTestSuiteMainPhase(TestSuiteExecutor.java:112)
	at com.kms.katalon.core.main.TestSuiteExecutor.execute(TestSuiteExecutor.java:81)
	at com.kms.katalon.core.main.TestCaseMain.startTestSuite(TestCaseMain.java:149)
	at com.kms.katalon.core.main.TestCaseMain$startTestSuite$0.call(Unknown Source)
	at TempTestSuite1575870424581.run(TempTestSuite1575870424581.groovy:36)


2019-12-09 01:12:29 - [MESSAGE][FAILED] - Unable to click on object 'Object Repository/mobileSanity/STM/STM Quote Page/button_filters' (Root cause: org.openqa.selenium.WebDriverException: unknown error: Element <button type="button" class="js-toggle-others c-filter-toggle-v3 ">...</button> is not clickable at point (173, 138). Other element would receive the click: <p class="leadBox--subheader">...</p>
  (Session info: chrome=78.0.3904.108)
  (Driver info: chromedriver=2.43.600210 (68dcf5eebde37173d4027fa8635e332711d2874a),platform=Windows NT 6.3.9600 x86_64) (WARNING: The server did not provide any stacktrace information)
Command duration or timeout: 0 milliseconds
Build info: version: '3.7.1', revision: '8a0099a', time: '2017-11-06T21:07:36.161Z'
System info: host: 'WIN-U215233FMVE', ip: '172.30.0.53', os.name: 'Windows Server 2012 R2', os.arch: 'amd64', os.version: '6.3', java.version: '1.8.0_181'
Driver info: com.kms.katalon.selenium.driver.CChromeDriver
Capabilities {acceptInsecureCerts: false, acceptSslCerts: false, applicationCacheEnabled: false, browserConnectionEnabled: false, browserName: chrome, chrome: {chromedriverVersion: 2.43.600210 (68dcf5eebde371..., userDataDir: C:\Users\ADMINI~1\AppData\L...}, cssSelectorsEnabled: true, databaseEnabled: false, goog:chromeOptions: {debuggerAddress: localhost:51830}, handlesAlerts: true, hasTouchScreen: true, javascriptEnabled: true, locationContextEnabled: true, mobileEmulationEnabled: true, nativeEvents: true, networkConnectionEnabled: false, pageLoadStrategy: normal, platform: XP, platformName: XP, rotatable: false, setWindowRect: true, takesHeapSnapshot: true, takesScreenshot: true, unexpectedAlertBehaviour: , unhandledPromptBehavior: , version: 78.0.3904.108, webStorageEnabled: true}
Session ID: 42ac6f7746ec533edfb9dee89b0889be)
[[ATTACHMENT|D:\\Test\\AgileTest\\Reports\\HIC\\hic\\20191209_004704\\1575871948516.png]]

2019-12-09 01:12:29 - [MESSAGE][FAILED] - click(findTestObject("mobileSanity/STM/STM Quote Page/button_filters")) FAILED.
Reason:
com.kms.katalon.core.exception.StepFailedException: Unable to click on object 'Object Repository/mobileSanity/STM/STM Quote Page/button_filters' (Root cause: org.openqa.selenium.WebDriverException: unknown error: Element <button type="button" class="js-toggle-others c-filter-toggle-v3 ">...</button> is not clickable at point (173, 138). Other element would receive the click: <p class="leadBox--subheader">...</p>
  (Session info: chrome=78.0.3904.108)
  (Driver info: chromedriver=2.43.600210 (68dcf5eebde37173d4027fa8635e332711d2874a),platform=Windows NT 6.3.9600 x86_64) (WARNING: The server did not provide any stacktrace information)
Command duration or timeout: 0 milliseconds
Build info: version: '3.7.1', revision: '8a0099a', time: '2017-11-06T21:07:36.161Z'
System info: host: 'WIN-U215233FMVE', ip: '172.30.0.53', os.name: 'Windows Server 2012 R2', os.arch: 'amd64', os.version: '6.3', java.version: '1.8.0_181'
Driver info: com.kms.katalon.selenium.driver.CChromeDriver
Capabilities {acceptInsecureCerts: false, acceptSslCerts: false, applicationCacheEnabled: false, browserConnectionEnabled: false, browserName: chrome, chrome: {chromedriverVersion: 2.43.600210 (68dcf5eebde371..., userDataDir: C:\Users\ADMINI~1\AppData\L...}, cssSelectorsEnabled: true, databaseEnabled: false, goog:chromeOptions: {debuggerAddress: localhost:51830}, handlesAlerts: true, hasTouchScreen: true, javascriptEnabled: true, locationContextEnabled: true, mobileEmulationEnabled: true, nativeEvents: true, networkConnectionEnabled: false, pageLoadStrategy: normal, platform: XP, platformName: XP, rotatable: false, setWindowRect: true, takesHeapSnapshot: true, takesScreenshot: true, unexpectedAlertBehaviour: , unhandledPromptBehavior: , version: 78.0.3904.108, webStorageEnabled: true}
Session ID: 42ac6f7746ec533edfb9dee89b0889be)
	at com.kms.katalon.core.keyword.internal.KeywordMain.stepFailed(KeywordMain.groovy:36)
	at com.kms.katalon.core.webui.keyword.internal.WebUIKeywordMain.stepFailed(WebUIKeywordMain.groovy:65)
	at com.kms.katalon.core.webui.keyword.internal.WebUIKeywordMain.runKeyword(WebUIKeywordMain.groovy:27)
	at com.kms.katalon.core.webui.keyword.builtin.ClickKeyword.click(ClickKeyword.groovy:86)
	at com.kms.katalon.core.webui.keyword.builtin.ClickKeyword.execute(ClickKeyword.groovy:67)
	at com.kms.katalon.core.keyword.internal.KeywordExecutor.executeKeywordForPlatform(KeywordExecutor.groovy:53)
	at com.kms.katalon.core.webui.keyword.WebUiBuiltInKeywords.click(WebUiBuiltInKeywords.groovy:616)
	at com.kms.katalon.core.webui.keyword.WebUiBuiltInKeywords$click$2.call(Unknown Source)
	at filter_stm.run(filter_stm:28)
	at com.kms.katalon.core.main.ScriptEngine.run(ScriptEngine.java:194)
	at com.kms.katalon.core.main.ScriptEngine.runScriptAsRawText(ScriptEngine.java:119)
	at com.kms.katalon.core.main.TestCaseExecutor.runScript(TestCaseExecutor.java:328)
	at com.kms.katalon.core.main.TestCaseExecutor.doExecute(TestCaseExecutor.java:319)
	at com.kms.katalon.core.main.TestCaseExecutor.processExecutionPhase(TestCaseExecutor.java:298)
	at com.kms.katalon.core.main.TestCaseExecutor.accessMainPhase(TestCaseExecutor.java:290)
	at com.kms.katalon.core.main.TestCaseExecutor.execute(TestCaseExecutor.java:224)
	at com.kms.katalon.core.main.TestCaseMain.runTestCase(TestCaseMain.java:106)
	at com.kms.katalon.core.keyword.builtin.CallTestCaseKeyword$_callTestCase_closure1.doCall(CallTestCaseKeyword.groovy:59)
	at com.kms.katalon.core.keyword.builtin.CallTestCaseKeyword$_callTestCase_closure1.call(CallTestCaseKeyword.groovy)
	at com.kms.katalon.core.keyword.internal.KeywordMain.runKeyword(KeywordMain.groovy:54)
	at com.kms.katalon.core.keyword.builtin.CallTestCaseKeyword.callTestCase(CallTestCaseKeyword.groovy:80)
	at com.kms.katalon.core.keyword.builtin.CallTestCaseKeyword.execute(CallTestCaseKeyword.groovy:44)
	at com.kms.katalon.core.keyword.internal.KeywordExecutor.executeKeywordForPlatform(KeywordExecutor.groovy:53)
	at com.kms.katalon.core.keyword.BuiltinKeywords.callTestCase(BuiltinKeywords.groovy:334)
	at NationalGeneral.run(NationalGeneral:35)
	at com.kms.katalon.core.main.ScriptEngine.run(ScriptEngine.java:194)
	at com.kms.katalon.core.main.ScriptEngine.runScriptAsRawText(ScriptEngine.java:119)
	at com.kms.katalon.core.main.TestCaseExecutor.runScript(TestCaseExecutor.java:328)
	at com.kms.katalon.core.main.TestCaseExecutor.doExecute(TestCaseExecutor.java:319)
	at com.kms.katalon.core.main.TestCaseExecutor.processExecutionPhase(TestCaseExecutor.java:298)
	at com.kms.katalon.core.main.TestCaseExecutor.accessMainPhase(TestCaseExecutor.java:290)
	at com.kms.katalon.core.main.TestCaseExecutor.execute(TestCaseExecutor.java:224)
	at com.kms.katalon.core.main.TestSuiteExecutor.accessTestCaseMainPhase(TestSuiteExecutor.java:129)
	at com.kms.katalon.core.main.TestSuiteExecutor.accessTestSuiteMainPhase(TestSuiteExecutor.java:112)
	at com.kms.katalon.core.main.TestSuiteExecutor.execute(TestSuiteExecutor.java:81)
	at com.kms.katalon.core.main.TestCaseMain.startTestSuite(TestCaseMain.java:149)
	at com.kms.katalon.core.main.TestCaseMain$startTestSuite$0.call(Unknown Source)
	at TempTestSuite1575870424581.run(TempTestSuite1575870424581.groovy:36)


2019-12-09 01:12:29 - [MESSAGE][FAILED] - Unable to call Test Case 'Test Cases/AHI/_include/filter_stm' (Root cause: com.kms.katalon.core.exception.StepFailedException: Call Test Case 'Test Cases/AHI/_include/filter_stm' failed)

2019-12-09 01:12:29 - [MESSAGE][FAILED] - callTestCase(findTestCase("AHI/_include/filter_stm"), ["carrier":"nationalgeneral"], STOP_ON_FAILURE) FAILED.
Reason:
com.kms.katalon.core.exception.StepFailedException: Unable to click on object 'Object Repository/mobileSanity/STM/STM Quote Page/button_filters' (Root cause: org.openqa.selenium.WebDriverException: unknown error: Element <button type="button" class="js-toggle-others c-filter-toggle-v3 ">...</button> is not clickable at point (173, 138). Other element would receive the click: <p class="leadBox--subheader">...</p>
  (Session info: chrome=78.0.3904.108)
  (Driver info: chromedriver=2.43.600210 (68dcf5eebde37173d4027fa8635e332711d2874a),platform=Windows NT 6.3.9600 x86_64) (WARNING: The server did not provide any stacktrace information)
Command duration or timeout: 0 milliseconds
Build info: version: '3.7.1', revision: '8a0099a', time: '2017-11-06T21:07:36.161Z'
System info: host: 'WIN-U215233FMVE', ip: '172.30.0.53', os.name: 'Windows Server 2012 R2', os.arch: 'amd64', os.version: '6.3', java.version: '1.8.0_181'
Driver info: com.kms.katalon.selenium.driver.CChromeDriver
Capabilities {acceptInsecureCerts: false, acceptSslCerts: false, applicationCacheEnabled: false, browserConnectionEnabled: false, browserName: chrome, chrome: {chromedriverVersion: 2.43.600210 (68dcf5eebde371..., userDataDir: C:\Users\ADMINI~1\AppData\L...}, cssSelectorsEnabled: true, databaseEnabled: false, goog:chromeOptions: {debuggerAddress: localhost:51830}, handlesAlerts: true, hasTouchScreen: true, javascriptEnabled: true, locationContextEnabled: true, mobileEmulationEnabled: true, nativeEvents: true, networkConnectionEnabled: false, pageLoadStrategy: normal, platform: XP, platformName: XP, rotatable: false, setWindowRect: true, takesHeapSnapshot: true, takesScreenshot: true, unexpectedAlertBehaviour: , unhandledPromptBehavior: , version: 78.0.3904.108, webStorageEnabled: true}
Session ID: 42ac6f7746ec533edfb9dee89b0889be)
	at com.kms.katalon.core.keyword.internal.KeywordMain.stepFailed(KeywordMain.groovy:36)
	at com.kms.katalon.core.webui.keyword.internal.WebUIKeywordMain.stepFailed(WebUIKeywordMain.groovy:65)
	at com.kms.katalon.core.webui.keyword.internal.WebUIKeywordMain.runKeyword(WebUIKeywordMain.groovy:27)
	at com.kms.katalon.core.webui.keyword.builtin.ClickKeyword.click(ClickKeyword.groovy:86)
	at com.kms.katalon.core.webui.keyword.builtin.ClickKeyword.execute(ClickKeyword.groovy:67)
	at com.kms.katalon.core.keyword.internal.KeywordExecutor.executeKeywordForPlatform(KeywordExecutor.groovy:53)
	at com.kms.katalon.core.webui.keyword.WebUiBuiltInKeywords.click(WebUiBuiltInKeywords.groovy:616)
	at com.kms.katalon.core.webui.keyword.WebUiBuiltInKeywords$click$2.call(Unknown Source)
	at filter_stm.run(filter_stm:28)
	at com.kms.katalon.core.main.ScriptEngine.run(ScriptEngine.java:194)
	at com.kms.katalon.core.main.ScriptEngine.runScriptAsRawText(ScriptEngine.java:119)
	at com.kms.katalon.core.main.TestCaseExecutor.runScript(TestCaseExecutor.java:328)
	at com.kms.katalon.core.main.TestCaseExecutor.doExecute(TestCaseExecutor.java:319)
	at com.kms.katalon.core.main.TestCaseExecutor.processExecutionPhase(TestCaseExecutor.java:298)
	at com.kms.katalon.core.main.TestCaseExecutor.accessMainPhase(TestCaseExecutor.java:290)
	at com.kms.katalon.core.main.TestCaseExecutor.execute(TestCaseExecutor.java:224)
	at com.kms.katalon.core.main.TestCaseMain.runTestCase(TestCaseMain.java:106)
	at com.kms.katalon.core.keyword.builtin.CallTestCaseKeyword$_callTestCase_closure1.doCall(CallTestCaseKeyword.groovy:59)
	at com.kms.katalon.core.keyword.builtin.CallTestCaseKeyword$_callTestCase_closure1.call(CallTestCaseKeyword.groovy)
	at com.kms.katalon.core.keyword.internal.KeywordMain.runKeyword(KeywordMain.groovy:54)
	at com.kms.katalon.core.keyword.builtin.CallTestCaseKeyword.callTestCase(CallTestCaseKeyword.groovy:80)
	at com.kms.katalon.core.keyword.builtin.CallTestCaseKeyword.execute(CallTestCaseKeyword.groovy:44)
	at com.kms.katalon.core.keyword.internal.KeywordExecutor.executeKeywordForPlatform(KeywordExecutor.groovy:53)
	at com.kms.katalon.core.keyword.BuiltinKeywords.callTestCase(BuiltinKeywords.groovy:334)
	at NationalGeneral.run(NationalGeneral:35)
	at com.kms.katalon.core.main.ScriptEngine.run(ScriptEngine.java:194)
	at com.kms.katalon.core.main.ScriptEngine.runScriptAsRawText(ScriptEngine.java:119)
	at com.kms.katalon.core.main.TestCaseExecutor.runScript(TestCaseExecutor.java:328)
	at com.kms.katalon.core.main.TestCaseExecutor.doExecute(TestCaseExecutor.java:319)
	at com.kms.katalon.core.main.TestCaseExecutor.processExecutionPhase(TestCaseExecutor.java:298)
	at com.kms.katalon.core.main.TestCaseExecutor.accessMainPhase(TestCaseExecutor.java:290)
	at com.kms.katalon.core.main.TestCaseExecutor.execute(TestCaseExecutor.java:224)
	at com.kms.katalon.core.main.TestSuiteExecutor.accessTestCaseMainPhase(TestSuiteExecutor.java:129)
	at com.kms.katalon.core.main.TestSuiteExecutor.accessTestSuiteMainPhase(TestSuiteExecutor.java:112)
	at com.kms.katalon.core.main.TestSuiteExecutor.execute(TestSuiteExecutor.java:81)
	at com.kms.katalon.core.main.TestCaseMain.startTestSuite(TestCaseMain.java:149)
	at com.kms.katalon.core.main.TestCaseMain$startTestSuite$0.call(Unknown Source)
	at TempTestSuite1575870424581.run(TempTestSuite1575870424581.groovy:36)]]></system-out>
         <system-err><![CDATA[2019-12-09 01:11:52 - [TEST_CASE][FAILED] - Test Cases/HIC/STM/NationalGeneral: Test Cases/HIC/STM/NationalGeneral FAILED.
Reason:
com.kms.katalon.core.exception.StepFailedException: Unable to click on object 'Object Repository/mobileSanity/STM/STM Quote Page/button_filters' (Root cause: org.openqa.selenium.WebDriverException: unknown error: Element <button type="button" class="js-toggle-others c-filter-toggle-v3 ">...</button> is not clickable at point (173, 138). Other element would receive the click: <p class="leadBox--subheader">...</p>
  (Session info: chrome=78.0.3904.108)
  (Driver info: chromedriver=2.43.600210 (68dcf5eebde37173d4027fa8635e332711d2874a),platform=Windows NT 6.3.9600 x86_64) (WARNING: The server did not provide any stacktrace information)
Command duration or timeout: 0 milliseconds
Build info: version: '3.7.1', revision: '8a0099a', time: '2017-11-06T21:07:36.161Z'
System info: host: 'WIN-U215233FMVE', ip: '172.30.0.53', os.name: 'Windows Server 2012 R2', os.arch: 'amd64', os.version: '6.3', java.version: '1.8.0_181'
Driver info: com.kms.katalon.selenium.driver.CChromeDriver
Capabilities {acceptInsecureCerts: false, acceptSslCerts: false, applicationCacheEnabled: false, browserConnectionEnabled: false, browserName: chrome, chrome: {chromedriverVersion: 2.43.600210 (68dcf5eebde371..., userDataDir: C:\Users\ADMINI~1\AppData\L...}, cssSelectorsEnabled: true, databaseEnabled: false, goog:chromeOptions: {debuggerAddress: localhost:51830}, handlesAlerts: true, hasTouchScreen: true, javascriptEnabled: true, locationContextEnabled: true, mobileEmulationEnabled: true, nativeEvents: true, networkConnectionEnabled: false, pageLoadStrategy: normal, platform: XP, platformName: XP, rotatable: false, setWindowRect: true, takesHeapSnapshot: true, takesScreenshot: true, unexpectedAlertBehaviour: , unhandledPromptBehavior: , version: 78.0.3904.108, webStorageEnabled: true}
Session ID: 42ac6f7746ec533edfb9dee89b0889be)
	at com.kms.katalon.core.keyword.internal.KeywordMain.stepFailed(KeywordMain.groovy:36)
	at com.kms.katalon.core.webui.keyword.internal.WebUIKeywordMain.stepFailed(WebUIKeywordMain.groovy:65)
	at com.kms.katalon.core.webui.keyword.internal.WebUIKeywordMain.runKeyword(WebUIKeywordMain.groovy:27)
	at com.kms.katalon.core.webui.keyword.builtin.ClickKeyword.click(ClickKeyword.groovy:86)
	at com.kms.katalon.core.webui.keyword.builtin.ClickKeyword.execute(ClickKeyword.groovy:67)
	at com.kms.katalon.core.keyword.internal.KeywordExecutor.executeKeywordForPlatform(KeywordExecutor.groovy:53)
	at com.kms.katalon.core.webui.keyword.WebUiBuiltInKeywords.click(WebUiBuiltInKeywords.groovy:616)
	at com.kms.katalon.core.webui.keyword.WebUiBuiltInKeywords$click$2.call(Unknown Source)
	at filter_stm.run(filter_stm:28)
	at com.kms.katalon.core.main.ScriptEngine.run(ScriptEngine.java:194)
	at com.kms.katalon.core.main.ScriptEngine.runScriptAsRawText(ScriptEngine.java:119)
	at com.kms.katalon.core.main.TestCaseExecutor.runScript(TestCaseExecutor.java:328)
	at com.kms.katalon.core.main.TestCaseExecutor.doExecute(TestCaseExecutor.java:319)
	at com.kms.katalon.core.main.TestCaseExecutor.processExecutionPhase(TestCaseExecutor.java:298)
	at com.kms.katalon.core.main.TestCaseExecutor.accessMainPhase(TestCaseExecutor.java:290)
	at com.kms.katalon.core.main.TestCaseExecutor.execute(TestCaseExecutor.java:224)
	at com.kms.katalon.core.main.TestCaseMain.runTestCase(TestCaseMain.java:106)
	at com.kms.katalon.core.keyword.builtin.CallTestCaseKeyword$_callTestCase_closure1.doCall(CallTestCaseKeyword.groovy:59)
	at com.kms.katalon.core.keyword.builtin.CallTestCaseKeyword$_callTestCase_closure1.call(CallTestCaseKeyword.groovy)
	at com.kms.katalon.core.keyword.internal.KeywordMain.runKeyword(KeywordMain.groovy:54)
	at com.kms.katalon.core.keyword.builtin.CallTestCaseKeyword.callTestCase(CallTestCaseKeyword.groovy:80)
	at com.kms.katalon.core.keyword.builtin.CallTestCaseKeyword.execute(CallTestCaseKeyword.groovy:44)
	at com.kms.katalon.core.keyword.internal.KeywordExecutor.executeKeywordForPlatform(KeywordExecutor.groovy:53)
	at com.kms.katalon.core.keyword.BuiltinKeywords.callTestCase(BuiltinKeywords.groovy:334)
	at NationalGeneral.run(NationalGeneral:35)
	at com.kms.katalon.core.main.ScriptEngine.run(ScriptEngine.java:194)
	at com.kms.katalon.core.main.ScriptEngine.runScriptAsRawText(ScriptEngine.java:119)
	at com.kms.katalon.core.main.TestCaseExecutor.runScript(TestCaseExecutor.java:328)
	at com.kms.katalon.core.main.TestCaseExecutor.doExecute(TestCaseExecutor.java:319)
	at com.kms.katalon.core.main.TestCaseExecutor.processExecutionPhase(TestCaseExecutor.java:298)
	at com.kms.katalon.core.main.TestCaseExecutor.accessMainPhase(TestCaseExecutor.java:290)
	at com.kms.katalon.core.main.TestCaseExecutor.execute(TestCaseExecutor.java:224)
	at com.kms.katalon.core.main.TestSuiteExecutor.accessTestCaseMainPhase(TestSuiteExecutor.java:129)
	at com.kms.katalon.core.main.TestSuiteExecutor.accessTestSuiteMainPhase(TestSuiteExecutor.java:112)
	at com.kms.katalon.core.main.TestSuiteExecutor.execute(TestSuiteExecutor.java:81)
	at com.kms.katalon.core.main.TestCaseMain.startTestSuite(TestCaseMain.java:149)
	at com.kms.katalon.core.main.TestCaseMain$startTestSuite$0.call(Unknown Source)
	at TempTestSuite1575870424581.run(TempTestSuite1575870424581.groovy:36)]]></system-err>
      </testcase>
      <testcase name="Test Cases/HIC/STM/Slaico" classname="Test Cases/HIC/STM/Slaico" status="FAILED">
         <failure type="FAILED" message="Test Cases/HIC/STM/Slaico FAILED.
Reason:
com.kms.katalon.core.exception.StepFailedException: Unable to click on object 'Object Repository/mobileSanity/STM/STM Quote Page/button_filters' (Root cause: org.openqa.selenium.WebDriverException: unknown error: Element &lt;button type=&quot;button&quot; class=&quot;js-toggle-others c-filter-toggle-v3 &quot;>...&lt;/button> is not clickable at point (173, 138). Other element would receive the click: &lt;p class=&quot;leadBox--subheader&quot;>...&lt;/p>
  (Session info: chrome=78.0.3904.108)
  (Driver info: chromedriver=2.43.600210 (68dcf5eebde37173d4027fa8635e332711d2874a),platform=Windows NT 6.3.9600 x86_64) (WARNING: The server did not provide any stacktrace information)
Command duration or timeout: 0 milliseconds
Build info: version: '3.7.1', revision: '8a0099a', time: '2017-11-06T21:07:36.161Z'
System info: host: 'WIN-U215233FMVE', ip: '172.30.0.53', os.name: 'Windows Server 2012 R2', os.arch: 'amd64', os.version: '6.3', java.version: '1.8.0_181'
Driver info: com.kms.katalon.selenium.driver.CChromeDriver
Capabilities {acceptInsecureCerts: false, acceptSslCerts: false, applicationCacheEnabled: false, browserConnectionEnabled: false, browserName: chrome, chrome: {chromedriverVersion: 2.43.600210 (68dcf5eebde371..., userDataDir: C:\Users\ADMINI~1\AppData\L...}, cssSelectorsEnabled: true, databaseEnabled: false, goog:chromeOptions: {debuggerAddress: localhost:52067}, handlesAlerts: true, hasTouchScreen: true, javascriptEnabled: true, locationContextEnabled: true, mobileEmulationEnabled: true, nativeEvents: true, networkConnectionEnabled: false, pageLoadStrategy: normal, platform: XP, platformName: XP, rotatable: false, setWindowRect: true, takesHeapSnapshot: true, takesScreenshot: true, unexpectedAlertBehaviour: , unhandledPromptBehavior: , version: 78.0.3904.108, webStorageEnabled: true}
Session ID: 56ba991452343b0a0bda6602306bbdb0)
	at com.kms.katalon.core.keyword.internal.KeywordMain.stepFailed(KeywordMain.groovy:36)
	at com.kms.katalon.core.webui.keyword.internal.WebUIKeywordMain.stepFailed(WebUIKeywordMain.groovy:65)
	at com.kms.katalon.core.webui.keyword.internal.WebUIKeywordMain.runKeyword(WebUIKeywordMain.groovy:27)
	at com.kms.katalon.core.webui.keyword.builtin.ClickKeyword.click(ClickKeyword.groovy:86)
	at com.kms.katalon.core.webui.keyword.builtin.ClickKeyword.execute(ClickKeyword.groovy:67)
	at com.kms.katalon.core.keyword.internal.KeywordExecutor.executeKeywordForPlatform(KeywordExecutor.groovy:53)
	at com.kms.katalon.core.webui.keyword.WebUiBuiltInKeywords.click(WebUiBuiltInKeywords.groovy:616)
	at com.kms.katalon.core.webui.keyword.WebUiBuiltInKeywords$click$2.call(Unknown Source)
	at filter_stm.run(filter_stm:28)
	at com.kms.katalon.core.main.ScriptEngine.run(ScriptEngine.java:194)
	at com.kms.katalon.core.main.ScriptEngine.runScriptAsRawText(ScriptEngine.java:119)
	at com.kms.katalon.core.main.TestCaseExecutor.runScript(TestCaseExecutor.java:328)
	at com.kms.katalon.core.main.TestCaseExecutor.doExecute(TestCaseExecutor.java:319)
	at com.kms.katalon.core.main.TestCaseExecutor.processExecutionPhase(TestCaseExecutor.java:298)
	at com.kms.katalon.core.main.TestCaseExecutor.accessMainPhase(TestCaseExecutor.java:290)
	at com.kms.katalon.core.main.TestCaseExecutor.execute(TestCaseExecutor.java:224)
	at com.kms.katalon.core.main.TestCaseMain.runTestCase(TestCaseMain.java:106)
	at com.kms.katalon.core.keyword.builtin.CallTestCaseKeyword$_callTestCase_closure1.doCall(CallTestCaseKeyword.groovy:59)
	at com.kms.katalon.core.keyword.builtin.CallTestCaseKeyword$_callTestCase_closure1.call(CallTestCaseKeyword.groovy)
	at com.kms.katalon.core.keyword.internal.KeywordMain.runKeyword(KeywordMain.groovy:54)
	at com.kms.katalon.core.keyword.builtin.CallTestCaseKeyword.callTestCase(CallTestCaseKeyword.groovy:80)
	at com.kms.katalon.core.keyword.builtin.CallTestCaseKeyword.execute(CallTestCaseKeyword.groovy:44)
	at com.kms.katalon.core.keyword.internal.KeywordExecutor.executeKeywordForPlatform(KeywordExecutor.groovy:53)
	at com.kms.katalon.core.keyword.BuiltinKeywords.callTestCase(BuiltinKeywords.groovy:334)
	at Slaico.run(Slaico:35)
	at com.kms.katalon.core.main.ScriptEngine.run(ScriptEngine.java:194)
	at com.kms.katalon.core.main.ScriptEngine.runScriptAsRawText(ScriptEngine.java:119)
	at com.kms.katalon.core.main.TestCaseExecutor.runScript(TestCaseExecutor.java:328)
	at com.kms.katalon.core.main.TestCaseExecutor.doExecute(TestCaseExecutor.java:319)
	at com.kms.katalon.core.main.TestCaseExecutor.processExecutionPhase(TestCaseExecutor.java:298)
	at com.kms.katalon.core.main.TestCaseExecutor.accessMainPhase(TestCaseExecutor.java:290)
	at com.kms.katalon.core.main.TestCaseExecutor.execute(TestCaseExecutor.java:224)
	at com.kms.katalon.core.main.TestSuiteExecutor.accessTestCaseMainPhase(TestSuiteExecutor.java:129)
	at com.kms.katalon.core.main.TestSuiteExecutor.accessTestSuiteMainPhase(TestSuiteExecutor.java:112)
	at com.kms.katalon.core.main.TestSuiteExecutor.execute(TestSuiteExecutor.java:81)
	at com.kms.katalon.core.main.TestCaseMain.startTestSuite(TestCaseMain.java:149)
	at com.kms.katalon.core.main.TestCaseMain$startTestSuite$0.call(Unknown Source)
	at TempTestSuite1575870424581.run(TempTestSuite1575870424581.groovy:36)
"/>
         <system-out><![CDATA[2019-12-09 01:12:29 - [TEST_CASE][FAILED] - Test Cases/HIC/STM/Slaico: Test Cases/HIC/STM/Slaico FAILED.
Reason:
com.kms.katalon.core.exception.StepFailedException: Unable to click on object 'Object Repository/mobileSanity/STM/STM Quote Page/button_filters' (Root cause: org.openqa.selenium.WebDriverException: unknown error: Element <button type="button" class="js-toggle-others c-filter-toggle-v3 ">...</button> is not clickable at point (173, 138). Other element would receive the click: <p class="leadBox--subheader">...</p>
  (Session info: chrome=78.0.3904.108)
  (Driver info: chromedriver=2.43.600210 (68dcf5eebde37173d4027fa8635e332711d2874a),platform=Windows NT 6.3.9600 x86_64) (WARNING: The server did not provide any stacktrace information)
Command duration or timeout: 0 milliseconds
Build info: version: '3.7.1', revision: '8a0099a', time: '2017-11-06T21:07:36.161Z'
System info: host: 'WIN-U215233FMVE', ip: '172.30.0.53', os.name: 'Windows Server 2012 R2', os.arch: 'amd64', os.version: '6.3', java.version: '1.8.0_181'
Driver info: com.kms.katalon.selenium.driver.CChromeDriver
Capabilities {acceptInsecureCerts: false, acceptSslCerts: false, applicationCacheEnabled: false, browserConnectionEnabled: false, browserName: chrome, chrome: {chromedriverVersion: 2.43.600210 (68dcf5eebde371..., userDataDir: C:\Users\ADMINI~1\AppData\L...}, cssSelectorsEnabled: true, databaseEnabled: false, goog:chromeOptions: {debuggerAddress: localhost:52067}, handlesAlerts: true, hasTouchScreen: true, javascriptEnabled: true, locationContextEnabled: true, mobileEmulationEnabled: true, nativeEvents: true, networkConnectionEnabled: false, pageLoadStrategy: normal, platform: XP, platformName: XP, rotatable: false, setWindowRect: true, takesHeapSnapshot: true, takesScreenshot: true, unexpectedAlertBehaviour: , unhandledPromptBehavior: , version: 78.0.3904.108, webStorageEnabled: true}
Session ID: 56ba991452343b0a0bda6602306bbdb0)
	at com.kms.katalon.core.keyword.internal.KeywordMain.stepFailed(KeywordMain.groovy:36)
	at com.kms.katalon.core.webui.keyword.internal.WebUIKeywordMain.stepFailed(WebUIKeywordMain.groovy:65)
	at com.kms.katalon.core.webui.keyword.internal.WebUIKeywordMain.runKeyword(WebUIKeywordMain.groovy:27)
	at com.kms.katalon.core.webui.keyword.builtin.ClickKeyword.click(ClickKeyword.groovy:86)
	at com.kms.katalon.core.webui.keyword.builtin.ClickKeyword.execute(ClickKeyword.groovy:67)
	at com.kms.katalon.core.keyword.internal.KeywordExecutor.executeKeywordForPlatform(KeywordExecutor.groovy:53)
	at com.kms.katalon.core.webui.keyword.WebUiBuiltInKeywords.click(WebUiBuiltInKeywords.groovy:616)
	at com.kms.katalon.core.webui.keyword.WebUiBuiltInKeywords$click$2.call(Unknown Source)
	at filter_stm.run(filter_stm:28)
	at com.kms.katalon.core.main.ScriptEngine.run(ScriptEngine.java:194)
	at com.kms.katalon.core.main.ScriptEngine.runScriptAsRawText(ScriptEngine.java:119)
	at com.kms.katalon.core.main.TestCaseExecutor.runScript(TestCaseExecutor.java:328)
	at com.kms.katalon.core.main.TestCaseExecutor.doExecute(TestCaseExecutor.java:319)
	at com.kms.katalon.core.main.TestCaseExecutor.processExecutionPhase(TestCaseExecutor.java:298)
	at com.kms.katalon.core.main.TestCaseExecutor.accessMainPhase(TestCaseExecutor.java:290)
	at com.kms.katalon.core.main.TestCaseExecutor.execute(TestCaseExecutor.java:224)
	at com.kms.katalon.core.main.TestCaseMain.runTestCase(TestCaseMain.java:106)
	at com.kms.katalon.core.keyword.builtin.CallTestCaseKeyword$_callTestCase_closure1.doCall(CallTestCaseKeyword.groovy:59)
	at com.kms.katalon.core.keyword.builtin.CallTestCaseKeyword$_callTestCase_closure1.call(CallTestCaseKeyword.groovy)
	at com.kms.katalon.core.keyword.internal.KeywordMain.runKeyword(KeywordMain.groovy:54)
	at com.kms.katalon.core.keyword.builtin.CallTestCaseKeyword.callTestCase(CallTestCaseKeyword.groovy:80)
	at com.kms.katalon.core.keyword.builtin.CallTestCaseKeyword.execute(CallTestCaseKeyword.groovy:44)
	at com.kms.katalon.core.keyword.internal.KeywordExecutor.executeKeywordForPlatform(KeywordExecutor.groovy:53)
	at com.kms.katalon.core.keyword.BuiltinKeywords.callTestCase(BuiltinKeywords.groovy:334)
	at Slaico.run(Slaico:35)
	at com.kms.katalon.core.main.ScriptEngine.run(ScriptEngine.java:194)
	at com.kms.katalon.core.main.ScriptEngine.runScriptAsRawText(ScriptEngine.java:119)
	at com.kms.katalon.core.main.TestCaseExecutor.runScript(TestCaseExecutor.java:328)
	at com.kms.katalon.core.main.TestCaseExecutor.doExecute(TestCaseExecutor.java:319)
	at com.kms.katalon.core.main.TestCaseExecutor.processExecutionPhase(TestCaseExecutor.java:298)
	at com.kms.katalon.core.main.TestCaseExecutor.accessMainPhase(TestCaseExecutor.java:290)
	at com.kms.katalon.core.main.TestCaseExecutor.execute(TestCaseExecutor.java:224)
	at com.kms.katalon.core.main.TestSuiteExecutor.accessTestCaseMainPhase(TestSuiteExecutor.java:129)
	at com.kms.katalon.core.main.TestSuiteExecutor.accessTestSuiteMainPhase(TestSuiteExecutor.java:112)
	at com.kms.katalon.core.main.TestSuiteExecutor.execute(TestSuiteExecutor.java:81)
	at com.kms.katalon.core.main.TestCaseMain.startTestSuite(TestCaseMain.java:149)
	at com.kms.katalon.core.main.TestCaseMain$startTestSuite$0.call(Unknown Source)
	at TempTestSuite1575870424581.run(TempTestSuite1575870424581.groovy:36)


2019-12-09 01:12:30 - [TEST_STEP][PASSED] - callTestCase(findTestCase("HIC/_include/get_hicScreenPath"), ["project":"HIC", "productLine":"STM", "carrierName":"Slaico"], CONTINUE_ON_FAILURE): Call Test Case 'Test Cases/HIC/_include/get_hicScreenPath' successfully

2019-12-09 01:12:30 - [TEST_CASE][PASSED] - Test Cases/HIC/_include/get_hicScreenPath: Test Cases/HIC/_include/get_hicScreenPath

2019-12-09 01:12:30 - [TEST_STEP][PASSED] - m = getExecutionProperties(): null

2019-12-09 01:12:30 - [TEST_STEP][PASSED] - deviceName = get("mobileEmulation").get("deviceName"): null

2019-12-09 01:12:30 - [TEST_STEP][PASSED] - println(deviceName): null

2019-12-09 01:12:30 - [TEST_STEP][PASSED] - now = new java.util.Date(): null

2019-12-09 01:12:30 - [TEST_STEP][PASSED] - mydate = now.format("yyyyMMdd_HHmmss"): null

2019-12-09 01:12:30 - [TEST_STEP][PASSED] - screenPath = "../Screenshots/": null

2019-12-09 01:12:30 - [TEST_STEP][PASSED] - screenPath = screenPath + deviceName + "/" + project + "/" + productLine + "/" + carrierName + "/" + mydate + "/": null

2019-12-09 01:12:30 - [TEST_STEP][PASSED] - println(screenPath): null

2019-12-09 01:12:30 - [MESSAGE][PASSED] - Call Test Case 'Test Cases/HIC/_include/get_hicScreenPath' successfully

2019-12-09 01:12:30 - [TEST_STEP][PASSED] - i = 0: null

2019-12-09 01:12:30 - [TEST_STEP][PASSED] - callTestCase(findTestCase("AHI/_include/openWebSite"), ["env":"https://qa.healthinsurance.com/"], CONTINUE_ON_FAILURE): Call Test Case 'Test Cases/AHI/_include/openWebSite' successfully

2019-12-09 01:12:30 - [TEST_CASE][PASSED] - Test Cases/AHI/_include/openWebSite: Test Cases/AHI/_include/openWebSite

2019-12-09 01:12:30 - [TEST_STEP][PASSED] - openBrowser(env): Browser is opened with url: 'https://qa.healthinsurance.com/'

2019-12-09 01:12:30 - [MESSAGE][WARNING] - A browser is already opened. Closing browser and opening a new one

2019-12-09 01:12:32 - [MESSAGE][INFO] - Starting 'Chrome' driver

2019-12-09 01:12:32 - [MESSAGE][INFO] - User set preference: ['mobileEmulation', '{deviceName=iPhone 6}']

2019-12-09 01:12:32 - [MESSAGE][INFO] - User set preference: ['args', '[--incognito, --aggressive-cache-discard, --window-size=375,677, --no-sandbox]']

2019-12-09 01:12:38 - [MESSAGE][PASSED] - Browser is opened with url: 'https://qa.healthinsurance.com/'

2019-12-09 01:12:38 - [TEST_STEP][PASSED] - waitForPageLoad(20): Wait for page load successfully

2019-12-09 01:12:39 - [MESSAGE][PASSED] - Wait for page load successfully

2019-12-09 01:12:39 - [TEST_STEP][PASSED] - callTestCase(findTestCase("AHI/_include/get_screenshot"), [:], STOP_ON_FAILURE): Call Test Case 'Test Cases/AHI/_include/get_screenshot' successfully

2019-12-09 01:12:39 - [TEST_CASE][PASSED] - Test Cases/AHI/_include/get_screenshot: Test Cases/AHI/_include/get_screenshot

2019-12-09 01:12:39 - [TEST_STEP][PASSED] - takeScreenshot(screenPath + i + ".png"): Taking screenshot successfully

2019-12-09 01:12:40 - [MESSAGE][PASSED] - Taking screenshot successfully
[[ATTACHMENT|D:\\Test\\AgileTest\\Reports\\HIC\\hic\\20191209_004704\\../Screenshots/iPhone 6/HIC/STM/Slaico/20191209_011230/0.png]]

2019-12-09 01:12:40 - [TEST_STEP][PASSED] - (internal.GlobalVariable.i++): null

2019-12-09 01:12:40 - [MESSAGE][PASSED] - Call Test Case 'Test Cases/AHI/_include/get_screenshot' successfully

2019-12-09 01:12:40 - [MESSAGE][PASSED] - Call Test Case 'Test Cases/AHI/_include/openWebSite' successfully

2019-12-09 01:12:40 - [TEST_STEP][PASSED] - click(findTestObject("hic/nav/navButton")): Object: 'Object Repository/hic/nav/navButton' is clicked on

2019-12-09 01:12:40 - [MESSAGE][PASSED] - Object: 'Object Repository/hic/nav/navButton' is clicked on

2019-12-09 01:12:40 - [TEST_STEP][PASSED] - Thread.sleep(2000): null

2019-12-09 01:12:42 - [TEST_STEP][PASSED] - click(findTestObject("hic/nav/stmLink")): Object: 'Object Repository/hic/nav/stmLink' is clicked on

2019-12-09 01:12:43 - [MESSAGE][PASSED] - Object: 'Object Repository/hic/nav/stmLink' is clicked on

2019-12-09 01:12:43 - [TEST_STEP][PASSED] - Thread.sleep(2000): null

2019-12-09 01:12:45 - [TEST_STEP][PASSED] - callTestCase(findTestCase("AHI/_include/get_screenshot"), [:], STOP_ON_FAILURE): Call Test Case 'Test Cases/AHI/_include/get_screenshot' successfully

2019-12-09 01:12:45 - [TEST_CASE][PASSED] - Test Cases/AHI/_include/get_screenshot: Test Cases/AHI/_include/get_screenshot

2019-12-09 01:12:45 - [TEST_STEP][PASSED] - takeScreenshot(screenPath + i + ".png"): Taking screenshot successfully

2019-12-09 01:12:46 - [MESSAGE][PASSED] - Taking screenshot successfully
[[ATTACHMENT|D:\\Test\\AgileTest\\Reports\\HIC\\hic\\20191209_004704\\../Screenshots/iPhone 6/HIC/STM/Slaico/20191209_011230/1.png]]

2019-12-09 01:12:46 - [TEST_STEP][PASSED] - (internal.GlobalVariable.i++): null

2019-12-09 01:12:46 - [MESSAGE][PASSED] - Call Test Case 'Test Cases/AHI/_include/get_screenshot' successfully

2019-12-09 01:12:46 - [TEST_STEP][PASSED] - callTestCase(findTestCase("HIC/_include/stm_census"), ["zipcode":"60602"], STOP_ON_FAILURE): Call Test Case 'Test Cases/HIC/_include/stm_census' successfully

2019-12-09 01:12:46 - [TEST_CASE][PASSED] - Test Cases/HIC/_include/stm_census: Test Cases/HIC/_include/stm_census

2019-12-09 01:12:46 - [TEST_STEP][PASSED] - setText(findTestObject("hic/stm/zip"), zipcode): Text '60602' is set on object 'Object Repository/hic/stm/zip'

2019-12-09 01:12:48 - [MESSAGE][PASSED] - Text '60602' is set on object 'Object Repository/hic/stm/zip'

2019-12-09 01:12:48 - [TEST_STEP][PASSED] - Thread.sleep(500): null

2019-12-09 01:12:48 - [TEST_STEP][PASSED] - setText(findTestObject("hic/stm/primaryDOB"), "03031987"): Text '03031987' is set on object 'Object Repository/hic/stm/primaryDOB'

2019-12-09 01:12:52 - [MESSAGE][PASSED] - Text '03031987' is set on object 'Object Repository/hic/stm/primaryDOB'

2019-12-09 01:12:52 - [TEST_STEP][PASSED] - click(findTestObject("hic/stm/female")): Object: 'Object Repository/hic/stm/female' is clicked on

2019-12-09 01:12:52 - [MESSAGE][PASSED] - Object: 'Object Repository/hic/stm/female' is clicked on

2019-12-09 01:12:52 - [TEST_STEP][PASSED] - Thread.sleep(3000): null

2019-12-09 01:12:55 - [TEST_STEP][PASSED] - click(findTestObject("hic/stm/submitButton")): Object: 'Object Repository/hic/stm/submitButton' is clicked on

2019-12-09 01:13:03 - [MESSAGE][PASSED] - Object: 'Object Repository/hic/stm/submitButton' is clicked on

2019-12-09 01:13:03 - [TEST_STEP][PASSED] - Thread.sleep(6000): null

2019-12-09 01:13:09 - [TEST_STEP][PASSED] - callTestCase(findTestCase("AHI/_include/get_screenshot"), [:], STOP_ON_FAILURE): Call Test Case 'Test Cases/AHI/_include/get_screenshot' successfully

2019-12-09 01:13:09 - [TEST_CASE][PASSED] - Test Cases/AHI/_include/get_screenshot: Test Cases/AHI/_include/get_screenshot

2019-12-09 01:13:09 - [TEST_STEP][PASSED] - takeScreenshot(screenPath + i + ".png"): Taking screenshot successfully

2019-12-09 01:13:10 - [MESSAGE][PASSED] - Taking screenshot successfully
[[ATTACHMENT|D:\\Test\\AgileTest\\Reports\\HIC\\hic\\20191209_004704\\../Screenshots/iPhone 6/HIC/STM/Slaico/20191209_011230/2.png]]

2019-12-09 01:13:10 - [TEST_STEP][PASSED] - (internal.GlobalVariable.i++): null

2019-12-09 01:13:10 - [MESSAGE][PASSED] - Call Test Case 'Test Cases/AHI/_include/get_screenshot' successfully

2019-12-09 01:13:10 - [TEST_STEP][PASSED] - Thread.sleep(1000): null

2019-12-09 01:13:11 - [MESSAGE][PASSED] - Call Test Case 'Test Cases/HIC/_include/stm_census' successfully

2019-12-09 01:13:11 - [TEST_STEP][FAILED] - callTestCase(findTestCase("AHI/_include/filter_stm"), ["carrier":"slaico"], STOP_ON_FAILURE): callTestCase(findTestCase("AHI/_include/filter_stm"), ["carrier":"slaico"], STOP_ON_FAILURE) FAILED.
Reason:
com.kms.katalon.core.exception.StepFailedException: Unable to click on object 'Object Repository/mobileSanity/STM/STM Quote Page/button_filters' (Root cause: org.openqa.selenium.WebDriverException: unknown error: Element <button type="button" class="js-toggle-others c-filter-toggle-v3 ">...</button> is not clickable at point (173, 138). Other element would receive the click: <p class="leadBox--subheader">...</p>
  (Session info: chrome=78.0.3904.108)
  (Driver info: chromedriver=2.43.600210 (68dcf5eebde37173d4027fa8635e332711d2874a),platform=Windows NT 6.3.9600 x86_64) (WARNING: The server did not provide any stacktrace information)
Command duration or timeout: 0 milliseconds
Build info: version: '3.7.1', revision: '8a0099a', time: '2017-11-06T21:07:36.161Z'
System info: host: 'WIN-U215233FMVE', ip: '172.30.0.53', os.name: 'Windows Server 2012 R2', os.arch: 'amd64', os.version: '6.3', java.version: '1.8.0_181'
Driver info: com.kms.katalon.selenium.driver.CChromeDriver
Capabilities {acceptInsecureCerts: false, acceptSslCerts: false, applicationCacheEnabled: false, browserConnectionEnabled: false, browserName: chrome, chrome: {chromedriverVersion: 2.43.600210 (68dcf5eebde371..., userDataDir: C:\Users\ADMINI~1\AppData\L...}, cssSelectorsEnabled: true, databaseEnabled: false, goog:chromeOptions: {debuggerAddress: localhost:52067}, handlesAlerts: true, hasTouchScreen: true, javascriptEnabled: true, locationContextEnabled: true, mobileEmulationEnabled: true, nativeEvents: true, networkConnectionEnabled: false, pageLoadStrategy: normal, platform: XP, platformName: XP, rotatable: false, setWindowRect: true, takesHeapSnapshot: true, takesScreenshot: true, unexpectedAlertBehaviour: , unhandledPromptBehavior: , version: 78.0.3904.108, webStorageEnabled: true}
Session ID: 56ba991452343b0a0bda6602306bbdb0)
	at com.kms.katalon.core.keyword.internal.KeywordMain.stepFailed(KeywordMain.groovy:36)
	at com.kms.katalon.core.webui.keyword.internal.WebUIKeywordMain.stepFailed(WebUIKeywordMain.groovy:65)
	at com.kms.katalon.core.webui.keyword.internal.WebUIKeywordMain.runKeyword(WebUIKeywordMain.groovy:27)
	at com.kms.katalon.core.webui.keyword.builtin.ClickKeyword.click(ClickKeyword.groovy:86)
	at com.kms.katalon.core.webui.keyword.builtin.ClickKeyword.execute(ClickKeyword.groovy:67)
	at com.kms.katalon.core.keyword.internal.KeywordExecutor.executeKeywordForPlatform(KeywordExecutor.groovy:53)
	at com.kms.katalon.core.webui.keyword.WebUiBuiltInKeywords.click(WebUiBuiltInKeywords.groovy:616)
	at com.kms.katalon.core.webui.keyword.WebUiBuiltInKeywords$click$2.call(Unknown Source)
	at filter_stm.run(filter_stm:28)
	at com.kms.katalon.core.main.ScriptEngine.run(ScriptEngine.java:194)
	at com.kms.katalon.core.main.ScriptEngine.runScriptAsRawText(ScriptEngine.java:119)
	at com.kms.katalon.core.main.TestCaseExecutor.runScript(TestCaseExecutor.java:328)
	at com.kms.katalon.core.main.TestCaseExecutor.doExecute(TestCaseExecutor.java:319)
	at com.kms.katalon.core.main.TestCaseExecutor.processExecutionPhase(TestCaseExecutor.java:298)
	at com.kms.katalon.core.main.TestCaseExecutor.accessMainPhase(TestCaseExecutor.java:290)
	at com.kms.katalon.core.main.TestCaseExecutor.execute(TestCaseExecutor.java:224)
	at com.kms.katalon.core.main.TestCaseMain.runTestCase(TestCaseMain.java:106)
	at com.kms.katalon.core.keyword.builtin.CallTestCaseKeyword$_callTestCase_closure1.doCall(CallTestCaseKeyword.groovy:59)
	at com.kms.katalon.core.keyword.builtin.CallTestCaseKeyword$_callTestCase_closure1.call(CallTestCaseKeyword.groovy)
	at com.kms.katalon.core.keyword.internal.KeywordMain.runKeyword(KeywordMain.groovy:54)
	at com.kms.katalon.core.keyword.builtin.CallTestCaseKeyword.callTestCase(CallTestCaseKeyword.groovy:80)
	at com.kms.katalon.core.keyword.builtin.CallTestCaseKeyword.execute(CallTestCaseKeyword.groovy:44)
	at com.kms.katalon.core.keyword.internal.KeywordExecutor.executeKeywordForPlatform(KeywordExecutor.groovy:53)
	at com.kms.katalon.core.keyword.BuiltinKeywords.callTestCase(BuiltinKeywords.groovy:334)
	at Slaico.run(Slaico:35)
	at com.kms.katalon.core.main.ScriptEngine.run(ScriptEngine.java:194)
	at com.kms.katalon.core.main.ScriptEngine.runScriptAsRawText(ScriptEngine.java:119)
	at com.kms.katalon.core.main.TestCaseExecutor.runScript(TestCaseExecutor.java:328)
	at com.kms.katalon.core.main.TestCaseExecutor.doExecute(TestCaseExecutor.java:319)
	at com.kms.katalon.core.main.TestCaseExecutor.processExecutionPhase(TestCaseExecutor.java:298)
	at com.kms.katalon.core.main.TestCaseExecutor.accessMainPhase(TestCaseExecutor.java:290)
	at com.kms.katalon.core.main.TestCaseExecutor.execute(TestCaseExecutor.java:224)
	at com.kms.katalon.core.main.TestSuiteExecutor.accessTestCaseMainPhase(TestSuiteExecutor.java:129)
	at com.kms.katalon.core.main.TestSuiteExecutor.accessTestSuiteMainPhase(TestSuiteExecutor.java:112)
	at com.kms.katalon.core.main.TestSuiteExecutor.execute(TestSuiteExecutor.java:81)
	at com.kms.katalon.core.main.TestCaseMain.startTestSuite(TestCaseMain.java:149)
	at com.kms.katalon.core.main.TestCaseMain$startTestSuite$0.call(Unknown Source)
	at TempTestSuite1575870424581.run(TempTestSuite1575870424581.groovy:36)


2019-12-09 01:13:11 - [TEST_CASE][FAILED] - Test Cases/AHI/_include/filter_stm: Test Cases/AHI/_include/filter_stm FAILED.
Reason:
com.kms.katalon.core.exception.StepFailedException: Unable to click on object 'Object Repository/mobileSanity/STM/STM Quote Page/button_filters' (Root cause: org.openqa.selenium.WebDriverException: unknown error: Element <button type="button" class="js-toggle-others c-filter-toggle-v3 ">...</button> is not clickable at point (173, 138). Other element would receive the click: <p class="leadBox--subheader">...</p>
  (Session info: chrome=78.0.3904.108)
  (Driver info: chromedriver=2.43.600210 (68dcf5eebde37173d4027fa8635e332711d2874a),platform=Windows NT 6.3.9600 x86_64) (WARNING: The server did not provide any stacktrace information)
Command duration or timeout: 0 milliseconds
Build info: version: '3.7.1', revision: '8a0099a', time: '2017-11-06T21:07:36.161Z'
System info: host: 'WIN-U215233FMVE', ip: '172.30.0.53', os.name: 'Windows Server 2012 R2', os.arch: 'amd64', os.version: '6.3', java.version: '1.8.0_181'
Driver info: com.kms.katalon.selenium.driver.CChromeDriver
Capabilities {acceptInsecureCerts: false, acceptSslCerts: false, applicationCacheEnabled: false, browserConnectionEnabled: false, browserName: chrome, chrome: {chromedriverVersion: 2.43.600210 (68dcf5eebde371..., userDataDir: C:\Users\ADMINI~1\AppData\L...}, cssSelectorsEnabled: true, databaseEnabled: false, goog:chromeOptions: {debuggerAddress: localhost:52067}, handlesAlerts: true, hasTouchScreen: true, javascriptEnabled: true, locationContextEnabled: true, mobileEmulationEnabled: true, nativeEvents: true, networkConnectionEnabled: false, pageLoadStrategy: normal, platform: XP, platformName: XP, rotatable: false, setWindowRect: true, takesHeapSnapshot: true, takesScreenshot: true, unexpectedAlertBehaviour: , unhandledPromptBehavior: , version: 78.0.3904.108, webStorageEnabled: true}
Session ID: 56ba991452343b0a0bda6602306bbdb0)
	at com.kms.katalon.core.keyword.internal.KeywordMain.stepFailed(KeywordMain.groovy:36)
	at com.kms.katalon.core.webui.keyword.internal.WebUIKeywordMain.stepFailed(WebUIKeywordMain.groovy:65)
	at com.kms.katalon.core.webui.keyword.internal.WebUIKeywordMain.runKeyword(WebUIKeywordMain.groovy:27)
	at com.kms.katalon.core.webui.keyword.builtin.ClickKeyword.click(ClickKeyword.groovy:86)
	at com.kms.katalon.core.webui.keyword.builtin.ClickKeyword.execute(ClickKeyword.groovy:67)
	at com.kms.katalon.core.keyword.internal.KeywordExecutor.executeKeywordForPlatform(KeywordExecutor.groovy:53)
	at com.kms.katalon.core.webui.keyword.WebUiBuiltInKeywords.click(WebUiBuiltInKeywords.groovy:616)
	at com.kms.katalon.core.webui.keyword.WebUiBuiltInKeywords$click$2.call(Unknown Source)
	at filter_stm.run(filter_stm:28)
	at com.kms.katalon.core.main.ScriptEngine.run(ScriptEngine.java:194)
	at com.kms.katalon.core.main.ScriptEngine.runScriptAsRawText(ScriptEngine.java:119)
	at com.kms.katalon.core.main.TestCaseExecutor.runScript(TestCaseExecutor.java:328)
	at com.kms.katalon.core.main.TestCaseExecutor.doExecute(TestCaseExecutor.java:319)
	at com.kms.katalon.core.main.TestCaseExecutor.processExecutionPhase(TestCaseExecutor.java:298)
	at com.kms.katalon.core.main.TestCaseExecutor.accessMainPhase(TestCaseExecutor.java:290)
	at com.kms.katalon.core.main.TestCaseExecutor.execute(TestCaseExecutor.java:224)
	at com.kms.katalon.core.main.TestCaseMain.runTestCase(TestCaseMain.java:106)
	at com.kms.katalon.core.keyword.builtin.CallTestCaseKeyword$_callTestCase_closure1.doCall(CallTestCaseKeyword.groovy:59)
	at com.kms.katalon.core.keyword.builtin.CallTestCaseKeyword$_callTestCase_closure1.call(CallTestCaseKeyword.groovy)
	at com.kms.katalon.core.keyword.internal.KeywordMain.runKeyword(KeywordMain.groovy:54)
	at com.kms.katalon.core.keyword.builtin.CallTestCaseKeyword.callTestCase(CallTestCaseKeyword.groovy:80)
	at com.kms.katalon.core.keyword.builtin.CallTestCaseKeyword.execute(CallTestCaseKeyword.groovy:44)
	at com.kms.katalon.core.keyword.internal.KeywordExecutor.executeKeywordForPlatform(KeywordExecutor.groovy:53)
	at com.kms.katalon.core.keyword.BuiltinKeywords.callTestCase(BuiltinKeywords.groovy:334)
	at Slaico.run(Slaico:35)
	at com.kms.katalon.core.main.ScriptEngine.run(ScriptEngine.java:194)
	at com.kms.katalon.core.main.ScriptEngine.runScriptAsRawText(ScriptEngine.java:119)
	at com.kms.katalon.core.main.TestCaseExecutor.runScript(TestCaseExecutor.java:328)
	at com.kms.katalon.core.main.TestCaseExecutor.doExecute(TestCaseExecutor.java:319)
	at com.kms.katalon.core.main.TestCaseExecutor.processExecutionPhase(TestCaseExecutor.java:298)
	at com.kms.katalon.core.main.TestCaseExecutor.accessMainPhase(TestCaseExecutor.java:290)
	at com.kms.katalon.core.main.TestCaseExecutor.execute(TestCaseExecutor.java:224)
	at com.kms.katalon.core.main.TestSuiteExecutor.accessTestCaseMainPhase(TestSuiteExecutor.java:129)
	at com.kms.katalon.core.main.TestSuiteExecutor.accessTestSuiteMainPhase(TestSuiteExecutor.java:112)
	at com.kms.katalon.core.main.TestSuiteExecutor.execute(TestSuiteExecutor.java:81)
	at com.kms.katalon.core.main.TestCaseMain.startTestSuite(TestCaseMain.java:149)
	at com.kms.katalon.core.main.TestCaseMain$startTestSuite$0.call(Unknown Source)
	at TempTestSuite1575870424581.run(TempTestSuite1575870424581.groovy:36)


2019-12-09 01:13:11 - [TEST_STEP][PASSED] - driver = getWebDriver(): null

2019-12-09 01:13:11 - [TEST_STEP][PASSED] - selenium = new com.thoughtworks.selenium.webdriven.WebDriverBackedSelenium(driver, internal.GlobalVariable.ENV): null

2019-12-09 01:13:11 - [TEST_STEP][PASSED] - Thread.sleep(1000): null

2019-12-09 01:13:12 - [TEST_STEP][FAILED] - click(findTestObject("mobileSanity/STM/STM Quote Page/button_filters")): click(findTestObject("mobileSanity/STM/STM Quote Page/button_filters")) FAILED.
Reason:
com.kms.katalon.core.exception.StepFailedException: Unable to click on object 'Object Repository/mobileSanity/STM/STM Quote Page/button_filters' (Root cause: org.openqa.selenium.WebDriverException: unknown error: Element <button type="button" class="js-toggle-others c-filter-toggle-v3 ">...</button> is not clickable at point (173, 138). Other element would receive the click: <p class="leadBox--subheader">...</p>
  (Session info: chrome=78.0.3904.108)
  (Driver info: chromedriver=2.43.600210 (68dcf5eebde37173d4027fa8635e332711d2874a),platform=Windows NT 6.3.9600 x86_64) (WARNING: The server did not provide any stacktrace information)
Command duration or timeout: 0 milliseconds
Build info: version: '3.7.1', revision: '8a0099a', time: '2017-11-06T21:07:36.161Z'
System info: host: 'WIN-U215233FMVE', ip: '172.30.0.53', os.name: 'Windows Server 2012 R2', os.arch: 'amd64', os.version: '6.3', java.version: '1.8.0_181'
Driver info: com.kms.katalon.selenium.driver.CChromeDriver
Capabilities {acceptInsecureCerts: false, acceptSslCerts: false, applicationCacheEnabled: false, browserConnectionEnabled: false, browserName: chrome, chrome: {chromedriverVersion: 2.43.600210 (68dcf5eebde371..., userDataDir: C:\Users\ADMINI~1\AppData\L...}, cssSelectorsEnabled: true, databaseEnabled: false, goog:chromeOptions: {debuggerAddress: localhost:52067}, handlesAlerts: true, hasTouchScreen: true, javascriptEnabled: true, locationContextEnabled: true, mobileEmulationEnabled: true, nativeEvents: true, networkConnectionEnabled: false, pageLoadStrategy: normal, platform: XP, platformName: XP, rotatable: false, setWindowRect: true, takesHeapSnapshot: true, takesScreenshot: true, unexpectedAlertBehaviour: , unhandledPromptBehavior: , version: 78.0.3904.108, webStorageEnabled: true}
Session ID: 56ba991452343b0a0bda6602306bbdb0)
	at com.kms.katalon.core.keyword.internal.KeywordMain.stepFailed(KeywordMain.groovy:36)
	at com.kms.katalon.core.webui.keyword.internal.WebUIKeywordMain.stepFailed(WebUIKeywordMain.groovy:65)
	at com.kms.katalon.core.webui.keyword.internal.WebUIKeywordMain.runKeyword(WebUIKeywordMain.groovy:27)
	at com.kms.katalon.core.webui.keyword.builtin.ClickKeyword.click(ClickKeyword.groovy:86)
	at com.kms.katalon.core.webui.keyword.builtin.ClickKeyword.execute(ClickKeyword.groovy:67)
	at com.kms.katalon.core.keyword.internal.KeywordExecutor.executeKeywordForPlatform(KeywordExecutor.groovy:53)
	at com.kms.katalon.core.webui.keyword.WebUiBuiltInKeywords.click(WebUiBuiltInKeywords.groovy:616)
	at com.kms.katalon.core.webui.keyword.WebUiBuiltInKeywords$click$2.call(Unknown Source)
	at filter_stm.run(filter_stm:28)
	at com.kms.katalon.core.main.ScriptEngine.run(ScriptEngine.java:194)
	at com.kms.katalon.core.main.ScriptEngine.runScriptAsRawText(ScriptEngine.java:119)
	at com.kms.katalon.core.main.TestCaseExecutor.runScript(TestCaseExecutor.java:328)
	at com.kms.katalon.core.main.TestCaseExecutor.doExecute(TestCaseExecutor.java:319)
	at com.kms.katalon.core.main.TestCaseExecutor.processExecutionPhase(TestCaseExecutor.java:298)
	at com.kms.katalon.core.main.TestCaseExecutor.accessMainPhase(TestCaseExecutor.java:290)
	at com.kms.katalon.core.main.TestCaseExecutor.execute(TestCaseExecutor.java:224)
	at com.kms.katalon.core.main.TestCaseMain.runTestCase(TestCaseMain.java:106)
	at com.kms.katalon.core.keyword.builtin.CallTestCaseKeyword$_callTestCase_closure1.doCall(CallTestCaseKeyword.groovy:59)
	at com.kms.katalon.core.keyword.builtin.CallTestCaseKeyword$_callTestCase_closure1.call(CallTestCaseKeyword.groovy)
	at com.kms.katalon.core.keyword.internal.KeywordMain.runKeyword(KeywordMain.groovy:54)
	at com.kms.katalon.core.keyword.builtin.CallTestCaseKeyword.callTestCase(CallTestCaseKeyword.groovy:80)
	at com.kms.katalon.core.keyword.builtin.CallTestCaseKeyword.execute(CallTestCaseKeyword.groovy:44)
	at com.kms.katalon.core.keyword.internal.KeywordExecutor.executeKeywordForPlatform(KeywordExecutor.groovy:53)
	at com.kms.katalon.core.keyword.BuiltinKeywords.callTestCase(BuiltinKeywords.groovy:334)
	at Slaico.run(Slaico:35)
	at com.kms.katalon.core.main.ScriptEngine.run(ScriptEngine.java:194)
	at com.kms.katalon.core.main.ScriptEngine.runScriptAsRawText(ScriptEngine.java:119)
	at com.kms.katalon.core.main.TestCaseExecutor.runScript(TestCaseExecutor.java:328)
	at com.kms.katalon.core.main.TestCaseExecutor.doExecute(TestCaseExecutor.java:319)
	at com.kms.katalon.core.main.TestCaseExecutor.processExecutionPhase(TestCaseExecutor.java:298)
	at com.kms.katalon.core.main.TestCaseExecutor.accessMainPhase(TestCaseExecutor.java:290)
	at com.kms.katalon.core.main.TestCaseExecutor.execute(TestCaseExecutor.java:224)
	at com.kms.katalon.core.main.TestSuiteExecutor.accessTestCaseMainPhase(TestSuiteExecutor.java:129)
	at com.kms.katalon.core.main.TestSuiteExecutor.accessTestSuiteMainPhase(TestSuiteExecutor.java:112)
	at com.kms.katalon.core.main.TestSuiteExecutor.execute(TestSuiteExecutor.java:81)
	at com.kms.katalon.core.main.TestCaseMain.startTestSuite(TestCaseMain.java:149)
	at com.kms.katalon.core.main.TestCaseMain$startTestSuite$0.call(Unknown Source)
	at TempTestSuite1575870424581.run(TempTestSuite1575870424581.groovy:36)


2019-12-09 01:13:13 - [MESSAGE][FAILED] - Unable to click on object 'Object Repository/mobileSanity/STM/STM Quote Page/button_filters' (Root cause: org.openqa.selenium.WebDriverException: unknown error: Element <button type="button" class="js-toggle-others c-filter-toggle-v3 ">...</button> is not clickable at point (173, 138). Other element would receive the click: <p class="leadBox--subheader">...</p>
  (Session info: chrome=78.0.3904.108)
  (Driver info: chromedriver=2.43.600210 (68dcf5eebde37173d4027fa8635e332711d2874a),platform=Windows NT 6.3.9600 x86_64) (WARNING: The server did not provide any stacktrace information)
Command duration or timeout: 0 milliseconds
Build info: version: '3.7.1', revision: '8a0099a', time: '2017-11-06T21:07:36.161Z'
System info: host: 'WIN-U215233FMVE', ip: '172.30.0.53', os.name: 'Windows Server 2012 R2', os.arch: 'amd64', os.version: '6.3', java.version: '1.8.0_181'
Driver info: com.kms.katalon.selenium.driver.CChromeDriver
Capabilities {acceptInsecureCerts: false, acceptSslCerts: false, applicationCacheEnabled: false, browserConnectionEnabled: false, browserName: chrome, chrome: {chromedriverVersion: 2.43.600210 (68dcf5eebde371..., userDataDir: C:\Users\ADMINI~1\AppData\L...}, cssSelectorsEnabled: true, databaseEnabled: false, goog:chromeOptions: {debuggerAddress: localhost:52067}, handlesAlerts: true, hasTouchScreen: true, javascriptEnabled: true, locationContextEnabled: true, mobileEmulationEnabled: true, nativeEvents: true, networkConnectionEnabled: false, pageLoadStrategy: normal, platform: XP, platformName: XP, rotatable: false, setWindowRect: true, takesHeapSnapshot: true, takesScreenshot: true, unexpectedAlertBehaviour: , unhandledPromptBehavior: , version: 78.0.3904.108, webStorageEnabled: true}
Session ID: 56ba991452343b0a0bda6602306bbdb0)
[[ATTACHMENT|D:\\Test\\AgileTest\\Reports\\HIC\\hic\\20191209_004704\\1575871992735.png]]

2019-12-09 01:13:13 - [MESSAGE][FAILED] - click(findTestObject("mobileSanity/STM/STM Quote Page/button_filters")) FAILED.
Reason:
com.kms.katalon.core.exception.StepFailedException: Unable to click on object 'Object Repository/mobileSanity/STM/STM Quote Page/button_filters' (Root cause: org.openqa.selenium.WebDriverException: unknown error: Element <button type="button" class="js-toggle-others c-filter-toggle-v3 ">...</button> is not clickable at point (173, 138). Other element would receive the click: <p class="leadBox--subheader">...</p>
  (Session info: chrome=78.0.3904.108)
  (Driver info: chromedriver=2.43.600210 (68dcf5eebde37173d4027fa8635e332711d2874a),platform=Windows NT 6.3.9600 x86_64) (WARNING: The server did not provide any stacktrace information)
Command duration or timeout: 0 milliseconds
Build info: version: '3.7.1', revision: '8a0099a', time: '2017-11-06T21:07:36.161Z'
System info: host: 'WIN-U215233FMVE', ip: '172.30.0.53', os.name: 'Windows Server 2012 R2', os.arch: 'amd64', os.version: '6.3', java.version: '1.8.0_181'
Driver info: com.kms.katalon.selenium.driver.CChromeDriver
Capabilities {acceptInsecureCerts: false, acceptSslCerts: false, applicationCacheEnabled: false, browserConnectionEnabled: false, browserName: chrome, chrome: {chromedriverVersion: 2.43.600210 (68dcf5eebde371..., userDataDir: C:\Users\ADMINI~1\AppData\L...}, cssSelectorsEnabled: true, databaseEnabled: false, goog:chromeOptions: {debuggerAddress: localhost:52067}, handlesAlerts: true, hasTouchScreen: true, javascriptEnabled: true, locationContextEnabled: true, mobileEmulationEnabled: true, nativeEvents: true, networkConnectionEnabled: false, pageLoadStrategy: normal, platform: XP, platformName: XP, rotatable: false, setWindowRect: true, takesHeapSnapshot: true, takesScreenshot: true, unexpectedAlertBehaviour: , unhandledPromptBehavior: , version: 78.0.3904.108, webStorageEnabled: true}
Session ID: 56ba991452343b0a0bda6602306bbdb0)
	at com.kms.katalon.core.keyword.internal.KeywordMain.stepFailed(KeywordMain.groovy:36)
	at com.kms.katalon.core.webui.keyword.internal.WebUIKeywordMain.stepFailed(WebUIKeywordMain.groovy:65)
	at com.kms.katalon.core.webui.keyword.internal.WebUIKeywordMain.runKeyword(WebUIKeywordMain.groovy:27)
	at com.kms.katalon.core.webui.keyword.builtin.ClickKeyword.click(ClickKeyword.groovy:86)
	at com.kms.katalon.core.webui.keyword.builtin.ClickKeyword.execute(ClickKeyword.groovy:67)
	at com.kms.katalon.core.keyword.internal.KeywordExecutor.executeKeywordForPlatform(KeywordExecutor.groovy:53)
	at com.kms.katalon.core.webui.keyword.WebUiBuiltInKeywords.click(WebUiBuiltInKeywords.groovy:616)
	at com.kms.katalon.core.webui.keyword.WebUiBuiltInKeywords$click$2.call(Unknown Source)
	at filter_stm.run(filter_stm:28)
	at com.kms.katalon.core.main.ScriptEngine.run(ScriptEngine.java:194)
	at com.kms.katalon.core.main.ScriptEngine.runScriptAsRawText(ScriptEngine.java:119)
	at com.kms.katalon.core.main.TestCaseExecutor.runScript(TestCaseExecutor.java:328)
	at com.kms.katalon.core.main.TestCaseExecutor.doExecute(TestCaseExecutor.java:319)
	at com.kms.katalon.core.main.TestCaseExecutor.processExecutionPhase(TestCaseExecutor.java:298)
	at com.kms.katalon.core.main.TestCaseExecutor.accessMainPhase(TestCaseExecutor.java:290)
	at com.kms.katalon.core.main.TestCaseExecutor.execute(TestCaseExecutor.java:224)
	at com.kms.katalon.core.main.TestCaseMain.runTestCase(TestCaseMain.java:106)
	at com.kms.katalon.core.keyword.builtin.CallTestCaseKeyword$_callTestCase_closure1.doCall(CallTestCaseKeyword.groovy:59)
	at com.kms.katalon.core.keyword.builtin.CallTestCaseKeyword$_callTestCase_closure1.call(CallTestCaseKeyword.groovy)
	at com.kms.katalon.core.keyword.internal.KeywordMain.runKeyword(KeywordMain.groovy:54)
	at com.kms.katalon.core.keyword.builtin.CallTestCaseKeyword.callTestCase(CallTestCaseKeyword.groovy:80)
	at com.kms.katalon.core.keyword.builtin.CallTestCaseKeyword.execute(CallTestCaseKeyword.groovy:44)
	at com.kms.katalon.core.keyword.internal.KeywordExecutor.executeKeywordForPlatform(KeywordExecutor.groovy:53)
	at com.kms.katalon.core.keyword.BuiltinKeywords.callTestCase(BuiltinKeywords.groovy:334)
	at Slaico.run(Slaico:35)
	at com.kms.katalon.core.main.ScriptEngine.run(ScriptEngine.java:194)
	at com.kms.katalon.core.main.ScriptEngine.runScriptAsRawText(ScriptEngine.java:119)
	at com.kms.katalon.core.main.TestCaseExecutor.runScript(TestCaseExecutor.java:328)
	at com.kms.katalon.core.main.TestCaseExecutor.doExecute(TestCaseExecutor.java:319)
	at com.kms.katalon.core.main.TestCaseExecutor.processExecutionPhase(TestCaseExecutor.java:298)
	at com.kms.katalon.core.main.TestCaseExecutor.accessMainPhase(TestCaseExecutor.java:290)
	at com.kms.katalon.core.main.TestCaseExecutor.execute(TestCaseExecutor.java:224)
	at com.kms.katalon.core.main.TestSuiteExecutor.accessTestCaseMainPhase(TestSuiteExecutor.java:129)
	at com.kms.katalon.core.main.TestSuiteExecutor.accessTestSuiteMainPhase(TestSuiteExecutor.java:112)
	at com.kms.katalon.core.main.TestSuiteExecutor.execute(TestSuiteExecutor.java:81)
	at com.kms.katalon.core.main.TestCaseMain.startTestSuite(TestCaseMain.java:149)
	at com.kms.katalon.core.main.TestCaseMain$startTestSuite$0.call(Unknown Source)
	at TempTestSuite1575870424581.run(TempTestSuite1575870424581.groovy:36)


2019-12-09 01:13:13 - [MESSAGE][FAILED] - Unable to call Test Case 'Test Cases/AHI/_include/filter_stm' (Root cause: com.kms.katalon.core.exception.StepFailedException: Call Test Case 'Test Cases/AHI/_include/filter_stm' failed)

2019-12-09 01:13:13 - [MESSAGE][FAILED] - callTestCase(findTestCase("AHI/_include/filter_stm"), ["carrier":"slaico"], STOP_ON_FAILURE) FAILED.
Reason:
com.kms.katalon.core.exception.StepFailedException: Unable to click on object 'Object Repository/mobileSanity/STM/STM Quote Page/button_filters' (Root cause: org.openqa.selenium.WebDriverException: unknown error: Element <button type="button" class="js-toggle-others c-filter-toggle-v3 ">...</button> is not clickable at point (173, 138). Other element would receive the click: <p class="leadBox--subheader">...</p>
  (Session info: chrome=78.0.3904.108)
  (Driver info: chromedriver=2.43.600210 (68dcf5eebde37173d4027fa8635e332711d2874a),platform=Windows NT 6.3.9600 x86_64) (WARNING: The server did not provide any stacktrace information)
Command duration or timeout: 0 milliseconds
Build info: version: '3.7.1', revision: '8a0099a', time: '2017-11-06T21:07:36.161Z'
System info: host: 'WIN-U215233FMVE', ip: '172.30.0.53', os.name: 'Windows Server 2012 R2', os.arch: 'amd64', os.version: '6.3', java.version: '1.8.0_181'
Driver info: com.kms.katalon.selenium.driver.CChromeDriver
Capabilities {acceptInsecureCerts: false, acceptSslCerts: false, applicationCacheEnabled: false, browserConnectionEnabled: false, browserName: chrome, chrome: {chromedriverVersion: 2.43.600210 (68dcf5eebde371..., userDataDir: C:\Users\ADMINI~1\AppData\L...}, cssSelectorsEnabled: true, databaseEnabled: false, goog:chromeOptions: {debuggerAddress: localhost:52067}, handlesAlerts: true, hasTouchScreen: true, javascriptEnabled: true, locationContextEnabled: true, mobileEmulationEnabled: true, nativeEvents: true, networkConnectionEnabled: false, pageLoadStrategy: normal, platform: XP, platformName: XP, rotatable: false, setWindowRect: true, takesHeapSnapshot: true, takesScreenshot: true, unexpectedAlertBehaviour: , unhandledPromptBehavior: , version: 78.0.3904.108, webStorageEnabled: true}
Session ID: 56ba991452343b0a0bda6602306bbdb0)
	at com.kms.katalon.core.keyword.internal.KeywordMain.stepFailed(KeywordMain.groovy:36)
	at com.kms.katalon.core.webui.keyword.internal.WebUIKeywordMain.stepFailed(WebUIKeywordMain.groovy:65)
	at com.kms.katalon.core.webui.keyword.internal.WebUIKeywordMain.runKeyword(WebUIKeywordMain.groovy:27)
	at com.kms.katalon.core.webui.keyword.builtin.ClickKeyword.click(ClickKeyword.groovy:86)
	at com.kms.katalon.core.webui.keyword.builtin.ClickKeyword.execute(ClickKeyword.groovy:67)
	at com.kms.katalon.core.keyword.internal.KeywordExecutor.executeKeywordForPlatform(KeywordExecutor.groovy:53)
	at com.kms.katalon.core.webui.keyword.WebUiBuiltInKeywords.click(WebUiBuiltInKeywords.groovy:616)
	at com.kms.katalon.core.webui.keyword.WebUiBuiltInKeywords$click$2.call(Unknown Source)
	at filter_stm.run(filter_stm:28)
	at com.kms.katalon.core.main.ScriptEngine.run(ScriptEngine.java:194)
	at com.kms.katalon.core.main.ScriptEngine.runScriptAsRawText(ScriptEngine.java:119)
	at com.kms.katalon.core.main.TestCaseExecutor.runScript(TestCaseExecutor.java:328)
	at com.kms.katalon.core.main.TestCaseExecutor.doExecute(TestCaseExecutor.java:319)
	at com.kms.katalon.core.main.TestCaseExecutor.processExecutionPhase(TestCaseExecutor.java:298)
	at com.kms.katalon.core.main.TestCaseExecutor.accessMainPhase(TestCaseExecutor.java:290)
	at com.kms.katalon.core.main.TestCaseExecutor.execute(TestCaseExecutor.java:224)
	at com.kms.katalon.core.main.TestCaseMain.runTestCase(TestCaseMain.java:106)
	at com.kms.katalon.core.keyword.builtin.CallTestCaseKeyword$_callTestCase_closure1.doCall(CallTestCaseKeyword.groovy:59)
	at com.kms.katalon.core.keyword.builtin.CallTestCaseKeyword$_callTestCase_closure1.call(CallTestCaseKeyword.groovy)
	at com.kms.katalon.core.keyword.internal.KeywordMain.runKeyword(KeywordMain.groovy:54)
	at com.kms.katalon.core.keyword.builtin.CallTestCaseKeyword.callTestCase(CallTestCaseKeyword.groovy:80)
	at com.kms.katalon.core.keyword.builtin.CallTestCaseKeyword.execute(CallTestCaseKeyword.groovy:44)
	at com.kms.katalon.core.keyword.internal.KeywordExecutor.executeKeywordForPlatform(KeywordExecutor.groovy:53)
	at com.kms.katalon.core.keyword.BuiltinKeywords.callTestCase(BuiltinKeywords.groovy:334)
	at Slaico.run(Slaico:35)
	at com.kms.katalon.core.main.ScriptEngine.run(ScriptEngine.java:194)
	at com.kms.katalon.core.main.ScriptEngine.runScriptAsRawText(ScriptEngine.java:119)
	at com.kms.katalon.core.main.TestCaseExecutor.runScript(TestCaseExecutor.java:328)
	at com.kms.katalon.core.main.TestCaseExecutor.doExecute(TestCaseExecutor.java:319)
	at com.kms.katalon.core.main.TestCaseExecutor.processExecutionPhase(TestCaseExecutor.java:298)
	at com.kms.katalon.core.main.TestCaseExecutor.accessMainPhase(TestCaseExecutor.java:290)
	at com.kms.katalon.core.main.TestCaseExecutor.execute(TestCaseExecutor.java:224)
	at com.kms.katalon.core.main.TestSuiteExecutor.accessTestCaseMainPhase(TestSuiteExecutor.java:129)
	at com.kms.katalon.core.main.TestSuiteExecutor.accessTestSuiteMainPhase(TestSuiteExecutor.java:112)
	at com.kms.katalon.core.main.TestSuiteExecutor.execute(TestSuiteExecutor.java:81)
	at com.kms.katalon.core.main.TestCaseMain.startTestSuite(TestCaseMain.java:149)
	at com.kms.katalon.core.main.TestCaseMain$startTestSuite$0.call(Unknown Source)
	at TempTestSuite1575870424581.run(TempTestSuite1575870424581.groovy:36)]]></system-out>
         <system-err><![CDATA[2019-12-09 01:12:29 - [TEST_CASE][FAILED] - Test Cases/HIC/STM/Slaico: Test Cases/HIC/STM/Slaico FAILED.
Reason:
com.kms.katalon.core.exception.StepFailedException: Unable to click on object 'Object Repository/mobileSanity/STM/STM Quote Page/button_filters' (Root cause: org.openqa.selenium.WebDriverException: unknown error: Element <button type="button" class="js-toggle-others c-filter-toggle-v3 ">...</button> is not clickable at point (173, 138). Other element would receive the click: <p class="leadBox--subheader">...</p>
  (Session info: chrome=78.0.3904.108)
  (Driver info: chromedriver=2.43.600210 (68dcf5eebde37173d4027fa8635e332711d2874a),platform=Windows NT 6.3.9600 x86_64) (WARNING: The server did not provide any stacktrace information)
Command duration or timeout: 0 milliseconds
Build info: version: '3.7.1', revision: '8a0099a', time: '2017-11-06T21:07:36.161Z'
System info: host: 'WIN-U215233FMVE', ip: '172.30.0.53', os.name: 'Windows Server 2012 R2', os.arch: 'amd64', os.version: '6.3', java.version: '1.8.0_181'
Driver info: com.kms.katalon.selenium.driver.CChromeDriver
Capabilities {acceptInsecureCerts: false, acceptSslCerts: false, applicationCacheEnabled: false, browserConnectionEnabled: false, browserName: chrome, chrome: {chromedriverVersion: 2.43.600210 (68dcf5eebde371..., userDataDir: C:\Users\ADMINI~1\AppData\L...}, cssSelectorsEnabled: true, databaseEnabled: false, goog:chromeOptions: {debuggerAddress: localhost:52067}, handlesAlerts: true, hasTouchScreen: true, javascriptEnabled: true, locationContextEnabled: true, mobileEmulationEnabled: true, nativeEvents: true, networkConnectionEnabled: false, pageLoadStrategy: normal, platform: XP, platformName: XP, rotatable: false, setWindowRect: true, takesHeapSnapshot: true, takesScreenshot: true, unexpectedAlertBehaviour: , unhandledPromptBehavior: , version: 78.0.3904.108, webStorageEnabled: true}
Session ID: 56ba991452343b0a0bda6602306bbdb0)
	at com.kms.katalon.core.keyword.internal.KeywordMain.stepFailed(KeywordMain.groovy:36)
	at com.kms.katalon.core.webui.keyword.internal.WebUIKeywordMain.stepFailed(WebUIKeywordMain.groovy:65)
	at com.kms.katalon.core.webui.keyword.internal.WebUIKeywordMain.runKeyword(WebUIKeywordMain.groovy:27)
	at com.kms.katalon.core.webui.keyword.builtin.ClickKeyword.click(ClickKeyword.groovy:86)
	at com.kms.katalon.core.webui.keyword.builtin.ClickKeyword.execute(ClickKeyword.groovy:67)
	at com.kms.katalon.core.keyword.internal.KeywordExecutor.executeKeywordForPlatform(KeywordExecutor.groovy:53)
	at com.kms.katalon.core.webui.keyword.WebUiBuiltInKeywords.click(WebUiBuiltInKeywords.groovy:616)
	at com.kms.katalon.core.webui.keyword.WebUiBuiltInKeywords$click$2.call(Unknown Source)
	at filter_stm.run(filter_stm:28)
	at com.kms.katalon.core.main.ScriptEngine.run(ScriptEngine.java:194)
	at com.kms.katalon.core.main.ScriptEngine.runScriptAsRawText(ScriptEngine.java:119)
	at com.kms.katalon.core.main.TestCaseExecutor.runScript(TestCaseExecutor.java:328)
	at com.kms.katalon.core.main.TestCaseExecutor.doExecute(TestCaseExecutor.java:319)
	at com.kms.katalon.core.main.TestCaseExecutor.processExecutionPhase(TestCaseExecutor.java:298)
	at com.kms.katalon.core.main.TestCaseExecutor.accessMainPhase(TestCaseExecutor.java:290)
	at com.kms.katalon.core.main.TestCaseExecutor.execute(TestCaseExecutor.java:224)
	at com.kms.katalon.core.main.TestCaseMain.runTestCase(TestCaseMain.java:106)
	at com.kms.katalon.core.keyword.builtin.CallTestCaseKeyword$_callTestCase_closure1.doCall(CallTestCaseKeyword.groovy:59)
	at com.kms.katalon.core.keyword.builtin.CallTestCaseKeyword$_callTestCase_closure1.call(CallTestCaseKeyword.groovy)
	at com.kms.katalon.core.keyword.internal.KeywordMain.runKeyword(KeywordMain.groovy:54)
	at com.kms.katalon.core.keyword.builtin.CallTestCaseKeyword.callTestCase(CallTestCaseKeyword.groovy:80)
	at com.kms.katalon.core.keyword.builtin.CallTestCaseKeyword.execute(CallTestCaseKeyword.groovy:44)
	at com.kms.katalon.core.keyword.internal.KeywordExecutor.executeKeywordForPlatform(KeywordExecutor.groovy:53)
	at com.kms.katalon.core.keyword.BuiltinKeywords.callTestCase(BuiltinKeywords.groovy:334)
	at Slaico.run(Slaico:35)
	at com.kms.katalon.core.main.ScriptEngine.run(ScriptEngine.java:194)
	at com.kms.katalon.core.main.ScriptEngine.runScriptAsRawText(ScriptEngine.java:119)
	at com.kms.katalon.core.main.TestCaseExecutor.runScript(TestCaseExecutor.java:328)
	at com.kms.katalon.core.main.TestCaseExecutor.doExecute(TestCaseExecutor.java:319)
	at com.kms.katalon.core.main.TestCaseExecutor.processExecutionPhase(TestCaseExecutor.java:298)
	at com.kms.katalon.core.main.TestCaseExecutor.accessMainPhase(TestCaseExecutor.java:290)
	at com.kms.katalon.core.main.TestCaseExecutor.execute(TestCaseExecutor.java:224)
	at com.kms.katalon.core.main.TestSuiteExecutor.accessTestCaseMainPhase(TestSuiteExecutor.java:129)
	at com.kms.katalon.core.main.TestSuiteExecutor.accessTestSuiteMainPhase(TestSuiteExecutor.java:112)
	at com.kms.katalon.core.main.TestSuiteExecutor.execute(TestSuiteExecutor.java:81)
	at com.kms.katalon.core.main.TestCaseMain.startTestSuite(TestCaseMain.java:149)
	at com.kms.katalon.core.main.TestCaseMain$startTestSuite$0.call(Unknown Source)
	at TempTestSuite1575870424581.run(TempTestSuite1575870424581.groovy:36)]]></system-err>
      </testcase>
      <testcase name="Test Cases/HIC/Teladoc" classname="Test Cases/HIC/Teladoc" status="PASSED">
         <system-out><![CDATA[2019-12-09 01:13:13 - [TEST_CASE][PASSED] - Test Cases/HIC/Teladoc: Test Cases/HIC/Teladoc

2019-12-09 01:13:13 - [TEST_STEP][PASSED] - callTestCase(findTestCase("HIC/_include/get_hicScreenPath"), ["project":"HIC", "productLine":"Teladoc", "carrierName":"Teladoc"], CONTINUE_ON_FAILURE): Call Test Case 'Test Cases/HIC/_include/get_hicScreenPath' successfully

2019-12-09 01:13:13 - [TEST_CASE][PASSED] - Test Cases/HIC/_include/get_hicScreenPath: Test Cases/HIC/_include/get_hicScreenPath

2019-12-09 01:13:13 - [TEST_STEP][PASSED] - m = getExecutionProperties(): null

2019-12-09 01:13:13 - [TEST_STEP][PASSED] - deviceName = get("mobileEmulation").get("deviceName"): null

2019-12-09 01:13:13 - [TEST_STEP][PASSED] - println(deviceName): null

2019-12-09 01:13:13 - [TEST_STEP][PASSED] - now = new java.util.Date(): null

2019-12-09 01:13:13 - [TEST_STEP][PASSED] - mydate = now.format("yyyyMMdd_HHmmss"): null

2019-12-09 01:13:13 - [TEST_STEP][PASSED] - screenPath = "../Screenshots/": null

2019-12-09 01:13:13 - [TEST_STEP][PASSED] - screenPath = screenPath + deviceName + "/" + project + "/" + productLine + "/" + carrierName + "/" + mydate + "/": null

2019-12-09 01:13:13 - [TEST_STEP][PASSED] - println(screenPath): null

2019-12-09 01:13:13 - [MESSAGE][PASSED] - Call Test Case 'Test Cases/HIC/_include/get_hicScreenPath' successfully

2019-12-09 01:13:13 - [TEST_STEP][PASSED] - i = 0: null

2019-12-09 01:13:13 - [TEST_STEP][PASSED] - callTestCase(findTestCase("AHI/_include/openWebSite"), ["env":"https://qa.healthinsurance.com/"], CONTINUE_ON_FAILURE): Call Test Case 'Test Cases/AHI/_include/openWebSite' successfully

2019-12-09 01:13:13 - [TEST_CASE][PASSED] - Test Cases/AHI/_include/openWebSite: Test Cases/AHI/_include/openWebSite

2019-12-09 01:13:13 - [TEST_STEP][PASSED] - openBrowser(env): Browser is opened with url: 'https://qa.healthinsurance.com/'

2019-12-09 01:13:13 - [MESSAGE][WARNING] - A browser is already opened. Closing browser and opening a new one

2019-12-09 01:13:16 - [MESSAGE][INFO] - Starting 'Chrome' driver

2019-12-09 01:13:16 - [MESSAGE][INFO] - User set preference: ['mobileEmulation', '{deviceName=iPhone 6}']

2019-12-09 01:13:16 - [MESSAGE][INFO] - User set preference: ['args', '[--incognito, --aggressive-cache-discard, --window-size=375,677, --no-sandbox]']

2019-12-09 01:13:19 - [MESSAGE][PASSED] - Browser is opened with url: 'https://qa.healthinsurance.com/'

2019-12-09 01:13:19 - [TEST_STEP][PASSED] - waitForPageLoad(20): Wait for page load successfully

2019-12-09 01:13:19 - [MESSAGE][PASSED] - Wait for page load successfully

2019-12-09 01:13:19 - [TEST_STEP][PASSED] - callTestCase(findTestCase("AHI/_include/get_screenshot"), [:], STOP_ON_FAILURE): Call Test Case 'Test Cases/AHI/_include/get_screenshot' successfully

2019-12-09 01:13:19 - [TEST_CASE][PASSED] - Test Cases/AHI/_include/get_screenshot: Test Cases/AHI/_include/get_screenshot

2019-12-09 01:13:19 - [TEST_STEP][PASSED] - takeScreenshot(screenPath + i + ".png"): Taking screenshot successfully

2019-12-09 01:13:19 - [MESSAGE][PASSED] - Taking screenshot successfully
[[ATTACHMENT|D:\\Test\\AgileTest\\Reports\\HIC\\hic\\20191209_004704\\../Screenshots/iPhone 6/HIC/Teladoc/Teladoc/20191209_011313/0.png]]

2019-12-09 01:13:19 - [TEST_STEP][PASSED] - (internal.GlobalVariable.i++): null

2019-12-09 01:13:19 - [MESSAGE][PASSED] - Call Test Case 'Test Cases/AHI/_include/get_screenshot' successfully

2019-12-09 01:13:19 - [MESSAGE][PASSED] - Call Test Case 'Test Cases/AHI/_include/openWebSite' successfully

2019-12-09 01:13:19 - [TEST_STEP][PASSED] - click(findTestObject("hic/nav/navButton")): Object: 'Object Repository/hic/nav/navButton' is clicked on

2019-12-09 01:13:21 - [MESSAGE][PASSED] - Object: 'Object Repository/hic/nav/navButton' is clicked on

2019-12-09 01:13:21 - [TEST_STEP][PASSED] - Thread.sleep(2000): null

2019-12-09 01:13:23 - [TEST_STEP][PASSED] - click(findTestObject("hic/nav/teladocLink")): Object: 'Object Repository/hic/nav/teladocLink' is clicked on

2019-12-09 01:13:24 - [MESSAGE][PASSED] - Object: 'Object Repository/hic/nav/teladocLink' is clicked on

2019-12-09 01:13:24 - [TEST_STEP][PASSED] - Thread.sleep(2000): null

2019-12-09 01:13:26 - [TEST_STEP][PASSED] - callTestCase(findTestCase("AHI/_include/get_screenshot"), [:], STOP_ON_FAILURE): Call Test Case 'Test Cases/AHI/_include/get_screenshot' successfully

2019-12-09 01:13:26 - [TEST_CASE][PASSED] - Test Cases/AHI/_include/get_screenshot: Test Cases/AHI/_include/get_screenshot

2019-12-09 01:13:26 - [TEST_STEP][PASSED] - takeScreenshot(screenPath + i + ".png"): Taking screenshot successfully

2019-12-09 01:13:26 - [MESSAGE][PASSED] - Taking screenshot successfully
[[ATTACHMENT|D:\\Test\\AgileTest\\Reports\\HIC\\hic\\20191209_004704\\../Screenshots/iPhone 6/HIC/Teladoc/Teladoc/20191209_011313/1.png]]

2019-12-09 01:13:26 - [TEST_STEP][PASSED] - (internal.GlobalVariable.i++): null

2019-12-09 01:13:26 - [MESSAGE][PASSED] - Call Test Case 'Test Cases/AHI/_include/get_screenshot' successfully

2019-12-09 01:13:26 - [TEST_STEP][PASSED] - setText(findTestObject("hic/stm/zip"), zipcode): Text '35215' is set on object 'Object Repository/hic/stm/zip'

2019-12-09 01:13:27 - [MESSAGE][PASSED] - Text '35215' is set on object 'Object Repository/hic/stm/zip'

2019-12-09 01:13:27 - [TEST_STEP][PASSED] - Thread.sleep(500): null

2019-12-09 01:13:27 - [TEST_STEP][PASSED] - setText(findTestObject("hic/stm/primaryDOB"), "03031987"): Text '03031987' is set on object 'Object Repository/hic/stm/primaryDOB'

2019-12-09 01:13:27 - [MESSAGE][PASSED] - Text '03031987' is set on object 'Object Repository/hic/stm/primaryDOB'

2019-12-09 01:13:27 - [TEST_STEP][PASSED] - click(findTestObject("hic/stm/female")): Object: 'Object Repository/hic/stm/female' is clicked on

2019-12-09 01:13:28 - [MESSAGE][PASSED] - Object: 'Object Repository/hic/stm/female' is clicked on

2019-12-09 01:13:28 - [TEST_STEP][PASSED] - Thread.sleep(3000): null

2019-12-09 01:13:31 - [TEST_STEP][PASSED] - click(findTestObject("hic/teladoc/seePlans")): Object: 'Object Repository/hic/teladoc/seePlans' is clicked on

2019-12-09 01:13:36 - [MESSAGE][PASSED] - Object: 'Object Repository/hic/teladoc/seePlans' is clicked on

2019-12-09 01:13:36 - [TEST_STEP][PASSED] - Thread.sleep(6000): null

2019-12-09 01:13:42 - [TEST_STEP][PASSED] - callTestCase(findTestCase("AHI/_include/get_screenshot"), [:], STOP_ON_FAILURE): Call Test Case 'Test Cases/AHI/_include/get_screenshot' successfully

2019-12-09 01:13:42 - [TEST_CASE][PASSED] - Test Cases/AHI/_include/get_screenshot: Test Cases/AHI/_include/get_screenshot

2019-12-09 01:13:42 - [TEST_STEP][PASSED] - takeScreenshot(screenPath + i + ".png"): Taking screenshot successfully

2019-12-09 01:13:42 - [MESSAGE][PASSED] - Taking screenshot successfully
[[ATTACHMENT|D:\\Test\\AgileTest\\Reports\\HIC\\hic\\20191209_004704\\../Screenshots/iPhone 6/HIC/Teladoc/Teladoc/20191209_011313/2.png]]

2019-12-09 01:13:42 - [TEST_STEP][PASSED] - (internal.GlobalVariable.i++): null

2019-12-09 01:13:42 - [MESSAGE][PASSED] - Call Test Case 'Test Cases/AHI/_include/get_screenshot' successfully

2019-12-09 01:13:42 - [TEST_STEP][PASSED] - Thread.sleep(1000): null

2019-12-09 01:13:43 - [TEST_STEP][PASSED] - click(findTestObject("mobileSanity/Teladoc/census/get_a_quote")): Object: 'Object Repository/mobileSanity/Teladoc/census/get_a_quote' is clicked on

2019-12-09 01:13:45 - [MESSAGE][PASSED] - Object: 'Object Repository/mobileSanity/Teladoc/census/get_a_quote' is clicked on

2019-12-09 01:13:45 - [TEST_STEP][PASSED] - waitForPageLoad(20): Wait for page load successfully

2019-12-09 01:13:47 - [MESSAGE][PASSED] - Wait for page load successfully

2019-12-09 01:13:47 - [TEST_STEP][PASSED] - waitForElementVisible(findTestObject("mobileSanity/Teladoc/apply_button"), 20): Object 'Object Repository/mobileSanity/Teladoc/apply_button' is visible

2019-12-09 01:13:48 - [MESSAGE][PASSED] - Object 'Object Repository/mobileSanity/Teladoc/apply_button' is visible

2019-12-09 01:13:48 - [TEST_STEP][PASSED] - callTestCase(findTestCase("AHI/_include/get_screenshot"), [:], STOP_ON_FAILURE): Call Test Case 'Test Cases/AHI/_include/get_screenshot' successfully

2019-12-09 01:13:48 - [TEST_CASE][PASSED] - Test Cases/AHI/_include/get_screenshot: Test Cases/AHI/_include/get_screenshot

2019-12-09 01:13:48 - [TEST_STEP][PASSED] - takeScreenshot(screenPath + i + ".png"): Taking screenshot successfully

2019-12-09 01:13:49 - [MESSAGE][PASSED] - Taking screenshot successfully
[[ATTACHMENT|D:\\Test\\AgileTest\\Reports\\HIC\\hic\\20191209_004704\\../Screenshots/iPhone 6/HIC/Teladoc/Teladoc/20191209_011313/3.png]]

2019-12-09 01:13:49 - [TEST_STEP][PASSED] - (internal.GlobalVariable.i++): null

2019-12-09 01:13:49 - [MESSAGE][PASSED] - Call Test Case 'Test Cases/AHI/_include/get_screenshot' successfully

2019-12-09 01:13:49 - [TEST_STEP][PASSED] - click(findTestObject("mobileSanity/Teladoc/apply_button")): Object: 'Object Repository/mobileSanity/Teladoc/apply_button' is clicked on

2019-12-09 01:13:51 - [MESSAGE][PASSED] - Object: 'Object Repository/mobileSanity/Teladoc/apply_button' is clicked on

2019-12-09 01:13:51 - [TEST_STEP][PASSED] - waitForPageLoad(20): Wait for page load successfully

2019-12-09 01:13:51 - [MESSAGE][PASSED] - Wait for page load successfully

2019-12-09 01:13:51 - [TEST_STEP][PASSED] - waitForElementPresent(findTestObject("mobileSanity/Teladoc/Page_App Page 1/input__member-P-1-firstName"), 20): Object 'Object Repository/mobileSanity/Teladoc/Page_App Page 1/input__member-P-1-firstName' is present

2019-12-09 01:13:51 - [MESSAGE][PASSED] - Object 'Object Repository/mobileSanity/Teladoc/Page_App Page 1/input__member-P-1-firstName' is present

2019-12-09 01:13:51 - [TEST_STEP][PASSED] - callTestCase(findTestCase("AHI/_include/get_screenshot"), [:], STOP_ON_FAILURE): Call Test Case 'Test Cases/AHI/_include/get_screenshot' successfully

2019-12-09 01:13:52 - [TEST_CASE][PASSED] - Test Cases/AHI/_include/get_screenshot: Test Cases/AHI/_include/get_screenshot

2019-12-09 01:13:52 - [TEST_STEP][PASSED] - takeScreenshot(screenPath + i + ".png"): Taking screenshot successfully

2019-12-09 01:13:54 - [MESSAGE][PASSED] - Taking screenshot successfully
[[ATTACHMENT|D:\\Test\\AgileTest\\Reports\\HIC\\hic\\20191209_004704\\../Screenshots/iPhone 6/HIC/Teladoc/Teladoc/20191209_011313/4.png]]

2019-12-09 01:13:54 - [TEST_STEP][PASSED] - (internal.GlobalVariable.i++): null

2019-12-09 01:13:54 - [MESSAGE][PASSED] - Call Test Case 'Test Cases/AHI/_include/get_screenshot' successfully

2019-12-09 01:13:54 - [TEST_STEP][PASSED] - callTestCase(findTestCase("AHI/_include/name"), [:], STOP_ON_FAILURE): Call Test Case 'Test Cases/AHI/_include/name' successfully

2019-12-09 01:13:54 - [TEST_CASE][PASSED] - Test Cases/AHI/_include/name: Test Cases/AHI/_include/name

2019-12-09 01:13:54 - [TEST_STEP][PASSED] - driver = getWebDriver(): null

2019-12-09 01:13:54 - [TEST_STEP][PASSED] - selenium = new com.thoughtworks.selenium.webdriven.WebDriverBackedSelenium(driver, internal.GlobalVariable.ENV): null

2019-12-09 01:13:55 - [TEST_STEP][PASSED] - FirstName = "Test-123": null

2019-12-09 01:13:55 - [TEST_STEP][PASSED] - LastName = selenium.getEval("{var x="ABCDEFGHIJKLMNOPQRSTUVWXYZabcdefghijklmnopqrstuvwxyz"; var tmp="ZZ11-"; for (i=0;i<8;i++) tmp+=x.charAt(Math.ceil(51*Math.random()));tmp;}"): null

2019-12-09 01:13:56 - [TEST_STEP][PASSED] - Address = selenium.getEval("{var x="ABCDEFGHIJKLMNOPQRSTUVWXYZabcdefghijklmnopqrstuvwxyz"; var tmp=""; for (i=0;i<8;i++) tmp+=x.charAt(Math.ceil(51*Math.random()));tmp;}"): null

2019-12-09 01:13:58 - [TEST_STEP][PASSED] - City = selenium.getEval("{var x="ABCDEFGHIJKLMNOPQRSTUVWXYZabcdefghijklmnopqrstuvwxyz"; var tmp=""; for (i=0;i<8;i++) tmp+=x.charAt(Math.ceil(51*Math.random()));tmp;}"): null

2019-12-09 01:13:58 - [TEST_STEP][PASSED] - tel1 = selenium.getEval("{var x="123456789"; var tmp=""; for (i=0;i<3;i++) tmp+=x.charAt(Math.ceil(8*Math.random()));tmp;}"): null

2019-12-09 01:13:59 - [TEST_STEP][PASSED] - tel2 = selenium.getEval("{var x="123456789"; var tmp=""; for (i=0;i<3;i++) tmp+=x.charAt(Math.ceil(8*Math.random()));tmp;}"): null

2019-12-09 01:13:59 - [TEST_STEP][PASSED] - tel3 = selenium.getEval("{var x="123456789"; var tmp=""; for (i=0;i<4;i++) tmp+=x.charAt(Math.ceil(8*Math.random()));tmp;}"): null

2019-12-09 01:13:59 - [TEST_STEP][PASSED] - Tel = selenium.getExpression(tel1 + "-" + tel2 + "-" + tel3): null

2019-12-09 01:13:59 - [TEST_STEP][PASSED] - AutoEmail = selenium.getEval("{var x="ABCDEFGHIJKLMNOPQRSTUVWXYZabcdefghijklmnopqrstuvwxyz"; var tmp="test."; for (i=0;i<8;i++) tmp+=x.charAt(Math.ceil(51*Math.random()));tmp+="@suryani.cn";}"): null

2019-12-09 01:13:59 - [TEST_STEP][PASSED] - FirstName = FirstName: null

2019-12-09 01:13:59 - [TEST_STEP][PASSED] - LastName = LastName: null

2019-12-09 01:13:59 - [TEST_STEP][PASSED] - Address = Address: null

2019-12-09 01:13:59 - [TEST_STEP][PASSED] - City = City: null

2019-12-09 01:13:59 - [TEST_STEP][PASSED] - Tel = Tel: null

2019-12-09 01:13:59 - [TEST_STEP][PASSED] - AutoEmail = AutoEmail: null

2019-12-09 01:13:59 - [TEST_STEP][PASSED] - println(FirstName): null

2019-12-09 01:13:59 - [TEST_STEP][PASSED] - println(LastName): null

2019-12-09 01:13:59 - [TEST_STEP][PASSED] - println(Address): null

2019-12-09 01:13:59 - [TEST_STEP][PASSED] - println(City): null

2019-12-09 01:13:59 - [TEST_STEP][PASSED] - println(Tel): null

2019-12-09 01:13:59 - [TEST_STEP][PASSED] - println(AutoEmail): null

2019-12-09 01:13:59 - [MESSAGE][PASSED] - Call Test Case 'Test Cases/AHI/_include/name' successfully

2019-12-09 01:13:59 - [TEST_STEP][PASSED] - setText(findTestObject("mobileSanity/Teladoc/Page_App Page 1/input__member-P-1-firstName"), FirstName): Text 'Test-123' is set on object 'Object Repository/mobileSanity/Teladoc/Page_App Page 1/input__member-P-1-firstName'

2019-12-09 01:14:00 - [MESSAGE][PASSED] - Text 'Test-123' is set on object 'Object Repository/mobileSanity/Teladoc/Page_App Page 1/input__member-P-1-firstName'

2019-12-09 01:14:00 - [TEST_STEP][PASSED] - setText(findTestObject("mobileSanity/Teladoc/Page_App Page 1/input__member-P-1-lastName"), LastName): Text 'ZZ11-lNrVyhei' is set on object 'Object Repository/mobileSanity/Teladoc/Page_App Page 1/input__member-P-1-lastName'

2019-12-09 01:14:02 - [MESSAGE][PASSED] - Text 'ZZ11-lNrVyhei' is set on object 'Object Repository/mobileSanity/Teladoc/Page_App Page 1/input__member-P-1-lastName'

2019-12-09 01:14:02 - [TEST_STEP][PASSED] - selectOptionByValue(findTestObject("mobileSanity/Teladoc/Page_App Page 1/select_01020304050607"), "05", true): All options with value '05' are selected in object 'Object Repository/mobileSanity/Teladoc/Page_App Page 1/select_01020304050607'  using regular expression

2019-12-09 01:14:03 - [MESSAGE][PASSED] - All options with value '05' are selected in object 'Object Repository/mobileSanity/Teladoc/Page_App Page 1/select_01020304050607'  using regular expression

2019-12-09 01:14:03 - [TEST_STEP][PASSED] - selectOptionByValue(findTestObject("mobileSanity/Teladoc/Page_App Page 1/select_00102030405060708091011"), "06", true): All options with value '06' are selected in object 'Object Repository/mobileSanity/Teladoc/Page_App Page 1/select_00102030405060708091011'  using regular expression

2019-12-09 01:14:04 - [MESSAGE][PASSED] - All options with value '06' are selected in object 'Object Repository/mobileSanity/Teladoc/Page_App Page 1/select_00102030405060708091011'  using regular expression

2019-12-09 01:14:04 - [TEST_STEP][PASSED] - setText(findTestObject("mobileSanity/Teladoc/Page_App Page 1/input_lbs"), "180"): Text '180' is set on object 'Object Repository/mobileSanity/Teladoc/Page_App Page 1/input_lbs'

2019-12-09 01:14:04 - [MESSAGE][PASSED] - Text '180' is set on object 'Object Repository/mobileSanity/Teladoc/Page_App Page 1/input_lbs'

2019-12-09 01:14:04 - [TEST_STEP][PASSED] - setText(findTestObject("mobileSanity/Teladoc/Page_App Page 1/input__address"), Address): Text 'KOFHlLhu' is set on object 'Object Repository/mobileSanity/Teladoc/Page_App Page 1/input__address'

2019-12-09 01:14:04 - [MESSAGE][PASSED] - Text 'KOFHlLhu' is set on object 'Object Repository/mobileSanity/Teladoc/Page_App Page 1/input__address'

2019-12-09 01:14:04 - [TEST_STEP][PASSED] - setText(findTestObject("mobileSanity/Teladoc/Page_App Page 1/input__city"), City): Text 'mLkWoJPd' is set on object 'Object Repository/mobileSanity/Teladoc/Page_App Page 1/input__city'

2019-12-09 01:14:05 - [MESSAGE][PASSED] - Text 'mLkWoJPd' is set on object 'Object Repository/mobileSanity/Teladoc/Page_App Page 1/input__city'

2019-12-09 01:14:05 - [TEST_STEP][PASSED] - setText(findTestObject("mobileSanity/Teladoc/Page_App Page 1/input__email"), AutoEmail): Text 'test.yMCVkQoH@suryani.cn' is set on object 'Object Repository/mobileSanity/Teladoc/Page_App Page 1/input__email'

2019-12-09 01:14:05 - [MESSAGE][PASSED] - Text 'test.yMCVkQoH@suryani.cn' is set on object 'Object Repository/mobileSanity/Teladoc/Page_App Page 1/input__email'

2019-12-09 01:14:05 - [TEST_STEP][PASSED] - setText(findTestObject("mobileSanity/Teladoc/Page_App Page 1/input_phone number"), Tel): Text '747-453-6545' is set on object 'Object Repository/mobileSanity/Teladoc/Page_App Page 1/input_phone number'

2019-12-09 01:14:06 - [MESSAGE][PASSED] - Text '747-453-6545' is set on object 'Object Repository/mobileSanity/Teladoc/Page_App Page 1/input_phone number'

2019-12-09 01:14:06 - [TEST_STEP][PASSED] - click(findTestObject("mobileSanity/Teladoc/Page_App Page 1/a_Continue to Step 2 - Payment")): Object: 'Object Repository/mobileSanity/Teladoc/Page_App Page 1/a_Continue to Step 2 - Payment' is clicked on

2019-12-09 01:14:06 - [MESSAGE][PASSED] - Object: 'Object Repository/mobileSanity/Teladoc/Page_App Page 1/a_Continue to Step 2 - Payment' is clicked on

2019-12-09 01:14:06 - [TEST_STEP][PASSED] - waitForPageLoad(20): Wait for page load successfully

2019-12-09 01:14:06 - [MESSAGE][PASSED] - Wait for page load successfully

2019-12-09 01:14:06 - [TEST_STEP][PASSED] - waitForElementVisible(findTestObject("mobileSanity/Teladoc/Page_App Page 2/input__credit-card-first"), 20): Object 'Object Repository/mobileSanity/Teladoc/Page_App Page 2/input__credit-card-first' is visible

2019-12-09 01:14:07 - [MESSAGE][PASSED] - Object 'Object Repository/mobileSanity/Teladoc/Page_App Page 2/input__credit-card-first' is visible

2019-12-09 01:14:07 - [TEST_STEP][PASSED] - callTestCase(findTestCase("AHI/_include/get_screenshot"), [:], STOP_ON_FAILURE): Call Test Case 'Test Cases/AHI/_include/get_screenshot' successfully

2019-12-09 01:14:07 - [TEST_CASE][PASSED] - Test Cases/AHI/_include/get_screenshot: Test Cases/AHI/_include/get_screenshot

2019-12-09 01:14:07 - [TEST_STEP][PASSED] - takeScreenshot(screenPath + i + ".png"): Taking screenshot successfully

2019-12-09 01:14:07 - [MESSAGE][PASSED] - Taking screenshot successfully
[[ATTACHMENT|D:\\Test\\AgileTest\\Reports\\HIC\\hic\\20191209_004704\\../Screenshots/iPhone 6/HIC/Teladoc/Teladoc/20191209_011313/5.png]]

2019-12-09 01:14:07 - [TEST_STEP][PASSED] - (internal.GlobalVariable.i++): null

2019-12-09 01:14:07 - [MESSAGE][PASSED] - Call Test Case 'Test Cases/AHI/_include/get_screenshot' successfully

2019-12-09 01:14:07 - [TEST_STEP][PASSED] - setText(findTestObject("mobileSanity/Teladoc/Page_App Page 2/input__credit-card-first"), FirstName): Text 'Test-123' is set on object 'Object Repository/mobileSanity/Teladoc/Page_App Page 2/input__credit-card-first'

2019-12-09 01:14:09 - [MESSAGE][PASSED] - Text 'Test-123' is set on object 'Object Repository/mobileSanity/Teladoc/Page_App Page 2/input__credit-card-first'

2019-12-09 01:14:09 - [TEST_STEP][PASSED] - setText(findTestObject("mobileSanity/Teladoc/Page_App Page 2/input__credit-card-last"), LastName): Text 'ZZ11-lNrVyhei' is set on object 'Object Repository/mobileSanity/Teladoc/Page_App Page 2/input__credit-card-last'

2019-12-09 01:14:09 - [MESSAGE][PASSED] - Text 'ZZ11-lNrVyhei' is set on object 'Object Repository/mobileSanity/Teladoc/Page_App Page 2/input__credit-card-last'

2019-12-09 01:14:09 - [TEST_STEP][PASSED] - selectOptionByValue(findTestObject("mobileSanity/Teladoc/Page_App Page 2/select_MM010203040506070809101"), "12", true): All options with value '12' are selected in object 'Object Repository/mobileSanity/Teladoc/Page_App Page 2/select_MM010203040506070809101'  using regular expression

2019-12-09 01:14:10 - [MESSAGE][PASSED] - All options with value '12' are selected in object 'Object Repository/mobileSanity/Teladoc/Page_App Page 2/select_MM010203040506070809101'  using regular expression

2019-12-09 01:14:10 - [TEST_STEP][PASSED] - selectOptionByValue(findTestObject("mobileSanity/Teladoc/Page_App Page 2/select_YYYY2019202020212022202"), "2026", true): All options with value '2026' are selected in object 'Object Repository/mobileSanity/Teladoc/Page_App Page 2/select_YYYY2019202020212022202'  using regular expression

2019-12-09 01:14:10 - [MESSAGE][PASSED] - All options with value '2026' are selected in object 'Object Repository/mobileSanity/Teladoc/Page_App Page 2/select_YYYY2019202020212022202'  using regular expression

2019-12-09 01:14:10 - [TEST_STEP][PASSED] - setText(findTestObject("mobileSanity/Teladoc/Page_App Page 2/input__credit-card-number"), "4111111111111111"): Text '4111111111111111' is set on object 'Object Repository/mobileSanity/Teladoc/Page_App Page 2/input__credit-card-number'

2019-12-09 01:14:10 - [MESSAGE][PASSED] - Text '4111111111111111' is set on object 'Object Repository/mobileSanity/Teladoc/Page_App Page 2/input__credit-card-number'

2019-12-09 01:14:10 - [TEST_STEP][PASSED] - setText(findTestObject("mobileSanity/Teladoc/Page_App Page 2/input__credit-card-cvv"), "122"): Text '122' is set on object 'Object Repository/mobileSanity/Teladoc/Page_App Page 2/input__credit-card-cvv'

2019-12-09 01:14:11 - [MESSAGE][PASSED] - Text '122' is set on object 'Object Repository/mobileSanity/Teladoc/Page_App Page 2/input__credit-card-cvv'

2019-12-09 01:14:11 - [TEST_STEP][PASSED] - click(findTestObject("mobileSanity/Teladoc/Page_App Page 2/label_My billing address is th")): Object: 'Object Repository/mobileSanity/Teladoc/Page_App Page 2/label_My billing address is th' is clicked on

2019-12-09 01:14:11 - [MESSAGE][PASSED] - Object: 'Object Repository/mobileSanity/Teladoc/Page_App Page 2/label_My billing address is th' is clicked on

2019-12-09 01:14:11 - [TEST_STEP][PASSED] - click(findTestObject("mobileSanity/Teladoc/Page_App Page 2/label_I Accept Authorization f")): Object: 'Object Repository/mobileSanity/Teladoc/Page_App Page 2/label_I Accept Authorization f' is clicked on

2019-12-09 01:14:11 - [MESSAGE][PASSED] - Object: 'Object Repository/mobileSanity/Teladoc/Page_App Page 2/label_I Accept Authorization f' is clicked on

2019-12-09 01:14:11 - [TEST_STEP][PASSED] - click(findTestObject("mobileSanity/Teladoc/Page_App Page 2/a_Continue to Step 3 - Review")): Object: 'Object Repository/mobileSanity/Teladoc/Page_App Page 2/a_Continue to Step 3 - Review' is clicked on

2019-12-09 01:14:12 - [MESSAGE][PASSED] - Object: 'Object Repository/mobileSanity/Teladoc/Page_App Page 2/a_Continue to Step 3 - Review' is clicked on

2019-12-09 01:14:12 - [TEST_STEP][PASSED] - waitForPageLoad(20): Wait for page load successfully

2019-12-09 01:14:12 - [MESSAGE][PASSED] - Wait for page load successfully

2019-12-09 01:14:12 - [TEST_STEP][PASSED] - waitForElementPresent(findTestObject("mobileSanity/Teladoc/Page_App Page 3/label"), 20): Object 'Object Repository/mobileSanity/Teladoc/Page_App Page 3/label' is present

2019-12-09 01:14:22 - [MESSAGE][PASSED] - Object 'Object Repository/mobileSanity/Teladoc/Page_App Page 3/label' is present

2019-12-09 01:14:22 - [TEST_STEP][PASSED] - Thread.sleep(5000): null

2019-12-09 01:14:27 - [TEST_STEP][PASSED] - callTestCase(findTestCase("AHI/_include/get_screenshot"), [:], STOP_ON_FAILURE): Call Test Case 'Test Cases/AHI/_include/get_screenshot' successfully

2019-12-09 01:14:28 - [TEST_CASE][PASSED] - Test Cases/AHI/_include/get_screenshot: Test Cases/AHI/_include/get_screenshot

2019-12-09 01:14:28 - [TEST_STEP][PASSED] - takeScreenshot(screenPath + i + ".png"): Taking screenshot successfully

2019-12-09 01:14:28 - [MESSAGE][PASSED] - Taking screenshot successfully
[[ATTACHMENT|D:\\Test\\AgileTest\\Reports\\HIC\\hic\\20191209_004704\\../Screenshots/iPhone 6/HIC/Teladoc/Teladoc/20191209_011313/6.png]]

2019-12-09 01:14:28 - [TEST_STEP][PASSED] - (internal.GlobalVariable.i++): null

2019-12-09 01:14:28 - [MESSAGE][PASSED] - Call Test Case 'Test Cases/AHI/_include/get_screenshot' successfully

2019-12-09 01:14:28 - [TEST_STEP][PASSED] - scrollToElement(findTestObject("mobileSanity/Teladoc/Page_App Page 3/label"), 10): Scroll to object 'Object Repository/mobileSanity/Teladoc/Page_App Page 3/label' successfully

2019-12-09 01:14:28 - [MESSAGE][PASSED] - Scroll to object 'Object Repository/mobileSanity/Teladoc/Page_App Page 3/label' successfully

2019-12-09 01:14:28 - [TEST_STEP][PASSED] - waitForElementClickable(findTestObject("mobileSanity/Teladoc/Page_App Page 3/label"), 10): Object 'Object Repository/mobileSanity/Teladoc/Page_App Page 3/label' is clickable

2019-12-09 01:14:28 - [MESSAGE][PASSED] - Object 'Object Repository/mobileSanity/Teladoc/Page_App Page 3/label' is clickable

2019-12-09 01:14:28 - [TEST_STEP][PASSED] - click(findTestObject("mobileSanity/Teladoc/Page_App Page 3/label")): Object: 'Object Repository/mobileSanity/Teladoc/Page_App Page 3/label' is clicked on

2019-12-09 01:14:28 - [MESSAGE][PASSED] - Object: 'Object Repository/mobileSanity/Teladoc/Page_App Page 3/label' is clicked on

2019-12-09 01:14:28 - [TEST_STEP][PASSED] - click(findTestObject("mobileSanity/Teladoc/Page_App Page 3/p_")): Object: 'Object Repository/mobileSanity/Teladoc/Page_App Page 3/p_' is clicked on

2019-12-09 01:14:28 - [MESSAGE][PASSED] - Object: 'Object Repository/mobileSanity/Teladoc/Page_App Page 3/p_' is clicked on

2019-12-09 01:14:28 - [TEST_STEP][PASSED] - click(findTestObject("mobileSanity/Teladoc/Page_App Page 3/a_Submit Your Application")): Object: 'Object Repository/mobileSanity/Teladoc/Page_App Page 3/a_Submit Your Application' is clicked on

2019-12-09 01:14:29 - [MESSAGE][PASSED] - Object: 'Object Repository/mobileSanity/Teladoc/Page_App Page 3/a_Submit Your Application' is clicked on

2019-12-09 01:14:29 - [TEST_STEP][PASSED] - Thread.sleep(50000): null

2019-12-09 01:15:19 - [TEST_STEP][PASSED] - callTestCase(findTestCase("AHI/_include/get_screenshot"), [:], STOP_ON_FAILURE): Call Test Case 'Test Cases/AHI/_include/get_screenshot' successfully

2019-12-09 01:15:19 - [TEST_CASE][PASSED] - Test Cases/AHI/_include/get_screenshot: Test Cases/AHI/_include/get_screenshot

2019-12-09 01:15:19 - [TEST_STEP][PASSED] - takeScreenshot(screenPath + i + ".png"): Taking screenshot successfully

2019-12-09 01:15:19 - [MESSAGE][PASSED] - Taking screenshot successfully
[[ATTACHMENT|D:\\Test\\AgileTest\\Reports\\HIC\\hic\\20191209_004704\\../Screenshots/iPhone 6/HIC/Teladoc/Teladoc/20191209_011313/7.png]]

2019-12-09 01:15:19 - [TEST_STEP][PASSED] - (internal.GlobalVariable.i++): null

2019-12-09 01:15:19 - [MESSAGE][PASSED] - Call Test Case 'Test Cases/AHI/_include/get_screenshot' successfully

2019-12-09 01:15:19 - [TEST_STEP][PASSED] - verifyTextPresent("Congratulations", false): Text 'Congratulations' is present on page 

2019-12-09 01:15:20 - [MESSAGE][PASSED] - Text 'Congratulations' is present on page]]></system-out>
         <system-err><![CDATA[]]></system-err>
      </testcase>
      <system-out><![CDATA[2019-12-09 00:47:07 - [TEST_SUITE][FAILED] - hic: Test Cases/HIC/STM/AdvantHealth FAILED.
Reason:
com.kms.katalon.core.exception.StepFailedException: Unable to click on object 'Object Repository/mobileSanity/STM/STM Quote Page/button_filters' (Root cause: org.openqa.selenium.WebDriverException: unknown error: Element <button type="button" class="js-toggle-others c-filter-toggle-v3 ">...</button> is not clickable at point (173, 138). Other element would receive the click: <p class="leadBox--subheader">...</p>
  (Session info: chrome=78.0.3904.108)
  (Driver info: chromedriver=2.43.600210 (68dcf5eebde37173d4027fa8635e332711d2874a),platform=Windows NT 6.3.9600 x86_64) (WARNING: The server did not provide any stacktrace information)
Command duration or timeout: 0 milliseconds
Build info: version: '3.7.1', revision: '8a0099a', time: '2017-11-06T21:07:36.161Z'
System info: host: 'WIN-U215233FMVE', ip: '172.30.0.53', os.name: 'Windows Server 2012 R2', os.arch: 'amd64', os.version: '6.3', java.version: '1.8.0_181'
Driver info: com.kms.katalon.selenium.driver.CChromeDriver
Capabilities {acceptInsecureCerts: false, acceptSslCerts: false, applicationCacheEnabled: false, browserConnectionEnabled: false, browserName: chrome, chrome: {chromedriverVersion: 2.43.600210 (68dcf5eebde371..., userDataDir: C:\Users\ADMINI~1\AppData\L...}, cssSelectorsEnabled: true, databaseEnabled: false, goog:chromeOptions: {debuggerAddress: localhost:65088}, handlesAlerts: true, hasTouchScreen: true, javascriptEnabled: true, locationContextEnabled: true, mobileEmulationEnabled: true, nativeEvents: true, networkConnectionEnabled: false, pageLoadStrategy: normal, platform: XP, platformName: XP, rotatable: false, setWindowRect: true, takesHeapSnapshot: true, takesScreenshot: true, unexpectedAlertBehaviour: , unhandledPromptBehavior: , version: 78.0.3904.108, webStorageEnabled: true}
Session ID: 9713f87d7b52e8678f4112b16c1656ec)
	at com.kms.katalon.core.keyword.internal.KeywordMain.stepFailed(KeywordMain.groovy:36)
	at com.kms.katalon.core.webui.keyword.internal.WebUIKeywordMain.stepFailed(WebUIKeywordMain.groovy:65)
	at com.kms.katalon.core.webui.keyword.internal.WebUIKeywordMain.runKeyword(WebUIKeywordMain.groovy:27)
	at com.kms.katalon.core.webui.keyword.builtin.ClickKeyword.click(ClickKeyword.groovy:86)
	at com.kms.katalon.core.webui.keyword.builtin.ClickKeyword.execute(ClickKeyword.groovy:67)
	at com.kms.katalon.core.keyword.internal.KeywordExecutor.executeKeywordForPlatform(KeywordExecutor.groovy:53)
	at com.kms.katalon.core.webui.keyword.WebUiBuiltInKeywords.click(WebUiBuiltInKeywords.groovy:616)
	at com.kms.katalon.core.webui.keyword.WebUiBuiltInKeywords$click$2.call(Unknown Source)
	at filter_stm.run(filter_stm:28)
	at com.kms.katalon.core.main.ScriptEngine.run(ScriptEngine.java:194)
	at com.kms.katalon.core.main.ScriptEngine.runScriptAsRawText(ScriptEngine.java:119)
	at com.kms.katalon.core.main.TestCaseExecutor.runScript(TestCaseExecutor.java:328)
	at com.kms.katalon.core.main.TestCaseExecutor.doExecute(TestCaseExecutor.java:319)
	at com.kms.katalon.core.main.TestCaseExecutor.processExecutionPhase(TestCaseExecutor.java:298)
	at com.kms.katalon.core.main.TestCaseExecutor.accessMainPhase(TestCaseExecutor.java:290)
	at com.kms.katalon.core.main.TestCaseExecutor.execute(TestCaseExecutor.java:224)
	at com.kms.katalon.core.main.TestCaseMain.runTestCase(TestCaseMain.java:106)
	at com.kms.katalon.core.keyword.builtin.CallTestCaseKeyword$_callTestCase_closure1.doCall(CallTestCaseKeyword.groovy:59)
	at com.kms.katalon.core.keyword.builtin.CallTestCaseKeyword$_callTestCase_closure1.call(CallTestCaseKeyword.groovy)
	at com.kms.katalon.core.keyword.internal.KeywordMain.runKeyword(KeywordMain.groovy:54)
	at com.kms.katalon.core.keyword.builtin.CallTestCaseKeyword.callTestCase(CallTestCaseKeyword.groovy:80)
	at com.kms.katalon.core.keyword.builtin.CallTestCaseKeyword.execute(CallTestCaseKeyword.groovy:44)
	at com.kms.katalon.core.keyword.internal.KeywordExecutor.executeKeywordForPlatform(KeywordExecutor.groovy:53)
	at com.kms.katalon.core.keyword.BuiltinKeywords.callTestCase(BuiltinKeywords.groovy:334)
	at AdvantHealth.run(AdvantHealth:36)
	at com.kms.katalon.core.main.ScriptEngine.run(ScriptEngine.java:194)
	at com.kms.katalon.core.main.ScriptEngine.runScriptAsRawText(ScriptEngine.java:119)
	at com.kms.katalon.core.main.TestCaseExecutor.runScript(TestCaseExecutor.java:328)
	at com.kms.katalon.core.main.TestCaseExecutor.doExecute(TestCaseExecutor.java:319)
	at com.kms.katalon.core.main.TestCaseExecutor.processExecutionPhase(TestCaseExecutor.java:298)
	at com.kms.katalon.core.main.TestCaseExecutor.accessMainPhase(TestCaseExecutor.java:290)
	at com.kms.katalon.core.main.TestCaseExecutor.execute(TestCaseExecutor.java:224)
	at com.kms.katalon.core.main.TestSuiteExecutor.accessTestCaseMainPhase(TestSuiteExecutor.java:129)
	at com.kms.katalon.core.main.TestSuiteExecutor.accessTestSuiteMainPhase(TestSuiteExecutor.java:112)
	at com.kms.katalon.core.main.TestSuiteExecutor.execute(TestSuiteExecutor.java:81)
	at com.kms.katalon.core.main.TestCaseMain.startTestSuite(TestCaseMain.java:149)
	at com.kms.katalon.core.main.TestCaseMain$startTestSuite$0.call(Unknown Source)
	at TempTestSuite1575870424581.run(TempTestSuite1575870424581.groovy:36)]]></system-out>
      <system-err><![CDATA[2019-12-09 00:47:07 - [TEST_SUITE][FAILED] - hic: Test Cases/HIC/STM/AdvantHealth FAILED.
Reason:
com.kms.katalon.core.exception.StepFailedException: Unable to click on object 'Object Repository/mobileSanity/STM/STM Quote Page/button_filters' (Root cause: org.openqa.selenium.WebDriverException: unknown error: Element <button type="button" class="js-toggle-others c-filter-toggle-v3 ">...</button> is not clickable at point (173, 138). Other element would receive the click: <p class="leadBox--subheader">...</p>
  (Session info: chrome=78.0.3904.108)
  (Driver info: chromedriver=2.43.600210 (68dcf5eebde37173d4027fa8635e332711d2874a),platform=Windows NT 6.3.9600 x86_64) (WARNING: The server did not provide any stacktrace information)
Command duration or timeout: 0 milliseconds
Build info: version: '3.7.1', revision: '8a0099a', time: '2017-11-06T21:07:36.161Z'
System info: host: 'WIN-U215233FMVE', ip: '172.30.0.53', os.name: 'Windows Server 2012 R2', os.arch: 'amd64', os.version: '6.3', java.version: '1.8.0_181'
Driver info: com.kms.katalon.selenium.driver.CChromeDriver
Capabilities {acceptInsecureCerts: false, acceptSslCerts: false, applicationCacheEnabled: false, browserConnectionEnabled: false, browserName: chrome, chrome: {chromedriverVersion: 2.43.600210 (68dcf5eebde371..., userDataDir: C:\Users\ADMINI~1\AppData\L...}, cssSelectorsEnabled: true, databaseEnabled: false, goog:chromeOptions: {debuggerAddress: localhost:65088}, handlesAlerts: true, hasTouchScreen: true, javascriptEnabled: true, locationContextEnabled: true, mobileEmulationEnabled: true, nativeEvents: true, networkConnectionEnabled: false, pageLoadStrategy: normal, platform: XP, platformName: XP, rotatable: false, setWindowRect: true, takesHeapSnapshot: true, takesScreenshot: true, unexpectedAlertBehaviour: , unhandledPromptBehavior: , version: 78.0.3904.108, webStorageEnabled: true}
Session ID: 9713f87d7b52e8678f4112b16c1656ec)
	at com.kms.katalon.core.keyword.internal.KeywordMain.stepFailed(KeywordMain.groovy:36)
	at com.kms.katalon.core.webui.keyword.internal.WebUIKeywordMain.stepFailed(WebUIKeywordMain.groovy:65)
	at com.kms.katalon.core.webui.keyword.internal.WebUIKeywordMain.runKeyword(WebUIKeywordMain.groovy:27)
	at com.kms.katalon.core.webui.keyword.builtin.ClickKeyword.click(ClickKeyword.groovy:86)
	at com.kms.katalon.core.webui.keyword.builtin.ClickKeyword.execute(ClickKeyword.groovy:67)
	at com.kms.katalon.core.keyword.internal.KeywordExecutor.executeKeywordForPlatform(KeywordExecutor.groovy:53)
	at com.kms.katalon.core.webui.keyword.WebUiBuiltInKeywords.click(WebUiBuiltInKeywords.groovy:616)
	at com.kms.katalon.core.webui.keyword.WebUiBuiltInKeywords$click$2.call(Unknown Source)
	at filter_stm.run(filter_stm:28)
	at com.kms.katalon.core.main.ScriptEngine.run(ScriptEngine.java:194)
	at com.kms.katalon.core.main.ScriptEngine.runScriptAsRawText(ScriptEngine.java:119)
	at com.kms.katalon.core.main.TestCaseExecutor.runScript(TestCaseExecutor.java:328)
	at com.kms.katalon.core.main.TestCaseExecutor.doExecute(TestCaseExecutor.java:319)
	at com.kms.katalon.core.main.TestCaseExecutor.processExecutionPhase(TestCaseExecutor.java:298)
	at com.kms.katalon.core.main.TestCaseExecutor.accessMainPhase(TestCaseExecutor.java:290)
	at com.kms.katalon.core.main.TestCaseExecutor.execute(TestCaseExecutor.java:224)
	at com.kms.katalon.core.main.TestCaseMain.runTestCase(TestCaseMain.java:106)
	at com.kms.katalon.core.keyword.builtin.CallTestCaseKeyword$_callTestCase_closure1.doCall(CallTestCaseKeyword.groovy:59)
	at com.kms.katalon.core.keyword.builtin.CallTestCaseKeyword$_callTestCase_closure1.call(CallTestCaseKeyword.groovy)
	at com.kms.katalon.core.keyword.internal.KeywordMain.runKeyword(KeywordMain.groovy:54)
	at com.kms.katalon.core.keyword.builtin.CallTestCaseKeyword.callTestCase(CallTestCaseKeyword.groovy:80)
	at com.kms.katalon.core.keyword.builtin.CallTestCaseKeyword.execute(CallTestCaseKeyword.groovy:44)
	at com.kms.katalon.core.keyword.internal.KeywordExecutor.executeKeywordForPlatform(KeywordExecutor.groovy:53)
	at com.kms.katalon.core.keyword.BuiltinKeywords.callTestCase(BuiltinKeywords.groovy:334)
	at AdvantHealth.run(AdvantHealth:36)
	at com.kms.katalon.core.main.ScriptEngine.run(ScriptEngine.java:194)
	at com.kms.katalon.core.main.ScriptEngine.runScriptAsRawText(ScriptEngine.java:119)
	at com.kms.katalon.core.main.TestCaseExecutor.runScript(TestCaseExecutor.java:328)
	at com.kms.katalon.core.main.TestCaseExecutor.doExecute(TestCaseExecutor.java:319)
	at com.kms.katalon.core.main.TestCaseExecutor.processExecutionPhase(TestCaseExecutor.java:298)
	at com.kms.katalon.core.main.TestCaseExecutor.accessMainPhase(TestCaseExecutor.java:290)
	at com.kms.katalon.core.main.TestCaseExecutor.execute(TestCaseExecutor.java:224)
	at com.kms.katalon.core.main.TestSuiteExecutor.accessTestCaseMainPhase(TestSuiteExecutor.java:129)
	at com.kms.katalon.core.main.TestSuiteExecutor.accessTestSuiteMainPhase(TestSuiteExecutor.java:112)
	at com.kms.katalon.core.main.TestSuiteExecutor.execute(TestSuiteExecutor.java:81)
	at com.kms.katalon.core.main.TestCaseMain.startTestSuite(TestCaseMain.java:149)
	at com.kms.katalon.core.main.TestCaseMain$startTestSuite$0.call(Unknown Source)
	at TempTestSuite1575870424581.run(TempTestSuite1575870424581.groovy:36)]]></system-err>
   </testsuite>
</testsuites>
