<?xml version="1.0" encoding="UTF-8"?>
<testsuites name="HP" time="874" tests="6" failures="0" errors="2">
   <testsuite name="HP" tests="6" failures="0" errors="2" time="874" timestamp="2020-04-09 08:01:36" hostname="Administrator - 172.30.0.53" id="Test Suites/HP/HP">
      <properties>
         <property name="deviceName" value=""/>
         <property name="devicePlatform" value=""/>
         <property name="logFolder" value="D:\\Test\\AgileTest\\Reports\\HP\\HP\\20200409_080112"/>
         <property name="logFiles" value="D:\\Test\\AgileTest\\Reports\\HP\\HP\\20200409_080112\\execution0.log"/>
         <property name="attachments" value="D:\\Test\\AgileTest\\Reports\\HP\\HP\\20200409_080112\\../Screenshots/iPhone 6/HP/ACA/20200409_080150/0.png, D:\\Test\\AgileTest\\Reports\\HP\\HP\\20200409_080112\\../Screenshots/iPhone 6/HP/ACA/20200409_080150/1.png, D:\\Test\\AgileTest\\Reports\\HP\\HP\\20200409_080112\\../Screenshots/iPhone 6/HP/ACA/20200409_080150/2.png, D:\\Test\\AgileTest\\Reports\\HP\\HP\\20200409_080112\\../Screenshots/iPhone 6/HP/Dental/20200409_080545/0.png, D:\\Test\\AgileTest\\Reports\\HP\\HP\\20200409_080112\\../Screenshots/iPhone 6/HP/Dental/20200409_080545/1.png, D:\\Test\\AgileTest\\Reports\\HP\\HP\\20200409_080112\\../Screenshots/iPhone 6/HP/Dental/20200409_080545/2.png, D:\\Test\\AgileTest\\Reports\\HP\\HP\\20200409_080112\\../Screenshots/iPhone 6/HP/Dental/20200409_080545/3.png, D:\\Test\\AgileTest\\Reports\\HP\\HP\\20200409_080112\\../Screenshots/iPhone 6/HP/Medicaid Public/20200409_080841/0.png, D:\\Test\\AgileTest\\Reports\\HP\\HP\\20200409_080112\\../Screenshots/iPhone 6/HP/Medicaid Public/20200409_080841/1.png, D:\\Test\\AgileTest\\Reports\\HP\\HP\\20200409_080112\\../Screenshots/iPhone 6/HP/Medicaid Public/20200409_080841/2.png, D:\\Test\\AgileTest\\Reports\\HP\\HP\\20200409_080112\\../Screenshots/iPhone 6/HP/Medicare/20200409_081002/0.png, D:\\Test\\AgileTest\\Reports\\HP\\HP\\20200409_080112\\../Screenshots/iPhone 6/HP/Medicare/20200409_081002/1.png, D:\\Test\\AgileTest\\Reports\\HP\\HP\\20200409_080112\\../Screenshots/iPhone 6/HP/Medicare/20200409_081002/2.png, D:\\Test\\AgileTest\\Reports\\HP\\HP\\20200409_080112\\../Screenshots/iPhone 6/HP/Medigap/20200409_081143/0.png, D:\\Test\\AgileTest\\Reports\\HP\\HP\\20200409_080112\\../Screenshots/iPhone 6/HP/Medigap/20200409_081143/1.png, D:\\Test\\AgileTest\\Reports\\HP\\HP\\20200409_080112\\../Screenshots/iPhone 6/HP/Medigap/20200409_081143/2.png, D:\\Test\\AgileTest\\Reports\\HP\\HP\\20200409_080112\\../Screenshots/iPhone 6/HP/Small Business/20200409_081253/0.png, D:\\Test\\AgileTest\\Reports\\HP\\HP\\20200409_080112\\../Screenshots/iPhone 6/HP/Small Business/20200409_081253/1.png, D:\\Test\\AgileTest\\Reports\\HP\\HP\\20200409_080112\\../Screenshots/iPhone 6/HP/Small Business/20200409_081253/2.png, D:\\Test\\AgileTest\\Reports\\HP\\HP\\20200409_080112\\../Screenshots/iPhone 6/HP/Home/20200409_081512/0.png"/>
         <property name="hostName" value="Administrator - 172.30.0.53"/>
         <property name="os" value="Windows Server 2012 R2 64bit"/>
         <property name="katalonVersion" value="5.10.1.1"/>
         <property name="browser" value="Safari 11"/>
         <property name="hostAddress" value="172.30.0.53"/>
         <property name="sessionId" value="489d846865f81e7025eb4912bcd205ba"/>
         <property name="seleniumVersion" value="3.7.1"/>
         <property name="proxyInformation" value="ProxyInformation{proxyOption=NO_PROXY, proxyServerType=HTTP, password=, proxyServerAddress=, proxyServerPort=0}"/>
         <property name="platform" value="Windows Server 2012 R2"/>
      </properties>
      <testcase name="Test Cases/HP/Health Plans/ACA" classname="Test Cases/HP/Health Plans/ACA" status="ERROR">
         <error type="ERROR" message="Test Cases/HP/Health Plans/ACA FAILED.
Reason:
com.thoughtworks.selenium.SeleniumException: Timed out waiting for action to finish
	at com.thoughtworks.selenium.webdriven.Timer.run(Timer.java:46)
	at com.thoughtworks.selenium.webdriven.WebDriverCommandProcessor.execute(WebDriverCommandProcessor.java:150)
	at com.thoughtworks.selenium.webdriven.WebDriverCommandProcessor.doCommand(WebDriverCommandProcessor.java:76)
	at com.thoughtworks.selenium.DefaultSelenium.click(DefaultSelenium.java:198)
	at com.thoughtworks.selenium.Selenium$click$0.call(Unknown Source)
	at ACA.run(ACA:104)
	at com.kms.katalon.core.main.ScriptEngine.run(ScriptEngine.java:194)
	at com.kms.katalon.core.main.ScriptEngine.runScriptAsRawText(ScriptEngine.java:119)
	at com.kms.katalon.core.main.TestCaseExecutor.runScript(TestCaseExecutor.java:328)
	at com.kms.katalon.core.main.TestCaseExecutor.doExecute(TestCaseExecutor.java:319)
	at com.kms.katalon.core.main.TestCaseExecutor.processExecutionPhase(TestCaseExecutor.java:298)
	at com.kms.katalon.core.main.TestCaseExecutor.accessMainPhase(TestCaseExecutor.java:290)
	at com.kms.katalon.core.main.TestCaseExecutor.execute(TestCaseExecutor.java:224)
	at com.kms.katalon.core.main.TestSuiteExecutor.accessTestCaseMainPhase(TestSuiteExecutor.java:129)
	at com.kms.katalon.core.main.TestSuiteExecutor.accessTestSuiteMainPhase(TestSuiteExecutor.java:112)
	at com.kms.katalon.core.main.TestSuiteExecutor.execute(TestSuiteExecutor.java:81)
	at com.kms.katalon.core.main.TestCaseMain.startTestSuite(TestCaseMain.java:149)
	at com.kms.katalon.core.main.TestCaseMain$startTestSuite$0.call(Unknown Source)
	at TempTestSuite1586433672099.run(TempTestSuite1586433672099.groovy:36)
"/>
         <system-out><![CDATA[2020-04-09 08:01:37 - [TEST_CASE][ERROR] - Test Cases/HP/Health Plans/ACA: Test Cases/HP/Health Plans/ACA FAILED.
Reason:
com.thoughtworks.selenium.SeleniumException: Timed out waiting for action to finish
	at com.thoughtworks.selenium.webdriven.Timer.run(Timer.java:46)
	at com.thoughtworks.selenium.webdriven.WebDriverCommandProcessor.execute(WebDriverCommandProcessor.java:150)
	at com.thoughtworks.selenium.webdriven.WebDriverCommandProcessor.doCommand(WebDriverCommandProcessor.java:76)
	at com.thoughtworks.selenium.DefaultSelenium.click(DefaultSelenium.java:198)
	at com.thoughtworks.selenium.Selenium$click$0.call(Unknown Source)
	at ACA.run(ACA:104)
	at com.kms.katalon.core.main.ScriptEngine.run(ScriptEngine.java:194)
	at com.kms.katalon.core.main.ScriptEngine.runScriptAsRawText(ScriptEngine.java:119)
	at com.kms.katalon.core.main.TestCaseExecutor.runScript(TestCaseExecutor.java:328)
	at com.kms.katalon.core.main.TestCaseExecutor.doExecute(TestCaseExecutor.java:319)
	at com.kms.katalon.core.main.TestCaseExecutor.processExecutionPhase(TestCaseExecutor.java:298)
	at com.kms.katalon.core.main.TestCaseExecutor.accessMainPhase(TestCaseExecutor.java:290)
	at com.kms.katalon.core.main.TestCaseExecutor.execute(TestCaseExecutor.java:224)
	at com.kms.katalon.core.main.TestSuiteExecutor.accessTestCaseMainPhase(TestSuiteExecutor.java:129)
	at com.kms.katalon.core.main.TestSuiteExecutor.accessTestSuiteMainPhase(TestSuiteExecutor.java:112)
	at com.kms.katalon.core.main.TestSuiteExecutor.execute(TestSuiteExecutor.java:81)
	at com.kms.katalon.core.main.TestCaseMain.startTestSuite(TestCaseMain.java:149)
	at com.kms.katalon.core.main.TestCaseMain$startTestSuite$0.call(Unknown Source)
	at TempTestSuite1586433672099.run(TempTestSuite1586433672099.groovy:36)


2020-04-09 08:01:44 - [TEST_STEP][PASSED] - now = new java.util.Date(): null

2020-04-09 08:01:49 - [TEST_STEP][PASSED] - mydate = now.format("yyyyMMdd_HHmmss"): null

2020-04-09 08:01:49 - [TEST_STEP][PASSED] - i = 0: null

2020-04-09 08:01:49 - [TEST_STEP][PASSED] - callTestCase(findTestCase("AHI/_include/get_screenPath"), ["productLine":"HP", "carrierName":"ACA"], CONTINUE_ON_FAILURE): Call Test Case 'Test Cases/AHI/_include/get_screenPath' successfully

2020-04-09 08:01:50 - [TEST_CASE][PASSED] - Test Cases/AHI/_include/get_screenPath: Test Cases/AHI/_include/get_screenPath

2020-04-09 08:01:50 - [TEST_STEP][PASSED] - m = getExecutionProperties(): null

2020-04-09 08:01:50 - [TEST_STEP][PASSED] - deviceName = get("mobileEmulation").get("deviceName"): null

2020-04-09 08:01:50 - [TEST_STEP][PASSED] - println(deviceName): null

2020-04-09 08:01:50 - [TEST_STEP][PASSED] - now = new java.util.Date(): null

2020-04-09 08:01:50 - [TEST_STEP][PASSED] - mydate = now.format("yyyyMMdd_HHmmss"): null

2020-04-09 08:01:50 - [TEST_STEP][PASSED] - screenPath = "../Screenshots/": null

2020-04-09 08:01:50 - [TEST_STEP][PASSED] - screenPath = screenPath + deviceName + "/" + productLine + "/" + carrierName + "/" + mydate + "/": null

2020-04-09 08:01:50 - [TEST_STEP][PASSED] - println(screenPath): null

2020-04-09 08:01:50 - [MESSAGE][PASSED] - Call Test Case 'Test Cases/AHI/_include/get_screenPath' successfully

2020-04-09 08:01:50 - [TEST_STEP][PASSED] - second = <not implemented yet for class: org.codehaus.groovy.ast.expr.EmptyExpression>: null

2020-04-09 08:01:50 - [TEST_STEP][PASSED] - openBrowser(env + "/individual-health-insurance"): Browser is opened with url: 'http://pengujian.healthpocket.com/individual-health-insurance'

2020-04-09 08:01:51 - [MESSAGE][INFO] - Starting 'Chrome' driver

2020-04-09 08:01:51 - [MESSAGE][INFO] - User set preference: ['mobileEmulation', '{deviceName=iPhone 6}']

2020-04-09 08:01:51 - [MESSAGE][INFO] - User set preference: ['args', '[--incognito, --aggressive-cache-discard, --window-size=375,677, --no-sandbox, --ignore-certificate-errors]']

2020-04-09 08:01:51 - [MESSAGE][INFO] - Action delay is set to 0 seconds

2020-04-09 08:03:45 - [MESSAGE][PASSED] - Browser is opened with url: 'http://pengujian.healthpocket.com/individual-health-insurance'

2020-04-09 08:03:45 - [TEST_STEP][PASSED] - Thread.sleep(3000): null

2020-04-09 08:03:48 - [TEST_STEP][PASSED] - callTestCase(findTestCase("AHI/_include/get_screenshot"), [:], STOP_ON_FAILURE): Call Test Case 'Test Cases/AHI/_include/get_screenshot' successfully

2020-04-09 08:03:48 - [TEST_CASE][PASSED] - Test Cases/AHI/_include/get_screenshot: Test Cases/AHI/_include/get_screenshot

2020-04-09 08:03:51 - [TEST_STEP][PASSED] - Thread.sleep(1000): null

2020-04-09 08:03:54 - [TEST_STEP][PASSED] - takeScreenshot(screenPath + i + ".png"): Taking screenshot successfully

2020-04-09 08:03:57 - [MESSAGE][PASSED] - Taking screenshot successfully
[[ATTACHMENT|D:\\Test\\AgileTest\\Reports\\HP\\HP\\20200409_080112\\../Screenshots/iPhone 6/HP/ACA/20200409_080150/0.png]]

2020-04-09 08:03:57 - [TEST_STEP][PASSED] - (internal.GlobalVariable.i++): null

2020-04-09 08:03:57 - [MESSAGE][PASSED] - Call Test Case 'Test Cases/AHI/_include/get_screenshot' successfully

2020-04-09 08:03:57 - [TEST_STEP][PASSED] - driver = getWebDriver(): null

2020-04-09 08:03:57 - [TEST_STEP][PASSED] - baseUrl = env: null

2020-04-09 08:03:57 - [TEST_STEP][PASSED] - selenium = new com.thoughtworks.selenium.webdriven.WebDriverBackedSelenium(driver, baseUrl): null

2020-04-09 08:03:58 - [TEST_STEP][PASSED] - for ([second = 0, second < 10, (second++)]): null

2020-04-09 08:03:58 - [TEST_STEP][PASSED] - try: null

2020-04-09 08:03:58 - [TEST_STEP][PASSED] - if (selenium.isElementPresent("//a[contains(text(),'No Thanks. I want to see ACA plans.')]")): null

2020-04-09 08:04:00 - [TEST_STEP][PASSED] - selenium.click("//a[contains(text(),'No Thanks. I want to see ACA plans.')]"): null

2020-04-09 08:04:14 - [TEST_STEP][PASSED] - break: null

2020-04-09 08:04:14 - [TEST_STEP][PASSED] - for ([second = 0, second < 10, (second++)]): null

2020-04-09 08:04:14 - [TEST_STEP][PASSED] - try: null

2020-04-09 08:04:14 - [TEST_STEP][PASSED] - if (selenium.isElementPresent("id=location")): null

2020-04-09 08:04:19 - [TEST_STEP][PASSED] - break: null

2020-04-09 08:04:19 - [TEST_STEP][PASSED] - callTestCase(findTestCase("AHI/_include/get_screenshot"), [:], STOP_ON_FAILURE): Call Test Case 'Test Cases/AHI/_include/get_screenshot' successfully

2020-04-09 08:04:19 - [TEST_CASE][PASSED] - Test Cases/AHI/_include/get_screenshot: Test Cases/AHI/_include/get_screenshot

2020-04-09 08:04:19 - [TEST_STEP][PASSED] - Thread.sleep(1000): null

2020-04-09 08:04:20 - [TEST_STEP][PASSED] - takeScreenshot(screenPath + i + ".png"): Taking screenshot successfully

2020-04-09 08:04:25 - [MESSAGE][PASSED] - Taking screenshot successfully
[[ATTACHMENT|D:\\Test\\AgileTest\\Reports\\HP\\HP\\20200409_080112\\../Screenshots/iPhone 6/HP/ACA/20200409_080150/1.png]]

2020-04-09 08:04:25 - [TEST_STEP][PASSED] - (internal.GlobalVariable.i++): null

2020-04-09 08:04:25 - [MESSAGE][PASSED] - Call Test Case 'Test Cases/AHI/_include/get_screenshot' successfully

2020-04-09 08:04:25 - [TEST_STEP][PASSED] - selenium.type("id=location", "32209"): null

2020-04-09 08:04:33 - [TEST_STEP][PASSED] - selenium.click("id=findPlans"): null

2020-04-09 08:04:37 - [TEST_STEP][PASSED] - for ([second = 0, second < 10, (second++)]): null

2020-04-09 08:04:37 - [TEST_STEP][PASSED] - try: null

2020-04-09 08:04:37 - [TEST_STEP][PASSED] - if (selenium.isElementPresent("//a[contains(text(),'Select')]")): null

2020-04-09 08:04:57 - [TEST_STEP][PASSED] - Thread.sleep(1000): null

2020-04-09 08:04:58 - [TEST_STEP][PASSED] - try: null

2020-04-09 08:04:58 - [TEST_STEP][PASSED] - if (selenium.isElementPresent("//a[contains(text(),'Select')]")): null

2020-04-09 08:04:59 - [TEST_STEP][PASSED] - break: null

2020-04-09 08:04:59 - [TEST_STEP][PASSED] - callTestCase(findTestCase("AHI/_include/get_screenshot"), [:], STOP_ON_FAILURE): Call Test Case 'Test Cases/AHI/_include/get_screenshot' successfully

2020-04-09 08:04:59 - [TEST_CASE][PASSED] - Test Cases/AHI/_include/get_screenshot: Test Cases/AHI/_include/get_screenshot

2020-04-09 08:04:59 - [TEST_STEP][PASSED] - Thread.sleep(1000): null

2020-04-09 08:05:00 - [TEST_STEP][PASSED] - takeScreenshot(screenPath + i + ".png"): Taking screenshot successfully

2020-04-09 08:05:03 - [MESSAGE][PASSED] - Taking screenshot successfully
[[ATTACHMENT|D:\\Test\\AgileTest\\Reports\\HP\\HP\\20200409_080112\\../Screenshots/iPhone 6/HP/ACA/20200409_080150/2.png]]

2020-04-09 08:05:03 - [TEST_STEP][PASSED] - (internal.GlobalVariable.i++): null

2020-04-09 08:05:03 - [MESSAGE][PASSED] - Call Test Case 'Test Cases/AHI/_include/get_screenshot' successfully

2020-04-09 08:05:03 - [TEST_STEP][PASSED] - Thread.sleep(3000): null

2020-04-09 08:05:06 - [TEST_STEP][ERROR] - selenium.click("//a[contains(text(),'Select')]"): selenium.click("//a[contains(text(),'Select')]") FAILED.
Reason:
com.thoughtworks.selenium.SeleniumException: Timed out waiting for action to finish
	at com.thoughtworks.selenium.webdriven.Timer.run(Timer.java:46)
	at com.thoughtworks.selenium.webdriven.WebDriverCommandProcessor.execute(WebDriverCommandProcessor.java:150)
	at com.thoughtworks.selenium.webdriven.WebDriverCommandProcessor.doCommand(WebDriverCommandProcessor.java:76)
	at com.thoughtworks.selenium.DefaultSelenium.click(DefaultSelenium.java:198)
	at com.thoughtworks.selenium.Selenium$click$0.call(Unknown Source)
	at ACA.run(ACA:104)
	at com.kms.katalon.core.main.ScriptEngine.run(ScriptEngine.java:194)
	at com.kms.katalon.core.main.ScriptEngine.runScriptAsRawText(ScriptEngine.java:119)
	at com.kms.katalon.core.main.TestCaseExecutor.runScript(TestCaseExecutor.java:328)
	at com.kms.katalon.core.main.TestCaseExecutor.doExecute(TestCaseExecutor.java:319)
	at com.kms.katalon.core.main.TestCaseExecutor.processExecutionPhase(TestCaseExecutor.java:298)
	at com.kms.katalon.core.main.TestCaseExecutor.accessMainPhase(TestCaseExecutor.java:290)
	at com.kms.katalon.core.main.TestCaseExecutor.execute(TestCaseExecutor.java:224)
	at com.kms.katalon.core.main.TestSuiteExecutor.accessTestCaseMainPhase(TestSuiteExecutor.java:129)
	at com.kms.katalon.core.main.TestSuiteExecutor.accessTestSuiteMainPhase(TestSuiteExecutor.java:112)
	at com.kms.katalon.core.main.TestSuiteExecutor.execute(TestSuiteExecutor.java:81)
	at com.kms.katalon.core.main.TestCaseMain.startTestSuite(TestCaseMain.java:149)
	at com.kms.katalon.core.main.TestCaseMain$startTestSuite$0.call(Unknown Source)
	at TempTestSuite1586433672099.run(TempTestSuite1586433672099.groovy:36)


2020-04-09 08:05:41 - [MESSAGE][ERROR] - selenium.click("//a[contains(text(),'Select')]") FAILED.
Reason:
com.thoughtworks.selenium.SeleniumException: Timed out waiting for action to finish
	at com.thoughtworks.selenium.webdriven.Timer.run(Timer.java:46)
	at com.thoughtworks.selenium.webdriven.WebDriverCommandProcessor.execute(WebDriverCommandProcessor.java:150)
	at com.thoughtworks.selenium.webdriven.WebDriverCommandProcessor.doCommand(WebDriverCommandProcessor.java:76)
	at com.thoughtworks.selenium.DefaultSelenium.click(DefaultSelenium.java:198)
	at com.thoughtworks.selenium.Selenium$click$0.call(Unknown Source)
	at ACA.run(ACA:104)
	at com.kms.katalon.core.main.ScriptEngine.run(ScriptEngine.java:194)
	at com.kms.katalon.core.main.ScriptEngine.runScriptAsRawText(ScriptEngine.java:119)
	at com.kms.katalon.core.main.TestCaseExecutor.runScript(TestCaseExecutor.java:328)
	at com.kms.katalon.core.main.TestCaseExecutor.doExecute(TestCaseExecutor.java:319)
	at com.kms.katalon.core.main.TestCaseExecutor.processExecutionPhase(TestCaseExecutor.java:298)
	at com.kms.katalon.core.main.TestCaseExecutor.accessMainPhase(TestCaseExecutor.java:290)
	at com.kms.katalon.core.main.TestCaseExecutor.execute(TestCaseExecutor.java:224)
	at com.kms.katalon.core.main.TestSuiteExecutor.accessTestCaseMainPhase(TestSuiteExecutor.java:129)
	at com.kms.katalon.core.main.TestSuiteExecutor.accessTestSuiteMainPhase(TestSuiteExecutor.java:112)
	at com.kms.katalon.core.main.TestSuiteExecutor.execute(TestSuiteExecutor.java:81)
	at com.kms.katalon.core.main.TestCaseMain.startTestSuite(TestCaseMain.java:149)
	at com.kms.katalon.core.main.TestCaseMain$startTestSuite$0.call(Unknown Source)
	at TempTestSuite1586433672099.run(TempTestSuite1586433672099.groovy:36)]]></system-out>
         <system-err><![CDATA[2020-04-09 08:01:37 - [TEST_CASE][ERROR] - Test Cases/HP/Health Plans/ACA: Test Cases/HP/Health Plans/ACA FAILED.
Reason:
com.thoughtworks.selenium.SeleniumException: Timed out waiting for action to finish
	at com.thoughtworks.selenium.webdriven.Timer.run(Timer.java:46)
	at com.thoughtworks.selenium.webdriven.WebDriverCommandProcessor.execute(WebDriverCommandProcessor.java:150)
	at com.thoughtworks.selenium.webdriven.WebDriverCommandProcessor.doCommand(WebDriverCommandProcessor.java:76)
	at com.thoughtworks.selenium.DefaultSelenium.click(DefaultSelenium.java:198)
	at com.thoughtworks.selenium.Selenium$click$0.call(Unknown Source)
	at ACA.run(ACA:104)
	at com.kms.katalon.core.main.ScriptEngine.run(ScriptEngine.java:194)
	at com.kms.katalon.core.main.ScriptEngine.runScriptAsRawText(ScriptEngine.java:119)
	at com.kms.katalon.core.main.TestCaseExecutor.runScript(TestCaseExecutor.java:328)
	at com.kms.katalon.core.main.TestCaseExecutor.doExecute(TestCaseExecutor.java:319)
	at com.kms.katalon.core.main.TestCaseExecutor.processExecutionPhase(TestCaseExecutor.java:298)
	at com.kms.katalon.core.main.TestCaseExecutor.accessMainPhase(TestCaseExecutor.java:290)
	at com.kms.katalon.core.main.TestCaseExecutor.execute(TestCaseExecutor.java:224)
	at com.kms.katalon.core.main.TestSuiteExecutor.accessTestCaseMainPhase(TestSuiteExecutor.java:129)
	at com.kms.katalon.core.main.TestSuiteExecutor.accessTestSuiteMainPhase(TestSuiteExecutor.java:112)
	at com.kms.katalon.core.main.TestSuiteExecutor.execute(TestSuiteExecutor.java:81)
	at com.kms.katalon.core.main.TestCaseMain.startTestSuite(TestCaseMain.java:149)
	at com.kms.katalon.core.main.TestCaseMain$startTestSuite$0.call(Unknown Source)
	at TempTestSuite1586433672099.run(TempTestSuite1586433672099.groovy:36)]]></system-err>
      </testcase>
      <testcase name="Test Cases/HP/Health Plans/Dental" classname="Test Cases/HP/Health Plans/Dental" status="PASSED">
         <system-out><![CDATA[2020-04-09 08:05:41 - [TEST_CASE][PASSED] - Test Cases/HP/Health Plans/Dental: Test Cases/HP/Health Plans/Dental

2020-04-09 08:05:45 - [TEST_STEP][PASSED] - now = new java.util.Date(): null

2020-04-09 08:05:45 - [TEST_STEP][PASSED] - mydate = now.format("yyyyMMdd_HHmmss"): null

2020-04-09 08:05:45 - [TEST_STEP][PASSED] - i = 0: null

2020-04-09 08:05:45 - [TEST_STEP][PASSED] - callTestCase(findTestCase("AHI/_include/get_screenPath"), ["productLine":"HP", "carrierName":"Dental"], CONTINUE_ON_FAILURE): Call Test Case 'Test Cases/AHI/_include/get_screenPath' successfully

2020-04-09 08:05:45 - [TEST_CASE][PASSED] - Test Cases/AHI/_include/get_screenPath: Test Cases/AHI/_include/get_screenPath

2020-04-09 08:05:45 - [TEST_STEP][PASSED] - m = getExecutionProperties(): null

2020-04-09 08:05:45 - [TEST_STEP][PASSED] - deviceName = get("mobileEmulation").get("deviceName"): null

2020-04-09 08:05:45 - [TEST_STEP][PASSED] - println(deviceName): null

2020-04-09 08:05:45 - [TEST_STEP][PASSED] - now = new java.util.Date(): null

2020-04-09 08:05:45 - [TEST_STEP][PASSED] - mydate = now.format("yyyyMMdd_HHmmss"): null

2020-04-09 08:05:45 - [TEST_STEP][PASSED] - screenPath = "../Screenshots/": null

2020-04-09 08:05:45 - [TEST_STEP][PASSED] - screenPath = screenPath + deviceName + "/" + productLine + "/" + carrierName + "/" + mydate + "/": null

2020-04-09 08:05:45 - [TEST_STEP][PASSED] - println(screenPath): null

2020-04-09 08:05:45 - [MESSAGE][PASSED] - Call Test Case 'Test Cases/AHI/_include/get_screenPath' successfully

2020-04-09 08:05:45 - [TEST_STEP][PASSED] - second = <not implemented yet for class: org.codehaus.groovy.ast.expr.EmptyExpression>: null

2020-04-09 08:05:45 - [TEST_STEP][PASSED] - openBrowser(env + "/dental-insurance"): Browser is opened with url: 'http://pengujian.healthpocket.com/dental-insurance'

2020-04-09 08:05:45 - [MESSAGE][WARNING] - A browser is already opened. Closing browser and opening a new one

2020-04-09 08:05:53 - [MESSAGE][INFO] - Starting 'Chrome' driver

2020-04-09 08:05:53 - [MESSAGE][INFO] - User set preference: ['mobileEmulation', '{deviceName=iPhone 6}']

2020-04-09 08:05:53 - [MESSAGE][INFO] - User set preference: ['args', '[--incognito, --aggressive-cache-discard, --window-size=375,677, --no-sandbox, --ignore-certificate-errors]']

2020-04-09 08:06:31 - [MESSAGE][PASSED] - Browser is opened with url: 'http://pengujian.healthpocket.com/dental-insurance'

2020-04-09 08:06:31 - [TEST_STEP][PASSED] - Thread.sleep(3000): null

2020-04-09 08:06:34 - [TEST_STEP][PASSED] - driver = getWebDriver(): null

2020-04-09 08:06:34 - [TEST_STEP][PASSED] - baseUrl = env: null

2020-04-09 08:06:34 - [TEST_STEP][PASSED] - selenium = new com.thoughtworks.selenium.webdriven.WebDriverBackedSelenium(driver, baseUrl): null

2020-04-09 08:06:35 - [TEST_STEP][PASSED] - selenium.refresh(): null

2020-04-09 08:06:46 - [TEST_STEP][PASSED] - selenium.waitForPageToLoad("30000"): null

2020-04-09 08:06:48 - [TEST_STEP][PASSED] - for ([second = 0, second < 10, (second++)]): null

2020-04-09 08:06:48 - [TEST_STEP][PASSED] - try: null

2020-04-09 08:06:48 - [TEST_STEP][PASSED] - if (selenium.isElementPresent("id=location")): null

2020-04-09 08:06:51 - [TEST_STEP][PASSED] - break: null

2020-04-09 08:06:52 - [TEST_STEP][PASSED] - callTestCase(findTestCase("AHI/_include/get_screenshot"), [:], STOP_ON_FAILURE): Call Test Case 'Test Cases/AHI/_include/get_screenshot' successfully

2020-04-09 08:06:52 - [TEST_CASE][PASSED] - Test Cases/AHI/_include/get_screenshot: Test Cases/AHI/_include/get_screenshot

2020-04-09 08:06:52 - [TEST_STEP][PASSED] - Thread.sleep(1000): null

2020-04-09 08:06:53 - [TEST_STEP][PASSED] - takeScreenshot(screenPath + i + ".png"): Taking screenshot successfully

2020-04-09 08:06:56 - [MESSAGE][PASSED] - Taking screenshot successfully
[[ATTACHMENT|D:\\Test\\AgileTest\\Reports\\HP\\HP\\20200409_080112\\../Screenshots/iPhone 6/HP/Dental/20200409_080545/0.png]]

2020-04-09 08:06:56 - [TEST_STEP][PASSED] - (internal.GlobalVariable.i++): null

2020-04-09 08:06:56 - [MESSAGE][PASSED] - Call Test Case 'Test Cases/AHI/_include/get_screenshot' successfully

2020-04-09 08:06:56 - [TEST_STEP][PASSED] - selenium.type("id=location", "32209"): null

2020-04-09 08:07:04 - [TEST_STEP][PASSED] - selenium.click("id=findPlans"): null

2020-04-09 08:07:31 - [TEST_STEP][PASSED] - for ([second = 0, second < 10, (second++)]): null

2020-04-09 08:07:31 - [TEST_STEP][PASSED] - try: null

2020-04-09 08:07:31 - [TEST_STEP][PASSED] - if (selenium.isElementPresent("//a[contains(text(),'Select')]")): null

2020-04-09 08:07:37 - [TEST_STEP][PASSED] - break: null

2020-04-09 08:07:37 - [TEST_STEP][PASSED] - callTestCase(findTestCase("AHI/_include/get_screenshot"), [:], STOP_ON_FAILURE): Call Test Case 'Test Cases/AHI/_include/get_screenshot' successfully

2020-04-09 08:07:37 - [TEST_CASE][PASSED] - Test Cases/AHI/_include/get_screenshot: Test Cases/AHI/_include/get_screenshot

2020-04-09 08:07:37 - [TEST_STEP][PASSED] - Thread.sleep(1000): null

2020-04-09 08:07:39 - [TEST_STEP][PASSED] - takeScreenshot(screenPath + i + ".png"): Taking screenshot successfully

2020-04-09 08:07:41 - [MESSAGE][PASSED] - Taking screenshot successfully
[[ATTACHMENT|D:\\Test\\AgileTest\\Reports\\HP\\HP\\20200409_080112\\../Screenshots/iPhone 6/HP/Dental/20200409_080545/1.png]]

2020-04-09 08:07:41 - [TEST_STEP][PASSED] - (internal.GlobalVariable.i++): null

2020-04-09 08:07:41 - [MESSAGE][PASSED] - Call Test Case 'Test Cases/AHI/_include/get_screenshot' successfully

2020-04-09 08:07:41 - [TEST_STEP][PASSED] - selenium.click("//a[contains(text(),'Select')]"): null

2020-04-09 08:07:42 - [TEST_STEP][PASSED] - for ([second = 0, second < 20, (second++)]): null

2020-04-09 08:07:42 - [TEST_STEP][PASSED] - try: null

2020-04-09 08:07:42 - [TEST_STEP][PASSED] - if (selenium.isElementPresent("xpath=(//a[contains(text(),'Apply Now')])")): null

2020-04-09 08:07:42 - [TEST_STEP][PASSED] - Thread.sleep(1000): null

2020-04-09 08:07:44 - [TEST_STEP][PASSED] - try: null

2020-04-09 08:07:44 - [TEST_STEP][PASSED] - if (selenium.isElementPresent("xpath=(//a[contains(text(),'Apply Now')])")): null

2020-04-09 08:07:44 - [TEST_STEP][PASSED] - Thread.sleep(1000): null

2020-04-09 08:07:45 - [TEST_STEP][PASSED] - try: null

2020-04-09 08:07:45 - [TEST_STEP][PASSED] - if (selenium.isElementPresent("xpath=(//a[contains(text(),'Apply Now')])")): null

2020-04-09 08:07:45 - [TEST_STEP][PASSED] - Thread.sleep(1000): null

2020-04-09 08:07:46 - [TEST_STEP][PASSED] - try: null

2020-04-09 08:07:46 - [TEST_STEP][PASSED] - if (selenium.isElementPresent("xpath=(//a[contains(text(),'Apply Now')])")): null

2020-04-09 08:07:49 - [TEST_STEP][PASSED] - Thread.sleep(1000): null

2020-04-09 08:07:50 - [TEST_STEP][PASSED] - try: null

2020-04-09 08:07:50 - [TEST_STEP][PASSED] - if (selenium.isElementPresent("xpath=(//a[contains(text(),'Apply Now')])")): null

2020-04-09 08:07:50 - [TEST_STEP][PASSED] - break: null

2020-04-09 08:07:50 - [TEST_STEP][PASSED] - callTestCase(findTestCase("AHI/_include/get_screenshot"), [:], STOP_ON_FAILURE): Call Test Case 'Test Cases/AHI/_include/get_screenshot' successfully

2020-04-09 08:07:50 - [TEST_CASE][PASSED] - Test Cases/AHI/_include/get_screenshot: Test Cases/AHI/_include/get_screenshot

2020-04-09 08:07:50 - [TEST_STEP][PASSED] - Thread.sleep(1000): null

2020-04-09 08:07:51 - [TEST_STEP][PASSED] - takeScreenshot(screenPath + i + ".png"): Taking screenshot successfully

2020-04-09 08:07:54 - [MESSAGE][PASSED] - Taking screenshot successfully
[[ATTACHMENT|D:\\Test\\AgileTest\\Reports\\HP\\HP\\20200409_080112\\../Screenshots/iPhone 6/HP/Dental/20200409_080545/2.png]]

2020-04-09 08:07:54 - [TEST_STEP][PASSED] - (internal.GlobalVariable.i++): null

2020-04-09 08:07:54 - [MESSAGE][PASSED] - Call Test Case 'Test Cases/AHI/_include/get_screenshot' successfully

2020-04-09 08:07:54 - [TEST_STEP][PASSED] - url = selenium.getAttribute("xpath=(//a[contains(text(),'Apply Now')])@href"): null

2020-04-09 08:07:57 - [TEST_STEP][PASSED] - openBrowser(url): Browser is opened with url: 'http://praetemptatus.agilehealthinsurance.com/dental-insurance-quotes?utm_source=healthpocket&utm_medium=detail_page&utm_campaign=dental_detail_page_xsell'

2020-04-09 08:07:57 - [MESSAGE][WARNING] - A browser is already opened. Closing browser and opening a new one

2020-04-09 08:07:59 - [MESSAGE][INFO] - Starting 'Chrome' driver

2020-04-09 08:07:59 - [MESSAGE][INFO] - User set preference: ['mobileEmulation', '{deviceName=iPhone 6}']

2020-04-09 08:07:59 - [MESSAGE][INFO] - User set preference: ['args', '[--incognito, --aggressive-cache-discard, --window-size=375,677, --no-sandbox, --ignore-certificate-errors]']

2020-04-09 08:08:33 - [MESSAGE][PASSED] - Browser is opened with url: 'http://praetemptatus.agilehealthinsurance.com/dental-insurance-quotes?utm_source=healthpocket&utm_medium=detail_page&utm_campaign=dental_detail_page_xsell'

2020-04-09 08:08:33 - [TEST_STEP][PASSED] - Thread.sleep(3000): null

2020-04-09 08:08:36 - [TEST_STEP][PASSED] - callTestCase(findTestCase("AHI/_include/get_screenshot"), [:], STOP_ON_FAILURE): Call Test Case 'Test Cases/AHI/_include/get_screenshot' successfully

2020-04-09 08:08:36 - [TEST_CASE][PASSED] - Test Cases/AHI/_include/get_screenshot: Test Cases/AHI/_include/get_screenshot

2020-04-09 08:08:36 - [TEST_STEP][PASSED] - Thread.sleep(1000): null

2020-04-09 08:08:37 - [TEST_STEP][PASSED] - takeScreenshot(screenPath + i + ".png"): Taking screenshot successfully

2020-04-09 08:08:40 - [MESSAGE][PASSED] - Taking screenshot successfully
[[ATTACHMENT|D:\\Test\\AgileTest\\Reports\\HP\\HP\\20200409_080112\\../Screenshots/iPhone 6/HP/Dental/20200409_080545/3.png]]

2020-04-09 08:08:40 - [TEST_STEP][PASSED] - (internal.GlobalVariable.i++): null

2020-04-09 08:08:40 - [MESSAGE][PASSED] - Call Test Case 'Test Cases/AHI/_include/get_screenshot' successfully]]></system-out>
         <system-err><![CDATA[]]></system-err>
      </testcase>
      <testcase name="Test Cases/HP/Health Plans/Medicaid Public" classname="Test Cases/HP/Health Plans/Medicaid Public" status="PASSED">
         <system-out><![CDATA[2020-04-09 08:08:40 - [TEST_CASE][PASSED] - Test Cases/HP/Health Plans/Medicaid Public: Test Cases/HP/Health Plans/Medicaid Public

2020-04-09 08:08:41 - [TEST_STEP][PASSED] - now = new java.util.Date(): null

2020-04-09 08:08:41 - [TEST_STEP][PASSED] - mydate = now.format("yyyyMMdd_HHmmss"): null

2020-04-09 08:08:41 - [TEST_STEP][PASSED] - i = 0: null

2020-04-09 08:08:41 - [TEST_STEP][PASSED] - callTestCase(findTestCase("AHI/_include/get_screenPath"), ["productLine":"HP", "carrierName":"Medicaid Public"], CONTINUE_ON_FAILURE): Call Test Case 'Test Cases/AHI/_include/get_screenPath' successfully

2020-04-09 08:08:41 - [TEST_CASE][PASSED] - Test Cases/AHI/_include/get_screenPath: Test Cases/AHI/_include/get_screenPath

2020-04-09 08:08:41 - [TEST_STEP][PASSED] - m = getExecutionProperties(): null

2020-04-09 08:08:41 - [TEST_STEP][PASSED] - deviceName = get("mobileEmulation").get("deviceName"): null

2020-04-09 08:08:41 - [TEST_STEP][PASSED] - println(deviceName): null

2020-04-09 08:08:41 - [TEST_STEP][PASSED] - now = new java.util.Date(): null

2020-04-09 08:08:41 - [TEST_STEP][PASSED] - mydate = now.format("yyyyMMdd_HHmmss"): null

2020-04-09 08:08:41 - [TEST_STEP][PASSED] - screenPath = "../Screenshots/": null

2020-04-09 08:08:41 - [TEST_STEP][PASSED] - screenPath = screenPath + deviceName + "/" + productLine + "/" + carrierName + "/" + mydate + "/": null

2020-04-09 08:08:41 - [TEST_STEP][PASSED] - println(screenPath): null

2020-04-09 08:08:41 - [MESSAGE][PASSED] - Call Test Case 'Test Cases/AHI/_include/get_screenPath' successfully

2020-04-09 08:08:41 - [TEST_STEP][PASSED] - second = <not implemented yet for class: org.codehaus.groovy.ast.expr.EmptyExpression>: null

2020-04-09 08:08:41 - [TEST_STEP][PASSED] - openBrowser(env + "/medicaid-public-plans"): Browser is opened with url: 'http://pengujian.healthpocket.com/medicaid-public-plans'

2020-04-09 08:08:41 - [MESSAGE][WARNING] - A browser is already opened. Closing browser and opening a new one

2020-04-09 08:08:44 - [MESSAGE][INFO] - Starting 'Chrome' driver

2020-04-09 08:08:44 - [MESSAGE][INFO] - User set preference: ['mobileEmulation', '{deviceName=iPhone 6}']

2020-04-09 08:08:44 - [MESSAGE][INFO] - User set preference: ['args', '[--incognito, --aggressive-cache-discard, --window-size=375,677, --no-sandbox, --ignore-certificate-errors]']

2020-04-09 08:09:17 - [MESSAGE][PASSED] - Browser is opened with url: 'http://pengujian.healthpocket.com/medicaid-public-plans'

2020-04-09 08:09:17 - [TEST_STEP][PASSED] - Thread.sleep(3000): null

2020-04-09 08:09:20 - [TEST_STEP][PASSED] - driver = getWebDriver(): null

2020-04-09 08:09:20 - [TEST_STEP][PASSED] - baseUrl = env: null

2020-04-09 08:09:20 - [TEST_STEP][PASSED] - selenium = new com.thoughtworks.selenium.webdriven.WebDriverBackedSelenium(driver, baseUrl): null

2020-04-09 08:09:20 - [TEST_STEP][PASSED] - for ([second = 0, second < 10, (second++)]): null

2020-04-09 08:09:20 - [TEST_STEP][PASSED] - try: null

2020-04-09 08:09:20 - [TEST_STEP][PASSED] - if (selenium.isElementPresent("id=location")): null

2020-04-09 08:09:20 - [TEST_STEP][PASSED] - break: null

2020-04-09 08:09:20 - [TEST_STEP][PASSED] - callTestCase(findTestCase("AHI/_include/get_screenshot"), [:], STOP_ON_FAILURE): Call Test Case 'Test Cases/AHI/_include/get_screenshot' successfully

2020-04-09 08:09:20 - [TEST_CASE][PASSED] - Test Cases/AHI/_include/get_screenshot: Test Cases/AHI/_include/get_screenshot

2020-04-09 08:09:20 - [TEST_STEP][PASSED] - Thread.sleep(1000): null

2020-04-09 08:09:21 - [TEST_STEP][PASSED] - takeScreenshot(screenPath + i + ".png"): Taking screenshot successfully

2020-04-09 08:09:23 - [MESSAGE][PASSED] - Taking screenshot successfully
[[ATTACHMENT|D:\\Test\\AgileTest\\Reports\\HP\\HP\\20200409_080112\\../Screenshots/iPhone 6/HP/Medicaid Public/20200409_080841/0.png]]

2020-04-09 08:09:23 - [TEST_STEP][PASSED] - (internal.GlobalVariable.i++): null

2020-04-09 08:09:23 - [MESSAGE][PASSED] - Call Test Case 'Test Cases/AHI/_include/get_screenshot' successfully

2020-04-09 08:09:23 - [TEST_STEP][PASSED] - selenium.type("id=location", "32209"): null

2020-04-09 08:09:26 - [TEST_STEP][PASSED] - selenium.click("id=findPlans"): null

2020-04-09 08:09:36 - [TEST_STEP][PASSED] - for ([second = 0, second < 10, (second++)]): null

2020-04-09 08:09:36 - [TEST_STEP][PASSED] - try: null

2020-04-09 08:09:36 - [TEST_STEP][PASSED] - if (selenium.isElementPresent("//a[contains(text(),'Select')]")): null

2020-04-09 08:09:42 - [TEST_STEP][PASSED] - break: null

2020-04-09 08:09:42 - [TEST_STEP][PASSED] - callTestCase(findTestCase("AHI/_include/get_screenshot"), [:], STOP_ON_FAILURE): Call Test Case 'Test Cases/AHI/_include/get_screenshot' successfully

2020-04-09 08:09:42 - [TEST_CASE][PASSED] - Test Cases/AHI/_include/get_screenshot: Test Cases/AHI/_include/get_screenshot

2020-04-09 08:09:42 - [TEST_STEP][PASSED] - Thread.sleep(1000): null

2020-04-09 08:09:43 - [TEST_STEP][PASSED] - takeScreenshot(screenPath + i + ".png"): Taking screenshot successfully

2020-04-09 08:09:45 - [MESSAGE][PASSED] - Taking screenshot successfully
[[ATTACHMENT|D:\\Test\\AgileTest\\Reports\\HP\\HP\\20200409_080112\\../Screenshots/iPhone 6/HP/Medicaid Public/20200409_080841/1.png]]

2020-04-09 08:09:45 - [TEST_STEP][PASSED] - (internal.GlobalVariable.i++): null

2020-04-09 08:09:45 - [MESSAGE][PASSED] - Call Test Case 'Test Cases/AHI/_include/get_screenshot' successfully

2020-04-09 08:09:45 - [TEST_STEP][PASSED] - selenium.click("//a[contains(text(),'Select')]"): null

2020-04-09 08:09:56 - [TEST_STEP][PASSED] - for ([second = 0, second < 60, (second++)]): null

2020-04-09 08:09:56 - [TEST_STEP][PASSED] - try: null

2020-04-09 08:09:56 - [TEST_STEP][PASSED] - if (selenium.isElementPresent("//div/h2[contains(text(),'Ways to Learn More')]")): null

2020-04-09 08:09:57 - [TEST_STEP][PASSED] - break: null

2020-04-09 08:09:57 - [TEST_STEP][PASSED] - callTestCase(findTestCase("AHI/_include/get_screenshot"), [:], STOP_ON_FAILURE): Call Test Case 'Test Cases/AHI/_include/get_screenshot' successfully

2020-04-09 08:09:57 - [TEST_CASE][PASSED] - Test Cases/AHI/_include/get_screenshot: Test Cases/AHI/_include/get_screenshot

2020-04-09 08:09:57 - [TEST_STEP][PASSED] - Thread.sleep(1000): null

2020-04-09 08:09:58 - [TEST_STEP][PASSED] - takeScreenshot(screenPath + i + ".png"): Taking screenshot successfully

2020-04-09 08:10:00 - [MESSAGE][PASSED] - Taking screenshot successfully
[[ATTACHMENT|D:\\Test\\AgileTest\\Reports\\HP\\HP\\20200409_080112\\../Screenshots/iPhone 6/HP/Medicaid Public/20200409_080841/2.png]]

2020-04-09 08:10:00 - [TEST_STEP][PASSED] - (internal.GlobalVariable.i++): null

2020-04-09 08:10:00 - [MESSAGE][PASSED] - Call Test Case 'Test Cases/AHI/_include/get_screenshot' successfully]]></system-out>
         <system-err><![CDATA[]]></system-err>
      </testcase>
      <testcase name="Test Cases/HP/Health Plans/Medicare" classname="Test Cases/HP/Health Plans/Medicare" status="PASSED">
         <system-out><![CDATA[2020-04-09 08:10:00 - [TEST_CASE][PASSED] - Test Cases/HP/Health Plans/Medicare: Test Cases/HP/Health Plans/Medicare

2020-04-09 08:10:01 - [TEST_STEP][PASSED] - now = new java.util.Date(): null

2020-04-09 08:10:01 - [TEST_STEP][PASSED] - mydate = now.format("yyyyMMdd_HHmmss"): null

2020-04-09 08:10:01 - [TEST_STEP][PASSED] - callTestCase(findTestCase("AHI/_include/get_screenPath"), ["productLine":"HP", "carrierName":"Medicare"], CONTINUE_ON_FAILURE): Call Test Case 'Test Cases/AHI/_include/get_screenPath' successfully

2020-04-09 08:10:02 - [TEST_CASE][PASSED] - Test Cases/AHI/_include/get_screenPath: Test Cases/AHI/_include/get_screenPath

2020-04-09 08:10:02 - [TEST_STEP][PASSED] - m = getExecutionProperties(): null

2020-04-09 08:10:02 - [TEST_STEP][PASSED] - deviceName = get("mobileEmulation").get("deviceName"): null

2020-04-09 08:10:02 - [TEST_STEP][PASSED] - println(deviceName): null

2020-04-09 08:10:02 - [TEST_STEP][PASSED] - now = new java.util.Date(): null

2020-04-09 08:10:02 - [TEST_STEP][PASSED] - mydate = now.format("yyyyMMdd_HHmmss"): null

2020-04-09 08:10:02 - [TEST_STEP][PASSED] - screenPath = "../Screenshots/": null

2020-04-09 08:10:02 - [TEST_STEP][PASSED] - screenPath = screenPath + deviceName + "/" + productLine + "/" + carrierName + "/" + mydate + "/": null

2020-04-09 08:10:02 - [TEST_STEP][PASSED] - println(screenPath): null

2020-04-09 08:10:02 - [MESSAGE][PASSED] - Call Test Case 'Test Cases/AHI/_include/get_screenPath' successfully

2020-04-09 08:10:02 - [TEST_STEP][PASSED] - i = 0: null

2020-04-09 08:10:02 - [TEST_STEP][PASSED] - openBrowser(env + "/medicare"): Browser is opened with url: 'http://pengujian.healthpocket.com/medicare'

2020-04-09 08:10:02 - [MESSAGE][WARNING] - A browser is already opened. Closing browser and opening a new one

2020-04-09 08:10:05 - [MESSAGE][INFO] - Starting 'Chrome' driver

2020-04-09 08:10:05 - [MESSAGE][INFO] - User set preference: ['mobileEmulation', '{deviceName=iPhone 6}']

2020-04-09 08:10:05 - [MESSAGE][INFO] - User set preference: ['args', '[--incognito, --aggressive-cache-discard, --window-size=375,677, --no-sandbox, --ignore-certificate-errors]']

2020-04-09 08:10:43 - [MESSAGE][PASSED] - Browser is opened with url: 'http://pengujian.healthpocket.com/medicare'

2020-04-09 08:10:43 - [TEST_STEP][PASSED] - driver = getWebDriver(): null

2020-04-09 08:10:43 - [TEST_STEP][PASSED] - baseUrl = env: null

2020-04-09 08:10:43 - [TEST_STEP][PASSED] - selenium = new com.thoughtworks.selenium.webdriven.WebDriverBackedSelenium(driver, baseUrl): null

2020-04-09 08:10:43 - [TEST_STEP][PASSED] - callTestCase(findTestCase("AHI/_include/get_screenshot"), [:], STOP_ON_FAILURE): Call Test Case 'Test Cases/AHI/_include/get_screenshot' successfully

2020-04-09 08:10:44 - [TEST_CASE][PASSED] - Test Cases/AHI/_include/get_screenshot: Test Cases/AHI/_include/get_screenshot

2020-04-09 08:10:44 - [TEST_STEP][PASSED] - Thread.sleep(1000): null

2020-04-09 08:10:45 - [TEST_STEP][PASSED] - takeScreenshot(screenPath + i + ".png"): Taking screenshot successfully

2020-04-09 08:10:47 - [MESSAGE][PASSED] - Taking screenshot successfully
[[ATTACHMENT|D:\\Test\\AgileTest\\Reports\\HP\\HP\\20200409_080112\\../Screenshots/iPhone 6/HP/Medicare/20200409_081002/0.png]]

2020-04-09 08:10:47 - [TEST_STEP][PASSED] - (internal.GlobalVariable.i++): null

2020-04-09 08:10:47 - [MESSAGE][PASSED] - Call Test Case 'Test Cases/AHI/_include/get_screenshot' successfully

2020-04-09 08:10:47 - [TEST_STEP][PASSED] - selenium.click("id=location"): null

2020-04-09 08:10:56 - [TEST_STEP][PASSED] - selenium.type("id=location", "32209"): null

2020-04-09 08:11:01 - [TEST_STEP][PASSED] - selenium.click("id=findPlans"): null

2020-04-09 08:11:16 - [TEST_STEP][PASSED] - for ([second = 0, second < 60, (second++)]): null

2020-04-09 08:11:16 - [TEST_STEP][PASSED] - try: null

2020-04-09 08:11:16 - [TEST_STEP][PASSED] - if (selenium.isElementPresent("//a[contains(text(),'Select')]")): null

2020-04-09 08:11:26 - [TEST_STEP][PASSED] - break: null

2020-04-09 08:11:26 - [TEST_STEP][PASSED] - callTestCase(findTestCase("AHI/_include/get_screenshot"), [:], STOP_ON_FAILURE): Call Test Case 'Test Cases/AHI/_include/get_screenshot' successfully

2020-04-09 08:11:26 - [TEST_CASE][PASSED] - Test Cases/AHI/_include/get_screenshot: Test Cases/AHI/_include/get_screenshot

2020-04-09 08:11:26 - [TEST_STEP][PASSED] - Thread.sleep(1000): null

2020-04-09 08:11:27 - [TEST_STEP][PASSED] - takeScreenshot(screenPath + i + ".png"): Taking screenshot successfully

2020-04-09 08:11:28 - [MESSAGE][PASSED] - Taking screenshot successfully
[[ATTACHMENT|D:\\Test\\AgileTest\\Reports\\HP\\HP\\20200409_080112\\../Screenshots/iPhone 6/HP/Medicare/20200409_081002/1.png]]

2020-04-09 08:11:28 - [TEST_STEP][PASSED] - (internal.GlobalVariable.i++): null

2020-04-09 08:11:28 - [MESSAGE][PASSED] - Call Test Case 'Test Cases/AHI/_include/get_screenshot' successfully

2020-04-09 08:11:28 - [TEST_STEP][PASSED] - selenium.click("//a[contains(text(),'Select')]"): null

2020-04-09 08:11:33 - [TEST_STEP][PASSED] - for ([second = 0, second < 60, (second++)]): null

2020-04-09 08:11:33 - [TEST_STEP][PASSED] - try: null

2020-04-09 08:11:33 - [TEST_STEP][PASSED] - if (selenium.isElementPresent("//a/h2[contains(text(),'Benefits & Coverage')]")): null

2020-04-09 08:11:33 - [TEST_STEP][PASSED] - Thread.sleep(1000): null

2020-04-09 08:11:35 - [TEST_STEP][PASSED] - try: null

2020-04-09 08:11:35 - [TEST_STEP][PASSED] - if (selenium.isElementPresent("//a/h2[contains(text(),'Benefits & Coverage')]")): null

2020-04-09 08:11:35 - [TEST_STEP][PASSED] - Thread.sleep(1000): null

2020-04-09 08:11:36 - [TEST_STEP][PASSED] - try: null

2020-04-09 08:11:36 - [TEST_STEP][PASSED] - if (selenium.isElementPresent("//a/h2[contains(text(),'Benefits & Coverage')]")): null

2020-04-09 08:11:36 - [TEST_STEP][PASSED] - Thread.sleep(1000): null

2020-04-09 08:11:37 - [TEST_STEP][PASSED] - try: null

2020-04-09 08:11:37 - [TEST_STEP][PASSED] - if (selenium.isElementPresent("//a/h2[contains(text(),'Benefits & Coverage')]")): null

2020-04-09 08:11:39 - [TEST_STEP][PASSED] - Thread.sleep(1000): null

2020-04-09 08:11:40 - [TEST_STEP][PASSED] - try: null

2020-04-09 08:11:40 - [TEST_STEP][PASSED] - if (selenium.isElementPresent("//a/h2[contains(text(),'Benefits & Coverage')]")): null

2020-04-09 08:11:40 - [TEST_STEP][PASSED] - break: null

2020-04-09 08:11:40 - [TEST_STEP][PASSED] - callTestCase(findTestCase("AHI/_include/get_screenshot"), [:], STOP_ON_FAILURE): Call Test Case 'Test Cases/AHI/_include/get_screenshot' successfully

2020-04-09 08:11:40 - [TEST_CASE][PASSED] - Test Cases/AHI/_include/get_screenshot: Test Cases/AHI/_include/get_screenshot

2020-04-09 08:11:40 - [TEST_STEP][PASSED] - Thread.sleep(1000): null

2020-04-09 08:11:41 - [TEST_STEP][PASSED] - takeScreenshot(screenPath + i + ".png"): Taking screenshot successfully

2020-04-09 08:11:42 - [MESSAGE][PASSED] - Taking screenshot successfully
[[ATTACHMENT|D:\\Test\\AgileTest\\Reports\\HP\\HP\\20200409_080112\\../Screenshots/iPhone 6/HP/Medicare/20200409_081002/2.png]]

2020-04-09 08:11:42 - [TEST_STEP][PASSED] - (internal.GlobalVariable.i++): null

2020-04-09 08:11:42 - [MESSAGE][PASSED] - Call Test Case 'Test Cases/AHI/_include/get_screenshot' successfully]]></system-out>
         <system-err><![CDATA[]]></system-err>
      </testcase>
      <testcase name="Test Cases/HP/Health Plans/Medigap" classname="Test Cases/HP/Health Plans/Medigap" status="PASSED">
         <system-out><![CDATA[2020-04-09 08:11:42 - [TEST_CASE][PASSED] - Test Cases/HP/Health Plans/Medigap: Test Cases/HP/Health Plans/Medigap

2020-04-09 08:11:43 - [TEST_STEP][PASSED] - now = new java.util.Date(): null

2020-04-09 08:11:43 - [TEST_STEP][PASSED] - mydate = now.format("yyyyMMdd_HHmmss"): null

2020-04-09 08:11:43 - [TEST_STEP][PASSED] - i = 0: null

2020-04-09 08:11:43 - [TEST_STEP][PASSED] - callTestCase(findTestCase("AHI/_include/get_screenPath"), ["productLine":"HP", "carrierName":"Medigap"], CONTINUE_ON_FAILURE): Call Test Case 'Test Cases/AHI/_include/get_screenPath' successfully

2020-04-09 08:11:43 - [TEST_CASE][PASSED] - Test Cases/AHI/_include/get_screenPath: Test Cases/AHI/_include/get_screenPath

2020-04-09 08:11:43 - [TEST_STEP][PASSED] - m = getExecutionProperties(): null

2020-04-09 08:11:43 - [TEST_STEP][PASSED] - deviceName = get("mobileEmulation").get("deviceName"): null

2020-04-09 08:11:43 - [TEST_STEP][PASSED] - println(deviceName): null

2020-04-09 08:11:43 - [TEST_STEP][PASSED] - now = new java.util.Date(): null

2020-04-09 08:11:43 - [TEST_STEP][PASSED] - mydate = now.format("yyyyMMdd_HHmmss"): null

2020-04-09 08:11:43 - [TEST_STEP][PASSED] - screenPath = "../Screenshots/": null

2020-04-09 08:11:43 - [TEST_STEP][PASSED] - screenPath = screenPath + deviceName + "/" + productLine + "/" + carrierName + "/" + mydate + "/": null

2020-04-09 08:11:43 - [TEST_STEP][PASSED] - println(screenPath): null

2020-04-09 08:11:43 - [MESSAGE][PASSED] - Call Test Case 'Test Cases/AHI/_include/get_screenPath' successfully

2020-04-09 08:11:43 - [TEST_STEP][PASSED] - second = <not implemented yet for class: org.codehaus.groovy.ast.expr.EmptyExpression>: null

2020-04-09 08:11:43 - [TEST_STEP][PASSED] - openBrowser(env + "/medicare-medigap"): Browser is opened with url: 'http://pengujian.healthpocket.com/medicare-medigap'

2020-04-09 08:11:43 - [MESSAGE][WARNING] - A browser is already opened. Closing browser and opening a new one

2020-04-09 08:11:44 - [MESSAGE][INFO] - Starting 'Chrome' driver

2020-04-09 08:11:44 - [MESSAGE][INFO] - User set preference: ['mobileEmulation', '{deviceName=iPhone 6}']

2020-04-09 08:11:44 - [MESSAGE][INFO] - User set preference: ['args', '[--incognito, --aggressive-cache-discard, --window-size=375,677, --no-sandbox, --ignore-certificate-errors]']

2020-04-09 08:12:21 - [MESSAGE][PASSED] - Browser is opened with url: 'http://pengujian.healthpocket.com/medicare-medigap'

2020-04-09 08:12:21 - [TEST_STEP][PASSED] - Thread.sleep(3000): null

2020-04-09 08:12:24 - [TEST_STEP][PASSED] - driver = getWebDriver(): null

2020-04-09 08:12:24 - [TEST_STEP][PASSED] - baseUrl = env: null

2020-04-09 08:12:24 - [TEST_STEP][PASSED] - selenium = new com.thoughtworks.selenium.webdriven.WebDriverBackedSelenium(driver, baseUrl): null

2020-04-09 08:12:25 - [TEST_STEP][PASSED] - for ([second = 0, second < 10, (second++)]): null

2020-04-09 08:12:25 - [TEST_STEP][PASSED] - try: null

2020-04-09 08:12:25 - [TEST_STEP][PASSED] - if (selenium.isElementPresent("id=location")): null

2020-04-09 08:12:25 - [TEST_STEP][PASSED] - break: null

2020-04-09 08:12:25 - [TEST_STEP][PASSED] - callTestCase(findTestCase("AHI/_include/get_screenshot"), [:], STOP_ON_FAILURE): Call Test Case 'Test Cases/AHI/_include/get_screenshot' successfully

2020-04-09 08:12:25 - [TEST_CASE][PASSED] - Test Cases/AHI/_include/get_screenshot: Test Cases/AHI/_include/get_screenshot

2020-04-09 08:12:25 - [TEST_STEP][PASSED] - Thread.sleep(1000): null

2020-04-09 08:12:26 - [TEST_STEP][PASSED] - takeScreenshot(screenPath + i + ".png"): Taking screenshot successfully

2020-04-09 08:12:28 - [MESSAGE][PASSED] - Taking screenshot successfully
[[ATTACHMENT|D:\\Test\\AgileTest\\Reports\\HP\\HP\\20200409_080112\\../Screenshots/iPhone 6/HP/Medigap/20200409_081143/0.png]]

2020-04-09 08:12:28 - [TEST_STEP][PASSED] - (internal.GlobalVariable.i++): null

2020-04-09 08:12:28 - [MESSAGE][PASSED] - Call Test Case 'Test Cases/AHI/_include/get_screenshot' successfully

2020-04-09 08:12:28 - [TEST_STEP][PASSED] - selenium.type("id=location", "32209"): null

2020-04-09 08:12:29 - [TEST_STEP][PASSED] - selenium.click("id=findPlans"): null

2020-04-09 08:12:29 - [TEST_STEP][PASSED] - for ([second = 0, second < 10, (second++)]): null

2020-04-09 08:12:29 - [TEST_STEP][PASSED] - try: null

2020-04-09 08:12:29 - [TEST_STEP][PASSED] - if (selenium.isElementPresent("//a[contains(text(),'Select')]")): null

2020-04-09 08:12:38 - [TEST_STEP][PASSED] - break: null

2020-04-09 08:12:38 - [TEST_STEP][PASSED] - callTestCase(findTestCase("AHI/_include/get_screenshot"), [:], STOP_ON_FAILURE): Call Test Case 'Test Cases/AHI/_include/get_screenshot' successfully

2020-04-09 08:12:38 - [TEST_CASE][PASSED] - Test Cases/AHI/_include/get_screenshot: Test Cases/AHI/_include/get_screenshot

2020-04-09 08:12:38 - [TEST_STEP][PASSED] - Thread.sleep(1000): null

2020-04-09 08:12:39 - [TEST_STEP][PASSED] - takeScreenshot(screenPath + i + ".png"): Taking screenshot successfully

2020-04-09 08:12:40 - [MESSAGE][PASSED] - Taking screenshot successfully
[[ATTACHMENT|D:\\Test\\AgileTest\\Reports\\HP\\HP\\20200409_080112\\../Screenshots/iPhone 6/HP/Medigap/20200409_081143/1.png]]

2020-04-09 08:12:40 - [TEST_STEP][PASSED] - (internal.GlobalVariable.i++): null

2020-04-09 08:12:40 - [MESSAGE][PASSED] - Call Test Case 'Test Cases/AHI/_include/get_screenshot' successfully

2020-04-09 08:12:40 - [TEST_STEP][PASSED] - selenium.click("//a[contains(text(),'Select')]"): null

2020-04-09 08:12:41 - [TEST_STEP][PASSED] - for ([second = 0, second < 60, (second++)]): null

2020-04-09 08:12:41 - [TEST_STEP][PASSED] - try: null

2020-04-09 08:12:41 - [TEST_STEP][PASSED] - if (selenium.isElementPresent("//a/h2[contains(text(),'Plan Benefits')]")): null

2020-04-09 08:12:44 - [TEST_STEP][PASSED] - Thread.sleep(1000): null

2020-04-09 08:12:46 - [TEST_STEP][PASSED] - try: null

2020-04-09 08:12:46 - [TEST_STEP][PASSED] - if (selenium.isElementPresent("//a/h2[contains(text(),'Plan Benefits')]")): null

2020-04-09 08:12:47 - [TEST_STEP][PASSED] - break: null

2020-04-09 08:12:47 - [TEST_STEP][PASSED] - callTestCase(findTestCase("AHI/_include/get_screenshot"), [:], STOP_ON_FAILURE): Call Test Case 'Test Cases/AHI/_include/get_screenshot' successfully

2020-04-09 08:12:47 - [TEST_CASE][PASSED] - Test Cases/AHI/_include/get_screenshot: Test Cases/AHI/_include/get_screenshot

2020-04-09 08:12:47 - [TEST_STEP][PASSED] - Thread.sleep(1000): null

2020-04-09 08:12:48 - [TEST_STEP][PASSED] - takeScreenshot(screenPath + i + ".png"): Taking screenshot successfully

2020-04-09 08:12:53 - [MESSAGE][PASSED] - Taking screenshot successfully
[[ATTACHMENT|D:\\Test\\AgileTest\\Reports\\HP\\HP\\20200409_080112\\../Screenshots/iPhone 6/HP/Medigap/20200409_081143/2.png]]

2020-04-09 08:12:53 - [TEST_STEP][PASSED] - (internal.GlobalVariable.i++): null

2020-04-09 08:12:53 - [MESSAGE][PASSED] - Call Test Case 'Test Cases/AHI/_include/get_screenshot' successfully]]></system-out>
         <system-err><![CDATA[]]></system-err>
      </testcase>
      <testcase name="Test Cases/HP/Health Plans/Small Business" classname="Test Cases/HP/Health Plans/Small Business" status="PASSED">
         <system-out><![CDATA[2020-04-09 08:12:53 - [TEST_CASE][PASSED] - Test Cases/HP/Health Plans/Small Business: Test Cases/HP/Health Plans/Small Business

2020-04-09 08:12:53 - [TEST_STEP][PASSED] - now = new java.util.Date(): null

2020-04-09 08:12:53 - [TEST_STEP][PASSED] - mydate = now.format("yyyyMMdd_HHmmss"): null

2020-04-09 08:12:53 - [TEST_STEP][PASSED] - i = 0: null

2020-04-09 08:12:53 - [TEST_STEP][PASSED] - callTestCase(findTestCase("AHI/_include/get_screenPath"), ["productLine":"HP", "carrierName":"Small Business"], CONTINUE_ON_FAILURE): Call Test Case 'Test Cases/AHI/_include/get_screenPath' successfully

2020-04-09 08:12:53 - [TEST_CASE][PASSED] - Test Cases/AHI/_include/get_screenPath: Test Cases/AHI/_include/get_screenPath

2020-04-09 08:12:53 - [TEST_STEP][PASSED] - m = getExecutionProperties(): null

2020-04-09 08:12:53 - [TEST_STEP][PASSED] - deviceName = get("mobileEmulation").get("deviceName"): null

2020-04-09 08:12:53 - [TEST_STEP][PASSED] - println(deviceName): null

2020-04-09 08:12:53 - [TEST_STEP][PASSED] - now = new java.util.Date(): null

2020-04-09 08:12:53 - [TEST_STEP][PASSED] - mydate = now.format("yyyyMMdd_HHmmss"): null

2020-04-09 08:12:53 - [TEST_STEP][PASSED] - screenPath = "../Screenshots/": null

2020-04-09 08:12:53 - [TEST_STEP][PASSED] - screenPath = screenPath + deviceName + "/" + productLine + "/" + carrierName + "/" + mydate + "/": null

2020-04-09 08:12:53 - [TEST_STEP][PASSED] - println(screenPath): null

2020-04-09 08:12:53 - [MESSAGE][PASSED] - Call Test Case 'Test Cases/AHI/_include/get_screenPath' successfully

2020-04-09 08:12:53 - [TEST_STEP][PASSED] - second = <not implemented yet for class: org.codehaus.groovy.ast.expr.EmptyExpression>: null

2020-04-09 08:12:53 - [TEST_STEP][PASSED] - openBrowser(env + "/small-business-health-insurance"): Browser is opened with url: 'http://pengujian.healthpocket.com/small-business-health-insurance'

2020-04-09 08:12:53 - [MESSAGE][WARNING] - A browser is already opened. Closing browser and opening a new one

2020-04-09 08:12:55 - [MESSAGE][INFO] - Starting 'Chrome' driver

2020-04-09 08:12:55 - [MESSAGE][INFO] - User set preference: ['mobileEmulation', '{deviceName=iPhone 6}']

2020-04-09 08:12:55 - [MESSAGE][INFO] - User set preference: ['args', '[--incognito, --aggressive-cache-discard, --window-size=375,677, --no-sandbox, --ignore-certificate-errors]']

2020-04-09 08:13:15 - [MESSAGE][PASSED] - Browser is opened with url: 'http://pengujian.healthpocket.com/small-business-health-insurance'

2020-04-09 08:13:15 - [TEST_STEP][PASSED] - Thread.sleep(3000): null

2020-04-09 08:13:18 - [TEST_STEP][PASSED] - driver = getWebDriver(): null

2020-04-09 08:13:18 - [TEST_STEP][PASSED] - baseUrl = env: null

2020-04-09 08:13:18 - [TEST_STEP][PASSED] - selenium = new com.thoughtworks.selenium.webdriven.WebDriverBackedSelenium(driver, baseUrl): null

2020-04-09 08:13:20 - [TEST_STEP][PASSED] - for ([second = 0, second < 10, (second++)]): null

2020-04-09 08:13:20 - [TEST_STEP][PASSED] - try: null

2020-04-09 08:13:20 - [TEST_STEP][PASSED] - if (selenium.isElementPresent("id=location")): null

2020-04-09 08:13:22 - [TEST_STEP][PASSED] - break: null

2020-04-09 08:13:22 - [TEST_STEP][PASSED] - callTestCase(findTestCase("AHI/_include/get_screenshot"), [:], STOP_ON_FAILURE): Call Test Case 'Test Cases/AHI/_include/get_screenshot' successfully

2020-04-09 08:13:23 - [TEST_CASE][PASSED] - Test Cases/AHI/_include/get_screenshot: Test Cases/AHI/_include/get_screenshot

2020-04-09 08:13:23 - [TEST_STEP][PASSED] - Thread.sleep(1000): null

2020-04-09 08:13:24 - [TEST_STEP][PASSED] - takeScreenshot(screenPath + i + ".png"): Taking screenshot successfully

2020-04-09 08:13:29 - [MESSAGE][PASSED] - Taking screenshot successfully
[[ATTACHMENT|D:\\Test\\AgileTest\\Reports\\HP\\HP\\20200409_080112\\../Screenshots/iPhone 6/HP/Small Business/20200409_081253/0.png]]

2020-04-09 08:13:29 - [TEST_STEP][PASSED] - (internal.GlobalVariable.i++): null

2020-04-09 08:13:29 - [MESSAGE][PASSED] - Call Test Case 'Test Cases/AHI/_include/get_screenshot' successfully

2020-04-09 08:13:29 - [TEST_STEP][PASSED] - selenium.type("id=location", "32209"): null

2020-04-09 08:13:31 - [TEST_STEP][PASSED] - selenium.click("id=findPlans"): null

2020-04-09 08:13:33 - [TEST_STEP][PASSED] - for ([second = 0, second < 10, (second++)]): null

2020-04-09 08:13:33 - [TEST_STEP][PASSED] - try: null

2020-04-09 08:13:33 - [TEST_STEP][PASSED] - if (selenium.isElementPresent("//a[contains(text(),'Select')]")): null

2020-04-09 08:13:33 - [TEST_STEP][PASSED] - Thread.sleep(1000): null

2020-04-09 08:13:34 - [TEST_STEP][PASSED] - try: null

2020-04-09 08:13:34 - [TEST_STEP][PASSED] - if (selenium.isElementPresent("//a[contains(text(),'Select')]")): null

2020-04-09 08:13:37 - [TEST_STEP][PASSED] - break: null

2020-04-09 08:13:37 - [TEST_STEP][PASSED] - callTestCase(findTestCase("AHI/_include/get_screenshot"), [:], STOP_ON_FAILURE): Call Test Case 'Test Cases/AHI/_include/get_screenshot' successfully

2020-04-09 08:13:37 - [TEST_CASE][PASSED] - Test Cases/AHI/_include/get_screenshot: Test Cases/AHI/_include/get_screenshot

2020-04-09 08:13:37 - [TEST_STEP][PASSED] - Thread.sleep(1000): null

2020-04-09 08:13:38 - [TEST_STEP][PASSED] - takeScreenshot(screenPath + i + ".png"): Taking screenshot successfully

2020-04-09 08:13:42 - [MESSAGE][PASSED] - Taking screenshot successfully
[[ATTACHMENT|D:\\Test\\AgileTest\\Reports\\HP\\HP\\20200409_080112\\../Screenshots/iPhone 6/HP/Small Business/20200409_081253/1.png]]

2020-04-09 08:13:42 - [TEST_STEP][PASSED] - (internal.GlobalVariable.i++): null

2020-04-09 08:13:42 - [MESSAGE][PASSED] - Call Test Case 'Test Cases/AHI/_include/get_screenshot' successfully

2020-04-09 08:13:42 - [TEST_STEP][PASSED] - selenium.click("//a[contains(text(),'Select')]"): null

2020-04-09 08:14:03 - [TEST_STEP][PASSED] - for ([second = 0, second < 60, (second++)]): null

2020-04-09 08:14:03 - [TEST_STEP][PASSED] - try: null

2020-04-09 08:14:03 - [TEST_STEP][PASSED] - if (selenium.isElementPresent("//div/h2[contains(text(),'Ways to Enroll or Learn More')]")): null

2020-04-09 08:14:04 - [TEST_STEP][PASSED] - break: null

2020-04-09 08:14:04 - [TEST_STEP][PASSED] - callTestCase(findTestCase("AHI/_include/get_screenshot"), [:], STOP_ON_FAILURE): Call Test Case 'Test Cases/AHI/_include/get_screenshot' successfully

2020-04-09 08:14:05 - [TEST_CASE][PASSED] - Test Cases/AHI/_include/get_screenshot: Test Cases/AHI/_include/get_screenshot

2020-04-09 08:14:05 - [TEST_STEP][PASSED] - Thread.sleep(1000): null

2020-04-09 08:14:06 - [TEST_STEP][PASSED] - takeScreenshot(screenPath + i + ".png"): Taking screenshot successfully

2020-04-09 08:14:09 - [MESSAGE][PASSED] - Taking screenshot successfully
[[ATTACHMENT|D:\\Test\\AgileTest\\Reports\\HP\\HP\\20200409_080112\\../Screenshots/iPhone 6/HP/Small Business/20200409_081253/2.png]]

2020-04-09 08:14:09 - [TEST_STEP][PASSED] - (internal.GlobalVariable.i++): null

2020-04-09 08:14:09 - [MESSAGE][PASSED] - Call Test Case 'Test Cases/AHI/_include/get_screenshot' successfully]]></system-out>
         <system-err><![CDATA[]]></system-err>
      </testcase>
      <testcase name="Test Cases/HP/Health Plans/STM" classname="Test Cases/HP/Health Plans/STM" status="ERROR">
         <error type="ERROR" message="Test Cases/HP/Health Plans/STM FAILED.
Reason:
com.thoughtworks.selenium.SeleniumException: Element id=location not found
	at com.thoughtworks.selenium.webdriven.ElementFinder.findElement(ElementFinder.java:93)
	at com.thoughtworks.selenium.webdriven.commands.Click.handleSeleneseCommand(Click.java:39)
	at com.thoughtworks.selenium.webdriven.commands.Click.handleSeleneseCommand(Click.java:26)
	at com.thoughtworks.selenium.webdriven.SeleneseCommand.apply(SeleneseCommand.java:36)
	at com.thoughtworks.selenium.webdriven.Timer.run(Timer.java:41)
	at com.thoughtworks.selenium.webdriven.WebDriverCommandProcessor.execute(WebDriverCommandProcessor.java:150)
	at com.thoughtworks.selenium.webdriven.WebDriverCommandProcessor.doCommand(WebDriverCommandProcessor.java:76)
	at com.thoughtworks.selenium.DefaultSelenium.click(DefaultSelenium.java:198)
	at com.thoughtworks.selenium.Selenium$click$0.call(Unknown Source)
	at STM.run(STM:47)
	at com.kms.katalon.core.main.ScriptEngine.run(ScriptEngine.java:194)
	at com.kms.katalon.core.main.ScriptEngine.runScriptAsRawText(ScriptEngine.java:119)
	at com.kms.katalon.core.main.TestCaseExecutor.runScript(TestCaseExecutor.java:328)
	at com.kms.katalon.core.main.TestCaseExecutor.doExecute(TestCaseExecutor.java:319)
	at com.kms.katalon.core.main.TestCaseExecutor.processExecutionPhase(TestCaseExecutor.java:298)
	at com.kms.katalon.core.main.TestCaseExecutor.accessMainPhase(TestCaseExecutor.java:290)
	at com.kms.katalon.core.main.TestCaseExecutor.execute(TestCaseExecutor.java:224)
	at com.kms.katalon.core.main.TestSuiteExecutor.accessTestCaseMainPhase(TestSuiteExecutor.java:129)
	at com.kms.katalon.core.main.TestSuiteExecutor.accessTestSuiteMainPhase(TestSuiteExecutor.java:112)
	at com.kms.katalon.core.main.TestSuiteExecutor.execute(TestSuiteExecutor.java:81)
	at com.kms.katalon.core.main.TestCaseMain.startTestSuite(TestCaseMain.java:149)
	at com.kms.katalon.core.main.TestCaseMain$startTestSuite$0.call(Unknown Source)
	at TempTestSuite1586433672099.run(TempTestSuite1586433672099.groovy:36)
Caused by: org.openqa.selenium.WebDriverException: unknown error: Element id=location not found
  (Session info: chrome=80.0.3987.163)
  (Driver info: chromedriver=2.43.600210 (68dcf5eebde37173d4027fa8635e332711d2874a),platform=Windows NT 6.3.9600 x86_64) (WARNING: The server did not provide any stacktrace information)
Command duration or timeout: 0 milliseconds
Build info: version: '3.7.1', revision: '8a0099a', time: '2017-11-06T21:07:36.161Z'
System info: host: 'WIN-U215233FMVE', ip: '172.30.0.53', os.name: 'Windows Server 2012 R2', os.arch: 'amd64', os.version: '6.3', java.version: '1.8.0_181'
Driver info: com.kms.katalon.selenium.driver.CChromeDriver
Capabilities {acceptInsecureCerts: false, acceptSslCerts: false, applicationCacheEnabled: false, browserConnectionEnabled: false, browserName: chrome, chrome: {chromedriverVersion: 2.43.600210 (68dcf5eebde371..., userDataDir: C:\Users\ADMINI~1\AppData\L...}, cssSelectorsEnabled: true, databaseEnabled: false, goog:chromeOptions: {debuggerAddress: localhost:63626}, handlesAlerts: true, hasTouchScreen: true, javascriptEnabled: true, locationContextEnabled: true, mobileEmulationEnabled: true, nativeEvents: true, networkConnectionEnabled: false, pageLoadStrategy: normal, platform: XP, platformName: XP, rotatable: false, setWindowRect: true, takesHeapSnapshot: true, takesScreenshot: true, unexpectedAlertBehaviour: , unhandledPromptBehavior: , version: 80.0.3987.163, webStorageEnabled: true}
Session ID: aec06692a18fa1cc7be3a488b76c58e0
	at org.openqa.selenium.remote.ErrorHandler.createThrowable(ErrorHandler.java:214)
	at org.openqa.selenium.remote.ErrorHandler.throwIfResponseFailed(ErrorHandler.java:166)
	at org.openqa.selenium.remote.http.JsonHttpResponseCodec.reconstructValue(JsonHttpResponseCodec.java:40)
	at org.openqa.selenium.remote.http.AbstractHttpResponseCodec.decode(AbstractHttpResponseCodec.java:80)
	at org.openqa.selenium.remote.http.AbstractHttpResponseCodec.decode(AbstractHttpResponseCodec.java:44)
	at org.openqa.selenium.remote.HttpCommandExecutor.execute(HttpCommandExecutor.java:164)
	at org.openqa.selenium.remote.service.DriverCommandExecutor.execute(DriverCommandExecutor.java:83)
	at org.openqa.selenium.remote.RemoteWebDriver.execute(RemoteWebDriver.java:600)
	at com.kms.katalon.selenium.driver.CChromeDriver.execute(CChromeDriver.java:20)
	at org.openqa.selenium.remote.RemoteWebDriver.executeScript(RemoteWebDriver.java:536)
	at com.thoughtworks.selenium.webdriven.ElementFinder.findElement(ElementFinder.java:91)
	at com.thoughtworks.selenium.webdriven.commands.Click.handleSeleneseCommand(Click.java:39)
	at com.thoughtworks.selenium.webdriven.commands.Click.handleSeleneseCommand(Click.java:26)
	at com.thoughtworks.selenium.webdriven.SeleneseCommand.apply(SeleneseCommand.java:36)
	at com.thoughtworks.selenium.webdriven.Timer.run(Timer.java:41)
	at com.thoughtworks.selenium.webdriven.WebDriverCommandProcessor.execute(WebDriverCommandProcessor.java:150)
	at com.thoughtworks.selenium.webdriven.WebDriverCommandProcessor.doCommand(WebDriverCommandProcessor.java:76)
	at com.thoughtworks.selenium.DefaultSelenium.click(DefaultSelenium.java:198)
	at com.thoughtworks.selenium.Selenium$click$0.call(Unknown Source)
	at Script1575609854490.run(Script1575609854490.groovy:47)
	... 13 more
"/>
         <system-out><![CDATA[2020-04-09 08:14:09 - [TEST_CASE][ERROR] - Test Cases/HP/Health Plans/STM: Test Cases/HP/Health Plans/STM FAILED.
Reason:
com.thoughtworks.selenium.SeleniumException: Element id=location not found
	at com.thoughtworks.selenium.webdriven.ElementFinder.findElement(ElementFinder.java:93)
	at com.thoughtworks.selenium.webdriven.commands.Click.handleSeleneseCommand(Click.java:39)
	at com.thoughtworks.selenium.webdriven.commands.Click.handleSeleneseCommand(Click.java:26)
	at com.thoughtworks.selenium.webdriven.SeleneseCommand.apply(SeleneseCommand.java:36)
	at com.thoughtworks.selenium.webdriven.Timer.run(Timer.java:41)
	at com.thoughtworks.selenium.webdriven.WebDriverCommandProcessor.execute(WebDriverCommandProcessor.java:150)
	at com.thoughtworks.selenium.webdriven.WebDriverCommandProcessor.doCommand(WebDriverCommandProcessor.java:76)
	at com.thoughtworks.selenium.DefaultSelenium.click(DefaultSelenium.java:198)
	at com.thoughtworks.selenium.Selenium$click$0.call(Unknown Source)
	at STM.run(STM:47)
	at com.kms.katalon.core.main.ScriptEngine.run(ScriptEngine.java:194)
	at com.kms.katalon.core.main.ScriptEngine.runScriptAsRawText(ScriptEngine.java:119)
	at com.kms.katalon.core.main.TestCaseExecutor.runScript(TestCaseExecutor.java:328)
	at com.kms.katalon.core.main.TestCaseExecutor.doExecute(TestCaseExecutor.java:319)
	at com.kms.katalon.core.main.TestCaseExecutor.processExecutionPhase(TestCaseExecutor.java:298)
	at com.kms.katalon.core.main.TestCaseExecutor.accessMainPhase(TestCaseExecutor.java:290)
	at com.kms.katalon.core.main.TestCaseExecutor.execute(TestCaseExecutor.java:224)
	at com.kms.katalon.core.main.TestSuiteExecutor.accessTestCaseMainPhase(TestSuiteExecutor.java:129)
	at com.kms.katalon.core.main.TestSuiteExecutor.accessTestSuiteMainPhase(TestSuiteExecutor.java:112)
	at com.kms.katalon.core.main.TestSuiteExecutor.execute(TestSuiteExecutor.java:81)
	at com.kms.katalon.core.main.TestCaseMain.startTestSuite(TestCaseMain.java:149)
	at com.kms.katalon.core.main.TestCaseMain$startTestSuite$0.call(Unknown Source)
	at TempTestSuite1586433672099.run(TempTestSuite1586433672099.groovy:36)
Caused by: org.openqa.selenium.WebDriverException: unknown error: Element id=location not found
  (Session info: chrome=80.0.3987.163)
  (Driver info: chromedriver=2.43.600210 (68dcf5eebde37173d4027fa8635e332711d2874a),platform=Windows NT 6.3.9600 x86_64) (WARNING: The server did not provide any stacktrace information)
Command duration or timeout: 0 milliseconds
Build info: version: '3.7.1', revision: '8a0099a', time: '2017-11-06T21:07:36.161Z'
System info: host: 'WIN-U215233FMVE', ip: '172.30.0.53', os.name: 'Windows Server 2012 R2', os.arch: 'amd64', os.version: '6.3', java.version: '1.8.0_181'
Driver info: com.kms.katalon.selenium.driver.CChromeDriver
Capabilities {acceptInsecureCerts: false, acceptSslCerts: false, applicationCacheEnabled: false, browserConnectionEnabled: false, browserName: chrome, chrome: {chromedriverVersion: 2.43.600210 (68dcf5eebde371..., userDataDir: C:\Users\ADMINI~1\AppData\L...}, cssSelectorsEnabled: true, databaseEnabled: false, goog:chromeOptions: {debuggerAddress: localhost:63626}, handlesAlerts: true, hasTouchScreen: true, javascriptEnabled: true, locationContextEnabled: true, mobileEmulationEnabled: true, nativeEvents: true, networkConnectionEnabled: false, pageLoadStrategy: normal, platform: XP, platformName: XP, rotatable: false, setWindowRect: true, takesHeapSnapshot: true, takesScreenshot: true, unexpectedAlertBehaviour: , unhandledPromptBehavior: , version: 80.0.3987.163, webStorageEnabled: true}
Session ID: aec06692a18fa1cc7be3a488b76c58e0
	at org.openqa.selenium.remote.ErrorHandler.createThrowable(ErrorHandler.java:214)
	at org.openqa.selenium.remote.ErrorHandler.throwIfResponseFailed(ErrorHandler.java:166)
	at org.openqa.selenium.remote.http.JsonHttpResponseCodec.reconstructValue(JsonHttpResponseCodec.java:40)
	at org.openqa.selenium.remote.http.AbstractHttpResponseCodec.decode(AbstractHttpResponseCodec.java:80)
	at org.openqa.selenium.remote.http.AbstractHttpResponseCodec.decode(AbstractHttpResponseCodec.java:44)
	at org.openqa.selenium.remote.HttpCommandExecutor.execute(HttpCommandExecutor.java:164)
	at org.openqa.selenium.remote.service.DriverCommandExecutor.execute(DriverCommandExecutor.java:83)
	at org.openqa.selenium.remote.RemoteWebDriver.execute(RemoteWebDriver.java:600)
	at com.kms.katalon.selenium.driver.CChromeDriver.execute(CChromeDriver.java:20)
	at org.openqa.selenium.remote.RemoteWebDriver.executeScript(RemoteWebDriver.java:536)
	at com.thoughtworks.selenium.webdriven.ElementFinder.findElement(ElementFinder.java:91)
	at com.thoughtworks.selenium.webdriven.commands.Click.handleSeleneseCommand(Click.java:39)
	at com.thoughtworks.selenium.webdriven.commands.Click.handleSeleneseCommand(Click.java:26)
	at com.thoughtworks.selenium.webdriven.SeleneseCommand.apply(SeleneseCommand.java:36)
	at com.thoughtworks.selenium.webdriven.Timer.run(Timer.java:41)
	at com.thoughtworks.selenium.webdriven.WebDriverCommandProcessor.execute(WebDriverCommandProcessor.java:150)
	at com.thoughtworks.selenium.webdriven.WebDriverCommandProcessor.doCommand(WebDriverCommandProcessor.java:76)
	at com.thoughtworks.selenium.DefaultSelenium.click(DefaultSelenium.java:198)
	at com.thoughtworks.selenium.Selenium$click$0.call(Unknown Source)
	at Script1575609854490.run(Script1575609854490.groovy:47)
	... 13 more


2020-04-09 08:14:11 - [TEST_STEP][PASSED] - now = new java.util.Date(): null

2020-04-09 08:14:11 - [TEST_STEP][PASSED] - mydate = now.format("yyyyMMdd_HHmmss"): null

2020-04-09 08:14:11 - [TEST_STEP][PASSED] - callTestCase(findTestCase("AHI/_include/get_screenPath"), ["productLine":"HP", "carrierName":"STM"], CONTINUE_ON_FAILURE): Call Test Case 'Test Cases/AHI/_include/get_screenPath' successfully

2020-04-09 08:14:11 - [TEST_CASE][PASSED] - Test Cases/AHI/_include/get_screenPath: Test Cases/AHI/_include/get_screenPath

2020-04-09 08:14:11 - [TEST_STEP][PASSED] - m = getExecutionProperties(): null

2020-04-09 08:14:11 - [TEST_STEP][PASSED] - deviceName = get("mobileEmulation").get("deviceName"): null

2020-04-09 08:14:11 - [TEST_STEP][PASSED] - println(deviceName): null

2020-04-09 08:14:11 - [TEST_STEP][PASSED] - now = new java.util.Date(): null

2020-04-09 08:14:11 - [TEST_STEP][PASSED] - mydate = now.format("yyyyMMdd_HHmmss"): null

2020-04-09 08:14:11 - [TEST_STEP][PASSED] - screenPath = "../Screenshots/": null

2020-04-09 08:14:11 - [TEST_STEP][PASSED] - screenPath = screenPath + deviceName + "/" + productLine + "/" + carrierName + "/" + mydate + "/": null

2020-04-09 08:14:11 - [TEST_STEP][PASSED] - println(screenPath): null

2020-04-09 08:14:11 - [MESSAGE][PASSED] - Call Test Case 'Test Cases/AHI/_include/get_screenPath' successfully

2020-04-09 08:14:11 - [TEST_STEP][PASSED] - i = 0: null

2020-04-09 08:14:11 - [TEST_STEP][PASSED] - openBrowser(env + "/short-term-health-insurance"): Browser is opened with url: 'http://pengujian.healthpocket.com/short-term-health-insurance'

2020-04-09 08:14:11 - [MESSAGE][WARNING] - A browser is already opened. Closing browser and opening a new one

2020-04-09 08:14:14 - [MESSAGE][INFO] - Starting 'Chrome' driver

2020-04-09 08:14:14 - [MESSAGE][INFO] - User set preference: ['mobileEmulation', '{deviceName=iPhone 6}']

2020-04-09 08:14:14 - [MESSAGE][INFO] - User set preference: ['args', '[--incognito, --aggressive-cache-discard, --window-size=375,677, --no-sandbox, --ignore-certificate-errors]']

2020-04-09 08:15:02 - [MESSAGE][PASSED] - Browser is opened with url: 'http://pengujian.healthpocket.com/short-term-health-insurance'

2020-04-09 08:15:02 - [TEST_STEP][PASSED] - driver = getWebDriver(): null

2020-04-09 08:15:02 - [TEST_STEP][PASSED] - baseUrl = env: null

2020-04-09 08:15:02 - [TEST_STEP][PASSED] - selenium = new com.thoughtworks.selenium.webdriven.WebDriverBackedSelenium(driver, baseUrl): null

2020-04-09 08:15:03 - [TEST_STEP][ERROR] - selenium.click("id=location"): selenium.click("id=location") FAILED.
Reason:
com.thoughtworks.selenium.SeleniumException: Element id=location not found
	at com.thoughtworks.selenium.webdriven.ElementFinder.findElement(ElementFinder.java:93)
	at com.thoughtworks.selenium.webdriven.commands.Click.handleSeleneseCommand(Click.java:39)
	at com.thoughtworks.selenium.webdriven.commands.Click.handleSeleneseCommand(Click.java:26)
	at com.thoughtworks.selenium.webdriven.SeleneseCommand.apply(SeleneseCommand.java:36)
	at com.thoughtworks.selenium.webdriven.Timer.run(Timer.java:41)
	at com.thoughtworks.selenium.webdriven.WebDriverCommandProcessor.execute(WebDriverCommandProcessor.java:150)
	at com.thoughtworks.selenium.webdriven.WebDriverCommandProcessor.doCommand(WebDriverCommandProcessor.java:76)
	at com.thoughtworks.selenium.DefaultSelenium.click(DefaultSelenium.java:198)
	at com.thoughtworks.selenium.Selenium$click$0.call(Unknown Source)
	at STM.run(STM:47)
	at com.kms.katalon.core.main.ScriptEngine.run(ScriptEngine.java:194)
	at com.kms.katalon.core.main.ScriptEngine.runScriptAsRawText(ScriptEngine.java:119)
	at com.kms.katalon.core.main.TestCaseExecutor.runScript(TestCaseExecutor.java:328)
	at com.kms.katalon.core.main.TestCaseExecutor.doExecute(TestCaseExecutor.java:319)
	at com.kms.katalon.core.main.TestCaseExecutor.processExecutionPhase(TestCaseExecutor.java:298)
	at com.kms.katalon.core.main.TestCaseExecutor.accessMainPhase(TestCaseExecutor.java:290)
	at com.kms.katalon.core.main.TestCaseExecutor.execute(TestCaseExecutor.java:224)
	at com.kms.katalon.core.main.TestSuiteExecutor.accessTestCaseMainPhase(TestSuiteExecutor.java:129)
	at com.kms.katalon.core.main.TestSuiteExecutor.accessTestSuiteMainPhase(TestSuiteExecutor.java:112)
	at com.kms.katalon.core.main.TestSuiteExecutor.execute(TestSuiteExecutor.java:81)
	at com.kms.katalon.core.main.TestCaseMain.startTestSuite(TestCaseMain.java:149)
	at com.kms.katalon.core.main.TestCaseMain$startTestSuite$0.call(Unknown Source)
	at TempTestSuite1586433672099.run(TempTestSuite1586433672099.groovy:36)
Caused by: org.openqa.selenium.WebDriverException: unknown error: Element id=location not found
  (Session info: chrome=80.0.3987.163)
  (Driver info: chromedriver=2.43.600210 (68dcf5eebde37173d4027fa8635e332711d2874a),platform=Windows NT 6.3.9600 x86_64) (WARNING: The server did not provide any stacktrace information)
Command duration or timeout: 0 milliseconds
Build info: version: '3.7.1', revision: '8a0099a', time: '2017-11-06T21:07:36.161Z'
System info: host: 'WIN-U215233FMVE', ip: '172.30.0.53', os.name: 'Windows Server 2012 R2', os.arch: 'amd64', os.version: '6.3', java.version: '1.8.0_181'
Driver info: com.kms.katalon.selenium.driver.CChromeDriver
Capabilities {acceptInsecureCerts: false, acceptSslCerts: false, applicationCacheEnabled: false, browserConnectionEnabled: false, browserName: chrome, chrome: {chromedriverVersion: 2.43.600210 (68dcf5eebde371..., userDataDir: C:\Users\ADMINI~1\AppData\L...}, cssSelectorsEnabled: true, databaseEnabled: false, goog:chromeOptions: {debuggerAddress: localhost:63626}, handlesAlerts: true, hasTouchScreen: true, javascriptEnabled: true, locationContextEnabled: true, mobileEmulationEnabled: true, nativeEvents: true, networkConnectionEnabled: false, pageLoadStrategy: normal, platform: XP, platformName: XP, rotatable: false, setWindowRect: true, takesHeapSnapshot: true, takesScreenshot: true, unexpectedAlertBehaviour: , unhandledPromptBehavior: , version: 80.0.3987.163, webStorageEnabled: true}
Session ID: aec06692a18fa1cc7be3a488b76c58e0
	at org.openqa.selenium.remote.ErrorHandler.createThrowable(ErrorHandler.java:214)
	at org.openqa.selenium.remote.ErrorHandler.throwIfResponseFailed(ErrorHandler.java:166)
	at org.openqa.selenium.remote.http.JsonHttpResponseCodec.reconstructValue(JsonHttpResponseCodec.java:40)
	at org.openqa.selenium.remote.http.AbstractHttpResponseCodec.decode(AbstractHttpResponseCodec.java:80)
	at org.openqa.selenium.remote.http.AbstractHttpResponseCodec.decode(AbstractHttpResponseCodec.java:44)
	at org.openqa.selenium.remote.HttpCommandExecutor.execute(HttpCommandExecutor.java:164)
	at org.openqa.selenium.remote.service.DriverCommandExecutor.execute(DriverCommandExecutor.java:83)
	at org.openqa.selenium.remote.RemoteWebDriver.execute(RemoteWebDriver.java:600)
	at com.kms.katalon.selenium.driver.CChromeDriver.execute(CChromeDriver.java:20)
	at org.openqa.selenium.remote.RemoteWebDriver.executeScript(RemoteWebDriver.java:536)
	at com.thoughtworks.selenium.webdriven.ElementFinder.findElement(ElementFinder.java:91)
	at com.thoughtworks.selenium.webdriven.commands.Click.handleSeleneseCommand(Click.java:39)
	at com.thoughtworks.selenium.webdriven.commands.Click.handleSeleneseCommand(Click.java:26)
	at com.thoughtworks.selenium.webdriven.SeleneseCommand.apply(SeleneseCommand.java:36)
	at com.thoughtworks.selenium.webdriven.Timer.run(Timer.java:41)
	at com.thoughtworks.selenium.webdriven.WebDriverCommandProcessor.execute(WebDriverCommandProcessor.java:150)
	at com.thoughtworks.selenium.webdriven.WebDriverCommandProcessor.doCommand(WebDriverCommandProcessor.java:76)
	at com.thoughtworks.selenium.DefaultSelenium.click(DefaultSelenium.java:198)
	at com.thoughtworks.selenium.Selenium$click$0.call(Unknown Source)
	at Script1575609854490.run(Script1575609854490.groovy:47)
	... 13 more


2020-04-09 08:15:09 - [MESSAGE][ERROR] - selenium.click("id=location") FAILED.
Reason:
com.thoughtworks.selenium.SeleniumException: Element id=location not found
	at com.thoughtworks.selenium.webdriven.ElementFinder.findElement(ElementFinder.java:93)
	at com.thoughtworks.selenium.webdriven.commands.Click.handleSeleneseCommand(Click.java:39)
	at com.thoughtworks.selenium.webdriven.commands.Click.handleSeleneseCommand(Click.java:26)
	at com.thoughtworks.selenium.webdriven.SeleneseCommand.apply(SeleneseCommand.java:36)
	at com.thoughtworks.selenium.webdriven.Timer.run(Timer.java:41)
	at com.thoughtworks.selenium.webdriven.WebDriverCommandProcessor.execute(WebDriverCommandProcessor.java:150)
	at com.thoughtworks.selenium.webdriven.WebDriverCommandProcessor.doCommand(WebDriverCommandProcessor.java:76)
	at com.thoughtworks.selenium.DefaultSelenium.click(DefaultSelenium.java:198)
	at com.thoughtworks.selenium.Selenium$click$0.call(Unknown Source)
	at STM.run(STM:47)
	at com.kms.katalon.core.main.ScriptEngine.run(ScriptEngine.java:194)
	at com.kms.katalon.core.main.ScriptEngine.runScriptAsRawText(ScriptEngine.java:119)
	at com.kms.katalon.core.main.TestCaseExecutor.runScript(TestCaseExecutor.java:328)
	at com.kms.katalon.core.main.TestCaseExecutor.doExecute(TestCaseExecutor.java:319)
	at com.kms.katalon.core.main.TestCaseExecutor.processExecutionPhase(TestCaseExecutor.java:298)
	at com.kms.katalon.core.main.TestCaseExecutor.accessMainPhase(TestCaseExecutor.java:290)
	at com.kms.katalon.core.main.TestCaseExecutor.execute(TestCaseExecutor.java:224)
	at com.kms.katalon.core.main.TestSuiteExecutor.accessTestCaseMainPhase(TestSuiteExecutor.java:129)
	at com.kms.katalon.core.main.TestSuiteExecutor.accessTestSuiteMainPhase(TestSuiteExecutor.java:112)
	at com.kms.katalon.core.main.TestSuiteExecutor.execute(TestSuiteExecutor.java:81)
	at com.kms.katalon.core.main.TestCaseMain.startTestSuite(TestCaseMain.java:149)
	at com.kms.katalon.core.main.TestCaseMain$startTestSuite$0.call(Unknown Source)
	at TempTestSuite1586433672099.run(TempTestSuite1586433672099.groovy:36)
Caused by: org.openqa.selenium.WebDriverException: unknown error: Element id=location not found
  (Session info: chrome=80.0.3987.163)
  (Driver info: chromedriver=2.43.600210 (68dcf5eebde37173d4027fa8635e332711d2874a),platform=Windows NT 6.3.9600 x86_64) (WARNING: The server did not provide any stacktrace information)
Command duration or timeout: 0 milliseconds
Build info: version: '3.7.1', revision: '8a0099a', time: '2017-11-06T21:07:36.161Z'
System info: host: 'WIN-U215233FMVE', ip: '172.30.0.53', os.name: 'Windows Server 2012 R2', os.arch: 'amd64', os.version: '6.3', java.version: '1.8.0_181'
Driver info: com.kms.katalon.selenium.driver.CChromeDriver
Capabilities {acceptInsecureCerts: false, acceptSslCerts: false, applicationCacheEnabled: false, browserConnectionEnabled: false, browserName: chrome, chrome: {chromedriverVersion: 2.43.600210 (68dcf5eebde371..., userDataDir: C:\Users\ADMINI~1\AppData\L...}, cssSelectorsEnabled: true, databaseEnabled: false, goog:chromeOptions: {debuggerAddress: localhost:63626}, handlesAlerts: true, hasTouchScreen: true, javascriptEnabled: true, locationContextEnabled: true, mobileEmulationEnabled: true, nativeEvents: true, networkConnectionEnabled: false, pageLoadStrategy: normal, platform: XP, platformName: XP, rotatable: false, setWindowRect: true, takesHeapSnapshot: true, takesScreenshot: true, unexpectedAlertBehaviour: , unhandledPromptBehavior: , version: 80.0.3987.163, webStorageEnabled: true}
Session ID: aec06692a18fa1cc7be3a488b76c58e0
	at org.openqa.selenium.remote.ErrorHandler.createThrowable(ErrorHandler.java:214)
	at org.openqa.selenium.remote.ErrorHandler.throwIfResponseFailed(ErrorHandler.java:166)
	at org.openqa.selenium.remote.http.JsonHttpResponseCodec.reconstructValue(JsonHttpResponseCodec.java:40)
	at org.openqa.selenium.remote.http.AbstractHttpResponseCodec.decode(AbstractHttpResponseCodec.java:80)
	at org.openqa.selenium.remote.http.AbstractHttpResponseCodec.decode(AbstractHttpResponseCodec.java:44)
	at org.openqa.selenium.remote.HttpCommandExecutor.execute(HttpCommandExecutor.java:164)
	at org.openqa.selenium.remote.service.DriverCommandExecutor.execute(DriverCommandExecutor.java:83)
	at org.openqa.selenium.remote.RemoteWebDriver.execute(RemoteWebDriver.java:600)
	at com.kms.katalon.selenium.driver.CChromeDriver.execute(CChromeDriver.java:20)
	at org.openqa.selenium.remote.RemoteWebDriver.executeScript(RemoteWebDriver.java:536)
	at com.thoughtworks.selenium.webdriven.ElementFinder.findElement(ElementFinder.java:91)
	at com.thoughtworks.selenium.webdriven.commands.Click.handleSeleneseCommand(Click.java:39)
	at com.thoughtworks.selenium.webdriven.commands.Click.handleSeleneseCommand(Click.java:26)
	at com.thoughtworks.selenium.webdriven.SeleneseCommand.apply(SeleneseCommand.java:36)
	at com.thoughtworks.selenium.webdriven.Timer.run(Timer.java:41)
	at com.thoughtworks.selenium.webdriven.WebDriverCommandProcessor.execute(WebDriverCommandProcessor.java:150)
	at com.thoughtworks.selenium.webdriven.WebDriverCommandProcessor.doCommand(WebDriverCommandProcessor.java:76)
	at com.thoughtworks.selenium.DefaultSelenium.click(DefaultSelenium.java:198)
	at com.thoughtworks.selenium.Selenium$click$0.call(Unknown Source)
	at Script1575609854490.run(Script1575609854490.groovy:47)
	... 13 more]]></system-out>
         <system-err><![CDATA[2020-04-09 08:14:09 - [TEST_CASE][ERROR] - Test Cases/HP/Health Plans/STM: Test Cases/HP/Health Plans/STM FAILED.
Reason:
com.thoughtworks.selenium.SeleniumException: Element id=location not found
	at com.thoughtworks.selenium.webdriven.ElementFinder.findElement(ElementFinder.java:93)
	at com.thoughtworks.selenium.webdriven.commands.Click.handleSeleneseCommand(Click.java:39)
	at com.thoughtworks.selenium.webdriven.commands.Click.handleSeleneseCommand(Click.java:26)
	at com.thoughtworks.selenium.webdriven.SeleneseCommand.apply(SeleneseCommand.java:36)
	at com.thoughtworks.selenium.webdriven.Timer.run(Timer.java:41)
	at com.thoughtworks.selenium.webdriven.WebDriverCommandProcessor.execute(WebDriverCommandProcessor.java:150)
	at com.thoughtworks.selenium.webdriven.WebDriverCommandProcessor.doCommand(WebDriverCommandProcessor.java:76)
	at com.thoughtworks.selenium.DefaultSelenium.click(DefaultSelenium.java:198)
	at com.thoughtworks.selenium.Selenium$click$0.call(Unknown Source)
	at STM.run(STM:47)
	at com.kms.katalon.core.main.ScriptEngine.run(ScriptEngine.java:194)
	at com.kms.katalon.core.main.ScriptEngine.runScriptAsRawText(ScriptEngine.java:119)
	at com.kms.katalon.core.main.TestCaseExecutor.runScript(TestCaseExecutor.java:328)
	at com.kms.katalon.core.main.TestCaseExecutor.doExecute(TestCaseExecutor.java:319)
	at com.kms.katalon.core.main.TestCaseExecutor.processExecutionPhase(TestCaseExecutor.java:298)
	at com.kms.katalon.core.main.TestCaseExecutor.accessMainPhase(TestCaseExecutor.java:290)
	at com.kms.katalon.core.main.TestCaseExecutor.execute(TestCaseExecutor.java:224)
	at com.kms.katalon.core.main.TestSuiteExecutor.accessTestCaseMainPhase(TestSuiteExecutor.java:129)
	at com.kms.katalon.core.main.TestSuiteExecutor.accessTestSuiteMainPhase(TestSuiteExecutor.java:112)
	at com.kms.katalon.core.main.TestSuiteExecutor.execute(TestSuiteExecutor.java:81)
	at com.kms.katalon.core.main.TestCaseMain.startTestSuite(TestCaseMain.java:149)
	at com.kms.katalon.core.main.TestCaseMain$startTestSuite$0.call(Unknown Source)
	at TempTestSuite1586433672099.run(TempTestSuite1586433672099.groovy:36)
Caused by: org.openqa.selenium.WebDriverException: unknown error: Element id=location not found
  (Session info: chrome=80.0.3987.163)
  (Driver info: chromedriver=2.43.600210 (68dcf5eebde37173d4027fa8635e332711d2874a),platform=Windows NT 6.3.9600 x86_64) (WARNING: The server did not provide any stacktrace information)
Command duration or timeout: 0 milliseconds
Build info: version: '3.7.1', revision: '8a0099a', time: '2017-11-06T21:07:36.161Z'
System info: host: 'WIN-U215233FMVE', ip: '172.30.0.53', os.name: 'Windows Server 2012 R2', os.arch: 'amd64', os.version: '6.3', java.version: '1.8.0_181'
Driver info: com.kms.katalon.selenium.driver.CChromeDriver
Capabilities {acceptInsecureCerts: false, acceptSslCerts: false, applicationCacheEnabled: false, browserConnectionEnabled: false, browserName: chrome, chrome: {chromedriverVersion: 2.43.600210 (68dcf5eebde371..., userDataDir: C:\Users\ADMINI~1\AppData\L...}, cssSelectorsEnabled: true, databaseEnabled: false, goog:chromeOptions: {debuggerAddress: localhost:63626}, handlesAlerts: true, hasTouchScreen: true, javascriptEnabled: true, locationContextEnabled: true, mobileEmulationEnabled: true, nativeEvents: true, networkConnectionEnabled: false, pageLoadStrategy: normal, platform: XP, platformName: XP, rotatable: false, setWindowRect: true, takesHeapSnapshot: true, takesScreenshot: true, unexpectedAlertBehaviour: , unhandledPromptBehavior: , version: 80.0.3987.163, webStorageEnabled: true}
Session ID: aec06692a18fa1cc7be3a488b76c58e0
	at org.openqa.selenium.remote.ErrorHandler.createThrowable(ErrorHandler.java:214)
	at org.openqa.selenium.remote.ErrorHandler.throwIfResponseFailed(ErrorHandler.java:166)
	at org.openqa.selenium.remote.http.JsonHttpResponseCodec.reconstructValue(JsonHttpResponseCodec.java:40)
	at org.openqa.selenium.remote.http.AbstractHttpResponseCodec.decode(AbstractHttpResponseCodec.java:80)
	at org.openqa.selenium.remote.http.AbstractHttpResponseCodec.decode(AbstractHttpResponseCodec.java:44)
	at org.openqa.selenium.remote.HttpCommandExecutor.execute(HttpCommandExecutor.java:164)
	at org.openqa.selenium.remote.service.DriverCommandExecutor.execute(DriverCommandExecutor.java:83)
	at org.openqa.selenium.remote.RemoteWebDriver.execute(RemoteWebDriver.java:600)
	at com.kms.katalon.selenium.driver.CChromeDriver.execute(CChromeDriver.java:20)
	at org.openqa.selenium.remote.RemoteWebDriver.executeScript(RemoteWebDriver.java:536)
	at com.thoughtworks.selenium.webdriven.ElementFinder.findElement(ElementFinder.java:91)
	at com.thoughtworks.selenium.webdriven.commands.Click.handleSeleneseCommand(Click.java:39)
	at com.thoughtworks.selenium.webdriven.commands.Click.handleSeleneseCommand(Click.java:26)
	at com.thoughtworks.selenium.webdriven.SeleneseCommand.apply(SeleneseCommand.java:36)
	at com.thoughtworks.selenium.webdriven.Timer.run(Timer.java:41)
	at com.thoughtworks.selenium.webdriven.WebDriverCommandProcessor.execute(WebDriverCommandProcessor.java:150)
	at com.thoughtworks.selenium.webdriven.WebDriverCommandProcessor.doCommand(WebDriverCommandProcessor.java:76)
	at com.thoughtworks.selenium.DefaultSelenium.click(DefaultSelenium.java:198)
	at com.thoughtworks.selenium.Selenium$click$0.call(Unknown Source)
	at Script1575609854490.run(Script1575609854490.groovy:47)
	... 13 more]]></system-err>
      </testcase>
      <testcase name="Test Cases/HP/Home/Home" classname="Test Cases/HP/Home/Home" status="PASSED">
         <system-out><![CDATA[2020-04-09 08:15:10 - [TEST_CASE][PASSED] - Test Cases/HP/Home/Home: Test Cases/HP/Home/Home

2020-04-09 08:15:12 - [TEST_STEP][PASSED] - now = new java.util.Date(): null

2020-04-09 08:15:12 - [TEST_STEP][PASSED] - mydate = now.format("yyyyMMdd_HHmmss"): null

2020-04-09 08:15:12 - [TEST_STEP][PASSED] - callTestCase(findTestCase("AHI/_include/get_screenPath"), ["productLine":"HP", "carrierName":"Home"], CONTINUE_ON_FAILURE): Call Test Case 'Test Cases/AHI/_include/get_screenPath' successfully

2020-04-09 08:15:12 - [TEST_CASE][PASSED] - Test Cases/AHI/_include/get_screenPath: Test Cases/AHI/_include/get_screenPath

2020-04-09 08:15:12 - [TEST_STEP][PASSED] - m = getExecutionProperties(): null

2020-04-09 08:15:12 - [TEST_STEP][PASSED] - deviceName = get("mobileEmulation").get("deviceName"): null

2020-04-09 08:15:12 - [TEST_STEP][PASSED] - println(deviceName): null

2020-04-09 08:15:12 - [TEST_STEP][PASSED] - now = new java.util.Date(): null

2020-04-09 08:15:12 - [TEST_STEP][PASSED] - mydate = now.format("yyyyMMdd_HHmmss"): null

2020-04-09 08:15:12 - [TEST_STEP][PASSED] - screenPath = "../Screenshots/": null

2020-04-09 08:15:12 - [TEST_STEP][PASSED] - screenPath = screenPath + deviceName + "/" + productLine + "/" + carrierName + "/" + mydate + "/": null

2020-04-09 08:15:12 - [TEST_STEP][PASSED] - println(screenPath): null

2020-04-09 08:15:12 - [MESSAGE][PASSED] - Call Test Case 'Test Cases/AHI/_include/get_screenPath' successfully

2020-04-09 08:15:12 - [TEST_STEP][PASSED] - i = 0: null

2020-04-09 08:15:12 - [TEST_STEP][PASSED] - openBrowser(env): Browser is opened with url: 'http://pengujian.healthpocket.com'

2020-04-09 08:15:12 - [MESSAGE][WARNING] - A browser is already opened. Closing browser and opening a new one

2020-04-09 08:15:15 - [MESSAGE][INFO] - Starting 'Chrome' driver

2020-04-09 08:15:15 - [MESSAGE][INFO] - User set preference: ['mobileEmulation', '{deviceName=iPhone 6}']

2020-04-09 08:15:15 - [MESSAGE][INFO] - User set preference: ['args', '[--incognito, --aggressive-cache-discard, --window-size=375,677, --no-sandbox, --ignore-certificate-errors]']

2020-04-09 08:15:59 - [MESSAGE][PASSED] - Browser is opened with url: 'http://pengujian.healthpocket.com'

2020-04-09 08:15:59 - [TEST_STEP][PASSED] - Thread.sleep(3000): null

2020-04-09 08:16:02 - [TEST_STEP][PASSED] - callTestCase(findTestCase("AHI/_include/get_screenshot"), [:], STOP_ON_FAILURE): Call Test Case 'Test Cases/AHI/_include/get_screenshot' successfully

2020-04-09 08:16:02 - [TEST_CASE][PASSED] - Test Cases/AHI/_include/get_screenshot: Test Cases/AHI/_include/get_screenshot

2020-04-09 08:16:02 - [TEST_STEP][PASSED] - Thread.sleep(1000): null

2020-04-09 08:16:04 - [TEST_STEP][PASSED] - takeScreenshot(screenPath + i + ".png"): Taking screenshot successfully

2020-04-09 08:16:07 - [MESSAGE][PASSED] - Taking screenshot successfully
[[ATTACHMENT|D:\\Test\\AgileTest\\Reports\\HP\\HP\\20200409_080112\\../Screenshots/iPhone 6/HP/Home/20200409_081512/0.png]]

2020-04-09 08:16:07 - [TEST_STEP][PASSED] - (internal.GlobalVariable.i++): null

2020-04-09 08:16:07 - [MESSAGE][PASSED] - Call Test Case 'Test Cases/AHI/_include/get_screenshot' successfully]]></system-out>
         <system-err><![CDATA[]]></system-err>
      </testcase>
      <system-out><![CDATA[2020-04-09 08:01:36 - [TEST_SUITE][ERROR] - HP: Test Cases/HP/Health Plans/ACA FAILED.
Reason:
com.thoughtworks.selenium.SeleniumException: Timed out waiting for action to finish
	at com.thoughtworks.selenium.webdriven.Timer.run(Timer.java:46)
	at com.thoughtworks.selenium.webdriven.WebDriverCommandProcessor.execute(WebDriverCommandProcessor.java:150)
	at com.thoughtworks.selenium.webdriven.WebDriverCommandProcessor.doCommand(WebDriverCommandProcessor.java:76)
	at com.thoughtworks.selenium.DefaultSelenium.click(DefaultSelenium.java:198)
	at com.thoughtworks.selenium.Selenium$click$0.call(Unknown Source)
	at ACA.run(ACA:104)
	at com.kms.katalon.core.main.ScriptEngine.run(ScriptEngine.java:194)
	at com.kms.katalon.core.main.ScriptEngine.runScriptAsRawText(ScriptEngine.java:119)
	at com.kms.katalon.core.main.TestCaseExecutor.runScript(TestCaseExecutor.java:328)
	at com.kms.katalon.core.main.TestCaseExecutor.doExecute(TestCaseExecutor.java:319)
	at com.kms.katalon.core.main.TestCaseExecutor.processExecutionPhase(TestCaseExecutor.java:298)
	at com.kms.katalon.core.main.TestCaseExecutor.accessMainPhase(TestCaseExecutor.java:290)
	at com.kms.katalon.core.main.TestCaseExecutor.execute(TestCaseExecutor.java:224)
	at com.kms.katalon.core.main.TestSuiteExecutor.accessTestCaseMainPhase(TestSuiteExecutor.java:129)
	at com.kms.katalon.core.main.TestSuiteExecutor.accessTestSuiteMainPhase(TestSuiteExecutor.java:112)
	at com.kms.katalon.core.main.TestSuiteExecutor.execute(TestSuiteExecutor.java:81)
	at com.kms.katalon.core.main.TestCaseMain.startTestSuite(TestCaseMain.java:149)
	at com.kms.katalon.core.main.TestCaseMain$startTestSuite$0.call(Unknown Source)
	at TempTestSuite1586433672099.run(TempTestSuite1586433672099.groovy:36)]]></system-out>
      <system-err><![CDATA[2020-04-09 08:01:36 - [TEST_SUITE][ERROR] - HP: Test Cases/HP/Health Plans/ACA FAILED.
Reason:
com.thoughtworks.selenium.SeleniumException: Timed out waiting for action to finish
	at com.thoughtworks.selenium.webdriven.Timer.run(Timer.java:46)
	at com.thoughtworks.selenium.webdriven.WebDriverCommandProcessor.execute(WebDriverCommandProcessor.java:150)
	at com.thoughtworks.selenium.webdriven.WebDriverCommandProcessor.doCommand(WebDriverCommandProcessor.java:76)
	at com.thoughtworks.selenium.DefaultSelenium.click(DefaultSelenium.java:198)
	at com.thoughtworks.selenium.Selenium$click$0.call(Unknown Source)
	at ACA.run(ACA:104)
	at com.kms.katalon.core.main.ScriptEngine.run(ScriptEngine.java:194)
	at com.kms.katalon.core.main.ScriptEngine.runScriptAsRawText(ScriptEngine.java:119)
	at com.kms.katalon.core.main.TestCaseExecutor.runScript(TestCaseExecutor.java:328)
	at com.kms.katalon.core.main.TestCaseExecutor.doExecute(TestCaseExecutor.java:319)
	at com.kms.katalon.core.main.TestCaseExecutor.processExecutionPhase(TestCaseExecutor.java:298)
	at com.kms.katalon.core.main.TestCaseExecutor.accessMainPhase(TestCaseExecutor.java:290)
	at com.kms.katalon.core.main.TestCaseExecutor.execute(TestCaseExecutor.java:224)
	at com.kms.katalon.core.main.TestSuiteExecutor.accessTestCaseMainPhase(TestSuiteExecutor.java:129)
	at com.kms.katalon.core.main.TestSuiteExecutor.accessTestSuiteMainPhase(TestSuiteExecutor.java:112)
	at com.kms.katalon.core.main.TestSuiteExecutor.execute(TestSuiteExecutor.java:81)
	at com.kms.katalon.core.main.TestCaseMain.startTestSuite(TestCaseMain.java:149)
	at com.kms.katalon.core.main.TestCaseMain$startTestSuite$0.call(Unknown Source)
	at TempTestSuite1586433672099.run(TempTestSuite1586433672099.groovy:36)]]></system-err>
   </testsuite>
</testsuites>
