<?xml version="1.0" encoding="UTF-8"?>
<testsuites name="ahi" time="525" tests="9" failures="0" errors="0">
   <testsuite name="ahi" tests="9" failures="0" errors="0" time="525" timestamp="2020-03-10 03:09:32" hostname="Administrator - 172.30.0.53" id="Test Suites/AHI/ahi">
      <properties>
         <property name="deviceName" value=""/>
         <property name="devicePlatform" value=""/>
         <property name="logFolder" value="D:\\Test\\AgileTest\\Reports\\AHI\\ahi\\20200310_030928"/>
         <property name="logFiles" value="D:\\Test\\AgileTest\\Reports\\AHI\\ahi\\20200310_030928\\execution0.log"/>
         <property name="attachments" value="D:\\Test\\AgileTest\\Reports\\AHI\\ahi\\20200310_030928\\../Screenshots/iPhone X/AHI/ACA Health Insurance/20200310_030933/0.png, D:\\Test\\AgileTest\\Reports\\AHI\\ahi\\20200310_030928\\../Screenshots/iPhone X/AHI/ACA Health Insurance/20200310_030933/1.png, D:\\Test\\AgileTest\\Reports\\AHI\\ahi\\20200310_030928\\../Screenshots/iPhone X/AHI/ACA Health Insurance/20200310_030933/2.png, D:\\Test\\AgileTest\\Reports\\AHI\\ahi\\20200310_030928\\../Screenshots/iPhone X/AHI/Cancer Insurance/20200310_030950/0.png, D:\\Test\\AgileTest\\Reports\\AHI\\ahi\\20200310_030928\\../Screenshots/iPhone X/AHI/Cancer Insurance/20200310_030950/1.png, D:\\Test\\AgileTest\\Reports\\AHI\\ahi\\20200310_030928\\../Screenshots/iPhone X/AHI/Cancer Insurance/20200310_030950/2.png, D:\\Test\\AgileTest\\Reports\\AHI\\ahi\\20200310_030928\\../Screenshots/iPhone X/AHI/Cancer Insurance/20200310_030950/3.png, D:\\Test\\AgileTest\\Reports\\AHI\\ahi\\20200310_030928\\../Screenshots/iPhone X/AHI/Cancer Insurance/20200310_030950/4.png, D:\\Test\\AgileTest\\Reports\\AHI\\ahi\\20200310_030928\\../Screenshots/iPhone X/AHI/Cancer Insurance/20200310_030950/5.png, D:\\Test\\AgileTest\\Reports\\AHI\\ahi\\20200310_030928\\../Screenshots/iPhone X/AHI/Cancer Insurance/20200310_030950/6.png, D:\\Test\\AgileTest\\Reports\\AHI\\ahi\\20200310_030928\\../Screenshots/iPhone X/AHI/Cancer Insurance/20200310_030950/7.png, D:\\Test\\AgileTest\\Reports\\AHI\\ahi\\20200310_030928\\../Screenshots/iPhone X/AHI/Cancer Insurance/20200310_030950/8.png, D:\\Test\\AgileTest\\Reports\\AHI\\ahi\\20200310_030928\\../Screenshots/iPhone X/AHI/Cancer Insurance/20200310_030950/9.png, D:\\Test\\AgileTest\\Reports\\AHI\\ahi\\20200310_030928\\../Screenshots/iPhone X/AHI/Dental - National General/20200310_031138/10.png, D:\\Test\\AgileTest\\Reports\\AHI\\ahi\\20200310_030928\\../Screenshots/iPhone X/AHI/Dental - National General/20200310_031138/11.png, D:\\Test\\AgileTest\\Reports\\AHI\\ahi\\20200310_030928\\../Screenshots/iPhone X/AHI/Dental - National General/20200310_031138/12.png, D:\\Test\\AgileTest\\Reports\\AHI\\ahi\\20200310_030928\\../Screenshots/iPhone X/AHI/Dental - National General/20200310_031138/13.png, D:\\Test\\AgileTest\\Reports\\AHI\\ahi\\20200310_030928\\../Screenshots/iPhone X/AHI/Dental - National General/20200310_031138/14.png, D:\\Test\\AgileTest\\Reports\\AHI\\ahi\\20200310_030928\\../Screenshots/iPhone X/AHI/Dental - National General/20200310_031138/15.png, D:\\Test\\AgileTest\\Reports\\AHI\\ahi\\20200310_030928\\../Screenshots/iPhone X/AHI/Dental - National General/20200310_031138/16.png, D:\\Test\\AgileTest\\Reports\\AHI\\ahi\\20200310_030928\\../Screenshots/iPhone X/AHI/Dental - National General/20200310_031138/17.png, D:\\Test\\AgileTest\\Reports\\AHI\\ahi\\20200310_030928\\../Screenshots/iPhone X/AHI/Dental - National General/20200310_031138/18.png, D:\\Test\\AgileTest\\Reports\\AHI\\ahi\\20200310_030928\\../Screenshots/iPhone X/AHI/Dental - USA Access/20200310_031258/0.png, D:\\Test\\AgileTest\\Reports\\AHI\\ahi\\20200310_030928\\../Screenshots/iPhone X/AHI/Dental - USA Access/20200310_031258/1.png, D:\\Test\\AgileTest\\Reports\\AHI\\ahi\\20200310_030928\\../Screenshots/iPhone X/AHI/Dental - USA Access/20200310_031258/2.png, D:\\Test\\AgileTest\\Reports\\AHI\\ahi\\20200310_030928\\../Screenshots/iPhone X/AHI/Dental - USA Access/20200310_031258/3.png, D:\\Test\\AgileTest\\Reports\\AHI\\ahi\\20200310_030928\\../Screenshots/iPhone X/AHI/Dental - USA Access/20200310_031258/4.png, D:\\Test\\AgileTest\\Reports\\AHI\\ahi\\20200310_030928\\../Screenshots/iPhone X/AHI/Dental - USA Access/20200310_031258/5.png, D:\\Test\\AgileTest\\Reports\\AHI\\ahi\\20200310_030928\\../Screenshots/iPhone X/AHI/Dental - USA Access/20200310_031258/6.png, D:\\Test\\AgileTest\\Reports\\AHI\\ahi\\20200310_030928\\../Screenshots/iPhone X/AHI/Dental - USA Access/20200310_031258/7.png, D:\\Test\\AgileTest\\Reports\\AHI\\ahi\\20200310_030928\\../Screenshots/iPhone X/AHI/Dental - USA Access/20200310_031258/8.png, D:\\Test\\AgileTest\\Reports\\AHI\\ahi\\20200310_030928\\../Screenshots/iPhone X/AHI/HBI/20200310_031427/0.png, D:\\Test\\AgileTest\\Reports\\AHI\\ahi\\20200310_030928\\../Screenshots/iPhone X/AHI/HBI/20200310_031427/1.png, D:\\Test\\AgileTest\\Reports\\AHI\\ahi\\20200310_030928\\../Screenshots/iPhone X/AHI/HBI/20200310_031427/2.png, D:\\Test\\AgileTest\\Reports\\AHI\\ahi\\20200310_030928\\../Screenshots/iPhone X/AHI/Medicare/20200310_031444/0.png, D:\\Test\\AgileTest\\Reports\\AHI\\ahi\\20200310_030928\\../Screenshots/iPhone X/AHI/Medicare/20200310_031444/1.png, D:\\Test\\AgileTest\\Reports\\AHI\\ahi\\20200310_030928\\../Screenshots/iPhone X/AHI/Pet Insurance/20200310_031452/0.png, D:\\Test\\AgileTest\\Reports\\AHI\\ahi\\20200310_030928\\../Screenshots/iPhone X/AHI/Pet Insurance/20200310_031452/1.png, D:\\Test\\AgileTest\\Reports\\AHI\\ahi\\20200310_030928\\../Screenshots/iPhone X/AHI/Pet Insurance/20200310_031452/2.png, D:\\Test\\AgileTest\\Reports\\AHI\\ahi\\20200310_030928\\../Screenshots/iPhone X/AHI/Pet Insurance/20200310_031452/3.png, D:\\Test\\AgileTest\\Reports\\AHI\\ahi\\20200310_030928\\../Screenshots/iPhone X/AHI/Pet Insurance/20200310_031452/4.png, D:\\Test\\AgileTest\\Reports\\AHI\\ahi\\20200310_030928\\../Screenshots/iPhone X/AHI/Pet Insurance/20200310_031452/5.png, D:\\Test\\AgileTest\\Reports\\AHI\\ahi\\20200310_030928\\../Screenshots/iPhone X/AHI/Pet Insurance/20200310_031452/6.png, D:\\Test\\AgileTest\\Reports\\AHI\\ahi\\20200310_030928\\../Screenshots/iPhone X/AHI/Pet Insurance/20200310_031452/7.png, D:\\Test\\AgileTest\\Reports\\AHI\\ahi\\20200310_030928\\../Screenshots/iPhone X/AHI/Pet Insurance/20200310_031452/8.png, D:\\Test\\AgileTest\\Reports\\AHI\\ahi\\20200310_030928\\../Screenshots/iPhone X/AHI/Pet Insurance/20200310_031452/9.png, D:\\Test\\AgileTest\\Reports\\AHI\\ahi\\20200310_030928\\../Screenshots/iPhone X/AHI/Pet Insurance/20200310_031452/10.png, D:\\Test\\AgileTest\\Reports\\AHI\\ahi\\20200310_030928\\../Screenshots/iPhone X/AHI/STM/20200310_031615/0.png, D:\\Test\\AgileTest\\Reports\\AHI\\ahi\\20200310_030928\\../Screenshots/iPhone X/AHI/STM/20200310_031615/1.png, D:\\Test\\AgileTest\\Reports\\AHI\\ahi\\20200310_030928\\../Screenshots/iPhone X/AHI/STM/20200310_031615/2.png, D:\\Test\\AgileTest\\Reports\\AHI\\ahi\\20200310_030928\\../Screenshots/iPhone X/AHI/Teladoc/20200310_031632/0.png, D:\\Test\\AgileTest\\Reports\\AHI\\ahi\\20200310_030928\\../Screenshots/iPhone X/AHI/Teladoc/20200310_031632/1.png, D:\\Test\\AgileTest\\Reports\\AHI\\ahi\\20200310_030928\\../Screenshots/iPhone X/AHI/Teladoc/20200310_031632/2.png, D:\\Test\\AgileTest\\Reports\\AHI\\ahi\\20200310_030928\\../Screenshots/iPhone X/AHI/Teladoc/20200310_031632/3.png, D:\\Test\\AgileTest\\Reports\\AHI\\ahi\\20200310_030928\\../Screenshots/iPhone X/AHI/Teladoc/20200310_031632/4.png, D:\\Test\\AgileTest\\Reports\\AHI\\ahi\\20200310_030928\\../Screenshots/iPhone X/AHI/Teladoc/20200310_031632/5.png, D:\\Test\\AgileTest\\Reports\\AHI\\ahi\\20200310_030928\\../Screenshots/iPhone X/AHI/Teladoc/20200310_031632/6.png"/>
         <property name="hostName" value="Administrator - 172.30.0.53"/>
         <property name="os" value="Windows Server 2012 R2 64bit"/>
         <property name="katalonVersion" value="5.10.1.1"/>
         <property name="browser" value="Safari 11"/>
         <property name="hostAddress" value="172.30.0.53"/>
         <property name="sessionId" value="a3930809a926a227df9c97d3ae450aab"/>
         <property name="seleniumVersion" value="3.7.1"/>
         <property name="proxyInformation" value="ProxyInformation{proxyOption=NO_PROXY, proxyServerType=HTTP, password=, proxyServerAddress=, proxyServerPort=0}"/>
         <property name="platform" value="Windows Server 2012 R2"/>
      </properties>
      <testcase name="Test Cases/AHI/NEW/ACA Health Insurance" classname="Test Cases/AHI/NEW/ACA Health Insurance" status="PASSED">
         <system-out><![CDATA[2020-03-10 03:09:32 - [TEST_CASE][PASSED] - Test Cases/AHI/NEW/ACA Health Insurance: Test Cases/AHI/NEW/ACA Health Insurance

2020-03-10 03:09:32 - [TEST_STEP][PASSED] - callTestCase(findTestCase("AHI/_include/get_screenPath"), ["productLine":"AHI", "carrierName":"ACA Health Insurance"], CONTINUE_ON_FAILURE): Call Test Case 'Test Cases/AHI/_include/get_screenPath' successfully

2020-03-10 03:09:33 - [TEST_CASE][PASSED] - Test Cases/AHI/_include/get_screenPath: Test Cases/AHI/_include/get_screenPath

2020-03-10 03:09:33 - [TEST_STEP][PASSED] - m = getExecutionProperties(): null

2020-03-10 03:09:33 - [TEST_STEP][PASSED] - deviceName = get("mobileEmulation").get("deviceName"): null

2020-03-10 03:09:33 - [TEST_STEP][PASSED] - println(deviceName): null

2020-03-10 03:09:33 - [TEST_STEP][PASSED] - now = new java.util.Date(): null

2020-03-10 03:09:33 - [TEST_STEP][PASSED] - mydate = now.format("yyyyMMdd_HHmmss"): null

2020-03-10 03:09:33 - [TEST_STEP][PASSED] - screenPath = "../Screenshots/": null

2020-03-10 03:09:33 - [TEST_STEP][PASSED] - screenPath = screenPath + deviceName + "/" + productLine + "/" + carrierName + "/" + mydate + "/": null

2020-03-10 03:09:33 - [TEST_STEP][PASSED] - println(screenPath): null

2020-03-10 03:09:33 - [MESSAGE][PASSED] - Call Test Case 'Test Cases/AHI/_include/get_screenPath' successfully

2020-03-10 03:09:33 - [TEST_STEP][PASSED] - i = 0: null

2020-03-10 03:09:33 - [TEST_STEP][PASSED] - callTestCase(findTestCase("AHI/_include/openWebSite"), [:], CONTINUE_ON_FAILURE): Call Test Case 'Test Cases/AHI/_include/openWebSite' successfully

2020-03-10 03:09:33 - [TEST_CASE][PASSED] - Test Cases/AHI/_include/openWebSite: Test Cases/AHI/_include/openWebSite

2020-03-10 03:09:33 - [TEST_STEP][PASSED] - openBrowser(env): Browser is opened with url: 'https://praetemptatus.agilehealthinsurance.com'

2020-03-10 03:09:34 - [MESSAGE][INFO] - Starting 'Chrome' driver

2020-03-10 03:09:34 - [MESSAGE][INFO] - User set preference: ['mobileEmulation', '{deviceName=iPhone X}']

2020-03-10 03:09:34 - [MESSAGE][INFO] - User set preference: ['args', '[--incognito, --aggressive-cache-discard, --no-sandbox, --window-size=375,812, --ignore-certificate-errors]']

2020-03-10 03:09:34 - [MESSAGE][INFO] - Action delay is set to 0 seconds

2020-03-10 03:09:38 - [MESSAGE][PASSED] - Browser is opened with url: 'https://praetemptatus.agilehealthinsurance.com'

2020-03-10 03:09:38 - [TEST_STEP][PASSED] - waitForPageLoad(20): Wait for page load successfully

2020-03-10 03:09:38 - [MESSAGE][PASSED] - Wait for page load successfully

2020-03-10 03:09:38 - [TEST_STEP][PASSED] - callTestCase(findTestCase("AHI/_include/get_screenshot"), [:], STOP_ON_FAILURE): Call Test Case 'Test Cases/AHI/_include/get_screenshot' successfully

2020-03-10 03:09:38 - [TEST_CASE][PASSED] - Test Cases/AHI/_include/get_screenshot: Test Cases/AHI/_include/get_screenshot

2020-03-10 03:09:39 - [TEST_STEP][PASSED] - Thread.sleep(1000): null

2020-03-10 03:09:40 - [TEST_STEP][PASSED] - takeScreenshot(screenPath + i + ".png"): Taking screenshot successfully

2020-03-10 03:09:41 - [MESSAGE][PASSED] - Taking screenshot successfully
[[ATTACHMENT|D:\\Test\\AgileTest\\Reports\\AHI\\ahi\\20200310_030928\\../Screenshots/iPhone X/AHI/ACA Health Insurance/20200310_030933/0.png]]

2020-03-10 03:09:41 - [TEST_STEP][PASSED] - (internal.GlobalVariable.i++): null

2020-03-10 03:09:41 - [MESSAGE][PASSED] - Call Test Case 'Test Cases/AHI/_include/get_screenshot' successfully

2020-03-10 03:09:41 - [MESSAGE][PASSED] - Call Test Case 'Test Cases/AHI/_include/openWebSite' successfully

2020-03-10 03:09:41 - [TEST_STEP][PASSED] - driver = getWebDriver(): null

2020-03-10 03:09:41 - [TEST_STEP][PASSED] - baseUrl = ENV: null

2020-03-10 03:09:41 - [TEST_STEP][PASSED] - selenium = new com.thoughtworks.selenium.webdriven.WebDriverBackedSelenium(driver, baseUrl): null

2020-03-10 03:09:42 - [TEST_STEP][PASSED] - selenium.click("//*[@class='filter-option-inner-inner']"): null

2020-03-10 03:09:42 - [TEST_STEP][PASSED] - selenium.click("id=bs-select-1-0"): null

2020-03-10 03:09:42 - [TEST_STEP][PASSED] - selenium.click("id=primaryCTA"): null

2020-03-10 03:09:43 - [TEST_STEP][PASSED] - for ([second = 0, second < 10, (second++)]): null

2020-03-10 03:09:43 - [TEST_STEP][PASSED] - try: null

2020-03-10 03:09:43 - [TEST_STEP][PASSED] - if (selenium.isElementPresent("xpath=//h1[contains(text(),'Find the right Individual and Family health care plan for you')]")): null

2020-03-10 03:09:44 - [TEST_STEP][PASSED] - break: null

2020-03-10 03:09:44 - [TEST_STEP][PASSED] - callTestCase(findTestCase("AHI/_include/get_screenshot"), [:], STOP_ON_FAILURE): Call Test Case 'Test Cases/AHI/_include/get_screenshot' successfully

2020-03-10 03:09:44 - [TEST_CASE][PASSED] - Test Cases/AHI/_include/get_screenshot: Test Cases/AHI/_include/get_screenshot

2020-03-10 03:09:44 - [TEST_STEP][PASSED] - Thread.sleep(1000): null

2020-03-10 03:09:45 - [TEST_STEP][PASSED] - takeScreenshot(screenPath + i + ".png"): Taking screenshot successfully

2020-03-10 03:09:46 - [MESSAGE][PASSED] - Taking screenshot successfully
[[ATTACHMENT|D:\\Test\\AgileTest\\Reports\\AHI\\ahi\\20200310_030928\\../Screenshots/iPhone X/AHI/ACA Health Insurance/20200310_030933/1.png]]

2020-03-10 03:09:46 - [TEST_STEP][PASSED] - (internal.GlobalVariable.i++): null

2020-03-10 03:09:46 - [MESSAGE][PASSED] - Call Test Case 'Test Cases/AHI/_include/get_screenshot' successfully

2020-03-10 03:09:46 - [TEST_STEP][PASSED] - url = selenium.getAttribute("xpath=(//a[@class='front-door-quote-button'])@href"): null

2020-03-10 03:09:46 - [TEST_STEP][PASSED] - navigateToUrl(url): Navigate to 'https://www.healthpocket.com/individual-health-insurance?__hstc=225231557.e2eeb5cfe00838710014965748dce2bb.1583824178811.1583824178811.1583824178811.1&__hssc=225231557.2.1583824178812&__hsfp=937275251' successfully

2020-03-10 03:09:48 - [MESSAGE][PASSED] - Navigate to 'https://www.healthpocket.com/individual-health-insurance?__hstc=225231557.e2eeb5cfe00838710014965748dce2bb.1583824178811.1583824178811.1583824178811.1&__hssc=225231557.2.1583824178812&__hsfp=937275251' successfully

2020-03-10 03:09:48 - [TEST_STEP][PASSED] - waitForPageLoad(10): Wait for page load successfully

2020-03-10 03:09:48 - [MESSAGE][PASSED] - Wait for page load successfully

2020-03-10 03:09:48 - [TEST_STEP][PASSED] - callTestCase(findTestCase("AHI/_include/get_screenshot"), [:], STOP_ON_FAILURE): Call Test Case 'Test Cases/AHI/_include/get_screenshot' successfully

2020-03-10 03:09:48 - [TEST_CASE][PASSED] - Test Cases/AHI/_include/get_screenshot: Test Cases/AHI/_include/get_screenshot

2020-03-10 03:09:48 - [TEST_STEP][PASSED] - Thread.sleep(1000): null

2020-03-10 03:09:49 - [TEST_STEP][PASSED] - takeScreenshot(screenPath + i + ".png"): Taking screenshot successfully

2020-03-10 03:09:50 - [MESSAGE][PASSED] - Taking screenshot successfully
[[ATTACHMENT|D:\\Test\\AgileTest\\Reports\\AHI\\ahi\\20200310_030928\\../Screenshots/iPhone X/AHI/ACA Health Insurance/20200310_030933/2.png]]

2020-03-10 03:09:50 - [TEST_STEP][PASSED] - (internal.GlobalVariable.i++): null

2020-03-10 03:09:50 - [MESSAGE][PASSED] - Call Test Case 'Test Cases/AHI/_include/get_screenshot' successfully]]></system-out>
         <system-err><![CDATA[]]></system-err>
      </testcase>
      <testcase name="Test Cases/AHI/NEW/Cancer Insurance" classname="Test Cases/AHI/NEW/Cancer Insurance" status="PASSED">
         <system-out><![CDATA[2020-03-10 03:09:50 - [TEST_CASE][PASSED] - Test Cases/AHI/NEW/Cancer Insurance: Test Cases/AHI/NEW/Cancer Insurance

2020-03-10 03:09:50 - [TEST_STEP][PASSED] - callTestCase(findTestCase("AHI/_include/get_screenPath"), ["productLine":"AHI", "carrierName":"Cancer Insurance"], CONTINUE_ON_FAILURE): Call Test Case 'Test Cases/AHI/_include/get_screenPath' successfully

2020-03-10 03:09:50 - [TEST_CASE][PASSED] - Test Cases/AHI/_include/get_screenPath: Test Cases/AHI/_include/get_screenPath

2020-03-10 03:09:50 - [TEST_STEP][PASSED] - m = getExecutionProperties(): null

2020-03-10 03:09:50 - [TEST_STEP][PASSED] - deviceName = get("mobileEmulation").get("deviceName"): null

2020-03-10 03:09:50 - [TEST_STEP][PASSED] - println(deviceName): null

2020-03-10 03:09:50 - [TEST_STEP][PASSED] - now = new java.util.Date(): null

2020-03-10 03:09:50 - [TEST_STEP][PASSED] - mydate = now.format("yyyyMMdd_HHmmss"): null

2020-03-10 03:09:50 - [TEST_STEP][PASSED] - screenPath = "../Screenshots/": null

2020-03-10 03:09:50 - [TEST_STEP][PASSED] - screenPath = screenPath + deviceName + "/" + productLine + "/" + carrierName + "/" + mydate + "/": null

2020-03-10 03:09:50 - [TEST_STEP][PASSED] - println(screenPath): null

2020-03-10 03:09:50 - [MESSAGE][PASSED] - Call Test Case 'Test Cases/AHI/_include/get_screenPath' successfully

2020-03-10 03:09:50 - [TEST_STEP][PASSED] - i = 0: null

2020-03-10 03:09:50 - [TEST_STEP][PASSED] - callTestCase(findTestCase("AHI/_include/openWebSite"), [:], CONTINUE_ON_FAILURE): Call Test Case 'Test Cases/AHI/_include/openWebSite' successfully

2020-03-10 03:09:50 - [TEST_CASE][PASSED] - Test Cases/AHI/_include/openWebSite: Test Cases/AHI/_include/openWebSite

2020-03-10 03:09:50 - [TEST_STEP][PASSED] - openBrowser(env): Browser is opened with url: 'https://praetemptatus.agilehealthinsurance.com'

2020-03-10 03:09:50 - [MESSAGE][WARNING] - A browser is already opened. Closing browser and opening a new one

2020-03-10 03:09:52 - [MESSAGE][INFO] - Starting 'Chrome' driver

2020-03-10 03:09:52 - [MESSAGE][INFO] - User set preference: ['mobileEmulation', '{deviceName=iPhone X}']

2020-03-10 03:09:52 - [MESSAGE][INFO] - User set preference: ['args', '[--incognito, --aggressive-cache-discard, --no-sandbox, --window-size=375,812, --ignore-certificate-errors]']

2020-03-10 03:09:55 - [MESSAGE][PASSED] - Browser is opened with url: 'https://praetemptatus.agilehealthinsurance.com'

2020-03-10 03:09:55 - [TEST_STEP][PASSED] - waitForPageLoad(20): Wait for page load successfully

2020-03-10 03:10:02 - [MESSAGE][PASSED] - Wait for page load successfully

2020-03-10 03:10:02 - [TEST_STEP][PASSED] - callTestCase(findTestCase("AHI/_include/get_screenshot"), [:], STOP_ON_FAILURE): Call Test Case 'Test Cases/AHI/_include/get_screenshot' successfully

2020-03-10 03:10:02 - [TEST_CASE][PASSED] - Test Cases/AHI/_include/get_screenshot: Test Cases/AHI/_include/get_screenshot

2020-03-10 03:10:02 - [TEST_STEP][PASSED] - Thread.sleep(1000): null

2020-03-10 03:10:03 - [TEST_STEP][PASSED] - takeScreenshot(screenPath + i + ".png"): Taking screenshot successfully

2020-03-10 03:10:06 - [MESSAGE][PASSED] - Taking screenshot successfully
[[ATTACHMENT|D:\\Test\\AgileTest\\Reports\\AHI\\ahi\\20200310_030928\\../Screenshots/iPhone X/AHI/Cancer Insurance/20200310_030950/0.png]]

2020-03-10 03:10:06 - [TEST_STEP][PASSED] - (internal.GlobalVariable.i++): null

2020-03-10 03:10:06 - [MESSAGE][PASSED] - Call Test Case 'Test Cases/AHI/_include/get_screenshot' successfully

2020-03-10 03:10:06 - [MESSAGE][PASSED] - Call Test Case 'Test Cases/AHI/_include/openWebSite' successfully

2020-03-10 03:10:06 - [TEST_STEP][PASSED] - driver = getWebDriver(): null

2020-03-10 03:10:06 - [TEST_STEP][PASSED] - baseUrl = ENV: null

2020-03-10 03:10:06 - [TEST_STEP][PASSED] - selenium = new com.thoughtworks.selenium.webdriven.WebDriverBackedSelenium(driver, baseUrl): null

2020-03-10 03:10:06 - [TEST_STEP][PASSED] - selenium.click("//*[@class='filter-option-inner-inner']"): null

2020-03-10 03:10:06 - [TEST_STEP][PASSED] - selenium.click("id=bs-select-1-1"): null

2020-03-10 03:10:06 - [TEST_STEP][PASSED] - selenium.click("id=primaryCTA"): null

2020-03-10 03:10:08 - [TEST_STEP][PASSED] - for ([second = 0, second < 20, (second++)]): null

2020-03-10 03:10:08 - [TEST_STEP][PASSED] - try: null

2020-03-10 03:10:08 - [TEST_STEP][PASSED] - if (selenium.isElementPresent("id=zip-input")): null

2020-03-10 03:10:09 - [TEST_STEP][PASSED] - break: null

2020-03-10 03:10:09 - [TEST_STEP][PASSED] - callTestCase(findTestCase("AHI/_include/get_screenshot"), [:], STOP_ON_FAILURE): Call Test Case 'Test Cases/AHI/_include/get_screenshot' successfully

2020-03-10 03:10:09 - [TEST_CASE][PASSED] - Test Cases/AHI/_include/get_screenshot: Test Cases/AHI/_include/get_screenshot

2020-03-10 03:10:09 - [TEST_STEP][PASSED] - Thread.sleep(1000): null

2020-03-10 03:10:10 - [TEST_STEP][PASSED] - takeScreenshot(screenPath + i + ".png"): Taking screenshot successfully

2020-03-10 03:10:10 - [MESSAGE][PASSED] - Taking screenshot successfully
[[ATTACHMENT|D:\\Test\\AgileTest\\Reports\\AHI\\ahi\\20200310_030928\\../Screenshots/iPhone X/AHI/Cancer Insurance/20200310_030950/1.png]]

2020-03-10 03:10:10 - [TEST_STEP][PASSED] - (internal.GlobalVariable.i++): null

2020-03-10 03:10:10 - [MESSAGE][PASSED] - Call Test Case 'Test Cases/AHI/_include/get_screenshot' successfully

2020-03-10 03:10:10 - [TEST_STEP][PASSED] - sendKeys(findTestObject("mobileSanity/Cancer Insurance/zip"), "35216"): Keys '35216' sent to object: 'Object Repository/mobileSanity/Cancer Insurance/zip'

2020-03-10 03:10:11 - [MESSAGE][PASSED] - Keys '35216' sent to object: 'Object Repository/mobileSanity/Cancer Insurance/zip'

2020-03-10 03:10:11 - [TEST_STEP][PASSED] - sendKeys(findTestObject("mobileSanity/Cancer Insurance/dob-0"), "01/01/1990"): Keys '01/01/1990' sent to object: 'Object Repository/mobileSanity/Cancer Insurance/dob-0'

2020-03-10 03:10:12 - [MESSAGE][PASSED] - Keys '01/01/1990' sent to object: 'Object Repository/mobileSanity/Cancer Insurance/dob-0'

2020-03-10 03:10:12 - [TEST_STEP][PASSED] - Thread.sleep(2000): null

2020-03-10 03:10:14 - [TEST_STEP][PASSED] - selenium.click("//label[@for='gender-m-0']"): null

2020-03-10 03:10:16 - [TEST_STEP][PASSED] - Thread.sleep(3000): null

2020-03-10 03:10:19 - [TEST_STEP][PASSED] - selenium.click("id=js-see-plans"): null

2020-03-10 03:10:22 - [TEST_STEP][PASSED] - for ([second = 0, second < 20, (second++)]): null

2020-03-10 03:10:22 - [TEST_STEP][PASSED] - try: null

2020-03-10 03:10:22 - [TEST_STEP][PASSED] - if (selenium.isElementPresent("xpath=//h1[contains(text(),'3 Cancer Insurance Policies Found')]")): null

2020-03-10 03:10:27 - [TEST_STEP][PASSED] - Thread.sleep(1000): null

2020-03-10 03:10:28 - [TEST_STEP][PASSED] - try: null

2020-03-10 03:10:28 - [TEST_STEP][PASSED] - if (selenium.isElementPresent("xpath=//h1[contains(text(),'3 Cancer Insurance Policies Found')]")): null

2020-03-10 03:10:28 - [TEST_STEP][PASSED] - Thread.sleep(1000): null

2020-03-10 03:10:29 - [TEST_STEP][PASSED] - try: null

2020-03-10 03:10:29 - [TEST_STEP][PASSED] - if (selenium.isElementPresent("xpath=//h1[contains(text(),'3 Cancer Insurance Policies Found')]")): null

2020-03-10 03:10:30 - [TEST_STEP][PASSED] - Thread.sleep(1000): null

2020-03-10 03:10:31 - [TEST_STEP][PASSED] - try: null

2020-03-10 03:10:31 - [TEST_STEP][PASSED] - if (selenium.isElementPresent("xpath=//h1[contains(text(),'3 Cancer Insurance Policies Found')]")): null

2020-03-10 03:10:32 - [TEST_STEP][PASSED] - Thread.sleep(1000): null

2020-03-10 03:10:33 - [TEST_STEP][PASSED] - try: null

2020-03-10 03:10:33 - [TEST_STEP][PASSED] - if (selenium.isElementPresent("xpath=//h1[contains(text(),'3 Cancer Insurance Policies Found')]")): null

2020-03-10 03:10:33 - [TEST_STEP][PASSED] - Thread.sleep(1000): null

2020-03-10 03:10:34 - [TEST_STEP][PASSED] - try: null

2020-03-10 03:10:34 - [TEST_STEP][PASSED] - if (selenium.isElementPresent("xpath=//h1[contains(text(),'3 Cancer Insurance Policies Found')]")): null

2020-03-10 03:10:34 - [TEST_STEP][PASSED] - Thread.sleep(1000): null

2020-03-10 03:10:35 - [TEST_STEP][PASSED] - try: null

2020-03-10 03:10:35 - [TEST_STEP][PASSED] - if (selenium.isElementPresent("xpath=//h1[contains(text(),'3 Cancer Insurance Policies Found')]")): null

2020-03-10 03:10:35 - [TEST_STEP][PASSED] - Thread.sleep(1000): null

2020-03-10 03:10:36 - [TEST_STEP][PASSED] - try: null

2020-03-10 03:10:36 - [TEST_STEP][PASSED] - if (selenium.isElementPresent("xpath=//h1[contains(text(),'3 Cancer Insurance Policies Found')]")): null

2020-03-10 03:10:36 - [TEST_STEP][PASSED] - Thread.sleep(1000): null

2020-03-10 03:10:37 - [TEST_STEP][PASSED] - try: null

2020-03-10 03:10:37 - [TEST_STEP][PASSED] - if (selenium.isElementPresent("xpath=//h1[contains(text(),'3 Cancer Insurance Policies Found')]")): null

2020-03-10 03:10:37 - [TEST_STEP][PASSED] - Thread.sleep(1000): null

2020-03-10 03:10:38 - [TEST_STEP][PASSED] - try: null

2020-03-10 03:10:38 - [TEST_STEP][PASSED] - if (selenium.isElementPresent("xpath=//h1[contains(text(),'3 Cancer Insurance Policies Found')]")): null

2020-03-10 03:10:38 - [TEST_STEP][PASSED] - Thread.sleep(1000): null

2020-03-10 03:10:39 - [TEST_STEP][PASSED] - try: null

2020-03-10 03:10:39 - [TEST_STEP][PASSED] - if (selenium.isElementPresent("xpath=//h1[contains(text(),'3 Cancer Insurance Policies Found')]")): null

2020-03-10 03:10:39 - [TEST_STEP][PASSED] - Thread.sleep(1000): null

2020-03-10 03:10:40 - [TEST_STEP][PASSED] - try: null

2020-03-10 03:10:40 - [TEST_STEP][PASSED] - if (selenium.isElementPresent("xpath=//h1[contains(text(),'3 Cancer Insurance Policies Found')]")): null

2020-03-10 03:10:40 - [TEST_STEP][PASSED] - Thread.sleep(1000): null

2020-03-10 03:10:41 - [TEST_STEP][PASSED] - try: null

2020-03-10 03:10:41 - [TEST_STEP][PASSED] - if (selenium.isElementPresent("xpath=//h1[contains(text(),'3 Cancer Insurance Policies Found')]")): null

2020-03-10 03:10:41 - [TEST_STEP][PASSED] - Thread.sleep(1000): null

2020-03-10 03:10:42 - [TEST_STEP][PASSED] - try: null

2020-03-10 03:10:42 - [TEST_STEP][PASSED] - if (selenium.isElementPresent("xpath=//h1[contains(text(),'3 Cancer Insurance Policies Found')]")): null

2020-03-10 03:10:42 - [TEST_STEP][PASSED] - Thread.sleep(1000): null

2020-03-10 03:10:43 - [TEST_STEP][PASSED] - try: null

2020-03-10 03:10:43 - [TEST_STEP][PASSED] - if (selenium.isElementPresent("xpath=//h1[contains(text(),'3 Cancer Insurance Policies Found')]")): null

2020-03-10 03:10:43 - [TEST_STEP][PASSED] - Thread.sleep(1000): null

2020-03-10 03:10:44 - [TEST_STEP][PASSED] - try: null

2020-03-10 03:10:44 - [TEST_STEP][PASSED] - if (selenium.isElementPresent("xpath=//h1[contains(text(),'3 Cancer Insurance Policies Found')]")): null

2020-03-10 03:10:44 - [TEST_STEP][PASSED] - Thread.sleep(1000): null

2020-03-10 03:10:45 - [TEST_STEP][PASSED] - try: null

2020-03-10 03:10:45 - [TEST_STEP][PASSED] - if (selenium.isElementPresent("xpath=//h1[contains(text(),'3 Cancer Insurance Policies Found')]")): null

2020-03-10 03:10:45 - [TEST_STEP][PASSED] - Thread.sleep(1000): null

2020-03-10 03:10:46 - [TEST_STEP][PASSED] - try: null

2020-03-10 03:10:46 - [TEST_STEP][PASSED] - if (selenium.isElementPresent("xpath=//h1[contains(text(),'3 Cancer Insurance Policies Found')]")): null

2020-03-10 03:10:46 - [TEST_STEP][PASSED] - Thread.sleep(1000): null

2020-03-10 03:10:47 - [TEST_STEP][PASSED] - try: null

2020-03-10 03:10:47 - [TEST_STEP][PASSED] - if (selenium.isElementPresent("xpath=//h1[contains(text(),'3 Cancer Insurance Policies Found')]")): null

2020-03-10 03:10:47 - [TEST_STEP][PASSED] - Thread.sleep(1000): null

2020-03-10 03:10:48 - [TEST_STEP][PASSED] - try: null

2020-03-10 03:10:48 - [TEST_STEP][PASSED] - if (selenium.isElementPresent("xpath=//h1[contains(text(),'3 Cancer Insurance Policies Found')]")): null

2020-03-10 03:10:48 - [TEST_STEP][PASSED] - Thread.sleep(1000): null

2020-03-10 03:10:49 - [TEST_STEP][PASSED] - callTestCase(findTestCase("AHI/_include/get_screenshot"), [:], STOP_ON_FAILURE): Call Test Case 'Test Cases/AHI/_include/get_screenshot' successfully

2020-03-10 03:10:50 - [TEST_CASE][PASSED] - Test Cases/AHI/_include/get_screenshot: Test Cases/AHI/_include/get_screenshot

2020-03-10 03:10:50 - [TEST_STEP][PASSED] - Thread.sleep(1000): null

2020-03-10 03:10:51 - [TEST_STEP][PASSED] - takeScreenshot(screenPath + i + ".png"): Taking screenshot successfully

2020-03-10 03:10:51 - [MESSAGE][PASSED] - Taking screenshot successfully
[[ATTACHMENT|D:\\Test\\AgileTest\\Reports\\AHI\\ahi\\20200310_030928\\../Screenshots/iPhone X/AHI/Cancer Insurance/20200310_030950/2.png]]

2020-03-10 03:10:51 - [TEST_STEP][PASSED] - (internal.GlobalVariable.i++): null

2020-03-10 03:10:51 - [MESSAGE][PASSED] - Call Test Case 'Test Cases/AHI/_include/get_screenshot' successfully

2020-03-10 03:10:51 - [TEST_STEP][PASSED] - selenium.click("xpath=(//a[contains(text(),'Option 1')])[1]"): null

2020-03-10 03:10:52 - [TEST_STEP][PASSED] - for ([second = 0, second < 20, (second++)]): null

2020-03-10 03:10:52 - [TEST_STEP][PASSED] - try: null

2020-03-10 03:10:52 - [TEST_STEP][PASSED] - if (selenium.isElementPresent("id=plan-details-primary-apply")): null

2020-03-10 03:10:53 - [TEST_STEP][PASSED] - break: null

2020-03-10 03:10:53 - [TEST_STEP][PASSED] - callTestCase(findTestCase("AHI/_include/get_screenshot"), [:], STOP_ON_FAILURE): Call Test Case 'Test Cases/AHI/_include/get_screenshot' successfully

2020-03-10 03:10:53 - [TEST_CASE][PASSED] - Test Cases/AHI/_include/get_screenshot: Test Cases/AHI/_include/get_screenshot

2020-03-10 03:10:53 - [TEST_STEP][PASSED] - Thread.sleep(1000): null

2020-03-10 03:10:54 - [TEST_STEP][PASSED] - takeScreenshot(screenPath + i + ".png"): Taking screenshot successfully

2020-03-10 03:10:54 - [MESSAGE][PASSED] - Taking screenshot successfully
[[ATTACHMENT|D:\\Test\\AgileTest\\Reports\\AHI\\ahi\\20200310_030928\\../Screenshots/iPhone X/AHI/Cancer Insurance/20200310_030950/3.png]]

2020-03-10 03:10:54 - [TEST_STEP][PASSED] - (internal.GlobalVariable.i++): null

2020-03-10 03:10:54 - [MESSAGE][PASSED] - Call Test Case 'Test Cases/AHI/_include/get_screenshot' successfully

2020-03-10 03:10:54 - [TEST_STEP][PASSED] - selenium.click("id=plan-details-primary-apply"): null

2020-03-10 03:10:56 - [TEST_STEP][PASSED] - for ([second = 0, second < 20, (second++)]): null

2020-03-10 03:10:56 - [TEST_STEP][PASSED] - try: null

2020-03-10 03:10:56 - [TEST_STEP][PASSED] - if (selenium.isElementPresent("id=applyButton")): null

2020-03-10 03:10:56 - [TEST_STEP][PASSED] - break: null

2020-03-10 03:10:56 - [TEST_STEP][PASSED] - callTestCase(findTestCase("AHI/_include/get_screenshot"), [:], STOP_ON_FAILURE): Call Test Case 'Test Cases/AHI/_include/get_screenshot' successfully

2020-03-10 03:10:56 - [TEST_CASE][PASSED] - Test Cases/AHI/_include/get_screenshot: Test Cases/AHI/_include/get_screenshot

2020-03-10 03:10:56 - [TEST_STEP][PASSED] - Thread.sleep(1000): null

2020-03-10 03:10:57 - [TEST_STEP][PASSED] - takeScreenshot(screenPath + i + ".png"): Taking screenshot successfully

2020-03-10 03:10:58 - [MESSAGE][PASSED] - Taking screenshot successfully
[[ATTACHMENT|D:\\Test\\AgileTest\\Reports\\AHI\\ahi\\20200310_030928\\../Screenshots/iPhone X/AHI/Cancer Insurance/20200310_030950/4.png]]

2020-03-10 03:10:58 - [TEST_STEP][PASSED] - (internal.GlobalVariable.i++): null

2020-03-10 03:10:58 - [MESSAGE][PASSED] - Call Test Case 'Test Cases/AHI/_include/get_screenshot' successfully

2020-03-10 03:10:58 - [TEST_STEP][PASSED] - selenium.click("id=applyButton"): null

2020-03-10 03:10:59 - [TEST_STEP][PASSED] - for ([second = 0, second < 20, (second++)]): null

2020-03-10 03:10:59 - [TEST_STEP][PASSED] - try: null

2020-03-10 03:10:59 - [TEST_STEP][PASSED] - if (selenium.isElementPresent("id=member-P-1-firstName")): null

2020-03-10 03:11:00 - [TEST_STEP][PASSED] - Thread.sleep(1000): null

2020-03-10 03:11:01 - [TEST_STEP][PASSED] - try: null

2020-03-10 03:11:01 - [TEST_STEP][PASSED] - if (selenium.isElementPresent("id=member-P-1-firstName")): null

2020-03-10 03:11:01 - [TEST_STEP][PASSED] - break: null

2020-03-10 03:11:01 - [TEST_STEP][PASSED] - callTestCase(findTestCase("AHI/_include/get_screenshot"), [:], STOP_ON_FAILURE): Call Test Case 'Test Cases/AHI/_include/get_screenshot' successfully

2020-03-10 03:11:01 - [TEST_CASE][PASSED] - Test Cases/AHI/_include/get_screenshot: Test Cases/AHI/_include/get_screenshot

2020-03-10 03:11:01 - [TEST_STEP][PASSED] - Thread.sleep(1000): null

2020-03-10 03:11:02 - [TEST_STEP][PASSED] - takeScreenshot(screenPath + i + ".png"): Taking screenshot successfully

2020-03-10 03:11:03 - [MESSAGE][PASSED] - Taking screenshot successfully
[[ATTACHMENT|D:\\Test\\AgileTest\\Reports\\AHI\\ahi\\20200310_030928\\../Screenshots/iPhone X/AHI/Cancer Insurance/20200310_030950/5.png]]

2020-03-10 03:11:03 - [TEST_STEP][PASSED] - (internal.GlobalVariable.i++): null

2020-03-10 03:11:03 - [MESSAGE][PASSED] - Call Test Case 'Test Cases/AHI/_include/get_screenshot' successfully

2020-03-10 03:11:03 - [TEST_STEP][PASSED] - callTestCase(findTestCase("AHI/_include/name"), [:], STOP_ON_FAILURE): Call Test Case 'Test Cases/AHI/_include/name' successfully

2020-03-10 03:11:03 - [TEST_CASE][PASSED] - Test Cases/AHI/_include/name: Test Cases/AHI/_include/name

2020-03-10 03:11:03 - [TEST_STEP][PASSED] - driver = getWebDriver(): null

2020-03-10 03:11:03 - [TEST_STEP][PASSED] - selenium = new com.thoughtworks.selenium.webdriven.WebDriverBackedSelenium(driver, internal.GlobalVariable.ENV): null

2020-03-10 03:11:03 - [TEST_STEP][PASSED] - FirstName = "Test-123": null

2020-03-10 03:11:03 - [TEST_STEP][PASSED] - LastName = selenium.getEval("{var x="ABCDEFGHIJKLMNOPQRSTUVWXYZabcdefghijklmnopqrstuvwxyz"; var tmp="ZZ11-"; for (i=0;i<8;i++) tmp+=x.charAt(Math.ceil(51*Math.random()));tmp;}"): null

2020-03-10 03:11:04 - [TEST_STEP][PASSED] - Address = selenium.getEval("{var x="ABCDEFGHIJKLMNOPQRSTUVWXYZabcdefghijklmnopqrstuvwxyz"; var tmp=""; for (i=0;i<8;i++) tmp+=x.charAt(Math.ceil(51*Math.random()));tmp;}"): null

2020-03-10 03:11:04 - [TEST_STEP][PASSED] - City = selenium.getEval("{var x="ABCDEFGHIJKLMNOPQRSTUVWXYZabcdefghijklmnopqrstuvwxyz"; var tmp=""; for (i=0;i<8;i++) tmp+=x.charAt(Math.ceil(51*Math.random()));tmp;}"): null

2020-03-10 03:11:04 - [TEST_STEP][PASSED] - tel1 = selenium.getEval("{var x="123456789"; var tmp=""; for (i=0;i<3;i++) tmp+=x.charAt(Math.ceil(8*Math.random()));tmp;}"): null

2020-03-10 03:11:04 - [TEST_STEP][PASSED] - tel2 = selenium.getEval("{var x="123456789"; var tmp=""; for (i=0;i<3;i++) tmp+=x.charAt(Math.ceil(8*Math.random()));tmp;}"): null

2020-03-10 03:11:04 - [TEST_STEP][PASSED] - tel3 = selenium.getEval("{var x="123456789"; var tmp=""; for (i=0;i<4;i++) tmp+=x.charAt(Math.ceil(8*Math.random()));tmp;}"): null

2020-03-10 03:11:04 - [TEST_STEP][PASSED] - Tel = selenium.getExpression(tel1 + "-" + tel2 + "-" + tel3): null

2020-03-10 03:11:04 - [TEST_STEP][PASSED] - AutoEmail = selenium.getEval("{var x="ABCDEFGHIJKLMNOPQRSTUVWXYZabcdefghijklmnopqrstuvwxyz"; var tmp="test."; for (i=0;i<8;i++) tmp+=x.charAt(Math.ceil(51*Math.random()));tmp+="@suryani.cn";}"): null

2020-03-10 03:11:04 - [TEST_STEP][PASSED] - FirstName = FirstName: null

2020-03-10 03:11:04 - [TEST_STEP][PASSED] - LastName = LastName: null

2020-03-10 03:11:04 - [TEST_STEP][PASSED] - Address = Address: null

2020-03-10 03:11:04 - [TEST_STEP][PASSED] - City = City: null

2020-03-10 03:11:04 - [TEST_STEP][PASSED] - Tel = Tel: null

2020-03-10 03:11:04 - [TEST_STEP][PASSED] - AutoEmail = AutoEmail: null

2020-03-10 03:11:04 - [TEST_STEP][PASSED] - println(FirstName): null

2020-03-10 03:11:04 - [TEST_STEP][PASSED] - println(LastName): null

2020-03-10 03:11:04 - [TEST_STEP][PASSED] - println(Address): null

2020-03-10 03:11:04 - [TEST_STEP][PASSED] - println(City): null

2020-03-10 03:11:04 - [TEST_STEP][PASSED] - println(Tel): null

2020-03-10 03:11:04 - [TEST_STEP][PASSED] - println(AutoEmail): null

2020-03-10 03:11:04 - [MESSAGE][PASSED] - Call Test Case 'Test Cases/AHI/_include/name' successfully

2020-03-10 03:11:04 - [TEST_STEP][PASSED] - selenium.type("id=member-P-1-firstName", FirstName): null

2020-03-10 03:11:04 - [TEST_STEP][PASSED] - selenium.type("id=member-P-1-lastName", LastName): null

2020-03-10 03:11:04 - [TEST_STEP][PASSED] - selenium.type("id=address", Address): null

2020-03-10 03:11:04 - [TEST_STEP][PASSED] - selenium.type("id=city", City): null

2020-03-10 03:11:05 - [TEST_STEP][PASSED] - selenium.type("id=email", AutoEmail): null

2020-03-10 03:11:05 - [TEST_STEP][PASSED] - selenium.type("id=primaryPhone", Tel): null

2020-03-10 03:11:05 - [TEST_STEP][PASSED] - selenium.click("id=js-app-continue-link"): null

2020-03-10 03:11:05 - [TEST_STEP][PASSED] - for ([second = 0, second < 20, (second++)]): null

2020-03-10 03:11:05 - [TEST_STEP][PASSED] - try: null

2020-03-10 03:11:05 - [TEST_STEP][PASSED] - if (selenium.isElementPresent("xpath=(//*[@class='js-question js-app-page-medical-question-wrapper'])[1]/div/button[1]")): null

2020-03-10 03:11:05 - [TEST_STEP][PASSED] - Thread.sleep(1000): null

2020-03-10 03:11:06 - [TEST_STEP][PASSED] - try: null

2020-03-10 03:11:06 - [TEST_STEP][PASSED] - if (selenium.isElementPresent("xpath=(//*[@class='js-question js-app-page-medical-question-wrapper'])[1]/div/button[1]")): null

2020-03-10 03:11:06 - [TEST_STEP][PASSED] - break: null

2020-03-10 03:11:06 - [TEST_STEP][PASSED] - callTestCase(findTestCase("AHI/_include/get_screenshot"), [:], STOP_ON_FAILURE): Call Test Case 'Test Cases/AHI/_include/get_screenshot' successfully

2020-03-10 03:11:06 - [TEST_CASE][PASSED] - Test Cases/AHI/_include/get_screenshot: Test Cases/AHI/_include/get_screenshot

2020-03-10 03:11:06 - [TEST_STEP][PASSED] - Thread.sleep(1000): null

2020-03-10 03:11:07 - [TEST_STEP][PASSED] - takeScreenshot(screenPath + i + ".png"): Taking screenshot successfully

2020-03-10 03:11:08 - [MESSAGE][PASSED] - Taking screenshot successfully
[[ATTACHMENT|D:\\Test\\AgileTest\\Reports\\AHI\\ahi\\20200310_030928\\../Screenshots/iPhone X/AHI/Cancer Insurance/20200310_030950/6.png]]

2020-03-10 03:11:08 - [TEST_STEP][PASSED] - (internal.GlobalVariable.i++): null

2020-03-10 03:11:08 - [MESSAGE][PASSED] - Call Test Case 'Test Cases/AHI/_include/get_screenshot' successfully

2020-03-10 03:11:08 - [TEST_STEP][PASSED] - for ([i = 1, i < 12, (i++)]): null

2020-03-10 03:11:08 - [TEST_STEP][PASSED] - selenium.click("xpath=(//*[@class='js-question js-app-page-medical-question-wrapper'])[" + i + "]/div/button[1]"): null

2020-03-10 03:11:09 - [TEST_STEP][PASSED] - selenium.click("xpath=(//*[@class='js-question js-app-page-medical-question-wrapper'])[" + i + "]/div/button[1]"): null

2020-03-10 03:11:09 - [TEST_STEP][PASSED] - selenium.click("xpath=(//*[@class='js-question js-app-page-medical-question-wrapper'])[" + i + "]/div/button[1]"): null

2020-03-10 03:11:09 - [TEST_STEP][PASSED] - selenium.click("xpath=(//*[@class='js-question js-app-page-medical-question-wrapper'])[" + i + "]/div/button[1]"): null

2020-03-10 03:11:09 - [TEST_STEP][PASSED] - selenium.click("xpath=(//*[@class='js-question js-app-page-medical-question-wrapper'])[" + i + "]/div/button[1]"): null

2020-03-10 03:11:10 - [TEST_STEP][PASSED] - selenium.click("xpath=(//*[@class='js-question js-app-page-medical-question-wrapper'])[" + i + "]/div/button[1]"): null

2020-03-10 03:11:10 - [TEST_STEP][PASSED] - selenium.click("xpath=(//*[@class='js-question js-app-page-medical-question-wrapper'])[" + i + "]/div/button[1]"): null

2020-03-10 03:11:10 - [TEST_STEP][PASSED] - selenium.click("xpath=(//*[@class='js-question js-app-page-medical-question-wrapper'])[" + i + "]/div/button[1]"): null

2020-03-10 03:11:10 - [TEST_STEP][PASSED] - selenium.click("xpath=(//*[@class='js-question js-app-page-medical-question-wrapper'])[" + i + "]/div/button[1]"): null

2020-03-10 03:11:11 - [TEST_STEP][PASSED] - selenium.click("xpath=(//*[@class='js-question js-app-page-medical-question-wrapper'])[" + i + "]/div/button[1]"): null

2020-03-10 03:11:11 - [TEST_STEP][PASSED] - selenium.click("xpath=(//*[@class='js-question js-app-page-medical-question-wrapper'])[" + i + "]/div/button[1]"): null

2020-03-10 03:11:11 - [TEST_STEP][PASSED] - selenium.click("id=js-app-continue-link"): null

2020-03-10 03:11:11 - [TEST_STEP][PASSED] - for ([second = 0, second < 20, (second++)]): null

2020-03-10 03:11:11 - [TEST_STEP][PASSED] - try: null

2020-03-10 03:11:11 - [TEST_STEP][PASSED] - if (selenium.isElementPresent("id=credit-card-number")): null

2020-03-10 03:11:12 - [TEST_STEP][PASSED] - Thread.sleep(1000): null

2020-03-10 03:11:13 - [TEST_STEP][PASSED] - try: null

2020-03-10 03:11:13 - [TEST_STEP][PASSED] - if (selenium.isElementPresent("id=credit-card-number")): null

2020-03-10 03:11:13 - [TEST_STEP][PASSED] - break: null

2020-03-10 03:11:13 - [TEST_STEP][PASSED] - callTestCase(findTestCase("AHI/_include/get_screenshot"), [:], STOP_ON_FAILURE): Call Test Case 'Test Cases/AHI/_include/get_screenshot' successfully

2020-03-10 03:11:13 - [TEST_CASE][PASSED] - Test Cases/AHI/_include/get_screenshot: Test Cases/AHI/_include/get_screenshot

2020-03-10 03:11:13 - [TEST_STEP][PASSED] - Thread.sleep(1000): null

2020-03-10 03:11:14 - [TEST_STEP][PASSED] - takeScreenshot(screenPath + i + ".png"): Taking screenshot successfully

2020-03-10 03:11:14 - [MESSAGE][PASSED] - Taking screenshot successfully
[[ATTACHMENT|D:\\Test\\AgileTest\\Reports\\AHI\\ahi\\20200310_030928\\../Screenshots/iPhone X/AHI/Cancer Insurance/20200310_030950/7.png]]

2020-03-10 03:11:14 - [TEST_STEP][PASSED] - (internal.GlobalVariable.i++): null

2020-03-10 03:11:14 - [MESSAGE][PASSED] - Call Test Case 'Test Cases/AHI/_include/get_screenshot' successfully

2020-03-10 03:11:14 - [TEST_STEP][PASSED] - selenium.type("id=credit-card-number", "4111123123123123"): null

2020-03-10 03:11:15 - [TEST_STEP][PASSED] - selenium.type("id=credit-card-first", "test"): null

2020-03-10 03:11:15 - [TEST_STEP][PASSED] - selenium.type("id=credit-card-last", "test"): null

2020-03-10 03:11:15 - [TEST_STEP][PASSED] - selenium.select("id=expiration-month", "12"): null

2020-03-10 03:11:15 - [TEST_STEP][PASSED] - selenium.select("id=expiration-year", "2026"): null

2020-03-10 03:11:15 - [TEST_STEP][PASSED] - selenium.type("id=credit-card-cvv", "123"): null

2020-03-10 03:11:15 - [TEST_STEP][PASSED] - selenium.type("id=credit-card-number", "4111123123123123"): null

2020-03-10 03:11:16 - [TEST_STEP][PASSED] - selenium.click("id=js-same-billing"): null

2020-03-10 03:11:16 - [TEST_STEP][PASSED] - selenium.click("id=credit-payment-authorization"): null

2020-03-10 03:11:16 - [TEST_STEP][PASSED] - selenium.click("id=js-app-continue-link"): null

2020-03-10 03:11:16 - [TEST_STEP][PASSED] - for ([second = 0, second < 20, (second++)]): null

2020-03-10 03:11:16 - [TEST_STEP][PASSED] - try: null

2020-03-10 03:11:16 - [TEST_STEP][PASSED] - if (selenium.isElementPresent("id=consent-checkbox-0")): null

2020-03-10 03:11:16 - [TEST_STEP][PASSED] - Thread.sleep(1000): null

2020-03-10 03:11:17 - [TEST_STEP][PASSED] - try: null

2020-03-10 03:11:17 - [TEST_STEP][PASSED] - if (selenium.isElementPresent("id=consent-checkbox-0")): null

2020-03-10 03:11:18 - [TEST_STEP][PASSED] - break: null

2020-03-10 03:11:18 - [TEST_STEP][PASSED] - callTestCase(findTestCase("AHI/_include/get_screenshot"), [:], STOP_ON_FAILURE): Call Test Case 'Test Cases/AHI/_include/get_screenshot' successfully

2020-03-10 03:11:18 - [TEST_CASE][PASSED] - Test Cases/AHI/_include/get_screenshot: Test Cases/AHI/_include/get_screenshot

2020-03-10 03:11:18 - [TEST_STEP][PASSED] - Thread.sleep(1000): null

2020-03-10 03:11:19 - [TEST_STEP][PASSED] - takeScreenshot(screenPath + i + ".png"): Taking screenshot successfully

2020-03-10 03:11:19 - [MESSAGE][PASSED] - Taking screenshot successfully
[[ATTACHMENT|D:\\Test\\AgileTest\\Reports\\AHI\\ahi\\20200310_030928\\../Screenshots/iPhone X/AHI/Cancer Insurance/20200310_030950/8.png]]

2020-03-10 03:11:19 - [TEST_STEP][PASSED] - (internal.GlobalVariable.i++): null

2020-03-10 03:11:19 - [MESSAGE][PASSED] - Call Test Case 'Test Cases/AHI/_include/get_screenshot' successfully

2020-03-10 03:11:19 - [TEST_STEP][PASSED] - selenium.click("id=consent-checkbox-0"): null

2020-03-10 03:11:19 - [TEST_STEP][PASSED] - selenium.click("id=js-signature-tab"): null

2020-03-10 03:11:20 - [TEST_STEP][PASSED] - selenium.click("id=js-app-continue-link"): null

2020-03-10 03:11:20 - [TEST_STEP][PASSED] - for ([second = 0, second < 30, (second++)]): null

2020-03-10 03:11:20 - [TEST_STEP][PASSED] - try: null

2020-03-10 03:11:20 - [TEST_STEP][PASSED] - if (selenium.isElementPresent("xpath=//h2[contains(text(),'Thank You')]")): null

2020-03-10 03:11:20 - [TEST_STEP][PASSED] - Thread.sleep(1000): null

2020-03-10 03:11:21 - [TEST_STEP][PASSED] - try: null

2020-03-10 03:11:21 - [TEST_STEP][PASSED] - if (selenium.isElementPresent("xpath=//h2[contains(text(),'Thank You')]")): null

2020-03-10 03:11:21 - [TEST_STEP][PASSED] - Thread.sleep(1000): null

2020-03-10 03:11:22 - [TEST_STEP][PASSED] - try: null

2020-03-10 03:11:22 - [TEST_STEP][PASSED] - if (selenium.isElementPresent("xpath=//h2[contains(text(),'Thank You')]")): null

2020-03-10 03:11:22 - [TEST_STEP][PASSED] - Thread.sleep(1000): null

2020-03-10 03:11:23 - [TEST_STEP][PASSED] - try: null

2020-03-10 03:11:23 - [TEST_STEP][PASSED] - if (selenium.isElementPresent("xpath=//h2[contains(text(),'Thank You')]")): null

2020-03-10 03:11:23 - [TEST_STEP][PASSED] - Thread.sleep(1000): null

2020-03-10 03:11:24 - [TEST_STEP][PASSED] - try: null

2020-03-10 03:11:24 - [TEST_STEP][PASSED] - if (selenium.isElementPresent("xpath=//h2[contains(text(),'Thank You')]")): null

2020-03-10 03:11:24 - [TEST_STEP][PASSED] - Thread.sleep(1000): null

2020-03-10 03:11:25 - [TEST_STEP][PASSED] - try: null

2020-03-10 03:11:25 - [TEST_STEP][PASSED] - if (selenium.isElementPresent("xpath=//h2[contains(text(),'Thank You')]")): null

2020-03-10 03:11:25 - [TEST_STEP][PASSED] - Thread.sleep(1000): null

2020-03-10 03:11:26 - [TEST_STEP][PASSED] - try: null

2020-03-10 03:11:26 - [TEST_STEP][PASSED] - if (selenium.isElementPresent("xpath=//h2[contains(text(),'Thank You')]")): null

2020-03-10 03:11:26 - [TEST_STEP][PASSED] - Thread.sleep(1000): null

2020-03-10 03:11:27 - [TEST_STEP][PASSED] - try: null

2020-03-10 03:11:27 - [TEST_STEP][PASSED] - if (selenium.isElementPresent("xpath=//h2[contains(text(),'Thank You')]")): null

2020-03-10 03:11:27 - [TEST_STEP][PASSED] - Thread.sleep(1000): null

2020-03-10 03:11:28 - [TEST_STEP][PASSED] - try: null

2020-03-10 03:11:28 - [TEST_STEP][PASSED] - if (selenium.isElementPresent("xpath=//h2[contains(text(),'Thank You')]")): null

2020-03-10 03:11:28 - [TEST_STEP][PASSED] - Thread.sleep(1000): null

2020-03-10 03:11:29 - [TEST_STEP][PASSED] - try: null

2020-03-10 03:11:29 - [TEST_STEP][PASSED] - if (selenium.isElementPresent("xpath=//h2[contains(text(),'Thank You')]")): null

2020-03-10 03:11:29 - [TEST_STEP][PASSED] - Thread.sleep(1000): null

2020-03-10 03:11:30 - [TEST_STEP][PASSED] - try: null

2020-03-10 03:11:30 - [TEST_STEP][PASSED] - if (selenium.isElementPresent("xpath=//h2[contains(text(),'Thank You')]")): null

2020-03-10 03:11:30 - [TEST_STEP][PASSED] - Thread.sleep(1000): null

2020-03-10 03:11:32 - [TEST_STEP][PASSED] - try: null

2020-03-10 03:11:32 - [TEST_STEP][PASSED] - if (selenium.isElementPresent("xpath=//h2[contains(text(),'Thank You')]")): null

2020-03-10 03:11:32 - [TEST_STEP][PASSED] - Thread.sleep(1000): null

2020-03-10 03:11:33 - [TEST_STEP][PASSED] - try: null

2020-03-10 03:11:33 - [TEST_STEP][PASSED] - if (selenium.isElementPresent("xpath=//h2[contains(text(),'Thank You')]")): null

2020-03-10 03:11:33 - [TEST_STEP][PASSED] - Thread.sleep(1000): null

2020-03-10 03:11:34 - [TEST_STEP][PASSED] - try: null

2020-03-10 03:11:34 - [TEST_STEP][PASSED] - if (selenium.isElementPresent("xpath=//h2[contains(text(),'Thank You')]")): null

2020-03-10 03:11:34 - [TEST_STEP][PASSED] - Thread.sleep(1000): null

2020-03-10 03:11:35 - [TEST_STEP][PASSED] - try: null

2020-03-10 03:11:35 - [TEST_STEP][PASSED] - if (selenium.isElementPresent("xpath=//h2[contains(text(),'Thank You')]")): null

2020-03-10 03:11:35 - [TEST_STEP][PASSED] - Thread.sleep(1000): null

2020-03-10 03:11:36 - [TEST_STEP][PASSED] - try: null

2020-03-10 03:11:36 - [TEST_STEP][PASSED] - if (selenium.isElementPresent("xpath=//h2[contains(text(),'Thank You')]")): null

2020-03-10 03:11:36 - [TEST_STEP][PASSED] - break: null

2020-03-10 03:11:36 - [TEST_STEP][PASSED] - callTestCase(findTestCase("AHI/_include/get_screenshot"), [:], STOP_ON_FAILURE): Call Test Case 'Test Cases/AHI/_include/get_screenshot' successfully

2020-03-10 03:11:36 - [TEST_CASE][PASSED] - Test Cases/AHI/_include/get_screenshot: Test Cases/AHI/_include/get_screenshot

2020-03-10 03:11:36 - [TEST_STEP][PASSED] - Thread.sleep(1000): null

2020-03-10 03:11:37 - [TEST_STEP][PASSED] - takeScreenshot(screenPath + i + ".png"): Taking screenshot successfully

2020-03-10 03:11:38 - [MESSAGE][PASSED] - Taking screenshot successfully
[[ATTACHMENT|D:\\Test\\AgileTest\\Reports\\AHI\\ahi\\20200310_030928\\../Screenshots/iPhone X/AHI/Cancer Insurance/20200310_030950/9.png]]

2020-03-10 03:11:38 - [TEST_STEP][PASSED] - (internal.GlobalVariable.i++): null

2020-03-10 03:11:38 - [MESSAGE][PASSED] - Call Test Case 'Test Cases/AHI/_include/get_screenshot' successfully]]></system-out>
         <system-err><![CDATA[]]></system-err>
      </testcase>
      <testcase name="Test Cases/AHI/NEW/Dental/National General" classname="Test Cases/AHI/NEW/Dental/National General" status="PASSED">
         <system-out><![CDATA[2020-03-10 03:11:38 - [TEST_CASE][PASSED] - Test Cases/AHI/NEW/Dental/National General: Test Cases/AHI/NEW/Dental/National General

2020-03-10 03:11:38 - [TEST_STEP][PASSED] - callTestCase(findTestCase("AHI/_include/get_screenPath"), ["productLine":"AHI", "carrierName":"Dental - National General"], CONTINUE_ON_FAILURE): Call Test Case 'Test Cases/AHI/_include/get_screenPath' successfully

2020-03-10 03:11:38 - [TEST_CASE][PASSED] - Test Cases/AHI/_include/get_screenPath: Test Cases/AHI/_include/get_screenPath

2020-03-10 03:11:38 - [TEST_STEP][PASSED] - m = getExecutionProperties(): null

2020-03-10 03:11:38 - [TEST_STEP][PASSED] - deviceName = get("mobileEmulation").get("deviceName"): null

2020-03-10 03:11:38 - [TEST_STEP][PASSED] - println(deviceName): null

2020-03-10 03:11:38 - [TEST_STEP][PASSED] - now = new java.util.Date(): null

2020-03-10 03:11:38 - [TEST_STEP][PASSED] - mydate = now.format("yyyyMMdd_HHmmss"): null

2020-03-10 03:11:38 - [TEST_STEP][PASSED] - screenPath = "../Screenshots/": null

2020-03-10 03:11:38 - [TEST_STEP][PASSED] - screenPath = screenPath + deviceName + "/" + productLine + "/" + carrierName + "/" + mydate + "/": null

2020-03-10 03:11:38 - [TEST_STEP][PASSED] - println(screenPath): null

2020-03-10 03:11:38 - [MESSAGE][PASSED] - Call Test Case 'Test Cases/AHI/_include/get_screenPath' successfully

2020-03-10 03:11:38 - [TEST_STEP][PASSED] - callTestCase(findTestCase("AHI/_include/openWebSite"), [:], STOP_ON_FAILURE): Call Test Case 'Test Cases/AHI/_include/openWebSite' successfully

2020-03-10 03:11:38 - [TEST_CASE][PASSED] - Test Cases/AHI/_include/openWebSite: Test Cases/AHI/_include/openWebSite

2020-03-10 03:11:39 - [TEST_STEP][PASSED] - openBrowser(env): Browser is opened with url: 'https://praetemptatus.agilehealthinsurance.com'

2020-03-10 03:11:39 - [MESSAGE][WARNING] - A browser is already opened. Closing browser and opening a new one

2020-03-10 03:11:40 - [MESSAGE][INFO] - Starting 'Chrome' driver

2020-03-10 03:11:40 - [MESSAGE][INFO] - User set preference: ['mobileEmulation', '{deviceName=iPhone X}']

2020-03-10 03:11:40 - [MESSAGE][INFO] - User set preference: ['args', '[--incognito, --aggressive-cache-discard, --no-sandbox, --window-size=375,812, --ignore-certificate-errors]']

2020-03-10 03:11:42 - [MESSAGE][PASSED] - Browser is opened with url: 'https://praetemptatus.agilehealthinsurance.com'

2020-03-10 03:11:42 - [TEST_STEP][PASSED] - waitForPageLoad(20): Wait for page load successfully

2020-03-10 03:11:42 - [MESSAGE][PASSED] - Wait for page load successfully

2020-03-10 03:11:42 - [TEST_STEP][PASSED] - callTestCase(findTestCase("AHI/_include/get_screenshot"), [:], STOP_ON_FAILURE): Call Test Case 'Test Cases/AHI/_include/get_screenshot' successfully

2020-03-10 03:11:42 - [TEST_CASE][PASSED] - Test Cases/AHI/_include/get_screenshot: Test Cases/AHI/_include/get_screenshot

2020-03-10 03:11:42 - [TEST_STEP][PASSED] - Thread.sleep(1000): null

2020-03-10 03:11:43 - [TEST_STEP][PASSED] - takeScreenshot(screenPath + i + ".png"): Taking screenshot successfully

2020-03-10 03:11:44 - [MESSAGE][PASSED] - Taking screenshot successfully
[[ATTACHMENT|D:\\Test\\AgileTest\\Reports\\AHI\\ahi\\20200310_030928\\../Screenshots/iPhone X/AHI/Dental - National General/20200310_031138/10.png]]

2020-03-10 03:11:44 - [TEST_STEP][PASSED] - (internal.GlobalVariable.i++): null

2020-03-10 03:11:44 - [MESSAGE][PASSED] - Call Test Case 'Test Cases/AHI/_include/get_screenshot' successfully

2020-03-10 03:11:44 - [MESSAGE][PASSED] - Call Test Case 'Test Cases/AHI/_include/openWebSite' successfully

2020-03-10 03:11:44 - [TEST_STEP][PASSED] - driver = getWebDriver(): null

2020-03-10 03:11:44 - [TEST_STEP][PASSED] - baseUrl = ENV: null

2020-03-10 03:11:44 - [TEST_STEP][PASSED] - selenium = new com.thoughtworks.selenium.webdriven.WebDriverBackedSelenium(driver, baseUrl): null

2020-03-10 03:11:44 - [TEST_STEP][PASSED] - selenium.click("//*[@class='filter-option-inner-inner']"): null

2020-03-10 03:11:44 - [TEST_STEP][PASSED] - selenium.click("id=bs-select-1-2"): null

2020-03-10 03:11:45 - [TEST_STEP][PASSED] - selenium.click("id=primaryCTA"): null

2020-03-10 03:11:46 - [TEST_STEP][PASSED] - for ([second = 0, second < 20, (second++)]): null

2020-03-10 03:11:46 - [TEST_STEP][PASSED] - try: null

2020-03-10 03:11:46 - [TEST_STEP][PASSED] - if (selenium.isElementPresent("id=zip-input")): null

2020-03-10 03:11:46 - [TEST_STEP][PASSED] - break: null

2020-03-10 03:11:46 - [TEST_STEP][PASSED] - callTestCase(findTestCase("AHI/_include/get_screenshot"), [:], STOP_ON_FAILURE): Call Test Case 'Test Cases/AHI/_include/get_screenshot' successfully

2020-03-10 03:11:46 - [TEST_CASE][PASSED] - Test Cases/AHI/_include/get_screenshot: Test Cases/AHI/_include/get_screenshot

2020-03-10 03:11:46 - [TEST_STEP][PASSED] - Thread.sleep(1000): null

2020-03-10 03:11:47 - [TEST_STEP][PASSED] - takeScreenshot(screenPath + i + ".png"): Taking screenshot successfully

2020-03-10 03:11:48 - [MESSAGE][PASSED] - Taking screenshot successfully
[[ATTACHMENT|D:\\Test\\AgileTest\\Reports\\AHI\\ahi\\20200310_030928\\../Screenshots/iPhone X/AHI/Dental - National General/20200310_031138/11.png]]

2020-03-10 03:11:48 - [TEST_STEP][PASSED] - (internal.GlobalVariable.i++): null

2020-03-10 03:11:48 - [MESSAGE][PASSED] - Call Test Case 'Test Cases/AHI/_include/get_screenshot' successfully

2020-03-10 03:11:48 - [TEST_STEP][PASSED] - setText(findTestObject("mobileSanity/Dental/census/input_Location_zip-input"), "35215"): Text '35215' is set on object 'Object Repository/mobileSanity/Dental/census/input_Location_zip-input'

2020-03-10 03:11:48 - [MESSAGE][PASSED] - Text '35215' is set on object 'Object Repository/mobileSanity/Dental/census/input_Location_zip-input'

2020-03-10 03:11:48 - [TEST_STEP][PASSED] - setText(findTestObject("mobileSanity/Dental/census/input_Date of Birth_dob-0"), "12121980"): Text '12121980' is set on object 'Object Repository/mobileSanity/Dental/census/input_Date of Birth_dob-0'

2020-03-10 03:11:48 - [MESSAGE][PASSED] - Text '12121980' is set on object 'Object Repository/mobileSanity/Dental/census/input_Date of Birth_dob-0'

2020-03-10 03:11:48 - [TEST_STEP][PASSED] - click(findTestObject("mobileSanity/Dental/census/label_Male")): Object: 'Object Repository/mobileSanity/Dental/census/label_Male' is clicked on

2020-03-10 03:11:48 - [MESSAGE][PASSED] - Object: 'Object Repository/mobileSanity/Dental/census/label_Male' is clicked on

2020-03-10 03:11:48 - [TEST_STEP][PASSED] - selenium.click("id=js-see-plans"): null

2020-03-10 03:11:49 - [TEST_STEP][PASSED] - for ([second = 0, second < 20, (second++)]): null

2020-03-10 03:11:49 - [TEST_STEP][PASSED] - try: null

2020-03-10 03:11:49 - [TEST_STEP][PASSED] - if (selenium.isElementPresent("id=js-quote-header")): null

2020-03-10 03:11:50 - [TEST_STEP][PASSED] - break: null

2020-03-10 03:11:50 - [TEST_STEP][PASSED] - callTestCase(findTestCase("AHI/_include/get_screenshot"), [:], STOP_ON_FAILURE): Call Test Case 'Test Cases/AHI/_include/get_screenshot' successfully

2020-03-10 03:11:50 - [TEST_CASE][PASSED] - Test Cases/AHI/_include/get_screenshot: Test Cases/AHI/_include/get_screenshot

2020-03-10 03:11:50 - [TEST_STEP][PASSED] - Thread.sleep(1000): null

2020-03-10 03:11:51 - [TEST_STEP][PASSED] - takeScreenshot(screenPath + i + ".png"): Taking screenshot successfully

2020-03-10 03:11:51 - [MESSAGE][PASSED] - Taking screenshot successfully
[[ATTACHMENT|D:\\Test\\AgileTest\\Reports\\AHI\\ahi\\20200310_030928\\../Screenshots/iPhone X/AHI/Dental - National General/20200310_031138/12.png]]

2020-03-10 03:11:51 - [TEST_STEP][PASSED] - (internal.GlobalVariable.i++): null

2020-03-10 03:11:51 - [MESSAGE][PASSED] - Call Test Case 'Test Cases/AHI/_include/get_screenshot' successfully

2020-03-10 03:11:51 - [TEST_STEP][PASSED] - click(findTestObject("mobileSanity/Dental/filter/btn_filter")): Object: 'Object Repository/mobileSanity/Dental/filter/btn_filter' is clicked on

2020-03-10 03:11:52 - [MESSAGE][PASSED] - Object: 'Object Repository/mobileSanity/Dental/filter/btn_filter' is clicked on

2020-03-10 03:11:52 - [TEST_STEP][PASSED] - waitForElementVisible(findTestObject("mobileSanity/Dental/filter/btn_company"), 10): Object 'Object Repository/mobileSanity/Dental/filter/btn_company' is visible

2020-03-10 03:11:52 - [MESSAGE][PASSED] - Object 'Object Repository/mobileSanity/Dental/filter/btn_company' is visible

2020-03-10 03:11:52 - [TEST_STEP][PASSED] - click(findTestObject("mobileSanity/Dental/filter/btn_company")): Object: 'Object Repository/mobileSanity/Dental/filter/btn_company' is clicked on

2020-03-10 03:11:52 - [MESSAGE][PASSED] - Object: 'Object Repository/mobileSanity/Dental/filter/btn_company' is clicked on

2020-03-10 03:11:52 - [TEST_STEP][PASSED] - Thread.sleep(2000): null

2020-03-10 03:11:54 - [TEST_STEP][PASSED] - click(findTestObject("mobileSanity/Dental/filter/btn_ng")): Object: 'Object Repository/mobileSanity/Dental/filter/btn_ng' is clicked on

2020-03-10 03:11:54 - [MESSAGE][PASSED] - Object: 'Object Repository/mobileSanity/Dental/filter/btn_ng' is clicked on

2020-03-10 03:11:54 - [TEST_STEP][PASSED] - waitForJQueryLoad(20, STOP_ON_FAILURE): jQuery is ready.

2020-03-10 03:11:55 - [MESSAGE][PASSED] - jQuery is ready.

2020-03-10 03:11:55 - [TEST_STEP][PASSED] - callTestCase(findTestCase("AHI/_include/get_screenshot"), [:], STOP_ON_FAILURE): Call Test Case 'Test Cases/AHI/_include/get_screenshot' successfully

2020-03-10 03:11:55 - [TEST_CASE][PASSED] - Test Cases/AHI/_include/get_screenshot: Test Cases/AHI/_include/get_screenshot

2020-03-10 03:11:55 - [TEST_STEP][PASSED] - Thread.sleep(1000): null

2020-03-10 03:11:56 - [TEST_STEP][PASSED] - takeScreenshot(screenPath + i + ".png"): Taking screenshot successfully

2020-03-10 03:11:57 - [MESSAGE][PASSED] - Taking screenshot successfully
[[ATTACHMENT|D:\\Test\\AgileTest\\Reports\\AHI\\ahi\\20200310_030928\\../Screenshots/iPhone X/AHI/Dental - National General/20200310_031138/13.png]]

2020-03-10 03:11:57 - [TEST_STEP][PASSED] - (internal.GlobalVariable.i++): null

2020-03-10 03:11:57 - [MESSAGE][PASSED] - Call Test Case 'Test Cases/AHI/_include/get_screenshot' successfully

2020-03-10 03:11:57 - [TEST_STEP][PASSED] - click(findTestObject("mobileSanity/Dental/filter/btn_filter")): Object: 'Object Repository/mobileSanity/Dental/filter/btn_filter' is clicked on

2020-03-10 03:11:57 - [MESSAGE][PASSED] - Object: 'Object Repository/mobileSanity/Dental/filter/btn_filter' is clicked on

2020-03-10 03:11:57 - [TEST_STEP][PASSED] - Thread.sleep(2000): null

2020-03-10 03:11:59 - [TEST_STEP][PASSED] - scrollToPosition(0, 600): Browser is scrolled to position x = 0, y = 600

2020-03-10 03:11:59 - [MESSAGE][PASSED] - Browser is scrolled to position x = 0, y = 600

2020-03-10 03:11:59 - [TEST_STEP][PASSED] - Thread.sleep(2000): null

2020-03-10 03:12:01 - [TEST_STEP][PASSED] - click(findTestObject("mobileSanity/Dental/quote/a_Select This Plan")): Object: 'Object Repository/mobileSanity/Dental/quote/a_Select This Plan' is clicked on

2020-03-10 03:12:01 - [MESSAGE][PASSED] - Object: 'Object Repository/mobileSanity/Dental/quote/a_Select This Plan' is clicked on

2020-03-10 03:12:01 - [TEST_STEP][PASSED] - waitForPageLoad(10): Wait for page load successfully

2020-03-10 03:12:02 - [MESSAGE][PASSED] - Wait for page load successfully

2020-03-10 03:12:02 - [TEST_STEP][PASSED] - callTestCase(findTestCase("AHI/_include/get_screenshot"), [:], STOP_ON_FAILURE): Call Test Case 'Test Cases/AHI/_include/get_screenshot' successfully

2020-03-10 03:12:02 - [TEST_CASE][PASSED] - Test Cases/AHI/_include/get_screenshot: Test Cases/AHI/_include/get_screenshot

2020-03-10 03:12:02 - [TEST_STEP][PASSED] - Thread.sleep(1000): null

2020-03-10 03:12:03 - [TEST_STEP][PASSED] - takeScreenshot(screenPath + i + ".png"): Taking screenshot successfully

2020-03-10 03:12:03 - [MESSAGE][PASSED] - Taking screenshot successfully
[[ATTACHMENT|D:\\Test\\AgileTest\\Reports\\AHI\\ahi\\20200310_030928\\../Screenshots/iPhone X/AHI/Dental - National General/20200310_031138/14.png]]

2020-03-10 03:12:03 - [TEST_STEP][PASSED] - (internal.GlobalVariable.i++): null

2020-03-10 03:12:03 - [MESSAGE][PASSED] - Call Test Case 'Test Cases/AHI/_include/get_screenshot' successfully

2020-03-10 03:12:03 - [TEST_STEP][PASSED] - Thread.sleep(3000): null

2020-03-10 03:12:06 - [TEST_STEP][PASSED] - click(findTestObject("mobileSanity/Dental/apply/span_Start Secure Application")): Object: 'Object Repository/mobileSanity/Dental/apply/span_Start Secure Application' is clicked on

2020-03-10 03:12:07 - [MESSAGE][PASSED] - Object: 'Object Repository/mobileSanity/Dental/apply/span_Start Secure Application' is clicked on

2020-03-10 03:12:07 - [TEST_STEP][PASSED] - for ([second = 0, second < 20, (second++)]): null

2020-03-10 03:12:07 - [TEST_STEP][PASSED] - try: null

2020-03-10 03:12:07 - [TEST_STEP][PASSED] - if (selenium.isElementPresent("id=member-P-1-firstName")): null

2020-03-10 03:12:07 - [TEST_STEP][PASSED] - Thread.sleep(1000): null

2020-03-10 03:12:08 - [TEST_STEP][PASSED] - try: null

2020-03-10 03:12:08 - [TEST_STEP][PASSED] - if (selenium.isElementPresent("id=member-P-1-firstName")): null

2020-03-10 03:12:08 - [TEST_STEP][PASSED] - break: null

2020-03-10 03:12:08 - [TEST_STEP][PASSED] - callTestCase(findTestCase("AHI/_include/get_screenshot"), [:], STOP_ON_FAILURE): Call Test Case 'Test Cases/AHI/_include/get_screenshot' successfully

2020-03-10 03:12:08 - [TEST_CASE][PASSED] - Test Cases/AHI/_include/get_screenshot: Test Cases/AHI/_include/get_screenshot

2020-03-10 03:12:08 - [TEST_STEP][PASSED] - Thread.sleep(1000): null

2020-03-10 03:12:09 - [TEST_STEP][PASSED] - takeScreenshot(screenPath + i + ".png"): Taking screenshot successfully

2020-03-10 03:12:10 - [MESSAGE][PASSED] - Taking screenshot successfully
[[ATTACHMENT|D:\\Test\\AgileTest\\Reports\\AHI\\ahi\\20200310_030928\\../Screenshots/iPhone X/AHI/Dental - National General/20200310_031138/15.png]]

2020-03-10 03:12:10 - [TEST_STEP][PASSED] - (internal.GlobalVariable.i++): null

2020-03-10 03:12:10 - [MESSAGE][PASSED] - Call Test Case 'Test Cases/AHI/_include/get_screenshot' successfully

2020-03-10 03:12:10 - [TEST_STEP][PASSED] - callTestCase(findTestCase("AHI/_include/name"), [:], CONTINUE_ON_FAILURE): Call Test Case 'Test Cases/AHI/_include/name' successfully

2020-03-10 03:12:10 - [TEST_CASE][PASSED] - Test Cases/AHI/_include/name: Test Cases/AHI/_include/name

2020-03-10 03:12:10 - [TEST_STEP][PASSED] - driver = getWebDriver(): null

2020-03-10 03:12:10 - [TEST_STEP][PASSED] - selenium = new com.thoughtworks.selenium.webdriven.WebDriverBackedSelenium(driver, internal.GlobalVariable.ENV): null

2020-03-10 03:12:10 - [TEST_STEP][PASSED] - FirstName = "Test-123": null

2020-03-10 03:12:10 - [TEST_STEP][PASSED] - LastName = selenium.getEval("{var x="ABCDEFGHIJKLMNOPQRSTUVWXYZabcdefghijklmnopqrstuvwxyz"; var tmp="ZZ11-"; for (i=0;i<8;i++) tmp+=x.charAt(Math.ceil(51*Math.random()));tmp;}"): null

2020-03-10 03:12:10 - [TEST_STEP][PASSED] - Address = selenium.getEval("{var x="ABCDEFGHIJKLMNOPQRSTUVWXYZabcdefghijklmnopqrstuvwxyz"; var tmp=""; for (i=0;i<8;i++) tmp+=x.charAt(Math.ceil(51*Math.random()));tmp;}"): null

2020-03-10 03:12:10 - [TEST_STEP][PASSED] - City = selenium.getEval("{var x="ABCDEFGHIJKLMNOPQRSTUVWXYZabcdefghijklmnopqrstuvwxyz"; var tmp=""; for (i=0;i<8;i++) tmp+=x.charAt(Math.ceil(51*Math.random()));tmp;}"): null

2020-03-10 03:12:10 - [TEST_STEP][PASSED] - tel1 = selenium.getEval("{var x="123456789"; var tmp=""; for (i=0;i<3;i++) tmp+=x.charAt(Math.ceil(8*Math.random()));tmp;}"): null

2020-03-10 03:12:10 - [TEST_STEP][PASSED] - tel2 = selenium.getEval("{var x="123456789"; var tmp=""; for (i=0;i<3;i++) tmp+=x.charAt(Math.ceil(8*Math.random()));tmp;}"): null

2020-03-10 03:12:10 - [TEST_STEP][PASSED] - tel3 = selenium.getEval("{var x="123456789"; var tmp=""; for (i=0;i<4;i++) tmp+=x.charAt(Math.ceil(8*Math.random()));tmp;}"): null

2020-03-10 03:12:10 - [TEST_STEP][PASSED] - Tel = selenium.getExpression(tel1 + "-" + tel2 + "-" + tel3): null

2020-03-10 03:12:10 - [TEST_STEP][PASSED] - AutoEmail = selenium.getEval("{var x="ABCDEFGHIJKLMNOPQRSTUVWXYZabcdefghijklmnopqrstuvwxyz"; var tmp="test."; for (i=0;i<8;i++) tmp+=x.charAt(Math.ceil(51*Math.random()));tmp+="@suryani.cn";}"): null

2020-03-10 03:12:10 - [TEST_STEP][PASSED] - FirstName = FirstName: null

2020-03-10 03:12:10 - [TEST_STEP][PASSED] - LastName = LastName: null

2020-03-10 03:12:10 - [TEST_STEP][PASSED] - Address = Address: null

2020-03-10 03:12:10 - [TEST_STEP][PASSED] - City = City: null

2020-03-10 03:12:10 - [TEST_STEP][PASSED] - Tel = Tel: null

2020-03-10 03:12:10 - [TEST_STEP][PASSED] - AutoEmail = AutoEmail: null

2020-03-10 03:12:10 - [TEST_STEP][PASSED] - println(FirstName): null

2020-03-10 03:12:10 - [TEST_STEP][PASSED] - println(LastName): null

2020-03-10 03:12:10 - [TEST_STEP][PASSED] - println(Address): null

2020-03-10 03:12:10 - [TEST_STEP][PASSED] - println(City): null

2020-03-10 03:12:10 - [TEST_STEP][PASSED] - println(Tel): null

2020-03-10 03:12:10 - [TEST_STEP][PASSED] - println(AutoEmail): null

2020-03-10 03:12:10 - [MESSAGE][PASSED] - Call Test Case 'Test Cases/AHI/_include/name' successfully

2020-03-10 03:12:10 - [TEST_STEP][PASSED] - Thread.sleep(3000): null

2020-03-10 03:12:13 - [TEST_STEP][PASSED] - setText(findTestObject("mobileSanity/Dental/app_page1/input__member-P-1-firstName"), FirstName): Text 'Test-123' is set on object 'Object Repository/mobileSanity/Dental/app_page1/input__member-P-1-firstName'

2020-03-10 03:12:13 - [MESSAGE][PASSED] - Text 'Test-123' is set on object 'Object Repository/mobileSanity/Dental/app_page1/input__member-P-1-firstName'

2020-03-10 03:12:13 - [TEST_STEP][PASSED] - setText(findTestObject("mobileSanity/Dental/app_page1/input__member-P-1-lastName"), LastName): Text 'ZZ11-PRNqwxgx' is set on object 'Object Repository/mobileSanity/Dental/app_page1/input__member-P-1-lastName'

2020-03-10 03:12:14 - [MESSAGE][PASSED] - Text 'ZZ11-PRNqwxgx' is set on object 'Object Repository/mobileSanity/Dental/app_page1/input__member-P-1-lastName'

2020-03-10 03:12:14 - [TEST_STEP][PASSED] - setText(findTestObject("mobileSanity/Dental/app_page1/input__address"), Address): Text 'UXuglwCv' is set on object 'Object Repository/mobileSanity/Dental/app_page1/input__address'

2020-03-10 03:12:14 - [MESSAGE][PASSED] - Text 'UXuglwCv' is set on object 'Object Repository/mobileSanity/Dental/app_page1/input__address'

2020-03-10 03:12:14 - [TEST_STEP][PASSED] - setText(findTestObject("mobileSanity/Dental/app_page1/input__city"), City): Text 'sDzzdiDn' is set on object 'Object Repository/mobileSanity/Dental/app_page1/input__city'

2020-03-10 03:12:14 - [MESSAGE][PASSED] - Text 'sDzzdiDn' is set on object 'Object Repository/mobileSanity/Dental/app_page1/input__city'

2020-03-10 03:12:14 - [TEST_STEP][PASSED] - setText(findTestObject("mobileSanity/Dental/app_page1/input__email"), AutoEmail): Text 'test.EDJrsNjh@suryani.cn' is set on object 'Object Repository/mobileSanity/Dental/app_page1/input__email'

2020-03-10 03:12:14 - [MESSAGE][PASSED] - Text 'test.EDJrsNjh@suryani.cn' is set on object 'Object Repository/mobileSanity/Dental/app_page1/input__email'

2020-03-10 03:12:14 - [TEST_STEP][PASSED] - setText(findTestObject("mobileSanity/Dental/app_page1/input_phone"), Tel): Text '966-346-7824' is set on object 'Object Repository/mobileSanity/Dental/app_page1/input_phone'

2020-03-10 03:12:15 - [MESSAGE][PASSED] - Text '966-346-7824' is set on object 'Object Repository/mobileSanity/Dental/app_page1/input_phone'

2020-03-10 03:12:15 - [TEST_STEP][PASSED] - click(findTestObject("mobileSanity/Dental/app_page1/a_Continue to Step 2 - Payment")): Object: 'Object Repository/mobileSanity/Dental/app_page1/a_Continue to Step 2 - Payment' is clicked on

2020-03-10 03:12:15 - [MESSAGE][PASSED] - Object: 'Object Repository/mobileSanity/Dental/app_page1/a_Continue to Step 2 - Payment' is clicked on

2020-03-10 03:12:15 - [TEST_STEP][PASSED] - for ([second = 0, second < 20, (second++)]): null

2020-03-10 03:12:15 - [TEST_STEP][PASSED] - try: null

2020-03-10 03:12:15 - [TEST_STEP][PASSED] - if (selenium.isElementPresent("id=credit-card-number")): null

2020-03-10 03:12:15 - [TEST_STEP][PASSED] - Thread.sleep(1000): null

2020-03-10 03:12:16 - [TEST_STEP][PASSED] - try: null

2020-03-10 03:12:16 - [TEST_STEP][PASSED] - if (selenium.isElementPresent("id=credit-card-number")): null

2020-03-10 03:12:16 - [TEST_STEP][PASSED] - break: null

2020-03-10 03:12:16 - [TEST_STEP][PASSED] - callTestCase(findTestCase("AHI/_include/get_screenshot"), [:], STOP_ON_FAILURE): Call Test Case 'Test Cases/AHI/_include/get_screenshot' successfully

2020-03-10 03:12:16 - [TEST_CASE][PASSED] - Test Cases/AHI/_include/get_screenshot: Test Cases/AHI/_include/get_screenshot

2020-03-10 03:12:16 - [TEST_STEP][PASSED] - Thread.sleep(1000): null

2020-03-10 03:12:17 - [TEST_STEP][PASSED] - takeScreenshot(screenPath + i + ".png"): Taking screenshot successfully

2020-03-10 03:12:18 - [MESSAGE][PASSED] - Taking screenshot successfully
[[ATTACHMENT|D:\\Test\\AgileTest\\Reports\\AHI\\ahi\\20200310_030928\\../Screenshots/iPhone X/AHI/Dental - National General/20200310_031138/16.png]]

2020-03-10 03:12:18 - [TEST_STEP][PASSED] - (internal.GlobalVariable.i++): null

2020-03-10 03:12:18 - [MESSAGE][PASSED] - Call Test Case 'Test Cases/AHI/_include/get_screenshot' successfully

2020-03-10 03:12:18 - [TEST_STEP][PASSED] - setText(findTestObject("mobileSanity/Dental/app_page2/input__credit-card-first"), FirstName): Text 'Test-123' is set on object 'Object Repository/mobileSanity/Dental/app_page2/input__credit-card-first'

2020-03-10 03:12:18 - [MESSAGE][PASSED] - Text 'Test-123' is set on object 'Object Repository/mobileSanity/Dental/app_page2/input__credit-card-first'

2020-03-10 03:12:18 - [TEST_STEP][PASSED] - setText(findTestObject("mobileSanity/Dental/app_page2/input__credit-card-last"), LastName): Text 'ZZ11-PRNqwxgx' is set on object 'Object Repository/mobileSanity/Dental/app_page2/input__credit-card-last'

2020-03-10 03:12:18 - [MESSAGE][PASSED] - Text 'ZZ11-PRNqwxgx' is set on object 'Object Repository/mobileSanity/Dental/app_page2/input__credit-card-last'

2020-03-10 03:12:18 - [TEST_STEP][PASSED] - selectOptionByValue(findTestObject("mobileSanity/Dental/app_page2/select_MM010203040506070809101"), "12", true): All options with value '12' are selected in object 'Object Repository/mobileSanity/Dental/app_page2/select_MM010203040506070809101'  using regular expression

2020-03-10 03:12:19 - [MESSAGE][PASSED] - All options with value '12' are selected in object 'Object Repository/mobileSanity/Dental/app_page2/select_MM010203040506070809101'  using regular expression

2020-03-10 03:12:19 - [TEST_STEP][PASSED] - selectOptionByValue(findTestObject("mobileSanity/Dental/app_page2/select_YYYY2019202020212022202"), "2026", true): All options with value '2026' are selected in object 'Object Repository/mobileSanity/Dental/app_page2/select_YYYY2019202020212022202'  using regular expression

2020-03-10 03:12:19 - [MESSAGE][PASSED] - All options with value '2026' are selected in object 'Object Repository/mobileSanity/Dental/app_page2/select_YYYY2019202020212022202'  using regular expression

2020-03-10 03:12:19 - [TEST_STEP][PASSED] - setText(findTestObject("mobileSanity/Dental/app_page2/input__credit-card-number"), "4111111111111111"): Text '4111111111111111' is set on object 'Object Repository/mobileSanity/Dental/app_page2/input__credit-card-number'

2020-03-10 03:12:20 - [MESSAGE][PASSED] - Text '4111111111111111' is set on object 'Object Repository/mobileSanity/Dental/app_page2/input__credit-card-number'

2020-03-10 03:12:20 - [TEST_STEP][PASSED] - setText(findTestObject("mobileSanity/Dental/app_page2/input__cvv"), "123"): Text '123' is set on object 'Object Repository/mobileSanity/Dental/app_page2/input__cvv'

2020-03-10 03:12:20 - [MESSAGE][PASSED] - Text '123' is set on object 'Object Repository/mobileSanity/Dental/app_page2/input__cvv'

2020-03-10 03:12:20 - [TEST_STEP][PASSED] - click(findTestObject("mobileSanity/Dental/app_page2/label_My billing address is th")): Object: 'Object Repository/mobileSanity/Dental/app_page2/label_My billing address is th' is clicked on

2020-03-10 03:12:20 - [MESSAGE][PASSED] - Object: 'Object Repository/mobileSanity/Dental/app_page2/label_My billing address is th' is clicked on

2020-03-10 03:12:20 - [TEST_STEP][PASSED] - click(findTestObject("mobileSanity/Dental/app_page2/label_I Accept Authorization f")): Object: 'Object Repository/mobileSanity/Dental/app_page2/label_I Accept Authorization f' is clicked on

2020-03-10 03:12:20 - [MESSAGE][PASSED] - Object: 'Object Repository/mobileSanity/Dental/app_page2/label_I Accept Authorization f' is clicked on

2020-03-10 03:12:20 - [TEST_STEP][PASSED] - click(findTestObject("mobileSanity/Dental/app_page2/a_Continue to Step 3 - Review")): Object: 'Object Repository/mobileSanity/Dental/app_page2/a_Continue to Step 3 - Review' is clicked on

2020-03-10 03:12:20 - [MESSAGE][PASSED] - Object: 'Object Repository/mobileSanity/Dental/app_page2/a_Continue to Step 3 - Review' is clicked on

2020-03-10 03:12:20 - [TEST_STEP][PASSED] - for ([second = 0, second < 20, (second++)]): null

2020-03-10 03:12:20 - [TEST_STEP][PASSED] - try: null

2020-03-10 03:12:20 - [TEST_STEP][PASSED] - if (selenium.isElementPresent("id=consent-checkbox-0")): null

2020-03-10 03:12:21 - [TEST_STEP][PASSED] - Thread.sleep(1000): null

2020-03-10 03:12:22 - [TEST_STEP][PASSED] - try: null

2020-03-10 03:12:22 - [TEST_STEP][PASSED] - if (selenium.isElementPresent("id=consent-checkbox-0")): null

2020-03-10 03:12:22 - [TEST_STEP][PASSED] - break: null

2020-03-10 03:12:22 - [TEST_STEP][PASSED] - waitForElementClickable(findTestObject("mobileSanity/Dental/app_page3/label"), 20): Object 'Object Repository/mobileSanity/Dental/app_page3/label' is clickable

2020-03-10 03:12:22 - [MESSAGE][PASSED] - Object 'Object Repository/mobileSanity/Dental/app_page3/label' is clickable

2020-03-10 03:12:22 - [TEST_STEP][PASSED] - callTestCase(findTestCase("AHI/_include/get_screenshot"), [:], STOP_ON_FAILURE): Call Test Case 'Test Cases/AHI/_include/get_screenshot' successfully

2020-03-10 03:12:22 - [TEST_CASE][PASSED] - Test Cases/AHI/_include/get_screenshot: Test Cases/AHI/_include/get_screenshot

2020-03-10 03:12:22 - [TEST_STEP][PASSED] - Thread.sleep(1000): null

2020-03-10 03:12:23 - [TEST_STEP][PASSED] - takeScreenshot(screenPath + i + ".png"): Taking screenshot successfully

2020-03-10 03:12:23 - [MESSAGE][PASSED] - Taking screenshot successfully
[[ATTACHMENT|D:\\Test\\AgileTest\\Reports\\AHI\\ahi\\20200310_030928\\../Screenshots/iPhone X/AHI/Dental - National General/20200310_031138/17.png]]

2020-03-10 03:12:23 - [TEST_STEP][PASSED] - (internal.GlobalVariable.i++): null

2020-03-10 03:12:23 - [MESSAGE][PASSED] - Call Test Case 'Test Cases/AHI/_include/get_screenshot' successfully

2020-03-10 03:12:23 - [TEST_STEP][PASSED] - click(findTestObject("mobileSanity/Dental/app_page3/label")): Object: 'Object Repository/mobileSanity/Dental/app_page3/label' is clicked on

2020-03-10 03:12:24 - [MESSAGE][PASSED] - Object: 'Object Repository/mobileSanity/Dental/app_page3/label' is clicked on

2020-03-10 03:12:24 - [TEST_STEP][PASSED] - click(findTestObject("mobileSanity/Dental/app_page3/p_CLICK TO SIGN")): Object: 'Object Repository/mobileSanity/Dental/app_page3/p_CLICK TO SIGN' is clicked on

2020-03-10 03:12:24 - [MESSAGE][PASSED] - Object: 'Object Repository/mobileSanity/Dental/app_page3/p_CLICK TO SIGN' is clicked on

2020-03-10 03:12:24 - [TEST_STEP][PASSED] - click(findTestObject("mobileSanity/Dental/app_page3/a_Submit Your Application")): Object: 'Object Repository/mobileSanity/Dental/app_page3/a_Submit Your Application' is clicked on

2020-03-10 03:12:24 - [MESSAGE][PASSED] - Object: 'Object Repository/mobileSanity/Dental/app_page3/a_Submit Your Application' is clicked on

2020-03-10 03:12:24 - [TEST_STEP][PASSED] - for ([second = 0, second < 30, (second++)]): null

2020-03-10 03:12:24 - [TEST_STEP][PASSED] - try: null

2020-03-10 03:12:24 - [TEST_STEP][PASSED] - if (selenium.isElementPresent("xpath=//h2[contains(text(),'Congratulation')]")): null

2020-03-10 03:12:24 - [TEST_STEP][PASSED] - Thread.sleep(1000): null

2020-03-10 03:12:25 - [TEST_STEP][PASSED] - try: null

2020-03-10 03:12:25 - [TEST_STEP][PASSED] - if (selenium.isElementPresent("xpath=//h2[contains(text(),'Congratulation')]")): null

2020-03-10 03:12:25 - [TEST_STEP][PASSED] - Thread.sleep(1000): null

2020-03-10 03:12:26 - [TEST_STEP][PASSED] - try: null

2020-03-10 03:12:26 - [TEST_STEP][PASSED] - if (selenium.isElementPresent("xpath=//h2[contains(text(),'Congratulation')]")): null

2020-03-10 03:12:26 - [TEST_STEP][PASSED] - Thread.sleep(1000): null

2020-03-10 03:12:27 - [TEST_STEP][PASSED] - try: null

2020-03-10 03:12:27 - [TEST_STEP][PASSED] - if (selenium.isElementPresent("xpath=//h2[contains(text(),'Congratulation')]")): null

2020-03-10 03:12:27 - [TEST_STEP][PASSED] - Thread.sleep(1000): null

2020-03-10 03:12:28 - [TEST_STEP][PASSED] - try: null

2020-03-10 03:12:28 - [TEST_STEP][PASSED] - if (selenium.isElementPresent("xpath=//h2[contains(text(),'Congratulation')]")): null

2020-03-10 03:12:28 - [TEST_STEP][PASSED] - Thread.sleep(1000): null

2020-03-10 03:12:29 - [TEST_STEP][PASSED] - try: null

2020-03-10 03:12:29 - [TEST_STEP][PASSED] - if (selenium.isElementPresent("xpath=//h2[contains(text(),'Congratulation')]")): null

2020-03-10 03:12:29 - [TEST_STEP][PASSED] - Thread.sleep(1000): null

2020-03-10 03:12:30 - [TEST_STEP][PASSED] - try: null

2020-03-10 03:12:30 - [TEST_STEP][PASSED] - if (selenium.isElementPresent("xpath=//h2[contains(text(),'Congratulation')]")): null

2020-03-10 03:12:31 - [TEST_STEP][PASSED] - Thread.sleep(1000): null

2020-03-10 03:12:32 - [TEST_STEP][PASSED] - try: null

2020-03-10 03:12:32 - [TEST_STEP][PASSED] - if (selenium.isElementPresent("xpath=//h2[contains(text(),'Congratulation')]")): null

2020-03-10 03:12:32 - [TEST_STEP][PASSED] - Thread.sleep(1000): null

2020-03-10 03:12:33 - [TEST_STEP][PASSED] - try: null

2020-03-10 03:12:33 - [TEST_STEP][PASSED] - if (selenium.isElementPresent("xpath=//h2[contains(text(),'Congratulation')]")): null

2020-03-10 03:12:33 - [TEST_STEP][PASSED] - Thread.sleep(1000): null

2020-03-10 03:12:34 - [TEST_STEP][PASSED] - try: null

2020-03-10 03:12:34 - [TEST_STEP][PASSED] - if (selenium.isElementPresent("xpath=//h2[contains(text(),'Congratulation')]")): null

2020-03-10 03:12:34 - [TEST_STEP][PASSED] - Thread.sleep(1000): null

2020-03-10 03:12:35 - [TEST_STEP][PASSED] - try: null

2020-03-10 03:12:35 - [TEST_STEP][PASSED] - if (selenium.isElementPresent("xpath=//h2[contains(text(),'Congratulation')]")): null

2020-03-10 03:12:35 - [TEST_STEP][PASSED] - Thread.sleep(1000): null

2020-03-10 03:12:36 - [TEST_STEP][PASSED] - try: null

2020-03-10 03:12:36 - [TEST_STEP][PASSED] - if (selenium.isElementPresent("xpath=//h2[contains(text(),'Congratulation')]")): null

2020-03-10 03:12:36 - [TEST_STEP][PASSED] - Thread.sleep(1000): null

2020-03-10 03:12:37 - [TEST_STEP][PASSED] - try: null

2020-03-10 03:12:37 - [TEST_STEP][PASSED] - if (selenium.isElementPresent("xpath=//h2[contains(text(),'Congratulation')]")): null

2020-03-10 03:12:37 - [TEST_STEP][PASSED] - Thread.sleep(1000): null

2020-03-10 03:12:38 - [TEST_STEP][PASSED] - try: null

2020-03-10 03:12:38 - [TEST_STEP][PASSED] - if (selenium.isElementPresent("xpath=//h2[contains(text(),'Congratulation')]")): null

2020-03-10 03:12:38 - [TEST_STEP][PASSED] - Thread.sleep(1000): null

2020-03-10 03:12:39 - [TEST_STEP][PASSED] - try: null

2020-03-10 03:12:39 - [TEST_STEP][PASSED] - if (selenium.isElementPresent("xpath=//h2[contains(text(),'Congratulation')]")): null

2020-03-10 03:12:39 - [TEST_STEP][PASSED] - Thread.sleep(1000): null

2020-03-10 03:12:40 - [TEST_STEP][PASSED] - try: null

2020-03-10 03:12:40 - [TEST_STEP][PASSED] - if (selenium.isElementPresent("xpath=//h2[contains(text(),'Congratulation')]")): null

2020-03-10 03:12:40 - [TEST_STEP][PASSED] - Thread.sleep(1000): null

2020-03-10 03:12:41 - [TEST_STEP][PASSED] - try: null

2020-03-10 03:12:41 - [TEST_STEP][PASSED] - if (selenium.isElementPresent("xpath=//h2[contains(text(),'Congratulation')]")): null

2020-03-10 03:12:41 - [TEST_STEP][PASSED] - Thread.sleep(1000): null

2020-03-10 03:12:42 - [TEST_STEP][PASSED] - try: null

2020-03-10 03:12:42 - [TEST_STEP][PASSED] - if (selenium.isElementPresent("xpath=//h2[contains(text(),'Congratulation')]")): null

2020-03-10 03:12:42 - [TEST_STEP][PASSED] - Thread.sleep(1000): null

2020-03-10 03:12:43 - [TEST_STEP][PASSED] - try: null

2020-03-10 03:12:43 - [TEST_STEP][PASSED] - if (selenium.isElementPresent("xpath=//h2[contains(text(),'Congratulation')]")): null

2020-03-10 03:12:43 - [TEST_STEP][PASSED] - Thread.sleep(1000): null

2020-03-10 03:12:44 - [TEST_STEP][PASSED] - try: null

2020-03-10 03:12:44 - [TEST_STEP][PASSED] - if (selenium.isElementPresent("xpath=//h2[contains(text(),'Congratulation')]")): null

2020-03-10 03:12:44 - [TEST_STEP][PASSED] - Thread.sleep(1000): null

2020-03-10 03:12:45 - [TEST_STEP][PASSED] - try: null

2020-03-10 03:12:45 - [TEST_STEP][PASSED] - if (selenium.isElementPresent("xpath=//h2[contains(text(),'Congratulation')]")): null

2020-03-10 03:12:45 - [TEST_STEP][PASSED] - Thread.sleep(1000): null

2020-03-10 03:12:46 - [TEST_STEP][PASSED] - try: null

2020-03-10 03:12:46 - [TEST_STEP][PASSED] - if (selenium.isElementPresent("xpath=//h2[contains(text(),'Congratulation')]")): null

2020-03-10 03:12:46 - [TEST_STEP][PASSED] - Thread.sleep(1000): null

2020-03-10 03:12:47 - [TEST_STEP][PASSED] - try: null

2020-03-10 03:12:47 - [TEST_STEP][PASSED] - if (selenium.isElementPresent("xpath=//h2[contains(text(),'Congratulation')]")): null

2020-03-10 03:12:47 - [TEST_STEP][PASSED] - Thread.sleep(1000): null

2020-03-10 03:12:48 - [TEST_STEP][PASSED] - try: null

2020-03-10 03:12:48 - [TEST_STEP][PASSED] - if (selenium.isElementPresent("xpath=//h2[contains(text(),'Congratulation')]")): null

2020-03-10 03:12:48 - [TEST_STEP][PASSED] - Thread.sleep(1000): null

2020-03-10 03:12:49 - [TEST_STEP][PASSED] - try: null

2020-03-10 03:12:49 - [TEST_STEP][PASSED] - if (selenium.isElementPresent("xpath=//h2[contains(text(),'Congratulation')]")): null

2020-03-10 03:12:49 - [TEST_STEP][PASSED] - Thread.sleep(1000): null

2020-03-10 03:12:50 - [TEST_STEP][PASSED] - try: null

2020-03-10 03:12:50 - [TEST_STEP][PASSED] - if (selenium.isElementPresent("xpath=//h2[contains(text(),'Congratulation')]")): null

2020-03-10 03:12:50 - [TEST_STEP][PASSED] - Thread.sleep(1000): null

2020-03-10 03:12:51 - [TEST_STEP][PASSED] - try: null

2020-03-10 03:12:51 - [TEST_STEP][PASSED] - if (selenium.isElementPresent("xpath=//h2[contains(text(),'Congratulation')]")): null

2020-03-10 03:12:52 - [TEST_STEP][PASSED] - Thread.sleep(1000): null

2020-03-10 03:12:53 - [TEST_STEP][PASSED] - try: null

2020-03-10 03:12:53 - [TEST_STEP][PASSED] - if (selenium.isElementPresent("xpath=//h2[contains(text(),'Congratulation')]")): null

2020-03-10 03:12:53 - [TEST_STEP][PASSED] - Thread.sleep(1000): null

2020-03-10 03:12:54 - [TEST_STEP][PASSED] - try: null

2020-03-10 03:12:54 - [TEST_STEP][PASSED] - if (selenium.isElementPresent("xpath=//h2[contains(text(),'Congratulation')]")): null

2020-03-10 03:12:54 - [TEST_STEP][PASSED] - Thread.sleep(1000): null

2020-03-10 03:12:55 - [TEST_STEP][PASSED] - try: null

2020-03-10 03:12:55 - [TEST_STEP][PASSED] - if (selenium.isElementPresent("xpath=//h2[contains(text(),'Congratulation')]")): null

2020-03-10 03:12:55 - [TEST_STEP][PASSED] - Thread.sleep(1000): null

2020-03-10 03:12:56 - [TEST_STEP][PASSED] - callTestCase(findTestCase("AHI/_include/get_screenshot"), [:], STOP_ON_FAILURE): Call Test Case 'Test Cases/AHI/_include/get_screenshot' successfully

2020-03-10 03:12:56 - [TEST_CASE][PASSED] - Test Cases/AHI/_include/get_screenshot: Test Cases/AHI/_include/get_screenshot

2020-03-10 03:12:56 - [TEST_STEP][PASSED] - Thread.sleep(1000): null

2020-03-10 03:12:57 - [TEST_STEP][PASSED] - takeScreenshot(screenPath + i + ".png"): Taking screenshot successfully

2020-03-10 03:12:57 - [MESSAGE][PASSED] - Taking screenshot successfully
[[ATTACHMENT|D:\\Test\\AgileTest\\Reports\\AHI\\ahi\\20200310_030928\\../Screenshots/iPhone X/AHI/Dental - National General/20200310_031138/18.png]]

2020-03-10 03:12:57 - [TEST_STEP][PASSED] - (internal.GlobalVariable.i++): null

2020-03-10 03:12:57 - [MESSAGE][PASSED] - Call Test Case 'Test Cases/AHI/_include/get_screenshot' successfully]]></system-out>
         <system-err><![CDATA[]]></system-err>
      </testcase>
      <testcase name="Test Cases/AHI/NEW/Dental/USA Access" classname="Test Cases/AHI/NEW/Dental/USA Access" status="PASSED">
         <system-out><![CDATA[2020-03-10 03:12:57 - [TEST_CASE][PASSED] - Test Cases/AHI/NEW/Dental/USA Access: Test Cases/AHI/NEW/Dental/USA Access

2020-03-10 03:12:58 - [TEST_STEP][PASSED] - callTestCase(findTestCase("AHI/_include/get_screenPath"), ["productLine":"AHI", "carrierName":"Dental - USA Access"], CONTINUE_ON_FAILURE): Call Test Case 'Test Cases/AHI/_include/get_screenPath' successfully

2020-03-10 03:12:58 - [TEST_CASE][PASSED] - Test Cases/AHI/_include/get_screenPath: Test Cases/AHI/_include/get_screenPath

2020-03-10 03:12:58 - [TEST_STEP][PASSED] - m = getExecutionProperties(): null

2020-03-10 03:12:58 - [TEST_STEP][PASSED] - deviceName = get("mobileEmulation").get("deviceName"): null

2020-03-10 03:12:58 - [TEST_STEP][PASSED] - println(deviceName): null

2020-03-10 03:12:58 - [TEST_STEP][PASSED] - now = new java.util.Date(): null

2020-03-10 03:12:58 - [TEST_STEP][PASSED] - mydate = now.format("yyyyMMdd_HHmmss"): null

2020-03-10 03:12:58 - [TEST_STEP][PASSED] - screenPath = "../Screenshots/": null

2020-03-10 03:12:58 - [TEST_STEP][PASSED] - screenPath = screenPath + deviceName + "/" + productLine + "/" + carrierName + "/" + mydate + "/": null

2020-03-10 03:12:58 - [TEST_STEP][PASSED] - println(screenPath): null

2020-03-10 03:12:58 - [MESSAGE][PASSED] - Call Test Case 'Test Cases/AHI/_include/get_screenPath' successfully

2020-03-10 03:12:58 - [TEST_STEP][PASSED] - i = 0: null

2020-03-10 03:12:58 - [TEST_STEP][PASSED] - callTestCase(findTestCase("AHI/_include/openWebSite"), [:], STOP_ON_FAILURE): Call Test Case 'Test Cases/AHI/_include/openWebSite' successfully

2020-03-10 03:12:58 - [TEST_CASE][PASSED] - Test Cases/AHI/_include/openWebSite: Test Cases/AHI/_include/openWebSite

2020-03-10 03:12:58 - [TEST_STEP][PASSED] - openBrowser(env): Browser is opened with url: 'https://praetemptatus.agilehealthinsurance.com'

2020-03-10 03:12:58 - [MESSAGE][WARNING] - A browser is already opened. Closing browser and opening a new one

2020-03-10 03:12:58 - [MESSAGE][INFO] - Starting 'Chrome' driver

2020-03-10 03:12:58 - [MESSAGE][INFO] - User set preference: ['mobileEmulation', '{deviceName=iPhone X}']

2020-03-10 03:12:58 - [MESSAGE][INFO] - User set preference: ['args', '[--incognito, --aggressive-cache-discard, --no-sandbox, --window-size=375,812, --ignore-certificate-errors]']

2020-03-10 03:13:00 - [MESSAGE][PASSED] - Browser is opened with url: 'https://praetemptatus.agilehealthinsurance.com'

2020-03-10 03:13:00 - [TEST_STEP][PASSED] - waitForPageLoad(20): Wait for page load successfully

2020-03-10 03:13:01 - [MESSAGE][PASSED] - Wait for page load successfully

2020-03-10 03:13:01 - [TEST_STEP][PASSED] - callTestCase(findTestCase("AHI/_include/get_screenshot"), [:], STOP_ON_FAILURE): Call Test Case 'Test Cases/AHI/_include/get_screenshot' successfully

2020-03-10 03:13:01 - [TEST_CASE][PASSED] - Test Cases/AHI/_include/get_screenshot: Test Cases/AHI/_include/get_screenshot

2020-03-10 03:13:01 - [TEST_STEP][PASSED] - Thread.sleep(1000): null

2020-03-10 03:13:02 - [TEST_STEP][PASSED] - takeScreenshot(screenPath + i + ".png"): Taking screenshot successfully

2020-03-10 03:13:03 - [MESSAGE][PASSED] - Taking screenshot successfully
[[ATTACHMENT|D:\\Test\\AgileTest\\Reports\\AHI\\ahi\\20200310_030928\\../Screenshots/iPhone X/AHI/Dental - USA Access/20200310_031258/0.png]]

2020-03-10 03:13:03 - [TEST_STEP][PASSED] - (internal.GlobalVariable.i++): null

2020-03-10 03:13:03 - [MESSAGE][PASSED] - Call Test Case 'Test Cases/AHI/_include/get_screenshot' successfully

2020-03-10 03:13:03 - [MESSAGE][PASSED] - Call Test Case 'Test Cases/AHI/_include/openWebSite' successfully

2020-03-10 03:13:03 - [TEST_STEP][PASSED] - driver = getWebDriver(): null

2020-03-10 03:13:03 - [TEST_STEP][PASSED] - baseUrl = ENV: null

2020-03-10 03:13:03 - [TEST_STEP][PASSED] - selenium = new com.thoughtworks.selenium.webdriven.WebDriverBackedSelenium(driver, baseUrl): null

2020-03-10 03:13:03 - [TEST_STEP][PASSED] - selenium.click("//*[@class='filter-option-inner-inner']"): null

2020-03-10 03:13:03 - [TEST_STEP][PASSED] - selenium.click("id=bs-select-1-2"): null

2020-03-10 03:13:03 - [TEST_STEP][PASSED] - selenium.click("id=primaryCTA"): null

2020-03-10 03:13:04 - [TEST_STEP][PASSED] - for ([second = 0, second < 20, (second++)]): null

2020-03-10 03:13:04 - [TEST_STEP][PASSED] - try: null

2020-03-10 03:13:04 - [TEST_STEP][PASSED] - if (selenium.isElementPresent("id=zip-input")): null

2020-03-10 03:13:05 - [TEST_STEP][PASSED] - break: null

2020-03-10 03:13:05 - [TEST_STEP][PASSED] - callTestCase(findTestCase("AHI/_include/get_screenshot"), [:], STOP_ON_FAILURE): Call Test Case 'Test Cases/AHI/_include/get_screenshot' successfully

2020-03-10 03:13:05 - [TEST_CASE][PASSED] - Test Cases/AHI/_include/get_screenshot: Test Cases/AHI/_include/get_screenshot

2020-03-10 03:13:05 - [TEST_STEP][PASSED] - Thread.sleep(1000): null

2020-03-10 03:13:06 - [TEST_STEP][PASSED] - takeScreenshot(screenPath + i + ".png"): Taking screenshot successfully

2020-03-10 03:13:06 - [MESSAGE][PASSED] - Taking screenshot successfully
[[ATTACHMENT|D:\\Test\\AgileTest\\Reports\\AHI\\ahi\\20200310_030928\\../Screenshots/iPhone X/AHI/Dental - USA Access/20200310_031258/1.png]]

2020-03-10 03:13:06 - [TEST_STEP][PASSED] - (internal.GlobalVariable.i++): null

2020-03-10 03:13:06 - [MESSAGE][PASSED] - Call Test Case 'Test Cases/AHI/_include/get_screenshot' successfully

2020-03-10 03:13:06 - [TEST_STEP][PASSED] - setText(findTestObject("mobileSanity/Dental/census/input_Location_zip-input"), "35215"): Text '35215' is set on object 'Object Repository/mobileSanity/Dental/census/input_Location_zip-input'

2020-03-10 03:13:07 - [MESSAGE][PASSED] - Text '35215' is set on object 'Object Repository/mobileSanity/Dental/census/input_Location_zip-input'

2020-03-10 03:13:07 - [TEST_STEP][PASSED] - setText(findTestObject("mobileSanity/Dental/census/input_Date of Birth_dob-0"), "12121980"): Text '12121980' is set on object 'Object Repository/mobileSanity/Dental/census/input_Date of Birth_dob-0'

2020-03-10 03:13:07 - [MESSAGE][PASSED] - Text '12121980' is set on object 'Object Repository/mobileSanity/Dental/census/input_Date of Birth_dob-0'

2020-03-10 03:13:07 - [TEST_STEP][PASSED] - click(findTestObject("mobileSanity/Dental/census/label_Male")): Object: 'Object Repository/mobileSanity/Dental/census/label_Male' is clicked on

2020-03-10 03:13:07 - [MESSAGE][PASSED] - Object: 'Object Repository/mobileSanity/Dental/census/label_Male' is clicked on

2020-03-10 03:13:07 - [TEST_STEP][PASSED] - selenium.click("id=js-see-plans"): null

2020-03-10 03:13:08 - [TEST_STEP][PASSED] - for ([second = 0, second < 20, (second++)]): null

2020-03-10 03:13:08 - [TEST_STEP][PASSED] - try: null

2020-03-10 03:13:08 - [TEST_STEP][PASSED] - if (selenium.isElementPresent("id=js-quote-header")): null

2020-03-10 03:13:08 - [TEST_STEP][PASSED] - break: null

2020-03-10 03:13:08 - [TEST_STEP][PASSED] - callTestCase(findTestCase("AHI/_include/get_screenshot"), [:], STOP_ON_FAILURE): Call Test Case 'Test Cases/AHI/_include/get_screenshot' successfully

2020-03-10 03:13:08 - [TEST_CASE][PASSED] - Test Cases/AHI/_include/get_screenshot: Test Cases/AHI/_include/get_screenshot

2020-03-10 03:13:08 - [TEST_STEP][PASSED] - Thread.sleep(1000): null

2020-03-10 03:13:09 - [TEST_STEP][PASSED] - takeScreenshot(screenPath + i + ".png"): Taking screenshot successfully

2020-03-10 03:13:10 - [MESSAGE][PASSED] - Taking screenshot successfully
[[ATTACHMENT|D:\\Test\\AgileTest\\Reports\\AHI\\ahi\\20200310_030928\\../Screenshots/iPhone X/AHI/Dental - USA Access/20200310_031258/2.png]]

2020-03-10 03:13:10 - [TEST_STEP][PASSED] - (internal.GlobalVariable.i++): null

2020-03-10 03:13:10 - [MESSAGE][PASSED] - Call Test Case 'Test Cases/AHI/_include/get_screenshot' successfully

2020-03-10 03:13:10 - [TEST_STEP][PASSED] - click(findTestObject("mobileSanity/Dental/filter/btn_filter")): Object: 'Object Repository/mobileSanity/Dental/filter/btn_filter' is clicked on

2020-03-10 03:13:10 - [MESSAGE][PASSED] - Object: 'Object Repository/mobileSanity/Dental/filter/btn_filter' is clicked on

2020-03-10 03:13:10 - [TEST_STEP][PASSED] - waitForElementVisible(findTestObject("mobileSanity/Dental/filter/btn_company"), 10): Object 'Object Repository/mobileSanity/Dental/filter/btn_company' is visible

2020-03-10 03:13:10 - [MESSAGE][PASSED] - Object 'Object Repository/mobileSanity/Dental/filter/btn_company' is visible

2020-03-10 03:13:10 - [TEST_STEP][PASSED] - click(findTestObject("mobileSanity/Dental/filter/btn_company")): Object: 'Object Repository/mobileSanity/Dental/filter/btn_company' is clicked on

2020-03-10 03:13:10 - [MESSAGE][PASSED] - Object: 'Object Repository/mobileSanity/Dental/filter/btn_company' is clicked on

2020-03-10 03:13:10 - [TEST_STEP][PASSED] - Thread.sleep(2000): null

2020-03-10 03:13:12 - [TEST_STEP][PASSED] - click(findTestObject("mobileSanity/Dental/filter/btn_usa")): Object: 'Object Repository/mobileSanity/Dental/filter/btn_usa' is clicked on

2020-03-10 03:13:12 - [MESSAGE][PASSED] - Object: 'Object Repository/mobileSanity/Dental/filter/btn_usa' is clicked on

2020-03-10 03:13:12 - [TEST_STEP][PASSED] - waitForJQueryLoad(20, STOP_ON_FAILURE): jQuery is ready.

2020-03-10 03:13:13 - [MESSAGE][PASSED] - jQuery is ready.

2020-03-10 03:13:13 - [TEST_STEP][PASSED] - callTestCase(findTestCase("AHI/_include/get_screenshot"), [:], STOP_ON_FAILURE): Call Test Case 'Test Cases/AHI/_include/get_screenshot' successfully

2020-03-10 03:13:13 - [TEST_CASE][PASSED] - Test Cases/AHI/_include/get_screenshot: Test Cases/AHI/_include/get_screenshot

2020-03-10 03:13:13 - [TEST_STEP][PASSED] - Thread.sleep(1000): null

2020-03-10 03:13:14 - [TEST_STEP][PASSED] - takeScreenshot(screenPath + i + ".png"): Taking screenshot successfully

2020-03-10 03:13:15 - [MESSAGE][PASSED] - Taking screenshot successfully
[[ATTACHMENT|D:\\Test\\AgileTest\\Reports\\AHI\\ahi\\20200310_030928\\../Screenshots/iPhone X/AHI/Dental - USA Access/20200310_031258/3.png]]

2020-03-10 03:13:15 - [TEST_STEP][PASSED] - (internal.GlobalVariable.i++): null

2020-03-10 03:13:15 - [MESSAGE][PASSED] - Call Test Case 'Test Cases/AHI/_include/get_screenshot' successfully

2020-03-10 03:13:15 - [TEST_STEP][PASSED] - click(findTestObject("mobileSanity/Dental/filter/btn_filter")): Object: 'Object Repository/mobileSanity/Dental/filter/btn_filter' is clicked on

2020-03-10 03:13:15 - [MESSAGE][PASSED] - Object: 'Object Repository/mobileSanity/Dental/filter/btn_filter' is clicked on

2020-03-10 03:13:15 - [TEST_STEP][PASSED] - click(findTestObject("mobileSanity/Dental/quote/a_Select This Plan")): Object: 'Object Repository/mobileSanity/Dental/quote/a_Select This Plan' is clicked on

2020-03-10 03:13:15 - [MESSAGE][PASSED] - Object: 'Object Repository/mobileSanity/Dental/quote/a_Select This Plan' is clicked on

2020-03-10 03:13:15 - [TEST_STEP][PASSED] - waitForPageLoad(10): Wait for page load successfully

2020-03-10 03:13:15 - [MESSAGE][PASSED] - Wait for page load successfully

2020-03-10 03:13:15 - [TEST_STEP][PASSED] - callTestCase(findTestCase("AHI/_include/get_screenshot"), [:], STOP_ON_FAILURE): Call Test Case 'Test Cases/AHI/_include/get_screenshot' successfully

2020-03-10 03:13:15 - [TEST_CASE][PASSED] - Test Cases/AHI/_include/get_screenshot: Test Cases/AHI/_include/get_screenshot

2020-03-10 03:13:15 - [TEST_STEP][PASSED] - Thread.sleep(1000): null

2020-03-10 03:13:16 - [TEST_STEP][PASSED] - takeScreenshot(screenPath + i + ".png"): Taking screenshot successfully

2020-03-10 03:13:17 - [MESSAGE][PASSED] - Taking screenshot successfully
[[ATTACHMENT|D:\\Test\\AgileTest\\Reports\\AHI\\ahi\\20200310_030928\\../Screenshots/iPhone X/AHI/Dental - USA Access/20200310_031258/4.png]]

2020-03-10 03:13:17 - [TEST_STEP][PASSED] - (internal.GlobalVariable.i++): null

2020-03-10 03:13:17 - [MESSAGE][PASSED] - Call Test Case 'Test Cases/AHI/_include/get_screenshot' successfully

2020-03-10 03:13:17 - [TEST_STEP][PASSED] - Thread.sleep(3000): null

2020-03-10 03:13:20 - [TEST_STEP][PASSED] - click(findTestObject("mobileSanity/Dental/apply/span_Start Secure Application")): Object: 'Object Repository/mobileSanity/Dental/apply/span_Start Secure Application' is clicked on

2020-03-10 03:13:21 - [MESSAGE][PASSED] - Object: 'Object Repository/mobileSanity/Dental/apply/span_Start Secure Application' is clicked on

2020-03-10 03:13:21 - [TEST_STEP][PASSED] - for ([second = 0, second < 20, (second++)]): null

2020-03-10 03:13:21 - [TEST_STEP][PASSED] - try: null

2020-03-10 03:13:21 - [TEST_STEP][PASSED] - if (selenium.isElementPresent("id=member-P-1-firstName")): null

2020-03-10 03:13:21 - [TEST_STEP][PASSED] - Thread.sleep(1000): null

2020-03-10 03:13:22 - [TEST_STEP][PASSED] - try: null

2020-03-10 03:13:22 - [TEST_STEP][PASSED] - if (selenium.isElementPresent("id=member-P-1-firstName")): null

2020-03-10 03:13:22 - [TEST_STEP][PASSED] - break: null

2020-03-10 03:13:22 - [TEST_STEP][PASSED] - callTestCase(findTestCase("AHI/_include/get_screenshot"), [:], STOP_ON_FAILURE): Call Test Case 'Test Cases/AHI/_include/get_screenshot' successfully

2020-03-10 03:13:22 - [TEST_CASE][PASSED] - Test Cases/AHI/_include/get_screenshot: Test Cases/AHI/_include/get_screenshot

2020-03-10 03:13:22 - [TEST_STEP][PASSED] - Thread.sleep(1000): null

2020-03-10 03:13:23 - [TEST_STEP][PASSED] - takeScreenshot(screenPath + i + ".png"): Taking screenshot successfully

2020-03-10 03:13:24 - [MESSAGE][PASSED] - Taking screenshot successfully
[[ATTACHMENT|D:\\Test\\AgileTest\\Reports\\AHI\\ahi\\20200310_030928\\../Screenshots/iPhone X/AHI/Dental - USA Access/20200310_031258/5.png]]

2020-03-10 03:13:24 - [TEST_STEP][PASSED] - (internal.GlobalVariable.i++): null

2020-03-10 03:13:24 - [MESSAGE][PASSED] - Call Test Case 'Test Cases/AHI/_include/get_screenshot' successfully

2020-03-10 03:13:24 - [TEST_STEP][PASSED] - callTestCase(findTestCase("AHI/_include/name"), [:], CONTINUE_ON_FAILURE): Call Test Case 'Test Cases/AHI/_include/name' successfully

2020-03-10 03:13:24 - [TEST_CASE][PASSED] - Test Cases/AHI/_include/name: Test Cases/AHI/_include/name

2020-03-10 03:13:24 - [TEST_STEP][PASSED] - driver = getWebDriver(): null

2020-03-10 03:13:24 - [TEST_STEP][PASSED] - selenium = new com.thoughtworks.selenium.webdriven.WebDriverBackedSelenium(driver, internal.GlobalVariable.ENV): null

2020-03-10 03:13:24 - [TEST_STEP][PASSED] - FirstName = "Test-123": null

2020-03-10 03:13:24 - [TEST_STEP][PASSED] - LastName = selenium.getEval("{var x="ABCDEFGHIJKLMNOPQRSTUVWXYZabcdefghijklmnopqrstuvwxyz"; var tmp="ZZ11-"; for (i=0;i<8;i++) tmp+=x.charAt(Math.ceil(51*Math.random()));tmp;}"): null

2020-03-10 03:13:24 - [TEST_STEP][PASSED] - Address = selenium.getEval("{var x="ABCDEFGHIJKLMNOPQRSTUVWXYZabcdefghijklmnopqrstuvwxyz"; var tmp=""; for (i=0;i<8;i++) tmp+=x.charAt(Math.ceil(51*Math.random()));tmp;}"): null

2020-03-10 03:13:24 - [TEST_STEP][PASSED] - City = selenium.getEval("{var x="ABCDEFGHIJKLMNOPQRSTUVWXYZabcdefghijklmnopqrstuvwxyz"; var tmp=""; for (i=0;i<8;i++) tmp+=x.charAt(Math.ceil(51*Math.random()));tmp;}"): null

2020-03-10 03:13:24 - [TEST_STEP][PASSED] - tel1 = selenium.getEval("{var x="123456789"; var tmp=""; for (i=0;i<3;i++) tmp+=x.charAt(Math.ceil(8*Math.random()));tmp;}"): null

2020-03-10 03:13:24 - [TEST_STEP][PASSED] - tel2 = selenium.getEval("{var x="123456789"; var tmp=""; for (i=0;i<3;i++) tmp+=x.charAt(Math.ceil(8*Math.random()));tmp;}"): null

2020-03-10 03:13:24 - [TEST_STEP][PASSED] - tel3 = selenium.getEval("{var x="123456789"; var tmp=""; for (i=0;i<4;i++) tmp+=x.charAt(Math.ceil(8*Math.random()));tmp;}"): null

2020-03-10 03:13:24 - [TEST_STEP][PASSED] - Tel = selenium.getExpression(tel1 + "-" + tel2 + "-" + tel3): null

2020-03-10 03:13:24 - [TEST_STEP][PASSED] - AutoEmail = selenium.getEval("{var x="ABCDEFGHIJKLMNOPQRSTUVWXYZabcdefghijklmnopqrstuvwxyz"; var tmp="test."; for (i=0;i<8;i++) tmp+=x.charAt(Math.ceil(51*Math.random()));tmp+="@suryani.cn";}"): null

2020-03-10 03:13:24 - [TEST_STEP][PASSED] - FirstName = FirstName: null

2020-03-10 03:13:24 - [TEST_STEP][PASSED] - LastName = LastName: null

2020-03-10 03:13:24 - [TEST_STEP][PASSED] - Address = Address: null

2020-03-10 03:13:24 - [TEST_STEP][PASSED] - City = City: null

2020-03-10 03:13:24 - [TEST_STEP][PASSED] - Tel = Tel: null

2020-03-10 03:13:24 - [TEST_STEP][PASSED] - AutoEmail = AutoEmail: null

2020-03-10 03:13:24 - [TEST_STEP][PASSED] - println(FirstName): null

2020-03-10 03:13:24 - [TEST_STEP][PASSED] - println(LastName): null

2020-03-10 03:13:24 - [TEST_STEP][PASSED] - println(Address): null

2020-03-10 03:13:24 - [TEST_STEP][PASSED] - println(City): null

2020-03-10 03:13:24 - [TEST_STEP][PASSED] - println(Tel): null

2020-03-10 03:13:24 - [TEST_STEP][PASSED] - println(AutoEmail): null

2020-03-10 03:13:24 - [MESSAGE][PASSED] - Call Test Case 'Test Cases/AHI/_include/name' successfully

2020-03-10 03:13:24 - [TEST_STEP][PASSED] - Thread.sleep(3000): null

2020-03-10 03:13:27 - [TEST_STEP][PASSED] - setText(findTestObject("mobileSanity/Dental/app_page1/input__member-P-1-firstName"), FirstName): Text 'Test-123' is set on object 'Object Repository/mobileSanity/Dental/app_page1/input__member-P-1-firstName'

2020-03-10 03:13:27 - [MESSAGE][PASSED] - Text 'Test-123' is set on object 'Object Repository/mobileSanity/Dental/app_page1/input__member-P-1-firstName'

2020-03-10 03:13:27 - [TEST_STEP][PASSED] - setText(findTestObject("mobileSanity/Dental/app_page1/input__member-P-1-lastName"), LastName): Text 'ZZ11-Pumbofba' is set on object 'Object Repository/mobileSanity/Dental/app_page1/input__member-P-1-lastName'

2020-03-10 03:13:27 - [MESSAGE][PASSED] - Text 'ZZ11-Pumbofba' is set on object 'Object Repository/mobileSanity/Dental/app_page1/input__member-P-1-lastName'

2020-03-10 03:13:27 - [TEST_STEP][PASSED] - setText(findTestObject("mobileSanity/Dental/app_page1/input__address"), Address): Text 'vXCFMUck' is set on object 'Object Repository/mobileSanity/Dental/app_page1/input__address'

2020-03-10 03:13:28 - [MESSAGE][PASSED] - Text 'vXCFMUck' is set on object 'Object Repository/mobileSanity/Dental/app_page1/input__address'

2020-03-10 03:13:28 - [TEST_STEP][PASSED] - setText(findTestObject("mobileSanity/Dental/app_page1/input__city"), City): Text 'iTdGBRbD' is set on object 'Object Repository/mobileSanity/Dental/app_page1/input__city'

2020-03-10 03:13:28 - [MESSAGE][PASSED] - Text 'iTdGBRbD' is set on object 'Object Repository/mobileSanity/Dental/app_page1/input__city'

2020-03-10 03:13:28 - [TEST_STEP][PASSED] - setText(findTestObject("mobileSanity/Dental/app_page1/input__email"), AutoEmail): Text 'test.kWDGWDmF@suryani.cn' is set on object 'Object Repository/mobileSanity/Dental/app_page1/input__email'

2020-03-10 03:13:28 - [MESSAGE][PASSED] - Text 'test.kWDGWDmF@suryani.cn' is set on object 'Object Repository/mobileSanity/Dental/app_page1/input__email'

2020-03-10 03:13:28 - [TEST_STEP][PASSED] - setText(findTestObject("mobileSanity/Dental/app_page1/input_phone"), Tel): Text '459-497-2497' is set on object 'Object Repository/mobileSanity/Dental/app_page1/input_phone'

2020-03-10 03:13:28 - [MESSAGE][PASSED] - Text '459-497-2497' is set on object 'Object Repository/mobileSanity/Dental/app_page1/input_phone'

2020-03-10 03:13:28 - [TEST_STEP][PASSED] - click(findTestObject("mobileSanity/Dental/app_page1/a_Continue to Step 2 - Payment")): Object: 'Object Repository/mobileSanity/Dental/app_page1/a_Continue to Step 2 - Payment' is clicked on

2020-03-10 03:13:29 - [MESSAGE][PASSED] - Object: 'Object Repository/mobileSanity/Dental/app_page1/a_Continue to Step 2 - Payment' is clicked on

2020-03-10 03:13:29 - [TEST_STEP][PASSED] - for ([second = 0, second < 20, (second++)]): null

2020-03-10 03:13:29 - [TEST_STEP][PASSED] - try: null

2020-03-10 03:13:29 - [TEST_STEP][PASSED] - if (selenium.isElementPresent("id=credit-card-number")): null

2020-03-10 03:13:29 - [TEST_STEP][PASSED] - Thread.sleep(1000): null

2020-03-10 03:13:30 - [TEST_STEP][PASSED] - try: null

2020-03-10 03:13:30 - [TEST_STEP][PASSED] - if (selenium.isElementPresent("id=credit-card-number")): null

2020-03-10 03:13:30 - [TEST_STEP][PASSED] - break: null

2020-03-10 03:13:30 - [TEST_STEP][PASSED] - Thread.sleep(2000): null

2020-03-10 03:13:32 - [TEST_STEP][PASSED] - click(findTestObject("mobileSanity/Dental/app_page2/membership/label_ihaveread")): Object: 'Object Repository/mobileSanity/Dental/app_page2/membership/label_ihaveread' is clicked on

2020-03-10 03:13:32 - [MESSAGE][PASSED] - Object: 'Object Repository/mobileSanity/Dental/app_page2/membership/label_ihaveread' is clicked on

2020-03-10 03:13:32 - [TEST_STEP][PASSED] - click(findTestObject("mobileSanity/Dental/app_page2/membership/a_ok")): Object: 'Object Repository/mobileSanity/Dental/app_page2/membership/a_ok' is clicked on

2020-03-10 03:13:32 - [MESSAGE][PASSED] - Object: 'Object Repository/mobileSanity/Dental/app_page2/membership/a_ok' is clicked on

2020-03-10 03:13:32 - [TEST_STEP][PASSED] - Thread.sleep(3000): null

2020-03-10 03:13:35 - [TEST_STEP][PASSED] - callTestCase(findTestCase("AHI/_include/get_screenshot"), [:], STOP_ON_FAILURE): Call Test Case 'Test Cases/AHI/_include/get_screenshot' successfully

2020-03-10 03:13:35 - [TEST_CASE][PASSED] - Test Cases/AHI/_include/get_screenshot: Test Cases/AHI/_include/get_screenshot

2020-03-10 03:13:35 - [TEST_STEP][PASSED] - Thread.sleep(1000): null

2020-03-10 03:13:36 - [TEST_STEP][PASSED] - takeScreenshot(screenPath + i + ".png"): Taking screenshot successfully

2020-03-10 03:13:37 - [MESSAGE][PASSED] - Taking screenshot successfully
[[ATTACHMENT|D:\\Test\\AgileTest\\Reports\\AHI\\ahi\\20200310_030928\\../Screenshots/iPhone X/AHI/Dental - USA Access/20200310_031258/6.png]]

2020-03-10 03:13:37 - [TEST_STEP][PASSED] - (internal.GlobalVariable.i++): null

2020-03-10 03:13:37 - [MESSAGE][PASSED] - Call Test Case 'Test Cases/AHI/_include/get_screenshot' successfully

2020-03-10 03:13:37 - [TEST_STEP][PASSED] - setText(findTestObject("mobileSanity/Dental/app_page2/input__credit-card-first"), FirstName): Text 'Test-123' is set on object 'Object Repository/mobileSanity/Dental/app_page2/input__credit-card-first'

2020-03-10 03:13:37 - [MESSAGE][PASSED] - Text 'Test-123' is set on object 'Object Repository/mobileSanity/Dental/app_page2/input__credit-card-first'

2020-03-10 03:13:37 - [TEST_STEP][PASSED] - setText(findTestObject("mobileSanity/Dental/app_page2/input__credit-card-last"), LastName): Text 'ZZ11-Pumbofba' is set on object 'Object Repository/mobileSanity/Dental/app_page2/input__credit-card-last'

2020-03-10 03:13:37 - [MESSAGE][PASSED] - Text 'ZZ11-Pumbofba' is set on object 'Object Repository/mobileSanity/Dental/app_page2/input__credit-card-last'

2020-03-10 03:13:37 - [TEST_STEP][PASSED] - selectOptionByValue(findTestObject("mobileSanity/Dental/app_page2/select_MM010203040506070809101"), "12", true): All options with value '12' are selected in object 'Object Repository/mobileSanity/Dental/app_page2/select_MM010203040506070809101'  using regular expression

2020-03-10 03:13:38 - [MESSAGE][PASSED] - All options with value '12' are selected in object 'Object Repository/mobileSanity/Dental/app_page2/select_MM010203040506070809101'  using regular expression

2020-03-10 03:13:38 - [TEST_STEP][PASSED] - selectOptionByValue(findTestObject("mobileSanity/Dental/app_page2/select_YYYY2019202020212022202"), "2026", true): All options with value '2026' are selected in object 'Object Repository/mobileSanity/Dental/app_page2/select_YYYY2019202020212022202'  using regular expression

2020-03-10 03:13:38 - [MESSAGE][PASSED] - All options with value '2026' are selected in object 'Object Repository/mobileSanity/Dental/app_page2/select_YYYY2019202020212022202'  using regular expression

2020-03-10 03:13:38 - [TEST_STEP][PASSED] - setText(findTestObject("mobileSanity/Dental/app_page2/input__credit-card-number"), "4111111111111111"): Text '4111111111111111' is set on object 'Object Repository/mobileSanity/Dental/app_page2/input__credit-card-number'

2020-03-10 03:13:39 - [MESSAGE][PASSED] - Text '4111111111111111' is set on object 'Object Repository/mobileSanity/Dental/app_page2/input__credit-card-number'

2020-03-10 03:13:39 - [TEST_STEP][PASSED] - setText(findTestObject("mobileSanity/Dental/app_page2/input__cvv"), "123"): Text '123' is set on object 'Object Repository/mobileSanity/Dental/app_page2/input__cvv'

2020-03-10 03:13:39 - [MESSAGE][PASSED] - Text '123' is set on object 'Object Repository/mobileSanity/Dental/app_page2/input__cvv'

2020-03-10 03:13:39 - [TEST_STEP][PASSED] - click(findTestObject("mobileSanity/Dental/app_page2/label_My billing address is th")): Object: 'Object Repository/mobileSanity/Dental/app_page2/label_My billing address is th' is clicked on

2020-03-10 03:13:39 - [MESSAGE][PASSED] - Object: 'Object Repository/mobileSanity/Dental/app_page2/label_My billing address is th' is clicked on

2020-03-10 03:13:39 - [TEST_STEP][PASSED] - click(findTestObject("mobileSanity/Dental/app_page2/label_I Accept Authorization f")): Object: 'Object Repository/mobileSanity/Dental/app_page2/label_I Accept Authorization f' is clicked on

2020-03-10 03:13:39 - [MESSAGE][PASSED] - Object: 'Object Repository/mobileSanity/Dental/app_page2/label_I Accept Authorization f' is clicked on

2020-03-10 03:13:39 - [TEST_STEP][PASSED] - click(findTestObject("mobileSanity/Dental/app_page2/a_Continue to Step 3 - Review")): Object: 'Object Repository/mobileSanity/Dental/app_page2/a_Continue to Step 3 - Review' is clicked on

2020-03-10 03:13:39 - [MESSAGE][PASSED] - Object: 'Object Repository/mobileSanity/Dental/app_page2/a_Continue to Step 3 - Review' is clicked on

2020-03-10 03:13:39 - [TEST_STEP][PASSED] - for ([second = 0, second < 20, (second++)]): null

2020-03-10 03:13:39 - [TEST_STEP][PASSED] - try: null

2020-03-10 03:13:39 - [TEST_STEP][PASSED] - if (selenium.isElementPresent("id=consent-checkbox-0")): null

2020-03-10 03:13:43 - [TEST_STEP][PASSED] - Thread.sleep(1000): null

2020-03-10 03:13:44 - [TEST_STEP][PASSED] - try: null

2020-03-10 03:13:44 - [TEST_STEP][PASSED] - if (selenium.isElementPresent("id=consent-checkbox-0")): null

2020-03-10 03:13:44 - [TEST_STEP][PASSED] - Thread.sleep(1000): null

2020-03-10 03:13:45 - [TEST_STEP][PASSED] - try: null

2020-03-10 03:13:45 - [TEST_STEP][PASSED] - if (selenium.isElementPresent("id=consent-checkbox-0")): null

2020-03-10 03:13:45 - [TEST_STEP][PASSED] - Thread.sleep(1000): null

2020-03-10 03:13:46 - [TEST_STEP][PASSED] - try: null

2020-03-10 03:13:46 - [TEST_STEP][PASSED] - if (selenium.isElementPresent("id=consent-checkbox-0")): null

2020-03-10 03:13:46 - [TEST_STEP][PASSED] - Thread.sleep(1000): null

2020-03-10 03:13:47 - [TEST_STEP][PASSED] - try: null

2020-03-10 03:13:47 - [TEST_STEP][PASSED] - if (selenium.isElementPresent("id=consent-checkbox-0")): null

2020-03-10 03:13:47 - [TEST_STEP][PASSED] - Thread.sleep(1000): null

2020-03-10 03:13:48 - [TEST_STEP][PASSED] - try: null

2020-03-10 03:13:48 - [TEST_STEP][PASSED] - if (selenium.isElementPresent("id=consent-checkbox-0")): null

2020-03-10 03:13:48 - [TEST_STEP][PASSED] - Thread.sleep(1000): null

2020-03-10 03:13:49 - [TEST_STEP][PASSED] - try: null

2020-03-10 03:13:49 - [TEST_STEP][PASSED] - if (selenium.isElementPresent("id=consent-checkbox-0")): null

2020-03-10 03:13:49 - [TEST_STEP][PASSED] - Thread.sleep(1000): null

2020-03-10 03:13:50 - [TEST_STEP][PASSED] - try: null

2020-03-10 03:13:50 - [TEST_STEP][PASSED] - if (selenium.isElementPresent("id=consent-checkbox-0")): null

2020-03-10 03:13:50 - [TEST_STEP][PASSED] - break: null

2020-03-10 03:13:50 - [TEST_STEP][PASSED] - waitForElementClickable(findTestObject("mobileSanity/Dental/app_page3/label"), 20): Object 'Object Repository/mobileSanity/Dental/app_page3/label' is clickable

2020-03-10 03:13:50 - [MESSAGE][PASSED] - Object 'Object Repository/mobileSanity/Dental/app_page3/label' is clickable

2020-03-10 03:13:50 - [TEST_STEP][PASSED] - callTestCase(findTestCase("AHI/_include/get_screenshot"), [:], STOP_ON_FAILURE): Call Test Case 'Test Cases/AHI/_include/get_screenshot' successfully

2020-03-10 03:13:50 - [TEST_CASE][PASSED] - Test Cases/AHI/_include/get_screenshot: Test Cases/AHI/_include/get_screenshot

2020-03-10 03:13:50 - [TEST_STEP][PASSED] - Thread.sleep(1000): null

2020-03-10 03:13:51 - [TEST_STEP][PASSED] - takeScreenshot(screenPath + i + ".png"): Taking screenshot successfully

2020-03-10 03:13:52 - [MESSAGE][PASSED] - Taking screenshot successfully
[[ATTACHMENT|D:\\Test\\AgileTest\\Reports\\AHI\\ahi\\20200310_030928\\../Screenshots/iPhone X/AHI/Dental - USA Access/20200310_031258/7.png]]

2020-03-10 03:13:52 - [TEST_STEP][PASSED] - (internal.GlobalVariable.i++): null

2020-03-10 03:13:52 - [MESSAGE][PASSED] - Call Test Case 'Test Cases/AHI/_include/get_screenshot' successfully

2020-03-10 03:13:52 - [TEST_STEP][PASSED] - click(findTestObject("mobileSanity/Dental/app_page3/label")): Object: 'Object Repository/mobileSanity/Dental/app_page3/label' is clicked on

2020-03-10 03:13:52 - [MESSAGE][PASSED] - Object: 'Object Repository/mobileSanity/Dental/app_page3/label' is clicked on

2020-03-10 03:13:52 - [TEST_STEP][PASSED] - click(findTestObject("mobileSanity/Dental/app_page3/p_CLICK TO SIGN")): Object: 'Object Repository/mobileSanity/Dental/app_page3/p_CLICK TO SIGN' is clicked on

2020-03-10 03:13:52 - [MESSAGE][PASSED] - Object: 'Object Repository/mobileSanity/Dental/app_page3/p_CLICK TO SIGN' is clicked on

2020-03-10 03:13:52 - [TEST_STEP][PASSED] - click(findTestObject("mobileSanity/Dental/app_page3/a_Submit Your Application")): Object: 'Object Repository/mobileSanity/Dental/app_page3/a_Submit Your Application' is clicked on

2020-03-10 03:13:52 - [MESSAGE][PASSED] - Object: 'Object Repository/mobileSanity/Dental/app_page3/a_Submit Your Application' is clicked on

2020-03-10 03:13:52 - [TEST_STEP][PASSED] - for ([second = 0, second < 30, (second++)]): null

2020-03-10 03:13:52 - [TEST_STEP][PASSED] - try: null

2020-03-10 03:13:52 - [TEST_STEP][PASSED] - if (selenium.isElementPresent("xpath=//h2[contains(text(),'Congratulation')]")): null

2020-03-10 03:13:52 - [TEST_STEP][PASSED] - Thread.sleep(1000): null

2020-03-10 03:13:53 - [TEST_STEP][PASSED] - try: null

2020-03-10 03:13:53 - [TEST_STEP][PASSED] - if (selenium.isElementPresent("xpath=//h2[contains(text(),'Congratulation')]")): null

2020-03-10 03:13:53 - [TEST_STEP][PASSED] - Thread.sleep(1000): null

2020-03-10 03:13:54 - [TEST_STEP][PASSED] - try: null

2020-03-10 03:13:54 - [TEST_STEP][PASSED] - if (selenium.isElementPresent("xpath=//h2[contains(text(),'Congratulation')]")): null

2020-03-10 03:13:54 - [TEST_STEP][PASSED] - Thread.sleep(1000): null

2020-03-10 03:13:55 - [TEST_STEP][PASSED] - try: null

2020-03-10 03:13:55 - [TEST_STEP][PASSED] - if (selenium.isElementPresent("xpath=//h2[contains(text(),'Congratulation')]")): null

2020-03-10 03:13:56 - [TEST_STEP][PASSED] - Thread.sleep(1000): null

2020-03-10 03:13:57 - [TEST_STEP][PASSED] - try: null

2020-03-10 03:13:57 - [TEST_STEP][PASSED] - if (selenium.isElementPresent("xpath=//h2[contains(text(),'Congratulation')]")): null

2020-03-10 03:13:57 - [TEST_STEP][PASSED] - Thread.sleep(1000): null

2020-03-10 03:13:58 - [TEST_STEP][PASSED] - try: null

2020-03-10 03:13:58 - [TEST_STEP][PASSED] - if (selenium.isElementPresent("xpath=//h2[contains(text(),'Congratulation')]")): null

2020-03-10 03:13:58 - [TEST_STEP][PASSED] - Thread.sleep(1000): null

2020-03-10 03:13:59 - [TEST_STEP][PASSED] - try: null

2020-03-10 03:13:59 - [TEST_STEP][PASSED] - if (selenium.isElementPresent("xpath=//h2[contains(text(),'Congratulation')]")): null

2020-03-10 03:13:59 - [TEST_STEP][PASSED] - Thread.sleep(1000): null

2020-03-10 03:14:00 - [TEST_STEP][PASSED] - try: null

2020-03-10 03:14:00 - [TEST_STEP][PASSED] - if (selenium.isElementPresent("xpath=//h2[contains(text(),'Congratulation')]")): null

2020-03-10 03:14:00 - [TEST_STEP][PASSED] - Thread.sleep(1000): null

2020-03-10 03:14:01 - [TEST_STEP][PASSED] - try: null

2020-03-10 03:14:01 - [TEST_STEP][PASSED] - if (selenium.isElementPresent("xpath=//h2[contains(text(),'Congratulation')]")): null

2020-03-10 03:14:01 - [TEST_STEP][PASSED] - Thread.sleep(1000): null

2020-03-10 03:14:02 - [TEST_STEP][PASSED] - try: null

2020-03-10 03:14:02 - [TEST_STEP][PASSED] - if (selenium.isElementPresent("xpath=//h2[contains(text(),'Congratulation')]")): null

2020-03-10 03:14:02 - [TEST_STEP][PASSED] - Thread.sleep(1000): null

2020-03-10 03:14:03 - [TEST_STEP][PASSED] - try: null

2020-03-10 03:14:03 - [TEST_STEP][PASSED] - if (selenium.isElementPresent("xpath=//h2[contains(text(),'Congratulation')]")): null

2020-03-10 03:14:03 - [TEST_STEP][PASSED] - Thread.sleep(1000): null

2020-03-10 03:14:04 - [TEST_STEP][PASSED] - try: null

2020-03-10 03:14:04 - [TEST_STEP][PASSED] - if (selenium.isElementPresent("xpath=//h2[contains(text(),'Congratulation')]")): null

2020-03-10 03:14:05 - [TEST_STEP][PASSED] - Thread.sleep(1000): null

2020-03-10 03:14:06 - [TEST_STEP][PASSED] - try: null

2020-03-10 03:14:06 - [TEST_STEP][PASSED] - if (selenium.isElementPresent("xpath=//h2[contains(text(),'Congratulation')]")): null

2020-03-10 03:14:06 - [TEST_STEP][PASSED] - Thread.sleep(1000): null

2020-03-10 03:14:07 - [TEST_STEP][PASSED] - try: null

2020-03-10 03:14:07 - [TEST_STEP][PASSED] - if (selenium.isElementPresent("xpath=//h2[contains(text(),'Congratulation')]")): null

2020-03-10 03:14:07 - [TEST_STEP][PASSED] - Thread.sleep(1000): null

2020-03-10 03:14:08 - [TEST_STEP][PASSED] - try: null

2020-03-10 03:14:08 - [TEST_STEP][PASSED] - if (selenium.isElementPresent("xpath=//h2[contains(text(),'Congratulation')]")): null

2020-03-10 03:14:08 - [TEST_STEP][PASSED] - Thread.sleep(1000): null

2020-03-10 03:14:09 - [TEST_STEP][PASSED] - try: null

2020-03-10 03:14:09 - [TEST_STEP][PASSED] - if (selenium.isElementPresent("xpath=//h2[contains(text(),'Congratulation')]")): null

2020-03-10 03:14:10 - [TEST_STEP][PASSED] - Thread.sleep(1000): null

2020-03-10 03:14:11 - [TEST_STEP][PASSED] - try: null

2020-03-10 03:14:11 - [TEST_STEP][PASSED] - if (selenium.isElementPresent("xpath=//h2[contains(text(),'Congratulation')]")): null

2020-03-10 03:14:11 - [TEST_STEP][PASSED] - Thread.sleep(1000): null

2020-03-10 03:14:12 - [TEST_STEP][PASSED] - try: null

2020-03-10 03:14:12 - [TEST_STEP][PASSED] - if (selenium.isElementPresent("xpath=//h2[contains(text(),'Congratulation')]")): null

2020-03-10 03:14:12 - [TEST_STEP][PASSED] - Thread.sleep(1000): null

2020-03-10 03:14:13 - [TEST_STEP][PASSED] - try: null

2020-03-10 03:14:13 - [TEST_STEP][PASSED] - if (selenium.isElementPresent("xpath=//h2[contains(text(),'Congratulation')]")): null

2020-03-10 03:14:13 - [TEST_STEP][PASSED] - Thread.sleep(1000): null

2020-03-10 03:14:14 - [TEST_STEP][PASSED] - try: null

2020-03-10 03:14:14 - [TEST_STEP][PASSED] - if (selenium.isElementPresent("xpath=//h2[contains(text(),'Congratulation')]")): null

2020-03-10 03:14:14 - [TEST_STEP][PASSED] - Thread.sleep(1000): null

2020-03-10 03:14:15 - [TEST_STEP][PASSED] - try: null

2020-03-10 03:14:15 - [TEST_STEP][PASSED] - if (selenium.isElementPresent("xpath=//h2[contains(text(),'Congratulation')]")): null

2020-03-10 03:14:15 - [TEST_STEP][PASSED] - Thread.sleep(1000): null

2020-03-10 03:14:16 - [TEST_STEP][PASSED] - try: null

2020-03-10 03:14:16 - [TEST_STEP][PASSED] - if (selenium.isElementPresent("xpath=//h2[contains(text(),'Congratulation')]")): null

2020-03-10 03:14:16 - [TEST_STEP][PASSED] - Thread.sleep(1000): null

2020-03-10 03:14:17 - [TEST_STEP][PASSED] - try: null

2020-03-10 03:14:17 - [TEST_STEP][PASSED] - if (selenium.isElementPresent("xpath=//h2[contains(text(),'Congratulation')]")): null

2020-03-10 03:14:17 - [TEST_STEP][PASSED] - Thread.sleep(1000): null

2020-03-10 03:14:18 - [TEST_STEP][PASSED] - try: null

2020-03-10 03:14:18 - [TEST_STEP][PASSED] - if (selenium.isElementPresent("xpath=//h2[contains(text(),'Congratulation')]")): null

2020-03-10 03:14:18 - [TEST_STEP][PASSED] - Thread.sleep(1000): null

2020-03-10 03:14:19 - [TEST_STEP][PASSED] - try: null

2020-03-10 03:14:19 - [TEST_STEP][PASSED] - if (selenium.isElementPresent("xpath=//h2[contains(text(),'Congratulation')]")): null

2020-03-10 03:14:19 - [TEST_STEP][PASSED] - Thread.sleep(1000): null

2020-03-10 03:14:20 - [TEST_STEP][PASSED] - try: null

2020-03-10 03:14:20 - [TEST_STEP][PASSED] - if (selenium.isElementPresent("xpath=//h2[contains(text(),'Congratulation')]")): null

2020-03-10 03:14:20 - [TEST_STEP][PASSED] - Thread.sleep(1000): null

2020-03-10 03:14:21 - [TEST_STEP][PASSED] - try: null

2020-03-10 03:14:21 - [TEST_STEP][PASSED] - if (selenium.isElementPresent("xpath=//h2[contains(text(),'Congratulation')]")): null

2020-03-10 03:14:21 - [TEST_STEP][PASSED] - Thread.sleep(1000): null

2020-03-10 03:14:22 - [TEST_STEP][PASSED] - try: null

2020-03-10 03:14:22 - [TEST_STEP][PASSED] - if (selenium.isElementPresent("xpath=//h2[contains(text(),'Congratulation')]")): null

2020-03-10 03:14:22 - [TEST_STEP][PASSED] - Thread.sleep(1000): null

2020-03-10 03:14:23 - [TEST_STEP][PASSED] - try: null

2020-03-10 03:14:23 - [TEST_STEP][PASSED] - if (selenium.isElementPresent("xpath=//h2[contains(text(),'Congratulation')]")): null

2020-03-10 03:14:23 - [TEST_STEP][PASSED] - Thread.sleep(1000): null

2020-03-10 03:14:24 - [TEST_STEP][PASSED] - try: null

2020-03-10 03:14:24 - [TEST_STEP][PASSED] - if (selenium.isElementPresent("xpath=//h2[contains(text(),'Congratulation')]")): null

2020-03-10 03:14:24 - [TEST_STEP][PASSED] - Thread.sleep(1000): null

2020-03-10 03:14:25 - [TEST_STEP][PASSED] - callTestCase(findTestCase("AHI/_include/get_screenshot"), [:], STOP_ON_FAILURE): Call Test Case 'Test Cases/AHI/_include/get_screenshot' successfully

2020-03-10 03:14:25 - [TEST_CASE][PASSED] - Test Cases/AHI/_include/get_screenshot: Test Cases/AHI/_include/get_screenshot

2020-03-10 03:14:25 - [TEST_STEP][PASSED] - Thread.sleep(1000): null

2020-03-10 03:14:26 - [TEST_STEP][PASSED] - takeScreenshot(screenPath + i + ".png"): Taking screenshot successfully

2020-03-10 03:14:27 - [MESSAGE][PASSED] - Taking screenshot successfully
[[ATTACHMENT|D:\\Test\\AgileTest\\Reports\\AHI\\ahi\\20200310_030928\\../Screenshots/iPhone X/AHI/Dental - USA Access/20200310_031258/8.png]]

2020-03-10 03:14:27 - [TEST_STEP][PASSED] - (internal.GlobalVariable.i++): null

2020-03-10 03:14:27 - [MESSAGE][PASSED] - Call Test Case 'Test Cases/AHI/_include/get_screenshot' successfully]]></system-out>
         <system-err><![CDATA[]]></system-err>
      </testcase>
      <testcase name="Test Cases/AHI/NEW/HBI" classname="Test Cases/AHI/NEW/HBI" status="PASSED">
         <system-out><![CDATA[2020-03-10 03:14:27 - [TEST_CASE][PASSED] - Test Cases/AHI/NEW/HBI: Test Cases/AHI/NEW/HBI

2020-03-10 03:14:27 - [TEST_STEP][PASSED] - callTestCase(findTestCase("AHI/_include/get_screenPath"), ["productLine":"AHI", "carrierName":"HBI"], CONTINUE_ON_FAILURE): Call Test Case 'Test Cases/AHI/_include/get_screenPath' successfully

2020-03-10 03:14:27 - [TEST_CASE][PASSED] - Test Cases/AHI/_include/get_screenPath: Test Cases/AHI/_include/get_screenPath

2020-03-10 03:14:27 - [TEST_STEP][PASSED] - m = getExecutionProperties(): null

2020-03-10 03:14:27 - [TEST_STEP][PASSED] - deviceName = get("mobileEmulation").get("deviceName"): null

2020-03-10 03:14:27 - [TEST_STEP][PASSED] - println(deviceName): null

2020-03-10 03:14:27 - [TEST_STEP][PASSED] - now = new java.util.Date(): null

2020-03-10 03:14:27 - [TEST_STEP][PASSED] - mydate = now.format("yyyyMMdd_HHmmss"): null

2020-03-10 03:14:27 - [TEST_STEP][PASSED] - screenPath = "../Screenshots/": null

2020-03-10 03:14:27 - [TEST_STEP][PASSED] - screenPath = screenPath + deviceName + "/" + productLine + "/" + carrierName + "/" + mydate + "/": null

2020-03-10 03:14:27 - [TEST_STEP][PASSED] - println(screenPath): null

2020-03-10 03:14:27 - [MESSAGE][PASSED] - Call Test Case 'Test Cases/AHI/_include/get_screenPath' successfully

2020-03-10 03:14:27 - [TEST_STEP][PASSED] - i = 0: null

2020-03-10 03:14:27 - [TEST_STEP][PASSED] - callTestCase(findTestCase("AHI/_include/openWebSite"), [:], CONTINUE_ON_FAILURE): Call Test Case 'Test Cases/AHI/_include/openWebSite' successfully

2020-03-10 03:14:27 - [TEST_CASE][PASSED] - Test Cases/AHI/_include/openWebSite: Test Cases/AHI/_include/openWebSite

2020-03-10 03:14:27 - [TEST_STEP][PASSED] - openBrowser(env): Browser is opened with url: 'https://praetemptatus.agilehealthinsurance.com'

2020-03-10 03:14:27 - [MESSAGE][WARNING] - A browser is already opened. Closing browser and opening a new one

2020-03-10 03:14:28 - [MESSAGE][INFO] - Starting 'Chrome' driver

2020-03-10 03:14:28 - [MESSAGE][INFO] - User set preference: ['mobileEmulation', '{deviceName=iPhone X}']

2020-03-10 03:14:28 - [MESSAGE][INFO] - User set preference: ['args', '[--incognito, --aggressive-cache-discard, --no-sandbox, --window-size=375,812, --ignore-certificate-errors]']

2020-03-10 03:14:31 - [MESSAGE][PASSED] - Browser is opened with url: 'https://praetemptatus.agilehealthinsurance.com'

2020-03-10 03:14:31 - [TEST_STEP][PASSED] - waitForPageLoad(20): Wait for page load successfully

2020-03-10 03:14:31 - [MESSAGE][PASSED] - Wait for page load successfully

2020-03-10 03:14:31 - [TEST_STEP][PASSED] - callTestCase(findTestCase("AHI/_include/get_screenshot"), [:], STOP_ON_FAILURE): Call Test Case 'Test Cases/AHI/_include/get_screenshot' successfully

2020-03-10 03:14:31 - [TEST_CASE][PASSED] - Test Cases/AHI/_include/get_screenshot: Test Cases/AHI/_include/get_screenshot

2020-03-10 03:14:31 - [TEST_STEP][PASSED] - Thread.sleep(1000): null

2020-03-10 03:14:32 - [TEST_STEP][PASSED] - takeScreenshot(screenPath + i + ".png"): Taking screenshot successfully

2020-03-10 03:14:34 - [MESSAGE][PASSED] - Taking screenshot successfully
[[ATTACHMENT|D:\\Test\\AgileTest\\Reports\\AHI\\ahi\\20200310_030928\\../Screenshots/iPhone X/AHI/HBI/20200310_031427/0.png]]

2020-03-10 03:14:34 - [TEST_STEP][PASSED] - (internal.GlobalVariable.i++): null

2020-03-10 03:14:34 - [MESSAGE][PASSED] - Call Test Case 'Test Cases/AHI/_include/get_screenshot' successfully

2020-03-10 03:14:34 - [MESSAGE][PASSED] - Call Test Case 'Test Cases/AHI/_include/openWebSite' successfully

2020-03-10 03:14:34 - [TEST_STEP][PASSED] - driver = getWebDriver(): null

2020-03-10 03:14:34 - [TEST_STEP][PASSED] - baseUrl = ENV: null

2020-03-10 03:14:34 - [TEST_STEP][PASSED] - selenium = new com.thoughtworks.selenium.webdriven.WebDriverBackedSelenium(driver, baseUrl): null

2020-03-10 03:14:34 - [TEST_STEP][PASSED] - selenium.click("//*[@class='filter-option-inner-inner']"): null

2020-03-10 03:14:34 - [TEST_STEP][PASSED] - selenium.click("id=bs-select-1-3"): null

2020-03-10 03:14:34 - [TEST_STEP][PASSED] - selenium.click("id=primaryCTA"): null

2020-03-10 03:14:35 - [TEST_STEP][PASSED] - for ([second = 0, second < 10, (second++)]): null

2020-03-10 03:14:35 - [TEST_STEP][PASSED] - try: null

2020-03-10 03:14:35 - [TEST_STEP][PASSED] - if (selenium.isElementPresent("id=js-traffic-to-aiq")): null

2020-03-10 03:14:35 - [TEST_STEP][PASSED] - break: null

2020-03-10 03:14:36 - [TEST_STEP][PASSED] - callTestCase(findTestCase("AHI/_include/get_screenshot"), [:], STOP_ON_FAILURE): Call Test Case 'Test Cases/AHI/_include/get_screenshot' successfully

2020-03-10 03:14:36 - [TEST_CASE][PASSED] - Test Cases/AHI/_include/get_screenshot: Test Cases/AHI/_include/get_screenshot

2020-03-10 03:14:36 - [TEST_STEP][PASSED] - Thread.sleep(1000): null

2020-03-10 03:14:37 - [TEST_STEP][PASSED] - takeScreenshot(screenPath + i + ".png"): Taking screenshot successfully

2020-03-10 03:14:37 - [MESSAGE][PASSED] - Taking screenshot successfully
[[ATTACHMENT|D:\\Test\\AgileTest\\Reports\\AHI\\ahi\\20200310_030928\\../Screenshots/iPhone X/AHI/HBI/20200310_031427/1.png]]

2020-03-10 03:14:37 - [TEST_STEP][PASSED] - (internal.GlobalVariable.i++): null

2020-03-10 03:14:37 - [MESSAGE][PASSED] - Call Test Case 'Test Cases/AHI/_include/get_screenshot' successfully

2020-03-10 03:14:37 - [TEST_STEP][PASSED] - url = selenium.getAttribute("xpath=(//a[@id='js-traffic-to-aiq'])@href"): null

2020-03-10 03:14:37 - [TEST_STEP][PASSED] - navigateToUrl(url): Navigate to 'https://healthinsurance.net/health' successfully

2020-03-10 03:14:41 - [MESSAGE][PASSED] - Navigate to 'https://healthinsurance.net/health' successfully

2020-03-10 03:14:41 - [TEST_STEP][PASSED] - waitForPageLoad(10): Wait for page load successfully

2020-03-10 03:14:42 - [MESSAGE][PASSED] - Wait for page load successfully

2020-03-10 03:14:42 - [TEST_STEP][PASSED] - callTestCase(findTestCase("AHI/_include/get_screenshot"), [:], STOP_ON_FAILURE): Call Test Case 'Test Cases/AHI/_include/get_screenshot' successfully

2020-03-10 03:14:42 - [TEST_CASE][PASSED] - Test Cases/AHI/_include/get_screenshot: Test Cases/AHI/_include/get_screenshot

2020-03-10 03:14:42 - [TEST_STEP][PASSED] - Thread.sleep(1000): null

2020-03-10 03:14:43 - [TEST_STEP][PASSED] - takeScreenshot(screenPath + i + ".png"): Taking screenshot successfully

2020-03-10 03:14:43 - [MESSAGE][PASSED] - Taking screenshot successfully
[[ATTACHMENT|D:\\Test\\AgileTest\\Reports\\AHI\\ahi\\20200310_030928\\../Screenshots/iPhone X/AHI/HBI/20200310_031427/2.png]]

2020-03-10 03:14:43 - [TEST_STEP][PASSED] - (internal.GlobalVariable.i++): null

2020-03-10 03:14:43 - [MESSAGE][PASSED] - Call Test Case 'Test Cases/AHI/_include/get_screenshot' successfully]]></system-out>
         <system-err><![CDATA[]]></system-err>
      </testcase>
      <testcase name="Test Cases/AHI/NEW/Medicare" classname="Test Cases/AHI/NEW/Medicare" status="PASSED">
         <system-out><![CDATA[2020-03-10 03:14:43 - [TEST_CASE][PASSED] - Test Cases/AHI/NEW/Medicare: Test Cases/AHI/NEW/Medicare

2020-03-10 03:14:44 - [TEST_STEP][PASSED] - callTestCase(findTestCase("AHI/_include/get_screenPath"), ["productLine":"AHI", "carrierName":"Medicare"], CONTINUE_ON_FAILURE): Call Test Case 'Test Cases/AHI/_include/get_screenPath' successfully

2020-03-10 03:14:44 - [TEST_CASE][PASSED] - Test Cases/AHI/_include/get_screenPath: Test Cases/AHI/_include/get_screenPath

2020-03-10 03:14:44 - [TEST_STEP][PASSED] - m = getExecutionProperties(): null

2020-03-10 03:14:44 - [TEST_STEP][PASSED] - deviceName = get("mobileEmulation").get("deviceName"): null

2020-03-10 03:14:44 - [TEST_STEP][PASSED] - println(deviceName): null

2020-03-10 03:14:44 - [TEST_STEP][PASSED] - now = new java.util.Date(): null

2020-03-10 03:14:44 - [TEST_STEP][PASSED] - mydate = now.format("yyyyMMdd_HHmmss"): null

2020-03-10 03:14:44 - [TEST_STEP][PASSED] - screenPath = "../Screenshots/": null

2020-03-10 03:14:44 - [TEST_STEP][PASSED] - screenPath = screenPath + deviceName + "/" + productLine + "/" + carrierName + "/" + mydate + "/": null

2020-03-10 03:14:44 - [TEST_STEP][PASSED] - println(screenPath): null

2020-03-10 03:14:44 - [MESSAGE][PASSED] - Call Test Case 'Test Cases/AHI/_include/get_screenPath' successfully

2020-03-10 03:14:44 - [TEST_STEP][PASSED] - i = 0: null

2020-03-10 03:14:44 - [TEST_STEP][PASSED] - callTestCase(findTestCase("AHI/_include/openWebSite"), [:], CONTINUE_ON_FAILURE): Call Test Case 'Test Cases/AHI/_include/openWebSite' successfully

2020-03-10 03:14:44 - [TEST_CASE][PASSED] - Test Cases/AHI/_include/openWebSite: Test Cases/AHI/_include/openWebSite

2020-03-10 03:14:44 - [TEST_STEP][PASSED] - openBrowser(env): Browser is opened with url: 'https://praetemptatus.agilehealthinsurance.com'

2020-03-10 03:14:44 - [MESSAGE][WARNING] - A browser is already opened. Closing browser and opening a new one

2020-03-10 03:14:45 - [MESSAGE][INFO] - Starting 'Chrome' driver

2020-03-10 03:14:45 - [MESSAGE][INFO] - User set preference: ['mobileEmulation', '{deviceName=iPhone X}']

2020-03-10 03:14:45 - [MESSAGE][INFO] - User set preference: ['args', '[--incognito, --aggressive-cache-discard, --no-sandbox, --window-size=375,812, --ignore-certificate-errors]']

2020-03-10 03:14:47 - [MESSAGE][PASSED] - Browser is opened with url: 'https://praetemptatus.agilehealthinsurance.com'

2020-03-10 03:14:47 - [TEST_STEP][PASSED] - waitForPageLoad(20): Wait for page load successfully

2020-03-10 03:14:47 - [MESSAGE][PASSED] - Wait for page load successfully

2020-03-10 03:14:47 - [TEST_STEP][PASSED] - callTestCase(findTestCase("AHI/_include/get_screenshot"), [:], STOP_ON_FAILURE): Call Test Case 'Test Cases/AHI/_include/get_screenshot' successfully

2020-03-10 03:14:47 - [TEST_CASE][PASSED] - Test Cases/AHI/_include/get_screenshot: Test Cases/AHI/_include/get_screenshot

2020-03-10 03:14:47 - [TEST_STEP][PASSED] - Thread.sleep(1000): null

2020-03-10 03:14:48 - [TEST_STEP][PASSED] - takeScreenshot(screenPath + i + ".png"): Taking screenshot successfully

2020-03-10 03:14:49 - [MESSAGE][PASSED] - Taking screenshot successfully
[[ATTACHMENT|D:\\Test\\AgileTest\\Reports\\AHI\\ahi\\20200310_030928\\../Screenshots/iPhone X/AHI/Medicare/20200310_031444/0.png]]

2020-03-10 03:14:49 - [TEST_STEP][PASSED] - (internal.GlobalVariable.i++): null

2020-03-10 03:14:49 - [MESSAGE][PASSED] - Call Test Case 'Test Cases/AHI/_include/get_screenshot' successfully

2020-03-10 03:14:49 - [MESSAGE][PASSED] - Call Test Case 'Test Cases/AHI/_include/openWebSite' successfully

2020-03-10 03:14:49 - [TEST_STEP][PASSED] - driver = getWebDriver(): null

2020-03-10 03:14:49 - [TEST_STEP][PASSED] - baseUrl = ENV: null

2020-03-10 03:14:49 - [TEST_STEP][PASSED] - selenium = new com.thoughtworks.selenium.webdriven.WebDriverBackedSelenium(driver, baseUrl): null

2020-03-10 03:14:49 - [TEST_STEP][PASSED] - selenium.click("//*[@class='filter-option-inner-inner']"): null

2020-03-10 03:14:49 - [TEST_STEP][PASSED] - selenium.click("id=bs-select-1-4"): null

2020-03-10 03:14:49 - [TEST_STEP][PASSED] - selenium.click("id=primaryCTA"): null

2020-03-10 03:14:50 - [TEST_STEP][PASSED] - for ([second = 0, second < 10, (second++)]): null

2020-03-10 03:14:50 - [TEST_STEP][PASSED] - try: null

2020-03-10 03:14:50 - [TEST_STEP][PASSED] - if (selenium.isElementPresent("//h1[contains(text(),'Compare Medicare health plans')]")): null

2020-03-10 03:14:50 - [TEST_STEP][PASSED] - break: null

2020-03-10 03:14:50 - [TEST_STEP][PASSED] - callTestCase(findTestCase("AHI/_include/get_screenshot"), [:], STOP_ON_FAILURE): Call Test Case 'Test Cases/AHI/_include/get_screenshot' successfully

2020-03-10 03:14:50 - [TEST_CASE][PASSED] - Test Cases/AHI/_include/get_screenshot: Test Cases/AHI/_include/get_screenshot

2020-03-10 03:14:50 - [TEST_STEP][PASSED] - Thread.sleep(1000): null

2020-03-10 03:14:51 - [TEST_STEP][PASSED] - takeScreenshot(screenPath + i + ".png"): Taking screenshot successfully

2020-03-10 03:14:52 - [MESSAGE][PASSED] - Taking screenshot successfully
[[ATTACHMENT|D:\\Test\\AgileTest\\Reports\\AHI\\ahi\\20200310_030928\\../Screenshots/iPhone X/AHI/Medicare/20200310_031444/1.png]]

2020-03-10 03:14:52 - [TEST_STEP][PASSED] - (internal.GlobalVariable.i++): null

2020-03-10 03:14:52 - [MESSAGE][PASSED] - Call Test Case 'Test Cases/AHI/_include/get_screenshot' successfully]]></system-out>
         <system-err><![CDATA[]]></system-err>
      </testcase>
      <testcase name="Test Cases/AHI/NEW/Pet Insurance" classname="Test Cases/AHI/NEW/Pet Insurance" status="PASSED">
         <system-out><![CDATA[2020-03-10 03:14:52 - [TEST_CASE][PASSED] - Test Cases/AHI/NEW/Pet Insurance: Test Cases/AHI/NEW/Pet Insurance

2020-03-10 03:14:52 - [TEST_STEP][PASSED] - callTestCase(findTestCase("AHI/_include/get_screenPath"), ["productLine":"AHI", "carrierName":"Pet Insurance"], CONTINUE_ON_FAILURE): Call Test Case 'Test Cases/AHI/_include/get_screenPath' successfully

2020-03-10 03:14:52 - [TEST_CASE][PASSED] - Test Cases/AHI/_include/get_screenPath: Test Cases/AHI/_include/get_screenPath

2020-03-10 03:14:52 - [TEST_STEP][PASSED] - m = getExecutionProperties(): null

2020-03-10 03:14:52 - [TEST_STEP][PASSED] - deviceName = get("mobileEmulation").get("deviceName"): null

2020-03-10 03:14:52 - [TEST_STEP][PASSED] - println(deviceName): null

2020-03-10 03:14:52 - [TEST_STEP][PASSED] - now = new java.util.Date(): null

2020-03-10 03:14:52 - [TEST_STEP][PASSED] - mydate = now.format("yyyyMMdd_HHmmss"): null

2020-03-10 03:14:52 - [TEST_STEP][PASSED] - screenPath = "../Screenshots/": null

2020-03-10 03:14:52 - [TEST_STEP][PASSED] - screenPath = screenPath + deviceName + "/" + productLine + "/" + carrierName + "/" + mydate + "/": null

2020-03-10 03:14:52 - [TEST_STEP][PASSED] - println(screenPath): null

2020-03-10 03:14:52 - [MESSAGE][PASSED] - Call Test Case 'Test Cases/AHI/_include/get_screenPath' successfully

2020-03-10 03:14:52 - [TEST_STEP][PASSED] - i = 0: null

2020-03-10 03:14:52 - [TEST_STEP][PASSED] - callTestCase(findTestCase("AHI/_include/openWebSite"), [:], CONTINUE_ON_FAILURE): Call Test Case 'Test Cases/AHI/_include/openWebSite' successfully

2020-03-10 03:14:52 - [TEST_CASE][PASSED] - Test Cases/AHI/_include/openWebSite: Test Cases/AHI/_include/openWebSite

2020-03-10 03:14:52 - [TEST_STEP][PASSED] - openBrowser(env): Browser is opened with url: 'https://praetemptatus.agilehealthinsurance.com'

2020-03-10 03:14:52 - [MESSAGE][WARNING] - A browser is already opened. Closing browser and opening a new one

2020-03-10 03:14:53 - [MESSAGE][INFO] - Starting 'Chrome' driver

2020-03-10 03:14:53 - [MESSAGE][INFO] - User set preference: ['mobileEmulation', '{deviceName=iPhone X}']

2020-03-10 03:14:53 - [MESSAGE][INFO] - User set preference: ['args', '[--incognito, --aggressive-cache-discard, --no-sandbox, --window-size=375,812, --ignore-certificate-errors]']

2020-03-10 03:14:55 - [MESSAGE][PASSED] - Browser is opened with url: 'https://praetemptatus.agilehealthinsurance.com'

2020-03-10 03:14:55 - [TEST_STEP][PASSED] - waitForPageLoad(20): Wait for page load successfully

2020-03-10 03:14:56 - [MESSAGE][PASSED] - Wait for page load successfully

2020-03-10 03:14:56 - [TEST_STEP][PASSED] - callTestCase(findTestCase("AHI/_include/get_screenshot"), [:], STOP_ON_FAILURE): Call Test Case 'Test Cases/AHI/_include/get_screenshot' successfully

2020-03-10 03:14:56 - [TEST_CASE][PASSED] - Test Cases/AHI/_include/get_screenshot: Test Cases/AHI/_include/get_screenshot

2020-03-10 03:14:56 - [TEST_STEP][PASSED] - Thread.sleep(1000): null

2020-03-10 03:14:57 - [TEST_STEP][PASSED] - takeScreenshot(screenPath + i + ".png"): Taking screenshot successfully

2020-03-10 03:14:58 - [MESSAGE][PASSED] - Taking screenshot successfully
[[ATTACHMENT|D:\\Test\\AgileTest\\Reports\\AHI\\ahi\\20200310_030928\\../Screenshots/iPhone X/AHI/Pet Insurance/20200310_031452/0.png]]

2020-03-10 03:14:58 - [TEST_STEP][PASSED] - (internal.GlobalVariable.i++): null

2020-03-10 03:14:58 - [MESSAGE][PASSED] - Call Test Case 'Test Cases/AHI/_include/get_screenshot' successfully

2020-03-10 03:14:58 - [MESSAGE][PASSED] - Call Test Case 'Test Cases/AHI/_include/openWebSite' successfully

2020-03-10 03:14:58 - [TEST_STEP][PASSED] - driver = getWebDriver(): null

2020-03-10 03:14:58 - [TEST_STEP][PASSED] - baseUrl = ENV: null

2020-03-10 03:14:58 - [TEST_STEP][PASSED] - selenium = new com.thoughtworks.selenium.webdriven.WebDriverBackedSelenium(driver, baseUrl): null

2020-03-10 03:14:59 - [TEST_STEP][PASSED] - selenium.click("//*[@class='filter-option-inner-inner']"): null

2020-03-10 03:14:59 - [TEST_STEP][PASSED] - selenium.click("id=bs-select-1-5"): null

2020-03-10 03:14:59 - [TEST_STEP][PASSED] - selenium.click("id=primaryCTA"): null

2020-03-10 03:15:00 - [TEST_STEP][PASSED] - for ([second = 0, second < 20, (second++)]): null

2020-03-10 03:15:00 - [TEST_STEP][PASSED] - try: null

2020-03-10 03:15:00 - [TEST_STEP][PASSED] - if (selenium.isElementPresent("id=zip-input")): null

2020-03-10 03:15:00 - [TEST_STEP][PASSED] - break: null

2020-03-10 03:15:00 - [TEST_STEP][PASSED] - callTestCase(findTestCase("AHI/_include/get_screenshot"), [:], STOP_ON_FAILURE): Call Test Case 'Test Cases/AHI/_include/get_screenshot' successfully

2020-03-10 03:15:00 - [TEST_CASE][PASSED] - Test Cases/AHI/_include/get_screenshot: Test Cases/AHI/_include/get_screenshot

2020-03-10 03:15:00 - [TEST_STEP][PASSED] - Thread.sleep(1000): null

2020-03-10 03:15:01 - [TEST_STEP][PASSED] - takeScreenshot(screenPath + i + ".png"): Taking screenshot successfully

2020-03-10 03:15:03 - [MESSAGE][PASSED] - Taking screenshot successfully
[[ATTACHMENT|D:\\Test\\AgileTest\\Reports\\AHI\\ahi\\20200310_030928\\../Screenshots/iPhone X/AHI/Pet Insurance/20200310_031452/1.png]]

2020-03-10 03:15:03 - [TEST_STEP][PASSED] - (internal.GlobalVariable.i++): null

2020-03-10 03:15:03 - [MESSAGE][PASSED] - Call Test Case 'Test Cases/AHI/_include/get_screenshot' successfully

2020-03-10 03:15:03 - [TEST_STEP][PASSED] - sendKeys(findTestObject("mobileSanity/Cancer Insurance/zip"), "35216"): Keys '35216' sent to object: 'Object Repository/mobileSanity/Cancer Insurance/zip'

2020-03-10 03:15:04 - [MESSAGE][PASSED] - Keys '35216' sent to object: 'Object Repository/mobileSanity/Cancer Insurance/zip'

2020-03-10 03:15:04 - [TEST_STEP][PASSED] - Thread.sleep(3000): null

2020-03-10 03:15:07 - [TEST_STEP][PASSED] - selenium.click("id=js-see-plans"): null

2020-03-10 03:15:07 - [TEST_STEP][PASSED] - for ([second = 0, second < 20, (second++)]): null

2020-03-10 03:15:07 - [TEST_STEP][PASSED] - try: null

2020-03-10 03:15:07 - [TEST_STEP][PASSED] - if (selenium.isElementPresent("id=name-input")): null

2020-03-10 03:15:08 - [TEST_STEP][PASSED] - Thread.sleep(1000): null

2020-03-10 03:15:09 - [TEST_STEP][PASSED] - try: null

2020-03-10 03:15:09 - [TEST_STEP][PASSED] - if (selenium.isElementPresent("id=name-input")): null

2020-03-10 03:15:09 - [TEST_STEP][PASSED] - break: null

2020-03-10 03:15:09 - [TEST_STEP][PASSED] - callTestCase(findTestCase("AHI/_include/get_screenshot"), [:], STOP_ON_FAILURE): Call Test Case 'Test Cases/AHI/_include/get_screenshot' successfully

2020-03-10 03:15:09 - [TEST_CASE][PASSED] - Test Cases/AHI/_include/get_screenshot: Test Cases/AHI/_include/get_screenshot

2020-03-10 03:15:09 - [TEST_STEP][PASSED] - Thread.sleep(1000): null

2020-03-10 03:15:10 - [TEST_STEP][PASSED] - takeScreenshot(screenPath + i + ".png"): Taking screenshot successfully

2020-03-10 03:15:11 - [MESSAGE][PASSED] - Taking screenshot successfully
[[ATTACHMENT|D:\\Test\\AgileTest\\Reports\\AHI\\ahi\\20200310_030928\\../Screenshots/iPhone X/AHI/Pet Insurance/20200310_031452/2.png]]

2020-03-10 03:15:11 - [TEST_STEP][PASSED] - (internal.GlobalVariable.i++): null

2020-03-10 03:15:11 - [MESSAGE][PASSED] - Call Test Case 'Test Cases/AHI/_include/get_screenshot' successfully

2020-03-10 03:15:11 - [TEST_STEP][PASSED] - setText(findTestObject("mobileSanity/Pet Insurance/name-input"), "Test cat"): Text 'Test cat' is set on object 'Object Repository/mobileSanity/Pet Insurance/name-input'

2020-03-10 03:15:11 - [MESSAGE][PASSED] - Text 'Test cat' is set on object 'Object Repository/mobileSanity/Pet Insurance/name-input'

2020-03-10 03:15:11 - [TEST_STEP][PASSED] - selenium.click("id=js-continue"): null

2020-03-10 03:15:11 - [TEST_STEP][PASSED] - for ([second = 0, second < 20, (second++)]): null

2020-03-10 03:15:11 - [TEST_STEP][PASSED] - try: null

2020-03-10 03:15:11 - [TEST_STEP][PASSED] - if (selenium.isElementPresent("xpath=//label[@for='p-cat']")): null

2020-03-10 03:15:11 - [TEST_STEP][PASSED] - Thread.sleep(1000): null

2020-03-10 03:15:12 - [TEST_STEP][PASSED] - try: null

2020-03-10 03:15:12 - [TEST_STEP][PASSED] - if (selenium.isElementPresent("xpath=//label[@for='p-cat']")): null

2020-03-10 03:15:12 - [TEST_STEP][PASSED] - break: null

2020-03-10 03:15:12 - [TEST_STEP][PASSED] - callTestCase(findTestCase("AHI/_include/get_screenshot"), [:], STOP_ON_FAILURE): Call Test Case 'Test Cases/AHI/_include/get_screenshot' successfully

2020-03-10 03:15:12 - [TEST_CASE][PASSED] - Test Cases/AHI/_include/get_screenshot: Test Cases/AHI/_include/get_screenshot

2020-03-10 03:15:12 - [TEST_STEP][PASSED] - Thread.sleep(1000): null

2020-03-10 03:15:13 - [TEST_STEP][PASSED] - takeScreenshot(screenPath + i + ".png"): Taking screenshot successfully

2020-03-10 03:15:14 - [MESSAGE][PASSED] - Taking screenshot successfully
[[ATTACHMENT|D:\\Test\\AgileTest\\Reports\\AHI\\ahi\\20200310_030928\\../Screenshots/iPhone X/AHI/Pet Insurance/20200310_031452/3.png]]

2020-03-10 03:15:14 - [TEST_STEP][PASSED] - (internal.GlobalVariable.i++): null

2020-03-10 03:15:14 - [MESSAGE][PASSED] - Call Test Case 'Test Cases/AHI/_include/get_screenshot' successfully

2020-03-10 03:15:14 - [TEST_STEP][PASSED] - selenium.click("//label[@for='p-cat']"): null

2020-03-10 03:15:14 - [TEST_STEP][PASSED] - for ([second = 0, second < 20, (second++)]): null

2020-03-10 03:15:14 - [TEST_STEP][PASSED] - try: null

2020-03-10 03:15:14 - [TEST_STEP][PASSED] - if (selenium.isElementPresent("id=dob-mm-input")): null

2020-03-10 03:15:14 - [TEST_STEP][PASSED] - Thread.sleep(1000): null

2020-03-10 03:15:15 - [TEST_STEP][PASSED] - try: null

2020-03-10 03:15:15 - [TEST_STEP][PASSED] - if (selenium.isElementPresent("id=dob-mm-input")): null

2020-03-10 03:15:15 - [TEST_STEP][PASSED] - break: null

2020-03-10 03:15:15 - [TEST_STEP][PASSED] - callTestCase(findTestCase("AHI/_include/get_screenshot"), [:], STOP_ON_FAILURE): Call Test Case 'Test Cases/AHI/_include/get_screenshot' successfully

2020-03-10 03:15:15 - [TEST_CASE][PASSED] - Test Cases/AHI/_include/get_screenshot: Test Cases/AHI/_include/get_screenshot

2020-03-10 03:15:15 - [TEST_STEP][PASSED] - Thread.sleep(1000): null

2020-03-10 03:15:16 - [TEST_STEP][PASSED] - takeScreenshot(screenPath + i + ".png"): Taking screenshot successfully

2020-03-10 03:15:17 - [MESSAGE][PASSED] - Taking screenshot successfully
[[ATTACHMENT|D:\\Test\\AgileTest\\Reports\\AHI\\ahi\\20200310_030928\\../Screenshots/iPhone X/AHI/Pet Insurance/20200310_031452/4.png]]

2020-03-10 03:15:17 - [TEST_STEP][PASSED] - (internal.GlobalVariable.i++): null

2020-03-10 03:15:17 - [MESSAGE][PASSED] - Call Test Case 'Test Cases/AHI/_include/get_screenshot' successfully

2020-03-10 03:15:17 - [TEST_STEP][PASSED] - setText(findTestObject("mobileSanity/Pet Insurance/dob-mm-input"), "01"): Text '01' is set on object 'Object Repository/mobileSanity/Pet Insurance/dob-mm-input'

2020-03-10 03:15:17 - [MESSAGE][PASSED] - Text '01' is set on object 'Object Repository/mobileSanity/Pet Insurance/dob-mm-input'

2020-03-10 03:15:17 - [TEST_STEP][PASSED] - setText(findTestObject("mobileSanity/Pet Insurance/dob-dd-input"), "01"): Text '01' is set on object 'Object Repository/mobileSanity/Pet Insurance/dob-dd-input'

2020-03-10 03:15:17 - [MESSAGE][PASSED] - Text '01' is set on object 'Object Repository/mobileSanity/Pet Insurance/dob-dd-input'

2020-03-10 03:15:17 - [TEST_STEP][PASSED] - setText(findTestObject("mobileSanity/Pet Insurance/dob-yyyy-input"), "2016"): Text '2016' is set on object 'Object Repository/mobileSanity/Pet Insurance/dob-yyyy-input'

2020-03-10 03:15:17 - [MESSAGE][PASSED] - Text '2016' is set on object 'Object Repository/mobileSanity/Pet Insurance/dob-yyyy-input'

2020-03-10 03:15:17 - [TEST_STEP][PASSED] - for ([second = 0, second < 20, (second++)]): null

2020-03-10 03:15:17 - [TEST_STEP][PASSED] - try: null

2020-03-10 03:15:17 - [TEST_STEP][PASSED] - if (selenium.isElementPresent("xpath=//label[@for='p-no']")): null

2020-03-10 03:15:17 - [TEST_STEP][PASSED] - Thread.sleep(1000): null

2020-03-10 03:15:18 - [TEST_STEP][PASSED] - try: null

2020-03-10 03:15:18 - [TEST_STEP][PASSED] - if (selenium.isElementPresent("xpath=//label[@for='p-no']")): null

2020-03-10 03:15:18 - [TEST_STEP][PASSED] - break: null

2020-03-10 03:15:18 - [TEST_STEP][PASSED] - callTestCase(findTestCase("AHI/_include/get_screenshot"), [:], STOP_ON_FAILURE): Call Test Case 'Test Cases/AHI/_include/get_screenshot' successfully

2020-03-10 03:15:19 - [TEST_CASE][PASSED] - Test Cases/AHI/_include/get_screenshot: Test Cases/AHI/_include/get_screenshot

2020-03-10 03:15:19 - [TEST_STEP][PASSED] - Thread.sleep(1000): null

2020-03-10 03:15:20 - [TEST_STEP][PASSED] - takeScreenshot(screenPath + i + ".png"): Taking screenshot successfully

2020-03-10 03:15:20 - [MESSAGE][PASSED] - Taking screenshot successfully
[[ATTACHMENT|D:\\Test\\AgileTest\\Reports\\AHI\\ahi\\20200310_030928\\../Screenshots/iPhone X/AHI/Pet Insurance/20200310_031452/5.png]]

2020-03-10 03:15:20 - [TEST_STEP][PASSED] - (internal.GlobalVariable.i++): null

2020-03-10 03:15:20 - [MESSAGE][PASSED] - Call Test Case 'Test Cases/AHI/_include/get_screenshot' successfully

2020-03-10 03:15:20 - [TEST_STEP][PASSED] - selenium.click("//label[@for='p-no']"): null

2020-03-10 03:15:20 - [TEST_STEP][PASSED] - for ([second = 0, second < 20, (second++)]): null

2020-03-10 03:15:20 - [TEST_STEP][PASSED] - try: null

2020-03-10 03:15:20 - [TEST_STEP][PASSED] - if (selenium.isElementPresent("id=applyCta")): null

2020-03-10 03:15:22 - [TEST_STEP][PASSED] - break: null

2020-03-10 03:15:22 - [TEST_STEP][PASSED] - callTestCase(findTestCase("AHI/_include/get_screenshot"), [:], STOP_ON_FAILURE): Call Test Case 'Test Cases/AHI/_include/get_screenshot' successfully

2020-03-10 03:15:22 - [TEST_CASE][PASSED] - Test Cases/AHI/_include/get_screenshot: Test Cases/AHI/_include/get_screenshot

2020-03-10 03:15:22 - [TEST_STEP][PASSED] - Thread.sleep(1000): null

2020-03-10 03:15:23 - [TEST_STEP][PASSED] - takeScreenshot(screenPath + i + ".png"): Taking screenshot successfully

2020-03-10 03:15:23 - [MESSAGE][PASSED] - Taking screenshot successfully
[[ATTACHMENT|D:\\Test\\AgileTest\\Reports\\AHI\\ahi\\20200310_030928\\../Screenshots/iPhone X/AHI/Pet Insurance/20200310_031452/6.png]]

2020-03-10 03:15:23 - [TEST_STEP][PASSED] - (internal.GlobalVariable.i++): null

2020-03-10 03:15:23 - [MESSAGE][PASSED] - Call Test Case 'Test Cases/AHI/_include/get_screenshot' successfully

2020-03-10 03:15:23 - [TEST_STEP][PASSED] - selenium.click("id=applyCta"): null

2020-03-10 03:15:24 - [TEST_STEP][PASSED] - for ([second = 0, second < 20, (second++)]): null

2020-03-10 03:15:24 - [TEST_STEP][PASSED] - try: null

2020-03-10 03:15:24 - [TEST_STEP][PASSED] - if (selenium.isElementPresent("id=member-P-1-firstName")): null

2020-03-10 03:15:25 - [TEST_STEP][PASSED] - break: null

2020-03-10 03:15:25 - [TEST_STEP][PASSED] - callTestCase(findTestCase("AHI/_include/get_screenshot"), [:], STOP_ON_FAILURE): Call Test Case 'Test Cases/AHI/_include/get_screenshot' successfully

2020-03-10 03:15:25 - [TEST_CASE][PASSED] - Test Cases/AHI/_include/get_screenshot: Test Cases/AHI/_include/get_screenshot

2020-03-10 03:15:25 - [TEST_STEP][PASSED] - Thread.sleep(1000): null

2020-03-10 03:15:26 - [TEST_STEP][PASSED] - takeScreenshot(screenPath + i + ".png"): Taking screenshot successfully

2020-03-10 03:15:27 - [MESSAGE][PASSED] - Taking screenshot successfully
[[ATTACHMENT|D:\\Test\\AgileTest\\Reports\\AHI\\ahi\\20200310_030928\\../Screenshots/iPhone X/AHI/Pet Insurance/20200310_031452/7.png]]

2020-03-10 03:15:27 - [TEST_STEP][PASSED] - (internal.GlobalVariable.i++): null

2020-03-10 03:15:27 - [MESSAGE][PASSED] - Call Test Case 'Test Cases/AHI/_include/get_screenshot' successfully

2020-03-10 03:15:27 - [TEST_STEP][PASSED] - callTestCase(findTestCase("AHI/_include/name"), [:], STOP_ON_FAILURE): Call Test Case 'Test Cases/AHI/_include/name' successfully

2020-03-10 03:15:27 - [TEST_CASE][PASSED] - Test Cases/AHI/_include/name: Test Cases/AHI/_include/name

2020-03-10 03:15:27 - [TEST_STEP][PASSED] - driver = getWebDriver(): null

2020-03-10 03:15:27 - [TEST_STEP][PASSED] - selenium = new com.thoughtworks.selenium.webdriven.WebDriverBackedSelenium(driver, internal.GlobalVariable.ENV): null

2020-03-10 03:15:27 - [TEST_STEP][PASSED] - FirstName = "Test-123": null

2020-03-10 03:15:27 - [TEST_STEP][PASSED] - LastName = selenium.getEval("{var x="ABCDEFGHIJKLMNOPQRSTUVWXYZabcdefghijklmnopqrstuvwxyz"; var tmp="ZZ11-"; for (i=0;i<8;i++) tmp+=x.charAt(Math.ceil(51*Math.random()));tmp;}"): null

2020-03-10 03:15:27 - [TEST_STEP][PASSED] - Address = selenium.getEval("{var x="ABCDEFGHIJKLMNOPQRSTUVWXYZabcdefghijklmnopqrstuvwxyz"; var tmp=""; for (i=0;i<8;i++) tmp+=x.charAt(Math.ceil(51*Math.random()));tmp;}"): null

2020-03-10 03:15:27 - [TEST_STEP][PASSED] - City = selenium.getEval("{var x="ABCDEFGHIJKLMNOPQRSTUVWXYZabcdefghijklmnopqrstuvwxyz"; var tmp=""; for (i=0;i<8;i++) tmp+=x.charAt(Math.ceil(51*Math.random()));tmp;}"): null

2020-03-10 03:15:27 - [TEST_STEP][PASSED] - tel1 = selenium.getEval("{var x="123456789"; var tmp=""; for (i=0;i<3;i++) tmp+=x.charAt(Math.ceil(8*Math.random()));tmp;}"): null

2020-03-10 03:15:27 - [TEST_STEP][PASSED] - tel2 = selenium.getEval("{var x="123456789"; var tmp=""; for (i=0;i<3;i++) tmp+=x.charAt(Math.ceil(8*Math.random()));tmp;}"): null

2020-03-10 03:15:27 - [TEST_STEP][PASSED] - tel3 = selenium.getEval("{var x="123456789"; var tmp=""; for (i=0;i<4;i++) tmp+=x.charAt(Math.ceil(8*Math.random()));tmp;}"): null

2020-03-10 03:15:27 - [TEST_STEP][PASSED] - Tel = selenium.getExpression(tel1 + "-" + tel2 + "-" + tel3): null

2020-03-10 03:15:27 - [TEST_STEP][PASSED] - AutoEmail = selenium.getEval("{var x="ABCDEFGHIJKLMNOPQRSTUVWXYZabcdefghijklmnopqrstuvwxyz"; var tmp="test."; for (i=0;i<8;i++) tmp+=x.charAt(Math.ceil(51*Math.random()));tmp+="@suryani.cn";}"): null

2020-03-10 03:15:27 - [TEST_STEP][PASSED] - FirstName = FirstName: null

2020-03-10 03:15:27 - [TEST_STEP][PASSED] - LastName = LastName: null

2020-03-10 03:15:27 - [TEST_STEP][PASSED] - Address = Address: null

2020-03-10 03:15:27 - [TEST_STEP][PASSED] - City = City: null

2020-03-10 03:15:27 - [TEST_STEP][PASSED] - Tel = Tel: null

2020-03-10 03:15:27 - [TEST_STEP][PASSED] - AutoEmail = AutoEmail: null

2020-03-10 03:15:27 - [TEST_STEP][PASSED] - println(FirstName): null

2020-03-10 03:15:27 - [TEST_STEP][PASSED] - println(LastName): null

2020-03-10 03:15:27 - [TEST_STEP][PASSED] - println(Address): null

2020-03-10 03:15:27 - [TEST_STEP][PASSED] - println(City): null

2020-03-10 03:15:27 - [TEST_STEP][PASSED] - println(Tel): null

2020-03-10 03:15:27 - [TEST_STEP][PASSED] - println(AutoEmail): null

2020-03-10 03:15:27 - [MESSAGE][PASSED] - Call Test Case 'Test Cases/AHI/_include/name' successfully

2020-03-10 03:15:27 - [TEST_STEP][PASSED] - selenium.type("id=member-P-1-firstName", FirstName): null

2020-03-10 03:15:27 - [TEST_STEP][PASSED] - selenium.type("id=member-P-1-lastName", LastName): null

2020-03-10 03:15:27 - [TEST_STEP][PASSED] - selenium.type("id=address", Address): null

2020-03-10 03:15:27 - [TEST_STEP][PASSED] - selenium.type("id=city", City): null

2020-03-10 03:15:27 - [TEST_STEP][PASSED] - selenium.type("id=email", AutoEmail): null

2020-03-10 03:15:28 - [TEST_STEP][PASSED] - selenium.type("id=primaryPhone", Tel): null

2020-03-10 03:15:28 - [TEST_STEP][PASSED] - selenium.click("id=pet-veterinary-clinic-flag"): null

2020-03-10 03:15:28 - [TEST_STEP][PASSED] - Thread.sleep(2000): null

2020-03-10 03:15:30 - [TEST_STEP][PASSED] - selenium.click("id=js-app-continue-link"): null

2020-03-10 03:15:30 - [TEST_STEP][PASSED] - for ([second = 0, second < 20, (second++)]): null

2020-03-10 03:15:30 - [TEST_STEP][PASSED] - try: null

2020-03-10 03:15:30 - [TEST_STEP][PASSED] - if (selenium.isElementPresent("id=credit-card-number")): null

2020-03-10 03:15:31 - [TEST_STEP][PASSED] - break: null

2020-03-10 03:15:31 - [TEST_STEP][PASSED] - callTestCase(findTestCase("AHI/_include/get_screenshot"), [:], STOP_ON_FAILURE): Call Test Case 'Test Cases/AHI/_include/get_screenshot' successfully

2020-03-10 03:15:31 - [TEST_CASE][PASSED] - Test Cases/AHI/_include/get_screenshot: Test Cases/AHI/_include/get_screenshot

2020-03-10 03:15:31 - [TEST_STEP][PASSED] - Thread.sleep(1000): null

2020-03-10 03:15:32 - [TEST_STEP][PASSED] - takeScreenshot(screenPath + i + ".png"): Taking screenshot successfully

2020-03-10 03:15:32 - [MESSAGE][PASSED] - Taking screenshot successfully
[[ATTACHMENT|D:\\Test\\AgileTest\\Reports\\AHI\\ahi\\20200310_030928\\../Screenshots/iPhone X/AHI/Pet Insurance/20200310_031452/8.png]]

2020-03-10 03:15:32 - [TEST_STEP][PASSED] - (internal.GlobalVariable.i++): null

2020-03-10 03:15:32 - [MESSAGE][PASSED] - Call Test Case 'Test Cases/AHI/_include/get_screenshot' successfully

2020-03-10 03:15:32 - [TEST_STEP][PASSED] - selenium.type("id=credit-card-number", "4111111111111111"): null

2020-03-10 03:15:33 - [TEST_STEP][PASSED] - selenium.type("id=credit-card-first", "test"): null

2020-03-10 03:15:33 - [TEST_STEP][PASSED] - selenium.type("id=credit-card-last", "test"): null

2020-03-10 03:15:33 - [TEST_STEP][PASSED] - selenium.select("id=expiration-month", "12"): null

2020-03-10 03:15:33 - [TEST_STEP][PASSED] - selenium.select("id=expiration-year", "2026"): null

2020-03-10 03:15:33 - [TEST_STEP][PASSED] - selenium.type("id=credit-card-cvv", "123"): null

2020-03-10 03:15:33 - [TEST_STEP][PASSED] - selenium.type("id=credit-card-number", "4111111111111111"): null

2020-03-10 03:15:34 - [TEST_STEP][PASSED] - selenium.click("id=js-same-billing"): null

2020-03-10 03:15:34 - [TEST_STEP][PASSED] - selenium.click("id=credit-payment-authorization"): null

2020-03-10 03:15:34 - [TEST_STEP][PASSED] - selenium.click("id=js-app-continue-link"): null

2020-03-10 03:15:34 - [TEST_STEP][PASSED] - for ([second = 0, second < 20, (second++)]): null

2020-03-10 03:15:34 - [TEST_STEP][PASSED] - try: null

2020-03-10 03:15:34 - [TEST_STEP][PASSED] - if (selenium.isElementPresent("id=consent-checkbox-0")): null

2020-03-10 03:15:34 - [TEST_STEP][PASSED] - Thread.sleep(1000): null

2020-03-10 03:15:35 - [TEST_STEP][PASSED] - try: null

2020-03-10 03:15:35 - [TEST_STEP][PASSED] - if (selenium.isElementPresent("id=consent-checkbox-0")): null

2020-03-10 03:15:35 - [TEST_STEP][PASSED] - Thread.sleep(1000): null

2020-03-10 03:15:36 - [TEST_STEP][PASSED] - try: null

2020-03-10 03:15:36 - [TEST_STEP][PASSED] - if (selenium.isElementPresent("id=consent-checkbox-0")): null

2020-03-10 03:15:36 - [TEST_STEP][PASSED] - break: null

2020-03-10 03:15:36 - [TEST_STEP][PASSED] - callTestCase(findTestCase("AHI/_include/get_screenshot"), [:], STOP_ON_FAILURE): Call Test Case 'Test Cases/AHI/_include/get_screenshot' successfully

2020-03-10 03:15:36 - [TEST_CASE][PASSED] - Test Cases/AHI/_include/get_screenshot: Test Cases/AHI/_include/get_screenshot

2020-03-10 03:15:36 - [TEST_STEP][PASSED] - Thread.sleep(1000): null

2020-03-10 03:15:37 - [TEST_STEP][PASSED] - takeScreenshot(screenPath + i + ".png"): Taking screenshot successfully

2020-03-10 03:15:38 - [MESSAGE][PASSED] - Taking screenshot successfully
[[ATTACHMENT|D:\\Test\\AgileTest\\Reports\\AHI\\ahi\\20200310_030928\\../Screenshots/iPhone X/AHI/Pet Insurance/20200310_031452/9.png]]

2020-03-10 03:15:38 - [TEST_STEP][PASSED] - (internal.GlobalVariable.i++): null

2020-03-10 03:15:38 - [MESSAGE][PASSED] - Call Test Case 'Test Cases/AHI/_include/get_screenshot' successfully

2020-03-10 03:15:38 - [TEST_STEP][PASSED] - selenium.click("id=consent-checkbox-0"): null

2020-03-10 03:15:38 - [TEST_STEP][PASSED] - selenium.click("id=consent-checkbox-1"): null

2020-03-10 03:15:38 - [TEST_STEP][PASSED] - selenium.click("id=consent-checkbox-2"): null

2020-03-10 03:15:39 - [TEST_STEP][PASSED] - selenium.click("id=consent-checkbox-3"): null

2020-03-10 03:15:39 - [TEST_STEP][PASSED] - selenium.click("id=js-signature-tab"): null

2020-03-10 03:15:40 - [TEST_STEP][PASSED] - selenium.click("id=js-app-continue-link"): null

2020-03-10 03:15:40 - [TEST_STEP][PASSED] - for ([second = 0, second < 30, (second++)]): null

2020-03-10 03:15:40 - [TEST_STEP][PASSED] - try: null

2020-03-10 03:15:40 - [TEST_STEP][PASSED] - if (selenium.isElementPresent("xpath=//h2[contains(text(),'Thank You')]")): null

2020-03-10 03:15:40 - [TEST_STEP][PASSED] - Thread.sleep(1000): null

2020-03-10 03:15:41 - [TEST_STEP][PASSED] - try: null

2020-03-10 03:15:41 - [TEST_STEP][PASSED] - if (selenium.isElementPresent("xpath=//h2[contains(text(),'Thank You')]")): null

2020-03-10 03:15:42 - [TEST_STEP][PASSED] - Thread.sleep(1000): null

2020-03-10 03:15:43 - [TEST_STEP][PASSED] - try: null

2020-03-10 03:15:43 - [TEST_STEP][PASSED] - if (selenium.isElementPresent("xpath=//h2[contains(text(),'Thank You')]")): null

2020-03-10 03:15:43 - [TEST_STEP][PASSED] - Thread.sleep(1000): null

2020-03-10 03:15:44 - [TEST_STEP][PASSED] - try: null

2020-03-10 03:15:44 - [TEST_STEP][PASSED] - if (selenium.isElementPresent("xpath=//h2[contains(text(),'Thank You')]")): null

2020-03-10 03:15:44 - [TEST_STEP][PASSED] - Thread.sleep(1000): null

2020-03-10 03:15:45 - [TEST_STEP][PASSED] - try: null

2020-03-10 03:15:45 - [TEST_STEP][PASSED] - if (selenium.isElementPresent("xpath=//h2[contains(text(),'Thank You')]")): null

2020-03-10 03:15:45 - [TEST_STEP][PASSED] - Thread.sleep(1000): null

2020-03-10 03:15:46 - [TEST_STEP][PASSED] - try: null

2020-03-10 03:15:46 - [TEST_STEP][PASSED] - if (selenium.isElementPresent("xpath=//h2[contains(text(),'Thank You')]")): null

2020-03-10 03:15:46 - [TEST_STEP][PASSED] - Thread.sleep(1000): null

2020-03-10 03:15:47 - [TEST_STEP][PASSED] - try: null

2020-03-10 03:15:47 - [TEST_STEP][PASSED] - if (selenium.isElementPresent("xpath=//h2[contains(text(),'Thank You')]")): null

2020-03-10 03:15:47 - [TEST_STEP][PASSED] - Thread.sleep(1000): null

2020-03-10 03:15:48 - [TEST_STEP][PASSED] - try: null

2020-03-10 03:15:48 - [TEST_STEP][PASSED] - if (selenium.isElementPresent("xpath=//h2[contains(text(),'Thank You')]")): null

2020-03-10 03:15:48 - [TEST_STEP][PASSED] - Thread.sleep(1000): null

2020-03-10 03:15:49 - [TEST_STEP][PASSED] - try: null

2020-03-10 03:15:49 - [TEST_STEP][PASSED] - if (selenium.isElementPresent("xpath=//h2[contains(text(),'Thank You')]")): null

2020-03-10 03:15:49 - [TEST_STEP][PASSED] - Thread.sleep(1000): null

2020-03-10 03:15:50 - [TEST_STEP][PASSED] - try: null

2020-03-10 03:15:50 - [TEST_STEP][PASSED] - if (selenium.isElementPresent("xpath=//h2[contains(text(),'Thank You')]")): null

2020-03-10 03:15:50 - [TEST_STEP][PASSED] - Thread.sleep(1000): null

2020-03-10 03:15:51 - [TEST_STEP][PASSED] - try: null

2020-03-10 03:15:51 - [TEST_STEP][PASSED] - if (selenium.isElementPresent("xpath=//h2[contains(text(),'Thank You')]")): null

2020-03-10 03:15:51 - [TEST_STEP][PASSED] - Thread.sleep(1000): null

2020-03-10 03:15:52 - [TEST_STEP][PASSED] - try: null

2020-03-10 03:15:52 - [TEST_STEP][PASSED] - if (selenium.isElementPresent("xpath=//h2[contains(text(),'Thank You')]")): null

2020-03-10 03:15:52 - [TEST_STEP][PASSED] - Thread.sleep(1000): null

2020-03-10 03:15:53 - [TEST_STEP][PASSED] - try: null

2020-03-10 03:15:53 - [TEST_STEP][PASSED] - if (selenium.isElementPresent("xpath=//h2[contains(text(),'Thank You')]")): null

2020-03-10 03:15:53 - [TEST_STEP][PASSED] - Thread.sleep(1000): null

2020-03-10 03:15:54 - [TEST_STEP][PASSED] - try: null

2020-03-10 03:15:54 - [TEST_STEP][PASSED] - if (selenium.isElementPresent("xpath=//h2[contains(text(),'Thank You')]")): null

2020-03-10 03:15:54 - [TEST_STEP][PASSED] - Thread.sleep(1000): null

2020-03-10 03:15:55 - [TEST_STEP][PASSED] - try: null

2020-03-10 03:15:55 - [TEST_STEP][PASSED] - if (selenium.isElementPresent("xpath=//h2[contains(text(),'Thank You')]")): null

2020-03-10 03:15:55 - [TEST_STEP][PASSED] - Thread.sleep(1000): null

2020-03-10 03:15:56 - [TEST_STEP][PASSED] - try: null

2020-03-10 03:15:56 - [TEST_STEP][PASSED] - if (selenium.isElementPresent("xpath=//h2[contains(text(),'Thank You')]")): null

2020-03-10 03:15:56 - [TEST_STEP][PASSED] - Thread.sleep(1000): null

2020-03-10 03:15:57 - [TEST_STEP][PASSED] - try: null

2020-03-10 03:15:57 - [TEST_STEP][PASSED] - if (selenium.isElementPresent("xpath=//h2[contains(text(),'Thank You')]")): null

2020-03-10 03:15:57 - [TEST_STEP][PASSED] - Thread.sleep(1000): null

2020-03-10 03:15:58 - [TEST_STEP][PASSED] - try: null

2020-03-10 03:15:58 - [TEST_STEP][PASSED] - if (selenium.isElementPresent("xpath=//h2[contains(text(),'Thank You')]")): null

2020-03-10 03:15:58 - [TEST_STEP][PASSED] - Thread.sleep(1000): null

2020-03-10 03:15:59 - [TEST_STEP][PASSED] - try: null

2020-03-10 03:15:59 - [TEST_STEP][PASSED] - if (selenium.isElementPresent("xpath=//h2[contains(text(),'Thank You')]")): null

2020-03-10 03:15:59 - [TEST_STEP][PASSED] - Thread.sleep(1000): null

2020-03-10 03:16:00 - [TEST_STEP][PASSED] - try: null

2020-03-10 03:16:00 - [TEST_STEP][PASSED] - if (selenium.isElementPresent("xpath=//h2[contains(text(),'Thank You')]")): null

2020-03-10 03:16:01 - [TEST_STEP][PASSED] - Thread.sleep(1000): null

2020-03-10 03:16:02 - [TEST_STEP][PASSED] - try: null

2020-03-10 03:16:02 - [TEST_STEP][PASSED] - if (selenium.isElementPresent("xpath=//h2[contains(text(),'Thank You')]")): null

2020-03-10 03:16:02 - [TEST_STEP][PASSED] - Thread.sleep(1000): null

2020-03-10 03:16:03 - [TEST_STEP][PASSED] - try: null

2020-03-10 03:16:03 - [TEST_STEP][PASSED] - if (selenium.isElementPresent("xpath=//h2[contains(text(),'Thank You')]")): null

2020-03-10 03:16:03 - [TEST_STEP][PASSED] - Thread.sleep(1000): null

2020-03-10 03:16:04 - [TEST_STEP][PASSED] - try: null

2020-03-10 03:16:04 - [TEST_STEP][PASSED] - if (selenium.isElementPresent("xpath=//h2[contains(text(),'Thank You')]")): null

2020-03-10 03:16:04 - [TEST_STEP][PASSED] - Thread.sleep(1000): null

2020-03-10 03:16:05 - [TEST_STEP][PASSED] - try: null

2020-03-10 03:16:05 - [TEST_STEP][PASSED] - if (selenium.isElementPresent("xpath=//h2[contains(text(),'Thank You')]")): null

2020-03-10 03:16:05 - [TEST_STEP][PASSED] - Thread.sleep(1000): null

2020-03-10 03:16:06 - [TEST_STEP][PASSED] - try: null

2020-03-10 03:16:06 - [TEST_STEP][PASSED] - if (selenium.isElementPresent("xpath=//h2[contains(text(),'Thank You')]")): null

2020-03-10 03:16:06 - [TEST_STEP][PASSED] - Thread.sleep(1000): null

2020-03-10 03:16:07 - [TEST_STEP][PASSED] - try: null

2020-03-10 03:16:07 - [TEST_STEP][PASSED] - if (selenium.isElementPresent("xpath=//h2[contains(text(),'Thank You')]")): null

2020-03-10 03:16:07 - [TEST_STEP][PASSED] - Thread.sleep(1000): null

2020-03-10 03:16:08 - [TEST_STEP][PASSED] - try: null

2020-03-10 03:16:08 - [TEST_STEP][PASSED] - if (selenium.isElementPresent("xpath=//h2[contains(text(),'Thank You')]")): null

2020-03-10 03:16:08 - [TEST_STEP][PASSED] - Thread.sleep(1000): null

2020-03-10 03:16:09 - [TEST_STEP][PASSED] - try: null

2020-03-10 03:16:09 - [TEST_STEP][PASSED] - if (selenium.isElementPresent("xpath=//h2[contains(text(),'Thank You')]")): null

2020-03-10 03:16:09 - [TEST_STEP][PASSED] - Thread.sleep(1000): null

2020-03-10 03:16:10 - [TEST_STEP][PASSED] - try: null

2020-03-10 03:16:10 - [TEST_STEP][PASSED] - if (selenium.isElementPresent("xpath=//h2[contains(text(),'Thank You')]")): null

2020-03-10 03:16:10 - [TEST_STEP][PASSED] - Thread.sleep(1000): null

2020-03-10 03:16:11 - [TEST_STEP][PASSED] - try: null

2020-03-10 03:16:11 - [TEST_STEP][PASSED] - if (selenium.isElementPresent("xpath=//h2[contains(text(),'Thank You')]")): null

2020-03-10 03:16:11 - [TEST_STEP][PASSED] - Thread.sleep(1000): null

2020-03-10 03:16:12 - [TEST_STEP][PASSED] - callTestCase(findTestCase("AHI/_include/get_screenshot"), [:], STOP_ON_FAILURE): Call Test Case 'Test Cases/AHI/_include/get_screenshot' successfully

2020-03-10 03:16:12 - [TEST_CASE][PASSED] - Test Cases/AHI/_include/get_screenshot: Test Cases/AHI/_include/get_screenshot

2020-03-10 03:16:12 - [TEST_STEP][PASSED] - Thread.sleep(1000): null

2020-03-10 03:16:13 - [TEST_STEP][PASSED] - takeScreenshot(screenPath + i + ".png"): Taking screenshot successfully

2020-03-10 03:16:14 - [MESSAGE][PASSED] - Taking screenshot successfully
[[ATTACHMENT|D:\\Test\\AgileTest\\Reports\\AHI\\ahi\\20200310_030928\\../Screenshots/iPhone X/AHI/Pet Insurance/20200310_031452/10.png]]

2020-03-10 03:16:14 - [TEST_STEP][PASSED] - (internal.GlobalVariable.i++): null

2020-03-10 03:16:14 - [MESSAGE][PASSED] - Call Test Case 'Test Cases/AHI/_include/get_screenshot' successfully]]></system-out>
         <system-err><![CDATA[]]></system-err>
      </testcase>
      <testcase name="Test Cases/AHI/NEW/STM" classname="Test Cases/AHI/NEW/STM" status="PASSED">
         <system-out><![CDATA[2020-03-10 03:16:14 - [TEST_CASE][PASSED] - Test Cases/AHI/NEW/STM: Test Cases/AHI/NEW/STM

2020-03-10 03:16:14 - [TEST_STEP][PASSED] - callTestCase(findTestCase("AHI/_include/get_screenPath"), ["productLine":"AHI", "carrierName":"STM"], CONTINUE_ON_FAILURE): Call Test Case 'Test Cases/AHI/_include/get_screenPath' successfully

2020-03-10 03:16:15 - [TEST_CASE][PASSED] - Test Cases/AHI/_include/get_screenPath: Test Cases/AHI/_include/get_screenPath

2020-03-10 03:16:15 - [TEST_STEP][PASSED] - m = getExecutionProperties(): null

2020-03-10 03:16:15 - [TEST_STEP][PASSED] - deviceName = get("mobileEmulation").get("deviceName"): null

2020-03-10 03:16:15 - [TEST_STEP][PASSED] - println(deviceName): null

2020-03-10 03:16:15 - [TEST_STEP][PASSED] - now = new java.util.Date(): null

2020-03-10 03:16:15 - [TEST_STEP][PASSED] - mydate = now.format("yyyyMMdd_HHmmss"): null

2020-03-10 03:16:15 - [TEST_STEP][PASSED] - screenPath = "../Screenshots/": null

2020-03-10 03:16:15 - [TEST_STEP][PASSED] - screenPath = screenPath + deviceName + "/" + productLine + "/" + carrierName + "/" + mydate + "/": null

2020-03-10 03:16:15 - [TEST_STEP][PASSED] - println(screenPath): null

2020-03-10 03:16:15 - [MESSAGE][PASSED] - Call Test Case 'Test Cases/AHI/_include/get_screenPath' successfully

2020-03-10 03:16:15 - [TEST_STEP][PASSED] - i = 0: null

2020-03-10 03:16:15 - [TEST_STEP][PASSED] - callTestCase(findTestCase("AHI/_include/openWebSite"), [:], CONTINUE_ON_FAILURE): Call Test Case 'Test Cases/AHI/_include/openWebSite' successfully

2020-03-10 03:16:15 - [TEST_CASE][PASSED] - Test Cases/AHI/_include/openWebSite: Test Cases/AHI/_include/openWebSite

2020-03-10 03:16:15 - [TEST_STEP][PASSED] - openBrowser(env): Browser is opened with url: 'https://praetemptatus.agilehealthinsurance.com'

2020-03-10 03:16:15 - [MESSAGE][WARNING] - A browser is already opened. Closing browser and opening a new one

2020-03-10 03:16:16 - [MESSAGE][INFO] - Starting 'Chrome' driver

2020-03-10 03:16:16 - [MESSAGE][INFO] - User set preference: ['mobileEmulation', '{deviceName=iPhone X}']

2020-03-10 03:16:16 - [MESSAGE][INFO] - User set preference: ['args', '[--incognito, --aggressive-cache-discard, --no-sandbox, --window-size=375,812, --ignore-certificate-errors]']

2020-03-10 03:16:19 - [MESSAGE][PASSED] - Browser is opened with url: 'https://praetemptatus.agilehealthinsurance.com'

2020-03-10 03:16:19 - [TEST_STEP][PASSED] - waitForPageLoad(20): Wait for page load successfully

2020-03-10 03:16:20 - [MESSAGE][PASSED] - Wait for page load successfully

2020-03-10 03:16:20 - [TEST_STEP][PASSED] - callTestCase(findTestCase("AHI/_include/get_screenshot"), [:], STOP_ON_FAILURE): Call Test Case 'Test Cases/AHI/_include/get_screenshot' successfully

2020-03-10 03:16:20 - [TEST_CASE][PASSED] - Test Cases/AHI/_include/get_screenshot: Test Cases/AHI/_include/get_screenshot

2020-03-10 03:16:20 - [TEST_STEP][PASSED] - Thread.sleep(1000): null

2020-03-10 03:16:21 - [TEST_STEP][PASSED] - takeScreenshot(screenPath + i + ".png"): Taking screenshot successfully

2020-03-10 03:16:22 - [MESSAGE][PASSED] - Taking screenshot successfully
[[ATTACHMENT|D:\\Test\\AgileTest\\Reports\\AHI\\ahi\\20200310_030928\\../Screenshots/iPhone X/AHI/STM/20200310_031615/0.png]]

2020-03-10 03:16:22 - [TEST_STEP][PASSED] - (internal.GlobalVariable.i++): null

2020-03-10 03:16:22 - [MESSAGE][PASSED] - Call Test Case 'Test Cases/AHI/_include/get_screenshot' successfully

2020-03-10 03:16:22 - [MESSAGE][PASSED] - Call Test Case 'Test Cases/AHI/_include/openWebSite' successfully

2020-03-10 03:16:22 - [TEST_STEP][PASSED] - driver = getWebDriver(): null

2020-03-10 03:16:22 - [TEST_STEP][PASSED] - baseUrl = ENV: null

2020-03-10 03:16:22 - [TEST_STEP][PASSED] - selenium = new com.thoughtworks.selenium.webdriven.WebDriverBackedSelenium(driver, baseUrl): null

2020-03-10 03:16:22 - [TEST_STEP][PASSED] - selenium.click("//*[@class='filter-option-inner-inner']"): null

2020-03-10 03:16:22 - [TEST_STEP][PASSED] - selenium.click("id=bs-select-1-6"): null

2020-03-10 03:16:23 - [TEST_STEP][PASSED] - selenium.click("id=primaryCTA"): null

2020-03-10 03:16:24 - [TEST_STEP][PASSED] - for ([second = 0, second < 10, (second++)]): null

2020-03-10 03:16:24 - [TEST_STEP][PASSED] - try: null

2020-03-10 03:16:24 - [TEST_STEP][PASSED] - if (selenium.isElementPresent("id=js-traffic-to-aiq")): null

2020-03-10 03:16:24 - [TEST_STEP][PASSED] - break: null

2020-03-10 03:16:24 - [TEST_STEP][PASSED] - callTestCase(findTestCase("AHI/_include/get_screenshot"), [:], STOP_ON_FAILURE): Call Test Case 'Test Cases/AHI/_include/get_screenshot' successfully

2020-03-10 03:16:24 - [TEST_CASE][PASSED] - Test Cases/AHI/_include/get_screenshot: Test Cases/AHI/_include/get_screenshot

2020-03-10 03:16:24 - [TEST_STEP][PASSED] - Thread.sleep(1000): null

2020-03-10 03:16:25 - [TEST_STEP][PASSED] - takeScreenshot(screenPath + i + ".png"): Taking screenshot successfully

2020-03-10 03:16:26 - [MESSAGE][PASSED] - Taking screenshot successfully
[[ATTACHMENT|D:\\Test\\AgileTest\\Reports\\AHI\\ahi\\20200310_030928\\../Screenshots/iPhone X/AHI/STM/20200310_031615/1.png]]

2020-03-10 03:16:26 - [TEST_STEP][PASSED] - (internal.GlobalVariable.i++): null

2020-03-10 03:16:26 - [MESSAGE][PASSED] - Call Test Case 'Test Cases/AHI/_include/get_screenshot' successfully

2020-03-10 03:16:26 - [TEST_STEP][PASSED] - url = selenium.getAttribute("xpath=(//a[@id='js-traffic-to-aiq'])@href"): null

2020-03-10 03:16:26 - [TEST_STEP][PASSED] - navigateToUrl(url): Navigate to 'https://healthinsurance.net/health' successfully

2020-03-10 03:16:30 - [MESSAGE][PASSED] - Navigate to 'https://healthinsurance.net/health' successfully

2020-03-10 03:16:30 - [TEST_STEP][PASSED] - waitForPageLoad(10): Wait for page load successfully

2020-03-10 03:16:30 - [MESSAGE][PASSED] - Wait for page load successfully

2020-03-10 03:16:30 - [TEST_STEP][PASSED] - callTestCase(findTestCase("AHI/_include/get_screenshot"), [:], STOP_ON_FAILURE): Call Test Case 'Test Cases/AHI/_include/get_screenshot' successfully

2020-03-10 03:16:30 - [TEST_CASE][PASSED] - Test Cases/AHI/_include/get_screenshot: Test Cases/AHI/_include/get_screenshot

2020-03-10 03:16:30 - [TEST_STEP][PASSED] - Thread.sleep(1000): null

2020-03-10 03:16:31 - [TEST_STEP][PASSED] - takeScreenshot(screenPath + i + ".png"): Taking screenshot successfully

2020-03-10 03:16:32 - [MESSAGE][PASSED] - Taking screenshot successfully
[[ATTACHMENT|D:\\Test\\AgileTest\\Reports\\AHI\\ahi\\20200310_030928\\../Screenshots/iPhone X/AHI/STM/20200310_031615/2.png]]

2020-03-10 03:16:32 - [TEST_STEP][PASSED] - (internal.GlobalVariable.i++): null

2020-03-10 03:16:32 - [MESSAGE][PASSED] - Call Test Case 'Test Cases/AHI/_include/get_screenshot' successfully]]></system-out>
         <system-err><![CDATA[]]></system-err>
      </testcase>
      <testcase name="Test Cases/AHI/NEW/Teladoc" classname="Test Cases/AHI/NEW/Teladoc" status="PASSED">
         <system-out><![CDATA[2020-03-10 03:16:32 - [TEST_CASE][PASSED] - Test Cases/AHI/NEW/Teladoc: Test Cases/AHI/NEW/Teladoc

2020-03-10 03:16:32 - [TEST_STEP][PASSED] - callTestCase(findTestCase("AHI/_include/get_screenPath"), ["productLine":"AHI", "carrierName":"Teladoc"], CONTINUE_ON_FAILURE): Call Test Case 'Test Cases/AHI/_include/get_screenPath' successfully

2020-03-10 03:16:32 - [TEST_CASE][PASSED] - Test Cases/AHI/_include/get_screenPath: Test Cases/AHI/_include/get_screenPath

2020-03-10 03:16:32 - [TEST_STEP][PASSED] - m = getExecutionProperties(): null

2020-03-10 03:16:32 - [TEST_STEP][PASSED] - deviceName = get("mobileEmulation").get("deviceName"): null

2020-03-10 03:16:32 - [TEST_STEP][PASSED] - println(deviceName): null

2020-03-10 03:16:32 - [TEST_STEP][PASSED] - now = new java.util.Date(): null

2020-03-10 03:16:32 - [TEST_STEP][PASSED] - mydate = now.format("yyyyMMdd_HHmmss"): null

2020-03-10 03:16:32 - [TEST_STEP][PASSED] - screenPath = "../Screenshots/": null

2020-03-10 03:16:32 - [TEST_STEP][PASSED] - screenPath = screenPath + deviceName + "/" + productLine + "/" + carrierName + "/" + mydate + "/": null

2020-03-10 03:16:32 - [TEST_STEP][PASSED] - println(screenPath): null

2020-03-10 03:16:32 - [MESSAGE][PASSED] - Call Test Case 'Test Cases/AHI/_include/get_screenPath' successfully

2020-03-10 03:16:32 - [TEST_STEP][PASSED] - i = 0: null

2020-03-10 03:16:32 - [TEST_STEP][PASSED] - callTestCase(findTestCase("AHI/_include/openWebSite"), [:], STOP_ON_FAILURE): Call Test Case 'Test Cases/AHI/_include/openWebSite' successfully

2020-03-10 03:16:32 - [TEST_CASE][PASSED] - Test Cases/AHI/_include/openWebSite: Test Cases/AHI/_include/openWebSite

2020-03-10 03:16:32 - [TEST_STEP][PASSED] - openBrowser(env): Browser is opened with url: 'https://praetemptatus.agilehealthinsurance.com'

2020-03-10 03:16:32 - [MESSAGE][WARNING] - A browser is already opened. Closing browser and opening a new one

2020-03-10 03:16:33 - [MESSAGE][INFO] - Starting 'Chrome' driver

2020-03-10 03:16:33 - [MESSAGE][INFO] - User set preference: ['mobileEmulation', '{deviceName=iPhone X}']

2020-03-10 03:16:33 - [MESSAGE][INFO] - User set preference: ['args', '[--incognito, --aggressive-cache-discard, --no-sandbox, --window-size=375,812, --ignore-certificate-errors]']

2020-03-10 03:16:35 - [MESSAGE][PASSED] - Browser is opened with url: 'https://praetemptatus.agilehealthinsurance.com'

2020-03-10 03:16:35 - [TEST_STEP][PASSED] - waitForPageLoad(20): Wait for page load successfully

2020-03-10 03:16:35 - [MESSAGE][PASSED] - Wait for page load successfully

2020-03-10 03:16:35 - [TEST_STEP][PASSED] - callTestCase(findTestCase("AHI/_include/get_screenshot"), [:], STOP_ON_FAILURE): Call Test Case 'Test Cases/AHI/_include/get_screenshot' successfully

2020-03-10 03:16:35 - [TEST_CASE][PASSED] - Test Cases/AHI/_include/get_screenshot: Test Cases/AHI/_include/get_screenshot

2020-03-10 03:16:35 - [TEST_STEP][PASSED] - Thread.sleep(1000): null

2020-03-10 03:16:36 - [TEST_STEP][PASSED] - takeScreenshot(screenPath + i + ".png"): Taking screenshot successfully

2020-03-10 03:16:38 - [MESSAGE][PASSED] - Taking screenshot successfully
[[ATTACHMENT|D:\\Test\\AgileTest\\Reports\\AHI\\ahi\\20200310_030928\\../Screenshots/iPhone X/AHI/Teladoc/20200310_031632/0.png]]

2020-03-10 03:16:38 - [TEST_STEP][PASSED] - (internal.GlobalVariable.i++): null

2020-03-10 03:16:38 - [MESSAGE][PASSED] - Call Test Case 'Test Cases/AHI/_include/get_screenshot' successfully

2020-03-10 03:16:38 - [MESSAGE][PASSED] - Call Test Case 'Test Cases/AHI/_include/openWebSite' successfully

2020-03-10 03:16:38 - [TEST_STEP][PASSED] - driver = getWebDriver(): null

2020-03-10 03:16:38 - [TEST_STEP][PASSED] - baseUrl = ENV: null

2020-03-10 03:16:38 - [TEST_STEP][PASSED] - selenium = new com.thoughtworks.selenium.webdriven.WebDriverBackedSelenium(driver, baseUrl): null

2020-03-10 03:16:38 - [TEST_STEP][PASSED] - selenium.click("//*[@class='filter-option-inner-inner']"): null

2020-03-10 03:16:38 - [TEST_STEP][PASSED] - selenium.click("id=bs-select-1-7"): null

2020-03-10 03:16:38 - [TEST_STEP][PASSED] - selenium.click("id=primaryCTA"): null

2020-03-10 03:16:40 - [TEST_STEP][PASSED] - waitForElementVisible(findTestObject("mobileSanity/Teladoc/front_door_h1"), 20): Object 'Object Repository/mobileSanity/Teladoc/front_door_h1' is visible

2020-03-10 03:16:41 - [MESSAGE][PASSED] - Object 'Object Repository/mobileSanity/Teladoc/front_door_h1' is visible

2020-03-10 03:16:41 - [TEST_STEP][PASSED] - callTestCase(findTestCase("AHI/_include/get_screenshot"), [:], STOP_ON_FAILURE): Call Test Case 'Test Cases/AHI/_include/get_screenshot' successfully

2020-03-10 03:16:41 - [TEST_CASE][PASSED] - Test Cases/AHI/_include/get_screenshot: Test Cases/AHI/_include/get_screenshot

2020-03-10 03:16:41 - [TEST_STEP][PASSED] - Thread.sleep(1000): null

2020-03-10 03:16:42 - [TEST_STEP][PASSED] - takeScreenshot(screenPath + i + ".png"): Taking screenshot successfully

2020-03-10 03:16:42 - [MESSAGE][PASSED] - Taking screenshot successfully
[[ATTACHMENT|D:\\Test\\AgileTest\\Reports\\AHI\\ahi\\20200310_030928\\../Screenshots/iPhone X/AHI/Teladoc/20200310_031632/1.png]]

2020-03-10 03:16:42 - [TEST_STEP][PASSED] - (internal.GlobalVariable.i++): null

2020-03-10 03:16:42 - [MESSAGE][PASSED] - Call Test Case 'Test Cases/AHI/_include/get_screenshot' successfully

2020-03-10 03:16:42 - [TEST_STEP][PASSED] - waitForElementVisible(findTestObject("mobileSanity/Teladoc/census/input_Location_zip-input"), 20): Object 'Object Repository/mobileSanity/Teladoc/census/input_Location_zip-input' is visible

2020-03-10 03:16:42 - [MESSAGE][PASSED] - Object 'Object Repository/mobileSanity/Teladoc/census/input_Location_zip-input' is visible

2020-03-10 03:16:42 - [TEST_STEP][PASSED] - sendKeys(findTestObject("mobileSanity/Teladoc/census/input_Location_zip-input"), "35215"): Keys '35215' sent to object: 'Object Repository/mobileSanity/Teladoc/census/input_Location_zip-input'

2020-03-10 03:16:42 - [MESSAGE][PASSED] - Keys '35215' sent to object: 'Object Repository/mobileSanity/Teladoc/census/input_Location_zip-input'

2020-03-10 03:16:42 - [TEST_STEP][PASSED] - Thread.sleep(500): null

2020-03-10 03:16:43 - [TEST_STEP][PASSED] - setText(findTestObject("mobileSanity/Teladoc/census/input_Date of Birth_dob-0"), "12121980"): Text '12121980' is set on object 'Object Repository/mobileSanity/Teladoc/census/input_Date of Birth_dob-0'

2020-03-10 03:16:43 - [MESSAGE][PASSED] - Text '12121980' is set on object 'Object Repository/mobileSanity/Teladoc/census/input_Date of Birth_dob-0'

2020-03-10 03:16:43 - [TEST_STEP][PASSED] - click(findTestObject("mobileSanity/Teladoc/census/label_Male")): Object: 'Object Repository/mobileSanity/Teladoc/census/label_Male' is clicked on

2020-03-10 03:16:43 - [MESSAGE][PASSED] - Object: 'Object Repository/mobileSanity/Teladoc/census/label_Male' is clicked on

2020-03-10 03:16:43 - [TEST_STEP][PASSED] - Thread.sleep(3000): null

2020-03-10 03:16:46 - [TEST_STEP][PASSED] - click(findTestObject("mobileSanity/Teladoc/census/get_a_quote")): Object: 'Object Repository/mobileSanity/Teladoc/census/get_a_quote' is clicked on

2020-03-10 03:16:47 - [MESSAGE][PASSED] - Object: 'Object Repository/mobileSanity/Teladoc/census/get_a_quote' is clicked on

2020-03-10 03:16:47 - [TEST_STEP][PASSED] - waitForElementVisible(findTestObject("mobileSanity/Teladoc/apply_button"), 20): Object 'Object Repository/mobileSanity/Teladoc/apply_button' is visible

2020-03-10 03:16:48 - [MESSAGE][PASSED] - Object 'Object Repository/mobileSanity/Teladoc/apply_button' is visible

2020-03-10 03:16:48 - [TEST_STEP][PASSED] - callTestCase(findTestCase("AHI/_include/get_screenshot"), [:], STOP_ON_FAILURE): Call Test Case 'Test Cases/AHI/_include/get_screenshot' successfully

2020-03-10 03:16:48 - [TEST_CASE][PASSED] - Test Cases/AHI/_include/get_screenshot: Test Cases/AHI/_include/get_screenshot

2020-03-10 03:16:48 - [TEST_STEP][PASSED] - Thread.sleep(1000): null

2020-03-10 03:16:49 - [TEST_STEP][PASSED] - takeScreenshot(screenPath + i + ".png"): Taking screenshot successfully

2020-03-10 03:16:49 - [MESSAGE][PASSED] - Taking screenshot successfully
[[ATTACHMENT|D:\\Test\\AgileTest\\Reports\\AHI\\ahi\\20200310_030928\\../Screenshots/iPhone X/AHI/Teladoc/20200310_031632/2.png]]

2020-03-10 03:16:49 - [TEST_STEP][PASSED] - (internal.GlobalVariable.i++): null

2020-03-10 03:16:49 - [MESSAGE][PASSED] - Call Test Case 'Test Cases/AHI/_include/get_screenshot' successfully

2020-03-10 03:16:49 - [TEST_STEP][PASSED] - click(findTestObject("mobileSanity/Teladoc/apply_button")): Object: 'Object Repository/mobileSanity/Teladoc/apply_button' is clicked on

2020-03-10 03:16:50 - [MESSAGE][PASSED] - Object: 'Object Repository/mobileSanity/Teladoc/apply_button' is clicked on

2020-03-10 03:16:50 - [TEST_STEP][PASSED] - waitForPageLoad(20): Wait for page load successfully

2020-03-10 03:16:50 - [MESSAGE][PASSED] - Wait for page load successfully

2020-03-10 03:16:50 - [TEST_STEP][PASSED] - waitForElementPresent(findTestObject("mobileSanity/Teladoc/Page_App Page 1/input__member-P-1-firstName"), 20): Object 'Object Repository/mobileSanity/Teladoc/Page_App Page 1/input__member-P-1-firstName' is present

2020-03-10 03:16:51 - [MESSAGE][PASSED] - Object 'Object Repository/mobileSanity/Teladoc/Page_App Page 1/input__member-P-1-firstName' is present

2020-03-10 03:16:51 - [TEST_STEP][PASSED] - callTestCase(findTestCase("AHI/_include/get_screenshot"), [:], STOP_ON_FAILURE): Call Test Case 'Test Cases/AHI/_include/get_screenshot' successfully

2020-03-10 03:16:51 - [TEST_CASE][PASSED] - Test Cases/AHI/_include/get_screenshot: Test Cases/AHI/_include/get_screenshot

2020-03-10 03:16:51 - [TEST_STEP][PASSED] - Thread.sleep(1000): null

2020-03-10 03:16:52 - [TEST_STEP][PASSED] - takeScreenshot(screenPath + i + ".png"): Taking screenshot successfully

2020-03-10 03:16:53 - [MESSAGE][PASSED] - Taking screenshot successfully
[[ATTACHMENT|D:\\Test\\AgileTest\\Reports\\AHI\\ahi\\20200310_030928\\../Screenshots/iPhone X/AHI/Teladoc/20200310_031632/3.png]]

2020-03-10 03:16:53 - [TEST_STEP][PASSED] - (internal.GlobalVariable.i++): null

2020-03-10 03:16:53 - [MESSAGE][PASSED] - Call Test Case 'Test Cases/AHI/_include/get_screenshot' successfully

2020-03-10 03:16:53 - [TEST_STEP][PASSED] - callTestCase(findTestCase("AHI/_include/name"), [:], STOP_ON_FAILURE): Call Test Case 'Test Cases/AHI/_include/name' successfully

2020-03-10 03:16:53 - [TEST_CASE][PASSED] - Test Cases/AHI/_include/name: Test Cases/AHI/_include/name

2020-03-10 03:16:53 - [TEST_STEP][PASSED] - driver = getWebDriver(): null

2020-03-10 03:16:53 - [TEST_STEP][PASSED] - selenium = new com.thoughtworks.selenium.webdriven.WebDriverBackedSelenium(driver, internal.GlobalVariable.ENV): null

2020-03-10 03:16:53 - [TEST_STEP][PASSED] - FirstName = "Test-123": null

2020-03-10 03:16:53 - [TEST_STEP][PASSED] - LastName = selenium.getEval("{var x="ABCDEFGHIJKLMNOPQRSTUVWXYZabcdefghijklmnopqrstuvwxyz"; var tmp="ZZ11-"; for (i=0;i<8;i++) tmp+=x.charAt(Math.ceil(51*Math.random()));tmp;}"): null

2020-03-10 03:16:53 - [TEST_STEP][PASSED] - Address = selenium.getEval("{var x="ABCDEFGHIJKLMNOPQRSTUVWXYZabcdefghijklmnopqrstuvwxyz"; var tmp=""; for (i=0;i<8;i++) tmp+=x.charAt(Math.ceil(51*Math.random()));tmp;}"): null

2020-03-10 03:16:53 - [TEST_STEP][PASSED] - City = selenium.getEval("{var x="ABCDEFGHIJKLMNOPQRSTUVWXYZabcdefghijklmnopqrstuvwxyz"; var tmp=""; for (i=0;i<8;i++) tmp+=x.charAt(Math.ceil(51*Math.random()));tmp;}"): null

2020-03-10 03:16:53 - [TEST_STEP][PASSED] - tel1 = selenium.getEval("{var x="123456789"; var tmp=""; for (i=0;i<3;i++) tmp+=x.charAt(Math.ceil(8*Math.random()));tmp;}"): null

2020-03-10 03:16:53 - [TEST_STEP][PASSED] - tel2 = selenium.getEval("{var x="123456789"; var tmp=""; for (i=0;i<3;i++) tmp+=x.charAt(Math.ceil(8*Math.random()));tmp;}"): null

2020-03-10 03:16:53 - [TEST_STEP][PASSED] - tel3 = selenium.getEval("{var x="123456789"; var tmp=""; for (i=0;i<4;i++) tmp+=x.charAt(Math.ceil(8*Math.random()));tmp;}"): null

2020-03-10 03:16:53 - [TEST_STEP][PASSED] - Tel = selenium.getExpression(tel1 + "-" + tel2 + "-" + tel3): null

2020-03-10 03:16:53 - [TEST_STEP][PASSED] - AutoEmail = selenium.getEval("{var x="ABCDEFGHIJKLMNOPQRSTUVWXYZabcdefghijklmnopqrstuvwxyz"; var tmp="test."; for (i=0;i<8;i++) tmp+=x.charAt(Math.ceil(51*Math.random()));tmp+="@suryani.cn";}"): null

2020-03-10 03:16:53 - [TEST_STEP][PASSED] - FirstName = FirstName: null

2020-03-10 03:16:53 - [TEST_STEP][PASSED] - LastName = LastName: null

2020-03-10 03:16:53 - [TEST_STEP][PASSED] - Address = Address: null

2020-03-10 03:16:53 - [TEST_STEP][PASSED] - City = City: null

2020-03-10 03:16:53 - [TEST_STEP][PASSED] - Tel = Tel: null

2020-03-10 03:16:53 - [TEST_STEP][PASSED] - AutoEmail = AutoEmail: null

2020-03-10 03:16:53 - [TEST_STEP][PASSED] - println(FirstName): null

2020-03-10 03:16:53 - [TEST_STEP][PASSED] - println(LastName): null

2020-03-10 03:16:53 - [TEST_STEP][PASSED] - println(Address): null

2020-03-10 03:16:53 - [TEST_STEP][PASSED] - println(City): null

2020-03-10 03:16:53 - [TEST_STEP][PASSED] - println(Tel): null

2020-03-10 03:16:53 - [TEST_STEP][PASSED] - println(AutoEmail): null

2020-03-10 03:16:53 - [MESSAGE][PASSED] - Call Test Case 'Test Cases/AHI/_include/name' successfully

2020-03-10 03:16:53 - [TEST_STEP][PASSED] - setText(findTestObject("mobileSanity/Teladoc/Page_App Page 1/input__member-P-1-firstName"), FirstName): Text 'Test-123' is set on object 'Object Repository/mobileSanity/Teladoc/Page_App Page 1/input__member-P-1-firstName'

2020-03-10 03:16:54 - [MESSAGE][PASSED] - Text 'Test-123' is set on object 'Object Repository/mobileSanity/Teladoc/Page_App Page 1/input__member-P-1-firstName'

2020-03-10 03:16:54 - [TEST_STEP][PASSED] - setText(findTestObject("mobileSanity/Teladoc/Page_App Page 1/input__member-P-1-lastName"), LastName): Text 'ZZ11-dVQupajk' is set on object 'Object Repository/mobileSanity/Teladoc/Page_App Page 1/input__member-P-1-lastName'

2020-03-10 03:16:54 - [MESSAGE][PASSED] - Text 'ZZ11-dVQupajk' is set on object 'Object Repository/mobileSanity/Teladoc/Page_App Page 1/input__member-P-1-lastName'

2020-03-10 03:16:54 - [TEST_STEP][PASSED] - selectOptionByValue(findTestObject("mobileSanity/Teladoc/Page_App Page 1/select_01020304050607"), "05", true): All options with value '05' are selected in object 'Object Repository/mobileSanity/Teladoc/Page_App Page 1/select_01020304050607'  using regular expression

2020-03-10 03:16:54 - [MESSAGE][PASSED] - All options with value '05' are selected in object 'Object Repository/mobileSanity/Teladoc/Page_App Page 1/select_01020304050607'  using regular expression

2020-03-10 03:16:54 - [TEST_STEP][PASSED] - selectOptionByValue(findTestObject("mobileSanity/Teladoc/Page_App Page 1/select_00102030405060708091011"), "06", true): All options with value '06' are selected in object 'Object Repository/mobileSanity/Teladoc/Page_App Page 1/select_00102030405060708091011'  using regular expression

2020-03-10 03:16:55 - [MESSAGE][PASSED] - All options with value '06' are selected in object 'Object Repository/mobileSanity/Teladoc/Page_App Page 1/select_00102030405060708091011'  using regular expression

2020-03-10 03:16:55 - [TEST_STEP][PASSED] - setText(findTestObject("mobileSanity/Teladoc/Page_App Page 1/input_lbs"), "180"): Text '180' is set on object 'Object Repository/mobileSanity/Teladoc/Page_App Page 1/input_lbs'

2020-03-10 03:16:55 - [MESSAGE][PASSED] - Text '180' is set on object 'Object Repository/mobileSanity/Teladoc/Page_App Page 1/input_lbs'

2020-03-10 03:16:55 - [TEST_STEP][PASSED] - setText(findTestObject("mobileSanity/Teladoc/Page_App Page 1/input__address"), Address): Text 'FwoLWUMk' is set on object 'Object Repository/mobileSanity/Teladoc/Page_App Page 1/input__address'

2020-03-10 03:16:55 - [MESSAGE][PASSED] - Text 'FwoLWUMk' is set on object 'Object Repository/mobileSanity/Teladoc/Page_App Page 1/input__address'

2020-03-10 03:16:55 - [TEST_STEP][PASSED] - setText(findTestObject("mobileSanity/Teladoc/Page_App Page 1/input__city"), City): Text 'PDkmSREp' is set on object 'Object Repository/mobileSanity/Teladoc/Page_App Page 1/input__city'

2020-03-10 03:16:55 - [MESSAGE][PASSED] - Text 'PDkmSREp' is set on object 'Object Repository/mobileSanity/Teladoc/Page_App Page 1/input__city'

2020-03-10 03:16:55 - [TEST_STEP][PASSED] - setText(findTestObject("mobileSanity/Teladoc/Page_App Page 1/input__email"), AutoEmail): Text 'test.kdPtJmNy@suryani.cn' is set on object 'Object Repository/mobileSanity/Teladoc/Page_App Page 1/input__email'

2020-03-10 03:16:56 - [MESSAGE][PASSED] - Text 'test.kdPtJmNy@suryani.cn' is set on object 'Object Repository/mobileSanity/Teladoc/Page_App Page 1/input__email'

2020-03-10 03:16:56 - [TEST_STEP][PASSED] - setText(findTestObject("mobileSanity/Teladoc/Page_App Page 1/input_phone number"), Tel): Text '649-653-8448' is set on object 'Object Repository/mobileSanity/Teladoc/Page_App Page 1/input_phone number'

2020-03-10 03:16:56 - [MESSAGE][PASSED] - Text '649-653-8448' is set on object 'Object Repository/mobileSanity/Teladoc/Page_App Page 1/input_phone number'

2020-03-10 03:16:56 - [TEST_STEP][PASSED] - Thread.sleep(5000): null

2020-03-10 03:17:01 - [TEST_STEP][PASSED] - click(findTestObject("mobileSanity/Teladoc/Page_App Page 1/a_Continue to Step 2 - Payment")): Object: 'Object Repository/mobileSanity/Teladoc/Page_App Page 1/a_Continue to Step 2 - Payment' is clicked on

2020-03-10 03:17:01 - [MESSAGE][PASSED] - Object: 'Object Repository/mobileSanity/Teladoc/Page_App Page 1/a_Continue to Step 2 - Payment' is clicked on

2020-03-10 03:17:01 - [TEST_STEP][PASSED] - waitForPageLoad(20): Wait for page load successfully

2020-03-10 03:17:01 - [MESSAGE][PASSED] - Wait for page load successfully

2020-03-10 03:17:01 - [TEST_STEP][PASSED] - waitForElementVisible(findTestObject("mobileSanity/Teladoc/Page_App Page 2/input__credit-card-first"), 20): Object 'Object Repository/mobileSanity/Teladoc/Page_App Page 2/input__credit-card-first' is visible

2020-03-10 03:17:02 - [MESSAGE][PASSED] - Object 'Object Repository/mobileSanity/Teladoc/Page_App Page 2/input__credit-card-first' is visible

2020-03-10 03:17:02 - [TEST_STEP][PASSED] - callTestCase(findTestCase("AHI/_include/get_screenshot"), [:], STOP_ON_FAILURE): Call Test Case 'Test Cases/AHI/_include/get_screenshot' successfully

2020-03-10 03:17:02 - [TEST_CASE][PASSED] - Test Cases/AHI/_include/get_screenshot: Test Cases/AHI/_include/get_screenshot

2020-03-10 03:17:02 - [TEST_STEP][PASSED] - Thread.sleep(1000): null

2020-03-10 03:17:03 - [TEST_STEP][PASSED] - takeScreenshot(screenPath + i + ".png"): Taking screenshot successfully

2020-03-10 03:17:04 - [MESSAGE][PASSED] - Taking screenshot successfully
[[ATTACHMENT|D:\\Test\\AgileTest\\Reports\\AHI\\ahi\\20200310_030928\\../Screenshots/iPhone X/AHI/Teladoc/20200310_031632/4.png]]

2020-03-10 03:17:04 - [TEST_STEP][PASSED] - (internal.GlobalVariable.i++): null

2020-03-10 03:17:04 - [MESSAGE][PASSED] - Call Test Case 'Test Cases/AHI/_include/get_screenshot' successfully

2020-03-10 03:17:04 - [TEST_STEP][PASSED] - setText(findTestObject("mobileSanity/Teladoc/Page_App Page 2/input__credit-card-first"), FirstName): Text 'Test-123' is set on object 'Object Repository/mobileSanity/Teladoc/Page_App Page 2/input__credit-card-first'

2020-03-10 03:17:04 - [MESSAGE][PASSED] - Text 'Test-123' is set on object 'Object Repository/mobileSanity/Teladoc/Page_App Page 2/input__credit-card-first'

2020-03-10 03:17:04 - [TEST_STEP][PASSED] - setText(findTestObject("mobileSanity/Teladoc/Page_App Page 2/input__credit-card-last"), LastName): Text 'ZZ11-dVQupajk' is set on object 'Object Repository/mobileSanity/Teladoc/Page_App Page 2/input__credit-card-last'

2020-03-10 03:17:04 - [MESSAGE][PASSED] - Text 'ZZ11-dVQupajk' is set on object 'Object Repository/mobileSanity/Teladoc/Page_App Page 2/input__credit-card-last'

2020-03-10 03:17:04 - [TEST_STEP][PASSED] - selectOptionByValue(findTestObject("mobileSanity/Teladoc/Page_App Page 2/select_MM010203040506070809101"), "12", true): All options with value '12' are selected in object 'Object Repository/mobileSanity/Teladoc/Page_App Page 2/select_MM010203040506070809101'  using regular expression

2020-03-10 03:17:05 - [MESSAGE][PASSED] - All options with value '12' are selected in object 'Object Repository/mobileSanity/Teladoc/Page_App Page 2/select_MM010203040506070809101'  using regular expression

2020-03-10 03:17:05 - [TEST_STEP][PASSED] - selectOptionByValue(findTestObject("mobileSanity/Teladoc/Page_App Page 2/select_YYYY2019202020212022202"), "2026", true): All options with value '2026' are selected in object 'Object Repository/mobileSanity/Teladoc/Page_App Page 2/select_YYYY2019202020212022202'  using regular expression

2020-03-10 03:17:05 - [MESSAGE][PASSED] - All options with value '2026' are selected in object 'Object Repository/mobileSanity/Teladoc/Page_App Page 2/select_YYYY2019202020212022202'  using regular expression

2020-03-10 03:17:05 - [TEST_STEP][PASSED] - setText(findTestObject("mobileSanity/Teladoc/Page_App Page 2/input__credit-card-number"), "4111111111111111"): Text '4111111111111111' is set on object 'Object Repository/mobileSanity/Teladoc/Page_App Page 2/input__credit-card-number'

2020-03-10 03:17:06 - [MESSAGE][PASSED] - Text '4111111111111111' is set on object 'Object Repository/mobileSanity/Teladoc/Page_App Page 2/input__credit-card-number'

2020-03-10 03:17:06 - [TEST_STEP][PASSED] - setText(findTestObject("mobileSanity/Teladoc/Page_App Page 2/input__credit-card-cvv"), "122"): Text '122' is set on object 'Object Repository/mobileSanity/Teladoc/Page_App Page 2/input__credit-card-cvv'

2020-03-10 03:17:06 - [MESSAGE][PASSED] - Text '122' is set on object 'Object Repository/mobileSanity/Teladoc/Page_App Page 2/input__credit-card-cvv'

2020-03-10 03:17:06 - [TEST_STEP][PASSED] - click(findTestObject("mobileSanity/Teladoc/Page_App Page 2/label_My billing address is th")): Object: 'Object Repository/mobileSanity/Teladoc/Page_App Page 2/label_My billing address is th' is clicked on

2020-03-10 03:17:06 - [MESSAGE][PASSED] - Object: 'Object Repository/mobileSanity/Teladoc/Page_App Page 2/label_My billing address is th' is clicked on

2020-03-10 03:17:06 - [TEST_STEP][PASSED] - click(findTestObject("mobileSanity/Teladoc/Page_App Page 2/label_I Accept Authorization f")): Object: 'Object Repository/mobileSanity/Teladoc/Page_App Page 2/label_I Accept Authorization f' is clicked on

2020-03-10 03:17:06 - [MESSAGE][PASSED] - Object: 'Object Repository/mobileSanity/Teladoc/Page_App Page 2/label_I Accept Authorization f' is clicked on

2020-03-10 03:17:06 - [TEST_STEP][PASSED] - click(findTestObject("mobileSanity/Teladoc/Page_App Page 2/a_Continue to Step 3 - Review")): Object: 'Object Repository/mobileSanity/Teladoc/Page_App Page 2/a_Continue to Step 3 - Review' is clicked on

2020-03-10 03:17:06 - [MESSAGE][PASSED] - Object: 'Object Repository/mobileSanity/Teladoc/Page_App Page 2/a_Continue to Step 3 - Review' is clicked on

2020-03-10 03:17:06 - [TEST_STEP][PASSED] - waitForPageLoad(20): Wait for page load successfully

2020-03-10 03:17:07 - [MESSAGE][PASSED] - Wait for page load successfully

2020-03-10 03:17:07 - [TEST_STEP][PASSED] - waitForElementPresent(findTestObject("mobileSanity/Teladoc/Page_App Page 3/label"), 20): Object 'Object Repository/mobileSanity/Teladoc/Page_App Page 3/label' is present

2020-03-10 03:17:17 - [MESSAGE][PASSED] - Object 'Object Repository/mobileSanity/Teladoc/Page_App Page 3/label' is present

2020-03-10 03:17:17 - [TEST_STEP][PASSED] - Thread.sleep(5000): null

2020-03-10 03:17:22 - [TEST_STEP][PASSED] - callTestCase(findTestCase("AHI/_include/get_screenshot"), [:], STOP_ON_FAILURE): Call Test Case 'Test Cases/AHI/_include/get_screenshot' successfully

2020-03-10 03:17:22 - [TEST_CASE][PASSED] - Test Cases/AHI/_include/get_screenshot: Test Cases/AHI/_include/get_screenshot

2020-03-10 03:17:22 - [TEST_STEP][PASSED] - Thread.sleep(1000): null

2020-03-10 03:17:23 - [TEST_STEP][PASSED] - takeScreenshot(screenPath + i + ".png"): Taking screenshot successfully

2020-03-10 03:17:24 - [MESSAGE][PASSED] - Taking screenshot successfully
[[ATTACHMENT|D:\\Test\\AgileTest\\Reports\\AHI\\ahi\\20200310_030928\\../Screenshots/iPhone X/AHI/Teladoc/20200310_031632/5.png]]

2020-03-10 03:17:24 - [TEST_STEP][PASSED] - (internal.GlobalVariable.i++): null

2020-03-10 03:17:24 - [MESSAGE][PASSED] - Call Test Case 'Test Cases/AHI/_include/get_screenshot' successfully

2020-03-10 03:17:24 - [TEST_STEP][PASSED] - scrollToElement(findTestObject("mobileSanity/Teladoc/Page_App Page 3/label"), 10): Scroll to object 'Object Repository/mobileSanity/Teladoc/Page_App Page 3/label' successfully

2020-03-10 03:17:24 - [MESSAGE][PASSED] - Scroll to object 'Object Repository/mobileSanity/Teladoc/Page_App Page 3/label' successfully

2020-03-10 03:17:24 - [TEST_STEP][PASSED] - waitForElementClickable(findTestObject("mobileSanity/Teladoc/Page_App Page 3/label"), 10): Object 'Object Repository/mobileSanity/Teladoc/Page_App Page 3/label' is clickable

2020-03-10 03:17:24 - [MESSAGE][PASSED] - Object 'Object Repository/mobileSanity/Teladoc/Page_App Page 3/label' is clickable

2020-03-10 03:17:24 - [TEST_STEP][PASSED] - click(findTestObject("mobileSanity/Teladoc/Page_App Page 3/label")): Object: 'Object Repository/mobileSanity/Teladoc/Page_App Page 3/label' is clicked on

2020-03-10 03:17:24 - [MESSAGE][PASSED] - Object: 'Object Repository/mobileSanity/Teladoc/Page_App Page 3/label' is clicked on

2020-03-10 03:17:24 - [TEST_STEP][PASSED] - click(findTestObject("mobileSanity/Teladoc/Page_App Page 3/p_")): Object: 'Object Repository/mobileSanity/Teladoc/Page_App Page 3/p_' is clicked on

2020-03-10 03:17:24 - [MESSAGE][PASSED] - Object: 'Object Repository/mobileSanity/Teladoc/Page_App Page 3/p_' is clicked on

2020-03-10 03:17:24 - [TEST_STEP][PASSED] - click(findTestObject("mobileSanity/Teladoc/Page_App Page 3/a_Submit Your Application")): Object: 'Object Repository/mobileSanity/Teladoc/Page_App Page 3/a_Submit Your Application' is clicked on

2020-03-10 03:17:25 - [MESSAGE][PASSED] - Object: 'Object Repository/mobileSanity/Teladoc/Page_App Page 3/a_Submit Your Application' is clicked on

2020-03-10 03:17:25 - [TEST_STEP][PASSED] - Thread.sleep(50000): null

2020-03-10 03:18:15 - [TEST_STEP][PASSED] - callTestCase(findTestCase("AHI/_include/get_screenshot"), [:], STOP_ON_FAILURE): Call Test Case 'Test Cases/AHI/_include/get_screenshot' successfully

2020-03-10 03:18:15 - [TEST_CASE][PASSED] - Test Cases/AHI/_include/get_screenshot: Test Cases/AHI/_include/get_screenshot

2020-03-10 03:18:15 - [TEST_STEP][PASSED] - Thread.sleep(1000): null

2020-03-10 03:18:16 - [TEST_STEP][PASSED] - takeScreenshot(screenPath + i + ".png"): Taking screenshot successfully

2020-03-10 03:18:16 - [MESSAGE][PASSED] - Taking screenshot successfully
[[ATTACHMENT|D:\\Test\\AgileTest\\Reports\\AHI\\ahi\\20200310_030928\\../Screenshots/iPhone X/AHI/Teladoc/20200310_031632/6.png]]

2020-03-10 03:18:16 - [TEST_STEP][PASSED] - (internal.GlobalVariable.i++): null

2020-03-10 03:18:16 - [MESSAGE][PASSED] - Call Test Case 'Test Cases/AHI/_include/get_screenshot' successfully

2020-03-10 03:18:16 - [TEST_STEP][PASSED] - verifyTextPresent("Congratulations", false): Text 'Congratulations' is present on page 

2020-03-10 03:18:16 - [MESSAGE][PASSED] - Text 'Congratulations' is present on page]]></system-out>
         <system-err><![CDATA[]]></system-err>
      </testcase>
      <system-out><![CDATA[2020-03-10 03:09:32 - [TEST_SUITE][PASSED] - ahi: Test Cases/AHI/NEW/Teladoc]]></system-out>
      <system-err><![CDATA[]]></system-err>
   </testsuite>
</testsuites>
