<?xml version="1.0" encoding="UTF-8"?>
<testsuites name="life" time="1" tests="1" failures="0" errors="0">
   <testsuite name="life" tests="1" failures="0" errors="0" time="1" timestamp="2019-12-10 08:00:56" hostname="Administrator - 172.30.0.53" id="Test Suites/Life/life">
      <properties>
         <property name="deviceName" value=""/>
         <property name="devicePlatform" value=""/>
         <property name="logFolder" value="D:\\Test\\AgileTest\\Reports\\Life\\life\\20191210_080032"/>
         <property name="logFiles" value="D:\\Test\\AgileTest\\Reports\\Life\\life\\20191210_080032\\execution0.log"/>
         <property name="attachments" value=""/>
         <property name="hostName" value="Administrator - 172.30.0.53"/>
         <property name="hostAddress" value="172.30.0.53"/>
         <property name="os" value="Windows Server 2012 R2 64bit"/>
         <property name="katalonVersion" value="5.10.1.1"/>
      </properties>
      <testcase name="Test Cases/Life/Freedom Lite" classname="Test Cases/Life/Freedom Lite" status="PASSED">
         <system-out><![CDATA[2019-12-10 08:00:57 - [TEST_CASE][PASSED] - Test Cases/Life/Freedom Lite: null]]></system-out>
         <system-err><![CDATA[]]></system-err>
      </testcase>
      <system-out><![CDATA[2019-12-10 08:00:56 - [TEST_SUITE][INCOMPLETE] - life: null]]></system-out>
      <system-err><![CDATA[2019-12-10 08:00:56 - [TEST_SUITE][INCOMPLETE] - life: null]]></system-err>
   </testsuite>
</testsuites>
